<?xml version="1.0" encoding="UTF-8"?>
<testsuite name="uk.ac.ebi.eva.accession.core.SubmittedVariantAccessioningServiceTest" time="0.223" tests="1" errors="1" skipped="0" failures="0">
  <properties>
    <property name="java.runtime.name" value="OpenJDK Runtime Environment"/>
    <property name="sun.boot.library.path" value="/usr/lib/jvm/java-8-openjdk-amd64/jre/lib/amd64"/>
    <property name="java.vm.version" value="25.121-b13"/>
    <property name="java.vm.vendor" value="Oracle Corporation"/>
    <property name="maven.multiModuleProjectDirectory" value="/root/workspace/cyenyxe/eva-accession/390124946"/>
    <property name="java.vendor.url" value="http://java.oracle.com/"/>
    <property name="path.separator" value=":"/>
    <property name="guice.disable.misplaced.annotation.check" value="true"/>
    <property name="skip.gulp" value="true"/>
    <property name="java.vm.name" value="OpenJDK 64-Bit Server VM"/>
    <property name="file.encoding.pkg" value="sun.io"/>
    <property name="sun.java.launcher" value="SUN_STANDARD"/>
    <property name="sun.os.patch.level" value="unknown"/>
    <property name="findbugs.skip" value="true"/>
    <property name="java.vm.specification.name" value="Java Virtual Machine Specification"/>
    <property name="user.dir" value="/root/workspace/cyenyxe/eva-accession/390124946"/>
    <property name="checkstyle.skip" value="true"/>
    <property name="java.runtime.version" value="1.8.0_121-8u121-b13-1~bpo8+1-b13"/>
    <property name="java.awt.graphicsenv" value="sun.awt.X11GraphicsEnvironment"/>
    <property name="skip.npm" value="true"/>
    <property name="java.endorsed.dirs" value="/usr/lib/jvm/java-8-openjdk-amd64/jre/lib/endorsed"/>
    <property name="os.arch" value="amd64"/>
    <property name="java.io.tmpdir" value="/tmp"/>
    <property name="gpg.skip" value="true"/>
    <property name="line.separator" value="&#10;"/>
    <property name="java.vm.specification.vendor" value="Oracle Corporation"/>
    <property name="cobertura.skip" value="true"/>
    <property name="os.name" value="Linux"/>
    <property name="classworlds.conf" value="/usr/share/maven/bin/m2.conf"/>
    <property name="sun.jnu.encoding" value="UTF-8"/>
    <property name="java.library.path" value="/usr/java/packages/lib/amd64:/usr/lib/x86_64-linux-gnu/jni:/lib/x86_64-linux-gnu:/usr/lib/x86_64-linux-gnu:/usr/lib/jni:/lib:/usr/lib"/>
    <property name="license.skip" value="true"/>
    <property name="java.specification.name" value="Java Platform API Specification"/>
    <property name="java.class.version" value="52.0"/>
    <property name="sun.management.compiler" value="HotSpot 64-Bit Tiered Compilers"/>
    <property name="skip.bower" value="true"/>
    <property name="maven.repo.local" value="/root/./workspace/cyenyxe/eva-accession/390124946/.m2"/>
    <property name="os.version" value="3.10.0-862.3.2.el7.x86_64"/>
    <property name="user.home" value="/root"/>
    <property name="user.timezone" value="Europe/Paris"/>
    <property name="java.awt.printerjob" value="sun.print.PSPrinterJob"/>
    <property name="java.specification.version" value="1.8"/>
    <property name="file.encoding" value="UTF-8"/>
    <property name="user.name" value="root"/>
    <property name="java.class.path" value="/usr/share/maven/boot/plexus-classworlds-2.5.2.jar"/>
    <property name="skipITs" value="true"/>
    <property name="java.vm.specification.version" value="1.8"/>
    <property name="sun.arch.data.model" value="64"/>
    <property name="java.home" value="/usr/lib/jvm/java-8-openjdk-amd64/jre"/>
    <property name="sun.java.command" value="org.codehaus.plexus.classworlds.launcher.Launcher -B -D enforcer.skip=true -D dependency-check.skip=true -D skipITs=true -D cobertura.skip=true -D maven.repo.local=/root/./workspace/cyenyxe/eva-accession/390124946/.m2 -D rat.skip=true -D findbugs.skip=true -D skip.bower=true -D gpg.skip=true -D checkstyle.skip=true -D skip.gulp=true -D license.skip=true -D skip.npm=true test"/>
    <property name="java.specification.vendor" value="Oracle Corporation"/>
    <property name="user.language" value="en"/>
    <property name="awt.toolkit" value="sun.awt.X11.XToolkit"/>
    <property name="dependency-check.skip" value="true"/>
    <property name="java.vm.info" value="mixed mode"/>
    <property name="java.version" value="1.8.0_121"/>
    <property name="java.ext.dirs" value="/usr/lib/jvm/java-8-openjdk-amd64/jre/lib/ext:/usr/java/packages/lib/ext"/>
    <property name="securerandom.source" value="file:/dev/./urandom"/>
    <property name="sun.boot.class.path" value="/usr/lib/jvm/java-8-openjdk-amd64/jre/lib/resources.jar:/usr/lib/jvm/java-8-openjdk-amd64/jre/lib/rt.jar:/usr/lib/jvm/java-8-openjdk-amd64/jre/lib/sunrsasign.jar:/usr/lib/jvm/java-8-openjdk-amd64/jre/lib/jsse.jar:/usr/lib/jvm/java-8-openjdk-amd64/jre/lib/jce.jar:/usr/lib/jvm/java-8-openjdk-amd64/jre/lib/charsets.jar:/usr/lib/jvm/java-8-openjdk-amd64/jre/lib/jfr.jar:/usr/lib/jvm/java-8-openjdk-amd64/jre/classes"/>
    <property name="java.vendor" value="Oracle Corporation"/>
    <property name="enforcer.skip" value="true"/>
    <property name="rat.skip" value="true"/>
    <property name="maven.home" value="/usr/share/maven"/>
    <property name="file.separator" value="/"/>
    <property name="java.vendor.url.bug" value="http://bugreport.sun.com/bugreport/"/>
    <property name="sun.cpu.endian" value="little"/>
    <property name="sun.io.unicode.encoding" value="UnicodeLittle"/>
    <property name="sun.cpu.isalist" value=""/>
  </properties>
  <testcase name="sameAccessionsAreReturnedForIdenticalVariants" classname="uk.ac.ebi.eva.accession.core.SubmittedVariantAccessioningServiceTest" time="0.223">
    <error type="com.mongodb.InsertManyWriteConcernException:"><![CDATA[com.mongodb.InsertManyWriteConcernException: null
	at com.mongodb.FongoBulkWriteCombiner.throwOnError(FongoBulkWriteCombiner.java:76)
	at com.mongodb.FongoDBCollection.executeBulkWriteOperation(FongoDBCollection.java:1218)
	at com.mongodb.DBCollection.executeBulkWriteOperation(DBCollection.java:2302)
	at com.mongodb.BulkWriteOperation.execute(BulkWriteOperation.java:121)
	at org.springframework.data.mongodb.core.DefaultBulkOperations.execute(DefaultBulkOperations.java:278)
	at uk.ac.ebi.ampt2d.commons.accession.persistence.mongodb.repository.BasicMongoDbAccessionedCustomRepositoryImpl.insert(BasicMongoDbAccessionedCustomRepositoryImpl.java:59)
	at sun.reflect.NativeMethodAccessorImpl.invoke0(Native Method)
	at sun.reflect.NativeMethodAccessorImpl.invoke(NativeMethodAccessorImpl.java:62)
	at sun.reflect.DelegatingMethodAccessorImpl.invoke(DelegatingMethodAccessorImpl.java:43)
	at java.lang.reflect.Method.invoke(Method.java:498)
	at org.springframework.data.repository.core.support.RepositoryFactorySupport$QueryExecutorMethodInterceptor.executeMethodOn(RepositoryFactorySupport.java:513)
	at org.springframework.data.repository.core.support.RepositoryFactorySupport$QueryExecutorMethodInterceptor.doInvoke(RepositoryFactorySupport.java:488)
	at org.springframework.data.repository.core.support.RepositoryFactorySupport$QueryExecutorMethodInterceptor.invoke(RepositoryFactorySupport.java:475)
	at org.springframework.aop.framework.ReflectiveMethodInvocation.proceed(ReflectiveMethodInvocation.java:179)
	at org.springframework.data.projection.DefaultMethodInvokingMethodInterceptor.invoke(DefaultMethodInvokingMethodInterceptor.java:56)
	at org.springframework.aop.framework.ReflectiveMethodInvocation.proceed(ReflectiveMethodInvocation.java:179)
	at org.springframework.aop.interceptor.ExposeInvocationInterceptor.invoke(ExposeInvocationInterceptor.java:92)
	at org.springframework.aop.framework.ReflectiveMethodInvocation.proceed(ReflectiveMethodInvocation.java:179)
	at org.springframework.data.repository.core.support.SurroundingTransactionDetectorMethodInterceptor.invoke(SurroundingTransactionDetectorMethodInterceptor.java:57)
	at org.springframework.aop.framework.ReflectiveMethodInvocation.proceed(ReflectiveMethodInvocation.java:179)
	at org.springframework.aop.framework.JdkDynamicAopProxy.invoke(JdkDynamicAopProxy.java:213)
	at com.sun.proxy.$Proxy95.insert(Unknown Source)
	at uk.ac.ebi.ampt2d.commons.accession.persistence.BasicSpringDataRepositoryDatabaseService.save(BasicSpringDataRepositoryDatabaseService.java:158)
	at uk.ac.ebi.ampt2d.commons.accession.persistence.BasicSpringDataRepositoryDatabaseService$$FastClassBySpringCGLIB$$3841aaa0.invoke(<generated>)
	at org.springframework.cglib.proxy.MethodProxy.invoke(MethodProxy.java:204)
	at org.springframework.aop.framework.CglibAopProxy$DynamicAdvisedInterceptor.intercept(CglibAopProxy.java:669)
	at uk.ac.ebi.eva.accession.core.persistence.SubmittedVariantAccessioningDatabaseService$$EnhancerBySpringCGLIB$$b83c3835.save(<generated>)
	at uk.ac.ebi.ampt2d.commons.accession.core.BasicAccessioningService.saveAccessions(BasicAccessioningService.java:96)
	at uk.ac.ebi.ampt2d.commons.accession.core.BasicAccessioningService.getOrCreate(BasicAccessioningService.java:72)
	at uk.ac.ebi.eva.accession.core.SubmittedVariantAccessioningServiceTest.sameAccessionsAreReturnedForIdenticalVariants(SubmittedVariantAccessioningServiceTest.java:57)
]]></error>
    <system-out><![CDATA[2018-06-09 16:18:38,836  INFO st.context.support.AbstractContextLoader: 264 - Could not detect default resource locations for test class [uk.ac.ebi.eva.accession.core.SubmittedVariantAccessioningServiceTest]: no resource found for suffixes {-context.xml, Context.groovy}.
2018-06-09 16:18:39,021  INFO ontext.SpringBootTestContextBootstrapper: 248 - Loaded default TestExecutionListener class names from location [META-INF/spring.factories]: [org.springframework.boot.test.mock.mockito.MockitoTestExecutionListener, org.springframework.boot.test.mock.mockito.ResetMocksTestExecutionListener, org.springframework.boot.test.autoconfigure.restdocs.RestDocsTestExecutionListener, org.springframework.boot.test.autoconfigure.web.client.MockRestServiceServerResetTestExecutionListener, org.springframework.boot.test.autoconfigure.web.servlet.MockMvcPrintOnlyOnFailureTestExecutionListener, org.springframework.boot.test.autoconfigure.web.servlet.WebDriverTestExecutionListener, org.springframework.test.context.web.ServletTestExecutionListener, org.springframework.test.context.support.DirtiesContextBeforeModesTestExecutionListener, org.springframework.test.context.support.DependencyInjectionTestExecutionListener, org.springframework.test.context.support.DirtiesContextTestExecutionListener, org.springframework.test.context.transaction.TransactionalTestExecutionListener, org.springframework.test.context.jdbc.SqlScriptsTestExecutionListener]
2018-06-09 16:18:39,049  INFO ontext.SpringBootTestContextBootstrapper: 174 - Using TestExecutionListeners: [org.springframework.test.context.web.ServletTestExecutionListener@418e7838, org.springframework.test.context.support.DirtiesContextBeforeModesTestExecutionListener@61230f6a, org.springframework.boot.test.autoconfigure.SpringBootDependencyInjectionTestExecutionListener@3c130745, org.springframework.test.context.support.DirtiesContextTestExecutionListener@cd3fee8, org.springframework.test.context.transaction.TransactionalTestExecutionListener@3e2e18f2, org.springframework.test.context.jdbc.SqlScriptsTestExecutionListener@470f1802, org.springframework.boot.test.mock.mockito.MockitoTestExecutionListener@63021689, org.springframework.boot.test.mock.mockito.ResetMocksTestExecutionListener@703580bf, org.springframework.boot.test.autoconfigure.restdocs.RestDocsTestExecutionListener@3e92efc3, org.springframework.boot.test.autoconfigure.web.client.MockRestServiceServerResetTestExecutionListener@1622f1b, org.springframework.boot.test.autoconfigure.web.servlet.MockMvcPrintOnlyOnFailureTestExecutionListener@72a7c7e0, org.springframework.boot.test.autoconfigure.web.servlet.WebDriverTestExecutionListener@2e4b8173]
2018-06-09 16:18:39,060  INFO st.context.support.AbstractContextLoader: 264 - Could not detect default resource locations for test class [uk.ac.ebi.eva.accession.core.SubmittedVariantAccessioningServiceTest]: no resource found for suffixes {-context.xml, Context.groovy}.
2018-06-09 16:18:39,108  INFO ontext.SpringBootTestContextBootstrapper: 248 - Loaded default TestExecutionListener class names from location [META-INF/spring.factories]: [org.springframework.boot.test.mock.mockito.MockitoTestExecutionListener, org.springframework.boot.test.mock.mockito.ResetMocksTestExecutionListener, org.springframework.boot.test.autoconfigure.restdocs.RestDocsTestExecutionListener, org.springframework.boot.test.autoconfigure.web.client.MockRestServiceServerResetTestExecutionListener, org.springframework.boot.test.autoconfigure.web.servlet.MockMvcPrintOnlyOnFailureTestExecutionListener, org.springframework.boot.test.autoconfigure.web.servlet.WebDriverTestExecutionListener, org.springframework.test.context.web.ServletTestExecutionListener, org.springframework.test.context.support.DirtiesContextBeforeModesTestExecutionListener, org.springframework.test.context.support.DependencyInjectionTestExecutionListener, org.springframework.test.context.support.DirtiesContextTestExecutionListener, org.springframework.test.context.transaction.TransactionalTestExecutionListener, org.springframework.test.context.jdbc.SqlScriptsTestExecutionListener]
2018-06-09 16:18:39,111  INFO ontext.SpringBootTestContextBootstrapper: 174 - Using TestExecutionListeners: [org.springframework.test.context.web.ServletTestExecutionListener@1a482e36, org.springframework.test.context.support.DirtiesContextBeforeModesTestExecutionListener@72967906, org.springframework.boot.test.autoconfigure.SpringBootDependencyInjectionTestExecutionListener@5b8dfcc1, org.springframework.test.context.support.DirtiesContextTestExecutionListener@2f9f7dcf, org.springframework.test.context.transaction.TransactionalTestExecutionListener@747ddf94, org.springframework.test.context.jdbc.SqlScriptsTestExecutionListener@35e2d654, org.springframework.boot.test.mock.mockito.MockitoTestExecutionListener@1bd4fdd, org.springframework.boot.test.mock.mockito.ResetMocksTestExecutionListener@55183b20, org.springframework.boot.test.autoconfigure.restdocs.RestDocsTestExecutionListener@4f83df68, org.springframework.boot.test.autoconfigure.web.client.MockRestServiceServerResetTestExecutionListener@6cf0e0ba, org.springframework.boot.test.autoconfigure.web.servlet.MockMvcPrintOnlyOnFailureTestExecutionListener@7d8995e, org.springframework.boot.test.autoconfigure.web.servlet.WebDriverTestExecutionListener@130d63be]

  .   ____          _            __ _ _
 /\\ / ___'_ __ _ _(_)_ __  __ _ \ \ \ \
( ( )\___ | '_ | '_| | '_ \/ _` | \ \ \ \
 \\/  ___)| |_)| | | | | || (_| |  ) ) ) )
  '  |____| .__|_| |_|_| |_\__, | / / / /
 =========|_|==============|___/=/_/_/_/
 :: Spring Boot ::       (v1.5.10.RELEASE)

2018-06-09 16:18:39,614  INFO .SubmittedVariantAccessioningServiceTest:  48 - Starting SubmittedVariantAccessioningServiceTest on cyclone1 with PID 191 (started by root in /root/workspace/cyenyxe/eva-accession/390124946/eva-accession-core)
2018-06-09 16:18:39,615 DEBUG .SubmittedVariantAccessioningServiceTest:  51 - Running with Spring Boot v1.5.10.RELEASE, Spring v4.3.14.RELEASE
2018-06-09 16:18:39,617  INFO .SubmittedVariantAccessioningServiceTest: 593 - No active profile set, falling back to default profiles: default
2018-06-09 16:18:39,646  INFO ation.AnnotationConfigApplicationContext: 583 - Refreshing org.springframework.context.annotation.AnnotationConfigApplicationContext@24569dba: startup date [Sat Jun 09 16:18:39 CEST 2018]; root of context hierarchy
2018-06-09 16:18:40,208  INFO y.config.RepositoryConfigurationDelegate: 165 - Multiple Spring Data modules found, entering strict repository configuration mode!
2018-06-09 16:18:40,341  INFO y.config.RepositoryConfigurationDelegate: 165 - Multiple Spring Data modules found, entering strict repository configuration mode!
2018-06-09 16:18:40,496  INFO ctory.support.DefaultListableBeanFactory: 828 - Overriding bean definition for bean 'mongoClient' with a different definition: replacing [Root bean: class [null]; scope=; abstract=false; lazyInit=false; autowireMode=3; dependencyCheck=0; autowireCandidate=true; primary=false; factoryBeanName=uk.ac.ebi.eva.accession.core.configuration.MongoConfiguration; factoryMethodName=mongoClient; initMethodName=null; destroyMethodName=(inferred); defined in uk.ac.ebi.eva.accession.core.configuration.MongoConfiguration] with [Root bean: class [null]; scope=; abstract=false; lazyInit=false; autowireMode=3; dependencyCheck=0; autowireCandidate=true; primary=false; factoryBeanName=mongoTestConfiguration; factoryMethodName=mongoClient; initMethodName=null; destroyMethodName=(inferred); defined in uk.ac.ebi.eva.accession.core.test.MongoTestConfiguration]
2018-06-09 16:18:40,612  INFO beddedDataSourceBeanFactoryPostProcessor: 106 - Replacing 'dataSource' DataSource bean with embedded version
2018-06-09 16:18:40,613  INFO ctory.support.DefaultListableBeanFactory: 828 - Overriding bean definition for bean 'dataSource' with a different definition: replacing [Root bean: class [null]; scope=; abstract=false; lazyInit=false; autowireMode=3; dependencyCheck=0; autowireCandidate=true; primary=false; factoryBeanName=org.springframework.boot.autoconfigure.jdbc.DataSourceConfiguration$Tomcat; factoryMethodName=dataSource; initMethodName=null; destroyMethodName=(inferred); defined in class path resource [org/springframework/boot/autoconfigure/jdbc/DataSourceConfiguration$Tomcat.class]] with [Root bean: class [org.springframework.boot.test.autoconfigure.jdbc.TestDatabaseAutoConfiguration$EmbeddedDataSourceFactoryBean]; scope=; abstract=false; lazyInit=false; autowireMode=0; dependencyCheck=0; autowireCandidate=true; primary=false; factoryBeanName=null; factoryMethodName=null; initMethodName=null; destroyMethodName=null]
2018-06-09 16:18:41,015  INFO asource.embedded.EmbeddedDatabaseFactory: 185 - Starting embedded database: url='jdbc:h2:mem:0d233fd7-f5b2-42af-9b5f-814e1de1e9f6;DB_CLOSE_DELAY=-1;DB_CLOSE_ON_EXIT=false', username='sa'
2018-06-09 16:18:41,982  INFO a.LocalContainerEntityManagerFactoryBean: 356 - Building JPA container EntityManagerFactory for persistence unit 'default'
Hibernate: drop table contiguous_id_blocks if exists
Hibernate: create table contiguous_id_blocks (id bigint generated by default as identity, application_instance_id varchar(255) not null, category_id varchar(255) not null, first_value bigint not null, last_committed bigint not null, last_value bigint not null, primary key (id))
Hibernate: create index CATEGORY_INDEX on contiguous_id_blocks (category_id)
2018-06-09 16:18:43,119  INFO a.LocalContainerEntityManagerFactoryBean: 392 - Initialized JPA EntityManagerFactory for persistence unit 'default'
2018-06-09 16:18:43,736  WARN ore.mapping.BasicMongoPersistentProperty:  85 - Customizing field name for id property not allowed! Custom name will not be considered!
2018-06-09 16:18:44,450 DEBUG ubmittedVariantAccessioningConfiguration:  77 - Using application properties: ApplicationProperties{instanceId='test-instance-01', variant=VariantAccessioningProperties{categoryId='test-ss', blockSize=1000}}
Hibernate: select contiguous0_.id as id1_0_, contiguous0_.application_instance_id as applicat2_0_, contiguous0_.category_id as category3_0_, contiguous0_.first_value as first_va4_0_, contiguous0_.last_committed as last_com5_0_, contiguous0_.last_value as last_val6_0_ from contiguous_id_blocks contiguous0_ where contiguous0_.category_id=? and contiguous0_.application_instance_id=? order by contiguous0_.last_value asc
2018-06-09 16:18:45,004  INFO .SubmittedVariantAccessioningServiceTest:  57 - Started SubmittedVariantAccessioningServiceTest in 5.752 seconds (JVM running for 6.982)
2018-06-09 16:18:45,040  INFO t.context.transaction.TransactionContext: 105 - Began transaction (1) for test context [DefaultTestContext@154b8cb6 testClass = SubmittedVariantAccessioningServiceTest, testInstance = uk.ac.ebi.eva.accession.core.SubmittedVariantAccessioningServiceTest@7b297740, testMethod = sameAccessionsAreReturnedForIdenticalVariants@SubmittedVariantAccessioningServiceTest, testException = [null], mergedContextConfiguration = [MergedContextConfiguration@22a4ca4a testClass = SubmittedVariantAccessioningServiceTest, locations = '{}', classes = '{class uk.ac.ebi.eva.accession.core.configuration.SubmittedVariantAccessioningConfiguration, class uk.ac.ebi.eva.accession.core.test.MongoTestConfiguration}', contextInitializerClasses = '[]', activeProfiles = '{}', propertySourceLocations = '{classpath:accession-test.properties}', propertySourceProperties = '{org.springframework.boot.test.context.SpringBootTestContextBootstrapper=true}', contextCustomizers = set[[ImportsContextCustomizer@72c4a3aa key = [org.springframework.boot.autoconfigure.cache.CacheAutoConfiguration, org.springframework.boot.autoconfigure.data.jpa.JpaRepositoriesAutoConfiguration, org.springframework.boot.autoconfigure.flyway.FlywayAutoConfiguration, org.springframework.boot.autoconfigure.jdbc.DataSourceAutoConfiguration, org.springframework.boot.autoconfigure.jdbc.DataSourceTransactionManagerAutoConfiguration, org.springframework.boot.autoconfigure.jdbc.JdbcTemplateAutoConfiguration, org.springframework.boot.autoconfigure.liquibase.LiquibaseAutoConfiguration, org.springframework.boot.autoconfigure.orm.jpa.HibernateJpaAutoConfiguration, org.springframework.boot.autoconfigure.transaction.TransactionAutoConfiguration, org.springframework.boot.test.autoconfigure.jdbc.TestDatabaseAutoConfiguration, org.springframework.boot.test.autoconfigure.orm.jpa.TestEntityManagerAutoConfiguration]], org.springframework.boot.test.context.filter.ExcludeFilterContextCustomizer@23282c25, org.springframework.boot.test.json.DuplicateJsonObjectContextCustomizerFactory$DuplicateJsonObjectContextCustomizer@3b2da18f, org.springframework.boot.test.mock.mockito.MockitoContextCustomizer@0, org.springframework.boot.test.autoconfigure.OverrideAutoConfigurationContextCustomizerFactory$DisableAutoConfigurationContextCustomizer@37e547da, org.springframework.boot.test.autoconfigure.filter.TypeExcludeFiltersContextCustomizer@351584c0, org.springframework.boot.test.autoconfigure.properties.PropertyMappingContextCustomizer@36da56c4, org.springframework.boot.test.autoconfigure.web.servlet.WebDriverContextCustomizerFactory$Customizer@2aa3cd93], contextLoader = 'org.springframework.boot.test.context.SpringBootContextLoader', parent = [null]]]; transaction manager [org.springframework.orm.jpa.JpaTransactionManager@5b1c32e4]; rollback [true]
Hibernate: select contiguous0_.id as id1_0_, contiguous0_.application_instance_id as applicat2_0_, contiguous0_.category_id as category3_0_, contiguous0_.first_value as first_va4_0_, contiguous0_.last_committed as last_com5_0_, contiguous0_.last_value as last_val6_0_ from contiguous_id_blocks contiguous0_ where contiguous0_.category_id=? order by contiguous0_.last_value desc limit ?
Hibernate: insert into contiguous_id_blocks (id, application_instance_id, category_id, first_value, last_committed, last_value) values (null, ?, ?, ?, ?, ?)
2018-06-09 16:18:45,242  INFO t.context.transaction.TransactionContext: 139 - Rolled back transaction for test context [DefaultTestContext@154b8cb6 testClass = SubmittedVariantAccessioningServiceTest, testInstance = uk.ac.ebi.eva.accession.core.SubmittedVariantAccessioningServiceTest@7b297740, testMethod = sameAccessionsAreReturnedForIdenticalVariants@SubmittedVariantAccessioningServiceTest, testException = com.mongodb.InsertManyWriteConcernException, mergedContextConfiguration = [MergedContextConfiguration@22a4ca4a testClass = SubmittedVariantAccessioningServiceTest, locations = '{}', classes = '{class uk.ac.ebi.eva.accession.core.configuration.SubmittedVariantAccessioningConfiguration, class uk.ac.ebi.eva.accession.core.test.MongoTestConfiguration}', contextInitializerClasses = '[]', activeProfiles = '{}', propertySourceLocations = '{classpath:accession-test.properties}', propertySourceProperties = '{org.springframework.boot.test.context.SpringBootTestContextBootstrapper=true}', contextCustomizers = set[[ImportsContextCustomizer@72c4a3aa key = [org.springframework.boot.autoconfigure.cache.CacheAutoConfiguration, org.springframework.boot.autoconfigure.data.jpa.JpaRepositoriesAutoConfiguration, org.springframework.boot.autoconfigure.flyway.FlywayAutoConfiguration, org.springframework.boot.autoconfigure.jdbc.DataSourceAutoConfiguration, org.springframework.boot.autoconfigure.jdbc.DataSourceTransactionManagerAutoConfiguration, org.springframework.boot.autoconfigure.jdbc.JdbcTemplateAutoConfiguration, org.springframework.boot.autoconfigure.liquibase.LiquibaseAutoConfiguration, org.springframework.boot.autoconfigure.orm.jpa.HibernateJpaAutoConfiguration, org.springframework.boot.autoconfigure.transaction.TransactionAutoConfiguration, org.springframework.boot.test.autoconfigure.jdbc.TestDatabaseAutoConfiguration, org.springframework.boot.test.autoconfigure.orm.jpa.TestEntityManagerAutoConfiguration]], org.springframework.boot.test.context.filter.ExcludeFilterContextCustomizer@23282c25, org.springframework.boot.test.json.DuplicateJsonObjectContextCustomizerFactory$DuplicateJsonObjectContextCustomizer@3b2da18f, org.springframework.boot.test.mock.mockito.MockitoContextCustomizer@0, org.springframework.boot.test.autoconfigure.OverrideAutoConfigurationContextCustomizerFactory$DisableAutoConfigurationContextCustomizer@37e547da, org.springframework.boot.test.autoconfigure.filter.TypeExcludeFiltersContextCustomizer@351584c0, org.springframework.boot.test.autoconfigure.properties.PropertyMappingContextCustomizer@36da56c4, org.springframework.boot.test.autoconfigure.web.servlet.WebDriverContextCustomizerFactory$Customizer@2aa3cd93], contextLoader = 'org.springframework.boot.test.context.SpringBootContextLoader', parent = [null]]].
]]></system-out>
  </testcase>
</testsuite>