<?xml version="1.0" encoding="UTF-8"?>
<!-- Generated by org.testng.reporters.JUnitReportReporter -->
<testsuite hostname="cyclone1" name="org.molgenis.core.ui.jobs.JobsControllerTest" tests="1" failures="0" timestamp="1 Jun 2018 11:38:14 GMT" time="0.002" errors="0">
  <testcase name="testCreateJobExecutionViewHref" time="0.002" classname="org.molgenis.core.ui.jobs.JobsControllerTest"/>
</testsuite> <!-- org.molgenis.core.ui.jobs.JobsControllerTest -->
