<?xml version="1.0" encoding="UTF-8"?>
<!-- Generated by org.testng.reporters.JUnitReportReporter -->
<testsuite hostname="cyclone1" name="org.molgenis.core.ui.admin.permission.PermissionManagerControllerTest" tests="21" failures="0" timestamp="4 Jun 2018 11:16:10 GMT" time="1.442" errors="0">
  <testcase name="testGetUserEntityClassPermissions" time="0.045" classname="org.molgenis.core.ui.admin.permission.PermissionManagerControllerTest"/>
  <testcase name="testUpdateEntityClassRlsEnableRls" time="0.050" classname="org.molgenis.core.ui.admin.permission.PermissionManagerControllerTest"/>
  <testcase name="testUpdateUserPluginPermissions" time="0.033" classname="org.molgenis.core.ui.admin.permission.PermissionManagerControllerTest"/>
  <testcase name="testGetPlugins" time="0.037" classname="org.molgenis.core.ui.admin.permission.PermissionManagerControllerTest"/>
  <testcase name="testUpdateGroupPluginPermissions" time="0.030" classname="org.molgenis.core.ui.admin.permission.PermissionManagerControllerTest"/>
  <testcase name="testGetUserPluginPermissions" time="0.036" classname="org.molgenis.core.ui.admin.permission.PermissionManagerControllerTest"/>
  <testcase name="testGetGroupEntityTypePermissions" time="0.073" classname="org.molgenis.core.ui.admin.permission.PermissionManagerControllerTest"/>
  <testcase name="init" time="0.061" classname="org.molgenis.core.ui.admin.permission.PermissionManagerControllerTest"/>
  <testcase name="testGetPackages" time="0.384" classname="org.molgenis.core.ui.admin.permission.PermissionManagerControllerTest"/>
  <testcase name="testGetGroupPackagePermissions" time="0.052" classname="org.molgenis.core.ui.admin.permission.PermissionManagerControllerTest"/>
  <testcase name="testGetUsers" time="0.054" classname="org.molgenis.core.ui.admin.permission.PermissionManagerControllerTest"/>
  <testcase name="testUpdateUserPackagePermissions" time="0.033" classname="org.molgenis.core.ui.admin.permission.PermissionManagerControllerTest"/>
  <testcase name="PermissionManagerController" time="0.029" classname="org.molgenis.core.ui.admin.permission.PermissionManagerControllerTest"/>
  <testcase name="testUpdateUserEntityClassPermissions" time="0.040" classname="org.molgenis.core.ui.admin.permission.PermissionManagerControllerTest"/>
  <testcase name="testUpdateEntityClassRlsSystemEntityType" time="0.040" classname="org.molgenis.core.ui.admin.permission.PermissionManagerControllerTest"/>
  <testcase name="testUpdateGroupEntityClassPermissions" time="0.058" classname="org.molgenis.core.ui.admin.permission.PermissionManagerControllerTest"/>
  <testcase name="testGetGroupPluginPermissions" time="0.048" classname="org.molgenis.core.ui.admin.permission.PermissionManagerControllerTest"/>
  <testcase name="testUpdateEntityClassRlsDisableRls" time="0.223" classname="org.molgenis.core.ui.admin.permission.PermissionManagerControllerTest"/>
  <testcase name="testUpdateGroupPackagePermissions" time="0.035" classname="org.molgenis.core.ui.admin.permission.PermissionManagerControllerTest"/>
  <testcase name="testGetUserPackagePermissions" time="0.036" classname="org.molgenis.core.ui.admin.permission.PermissionManagerControllerTest"/>
  <testcase name="testGetGroups" time="0.045" classname="org.molgenis.core.ui.admin.permission.PermissionManagerControllerTest"/>
</testsuite> <!-- org.molgenis.core.ui.admin.permission.PermissionManagerControllerTest -->
