<?xml version="1.0" encoding="UTF-8"?>
<!-- Generated by org.testng.reporters.JUnitReportReporter -->
<testsuite hostname="cyclone1" name="org.molgenis.core.ui.style.StyleServiceTest" tests="12" failures="0" timestamp="30 May 2018 12:54:05 GMT" time="0.071" errors="0">
  <testcase name="testSetSelectedStyle" time="0.003" classname="org.molgenis.core.ui.style.StyleServiceTest"/>
  <testcase name="addStylesWithExistingId" time="0.001" classname="org.molgenis.core.ui.style.StyleServiceTest"/>
  <testcase name="testSetSelectedStyleUnknownStyle" time="0.000" classname="org.molgenis.core.ui.style.StyleServiceTest"/>
  <testcase name="testSetSelectedStyleUndefined" time="0.001" classname="org.molgenis.core.ui.style.StyleServiceTest"/>
  <testcase name="addBootstrap3And4Styles" time="0.052" classname="org.molgenis.core.ui.style.StyleServiceTest"/>
  <testcase name="addBootstrap3StyleOnly" time="0.002" classname="org.molgenis.core.ui.style.StyleServiceTest"/>
  <testcase name="getUnknownThemeData" time="0.001" classname="org.molgenis.core.ui.style.StyleServiceTest"/>
  <testcase name="testGetAvailableStyles" time="0.003" classname="org.molgenis.core.ui.style.StyleServiceTest"/>
  <testcase name="getBootstrap3ThemeData" time="0.005" classname="org.molgenis.core.ui.style.StyleServiceTest"/>
  <testcase name="getBootstrap4FallBackThemeData" time="0.002" classname="org.molgenis.core.ui.style.StyleServiceTest"/>
  <testcase name="testGetSelectedStyle" time="0.001" classname="org.molgenis.core.ui.style.StyleServiceTest"/>
  <testcase name="getBootstrap4ThemeData" time="0.000" classname="org.molgenis.core.ui.style.StyleServiceTest"/>
</testsuite> <!-- org.molgenis.core.ui.style.StyleServiceTest -->
