<?xml version="1.0" encoding="UTF-8"?>
<!-- Generated by org.testng.reporters.JUnitReportReporter -->
<testsuite hostname="cyclone1" name="org.molgenis.core.ui.XmlMolgenisUiPluginTest" tests="8" failures="0" timestamp="30 May 2018 12:54:05 GMT" time="0.140" errors="0">
  <testcase name="getName" time="0.001" classname="org.molgenis.core.ui.XmlMolgenisUiPluginTest"/>
  <testcase name="XmlMolgenisUiPlugin" time="0.096" classname="org.molgenis.core.ui.XmlMolgenisUiPluginTest"/>
  <testcase name="isAuthorized" time="0.002" classname="org.molgenis.core.ui.XmlMolgenisUiPluginTest"/>
  <testcase name="getId" time="0.002" classname="org.molgenis.core.ui.XmlMolgenisUiPluginTest"/>
  <testcase name="getNameById" time="0.001" classname="org.molgenis.core.ui.XmlMolgenisUiPluginTest"/>
  <testcase name="getParentMenu" time="0.000" classname="org.molgenis.core.ui.XmlMolgenisUiPluginTest"/>
  <testcase name="getType" time="0.038" classname="org.molgenis.core.ui.XmlMolgenisUiPluginTest"/>
  <testcase name="isAuthorized_notAuthorized" time="0.000" classname="org.molgenis.core.ui.XmlMolgenisUiPluginTest"/>
</testsuite> <!-- org.molgenis.core.ui.XmlMolgenisUiPluginTest -->
