<?xml version="1.0" encoding="UTF-8"?>
<!-- Generated by org.testng.reporters.JUnitReportReporter -->
<testsuite hostname="cyclone1" name="org.molgenis.core.ui.data.config.HttpClientConfigTest" tests="1" failures="0" timestamp="6 Jun 2018 21:45:40 GMT" time="0.030" errors="0">
  <testcase name="testGsonSerialization" time="0.030" classname="org.molgenis.core.ui.data.config.HttpClientConfigTest"/>
</testsuite> <!-- org.molgenis.core.ui.data.config.HttpClientConfigTest -->
