<?xml version="1.0" encoding="UTF-8"?>
<!-- Generated by org.testng.reporters.JUnitReportReporter -->
<testsuite hostname="cyclone1" name="org.molgenis.core.ui.admin.user.UserAccountControllerMockMvcTest" tests="4" failures="0" timestamp="30 May 2018 12:54:05 GMT" time="0.190" errors="0">
  <testcase name="changeLanguageOk" time="0.025" classname="org.molgenis.core.ui.admin.user.UserAccountControllerMockMvcTest"/>
  <testcase name="changeLanguageForbidden" time="0.087" classname="org.molgenis.core.ui.admin.user.UserAccountControllerMockMvcTest"/>
  <testcase name="changeLanguageUnknownLanguage" time="0.049" classname="org.molgenis.core.ui.admin.user.UserAccountControllerMockMvcTest"/>
  <testcase name="changeLanguageNPE" time="0.029" classname="org.molgenis.core.ui.admin.user.UserAccountControllerMockMvcTest"/>
</testsuite> <!-- org.molgenis.core.ui.admin.user.UserAccountControllerMockMvcTest -->
