<?xml version="1.0" encoding="UTF-8"?>
<!-- Generated by org.testng.reporters.JUnitReportReporter -->
<testsuite hostname="cyclone1" name="org.molgenis.core.ui.controller.StaticContentServiceImplTest" tests="12" failures="0" timestamp="6 Jun 2018 14:21:10 GMT" time="0.112" errors="0">
  <testcase name="isCurrentUserCanEditStaticContentPresentEditTrue" time="0.087" classname="org.molgenis.core.ui.controller.StaticContentServiceImplTest"/>
  <testcase name="submitContentNoContentNoCreatePermissions" time="0.003" classname="org.molgenis.core.ui.controller.StaticContentServiceImplTest"/>
  <testcase name="isCurrentUserCanEditStaticContentNotPresentEditFalse" time="0.001" classname="org.molgenis.core.ui.controller.StaticContentServiceImplTest"/>
  <testcase name="isCurrentUserCanEditStaticContentPresentEditFalse" time="0.002" classname="org.molgenis.core.ui.controller.StaticContentServiceImplTest"/>
  <testcase name="isCurrentUserCanEditAnonymousFalse" time="0.001" classname="org.molgenis.core.ui.controller.StaticContentServiceImplTest"/>
  <testcase name="getContent" time="0.004" classname="org.molgenis.core.ui.controller.StaticContentServiceImplTest"/>
  <testcase name="checkPermissionsNoException" time="0.002" classname="org.molgenis.core.ui.controller.StaticContentServiceImplTest"/>
  <testcase name="isCurrentUserCanEditStaticContentNotPresentEditTrue" time="0.002" classname="org.molgenis.core.ui.controller.StaticContentServiceImplTest"/>
  <testcase name="submitContentNew" time="0.003" classname="org.molgenis.core.ui.controller.StaticContentServiceImplTest"/>
  <testcase name="submitContentExistingContentNoUpdatePermissions" time="0.004" classname="org.molgenis.core.ui.controller.StaticContentServiceImplTest"/>
  <testcase name="checkPermissionsThrowsException" time="0.002" classname="org.molgenis.core.ui.controller.StaticContentServiceImplTest"/>
  <testcase name="submitContentExisting" time="0.001" classname="org.molgenis.core.ui.controller.StaticContentServiceImplTest"/>
</testsuite> <!-- org.molgenis.core.ui.controller.StaticContentServiceImplTest -->
