<?xml version="1.0" encoding="UTF-8"?>
<!-- Generated by org.testng.reporters.JUnitReportReporter -->
<testsuite hostname="cyclone1" name="org.molgenis.core.ui.admin.user.UserAccountControllerMockMvcTest" tests="4" failures="0" timestamp="6 Jun 2018 14:21:10 GMT" time="2.138" errors="0">
  <testcase name="changeLanguageForbidden" time="1.962" classname="org.molgenis.core.ui.admin.user.UserAccountControllerMockMvcTest"/>
  <testcase name="changeLanguageNPE" time="0.056" classname="org.molgenis.core.ui.admin.user.UserAccountControllerMockMvcTest"/>
  <testcase name="changeLanguageUnknownLanguage" time="0.048" classname="org.molgenis.core.ui.admin.user.UserAccountControllerMockMvcTest"/>
  <testcase name="changeLanguageOk" time="0.072" classname="org.molgenis.core.ui.admin.user.UserAccountControllerMockMvcTest"/>
</testsuite> <!-- org.molgenis.core.ui.admin.user.UserAccountControllerMockMvcTest -->
