<?xml version="1.0" encoding="UTF-8"?>
<!-- Generated by org.testng.reporters.JUnitReportReporter -->
<testsuite hostname="cyclone1" name="org.molgenis.core.ui.menu.MenuUtilsTest" tests="2" failures="0" timestamp="1 Jun 2018 11:38:14 GMT" time="0.098" errors="0">
  <testcase name="getMenuJson" time="0.058" classname="org.molgenis.core.ui.menu.MenuUtilsTest"/>
  <testcase name="findMenuItemPath" time="0.040" classname="org.molgenis.core.ui.menu.MenuUtilsTest"/>
</testsuite> <!-- org.molgenis.core.ui.menu.MenuUtilsTest -->
