<?xml version="1.0" encoding="UTF-8"?>
<!-- Generated by org.testng.reporters.JUnitReportReporter -->
<testsuite hostname="cyclone1" name="org.molgenis.core.ui.menu.MenuMolgenisUiTest" tests="4" failures="0" timestamp="6 Jun 2018 08:48:07 GMT" time="0.020" errors="0">
  <testcase name="getMenuString_topMenu" time="0.000" classname="org.molgenis.core.ui.menu.MenuMolgenisUiTest"/>
  <testcase name="MenuMolgenisUi" time="0.001" classname="org.molgenis.core.ui.menu.MenuMolgenisUiTest"/>
  <testcase name="getMenuString_subMenu" time="0.017" classname="org.molgenis.core.ui.menu.MenuMolgenisUiTest"/>
  <testcase name="getMenu" time="0.002" classname="org.molgenis.core.ui.menu.MenuMolgenisUiTest"/>
</testsuite> <!-- org.molgenis.core.ui.menu.MenuMolgenisUiTest -->
