<?xml version="1.0" encoding="UTF-8"?>
<!-- Generated by org.testng.reporters.JUnitReportReporter -->
<testsuite hostname="cyclone1" name="org.molgenis.core.ui.menu.MenuReaderServiceImplTest" tests="2" failures="0" timestamp="30 May 2018 12:54:05 GMT" time="0.041" errors="0">
  <testcase name="MenuReaderServiceImpl" time="0.001" classname="org.molgenis.core.ui.menu.MenuReaderServiceImplTest"/>
  <testcase name="getMenu" time="0.040" classname="org.molgenis.core.ui.menu.MenuReaderServiceImplTest"/>
</testsuite> <!-- org.molgenis.core.ui.menu.MenuReaderServiceImplTest -->
