<?xml version="1.0" encoding="UTF-8"?>
<!-- Generated by org.testng.reporters.JUnitReportReporter -->
<testsuite hostname="cyclone1" name="org.molgenis.core.ui.data.importer.wizard.ImportWizardControllerTest" tests="3" failures="0" timestamp="4 Jun 2018 11:16:10 GMT" time="0.730" errors="0">
  <testcase name="testImportFileActionUnknown" time="0.006" classname="org.molgenis.core.ui.data.importer.wizard.ImportWizardControllerTest"/>
  <testcase name="testImportFile" time="0.694" classname="org.molgenis.core.ui.data.importer.wizard.ImportWizardControllerTest"/>
  <testcase name="testImportFile" time="0.030" classname="org.molgenis.core.ui.data.importer.wizard.ImportWizardControllerTest"/>
</testsuite> <!-- org.molgenis.core.ui.data.importer.wizard.ImportWizardControllerTest -->
