<?xml version="1.0" encoding="UTF-8"?>
<!-- Generated by org.testng.reporters.JUnitReportReporter -->
<testsuite hostname="cyclone1" name="org.molgenis.core.ui.admin.usermanager.UserManagerServiceImplTest" tests="3" failures="0" timestamp="30 May 2018 12:54:05 GMT" time="0.025" errors="0">
  <testcase name="getAllMolgenisUsersSu" time="0.004" classname="org.molgenis.core.ui.admin.usermanager.UserManagerServiceImplTest"/>
  <testcase name="getAllMolgenisUsersNonSu" time="0.021" classname="org.molgenis.core.ui.admin.usermanager.UserManagerServiceImplTest"/>
  <testcase name="userManagerServiceImpl" time="0.000" classname="org.molgenis.core.ui.admin.usermanager.UserManagerServiceImplTest"/>
</testsuite> <!-- org.molgenis.core.ui.admin.usermanager.UserManagerServiceImplTest -->
