<?xml version="1.0" encoding="UTF-8"?>
<!-- Generated by org.testng.reporters.JUnitReportReporter -->
<testsuite hostname="cyclone1" name="org.molgenis.core.ui.controller.FeedbackControllerTest" tests="7" failures="0" timestamp="6 Jun 2018 21:45:40 GMT" time="0.454" errors="0">
  <testcase name="submitInvalidCaptcha" time="0.045" classname="org.molgenis.core.ui.controller.FeedbackControllerTest"/>
  <testcase name="initFeedbackLoggedInDetailsUnknown" time="0.022" classname="org.molgenis.core.ui.controller.FeedbackControllerTest"/>
  <testcase name="initFeedbackAnonymous" time="0.032" classname="org.molgenis.core.ui.controller.FeedbackControllerTest"/>
  <testcase name="initFeedbackLoggedIn" time="0.027" classname="org.molgenis.core.ui.controller.FeedbackControllerTest"/>
  <testcase name="submit" time="0.187" classname="org.molgenis.core.ui.controller.FeedbackControllerTest"/>
  <testcase name="submitErrorWhileSendingMail" time="0.053" classname="org.molgenis.core.ui.controller.FeedbackControllerTest"/>
  <testcase name="submitFeedbackNotSpecified" time="0.088" classname="org.molgenis.core.ui.controller.FeedbackControllerTest"/>
</testsuite> <!-- org.molgenis.core.ui.controller.FeedbackControllerTest -->
