<?xml version="1.0" encoding="UTF-8"?>
<!-- Generated by org.testng.reporters.JUnitReportReporter -->
<testsuite hostname="cyclone1" name="org.molgenis.core.ui.menu.MenuUtilsTest" tests="2" failures="0" timestamp="4 Jun 2018 11:16:10 GMT" time="0.047" errors="0">
  <testcase name="findMenuItemPath" time="0.002" classname="org.molgenis.core.ui.menu.MenuUtilsTest"/>
  <testcase name="getMenuJson" time="0.045" classname="org.molgenis.core.ui.menu.MenuUtilsTest"/>
</testsuite> <!-- org.molgenis.core.ui.menu.MenuUtilsTest -->
