<?xml version="1.0" encoding="UTF-8"?>
<!-- Generated by org.testng.reporters.JUnitReportReporter -->
<testsuite hostname="cyclone1" name="org.molgenis.core.ui.data.importer.wizard.PackageWizardPageTest" tests="1" failures="0" timestamp="4 Jun 2018 11:16:10 GMT" time="0.152" errors="0">
  <testcase name="testHandleRequest" time="0.152" classname="org.molgenis.core.ui.data.importer.wizard.PackageWizardPageTest"/>
</testsuite> <!-- org.molgenis.core.ui.data.importer.wizard.PackageWizardPageTest -->
