<?xml version="1.0" encoding="UTF-8"?>
<!-- Generated by org.testng.reporters.JUnitReportReporter -->
<testsuite hostname="cyclone1" name="org.molgenis.core.ui.thememanager.ThemeManagerControllerTest" tests="2" failures="0" timestamp="6 Jun 2018 14:21:10 GMT" time="0.249" errors="0">
  <testcase name="addBootstrap3ThemeOnly" time="0.201" classname="org.molgenis.core.ui.thememanager.ThemeManagerControllerTest"/>
  <testcase name="addBootstrap3and4Theme" time="0.048" classname="org.molgenis.core.ui.thememanager.ThemeManagerControllerTest"/>
</testsuite> <!-- org.molgenis.core.ui.thememanager.ThemeManagerControllerTest -->
