<?xml version="1.0" encoding="UTF-8"?>
<!-- Generated by org.testng.reporters.JUnitReportReporter -->
<testsuite hostname="cyclone1" name="org.molgenis.core.ui.freemarker.RepositoryTemplateLoaderTest" tests="4" failures="0" timestamp="6 Jun 2018 08:48:07 GMT" time="0.015" errors="0">
  <testcase name="loadAndRead" time="0.001" classname="org.molgenis.core.ui.freemarker.RepositoryTemplateLoaderTest"/>
  <testcase name="newSourceReturnedWhenContentChanges" time="0.006" classname="org.molgenis.core.ui.freemarker.RepositoryTemplateLoaderTest"/>
  <testcase name="sourceBelongsToContentAndCanBeReadMultipleTimes" time="0.004" classname="org.molgenis.core.ui.freemarker.RepositoryTemplateLoaderTest"/>
  <testcase name="lastModifiedEqualsMinusOne" time="0.004" classname="org.molgenis.core.ui.freemarker.RepositoryTemplateLoaderTest"/>
</testsuite> <!-- org.molgenis.core.ui.freemarker.RepositoryTemplateLoaderTest -->
