<?xml version="1.0" encoding="UTF-8"?>
<!-- Generated by org.testng.reporters.JUnitReportReporter -->
<testsuite hostname="cyclone1" name="org.molgenis.core.ui.admin.user.UserAccountControllerMockMvcTest" tests="4" failures="0" timestamp="6 Jun 2018 21:45:40 GMT" time="0.229" errors="0">
  <testcase name="changeLanguageNPE" time="0.084" classname="org.molgenis.core.ui.admin.user.UserAccountControllerMockMvcTest"/>
  <testcase name="changeLanguageUnknownLanguage" time="0.038" classname="org.molgenis.core.ui.admin.user.UserAccountControllerMockMvcTest"/>
  <testcase name="changeLanguageOk" time="0.033" classname="org.molgenis.core.ui.admin.user.UserAccountControllerMockMvcTest"/>
  <testcase name="changeLanguageForbidden" time="0.074" classname="org.molgenis.core.ui.admin.user.UserAccountControllerMockMvcTest"/>
</testsuite> <!-- org.molgenis.core.ui.admin.user.UserAccountControllerMockMvcTest -->
