<?xml version="1.0" encoding="UTF-8"?>
<!-- Generated by org.testng.reporters.JUnitReportReporter -->
<testsuite hostname="cyclone1" name="org.molgenis.core.ui.data.importer.wizard.ImportWizardControllerTest" tests="3" failures="0" timestamp="6 Jun 2018 21:45:40 GMT" time="0.275" errors="0">
  <testcase name="testImportFileActionUnknown" time="0.006" classname="org.molgenis.core.ui.data.importer.wizard.ImportWizardControllerTest"/>
  <testcase name="testImportFile" time="0.134" classname="org.molgenis.core.ui.data.importer.wizard.ImportWizardControllerTest"/>
  <testcase name="testImportFile" time="0.135" classname="org.molgenis.core.ui.data.importer.wizard.ImportWizardControllerTest"/>
</testsuite> <!-- org.molgenis.core.ui.data.importer.wizard.ImportWizardControllerTest -->
