<?xml version="1.0" encoding="UTF-8"?>
<!-- Generated by org.testng.reporters.JUnitReportReporter -->
<testsuite hostname="cyclone1" name="org.molgenis.core.ui.admin.user.UserAccountControllerTest" tests="14" failures="0" timestamp="4 Jun 2018 11:16:10 GMT" time="0.105" errors="0">
  <testcase name="testShowAccountWithCodes" time="0.005" classname="org.molgenis.core.ui.admin.user.UserAccountControllerTest"/>
  <testcase name="testUpdateAccountAddressFields" time="0.004" classname="org.molgenis.core.ui.admin.user.UserAccountControllerTest"/>
  <testcase name="testUpdateAccountOldPasswordIncorrect" time="0.000" classname="org.molgenis.core.ui.admin.user.UserAccountControllerTest"/>
  <testcase name="testGetRecoveryCodes" time="0.003" classname="org.molgenis.core.ui.admin.user.UserAccountControllerTest"/>
  <testcase name="testResetTwoFactorAuthentication" time="0.003" classname="org.molgenis.core.ui.admin.user.UserAccountControllerTest"/>
  <testcase name="testDisableTwoFactorAuthentication" time="0.009" classname="org.molgenis.core.ui.admin.user.UserAccountControllerTest"/>
  <testcase name="testUpdateAccountNewPasswordTooShort" time="0.002" classname="org.molgenis.core.ui.admin.user.UserAccountControllerTest"/>
  <testcase name="testUpdateAccountNoOldPassword" time="0.002" classname="org.molgenis.core.ui.admin.user.UserAccountControllerTest"/>
  <testcase name="testUpdateAccountWorkFields" time="0.005" classname="org.molgenis.core.ui.admin.user.UserAccountControllerTest"/>
  <testcase name="testEnableTwoFactorAuthentication" time="0.002" classname="org.molgenis.core.ui.admin.user.UserAccountControllerTest"/>
  <testcase name="testUpdateAccountNonMatchingNewPasswords" time="0.001" classname="org.molgenis.core.ui.admin.user.UserAccountControllerTest"/>
  <testcase name="testGenerateRecoveryCodes" time="0.065" classname="org.molgenis.core.ui.admin.user.UserAccountControllerTest"/>
  <testcase name="testUpdateAccountNameFields" time="0.002" classname="org.molgenis.core.ui.admin.user.UserAccountControllerTest"/>
  <testcase name="testUpdateAccountUpdatesPassword" time="0.002" classname="org.molgenis.core.ui.admin.user.UserAccountControllerTest"/>
</testsuite> <!-- org.molgenis.core.ui.admin.user.UserAccountControllerTest -->
