<?xml version="1.0" encoding="UTF-8"?>
<!-- Generated by org.testng.reporters.JUnitReportReporter -->
<testsuite hostname="cyclone1" name="org.molgenis.core.ui.menu.MenuUtilsTest" tests="2" failures="0" timestamp="30 May 2018 12:54:05 GMT" time="0.364" errors="0">
  <testcase name="getMenuJson" time="0.340" classname="org.molgenis.core.ui.menu.MenuUtilsTest"/>
  <testcase name="findMenuItemPath" time="0.024" classname="org.molgenis.core.ui.menu.MenuUtilsTest"/>
</testsuite> <!-- org.molgenis.core.ui.menu.MenuUtilsTest -->
