<?xml version="1.0" encoding="UTF-8"?>
<!-- Generated by org.testng.reporters.JUnitReportReporter -->
<testsuite hostname="cyclone1" name="org.molgenis.core.ui.admin.user.UserAccountControllerTest" tests="14" failures="0" timestamp="6 Jun 2018 08:48:07 GMT" time="0.337" errors="0">
  <testcase name="testUpdateAccountNewPasswordTooShort" time="0.002" classname="org.molgenis.core.ui.admin.user.UserAccountControllerTest"/>
  <testcase name="testUpdateAccountUpdatesPassword" time="0.002" classname="org.molgenis.core.ui.admin.user.UserAccountControllerTest"/>
  <testcase name="testEnableTwoFactorAuthentication" time="0.005" classname="org.molgenis.core.ui.admin.user.UserAccountControllerTest"/>
  <testcase name="testUpdateAccountNameFields" time="0.003" classname="org.molgenis.core.ui.admin.user.UserAccountControllerTest"/>
  <testcase name="testGenerateRecoveryCodes" time="0.089" classname="org.molgenis.core.ui.admin.user.UserAccountControllerTest"/>
  <testcase name="testGetRecoveryCodes" time="0.002" classname="org.molgenis.core.ui.admin.user.UserAccountControllerTest"/>
  <testcase name="testUpdateAccountWorkFields" time="0.005" classname="org.molgenis.core.ui.admin.user.UserAccountControllerTest"/>
  <testcase name="testDisableTwoFactorAuthentication" time="0.015" classname="org.molgenis.core.ui.admin.user.UserAccountControllerTest"/>
  <testcase name="testUpdateAccountNoOldPassword" time="0.002" classname="org.molgenis.core.ui.admin.user.UserAccountControllerTest"/>
  <testcase name="testUpdateAccountAddressFields" time="0.198" classname="org.molgenis.core.ui.admin.user.UserAccountControllerTest"/>
  <testcase name="testUpdateAccountNonMatchingNewPasswords" time="0.005" classname="org.molgenis.core.ui.admin.user.UserAccountControllerTest"/>
  <testcase name="testShowAccountWithCodes" time="0.006" classname="org.molgenis.core.ui.admin.user.UserAccountControllerTest"/>
  <testcase name="testResetTwoFactorAuthentication" time="0.001" classname="org.molgenis.core.ui.admin.user.UserAccountControllerTest"/>
  <testcase name="testUpdateAccountOldPasswordIncorrect" time="0.002" classname="org.molgenis.core.ui.admin.user.UserAccountControllerTest"/>
</testsuite> <!-- org.molgenis.core.ui.admin.user.UserAccountControllerTest -->
