<?xml version="1.0" encoding="UTF-8"?>
<!-- Generated by org.testng.reporters.JUnitReportReporter -->
<testsuite hostname="cyclone1" name="org.molgenis.core.ui.admin.permission.PermissionManagerControllerTest" tests="21" failures="0" timestamp="6 Jun 2018 14:21:10 GMT" time="2.489" errors="0">
  <testcase name="testUpdateUserPackagePermissions" time="1.010" classname="org.molgenis.core.ui.admin.permission.PermissionManagerControllerTest"/>
  <testcase name="testGetUsers" time="0.026" classname="org.molgenis.core.ui.admin.permission.PermissionManagerControllerTest"/>
  <testcase name="testGetRolePluginPermissions" time="0.062" classname="org.molgenis.core.ui.admin.permission.PermissionManagerControllerTest"/>
  <testcase name="testUpdateEntityClassRlsSystemEntityType" time="0.052" classname="org.molgenis.core.ui.admin.permission.PermissionManagerControllerTest"/>
  <testcase name="init" time="0.079" classname="org.molgenis.core.ui.admin.permission.PermissionManagerControllerTest"/>
  <testcase name="testGetUserEntityClassPermissions" time="0.035" classname="org.molgenis.core.ui.admin.permission.PermissionManagerControllerTest"/>
  <testcase name="testGetPlugins" time="0.047" classname="org.molgenis.core.ui.admin.permission.PermissionManagerControllerTest"/>
  <testcase name="testUpdateUserPluginPermissions" time="0.060" classname="org.molgenis.core.ui.admin.permission.PermissionManagerControllerTest"/>
  <testcase name="testGetUserPluginPermissions" time="0.043" classname="org.molgenis.core.ui.admin.permission.PermissionManagerControllerTest"/>
  <testcase name="testGetPackages" time="0.049" classname="org.molgenis.core.ui.admin.permission.PermissionManagerControllerTest"/>
  <testcase name="testUpdateEntityClassRlsEnableRls" time="0.053" classname="org.molgenis.core.ui.admin.permission.PermissionManagerControllerTest"/>
  <testcase name="testGetRolePackagePermissions" time="0.047" classname="org.molgenis.core.ui.admin.permission.PermissionManagerControllerTest"/>
  <testcase name="testUpdateUserEntityClassPermissions" time="0.057" classname="org.molgenis.core.ui.admin.permission.PermissionManagerControllerTest"/>
  <testcase name="testUpdateRolePackagePermissions" time="0.053" classname="org.molgenis.core.ui.admin.permission.PermissionManagerControllerTest"/>
  <testcase name="testUpdateEntityClassRlsDisableRls" time="0.347" classname="org.molgenis.core.ui.admin.permission.PermissionManagerControllerTest"/>
  <testcase name="PermissionManagerController" time="0.032" classname="org.molgenis.core.ui.admin.permission.PermissionManagerControllerTest"/>
  <testcase name="testUpdateRoleEntityTypePermissions" time="0.100" classname="org.molgenis.core.ui.admin.permission.PermissionManagerControllerTest"/>
  <testcase name="testGetRoles" time="0.027" classname="org.molgenis.core.ui.admin.permission.PermissionManagerControllerTest"/>
  <testcase name="testUpdateRolePluginPermissions" time="0.052" classname="org.molgenis.core.ui.admin.permission.PermissionManagerControllerTest"/>
  <testcase name="testGetUserPackagePermissions" time="0.055" classname="org.molgenis.core.ui.admin.permission.PermissionManagerControllerTest"/>
  <testcase name="testGetRoleEntityTypePermissions" time="0.203" classname="org.molgenis.core.ui.admin.permission.PermissionManagerControllerTest"/>
</testsuite> <!-- org.molgenis.core.ui.admin.permission.PermissionManagerControllerTest -->
