<?xml version="1.0" encoding="UTF-8"?>
<!-- Generated by org.testng.reporters.JUnitReportReporter -->
<testsuite hostname="cyclone1" name="org.molgenis.core.ui.style.StyleControllerTest" tests="2" failures="0" timestamp="6 Jun 2018 08:48:07 GMT" time="0.090" errors="0">
  <testcase name="testGetBs4Theme" time="0.051" classname="org.molgenis.core.ui.style.StyleControllerTest"/>
  <testcase name="testGetTheme" time="0.039" classname="org.molgenis.core.ui.style.StyleControllerTest"/>
</testsuite> <!-- org.molgenis.core.ui.style.StyleControllerTest -->
