<?xml version="1.0" encoding="UTF-8"?>
<!-- Generated by org.testng.reporters.JUnitReportReporter -->
<testsuite hostname="cyclone1" name="org.molgenis.core.ui.style.StyleControllerTest" tests="2" failures="0" timestamp="30 May 2018 12:54:05 GMT" time="0.213" errors="0">
  <testcase name="testGetBs4Theme" time="0.173" classname="org.molgenis.core.ui.style.StyleControllerTest"/>
  <testcase name="testGetTheme" time="0.040" classname="org.molgenis.core.ui.style.StyleControllerTest"/>
</testsuite> <!-- org.molgenis.core.ui.style.StyleControllerTest -->
