<?xml version="1.0" encoding="UTF-8"?>
<!-- Generated by org.testng.reporters.JUnitReportReporter -->
<testsuite hostname="cyclone1" name="org.molgenis.core.ui.MolgenisInterceptorTest" tests="2" failures="0" timestamp="30 May 2018 12:54:05 GMT" time="0.119" errors="0">
  <testcase name="MolgenisInterceptor" time="0.053" classname="org.molgenis.core.ui.MolgenisInterceptorTest"/>
  <testcase name="postHandle" time="0.066" classname="org.molgenis.core.ui.MolgenisInterceptorTest"/>
</testsuite> <!-- org.molgenis.core.ui.MolgenisInterceptorTest -->
