<?xml version="1.0" encoding="UTF-8"?>
<!-- Generated by org.testng.reporters.JUnitReportReporter -->
<testsuite hostname="cyclone1" name="org.molgenis.core.ui.security.MolgenisUiMenuPermissionDecoratorTest" tests="1" failures="0" timestamp="30 May 2018 12:54:05 GMT" time="0.007" errors="0">
  <testcase name="testGetActiveItem" time="0.007" classname="org.molgenis.core.ui.security.MolgenisUiMenuPermissionDecoratorTest"/>
</testsuite> <!-- org.molgenis.core.ui.security.MolgenisUiMenuPermissionDecoratorTest -->
