<?xml version="1.0" encoding="UTF-8"?>
<!-- Generated by org.testng.reporters.JUnitReportReporter -->
<testsuite hostname="cyclone1" name="org.molgenis.core.ui.thememanager.ThemeManagerControllerTest" tests="2" failures="0" timestamp="30 May 2018 12:54:05 GMT" time="0.210" errors="0">
  <testcase name="addBootstrap3ThemeOnly" time="0.147" classname="org.molgenis.core.ui.thememanager.ThemeManagerControllerTest"/>
  <testcase name="addBootstrap3and4Theme" time="0.063" classname="org.molgenis.core.ui.thememanager.ThemeManagerControllerTest"/>
</testsuite> <!-- org.molgenis.core.ui.thememanager.ThemeManagerControllerTest -->
