<?xml version="1.0" encoding="UTF-8"?>
<!-- Generated by org.testng.reporters.JUnitReportReporter -->
<testsuite hostname="cyclone1" name="org.molgenis.core.ui.controller.FeedbackControllerTest" tests="7" failures="0" timestamp="1 Jun 2018 11:38:14 GMT" time="0.809" errors="0">
  <testcase name="initFeedbackLoggedIn" time="0.031" classname="org.molgenis.core.ui.controller.FeedbackControllerTest"/>
  <testcase name="submitInvalidCaptcha" time="0.046" classname="org.molgenis.core.ui.controller.FeedbackControllerTest"/>
  <testcase name="submitErrorWhileSendingMail" time="0.045" classname="org.molgenis.core.ui.controller.FeedbackControllerTest"/>
  <testcase name="initFeedbackLoggedInDetailsUnknown" time="0.024" classname="org.molgenis.core.ui.controller.FeedbackControllerTest"/>
  <testcase name="initFeedbackAnonymous" time="0.031" classname="org.molgenis.core.ui.controller.FeedbackControllerTest"/>
  <testcase name="submitFeedbackNotSpecified" time="0.080" classname="org.molgenis.core.ui.controller.FeedbackControllerTest"/>
  <testcase name="submit" time="0.552" classname="org.molgenis.core.ui.controller.FeedbackControllerTest"/>
</testsuite> <!-- org.molgenis.core.ui.controller.FeedbackControllerTest -->
