<?xml version="1.0" encoding="UTF-8"?>
<!-- Generated by org.testng.reporters.JUnitReportReporter -->
<testsuite hostname="cyclone1" name="org.molgenis.core.ui.menu.MenuReaderServiceImplTest" tests="2" failures="0" timestamp="1 Jun 2018 11:38:14 GMT" time="0.060" errors="0">
  <testcase name="MenuReaderServiceImpl" time="0.001" classname="org.molgenis.core.ui.menu.MenuReaderServiceImplTest"/>
  <testcase name="getMenu" time="0.059" classname="org.molgenis.core.ui.menu.MenuReaderServiceImplTest"/>
</testsuite> <!-- org.molgenis.core.ui.menu.MenuReaderServiceImplTest -->
