<?xml version="1.0" encoding="UTF-8"?>
<!-- Generated by org.testng.reporters.JUnitReportReporter -->
<testsuite hostname="cyclone1" name="org.molgenis.core.ui.admin.user.UserAccountControllerMockMvcTest" tests="4" failures="0" timestamp="4 Jun 2018 11:16:10 GMT" time="0.172" errors="0">
  <testcase name="changeLanguageForbidden" time="0.048" classname="org.molgenis.core.ui.admin.user.UserAccountControllerMockMvcTest"/>
  <testcase name="changeLanguageOk" time="0.066" classname="org.molgenis.core.ui.admin.user.UserAccountControllerMockMvcTest"/>
  <testcase name="changeLanguageNPE" time="0.032" classname="org.molgenis.core.ui.admin.user.UserAccountControllerMockMvcTest"/>
  <testcase name="changeLanguageUnknownLanguage" time="0.026" classname="org.molgenis.core.ui.admin.user.UserAccountControllerMockMvcTest"/>
</testsuite> <!-- org.molgenis.core.ui.admin.user.UserAccountControllerMockMvcTest -->
