<?xml version="1.0" encoding="UTF-8"?>
<!-- Generated by org.testng.reporters.JUnitReportReporter -->
<testsuite hostname="cyclone1" name="org.molgenis.core.ui.admin.permission.exception.UnexpectedPermissionExceptionTest" tests="1" failures="0" timestamp="6 Jun 2018 08:48:07 GMT" time="0.010" errors="0">
  <testcase name="testUnexpectedPermissionException" time="0.010" classname="org.molgenis.core.ui.admin.permission.exception.UnexpectedPermissionExceptionTest"/>
</testsuite> <!-- org.molgenis.core.ui.admin.permission.exception.UnexpectedPermissionExceptionTest -->
