<?xml version="1.0" encoding="UTF-8"?>
<!-- Generated by org.testng.reporters.JUnitReportReporter -->
<testsuite hostname="cyclone1" name="org.molgenis.core.ui.menu.MenuMolgenisUiTest" tests="4" failures="0" timestamp="30 May 2018 12:54:05 GMT" time="0.086" errors="0">
  <testcase name="getMenuString_subMenu" time="0.000" classname="org.molgenis.core.ui.menu.MenuMolgenisUiTest"/>
  <testcase name="MenuMolgenisUi" time="0.001" classname="org.molgenis.core.ui.menu.MenuMolgenisUiTest"/>
  <testcase name="getMenu" time="0.084" classname="org.molgenis.core.ui.menu.MenuMolgenisUiTest"/>
  <testcase name="getMenuString_topMenu" time="0.001" classname="org.molgenis.core.ui.menu.MenuMolgenisUiTest"/>
</testsuite> <!-- org.molgenis.core.ui.menu.MenuMolgenisUiTest -->
