<?xml version="1.0" encoding="UTF-8"?>
<!-- Generated by org.testng.reporters.JUnitReportReporter -->
<testsuite hostname="cyclone1" name="org.molgenis.core.ui.admin.permission.exception.UnexpectedPermissionExceptionTest" tests="1" failures="0" timestamp="30 May 2018 12:54:05 GMT" time="1.261" errors="0">
  <testcase name="testUnexpectedPermissionException" time="1.261" classname="org.molgenis.core.ui.admin.permission.exception.UnexpectedPermissionExceptionTest"/>
</testsuite> <!-- org.molgenis.core.ui.admin.permission.exception.UnexpectedPermissionExceptionTest -->
