<?xml version="1.0" encoding="UTF-8"?>
<!-- Generated by org.testng.reporters.JUnitReportReporter -->
<testsuite hostname="cyclone1" name="org.molgenis.core.ui.admin.permission.PermissionManagerControllerTest" tests="21" failures="0" timestamp="6 Jun 2018 21:45:40 GMT" time="1.549" errors="0">
  <testcase name="PermissionManagerController" time="0.034" classname="org.molgenis.core.ui.admin.permission.PermissionManagerControllerTest"/>
  <testcase name="testGetPackages" time="0.036" classname="org.molgenis.core.ui.admin.permission.PermissionManagerControllerTest"/>
  <testcase name="testUpdateEntityClassRlsDisableRls" time="0.218" classname="org.molgenis.core.ui.admin.permission.PermissionManagerControllerTest"/>
  <testcase name="testGetPlugins" time="0.043" classname="org.molgenis.core.ui.admin.permission.PermissionManagerControllerTest"/>
  <testcase name="testGetRoleEntityTypePermissions" time="0.133" classname="org.molgenis.core.ui.admin.permission.PermissionManagerControllerTest"/>
  <testcase name="testGetUsers" time="0.038" classname="org.molgenis.core.ui.admin.permission.PermissionManagerControllerTest"/>
  <testcase name="testGetUserPluginPermissions" time="0.036" classname="org.molgenis.core.ui.admin.permission.PermissionManagerControllerTest"/>
  <testcase name="testGetUserEntityClassPermissions" time="0.042" classname="org.molgenis.core.ui.admin.permission.PermissionManagerControllerTest"/>
  <testcase name="testGetRolePackagePermissions" time="0.040" classname="org.molgenis.core.ui.admin.permission.PermissionManagerControllerTest"/>
  <testcase name="testGetRoles" time="0.040" classname="org.molgenis.core.ui.admin.permission.PermissionManagerControllerTest"/>
  <testcase name="testUpdateRoleEntityTypePermissions" time="0.068" classname="org.molgenis.core.ui.admin.permission.PermissionManagerControllerTest"/>
  <testcase name="testGetRolePluginPermissions" time="0.039" classname="org.molgenis.core.ui.admin.permission.PermissionManagerControllerTest"/>
  <testcase name="testUpdateRolePluginPermissions" time="0.029" classname="org.molgenis.core.ui.admin.permission.PermissionManagerControllerTest"/>
  <testcase name="testUpdateEntityClassRlsEnableRls" time="0.034" classname="org.molgenis.core.ui.admin.permission.PermissionManagerControllerTest"/>
  <testcase name="testUpdateUserEntityClassPermissions" time="0.038" classname="org.molgenis.core.ui.admin.permission.PermissionManagerControllerTest"/>
  <testcase name="testGetUserPackagePermissions" time="0.041" classname="org.molgenis.core.ui.admin.permission.PermissionManagerControllerTest"/>
  <testcase name="testUpdateUserPluginPermissions" time="0.035" classname="org.molgenis.core.ui.admin.permission.PermissionManagerControllerTest"/>
  <testcase name="testUpdateRolePackagePermissions" time="0.036" classname="org.molgenis.core.ui.admin.permission.PermissionManagerControllerTest"/>
  <testcase name="init" time="0.047" classname="org.molgenis.core.ui.admin.permission.PermissionManagerControllerTest"/>
  <testcase name="testUpdateUserPackagePermissions" time="0.039" classname="org.molgenis.core.ui.admin.permission.PermissionManagerControllerTest"/>
  <testcase name="testUpdateEntityClassRlsSystemEntityType" time="0.483" classname="org.molgenis.core.ui.admin.permission.PermissionManagerControllerTest"/>
</testsuite> <!-- org.molgenis.core.ui.admin.permission.PermissionManagerControllerTest -->
