<?xml version="1.0" encoding="UTF-8"?>
<!-- Generated by org.testng.reporters.JUnitReportReporter -->
<testsuite hostname="cyclone1" name="org.molgenis.core.ui.admin.permission.PermissionManagerControllerTest" tests="21" failures="0" timestamp="30 May 2018 12:54:05 GMT" time="4.350" errors="0">
  <testcase name="testUpdateUserPluginPermissions" time="0.048" classname="org.molgenis.core.ui.admin.permission.PermissionManagerControllerTest"/>
  <testcase name="testUpdateUserEntityClassPermissions" time="0.044" classname="org.molgenis.core.ui.admin.permission.PermissionManagerControllerTest"/>
  <testcase name="testGetPlugins" time="0.045" classname="org.molgenis.core.ui.admin.permission.PermissionManagerControllerTest"/>
  <testcase name="init" time="0.157" classname="org.molgenis.core.ui.admin.permission.PermissionManagerControllerTest"/>
  <testcase name="testGetPackages" time="0.051" classname="org.molgenis.core.ui.admin.permission.PermissionManagerControllerTest"/>
  <testcase name="testGetRolePackagePermissions" time="0.051" classname="org.molgenis.core.ui.admin.permission.PermissionManagerControllerTest"/>
  <testcase name="testUpdateEntityClassRlsEnableRls" time="0.052" classname="org.molgenis.core.ui.admin.permission.PermissionManagerControllerTest"/>
  <testcase name="testUpdateEntityClassRlsSystemEntityType" time="0.044" classname="org.molgenis.core.ui.admin.permission.PermissionManagerControllerTest"/>
  <testcase name="PermissionManagerController" time="0.057" classname="org.molgenis.core.ui.admin.permission.PermissionManagerControllerTest"/>
  <testcase name="testGetUserPackagePermissions" time="0.044" classname="org.molgenis.core.ui.admin.permission.PermissionManagerControllerTest"/>
  <testcase name="testUpdateRolePackagePermissions" time="0.047" classname="org.molgenis.core.ui.admin.permission.PermissionManagerControllerTest"/>
  <testcase name="testUpdateEntityClassRlsDisableRls" time="0.378" classname="org.molgenis.core.ui.admin.permission.PermissionManagerControllerTest"/>
  <testcase name="testUpdateUserPackagePermissions" time="0.053" classname="org.molgenis.core.ui.admin.permission.PermissionManagerControllerTest"/>
  <testcase name="testGetRoles" time="2.727" classname="org.molgenis.core.ui.admin.permission.PermissionManagerControllerTest"/>
  <testcase name="testGetUsers" time="0.047" classname="org.molgenis.core.ui.admin.permission.PermissionManagerControllerTest"/>
  <testcase name="testGetRoleEntityTypePermissions" time="0.194" classname="org.molgenis.core.ui.admin.permission.PermissionManagerControllerTest"/>
  <testcase name="testGetRolePluginPermissions" time="0.055" classname="org.molgenis.core.ui.admin.permission.PermissionManagerControllerTest"/>
  <testcase name="testGetUserEntityClassPermissions" time="0.048" classname="org.molgenis.core.ui.admin.permission.PermissionManagerControllerTest"/>
  <testcase name="testGetUserPluginPermissions" time="0.055" classname="org.molgenis.core.ui.admin.permission.PermissionManagerControllerTest"/>
  <testcase name="testUpdateRolePluginPermissions" time="0.059" classname="org.molgenis.core.ui.admin.permission.PermissionManagerControllerTest"/>
  <testcase name="testUpdateRoleEntityTypePermissions" time="0.094" classname="org.molgenis.core.ui.admin.permission.PermissionManagerControllerTest"/>
</testsuite> <!-- org.molgenis.core.ui.admin.permission.PermissionManagerControllerTest -->
