<?xml version="1.0" encoding="UTF-8"?>
<!-- Generated by org.testng.reporters.JUnitReportReporter -->
<testsuite hostname="cyclone1" name="org.molgenis.core.ui.admin.usermanager.UserManagerServiceImplTest" tests="3" failures="0" timestamp="6 Jun 2018 14:21:10 GMT" time="0.037" errors="0">
  <testcase name="userManagerServiceImpl" time="0.000" classname="org.molgenis.core.ui.admin.usermanager.UserManagerServiceImplTest"/>
  <testcase name="getAllMolgenisUsersSu" time="0.008" classname="org.molgenis.core.ui.admin.usermanager.UserManagerServiceImplTest"/>
  <testcase name="getAllMolgenisUsersNonSu" time="0.029" classname="org.molgenis.core.ui.admin.usermanager.UserManagerServiceImplTest"/>
</testsuite> <!-- org.molgenis.core.ui.admin.usermanager.UserManagerServiceImplTest -->
