<?xml version="1.0" encoding="UTF-8"?>
<!-- Generated by org.testng.reporters.JUnitReportReporter -->
<testsuite hostname="cyclone1" name="org.molgenis.core.ui.data.importer.wizard.ImportWizardControllerTest" tests="3" failures="0" timestamp="6 Jun 2018 08:48:07 GMT" time="0.459" errors="0">
  <testcase name="testImportFile" time="0.006" classname="org.molgenis.core.ui.data.importer.wizard.ImportWizardControllerTest"/>
  <testcase name="testImportFile" time="0.444" classname="org.molgenis.core.ui.data.importer.wizard.ImportWizardControllerTest"/>
  <testcase name="testImportFileActionUnknown" time="0.009" classname="org.molgenis.core.ui.data.importer.wizard.ImportWizardControllerTest"/>
</testsuite> <!-- org.molgenis.core.ui.data.importer.wizard.ImportWizardControllerTest -->
