<?xml version="1.0" encoding="UTF-8"?>
<!-- Generated by org.testng.reporters.JUnitReportReporter -->
<testsuite hostname="cyclone1" name="org.molgenis.core.ui.data.importer.wizard.ImportWizardControllerTest" tests="3" failures="0" timestamp="6 Jun 2018 14:21:10 GMT" time="0.409" errors="0">
  <testcase name="testImportFile" time="0.391" classname="org.molgenis.core.ui.data.importer.wizard.ImportWizardControllerTest"/>
  <testcase name="testImportFile" time="0.011" classname="org.molgenis.core.ui.data.importer.wizard.ImportWizardControllerTest"/>
  <testcase name="testImportFileActionUnknown" time="0.007" classname="org.molgenis.core.ui.data.importer.wizard.ImportWizardControllerTest"/>
</testsuite> <!-- org.molgenis.core.ui.data.importer.wizard.ImportWizardControllerTest -->
