<?xml version="1.0" encoding="UTF-8"?>
<!-- Generated by org.testng.reporters.JUnitReportReporter -->
<testsuite hostname="cyclone1" name="org.molgenis.core.ui.data.importer.wizard.ImportWizardControllerMockMVCTest" tests="2" failures="0" timestamp="6 Jun 2018 14:21:10 GMT" time="0.241" errors="0">
  <testcase name="testRepositoryExists" time="0.174" classname="org.molgenis.core.ui.data.importer.wizard.ImportWizardControllerMockMVCTest"/>
  <testcase name="testInvalidAction" time="0.067" classname="org.molgenis.core.ui.data.importer.wizard.ImportWizardControllerMockMVCTest"/>
</testsuite> <!-- org.molgenis.core.ui.data.importer.wizard.ImportWizardControllerMockMVCTest -->
