<?xml version="1.0" encoding="UTF-8"?>
<!-- Generated by org.testng.reporters.JUnitReportReporter -->
<testsuite hostname="cyclone1" name="org.molgenis.core.ui.menu.MenuItemToMolgenisUiMenuAdapterTest" tests="8" failures="0" timestamp="4 Jun 2018 11:16:10 GMT" time="0.038" errors="0">
  <testcase name="containsItem_child" time="0.000" classname="org.molgenis.core.ui.menu.MenuItemToMolgenisUiMenuAdapterTest"/>
  <testcase name="getBreadcrumb_subsubmenu" time="0.000" classname="org.molgenis.core.ui.menu.MenuItemToMolgenisUiMenuAdapterTest"/>
  <testcase name="MenuItemToMolgenisUiMenuAdapter" time="0.000" classname="org.molgenis.core.ui.menu.MenuItemToMolgenisUiMenuAdapterTest"/>
  <testcase name="getActiveItem" time="0.000" classname="org.molgenis.core.ui.menu.MenuItemToMolgenisUiMenuAdapterTest"/>
  <testcase name="getBreadcrumb_menu" time="0.001" classname="org.molgenis.core.ui.menu.MenuItemToMolgenisUiMenuAdapterTest"/>
  <testcase name="getBreadcrumb_submenu" time="0.009" classname="org.molgenis.core.ui.menu.MenuItemToMolgenisUiMenuAdapterTest"/>
  <testcase name="containsItem_excludeSelf" time="0.000" classname="org.molgenis.core.ui.menu.MenuItemToMolgenisUiMenuAdapterTest"/>
  <testcase name="getItems" time="0.028" classname="org.molgenis.core.ui.menu.MenuItemToMolgenisUiMenuAdapterTest"/>
</testsuite> <!-- org.molgenis.core.ui.menu.MenuItemToMolgenisUiMenuAdapterTest -->
