<?xml version="1.0" encoding="UTF-8"?>
<!-- Generated by org.testng.reporters.JUnitReportReporter -->
<testsuite hostname="cyclone1" name="org.molgenis.core.ui.security.MolgenisAccessDecisionVoterTest" tests="15" failures="0" timestamp="6 Jun 2018 14:21:10 GMT" time="0.125" errors="0">
  <testcase name="vote_pluginGranted" time="0.001" classname="org.molgenis.core.ui.security.MolgenisAccessDecisionVoterTest"/>
  <testcase name="vote_menuGranted" time="0.002" classname="org.molgenis.core.ui.security.MolgenisAccessDecisionVoterTest"/>
  <testcase name="vote_pluginDenied" time="0.002" classname="org.molgenis.core.ui.security.MolgenisAccessDecisionVoterTest"/>
  <testcase name="vote_menuDenied" time="0.037" classname="org.molgenis.core.ui.security.MolgenisAccessDecisionVoterTest"/>
  <testcase name="vote_menuSlashGranted" time="0.002" classname="org.molgenis.core.ui.security.MolgenisAccessDecisionVoterTest"/>
  <testcase name="vote_menuPluginSlashGranted" time="0.001" classname="org.molgenis.core.ui.security.MolgenisAccessDecisionVoterTest"/>
  <testcase name="vote_menuPluginGranted" time="0.001" classname="org.molgenis.core.ui.security.MolgenisAccessDecisionVoterTest"/>
  <testcase name="vote_menuPluginSlashDenied" time="0.071" classname="org.molgenis.core.ui.security.MolgenisAccessDecisionVoterTest"/>
  <testcase name="vote_menuPluginWithPathGranted" time="0.000" classname="org.molgenis.core.ui.security.MolgenisAccessDecisionVoterTest"/>
  <testcase name="vote_menuPluginWithParamsDenied" time="0.001" classname="org.molgenis.core.ui.security.MolgenisAccessDecisionVoterTest"/>
  <testcase name="vote_menuPluginWithPathDenied" time="0.001" classname="org.molgenis.core.ui.security.MolgenisAccessDecisionVoterTest"/>
  <testcase name="vote_noPluginNoMenu" time="0.000" classname="org.molgenis.core.ui.security.MolgenisAccessDecisionVoterTest"/>
  <testcase name="vote_menuPluginDenied" time="0.002" classname="org.molgenis.core.ui.security.MolgenisAccessDecisionVoterTest"/>
  <testcase name="vote_menuPluginWithParamsGranted" time="0.002" classname="org.molgenis.core.ui.security.MolgenisAccessDecisionVoterTest"/>
  <testcase name="vote_menuSlashDenied" time="0.002" classname="org.molgenis.core.ui.security.MolgenisAccessDecisionVoterTest"/>
</testsuite> <!-- org.molgenis.core.ui.security.MolgenisAccessDecisionVoterTest -->
