<?xml version="1.0" encoding="UTF-8"?>
<!-- Generated by org.testng.reporters.JUnitReportReporter -->
<testsuite hostname="cyclone1" name="org.molgenis.core.ui.data.importer.wizard.ImportWizardControllerMockMVCTest" tests="2" failures="0" timestamp="6 Jun 2018 08:48:07 GMT" time="0.251" errors="0">
  <testcase name="testInvalidAction" time="0.202" classname="org.molgenis.core.ui.data.importer.wizard.ImportWizardControllerMockMVCTest"/>
  <testcase name="testRepositoryExists" time="0.049" classname="org.molgenis.core.ui.data.importer.wizard.ImportWizardControllerMockMVCTest"/>
</testsuite> <!-- org.molgenis.core.ui.data.importer.wizard.ImportWizardControllerMockMVCTest -->
