<?xml version="1.0" encoding="UTF-8"?>
<!-- Generated by org.testng.reporters.JUnitReportReporter -->
<testsuite hostname="cyclone1" name="org.molgenis.core.ui.freemarker.RepositoryTemplateLoaderTest" tests="4" failures="0" timestamp="30 May 2018 12:54:05 GMT" time="0.017" errors="0">
  <testcase name="lastModifiedEqualsMinusOne" time="0.007" classname="org.molgenis.core.ui.freemarker.RepositoryTemplateLoaderTest"/>
  <testcase name="sourceBelongsToContentAndCanBeReadMultipleTimes" time="0.001" classname="org.molgenis.core.ui.freemarker.RepositoryTemplateLoaderTest"/>
  <testcase name="newSourceReturnedWhenContentChanges" time="0.008" classname="org.molgenis.core.ui.freemarker.RepositoryTemplateLoaderTest"/>
  <testcase name="loadAndRead" time="0.001" classname="org.molgenis.core.ui.freemarker.RepositoryTemplateLoaderTest"/>
</testsuite> <!-- org.molgenis.core.ui.freemarker.RepositoryTemplateLoaderTest -->
