<?xml version="1.0" encoding="UTF-8"?>
<!-- Generated by org.testng.reporters.JUnitReportReporter -->
<testsuite hostname="cyclone1" name="org.molgenis.core.ui.data.importer.wizard.ImportWizardControllerMockMVCTest" tests="2" failures="0" timestamp="30 May 2018 12:54:05 GMT" time="0.611" errors="0">
  <testcase name="testRepositoryExists" time="0.529" classname="org.molgenis.core.ui.data.importer.wizard.ImportWizardControllerMockMVCTest"/>
  <testcase name="testInvalidAction" time="0.082" classname="org.molgenis.core.ui.data.importer.wizard.ImportWizardControllerMockMVCTest"/>
</testsuite> <!-- org.molgenis.core.ui.data.importer.wizard.ImportWizardControllerMockMVCTest -->
