<?xml version="1.0" encoding="UTF-8"?>
<!-- Generated by org.testng.reporters.JUnitReportReporter -->
<testsuite hostname="cyclone1" name="org.molgenis.core.ui.browserdetection.BrowserDetectionFilterTest" tests="1" failures="0" timestamp="1 Jun 2018 11:38:14 GMT" time="0.093" errors="0">
  <testcase name="isSupported" time="0.093" classname="org.molgenis.core.ui.browserdetection.BrowserDetectionFilterTest"/>
</testsuite> <!-- org.molgenis.core.ui.browserdetection.BrowserDetectionFilterTest -->
