<?xml version="1.0" encoding="UTF-8"?>
<!-- Generated by org.testng.reporters.JUnitReportReporter -->
<testsuite hostname="cyclone1" name="org.molgenis.core.ui.style.StyleControllerTest" tests="2" failures="0" timestamp="6 Jun 2018 14:21:10 GMT" time="0.201" errors="0">
  <testcase name="testGetTheme" time="0.099" classname="org.molgenis.core.ui.style.StyleControllerTest"/>
  <testcase name="testGetBs4Theme" time="0.102" classname="org.molgenis.core.ui.style.StyleControllerTest"/>
</testsuite> <!-- org.molgenis.core.ui.style.StyleControllerTest -->
