<?xml version="1.0" encoding="UTF-8"?>
<!-- Generated by org.testng.reporters.JUnitReportReporter -->
<testsuite hostname="cyclone1" name="org.molgenis.core.ui.style.StyleTest" tests="1" failures="0" timestamp="4 Jun 2018 11:16:10 GMT" time="0.000" errors="0">
  <testcase name="createLocal" time="0.000" classname="org.molgenis.core.ui.style.StyleTest"/>
</testsuite> <!-- org.molgenis.core.ui.style.StyleTest -->
