<?xml version="1.0" encoding="UTF-8"?>
<!-- Generated by org.testng.reporters.JUnitReportReporter -->
<testsuite hostname="cyclone1" name="org.molgenis.core.ui.data.system.core.FreemarkerTemplateTest" tests="2" failures="0" timestamp="30 May 2018 12:54:05 GMT" time="0.086" errors="0">
  <testcase name="testGetNameWithoutExtensionEndsWithFtl" time="0.085" classname="org.molgenis.core.ui.data.system.core.FreemarkerTemplateTest"/>
  <testcase name="testGetNameWithoutExtensionNotEndsWithFtl" time="0.001" classname="org.molgenis.core.ui.data.system.core.FreemarkerTemplateTest"/>
</testsuite> <!-- org.molgenis.core.ui.data.system.core.FreemarkerTemplateTest -->
