<?xml version="1.0" encoding="UTF-8"?>
<!-- Generated by org.testng.reporters.JUnitReportReporter -->
<testsuite hostname="cyclone1" name="org.molgenis.core.ui.menu.MenuUtilsTest" tests="2" failures="0" timestamp="6 Jun 2018 08:48:07 GMT" time="0.021" errors="0">
  <testcase name="findMenuItemPath" time="0.002" classname="org.molgenis.core.ui.menu.MenuUtilsTest"/>
  <testcase name="getMenuJson" time="0.019" classname="org.molgenis.core.ui.menu.MenuUtilsTest"/>
</testsuite> <!-- org.molgenis.core.ui.menu.MenuUtilsTest -->
