<?xml version="1.0" encoding="UTF-8"?>
<!-- Generated by org.testng.reporters.JUnitReportReporter -->
<testsuite hostname="cyclone1" name="org.molgenis.core.ui.wizard.WizardTest" tests="9" failures="0" timestamp="6 Jun 2018 21:45:40 GMT" time="0.002" errors="0">
  <testcase name="next" time="0.000" classname="org.molgenis.core.ui.wizard.WizardTest"/>
  <testcase name="getCurrentPage" time="0.001" classname="org.molgenis.core.ui.wizard.WizardTest"/>
  <testcase name="isFirstPage" time="0.000" classname="org.molgenis.core.ui.wizard.WizardTest"/>
  <testcase name="getPreviousButton" time="0.000" classname="org.molgenis.core.ui.wizard.WizardTest"/>
  <testcase name="addPage" time="0.000" classname="org.molgenis.core.ui.wizard.WizardTest"/>
  <testcase name="getNextButton" time="0.001" classname="org.molgenis.core.ui.wizard.WizardTest"/>
  <testcase name="getPages" time="0.000" classname="org.molgenis.core.ui.wizard.WizardTest"/>
  <testcase name="isLastPage" time="0.000" classname="org.molgenis.core.ui.wizard.WizardTest"/>
  <testcase name="previous" time="0.000" classname="org.molgenis.core.ui.wizard.WizardTest"/>
</testsuite> <!-- org.molgenis.core.ui.wizard.WizardTest -->
