<?xml version="1.0" encoding="UTF-8"?>
<!-- Generated by org.testng.reporters.JUnitReportReporter -->
<testsuite hostname="cyclone1" name="org.molgenis.core.ui.MolgenisInterceptorTest" tests="2" failures="0" timestamp="6 Jun 2018 14:21:10 GMT" time="0.064" errors="0">
  <testcase name="postHandle" time="0.062" classname="org.molgenis.core.ui.MolgenisInterceptorTest"/>
  <testcase name="MolgenisInterceptor" time="0.002" classname="org.molgenis.core.ui.MolgenisInterceptorTest"/>
</testsuite> <!-- org.molgenis.core.ui.MolgenisInterceptorTest -->
