<?xml version="1.0" encoding="UTF-8"?>
<!-- Generated by org.testng.reporters.JUnitReportReporter -->
<testsuite hostname="cyclone1" name="org.molgenis.core.ui.menu.MenuItemToMolgenisUiMenuAdapterTest" tests="8" failures="0" timestamp="30 May 2018 12:54:05 GMT" time="0.353" errors="0">
  <testcase name="getItems" time="0.011" classname="org.molgenis.core.ui.menu.MenuItemToMolgenisUiMenuAdapterTest"/>
  <testcase name="containsItem_excludeSelf" time="0.001" classname="org.molgenis.core.ui.menu.MenuItemToMolgenisUiMenuAdapterTest"/>
  <testcase name="getActiveItem" time="0.000" classname="org.molgenis.core.ui.menu.MenuItemToMolgenisUiMenuAdapterTest"/>
  <testcase name="getBreadcrumb_subsubmenu" time="0.000" classname="org.molgenis.core.ui.menu.MenuItemToMolgenisUiMenuAdapterTest"/>
  <testcase name="MenuItemToMolgenisUiMenuAdapter" time="0.260" classname="org.molgenis.core.ui.menu.MenuItemToMolgenisUiMenuAdapterTest"/>
  <testcase name="containsItem_child" time="0.079" classname="org.molgenis.core.ui.menu.MenuItemToMolgenisUiMenuAdapterTest"/>
  <testcase name="getBreadcrumb_submenu" time="0.002" classname="org.molgenis.core.ui.menu.MenuItemToMolgenisUiMenuAdapterTest"/>
  <testcase name="getBreadcrumb_menu" time="0.000" classname="org.molgenis.core.ui.menu.MenuItemToMolgenisUiMenuAdapterTest"/>
</testsuite> <!-- org.molgenis.core.ui.menu.MenuItemToMolgenisUiMenuAdapterTest -->
