<?xml version="1.0" encoding="UTF-8"?>
<!-- Generated by org.testng.reporters.JUnitReportReporter -->
<testsuite hostname="cyclone1" name="org.molgenis.core.ui.style.StyleControllerTest" tests="2" failures="0" timestamp="6 Jun 2018 21:45:40 GMT" time="2.403" errors="0">
  <testcase name="testGetTheme" time="2.074" classname="org.molgenis.core.ui.style.StyleControllerTest"/>
  <testcase name="testGetBs4Theme" time="0.329" classname="org.molgenis.core.ui.style.StyleControllerTest"/>
</testsuite> <!-- org.molgenis.core.ui.style.StyleControllerTest -->
