<?xml version="1.0" encoding="UTF-8"?>
<!-- Generated by org.testng.reporters.JUnitReportReporter -->
<testsuite hostname="cyclone1" name="org.molgenis.core.ui.MolgenisInterceptorTest" tests="2" failures="0" timestamp="6 Jun 2018 21:45:40 GMT" time="0.121" errors="0">
  <testcase name="postHandle" time="0.120" classname="org.molgenis.core.ui.MolgenisInterceptorTest"/>
  <testcase name="MolgenisInterceptor" time="0.001" classname="org.molgenis.core.ui.MolgenisInterceptorTest"/>
</testsuite> <!-- org.molgenis.core.ui.MolgenisInterceptorTest -->
