<?xml version="1.0" encoding="UTF-8"?>
<!-- Generated by org.testng.reporters.JUnitReportReporter -->
<testsuite hostname="cyclone1" name="org.molgenis.core.ui.XmlMolgenisUiPluginTest" tests="8" failures="0" timestamp="6 Jun 2018 21:45:40 GMT" time="1.239" errors="0">
  <testcase name="getType" time="0.000" classname="org.molgenis.core.ui.XmlMolgenisUiPluginTest"/>
  <testcase name="isAuthorized_notAuthorized" time="0.001" classname="org.molgenis.core.ui.XmlMolgenisUiPluginTest"/>
  <testcase name="XmlMolgenisUiPlugin" time="0.003" classname="org.molgenis.core.ui.XmlMolgenisUiPluginTest"/>
  <testcase name="getId" time="0.006" classname="org.molgenis.core.ui.XmlMolgenisUiPluginTest"/>
  <testcase name="isAuthorized" time="1.227" classname="org.molgenis.core.ui.XmlMolgenisUiPluginTest"/>
  <testcase name="getNameById" time="0.000" classname="org.molgenis.core.ui.XmlMolgenisUiPluginTest"/>
  <testcase name="getParentMenu" time="0.001" classname="org.molgenis.core.ui.XmlMolgenisUiPluginTest"/>
  <testcase name="getName" time="0.001" classname="org.molgenis.core.ui.XmlMolgenisUiPluginTest"/>
</testsuite> <!-- org.molgenis.core.ui.XmlMolgenisUiPluginTest -->
