<?xml version="1.0" encoding="UTF-8"?>
<!-- Generated by org.testng.reporters.JUnitReportReporter -->
<testsuite hostname="cyclone1" name="org.molgenis.core.ui.MolgenisInterceptorTest" tests="2" failures="0" timestamp="1 Jun 2018 11:38:14 GMT" time="0.113" errors="0">
  <testcase name="postHandle" time="0.067" classname="org.molgenis.core.ui.MolgenisInterceptorTest"/>
  <testcase name="MolgenisInterceptor" time="0.046" classname="org.molgenis.core.ui.MolgenisInterceptorTest"/>
</testsuite> <!-- org.molgenis.core.ui.MolgenisInterceptorTest -->
