<?xml version="1.0" encoding="UTF-8"?>
<!-- Generated by org.testng.reporters.JUnitReportReporter -->
<testsuite hostname="cyclone1" name="org.molgenis.core.ui.XmlMolgenisUiMenuTest" tests="13" failures="0" timestamp="4 Jun 2018 11:16:10 GMT" time="0.017" errors="0">
  <testcase name="getItems" time="0.000" classname="org.molgenis.core.ui.XmlMolgenisUiMenuTest"/>
  <testcase name="getParentMenu" time="0.000" classname="org.molgenis.core.ui.XmlMolgenisUiMenuTest"/>
  <testcase name="getNameByName" time="0.000" classname="org.molgenis.core.ui.XmlMolgenisUiMenuTest"/>
  <testcase name="getId" time="0.001" classname="org.molgenis.core.ui.XmlMolgenisUiMenuTest"/>
  <testcase name="getType" time="0.000" classname="org.molgenis.core.ui.XmlMolgenisUiMenuTest"/>
  <testcase name="getName" time="0.001" classname="org.molgenis.core.ui.XmlMolgenisUiMenuTest"/>
  <testcase name="isAuthorized_partiallyAuthorized" time="0.001" classname="org.molgenis.core.ui.XmlMolgenisUiMenuTest"/>
  <testcase name="getBreadcrumb" time="0.001" classname="org.molgenis.core.ui.XmlMolgenisUiMenuTest"/>
  <testcase name="getActiveItem" time="0.001" classname="org.molgenis.core.ui.XmlMolgenisUiMenuTest"/>
  <testcase name="getActiveItem_noActiveItem" time="0.012" classname="org.molgenis.core.ui.XmlMolgenisUiMenuTest"/>
  <testcase name="isAuthorized" time="0.000" classname="org.molgenis.core.ui.XmlMolgenisUiMenuTest"/>
  <testcase name="XmlMolgenisUiMenu" time="0.000" classname="org.molgenis.core.ui.XmlMolgenisUiMenuTest"/>
  <testcase name="isAuthorized_notAuthorized" time="0.000" classname="org.molgenis.core.ui.XmlMolgenisUiMenuTest"/>
</testsuite> <!-- org.molgenis.core.ui.XmlMolgenisUiMenuTest -->
