<?xml version="1.0" encoding="UTF-8"?>
<!-- Generated by org.testng.reporters.JUnitReportReporter -->
<testsuite hostname="cyclone1" name="org.molgenis.ontology.sorta.services.SortaServiceImplTest" tests="4" failures="0" timestamp="1 Jun 2018 11:48:44 GMT" time="0.985" errors="0">
  <testcase name="findOntologyTermEntities" time="0.940" classname="org.molgenis.ontology.sorta.services.SortaServiceImplTest"/>
  <testcase name="getAllOntologyEntities" time="0.009" classname="org.molgenis.ontology.sorta.services.SortaServiceImplTest"/>
  <testcase name="getOntologyTermEntity" time="0.009" classname="org.molgenis.ontology.sorta.services.SortaServiceImplTest"/>
  <testcase name="getOntologyEntity" time="0.027" classname="org.molgenis.ontology.sorta.services.SortaServiceImplTest"/>
</testsuite> <!-- org.molgenis.ontology.sorta.services.SortaServiceImplTest -->
