<?xml version="1.0" encoding="UTF-8"?>
<!-- Generated by org.testng.reporters.JUnitReportReporter -->
<testsuite hostname="cyclone1" name="org.molgenis.ontology.roc.InformationContentServiceTest" tests="3" failures="0" timestamp="1 Jun 2018 11:48:44 GMT" time="0.286" errors="0">
  <testcase name="redistributedNGramScore" time="0.068" classname="org.molgenis.ontology.roc.InformationContentServiceTest"/>
  <testcase name="createStemmedWordSet" time="0.066" classname="org.molgenis.ontology.roc.InformationContentServiceTest"/>
  <testcase name="createWordIDF" time="0.152" classname="org.molgenis.ontology.roc.InformationContentServiceTest"/>
</testsuite> <!-- org.molgenis.ontology.roc.InformationContentServiceTest -->
