<?xml version="1.0" encoding="UTF-8"?>
<!-- Generated by org.testng.reporters.JUnitReportReporter -->
<testsuite hostname="cyclone1" name="org.molgenis.ontology.importer.repository.OntologyRepositoryCollectionTest" tests="5" failures="0" timestamp="1 Jun 2018 11:48:44 GMT" time="0.843" errors="0">
  <testcase name="ontologyTermSynonymRepositoryIterator" time="0.019" classname="org.molgenis.ontology.importer.repository.OntologyRepositoryCollectionTest"/>
  <testcase name="ontologyTermNodePathRepositoryIterator" time="0.767" classname="org.molgenis.ontology.importer.repository.OntologyRepositoryCollectionTest"/>
  <testcase name="ontologyTermRepositoryIterator" time="0.019" classname="org.molgenis.ontology.importer.repository.OntologyRepositoryCollectionTest"/>
  <testcase name="ontologyTermDynamicAnnotationRepositoryIterator" time="0.019" classname="org.molgenis.ontology.importer.repository.OntologyRepositoryCollectionTest"/>
  <testcase name="ontologyRepositoryIterator" time="0.019" classname="org.molgenis.ontology.importer.repository.OntologyRepositoryCollectionTest"/>
</testsuite> <!-- org.molgenis.ontology.importer.repository.OntologyRepositoryCollectionTest -->
