<?xml version="1.0" encoding="UTF-8"?>
<!-- Generated by org.testng.reporters.JUnitReportReporter -->
<testsuite hostname="cyclone1" name="org.molgenis.ontology.importer.OntologyImportServiceTest" tests="1" failures="0" timestamp="1 Jun 2018 11:48:44 GMT" time="0.219" errors="0">
  <testcase name="testDoImport" time="0.219" classname="org.molgenis.ontology.importer.OntologyImportServiceTest"/>
</testsuite> <!-- org.molgenis.ontology.importer.OntologyImportServiceTest -->
