<?xml version="1.0" encoding="UTF-8"?>
<!-- Generated by org.testng.reporters.JUnitReportReporter -->
<testsuite skipped="0" hostname="cyclone1" name="io.axway.iron.core.bugs.UncompletableCommandFutureTest" tests="1" failures="0" timestamp="11 Jun 2018 09:47:42 GMT" time="1.092" errors="0">
  <testcase name="ensureCommandFutureComplete" time="1.092" classname="io.axway.iron.core.bugs.UncompletableCommandFutureTest"/>
</testsuite> <!-- io.axway.iron.core.bugs.UncompletableCommandFutureTest -->
