<?xml version="1.0" encoding="UTF-8"?>
<!-- Generated by org.testng.reporters.JUnitReportReporter -->
<testsuite skipped="0" hostname="cyclone1" name="io.axway.iron.core.store.EnsureNextIdConsistencyTest" tests="1" failures="0" timestamp="11 Jun 2018 09:47:42 GMT" time="1.031" errors="0">
  <testcase name="shouldNotOpenStoreWithInconsistentNextId" time="1.031" classname="io.axway.iron.core.store.EnsureNextIdConsistencyTest"/>
</testsuite> <!-- io.axway.iron.core.store.EnsureNextIdConsistencyTest -->
