<?xml version="1.0" encoding="UTF-8"?>
<!-- Generated by org.testng.reporters.JUnitReportReporter -->
<testsuite skipped="0" hostname="cyclone1" name="io.axway.iron.core.bugs.CommandWithLongParameterTest" tests="2" failures="0" timestamp="11 Jun 2018 09:47:42 GMT" time="2.018" errors="0">
  <testcase name="ensureLongParameterInCommandWorks" time="1.007" classname="io.axway.iron.core.bugs.CommandWithLongParameterTest"/>
  <testcase name="ensureLongParameterInCommandWorks" time="1.011" classname="io.axway.iron.core.bugs.CommandWithLongParameterTest"/>
</testsuite> <!-- io.axway.iron.core.bugs.CommandWithLongParameterTest -->
