<?xml version="1.0" encoding="UTF-8"?>
<!-- Generated by org.testng.reporters.JUnitReportReporter -->
<testsuite skipped="0" hostname="cyclone1" name="io.axway.iron.core.bugs.CommandWithLongCollectionParameterTest" tests="6" failures="0" timestamp="11 Jun 2018 09:47:42 GMT" time="6.053" errors="0">
  <testcase name="ensureLongCollectionParameterInCommandWorks" time="1.007" classname="io.axway.iron.core.bugs.CommandWithLongCollectionParameterTest"/>
  <testcase name="ensureLongCollectionParameterInCommandWorks" time="1.007" classname="io.axway.iron.core.bugs.CommandWithLongCollectionParameterTest"/>
  <testcase name="ensureLongCollectionParameterInCommandWorks" time="1.018" classname="io.axway.iron.core.bugs.CommandWithLongCollectionParameterTest"/>
  <testcase name="ensureLongCollectionParameterInCommandWorks" time="1.007" classname="io.axway.iron.core.bugs.CommandWithLongCollectionParameterTest"/>
  <testcase name="ensureLongCollectionParameterInCommandWorks" time="1.007" classname="io.axway.iron.core.bugs.CommandWithLongCollectionParameterTest"/>
  <testcase name="ensureLongCollectionParameterInCommandWorks" time="1.007" classname="io.axway.iron.core.bugs.CommandWithLongCollectionParameterTest"/>
</testsuite> <!-- io.axway.iron.core.bugs.CommandWithLongCollectionParameterTest -->
