<?xml version="1.0" encoding="UTF-8"?>
<!-- Generated by org.testng.reporters.JUnitReportReporter -->
<testsuite skipped="0" hostname="cyclone1" name="io.axway.iron.core.store.datatype.DataTypeTests" tests="1" failures="0" timestamp="11 Jun 2018 09:47:42 GMT" time="4.194" errors="0">
  <testcase name="succeedingStoreTests" time="4.194" classname="io.axway.iron.core.store.datatype.DataTypeTests"/>
</testsuite> <!-- io.axway.iron.core.store.datatype.DataTypeTests -->
