<?xml version="1.0" encoding="UTF-8"?>
<!-- Generated by org.testng.reporters.JUnitReportReporter -->
<testsuite skipped="0" hostname="cyclone1" name="io.axway.iron.core.store.relation.RelationTests" tests="3" failures="0" timestamp="11 Jun 2018 09:47:42 GMT" time="9.963" errors="0">
  <testcase name="succeedingStoreTests" time="4.122" classname="io.axway.iron.core.store.relation.RelationTests"/>
  <testcase name="succeedingStoreTests" time="4.118" classname="io.axway.iron.core.store.relation.RelationTests"/>
  <testcase name="failingStoreTests" time="1.723" classname="io.axway.iron.core.store.relation.RelationTests"/>
</testsuite> <!-- io.axway.iron.core.store.relation.RelationTests -->
