<?xml version="1.0" encoding="UTF-8"?>
<!-- Generated by org.testng.reporters.JUnitReportReporter -->
<testsuite skipped="0" hostname="cyclone1" name="io.axway.iron.core.internal.StoreManagerBuilderConfiguratorTest" tests="9" failures="0" timestamp="11 Jun 2018 09:47:42 GMT" time="0.005" errors="0">
  <testcase name="test" time="0.000" classname="io.axway.iron.core.internal.StoreManagerBuilderConfiguratorTest"/>
  <testcase name="test" time="0.000" classname="io.axway.iron.core.internal.StoreManagerBuilderConfiguratorTest"/>
  <testcase name="test" time="0.004" classname="io.axway.iron.core.internal.StoreManagerBuilderConfiguratorTest"/>
  <testcase name="test" time="0.000" classname="io.axway.iron.core.internal.StoreManagerBuilderConfiguratorTest"/>
  <testcase name="test" time="0.000" classname="io.axway.iron.core.internal.StoreManagerBuilderConfiguratorTest"/>
  <testcase name="test" time="0.000" classname="io.axway.iron.core.internal.StoreManagerBuilderConfiguratorTest"/>
  <testcase name="test" time="0.000" classname="io.axway.iron.core.internal.StoreManagerBuilderConfiguratorTest"/>
  <testcase name="test" time="0.000" classname="io.axway.iron.core.internal.StoreManagerBuilderConfiguratorTest"/>
  <testcase name="test" time="0.001" classname="io.axway.iron.core.internal.StoreManagerBuilderConfiguratorTest"/>
</testsuite> <!-- io.axway.iron.core.internal.StoreManagerBuilderConfiguratorTest -->
