<?xml version="1.0" encoding="UTF-8"?>
<!-- Generated by org.testng.reporters.JUnitReportReporter -->
<testsuite skipped="0" hostname="cyclone1" name="io.axway.iron.core.ModelDefinitionValidationTest" tests="51" failures="0" timestamp="11 Jun 2018 09:47:42 GMT" time="2.079" errors="0">
  <testcase name="shouldFailOnInvalidModel" time="0.001" classname="io.axway.iron.core.ModelDefinitionValidationTest"/>
  <testcase name="shouldFailOnInvalidCommand" time="0.001" classname="io.axway.iron.core.ModelDefinitionValidationTest"/>
  <testcase name="shouldFailOnInvalidModel" time="0.005" classname="io.axway.iron.core.ModelDefinitionValidationTest"/>
  <testcase name="shouldFailOnInvalidCommand" time="0.003" classname="io.axway.iron.core.ModelDefinitionValidationTest"/>
  <testcase name="shouldFailOnInvalidModel" time="0.001" classname="io.axway.iron.core.ModelDefinitionValidationTest"/>
  <testcase name="shouldFailOnInvalidModel" time="0.001" classname="io.axway.iron.core.ModelDefinitionValidationTest"/>
  <testcase name="shouldFailOnInvalidCommand" time="0.002" classname="io.axway.iron.core.ModelDefinitionValidationTest"/>
  <testcase name="shouldFailOnInvalidModel" time="0.000" classname="io.axway.iron.core.ModelDefinitionValidationTest"/>
  <testcase name="shouldFailOnInvalidCommand" time="0.001" classname="io.axway.iron.core.ModelDefinitionValidationTest"/>
  <testcase name="shouldFailOnInvalidModel" time="0.000" classname="io.axway.iron.core.ModelDefinitionValidationTest"/>
  <testcase name="shouldFailOnInvalidModel" time="0.001" classname="io.axway.iron.core.ModelDefinitionValidationTest"/>
  <testcase name="shouldFailOnInvalidModel" time="0.001" classname="io.axway.iron.core.ModelDefinitionValidationTest"/>
  <testcase name="shouldFailOnInvalidCommand" time="0.004" classname="io.axway.iron.core.ModelDefinitionValidationTest"/>
  <testcase name="shouldFailOnInvalidModel" time="0.001" classname="io.axway.iron.core.ModelDefinitionValidationTest"/>
  <testcase name="shouldFailOnInvalidModel" time="0.000" classname="io.axway.iron.core.ModelDefinitionValidationTest"/>
  <testcase name="shouldFailOnInvalidModel" time="0.001" classname="io.axway.iron.core.ModelDefinitionValidationTest"/>
  <testcase name="shouldFailOnInvalidModel" time="0.001" classname="io.axway.iron.core.ModelDefinitionValidationTest"/>
  <testcase name="shouldFailOnInvalidModel" time="0.000" classname="io.axway.iron.core.ModelDefinitionValidationTest"/>
  <testcase name="shouldFailOnInvalidModel" time="0.006" classname="io.axway.iron.core.ModelDefinitionValidationTest"/>
  <testcase name="shouldFailOnInvalidCommand" time="0.001" classname="io.axway.iron.core.ModelDefinitionValidationTest"/>
  <testcase name="shouldFailOnInvalidCommand" time="0.002" classname="io.axway.iron.core.ModelDefinitionValidationTest"/>
  <testcase name="shouldFailOnInvalidModel" time="0.002" classname="io.axway.iron.core.ModelDefinitionValidationTest"/>
  <testcase name="shouldFailOnInvalidCommand" time="0.001" classname="io.axway.iron.core.ModelDefinitionValidationTest"/>
  <testcase name="shouldFailOnInvalidModel" time="0.001" classname="io.axway.iron.core.ModelDefinitionValidationTest"/>
  <testcase name="shouldFailOnInvalidModel" time="0.001" classname="io.axway.iron.core.ModelDefinitionValidationTest"/>
  <testcase name="shouldFailOnInvalidCommand" time="0.001" classname="io.axway.iron.core.ModelDefinitionValidationTest"/>
  <testcase name="shouldFailOnInvalidCommand" time="0.002" classname="io.axway.iron.core.ModelDefinitionValidationTest"/>
  <testcase name="shouldFailOnInvalidModel" time="0.000" classname="io.axway.iron.core.ModelDefinitionValidationTest"/>
  <testcase name="shouldFailOnInvalidCommand" time="0.000" classname="io.axway.iron.core.ModelDefinitionValidationTest"/>
  <testcase name="shouldFailOnInvalidModel" time="0.001" classname="io.axway.iron.core.ModelDefinitionValidationTest"/>
  <testcase name="shouldSuccessOnValidCommand" time="1.004" classname="io.axway.iron.core.ModelDefinitionValidationTest"/>
  <testcase name="shouldFailOnInvalidCommand" time="0.001" classname="io.axway.iron.core.ModelDefinitionValidationTest"/>
  <testcase name="shouldFailOnInvalidModel" time="0.000" classname="io.axway.iron.core.ModelDefinitionValidationTest"/>
  <testcase name="shouldFailOnInvalidCommand" time="0.001" classname="io.axway.iron.core.ModelDefinitionValidationTest"/>
  <testcase name="shouldFailOnInvalidModel" time="0.001" classname="io.axway.iron.core.ModelDefinitionValidationTest"/>
  <testcase name="shouldFailOnInvalidCommand" time="0.002" classname="io.axway.iron.core.ModelDefinitionValidationTest"/>
  <testcase name="shouldFailOnInvalidModel" time="0.001" classname="io.axway.iron.core.ModelDefinitionValidationTest"/>
  <testcase name="shouldFailOnInvalidCommand" time="0.001" classname="io.axway.iron.core.ModelDefinitionValidationTest"/>
  <testcase name="shouldSuccessOnValidModel" time="1.009" classname="io.axway.iron.core.ModelDefinitionValidationTest"/>
  <testcase name="shouldFailOnInvalidCommand" time="0.002" classname="io.axway.iron.core.ModelDefinitionValidationTest"/>
  <testcase name="shouldFailOnInvalidModel" time="0.000" classname="io.axway.iron.core.ModelDefinitionValidationTest"/>
  <testcase name="shouldFailOnInvalidModel" time="0.001" classname="io.axway.iron.core.ModelDefinitionValidationTest"/>
  <testcase name="shouldFailOnInvalidModel" time="0.002" classname="io.axway.iron.core.ModelDefinitionValidationTest"/>
  <testcase name="shouldFailOnInvalidCommand" time="0.002" classname="io.axway.iron.core.ModelDefinitionValidationTest"/>
  <testcase name="shouldFailOnInvalidModel" time="0.003" classname="io.axway.iron.core.ModelDefinitionValidationTest"/>
  <testcase name="shouldFailOnInvalidCommand" time="0.001" classname="io.axway.iron.core.ModelDefinitionValidationTest"/>
  <testcase name="shouldFailOnInvalidCommand" time="0.001" classname="io.axway.iron.core.ModelDefinitionValidationTest"/>
  <testcase name="shouldFailOnInvalidCommand" time="0.001" classname="io.axway.iron.core.ModelDefinitionValidationTest"/>
  <testcase name="shouldFailOnInvalidModel" time="0.002" classname="io.axway.iron.core.ModelDefinitionValidationTest"/>
  <testcase name="shouldFailOnInvalidModel" time="0.002" classname="io.axway.iron.core.ModelDefinitionValidationTest"/>
  <testcase name="shouldFailOnInvalidModel" time="0.000" classname="io.axway.iron.core.ModelDefinitionValidationTest"/>
</testsuite> <!-- io.axway.iron.core.ModelDefinitionValidationTest -->
