<?xml version="1.0" encoding="UTF-8"?>
<!-- Generated by org.testng.reporters.JUnitReportReporter -->
<testsuite skipped="0" hostname="cyclone1" name="io.axway.iron.core.bugs.SnapshotStoreTest" tests="3" failures="0" timestamp="11 Jun 2018 09:47:42 GMT" time="4.078" errors="0">
  <testcase name="shouldAllowSnapshotCreationOnNewEmptyStore" time="1.015" classname="io.axway.iron.core.bugs.SnapshotStoreTest"/>
  <testcase name="shouldInitializeInitialTransactionIdAfterOpeningSnapshot" time="2.039" classname="io.axway.iron.core.bugs.SnapshotStoreTest"/>
  <testcase name="shouldBeAbleToCallTwoConsecutiveTakeSnapshot" time="1.024" classname="io.axway.iron.core.bugs.SnapshotStoreTest"/>
</testsuite> <!-- io.axway.iron.core.bugs.SnapshotStoreTest -->
