<?xml version="1.0" encoding="UTF-8"?>
<!-- Generated by org.testng.reporters.JUnitReportReporter -->
<testsuite skipped="0" hostname="cyclone1" name="io.axway.iron.core.StoreManagerTest" tests="16" failures="0" timestamp="11 Jun 2018 09:47:42 GMT" time="6.012" errors="0">
  <testcase name="shouldNotOpenStoreWithInvalidName" time="1.002" classname="io.axway.iron.core.StoreManagerTest"/>
  <testcase name="shouldBuilderNotAcceptDuplicateCalls" time="0.000" classname="io.axway.iron.core.StoreManagerTest"/>
  <testcase name="shouldBuilderNotAcceptIncompleteConfiguration" time="0.000" classname="io.axway.iron.core.StoreManagerTest"/>
  <testcase name="shouldBuilderNotAcceptDuplicateCalls" time="0.001" classname="io.axway.iron.core.StoreManagerTest"/>
  <testcase name="shouldBuilderNotAcceptIncompleteConfiguration" time="0.001" classname="io.axway.iron.core.StoreManagerTest"/>
  <testcase name="shouldOpenStoreWithValidName" time="1.002" classname="io.axway.iron.core.StoreManagerTest"/>
  <testcase name="shouldNotOpenStoreWithInvalidName" time="1.002" classname="io.axway.iron.core.StoreManagerTest"/>
  <testcase name="shouldNotOpenStoreWithInvalidName" time="1.001" classname="io.axway.iron.core.StoreManagerTest"/>
  <testcase name="shouldBuilderNotAcceptDuplicateCalls" time="0.000" classname="io.axway.iron.core.StoreManagerTest"/>
  <testcase name="shouldBuilderNotAcceptDuplicateCalls" time="0.000" classname="io.axway.iron.core.StoreManagerTest"/>
  <testcase name="shouldBuilderNotAcceptDuplicateCalls" time="0.000" classname="io.axway.iron.core.StoreManagerTest"/>
  <testcase name="shouldNotOpenStoreWithInvalidName" time="1.001" classname="io.axway.iron.core.StoreManagerTest"/>
  <testcase name="shouldBuilderNotAcceptIncompleteConfiguration" time="0.001" classname="io.axway.iron.core.StoreManagerTest"/>
  <testcase name="shouldNotOpenStoreWithInvalidName" time="1.001" classname="io.axway.iron.core.StoreManagerTest"/>
  <testcase name="shouldBuilderNotAcceptDuplicateCalls" time="0.000" classname="io.axway.iron.core.StoreManagerTest"/>
  <testcase name="shouldBuilderNotAcceptIncompleteConfiguration" time="0.000" classname="io.axway.iron.core.StoreManagerTest"/>
</testsuite> <!-- io.axway.iron.core.StoreManagerTest -->
