<?xml version="1.0" encoding="UTF-8"?>
<testsuite xmlns:xsi="http://www.w3.org/2001/XMLSchema-instance" xsi:noNamespaceSchemaLocation="https://maven.apache.org/surefire/maven-surefire-plugin/xsd/surefire-test-report.xsd" name="com.sonar.orchestrator.OrchestratorBuilderTest" time="22.438" tests="2" errors="2" skipped="0" failures="0">
  <properties>
    <property name="awt.toolkit" value="sun.awt.X11.XToolkit"/>
    <property name="file.encoding.pkg" value="sun.io"/>
    <property name="java.specification.version" value="1.8"/>
    <property name="sun.cpu.isalist" value=""/>
    <property name="sun.jnu.encoding" value="UTF-8"/>
    <property name="java.class.path" value="/root/workspace/SonarSource/orchestrator/384111058/sonar-orchestrator/target/test-classes:/root/workspace/SonarSource/orchestrator/384111058/sonar-orchestrator/target/classes:/root/./workspace/SonarSource/orchestrator/384111058/.m2/com/google/code/findbugs/jsr305/3.0.1/jsr305-3.0.1.jar:/root/./workspace/SonarSource/orchestrator/384111058/.m2/org/codehaus/sonar/sonar-ws-client/4.5/sonar-ws-client-4.5.jar:/root/./workspace/SonarSource/orchestrator/384111058/.m2/com/squareup/okhttp3/okhttp/3.10.0/okhttp-3.10.0.jar:/root/./workspace/SonarSource/orchestrator/384111058/.m2/com/squareup/okio/okio/1.14.0/okio-1.14.0.jar:/root/./workspace/SonarSource/orchestrator/384111058/.m2/commons-codec/commons-codec/1.11/commons-codec-1.11.jar:/root/./workspace/SonarSource/orchestrator/384111058/.m2/commons-io/commons-io/2.6/commons-io-2.6.jar:/root/./workspace/SonarSource/orchestrator/384111058/.m2/commons-lang/commons-lang/2.6/commons-lang-2.6.jar:/root/./workspace/SonarSource/orchestrator/384111058/.m2/org/apache/commons/commons-exec/1.3/commons-exec-1.3.jar:/root/./workspace/SonarSource/orchestrator/384111058/.m2/com/eclipsesource/minimal-json/minimal-json/0.9.5/minimal-json-0.9.5.jar:/root/./workspace/SonarSource/orchestrator/384111058/.m2/org/apache/httpcomponents/httpclient/4.5.2/httpclient-4.5.2.jar:/root/./workspace/SonarSource/orchestrator/384111058/.m2/org/apache/httpcomponents/httpcore/4.4.4/httpcore-4.4.4.jar:/root/./workspace/SonarSource/orchestrator/384111058/.m2/org/apache/httpcomponents/httpmime/4.5.2/httpmime-4.5.2.jar:/root/./workspace/SonarSource/orchestrator/384111058/.m2/com/google/guava/guava/18.0/guava-18.0.jar:/root/./workspace/SonarSource/orchestrator/384111058/.m2/junit/junit/4.12/junit-4.12.jar:/root/./workspace/SonarSource/orchestrator/384111058/.m2/org/hamcrest/hamcrest-core/1.3/hamcrest-core-1.3.jar:/root/./workspace/SonarSource/orchestrator/384111058/.m2/org/jacoco/org.jacoco.agent/0.8.1/org.jacoco.agent-0.8.1-runtime.jar:/root/./workspace/SonarSource/orchestrator/384111058/.m2/com/h2database/h2/1.3.172/h2-1.3.172.jar:/root/./workspace/SonarSource/orchestrator/384111058/.m2/ch/qos/logback/logback-classic/1.1.7/logback-classic-1.1.7.jar:/root/./workspace/SonarSource/orchestrator/384111058/.m2/ch/qos/logback/logback-core/1.1.7/logback-core-1.1.7.jar:/root/./workspace/SonarSource/orchestrator/384111058/.m2/org/slf4j/slf4j-api/1.7.2/slf4j-api-1.7.2.jar:/root/./workspace/SonarSource/orchestrator/384111058/.m2/org/slf4j/jcl-over-slf4j/1.7.2/jcl-over-slf4j-1.7.2.jar:/root/./workspace/SonarSource/orchestrator/384111058/.m2/org/slf4j/log4j-over-slf4j/1.7.2/log4j-over-slf4j-1.7.2.jar:/root/./workspace/SonarSource/orchestrator/384111058/.m2/org/assertj/assertj-core/3.9.1/assertj-core-3.9.1.jar:/root/./workspace/SonarSource/orchestrator/384111058/.m2/org/mockito/mockito-core/2.17.0/mockito-core-2.17.0.jar:/root/./workspace/SonarSource/orchestrator/384111058/.m2/net/bytebuddy/byte-buddy/1.8.0/byte-buddy-1.8.0.jar:/root/./workspace/SonarSource/orchestrator/384111058/.m2/net/bytebuddy/byte-buddy-agent/1.8.0/byte-buddy-agent-1.8.0.jar:/root/./workspace/SonarSource/orchestrator/384111058/.m2/org/objenesis/objenesis/2.6/objenesis-2.6.jar:/root/./workspace/SonarSource/orchestrator/384111058/.m2/org/mortbay/jetty/jetty/6.1.26/jetty-6.1.26.jar:/root/./workspace/SonarSource/orchestrator/384111058/.m2/org/mortbay/jetty/jetty-util/6.1.26/jetty-util-6.1.26.jar:/root/./workspace/SonarSource/orchestrator/384111058/.m2/org/mortbay/jetty/servlet-api/2.5-20081211/servlet-api-2.5-20081211.jar:/root/./workspace/SonarSource/orchestrator/384111058/.m2/org/jacoco/org.jacoco.core/0.8.1/org.jacoco.core-0.8.1.jar:/root/./workspace/SonarSource/orchestrator/384111058/.m2/org/ow2/asm/asm/6.0/asm-6.0.jar:/root/./workspace/SonarSource/orchestrator/384111058/.m2/org/ow2/asm/asm-commons/6.0/asm-commons-6.0.jar:/root/./workspace/SonarSource/orchestrator/384111058/.m2/org/ow2/asm/asm-tree/6.0/asm-tree-6.0.jar:/root/./workspace/SonarSource/orchestrator/384111058/.m2/org/ow2/asm/asm-analysis/6.0/asm-analysis-6.0.jar:/root/./workspace/SonarSource/orchestrator/384111058/.m2/org/ow2/asm/asm-util/6.0/asm-util-6.0.jar:/root/workspace/SonarSource/orchestrator/384111058/echo/target/classes:/root/./workspace/SonarSource/orchestrator/384111058/.m2/com/squareup/okhttp3/mockwebserver/3.10.0/mockwebserver-3.10.0.jar:/root/./workspace/SonarSource/orchestrator/384111058/.m2/org/bouncycastle/bcprov-jdk15on/1.50/bcprov-jdk15on-1.50.jar:"/>
    <property name="java.vm.vendor" value="Oracle Corporation"/>
    <property name="skip.bower" value="true"/>
    <property name="sun.arch.data.model" value="64"/>
    <property name="java.vendor.url" value="http://java.oracle.com/"/>
    <property name="user.timezone" value=""/>
    <property name="java.vm.specification.version" value="1.8"/>
    <property name="os.name" value="Linux"/>
    <property name="rat.skip" value="true"/>
    <property name="gpg.skip" value="true"/>
    <property name="sun.java.launcher" value="SUN_STANDARD"/>
    <property name="sun.boot.library.path" value="/usr/lib/jvm/java-8-openjdk-amd64/jre/lib/amd64"/>
    <property name="skip.gulp" value="true"/>
    <property name="sun.java.command" value="/root/workspace/SonarSource/orchestrator/384111058/sonar-orchestrator/target/surefire/surefirebooter7955867239557977585.jar /root/workspace/SonarSource/orchestrator/384111058/sonar-orchestrator/target/surefire 2018-05-26T17-09-21_420-jvmRun1 surefire3795332931449480800tmp surefire_02488815439563914689tmp"/>
    <property name="dependency-check.skip" value="true"/>
    <property name="surefire.test.class.path" value="/root/workspace/SonarSource/orchestrator/384111058/sonar-orchestrator/target/test-classes:/root/workspace/SonarSource/orchestrator/384111058/sonar-orchestrator/target/classes:/root/./workspace/SonarSource/orchestrator/384111058/.m2/com/google/code/findbugs/jsr305/3.0.1/jsr305-3.0.1.jar:/root/./workspace/SonarSource/orchestrator/384111058/.m2/org/codehaus/sonar/sonar-ws-client/4.5/sonar-ws-client-4.5.jar:/root/./workspace/SonarSource/orchestrator/384111058/.m2/com/squareup/okhttp3/okhttp/3.10.0/okhttp-3.10.0.jar:/root/./workspace/SonarSource/orchestrator/384111058/.m2/com/squareup/okio/okio/1.14.0/okio-1.14.0.jar:/root/./workspace/SonarSource/orchestrator/384111058/.m2/commons-codec/commons-codec/1.11/commons-codec-1.11.jar:/root/./workspace/SonarSource/orchestrator/384111058/.m2/commons-io/commons-io/2.6/commons-io-2.6.jar:/root/./workspace/SonarSource/orchestrator/384111058/.m2/commons-lang/commons-lang/2.6/commons-lang-2.6.jar:/root/./workspace/SonarSource/orchestrator/384111058/.m2/org/apache/commons/commons-exec/1.3/commons-exec-1.3.jar:/root/./workspace/SonarSource/orchestrator/384111058/.m2/com/eclipsesource/minimal-json/minimal-json/0.9.5/minimal-json-0.9.5.jar:/root/./workspace/SonarSource/orchestrator/384111058/.m2/org/apache/httpcomponents/httpclient/4.5.2/httpclient-4.5.2.jar:/root/./workspace/SonarSource/orchestrator/384111058/.m2/org/apache/httpcomponents/httpcore/4.4.4/httpcore-4.4.4.jar:/root/./workspace/SonarSource/orchestrator/384111058/.m2/org/apache/httpcomponents/httpmime/4.5.2/httpmime-4.5.2.jar:/root/./workspace/SonarSource/orchestrator/384111058/.m2/com/google/guava/guava/18.0/guava-18.0.jar:/root/./workspace/SonarSource/orchestrator/384111058/.m2/junit/junit/4.12/junit-4.12.jar:/root/./workspace/SonarSource/orchestrator/384111058/.m2/org/hamcrest/hamcrest-core/1.3/hamcrest-core-1.3.jar:/root/./workspace/SonarSource/orchestrator/384111058/.m2/org/jacoco/org.jacoco.agent/0.8.1/org.jacoco.agent-0.8.1-runtime.jar:/root/./workspace/SonarSource/orchestrator/384111058/.m2/com/h2database/h2/1.3.172/h2-1.3.172.jar:/root/./workspace/SonarSource/orchestrator/384111058/.m2/ch/qos/logback/logback-classic/1.1.7/logback-classic-1.1.7.jar:/root/./workspace/SonarSource/orchestrator/384111058/.m2/ch/qos/logback/logback-core/1.1.7/logback-core-1.1.7.jar:/root/./workspace/SonarSource/orchestrator/384111058/.m2/org/slf4j/slf4j-api/1.7.2/slf4j-api-1.7.2.jar:/root/./workspace/SonarSource/orchestrator/384111058/.m2/org/slf4j/jcl-over-slf4j/1.7.2/jcl-over-slf4j-1.7.2.jar:/root/./workspace/SonarSource/orchestrator/384111058/.m2/org/slf4j/log4j-over-slf4j/1.7.2/log4j-over-slf4j-1.7.2.jar:/root/./workspace/SonarSource/orchestrator/384111058/.m2/org/assertj/assertj-core/3.9.1/assertj-core-3.9.1.jar:/root/./workspace/SonarSource/orchestrator/384111058/.m2/org/mockito/mockito-core/2.17.0/mockito-core-2.17.0.jar:/root/./workspace/SonarSource/orchestrator/384111058/.m2/net/bytebuddy/byte-buddy/1.8.0/byte-buddy-1.8.0.jar:/root/./workspace/SonarSource/orchestrator/384111058/.m2/net/bytebuddy/byte-buddy-agent/1.8.0/byte-buddy-agent-1.8.0.jar:/root/./workspace/SonarSource/orchestrator/384111058/.m2/org/objenesis/objenesis/2.6/objenesis-2.6.jar:/root/./workspace/SonarSource/orchestrator/384111058/.m2/org/mortbay/jetty/jetty/6.1.26/jetty-6.1.26.jar:/root/./workspace/SonarSource/orchestrator/384111058/.m2/org/mortbay/jetty/jetty-util/6.1.26/jetty-util-6.1.26.jar:/root/./workspace/SonarSource/orchestrator/384111058/.m2/org/mortbay/jetty/servlet-api/2.5-20081211/servlet-api-2.5-20081211.jar:/root/./workspace/SonarSource/orchestrator/384111058/.m2/org/jacoco/org.jacoco.core/0.8.1/org.jacoco.core-0.8.1.jar:/root/./workspace/SonarSource/orchestrator/384111058/.m2/org/ow2/asm/asm/6.0/asm-6.0.jar:/root/./workspace/SonarSource/orchestrator/384111058/.m2/org/ow2/asm/asm-commons/6.0/asm-commons-6.0.jar:/root/./workspace/SonarSource/orchestrator/384111058/.m2/org/ow2/asm/asm-tree/6.0/asm-tree-6.0.jar:/root/./workspace/SonarSource/orchestrator/384111058/.m2/org/ow2/asm/asm-analysis/6.0/asm-analysis-6.0.jar:/root/./workspace/SonarSource/orchestrator/384111058/.m2/org/ow2/asm/asm-util/6.0/asm-util-6.0.jar:/root/workspace/SonarSource/orchestrator/384111058/echo/target/classes:/root/./workspace/SonarSource/orchestrator/384111058/.m2/com/squareup/okhttp3/mockwebserver/3.10.0/mockwebserver-3.10.0.jar:/root/./workspace/SonarSource/orchestrator/384111058/.m2/org/bouncycastle/bcprov-jdk15on/1.50/bcprov-jdk15on-1.50.jar:"/>
    <property name="sun.cpu.endian" value="little"/>
    <property name="user.home" value="/root"/>
    <property name="user.language" value="en"/>
    <property name="java.specification.vendor" value="Oracle Corporation"/>
    <property name="java.home" value="/usr/lib/jvm/java-8-openjdk-amd64/jre"/>
    <property name="basedir" value="/root/workspace/SonarSource/orchestrator/384111058/sonar-orchestrator"/>
    <property name="file.separator" value="/"/>
    <property name="checkstyle.skip" value="true"/>
    <property name="line.separator" value="&#10;"/>
    <property name="skip.npm" value="true"/>
    <property name="java.vm.specification.vendor" value="Oracle Corporation"/>
    <property name="java.specification.name" value="Java Platform API Specification"/>
    <property name="java.awt.graphicsenv" value="sun.awt.X11GraphicsEnvironment"/>
    <property name="skipITs" value="true"/>
    <property name="surefire.real.class.path" value="/root/workspace/SonarSource/orchestrator/384111058/sonar-orchestrator/target/surefire/surefirebooter7955867239557977585.jar"/>
    <property name="cobertura.skip" value="true"/>
    <property name="sun.boot.class.path" value="/usr/lib/jvm/java-8-openjdk-amd64/jre/lib/resources.jar:/usr/lib/jvm/java-8-openjdk-amd64/jre/lib/rt.jar:/usr/lib/jvm/java-8-openjdk-amd64/jre/lib/sunrsasign.jar:/usr/lib/jvm/java-8-openjdk-amd64/jre/lib/jsse.jar:/usr/lib/jvm/java-8-openjdk-amd64/jre/lib/jce.jar:/usr/lib/jvm/java-8-openjdk-amd64/jre/lib/charsets.jar:/usr/lib/jvm/java-8-openjdk-amd64/jre/lib/jfr.jar:/usr/lib/jvm/java-8-openjdk-amd64/jre/classes"/>
    <property name="sun.management.compiler" value="HotSpot 64-Bit Tiered Compilers"/>
    <property name="java.runtime.version" value="1.8.0_121-8u121-b13-1~bpo8+1-b13"/>
    <property name="user.name" value="root"/>
    <property name="findbugs.skip" value="true"/>
    <property name="path.separator" value=":"/>
    <property name="os.version" value="3.10.0-862.3.2.el7.x86_64"/>
    <property name="java.endorsed.dirs" value="/usr/lib/jvm/java-8-openjdk-amd64/jre/lib/endorsed"/>
    <property name="java.runtime.name" value="OpenJDK Runtime Environment"/>
    <property name="file.encoding" value="UTF-8"/>
    <property name="java.vm.name" value="OpenJDK 64-Bit Server VM"/>
    <property name="localRepository" value="/root/./workspace/SonarSource/orchestrator/384111058/.m2"/>
    <property name="java.vendor.url.bug" value="http://bugreport.sun.com/bugreport/"/>
    <property name="java.io.tmpdir" value="/tmp"/>
    <property name="java.version" value="1.8.0_121"/>
    <property name="user.dir" value="/root/workspace/SonarSource/orchestrator/384111058/sonar-orchestrator"/>
    <property name="os.arch" value="amd64"/>
    <property name="license.skip" value="true"/>
    <property name="java.vm.specification.name" value="Java Virtual Machine Specification"/>
    <property name="java.awt.printerjob" value="sun.print.PSPrinterJob"/>
    <property name="sun.os.patch.level" value="unknown"/>
    <property name="java.library.path" value="/usr/java/packages/lib/amd64:/usr/lib/x86_64-linux-gnu/jni:/lib/x86_64-linux-gnu:/usr/lib/x86_64-linux-gnu:/usr/lib/jni:/lib:/usr/lib"/>
    <property name="java.vm.info" value="mixed mode"/>
    <property name="java.vendor" value="Oracle Corporation"/>
    <property name="java.vm.version" value="25.121-b13"/>
    <property name="java.ext.dirs" value="/usr/lib/jvm/java-8-openjdk-amd64/jre/lib/ext:/usr/java/packages/lib/ext"/>
    <property name="sun.io.unicode.encoding" value="UnicodeLittle"/>
    <property name="maven.repo.local" value="/root/./workspace/SonarSource/orchestrator/384111058/.m2"/>
    <property name="enforcer.skip" value="true"/>
    <property name="java.class.version" value="52.0"/>
  </properties>
  <testcase name="install_plugins_on_sonarqube_lts" classname="com.sonar.orchestrator.OrchestratorBuilderTest" time="18.716">
    <error message="Server startup failure" type="java.lang.IllegalStateException">java.lang.IllegalStateException: Server startup failure
	at com.sonar.orchestrator.OrchestratorBuilderTest.install_plugins_on_sonarqube_lts(OrchestratorBuilderTest.java:50)
</error>
    <system-out><![CDATA[17:09:54.710 INFO  Register JDBC driver: org.h2.Driver
17:09:55.902 INFO  Downloading https://repox.sonarsource.com/sonarsource/org/sonarsource/sonarqube/sonar-application/6.7.3/sonar-application-6.7.3.zip
17:10:04.913 INFO  Found [org.sonarsource.sonarqube:sonar-application:6.7.3:zip] at https://repox.sonarsource.com/sonarsource/org/sonarsource/sonarqube/sonar-application/6.7.3/sonar-application-6.7.3.zip
17:10:05.072 INFO  Executing command: unzip -o -q /root/.sonar/orchestrator/cache/62523c851a9fdabd70ac9a33156cff2c/sonar-application-6.7.3.zip
17:10:06.860 INFO  Remove distribution plugins
17:10:06.880 INFO  Downloading https://repox.sonarsource.com/sonarsource/org/sonarsource/xml/sonar-xml-plugin/1.5.0.1373/sonar-xml-plugin-1.5.0.1373.jar
17:10:07.053 INFO  Found [org.sonarsource.xml:sonar-xml-plugin:1.5.0.1373:jar] at https://repox.sonarsource.com/sonarsource/org/sonarsource/xml/sonar-xml-plugin/1.5.0.1373/sonar-xml-plugin-1.5.0.1373.jar
17:10:07.057 INFO  Installed plugin: sonar-xml-plugin-1.5.0.1373.jar
17:10:08.128 INFO  Downloading https://repox.sonarsource.com/sonarsource/org/sonarsource/python/sonar-python-plugin/1.11.0.2177/sonar-python-plugin-1.11.0.2177.jar
17:10:08.299 INFO  Found [org.sonarsource.python:sonar-python-plugin:1.11.0.2177:jar] at https://repox.sonarsource.com/sonarsource/org/sonarsource/python/sonar-python-plugin/1.11.0.2177/sonar-python-plugin-1.11.0.2177.jar
17:10:08.303 INFO  Installed plugin: sonar-python-plugin-1.11.0.2177.jar
17:10:09.290 INFO  Downloading https://repox.sonarsource.com/sonarsource/org/sonarsource/java/sonar-java-plugin/5.3.0.13828/sonar-java-plugin-5.3.0.13828.jar
17:10:09.833 INFO  Found [org.sonarsource.java:sonar-java-plugin:5.3.0.13828:jar] at https://repox.sonarsource.com/sonarsource/org/sonarsource/java/sonar-java-plugin/5.3.0.13828/sonar-java-plugin-5.3.0.13828.jar
17:10:09.848 INFO  Installed plugin: sonar-java-plugin-5.3.0.13828.jar
17:10:10.813 INFO  Downloading https://repox.sonarsource.com/sonarsource/org/sonarsource/php/sonar-php-plugin/2.13.0.3107/sonar-php-plugin-2.13.0.3107.jar
17:10:11.012 INFO  Found [org.sonarsource.php:sonar-php-plugin:2.13.0.3107:jar] at https://repox.sonarsource.com/sonarsource/org/sonarsource/php/sonar-php-plugin/2.13.0.3107/sonar-php-plugin-2.13.0.3107.jar
17:10:11.017 INFO  Installed plugin: sonar-php-plugin-2.13.0.3107.jar
17:10:11.017 INFO  Installed plugin: sonar-reset-data-plugin-1.0-SNAPSHOT.jar
17:10:11.019 INFO  Start server 6.7.3 from /root/workspace/SonarSource/orchestrator/384111058/sonar-orchestrator/target/14/sonarqube-6.7.3
> 17:10:11.371 [main] WARN org.sonar.application.config.JdbcSettings - Both 'sonar.embeddedDatabase.port' and 'sonar.jdbc.url' properties are set. The value of property 'sonar.jdbc.url' ('jdbc:h2:tcp://127.0.0.1:40922/sonar;USER=sonar;PASSWORD=sonar') is not consistent with the value of property 'sonar.embeddedDatabase.port' ('40922'). The value of property 'sonar.jdbc.url' will be ignored and value 'jdbc:h2:tcp://127.0.0.1:40922/sonar' will be used instead. To remove this warning, either remove property 'sonar.jdbc.url' if your intent was to use the embedded H2 database, otherwise remove property 'sonar.embeddedDatabase.port'.
> 2018.05.26 17:10:11 INFO  app[][o.s.a.AppFileSystem] Cleaning or creating temp directory /root/workspace/SonarSource/orchestrator/384111058/sonar-orchestrator/target/14/sonarqube-6.7.3/temp
> 2018.05.26 17:10:11 INFO  app[][o.s.a.es.EsSettings] Elasticsearch listening on /127.0.0.1:38102
> 2018.05.26 17:10:11 INFO  app[][o.s.a.p.ProcessLauncherImpl] Launch process[[key='es', ipcIndex=1, logFilenamePrefix=es]] from [/root/workspace/SonarSource/orchestrator/384111058/sonar-orchestrator/target/14/sonarqube-6.7.3/elasticsearch]: /root/workspace/SonarSource/orchestrator/384111058/sonar-orchestrator/target/14/sonarqube-6.7.3/elasticsearch/bin/elasticsearch -Epath.conf=/root/workspace/SonarSource/orchestrator/384111058/sonar-orchestrator/target/14/sonarqube-6.7.3/temp/conf/es
> 2018.05.26 17:10:11 INFO  app[][o.s.a.SchedulerImpl] Waiting for Elasticsearch to be up and running
> 2018.05.26 17:10:12 INFO  app[][o.e.p.PluginsService] no modules loaded
> 2018.05.26 17:10:12 INFO  app[][o.e.p.PluginsService] loaded plugin [org.elasticsearch.transport.Netty4Plugin]
> 2018.05.26 17:10:13 WARN  app[][o.s.a.p.AbstractProcessMonitor] Process exited with exit value [es]: 1
> 2018.05.26 17:10:13 INFO  app[][o.s.a.SchedulerImpl] Process [es] is stopped
> 2018.05.26 17:10:13 INFO  app[][o.s.a.SchedulerImpl] SonarQube is stopped
17:10:13.424 INFO  Deregistering jdbc driver: org.h2.Driver@e36bb2a
]]></system-out>
  </testcase>
  <testcase name="override_web_context" classname="com.sonar.orchestrator.OrchestratorBuilderTest" time="3.722">
    <error message="Server startup failure" type="java.lang.IllegalStateException">java.lang.IllegalStateException: Server startup failure
	at com.sonar.orchestrator.OrchestratorBuilderTest.override_web_context(OrchestratorBuilderTest.java:73)
</error>
    <system-out><![CDATA[17:10:13.425 INFO  Register JDBC driver: org.h2.Driver
17:10:13.446 INFO  Found [org.sonarsource.sonarqube:sonar-application:6.7.3:zip] at /root/.sonar/orchestrator/cache/62523c851a9fdabd70ac9a33156cff2c/sonar-application-6.7.3.zip
17:10:13.447 INFO  Executing command: unzip -o -q /root/.sonar/orchestrator/cache/62523c851a9fdabd70ac9a33156cff2c/sonar-application-6.7.3.zip
17:10:15.229 INFO  Remove distribution plugins
17:10:15.240 INFO  Installed plugin: sonar-reset-data-plugin-1.0-SNAPSHOT.jar
17:10:15.242 INFO  Start server 6.7.3 from /root/workspace/SonarSource/orchestrator/384111058/sonar-orchestrator/target/15/sonarqube-6.7.3
> 17:10:15.603 [main] WARN org.sonar.application.config.JdbcSettings - Both 'sonar.embeddedDatabase.port' and 'sonar.jdbc.url' properties are set. The value of property 'sonar.jdbc.url' ('jdbc:h2:tcp://127.0.0.1:38808/sonar;USER=sonar;PASSWORD=sonar') is not consistent with the value of property 'sonar.embeddedDatabase.port' ('38808'). The value of property 'sonar.jdbc.url' will be ignored and value 'jdbc:h2:tcp://127.0.0.1:38808/sonar' will be used instead. To remove this warning, either remove property 'sonar.jdbc.url' if your intent was to use the embedded H2 database, otherwise remove property 'sonar.embeddedDatabase.port'.
> 2018.05.26 17:10:15 INFO  app[][o.s.a.AppFileSystem] Cleaning or creating temp directory /root/workspace/SonarSource/orchestrator/384111058/sonar-orchestrator/target/15/sonarqube-6.7.3/temp
> 2018.05.26 17:10:15 INFO  app[][o.s.a.es.EsSettings] Elasticsearch listening on /127.0.0.1:46699
> 2018.05.26 17:10:15 INFO  app[][o.s.a.p.ProcessLauncherImpl] Launch process[[key='es', ipcIndex=1, logFilenamePrefix=es]] from [/root/workspace/SonarSource/orchestrator/384111058/sonar-orchestrator/target/15/sonarqube-6.7.3/elasticsearch]: /root/workspace/SonarSource/orchestrator/384111058/sonar-orchestrator/target/15/sonarqube-6.7.3/elasticsearch/bin/elasticsearch -Epath.conf=/root/workspace/SonarSource/orchestrator/384111058/sonar-orchestrator/target/15/sonarqube-6.7.3/temp/conf/es
> 2018.05.26 17:10:15 INFO  app[][o.s.a.SchedulerImpl] Waiting for Elasticsearch to be up and running
> 2018.05.26 17:10:16 INFO  app[][o.e.p.PluginsService] no modules loaded
> 2018.05.26 17:10:16 INFO  app[][o.e.p.PluginsService] loaded plugin [org.elasticsearch.transport.Netty4Plugin]
> 2018.05.26 17:10:17 WARN  app[][o.s.a.p.AbstractProcessMonitor] Process exited with exit value [es]: 1
> 2018.05.26 17:10:17 INFO  app[][o.s.a.SchedulerImpl] Process [es] is stopped
> 2018.05.26 17:10:17 INFO  app[][o.s.a.SchedulerImpl] SonarQube is stopped
17:10:17.147 INFO  Deregistering jdbc driver: org.h2.Driver@261d8190
]]></system-out>
  </testcase>
</testsuite>