<?xml version="1.0" encoding="UTF-8"?>
<!-- Generated by org.testng.reporters.JUnitReportReporter -->
<testsuite hostname="cyclone1" name="org.molgenis.genomebrowser.GenomeBrowserTrackTest" tests="1" failures="0" timestamp="30 May 2018 12:54:36 GMT" time="0.043" errors="0">
  <testcase name="testToTrack" time="0.043" classname="org.molgenis.genomebrowser.GenomeBrowserTrackTest"/>
</testsuite> <!-- org.molgenis.genomebrowser.GenomeBrowserTrackTest -->
