<?xml version="1.0" encoding="UTF-8"?>
<!-- Generated by org.testng.reporters.JUnitReportReporter -->
<testsuite hostname="cyclone1" name="org.molgenis.genomebrowser.service.GenomeBrowserServiceTest" tests="4" failures="0" timestamp="30 May 2018 12:54:36 GMT" time="2.292" errors="0">
  <testcase name="testGetReferenceTracksNoPermission" time="0.026" classname="org.molgenis.genomebrowser.service.GenomeBrowserServiceTest"/>
  <testcase name="testGetReferenceTracks" time="0.472" classname="org.molgenis.genomebrowser.service.GenomeBrowserServiceTest"/>
  <testcase name="testGetReferenceTracksAll" time="0.426" classname="org.molgenis.genomebrowser.service.GenomeBrowserServiceTest"/>
  <testcase name="testGetReferenceTracksNone" time="1.368" classname="org.molgenis.genomebrowser.service.GenomeBrowserServiceTest"/>
</testsuite> <!-- org.molgenis.genomebrowser.service.GenomeBrowserServiceTest -->
