<?xml version="1.0" encoding="UTF-8"?>
<!-- Generated by org.testng.reporters.JUnitReportReporter -->
<testsuite hostname="cyclone1" name="org.molgenis.genomebrowser.service.GenomeBrowserServiceTest" tests="4" failures="0" timestamp="1 Jun 2018 11:41:20 GMT" time="2.534" errors="0">
  <testcase name="testGetReferenceTracksNoPermission" time="0.024" classname="org.molgenis.genomebrowser.service.GenomeBrowserServiceTest"/>
  <testcase name="testGetReferenceTracks" time="0.624" classname="org.molgenis.genomebrowser.service.GenomeBrowserServiceTest"/>
  <testcase name="testGetReferenceTracksAll" time="0.754" classname="org.molgenis.genomebrowser.service.GenomeBrowserServiceTest"/>
  <testcase name="testGetReferenceTracksNone" time="1.132" classname="org.molgenis.genomebrowser.service.GenomeBrowserServiceTest"/>
</testsuite> <!-- org.molgenis.genomebrowser.service.GenomeBrowserServiceTest -->
