<?xml version="1.0" encoding="UTF-8"?>
<!-- Generated by org.testng.reporters.JUnitReportReporter -->
<testsuite hostname="cyclone1" name="org.molgenis.genomebrowser.GenomeBrowserTrackTest" tests="1" failures="0" timestamp="6 Jun 2018 08:49:09 GMT" time="1.680" errors="0">
  <testcase name="testToTrack" time="1.680" classname="org.molgenis.genomebrowser.GenomeBrowserTrackTest"/>
</testsuite> <!-- org.molgenis.genomebrowser.GenomeBrowserTrackTest -->
