<?xml version="1.0" encoding="UTF-8"?>
<!-- Generated by org.testng.reporters.JUnitReportReporter -->
<testsuite hostname="cyclone1" name="org.molgenis.genomebrowser.GenomeBrowserTrackTest" tests="1" failures="0" timestamp="1 Jun 2018 11:41:20 GMT" time="0.110" errors="0">
  <testcase name="testToTrack" time="0.110" classname="org.molgenis.genomebrowser.GenomeBrowserTrackTest"/>
</testsuite> <!-- org.molgenis.genomebrowser.GenomeBrowserTrackTest -->
