<?xml version="1.0" encoding="UTF-8"?>
<!-- Generated by org.testng.reporters.JUnitReportReporter -->
<testsuite hostname="cyclone1" name="org.molgenis.genomebrowser.GenomeBrowserTrackTest" tests="1" failures="0" timestamp="4 Jun 2018 11:17:11 GMT" time="1.613" errors="0">
  <testcase name="testToTrack" time="1.613" classname="org.molgenis.genomebrowser.GenomeBrowserTrackTest"/>
</testsuite> <!-- org.molgenis.genomebrowser.GenomeBrowserTrackTest -->
