<?xml version="1.0" encoding="UTF-8"?>
<testsuite xmlns:xsi="http://www.w3.org/2001/XMLSchema-instance" xsi:noNamespaceSchemaLocation="https://maven.apache.org/surefire/maven-surefire-plugin/xsd/surefire-test-report.xsd" name="org.zalando.riptide.ReasonPhraseDispatchTest" time="0.073" tests="64" errors="0" skipped="0" failures="0">
  <properties>
    <property name="awt.toolkit" value="sun.awt.X11.XToolkit"/>
    <property name="file.encoding.pkg" value="sun.io"/>
    <property name="java.specification.version" value="1.8"/>
    <property name="sun.cpu.isalist" value=""/>
    <property name="sun.jnu.encoding" value="UTF-8"/>
    <property name="java.class.path" value="/root/workspace/zalando/riptide/385013973/riptide-core/target/test-classes:/root/workspace/zalando/riptide/385013973/riptide-core/target/classes:/root/./workspace/zalando/riptide/385013973/.m2/org/springframework/spring-web/4.3.14.RELEASE/spring-web-4.3.14.RELEASE.jar:/root/./workspace/zalando/riptide/385013973/.m2/org/springframework/spring-aop/4.3.15.RELEASE/spring-aop-4.3.15.RELEASE.jar:/root/./workspace/zalando/riptide/385013973/.m2/org/springframework/spring-beans/4.3.15.RELEASE/spring-beans-4.3.15.RELEASE.jar:/root/./workspace/zalando/riptide/385013973/.m2/org/springframework/spring-core/4.3.15.RELEASE/spring-core-4.3.15.RELEASE.jar:/root/./workspace/zalando/riptide/385013973/.m2/org/springframework/spring-context/4.3.15.RELEASE/spring-context-4.3.15.RELEASE.jar:/root/./workspace/zalando/riptide/385013973/.m2/org/springframework/spring-expression/4.3.15.RELEASE/spring-expression-4.3.15.RELEASE.jar:/root/./workspace/zalando/riptide/385013973/.m2/org/springframework/spring-test/4.3.14.RELEASE/spring-test-4.3.14.RELEASE.jar:/root/./workspace/zalando/riptide/385013973/.m2/com/github/rest-driver/rest-client-driver/2.0.0/rest-client-driver-2.0.0.jar:/root/./workspace/zalando/riptide/385013973/.m2/com/github/rest-driver/rest-driver-shared/2.0.0/rest-driver-shared-2.0.0.jar:/root/./workspace/zalando/riptide/385013973/.m2/com/jayway/jsonpath/json-path/2.2.0/json-path-2.2.0.jar:/root/./workspace/zalando/riptide/385013973/.m2/net/minidev/json-smart/2.2.1/json-smart-2.2.1.jar:/root/./workspace/zalando/riptide/385013973/.m2/net/minidev/accessors-smart/1.1/accessors-smart-1.1.jar:/root/./workspace/zalando/riptide/385013973/.m2/org/ow2/asm/asm/5.0.3/asm-5.0.3.jar:/root/./workspace/zalando/riptide/385013973/.m2/xmlunit/xmlunit/1.4/xmlunit-1.4.jar:/root/./workspace/zalando/riptide/385013973/.m2/commons-codec/commons-codec/1.10/commons-codec-1.10.jar:/root/./workspace/zalando/riptide/385013973/.m2/commons-io/commons-io/2.4/commons-io-2.4.jar:/root/./workspace/zalando/riptide/385013973/.m2/commons-lang/commons-lang/2.6/commons-lang-2.6.jar:/root/./workspace/zalando/riptide/385013973/.m2/org/eclipse/jetty/jetty-server/9.4.9.v20180320/jetty-server-9.4.9.v20180320.jar:/root/./workspace/zalando/riptide/385013973/.m2/javax/servlet/javax.servlet-api/3.1.0/javax.servlet-api-3.1.0.jar:/root/./workspace/zalando/riptide/385013973/.m2/org/eclipse/jetty/jetty-http/9.4.9.v20180320/jetty-http-9.4.9.v20180320.jar:/root/./workspace/zalando/riptide/385013973/.m2/org/eclipse/jetty/jetty-util/9.4.9.v20180320/jetty-util-9.4.9.v20180320.jar:/root/./workspace/zalando/riptide/385013973/.m2/org/eclipse/jetty/jetty-io/9.4.9.v20180320/jetty-io-9.4.9.v20180320.jar:/root/./workspace/zalando/riptide/385013973/.m2/org/apiguardian/apiguardian-api/1.0.0/apiguardian-api-1.0.0.jar:/root/./workspace/zalando/riptide/385013973/.m2/org/zalando/faux-pas/0.7.0/faux-pas-0.7.0.jar:/root/./workspace/zalando/riptide/385013973/.m2/com/google/code/findbugs/jsr305/3.0.2/jsr305-3.0.2.jar:/root/./workspace/zalando/riptide/385013973/.m2/com/google/gag/gag/1.0.1/gag-1.0.1.jar:/root/./workspace/zalando/riptide/385013973/.m2/com/google/guava/guava/25.1-jre/guava-25.1-jre.jar:/root/./workspace/zalando/riptide/385013973/.m2/org/checkerframework/checker-qual/2.0.0/checker-qual-2.0.0.jar:/root/./workspace/zalando/riptide/385013973/.m2/com/google/errorprone/error_prone_annotations/2.1.3/error_prone_annotations-2.1.3.jar:/root/./workspace/zalando/riptide/385013973/.m2/com/google/j2objc/j2objc-annotations/1.1/j2objc-annotations-1.1.jar:/root/./workspace/zalando/riptide/385013973/.m2/org/codehaus/mojo/animal-sniffer-annotations/1.14/animal-sniffer-annotations-1.14.jar:/root/./workspace/zalando/riptide/385013973/.m2/org/projectlombok/lombok/1.16.22/lombok-1.16.22.jar:/root/./workspace/zalando/riptide/385013973/.m2/org/slf4j/slf4j-api/1.7.25/slf4j-api-1.7.25.jar:/root/./workspace/zalando/riptide/385013973/.m2/org/slf4j/jcl-over-slf4j/1.7.25/jcl-over-slf4j-1.7.25.jar:/root/./workspace/zalando/riptide/385013973/.m2/org/slf4j/slf4j-simple/1.7.25/slf4j-simple-1.7.25.jar:/root/./workspace/zalando/riptide/385013973/.m2/junit/junit/4.12/junit-4.12.jar:/root/./workspace/zalando/riptide/385013973/.m2/org/hamcrest/hamcrest-junit/2.0.0.0/hamcrest-junit-2.0.0.0.jar:/root/./workspace/zalando/riptide/385013973/.m2/org/hamcrest/java-hamcrest/2.0.0.0/java-hamcrest-2.0.0.0.jar:/root/./workspace/zalando/riptide/385013973/.m2/org/hobsoft/hamcrest/hamcrest-compose/0.4.0/hamcrest-compose-0.4.0.jar:/root/./workspace/zalando/riptide/385013973/.m2/org/mockito/mockito-core/2.18.3/mockito-core-2.18.3.jar:/root/./workspace/zalando/riptide/385013973/.m2/net/bytebuddy/byte-buddy/1.8.5/byte-buddy-1.8.5.jar:/root/./workspace/zalando/riptide/385013973/.m2/net/bytebuddy/byte-buddy-agent/1.8.5/byte-buddy-agent-1.8.5.jar:/root/./workspace/zalando/riptide/385013973/.m2/org/objenesis/objenesis/2.6/objenesis-2.6.jar:/root/./workspace/zalando/riptide/385013973/.m2/com/fasterxml/jackson/core/jackson-databind/2.9.5/jackson-databind-2.9.5.jar:/root/./workspace/zalando/riptide/385013973/.m2/com/fasterxml/jackson/core/jackson-annotations/2.9.5/jackson-annotations-2.9.5.jar:/root/./workspace/zalando/riptide/385013973/.m2/com/fasterxml/jackson/core/jackson-core/2.9.5/jackson-core-2.9.5.jar:/root/./workspace/zalando/riptide/385013973/.m2/com/fasterxml/jackson/module/jackson-module-parameter-names/2.9.5/jackson-module-parameter-names-2.9.5.jar:/root/./workspace/zalando/riptide/385013973/.m2/com/fasterxml/jackson/datatype/jackson-datatype-jdk8/2.9.5/jackson-datatype-jdk8-2.9.5.jar:/root/./workspace/zalando/riptide/385013973/.m2/org/zalando/jackson-datatype-problem/0.20.3/jackson-datatype-problem-0.20.3.jar:/root/./workspace/zalando/riptide/385013973/.m2/org/zalando/problem/0.20.3/problem-0.20.3.jar:"/>
    <property name="java.vm.vendor" value="Oracle Corporation"/>
    <property name="skip.bower" value="true"/>
    <property name="sun.arch.data.model" value="64"/>
    <property name="rest.driver.version" value="2.0.0"/>
    <property name="java.vendor.url" value="http://java.oracle.com/"/>
    <property name="user.timezone" value="Europe/Paris"/>
    <property name="java.vm.specification.version" value="1.8"/>
    <property name="os.name" value="Linux"/>
    <property name="rat.skip" value="true"/>
    <property name="gpg.skip" value="true"/>
    <property name="sun.java.launcher" value="SUN_STANDARD"/>
    <property name="sun.boot.library.path" value="/usr/lib/jvm/java-8-openjdk-amd64/jre/lib/amd64"/>
    <property name="skip.gulp" value="true"/>
    <property name="sun.java.command" value="/root/workspace/zalando/riptide/385013973/riptide-core/target/surefire/surefirebooter1317159906806870468.jar /root/workspace/zalando/riptide/385013973/riptide-core/target/surefire 2018-05-29T06-42-06_886-jvmRun1 surefire4898375550810812706tmp surefire_06890666991434643324tmp"/>
    <property name="dependency-check.skip" value="true"/>
    <property name="surefire.test.class.path" value="/root/workspace/zalando/riptide/385013973/riptide-core/target/test-classes:/root/workspace/zalando/riptide/385013973/riptide-core/target/classes:/root/./workspace/zalando/riptide/385013973/.m2/org/springframework/spring-web/4.3.14.RELEASE/spring-web-4.3.14.RELEASE.jar:/root/./workspace/zalando/riptide/385013973/.m2/org/springframework/spring-aop/4.3.15.RELEASE/spring-aop-4.3.15.RELEASE.jar:/root/./workspace/zalando/riptide/385013973/.m2/org/springframework/spring-beans/4.3.15.RELEASE/spring-beans-4.3.15.RELEASE.jar:/root/./workspace/zalando/riptide/385013973/.m2/org/springframework/spring-core/4.3.15.RELEASE/spring-core-4.3.15.RELEASE.jar:/root/./workspace/zalando/riptide/385013973/.m2/org/springframework/spring-context/4.3.15.RELEASE/spring-context-4.3.15.RELEASE.jar:/root/./workspace/zalando/riptide/385013973/.m2/org/springframework/spring-expression/4.3.15.RELEASE/spring-expression-4.3.15.RELEASE.jar:/root/./workspace/zalando/riptide/385013973/.m2/org/springframework/spring-test/4.3.14.RELEASE/spring-test-4.3.14.RELEASE.jar:/root/./workspace/zalando/riptide/385013973/.m2/com/github/rest-driver/rest-client-driver/2.0.0/rest-client-driver-2.0.0.jar:/root/./workspace/zalando/riptide/385013973/.m2/com/github/rest-driver/rest-driver-shared/2.0.0/rest-driver-shared-2.0.0.jar:/root/./workspace/zalando/riptide/385013973/.m2/com/jayway/jsonpath/json-path/2.2.0/json-path-2.2.0.jar:/root/./workspace/zalando/riptide/385013973/.m2/net/minidev/json-smart/2.2.1/json-smart-2.2.1.jar:/root/./workspace/zalando/riptide/385013973/.m2/net/minidev/accessors-smart/1.1/accessors-smart-1.1.jar:/root/./workspace/zalando/riptide/385013973/.m2/org/ow2/asm/asm/5.0.3/asm-5.0.3.jar:/root/./workspace/zalando/riptide/385013973/.m2/xmlunit/xmlunit/1.4/xmlunit-1.4.jar:/root/./workspace/zalando/riptide/385013973/.m2/commons-codec/commons-codec/1.10/commons-codec-1.10.jar:/root/./workspace/zalando/riptide/385013973/.m2/commons-io/commons-io/2.4/commons-io-2.4.jar:/root/./workspace/zalando/riptide/385013973/.m2/commons-lang/commons-lang/2.6/commons-lang-2.6.jar:/root/./workspace/zalando/riptide/385013973/.m2/org/eclipse/jetty/jetty-server/9.4.9.v20180320/jetty-server-9.4.9.v20180320.jar:/root/./workspace/zalando/riptide/385013973/.m2/javax/servlet/javax.servlet-api/3.1.0/javax.servlet-api-3.1.0.jar:/root/./workspace/zalando/riptide/385013973/.m2/org/eclipse/jetty/jetty-http/9.4.9.v20180320/jetty-http-9.4.9.v20180320.jar:/root/./workspace/zalando/riptide/385013973/.m2/org/eclipse/jetty/jetty-util/9.4.9.v20180320/jetty-util-9.4.9.v20180320.jar:/root/./workspace/zalando/riptide/385013973/.m2/org/eclipse/jetty/jetty-io/9.4.9.v20180320/jetty-io-9.4.9.v20180320.jar:/root/./workspace/zalando/riptide/385013973/.m2/org/apiguardian/apiguardian-api/1.0.0/apiguardian-api-1.0.0.jar:/root/./workspace/zalando/riptide/385013973/.m2/org/zalando/faux-pas/0.7.0/faux-pas-0.7.0.jar:/root/./workspace/zalando/riptide/385013973/.m2/com/google/code/findbugs/jsr305/3.0.2/jsr305-3.0.2.jar:/root/./workspace/zalando/riptide/385013973/.m2/com/google/gag/gag/1.0.1/gag-1.0.1.jar:/root/./workspace/zalando/riptide/385013973/.m2/com/google/guava/guava/25.1-jre/guava-25.1-jre.jar:/root/./workspace/zalando/riptide/385013973/.m2/org/checkerframework/checker-qual/2.0.0/checker-qual-2.0.0.jar:/root/./workspace/zalando/riptide/385013973/.m2/com/google/errorprone/error_prone_annotations/2.1.3/error_prone_annotations-2.1.3.jar:/root/./workspace/zalando/riptide/385013973/.m2/com/google/j2objc/j2objc-annotations/1.1/j2objc-annotations-1.1.jar:/root/./workspace/zalando/riptide/385013973/.m2/org/codehaus/mojo/animal-sniffer-annotations/1.14/animal-sniffer-annotations-1.14.jar:/root/./workspace/zalando/riptide/385013973/.m2/org/projectlombok/lombok/1.16.22/lombok-1.16.22.jar:/root/./workspace/zalando/riptide/385013973/.m2/org/slf4j/slf4j-api/1.7.25/slf4j-api-1.7.25.jar:/root/./workspace/zalando/riptide/385013973/.m2/org/slf4j/jcl-over-slf4j/1.7.25/jcl-over-slf4j-1.7.25.jar:/root/./workspace/zalando/riptide/385013973/.m2/org/slf4j/slf4j-simple/1.7.25/slf4j-simple-1.7.25.jar:/root/./workspace/zalando/riptide/385013973/.m2/junit/junit/4.12/junit-4.12.jar:/root/./workspace/zalando/riptide/385013973/.m2/org/hamcrest/hamcrest-junit/2.0.0.0/hamcrest-junit-2.0.0.0.jar:/root/./workspace/zalando/riptide/385013973/.m2/org/hamcrest/java-hamcrest/2.0.0.0/java-hamcrest-2.0.0.0.jar:/root/./workspace/zalando/riptide/385013973/.m2/org/hobsoft/hamcrest/hamcrest-compose/0.4.0/hamcrest-compose-0.4.0.jar:/root/./workspace/zalando/riptide/385013973/.m2/org/mockito/mockito-core/2.18.3/mockito-core-2.18.3.jar:/root/./workspace/zalando/riptide/385013973/.m2/net/bytebuddy/byte-buddy/1.8.5/byte-buddy-1.8.5.jar:/root/./workspace/zalando/riptide/385013973/.m2/net/bytebuddy/byte-buddy-agent/1.8.5/byte-buddy-agent-1.8.5.jar:/root/./workspace/zalando/riptide/385013973/.m2/org/objenesis/objenesis/2.6/objenesis-2.6.jar:/root/./workspace/zalando/riptide/385013973/.m2/com/fasterxml/jackson/core/jackson-databind/2.9.5/jackson-databind-2.9.5.jar:/root/./workspace/zalando/riptide/385013973/.m2/com/fasterxml/jackson/core/jackson-annotations/2.9.5/jackson-annotations-2.9.5.jar:/root/./workspace/zalando/riptide/385013973/.m2/com/fasterxml/jackson/core/jackson-core/2.9.5/jackson-core-2.9.5.jar:/root/./workspace/zalando/riptide/385013973/.m2/com/fasterxml/jackson/module/jackson-module-parameter-names/2.9.5/jackson-module-parameter-names-2.9.5.jar:/root/./workspace/zalando/riptide/385013973/.m2/com/fasterxml/jackson/datatype/jackson-datatype-jdk8/2.9.5/jackson-datatype-jdk8-2.9.5.jar:/root/./workspace/zalando/riptide/385013973/.m2/org/zalando/jackson-datatype-problem/0.20.3/jackson-datatype-problem-0.20.3.jar:/root/./workspace/zalando/riptide/385013973/.m2/org/zalando/problem/0.20.3/problem-0.20.3.jar:"/>
    <property name="sun.cpu.endian" value="little"/>
    <property name="user.home" value="/root"/>
    <property name="user.language" value="en"/>
    <property name="java.specification.vendor" value="Oracle Corporation"/>
    <property name="java.home" value="/usr/lib/jvm/java-8-openjdk-amd64/jre"/>
    <property name="basedir" value="/root/workspace/zalando/riptide/385013973/riptide-core"/>
    <property name="file.separator" value="/"/>
    <property name="checkstyle.skip" value="true"/>
    <property name="line.separator" value="&#10;"/>
    <property name="skip.npm" value="true"/>
    <property name="java.vm.specification.vendor" value="Oracle Corporation"/>
    <property name="java.specification.name" value="Java Platform API Specification"/>
    <property name="java.awt.graphicsenv" value="sun.awt.X11GraphicsEnvironment"/>
    <property name="skipITs" value="true"/>
    <property name="surefire.real.class.path" value="/root/workspace/zalando/riptide/385013973/riptide-core/target/surefire/surefirebooter1317159906806870468.jar:/root/./workspace/zalando/riptide/385013973/.m2/org/jacoco/org.jacoco.agent/0.8.1/org.jacoco.agent-0.8.1-runtime.jar"/>
    <property name="cobertura.skip" value="true"/>
    <property name="sun.boot.class.path" value="/usr/lib/jvm/java-8-openjdk-amd64/jre/lib/resources.jar:/usr/lib/jvm/java-8-openjdk-amd64/jre/lib/rt.jar:/usr/lib/jvm/java-8-openjdk-amd64/jre/lib/sunrsasign.jar:/usr/lib/jvm/java-8-openjdk-amd64/jre/lib/jsse.jar:/usr/lib/jvm/java-8-openjdk-amd64/jre/lib/jce.jar:/usr/lib/jvm/java-8-openjdk-amd64/jre/lib/charsets.jar:/usr/lib/jvm/java-8-openjdk-amd64/jre/lib/jfr.jar:/usr/lib/jvm/java-8-openjdk-amd64/jre/classes"/>
    <property name="sun.management.compiler" value="HotSpot 64-Bit Tiered Compilers"/>
    <property name="java.runtime.version" value="1.8.0_121-8u121-b13-1~bpo8+1-b13"/>
    <property name="user.name" value="root"/>
    <property name="findbugs.skip" value="true"/>
    <property name="path.separator" value=":"/>
    <property name="os.version" value="3.10.0-862.3.2.el7.x86_64"/>
    <property name="java.endorsed.dirs" value="/usr/lib/jvm/java-8-openjdk-amd64/jre/lib/endorsed"/>
    <property name="java.runtime.name" value="OpenJDK Runtime Environment"/>
    <property name="file.encoding" value="UTF-8"/>
    <property name="java.vm.name" value="OpenJDK 64-Bit Server VM"/>
    <property name="localRepository" value="/root/./workspace/zalando/riptide/385013973/.m2"/>
    <property name="java.vendor.url.bug" value="http://bugreport.sun.com/bugreport/"/>
    <property name="jetty.git.hash" value="1f8159b1e4a42d3f79997021ea1609f2fbac6de5"/>
    <property name="java.io.tmpdir" value="/tmp"/>
    <property name="java.version" value="1.8.0_121"/>
    <property name="user.dir" value="/root/workspace/zalando/riptide/385013973/riptide-core"/>
    <property name="os.arch" value="amd64"/>
    <property name="license.skip" value="true"/>
    <property name="java.vm.specification.name" value="Java Virtual Machine Specification"/>
    <property name="java.awt.printerjob" value="sun.print.PSPrinterJob"/>
    <property name="sun.os.patch.level" value="unknown"/>
    <property name="java.library.path" value="/usr/java/packages/lib/amd64:/usr/lib/x86_64-linux-gnu/jni:/lib/x86_64-linux-gnu:/usr/lib/x86_64-linux-gnu:/usr/lib/jni:/lib:/usr/lib"/>
    <property name="java.vm.info" value="mixed mode"/>
    <property name="java.vendor" value="Oracle Corporation"/>
    <property name="java.vm.version" value="25.121-b13"/>
    <property name="java.ext.dirs" value="/usr/lib/jvm/java-8-openjdk-amd64/jre/lib/ext:/usr/java/packages/lib/ext"/>
    <property name="sun.io.unicode.encoding" value="UnicodeLittle"/>
    <property name="maven.repo.local" value="/root/./workspace/zalando/riptide/385013973/.m2"/>
    <property name="enforcer.skip" value="true"/>
    <property name="java.class.version" value="52.0"/>
  </properties>
  <testcase name="shouldDispatch[Switching Protocols]" classname="org.zalando.riptide.ReasonPhraseDispatchTest" time="0.005"/>
  <testcase name="shouldDispatch[Continue]" classname="org.zalando.riptide.ReasonPhraseDispatchTest" time="0.003"/>
  <testcase name="shouldDispatch[Checkpoint]" classname="org.zalando.riptide.ReasonPhraseDispatchTest" time="0.003"/>
  <testcase name="shouldDispatch[Processing]" classname="org.zalando.riptide.ReasonPhraseDispatchTest" time="0.004"/>
  <testcase name="shouldDispatch[OK]" classname="org.zalando.riptide.ReasonPhraseDispatchTest" time="0.001"/>
  <testcase name="shouldDispatch[Accepted]" classname="org.zalando.riptide.ReasonPhraseDispatchTest" time="0"/>
  <testcase name="shouldDispatch[Non-Authoritative Information]" classname="org.zalando.riptide.ReasonPhraseDispatchTest" time="0.001"/>
  <testcase name="shouldDispatch[No Content]" classname="org.zalando.riptide.ReasonPhraseDispatchTest" time="0.001"/>
  <testcase name="shouldDispatch[Created]" classname="org.zalando.riptide.ReasonPhraseDispatchTest" time="0"/>
  <testcase name="shouldDispatch[Reset Content]" classname="org.zalando.riptide.ReasonPhraseDispatchTest" time="0.001"/>
  <testcase name="shouldDispatch[Partial Content]" classname="org.zalando.riptide.ReasonPhraseDispatchTest" time="0"/>
  <testcase name="shouldDispatch[Multi-Status]" classname="org.zalando.riptide.ReasonPhraseDispatchTest" time="0.001"/>
  <testcase name="shouldDispatch[Already Reported]" classname="org.zalando.riptide.ReasonPhraseDispatchTest" time="0"/>
  <testcase name="shouldDispatch[IM Used]" classname="org.zalando.riptide.ReasonPhraseDispatchTest" time="0"/>
  <testcase name="shouldDispatch[Multiple Choices]" classname="org.zalando.riptide.ReasonPhraseDispatchTest" time="0"/>
  <testcase name="shouldDispatch[Moved Permanently]" classname="org.zalando.riptide.ReasonPhraseDispatchTest" time="0.001"/>
  <testcase name="shouldDispatch[Found]" classname="org.zalando.riptide.ReasonPhraseDispatchTest" time="0"/>
  <testcase name="shouldDispatch[Not Modified]" classname="org.zalando.riptide.ReasonPhraseDispatchTest" time="0"/>
  <testcase name="shouldDispatch[See Other]" classname="org.zalando.riptide.ReasonPhraseDispatchTest" time="0"/>
  <testcase name="shouldDispatch[Use Proxy]" classname="org.zalando.riptide.ReasonPhraseDispatchTest" time="0"/>
  <testcase name="shouldDispatch[Permanent Redirect]" classname="org.zalando.riptide.ReasonPhraseDispatchTest" time="0"/>
  <testcase name="shouldDispatch[Temporary Redirect]" classname="org.zalando.riptide.ReasonPhraseDispatchTest" time="0"/>
  <testcase name="shouldDispatch[Bad Request]" classname="org.zalando.riptide.ReasonPhraseDispatchTest" time="0"/>
  <testcase name="shouldDispatch[Unauthorized]" classname="org.zalando.riptide.ReasonPhraseDispatchTest" time="0.001"/>
  <testcase name="shouldDispatch[Payment Required]" classname="org.zalando.riptide.ReasonPhraseDispatchTest" time="0.001"/>
  <testcase name="shouldDispatch[Forbidden]" classname="org.zalando.riptide.ReasonPhraseDispatchTest" time="0"/>
  <testcase name="shouldDispatch[Not Found]" classname="org.zalando.riptide.ReasonPhraseDispatchTest" time="0"/>
  <testcase name="shouldDispatch[Method Not Allowed]" classname="org.zalando.riptide.ReasonPhraseDispatchTest" time="0"/>
  <testcase name="shouldDispatch[Proxy Authentication Required]" classname="org.zalando.riptide.ReasonPhraseDispatchTest" time="0.001"/>
  <testcase name="shouldDispatch[Request Timeout]" classname="org.zalando.riptide.ReasonPhraseDispatchTest" time="0"/>
  <testcase name="shouldDispatch[Not Acceptable]" classname="org.zalando.riptide.ReasonPhraseDispatchTest" time="0"/>
  <testcase name="shouldDispatch[Conflict]" classname="org.zalando.riptide.ReasonPhraseDispatchTest" time="0.001"/>
  <testcase name="shouldDispatch[Gone]" classname="org.zalando.riptide.ReasonPhraseDispatchTest" time="0"/>
  <testcase name="shouldDispatch[Length Required]" classname="org.zalando.riptide.ReasonPhraseDispatchTest" time="0"/>
  <testcase name="shouldDispatch[Precondition Failed]" classname="org.zalando.riptide.ReasonPhraseDispatchTest" time="0"/>
  <testcase name="shouldDispatch[URI Too Long]" classname="org.zalando.riptide.ReasonPhraseDispatchTest" time="0"/>
  <testcase name="shouldDispatch[Payload Too Large]" classname="org.zalando.riptide.ReasonPhraseDispatchTest" time="0"/>
  <testcase name="shouldDispatch[Unsupported Media Type]" classname="org.zalando.riptide.ReasonPhraseDispatchTest" time="0"/>
  <testcase name="shouldDispatch[Requested range not satisfiable]" classname="org.zalando.riptide.ReasonPhraseDispatchTest" time="0"/>
  <testcase name="shouldDispatch[Expectation Failed]" classname="org.zalando.riptide.ReasonPhraseDispatchTest" time="0.001"/>
  <testcase name="shouldDispatch[I&apos;m a teapot]" classname="org.zalando.riptide.ReasonPhraseDispatchTest" time="0"/>
  <testcase name="shouldDispatch[Insufficient Space On Resource]" classname="org.zalando.riptide.ReasonPhraseDispatchTest" time="0"/>
  <testcase name="shouldDispatch[Method Failure]" classname="org.zalando.riptide.ReasonPhraseDispatchTest" time="0.001"/>
  <testcase name="shouldDispatch[Unprocessable Entity]" classname="org.zalando.riptide.ReasonPhraseDispatchTest" time="0"/>
  <testcase name="shouldDispatch[Destination Locked]" classname="org.zalando.riptide.ReasonPhraseDispatchTest" time="0.001"/>
  <testcase name="shouldDispatch[Locked]" classname="org.zalando.riptide.ReasonPhraseDispatchTest" time="0.001"/>
  <testcase name="shouldDispatch[Failed Dependency]" classname="org.zalando.riptide.ReasonPhraseDispatchTest" time="0.001"/>
  <testcase name="shouldDispatch[Upgrade Required]" classname="org.zalando.riptide.ReasonPhraseDispatchTest" time="0"/>
  <testcase name="shouldDispatch[Precondition Required]" classname="org.zalando.riptide.ReasonPhraseDispatchTest" time="0.001"/>
  <testcase name="shouldDispatch[Too Many Requests]" classname="org.zalando.riptide.ReasonPhraseDispatchTest" time="0"/>
  <testcase name="shouldDispatch[Request Header Fields Too Large]" classname="org.zalando.riptide.ReasonPhraseDispatchTest" time="0"/>
  <testcase name="shouldDispatch[Unavailable For Legal Reasons]" classname="org.zalando.riptide.ReasonPhraseDispatchTest" time="0"/>
  <testcase name="shouldDispatch[Internal Server Error]" classname="org.zalando.riptide.ReasonPhraseDispatchTest" time="0.001"/>
  <testcase name="shouldDispatch[Not Implemented]" classname="org.zalando.riptide.ReasonPhraseDispatchTest" time="0.001"/>
  <testcase name="shouldDispatch[Bad Gateway]" classname="org.zalando.riptide.ReasonPhraseDispatchTest" time="0"/>
  <testcase name="shouldDispatch[Service Unavailable]" classname="org.zalando.riptide.ReasonPhraseDispatchTest" time="0"/>
  <testcase name="shouldDispatch[Gateway Timeout]" classname="org.zalando.riptide.ReasonPhraseDispatchTest" time="0.001"/>
  <testcase name="shouldDispatch[HTTP Version not supported]" classname="org.zalando.riptide.ReasonPhraseDispatchTest" time="0"/>
  <testcase name="shouldDispatch[Variant Also Negotiates]" classname="org.zalando.riptide.ReasonPhraseDispatchTest" time="0"/>
  <testcase name="shouldDispatch[Insufficient Storage]" classname="org.zalando.riptide.ReasonPhraseDispatchTest" time="0"/>
  <testcase name="shouldDispatch[Loop Detected]" classname="org.zalando.riptide.ReasonPhraseDispatchTest" time="0.001"/>
  <testcase name="shouldDispatch[Bandwidth Limit Exceeded]" classname="org.zalando.riptide.ReasonPhraseDispatchTest" time="0"/>
  <testcase name="shouldDispatch[Not Extended]" classname="org.zalando.riptide.ReasonPhraseDispatchTest" time="0"/>
  <testcase name="shouldDispatch[Network Authentication Required]" classname="org.zalando.riptide.ReasonPhraseDispatchTest" time="0"/>
</testsuite>