<?xml version="1.0" encoding="UTF-8"?>
<!-- Generated by org.testng.reporters.JUnitReportReporter -->
<testsuite hostname="cyclone1" name="org.molgenis.data.cache.l2.L2CacheTest" tests="6" failures="0" timestamp="1 Jun 2018 11:36:13 GMT" time="0.101" errors="0">
  <testcase name="testGetBatchIdLoaderThrowsException" time="0.005" classname="org.molgenis.data.cache.l2.L2CacheTest"/>
  <testcase name="testAfterCommitTransactionRemovesEntityForDirtyEntity" time="0.052" classname="org.molgenis.data.cache.l2.L2CacheTest"/>
  <testcase name="testGetStringIdLoaderThrowsException" time="0.004" classname="org.molgenis.data.cache.l2.L2CacheTest"/>
  <testcase name="testGetStringIdCachesLoadedData" time="0.006" classname="org.molgenis.data.cache.l2.L2CacheTest"/>
  <testcase name="testFindAll" time="0.018" classname="org.molgenis.data.cache.l2.L2CacheTest"/>
  <testcase name="testAfterCommitTransactionRemovesCacheForDirtyRepository" time="0.016" classname="org.molgenis.data.cache.l2.L2CacheTest"/>
</testsuite> <!-- org.molgenis.data.cache.l2.L2CacheTest -->
