<?xml version="1.0" encoding="UTF-8"?>
<!-- Generated by org.testng.reporters.JUnitReportReporter -->
<testsuite hostname="cyclone1" name="org.molgenis.data.cache.l3.L3CacheTest" tests="4" failures="0" timestamp="4 Jun 2018 11:15:10 GMT" time="0.257" errors="0">
  <testcase name="testAfterCommitTransactionDirtyRepository" time="0.006" classname="org.molgenis.data.cache.l3.L3CacheTest"/>
  <testcase name="testAfterCommitTransactionCleanRepository" time="0.129" classname="org.molgenis.data.cache.l3.L3CacheTest"/>
  <testcase name="testGetThrowsException" time="0.010" classname="org.molgenis.data.cache.l3.L3CacheTest"/>
  <testcase name="testGet" time="0.112" classname="org.molgenis.data.cache.l3.L3CacheTest"/>
</testsuite> <!-- org.molgenis.data.cache.l3.L3CacheTest -->
