<?xml version="1.0" encoding="UTF-8"?>
<!-- Generated by org.testng.reporters.JUnitReportReporter -->
<testsuite hostname="cyclone1" name="org.molgenis.data.cache.utils.EntityHydrationTest" tests="4" failures="0" timestamp="1 Jun 2018 11:36:13 GMT" time="0.785" errors="0">
  <testcase name="dehydrateTest" time="0.057" classname="org.molgenis.data.cache.utils.EntityHydrationTest"/>
  <testcase name="dehydrateOnetoMany" time="0.710" classname="org.molgenis.data.cache.utils.EntityHydrationTest"/>
  <testcase name="dehydrateXref" time="0.004" classname="org.molgenis.data.cache.utils.EntityHydrationTest"/>
  <testcase name="hydrateTest" time="0.014" classname="org.molgenis.data.cache.utils.EntityHydrationTest"/>
</testsuite> <!-- org.molgenis.data.cache.utils.EntityHydrationTest -->
