<?xml version="1.0" encoding="UTF-8"?>
<!-- Generated by org.testng.reporters.JUnitReportReporter -->
<testsuite hostname="cyclone1" name="org.molgenis.data.cache.l2.L2CacheTest" tests="6" failures="0" timestamp="6 Jun 2018 21:44:41 GMT" time="0.370" errors="0">
  <testcase name="testFindAll" time="0.216" classname="org.molgenis.data.cache.l2.L2CacheTest"/>
  <testcase name="testAfterCommitTransactionRemovesEntityForDirtyEntity" time="0.020" classname="org.molgenis.data.cache.l2.L2CacheTest"/>
  <testcase name="testGetBatchIdLoaderThrowsException" time="0.005" classname="org.molgenis.data.cache.l2.L2CacheTest"/>
  <testcase name="testGetStringIdCachesLoadedData" time="0.005" classname="org.molgenis.data.cache.l2.L2CacheTest"/>
  <testcase name="testAfterCommitTransactionRemovesCacheForDirtyRepository" time="0.119" classname="org.molgenis.data.cache.l2.L2CacheTest"/>
  <testcase name="testGetStringIdLoaderThrowsException" time="0.005" classname="org.molgenis.data.cache.l2.L2CacheTest"/>
</testsuite> <!-- org.molgenis.data.cache.l2.L2CacheTest -->
