<?xml version="1.0" encoding="UTF-8"?>
<!-- Generated by org.testng.reporters.JUnitReportReporter -->
<testsuite hostname="cyclone1" name="org.molgenis.data.cache.utils.EntityHydrationTest" tests="4" failures="0" timestamp="4 Jun 2018 11:15:10 GMT" time="0.856" errors="0">
  <testcase name="dehydrateTest" time="0.087" classname="org.molgenis.data.cache.utils.EntityHydrationTest"/>
  <testcase name="dehydrateOnetoMany" time="0.751" classname="org.molgenis.data.cache.utils.EntityHydrationTest"/>
  <testcase name="dehydrateXref" time="0.003" classname="org.molgenis.data.cache.utils.EntityHydrationTest"/>
  <testcase name="hydrateTest" time="0.015" classname="org.molgenis.data.cache.utils.EntityHydrationTest"/>
</testsuite> <!-- org.molgenis.data.cache.utils.EntityHydrationTest -->
