<?xml version="1.0" encoding="UTF-8"?>
<!-- Generated by org.testng.reporters.JUnitReportReporter -->
<testsuite hostname="cyclone1" name="org.molgenis.data.cache.utils.CombinedEntityCacheTest" tests="3" failures="0" timestamp="4 Jun 2018 11:15:10 GMT" time="0.129" errors="0">
  <testcase name="getIfPresentIntegerIdDeletionLoggedInCache" time="0.003" classname="org.molgenis.data.cache.utils.CombinedEntityCacheTest"/>
  <testcase name="getIfPresentIntegerIdEntityNotPresentInCache" time="0.124" classname="org.molgenis.data.cache.utils.CombinedEntityCacheTest"/>
  <testcase name="getIfPresentIntegerIdEntityPresentInCache" time="0.002" classname="org.molgenis.data.cache.utils.CombinedEntityCacheTest"/>
</testsuite> <!-- org.molgenis.data.cache.utils.CombinedEntityCacheTest -->
