<?xml version="1.0" encoding="UTF-8"?>
<!-- Generated by org.testng.reporters.JUnitReportReporter -->
<testsuite hostname="cyclone1" name="org.molgenis.data.cache.utils.EntityHydrationTest" tests="4" failures="0" timestamp="7 Jun 2018 14:48:46 GMT" time="0.435" errors="0">
  <testcase name="dehydrateTest" time="0.040" classname="org.molgenis.data.cache.utils.EntityHydrationTest"/>
  <testcase name="dehydrateOnetoMany" time="0.374" classname="org.molgenis.data.cache.utils.EntityHydrationTest"/>
  <testcase name="dehydrateXref" time="0.005" classname="org.molgenis.data.cache.utils.EntityHydrationTest"/>
  <testcase name="hydrateTest" time="0.016" classname="org.molgenis.data.cache.utils.EntityHydrationTest"/>
</testsuite> <!-- org.molgenis.data.cache.utils.EntityHydrationTest -->
