<?xml version="1.0" encoding="UTF-8"?>
<!-- Generated by org.testng.reporters.JUnitReportReporter -->
<testsuite hostname="cyclone1" name="org.molgenis.data.cache.l2.L2CacheTest" tests="6" failures="0" timestamp="6 Jun 2018 08:47:06 GMT" time="0.075" errors="0">
  <testcase name="testGetBatchIdLoaderThrowsException" time="0.003" classname="org.molgenis.data.cache.l2.L2CacheTest"/>
  <testcase name="testGetStringIdLoaderThrowsException" time="0.004" classname="org.molgenis.data.cache.l2.L2CacheTest"/>
  <testcase name="testAfterCommitTransactionRemovesCacheForDirtyRepository" time="0.016" classname="org.molgenis.data.cache.l2.L2CacheTest"/>
  <testcase name="testFindAll" time="0.034" classname="org.molgenis.data.cache.l2.L2CacheTest"/>
  <testcase name="testAfterCommitTransactionRemovesEntityForDirtyEntity" time="0.012" classname="org.molgenis.data.cache.l2.L2CacheTest"/>
  <testcase name="testGetStringIdCachesLoadedData" time="0.006" classname="org.molgenis.data.cache.l2.L2CacheTest"/>
</testsuite> <!-- org.molgenis.data.cache.l2.L2CacheTest -->
