<?xml version="1.0" encoding="UTF-8"?>
<!-- Generated by org.testng.reporters.JUnitReportReporter -->
<testsuite hostname="cyclone1" name="org.molgenis.data.cache.l3.L3CacheTest" tests="4" failures="0" timestamp="6 Jun 2018 08:47:06 GMT" time="0.051" errors="0">
  <testcase name="testAfterCommitTransactionCleanRepository" time="0.031" classname="org.molgenis.data.cache.l3.L3CacheTest"/>
  <testcase name="testAfterCommitTransactionDirtyRepository" time="0.007" classname="org.molgenis.data.cache.l3.L3CacheTest"/>
  <testcase name="testGetThrowsException" time="0.008" classname="org.molgenis.data.cache.l3.L3CacheTest"/>
  <testcase name="testGet" time="0.005" classname="org.molgenis.data.cache.l3.L3CacheTest"/>
</testsuite> <!-- org.molgenis.data.cache.l3.L3CacheTest -->
