<?xml version="1.0" encoding="UTF-8"?>
<!-- Generated by org.testng.reporters.JUnitReportReporter -->
<testsuite hostname="cyclone1" name="org.molgenis.data.cache.l2.L2CacheRepositoryDecoratorTest" tests="6" failures="0" timestamp="6 Jun 2018 08:47:06 GMT" time="0.225" errors="0">
  <testcase name="testFindAllQueriesInBatches" time="0.165" classname="org.molgenis.data.cache.l2.L2CacheRepositoryDecoratorTest"/>
  <testcase name="testFindAllSplitsIdsOnTransactionInformation" time="0.007" classname="org.molgenis.data.cache.l2.L2CacheRepositoryDecoratorTest"/>
  <testcase name="testFindOneByIdNotDirtyCacheableNotPresent" time="0.040" classname="org.molgenis.data.cache.l2.L2CacheRepositoryDecoratorTest"/>
  <testcase name="testFindOneByIdNotDirtyCacheableAndPresent" time="0.004" classname="org.molgenis.data.cache.l2.L2CacheRepositoryDecoratorTest"/>
  <testcase name="testFindOneByIdDirty" time="0.004" classname="org.molgenis.data.cache.l2.L2CacheRepositoryDecoratorTest"/>
  <testcase name="testFindOneByIdEntireRepositoryDirty" time="0.005" classname="org.molgenis.data.cache.l2.L2CacheRepositoryDecoratorTest"/>
</testsuite> <!-- org.molgenis.data.cache.l2.L2CacheRepositoryDecoratorTest -->
