<?xml version="1.0" encoding="UTF-8"?>
<!-- Generated by org.testng.reporters.JUnitReportReporter -->
<testsuite hostname="cyclone1" name="org.molgenis.data.cache.l2.L2CacheRepositoryDecoratorTest" tests="6" failures="0" timestamp="6 Jun 2018 14:19:57 GMT" time="0.968" errors="0">
  <testcase name="testFindAllQueriesInBatches" time="0.387" classname="org.molgenis.data.cache.l2.L2CacheRepositoryDecoratorTest"/>
  <testcase name="testFindOneByIdNotDirtyCacheableAndPresent" time="0.018" classname="org.molgenis.data.cache.l2.L2CacheRepositoryDecoratorTest"/>
  <testcase name="testFindOneByIdNotDirtyCacheableNotPresent" time="0.509" classname="org.molgenis.data.cache.l2.L2CacheRepositoryDecoratorTest"/>
  <testcase name="testFindOneByIdDirty" time="0.033" classname="org.molgenis.data.cache.l2.L2CacheRepositoryDecoratorTest"/>
  <testcase name="testFindAllSplitsIdsOnTransactionInformation" time="0.014" classname="org.molgenis.data.cache.l2.L2CacheRepositoryDecoratorTest"/>
  <testcase name="testFindOneByIdEntireRepositoryDirty" time="0.007" classname="org.molgenis.data.cache.l2.L2CacheRepositoryDecoratorTest"/>
</testsuite> <!-- org.molgenis.data.cache.l2.L2CacheRepositoryDecoratorTest -->
