<?xml version="1.0" encoding="UTF-8"?>
<!-- Generated by org.testng.reporters.JUnitReportReporter -->
<testsuite hostname="cyclone1" name="org.molgenis.data.cache.l3.L3CacheRepositoryDecoratorTest" tests="6" failures="0" timestamp="7 Jun 2018 14:48:46 GMT" time="0.149" errors="0">
  <testcase name="testFindOneRepositoryClean" time="0.007" classname="org.molgenis.data.cache.l3.L3CacheRepositoryDecoratorTest"/>
  <testcase name="testFindAllRepositoryDirty" time="0.005" classname="org.molgenis.data.cache.l3.L3CacheRepositoryDecoratorTest"/>
  <testcase name="testFindAllZeroPageSize" time="0.003" classname="org.molgenis.data.cache.l3.L3CacheRepositoryDecoratorTest"/>
  <testcase name="testFindAllVeryLargePageSize" time="0.126" classname="org.molgenis.data.cache.l3.L3CacheRepositoryDecoratorTest"/>
  <testcase name="testFindOneRepositoryDirty" time="0.004" classname="org.molgenis.data.cache.l3.L3CacheRepositoryDecoratorTest"/>
  <testcase name="testFindAllRepositoryClean" time="0.004" classname="org.molgenis.data.cache.l3.L3CacheRepositoryDecoratorTest"/>
</testsuite> <!-- org.molgenis.data.cache.l3.L3CacheRepositoryDecoratorTest -->
