<?xml version="1.0" encoding="UTF-8"?>
<!-- Generated by org.testng.reporters.JUnitReportReporter -->
<testsuite hostname="cyclone1" name="org.molgenis.data.cache.utils.CombinedEntityCacheTest" tests="3" failures="0" timestamp="30 May 2018 12:52:54 GMT" time="0.123" errors="0">
  <testcase name="getIfPresentIntegerIdEntityPresentInCache" time="0.002" classname="org.molgenis.data.cache.utils.CombinedEntityCacheTest"/>
  <testcase name="getIfPresentIntegerIdEntityNotPresentInCache" time="0.002" classname="org.molgenis.data.cache.utils.CombinedEntityCacheTest"/>
  <testcase name="getIfPresentIntegerIdDeletionLoggedInCache" time="0.119" classname="org.molgenis.data.cache.utils.CombinedEntityCacheTest"/>
</testsuite> <!-- org.molgenis.data.cache.utils.CombinedEntityCacheTest -->
