<?xml version="1.0" encoding="UTF-8"?>
<!-- Generated by org.testng.reporters.JUnitReportReporter -->
<testsuite hostname="cyclone1" name="org.molgenis.data.cache.l3.L3CacheTest" tests="4" failures="0" timestamp="6 Jun 2018 21:44:41 GMT" time="0.114" errors="0">
  <testcase name="testAfterCommitTransactionCleanRepository" time="0.098" classname="org.molgenis.data.cache.l3.L3CacheTest"/>
  <testcase name="testGet" time="0.006" classname="org.molgenis.data.cache.l3.L3CacheTest"/>
  <testcase name="testAfterCommitTransactionDirtyRepository" time="0.005" classname="org.molgenis.data.cache.l3.L3CacheTest"/>
  <testcase name="testGetThrowsException" time="0.005" classname="org.molgenis.data.cache.l3.L3CacheTest"/>
</testsuite> <!-- org.molgenis.data.cache.l3.L3CacheTest -->
