<?xml version="1.0" encoding="UTF-8"?>
<!-- Generated by org.testng.reporters.JUnitReportReporter -->
<testsuite hostname="cyclone1" name="org.molgenis.data.cache.l3.L3CacheTest" tests="4" failures="0" timestamp="1 Jun 2018 11:36:13 GMT" time="0.575" errors="0">
  <testcase name="testAfterCommitTransactionDirtyRepository" time="0.004" classname="org.molgenis.data.cache.l3.L3CacheTest"/>
  <testcase name="testAfterCommitTransactionCleanRepository" time="0.420" classname="org.molgenis.data.cache.l3.L3CacheTest"/>
  <testcase name="testGetThrowsException" time="0.030" classname="org.molgenis.data.cache.l3.L3CacheTest"/>
  <testcase name="testGet" time="0.121" classname="org.molgenis.data.cache.l3.L3CacheTest"/>
</testsuite> <!-- org.molgenis.data.cache.l3.L3CacheTest -->
