<?xml version="1.0" encoding="UTF-8"?>
<!-- Generated by org.testng.reporters.JUnitReportReporter -->
<testsuite hostname="cyclone1" name="org.molgenis.data.cache.l1.L1CacheTest" tests="7" failures="0" timestamp="6 Jun 2018 08:47:06 GMT" time="0.208" errors="0">
  <testcase name="testPutAndGetWhenInTransaction" time="0.043" classname="org.molgenis.data.cache.l1.L1CacheTest"/>
  <testcase name="testPutDeletionWhenInTransaction" time="0.003" classname="org.molgenis.data.cache.l1.L1CacheTest"/>
  <testcase name="testWhenNotInTransaction" time="0.002" classname="org.molgenis.data.cache.l1.L1CacheTest"/>
  <testcase name="testEvictAllWhenInTransaction" time="0.005" classname="org.molgenis.data.cache.l1.L1CacheTest"/>
  <testcase name="testEvictAll" time="0.147" classname="org.molgenis.data.cache.l1.L1CacheTest"/>
  <testcase name="testEvictStream" time="0.004" classname="org.molgenis.data.cache.l1.L1CacheTest"/>
  <testcase name="testEvictStreamOfOneEntity" time="0.004" classname="org.molgenis.data.cache.l1.L1CacheTest"/>
</testsuite> <!-- org.molgenis.data.cache.l1.L1CacheTest -->
