<?xml version="1.0" encoding="UTF-8"?>
<!-- Generated by org.testng.reporters.JUnitReportReporter -->
<testsuite hostname="cyclone1" name="org.molgenis.data.cache.utils.CombinedEntityCacheTest" tests="3" failures="0" timestamp="6 Jun 2018 14:19:57 GMT" time="0.165" errors="0">
  <testcase name="getIfPresentIntegerIdDeletionLoggedInCache" time="0.002" classname="org.molgenis.data.cache.utils.CombinedEntityCacheTest"/>
  <testcase name="getIfPresentIntegerIdEntityPresentInCache" time="0.004" classname="org.molgenis.data.cache.utils.CombinedEntityCacheTest"/>
  <testcase name="getIfPresentIntegerIdEntityNotPresentInCache" time="0.159" classname="org.molgenis.data.cache.utils.CombinedEntityCacheTest"/>
</testsuite> <!-- org.molgenis.data.cache.utils.CombinedEntityCacheTest -->
