<?xml version="1.0" encoding="UTF-8"?>
<!-- Generated by org.testng.reporters.JUnitReportReporter -->
<testsuite hostname="cyclone1" name="org.molgenis.data.cache.l1.L1CacheRepositoryDecoratorTest" tests="14" failures="0" timestamp="30 May 2018 12:52:54 GMT" time="0.195" errors="0">
  <testcase name="testFindAllByStreamOfIdsEntityNotPresentInCache" time="0.025" classname="org.molgenis.data.cache.l1.L1CacheRepositoryDecoratorTest"/>
  <testcase name="testFindOneByIdReturnsEntity" time="0.005" classname="org.molgenis.data.cache.l1.L1CacheRepositoryDecoratorTest"/>
  <testcase name="testFindAllByStreamOfIdsOneCachedOneMissing" time="0.006" classname="org.molgenis.data.cache.l1.L1CacheRepositoryDecoratorTest"/>
  <testcase name="testDeleteAllByStreamOfIds" time="0.008" classname="org.molgenis.data.cache.l1.L1CacheRepositoryDecoratorTest"/>
  <testcase name="testDelete" time="0.007" classname="org.molgenis.data.cache.l1.L1CacheRepositoryDecoratorTest"/>
  <testcase name="testAddWithStreamOfEntities" time="0.010" classname="org.molgenis.data.cache.l1.L1CacheRepositoryDecoratorTest"/>
  <testcase name="testDeleteById" time="0.077" classname="org.molgenis.data.cache.l1.L1CacheRepositoryDecoratorTest"/>
  <testcase name="testAdd" time="0.016" classname="org.molgenis.data.cache.l1.L1CacheRepositoryDecoratorTest"/>
  <testcase name="testDeleteByStreamOfEntities" time="0.007" classname="org.molgenis.data.cache.l1.L1CacheRepositoryDecoratorTest"/>
  <testcase name="testDeleteAll" time="0.006" classname="org.molgenis.data.cache.l1.L1CacheRepositoryDecoratorTest"/>
  <testcase name="testFindOneByIdReturnsEmpty" time="0.008" classname="org.molgenis.data.cache.l1.L1CacheRepositoryDecoratorTest"/>
  <testcase name="testUpdateWithStreamOfEntities" time="0.008" classname="org.molgenis.data.cache.l1.L1CacheRepositoryDecoratorTest"/>
  <testcase name="testUpdate" time="0.007" classname="org.molgenis.data.cache.l1.L1CacheRepositoryDecoratorTest"/>
  <testcase name="testFindOneByIdReturnsNull" time="0.005" classname="org.molgenis.data.cache.l1.L1CacheRepositoryDecoratorTest"/>
</testsuite> <!-- org.molgenis.data.cache.l1.L1CacheRepositoryDecoratorTest -->
