<?xml version="1.0" encoding="UTF-8"?>
<!-- Generated by org.testng.reporters.JUnitReportReporter -->
<testsuite hostname="cyclone1" name="org.molgenis.data.cache.utils.EntityHydrationTest" tests="4" failures="0" timestamp="30 May 2018 12:52:54 GMT" time="0.593" errors="0">
  <testcase name="dehydrateOnetoMany" time="0.581" classname="org.molgenis.data.cache.utils.EntityHydrationTest"/>
  <testcase name="dehydrateTest" time="0.003" classname="org.molgenis.data.cache.utils.EntityHydrationTest"/>
  <testcase name="hydrateTest" time="0.005" classname="org.molgenis.data.cache.utils.EntityHydrationTest"/>
  <testcase name="dehydrateXref" time="0.004" classname="org.molgenis.data.cache.utils.EntityHydrationTest"/>
</testsuite> <!-- org.molgenis.data.cache.utils.EntityHydrationTest -->
