<?xml version="1.0" encoding="UTF-8"?>
<testsuite xmlns:xsi="http://www.w3.org/2001/XMLSchema-instance" xsi:noNamespaceSchemaLocation="https://maven.apache.org/surefire/maven-surefire-plugin/xsd/surefire-test-report.xsd" name="org.evomaster.e2etests.spring.examples.db.directint.DbDirectIntEMTest" time="14.242" tests="1" errors="0" skipped="0" failures="1">
  <properties>
    <property name="awt.toolkit" value="sun.awt.X11.XToolkit"/>
    <property name="file.encoding.pkg" value="sun.io"/>
    <property name="java.specification.version" value="1.8"/>
    <property name="sun.cpu.isalist" value=""/>
    <property name="sun.jnu.encoding" value="UTF-8"/>
    <property name="java.class.path" value="/root/workspace/EMResearch/EvoMaster/390340299/e2e-tests/spring-examples/target/test-classes:/root/workspace/EMResearch/EvoMaster/390340299/e2e-tests/spring-examples/target/classes:/root/./workspace/EMResearch/EvoMaster/390340299/.m2/javax/ws/rs/javax.ws.rs-api/2.0.1/javax.ws.rs-api-2.0.1.jar:/root/workspace/EMResearch/EvoMaster/390340299/e2e-tests/e2e-tests-utils/target/test-classes:/root/workspace/EMResearch/EvoMaster/390340299/client-java/controller/target/classes:/root/workspace/EMResearch/EvoMaster/390340299/client-java/client-util/target/classes:/root/workspace/EMResearch/EvoMaster/390340299/client-java/controller-api/target/classes:/root/workspace/EMResearch/EvoMaster/390340299/client-java/instrumentation/target/classes:/root/./workspace/EMResearch/EvoMaster/390340299/.m2/com/ea/agentloader/ea-agent-loader/1.0.3/ea-agent-loader-1.0.3.jar:/root/./workspace/EMResearch/EvoMaster/390340299/.m2/org/eclipse/jetty/jetty-server/9.4.6.v20170531/jetty-server-9.4.6.v20170531.jar:/root/./workspace/EMResearch/EvoMaster/390340299/.m2/javax/servlet/javax.servlet-api/3.1.0/javax.servlet-api-3.1.0.jar:/root/./workspace/EMResearch/EvoMaster/390340299/.m2/org/eclipse/jetty/jetty-http/9.4.6.v20170531/jetty-http-9.4.6.v20170531.jar:/root/./workspace/EMResearch/EvoMaster/390340299/.m2/org/eclipse/jetty/jetty-util/9.4.6.v20170531/jetty-util-9.4.6.v20170531.jar:/root/./workspace/EMResearch/EvoMaster/390340299/.m2/org/eclipse/jetty/jetty-io/9.4.6.v20170531/jetty-io-9.4.6.v20170531.jar:/root/./workspace/EMResearch/EvoMaster/390340299/.m2/org/eclipse/jetty/jetty-servlet/9.4.6.v20170531/jetty-servlet-9.4.6.v20170531.jar:/root/./workspace/EMResearch/EvoMaster/390340299/.m2/org/eclipse/jetty/jetty-security/9.4.6.v20170531/jetty-security-9.4.6.v20170531.jar:/root/./workspace/EMResearch/EvoMaster/390340299/.m2/org/glassfish/jersey/core/jersey-server/2.25/jersey-server-2.25.jar:/root/./workspace/EMResearch/EvoMaster/390340299/.m2/org/glassfish/jersey/core/jersey-common/2.25/jersey-common-2.25.jar:/root/./workspace/EMResearch/EvoMaster/390340299/.m2/org/glassfish/jersey/bundles/repackaged/jersey-guava/2.25/jersey-guava-2.25.jar:/root/./workspace/EMResearch/EvoMaster/390340299/.m2/org/glassfish/hk2/osgi-resource-locator/1.0.1/osgi-resource-locator-1.0.1.jar:/root/./workspace/EMResearch/EvoMaster/390340299/.m2/org/glassfish/jersey/media/jersey-media-jaxb/2.25/jersey-media-jaxb-2.25.jar:/root/./workspace/EMResearch/EvoMaster/390340299/.m2/javax/annotation/javax.annotation-api/1.2/javax.annotation-api-1.2.jar:/root/./workspace/EMResearch/EvoMaster/390340299/.m2/org/glassfish/hk2/hk2-api/2.5.0-b30/hk2-api-2.5.0-b30.jar:/root/./workspace/EMResearch/EvoMaster/390340299/.m2/org/glassfish/hk2/hk2-utils/2.5.0-b30/hk2-utils-2.5.0-b30.jar:/root/./workspace/EMResearch/EvoMaster/390340299/.m2/org/glassfish/hk2/external/aopalliance-repackaged/2.5.0-b30/aopalliance-repackaged-2.5.0-b30.jar:/root/./workspace/EMResearch/EvoMaster/390340299/.m2/org/glassfish/hk2/external/javax.inject/2.5.0-b30/javax.inject-2.5.0-b30.jar:/root/./workspace/EMResearch/EvoMaster/390340299/.m2/org/glassfish/hk2/hk2-locator/2.5.0-b30/hk2-locator-2.5.0-b30.jar:/root/./workspace/EMResearch/EvoMaster/390340299/.m2/javax/validation/validation-api/1.1.0.Final/validation-api-1.1.0.Final.jar:/root/./workspace/EMResearch/EvoMaster/390340299/.m2/org/glassfish/jersey/containers/jersey-container-servlet-core/2.25/jersey-container-servlet-core-2.25.jar:/root/./workspace/EMResearch/EvoMaster/390340299/.m2/org/glassfish/jersey/containers/jersey-container-jetty-http/2.25/jersey-container-jetty-http-2.25.jar:/root/./workspace/EMResearch/EvoMaster/390340299/.m2/org/glassfish/jersey/media/jersey-media-json-jackson/2.25/jersey-media-json-jackson-2.25.jar:/root/./workspace/EMResearch/EvoMaster/390340299/.m2/org/glassfish/jersey/ext/jersey-entity-filtering/2.25/jersey-entity-filtering-2.25.jar:/root/./workspace/EMResearch/EvoMaster/390340299/.m2/com/fasterxml/jackson/jaxrs/jackson-jaxrs-base/2.8.7/jackson-jaxrs-base-2.8.7.jar:/root/./workspace/EMResearch/EvoMaster/390340299/.m2/com/fasterxml/jackson/jaxrs/jackson-jaxrs-json-provider/2.8.7/jackson-jaxrs-json-provider-2.8.7.jar:/root/./workspace/EMResearch/EvoMaster/390340299/.m2/com/fasterxml/jackson/module/jackson-module-jaxb-annotations/2.8.7/jackson-module-jaxb-annotations-2.8.7.jar:/root/./workspace/EMResearch/EvoMaster/390340299/.m2/com/fasterxml/jackson/core/jackson-annotations/2.8.7/jackson-annotations-2.8.7.jar:/root/./workspace/EMResearch/EvoMaster/390340299/.m2/com/github/jsqlparser/jsqlparser/1.1/jsqlparser-1.1.jar:/root/workspace/EMResearch/EvoMaster/390340299/core/target/classes:/root/./workspace/EMResearch/EvoMaster/390340299/.m2/org/jetbrains/kotlin/kotlin-reflect/1.2.30/kotlin-reflect-1.2.30.jar:/root/./workspace/EMResearch/EvoMaster/390340299/.m2/net/sf/jopt-simple/jopt-simple/6.0-alpha-1/jopt-simple-6.0-alpha-1.jar:/root/./workspace/EMResearch/EvoMaster/390340299/.m2/org/slf4j/slf4j-api/1.7.24/slf4j-api-1.7.24.jar:/root/./workspace/EMResearch/EvoMaster/390340299/.m2/ch/qos/logback/logback-classic/1.2.3/logback-classic-1.2.3.jar:/root/./workspace/EMResearch/EvoMaster/390340299/.m2/ch/qos/logback/logback-core/1.2.3/logback-core-1.2.3.jar:/root/./workspace/EMResearch/EvoMaster/390340299/.m2/org/glassfish/jersey/core/jersey-client/2.25/jersey-client-2.25.jar:/root/./workspace/EMResearch/EvoMaster/390340299/.m2/javax/el/javax.el-api/2.2.5/javax.el-api-2.2.5.jar:/root/./workspace/EMResearch/EvoMaster/390340299/.m2/org/glassfish/web/javax.el/2.2.5/javax.el-2.2.5.jar:/root/./workspace/EMResearch/EvoMaster/390340299/.m2/org/hibernate/hibernate-validator/5.4.0.Final/hibernate-validator-5.4.0.Final.jar:/root/./workspace/EMResearch/EvoMaster/390340299/.m2/org/jboss/logging/jboss-logging/3.3.0.Final/jboss-logging-3.3.0.Final.jar:/root/./workspace/EMResearch/EvoMaster/390340299/.m2/com/google/inject/guice/4.1.0/guice-4.1.0.jar:/root/./workspace/EMResearch/EvoMaster/390340299/.m2/javax/inject/javax.inject/1/javax.inject-1.jar:/root/./workspace/EMResearch/EvoMaster/390340299/.m2/aopalliance/aopalliance/1.0/aopalliance-1.0.jar:/root/./workspace/EMResearch/EvoMaster/390340299/.m2/com/netflix/governator/governator/1.17.4/governator-1.17.4.jar:/root/./workspace/EMResearch/EvoMaster/390340299/.m2/com/netflix/governator/governator-api/1.17.4/governator-api-1.17.4.jar:/root/./workspace/EMResearch/EvoMaster/390340299/.m2/com/netflix/governator/governator-core/1.17.4/governator-core-1.17.4.jar:/root/./workspace/EMResearch/EvoMaster/390340299/.m2/com/google/inject/extensions/guice-multibindings/4.1.0/guice-multibindings-4.1.0.jar:/root/./workspace/EMResearch/EvoMaster/390340299/.m2/com/google/inject/extensions/guice-grapher/4.1.0/guice-grapher-4.1.0.jar:/root/./workspace/EMResearch/EvoMaster/390340299/.m2/com/google/inject/extensions/guice-assistedinject/4.1.0/guice-assistedinject-4.1.0.jar:/root/./workspace/EMResearch/EvoMaster/390340299/.m2/com/google/code/gson/gson/2.8.1/gson-2.8.1.jar:/root/workspace/EMResearch/EvoMaster/390340299/client-java/instrumentation/target/test-classes:/root/./workspace/EMResearch/EvoMaster/390340299/.m2/org/ow2/asm/asm/6.0/asm-6.0.jar:/root/./workspace/EMResearch/EvoMaster/390340299/.m2/org/ow2/asm/asm-util/6.0/asm-util-6.0.jar:/root/./workspace/EMResearch/EvoMaster/390340299/.m2/org/ow2/asm/asm-tree/6.0/asm-tree-6.0.jar:/root/./workspace/EMResearch/EvoMaster/390340299/.m2/org/springframework/boot/spring-boot-starter-web/1.5.4.RELEASE/spring-boot-starter-web-1.5.4.RELEASE.jar:/root/./workspace/EMResearch/EvoMaster/390340299/.m2/org/springframework/boot/spring-boot-starter/1.5.4.RELEASE/spring-boot-starter-1.5.4.RELEASE.jar:/root/./workspace/EMResearch/EvoMaster/390340299/.m2/org/springframework/boot/spring-boot/1.5.4.RELEASE/spring-boot-1.5.4.RELEASE.jar:/root/./workspace/EMResearch/EvoMaster/390340299/.m2/org/springframework/boot/spring-boot-autoconfigure/1.5.4.RELEASE/spring-boot-autoconfigure-1.5.4.RELEASE.jar:/root/./workspace/EMResearch/EvoMaster/390340299/.m2/org/springframework/boot/spring-boot-starter-logging/1.5.4.RELEASE/spring-boot-starter-logging-1.5.4.RELEASE.jar:/root/./workspace/EMResearch/EvoMaster/390340299/.m2/org/slf4j/jul-to-slf4j/1.7.25/jul-to-slf4j-1.7.25.jar:/root/./workspace/EMResearch/EvoMaster/390340299/.m2/org/slf4j/log4j-over-slf4j/1.7.25/log4j-over-slf4j-1.7.25.jar:/root/./workspace/EMResearch/EvoMaster/390340299/.m2/org/springframework/spring-core/4.3.9.RELEASE/spring-core-4.3.9.RELEASE.jar:/root/./workspace/EMResearch/EvoMaster/390340299/.m2/org/yaml/snakeyaml/1.17/snakeyaml-1.17.jar:/root/./workspace/EMResearch/EvoMaster/390340299/.m2/org/springframework/boot/spring-boot-starter-tomcat/1.5.4.RELEASE/spring-boot-starter-tomcat-1.5.4.RELEASE.jar:/root/./workspace/EMResearch/EvoMaster/390340299/.m2/org/apache/tomcat/embed/tomcat-embed-core/8.5.15/tomcat-embed-core-8.5.15.jar:/root/./workspace/EMResearch/EvoMaster/390340299/.m2/org/apache/tomcat/embed/tomcat-embed-el/8.5.15/tomcat-embed-el-8.5.15.jar:/root/./workspace/EMResearch/EvoMaster/390340299/.m2/org/apache/tomcat/embed/tomcat-embed-websocket/8.5.15/tomcat-embed-websocket-8.5.15.jar:/root/./workspace/EMResearch/EvoMaster/390340299/.m2/com/fasterxml/jackson/core/jackson-databind/2.8.7/jackson-databind-2.8.7.jar:/root/./workspace/EMResearch/EvoMaster/390340299/.m2/com/fasterxml/jackson/core/jackson-core/2.8.7/jackson-core-2.8.7.jar:/root/./workspace/EMResearch/EvoMaster/390340299/.m2/org/springframework/spring-web/4.3.9.RELEASE/spring-web-4.3.9.RELEASE.jar:/root/./workspace/EMResearch/EvoMaster/390340299/.m2/org/springframework/spring-aop/4.3.9.RELEASE/spring-aop-4.3.9.RELEASE.jar:/root/./workspace/EMResearch/EvoMaster/390340299/.m2/org/springframework/spring-beans/4.3.9.RELEASE/spring-beans-4.3.9.RELEASE.jar:/root/./workspace/EMResearch/EvoMaster/390340299/.m2/org/springframework/spring-context/4.3.9.RELEASE/spring-context-4.3.9.RELEASE.jar:/root/./workspace/EMResearch/EvoMaster/390340299/.m2/org/springframework/spring-webmvc/4.3.9.RELEASE/spring-webmvc-4.3.9.RELEASE.jar:/root/./workspace/EMResearch/EvoMaster/390340299/.m2/org/springframework/spring-expression/4.3.9.RELEASE/spring-expression-4.3.9.RELEASE.jar:/root/./workspace/EMResearch/EvoMaster/390340299/.m2/org/springframework/boot/spring-boot-starter-data-jpa/1.5.4.RELEASE/spring-boot-starter-data-jpa-1.5.4.RELEASE.jar:/root/./workspace/EMResearch/EvoMaster/390340299/.m2/org/springframework/boot/spring-boot-starter-aop/1.5.4.RELEASE/spring-boot-starter-aop-1.5.4.RELEASE.jar:/root/./workspace/EMResearch/EvoMaster/390340299/.m2/org/aspectj/aspectjweaver/1.8.10/aspectjweaver-1.8.10.jar:/root/./workspace/EMResearch/EvoMaster/390340299/.m2/org/springframework/boot/spring-boot-starter-jdbc/1.5.4.RELEASE/spring-boot-starter-jdbc-1.5.4.RELEASE.jar:/root/./workspace/EMResearch/EvoMaster/390340299/.m2/org/apache/tomcat/tomcat-jdbc/8.5.15/tomcat-jdbc-8.5.15.jar:/root/./workspace/EMResearch/EvoMaster/390340299/.m2/org/apache/tomcat/tomcat-juli/8.5.15/tomcat-juli-8.5.15.jar:/root/./workspace/EMResearch/EvoMaster/390340299/.m2/org/springframework/spring-jdbc/4.3.9.RELEASE/spring-jdbc-4.3.9.RELEASE.jar:/root/./workspace/EMResearch/EvoMaster/390340299/.m2/org/hibernate/hibernate-core/5.0.12.Final/hibernate-core-5.0.12.Final.jar:/root/./workspace/EMResearch/EvoMaster/390340299/.m2/org/hibernate/javax/persistence/hibernate-jpa-2.1-api/1.0.0.Final/hibernate-jpa-2.1-api-1.0.0.Final.jar:/root/./workspace/EMResearch/EvoMaster/390340299/.m2/org/javassist/javassist/3.18.1-GA/javassist-3.18.1-GA.jar:/root/./workspace/EMResearch/EvoMaster/390340299/.m2/antlr/antlr/2.7.7/antlr-2.7.7.jar:/root/./workspace/EMResearch/EvoMaster/390340299/.m2/org/jboss/jandex/2.0.0.Final/jandex-2.0.0.Final.jar:/root/./workspace/EMResearch/EvoMaster/390340299/.m2/dom4j/dom4j/1.6.1/dom4j-1.6.1.jar:/root/./workspace/EMResearch/EvoMaster/390340299/.m2/xml-apis/xml-apis/1.0.b2/xml-apis-1.0.b2.jar:/root/./workspace/EMResearch/EvoMaster/390340299/.m2/org/hibernate/common/hibernate-commons-annotations/5.0.1.Final/hibernate-commons-annotations-5.0.1.Final.jar:/root/./workspace/EMResearch/EvoMaster/390340299/.m2/org/hibernate/hibernate-entitymanager/5.0.12.Final/hibernate-entitymanager-5.0.12.Final.jar:/root/./workspace/EMResearch/EvoMaster/390340299/.m2/javax/transaction/javax.transaction-api/1.2/javax.transaction-api-1.2.jar:/root/./workspace/EMResearch/EvoMaster/390340299/.m2/org/springframework/data/spring-data-jpa/1.11.4.RELEASE/spring-data-jpa-1.11.4.RELEASE.jar:/root/./workspace/EMResearch/EvoMaster/390340299/.m2/org/springframework/data/spring-data-commons/1.13.4.RELEASE/spring-data-commons-1.13.4.RELEASE.jar:/root/./workspace/EMResearch/EvoMaster/390340299/.m2/org/springframework/spring-orm/4.3.9.RELEASE/spring-orm-4.3.9.RELEASE.jar:/root/./workspace/EMResearch/EvoMaster/390340299/.m2/org/springframework/spring-tx/4.3.9.RELEASE/spring-tx-4.3.9.RELEASE.jar:/root/./workspace/EMResearch/EvoMaster/390340299/.m2/org/slf4j/jcl-over-slf4j/1.7.25/jcl-over-slf4j-1.7.25.jar:/root/./workspace/EMResearch/EvoMaster/390340299/.m2/org/springframework/spring-aspects/4.3.9.RELEASE/spring-aspects-4.3.9.RELEASE.jar:/root/./workspace/EMResearch/EvoMaster/390340299/.m2/com/h2database/h2/1.4.196/h2-1.4.196.jar:/root/./workspace/EMResearch/EvoMaster/390340299/.m2/p6spy/p6spy/3.6.0/p6spy-3.6.0.jar:/root/./workspace/EMResearch/EvoMaster/390340299/.m2/io/springfox/springfox-swagger2/2.7.0/springfox-swagger2-2.7.0.jar:/root/./workspace/EMResearch/EvoMaster/390340299/.m2/io/springfox/springfox-spi/2.7.0/springfox-spi-2.7.0.jar:/root/./workspace/EMResearch/EvoMaster/390340299/.m2/io/springfox/springfox-core/2.7.0/springfox-core-2.7.0.jar:/root/./workspace/EMResearch/EvoMaster/390340299/.m2/net/bytebuddy/byte-buddy/1.6.14/byte-buddy-1.6.14.jar:/root/./workspace/EMResearch/EvoMaster/390340299/.m2/io/springfox/springfox-schema/2.7.0/springfox-schema-2.7.0.jar:/root/./workspace/EMResearch/EvoMaster/390340299/.m2/io/springfox/springfox-swagger-common/2.7.0/springfox-swagger-common-2.7.0.jar:/root/./workspace/EMResearch/EvoMaster/390340299/.m2/com/google/guava/guava/18.0/guava-18.0.jar:/root/./workspace/EMResearch/EvoMaster/390340299/.m2/com/fasterxml/classmate/1.3.3/classmate-1.3.3.jar:/root/./workspace/EMResearch/EvoMaster/390340299/.m2/org/springframework/plugin/spring-plugin-core/1.2.0.RELEASE/spring-plugin-core-1.2.0.RELEASE.jar:/root/./workspace/EMResearch/EvoMaster/390340299/.m2/org/springframework/plugin/spring-plugin-metadata/1.2.0.RELEASE/spring-plugin-metadata-1.2.0.RELEASE.jar:/root/./workspace/EMResearch/EvoMaster/390340299/.m2/org/mapstruct/mapstruct/1.1.0.Final/mapstruct-1.1.0.Final.jar:/root/./workspace/EMResearch/EvoMaster/390340299/.m2/io/springfox/springfox-spring-web/2.7.0/springfox-spring-web-2.7.0.jar:/root/./workspace/EMResearch/EvoMaster/390340299/.m2/org/reflections/reflections/0.9.11/reflections-0.9.11.jar:/root/./workspace/EMResearch/EvoMaster/390340299/.m2/io/swagger/swagger-parser/1.0.28/swagger-parser-1.0.28.jar:/root/./workspace/EMResearch/EvoMaster/390340299/.m2/io/swagger/swagger-core/1.5.12/swagger-core-1.5.12.jar:/root/./workspace/EMResearch/EvoMaster/390340299/.m2/org/apache/commons/commons-lang3/3.2.1/commons-lang3-3.2.1.jar:/root/./workspace/EMResearch/EvoMaster/390340299/.m2/com/fasterxml/jackson/dataformat/jackson-dataformat-yaml/2.8.7/jackson-dataformat-yaml-2.8.7.jar:/root/./workspace/EMResearch/EvoMaster/390340299/.m2/io/swagger/swagger-models/1.5.12/swagger-models-1.5.12.jar:/root/./workspace/EMResearch/EvoMaster/390340299/.m2/io/swagger/swagger-annotations/1.5.12/swagger-annotations-1.5.12.jar:/root/./workspace/EMResearch/EvoMaster/390340299/.m2/org/slf4j/slf4j-ext/1.6.3/slf4j-ext-1.6.3.jar:/root/./workspace/EMResearch/EvoMaster/390340299/.m2/ch/qos/cal10n/cal10n-api/0.7.4/cal10n-api-0.7.4.jar:/root/./workspace/EMResearch/EvoMaster/390340299/.m2/commons-io/commons-io/2.4/commons-io-2.4.jar:/root/./workspace/EMResearch/EvoMaster/390340299/.m2/org/jetbrains/kotlin/kotlin-stdlib/1.2.30/kotlin-stdlib-1.2.30.jar:/root/./workspace/EMResearch/EvoMaster/390340299/.m2/org/jetbrains/annotations/13.0/annotations-13.0.jar:/root/./workspace/EMResearch/EvoMaster/390340299/.m2/io/rest-assured/rest-assured/3.0.3/rest-assured-3.0.3.jar:/root/./workspace/EMResearch/EvoMaster/390340299/.m2/org/codehaus/groovy/groovy/2.4.9/groovy-2.4.9.jar:/root/./workspace/EMResearch/EvoMaster/390340299/.m2/org/codehaus/groovy/groovy-xml/2.4.9/groovy-xml-2.4.9.jar:/root/./workspace/EMResearch/EvoMaster/390340299/.m2/org/apache/httpcomponents/httpclient/4.5.2/httpclient-4.5.2.jar:/root/./workspace/EMResearch/EvoMaster/390340299/.m2/org/apache/httpcomponents/httpcore/4.4.4/httpcore-4.4.4.jar:/root/./workspace/EMResearch/EvoMaster/390340299/.m2/commons-logging/commons-logging/1.2/commons-logging-1.2.jar:/root/./workspace/EMResearch/EvoMaster/390340299/.m2/commons-codec/commons-codec/1.9/commons-codec-1.9.jar:/root/./workspace/EMResearch/EvoMaster/390340299/.m2/org/apache/httpcomponents/httpmime/4.5.1/httpmime-4.5.1.jar:/root/./workspace/EMResearch/EvoMaster/390340299/.m2/org/hamcrest/hamcrest-core/1.3/hamcrest-core-1.3.jar:/root/./workspace/EMResearch/EvoMaster/390340299/.m2/org/hamcrest/hamcrest-library/1.3/hamcrest-library-1.3.jar:/root/./workspace/EMResearch/EvoMaster/390340299/.m2/org/ccil/cowan/tagsoup/tagsoup/1.2.1/tagsoup-1.2.1.jar:/root/./workspace/EMResearch/EvoMaster/390340299/.m2/io/rest-assured/json-path/3.0.3/json-path-3.0.3.jar:/root/./workspace/EMResearch/EvoMaster/390340299/.m2/org/codehaus/groovy/groovy-json/2.4.9/groovy-json-2.4.9.jar:/root/./workspace/EMResearch/EvoMaster/390340299/.m2/io/rest-assured/rest-assured-common/3.0.3/rest-assured-common-3.0.3.jar:/root/./workspace/EMResearch/EvoMaster/390340299/.m2/io/rest-assured/xml-path/3.0.3/xml-path-3.0.3.jar:/root/./workspace/EMResearch/EvoMaster/390340299/.m2/org/hamcrest/hamcrest-all/1.3/hamcrest-all-1.3.jar:/root/./workspace/EMResearch/EvoMaster/390340299/.m2/org/junit/jupiter/junit-jupiter-engine/5.2.0/junit-jupiter-engine-5.2.0.jar:/root/./workspace/EMResearch/EvoMaster/390340299/.m2/org/apiguardian/apiguardian-api/1.0.0/apiguardian-api-1.0.0.jar:/root/./workspace/EMResearch/EvoMaster/390340299/.m2/org/junit/platform/junit-platform-engine/1.2.0/junit-platform-engine-1.2.0.jar:/root/./workspace/EMResearch/EvoMaster/390340299/.m2/org/junit/platform/junit-platform-commons/1.2.0/junit-platform-commons-1.2.0.jar:/root/./workspace/EMResearch/EvoMaster/390340299/.m2/org/opentest4j/opentest4j/1.1.0/opentest4j-1.1.0.jar:/root/./workspace/EMResearch/EvoMaster/390340299/.m2/org/junit/jupiter/junit-jupiter-api/5.2.0/junit-jupiter-api-5.2.0.jar:/root/./workspace/EMResearch/EvoMaster/390340299/.m2/org/junit/platform/junit-platform-surefire-provider/1.2.0/junit-platform-surefire-provider-1.2.0.jar:/root/./workspace/EMResearch/EvoMaster/390340299/.m2/org/junit/platform/junit-platform-launcher/1.2.0/junit-platform-launcher-1.2.0.jar:/root/./workspace/EMResearch/EvoMaster/390340299/.m2/org/apache/maven/surefire/surefire-api/2.21.0/surefire-api-2.21.0.jar:/root/./workspace/EMResearch/EvoMaster/390340299/.m2/org/apache/maven/surefire/surefire-logger-api/2.21.0/surefire-logger-api-2.21.0.jar:/root/./workspace/EMResearch/EvoMaster/390340299/.m2/org/apache/maven/surefire/common-java5/2.21.0/common-java5-2.21.0.jar:"/>
    <property name="java.vm.vendor" value="Oracle Corporation"/>
    <property name="skip.bower" value="true"/>
    <property name="sun.arch.data.model" value="64"/>
    <property name="java.vendor.url" value="http://java.oracle.com/"/>
    <property name="user.timezone" value=""/>
    <property name="java.vm.specification.version" value="1.8"/>
    <property name="os.name" value="Linux"/>
    <property name="rat.skip" value="true"/>
    <property name="gpg.skip" value="true"/>
    <property name="sun.java.launcher" value="SUN_STANDARD"/>
    <property name="sun.boot.library.path" value="/usr/lib/jvm/java-8-openjdk-amd64/jre/lib/amd64"/>
    <property name="skip.gulp" value="true"/>
    <property name="sun.java.command" value="/root/workspace/EMResearch/EvoMaster/390340299/e2e-tests/spring-examples/target/surefire/surefirebooter6535265754743945029.jar /root/workspace/EMResearch/EvoMaster/390340299/e2e-tests/spring-examples/target/surefire 2018-06-10T11-07-02_836-jvmRun1 surefire4152480372177312459tmp surefire_57660516587571256366tmp"/>
    <property name="dependency-check.skip" value="true"/>
    <property name="surefire.test.class.path" value="/root/workspace/EMResearch/EvoMaster/390340299/e2e-tests/spring-examples/target/test-classes:/root/workspace/EMResearch/EvoMaster/390340299/e2e-tests/spring-examples/target/classes:/root/./workspace/EMResearch/EvoMaster/390340299/.m2/javax/ws/rs/javax.ws.rs-api/2.0.1/javax.ws.rs-api-2.0.1.jar:/root/workspace/EMResearch/EvoMaster/390340299/e2e-tests/e2e-tests-utils/target/test-classes:/root/workspace/EMResearch/EvoMaster/390340299/client-java/controller/target/classes:/root/workspace/EMResearch/EvoMaster/390340299/client-java/client-util/target/classes:/root/workspace/EMResearch/EvoMaster/390340299/client-java/controller-api/target/classes:/root/workspace/EMResearch/EvoMaster/390340299/client-java/instrumentation/target/classes:/root/./workspace/EMResearch/EvoMaster/390340299/.m2/com/ea/agentloader/ea-agent-loader/1.0.3/ea-agent-loader-1.0.3.jar:/root/./workspace/EMResearch/EvoMaster/390340299/.m2/org/eclipse/jetty/jetty-server/9.4.6.v20170531/jetty-server-9.4.6.v20170531.jar:/root/./workspace/EMResearch/EvoMaster/390340299/.m2/javax/servlet/javax.servlet-api/3.1.0/javax.servlet-api-3.1.0.jar:/root/./workspace/EMResearch/EvoMaster/390340299/.m2/org/eclipse/jetty/jetty-http/9.4.6.v20170531/jetty-http-9.4.6.v20170531.jar:/root/./workspace/EMResearch/EvoMaster/390340299/.m2/org/eclipse/jetty/jetty-util/9.4.6.v20170531/jetty-util-9.4.6.v20170531.jar:/root/./workspace/EMResearch/EvoMaster/390340299/.m2/org/eclipse/jetty/jetty-io/9.4.6.v20170531/jetty-io-9.4.6.v20170531.jar:/root/./workspace/EMResearch/EvoMaster/390340299/.m2/org/eclipse/jetty/jetty-servlet/9.4.6.v20170531/jetty-servlet-9.4.6.v20170531.jar:/root/./workspace/EMResearch/EvoMaster/390340299/.m2/org/eclipse/jetty/jetty-security/9.4.6.v20170531/jetty-security-9.4.6.v20170531.jar:/root/./workspace/EMResearch/EvoMaster/390340299/.m2/org/glassfish/jersey/core/jersey-server/2.25/jersey-server-2.25.jar:/root/./workspace/EMResearch/EvoMaster/390340299/.m2/org/glassfish/jersey/core/jersey-common/2.25/jersey-common-2.25.jar:/root/./workspace/EMResearch/EvoMaster/390340299/.m2/org/glassfish/jersey/bundles/repackaged/jersey-guava/2.25/jersey-guava-2.25.jar:/root/./workspace/EMResearch/EvoMaster/390340299/.m2/org/glassfish/hk2/osgi-resource-locator/1.0.1/osgi-resource-locator-1.0.1.jar:/root/./workspace/EMResearch/EvoMaster/390340299/.m2/org/glassfish/jersey/media/jersey-media-jaxb/2.25/jersey-media-jaxb-2.25.jar:/root/./workspace/EMResearch/EvoMaster/390340299/.m2/javax/annotation/javax.annotation-api/1.2/javax.annotation-api-1.2.jar:/root/./workspace/EMResearch/EvoMaster/390340299/.m2/org/glassfish/hk2/hk2-api/2.5.0-b30/hk2-api-2.5.0-b30.jar:/root/./workspace/EMResearch/EvoMaster/390340299/.m2/org/glassfish/hk2/hk2-utils/2.5.0-b30/hk2-utils-2.5.0-b30.jar:/root/./workspace/EMResearch/EvoMaster/390340299/.m2/org/glassfish/hk2/external/aopalliance-repackaged/2.5.0-b30/aopalliance-repackaged-2.5.0-b30.jar:/root/./workspace/EMResearch/EvoMaster/390340299/.m2/org/glassfish/hk2/external/javax.inject/2.5.0-b30/javax.inject-2.5.0-b30.jar:/root/./workspace/EMResearch/EvoMaster/390340299/.m2/org/glassfish/hk2/hk2-locator/2.5.0-b30/hk2-locator-2.5.0-b30.jar:/root/./workspace/EMResearch/EvoMaster/390340299/.m2/javax/validation/validation-api/1.1.0.Final/validation-api-1.1.0.Final.jar:/root/./workspace/EMResearch/EvoMaster/390340299/.m2/org/glassfish/jersey/containers/jersey-container-servlet-core/2.25/jersey-container-servlet-core-2.25.jar:/root/./workspace/EMResearch/EvoMaster/390340299/.m2/org/glassfish/jersey/containers/jersey-container-jetty-http/2.25/jersey-container-jetty-http-2.25.jar:/root/./workspace/EMResearch/EvoMaster/390340299/.m2/org/glassfish/jersey/media/jersey-media-json-jackson/2.25/jersey-media-json-jackson-2.25.jar:/root/./workspace/EMResearch/EvoMaster/390340299/.m2/org/glassfish/jersey/ext/jersey-entity-filtering/2.25/jersey-entity-filtering-2.25.jar:/root/./workspace/EMResearch/EvoMaster/390340299/.m2/com/fasterxml/jackson/jaxrs/jackson-jaxrs-base/2.8.7/jackson-jaxrs-base-2.8.7.jar:/root/./workspace/EMResearch/EvoMaster/390340299/.m2/com/fasterxml/jackson/jaxrs/jackson-jaxrs-json-provider/2.8.7/jackson-jaxrs-json-provider-2.8.7.jar:/root/./workspace/EMResearch/EvoMaster/390340299/.m2/com/fasterxml/jackson/module/jackson-module-jaxb-annotations/2.8.7/jackson-module-jaxb-annotations-2.8.7.jar:/root/./workspace/EMResearch/EvoMaster/390340299/.m2/com/fasterxml/jackson/core/jackson-annotations/2.8.7/jackson-annotations-2.8.7.jar:/root/./workspace/EMResearch/EvoMaster/390340299/.m2/com/github/jsqlparser/jsqlparser/1.1/jsqlparser-1.1.jar:/root/workspace/EMResearch/EvoMaster/390340299/core/target/classes:/root/./workspace/EMResearch/EvoMaster/390340299/.m2/org/jetbrains/kotlin/kotlin-reflect/1.2.30/kotlin-reflect-1.2.30.jar:/root/./workspace/EMResearch/EvoMaster/390340299/.m2/net/sf/jopt-simple/jopt-simple/6.0-alpha-1/jopt-simple-6.0-alpha-1.jar:/root/./workspace/EMResearch/EvoMaster/390340299/.m2/org/slf4j/slf4j-api/1.7.24/slf4j-api-1.7.24.jar:/root/./workspace/EMResearch/EvoMaster/390340299/.m2/ch/qos/logback/logback-classic/1.2.3/logback-classic-1.2.3.jar:/root/./workspace/EMResearch/EvoMaster/390340299/.m2/ch/qos/logback/logback-core/1.2.3/logback-core-1.2.3.jar:/root/./workspace/EMResearch/EvoMaster/390340299/.m2/org/glassfish/jersey/core/jersey-client/2.25/jersey-client-2.25.jar:/root/./workspace/EMResearch/EvoMaster/390340299/.m2/javax/el/javax.el-api/2.2.5/javax.el-api-2.2.5.jar:/root/./workspace/EMResearch/EvoMaster/390340299/.m2/org/glassfish/web/javax.el/2.2.5/javax.el-2.2.5.jar:/root/./workspace/EMResearch/EvoMaster/390340299/.m2/org/hibernate/hibernate-validator/5.4.0.Final/hibernate-validator-5.4.0.Final.jar:/root/./workspace/EMResearch/EvoMaster/390340299/.m2/org/jboss/logging/jboss-logging/3.3.0.Final/jboss-logging-3.3.0.Final.jar:/root/./workspace/EMResearch/EvoMaster/390340299/.m2/com/google/inject/guice/4.1.0/guice-4.1.0.jar:/root/./workspace/EMResearch/EvoMaster/390340299/.m2/javax/inject/javax.inject/1/javax.inject-1.jar:/root/./workspace/EMResearch/EvoMaster/390340299/.m2/aopalliance/aopalliance/1.0/aopalliance-1.0.jar:/root/./workspace/EMResearch/EvoMaster/390340299/.m2/com/netflix/governator/governator/1.17.4/governator-1.17.4.jar:/root/./workspace/EMResearch/EvoMaster/390340299/.m2/com/netflix/governator/governator-api/1.17.4/governator-api-1.17.4.jar:/root/./workspace/EMResearch/EvoMaster/390340299/.m2/com/netflix/governator/governator-core/1.17.4/governator-core-1.17.4.jar:/root/./workspace/EMResearch/EvoMaster/390340299/.m2/com/google/inject/extensions/guice-multibindings/4.1.0/guice-multibindings-4.1.0.jar:/root/./workspace/EMResearch/EvoMaster/390340299/.m2/com/google/inject/extensions/guice-grapher/4.1.0/guice-grapher-4.1.0.jar:/root/./workspace/EMResearch/EvoMaster/390340299/.m2/com/google/inject/extensions/guice-assistedinject/4.1.0/guice-assistedinject-4.1.0.jar:/root/./workspace/EMResearch/EvoMaster/390340299/.m2/com/google/code/gson/gson/2.8.1/gson-2.8.1.jar:/root/workspace/EMResearch/EvoMaster/390340299/client-java/instrumentation/target/test-classes:/root/./workspace/EMResearch/EvoMaster/390340299/.m2/org/ow2/asm/asm/6.0/asm-6.0.jar:/root/./workspace/EMResearch/EvoMaster/390340299/.m2/org/ow2/asm/asm-util/6.0/asm-util-6.0.jar:/root/./workspace/EMResearch/EvoMaster/390340299/.m2/org/ow2/asm/asm-tree/6.0/asm-tree-6.0.jar:/root/./workspace/EMResearch/EvoMaster/390340299/.m2/org/springframework/boot/spring-boot-starter-web/1.5.4.RELEASE/spring-boot-starter-web-1.5.4.RELEASE.jar:/root/./workspace/EMResearch/EvoMaster/390340299/.m2/org/springframework/boot/spring-boot-starter/1.5.4.RELEASE/spring-boot-starter-1.5.4.RELEASE.jar:/root/./workspace/EMResearch/EvoMaster/390340299/.m2/org/springframework/boot/spring-boot/1.5.4.RELEASE/spring-boot-1.5.4.RELEASE.jar:/root/./workspace/EMResearch/EvoMaster/390340299/.m2/org/springframework/boot/spring-boot-autoconfigure/1.5.4.RELEASE/spring-boot-autoconfigure-1.5.4.RELEASE.jar:/root/./workspace/EMResearch/EvoMaster/390340299/.m2/org/springframework/boot/spring-boot-starter-logging/1.5.4.RELEASE/spring-boot-starter-logging-1.5.4.RELEASE.jar:/root/./workspace/EMResearch/EvoMaster/390340299/.m2/org/slf4j/jul-to-slf4j/1.7.25/jul-to-slf4j-1.7.25.jar:/root/./workspace/EMResearch/EvoMaster/390340299/.m2/org/slf4j/log4j-over-slf4j/1.7.25/log4j-over-slf4j-1.7.25.jar:/root/./workspace/EMResearch/EvoMaster/390340299/.m2/org/springframework/spring-core/4.3.9.RELEASE/spring-core-4.3.9.RELEASE.jar:/root/./workspace/EMResearch/EvoMaster/390340299/.m2/org/yaml/snakeyaml/1.17/snakeyaml-1.17.jar:/root/./workspace/EMResearch/EvoMaster/390340299/.m2/org/springframework/boot/spring-boot-starter-tomcat/1.5.4.RELEASE/spring-boot-starter-tomcat-1.5.4.RELEASE.jar:/root/./workspace/EMResearch/EvoMaster/390340299/.m2/org/apache/tomcat/embed/tomcat-embed-core/8.5.15/tomcat-embed-core-8.5.15.jar:/root/./workspace/EMResearch/EvoMaster/390340299/.m2/org/apache/tomcat/embed/tomcat-embed-el/8.5.15/tomcat-embed-el-8.5.15.jar:/root/./workspace/EMResearch/EvoMaster/390340299/.m2/org/apache/tomcat/embed/tomcat-embed-websocket/8.5.15/tomcat-embed-websocket-8.5.15.jar:/root/./workspace/EMResearch/EvoMaster/390340299/.m2/com/fasterxml/jackson/core/jackson-databind/2.8.7/jackson-databind-2.8.7.jar:/root/./workspace/EMResearch/EvoMaster/390340299/.m2/com/fasterxml/jackson/core/jackson-core/2.8.7/jackson-core-2.8.7.jar:/root/./workspace/EMResearch/EvoMaster/390340299/.m2/org/springframework/spring-web/4.3.9.RELEASE/spring-web-4.3.9.RELEASE.jar:/root/./workspace/EMResearch/EvoMaster/390340299/.m2/org/springframework/spring-aop/4.3.9.RELEASE/spring-aop-4.3.9.RELEASE.jar:/root/./workspace/EMResearch/EvoMaster/390340299/.m2/org/springframework/spring-beans/4.3.9.RELEASE/spring-beans-4.3.9.RELEASE.jar:/root/./workspace/EMResearch/EvoMaster/390340299/.m2/org/springframework/spring-context/4.3.9.RELEASE/spring-context-4.3.9.RELEASE.jar:/root/./workspace/EMResearch/EvoMaster/390340299/.m2/org/springframework/spring-webmvc/4.3.9.RELEASE/spring-webmvc-4.3.9.RELEASE.jar:/root/./workspace/EMResearch/EvoMaster/390340299/.m2/org/springframework/spring-expression/4.3.9.RELEASE/spring-expression-4.3.9.RELEASE.jar:/root/./workspace/EMResearch/EvoMaster/390340299/.m2/org/springframework/boot/spring-boot-starter-data-jpa/1.5.4.RELEASE/spring-boot-starter-data-jpa-1.5.4.RELEASE.jar:/root/./workspace/EMResearch/EvoMaster/390340299/.m2/org/springframework/boot/spring-boot-starter-aop/1.5.4.RELEASE/spring-boot-starter-aop-1.5.4.RELEASE.jar:/root/./workspace/EMResearch/EvoMaster/390340299/.m2/org/aspectj/aspectjweaver/1.8.10/aspectjweaver-1.8.10.jar:/root/./workspace/EMResearch/EvoMaster/390340299/.m2/org/springframework/boot/spring-boot-starter-jdbc/1.5.4.RELEASE/spring-boot-starter-jdbc-1.5.4.RELEASE.jar:/root/./workspace/EMResearch/EvoMaster/390340299/.m2/org/apache/tomcat/tomcat-jdbc/8.5.15/tomcat-jdbc-8.5.15.jar:/root/./workspace/EMResearch/EvoMaster/390340299/.m2/org/apache/tomcat/tomcat-juli/8.5.15/tomcat-juli-8.5.15.jar:/root/./workspace/EMResearch/EvoMaster/390340299/.m2/org/springframework/spring-jdbc/4.3.9.RELEASE/spring-jdbc-4.3.9.RELEASE.jar:/root/./workspace/EMResearch/EvoMaster/390340299/.m2/org/hibernate/hibernate-core/5.0.12.Final/hibernate-core-5.0.12.Final.jar:/root/./workspace/EMResearch/EvoMaster/390340299/.m2/org/hibernate/javax/persistence/hibernate-jpa-2.1-api/1.0.0.Final/hibernate-jpa-2.1-api-1.0.0.Final.jar:/root/./workspace/EMResearch/EvoMaster/390340299/.m2/org/javassist/javassist/3.18.1-GA/javassist-3.18.1-GA.jar:/root/./workspace/EMResearch/EvoMaster/390340299/.m2/antlr/antlr/2.7.7/antlr-2.7.7.jar:/root/./workspace/EMResearch/EvoMaster/390340299/.m2/org/jboss/jandex/2.0.0.Final/jandex-2.0.0.Final.jar:/root/./workspace/EMResearch/EvoMaster/390340299/.m2/dom4j/dom4j/1.6.1/dom4j-1.6.1.jar:/root/./workspace/EMResearch/EvoMaster/390340299/.m2/xml-apis/xml-apis/1.0.b2/xml-apis-1.0.b2.jar:/root/./workspace/EMResearch/EvoMaster/390340299/.m2/org/hibernate/common/hibernate-commons-annotations/5.0.1.Final/hibernate-commons-annotations-5.0.1.Final.jar:/root/./workspace/EMResearch/EvoMaster/390340299/.m2/org/hibernate/hibernate-entitymanager/5.0.12.Final/hibernate-entitymanager-5.0.12.Final.jar:/root/./workspace/EMResearch/EvoMaster/390340299/.m2/javax/transaction/javax.transaction-api/1.2/javax.transaction-api-1.2.jar:/root/./workspace/EMResearch/EvoMaster/390340299/.m2/org/springframework/data/spring-data-jpa/1.11.4.RELEASE/spring-data-jpa-1.11.4.RELEASE.jar:/root/./workspace/EMResearch/EvoMaster/390340299/.m2/org/springframework/data/spring-data-commons/1.13.4.RELEASE/spring-data-commons-1.13.4.RELEASE.jar:/root/./workspace/EMResearch/EvoMaster/390340299/.m2/org/springframework/spring-orm/4.3.9.RELEASE/spring-orm-4.3.9.RELEASE.jar:/root/./workspace/EMResearch/EvoMaster/390340299/.m2/org/springframework/spring-tx/4.3.9.RELEASE/spring-tx-4.3.9.RELEASE.jar:/root/./workspace/EMResearch/EvoMaster/390340299/.m2/org/slf4j/jcl-over-slf4j/1.7.25/jcl-over-slf4j-1.7.25.jar:/root/./workspace/EMResearch/EvoMaster/390340299/.m2/org/springframework/spring-aspects/4.3.9.RELEASE/spring-aspects-4.3.9.RELEASE.jar:/root/./workspace/EMResearch/EvoMaster/390340299/.m2/com/h2database/h2/1.4.196/h2-1.4.196.jar:/root/./workspace/EMResearch/EvoMaster/390340299/.m2/p6spy/p6spy/3.6.0/p6spy-3.6.0.jar:/root/./workspace/EMResearch/EvoMaster/390340299/.m2/io/springfox/springfox-swagger2/2.7.0/springfox-swagger2-2.7.0.jar:/root/./workspace/EMResearch/EvoMaster/390340299/.m2/io/springfox/springfox-spi/2.7.0/springfox-spi-2.7.0.jar:/root/./workspace/EMResearch/EvoMaster/390340299/.m2/io/springfox/springfox-core/2.7.0/springfox-core-2.7.0.jar:/root/./workspace/EMResearch/EvoMaster/390340299/.m2/net/bytebuddy/byte-buddy/1.6.14/byte-buddy-1.6.14.jar:/root/./workspace/EMResearch/EvoMaster/390340299/.m2/io/springfox/springfox-schema/2.7.0/springfox-schema-2.7.0.jar:/root/./workspace/EMResearch/EvoMaster/390340299/.m2/io/springfox/springfox-swagger-common/2.7.0/springfox-swagger-common-2.7.0.jar:/root/./workspace/EMResearch/EvoMaster/390340299/.m2/com/google/guava/guava/18.0/guava-18.0.jar:/root/./workspace/EMResearch/EvoMaster/390340299/.m2/com/fasterxml/classmate/1.3.3/classmate-1.3.3.jar:/root/./workspace/EMResearch/EvoMaster/390340299/.m2/org/springframework/plugin/spring-plugin-core/1.2.0.RELEASE/spring-plugin-core-1.2.0.RELEASE.jar:/root/./workspace/EMResearch/EvoMaster/390340299/.m2/org/springframework/plugin/spring-plugin-metadata/1.2.0.RELEASE/spring-plugin-metadata-1.2.0.RELEASE.jar:/root/./workspace/EMResearch/EvoMaster/390340299/.m2/org/mapstruct/mapstruct/1.1.0.Final/mapstruct-1.1.0.Final.jar:/root/./workspace/EMResearch/EvoMaster/390340299/.m2/io/springfox/springfox-spring-web/2.7.0/springfox-spring-web-2.7.0.jar:/root/./workspace/EMResearch/EvoMaster/390340299/.m2/org/reflections/reflections/0.9.11/reflections-0.9.11.jar:/root/./workspace/EMResearch/EvoMaster/390340299/.m2/io/swagger/swagger-parser/1.0.28/swagger-parser-1.0.28.jar:/root/./workspace/EMResearch/EvoMaster/390340299/.m2/io/swagger/swagger-core/1.5.12/swagger-core-1.5.12.jar:/root/./workspace/EMResearch/EvoMaster/390340299/.m2/org/apache/commons/commons-lang3/3.2.1/commons-lang3-3.2.1.jar:/root/./workspace/EMResearch/EvoMaster/390340299/.m2/com/fasterxml/jackson/dataformat/jackson-dataformat-yaml/2.8.7/jackson-dataformat-yaml-2.8.7.jar:/root/./workspace/EMResearch/EvoMaster/390340299/.m2/io/swagger/swagger-models/1.5.12/swagger-models-1.5.12.jar:/root/./workspace/EMResearch/EvoMaster/390340299/.m2/io/swagger/swagger-annotations/1.5.12/swagger-annotations-1.5.12.jar:/root/./workspace/EMResearch/EvoMaster/390340299/.m2/org/slf4j/slf4j-ext/1.6.3/slf4j-ext-1.6.3.jar:/root/./workspace/EMResearch/EvoMaster/390340299/.m2/ch/qos/cal10n/cal10n-api/0.7.4/cal10n-api-0.7.4.jar:/root/./workspace/EMResearch/EvoMaster/390340299/.m2/commons-io/commons-io/2.4/commons-io-2.4.jar:/root/./workspace/EMResearch/EvoMaster/390340299/.m2/org/jetbrains/kotlin/kotlin-stdlib/1.2.30/kotlin-stdlib-1.2.30.jar:/root/./workspace/EMResearch/EvoMaster/390340299/.m2/org/jetbrains/annotations/13.0/annotations-13.0.jar:/root/./workspace/EMResearch/EvoMaster/390340299/.m2/io/rest-assured/rest-assured/3.0.3/rest-assured-3.0.3.jar:/root/./workspace/EMResearch/EvoMaster/390340299/.m2/org/codehaus/groovy/groovy/2.4.9/groovy-2.4.9.jar:/root/./workspace/EMResearch/EvoMaster/390340299/.m2/org/codehaus/groovy/groovy-xml/2.4.9/groovy-xml-2.4.9.jar:/root/./workspace/EMResearch/EvoMaster/390340299/.m2/org/apache/httpcomponents/httpclient/4.5.2/httpclient-4.5.2.jar:/root/./workspace/EMResearch/EvoMaster/390340299/.m2/org/apache/httpcomponents/httpcore/4.4.4/httpcore-4.4.4.jar:/root/./workspace/EMResearch/EvoMaster/390340299/.m2/commons-logging/commons-logging/1.2/commons-logging-1.2.jar:/root/./workspace/EMResearch/EvoMaster/390340299/.m2/commons-codec/commons-codec/1.9/commons-codec-1.9.jar:/root/./workspace/EMResearch/EvoMaster/390340299/.m2/org/apache/httpcomponents/httpmime/4.5.1/httpmime-4.5.1.jar:/root/./workspace/EMResearch/EvoMaster/390340299/.m2/org/hamcrest/hamcrest-core/1.3/hamcrest-core-1.3.jar:/root/./workspace/EMResearch/EvoMaster/390340299/.m2/org/hamcrest/hamcrest-library/1.3/hamcrest-library-1.3.jar:/root/./workspace/EMResearch/EvoMaster/390340299/.m2/org/ccil/cowan/tagsoup/tagsoup/1.2.1/tagsoup-1.2.1.jar:/root/./workspace/EMResearch/EvoMaster/390340299/.m2/io/rest-assured/json-path/3.0.3/json-path-3.0.3.jar:/root/./workspace/EMResearch/EvoMaster/390340299/.m2/org/codehaus/groovy/groovy-json/2.4.9/groovy-json-2.4.9.jar:/root/./workspace/EMResearch/EvoMaster/390340299/.m2/io/rest-assured/rest-assured-common/3.0.3/rest-assured-common-3.0.3.jar:/root/./workspace/EMResearch/EvoMaster/390340299/.m2/io/rest-assured/xml-path/3.0.3/xml-path-3.0.3.jar:/root/./workspace/EMResearch/EvoMaster/390340299/.m2/org/hamcrest/hamcrest-all/1.3/hamcrest-all-1.3.jar:/root/./workspace/EMResearch/EvoMaster/390340299/.m2/org/junit/jupiter/junit-jupiter-engine/5.2.0/junit-jupiter-engine-5.2.0.jar:/root/./workspace/EMResearch/EvoMaster/390340299/.m2/org/apiguardian/apiguardian-api/1.0.0/apiguardian-api-1.0.0.jar:/root/./workspace/EMResearch/EvoMaster/390340299/.m2/org/junit/platform/junit-platform-engine/1.2.0/junit-platform-engine-1.2.0.jar:/root/./workspace/EMResearch/EvoMaster/390340299/.m2/org/junit/platform/junit-platform-commons/1.2.0/junit-platform-commons-1.2.0.jar:/root/./workspace/EMResearch/EvoMaster/390340299/.m2/org/opentest4j/opentest4j/1.1.0/opentest4j-1.1.0.jar:/root/./workspace/EMResearch/EvoMaster/390340299/.m2/org/junit/jupiter/junit-jupiter-api/5.2.0/junit-jupiter-api-5.2.0.jar:/root/./workspace/EMResearch/EvoMaster/390340299/.m2/org/junit/platform/junit-platform-surefire-provider/1.2.0/junit-platform-surefire-provider-1.2.0.jar:/root/./workspace/EMResearch/EvoMaster/390340299/.m2/org/junit/platform/junit-platform-launcher/1.2.0/junit-platform-launcher-1.2.0.jar:/root/./workspace/EMResearch/EvoMaster/390340299/.m2/org/apache/maven/surefire/surefire-api/2.21.0/surefire-api-2.21.0.jar:/root/./workspace/EMResearch/EvoMaster/390340299/.m2/org/apache/maven/surefire/surefire-logger-api/2.21.0/surefire-logger-api-2.21.0.jar:/root/./workspace/EMResearch/EvoMaster/390340299/.m2/org/apache/maven/surefire/common-java5/2.21.0/common-java5-2.21.0.jar:"/>
    <property name="sun.cpu.endian" value="little"/>
    <property name="user.home" value="/root"/>
    <property name="user.language" value="en"/>
    <property name="java.specification.vendor" value="Oracle Corporation"/>
    <property name="java.home" value="/usr/lib/jvm/java-8-openjdk-amd64/jre"/>
    <property name="basedir" value="/root/workspace/EMResearch/EvoMaster/390340299/e2e-tests/spring-examples"/>
    <property name="file.separator" value="/"/>
    <property name="checkstyle.skip" value="true"/>
    <property name="line.separator" value="&#10;"/>
    <property name="skip.npm" value="true"/>
    <property name="java.vm.specification.vendor" value="Oracle Corporation"/>
    <property name="java.specification.name" value="Java Platform API Specification"/>
    <property name="java.awt.graphicsenv" value="sun.awt.X11GraphicsEnvironment"/>
    <property name="skipITs" value="true"/>
    <property name="surefire.real.class.path" value="/root/workspace/EMResearch/EvoMaster/390340299/e2e-tests/spring-examples/target/surefire/surefirebooter6535265754743945029.jar"/>
    <property name="cobertura.skip" value="true"/>
    <property name="sun.boot.class.path" value="/usr/lib/jvm/java-8-openjdk-amd64/jre/lib/resources.jar:/usr/lib/jvm/java-8-openjdk-amd64/jre/lib/rt.jar:/usr/lib/jvm/java-8-openjdk-amd64/jre/lib/sunrsasign.jar:/usr/lib/jvm/java-8-openjdk-amd64/jre/lib/jsse.jar:/usr/lib/jvm/java-8-openjdk-amd64/jre/lib/jce.jar:/usr/lib/jvm/java-8-openjdk-amd64/jre/lib/charsets.jar:/usr/lib/jvm/java-8-openjdk-amd64/jre/lib/jfr.jar:/usr/lib/jvm/java-8-openjdk-amd64/jre/classes"/>
    <property name="sun.management.compiler" value="HotSpot 64-Bit Tiered Compilers"/>
    <property name="java.runtime.version" value="1.8.0_121-8u121-b13-1~bpo8+1-b13"/>
    <property name="user.name" value="root"/>
    <property name="findbugs.skip" value="true"/>
    <property name="path.separator" value=":"/>
    <property name="os.version" value="3.10.0-862.3.2.el7.x86_64"/>
    <property name="java.endorsed.dirs" value="/usr/lib/jvm/java-8-openjdk-amd64/jre/lib/endorsed"/>
    <property name="java.runtime.name" value="OpenJDK Runtime Environment"/>
    <property name="file.encoding" value="UTF-8"/>
    <property name="java.vm.name" value="OpenJDK 64-Bit Server VM"/>
    <property name="localRepository" value="/root/./workspace/EMResearch/EvoMaster/390340299/.m2"/>
    <property name="java.vendor.url.bug" value="http://bugreport.sun.com/bugreport/"/>
    <property name="java.io.tmpdir" value="/tmp"/>
    <property name="java.version" value="1.8.0_121"/>
    <property name="user.dir" value="/root/workspace/EMResearch/EvoMaster/390340299/e2e-tests/spring-examples"/>
    <property name="os.arch" value="amd64"/>
    <property name="license.skip" value="true"/>
    <property name="java.vm.specification.name" value="Java Virtual Machine Specification"/>
    <property name="java.awt.printerjob" value="sun.print.PSPrinterJob"/>
    <property name="sun.os.patch.level" value="unknown"/>
    <property name="java.library.path" value="/usr/java/packages/lib/amd64:/usr/lib/x86_64-linux-gnu/jni:/lib/x86_64-linux-gnu:/usr/lib/x86_64-linux-gnu:/usr/lib/jni:/lib:/usr/lib"/>
    <property name="java.vm.info" value="mixed mode"/>
    <property name="java.vendor" value="Oracle Corporation"/>
    <property name="java.vm.version" value="25.121-b13"/>
    <property name="java.ext.dirs" value="/usr/lib/jvm/java-8-openjdk-amd64/jre/lib/ext:/usr/java/packages/lib/ext"/>
    <property name="sun.io.unicode.encoding" value="UnicodeLittle"/>
    <property name="maven.repo.local" value="/root/./workspace/EMResearch/EvoMaster/390340299/.m2"/>
    <property name="enforcer.skip" value="true"/>
    <property name="java.class.version" value="52.0"/>
  </properties>
  <testcase name="testRunEM" classname="org.evomaster.e2etests.spring.examples.db.directint.DbDirectIntEMTest" time="11.314">
    <failure message="REST calls:&#10;GET /api/db/directint/-963/1123318551 , auth=NoAuth&#10;POST /api/db/directint , auth=NoAuth&#10; ==&gt; expected: &lt;true&gt; but was: &lt;false&gt;" type="org.opentest4j.AssertionFailedError"><![CDATA[org.opentest4j.AssertionFailedError: 
REST calls:
GET /api/db/directint/-963/1123318551 , auth=NoAuth
POST /api/db/directint , auth=NoAuth
 ==> expected: <true> but was: <false>
	at org.evomaster.e2etests.spring.examples.db.directint.DbDirectIntEMTest.testRunEM(DbDirectIntEMTest.java:32)
]]></failure>
    <system-out><![CDATA[11:09:17.367 [main] WARN  o.e.j.server.handler.ContextHandler - o.e.j.s.ServletContextHandler@1165a952{/,null,UNAVAILABLE} contextPath ends with /*
Started controller server on: http://localhost:45071/controller/api

  .   ____          _            __ _ _
 /\\ / ___'_ __ _ _(_)_ __  __ _ \ \ \ \
( ( )\___ | '_ | '_| | '_ \/ _` | \ \ \ \
 \\/  ___)| |_)| | | | | || (_| |  ) ) ) )
  '  |____| .__|_| |_|_| |_\__, | / / / /
 =========|_|==============|___/=/_/_/_/
 :: Spring Boot ::        (v1.5.4.RELEASE)

Remote controller running on port 45071
SUT listening on http://localhost:38674
P6SPY_SQL: SELECT TABLE_NAME FROM INFORMATION_SCHEMA.TABLES  where TABLE_SCHEMA='PUBLIC'
P6SPY_SQL: SELECT SEQUENCE_NAME FROM INFORMATION_SCHEMA.SEQUENCES WHERE SEQUENCE_SCHEMA='PUBLIC'
* There are 2 usable RESTful API endpoints defined in the schema configuration
* Starting to generate test cases
P6SPY_SQL: SELECT TABLE_NAME FROM INFORMATION_SCHEMA.TABLES  where TABLE_SCHEMA='PUBLIC'
P6SPY_SQL: SELECT SEQUENCE_NAME FROM INFORMATION_SCHEMA.SEQUENCES WHERE SEQUENCE_SCHEMA='PUBLIC'
P6SPY_SQL: select dbdirectin0_.id as id1_0_, dbdirectin0_.x as x2_0_, dbdirectin0_.y as y3_0_ from db_direct_int_entity dbdirectin0_ where dbdirectin0_.x=-963 and dbdirectin0_.y=1123318551
P6SPY_SQL: SELECT dbdirectin0_.id AS id1_0_, dbdirectin0_.x AS x2_0_, dbdirectin0_.y AS y3_0_ FROM db_direct_int_entity dbdirectin0_
&amp#27;[1A&amp#27;[2K* Consumed search budget: 0%
P6SPY_SQL: SELECT TABLE_NAME FROM INFORMATION_SCHEMA.TABLES  where TABLE_SCHEMA='PUBLIC'
P6SPY_SQL: SELECT SEQUENCE_NAME FROM INFORMATION_SCHEMA.SEQUENCES WHERE SEQUENCE_SCHEMA='PUBLIC'
P6SPY_SQL: SELECT TABLE_NAME FROM INFORMATION_SCHEMA.TABLES  where TABLE_SCHEMA='PUBLIC'
P6SPY_SQL: SELECT SEQUENCE_NAME FROM INFORMATION_SCHEMA.SEQUENCES WHERE SEQUENCE_SCHEMA='PUBLIC'
P6SPY_SQL: select dbdirectin0_.id as id1_0_, dbdirectin0_.x as x2_0_, dbdirectin0_.y as y3_0_ from db_direct_int_entity dbdirectin0_ where dbdirectin0_.x=-134218691 and dbdirectin0_.y=1123318551
P6SPY_SQL: SELECT dbdirectin0_.id AS id1_0_, dbdirectin0_.x AS x2_0_, dbdirectin0_.y AS y3_0_ FROM db_direct_int_entity dbdirectin0_
P6SPY_SQL: SELECT TABLE_NAME FROM INFORMATION_SCHEMA.TABLES  where TABLE_SCHEMA='PUBLIC'
P6SPY_SQL: SELECT SEQUENCE_NAME FROM INFORMATION_SCHEMA.SEQUENCES WHERE SEQUENCE_SCHEMA='PUBLIC'
P6SPY_SQL: select dbdirectin0_.id as id1_0_, dbdirectin0_.x as x2_0_, dbdirectin0_.y as y3_0_ from db_direct_int_entity dbdirectin0_ where dbdirectin0_.x=-134218691 and dbdirectin0_.y=1123318615
P6SPY_SQL: SELECT dbdirectin0_.id AS id1_0_, dbdirectin0_.x AS x2_0_, dbdirectin0_.y AS y3_0_ FROM db_direct_int_entity dbdirectin0_
P6SPY_SQL: SELECT TABLE_NAME FROM INFORMATION_SCHEMA.TABLES  where TABLE_SCHEMA='PUBLIC'
P6SPY_SQL: SELECT SEQUENCE_NAME FROM INFORMATION_SCHEMA.SEQUENCES WHERE SEQUENCE_SCHEMA='PUBLIC'
P6SPY_SQL: select dbdirectin0_.id as id1_0_, dbdirectin0_.x as x2_0_, dbdirectin0_.y as y3_0_ from db_direct_int_entity dbdirectin0_ where dbdirectin0_.x=-1569203560 and dbdirectin0_.y=-450836404
P6SPY_SQL: SELECT dbdirectin0_.id AS id1_0_, dbdirectin0_.x AS x2_0_, dbdirectin0_.y AS y3_0_ FROM db_direct_int_entity dbdirectin0_
P6SPY_SQL: select dbdirectin0_.id as id1_0_, dbdirectin0_.x as x2_0_, dbdirectin0_.y as y3_0_ from db_direct_int_entity dbdirectin0_ where dbdirectin0_.x=1854814094 and dbdirectin0_.y=-208
P6SPY_SQL: SELECT dbdirectin0_.id AS id1_0_, dbdirectin0_.x AS x2_0_, dbdirectin0_.y AS y3_0_ FROM db_direct_int_entity dbdirectin0_
P6SPY_SQL: SELECT TABLE_NAME FROM INFORMATION_SCHEMA.TABLES  where TABLE_SCHEMA='PUBLIC'
P6SPY_SQL: SELECT SEQUENCE_NAME FROM INFORMATION_SCHEMA.SEQUENCES WHERE SEQUENCE_SCHEMA='PUBLIC'
P6SPY_SQL: select dbdirectin0_.id as id1_0_, dbdirectin0_.x as x2_0_, dbdirectin0_.y as y3_0_ from db_direct_int_entity dbdirectin0_ where dbdirectin0_.x=-1027 and dbdirectin0_.y=1123351319
P6SPY_SQL: SELECT dbdirectin0_.id AS id1_0_, dbdirectin0_.x AS x2_0_, dbdirectin0_.y AS y3_0_ FROM db_direct_int_entity dbdirectin0_
P6SPY_SQL: SELECT TABLE_NAME FROM INFORMATION_SCHEMA.TABLES  where TABLE_SCHEMA='PUBLIC'
P6SPY_SQL: SELECT SEQUENCE_NAME FROM INFORMATION_SCHEMA.SEQUENCES WHERE SEQUENCE_SCHEMA='PUBLIC'
P6SPY_SQL: select dbdirectin0_.id as id1_0_, dbdirectin0_.x as x2_0_, dbdirectin0_.y as y3_0_ from db_direct_int_entity dbdirectin0_ where dbdirectin0_.x=-930 and dbdirectin0_.y=187
P6SPY_SQL: SELECT dbdirectin0_.id AS id1_0_, dbdirectin0_.x AS x2_0_, dbdirectin0_.y AS y3_0_ FROM db_direct_int_entity dbdirectin0_
P6SPY_SQL: SELECT TABLE_NAME FROM INFORMATION_SCHEMA.TABLES  where TABLE_SCHEMA='PUBLIC'
P6SPY_SQL: SELECT SEQUENCE_NAME FROM INFORMATION_SCHEMA.SEQUENCES WHERE SEQUENCE_SCHEMA='PUBLIC'
P6SPY_SQL: select dbdirectin0_.id as id1_0_, dbdirectin0_.x as x2_0_, dbdirectin0_.y as y3_0_ from db_direct_int_entity dbdirectin0_ where dbdirectin0_.x=-1569203560 and dbdirectin0_.y=-450836404
P6SPY_SQL: SELECT dbdirectin0_.id AS id1_0_, dbdirectin0_.x AS x2_0_, dbdirectin0_.y AS y3_0_ FROM db_direct_int_entity dbdirectin0_
P6SPY_SQL: select dbdirectin0_.id as id1_0_, dbdirectin0_.x as x2_0_, dbdirectin0_.y as y3_0_ from db_direct_int_entity dbdirectin0_ where dbdirectin0_.x=1854814094 and dbdirectin0_.y=-208
P6SPY_SQL: SELECT dbdirectin0_.id AS id1_0_, dbdirectin0_.x AS x2_0_, dbdirectin0_.y AS y3_0_ FROM db_direct_int_entity dbdirectin0_
P6SPY_SQL: SELECT TABLE_NAME FROM INFORMATION_SCHEMA.TABLES  where TABLE_SCHEMA='PUBLIC'
P6SPY_SQL: SELECT SEQUENCE_NAME FROM INFORMATION_SCHEMA.SEQUENCES WHERE SEQUENCE_SCHEMA='PUBLIC'
P6SPY_SQL: SELECT TABLE_NAME FROM INFORMATION_SCHEMA.TABLES  where TABLE_SCHEMA='PUBLIC'
P6SPY_SQL: SELECT SEQUENCE_NAME FROM INFORMATION_SCHEMA.SEQUENCES WHERE SEQUENCE_SCHEMA='PUBLIC'
P6SPY_SQL: select dbdirectin0_.id as id1_0_, dbdirectin0_.x as x2_0_, dbdirectin0_.y as y3_0_ from db_direct_int_entity dbdirectin0_ where dbdirectin0_.x=-133694403 and dbdirectin0_.y=1127512919
P6SPY_SQL: SELECT dbdirectin0_.id AS id1_0_, dbdirectin0_.x AS x2_0_, dbdirectin0_.y AS y3_0_ FROM db_direct_int_entity dbdirectin0_
&amp#27;[1A&amp#27;[2K* Consumed search budget: 1%
P6SPY_SQL: SELECT TABLE_NAME FROM INFORMATION_SCHEMA.TABLES  where TABLE_SCHEMA='PUBLIC'
P6SPY_SQL: SELECT SEQUENCE_NAME FROM INFORMATION_SCHEMA.SEQUENCES WHERE SEQUENCE_SCHEMA='PUBLIC'
P6SPY_SQL: select dbdirectin0_.id as id1_0_, dbdirectin0_.x as x2_0_, dbdirectin0_.y as y3_0_ from db_direct_int_entity dbdirectin0_ where dbdirectin0_.x=-134218691 and dbdirectin0_.y=1123318487
P6SPY_SQL: SELECT dbdirectin0_.id AS id1_0_, dbdirectin0_.x AS x2_0_, dbdirectin0_.y AS y3_0_ FROM db_direct_int_entity dbdirectin0_
P6SPY_SQL: SELECT TABLE_NAME FROM INFORMATION_SCHEMA.TABLES  where TABLE_SCHEMA='PUBLIC'
P6SPY_SQL: SELECT SEQUENCE_NAME FROM INFORMATION_SCHEMA.SEQUENCES WHERE SEQUENCE_SCHEMA='PUBLIC'
P6SPY_SQL: SELECT TABLE_NAME FROM INFORMATION_SCHEMA.TABLES  where TABLE_SCHEMA='PUBLIC'
P6SPY_SQL: SELECT SEQUENCE_NAME FROM INFORMATION_SCHEMA.SEQUENCES WHERE SEQUENCE_SCHEMA='PUBLIC'
P6SPY_SQL: select dbdirectin0_.id as id1_0_, dbdirectin0_.x as x2_0_, dbdirectin0_.y as y3_0_ from db_direct_int_entity dbdirectin0_ where dbdirectin0_.x=-1569203560 and dbdirectin0_.y=-450836404
P6SPY_SQL: SELECT dbdirectin0_.id AS id1_0_, dbdirectin0_.x AS x2_0_, dbdirectin0_.y AS y3_0_ FROM db_direct_int_entity dbdirectin0_
P6SPY_SQL: select dbdirectin0_.id as id1_0_, dbdirectin0_.x as x2_0_, dbdirectin0_.y as y3_0_ from db_direct_int_entity dbdirectin0_ where dbdirectin0_.x=1854814094 and dbdirectin0_.y=-208
P6SPY_SQL: SELECT dbdirectin0_.id AS id1_0_, dbdirectin0_.x AS x2_0_, dbdirectin0_.y AS y3_0_ FROM db_direct_int_entity dbdirectin0_
P6SPY_SQL: SELECT TABLE_NAME FROM INFORMATION_SCHEMA.TABLES  where TABLE_SCHEMA='PUBLIC'
P6SPY_SQL: SELECT SEQUENCE_NAME FROM INFORMATION_SCHEMA.SEQUENCES WHERE SEQUENCE_SCHEMA='PUBLIC'
P6SPY_SQL: select dbdirectin0_.id as id1_0_, dbdirectin0_.x as x2_0_, dbdirectin0_.y as y3_0_ from db_direct_int_entity dbdirectin0_ where dbdirectin0_.x=-930 and dbdirectin0_.y=187
P6SPY_SQL: SELECT dbdirectin0_.id AS id1_0_, dbdirectin0_.x AS x2_0_, dbdirectin0_.y AS y3_0_ FROM db_direct_int_entity dbdirectin0_
P6SPY_SQL: SELECT TABLE_NAME FROM INFORMATION_SCHEMA.TABLES  where TABLE_SCHEMA='PUBLIC'
P6SPY_SQL: SELECT SEQUENCE_NAME FROM INFORMATION_SCHEMA.SEQUENCES WHERE SEQUENCE_SCHEMA='PUBLIC'
P6SPY_SQL: SELECT TABLE_NAME FROM INFORMATION_SCHEMA.TABLES  where TABLE_SCHEMA='PUBLIC'
P6SPY_SQL: SELECT SEQUENCE_NAME FROM INFORMATION_SCHEMA.SEQUENCES WHERE SEQUENCE_SCHEMA='PUBLIC'
P6SPY_SQL: select dbdirectin0_.id as id1_0_, dbdirectin0_.x as x2_0_, dbdirectin0_.y as y3_0_ from db_direct_int_entity dbdirectin0_ where dbdirectin0_.x=-142083011 and dbdirectin0_.y=1127510871
P6SPY_SQL: SELECT dbdirectin0_.id AS id1_0_, dbdirectin0_.x AS x2_0_, dbdirectin0_.y AS y3_0_ FROM db_direct_int_entity dbdirectin0_
P6SPY_SQL: SELECT TABLE_NAME FROM INFORMATION_SCHEMA.TABLES  where TABLE_SCHEMA='PUBLIC'
P6SPY_SQL: SELECT SEQUENCE_NAME FROM INFORMATION_SCHEMA.SEQUENCES WHERE SEQUENCE_SCHEMA='PUBLIC'
P6SPY_SQL: select dbdirectin0_.id as id1_0_, dbdirectin0_.x as x2_0_, dbdirectin0_.y as y3_0_ from db_direct_int_entity dbdirectin0_ where dbdirectin0_.x=672 and dbdirectin0_.y=383
P6SPY_SQL: SELECT dbdirectin0_.id AS id1_0_, dbdirectin0_.x AS x2_0_, dbdirectin0_.y AS y3_0_ FROM db_direct_int_entity dbdirectin0_
P6SPY_SQL: SELECT TABLE_NAME FROM INFORMATION_SCHEMA.TABLES  where TABLE_SCHEMA='PUBLIC'
P6SPY_SQL: SELECT SEQUENCE_NAME FROM INFORMATION_SCHEMA.SEQUENCES WHERE SEQUENCE_SCHEMA='PUBLIC'
P6SPY_SQL: select dbdirectin0_.id as id1_0_, dbdirectin0_.x as x2_0_, dbdirectin0_.y as y3_0_ from db_direct_int_entity dbdirectin0_ where dbdirectin0_.x=-1569203560 and dbdirectin0_.y=-450820020
P6SPY_SQL: SELECT dbdirectin0_.id AS id1_0_, dbdirectin0_.x AS x2_0_, dbdirectin0_.y AS y3_0_ FROM db_direct_int_entity dbdirectin0_
P6SPY_SQL: select dbdirectin0_.id as id1_0_, dbdirectin0_.x as x2_0_, dbdirectin0_.y as y3_0_ from db_direct_int_entity dbdirectin0_ where dbdirectin0_.x=1854814094 and dbdirectin0_.y=-208
P6SPY_SQL: SELECT dbdirectin0_.id AS id1_0_, dbdirectin0_.x AS x2_0_, dbdirectin0_.y AS y3_0_ FROM db_direct_int_entity dbdirectin0_
P6SPY_SQL: SELECT TABLE_NAME FROM INFORMATION_SCHEMA.TABLES  where TABLE_SCHEMA='PUBLIC'
P6SPY_SQL: SELECT SEQUENCE_NAME FROM INFORMATION_SCHEMA.SEQUENCES WHERE SEQUENCE_SCHEMA='PUBLIC'
&amp#27;[1A&amp#27;[2K* Consumed search budget: 2%
P6SPY_SQL: SELECT TABLE_NAME FROM INFORMATION_SCHEMA.TABLES  where TABLE_SCHEMA='PUBLIC'
P6SPY_SQL: SELECT SEQUENCE_NAME FROM INFORMATION_SCHEMA.SEQUENCES WHERE SEQUENCE_SCHEMA='PUBLIC'
P6SPY_SQL: select dbdirectin0_.id as id1_0_, dbdirectin0_.x as x2_0_, dbdirectin0_.y as y3_0_ from db_direct_int_entity dbdirectin0_ where dbdirectin0_.x=672 and dbdirectin0_.y=383
P6SPY_SQL: SELECT dbdirectin0_.id AS id1_0_, dbdirectin0_.x AS x2_0_, dbdirectin0_.y AS y3_0_ FROM db_direct_int_entity dbdirectin0_
P6SPY_SQL: SELECT TABLE_NAME FROM INFORMATION_SCHEMA.TABLES  where TABLE_SCHEMA='PUBLIC'
P6SPY_SQL: SELECT SEQUENCE_NAME FROM INFORMATION_SCHEMA.SEQUENCES WHERE SEQUENCE_SCHEMA='PUBLIC'
P6SPY_SQL: select dbdirectin0_.id as id1_0_, dbdirectin0_.x as x2_0_, dbdirectin0_.y as y3_0_ from db_direct_int_entity dbdirectin0_ where dbdirectin0_.x=-920 and dbdirectin0_.y=-1241709319
P6SPY_SQL: SELECT dbdirectin0_.id AS id1_0_, dbdirectin0_.x AS x2_0_, dbdirectin0_.y AS y3_0_ FROM db_direct_int_entity dbdirectin0_
P6SPY_SQL: select dbdirectin0_.id as id1_0_, dbdirectin0_.x as x2_0_, dbdirectin0_.y as y3_0_ from db_direct_int_entity dbdirectin0_ where dbdirectin0_.x=402311635 and dbdirectin0_.y=1729006725
P6SPY_SQL: SELECT dbdirectin0_.id AS id1_0_, dbdirectin0_.x AS x2_0_, dbdirectin0_.y AS y3_0_ FROM db_direct_int_entity dbdirectin0_
P6SPY_SQL: SELECT TABLE_NAME FROM INFORMATION_SCHEMA.TABLES  where TABLE_SCHEMA='PUBLIC'
P6SPY_SQL: SELECT SEQUENCE_NAME FROM INFORMATION_SCHEMA.SEQUENCES WHERE SEQUENCE_SCHEMA='PUBLIC'
P6SPY_SQL: select dbdirectin0_.id as id1_0_, dbdirectin0_.x as x2_0_, dbdirectin0_.y as y3_0_ from db_direct_int_entity dbdirectin0_ where dbdirectin0_.x=-1569203560 and dbdirectin0_.y=-450820020
P6SPY_SQL: SELECT dbdirectin0_.id AS id1_0_, dbdirectin0_.x AS x2_0_, dbdirectin0_.y AS y3_0_ FROM db_direct_int_entity dbdirectin0_
P6SPY_SQL: select dbdirectin0_.id as id1_0_, dbdirectin0_.x as x2_0_, dbdirectin0_.y as y3_0_ from db_direct_int_entity dbdirectin0_ where dbdirectin0_.x=1854814094 and dbdirectin0_.y=-208
P6SPY_SQL: SELECT dbdirectin0_.id AS id1_0_, dbdirectin0_.x AS x2_0_, dbdirectin0_.y AS y3_0_ FROM db_direct_int_entity dbdirectin0_
P6SPY_SQL: SELECT TABLE_NAME FROM INFORMATION_SCHEMA.TABLES  where TABLE_SCHEMA='PUBLIC'
P6SPY_SQL: SELECT SEQUENCE_NAME FROM INFORMATION_SCHEMA.SEQUENCES WHERE SEQUENCE_SCHEMA='PUBLIC'
P6SPY_SQL: select dbdirectin0_.id as id1_0_, dbdirectin0_.x as x2_0_, dbdirectin0_.y as y3_0_ from db_direct_int_entity dbdirectin0_ where dbdirectin0_.x=-1300768104 and dbdirectin0_.y=-450836404
P6SPY_SQL: SELECT dbdirectin0_.id AS id1_0_, dbdirectin0_.x AS x2_0_, dbdirectin0_.y AS y3_0_ FROM db_direct_int_entity dbdirectin0_
P6SPY_SQL: select dbdirectin0_.id as id1_0_, dbdirectin0_.x as x2_0_, dbdirectin0_.y as y3_0_ from db_direct_int_entity dbdirectin0_ where dbdirectin0_.x=1854814094 and dbdirectin0_.y=-208
P6SPY_SQL: SELECT dbdirectin0_.id AS id1_0_, dbdirectin0_.x AS x2_0_, dbdirectin0_.y AS y3_0_ FROM db_direct_int_entity dbdirectin0_
P6SPY_SQL: SELECT TABLE_NAME FROM INFORMATION_SCHEMA.TABLES  where TABLE_SCHEMA='PUBLIC'
P6SPY_SQL: SELECT SEQUENCE_NAME FROM INFORMATION_SCHEMA.SEQUENCES WHERE SEQUENCE_SCHEMA='PUBLIC'
P6SPY_SQL: select dbdirectin0_.id as id1_0_, dbdirectin0_.x as x2_0_, dbdirectin0_.y as y3_0_ from db_direct_int_entity dbdirectin0_ where dbdirectin0_.x=-930 and dbdirectin0_.y=187
P6SPY_SQL: SELECT dbdirectin0_.id AS id1_0_, dbdirectin0_.x AS x2_0_, dbdirectin0_.y AS y3_0_ FROM db_direct_int_entity dbdirectin0_
P6SPY_SQL: SELECT TABLE_NAME FROM INFORMATION_SCHEMA.TABLES  where TABLE_SCHEMA='PUBLIC'
P6SPY_SQL: SELECT SEQUENCE_NAME FROM INFORMATION_SCHEMA.SEQUENCES WHERE SEQUENCE_SCHEMA='PUBLIC'
P6SPY_SQL: select dbdirectin0_.id as id1_0_, dbdirectin0_.x as x2_0_, dbdirectin0_.y as y3_0_ from db_direct_int_entity dbdirectin0_ where dbdirectin0_.x=-930 and dbdirectin0_.y=187
P6SPY_SQL: SELECT dbdirectin0_.id AS id1_0_, dbdirectin0_.x AS x2_0_, dbdirectin0_.y AS y3_0_ FROM db_direct_int_entity dbdirectin0_
&amp#27;[1A&amp#27;[2K* Consumed search budget: 3%
P6SPY_SQL: SELECT TABLE_NAME FROM INFORMATION_SCHEMA.TABLES  where TABLE_SCHEMA='PUBLIC'
P6SPY_SQL: SELECT SEQUENCE_NAME FROM INFORMATION_SCHEMA.SEQUENCES WHERE SEQUENCE_SCHEMA='PUBLIC'
P6SPY_SQL: select dbdirectin0_.id as id1_0_, dbdirectin0_.x as x2_0_, dbdirectin0_.y as y3_0_ from db_direct_int_entity dbdirectin0_ where dbdirectin0_.x=-930 and dbdirectin0_.y=187
P6SPY_SQL: SELECT dbdirectin0_.id AS id1_0_, dbdirectin0_.x AS x2_0_, dbdirectin0_.y AS y3_0_ FROM db_direct_int_entity dbdirectin0_
P6SPY_SQL: SELECT TABLE_NAME FROM INFORMATION_SCHEMA.TABLES  where TABLE_SCHEMA='PUBLIC'
P6SPY_SQL: SELECT SEQUENCE_NAME FROM INFORMATION_SCHEMA.SEQUENCES WHERE SEQUENCE_SCHEMA='PUBLIC'
P6SPY_SQL: select dbdirectin0_.id as id1_0_, dbdirectin0_.x as x2_0_, dbdirectin0_.y as y3_0_ from db_direct_int_entity dbdirectin0_ where dbdirectin0_.x=-930 and dbdirectin0_.y=187
P6SPY_SQL: SELECT dbdirectin0_.id AS id1_0_, dbdirectin0_.x AS x2_0_, dbdirectin0_.y AS y3_0_ FROM db_direct_int_entity dbdirectin0_
P6SPY_SQL: SELECT TABLE_NAME FROM INFORMATION_SCHEMA.TABLES  where TABLE_SCHEMA='PUBLIC'
P6SPY_SQL: SELECT SEQUENCE_NAME FROM INFORMATION_SCHEMA.SEQUENCES WHERE SEQUENCE_SCHEMA='PUBLIC'
P6SPY_SQL: select dbdirectin0_.id as id1_0_, dbdirectin0_.x as x2_0_, dbdirectin0_.y as y3_0_ from db_direct_int_entity dbdirectin0_ where dbdirectin0_.x=-930 and dbdirectin0_.y=187
P6SPY_SQL: SELECT dbdirectin0_.id AS id1_0_, dbdirectin0_.x AS x2_0_, dbdirectin0_.y AS y3_0_ FROM db_direct_int_entity dbdirectin0_
P6SPY_SQL: SELECT TABLE_NAME FROM INFORMATION_SCHEMA.TABLES  where TABLE_SCHEMA='PUBLIC'
P6SPY_SQL: SELECT SEQUENCE_NAME FROM INFORMATION_SCHEMA.SEQUENCES WHERE SEQUENCE_SCHEMA='PUBLIC'
P6SPY_SQL: select dbdirectin0_.id as id1_0_, dbdirectin0_.x as x2_0_, dbdirectin0_.y as y3_0_ from db_direct_int_entity dbdirectin0_ where dbdirectin0_.x=-930 and dbdirectin0_.y=187
P6SPY_SQL: SELECT dbdirectin0_.id AS id1_0_, dbdirectin0_.x AS x2_0_, dbdirectin0_.y AS y3_0_ FROM db_direct_int_entity dbdirectin0_
P6SPY_SQL: SELECT TABLE_NAME FROM INFORMATION_SCHEMA.TABLES  where TABLE_SCHEMA='PUBLIC'
P6SPY_SQL: SELECT SEQUENCE_NAME FROM INFORMATION_SCHEMA.SEQUENCES WHERE SEQUENCE_SCHEMA='PUBLIC'
P6SPY_SQL: select dbdirectin0_.id as id1_0_, dbdirectin0_.x as x2_0_, dbdirectin0_.y as y3_0_ from db_direct_int_entity dbdirectin0_ where dbdirectin0_.x=-1600168516 and dbdirectin0_.y=-1633492372
P6SPY_SQL: SELECT dbdirectin0_.id AS id1_0_, dbdirectin0_.x AS x2_0_, dbdirectin0_.y AS y3_0_ FROM db_direct_int_entity dbdirectin0_
P6SPY_SQL: select dbdirectin0_.id as id1_0_, dbdirectin0_.x as x2_0_, dbdirectin0_.y as y3_0_ from db_direct_int_entity dbdirectin0_ where dbdirectin0_.x=-333 and dbdirectin0_.y=1569939147
P6SPY_SQL: SELECT dbdirectin0_.id AS id1_0_, dbdirectin0_.x AS x2_0_, dbdirectin0_.y AS y3_0_ FROM db_direct_int_entity dbdirectin0_
P6SPY_SQL: select dbdirectin0_.id as id1_0_, dbdirectin0_.x as x2_0_, dbdirectin0_.y as y3_0_ from db_direct_int_entity dbdirectin0_ where dbdirectin0_.x=220 and dbdirectin0_.y=-12911523
P6SPY_SQL: SELECT dbdirectin0_.id AS id1_0_, dbdirectin0_.x AS x2_0_, dbdirectin0_.y AS y3_0_ FROM db_direct_int_entity dbdirectin0_
P6SPY_SQL: select dbdirectin0_.id as id1_0_, dbdirectin0_.x as x2_0_, dbdirectin0_.y as y3_0_ from db_direct_int_entity dbdirectin0_ where dbdirectin0_.x=295 and dbdirectin0_.y=-786
P6SPY_SQL: SELECT dbdirectin0_.id AS id1_0_, dbdirectin0_.x AS x2_0_, dbdirectin0_.y AS y3_0_ FROM db_direct_int_entity dbdirectin0_
P6SPY_SQL: select dbdirectin0_.id as id1_0_, dbdirectin0_.x as x2_0_, dbdirectin0_.y as y3_0_ from db_direct_int_entity dbdirectin0_ where dbdirectin0_.x=635327256 and dbdirectin0_.y=90
P6SPY_SQL: SELECT dbdirectin0_.id AS id1_0_, dbdirectin0_.x AS x2_0_, dbdirectin0_.y AS y3_0_ FROM db_direct_int_entity dbdirectin0_
P6SPY_SQL: select dbdirectin0_.id as id1_0_, dbdirectin0_.x as x2_0_, dbdirectin0_.y as y3_0_ from db_direct_int_entity dbdirectin0_ where dbdirectin0_.x=-152230836 and dbdirectin0_.y=-1608964537
P6SPY_SQL: SELECT dbdirectin0_.id AS id1_0_, dbdirectin0_.x AS x2_0_, dbdirectin0_.y AS y3_0_ FROM db_direct_int_entity dbdirectin0_
P6SPY_SQL: SELECT TABLE_NAME FROM INFORMATION_SCHEMA.TABLES  where TABLE_SCHEMA='PUBLIC'
P6SPY_SQL: SELECT SEQUENCE_NAME FROM INFORMATION_SCHEMA.SEQUENCES WHERE SEQUENCE_SCHEMA='PUBLIC'
P6SPY_SQL: select dbdirectin0_.id as id1_0_, dbdirectin0_.x as x2_0_, dbdirectin0_.y as y3_0_ from db_direct_int_entity dbdirectin0_ where dbdirectin0_.x=-179 and dbdirectin0_.y=-265026642
P6SPY_SQL: SELECT dbdirectin0_.id AS id1_0_, dbdirectin0_.x AS x2_0_, dbdirectin0_.y AS y3_0_ FROM db_direct_int_entity dbdirectin0_
P6SPY_SQL: select dbdirectin0_.id as id1_0_, dbdirectin0_.x as x2_0_, dbdirectin0_.y as y3_0_ from db_direct_int_entity dbdirectin0_ where dbdirectin0_.x=868 and dbdirectin0_.y=1259272977
P6SPY_SQL: SELECT dbdirectin0_.id AS id1_0_, dbdirectin0_.x AS x2_0_, dbdirectin0_.y AS y3_0_ FROM db_direct_int_entity dbdirectin0_
P6SPY_SQL: select dbdirectin0_.id as id1_0_, dbdirectin0_.x as x2_0_, dbdirectin0_.y as y3_0_ from db_direct_int_entity dbdirectin0_ where dbdirectin0_.x=-985 and dbdirectin0_.y=-635
P6SPY_SQL: SELECT dbdirectin0_.id AS id1_0_, dbdirectin0_.x AS x2_0_, dbdirectin0_.y AS y3_0_ FROM db_direct_int_entity dbdirectin0_
P6SPY_SQL: SELECT TABLE_NAME FROM INFORMATION_SCHEMA.TABLES  where TABLE_SCHEMA='PUBLIC'
P6SPY_SQL: SELECT SEQUENCE_NAME FROM INFORMATION_SCHEMA.SEQUENCES WHERE SEQUENCE_SCHEMA='PUBLIC'
P6SPY_SQL: select dbdirectin0_.id as id1_0_, dbdirectin0_.x as x2_0_, dbdirectin0_.y as y3_0_ from db_direct_int_entity dbdirectin0_ where dbdirectin0_.x=-930 and dbdirectin0_.y=187
P6SPY_SQL: SELECT dbdirectin0_.id AS id1_0_, dbdirectin0_.x AS x2_0_, dbdirectin0_.y AS y3_0_ FROM db_direct_int_entity dbdirectin0_
&amp#27;[1A&amp#27;[2K* Consumed search budget: 4%
P6SPY_SQL: SELECT TABLE_NAME FROM INFORMATION_SCHEMA.TABLES  where TABLE_SCHEMA='PUBLIC'
P6SPY_SQL: SELECT SEQUENCE_NAME FROM INFORMATION_SCHEMA.SEQUENCES WHERE SEQUENCE_SCHEMA='PUBLIC'
P6SPY_SQL: select dbdirectin0_.id as id1_0_, dbdirectin0_.x as x2_0_, dbdirectin0_.y as y3_0_ from db_direct_int_entity dbdirectin0_ where dbdirectin0_.x=-930 and dbdirectin0_.y=187
P6SPY_SQL: SELECT dbdirectin0_.id AS id1_0_, dbdirectin0_.x AS x2_0_, dbdirectin0_.y AS y3_0_ FROM db_direct_int_entity dbdirectin0_
P6SPY_SQL: SELECT TABLE_NAME FROM INFORMATION_SCHEMA.TABLES  where TABLE_SCHEMA='PUBLIC'
P6SPY_SQL: SELECT SEQUENCE_NAME FROM INFORMATION_SCHEMA.SEQUENCES WHERE SEQUENCE_SCHEMA='PUBLIC'
P6SPY_SQL: select dbdirectin0_.id as id1_0_, dbdirectin0_.x as x2_0_, dbdirectin0_.y as y3_0_ from db_direct_int_entity dbdirectin0_ where dbdirectin0_.x=19967700 and dbdirectin0_.y=-2101069467
P6SPY_SQL: SELECT dbdirectin0_.id AS id1_0_, dbdirectin0_.x AS x2_0_, dbdirectin0_.y AS y3_0_ FROM db_direct_int_entity dbdirectin0_
P6SPY_SQL: select dbdirectin0_.id as id1_0_, dbdirectin0_.x as x2_0_, dbdirectin0_.y as y3_0_ from db_direct_int_entity dbdirectin0_ where dbdirectin0_.x=-849 and dbdirectin0_.y=99
P6SPY_SQL: SELECT dbdirectin0_.id AS id1_0_, dbdirectin0_.x AS x2_0_, dbdirectin0_.y AS y3_0_ FROM db_direct_int_entity dbdirectin0_
P6SPY_SQL: select dbdirectin0_.id as id1_0_, dbdirectin0_.x as x2_0_, dbdirectin0_.y as y3_0_ from db_direct_int_entity dbdirectin0_ where dbdirectin0_.x=673 and dbdirectin0_.y=-465
P6SPY_SQL: SELECT dbdirectin0_.id AS id1_0_, dbdirectin0_.x AS x2_0_, dbdirectin0_.y AS y3_0_ FROM db_direct_int_entity dbdirectin0_
P6SPY_SQL: select dbdirectin0_.id as id1_0_, dbdirectin0_.x as x2_0_, dbdirectin0_.y as y3_0_ from db_direct_int_entity dbdirectin0_ where dbdirectin0_.x=-425 and dbdirectin0_.y=-694125910
P6SPY_SQL: SELECT dbdirectin0_.id AS id1_0_, dbdirectin0_.x AS x2_0_, dbdirectin0_.y AS y3_0_ FROM db_direct_int_entity dbdirectin0_
P6SPY_SQL: select dbdirectin0_.id as id1_0_, dbdirectin0_.x as x2_0_, dbdirectin0_.y as y3_0_ from db_direct_int_entity dbdirectin0_ where dbdirectin0_.x=196 and dbdirectin0_.y=-1935098572
P6SPY_SQL: SELECT dbdirectin0_.id AS id1_0_, dbdirectin0_.x AS x2_0_, dbdirectin0_.y AS y3_0_ FROM db_direct_int_entity dbdirectin0_
P6SPY_SQL: SELECT TABLE_NAME FROM INFORMATION_SCHEMA.TABLES  where TABLE_SCHEMA='PUBLIC'
P6SPY_SQL: SELECT SEQUENCE_NAME FROM INFORMATION_SCHEMA.SEQUENCES WHERE SEQUENCE_SCHEMA='PUBLIC'
P6SPY_SQL: select dbdirectin0_.id as id1_0_, dbdirectin0_.x as x2_0_, dbdirectin0_.y as y3_0_ from db_direct_int_entity dbdirectin0_ where dbdirectin0_.x=-930 and dbdirectin0_.y=187
P6SPY_SQL: SELECT dbdirectin0_.id AS id1_0_, dbdirectin0_.x AS x2_0_, dbdirectin0_.y AS y3_0_ FROM db_direct_int_entity dbdirectin0_
P6SPY_SQL: SELECT TABLE_NAME FROM INFORMATION_SCHEMA.TABLES  where TABLE_SCHEMA='PUBLIC'
P6SPY_SQL: SELECT SEQUENCE_NAME FROM INFORMATION_SCHEMA.SEQUENCES WHERE SEQUENCE_SCHEMA='PUBLIC'
P6SPY_SQL: select dbdirectin0_.id as id1_0_, dbdirectin0_.x as x2_0_, dbdirectin0_.y as y3_0_ from db_direct_int_entity dbdirectin0_ where dbdirectin0_.x=-930 and dbdirectin0_.y=187
P6SPY_SQL: SELECT dbdirectin0_.id AS id1_0_, dbdirectin0_.x AS x2_0_, dbdirectin0_.y AS y3_0_ FROM db_direct_int_entity dbdirectin0_
P6SPY_SQL: SELECT TABLE_NAME FROM INFORMATION_SCHEMA.TABLES  where TABLE_SCHEMA='PUBLIC'
P6SPY_SQL: SELECT SEQUENCE_NAME FROM INFORMATION_SCHEMA.SEQUENCES WHERE SEQUENCE_SCHEMA='PUBLIC'
P6SPY_SQL: select dbdirectin0_.id as id1_0_, dbdirectin0_.x as x2_0_, dbdirectin0_.y as y3_0_ from db_direct_int_entity dbdirectin0_ where dbdirectin0_.x=-978 and dbdirectin0_.y=-590
P6SPY_SQL: SELECT dbdirectin0_.id AS id1_0_, dbdirectin0_.x AS x2_0_, dbdirectin0_.y AS y3_0_ FROM db_direct_int_entity dbdirectin0_
P6SPY_SQL: select dbdirectin0_.id as id1_0_, dbdirectin0_.x as x2_0_, dbdirectin0_.y as y3_0_ from db_direct_int_entity dbdirectin0_ where dbdirectin0_.x=337 and dbdirectin0_.y=-773
P6SPY_SQL: SELECT dbdirectin0_.id AS id1_0_, dbdirectin0_.x AS x2_0_, dbdirectin0_.y AS y3_0_ FROM db_direct_int_entity dbdirectin0_
P6SPY_SQL: SELECT TABLE_NAME FROM INFORMATION_SCHEMA.TABLES  where TABLE_SCHEMA='PUBLIC'
P6SPY_SQL: SELECT SEQUENCE_NAME FROM INFORMATION_SCHEMA.SEQUENCES WHERE SEQUENCE_SCHEMA='PUBLIC'
P6SPY_SQL: SELECT TABLE_NAME FROM INFORMATION_SCHEMA.TABLES  where TABLE_SCHEMA='PUBLIC'
P6SPY_SQL: SELECT SEQUENCE_NAME FROM INFORMATION_SCHEMA.SEQUENCES WHERE SEQUENCE_SCHEMA='PUBLIC'
P6SPY_SQL: select dbdirectin0_.id as id1_0_, dbdirectin0_.x as x2_0_, dbdirectin0_.y as y3_0_ from db_direct_int_entity dbdirectin0_ where dbdirectin0_.x=672 and dbdirectin0_.y=383
P6SPY_SQL: SELECT dbdirectin0_.id AS id1_0_, dbdirectin0_.x AS x2_0_, dbdirectin0_.y AS y3_0_ FROM db_direct_int_entity dbdirectin0_
&amp#27;[1A&amp#27;[2K* Consumed search budget: 5%
P6SPY_SQL: SELECT TABLE_NAME FROM INFORMATION_SCHEMA.TABLES  where TABLE_SCHEMA='PUBLIC'
P6SPY_SQL: SELECT SEQUENCE_NAME FROM INFORMATION_SCHEMA.SEQUENCES WHERE SEQUENCE_SCHEMA='PUBLIC'
P6SPY_SQL: select dbdirectin0_.id as id1_0_, dbdirectin0_.x as x2_0_, dbdirectin0_.y as y3_0_ from db_direct_int_entity dbdirectin0_ where dbdirectin0_.x=672 and dbdirectin0_.y=383
P6SPY_SQL: SELECT dbdirectin0_.id AS id1_0_, dbdirectin0_.x AS x2_0_, dbdirectin0_.y AS y3_0_ FROM db_direct_int_entity dbdirectin0_
P6SPY_SQL: SELECT TABLE_NAME FROM INFORMATION_SCHEMA.TABLES  where TABLE_SCHEMA='PUBLIC'
P6SPY_SQL: SELECT SEQUENCE_NAME FROM INFORMATION_SCHEMA.SEQUENCES WHERE SEQUENCE_SCHEMA='PUBLIC'
P6SPY_SQL: select dbdirectin0_.id as id1_0_, dbdirectin0_.x as x2_0_, dbdirectin0_.y as y3_0_ from db_direct_int_entity dbdirectin0_ where dbdirectin0_.x=-800 and dbdirectin0_.y=309773626
P6SPY_SQL: SELECT dbdirectin0_.id AS id1_0_, dbdirectin0_.x AS x2_0_, dbdirectin0_.y AS y3_0_ FROM db_direct_int_entity dbdirectin0_
P6SPY_SQL: SELECT TABLE_NAME FROM INFORMATION_SCHEMA.TABLES  where TABLE_SCHEMA='PUBLIC'
P6SPY_SQL: SELECT SEQUENCE_NAME FROM INFORMATION_SCHEMA.SEQUENCES WHERE SEQUENCE_SCHEMA='PUBLIC'
P6SPY_SQL: SELECT TABLE_NAME FROM INFORMATION_SCHEMA.TABLES  where TABLE_SCHEMA='PUBLIC'
P6SPY_SQL: SELECT SEQUENCE_NAME FROM INFORMATION_SCHEMA.SEQUENCES WHERE SEQUENCE_SCHEMA='PUBLIC'
P6SPY_SQL: select dbdirectin0_.id as id1_0_, dbdirectin0_.x as x2_0_, dbdirectin0_.y as y3_0_ from db_direct_int_entity dbdirectin0_ where dbdirectin0_.x=3 and dbdirectin0_.y=403
P6SPY_SQL: SELECT dbdirectin0_.id AS id1_0_, dbdirectin0_.x AS x2_0_, dbdirectin0_.y AS y3_0_ FROM db_direct_int_entity dbdirectin0_
P6SPY_SQL: SELECT TABLE_NAME FROM INFORMATION_SCHEMA.TABLES  where TABLE_SCHEMA='PUBLIC'
P6SPY_SQL: SELECT SEQUENCE_NAME FROM INFORMATION_SCHEMA.SEQUENCES WHERE SEQUENCE_SCHEMA='PUBLIC'
P6SPY_SQL: SELECT TABLE_NAME FROM INFORMATION_SCHEMA.TABLES  where TABLE_SCHEMA='PUBLIC'
P6SPY_SQL: SELECT SEQUENCE_NAME FROM INFORMATION_SCHEMA.SEQUENCES WHERE SEQUENCE_SCHEMA='PUBLIC'
P6SPY_SQL: select dbdirectin0_.id as id1_0_, dbdirectin0_.x as x2_0_, dbdirectin0_.y as y3_0_ from db_direct_int_entity dbdirectin0_ where dbdirectin0_.x=-1253166672 and dbdirectin0_.y=521698215
P6SPY_SQL: SELECT dbdirectin0_.id AS id1_0_, dbdirectin0_.x AS x2_0_, dbdirectin0_.y AS y3_0_ FROM db_direct_int_entity dbdirectin0_
P6SPY_SQL: SELECT TABLE_NAME FROM INFORMATION_SCHEMA.TABLES  where TABLE_SCHEMA='PUBLIC'
P6SPY_SQL: SELECT SEQUENCE_NAME FROM INFORMATION_SCHEMA.SEQUENCES WHERE SEQUENCE_SCHEMA='PUBLIC'
P6SPY_SQL: select dbdirectin0_.id as id1_0_, dbdirectin0_.x as x2_0_, dbdirectin0_.y as y3_0_ from db_direct_int_entity dbdirectin0_ where dbdirectin0_.x=672 and dbdirectin0_.y=383
P6SPY_SQL: SELECT dbdirectin0_.id AS id1_0_, dbdirectin0_.x AS x2_0_, dbdirectin0_.y AS y3_0_ FROM db_direct_int_entity dbdirectin0_
P6SPY_SQL: SELECT TABLE_NAME FROM INFORMATION_SCHEMA.TABLES  where TABLE_SCHEMA='PUBLIC'
P6SPY_SQL: SELECT SEQUENCE_NAME FROM INFORMATION_SCHEMA.SEQUENCES WHERE SEQUENCE_SCHEMA='PUBLIC'
P6SPY_SQL: select dbdirectin0_.id as id1_0_, dbdirectin0_.x as x2_0_, dbdirectin0_.y as y3_0_ from db_direct_int_entity dbdirectin0_ where dbdirectin0_.x=672 and dbdirectin0_.y=383
P6SPY_SQL: SELECT dbdirectin0_.id AS id1_0_, dbdirectin0_.x AS x2_0_, dbdirectin0_.y AS y3_0_ FROM db_direct_int_entity dbdirectin0_
&amp#27;[1A&amp#27;[2K* Consumed search budget: 6%
P6SPY_SQL: SELECT TABLE_NAME FROM INFORMATION_SCHEMA.TABLES  where TABLE_SCHEMA='PUBLIC'
P6SPY_SQL: SELECT SEQUENCE_NAME FROM INFORMATION_SCHEMA.SEQUENCES WHERE SEQUENCE_SCHEMA='PUBLIC'
P6SPY_SQL: select dbdirectin0_.id as id1_0_, dbdirectin0_.x as x2_0_, dbdirectin0_.y as y3_0_ from db_direct_int_entity dbdirectin0_ where dbdirectin0_.x=672 and dbdirectin0_.y=383
P6SPY_SQL: SELECT dbdirectin0_.id AS id1_0_, dbdirectin0_.x AS x2_0_, dbdirectin0_.y AS y3_0_ FROM db_direct_int_entity dbdirectin0_
P6SPY_SQL: SELECT TABLE_NAME FROM INFORMATION_SCHEMA.TABLES  where TABLE_SCHEMA='PUBLIC'
P6SPY_SQL: SELECT SEQUENCE_NAME FROM INFORMATION_SCHEMA.SEQUENCES WHERE SEQUENCE_SCHEMA='PUBLIC'
P6SPY_SQL: select dbdirectin0_.id as id1_0_, dbdirectin0_.x as x2_0_, dbdirectin0_.y as y3_0_ from db_direct_int_entity dbdirectin0_ where dbdirectin0_.x=672 and dbdirectin0_.y=383
P6SPY_SQL: SELECT dbdirectin0_.id AS id1_0_, dbdirectin0_.x AS x2_0_, dbdirectin0_.y AS y3_0_ FROM db_direct_int_entity dbdirectin0_
P6SPY_SQL: SELECT TABLE_NAME FROM INFORMATION_SCHEMA.TABLES  where TABLE_SCHEMA='PUBLIC'
P6SPY_SQL: SELECT SEQUENCE_NAME FROM INFORMATION_SCHEMA.SEQUENCES WHERE SEQUENCE_SCHEMA='PUBLIC'
P6SPY_SQL: select dbdirectin0_.id as id1_0_, dbdirectin0_.x as x2_0_, dbdirectin0_.y as y3_0_ from db_direct_int_entity dbdirectin0_ where dbdirectin0_.x=-516 and dbdirectin0_.y=226
P6SPY_SQL: SELECT dbdirectin0_.id AS id1_0_, dbdirectin0_.x AS x2_0_, dbdirectin0_.y AS y3_0_ FROM db_direct_int_entity dbdirectin0_
P6SPY_SQL: select dbdirectin0_.id as id1_0_, dbdirectin0_.x as x2_0_, dbdirectin0_.y as y3_0_ from db_direct_int_entity dbdirectin0_ where dbdirectin0_.x=-62881096 and dbdirectin0_.y=91
P6SPY_SQL: SELECT dbdirectin0_.id AS id1_0_, dbdirectin0_.x AS x2_0_, dbdirectin0_.y AS y3_0_ FROM db_direct_int_entity dbdirectin0_
P6SPY_SQL: select dbdirectin0_.id as id1_0_, dbdirectin0_.x as x2_0_, dbdirectin0_.y as y3_0_ from db_direct_int_entity dbdirectin0_ where dbdirectin0_.x=-842 and dbdirectin0_.y=1705021714
P6SPY_SQL: SELECT dbdirectin0_.id AS id1_0_, dbdirectin0_.x AS x2_0_, dbdirectin0_.y AS y3_0_ FROM db_direct_int_entity dbdirectin0_
P6SPY_SQL: select dbdirectin0_.id as id1_0_, dbdirectin0_.x as x2_0_, dbdirectin0_.y as y3_0_ from db_direct_int_entity dbdirectin0_ where dbdirectin0_.x=-13 and dbdirectin0_.y=-860
P6SPY_SQL: SELECT dbdirectin0_.id AS id1_0_, dbdirectin0_.x AS x2_0_, dbdirectin0_.y AS y3_0_ FROM db_direct_int_entity dbdirectin0_
P6SPY_SQL: select dbdirectin0_.id as id1_0_, dbdirectin0_.x as x2_0_, dbdirectin0_.y as y3_0_ from db_direct_int_entity dbdirectin0_ where dbdirectin0_.x=203 and dbdirectin0_.y=189925679
P6SPY_SQL: SELECT dbdirectin0_.id AS id1_0_, dbdirectin0_.x AS x2_0_, dbdirectin0_.y AS y3_0_ FROM db_direct_int_entity dbdirectin0_
P6SPY_SQL: SELECT TABLE_NAME FROM INFORMATION_SCHEMA.TABLES  where TABLE_SCHEMA='PUBLIC'
P6SPY_SQL: SELECT SEQUENCE_NAME FROM INFORMATION_SCHEMA.SEQUENCES WHERE SEQUENCE_SCHEMA='PUBLIC'
P6SPY_SQL: select dbdirectin0_.id as id1_0_, dbdirectin0_.x as x2_0_, dbdirectin0_.y as y3_0_ from db_direct_int_entity dbdirectin0_ where dbdirectin0_.x=-234 and dbdirectin0_.y=-446
P6SPY_SQL: SELECT dbdirectin0_.id AS id1_0_, dbdirectin0_.x AS x2_0_, dbdirectin0_.y AS y3_0_ FROM db_direct_int_entity dbdirectin0_
P6SPY_SQL: SELECT TABLE_NAME FROM INFORMATION_SCHEMA.TABLES  where TABLE_SCHEMA='PUBLIC'
P6SPY_SQL: SELECT SEQUENCE_NAME FROM INFORMATION_SCHEMA.SEQUENCES WHERE SEQUENCE_SCHEMA='PUBLIC'
P6SPY_SQL: select dbdirectin0_.id as id1_0_, dbdirectin0_.x as x2_0_, dbdirectin0_.y as y3_0_ from db_direct_int_entity dbdirectin0_ where dbdirectin0_.x=672 and dbdirectin0_.y=383
P6SPY_SQL: SELECT dbdirectin0_.id AS id1_0_, dbdirectin0_.x AS x2_0_, dbdirectin0_.y AS y3_0_ FROM db_direct_int_entity dbdirectin0_
P6SPY_SQL: SELECT TABLE_NAME FROM INFORMATION_SCHEMA.TABLES  where TABLE_SCHEMA='PUBLIC'
P6SPY_SQL: SELECT SEQUENCE_NAME FROM INFORMATION_SCHEMA.SEQUENCES WHERE SEQUENCE_SCHEMA='PUBLIC'
P6SPY_SQL: select dbdirectin0_.id as id1_0_, dbdirectin0_.x as x2_0_, dbdirectin0_.y as y3_0_ from db_direct_int_entity dbdirectin0_ where dbdirectin0_.x=672 and dbdirectin0_.y=383
P6SPY_SQL: SELECT dbdirectin0_.id AS id1_0_, dbdirectin0_.x AS x2_0_, dbdirectin0_.y AS y3_0_ FROM db_direct_int_entity dbdirectin0_
P6SPY_SQL: SELECT TABLE_NAME FROM INFORMATION_SCHEMA.TABLES  where TABLE_SCHEMA='PUBLIC'
P6SPY_SQL: SELECT SEQUENCE_NAME FROM INFORMATION_SCHEMA.SEQUENCES WHERE SEQUENCE_SCHEMA='PUBLIC'
P6SPY_SQL: select dbdirectin0_.id as id1_0_, dbdirectin0_.x as x2_0_, dbdirectin0_.y as y3_0_ from db_direct_int_entity dbdirectin0_ where dbdirectin0_.x=672 and dbdirectin0_.y=383
P6SPY_SQL: SELECT dbdirectin0_.id AS id1_0_, dbdirectin0_.x AS x2_0_, dbdirectin0_.y AS y3_0_ FROM db_direct_int_entity dbdirectin0_
&amp#27;[1A&amp#27;[2K* Consumed search budget: 7%
P6SPY_SQL: SELECT TABLE_NAME FROM INFORMATION_SCHEMA.TABLES  where TABLE_SCHEMA='PUBLIC'
P6SPY_SQL: SELECT SEQUENCE_NAME FROM INFORMATION_SCHEMA.SEQUENCES WHERE SEQUENCE_SCHEMA='PUBLIC'
P6SPY_SQL: select dbdirectin0_.id as id1_0_, dbdirectin0_.x as x2_0_, dbdirectin0_.y as y3_0_ from db_direct_int_entity dbdirectin0_ where dbdirectin0_.x=672 and dbdirectin0_.y=383
P6SPY_SQL: SELECT dbdirectin0_.id AS id1_0_, dbdirectin0_.x AS x2_0_, dbdirectin0_.y AS y3_0_ FROM db_direct_int_entity dbdirectin0_
P6SPY_SQL: SELECT TABLE_NAME FROM INFORMATION_SCHEMA.TABLES  where TABLE_SCHEMA='PUBLIC'
P6SPY_SQL: SELECT SEQUENCE_NAME FROM INFORMATION_SCHEMA.SEQUENCES WHERE SEQUENCE_SCHEMA='PUBLIC'
P6SPY_SQL: select dbdirectin0_.id as id1_0_, dbdirectin0_.x as x2_0_, dbdirectin0_.y as y3_0_ from db_direct_int_entity dbdirectin0_ where dbdirectin0_.x=3 and dbdirectin0_.y=403
P6SPY_SQL: SELECT dbdirectin0_.id AS id1_0_, dbdirectin0_.x AS x2_0_, dbdirectin0_.y AS y3_0_ FROM db_direct_int_entity dbdirectin0_
P6SPY_SQL: SELECT TABLE_NAME FROM INFORMATION_SCHEMA.TABLES  where TABLE_SCHEMA='PUBLIC'
P6SPY_SQL: SELECT SEQUENCE_NAME FROM INFORMATION_SCHEMA.SEQUENCES WHERE SEQUENCE_SCHEMA='PUBLIC'
P6SPY_SQL: select dbdirectin0_.id as id1_0_, dbdirectin0_.x as x2_0_, dbdirectin0_.y as y3_0_ from db_direct_int_entity dbdirectin0_ where dbdirectin0_.x=3 and dbdirectin0_.y=403
P6SPY_SQL: SELECT dbdirectin0_.id AS id1_0_, dbdirectin0_.x AS x2_0_, dbdirectin0_.y AS y3_0_ FROM db_direct_int_entity dbdirectin0_
P6SPY_SQL: SELECT TABLE_NAME FROM INFORMATION_SCHEMA.TABLES  where TABLE_SCHEMA='PUBLIC'
P6SPY_SQL: SELECT SEQUENCE_NAME FROM INFORMATION_SCHEMA.SEQUENCES WHERE SEQUENCE_SCHEMA='PUBLIC'
P6SPY_SQL: SELECT TABLE_NAME FROM INFORMATION_SCHEMA.TABLES  where TABLE_SCHEMA='PUBLIC'
P6SPY_SQL: SELECT SEQUENCE_NAME FROM INFORMATION_SCHEMA.SEQUENCES WHERE SEQUENCE_SCHEMA='PUBLIC'
P6SPY_SQL: select dbdirectin0_.id as id1_0_, dbdirectin0_.x as x2_0_, dbdirectin0_.y as y3_0_ from db_direct_int_entity dbdirectin0_ where dbdirectin0_.x=3 and dbdirectin0_.y=403
P6SPY_SQL: SELECT dbdirectin0_.id AS id1_0_, dbdirectin0_.x AS x2_0_, dbdirectin0_.y AS y3_0_ FROM db_direct_int_entity dbdirectin0_
P6SPY_SQL: SELECT TABLE_NAME FROM INFORMATION_SCHEMA.TABLES  where TABLE_SCHEMA='PUBLIC'
P6SPY_SQL: SELECT SEQUENCE_NAME FROM INFORMATION_SCHEMA.SEQUENCES WHERE SEQUENCE_SCHEMA='PUBLIC'
P6SPY_SQL: select dbdirectin0_.id as id1_0_, dbdirectin0_.x as x2_0_, dbdirectin0_.y as y3_0_ from db_direct_int_entity dbdirectin0_ where dbdirectin0_.x=3 and dbdirectin0_.y=403
P6SPY_SQL: SELECT dbdirectin0_.id AS id1_0_, dbdirectin0_.x AS x2_0_, dbdirectin0_.y AS y3_0_ FROM db_direct_int_entity dbdirectin0_
P6SPY_SQL: SELECT TABLE_NAME FROM INFORMATION_SCHEMA.TABLES  where TABLE_SCHEMA='PUBLIC'
P6SPY_SQL: SELECT SEQUENCE_NAME FROM INFORMATION_SCHEMA.SEQUENCES WHERE SEQUENCE_SCHEMA='PUBLIC'
P6SPY_SQL: select dbdirectin0_.id as id1_0_, dbdirectin0_.x as x2_0_, dbdirectin0_.y as y3_0_ from db_direct_int_entity dbdirectin0_ where dbdirectin0_.x=672 and dbdirectin0_.y=383
P6SPY_SQL: SELECT dbdirectin0_.id AS id1_0_, dbdirectin0_.x AS x2_0_, dbdirectin0_.y AS y3_0_ FROM db_direct_int_entity dbdirectin0_
P6SPY_SQL: SELECT TABLE_NAME FROM INFORMATION_SCHEMA.TABLES  where TABLE_SCHEMA='PUBLIC'
P6SPY_SQL: SELECT SEQUENCE_NAME FROM INFORMATION_SCHEMA.SEQUENCES WHERE SEQUENCE_SCHEMA='PUBLIC'
P6SPY_SQL: select dbdirectin0_.id as id1_0_, dbdirectin0_.x as x2_0_, dbdirectin0_.y as y3_0_ from db_direct_int_entity dbdirectin0_ where dbdirectin0_.x=672 and dbdirectin0_.y=383
P6SPY_SQL: SELECT dbdirectin0_.id AS id1_0_, dbdirectin0_.x AS x2_0_, dbdirectin0_.y AS y3_0_ FROM db_direct_int_entity dbdirectin0_
P6SPY_SQL: SELECT TABLE_NAME FROM INFORMATION_SCHEMA.TABLES  where TABLE_SCHEMA='PUBLIC'
P6SPY_SQL: SELECT SEQUENCE_NAME FROM INFORMATION_SCHEMA.SEQUENCES WHERE SEQUENCE_SCHEMA='PUBLIC'
P6SPY_SQL: select dbdirectin0_.id as id1_0_, dbdirectin0_.x as x2_0_, dbdirectin0_.y as y3_0_ from db_direct_int_entity dbdirectin0_ where dbdirectin0_.x=3 and dbdirectin0_.y=403
P6SPY_SQL: SELECT dbdirectin0_.id AS id1_0_, dbdirectin0_.x AS x2_0_, dbdirectin0_.y AS y3_0_ FROM db_direct_int_entity dbdirectin0_
P6SPY_SQL: SELECT TABLE_NAME FROM INFORMATION_SCHEMA.TABLES  where TABLE_SCHEMA='PUBLIC'
P6SPY_SQL: SELECT SEQUENCE_NAME FROM INFORMATION_SCHEMA.SEQUENCES WHERE SEQUENCE_SCHEMA='PUBLIC'
P6SPY_SQL: select dbdirectin0_.id as id1_0_, dbdirectin0_.x as x2_0_, dbdirectin0_.y as y3_0_ from db_direct_int_entity dbdirectin0_ where dbdirectin0_.x=3 and dbdirectin0_.y=403
P6SPY_SQL: SELECT dbdirectin0_.id AS id1_0_, dbdirectin0_.x AS x2_0_, dbdirectin0_.y AS y3_0_ FROM db_direct_int_entity dbdirectin0_
P6SPY_SQL: SELECT TABLE_NAME FROM INFORMATION_SCHEMA.TABLES  where TABLE_SCHEMA='PUBLIC'
P6SPY_SQL: SELECT SEQUENCE_NAME FROM INFORMATION_SCHEMA.SEQUENCES WHERE SEQUENCE_SCHEMA='PUBLIC'
P6SPY_SQL: select dbdirectin0_.id as id1_0_, dbdirectin0_.x as x2_0_, dbdirectin0_.y as y3_0_ from db_direct_int_entity dbdirectin0_ where dbdirectin0_.x=3 and dbdirectin0_.y=403
P6SPY_SQL: SELECT dbdirectin0_.id AS id1_0_, dbdirectin0_.x AS x2_0_, dbdirectin0_.y AS y3_0_ FROM db_direct_int_entity dbdirectin0_
&amp#27;[1A&amp#27;[2K* Consumed search budget: 8%
P6SPY_SQL: SELECT TABLE_NAME FROM INFORMATION_SCHEMA.TABLES  where TABLE_SCHEMA='PUBLIC'
P6SPY_SQL: SELECT SEQUENCE_NAME FROM INFORMATION_SCHEMA.SEQUENCES WHERE SEQUENCE_SCHEMA='PUBLIC'
P6SPY_SQL: select dbdirectin0_.id as id1_0_, dbdirectin0_.x as x2_0_, dbdirectin0_.y as y3_0_ from db_direct_int_entity dbdirectin0_ where dbdirectin0_.x=3 and dbdirectin0_.y=403
P6SPY_SQL: SELECT dbdirectin0_.id AS id1_0_, dbdirectin0_.x AS x2_0_, dbdirectin0_.y AS y3_0_ FROM db_direct_int_entity dbdirectin0_
P6SPY_SQL: SELECT TABLE_NAME FROM INFORMATION_SCHEMA.TABLES  where TABLE_SCHEMA='PUBLIC'
P6SPY_SQL: SELECT SEQUENCE_NAME FROM INFORMATION_SCHEMA.SEQUENCES WHERE SEQUENCE_SCHEMA='PUBLIC'
P6SPY_SQL: SELECT TABLE_NAME FROM INFORMATION_SCHEMA.TABLES  where TABLE_SCHEMA='PUBLIC'
P6SPY_SQL: SELECT SEQUENCE_NAME FROM INFORMATION_SCHEMA.SEQUENCES WHERE SEQUENCE_SCHEMA='PUBLIC'
P6SPY_SQL: select dbdirectin0_.id as id1_0_, dbdirectin0_.x as x2_0_, dbdirectin0_.y as y3_0_ from db_direct_int_entity dbdirectin0_ where dbdirectin0_.x=3 and dbdirectin0_.y=403
P6SPY_SQL: SELECT dbdirectin0_.id AS id1_0_, dbdirectin0_.x AS x2_0_, dbdirectin0_.y AS y3_0_ FROM db_direct_int_entity dbdirectin0_
P6SPY_SQL: SELECT TABLE_NAME FROM INFORMATION_SCHEMA.TABLES  where TABLE_SCHEMA='PUBLIC'
P6SPY_SQL: SELECT SEQUENCE_NAME FROM INFORMATION_SCHEMA.SEQUENCES WHERE SEQUENCE_SCHEMA='PUBLIC'
P6SPY_SQL: select dbdirectin0_.id as id1_0_, dbdirectin0_.x as x2_0_, dbdirectin0_.y as y3_0_ from db_direct_int_entity dbdirectin0_ where dbdirectin0_.x=3 and dbdirectin0_.y=403
P6SPY_SQL: SELECT dbdirectin0_.id AS id1_0_, dbdirectin0_.x AS x2_0_, dbdirectin0_.y AS y3_0_ FROM db_direct_int_entity dbdirectin0_
P6SPY_SQL: SELECT TABLE_NAME FROM INFORMATION_SCHEMA.TABLES  where TABLE_SCHEMA='PUBLIC'
P6SPY_SQL: SELECT SEQUENCE_NAME FROM INFORMATION_SCHEMA.SEQUENCES WHERE SEQUENCE_SCHEMA='PUBLIC'
P6SPY_SQL: select dbdirectin0_.id as id1_0_, dbdirectin0_.x as x2_0_, dbdirectin0_.y as y3_0_ from db_direct_int_entity dbdirectin0_ where dbdirectin0_.x=3 and dbdirectin0_.y=403
P6SPY_SQL: SELECT dbdirectin0_.id AS id1_0_, dbdirectin0_.x AS x2_0_, dbdirectin0_.y AS y3_0_ FROM db_direct_int_entity dbdirectin0_
P6SPY_SQL: SELECT TABLE_NAME FROM INFORMATION_SCHEMA.TABLES  where TABLE_SCHEMA='PUBLIC'
P6SPY_SQL: SELECT SEQUENCE_NAME FROM INFORMATION_SCHEMA.SEQUENCES WHERE SEQUENCE_SCHEMA='PUBLIC'
P6SPY_SQL: select dbdirectin0_.id as id1_0_, dbdirectin0_.x as x2_0_, dbdirectin0_.y as y3_0_ from db_direct_int_entity dbdirectin0_ where dbdirectin0_.x=3 and dbdirectin0_.y=403
P6SPY_SQL: SELECT dbdirectin0_.id AS id1_0_, dbdirectin0_.x AS x2_0_, dbdirectin0_.y AS y3_0_ FROM db_direct_int_entity dbdirectin0_
P6SPY_SQL: SELECT TABLE_NAME FROM INFORMATION_SCHEMA.TABLES  where TABLE_SCHEMA='PUBLIC'
P6SPY_SQL: SELECT SEQUENCE_NAME FROM INFORMATION_SCHEMA.SEQUENCES WHERE SEQUENCE_SCHEMA='PUBLIC'
P6SPY_SQL: select dbdirectin0_.id as id1_0_, dbdirectin0_.x as x2_0_, dbdirectin0_.y as y3_0_ from db_direct_int_entity dbdirectin0_ where dbdirectin0_.x=3 and dbdirectin0_.y=403
P6SPY_SQL: SELECT dbdirectin0_.id AS id1_0_, dbdirectin0_.x AS x2_0_, dbdirectin0_.y AS y3_0_ FROM db_direct_int_entity dbdirectin0_
P6SPY_SQL: SELECT TABLE_NAME FROM INFORMATION_SCHEMA.TABLES  where TABLE_SCHEMA='PUBLIC'
P6SPY_SQL: SELECT SEQUENCE_NAME FROM INFORMATION_SCHEMA.SEQUENCES WHERE SEQUENCE_SCHEMA='PUBLIC'
P6SPY_SQL: select dbdirectin0_.id as id1_0_, dbdirectin0_.x as x2_0_, dbdirectin0_.y as y3_0_ from db_direct_int_entity dbdirectin0_ where dbdirectin0_.x=541961381 and dbdirectin0_.y=424
P6SPY_SQL: SELECT dbdirectin0_.id AS id1_0_, dbdirectin0_.x AS x2_0_, dbdirectin0_.y AS y3_0_ FROM db_direct_int_entity dbdirectin0_
P6SPY_SQL: SELECT TABLE_NAME FROM INFORMATION_SCHEMA.TABLES  where TABLE_SCHEMA='PUBLIC'
P6SPY_SQL: SELECT SEQUENCE_NAME FROM INFORMATION_SCHEMA.SEQUENCES WHERE SEQUENCE_SCHEMA='PUBLIC'
P6SPY_SQL: select dbdirectin0_.id as id1_0_, dbdirectin0_.x as x2_0_, dbdirectin0_.y as y3_0_ from db_direct_int_entity dbdirectin0_ where dbdirectin0_.x=-1041028289 and dbdirectin0_.y=-449
P6SPY_SQL: SELECT dbdirectin0_.id AS id1_0_, dbdirectin0_.x AS x2_0_, dbdirectin0_.y AS y3_0_ FROM db_direct_int_entity dbdirectin0_
P6SPY_SQL: select dbdirectin0_.id as id1_0_, dbdirectin0_.x as x2_0_, dbdirectin0_.y as y3_0_ from db_direct_int_entity dbdirectin0_ where dbdirectin0_.x=55 and dbdirectin0_.y=-1975567297
P6SPY_SQL: SELECT dbdirectin0_.id AS id1_0_, dbdirectin0_.x AS x2_0_, dbdirectin0_.y AS y3_0_ FROM db_direct_int_entity dbdirectin0_
P6SPY_SQL: select dbdirectin0_.id as id1_0_, dbdirectin0_.x as x2_0_, dbdirectin0_.y as y3_0_ from db_direct_int_entity dbdirectin0_ where dbdirectin0_.x=-994822130 and dbdirectin0_.y=787591613
P6SPY_SQL: SELECT dbdirectin0_.id AS id1_0_, dbdirectin0_.x AS x2_0_, dbdirectin0_.y AS y3_0_ FROM db_direct_int_entity dbdirectin0_
P6SPY_SQL: select dbdirectin0_.id as id1_0_, dbdirectin0_.x as x2_0_, dbdirectin0_.y as y3_0_ from db_direct_int_entity dbdirectin0_ where dbdirectin0_.x=432 and dbdirectin0_.y=-1281405205
P6SPY_SQL: SELECT dbdirectin0_.id AS id1_0_, dbdirectin0_.x AS x2_0_, dbdirectin0_.y AS y3_0_ FROM db_direct_int_entity dbdirectin0_
&amp#27;[1A&amp#27;[2K* Consumed search budget: 9%
P6SPY_SQL: SELECT TABLE_NAME FROM INFORMATION_SCHEMA.TABLES  where TABLE_SCHEMA='PUBLIC'
P6SPY_SQL: SELECT SEQUENCE_NAME FROM INFORMATION_SCHEMA.SEQUENCES WHERE SEQUENCE_SCHEMA='PUBLIC'
P6SPY_SQL: select dbdirectin0_.id as id1_0_, dbdirectin0_.x as x2_0_, dbdirectin0_.y as y3_0_ from db_direct_int_entity dbdirectin0_ where dbdirectin0_.x=3 and dbdirectin0_.y=403
P6SPY_SQL: SELECT dbdirectin0_.id AS id1_0_, dbdirectin0_.x AS x2_0_, dbdirectin0_.y AS y3_0_ FROM db_direct_int_entity dbdirectin0_
P6SPY_SQL: SELECT TABLE_NAME FROM INFORMATION_SCHEMA.TABLES  where TABLE_SCHEMA='PUBLIC'
P6SPY_SQL: SELECT SEQUENCE_NAME FROM INFORMATION_SCHEMA.SEQUENCES WHERE SEQUENCE_SCHEMA='PUBLIC'
P6SPY_SQL: select dbdirectin0_.id as id1_0_, dbdirectin0_.x as x2_0_, dbdirectin0_.y as y3_0_ from db_direct_int_entity dbdirectin0_ where dbdirectin0_.x=3 and dbdirectin0_.y=403
P6SPY_SQL: SELECT dbdirectin0_.id AS id1_0_, dbdirectin0_.x AS x2_0_, dbdirectin0_.y AS y3_0_ FROM db_direct_int_entity dbdirectin0_
P6SPY_SQL: SELECT TABLE_NAME FROM INFORMATION_SCHEMA.TABLES  where TABLE_SCHEMA='PUBLIC'
P6SPY_SQL: SELECT SEQUENCE_NAME FROM INFORMATION_SCHEMA.SEQUENCES WHERE SEQUENCE_SCHEMA='PUBLIC'
P6SPY_SQL: select dbdirectin0_.id as id1_0_, dbdirectin0_.x as x2_0_, dbdirectin0_.y as y3_0_ from db_direct_int_entity dbdirectin0_ where dbdirectin0_.x=3 and dbdirectin0_.y=403
P6SPY_SQL: SELECT dbdirectin0_.id AS id1_0_, dbdirectin0_.x AS x2_0_, dbdirectin0_.y AS y3_0_ FROM db_direct_int_entity dbdirectin0_
P6SPY_SQL: SELECT TABLE_NAME FROM INFORMATION_SCHEMA.TABLES  where TABLE_SCHEMA='PUBLIC'
P6SPY_SQL: SELECT SEQUENCE_NAME FROM INFORMATION_SCHEMA.SEQUENCES WHERE SEQUENCE_SCHEMA='PUBLIC'
P6SPY_SQL: SELECT TABLE_NAME FROM INFORMATION_SCHEMA.TABLES  where TABLE_SCHEMA='PUBLIC'
P6SPY_SQL: SELECT SEQUENCE_NAME FROM INFORMATION_SCHEMA.SEQUENCES WHERE SEQUENCE_SCHEMA='PUBLIC'
P6SPY_SQL: select dbdirectin0_.id as id1_0_, dbdirectin0_.x as x2_0_, dbdirectin0_.y as y3_0_ from db_direct_int_entity dbdirectin0_ where dbdirectin0_.x=3 and dbdirectin0_.y=403
P6SPY_SQL: SELECT dbdirectin0_.id AS id1_0_, dbdirectin0_.x AS x2_0_, dbdirectin0_.y AS y3_0_ FROM db_direct_int_entity dbdirectin0_
P6SPY_SQL: SELECT TABLE_NAME FROM INFORMATION_SCHEMA.TABLES  where TABLE_SCHEMA='PUBLIC'
P6SPY_SQL: SELECT SEQUENCE_NAME FROM INFORMATION_SCHEMA.SEQUENCES WHERE SEQUENCE_SCHEMA='PUBLIC'
P6SPY_SQL: select dbdirectin0_.id as id1_0_, dbdirectin0_.x as x2_0_, dbdirectin0_.y as y3_0_ from db_direct_int_entity dbdirectin0_ where dbdirectin0_.x=3 and dbdirectin0_.y=403
P6SPY_SQL: SELECT dbdirectin0_.id AS id1_0_, dbdirectin0_.x AS x2_0_, dbdirectin0_.y AS y3_0_ FROM db_direct_int_entity dbdirectin0_
P6SPY_SQL: SELECT TABLE_NAME FROM INFORMATION_SCHEMA.TABLES  where TABLE_SCHEMA='PUBLIC'
P6SPY_SQL: SELECT SEQUENCE_NAME FROM INFORMATION_SCHEMA.SEQUENCES WHERE SEQUENCE_SCHEMA='PUBLIC'
P6SPY_SQL: select dbdirectin0_.id as id1_0_, dbdirectin0_.x as x2_0_, dbdirectin0_.y as y3_0_ from db_direct_int_entity dbdirectin0_ where dbdirectin0_.x=3 and dbdirectin0_.y=403
P6SPY_SQL: SELECT dbdirectin0_.id AS id1_0_, dbdirectin0_.x AS x2_0_, dbdirectin0_.y AS y3_0_ FROM db_direct_int_entity dbdirectin0_
P6SPY_SQL: SELECT TABLE_NAME FROM INFORMATION_SCHEMA.TABLES  where TABLE_SCHEMA='PUBLIC'
P6SPY_SQL: SELECT SEQUENCE_NAME FROM INFORMATION_SCHEMA.SEQUENCES WHERE SEQUENCE_SCHEMA='PUBLIC'
P6SPY_SQL: select dbdirectin0_.id as id1_0_, dbdirectin0_.x as x2_0_, dbdirectin0_.y as y3_0_ from db_direct_int_entity dbdirectin0_ where dbdirectin0_.x=-449217630 and dbdirectin0_.y=83318929
P6SPY_SQL: SELECT dbdirectin0_.id AS id1_0_, dbdirectin0_.x AS x2_0_, dbdirectin0_.y AS y3_0_ FROM db_direct_int_entity dbdirectin0_
P6SPY_SQL: SELECT TABLE_NAME FROM INFORMATION_SCHEMA.TABLES  where TABLE_SCHEMA='PUBLIC'
P6SPY_SQL: SELECT SEQUENCE_NAME FROM INFORMATION_SCHEMA.SEQUENCES WHERE SEQUENCE_SCHEMA='PUBLIC'
P6SPY_SQL: select dbdirectin0_.id as id1_0_, dbdirectin0_.x as x2_0_, dbdirectin0_.y as y3_0_ from db_direct_int_entity dbdirectin0_ where dbdirectin0_.x=3 and dbdirectin0_.y=403
P6SPY_SQL: SELECT dbdirectin0_.id AS id1_0_, dbdirectin0_.x AS x2_0_, dbdirectin0_.y AS y3_0_ FROM db_direct_int_entity dbdirectin0_
P6SPY_SQL: SELECT TABLE_NAME FROM INFORMATION_SCHEMA.TABLES  where TABLE_SCHEMA='PUBLIC'
P6SPY_SQL: SELECT SEQUENCE_NAME FROM INFORMATION_SCHEMA.SEQUENCES WHERE SEQUENCE_SCHEMA='PUBLIC'
P6SPY_SQL: select dbdirectin0_.id as id1_0_, dbdirectin0_.x as x2_0_, dbdirectin0_.y as y3_0_ from db_direct_int_entity dbdirectin0_ where dbdirectin0_.x=3 and dbdirectin0_.y=403
P6SPY_SQL: SELECT dbdirectin0_.id AS id1_0_, dbdirectin0_.x AS x2_0_, dbdirectin0_.y AS y3_0_ FROM db_direct_int_entity dbdirectin0_
&amp#27;[1A&amp#27;[2K* Consumed search budget: 10%
P6SPY_SQL: SELECT TABLE_NAME FROM INFORMATION_SCHEMA.TABLES  where TABLE_SCHEMA='PUBLIC'
P6SPY_SQL: SELECT SEQUENCE_NAME FROM INFORMATION_SCHEMA.SEQUENCES WHERE SEQUENCE_SCHEMA='PUBLIC'
P6SPY_SQL: select dbdirectin0_.id as id1_0_, dbdirectin0_.x as x2_0_, dbdirectin0_.y as y3_0_ from db_direct_int_entity dbdirectin0_ where dbdirectin0_.x=3 and dbdirectin0_.y=403
P6SPY_SQL: SELECT dbdirectin0_.id AS id1_0_, dbdirectin0_.x AS x2_0_, dbdirectin0_.y AS y3_0_ FROM db_direct_int_entity dbdirectin0_
P6SPY_SQL: SELECT TABLE_NAME FROM INFORMATION_SCHEMA.TABLES  where TABLE_SCHEMA='PUBLIC'
P6SPY_SQL: SELECT SEQUENCE_NAME FROM INFORMATION_SCHEMA.SEQUENCES WHERE SEQUENCE_SCHEMA='PUBLIC'
P6SPY_SQL: select dbdirectin0_.id as id1_0_, dbdirectin0_.x as x2_0_, dbdirectin0_.y as y3_0_ from db_direct_int_entity dbdirectin0_ where dbdirectin0_.x=3 and dbdirectin0_.y=403
P6SPY_SQL: SELECT dbdirectin0_.id AS id1_0_, dbdirectin0_.x AS x2_0_, dbdirectin0_.y AS y3_0_ FROM db_direct_int_entity dbdirectin0_
P6SPY_SQL: SELECT TABLE_NAME FROM INFORMATION_SCHEMA.TABLES  where TABLE_SCHEMA='PUBLIC'
P6SPY_SQL: SELECT SEQUENCE_NAME FROM INFORMATION_SCHEMA.SEQUENCES WHERE SEQUENCE_SCHEMA='PUBLIC'
P6SPY_SQL: select dbdirectin0_.id as id1_0_, dbdirectin0_.x as x2_0_, dbdirectin0_.y as y3_0_ from db_direct_int_entity dbdirectin0_ where dbdirectin0_.x=3 and dbdirectin0_.y=403
P6SPY_SQL: SELECT dbdirectin0_.id AS id1_0_, dbdirectin0_.x AS x2_0_, dbdirectin0_.y AS y3_0_ FROM db_direct_int_entity dbdirectin0_
P6SPY_SQL: SELECT TABLE_NAME FROM INFORMATION_SCHEMA.TABLES  where TABLE_SCHEMA='PUBLIC'
P6SPY_SQL: SELECT SEQUENCE_NAME FROM INFORMATION_SCHEMA.SEQUENCES WHERE SEQUENCE_SCHEMA='PUBLIC'
P6SPY_SQL: select dbdirectin0_.id as id1_0_, dbdirectin0_.x as x2_0_, dbdirectin0_.y as y3_0_ from db_direct_int_entity dbdirectin0_ where dbdirectin0_.x=3 and dbdirectin0_.y=403
P6SPY_SQL: SELECT dbdirectin0_.id AS id1_0_, dbdirectin0_.x AS x2_0_, dbdirectin0_.y AS y3_0_ FROM db_direct_int_entity dbdirectin0_
P6SPY_SQL: SELECT TABLE_NAME FROM INFORMATION_SCHEMA.TABLES  where TABLE_SCHEMA='PUBLIC'
P6SPY_SQL: SELECT SEQUENCE_NAME FROM INFORMATION_SCHEMA.SEQUENCES WHERE SEQUENCE_SCHEMA='PUBLIC'
P6SPY_SQL: select dbdirectin0_.id as id1_0_, dbdirectin0_.x as x2_0_, dbdirectin0_.y as y3_0_ from db_direct_int_entity dbdirectin0_ where dbdirectin0_.x=3 and dbdirectin0_.y=403
P6SPY_SQL: SELECT dbdirectin0_.id AS id1_0_, dbdirectin0_.x AS x2_0_, dbdirectin0_.y AS y3_0_ FROM db_direct_int_entity dbdirectin0_
P6SPY_SQL: SELECT TABLE_NAME FROM INFORMATION_SCHEMA.TABLES  where TABLE_SCHEMA='PUBLIC'
P6SPY_SQL: SELECT SEQUENCE_NAME FROM INFORMATION_SCHEMA.SEQUENCES WHERE SEQUENCE_SCHEMA='PUBLIC'
P6SPY_SQL: select dbdirectin0_.id as id1_0_, dbdirectin0_.x as x2_0_, dbdirectin0_.y as y3_0_ from db_direct_int_entity dbdirectin0_ where dbdirectin0_.x=3 and dbdirectin0_.y=403
P6SPY_SQL: SELECT dbdirectin0_.id AS id1_0_, dbdirectin0_.x AS x2_0_, dbdirectin0_.y AS y3_0_ FROM db_direct_int_entity dbdirectin0_
P6SPY_SQL: SELECT TABLE_NAME FROM INFORMATION_SCHEMA.TABLES  where TABLE_SCHEMA='PUBLIC'
P6SPY_SQL: SELECT SEQUENCE_NAME FROM INFORMATION_SCHEMA.SEQUENCES WHERE SEQUENCE_SCHEMA='PUBLIC'
P6SPY_SQL: select dbdirectin0_.id as id1_0_, dbdirectin0_.x as x2_0_, dbdirectin0_.y as y3_0_ from db_direct_int_entity dbdirectin0_ where dbdirectin0_.x=3 and dbdirectin0_.y=403
P6SPY_SQL: SELECT dbdirectin0_.id AS id1_0_, dbdirectin0_.x AS x2_0_, dbdirectin0_.y AS y3_0_ FROM db_direct_int_entity dbdirectin0_
P6SPY_SQL: SELECT TABLE_NAME FROM INFORMATION_SCHEMA.TABLES  where TABLE_SCHEMA='PUBLIC'
P6SPY_SQL: SELECT SEQUENCE_NAME FROM INFORMATION_SCHEMA.SEQUENCES WHERE SEQUENCE_SCHEMA='PUBLIC'
P6SPY_SQL: select dbdirectin0_.id as id1_0_, dbdirectin0_.x as x2_0_, dbdirectin0_.y as y3_0_ from db_direct_int_entity dbdirectin0_ where dbdirectin0_.x=3 and dbdirectin0_.y=403
P6SPY_SQL: SELECT dbdirectin0_.id AS id1_0_, dbdirectin0_.x AS x2_0_, dbdirectin0_.y AS y3_0_ FROM db_direct_int_entity dbdirectin0_
P6SPY_SQL: SELECT TABLE_NAME FROM INFORMATION_SCHEMA.TABLES  where TABLE_SCHEMA='PUBLIC'
P6SPY_SQL: SELECT SEQUENCE_NAME FROM INFORMATION_SCHEMA.SEQUENCES WHERE SEQUENCE_SCHEMA='PUBLIC'
P6SPY_SQL: select dbdirectin0_.id as id1_0_, dbdirectin0_.x as x2_0_, dbdirectin0_.y as y3_0_ from db_direct_int_entity dbdirectin0_ where dbdirectin0_.x=3 and dbdirectin0_.y=403
P6SPY_SQL: SELECT dbdirectin0_.id AS id1_0_, dbdirectin0_.x AS x2_0_, dbdirectin0_.y AS y3_0_ FROM db_direct_int_entity dbdirectin0_
P6SPY_SQL: SELECT TABLE_NAME FROM INFORMATION_SCHEMA.TABLES  where TABLE_SCHEMA='PUBLIC'
P6SPY_SQL: SELECT SEQUENCE_NAME FROM INFORMATION_SCHEMA.SEQUENCES WHERE SEQUENCE_SCHEMA='PUBLIC'
P6SPY_SQL: select dbdirectin0_.id as id1_0_, dbdirectin0_.x as x2_0_, dbdirectin0_.y as y3_0_ from db_direct_int_entity dbdirectin0_ where dbdirectin0_.x=3 and dbdirectin0_.y=403
P6SPY_SQL: SELECT dbdirectin0_.id AS id1_0_, dbdirectin0_.x AS x2_0_, dbdirectin0_.y AS y3_0_ FROM db_direct_int_entity dbdirectin0_
&amp#27;[1A&amp#27;[2K* Consumed search budget: 11%
P6SPY_SQL: SELECT TABLE_NAME FROM INFORMATION_SCHEMA.TABLES  where TABLE_SCHEMA='PUBLIC'
P6SPY_SQL: SELECT SEQUENCE_NAME FROM INFORMATION_SCHEMA.SEQUENCES WHERE SEQUENCE_SCHEMA='PUBLIC'
P6SPY_SQL: select dbdirectin0_.id as id1_0_, dbdirectin0_.x as x2_0_, dbdirectin0_.y as y3_0_ from db_direct_int_entity dbdirectin0_ where dbdirectin0_.x=3 and dbdirectin0_.y=403
P6SPY_SQL: SELECT dbdirectin0_.id AS id1_0_, dbdirectin0_.x AS x2_0_, dbdirectin0_.y AS y3_0_ FROM db_direct_int_entity dbdirectin0_
P6SPY_SQL: SELECT TABLE_NAME FROM INFORMATION_SCHEMA.TABLES  where TABLE_SCHEMA='PUBLIC'
P6SPY_SQL: SELECT SEQUENCE_NAME FROM INFORMATION_SCHEMA.SEQUENCES WHERE SEQUENCE_SCHEMA='PUBLIC'
P6SPY_SQL: select dbdirectin0_.id as id1_0_, dbdirectin0_.x as x2_0_, dbdirectin0_.y as y3_0_ from db_direct_int_entity dbdirectin0_ where dbdirectin0_.x=3 and dbdirectin0_.y=403
P6SPY_SQL: SELECT dbdirectin0_.id AS id1_0_, dbdirectin0_.x AS x2_0_, dbdirectin0_.y AS y3_0_ FROM db_direct_int_entity dbdirectin0_
P6SPY_SQL: SELECT TABLE_NAME FROM INFORMATION_SCHEMA.TABLES  where TABLE_SCHEMA='PUBLIC'
P6SPY_SQL: SELECT SEQUENCE_NAME FROM INFORMATION_SCHEMA.SEQUENCES WHERE SEQUENCE_SCHEMA='PUBLIC'
P6SPY_SQL: select dbdirectin0_.id as id1_0_, dbdirectin0_.x as x2_0_, dbdirectin0_.y as y3_0_ from db_direct_int_entity dbdirectin0_ where dbdirectin0_.x=3 and dbdirectin0_.y=403
P6SPY_SQL: SELECT dbdirectin0_.id AS id1_0_, dbdirectin0_.x AS x2_0_, dbdirectin0_.y AS y3_0_ FROM db_direct_int_entity dbdirectin0_
P6SPY_SQL: SELECT TABLE_NAME FROM INFORMATION_SCHEMA.TABLES  where TABLE_SCHEMA='PUBLIC'
P6SPY_SQL: SELECT SEQUENCE_NAME FROM INFORMATION_SCHEMA.SEQUENCES WHERE SEQUENCE_SCHEMA='PUBLIC'
P6SPY_SQL: select dbdirectin0_.id as id1_0_, dbdirectin0_.x as x2_0_, dbdirectin0_.y as y3_0_ from db_direct_int_entity dbdirectin0_ where dbdirectin0_.x=3 and dbdirectin0_.y=403
P6SPY_SQL: SELECT dbdirectin0_.id AS id1_0_, dbdirectin0_.x AS x2_0_, dbdirectin0_.y AS y3_0_ FROM db_direct_int_entity dbdirectin0_
P6SPY_SQL: SELECT TABLE_NAME FROM INFORMATION_SCHEMA.TABLES  where TABLE_SCHEMA='PUBLIC'
P6SPY_SQL: SELECT SEQUENCE_NAME FROM INFORMATION_SCHEMA.SEQUENCES WHERE SEQUENCE_SCHEMA='PUBLIC'
P6SPY_SQL: select dbdirectin0_.id as id1_0_, dbdirectin0_.x as x2_0_, dbdirectin0_.y as y3_0_ from db_direct_int_entity dbdirectin0_ where dbdirectin0_.x=3 and dbdirectin0_.y=403
P6SPY_SQL: SELECT dbdirectin0_.id AS id1_0_, dbdirectin0_.x AS x2_0_, dbdirectin0_.y AS y3_0_ FROM db_direct_int_entity dbdirectin0_
P6SPY_SQL: SELECT TABLE_NAME FROM INFORMATION_SCHEMA.TABLES  where TABLE_SCHEMA='PUBLIC'
P6SPY_SQL: SELECT SEQUENCE_NAME FROM INFORMATION_SCHEMA.SEQUENCES WHERE SEQUENCE_SCHEMA='PUBLIC'
P6SPY_SQL: select dbdirectin0_.id as id1_0_, dbdirectin0_.x as x2_0_, dbdirectin0_.y as y3_0_ from db_direct_int_entity dbdirectin0_ where dbdirectin0_.x=3 and dbdirectin0_.y=403
P6SPY_SQL: SELECT dbdirectin0_.id AS id1_0_, dbdirectin0_.x AS x2_0_, dbdirectin0_.y AS y3_0_ FROM db_direct_int_entity dbdirectin0_
P6SPY_SQL: SELECT TABLE_NAME FROM INFORMATION_SCHEMA.TABLES  where TABLE_SCHEMA='PUBLIC'
P6SPY_SQL: SELECT SEQUENCE_NAME FROM INFORMATION_SCHEMA.SEQUENCES WHERE SEQUENCE_SCHEMA='PUBLIC'
P6SPY_SQL: select dbdirectin0_.id as id1_0_, dbdirectin0_.x as x2_0_, dbdirectin0_.y as y3_0_ from db_direct_int_entity dbdirectin0_ where dbdirectin0_.x=3 and dbdirectin0_.y=403
P6SPY_SQL: SELECT dbdirectin0_.id AS id1_0_, dbdirectin0_.x AS x2_0_, dbdirectin0_.y AS y3_0_ FROM db_direct_int_entity dbdirectin0_
P6SPY_SQL: SELECT TABLE_NAME FROM INFORMATION_SCHEMA.TABLES  where TABLE_SCHEMA='PUBLIC'
P6SPY_SQL: SELECT SEQUENCE_NAME FROM INFORMATION_SCHEMA.SEQUENCES WHERE SEQUENCE_SCHEMA='PUBLIC'
P6SPY_SQL: select dbdirectin0_.id as id1_0_, dbdirectin0_.x as x2_0_, dbdirectin0_.y as y3_0_ from db_direct_int_entity dbdirectin0_ where dbdirectin0_.x=3 and dbdirectin0_.y=403
P6SPY_SQL: SELECT dbdirectin0_.id AS id1_0_, dbdirectin0_.x AS x2_0_, dbdirectin0_.y AS y3_0_ FROM db_direct_int_entity dbdirectin0_
P6SPY_SQL: SELECT TABLE_NAME FROM INFORMATION_SCHEMA.TABLES  where TABLE_SCHEMA='PUBLIC'
P6SPY_SQL: SELECT SEQUENCE_NAME FROM INFORMATION_SCHEMA.SEQUENCES WHERE SEQUENCE_SCHEMA='PUBLIC'
P6SPY_SQL: select dbdirectin0_.id as id1_0_, dbdirectin0_.x as x2_0_, dbdirectin0_.y as y3_0_ from db_direct_int_entity dbdirectin0_ where dbdirectin0_.x=3 and dbdirectin0_.y=403
P6SPY_SQL: SELECT dbdirectin0_.id AS id1_0_, dbdirectin0_.x AS x2_0_, dbdirectin0_.y AS y3_0_ FROM db_direct_int_entity dbdirectin0_
P6SPY_SQL: SELECT TABLE_NAME FROM INFORMATION_SCHEMA.TABLES  where TABLE_SCHEMA='PUBLIC'
P6SPY_SQL: SELECT SEQUENCE_NAME FROM INFORMATION_SCHEMA.SEQUENCES WHERE SEQUENCE_SCHEMA='PUBLIC'
P6SPY_SQL: select dbdirectin0_.id as id1_0_, dbdirectin0_.x as x2_0_, dbdirectin0_.y as y3_0_ from db_direct_int_entity dbdirectin0_ where dbdirectin0_.x=510 and dbdirectin0_.y=954900528
P6SPY_SQL: SELECT dbdirectin0_.id AS id1_0_, dbdirectin0_.x AS x2_0_, dbdirectin0_.y AS y3_0_ FROM db_direct_int_entity dbdirectin0_
&amp#27;[1A&amp#27;[2K* Consumed search budget: 12%
P6SPY_SQL: SELECT TABLE_NAME FROM INFORMATION_SCHEMA.TABLES  where TABLE_SCHEMA='PUBLIC'
P6SPY_SQL: SELECT SEQUENCE_NAME FROM INFORMATION_SCHEMA.SEQUENCES WHERE SEQUENCE_SCHEMA='PUBLIC'
P6SPY_SQL: select dbdirectin0_.id as id1_0_, dbdirectin0_.x as x2_0_, dbdirectin0_.y as y3_0_ from db_direct_int_entity dbdirectin0_ where dbdirectin0_.x=3 and dbdirectin0_.y=403
P6SPY_SQL: SELECT dbdirectin0_.id AS id1_0_, dbdirectin0_.x AS x2_0_, dbdirectin0_.y AS y3_0_ FROM db_direct_int_entity dbdirectin0_
P6SPY_SQL: SELECT TABLE_NAME FROM INFORMATION_SCHEMA.TABLES  where TABLE_SCHEMA='PUBLIC'
P6SPY_SQL: SELECT SEQUENCE_NAME FROM INFORMATION_SCHEMA.SEQUENCES WHERE SEQUENCE_SCHEMA='PUBLIC'
P6SPY_SQL: select dbdirectin0_.id as id1_0_, dbdirectin0_.x as x2_0_, dbdirectin0_.y as y3_0_ from db_direct_int_entity dbdirectin0_ where dbdirectin0_.x=3 and dbdirectin0_.y=403
P6SPY_SQL: SELECT dbdirectin0_.id AS id1_0_, dbdirectin0_.x AS x2_0_, dbdirectin0_.y AS y3_0_ FROM db_direct_int_entity dbdirectin0_
P6SPY_SQL: SELECT TABLE_NAME FROM INFORMATION_SCHEMA.TABLES  where TABLE_SCHEMA='PUBLIC'
P6SPY_SQL: SELECT SEQUENCE_NAME FROM INFORMATION_SCHEMA.SEQUENCES WHERE SEQUENCE_SCHEMA='PUBLIC'
P6SPY_SQL: select dbdirectin0_.id as id1_0_, dbdirectin0_.x as x2_0_, dbdirectin0_.y as y3_0_ from db_direct_int_entity dbdirectin0_ where dbdirectin0_.x=3 and dbdirectin0_.y=403
P6SPY_SQL: SELECT dbdirectin0_.id AS id1_0_, dbdirectin0_.x AS x2_0_, dbdirectin0_.y AS y3_0_ FROM db_direct_int_entity dbdirectin0_
P6SPY_SQL: SELECT TABLE_NAME FROM INFORMATION_SCHEMA.TABLES  where TABLE_SCHEMA='PUBLIC'
P6SPY_SQL: SELECT SEQUENCE_NAME FROM INFORMATION_SCHEMA.SEQUENCES WHERE SEQUENCE_SCHEMA='PUBLIC'
P6SPY_SQL: select dbdirectin0_.id as id1_0_, dbdirectin0_.x as x2_0_, dbdirectin0_.y as y3_0_ from db_direct_int_entity dbdirectin0_ where dbdirectin0_.x=-1140107826 and dbdirectin0_.y=-682
P6SPY_SQL: SELECT dbdirectin0_.id AS id1_0_, dbdirectin0_.x AS x2_0_, dbdirectin0_.y AS y3_0_ FROM db_direct_int_entity dbdirectin0_
P6SPY_SQL: select dbdirectin0_.id as id1_0_, dbdirectin0_.x as x2_0_, dbdirectin0_.y as y3_0_ from db_direct_int_entity dbdirectin0_ where dbdirectin0_.x=932 and dbdirectin0_.y=-681
P6SPY_SQL: SELECT dbdirectin0_.id AS id1_0_, dbdirectin0_.x AS x2_0_, dbdirectin0_.y AS y3_0_ FROM db_direct_int_entity dbdirectin0_
P6SPY_SQL: select dbdirectin0_.id as id1_0_, dbdirectin0_.x as x2_0_, dbdirectin0_.y as y3_0_ from db_direct_int_entity dbdirectin0_ where dbdirectin0_.x=-695 and dbdirectin0_.y=-323377791
P6SPY_SQL: SELECT dbdirectin0_.id AS id1_0_, dbdirectin0_.x AS x2_0_, dbdirectin0_.y AS y3_0_ FROM db_direct_int_entity dbdirectin0_
P6SPY_SQL: SELECT TABLE_NAME FROM INFORMATION_SCHEMA.TABLES  where TABLE_SCHEMA='PUBLIC'
P6SPY_SQL: SELECT SEQUENCE_NAME FROM INFORMATION_SCHEMA.SEQUENCES WHERE SEQUENCE_SCHEMA='PUBLIC'
P6SPY_SQL: select dbdirectin0_.id as id1_0_, dbdirectin0_.x as x2_0_, dbdirectin0_.y as y3_0_ from db_direct_int_entity dbdirectin0_ where dbdirectin0_.x=3 and dbdirectin0_.y=403
P6SPY_SQL: SELECT dbdirectin0_.id AS id1_0_, dbdirectin0_.x AS x2_0_, dbdirectin0_.y AS y3_0_ FROM db_direct_int_entity dbdirectin0_
P6SPY_SQL: SELECT TABLE_NAME FROM INFORMATION_SCHEMA.TABLES  where TABLE_SCHEMA='PUBLIC'
P6SPY_SQL: SELECT SEQUENCE_NAME FROM INFORMATION_SCHEMA.SEQUENCES WHERE SEQUENCE_SCHEMA='PUBLIC'
P6SPY_SQL: select dbdirectin0_.id as id1_0_, dbdirectin0_.x as x2_0_, dbdirectin0_.y as y3_0_ from db_direct_int_entity dbdirectin0_ where dbdirectin0_.x=3 and dbdirectin0_.y=403
P6SPY_SQL: SELECT dbdirectin0_.id AS id1_0_, dbdirectin0_.x AS x2_0_, dbdirectin0_.y AS y3_0_ FROM db_direct_int_entity dbdirectin0_
P6SPY_SQL: SELECT TABLE_NAME FROM INFORMATION_SCHEMA.TABLES  where TABLE_SCHEMA='PUBLIC'
P6SPY_SQL: SELECT SEQUENCE_NAME FROM INFORMATION_SCHEMA.SEQUENCES WHERE SEQUENCE_SCHEMA='PUBLIC'
P6SPY_SQL: select dbdirectin0_.id as id1_0_, dbdirectin0_.x as x2_0_, dbdirectin0_.y as y3_0_ from db_direct_int_entity dbdirectin0_ where dbdirectin0_.x=3 and dbdirectin0_.y=403
P6SPY_SQL: SELECT dbdirectin0_.id AS id1_0_, dbdirectin0_.x AS x2_0_, dbdirectin0_.y AS y3_0_ FROM db_direct_int_entity dbdirectin0_
P6SPY_SQL: SELECT TABLE_NAME FROM INFORMATION_SCHEMA.TABLES  where TABLE_SCHEMA='PUBLIC'
P6SPY_SQL: SELECT SEQUENCE_NAME FROM INFORMATION_SCHEMA.SEQUENCES WHERE SEQUENCE_SCHEMA='PUBLIC'
P6SPY_SQL: select dbdirectin0_.id as id1_0_, dbdirectin0_.x as x2_0_, dbdirectin0_.y as y3_0_ from db_direct_int_entity dbdirectin0_ where dbdirectin0_.x=3 and dbdirectin0_.y=403
P6SPY_SQL: SELECT dbdirectin0_.id AS id1_0_, dbdirectin0_.x AS x2_0_, dbdirectin0_.y AS y3_0_ FROM db_direct_int_entity dbdirectin0_
&amp#27;[1A&amp#27;[2K* Consumed search budget: 13%
P6SPY_SQL: SELECT TABLE_NAME FROM INFORMATION_SCHEMA.TABLES  where TABLE_SCHEMA='PUBLIC'
P6SPY_SQL: SELECT SEQUENCE_NAME FROM INFORMATION_SCHEMA.SEQUENCES WHERE SEQUENCE_SCHEMA='PUBLIC'
P6SPY_SQL: select dbdirectin0_.id as id1_0_, dbdirectin0_.x as x2_0_, dbdirectin0_.y as y3_0_ from db_direct_int_entity dbdirectin0_ where dbdirectin0_.x=3 and dbdirectin0_.y=403
P6SPY_SQL: SELECT dbdirectin0_.id AS id1_0_, dbdirectin0_.x AS x2_0_, dbdirectin0_.y AS y3_0_ FROM db_direct_int_entity dbdirectin0_
P6SPY_SQL: SELECT TABLE_NAME FROM INFORMATION_SCHEMA.TABLES  where TABLE_SCHEMA='PUBLIC'
P6SPY_SQL: SELECT SEQUENCE_NAME FROM INFORMATION_SCHEMA.SEQUENCES WHERE SEQUENCE_SCHEMA='PUBLIC'
P6SPY_SQL: select dbdirectin0_.id as id1_0_, dbdirectin0_.x as x2_0_, dbdirectin0_.y as y3_0_ from db_direct_int_entity dbdirectin0_ where dbdirectin0_.x=3 and dbdirectin0_.y=403
P6SPY_SQL: SELECT dbdirectin0_.id AS id1_0_, dbdirectin0_.x AS x2_0_, dbdirectin0_.y AS y3_0_ FROM db_direct_int_entity dbdirectin0_
P6SPY_SQL: SELECT TABLE_NAME FROM INFORMATION_SCHEMA.TABLES  where TABLE_SCHEMA='PUBLIC'
P6SPY_SQL: SELECT SEQUENCE_NAME FROM INFORMATION_SCHEMA.SEQUENCES WHERE SEQUENCE_SCHEMA='PUBLIC'
P6SPY_SQL: select dbdirectin0_.id as id1_0_, dbdirectin0_.x as x2_0_, dbdirectin0_.y as y3_0_ from db_direct_int_entity dbdirectin0_ where dbdirectin0_.x=487 and dbdirectin0_.y=2145258399
P6SPY_SQL: SELECT dbdirectin0_.id AS id1_0_, dbdirectin0_.x AS x2_0_, dbdirectin0_.y AS y3_0_ FROM db_direct_int_entity dbdirectin0_
P6SPY_SQL: select dbdirectin0_.id as id1_0_, dbdirectin0_.x as x2_0_, dbdirectin0_.y as y3_0_ from db_direct_int_entity dbdirectin0_ where dbdirectin0_.x=537187238 and dbdirectin0_.y=-1460623716
P6SPY_SQL: SELECT dbdirectin0_.id AS id1_0_, dbdirectin0_.x AS x2_0_, dbdirectin0_.y AS y3_0_ FROM db_direct_int_entity dbdirectin0_
P6SPY_SQL: select dbdirectin0_.id as id1_0_, dbdirectin0_.x as x2_0_, dbdirectin0_.y as y3_0_ from db_direct_int_entity dbdirectin0_ where dbdirectin0_.x=810791576 and dbdirectin0_.y=-1082438683
P6SPY_SQL: SELECT dbdirectin0_.id AS id1_0_, dbdirectin0_.x AS x2_0_, dbdirectin0_.y AS y3_0_ FROM db_direct_int_entity dbdirectin0_
P6SPY_SQL: select dbdirectin0_.id as id1_0_, dbdirectin0_.x as x2_0_, dbdirectin0_.y as y3_0_ from db_direct_int_entity dbdirectin0_ where dbdirectin0_.x=284 and dbdirectin0_.y=309
P6SPY_SQL: SELECT dbdirectin0_.id AS id1_0_, dbdirectin0_.x AS x2_0_, dbdirectin0_.y AS y3_0_ FROM db_direct_int_entity dbdirectin0_
P6SPY_SQL: select dbdirectin0_.id as id1_0_, dbdirectin0_.x as x2_0_, dbdirectin0_.y as y3_0_ from db_direct_int_entity dbdirectin0_ where dbdirectin0_.x=1125102905 and dbdirectin0_.y=356
P6SPY_SQL: SELECT dbdirectin0_.id AS id1_0_, dbdirectin0_.x AS x2_0_, dbdirectin0_.y AS y3_0_ FROM db_direct_int_entity dbdirectin0_
P6SPY_SQL: SELECT TABLE_NAME FROM INFORMATION_SCHEMA.TABLES  where TABLE_SCHEMA='PUBLIC'
P6SPY_SQL: SELECT SEQUENCE_NAME FROM INFORMATION_SCHEMA.SEQUENCES WHERE SEQUENCE_SCHEMA='PUBLIC'
P6SPY_SQL: select dbdirectin0_.id as id1_0_, dbdirectin0_.x as x2_0_, dbdirectin0_.y as y3_0_ from db_direct_int_entity dbdirectin0_ where dbdirectin0_.x=3 and dbdirectin0_.y=403
P6SPY_SQL: SELECT dbdirectin0_.id AS id1_0_, dbdirectin0_.x AS x2_0_, dbdirectin0_.y AS y3_0_ FROM db_direct_int_entity dbdirectin0_
P6SPY_SQL: SELECT TABLE_NAME FROM INFORMATION_SCHEMA.TABLES  where TABLE_SCHEMA='PUBLIC'
P6SPY_SQL: SELECT SEQUENCE_NAME FROM INFORMATION_SCHEMA.SEQUENCES WHERE SEQUENCE_SCHEMA='PUBLIC'
P6SPY_SQL: select dbdirectin0_.id as id1_0_, dbdirectin0_.x as x2_0_, dbdirectin0_.y as y3_0_ from db_direct_int_entity dbdirectin0_ where dbdirectin0_.x=3 and dbdirectin0_.y=403
P6SPY_SQL: SELECT dbdirectin0_.id AS id1_0_, dbdirectin0_.x AS x2_0_, dbdirectin0_.y AS y3_0_ FROM db_direct_int_entity dbdirectin0_
P6SPY_SQL: SELECT TABLE_NAME FROM INFORMATION_SCHEMA.TABLES  where TABLE_SCHEMA='PUBLIC'
P6SPY_SQL: SELECT SEQUENCE_NAME FROM INFORMATION_SCHEMA.SEQUENCES WHERE SEQUENCE_SCHEMA='PUBLIC'
P6SPY_SQL: select dbdirectin0_.id as id1_0_, dbdirectin0_.x as x2_0_, dbdirectin0_.y as y3_0_ from db_direct_int_entity dbdirectin0_ where dbdirectin0_.x=3 and dbdirectin0_.y=403
P6SPY_SQL: SELECT dbdirectin0_.id AS id1_0_, dbdirectin0_.x AS x2_0_, dbdirectin0_.y AS y3_0_ FROM db_direct_int_entity dbdirectin0_
P6SPY_SQL: SELECT TABLE_NAME FROM INFORMATION_SCHEMA.TABLES  where TABLE_SCHEMA='PUBLIC'
P6SPY_SQL: SELECT SEQUENCE_NAME FROM INFORMATION_SCHEMA.SEQUENCES WHERE SEQUENCE_SCHEMA='PUBLIC'
P6SPY_SQL: SELECT TABLE_NAME FROM INFORMATION_SCHEMA.TABLES  where TABLE_SCHEMA='PUBLIC'
P6SPY_SQL: SELECT SEQUENCE_NAME FROM INFORMATION_SCHEMA.SEQUENCES WHERE SEQUENCE_SCHEMA='PUBLIC'
P6SPY_SQL: select dbdirectin0_.id as id1_0_, dbdirectin0_.x as x2_0_, dbdirectin0_.y as y3_0_ from db_direct_int_entity dbdirectin0_ where dbdirectin0_.x=3 and dbdirectin0_.y=403
P6SPY_SQL: SELECT dbdirectin0_.id AS id1_0_, dbdirectin0_.x AS x2_0_, dbdirectin0_.y AS y3_0_ FROM db_direct_int_entity dbdirectin0_
&amp#27;[1A&amp#27;[2K* Consumed search budget: 14%
P6SPY_SQL: SELECT TABLE_NAME FROM INFORMATION_SCHEMA.TABLES  where TABLE_SCHEMA='PUBLIC'
P6SPY_SQL: SELECT SEQUENCE_NAME FROM INFORMATION_SCHEMA.SEQUENCES WHERE SEQUENCE_SCHEMA='PUBLIC'
P6SPY_SQL: select dbdirectin0_.id as id1_0_, dbdirectin0_.x as x2_0_, dbdirectin0_.y as y3_0_ from db_direct_int_entity dbdirectin0_ where dbdirectin0_.x=3 and dbdirectin0_.y=403
P6SPY_SQL: SELECT dbdirectin0_.id AS id1_0_, dbdirectin0_.x AS x2_0_, dbdirectin0_.y AS y3_0_ FROM db_direct_int_entity dbdirectin0_
P6SPY_SQL: SELECT TABLE_NAME FROM INFORMATION_SCHEMA.TABLES  where TABLE_SCHEMA='PUBLIC'
P6SPY_SQL: SELECT SEQUENCE_NAME FROM INFORMATION_SCHEMA.SEQUENCES WHERE SEQUENCE_SCHEMA='PUBLIC'
P6SPY_SQL: select dbdirectin0_.id as id1_0_, dbdirectin0_.x as x2_0_, dbdirectin0_.y as y3_0_ from db_direct_int_entity dbdirectin0_ where dbdirectin0_.x=3 and dbdirectin0_.y=403
P6SPY_SQL: SELECT dbdirectin0_.id AS id1_0_, dbdirectin0_.x AS x2_0_, dbdirectin0_.y AS y3_0_ FROM db_direct_int_entity dbdirectin0_
P6SPY_SQL: SELECT TABLE_NAME FROM INFORMATION_SCHEMA.TABLES  where TABLE_SCHEMA='PUBLIC'
P6SPY_SQL: SELECT SEQUENCE_NAME FROM INFORMATION_SCHEMA.SEQUENCES WHERE SEQUENCE_SCHEMA='PUBLIC'
P6SPY_SQL: select dbdirectin0_.id as id1_0_, dbdirectin0_.x as x2_0_, dbdirectin0_.y as y3_0_ from db_direct_int_entity dbdirectin0_ where dbdirectin0_.x=3 and dbdirectin0_.y=403
P6SPY_SQL: SELECT dbdirectin0_.id AS id1_0_, dbdirectin0_.x AS x2_0_, dbdirectin0_.y AS y3_0_ FROM db_direct_int_entity dbdirectin0_
P6SPY_SQL: SELECT TABLE_NAME FROM INFORMATION_SCHEMA.TABLES  where TABLE_SCHEMA='PUBLIC'
P6SPY_SQL: SELECT SEQUENCE_NAME FROM INFORMATION_SCHEMA.SEQUENCES WHERE SEQUENCE_SCHEMA='PUBLIC'
P6SPY_SQL: select dbdirectin0_.id as id1_0_, dbdirectin0_.x as x2_0_, dbdirectin0_.y as y3_0_ from db_direct_int_entity dbdirectin0_ where dbdirectin0_.x=190531975 and dbdirectin0_.y=1557677434
P6SPY_SQL: SELECT dbdirectin0_.id AS id1_0_, dbdirectin0_.x AS x2_0_, dbdirectin0_.y AS y3_0_ FROM db_direct_int_entity dbdirectin0_
P6SPY_SQL: SELECT TABLE_NAME FROM INFORMATION_SCHEMA.TABLES  where TABLE_SCHEMA='PUBLIC'
P6SPY_SQL: SELECT SEQUENCE_NAME FROM INFORMATION_SCHEMA.SEQUENCES WHERE SEQUENCE_SCHEMA='PUBLIC'
P6SPY_SQL: select dbdirectin0_.id as id1_0_, dbdirectin0_.x as x2_0_, dbdirectin0_.y as y3_0_ from db_direct_int_entity dbdirectin0_ where dbdirectin0_.x=3 and dbdirectin0_.y=403
P6SPY_SQL: SELECT dbdirectin0_.id AS id1_0_, dbdirectin0_.x AS x2_0_, dbdirectin0_.y AS y3_0_ FROM db_direct_int_entity dbdirectin0_
P6SPY_SQL: SELECT TABLE_NAME FROM INFORMATION_SCHEMA.TABLES  where TABLE_SCHEMA='PUBLIC'
P6SPY_SQL: SELECT SEQUENCE_NAME FROM INFORMATION_SCHEMA.SEQUENCES WHERE SEQUENCE_SCHEMA='PUBLIC'
P6SPY_SQL: select dbdirectin0_.id as id1_0_, dbdirectin0_.x as x2_0_, dbdirectin0_.y as y3_0_ from db_direct_int_entity dbdirectin0_ where dbdirectin0_.x=3 and dbdirectin0_.y=403
P6SPY_SQL: SELECT dbdirectin0_.id AS id1_0_, dbdirectin0_.x AS x2_0_, dbdirectin0_.y AS y3_0_ FROM db_direct_int_entity dbdirectin0_
P6SPY_SQL: SELECT TABLE_NAME FROM INFORMATION_SCHEMA.TABLES  where TABLE_SCHEMA='PUBLIC'
P6SPY_SQL: SELECT SEQUENCE_NAME FROM INFORMATION_SCHEMA.SEQUENCES WHERE SEQUENCE_SCHEMA='PUBLIC'
P6SPY_SQL: select dbdirectin0_.id as id1_0_, dbdirectin0_.x as x2_0_, dbdirectin0_.y as y3_0_ from db_direct_int_entity dbdirectin0_ where dbdirectin0_.x=3 and dbdirectin0_.y=403
P6SPY_SQL: SELECT dbdirectin0_.id AS id1_0_, dbdirectin0_.x AS x2_0_, dbdirectin0_.y AS y3_0_ FROM db_direct_int_entity dbdirectin0_
P6SPY_SQL: SELECT TABLE_NAME FROM INFORMATION_SCHEMA.TABLES  where TABLE_SCHEMA='PUBLIC'
P6SPY_SQL: SELECT SEQUENCE_NAME FROM INFORMATION_SCHEMA.SEQUENCES WHERE SEQUENCE_SCHEMA='PUBLIC'
P6SPY_SQL: select dbdirectin0_.id as id1_0_, dbdirectin0_.x as x2_0_, dbdirectin0_.y as y3_0_ from db_direct_int_entity dbdirectin0_ where dbdirectin0_.x=3 and dbdirectin0_.y=403
P6SPY_SQL: SELECT dbdirectin0_.id AS id1_0_, dbdirectin0_.x AS x2_0_, dbdirectin0_.y AS y3_0_ FROM db_direct_int_entity dbdirectin0_
P6SPY_SQL: SELECT TABLE_NAME FROM INFORMATION_SCHEMA.TABLES  where TABLE_SCHEMA='PUBLIC'
P6SPY_SQL: SELECT SEQUENCE_NAME FROM INFORMATION_SCHEMA.SEQUENCES WHERE SEQUENCE_SCHEMA='PUBLIC'
P6SPY_SQL: SELECT TABLE_NAME FROM INFORMATION_SCHEMA.TABLES  where TABLE_SCHEMA='PUBLIC'
P6SPY_SQL: SELECT SEQUENCE_NAME FROM INFORMATION_SCHEMA.SEQUENCES WHERE SEQUENCE_SCHEMA='PUBLIC'
P6SPY_SQL: select dbdirectin0_.id as id1_0_, dbdirectin0_.x as x2_0_, dbdirectin0_.y as y3_0_ from db_direct_int_entity dbdirectin0_ where dbdirectin0_.x=3 and dbdirectin0_.y=403
P6SPY_SQL: SELECT dbdirectin0_.id AS id1_0_, dbdirectin0_.x AS x2_0_, dbdirectin0_.y AS y3_0_ FROM db_direct_int_entity dbdirectin0_
P6SPY_SQL: SELECT TABLE_NAME FROM INFORMATION_SCHEMA.TABLES  where TABLE_SCHEMA='PUBLIC'
P6SPY_SQL: SELECT SEQUENCE_NAME FROM INFORMATION_SCHEMA.SEQUENCES WHERE SEQUENCE_SCHEMA='PUBLIC'
P6SPY_SQL: select dbdirectin0_.id as id1_0_, dbdirectin0_.x as x2_0_, dbdirectin0_.y as y3_0_ from db_direct_int_entity dbdirectin0_ where dbdirectin0_.x=3 and dbdirectin0_.y=403
P6SPY_SQL: SELECT dbdirectin0_.id AS id1_0_, dbdirectin0_.x AS x2_0_, dbdirectin0_.y AS y3_0_ FROM db_direct_int_entity dbdirectin0_
&amp#27;[1A&amp#27;[2K* Consumed search budget: 15%
P6SPY_SQL: SELECT TABLE_NAME FROM INFORMATION_SCHEMA.TABLES  where TABLE_SCHEMA='PUBLIC'
P6SPY_SQL: SELECT SEQUENCE_NAME FROM INFORMATION_SCHEMA.SEQUENCES WHERE SEQUENCE_SCHEMA='PUBLIC'
P6SPY_SQL: select dbdirectin0_.id as id1_0_, dbdirectin0_.x as x2_0_, dbdirectin0_.y as y3_0_ from db_direct_int_entity dbdirectin0_ where dbdirectin0_.x=3 and dbdirectin0_.y=403
P6SPY_SQL: SELECT dbdirectin0_.id AS id1_0_, dbdirectin0_.x AS x2_0_, dbdirectin0_.y AS y3_0_ FROM db_direct_int_entity dbdirectin0_
P6SPY_SQL: SELECT TABLE_NAME FROM INFORMATION_SCHEMA.TABLES  where TABLE_SCHEMA='PUBLIC'
P6SPY_SQL: SELECT SEQUENCE_NAME FROM INFORMATION_SCHEMA.SEQUENCES WHERE SEQUENCE_SCHEMA='PUBLIC'
P6SPY_SQL: select dbdirectin0_.id as id1_0_, dbdirectin0_.x as x2_0_, dbdirectin0_.y as y3_0_ from db_direct_int_entity dbdirectin0_ where dbdirectin0_.x=3 and dbdirectin0_.y=403
P6SPY_SQL: SELECT dbdirectin0_.id AS id1_0_, dbdirectin0_.x AS x2_0_, dbdirectin0_.y AS y3_0_ FROM db_direct_int_entity dbdirectin0_
P6SPY_SQL: SELECT TABLE_NAME FROM INFORMATION_SCHEMA.TABLES  where TABLE_SCHEMA='PUBLIC'
P6SPY_SQL: SELECT SEQUENCE_NAME FROM INFORMATION_SCHEMA.SEQUENCES WHERE SEQUENCE_SCHEMA='PUBLIC'
P6SPY_SQL: select dbdirectin0_.id as id1_0_, dbdirectin0_.x as x2_0_, dbdirectin0_.y as y3_0_ from db_direct_int_entity dbdirectin0_ where dbdirectin0_.x=1758784042 and dbdirectin0_.y=362
P6SPY_SQL: SELECT dbdirectin0_.id AS id1_0_, dbdirectin0_.x AS x2_0_, dbdirectin0_.y AS y3_0_ FROM db_direct_int_entity dbdirectin0_
P6SPY_SQL: SELECT TABLE_NAME FROM INFORMATION_SCHEMA.TABLES  where TABLE_SCHEMA='PUBLIC'
P6SPY_SQL: SELECT SEQUENCE_NAME FROM INFORMATION_SCHEMA.SEQUENCES WHERE SEQUENCE_SCHEMA='PUBLIC'
P6SPY_SQL: select dbdirectin0_.id as id1_0_, dbdirectin0_.x as x2_0_, dbdirectin0_.y as y3_0_ from db_direct_int_entity dbdirectin0_ where dbdirectin0_.x=-970991785 and dbdirectin0_.y=-1039835907
P6SPY_SQL: SELECT dbdirectin0_.id AS id1_0_, dbdirectin0_.x AS x2_0_, dbdirectin0_.y AS y3_0_ FROM db_direct_int_entity dbdirectin0_
P6SPY_SQL: SELECT TABLE_NAME FROM INFORMATION_SCHEMA.TABLES  where TABLE_SCHEMA='PUBLIC'
P6SPY_SQL: SELECT SEQUENCE_NAME FROM INFORMATION_SCHEMA.SEQUENCES WHERE SEQUENCE_SCHEMA='PUBLIC'
P6SPY_SQL: select dbdirectin0_.id as id1_0_, dbdirectin0_.x as x2_0_, dbdirectin0_.y as y3_0_ from db_direct_int_entity dbdirectin0_ where dbdirectin0_.x=3 and dbdirectin0_.y=403
P6SPY_SQL: SELECT dbdirectin0_.id AS id1_0_, dbdirectin0_.x AS x2_0_, dbdirectin0_.y AS y3_0_ FROM db_direct_int_entity dbdirectin0_
P6SPY_SQL: SELECT TABLE_NAME FROM INFORMATION_SCHEMA.TABLES  where TABLE_SCHEMA='PUBLIC'
P6SPY_SQL: SELECT SEQUENCE_NAME FROM INFORMATION_SCHEMA.SEQUENCES WHERE SEQUENCE_SCHEMA='PUBLIC'
P6SPY_SQL: select dbdirectin0_.id as id1_0_, dbdirectin0_.x as x2_0_, dbdirectin0_.y as y3_0_ from db_direct_int_entity dbdirectin0_ where dbdirectin0_.x=3 and dbdirectin0_.y=403
P6SPY_SQL: SELECT dbdirectin0_.id AS id1_0_, dbdirectin0_.x AS x2_0_, dbdirectin0_.y AS y3_0_ FROM db_direct_int_entity dbdirectin0_
P6SPY_SQL: SELECT TABLE_NAME FROM INFORMATION_SCHEMA.TABLES  where TABLE_SCHEMA='PUBLIC'
P6SPY_SQL: SELECT SEQUENCE_NAME FROM INFORMATION_SCHEMA.SEQUENCES WHERE SEQUENCE_SCHEMA='PUBLIC'
P6SPY_SQL: select dbdirectin0_.id as id1_0_, dbdirectin0_.x as x2_0_, dbdirectin0_.y as y3_0_ from db_direct_int_entity dbdirectin0_ where dbdirectin0_.x=3 and dbdirectin0_.y=403
P6SPY_SQL: SELECT dbdirectin0_.id AS id1_0_, dbdirectin0_.x AS x2_0_, dbdirectin0_.y AS y3_0_ FROM db_direct_int_entity dbdirectin0_
P6SPY_SQL: SELECT TABLE_NAME FROM INFORMATION_SCHEMA.TABLES  where TABLE_SCHEMA='PUBLIC'
P6SPY_SQL: SELECT SEQUENCE_NAME FROM INFORMATION_SCHEMA.SEQUENCES WHERE SEQUENCE_SCHEMA='PUBLIC'
P6SPY_SQL: select dbdirectin0_.id as id1_0_, dbdirectin0_.x as x2_0_, dbdirectin0_.y as y3_0_ from db_direct_int_entity dbdirectin0_ where dbdirectin0_.x=3 and dbdirectin0_.y=403
P6SPY_SQL: SELECT dbdirectin0_.id AS id1_0_, dbdirectin0_.x AS x2_0_, dbdirectin0_.y AS y3_0_ FROM db_direct_int_entity dbdirectin0_
P6SPY_SQL: SELECT TABLE_NAME FROM INFORMATION_SCHEMA.TABLES  where TABLE_SCHEMA='PUBLIC'
P6SPY_SQL: SELECT SEQUENCE_NAME FROM INFORMATION_SCHEMA.SEQUENCES WHERE SEQUENCE_SCHEMA='PUBLIC'
P6SPY_SQL: select dbdirectin0_.id as id1_0_, dbdirectin0_.x as x2_0_, dbdirectin0_.y as y3_0_ from db_direct_int_entity dbdirectin0_ where dbdirectin0_.x=3 and dbdirectin0_.y=403
P6SPY_SQL: SELECT dbdirectin0_.id AS id1_0_, dbdirectin0_.x AS x2_0_, dbdirectin0_.y AS y3_0_ FROM db_direct_int_entity dbdirectin0_
P6SPY_SQL: SELECT TABLE_NAME FROM INFORMATION_SCHEMA.TABLES  where TABLE_SCHEMA='PUBLIC'
P6SPY_SQL: SELECT SEQUENCE_NAME FROM INFORMATION_SCHEMA.SEQUENCES WHERE SEQUENCE_SCHEMA='PUBLIC'
P6SPY_SQL: select dbdirectin0_.id as id1_0_, dbdirectin0_.x as x2_0_, dbdirectin0_.y as y3_0_ from db_direct_int_entity dbdirectin0_ where dbdirectin0_.x=3 and dbdirectin0_.y=403
P6SPY_SQL: SELECT dbdirectin0_.id AS id1_0_, dbdirectin0_.x AS x2_0_, dbdirectin0_.y AS y3_0_ FROM db_direct_int_entity dbdirectin0_
&amp#27;[1A&amp#27;[2K* Consumed search budget: 16%
P6SPY_SQL: SELECT TABLE_NAME FROM INFORMATION_SCHEMA.TABLES  where TABLE_SCHEMA='PUBLIC'
P6SPY_SQL: SELECT SEQUENCE_NAME FROM INFORMATION_SCHEMA.SEQUENCES WHERE SEQUENCE_SCHEMA='PUBLIC'
P6SPY_SQL: select dbdirectin0_.id as id1_0_, dbdirectin0_.x as x2_0_, dbdirectin0_.y as y3_0_ from db_direct_int_entity dbdirectin0_ where dbdirectin0_.x=3 and dbdirectin0_.y=403
P6SPY_SQL: SELECT dbdirectin0_.id AS id1_0_, dbdirectin0_.x AS x2_0_, dbdirectin0_.y AS y3_0_ FROM db_direct_int_entity dbdirectin0_
P6SPY_SQL: SELECT TABLE_NAME FROM INFORMATION_SCHEMA.TABLES  where TABLE_SCHEMA='PUBLIC'
P6SPY_SQL: SELECT SEQUENCE_NAME FROM INFORMATION_SCHEMA.SEQUENCES WHERE SEQUENCE_SCHEMA='PUBLIC'
P6SPY_SQL: select dbdirectin0_.id as id1_0_, dbdirectin0_.x as x2_0_, dbdirectin0_.y as y3_0_ from db_direct_int_entity dbdirectin0_ where dbdirectin0_.x=3 and dbdirectin0_.y=403
P6SPY_SQL: SELECT dbdirectin0_.id AS id1_0_, dbdirectin0_.x AS x2_0_, dbdirectin0_.y AS y3_0_ FROM db_direct_int_entity dbdirectin0_
P6SPY_SQL: SELECT TABLE_NAME FROM INFORMATION_SCHEMA.TABLES  where TABLE_SCHEMA='PUBLIC'
P6SPY_SQL: SELECT SEQUENCE_NAME FROM INFORMATION_SCHEMA.SEQUENCES WHERE SEQUENCE_SCHEMA='PUBLIC'
P6SPY_SQL: select dbdirectin0_.id as id1_0_, dbdirectin0_.x as x2_0_, dbdirectin0_.y as y3_0_ from db_direct_int_entity dbdirectin0_ where dbdirectin0_.x=3 and dbdirectin0_.y=403
P6SPY_SQL: SELECT dbdirectin0_.id AS id1_0_, dbdirectin0_.x AS x2_0_, dbdirectin0_.y AS y3_0_ FROM db_direct_int_entity dbdirectin0_
P6SPY_SQL: SELECT TABLE_NAME FROM INFORMATION_SCHEMA.TABLES  where TABLE_SCHEMA='PUBLIC'
P6SPY_SQL: SELECT SEQUENCE_NAME FROM INFORMATION_SCHEMA.SEQUENCES WHERE SEQUENCE_SCHEMA='PUBLIC'
P6SPY_SQL: select dbdirectin0_.id as id1_0_, dbdirectin0_.x as x2_0_, dbdirectin0_.y as y3_0_ from db_direct_int_entity dbdirectin0_ where dbdirectin0_.x=3 and dbdirectin0_.y=403
P6SPY_SQL: SELECT dbdirectin0_.id AS id1_0_, dbdirectin0_.x AS x2_0_, dbdirectin0_.y AS y3_0_ FROM db_direct_int_entity dbdirectin0_
P6SPY_SQL: SELECT TABLE_NAME FROM INFORMATION_SCHEMA.TABLES  where TABLE_SCHEMA='PUBLIC'
P6SPY_SQL: SELECT SEQUENCE_NAME FROM INFORMATION_SCHEMA.SEQUENCES WHERE SEQUENCE_SCHEMA='PUBLIC'
P6SPY_SQL: select dbdirectin0_.id as id1_0_, dbdirectin0_.x as x2_0_, dbdirectin0_.y as y3_0_ from db_direct_int_entity dbdirectin0_ where dbdirectin0_.x=3 and dbdirectin0_.y=403
P6SPY_SQL: SELECT dbdirectin0_.id AS id1_0_, dbdirectin0_.x AS x2_0_, dbdirectin0_.y AS y3_0_ FROM db_direct_int_entity dbdirectin0_
P6SPY_SQL: SELECT TABLE_NAME FROM INFORMATION_SCHEMA.TABLES  where TABLE_SCHEMA='PUBLIC'
P6SPY_SQL: SELECT SEQUENCE_NAME FROM INFORMATION_SCHEMA.SEQUENCES WHERE SEQUENCE_SCHEMA='PUBLIC'
P6SPY_SQL: select dbdirectin0_.id as id1_0_, dbdirectin0_.x as x2_0_, dbdirectin0_.y as y3_0_ from db_direct_int_entity dbdirectin0_ where dbdirectin0_.x=3 and dbdirectin0_.y=403
P6SPY_SQL: SELECT dbdirectin0_.id AS id1_0_, dbdirectin0_.x AS x2_0_, dbdirectin0_.y AS y3_0_ FROM db_direct_int_entity dbdirectin0_
P6SPY_SQL: SELECT TABLE_NAME FROM INFORMATION_SCHEMA.TABLES  where TABLE_SCHEMA='PUBLIC'
P6SPY_SQL: SELECT SEQUENCE_NAME FROM INFORMATION_SCHEMA.SEQUENCES WHERE SEQUENCE_SCHEMA='PUBLIC'
P6SPY_SQL: select dbdirectin0_.id as id1_0_, dbdirectin0_.x as x2_0_, dbdirectin0_.y as y3_0_ from db_direct_int_entity dbdirectin0_ where dbdirectin0_.x=3 and dbdirectin0_.y=403
P6SPY_SQL: SELECT dbdirectin0_.id AS id1_0_, dbdirectin0_.x AS x2_0_, dbdirectin0_.y AS y3_0_ FROM db_direct_int_entity dbdirectin0_
P6SPY_SQL: SELECT TABLE_NAME FROM INFORMATION_SCHEMA.TABLES  where TABLE_SCHEMA='PUBLIC'
P6SPY_SQL: SELECT SEQUENCE_NAME FROM INFORMATION_SCHEMA.SEQUENCES WHERE SEQUENCE_SCHEMA='PUBLIC'
P6SPY_SQL: select dbdirectin0_.id as id1_0_, dbdirectin0_.x as x2_0_, dbdirectin0_.y as y3_0_ from db_direct_int_entity dbdirectin0_ where dbdirectin0_.x=3 and dbdirectin0_.y=403
P6SPY_SQL: SELECT dbdirectin0_.id AS id1_0_, dbdirectin0_.x AS x2_0_, dbdirectin0_.y AS y3_0_ FROM db_direct_int_entity dbdirectin0_
P6SPY_SQL: SELECT TABLE_NAME FROM INFORMATION_SCHEMA.TABLES  where TABLE_SCHEMA='PUBLIC'
P6SPY_SQL: SELECT SEQUENCE_NAME FROM INFORMATION_SCHEMA.SEQUENCES WHERE SEQUENCE_SCHEMA='PUBLIC'
P6SPY_SQL: select dbdirectin0_.id as id1_0_, dbdirectin0_.x as x2_0_, dbdirectin0_.y as y3_0_ from db_direct_int_entity dbdirectin0_ where dbdirectin0_.x=3 and dbdirectin0_.y=403
P6SPY_SQL: SELECT dbdirectin0_.id AS id1_0_, dbdirectin0_.x AS x2_0_, dbdirectin0_.y AS y3_0_ FROM db_direct_int_entity dbdirectin0_
P6SPY_SQL: SELECT TABLE_NAME FROM INFORMATION_SCHEMA.TABLES  where TABLE_SCHEMA='PUBLIC'
P6SPY_SQL: SELECT SEQUENCE_NAME FROM INFORMATION_SCHEMA.SEQUENCES WHERE SEQUENCE_SCHEMA='PUBLIC'
P6SPY_SQL: select dbdirectin0_.id as id1_0_, dbdirectin0_.x as x2_0_, dbdirectin0_.y as y3_0_ from db_direct_int_entity dbdirectin0_ where dbdirectin0_.x=3 and dbdirectin0_.y=403
P6SPY_SQL: SELECT dbdirectin0_.id AS id1_0_, dbdirectin0_.x AS x2_0_, dbdirectin0_.y AS y3_0_ FROM db_direct_int_entity dbdirectin0_
&amp#27;[1A&amp#27;[2K* Consumed search budget: 17%
P6SPY_SQL: SELECT TABLE_NAME FROM INFORMATION_SCHEMA.TABLES  where TABLE_SCHEMA='PUBLIC'
P6SPY_SQL: SELECT SEQUENCE_NAME FROM INFORMATION_SCHEMA.SEQUENCES WHERE SEQUENCE_SCHEMA='PUBLIC'
P6SPY_SQL: SELECT TABLE_NAME FROM INFORMATION_SCHEMA.TABLES  where TABLE_SCHEMA='PUBLIC'
P6SPY_SQL: SELECT SEQUENCE_NAME FROM INFORMATION_SCHEMA.SEQUENCES WHERE SEQUENCE_SCHEMA='PUBLIC'
P6SPY_SQL: select dbdirectin0_.id as id1_0_, dbdirectin0_.x as x2_0_, dbdirectin0_.y as y3_0_ from db_direct_int_entity dbdirectin0_ where dbdirectin0_.x=3 and dbdirectin0_.y=403
P6SPY_SQL: SELECT dbdirectin0_.id AS id1_0_, dbdirectin0_.x AS x2_0_, dbdirectin0_.y AS y3_0_ FROM db_direct_int_entity dbdirectin0_
P6SPY_SQL: SELECT TABLE_NAME FROM INFORMATION_SCHEMA.TABLES  where TABLE_SCHEMA='PUBLIC'
P6SPY_SQL: SELECT SEQUENCE_NAME FROM INFORMATION_SCHEMA.SEQUENCES WHERE SEQUENCE_SCHEMA='PUBLIC'
P6SPY_SQL: select dbdirectin0_.id as id1_0_, dbdirectin0_.x as x2_0_, dbdirectin0_.y as y3_0_ from db_direct_int_entity dbdirectin0_ where dbdirectin0_.x=3 and dbdirectin0_.y=403
P6SPY_SQL: SELECT dbdirectin0_.id AS id1_0_, dbdirectin0_.x AS x2_0_, dbdirectin0_.y AS y3_0_ FROM db_direct_int_entity dbdirectin0_
P6SPY_SQL: SELECT TABLE_NAME FROM INFORMATION_SCHEMA.TABLES  where TABLE_SCHEMA='PUBLIC'
P6SPY_SQL: SELECT SEQUENCE_NAME FROM INFORMATION_SCHEMA.SEQUENCES WHERE SEQUENCE_SCHEMA='PUBLIC'
P6SPY_SQL: select dbdirectin0_.id as id1_0_, dbdirectin0_.x as x2_0_, dbdirectin0_.y as y3_0_ from db_direct_int_entity dbdirectin0_ where dbdirectin0_.x=3 and dbdirectin0_.y=403
P6SPY_SQL: SELECT dbdirectin0_.id AS id1_0_, dbdirectin0_.x AS x2_0_, dbdirectin0_.y AS y3_0_ FROM db_direct_int_entity dbdirectin0_
P6SPY_SQL: SELECT TABLE_NAME FROM INFORMATION_SCHEMA.TABLES  where TABLE_SCHEMA='PUBLIC'
P6SPY_SQL: SELECT SEQUENCE_NAME FROM INFORMATION_SCHEMA.SEQUENCES WHERE SEQUENCE_SCHEMA='PUBLIC'
P6SPY_SQL: select dbdirectin0_.id as id1_0_, dbdirectin0_.x as x2_0_, dbdirectin0_.y as y3_0_ from db_direct_int_entity dbdirectin0_ where dbdirectin0_.x=3 and dbdirectin0_.y=403
P6SPY_SQL: SELECT dbdirectin0_.id AS id1_0_, dbdirectin0_.x AS x2_0_, dbdirectin0_.y AS y3_0_ FROM db_direct_int_entity dbdirectin0_
P6SPY_SQL: SELECT TABLE_NAME FROM INFORMATION_SCHEMA.TABLES  where TABLE_SCHEMA='PUBLIC'
P6SPY_SQL: SELECT SEQUENCE_NAME FROM INFORMATION_SCHEMA.SEQUENCES WHERE SEQUENCE_SCHEMA='PUBLIC'
P6SPY_SQL: SELECT TABLE_NAME FROM INFORMATION_SCHEMA.TABLES  where TABLE_SCHEMA='PUBLIC'
P6SPY_SQL: SELECT SEQUENCE_NAME FROM INFORMATION_SCHEMA.SEQUENCES WHERE SEQUENCE_SCHEMA='PUBLIC'
P6SPY_SQL: select dbdirectin0_.id as id1_0_, dbdirectin0_.x as x2_0_, dbdirectin0_.y as y3_0_ from db_direct_int_entity dbdirectin0_ where dbdirectin0_.x=-891855731 and dbdirectin0_.y=-784
P6SPY_SQL: SELECT dbdirectin0_.id AS id1_0_, dbdirectin0_.x AS x2_0_, dbdirectin0_.y AS y3_0_ FROM db_direct_int_entity dbdirectin0_
P6SPY_SQL: select dbdirectin0_.id as id1_0_, dbdirectin0_.x as x2_0_, dbdirectin0_.y as y3_0_ from db_direct_int_entity dbdirectin0_ where dbdirectin0_.x=-1488148836 and dbdirectin0_.y=-809950684
P6SPY_SQL: SELECT dbdirectin0_.id AS id1_0_, dbdirectin0_.x AS x2_0_, dbdirectin0_.y AS y3_0_ FROM db_direct_int_entity dbdirectin0_
P6SPY_SQL: select dbdirectin0_.id as id1_0_, dbdirectin0_.x as x2_0_, dbdirectin0_.y as y3_0_ from db_direct_int_entity dbdirectin0_ where dbdirectin0_.x=1764516891 and dbdirectin0_.y=960
P6SPY_SQL: SELECT dbdirectin0_.id AS id1_0_, dbdirectin0_.x AS x2_0_, dbdirectin0_.y AS y3_0_ FROM db_direct_int_entity dbdirectin0_
P6SPY_SQL: select dbdirectin0_.id as id1_0_, dbdirectin0_.x as x2_0_, dbdirectin0_.y as y3_0_ from db_direct_int_entity dbdirectin0_ where dbdirectin0_.x=217740079 and dbdirectin0_.y=-821
P6SPY_SQL: SELECT dbdirectin0_.id AS id1_0_, dbdirectin0_.x AS x2_0_, dbdirectin0_.y AS y3_0_ FROM db_direct_int_entity dbdirectin0_
P6SPY_SQL: SELECT TABLE_NAME FROM INFORMATION_SCHEMA.TABLES  where TABLE_SCHEMA='PUBLIC'
P6SPY_SQL: SELECT SEQUENCE_NAME FROM INFORMATION_SCHEMA.SEQUENCES WHERE SEQUENCE_SCHEMA='PUBLIC'
P6SPY_SQL: select dbdirectin0_.id as id1_0_, dbdirectin0_.x as x2_0_, dbdirectin0_.y as y3_0_ from db_direct_int_entity dbdirectin0_ where dbdirectin0_.x=3 and dbdirectin0_.y=403
P6SPY_SQL: SELECT dbdirectin0_.id AS id1_0_, dbdirectin0_.x AS x2_0_, dbdirectin0_.y AS y3_0_ FROM db_direct_int_entity dbdirectin0_
&amp#27;[1A&amp#27;[2K* Consumed search budget: 18%
P6SPY_SQL: SELECT TABLE_NAME FROM INFORMATION_SCHEMA.TABLES  where TABLE_SCHEMA='PUBLIC'
P6SPY_SQL: SELECT SEQUENCE_NAME FROM INFORMATION_SCHEMA.SEQUENCES WHERE SEQUENCE_SCHEMA='PUBLIC'
P6SPY_SQL: select dbdirectin0_.id as id1_0_, dbdirectin0_.x as x2_0_, dbdirectin0_.y as y3_0_ from db_direct_int_entity dbdirectin0_ where dbdirectin0_.x=3 and dbdirectin0_.y=403
P6SPY_SQL: SELECT dbdirectin0_.id AS id1_0_, dbdirectin0_.x AS x2_0_, dbdirectin0_.y AS y3_0_ FROM db_direct_int_entity dbdirectin0_
P6SPY_SQL: SELECT TABLE_NAME FROM INFORMATION_SCHEMA.TABLES  where TABLE_SCHEMA='PUBLIC'
P6SPY_SQL: SELECT SEQUENCE_NAME FROM INFORMATION_SCHEMA.SEQUENCES WHERE SEQUENCE_SCHEMA='PUBLIC'
P6SPY_SQL: select dbdirectin0_.id as id1_0_, dbdirectin0_.x as x2_0_, dbdirectin0_.y as y3_0_ from db_direct_int_entity dbdirectin0_ where dbdirectin0_.x=3 and dbdirectin0_.y=403
P6SPY_SQL: SELECT dbdirectin0_.id AS id1_0_, dbdirectin0_.x AS x2_0_, dbdirectin0_.y AS y3_0_ FROM db_direct_int_entity dbdirectin0_
P6SPY_SQL: SELECT TABLE_NAME FROM INFORMATION_SCHEMA.TABLES  where TABLE_SCHEMA='PUBLIC'
P6SPY_SQL: SELECT SEQUENCE_NAME FROM INFORMATION_SCHEMA.SEQUENCES WHERE SEQUENCE_SCHEMA='PUBLIC'
P6SPY_SQL: select dbdirectin0_.id as id1_0_, dbdirectin0_.x as x2_0_, dbdirectin0_.y as y3_0_ from db_direct_int_entity dbdirectin0_ where dbdirectin0_.x=3 and dbdirectin0_.y=403
P6SPY_SQL: SELECT dbdirectin0_.id AS id1_0_, dbdirectin0_.x AS x2_0_, dbdirectin0_.y AS y3_0_ FROM db_direct_int_entity dbdirectin0_
P6SPY_SQL: SELECT TABLE_NAME FROM INFORMATION_SCHEMA.TABLES  where TABLE_SCHEMA='PUBLIC'
P6SPY_SQL: SELECT SEQUENCE_NAME FROM INFORMATION_SCHEMA.SEQUENCES WHERE SEQUENCE_SCHEMA='PUBLIC'
P6SPY_SQL: select dbdirectin0_.id as id1_0_, dbdirectin0_.x as x2_0_, dbdirectin0_.y as y3_0_ from db_direct_int_entity dbdirectin0_ where dbdirectin0_.x=-801 and dbdirectin0_.y=713
P6SPY_SQL: SELECT dbdirectin0_.id AS id1_0_, dbdirectin0_.x AS x2_0_, dbdirectin0_.y AS y3_0_ FROM db_direct_int_entity dbdirectin0_
P6SPY_SQL: SELECT TABLE_NAME FROM INFORMATION_SCHEMA.TABLES  where TABLE_SCHEMA='PUBLIC'
P6SPY_SQL: SELECT SEQUENCE_NAME FROM INFORMATION_SCHEMA.SEQUENCES WHERE SEQUENCE_SCHEMA='PUBLIC'
P6SPY_SQL: select dbdirectin0_.id as id1_0_, dbdirectin0_.x as x2_0_, dbdirectin0_.y as y3_0_ from db_direct_int_entity dbdirectin0_ where dbdirectin0_.x=3 and dbdirectin0_.y=403
P6SPY_SQL: SELECT dbdirectin0_.id AS id1_0_, dbdirectin0_.x AS x2_0_, dbdirectin0_.y AS y3_0_ FROM db_direct_int_entity dbdirectin0_
P6SPY_SQL: SELECT TABLE_NAME FROM INFORMATION_SCHEMA.TABLES  where TABLE_SCHEMA='PUBLIC'
P6SPY_SQL: SELECT SEQUENCE_NAME FROM INFORMATION_SCHEMA.SEQUENCES WHERE SEQUENCE_SCHEMA='PUBLIC'
P6SPY_SQL: select dbdirectin0_.id as id1_0_, dbdirectin0_.x as x2_0_, dbdirectin0_.y as y3_0_ from db_direct_int_entity dbdirectin0_ where dbdirectin0_.x=3 and dbdirectin0_.y=403
P6SPY_SQL: SELECT dbdirectin0_.id AS id1_0_, dbdirectin0_.x AS x2_0_, dbdirectin0_.y AS y3_0_ FROM db_direct_int_entity dbdirectin0_
P6SPY_SQL: SELECT TABLE_NAME FROM INFORMATION_SCHEMA.TABLES  where TABLE_SCHEMA='PUBLIC'
P6SPY_SQL: SELECT SEQUENCE_NAME FROM INFORMATION_SCHEMA.SEQUENCES WHERE SEQUENCE_SCHEMA='PUBLIC'
P6SPY_SQL: select dbdirectin0_.id as id1_0_, dbdirectin0_.x as x2_0_, dbdirectin0_.y as y3_0_ from db_direct_int_entity dbdirectin0_ where dbdirectin0_.x=3 and dbdirectin0_.y=403
P6SPY_SQL: SELECT dbdirectin0_.id AS id1_0_, dbdirectin0_.x AS x2_0_, dbdirectin0_.y AS y3_0_ FROM db_direct_int_entity dbdirectin0_
P6SPY_SQL: SELECT TABLE_NAME FROM INFORMATION_SCHEMA.TABLES  where TABLE_SCHEMA='PUBLIC'
P6SPY_SQL: SELECT SEQUENCE_NAME FROM INFORMATION_SCHEMA.SEQUENCES WHERE SEQUENCE_SCHEMA='PUBLIC'
P6SPY_SQL: select dbdirectin0_.id as id1_0_, dbdirectin0_.x as x2_0_, dbdirectin0_.y as y3_0_ from db_direct_int_entity dbdirectin0_ where dbdirectin0_.x=3 and dbdirectin0_.y=403
P6SPY_SQL: SELECT dbdirectin0_.id AS id1_0_, dbdirectin0_.x AS x2_0_, dbdirectin0_.y AS y3_0_ FROM db_direct_int_entity dbdirectin0_
P6SPY_SQL: SELECT TABLE_NAME FROM INFORMATION_SCHEMA.TABLES  where TABLE_SCHEMA='PUBLIC'
P6SPY_SQL: SELECT SEQUENCE_NAME FROM INFORMATION_SCHEMA.SEQUENCES WHERE SEQUENCE_SCHEMA='PUBLIC'
P6SPY_SQL: select dbdirectin0_.id as id1_0_, dbdirectin0_.x as x2_0_, dbdirectin0_.y as y3_0_ from db_direct_int_entity dbdirectin0_ where dbdirectin0_.x=3 and dbdirectin0_.y=403
P6SPY_SQL: SELECT dbdirectin0_.id AS id1_0_, dbdirectin0_.x AS x2_0_, dbdirectin0_.y AS y3_0_ FROM db_direct_int_entity dbdirectin0_
P6SPY_SQL: SELECT TABLE_NAME FROM INFORMATION_SCHEMA.TABLES  where TABLE_SCHEMA='PUBLIC'
P6SPY_SQL: SELECT SEQUENCE_NAME FROM INFORMATION_SCHEMA.SEQUENCES WHERE SEQUENCE_SCHEMA='PUBLIC'
P6SPY_SQL: select dbdirectin0_.id as id1_0_, dbdirectin0_.x as x2_0_, dbdirectin0_.y as y3_0_ from db_direct_int_entity dbdirectin0_ where dbdirectin0_.x=3 and dbdirectin0_.y=403
P6SPY_SQL: SELECT dbdirectin0_.id AS id1_0_, dbdirectin0_.x AS x2_0_, dbdirectin0_.y AS y3_0_ FROM db_direct_int_entity dbdirectin0_
&amp#27;[1A&amp#27;[2K* Consumed search budget: 19%
P6SPY_SQL: SELECT TABLE_NAME FROM INFORMATION_SCHEMA.TABLES  where TABLE_SCHEMA='PUBLIC'
P6SPY_SQL: SELECT SEQUENCE_NAME FROM INFORMATION_SCHEMA.SEQUENCES WHERE SEQUENCE_SCHEMA='PUBLIC'
P6SPY_SQL: select dbdirectin0_.id as id1_0_, dbdirectin0_.x as x2_0_, dbdirectin0_.y as y3_0_ from db_direct_int_entity dbdirectin0_ where dbdirectin0_.x=3 and dbdirectin0_.y=403
P6SPY_SQL: SELECT dbdirectin0_.id AS id1_0_, dbdirectin0_.x AS x2_0_, dbdirectin0_.y AS y3_0_ FROM db_direct_int_entity dbdirectin0_
P6SPY_SQL: SELECT TABLE_NAME FROM INFORMATION_SCHEMA.TABLES  where TABLE_SCHEMA='PUBLIC'
P6SPY_SQL: SELECT SEQUENCE_NAME FROM INFORMATION_SCHEMA.SEQUENCES WHERE SEQUENCE_SCHEMA='PUBLIC'
P6SPY_SQL: select dbdirectin0_.id as id1_0_, dbdirectin0_.x as x2_0_, dbdirectin0_.y as y3_0_ from db_direct_int_entity dbdirectin0_ where dbdirectin0_.x=3 and dbdirectin0_.y=403
P6SPY_SQL: SELECT dbdirectin0_.id AS id1_0_, dbdirectin0_.x AS x2_0_, dbdirectin0_.y AS y3_0_ FROM db_direct_int_entity dbdirectin0_
P6SPY_SQL: SELECT TABLE_NAME FROM INFORMATION_SCHEMA.TABLES  where TABLE_SCHEMA='PUBLIC'
P6SPY_SQL: SELECT SEQUENCE_NAME FROM INFORMATION_SCHEMA.SEQUENCES WHERE SEQUENCE_SCHEMA='PUBLIC'
P6SPY_SQL: select dbdirectin0_.id as id1_0_, dbdirectin0_.x as x2_0_, dbdirectin0_.y as y3_0_ from db_direct_int_entity dbdirectin0_ where dbdirectin0_.x=3 and dbdirectin0_.y=403
P6SPY_SQL: SELECT dbdirectin0_.id AS id1_0_, dbdirectin0_.x AS x2_0_, dbdirectin0_.y AS y3_0_ FROM db_direct_int_entity dbdirectin0_
P6SPY_SQL: SELECT TABLE_NAME FROM INFORMATION_SCHEMA.TABLES  where TABLE_SCHEMA='PUBLIC'
P6SPY_SQL: SELECT SEQUENCE_NAME FROM INFORMATION_SCHEMA.SEQUENCES WHERE SEQUENCE_SCHEMA='PUBLIC'
P6SPY_SQL: select dbdirectin0_.id as id1_0_, dbdirectin0_.x as x2_0_, dbdirectin0_.y as y3_0_ from db_direct_int_entity dbdirectin0_ where dbdirectin0_.x=3 and dbdirectin0_.y=403
P6SPY_SQL: SELECT dbdirectin0_.id AS id1_0_, dbdirectin0_.x AS x2_0_, dbdirectin0_.y AS y3_0_ FROM db_direct_int_entity dbdirectin0_
P6SPY_SQL: SELECT TABLE_NAME FROM INFORMATION_SCHEMA.TABLES  where TABLE_SCHEMA='PUBLIC'
P6SPY_SQL: SELECT SEQUENCE_NAME FROM INFORMATION_SCHEMA.SEQUENCES WHERE SEQUENCE_SCHEMA='PUBLIC'
P6SPY_SQL: select dbdirectin0_.id as id1_0_, dbdirectin0_.x as x2_0_, dbdirectin0_.y as y3_0_ from db_direct_int_entity dbdirectin0_ where dbdirectin0_.x=3 and dbdirectin0_.y=403
P6SPY_SQL: SELECT dbdirectin0_.id AS id1_0_, dbdirectin0_.x AS x2_0_, dbdirectin0_.y AS y3_0_ FROM db_direct_int_entity dbdirectin0_
P6SPY_SQL: SELECT TABLE_NAME FROM INFORMATION_SCHEMA.TABLES  where TABLE_SCHEMA='PUBLIC'
P6SPY_SQL: SELECT SEQUENCE_NAME FROM INFORMATION_SCHEMA.SEQUENCES WHERE SEQUENCE_SCHEMA='PUBLIC'
P6SPY_SQL: select dbdirectin0_.id as id1_0_, dbdirectin0_.x as x2_0_, dbdirectin0_.y as y3_0_ from db_direct_int_entity dbdirectin0_ where dbdirectin0_.x=3 and dbdirectin0_.y=403
P6SPY_SQL: SELECT dbdirectin0_.id AS id1_0_, dbdirectin0_.x AS x2_0_, dbdirectin0_.y AS y3_0_ FROM db_direct_int_entity dbdirectin0_
P6SPY_SQL: SELECT TABLE_NAME FROM INFORMATION_SCHEMA.TABLES  where TABLE_SCHEMA='PUBLIC'
P6SPY_SQL: SELECT SEQUENCE_NAME FROM INFORMATION_SCHEMA.SEQUENCES WHERE SEQUENCE_SCHEMA='PUBLIC'
P6SPY_SQL: select dbdirectin0_.id as id1_0_, dbdirectin0_.x as x2_0_, dbdirectin0_.y as y3_0_ from db_direct_int_entity dbdirectin0_ where dbdirectin0_.x=-767 and dbdirectin0_.y=-162
P6SPY_SQL: SELECT dbdirectin0_.id AS id1_0_, dbdirectin0_.x AS x2_0_, dbdirectin0_.y AS y3_0_ FROM db_direct_int_entity dbdirectin0_
P6SPY_SQL: select dbdirectin0_.id as id1_0_, dbdirectin0_.x as x2_0_, dbdirectin0_.y as y3_0_ from db_direct_int_entity dbdirectin0_ where dbdirectin0_.x=146629086 and dbdirectin0_.y=-283
P6SPY_SQL: SELECT dbdirectin0_.id AS id1_0_, dbdirectin0_.x AS x2_0_, dbdirectin0_.y AS y3_0_ FROM db_direct_int_entity dbdirectin0_
P6SPY_SQL: SELECT TABLE_NAME FROM INFORMATION_SCHEMA.TABLES  where TABLE_SCHEMA='PUBLIC'
P6SPY_SQL: SELECT SEQUENCE_NAME FROM INFORMATION_SCHEMA.SEQUENCES WHERE SEQUENCE_SCHEMA='PUBLIC'
P6SPY_SQL: select dbdirectin0_.id as id1_0_, dbdirectin0_.x as x2_0_, dbdirectin0_.y as y3_0_ from db_direct_int_entity dbdirectin0_ where dbdirectin0_.x=3 and dbdirectin0_.y=403
P6SPY_SQL: SELECT dbdirectin0_.id AS id1_0_, dbdirectin0_.x AS x2_0_, dbdirectin0_.y AS y3_0_ FROM db_direct_int_entity dbdirectin0_
P6SPY_SQL: SELECT TABLE_NAME FROM INFORMATION_SCHEMA.TABLES  where TABLE_SCHEMA='PUBLIC'
P6SPY_SQL: SELECT SEQUENCE_NAME FROM INFORMATION_SCHEMA.SEQUENCES WHERE SEQUENCE_SCHEMA='PUBLIC'
P6SPY_SQL: select dbdirectin0_.id as id1_0_, dbdirectin0_.x as x2_0_, dbdirectin0_.y as y3_0_ from db_direct_int_entity dbdirectin0_ where dbdirectin0_.x=3 and dbdirectin0_.y=403
P6SPY_SQL: SELECT dbdirectin0_.id AS id1_0_, dbdirectin0_.x AS x2_0_, dbdirectin0_.y AS y3_0_ FROM db_direct_int_entity dbdirectin0_
P6SPY_SQL: SELECT TABLE_NAME FROM INFORMATION_SCHEMA.TABLES  where TABLE_SCHEMA='PUBLIC'
P6SPY_SQL: SELECT SEQUENCE_NAME FROM INFORMATION_SCHEMA.SEQUENCES WHERE SEQUENCE_SCHEMA='PUBLIC'
P6SPY_SQL: select dbdirectin0_.id as id1_0_, dbdirectin0_.x as x2_0_, dbdirectin0_.y as y3_0_ from db_direct_int_entity dbdirectin0_ where dbdirectin0_.x=3 and dbdirectin0_.y=403
P6SPY_SQL: SELECT dbdirectin0_.id AS id1_0_, dbdirectin0_.x AS x2_0_, dbdirectin0_.y AS y3_0_ FROM db_direct_int_entity dbdirectin0_
&amp#27;[1A&amp#27;[2K* Consumed search budget: 20%
P6SPY_SQL: SELECT TABLE_NAME FROM INFORMATION_SCHEMA.TABLES  where TABLE_SCHEMA='PUBLIC'
P6SPY_SQL: SELECT SEQUENCE_NAME FROM INFORMATION_SCHEMA.SEQUENCES WHERE SEQUENCE_SCHEMA='PUBLIC'
P6SPY_SQL: select dbdirectin0_.id as id1_0_, dbdirectin0_.x as x2_0_, dbdirectin0_.y as y3_0_ from db_direct_int_entity dbdirectin0_ where dbdirectin0_.x=3 and dbdirectin0_.y=403
P6SPY_SQL: SELECT dbdirectin0_.id AS id1_0_, dbdirectin0_.x AS x2_0_, dbdirectin0_.y AS y3_0_ FROM db_direct_int_entity dbdirectin0_
P6SPY_SQL: SELECT TABLE_NAME FROM INFORMATION_SCHEMA.TABLES  where TABLE_SCHEMA='PUBLIC'
P6SPY_SQL: SELECT SEQUENCE_NAME FROM INFORMATION_SCHEMA.SEQUENCES WHERE SEQUENCE_SCHEMA='PUBLIC'
P6SPY_SQL: select dbdirectin0_.id as id1_0_, dbdirectin0_.x as x2_0_, dbdirectin0_.y as y3_0_ from db_direct_int_entity dbdirectin0_ where dbdirectin0_.x=3 and dbdirectin0_.y=403
P6SPY_SQL: SELECT dbdirectin0_.id AS id1_0_, dbdirectin0_.x AS x2_0_, dbdirectin0_.y AS y3_0_ FROM db_direct_int_entity dbdirectin0_
P6SPY_SQL: SELECT TABLE_NAME FROM INFORMATION_SCHEMA.TABLES  where TABLE_SCHEMA='PUBLIC'
P6SPY_SQL: SELECT SEQUENCE_NAME FROM INFORMATION_SCHEMA.SEQUENCES WHERE SEQUENCE_SCHEMA='PUBLIC'
P6SPY_SQL: select dbdirectin0_.id as id1_0_, dbdirectin0_.x as x2_0_, dbdirectin0_.y as y3_0_ from db_direct_int_entity dbdirectin0_ where dbdirectin0_.x=3 and dbdirectin0_.y=403
P6SPY_SQL: SELECT dbdirectin0_.id AS id1_0_, dbdirectin0_.x AS x2_0_, dbdirectin0_.y AS y3_0_ FROM db_direct_int_entity dbdirectin0_
P6SPY_SQL: SELECT TABLE_NAME FROM INFORMATION_SCHEMA.TABLES  where TABLE_SCHEMA='PUBLIC'
P6SPY_SQL: SELECT SEQUENCE_NAME FROM INFORMATION_SCHEMA.SEQUENCES WHERE SEQUENCE_SCHEMA='PUBLIC'
P6SPY_SQL: select dbdirectin0_.id as id1_0_, dbdirectin0_.x as x2_0_, dbdirectin0_.y as y3_0_ from db_direct_int_entity dbdirectin0_ where dbdirectin0_.x=3 and dbdirectin0_.y=403
P6SPY_SQL: SELECT dbdirectin0_.id AS id1_0_, dbdirectin0_.x AS x2_0_, dbdirectin0_.y AS y3_0_ FROM db_direct_int_entity dbdirectin0_
P6SPY_SQL: SELECT TABLE_NAME FROM INFORMATION_SCHEMA.TABLES  where TABLE_SCHEMA='PUBLIC'
P6SPY_SQL: SELECT SEQUENCE_NAME FROM INFORMATION_SCHEMA.SEQUENCES WHERE SEQUENCE_SCHEMA='PUBLIC'
P6SPY_SQL: select dbdirectin0_.id as id1_0_, dbdirectin0_.x as x2_0_, dbdirectin0_.y as y3_0_ from db_direct_int_entity dbdirectin0_ where dbdirectin0_.x=3 and dbdirectin0_.y=403
P6SPY_SQL: SELECT dbdirectin0_.id AS id1_0_, dbdirectin0_.x AS x2_0_, dbdirectin0_.y AS y3_0_ FROM db_direct_int_entity dbdirectin0_
P6SPY_SQL: SELECT TABLE_NAME FROM INFORMATION_SCHEMA.TABLES  where TABLE_SCHEMA='PUBLIC'
P6SPY_SQL: SELECT SEQUENCE_NAME FROM INFORMATION_SCHEMA.SEQUENCES WHERE SEQUENCE_SCHEMA='PUBLIC'
P6SPY_SQL: select dbdirectin0_.id as id1_0_, dbdirectin0_.x as x2_0_, dbdirectin0_.y as y3_0_ from db_direct_int_entity dbdirectin0_ where dbdirectin0_.x=3 and dbdirectin0_.y=403
P6SPY_SQL: SELECT dbdirectin0_.id AS id1_0_, dbdirectin0_.x AS x2_0_, dbdirectin0_.y AS y3_0_ FROM db_direct_int_entity dbdirectin0_
P6SPY_SQL: SELECT TABLE_NAME FROM INFORMATION_SCHEMA.TABLES  where TABLE_SCHEMA='PUBLIC'
P6SPY_SQL: SELECT SEQUENCE_NAME FROM INFORMATION_SCHEMA.SEQUENCES WHERE SEQUENCE_SCHEMA='PUBLIC'
P6SPY_SQL: select dbdirectin0_.id as id1_0_, dbdirectin0_.x as x2_0_, dbdirectin0_.y as y3_0_ from db_direct_int_entity dbdirectin0_ where dbdirectin0_.x=3 and dbdirectin0_.y=403
P6SPY_SQL: SELECT dbdirectin0_.id AS id1_0_, dbdirectin0_.x AS x2_0_, dbdirectin0_.y AS y3_0_ FROM db_direct_int_entity dbdirectin0_
P6SPY_SQL: SELECT TABLE_NAME FROM INFORMATION_SCHEMA.TABLES  where TABLE_SCHEMA='PUBLIC'
P6SPY_SQL: SELECT SEQUENCE_NAME FROM INFORMATION_SCHEMA.SEQUENCES WHERE SEQUENCE_SCHEMA='PUBLIC'
P6SPY_SQL: select dbdirectin0_.id as id1_0_, dbdirectin0_.x as x2_0_, dbdirectin0_.y as y3_0_ from db_direct_int_entity dbdirectin0_ where dbdirectin0_.x=-130 and dbdirectin0_.y=453
P6SPY_SQL: SELECT dbdirectin0_.id AS id1_0_, dbdirectin0_.x AS x2_0_, dbdirectin0_.y AS y3_0_ FROM db_direct_int_entity dbdirectin0_
P6SPY_SQL: select dbdirectin0_.id as id1_0_, dbdirectin0_.x as x2_0_, dbdirectin0_.y as y3_0_ from db_direct_int_entity dbdirectin0_ where dbdirectin0_.x=708285843 and dbdirectin0_.y=-992
P6SPY_SQL: SELECT dbdirectin0_.id AS id1_0_, dbdirectin0_.x AS x2_0_, dbdirectin0_.y AS y3_0_ FROM db_direct_int_entity dbdirectin0_
P6SPY_SQL: select dbdirectin0_.id as id1_0_, dbdirectin0_.x as x2_0_, dbdirectin0_.y as y3_0_ from db_direct_int_entity dbdirectin0_ where dbdirectin0_.x=261 and dbdirectin0_.y=-159
P6SPY_SQL: SELECT dbdirectin0_.id AS id1_0_, dbdirectin0_.x AS x2_0_, dbdirectin0_.y AS y3_0_ FROM db_direct_int_entity dbdirectin0_
&amp#27;[1A&amp#27;[2K* Consumed search budget: 21%
P6SPY_SQL: SELECT TABLE_NAME FROM INFORMATION_SCHEMA.TABLES  where TABLE_SCHEMA='PUBLIC'
P6SPY_SQL: SELECT SEQUENCE_NAME FROM INFORMATION_SCHEMA.SEQUENCES WHERE SEQUENCE_SCHEMA='PUBLIC'
P6SPY_SQL: select dbdirectin0_.id as id1_0_, dbdirectin0_.x as x2_0_, dbdirectin0_.y as y3_0_ from db_direct_int_entity dbdirectin0_ where dbdirectin0_.x=3 and dbdirectin0_.y=403
P6SPY_SQL: SELECT dbdirectin0_.id AS id1_0_, dbdirectin0_.x AS x2_0_, dbdirectin0_.y AS y3_0_ FROM db_direct_int_entity dbdirectin0_
P6SPY_SQL: SELECT TABLE_NAME FROM INFORMATION_SCHEMA.TABLES  where TABLE_SCHEMA='PUBLIC'
P6SPY_SQL: SELECT SEQUENCE_NAME FROM INFORMATION_SCHEMA.SEQUENCES WHERE SEQUENCE_SCHEMA='PUBLIC'
P6SPY_SQL: select dbdirectin0_.id as id1_0_, dbdirectin0_.x as x2_0_, dbdirectin0_.y as y3_0_ from db_direct_int_entity dbdirectin0_ where dbdirectin0_.x=3 and dbdirectin0_.y=403
P6SPY_SQL: SELECT dbdirectin0_.id AS id1_0_, dbdirectin0_.x AS x2_0_, dbdirectin0_.y AS y3_0_ FROM db_direct_int_entity dbdirectin0_
P6SPY_SQL: SELECT TABLE_NAME FROM INFORMATION_SCHEMA.TABLES  where TABLE_SCHEMA='PUBLIC'
P6SPY_SQL: SELECT SEQUENCE_NAME FROM INFORMATION_SCHEMA.SEQUENCES WHERE SEQUENCE_SCHEMA='PUBLIC'
P6SPY_SQL: select dbdirectin0_.id as id1_0_, dbdirectin0_.x as x2_0_, dbdirectin0_.y as y3_0_ from db_direct_int_entity dbdirectin0_ where dbdirectin0_.x=3 and dbdirectin0_.y=403
P6SPY_SQL: SELECT dbdirectin0_.id AS id1_0_, dbdirectin0_.x AS x2_0_, dbdirectin0_.y AS y3_0_ FROM db_direct_int_entity dbdirectin0_
P6SPY_SQL: SELECT TABLE_NAME FROM INFORMATION_SCHEMA.TABLES  where TABLE_SCHEMA='PUBLIC'
P6SPY_SQL: SELECT SEQUENCE_NAME FROM INFORMATION_SCHEMA.SEQUENCES WHERE SEQUENCE_SCHEMA='PUBLIC'
P6SPY_SQL: select dbdirectin0_.id as id1_0_, dbdirectin0_.x as x2_0_, dbdirectin0_.y as y3_0_ from db_direct_int_entity dbdirectin0_ where dbdirectin0_.x=3 and dbdirectin0_.y=403
P6SPY_SQL: SELECT dbdirectin0_.id AS id1_0_, dbdirectin0_.x AS x2_0_, dbdirectin0_.y AS y3_0_ FROM db_direct_int_entity dbdirectin0_
P6SPY_SQL: SELECT TABLE_NAME FROM INFORMATION_SCHEMA.TABLES  where TABLE_SCHEMA='PUBLIC'
P6SPY_SQL: SELECT SEQUENCE_NAME FROM INFORMATION_SCHEMA.SEQUENCES WHERE SEQUENCE_SCHEMA='PUBLIC'
P6SPY_SQL: select dbdirectin0_.id as id1_0_, dbdirectin0_.x as x2_0_, dbdirectin0_.y as y3_0_ from db_direct_int_entity dbdirectin0_ where dbdirectin0_.x=3 and dbdirectin0_.y=403
P6SPY_SQL: SELECT dbdirectin0_.id AS id1_0_, dbdirectin0_.x AS x2_0_, dbdirectin0_.y AS y3_0_ FROM db_direct_int_entity dbdirectin0_
P6SPY_SQL: SELECT TABLE_NAME FROM INFORMATION_SCHEMA.TABLES  where TABLE_SCHEMA='PUBLIC'
P6SPY_SQL: SELECT SEQUENCE_NAME FROM INFORMATION_SCHEMA.SEQUENCES WHERE SEQUENCE_SCHEMA='PUBLIC'
P6SPY_SQL: select dbdirectin0_.id as id1_0_, dbdirectin0_.x as x2_0_, dbdirectin0_.y as y3_0_ from db_direct_int_entity dbdirectin0_ where dbdirectin0_.x=3 and dbdirectin0_.y=403
P6SPY_SQL: SELECT dbdirectin0_.id AS id1_0_, dbdirectin0_.x AS x2_0_, dbdirectin0_.y AS y3_0_ FROM db_direct_int_entity dbdirectin0_
P6SPY_SQL: SELECT TABLE_NAME FROM INFORMATION_SCHEMA.TABLES  where TABLE_SCHEMA='PUBLIC'
P6SPY_SQL: SELECT SEQUENCE_NAME FROM INFORMATION_SCHEMA.SEQUENCES WHERE SEQUENCE_SCHEMA='PUBLIC'
P6SPY_SQL: select dbdirectin0_.id as id1_0_, dbdirectin0_.x as x2_0_, dbdirectin0_.y as y3_0_ from db_direct_int_entity dbdirectin0_ where dbdirectin0_.x=3 and dbdirectin0_.y=403
P6SPY_SQL: SELECT dbdirectin0_.id AS id1_0_, dbdirectin0_.x AS x2_0_, dbdirectin0_.y AS y3_0_ FROM db_direct_int_entity dbdirectin0_
P6SPY_SQL: SELECT TABLE_NAME FROM INFORMATION_SCHEMA.TABLES  where TABLE_SCHEMA='PUBLIC'
P6SPY_SQL: SELECT SEQUENCE_NAME FROM INFORMATION_SCHEMA.SEQUENCES WHERE SEQUENCE_SCHEMA='PUBLIC'
P6SPY_SQL: select dbdirectin0_.id as id1_0_, dbdirectin0_.x as x2_0_, dbdirectin0_.y as y3_0_ from db_direct_int_entity dbdirectin0_ where dbdirectin0_.x=3 and dbdirectin0_.y=403
P6SPY_SQL: SELECT dbdirectin0_.id AS id1_0_, dbdirectin0_.x AS x2_0_, dbdirectin0_.y AS y3_0_ FROM db_direct_int_entity dbdirectin0_
P6SPY_SQL: SELECT TABLE_NAME FROM INFORMATION_SCHEMA.TABLES  where TABLE_SCHEMA='PUBLIC'
P6SPY_SQL: SELECT SEQUENCE_NAME FROM INFORMATION_SCHEMA.SEQUENCES WHERE SEQUENCE_SCHEMA='PUBLIC'
P6SPY_SQL: select dbdirectin0_.id as id1_0_, dbdirectin0_.x as x2_0_, dbdirectin0_.y as y3_0_ from db_direct_int_entity dbdirectin0_ where dbdirectin0_.x=3 and dbdirectin0_.y=403
P6SPY_SQL: SELECT dbdirectin0_.id AS id1_0_, dbdirectin0_.x AS x2_0_, dbdirectin0_.y AS y3_0_ FROM db_direct_int_entity dbdirectin0_
P6SPY_SQL: SELECT TABLE_NAME FROM INFORMATION_SCHEMA.TABLES  where TABLE_SCHEMA='PUBLIC'
P6SPY_SQL: SELECT SEQUENCE_NAME FROM INFORMATION_SCHEMA.SEQUENCES WHERE SEQUENCE_SCHEMA='PUBLIC'
P6SPY_SQL: select dbdirectin0_.id as id1_0_, dbdirectin0_.x as x2_0_, dbdirectin0_.y as y3_0_ from db_direct_int_entity dbdirectin0_ where dbdirectin0_.x=3 and dbdirectin0_.y=403
P6SPY_SQL: SELECT dbdirectin0_.id AS id1_0_, dbdirectin0_.x AS x2_0_, dbdirectin0_.y AS y3_0_ FROM db_direct_int_entity dbdirectin0_
&amp#27;[1A&amp#27;[2K* Consumed search budget: 22%
P6SPY_SQL: SELECT TABLE_NAME FROM INFORMATION_SCHEMA.TABLES  where TABLE_SCHEMA='PUBLIC'
P6SPY_SQL: SELECT SEQUENCE_NAME FROM INFORMATION_SCHEMA.SEQUENCES WHERE SEQUENCE_SCHEMA='PUBLIC'
P6SPY_SQL: select dbdirectin0_.id as id1_0_, dbdirectin0_.x as x2_0_, dbdirectin0_.y as y3_0_ from db_direct_int_entity dbdirectin0_ where dbdirectin0_.x=3 and dbdirectin0_.y=403
P6SPY_SQL: SELECT dbdirectin0_.id AS id1_0_, dbdirectin0_.x AS x2_0_, dbdirectin0_.y AS y3_0_ FROM db_direct_int_entity dbdirectin0_
P6SPY_SQL: SELECT TABLE_NAME FROM INFORMATION_SCHEMA.TABLES  where TABLE_SCHEMA='PUBLIC'
P6SPY_SQL: SELECT SEQUENCE_NAME FROM INFORMATION_SCHEMA.SEQUENCES WHERE SEQUENCE_SCHEMA='PUBLIC'
P6SPY_SQL: select dbdirectin0_.id as id1_0_, dbdirectin0_.x as x2_0_, dbdirectin0_.y as y3_0_ from db_direct_int_entity dbdirectin0_ where dbdirectin0_.x=3 and dbdirectin0_.y=403
P6SPY_SQL: SELECT dbdirectin0_.id AS id1_0_, dbdirectin0_.x AS x2_0_, dbdirectin0_.y AS y3_0_ FROM db_direct_int_entity dbdirectin0_
P6SPY_SQL: SELECT TABLE_NAME FROM INFORMATION_SCHEMA.TABLES  where TABLE_SCHEMA='PUBLIC'
P6SPY_SQL: SELECT SEQUENCE_NAME FROM INFORMATION_SCHEMA.SEQUENCES WHERE SEQUENCE_SCHEMA='PUBLIC'
P6SPY_SQL: select dbdirectin0_.id as id1_0_, dbdirectin0_.x as x2_0_, dbdirectin0_.y as y3_0_ from db_direct_int_entity dbdirectin0_ where dbdirectin0_.x=3 and dbdirectin0_.y=403
P6SPY_SQL: SELECT dbdirectin0_.id AS id1_0_, dbdirectin0_.x AS x2_0_, dbdirectin0_.y AS y3_0_ FROM db_direct_int_entity dbdirectin0_
P6SPY_SQL: SELECT TABLE_NAME FROM INFORMATION_SCHEMA.TABLES  where TABLE_SCHEMA='PUBLIC'
P6SPY_SQL: SELECT SEQUENCE_NAME FROM INFORMATION_SCHEMA.SEQUENCES WHERE SEQUENCE_SCHEMA='PUBLIC'
P6SPY_SQL: select dbdirectin0_.id as id1_0_, dbdirectin0_.x as x2_0_, dbdirectin0_.y as y3_0_ from db_direct_int_entity dbdirectin0_ where dbdirectin0_.x=3 and dbdirectin0_.y=403
P6SPY_SQL: SELECT dbdirectin0_.id AS id1_0_, dbdirectin0_.x AS x2_0_, dbdirectin0_.y AS y3_0_ FROM db_direct_int_entity dbdirectin0_
P6SPY_SQL: SELECT TABLE_NAME FROM INFORMATION_SCHEMA.TABLES  where TABLE_SCHEMA='PUBLIC'
P6SPY_SQL: SELECT SEQUENCE_NAME FROM INFORMATION_SCHEMA.SEQUENCES WHERE SEQUENCE_SCHEMA='PUBLIC'
P6SPY_SQL: select dbdirectin0_.id as id1_0_, dbdirectin0_.x as x2_0_, dbdirectin0_.y as y3_0_ from db_direct_int_entity dbdirectin0_ where dbdirectin0_.x=3 and dbdirectin0_.y=403
P6SPY_SQL: SELECT dbdirectin0_.id AS id1_0_, dbdirectin0_.x AS x2_0_, dbdirectin0_.y AS y3_0_ FROM db_direct_int_entity dbdirectin0_
P6SPY_SQL: SELECT TABLE_NAME FROM INFORMATION_SCHEMA.TABLES  where TABLE_SCHEMA='PUBLIC'
P6SPY_SQL: SELECT SEQUENCE_NAME FROM INFORMATION_SCHEMA.SEQUENCES WHERE SEQUENCE_SCHEMA='PUBLIC'
P6SPY_SQL: select dbdirectin0_.id as id1_0_, dbdirectin0_.x as x2_0_, dbdirectin0_.y as y3_0_ from db_direct_int_entity dbdirectin0_ where dbdirectin0_.x=3 and dbdirectin0_.y=403
P6SPY_SQL: SELECT dbdirectin0_.id AS id1_0_, dbdirectin0_.x AS x2_0_, dbdirectin0_.y AS y3_0_ FROM db_direct_int_entity dbdirectin0_
P6SPY_SQL: SELECT TABLE_NAME FROM INFORMATION_SCHEMA.TABLES  where TABLE_SCHEMA='PUBLIC'
P6SPY_SQL: SELECT SEQUENCE_NAME FROM INFORMATION_SCHEMA.SEQUENCES WHERE SEQUENCE_SCHEMA='PUBLIC'
P6SPY_SQL: select dbdirectin0_.id as id1_0_, dbdirectin0_.x as x2_0_, dbdirectin0_.y as y3_0_ from db_direct_int_entity dbdirectin0_ where dbdirectin0_.x=3 and dbdirectin0_.y=403
P6SPY_SQL: SELECT dbdirectin0_.id AS id1_0_, dbdirectin0_.x AS x2_0_, dbdirectin0_.y AS y3_0_ FROM db_direct_int_entity dbdirectin0_
P6SPY_SQL: SELECT TABLE_NAME FROM INFORMATION_SCHEMA.TABLES  where TABLE_SCHEMA='PUBLIC'
P6SPY_SQL: SELECT SEQUENCE_NAME FROM INFORMATION_SCHEMA.SEQUENCES WHERE SEQUENCE_SCHEMA='PUBLIC'
P6SPY_SQL: select dbdirectin0_.id as id1_0_, dbdirectin0_.x as x2_0_, dbdirectin0_.y as y3_0_ from db_direct_int_entity dbdirectin0_ where dbdirectin0_.x=3 and dbdirectin0_.y=403
P6SPY_SQL: SELECT dbdirectin0_.id AS id1_0_, dbdirectin0_.x AS x2_0_, dbdirectin0_.y AS y3_0_ FROM db_direct_int_entity dbdirectin0_
P6SPY_SQL: SELECT TABLE_NAME FROM INFORMATION_SCHEMA.TABLES  where TABLE_SCHEMA='PUBLIC'
P6SPY_SQL: SELECT SEQUENCE_NAME FROM INFORMATION_SCHEMA.SEQUENCES WHERE SEQUENCE_SCHEMA='PUBLIC'
P6SPY_SQL: select dbdirectin0_.id as id1_0_, dbdirectin0_.x as x2_0_, dbdirectin0_.y as y3_0_ from db_direct_int_entity dbdirectin0_ where dbdirectin0_.x=3 and dbdirectin0_.y=403
P6SPY_SQL: SELECT dbdirectin0_.id AS id1_0_, dbdirectin0_.x AS x2_0_, dbdirectin0_.y AS y3_0_ FROM db_direct_int_entity dbdirectin0_
P6SPY_SQL: SELECT TABLE_NAME FROM INFORMATION_SCHEMA.TABLES  where TABLE_SCHEMA='PUBLIC'
P6SPY_SQL: SELECT SEQUENCE_NAME FROM INFORMATION_SCHEMA.SEQUENCES WHERE SEQUENCE_SCHEMA='PUBLIC'
P6SPY_SQL: select dbdirectin0_.id as id1_0_, dbdirectin0_.x as x2_0_, dbdirectin0_.y as y3_0_ from db_direct_int_entity dbdirectin0_ where dbdirectin0_.x=3 and dbdirectin0_.y=403
P6SPY_SQL: SELECT dbdirectin0_.id AS id1_0_, dbdirectin0_.x AS x2_0_, dbdirectin0_.y AS y3_0_ FROM db_direct_int_entity dbdirectin0_
&amp#27;[1A&amp#27;[2K* Consumed search budget: 23%
P6SPY_SQL: SELECT TABLE_NAME FROM INFORMATION_SCHEMA.TABLES  where TABLE_SCHEMA='PUBLIC'
P6SPY_SQL: SELECT SEQUENCE_NAME FROM INFORMATION_SCHEMA.SEQUENCES WHERE SEQUENCE_SCHEMA='PUBLIC'
P6SPY_SQL: select dbdirectin0_.id as id1_0_, dbdirectin0_.x as x2_0_, dbdirectin0_.y as y3_0_ from db_direct_int_entity dbdirectin0_ where dbdirectin0_.x=-223 and dbdirectin0_.y=-2068622033
P6SPY_SQL: SELECT dbdirectin0_.id AS id1_0_, dbdirectin0_.x AS x2_0_, dbdirectin0_.y AS y3_0_ FROM db_direct_int_entity dbdirectin0_
P6SPY_SQL: select dbdirectin0_.id as id1_0_, dbdirectin0_.x as x2_0_, dbdirectin0_.y as y3_0_ from db_direct_int_entity dbdirectin0_ where dbdirectin0_.x=706 and dbdirectin0_.y=94
P6SPY_SQL: SELECT dbdirectin0_.id AS id1_0_, dbdirectin0_.x AS x2_0_, dbdirectin0_.y AS y3_0_ FROM db_direct_int_entity dbdirectin0_
P6SPY_SQL: SELECT TABLE_NAME FROM INFORMATION_SCHEMA.TABLES  where TABLE_SCHEMA='PUBLIC'
P6SPY_SQL: SELECT SEQUENCE_NAME FROM INFORMATION_SCHEMA.SEQUENCES WHERE SEQUENCE_SCHEMA='PUBLIC'
P6SPY_SQL: select dbdirectin0_.id as id1_0_, dbdirectin0_.x as x2_0_, dbdirectin0_.y as y3_0_ from db_direct_int_entity dbdirectin0_ where dbdirectin0_.x=-637400960 and dbdirectin0_.y=-923196878
P6SPY_SQL: SELECT dbdirectin0_.id AS id1_0_, dbdirectin0_.x AS x2_0_, dbdirectin0_.y AS y3_0_ FROM db_direct_int_entity dbdirectin0_
P6SPY_SQL: SELECT TABLE_NAME FROM INFORMATION_SCHEMA.TABLES  where TABLE_SCHEMA='PUBLIC'
P6SPY_SQL: SELECT SEQUENCE_NAME FROM INFORMATION_SCHEMA.SEQUENCES WHERE SEQUENCE_SCHEMA='PUBLIC'
P6SPY_SQL: select dbdirectin0_.id as id1_0_, dbdirectin0_.x as x2_0_, dbdirectin0_.y as y3_0_ from db_direct_int_entity dbdirectin0_ where dbdirectin0_.x=706238073 and dbdirectin0_.y=-1166672347
P6SPY_SQL: SELECT dbdirectin0_.id AS id1_0_, dbdirectin0_.x AS x2_0_, dbdirectin0_.y AS y3_0_ FROM db_direct_int_entity dbdirectin0_
P6SPY_SQL: select dbdirectin0_.id as id1_0_, dbdirectin0_.x as x2_0_, dbdirectin0_.y as y3_0_ from db_direct_int_entity dbdirectin0_ where dbdirectin0_.x=361 and dbdirectin0_.y=1176046283
P6SPY_SQL: SELECT dbdirectin0_.id AS id1_0_, dbdirectin0_.x AS x2_0_, dbdirectin0_.y AS y3_0_ FROM db_direct_int_entity dbdirectin0_
P6SPY_SQL: select dbdirectin0_.id as id1_0_, dbdirectin0_.x as x2_0_, dbdirectin0_.y as y3_0_ from db_direct_int_entity dbdirectin0_ where dbdirectin0_.x=1580992733 and dbdirectin0_.y=-59
P6SPY_SQL: SELECT dbdirectin0_.id AS id1_0_, dbdirectin0_.x AS x2_0_, dbdirectin0_.y AS y3_0_ FROM db_direct_int_entity dbdirectin0_
P6SPY_SQL: select dbdirectin0_.id as id1_0_, dbdirectin0_.x as x2_0_, dbdirectin0_.y as y3_0_ from db_direct_int_entity dbdirectin0_ where dbdirectin0_.x=-964 and dbdirectin0_.y=-312504658
P6SPY_SQL: SELECT dbdirectin0_.id AS id1_0_, dbdirectin0_.x AS x2_0_, dbdirectin0_.y AS y3_0_ FROM db_direct_int_entity dbdirectin0_
P6SPY_SQL: SELECT TABLE_NAME FROM INFORMATION_SCHEMA.TABLES  where TABLE_SCHEMA='PUBLIC'
P6SPY_SQL: SELECT SEQUENCE_NAME FROM INFORMATION_SCHEMA.SEQUENCES WHERE SEQUENCE_SCHEMA='PUBLIC'
P6SPY_SQL: select dbdirectin0_.id as id1_0_, dbdirectin0_.x as x2_0_, dbdirectin0_.y as y3_0_ from db_direct_int_entity dbdirectin0_ where dbdirectin0_.x=3 and dbdirectin0_.y=403
P6SPY_SQL: SELECT dbdirectin0_.id AS id1_0_, dbdirectin0_.x AS x2_0_, dbdirectin0_.y AS y3_0_ FROM db_direct_int_entity dbdirectin0_
P6SPY_SQL: SELECT TABLE_NAME FROM INFORMATION_SCHEMA.TABLES  where TABLE_SCHEMA='PUBLIC'
P6SPY_SQL: SELECT SEQUENCE_NAME FROM INFORMATION_SCHEMA.SEQUENCES WHERE SEQUENCE_SCHEMA='PUBLIC'
P6SPY_SQL: select dbdirectin0_.id as id1_0_, dbdirectin0_.x as x2_0_, dbdirectin0_.y as y3_0_ from db_direct_int_entity dbdirectin0_ where dbdirectin0_.x=3 and dbdirectin0_.y=403
P6SPY_SQL: SELECT dbdirectin0_.id AS id1_0_, dbdirectin0_.x AS x2_0_, dbdirectin0_.y AS y3_0_ FROM db_direct_int_entity dbdirectin0_
&amp#27;[1A&amp#27;[2K* Consumed search budget: 24%
P6SPY_SQL: SELECT TABLE_NAME FROM INFORMATION_SCHEMA.TABLES  where TABLE_SCHEMA='PUBLIC'
P6SPY_SQL: SELECT SEQUENCE_NAME FROM INFORMATION_SCHEMA.SEQUENCES WHERE SEQUENCE_SCHEMA='PUBLIC'
P6SPY_SQL: select dbdirectin0_.id as id1_0_, dbdirectin0_.x as x2_0_, dbdirectin0_.y as y3_0_ from db_direct_int_entity dbdirectin0_ where dbdirectin0_.x=3 and dbdirectin0_.y=403
P6SPY_SQL: SELECT dbdirectin0_.id AS id1_0_, dbdirectin0_.x AS x2_0_, dbdirectin0_.y AS y3_0_ FROM db_direct_int_entity dbdirectin0_
P6SPY_SQL: SELECT TABLE_NAME FROM INFORMATION_SCHEMA.TABLES  where TABLE_SCHEMA='PUBLIC'
P6SPY_SQL: SELECT SEQUENCE_NAME FROM INFORMATION_SCHEMA.SEQUENCES WHERE SEQUENCE_SCHEMA='PUBLIC'
P6SPY_SQL: select dbdirectin0_.id as id1_0_, dbdirectin0_.x as x2_0_, dbdirectin0_.y as y3_0_ from db_direct_int_entity dbdirectin0_ where dbdirectin0_.x=3 and dbdirectin0_.y=403
P6SPY_SQL: SELECT dbdirectin0_.id AS id1_0_, dbdirectin0_.x AS x2_0_, dbdirectin0_.y AS y3_0_ FROM db_direct_int_entity dbdirectin0_
P6SPY_SQL: SELECT TABLE_NAME FROM INFORMATION_SCHEMA.TABLES  where TABLE_SCHEMA='PUBLIC'
P6SPY_SQL: SELECT SEQUENCE_NAME FROM INFORMATION_SCHEMA.SEQUENCES WHERE SEQUENCE_SCHEMA='PUBLIC'
P6SPY_SQL: select dbdirectin0_.id as id1_0_, dbdirectin0_.x as x2_0_, dbdirectin0_.y as y3_0_ from db_direct_int_entity dbdirectin0_ where dbdirectin0_.x=3 and dbdirectin0_.y=403
P6SPY_SQL: SELECT dbdirectin0_.id AS id1_0_, dbdirectin0_.x AS x2_0_, dbdirectin0_.y AS y3_0_ FROM db_direct_int_entity dbdirectin0_
P6SPY_SQL: SELECT TABLE_NAME FROM INFORMATION_SCHEMA.TABLES  where TABLE_SCHEMA='PUBLIC'
P6SPY_SQL: SELECT SEQUENCE_NAME FROM INFORMATION_SCHEMA.SEQUENCES WHERE SEQUENCE_SCHEMA='PUBLIC'
P6SPY_SQL: select dbdirectin0_.id as id1_0_, dbdirectin0_.x as x2_0_, dbdirectin0_.y as y3_0_ from db_direct_int_entity dbdirectin0_ where dbdirectin0_.x=3 and dbdirectin0_.y=403
P6SPY_SQL: SELECT dbdirectin0_.id AS id1_0_, dbdirectin0_.x AS x2_0_, dbdirectin0_.y AS y3_0_ FROM db_direct_int_entity dbdirectin0_
P6SPY_SQL: SELECT TABLE_NAME FROM INFORMATION_SCHEMA.TABLES  where TABLE_SCHEMA='PUBLIC'
P6SPY_SQL: SELECT SEQUENCE_NAME FROM INFORMATION_SCHEMA.SEQUENCES WHERE SEQUENCE_SCHEMA='PUBLIC'
P6SPY_SQL: select dbdirectin0_.id as id1_0_, dbdirectin0_.x as x2_0_, dbdirectin0_.y as y3_0_ from db_direct_int_entity dbdirectin0_ where dbdirectin0_.x=3 and dbdirectin0_.y=403
P6SPY_SQL: SELECT dbdirectin0_.id AS id1_0_, dbdirectin0_.x AS x2_0_, dbdirectin0_.y AS y3_0_ FROM db_direct_int_entity dbdirectin0_
P6SPY_SQL: SELECT TABLE_NAME FROM INFORMATION_SCHEMA.TABLES  where TABLE_SCHEMA='PUBLIC'
P6SPY_SQL: SELECT SEQUENCE_NAME FROM INFORMATION_SCHEMA.SEQUENCES WHERE SEQUENCE_SCHEMA='PUBLIC'
P6SPY_SQL: select dbdirectin0_.id as id1_0_, dbdirectin0_.x as x2_0_, dbdirectin0_.y as y3_0_ from db_direct_int_entity dbdirectin0_ where dbdirectin0_.x=3 and dbdirectin0_.y=403
P6SPY_SQL: SELECT dbdirectin0_.id AS id1_0_, dbdirectin0_.x AS x2_0_, dbdirectin0_.y AS y3_0_ FROM db_direct_int_entity dbdirectin0_
P6SPY_SQL: SELECT TABLE_NAME FROM INFORMATION_SCHEMA.TABLES  where TABLE_SCHEMA='PUBLIC'
P6SPY_SQL: SELECT SEQUENCE_NAME FROM INFORMATION_SCHEMA.SEQUENCES WHERE SEQUENCE_SCHEMA='PUBLIC'
P6SPY_SQL: select dbdirectin0_.id as id1_0_, dbdirectin0_.x as x2_0_, dbdirectin0_.y as y3_0_ from db_direct_int_entity dbdirectin0_ where dbdirectin0_.x=3 and dbdirectin0_.y=403
P6SPY_SQL: SELECT dbdirectin0_.id AS id1_0_, dbdirectin0_.x AS x2_0_, dbdirectin0_.y AS y3_0_ FROM db_direct_int_entity dbdirectin0_
P6SPY_SQL: SELECT TABLE_NAME FROM INFORMATION_SCHEMA.TABLES  where TABLE_SCHEMA='PUBLIC'
P6SPY_SQL: SELECT SEQUENCE_NAME FROM INFORMATION_SCHEMA.SEQUENCES WHERE SEQUENCE_SCHEMA='PUBLIC'
P6SPY_SQL: select dbdirectin0_.id as id1_0_, dbdirectin0_.x as x2_0_, dbdirectin0_.y as y3_0_ from db_direct_int_entity dbdirectin0_ where dbdirectin0_.x=3 and dbdirectin0_.y=403
P6SPY_SQL: SELECT dbdirectin0_.id AS id1_0_, dbdirectin0_.x AS x2_0_, dbdirectin0_.y AS y3_0_ FROM db_direct_int_entity dbdirectin0_
P6SPY_SQL: SELECT TABLE_NAME FROM INFORMATION_SCHEMA.TABLES  where TABLE_SCHEMA='PUBLIC'
P6SPY_SQL: SELECT SEQUENCE_NAME FROM INFORMATION_SCHEMA.SEQUENCES WHERE SEQUENCE_SCHEMA='PUBLIC'
P6SPY_SQL: SELECT TABLE_NAME FROM INFORMATION_SCHEMA.TABLES  where TABLE_SCHEMA='PUBLIC'
P6SPY_SQL: SELECT SEQUENCE_NAME FROM INFORMATION_SCHEMA.SEQUENCES WHERE SEQUENCE_SCHEMA='PUBLIC'
P6SPY_SQL: select dbdirectin0_.id as id1_0_, dbdirectin0_.x as x2_0_, dbdirectin0_.y as y3_0_ from db_direct_int_entity dbdirectin0_ where dbdirectin0_.x=3 and dbdirectin0_.y=403
P6SPY_SQL: SELECT dbdirectin0_.id AS id1_0_, dbdirectin0_.x AS x2_0_, dbdirectin0_.y AS y3_0_ FROM db_direct_int_entity dbdirectin0_
&amp#27;[1A&amp#27;[2K* Consumed search budget: 25%
P6SPY_SQL: SELECT TABLE_NAME FROM INFORMATION_SCHEMA.TABLES  where TABLE_SCHEMA='PUBLIC'
P6SPY_SQL: SELECT SEQUENCE_NAME FROM INFORMATION_SCHEMA.SEQUENCES WHERE SEQUENCE_SCHEMA='PUBLIC'
P6SPY_SQL: select dbdirectin0_.id as id1_0_, dbdirectin0_.x as x2_0_, dbdirectin0_.y as y3_0_ from db_direct_int_entity dbdirectin0_ where dbdirectin0_.x=3 and dbdirectin0_.y=403
P6SPY_SQL: SELECT dbdirectin0_.id AS id1_0_, dbdirectin0_.x AS x2_0_, dbdirectin0_.y AS y3_0_ FROM db_direct_int_entity dbdirectin0_
P6SPY_SQL: SELECT TABLE_NAME FROM INFORMATION_SCHEMA.TABLES  where TABLE_SCHEMA='PUBLIC'
P6SPY_SQL: SELECT SEQUENCE_NAME FROM INFORMATION_SCHEMA.SEQUENCES WHERE SEQUENCE_SCHEMA='PUBLIC'
P6SPY_SQL: select dbdirectin0_.id as id1_0_, dbdirectin0_.x as x2_0_, dbdirectin0_.y as y3_0_ from db_direct_int_entity dbdirectin0_ where dbdirectin0_.x=3 and dbdirectin0_.y=403
P6SPY_SQL: SELECT dbdirectin0_.id AS id1_0_, dbdirectin0_.x AS x2_0_, dbdirectin0_.y AS y3_0_ FROM db_direct_int_entity dbdirectin0_
P6SPY_SQL: SELECT TABLE_NAME FROM INFORMATION_SCHEMA.TABLES  where TABLE_SCHEMA='PUBLIC'
P6SPY_SQL: SELECT SEQUENCE_NAME FROM INFORMATION_SCHEMA.SEQUENCES WHERE SEQUENCE_SCHEMA='PUBLIC'
P6SPY_SQL: select dbdirectin0_.id as id1_0_, dbdirectin0_.x as x2_0_, dbdirectin0_.y as y3_0_ from db_direct_int_entity dbdirectin0_ where dbdirectin0_.x=3 and dbdirectin0_.y=403
P6SPY_SQL: SELECT dbdirectin0_.id AS id1_0_, dbdirectin0_.x AS x2_0_, dbdirectin0_.y AS y3_0_ FROM db_direct_int_entity dbdirectin0_
P6SPY_SQL: SELECT TABLE_NAME FROM INFORMATION_SCHEMA.TABLES  where TABLE_SCHEMA='PUBLIC'
P6SPY_SQL: SELECT SEQUENCE_NAME FROM INFORMATION_SCHEMA.SEQUENCES WHERE SEQUENCE_SCHEMA='PUBLIC'
P6SPY_SQL: select dbdirectin0_.id as id1_0_, dbdirectin0_.x as x2_0_, dbdirectin0_.y as y3_0_ from db_direct_int_entity dbdirectin0_ where dbdirectin0_.x=3 and dbdirectin0_.y=403
P6SPY_SQL: SELECT dbdirectin0_.id AS id1_0_, dbdirectin0_.x AS x2_0_, dbdirectin0_.y AS y3_0_ FROM db_direct_int_entity dbdirectin0_
P6SPY_SQL: SELECT TABLE_NAME FROM INFORMATION_SCHEMA.TABLES  where TABLE_SCHEMA='PUBLIC'
P6SPY_SQL: SELECT SEQUENCE_NAME FROM INFORMATION_SCHEMA.SEQUENCES WHERE SEQUENCE_SCHEMA='PUBLIC'
P6SPY_SQL: select dbdirectin0_.id as id1_0_, dbdirectin0_.x as x2_0_, dbdirectin0_.y as y3_0_ from db_direct_int_entity dbdirectin0_ where dbdirectin0_.x=3 and dbdirectin0_.y=403
P6SPY_SQL: SELECT dbdirectin0_.id AS id1_0_, dbdirectin0_.x AS x2_0_, dbdirectin0_.y AS y3_0_ FROM db_direct_int_entity dbdirectin0_
P6SPY_SQL: SELECT TABLE_NAME FROM INFORMATION_SCHEMA.TABLES  where TABLE_SCHEMA='PUBLIC'
P6SPY_SQL: SELECT SEQUENCE_NAME FROM INFORMATION_SCHEMA.SEQUENCES WHERE SEQUENCE_SCHEMA='PUBLIC'
P6SPY_SQL: select dbdirectin0_.id as id1_0_, dbdirectin0_.x as x2_0_, dbdirectin0_.y as y3_0_ from db_direct_int_entity dbdirectin0_ where dbdirectin0_.x=3 and dbdirectin0_.y=403
P6SPY_SQL: SELECT dbdirectin0_.id AS id1_0_, dbdirectin0_.x AS x2_0_, dbdirectin0_.y AS y3_0_ FROM db_direct_int_entity dbdirectin0_
P6SPY_SQL: SELECT TABLE_NAME FROM INFORMATION_SCHEMA.TABLES  where TABLE_SCHEMA='PUBLIC'
P6SPY_SQL: SELECT SEQUENCE_NAME FROM INFORMATION_SCHEMA.SEQUENCES WHERE SEQUENCE_SCHEMA='PUBLIC'
P6SPY_SQL: select dbdirectin0_.id as id1_0_, dbdirectin0_.x as x2_0_, dbdirectin0_.y as y3_0_ from db_direct_int_entity dbdirectin0_ where dbdirectin0_.x=3 and dbdirectin0_.y=403
P6SPY_SQL: SELECT dbdirectin0_.id AS id1_0_, dbdirectin0_.x AS x2_0_, dbdirectin0_.y AS y3_0_ FROM db_direct_int_entity dbdirectin0_
P6SPY_SQL: SELECT TABLE_NAME FROM INFORMATION_SCHEMA.TABLES  where TABLE_SCHEMA='PUBLIC'
P6SPY_SQL: SELECT SEQUENCE_NAME FROM INFORMATION_SCHEMA.SEQUENCES WHERE SEQUENCE_SCHEMA='PUBLIC'
P6SPY_SQL: select dbdirectin0_.id as id1_0_, dbdirectin0_.x as x2_0_, dbdirectin0_.y as y3_0_ from db_direct_int_entity dbdirectin0_ where dbdirectin0_.x=3 and dbdirectin0_.y=403
P6SPY_SQL: SELECT dbdirectin0_.id AS id1_0_, dbdirectin0_.x AS x2_0_, dbdirectin0_.y AS y3_0_ FROM db_direct_int_entity dbdirectin0_
P6SPY_SQL: SELECT TABLE_NAME FROM INFORMATION_SCHEMA.TABLES  where TABLE_SCHEMA='PUBLIC'
P6SPY_SQL: SELECT SEQUENCE_NAME FROM INFORMATION_SCHEMA.SEQUENCES WHERE SEQUENCE_SCHEMA='PUBLIC'
P6SPY_SQL: select dbdirectin0_.id as id1_0_, dbdirectin0_.x as x2_0_, dbdirectin0_.y as y3_0_ from db_direct_int_entity dbdirectin0_ where dbdirectin0_.x=3 and dbdirectin0_.y=403
P6SPY_SQL: SELECT dbdirectin0_.id AS id1_0_, dbdirectin0_.x AS x2_0_, dbdirectin0_.y AS y3_0_ FROM db_direct_int_entity dbdirectin0_
P6SPY_SQL: SELECT TABLE_NAME FROM INFORMATION_SCHEMA.TABLES  where TABLE_SCHEMA='PUBLIC'
P6SPY_SQL: SELECT SEQUENCE_NAME FROM INFORMATION_SCHEMA.SEQUENCES WHERE SEQUENCE_SCHEMA='PUBLIC'
P6SPY_SQL: select dbdirectin0_.id as id1_0_, dbdirectin0_.x as x2_0_, dbdirectin0_.y as y3_0_ from db_direct_int_entity dbdirectin0_ where dbdirectin0_.x=3 and dbdirectin0_.y=403
P6SPY_SQL: SELECT dbdirectin0_.id AS id1_0_, dbdirectin0_.x AS x2_0_, dbdirectin0_.y AS y3_0_ FROM db_direct_int_entity dbdirectin0_
&amp#27;[1A&amp#27;[2K* Consumed search budget: 26%
P6SPY_SQL: SELECT TABLE_NAME FROM INFORMATION_SCHEMA.TABLES  where TABLE_SCHEMA='PUBLIC'
P6SPY_SQL: SELECT SEQUENCE_NAME FROM INFORMATION_SCHEMA.SEQUENCES WHERE SEQUENCE_SCHEMA='PUBLIC'
P6SPY_SQL: select dbdirectin0_.id as id1_0_, dbdirectin0_.x as x2_0_, dbdirectin0_.y as y3_0_ from db_direct_int_entity dbdirectin0_ where dbdirectin0_.x=3 and dbdirectin0_.y=403
P6SPY_SQL: SELECT dbdirectin0_.id AS id1_0_, dbdirectin0_.x AS x2_0_, dbdirectin0_.y AS y3_0_ FROM db_direct_int_entity dbdirectin0_
P6SPY_SQL: SELECT TABLE_NAME FROM INFORMATION_SCHEMA.TABLES  where TABLE_SCHEMA='PUBLIC'
P6SPY_SQL: SELECT SEQUENCE_NAME FROM INFORMATION_SCHEMA.SEQUENCES WHERE SEQUENCE_SCHEMA='PUBLIC'
P6SPY_SQL: select dbdirectin0_.id as id1_0_, dbdirectin0_.x as x2_0_, dbdirectin0_.y as y3_0_ from db_direct_int_entity dbdirectin0_ where dbdirectin0_.x=3 and dbdirectin0_.y=403
P6SPY_SQL: SELECT dbdirectin0_.id AS id1_0_, dbdirectin0_.x AS x2_0_, dbdirectin0_.y AS y3_0_ FROM db_direct_int_entity dbdirectin0_
P6SPY_SQL: SELECT TABLE_NAME FROM INFORMATION_SCHEMA.TABLES  where TABLE_SCHEMA='PUBLIC'
P6SPY_SQL: SELECT SEQUENCE_NAME FROM INFORMATION_SCHEMA.SEQUENCES WHERE SEQUENCE_SCHEMA='PUBLIC'
P6SPY_SQL: select dbdirectin0_.id as id1_0_, dbdirectin0_.x as x2_0_, dbdirectin0_.y as y3_0_ from db_direct_int_entity dbdirectin0_ where dbdirectin0_.x=3 and dbdirectin0_.y=403
P6SPY_SQL: SELECT dbdirectin0_.id AS id1_0_, dbdirectin0_.x AS x2_0_, dbdirectin0_.y AS y3_0_ FROM db_direct_int_entity dbdirectin0_
P6SPY_SQL: SELECT TABLE_NAME FROM INFORMATION_SCHEMA.TABLES  where TABLE_SCHEMA='PUBLIC'
P6SPY_SQL: SELECT SEQUENCE_NAME FROM INFORMATION_SCHEMA.SEQUENCES WHERE SEQUENCE_SCHEMA='PUBLIC'
P6SPY_SQL: select dbdirectin0_.id as id1_0_, dbdirectin0_.x as x2_0_, dbdirectin0_.y as y3_0_ from db_direct_int_entity dbdirectin0_ where dbdirectin0_.x=3 and dbdirectin0_.y=403
P6SPY_SQL: SELECT dbdirectin0_.id AS id1_0_, dbdirectin0_.x AS x2_0_, dbdirectin0_.y AS y3_0_ FROM db_direct_int_entity dbdirectin0_
P6SPY_SQL: SELECT TABLE_NAME FROM INFORMATION_SCHEMA.TABLES  where TABLE_SCHEMA='PUBLIC'
P6SPY_SQL: SELECT SEQUENCE_NAME FROM INFORMATION_SCHEMA.SEQUENCES WHERE SEQUENCE_SCHEMA='PUBLIC'
P6SPY_SQL: select dbdirectin0_.id as id1_0_, dbdirectin0_.x as x2_0_, dbdirectin0_.y as y3_0_ from db_direct_int_entity dbdirectin0_ where dbdirectin0_.x=3 and dbdirectin0_.y=403
P6SPY_SQL: SELECT dbdirectin0_.id AS id1_0_, dbdirectin0_.x AS x2_0_, dbdirectin0_.y AS y3_0_ FROM db_direct_int_entity dbdirectin0_
P6SPY_SQL: SELECT TABLE_NAME FROM INFORMATION_SCHEMA.TABLES  where TABLE_SCHEMA='PUBLIC'
P6SPY_SQL: SELECT SEQUENCE_NAME FROM INFORMATION_SCHEMA.SEQUENCES WHERE SEQUENCE_SCHEMA='PUBLIC'
P6SPY_SQL: select dbdirectin0_.id as id1_0_, dbdirectin0_.x as x2_0_, dbdirectin0_.y as y3_0_ from db_direct_int_entity dbdirectin0_ where dbdirectin0_.x=3 and dbdirectin0_.y=403
P6SPY_SQL: SELECT dbdirectin0_.id AS id1_0_, dbdirectin0_.x AS x2_0_, dbdirectin0_.y AS y3_0_ FROM db_direct_int_entity dbdirectin0_
P6SPY_SQL: SELECT TABLE_NAME FROM INFORMATION_SCHEMA.TABLES  where TABLE_SCHEMA='PUBLIC'
P6SPY_SQL: SELECT SEQUENCE_NAME FROM INFORMATION_SCHEMA.SEQUENCES WHERE SEQUENCE_SCHEMA='PUBLIC'
P6SPY_SQL: select dbdirectin0_.id as id1_0_, dbdirectin0_.x as x2_0_, dbdirectin0_.y as y3_0_ from db_direct_int_entity dbdirectin0_ where dbdirectin0_.x=-1808376960 and dbdirectin0_.y=394534488
P6SPY_SQL: SELECT dbdirectin0_.id AS id1_0_, dbdirectin0_.x AS x2_0_, dbdirectin0_.y AS y3_0_ FROM db_direct_int_entity dbdirectin0_
P6SPY_SQL: SELECT TABLE_NAME FROM INFORMATION_SCHEMA.TABLES  where TABLE_SCHEMA='PUBLIC'
P6SPY_SQL: SELECT SEQUENCE_NAME FROM INFORMATION_SCHEMA.SEQUENCES WHERE SEQUENCE_SCHEMA='PUBLIC'
P6SPY_SQL: select dbdirectin0_.id as id1_0_, dbdirectin0_.x as x2_0_, dbdirectin0_.y as y3_0_ from db_direct_int_entity dbdirectin0_ where dbdirectin0_.x=-1749106566 and dbdirectin0_.y=-1481207753
P6SPY_SQL: SELECT dbdirectin0_.id AS id1_0_, dbdirectin0_.x AS x2_0_, dbdirectin0_.y AS y3_0_ FROM db_direct_int_entity dbdirectin0_
P6SPY_SQL: SELECT TABLE_NAME FROM INFORMATION_SCHEMA.TABLES  where TABLE_SCHEMA='PUBLIC'
P6SPY_SQL: SELECT SEQUENCE_NAME FROM INFORMATION_SCHEMA.SEQUENCES WHERE SEQUENCE_SCHEMA='PUBLIC'
P6SPY_SQL: select dbdirectin0_.id as id1_0_, dbdirectin0_.x as x2_0_, dbdirectin0_.y as y3_0_ from db_direct_int_entity dbdirectin0_ where dbdirectin0_.x=-334 and dbdirectin0_.y=178448267
P6SPY_SQL: SELECT dbdirectin0_.id AS id1_0_, dbdirectin0_.x AS x2_0_, dbdirectin0_.y AS y3_0_ FROM db_direct_int_entity dbdirectin0_
P6SPY_SQL: select dbdirectin0_.id as id1_0_, dbdirectin0_.x as x2_0_, dbdirectin0_.y as y3_0_ from db_direct_int_entity dbdirectin0_ where dbdirectin0_.x=242 and dbdirectin0_.y=782623063
P6SPY_SQL: SELECT dbdirectin0_.id AS id1_0_, dbdirectin0_.x AS x2_0_, dbdirectin0_.y AS y3_0_ FROM db_direct_int_entity dbdirectin0_
P6SPY_SQL: select dbdirectin0_.id as id1_0_, dbdirectin0_.x as x2_0_, dbdirectin0_.y as y3_0_ from db_direct_int_entity dbdirectin0_ where dbdirectin0_.x=693883272 and dbdirectin0_.y=345
P6SPY_SQL: SELECT dbdirectin0_.id AS id1_0_, dbdirectin0_.x AS x2_0_, dbdirectin0_.y AS y3_0_ FROM db_direct_int_entity dbdirectin0_
P6SPY_SQL: select dbdirectin0_.id as id1_0_, dbdirectin0_.x as x2_0_, dbdirectin0_.y as y3_0_ from db_direct_int_entity dbdirectin0_ where dbdirectin0_.x=428 and dbdirectin0_.y=-1698712377
P6SPY_SQL: SELECT dbdirectin0_.id AS id1_0_, dbdirectin0_.x AS x2_0_, dbdirectin0_.y AS y3_0_ FROM db_direct_int_entity dbdirectin0_
&amp#27;[1A&amp#27;[2K* Consumed search budget: 27%
P6SPY_SQL: SELECT TABLE_NAME FROM INFORMATION_SCHEMA.TABLES  where TABLE_SCHEMA='PUBLIC'
P6SPY_SQL: SELECT SEQUENCE_NAME FROM INFORMATION_SCHEMA.SEQUENCES WHERE SEQUENCE_SCHEMA='PUBLIC'
P6SPY_SQL: select dbdirectin0_.id as id1_0_, dbdirectin0_.x as x2_0_, dbdirectin0_.y as y3_0_ from db_direct_int_entity dbdirectin0_ where dbdirectin0_.x=3 and dbdirectin0_.y=403
P6SPY_SQL: SELECT dbdirectin0_.id AS id1_0_, dbdirectin0_.x AS x2_0_, dbdirectin0_.y AS y3_0_ FROM db_direct_int_entity dbdirectin0_
P6SPY_SQL: SELECT TABLE_NAME FROM INFORMATION_SCHEMA.TABLES  where TABLE_SCHEMA='PUBLIC'
P6SPY_SQL: SELECT SEQUENCE_NAME FROM INFORMATION_SCHEMA.SEQUENCES WHERE SEQUENCE_SCHEMA='PUBLIC'
P6SPY_SQL: select dbdirectin0_.id as id1_0_, dbdirectin0_.x as x2_0_, dbdirectin0_.y as y3_0_ from db_direct_int_entity dbdirectin0_ where dbdirectin0_.x=3 and dbdirectin0_.y=403
P6SPY_SQL: SELECT dbdirectin0_.id AS id1_0_, dbdirectin0_.x AS x2_0_, dbdirectin0_.y AS y3_0_ FROM db_direct_int_entity dbdirectin0_
P6SPY_SQL: SELECT TABLE_NAME FROM INFORMATION_SCHEMA.TABLES  where TABLE_SCHEMA='PUBLIC'
P6SPY_SQL: SELECT SEQUENCE_NAME FROM INFORMATION_SCHEMA.SEQUENCES WHERE SEQUENCE_SCHEMA='PUBLIC'
P6SPY_SQL: select dbdirectin0_.id as id1_0_, dbdirectin0_.x as x2_0_, dbdirectin0_.y as y3_0_ from db_direct_int_entity dbdirectin0_ where dbdirectin0_.x=3 and dbdirectin0_.y=403
P6SPY_SQL: SELECT dbdirectin0_.id AS id1_0_, dbdirectin0_.x AS x2_0_, dbdirectin0_.y AS y3_0_ FROM db_direct_int_entity dbdirectin0_
P6SPY_SQL: SELECT TABLE_NAME FROM INFORMATION_SCHEMA.TABLES  where TABLE_SCHEMA='PUBLIC'
P6SPY_SQL: SELECT SEQUENCE_NAME FROM INFORMATION_SCHEMA.SEQUENCES WHERE SEQUENCE_SCHEMA='PUBLIC'
P6SPY_SQL: select dbdirectin0_.id as id1_0_, dbdirectin0_.x as x2_0_, dbdirectin0_.y as y3_0_ from db_direct_int_entity dbdirectin0_ where dbdirectin0_.x=3 and dbdirectin0_.y=403
P6SPY_SQL: SELECT dbdirectin0_.id AS id1_0_, dbdirectin0_.x AS x2_0_, dbdirectin0_.y AS y3_0_ FROM db_direct_int_entity dbdirectin0_
P6SPY_SQL: SELECT TABLE_NAME FROM INFORMATION_SCHEMA.TABLES  where TABLE_SCHEMA='PUBLIC'
P6SPY_SQL: SELECT SEQUENCE_NAME FROM INFORMATION_SCHEMA.SEQUENCES WHERE SEQUENCE_SCHEMA='PUBLIC'
P6SPY_SQL: select dbdirectin0_.id as id1_0_, dbdirectin0_.x as x2_0_, dbdirectin0_.y as y3_0_ from db_direct_int_entity dbdirectin0_ where dbdirectin0_.x=3 and dbdirectin0_.y=403
P6SPY_SQL: SELECT dbdirectin0_.id AS id1_0_, dbdirectin0_.x AS x2_0_, dbdirectin0_.y AS y3_0_ FROM db_direct_int_entity dbdirectin0_
P6SPY_SQL: SELECT TABLE_NAME FROM INFORMATION_SCHEMA.TABLES  where TABLE_SCHEMA='PUBLIC'
P6SPY_SQL: SELECT SEQUENCE_NAME FROM INFORMATION_SCHEMA.SEQUENCES WHERE SEQUENCE_SCHEMA='PUBLIC'
P6SPY_SQL: select dbdirectin0_.id as id1_0_, dbdirectin0_.x as x2_0_, dbdirectin0_.y as y3_0_ from db_direct_int_entity dbdirectin0_ where dbdirectin0_.x=3 and dbdirectin0_.y=403
P6SPY_SQL: SELECT dbdirectin0_.id AS id1_0_, dbdirectin0_.x AS x2_0_, dbdirectin0_.y AS y3_0_ FROM db_direct_int_entity dbdirectin0_
P6SPY_SQL: SELECT TABLE_NAME FROM INFORMATION_SCHEMA.TABLES  where TABLE_SCHEMA='PUBLIC'
P6SPY_SQL: SELECT SEQUENCE_NAME FROM INFORMATION_SCHEMA.SEQUENCES WHERE SEQUENCE_SCHEMA='PUBLIC'
P6SPY_SQL: select dbdirectin0_.id as id1_0_, dbdirectin0_.x as x2_0_, dbdirectin0_.y as y3_0_ from db_direct_int_entity dbdirectin0_ where dbdirectin0_.x=3 and dbdirectin0_.y=403
P6SPY_SQL: SELECT dbdirectin0_.id AS id1_0_, dbdirectin0_.x AS x2_0_, dbdirectin0_.y AS y3_0_ FROM db_direct_int_entity dbdirectin0_
P6SPY_SQL: SELECT TABLE_NAME FROM INFORMATION_SCHEMA.TABLES  where TABLE_SCHEMA='PUBLIC'
P6SPY_SQL: SELECT SEQUENCE_NAME FROM INFORMATION_SCHEMA.SEQUENCES WHERE SEQUENCE_SCHEMA='PUBLIC'
P6SPY_SQL: select dbdirectin0_.id as id1_0_, dbdirectin0_.x as x2_0_, dbdirectin0_.y as y3_0_ from db_direct_int_entity dbdirectin0_ where dbdirectin0_.x=3 and dbdirectin0_.y=403
P6SPY_SQL: SELECT dbdirectin0_.id AS id1_0_, dbdirectin0_.x AS x2_0_, dbdirectin0_.y AS y3_0_ FROM db_direct_int_entity dbdirectin0_
P6SPY_SQL: SELECT TABLE_NAME FROM INFORMATION_SCHEMA.TABLES  where TABLE_SCHEMA='PUBLIC'
P6SPY_SQL: SELECT SEQUENCE_NAME FROM INFORMATION_SCHEMA.SEQUENCES WHERE SEQUENCE_SCHEMA='PUBLIC'
P6SPY_SQL: select dbdirectin0_.id as id1_0_, dbdirectin0_.x as x2_0_, dbdirectin0_.y as y3_0_ from db_direct_int_entity dbdirectin0_ where dbdirectin0_.x=3 and dbdirectin0_.y=403
P6SPY_SQL: SELECT dbdirectin0_.id AS id1_0_, dbdirectin0_.x AS x2_0_, dbdirectin0_.y AS y3_0_ FROM db_direct_int_entity dbdirectin0_
P6SPY_SQL: SELECT TABLE_NAME FROM INFORMATION_SCHEMA.TABLES  where TABLE_SCHEMA='PUBLIC'
P6SPY_SQL: SELECT SEQUENCE_NAME FROM INFORMATION_SCHEMA.SEQUENCES WHERE SEQUENCE_SCHEMA='PUBLIC'
P6SPY_SQL: select dbdirectin0_.id as id1_0_, dbdirectin0_.x as x2_0_, dbdirectin0_.y as y3_0_ from db_direct_int_entity dbdirectin0_ where dbdirectin0_.x=3 and dbdirectin0_.y=403
P6SPY_SQL: SELECT dbdirectin0_.id AS id1_0_, dbdirectin0_.x AS x2_0_, dbdirectin0_.y AS y3_0_ FROM db_direct_int_entity dbdirectin0_
&amp#27;[1A&amp#27;[2K* Consumed search budget: 28%
P6SPY_SQL: SELECT TABLE_NAME FROM INFORMATION_SCHEMA.TABLES  where TABLE_SCHEMA='PUBLIC'
P6SPY_SQL: SELECT SEQUENCE_NAME FROM INFORMATION_SCHEMA.SEQUENCES WHERE SEQUENCE_SCHEMA='PUBLIC'
P6SPY_SQL: select dbdirectin0_.id as id1_0_, dbdirectin0_.x as x2_0_, dbdirectin0_.y as y3_0_ from db_direct_int_entity dbdirectin0_ where dbdirectin0_.x=3 and dbdirectin0_.y=403
P6SPY_SQL: SELECT dbdirectin0_.id AS id1_0_, dbdirectin0_.x AS x2_0_, dbdirectin0_.y AS y3_0_ FROM db_direct_int_entity dbdirectin0_
P6SPY_SQL: SELECT TABLE_NAME FROM INFORMATION_SCHEMA.TABLES  where TABLE_SCHEMA='PUBLIC'
P6SPY_SQL: SELECT SEQUENCE_NAME FROM INFORMATION_SCHEMA.SEQUENCES WHERE SEQUENCE_SCHEMA='PUBLIC'
P6SPY_SQL: select dbdirectin0_.id as id1_0_, dbdirectin0_.x as x2_0_, dbdirectin0_.y as y3_0_ from db_direct_int_entity dbdirectin0_ where dbdirectin0_.x=3 and dbdirectin0_.y=403
P6SPY_SQL: SELECT dbdirectin0_.id AS id1_0_, dbdirectin0_.x AS x2_0_, dbdirectin0_.y AS y3_0_ FROM db_direct_int_entity dbdirectin0_
P6SPY_SQL: SELECT TABLE_NAME FROM INFORMATION_SCHEMA.TABLES  where TABLE_SCHEMA='PUBLIC'
P6SPY_SQL: SELECT SEQUENCE_NAME FROM INFORMATION_SCHEMA.SEQUENCES WHERE SEQUENCE_SCHEMA='PUBLIC'
P6SPY_SQL: select dbdirectin0_.id as id1_0_, dbdirectin0_.x as x2_0_, dbdirectin0_.y as y3_0_ from db_direct_int_entity dbdirectin0_ where dbdirectin0_.x=3 and dbdirectin0_.y=403
P6SPY_SQL: SELECT dbdirectin0_.id AS id1_0_, dbdirectin0_.x AS x2_0_, dbdirectin0_.y AS y3_0_ FROM db_direct_int_entity dbdirectin0_
P6SPY_SQL: SELECT TABLE_NAME FROM INFORMATION_SCHEMA.TABLES  where TABLE_SCHEMA='PUBLIC'
P6SPY_SQL: SELECT SEQUENCE_NAME FROM INFORMATION_SCHEMA.SEQUENCES WHERE SEQUENCE_SCHEMA='PUBLIC'
P6SPY_SQL: select dbdirectin0_.id as id1_0_, dbdirectin0_.x as x2_0_, dbdirectin0_.y as y3_0_ from db_direct_int_entity dbdirectin0_ where dbdirectin0_.x=3 and dbdirectin0_.y=403
P6SPY_SQL: SELECT dbdirectin0_.id AS id1_0_, dbdirectin0_.x AS x2_0_, dbdirectin0_.y AS y3_0_ FROM db_direct_int_entity dbdirectin0_
P6SPY_SQL: SELECT TABLE_NAME FROM INFORMATION_SCHEMA.TABLES  where TABLE_SCHEMA='PUBLIC'
P6SPY_SQL: SELECT SEQUENCE_NAME FROM INFORMATION_SCHEMA.SEQUENCES WHERE SEQUENCE_SCHEMA='PUBLIC'
P6SPY_SQL: select dbdirectin0_.id as id1_0_, dbdirectin0_.x as x2_0_, dbdirectin0_.y as y3_0_ from db_direct_int_entity dbdirectin0_ where dbdirectin0_.x=3 and dbdirectin0_.y=403
P6SPY_SQL: SELECT dbdirectin0_.id AS id1_0_, dbdirectin0_.x AS x2_0_, dbdirectin0_.y AS y3_0_ FROM db_direct_int_entity dbdirectin0_
P6SPY_SQL: SELECT TABLE_NAME FROM INFORMATION_SCHEMA.TABLES  where TABLE_SCHEMA='PUBLIC'
P6SPY_SQL: SELECT SEQUENCE_NAME FROM INFORMATION_SCHEMA.SEQUENCES WHERE SEQUENCE_SCHEMA='PUBLIC'
P6SPY_SQL: select dbdirectin0_.id as id1_0_, dbdirectin0_.x as x2_0_, dbdirectin0_.y as y3_0_ from db_direct_int_entity dbdirectin0_ where dbdirectin0_.x=3 and dbdirectin0_.y=403
P6SPY_SQL: SELECT dbdirectin0_.id AS id1_0_, dbdirectin0_.x AS x2_0_, dbdirectin0_.y AS y3_0_ FROM db_direct_int_entity dbdirectin0_
P6SPY_SQL: SELECT TABLE_NAME FROM INFORMATION_SCHEMA.TABLES  where TABLE_SCHEMA='PUBLIC'
P6SPY_SQL: SELECT SEQUENCE_NAME FROM INFORMATION_SCHEMA.SEQUENCES WHERE SEQUENCE_SCHEMA='PUBLIC'
P6SPY_SQL: select dbdirectin0_.id as id1_0_, dbdirectin0_.x as x2_0_, dbdirectin0_.y as y3_0_ from db_direct_int_entity dbdirectin0_ where dbdirectin0_.x=3 and dbdirectin0_.y=403
P6SPY_SQL: SELECT dbdirectin0_.id AS id1_0_, dbdirectin0_.x AS x2_0_, dbdirectin0_.y AS y3_0_ FROM db_direct_int_entity dbdirectin0_
P6SPY_SQL: SELECT TABLE_NAME FROM INFORMATION_SCHEMA.TABLES  where TABLE_SCHEMA='PUBLIC'
P6SPY_SQL: SELECT SEQUENCE_NAME FROM INFORMATION_SCHEMA.SEQUENCES WHERE SEQUENCE_SCHEMA='PUBLIC'
P6SPY_SQL: select dbdirectin0_.id as id1_0_, dbdirectin0_.x as x2_0_, dbdirectin0_.y as y3_0_ from db_direct_int_entity dbdirectin0_ where dbdirectin0_.x=3 and dbdirectin0_.y=403
P6SPY_SQL: SELECT dbdirectin0_.id AS id1_0_, dbdirectin0_.x AS x2_0_, dbdirectin0_.y AS y3_0_ FROM db_direct_int_entity dbdirectin0_
P6SPY_SQL: SELECT TABLE_NAME FROM INFORMATION_SCHEMA.TABLES  where TABLE_SCHEMA='PUBLIC'
P6SPY_SQL: SELECT SEQUENCE_NAME FROM INFORMATION_SCHEMA.SEQUENCES WHERE SEQUENCE_SCHEMA='PUBLIC'
P6SPY_SQL: select dbdirectin0_.id as id1_0_, dbdirectin0_.x as x2_0_, dbdirectin0_.y as y3_0_ from db_direct_int_entity dbdirectin0_ where dbdirectin0_.x=3 and dbdirectin0_.y=403
P6SPY_SQL: SELECT dbdirectin0_.id AS id1_0_, dbdirectin0_.x AS x2_0_, dbdirectin0_.y AS y3_0_ FROM db_direct_int_entity dbdirectin0_
P6SPY_SQL: SELECT TABLE_NAME FROM INFORMATION_SCHEMA.TABLES  where TABLE_SCHEMA='PUBLIC'
P6SPY_SQL: SELECT SEQUENCE_NAME FROM INFORMATION_SCHEMA.SEQUENCES WHERE SEQUENCE_SCHEMA='PUBLIC'
P6SPY_SQL: select dbdirectin0_.id as id1_0_, dbdirectin0_.x as x2_0_, dbdirectin0_.y as y3_0_ from db_direct_int_entity dbdirectin0_ where dbdirectin0_.x=3 and dbdirectin0_.y=403
P6SPY_SQL: SELECT dbdirectin0_.id AS id1_0_, dbdirectin0_.x AS x2_0_, dbdirectin0_.y AS y3_0_ FROM db_direct_int_entity dbdirectin0_
&amp#27;[1A&amp#27;[2K* Consumed search budget: 29%
P6SPY_SQL: SELECT TABLE_NAME FROM INFORMATION_SCHEMA.TABLES  where TABLE_SCHEMA='PUBLIC'
P6SPY_SQL: SELECT SEQUENCE_NAME FROM INFORMATION_SCHEMA.SEQUENCES WHERE SEQUENCE_SCHEMA='PUBLIC'
P6SPY_SQL: select dbdirectin0_.id as id1_0_, dbdirectin0_.x as x2_0_, dbdirectin0_.y as y3_0_ from db_direct_int_entity dbdirectin0_ where dbdirectin0_.x=3 and dbdirectin0_.y=403
P6SPY_SQL: SELECT dbdirectin0_.id AS id1_0_, dbdirectin0_.x AS x2_0_, dbdirectin0_.y AS y3_0_ FROM db_direct_int_entity dbdirectin0_
P6SPY_SQL: SELECT TABLE_NAME FROM INFORMATION_SCHEMA.TABLES  where TABLE_SCHEMA='PUBLIC'
P6SPY_SQL: SELECT SEQUENCE_NAME FROM INFORMATION_SCHEMA.SEQUENCES WHERE SEQUENCE_SCHEMA='PUBLIC'
P6SPY_SQL: select dbdirectin0_.id as id1_0_, dbdirectin0_.x as x2_0_, dbdirectin0_.y as y3_0_ from db_direct_int_entity dbdirectin0_ where dbdirectin0_.x=3 and dbdirectin0_.y=403
P6SPY_SQL: SELECT dbdirectin0_.id AS id1_0_, dbdirectin0_.x AS x2_0_, dbdirectin0_.y AS y3_0_ FROM db_direct_int_entity dbdirectin0_
P6SPY_SQL: SELECT TABLE_NAME FROM INFORMATION_SCHEMA.TABLES  where TABLE_SCHEMA='PUBLIC'
P6SPY_SQL: SELECT SEQUENCE_NAME FROM INFORMATION_SCHEMA.SEQUENCES WHERE SEQUENCE_SCHEMA='PUBLIC'
P6SPY_SQL: select dbdirectin0_.id as id1_0_, dbdirectin0_.x as x2_0_, dbdirectin0_.y as y3_0_ from db_direct_int_entity dbdirectin0_ where dbdirectin0_.x=3 and dbdirectin0_.y=403
P6SPY_SQL: SELECT dbdirectin0_.id AS id1_0_, dbdirectin0_.x AS x2_0_, dbdirectin0_.y AS y3_0_ FROM db_direct_int_entity dbdirectin0_
P6SPY_SQL: SELECT TABLE_NAME FROM INFORMATION_SCHEMA.TABLES  where TABLE_SCHEMA='PUBLIC'
P6SPY_SQL: SELECT SEQUENCE_NAME FROM INFORMATION_SCHEMA.SEQUENCES WHERE SEQUENCE_SCHEMA='PUBLIC'
P6SPY_SQL: select dbdirectin0_.id as id1_0_, dbdirectin0_.x as x2_0_, dbdirectin0_.y as y3_0_ from db_direct_int_entity dbdirectin0_ where dbdirectin0_.x=3 and dbdirectin0_.y=403
P6SPY_SQL: SELECT dbdirectin0_.id AS id1_0_, dbdirectin0_.x AS x2_0_, dbdirectin0_.y AS y3_0_ FROM db_direct_int_entity dbdirectin0_
P6SPY_SQL: SELECT TABLE_NAME FROM INFORMATION_SCHEMA.TABLES  where TABLE_SCHEMA='PUBLIC'
P6SPY_SQL: SELECT SEQUENCE_NAME FROM INFORMATION_SCHEMA.SEQUENCES WHERE SEQUENCE_SCHEMA='PUBLIC'
P6SPY_SQL: select dbdirectin0_.id as id1_0_, dbdirectin0_.x as x2_0_, dbdirectin0_.y as y3_0_ from db_direct_int_entity dbdirectin0_ where dbdirectin0_.x=3 and dbdirectin0_.y=403
P6SPY_SQL: SELECT dbdirectin0_.id AS id1_0_, dbdirectin0_.x AS x2_0_, dbdirectin0_.y AS y3_0_ FROM db_direct_int_entity dbdirectin0_
P6SPY_SQL: SELECT TABLE_NAME FROM INFORMATION_SCHEMA.TABLES  where TABLE_SCHEMA='PUBLIC'
P6SPY_SQL: SELECT SEQUENCE_NAME FROM INFORMATION_SCHEMA.SEQUENCES WHERE SEQUENCE_SCHEMA='PUBLIC'
P6SPY_SQL: select dbdirectin0_.id as id1_0_, dbdirectin0_.x as x2_0_, dbdirectin0_.y as y3_0_ from db_direct_int_entity dbdirectin0_ where dbdirectin0_.x=3 and dbdirectin0_.y=403
P6SPY_SQL: SELECT dbdirectin0_.id AS id1_0_, dbdirectin0_.x AS x2_0_, dbdirectin0_.y AS y3_0_ FROM db_direct_int_entity dbdirectin0_
P6SPY_SQL: SELECT TABLE_NAME FROM INFORMATION_SCHEMA.TABLES  where TABLE_SCHEMA='PUBLIC'
P6SPY_SQL: SELECT SEQUENCE_NAME FROM INFORMATION_SCHEMA.SEQUENCES WHERE SEQUENCE_SCHEMA='PUBLIC'
P6SPY_SQL: select dbdirectin0_.id as id1_0_, dbdirectin0_.x as x2_0_, dbdirectin0_.y as y3_0_ from db_direct_int_entity dbdirectin0_ where dbdirectin0_.x=3 and dbdirectin0_.y=403
P6SPY_SQL: SELECT dbdirectin0_.id AS id1_0_, dbdirectin0_.x AS x2_0_, dbdirectin0_.y AS y3_0_ FROM db_direct_int_entity dbdirectin0_
P6SPY_SQL: SELECT TABLE_NAME FROM INFORMATION_SCHEMA.TABLES  where TABLE_SCHEMA='PUBLIC'
P6SPY_SQL: SELECT SEQUENCE_NAME FROM INFORMATION_SCHEMA.SEQUENCES WHERE SEQUENCE_SCHEMA='PUBLIC'
P6SPY_SQL: select dbdirectin0_.id as id1_0_, dbdirectin0_.x as x2_0_, dbdirectin0_.y as y3_0_ from db_direct_int_entity dbdirectin0_ where dbdirectin0_.x=3 and dbdirectin0_.y=403
P6SPY_SQL: SELECT dbdirectin0_.id AS id1_0_, dbdirectin0_.x AS x2_0_, dbdirectin0_.y AS y3_0_ FROM db_direct_int_entity dbdirectin0_
P6SPY_SQL: SELECT TABLE_NAME FROM INFORMATION_SCHEMA.TABLES  where TABLE_SCHEMA='PUBLIC'
P6SPY_SQL: SELECT SEQUENCE_NAME FROM INFORMATION_SCHEMA.SEQUENCES WHERE SEQUENCE_SCHEMA='PUBLIC'
P6SPY_SQL: select dbdirectin0_.id as id1_0_, dbdirectin0_.x as x2_0_, dbdirectin0_.y as y3_0_ from db_direct_int_entity dbdirectin0_ where dbdirectin0_.x=3 and dbdirectin0_.y=403
P6SPY_SQL: SELECT dbdirectin0_.id AS id1_0_, dbdirectin0_.x AS x2_0_, dbdirectin0_.y AS y3_0_ FROM db_direct_int_entity dbdirectin0_
P6SPY_SQL: SELECT TABLE_NAME FROM INFORMATION_SCHEMA.TABLES  where TABLE_SCHEMA='PUBLIC'
P6SPY_SQL: SELECT SEQUENCE_NAME FROM INFORMATION_SCHEMA.SEQUENCES WHERE SEQUENCE_SCHEMA='PUBLIC'
P6SPY_SQL: select dbdirectin0_.id as id1_0_, dbdirectin0_.x as x2_0_, dbdirectin0_.y as y3_0_ from db_direct_int_entity dbdirectin0_ where dbdirectin0_.x=3 and dbdirectin0_.y=403
P6SPY_SQL: SELECT dbdirectin0_.id AS id1_0_, dbdirectin0_.x AS x2_0_, dbdirectin0_.y AS y3_0_ FROM db_direct_int_entity dbdirectin0_
&amp#27;[1A&amp#27;[2K* Consumed search budget: 30%
P6SPY_SQL: SELECT TABLE_NAME FROM INFORMATION_SCHEMA.TABLES  where TABLE_SCHEMA='PUBLIC'
P6SPY_SQL: SELECT SEQUENCE_NAME FROM INFORMATION_SCHEMA.SEQUENCES WHERE SEQUENCE_SCHEMA='PUBLIC'
P6SPY_SQL: select dbdirectin0_.id as id1_0_, dbdirectin0_.x as x2_0_, dbdirectin0_.y as y3_0_ from db_direct_int_entity dbdirectin0_ where dbdirectin0_.x=3 and dbdirectin0_.y=403
P6SPY_SQL: SELECT dbdirectin0_.id AS id1_0_, dbdirectin0_.x AS x2_0_, dbdirectin0_.y AS y3_0_ FROM db_direct_int_entity dbdirectin0_
P6SPY_SQL: SELECT TABLE_NAME FROM INFORMATION_SCHEMA.TABLES  where TABLE_SCHEMA='PUBLIC'
P6SPY_SQL: SELECT SEQUENCE_NAME FROM INFORMATION_SCHEMA.SEQUENCES WHERE SEQUENCE_SCHEMA='PUBLIC'
P6SPY_SQL: select dbdirectin0_.id as id1_0_, dbdirectin0_.x as x2_0_, dbdirectin0_.y as y3_0_ from db_direct_int_entity dbdirectin0_ where dbdirectin0_.x=3 and dbdirectin0_.y=403
P6SPY_SQL: SELECT dbdirectin0_.id AS id1_0_, dbdirectin0_.x AS x2_0_, dbdirectin0_.y AS y3_0_ FROM db_direct_int_entity dbdirectin0_
P6SPY_SQL: SELECT TABLE_NAME FROM INFORMATION_SCHEMA.TABLES  where TABLE_SCHEMA='PUBLIC'
P6SPY_SQL: SELECT SEQUENCE_NAME FROM INFORMATION_SCHEMA.SEQUENCES WHERE SEQUENCE_SCHEMA='PUBLIC'
P6SPY_SQL: select dbdirectin0_.id as id1_0_, dbdirectin0_.x as x2_0_, dbdirectin0_.y as y3_0_ from db_direct_int_entity dbdirectin0_ where dbdirectin0_.x=3 and dbdirectin0_.y=403
P6SPY_SQL: SELECT dbdirectin0_.id AS id1_0_, dbdirectin0_.x AS x2_0_, dbdirectin0_.y AS y3_0_ FROM db_direct_int_entity dbdirectin0_
P6SPY_SQL: SELECT TABLE_NAME FROM INFORMATION_SCHEMA.TABLES  where TABLE_SCHEMA='PUBLIC'
P6SPY_SQL: SELECT SEQUENCE_NAME FROM INFORMATION_SCHEMA.SEQUENCES WHERE SEQUENCE_SCHEMA='PUBLIC'
P6SPY_SQL: select dbdirectin0_.id as id1_0_, dbdirectin0_.x as x2_0_, dbdirectin0_.y as y3_0_ from db_direct_int_entity dbdirectin0_ where dbdirectin0_.x=3 and dbdirectin0_.y=403
P6SPY_SQL: SELECT dbdirectin0_.id AS id1_0_, dbdirectin0_.x AS x2_0_, dbdirectin0_.y AS y3_0_ FROM db_direct_int_entity dbdirectin0_
P6SPY_SQL: SELECT TABLE_NAME FROM INFORMATION_SCHEMA.TABLES  where TABLE_SCHEMA='PUBLIC'
P6SPY_SQL: SELECT SEQUENCE_NAME FROM INFORMATION_SCHEMA.SEQUENCES WHERE SEQUENCE_SCHEMA='PUBLIC'
P6SPY_SQL: select dbdirectin0_.id as id1_0_, dbdirectin0_.x as x2_0_, dbdirectin0_.y as y3_0_ from db_direct_int_entity dbdirectin0_ where dbdirectin0_.x=3 and dbdirectin0_.y=403
P6SPY_SQL: SELECT dbdirectin0_.id AS id1_0_, dbdirectin0_.x AS x2_0_, dbdirectin0_.y AS y3_0_ FROM db_direct_int_entity dbdirectin0_
P6SPY_SQL: SELECT TABLE_NAME FROM INFORMATION_SCHEMA.TABLES  where TABLE_SCHEMA='PUBLIC'
P6SPY_SQL: SELECT SEQUENCE_NAME FROM INFORMATION_SCHEMA.SEQUENCES WHERE SEQUENCE_SCHEMA='PUBLIC'
P6SPY_SQL: select dbdirectin0_.id as id1_0_, dbdirectin0_.x as x2_0_, dbdirectin0_.y as y3_0_ from db_direct_int_entity dbdirectin0_ where dbdirectin0_.x=3 and dbdirectin0_.y=403
P6SPY_SQL: SELECT dbdirectin0_.id AS id1_0_, dbdirectin0_.x AS x2_0_, dbdirectin0_.y AS y3_0_ FROM db_direct_int_entity dbdirectin0_
P6SPY_SQL: SELECT TABLE_NAME FROM INFORMATION_SCHEMA.TABLES  where TABLE_SCHEMA='PUBLIC'
P6SPY_SQL: SELECT SEQUENCE_NAME FROM INFORMATION_SCHEMA.SEQUENCES WHERE SEQUENCE_SCHEMA='PUBLIC'
P6SPY_SQL: select dbdirectin0_.id as id1_0_, dbdirectin0_.x as x2_0_, dbdirectin0_.y as y3_0_ from db_direct_int_entity dbdirectin0_ where dbdirectin0_.x=3 and dbdirectin0_.y=403
P6SPY_SQL: SELECT dbdirectin0_.id AS id1_0_, dbdirectin0_.x AS x2_0_, dbdirectin0_.y AS y3_0_ FROM db_direct_int_entity dbdirectin0_
P6SPY_SQL: SELECT TABLE_NAME FROM INFORMATION_SCHEMA.TABLES  where TABLE_SCHEMA='PUBLIC'
P6SPY_SQL: SELECT SEQUENCE_NAME FROM INFORMATION_SCHEMA.SEQUENCES WHERE SEQUENCE_SCHEMA='PUBLIC'
P6SPY_SQL: select dbdirectin0_.id as id1_0_, dbdirectin0_.x as x2_0_, dbdirectin0_.y as y3_0_ from db_direct_int_entity dbdirectin0_ where dbdirectin0_.x=3 and dbdirectin0_.y=403
P6SPY_SQL: SELECT dbdirectin0_.id AS id1_0_, dbdirectin0_.x AS x2_0_, dbdirectin0_.y AS y3_0_ FROM db_direct_int_entity dbdirectin0_
P6SPY_SQL: SELECT TABLE_NAME FROM INFORMATION_SCHEMA.TABLES  where TABLE_SCHEMA='PUBLIC'
P6SPY_SQL: SELECT SEQUENCE_NAME FROM INFORMATION_SCHEMA.SEQUENCES WHERE SEQUENCE_SCHEMA='PUBLIC'
P6SPY_SQL: select dbdirectin0_.id as id1_0_, dbdirectin0_.x as x2_0_, dbdirectin0_.y as y3_0_ from db_direct_int_entity dbdirectin0_ where dbdirectin0_.x=3 and dbdirectin0_.y=403
P6SPY_SQL: SELECT dbdirectin0_.id AS id1_0_, dbdirectin0_.x AS x2_0_, dbdirectin0_.y AS y3_0_ FROM db_direct_int_entity dbdirectin0_
P6SPY_SQL: SELECT TABLE_NAME FROM INFORMATION_SCHEMA.TABLES  where TABLE_SCHEMA='PUBLIC'
P6SPY_SQL: SELECT SEQUENCE_NAME FROM INFORMATION_SCHEMA.SEQUENCES WHERE SEQUENCE_SCHEMA='PUBLIC'
P6SPY_SQL: select dbdirectin0_.id as id1_0_, dbdirectin0_.x as x2_0_, dbdirectin0_.y as y3_0_ from db_direct_int_entity dbdirectin0_ where dbdirectin0_.x=3 and dbdirectin0_.y=403
P6SPY_SQL: SELECT dbdirectin0_.id AS id1_0_, dbdirectin0_.x AS x2_0_, dbdirectin0_.y AS y3_0_ FROM db_direct_int_entity dbdirectin0_
&amp#27;[1A&amp#27;[2K* Consumed search budget: 31%
P6SPY_SQL: SELECT TABLE_NAME FROM INFORMATION_SCHEMA.TABLES  where TABLE_SCHEMA='PUBLIC'
P6SPY_SQL: SELECT SEQUENCE_NAME FROM INFORMATION_SCHEMA.SEQUENCES WHERE SEQUENCE_SCHEMA='PUBLIC'
P6SPY_SQL: select dbdirectin0_.id as id1_0_, dbdirectin0_.x as x2_0_, dbdirectin0_.y as y3_0_ from db_direct_int_entity dbdirectin0_ where dbdirectin0_.x=3 and dbdirectin0_.y=403
P6SPY_SQL: SELECT dbdirectin0_.id AS id1_0_, dbdirectin0_.x AS x2_0_, dbdirectin0_.y AS y3_0_ FROM db_direct_int_entity dbdirectin0_
P6SPY_SQL: SELECT TABLE_NAME FROM INFORMATION_SCHEMA.TABLES  where TABLE_SCHEMA='PUBLIC'
P6SPY_SQL: SELECT SEQUENCE_NAME FROM INFORMATION_SCHEMA.SEQUENCES WHERE SEQUENCE_SCHEMA='PUBLIC'
P6SPY_SQL: select dbdirectin0_.id as id1_0_, dbdirectin0_.x as x2_0_, dbdirectin0_.y as y3_0_ from db_direct_int_entity dbdirectin0_ where dbdirectin0_.x=3 and dbdirectin0_.y=403
P6SPY_SQL: SELECT dbdirectin0_.id AS id1_0_, dbdirectin0_.x AS x2_0_, dbdirectin0_.y AS y3_0_ FROM db_direct_int_entity dbdirectin0_
P6SPY_SQL: SELECT TABLE_NAME FROM INFORMATION_SCHEMA.TABLES  where TABLE_SCHEMA='PUBLIC'
P6SPY_SQL: SELECT SEQUENCE_NAME FROM INFORMATION_SCHEMA.SEQUENCES WHERE SEQUENCE_SCHEMA='PUBLIC'
P6SPY_SQL: select dbdirectin0_.id as id1_0_, dbdirectin0_.x as x2_0_, dbdirectin0_.y as y3_0_ from db_direct_int_entity dbdirectin0_ where dbdirectin0_.x=3 and dbdirectin0_.y=403
P6SPY_SQL: SELECT dbdirectin0_.id AS id1_0_, dbdirectin0_.x AS x2_0_, dbdirectin0_.y AS y3_0_ FROM db_direct_int_entity dbdirectin0_
P6SPY_SQL: SELECT TABLE_NAME FROM INFORMATION_SCHEMA.TABLES  where TABLE_SCHEMA='PUBLIC'
P6SPY_SQL: SELECT SEQUENCE_NAME FROM INFORMATION_SCHEMA.SEQUENCES WHERE SEQUENCE_SCHEMA='PUBLIC'
P6SPY_SQL: select dbdirectin0_.id as id1_0_, dbdirectin0_.x as x2_0_, dbdirectin0_.y as y3_0_ from db_direct_int_entity dbdirectin0_ where dbdirectin0_.x=3 and dbdirectin0_.y=403
P6SPY_SQL: SELECT dbdirectin0_.id AS id1_0_, dbdirectin0_.x AS x2_0_, dbdirectin0_.y AS y3_0_ FROM db_direct_int_entity dbdirectin0_
P6SPY_SQL: SELECT TABLE_NAME FROM INFORMATION_SCHEMA.TABLES  where TABLE_SCHEMA='PUBLIC'
P6SPY_SQL: SELECT SEQUENCE_NAME FROM INFORMATION_SCHEMA.SEQUENCES WHERE SEQUENCE_SCHEMA='PUBLIC'
P6SPY_SQL: select dbdirectin0_.id as id1_0_, dbdirectin0_.x as x2_0_, dbdirectin0_.y as y3_0_ from db_direct_int_entity dbdirectin0_ where dbdirectin0_.x=3 and dbdirectin0_.y=403
P6SPY_SQL: SELECT dbdirectin0_.id AS id1_0_, dbdirectin0_.x AS x2_0_, dbdirectin0_.y AS y3_0_ FROM db_direct_int_entity dbdirectin0_
P6SPY_SQL: SELECT TABLE_NAME FROM INFORMATION_SCHEMA.TABLES  where TABLE_SCHEMA='PUBLIC'
P6SPY_SQL: SELECT SEQUENCE_NAME FROM INFORMATION_SCHEMA.SEQUENCES WHERE SEQUENCE_SCHEMA='PUBLIC'
P6SPY_SQL: select dbdirectin0_.id as id1_0_, dbdirectin0_.x as x2_0_, dbdirectin0_.y as y3_0_ from db_direct_int_entity dbdirectin0_ where dbdirectin0_.x=3 and dbdirectin0_.y=403
P6SPY_SQL: SELECT dbdirectin0_.id AS id1_0_, dbdirectin0_.x AS x2_0_, dbdirectin0_.y AS y3_0_ FROM db_direct_int_entity dbdirectin0_
P6SPY_SQL: SELECT TABLE_NAME FROM INFORMATION_SCHEMA.TABLES  where TABLE_SCHEMA='PUBLIC'
P6SPY_SQL: SELECT SEQUENCE_NAME FROM INFORMATION_SCHEMA.SEQUENCES WHERE SEQUENCE_SCHEMA='PUBLIC'
P6SPY_SQL: select dbdirectin0_.id as id1_0_, dbdirectin0_.x as x2_0_, dbdirectin0_.y as y3_0_ from db_direct_int_entity dbdirectin0_ where dbdirectin0_.x=3 and dbdirectin0_.y=403
P6SPY_SQL: SELECT dbdirectin0_.id AS id1_0_, dbdirectin0_.x AS x2_0_, dbdirectin0_.y AS y3_0_ FROM db_direct_int_entity dbdirectin0_
P6SPY_SQL: SELECT TABLE_NAME FROM INFORMATION_SCHEMA.TABLES  where TABLE_SCHEMA='PUBLIC'
P6SPY_SQL: SELECT SEQUENCE_NAME FROM INFORMATION_SCHEMA.SEQUENCES WHERE SEQUENCE_SCHEMA='PUBLIC'
P6SPY_SQL: select dbdirectin0_.id as id1_0_, dbdirectin0_.x as x2_0_, dbdirectin0_.y as y3_0_ from db_direct_int_entity dbdirectin0_ where dbdirectin0_.x=3 and dbdirectin0_.y=403
P6SPY_SQL: SELECT dbdirectin0_.id AS id1_0_, dbdirectin0_.x AS x2_0_, dbdirectin0_.y AS y3_0_ FROM db_direct_int_entity dbdirectin0_
P6SPY_SQL: SELECT TABLE_NAME FROM INFORMATION_SCHEMA.TABLES  where TABLE_SCHEMA='PUBLIC'
P6SPY_SQL: SELECT SEQUENCE_NAME FROM INFORMATION_SCHEMA.SEQUENCES WHERE SEQUENCE_SCHEMA='PUBLIC'
P6SPY_SQL: select dbdirectin0_.id as id1_0_, dbdirectin0_.x as x2_0_, dbdirectin0_.y as y3_0_ from db_direct_int_entity dbdirectin0_ where dbdirectin0_.x=3 and dbdirectin0_.y=403
P6SPY_SQL: SELECT dbdirectin0_.id AS id1_0_, dbdirectin0_.x AS x2_0_, dbdirectin0_.y AS y3_0_ FROM db_direct_int_entity dbdirectin0_
P6SPY_SQL: SELECT TABLE_NAME FROM INFORMATION_SCHEMA.TABLES  where TABLE_SCHEMA='PUBLIC'
P6SPY_SQL: SELECT SEQUENCE_NAME FROM INFORMATION_SCHEMA.SEQUENCES WHERE SEQUENCE_SCHEMA='PUBLIC'
P6SPY_SQL: select dbdirectin0_.id as id1_0_, dbdirectin0_.x as x2_0_, dbdirectin0_.y as y3_0_ from db_direct_int_entity dbdirectin0_ where dbdirectin0_.x=3 and dbdirectin0_.y=403
P6SPY_SQL: SELECT dbdirectin0_.id AS id1_0_, dbdirectin0_.x AS x2_0_, dbdirectin0_.y AS y3_0_ FROM db_direct_int_entity dbdirectin0_
&amp#27;[1A&amp#27;[2K* Consumed search budget: 32%
P6SPY_SQL: SELECT TABLE_NAME FROM INFORMATION_SCHEMA.TABLES  where TABLE_SCHEMA='PUBLIC'
P6SPY_SQL: SELECT SEQUENCE_NAME FROM INFORMATION_SCHEMA.SEQUENCES WHERE SEQUENCE_SCHEMA='PUBLIC'
P6SPY_SQL: select dbdirectin0_.id as id1_0_, dbdirectin0_.x as x2_0_, dbdirectin0_.y as y3_0_ from db_direct_int_entity dbdirectin0_ where dbdirectin0_.x=-852 and dbdirectin0_.y=-535
P6SPY_SQL: SELECT dbdirectin0_.id AS id1_0_, dbdirectin0_.x AS x2_0_, dbdirectin0_.y AS y3_0_ FROM db_direct_int_entity dbdirectin0_
P6SPY_SQL: select dbdirectin0_.id as id1_0_, dbdirectin0_.x as x2_0_, dbdirectin0_.y as y3_0_ from db_direct_int_entity dbdirectin0_ where dbdirectin0_.x=-623 and dbdirectin0_.y=-748
P6SPY_SQL: SELECT dbdirectin0_.id AS id1_0_, dbdirectin0_.x AS x2_0_, dbdirectin0_.y AS y3_0_ FROM db_direct_int_entity dbdirectin0_
P6SPY_SQL: select dbdirectin0_.id as id1_0_, dbdirectin0_.x as x2_0_, dbdirectin0_.y as y3_0_ from db_direct_int_entity dbdirectin0_ where dbdirectin0_.x=744 and dbdirectin0_.y=928485867
P6SPY_SQL: SELECT dbdirectin0_.id AS id1_0_, dbdirectin0_.x AS x2_0_, dbdirectin0_.y AS y3_0_ FROM db_direct_int_entity dbdirectin0_
P6SPY_SQL: select dbdirectin0_.id as id1_0_, dbdirectin0_.x as x2_0_, dbdirectin0_.y as y3_0_ from db_direct_int_entity dbdirectin0_ where dbdirectin0_.x=28 and dbdirectin0_.y=22578469
P6SPY_SQL: SELECT dbdirectin0_.id AS id1_0_, dbdirectin0_.x AS x2_0_, dbdirectin0_.y AS y3_0_ FROM db_direct_int_entity dbdirectin0_
P6SPY_SQL: select dbdirectin0_.id as id1_0_, dbdirectin0_.x as x2_0_, dbdirectin0_.y as y3_0_ from db_direct_int_entity dbdirectin0_ where dbdirectin0_.x=-602959505 and dbdirectin0_.y=-319411818
P6SPY_SQL: SELECT dbdirectin0_.id AS id1_0_, dbdirectin0_.x AS x2_0_, dbdirectin0_.y AS y3_0_ FROM db_direct_int_entity dbdirectin0_
P6SPY_SQL: SELECT TABLE_NAME FROM INFORMATION_SCHEMA.TABLES  where TABLE_SCHEMA='PUBLIC'
P6SPY_SQL: SELECT SEQUENCE_NAME FROM INFORMATION_SCHEMA.SEQUENCES WHERE SEQUENCE_SCHEMA='PUBLIC'
P6SPY_SQL: select dbdirectin0_.id as id1_0_, dbdirectin0_.x as x2_0_, dbdirectin0_.y as y3_0_ from db_direct_int_entity dbdirectin0_ where dbdirectin0_.x=3 and dbdirectin0_.y=403
P6SPY_SQL: SELECT dbdirectin0_.id AS id1_0_, dbdirectin0_.x AS x2_0_, dbdirectin0_.y AS y3_0_ FROM db_direct_int_entity dbdirectin0_
P6SPY_SQL: SELECT TABLE_NAME FROM INFORMATION_SCHEMA.TABLES  where TABLE_SCHEMA='PUBLIC'
P6SPY_SQL: SELECT SEQUENCE_NAME FROM INFORMATION_SCHEMA.SEQUENCES WHERE SEQUENCE_SCHEMA='PUBLIC'
P6SPY_SQL: select dbdirectin0_.id as id1_0_, dbdirectin0_.x as x2_0_, dbdirectin0_.y as y3_0_ from db_direct_int_entity dbdirectin0_ where dbdirectin0_.x=3 and dbdirectin0_.y=403
P6SPY_SQL: SELECT dbdirectin0_.id AS id1_0_, dbdirectin0_.x AS x2_0_, dbdirectin0_.y AS y3_0_ FROM db_direct_int_entity dbdirectin0_
P6SPY_SQL: SELECT TABLE_NAME FROM INFORMATION_SCHEMA.TABLES  where TABLE_SCHEMA='PUBLIC'
P6SPY_SQL: SELECT SEQUENCE_NAME FROM INFORMATION_SCHEMA.SEQUENCES WHERE SEQUENCE_SCHEMA='PUBLIC'
P6SPY_SQL: select dbdirectin0_.id as id1_0_, dbdirectin0_.x as x2_0_, dbdirectin0_.y as y3_0_ from db_direct_int_entity dbdirectin0_ where dbdirectin0_.x=3 and dbdirectin0_.y=403
P6SPY_SQL: SELECT dbdirectin0_.id AS id1_0_, dbdirectin0_.x AS x2_0_, dbdirectin0_.y AS y3_0_ FROM db_direct_int_entity dbdirectin0_
P6SPY_SQL: SELECT TABLE_NAME FROM INFORMATION_SCHEMA.TABLES  where TABLE_SCHEMA='PUBLIC'
P6SPY_SQL: SELECT SEQUENCE_NAME FROM INFORMATION_SCHEMA.SEQUENCES WHERE SEQUENCE_SCHEMA='PUBLIC'
P6SPY_SQL: select dbdirectin0_.id as id1_0_, dbdirectin0_.x as x2_0_, dbdirectin0_.y as y3_0_ from db_direct_int_entity dbdirectin0_ where dbdirectin0_.x=3 and dbdirectin0_.y=403
P6SPY_SQL: SELECT dbdirectin0_.id AS id1_0_, dbdirectin0_.x AS x2_0_, dbdirectin0_.y AS y3_0_ FROM db_direct_int_entity dbdirectin0_
P6SPY_SQL: SELECT TABLE_NAME FROM INFORMATION_SCHEMA.TABLES  where TABLE_SCHEMA='PUBLIC'
P6SPY_SQL: SELECT SEQUENCE_NAME FROM INFORMATION_SCHEMA.SEQUENCES WHERE SEQUENCE_SCHEMA='PUBLIC'
P6SPY_SQL: select dbdirectin0_.id as id1_0_, dbdirectin0_.x as x2_0_, dbdirectin0_.y as y3_0_ from db_direct_int_entity dbdirectin0_ where dbdirectin0_.x=3 and dbdirectin0_.y=403
P6SPY_SQL: SELECT dbdirectin0_.id AS id1_0_, dbdirectin0_.x AS x2_0_, dbdirectin0_.y AS y3_0_ FROM db_direct_int_entity dbdirectin0_
P6SPY_SQL: SELECT TABLE_NAME FROM INFORMATION_SCHEMA.TABLES  where TABLE_SCHEMA='PUBLIC'
P6SPY_SQL: SELECT SEQUENCE_NAME FROM INFORMATION_SCHEMA.SEQUENCES WHERE SEQUENCE_SCHEMA='PUBLIC'
P6SPY_SQL: select dbdirectin0_.id as id1_0_, dbdirectin0_.x as x2_0_, dbdirectin0_.y as y3_0_ from db_direct_int_entity dbdirectin0_ where dbdirectin0_.x=3 and dbdirectin0_.y=403
P6SPY_SQL: SELECT dbdirectin0_.id AS id1_0_, dbdirectin0_.x AS x2_0_, dbdirectin0_.y AS y3_0_ FROM db_direct_int_entity dbdirectin0_
&amp#27;[1A&amp#27;[2K* Consumed search budget: 33%
P6SPY_SQL: SELECT TABLE_NAME FROM INFORMATION_SCHEMA.TABLES  where TABLE_SCHEMA='PUBLIC'
P6SPY_SQL: SELECT SEQUENCE_NAME FROM INFORMATION_SCHEMA.SEQUENCES WHERE SEQUENCE_SCHEMA='PUBLIC'
P6SPY_SQL: select dbdirectin0_.id as id1_0_, dbdirectin0_.x as x2_0_, dbdirectin0_.y as y3_0_ from db_direct_int_entity dbdirectin0_ where dbdirectin0_.x=3 and dbdirectin0_.y=403
P6SPY_SQL: SELECT dbdirectin0_.id AS id1_0_, dbdirectin0_.x AS x2_0_, dbdirectin0_.y AS y3_0_ FROM db_direct_int_entity dbdirectin0_
P6SPY_SQL: SELECT TABLE_NAME FROM INFORMATION_SCHEMA.TABLES  where TABLE_SCHEMA='PUBLIC'
P6SPY_SQL: SELECT SEQUENCE_NAME FROM INFORMATION_SCHEMA.SEQUENCES WHERE SEQUENCE_SCHEMA='PUBLIC'
P6SPY_SQL: select dbdirectin0_.id as id1_0_, dbdirectin0_.x as x2_0_, dbdirectin0_.y as y3_0_ from db_direct_int_entity dbdirectin0_ where dbdirectin0_.x=3 and dbdirectin0_.y=403
P6SPY_SQL: SELECT dbdirectin0_.id AS id1_0_, dbdirectin0_.x AS x2_0_, dbdirectin0_.y AS y3_0_ FROM db_direct_int_entity dbdirectin0_
P6SPY_SQL: SELECT TABLE_NAME FROM INFORMATION_SCHEMA.TABLES  where TABLE_SCHEMA='PUBLIC'
P6SPY_SQL: SELECT SEQUENCE_NAME FROM INFORMATION_SCHEMA.SEQUENCES WHERE SEQUENCE_SCHEMA='PUBLIC'
P6SPY_SQL: select dbdirectin0_.id as id1_0_, dbdirectin0_.x as x2_0_, dbdirectin0_.y as y3_0_ from db_direct_int_entity dbdirectin0_ where dbdirectin0_.x=3 and dbdirectin0_.y=403
P6SPY_SQL: SELECT dbdirectin0_.id AS id1_0_, dbdirectin0_.x AS x2_0_, dbdirectin0_.y AS y3_0_ FROM db_direct_int_entity dbdirectin0_
P6SPY_SQL: SELECT TABLE_NAME FROM INFORMATION_SCHEMA.TABLES  where TABLE_SCHEMA='PUBLIC'
P6SPY_SQL: SELECT SEQUENCE_NAME FROM INFORMATION_SCHEMA.SEQUENCES WHERE SEQUENCE_SCHEMA='PUBLIC'
P6SPY_SQL: select dbdirectin0_.id as id1_0_, dbdirectin0_.x as x2_0_, dbdirectin0_.y as y3_0_ from db_direct_int_entity dbdirectin0_ where dbdirectin0_.x=3 and dbdirectin0_.y=403
P6SPY_SQL: SELECT dbdirectin0_.id AS id1_0_, dbdirectin0_.x AS x2_0_, dbdirectin0_.y AS y3_0_ FROM db_direct_int_entity dbdirectin0_
P6SPY_SQL: SELECT TABLE_NAME FROM INFORMATION_SCHEMA.TABLES  where TABLE_SCHEMA='PUBLIC'
P6SPY_SQL: SELECT SEQUENCE_NAME FROM INFORMATION_SCHEMA.SEQUENCES WHERE SEQUENCE_SCHEMA='PUBLIC'
P6SPY_SQL: select dbdirectin0_.id as id1_0_, dbdirectin0_.x as x2_0_, dbdirectin0_.y as y3_0_ from db_direct_int_entity dbdirectin0_ where dbdirectin0_.x=3 and dbdirectin0_.y=403
P6SPY_SQL: SELECT dbdirectin0_.id AS id1_0_, dbdirectin0_.x AS x2_0_, dbdirectin0_.y AS y3_0_ FROM db_direct_int_entity dbdirectin0_
P6SPY_SQL: SELECT TABLE_NAME FROM INFORMATION_SCHEMA.TABLES  where TABLE_SCHEMA='PUBLIC'
P6SPY_SQL: SELECT SEQUENCE_NAME FROM INFORMATION_SCHEMA.SEQUENCES WHERE SEQUENCE_SCHEMA='PUBLIC'
P6SPY_SQL: select dbdirectin0_.id as id1_0_, dbdirectin0_.x as x2_0_, dbdirectin0_.y as y3_0_ from db_direct_int_entity dbdirectin0_ where dbdirectin0_.x=3 and dbdirectin0_.y=403
P6SPY_SQL: SELECT dbdirectin0_.id AS id1_0_, dbdirectin0_.x AS x2_0_, dbdirectin0_.y AS y3_0_ FROM db_direct_int_entity dbdirectin0_
P6SPY_SQL: SELECT TABLE_NAME FROM INFORMATION_SCHEMA.TABLES  where TABLE_SCHEMA='PUBLIC'
P6SPY_SQL: SELECT SEQUENCE_NAME FROM INFORMATION_SCHEMA.SEQUENCES WHERE SEQUENCE_SCHEMA='PUBLIC'
P6SPY_SQL: select dbdirectin0_.id as id1_0_, dbdirectin0_.x as x2_0_, dbdirectin0_.y as y3_0_ from db_direct_int_entity dbdirectin0_ where dbdirectin0_.x=3 and dbdirectin0_.y=403
P6SPY_SQL: SELECT dbdirectin0_.id AS id1_0_, dbdirectin0_.x AS x2_0_, dbdirectin0_.y AS y3_0_ FROM db_direct_int_entity dbdirectin0_
P6SPY_SQL: SELECT TABLE_NAME FROM INFORMATION_SCHEMA.TABLES  where TABLE_SCHEMA='PUBLIC'
P6SPY_SQL: SELECT SEQUENCE_NAME FROM INFORMATION_SCHEMA.SEQUENCES WHERE SEQUENCE_SCHEMA='PUBLIC'
P6SPY_SQL: select dbdirectin0_.id as id1_0_, dbdirectin0_.x as x2_0_, dbdirectin0_.y as y3_0_ from db_direct_int_entity dbdirectin0_ where dbdirectin0_.x=3 and dbdirectin0_.y=403
P6SPY_SQL: SELECT dbdirectin0_.id AS id1_0_, dbdirectin0_.x AS x2_0_, dbdirectin0_.y AS y3_0_ FROM db_direct_int_entity dbdirectin0_
P6SPY_SQL: SELECT TABLE_NAME FROM INFORMATION_SCHEMA.TABLES  where TABLE_SCHEMA='PUBLIC'
P6SPY_SQL: SELECT SEQUENCE_NAME FROM INFORMATION_SCHEMA.SEQUENCES WHERE SEQUENCE_SCHEMA='PUBLIC'
P6SPY_SQL: select dbdirectin0_.id as id1_0_, dbdirectin0_.x as x2_0_, dbdirectin0_.y as y3_0_ from db_direct_int_entity dbdirectin0_ where dbdirectin0_.x=3 and dbdirectin0_.y=403
P6SPY_SQL: SELECT dbdirectin0_.id AS id1_0_, dbdirectin0_.x AS x2_0_, dbdirectin0_.y AS y3_0_ FROM db_direct_int_entity dbdirectin0_
P6SPY_SQL: SELECT TABLE_NAME FROM INFORMATION_SCHEMA.TABLES  where TABLE_SCHEMA='PUBLIC'
P6SPY_SQL: SELECT SEQUENCE_NAME FROM INFORMATION_SCHEMA.SEQUENCES WHERE SEQUENCE_SCHEMA='PUBLIC'
P6SPY_SQL: select dbdirectin0_.id as id1_0_, dbdirectin0_.x as x2_0_, dbdirectin0_.y as y3_0_ from db_direct_int_entity dbdirectin0_ where dbdirectin0_.x=3 and dbdirectin0_.y=403
P6SPY_SQL: SELECT dbdirectin0_.id AS id1_0_, dbdirectin0_.x AS x2_0_, dbdirectin0_.y AS y3_0_ FROM db_direct_int_entity dbdirectin0_
&amp#27;[1A&amp#27;[2K* Consumed search budget: 34%
P6SPY_SQL: SELECT TABLE_NAME FROM INFORMATION_SCHEMA.TABLES  where TABLE_SCHEMA='PUBLIC'
P6SPY_SQL: SELECT SEQUENCE_NAME FROM INFORMATION_SCHEMA.SEQUENCES WHERE SEQUENCE_SCHEMA='PUBLIC'
P6SPY_SQL: select dbdirectin0_.id as id1_0_, dbdirectin0_.x as x2_0_, dbdirectin0_.y as y3_0_ from db_direct_int_entity dbdirectin0_ where dbdirectin0_.x=3 and dbdirectin0_.y=403
P6SPY_SQL: SELECT dbdirectin0_.id AS id1_0_, dbdirectin0_.x AS x2_0_, dbdirectin0_.y AS y3_0_ FROM db_direct_int_entity dbdirectin0_
P6SPY_SQL: SELECT TABLE_NAME FROM INFORMATION_SCHEMA.TABLES  where TABLE_SCHEMA='PUBLIC'
P6SPY_SQL: SELECT SEQUENCE_NAME FROM INFORMATION_SCHEMA.SEQUENCES WHERE SEQUENCE_SCHEMA='PUBLIC'
P6SPY_SQL: select dbdirectin0_.id as id1_0_, dbdirectin0_.x as x2_0_, dbdirectin0_.y as y3_0_ from db_direct_int_entity dbdirectin0_ where dbdirectin0_.x=3 and dbdirectin0_.y=403
P6SPY_SQL: SELECT dbdirectin0_.id AS id1_0_, dbdirectin0_.x AS x2_0_, dbdirectin0_.y AS y3_0_ FROM db_direct_int_entity dbdirectin0_
P6SPY_SQL: SELECT TABLE_NAME FROM INFORMATION_SCHEMA.TABLES  where TABLE_SCHEMA='PUBLIC'
P6SPY_SQL: SELECT SEQUENCE_NAME FROM INFORMATION_SCHEMA.SEQUENCES WHERE SEQUENCE_SCHEMA='PUBLIC'
P6SPY_SQL: select dbdirectin0_.id as id1_0_, dbdirectin0_.x as x2_0_, dbdirectin0_.y as y3_0_ from db_direct_int_entity dbdirectin0_ where dbdirectin0_.x=3 and dbdirectin0_.y=403
P6SPY_SQL: SELECT dbdirectin0_.id AS id1_0_, dbdirectin0_.x AS x2_0_, dbdirectin0_.y AS y3_0_ FROM db_direct_int_entity dbdirectin0_
P6SPY_SQL: SELECT TABLE_NAME FROM INFORMATION_SCHEMA.TABLES  where TABLE_SCHEMA='PUBLIC'
P6SPY_SQL: SELECT SEQUENCE_NAME FROM INFORMATION_SCHEMA.SEQUENCES WHERE SEQUENCE_SCHEMA='PUBLIC'
P6SPY_SQL: select dbdirectin0_.id as id1_0_, dbdirectin0_.x as x2_0_, dbdirectin0_.y as y3_0_ from db_direct_int_entity dbdirectin0_ where dbdirectin0_.x=3 and dbdirectin0_.y=403
P6SPY_SQL: SELECT dbdirectin0_.id AS id1_0_, dbdirectin0_.x AS x2_0_, dbdirectin0_.y AS y3_0_ FROM db_direct_int_entity dbdirectin0_
P6SPY_SQL: SELECT TABLE_NAME FROM INFORMATION_SCHEMA.TABLES  where TABLE_SCHEMA='PUBLIC'
P6SPY_SQL: SELECT SEQUENCE_NAME FROM INFORMATION_SCHEMA.SEQUENCES WHERE SEQUENCE_SCHEMA='PUBLIC'
P6SPY_SQL: select dbdirectin0_.id as id1_0_, dbdirectin0_.x as x2_0_, dbdirectin0_.y as y3_0_ from db_direct_int_entity dbdirectin0_ where dbdirectin0_.x=3 and dbdirectin0_.y=403
P6SPY_SQL: SELECT dbdirectin0_.id AS id1_0_, dbdirectin0_.x AS x2_0_, dbdirectin0_.y AS y3_0_ FROM db_direct_int_entity dbdirectin0_
P6SPY_SQL: SELECT TABLE_NAME FROM INFORMATION_SCHEMA.TABLES  where TABLE_SCHEMA='PUBLIC'
P6SPY_SQL: SELECT SEQUENCE_NAME FROM INFORMATION_SCHEMA.SEQUENCES WHERE SEQUENCE_SCHEMA='PUBLIC'
P6SPY_SQL: select dbdirectin0_.id as id1_0_, dbdirectin0_.x as x2_0_, dbdirectin0_.y as y3_0_ from db_direct_int_entity dbdirectin0_ where dbdirectin0_.x=3 and dbdirectin0_.y=403
P6SPY_SQL: SELECT dbdirectin0_.id AS id1_0_, dbdirectin0_.x AS x2_0_, dbdirectin0_.y AS y3_0_ FROM db_direct_int_entity dbdirectin0_
P6SPY_SQL: SELECT TABLE_NAME FROM INFORMATION_SCHEMA.TABLES  where TABLE_SCHEMA='PUBLIC'
P6SPY_SQL: SELECT SEQUENCE_NAME FROM INFORMATION_SCHEMA.SEQUENCES WHERE SEQUENCE_SCHEMA='PUBLIC'
P6SPY_SQL: select dbdirectin0_.id as id1_0_, dbdirectin0_.x as x2_0_, dbdirectin0_.y as y3_0_ from db_direct_int_entity dbdirectin0_ where dbdirectin0_.x=3 and dbdirectin0_.y=403
P6SPY_SQL: SELECT dbdirectin0_.id AS id1_0_, dbdirectin0_.x AS x2_0_, dbdirectin0_.y AS y3_0_ FROM db_direct_int_entity dbdirectin0_
P6SPY_SQL: SELECT TABLE_NAME FROM INFORMATION_SCHEMA.TABLES  where TABLE_SCHEMA='PUBLIC'
P6SPY_SQL: SELECT SEQUENCE_NAME FROM INFORMATION_SCHEMA.SEQUENCES WHERE SEQUENCE_SCHEMA='PUBLIC'
P6SPY_SQL: select dbdirectin0_.id as id1_0_, dbdirectin0_.x as x2_0_, dbdirectin0_.y as y3_0_ from db_direct_int_entity dbdirectin0_ where dbdirectin0_.x=3 and dbdirectin0_.y=403
P6SPY_SQL: SELECT dbdirectin0_.id AS id1_0_, dbdirectin0_.x AS x2_0_, dbdirectin0_.y AS y3_0_ FROM db_direct_int_entity dbdirectin0_
P6SPY_SQL: SELECT TABLE_NAME FROM INFORMATION_SCHEMA.TABLES  where TABLE_SCHEMA='PUBLIC'
P6SPY_SQL: SELECT SEQUENCE_NAME FROM INFORMATION_SCHEMA.SEQUENCES WHERE SEQUENCE_SCHEMA='PUBLIC'
P6SPY_SQL: select dbdirectin0_.id as id1_0_, dbdirectin0_.x as x2_0_, dbdirectin0_.y as y3_0_ from db_direct_int_entity dbdirectin0_ where dbdirectin0_.x=3 and dbdirectin0_.y=403
P6SPY_SQL: SELECT dbdirectin0_.id AS id1_0_, dbdirectin0_.x AS x2_0_, dbdirectin0_.y AS y3_0_ FROM db_direct_int_entity dbdirectin0_
P6SPY_SQL: SELECT TABLE_NAME FROM INFORMATION_SCHEMA.TABLES  where TABLE_SCHEMA='PUBLIC'
P6SPY_SQL: SELECT SEQUENCE_NAME FROM INFORMATION_SCHEMA.SEQUENCES WHERE SEQUENCE_SCHEMA='PUBLIC'
P6SPY_SQL: select dbdirectin0_.id as id1_0_, dbdirectin0_.x as x2_0_, dbdirectin0_.y as y3_0_ from db_direct_int_entity dbdirectin0_ where dbdirectin0_.x=3 and dbdirectin0_.y=403
P6SPY_SQL: SELECT dbdirectin0_.id AS id1_0_, dbdirectin0_.x AS x2_0_, dbdirectin0_.y AS y3_0_ FROM db_direct_int_entity dbdirectin0_
&amp#27;[1A&amp#27;[2K* Consumed search budget: 35%
P6SPY_SQL: SELECT TABLE_NAME FROM INFORMATION_SCHEMA.TABLES  where TABLE_SCHEMA='PUBLIC'
P6SPY_SQL: SELECT SEQUENCE_NAME FROM INFORMATION_SCHEMA.SEQUENCES WHERE SEQUENCE_SCHEMA='PUBLIC'
P6SPY_SQL: select dbdirectin0_.id as id1_0_, dbdirectin0_.x as x2_0_, dbdirectin0_.y as y3_0_ from db_direct_int_entity dbdirectin0_ where dbdirectin0_.x=3 and dbdirectin0_.y=403
P6SPY_SQL: SELECT dbdirectin0_.id AS id1_0_, dbdirectin0_.x AS x2_0_, dbdirectin0_.y AS y3_0_ FROM db_direct_int_entity dbdirectin0_
P6SPY_SQL: SELECT TABLE_NAME FROM INFORMATION_SCHEMA.TABLES  where TABLE_SCHEMA='PUBLIC'
P6SPY_SQL: SELECT SEQUENCE_NAME FROM INFORMATION_SCHEMA.SEQUENCES WHERE SEQUENCE_SCHEMA='PUBLIC'
P6SPY_SQL: select dbdirectin0_.id as id1_0_, dbdirectin0_.x as x2_0_, dbdirectin0_.y as y3_0_ from db_direct_int_entity dbdirectin0_ where dbdirectin0_.x=3 and dbdirectin0_.y=403
P6SPY_SQL: SELECT dbdirectin0_.id AS id1_0_, dbdirectin0_.x AS x2_0_, dbdirectin0_.y AS y3_0_ FROM db_direct_int_entity dbdirectin0_
P6SPY_SQL: SELECT TABLE_NAME FROM INFORMATION_SCHEMA.TABLES  where TABLE_SCHEMA='PUBLIC'
P6SPY_SQL: SELECT SEQUENCE_NAME FROM INFORMATION_SCHEMA.SEQUENCES WHERE SEQUENCE_SCHEMA='PUBLIC'
P6SPY_SQL: select dbdirectin0_.id as id1_0_, dbdirectin0_.x as x2_0_, dbdirectin0_.y as y3_0_ from db_direct_int_entity dbdirectin0_ where dbdirectin0_.x=3 and dbdirectin0_.y=403
P6SPY_SQL: SELECT dbdirectin0_.id AS id1_0_, dbdirectin0_.x AS x2_0_, dbdirectin0_.y AS y3_0_ FROM db_direct_int_entity dbdirectin0_
P6SPY_SQL: SELECT TABLE_NAME FROM INFORMATION_SCHEMA.TABLES  where TABLE_SCHEMA='PUBLIC'
P6SPY_SQL: SELECT SEQUENCE_NAME FROM INFORMATION_SCHEMA.SEQUENCES WHERE SEQUENCE_SCHEMA='PUBLIC'
P6SPY_SQL: select dbdirectin0_.id as id1_0_, dbdirectin0_.x as x2_0_, dbdirectin0_.y as y3_0_ from db_direct_int_entity dbdirectin0_ where dbdirectin0_.x=3 and dbdirectin0_.y=403
P6SPY_SQL: SELECT dbdirectin0_.id AS id1_0_, dbdirectin0_.x AS x2_0_, dbdirectin0_.y AS y3_0_ FROM db_direct_int_entity dbdirectin0_
P6SPY_SQL: SELECT TABLE_NAME FROM INFORMATION_SCHEMA.TABLES  where TABLE_SCHEMA='PUBLIC'
P6SPY_SQL: SELECT SEQUENCE_NAME FROM INFORMATION_SCHEMA.SEQUENCES WHERE SEQUENCE_SCHEMA='PUBLIC'
P6SPY_SQL: select dbdirectin0_.id as id1_0_, dbdirectin0_.x as x2_0_, dbdirectin0_.y as y3_0_ from db_direct_int_entity dbdirectin0_ where dbdirectin0_.x=3 and dbdirectin0_.y=403
P6SPY_SQL: SELECT dbdirectin0_.id AS id1_0_, dbdirectin0_.x AS x2_0_, dbdirectin0_.y AS y3_0_ FROM db_direct_int_entity dbdirectin0_
P6SPY_SQL: SELECT TABLE_NAME FROM INFORMATION_SCHEMA.TABLES  where TABLE_SCHEMA='PUBLIC'
P6SPY_SQL: SELECT SEQUENCE_NAME FROM INFORMATION_SCHEMA.SEQUENCES WHERE SEQUENCE_SCHEMA='PUBLIC'
P6SPY_SQL: select dbdirectin0_.id as id1_0_, dbdirectin0_.x as x2_0_, dbdirectin0_.y as y3_0_ from db_direct_int_entity dbdirectin0_ where dbdirectin0_.x=3 and dbdirectin0_.y=403
P6SPY_SQL: SELECT dbdirectin0_.id AS id1_0_, dbdirectin0_.x AS x2_0_, dbdirectin0_.y AS y3_0_ FROM db_direct_int_entity dbdirectin0_
P6SPY_SQL: SELECT TABLE_NAME FROM INFORMATION_SCHEMA.TABLES  where TABLE_SCHEMA='PUBLIC'
P6SPY_SQL: SELECT SEQUENCE_NAME FROM INFORMATION_SCHEMA.SEQUENCES WHERE SEQUENCE_SCHEMA='PUBLIC'
P6SPY_SQL: select dbdirectin0_.id as id1_0_, dbdirectin0_.x as x2_0_, dbdirectin0_.y as y3_0_ from db_direct_int_entity dbdirectin0_ where dbdirectin0_.x=3 and dbdirectin0_.y=403
P6SPY_SQL: SELECT dbdirectin0_.id AS id1_0_, dbdirectin0_.x AS x2_0_, dbdirectin0_.y AS y3_0_ FROM db_direct_int_entity dbdirectin0_
P6SPY_SQL: SELECT TABLE_NAME FROM INFORMATION_SCHEMA.TABLES  where TABLE_SCHEMA='PUBLIC'
P6SPY_SQL: SELECT SEQUENCE_NAME FROM INFORMATION_SCHEMA.SEQUENCES WHERE SEQUENCE_SCHEMA='PUBLIC'
P6SPY_SQL: select dbdirectin0_.id as id1_0_, dbdirectin0_.x as x2_0_, dbdirectin0_.y as y3_0_ from db_direct_int_entity dbdirectin0_ where dbdirectin0_.x=3 and dbdirectin0_.y=403
P6SPY_SQL: SELECT dbdirectin0_.id AS id1_0_, dbdirectin0_.x AS x2_0_, dbdirectin0_.y AS y3_0_ FROM db_direct_int_entity dbdirectin0_
P6SPY_SQL: SELECT TABLE_NAME FROM INFORMATION_SCHEMA.TABLES  where TABLE_SCHEMA='PUBLIC'
P6SPY_SQL: SELECT SEQUENCE_NAME FROM INFORMATION_SCHEMA.SEQUENCES WHERE SEQUENCE_SCHEMA='PUBLIC'
P6SPY_SQL: select dbdirectin0_.id as id1_0_, dbdirectin0_.x as x2_0_, dbdirectin0_.y as y3_0_ from db_direct_int_entity dbdirectin0_ where dbdirectin0_.x=3 and dbdirectin0_.y=403
P6SPY_SQL: SELECT dbdirectin0_.id AS id1_0_, dbdirectin0_.x AS x2_0_, dbdirectin0_.y AS y3_0_ FROM db_direct_int_entity dbdirectin0_
P6SPY_SQL: SELECT TABLE_NAME FROM INFORMATION_SCHEMA.TABLES  where TABLE_SCHEMA='PUBLIC'
P6SPY_SQL: SELECT SEQUENCE_NAME FROM INFORMATION_SCHEMA.SEQUENCES WHERE SEQUENCE_SCHEMA='PUBLIC'
P6SPY_SQL: select dbdirectin0_.id as id1_0_, dbdirectin0_.x as x2_0_, dbdirectin0_.y as y3_0_ from db_direct_int_entity dbdirectin0_ where dbdirectin0_.x=3 and dbdirectin0_.y=403
P6SPY_SQL: SELECT dbdirectin0_.id AS id1_0_, dbdirectin0_.x AS x2_0_, dbdirectin0_.y AS y3_0_ FROM db_direct_int_entity dbdirectin0_
&amp#27;[1A&amp#27;[2K* Consumed search budget: 36%
P6SPY_SQL: SELECT TABLE_NAME FROM INFORMATION_SCHEMA.TABLES  where TABLE_SCHEMA='PUBLIC'
P6SPY_SQL: SELECT SEQUENCE_NAME FROM INFORMATION_SCHEMA.SEQUENCES WHERE SEQUENCE_SCHEMA='PUBLIC'
P6SPY_SQL: select dbdirectin0_.id as id1_0_, dbdirectin0_.x as x2_0_, dbdirectin0_.y as y3_0_ from db_direct_int_entity dbdirectin0_ where dbdirectin0_.x=3 and dbdirectin0_.y=403
P6SPY_SQL: SELECT dbdirectin0_.id AS id1_0_, dbdirectin0_.x AS x2_0_, dbdirectin0_.y AS y3_0_ FROM db_direct_int_entity dbdirectin0_
P6SPY_SQL: SELECT TABLE_NAME FROM INFORMATION_SCHEMA.TABLES  where TABLE_SCHEMA='PUBLIC'
P6SPY_SQL: SELECT SEQUENCE_NAME FROM INFORMATION_SCHEMA.SEQUENCES WHERE SEQUENCE_SCHEMA='PUBLIC'
P6SPY_SQL: select dbdirectin0_.id as id1_0_, dbdirectin0_.x as x2_0_, dbdirectin0_.y as y3_0_ from db_direct_int_entity dbdirectin0_ where dbdirectin0_.x=3 and dbdirectin0_.y=403
P6SPY_SQL: SELECT dbdirectin0_.id AS id1_0_, dbdirectin0_.x AS x2_0_, dbdirectin0_.y AS y3_0_ FROM db_direct_int_entity dbdirectin0_
P6SPY_SQL: SELECT TABLE_NAME FROM INFORMATION_SCHEMA.TABLES  where TABLE_SCHEMA='PUBLIC'
P6SPY_SQL: SELECT SEQUENCE_NAME FROM INFORMATION_SCHEMA.SEQUENCES WHERE SEQUENCE_SCHEMA='PUBLIC'
P6SPY_SQL: select dbdirectin0_.id as id1_0_, dbdirectin0_.x as x2_0_, dbdirectin0_.y as y3_0_ from db_direct_int_entity dbdirectin0_ where dbdirectin0_.x=3 and dbdirectin0_.y=403
P6SPY_SQL: SELECT dbdirectin0_.id AS id1_0_, dbdirectin0_.x AS x2_0_, dbdirectin0_.y AS y3_0_ FROM db_direct_int_entity dbdirectin0_
P6SPY_SQL: SELECT TABLE_NAME FROM INFORMATION_SCHEMA.TABLES  where TABLE_SCHEMA='PUBLIC'
P6SPY_SQL: SELECT SEQUENCE_NAME FROM INFORMATION_SCHEMA.SEQUENCES WHERE SEQUENCE_SCHEMA='PUBLIC'
P6SPY_SQL: select dbdirectin0_.id as id1_0_, dbdirectin0_.x as x2_0_, dbdirectin0_.y as y3_0_ from db_direct_int_entity dbdirectin0_ where dbdirectin0_.x=3 and dbdirectin0_.y=403
P6SPY_SQL: SELECT dbdirectin0_.id AS id1_0_, dbdirectin0_.x AS x2_0_, dbdirectin0_.y AS y3_0_ FROM db_direct_int_entity dbdirectin0_
P6SPY_SQL: SELECT TABLE_NAME FROM INFORMATION_SCHEMA.TABLES  where TABLE_SCHEMA='PUBLIC'
P6SPY_SQL: SELECT SEQUENCE_NAME FROM INFORMATION_SCHEMA.SEQUENCES WHERE SEQUENCE_SCHEMA='PUBLIC'
P6SPY_SQL: select dbdirectin0_.id as id1_0_, dbdirectin0_.x as x2_0_, dbdirectin0_.y as y3_0_ from db_direct_int_entity dbdirectin0_ where dbdirectin0_.x=3 and dbdirectin0_.y=403
P6SPY_SQL: SELECT dbdirectin0_.id AS id1_0_, dbdirectin0_.x AS x2_0_, dbdirectin0_.y AS y3_0_ FROM db_direct_int_entity dbdirectin0_
P6SPY_SQL: SELECT TABLE_NAME FROM INFORMATION_SCHEMA.TABLES  where TABLE_SCHEMA='PUBLIC'
P6SPY_SQL: SELECT SEQUENCE_NAME FROM INFORMATION_SCHEMA.SEQUENCES WHERE SEQUENCE_SCHEMA='PUBLIC'
P6SPY_SQL: select dbdirectin0_.id as id1_0_, dbdirectin0_.x as x2_0_, dbdirectin0_.y as y3_0_ from db_direct_int_entity dbdirectin0_ where dbdirectin0_.x=3 and dbdirectin0_.y=403
P6SPY_SQL: SELECT dbdirectin0_.id AS id1_0_, dbdirectin0_.x AS x2_0_, dbdirectin0_.y AS y3_0_ FROM db_direct_int_entity dbdirectin0_
P6SPY_SQL: SELECT TABLE_NAME FROM INFORMATION_SCHEMA.TABLES  where TABLE_SCHEMA='PUBLIC'
P6SPY_SQL: SELECT SEQUENCE_NAME FROM INFORMATION_SCHEMA.SEQUENCES WHERE SEQUENCE_SCHEMA='PUBLIC'
P6SPY_SQL: select dbdirectin0_.id as id1_0_, dbdirectin0_.x as x2_0_, dbdirectin0_.y as y3_0_ from db_direct_int_entity dbdirectin0_ where dbdirectin0_.x=3 and dbdirectin0_.y=403
P6SPY_SQL: SELECT dbdirectin0_.id AS id1_0_, dbdirectin0_.x AS x2_0_, dbdirectin0_.y AS y3_0_ FROM db_direct_int_entity dbdirectin0_
P6SPY_SQL: SELECT TABLE_NAME FROM INFORMATION_SCHEMA.TABLES  where TABLE_SCHEMA='PUBLIC'
P6SPY_SQL: SELECT SEQUENCE_NAME FROM INFORMATION_SCHEMA.SEQUENCES WHERE SEQUENCE_SCHEMA='PUBLIC'
P6SPY_SQL: select dbdirectin0_.id as id1_0_, dbdirectin0_.x as x2_0_, dbdirectin0_.y as y3_0_ from db_direct_int_entity dbdirectin0_ where dbdirectin0_.x=3 and dbdirectin0_.y=403
P6SPY_SQL: SELECT dbdirectin0_.id AS id1_0_, dbdirectin0_.x AS x2_0_, dbdirectin0_.y AS y3_0_ FROM db_direct_int_entity dbdirectin0_
P6SPY_SQL: SELECT TABLE_NAME FROM INFORMATION_SCHEMA.TABLES  where TABLE_SCHEMA='PUBLIC'
P6SPY_SQL: SELECT SEQUENCE_NAME FROM INFORMATION_SCHEMA.SEQUENCES WHERE SEQUENCE_SCHEMA='PUBLIC'
P6SPY_SQL: select dbdirectin0_.id as id1_0_, dbdirectin0_.x as x2_0_, dbdirectin0_.y as y3_0_ from db_direct_int_entity dbdirectin0_ where dbdirectin0_.x=3 and dbdirectin0_.y=403
P6SPY_SQL: SELECT dbdirectin0_.id AS id1_0_, dbdirectin0_.x AS x2_0_, dbdirectin0_.y AS y3_0_ FROM db_direct_int_entity dbdirectin0_
P6SPY_SQL: SELECT TABLE_NAME FROM INFORMATION_SCHEMA.TABLES  where TABLE_SCHEMA='PUBLIC'
P6SPY_SQL: SELECT SEQUENCE_NAME FROM INFORMATION_SCHEMA.SEQUENCES WHERE SEQUENCE_SCHEMA='PUBLIC'
P6SPY_SQL: select dbdirectin0_.id as id1_0_, dbdirectin0_.x as x2_0_, dbdirectin0_.y as y3_0_ from db_direct_int_entity dbdirectin0_ where dbdirectin0_.x=3 and dbdirectin0_.y=403
P6SPY_SQL: SELECT dbdirectin0_.id AS id1_0_, dbdirectin0_.x AS x2_0_, dbdirectin0_.y AS y3_0_ FROM db_direct_int_entity dbdirectin0_
&amp#27;[1A&amp#27;[2K* Consumed search budget: 37%
P6SPY_SQL: SELECT TABLE_NAME FROM INFORMATION_SCHEMA.TABLES  where TABLE_SCHEMA='PUBLIC'
P6SPY_SQL: SELECT SEQUENCE_NAME FROM INFORMATION_SCHEMA.SEQUENCES WHERE SEQUENCE_SCHEMA='PUBLIC'
P6SPY_SQL: select dbdirectin0_.id as id1_0_, dbdirectin0_.x as x2_0_, dbdirectin0_.y as y3_0_ from db_direct_int_entity dbdirectin0_ where dbdirectin0_.x=3 and dbdirectin0_.y=403
P6SPY_SQL: SELECT dbdirectin0_.id AS id1_0_, dbdirectin0_.x AS x2_0_, dbdirectin0_.y AS y3_0_ FROM db_direct_int_entity dbdirectin0_
P6SPY_SQL: SELECT TABLE_NAME FROM INFORMATION_SCHEMA.TABLES  where TABLE_SCHEMA='PUBLIC'
P6SPY_SQL: SELECT SEQUENCE_NAME FROM INFORMATION_SCHEMA.SEQUENCES WHERE SEQUENCE_SCHEMA='PUBLIC'
P6SPY_SQL: select dbdirectin0_.id as id1_0_, dbdirectin0_.x as x2_0_, dbdirectin0_.y as y3_0_ from db_direct_int_entity dbdirectin0_ where dbdirectin0_.x=3 and dbdirectin0_.y=403
P6SPY_SQL: SELECT dbdirectin0_.id AS id1_0_, dbdirectin0_.x AS x2_0_, dbdirectin0_.y AS y3_0_ FROM db_direct_int_entity dbdirectin0_
P6SPY_SQL: SELECT TABLE_NAME FROM INFORMATION_SCHEMA.TABLES  where TABLE_SCHEMA='PUBLIC'
P6SPY_SQL: SELECT SEQUENCE_NAME FROM INFORMATION_SCHEMA.SEQUENCES WHERE SEQUENCE_SCHEMA='PUBLIC'
P6SPY_SQL: select dbdirectin0_.id as id1_0_, dbdirectin0_.x as x2_0_, dbdirectin0_.y as y3_0_ from db_direct_int_entity dbdirectin0_ where dbdirectin0_.x=3 and dbdirectin0_.y=403
P6SPY_SQL: SELECT dbdirectin0_.id AS id1_0_, dbdirectin0_.x AS x2_0_, dbdirectin0_.y AS y3_0_ FROM db_direct_int_entity dbdirectin0_
P6SPY_SQL: SELECT TABLE_NAME FROM INFORMATION_SCHEMA.TABLES  where TABLE_SCHEMA='PUBLIC'
P6SPY_SQL: SELECT SEQUENCE_NAME FROM INFORMATION_SCHEMA.SEQUENCES WHERE SEQUENCE_SCHEMA='PUBLIC'
P6SPY_SQL: select dbdirectin0_.id as id1_0_, dbdirectin0_.x as x2_0_, dbdirectin0_.y as y3_0_ from db_direct_int_entity dbdirectin0_ where dbdirectin0_.x=3 and dbdirectin0_.y=403
P6SPY_SQL: SELECT dbdirectin0_.id AS id1_0_, dbdirectin0_.x AS x2_0_, dbdirectin0_.y AS y3_0_ FROM db_direct_int_entity dbdirectin0_
P6SPY_SQL: SELECT TABLE_NAME FROM INFORMATION_SCHEMA.TABLES  where TABLE_SCHEMA='PUBLIC'
P6SPY_SQL: SELECT SEQUENCE_NAME FROM INFORMATION_SCHEMA.SEQUENCES WHERE SEQUENCE_SCHEMA='PUBLIC'
P6SPY_SQL: select dbdirectin0_.id as id1_0_, dbdirectin0_.x as x2_0_, dbdirectin0_.y as y3_0_ from db_direct_int_entity dbdirectin0_ where dbdirectin0_.x=3 and dbdirectin0_.y=403
P6SPY_SQL: SELECT dbdirectin0_.id AS id1_0_, dbdirectin0_.x AS x2_0_, dbdirectin0_.y AS y3_0_ FROM db_direct_int_entity dbdirectin0_
P6SPY_SQL: SELECT TABLE_NAME FROM INFORMATION_SCHEMA.TABLES  where TABLE_SCHEMA='PUBLIC'
P6SPY_SQL: SELECT SEQUENCE_NAME FROM INFORMATION_SCHEMA.SEQUENCES WHERE SEQUENCE_SCHEMA='PUBLIC'
P6SPY_SQL: select dbdirectin0_.id as id1_0_, dbdirectin0_.x as x2_0_, dbdirectin0_.y as y3_0_ from db_direct_int_entity dbdirectin0_ where dbdirectin0_.x=3 and dbdirectin0_.y=403
P6SPY_SQL: SELECT dbdirectin0_.id AS id1_0_, dbdirectin0_.x AS x2_0_, dbdirectin0_.y AS y3_0_ FROM db_direct_int_entity dbdirectin0_
P6SPY_SQL: SELECT TABLE_NAME FROM INFORMATION_SCHEMA.TABLES  where TABLE_SCHEMA='PUBLIC'
P6SPY_SQL: SELECT SEQUENCE_NAME FROM INFORMATION_SCHEMA.SEQUENCES WHERE SEQUENCE_SCHEMA='PUBLIC'
P6SPY_SQL: select dbdirectin0_.id as id1_0_, dbdirectin0_.x as x2_0_, dbdirectin0_.y as y3_0_ from db_direct_int_entity dbdirectin0_ where dbdirectin0_.x=3 and dbdirectin0_.y=403
P6SPY_SQL: SELECT dbdirectin0_.id AS id1_0_, dbdirectin0_.x AS x2_0_, dbdirectin0_.y AS y3_0_ FROM db_direct_int_entity dbdirectin0_
P6SPY_SQL: SELECT TABLE_NAME FROM INFORMATION_SCHEMA.TABLES  where TABLE_SCHEMA='PUBLIC'
P6SPY_SQL: SELECT SEQUENCE_NAME FROM INFORMATION_SCHEMA.SEQUENCES WHERE SEQUENCE_SCHEMA='PUBLIC'
P6SPY_SQL: select dbdirectin0_.id as id1_0_, dbdirectin0_.x as x2_0_, dbdirectin0_.y as y3_0_ from db_direct_int_entity dbdirectin0_ where dbdirectin0_.x=3 and dbdirectin0_.y=403
P6SPY_SQL: SELECT dbdirectin0_.id AS id1_0_, dbdirectin0_.x AS x2_0_, dbdirectin0_.y AS y3_0_ FROM db_direct_int_entity dbdirectin0_
P6SPY_SQL: SELECT TABLE_NAME FROM INFORMATION_SCHEMA.TABLES  where TABLE_SCHEMA='PUBLIC'
P6SPY_SQL: SELECT SEQUENCE_NAME FROM INFORMATION_SCHEMA.SEQUENCES WHERE SEQUENCE_SCHEMA='PUBLIC'
P6SPY_SQL: select dbdirectin0_.id as id1_0_, dbdirectin0_.x as x2_0_, dbdirectin0_.y as y3_0_ from db_direct_int_entity dbdirectin0_ where dbdirectin0_.x=3 and dbdirectin0_.y=403
P6SPY_SQL: SELECT dbdirectin0_.id AS id1_0_, dbdirectin0_.x AS x2_0_, dbdirectin0_.y AS y3_0_ FROM db_direct_int_entity dbdirectin0_
P6SPY_SQL: SELECT TABLE_NAME FROM INFORMATION_SCHEMA.TABLES  where TABLE_SCHEMA='PUBLIC'
P6SPY_SQL: SELECT SEQUENCE_NAME FROM INFORMATION_SCHEMA.SEQUENCES WHERE SEQUENCE_SCHEMA='PUBLIC'
P6SPY_SQL: select dbdirectin0_.id as id1_0_, dbdirectin0_.x as x2_0_, dbdirectin0_.y as y3_0_ from db_direct_int_entity dbdirectin0_ where dbdirectin0_.x=3 and dbdirectin0_.y=403
P6SPY_SQL: SELECT dbdirectin0_.id AS id1_0_, dbdirectin0_.x AS x2_0_, dbdirectin0_.y AS y3_0_ FROM db_direct_int_entity dbdirectin0_
&amp#27;[1A&amp#27;[2K* Consumed search budget: 38%
P6SPY_SQL: SELECT TABLE_NAME FROM INFORMATION_SCHEMA.TABLES  where TABLE_SCHEMA='PUBLIC'
P6SPY_SQL: SELECT SEQUENCE_NAME FROM INFORMATION_SCHEMA.SEQUENCES WHERE SEQUENCE_SCHEMA='PUBLIC'
P6SPY_SQL: select dbdirectin0_.id as id1_0_, dbdirectin0_.x as x2_0_, dbdirectin0_.y as y3_0_ from db_direct_int_entity dbdirectin0_ where dbdirectin0_.x=3 and dbdirectin0_.y=403
P6SPY_SQL: SELECT dbdirectin0_.id AS id1_0_, dbdirectin0_.x AS x2_0_, dbdirectin0_.y AS y3_0_ FROM db_direct_int_entity dbdirectin0_
P6SPY_SQL: SELECT TABLE_NAME FROM INFORMATION_SCHEMA.TABLES  where TABLE_SCHEMA='PUBLIC'
P6SPY_SQL: SELECT SEQUENCE_NAME FROM INFORMATION_SCHEMA.SEQUENCES WHERE SEQUENCE_SCHEMA='PUBLIC'
P6SPY_SQL: select dbdirectin0_.id as id1_0_, dbdirectin0_.x as x2_0_, dbdirectin0_.y as y3_0_ from db_direct_int_entity dbdirectin0_ where dbdirectin0_.x=3 and dbdirectin0_.y=403
P6SPY_SQL: SELECT dbdirectin0_.id AS id1_0_, dbdirectin0_.x AS x2_0_, dbdirectin0_.y AS y3_0_ FROM db_direct_int_entity dbdirectin0_
P6SPY_SQL: SELECT TABLE_NAME FROM INFORMATION_SCHEMA.TABLES  where TABLE_SCHEMA='PUBLIC'
P6SPY_SQL: SELECT SEQUENCE_NAME FROM INFORMATION_SCHEMA.SEQUENCES WHERE SEQUENCE_SCHEMA='PUBLIC'
P6SPY_SQL: select dbdirectin0_.id as id1_0_, dbdirectin0_.x as x2_0_, dbdirectin0_.y as y3_0_ from db_direct_int_entity dbdirectin0_ where dbdirectin0_.x=3 and dbdirectin0_.y=403
P6SPY_SQL: SELECT dbdirectin0_.id AS id1_0_, dbdirectin0_.x AS x2_0_, dbdirectin0_.y AS y3_0_ FROM db_direct_int_entity dbdirectin0_
P6SPY_SQL: SELECT TABLE_NAME FROM INFORMATION_SCHEMA.TABLES  where TABLE_SCHEMA='PUBLIC'
P6SPY_SQL: SELECT SEQUENCE_NAME FROM INFORMATION_SCHEMA.SEQUENCES WHERE SEQUENCE_SCHEMA='PUBLIC'
P6SPY_SQL: select dbdirectin0_.id as id1_0_, dbdirectin0_.x as x2_0_, dbdirectin0_.y as y3_0_ from db_direct_int_entity dbdirectin0_ where dbdirectin0_.x=3 and dbdirectin0_.y=403
P6SPY_SQL: SELECT dbdirectin0_.id AS id1_0_, dbdirectin0_.x AS x2_0_, dbdirectin0_.y AS y3_0_ FROM db_direct_int_entity dbdirectin0_
P6SPY_SQL: SELECT TABLE_NAME FROM INFORMATION_SCHEMA.TABLES  where TABLE_SCHEMA='PUBLIC'
P6SPY_SQL: SELECT SEQUENCE_NAME FROM INFORMATION_SCHEMA.SEQUENCES WHERE SEQUENCE_SCHEMA='PUBLIC'
P6SPY_SQL: select dbdirectin0_.id as id1_0_, dbdirectin0_.x as x2_0_, dbdirectin0_.y as y3_0_ from db_direct_int_entity dbdirectin0_ where dbdirectin0_.x=3 and dbdirectin0_.y=403
P6SPY_SQL: SELECT dbdirectin0_.id AS id1_0_, dbdirectin0_.x AS x2_0_, dbdirectin0_.y AS y3_0_ FROM db_direct_int_entity dbdirectin0_
P6SPY_SQL: SELECT TABLE_NAME FROM INFORMATION_SCHEMA.TABLES  where TABLE_SCHEMA='PUBLIC'
P6SPY_SQL: SELECT SEQUENCE_NAME FROM INFORMATION_SCHEMA.SEQUENCES WHERE SEQUENCE_SCHEMA='PUBLIC'
P6SPY_SQL: select dbdirectin0_.id as id1_0_, dbdirectin0_.x as x2_0_, dbdirectin0_.y as y3_0_ from db_direct_int_entity dbdirectin0_ where dbdirectin0_.x=3 and dbdirectin0_.y=403
P6SPY_SQL: SELECT dbdirectin0_.id AS id1_0_, dbdirectin0_.x AS x2_0_, dbdirectin0_.y AS y3_0_ FROM db_direct_int_entity dbdirectin0_
P6SPY_SQL: SELECT TABLE_NAME FROM INFORMATION_SCHEMA.TABLES  where TABLE_SCHEMA='PUBLIC'
P6SPY_SQL: SELECT SEQUENCE_NAME FROM INFORMATION_SCHEMA.SEQUENCES WHERE SEQUENCE_SCHEMA='PUBLIC'
P6SPY_SQL: select dbdirectin0_.id as id1_0_, dbdirectin0_.x as x2_0_, dbdirectin0_.y as y3_0_ from db_direct_int_entity dbdirectin0_ where dbdirectin0_.x=3 and dbdirectin0_.y=403
P6SPY_SQL: SELECT dbdirectin0_.id AS id1_0_, dbdirectin0_.x AS x2_0_, dbdirectin0_.y AS y3_0_ FROM db_direct_int_entity dbdirectin0_
P6SPY_SQL: SELECT TABLE_NAME FROM INFORMATION_SCHEMA.TABLES  where TABLE_SCHEMA='PUBLIC'
P6SPY_SQL: SELECT SEQUENCE_NAME FROM INFORMATION_SCHEMA.SEQUENCES WHERE SEQUENCE_SCHEMA='PUBLIC'
P6SPY_SQL: select dbdirectin0_.id as id1_0_, dbdirectin0_.x as x2_0_, dbdirectin0_.y as y3_0_ from db_direct_int_entity dbdirectin0_ where dbdirectin0_.x=3 and dbdirectin0_.y=403
P6SPY_SQL: SELECT dbdirectin0_.id AS id1_0_, dbdirectin0_.x AS x2_0_, dbdirectin0_.y AS y3_0_ FROM db_direct_int_entity dbdirectin0_
P6SPY_SQL: SELECT TABLE_NAME FROM INFORMATION_SCHEMA.TABLES  where TABLE_SCHEMA='PUBLIC'
P6SPY_SQL: SELECT SEQUENCE_NAME FROM INFORMATION_SCHEMA.SEQUENCES WHERE SEQUENCE_SCHEMA='PUBLIC'
P6SPY_SQL: select dbdirectin0_.id as id1_0_, dbdirectin0_.x as x2_0_, dbdirectin0_.y as y3_0_ from db_direct_int_entity dbdirectin0_ where dbdirectin0_.x=3 and dbdirectin0_.y=403
P6SPY_SQL: SELECT dbdirectin0_.id AS id1_0_, dbdirectin0_.x AS x2_0_, dbdirectin0_.y AS y3_0_ FROM db_direct_int_entity dbdirectin0_
P6SPY_SQL: SELECT TABLE_NAME FROM INFORMATION_SCHEMA.TABLES  where TABLE_SCHEMA='PUBLIC'
P6SPY_SQL: SELECT SEQUENCE_NAME FROM INFORMATION_SCHEMA.SEQUENCES WHERE SEQUENCE_SCHEMA='PUBLIC'
P6SPY_SQL: select dbdirectin0_.id as id1_0_, dbdirectin0_.x as x2_0_, dbdirectin0_.y as y3_0_ from db_direct_int_entity dbdirectin0_ where dbdirectin0_.x=3 and dbdirectin0_.y=403
P6SPY_SQL: SELECT dbdirectin0_.id AS id1_0_, dbdirectin0_.x AS x2_0_, dbdirectin0_.y AS y3_0_ FROM db_direct_int_entity dbdirectin0_
&amp#27;[1A&amp#27;[2K* Consumed search budget: 39%
P6SPY_SQL: SELECT TABLE_NAME FROM INFORMATION_SCHEMA.TABLES  where TABLE_SCHEMA='PUBLIC'
P6SPY_SQL: SELECT SEQUENCE_NAME FROM INFORMATION_SCHEMA.SEQUENCES WHERE SEQUENCE_SCHEMA='PUBLIC'
P6SPY_SQL: select dbdirectin0_.id as id1_0_, dbdirectin0_.x as x2_0_, dbdirectin0_.y as y3_0_ from db_direct_int_entity dbdirectin0_ where dbdirectin0_.x=3 and dbdirectin0_.y=403
P6SPY_SQL: SELECT dbdirectin0_.id AS id1_0_, dbdirectin0_.x AS x2_0_, dbdirectin0_.y AS y3_0_ FROM db_direct_int_entity dbdirectin0_
P6SPY_SQL: SELECT TABLE_NAME FROM INFORMATION_SCHEMA.TABLES  where TABLE_SCHEMA='PUBLIC'
P6SPY_SQL: SELECT SEQUENCE_NAME FROM INFORMATION_SCHEMA.SEQUENCES WHERE SEQUENCE_SCHEMA='PUBLIC'
P6SPY_SQL: select dbdirectin0_.id as id1_0_, dbdirectin0_.x as x2_0_, dbdirectin0_.y as y3_0_ from db_direct_int_entity dbdirectin0_ where dbdirectin0_.x=3 and dbdirectin0_.y=403
P6SPY_SQL: SELECT dbdirectin0_.id AS id1_0_, dbdirectin0_.x AS x2_0_, dbdirectin0_.y AS y3_0_ FROM db_direct_int_entity dbdirectin0_
P6SPY_SQL: SELECT TABLE_NAME FROM INFORMATION_SCHEMA.TABLES  where TABLE_SCHEMA='PUBLIC'
P6SPY_SQL: SELECT SEQUENCE_NAME FROM INFORMATION_SCHEMA.SEQUENCES WHERE SEQUENCE_SCHEMA='PUBLIC'
P6SPY_SQL: select dbdirectin0_.id as id1_0_, dbdirectin0_.x as x2_0_, dbdirectin0_.y as y3_0_ from db_direct_int_entity dbdirectin0_ where dbdirectin0_.x=3 and dbdirectin0_.y=403
P6SPY_SQL: SELECT dbdirectin0_.id AS id1_0_, dbdirectin0_.x AS x2_0_, dbdirectin0_.y AS y3_0_ FROM db_direct_int_entity dbdirectin0_
P6SPY_SQL: SELECT TABLE_NAME FROM INFORMATION_SCHEMA.TABLES  where TABLE_SCHEMA='PUBLIC'
P6SPY_SQL: SELECT SEQUENCE_NAME FROM INFORMATION_SCHEMA.SEQUENCES WHERE SEQUENCE_SCHEMA='PUBLIC'
P6SPY_SQL: select dbdirectin0_.id as id1_0_, dbdirectin0_.x as x2_0_, dbdirectin0_.y as y3_0_ from db_direct_int_entity dbdirectin0_ where dbdirectin0_.x=3 and dbdirectin0_.y=403
P6SPY_SQL: SELECT dbdirectin0_.id AS id1_0_, dbdirectin0_.x AS x2_0_, dbdirectin0_.y AS y3_0_ FROM db_direct_int_entity dbdirectin0_
P6SPY_SQL: SELECT TABLE_NAME FROM INFORMATION_SCHEMA.TABLES  where TABLE_SCHEMA='PUBLIC'
P6SPY_SQL: SELECT SEQUENCE_NAME FROM INFORMATION_SCHEMA.SEQUENCES WHERE SEQUENCE_SCHEMA='PUBLIC'
P6SPY_SQL: select dbdirectin0_.id as id1_0_, dbdirectin0_.x as x2_0_, dbdirectin0_.y as y3_0_ from db_direct_int_entity dbdirectin0_ where dbdirectin0_.x=3 and dbdirectin0_.y=403
P6SPY_SQL: SELECT dbdirectin0_.id AS id1_0_, dbdirectin0_.x AS x2_0_, dbdirectin0_.y AS y3_0_ FROM db_direct_int_entity dbdirectin0_
P6SPY_SQL: SELECT TABLE_NAME FROM INFORMATION_SCHEMA.TABLES  where TABLE_SCHEMA='PUBLIC'
P6SPY_SQL: SELECT SEQUENCE_NAME FROM INFORMATION_SCHEMA.SEQUENCES WHERE SEQUENCE_SCHEMA='PUBLIC'
P6SPY_SQL: select dbdirectin0_.id as id1_0_, dbdirectin0_.x as x2_0_, dbdirectin0_.y as y3_0_ from db_direct_int_entity dbdirectin0_ where dbdirectin0_.x=3 and dbdirectin0_.y=403
P6SPY_SQL: SELECT dbdirectin0_.id AS id1_0_, dbdirectin0_.x AS x2_0_, dbdirectin0_.y AS y3_0_ FROM db_direct_int_entity dbdirectin0_
P6SPY_SQL: SELECT TABLE_NAME FROM INFORMATION_SCHEMA.TABLES  where TABLE_SCHEMA='PUBLIC'
P6SPY_SQL: SELECT SEQUENCE_NAME FROM INFORMATION_SCHEMA.SEQUENCES WHERE SEQUENCE_SCHEMA='PUBLIC'
P6SPY_SQL: select dbdirectin0_.id as id1_0_, dbdirectin0_.x as x2_0_, dbdirectin0_.y as y3_0_ from db_direct_int_entity dbdirectin0_ where dbdirectin0_.x=3 and dbdirectin0_.y=403
P6SPY_SQL: SELECT dbdirectin0_.id AS id1_0_, dbdirectin0_.x AS x2_0_, dbdirectin0_.y AS y3_0_ FROM db_direct_int_entity dbdirectin0_
P6SPY_SQL: SELECT TABLE_NAME FROM INFORMATION_SCHEMA.TABLES  where TABLE_SCHEMA='PUBLIC'
P6SPY_SQL: SELECT SEQUENCE_NAME FROM INFORMATION_SCHEMA.SEQUENCES WHERE SEQUENCE_SCHEMA='PUBLIC'
P6SPY_SQL: select dbdirectin0_.id as id1_0_, dbdirectin0_.x as x2_0_, dbdirectin0_.y as y3_0_ from db_direct_int_entity dbdirectin0_ where dbdirectin0_.x=3 and dbdirectin0_.y=403
P6SPY_SQL: SELECT dbdirectin0_.id AS id1_0_, dbdirectin0_.x AS x2_0_, dbdirectin0_.y AS y3_0_ FROM db_direct_int_entity dbdirectin0_
P6SPY_SQL: SELECT TABLE_NAME FROM INFORMATION_SCHEMA.TABLES  where TABLE_SCHEMA='PUBLIC'
P6SPY_SQL: SELECT SEQUENCE_NAME FROM INFORMATION_SCHEMA.SEQUENCES WHERE SEQUENCE_SCHEMA='PUBLIC'
P6SPY_SQL: select dbdirectin0_.id as id1_0_, dbdirectin0_.x as x2_0_, dbdirectin0_.y as y3_0_ from db_direct_int_entity dbdirectin0_ where dbdirectin0_.x=3 and dbdirectin0_.y=403
P6SPY_SQL: SELECT dbdirectin0_.id AS id1_0_, dbdirectin0_.x AS x2_0_, dbdirectin0_.y AS y3_0_ FROM db_direct_int_entity dbdirectin0_
P6SPY_SQL: SELECT TABLE_NAME FROM INFORMATION_SCHEMA.TABLES  where TABLE_SCHEMA='PUBLIC'
P6SPY_SQL: SELECT SEQUENCE_NAME FROM INFORMATION_SCHEMA.SEQUENCES WHERE SEQUENCE_SCHEMA='PUBLIC'
P6SPY_SQL: select dbdirectin0_.id as id1_0_, dbdirectin0_.x as x2_0_, dbdirectin0_.y as y3_0_ from db_direct_int_entity dbdirectin0_ where dbdirectin0_.x=3 and dbdirectin0_.y=403
P6SPY_SQL: SELECT dbdirectin0_.id AS id1_0_, dbdirectin0_.x AS x2_0_, dbdirectin0_.y AS y3_0_ FROM db_direct_int_entity dbdirectin0_
&amp#27;[1A&amp#27;[2K* Consumed search budget: 40%
P6SPY_SQL: SELECT TABLE_NAME FROM INFORMATION_SCHEMA.TABLES  where TABLE_SCHEMA='PUBLIC'
P6SPY_SQL: SELECT SEQUENCE_NAME FROM INFORMATION_SCHEMA.SEQUENCES WHERE SEQUENCE_SCHEMA='PUBLIC'
P6SPY_SQL: select dbdirectin0_.id as id1_0_, dbdirectin0_.x as x2_0_, dbdirectin0_.y as y3_0_ from db_direct_int_entity dbdirectin0_ where dbdirectin0_.x=3 and dbdirectin0_.y=403
P6SPY_SQL: SELECT dbdirectin0_.id AS id1_0_, dbdirectin0_.x AS x2_0_, dbdirectin0_.y AS y3_0_ FROM db_direct_int_entity dbdirectin0_
P6SPY_SQL: SELECT TABLE_NAME FROM INFORMATION_SCHEMA.TABLES  where TABLE_SCHEMA='PUBLIC'
P6SPY_SQL: SELECT SEQUENCE_NAME FROM INFORMATION_SCHEMA.SEQUENCES WHERE SEQUENCE_SCHEMA='PUBLIC'
P6SPY_SQL: select dbdirectin0_.id as id1_0_, dbdirectin0_.x as x2_0_, dbdirectin0_.y as y3_0_ from db_direct_int_entity dbdirectin0_ where dbdirectin0_.x=3 and dbdirectin0_.y=403
P6SPY_SQL: SELECT dbdirectin0_.id AS id1_0_, dbdirectin0_.x AS x2_0_, dbdirectin0_.y AS y3_0_ FROM db_direct_int_entity dbdirectin0_
P6SPY_SQL: SELECT TABLE_NAME FROM INFORMATION_SCHEMA.TABLES  where TABLE_SCHEMA='PUBLIC'
P6SPY_SQL: SELECT SEQUENCE_NAME FROM INFORMATION_SCHEMA.SEQUENCES WHERE SEQUENCE_SCHEMA='PUBLIC'
P6SPY_SQL: select dbdirectin0_.id as id1_0_, dbdirectin0_.x as x2_0_, dbdirectin0_.y as y3_0_ from db_direct_int_entity dbdirectin0_ where dbdirectin0_.x=3 and dbdirectin0_.y=403
P6SPY_SQL: SELECT dbdirectin0_.id AS id1_0_, dbdirectin0_.x AS x2_0_, dbdirectin0_.y AS y3_0_ FROM db_direct_int_entity dbdirectin0_
P6SPY_SQL: SELECT TABLE_NAME FROM INFORMATION_SCHEMA.TABLES  where TABLE_SCHEMA='PUBLIC'
P6SPY_SQL: SELECT SEQUENCE_NAME FROM INFORMATION_SCHEMA.SEQUENCES WHERE SEQUENCE_SCHEMA='PUBLIC'
P6SPY_SQL: select dbdirectin0_.id as id1_0_, dbdirectin0_.x as x2_0_, dbdirectin0_.y as y3_0_ from db_direct_int_entity dbdirectin0_ where dbdirectin0_.x=3 and dbdirectin0_.y=403
P6SPY_SQL: SELECT dbdirectin0_.id AS id1_0_, dbdirectin0_.x AS x2_0_, dbdirectin0_.y AS y3_0_ FROM db_direct_int_entity dbdirectin0_
P6SPY_SQL: SELECT TABLE_NAME FROM INFORMATION_SCHEMA.TABLES  where TABLE_SCHEMA='PUBLIC'
P6SPY_SQL: SELECT SEQUENCE_NAME FROM INFORMATION_SCHEMA.SEQUENCES WHERE SEQUENCE_SCHEMA='PUBLIC'
P6SPY_SQL: select dbdirectin0_.id as id1_0_, dbdirectin0_.x as x2_0_, dbdirectin0_.y as y3_0_ from db_direct_int_entity dbdirectin0_ where dbdirectin0_.x=3 and dbdirectin0_.y=403
P6SPY_SQL: SELECT dbdirectin0_.id AS id1_0_, dbdirectin0_.x AS x2_0_, dbdirectin0_.y AS y3_0_ FROM db_direct_int_entity dbdirectin0_
P6SPY_SQL: SELECT TABLE_NAME FROM INFORMATION_SCHEMA.TABLES  where TABLE_SCHEMA='PUBLIC'
P6SPY_SQL: SELECT SEQUENCE_NAME FROM INFORMATION_SCHEMA.SEQUENCES WHERE SEQUENCE_SCHEMA='PUBLIC'
P6SPY_SQL: select dbdirectin0_.id as id1_0_, dbdirectin0_.x as x2_0_, dbdirectin0_.y as y3_0_ from db_direct_int_entity dbdirectin0_ where dbdirectin0_.x=3 and dbdirectin0_.y=403
P6SPY_SQL: SELECT dbdirectin0_.id AS id1_0_, dbdirectin0_.x AS x2_0_, dbdirectin0_.y AS y3_0_ FROM db_direct_int_entity dbdirectin0_
P6SPY_SQL: SELECT TABLE_NAME FROM INFORMATION_SCHEMA.TABLES  where TABLE_SCHEMA='PUBLIC'
P6SPY_SQL: SELECT SEQUENCE_NAME FROM INFORMATION_SCHEMA.SEQUENCES WHERE SEQUENCE_SCHEMA='PUBLIC'
P6SPY_SQL: select dbdirectin0_.id as id1_0_, dbdirectin0_.x as x2_0_, dbdirectin0_.y as y3_0_ from db_direct_int_entity dbdirectin0_ where dbdirectin0_.x=3 and dbdirectin0_.y=403
P6SPY_SQL: SELECT dbdirectin0_.id AS id1_0_, dbdirectin0_.x AS x2_0_, dbdirectin0_.y AS y3_0_ FROM db_direct_int_entity dbdirectin0_
P6SPY_SQL: SELECT TABLE_NAME FROM INFORMATION_SCHEMA.TABLES  where TABLE_SCHEMA='PUBLIC'
P6SPY_SQL: SELECT SEQUENCE_NAME FROM INFORMATION_SCHEMA.SEQUENCES WHERE SEQUENCE_SCHEMA='PUBLIC'
P6SPY_SQL: select dbdirectin0_.id as id1_0_, dbdirectin0_.x as x2_0_, dbdirectin0_.y as y3_0_ from db_direct_int_entity dbdirectin0_ where dbdirectin0_.x=3 and dbdirectin0_.y=403
P6SPY_SQL: SELECT dbdirectin0_.id AS id1_0_, dbdirectin0_.x AS x2_0_, dbdirectin0_.y AS y3_0_ FROM db_direct_int_entity dbdirectin0_
P6SPY_SQL: SELECT TABLE_NAME FROM INFORMATION_SCHEMA.TABLES  where TABLE_SCHEMA='PUBLIC'
P6SPY_SQL: SELECT SEQUENCE_NAME FROM INFORMATION_SCHEMA.SEQUENCES WHERE SEQUENCE_SCHEMA='PUBLIC'
P6SPY_SQL: select dbdirectin0_.id as id1_0_, dbdirectin0_.x as x2_0_, dbdirectin0_.y as y3_0_ from db_direct_int_entity dbdirectin0_ where dbdirectin0_.x=3 and dbdirectin0_.y=403
P6SPY_SQL: SELECT dbdirectin0_.id AS id1_0_, dbdirectin0_.x AS x2_0_, dbdirectin0_.y AS y3_0_ FROM db_direct_int_entity dbdirectin0_
P6SPY_SQL: SELECT TABLE_NAME FROM INFORMATION_SCHEMA.TABLES  where TABLE_SCHEMA='PUBLIC'
P6SPY_SQL: SELECT SEQUENCE_NAME FROM INFORMATION_SCHEMA.SEQUENCES WHERE SEQUENCE_SCHEMA='PUBLIC'
P6SPY_SQL: select dbdirectin0_.id as id1_0_, dbdirectin0_.x as x2_0_, dbdirectin0_.y as y3_0_ from db_direct_int_entity dbdirectin0_ where dbdirectin0_.x=3 and dbdirectin0_.y=403
P6SPY_SQL: SELECT dbdirectin0_.id AS id1_0_, dbdirectin0_.x AS x2_0_, dbdirectin0_.y AS y3_0_ FROM db_direct_int_entity dbdirectin0_
&amp#27;[1A&amp#27;[2K* Consumed search budget: 41%
P6SPY_SQL: SELECT TABLE_NAME FROM INFORMATION_SCHEMA.TABLES  where TABLE_SCHEMA='PUBLIC'
P6SPY_SQL: SELECT SEQUENCE_NAME FROM INFORMATION_SCHEMA.SEQUENCES WHERE SEQUENCE_SCHEMA='PUBLIC'
P6SPY_SQL: select dbdirectin0_.id as id1_0_, dbdirectin0_.x as x2_0_, dbdirectin0_.y as y3_0_ from db_direct_int_entity dbdirectin0_ where dbdirectin0_.x=3 and dbdirectin0_.y=403
P6SPY_SQL: SELECT dbdirectin0_.id AS id1_0_, dbdirectin0_.x AS x2_0_, dbdirectin0_.y AS y3_0_ FROM db_direct_int_entity dbdirectin0_
P6SPY_SQL: SELECT TABLE_NAME FROM INFORMATION_SCHEMA.TABLES  where TABLE_SCHEMA='PUBLIC'
P6SPY_SQL: SELECT SEQUENCE_NAME FROM INFORMATION_SCHEMA.SEQUENCES WHERE SEQUENCE_SCHEMA='PUBLIC'
P6SPY_SQL: select dbdirectin0_.id as id1_0_, dbdirectin0_.x as x2_0_, dbdirectin0_.y as y3_0_ from db_direct_int_entity dbdirectin0_ where dbdirectin0_.x=3 and dbdirectin0_.y=403
P6SPY_SQL: SELECT dbdirectin0_.id AS id1_0_, dbdirectin0_.x AS x2_0_, dbdirectin0_.y AS y3_0_ FROM db_direct_int_entity dbdirectin0_
P6SPY_SQL: SELECT TABLE_NAME FROM INFORMATION_SCHEMA.TABLES  where TABLE_SCHEMA='PUBLIC'
P6SPY_SQL: SELECT SEQUENCE_NAME FROM INFORMATION_SCHEMA.SEQUENCES WHERE SEQUENCE_SCHEMA='PUBLIC'
P6SPY_SQL: select dbdirectin0_.id as id1_0_, dbdirectin0_.x as x2_0_, dbdirectin0_.y as y3_0_ from db_direct_int_entity dbdirectin0_ where dbdirectin0_.x=3 and dbdirectin0_.y=403
P6SPY_SQL: SELECT dbdirectin0_.id AS id1_0_, dbdirectin0_.x AS x2_0_, dbdirectin0_.y AS y3_0_ FROM db_direct_int_entity dbdirectin0_
P6SPY_SQL: SELECT TABLE_NAME FROM INFORMATION_SCHEMA.TABLES  where TABLE_SCHEMA='PUBLIC'
P6SPY_SQL: SELECT SEQUENCE_NAME FROM INFORMATION_SCHEMA.SEQUENCES WHERE SEQUENCE_SCHEMA='PUBLIC'
P6SPY_SQL: select dbdirectin0_.id as id1_0_, dbdirectin0_.x as x2_0_, dbdirectin0_.y as y3_0_ from db_direct_int_entity dbdirectin0_ where dbdirectin0_.x=3 and dbdirectin0_.y=403
P6SPY_SQL: SELECT dbdirectin0_.id AS id1_0_, dbdirectin0_.x AS x2_0_, dbdirectin0_.y AS y3_0_ FROM db_direct_int_entity dbdirectin0_
P6SPY_SQL: SELECT TABLE_NAME FROM INFORMATION_SCHEMA.TABLES  where TABLE_SCHEMA='PUBLIC'
P6SPY_SQL: SELECT SEQUENCE_NAME FROM INFORMATION_SCHEMA.SEQUENCES WHERE SEQUENCE_SCHEMA='PUBLIC'
P6SPY_SQL: select dbdirectin0_.id as id1_0_, dbdirectin0_.x as x2_0_, dbdirectin0_.y as y3_0_ from db_direct_int_entity dbdirectin0_ where dbdirectin0_.x=3 and dbdirectin0_.y=403
P6SPY_SQL: SELECT dbdirectin0_.id AS id1_0_, dbdirectin0_.x AS x2_0_, dbdirectin0_.y AS y3_0_ FROM db_direct_int_entity dbdirectin0_
P6SPY_SQL: SELECT TABLE_NAME FROM INFORMATION_SCHEMA.TABLES  where TABLE_SCHEMA='PUBLIC'
P6SPY_SQL: SELECT SEQUENCE_NAME FROM INFORMATION_SCHEMA.SEQUENCES WHERE SEQUENCE_SCHEMA='PUBLIC'
P6SPY_SQL: select dbdirectin0_.id as id1_0_, dbdirectin0_.x as x2_0_, dbdirectin0_.y as y3_0_ from db_direct_int_entity dbdirectin0_ where dbdirectin0_.x=3 and dbdirectin0_.y=403
P6SPY_SQL: SELECT dbdirectin0_.id AS id1_0_, dbdirectin0_.x AS x2_0_, dbdirectin0_.y AS y3_0_ FROM db_direct_int_entity dbdirectin0_
P6SPY_SQL: SELECT TABLE_NAME FROM INFORMATION_SCHEMA.TABLES  where TABLE_SCHEMA='PUBLIC'
P6SPY_SQL: SELECT SEQUENCE_NAME FROM INFORMATION_SCHEMA.SEQUENCES WHERE SEQUENCE_SCHEMA='PUBLIC'
P6SPY_SQL: select dbdirectin0_.id as id1_0_, dbdirectin0_.x as x2_0_, dbdirectin0_.y as y3_0_ from db_direct_int_entity dbdirectin0_ where dbdirectin0_.x=3 and dbdirectin0_.y=403
P6SPY_SQL: SELECT dbdirectin0_.id AS id1_0_, dbdirectin0_.x AS x2_0_, dbdirectin0_.y AS y3_0_ FROM db_direct_int_entity dbdirectin0_
P6SPY_SQL: SELECT TABLE_NAME FROM INFORMATION_SCHEMA.TABLES  where TABLE_SCHEMA='PUBLIC'
P6SPY_SQL: SELECT SEQUENCE_NAME FROM INFORMATION_SCHEMA.SEQUENCES WHERE SEQUENCE_SCHEMA='PUBLIC'
P6SPY_SQL: select dbdirectin0_.id as id1_0_, dbdirectin0_.x as x2_0_, dbdirectin0_.y as y3_0_ from db_direct_int_entity dbdirectin0_ where dbdirectin0_.x=3 and dbdirectin0_.y=403
P6SPY_SQL: SELECT dbdirectin0_.id AS id1_0_, dbdirectin0_.x AS x2_0_, dbdirectin0_.y AS y3_0_ FROM db_direct_int_entity dbdirectin0_
P6SPY_SQL: SELECT TABLE_NAME FROM INFORMATION_SCHEMA.TABLES  where TABLE_SCHEMA='PUBLIC'
P6SPY_SQL: SELECT SEQUENCE_NAME FROM INFORMATION_SCHEMA.SEQUENCES WHERE SEQUENCE_SCHEMA='PUBLIC'
P6SPY_SQL: select dbdirectin0_.id as id1_0_, dbdirectin0_.x as x2_0_, dbdirectin0_.y as y3_0_ from db_direct_int_entity dbdirectin0_ where dbdirectin0_.x=3 and dbdirectin0_.y=403
P6SPY_SQL: SELECT dbdirectin0_.id AS id1_0_, dbdirectin0_.x AS x2_0_, dbdirectin0_.y AS y3_0_ FROM db_direct_int_entity dbdirectin0_
P6SPY_SQL: SELECT TABLE_NAME FROM INFORMATION_SCHEMA.TABLES  where TABLE_SCHEMA='PUBLIC'
P6SPY_SQL: SELECT SEQUENCE_NAME FROM INFORMATION_SCHEMA.SEQUENCES WHERE SEQUENCE_SCHEMA='PUBLIC'
P6SPY_SQL: select dbdirectin0_.id as id1_0_, dbdirectin0_.x as x2_0_, dbdirectin0_.y as y3_0_ from db_direct_int_entity dbdirectin0_ where dbdirectin0_.x=3 and dbdirectin0_.y=403
P6SPY_SQL: SELECT dbdirectin0_.id AS id1_0_, dbdirectin0_.x AS x2_0_, dbdirectin0_.y AS y3_0_ FROM db_direct_int_entity dbdirectin0_
&amp#27;[1A&amp#27;[2K* Consumed search budget: 42%
P6SPY_SQL: SELECT TABLE_NAME FROM INFORMATION_SCHEMA.TABLES  where TABLE_SCHEMA='PUBLIC'
P6SPY_SQL: SELECT SEQUENCE_NAME FROM INFORMATION_SCHEMA.SEQUENCES WHERE SEQUENCE_SCHEMA='PUBLIC'
P6SPY_SQL: select dbdirectin0_.id as id1_0_, dbdirectin0_.x as x2_0_, dbdirectin0_.y as y3_0_ from db_direct_int_entity dbdirectin0_ where dbdirectin0_.x=3 and dbdirectin0_.y=403
P6SPY_SQL: SELECT dbdirectin0_.id AS id1_0_, dbdirectin0_.x AS x2_0_, dbdirectin0_.y AS y3_0_ FROM db_direct_int_entity dbdirectin0_
P6SPY_SQL: SELECT TABLE_NAME FROM INFORMATION_SCHEMA.TABLES  where TABLE_SCHEMA='PUBLIC'
P6SPY_SQL: SELECT SEQUENCE_NAME FROM INFORMATION_SCHEMA.SEQUENCES WHERE SEQUENCE_SCHEMA='PUBLIC'
P6SPY_SQL: select dbdirectin0_.id as id1_0_, dbdirectin0_.x as x2_0_, dbdirectin0_.y as y3_0_ from db_direct_int_entity dbdirectin0_ where dbdirectin0_.x=3 and dbdirectin0_.y=403
P6SPY_SQL: SELECT dbdirectin0_.id AS id1_0_, dbdirectin0_.x AS x2_0_, dbdirectin0_.y AS y3_0_ FROM db_direct_int_entity dbdirectin0_
P6SPY_SQL: SELECT TABLE_NAME FROM INFORMATION_SCHEMA.TABLES  where TABLE_SCHEMA='PUBLIC'
P6SPY_SQL: SELECT SEQUENCE_NAME FROM INFORMATION_SCHEMA.SEQUENCES WHERE SEQUENCE_SCHEMA='PUBLIC'
P6SPY_SQL: select dbdirectin0_.id as id1_0_, dbdirectin0_.x as x2_0_, dbdirectin0_.y as y3_0_ from db_direct_int_entity dbdirectin0_ where dbdirectin0_.x=3 and dbdirectin0_.y=403
P6SPY_SQL: SELECT dbdirectin0_.id AS id1_0_, dbdirectin0_.x AS x2_0_, dbdirectin0_.y AS y3_0_ FROM db_direct_int_entity dbdirectin0_
P6SPY_SQL: SELECT TABLE_NAME FROM INFORMATION_SCHEMA.TABLES  where TABLE_SCHEMA='PUBLIC'
P6SPY_SQL: SELECT SEQUENCE_NAME FROM INFORMATION_SCHEMA.SEQUENCES WHERE SEQUENCE_SCHEMA='PUBLIC'
P6SPY_SQL: select dbdirectin0_.id as id1_0_, dbdirectin0_.x as x2_0_, dbdirectin0_.y as y3_0_ from db_direct_int_entity dbdirectin0_ where dbdirectin0_.x=3 and dbdirectin0_.y=403
P6SPY_SQL: SELECT dbdirectin0_.id AS id1_0_, dbdirectin0_.x AS x2_0_, dbdirectin0_.y AS y3_0_ FROM db_direct_int_entity dbdirectin0_
P6SPY_SQL: SELECT TABLE_NAME FROM INFORMATION_SCHEMA.TABLES  where TABLE_SCHEMA='PUBLIC'
P6SPY_SQL: SELECT SEQUENCE_NAME FROM INFORMATION_SCHEMA.SEQUENCES WHERE SEQUENCE_SCHEMA='PUBLIC'
P6SPY_SQL: select dbdirectin0_.id as id1_0_, dbdirectin0_.x as x2_0_, dbdirectin0_.y as y3_0_ from db_direct_int_entity dbdirectin0_ where dbdirectin0_.x=3 and dbdirectin0_.y=403
P6SPY_SQL: SELECT dbdirectin0_.id AS id1_0_, dbdirectin0_.x AS x2_0_, dbdirectin0_.y AS y3_0_ FROM db_direct_int_entity dbdirectin0_
P6SPY_SQL: SELECT TABLE_NAME FROM INFORMATION_SCHEMA.TABLES  where TABLE_SCHEMA='PUBLIC'
P6SPY_SQL: SELECT SEQUENCE_NAME FROM INFORMATION_SCHEMA.SEQUENCES WHERE SEQUENCE_SCHEMA='PUBLIC'
P6SPY_SQL: select dbdirectin0_.id as id1_0_, dbdirectin0_.x as x2_0_, dbdirectin0_.y as y3_0_ from db_direct_int_entity dbdirectin0_ where dbdirectin0_.x=3 and dbdirectin0_.y=403
P6SPY_SQL: SELECT dbdirectin0_.id AS id1_0_, dbdirectin0_.x AS x2_0_, dbdirectin0_.y AS y3_0_ FROM db_direct_int_entity dbdirectin0_
P6SPY_SQL: SELECT TABLE_NAME FROM INFORMATION_SCHEMA.TABLES  where TABLE_SCHEMA='PUBLIC'
P6SPY_SQL: SELECT SEQUENCE_NAME FROM INFORMATION_SCHEMA.SEQUENCES WHERE SEQUENCE_SCHEMA='PUBLIC'
P6SPY_SQL: select dbdirectin0_.id as id1_0_, dbdirectin0_.x as x2_0_, dbdirectin0_.y as y3_0_ from db_direct_int_entity dbdirectin0_ where dbdirectin0_.x=3 and dbdirectin0_.y=403
P6SPY_SQL: SELECT dbdirectin0_.id AS id1_0_, dbdirectin0_.x AS x2_0_, dbdirectin0_.y AS y3_0_ FROM db_direct_int_entity dbdirectin0_
P6SPY_SQL: SELECT TABLE_NAME FROM INFORMATION_SCHEMA.TABLES  where TABLE_SCHEMA='PUBLIC'
P6SPY_SQL: SELECT SEQUENCE_NAME FROM INFORMATION_SCHEMA.SEQUENCES WHERE SEQUENCE_SCHEMA='PUBLIC'
P6SPY_SQL: select dbdirectin0_.id as id1_0_, dbdirectin0_.x as x2_0_, dbdirectin0_.y as y3_0_ from db_direct_int_entity dbdirectin0_ where dbdirectin0_.x=3 and dbdirectin0_.y=403
P6SPY_SQL: SELECT dbdirectin0_.id AS id1_0_, dbdirectin0_.x AS x2_0_, dbdirectin0_.y AS y3_0_ FROM db_direct_int_entity dbdirectin0_
P6SPY_SQL: SELECT TABLE_NAME FROM INFORMATION_SCHEMA.TABLES  where TABLE_SCHEMA='PUBLIC'
P6SPY_SQL: SELECT SEQUENCE_NAME FROM INFORMATION_SCHEMA.SEQUENCES WHERE SEQUENCE_SCHEMA='PUBLIC'
P6SPY_SQL: select dbdirectin0_.id as id1_0_, dbdirectin0_.x as x2_0_, dbdirectin0_.y as y3_0_ from db_direct_int_entity dbdirectin0_ where dbdirectin0_.x=3 and dbdirectin0_.y=403
P6SPY_SQL: SELECT dbdirectin0_.id AS id1_0_, dbdirectin0_.x AS x2_0_, dbdirectin0_.y AS y3_0_ FROM db_direct_int_entity dbdirectin0_
P6SPY_SQL: SELECT TABLE_NAME FROM INFORMATION_SCHEMA.TABLES  where TABLE_SCHEMA='PUBLIC'
P6SPY_SQL: SELECT SEQUENCE_NAME FROM INFORMATION_SCHEMA.SEQUENCES WHERE SEQUENCE_SCHEMA='PUBLIC'
P6SPY_SQL: select dbdirectin0_.id as id1_0_, dbdirectin0_.x as x2_0_, dbdirectin0_.y as y3_0_ from db_direct_int_entity dbdirectin0_ where dbdirectin0_.x=3 and dbdirectin0_.y=403
P6SPY_SQL: SELECT dbdirectin0_.id AS id1_0_, dbdirectin0_.x AS x2_0_, dbdirectin0_.y AS y3_0_ FROM db_direct_int_entity dbdirectin0_
&amp#27;[1A&amp#27;[2K* Consumed search budget: 43%
P6SPY_SQL: SELECT TABLE_NAME FROM INFORMATION_SCHEMA.TABLES  where TABLE_SCHEMA='PUBLIC'
P6SPY_SQL: SELECT SEQUENCE_NAME FROM INFORMATION_SCHEMA.SEQUENCES WHERE SEQUENCE_SCHEMA='PUBLIC'
P6SPY_SQL: select dbdirectin0_.id as id1_0_, dbdirectin0_.x as x2_0_, dbdirectin0_.y as y3_0_ from db_direct_int_entity dbdirectin0_ where dbdirectin0_.x=3 and dbdirectin0_.y=403
P6SPY_SQL: SELECT dbdirectin0_.id AS id1_0_, dbdirectin0_.x AS x2_0_, dbdirectin0_.y AS y3_0_ FROM db_direct_int_entity dbdirectin0_
P6SPY_SQL: SELECT TABLE_NAME FROM INFORMATION_SCHEMA.TABLES  where TABLE_SCHEMA='PUBLIC'
P6SPY_SQL: SELECT SEQUENCE_NAME FROM INFORMATION_SCHEMA.SEQUENCES WHERE SEQUENCE_SCHEMA='PUBLIC'
P6SPY_SQL: select dbdirectin0_.id as id1_0_, dbdirectin0_.x as x2_0_, dbdirectin0_.y as y3_0_ from db_direct_int_entity dbdirectin0_ where dbdirectin0_.x=3 and dbdirectin0_.y=403
P6SPY_SQL: SELECT dbdirectin0_.id AS id1_0_, dbdirectin0_.x AS x2_0_, dbdirectin0_.y AS y3_0_ FROM db_direct_int_entity dbdirectin0_
P6SPY_SQL: SELECT TABLE_NAME FROM INFORMATION_SCHEMA.TABLES  where TABLE_SCHEMA='PUBLIC'
P6SPY_SQL: SELECT SEQUENCE_NAME FROM INFORMATION_SCHEMA.SEQUENCES WHERE SEQUENCE_SCHEMA='PUBLIC'
P6SPY_SQL: select dbdirectin0_.id as id1_0_, dbdirectin0_.x as x2_0_, dbdirectin0_.y as y3_0_ from db_direct_int_entity dbdirectin0_ where dbdirectin0_.x=3 and dbdirectin0_.y=403
P6SPY_SQL: SELECT dbdirectin0_.id AS id1_0_, dbdirectin0_.x AS x2_0_, dbdirectin0_.y AS y3_0_ FROM db_direct_int_entity dbdirectin0_
P6SPY_SQL: SELECT TABLE_NAME FROM INFORMATION_SCHEMA.TABLES  where TABLE_SCHEMA='PUBLIC'
P6SPY_SQL: SELECT SEQUENCE_NAME FROM INFORMATION_SCHEMA.SEQUENCES WHERE SEQUENCE_SCHEMA='PUBLIC'
P6SPY_SQL: select dbdirectin0_.id as id1_0_, dbdirectin0_.x as x2_0_, dbdirectin0_.y as y3_0_ from db_direct_int_entity dbdirectin0_ where dbdirectin0_.x=3 and dbdirectin0_.y=403
P6SPY_SQL: SELECT dbdirectin0_.id AS id1_0_, dbdirectin0_.x AS x2_0_, dbdirectin0_.y AS y3_0_ FROM db_direct_int_entity dbdirectin0_
P6SPY_SQL: SELECT TABLE_NAME FROM INFORMATION_SCHEMA.TABLES  where TABLE_SCHEMA='PUBLIC'
P6SPY_SQL: SELECT SEQUENCE_NAME FROM INFORMATION_SCHEMA.SEQUENCES WHERE SEQUENCE_SCHEMA='PUBLIC'
P6SPY_SQL: select dbdirectin0_.id as id1_0_, dbdirectin0_.x as x2_0_, dbdirectin0_.y as y3_0_ from db_direct_int_entity dbdirectin0_ where dbdirectin0_.x=3 and dbdirectin0_.y=403
P6SPY_SQL: SELECT dbdirectin0_.id AS id1_0_, dbdirectin0_.x AS x2_0_, dbdirectin0_.y AS y3_0_ FROM db_direct_int_entity dbdirectin0_
P6SPY_SQL: SELECT TABLE_NAME FROM INFORMATION_SCHEMA.TABLES  where TABLE_SCHEMA='PUBLIC'
P6SPY_SQL: SELECT SEQUENCE_NAME FROM INFORMATION_SCHEMA.SEQUENCES WHERE SEQUENCE_SCHEMA='PUBLIC'
P6SPY_SQL: select dbdirectin0_.id as id1_0_, dbdirectin0_.x as x2_0_, dbdirectin0_.y as y3_0_ from db_direct_int_entity dbdirectin0_ where dbdirectin0_.x=3 and dbdirectin0_.y=403
P6SPY_SQL: SELECT dbdirectin0_.id AS id1_0_, dbdirectin0_.x AS x2_0_, dbdirectin0_.y AS y3_0_ FROM db_direct_int_entity dbdirectin0_
P6SPY_SQL: SELECT TABLE_NAME FROM INFORMATION_SCHEMA.TABLES  where TABLE_SCHEMA='PUBLIC'
P6SPY_SQL: SELECT SEQUENCE_NAME FROM INFORMATION_SCHEMA.SEQUENCES WHERE SEQUENCE_SCHEMA='PUBLIC'
P6SPY_SQL: select dbdirectin0_.id as id1_0_, dbdirectin0_.x as x2_0_, dbdirectin0_.y as y3_0_ from db_direct_int_entity dbdirectin0_ where dbdirectin0_.x=3 and dbdirectin0_.y=403
P6SPY_SQL: SELECT dbdirectin0_.id AS id1_0_, dbdirectin0_.x AS x2_0_, dbdirectin0_.y AS y3_0_ FROM db_direct_int_entity dbdirectin0_
P6SPY_SQL: SELECT TABLE_NAME FROM INFORMATION_SCHEMA.TABLES  where TABLE_SCHEMA='PUBLIC'
P6SPY_SQL: SELECT SEQUENCE_NAME FROM INFORMATION_SCHEMA.SEQUENCES WHERE SEQUENCE_SCHEMA='PUBLIC'
P6SPY_SQL: select dbdirectin0_.id as id1_0_, dbdirectin0_.x as x2_0_, dbdirectin0_.y as y3_0_ from db_direct_int_entity dbdirectin0_ where dbdirectin0_.x=3 and dbdirectin0_.y=403
P6SPY_SQL: SELECT dbdirectin0_.id AS id1_0_, dbdirectin0_.x AS x2_0_, dbdirectin0_.y AS y3_0_ FROM db_direct_int_entity dbdirectin0_
P6SPY_SQL: SELECT TABLE_NAME FROM INFORMATION_SCHEMA.TABLES  where TABLE_SCHEMA='PUBLIC'
P6SPY_SQL: SELECT SEQUENCE_NAME FROM INFORMATION_SCHEMA.SEQUENCES WHERE SEQUENCE_SCHEMA='PUBLIC'
P6SPY_SQL: select dbdirectin0_.id as id1_0_, dbdirectin0_.x as x2_0_, dbdirectin0_.y as y3_0_ from db_direct_int_entity dbdirectin0_ where dbdirectin0_.x=3 and dbdirectin0_.y=403
P6SPY_SQL: SELECT dbdirectin0_.id AS id1_0_, dbdirectin0_.x AS x2_0_, dbdirectin0_.y AS y3_0_ FROM db_direct_int_entity dbdirectin0_
P6SPY_SQL: SELECT TABLE_NAME FROM INFORMATION_SCHEMA.TABLES  where TABLE_SCHEMA='PUBLIC'
P6SPY_SQL: SELECT SEQUENCE_NAME FROM INFORMATION_SCHEMA.SEQUENCES WHERE SEQUENCE_SCHEMA='PUBLIC'
P6SPY_SQL: select dbdirectin0_.id as id1_0_, dbdirectin0_.x as x2_0_, dbdirectin0_.y as y3_0_ from db_direct_int_entity dbdirectin0_ where dbdirectin0_.x=3 and dbdirectin0_.y=403
P6SPY_SQL: SELECT dbdirectin0_.id AS id1_0_, dbdirectin0_.x AS x2_0_, dbdirectin0_.y AS y3_0_ FROM db_direct_int_entity dbdirectin0_
&amp#27;[1A&amp#27;[2K* Consumed search budget: 44%
P6SPY_SQL: SELECT TABLE_NAME FROM INFORMATION_SCHEMA.TABLES  where TABLE_SCHEMA='PUBLIC'
P6SPY_SQL: SELECT SEQUENCE_NAME FROM INFORMATION_SCHEMA.SEQUENCES WHERE SEQUENCE_SCHEMA='PUBLIC'
P6SPY_SQL: select dbdirectin0_.id as id1_0_, dbdirectin0_.x as x2_0_, dbdirectin0_.y as y3_0_ from db_direct_int_entity dbdirectin0_ where dbdirectin0_.x=3 and dbdirectin0_.y=403
P6SPY_SQL: SELECT dbdirectin0_.id AS id1_0_, dbdirectin0_.x AS x2_0_, dbdirectin0_.y AS y3_0_ FROM db_direct_int_entity dbdirectin0_
P6SPY_SQL: SELECT TABLE_NAME FROM INFORMATION_SCHEMA.TABLES  where TABLE_SCHEMA='PUBLIC'
P6SPY_SQL: SELECT SEQUENCE_NAME FROM INFORMATION_SCHEMA.SEQUENCES WHERE SEQUENCE_SCHEMA='PUBLIC'
P6SPY_SQL: select dbdirectin0_.id as id1_0_, dbdirectin0_.x as x2_0_, dbdirectin0_.y as y3_0_ from db_direct_int_entity dbdirectin0_ where dbdirectin0_.x=3 and dbdirectin0_.y=403
P6SPY_SQL: SELECT dbdirectin0_.id AS id1_0_, dbdirectin0_.x AS x2_0_, dbdirectin0_.y AS y3_0_ FROM db_direct_int_entity dbdirectin0_
P6SPY_SQL: SELECT TABLE_NAME FROM INFORMATION_SCHEMA.TABLES  where TABLE_SCHEMA='PUBLIC'
P6SPY_SQL: SELECT SEQUENCE_NAME FROM INFORMATION_SCHEMA.SEQUENCES WHERE SEQUENCE_SCHEMA='PUBLIC'
P6SPY_SQL: select dbdirectin0_.id as id1_0_, dbdirectin0_.x as x2_0_, dbdirectin0_.y as y3_0_ from db_direct_int_entity dbdirectin0_ where dbdirectin0_.x=3 and dbdirectin0_.y=403
P6SPY_SQL: SELECT dbdirectin0_.id AS id1_0_, dbdirectin0_.x AS x2_0_, dbdirectin0_.y AS y3_0_ FROM db_direct_int_entity dbdirectin0_
P6SPY_SQL: SELECT TABLE_NAME FROM INFORMATION_SCHEMA.TABLES  where TABLE_SCHEMA='PUBLIC'
P6SPY_SQL: SELECT SEQUENCE_NAME FROM INFORMATION_SCHEMA.SEQUENCES WHERE SEQUENCE_SCHEMA='PUBLIC'
P6SPY_SQL: select dbdirectin0_.id as id1_0_, dbdirectin0_.x as x2_0_, dbdirectin0_.y as y3_0_ from db_direct_int_entity dbdirectin0_ where dbdirectin0_.x=3 and dbdirectin0_.y=403
P6SPY_SQL: SELECT dbdirectin0_.id AS id1_0_, dbdirectin0_.x AS x2_0_, dbdirectin0_.y AS y3_0_ FROM db_direct_int_entity dbdirectin0_
P6SPY_SQL: SELECT TABLE_NAME FROM INFORMATION_SCHEMA.TABLES  where TABLE_SCHEMA='PUBLIC'
P6SPY_SQL: SELECT SEQUENCE_NAME FROM INFORMATION_SCHEMA.SEQUENCES WHERE SEQUENCE_SCHEMA='PUBLIC'
P6SPY_SQL: select dbdirectin0_.id as id1_0_, dbdirectin0_.x as x2_0_, dbdirectin0_.y as y3_0_ from db_direct_int_entity dbdirectin0_ where dbdirectin0_.x=3 and dbdirectin0_.y=403
P6SPY_SQL: SELECT dbdirectin0_.id AS id1_0_, dbdirectin0_.x AS x2_0_, dbdirectin0_.y AS y3_0_ FROM db_direct_int_entity dbdirectin0_
P6SPY_SQL: SELECT TABLE_NAME FROM INFORMATION_SCHEMA.TABLES  where TABLE_SCHEMA='PUBLIC'
P6SPY_SQL: SELECT SEQUENCE_NAME FROM INFORMATION_SCHEMA.SEQUENCES WHERE SEQUENCE_SCHEMA='PUBLIC'
P6SPY_SQL: select dbdirectin0_.id as id1_0_, dbdirectin0_.x as x2_0_, dbdirectin0_.y as y3_0_ from db_direct_int_entity dbdirectin0_ where dbdirectin0_.x=3 and dbdirectin0_.y=403
P6SPY_SQL: SELECT dbdirectin0_.id AS id1_0_, dbdirectin0_.x AS x2_0_, dbdirectin0_.y AS y3_0_ FROM db_direct_int_entity dbdirectin0_
P6SPY_SQL: SELECT TABLE_NAME FROM INFORMATION_SCHEMA.TABLES  where TABLE_SCHEMA='PUBLIC'
P6SPY_SQL: SELECT SEQUENCE_NAME FROM INFORMATION_SCHEMA.SEQUENCES WHERE SEQUENCE_SCHEMA='PUBLIC'
P6SPY_SQL: select dbdirectin0_.id as id1_0_, dbdirectin0_.x as x2_0_, dbdirectin0_.y as y3_0_ from db_direct_int_entity dbdirectin0_ where dbdirectin0_.x=3 and dbdirectin0_.y=403
P6SPY_SQL: SELECT dbdirectin0_.id AS id1_0_, dbdirectin0_.x AS x2_0_, dbdirectin0_.y AS y3_0_ FROM db_direct_int_entity dbdirectin0_
P6SPY_SQL: SELECT TABLE_NAME FROM INFORMATION_SCHEMA.TABLES  where TABLE_SCHEMA='PUBLIC'
P6SPY_SQL: SELECT SEQUENCE_NAME FROM INFORMATION_SCHEMA.SEQUENCES WHERE SEQUENCE_SCHEMA='PUBLIC'
P6SPY_SQL: select dbdirectin0_.id as id1_0_, dbdirectin0_.x as x2_0_, dbdirectin0_.y as y3_0_ from db_direct_int_entity dbdirectin0_ where dbdirectin0_.x=3 and dbdirectin0_.y=403
P6SPY_SQL: SELECT dbdirectin0_.id AS id1_0_, dbdirectin0_.x AS x2_0_, dbdirectin0_.y AS y3_0_ FROM db_direct_int_entity dbdirectin0_
P6SPY_SQL: SELECT TABLE_NAME FROM INFORMATION_SCHEMA.TABLES  where TABLE_SCHEMA='PUBLIC'
P6SPY_SQL: SELECT SEQUENCE_NAME FROM INFORMATION_SCHEMA.SEQUENCES WHERE SEQUENCE_SCHEMA='PUBLIC'
P6SPY_SQL: select dbdirectin0_.id as id1_0_, dbdirectin0_.x as x2_0_, dbdirectin0_.y as y3_0_ from db_direct_int_entity dbdirectin0_ where dbdirectin0_.x=3 and dbdirectin0_.y=403
P6SPY_SQL: SELECT dbdirectin0_.id AS id1_0_, dbdirectin0_.x AS x2_0_, dbdirectin0_.y AS y3_0_ FROM db_direct_int_entity dbdirectin0_
P6SPY_SQL: SELECT TABLE_NAME FROM INFORMATION_SCHEMA.TABLES  where TABLE_SCHEMA='PUBLIC'
P6SPY_SQL: SELECT SEQUENCE_NAME FROM INFORMATION_SCHEMA.SEQUENCES WHERE SEQUENCE_SCHEMA='PUBLIC'
P6SPY_SQL: select dbdirectin0_.id as id1_0_, dbdirectin0_.x as x2_0_, dbdirectin0_.y as y3_0_ from db_direct_int_entity dbdirectin0_ where dbdirectin0_.x=3 and dbdirectin0_.y=403
P6SPY_SQL: SELECT dbdirectin0_.id AS id1_0_, dbdirectin0_.x AS x2_0_, dbdirectin0_.y AS y3_0_ FROM db_direct_int_entity dbdirectin0_
&amp#27;[1A&amp#27;[2K* Consumed search budget: 45%
P6SPY_SQL: SELECT TABLE_NAME FROM INFORMATION_SCHEMA.TABLES  where TABLE_SCHEMA='PUBLIC'
P6SPY_SQL: SELECT SEQUENCE_NAME FROM INFORMATION_SCHEMA.SEQUENCES WHERE SEQUENCE_SCHEMA='PUBLIC'
P6SPY_SQL: select dbdirectin0_.id as id1_0_, dbdirectin0_.x as x2_0_, dbdirectin0_.y as y3_0_ from db_direct_int_entity dbdirectin0_ where dbdirectin0_.x=3 and dbdirectin0_.y=403
P6SPY_SQL: SELECT dbdirectin0_.id AS id1_0_, dbdirectin0_.x AS x2_0_, dbdirectin0_.y AS y3_0_ FROM db_direct_int_entity dbdirectin0_
P6SPY_SQL: SELECT TABLE_NAME FROM INFORMATION_SCHEMA.TABLES  where TABLE_SCHEMA='PUBLIC'
P6SPY_SQL: SELECT SEQUENCE_NAME FROM INFORMATION_SCHEMA.SEQUENCES WHERE SEQUENCE_SCHEMA='PUBLIC'
P6SPY_SQL: select dbdirectin0_.id as id1_0_, dbdirectin0_.x as x2_0_, dbdirectin0_.y as y3_0_ from db_direct_int_entity dbdirectin0_ where dbdirectin0_.x=3 and dbdirectin0_.y=403
P6SPY_SQL: SELECT dbdirectin0_.id AS id1_0_, dbdirectin0_.x AS x2_0_, dbdirectin0_.y AS y3_0_ FROM db_direct_int_entity dbdirectin0_
P6SPY_SQL: SELECT TABLE_NAME FROM INFORMATION_SCHEMA.TABLES  where TABLE_SCHEMA='PUBLIC'
P6SPY_SQL: SELECT SEQUENCE_NAME FROM INFORMATION_SCHEMA.SEQUENCES WHERE SEQUENCE_SCHEMA='PUBLIC'
P6SPY_SQL: select dbdirectin0_.id as id1_0_, dbdirectin0_.x as x2_0_, dbdirectin0_.y as y3_0_ from db_direct_int_entity dbdirectin0_ where dbdirectin0_.x=3 and dbdirectin0_.y=403
P6SPY_SQL: SELECT dbdirectin0_.id AS id1_0_, dbdirectin0_.x AS x2_0_, dbdirectin0_.y AS y3_0_ FROM db_direct_int_entity dbdirectin0_
P6SPY_SQL: SELECT TABLE_NAME FROM INFORMATION_SCHEMA.TABLES  where TABLE_SCHEMA='PUBLIC'
P6SPY_SQL: SELECT SEQUENCE_NAME FROM INFORMATION_SCHEMA.SEQUENCES WHERE SEQUENCE_SCHEMA='PUBLIC'
P6SPY_SQL: select dbdirectin0_.id as id1_0_, dbdirectin0_.x as x2_0_, dbdirectin0_.y as y3_0_ from db_direct_int_entity dbdirectin0_ where dbdirectin0_.x=3 and dbdirectin0_.y=403
P6SPY_SQL: SELECT dbdirectin0_.id AS id1_0_, dbdirectin0_.x AS x2_0_, dbdirectin0_.y AS y3_0_ FROM db_direct_int_entity dbdirectin0_
P6SPY_SQL: SELECT TABLE_NAME FROM INFORMATION_SCHEMA.TABLES  where TABLE_SCHEMA='PUBLIC'
P6SPY_SQL: SELECT SEQUENCE_NAME FROM INFORMATION_SCHEMA.SEQUENCES WHERE SEQUENCE_SCHEMA='PUBLIC'
P6SPY_SQL: select dbdirectin0_.id as id1_0_, dbdirectin0_.x as x2_0_, dbdirectin0_.y as y3_0_ from db_direct_int_entity dbdirectin0_ where dbdirectin0_.x=3 and dbdirectin0_.y=403
P6SPY_SQL: SELECT dbdirectin0_.id AS id1_0_, dbdirectin0_.x AS x2_0_, dbdirectin0_.y AS y3_0_ FROM db_direct_int_entity dbdirectin0_
P6SPY_SQL: SELECT TABLE_NAME FROM INFORMATION_SCHEMA.TABLES  where TABLE_SCHEMA='PUBLIC'
P6SPY_SQL: SELECT SEQUENCE_NAME FROM INFORMATION_SCHEMA.SEQUENCES WHERE SEQUENCE_SCHEMA='PUBLIC'
P6SPY_SQL: select dbdirectin0_.id as id1_0_, dbdirectin0_.x as x2_0_, dbdirectin0_.y as y3_0_ from db_direct_int_entity dbdirectin0_ where dbdirectin0_.x=3 and dbdirectin0_.y=403
P6SPY_SQL: SELECT dbdirectin0_.id AS id1_0_, dbdirectin0_.x AS x2_0_, dbdirectin0_.y AS y3_0_ FROM db_direct_int_entity dbdirectin0_
P6SPY_SQL: SELECT TABLE_NAME FROM INFORMATION_SCHEMA.TABLES  where TABLE_SCHEMA='PUBLIC'
P6SPY_SQL: SELECT SEQUENCE_NAME FROM INFORMATION_SCHEMA.SEQUENCES WHERE SEQUENCE_SCHEMA='PUBLIC'
P6SPY_SQL: select dbdirectin0_.id as id1_0_, dbdirectin0_.x as x2_0_, dbdirectin0_.y as y3_0_ from db_direct_int_entity dbdirectin0_ where dbdirectin0_.x=3 and dbdirectin0_.y=403
P6SPY_SQL: SELECT dbdirectin0_.id AS id1_0_, dbdirectin0_.x AS x2_0_, dbdirectin0_.y AS y3_0_ FROM db_direct_int_entity dbdirectin0_
P6SPY_SQL: SELECT TABLE_NAME FROM INFORMATION_SCHEMA.TABLES  where TABLE_SCHEMA='PUBLIC'
P6SPY_SQL: SELECT SEQUENCE_NAME FROM INFORMATION_SCHEMA.SEQUENCES WHERE SEQUENCE_SCHEMA='PUBLIC'
P6SPY_SQL: select dbdirectin0_.id as id1_0_, dbdirectin0_.x as x2_0_, dbdirectin0_.y as y3_0_ from db_direct_int_entity dbdirectin0_ where dbdirectin0_.x=3 and dbdirectin0_.y=403
P6SPY_SQL: SELECT dbdirectin0_.id AS id1_0_, dbdirectin0_.x AS x2_0_, dbdirectin0_.y AS y3_0_ FROM db_direct_int_entity dbdirectin0_
P6SPY_SQL: SELECT TABLE_NAME FROM INFORMATION_SCHEMA.TABLES  where TABLE_SCHEMA='PUBLIC'
P6SPY_SQL: SELECT SEQUENCE_NAME FROM INFORMATION_SCHEMA.SEQUENCES WHERE SEQUENCE_SCHEMA='PUBLIC'
P6SPY_SQL: select dbdirectin0_.id as id1_0_, dbdirectin0_.x as x2_0_, dbdirectin0_.y as y3_0_ from db_direct_int_entity dbdirectin0_ where dbdirectin0_.x=3 and dbdirectin0_.y=403
P6SPY_SQL: SELECT dbdirectin0_.id AS id1_0_, dbdirectin0_.x AS x2_0_, dbdirectin0_.y AS y3_0_ FROM db_direct_int_entity dbdirectin0_
P6SPY_SQL: SELECT TABLE_NAME FROM INFORMATION_SCHEMA.TABLES  where TABLE_SCHEMA='PUBLIC'
P6SPY_SQL: SELECT SEQUENCE_NAME FROM INFORMATION_SCHEMA.SEQUENCES WHERE SEQUENCE_SCHEMA='PUBLIC'
P6SPY_SQL: select dbdirectin0_.id as id1_0_, dbdirectin0_.x as x2_0_, dbdirectin0_.y as y3_0_ from db_direct_int_entity dbdirectin0_ where dbdirectin0_.x=3 and dbdirectin0_.y=403
P6SPY_SQL: SELECT dbdirectin0_.id AS id1_0_, dbdirectin0_.x AS x2_0_, dbdirectin0_.y AS y3_0_ FROM db_direct_int_entity dbdirectin0_
&amp#27;[1A&amp#27;[2K* Consumed search budget: 46%
P6SPY_SQL: SELECT TABLE_NAME FROM INFORMATION_SCHEMA.TABLES  where TABLE_SCHEMA='PUBLIC'
P6SPY_SQL: SELECT SEQUENCE_NAME FROM INFORMATION_SCHEMA.SEQUENCES WHERE SEQUENCE_SCHEMA='PUBLIC'
P6SPY_SQL: select dbdirectin0_.id as id1_0_, dbdirectin0_.x as x2_0_, dbdirectin0_.y as y3_0_ from db_direct_int_entity dbdirectin0_ where dbdirectin0_.x=3 and dbdirectin0_.y=403
P6SPY_SQL: SELECT dbdirectin0_.id AS id1_0_, dbdirectin0_.x AS x2_0_, dbdirectin0_.y AS y3_0_ FROM db_direct_int_entity dbdirectin0_
P6SPY_SQL: SELECT TABLE_NAME FROM INFORMATION_SCHEMA.TABLES  where TABLE_SCHEMA='PUBLIC'
P6SPY_SQL: SELECT SEQUENCE_NAME FROM INFORMATION_SCHEMA.SEQUENCES WHERE SEQUENCE_SCHEMA='PUBLIC'
P6SPY_SQL: select dbdirectin0_.id as id1_0_, dbdirectin0_.x as x2_0_, dbdirectin0_.y as y3_0_ from db_direct_int_entity dbdirectin0_ where dbdirectin0_.x=3 and dbdirectin0_.y=403
P6SPY_SQL: SELECT dbdirectin0_.id AS id1_0_, dbdirectin0_.x AS x2_0_, dbdirectin0_.y AS y3_0_ FROM db_direct_int_entity dbdirectin0_
P6SPY_SQL: SELECT TABLE_NAME FROM INFORMATION_SCHEMA.TABLES  where TABLE_SCHEMA='PUBLIC'
P6SPY_SQL: SELECT SEQUENCE_NAME FROM INFORMATION_SCHEMA.SEQUENCES WHERE SEQUENCE_SCHEMA='PUBLIC'
P6SPY_SQL: select dbdirectin0_.id as id1_0_, dbdirectin0_.x as x2_0_, dbdirectin0_.y as y3_0_ from db_direct_int_entity dbdirectin0_ where dbdirectin0_.x=3 and dbdirectin0_.y=403
P6SPY_SQL: SELECT dbdirectin0_.id AS id1_0_, dbdirectin0_.x AS x2_0_, dbdirectin0_.y AS y3_0_ FROM db_direct_int_entity dbdirectin0_
P6SPY_SQL: SELECT TABLE_NAME FROM INFORMATION_SCHEMA.TABLES  where TABLE_SCHEMA='PUBLIC'
P6SPY_SQL: SELECT SEQUENCE_NAME FROM INFORMATION_SCHEMA.SEQUENCES WHERE SEQUENCE_SCHEMA='PUBLIC'
P6SPY_SQL: select dbdirectin0_.id as id1_0_, dbdirectin0_.x as x2_0_, dbdirectin0_.y as y3_0_ from db_direct_int_entity dbdirectin0_ where dbdirectin0_.x=3 and dbdirectin0_.y=403
P6SPY_SQL: SELECT dbdirectin0_.id AS id1_0_, dbdirectin0_.x AS x2_0_, dbdirectin0_.y AS y3_0_ FROM db_direct_int_entity dbdirectin0_
P6SPY_SQL: SELECT TABLE_NAME FROM INFORMATION_SCHEMA.TABLES  where TABLE_SCHEMA='PUBLIC'
P6SPY_SQL: SELECT SEQUENCE_NAME FROM INFORMATION_SCHEMA.SEQUENCES WHERE SEQUENCE_SCHEMA='PUBLIC'
P6SPY_SQL: select dbdirectin0_.id as id1_0_, dbdirectin0_.x as x2_0_, dbdirectin0_.y as y3_0_ from db_direct_int_entity dbdirectin0_ where dbdirectin0_.x=3 and dbdirectin0_.y=403
P6SPY_SQL: SELECT dbdirectin0_.id AS id1_0_, dbdirectin0_.x AS x2_0_, dbdirectin0_.y AS y3_0_ FROM db_direct_int_entity dbdirectin0_
P6SPY_SQL: SELECT TABLE_NAME FROM INFORMATION_SCHEMA.TABLES  where TABLE_SCHEMA='PUBLIC'
P6SPY_SQL: SELECT SEQUENCE_NAME FROM INFORMATION_SCHEMA.SEQUENCES WHERE SEQUENCE_SCHEMA='PUBLIC'
P6SPY_SQL: select dbdirectin0_.id as id1_0_, dbdirectin0_.x as x2_0_, dbdirectin0_.y as y3_0_ from db_direct_int_entity dbdirectin0_ where dbdirectin0_.x=3 and dbdirectin0_.y=403
P6SPY_SQL: SELECT dbdirectin0_.id AS id1_0_, dbdirectin0_.x AS x2_0_, dbdirectin0_.y AS y3_0_ FROM db_direct_int_entity dbdirectin0_
P6SPY_SQL: SELECT TABLE_NAME FROM INFORMATION_SCHEMA.TABLES  where TABLE_SCHEMA='PUBLIC'
P6SPY_SQL: SELECT SEQUENCE_NAME FROM INFORMATION_SCHEMA.SEQUENCES WHERE SEQUENCE_SCHEMA='PUBLIC'
P6SPY_SQL: select dbdirectin0_.id as id1_0_, dbdirectin0_.x as x2_0_, dbdirectin0_.y as y3_0_ from db_direct_int_entity dbdirectin0_ where dbdirectin0_.x=3 and dbdirectin0_.y=403
P6SPY_SQL: SELECT dbdirectin0_.id AS id1_0_, dbdirectin0_.x AS x2_0_, dbdirectin0_.y AS y3_0_ FROM db_direct_int_entity dbdirectin0_
P6SPY_SQL: SELECT TABLE_NAME FROM INFORMATION_SCHEMA.TABLES  where TABLE_SCHEMA='PUBLIC'
P6SPY_SQL: SELECT SEQUENCE_NAME FROM INFORMATION_SCHEMA.SEQUENCES WHERE SEQUENCE_SCHEMA='PUBLIC'
P6SPY_SQL: select dbdirectin0_.id as id1_0_, dbdirectin0_.x as x2_0_, dbdirectin0_.y as y3_0_ from db_direct_int_entity dbdirectin0_ where dbdirectin0_.x=3 and dbdirectin0_.y=403
P6SPY_SQL: SELECT dbdirectin0_.id AS id1_0_, dbdirectin0_.x AS x2_0_, dbdirectin0_.y AS y3_0_ FROM db_direct_int_entity dbdirectin0_
P6SPY_SQL: SELECT TABLE_NAME FROM INFORMATION_SCHEMA.TABLES  where TABLE_SCHEMA='PUBLIC'
P6SPY_SQL: SELECT SEQUENCE_NAME FROM INFORMATION_SCHEMA.SEQUENCES WHERE SEQUENCE_SCHEMA='PUBLIC'
P6SPY_SQL: select dbdirectin0_.id as id1_0_, dbdirectin0_.x as x2_0_, dbdirectin0_.y as y3_0_ from db_direct_int_entity dbdirectin0_ where dbdirectin0_.x=3 and dbdirectin0_.y=403
P6SPY_SQL: SELECT dbdirectin0_.id AS id1_0_, dbdirectin0_.x AS x2_0_, dbdirectin0_.y AS y3_0_ FROM db_direct_int_entity dbdirectin0_
P6SPY_SQL: SELECT TABLE_NAME FROM INFORMATION_SCHEMA.TABLES  where TABLE_SCHEMA='PUBLIC'
P6SPY_SQL: SELECT SEQUENCE_NAME FROM INFORMATION_SCHEMA.SEQUENCES WHERE SEQUENCE_SCHEMA='PUBLIC'
P6SPY_SQL: select dbdirectin0_.id as id1_0_, dbdirectin0_.x as x2_0_, dbdirectin0_.y as y3_0_ from db_direct_int_entity dbdirectin0_ where dbdirectin0_.x=3 and dbdirectin0_.y=403
P6SPY_SQL: SELECT dbdirectin0_.id AS id1_0_, dbdirectin0_.x AS x2_0_, dbdirectin0_.y AS y3_0_ FROM db_direct_int_entity dbdirectin0_
&amp#27;[1A&amp#27;[2K* Consumed search budget: 47%
P6SPY_SQL: SELECT TABLE_NAME FROM INFORMATION_SCHEMA.TABLES  where TABLE_SCHEMA='PUBLIC'
P6SPY_SQL: SELECT SEQUENCE_NAME FROM INFORMATION_SCHEMA.SEQUENCES WHERE SEQUENCE_SCHEMA='PUBLIC'
P6SPY_SQL: select dbdirectin0_.id as id1_0_, dbdirectin0_.x as x2_0_, dbdirectin0_.y as y3_0_ from db_direct_int_entity dbdirectin0_ where dbdirectin0_.x=3 and dbdirectin0_.y=403
P6SPY_SQL: SELECT dbdirectin0_.id AS id1_0_, dbdirectin0_.x AS x2_0_, dbdirectin0_.y AS y3_0_ FROM db_direct_int_entity dbdirectin0_
P6SPY_SQL: SELECT TABLE_NAME FROM INFORMATION_SCHEMA.TABLES  where TABLE_SCHEMA='PUBLIC'
P6SPY_SQL: SELECT SEQUENCE_NAME FROM INFORMATION_SCHEMA.SEQUENCES WHERE SEQUENCE_SCHEMA='PUBLIC'
P6SPY_SQL: select dbdirectin0_.id as id1_0_, dbdirectin0_.x as x2_0_, dbdirectin0_.y as y3_0_ from db_direct_int_entity dbdirectin0_ where dbdirectin0_.x=3 and dbdirectin0_.y=403
P6SPY_SQL: SELECT dbdirectin0_.id AS id1_0_, dbdirectin0_.x AS x2_0_, dbdirectin0_.y AS y3_0_ FROM db_direct_int_entity dbdirectin0_
P6SPY_SQL: SELECT TABLE_NAME FROM INFORMATION_SCHEMA.TABLES  where TABLE_SCHEMA='PUBLIC'
P6SPY_SQL: SELECT SEQUENCE_NAME FROM INFORMATION_SCHEMA.SEQUENCES WHERE SEQUENCE_SCHEMA='PUBLIC'
P6SPY_SQL: select dbdirectin0_.id as id1_0_, dbdirectin0_.x as x2_0_, dbdirectin0_.y as y3_0_ from db_direct_int_entity dbdirectin0_ where dbdirectin0_.x=3 and dbdirectin0_.y=403
P6SPY_SQL: SELECT dbdirectin0_.id AS id1_0_, dbdirectin0_.x AS x2_0_, dbdirectin0_.y AS y3_0_ FROM db_direct_int_entity dbdirectin0_
P6SPY_SQL: SELECT TABLE_NAME FROM INFORMATION_SCHEMA.TABLES  where TABLE_SCHEMA='PUBLIC'
P6SPY_SQL: SELECT SEQUENCE_NAME FROM INFORMATION_SCHEMA.SEQUENCES WHERE SEQUENCE_SCHEMA='PUBLIC'
P6SPY_SQL: select dbdirectin0_.id as id1_0_, dbdirectin0_.x as x2_0_, dbdirectin0_.y as y3_0_ from db_direct_int_entity dbdirectin0_ where dbdirectin0_.x=3 and dbdirectin0_.y=403
P6SPY_SQL: SELECT dbdirectin0_.id AS id1_0_, dbdirectin0_.x AS x2_0_, dbdirectin0_.y AS y3_0_ FROM db_direct_int_entity dbdirectin0_
P6SPY_SQL: SELECT TABLE_NAME FROM INFORMATION_SCHEMA.TABLES  where TABLE_SCHEMA='PUBLIC'
P6SPY_SQL: SELECT SEQUENCE_NAME FROM INFORMATION_SCHEMA.SEQUENCES WHERE SEQUENCE_SCHEMA='PUBLIC'
P6SPY_SQL: select dbdirectin0_.id as id1_0_, dbdirectin0_.x as x2_0_, dbdirectin0_.y as y3_0_ from db_direct_int_entity dbdirectin0_ where dbdirectin0_.x=3 and dbdirectin0_.y=403
P6SPY_SQL: SELECT dbdirectin0_.id AS id1_0_, dbdirectin0_.x AS x2_0_, dbdirectin0_.y AS y3_0_ FROM db_direct_int_entity dbdirectin0_
P6SPY_SQL: SELECT TABLE_NAME FROM INFORMATION_SCHEMA.TABLES  where TABLE_SCHEMA='PUBLIC'
P6SPY_SQL: SELECT SEQUENCE_NAME FROM INFORMATION_SCHEMA.SEQUENCES WHERE SEQUENCE_SCHEMA='PUBLIC'
P6SPY_SQL: select dbdirectin0_.id as id1_0_, dbdirectin0_.x as x2_0_, dbdirectin0_.y as y3_0_ from db_direct_int_entity dbdirectin0_ where dbdirectin0_.x=3 and dbdirectin0_.y=403
P6SPY_SQL: SELECT dbdirectin0_.id AS id1_0_, dbdirectin0_.x AS x2_0_, dbdirectin0_.y AS y3_0_ FROM db_direct_int_entity dbdirectin0_
P6SPY_SQL: SELECT TABLE_NAME FROM INFORMATION_SCHEMA.TABLES  where TABLE_SCHEMA='PUBLIC'
P6SPY_SQL: SELECT SEQUENCE_NAME FROM INFORMATION_SCHEMA.SEQUENCES WHERE SEQUENCE_SCHEMA='PUBLIC'
P6SPY_SQL: select dbdirectin0_.id as id1_0_, dbdirectin0_.x as x2_0_, dbdirectin0_.y as y3_0_ from db_direct_int_entity dbdirectin0_ where dbdirectin0_.x=3 and dbdirectin0_.y=403
P6SPY_SQL: SELECT dbdirectin0_.id AS id1_0_, dbdirectin0_.x AS x2_0_, dbdirectin0_.y AS y3_0_ FROM db_direct_int_entity dbdirectin0_
P6SPY_SQL: SELECT TABLE_NAME FROM INFORMATION_SCHEMA.TABLES  where TABLE_SCHEMA='PUBLIC'
P6SPY_SQL: SELECT SEQUENCE_NAME FROM INFORMATION_SCHEMA.SEQUENCES WHERE SEQUENCE_SCHEMA='PUBLIC'
P6SPY_SQL: select dbdirectin0_.id as id1_0_, dbdirectin0_.x as x2_0_, dbdirectin0_.y as y3_0_ from db_direct_int_entity dbdirectin0_ where dbdirectin0_.x=3 and dbdirectin0_.y=403
P6SPY_SQL: SELECT dbdirectin0_.id AS id1_0_, dbdirectin0_.x AS x2_0_, dbdirectin0_.y AS y3_0_ FROM db_direct_int_entity dbdirectin0_
P6SPY_SQL: SELECT TABLE_NAME FROM INFORMATION_SCHEMA.TABLES  where TABLE_SCHEMA='PUBLIC'
P6SPY_SQL: SELECT SEQUENCE_NAME FROM INFORMATION_SCHEMA.SEQUENCES WHERE SEQUENCE_SCHEMA='PUBLIC'
P6SPY_SQL: select dbdirectin0_.id as id1_0_, dbdirectin0_.x as x2_0_, dbdirectin0_.y as y3_0_ from db_direct_int_entity dbdirectin0_ where dbdirectin0_.x=3 and dbdirectin0_.y=403
P6SPY_SQL: SELECT dbdirectin0_.id AS id1_0_, dbdirectin0_.x AS x2_0_, dbdirectin0_.y AS y3_0_ FROM db_direct_int_entity dbdirectin0_
P6SPY_SQL: SELECT TABLE_NAME FROM INFORMATION_SCHEMA.TABLES  where TABLE_SCHEMA='PUBLIC'
P6SPY_SQL: SELECT SEQUENCE_NAME FROM INFORMATION_SCHEMA.SEQUENCES WHERE SEQUENCE_SCHEMA='PUBLIC'
P6SPY_SQL: select dbdirectin0_.id as id1_0_, dbdirectin0_.x as x2_0_, dbdirectin0_.y as y3_0_ from db_direct_int_entity dbdirectin0_ where dbdirectin0_.x=3 and dbdirectin0_.y=403
P6SPY_SQL: SELECT dbdirectin0_.id AS id1_0_, dbdirectin0_.x AS x2_0_, dbdirectin0_.y AS y3_0_ FROM db_direct_int_entity dbdirectin0_
&amp#27;[1A&amp#27;[2K* Consumed search budget: 48%
P6SPY_SQL: SELECT TABLE_NAME FROM INFORMATION_SCHEMA.TABLES  where TABLE_SCHEMA='PUBLIC'
P6SPY_SQL: SELECT SEQUENCE_NAME FROM INFORMATION_SCHEMA.SEQUENCES WHERE SEQUENCE_SCHEMA='PUBLIC'
P6SPY_SQL: select dbdirectin0_.id as id1_0_, dbdirectin0_.x as x2_0_, dbdirectin0_.y as y3_0_ from db_direct_int_entity dbdirectin0_ where dbdirectin0_.x=3 and dbdirectin0_.y=403
P6SPY_SQL: SELECT dbdirectin0_.id AS id1_0_, dbdirectin0_.x AS x2_0_, dbdirectin0_.y AS y3_0_ FROM db_direct_int_entity dbdirectin0_
P6SPY_SQL: SELECT TABLE_NAME FROM INFORMATION_SCHEMA.TABLES  where TABLE_SCHEMA='PUBLIC'
P6SPY_SQL: SELECT SEQUENCE_NAME FROM INFORMATION_SCHEMA.SEQUENCES WHERE SEQUENCE_SCHEMA='PUBLIC'
P6SPY_SQL: select dbdirectin0_.id as id1_0_, dbdirectin0_.x as x2_0_, dbdirectin0_.y as y3_0_ from db_direct_int_entity dbdirectin0_ where dbdirectin0_.x=3 and dbdirectin0_.y=403
P6SPY_SQL: SELECT dbdirectin0_.id AS id1_0_, dbdirectin0_.x AS x2_0_, dbdirectin0_.y AS y3_0_ FROM db_direct_int_entity dbdirectin0_
P6SPY_SQL: SELECT TABLE_NAME FROM INFORMATION_SCHEMA.TABLES  where TABLE_SCHEMA='PUBLIC'
P6SPY_SQL: SELECT SEQUENCE_NAME FROM INFORMATION_SCHEMA.SEQUENCES WHERE SEQUENCE_SCHEMA='PUBLIC'
P6SPY_SQL: select dbdirectin0_.id as id1_0_, dbdirectin0_.x as x2_0_, dbdirectin0_.y as y3_0_ from db_direct_int_entity dbdirectin0_ where dbdirectin0_.x=3 and dbdirectin0_.y=403
P6SPY_SQL: SELECT dbdirectin0_.id AS id1_0_, dbdirectin0_.x AS x2_0_, dbdirectin0_.y AS y3_0_ FROM db_direct_int_entity dbdirectin0_
P6SPY_SQL: SELECT TABLE_NAME FROM INFORMATION_SCHEMA.TABLES  where TABLE_SCHEMA='PUBLIC'
P6SPY_SQL: SELECT SEQUENCE_NAME FROM INFORMATION_SCHEMA.SEQUENCES WHERE SEQUENCE_SCHEMA='PUBLIC'
P6SPY_SQL: select dbdirectin0_.id as id1_0_, dbdirectin0_.x as x2_0_, dbdirectin0_.y as y3_0_ from db_direct_int_entity dbdirectin0_ where dbdirectin0_.x=3 and dbdirectin0_.y=403
P6SPY_SQL: SELECT dbdirectin0_.id AS id1_0_, dbdirectin0_.x AS x2_0_, dbdirectin0_.y AS y3_0_ FROM db_direct_int_entity dbdirectin0_
P6SPY_SQL: SELECT TABLE_NAME FROM INFORMATION_SCHEMA.TABLES  where TABLE_SCHEMA='PUBLIC'
P6SPY_SQL: SELECT SEQUENCE_NAME FROM INFORMATION_SCHEMA.SEQUENCES WHERE SEQUENCE_SCHEMA='PUBLIC'
P6SPY_SQL: select dbdirectin0_.id as id1_0_, dbdirectin0_.x as x2_0_, dbdirectin0_.y as y3_0_ from db_direct_int_entity dbdirectin0_ where dbdirectin0_.x=3 and dbdirectin0_.y=403
P6SPY_SQL: SELECT dbdirectin0_.id AS id1_0_, dbdirectin0_.x AS x2_0_, dbdirectin0_.y AS y3_0_ FROM db_direct_int_entity dbdirectin0_
P6SPY_SQL: SELECT TABLE_NAME FROM INFORMATION_SCHEMA.TABLES  where TABLE_SCHEMA='PUBLIC'
P6SPY_SQL: SELECT SEQUENCE_NAME FROM INFORMATION_SCHEMA.SEQUENCES WHERE SEQUENCE_SCHEMA='PUBLIC'
P6SPY_SQL: select dbdirectin0_.id as id1_0_, dbdirectin0_.x as x2_0_, dbdirectin0_.y as y3_0_ from db_direct_int_entity dbdirectin0_ where dbdirectin0_.x=3 and dbdirectin0_.y=403
P6SPY_SQL: SELECT dbdirectin0_.id AS id1_0_, dbdirectin0_.x AS x2_0_, dbdirectin0_.y AS y3_0_ FROM db_direct_int_entity dbdirectin0_
P6SPY_SQL: SELECT TABLE_NAME FROM INFORMATION_SCHEMA.TABLES  where TABLE_SCHEMA='PUBLIC'
P6SPY_SQL: SELECT SEQUENCE_NAME FROM INFORMATION_SCHEMA.SEQUENCES WHERE SEQUENCE_SCHEMA='PUBLIC'
P6SPY_SQL: select dbdirectin0_.id as id1_0_, dbdirectin0_.x as x2_0_, dbdirectin0_.y as y3_0_ from db_direct_int_entity dbdirectin0_ where dbdirectin0_.x=3 and dbdirectin0_.y=403
P6SPY_SQL: SELECT dbdirectin0_.id AS id1_0_, dbdirectin0_.x AS x2_0_, dbdirectin0_.y AS y3_0_ FROM db_direct_int_entity dbdirectin0_
P6SPY_SQL: SELECT TABLE_NAME FROM INFORMATION_SCHEMA.TABLES  where TABLE_SCHEMA='PUBLIC'
P6SPY_SQL: SELECT SEQUENCE_NAME FROM INFORMATION_SCHEMA.SEQUENCES WHERE SEQUENCE_SCHEMA='PUBLIC'
P6SPY_SQL: select dbdirectin0_.id as id1_0_, dbdirectin0_.x as x2_0_, dbdirectin0_.y as y3_0_ from db_direct_int_entity dbdirectin0_ where dbdirectin0_.x=3 and dbdirectin0_.y=403
P6SPY_SQL: SELECT dbdirectin0_.id AS id1_0_, dbdirectin0_.x AS x2_0_, dbdirectin0_.y AS y3_0_ FROM db_direct_int_entity dbdirectin0_
P6SPY_SQL: SELECT TABLE_NAME FROM INFORMATION_SCHEMA.TABLES  where TABLE_SCHEMA='PUBLIC'
P6SPY_SQL: SELECT SEQUENCE_NAME FROM INFORMATION_SCHEMA.SEQUENCES WHERE SEQUENCE_SCHEMA='PUBLIC'
P6SPY_SQL: select dbdirectin0_.id as id1_0_, dbdirectin0_.x as x2_0_, dbdirectin0_.y as y3_0_ from db_direct_int_entity dbdirectin0_ where dbdirectin0_.x=3 and dbdirectin0_.y=403
P6SPY_SQL: SELECT dbdirectin0_.id AS id1_0_, dbdirectin0_.x AS x2_0_, dbdirectin0_.y AS y3_0_ FROM db_direct_int_entity dbdirectin0_
P6SPY_SQL: SELECT TABLE_NAME FROM INFORMATION_SCHEMA.TABLES  where TABLE_SCHEMA='PUBLIC'
P6SPY_SQL: SELECT SEQUENCE_NAME FROM INFORMATION_SCHEMA.SEQUENCES WHERE SEQUENCE_SCHEMA='PUBLIC'
P6SPY_SQL: select dbdirectin0_.id as id1_0_, dbdirectin0_.x as x2_0_, dbdirectin0_.y as y3_0_ from db_direct_int_entity dbdirectin0_ where dbdirectin0_.x=3 and dbdirectin0_.y=403
P6SPY_SQL: SELECT dbdirectin0_.id AS id1_0_, dbdirectin0_.x AS x2_0_, dbdirectin0_.y AS y3_0_ FROM db_direct_int_entity dbdirectin0_
&amp#27;[1A&amp#27;[2K* Consumed search budget: 49%
P6SPY_SQL: SELECT TABLE_NAME FROM INFORMATION_SCHEMA.TABLES  where TABLE_SCHEMA='PUBLIC'
P6SPY_SQL: SELECT SEQUENCE_NAME FROM INFORMATION_SCHEMA.SEQUENCES WHERE SEQUENCE_SCHEMA='PUBLIC'
P6SPY_SQL: select dbdirectin0_.id as id1_0_, dbdirectin0_.x as x2_0_, dbdirectin0_.y as y3_0_ from db_direct_int_entity dbdirectin0_ where dbdirectin0_.x=3 and dbdirectin0_.y=403
P6SPY_SQL: SELECT dbdirectin0_.id AS id1_0_, dbdirectin0_.x AS x2_0_, dbdirectin0_.y AS y3_0_ FROM db_direct_int_entity dbdirectin0_
P6SPY_SQL: SELECT TABLE_NAME FROM INFORMATION_SCHEMA.TABLES  where TABLE_SCHEMA='PUBLIC'
P6SPY_SQL: SELECT SEQUENCE_NAME FROM INFORMATION_SCHEMA.SEQUENCES WHERE SEQUENCE_SCHEMA='PUBLIC'
P6SPY_SQL: select dbdirectin0_.id as id1_0_, dbdirectin0_.x as x2_0_, dbdirectin0_.y as y3_0_ from db_direct_int_entity dbdirectin0_ where dbdirectin0_.x=3 and dbdirectin0_.y=403
P6SPY_SQL: SELECT dbdirectin0_.id AS id1_0_, dbdirectin0_.x AS x2_0_, dbdirectin0_.y AS y3_0_ FROM db_direct_int_entity dbdirectin0_
P6SPY_SQL: SELECT TABLE_NAME FROM INFORMATION_SCHEMA.TABLES  where TABLE_SCHEMA='PUBLIC'
P6SPY_SQL: SELECT SEQUENCE_NAME FROM INFORMATION_SCHEMA.SEQUENCES WHERE SEQUENCE_SCHEMA='PUBLIC'
P6SPY_SQL: select dbdirectin0_.id as id1_0_, dbdirectin0_.x as x2_0_, dbdirectin0_.y as y3_0_ from db_direct_int_entity dbdirectin0_ where dbdirectin0_.x=3 and dbdirectin0_.y=403
P6SPY_SQL: SELECT dbdirectin0_.id AS id1_0_, dbdirectin0_.x AS x2_0_, dbdirectin0_.y AS y3_0_ FROM db_direct_int_entity dbdirectin0_
P6SPY_SQL: SELECT TABLE_NAME FROM INFORMATION_SCHEMA.TABLES  where TABLE_SCHEMA='PUBLIC'
P6SPY_SQL: SELECT SEQUENCE_NAME FROM INFORMATION_SCHEMA.SEQUENCES WHERE SEQUENCE_SCHEMA='PUBLIC'
P6SPY_SQL: select dbdirectin0_.id as id1_0_, dbdirectin0_.x as x2_0_, dbdirectin0_.y as y3_0_ from db_direct_int_entity dbdirectin0_ where dbdirectin0_.x=3 and dbdirectin0_.y=403
P6SPY_SQL: SELECT dbdirectin0_.id AS id1_0_, dbdirectin0_.x AS x2_0_, dbdirectin0_.y AS y3_0_ FROM db_direct_int_entity dbdirectin0_
P6SPY_SQL: SELECT TABLE_NAME FROM INFORMATION_SCHEMA.TABLES  where TABLE_SCHEMA='PUBLIC'
P6SPY_SQL: SELECT SEQUENCE_NAME FROM INFORMATION_SCHEMA.SEQUENCES WHERE SEQUENCE_SCHEMA='PUBLIC'
P6SPY_SQL: select dbdirectin0_.id as id1_0_, dbdirectin0_.x as x2_0_, dbdirectin0_.y as y3_0_ from db_direct_int_entity dbdirectin0_ where dbdirectin0_.x=3 and dbdirectin0_.y=403
P6SPY_SQL: SELECT dbdirectin0_.id AS id1_0_, dbdirectin0_.x AS x2_0_, dbdirectin0_.y AS y3_0_ FROM db_direct_int_entity dbdirectin0_
P6SPY_SQL: SELECT TABLE_NAME FROM INFORMATION_SCHEMA.TABLES  where TABLE_SCHEMA='PUBLIC'
P6SPY_SQL: SELECT SEQUENCE_NAME FROM INFORMATION_SCHEMA.SEQUENCES WHERE SEQUENCE_SCHEMA='PUBLIC'
P6SPY_SQL: select dbdirectin0_.id as id1_0_, dbdirectin0_.x as x2_0_, dbdirectin0_.y as y3_0_ from db_direct_int_entity dbdirectin0_ where dbdirectin0_.x=3 and dbdirectin0_.y=403
P6SPY_SQL: SELECT dbdirectin0_.id AS id1_0_, dbdirectin0_.x AS x2_0_, dbdirectin0_.y AS y3_0_ FROM db_direct_int_entity dbdirectin0_
P6SPY_SQL: SELECT TABLE_NAME FROM INFORMATION_SCHEMA.TABLES  where TABLE_SCHEMA='PUBLIC'
P6SPY_SQL: SELECT SEQUENCE_NAME FROM INFORMATION_SCHEMA.SEQUENCES WHERE SEQUENCE_SCHEMA='PUBLIC'
P6SPY_SQL: select dbdirectin0_.id as id1_0_, dbdirectin0_.x as x2_0_, dbdirectin0_.y as y3_0_ from db_direct_int_entity dbdirectin0_ where dbdirectin0_.x=3 and dbdirectin0_.y=403
P6SPY_SQL: SELECT dbdirectin0_.id AS id1_0_, dbdirectin0_.x AS x2_0_, dbdirectin0_.y AS y3_0_ FROM db_direct_int_entity dbdirectin0_
P6SPY_SQL: SELECT TABLE_NAME FROM INFORMATION_SCHEMA.TABLES  where TABLE_SCHEMA='PUBLIC'
P6SPY_SQL: SELECT SEQUENCE_NAME FROM INFORMATION_SCHEMA.SEQUENCES WHERE SEQUENCE_SCHEMA='PUBLIC'
P6SPY_SQL: select dbdirectin0_.id as id1_0_, dbdirectin0_.x as x2_0_, dbdirectin0_.y as y3_0_ from db_direct_int_entity dbdirectin0_ where dbdirectin0_.x=3 and dbdirectin0_.y=403
P6SPY_SQL: SELECT dbdirectin0_.id AS id1_0_, dbdirectin0_.x AS x2_0_, dbdirectin0_.y AS y3_0_ FROM db_direct_int_entity dbdirectin0_
P6SPY_SQL: SELECT TABLE_NAME FROM INFORMATION_SCHEMA.TABLES  where TABLE_SCHEMA='PUBLIC'
P6SPY_SQL: SELECT SEQUENCE_NAME FROM INFORMATION_SCHEMA.SEQUENCES WHERE SEQUENCE_SCHEMA='PUBLIC'
P6SPY_SQL: select dbdirectin0_.id as id1_0_, dbdirectin0_.x as x2_0_, dbdirectin0_.y as y3_0_ from db_direct_int_entity dbdirectin0_ where dbdirectin0_.x=3 and dbdirectin0_.y=403
P6SPY_SQL: SELECT dbdirectin0_.id AS id1_0_, dbdirectin0_.x AS x2_0_, dbdirectin0_.y AS y3_0_ FROM db_direct_int_entity dbdirectin0_
P6SPY_SQL: SELECT TABLE_NAME FROM INFORMATION_SCHEMA.TABLES  where TABLE_SCHEMA='PUBLIC'
P6SPY_SQL: SELECT SEQUENCE_NAME FROM INFORMATION_SCHEMA.SEQUENCES WHERE SEQUENCE_SCHEMA='PUBLIC'
P6SPY_SQL: select dbdirectin0_.id as id1_0_, dbdirectin0_.x as x2_0_, dbdirectin0_.y as y3_0_ from db_direct_int_entity dbdirectin0_ where dbdirectin0_.x=3 and dbdirectin0_.y=403
P6SPY_SQL: SELECT dbdirectin0_.id AS id1_0_, dbdirectin0_.x AS x2_0_, dbdirectin0_.y AS y3_0_ FROM db_direct_int_entity dbdirectin0_
&amp#27;[1A&amp#27;[2K* Consumed search budget: 50%
P6SPY_SQL: SELECT TABLE_NAME FROM INFORMATION_SCHEMA.TABLES  where TABLE_SCHEMA='PUBLIC'
P6SPY_SQL: SELECT SEQUENCE_NAME FROM INFORMATION_SCHEMA.SEQUENCES WHERE SEQUENCE_SCHEMA='PUBLIC'
P6SPY_SQL: select dbdirectin0_.id as id1_0_, dbdirectin0_.x as x2_0_, dbdirectin0_.y as y3_0_ from db_direct_int_entity dbdirectin0_ where dbdirectin0_.x=3 and dbdirectin0_.y=403
P6SPY_SQL: SELECT dbdirectin0_.id AS id1_0_, dbdirectin0_.x AS x2_0_, dbdirectin0_.y AS y3_0_ FROM db_direct_int_entity dbdirectin0_
P6SPY_SQL: SELECT TABLE_NAME FROM INFORMATION_SCHEMA.TABLES  where TABLE_SCHEMA='PUBLIC'
P6SPY_SQL: SELECT SEQUENCE_NAME FROM INFORMATION_SCHEMA.SEQUENCES WHERE SEQUENCE_SCHEMA='PUBLIC'
P6SPY_SQL: select dbdirectin0_.id as id1_0_, dbdirectin0_.x as x2_0_, dbdirectin0_.y as y3_0_ from db_direct_int_entity dbdirectin0_ where dbdirectin0_.x=3 and dbdirectin0_.y=403
P6SPY_SQL: SELECT dbdirectin0_.id AS id1_0_, dbdirectin0_.x AS x2_0_, dbdirectin0_.y AS y3_0_ FROM db_direct_int_entity dbdirectin0_
P6SPY_SQL: SELECT TABLE_NAME FROM INFORMATION_SCHEMA.TABLES  where TABLE_SCHEMA='PUBLIC'
P6SPY_SQL: SELECT SEQUENCE_NAME FROM INFORMATION_SCHEMA.SEQUENCES WHERE SEQUENCE_SCHEMA='PUBLIC'
P6SPY_SQL: select dbdirectin0_.id as id1_0_, dbdirectin0_.x as x2_0_, dbdirectin0_.y as y3_0_ from db_direct_int_entity dbdirectin0_ where dbdirectin0_.x=3 and dbdirectin0_.y=403
P6SPY_SQL: SELECT dbdirectin0_.id AS id1_0_, dbdirectin0_.x AS x2_0_, dbdirectin0_.y AS y3_0_ FROM db_direct_int_entity dbdirectin0_
P6SPY_SQL: SELECT TABLE_NAME FROM INFORMATION_SCHEMA.TABLES  where TABLE_SCHEMA='PUBLIC'
P6SPY_SQL: SELECT SEQUENCE_NAME FROM INFORMATION_SCHEMA.SEQUENCES WHERE SEQUENCE_SCHEMA='PUBLIC'
P6SPY_SQL: select dbdirectin0_.id as id1_0_, dbdirectin0_.x as x2_0_, dbdirectin0_.y as y3_0_ from db_direct_int_entity dbdirectin0_ where dbdirectin0_.x=3 and dbdirectin0_.y=403
P6SPY_SQL: SELECT dbdirectin0_.id AS id1_0_, dbdirectin0_.x AS x2_0_, dbdirectin0_.y AS y3_0_ FROM db_direct_int_entity dbdirectin0_
P6SPY_SQL: SELECT TABLE_NAME FROM INFORMATION_SCHEMA.TABLES  where TABLE_SCHEMA='PUBLIC'
P6SPY_SQL: SELECT SEQUENCE_NAME FROM INFORMATION_SCHEMA.SEQUENCES WHERE SEQUENCE_SCHEMA='PUBLIC'
P6SPY_SQL: select dbdirectin0_.id as id1_0_, dbdirectin0_.x as x2_0_, dbdirectin0_.y as y3_0_ from db_direct_int_entity dbdirectin0_ where dbdirectin0_.x=3 and dbdirectin0_.y=403
P6SPY_SQL: SELECT dbdirectin0_.id AS id1_0_, dbdirectin0_.x AS x2_0_, dbdirectin0_.y AS y3_0_ FROM db_direct_int_entity dbdirectin0_
P6SPY_SQL: SELECT TABLE_NAME FROM INFORMATION_SCHEMA.TABLES  where TABLE_SCHEMA='PUBLIC'
P6SPY_SQL: SELECT SEQUENCE_NAME FROM INFORMATION_SCHEMA.SEQUENCES WHERE SEQUENCE_SCHEMA='PUBLIC'
P6SPY_SQL: select dbdirectin0_.id as id1_0_, dbdirectin0_.x as x2_0_, dbdirectin0_.y as y3_0_ from db_direct_int_entity dbdirectin0_ where dbdirectin0_.x=3 and dbdirectin0_.y=403
P6SPY_SQL: SELECT dbdirectin0_.id AS id1_0_, dbdirectin0_.x AS x2_0_, dbdirectin0_.y AS y3_0_ FROM db_direct_int_entity dbdirectin0_
P6SPY_SQL: SELECT TABLE_NAME FROM INFORMATION_SCHEMA.TABLES  where TABLE_SCHEMA='PUBLIC'
P6SPY_SQL: SELECT SEQUENCE_NAME FROM INFORMATION_SCHEMA.SEQUENCES WHERE SEQUENCE_SCHEMA='PUBLIC'
P6SPY_SQL: select dbdirectin0_.id as id1_0_, dbdirectin0_.x as x2_0_, dbdirectin0_.y as y3_0_ from db_direct_int_entity dbdirectin0_ where dbdirectin0_.x=3 and dbdirectin0_.y=403
P6SPY_SQL: SELECT dbdirectin0_.id AS id1_0_, dbdirectin0_.x AS x2_0_, dbdirectin0_.y AS y3_0_ FROM db_direct_int_entity dbdirectin0_
P6SPY_SQL: SELECT TABLE_NAME FROM INFORMATION_SCHEMA.TABLES  where TABLE_SCHEMA='PUBLIC'
P6SPY_SQL: SELECT SEQUENCE_NAME FROM INFORMATION_SCHEMA.SEQUENCES WHERE SEQUENCE_SCHEMA='PUBLIC'
P6SPY_SQL: select dbdirectin0_.id as id1_0_, dbdirectin0_.x as x2_0_, dbdirectin0_.y as y3_0_ from db_direct_int_entity dbdirectin0_ where dbdirectin0_.x=3 and dbdirectin0_.y=403
P6SPY_SQL: SELECT dbdirectin0_.id AS id1_0_, dbdirectin0_.x AS x2_0_, dbdirectin0_.y AS y3_0_ FROM db_direct_int_entity dbdirectin0_
P6SPY_SQL: SELECT TABLE_NAME FROM INFORMATION_SCHEMA.TABLES  where TABLE_SCHEMA='PUBLIC'
P6SPY_SQL: SELECT SEQUENCE_NAME FROM INFORMATION_SCHEMA.SEQUENCES WHERE SEQUENCE_SCHEMA='PUBLIC'
P6SPY_SQL: select dbdirectin0_.id as id1_0_, dbdirectin0_.x as x2_0_, dbdirectin0_.y as y3_0_ from db_direct_int_entity dbdirectin0_ where dbdirectin0_.x=3 and dbdirectin0_.y=403
P6SPY_SQL: SELECT dbdirectin0_.id AS id1_0_, dbdirectin0_.x AS x2_0_, dbdirectin0_.y AS y3_0_ FROM db_direct_int_entity dbdirectin0_
P6SPY_SQL: SELECT TABLE_NAME FROM INFORMATION_SCHEMA.TABLES  where TABLE_SCHEMA='PUBLIC'
P6SPY_SQL: SELECT SEQUENCE_NAME FROM INFORMATION_SCHEMA.SEQUENCES WHERE SEQUENCE_SCHEMA='PUBLIC'
P6SPY_SQL: select dbdirectin0_.id as id1_0_, dbdirectin0_.x as x2_0_, dbdirectin0_.y as y3_0_ from db_direct_int_entity dbdirectin0_ where dbdirectin0_.x=3 and dbdirectin0_.y=403
P6SPY_SQL: SELECT dbdirectin0_.id AS id1_0_, dbdirectin0_.x AS x2_0_, dbdirectin0_.y AS y3_0_ FROM db_direct_int_entity dbdirectin0_
&amp#27;[1A&amp#27;[2K* Consumed search budget: 51%
P6SPY_SQL: SELECT TABLE_NAME FROM INFORMATION_SCHEMA.TABLES  where TABLE_SCHEMA='PUBLIC'
P6SPY_SQL: SELECT SEQUENCE_NAME FROM INFORMATION_SCHEMA.SEQUENCES WHERE SEQUENCE_SCHEMA='PUBLIC'
P6SPY_SQL: select dbdirectin0_.id as id1_0_, dbdirectin0_.x as x2_0_, dbdirectin0_.y as y3_0_ from db_direct_int_entity dbdirectin0_ where dbdirectin0_.x=3 and dbdirectin0_.y=403
P6SPY_SQL: SELECT dbdirectin0_.id AS id1_0_, dbdirectin0_.x AS x2_0_, dbdirectin0_.y AS y3_0_ FROM db_direct_int_entity dbdirectin0_
P6SPY_SQL: SELECT TABLE_NAME FROM INFORMATION_SCHEMA.TABLES  where TABLE_SCHEMA='PUBLIC'
P6SPY_SQL: SELECT SEQUENCE_NAME FROM INFORMATION_SCHEMA.SEQUENCES WHERE SEQUENCE_SCHEMA='PUBLIC'
P6SPY_SQL: select dbdirectin0_.id as id1_0_, dbdirectin0_.x as x2_0_, dbdirectin0_.y as y3_0_ from db_direct_int_entity dbdirectin0_ where dbdirectin0_.x=3 and dbdirectin0_.y=403
P6SPY_SQL: SELECT dbdirectin0_.id AS id1_0_, dbdirectin0_.x AS x2_0_, dbdirectin0_.y AS y3_0_ FROM db_direct_int_entity dbdirectin0_
P6SPY_SQL: SELECT TABLE_NAME FROM INFORMATION_SCHEMA.TABLES  where TABLE_SCHEMA='PUBLIC'
P6SPY_SQL: SELECT SEQUENCE_NAME FROM INFORMATION_SCHEMA.SEQUENCES WHERE SEQUENCE_SCHEMA='PUBLIC'
P6SPY_SQL: select dbdirectin0_.id as id1_0_, dbdirectin0_.x as x2_0_, dbdirectin0_.y as y3_0_ from db_direct_int_entity dbdirectin0_ where dbdirectin0_.x=3 and dbdirectin0_.y=403
P6SPY_SQL: SELECT dbdirectin0_.id AS id1_0_, dbdirectin0_.x AS x2_0_, dbdirectin0_.y AS y3_0_ FROM db_direct_int_entity dbdirectin0_
P6SPY_SQL: SELECT TABLE_NAME FROM INFORMATION_SCHEMA.TABLES  where TABLE_SCHEMA='PUBLIC'
P6SPY_SQL: SELECT SEQUENCE_NAME FROM INFORMATION_SCHEMA.SEQUENCES WHERE SEQUENCE_SCHEMA='PUBLIC'
P6SPY_SQL: select dbdirectin0_.id as id1_0_, dbdirectin0_.x as x2_0_, dbdirectin0_.y as y3_0_ from db_direct_int_entity dbdirectin0_ where dbdirectin0_.x=3 and dbdirectin0_.y=403
P6SPY_SQL: SELECT dbdirectin0_.id AS id1_0_, dbdirectin0_.x AS x2_0_, dbdirectin0_.y AS y3_0_ FROM db_direct_int_entity dbdirectin0_
P6SPY_SQL: SELECT TABLE_NAME FROM INFORMATION_SCHEMA.TABLES  where TABLE_SCHEMA='PUBLIC'
P6SPY_SQL: SELECT SEQUENCE_NAME FROM INFORMATION_SCHEMA.SEQUENCES WHERE SEQUENCE_SCHEMA='PUBLIC'
P6SPY_SQL: select dbdirectin0_.id as id1_0_, dbdirectin0_.x as x2_0_, dbdirectin0_.y as y3_0_ from db_direct_int_entity dbdirectin0_ where dbdirectin0_.x=3 and dbdirectin0_.y=403
P6SPY_SQL: SELECT dbdirectin0_.id AS id1_0_, dbdirectin0_.x AS x2_0_, dbdirectin0_.y AS y3_0_ FROM db_direct_int_entity dbdirectin0_
P6SPY_SQL: SELECT TABLE_NAME FROM INFORMATION_SCHEMA.TABLES  where TABLE_SCHEMA='PUBLIC'
P6SPY_SQL: SELECT SEQUENCE_NAME FROM INFORMATION_SCHEMA.SEQUENCES WHERE SEQUENCE_SCHEMA='PUBLIC'
P6SPY_SQL: select dbdirectin0_.id as id1_0_, dbdirectin0_.x as x2_0_, dbdirectin0_.y as y3_0_ from db_direct_int_entity dbdirectin0_ where dbdirectin0_.x=3 and dbdirectin0_.y=403
P6SPY_SQL: SELECT dbdirectin0_.id AS id1_0_, dbdirectin0_.x AS x2_0_, dbdirectin0_.y AS y3_0_ FROM db_direct_int_entity dbdirectin0_
P6SPY_SQL: SELECT TABLE_NAME FROM INFORMATION_SCHEMA.TABLES  where TABLE_SCHEMA='PUBLIC'
P6SPY_SQL: SELECT SEQUENCE_NAME FROM INFORMATION_SCHEMA.SEQUENCES WHERE SEQUENCE_SCHEMA='PUBLIC'
P6SPY_SQL: select dbdirectin0_.id as id1_0_, dbdirectin0_.x as x2_0_, dbdirectin0_.y as y3_0_ from db_direct_int_entity dbdirectin0_ where dbdirectin0_.x=3 and dbdirectin0_.y=403
P6SPY_SQL: SELECT dbdirectin0_.id AS id1_0_, dbdirectin0_.x AS x2_0_, dbdirectin0_.y AS y3_0_ FROM db_direct_int_entity dbdirectin0_
P6SPY_SQL: SELECT TABLE_NAME FROM INFORMATION_SCHEMA.TABLES  where TABLE_SCHEMA='PUBLIC'
P6SPY_SQL: SELECT SEQUENCE_NAME FROM INFORMATION_SCHEMA.SEQUENCES WHERE SEQUENCE_SCHEMA='PUBLIC'
P6SPY_SQL: select dbdirectin0_.id as id1_0_, dbdirectin0_.x as x2_0_, dbdirectin0_.y as y3_0_ from db_direct_int_entity dbdirectin0_ where dbdirectin0_.x=3 and dbdirectin0_.y=403
P6SPY_SQL: SELECT dbdirectin0_.id AS id1_0_, dbdirectin0_.x AS x2_0_, dbdirectin0_.y AS y3_0_ FROM db_direct_int_entity dbdirectin0_
P6SPY_SQL: SELECT TABLE_NAME FROM INFORMATION_SCHEMA.TABLES  where TABLE_SCHEMA='PUBLIC'
P6SPY_SQL: SELECT SEQUENCE_NAME FROM INFORMATION_SCHEMA.SEQUENCES WHERE SEQUENCE_SCHEMA='PUBLIC'
P6SPY_SQL: select dbdirectin0_.id as id1_0_, dbdirectin0_.x as x2_0_, dbdirectin0_.y as y3_0_ from db_direct_int_entity dbdirectin0_ where dbdirectin0_.x=3 and dbdirectin0_.y=403
P6SPY_SQL: SELECT dbdirectin0_.id AS id1_0_, dbdirectin0_.x AS x2_0_, dbdirectin0_.y AS y3_0_ FROM db_direct_int_entity dbdirectin0_
P6SPY_SQL: SELECT TABLE_NAME FROM INFORMATION_SCHEMA.TABLES  where TABLE_SCHEMA='PUBLIC'
P6SPY_SQL: SELECT SEQUENCE_NAME FROM INFORMATION_SCHEMA.SEQUENCES WHERE SEQUENCE_SCHEMA='PUBLIC'
P6SPY_SQL: select dbdirectin0_.id as id1_0_, dbdirectin0_.x as x2_0_, dbdirectin0_.y as y3_0_ from db_direct_int_entity dbdirectin0_ where dbdirectin0_.x=3 and dbdirectin0_.y=403
P6SPY_SQL: SELECT dbdirectin0_.id AS id1_0_, dbdirectin0_.x AS x2_0_, dbdirectin0_.y AS y3_0_ FROM db_direct_int_entity dbdirectin0_
&amp#27;[1A&amp#27;[2K* Consumed search budget: 52%
P6SPY_SQL: SELECT TABLE_NAME FROM INFORMATION_SCHEMA.TABLES  where TABLE_SCHEMA='PUBLIC'
P6SPY_SQL: SELECT SEQUENCE_NAME FROM INFORMATION_SCHEMA.SEQUENCES WHERE SEQUENCE_SCHEMA='PUBLIC'
P6SPY_SQL: select dbdirectin0_.id as id1_0_, dbdirectin0_.x as x2_0_, dbdirectin0_.y as y3_0_ from db_direct_int_entity dbdirectin0_ where dbdirectin0_.x=3 and dbdirectin0_.y=403
P6SPY_SQL: SELECT dbdirectin0_.id AS id1_0_, dbdirectin0_.x AS x2_0_, dbdirectin0_.y AS y3_0_ FROM db_direct_int_entity dbdirectin0_
P6SPY_SQL: SELECT TABLE_NAME FROM INFORMATION_SCHEMA.TABLES  where TABLE_SCHEMA='PUBLIC'
P6SPY_SQL: SELECT SEQUENCE_NAME FROM INFORMATION_SCHEMA.SEQUENCES WHERE SEQUENCE_SCHEMA='PUBLIC'
P6SPY_SQL: select dbdirectin0_.id as id1_0_, dbdirectin0_.x as x2_0_, dbdirectin0_.y as y3_0_ from db_direct_int_entity dbdirectin0_ where dbdirectin0_.x=3 and dbdirectin0_.y=403
P6SPY_SQL: SELECT dbdirectin0_.id AS id1_0_, dbdirectin0_.x AS x2_0_, dbdirectin0_.y AS y3_0_ FROM db_direct_int_entity dbdirectin0_
P6SPY_SQL: SELECT TABLE_NAME FROM INFORMATION_SCHEMA.TABLES  where TABLE_SCHEMA='PUBLIC'
P6SPY_SQL: SELECT SEQUENCE_NAME FROM INFORMATION_SCHEMA.SEQUENCES WHERE SEQUENCE_SCHEMA='PUBLIC'
P6SPY_SQL: select dbdirectin0_.id as id1_0_, dbdirectin0_.x as x2_0_, dbdirectin0_.y as y3_0_ from db_direct_int_entity dbdirectin0_ where dbdirectin0_.x=3 and dbdirectin0_.y=403
P6SPY_SQL: SELECT dbdirectin0_.id AS id1_0_, dbdirectin0_.x AS x2_0_, dbdirectin0_.y AS y3_0_ FROM db_direct_int_entity dbdirectin0_
P6SPY_SQL: SELECT TABLE_NAME FROM INFORMATION_SCHEMA.TABLES  where TABLE_SCHEMA='PUBLIC'
P6SPY_SQL: SELECT SEQUENCE_NAME FROM INFORMATION_SCHEMA.SEQUENCES WHERE SEQUENCE_SCHEMA='PUBLIC'
P6SPY_SQL: select dbdirectin0_.id as id1_0_, dbdirectin0_.x as x2_0_, dbdirectin0_.y as y3_0_ from db_direct_int_entity dbdirectin0_ where dbdirectin0_.x=3 and dbdirectin0_.y=403
P6SPY_SQL: SELECT dbdirectin0_.id AS id1_0_, dbdirectin0_.x AS x2_0_, dbdirectin0_.y AS y3_0_ FROM db_direct_int_entity dbdirectin0_
P6SPY_SQL: SELECT TABLE_NAME FROM INFORMATION_SCHEMA.TABLES  where TABLE_SCHEMA='PUBLIC'
P6SPY_SQL: SELECT SEQUENCE_NAME FROM INFORMATION_SCHEMA.SEQUENCES WHERE SEQUENCE_SCHEMA='PUBLIC'
P6SPY_SQL: select dbdirectin0_.id as id1_0_, dbdirectin0_.x as x2_0_, dbdirectin0_.y as y3_0_ from db_direct_int_entity dbdirectin0_ where dbdirectin0_.x=3 and dbdirectin0_.y=403
P6SPY_SQL: SELECT dbdirectin0_.id AS id1_0_, dbdirectin0_.x AS x2_0_, dbdirectin0_.y AS y3_0_ FROM db_direct_int_entity dbdirectin0_
P6SPY_SQL: SELECT TABLE_NAME FROM INFORMATION_SCHEMA.TABLES  where TABLE_SCHEMA='PUBLIC'
P6SPY_SQL: SELECT SEQUENCE_NAME FROM INFORMATION_SCHEMA.SEQUENCES WHERE SEQUENCE_SCHEMA='PUBLIC'
P6SPY_SQL: select dbdirectin0_.id as id1_0_, dbdirectin0_.x as x2_0_, dbdirectin0_.y as y3_0_ from db_direct_int_entity dbdirectin0_ where dbdirectin0_.x=3 and dbdirectin0_.y=403
P6SPY_SQL: SELECT dbdirectin0_.id AS id1_0_, dbdirectin0_.x AS x2_0_, dbdirectin0_.y AS y3_0_ FROM db_direct_int_entity dbdirectin0_
P6SPY_SQL: SELECT TABLE_NAME FROM INFORMATION_SCHEMA.TABLES  where TABLE_SCHEMA='PUBLIC'
P6SPY_SQL: SELECT SEQUENCE_NAME FROM INFORMATION_SCHEMA.SEQUENCES WHERE SEQUENCE_SCHEMA='PUBLIC'
P6SPY_SQL: select dbdirectin0_.id as id1_0_, dbdirectin0_.x as x2_0_, dbdirectin0_.y as y3_0_ from db_direct_int_entity dbdirectin0_ where dbdirectin0_.x=3 and dbdirectin0_.y=403
P6SPY_SQL: SELECT dbdirectin0_.id AS id1_0_, dbdirectin0_.x AS x2_0_, dbdirectin0_.y AS y3_0_ FROM db_direct_int_entity dbdirectin0_
P6SPY_SQL: SELECT TABLE_NAME FROM INFORMATION_SCHEMA.TABLES  where TABLE_SCHEMA='PUBLIC'
P6SPY_SQL: SELECT SEQUENCE_NAME FROM INFORMATION_SCHEMA.SEQUENCES WHERE SEQUENCE_SCHEMA='PUBLIC'
P6SPY_SQL: select dbdirectin0_.id as id1_0_, dbdirectin0_.x as x2_0_, dbdirectin0_.y as y3_0_ from db_direct_int_entity dbdirectin0_ where dbdirectin0_.x=3 and dbdirectin0_.y=403
P6SPY_SQL: SELECT dbdirectin0_.id AS id1_0_, dbdirectin0_.x AS x2_0_, dbdirectin0_.y AS y3_0_ FROM db_direct_int_entity dbdirectin0_
P6SPY_SQL: SELECT TABLE_NAME FROM INFORMATION_SCHEMA.TABLES  where TABLE_SCHEMA='PUBLIC'
P6SPY_SQL: SELECT SEQUENCE_NAME FROM INFORMATION_SCHEMA.SEQUENCES WHERE SEQUENCE_SCHEMA='PUBLIC'
P6SPY_SQL: select dbdirectin0_.id as id1_0_, dbdirectin0_.x as x2_0_, dbdirectin0_.y as y3_0_ from db_direct_int_entity dbdirectin0_ where dbdirectin0_.x=3 and dbdirectin0_.y=403
P6SPY_SQL: SELECT dbdirectin0_.id AS id1_0_, dbdirectin0_.x AS x2_0_, dbdirectin0_.y AS y3_0_ FROM db_direct_int_entity dbdirectin0_
P6SPY_SQL: SELECT TABLE_NAME FROM INFORMATION_SCHEMA.TABLES  where TABLE_SCHEMA='PUBLIC'
P6SPY_SQL: SELECT SEQUENCE_NAME FROM INFORMATION_SCHEMA.SEQUENCES WHERE SEQUENCE_SCHEMA='PUBLIC'
P6SPY_SQL: select dbdirectin0_.id as id1_0_, dbdirectin0_.x as x2_0_, dbdirectin0_.y as y3_0_ from db_direct_int_entity dbdirectin0_ where dbdirectin0_.x=3 and dbdirectin0_.y=403
P6SPY_SQL: SELECT dbdirectin0_.id AS id1_0_, dbdirectin0_.x AS x2_0_, dbdirectin0_.y AS y3_0_ FROM db_direct_int_entity dbdirectin0_
&amp#27;[1A&amp#27;[2K* Consumed search budget: 53%
P6SPY_SQL: SELECT TABLE_NAME FROM INFORMATION_SCHEMA.TABLES  where TABLE_SCHEMA='PUBLIC'
P6SPY_SQL: SELECT SEQUENCE_NAME FROM INFORMATION_SCHEMA.SEQUENCES WHERE SEQUENCE_SCHEMA='PUBLIC'
P6SPY_SQL: select dbdirectin0_.id as id1_0_, dbdirectin0_.x as x2_0_, dbdirectin0_.y as y3_0_ from db_direct_int_entity dbdirectin0_ where dbdirectin0_.x=3 and dbdirectin0_.y=403
P6SPY_SQL: SELECT dbdirectin0_.id AS id1_0_, dbdirectin0_.x AS x2_0_, dbdirectin0_.y AS y3_0_ FROM db_direct_int_entity dbdirectin0_
P6SPY_SQL: SELECT TABLE_NAME FROM INFORMATION_SCHEMA.TABLES  where TABLE_SCHEMA='PUBLIC'
P6SPY_SQL: SELECT SEQUENCE_NAME FROM INFORMATION_SCHEMA.SEQUENCES WHERE SEQUENCE_SCHEMA='PUBLIC'
P6SPY_SQL: select dbdirectin0_.id as id1_0_, dbdirectin0_.x as x2_0_, dbdirectin0_.y as y3_0_ from db_direct_int_entity dbdirectin0_ where dbdirectin0_.x=3 and dbdirectin0_.y=403
P6SPY_SQL: SELECT dbdirectin0_.id AS id1_0_, dbdirectin0_.x AS x2_0_, dbdirectin0_.y AS y3_0_ FROM db_direct_int_entity dbdirectin0_
P6SPY_SQL: SELECT TABLE_NAME FROM INFORMATION_SCHEMA.TABLES  where TABLE_SCHEMA='PUBLIC'
P6SPY_SQL: SELECT SEQUENCE_NAME FROM INFORMATION_SCHEMA.SEQUENCES WHERE SEQUENCE_SCHEMA='PUBLIC'
P6SPY_SQL: select dbdirectin0_.id as id1_0_, dbdirectin0_.x as x2_0_, dbdirectin0_.y as y3_0_ from db_direct_int_entity dbdirectin0_ where dbdirectin0_.x=3 and dbdirectin0_.y=403
P6SPY_SQL: SELECT dbdirectin0_.id AS id1_0_, dbdirectin0_.x AS x2_0_, dbdirectin0_.y AS y3_0_ FROM db_direct_int_entity dbdirectin0_
P6SPY_SQL: SELECT TABLE_NAME FROM INFORMATION_SCHEMA.TABLES  where TABLE_SCHEMA='PUBLIC'
P6SPY_SQL: SELECT SEQUENCE_NAME FROM INFORMATION_SCHEMA.SEQUENCES WHERE SEQUENCE_SCHEMA='PUBLIC'
P6SPY_SQL: select dbdirectin0_.id as id1_0_, dbdirectin0_.x as x2_0_, dbdirectin0_.y as y3_0_ from db_direct_int_entity dbdirectin0_ where dbdirectin0_.x=3 and dbdirectin0_.y=403
P6SPY_SQL: SELECT dbdirectin0_.id AS id1_0_, dbdirectin0_.x AS x2_0_, dbdirectin0_.y AS y3_0_ FROM db_direct_int_entity dbdirectin0_
P6SPY_SQL: SELECT TABLE_NAME FROM INFORMATION_SCHEMA.TABLES  where TABLE_SCHEMA='PUBLIC'
P6SPY_SQL: SELECT SEQUENCE_NAME FROM INFORMATION_SCHEMA.SEQUENCES WHERE SEQUENCE_SCHEMA='PUBLIC'
P6SPY_SQL: select dbdirectin0_.id as id1_0_, dbdirectin0_.x as x2_0_, dbdirectin0_.y as y3_0_ from db_direct_int_entity dbdirectin0_ where dbdirectin0_.x=3 and dbdirectin0_.y=403
P6SPY_SQL: SELECT dbdirectin0_.id AS id1_0_, dbdirectin0_.x AS x2_0_, dbdirectin0_.y AS y3_0_ FROM db_direct_int_entity dbdirectin0_
P6SPY_SQL: SELECT TABLE_NAME FROM INFORMATION_SCHEMA.TABLES  where TABLE_SCHEMA='PUBLIC'
P6SPY_SQL: SELECT SEQUENCE_NAME FROM INFORMATION_SCHEMA.SEQUENCES WHERE SEQUENCE_SCHEMA='PUBLIC'
P6SPY_SQL: select dbdirectin0_.id as id1_0_, dbdirectin0_.x as x2_0_, dbdirectin0_.y as y3_0_ from db_direct_int_entity dbdirectin0_ where dbdirectin0_.x=3 and dbdirectin0_.y=403
P6SPY_SQL: SELECT dbdirectin0_.id AS id1_0_, dbdirectin0_.x AS x2_0_, dbdirectin0_.y AS y3_0_ FROM db_direct_int_entity dbdirectin0_
P6SPY_SQL: SELECT TABLE_NAME FROM INFORMATION_SCHEMA.TABLES  where TABLE_SCHEMA='PUBLIC'
P6SPY_SQL: SELECT SEQUENCE_NAME FROM INFORMATION_SCHEMA.SEQUENCES WHERE SEQUENCE_SCHEMA='PUBLIC'
P6SPY_SQL: select dbdirectin0_.id as id1_0_, dbdirectin0_.x as x2_0_, dbdirectin0_.y as y3_0_ from db_direct_int_entity dbdirectin0_ where dbdirectin0_.x=3 and dbdirectin0_.y=403
P6SPY_SQL: SELECT dbdirectin0_.id AS id1_0_, dbdirectin0_.x AS x2_0_, dbdirectin0_.y AS y3_0_ FROM db_direct_int_entity dbdirectin0_
P6SPY_SQL: SELECT TABLE_NAME FROM INFORMATION_SCHEMA.TABLES  where TABLE_SCHEMA='PUBLIC'
P6SPY_SQL: SELECT SEQUENCE_NAME FROM INFORMATION_SCHEMA.SEQUENCES WHERE SEQUENCE_SCHEMA='PUBLIC'
P6SPY_SQL: select dbdirectin0_.id as id1_0_, dbdirectin0_.x as x2_0_, dbdirectin0_.y as y3_0_ from db_direct_int_entity dbdirectin0_ where dbdirectin0_.x=3 and dbdirectin0_.y=403
P6SPY_SQL: SELECT dbdirectin0_.id AS id1_0_, dbdirectin0_.x AS x2_0_, dbdirectin0_.y AS y3_0_ FROM db_direct_int_entity dbdirectin0_
P6SPY_SQL: SELECT TABLE_NAME FROM INFORMATION_SCHEMA.TABLES  where TABLE_SCHEMA='PUBLIC'
P6SPY_SQL: SELECT SEQUENCE_NAME FROM INFORMATION_SCHEMA.SEQUENCES WHERE SEQUENCE_SCHEMA='PUBLIC'
P6SPY_SQL: select dbdirectin0_.id as id1_0_, dbdirectin0_.x as x2_0_, dbdirectin0_.y as y3_0_ from db_direct_int_entity dbdirectin0_ where dbdirectin0_.x=3 and dbdirectin0_.y=403
P6SPY_SQL: SELECT dbdirectin0_.id AS id1_0_, dbdirectin0_.x AS x2_0_, dbdirectin0_.y AS y3_0_ FROM db_direct_int_entity dbdirectin0_
P6SPY_SQL: SELECT TABLE_NAME FROM INFORMATION_SCHEMA.TABLES  where TABLE_SCHEMA='PUBLIC'
P6SPY_SQL: SELECT SEQUENCE_NAME FROM INFORMATION_SCHEMA.SEQUENCES WHERE SEQUENCE_SCHEMA='PUBLIC'
P6SPY_SQL: select dbdirectin0_.id as id1_0_, dbdirectin0_.x as x2_0_, dbdirectin0_.y as y3_0_ from db_direct_int_entity dbdirectin0_ where dbdirectin0_.x=3 and dbdirectin0_.y=403
P6SPY_SQL: SELECT dbdirectin0_.id AS id1_0_, dbdirectin0_.x AS x2_0_, dbdirectin0_.y AS y3_0_ FROM db_direct_int_entity dbdirectin0_
&amp#27;[1A&amp#27;[2K* Consumed search budget: 54%
P6SPY_SQL: SELECT TABLE_NAME FROM INFORMATION_SCHEMA.TABLES  where TABLE_SCHEMA='PUBLIC'
P6SPY_SQL: SELECT SEQUENCE_NAME FROM INFORMATION_SCHEMA.SEQUENCES WHERE SEQUENCE_SCHEMA='PUBLIC'
P6SPY_SQL: select dbdirectin0_.id as id1_0_, dbdirectin0_.x as x2_0_, dbdirectin0_.y as y3_0_ from db_direct_int_entity dbdirectin0_ where dbdirectin0_.x=3 and dbdirectin0_.y=403
P6SPY_SQL: SELECT dbdirectin0_.id AS id1_0_, dbdirectin0_.x AS x2_0_, dbdirectin0_.y AS y3_0_ FROM db_direct_int_entity dbdirectin0_
P6SPY_SQL: SELECT TABLE_NAME FROM INFORMATION_SCHEMA.TABLES  where TABLE_SCHEMA='PUBLIC'
P6SPY_SQL: SELECT SEQUENCE_NAME FROM INFORMATION_SCHEMA.SEQUENCES WHERE SEQUENCE_SCHEMA='PUBLIC'
P6SPY_SQL: select dbdirectin0_.id as id1_0_, dbdirectin0_.x as x2_0_, dbdirectin0_.y as y3_0_ from db_direct_int_entity dbdirectin0_ where dbdirectin0_.x=3 and dbdirectin0_.y=403
P6SPY_SQL: SELECT dbdirectin0_.id AS id1_0_, dbdirectin0_.x AS x2_0_, dbdirectin0_.y AS y3_0_ FROM db_direct_int_entity dbdirectin0_
P6SPY_SQL: SELECT TABLE_NAME FROM INFORMATION_SCHEMA.TABLES  where TABLE_SCHEMA='PUBLIC'
P6SPY_SQL: SELECT SEQUENCE_NAME FROM INFORMATION_SCHEMA.SEQUENCES WHERE SEQUENCE_SCHEMA='PUBLIC'
P6SPY_SQL: select dbdirectin0_.id as id1_0_, dbdirectin0_.x as x2_0_, dbdirectin0_.y as y3_0_ from db_direct_int_entity dbdirectin0_ where dbdirectin0_.x=3 and dbdirectin0_.y=403
P6SPY_SQL: SELECT dbdirectin0_.id AS id1_0_, dbdirectin0_.x AS x2_0_, dbdirectin0_.y AS y3_0_ FROM db_direct_int_entity dbdirectin0_
P6SPY_SQL: SELECT TABLE_NAME FROM INFORMATION_SCHEMA.TABLES  where TABLE_SCHEMA='PUBLIC'
P6SPY_SQL: SELECT SEQUENCE_NAME FROM INFORMATION_SCHEMA.SEQUENCES WHERE SEQUENCE_SCHEMA='PUBLIC'
P6SPY_SQL: select dbdirectin0_.id as id1_0_, dbdirectin0_.x as x2_0_, dbdirectin0_.y as y3_0_ from db_direct_int_entity dbdirectin0_ where dbdirectin0_.x=3 and dbdirectin0_.y=403
P6SPY_SQL: SELECT dbdirectin0_.id AS id1_0_, dbdirectin0_.x AS x2_0_, dbdirectin0_.y AS y3_0_ FROM db_direct_int_entity dbdirectin0_
P6SPY_SQL: SELECT TABLE_NAME FROM INFORMATION_SCHEMA.TABLES  where TABLE_SCHEMA='PUBLIC'
P6SPY_SQL: SELECT SEQUENCE_NAME FROM INFORMATION_SCHEMA.SEQUENCES WHERE SEQUENCE_SCHEMA='PUBLIC'
P6SPY_SQL: select dbdirectin0_.id as id1_0_, dbdirectin0_.x as x2_0_, dbdirectin0_.y as y3_0_ from db_direct_int_entity dbdirectin0_ where dbdirectin0_.x=3 and dbdirectin0_.y=403
P6SPY_SQL: SELECT dbdirectin0_.id AS id1_0_, dbdirectin0_.x AS x2_0_, dbdirectin0_.y AS y3_0_ FROM db_direct_int_entity dbdirectin0_
P6SPY_SQL: SELECT TABLE_NAME FROM INFORMATION_SCHEMA.TABLES  where TABLE_SCHEMA='PUBLIC'
P6SPY_SQL: SELECT SEQUENCE_NAME FROM INFORMATION_SCHEMA.SEQUENCES WHERE SEQUENCE_SCHEMA='PUBLIC'
P6SPY_SQL: select dbdirectin0_.id as id1_0_, dbdirectin0_.x as x2_0_, dbdirectin0_.y as y3_0_ from db_direct_int_entity dbdirectin0_ where dbdirectin0_.x=3 and dbdirectin0_.y=403
P6SPY_SQL: SELECT dbdirectin0_.id AS id1_0_, dbdirectin0_.x AS x2_0_, dbdirectin0_.y AS y3_0_ FROM db_direct_int_entity dbdirectin0_
P6SPY_SQL: SELECT TABLE_NAME FROM INFORMATION_SCHEMA.TABLES  where TABLE_SCHEMA='PUBLIC'
P6SPY_SQL: SELECT SEQUENCE_NAME FROM INFORMATION_SCHEMA.SEQUENCES WHERE SEQUENCE_SCHEMA='PUBLIC'
P6SPY_SQL: select dbdirectin0_.id as id1_0_, dbdirectin0_.x as x2_0_, dbdirectin0_.y as y3_0_ from db_direct_int_entity dbdirectin0_ where dbdirectin0_.x=3 and dbdirectin0_.y=403
P6SPY_SQL: SELECT dbdirectin0_.id AS id1_0_, dbdirectin0_.x AS x2_0_, dbdirectin0_.y AS y3_0_ FROM db_direct_int_entity dbdirectin0_
P6SPY_SQL: SELECT TABLE_NAME FROM INFORMATION_SCHEMA.TABLES  where TABLE_SCHEMA='PUBLIC'
P6SPY_SQL: SELECT SEQUENCE_NAME FROM INFORMATION_SCHEMA.SEQUENCES WHERE SEQUENCE_SCHEMA='PUBLIC'
P6SPY_SQL: select dbdirectin0_.id as id1_0_, dbdirectin0_.x as x2_0_, dbdirectin0_.y as y3_0_ from db_direct_int_entity dbdirectin0_ where dbdirectin0_.x=3 and dbdirectin0_.y=403
P6SPY_SQL: SELECT dbdirectin0_.id AS id1_0_, dbdirectin0_.x AS x2_0_, dbdirectin0_.y AS y3_0_ FROM db_direct_int_entity dbdirectin0_
P6SPY_SQL: SELECT TABLE_NAME FROM INFORMATION_SCHEMA.TABLES  where TABLE_SCHEMA='PUBLIC'
P6SPY_SQL: SELECT SEQUENCE_NAME FROM INFORMATION_SCHEMA.SEQUENCES WHERE SEQUENCE_SCHEMA='PUBLIC'
P6SPY_SQL: select dbdirectin0_.id as id1_0_, dbdirectin0_.x as x2_0_, dbdirectin0_.y as y3_0_ from db_direct_int_entity dbdirectin0_ where dbdirectin0_.x=3 and dbdirectin0_.y=403
P6SPY_SQL: SELECT dbdirectin0_.id AS id1_0_, dbdirectin0_.x AS x2_0_, dbdirectin0_.y AS y3_0_ FROM db_direct_int_entity dbdirectin0_
P6SPY_SQL: SELECT TABLE_NAME FROM INFORMATION_SCHEMA.TABLES  where TABLE_SCHEMA='PUBLIC'
P6SPY_SQL: SELECT SEQUENCE_NAME FROM INFORMATION_SCHEMA.SEQUENCES WHERE SEQUENCE_SCHEMA='PUBLIC'
P6SPY_SQL: select dbdirectin0_.id as id1_0_, dbdirectin0_.x as x2_0_, dbdirectin0_.y as y3_0_ from db_direct_int_entity dbdirectin0_ where dbdirectin0_.x=3 and dbdirectin0_.y=403
P6SPY_SQL: SELECT dbdirectin0_.id AS id1_0_, dbdirectin0_.x AS x2_0_, dbdirectin0_.y AS y3_0_ FROM db_direct_int_entity dbdirectin0_
&amp#27;[1A&amp#27;[2K* Consumed search budget: 55%
P6SPY_SQL: SELECT TABLE_NAME FROM INFORMATION_SCHEMA.TABLES  where TABLE_SCHEMA='PUBLIC'
P6SPY_SQL: SELECT SEQUENCE_NAME FROM INFORMATION_SCHEMA.SEQUENCES WHERE SEQUENCE_SCHEMA='PUBLIC'
P6SPY_SQL: select dbdirectin0_.id as id1_0_, dbdirectin0_.x as x2_0_, dbdirectin0_.y as y3_0_ from db_direct_int_entity dbdirectin0_ where dbdirectin0_.x=3 and dbdirectin0_.y=403
P6SPY_SQL: SELECT dbdirectin0_.id AS id1_0_, dbdirectin0_.x AS x2_0_, dbdirectin0_.y AS y3_0_ FROM db_direct_int_entity dbdirectin0_
P6SPY_SQL: SELECT TABLE_NAME FROM INFORMATION_SCHEMA.TABLES  where TABLE_SCHEMA='PUBLIC'
P6SPY_SQL: SELECT SEQUENCE_NAME FROM INFORMATION_SCHEMA.SEQUENCES WHERE SEQUENCE_SCHEMA='PUBLIC'
P6SPY_SQL: select dbdirectin0_.id as id1_0_, dbdirectin0_.x as x2_0_, dbdirectin0_.y as y3_0_ from db_direct_int_entity dbdirectin0_ where dbdirectin0_.x=3 and dbdirectin0_.y=403
P6SPY_SQL: SELECT dbdirectin0_.id AS id1_0_, dbdirectin0_.x AS x2_0_, dbdirectin0_.y AS y3_0_ FROM db_direct_int_entity dbdirectin0_
P6SPY_SQL: SELECT TABLE_NAME FROM INFORMATION_SCHEMA.TABLES  where TABLE_SCHEMA='PUBLIC'
P6SPY_SQL: SELECT SEQUENCE_NAME FROM INFORMATION_SCHEMA.SEQUENCES WHERE SEQUENCE_SCHEMA='PUBLIC'
P6SPY_SQL: select dbdirectin0_.id as id1_0_, dbdirectin0_.x as x2_0_, dbdirectin0_.y as y3_0_ from db_direct_int_entity dbdirectin0_ where dbdirectin0_.x=3 and dbdirectin0_.y=403
P6SPY_SQL: SELECT dbdirectin0_.id AS id1_0_, dbdirectin0_.x AS x2_0_, dbdirectin0_.y AS y3_0_ FROM db_direct_int_entity dbdirectin0_
P6SPY_SQL: SELECT TABLE_NAME FROM INFORMATION_SCHEMA.TABLES  where TABLE_SCHEMA='PUBLIC'
P6SPY_SQL: SELECT SEQUENCE_NAME FROM INFORMATION_SCHEMA.SEQUENCES WHERE SEQUENCE_SCHEMA='PUBLIC'
P6SPY_SQL: select dbdirectin0_.id as id1_0_, dbdirectin0_.x as x2_0_, dbdirectin0_.y as y3_0_ from db_direct_int_entity dbdirectin0_ where dbdirectin0_.x=3 and dbdirectin0_.y=403
P6SPY_SQL: SELECT dbdirectin0_.id AS id1_0_, dbdirectin0_.x AS x2_0_, dbdirectin0_.y AS y3_0_ FROM db_direct_int_entity dbdirectin0_
P6SPY_SQL: SELECT TABLE_NAME FROM INFORMATION_SCHEMA.TABLES  where TABLE_SCHEMA='PUBLIC'
P6SPY_SQL: SELECT SEQUENCE_NAME FROM INFORMATION_SCHEMA.SEQUENCES WHERE SEQUENCE_SCHEMA='PUBLIC'
P6SPY_SQL: select dbdirectin0_.id as id1_0_, dbdirectin0_.x as x2_0_, dbdirectin0_.y as y3_0_ from db_direct_int_entity dbdirectin0_ where dbdirectin0_.x=3 and dbdirectin0_.y=403
P6SPY_SQL: SELECT dbdirectin0_.id AS id1_0_, dbdirectin0_.x AS x2_0_, dbdirectin0_.y AS y3_0_ FROM db_direct_int_entity dbdirectin0_
P6SPY_SQL: SELECT TABLE_NAME FROM INFORMATION_SCHEMA.TABLES  where TABLE_SCHEMA='PUBLIC'
P6SPY_SQL: SELECT SEQUENCE_NAME FROM INFORMATION_SCHEMA.SEQUENCES WHERE SEQUENCE_SCHEMA='PUBLIC'
P6SPY_SQL: select dbdirectin0_.id as id1_0_, dbdirectin0_.x as x2_0_, dbdirectin0_.y as y3_0_ from db_direct_int_entity dbdirectin0_ where dbdirectin0_.x=3 and dbdirectin0_.y=403
P6SPY_SQL: SELECT dbdirectin0_.id AS id1_0_, dbdirectin0_.x AS x2_0_, dbdirectin0_.y AS y3_0_ FROM db_direct_int_entity dbdirectin0_
P6SPY_SQL: SELECT TABLE_NAME FROM INFORMATION_SCHEMA.TABLES  where TABLE_SCHEMA='PUBLIC'
P6SPY_SQL: SELECT SEQUENCE_NAME FROM INFORMATION_SCHEMA.SEQUENCES WHERE SEQUENCE_SCHEMA='PUBLIC'
P6SPY_SQL: select dbdirectin0_.id as id1_0_, dbdirectin0_.x as x2_0_, dbdirectin0_.y as y3_0_ from db_direct_int_entity dbdirectin0_ where dbdirectin0_.x=3 and dbdirectin0_.y=403
P6SPY_SQL: SELECT dbdirectin0_.id AS id1_0_, dbdirectin0_.x AS x2_0_, dbdirectin0_.y AS y3_0_ FROM db_direct_int_entity dbdirectin0_
P6SPY_SQL: SELECT TABLE_NAME FROM INFORMATION_SCHEMA.TABLES  where TABLE_SCHEMA='PUBLIC'
P6SPY_SQL: SELECT SEQUENCE_NAME FROM INFORMATION_SCHEMA.SEQUENCES WHERE SEQUENCE_SCHEMA='PUBLIC'
P6SPY_SQL: select dbdirectin0_.id as id1_0_, dbdirectin0_.x as x2_0_, dbdirectin0_.y as y3_0_ from db_direct_int_entity dbdirectin0_ where dbdirectin0_.x=3 and dbdirectin0_.y=403
P6SPY_SQL: SELECT dbdirectin0_.id AS id1_0_, dbdirectin0_.x AS x2_0_, dbdirectin0_.y AS y3_0_ FROM db_direct_int_entity dbdirectin0_
P6SPY_SQL: SELECT TABLE_NAME FROM INFORMATION_SCHEMA.TABLES  where TABLE_SCHEMA='PUBLIC'
P6SPY_SQL: SELECT SEQUENCE_NAME FROM INFORMATION_SCHEMA.SEQUENCES WHERE SEQUENCE_SCHEMA='PUBLIC'
P6SPY_SQL: select dbdirectin0_.id as id1_0_, dbdirectin0_.x as x2_0_, dbdirectin0_.y as y3_0_ from db_direct_int_entity dbdirectin0_ where dbdirectin0_.x=3 and dbdirectin0_.y=403
P6SPY_SQL: SELECT dbdirectin0_.id AS id1_0_, dbdirectin0_.x AS x2_0_, dbdirectin0_.y AS y3_0_ FROM db_direct_int_entity dbdirectin0_
P6SPY_SQL: SELECT TABLE_NAME FROM INFORMATION_SCHEMA.TABLES  where TABLE_SCHEMA='PUBLIC'
P6SPY_SQL: SELECT SEQUENCE_NAME FROM INFORMATION_SCHEMA.SEQUENCES WHERE SEQUENCE_SCHEMA='PUBLIC'
P6SPY_SQL: select dbdirectin0_.id as id1_0_, dbdirectin0_.x as x2_0_, dbdirectin0_.y as y3_0_ from db_direct_int_entity dbdirectin0_ where dbdirectin0_.x=3 and dbdirectin0_.y=403
P6SPY_SQL: SELECT dbdirectin0_.id AS id1_0_, dbdirectin0_.x AS x2_0_, dbdirectin0_.y AS y3_0_ FROM db_direct_int_entity dbdirectin0_
&amp#27;[1A&amp#27;[2K* Consumed search budget: 56%
P6SPY_SQL: SELECT TABLE_NAME FROM INFORMATION_SCHEMA.TABLES  where TABLE_SCHEMA='PUBLIC'
P6SPY_SQL: SELECT SEQUENCE_NAME FROM INFORMATION_SCHEMA.SEQUENCES WHERE SEQUENCE_SCHEMA='PUBLIC'
P6SPY_SQL: select dbdirectin0_.id as id1_0_, dbdirectin0_.x as x2_0_, dbdirectin0_.y as y3_0_ from db_direct_int_entity dbdirectin0_ where dbdirectin0_.x=3 and dbdirectin0_.y=403
P6SPY_SQL: SELECT dbdirectin0_.id AS id1_0_, dbdirectin0_.x AS x2_0_, dbdirectin0_.y AS y3_0_ FROM db_direct_int_entity dbdirectin0_
P6SPY_SQL: SELECT TABLE_NAME FROM INFORMATION_SCHEMA.TABLES  where TABLE_SCHEMA='PUBLIC'
P6SPY_SQL: SELECT SEQUENCE_NAME FROM INFORMATION_SCHEMA.SEQUENCES WHERE SEQUENCE_SCHEMA='PUBLIC'
P6SPY_SQL: select dbdirectin0_.id as id1_0_, dbdirectin0_.x as x2_0_, dbdirectin0_.y as y3_0_ from db_direct_int_entity dbdirectin0_ where dbdirectin0_.x=3 and dbdirectin0_.y=403
P6SPY_SQL: SELECT dbdirectin0_.id AS id1_0_, dbdirectin0_.x AS x2_0_, dbdirectin0_.y AS y3_0_ FROM db_direct_int_entity dbdirectin0_
P6SPY_SQL: SELECT TABLE_NAME FROM INFORMATION_SCHEMA.TABLES  where TABLE_SCHEMA='PUBLIC'
P6SPY_SQL: SELECT SEQUENCE_NAME FROM INFORMATION_SCHEMA.SEQUENCES WHERE SEQUENCE_SCHEMA='PUBLIC'
P6SPY_SQL: select dbdirectin0_.id as id1_0_, dbdirectin0_.x as x2_0_, dbdirectin0_.y as y3_0_ from db_direct_int_entity dbdirectin0_ where dbdirectin0_.x=3 and dbdirectin0_.y=403
P6SPY_SQL: SELECT dbdirectin0_.id AS id1_0_, dbdirectin0_.x AS x2_0_, dbdirectin0_.y AS y3_0_ FROM db_direct_int_entity dbdirectin0_
P6SPY_SQL: SELECT TABLE_NAME FROM INFORMATION_SCHEMA.TABLES  where TABLE_SCHEMA='PUBLIC'
P6SPY_SQL: SELECT SEQUENCE_NAME FROM INFORMATION_SCHEMA.SEQUENCES WHERE SEQUENCE_SCHEMA='PUBLIC'
P6SPY_SQL: select dbdirectin0_.id as id1_0_, dbdirectin0_.x as x2_0_, dbdirectin0_.y as y3_0_ from db_direct_int_entity dbdirectin0_ where dbdirectin0_.x=3 and dbdirectin0_.y=403
P6SPY_SQL: SELECT dbdirectin0_.id AS id1_0_, dbdirectin0_.x AS x2_0_, dbdirectin0_.y AS y3_0_ FROM db_direct_int_entity dbdirectin0_
P6SPY_SQL: SELECT TABLE_NAME FROM INFORMATION_SCHEMA.TABLES  where TABLE_SCHEMA='PUBLIC'
P6SPY_SQL: SELECT SEQUENCE_NAME FROM INFORMATION_SCHEMA.SEQUENCES WHERE SEQUENCE_SCHEMA='PUBLIC'
P6SPY_SQL: select dbdirectin0_.id as id1_0_, dbdirectin0_.x as x2_0_, dbdirectin0_.y as y3_0_ from db_direct_int_entity dbdirectin0_ where dbdirectin0_.x=3 and dbdirectin0_.y=403
P6SPY_SQL: SELECT dbdirectin0_.id AS id1_0_, dbdirectin0_.x AS x2_0_, dbdirectin0_.y AS y3_0_ FROM db_direct_int_entity dbdirectin0_
P6SPY_SQL: SELECT TABLE_NAME FROM INFORMATION_SCHEMA.TABLES  where TABLE_SCHEMA='PUBLIC'
P6SPY_SQL: SELECT SEQUENCE_NAME FROM INFORMATION_SCHEMA.SEQUENCES WHERE SEQUENCE_SCHEMA='PUBLIC'
P6SPY_SQL: select dbdirectin0_.id as id1_0_, dbdirectin0_.x as x2_0_, dbdirectin0_.y as y3_0_ from db_direct_int_entity dbdirectin0_ where dbdirectin0_.x=3 and dbdirectin0_.y=403
P6SPY_SQL: SELECT dbdirectin0_.id AS id1_0_, dbdirectin0_.x AS x2_0_, dbdirectin0_.y AS y3_0_ FROM db_direct_int_entity dbdirectin0_
P6SPY_SQL: SELECT TABLE_NAME FROM INFORMATION_SCHEMA.TABLES  where TABLE_SCHEMA='PUBLIC'
P6SPY_SQL: SELECT SEQUENCE_NAME FROM INFORMATION_SCHEMA.SEQUENCES WHERE SEQUENCE_SCHEMA='PUBLIC'
P6SPY_SQL: select dbdirectin0_.id as id1_0_, dbdirectin0_.x as x2_0_, dbdirectin0_.y as y3_0_ from db_direct_int_entity dbdirectin0_ where dbdirectin0_.x=3 and dbdirectin0_.y=403
P6SPY_SQL: SELECT dbdirectin0_.id AS id1_0_, dbdirectin0_.x AS x2_0_, dbdirectin0_.y AS y3_0_ FROM db_direct_int_entity dbdirectin0_
P6SPY_SQL: SELECT TABLE_NAME FROM INFORMATION_SCHEMA.TABLES  where TABLE_SCHEMA='PUBLIC'
P6SPY_SQL: SELECT SEQUENCE_NAME FROM INFORMATION_SCHEMA.SEQUENCES WHERE SEQUENCE_SCHEMA='PUBLIC'
P6SPY_SQL: select dbdirectin0_.id as id1_0_, dbdirectin0_.x as x2_0_, dbdirectin0_.y as y3_0_ from db_direct_int_entity dbdirectin0_ where dbdirectin0_.x=3 and dbdirectin0_.y=403
P6SPY_SQL: SELECT dbdirectin0_.id AS id1_0_, dbdirectin0_.x AS x2_0_, dbdirectin0_.y AS y3_0_ FROM db_direct_int_entity dbdirectin0_
P6SPY_SQL: SELECT TABLE_NAME FROM INFORMATION_SCHEMA.TABLES  where TABLE_SCHEMA='PUBLIC'
P6SPY_SQL: SELECT SEQUENCE_NAME FROM INFORMATION_SCHEMA.SEQUENCES WHERE SEQUENCE_SCHEMA='PUBLIC'
P6SPY_SQL: select dbdirectin0_.id as id1_0_, dbdirectin0_.x as x2_0_, dbdirectin0_.y as y3_0_ from db_direct_int_entity dbdirectin0_ where dbdirectin0_.x=3 and dbdirectin0_.y=403
P6SPY_SQL: SELECT dbdirectin0_.id AS id1_0_, dbdirectin0_.x AS x2_0_, dbdirectin0_.y AS y3_0_ FROM db_direct_int_entity dbdirectin0_
P6SPY_SQL: SELECT TABLE_NAME FROM INFORMATION_SCHEMA.TABLES  where TABLE_SCHEMA='PUBLIC'
P6SPY_SQL: SELECT SEQUENCE_NAME FROM INFORMATION_SCHEMA.SEQUENCES WHERE SEQUENCE_SCHEMA='PUBLIC'
P6SPY_SQL: select dbdirectin0_.id as id1_0_, dbdirectin0_.x as x2_0_, dbdirectin0_.y as y3_0_ from db_direct_int_entity dbdirectin0_ where dbdirectin0_.x=3 and dbdirectin0_.y=403
P6SPY_SQL: SELECT dbdirectin0_.id AS id1_0_, dbdirectin0_.x AS x2_0_, dbdirectin0_.y AS y3_0_ FROM db_direct_int_entity dbdirectin0_
&amp#27;[1A&amp#27;[2K* Consumed search budget: 57%
P6SPY_SQL: SELECT TABLE_NAME FROM INFORMATION_SCHEMA.TABLES  where TABLE_SCHEMA='PUBLIC'
P6SPY_SQL: SELECT SEQUENCE_NAME FROM INFORMATION_SCHEMA.SEQUENCES WHERE SEQUENCE_SCHEMA='PUBLIC'
P6SPY_SQL: select dbdirectin0_.id as id1_0_, dbdirectin0_.x as x2_0_, dbdirectin0_.y as y3_0_ from db_direct_int_entity dbdirectin0_ where dbdirectin0_.x=3 and dbdirectin0_.y=403
P6SPY_SQL: SELECT dbdirectin0_.id AS id1_0_, dbdirectin0_.x AS x2_0_, dbdirectin0_.y AS y3_0_ FROM db_direct_int_entity dbdirectin0_
P6SPY_SQL: SELECT TABLE_NAME FROM INFORMATION_SCHEMA.TABLES  where TABLE_SCHEMA='PUBLIC'
P6SPY_SQL: SELECT SEQUENCE_NAME FROM INFORMATION_SCHEMA.SEQUENCES WHERE SEQUENCE_SCHEMA='PUBLIC'
P6SPY_SQL: select dbdirectin0_.id as id1_0_, dbdirectin0_.x as x2_0_, dbdirectin0_.y as y3_0_ from db_direct_int_entity dbdirectin0_ where dbdirectin0_.x=3 and dbdirectin0_.y=403
P6SPY_SQL: SELECT dbdirectin0_.id AS id1_0_, dbdirectin0_.x AS x2_0_, dbdirectin0_.y AS y3_0_ FROM db_direct_int_entity dbdirectin0_
P6SPY_SQL: SELECT TABLE_NAME FROM INFORMATION_SCHEMA.TABLES  where TABLE_SCHEMA='PUBLIC'
P6SPY_SQL: SELECT SEQUENCE_NAME FROM INFORMATION_SCHEMA.SEQUENCES WHERE SEQUENCE_SCHEMA='PUBLIC'
P6SPY_SQL: select dbdirectin0_.id as id1_0_, dbdirectin0_.x as x2_0_, dbdirectin0_.y as y3_0_ from db_direct_int_entity dbdirectin0_ where dbdirectin0_.x=3 and dbdirectin0_.y=403
P6SPY_SQL: SELECT dbdirectin0_.id AS id1_0_, dbdirectin0_.x AS x2_0_, dbdirectin0_.y AS y3_0_ FROM db_direct_int_entity dbdirectin0_
P6SPY_SQL: SELECT TABLE_NAME FROM INFORMATION_SCHEMA.TABLES  where TABLE_SCHEMA='PUBLIC'
P6SPY_SQL: SELECT SEQUENCE_NAME FROM INFORMATION_SCHEMA.SEQUENCES WHERE SEQUENCE_SCHEMA='PUBLIC'
P6SPY_SQL: select dbdirectin0_.id as id1_0_, dbdirectin0_.x as x2_0_, dbdirectin0_.y as y3_0_ from db_direct_int_entity dbdirectin0_ where dbdirectin0_.x=3 and dbdirectin0_.y=403
P6SPY_SQL: SELECT dbdirectin0_.id AS id1_0_, dbdirectin0_.x AS x2_0_, dbdirectin0_.y AS y3_0_ FROM db_direct_int_entity dbdirectin0_
P6SPY_SQL: SELECT TABLE_NAME FROM INFORMATION_SCHEMA.TABLES  where TABLE_SCHEMA='PUBLIC'
P6SPY_SQL: SELECT SEQUENCE_NAME FROM INFORMATION_SCHEMA.SEQUENCES WHERE SEQUENCE_SCHEMA='PUBLIC'
P6SPY_SQL: select dbdirectin0_.id as id1_0_, dbdirectin0_.x as x2_0_, dbdirectin0_.y as y3_0_ from db_direct_int_entity dbdirectin0_ where dbdirectin0_.x=3 and dbdirectin0_.y=403
P6SPY_SQL: SELECT dbdirectin0_.id AS id1_0_, dbdirectin0_.x AS x2_0_, dbdirectin0_.y AS y3_0_ FROM db_direct_int_entity dbdirectin0_
P6SPY_SQL: SELECT TABLE_NAME FROM INFORMATION_SCHEMA.TABLES  where TABLE_SCHEMA='PUBLIC'
P6SPY_SQL: SELECT SEQUENCE_NAME FROM INFORMATION_SCHEMA.SEQUENCES WHERE SEQUENCE_SCHEMA='PUBLIC'
P6SPY_SQL: select dbdirectin0_.id as id1_0_, dbdirectin0_.x as x2_0_, dbdirectin0_.y as y3_0_ from db_direct_int_entity dbdirectin0_ where dbdirectin0_.x=3 and dbdirectin0_.y=403
P6SPY_SQL: SELECT dbdirectin0_.id AS id1_0_, dbdirectin0_.x AS x2_0_, dbdirectin0_.y AS y3_0_ FROM db_direct_int_entity dbdirectin0_
P6SPY_SQL: SELECT TABLE_NAME FROM INFORMATION_SCHEMA.TABLES  where TABLE_SCHEMA='PUBLIC'
P6SPY_SQL: SELECT SEQUENCE_NAME FROM INFORMATION_SCHEMA.SEQUENCES WHERE SEQUENCE_SCHEMA='PUBLIC'
P6SPY_SQL: select dbdirectin0_.id as id1_0_, dbdirectin0_.x as x2_0_, dbdirectin0_.y as y3_0_ from db_direct_int_entity dbdirectin0_ where dbdirectin0_.x=3 and dbdirectin0_.y=403
P6SPY_SQL: SELECT dbdirectin0_.id AS id1_0_, dbdirectin0_.x AS x2_0_, dbdirectin0_.y AS y3_0_ FROM db_direct_int_entity dbdirectin0_
P6SPY_SQL: SELECT TABLE_NAME FROM INFORMATION_SCHEMA.TABLES  where TABLE_SCHEMA='PUBLIC'
P6SPY_SQL: SELECT SEQUENCE_NAME FROM INFORMATION_SCHEMA.SEQUENCES WHERE SEQUENCE_SCHEMA='PUBLIC'
P6SPY_SQL: select dbdirectin0_.id as id1_0_, dbdirectin0_.x as x2_0_, dbdirectin0_.y as y3_0_ from db_direct_int_entity dbdirectin0_ where dbdirectin0_.x=3 and dbdirectin0_.y=403
P6SPY_SQL: SELECT dbdirectin0_.id AS id1_0_, dbdirectin0_.x AS x2_0_, dbdirectin0_.y AS y3_0_ FROM db_direct_int_entity dbdirectin0_
P6SPY_SQL: SELECT TABLE_NAME FROM INFORMATION_SCHEMA.TABLES  where TABLE_SCHEMA='PUBLIC'
P6SPY_SQL: SELECT SEQUENCE_NAME FROM INFORMATION_SCHEMA.SEQUENCES WHERE SEQUENCE_SCHEMA='PUBLIC'
P6SPY_SQL: select dbdirectin0_.id as id1_0_, dbdirectin0_.x as x2_0_, dbdirectin0_.y as y3_0_ from db_direct_int_entity dbdirectin0_ where dbdirectin0_.x=3 and dbdirectin0_.y=403
P6SPY_SQL: SELECT dbdirectin0_.id AS id1_0_, dbdirectin0_.x AS x2_0_, dbdirectin0_.y AS y3_0_ FROM db_direct_int_entity dbdirectin0_
P6SPY_SQL: SELECT TABLE_NAME FROM INFORMATION_SCHEMA.TABLES  where TABLE_SCHEMA='PUBLIC'
P6SPY_SQL: SELECT SEQUENCE_NAME FROM INFORMATION_SCHEMA.SEQUENCES WHERE SEQUENCE_SCHEMA='PUBLIC'
P6SPY_SQL: select dbdirectin0_.id as id1_0_, dbdirectin0_.x as x2_0_, dbdirectin0_.y as y3_0_ from db_direct_int_entity dbdirectin0_ where dbdirectin0_.x=3 and dbdirectin0_.y=403
P6SPY_SQL: SELECT dbdirectin0_.id AS id1_0_, dbdirectin0_.x AS x2_0_, dbdirectin0_.y AS y3_0_ FROM db_direct_int_entity dbdirectin0_
&amp#27;[1A&amp#27;[2K* Consumed search budget: 58%
P6SPY_SQL: SELECT TABLE_NAME FROM INFORMATION_SCHEMA.TABLES  where TABLE_SCHEMA='PUBLIC'
P6SPY_SQL: SELECT SEQUENCE_NAME FROM INFORMATION_SCHEMA.SEQUENCES WHERE SEQUENCE_SCHEMA='PUBLIC'
P6SPY_SQL: select dbdirectin0_.id as id1_0_, dbdirectin0_.x as x2_0_, dbdirectin0_.y as y3_0_ from db_direct_int_entity dbdirectin0_ where dbdirectin0_.x=3 and dbdirectin0_.y=403
P6SPY_SQL: SELECT dbdirectin0_.id AS id1_0_, dbdirectin0_.x AS x2_0_, dbdirectin0_.y AS y3_0_ FROM db_direct_int_entity dbdirectin0_
P6SPY_SQL: SELECT TABLE_NAME FROM INFORMATION_SCHEMA.TABLES  where TABLE_SCHEMA='PUBLIC'
P6SPY_SQL: SELECT SEQUENCE_NAME FROM INFORMATION_SCHEMA.SEQUENCES WHERE SEQUENCE_SCHEMA='PUBLIC'
P6SPY_SQL: select dbdirectin0_.id as id1_0_, dbdirectin0_.x as x2_0_, dbdirectin0_.y as y3_0_ from db_direct_int_entity dbdirectin0_ where dbdirectin0_.x=3 and dbdirectin0_.y=403
P6SPY_SQL: SELECT dbdirectin0_.id AS id1_0_, dbdirectin0_.x AS x2_0_, dbdirectin0_.y AS y3_0_ FROM db_direct_int_entity dbdirectin0_
P6SPY_SQL: SELECT TABLE_NAME FROM INFORMATION_SCHEMA.TABLES  where TABLE_SCHEMA='PUBLIC'
P6SPY_SQL: SELECT SEQUENCE_NAME FROM INFORMATION_SCHEMA.SEQUENCES WHERE SEQUENCE_SCHEMA='PUBLIC'
P6SPY_SQL: select dbdirectin0_.id as id1_0_, dbdirectin0_.x as x2_0_, dbdirectin0_.y as y3_0_ from db_direct_int_entity dbdirectin0_ where dbdirectin0_.x=3 and dbdirectin0_.y=403
P6SPY_SQL: SELECT dbdirectin0_.id AS id1_0_, dbdirectin0_.x AS x2_0_, dbdirectin0_.y AS y3_0_ FROM db_direct_int_entity dbdirectin0_
P6SPY_SQL: SELECT TABLE_NAME FROM INFORMATION_SCHEMA.TABLES  where TABLE_SCHEMA='PUBLIC'
P6SPY_SQL: SELECT SEQUENCE_NAME FROM INFORMATION_SCHEMA.SEQUENCES WHERE SEQUENCE_SCHEMA='PUBLIC'
P6SPY_SQL: select dbdirectin0_.id as id1_0_, dbdirectin0_.x as x2_0_, dbdirectin0_.y as y3_0_ from db_direct_int_entity dbdirectin0_ where dbdirectin0_.x=3 and dbdirectin0_.y=403
P6SPY_SQL: SELECT dbdirectin0_.id AS id1_0_, dbdirectin0_.x AS x2_0_, dbdirectin0_.y AS y3_0_ FROM db_direct_int_entity dbdirectin0_
P6SPY_SQL: SELECT TABLE_NAME FROM INFORMATION_SCHEMA.TABLES  where TABLE_SCHEMA='PUBLIC'
P6SPY_SQL: SELECT SEQUENCE_NAME FROM INFORMATION_SCHEMA.SEQUENCES WHERE SEQUENCE_SCHEMA='PUBLIC'
P6SPY_SQL: select dbdirectin0_.id as id1_0_, dbdirectin0_.x as x2_0_, dbdirectin0_.y as y3_0_ from db_direct_int_entity dbdirectin0_ where dbdirectin0_.x=3 and dbdirectin0_.y=403
P6SPY_SQL: SELECT dbdirectin0_.id AS id1_0_, dbdirectin0_.x AS x2_0_, dbdirectin0_.y AS y3_0_ FROM db_direct_int_entity dbdirectin0_
P6SPY_SQL: SELECT TABLE_NAME FROM INFORMATION_SCHEMA.TABLES  where TABLE_SCHEMA='PUBLIC'
P6SPY_SQL: SELECT SEQUENCE_NAME FROM INFORMATION_SCHEMA.SEQUENCES WHERE SEQUENCE_SCHEMA='PUBLIC'
P6SPY_SQL: select dbdirectin0_.id as id1_0_, dbdirectin0_.x as x2_0_, dbdirectin0_.y as y3_0_ from db_direct_int_entity dbdirectin0_ where dbdirectin0_.x=3 and dbdirectin0_.y=403
P6SPY_SQL: SELECT dbdirectin0_.id AS id1_0_, dbdirectin0_.x AS x2_0_, dbdirectin0_.y AS y3_0_ FROM db_direct_int_entity dbdirectin0_
P6SPY_SQL: SELECT TABLE_NAME FROM INFORMATION_SCHEMA.TABLES  where TABLE_SCHEMA='PUBLIC'
P6SPY_SQL: SELECT SEQUENCE_NAME FROM INFORMATION_SCHEMA.SEQUENCES WHERE SEQUENCE_SCHEMA='PUBLIC'
P6SPY_SQL: select dbdirectin0_.id as id1_0_, dbdirectin0_.x as x2_0_, dbdirectin0_.y as y3_0_ from db_direct_int_entity dbdirectin0_ where dbdirectin0_.x=3 and dbdirectin0_.y=403
P6SPY_SQL: SELECT dbdirectin0_.id AS id1_0_, dbdirectin0_.x AS x2_0_, dbdirectin0_.y AS y3_0_ FROM db_direct_int_entity dbdirectin0_
P6SPY_SQL: SELECT TABLE_NAME FROM INFORMATION_SCHEMA.TABLES  where TABLE_SCHEMA='PUBLIC'
P6SPY_SQL: SELECT SEQUENCE_NAME FROM INFORMATION_SCHEMA.SEQUENCES WHERE SEQUENCE_SCHEMA='PUBLIC'
P6SPY_SQL: select dbdirectin0_.id as id1_0_, dbdirectin0_.x as x2_0_, dbdirectin0_.y as y3_0_ from db_direct_int_entity dbdirectin0_ where dbdirectin0_.x=3 and dbdirectin0_.y=403
P6SPY_SQL: SELECT dbdirectin0_.id AS id1_0_, dbdirectin0_.x AS x2_0_, dbdirectin0_.y AS y3_0_ FROM db_direct_int_entity dbdirectin0_
P6SPY_SQL: SELECT TABLE_NAME FROM INFORMATION_SCHEMA.TABLES  where TABLE_SCHEMA='PUBLIC'
P6SPY_SQL: SELECT SEQUENCE_NAME FROM INFORMATION_SCHEMA.SEQUENCES WHERE SEQUENCE_SCHEMA='PUBLIC'
P6SPY_SQL: select dbdirectin0_.id as id1_0_, dbdirectin0_.x as x2_0_, dbdirectin0_.y as y3_0_ from db_direct_int_entity dbdirectin0_ where dbdirectin0_.x=3 and dbdirectin0_.y=403
P6SPY_SQL: SELECT dbdirectin0_.id AS id1_0_, dbdirectin0_.x AS x2_0_, dbdirectin0_.y AS y3_0_ FROM db_direct_int_entity dbdirectin0_
P6SPY_SQL: SELECT TABLE_NAME FROM INFORMATION_SCHEMA.TABLES  where TABLE_SCHEMA='PUBLIC'
P6SPY_SQL: SELECT SEQUENCE_NAME FROM INFORMATION_SCHEMA.SEQUENCES WHERE SEQUENCE_SCHEMA='PUBLIC'
P6SPY_SQL: select dbdirectin0_.id as id1_0_, dbdirectin0_.x as x2_0_, dbdirectin0_.y as y3_0_ from db_direct_int_entity dbdirectin0_ where dbdirectin0_.x=3 and dbdirectin0_.y=403
P6SPY_SQL: SELECT dbdirectin0_.id AS id1_0_, dbdirectin0_.x AS x2_0_, dbdirectin0_.y AS y3_0_ FROM db_direct_int_entity dbdirectin0_
&amp#27;[1A&amp#27;[2K* Consumed search budget: 59%
P6SPY_SQL: SELECT TABLE_NAME FROM INFORMATION_SCHEMA.TABLES  where TABLE_SCHEMA='PUBLIC'
P6SPY_SQL: SELECT SEQUENCE_NAME FROM INFORMATION_SCHEMA.SEQUENCES WHERE SEQUENCE_SCHEMA='PUBLIC'
P6SPY_SQL: select dbdirectin0_.id as id1_0_, dbdirectin0_.x as x2_0_, dbdirectin0_.y as y3_0_ from db_direct_int_entity dbdirectin0_ where dbdirectin0_.x=3 and dbdirectin0_.y=403
P6SPY_SQL: SELECT dbdirectin0_.id AS id1_0_, dbdirectin0_.x AS x2_0_, dbdirectin0_.y AS y3_0_ FROM db_direct_int_entity dbdirectin0_
P6SPY_SQL: SELECT TABLE_NAME FROM INFORMATION_SCHEMA.TABLES  where TABLE_SCHEMA='PUBLIC'
P6SPY_SQL: SELECT SEQUENCE_NAME FROM INFORMATION_SCHEMA.SEQUENCES WHERE SEQUENCE_SCHEMA='PUBLIC'
P6SPY_SQL: select dbdirectin0_.id as id1_0_, dbdirectin0_.x as x2_0_, dbdirectin0_.y as y3_0_ from db_direct_int_entity dbdirectin0_ where dbdirectin0_.x=3 and dbdirectin0_.y=403
P6SPY_SQL: SELECT dbdirectin0_.id AS id1_0_, dbdirectin0_.x AS x2_0_, dbdirectin0_.y AS y3_0_ FROM db_direct_int_entity dbdirectin0_
P6SPY_SQL: SELECT TABLE_NAME FROM INFORMATION_SCHEMA.TABLES  where TABLE_SCHEMA='PUBLIC'
P6SPY_SQL: SELECT SEQUENCE_NAME FROM INFORMATION_SCHEMA.SEQUENCES WHERE SEQUENCE_SCHEMA='PUBLIC'
P6SPY_SQL: select dbdirectin0_.id as id1_0_, dbdirectin0_.x as x2_0_, dbdirectin0_.y as y3_0_ from db_direct_int_entity dbdirectin0_ where dbdirectin0_.x=3 and dbdirectin0_.y=403
P6SPY_SQL: SELECT dbdirectin0_.id AS id1_0_, dbdirectin0_.x AS x2_0_, dbdirectin0_.y AS y3_0_ FROM db_direct_int_entity dbdirectin0_
P6SPY_SQL: SELECT TABLE_NAME FROM INFORMATION_SCHEMA.TABLES  where TABLE_SCHEMA='PUBLIC'
P6SPY_SQL: SELECT SEQUENCE_NAME FROM INFORMATION_SCHEMA.SEQUENCES WHERE SEQUENCE_SCHEMA='PUBLIC'
P6SPY_SQL: select dbdirectin0_.id as id1_0_, dbdirectin0_.x as x2_0_, dbdirectin0_.y as y3_0_ from db_direct_int_entity dbdirectin0_ where dbdirectin0_.x=3 and dbdirectin0_.y=403
P6SPY_SQL: SELECT dbdirectin0_.id AS id1_0_, dbdirectin0_.x AS x2_0_, dbdirectin0_.y AS y3_0_ FROM db_direct_int_entity dbdirectin0_
P6SPY_SQL: SELECT TABLE_NAME FROM INFORMATION_SCHEMA.TABLES  where TABLE_SCHEMA='PUBLIC'
P6SPY_SQL: SELECT SEQUENCE_NAME FROM INFORMATION_SCHEMA.SEQUENCES WHERE SEQUENCE_SCHEMA='PUBLIC'
P6SPY_SQL: select dbdirectin0_.id as id1_0_, dbdirectin0_.x as x2_0_, dbdirectin0_.y as y3_0_ from db_direct_int_entity dbdirectin0_ where dbdirectin0_.x=3 and dbdirectin0_.y=403
P6SPY_SQL: SELECT dbdirectin0_.id AS id1_0_, dbdirectin0_.x AS x2_0_, dbdirectin0_.y AS y3_0_ FROM db_direct_int_entity dbdirectin0_
P6SPY_SQL: SELECT TABLE_NAME FROM INFORMATION_SCHEMA.TABLES  where TABLE_SCHEMA='PUBLIC'
P6SPY_SQL: SELECT SEQUENCE_NAME FROM INFORMATION_SCHEMA.SEQUENCES WHERE SEQUENCE_SCHEMA='PUBLIC'
P6SPY_SQL: select dbdirectin0_.id as id1_0_, dbdirectin0_.x as x2_0_, dbdirectin0_.y as y3_0_ from db_direct_int_entity dbdirectin0_ where dbdirectin0_.x=3 and dbdirectin0_.y=403
P6SPY_SQL: SELECT dbdirectin0_.id AS id1_0_, dbdirectin0_.x AS x2_0_, dbdirectin0_.y AS y3_0_ FROM db_direct_int_entity dbdirectin0_
P6SPY_SQL: SELECT TABLE_NAME FROM INFORMATION_SCHEMA.TABLES  where TABLE_SCHEMA='PUBLIC'
P6SPY_SQL: SELECT SEQUENCE_NAME FROM INFORMATION_SCHEMA.SEQUENCES WHERE SEQUENCE_SCHEMA='PUBLIC'
P6SPY_SQL: select dbdirectin0_.id as id1_0_, dbdirectin0_.x as x2_0_, dbdirectin0_.y as y3_0_ from db_direct_int_entity dbdirectin0_ where dbdirectin0_.x=3 and dbdirectin0_.y=403
P6SPY_SQL: SELECT dbdirectin0_.id AS id1_0_, dbdirectin0_.x AS x2_0_, dbdirectin0_.y AS y3_0_ FROM db_direct_int_entity dbdirectin0_
P6SPY_SQL: SELECT TABLE_NAME FROM INFORMATION_SCHEMA.TABLES  where TABLE_SCHEMA='PUBLIC'
P6SPY_SQL: SELECT SEQUENCE_NAME FROM INFORMATION_SCHEMA.SEQUENCES WHERE SEQUENCE_SCHEMA='PUBLIC'
P6SPY_SQL: select dbdirectin0_.id as id1_0_, dbdirectin0_.x as x2_0_, dbdirectin0_.y as y3_0_ from db_direct_int_entity dbdirectin0_ where dbdirectin0_.x=3 and dbdirectin0_.y=403
P6SPY_SQL: SELECT dbdirectin0_.id AS id1_0_, dbdirectin0_.x AS x2_0_, dbdirectin0_.y AS y3_0_ FROM db_direct_int_entity dbdirectin0_
P6SPY_SQL: SELECT TABLE_NAME FROM INFORMATION_SCHEMA.TABLES  where TABLE_SCHEMA='PUBLIC'
P6SPY_SQL: SELECT SEQUENCE_NAME FROM INFORMATION_SCHEMA.SEQUENCES WHERE SEQUENCE_SCHEMA='PUBLIC'
P6SPY_SQL: select dbdirectin0_.id as id1_0_, dbdirectin0_.x as x2_0_, dbdirectin0_.y as y3_0_ from db_direct_int_entity dbdirectin0_ where dbdirectin0_.x=3 and dbdirectin0_.y=403
P6SPY_SQL: SELECT dbdirectin0_.id AS id1_0_, dbdirectin0_.x AS x2_0_, dbdirectin0_.y AS y3_0_ FROM db_direct_int_entity dbdirectin0_
P6SPY_SQL: SELECT TABLE_NAME FROM INFORMATION_SCHEMA.TABLES  where TABLE_SCHEMA='PUBLIC'
P6SPY_SQL: SELECT SEQUENCE_NAME FROM INFORMATION_SCHEMA.SEQUENCES WHERE SEQUENCE_SCHEMA='PUBLIC'
P6SPY_SQL: select dbdirectin0_.id as id1_0_, dbdirectin0_.x as x2_0_, dbdirectin0_.y as y3_0_ from db_direct_int_entity dbdirectin0_ where dbdirectin0_.x=3 and dbdirectin0_.y=403
P6SPY_SQL: SELECT dbdirectin0_.id AS id1_0_, dbdirectin0_.x AS x2_0_, dbdirectin0_.y AS y3_0_ FROM db_direct_int_entity dbdirectin0_
&amp#27;[1A&amp#27;[2K* Consumed search budget: 60%
P6SPY_SQL: SELECT TABLE_NAME FROM INFORMATION_SCHEMA.TABLES  where TABLE_SCHEMA='PUBLIC'
P6SPY_SQL: SELECT SEQUENCE_NAME FROM INFORMATION_SCHEMA.SEQUENCES WHERE SEQUENCE_SCHEMA='PUBLIC'
P6SPY_SQL: select dbdirectin0_.id as id1_0_, dbdirectin0_.x as x2_0_, dbdirectin0_.y as y3_0_ from db_direct_int_entity dbdirectin0_ where dbdirectin0_.x=3 and dbdirectin0_.y=403
P6SPY_SQL: SELECT dbdirectin0_.id AS id1_0_, dbdirectin0_.x AS x2_0_, dbdirectin0_.y AS y3_0_ FROM db_direct_int_entity dbdirectin0_
P6SPY_SQL: SELECT TABLE_NAME FROM INFORMATION_SCHEMA.TABLES  where TABLE_SCHEMA='PUBLIC'
P6SPY_SQL: SELECT SEQUENCE_NAME FROM INFORMATION_SCHEMA.SEQUENCES WHERE SEQUENCE_SCHEMA='PUBLIC'
P6SPY_SQL: select dbdirectin0_.id as id1_0_, dbdirectin0_.x as x2_0_, dbdirectin0_.y as y3_0_ from db_direct_int_entity dbdirectin0_ where dbdirectin0_.x=3 and dbdirectin0_.y=403
P6SPY_SQL: SELECT dbdirectin0_.id AS id1_0_, dbdirectin0_.x AS x2_0_, dbdirectin0_.y AS y3_0_ FROM db_direct_int_entity dbdirectin0_
P6SPY_SQL: SELECT TABLE_NAME FROM INFORMATION_SCHEMA.TABLES  where TABLE_SCHEMA='PUBLIC'
P6SPY_SQL: SELECT SEQUENCE_NAME FROM INFORMATION_SCHEMA.SEQUENCES WHERE SEQUENCE_SCHEMA='PUBLIC'
P6SPY_SQL: select dbdirectin0_.id as id1_0_, dbdirectin0_.x as x2_0_, dbdirectin0_.y as y3_0_ from db_direct_int_entity dbdirectin0_ where dbdirectin0_.x=3 and dbdirectin0_.y=403
P6SPY_SQL: SELECT dbdirectin0_.id AS id1_0_, dbdirectin0_.x AS x2_0_, dbdirectin0_.y AS y3_0_ FROM db_direct_int_entity dbdirectin0_
P6SPY_SQL: SELECT TABLE_NAME FROM INFORMATION_SCHEMA.TABLES  where TABLE_SCHEMA='PUBLIC'
P6SPY_SQL: SELECT SEQUENCE_NAME FROM INFORMATION_SCHEMA.SEQUENCES WHERE SEQUENCE_SCHEMA='PUBLIC'
P6SPY_SQL: select dbdirectin0_.id as id1_0_, dbdirectin0_.x as x2_0_, dbdirectin0_.y as y3_0_ from db_direct_int_entity dbdirectin0_ where dbdirectin0_.x=3 and dbdirectin0_.y=403
P6SPY_SQL: SELECT dbdirectin0_.id AS id1_0_, dbdirectin0_.x AS x2_0_, dbdirectin0_.y AS y3_0_ FROM db_direct_int_entity dbdirectin0_
P6SPY_SQL: SELECT TABLE_NAME FROM INFORMATION_SCHEMA.TABLES  where TABLE_SCHEMA='PUBLIC'
P6SPY_SQL: SELECT SEQUENCE_NAME FROM INFORMATION_SCHEMA.SEQUENCES WHERE SEQUENCE_SCHEMA='PUBLIC'
P6SPY_SQL: select dbdirectin0_.id as id1_0_, dbdirectin0_.x as x2_0_, dbdirectin0_.y as y3_0_ from db_direct_int_entity dbdirectin0_ where dbdirectin0_.x=3 and dbdirectin0_.y=403
P6SPY_SQL: SELECT dbdirectin0_.id AS id1_0_, dbdirectin0_.x AS x2_0_, dbdirectin0_.y AS y3_0_ FROM db_direct_int_entity dbdirectin0_
P6SPY_SQL: SELECT TABLE_NAME FROM INFORMATION_SCHEMA.TABLES  where TABLE_SCHEMA='PUBLIC'
P6SPY_SQL: SELECT SEQUENCE_NAME FROM INFORMATION_SCHEMA.SEQUENCES WHERE SEQUENCE_SCHEMA='PUBLIC'
P6SPY_SQL: select dbdirectin0_.id as id1_0_, dbdirectin0_.x as x2_0_, dbdirectin0_.y as y3_0_ from db_direct_int_entity dbdirectin0_ where dbdirectin0_.x=3 and dbdirectin0_.y=403
P6SPY_SQL: SELECT dbdirectin0_.id AS id1_0_, dbdirectin0_.x AS x2_0_, dbdirectin0_.y AS y3_0_ FROM db_direct_int_entity dbdirectin0_
P6SPY_SQL: SELECT TABLE_NAME FROM INFORMATION_SCHEMA.TABLES  where TABLE_SCHEMA='PUBLIC'
P6SPY_SQL: SELECT SEQUENCE_NAME FROM INFORMATION_SCHEMA.SEQUENCES WHERE SEQUENCE_SCHEMA='PUBLIC'
P6SPY_SQL: select dbdirectin0_.id as id1_0_, dbdirectin0_.x as x2_0_, dbdirectin0_.y as y3_0_ from db_direct_int_entity dbdirectin0_ where dbdirectin0_.x=3 and dbdirectin0_.y=403
P6SPY_SQL: SELECT dbdirectin0_.id AS id1_0_, dbdirectin0_.x AS x2_0_, dbdirectin0_.y AS y3_0_ FROM db_direct_int_entity dbdirectin0_
P6SPY_SQL: SELECT TABLE_NAME FROM INFORMATION_SCHEMA.TABLES  where TABLE_SCHEMA='PUBLIC'
P6SPY_SQL: SELECT SEQUENCE_NAME FROM INFORMATION_SCHEMA.SEQUENCES WHERE SEQUENCE_SCHEMA='PUBLIC'
P6SPY_SQL: select dbdirectin0_.id as id1_0_, dbdirectin0_.x as x2_0_, dbdirectin0_.y as y3_0_ from db_direct_int_entity dbdirectin0_ where dbdirectin0_.x=3 and dbdirectin0_.y=403
P6SPY_SQL: SELECT dbdirectin0_.id AS id1_0_, dbdirectin0_.x AS x2_0_, dbdirectin0_.y AS y3_0_ FROM db_direct_int_entity dbdirectin0_
P6SPY_SQL: SELECT TABLE_NAME FROM INFORMATION_SCHEMA.TABLES  where TABLE_SCHEMA='PUBLIC'
P6SPY_SQL: SELECT SEQUENCE_NAME FROM INFORMATION_SCHEMA.SEQUENCES WHERE SEQUENCE_SCHEMA='PUBLIC'
P6SPY_SQL: select dbdirectin0_.id as id1_0_, dbdirectin0_.x as x2_0_, dbdirectin0_.y as y3_0_ from db_direct_int_entity dbdirectin0_ where dbdirectin0_.x=3 and dbdirectin0_.y=403
P6SPY_SQL: SELECT dbdirectin0_.id AS id1_0_, dbdirectin0_.x AS x2_0_, dbdirectin0_.y AS y3_0_ FROM db_direct_int_entity dbdirectin0_
P6SPY_SQL: SELECT TABLE_NAME FROM INFORMATION_SCHEMA.TABLES  where TABLE_SCHEMA='PUBLIC'
P6SPY_SQL: SELECT SEQUENCE_NAME FROM INFORMATION_SCHEMA.SEQUENCES WHERE SEQUENCE_SCHEMA='PUBLIC'
P6SPY_SQL: select dbdirectin0_.id as id1_0_, dbdirectin0_.x as x2_0_, dbdirectin0_.y as y3_0_ from db_direct_int_entity dbdirectin0_ where dbdirectin0_.x=3 and dbdirectin0_.y=403
P6SPY_SQL: SELECT dbdirectin0_.id AS id1_0_, dbdirectin0_.x AS x2_0_, dbdirectin0_.y AS y3_0_ FROM db_direct_int_entity dbdirectin0_
&amp#27;[1A&amp#27;[2K* Consumed search budget: 61%
P6SPY_SQL: SELECT TABLE_NAME FROM INFORMATION_SCHEMA.TABLES  where TABLE_SCHEMA='PUBLIC'
P6SPY_SQL: SELECT SEQUENCE_NAME FROM INFORMATION_SCHEMA.SEQUENCES WHERE SEQUENCE_SCHEMA='PUBLIC'
P6SPY_SQL: select dbdirectin0_.id as id1_0_, dbdirectin0_.x as x2_0_, dbdirectin0_.y as y3_0_ from db_direct_int_entity dbdirectin0_ where dbdirectin0_.x=3 and dbdirectin0_.y=403
P6SPY_SQL: SELECT dbdirectin0_.id AS id1_0_, dbdirectin0_.x AS x2_0_, dbdirectin0_.y AS y3_0_ FROM db_direct_int_entity dbdirectin0_
P6SPY_SQL: SELECT TABLE_NAME FROM INFORMATION_SCHEMA.TABLES  where TABLE_SCHEMA='PUBLIC'
P6SPY_SQL: SELECT SEQUENCE_NAME FROM INFORMATION_SCHEMA.SEQUENCES WHERE SEQUENCE_SCHEMA='PUBLIC'
P6SPY_SQL: select dbdirectin0_.id as id1_0_, dbdirectin0_.x as x2_0_, dbdirectin0_.y as y3_0_ from db_direct_int_entity dbdirectin0_ where dbdirectin0_.x=3 and dbdirectin0_.y=403
P6SPY_SQL: SELECT dbdirectin0_.id AS id1_0_, dbdirectin0_.x AS x2_0_, dbdirectin0_.y AS y3_0_ FROM db_direct_int_entity dbdirectin0_
P6SPY_SQL: SELECT TABLE_NAME FROM INFORMATION_SCHEMA.TABLES  where TABLE_SCHEMA='PUBLIC'
P6SPY_SQL: SELECT SEQUENCE_NAME FROM INFORMATION_SCHEMA.SEQUENCES WHERE SEQUENCE_SCHEMA='PUBLIC'
P6SPY_SQL: select dbdirectin0_.id as id1_0_, dbdirectin0_.x as x2_0_, dbdirectin0_.y as y3_0_ from db_direct_int_entity dbdirectin0_ where dbdirectin0_.x=3 and dbdirectin0_.y=403
P6SPY_SQL: SELECT dbdirectin0_.id AS id1_0_, dbdirectin0_.x AS x2_0_, dbdirectin0_.y AS y3_0_ FROM db_direct_int_entity dbdirectin0_
P6SPY_SQL: SELECT TABLE_NAME FROM INFORMATION_SCHEMA.TABLES  where TABLE_SCHEMA='PUBLIC'
P6SPY_SQL: SELECT SEQUENCE_NAME FROM INFORMATION_SCHEMA.SEQUENCES WHERE SEQUENCE_SCHEMA='PUBLIC'
P6SPY_SQL: select dbdirectin0_.id as id1_0_, dbdirectin0_.x as x2_0_, dbdirectin0_.y as y3_0_ from db_direct_int_entity dbdirectin0_ where dbdirectin0_.x=3 and dbdirectin0_.y=403
P6SPY_SQL: SELECT dbdirectin0_.id AS id1_0_, dbdirectin0_.x AS x2_0_, dbdirectin0_.y AS y3_0_ FROM db_direct_int_entity dbdirectin0_
P6SPY_SQL: SELECT TABLE_NAME FROM INFORMATION_SCHEMA.TABLES  where TABLE_SCHEMA='PUBLIC'
P6SPY_SQL: SELECT SEQUENCE_NAME FROM INFORMATION_SCHEMA.SEQUENCES WHERE SEQUENCE_SCHEMA='PUBLIC'
P6SPY_SQL: select dbdirectin0_.id as id1_0_, dbdirectin0_.x as x2_0_, dbdirectin0_.y as y3_0_ from db_direct_int_entity dbdirectin0_ where dbdirectin0_.x=3 and dbdirectin0_.y=403
P6SPY_SQL: SELECT dbdirectin0_.id AS id1_0_, dbdirectin0_.x AS x2_0_, dbdirectin0_.y AS y3_0_ FROM db_direct_int_entity dbdirectin0_
P6SPY_SQL: SELECT TABLE_NAME FROM INFORMATION_SCHEMA.TABLES  where TABLE_SCHEMA='PUBLIC'
P6SPY_SQL: SELECT SEQUENCE_NAME FROM INFORMATION_SCHEMA.SEQUENCES WHERE SEQUENCE_SCHEMA='PUBLIC'
P6SPY_SQL: select dbdirectin0_.id as id1_0_, dbdirectin0_.x as x2_0_, dbdirectin0_.y as y3_0_ from db_direct_int_entity dbdirectin0_ where dbdirectin0_.x=3 and dbdirectin0_.y=403
P6SPY_SQL: SELECT dbdirectin0_.id AS id1_0_, dbdirectin0_.x AS x2_0_, dbdirectin0_.y AS y3_0_ FROM db_direct_int_entity dbdirectin0_
P6SPY_SQL: SELECT TABLE_NAME FROM INFORMATION_SCHEMA.TABLES  where TABLE_SCHEMA='PUBLIC'
P6SPY_SQL: SELECT SEQUENCE_NAME FROM INFORMATION_SCHEMA.SEQUENCES WHERE SEQUENCE_SCHEMA='PUBLIC'
P6SPY_SQL: select dbdirectin0_.id as id1_0_, dbdirectin0_.x as x2_0_, dbdirectin0_.y as y3_0_ from db_direct_int_entity dbdirectin0_ where dbdirectin0_.x=3 and dbdirectin0_.y=403
P6SPY_SQL: SELECT dbdirectin0_.id AS id1_0_, dbdirectin0_.x AS x2_0_, dbdirectin0_.y AS y3_0_ FROM db_direct_int_entity dbdirectin0_
P6SPY_SQL: SELECT TABLE_NAME FROM INFORMATION_SCHEMA.TABLES  where TABLE_SCHEMA='PUBLIC'
P6SPY_SQL: SELECT SEQUENCE_NAME FROM INFORMATION_SCHEMA.SEQUENCES WHERE SEQUENCE_SCHEMA='PUBLIC'
P6SPY_SQL: select dbdirectin0_.id as id1_0_, dbdirectin0_.x as x2_0_, dbdirectin0_.y as y3_0_ from db_direct_int_entity dbdirectin0_ where dbdirectin0_.x=3 and dbdirectin0_.y=403
P6SPY_SQL: SELECT dbdirectin0_.id AS id1_0_, dbdirectin0_.x AS x2_0_, dbdirectin0_.y AS y3_0_ FROM db_direct_int_entity dbdirectin0_
P6SPY_SQL: SELECT TABLE_NAME FROM INFORMATION_SCHEMA.TABLES  where TABLE_SCHEMA='PUBLIC'
P6SPY_SQL: SELECT SEQUENCE_NAME FROM INFORMATION_SCHEMA.SEQUENCES WHERE SEQUENCE_SCHEMA='PUBLIC'
P6SPY_SQL: select dbdirectin0_.id as id1_0_, dbdirectin0_.x as x2_0_, dbdirectin0_.y as y3_0_ from db_direct_int_entity dbdirectin0_ where dbdirectin0_.x=3 and dbdirectin0_.y=403
P6SPY_SQL: SELECT dbdirectin0_.id AS id1_0_, dbdirectin0_.x AS x2_0_, dbdirectin0_.y AS y3_0_ FROM db_direct_int_entity dbdirectin0_
P6SPY_SQL: SELECT TABLE_NAME FROM INFORMATION_SCHEMA.TABLES  where TABLE_SCHEMA='PUBLIC'
P6SPY_SQL: SELECT SEQUENCE_NAME FROM INFORMATION_SCHEMA.SEQUENCES WHERE SEQUENCE_SCHEMA='PUBLIC'
P6SPY_SQL: select dbdirectin0_.id as id1_0_, dbdirectin0_.x as x2_0_, dbdirectin0_.y as y3_0_ from db_direct_int_entity dbdirectin0_ where dbdirectin0_.x=3 and dbdirectin0_.y=403
P6SPY_SQL: SELECT dbdirectin0_.id AS id1_0_, dbdirectin0_.x AS x2_0_, dbdirectin0_.y AS y3_0_ FROM db_direct_int_entity dbdirectin0_
&amp#27;[1A&amp#27;[2K* Consumed search budget: 62%
P6SPY_SQL: SELECT TABLE_NAME FROM INFORMATION_SCHEMA.TABLES  where TABLE_SCHEMA='PUBLIC'
P6SPY_SQL: SELECT SEQUENCE_NAME FROM INFORMATION_SCHEMA.SEQUENCES WHERE SEQUENCE_SCHEMA='PUBLIC'
P6SPY_SQL: select dbdirectin0_.id as id1_0_, dbdirectin0_.x as x2_0_, dbdirectin0_.y as y3_0_ from db_direct_int_entity dbdirectin0_ where dbdirectin0_.x=3 and dbdirectin0_.y=403
P6SPY_SQL: SELECT dbdirectin0_.id AS id1_0_, dbdirectin0_.x AS x2_0_, dbdirectin0_.y AS y3_0_ FROM db_direct_int_entity dbdirectin0_
P6SPY_SQL: SELECT TABLE_NAME FROM INFORMATION_SCHEMA.TABLES  where TABLE_SCHEMA='PUBLIC'
P6SPY_SQL: SELECT SEQUENCE_NAME FROM INFORMATION_SCHEMA.SEQUENCES WHERE SEQUENCE_SCHEMA='PUBLIC'
P6SPY_SQL: select dbdirectin0_.id as id1_0_, dbdirectin0_.x as x2_0_, dbdirectin0_.y as y3_0_ from db_direct_int_entity dbdirectin0_ where dbdirectin0_.x=3 and dbdirectin0_.y=403
P6SPY_SQL: SELECT dbdirectin0_.id AS id1_0_, dbdirectin0_.x AS x2_0_, dbdirectin0_.y AS y3_0_ FROM db_direct_int_entity dbdirectin0_
P6SPY_SQL: SELECT TABLE_NAME FROM INFORMATION_SCHEMA.TABLES  where TABLE_SCHEMA='PUBLIC'
P6SPY_SQL: SELECT SEQUENCE_NAME FROM INFORMATION_SCHEMA.SEQUENCES WHERE SEQUENCE_SCHEMA='PUBLIC'
P6SPY_SQL: select dbdirectin0_.id as id1_0_, dbdirectin0_.x as x2_0_, dbdirectin0_.y as y3_0_ from db_direct_int_entity dbdirectin0_ where dbdirectin0_.x=3 and dbdirectin0_.y=403
P6SPY_SQL: SELECT dbdirectin0_.id AS id1_0_, dbdirectin0_.x AS x2_0_, dbdirectin0_.y AS y3_0_ FROM db_direct_int_entity dbdirectin0_
P6SPY_SQL: SELECT TABLE_NAME FROM INFORMATION_SCHEMA.TABLES  where TABLE_SCHEMA='PUBLIC'
P6SPY_SQL: SELECT SEQUENCE_NAME FROM INFORMATION_SCHEMA.SEQUENCES WHERE SEQUENCE_SCHEMA='PUBLIC'
P6SPY_SQL: select dbdirectin0_.id as id1_0_, dbdirectin0_.x as x2_0_, dbdirectin0_.y as y3_0_ from db_direct_int_entity dbdirectin0_ where dbdirectin0_.x=3 and dbdirectin0_.y=403
P6SPY_SQL: SELECT dbdirectin0_.id AS id1_0_, dbdirectin0_.x AS x2_0_, dbdirectin0_.y AS y3_0_ FROM db_direct_int_entity dbdirectin0_
P6SPY_SQL: SELECT TABLE_NAME FROM INFORMATION_SCHEMA.TABLES  where TABLE_SCHEMA='PUBLIC'
P6SPY_SQL: SELECT SEQUENCE_NAME FROM INFORMATION_SCHEMA.SEQUENCES WHERE SEQUENCE_SCHEMA='PUBLIC'
P6SPY_SQL: select dbdirectin0_.id as id1_0_, dbdirectin0_.x as x2_0_, dbdirectin0_.y as y3_0_ from db_direct_int_entity dbdirectin0_ where dbdirectin0_.x=3 and dbdirectin0_.y=403
P6SPY_SQL: SELECT dbdirectin0_.id AS id1_0_, dbdirectin0_.x AS x2_0_, dbdirectin0_.y AS y3_0_ FROM db_direct_int_entity dbdirectin0_
P6SPY_SQL: SELECT TABLE_NAME FROM INFORMATION_SCHEMA.TABLES  where TABLE_SCHEMA='PUBLIC'
P6SPY_SQL: SELECT SEQUENCE_NAME FROM INFORMATION_SCHEMA.SEQUENCES WHERE SEQUENCE_SCHEMA='PUBLIC'
P6SPY_SQL: select dbdirectin0_.id as id1_0_, dbdirectin0_.x as x2_0_, dbdirectin0_.y as y3_0_ from db_direct_int_entity dbdirectin0_ where dbdirectin0_.x=3 and dbdirectin0_.y=403
P6SPY_SQL: SELECT dbdirectin0_.id AS id1_0_, dbdirectin0_.x AS x2_0_, dbdirectin0_.y AS y3_0_ FROM db_direct_int_entity dbdirectin0_
P6SPY_SQL: SELECT TABLE_NAME FROM INFORMATION_SCHEMA.TABLES  where TABLE_SCHEMA='PUBLIC'
P6SPY_SQL: SELECT SEQUENCE_NAME FROM INFORMATION_SCHEMA.SEQUENCES WHERE SEQUENCE_SCHEMA='PUBLIC'
P6SPY_SQL: select dbdirectin0_.id as id1_0_, dbdirectin0_.x as x2_0_, dbdirectin0_.y as y3_0_ from db_direct_int_entity dbdirectin0_ where dbdirectin0_.x=3 and dbdirectin0_.y=403
P6SPY_SQL: SELECT dbdirectin0_.id AS id1_0_, dbdirectin0_.x AS x2_0_, dbdirectin0_.y AS y3_0_ FROM db_direct_int_entity dbdirectin0_
P6SPY_SQL: SELECT TABLE_NAME FROM INFORMATION_SCHEMA.TABLES  where TABLE_SCHEMA='PUBLIC'
P6SPY_SQL: SELECT SEQUENCE_NAME FROM INFORMATION_SCHEMA.SEQUENCES WHERE SEQUENCE_SCHEMA='PUBLIC'
P6SPY_SQL: select dbdirectin0_.id as id1_0_, dbdirectin0_.x as x2_0_, dbdirectin0_.y as y3_0_ from db_direct_int_entity dbdirectin0_ where dbdirectin0_.x=3 and dbdirectin0_.y=403
P6SPY_SQL: SELECT dbdirectin0_.id AS id1_0_, dbdirectin0_.x AS x2_0_, dbdirectin0_.y AS y3_0_ FROM db_direct_int_entity dbdirectin0_
P6SPY_SQL: SELECT TABLE_NAME FROM INFORMATION_SCHEMA.TABLES  where TABLE_SCHEMA='PUBLIC'
P6SPY_SQL: SELECT SEQUENCE_NAME FROM INFORMATION_SCHEMA.SEQUENCES WHERE SEQUENCE_SCHEMA='PUBLIC'
P6SPY_SQL: select dbdirectin0_.id as id1_0_, dbdirectin0_.x as x2_0_, dbdirectin0_.y as y3_0_ from db_direct_int_entity dbdirectin0_ where dbdirectin0_.x=3 and dbdirectin0_.y=403
P6SPY_SQL: SELECT dbdirectin0_.id AS id1_0_, dbdirectin0_.x AS x2_0_, dbdirectin0_.y AS y3_0_ FROM db_direct_int_entity dbdirectin0_
P6SPY_SQL: SELECT TABLE_NAME FROM INFORMATION_SCHEMA.TABLES  where TABLE_SCHEMA='PUBLIC'
P6SPY_SQL: SELECT SEQUENCE_NAME FROM INFORMATION_SCHEMA.SEQUENCES WHERE SEQUENCE_SCHEMA='PUBLIC'
P6SPY_SQL: select dbdirectin0_.id as id1_0_, dbdirectin0_.x as x2_0_, dbdirectin0_.y as y3_0_ from db_direct_int_entity dbdirectin0_ where dbdirectin0_.x=3 and dbdirectin0_.y=403
P6SPY_SQL: SELECT dbdirectin0_.id AS id1_0_, dbdirectin0_.x AS x2_0_, dbdirectin0_.y AS y3_0_ FROM db_direct_int_entity dbdirectin0_
&amp#27;[1A&amp#27;[2K* Consumed search budget: 63%
P6SPY_SQL: SELECT TABLE_NAME FROM INFORMATION_SCHEMA.TABLES  where TABLE_SCHEMA='PUBLIC'
P6SPY_SQL: SELECT SEQUENCE_NAME FROM INFORMATION_SCHEMA.SEQUENCES WHERE SEQUENCE_SCHEMA='PUBLIC'
P6SPY_SQL: select dbdirectin0_.id as id1_0_, dbdirectin0_.x as x2_0_, dbdirectin0_.y as y3_0_ from db_direct_int_entity dbdirectin0_ where dbdirectin0_.x=3 and dbdirectin0_.y=403
P6SPY_SQL: SELECT dbdirectin0_.id AS id1_0_, dbdirectin0_.x AS x2_0_, dbdirectin0_.y AS y3_0_ FROM db_direct_int_entity dbdirectin0_
P6SPY_SQL: SELECT TABLE_NAME FROM INFORMATION_SCHEMA.TABLES  where TABLE_SCHEMA='PUBLIC'
P6SPY_SQL: SELECT SEQUENCE_NAME FROM INFORMATION_SCHEMA.SEQUENCES WHERE SEQUENCE_SCHEMA='PUBLIC'
P6SPY_SQL: select dbdirectin0_.id as id1_0_, dbdirectin0_.x as x2_0_, dbdirectin0_.y as y3_0_ from db_direct_int_entity dbdirectin0_ where dbdirectin0_.x=3 and dbdirectin0_.y=403
P6SPY_SQL: SELECT dbdirectin0_.id AS id1_0_, dbdirectin0_.x AS x2_0_, dbdirectin0_.y AS y3_0_ FROM db_direct_int_entity dbdirectin0_
P6SPY_SQL: SELECT TABLE_NAME FROM INFORMATION_SCHEMA.TABLES  where TABLE_SCHEMA='PUBLIC'
P6SPY_SQL: SELECT SEQUENCE_NAME FROM INFORMATION_SCHEMA.SEQUENCES WHERE SEQUENCE_SCHEMA='PUBLIC'
P6SPY_SQL: select dbdirectin0_.id as id1_0_, dbdirectin0_.x as x2_0_, dbdirectin0_.y as y3_0_ from db_direct_int_entity dbdirectin0_ where dbdirectin0_.x=3 and dbdirectin0_.y=403
P6SPY_SQL: SELECT dbdirectin0_.id AS id1_0_, dbdirectin0_.x AS x2_0_, dbdirectin0_.y AS y3_0_ FROM db_direct_int_entity dbdirectin0_
P6SPY_SQL: SELECT TABLE_NAME FROM INFORMATION_SCHEMA.TABLES  where TABLE_SCHEMA='PUBLIC'
P6SPY_SQL: SELECT SEQUENCE_NAME FROM INFORMATION_SCHEMA.SEQUENCES WHERE SEQUENCE_SCHEMA='PUBLIC'
P6SPY_SQL: select dbdirectin0_.id as id1_0_, dbdirectin0_.x as x2_0_, dbdirectin0_.y as y3_0_ from db_direct_int_entity dbdirectin0_ where dbdirectin0_.x=3 and dbdirectin0_.y=403
P6SPY_SQL: SELECT dbdirectin0_.id AS id1_0_, dbdirectin0_.x AS x2_0_, dbdirectin0_.y AS y3_0_ FROM db_direct_int_entity dbdirectin0_
P6SPY_SQL: SELECT TABLE_NAME FROM INFORMATION_SCHEMA.TABLES  where TABLE_SCHEMA='PUBLIC'
P6SPY_SQL: SELECT SEQUENCE_NAME FROM INFORMATION_SCHEMA.SEQUENCES WHERE SEQUENCE_SCHEMA='PUBLIC'
P6SPY_SQL: select dbdirectin0_.id as id1_0_, dbdirectin0_.x as x2_0_, dbdirectin0_.y as y3_0_ from db_direct_int_entity dbdirectin0_ where dbdirectin0_.x=3 and dbdirectin0_.y=403
P6SPY_SQL: SELECT dbdirectin0_.id AS id1_0_, dbdirectin0_.x AS x2_0_, dbdirectin0_.y AS y3_0_ FROM db_direct_int_entity dbdirectin0_
P6SPY_SQL: SELECT TABLE_NAME FROM INFORMATION_SCHEMA.TABLES  where TABLE_SCHEMA='PUBLIC'
P6SPY_SQL: SELECT SEQUENCE_NAME FROM INFORMATION_SCHEMA.SEQUENCES WHERE SEQUENCE_SCHEMA='PUBLIC'
P6SPY_SQL: select dbdirectin0_.id as id1_0_, dbdirectin0_.x as x2_0_, dbdirectin0_.y as y3_0_ from db_direct_int_entity dbdirectin0_ where dbdirectin0_.x=3 and dbdirectin0_.y=403
P6SPY_SQL: SELECT dbdirectin0_.id AS id1_0_, dbdirectin0_.x AS x2_0_, dbdirectin0_.y AS y3_0_ FROM db_direct_int_entity dbdirectin0_
P6SPY_SQL: SELECT TABLE_NAME FROM INFORMATION_SCHEMA.TABLES  where TABLE_SCHEMA='PUBLIC'
P6SPY_SQL: SELECT SEQUENCE_NAME FROM INFORMATION_SCHEMA.SEQUENCES WHERE SEQUENCE_SCHEMA='PUBLIC'
P6SPY_SQL: select dbdirectin0_.id as id1_0_, dbdirectin0_.x as x2_0_, dbdirectin0_.y as y3_0_ from db_direct_int_entity dbdirectin0_ where dbdirectin0_.x=3 and dbdirectin0_.y=403
P6SPY_SQL: SELECT dbdirectin0_.id AS id1_0_, dbdirectin0_.x AS x2_0_, dbdirectin0_.y AS y3_0_ FROM db_direct_int_entity dbdirectin0_
P6SPY_SQL: SELECT TABLE_NAME FROM INFORMATION_SCHEMA.TABLES  where TABLE_SCHEMA='PUBLIC'
P6SPY_SQL: SELECT SEQUENCE_NAME FROM INFORMATION_SCHEMA.SEQUENCES WHERE SEQUENCE_SCHEMA='PUBLIC'
P6SPY_SQL: select dbdirectin0_.id as id1_0_, dbdirectin0_.x as x2_0_, dbdirectin0_.y as y3_0_ from db_direct_int_entity dbdirectin0_ where dbdirectin0_.x=3 and dbdirectin0_.y=403
P6SPY_SQL: SELECT dbdirectin0_.id AS id1_0_, dbdirectin0_.x AS x2_0_, dbdirectin0_.y AS y3_0_ FROM db_direct_int_entity dbdirectin0_
P6SPY_SQL: SELECT TABLE_NAME FROM INFORMATION_SCHEMA.TABLES  where TABLE_SCHEMA='PUBLIC'
P6SPY_SQL: SELECT SEQUENCE_NAME FROM INFORMATION_SCHEMA.SEQUENCES WHERE SEQUENCE_SCHEMA='PUBLIC'
P6SPY_SQL: select dbdirectin0_.id as id1_0_, dbdirectin0_.x as x2_0_, dbdirectin0_.y as y3_0_ from db_direct_int_entity dbdirectin0_ where dbdirectin0_.x=3 and dbdirectin0_.y=403
P6SPY_SQL: SELECT dbdirectin0_.id AS id1_0_, dbdirectin0_.x AS x2_0_, dbdirectin0_.y AS y3_0_ FROM db_direct_int_entity dbdirectin0_
P6SPY_SQL: SELECT TABLE_NAME FROM INFORMATION_SCHEMA.TABLES  where TABLE_SCHEMA='PUBLIC'
P6SPY_SQL: SELECT SEQUENCE_NAME FROM INFORMATION_SCHEMA.SEQUENCES WHERE SEQUENCE_SCHEMA='PUBLIC'
P6SPY_SQL: select dbdirectin0_.id as id1_0_, dbdirectin0_.x as x2_0_, dbdirectin0_.y as y3_0_ from db_direct_int_entity dbdirectin0_ where dbdirectin0_.x=3 and dbdirectin0_.y=403
P6SPY_SQL: SELECT dbdirectin0_.id AS id1_0_, dbdirectin0_.x AS x2_0_, dbdirectin0_.y AS y3_0_ FROM db_direct_int_entity dbdirectin0_
&amp#27;[1A&amp#27;[2K* Consumed search budget: 64%
P6SPY_SQL: SELECT TABLE_NAME FROM INFORMATION_SCHEMA.TABLES  where TABLE_SCHEMA='PUBLIC'
P6SPY_SQL: SELECT SEQUENCE_NAME FROM INFORMATION_SCHEMA.SEQUENCES WHERE SEQUENCE_SCHEMA='PUBLIC'
P6SPY_SQL: select dbdirectin0_.id as id1_0_, dbdirectin0_.x as x2_0_, dbdirectin0_.y as y3_0_ from db_direct_int_entity dbdirectin0_ where dbdirectin0_.x=3 and dbdirectin0_.y=403
P6SPY_SQL: SELECT dbdirectin0_.id AS id1_0_, dbdirectin0_.x AS x2_0_, dbdirectin0_.y AS y3_0_ FROM db_direct_int_entity dbdirectin0_
P6SPY_SQL: SELECT TABLE_NAME FROM INFORMATION_SCHEMA.TABLES  where TABLE_SCHEMA='PUBLIC'
P6SPY_SQL: SELECT SEQUENCE_NAME FROM INFORMATION_SCHEMA.SEQUENCES WHERE SEQUENCE_SCHEMA='PUBLIC'
P6SPY_SQL: select dbdirectin0_.id as id1_0_, dbdirectin0_.x as x2_0_, dbdirectin0_.y as y3_0_ from db_direct_int_entity dbdirectin0_ where dbdirectin0_.x=3 and dbdirectin0_.y=403
P6SPY_SQL: SELECT dbdirectin0_.id AS id1_0_, dbdirectin0_.x AS x2_0_, dbdirectin0_.y AS y3_0_ FROM db_direct_int_entity dbdirectin0_
P6SPY_SQL: SELECT TABLE_NAME FROM INFORMATION_SCHEMA.TABLES  where TABLE_SCHEMA='PUBLIC'
P6SPY_SQL: SELECT SEQUENCE_NAME FROM INFORMATION_SCHEMA.SEQUENCES WHERE SEQUENCE_SCHEMA='PUBLIC'
P6SPY_SQL: select dbdirectin0_.id as id1_0_, dbdirectin0_.x as x2_0_, dbdirectin0_.y as y3_0_ from db_direct_int_entity dbdirectin0_ where dbdirectin0_.x=3 and dbdirectin0_.y=403
P6SPY_SQL: SELECT dbdirectin0_.id AS id1_0_, dbdirectin0_.x AS x2_0_, dbdirectin0_.y AS y3_0_ FROM db_direct_int_entity dbdirectin0_
P6SPY_SQL: SELECT TABLE_NAME FROM INFORMATION_SCHEMA.TABLES  where TABLE_SCHEMA='PUBLIC'
P6SPY_SQL: SELECT SEQUENCE_NAME FROM INFORMATION_SCHEMA.SEQUENCES WHERE SEQUENCE_SCHEMA='PUBLIC'
P6SPY_SQL: select dbdirectin0_.id as id1_0_, dbdirectin0_.x as x2_0_, dbdirectin0_.y as y3_0_ from db_direct_int_entity dbdirectin0_ where dbdirectin0_.x=3 and dbdirectin0_.y=403
P6SPY_SQL: SELECT dbdirectin0_.id AS id1_0_, dbdirectin0_.x AS x2_0_, dbdirectin0_.y AS y3_0_ FROM db_direct_int_entity dbdirectin0_
P6SPY_SQL: SELECT TABLE_NAME FROM INFORMATION_SCHEMA.TABLES  where TABLE_SCHEMA='PUBLIC'
P6SPY_SQL: SELECT SEQUENCE_NAME FROM INFORMATION_SCHEMA.SEQUENCES WHERE SEQUENCE_SCHEMA='PUBLIC'
P6SPY_SQL: select dbdirectin0_.id as id1_0_, dbdirectin0_.x as x2_0_, dbdirectin0_.y as y3_0_ from db_direct_int_entity dbdirectin0_ where dbdirectin0_.x=3 and dbdirectin0_.y=403
P6SPY_SQL: SELECT dbdirectin0_.id AS id1_0_, dbdirectin0_.x AS x2_0_, dbdirectin0_.y AS y3_0_ FROM db_direct_int_entity dbdirectin0_
P6SPY_SQL: SELECT TABLE_NAME FROM INFORMATION_SCHEMA.TABLES  where TABLE_SCHEMA='PUBLIC'
P6SPY_SQL: SELECT SEQUENCE_NAME FROM INFORMATION_SCHEMA.SEQUENCES WHERE SEQUENCE_SCHEMA='PUBLIC'
P6SPY_SQL: select dbdirectin0_.id as id1_0_, dbdirectin0_.x as x2_0_, dbdirectin0_.y as y3_0_ from db_direct_int_entity dbdirectin0_ where dbdirectin0_.x=3 and dbdirectin0_.y=403
P6SPY_SQL: SELECT dbdirectin0_.id AS id1_0_, dbdirectin0_.x AS x2_0_, dbdirectin0_.y AS y3_0_ FROM db_direct_int_entity dbdirectin0_
P6SPY_SQL: SELECT TABLE_NAME FROM INFORMATION_SCHEMA.TABLES  where TABLE_SCHEMA='PUBLIC'
P6SPY_SQL: SELECT SEQUENCE_NAME FROM INFORMATION_SCHEMA.SEQUENCES WHERE SEQUENCE_SCHEMA='PUBLIC'
P6SPY_SQL: select dbdirectin0_.id as id1_0_, dbdirectin0_.x as x2_0_, dbdirectin0_.y as y3_0_ from db_direct_int_entity dbdirectin0_ where dbdirectin0_.x=3 and dbdirectin0_.y=403
P6SPY_SQL: SELECT dbdirectin0_.id AS id1_0_, dbdirectin0_.x AS x2_0_, dbdirectin0_.y AS y3_0_ FROM db_direct_int_entity dbdirectin0_
P6SPY_SQL: SELECT TABLE_NAME FROM INFORMATION_SCHEMA.TABLES  where TABLE_SCHEMA='PUBLIC'
P6SPY_SQL: SELECT SEQUENCE_NAME FROM INFORMATION_SCHEMA.SEQUENCES WHERE SEQUENCE_SCHEMA='PUBLIC'
P6SPY_SQL: select dbdirectin0_.id as id1_0_, dbdirectin0_.x as x2_0_, dbdirectin0_.y as y3_0_ from db_direct_int_entity dbdirectin0_ where dbdirectin0_.x=3 and dbdirectin0_.y=403
P6SPY_SQL: SELECT dbdirectin0_.id AS id1_0_, dbdirectin0_.x AS x2_0_, dbdirectin0_.y AS y3_0_ FROM db_direct_int_entity dbdirectin0_
P6SPY_SQL: SELECT TABLE_NAME FROM INFORMATION_SCHEMA.TABLES  where TABLE_SCHEMA='PUBLIC'
P6SPY_SQL: SELECT SEQUENCE_NAME FROM INFORMATION_SCHEMA.SEQUENCES WHERE SEQUENCE_SCHEMA='PUBLIC'
P6SPY_SQL: select dbdirectin0_.id as id1_0_, dbdirectin0_.x as x2_0_, dbdirectin0_.y as y3_0_ from db_direct_int_entity dbdirectin0_ where dbdirectin0_.x=3 and dbdirectin0_.y=403
P6SPY_SQL: SELECT dbdirectin0_.id AS id1_0_, dbdirectin0_.x AS x2_0_, dbdirectin0_.y AS y3_0_ FROM db_direct_int_entity dbdirectin0_
P6SPY_SQL: SELECT TABLE_NAME FROM INFORMATION_SCHEMA.TABLES  where TABLE_SCHEMA='PUBLIC'
P6SPY_SQL: SELECT SEQUENCE_NAME FROM INFORMATION_SCHEMA.SEQUENCES WHERE SEQUENCE_SCHEMA='PUBLIC'
P6SPY_SQL: select dbdirectin0_.id as id1_0_, dbdirectin0_.x as x2_0_, dbdirectin0_.y as y3_0_ from db_direct_int_entity dbdirectin0_ where dbdirectin0_.x=3 and dbdirectin0_.y=403
P6SPY_SQL: SELECT dbdirectin0_.id AS id1_0_, dbdirectin0_.x AS x2_0_, dbdirectin0_.y AS y3_0_ FROM db_direct_int_entity dbdirectin0_
&amp#27;[1A&amp#27;[2K* Consumed search budget: 65%
P6SPY_SQL: SELECT TABLE_NAME FROM INFORMATION_SCHEMA.TABLES  where TABLE_SCHEMA='PUBLIC'
P6SPY_SQL: SELECT SEQUENCE_NAME FROM INFORMATION_SCHEMA.SEQUENCES WHERE SEQUENCE_SCHEMA='PUBLIC'
P6SPY_SQL: select dbdirectin0_.id as id1_0_, dbdirectin0_.x as x2_0_, dbdirectin0_.y as y3_0_ from db_direct_int_entity dbdirectin0_ where dbdirectin0_.x=3 and dbdirectin0_.y=403
P6SPY_SQL: SELECT dbdirectin0_.id AS id1_0_, dbdirectin0_.x AS x2_0_, dbdirectin0_.y AS y3_0_ FROM db_direct_int_entity dbdirectin0_
P6SPY_SQL: SELECT TABLE_NAME FROM INFORMATION_SCHEMA.TABLES  where TABLE_SCHEMA='PUBLIC'
P6SPY_SQL: SELECT SEQUENCE_NAME FROM INFORMATION_SCHEMA.SEQUENCES WHERE SEQUENCE_SCHEMA='PUBLIC'
P6SPY_SQL: select dbdirectin0_.id as id1_0_, dbdirectin0_.x as x2_0_, dbdirectin0_.y as y3_0_ from db_direct_int_entity dbdirectin0_ where dbdirectin0_.x=3 and dbdirectin0_.y=403
P6SPY_SQL: SELECT dbdirectin0_.id AS id1_0_, dbdirectin0_.x AS x2_0_, dbdirectin0_.y AS y3_0_ FROM db_direct_int_entity dbdirectin0_
P6SPY_SQL: SELECT TABLE_NAME FROM INFORMATION_SCHEMA.TABLES  where TABLE_SCHEMA='PUBLIC'
P6SPY_SQL: SELECT SEQUENCE_NAME FROM INFORMATION_SCHEMA.SEQUENCES WHERE SEQUENCE_SCHEMA='PUBLIC'
P6SPY_SQL: select dbdirectin0_.id as id1_0_, dbdirectin0_.x as x2_0_, dbdirectin0_.y as y3_0_ from db_direct_int_entity dbdirectin0_ where dbdirectin0_.x=3 and dbdirectin0_.y=403
P6SPY_SQL: SELECT dbdirectin0_.id AS id1_0_, dbdirectin0_.x AS x2_0_, dbdirectin0_.y AS y3_0_ FROM db_direct_int_entity dbdirectin0_
P6SPY_SQL: SELECT TABLE_NAME FROM INFORMATION_SCHEMA.TABLES  where TABLE_SCHEMA='PUBLIC'
P6SPY_SQL: SELECT SEQUENCE_NAME FROM INFORMATION_SCHEMA.SEQUENCES WHERE SEQUENCE_SCHEMA='PUBLIC'
P6SPY_SQL: select dbdirectin0_.id as id1_0_, dbdirectin0_.x as x2_0_, dbdirectin0_.y as y3_0_ from db_direct_int_entity dbdirectin0_ where dbdirectin0_.x=3 and dbdirectin0_.y=403
P6SPY_SQL: SELECT dbdirectin0_.id AS id1_0_, dbdirectin0_.x AS x2_0_, dbdirectin0_.y AS y3_0_ FROM db_direct_int_entity dbdirectin0_
P6SPY_SQL: SELECT TABLE_NAME FROM INFORMATION_SCHEMA.TABLES  where TABLE_SCHEMA='PUBLIC'
P6SPY_SQL: SELECT SEQUENCE_NAME FROM INFORMATION_SCHEMA.SEQUENCES WHERE SEQUENCE_SCHEMA='PUBLIC'
P6SPY_SQL: select dbdirectin0_.id as id1_0_, dbdirectin0_.x as x2_0_, dbdirectin0_.y as y3_0_ from db_direct_int_entity dbdirectin0_ where dbdirectin0_.x=3 and dbdirectin0_.y=403
P6SPY_SQL: SELECT dbdirectin0_.id AS id1_0_, dbdirectin0_.x AS x2_0_, dbdirectin0_.y AS y3_0_ FROM db_direct_int_entity dbdirectin0_
P6SPY_SQL: SELECT TABLE_NAME FROM INFORMATION_SCHEMA.TABLES  where TABLE_SCHEMA='PUBLIC'
P6SPY_SQL: SELECT SEQUENCE_NAME FROM INFORMATION_SCHEMA.SEQUENCES WHERE SEQUENCE_SCHEMA='PUBLIC'
P6SPY_SQL: select dbdirectin0_.id as id1_0_, dbdirectin0_.x as x2_0_, dbdirectin0_.y as y3_0_ from db_direct_int_entity dbdirectin0_ where dbdirectin0_.x=3 and dbdirectin0_.y=403
P6SPY_SQL: SELECT dbdirectin0_.id AS id1_0_, dbdirectin0_.x AS x2_0_, dbdirectin0_.y AS y3_0_ FROM db_direct_int_entity dbdirectin0_
P6SPY_SQL: SELECT TABLE_NAME FROM INFORMATION_SCHEMA.TABLES  where TABLE_SCHEMA='PUBLIC'
P6SPY_SQL: SELECT SEQUENCE_NAME FROM INFORMATION_SCHEMA.SEQUENCES WHERE SEQUENCE_SCHEMA='PUBLIC'
P6SPY_SQL: select dbdirectin0_.id as id1_0_, dbdirectin0_.x as x2_0_, dbdirectin0_.y as y3_0_ from db_direct_int_entity dbdirectin0_ where dbdirectin0_.x=3 and dbdirectin0_.y=403
P6SPY_SQL: SELECT dbdirectin0_.id AS id1_0_, dbdirectin0_.x AS x2_0_, dbdirectin0_.y AS y3_0_ FROM db_direct_int_entity dbdirectin0_
P6SPY_SQL: SELECT TABLE_NAME FROM INFORMATION_SCHEMA.TABLES  where TABLE_SCHEMA='PUBLIC'
P6SPY_SQL: SELECT SEQUENCE_NAME FROM INFORMATION_SCHEMA.SEQUENCES WHERE SEQUENCE_SCHEMA='PUBLIC'
P6SPY_SQL: select dbdirectin0_.id as id1_0_, dbdirectin0_.x as x2_0_, dbdirectin0_.y as y3_0_ from db_direct_int_entity dbdirectin0_ where dbdirectin0_.x=3 and dbdirectin0_.y=403
P6SPY_SQL: SELECT dbdirectin0_.id AS id1_0_, dbdirectin0_.x AS x2_0_, dbdirectin0_.y AS y3_0_ FROM db_direct_int_entity dbdirectin0_
P6SPY_SQL: SELECT TABLE_NAME FROM INFORMATION_SCHEMA.TABLES  where TABLE_SCHEMA='PUBLIC'
P6SPY_SQL: SELECT SEQUENCE_NAME FROM INFORMATION_SCHEMA.SEQUENCES WHERE SEQUENCE_SCHEMA='PUBLIC'
P6SPY_SQL: select dbdirectin0_.id as id1_0_, dbdirectin0_.x as x2_0_, dbdirectin0_.y as y3_0_ from db_direct_int_entity dbdirectin0_ where dbdirectin0_.x=3 and dbdirectin0_.y=403
P6SPY_SQL: SELECT dbdirectin0_.id AS id1_0_, dbdirectin0_.x AS x2_0_, dbdirectin0_.y AS y3_0_ FROM db_direct_int_entity dbdirectin0_
P6SPY_SQL: SELECT TABLE_NAME FROM INFORMATION_SCHEMA.TABLES  where TABLE_SCHEMA='PUBLIC'
P6SPY_SQL: SELECT SEQUENCE_NAME FROM INFORMATION_SCHEMA.SEQUENCES WHERE SEQUENCE_SCHEMA='PUBLIC'
P6SPY_SQL: select dbdirectin0_.id as id1_0_, dbdirectin0_.x as x2_0_, dbdirectin0_.y as y3_0_ from db_direct_int_entity dbdirectin0_ where dbdirectin0_.x=3 and dbdirectin0_.y=403
P6SPY_SQL: SELECT dbdirectin0_.id AS id1_0_, dbdirectin0_.x AS x2_0_, dbdirectin0_.y AS y3_0_ FROM db_direct_int_entity dbdirectin0_
&amp#27;[1A&amp#27;[2K* Consumed search budget: 66%
P6SPY_SQL: SELECT TABLE_NAME FROM INFORMATION_SCHEMA.TABLES  where TABLE_SCHEMA='PUBLIC'
P6SPY_SQL: SELECT SEQUENCE_NAME FROM INFORMATION_SCHEMA.SEQUENCES WHERE SEQUENCE_SCHEMA='PUBLIC'
P6SPY_SQL: select dbdirectin0_.id as id1_0_, dbdirectin0_.x as x2_0_, dbdirectin0_.y as y3_0_ from db_direct_int_entity dbdirectin0_ where dbdirectin0_.x=3 and dbdirectin0_.y=403
P6SPY_SQL: SELECT dbdirectin0_.id AS id1_0_, dbdirectin0_.x AS x2_0_, dbdirectin0_.y AS y3_0_ FROM db_direct_int_entity dbdirectin0_
P6SPY_SQL: SELECT TABLE_NAME FROM INFORMATION_SCHEMA.TABLES  where TABLE_SCHEMA='PUBLIC'
P6SPY_SQL: SELECT SEQUENCE_NAME FROM INFORMATION_SCHEMA.SEQUENCES WHERE SEQUENCE_SCHEMA='PUBLIC'
P6SPY_SQL: select dbdirectin0_.id as id1_0_, dbdirectin0_.x as x2_0_, dbdirectin0_.y as y3_0_ from db_direct_int_entity dbdirectin0_ where dbdirectin0_.x=3 and dbdirectin0_.y=403
P6SPY_SQL: SELECT dbdirectin0_.id AS id1_0_, dbdirectin0_.x AS x2_0_, dbdirectin0_.y AS y3_0_ FROM db_direct_int_entity dbdirectin0_
P6SPY_SQL: SELECT TABLE_NAME FROM INFORMATION_SCHEMA.TABLES  where TABLE_SCHEMA='PUBLIC'
P6SPY_SQL: SELECT SEQUENCE_NAME FROM INFORMATION_SCHEMA.SEQUENCES WHERE SEQUENCE_SCHEMA='PUBLIC'
P6SPY_SQL: select dbdirectin0_.id as id1_0_, dbdirectin0_.x as x2_0_, dbdirectin0_.y as y3_0_ from db_direct_int_entity dbdirectin0_ where dbdirectin0_.x=3 and dbdirectin0_.y=403
P6SPY_SQL: SELECT dbdirectin0_.id AS id1_0_, dbdirectin0_.x AS x2_0_, dbdirectin0_.y AS y3_0_ FROM db_direct_int_entity dbdirectin0_
P6SPY_SQL: SELECT TABLE_NAME FROM INFORMATION_SCHEMA.TABLES  where TABLE_SCHEMA='PUBLIC'
P6SPY_SQL: SELECT SEQUENCE_NAME FROM INFORMATION_SCHEMA.SEQUENCES WHERE SEQUENCE_SCHEMA='PUBLIC'
P6SPY_SQL: select dbdirectin0_.id as id1_0_, dbdirectin0_.x as x2_0_, dbdirectin0_.y as y3_0_ from db_direct_int_entity dbdirectin0_ where dbdirectin0_.x=3 and dbdirectin0_.y=403
P6SPY_SQL: SELECT dbdirectin0_.id AS id1_0_, dbdirectin0_.x AS x2_0_, dbdirectin0_.y AS y3_0_ FROM db_direct_int_entity dbdirectin0_
P6SPY_SQL: SELECT TABLE_NAME FROM INFORMATION_SCHEMA.TABLES  where TABLE_SCHEMA='PUBLIC'
P6SPY_SQL: SELECT SEQUENCE_NAME FROM INFORMATION_SCHEMA.SEQUENCES WHERE SEQUENCE_SCHEMA='PUBLIC'
P6SPY_SQL: select dbdirectin0_.id as id1_0_, dbdirectin0_.x as x2_0_, dbdirectin0_.y as y3_0_ from db_direct_int_entity dbdirectin0_ where dbdirectin0_.x=3 and dbdirectin0_.y=403
P6SPY_SQL: SELECT dbdirectin0_.id AS id1_0_, dbdirectin0_.x AS x2_0_, dbdirectin0_.y AS y3_0_ FROM db_direct_int_entity dbdirectin0_
P6SPY_SQL: SELECT TABLE_NAME FROM INFORMATION_SCHEMA.TABLES  where TABLE_SCHEMA='PUBLIC'
P6SPY_SQL: SELECT SEQUENCE_NAME FROM INFORMATION_SCHEMA.SEQUENCES WHERE SEQUENCE_SCHEMA='PUBLIC'
P6SPY_SQL: select dbdirectin0_.id as id1_0_, dbdirectin0_.x as x2_0_, dbdirectin0_.y as y3_0_ from db_direct_int_entity dbdirectin0_ where dbdirectin0_.x=3 and dbdirectin0_.y=403
P6SPY_SQL: SELECT dbdirectin0_.id AS id1_0_, dbdirectin0_.x AS x2_0_, dbdirectin0_.y AS y3_0_ FROM db_direct_int_entity dbdirectin0_
P6SPY_SQL: SELECT TABLE_NAME FROM INFORMATION_SCHEMA.TABLES  where TABLE_SCHEMA='PUBLIC'
P6SPY_SQL: SELECT SEQUENCE_NAME FROM INFORMATION_SCHEMA.SEQUENCES WHERE SEQUENCE_SCHEMA='PUBLIC'
P6SPY_SQL: select dbdirectin0_.id as id1_0_, dbdirectin0_.x as x2_0_, dbdirectin0_.y as y3_0_ from db_direct_int_entity dbdirectin0_ where dbdirectin0_.x=3 and dbdirectin0_.y=403
P6SPY_SQL: SELECT dbdirectin0_.id AS id1_0_, dbdirectin0_.x AS x2_0_, dbdirectin0_.y AS y3_0_ FROM db_direct_int_entity dbdirectin0_
P6SPY_SQL: SELECT TABLE_NAME FROM INFORMATION_SCHEMA.TABLES  where TABLE_SCHEMA='PUBLIC'
P6SPY_SQL: SELECT SEQUENCE_NAME FROM INFORMATION_SCHEMA.SEQUENCES WHERE SEQUENCE_SCHEMA='PUBLIC'
P6SPY_SQL: select dbdirectin0_.id as id1_0_, dbdirectin0_.x as x2_0_, dbdirectin0_.y as y3_0_ from db_direct_int_entity dbdirectin0_ where dbdirectin0_.x=3 and dbdirectin0_.y=403
P6SPY_SQL: SELECT dbdirectin0_.id AS id1_0_, dbdirectin0_.x AS x2_0_, dbdirectin0_.y AS y3_0_ FROM db_direct_int_entity dbdirectin0_
P6SPY_SQL: SELECT TABLE_NAME FROM INFORMATION_SCHEMA.TABLES  where TABLE_SCHEMA='PUBLIC'
P6SPY_SQL: SELECT SEQUENCE_NAME FROM INFORMATION_SCHEMA.SEQUENCES WHERE SEQUENCE_SCHEMA='PUBLIC'
P6SPY_SQL: select dbdirectin0_.id as id1_0_, dbdirectin0_.x as x2_0_, dbdirectin0_.y as y3_0_ from db_direct_int_entity dbdirectin0_ where dbdirectin0_.x=3 and dbdirectin0_.y=403
P6SPY_SQL: SELECT dbdirectin0_.id AS id1_0_, dbdirectin0_.x AS x2_0_, dbdirectin0_.y AS y3_0_ FROM db_direct_int_entity dbdirectin0_
P6SPY_SQL: SELECT TABLE_NAME FROM INFORMATION_SCHEMA.TABLES  where TABLE_SCHEMA='PUBLIC'
P6SPY_SQL: SELECT SEQUENCE_NAME FROM INFORMATION_SCHEMA.SEQUENCES WHERE SEQUENCE_SCHEMA='PUBLIC'
P6SPY_SQL: select dbdirectin0_.id as id1_0_, dbdirectin0_.x as x2_0_, dbdirectin0_.y as y3_0_ from db_direct_int_entity dbdirectin0_ where dbdirectin0_.x=3 and dbdirectin0_.y=403
P6SPY_SQL: SELECT dbdirectin0_.id AS id1_0_, dbdirectin0_.x AS x2_0_, dbdirectin0_.y AS y3_0_ FROM db_direct_int_entity dbdirectin0_
&amp#27;[1A&amp#27;[2K* Consumed search budget: 67%
P6SPY_SQL: SELECT TABLE_NAME FROM INFORMATION_SCHEMA.TABLES  where TABLE_SCHEMA='PUBLIC'
P6SPY_SQL: SELECT SEQUENCE_NAME FROM INFORMATION_SCHEMA.SEQUENCES WHERE SEQUENCE_SCHEMA='PUBLIC'
P6SPY_SQL: select dbdirectin0_.id as id1_0_, dbdirectin0_.x as x2_0_, dbdirectin0_.y as y3_0_ from db_direct_int_entity dbdirectin0_ where dbdirectin0_.x=3 and dbdirectin0_.y=403
P6SPY_SQL: SELECT dbdirectin0_.id AS id1_0_, dbdirectin0_.x AS x2_0_, dbdirectin0_.y AS y3_0_ FROM db_direct_int_entity dbdirectin0_
P6SPY_SQL: SELECT TABLE_NAME FROM INFORMATION_SCHEMA.TABLES  where TABLE_SCHEMA='PUBLIC'
P6SPY_SQL: SELECT SEQUENCE_NAME FROM INFORMATION_SCHEMA.SEQUENCES WHERE SEQUENCE_SCHEMA='PUBLIC'
P6SPY_SQL: select dbdirectin0_.id as id1_0_, dbdirectin0_.x as x2_0_, dbdirectin0_.y as y3_0_ from db_direct_int_entity dbdirectin0_ where dbdirectin0_.x=3 and dbdirectin0_.y=403
P6SPY_SQL: SELECT dbdirectin0_.id AS id1_0_, dbdirectin0_.x AS x2_0_, dbdirectin0_.y AS y3_0_ FROM db_direct_int_entity dbdirectin0_
P6SPY_SQL: SELECT TABLE_NAME FROM INFORMATION_SCHEMA.TABLES  where TABLE_SCHEMA='PUBLIC'
P6SPY_SQL: SELECT SEQUENCE_NAME FROM INFORMATION_SCHEMA.SEQUENCES WHERE SEQUENCE_SCHEMA='PUBLIC'
P6SPY_SQL: select dbdirectin0_.id as id1_0_, dbdirectin0_.x as x2_0_, dbdirectin0_.y as y3_0_ from db_direct_int_entity dbdirectin0_ where dbdirectin0_.x=3 and dbdirectin0_.y=403
P6SPY_SQL: SELECT dbdirectin0_.id AS id1_0_, dbdirectin0_.x AS x2_0_, dbdirectin0_.y AS y3_0_ FROM db_direct_int_entity dbdirectin0_
P6SPY_SQL: SELECT TABLE_NAME FROM INFORMATION_SCHEMA.TABLES  where TABLE_SCHEMA='PUBLIC'
P6SPY_SQL: SELECT SEQUENCE_NAME FROM INFORMATION_SCHEMA.SEQUENCES WHERE SEQUENCE_SCHEMA='PUBLIC'
P6SPY_SQL: select dbdirectin0_.id as id1_0_, dbdirectin0_.x as x2_0_, dbdirectin0_.y as y3_0_ from db_direct_int_entity dbdirectin0_ where dbdirectin0_.x=3 and dbdirectin0_.y=403
P6SPY_SQL: SELECT dbdirectin0_.id AS id1_0_, dbdirectin0_.x AS x2_0_, dbdirectin0_.y AS y3_0_ FROM db_direct_int_entity dbdirectin0_
P6SPY_SQL: SELECT TABLE_NAME FROM INFORMATION_SCHEMA.TABLES  where TABLE_SCHEMA='PUBLIC'
P6SPY_SQL: SELECT SEQUENCE_NAME FROM INFORMATION_SCHEMA.SEQUENCES WHERE SEQUENCE_SCHEMA='PUBLIC'
P6SPY_SQL: select dbdirectin0_.id as id1_0_, dbdirectin0_.x as x2_0_, dbdirectin0_.y as y3_0_ from db_direct_int_entity dbdirectin0_ where dbdirectin0_.x=3 and dbdirectin0_.y=403
P6SPY_SQL: SELECT dbdirectin0_.id AS id1_0_, dbdirectin0_.x AS x2_0_, dbdirectin0_.y AS y3_0_ FROM db_direct_int_entity dbdirectin0_
P6SPY_SQL: SELECT TABLE_NAME FROM INFORMATION_SCHEMA.TABLES  where TABLE_SCHEMA='PUBLIC'
P6SPY_SQL: SELECT SEQUENCE_NAME FROM INFORMATION_SCHEMA.SEQUENCES WHERE SEQUENCE_SCHEMA='PUBLIC'
P6SPY_SQL: select dbdirectin0_.id as id1_0_, dbdirectin0_.x as x2_0_, dbdirectin0_.y as y3_0_ from db_direct_int_entity dbdirectin0_ where dbdirectin0_.x=3 and dbdirectin0_.y=403
P6SPY_SQL: SELECT dbdirectin0_.id AS id1_0_, dbdirectin0_.x AS x2_0_, dbdirectin0_.y AS y3_0_ FROM db_direct_int_entity dbdirectin0_
P6SPY_SQL: SELECT TABLE_NAME FROM INFORMATION_SCHEMA.TABLES  where TABLE_SCHEMA='PUBLIC'
P6SPY_SQL: SELECT SEQUENCE_NAME FROM INFORMATION_SCHEMA.SEQUENCES WHERE SEQUENCE_SCHEMA='PUBLIC'
P6SPY_SQL: select dbdirectin0_.id as id1_0_, dbdirectin0_.x as x2_0_, dbdirectin0_.y as y3_0_ from db_direct_int_entity dbdirectin0_ where dbdirectin0_.x=3 and dbdirectin0_.y=403
P6SPY_SQL: SELECT dbdirectin0_.id AS id1_0_, dbdirectin0_.x AS x2_0_, dbdirectin0_.y AS y3_0_ FROM db_direct_int_entity dbdirectin0_
P6SPY_SQL: SELECT TABLE_NAME FROM INFORMATION_SCHEMA.TABLES  where TABLE_SCHEMA='PUBLIC'
P6SPY_SQL: SELECT SEQUENCE_NAME FROM INFORMATION_SCHEMA.SEQUENCES WHERE SEQUENCE_SCHEMA='PUBLIC'
P6SPY_SQL: select dbdirectin0_.id as id1_0_, dbdirectin0_.x as x2_0_, dbdirectin0_.y as y3_0_ from db_direct_int_entity dbdirectin0_ where dbdirectin0_.x=3 and dbdirectin0_.y=403
P6SPY_SQL: SELECT dbdirectin0_.id AS id1_0_, dbdirectin0_.x AS x2_0_, dbdirectin0_.y AS y3_0_ FROM db_direct_int_entity dbdirectin0_
P6SPY_SQL: SELECT TABLE_NAME FROM INFORMATION_SCHEMA.TABLES  where TABLE_SCHEMA='PUBLIC'
P6SPY_SQL: SELECT SEQUENCE_NAME FROM INFORMATION_SCHEMA.SEQUENCES WHERE SEQUENCE_SCHEMA='PUBLIC'
P6SPY_SQL: select dbdirectin0_.id as id1_0_, dbdirectin0_.x as x2_0_, dbdirectin0_.y as y3_0_ from db_direct_int_entity dbdirectin0_ where dbdirectin0_.x=3 and dbdirectin0_.y=403
P6SPY_SQL: SELECT dbdirectin0_.id AS id1_0_, dbdirectin0_.x AS x2_0_, dbdirectin0_.y AS y3_0_ FROM db_direct_int_entity dbdirectin0_
P6SPY_SQL: SELECT TABLE_NAME FROM INFORMATION_SCHEMA.TABLES  where TABLE_SCHEMA='PUBLIC'
P6SPY_SQL: SELECT SEQUENCE_NAME FROM INFORMATION_SCHEMA.SEQUENCES WHERE SEQUENCE_SCHEMA='PUBLIC'
P6SPY_SQL: select dbdirectin0_.id as id1_0_, dbdirectin0_.x as x2_0_, dbdirectin0_.y as y3_0_ from db_direct_int_entity dbdirectin0_ where dbdirectin0_.x=3 and dbdirectin0_.y=403
P6SPY_SQL: SELECT dbdirectin0_.id AS id1_0_, dbdirectin0_.x AS x2_0_, dbdirectin0_.y AS y3_0_ FROM db_direct_int_entity dbdirectin0_
&amp#27;[1A&amp#27;[2K* Consumed search budget: 68%
P6SPY_SQL: SELECT TABLE_NAME FROM INFORMATION_SCHEMA.TABLES  where TABLE_SCHEMA='PUBLIC'
P6SPY_SQL: SELECT SEQUENCE_NAME FROM INFORMATION_SCHEMA.SEQUENCES WHERE SEQUENCE_SCHEMA='PUBLIC'
P6SPY_SQL: select dbdirectin0_.id as id1_0_, dbdirectin0_.x as x2_0_, dbdirectin0_.y as y3_0_ from db_direct_int_entity dbdirectin0_ where dbdirectin0_.x=3 and dbdirectin0_.y=403
P6SPY_SQL: SELECT dbdirectin0_.id AS id1_0_, dbdirectin0_.x AS x2_0_, dbdirectin0_.y AS y3_0_ FROM db_direct_int_entity dbdirectin0_
P6SPY_SQL: SELECT TABLE_NAME FROM INFORMATION_SCHEMA.TABLES  where TABLE_SCHEMA='PUBLIC'
P6SPY_SQL: SELECT SEQUENCE_NAME FROM INFORMATION_SCHEMA.SEQUENCES WHERE SEQUENCE_SCHEMA='PUBLIC'
P6SPY_SQL: select dbdirectin0_.id as id1_0_, dbdirectin0_.x as x2_0_, dbdirectin0_.y as y3_0_ from db_direct_int_entity dbdirectin0_ where dbdirectin0_.x=3 and dbdirectin0_.y=403
P6SPY_SQL: SELECT dbdirectin0_.id AS id1_0_, dbdirectin0_.x AS x2_0_, dbdirectin0_.y AS y3_0_ FROM db_direct_int_entity dbdirectin0_
P6SPY_SQL: SELECT TABLE_NAME FROM INFORMATION_SCHEMA.TABLES  where TABLE_SCHEMA='PUBLIC'
P6SPY_SQL: SELECT SEQUENCE_NAME FROM INFORMATION_SCHEMA.SEQUENCES WHERE SEQUENCE_SCHEMA='PUBLIC'
P6SPY_SQL: select dbdirectin0_.id as id1_0_, dbdirectin0_.x as x2_0_, dbdirectin0_.y as y3_0_ from db_direct_int_entity dbdirectin0_ where dbdirectin0_.x=3 and dbdirectin0_.y=403
P6SPY_SQL: SELECT dbdirectin0_.id AS id1_0_, dbdirectin0_.x AS x2_0_, dbdirectin0_.y AS y3_0_ FROM db_direct_int_entity dbdirectin0_
P6SPY_SQL: SELECT TABLE_NAME FROM INFORMATION_SCHEMA.TABLES  where TABLE_SCHEMA='PUBLIC'
P6SPY_SQL: SELECT SEQUENCE_NAME FROM INFORMATION_SCHEMA.SEQUENCES WHERE SEQUENCE_SCHEMA='PUBLIC'
P6SPY_SQL: select dbdirectin0_.id as id1_0_, dbdirectin0_.x as x2_0_, dbdirectin0_.y as y3_0_ from db_direct_int_entity dbdirectin0_ where dbdirectin0_.x=3 and dbdirectin0_.y=403
P6SPY_SQL: SELECT dbdirectin0_.id AS id1_0_, dbdirectin0_.x AS x2_0_, dbdirectin0_.y AS y3_0_ FROM db_direct_int_entity dbdirectin0_
P6SPY_SQL: SELECT TABLE_NAME FROM INFORMATION_SCHEMA.TABLES  where TABLE_SCHEMA='PUBLIC'
P6SPY_SQL: SELECT SEQUENCE_NAME FROM INFORMATION_SCHEMA.SEQUENCES WHERE SEQUENCE_SCHEMA='PUBLIC'
P6SPY_SQL: select dbdirectin0_.id as id1_0_, dbdirectin0_.x as x2_0_, dbdirectin0_.y as y3_0_ from db_direct_int_entity dbdirectin0_ where dbdirectin0_.x=3 and dbdirectin0_.y=403
P6SPY_SQL: SELECT dbdirectin0_.id AS id1_0_, dbdirectin0_.x AS x2_0_, dbdirectin0_.y AS y3_0_ FROM db_direct_int_entity dbdirectin0_
P6SPY_SQL: SELECT TABLE_NAME FROM INFORMATION_SCHEMA.TABLES  where TABLE_SCHEMA='PUBLIC'
P6SPY_SQL: SELECT SEQUENCE_NAME FROM INFORMATION_SCHEMA.SEQUENCES WHERE SEQUENCE_SCHEMA='PUBLIC'
P6SPY_SQL: select dbdirectin0_.id as id1_0_, dbdirectin0_.x as x2_0_, dbdirectin0_.y as y3_0_ from db_direct_int_entity dbdirectin0_ where dbdirectin0_.x=3 and dbdirectin0_.y=403
P6SPY_SQL: SELECT dbdirectin0_.id AS id1_0_, dbdirectin0_.x AS x2_0_, dbdirectin0_.y AS y3_0_ FROM db_direct_int_entity dbdirectin0_
P6SPY_SQL: SELECT TABLE_NAME FROM INFORMATION_SCHEMA.TABLES  where TABLE_SCHEMA='PUBLIC'
P6SPY_SQL: SELECT SEQUENCE_NAME FROM INFORMATION_SCHEMA.SEQUENCES WHERE SEQUENCE_SCHEMA='PUBLIC'
P6SPY_SQL: select dbdirectin0_.id as id1_0_, dbdirectin0_.x as x2_0_, dbdirectin0_.y as y3_0_ from db_direct_int_entity dbdirectin0_ where dbdirectin0_.x=3 and dbdirectin0_.y=403
P6SPY_SQL: SELECT dbdirectin0_.id AS id1_0_, dbdirectin0_.x AS x2_0_, dbdirectin0_.y AS y3_0_ FROM db_direct_int_entity dbdirectin0_
P6SPY_SQL: SELECT TABLE_NAME FROM INFORMATION_SCHEMA.TABLES  where TABLE_SCHEMA='PUBLIC'
P6SPY_SQL: SELECT SEQUENCE_NAME FROM INFORMATION_SCHEMA.SEQUENCES WHERE SEQUENCE_SCHEMA='PUBLIC'
P6SPY_SQL: select dbdirectin0_.id as id1_0_, dbdirectin0_.x as x2_0_, dbdirectin0_.y as y3_0_ from db_direct_int_entity dbdirectin0_ where dbdirectin0_.x=3 and dbdirectin0_.y=403
P6SPY_SQL: SELECT dbdirectin0_.id AS id1_0_, dbdirectin0_.x AS x2_0_, dbdirectin0_.y AS y3_0_ FROM db_direct_int_entity dbdirectin0_
P6SPY_SQL: SELECT TABLE_NAME FROM INFORMATION_SCHEMA.TABLES  where TABLE_SCHEMA='PUBLIC'
P6SPY_SQL: SELECT SEQUENCE_NAME FROM INFORMATION_SCHEMA.SEQUENCES WHERE SEQUENCE_SCHEMA='PUBLIC'
P6SPY_SQL: select dbdirectin0_.id as id1_0_, dbdirectin0_.x as x2_0_, dbdirectin0_.y as y3_0_ from db_direct_int_entity dbdirectin0_ where dbdirectin0_.x=3 and dbdirectin0_.y=403
P6SPY_SQL: SELECT dbdirectin0_.id AS id1_0_, dbdirectin0_.x AS x2_0_, dbdirectin0_.y AS y3_0_ FROM db_direct_int_entity dbdirectin0_
P6SPY_SQL: SELECT TABLE_NAME FROM INFORMATION_SCHEMA.TABLES  where TABLE_SCHEMA='PUBLIC'
P6SPY_SQL: SELECT SEQUENCE_NAME FROM INFORMATION_SCHEMA.SEQUENCES WHERE SEQUENCE_SCHEMA='PUBLIC'
P6SPY_SQL: select dbdirectin0_.id as id1_0_, dbdirectin0_.x as x2_0_, dbdirectin0_.y as y3_0_ from db_direct_int_entity dbdirectin0_ where dbdirectin0_.x=3 and dbdirectin0_.y=403
P6SPY_SQL: SELECT dbdirectin0_.id AS id1_0_, dbdirectin0_.x AS x2_0_, dbdirectin0_.y AS y3_0_ FROM db_direct_int_entity dbdirectin0_
&amp#27;[1A&amp#27;[2K* Consumed search budget: 69%
P6SPY_SQL: SELECT TABLE_NAME FROM INFORMATION_SCHEMA.TABLES  where TABLE_SCHEMA='PUBLIC'
P6SPY_SQL: SELECT SEQUENCE_NAME FROM INFORMATION_SCHEMA.SEQUENCES WHERE SEQUENCE_SCHEMA='PUBLIC'
P6SPY_SQL: select dbdirectin0_.id as id1_0_, dbdirectin0_.x as x2_0_, dbdirectin0_.y as y3_0_ from db_direct_int_entity dbdirectin0_ where dbdirectin0_.x=3 and dbdirectin0_.y=403
P6SPY_SQL: SELECT dbdirectin0_.id AS id1_0_, dbdirectin0_.x AS x2_0_, dbdirectin0_.y AS y3_0_ FROM db_direct_int_entity dbdirectin0_
P6SPY_SQL: SELECT TABLE_NAME FROM INFORMATION_SCHEMA.TABLES  where TABLE_SCHEMA='PUBLIC'
P6SPY_SQL: SELECT SEQUENCE_NAME FROM INFORMATION_SCHEMA.SEQUENCES WHERE SEQUENCE_SCHEMA='PUBLIC'
P6SPY_SQL: select dbdirectin0_.id as id1_0_, dbdirectin0_.x as x2_0_, dbdirectin0_.y as y3_0_ from db_direct_int_entity dbdirectin0_ where dbdirectin0_.x=3 and dbdirectin0_.y=403
P6SPY_SQL: SELECT dbdirectin0_.id AS id1_0_, dbdirectin0_.x AS x2_0_, dbdirectin0_.y AS y3_0_ FROM db_direct_int_entity dbdirectin0_
P6SPY_SQL: SELECT TABLE_NAME FROM INFORMATION_SCHEMA.TABLES  where TABLE_SCHEMA='PUBLIC'
P6SPY_SQL: SELECT SEQUENCE_NAME FROM INFORMATION_SCHEMA.SEQUENCES WHERE SEQUENCE_SCHEMA='PUBLIC'
P6SPY_SQL: select dbdirectin0_.id as id1_0_, dbdirectin0_.x as x2_0_, dbdirectin0_.y as y3_0_ from db_direct_int_entity dbdirectin0_ where dbdirectin0_.x=3 and dbdirectin0_.y=403
P6SPY_SQL: SELECT dbdirectin0_.id AS id1_0_, dbdirectin0_.x AS x2_0_, dbdirectin0_.y AS y3_0_ FROM db_direct_int_entity dbdirectin0_
P6SPY_SQL: SELECT TABLE_NAME FROM INFORMATION_SCHEMA.TABLES  where TABLE_SCHEMA='PUBLIC'
P6SPY_SQL: SELECT SEQUENCE_NAME FROM INFORMATION_SCHEMA.SEQUENCES WHERE SEQUENCE_SCHEMA='PUBLIC'
P6SPY_SQL: select dbdirectin0_.id as id1_0_, dbdirectin0_.x as x2_0_, dbdirectin0_.y as y3_0_ from db_direct_int_entity dbdirectin0_ where dbdirectin0_.x=3 and dbdirectin0_.y=403
P6SPY_SQL: SELECT dbdirectin0_.id AS id1_0_, dbdirectin0_.x AS x2_0_, dbdirectin0_.y AS y3_0_ FROM db_direct_int_entity dbdirectin0_
P6SPY_SQL: SELECT TABLE_NAME FROM INFORMATION_SCHEMA.TABLES  where TABLE_SCHEMA='PUBLIC'
P6SPY_SQL: SELECT SEQUENCE_NAME FROM INFORMATION_SCHEMA.SEQUENCES WHERE SEQUENCE_SCHEMA='PUBLIC'
P6SPY_SQL: select dbdirectin0_.id as id1_0_, dbdirectin0_.x as x2_0_, dbdirectin0_.y as y3_0_ from db_direct_int_entity dbdirectin0_ where dbdirectin0_.x=3 and dbdirectin0_.y=403
P6SPY_SQL: SELECT dbdirectin0_.id AS id1_0_, dbdirectin0_.x AS x2_0_, dbdirectin0_.y AS y3_0_ FROM db_direct_int_entity dbdirectin0_
P6SPY_SQL: SELECT TABLE_NAME FROM INFORMATION_SCHEMA.TABLES  where TABLE_SCHEMA='PUBLIC'
P6SPY_SQL: SELECT SEQUENCE_NAME FROM INFORMATION_SCHEMA.SEQUENCES WHERE SEQUENCE_SCHEMA='PUBLIC'
P6SPY_SQL: select dbdirectin0_.id as id1_0_, dbdirectin0_.x as x2_0_, dbdirectin0_.y as y3_0_ from db_direct_int_entity dbdirectin0_ where dbdirectin0_.x=3 and dbdirectin0_.y=403
P6SPY_SQL: SELECT dbdirectin0_.id AS id1_0_, dbdirectin0_.x AS x2_0_, dbdirectin0_.y AS y3_0_ FROM db_direct_int_entity dbdirectin0_
P6SPY_SQL: SELECT TABLE_NAME FROM INFORMATION_SCHEMA.TABLES  where TABLE_SCHEMA='PUBLIC'
P6SPY_SQL: SELECT SEQUENCE_NAME FROM INFORMATION_SCHEMA.SEQUENCES WHERE SEQUENCE_SCHEMA='PUBLIC'
P6SPY_SQL: select dbdirectin0_.id as id1_0_, dbdirectin0_.x as x2_0_, dbdirectin0_.y as y3_0_ from db_direct_int_entity dbdirectin0_ where dbdirectin0_.x=3 and dbdirectin0_.y=403
P6SPY_SQL: SELECT dbdirectin0_.id AS id1_0_, dbdirectin0_.x AS x2_0_, dbdirectin0_.y AS y3_0_ FROM db_direct_int_entity dbdirectin0_
P6SPY_SQL: SELECT TABLE_NAME FROM INFORMATION_SCHEMA.TABLES  where TABLE_SCHEMA='PUBLIC'
P6SPY_SQL: SELECT SEQUENCE_NAME FROM INFORMATION_SCHEMA.SEQUENCES WHERE SEQUENCE_SCHEMA='PUBLIC'
P6SPY_SQL: select dbdirectin0_.id as id1_0_, dbdirectin0_.x as x2_0_, dbdirectin0_.y as y3_0_ from db_direct_int_entity dbdirectin0_ where dbdirectin0_.x=3 and dbdirectin0_.y=403
P6SPY_SQL: SELECT dbdirectin0_.id AS id1_0_, dbdirectin0_.x AS x2_0_, dbdirectin0_.y AS y3_0_ FROM db_direct_int_entity dbdirectin0_
P6SPY_SQL: SELECT TABLE_NAME FROM INFORMATION_SCHEMA.TABLES  where TABLE_SCHEMA='PUBLIC'
P6SPY_SQL: SELECT SEQUENCE_NAME FROM INFORMATION_SCHEMA.SEQUENCES WHERE SEQUENCE_SCHEMA='PUBLIC'
P6SPY_SQL: select dbdirectin0_.id as id1_0_, dbdirectin0_.x as x2_0_, dbdirectin0_.y as y3_0_ from db_direct_int_entity dbdirectin0_ where dbdirectin0_.x=3 and dbdirectin0_.y=403
P6SPY_SQL: SELECT dbdirectin0_.id AS id1_0_, dbdirectin0_.x AS x2_0_, dbdirectin0_.y AS y3_0_ FROM db_direct_int_entity dbdirectin0_
P6SPY_SQL: SELECT TABLE_NAME FROM INFORMATION_SCHEMA.TABLES  where TABLE_SCHEMA='PUBLIC'
P6SPY_SQL: SELECT SEQUENCE_NAME FROM INFORMATION_SCHEMA.SEQUENCES WHERE SEQUENCE_SCHEMA='PUBLIC'
P6SPY_SQL: select dbdirectin0_.id as id1_0_, dbdirectin0_.x as x2_0_, dbdirectin0_.y as y3_0_ from db_direct_int_entity dbdirectin0_ where dbdirectin0_.x=3 and dbdirectin0_.y=403
P6SPY_SQL: SELECT dbdirectin0_.id AS id1_0_, dbdirectin0_.x AS x2_0_, dbdirectin0_.y AS y3_0_ FROM db_direct_int_entity dbdirectin0_
&amp#27;[1A&amp#27;[2K* Consumed search budget: 70%
P6SPY_SQL: SELECT TABLE_NAME FROM INFORMATION_SCHEMA.TABLES  where TABLE_SCHEMA='PUBLIC'
P6SPY_SQL: SELECT SEQUENCE_NAME FROM INFORMATION_SCHEMA.SEQUENCES WHERE SEQUENCE_SCHEMA='PUBLIC'
P6SPY_SQL: select dbdirectin0_.id as id1_0_, dbdirectin0_.x as x2_0_, dbdirectin0_.y as y3_0_ from db_direct_int_entity dbdirectin0_ where dbdirectin0_.x=3 and dbdirectin0_.y=403
P6SPY_SQL: SELECT dbdirectin0_.id AS id1_0_, dbdirectin0_.x AS x2_0_, dbdirectin0_.y AS y3_0_ FROM db_direct_int_entity dbdirectin0_
P6SPY_SQL: SELECT TABLE_NAME FROM INFORMATION_SCHEMA.TABLES  where TABLE_SCHEMA='PUBLIC'
P6SPY_SQL: SELECT SEQUENCE_NAME FROM INFORMATION_SCHEMA.SEQUENCES WHERE SEQUENCE_SCHEMA='PUBLIC'
P6SPY_SQL: select dbdirectin0_.id as id1_0_, dbdirectin0_.x as x2_0_, dbdirectin0_.y as y3_0_ from db_direct_int_entity dbdirectin0_ where dbdirectin0_.x=3 and dbdirectin0_.y=403
P6SPY_SQL: SELECT dbdirectin0_.id AS id1_0_, dbdirectin0_.x AS x2_0_, dbdirectin0_.y AS y3_0_ FROM db_direct_int_entity dbdirectin0_
P6SPY_SQL: SELECT TABLE_NAME FROM INFORMATION_SCHEMA.TABLES  where TABLE_SCHEMA='PUBLIC'
P6SPY_SQL: SELECT SEQUENCE_NAME FROM INFORMATION_SCHEMA.SEQUENCES WHERE SEQUENCE_SCHEMA='PUBLIC'
P6SPY_SQL: select dbdirectin0_.id as id1_0_, dbdirectin0_.x as x2_0_, dbdirectin0_.y as y3_0_ from db_direct_int_entity dbdirectin0_ where dbdirectin0_.x=3 and dbdirectin0_.y=403
P6SPY_SQL: SELECT dbdirectin0_.id AS id1_0_, dbdirectin0_.x AS x2_0_, dbdirectin0_.y AS y3_0_ FROM db_direct_int_entity dbdirectin0_
P6SPY_SQL: SELECT TABLE_NAME FROM INFORMATION_SCHEMA.TABLES  where TABLE_SCHEMA='PUBLIC'
P6SPY_SQL: SELECT SEQUENCE_NAME FROM INFORMATION_SCHEMA.SEQUENCES WHERE SEQUENCE_SCHEMA='PUBLIC'
P6SPY_SQL: select dbdirectin0_.id as id1_0_, dbdirectin0_.x as x2_0_, dbdirectin0_.y as y3_0_ from db_direct_int_entity dbdirectin0_ where dbdirectin0_.x=3 and dbdirectin0_.y=403
P6SPY_SQL: SELECT dbdirectin0_.id AS id1_0_, dbdirectin0_.x AS x2_0_, dbdirectin0_.y AS y3_0_ FROM db_direct_int_entity dbdirectin0_
P6SPY_SQL: SELECT TABLE_NAME FROM INFORMATION_SCHEMA.TABLES  where TABLE_SCHEMA='PUBLIC'
P6SPY_SQL: SELECT SEQUENCE_NAME FROM INFORMATION_SCHEMA.SEQUENCES WHERE SEQUENCE_SCHEMA='PUBLIC'
P6SPY_SQL: select dbdirectin0_.id as id1_0_, dbdirectin0_.x as x2_0_, dbdirectin0_.y as y3_0_ from db_direct_int_entity dbdirectin0_ where dbdirectin0_.x=3 and dbdirectin0_.y=403
P6SPY_SQL: SELECT dbdirectin0_.id AS id1_0_, dbdirectin0_.x AS x2_0_, dbdirectin0_.y AS y3_0_ FROM db_direct_int_entity dbdirectin0_
P6SPY_SQL: SELECT TABLE_NAME FROM INFORMATION_SCHEMA.TABLES  where TABLE_SCHEMA='PUBLIC'
P6SPY_SQL: SELECT SEQUENCE_NAME FROM INFORMATION_SCHEMA.SEQUENCES WHERE SEQUENCE_SCHEMA='PUBLIC'
P6SPY_SQL: select dbdirectin0_.id as id1_0_, dbdirectin0_.x as x2_0_, dbdirectin0_.y as y3_0_ from db_direct_int_entity dbdirectin0_ where dbdirectin0_.x=3 and dbdirectin0_.y=403
P6SPY_SQL: SELECT dbdirectin0_.id AS id1_0_, dbdirectin0_.x AS x2_0_, dbdirectin0_.y AS y3_0_ FROM db_direct_int_entity dbdirectin0_
P6SPY_SQL: SELECT TABLE_NAME FROM INFORMATION_SCHEMA.TABLES  where TABLE_SCHEMA='PUBLIC'
P6SPY_SQL: SELECT SEQUENCE_NAME FROM INFORMATION_SCHEMA.SEQUENCES WHERE SEQUENCE_SCHEMA='PUBLIC'
P6SPY_SQL: select dbdirectin0_.id as id1_0_, dbdirectin0_.x as x2_0_, dbdirectin0_.y as y3_0_ from db_direct_int_entity dbdirectin0_ where dbdirectin0_.x=3 and dbdirectin0_.y=403
P6SPY_SQL: SELECT dbdirectin0_.id AS id1_0_, dbdirectin0_.x AS x2_0_, dbdirectin0_.y AS y3_0_ FROM db_direct_int_entity dbdirectin0_
P6SPY_SQL: SELECT TABLE_NAME FROM INFORMATION_SCHEMA.TABLES  where TABLE_SCHEMA='PUBLIC'
P6SPY_SQL: SELECT SEQUENCE_NAME FROM INFORMATION_SCHEMA.SEQUENCES WHERE SEQUENCE_SCHEMA='PUBLIC'
P6SPY_SQL: select dbdirectin0_.id as id1_0_, dbdirectin0_.x as x2_0_, dbdirectin0_.y as y3_0_ from db_direct_int_entity dbdirectin0_ where dbdirectin0_.x=3 and dbdirectin0_.y=403
P6SPY_SQL: SELECT dbdirectin0_.id AS id1_0_, dbdirectin0_.x AS x2_0_, dbdirectin0_.y AS y3_0_ FROM db_direct_int_entity dbdirectin0_
P6SPY_SQL: SELECT TABLE_NAME FROM INFORMATION_SCHEMA.TABLES  where TABLE_SCHEMA='PUBLIC'
P6SPY_SQL: SELECT SEQUENCE_NAME FROM INFORMATION_SCHEMA.SEQUENCES WHERE SEQUENCE_SCHEMA='PUBLIC'
P6SPY_SQL: select dbdirectin0_.id as id1_0_, dbdirectin0_.x as x2_0_, dbdirectin0_.y as y3_0_ from db_direct_int_entity dbdirectin0_ where dbdirectin0_.x=3 and dbdirectin0_.y=403
P6SPY_SQL: SELECT dbdirectin0_.id AS id1_0_, dbdirectin0_.x AS x2_0_, dbdirectin0_.y AS y3_0_ FROM db_direct_int_entity dbdirectin0_
P6SPY_SQL: SELECT TABLE_NAME FROM INFORMATION_SCHEMA.TABLES  where TABLE_SCHEMA='PUBLIC'
P6SPY_SQL: SELECT SEQUENCE_NAME FROM INFORMATION_SCHEMA.SEQUENCES WHERE SEQUENCE_SCHEMA='PUBLIC'
P6SPY_SQL: select dbdirectin0_.id as id1_0_, dbdirectin0_.x as x2_0_, dbdirectin0_.y as y3_0_ from db_direct_int_entity dbdirectin0_ where dbdirectin0_.x=3 and dbdirectin0_.y=403
P6SPY_SQL: SELECT dbdirectin0_.id AS id1_0_, dbdirectin0_.x AS x2_0_, dbdirectin0_.y AS y3_0_ FROM db_direct_int_entity dbdirectin0_
&amp#27;[1A&amp#27;[2K* Consumed search budget: 71%
P6SPY_SQL: SELECT TABLE_NAME FROM INFORMATION_SCHEMA.TABLES  where TABLE_SCHEMA='PUBLIC'
P6SPY_SQL: SELECT SEQUENCE_NAME FROM INFORMATION_SCHEMA.SEQUENCES WHERE SEQUENCE_SCHEMA='PUBLIC'
P6SPY_SQL: select dbdirectin0_.id as id1_0_, dbdirectin0_.x as x2_0_, dbdirectin0_.y as y3_0_ from db_direct_int_entity dbdirectin0_ where dbdirectin0_.x=3 and dbdirectin0_.y=403
P6SPY_SQL: SELECT dbdirectin0_.id AS id1_0_, dbdirectin0_.x AS x2_0_, dbdirectin0_.y AS y3_0_ FROM db_direct_int_entity dbdirectin0_
P6SPY_SQL: SELECT TABLE_NAME FROM INFORMATION_SCHEMA.TABLES  where TABLE_SCHEMA='PUBLIC'
P6SPY_SQL: SELECT SEQUENCE_NAME FROM INFORMATION_SCHEMA.SEQUENCES WHERE SEQUENCE_SCHEMA='PUBLIC'
P6SPY_SQL: select dbdirectin0_.id as id1_0_, dbdirectin0_.x as x2_0_, dbdirectin0_.y as y3_0_ from db_direct_int_entity dbdirectin0_ where dbdirectin0_.x=3 and dbdirectin0_.y=403
P6SPY_SQL: SELECT dbdirectin0_.id AS id1_0_, dbdirectin0_.x AS x2_0_, dbdirectin0_.y AS y3_0_ FROM db_direct_int_entity dbdirectin0_
P6SPY_SQL: SELECT TABLE_NAME FROM INFORMATION_SCHEMA.TABLES  where TABLE_SCHEMA='PUBLIC'
P6SPY_SQL: SELECT SEQUENCE_NAME FROM INFORMATION_SCHEMA.SEQUENCES WHERE SEQUENCE_SCHEMA='PUBLIC'
P6SPY_SQL: select dbdirectin0_.id as id1_0_, dbdirectin0_.x as x2_0_, dbdirectin0_.y as y3_0_ from db_direct_int_entity dbdirectin0_ where dbdirectin0_.x=3 and dbdirectin0_.y=403
P6SPY_SQL: SELECT dbdirectin0_.id AS id1_0_, dbdirectin0_.x AS x2_0_, dbdirectin0_.y AS y3_0_ FROM db_direct_int_entity dbdirectin0_
P6SPY_SQL: SELECT TABLE_NAME FROM INFORMATION_SCHEMA.TABLES  where TABLE_SCHEMA='PUBLIC'
P6SPY_SQL: SELECT SEQUENCE_NAME FROM INFORMATION_SCHEMA.SEQUENCES WHERE SEQUENCE_SCHEMA='PUBLIC'
P6SPY_SQL: select dbdirectin0_.id as id1_0_, dbdirectin0_.x as x2_0_, dbdirectin0_.y as y3_0_ from db_direct_int_entity dbdirectin0_ where dbdirectin0_.x=3 and dbdirectin0_.y=403
P6SPY_SQL: SELECT dbdirectin0_.id AS id1_0_, dbdirectin0_.x AS x2_0_, dbdirectin0_.y AS y3_0_ FROM db_direct_int_entity dbdirectin0_
P6SPY_SQL: SELECT TABLE_NAME FROM INFORMATION_SCHEMA.TABLES  where TABLE_SCHEMA='PUBLIC'
P6SPY_SQL: SELECT SEQUENCE_NAME FROM INFORMATION_SCHEMA.SEQUENCES WHERE SEQUENCE_SCHEMA='PUBLIC'
P6SPY_SQL: select dbdirectin0_.id as id1_0_, dbdirectin0_.x as x2_0_, dbdirectin0_.y as y3_0_ from db_direct_int_entity dbdirectin0_ where dbdirectin0_.x=3 and dbdirectin0_.y=403
P6SPY_SQL: SELECT dbdirectin0_.id AS id1_0_, dbdirectin0_.x AS x2_0_, dbdirectin0_.y AS y3_0_ FROM db_direct_int_entity dbdirectin0_
P6SPY_SQL: SELECT TABLE_NAME FROM INFORMATION_SCHEMA.TABLES  where TABLE_SCHEMA='PUBLIC'
P6SPY_SQL: SELECT SEQUENCE_NAME FROM INFORMATION_SCHEMA.SEQUENCES WHERE SEQUENCE_SCHEMA='PUBLIC'
P6SPY_SQL: select dbdirectin0_.id as id1_0_, dbdirectin0_.x as x2_0_, dbdirectin0_.y as y3_0_ from db_direct_int_entity dbdirectin0_ where dbdirectin0_.x=3 and dbdirectin0_.y=403
P6SPY_SQL: SELECT dbdirectin0_.id AS id1_0_, dbdirectin0_.x AS x2_0_, dbdirectin0_.y AS y3_0_ FROM db_direct_int_entity dbdirectin0_
P6SPY_SQL: SELECT TABLE_NAME FROM INFORMATION_SCHEMA.TABLES  where TABLE_SCHEMA='PUBLIC'
P6SPY_SQL: SELECT SEQUENCE_NAME FROM INFORMATION_SCHEMA.SEQUENCES WHERE SEQUENCE_SCHEMA='PUBLIC'
P6SPY_SQL: select dbdirectin0_.id as id1_0_, dbdirectin0_.x as x2_0_, dbdirectin0_.y as y3_0_ from db_direct_int_entity dbdirectin0_ where dbdirectin0_.x=3 and dbdirectin0_.y=403
P6SPY_SQL: SELECT dbdirectin0_.id AS id1_0_, dbdirectin0_.x AS x2_0_, dbdirectin0_.y AS y3_0_ FROM db_direct_int_entity dbdirectin0_
P6SPY_SQL: SELECT TABLE_NAME FROM INFORMATION_SCHEMA.TABLES  where TABLE_SCHEMA='PUBLIC'
P6SPY_SQL: SELECT SEQUENCE_NAME FROM INFORMATION_SCHEMA.SEQUENCES WHERE SEQUENCE_SCHEMA='PUBLIC'
P6SPY_SQL: select dbdirectin0_.id as id1_0_, dbdirectin0_.x as x2_0_, dbdirectin0_.y as y3_0_ from db_direct_int_entity dbdirectin0_ where dbdirectin0_.x=3 and dbdirectin0_.y=403
P6SPY_SQL: SELECT dbdirectin0_.id AS id1_0_, dbdirectin0_.x AS x2_0_, dbdirectin0_.y AS y3_0_ FROM db_direct_int_entity dbdirectin0_
P6SPY_SQL: SELECT TABLE_NAME FROM INFORMATION_SCHEMA.TABLES  where TABLE_SCHEMA='PUBLIC'
P6SPY_SQL: SELECT SEQUENCE_NAME FROM INFORMATION_SCHEMA.SEQUENCES WHERE SEQUENCE_SCHEMA='PUBLIC'
P6SPY_SQL: select dbdirectin0_.id as id1_0_, dbdirectin0_.x as x2_0_, dbdirectin0_.y as y3_0_ from db_direct_int_entity dbdirectin0_ where dbdirectin0_.x=3 and dbdirectin0_.y=403
P6SPY_SQL: SELECT dbdirectin0_.id AS id1_0_, dbdirectin0_.x AS x2_0_, dbdirectin0_.y AS y3_0_ FROM db_direct_int_entity dbdirectin0_
P6SPY_SQL: SELECT TABLE_NAME FROM INFORMATION_SCHEMA.TABLES  where TABLE_SCHEMA='PUBLIC'
P6SPY_SQL: SELECT SEQUENCE_NAME FROM INFORMATION_SCHEMA.SEQUENCES WHERE SEQUENCE_SCHEMA='PUBLIC'
P6SPY_SQL: select dbdirectin0_.id as id1_0_, dbdirectin0_.x as x2_0_, dbdirectin0_.y as y3_0_ from db_direct_int_entity dbdirectin0_ where dbdirectin0_.x=3 and dbdirectin0_.y=403
P6SPY_SQL: SELECT dbdirectin0_.id AS id1_0_, dbdirectin0_.x AS x2_0_, dbdirectin0_.y AS y3_0_ FROM db_direct_int_entity dbdirectin0_
&amp#27;[1A&amp#27;[2K* Consumed search budget: 72%
P6SPY_SQL: SELECT TABLE_NAME FROM INFORMATION_SCHEMA.TABLES  where TABLE_SCHEMA='PUBLIC'
P6SPY_SQL: SELECT SEQUENCE_NAME FROM INFORMATION_SCHEMA.SEQUENCES WHERE SEQUENCE_SCHEMA='PUBLIC'
P6SPY_SQL: select dbdirectin0_.id as id1_0_, dbdirectin0_.x as x2_0_, dbdirectin0_.y as y3_0_ from db_direct_int_entity dbdirectin0_ where dbdirectin0_.x=3 and dbdirectin0_.y=403
P6SPY_SQL: SELECT dbdirectin0_.id AS id1_0_, dbdirectin0_.x AS x2_0_, dbdirectin0_.y AS y3_0_ FROM db_direct_int_entity dbdirectin0_
P6SPY_SQL: SELECT TABLE_NAME FROM INFORMATION_SCHEMA.TABLES  where TABLE_SCHEMA='PUBLIC'
P6SPY_SQL: SELECT SEQUENCE_NAME FROM INFORMATION_SCHEMA.SEQUENCES WHERE SEQUENCE_SCHEMA='PUBLIC'
P6SPY_SQL: select dbdirectin0_.id as id1_0_, dbdirectin0_.x as x2_0_, dbdirectin0_.y as y3_0_ from db_direct_int_entity dbdirectin0_ where dbdirectin0_.x=3 and dbdirectin0_.y=403
P6SPY_SQL: SELECT dbdirectin0_.id AS id1_0_, dbdirectin0_.x AS x2_0_, dbdirectin0_.y AS y3_0_ FROM db_direct_int_entity dbdirectin0_
P6SPY_SQL: SELECT TABLE_NAME FROM INFORMATION_SCHEMA.TABLES  where TABLE_SCHEMA='PUBLIC'
P6SPY_SQL: SELECT SEQUENCE_NAME FROM INFORMATION_SCHEMA.SEQUENCES WHERE SEQUENCE_SCHEMA='PUBLIC'
P6SPY_SQL: select dbdirectin0_.id as id1_0_, dbdirectin0_.x as x2_0_, dbdirectin0_.y as y3_0_ from db_direct_int_entity dbdirectin0_ where dbdirectin0_.x=3 and dbdirectin0_.y=403
P6SPY_SQL: SELECT dbdirectin0_.id AS id1_0_, dbdirectin0_.x AS x2_0_, dbdirectin0_.y AS y3_0_ FROM db_direct_int_entity dbdirectin0_
P6SPY_SQL: SELECT TABLE_NAME FROM INFORMATION_SCHEMA.TABLES  where TABLE_SCHEMA='PUBLIC'
P6SPY_SQL: SELECT SEQUENCE_NAME FROM INFORMATION_SCHEMA.SEQUENCES WHERE SEQUENCE_SCHEMA='PUBLIC'
P6SPY_SQL: select dbdirectin0_.id as id1_0_, dbdirectin0_.x as x2_0_, dbdirectin0_.y as y3_0_ from db_direct_int_entity dbdirectin0_ where dbdirectin0_.x=3 and dbdirectin0_.y=403
P6SPY_SQL: SELECT dbdirectin0_.id AS id1_0_, dbdirectin0_.x AS x2_0_, dbdirectin0_.y AS y3_0_ FROM db_direct_int_entity dbdirectin0_
P6SPY_SQL: SELECT TABLE_NAME FROM INFORMATION_SCHEMA.TABLES  where TABLE_SCHEMA='PUBLIC'
P6SPY_SQL: SELECT SEQUENCE_NAME FROM INFORMATION_SCHEMA.SEQUENCES WHERE SEQUENCE_SCHEMA='PUBLIC'
P6SPY_SQL: select dbdirectin0_.id as id1_0_, dbdirectin0_.x as x2_0_, dbdirectin0_.y as y3_0_ from db_direct_int_entity dbdirectin0_ where dbdirectin0_.x=3 and dbdirectin0_.y=403
P6SPY_SQL: SELECT dbdirectin0_.id AS id1_0_, dbdirectin0_.x AS x2_0_, dbdirectin0_.y AS y3_0_ FROM db_direct_int_entity dbdirectin0_
P6SPY_SQL: SELECT TABLE_NAME FROM INFORMATION_SCHEMA.TABLES  where TABLE_SCHEMA='PUBLIC'
P6SPY_SQL: SELECT SEQUENCE_NAME FROM INFORMATION_SCHEMA.SEQUENCES WHERE SEQUENCE_SCHEMA='PUBLIC'
P6SPY_SQL: select dbdirectin0_.id as id1_0_, dbdirectin0_.x as x2_0_, dbdirectin0_.y as y3_0_ from db_direct_int_entity dbdirectin0_ where dbdirectin0_.x=3 and dbdirectin0_.y=403
P6SPY_SQL: SELECT dbdirectin0_.id AS id1_0_, dbdirectin0_.x AS x2_0_, dbdirectin0_.y AS y3_0_ FROM db_direct_int_entity dbdirectin0_
P6SPY_SQL: SELECT TABLE_NAME FROM INFORMATION_SCHEMA.TABLES  where TABLE_SCHEMA='PUBLIC'
P6SPY_SQL: SELECT SEQUENCE_NAME FROM INFORMATION_SCHEMA.SEQUENCES WHERE SEQUENCE_SCHEMA='PUBLIC'
P6SPY_SQL: select dbdirectin0_.id as id1_0_, dbdirectin0_.x as x2_0_, dbdirectin0_.y as y3_0_ from db_direct_int_entity dbdirectin0_ where dbdirectin0_.x=3 and dbdirectin0_.y=403
P6SPY_SQL: SELECT dbdirectin0_.id AS id1_0_, dbdirectin0_.x AS x2_0_, dbdirectin0_.y AS y3_0_ FROM db_direct_int_entity dbdirectin0_
P6SPY_SQL: SELECT TABLE_NAME FROM INFORMATION_SCHEMA.TABLES  where TABLE_SCHEMA='PUBLIC'
P6SPY_SQL: SELECT SEQUENCE_NAME FROM INFORMATION_SCHEMA.SEQUENCES WHERE SEQUENCE_SCHEMA='PUBLIC'
P6SPY_SQL: select dbdirectin0_.id as id1_0_, dbdirectin0_.x as x2_0_, dbdirectin0_.y as y3_0_ from db_direct_int_entity dbdirectin0_ where dbdirectin0_.x=3 and dbdirectin0_.y=403
P6SPY_SQL: SELECT dbdirectin0_.id AS id1_0_, dbdirectin0_.x AS x2_0_, dbdirectin0_.y AS y3_0_ FROM db_direct_int_entity dbdirectin0_
P6SPY_SQL: SELECT TABLE_NAME FROM INFORMATION_SCHEMA.TABLES  where TABLE_SCHEMA='PUBLIC'
P6SPY_SQL: SELECT SEQUENCE_NAME FROM INFORMATION_SCHEMA.SEQUENCES WHERE SEQUENCE_SCHEMA='PUBLIC'
P6SPY_SQL: select dbdirectin0_.id as id1_0_, dbdirectin0_.x as x2_0_, dbdirectin0_.y as y3_0_ from db_direct_int_entity dbdirectin0_ where dbdirectin0_.x=3 and dbdirectin0_.y=403
P6SPY_SQL: SELECT dbdirectin0_.id AS id1_0_, dbdirectin0_.x AS x2_0_, dbdirectin0_.y AS y3_0_ FROM db_direct_int_entity dbdirectin0_
P6SPY_SQL: SELECT TABLE_NAME FROM INFORMATION_SCHEMA.TABLES  where TABLE_SCHEMA='PUBLIC'
P6SPY_SQL: SELECT SEQUENCE_NAME FROM INFORMATION_SCHEMA.SEQUENCES WHERE SEQUENCE_SCHEMA='PUBLIC'
P6SPY_SQL: select dbdirectin0_.id as id1_0_, dbdirectin0_.x as x2_0_, dbdirectin0_.y as y3_0_ from db_direct_int_entity dbdirectin0_ where dbdirectin0_.x=3 and dbdirectin0_.y=403
P6SPY_SQL: SELECT dbdirectin0_.id AS id1_0_, dbdirectin0_.x AS x2_0_, dbdirectin0_.y AS y3_0_ FROM db_direct_int_entity dbdirectin0_
&amp#27;[1A&amp#27;[2K* Consumed search budget: 73%
P6SPY_SQL: SELECT TABLE_NAME FROM INFORMATION_SCHEMA.TABLES  where TABLE_SCHEMA='PUBLIC'
P6SPY_SQL: SELECT SEQUENCE_NAME FROM INFORMATION_SCHEMA.SEQUENCES WHERE SEQUENCE_SCHEMA='PUBLIC'
P6SPY_SQL: select dbdirectin0_.id as id1_0_, dbdirectin0_.x as x2_0_, dbdirectin0_.y as y3_0_ from db_direct_int_entity dbdirectin0_ where dbdirectin0_.x=3 and dbdirectin0_.y=403
P6SPY_SQL: SELECT dbdirectin0_.id AS id1_0_, dbdirectin0_.x AS x2_0_, dbdirectin0_.y AS y3_0_ FROM db_direct_int_entity dbdirectin0_
P6SPY_SQL: SELECT TABLE_NAME FROM INFORMATION_SCHEMA.TABLES  where TABLE_SCHEMA='PUBLIC'
P6SPY_SQL: SELECT SEQUENCE_NAME FROM INFORMATION_SCHEMA.SEQUENCES WHERE SEQUENCE_SCHEMA='PUBLIC'
P6SPY_SQL: select dbdirectin0_.id as id1_0_, dbdirectin0_.x as x2_0_, dbdirectin0_.y as y3_0_ from db_direct_int_entity dbdirectin0_ where dbdirectin0_.x=3 and dbdirectin0_.y=403
P6SPY_SQL: SELECT dbdirectin0_.id AS id1_0_, dbdirectin0_.x AS x2_0_, dbdirectin0_.y AS y3_0_ FROM db_direct_int_entity dbdirectin0_
P6SPY_SQL: SELECT TABLE_NAME FROM INFORMATION_SCHEMA.TABLES  where TABLE_SCHEMA='PUBLIC'
P6SPY_SQL: SELECT SEQUENCE_NAME FROM INFORMATION_SCHEMA.SEQUENCES WHERE SEQUENCE_SCHEMA='PUBLIC'
P6SPY_SQL: select dbdirectin0_.id as id1_0_, dbdirectin0_.x as x2_0_, dbdirectin0_.y as y3_0_ from db_direct_int_entity dbdirectin0_ where dbdirectin0_.x=3 and dbdirectin0_.y=403
P6SPY_SQL: SELECT dbdirectin0_.id AS id1_0_, dbdirectin0_.x AS x2_0_, dbdirectin0_.y AS y3_0_ FROM db_direct_int_entity dbdirectin0_
P6SPY_SQL: SELECT TABLE_NAME FROM INFORMATION_SCHEMA.TABLES  where TABLE_SCHEMA='PUBLIC'
P6SPY_SQL: SELECT SEQUENCE_NAME FROM INFORMATION_SCHEMA.SEQUENCES WHERE SEQUENCE_SCHEMA='PUBLIC'
P6SPY_SQL: select dbdirectin0_.id as id1_0_, dbdirectin0_.x as x2_0_, dbdirectin0_.y as y3_0_ from db_direct_int_entity dbdirectin0_ where dbdirectin0_.x=3 and dbdirectin0_.y=403
P6SPY_SQL: SELECT dbdirectin0_.id AS id1_0_, dbdirectin0_.x AS x2_0_, dbdirectin0_.y AS y3_0_ FROM db_direct_int_entity dbdirectin0_
P6SPY_SQL: SELECT TABLE_NAME FROM INFORMATION_SCHEMA.TABLES  where TABLE_SCHEMA='PUBLIC'
P6SPY_SQL: SELECT SEQUENCE_NAME FROM INFORMATION_SCHEMA.SEQUENCES WHERE SEQUENCE_SCHEMA='PUBLIC'
P6SPY_SQL: select dbdirectin0_.id as id1_0_, dbdirectin0_.x as x2_0_, dbdirectin0_.y as y3_0_ from db_direct_int_entity dbdirectin0_ where dbdirectin0_.x=3 and dbdirectin0_.y=403
P6SPY_SQL: SELECT dbdirectin0_.id AS id1_0_, dbdirectin0_.x AS x2_0_, dbdirectin0_.y AS y3_0_ FROM db_direct_int_entity dbdirectin0_
P6SPY_SQL: SELECT TABLE_NAME FROM INFORMATION_SCHEMA.TABLES  where TABLE_SCHEMA='PUBLIC'
P6SPY_SQL: SELECT SEQUENCE_NAME FROM INFORMATION_SCHEMA.SEQUENCES WHERE SEQUENCE_SCHEMA='PUBLIC'
P6SPY_SQL: select dbdirectin0_.id as id1_0_, dbdirectin0_.x as x2_0_, dbdirectin0_.y as y3_0_ from db_direct_int_entity dbdirectin0_ where dbdirectin0_.x=3 and dbdirectin0_.y=403
P6SPY_SQL: SELECT dbdirectin0_.id AS id1_0_, dbdirectin0_.x AS x2_0_, dbdirectin0_.y AS y3_0_ FROM db_direct_int_entity dbdirectin0_
P6SPY_SQL: SELECT TABLE_NAME FROM INFORMATION_SCHEMA.TABLES  where TABLE_SCHEMA='PUBLIC'
P6SPY_SQL: SELECT SEQUENCE_NAME FROM INFORMATION_SCHEMA.SEQUENCES WHERE SEQUENCE_SCHEMA='PUBLIC'
P6SPY_SQL: select dbdirectin0_.id as id1_0_, dbdirectin0_.x as x2_0_, dbdirectin0_.y as y3_0_ from db_direct_int_entity dbdirectin0_ where dbdirectin0_.x=3 and dbdirectin0_.y=403
P6SPY_SQL: SELECT dbdirectin0_.id AS id1_0_, dbdirectin0_.x AS x2_0_, dbdirectin0_.y AS y3_0_ FROM db_direct_int_entity dbdirectin0_
P6SPY_SQL: SELECT TABLE_NAME FROM INFORMATION_SCHEMA.TABLES  where TABLE_SCHEMA='PUBLIC'
P6SPY_SQL: SELECT SEQUENCE_NAME FROM INFORMATION_SCHEMA.SEQUENCES WHERE SEQUENCE_SCHEMA='PUBLIC'
P6SPY_SQL: select dbdirectin0_.id as id1_0_, dbdirectin0_.x as x2_0_, dbdirectin0_.y as y3_0_ from db_direct_int_entity dbdirectin0_ where dbdirectin0_.x=3 and dbdirectin0_.y=403
P6SPY_SQL: SELECT dbdirectin0_.id AS id1_0_, dbdirectin0_.x AS x2_0_, dbdirectin0_.y AS y3_0_ FROM db_direct_int_entity dbdirectin0_
P6SPY_SQL: SELECT TABLE_NAME FROM INFORMATION_SCHEMA.TABLES  where TABLE_SCHEMA='PUBLIC'
P6SPY_SQL: SELECT SEQUENCE_NAME FROM INFORMATION_SCHEMA.SEQUENCES WHERE SEQUENCE_SCHEMA='PUBLIC'
P6SPY_SQL: select dbdirectin0_.id as id1_0_, dbdirectin0_.x as x2_0_, dbdirectin0_.y as y3_0_ from db_direct_int_entity dbdirectin0_ where dbdirectin0_.x=3 and dbdirectin0_.y=403
P6SPY_SQL: SELECT dbdirectin0_.id AS id1_0_, dbdirectin0_.x AS x2_0_, dbdirectin0_.y AS y3_0_ FROM db_direct_int_entity dbdirectin0_
P6SPY_SQL: SELECT TABLE_NAME FROM INFORMATION_SCHEMA.TABLES  where TABLE_SCHEMA='PUBLIC'
P6SPY_SQL: SELECT SEQUENCE_NAME FROM INFORMATION_SCHEMA.SEQUENCES WHERE SEQUENCE_SCHEMA='PUBLIC'
P6SPY_SQL: select dbdirectin0_.id as id1_0_, dbdirectin0_.x as x2_0_, dbdirectin0_.y as y3_0_ from db_direct_int_entity dbdirectin0_ where dbdirectin0_.x=3 and dbdirectin0_.y=403
P6SPY_SQL: SELECT dbdirectin0_.id AS id1_0_, dbdirectin0_.x AS x2_0_, dbdirectin0_.y AS y3_0_ FROM db_direct_int_entity dbdirectin0_
&amp#27;[1A&amp#27;[2K* Consumed search budget: 74%
P6SPY_SQL: SELECT TABLE_NAME FROM INFORMATION_SCHEMA.TABLES  where TABLE_SCHEMA='PUBLIC'
P6SPY_SQL: SELECT SEQUENCE_NAME FROM INFORMATION_SCHEMA.SEQUENCES WHERE SEQUENCE_SCHEMA='PUBLIC'
P6SPY_SQL: select dbdirectin0_.id as id1_0_, dbdirectin0_.x as x2_0_, dbdirectin0_.y as y3_0_ from db_direct_int_entity dbdirectin0_ where dbdirectin0_.x=3 and dbdirectin0_.y=403
P6SPY_SQL: SELECT dbdirectin0_.id AS id1_0_, dbdirectin0_.x AS x2_0_, dbdirectin0_.y AS y3_0_ FROM db_direct_int_entity dbdirectin0_
P6SPY_SQL: SELECT TABLE_NAME FROM INFORMATION_SCHEMA.TABLES  where TABLE_SCHEMA='PUBLIC'
P6SPY_SQL: SELECT SEQUENCE_NAME FROM INFORMATION_SCHEMA.SEQUENCES WHERE SEQUENCE_SCHEMA='PUBLIC'
P6SPY_SQL: select dbdirectin0_.id as id1_0_, dbdirectin0_.x as x2_0_, dbdirectin0_.y as y3_0_ from db_direct_int_entity dbdirectin0_ where dbdirectin0_.x=3 and dbdirectin0_.y=403
P6SPY_SQL: SELECT dbdirectin0_.id AS id1_0_, dbdirectin0_.x AS x2_0_, dbdirectin0_.y AS y3_0_ FROM db_direct_int_entity dbdirectin0_
P6SPY_SQL: SELECT TABLE_NAME FROM INFORMATION_SCHEMA.TABLES  where TABLE_SCHEMA='PUBLIC'
P6SPY_SQL: SELECT SEQUENCE_NAME FROM INFORMATION_SCHEMA.SEQUENCES WHERE SEQUENCE_SCHEMA='PUBLIC'
P6SPY_SQL: select dbdirectin0_.id as id1_0_, dbdirectin0_.x as x2_0_, dbdirectin0_.y as y3_0_ from db_direct_int_entity dbdirectin0_ where dbdirectin0_.x=3 and dbdirectin0_.y=403
P6SPY_SQL: SELECT dbdirectin0_.id AS id1_0_, dbdirectin0_.x AS x2_0_, dbdirectin0_.y AS y3_0_ FROM db_direct_int_entity dbdirectin0_
P6SPY_SQL: SELECT TABLE_NAME FROM INFORMATION_SCHEMA.TABLES  where TABLE_SCHEMA='PUBLIC'
P6SPY_SQL: SELECT SEQUENCE_NAME FROM INFORMATION_SCHEMA.SEQUENCES WHERE SEQUENCE_SCHEMA='PUBLIC'
P6SPY_SQL: select dbdirectin0_.id as id1_0_, dbdirectin0_.x as x2_0_, dbdirectin0_.y as y3_0_ from db_direct_int_entity dbdirectin0_ where dbdirectin0_.x=3 and dbdirectin0_.y=403
P6SPY_SQL: SELECT dbdirectin0_.id AS id1_0_, dbdirectin0_.x AS x2_0_, dbdirectin0_.y AS y3_0_ FROM db_direct_int_entity dbdirectin0_
P6SPY_SQL: SELECT TABLE_NAME FROM INFORMATION_SCHEMA.TABLES  where TABLE_SCHEMA='PUBLIC'
P6SPY_SQL: SELECT SEQUENCE_NAME FROM INFORMATION_SCHEMA.SEQUENCES WHERE SEQUENCE_SCHEMA='PUBLIC'
P6SPY_SQL: select dbdirectin0_.id as id1_0_, dbdirectin0_.x as x2_0_, dbdirectin0_.y as y3_0_ from db_direct_int_entity dbdirectin0_ where dbdirectin0_.x=3 and dbdirectin0_.y=403
P6SPY_SQL: SELECT dbdirectin0_.id AS id1_0_, dbdirectin0_.x AS x2_0_, dbdirectin0_.y AS y3_0_ FROM db_direct_int_entity dbdirectin0_
P6SPY_SQL: SELECT TABLE_NAME FROM INFORMATION_SCHEMA.TABLES  where TABLE_SCHEMA='PUBLIC'
P6SPY_SQL: SELECT SEQUENCE_NAME FROM INFORMATION_SCHEMA.SEQUENCES WHERE SEQUENCE_SCHEMA='PUBLIC'
P6SPY_SQL: select dbdirectin0_.id as id1_0_, dbdirectin0_.x as x2_0_, dbdirectin0_.y as y3_0_ from db_direct_int_entity dbdirectin0_ where dbdirectin0_.x=3 and dbdirectin0_.y=403
P6SPY_SQL: SELECT dbdirectin0_.id AS id1_0_, dbdirectin0_.x AS x2_0_, dbdirectin0_.y AS y3_0_ FROM db_direct_int_entity dbdirectin0_
P6SPY_SQL: SELECT TABLE_NAME FROM INFORMATION_SCHEMA.TABLES  where TABLE_SCHEMA='PUBLIC'
P6SPY_SQL: SELECT SEQUENCE_NAME FROM INFORMATION_SCHEMA.SEQUENCES WHERE SEQUENCE_SCHEMA='PUBLIC'
P6SPY_SQL: select dbdirectin0_.id as id1_0_, dbdirectin0_.x as x2_0_, dbdirectin0_.y as y3_0_ from db_direct_int_entity dbdirectin0_ where dbdirectin0_.x=3 and dbdirectin0_.y=403
P6SPY_SQL: SELECT dbdirectin0_.id AS id1_0_, dbdirectin0_.x AS x2_0_, dbdirectin0_.y AS y3_0_ FROM db_direct_int_entity dbdirectin0_
P6SPY_SQL: SELECT TABLE_NAME FROM INFORMATION_SCHEMA.TABLES  where TABLE_SCHEMA='PUBLIC'
P6SPY_SQL: SELECT SEQUENCE_NAME FROM INFORMATION_SCHEMA.SEQUENCES WHERE SEQUENCE_SCHEMA='PUBLIC'
P6SPY_SQL: select dbdirectin0_.id as id1_0_, dbdirectin0_.x as x2_0_, dbdirectin0_.y as y3_0_ from db_direct_int_entity dbdirectin0_ where dbdirectin0_.x=3 and dbdirectin0_.y=403
P6SPY_SQL: SELECT dbdirectin0_.id AS id1_0_, dbdirectin0_.x AS x2_0_, dbdirectin0_.y AS y3_0_ FROM db_direct_int_entity dbdirectin0_
P6SPY_SQL: SELECT TABLE_NAME FROM INFORMATION_SCHEMA.TABLES  where TABLE_SCHEMA='PUBLIC'
P6SPY_SQL: SELECT SEQUENCE_NAME FROM INFORMATION_SCHEMA.SEQUENCES WHERE SEQUENCE_SCHEMA='PUBLIC'
P6SPY_SQL: select dbdirectin0_.id as id1_0_, dbdirectin0_.x as x2_0_, dbdirectin0_.y as y3_0_ from db_direct_int_entity dbdirectin0_ where dbdirectin0_.x=3 and dbdirectin0_.y=403
P6SPY_SQL: SELECT dbdirectin0_.id AS id1_0_, dbdirectin0_.x AS x2_0_, dbdirectin0_.y AS y3_0_ FROM db_direct_int_entity dbdirectin0_
P6SPY_SQL: SELECT TABLE_NAME FROM INFORMATION_SCHEMA.TABLES  where TABLE_SCHEMA='PUBLIC'
P6SPY_SQL: SELECT SEQUENCE_NAME FROM INFORMATION_SCHEMA.SEQUENCES WHERE SEQUENCE_SCHEMA='PUBLIC'
P6SPY_SQL: select dbdirectin0_.id as id1_0_, dbdirectin0_.x as x2_0_, dbdirectin0_.y as y3_0_ from db_direct_int_entity dbdirectin0_ where dbdirectin0_.x=3 and dbdirectin0_.y=403
P6SPY_SQL: SELECT dbdirectin0_.id AS id1_0_, dbdirectin0_.x AS x2_0_, dbdirectin0_.y AS y3_0_ FROM db_direct_int_entity dbdirectin0_
&amp#27;[1A&amp#27;[2K* Consumed search budget: 75%
P6SPY_SQL: SELECT TABLE_NAME FROM INFORMATION_SCHEMA.TABLES  where TABLE_SCHEMA='PUBLIC'
P6SPY_SQL: SELECT SEQUENCE_NAME FROM INFORMATION_SCHEMA.SEQUENCES WHERE SEQUENCE_SCHEMA='PUBLIC'
P6SPY_SQL: select dbdirectin0_.id as id1_0_, dbdirectin0_.x as x2_0_, dbdirectin0_.y as y3_0_ from db_direct_int_entity dbdirectin0_ where dbdirectin0_.x=3 and dbdirectin0_.y=403
P6SPY_SQL: SELECT dbdirectin0_.id AS id1_0_, dbdirectin0_.x AS x2_0_, dbdirectin0_.y AS y3_0_ FROM db_direct_int_entity dbdirectin0_
P6SPY_SQL: SELECT TABLE_NAME FROM INFORMATION_SCHEMA.TABLES  where TABLE_SCHEMA='PUBLIC'
P6SPY_SQL: SELECT SEQUENCE_NAME FROM INFORMATION_SCHEMA.SEQUENCES WHERE SEQUENCE_SCHEMA='PUBLIC'
P6SPY_SQL: select dbdirectin0_.id as id1_0_, dbdirectin0_.x as x2_0_, dbdirectin0_.y as y3_0_ from db_direct_int_entity dbdirectin0_ where dbdirectin0_.x=3 and dbdirectin0_.y=403
P6SPY_SQL: SELECT dbdirectin0_.id AS id1_0_, dbdirectin0_.x AS x2_0_, dbdirectin0_.y AS y3_0_ FROM db_direct_int_entity dbdirectin0_
P6SPY_SQL: SELECT TABLE_NAME FROM INFORMATION_SCHEMA.TABLES  where TABLE_SCHEMA='PUBLIC'
P6SPY_SQL: SELECT SEQUENCE_NAME FROM INFORMATION_SCHEMA.SEQUENCES WHERE SEQUENCE_SCHEMA='PUBLIC'
P6SPY_SQL: select dbdirectin0_.id as id1_0_, dbdirectin0_.x as x2_0_, dbdirectin0_.y as y3_0_ from db_direct_int_entity dbdirectin0_ where dbdirectin0_.x=3 and dbdirectin0_.y=403
P6SPY_SQL: SELECT dbdirectin0_.id AS id1_0_, dbdirectin0_.x AS x2_0_, dbdirectin0_.y AS y3_0_ FROM db_direct_int_entity dbdirectin0_
P6SPY_SQL: SELECT TABLE_NAME FROM INFORMATION_SCHEMA.TABLES  where TABLE_SCHEMA='PUBLIC'
P6SPY_SQL: SELECT SEQUENCE_NAME FROM INFORMATION_SCHEMA.SEQUENCES WHERE SEQUENCE_SCHEMA='PUBLIC'
P6SPY_SQL: select dbdirectin0_.id as id1_0_, dbdirectin0_.x as x2_0_, dbdirectin0_.y as y3_0_ from db_direct_int_entity dbdirectin0_ where dbdirectin0_.x=3 and dbdirectin0_.y=403
P6SPY_SQL: SELECT dbdirectin0_.id AS id1_0_, dbdirectin0_.x AS x2_0_, dbdirectin0_.y AS y3_0_ FROM db_direct_int_entity dbdirectin0_
P6SPY_SQL: SELECT TABLE_NAME FROM INFORMATION_SCHEMA.TABLES  where TABLE_SCHEMA='PUBLIC'
P6SPY_SQL: SELECT SEQUENCE_NAME FROM INFORMATION_SCHEMA.SEQUENCES WHERE SEQUENCE_SCHEMA='PUBLIC'
P6SPY_SQL: select dbdirectin0_.id as id1_0_, dbdirectin0_.x as x2_0_, dbdirectin0_.y as y3_0_ from db_direct_int_entity dbdirectin0_ where dbdirectin0_.x=3 and dbdirectin0_.y=403
P6SPY_SQL: SELECT dbdirectin0_.id AS id1_0_, dbdirectin0_.x AS x2_0_, dbdirectin0_.y AS y3_0_ FROM db_direct_int_entity dbdirectin0_
P6SPY_SQL: SELECT TABLE_NAME FROM INFORMATION_SCHEMA.TABLES  where TABLE_SCHEMA='PUBLIC'
P6SPY_SQL: SELECT SEQUENCE_NAME FROM INFORMATION_SCHEMA.SEQUENCES WHERE SEQUENCE_SCHEMA='PUBLIC'
P6SPY_SQL: select dbdirectin0_.id as id1_0_, dbdirectin0_.x as x2_0_, dbdirectin0_.y as y3_0_ from db_direct_int_entity dbdirectin0_ where dbdirectin0_.x=3 and dbdirectin0_.y=403
P6SPY_SQL: SELECT dbdirectin0_.id AS id1_0_, dbdirectin0_.x AS x2_0_, dbdirectin0_.y AS y3_0_ FROM db_direct_int_entity dbdirectin0_
P6SPY_SQL: SELECT TABLE_NAME FROM INFORMATION_SCHEMA.TABLES  where TABLE_SCHEMA='PUBLIC'
P6SPY_SQL: SELECT SEQUENCE_NAME FROM INFORMATION_SCHEMA.SEQUENCES WHERE SEQUENCE_SCHEMA='PUBLIC'
P6SPY_SQL: select dbdirectin0_.id as id1_0_, dbdirectin0_.x as x2_0_, dbdirectin0_.y as y3_0_ from db_direct_int_entity dbdirectin0_ where dbdirectin0_.x=3 and dbdirectin0_.y=403
P6SPY_SQL: SELECT dbdirectin0_.id AS id1_0_, dbdirectin0_.x AS x2_0_, dbdirectin0_.y AS y3_0_ FROM db_direct_int_entity dbdirectin0_
P6SPY_SQL: SELECT TABLE_NAME FROM INFORMATION_SCHEMA.TABLES  where TABLE_SCHEMA='PUBLIC'
P6SPY_SQL: SELECT SEQUENCE_NAME FROM INFORMATION_SCHEMA.SEQUENCES WHERE SEQUENCE_SCHEMA='PUBLIC'
P6SPY_SQL: select dbdirectin0_.id as id1_0_, dbdirectin0_.x as x2_0_, dbdirectin0_.y as y3_0_ from db_direct_int_entity dbdirectin0_ where dbdirectin0_.x=3 and dbdirectin0_.y=403
P6SPY_SQL: SELECT dbdirectin0_.id AS id1_0_, dbdirectin0_.x AS x2_0_, dbdirectin0_.y AS y3_0_ FROM db_direct_int_entity dbdirectin0_
P6SPY_SQL: SELECT TABLE_NAME FROM INFORMATION_SCHEMA.TABLES  where TABLE_SCHEMA='PUBLIC'
P6SPY_SQL: SELECT SEQUENCE_NAME FROM INFORMATION_SCHEMA.SEQUENCES WHERE SEQUENCE_SCHEMA='PUBLIC'
P6SPY_SQL: select dbdirectin0_.id as id1_0_, dbdirectin0_.x as x2_0_, dbdirectin0_.y as y3_0_ from db_direct_int_entity dbdirectin0_ where dbdirectin0_.x=3 and dbdirectin0_.y=403
P6SPY_SQL: SELECT dbdirectin0_.id AS id1_0_, dbdirectin0_.x AS x2_0_, dbdirectin0_.y AS y3_0_ FROM db_direct_int_entity dbdirectin0_
P6SPY_SQL: SELECT TABLE_NAME FROM INFORMATION_SCHEMA.TABLES  where TABLE_SCHEMA='PUBLIC'
P6SPY_SQL: SELECT SEQUENCE_NAME FROM INFORMATION_SCHEMA.SEQUENCES WHERE SEQUENCE_SCHEMA='PUBLIC'
P6SPY_SQL: select dbdirectin0_.id as id1_0_, dbdirectin0_.x as x2_0_, dbdirectin0_.y as y3_0_ from db_direct_int_entity dbdirectin0_ where dbdirectin0_.x=3 and dbdirectin0_.y=403
P6SPY_SQL: SELECT dbdirectin0_.id AS id1_0_, dbdirectin0_.x AS x2_0_, dbdirectin0_.y AS y3_0_ FROM db_direct_int_entity dbdirectin0_
&amp#27;[1A&amp#27;[2K* Consumed search budget: 76%
P6SPY_SQL: SELECT TABLE_NAME FROM INFORMATION_SCHEMA.TABLES  where TABLE_SCHEMA='PUBLIC'
P6SPY_SQL: SELECT SEQUENCE_NAME FROM INFORMATION_SCHEMA.SEQUENCES WHERE SEQUENCE_SCHEMA='PUBLIC'
P6SPY_SQL: select dbdirectin0_.id as id1_0_, dbdirectin0_.x as x2_0_, dbdirectin0_.y as y3_0_ from db_direct_int_entity dbdirectin0_ where dbdirectin0_.x=3 and dbdirectin0_.y=403
P6SPY_SQL: SELECT dbdirectin0_.id AS id1_0_, dbdirectin0_.x AS x2_0_, dbdirectin0_.y AS y3_0_ FROM db_direct_int_entity dbdirectin0_
P6SPY_SQL: SELECT TABLE_NAME FROM INFORMATION_SCHEMA.TABLES  where TABLE_SCHEMA='PUBLIC'
P6SPY_SQL: SELECT SEQUENCE_NAME FROM INFORMATION_SCHEMA.SEQUENCES WHERE SEQUENCE_SCHEMA='PUBLIC'
P6SPY_SQL: select dbdirectin0_.id as id1_0_, dbdirectin0_.x as x2_0_, dbdirectin0_.y as y3_0_ from db_direct_int_entity dbdirectin0_ where dbdirectin0_.x=3 and dbdirectin0_.y=403
P6SPY_SQL: SELECT dbdirectin0_.id AS id1_0_, dbdirectin0_.x AS x2_0_, dbdirectin0_.y AS y3_0_ FROM db_direct_int_entity dbdirectin0_
P6SPY_SQL: SELECT TABLE_NAME FROM INFORMATION_SCHEMA.TABLES  where TABLE_SCHEMA='PUBLIC'
P6SPY_SQL: SELECT SEQUENCE_NAME FROM INFORMATION_SCHEMA.SEQUENCES WHERE SEQUENCE_SCHEMA='PUBLIC'
P6SPY_SQL: select dbdirectin0_.id as id1_0_, dbdirectin0_.x as x2_0_, dbdirectin0_.y as y3_0_ from db_direct_int_entity dbdirectin0_ where dbdirectin0_.x=3 and dbdirectin0_.y=403
P6SPY_SQL: SELECT dbdirectin0_.id AS id1_0_, dbdirectin0_.x AS x2_0_, dbdirectin0_.y AS y3_0_ FROM db_direct_int_entity dbdirectin0_
P6SPY_SQL: SELECT TABLE_NAME FROM INFORMATION_SCHEMA.TABLES  where TABLE_SCHEMA='PUBLIC'
P6SPY_SQL: SELECT SEQUENCE_NAME FROM INFORMATION_SCHEMA.SEQUENCES WHERE SEQUENCE_SCHEMA='PUBLIC'
P6SPY_SQL: select dbdirectin0_.id as id1_0_, dbdirectin0_.x as x2_0_, dbdirectin0_.y as y3_0_ from db_direct_int_entity dbdirectin0_ where dbdirectin0_.x=3 and dbdirectin0_.y=403
P6SPY_SQL: SELECT dbdirectin0_.id AS id1_0_, dbdirectin0_.x AS x2_0_, dbdirectin0_.y AS y3_0_ FROM db_direct_int_entity dbdirectin0_
P6SPY_SQL: SELECT TABLE_NAME FROM INFORMATION_SCHEMA.TABLES  where TABLE_SCHEMA='PUBLIC'
P6SPY_SQL: SELECT SEQUENCE_NAME FROM INFORMATION_SCHEMA.SEQUENCES WHERE SEQUENCE_SCHEMA='PUBLIC'
P6SPY_SQL: select dbdirectin0_.id as id1_0_, dbdirectin0_.x as x2_0_, dbdirectin0_.y as y3_0_ from db_direct_int_entity dbdirectin0_ where dbdirectin0_.x=3 and dbdirectin0_.y=403
P6SPY_SQL: SELECT dbdirectin0_.id AS id1_0_, dbdirectin0_.x AS x2_0_, dbdirectin0_.y AS y3_0_ FROM db_direct_int_entity dbdirectin0_
P6SPY_SQL: SELECT TABLE_NAME FROM INFORMATION_SCHEMA.TABLES  where TABLE_SCHEMA='PUBLIC'
P6SPY_SQL: SELECT SEQUENCE_NAME FROM INFORMATION_SCHEMA.SEQUENCES WHERE SEQUENCE_SCHEMA='PUBLIC'
P6SPY_SQL: select dbdirectin0_.id as id1_0_, dbdirectin0_.x as x2_0_, dbdirectin0_.y as y3_0_ from db_direct_int_entity dbdirectin0_ where dbdirectin0_.x=3 and dbdirectin0_.y=403
P6SPY_SQL: SELECT dbdirectin0_.id AS id1_0_, dbdirectin0_.x AS x2_0_, dbdirectin0_.y AS y3_0_ FROM db_direct_int_entity dbdirectin0_
P6SPY_SQL: SELECT TABLE_NAME FROM INFORMATION_SCHEMA.TABLES  where TABLE_SCHEMA='PUBLIC'
P6SPY_SQL: SELECT SEQUENCE_NAME FROM INFORMATION_SCHEMA.SEQUENCES WHERE SEQUENCE_SCHEMA='PUBLIC'
P6SPY_SQL: select dbdirectin0_.id as id1_0_, dbdirectin0_.x as x2_0_, dbdirectin0_.y as y3_0_ from db_direct_int_entity dbdirectin0_ where dbdirectin0_.x=3 and dbdirectin0_.y=403
P6SPY_SQL: SELECT dbdirectin0_.id AS id1_0_, dbdirectin0_.x AS x2_0_, dbdirectin0_.y AS y3_0_ FROM db_direct_int_entity dbdirectin0_
P6SPY_SQL: SELECT TABLE_NAME FROM INFORMATION_SCHEMA.TABLES  where TABLE_SCHEMA='PUBLIC'
P6SPY_SQL: SELECT SEQUENCE_NAME FROM INFORMATION_SCHEMA.SEQUENCES WHERE SEQUENCE_SCHEMA='PUBLIC'
P6SPY_SQL: select dbdirectin0_.id as id1_0_, dbdirectin0_.x as x2_0_, dbdirectin0_.y as y3_0_ from db_direct_int_entity dbdirectin0_ where dbdirectin0_.x=3 and dbdirectin0_.y=403
P6SPY_SQL: SELECT dbdirectin0_.id AS id1_0_, dbdirectin0_.x AS x2_0_, dbdirectin0_.y AS y3_0_ FROM db_direct_int_entity dbdirectin0_
P6SPY_SQL: SELECT TABLE_NAME FROM INFORMATION_SCHEMA.TABLES  where TABLE_SCHEMA='PUBLIC'
P6SPY_SQL: SELECT SEQUENCE_NAME FROM INFORMATION_SCHEMA.SEQUENCES WHERE SEQUENCE_SCHEMA='PUBLIC'
P6SPY_SQL: select dbdirectin0_.id as id1_0_, dbdirectin0_.x as x2_0_, dbdirectin0_.y as y3_0_ from db_direct_int_entity dbdirectin0_ where dbdirectin0_.x=3 and dbdirectin0_.y=403
P6SPY_SQL: SELECT dbdirectin0_.id AS id1_0_, dbdirectin0_.x AS x2_0_, dbdirectin0_.y AS y3_0_ FROM db_direct_int_entity dbdirectin0_
P6SPY_SQL: SELECT TABLE_NAME FROM INFORMATION_SCHEMA.TABLES  where TABLE_SCHEMA='PUBLIC'
P6SPY_SQL: SELECT SEQUENCE_NAME FROM INFORMATION_SCHEMA.SEQUENCES WHERE SEQUENCE_SCHEMA='PUBLIC'
P6SPY_SQL: select dbdirectin0_.id as id1_0_, dbdirectin0_.x as x2_0_, dbdirectin0_.y as y3_0_ from db_direct_int_entity dbdirectin0_ where dbdirectin0_.x=3 and dbdirectin0_.y=403
P6SPY_SQL: SELECT dbdirectin0_.id AS id1_0_, dbdirectin0_.x AS x2_0_, dbdirectin0_.y AS y3_0_ FROM db_direct_int_entity dbdirectin0_
&amp#27;[1A&amp#27;[2K* Consumed search budget: 77%
P6SPY_SQL: SELECT TABLE_NAME FROM INFORMATION_SCHEMA.TABLES  where TABLE_SCHEMA='PUBLIC'
P6SPY_SQL: SELECT SEQUENCE_NAME FROM INFORMATION_SCHEMA.SEQUENCES WHERE SEQUENCE_SCHEMA='PUBLIC'
P6SPY_SQL: select dbdirectin0_.id as id1_0_, dbdirectin0_.x as x2_0_, dbdirectin0_.y as y3_0_ from db_direct_int_entity dbdirectin0_ where dbdirectin0_.x=3 and dbdirectin0_.y=403
P6SPY_SQL: SELECT dbdirectin0_.id AS id1_0_, dbdirectin0_.x AS x2_0_, dbdirectin0_.y AS y3_0_ FROM db_direct_int_entity dbdirectin0_
P6SPY_SQL: SELECT TABLE_NAME FROM INFORMATION_SCHEMA.TABLES  where TABLE_SCHEMA='PUBLIC'
P6SPY_SQL: SELECT SEQUENCE_NAME FROM INFORMATION_SCHEMA.SEQUENCES WHERE SEQUENCE_SCHEMA='PUBLIC'
P6SPY_SQL: select dbdirectin0_.id as id1_0_, dbdirectin0_.x as x2_0_, dbdirectin0_.y as y3_0_ from db_direct_int_entity dbdirectin0_ where dbdirectin0_.x=3 and dbdirectin0_.y=403
P6SPY_SQL: SELECT dbdirectin0_.id AS id1_0_, dbdirectin0_.x AS x2_0_, dbdirectin0_.y AS y3_0_ FROM db_direct_int_entity dbdirectin0_
P6SPY_SQL: SELECT TABLE_NAME FROM INFORMATION_SCHEMA.TABLES  where TABLE_SCHEMA='PUBLIC'
P6SPY_SQL: SELECT SEQUENCE_NAME FROM INFORMATION_SCHEMA.SEQUENCES WHERE SEQUENCE_SCHEMA='PUBLIC'
P6SPY_SQL: select dbdirectin0_.id as id1_0_, dbdirectin0_.x as x2_0_, dbdirectin0_.y as y3_0_ from db_direct_int_entity dbdirectin0_ where dbdirectin0_.x=3 and dbdirectin0_.y=403
P6SPY_SQL: SELECT dbdirectin0_.id AS id1_0_, dbdirectin0_.x AS x2_0_, dbdirectin0_.y AS y3_0_ FROM db_direct_int_entity dbdirectin0_
P6SPY_SQL: SELECT TABLE_NAME FROM INFORMATION_SCHEMA.TABLES  where TABLE_SCHEMA='PUBLIC'
P6SPY_SQL: SELECT SEQUENCE_NAME FROM INFORMATION_SCHEMA.SEQUENCES WHERE SEQUENCE_SCHEMA='PUBLIC'
P6SPY_SQL: select dbdirectin0_.id as id1_0_, dbdirectin0_.x as x2_0_, dbdirectin0_.y as y3_0_ from db_direct_int_entity dbdirectin0_ where dbdirectin0_.x=3 and dbdirectin0_.y=403
P6SPY_SQL: SELECT dbdirectin0_.id AS id1_0_, dbdirectin0_.x AS x2_0_, dbdirectin0_.y AS y3_0_ FROM db_direct_int_entity dbdirectin0_
P6SPY_SQL: SELECT TABLE_NAME FROM INFORMATION_SCHEMA.TABLES  where TABLE_SCHEMA='PUBLIC'
P6SPY_SQL: SELECT SEQUENCE_NAME FROM INFORMATION_SCHEMA.SEQUENCES WHERE SEQUENCE_SCHEMA='PUBLIC'
P6SPY_SQL: select dbdirectin0_.id as id1_0_, dbdirectin0_.x as x2_0_, dbdirectin0_.y as y3_0_ from db_direct_int_entity dbdirectin0_ where dbdirectin0_.x=3 and dbdirectin0_.y=403
P6SPY_SQL: SELECT dbdirectin0_.id AS id1_0_, dbdirectin0_.x AS x2_0_, dbdirectin0_.y AS y3_0_ FROM db_direct_int_entity dbdirectin0_
P6SPY_SQL: SELECT TABLE_NAME FROM INFORMATION_SCHEMA.TABLES  where TABLE_SCHEMA='PUBLIC'
P6SPY_SQL: SELECT SEQUENCE_NAME FROM INFORMATION_SCHEMA.SEQUENCES WHERE SEQUENCE_SCHEMA='PUBLIC'
P6SPY_SQL: select dbdirectin0_.id as id1_0_, dbdirectin0_.x as x2_0_, dbdirectin0_.y as y3_0_ from db_direct_int_entity dbdirectin0_ where dbdirectin0_.x=3 and dbdirectin0_.y=403
P6SPY_SQL: SELECT dbdirectin0_.id AS id1_0_, dbdirectin0_.x AS x2_0_, dbdirectin0_.y AS y3_0_ FROM db_direct_int_entity dbdirectin0_
P6SPY_SQL: SELECT TABLE_NAME FROM INFORMATION_SCHEMA.TABLES  where TABLE_SCHEMA='PUBLIC'
P6SPY_SQL: SELECT SEQUENCE_NAME FROM INFORMATION_SCHEMA.SEQUENCES WHERE SEQUENCE_SCHEMA='PUBLIC'
P6SPY_SQL: select dbdirectin0_.id as id1_0_, dbdirectin0_.x as x2_0_, dbdirectin0_.y as y3_0_ from db_direct_int_entity dbdirectin0_ where dbdirectin0_.x=3 and dbdirectin0_.y=403
P6SPY_SQL: SELECT dbdirectin0_.id AS id1_0_, dbdirectin0_.x AS x2_0_, dbdirectin0_.y AS y3_0_ FROM db_direct_int_entity dbdirectin0_
P6SPY_SQL: SELECT TABLE_NAME FROM INFORMATION_SCHEMA.TABLES  where TABLE_SCHEMA='PUBLIC'
P6SPY_SQL: SELECT SEQUENCE_NAME FROM INFORMATION_SCHEMA.SEQUENCES WHERE SEQUENCE_SCHEMA='PUBLIC'
P6SPY_SQL: select dbdirectin0_.id as id1_0_, dbdirectin0_.x as x2_0_, dbdirectin0_.y as y3_0_ from db_direct_int_entity dbdirectin0_ where dbdirectin0_.x=3 and dbdirectin0_.y=403
P6SPY_SQL: SELECT dbdirectin0_.id AS id1_0_, dbdirectin0_.x AS x2_0_, dbdirectin0_.y AS y3_0_ FROM db_direct_int_entity dbdirectin0_
P6SPY_SQL: SELECT TABLE_NAME FROM INFORMATION_SCHEMA.TABLES  where TABLE_SCHEMA='PUBLIC'
P6SPY_SQL: SELECT SEQUENCE_NAME FROM INFORMATION_SCHEMA.SEQUENCES WHERE SEQUENCE_SCHEMA='PUBLIC'
P6SPY_SQL: select dbdirectin0_.id as id1_0_, dbdirectin0_.x as x2_0_, dbdirectin0_.y as y3_0_ from db_direct_int_entity dbdirectin0_ where dbdirectin0_.x=3 and dbdirectin0_.y=403
P6SPY_SQL: SELECT dbdirectin0_.id AS id1_0_, dbdirectin0_.x AS x2_0_, dbdirectin0_.y AS y3_0_ FROM db_direct_int_entity dbdirectin0_
P6SPY_SQL: SELECT TABLE_NAME FROM INFORMATION_SCHEMA.TABLES  where TABLE_SCHEMA='PUBLIC'
P6SPY_SQL: SELECT SEQUENCE_NAME FROM INFORMATION_SCHEMA.SEQUENCES WHERE SEQUENCE_SCHEMA='PUBLIC'
P6SPY_SQL: select dbdirectin0_.id as id1_0_, dbdirectin0_.x as x2_0_, dbdirectin0_.y as y3_0_ from db_direct_int_entity dbdirectin0_ where dbdirectin0_.x=3 and dbdirectin0_.y=403
P6SPY_SQL: SELECT dbdirectin0_.id AS id1_0_, dbdirectin0_.x AS x2_0_, dbdirectin0_.y AS y3_0_ FROM db_direct_int_entity dbdirectin0_
&amp#27;[1A&amp#27;[2K* Consumed search budget: 78%
P6SPY_SQL: SELECT TABLE_NAME FROM INFORMATION_SCHEMA.TABLES  where TABLE_SCHEMA='PUBLIC'
P6SPY_SQL: SELECT SEQUENCE_NAME FROM INFORMATION_SCHEMA.SEQUENCES WHERE SEQUENCE_SCHEMA='PUBLIC'
P6SPY_SQL: select dbdirectin0_.id as id1_0_, dbdirectin0_.x as x2_0_, dbdirectin0_.y as y3_0_ from db_direct_int_entity dbdirectin0_ where dbdirectin0_.x=3 and dbdirectin0_.y=403
P6SPY_SQL: SELECT dbdirectin0_.id AS id1_0_, dbdirectin0_.x AS x2_0_, dbdirectin0_.y AS y3_0_ FROM db_direct_int_entity dbdirectin0_
P6SPY_SQL: SELECT TABLE_NAME FROM INFORMATION_SCHEMA.TABLES  where TABLE_SCHEMA='PUBLIC'
P6SPY_SQL: SELECT SEQUENCE_NAME FROM INFORMATION_SCHEMA.SEQUENCES WHERE SEQUENCE_SCHEMA='PUBLIC'
P6SPY_SQL: select dbdirectin0_.id as id1_0_, dbdirectin0_.x as x2_0_, dbdirectin0_.y as y3_0_ from db_direct_int_entity dbdirectin0_ where dbdirectin0_.x=3 and dbdirectin0_.y=403
P6SPY_SQL: SELECT dbdirectin0_.id AS id1_0_, dbdirectin0_.x AS x2_0_, dbdirectin0_.y AS y3_0_ FROM db_direct_int_entity dbdirectin0_
P6SPY_SQL: SELECT TABLE_NAME FROM INFORMATION_SCHEMA.TABLES  where TABLE_SCHEMA='PUBLIC'
P6SPY_SQL: SELECT SEQUENCE_NAME FROM INFORMATION_SCHEMA.SEQUENCES WHERE SEQUENCE_SCHEMA='PUBLIC'
P6SPY_SQL: select dbdirectin0_.id as id1_0_, dbdirectin0_.x as x2_0_, dbdirectin0_.y as y3_0_ from db_direct_int_entity dbdirectin0_ where dbdirectin0_.x=3 and dbdirectin0_.y=403
P6SPY_SQL: SELECT dbdirectin0_.id AS id1_0_, dbdirectin0_.x AS x2_0_, dbdirectin0_.y AS y3_0_ FROM db_direct_int_entity dbdirectin0_
P6SPY_SQL: SELECT TABLE_NAME FROM INFORMATION_SCHEMA.TABLES  where TABLE_SCHEMA='PUBLIC'
P6SPY_SQL: SELECT SEQUENCE_NAME FROM INFORMATION_SCHEMA.SEQUENCES WHERE SEQUENCE_SCHEMA='PUBLIC'
P6SPY_SQL: select dbdirectin0_.id as id1_0_, dbdirectin0_.x as x2_0_, dbdirectin0_.y as y3_0_ from db_direct_int_entity dbdirectin0_ where dbdirectin0_.x=3 and dbdirectin0_.y=403
P6SPY_SQL: SELECT dbdirectin0_.id AS id1_0_, dbdirectin0_.x AS x2_0_, dbdirectin0_.y AS y3_0_ FROM db_direct_int_entity dbdirectin0_
P6SPY_SQL: SELECT TABLE_NAME FROM INFORMATION_SCHEMA.TABLES  where TABLE_SCHEMA='PUBLIC'
P6SPY_SQL: SELECT SEQUENCE_NAME FROM INFORMATION_SCHEMA.SEQUENCES WHERE SEQUENCE_SCHEMA='PUBLIC'
P6SPY_SQL: select dbdirectin0_.id as id1_0_, dbdirectin0_.x as x2_0_, dbdirectin0_.y as y3_0_ from db_direct_int_entity dbdirectin0_ where dbdirectin0_.x=3 and dbdirectin0_.y=403
P6SPY_SQL: SELECT dbdirectin0_.id AS id1_0_, dbdirectin0_.x AS x2_0_, dbdirectin0_.y AS y3_0_ FROM db_direct_int_entity dbdirectin0_
P6SPY_SQL: SELECT TABLE_NAME FROM INFORMATION_SCHEMA.TABLES  where TABLE_SCHEMA='PUBLIC'
P6SPY_SQL: SELECT SEQUENCE_NAME FROM INFORMATION_SCHEMA.SEQUENCES WHERE SEQUENCE_SCHEMA='PUBLIC'
P6SPY_SQL: select dbdirectin0_.id as id1_0_, dbdirectin0_.x as x2_0_, dbdirectin0_.y as y3_0_ from db_direct_int_entity dbdirectin0_ where dbdirectin0_.x=3 and dbdirectin0_.y=403
P6SPY_SQL: SELECT dbdirectin0_.id AS id1_0_, dbdirectin0_.x AS x2_0_, dbdirectin0_.y AS y3_0_ FROM db_direct_int_entity dbdirectin0_
P6SPY_SQL: SELECT TABLE_NAME FROM INFORMATION_SCHEMA.TABLES  where TABLE_SCHEMA='PUBLIC'
P6SPY_SQL: SELECT SEQUENCE_NAME FROM INFORMATION_SCHEMA.SEQUENCES WHERE SEQUENCE_SCHEMA='PUBLIC'
P6SPY_SQL: select dbdirectin0_.id as id1_0_, dbdirectin0_.x as x2_0_, dbdirectin0_.y as y3_0_ from db_direct_int_entity dbdirectin0_ where dbdirectin0_.x=3 and dbdirectin0_.y=403
P6SPY_SQL: SELECT dbdirectin0_.id AS id1_0_, dbdirectin0_.x AS x2_0_, dbdirectin0_.y AS y3_0_ FROM db_direct_int_entity dbdirectin0_
P6SPY_SQL: SELECT TABLE_NAME FROM INFORMATION_SCHEMA.TABLES  where TABLE_SCHEMA='PUBLIC'
P6SPY_SQL: SELECT SEQUENCE_NAME FROM INFORMATION_SCHEMA.SEQUENCES WHERE SEQUENCE_SCHEMA='PUBLIC'
P6SPY_SQL: select dbdirectin0_.id as id1_0_, dbdirectin0_.x as x2_0_, dbdirectin0_.y as y3_0_ from db_direct_int_entity dbdirectin0_ where dbdirectin0_.x=3 and dbdirectin0_.y=403
P6SPY_SQL: SELECT dbdirectin0_.id AS id1_0_, dbdirectin0_.x AS x2_0_, dbdirectin0_.y AS y3_0_ FROM db_direct_int_entity dbdirectin0_
P6SPY_SQL: SELECT TABLE_NAME FROM INFORMATION_SCHEMA.TABLES  where TABLE_SCHEMA='PUBLIC'
P6SPY_SQL: SELECT SEQUENCE_NAME FROM INFORMATION_SCHEMA.SEQUENCES WHERE SEQUENCE_SCHEMA='PUBLIC'
P6SPY_SQL: select dbdirectin0_.id as id1_0_, dbdirectin0_.x as x2_0_, dbdirectin0_.y as y3_0_ from db_direct_int_entity dbdirectin0_ where dbdirectin0_.x=3 and dbdirectin0_.y=403
P6SPY_SQL: SELECT dbdirectin0_.id AS id1_0_, dbdirectin0_.x AS x2_0_, dbdirectin0_.y AS y3_0_ FROM db_direct_int_entity dbdirectin0_
P6SPY_SQL: SELECT TABLE_NAME FROM INFORMATION_SCHEMA.TABLES  where TABLE_SCHEMA='PUBLIC'
P6SPY_SQL: SELECT SEQUENCE_NAME FROM INFORMATION_SCHEMA.SEQUENCES WHERE SEQUENCE_SCHEMA='PUBLIC'
P6SPY_SQL: select dbdirectin0_.id as id1_0_, dbdirectin0_.x as x2_0_, dbdirectin0_.y as y3_0_ from db_direct_int_entity dbdirectin0_ where dbdirectin0_.x=3 and dbdirectin0_.y=403
P6SPY_SQL: SELECT dbdirectin0_.id AS id1_0_, dbdirectin0_.x AS x2_0_, dbdirectin0_.y AS y3_0_ FROM db_direct_int_entity dbdirectin0_
&amp#27;[1A&amp#27;[2K* Consumed search budget: 79%
P6SPY_SQL: SELECT TABLE_NAME FROM INFORMATION_SCHEMA.TABLES  where TABLE_SCHEMA='PUBLIC'
P6SPY_SQL: SELECT SEQUENCE_NAME FROM INFORMATION_SCHEMA.SEQUENCES WHERE SEQUENCE_SCHEMA='PUBLIC'
P6SPY_SQL: select dbdirectin0_.id as id1_0_, dbdirectin0_.x as x2_0_, dbdirectin0_.y as y3_0_ from db_direct_int_entity dbdirectin0_ where dbdirectin0_.x=3 and dbdirectin0_.y=403
P6SPY_SQL: SELECT dbdirectin0_.id AS id1_0_, dbdirectin0_.x AS x2_0_, dbdirectin0_.y AS y3_0_ FROM db_direct_int_entity dbdirectin0_
P6SPY_SQL: SELECT TABLE_NAME FROM INFORMATION_SCHEMA.TABLES  where TABLE_SCHEMA='PUBLIC'
P6SPY_SQL: SELECT SEQUENCE_NAME FROM INFORMATION_SCHEMA.SEQUENCES WHERE SEQUENCE_SCHEMA='PUBLIC'
P6SPY_SQL: select dbdirectin0_.id as id1_0_, dbdirectin0_.x as x2_0_, dbdirectin0_.y as y3_0_ from db_direct_int_entity dbdirectin0_ where dbdirectin0_.x=3 and dbdirectin0_.y=403
P6SPY_SQL: SELECT dbdirectin0_.id AS id1_0_, dbdirectin0_.x AS x2_0_, dbdirectin0_.y AS y3_0_ FROM db_direct_int_entity dbdirectin0_
P6SPY_SQL: SELECT TABLE_NAME FROM INFORMATION_SCHEMA.TABLES  where TABLE_SCHEMA='PUBLIC'
P6SPY_SQL: SELECT SEQUENCE_NAME FROM INFORMATION_SCHEMA.SEQUENCES WHERE SEQUENCE_SCHEMA='PUBLIC'
P6SPY_SQL: select dbdirectin0_.id as id1_0_, dbdirectin0_.x as x2_0_, dbdirectin0_.y as y3_0_ from db_direct_int_entity dbdirectin0_ where dbdirectin0_.x=3 and dbdirectin0_.y=403
P6SPY_SQL: SELECT dbdirectin0_.id AS id1_0_, dbdirectin0_.x AS x2_0_, dbdirectin0_.y AS y3_0_ FROM db_direct_int_entity dbdirectin0_
P6SPY_SQL: SELECT TABLE_NAME FROM INFORMATION_SCHEMA.TABLES  where TABLE_SCHEMA='PUBLIC'
P6SPY_SQL: SELECT SEQUENCE_NAME FROM INFORMATION_SCHEMA.SEQUENCES WHERE SEQUENCE_SCHEMA='PUBLIC'
P6SPY_SQL: select dbdirectin0_.id as id1_0_, dbdirectin0_.x as x2_0_, dbdirectin0_.y as y3_0_ from db_direct_int_entity dbdirectin0_ where dbdirectin0_.x=3 and dbdirectin0_.y=403
P6SPY_SQL: SELECT dbdirectin0_.id AS id1_0_, dbdirectin0_.x AS x2_0_, dbdirectin0_.y AS y3_0_ FROM db_direct_int_entity dbdirectin0_
P6SPY_SQL: SELECT TABLE_NAME FROM INFORMATION_SCHEMA.TABLES  where TABLE_SCHEMA='PUBLIC'
P6SPY_SQL: SELECT SEQUENCE_NAME FROM INFORMATION_SCHEMA.SEQUENCES WHERE SEQUENCE_SCHEMA='PUBLIC'
P6SPY_SQL: select dbdirectin0_.id as id1_0_, dbdirectin0_.x as x2_0_, dbdirectin0_.y as y3_0_ from db_direct_int_entity dbdirectin0_ where dbdirectin0_.x=3 and dbdirectin0_.y=403
P6SPY_SQL: SELECT dbdirectin0_.id AS id1_0_, dbdirectin0_.x AS x2_0_, dbdirectin0_.y AS y3_0_ FROM db_direct_int_entity dbdirectin0_
P6SPY_SQL: SELECT TABLE_NAME FROM INFORMATION_SCHEMA.TABLES  where TABLE_SCHEMA='PUBLIC'
P6SPY_SQL: SELECT SEQUENCE_NAME FROM INFORMATION_SCHEMA.SEQUENCES WHERE SEQUENCE_SCHEMA='PUBLIC'
P6SPY_SQL: select dbdirectin0_.id as id1_0_, dbdirectin0_.x as x2_0_, dbdirectin0_.y as y3_0_ from db_direct_int_entity dbdirectin0_ where dbdirectin0_.x=3 and dbdirectin0_.y=403
P6SPY_SQL: SELECT dbdirectin0_.id AS id1_0_, dbdirectin0_.x AS x2_0_, dbdirectin0_.y AS y3_0_ FROM db_direct_int_entity dbdirectin0_
P6SPY_SQL: SELECT TABLE_NAME FROM INFORMATION_SCHEMA.TABLES  where TABLE_SCHEMA='PUBLIC'
P6SPY_SQL: SELECT SEQUENCE_NAME FROM INFORMATION_SCHEMA.SEQUENCES WHERE SEQUENCE_SCHEMA='PUBLIC'
P6SPY_SQL: select dbdirectin0_.id as id1_0_, dbdirectin0_.x as x2_0_, dbdirectin0_.y as y3_0_ from db_direct_int_entity dbdirectin0_ where dbdirectin0_.x=3 and dbdirectin0_.y=403
P6SPY_SQL: SELECT dbdirectin0_.id AS id1_0_, dbdirectin0_.x AS x2_0_, dbdirectin0_.y AS y3_0_ FROM db_direct_int_entity dbdirectin0_
P6SPY_SQL: SELECT TABLE_NAME FROM INFORMATION_SCHEMA.TABLES  where TABLE_SCHEMA='PUBLIC'
P6SPY_SQL: SELECT SEQUENCE_NAME FROM INFORMATION_SCHEMA.SEQUENCES WHERE SEQUENCE_SCHEMA='PUBLIC'
P6SPY_SQL: select dbdirectin0_.id as id1_0_, dbdirectin0_.x as x2_0_, dbdirectin0_.y as y3_0_ from db_direct_int_entity dbdirectin0_ where dbdirectin0_.x=3 and dbdirectin0_.y=403
P6SPY_SQL: SELECT dbdirectin0_.id AS id1_0_, dbdirectin0_.x AS x2_0_, dbdirectin0_.y AS y3_0_ FROM db_direct_int_entity dbdirectin0_
P6SPY_SQL: SELECT TABLE_NAME FROM INFORMATION_SCHEMA.TABLES  where TABLE_SCHEMA='PUBLIC'
P6SPY_SQL: SELECT SEQUENCE_NAME FROM INFORMATION_SCHEMA.SEQUENCES WHERE SEQUENCE_SCHEMA='PUBLIC'
P6SPY_SQL: select dbdirectin0_.id as id1_0_, dbdirectin0_.x as x2_0_, dbdirectin0_.y as y3_0_ from db_direct_int_entity dbdirectin0_ where dbdirectin0_.x=3 and dbdirectin0_.y=403
P6SPY_SQL: SELECT dbdirectin0_.id AS id1_0_, dbdirectin0_.x AS x2_0_, dbdirectin0_.y AS y3_0_ FROM db_direct_int_entity dbdirectin0_
P6SPY_SQL: SELECT TABLE_NAME FROM INFORMATION_SCHEMA.TABLES  where TABLE_SCHEMA='PUBLIC'
P6SPY_SQL: SELECT SEQUENCE_NAME FROM INFORMATION_SCHEMA.SEQUENCES WHERE SEQUENCE_SCHEMA='PUBLIC'
P6SPY_SQL: select dbdirectin0_.id as id1_0_, dbdirectin0_.x as x2_0_, dbdirectin0_.y as y3_0_ from db_direct_int_entity dbdirectin0_ where dbdirectin0_.x=3 and dbdirectin0_.y=403
P6SPY_SQL: SELECT dbdirectin0_.id AS id1_0_, dbdirectin0_.x AS x2_0_, dbdirectin0_.y AS y3_0_ FROM db_direct_int_entity dbdirectin0_
&amp#27;[1A&amp#27;[2K* Consumed search budget: 80%
P6SPY_SQL: SELECT TABLE_NAME FROM INFORMATION_SCHEMA.TABLES  where TABLE_SCHEMA='PUBLIC'
P6SPY_SQL: SELECT SEQUENCE_NAME FROM INFORMATION_SCHEMA.SEQUENCES WHERE SEQUENCE_SCHEMA='PUBLIC'
P6SPY_SQL: select dbdirectin0_.id as id1_0_, dbdirectin0_.x as x2_0_, dbdirectin0_.y as y3_0_ from db_direct_int_entity dbdirectin0_ where dbdirectin0_.x=3 and dbdirectin0_.y=403
P6SPY_SQL: SELECT dbdirectin0_.id AS id1_0_, dbdirectin0_.x AS x2_0_, dbdirectin0_.y AS y3_0_ FROM db_direct_int_entity dbdirectin0_
P6SPY_SQL: SELECT TABLE_NAME FROM INFORMATION_SCHEMA.TABLES  where TABLE_SCHEMA='PUBLIC'
P6SPY_SQL: SELECT SEQUENCE_NAME FROM INFORMATION_SCHEMA.SEQUENCES WHERE SEQUENCE_SCHEMA='PUBLIC'
P6SPY_SQL: select dbdirectin0_.id as id1_0_, dbdirectin0_.x as x2_0_, dbdirectin0_.y as y3_0_ from db_direct_int_entity dbdirectin0_ where dbdirectin0_.x=3 and dbdirectin0_.y=403
P6SPY_SQL: SELECT dbdirectin0_.id AS id1_0_, dbdirectin0_.x AS x2_0_, dbdirectin0_.y AS y3_0_ FROM db_direct_int_entity dbdirectin0_
P6SPY_SQL: SELECT TABLE_NAME FROM INFORMATION_SCHEMA.TABLES  where TABLE_SCHEMA='PUBLIC'
P6SPY_SQL: SELECT SEQUENCE_NAME FROM INFORMATION_SCHEMA.SEQUENCES WHERE SEQUENCE_SCHEMA='PUBLIC'
P6SPY_SQL: select dbdirectin0_.id as id1_0_, dbdirectin0_.x as x2_0_, dbdirectin0_.y as y3_0_ from db_direct_int_entity dbdirectin0_ where dbdirectin0_.x=3 and dbdirectin0_.y=403
P6SPY_SQL: SELECT dbdirectin0_.id AS id1_0_, dbdirectin0_.x AS x2_0_, dbdirectin0_.y AS y3_0_ FROM db_direct_int_entity dbdirectin0_
P6SPY_SQL: SELECT TABLE_NAME FROM INFORMATION_SCHEMA.TABLES  where TABLE_SCHEMA='PUBLIC'
P6SPY_SQL: SELECT SEQUENCE_NAME FROM INFORMATION_SCHEMA.SEQUENCES WHERE SEQUENCE_SCHEMA='PUBLIC'
P6SPY_SQL: select dbdirectin0_.id as id1_0_, dbdirectin0_.x as x2_0_, dbdirectin0_.y as y3_0_ from db_direct_int_entity dbdirectin0_ where dbdirectin0_.x=3 and dbdirectin0_.y=403
P6SPY_SQL: SELECT dbdirectin0_.id AS id1_0_, dbdirectin0_.x AS x2_0_, dbdirectin0_.y AS y3_0_ FROM db_direct_int_entity dbdirectin0_
P6SPY_SQL: SELECT TABLE_NAME FROM INFORMATION_SCHEMA.TABLES  where TABLE_SCHEMA='PUBLIC'
P6SPY_SQL: SELECT SEQUENCE_NAME FROM INFORMATION_SCHEMA.SEQUENCES WHERE SEQUENCE_SCHEMA='PUBLIC'
P6SPY_SQL: select dbdirectin0_.id as id1_0_, dbdirectin0_.x as x2_0_, dbdirectin0_.y as y3_0_ from db_direct_int_entity dbdirectin0_ where dbdirectin0_.x=3 and dbdirectin0_.y=403
P6SPY_SQL: SELECT dbdirectin0_.id AS id1_0_, dbdirectin0_.x AS x2_0_, dbdirectin0_.y AS y3_0_ FROM db_direct_int_entity dbdirectin0_
P6SPY_SQL: SELECT TABLE_NAME FROM INFORMATION_SCHEMA.TABLES  where TABLE_SCHEMA='PUBLIC'
P6SPY_SQL: SELECT SEQUENCE_NAME FROM INFORMATION_SCHEMA.SEQUENCES WHERE SEQUENCE_SCHEMA='PUBLIC'
P6SPY_SQL: select dbdirectin0_.id as id1_0_, dbdirectin0_.x as x2_0_, dbdirectin0_.y as y3_0_ from db_direct_int_entity dbdirectin0_ where dbdirectin0_.x=3 and dbdirectin0_.y=403
P6SPY_SQL: SELECT dbdirectin0_.id AS id1_0_, dbdirectin0_.x AS x2_0_, dbdirectin0_.y AS y3_0_ FROM db_direct_int_entity dbdirectin0_
P6SPY_SQL: SELECT TABLE_NAME FROM INFORMATION_SCHEMA.TABLES  where TABLE_SCHEMA='PUBLIC'
P6SPY_SQL: SELECT SEQUENCE_NAME FROM INFORMATION_SCHEMA.SEQUENCES WHERE SEQUENCE_SCHEMA='PUBLIC'
P6SPY_SQL: select dbdirectin0_.id as id1_0_, dbdirectin0_.x as x2_0_, dbdirectin0_.y as y3_0_ from db_direct_int_entity dbdirectin0_ where dbdirectin0_.x=3 and dbdirectin0_.y=403
P6SPY_SQL: SELECT dbdirectin0_.id AS id1_0_, dbdirectin0_.x AS x2_0_, dbdirectin0_.y AS y3_0_ FROM db_direct_int_entity dbdirectin0_
P6SPY_SQL: SELECT TABLE_NAME FROM INFORMATION_SCHEMA.TABLES  where TABLE_SCHEMA='PUBLIC'
P6SPY_SQL: SELECT SEQUENCE_NAME FROM INFORMATION_SCHEMA.SEQUENCES WHERE SEQUENCE_SCHEMA='PUBLIC'
P6SPY_SQL: select dbdirectin0_.id as id1_0_, dbdirectin0_.x as x2_0_, dbdirectin0_.y as y3_0_ from db_direct_int_entity dbdirectin0_ where dbdirectin0_.x=3 and dbdirectin0_.y=403
P6SPY_SQL: SELECT dbdirectin0_.id AS id1_0_, dbdirectin0_.x AS x2_0_, dbdirectin0_.y AS y3_0_ FROM db_direct_int_entity dbdirectin0_
P6SPY_SQL: SELECT TABLE_NAME FROM INFORMATION_SCHEMA.TABLES  where TABLE_SCHEMA='PUBLIC'
P6SPY_SQL: SELECT SEQUENCE_NAME FROM INFORMATION_SCHEMA.SEQUENCES WHERE SEQUENCE_SCHEMA='PUBLIC'
P6SPY_SQL: select dbdirectin0_.id as id1_0_, dbdirectin0_.x as x2_0_, dbdirectin0_.y as y3_0_ from db_direct_int_entity dbdirectin0_ where dbdirectin0_.x=3 and dbdirectin0_.y=403
P6SPY_SQL: SELECT dbdirectin0_.id AS id1_0_, dbdirectin0_.x AS x2_0_, dbdirectin0_.y AS y3_0_ FROM db_direct_int_entity dbdirectin0_
P6SPY_SQL: SELECT TABLE_NAME FROM INFORMATION_SCHEMA.TABLES  where TABLE_SCHEMA='PUBLIC'
P6SPY_SQL: SELECT SEQUENCE_NAME FROM INFORMATION_SCHEMA.SEQUENCES WHERE SEQUENCE_SCHEMA='PUBLIC'
P6SPY_SQL: select dbdirectin0_.id as id1_0_, dbdirectin0_.x as x2_0_, dbdirectin0_.y as y3_0_ from db_direct_int_entity dbdirectin0_ where dbdirectin0_.x=3 and dbdirectin0_.y=403
P6SPY_SQL: SELECT dbdirectin0_.id AS id1_0_, dbdirectin0_.x AS x2_0_, dbdirectin0_.y AS y3_0_ FROM db_direct_int_entity dbdirectin0_
&amp#27;[1A&amp#27;[2K* Consumed search budget: 81%
P6SPY_SQL: SELECT TABLE_NAME FROM INFORMATION_SCHEMA.TABLES  where TABLE_SCHEMA='PUBLIC'
P6SPY_SQL: SELECT SEQUENCE_NAME FROM INFORMATION_SCHEMA.SEQUENCES WHERE SEQUENCE_SCHEMA='PUBLIC'
P6SPY_SQL: select dbdirectin0_.id as id1_0_, dbdirectin0_.x as x2_0_, dbdirectin0_.y as y3_0_ from db_direct_int_entity dbdirectin0_ where dbdirectin0_.x=3 and dbdirectin0_.y=403
P6SPY_SQL: SELECT dbdirectin0_.id AS id1_0_, dbdirectin0_.x AS x2_0_, dbdirectin0_.y AS y3_0_ FROM db_direct_int_entity dbdirectin0_
P6SPY_SQL: SELECT TABLE_NAME FROM INFORMATION_SCHEMA.TABLES  where TABLE_SCHEMA='PUBLIC'
P6SPY_SQL: SELECT SEQUENCE_NAME FROM INFORMATION_SCHEMA.SEQUENCES WHERE SEQUENCE_SCHEMA='PUBLIC'
P6SPY_SQL: select dbdirectin0_.id as id1_0_, dbdirectin0_.x as x2_0_, dbdirectin0_.y as y3_0_ from db_direct_int_entity dbdirectin0_ where dbdirectin0_.x=3 and dbdirectin0_.y=403
P6SPY_SQL: SELECT dbdirectin0_.id AS id1_0_, dbdirectin0_.x AS x2_0_, dbdirectin0_.y AS y3_0_ FROM db_direct_int_entity dbdirectin0_
P6SPY_SQL: SELECT TABLE_NAME FROM INFORMATION_SCHEMA.TABLES  where TABLE_SCHEMA='PUBLIC'
P6SPY_SQL: SELECT SEQUENCE_NAME FROM INFORMATION_SCHEMA.SEQUENCES WHERE SEQUENCE_SCHEMA='PUBLIC'
P6SPY_SQL: select dbdirectin0_.id as id1_0_, dbdirectin0_.x as x2_0_, dbdirectin0_.y as y3_0_ from db_direct_int_entity dbdirectin0_ where dbdirectin0_.x=3 and dbdirectin0_.y=403
P6SPY_SQL: SELECT dbdirectin0_.id AS id1_0_, dbdirectin0_.x AS x2_0_, dbdirectin0_.y AS y3_0_ FROM db_direct_int_entity dbdirectin0_
P6SPY_SQL: SELECT TABLE_NAME FROM INFORMATION_SCHEMA.TABLES  where TABLE_SCHEMA='PUBLIC'
P6SPY_SQL: SELECT SEQUENCE_NAME FROM INFORMATION_SCHEMA.SEQUENCES WHERE SEQUENCE_SCHEMA='PUBLIC'
P6SPY_SQL: select dbdirectin0_.id as id1_0_, dbdirectin0_.x as x2_0_, dbdirectin0_.y as y3_0_ from db_direct_int_entity dbdirectin0_ where dbdirectin0_.x=3 and dbdirectin0_.y=403
P6SPY_SQL: SELECT dbdirectin0_.id AS id1_0_, dbdirectin0_.x AS x2_0_, dbdirectin0_.y AS y3_0_ FROM db_direct_int_entity dbdirectin0_
P6SPY_SQL: SELECT TABLE_NAME FROM INFORMATION_SCHEMA.TABLES  where TABLE_SCHEMA='PUBLIC'
P6SPY_SQL: SELECT SEQUENCE_NAME FROM INFORMATION_SCHEMA.SEQUENCES WHERE SEQUENCE_SCHEMA='PUBLIC'
P6SPY_SQL: select dbdirectin0_.id as id1_0_, dbdirectin0_.x as x2_0_, dbdirectin0_.y as y3_0_ from db_direct_int_entity dbdirectin0_ where dbdirectin0_.x=3 and dbdirectin0_.y=403
P6SPY_SQL: SELECT dbdirectin0_.id AS id1_0_, dbdirectin0_.x AS x2_0_, dbdirectin0_.y AS y3_0_ FROM db_direct_int_entity dbdirectin0_
P6SPY_SQL: SELECT TABLE_NAME FROM INFORMATION_SCHEMA.TABLES  where TABLE_SCHEMA='PUBLIC'
P6SPY_SQL: SELECT SEQUENCE_NAME FROM INFORMATION_SCHEMA.SEQUENCES WHERE SEQUENCE_SCHEMA='PUBLIC'
P6SPY_SQL: select dbdirectin0_.id as id1_0_, dbdirectin0_.x as x2_0_, dbdirectin0_.y as y3_0_ from db_direct_int_entity dbdirectin0_ where dbdirectin0_.x=3 and dbdirectin0_.y=403
P6SPY_SQL: SELECT dbdirectin0_.id AS id1_0_, dbdirectin0_.x AS x2_0_, dbdirectin0_.y AS y3_0_ FROM db_direct_int_entity dbdirectin0_
P6SPY_SQL: SELECT TABLE_NAME FROM INFORMATION_SCHEMA.TABLES  where TABLE_SCHEMA='PUBLIC'
P6SPY_SQL: SELECT SEQUENCE_NAME FROM INFORMATION_SCHEMA.SEQUENCES WHERE SEQUENCE_SCHEMA='PUBLIC'
P6SPY_SQL: select dbdirectin0_.id as id1_0_, dbdirectin0_.x as x2_0_, dbdirectin0_.y as y3_0_ from db_direct_int_entity dbdirectin0_ where dbdirectin0_.x=3 and dbdirectin0_.y=403
P6SPY_SQL: SELECT dbdirectin0_.id AS id1_0_, dbdirectin0_.x AS x2_0_, dbdirectin0_.y AS y3_0_ FROM db_direct_int_entity dbdirectin0_
P6SPY_SQL: SELECT TABLE_NAME FROM INFORMATION_SCHEMA.TABLES  where TABLE_SCHEMA='PUBLIC'
P6SPY_SQL: SELECT SEQUENCE_NAME FROM INFORMATION_SCHEMA.SEQUENCES WHERE SEQUENCE_SCHEMA='PUBLIC'
P6SPY_SQL: select dbdirectin0_.id as id1_0_, dbdirectin0_.x as x2_0_, dbdirectin0_.y as y3_0_ from db_direct_int_entity dbdirectin0_ where dbdirectin0_.x=3 and dbdirectin0_.y=403
P6SPY_SQL: SELECT dbdirectin0_.id AS id1_0_, dbdirectin0_.x AS x2_0_, dbdirectin0_.y AS y3_0_ FROM db_direct_int_entity dbdirectin0_
P6SPY_SQL: SELECT TABLE_NAME FROM INFORMATION_SCHEMA.TABLES  where TABLE_SCHEMA='PUBLIC'
P6SPY_SQL: SELECT SEQUENCE_NAME FROM INFORMATION_SCHEMA.SEQUENCES WHERE SEQUENCE_SCHEMA='PUBLIC'
P6SPY_SQL: select dbdirectin0_.id as id1_0_, dbdirectin0_.x as x2_0_, dbdirectin0_.y as y3_0_ from db_direct_int_entity dbdirectin0_ where dbdirectin0_.x=3 and dbdirectin0_.y=403
P6SPY_SQL: SELECT dbdirectin0_.id AS id1_0_, dbdirectin0_.x AS x2_0_, dbdirectin0_.y AS y3_0_ FROM db_direct_int_entity dbdirectin0_
P6SPY_SQL: SELECT TABLE_NAME FROM INFORMATION_SCHEMA.TABLES  where TABLE_SCHEMA='PUBLIC'
P6SPY_SQL: SELECT SEQUENCE_NAME FROM INFORMATION_SCHEMA.SEQUENCES WHERE SEQUENCE_SCHEMA='PUBLIC'
P6SPY_SQL: select dbdirectin0_.id as id1_0_, dbdirectin0_.x as x2_0_, dbdirectin0_.y as y3_0_ from db_direct_int_entity dbdirectin0_ where dbdirectin0_.x=3 and dbdirectin0_.y=403
P6SPY_SQL: SELECT dbdirectin0_.id AS id1_0_, dbdirectin0_.x AS x2_0_, dbdirectin0_.y AS y3_0_ FROM db_direct_int_entity dbdirectin0_
&amp#27;[1A&amp#27;[2K* Consumed search budget: 82%
P6SPY_SQL: SELECT TABLE_NAME FROM INFORMATION_SCHEMA.TABLES  where TABLE_SCHEMA='PUBLIC'
P6SPY_SQL: SELECT SEQUENCE_NAME FROM INFORMATION_SCHEMA.SEQUENCES WHERE SEQUENCE_SCHEMA='PUBLIC'
P6SPY_SQL: select dbdirectin0_.id as id1_0_, dbdirectin0_.x as x2_0_, dbdirectin0_.y as y3_0_ from db_direct_int_entity dbdirectin0_ where dbdirectin0_.x=3 and dbdirectin0_.y=403
P6SPY_SQL: SELECT dbdirectin0_.id AS id1_0_, dbdirectin0_.x AS x2_0_, dbdirectin0_.y AS y3_0_ FROM db_direct_int_entity dbdirectin0_
P6SPY_SQL: SELECT TABLE_NAME FROM INFORMATION_SCHEMA.TABLES  where TABLE_SCHEMA='PUBLIC'
P6SPY_SQL: SELECT SEQUENCE_NAME FROM INFORMATION_SCHEMA.SEQUENCES WHERE SEQUENCE_SCHEMA='PUBLIC'
P6SPY_SQL: select dbdirectin0_.id as id1_0_, dbdirectin0_.x as x2_0_, dbdirectin0_.y as y3_0_ from db_direct_int_entity dbdirectin0_ where dbdirectin0_.x=3 and dbdirectin0_.y=403
P6SPY_SQL: SELECT dbdirectin0_.id AS id1_0_, dbdirectin0_.x AS x2_0_, dbdirectin0_.y AS y3_0_ FROM db_direct_int_entity dbdirectin0_
P6SPY_SQL: SELECT TABLE_NAME FROM INFORMATION_SCHEMA.TABLES  where TABLE_SCHEMA='PUBLIC'
P6SPY_SQL: SELECT SEQUENCE_NAME FROM INFORMATION_SCHEMA.SEQUENCES WHERE SEQUENCE_SCHEMA='PUBLIC'
P6SPY_SQL: select dbdirectin0_.id as id1_0_, dbdirectin0_.x as x2_0_, dbdirectin0_.y as y3_0_ from db_direct_int_entity dbdirectin0_ where dbdirectin0_.x=3 and dbdirectin0_.y=403
P6SPY_SQL: SELECT dbdirectin0_.id AS id1_0_, dbdirectin0_.x AS x2_0_, dbdirectin0_.y AS y3_0_ FROM db_direct_int_entity dbdirectin0_
P6SPY_SQL: SELECT TABLE_NAME FROM INFORMATION_SCHEMA.TABLES  where TABLE_SCHEMA='PUBLIC'
P6SPY_SQL: SELECT SEQUENCE_NAME FROM INFORMATION_SCHEMA.SEQUENCES WHERE SEQUENCE_SCHEMA='PUBLIC'
P6SPY_SQL: select dbdirectin0_.id as id1_0_, dbdirectin0_.x as x2_0_, dbdirectin0_.y as y3_0_ from db_direct_int_entity dbdirectin0_ where dbdirectin0_.x=3 and dbdirectin0_.y=403
P6SPY_SQL: SELECT dbdirectin0_.id AS id1_0_, dbdirectin0_.x AS x2_0_, dbdirectin0_.y AS y3_0_ FROM db_direct_int_entity dbdirectin0_
P6SPY_SQL: SELECT TABLE_NAME FROM INFORMATION_SCHEMA.TABLES  where TABLE_SCHEMA='PUBLIC'
P6SPY_SQL: SELECT SEQUENCE_NAME FROM INFORMATION_SCHEMA.SEQUENCES WHERE SEQUENCE_SCHEMA='PUBLIC'
P6SPY_SQL: select dbdirectin0_.id as id1_0_, dbdirectin0_.x as x2_0_, dbdirectin0_.y as y3_0_ from db_direct_int_entity dbdirectin0_ where dbdirectin0_.x=3 and dbdirectin0_.y=403
P6SPY_SQL: SELECT dbdirectin0_.id AS id1_0_, dbdirectin0_.x AS x2_0_, dbdirectin0_.y AS y3_0_ FROM db_direct_int_entity dbdirectin0_
P6SPY_SQL: SELECT TABLE_NAME FROM INFORMATION_SCHEMA.TABLES  where TABLE_SCHEMA='PUBLIC'
P6SPY_SQL: SELECT SEQUENCE_NAME FROM INFORMATION_SCHEMA.SEQUENCES WHERE SEQUENCE_SCHEMA='PUBLIC'
P6SPY_SQL: select dbdirectin0_.id as id1_0_, dbdirectin0_.x as x2_0_, dbdirectin0_.y as y3_0_ from db_direct_int_entity dbdirectin0_ where dbdirectin0_.x=3 and dbdirectin0_.y=403
P6SPY_SQL: SELECT dbdirectin0_.id AS id1_0_, dbdirectin0_.x AS x2_0_, dbdirectin0_.y AS y3_0_ FROM db_direct_int_entity dbdirectin0_
P6SPY_SQL: SELECT TABLE_NAME FROM INFORMATION_SCHEMA.TABLES  where TABLE_SCHEMA='PUBLIC'
P6SPY_SQL: SELECT SEQUENCE_NAME FROM INFORMATION_SCHEMA.SEQUENCES WHERE SEQUENCE_SCHEMA='PUBLIC'
P6SPY_SQL: select dbdirectin0_.id as id1_0_, dbdirectin0_.x as x2_0_, dbdirectin0_.y as y3_0_ from db_direct_int_entity dbdirectin0_ where dbdirectin0_.x=3 and dbdirectin0_.y=403
P6SPY_SQL: SELECT dbdirectin0_.id AS id1_0_, dbdirectin0_.x AS x2_0_, dbdirectin0_.y AS y3_0_ FROM db_direct_int_entity dbdirectin0_
P6SPY_SQL: SELECT TABLE_NAME FROM INFORMATION_SCHEMA.TABLES  where TABLE_SCHEMA='PUBLIC'
P6SPY_SQL: SELECT SEQUENCE_NAME FROM INFORMATION_SCHEMA.SEQUENCES WHERE SEQUENCE_SCHEMA='PUBLIC'
P6SPY_SQL: select dbdirectin0_.id as id1_0_, dbdirectin0_.x as x2_0_, dbdirectin0_.y as y3_0_ from db_direct_int_entity dbdirectin0_ where dbdirectin0_.x=3 and dbdirectin0_.y=403
P6SPY_SQL: SELECT dbdirectin0_.id AS id1_0_, dbdirectin0_.x AS x2_0_, dbdirectin0_.y AS y3_0_ FROM db_direct_int_entity dbdirectin0_
P6SPY_SQL: SELECT TABLE_NAME FROM INFORMATION_SCHEMA.TABLES  where TABLE_SCHEMA='PUBLIC'
P6SPY_SQL: SELECT SEQUENCE_NAME FROM INFORMATION_SCHEMA.SEQUENCES WHERE SEQUENCE_SCHEMA='PUBLIC'
P6SPY_SQL: select dbdirectin0_.id as id1_0_, dbdirectin0_.x as x2_0_, dbdirectin0_.y as y3_0_ from db_direct_int_entity dbdirectin0_ where dbdirectin0_.x=3 and dbdirectin0_.y=403
P6SPY_SQL: SELECT dbdirectin0_.id AS id1_0_, dbdirectin0_.x AS x2_0_, dbdirectin0_.y AS y3_0_ FROM db_direct_int_entity dbdirectin0_
P6SPY_SQL: SELECT TABLE_NAME FROM INFORMATION_SCHEMA.TABLES  where TABLE_SCHEMA='PUBLIC'
P6SPY_SQL: SELECT SEQUENCE_NAME FROM INFORMATION_SCHEMA.SEQUENCES WHERE SEQUENCE_SCHEMA='PUBLIC'
P6SPY_SQL: select dbdirectin0_.id as id1_0_, dbdirectin0_.x as x2_0_, dbdirectin0_.y as y3_0_ from db_direct_int_entity dbdirectin0_ where dbdirectin0_.x=3 and dbdirectin0_.y=403
P6SPY_SQL: SELECT dbdirectin0_.id AS id1_0_, dbdirectin0_.x AS x2_0_, dbdirectin0_.y AS y3_0_ FROM db_direct_int_entity dbdirectin0_
&amp#27;[1A&amp#27;[2K* Consumed search budget: 83%
P6SPY_SQL: SELECT TABLE_NAME FROM INFORMATION_SCHEMA.TABLES  where TABLE_SCHEMA='PUBLIC'
P6SPY_SQL: SELECT SEQUENCE_NAME FROM INFORMATION_SCHEMA.SEQUENCES WHERE SEQUENCE_SCHEMA='PUBLIC'
P6SPY_SQL: select dbdirectin0_.id as id1_0_, dbdirectin0_.x as x2_0_, dbdirectin0_.y as y3_0_ from db_direct_int_entity dbdirectin0_ where dbdirectin0_.x=3 and dbdirectin0_.y=403
P6SPY_SQL: SELECT dbdirectin0_.id AS id1_0_, dbdirectin0_.x AS x2_0_, dbdirectin0_.y AS y3_0_ FROM db_direct_int_entity dbdirectin0_
P6SPY_SQL: SELECT TABLE_NAME FROM INFORMATION_SCHEMA.TABLES  where TABLE_SCHEMA='PUBLIC'
P6SPY_SQL: SELECT SEQUENCE_NAME FROM INFORMATION_SCHEMA.SEQUENCES WHERE SEQUENCE_SCHEMA='PUBLIC'
P6SPY_SQL: select dbdirectin0_.id as id1_0_, dbdirectin0_.x as x2_0_, dbdirectin0_.y as y3_0_ from db_direct_int_entity dbdirectin0_ where dbdirectin0_.x=3 and dbdirectin0_.y=403
P6SPY_SQL: SELECT dbdirectin0_.id AS id1_0_, dbdirectin0_.x AS x2_0_, dbdirectin0_.y AS y3_0_ FROM db_direct_int_entity dbdirectin0_
P6SPY_SQL: SELECT TABLE_NAME FROM INFORMATION_SCHEMA.TABLES  where TABLE_SCHEMA='PUBLIC'
P6SPY_SQL: SELECT SEQUENCE_NAME FROM INFORMATION_SCHEMA.SEQUENCES WHERE SEQUENCE_SCHEMA='PUBLIC'
P6SPY_SQL: select dbdirectin0_.id as id1_0_, dbdirectin0_.x as x2_0_, dbdirectin0_.y as y3_0_ from db_direct_int_entity dbdirectin0_ where dbdirectin0_.x=3 and dbdirectin0_.y=403
P6SPY_SQL: SELECT dbdirectin0_.id AS id1_0_, dbdirectin0_.x AS x2_0_, dbdirectin0_.y AS y3_0_ FROM db_direct_int_entity dbdirectin0_
P6SPY_SQL: SELECT TABLE_NAME FROM INFORMATION_SCHEMA.TABLES  where TABLE_SCHEMA='PUBLIC'
P6SPY_SQL: SELECT SEQUENCE_NAME FROM INFORMATION_SCHEMA.SEQUENCES WHERE SEQUENCE_SCHEMA='PUBLIC'
P6SPY_SQL: select dbdirectin0_.id as id1_0_, dbdirectin0_.x as x2_0_, dbdirectin0_.y as y3_0_ from db_direct_int_entity dbdirectin0_ where dbdirectin0_.x=3 and dbdirectin0_.y=403
P6SPY_SQL: SELECT dbdirectin0_.id AS id1_0_, dbdirectin0_.x AS x2_0_, dbdirectin0_.y AS y3_0_ FROM db_direct_int_entity dbdirectin0_
P6SPY_SQL: SELECT TABLE_NAME FROM INFORMATION_SCHEMA.TABLES  where TABLE_SCHEMA='PUBLIC'
P6SPY_SQL: SELECT SEQUENCE_NAME FROM INFORMATION_SCHEMA.SEQUENCES WHERE SEQUENCE_SCHEMA='PUBLIC'
P6SPY_SQL: select dbdirectin0_.id as id1_0_, dbdirectin0_.x as x2_0_, dbdirectin0_.y as y3_0_ from db_direct_int_entity dbdirectin0_ where dbdirectin0_.x=3 and dbdirectin0_.y=403
P6SPY_SQL: SELECT dbdirectin0_.id AS id1_0_, dbdirectin0_.x AS x2_0_, dbdirectin0_.y AS y3_0_ FROM db_direct_int_entity dbdirectin0_
P6SPY_SQL: SELECT TABLE_NAME FROM INFORMATION_SCHEMA.TABLES  where TABLE_SCHEMA='PUBLIC'
P6SPY_SQL: SELECT SEQUENCE_NAME FROM INFORMATION_SCHEMA.SEQUENCES WHERE SEQUENCE_SCHEMA='PUBLIC'
P6SPY_SQL: select dbdirectin0_.id as id1_0_, dbdirectin0_.x as x2_0_, dbdirectin0_.y as y3_0_ from db_direct_int_entity dbdirectin0_ where dbdirectin0_.x=3 and dbdirectin0_.y=403
P6SPY_SQL: SELECT dbdirectin0_.id AS id1_0_, dbdirectin0_.x AS x2_0_, dbdirectin0_.y AS y3_0_ FROM db_direct_int_entity dbdirectin0_
P6SPY_SQL: SELECT TABLE_NAME FROM INFORMATION_SCHEMA.TABLES  where TABLE_SCHEMA='PUBLIC'
P6SPY_SQL: SELECT SEQUENCE_NAME FROM INFORMATION_SCHEMA.SEQUENCES WHERE SEQUENCE_SCHEMA='PUBLIC'
P6SPY_SQL: select dbdirectin0_.id as id1_0_, dbdirectin0_.x as x2_0_, dbdirectin0_.y as y3_0_ from db_direct_int_entity dbdirectin0_ where dbdirectin0_.x=3 and dbdirectin0_.y=403
P6SPY_SQL: SELECT dbdirectin0_.id AS id1_0_, dbdirectin0_.x AS x2_0_, dbdirectin0_.y AS y3_0_ FROM db_direct_int_entity dbdirectin0_
P6SPY_SQL: SELECT TABLE_NAME FROM INFORMATION_SCHEMA.TABLES  where TABLE_SCHEMA='PUBLIC'
P6SPY_SQL: SELECT SEQUENCE_NAME FROM INFORMATION_SCHEMA.SEQUENCES WHERE SEQUENCE_SCHEMA='PUBLIC'
P6SPY_SQL: select dbdirectin0_.id as id1_0_, dbdirectin0_.x as x2_0_, dbdirectin0_.y as y3_0_ from db_direct_int_entity dbdirectin0_ where dbdirectin0_.x=3 and dbdirectin0_.y=403
P6SPY_SQL: SELECT dbdirectin0_.id AS id1_0_, dbdirectin0_.x AS x2_0_, dbdirectin0_.y AS y3_0_ FROM db_direct_int_entity dbdirectin0_
P6SPY_SQL: SELECT TABLE_NAME FROM INFORMATION_SCHEMA.TABLES  where TABLE_SCHEMA='PUBLIC'
P6SPY_SQL: SELECT SEQUENCE_NAME FROM INFORMATION_SCHEMA.SEQUENCES WHERE SEQUENCE_SCHEMA='PUBLIC'
P6SPY_SQL: select dbdirectin0_.id as id1_0_, dbdirectin0_.x as x2_0_, dbdirectin0_.y as y3_0_ from db_direct_int_entity dbdirectin0_ where dbdirectin0_.x=3 and dbdirectin0_.y=403
P6SPY_SQL: SELECT dbdirectin0_.id AS id1_0_, dbdirectin0_.x AS x2_0_, dbdirectin0_.y AS y3_0_ FROM db_direct_int_entity dbdirectin0_
P6SPY_SQL: SELECT TABLE_NAME FROM INFORMATION_SCHEMA.TABLES  where TABLE_SCHEMA='PUBLIC'
P6SPY_SQL: SELECT SEQUENCE_NAME FROM INFORMATION_SCHEMA.SEQUENCES WHERE SEQUENCE_SCHEMA='PUBLIC'
P6SPY_SQL: select dbdirectin0_.id as id1_0_, dbdirectin0_.x as x2_0_, dbdirectin0_.y as y3_0_ from db_direct_int_entity dbdirectin0_ where dbdirectin0_.x=3 and dbdirectin0_.y=403
P6SPY_SQL: SELECT dbdirectin0_.id AS id1_0_, dbdirectin0_.x AS x2_0_, dbdirectin0_.y AS y3_0_ FROM db_direct_int_entity dbdirectin0_
&amp#27;[1A&amp#27;[2K* Consumed search budget: 84%
P6SPY_SQL: SELECT TABLE_NAME FROM INFORMATION_SCHEMA.TABLES  where TABLE_SCHEMA='PUBLIC'
P6SPY_SQL: SELECT SEQUENCE_NAME FROM INFORMATION_SCHEMA.SEQUENCES WHERE SEQUENCE_SCHEMA='PUBLIC'
P6SPY_SQL: select dbdirectin0_.id as id1_0_, dbdirectin0_.x as x2_0_, dbdirectin0_.y as y3_0_ from db_direct_int_entity dbdirectin0_ where dbdirectin0_.x=3 and dbdirectin0_.y=403
P6SPY_SQL: SELECT dbdirectin0_.id AS id1_0_, dbdirectin0_.x AS x2_0_, dbdirectin0_.y AS y3_0_ FROM db_direct_int_entity dbdirectin0_
P6SPY_SQL: SELECT TABLE_NAME FROM INFORMATION_SCHEMA.TABLES  where TABLE_SCHEMA='PUBLIC'
P6SPY_SQL: SELECT SEQUENCE_NAME FROM INFORMATION_SCHEMA.SEQUENCES WHERE SEQUENCE_SCHEMA='PUBLIC'
P6SPY_SQL: select dbdirectin0_.id as id1_0_, dbdirectin0_.x as x2_0_, dbdirectin0_.y as y3_0_ from db_direct_int_entity dbdirectin0_ where dbdirectin0_.x=3 and dbdirectin0_.y=403
P6SPY_SQL: SELECT dbdirectin0_.id AS id1_0_, dbdirectin0_.x AS x2_0_, dbdirectin0_.y AS y3_0_ FROM db_direct_int_entity dbdirectin0_
P6SPY_SQL: SELECT TABLE_NAME FROM INFORMATION_SCHEMA.TABLES  where TABLE_SCHEMA='PUBLIC'
P6SPY_SQL: SELECT SEQUENCE_NAME FROM INFORMATION_SCHEMA.SEQUENCES WHERE SEQUENCE_SCHEMA='PUBLIC'
P6SPY_SQL: select dbdirectin0_.id as id1_0_, dbdirectin0_.x as x2_0_, dbdirectin0_.y as y3_0_ from db_direct_int_entity dbdirectin0_ where dbdirectin0_.x=3 and dbdirectin0_.y=403
P6SPY_SQL: SELECT dbdirectin0_.id AS id1_0_, dbdirectin0_.x AS x2_0_, dbdirectin0_.y AS y3_0_ FROM db_direct_int_entity dbdirectin0_
P6SPY_SQL: SELECT TABLE_NAME FROM INFORMATION_SCHEMA.TABLES  where TABLE_SCHEMA='PUBLIC'
P6SPY_SQL: SELECT SEQUENCE_NAME FROM INFORMATION_SCHEMA.SEQUENCES WHERE SEQUENCE_SCHEMA='PUBLIC'
P6SPY_SQL: select dbdirectin0_.id as id1_0_, dbdirectin0_.x as x2_0_, dbdirectin0_.y as y3_0_ from db_direct_int_entity dbdirectin0_ where dbdirectin0_.x=3 and dbdirectin0_.y=403
P6SPY_SQL: SELECT dbdirectin0_.id AS id1_0_, dbdirectin0_.x AS x2_0_, dbdirectin0_.y AS y3_0_ FROM db_direct_int_entity dbdirectin0_
P6SPY_SQL: SELECT TABLE_NAME FROM INFORMATION_SCHEMA.TABLES  where TABLE_SCHEMA='PUBLIC'
P6SPY_SQL: SELECT SEQUENCE_NAME FROM INFORMATION_SCHEMA.SEQUENCES WHERE SEQUENCE_SCHEMA='PUBLIC'
P6SPY_SQL: select dbdirectin0_.id as id1_0_, dbdirectin0_.x as x2_0_, dbdirectin0_.y as y3_0_ from db_direct_int_entity dbdirectin0_ where dbdirectin0_.x=3 and dbdirectin0_.y=403
P6SPY_SQL: SELECT dbdirectin0_.id AS id1_0_, dbdirectin0_.x AS x2_0_, dbdirectin0_.y AS y3_0_ FROM db_direct_int_entity dbdirectin0_
P6SPY_SQL: SELECT TABLE_NAME FROM INFORMATION_SCHEMA.TABLES  where TABLE_SCHEMA='PUBLIC'
P6SPY_SQL: SELECT SEQUENCE_NAME FROM INFORMATION_SCHEMA.SEQUENCES WHERE SEQUENCE_SCHEMA='PUBLIC'
P6SPY_SQL: select dbdirectin0_.id as id1_0_, dbdirectin0_.x as x2_0_, dbdirectin0_.y as y3_0_ from db_direct_int_entity dbdirectin0_ where dbdirectin0_.x=3 and dbdirectin0_.y=403
P6SPY_SQL: SELECT dbdirectin0_.id AS id1_0_, dbdirectin0_.x AS x2_0_, dbdirectin0_.y AS y3_0_ FROM db_direct_int_entity dbdirectin0_
P6SPY_SQL: SELECT TABLE_NAME FROM INFORMATION_SCHEMA.TABLES  where TABLE_SCHEMA='PUBLIC'
P6SPY_SQL: SELECT SEQUENCE_NAME FROM INFORMATION_SCHEMA.SEQUENCES WHERE SEQUENCE_SCHEMA='PUBLIC'
P6SPY_SQL: select dbdirectin0_.id as id1_0_, dbdirectin0_.x as x2_0_, dbdirectin0_.y as y3_0_ from db_direct_int_entity dbdirectin0_ where dbdirectin0_.x=3 and dbdirectin0_.y=403
P6SPY_SQL: SELECT dbdirectin0_.id AS id1_0_, dbdirectin0_.x AS x2_0_, dbdirectin0_.y AS y3_0_ FROM db_direct_int_entity dbdirectin0_
P6SPY_SQL: SELECT TABLE_NAME FROM INFORMATION_SCHEMA.TABLES  where TABLE_SCHEMA='PUBLIC'
P6SPY_SQL: SELECT SEQUENCE_NAME FROM INFORMATION_SCHEMA.SEQUENCES WHERE SEQUENCE_SCHEMA='PUBLIC'
P6SPY_SQL: select dbdirectin0_.id as id1_0_, dbdirectin0_.x as x2_0_, dbdirectin0_.y as y3_0_ from db_direct_int_entity dbdirectin0_ where dbdirectin0_.x=3 and dbdirectin0_.y=403
P6SPY_SQL: SELECT dbdirectin0_.id AS id1_0_, dbdirectin0_.x AS x2_0_, dbdirectin0_.y AS y3_0_ FROM db_direct_int_entity dbdirectin0_
P6SPY_SQL: SELECT TABLE_NAME FROM INFORMATION_SCHEMA.TABLES  where TABLE_SCHEMA='PUBLIC'
P6SPY_SQL: SELECT SEQUENCE_NAME FROM INFORMATION_SCHEMA.SEQUENCES WHERE SEQUENCE_SCHEMA='PUBLIC'
P6SPY_SQL: select dbdirectin0_.id as id1_0_, dbdirectin0_.x as x2_0_, dbdirectin0_.y as y3_0_ from db_direct_int_entity dbdirectin0_ where dbdirectin0_.x=3 and dbdirectin0_.y=403
P6SPY_SQL: SELECT dbdirectin0_.id AS id1_0_, dbdirectin0_.x AS x2_0_, dbdirectin0_.y AS y3_0_ FROM db_direct_int_entity dbdirectin0_
P6SPY_SQL: SELECT TABLE_NAME FROM INFORMATION_SCHEMA.TABLES  where TABLE_SCHEMA='PUBLIC'
P6SPY_SQL: SELECT SEQUENCE_NAME FROM INFORMATION_SCHEMA.SEQUENCES WHERE SEQUENCE_SCHEMA='PUBLIC'
P6SPY_SQL: select dbdirectin0_.id as id1_0_, dbdirectin0_.x as x2_0_, dbdirectin0_.y as y3_0_ from db_direct_int_entity dbdirectin0_ where dbdirectin0_.x=3 and dbdirectin0_.y=403
P6SPY_SQL: SELECT dbdirectin0_.id AS id1_0_, dbdirectin0_.x AS x2_0_, dbdirectin0_.y AS y3_0_ FROM db_direct_int_entity dbdirectin0_
&amp#27;[1A&amp#27;[2K* Consumed search budget: 85%
P6SPY_SQL: SELECT TABLE_NAME FROM INFORMATION_SCHEMA.TABLES  where TABLE_SCHEMA='PUBLIC'
P6SPY_SQL: SELECT SEQUENCE_NAME FROM INFORMATION_SCHEMA.SEQUENCES WHERE SEQUENCE_SCHEMA='PUBLIC'
P6SPY_SQL: select dbdirectin0_.id as id1_0_, dbdirectin0_.x as x2_0_, dbdirectin0_.y as y3_0_ from db_direct_int_entity dbdirectin0_ where dbdirectin0_.x=3 and dbdirectin0_.y=403
P6SPY_SQL: SELECT dbdirectin0_.id AS id1_0_, dbdirectin0_.x AS x2_0_, dbdirectin0_.y AS y3_0_ FROM db_direct_int_entity dbdirectin0_
P6SPY_SQL: SELECT TABLE_NAME FROM INFORMATION_SCHEMA.TABLES  where TABLE_SCHEMA='PUBLIC'
P6SPY_SQL: SELECT SEQUENCE_NAME FROM INFORMATION_SCHEMA.SEQUENCES WHERE SEQUENCE_SCHEMA='PUBLIC'
P6SPY_SQL: select dbdirectin0_.id as id1_0_, dbdirectin0_.x as x2_0_, dbdirectin0_.y as y3_0_ from db_direct_int_entity dbdirectin0_ where dbdirectin0_.x=3 and dbdirectin0_.y=403
P6SPY_SQL: SELECT dbdirectin0_.id AS id1_0_, dbdirectin0_.x AS x2_0_, dbdirectin0_.y AS y3_0_ FROM db_direct_int_entity dbdirectin0_
P6SPY_SQL: SELECT TABLE_NAME FROM INFORMATION_SCHEMA.TABLES  where TABLE_SCHEMA='PUBLIC'
P6SPY_SQL: SELECT SEQUENCE_NAME FROM INFORMATION_SCHEMA.SEQUENCES WHERE SEQUENCE_SCHEMA='PUBLIC'
P6SPY_SQL: select dbdirectin0_.id as id1_0_, dbdirectin0_.x as x2_0_, dbdirectin0_.y as y3_0_ from db_direct_int_entity dbdirectin0_ where dbdirectin0_.x=3 and dbdirectin0_.y=403
P6SPY_SQL: SELECT dbdirectin0_.id AS id1_0_, dbdirectin0_.x AS x2_0_, dbdirectin0_.y AS y3_0_ FROM db_direct_int_entity dbdirectin0_
P6SPY_SQL: SELECT TABLE_NAME FROM INFORMATION_SCHEMA.TABLES  where TABLE_SCHEMA='PUBLIC'
P6SPY_SQL: SELECT SEQUENCE_NAME FROM INFORMATION_SCHEMA.SEQUENCES WHERE SEQUENCE_SCHEMA='PUBLIC'
P6SPY_SQL: select dbdirectin0_.id as id1_0_, dbdirectin0_.x as x2_0_, dbdirectin0_.y as y3_0_ from db_direct_int_entity dbdirectin0_ where dbdirectin0_.x=3 and dbdirectin0_.y=403
P6SPY_SQL: SELECT dbdirectin0_.id AS id1_0_, dbdirectin0_.x AS x2_0_, dbdirectin0_.y AS y3_0_ FROM db_direct_int_entity dbdirectin0_
P6SPY_SQL: SELECT TABLE_NAME FROM INFORMATION_SCHEMA.TABLES  where TABLE_SCHEMA='PUBLIC'
P6SPY_SQL: SELECT SEQUENCE_NAME FROM INFORMATION_SCHEMA.SEQUENCES WHERE SEQUENCE_SCHEMA='PUBLIC'
P6SPY_SQL: select dbdirectin0_.id as id1_0_, dbdirectin0_.x as x2_0_, dbdirectin0_.y as y3_0_ from db_direct_int_entity dbdirectin0_ where dbdirectin0_.x=3 and dbdirectin0_.y=403
P6SPY_SQL: SELECT dbdirectin0_.id AS id1_0_, dbdirectin0_.x AS x2_0_, dbdirectin0_.y AS y3_0_ FROM db_direct_int_entity dbdirectin0_
P6SPY_SQL: SELECT TABLE_NAME FROM INFORMATION_SCHEMA.TABLES  where TABLE_SCHEMA='PUBLIC'
P6SPY_SQL: SELECT SEQUENCE_NAME FROM INFORMATION_SCHEMA.SEQUENCES WHERE SEQUENCE_SCHEMA='PUBLIC'
P6SPY_SQL: select dbdirectin0_.id as id1_0_, dbdirectin0_.x as x2_0_, dbdirectin0_.y as y3_0_ from db_direct_int_entity dbdirectin0_ where dbdirectin0_.x=3 and dbdirectin0_.y=403
P6SPY_SQL: SELECT dbdirectin0_.id AS id1_0_, dbdirectin0_.x AS x2_0_, dbdirectin0_.y AS y3_0_ FROM db_direct_int_entity dbdirectin0_
P6SPY_SQL: SELECT TABLE_NAME FROM INFORMATION_SCHEMA.TABLES  where TABLE_SCHEMA='PUBLIC'
P6SPY_SQL: SELECT SEQUENCE_NAME FROM INFORMATION_SCHEMA.SEQUENCES WHERE SEQUENCE_SCHEMA='PUBLIC'
P6SPY_SQL: select dbdirectin0_.id as id1_0_, dbdirectin0_.x as x2_0_, dbdirectin0_.y as y3_0_ from db_direct_int_entity dbdirectin0_ where dbdirectin0_.x=3 and dbdirectin0_.y=403
P6SPY_SQL: SELECT dbdirectin0_.id AS id1_0_, dbdirectin0_.x AS x2_0_, dbdirectin0_.y AS y3_0_ FROM db_direct_int_entity dbdirectin0_
P6SPY_SQL: SELECT TABLE_NAME FROM INFORMATION_SCHEMA.TABLES  where TABLE_SCHEMA='PUBLIC'
P6SPY_SQL: SELECT SEQUENCE_NAME FROM INFORMATION_SCHEMA.SEQUENCES WHERE SEQUENCE_SCHEMA='PUBLIC'
P6SPY_SQL: select dbdirectin0_.id as id1_0_, dbdirectin0_.x as x2_0_, dbdirectin0_.y as y3_0_ from db_direct_int_entity dbdirectin0_ where dbdirectin0_.x=3 and dbdirectin0_.y=403
P6SPY_SQL: SELECT dbdirectin0_.id AS id1_0_, dbdirectin0_.x AS x2_0_, dbdirectin0_.y AS y3_0_ FROM db_direct_int_entity dbdirectin0_
P6SPY_SQL: SELECT TABLE_NAME FROM INFORMATION_SCHEMA.TABLES  where TABLE_SCHEMA='PUBLIC'
P6SPY_SQL: SELECT SEQUENCE_NAME FROM INFORMATION_SCHEMA.SEQUENCES WHERE SEQUENCE_SCHEMA='PUBLIC'
P6SPY_SQL: select dbdirectin0_.id as id1_0_, dbdirectin0_.x as x2_0_, dbdirectin0_.y as y3_0_ from db_direct_int_entity dbdirectin0_ where dbdirectin0_.x=3 and dbdirectin0_.y=403
P6SPY_SQL: SELECT dbdirectin0_.id AS id1_0_, dbdirectin0_.x AS x2_0_, dbdirectin0_.y AS y3_0_ FROM db_direct_int_entity dbdirectin0_
P6SPY_SQL: SELECT TABLE_NAME FROM INFORMATION_SCHEMA.TABLES  where TABLE_SCHEMA='PUBLIC'
P6SPY_SQL: SELECT SEQUENCE_NAME FROM INFORMATION_SCHEMA.SEQUENCES WHERE SEQUENCE_SCHEMA='PUBLIC'
P6SPY_SQL: select dbdirectin0_.id as id1_0_, dbdirectin0_.x as x2_0_, dbdirectin0_.y as y3_0_ from db_direct_int_entity dbdirectin0_ where dbdirectin0_.x=3 and dbdirectin0_.y=403
P6SPY_SQL: SELECT dbdirectin0_.id AS id1_0_, dbdirectin0_.x AS x2_0_, dbdirectin0_.y AS y3_0_ FROM db_direct_int_entity dbdirectin0_
&amp#27;[1A&amp#27;[2K* Consumed search budget: 86%
P6SPY_SQL: SELECT TABLE_NAME FROM INFORMATION_SCHEMA.TABLES  where TABLE_SCHEMA='PUBLIC'
P6SPY_SQL: SELECT SEQUENCE_NAME FROM INFORMATION_SCHEMA.SEQUENCES WHERE SEQUENCE_SCHEMA='PUBLIC'
P6SPY_SQL: select dbdirectin0_.id as id1_0_, dbdirectin0_.x as x2_0_, dbdirectin0_.y as y3_0_ from db_direct_int_entity dbdirectin0_ where dbdirectin0_.x=3 and dbdirectin0_.y=403
P6SPY_SQL: SELECT dbdirectin0_.id AS id1_0_, dbdirectin0_.x AS x2_0_, dbdirectin0_.y AS y3_0_ FROM db_direct_int_entity dbdirectin0_
P6SPY_SQL: SELECT TABLE_NAME FROM INFORMATION_SCHEMA.TABLES  where TABLE_SCHEMA='PUBLIC'
P6SPY_SQL: SELECT SEQUENCE_NAME FROM INFORMATION_SCHEMA.SEQUENCES WHERE SEQUENCE_SCHEMA='PUBLIC'
P6SPY_SQL: select dbdirectin0_.id as id1_0_, dbdirectin0_.x as x2_0_, dbdirectin0_.y as y3_0_ from db_direct_int_entity dbdirectin0_ where dbdirectin0_.x=3 and dbdirectin0_.y=403
P6SPY_SQL: SELECT dbdirectin0_.id AS id1_0_, dbdirectin0_.x AS x2_0_, dbdirectin0_.y AS y3_0_ FROM db_direct_int_entity dbdirectin0_
P6SPY_SQL: SELECT TABLE_NAME FROM INFORMATION_SCHEMA.TABLES  where TABLE_SCHEMA='PUBLIC'
P6SPY_SQL: SELECT SEQUENCE_NAME FROM INFORMATION_SCHEMA.SEQUENCES WHERE SEQUENCE_SCHEMA='PUBLIC'
P6SPY_SQL: select dbdirectin0_.id as id1_0_, dbdirectin0_.x as x2_0_, dbdirectin0_.y as y3_0_ from db_direct_int_entity dbdirectin0_ where dbdirectin0_.x=3 and dbdirectin0_.y=403
P6SPY_SQL: SELECT dbdirectin0_.id AS id1_0_, dbdirectin0_.x AS x2_0_, dbdirectin0_.y AS y3_0_ FROM db_direct_int_entity dbdirectin0_
P6SPY_SQL: SELECT TABLE_NAME FROM INFORMATION_SCHEMA.TABLES  where TABLE_SCHEMA='PUBLIC'
P6SPY_SQL: SELECT SEQUENCE_NAME FROM INFORMATION_SCHEMA.SEQUENCES WHERE SEQUENCE_SCHEMA='PUBLIC'
P6SPY_SQL: select dbdirectin0_.id as id1_0_, dbdirectin0_.x as x2_0_, dbdirectin0_.y as y3_0_ from db_direct_int_entity dbdirectin0_ where dbdirectin0_.x=3 and dbdirectin0_.y=403
P6SPY_SQL: SELECT dbdirectin0_.id AS id1_0_, dbdirectin0_.x AS x2_0_, dbdirectin0_.y AS y3_0_ FROM db_direct_int_entity dbdirectin0_
P6SPY_SQL: SELECT TABLE_NAME FROM INFORMATION_SCHEMA.TABLES  where TABLE_SCHEMA='PUBLIC'
P6SPY_SQL: SELECT SEQUENCE_NAME FROM INFORMATION_SCHEMA.SEQUENCES WHERE SEQUENCE_SCHEMA='PUBLIC'
P6SPY_SQL: select dbdirectin0_.id as id1_0_, dbdirectin0_.x as x2_0_, dbdirectin0_.y as y3_0_ from db_direct_int_entity dbdirectin0_ where dbdirectin0_.x=3 and dbdirectin0_.y=403
P6SPY_SQL: SELECT dbdirectin0_.id AS id1_0_, dbdirectin0_.x AS x2_0_, dbdirectin0_.y AS y3_0_ FROM db_direct_int_entity dbdirectin0_
P6SPY_SQL: SELECT TABLE_NAME FROM INFORMATION_SCHEMA.TABLES  where TABLE_SCHEMA='PUBLIC'
P6SPY_SQL: SELECT SEQUENCE_NAME FROM INFORMATION_SCHEMA.SEQUENCES WHERE SEQUENCE_SCHEMA='PUBLIC'
P6SPY_SQL: select dbdirectin0_.id as id1_0_, dbdirectin0_.x as x2_0_, dbdirectin0_.y as y3_0_ from db_direct_int_entity dbdirectin0_ where dbdirectin0_.x=3 and dbdirectin0_.y=403
P6SPY_SQL: SELECT dbdirectin0_.id AS id1_0_, dbdirectin0_.x AS x2_0_, dbdirectin0_.y AS y3_0_ FROM db_direct_int_entity dbdirectin0_
P6SPY_SQL: SELECT TABLE_NAME FROM INFORMATION_SCHEMA.TABLES  where TABLE_SCHEMA='PUBLIC'
P6SPY_SQL: SELECT SEQUENCE_NAME FROM INFORMATION_SCHEMA.SEQUENCES WHERE SEQUENCE_SCHEMA='PUBLIC'
P6SPY_SQL: select dbdirectin0_.id as id1_0_, dbdirectin0_.x as x2_0_, dbdirectin0_.y as y3_0_ from db_direct_int_entity dbdirectin0_ where dbdirectin0_.x=3 and dbdirectin0_.y=403
P6SPY_SQL: SELECT dbdirectin0_.id AS id1_0_, dbdirectin0_.x AS x2_0_, dbdirectin0_.y AS y3_0_ FROM db_direct_int_entity dbdirectin0_
P6SPY_SQL: SELECT TABLE_NAME FROM INFORMATION_SCHEMA.TABLES  where TABLE_SCHEMA='PUBLIC'
P6SPY_SQL: SELECT SEQUENCE_NAME FROM INFORMATION_SCHEMA.SEQUENCES WHERE SEQUENCE_SCHEMA='PUBLIC'
P6SPY_SQL: select dbdirectin0_.id as id1_0_, dbdirectin0_.x as x2_0_, dbdirectin0_.y as y3_0_ from db_direct_int_entity dbdirectin0_ where dbdirectin0_.x=3 and dbdirectin0_.y=403
P6SPY_SQL: SELECT dbdirectin0_.id AS id1_0_, dbdirectin0_.x AS x2_0_, dbdirectin0_.y AS y3_0_ FROM db_direct_int_entity dbdirectin0_
P6SPY_SQL: SELECT TABLE_NAME FROM INFORMATION_SCHEMA.TABLES  where TABLE_SCHEMA='PUBLIC'
P6SPY_SQL: SELECT SEQUENCE_NAME FROM INFORMATION_SCHEMA.SEQUENCES WHERE SEQUENCE_SCHEMA='PUBLIC'
P6SPY_SQL: select dbdirectin0_.id as id1_0_, dbdirectin0_.x as x2_0_, dbdirectin0_.y as y3_0_ from db_direct_int_entity dbdirectin0_ where dbdirectin0_.x=3 and dbdirectin0_.y=403
P6SPY_SQL: SELECT dbdirectin0_.id AS id1_0_, dbdirectin0_.x AS x2_0_, dbdirectin0_.y AS y3_0_ FROM db_direct_int_entity dbdirectin0_
P6SPY_SQL: SELECT TABLE_NAME FROM INFORMATION_SCHEMA.TABLES  where TABLE_SCHEMA='PUBLIC'
P6SPY_SQL: SELECT SEQUENCE_NAME FROM INFORMATION_SCHEMA.SEQUENCES WHERE SEQUENCE_SCHEMA='PUBLIC'
P6SPY_SQL: select dbdirectin0_.id as id1_0_, dbdirectin0_.x as x2_0_, dbdirectin0_.y as y3_0_ from db_direct_int_entity dbdirectin0_ where dbdirectin0_.x=3 and dbdirectin0_.y=403
P6SPY_SQL: SELECT dbdirectin0_.id AS id1_0_, dbdirectin0_.x AS x2_0_, dbdirectin0_.y AS y3_0_ FROM db_direct_int_entity dbdirectin0_
&amp#27;[1A&amp#27;[2K* Consumed search budget: 87%
P6SPY_SQL: SELECT TABLE_NAME FROM INFORMATION_SCHEMA.TABLES  where TABLE_SCHEMA='PUBLIC'
P6SPY_SQL: SELECT SEQUENCE_NAME FROM INFORMATION_SCHEMA.SEQUENCES WHERE SEQUENCE_SCHEMA='PUBLIC'
P6SPY_SQL: select dbdirectin0_.id as id1_0_, dbdirectin0_.x as x2_0_, dbdirectin0_.y as y3_0_ from db_direct_int_entity dbdirectin0_ where dbdirectin0_.x=3 and dbdirectin0_.y=403
P6SPY_SQL: SELECT dbdirectin0_.id AS id1_0_, dbdirectin0_.x AS x2_0_, dbdirectin0_.y AS y3_0_ FROM db_direct_int_entity dbdirectin0_
P6SPY_SQL: SELECT TABLE_NAME FROM INFORMATION_SCHEMA.TABLES  where TABLE_SCHEMA='PUBLIC'
P6SPY_SQL: SELECT SEQUENCE_NAME FROM INFORMATION_SCHEMA.SEQUENCES WHERE SEQUENCE_SCHEMA='PUBLIC'
P6SPY_SQL: select dbdirectin0_.id as id1_0_, dbdirectin0_.x as x2_0_, dbdirectin0_.y as y3_0_ from db_direct_int_entity dbdirectin0_ where dbdirectin0_.x=3 and dbdirectin0_.y=403
P6SPY_SQL: SELECT dbdirectin0_.id AS id1_0_, dbdirectin0_.x AS x2_0_, dbdirectin0_.y AS y3_0_ FROM db_direct_int_entity dbdirectin0_
P6SPY_SQL: SELECT TABLE_NAME FROM INFORMATION_SCHEMA.TABLES  where TABLE_SCHEMA='PUBLIC'
P6SPY_SQL: SELECT SEQUENCE_NAME FROM INFORMATION_SCHEMA.SEQUENCES WHERE SEQUENCE_SCHEMA='PUBLIC'
P6SPY_SQL: select dbdirectin0_.id as id1_0_, dbdirectin0_.x as x2_0_, dbdirectin0_.y as y3_0_ from db_direct_int_entity dbdirectin0_ where dbdirectin0_.x=3 and dbdirectin0_.y=403
P6SPY_SQL: SELECT dbdirectin0_.id AS id1_0_, dbdirectin0_.x AS x2_0_, dbdirectin0_.y AS y3_0_ FROM db_direct_int_entity dbdirectin0_
P6SPY_SQL: SELECT TABLE_NAME FROM INFORMATION_SCHEMA.TABLES  where TABLE_SCHEMA='PUBLIC'
P6SPY_SQL: SELECT SEQUENCE_NAME FROM INFORMATION_SCHEMA.SEQUENCES WHERE SEQUENCE_SCHEMA='PUBLIC'
P6SPY_SQL: select dbdirectin0_.id as id1_0_, dbdirectin0_.x as x2_0_, dbdirectin0_.y as y3_0_ from db_direct_int_entity dbdirectin0_ where dbdirectin0_.x=3 and dbdirectin0_.y=403
P6SPY_SQL: SELECT dbdirectin0_.id AS id1_0_, dbdirectin0_.x AS x2_0_, dbdirectin0_.y AS y3_0_ FROM db_direct_int_entity dbdirectin0_
P6SPY_SQL: SELECT TABLE_NAME FROM INFORMATION_SCHEMA.TABLES  where TABLE_SCHEMA='PUBLIC'
P6SPY_SQL: SELECT SEQUENCE_NAME FROM INFORMATION_SCHEMA.SEQUENCES WHERE SEQUENCE_SCHEMA='PUBLIC'
P6SPY_SQL: select dbdirectin0_.id as id1_0_, dbdirectin0_.x as x2_0_, dbdirectin0_.y as y3_0_ from db_direct_int_entity dbdirectin0_ where dbdirectin0_.x=3 and dbdirectin0_.y=403
P6SPY_SQL: SELECT dbdirectin0_.id AS id1_0_, dbdirectin0_.x AS x2_0_, dbdirectin0_.y AS y3_0_ FROM db_direct_int_entity dbdirectin0_
P6SPY_SQL: SELECT TABLE_NAME FROM INFORMATION_SCHEMA.TABLES  where TABLE_SCHEMA='PUBLIC'
P6SPY_SQL: SELECT SEQUENCE_NAME FROM INFORMATION_SCHEMA.SEQUENCES WHERE SEQUENCE_SCHEMA='PUBLIC'
P6SPY_SQL: select dbdirectin0_.id as id1_0_, dbdirectin0_.x as x2_0_, dbdirectin0_.y as y3_0_ from db_direct_int_entity dbdirectin0_ where dbdirectin0_.x=3 and dbdirectin0_.y=403
P6SPY_SQL: SELECT dbdirectin0_.id AS id1_0_, dbdirectin0_.x AS x2_0_, dbdirectin0_.y AS y3_0_ FROM db_direct_int_entity dbdirectin0_
P6SPY_SQL: SELECT TABLE_NAME FROM INFORMATION_SCHEMA.TABLES  where TABLE_SCHEMA='PUBLIC'
P6SPY_SQL: SELECT SEQUENCE_NAME FROM INFORMATION_SCHEMA.SEQUENCES WHERE SEQUENCE_SCHEMA='PUBLIC'
P6SPY_SQL: select dbdirectin0_.id as id1_0_, dbdirectin0_.x as x2_0_, dbdirectin0_.y as y3_0_ from db_direct_int_entity dbdirectin0_ where dbdirectin0_.x=3 and dbdirectin0_.y=403
P6SPY_SQL: SELECT dbdirectin0_.id AS id1_0_, dbdirectin0_.x AS x2_0_, dbdirectin0_.y AS y3_0_ FROM db_direct_int_entity dbdirectin0_
P6SPY_SQL: SELECT TABLE_NAME FROM INFORMATION_SCHEMA.TABLES  where TABLE_SCHEMA='PUBLIC'
P6SPY_SQL: SELECT SEQUENCE_NAME FROM INFORMATION_SCHEMA.SEQUENCES WHERE SEQUENCE_SCHEMA='PUBLIC'
P6SPY_SQL: select dbdirectin0_.id as id1_0_, dbdirectin0_.x as x2_0_, dbdirectin0_.y as y3_0_ from db_direct_int_entity dbdirectin0_ where dbdirectin0_.x=3 and dbdirectin0_.y=403
P6SPY_SQL: SELECT dbdirectin0_.id AS id1_0_, dbdirectin0_.x AS x2_0_, dbdirectin0_.y AS y3_0_ FROM db_direct_int_entity dbdirectin0_
P6SPY_SQL: SELECT TABLE_NAME FROM INFORMATION_SCHEMA.TABLES  where TABLE_SCHEMA='PUBLIC'
P6SPY_SQL: SELECT SEQUENCE_NAME FROM INFORMATION_SCHEMA.SEQUENCES WHERE SEQUENCE_SCHEMA='PUBLIC'
P6SPY_SQL: select dbdirectin0_.id as id1_0_, dbdirectin0_.x as x2_0_, dbdirectin0_.y as y3_0_ from db_direct_int_entity dbdirectin0_ where dbdirectin0_.x=3 and dbdirectin0_.y=403
P6SPY_SQL: SELECT dbdirectin0_.id AS id1_0_, dbdirectin0_.x AS x2_0_, dbdirectin0_.y AS y3_0_ FROM db_direct_int_entity dbdirectin0_
P6SPY_SQL: SELECT TABLE_NAME FROM INFORMATION_SCHEMA.TABLES  where TABLE_SCHEMA='PUBLIC'
P6SPY_SQL: SELECT SEQUENCE_NAME FROM INFORMATION_SCHEMA.SEQUENCES WHERE SEQUENCE_SCHEMA='PUBLIC'
P6SPY_SQL: select dbdirectin0_.id as id1_0_, dbdirectin0_.x as x2_0_, dbdirectin0_.y as y3_0_ from db_direct_int_entity dbdirectin0_ where dbdirectin0_.x=3 and dbdirectin0_.y=403
P6SPY_SQL: SELECT dbdirectin0_.id AS id1_0_, dbdirectin0_.x AS x2_0_, dbdirectin0_.y AS y3_0_ FROM db_direct_int_entity dbdirectin0_
&amp#27;[1A&amp#27;[2K* Consumed search budget: 88%
P6SPY_SQL: SELECT TABLE_NAME FROM INFORMATION_SCHEMA.TABLES  where TABLE_SCHEMA='PUBLIC'
P6SPY_SQL: SELECT SEQUENCE_NAME FROM INFORMATION_SCHEMA.SEQUENCES WHERE SEQUENCE_SCHEMA='PUBLIC'
P6SPY_SQL: select dbdirectin0_.id as id1_0_, dbdirectin0_.x as x2_0_, dbdirectin0_.y as y3_0_ from db_direct_int_entity dbdirectin0_ where dbdirectin0_.x=3 and dbdirectin0_.y=403
P6SPY_SQL: SELECT dbdirectin0_.id AS id1_0_, dbdirectin0_.x AS x2_0_, dbdirectin0_.y AS y3_0_ FROM db_direct_int_entity dbdirectin0_
P6SPY_SQL: SELECT TABLE_NAME FROM INFORMATION_SCHEMA.TABLES  where TABLE_SCHEMA='PUBLIC'
P6SPY_SQL: SELECT SEQUENCE_NAME FROM INFORMATION_SCHEMA.SEQUENCES WHERE SEQUENCE_SCHEMA='PUBLIC'
P6SPY_SQL: select dbdirectin0_.id as id1_0_, dbdirectin0_.x as x2_0_, dbdirectin0_.y as y3_0_ from db_direct_int_entity dbdirectin0_ where dbdirectin0_.x=3 and dbdirectin0_.y=403
P6SPY_SQL: SELECT dbdirectin0_.id AS id1_0_, dbdirectin0_.x AS x2_0_, dbdirectin0_.y AS y3_0_ FROM db_direct_int_entity dbdirectin0_
P6SPY_SQL: SELECT TABLE_NAME FROM INFORMATION_SCHEMA.TABLES  where TABLE_SCHEMA='PUBLIC'
P6SPY_SQL: SELECT SEQUENCE_NAME FROM INFORMATION_SCHEMA.SEQUENCES WHERE SEQUENCE_SCHEMA='PUBLIC'
P6SPY_SQL: select dbdirectin0_.id as id1_0_, dbdirectin0_.x as x2_0_, dbdirectin0_.y as y3_0_ from db_direct_int_entity dbdirectin0_ where dbdirectin0_.x=3 and dbdirectin0_.y=403
P6SPY_SQL: SELECT dbdirectin0_.id AS id1_0_, dbdirectin0_.x AS x2_0_, dbdirectin0_.y AS y3_0_ FROM db_direct_int_entity dbdirectin0_
P6SPY_SQL: SELECT TABLE_NAME FROM INFORMATION_SCHEMA.TABLES  where TABLE_SCHEMA='PUBLIC'
P6SPY_SQL: SELECT SEQUENCE_NAME FROM INFORMATION_SCHEMA.SEQUENCES WHERE SEQUENCE_SCHEMA='PUBLIC'
P6SPY_SQL: select dbdirectin0_.id as id1_0_, dbdirectin0_.x as x2_0_, dbdirectin0_.y as y3_0_ from db_direct_int_entity dbdirectin0_ where dbdirectin0_.x=3 and dbdirectin0_.y=403
P6SPY_SQL: SELECT dbdirectin0_.id AS id1_0_, dbdirectin0_.x AS x2_0_, dbdirectin0_.y AS y3_0_ FROM db_direct_int_entity dbdirectin0_
P6SPY_SQL: SELECT TABLE_NAME FROM INFORMATION_SCHEMA.TABLES  where TABLE_SCHEMA='PUBLIC'
P6SPY_SQL: SELECT SEQUENCE_NAME FROM INFORMATION_SCHEMA.SEQUENCES WHERE SEQUENCE_SCHEMA='PUBLIC'
P6SPY_SQL: select dbdirectin0_.id as id1_0_, dbdirectin0_.x as x2_0_, dbdirectin0_.y as y3_0_ from db_direct_int_entity dbdirectin0_ where dbdirectin0_.x=3 and dbdirectin0_.y=403
P6SPY_SQL: SELECT dbdirectin0_.id AS id1_0_, dbdirectin0_.x AS x2_0_, dbdirectin0_.y AS y3_0_ FROM db_direct_int_entity dbdirectin0_
P6SPY_SQL: SELECT TABLE_NAME FROM INFORMATION_SCHEMA.TABLES  where TABLE_SCHEMA='PUBLIC'
P6SPY_SQL: SELECT SEQUENCE_NAME FROM INFORMATION_SCHEMA.SEQUENCES WHERE SEQUENCE_SCHEMA='PUBLIC'
P6SPY_SQL: select dbdirectin0_.id as id1_0_, dbdirectin0_.x as x2_0_, dbdirectin0_.y as y3_0_ from db_direct_int_entity dbdirectin0_ where dbdirectin0_.x=3 and dbdirectin0_.y=403
P6SPY_SQL: SELECT dbdirectin0_.id AS id1_0_, dbdirectin0_.x AS x2_0_, dbdirectin0_.y AS y3_0_ FROM db_direct_int_entity dbdirectin0_
P6SPY_SQL: SELECT TABLE_NAME FROM INFORMATION_SCHEMA.TABLES  where TABLE_SCHEMA='PUBLIC'
P6SPY_SQL: SELECT SEQUENCE_NAME FROM INFORMATION_SCHEMA.SEQUENCES WHERE SEQUENCE_SCHEMA='PUBLIC'
P6SPY_SQL: select dbdirectin0_.id as id1_0_, dbdirectin0_.x as x2_0_, dbdirectin0_.y as y3_0_ from db_direct_int_entity dbdirectin0_ where dbdirectin0_.x=3 and dbdirectin0_.y=403
P6SPY_SQL: SELECT dbdirectin0_.id AS id1_0_, dbdirectin0_.x AS x2_0_, dbdirectin0_.y AS y3_0_ FROM db_direct_int_entity dbdirectin0_
P6SPY_SQL: SELECT TABLE_NAME FROM INFORMATION_SCHEMA.TABLES  where TABLE_SCHEMA='PUBLIC'
P6SPY_SQL: SELECT SEQUENCE_NAME FROM INFORMATION_SCHEMA.SEQUENCES WHERE SEQUENCE_SCHEMA='PUBLIC'
P6SPY_SQL: select dbdirectin0_.id as id1_0_, dbdirectin0_.x as x2_0_, dbdirectin0_.y as y3_0_ from db_direct_int_entity dbdirectin0_ where dbdirectin0_.x=3 and dbdirectin0_.y=403
P6SPY_SQL: SELECT dbdirectin0_.id AS id1_0_, dbdirectin0_.x AS x2_0_, dbdirectin0_.y AS y3_0_ FROM db_direct_int_entity dbdirectin0_
P6SPY_SQL: SELECT TABLE_NAME FROM INFORMATION_SCHEMA.TABLES  where TABLE_SCHEMA='PUBLIC'
P6SPY_SQL: SELECT SEQUENCE_NAME FROM INFORMATION_SCHEMA.SEQUENCES WHERE SEQUENCE_SCHEMA='PUBLIC'
P6SPY_SQL: select dbdirectin0_.id as id1_0_, dbdirectin0_.x as x2_0_, dbdirectin0_.y as y3_0_ from db_direct_int_entity dbdirectin0_ where dbdirectin0_.x=3 and dbdirectin0_.y=403
P6SPY_SQL: SELECT dbdirectin0_.id AS id1_0_, dbdirectin0_.x AS x2_0_, dbdirectin0_.y AS y3_0_ FROM db_direct_int_entity dbdirectin0_
P6SPY_SQL: SELECT TABLE_NAME FROM INFORMATION_SCHEMA.TABLES  where TABLE_SCHEMA='PUBLIC'
P6SPY_SQL: SELECT SEQUENCE_NAME FROM INFORMATION_SCHEMA.SEQUENCES WHERE SEQUENCE_SCHEMA='PUBLIC'
P6SPY_SQL: select dbdirectin0_.id as id1_0_, dbdirectin0_.x as x2_0_, dbdirectin0_.y as y3_0_ from db_direct_int_entity dbdirectin0_ where dbdirectin0_.x=3 and dbdirectin0_.y=403
P6SPY_SQL: SELECT dbdirectin0_.id AS id1_0_, dbdirectin0_.x AS x2_0_, dbdirectin0_.y AS y3_0_ FROM db_direct_int_entity dbdirectin0_
&amp#27;[1A&amp#27;[2K* Consumed search budget: 89%
P6SPY_SQL: SELECT TABLE_NAME FROM INFORMATION_SCHEMA.TABLES  where TABLE_SCHEMA='PUBLIC'
P6SPY_SQL: SELECT SEQUENCE_NAME FROM INFORMATION_SCHEMA.SEQUENCES WHERE SEQUENCE_SCHEMA='PUBLIC'
P6SPY_SQL: select dbdirectin0_.id as id1_0_, dbdirectin0_.x as x2_0_, dbdirectin0_.y as y3_0_ from db_direct_int_entity dbdirectin0_ where dbdirectin0_.x=3 and dbdirectin0_.y=403
P6SPY_SQL: SELECT dbdirectin0_.id AS id1_0_, dbdirectin0_.x AS x2_0_, dbdirectin0_.y AS y3_0_ FROM db_direct_int_entity dbdirectin0_
P6SPY_SQL: SELECT TABLE_NAME FROM INFORMATION_SCHEMA.TABLES  where TABLE_SCHEMA='PUBLIC'
P6SPY_SQL: SELECT SEQUENCE_NAME FROM INFORMATION_SCHEMA.SEQUENCES WHERE SEQUENCE_SCHEMA='PUBLIC'
P6SPY_SQL: select dbdirectin0_.id as id1_0_, dbdirectin0_.x as x2_0_, dbdirectin0_.y as y3_0_ from db_direct_int_entity dbdirectin0_ where dbdirectin0_.x=3 and dbdirectin0_.y=403
P6SPY_SQL: SELECT dbdirectin0_.id AS id1_0_, dbdirectin0_.x AS x2_0_, dbdirectin0_.y AS y3_0_ FROM db_direct_int_entity dbdirectin0_
P6SPY_SQL: SELECT TABLE_NAME FROM INFORMATION_SCHEMA.TABLES  where TABLE_SCHEMA='PUBLIC'
P6SPY_SQL: SELECT SEQUENCE_NAME FROM INFORMATION_SCHEMA.SEQUENCES WHERE SEQUENCE_SCHEMA='PUBLIC'
P6SPY_SQL: select dbdirectin0_.id as id1_0_, dbdirectin0_.x as x2_0_, dbdirectin0_.y as y3_0_ from db_direct_int_entity dbdirectin0_ where dbdirectin0_.x=3 and dbdirectin0_.y=403
P6SPY_SQL: SELECT dbdirectin0_.id AS id1_0_, dbdirectin0_.x AS x2_0_, dbdirectin0_.y AS y3_0_ FROM db_direct_int_entity dbdirectin0_
P6SPY_SQL: SELECT TABLE_NAME FROM INFORMATION_SCHEMA.TABLES  where TABLE_SCHEMA='PUBLIC'
P6SPY_SQL: SELECT SEQUENCE_NAME FROM INFORMATION_SCHEMA.SEQUENCES WHERE SEQUENCE_SCHEMA='PUBLIC'
P6SPY_SQL: select dbdirectin0_.id as id1_0_, dbdirectin0_.x as x2_0_, dbdirectin0_.y as y3_0_ from db_direct_int_entity dbdirectin0_ where dbdirectin0_.x=3 and dbdirectin0_.y=403
P6SPY_SQL: SELECT dbdirectin0_.id AS id1_0_, dbdirectin0_.x AS x2_0_, dbdirectin0_.y AS y3_0_ FROM db_direct_int_entity dbdirectin0_
P6SPY_SQL: SELECT TABLE_NAME FROM INFORMATION_SCHEMA.TABLES  where TABLE_SCHEMA='PUBLIC'
P6SPY_SQL: SELECT SEQUENCE_NAME FROM INFORMATION_SCHEMA.SEQUENCES WHERE SEQUENCE_SCHEMA='PUBLIC'
P6SPY_SQL: select dbdirectin0_.id as id1_0_, dbdirectin0_.x as x2_0_, dbdirectin0_.y as y3_0_ from db_direct_int_entity dbdirectin0_ where dbdirectin0_.x=3 and dbdirectin0_.y=403
P6SPY_SQL: SELECT dbdirectin0_.id AS id1_0_, dbdirectin0_.x AS x2_0_, dbdirectin0_.y AS y3_0_ FROM db_direct_int_entity dbdirectin0_
P6SPY_SQL: SELECT TABLE_NAME FROM INFORMATION_SCHEMA.TABLES  where TABLE_SCHEMA='PUBLIC'
P6SPY_SQL: SELECT SEQUENCE_NAME FROM INFORMATION_SCHEMA.SEQUENCES WHERE SEQUENCE_SCHEMA='PUBLIC'
P6SPY_SQL: select dbdirectin0_.id as id1_0_, dbdirectin0_.x as x2_0_, dbdirectin0_.y as y3_0_ from db_direct_int_entity dbdirectin0_ where dbdirectin0_.x=3 and dbdirectin0_.y=403
P6SPY_SQL: SELECT dbdirectin0_.id AS id1_0_, dbdirectin0_.x AS x2_0_, dbdirectin0_.y AS y3_0_ FROM db_direct_int_entity dbdirectin0_
P6SPY_SQL: SELECT TABLE_NAME FROM INFORMATION_SCHEMA.TABLES  where TABLE_SCHEMA='PUBLIC'
P6SPY_SQL: SELECT SEQUENCE_NAME FROM INFORMATION_SCHEMA.SEQUENCES WHERE SEQUENCE_SCHEMA='PUBLIC'
P6SPY_SQL: select dbdirectin0_.id as id1_0_, dbdirectin0_.x as x2_0_, dbdirectin0_.y as y3_0_ from db_direct_int_entity dbdirectin0_ where dbdirectin0_.x=3 and dbdirectin0_.y=403
P6SPY_SQL: SELECT dbdirectin0_.id AS id1_0_, dbdirectin0_.x AS x2_0_, dbdirectin0_.y AS y3_0_ FROM db_direct_int_entity dbdirectin0_
P6SPY_SQL: SELECT TABLE_NAME FROM INFORMATION_SCHEMA.TABLES  where TABLE_SCHEMA='PUBLIC'
P6SPY_SQL: SELECT SEQUENCE_NAME FROM INFORMATION_SCHEMA.SEQUENCES WHERE SEQUENCE_SCHEMA='PUBLIC'
P6SPY_SQL: select dbdirectin0_.id as id1_0_, dbdirectin0_.x as x2_0_, dbdirectin0_.y as y3_0_ from db_direct_int_entity dbdirectin0_ where dbdirectin0_.x=3 and dbdirectin0_.y=403
P6SPY_SQL: SELECT dbdirectin0_.id AS id1_0_, dbdirectin0_.x AS x2_0_, dbdirectin0_.y AS y3_0_ FROM db_direct_int_entity dbdirectin0_
P6SPY_SQL: SELECT TABLE_NAME FROM INFORMATION_SCHEMA.TABLES  where TABLE_SCHEMA='PUBLIC'
P6SPY_SQL: SELECT SEQUENCE_NAME FROM INFORMATION_SCHEMA.SEQUENCES WHERE SEQUENCE_SCHEMA='PUBLIC'
P6SPY_SQL: select dbdirectin0_.id as id1_0_, dbdirectin0_.x as x2_0_, dbdirectin0_.y as y3_0_ from db_direct_int_entity dbdirectin0_ where dbdirectin0_.x=3 and dbdirectin0_.y=403
P6SPY_SQL: SELECT dbdirectin0_.id AS id1_0_, dbdirectin0_.x AS x2_0_, dbdirectin0_.y AS y3_0_ FROM db_direct_int_entity dbdirectin0_
P6SPY_SQL: SELECT TABLE_NAME FROM INFORMATION_SCHEMA.TABLES  where TABLE_SCHEMA='PUBLIC'
P6SPY_SQL: SELECT SEQUENCE_NAME FROM INFORMATION_SCHEMA.SEQUENCES WHERE SEQUENCE_SCHEMA='PUBLIC'
P6SPY_SQL: select dbdirectin0_.id as id1_0_, dbdirectin0_.x as x2_0_, dbdirectin0_.y as y3_0_ from db_direct_int_entity dbdirectin0_ where dbdirectin0_.x=3 and dbdirectin0_.y=403
P6SPY_SQL: SELECT dbdirectin0_.id AS id1_0_, dbdirectin0_.x AS x2_0_, dbdirectin0_.y AS y3_0_ FROM db_direct_int_entity dbdirectin0_
&amp#27;[1A&amp#27;[2K* Consumed search budget: 90%
P6SPY_SQL: SELECT TABLE_NAME FROM INFORMATION_SCHEMA.TABLES  where TABLE_SCHEMA='PUBLIC'
P6SPY_SQL: SELECT SEQUENCE_NAME FROM INFORMATION_SCHEMA.SEQUENCES WHERE SEQUENCE_SCHEMA='PUBLIC'
P6SPY_SQL: select dbdirectin0_.id as id1_0_, dbdirectin0_.x as x2_0_, dbdirectin0_.y as y3_0_ from db_direct_int_entity dbdirectin0_ where dbdirectin0_.x=3 and dbdirectin0_.y=403
P6SPY_SQL: SELECT dbdirectin0_.id AS id1_0_, dbdirectin0_.x AS x2_0_, dbdirectin0_.y AS y3_0_ FROM db_direct_int_entity dbdirectin0_
P6SPY_SQL: SELECT TABLE_NAME FROM INFORMATION_SCHEMA.TABLES  where TABLE_SCHEMA='PUBLIC'
P6SPY_SQL: SELECT SEQUENCE_NAME FROM INFORMATION_SCHEMA.SEQUENCES WHERE SEQUENCE_SCHEMA='PUBLIC'
P6SPY_SQL: select dbdirectin0_.id as id1_0_, dbdirectin0_.x as x2_0_, dbdirectin0_.y as y3_0_ from db_direct_int_entity dbdirectin0_ where dbdirectin0_.x=3 and dbdirectin0_.y=403
P6SPY_SQL: SELECT dbdirectin0_.id AS id1_0_, dbdirectin0_.x AS x2_0_, dbdirectin0_.y AS y3_0_ FROM db_direct_int_entity dbdirectin0_
P6SPY_SQL: SELECT TABLE_NAME FROM INFORMATION_SCHEMA.TABLES  where TABLE_SCHEMA='PUBLIC'
P6SPY_SQL: SELECT SEQUENCE_NAME FROM INFORMATION_SCHEMA.SEQUENCES WHERE SEQUENCE_SCHEMA='PUBLIC'
P6SPY_SQL: select dbdirectin0_.id as id1_0_, dbdirectin0_.x as x2_0_, dbdirectin0_.y as y3_0_ from db_direct_int_entity dbdirectin0_ where dbdirectin0_.x=3 and dbdirectin0_.y=403
P6SPY_SQL: SELECT dbdirectin0_.id AS id1_0_, dbdirectin0_.x AS x2_0_, dbdirectin0_.y AS y3_0_ FROM db_direct_int_entity dbdirectin0_
P6SPY_SQL: SELECT TABLE_NAME FROM INFORMATION_SCHEMA.TABLES  where TABLE_SCHEMA='PUBLIC'
P6SPY_SQL: SELECT SEQUENCE_NAME FROM INFORMATION_SCHEMA.SEQUENCES WHERE SEQUENCE_SCHEMA='PUBLIC'
P6SPY_SQL: select dbdirectin0_.id as id1_0_, dbdirectin0_.x as x2_0_, dbdirectin0_.y as y3_0_ from db_direct_int_entity dbdirectin0_ where dbdirectin0_.x=3 and dbdirectin0_.y=403
P6SPY_SQL: SELECT dbdirectin0_.id AS id1_0_, dbdirectin0_.x AS x2_0_, dbdirectin0_.y AS y3_0_ FROM db_direct_int_entity dbdirectin0_
P6SPY_SQL: SELECT TABLE_NAME FROM INFORMATION_SCHEMA.TABLES  where TABLE_SCHEMA='PUBLIC'
P6SPY_SQL: SELECT SEQUENCE_NAME FROM INFORMATION_SCHEMA.SEQUENCES WHERE SEQUENCE_SCHEMA='PUBLIC'
P6SPY_SQL: select dbdirectin0_.id as id1_0_, dbdirectin0_.x as x2_0_, dbdirectin0_.y as y3_0_ from db_direct_int_entity dbdirectin0_ where dbdirectin0_.x=3 and dbdirectin0_.y=403
P6SPY_SQL: SELECT dbdirectin0_.id AS id1_0_, dbdirectin0_.x AS x2_0_, dbdirectin0_.y AS y3_0_ FROM db_direct_int_entity dbdirectin0_
P6SPY_SQL: SELECT TABLE_NAME FROM INFORMATION_SCHEMA.TABLES  where TABLE_SCHEMA='PUBLIC'
P6SPY_SQL: SELECT SEQUENCE_NAME FROM INFORMATION_SCHEMA.SEQUENCES WHERE SEQUENCE_SCHEMA='PUBLIC'
P6SPY_SQL: select dbdirectin0_.id as id1_0_, dbdirectin0_.x as x2_0_, dbdirectin0_.y as y3_0_ from db_direct_int_entity dbdirectin0_ where dbdirectin0_.x=3 and dbdirectin0_.y=403
P6SPY_SQL: SELECT dbdirectin0_.id AS id1_0_, dbdirectin0_.x AS x2_0_, dbdirectin0_.y AS y3_0_ FROM db_direct_int_entity dbdirectin0_
P6SPY_SQL: SELECT TABLE_NAME FROM INFORMATION_SCHEMA.TABLES  where TABLE_SCHEMA='PUBLIC'
P6SPY_SQL: SELECT SEQUENCE_NAME FROM INFORMATION_SCHEMA.SEQUENCES WHERE SEQUENCE_SCHEMA='PUBLIC'
P6SPY_SQL: select dbdirectin0_.id as id1_0_, dbdirectin0_.x as x2_0_, dbdirectin0_.y as y3_0_ from db_direct_int_entity dbdirectin0_ where dbdirectin0_.x=3 and dbdirectin0_.y=403
P6SPY_SQL: SELECT dbdirectin0_.id AS id1_0_, dbdirectin0_.x AS x2_0_, dbdirectin0_.y AS y3_0_ FROM db_direct_int_entity dbdirectin0_
P6SPY_SQL: SELECT TABLE_NAME FROM INFORMATION_SCHEMA.TABLES  where TABLE_SCHEMA='PUBLIC'
P6SPY_SQL: SELECT SEQUENCE_NAME FROM INFORMATION_SCHEMA.SEQUENCES WHERE SEQUENCE_SCHEMA='PUBLIC'
P6SPY_SQL: select dbdirectin0_.id as id1_0_, dbdirectin0_.x as x2_0_, dbdirectin0_.y as y3_0_ from db_direct_int_entity dbdirectin0_ where dbdirectin0_.x=3 and dbdirectin0_.y=403
P6SPY_SQL: SELECT dbdirectin0_.id AS id1_0_, dbdirectin0_.x AS x2_0_, dbdirectin0_.y AS y3_0_ FROM db_direct_int_entity dbdirectin0_
P6SPY_SQL: SELECT TABLE_NAME FROM INFORMATION_SCHEMA.TABLES  where TABLE_SCHEMA='PUBLIC'
P6SPY_SQL: SELECT SEQUENCE_NAME FROM INFORMATION_SCHEMA.SEQUENCES WHERE SEQUENCE_SCHEMA='PUBLIC'
P6SPY_SQL: select dbdirectin0_.id as id1_0_, dbdirectin0_.x as x2_0_, dbdirectin0_.y as y3_0_ from db_direct_int_entity dbdirectin0_ where dbdirectin0_.x=3 and dbdirectin0_.y=403
P6SPY_SQL: SELECT dbdirectin0_.id AS id1_0_, dbdirectin0_.x AS x2_0_, dbdirectin0_.y AS y3_0_ FROM db_direct_int_entity dbdirectin0_
P6SPY_SQL: SELECT TABLE_NAME FROM INFORMATION_SCHEMA.TABLES  where TABLE_SCHEMA='PUBLIC'
P6SPY_SQL: SELECT SEQUENCE_NAME FROM INFORMATION_SCHEMA.SEQUENCES WHERE SEQUENCE_SCHEMA='PUBLIC'
P6SPY_SQL: select dbdirectin0_.id as id1_0_, dbdirectin0_.x as x2_0_, dbdirectin0_.y as y3_0_ from db_direct_int_entity dbdirectin0_ where dbdirectin0_.x=3 and dbdirectin0_.y=403
P6SPY_SQL: SELECT dbdirectin0_.id AS id1_0_, dbdirectin0_.x AS x2_0_, dbdirectin0_.y AS y3_0_ FROM db_direct_int_entity dbdirectin0_
&amp#27;[1A&amp#27;[2K* Consumed search budget: 91%
P6SPY_SQL: SELECT TABLE_NAME FROM INFORMATION_SCHEMA.TABLES  where TABLE_SCHEMA='PUBLIC'
P6SPY_SQL: SELECT SEQUENCE_NAME FROM INFORMATION_SCHEMA.SEQUENCES WHERE SEQUENCE_SCHEMA='PUBLIC'
P6SPY_SQL: select dbdirectin0_.id as id1_0_, dbdirectin0_.x as x2_0_, dbdirectin0_.y as y3_0_ from db_direct_int_entity dbdirectin0_ where dbdirectin0_.x=3 and dbdirectin0_.y=403
P6SPY_SQL: SELECT dbdirectin0_.id AS id1_0_, dbdirectin0_.x AS x2_0_, dbdirectin0_.y AS y3_0_ FROM db_direct_int_entity dbdirectin0_
P6SPY_SQL: SELECT TABLE_NAME FROM INFORMATION_SCHEMA.TABLES  where TABLE_SCHEMA='PUBLIC'
P6SPY_SQL: SELECT SEQUENCE_NAME FROM INFORMATION_SCHEMA.SEQUENCES WHERE SEQUENCE_SCHEMA='PUBLIC'
P6SPY_SQL: select dbdirectin0_.id as id1_0_, dbdirectin0_.x as x2_0_, dbdirectin0_.y as y3_0_ from db_direct_int_entity dbdirectin0_ where dbdirectin0_.x=3 and dbdirectin0_.y=403
P6SPY_SQL: SELECT dbdirectin0_.id AS id1_0_, dbdirectin0_.x AS x2_0_, dbdirectin0_.y AS y3_0_ FROM db_direct_int_entity dbdirectin0_
P6SPY_SQL: SELECT TABLE_NAME FROM INFORMATION_SCHEMA.TABLES  where TABLE_SCHEMA='PUBLIC'
P6SPY_SQL: SELECT SEQUENCE_NAME FROM INFORMATION_SCHEMA.SEQUENCES WHERE SEQUENCE_SCHEMA='PUBLIC'
P6SPY_SQL: select dbdirectin0_.id as id1_0_, dbdirectin0_.x as x2_0_, dbdirectin0_.y as y3_0_ from db_direct_int_entity dbdirectin0_ where dbdirectin0_.x=3 and dbdirectin0_.y=403
P6SPY_SQL: SELECT dbdirectin0_.id AS id1_0_, dbdirectin0_.x AS x2_0_, dbdirectin0_.y AS y3_0_ FROM db_direct_int_entity dbdirectin0_
P6SPY_SQL: SELECT TABLE_NAME FROM INFORMATION_SCHEMA.TABLES  where TABLE_SCHEMA='PUBLIC'
P6SPY_SQL: SELECT SEQUENCE_NAME FROM INFORMATION_SCHEMA.SEQUENCES WHERE SEQUENCE_SCHEMA='PUBLIC'
P6SPY_SQL: select dbdirectin0_.id as id1_0_, dbdirectin0_.x as x2_0_, dbdirectin0_.y as y3_0_ from db_direct_int_entity dbdirectin0_ where dbdirectin0_.x=3 and dbdirectin0_.y=403
P6SPY_SQL: SELECT dbdirectin0_.id AS id1_0_, dbdirectin0_.x AS x2_0_, dbdirectin0_.y AS y3_0_ FROM db_direct_int_entity dbdirectin0_
P6SPY_SQL: SELECT TABLE_NAME FROM INFORMATION_SCHEMA.TABLES  where TABLE_SCHEMA='PUBLIC'
P6SPY_SQL: SELECT SEQUENCE_NAME FROM INFORMATION_SCHEMA.SEQUENCES WHERE SEQUENCE_SCHEMA='PUBLIC'
P6SPY_SQL: select dbdirectin0_.id as id1_0_, dbdirectin0_.x as x2_0_, dbdirectin0_.y as y3_0_ from db_direct_int_entity dbdirectin0_ where dbdirectin0_.x=3 and dbdirectin0_.y=403
P6SPY_SQL: SELECT dbdirectin0_.id AS id1_0_, dbdirectin0_.x AS x2_0_, dbdirectin0_.y AS y3_0_ FROM db_direct_int_entity dbdirectin0_
P6SPY_SQL: SELECT TABLE_NAME FROM INFORMATION_SCHEMA.TABLES  where TABLE_SCHEMA='PUBLIC'
P6SPY_SQL: SELECT SEQUENCE_NAME FROM INFORMATION_SCHEMA.SEQUENCES WHERE SEQUENCE_SCHEMA='PUBLIC'
P6SPY_SQL: select dbdirectin0_.id as id1_0_, dbdirectin0_.x as x2_0_, dbdirectin0_.y as y3_0_ from db_direct_int_entity dbdirectin0_ where dbdirectin0_.x=3 and dbdirectin0_.y=403
P6SPY_SQL: SELECT dbdirectin0_.id AS id1_0_, dbdirectin0_.x AS x2_0_, dbdirectin0_.y AS y3_0_ FROM db_direct_int_entity dbdirectin0_
P6SPY_SQL: SELECT TABLE_NAME FROM INFORMATION_SCHEMA.TABLES  where TABLE_SCHEMA='PUBLIC'
P6SPY_SQL: SELECT SEQUENCE_NAME FROM INFORMATION_SCHEMA.SEQUENCES WHERE SEQUENCE_SCHEMA='PUBLIC'
P6SPY_SQL: select dbdirectin0_.id as id1_0_, dbdirectin0_.x as x2_0_, dbdirectin0_.y as y3_0_ from db_direct_int_entity dbdirectin0_ where dbdirectin0_.x=3 and dbdirectin0_.y=403
P6SPY_SQL: SELECT dbdirectin0_.id AS id1_0_, dbdirectin0_.x AS x2_0_, dbdirectin0_.y AS y3_0_ FROM db_direct_int_entity dbdirectin0_
P6SPY_SQL: SELECT TABLE_NAME FROM INFORMATION_SCHEMA.TABLES  where TABLE_SCHEMA='PUBLIC'
P6SPY_SQL: SELECT SEQUENCE_NAME FROM INFORMATION_SCHEMA.SEQUENCES WHERE SEQUENCE_SCHEMA='PUBLIC'
P6SPY_SQL: select dbdirectin0_.id as id1_0_, dbdirectin0_.x as x2_0_, dbdirectin0_.y as y3_0_ from db_direct_int_entity dbdirectin0_ where dbdirectin0_.x=3 and dbdirectin0_.y=403
P6SPY_SQL: SELECT dbdirectin0_.id AS id1_0_, dbdirectin0_.x AS x2_0_, dbdirectin0_.y AS y3_0_ FROM db_direct_int_entity dbdirectin0_
P6SPY_SQL: SELECT TABLE_NAME FROM INFORMATION_SCHEMA.TABLES  where TABLE_SCHEMA='PUBLIC'
P6SPY_SQL: SELECT SEQUENCE_NAME FROM INFORMATION_SCHEMA.SEQUENCES WHERE SEQUENCE_SCHEMA='PUBLIC'
P6SPY_SQL: select dbdirectin0_.id as id1_0_, dbdirectin0_.x as x2_0_, dbdirectin0_.y as y3_0_ from db_direct_int_entity dbdirectin0_ where dbdirectin0_.x=3 and dbdirectin0_.y=403
P6SPY_SQL: SELECT dbdirectin0_.id AS id1_0_, dbdirectin0_.x AS x2_0_, dbdirectin0_.y AS y3_0_ FROM db_direct_int_entity dbdirectin0_
P6SPY_SQL: SELECT TABLE_NAME FROM INFORMATION_SCHEMA.TABLES  where TABLE_SCHEMA='PUBLIC'
P6SPY_SQL: SELECT SEQUENCE_NAME FROM INFORMATION_SCHEMA.SEQUENCES WHERE SEQUENCE_SCHEMA='PUBLIC'
P6SPY_SQL: select dbdirectin0_.id as id1_0_, dbdirectin0_.x as x2_0_, dbdirectin0_.y as y3_0_ from db_direct_int_entity dbdirectin0_ where dbdirectin0_.x=3 and dbdirectin0_.y=403
P6SPY_SQL: SELECT dbdirectin0_.id AS id1_0_, dbdirectin0_.x AS x2_0_, dbdirectin0_.y AS y3_0_ FROM db_direct_int_entity dbdirectin0_
&amp#27;[1A&amp#27;[2K* Consumed search budget: 92%
P6SPY_SQL: SELECT TABLE_NAME FROM INFORMATION_SCHEMA.TABLES  where TABLE_SCHEMA='PUBLIC'
P6SPY_SQL: SELECT SEQUENCE_NAME FROM INFORMATION_SCHEMA.SEQUENCES WHERE SEQUENCE_SCHEMA='PUBLIC'
P6SPY_SQL: select dbdirectin0_.id as id1_0_, dbdirectin0_.x as x2_0_, dbdirectin0_.y as y3_0_ from db_direct_int_entity dbdirectin0_ where dbdirectin0_.x=3 and dbdirectin0_.y=403
P6SPY_SQL: SELECT dbdirectin0_.id AS id1_0_, dbdirectin0_.x AS x2_0_, dbdirectin0_.y AS y3_0_ FROM db_direct_int_entity dbdirectin0_
P6SPY_SQL: SELECT TABLE_NAME FROM INFORMATION_SCHEMA.TABLES  where TABLE_SCHEMA='PUBLIC'
P6SPY_SQL: SELECT SEQUENCE_NAME FROM INFORMATION_SCHEMA.SEQUENCES WHERE SEQUENCE_SCHEMA='PUBLIC'
P6SPY_SQL: select dbdirectin0_.id as id1_0_, dbdirectin0_.x as x2_0_, dbdirectin0_.y as y3_0_ from db_direct_int_entity dbdirectin0_ where dbdirectin0_.x=3 and dbdirectin0_.y=403
P6SPY_SQL: SELECT dbdirectin0_.id AS id1_0_, dbdirectin0_.x AS x2_0_, dbdirectin0_.y AS y3_0_ FROM db_direct_int_entity dbdirectin0_
P6SPY_SQL: SELECT TABLE_NAME FROM INFORMATION_SCHEMA.TABLES  where TABLE_SCHEMA='PUBLIC'
P6SPY_SQL: SELECT SEQUENCE_NAME FROM INFORMATION_SCHEMA.SEQUENCES WHERE SEQUENCE_SCHEMA='PUBLIC'
P6SPY_SQL: select dbdirectin0_.id as id1_0_, dbdirectin0_.x as x2_0_, dbdirectin0_.y as y3_0_ from db_direct_int_entity dbdirectin0_ where dbdirectin0_.x=3 and dbdirectin0_.y=403
P6SPY_SQL: SELECT dbdirectin0_.id AS id1_0_, dbdirectin0_.x AS x2_0_, dbdirectin0_.y AS y3_0_ FROM db_direct_int_entity dbdirectin0_
P6SPY_SQL: SELECT TABLE_NAME FROM INFORMATION_SCHEMA.TABLES  where TABLE_SCHEMA='PUBLIC'
P6SPY_SQL: SELECT SEQUENCE_NAME FROM INFORMATION_SCHEMA.SEQUENCES WHERE SEQUENCE_SCHEMA='PUBLIC'
P6SPY_SQL: select dbdirectin0_.id as id1_0_, dbdirectin0_.x as x2_0_, dbdirectin0_.y as y3_0_ from db_direct_int_entity dbdirectin0_ where dbdirectin0_.x=3 and dbdirectin0_.y=403
P6SPY_SQL: SELECT dbdirectin0_.id AS id1_0_, dbdirectin0_.x AS x2_0_, dbdirectin0_.y AS y3_0_ FROM db_direct_int_entity dbdirectin0_
P6SPY_SQL: SELECT TABLE_NAME FROM INFORMATION_SCHEMA.TABLES  where TABLE_SCHEMA='PUBLIC'
P6SPY_SQL: SELECT SEQUENCE_NAME FROM INFORMATION_SCHEMA.SEQUENCES WHERE SEQUENCE_SCHEMA='PUBLIC'
P6SPY_SQL: select dbdirectin0_.id as id1_0_, dbdirectin0_.x as x2_0_, dbdirectin0_.y as y3_0_ from db_direct_int_entity dbdirectin0_ where dbdirectin0_.x=3 and dbdirectin0_.y=403
P6SPY_SQL: SELECT dbdirectin0_.id AS id1_0_, dbdirectin0_.x AS x2_0_, dbdirectin0_.y AS y3_0_ FROM db_direct_int_entity dbdirectin0_
P6SPY_SQL: SELECT TABLE_NAME FROM INFORMATION_SCHEMA.TABLES  where TABLE_SCHEMA='PUBLIC'
P6SPY_SQL: SELECT SEQUENCE_NAME FROM INFORMATION_SCHEMA.SEQUENCES WHERE SEQUENCE_SCHEMA='PUBLIC'
P6SPY_SQL: select dbdirectin0_.id as id1_0_, dbdirectin0_.x as x2_0_, dbdirectin0_.y as y3_0_ from db_direct_int_entity dbdirectin0_ where dbdirectin0_.x=3 and dbdirectin0_.y=403
P6SPY_SQL: SELECT dbdirectin0_.id AS id1_0_, dbdirectin0_.x AS x2_0_, dbdirectin0_.y AS y3_0_ FROM db_direct_int_entity dbdirectin0_
P6SPY_SQL: SELECT TABLE_NAME FROM INFORMATION_SCHEMA.TABLES  where TABLE_SCHEMA='PUBLIC'
P6SPY_SQL: SELECT SEQUENCE_NAME FROM INFORMATION_SCHEMA.SEQUENCES WHERE SEQUENCE_SCHEMA='PUBLIC'
P6SPY_SQL: select dbdirectin0_.id as id1_0_, dbdirectin0_.x as x2_0_, dbdirectin0_.y as y3_0_ from db_direct_int_entity dbdirectin0_ where dbdirectin0_.x=3 and dbdirectin0_.y=403
P6SPY_SQL: SELECT dbdirectin0_.id AS id1_0_, dbdirectin0_.x AS x2_0_, dbdirectin0_.y AS y3_0_ FROM db_direct_int_entity dbdirectin0_
P6SPY_SQL: SELECT TABLE_NAME FROM INFORMATION_SCHEMA.TABLES  where TABLE_SCHEMA='PUBLIC'
P6SPY_SQL: SELECT SEQUENCE_NAME FROM INFORMATION_SCHEMA.SEQUENCES WHERE SEQUENCE_SCHEMA='PUBLIC'
P6SPY_SQL: select dbdirectin0_.id as id1_0_, dbdirectin0_.x as x2_0_, dbdirectin0_.y as y3_0_ from db_direct_int_entity dbdirectin0_ where dbdirectin0_.x=3 and dbdirectin0_.y=403
P6SPY_SQL: SELECT dbdirectin0_.id AS id1_0_, dbdirectin0_.x AS x2_0_, dbdirectin0_.y AS y3_0_ FROM db_direct_int_entity dbdirectin0_
P6SPY_SQL: SELECT TABLE_NAME FROM INFORMATION_SCHEMA.TABLES  where TABLE_SCHEMA='PUBLIC'
P6SPY_SQL: SELECT SEQUENCE_NAME FROM INFORMATION_SCHEMA.SEQUENCES WHERE SEQUENCE_SCHEMA='PUBLIC'
P6SPY_SQL: select dbdirectin0_.id as id1_0_, dbdirectin0_.x as x2_0_, dbdirectin0_.y as y3_0_ from db_direct_int_entity dbdirectin0_ where dbdirectin0_.x=3 and dbdirectin0_.y=403
P6SPY_SQL: SELECT dbdirectin0_.id AS id1_0_, dbdirectin0_.x AS x2_0_, dbdirectin0_.y AS y3_0_ FROM db_direct_int_entity dbdirectin0_
P6SPY_SQL: SELECT TABLE_NAME FROM INFORMATION_SCHEMA.TABLES  where TABLE_SCHEMA='PUBLIC'
P6SPY_SQL: SELECT SEQUENCE_NAME FROM INFORMATION_SCHEMA.SEQUENCES WHERE SEQUENCE_SCHEMA='PUBLIC'
P6SPY_SQL: select dbdirectin0_.id as id1_0_, dbdirectin0_.x as x2_0_, dbdirectin0_.y as y3_0_ from db_direct_int_entity dbdirectin0_ where dbdirectin0_.x=3 and dbdirectin0_.y=403
P6SPY_SQL: SELECT dbdirectin0_.id AS id1_0_, dbdirectin0_.x AS x2_0_, dbdirectin0_.y AS y3_0_ FROM db_direct_int_entity dbdirectin0_
&amp#27;[1A&amp#27;[2K* Consumed search budget: 93%
P6SPY_SQL: SELECT TABLE_NAME FROM INFORMATION_SCHEMA.TABLES  where TABLE_SCHEMA='PUBLIC'
P6SPY_SQL: SELECT SEQUENCE_NAME FROM INFORMATION_SCHEMA.SEQUENCES WHERE SEQUENCE_SCHEMA='PUBLIC'
P6SPY_SQL: select dbdirectin0_.id as id1_0_, dbdirectin0_.x as x2_0_, dbdirectin0_.y as y3_0_ from db_direct_int_entity dbdirectin0_ where dbdirectin0_.x=3 and dbdirectin0_.y=403
P6SPY_SQL: SELECT dbdirectin0_.id AS id1_0_, dbdirectin0_.x AS x2_0_, dbdirectin0_.y AS y3_0_ FROM db_direct_int_entity dbdirectin0_
P6SPY_SQL: SELECT TABLE_NAME FROM INFORMATION_SCHEMA.TABLES  where TABLE_SCHEMA='PUBLIC'
P6SPY_SQL: SELECT SEQUENCE_NAME FROM INFORMATION_SCHEMA.SEQUENCES WHERE SEQUENCE_SCHEMA='PUBLIC'
P6SPY_SQL: select dbdirectin0_.id as id1_0_, dbdirectin0_.x as x2_0_, dbdirectin0_.y as y3_0_ from db_direct_int_entity dbdirectin0_ where dbdirectin0_.x=3 and dbdirectin0_.y=403
P6SPY_SQL: SELECT dbdirectin0_.id AS id1_0_, dbdirectin0_.x AS x2_0_, dbdirectin0_.y AS y3_0_ FROM db_direct_int_entity dbdirectin0_
P6SPY_SQL: SELECT TABLE_NAME FROM INFORMATION_SCHEMA.TABLES  where TABLE_SCHEMA='PUBLIC'
P6SPY_SQL: SELECT SEQUENCE_NAME FROM INFORMATION_SCHEMA.SEQUENCES WHERE SEQUENCE_SCHEMA='PUBLIC'
P6SPY_SQL: select dbdirectin0_.id as id1_0_, dbdirectin0_.x as x2_0_, dbdirectin0_.y as y3_0_ from db_direct_int_entity dbdirectin0_ where dbdirectin0_.x=3 and dbdirectin0_.y=403
P6SPY_SQL: SELECT dbdirectin0_.id AS id1_0_, dbdirectin0_.x AS x2_0_, dbdirectin0_.y AS y3_0_ FROM db_direct_int_entity dbdirectin0_
P6SPY_SQL: SELECT TABLE_NAME FROM INFORMATION_SCHEMA.TABLES  where TABLE_SCHEMA='PUBLIC'
P6SPY_SQL: SELECT SEQUENCE_NAME FROM INFORMATION_SCHEMA.SEQUENCES WHERE SEQUENCE_SCHEMA='PUBLIC'
P6SPY_SQL: select dbdirectin0_.id as id1_0_, dbdirectin0_.x as x2_0_, dbdirectin0_.y as y3_0_ from db_direct_int_entity dbdirectin0_ where dbdirectin0_.x=3 and dbdirectin0_.y=403
P6SPY_SQL: SELECT dbdirectin0_.id AS id1_0_, dbdirectin0_.x AS x2_0_, dbdirectin0_.y AS y3_0_ FROM db_direct_int_entity dbdirectin0_
P6SPY_SQL: SELECT TABLE_NAME FROM INFORMATION_SCHEMA.TABLES  where TABLE_SCHEMA='PUBLIC'
P6SPY_SQL: SELECT SEQUENCE_NAME FROM INFORMATION_SCHEMA.SEQUENCES WHERE SEQUENCE_SCHEMA='PUBLIC'
P6SPY_SQL: select dbdirectin0_.id as id1_0_, dbdirectin0_.x as x2_0_, dbdirectin0_.y as y3_0_ from db_direct_int_entity dbdirectin0_ where dbdirectin0_.x=3 and dbdirectin0_.y=403
P6SPY_SQL: SELECT dbdirectin0_.id AS id1_0_, dbdirectin0_.x AS x2_0_, dbdirectin0_.y AS y3_0_ FROM db_direct_int_entity dbdirectin0_
P6SPY_SQL: SELECT TABLE_NAME FROM INFORMATION_SCHEMA.TABLES  where TABLE_SCHEMA='PUBLIC'
P6SPY_SQL: SELECT SEQUENCE_NAME FROM INFORMATION_SCHEMA.SEQUENCES WHERE SEQUENCE_SCHEMA='PUBLIC'
P6SPY_SQL: select dbdirectin0_.id as id1_0_, dbdirectin0_.x as x2_0_, dbdirectin0_.y as y3_0_ from db_direct_int_entity dbdirectin0_ where dbdirectin0_.x=3 and dbdirectin0_.y=403
P6SPY_SQL: SELECT dbdirectin0_.id AS id1_0_, dbdirectin0_.x AS x2_0_, dbdirectin0_.y AS y3_0_ FROM db_direct_int_entity dbdirectin0_
P6SPY_SQL: SELECT TABLE_NAME FROM INFORMATION_SCHEMA.TABLES  where TABLE_SCHEMA='PUBLIC'
P6SPY_SQL: SELECT SEQUENCE_NAME FROM INFORMATION_SCHEMA.SEQUENCES WHERE SEQUENCE_SCHEMA='PUBLIC'
P6SPY_SQL: select dbdirectin0_.id as id1_0_, dbdirectin0_.x as x2_0_, dbdirectin0_.y as y3_0_ from db_direct_int_entity dbdirectin0_ where dbdirectin0_.x=3 and dbdirectin0_.y=403
P6SPY_SQL: SELECT dbdirectin0_.id AS id1_0_, dbdirectin0_.x AS x2_0_, dbdirectin0_.y AS y3_0_ FROM db_direct_int_entity dbdirectin0_
P6SPY_SQL: SELECT TABLE_NAME FROM INFORMATION_SCHEMA.TABLES  where TABLE_SCHEMA='PUBLIC'
P6SPY_SQL: SELECT SEQUENCE_NAME FROM INFORMATION_SCHEMA.SEQUENCES WHERE SEQUENCE_SCHEMA='PUBLIC'
P6SPY_SQL: select dbdirectin0_.id as id1_0_, dbdirectin0_.x as x2_0_, dbdirectin0_.y as y3_0_ from db_direct_int_entity dbdirectin0_ where dbdirectin0_.x=3 and dbdirectin0_.y=403
P6SPY_SQL: SELECT dbdirectin0_.id AS id1_0_, dbdirectin0_.x AS x2_0_, dbdirectin0_.y AS y3_0_ FROM db_direct_int_entity dbdirectin0_
P6SPY_SQL: SELECT TABLE_NAME FROM INFORMATION_SCHEMA.TABLES  where TABLE_SCHEMA='PUBLIC'
P6SPY_SQL: SELECT SEQUENCE_NAME FROM INFORMATION_SCHEMA.SEQUENCES WHERE SEQUENCE_SCHEMA='PUBLIC'
P6SPY_SQL: select dbdirectin0_.id as id1_0_, dbdirectin0_.x as x2_0_, dbdirectin0_.y as y3_0_ from db_direct_int_entity dbdirectin0_ where dbdirectin0_.x=3 and dbdirectin0_.y=403
P6SPY_SQL: SELECT dbdirectin0_.id AS id1_0_, dbdirectin0_.x AS x2_0_, dbdirectin0_.y AS y3_0_ FROM db_direct_int_entity dbdirectin0_
P6SPY_SQL: SELECT TABLE_NAME FROM INFORMATION_SCHEMA.TABLES  where TABLE_SCHEMA='PUBLIC'
P6SPY_SQL: SELECT SEQUENCE_NAME FROM INFORMATION_SCHEMA.SEQUENCES WHERE SEQUENCE_SCHEMA='PUBLIC'
P6SPY_SQL: select dbdirectin0_.id as id1_0_, dbdirectin0_.x as x2_0_, dbdirectin0_.y as y3_0_ from db_direct_int_entity dbdirectin0_ where dbdirectin0_.x=3 and dbdirectin0_.y=403
P6SPY_SQL: SELECT dbdirectin0_.id AS id1_0_, dbdirectin0_.x AS x2_0_, dbdirectin0_.y AS y3_0_ FROM db_direct_int_entity dbdirectin0_
&amp#27;[1A&amp#27;[2K* Consumed search budget: 94%
P6SPY_SQL: SELECT TABLE_NAME FROM INFORMATION_SCHEMA.TABLES  where TABLE_SCHEMA='PUBLIC'
P6SPY_SQL: SELECT SEQUENCE_NAME FROM INFORMATION_SCHEMA.SEQUENCES WHERE SEQUENCE_SCHEMA='PUBLIC'
P6SPY_SQL: select dbdirectin0_.id as id1_0_, dbdirectin0_.x as x2_0_, dbdirectin0_.y as y3_0_ from db_direct_int_entity dbdirectin0_ where dbdirectin0_.x=3 and dbdirectin0_.y=403
P6SPY_SQL: SELECT dbdirectin0_.id AS id1_0_, dbdirectin0_.x AS x2_0_, dbdirectin0_.y AS y3_0_ FROM db_direct_int_entity dbdirectin0_
P6SPY_SQL: SELECT TABLE_NAME FROM INFORMATION_SCHEMA.TABLES  where TABLE_SCHEMA='PUBLIC'
P6SPY_SQL: SELECT SEQUENCE_NAME FROM INFORMATION_SCHEMA.SEQUENCES WHERE SEQUENCE_SCHEMA='PUBLIC'
P6SPY_SQL: select dbdirectin0_.id as id1_0_, dbdirectin0_.x as x2_0_, dbdirectin0_.y as y3_0_ from db_direct_int_entity dbdirectin0_ where dbdirectin0_.x=3 and dbdirectin0_.y=403
P6SPY_SQL: SELECT dbdirectin0_.id AS id1_0_, dbdirectin0_.x AS x2_0_, dbdirectin0_.y AS y3_0_ FROM db_direct_int_entity dbdirectin0_
P6SPY_SQL: SELECT TABLE_NAME FROM INFORMATION_SCHEMA.TABLES  where TABLE_SCHEMA='PUBLIC'
P6SPY_SQL: SELECT SEQUENCE_NAME FROM INFORMATION_SCHEMA.SEQUENCES WHERE SEQUENCE_SCHEMA='PUBLIC'
P6SPY_SQL: select dbdirectin0_.id as id1_0_, dbdirectin0_.x as x2_0_, dbdirectin0_.y as y3_0_ from db_direct_int_entity dbdirectin0_ where dbdirectin0_.x=3 and dbdirectin0_.y=403
P6SPY_SQL: SELECT dbdirectin0_.id AS id1_0_, dbdirectin0_.x AS x2_0_, dbdirectin0_.y AS y3_0_ FROM db_direct_int_entity dbdirectin0_
P6SPY_SQL: SELECT TABLE_NAME FROM INFORMATION_SCHEMA.TABLES  where TABLE_SCHEMA='PUBLIC'
P6SPY_SQL: SELECT SEQUENCE_NAME FROM INFORMATION_SCHEMA.SEQUENCES WHERE SEQUENCE_SCHEMA='PUBLIC'
P6SPY_SQL: select dbdirectin0_.id as id1_0_, dbdirectin0_.x as x2_0_, dbdirectin0_.y as y3_0_ from db_direct_int_entity dbdirectin0_ where dbdirectin0_.x=3 and dbdirectin0_.y=403
P6SPY_SQL: SELECT dbdirectin0_.id AS id1_0_, dbdirectin0_.x AS x2_0_, dbdirectin0_.y AS y3_0_ FROM db_direct_int_entity dbdirectin0_
P6SPY_SQL: SELECT TABLE_NAME FROM INFORMATION_SCHEMA.TABLES  where TABLE_SCHEMA='PUBLIC'
P6SPY_SQL: SELECT SEQUENCE_NAME FROM INFORMATION_SCHEMA.SEQUENCES WHERE SEQUENCE_SCHEMA='PUBLIC'
P6SPY_SQL: select dbdirectin0_.id as id1_0_, dbdirectin0_.x as x2_0_, dbdirectin0_.y as y3_0_ from db_direct_int_entity dbdirectin0_ where dbdirectin0_.x=3 and dbdirectin0_.y=403
P6SPY_SQL: SELECT dbdirectin0_.id AS id1_0_, dbdirectin0_.x AS x2_0_, dbdirectin0_.y AS y3_0_ FROM db_direct_int_entity dbdirectin0_
P6SPY_SQL: SELECT TABLE_NAME FROM INFORMATION_SCHEMA.TABLES  where TABLE_SCHEMA='PUBLIC'
P6SPY_SQL: SELECT SEQUENCE_NAME FROM INFORMATION_SCHEMA.SEQUENCES WHERE SEQUENCE_SCHEMA='PUBLIC'
P6SPY_SQL: select dbdirectin0_.id as id1_0_, dbdirectin0_.x as x2_0_, dbdirectin0_.y as y3_0_ from db_direct_int_entity dbdirectin0_ where dbdirectin0_.x=3 and dbdirectin0_.y=403
P6SPY_SQL: SELECT dbdirectin0_.id AS id1_0_, dbdirectin0_.x AS x2_0_, dbdirectin0_.y AS y3_0_ FROM db_direct_int_entity dbdirectin0_
P6SPY_SQL: SELECT TABLE_NAME FROM INFORMATION_SCHEMA.TABLES  where TABLE_SCHEMA='PUBLIC'
P6SPY_SQL: SELECT SEQUENCE_NAME FROM INFORMATION_SCHEMA.SEQUENCES WHERE SEQUENCE_SCHEMA='PUBLIC'
P6SPY_SQL: select dbdirectin0_.id as id1_0_, dbdirectin0_.x as x2_0_, dbdirectin0_.y as y3_0_ from db_direct_int_entity dbdirectin0_ where dbdirectin0_.x=3 and dbdirectin0_.y=403
P6SPY_SQL: SELECT dbdirectin0_.id AS id1_0_, dbdirectin0_.x AS x2_0_, dbdirectin0_.y AS y3_0_ FROM db_direct_int_entity dbdirectin0_
P6SPY_SQL: SELECT TABLE_NAME FROM INFORMATION_SCHEMA.TABLES  where TABLE_SCHEMA='PUBLIC'
P6SPY_SQL: SELECT SEQUENCE_NAME FROM INFORMATION_SCHEMA.SEQUENCES WHERE SEQUENCE_SCHEMA='PUBLIC'
P6SPY_SQL: select dbdirectin0_.id as id1_0_, dbdirectin0_.x as x2_0_, dbdirectin0_.y as y3_0_ from db_direct_int_entity dbdirectin0_ where dbdirectin0_.x=3 and dbdirectin0_.y=403
P6SPY_SQL: SELECT dbdirectin0_.id AS id1_0_, dbdirectin0_.x AS x2_0_, dbdirectin0_.y AS y3_0_ FROM db_direct_int_entity dbdirectin0_
P6SPY_SQL: SELECT TABLE_NAME FROM INFORMATION_SCHEMA.TABLES  where TABLE_SCHEMA='PUBLIC'
P6SPY_SQL: SELECT SEQUENCE_NAME FROM INFORMATION_SCHEMA.SEQUENCES WHERE SEQUENCE_SCHEMA='PUBLIC'
P6SPY_SQL: select dbdirectin0_.id as id1_0_, dbdirectin0_.x as x2_0_, dbdirectin0_.y as y3_0_ from db_direct_int_entity dbdirectin0_ where dbdirectin0_.x=3 and dbdirectin0_.y=403
P6SPY_SQL: SELECT dbdirectin0_.id AS id1_0_, dbdirectin0_.x AS x2_0_, dbdirectin0_.y AS y3_0_ FROM db_direct_int_entity dbdirectin0_
P6SPY_SQL: SELECT TABLE_NAME FROM INFORMATION_SCHEMA.TABLES  where TABLE_SCHEMA='PUBLIC'
P6SPY_SQL: SELECT SEQUENCE_NAME FROM INFORMATION_SCHEMA.SEQUENCES WHERE SEQUENCE_SCHEMA='PUBLIC'
P6SPY_SQL: select dbdirectin0_.id as id1_0_, dbdirectin0_.x as x2_0_, dbdirectin0_.y as y3_0_ from db_direct_int_entity dbdirectin0_ where dbdirectin0_.x=3 and dbdirectin0_.y=403
P6SPY_SQL: SELECT dbdirectin0_.id AS id1_0_, dbdirectin0_.x AS x2_0_, dbdirectin0_.y AS y3_0_ FROM db_direct_int_entity dbdirectin0_
&amp#27;[1A&amp#27;[2K* Consumed search budget: 95%
P6SPY_SQL: SELECT TABLE_NAME FROM INFORMATION_SCHEMA.TABLES  where TABLE_SCHEMA='PUBLIC'
P6SPY_SQL: SELECT SEQUENCE_NAME FROM INFORMATION_SCHEMA.SEQUENCES WHERE SEQUENCE_SCHEMA='PUBLIC'
P6SPY_SQL: select dbdirectin0_.id as id1_0_, dbdirectin0_.x as x2_0_, dbdirectin0_.y as y3_0_ from db_direct_int_entity dbdirectin0_ where dbdirectin0_.x=3 and dbdirectin0_.y=403
P6SPY_SQL: SELECT dbdirectin0_.id AS id1_0_, dbdirectin0_.x AS x2_0_, dbdirectin0_.y AS y3_0_ FROM db_direct_int_entity dbdirectin0_
P6SPY_SQL: SELECT TABLE_NAME FROM INFORMATION_SCHEMA.TABLES  where TABLE_SCHEMA='PUBLIC'
P6SPY_SQL: SELECT SEQUENCE_NAME FROM INFORMATION_SCHEMA.SEQUENCES WHERE SEQUENCE_SCHEMA='PUBLIC'
P6SPY_SQL: select dbdirectin0_.id as id1_0_, dbdirectin0_.x as x2_0_, dbdirectin0_.y as y3_0_ from db_direct_int_entity dbdirectin0_ where dbdirectin0_.x=3 and dbdirectin0_.y=403
P6SPY_SQL: SELECT dbdirectin0_.id AS id1_0_, dbdirectin0_.x AS x2_0_, dbdirectin0_.y AS y3_0_ FROM db_direct_int_entity dbdirectin0_
P6SPY_SQL: SELECT TABLE_NAME FROM INFORMATION_SCHEMA.TABLES  where TABLE_SCHEMA='PUBLIC'
P6SPY_SQL: SELECT SEQUENCE_NAME FROM INFORMATION_SCHEMA.SEQUENCES WHERE SEQUENCE_SCHEMA='PUBLIC'
P6SPY_SQL: select dbdirectin0_.id as id1_0_, dbdirectin0_.x as x2_0_, dbdirectin0_.y as y3_0_ from db_direct_int_entity dbdirectin0_ where dbdirectin0_.x=3 and dbdirectin0_.y=403
P6SPY_SQL: SELECT dbdirectin0_.id AS id1_0_, dbdirectin0_.x AS x2_0_, dbdirectin0_.y AS y3_0_ FROM db_direct_int_entity dbdirectin0_
P6SPY_SQL: SELECT TABLE_NAME FROM INFORMATION_SCHEMA.TABLES  where TABLE_SCHEMA='PUBLIC'
P6SPY_SQL: SELECT SEQUENCE_NAME FROM INFORMATION_SCHEMA.SEQUENCES WHERE SEQUENCE_SCHEMA='PUBLIC'
P6SPY_SQL: select dbdirectin0_.id as id1_0_, dbdirectin0_.x as x2_0_, dbdirectin0_.y as y3_0_ from db_direct_int_entity dbdirectin0_ where dbdirectin0_.x=3 and dbdirectin0_.y=403
P6SPY_SQL: SELECT dbdirectin0_.id AS id1_0_, dbdirectin0_.x AS x2_0_, dbdirectin0_.y AS y3_0_ FROM db_direct_int_entity dbdirectin0_
P6SPY_SQL: SELECT TABLE_NAME FROM INFORMATION_SCHEMA.TABLES  where TABLE_SCHEMA='PUBLIC'
P6SPY_SQL: SELECT SEQUENCE_NAME FROM INFORMATION_SCHEMA.SEQUENCES WHERE SEQUENCE_SCHEMA='PUBLIC'
P6SPY_SQL: select dbdirectin0_.id as id1_0_, dbdirectin0_.x as x2_0_, dbdirectin0_.y as y3_0_ from db_direct_int_entity dbdirectin0_ where dbdirectin0_.x=3 and dbdirectin0_.y=403
P6SPY_SQL: SELECT dbdirectin0_.id AS id1_0_, dbdirectin0_.x AS x2_0_, dbdirectin0_.y AS y3_0_ FROM db_direct_int_entity dbdirectin0_
P6SPY_SQL: SELECT TABLE_NAME FROM INFORMATION_SCHEMA.TABLES  where TABLE_SCHEMA='PUBLIC'
P6SPY_SQL: SELECT SEQUENCE_NAME FROM INFORMATION_SCHEMA.SEQUENCES WHERE SEQUENCE_SCHEMA='PUBLIC'
P6SPY_SQL: select dbdirectin0_.id as id1_0_, dbdirectin0_.x as x2_0_, dbdirectin0_.y as y3_0_ from db_direct_int_entity dbdirectin0_ where dbdirectin0_.x=3 and dbdirectin0_.y=403
P6SPY_SQL: SELECT dbdirectin0_.id AS id1_0_, dbdirectin0_.x AS x2_0_, dbdirectin0_.y AS y3_0_ FROM db_direct_int_entity dbdirectin0_
P6SPY_SQL: SELECT TABLE_NAME FROM INFORMATION_SCHEMA.TABLES  where TABLE_SCHEMA='PUBLIC'
P6SPY_SQL: SELECT SEQUENCE_NAME FROM INFORMATION_SCHEMA.SEQUENCES WHERE SEQUENCE_SCHEMA='PUBLIC'
P6SPY_SQL: select dbdirectin0_.id as id1_0_, dbdirectin0_.x as x2_0_, dbdirectin0_.y as y3_0_ from db_direct_int_entity dbdirectin0_ where dbdirectin0_.x=3 and dbdirectin0_.y=403
P6SPY_SQL: SELECT dbdirectin0_.id AS id1_0_, dbdirectin0_.x AS x2_0_, dbdirectin0_.y AS y3_0_ FROM db_direct_int_entity dbdirectin0_
P6SPY_SQL: SELECT TABLE_NAME FROM INFORMATION_SCHEMA.TABLES  where TABLE_SCHEMA='PUBLIC'
P6SPY_SQL: SELECT SEQUENCE_NAME FROM INFORMATION_SCHEMA.SEQUENCES WHERE SEQUENCE_SCHEMA='PUBLIC'
P6SPY_SQL: select dbdirectin0_.id as id1_0_, dbdirectin0_.x as x2_0_, dbdirectin0_.y as y3_0_ from db_direct_int_entity dbdirectin0_ where dbdirectin0_.x=3 and dbdirectin0_.y=403
P6SPY_SQL: SELECT dbdirectin0_.id AS id1_0_, dbdirectin0_.x AS x2_0_, dbdirectin0_.y AS y3_0_ FROM db_direct_int_entity dbdirectin0_
P6SPY_SQL: SELECT TABLE_NAME FROM INFORMATION_SCHEMA.TABLES  where TABLE_SCHEMA='PUBLIC'
P6SPY_SQL: SELECT SEQUENCE_NAME FROM INFORMATION_SCHEMA.SEQUENCES WHERE SEQUENCE_SCHEMA='PUBLIC'
P6SPY_SQL: select dbdirectin0_.id as id1_0_, dbdirectin0_.x as x2_0_, dbdirectin0_.y as y3_0_ from db_direct_int_entity dbdirectin0_ where dbdirectin0_.x=3 and dbdirectin0_.y=403
P6SPY_SQL: SELECT dbdirectin0_.id AS id1_0_, dbdirectin0_.x AS x2_0_, dbdirectin0_.y AS y3_0_ FROM db_direct_int_entity dbdirectin0_
P6SPY_SQL: SELECT TABLE_NAME FROM INFORMATION_SCHEMA.TABLES  where TABLE_SCHEMA='PUBLIC'
P6SPY_SQL: SELECT SEQUENCE_NAME FROM INFORMATION_SCHEMA.SEQUENCES WHERE SEQUENCE_SCHEMA='PUBLIC'
P6SPY_SQL: select dbdirectin0_.id as id1_0_, dbdirectin0_.x as x2_0_, dbdirectin0_.y as y3_0_ from db_direct_int_entity dbdirectin0_ where dbdirectin0_.x=3 and dbdirectin0_.y=403
P6SPY_SQL: SELECT dbdirectin0_.id AS id1_0_, dbdirectin0_.x AS x2_0_, dbdirectin0_.y AS y3_0_ FROM db_direct_int_entity dbdirectin0_
&amp#27;[1A&amp#27;[2K* Consumed search budget: 96%
P6SPY_SQL: SELECT TABLE_NAME FROM INFORMATION_SCHEMA.TABLES  where TABLE_SCHEMA='PUBLIC'
P6SPY_SQL: SELECT SEQUENCE_NAME FROM INFORMATION_SCHEMA.SEQUENCES WHERE SEQUENCE_SCHEMA='PUBLIC'
P6SPY_SQL: select dbdirectin0_.id as id1_0_, dbdirectin0_.x as x2_0_, dbdirectin0_.y as y3_0_ from db_direct_int_entity dbdirectin0_ where dbdirectin0_.x=3 and dbdirectin0_.y=403
P6SPY_SQL: SELECT dbdirectin0_.id AS id1_0_, dbdirectin0_.x AS x2_0_, dbdirectin0_.y AS y3_0_ FROM db_direct_int_entity dbdirectin0_
P6SPY_SQL: SELECT TABLE_NAME FROM INFORMATION_SCHEMA.TABLES  where TABLE_SCHEMA='PUBLIC'
P6SPY_SQL: SELECT SEQUENCE_NAME FROM INFORMATION_SCHEMA.SEQUENCES WHERE SEQUENCE_SCHEMA='PUBLIC'
P6SPY_SQL: select dbdirectin0_.id as id1_0_, dbdirectin0_.x as x2_0_, dbdirectin0_.y as y3_0_ from db_direct_int_entity dbdirectin0_ where dbdirectin0_.x=3 and dbdirectin0_.y=403
P6SPY_SQL: SELECT dbdirectin0_.id AS id1_0_, dbdirectin0_.x AS x2_0_, dbdirectin0_.y AS y3_0_ FROM db_direct_int_entity dbdirectin0_
P6SPY_SQL: SELECT TABLE_NAME FROM INFORMATION_SCHEMA.TABLES  where TABLE_SCHEMA='PUBLIC'
P6SPY_SQL: SELECT SEQUENCE_NAME FROM INFORMATION_SCHEMA.SEQUENCES WHERE SEQUENCE_SCHEMA='PUBLIC'
P6SPY_SQL: select dbdirectin0_.id as id1_0_, dbdirectin0_.x as x2_0_, dbdirectin0_.y as y3_0_ from db_direct_int_entity dbdirectin0_ where dbdirectin0_.x=3 and dbdirectin0_.y=403
P6SPY_SQL: SELECT dbdirectin0_.id AS id1_0_, dbdirectin0_.x AS x2_0_, dbdirectin0_.y AS y3_0_ FROM db_direct_int_entity dbdirectin0_
P6SPY_SQL: SELECT TABLE_NAME FROM INFORMATION_SCHEMA.TABLES  where TABLE_SCHEMA='PUBLIC'
P6SPY_SQL: SELECT SEQUENCE_NAME FROM INFORMATION_SCHEMA.SEQUENCES WHERE SEQUENCE_SCHEMA='PUBLIC'
P6SPY_SQL: select dbdirectin0_.id as id1_0_, dbdirectin0_.x as x2_0_, dbdirectin0_.y as y3_0_ from db_direct_int_entity dbdirectin0_ where dbdirectin0_.x=3 and dbdirectin0_.y=403
P6SPY_SQL: SELECT dbdirectin0_.id AS id1_0_, dbdirectin0_.x AS x2_0_, dbdirectin0_.y AS y3_0_ FROM db_direct_int_entity dbdirectin0_
P6SPY_SQL: SELECT TABLE_NAME FROM INFORMATION_SCHEMA.TABLES  where TABLE_SCHEMA='PUBLIC'
P6SPY_SQL: SELECT SEQUENCE_NAME FROM INFORMATION_SCHEMA.SEQUENCES WHERE SEQUENCE_SCHEMA='PUBLIC'
P6SPY_SQL: select dbdirectin0_.id as id1_0_, dbdirectin0_.x as x2_0_, dbdirectin0_.y as y3_0_ from db_direct_int_entity dbdirectin0_ where dbdirectin0_.x=3 and dbdirectin0_.y=403
P6SPY_SQL: SELECT dbdirectin0_.id AS id1_0_, dbdirectin0_.x AS x2_0_, dbdirectin0_.y AS y3_0_ FROM db_direct_int_entity dbdirectin0_
P6SPY_SQL: SELECT TABLE_NAME FROM INFORMATION_SCHEMA.TABLES  where TABLE_SCHEMA='PUBLIC'
P6SPY_SQL: SELECT SEQUENCE_NAME FROM INFORMATION_SCHEMA.SEQUENCES WHERE SEQUENCE_SCHEMA='PUBLIC'
P6SPY_SQL: select dbdirectin0_.id as id1_0_, dbdirectin0_.x as x2_0_, dbdirectin0_.y as y3_0_ from db_direct_int_entity dbdirectin0_ where dbdirectin0_.x=3 and dbdirectin0_.y=403
P6SPY_SQL: SELECT dbdirectin0_.id AS id1_0_, dbdirectin0_.x AS x2_0_, dbdirectin0_.y AS y3_0_ FROM db_direct_int_entity dbdirectin0_
P6SPY_SQL: SELECT TABLE_NAME FROM INFORMATION_SCHEMA.TABLES  where TABLE_SCHEMA='PUBLIC'
P6SPY_SQL: SELECT SEQUENCE_NAME FROM INFORMATION_SCHEMA.SEQUENCES WHERE SEQUENCE_SCHEMA='PUBLIC'
P6SPY_SQL: select dbdirectin0_.id as id1_0_, dbdirectin0_.x as x2_0_, dbdirectin0_.y as y3_0_ from db_direct_int_entity dbdirectin0_ where dbdirectin0_.x=3 and dbdirectin0_.y=403
P6SPY_SQL: SELECT dbdirectin0_.id AS id1_0_, dbdirectin0_.x AS x2_0_, dbdirectin0_.y AS y3_0_ FROM db_direct_int_entity dbdirectin0_
P6SPY_SQL: SELECT TABLE_NAME FROM INFORMATION_SCHEMA.TABLES  where TABLE_SCHEMA='PUBLIC'
P6SPY_SQL: SELECT SEQUENCE_NAME FROM INFORMATION_SCHEMA.SEQUENCES WHERE SEQUENCE_SCHEMA='PUBLIC'
P6SPY_SQL: select dbdirectin0_.id as id1_0_, dbdirectin0_.x as x2_0_, dbdirectin0_.y as y3_0_ from db_direct_int_entity dbdirectin0_ where dbdirectin0_.x=3 and dbdirectin0_.y=403
P6SPY_SQL: SELECT dbdirectin0_.id AS id1_0_, dbdirectin0_.x AS x2_0_, dbdirectin0_.y AS y3_0_ FROM db_direct_int_entity dbdirectin0_
P6SPY_SQL: SELECT TABLE_NAME FROM INFORMATION_SCHEMA.TABLES  where TABLE_SCHEMA='PUBLIC'
P6SPY_SQL: SELECT SEQUENCE_NAME FROM INFORMATION_SCHEMA.SEQUENCES WHERE SEQUENCE_SCHEMA='PUBLIC'
P6SPY_SQL: select dbdirectin0_.id as id1_0_, dbdirectin0_.x as x2_0_, dbdirectin0_.y as y3_0_ from db_direct_int_entity dbdirectin0_ where dbdirectin0_.x=3 and dbdirectin0_.y=403
P6SPY_SQL: SELECT dbdirectin0_.id AS id1_0_, dbdirectin0_.x AS x2_0_, dbdirectin0_.y AS y3_0_ FROM db_direct_int_entity dbdirectin0_
P6SPY_SQL: SELECT TABLE_NAME FROM INFORMATION_SCHEMA.TABLES  where TABLE_SCHEMA='PUBLIC'
P6SPY_SQL: SELECT SEQUENCE_NAME FROM INFORMATION_SCHEMA.SEQUENCES WHERE SEQUENCE_SCHEMA='PUBLIC'
P6SPY_SQL: select dbdirectin0_.id as id1_0_, dbdirectin0_.x as x2_0_, dbdirectin0_.y as y3_0_ from db_direct_int_entity dbdirectin0_ where dbdirectin0_.x=3 and dbdirectin0_.y=403
P6SPY_SQL: SELECT dbdirectin0_.id AS id1_0_, dbdirectin0_.x AS x2_0_, dbdirectin0_.y AS y3_0_ FROM db_direct_int_entity dbdirectin0_
&amp#27;[1A&amp#27;[2K* Consumed search budget: 97%
P6SPY_SQL: SELECT TABLE_NAME FROM INFORMATION_SCHEMA.TABLES  where TABLE_SCHEMA='PUBLIC'
P6SPY_SQL: SELECT SEQUENCE_NAME FROM INFORMATION_SCHEMA.SEQUENCES WHERE SEQUENCE_SCHEMA='PUBLIC'
P6SPY_SQL: select dbdirectin0_.id as id1_0_, dbdirectin0_.x as x2_0_, dbdirectin0_.y as y3_0_ from db_direct_int_entity dbdirectin0_ where dbdirectin0_.x=3 and dbdirectin0_.y=403
P6SPY_SQL: SELECT dbdirectin0_.id AS id1_0_, dbdirectin0_.x AS x2_0_, dbdirectin0_.y AS y3_0_ FROM db_direct_int_entity dbdirectin0_
P6SPY_SQL: SELECT TABLE_NAME FROM INFORMATION_SCHEMA.TABLES  where TABLE_SCHEMA='PUBLIC'
P6SPY_SQL: SELECT SEQUENCE_NAME FROM INFORMATION_SCHEMA.SEQUENCES WHERE SEQUENCE_SCHEMA='PUBLIC'
P6SPY_SQL: select dbdirectin0_.id as id1_0_, dbdirectin0_.x as x2_0_, dbdirectin0_.y as y3_0_ from db_direct_int_entity dbdirectin0_ where dbdirectin0_.x=3 and dbdirectin0_.y=403
P6SPY_SQL: SELECT dbdirectin0_.id AS id1_0_, dbdirectin0_.x AS x2_0_, dbdirectin0_.y AS y3_0_ FROM db_direct_int_entity dbdirectin0_
P6SPY_SQL: SELECT TABLE_NAME FROM INFORMATION_SCHEMA.TABLES  where TABLE_SCHEMA='PUBLIC'
P6SPY_SQL: SELECT SEQUENCE_NAME FROM INFORMATION_SCHEMA.SEQUENCES WHERE SEQUENCE_SCHEMA='PUBLIC'
P6SPY_SQL: select dbdirectin0_.id as id1_0_, dbdirectin0_.x as x2_0_, dbdirectin0_.y as y3_0_ from db_direct_int_entity dbdirectin0_ where dbdirectin0_.x=3 and dbdirectin0_.y=403
P6SPY_SQL: SELECT dbdirectin0_.id AS id1_0_, dbdirectin0_.x AS x2_0_, dbdirectin0_.y AS y3_0_ FROM db_direct_int_entity dbdirectin0_
P6SPY_SQL: SELECT TABLE_NAME FROM INFORMATION_SCHEMA.TABLES  where TABLE_SCHEMA='PUBLIC'
P6SPY_SQL: SELECT SEQUENCE_NAME FROM INFORMATION_SCHEMA.SEQUENCES WHERE SEQUENCE_SCHEMA='PUBLIC'
P6SPY_SQL: select dbdirectin0_.id as id1_0_, dbdirectin0_.x as x2_0_, dbdirectin0_.y as y3_0_ from db_direct_int_entity dbdirectin0_ where dbdirectin0_.x=3 and dbdirectin0_.y=403
P6SPY_SQL: SELECT dbdirectin0_.id AS id1_0_, dbdirectin0_.x AS x2_0_, dbdirectin0_.y AS y3_0_ FROM db_direct_int_entity dbdirectin0_
P6SPY_SQL: SELECT TABLE_NAME FROM INFORMATION_SCHEMA.TABLES  where TABLE_SCHEMA='PUBLIC'
P6SPY_SQL: SELECT SEQUENCE_NAME FROM INFORMATION_SCHEMA.SEQUENCES WHERE SEQUENCE_SCHEMA='PUBLIC'
P6SPY_SQL: select dbdirectin0_.id as id1_0_, dbdirectin0_.x as x2_0_, dbdirectin0_.y as y3_0_ from db_direct_int_entity dbdirectin0_ where dbdirectin0_.x=3 and dbdirectin0_.y=403
P6SPY_SQL: SELECT dbdirectin0_.id AS id1_0_, dbdirectin0_.x AS x2_0_, dbdirectin0_.y AS y3_0_ FROM db_direct_int_entity dbdirectin0_
P6SPY_SQL: SELECT TABLE_NAME FROM INFORMATION_SCHEMA.TABLES  where TABLE_SCHEMA='PUBLIC'
P6SPY_SQL: SELECT SEQUENCE_NAME FROM INFORMATION_SCHEMA.SEQUENCES WHERE SEQUENCE_SCHEMA='PUBLIC'
P6SPY_SQL: select dbdirectin0_.id as id1_0_, dbdirectin0_.x as x2_0_, dbdirectin0_.y as y3_0_ from db_direct_int_entity dbdirectin0_ where dbdirectin0_.x=3 and dbdirectin0_.y=403
P6SPY_SQL: SELECT dbdirectin0_.id AS id1_0_, dbdirectin0_.x AS x2_0_, dbdirectin0_.y AS y3_0_ FROM db_direct_int_entity dbdirectin0_
P6SPY_SQL: SELECT TABLE_NAME FROM INFORMATION_SCHEMA.TABLES  where TABLE_SCHEMA='PUBLIC'
P6SPY_SQL: SELECT SEQUENCE_NAME FROM INFORMATION_SCHEMA.SEQUENCES WHERE SEQUENCE_SCHEMA='PUBLIC'
P6SPY_SQL: select dbdirectin0_.id as id1_0_, dbdirectin0_.x as x2_0_, dbdirectin0_.y as y3_0_ from db_direct_int_entity dbdirectin0_ where dbdirectin0_.x=3 and dbdirectin0_.y=403
P6SPY_SQL: SELECT dbdirectin0_.id AS id1_0_, dbdirectin0_.x AS x2_0_, dbdirectin0_.y AS y3_0_ FROM db_direct_int_entity dbdirectin0_
P6SPY_SQL: SELECT TABLE_NAME FROM INFORMATION_SCHEMA.TABLES  where TABLE_SCHEMA='PUBLIC'
P6SPY_SQL: SELECT SEQUENCE_NAME FROM INFORMATION_SCHEMA.SEQUENCES WHERE SEQUENCE_SCHEMA='PUBLIC'
P6SPY_SQL: select dbdirectin0_.id as id1_0_, dbdirectin0_.x as x2_0_, dbdirectin0_.y as y3_0_ from db_direct_int_entity dbdirectin0_ where dbdirectin0_.x=3 and dbdirectin0_.y=403
P6SPY_SQL: SELECT dbdirectin0_.id AS id1_0_, dbdirectin0_.x AS x2_0_, dbdirectin0_.y AS y3_0_ FROM db_direct_int_entity dbdirectin0_
P6SPY_SQL: SELECT TABLE_NAME FROM INFORMATION_SCHEMA.TABLES  where TABLE_SCHEMA='PUBLIC'
P6SPY_SQL: SELECT SEQUENCE_NAME FROM INFORMATION_SCHEMA.SEQUENCES WHERE SEQUENCE_SCHEMA='PUBLIC'
P6SPY_SQL: select dbdirectin0_.id as id1_0_, dbdirectin0_.x as x2_0_, dbdirectin0_.y as y3_0_ from db_direct_int_entity dbdirectin0_ where dbdirectin0_.x=3 and dbdirectin0_.y=403
P6SPY_SQL: SELECT dbdirectin0_.id AS id1_0_, dbdirectin0_.x AS x2_0_, dbdirectin0_.y AS y3_0_ FROM db_direct_int_entity dbdirectin0_
P6SPY_SQL: SELECT TABLE_NAME FROM INFORMATION_SCHEMA.TABLES  where TABLE_SCHEMA='PUBLIC'
P6SPY_SQL: SELECT SEQUENCE_NAME FROM INFORMATION_SCHEMA.SEQUENCES WHERE SEQUENCE_SCHEMA='PUBLIC'
P6SPY_SQL: select dbdirectin0_.id as id1_0_, dbdirectin0_.x as x2_0_, dbdirectin0_.y as y3_0_ from db_direct_int_entity dbdirectin0_ where dbdirectin0_.x=3 and dbdirectin0_.y=403
P6SPY_SQL: SELECT dbdirectin0_.id AS id1_0_, dbdirectin0_.x AS x2_0_, dbdirectin0_.y AS y3_0_ FROM db_direct_int_entity dbdirectin0_
&amp#27;[1A&amp#27;[2K* Consumed search budget: 98%
P6SPY_SQL: SELECT TABLE_NAME FROM INFORMATION_SCHEMA.TABLES  where TABLE_SCHEMA='PUBLIC'
P6SPY_SQL: SELECT SEQUENCE_NAME FROM INFORMATION_SCHEMA.SEQUENCES WHERE SEQUENCE_SCHEMA='PUBLIC'
P6SPY_SQL: select dbdirectin0_.id as id1_0_, dbdirectin0_.x as x2_0_, dbdirectin0_.y as y3_0_ from db_direct_int_entity dbdirectin0_ where dbdirectin0_.x=3 and dbdirectin0_.y=403
P6SPY_SQL: SELECT dbdirectin0_.id AS id1_0_, dbdirectin0_.x AS x2_0_, dbdirectin0_.y AS y3_0_ FROM db_direct_int_entity dbdirectin0_
P6SPY_SQL: SELECT TABLE_NAME FROM INFORMATION_SCHEMA.TABLES  where TABLE_SCHEMA='PUBLIC'
P6SPY_SQL: SELECT SEQUENCE_NAME FROM INFORMATION_SCHEMA.SEQUENCES WHERE SEQUENCE_SCHEMA='PUBLIC'
P6SPY_SQL: select dbdirectin0_.id as id1_0_, dbdirectin0_.x as x2_0_, dbdirectin0_.y as y3_0_ from db_direct_int_entity dbdirectin0_ where dbdirectin0_.x=3 and dbdirectin0_.y=403
P6SPY_SQL: SELECT dbdirectin0_.id AS id1_0_, dbdirectin0_.x AS x2_0_, dbdirectin0_.y AS y3_0_ FROM db_direct_int_entity dbdirectin0_
P6SPY_SQL: SELECT TABLE_NAME FROM INFORMATION_SCHEMA.TABLES  where TABLE_SCHEMA='PUBLIC'
P6SPY_SQL: SELECT SEQUENCE_NAME FROM INFORMATION_SCHEMA.SEQUENCES WHERE SEQUENCE_SCHEMA='PUBLIC'
P6SPY_SQL: select dbdirectin0_.id as id1_0_, dbdirectin0_.x as x2_0_, dbdirectin0_.y as y3_0_ from db_direct_int_entity dbdirectin0_ where dbdirectin0_.x=3 and dbdirectin0_.y=403
P6SPY_SQL: SELECT dbdirectin0_.id AS id1_0_, dbdirectin0_.x AS x2_0_, dbdirectin0_.y AS y3_0_ FROM db_direct_int_entity dbdirectin0_
P6SPY_SQL: SELECT TABLE_NAME FROM INFORMATION_SCHEMA.TABLES  where TABLE_SCHEMA='PUBLIC'
P6SPY_SQL: SELECT SEQUENCE_NAME FROM INFORMATION_SCHEMA.SEQUENCES WHERE SEQUENCE_SCHEMA='PUBLIC'
P6SPY_SQL: select dbdirectin0_.id as id1_0_, dbdirectin0_.x as x2_0_, dbdirectin0_.y as y3_0_ from db_direct_int_entity dbdirectin0_ where dbdirectin0_.x=3 and dbdirectin0_.y=403
P6SPY_SQL: SELECT dbdirectin0_.id AS id1_0_, dbdirectin0_.x AS x2_0_, dbdirectin0_.y AS y3_0_ FROM db_direct_int_entity dbdirectin0_
P6SPY_SQL: SELECT TABLE_NAME FROM INFORMATION_SCHEMA.TABLES  where TABLE_SCHEMA='PUBLIC'
P6SPY_SQL: SELECT SEQUENCE_NAME FROM INFORMATION_SCHEMA.SEQUENCES WHERE SEQUENCE_SCHEMA='PUBLIC'
P6SPY_SQL: select dbdirectin0_.id as id1_0_, dbdirectin0_.x as x2_0_, dbdirectin0_.y as y3_0_ from db_direct_int_entity dbdirectin0_ where dbdirectin0_.x=3 and dbdirectin0_.y=403
P6SPY_SQL: SELECT dbdirectin0_.id AS id1_0_, dbdirectin0_.x AS x2_0_, dbdirectin0_.y AS y3_0_ FROM db_direct_int_entity dbdirectin0_
P6SPY_SQL: SELECT TABLE_NAME FROM INFORMATION_SCHEMA.TABLES  where TABLE_SCHEMA='PUBLIC'
P6SPY_SQL: SELECT SEQUENCE_NAME FROM INFORMATION_SCHEMA.SEQUENCES WHERE SEQUENCE_SCHEMA='PUBLIC'
P6SPY_SQL: select dbdirectin0_.id as id1_0_, dbdirectin0_.x as x2_0_, dbdirectin0_.y as y3_0_ from db_direct_int_entity dbdirectin0_ where dbdirectin0_.x=3 and dbdirectin0_.y=403
P6SPY_SQL: SELECT dbdirectin0_.id AS id1_0_, dbdirectin0_.x AS x2_0_, dbdirectin0_.y AS y3_0_ FROM db_direct_int_entity dbdirectin0_
P6SPY_SQL: SELECT TABLE_NAME FROM INFORMATION_SCHEMA.TABLES  where TABLE_SCHEMA='PUBLIC'
P6SPY_SQL: SELECT SEQUENCE_NAME FROM INFORMATION_SCHEMA.SEQUENCES WHERE SEQUENCE_SCHEMA='PUBLIC'
P6SPY_SQL: select dbdirectin0_.id as id1_0_, dbdirectin0_.x as x2_0_, dbdirectin0_.y as y3_0_ from db_direct_int_entity dbdirectin0_ where dbdirectin0_.x=3 and dbdirectin0_.y=403
P6SPY_SQL: SELECT dbdirectin0_.id AS id1_0_, dbdirectin0_.x AS x2_0_, dbdirectin0_.y AS y3_0_ FROM db_direct_int_entity dbdirectin0_
P6SPY_SQL: SELECT TABLE_NAME FROM INFORMATION_SCHEMA.TABLES  where TABLE_SCHEMA='PUBLIC'
P6SPY_SQL: SELECT SEQUENCE_NAME FROM INFORMATION_SCHEMA.SEQUENCES WHERE SEQUENCE_SCHEMA='PUBLIC'
P6SPY_SQL: select dbdirectin0_.id as id1_0_, dbdirectin0_.x as x2_0_, dbdirectin0_.y as y3_0_ from db_direct_int_entity dbdirectin0_ where dbdirectin0_.x=3 and dbdirectin0_.y=403
P6SPY_SQL: SELECT dbdirectin0_.id AS id1_0_, dbdirectin0_.x AS x2_0_, dbdirectin0_.y AS y3_0_ FROM db_direct_int_entity dbdirectin0_
P6SPY_SQL: SELECT TABLE_NAME FROM INFORMATION_SCHEMA.TABLES  where TABLE_SCHEMA='PUBLIC'
P6SPY_SQL: SELECT SEQUENCE_NAME FROM INFORMATION_SCHEMA.SEQUENCES WHERE SEQUENCE_SCHEMA='PUBLIC'
P6SPY_SQL: select dbdirectin0_.id as id1_0_, dbdirectin0_.x as x2_0_, dbdirectin0_.y as y3_0_ from db_direct_int_entity dbdirectin0_ where dbdirectin0_.x=3 and dbdirectin0_.y=403
P6SPY_SQL: SELECT dbdirectin0_.id AS id1_0_, dbdirectin0_.x AS x2_0_, dbdirectin0_.y AS y3_0_ FROM db_direct_int_entity dbdirectin0_
P6SPY_SQL: SELECT TABLE_NAME FROM INFORMATION_SCHEMA.TABLES  where TABLE_SCHEMA='PUBLIC'
P6SPY_SQL: SELECT SEQUENCE_NAME FROM INFORMATION_SCHEMA.SEQUENCES WHERE SEQUENCE_SCHEMA='PUBLIC'
P6SPY_SQL: select dbdirectin0_.id as id1_0_, dbdirectin0_.x as x2_0_, dbdirectin0_.y as y3_0_ from db_direct_int_entity dbdirectin0_ where dbdirectin0_.x=3 and dbdirectin0_.y=403
P6SPY_SQL: SELECT dbdirectin0_.id AS id1_0_, dbdirectin0_.x AS x2_0_, dbdirectin0_.y AS y3_0_ FROM db_direct_int_entity dbdirectin0_
&amp#27;[1A&amp#27;[2K* Consumed search budget: 99%
P6SPY_SQL: SELECT TABLE_NAME FROM INFORMATION_SCHEMA.TABLES  where TABLE_SCHEMA='PUBLIC'
P6SPY_SQL: SELECT SEQUENCE_NAME FROM INFORMATION_SCHEMA.SEQUENCES WHERE SEQUENCE_SCHEMA='PUBLIC'
P6SPY_SQL: select dbdirectin0_.id as id1_0_, dbdirectin0_.x as x2_0_, dbdirectin0_.y as y3_0_ from db_direct_int_entity dbdirectin0_ where dbdirectin0_.x=3 and dbdirectin0_.y=403
P6SPY_SQL: SELECT dbdirectin0_.id AS id1_0_, dbdirectin0_.x AS x2_0_, dbdirectin0_.y AS y3_0_ FROM db_direct_int_entity dbdirectin0_
P6SPY_SQL: SELECT TABLE_NAME FROM INFORMATION_SCHEMA.TABLES  where TABLE_SCHEMA='PUBLIC'
P6SPY_SQL: SELECT SEQUENCE_NAME FROM INFORMATION_SCHEMA.SEQUENCES WHERE SEQUENCE_SCHEMA='PUBLIC'
P6SPY_SQL: select dbdirectin0_.id as id1_0_, dbdirectin0_.x as x2_0_, dbdirectin0_.y as y3_0_ from db_direct_int_entity dbdirectin0_ where dbdirectin0_.x=3 and dbdirectin0_.y=403
P6SPY_SQL: SELECT dbdirectin0_.id AS id1_0_, dbdirectin0_.x AS x2_0_, dbdirectin0_.y AS y3_0_ FROM db_direct_int_entity dbdirectin0_
P6SPY_SQL: SELECT TABLE_NAME FROM INFORMATION_SCHEMA.TABLES  where TABLE_SCHEMA='PUBLIC'
P6SPY_SQL: SELECT SEQUENCE_NAME FROM INFORMATION_SCHEMA.SEQUENCES WHERE SEQUENCE_SCHEMA='PUBLIC'
P6SPY_SQL: select dbdirectin0_.id as id1_0_, dbdirectin0_.x as x2_0_, dbdirectin0_.y as y3_0_ from db_direct_int_entity dbdirectin0_ where dbdirectin0_.x=3 and dbdirectin0_.y=403
P6SPY_SQL: SELECT dbdirectin0_.id AS id1_0_, dbdirectin0_.x AS x2_0_, dbdirectin0_.y AS y3_0_ FROM db_direct_int_entity dbdirectin0_
P6SPY_SQL: SELECT TABLE_NAME FROM INFORMATION_SCHEMA.TABLES  where TABLE_SCHEMA='PUBLIC'
P6SPY_SQL: SELECT SEQUENCE_NAME FROM INFORMATION_SCHEMA.SEQUENCES WHERE SEQUENCE_SCHEMA='PUBLIC'
P6SPY_SQL: select dbdirectin0_.id as id1_0_, dbdirectin0_.x as x2_0_, dbdirectin0_.y as y3_0_ from db_direct_int_entity dbdirectin0_ where dbdirectin0_.x=3 and dbdirectin0_.y=403
P6SPY_SQL: SELECT dbdirectin0_.id AS id1_0_, dbdirectin0_.x AS x2_0_, dbdirectin0_.y AS y3_0_ FROM db_direct_int_entity dbdirectin0_
P6SPY_SQL: SELECT TABLE_NAME FROM INFORMATION_SCHEMA.TABLES  where TABLE_SCHEMA='PUBLIC'
P6SPY_SQL: SELECT SEQUENCE_NAME FROM INFORMATION_SCHEMA.SEQUENCES WHERE SEQUENCE_SCHEMA='PUBLIC'
P6SPY_SQL: select dbdirectin0_.id as id1_0_, dbdirectin0_.x as x2_0_, dbdirectin0_.y as y3_0_ from db_direct_int_entity dbdirectin0_ where dbdirectin0_.x=3 and dbdirectin0_.y=403
P6SPY_SQL: SELECT dbdirectin0_.id AS id1_0_, dbdirectin0_.x AS x2_0_, dbdirectin0_.y AS y3_0_ FROM db_direct_int_entity dbdirectin0_
P6SPY_SQL: SELECT TABLE_NAME FROM INFORMATION_SCHEMA.TABLES  where TABLE_SCHEMA='PUBLIC'
P6SPY_SQL: SELECT SEQUENCE_NAME FROM INFORMATION_SCHEMA.SEQUENCES WHERE SEQUENCE_SCHEMA='PUBLIC'
P6SPY_SQL: select dbdirectin0_.id as id1_0_, dbdirectin0_.x as x2_0_, dbdirectin0_.y as y3_0_ from db_direct_int_entity dbdirectin0_ where dbdirectin0_.x=3 and dbdirectin0_.y=403
P6SPY_SQL: SELECT dbdirectin0_.id AS id1_0_, dbdirectin0_.x AS x2_0_, dbdirectin0_.y AS y3_0_ FROM db_direct_int_entity dbdirectin0_
P6SPY_SQL: SELECT TABLE_NAME FROM INFORMATION_SCHEMA.TABLES  where TABLE_SCHEMA='PUBLIC'
P6SPY_SQL: SELECT SEQUENCE_NAME FROM INFORMATION_SCHEMA.SEQUENCES WHERE SEQUENCE_SCHEMA='PUBLIC'
P6SPY_SQL: select dbdirectin0_.id as id1_0_, dbdirectin0_.x as x2_0_, dbdirectin0_.y as y3_0_ from db_direct_int_entity dbdirectin0_ where dbdirectin0_.x=3 and dbdirectin0_.y=403
P6SPY_SQL: SELECT dbdirectin0_.id AS id1_0_, dbdirectin0_.x AS x2_0_, dbdirectin0_.y AS y3_0_ FROM db_direct_int_entity dbdirectin0_
P6SPY_SQL: SELECT TABLE_NAME FROM INFORMATION_SCHEMA.TABLES  where TABLE_SCHEMA='PUBLIC'
P6SPY_SQL: SELECT SEQUENCE_NAME FROM INFORMATION_SCHEMA.SEQUENCES WHERE SEQUENCE_SCHEMA='PUBLIC'
P6SPY_SQL: select dbdirectin0_.id as id1_0_, dbdirectin0_.x as x2_0_, dbdirectin0_.y as y3_0_ from db_direct_int_entity dbdirectin0_ where dbdirectin0_.x=3 and dbdirectin0_.y=403
P6SPY_SQL: SELECT dbdirectin0_.id AS id1_0_, dbdirectin0_.x AS x2_0_, dbdirectin0_.y AS y3_0_ FROM db_direct_int_entity dbdirectin0_
P6SPY_SQL: SELECT TABLE_NAME FROM INFORMATION_SCHEMA.TABLES  where TABLE_SCHEMA='PUBLIC'
P6SPY_SQL: SELECT SEQUENCE_NAME FROM INFORMATION_SCHEMA.SEQUENCES WHERE SEQUENCE_SCHEMA='PUBLIC'
P6SPY_SQL: select dbdirectin0_.id as id1_0_, dbdirectin0_.x as x2_0_, dbdirectin0_.y as y3_0_ from db_direct_int_entity dbdirectin0_ where dbdirectin0_.x=3 and dbdirectin0_.y=403
P6SPY_SQL: SELECT dbdirectin0_.id AS id1_0_, dbdirectin0_.x AS x2_0_, dbdirectin0_.y AS y3_0_ FROM db_direct_int_entity dbdirectin0_
P6SPY_SQL: SELECT TABLE_NAME FROM INFORMATION_SCHEMA.TABLES  where TABLE_SCHEMA='PUBLIC'
P6SPY_SQL: SELECT SEQUENCE_NAME FROM INFORMATION_SCHEMA.SEQUENCES WHERE SEQUENCE_SCHEMA='PUBLIC'
P6SPY_SQL: select dbdirectin0_.id as id1_0_, dbdirectin0_.x as x2_0_, dbdirectin0_.y as y3_0_ from db_direct_int_entity dbdirectin0_ where dbdirectin0_.x=3 and dbdirectin0_.y=403
P6SPY_SQL: SELECT dbdirectin0_.id AS id1_0_, dbdirectin0_.x AS x2_0_, dbdirectin0_.y AS y3_0_ FROM db_direct_int_entity dbdirectin0_
&amp#27;[1A&amp#27;[2K* Consumed search budget: 100%
* Going to save 2 tests to src/em
* Evaluated tests: 968
* Evaluated actions: 2001
* Last action improvement: 163
* Passed time (seconds): 11
* Covered targets: 32
]]></system-out>
  </testcase>
</testsuite>