<?xml version="1.0" encoding="UTF-8"?>
<testsuite xmlns:xsi="http://www.w3.org/2001/XMLSchema-instance" xsi:noNamespaceSchemaLocation="https://maven.apache.org/surefire/maven-surefire-plugin/xsd/surefire-test-report.xsd" name="lan.dk.podcastserver.manager.worker.youtube.YoutubeFinderTest" time="0.109" tests="3" errors="0" skipped="0" failures="0">
  <properties>
    <property name="awt.toolkit" value="sun.awt.X11.XToolkit"/>
    <property name="file.encoding.pkg" value="sun.io"/>
    <property name="java.specification.version" value="1.8"/>
    <property name="sun.cpu.isalist" value=""/>
    <property name="sun.jnu.encoding" value="UTF-8"/>
    <property name="java.class.path" value="/root/workspace/davinkevin/Podcast-Server/388585773/backend/target/test-classes:/root/workspace/davinkevin/Podcast-Server/388585773/backend/target/classes:/root/./workspace/davinkevin/Podcast-Server/388585773/.m2/org/springframework/boot/spring-boot-starter-web/2.0.1.RELEASE/spring-boot-starter-web-2.0.1.RELEASE.jar:/root/./workspace/davinkevin/Podcast-Server/388585773/.m2/org/springframework/boot/spring-boot-starter/2.0.1.RELEASE/spring-boot-starter-2.0.1.RELEASE.jar:/root/./workspace/davinkevin/Podcast-Server/388585773/.m2/org/springframework/boot/spring-boot-starter-logging/2.0.1.RELEASE/spring-boot-starter-logging-2.0.1.RELEASE.jar:/root/./workspace/davinkevin/Podcast-Server/388585773/.m2/ch/qos/logback/logback-classic/1.2.3/logback-classic-1.2.3.jar:/root/./workspace/davinkevin/Podcast-Server/388585773/.m2/ch/qos/logback/logback-core/1.2.3/logback-core-1.2.3.jar:/root/./workspace/davinkevin/Podcast-Server/388585773/.m2/org/apache/logging/log4j/log4j-to-slf4j/2.10.0/log4j-to-slf4j-2.10.0.jar:/root/./workspace/davinkevin/Podcast-Server/388585773/.m2/org/apache/logging/log4j/log4j-api/2.10.0/log4j-api-2.10.0.jar:/root/./workspace/davinkevin/Podcast-Server/388585773/.m2/org/slf4j/jul-to-slf4j/1.7.25/jul-to-slf4j-1.7.25.jar:/root/./workspace/davinkevin/Podcast-Server/388585773/.m2/javax/annotation/javax.annotation-api/1.3.2/javax.annotation-api-1.3.2.jar:/root/./workspace/davinkevin/Podcast-Server/388585773/.m2/org/yaml/snakeyaml/1.19/snakeyaml-1.19.jar:/root/./workspace/davinkevin/Podcast-Server/388585773/.m2/org/springframework/boot/spring-boot-starter-json/2.0.1.RELEASE/spring-boot-starter-json-2.0.1.RELEASE.jar:/root/./workspace/davinkevin/Podcast-Server/388585773/.m2/com/fasterxml/jackson/datatype/jackson-datatype-jdk8/2.9.5/jackson-datatype-jdk8-2.9.5.jar:/root/./workspace/davinkevin/Podcast-Server/388585773/.m2/com/fasterxml/jackson/module/jackson-module-parameter-names/2.9.5/jackson-module-parameter-names-2.9.5.jar:/root/./workspace/davinkevin/Podcast-Server/388585773/.m2/org/springframework/boot/spring-boot-starter-tomcat/2.0.1.RELEASE/spring-boot-starter-tomcat-2.0.1.RELEASE.jar:/root/./workspace/davinkevin/Podcast-Server/388585773/.m2/org/apache/tomcat/embed/tomcat-embed-core/8.5.29/tomcat-embed-core-8.5.29.jar:/root/./workspace/davinkevin/Podcast-Server/388585773/.m2/org/apache/tomcat/embed/tomcat-embed-el/8.5.29/tomcat-embed-el-8.5.29.jar:/root/./workspace/davinkevin/Podcast-Server/388585773/.m2/org/apache/tomcat/embed/tomcat-embed-websocket/8.5.29/tomcat-embed-websocket-8.5.29.jar:/root/./workspace/davinkevin/Podcast-Server/388585773/.m2/org/springframework/spring-web/5.0.5.RELEASE/spring-web-5.0.5.RELEASE.jar:/root/./workspace/davinkevin/Podcast-Server/388585773/.m2/org/springframework/spring-beans/5.0.5.RELEASE/spring-beans-5.0.5.RELEASE.jar:/root/./workspace/davinkevin/Podcast-Server/388585773/.m2/org/springframework/spring-webmvc/5.0.5.RELEASE/spring-webmvc-5.0.5.RELEASE.jar:/root/./workspace/davinkevin/Podcast-Server/388585773/.m2/org/springframework/spring-aop/5.0.5.RELEASE/spring-aop-5.0.5.RELEASE.jar:/root/./workspace/davinkevin/Podcast-Server/388585773/.m2/org/springframework/spring-context/5.0.5.RELEASE/spring-context-5.0.5.RELEASE.jar:/root/./workspace/davinkevin/Podcast-Server/388585773/.m2/org/springframework/spring-expression/5.0.5.RELEASE/spring-expression-5.0.5.RELEASE.jar:/root/./workspace/davinkevin/Podcast-Server/388585773/.m2/org/springframework/boot/spring-boot-starter-data-jpa/2.0.1.RELEASE/spring-boot-starter-data-jpa-2.0.1.RELEASE.jar:/root/./workspace/davinkevin/Podcast-Server/388585773/.m2/org/springframework/boot/spring-boot-starter-aop/2.0.1.RELEASE/spring-boot-starter-aop-2.0.1.RELEASE.jar:/root/./workspace/davinkevin/Podcast-Server/388585773/.m2/org/aspectj/aspectjweaver/1.8.13/aspectjweaver-1.8.13.jar:/root/./workspace/davinkevin/Podcast-Server/388585773/.m2/org/springframework/boot/spring-boot-starter-jdbc/2.0.1.RELEASE/spring-boot-starter-jdbc-2.0.1.RELEASE.jar:/root/./workspace/davinkevin/Podcast-Server/388585773/.m2/com/zaxxer/HikariCP/2.7.8/HikariCP-2.7.8.jar:/root/./workspace/davinkevin/Podcast-Server/388585773/.m2/org/springframework/spring-jdbc/5.0.5.RELEASE/spring-jdbc-5.0.5.RELEASE.jar:/root/./workspace/davinkevin/Podcast-Server/388585773/.m2/org/hibernate/hibernate-core/5.2.16.Final/hibernate-core-5.2.16.Final.jar:/root/./workspace/davinkevin/Podcast-Server/388585773/.m2/org/hibernate/javax/persistence/hibernate-jpa-2.1-api/1.0.0.Final/hibernate-jpa-2.1-api-1.0.0.Final.jar:/root/./workspace/davinkevin/Podcast-Server/388585773/.m2/org/javassist/javassist/3.22.0-GA/javassist-3.22.0-GA.jar:/root/./workspace/davinkevin/Podcast-Server/388585773/.m2/antlr/antlr/2.7.7/antlr-2.7.7.jar:/root/./workspace/davinkevin/Podcast-Server/388585773/.m2/org/jboss/jandex/2.0.3.Final/jandex-2.0.3.Final.jar:/root/./workspace/davinkevin/Podcast-Server/388585773/.m2/dom4j/dom4j/1.6.1/dom4j-1.6.1.jar:/root/./workspace/davinkevin/Podcast-Server/388585773/.m2/org/hibernate/common/hibernate-commons-annotations/5.0.1.Final/hibernate-commons-annotations-5.0.1.Final.jar:/root/./workspace/davinkevin/Podcast-Server/388585773/.m2/javax/transaction/javax.transaction-api/1.2/javax.transaction-api-1.2.jar:/root/./workspace/davinkevin/Podcast-Server/388585773/.m2/org/springframework/data/spring-data-jpa/2.0.6.RELEASE/spring-data-jpa-2.0.6.RELEASE.jar:/root/./workspace/davinkevin/Podcast-Server/388585773/.m2/org/springframework/data/spring-data-commons/2.0.6.RELEASE/spring-data-commons-2.0.6.RELEASE.jar:/root/./workspace/davinkevin/Podcast-Server/388585773/.m2/org/springframework/spring-orm/5.0.5.RELEASE/spring-orm-5.0.5.RELEASE.jar:/root/./workspace/davinkevin/Podcast-Server/388585773/.m2/org/springframework/spring-tx/5.0.5.RELEASE/spring-tx-5.0.5.RELEASE.jar:/root/./workspace/davinkevin/Podcast-Server/388585773/.m2/org/springframework/spring-aspects/5.0.5.RELEASE/spring-aspects-5.0.5.RELEASE.jar:/root/./workspace/davinkevin/Podcast-Server/388585773/.m2/org/springframework/boot/spring-boot-starter-websocket/2.0.1.RELEASE/spring-boot-starter-websocket-2.0.1.RELEASE.jar:/root/./workspace/davinkevin/Podcast-Server/388585773/.m2/org/springframework/spring-messaging/5.0.5.RELEASE/spring-messaging-5.0.5.RELEASE.jar:/root/./workspace/davinkevin/Podcast-Server/388585773/.m2/org/springframework/spring-websocket/5.0.5.RELEASE/spring-websocket-5.0.5.RELEASE.jar:/root/./workspace/davinkevin/Podcast-Server/388585773/.m2/org/springframework/boot/spring-boot-starter-actuator/2.0.1.RELEASE/spring-boot-starter-actuator-2.0.1.RELEASE.jar:/root/./workspace/davinkevin/Podcast-Server/388585773/.m2/org/springframework/boot/spring-boot-actuator-autoconfigure/2.0.1.RELEASE/spring-boot-actuator-autoconfigure-2.0.1.RELEASE.jar:/root/./workspace/davinkevin/Podcast-Server/388585773/.m2/org/springframework/boot/spring-boot-actuator/2.0.1.RELEASE/spring-boot-actuator-2.0.1.RELEASE.jar:/root/./workspace/davinkevin/Podcast-Server/388585773/.m2/io/micrometer/micrometer-core/1.0.3/micrometer-core-1.0.3.jar:/root/./workspace/davinkevin/Podcast-Server/388585773/.m2/org/hdrhistogram/HdrHistogram/2.1.10/HdrHistogram-2.1.10.jar:/root/./workspace/davinkevin/Podcast-Server/388585773/.m2/org/latencyutils/LatencyUtils/2.0.3/LatencyUtils-2.0.3.jar:/root/./workspace/davinkevin/Podcast-Server/388585773/.m2/org/springframework/boot/spring-boot-devtools/2.0.1.RELEASE/spring-boot-devtools-2.0.1.RELEASE.jar:/root/./workspace/davinkevin/Podcast-Server/388585773/.m2/org/springframework/boot/spring-boot/2.0.1.RELEASE/spring-boot-2.0.1.RELEASE.jar:/root/./workspace/davinkevin/Podcast-Server/388585773/.m2/org/springframework/boot/spring-boot-autoconfigure/2.0.1.RELEASE/spring-boot-autoconfigure-2.0.1.RELEASE.jar:/root/./workspace/davinkevin/Podcast-Server/388585773/.m2/org/hibernate/hibernate-search-orm/5.9.1.Final/hibernate-search-orm-5.9.1.Final.jar:/root/./workspace/davinkevin/Podcast-Server/388585773/.m2/org/hibernate/hibernate-search-engine/5.9.1.Final/hibernate-search-engine-5.9.1.Final.jar:/root/./workspace/davinkevin/Podcast-Server/388585773/.m2/org/apache/lucene/lucene-core/5.5.5/lucene-core-5.5.5.jar:/root/./workspace/davinkevin/Podcast-Server/388585773/.m2/org/apache/lucene/lucene-misc/5.5.5/lucene-misc-5.5.5.jar:/root/./workspace/davinkevin/Podcast-Server/388585773/.m2/org/apache/lucene/lucene-analyzers-common/5.5.5/lucene-analyzers-common-5.5.5.jar:/root/./workspace/davinkevin/Podcast-Server/388585773/.m2/org/apache/lucene/lucene-facet/5.5.5/lucene-facet-5.5.5.jar:/root/./workspace/davinkevin/Podcast-Server/388585773/.m2/org/apache/lucene/lucene-queries/5.5.5/lucene-queries-5.5.5.jar:/root/./workspace/davinkevin/Podcast-Server/388585773/.m2/org/apache/lucene/lucene-queryparser/5.5.5/lucene-queryparser-5.5.5.jar:/root/./workspace/davinkevin/Podcast-Server/388585773/.m2/com/querydsl/querydsl-core/4.1.3/querydsl-core-4.1.3.jar:/root/./workspace/davinkevin/Podcast-Server/388585773/.m2/com/google/code/findbugs/jsr305/1.3.9/jsr305-1.3.9.jar:/root/./workspace/davinkevin/Podcast-Server/388585773/.m2/com/mysema/commons/mysema-commons-lang/0.2.4/mysema-commons-lang-0.2.4.jar:/root/./workspace/davinkevin/Podcast-Server/388585773/.m2/com/infradna/tool/bridge-method-annotation/1.13/bridge-method-annotation-1.13.jar:/root/./workspace/davinkevin/Podcast-Server/388585773/.m2/com/querydsl/querydsl-apt/4.1.3/querydsl-apt-4.1.3.jar:/root/./workspace/davinkevin/Podcast-Server/388585773/.m2/com/querydsl/querydsl-codegen/4.1.3/querydsl-codegen-4.1.3.jar:/root/./workspace/davinkevin/Podcast-Server/388585773/.m2/com/mysema/codegen/codegen/0.6.8/codegen-0.6.8.jar:/root/./workspace/davinkevin/Podcast-Server/388585773/.m2/org/eclipse/jdt/core/compiler/ecj/4.3.1/ecj-4.3.1.jar:/root/./workspace/davinkevin/Podcast-Server/388585773/.m2/javax/inject/javax.inject/1/javax.inject-1.jar:/root/./workspace/davinkevin/Podcast-Server/388585773/.m2/org/reflections/reflections/0.9.9/reflections-0.9.9.jar:/root/./workspace/davinkevin/Podcast-Server/388585773/.m2/com/google/code/findbugs/annotations/2.0.1/annotations-2.0.1.jar:/root/./workspace/davinkevin/Podcast-Server/388585773/.m2/com/querydsl/querydsl-jpa/4.1.3/querydsl-jpa-4.1.3.jar:/root/./workspace/davinkevin/Podcast-Server/388585773/.m2/org/slf4j/slf4j-api/1.7.25/slf4j-api-1.7.25.jar:/root/./workspace/davinkevin/Podcast-Server/388585773/.m2/org/hibernate/hibernate-java8/5.2.16.Final/hibernate-java8-5.2.16.Final.jar:/root/./workspace/davinkevin/Podcast-Server/388585773/.m2/org/jboss/logging/jboss-logging/3.3.2.Final/jboss-logging-3.3.2.Final.jar:/root/./workspace/davinkevin/Podcast-Server/388585773/.m2/org/hibernate/validator/hibernate-validator/6.0.9.Final/hibernate-validator-6.0.9.Final.jar:/root/./workspace/davinkevin/Podcast-Server/388585773/.m2/javax/validation/validation-api/2.0.1.Final/validation-api-2.0.1.Final.jar:/root/./workspace/davinkevin/Podcast-Server/388585773/.m2/com/fasterxml/classmate/1.3.4/classmate-1.3.4.jar:/root/./workspace/davinkevin/Podcast-Server/388585773/.m2/com/h2database/h2/1.4.197/h2-1.4.197.jar:/root/workspace/davinkevin/Podcast-Server/388585773/frontend-angularjs/target/classes:/root/workspace/davinkevin/Podcast-Server/388585773/frontend-angular/target/classes:/root/./workspace/davinkevin/Podcast-Server/388585773/.m2/org/jdom/jdom2/2.0.6/jdom2-2.0.6.jar:/root/./workspace/davinkevin/Podcast-Server/388585773/.m2/org/apache/tika/tika-core/1.11/tika-core-1.11.jar:/root/./workspace/davinkevin/Podcast-Server/388585773/.m2/org/jsoup/jsoup/1.8.3/jsoup-1.8.3.jar:/root/./workspace/davinkevin/Podcast-Server/388585773/.m2/com/github/axet/vget/1.2.4/vget-1.2.4.jar:/root/./workspace/davinkevin/Podcast-Server/388585773/.m2/org/apache/commons/commons-lang3/3.7/commons-lang3-3.7.jar:/root/./workspace/davinkevin/Podcast-Server/388585773/.m2/com/github/axet/wget/1.4.3/wget-1.4.3.jar:/root/./workspace/davinkevin/Podcast-Server/388585773/.m2/com/thoughtworks/xstream/xstream/1.4.9/xstream-1.4.9.jar:/root/./workspace/davinkevin/Podcast-Server/388585773/.m2/xmlpull/xmlpull/1.1.3.1/xmlpull-1.1.3.1.jar:/root/./workspace/davinkevin/Podcast-Server/388585773/.m2/xpp3/xpp3_min/1.1.4c/xpp3_min-1.1.4c.jar:/root/./workspace/davinkevin/Podcast-Server/388585773/.m2/com/github/axet/threads/0.0.14/threads-0.0.14.jar:/root/./workspace/davinkevin/Podcast-Server/388585773/.m2/com/google/code/gson/gson/2.8.2/gson-2.8.2.jar:/root/./workspace/davinkevin/Podcast-Server/388585773/.m2/com/mashape/unirest/unirest-java/1.4.9/unirest-java-1.4.9.jar:/root/./workspace/davinkevin/Podcast-Server/388585773/.m2/org/apache/httpcomponents/httpclient/4.5.5/httpclient-4.5.5.jar:/root/./workspace/davinkevin/Podcast-Server/388585773/.m2/org/apache/httpcomponents/httpcore/4.4.9/httpcore-4.4.9.jar:/root/./workspace/davinkevin/Podcast-Server/388585773/.m2/commons-codec/commons-codec/1.11/commons-codec-1.11.jar:/root/./workspace/davinkevin/Podcast-Server/388585773/.m2/org/apache/httpcomponents/httpasyncclient/4.1.3/httpasyncclient-4.1.3.jar:/root/./workspace/davinkevin/Podcast-Server/388585773/.m2/org/apache/httpcomponents/httpcore-nio/4.4.9/httpcore-nio-4.4.9.jar:/root/./workspace/davinkevin/Podcast-Server/388585773/.m2/org/apache/httpcomponents/httpmime/4.5.5/httpmime-4.5.5.jar:/root/./workspace/davinkevin/Podcast-Server/388585773/.m2/org/json/json/20160212/json-20160212.jar:/root/./workspace/davinkevin/Podcast-Server/388585773/.m2/com/jayway/jsonpath/json-path/2.2.0/json-path-2.2.0.jar:/root/./workspace/davinkevin/Podcast-Server/388585773/.m2/net/minidev/json-smart/2.2.1/json-smart-2.2.1.jar:/root/./workspace/davinkevin/Podcast-Server/388585773/.m2/net/minidev/accessors-smart/1.1/accessors-smart-1.1.jar:/root/./workspace/davinkevin/Podcast-Server/388585773/.m2/org/ow2/asm/asm/5.0.3/asm-5.0.3.jar:/root/./workspace/davinkevin/Podcast-Server/388585773/.m2/io/vavr/vavr/0.9.1/vavr-0.9.1.jar:/root/./workspace/davinkevin/Podcast-Server/388585773/.m2/io/vavr/vavr-match/0.9.1/vavr-match-0.9.1.jar:/root/./workspace/davinkevin/Podcast-Server/388585773/.m2/commons-fileupload/commons-fileupload/1.3.1/commons-fileupload-1.3.1.jar:/root/./workspace/davinkevin/Podcast-Server/388585773/.m2/commons-io/commons-io/2.4/commons-io-2.4.jar:/root/./workspace/davinkevin/Podcast-Server/388585773/.m2/org/projectlombok/lombok/1.16.20/lombok-1.16.20.jar:/root/./workspace/davinkevin/Podcast-Server/388585773/.m2/org/rauschig/jarchivelib/0.7.1/jarchivelib-0.7.1.jar:/root/./workspace/davinkevin/Podcast-Server/388585773/.m2/org/apache/commons/commons-compress/1.9/commons-compress-1.9.jar:/root/./workspace/davinkevin/Podcast-Server/388585773/.m2/net/bramp/ffmpeg/ffmpeg/0.6.1/ffmpeg-0.6.1.jar:/root/./workspace/davinkevin/Podcast-Server/388585773/.m2/com/google/guava/guava/20.0/guava-20.0.jar:/root/./workspace/davinkevin/Podcast-Server/388585773/.m2/org/modelmapper/modelmapper/0.7.7/modelmapper-0.7.7.jar:/root/./workspace/davinkevin/Podcast-Server/388585773/.m2/com/fasterxml/jackson/datatype/jackson-datatype-hibernate5/2.8.7/jackson-datatype-hibernate5-2.8.7.jar:/root/./workspace/davinkevin/Podcast-Server/388585773/.m2/com/fasterxml/jackson/core/jackson-databind/2.9.5/jackson-databind-2.9.5.jar:/root/./workspace/davinkevin/Podcast-Server/388585773/.m2/com/fasterxml/jackson/core/jackson-core/2.9.5/jackson-core-2.9.5.jar:/root/./workspace/davinkevin/Podcast-Server/388585773/.m2/javax/transaction/jta/1.1/jta-1.1.jar:/root/./workspace/davinkevin/Podcast-Server/388585773/.m2/com/fasterxml/jackson/datatype/jackson-datatype-jsr310/2.8.7/jackson-datatype-jsr310-2.8.7.jar:/root/./workspace/davinkevin/Podcast-Server/388585773/.m2/com/fasterxml/jackson/core/jackson-annotations/2.9.0/jackson-annotations-2.9.0.jar:/root/./workspace/davinkevin/Podcast-Server/388585773/.m2/io/vavr/vavr-jackson/0.9.2/vavr-jackson-0.9.2.jar:/root/./workspace/davinkevin/Podcast-Server/388585773/.m2/org/springframework/boot/spring-boot-starter-test/2.0.1.RELEASE/spring-boot-starter-test-2.0.1.RELEASE.jar:/root/./workspace/davinkevin/Podcast-Server/388585773/.m2/org/springframework/boot/spring-boot-test/2.0.1.RELEASE/spring-boot-test-2.0.1.RELEASE.jar:/root/./workspace/davinkevin/Podcast-Server/388585773/.m2/org/springframework/boot/spring-boot-test-autoconfigure/2.0.1.RELEASE/spring-boot-test-autoconfigure-2.0.1.RELEASE.jar:/root/./workspace/davinkevin/Podcast-Server/388585773/.m2/org/hamcrest/hamcrest-core/1.3/hamcrest-core-1.3.jar:/root/./workspace/davinkevin/Podcast-Server/388585773/.m2/org/hamcrest/hamcrest-library/1.3/hamcrest-library-1.3.jar:/root/./workspace/davinkevin/Podcast-Server/388585773/.m2/org/skyscreamer/jsonassert/1.5.0/jsonassert-1.5.0.jar:/root/./workspace/davinkevin/Podcast-Server/388585773/.m2/com/vaadin/external/google/android-json/0.0.20131108.vaadin1/android-json-0.0.20131108.vaadin1.jar:/root/./workspace/davinkevin/Podcast-Server/388585773/.m2/org/springframework/spring-core/5.0.5.RELEASE/spring-core-5.0.5.RELEASE.jar:/root/./workspace/davinkevin/Podcast-Server/388585773/.m2/org/springframework/spring-jcl/5.0.5.RELEASE/spring-jcl-5.0.5.RELEASE.jar:/root/./workspace/davinkevin/Podcast-Server/388585773/.m2/org/springframework/spring-test/5.0.5.RELEASE/spring-test-5.0.5.RELEASE.jar:/root/./workspace/davinkevin/Podcast-Server/388585773/.m2/org/xmlunit/xmlunit-core/2.5.1/xmlunit-core-2.5.1.jar:/root/./workspace/davinkevin/Podcast-Server/388585773/.m2/org/mockito/mockito-core/1.10.19/mockito-core-1.10.19.jar:/root/./workspace/davinkevin/Podcast-Server/388585773/.m2/org/objenesis/objenesis/2.1/objenesis-2.1.jar:/root/./workspace/davinkevin/Podcast-Server/388585773/.m2/junit/junit/4.12/junit-4.12.jar:/root/./workspace/davinkevin/Podcast-Server/388585773/.m2/org/assertj/assertj-core/3.8.0/assertj-core-3.8.0.jar:/root/./workspace/davinkevin/Podcast-Server/388585773/.m2/com/github/tomakehurst/wiremock/1.56/wiremock-1.56-standalone.jar:/root/./workspace/davinkevin/Podcast-Server/388585773/.m2/com/ninja-squad/DbSetup/1.6.0/DbSetup-1.6.0.jar:/root/./workspace/davinkevin/Podcast-Server/388585773/.m2/com/jayway/awaitility/awaitility/1.7.0/awaitility-1.7.0.jar:/root/./workspace/davinkevin/Podcast-Server/388585773/.m2/cglib/cglib-nodep/3.1/cglib-nodep-3.1.jar:/root/./workspace/davinkevin/Podcast-Server/388585773/.m2/org/springframework/boot/spring-boot-configuration-processor/2.0.1.RELEASE/spring-boot-configuration-processor-2.0.1.RELEASE.jar:"/>
    <property name="java.vm.vendor" value="Oracle Corporation"/>
    <property name="skip.bower" value="true"/>
    <property name="sun.arch.data.model" value="64"/>
    <property name="java.vendor.url" value="http://java.oracle.com/"/>
    <property name="user.timezone" value=""/>
    <property name="java.vm.specification.version" value="1.8"/>
    <property name="os.name" value="Linux"/>
    <property name="rat.skip" value="true"/>
    <property name="gpg.skip" value="true"/>
    <property name="sun.java.launcher" value="SUN_STANDARD"/>
    <property name="sun.boot.library.path" value="/usr/lib/jvm/java-8-openjdk-amd64/jre/lib/amd64"/>
    <property name="skip.gulp" value="true"/>
    <property name="sun.java.command" value="/root/workspace/davinkevin/Podcast-Server/388585773/backend/target/surefire/surefirebooter7081415478050648320.jar /root/workspace/davinkevin/Podcast-Server/388585773/backend/target/surefire 2018-06-06T06-59-31_345-jvmRun1 surefire7034083770332761099tmp surefire_07202529272213000045tmp"/>
    <property name="dependency-check.skip" value="true"/>
    <property name="surefire.test.class.path" value="/root/workspace/davinkevin/Podcast-Server/388585773/backend/target/test-classes:/root/workspace/davinkevin/Podcast-Server/388585773/backend/target/classes:/root/./workspace/davinkevin/Podcast-Server/388585773/.m2/org/springframework/boot/spring-boot-starter-web/2.0.1.RELEASE/spring-boot-starter-web-2.0.1.RELEASE.jar:/root/./workspace/davinkevin/Podcast-Server/388585773/.m2/org/springframework/boot/spring-boot-starter/2.0.1.RELEASE/spring-boot-starter-2.0.1.RELEASE.jar:/root/./workspace/davinkevin/Podcast-Server/388585773/.m2/org/springframework/boot/spring-boot-starter-logging/2.0.1.RELEASE/spring-boot-starter-logging-2.0.1.RELEASE.jar:/root/./workspace/davinkevin/Podcast-Server/388585773/.m2/ch/qos/logback/logback-classic/1.2.3/logback-classic-1.2.3.jar:/root/./workspace/davinkevin/Podcast-Server/388585773/.m2/ch/qos/logback/logback-core/1.2.3/logback-core-1.2.3.jar:/root/./workspace/davinkevin/Podcast-Server/388585773/.m2/org/apache/logging/log4j/log4j-to-slf4j/2.10.0/log4j-to-slf4j-2.10.0.jar:/root/./workspace/davinkevin/Podcast-Server/388585773/.m2/org/apache/logging/log4j/log4j-api/2.10.0/log4j-api-2.10.0.jar:/root/./workspace/davinkevin/Podcast-Server/388585773/.m2/org/slf4j/jul-to-slf4j/1.7.25/jul-to-slf4j-1.7.25.jar:/root/./workspace/davinkevin/Podcast-Server/388585773/.m2/javax/annotation/javax.annotation-api/1.3.2/javax.annotation-api-1.3.2.jar:/root/./workspace/davinkevin/Podcast-Server/388585773/.m2/org/yaml/snakeyaml/1.19/snakeyaml-1.19.jar:/root/./workspace/davinkevin/Podcast-Server/388585773/.m2/org/springframework/boot/spring-boot-starter-json/2.0.1.RELEASE/spring-boot-starter-json-2.0.1.RELEASE.jar:/root/./workspace/davinkevin/Podcast-Server/388585773/.m2/com/fasterxml/jackson/datatype/jackson-datatype-jdk8/2.9.5/jackson-datatype-jdk8-2.9.5.jar:/root/./workspace/davinkevin/Podcast-Server/388585773/.m2/com/fasterxml/jackson/module/jackson-module-parameter-names/2.9.5/jackson-module-parameter-names-2.9.5.jar:/root/./workspace/davinkevin/Podcast-Server/388585773/.m2/org/springframework/boot/spring-boot-starter-tomcat/2.0.1.RELEASE/spring-boot-starter-tomcat-2.0.1.RELEASE.jar:/root/./workspace/davinkevin/Podcast-Server/388585773/.m2/org/apache/tomcat/embed/tomcat-embed-core/8.5.29/tomcat-embed-core-8.5.29.jar:/root/./workspace/davinkevin/Podcast-Server/388585773/.m2/org/apache/tomcat/embed/tomcat-embed-el/8.5.29/tomcat-embed-el-8.5.29.jar:/root/./workspace/davinkevin/Podcast-Server/388585773/.m2/org/apache/tomcat/embed/tomcat-embed-websocket/8.5.29/tomcat-embed-websocket-8.5.29.jar:/root/./workspace/davinkevin/Podcast-Server/388585773/.m2/org/springframework/spring-web/5.0.5.RELEASE/spring-web-5.0.5.RELEASE.jar:/root/./workspace/davinkevin/Podcast-Server/388585773/.m2/org/springframework/spring-beans/5.0.5.RELEASE/spring-beans-5.0.5.RELEASE.jar:/root/./workspace/davinkevin/Podcast-Server/388585773/.m2/org/springframework/spring-webmvc/5.0.5.RELEASE/spring-webmvc-5.0.5.RELEASE.jar:/root/./workspace/davinkevin/Podcast-Server/388585773/.m2/org/springframework/spring-aop/5.0.5.RELEASE/spring-aop-5.0.5.RELEASE.jar:/root/./workspace/davinkevin/Podcast-Server/388585773/.m2/org/springframework/spring-context/5.0.5.RELEASE/spring-context-5.0.5.RELEASE.jar:/root/./workspace/davinkevin/Podcast-Server/388585773/.m2/org/springframework/spring-expression/5.0.5.RELEASE/spring-expression-5.0.5.RELEASE.jar:/root/./workspace/davinkevin/Podcast-Server/388585773/.m2/org/springframework/boot/spring-boot-starter-data-jpa/2.0.1.RELEASE/spring-boot-starter-data-jpa-2.0.1.RELEASE.jar:/root/./workspace/davinkevin/Podcast-Server/388585773/.m2/org/springframework/boot/spring-boot-starter-aop/2.0.1.RELEASE/spring-boot-starter-aop-2.0.1.RELEASE.jar:/root/./workspace/davinkevin/Podcast-Server/388585773/.m2/org/aspectj/aspectjweaver/1.8.13/aspectjweaver-1.8.13.jar:/root/./workspace/davinkevin/Podcast-Server/388585773/.m2/org/springframework/boot/spring-boot-starter-jdbc/2.0.1.RELEASE/spring-boot-starter-jdbc-2.0.1.RELEASE.jar:/root/./workspace/davinkevin/Podcast-Server/388585773/.m2/com/zaxxer/HikariCP/2.7.8/HikariCP-2.7.8.jar:/root/./workspace/davinkevin/Podcast-Server/388585773/.m2/org/springframework/spring-jdbc/5.0.5.RELEASE/spring-jdbc-5.0.5.RELEASE.jar:/root/./workspace/davinkevin/Podcast-Server/388585773/.m2/org/hibernate/hibernate-core/5.2.16.Final/hibernate-core-5.2.16.Final.jar:/root/./workspace/davinkevin/Podcast-Server/388585773/.m2/org/hibernate/javax/persistence/hibernate-jpa-2.1-api/1.0.0.Final/hibernate-jpa-2.1-api-1.0.0.Final.jar:/root/./workspace/davinkevin/Podcast-Server/388585773/.m2/org/javassist/javassist/3.22.0-GA/javassist-3.22.0-GA.jar:/root/./workspace/davinkevin/Podcast-Server/388585773/.m2/antlr/antlr/2.7.7/antlr-2.7.7.jar:/root/./workspace/davinkevin/Podcast-Server/388585773/.m2/org/jboss/jandex/2.0.3.Final/jandex-2.0.3.Final.jar:/root/./workspace/davinkevin/Podcast-Server/388585773/.m2/dom4j/dom4j/1.6.1/dom4j-1.6.1.jar:/root/./workspace/davinkevin/Podcast-Server/388585773/.m2/org/hibernate/common/hibernate-commons-annotations/5.0.1.Final/hibernate-commons-annotations-5.0.1.Final.jar:/root/./workspace/davinkevin/Podcast-Server/388585773/.m2/javax/transaction/javax.transaction-api/1.2/javax.transaction-api-1.2.jar:/root/./workspace/davinkevin/Podcast-Server/388585773/.m2/org/springframework/data/spring-data-jpa/2.0.6.RELEASE/spring-data-jpa-2.0.6.RELEASE.jar:/root/./workspace/davinkevin/Podcast-Server/388585773/.m2/org/springframework/data/spring-data-commons/2.0.6.RELEASE/spring-data-commons-2.0.6.RELEASE.jar:/root/./workspace/davinkevin/Podcast-Server/388585773/.m2/org/springframework/spring-orm/5.0.5.RELEASE/spring-orm-5.0.5.RELEASE.jar:/root/./workspace/davinkevin/Podcast-Server/388585773/.m2/org/springframework/spring-tx/5.0.5.RELEASE/spring-tx-5.0.5.RELEASE.jar:/root/./workspace/davinkevin/Podcast-Server/388585773/.m2/org/springframework/spring-aspects/5.0.5.RELEASE/spring-aspects-5.0.5.RELEASE.jar:/root/./workspace/davinkevin/Podcast-Server/388585773/.m2/org/springframework/boot/spring-boot-starter-websocket/2.0.1.RELEASE/spring-boot-starter-websocket-2.0.1.RELEASE.jar:/root/./workspace/davinkevin/Podcast-Server/388585773/.m2/org/springframework/spring-messaging/5.0.5.RELEASE/spring-messaging-5.0.5.RELEASE.jar:/root/./workspace/davinkevin/Podcast-Server/388585773/.m2/org/springframework/spring-websocket/5.0.5.RELEASE/spring-websocket-5.0.5.RELEASE.jar:/root/./workspace/davinkevin/Podcast-Server/388585773/.m2/org/springframework/boot/spring-boot-starter-actuator/2.0.1.RELEASE/spring-boot-starter-actuator-2.0.1.RELEASE.jar:/root/./workspace/davinkevin/Podcast-Server/388585773/.m2/org/springframework/boot/spring-boot-actuator-autoconfigure/2.0.1.RELEASE/spring-boot-actuator-autoconfigure-2.0.1.RELEASE.jar:/root/./workspace/davinkevin/Podcast-Server/388585773/.m2/org/springframework/boot/spring-boot-actuator/2.0.1.RELEASE/spring-boot-actuator-2.0.1.RELEASE.jar:/root/./workspace/davinkevin/Podcast-Server/388585773/.m2/io/micrometer/micrometer-core/1.0.3/micrometer-core-1.0.3.jar:/root/./workspace/davinkevin/Podcast-Server/388585773/.m2/org/hdrhistogram/HdrHistogram/2.1.10/HdrHistogram-2.1.10.jar:/root/./workspace/davinkevin/Podcast-Server/388585773/.m2/org/latencyutils/LatencyUtils/2.0.3/LatencyUtils-2.0.3.jar:/root/./workspace/davinkevin/Podcast-Server/388585773/.m2/org/springframework/boot/spring-boot-devtools/2.0.1.RELEASE/spring-boot-devtools-2.0.1.RELEASE.jar:/root/./workspace/davinkevin/Podcast-Server/388585773/.m2/org/springframework/boot/spring-boot/2.0.1.RELEASE/spring-boot-2.0.1.RELEASE.jar:/root/./workspace/davinkevin/Podcast-Server/388585773/.m2/org/springframework/boot/spring-boot-autoconfigure/2.0.1.RELEASE/spring-boot-autoconfigure-2.0.1.RELEASE.jar:/root/./workspace/davinkevin/Podcast-Server/388585773/.m2/org/hibernate/hibernate-search-orm/5.9.1.Final/hibernate-search-orm-5.9.1.Final.jar:/root/./workspace/davinkevin/Podcast-Server/388585773/.m2/org/hibernate/hibernate-search-engine/5.9.1.Final/hibernate-search-engine-5.9.1.Final.jar:/root/./workspace/davinkevin/Podcast-Server/388585773/.m2/org/apache/lucene/lucene-core/5.5.5/lucene-core-5.5.5.jar:/root/./workspace/davinkevin/Podcast-Server/388585773/.m2/org/apache/lucene/lucene-misc/5.5.5/lucene-misc-5.5.5.jar:/root/./workspace/davinkevin/Podcast-Server/388585773/.m2/org/apache/lucene/lucene-analyzers-common/5.5.5/lucene-analyzers-common-5.5.5.jar:/root/./workspace/davinkevin/Podcast-Server/388585773/.m2/org/apache/lucene/lucene-facet/5.5.5/lucene-facet-5.5.5.jar:/root/./workspace/davinkevin/Podcast-Server/388585773/.m2/org/apache/lucene/lucene-queries/5.5.5/lucene-queries-5.5.5.jar:/root/./workspace/davinkevin/Podcast-Server/388585773/.m2/org/apache/lucene/lucene-queryparser/5.5.5/lucene-queryparser-5.5.5.jar:/root/./workspace/davinkevin/Podcast-Server/388585773/.m2/com/querydsl/querydsl-core/4.1.3/querydsl-core-4.1.3.jar:/root/./workspace/davinkevin/Podcast-Server/388585773/.m2/com/google/code/findbugs/jsr305/1.3.9/jsr305-1.3.9.jar:/root/./workspace/davinkevin/Podcast-Server/388585773/.m2/com/mysema/commons/mysema-commons-lang/0.2.4/mysema-commons-lang-0.2.4.jar:/root/./workspace/davinkevin/Podcast-Server/388585773/.m2/com/infradna/tool/bridge-method-annotation/1.13/bridge-method-annotation-1.13.jar:/root/./workspace/davinkevin/Podcast-Server/388585773/.m2/com/querydsl/querydsl-apt/4.1.3/querydsl-apt-4.1.3.jar:/root/./workspace/davinkevin/Podcast-Server/388585773/.m2/com/querydsl/querydsl-codegen/4.1.3/querydsl-codegen-4.1.3.jar:/root/./workspace/davinkevin/Podcast-Server/388585773/.m2/com/mysema/codegen/codegen/0.6.8/codegen-0.6.8.jar:/root/./workspace/davinkevin/Podcast-Server/388585773/.m2/org/eclipse/jdt/core/compiler/ecj/4.3.1/ecj-4.3.1.jar:/root/./workspace/davinkevin/Podcast-Server/388585773/.m2/javax/inject/javax.inject/1/javax.inject-1.jar:/root/./workspace/davinkevin/Podcast-Server/388585773/.m2/org/reflections/reflections/0.9.9/reflections-0.9.9.jar:/root/./workspace/davinkevin/Podcast-Server/388585773/.m2/com/google/code/findbugs/annotations/2.0.1/annotations-2.0.1.jar:/root/./workspace/davinkevin/Podcast-Server/388585773/.m2/com/querydsl/querydsl-jpa/4.1.3/querydsl-jpa-4.1.3.jar:/root/./workspace/davinkevin/Podcast-Server/388585773/.m2/org/slf4j/slf4j-api/1.7.25/slf4j-api-1.7.25.jar:/root/./workspace/davinkevin/Podcast-Server/388585773/.m2/org/hibernate/hibernate-java8/5.2.16.Final/hibernate-java8-5.2.16.Final.jar:/root/./workspace/davinkevin/Podcast-Server/388585773/.m2/org/jboss/logging/jboss-logging/3.3.2.Final/jboss-logging-3.3.2.Final.jar:/root/./workspace/davinkevin/Podcast-Server/388585773/.m2/org/hibernate/validator/hibernate-validator/6.0.9.Final/hibernate-validator-6.0.9.Final.jar:/root/./workspace/davinkevin/Podcast-Server/388585773/.m2/javax/validation/validation-api/2.0.1.Final/validation-api-2.0.1.Final.jar:/root/./workspace/davinkevin/Podcast-Server/388585773/.m2/com/fasterxml/classmate/1.3.4/classmate-1.3.4.jar:/root/./workspace/davinkevin/Podcast-Server/388585773/.m2/com/h2database/h2/1.4.197/h2-1.4.197.jar:/root/workspace/davinkevin/Podcast-Server/388585773/frontend-angularjs/target/classes:/root/workspace/davinkevin/Podcast-Server/388585773/frontend-angular/target/classes:/root/./workspace/davinkevin/Podcast-Server/388585773/.m2/org/jdom/jdom2/2.0.6/jdom2-2.0.6.jar:/root/./workspace/davinkevin/Podcast-Server/388585773/.m2/org/apache/tika/tika-core/1.11/tika-core-1.11.jar:/root/./workspace/davinkevin/Podcast-Server/388585773/.m2/org/jsoup/jsoup/1.8.3/jsoup-1.8.3.jar:/root/./workspace/davinkevin/Podcast-Server/388585773/.m2/com/github/axet/vget/1.2.4/vget-1.2.4.jar:/root/./workspace/davinkevin/Podcast-Server/388585773/.m2/org/apache/commons/commons-lang3/3.7/commons-lang3-3.7.jar:/root/./workspace/davinkevin/Podcast-Server/388585773/.m2/com/github/axet/wget/1.4.3/wget-1.4.3.jar:/root/./workspace/davinkevin/Podcast-Server/388585773/.m2/com/thoughtworks/xstream/xstream/1.4.9/xstream-1.4.9.jar:/root/./workspace/davinkevin/Podcast-Server/388585773/.m2/xmlpull/xmlpull/1.1.3.1/xmlpull-1.1.3.1.jar:/root/./workspace/davinkevin/Podcast-Server/388585773/.m2/xpp3/xpp3_min/1.1.4c/xpp3_min-1.1.4c.jar:/root/./workspace/davinkevin/Podcast-Server/388585773/.m2/com/github/axet/threads/0.0.14/threads-0.0.14.jar:/root/./workspace/davinkevin/Podcast-Server/388585773/.m2/com/google/code/gson/gson/2.8.2/gson-2.8.2.jar:/root/./workspace/davinkevin/Podcast-Server/388585773/.m2/com/mashape/unirest/unirest-java/1.4.9/unirest-java-1.4.9.jar:/root/./workspace/davinkevin/Podcast-Server/388585773/.m2/org/apache/httpcomponents/httpclient/4.5.5/httpclient-4.5.5.jar:/root/./workspace/davinkevin/Podcast-Server/388585773/.m2/org/apache/httpcomponents/httpcore/4.4.9/httpcore-4.4.9.jar:/root/./workspace/davinkevin/Podcast-Server/388585773/.m2/commons-codec/commons-codec/1.11/commons-codec-1.11.jar:/root/./workspace/davinkevin/Podcast-Server/388585773/.m2/org/apache/httpcomponents/httpasyncclient/4.1.3/httpasyncclient-4.1.3.jar:/root/./workspace/davinkevin/Podcast-Server/388585773/.m2/org/apache/httpcomponents/httpcore-nio/4.4.9/httpcore-nio-4.4.9.jar:/root/./workspace/davinkevin/Podcast-Server/388585773/.m2/org/apache/httpcomponents/httpmime/4.5.5/httpmime-4.5.5.jar:/root/./workspace/davinkevin/Podcast-Server/388585773/.m2/org/json/json/20160212/json-20160212.jar:/root/./workspace/davinkevin/Podcast-Server/388585773/.m2/com/jayway/jsonpath/json-path/2.2.0/json-path-2.2.0.jar:/root/./workspace/davinkevin/Podcast-Server/388585773/.m2/net/minidev/json-smart/2.2.1/json-smart-2.2.1.jar:/root/./workspace/davinkevin/Podcast-Server/388585773/.m2/net/minidev/accessors-smart/1.1/accessors-smart-1.1.jar:/root/./workspace/davinkevin/Podcast-Server/388585773/.m2/org/ow2/asm/asm/5.0.3/asm-5.0.3.jar:/root/./workspace/davinkevin/Podcast-Server/388585773/.m2/io/vavr/vavr/0.9.1/vavr-0.9.1.jar:/root/./workspace/davinkevin/Podcast-Server/388585773/.m2/io/vavr/vavr-match/0.9.1/vavr-match-0.9.1.jar:/root/./workspace/davinkevin/Podcast-Server/388585773/.m2/commons-fileupload/commons-fileupload/1.3.1/commons-fileupload-1.3.1.jar:/root/./workspace/davinkevin/Podcast-Server/388585773/.m2/commons-io/commons-io/2.4/commons-io-2.4.jar:/root/./workspace/davinkevin/Podcast-Server/388585773/.m2/org/projectlombok/lombok/1.16.20/lombok-1.16.20.jar:/root/./workspace/davinkevin/Podcast-Server/388585773/.m2/org/rauschig/jarchivelib/0.7.1/jarchivelib-0.7.1.jar:/root/./workspace/davinkevin/Podcast-Server/388585773/.m2/org/apache/commons/commons-compress/1.9/commons-compress-1.9.jar:/root/./workspace/davinkevin/Podcast-Server/388585773/.m2/net/bramp/ffmpeg/ffmpeg/0.6.1/ffmpeg-0.6.1.jar:/root/./workspace/davinkevin/Podcast-Server/388585773/.m2/com/google/guava/guava/20.0/guava-20.0.jar:/root/./workspace/davinkevin/Podcast-Server/388585773/.m2/org/modelmapper/modelmapper/0.7.7/modelmapper-0.7.7.jar:/root/./workspace/davinkevin/Podcast-Server/388585773/.m2/com/fasterxml/jackson/datatype/jackson-datatype-hibernate5/2.8.7/jackson-datatype-hibernate5-2.8.7.jar:/root/./workspace/davinkevin/Podcast-Server/388585773/.m2/com/fasterxml/jackson/core/jackson-databind/2.9.5/jackson-databind-2.9.5.jar:/root/./workspace/davinkevin/Podcast-Server/388585773/.m2/com/fasterxml/jackson/core/jackson-core/2.9.5/jackson-core-2.9.5.jar:/root/./workspace/davinkevin/Podcast-Server/388585773/.m2/javax/transaction/jta/1.1/jta-1.1.jar:/root/./workspace/davinkevin/Podcast-Server/388585773/.m2/com/fasterxml/jackson/datatype/jackson-datatype-jsr310/2.8.7/jackson-datatype-jsr310-2.8.7.jar:/root/./workspace/davinkevin/Podcast-Server/388585773/.m2/com/fasterxml/jackson/core/jackson-annotations/2.9.0/jackson-annotations-2.9.0.jar:/root/./workspace/davinkevin/Podcast-Server/388585773/.m2/io/vavr/vavr-jackson/0.9.2/vavr-jackson-0.9.2.jar:/root/./workspace/davinkevin/Podcast-Server/388585773/.m2/org/springframework/boot/spring-boot-starter-test/2.0.1.RELEASE/spring-boot-starter-test-2.0.1.RELEASE.jar:/root/./workspace/davinkevin/Podcast-Server/388585773/.m2/org/springframework/boot/spring-boot-test/2.0.1.RELEASE/spring-boot-test-2.0.1.RELEASE.jar:/root/./workspace/davinkevin/Podcast-Server/388585773/.m2/org/springframework/boot/spring-boot-test-autoconfigure/2.0.1.RELEASE/spring-boot-test-autoconfigure-2.0.1.RELEASE.jar:/root/./workspace/davinkevin/Podcast-Server/388585773/.m2/org/hamcrest/hamcrest-core/1.3/hamcrest-core-1.3.jar:/root/./workspace/davinkevin/Podcast-Server/388585773/.m2/org/hamcrest/hamcrest-library/1.3/hamcrest-library-1.3.jar:/root/./workspace/davinkevin/Podcast-Server/388585773/.m2/org/skyscreamer/jsonassert/1.5.0/jsonassert-1.5.0.jar:/root/./workspace/davinkevin/Podcast-Server/388585773/.m2/com/vaadin/external/google/android-json/0.0.20131108.vaadin1/android-json-0.0.20131108.vaadin1.jar:/root/./workspace/davinkevin/Podcast-Server/388585773/.m2/org/springframework/spring-core/5.0.5.RELEASE/spring-core-5.0.5.RELEASE.jar:/root/./workspace/davinkevin/Podcast-Server/388585773/.m2/org/springframework/spring-jcl/5.0.5.RELEASE/spring-jcl-5.0.5.RELEASE.jar:/root/./workspace/davinkevin/Podcast-Server/388585773/.m2/org/springframework/spring-test/5.0.5.RELEASE/spring-test-5.0.5.RELEASE.jar:/root/./workspace/davinkevin/Podcast-Server/388585773/.m2/org/xmlunit/xmlunit-core/2.5.1/xmlunit-core-2.5.1.jar:/root/./workspace/davinkevin/Podcast-Server/388585773/.m2/org/mockito/mockito-core/1.10.19/mockito-core-1.10.19.jar:/root/./workspace/davinkevin/Podcast-Server/388585773/.m2/org/objenesis/objenesis/2.1/objenesis-2.1.jar:/root/./workspace/davinkevin/Podcast-Server/388585773/.m2/junit/junit/4.12/junit-4.12.jar:/root/./workspace/davinkevin/Podcast-Server/388585773/.m2/org/assertj/assertj-core/3.8.0/assertj-core-3.8.0.jar:/root/./workspace/davinkevin/Podcast-Server/388585773/.m2/com/github/tomakehurst/wiremock/1.56/wiremock-1.56-standalone.jar:/root/./workspace/davinkevin/Podcast-Server/388585773/.m2/com/ninja-squad/DbSetup/1.6.0/DbSetup-1.6.0.jar:/root/./workspace/davinkevin/Podcast-Server/388585773/.m2/com/jayway/awaitility/awaitility/1.7.0/awaitility-1.7.0.jar:/root/./workspace/davinkevin/Podcast-Server/388585773/.m2/cglib/cglib-nodep/3.1/cglib-nodep-3.1.jar:/root/./workspace/davinkevin/Podcast-Server/388585773/.m2/org/springframework/boot/spring-boot-configuration-processor/2.0.1.RELEASE/spring-boot-configuration-processor-2.0.1.RELEASE.jar:"/>
    <property name="sun.cpu.endian" value="little"/>
    <property name="user.home" value="/root"/>
    <property name="user.language" value="en"/>
    <property name="java.specification.vendor" value="Oracle Corporation"/>
    <property name="java.home" value="/usr/lib/jvm/java-8-openjdk-amd64/jre"/>
    <property name="basedir" value="/root/workspace/davinkevin/Podcast-Server/388585773/backend"/>
    <property name="file.separator" value="/"/>
    <property name="checkstyle.skip" value="true"/>
    <property name="line.separator" value="&#10;"/>
    <property name="skip.npm" value="true"/>
    <property name="java.vm.specification.vendor" value="Oracle Corporation"/>
    <property name="java.specification.name" value="Java Platform API Specification"/>
    <property name="java.awt.graphicsenv" value="sun.awt.X11GraphicsEnvironment"/>
    <property name="skipITs" value="true"/>
    <property name="surefire.real.class.path" value="/root/workspace/davinkevin/Podcast-Server/388585773/backend/target/surefire/surefirebooter7081415478050648320.jar:/root/./workspace/davinkevin/Podcast-Server/388585773/.m2/org/jacoco/org.jacoco.agent/0.7.5.201505241946/org.jacoco.agent-0.7.5.201505241946-runtime.jar"/>
    <property name="cobertura.skip" value="true"/>
    <property name="sun.boot.class.path" value="/usr/lib/jvm/java-8-openjdk-amd64/jre/lib/resources.jar:/usr/lib/jvm/java-8-openjdk-amd64/jre/lib/rt.jar:/usr/lib/jvm/java-8-openjdk-amd64/jre/lib/sunrsasign.jar:/usr/lib/jvm/java-8-openjdk-amd64/jre/lib/jsse.jar:/usr/lib/jvm/java-8-openjdk-amd64/jre/lib/jce.jar:/usr/lib/jvm/java-8-openjdk-amd64/jre/lib/charsets.jar:/usr/lib/jvm/java-8-openjdk-amd64/jre/lib/jfr.jar:/usr/lib/jvm/java-8-openjdk-amd64/jre/classes"/>
    <property name="sun.management.compiler" value="HotSpot 64-Bit Tiered Compilers"/>
    <property name="java.runtime.version" value="1.8.0_121-8u121-b13-1~bpo8+1-b13"/>
    <property name="user.name" value="root"/>
    <property name="findbugs.skip" value="true"/>
    <property name="path.separator" value=":"/>
    <property name="os.version" value="3.10.0-862.3.2.el7.x86_64"/>
    <property name="java.endorsed.dirs" value="/usr/lib/jvm/java-8-openjdk-amd64/jre/lib/endorsed"/>
    <property name="java.runtime.name" value="OpenJDK Runtime Environment"/>
    <property name="file.encoding" value="UTF-8"/>
    <property name="java.vm.name" value="OpenJDK 64-Bit Server VM"/>
    <property name="localRepository" value="/root/./workspace/davinkevin/Podcast-Server/388585773/.m2"/>
    <property name="java.vendor.url.bug" value="http://bugreport.sun.com/bugreport/"/>
    <property name="java.io.tmpdir" value="/tmp"/>
    <property name="java.version" value="1.8.0_121"/>
    <property name="user.dir" value="/root/workspace/davinkevin/Podcast-Server/388585773/backend"/>
    <property name="os.arch" value="amd64"/>
    <property name="license.skip" value="true"/>
    <property name="java.vm.specification.name" value="Java Virtual Machine Specification"/>
    <property name="java.awt.printerjob" value="sun.print.PSPrinterJob"/>
    <property name="sun.os.patch.level" value="unknown"/>
    <property name="java.library.path" value="/usr/java/packages/lib/amd64:/usr/lib/x86_64-linux-gnu/jni:/lib/x86_64-linux-gnu:/usr/lib/x86_64-linux-gnu:/usr/lib/jni:/lib:/usr/lib"/>
    <property name="java.vm.info" value="mixed mode"/>
    <property name="java.vendor" value="Oracle Corporation"/>
    <property name="java.vm.version" value="25.121-b13"/>
    <property name="java.ext.dirs" value="/usr/lib/jvm/java-8-openjdk-amd64/jre/lib/ext:/usr/java/packages/lib/ext"/>
    <property name="sun.io.unicode.encoding" value="UnicodeLittle"/>
    <property name="maven.repo.local" value="/root/./workspace/davinkevin/Podcast-Server/388585773/.m2"/>
    <property name="enforcer.skip" value="true"/>
    <property name="java.class.version" value="52.0"/>
  </properties>
  <testcase name="should_not_find_podcast_for_this_url" classname="lan.dk.podcastserver.manager.worker.youtube.YoutubeFinderTest" time="0"/>
  <testcase name="should_set_default_value_for_information_not_found" classname="lan.dk.podcastserver.manager.worker.youtube.YoutubeFinderTest" time="0.065"/>
  <testcase name="should_find_information_about_a_youtube_podcast_with_his_url" classname="lan.dk.podcastserver.manager.worker.youtube.YoutubeFinderTest" time="0.042"/>
</testsuite>