<?xml version="1.0" encoding="UTF-8"?>
<testsuite name="io.atomix.storage.buffer.UnsafeDirectBufferTest" time="0.014" tests="86" errors="0" skipped="0" failures="0">
  <properties>
    <property name="java.runtime.name" value="OpenJDK Runtime Environment"/>
    <property name="sun.boot.library.path" value="/usr/lib/jvm/java-8-openjdk-amd64/jre/lib/amd64"/>
    <property name="java.vm.version" value="25.121-b13"/>
    <property name="java.vm.vendor" value="Oracle Corporation"/>
    <property name="maven.multiModuleProjectDirectory" value="/root/workspace/atomix/atomix/389998614"/>
    <property name="java.vendor.url" value="http://java.oracle.com/"/>
    <property name="path.separator" value=":"/>
    <property name="guice.disable.misplaced.annotation.check" value="true"/>
    <property name="skip.gulp" value="true"/>
    <property name="java.vm.name" value="OpenJDK 64-Bit Server VM"/>
    <property name="file.encoding.pkg" value="sun.io"/>
    <property name="sun.java.launcher" value="SUN_STANDARD"/>
    <property name="sun.os.patch.level" value="unknown"/>
    <property name="findbugs.skip" value="true"/>
    <property name="java.vm.specification.name" value="Java Virtual Machine Specification"/>
    <property name="user.dir" value="/root/workspace/atomix/atomix/389998614"/>
    <property name="checkstyle.skip" value="true"/>
    <property name="java.runtime.version" value="1.8.0_121-8u121-b13-1~bpo8+1-b13"/>
    <property name="java.awt.graphicsenv" value="sun.awt.X11GraphicsEnvironment"/>
    <property name="skip.npm" value="true"/>
    <property name="java.endorsed.dirs" value="/usr/lib/jvm/java-8-openjdk-amd64/jre/lib/endorsed"/>
    <property name="os.arch" value="amd64"/>
    <property name="java.io.tmpdir" value="/tmp"/>
    <property name="gpg.skip" value="true"/>
    <property name="line.separator" value="&#10;"/>
    <property name="java.vm.specification.vendor" value="Oracle Corporation"/>
    <property name="cobertura.skip" value="true"/>
    <property name="os.name" value="Linux"/>
    <property name="classworlds.conf" value="/usr/share/maven/bin/m2.conf"/>
    <property name="sun.jnu.encoding" value="UTF-8"/>
    <property name="java.library.path" value="/usr/java/packages/lib/amd64:/usr/lib/x86_64-linux-gnu/jni:/lib/x86_64-linux-gnu:/usr/lib/x86_64-linux-gnu:/usr/lib/jni:/lib:/usr/lib"/>
    <property name="license.skip" value="true"/>
    <property name="java.specification.name" value="Java Platform API Specification"/>
    <property name="java.class.version" value="52.0"/>
    <property name="sun.management.compiler" value="HotSpot 64-Bit Tiered Compilers"/>
    <property name="skip.bower" value="true"/>
    <property name="maven.repo.local" value="/root/./workspace/atomix/atomix/389998614/.m2"/>
    <property name="os.version" value="3.10.0-862.3.2.el7.x86_64"/>
    <property name="user.home" value="/root"/>
    <property name="user.timezone" value="Europe/Paris"/>
    <property name="java.awt.printerjob" value="sun.print.PSPrinterJob"/>
    <property name="java.specification.version" value="1.8"/>
    <property name="file.encoding" value="UTF-8"/>
    <property name="user.name" value="root"/>
    <property name="java.class.path" value="/usr/share/maven/boot/plexus-classworlds-2.5.2.jar"/>
    <property name="skipITs" value="true"/>
    <property name="java.vm.specification.version" value="1.8"/>
    <property name="sun.arch.data.model" value="64"/>
    <property name="java.home" value="/usr/lib/jvm/java-8-openjdk-amd64/jre"/>
    <property name="sun.java.command" value="org.codehaus.plexus.classworlds.launcher.Launcher -B -D enforcer.skip=true -D dependency-check.skip=true -D skipITs=true -D cobertura.skip=true -D maven.repo.local=/root/./workspace/atomix/atomix/389998614/.m2 -D rat.skip=true -D findbugs.skip=true -D skip.bower=true -D gpg.skip=true -D checkstyle.skip=true -D skip.gulp=true -D license.skip=true -D skip.npm=true test"/>
    <property name="java.specification.vendor" value="Oracle Corporation"/>
    <property name="user.language" value="en"/>
    <property name="awt.toolkit" value="sun.awt.X11.XToolkit"/>
    <property name="dependency-check.skip" value="true"/>
    <property name="java.vm.info" value="mixed mode"/>
    <property name="java.version" value="1.8.0_121"/>
    <property name="java.ext.dirs" value="/usr/lib/jvm/java-8-openjdk-amd64/jre/lib/ext:/usr/java/packages/lib/ext"/>
    <property name="securerandom.source" value="file:/dev/./urandom"/>
    <property name="sun.boot.class.path" value="/usr/lib/jvm/java-8-openjdk-amd64/jre/lib/resources.jar:/usr/lib/jvm/java-8-openjdk-amd64/jre/lib/rt.jar:/usr/lib/jvm/java-8-openjdk-amd64/jre/lib/sunrsasign.jar:/usr/lib/jvm/java-8-openjdk-amd64/jre/lib/jsse.jar:/usr/lib/jvm/java-8-openjdk-amd64/jre/lib/jce.jar:/usr/lib/jvm/java-8-openjdk-amd64/jre/lib/charsets.jar:/usr/lib/jvm/java-8-openjdk-amd64/jre/lib/jfr.jar:/usr/lib/jvm/java-8-openjdk-amd64/jre/classes"/>
    <property name="java.vendor" value="Oracle Corporation"/>
    <property name="enforcer.skip" value="true"/>
    <property name="rat.skip" value="true"/>
    <property name="maven.home" value="/usr/share/maven"/>
    <property name="file.separator" value="/"/>
    <property name="java.vendor.url.bug" value="http://bugreport.sun.com/bugreport/"/>
    <property name="sun.cpu.endian" value="little"/>
    <property name="sun.io.unicode.encoding" value="UnicodeLittle"/>
    <property name="sun.cpu.isalist" value=""/>
  </properties>
  <testcase name="testWriteReadSwappedIntAbsolute" classname="io.atomix.storage.buffer.UnsafeDirectBufferTest" time="0.002"/>
  <testcase name="testSwappedMarkReset" classname="io.atomix.storage.buffer.UnsafeDirectBufferTest" time="0"/>
  <testcase name="testSliceWithLimit" classname="io.atomix.storage.buffer.UnsafeDirectBufferTest" time="0"/>
  <testcase name="testSwappedWriteReadShortRelative" classname="io.atomix.storage.buffer.UnsafeDirectBufferTest" time="0"/>
  <testcase name="testSwappedWriteReadUnsignedByteRelative" classname="io.atomix.storage.buffer.UnsafeDirectBufferTest" time="0.001"/>
  <testcase name="testWriteReadLongAbsolute" classname="io.atomix.storage.buffer.UnsafeDirectBufferTest" time="0"/>
  <testcase name="testWriteReadFloatRelative" classname="io.atomix.storage.buffer.UnsafeDirectBufferTest" time="0"/>
  <testcase name="testSwappedCompact" classname="io.atomix.storage.buffer.UnsafeDirectBufferTest" time="0"/>
  <testcase name="testSwappedPosition" classname="io.atomix.storage.buffer.UnsafeDirectBufferTest" time="0.001"/>
  <testcase name="testSwappedWriteIntThrowsIndexOutOfBounds" classname="io.atomix.storage.buffer.UnsafeDirectBufferTest" time="0"/>
  <testcase name="testWriteReadByteAbsolute" classname="io.atomix.storage.buffer.UnsafeDirectBufferTest" time="0"/>
  <testcase name="testWriteReadUnsignedShortAbsolute" classname="io.atomix.storage.buffer.UnsafeDirectBufferTest" time="0"/>
  <testcase name="testWriteReadBooleanAbsolute" classname="io.atomix.storage.buffer.UnsafeDirectBufferTest" time="0"/>
  <testcase name="testClear" classname="io.atomix.storage.buffer.UnsafeDirectBufferTest" time="0"/>
  <testcase name="testLimit" classname="io.atomix.storage.buffer.UnsafeDirectBufferTest" time="0.001"/>
  <testcase name="testSwappedReadIntThrowsBufferUnderflowWithNoRemainingBytesRelative" classname="io.atomix.storage.buffer.UnsafeDirectBufferTest" time="0"/>
  <testcase name="testFlip" classname="io.atomix.storage.buffer.UnsafeDirectBufferTest" time="0"/>
  <testcase name="testSwappedWriteReadUnsignedShortRelative" classname="io.atomix.storage.buffer.UnsafeDirectBufferTest" time="0.001"/>
  <testcase name="testReadWriter" classname="io.atomix.storage.buffer.UnsafeDirectBufferTest" time="0"/>
  <testcase name="testSwappedFlip" classname="io.atomix.storage.buffer.UnsafeDirectBufferTest" time="0"/>
  <testcase name="testSwappedWriteReadBooleanAbsolute" classname="io.atomix.storage.buffer.UnsafeDirectBufferTest" time="0"/>
  <testcase name="testSwappedWriteReadDoubleAbsolute" classname="io.atomix.storage.buffer.UnsafeDirectBufferTest" time="0"/>
  <testcase name="testSwappedWriteReadLongRelative" classname="io.atomix.storage.buffer.UnsafeDirectBufferTest" time="0.001"/>
  <testcase name="testWriteReadUTF8Absolute" classname="io.atomix.storage.buffer.UnsafeDirectBufferTest" time="0"/>
  <testcase name="testWriteReadUnsignedIntRelative" classname="io.atomix.storage.buffer.UnsafeDirectBufferTest" time="0"/>
  <testcase name="testWriteReadIntRelative" classname="io.atomix.storage.buffer.UnsafeDirectBufferTest" time="0"/>
  <testcase name="testSwappedReadIntThrowsBufferOverflowWithNoRemainingBytesAbsolute" classname="io.atomix.storage.buffer.UnsafeDirectBufferTest" time="0.001"/>
  <testcase name="testWriteReadStringAbsolute" classname="io.atomix.storage.buffer.UnsafeDirectBufferTest" time="0"/>
  <testcase name="testWriteReadUnsignedByteRelative" classname="io.atomix.storage.buffer.UnsafeDirectBufferTest" time="0"/>
  <testcase name="testWriteReadShortRelative" classname="io.atomix.storage.buffer.UnsafeDirectBufferTest" time="0"/>
  <testcase name="testSwappedWriteReadByteRelative" classname="io.atomix.storage.buffer.UnsafeDirectBufferTest" time="0.001"/>
  <testcase name="testSwappedWriteReadIntRelative" classname="io.atomix.storage.buffer.UnsafeDirectBufferTest" time="0"/>
  <testcase name="testCapacity0Write" classname="io.atomix.storage.buffer.UnsafeDirectBufferTest" time="0"/>
  <testcase name="testWriteReadDoubleAbsolute" classname="io.atomix.storage.buffer.UnsafeDirectBufferTest" time="0"/>
  <testcase name="testSwappedWriteReadFloatAbsolute" classname="io.atomix.storage.buffer.UnsafeDirectBufferTest" time="0.001"/>
  <testcase name="testSwappedReadIntThrowsIndexOutOfBounds" classname="io.atomix.storage.buffer.UnsafeDirectBufferTest" time="0"/>
  <testcase name="testMarkReset" classname="io.atomix.storage.buffer.UnsafeDirectBufferTest" time="0"/>
  <testcase name="testSwappedWriteReadUnsignedIntAbsolute" classname="io.atomix.storage.buffer.UnsafeDirectBufferTest" time="0"/>
  <testcase name="testSwappedRelativeSliceWithLength" classname="io.atomix.storage.buffer.UnsafeDirectBufferTest" time="0"/>
  <testcase name="testReadIntThrowsBufferUnderflowWithNoRemainingBytesRelative" classname="io.atomix.storage.buffer.UnsafeDirectBufferTest" time="0"/>
  <testcase name="testWriteReadSwappedIntRelative" classname="io.atomix.storage.buffer.UnsafeDirectBufferTest" time="0"/>
  <testcase name="testSwappedRelativeSliceWithoutLength" classname="io.atomix.storage.buffer.UnsafeDirectBufferTest" time="0"/>
  <testcase name="testCapacity0Read" classname="io.atomix.storage.buffer.UnsafeDirectBufferTest" time="0"/>
  <testcase name="testSliceOfSlice" classname="io.atomix.storage.buffer.UnsafeDirectBufferTest" time="0"/>
  <testcase name="testSwappedSliceOfSlice" classname="io.atomix.storage.buffer.UnsafeDirectBufferTest" time="0"/>
  <testcase name="testRelativeSliceWithLength" classname="io.atomix.storage.buffer.UnsafeDirectBufferTest" time="0"/>
  <testcase name="testWriteReadLongRelative" classname="io.atomix.storage.buffer.UnsafeDirectBufferTest" time="0.001"/>
  <testcase name="testCompact" classname="io.atomix.storage.buffer.UnsafeDirectBufferTest" time="0"/>
  <testcase name="testWriteIntThrowsIndexOutOfBounds" classname="io.atomix.storage.buffer.UnsafeDirectBufferTest" time="0"/>
  <testcase name="testSwappedWriteReadShortAbsolute" classname="io.atomix.storage.buffer.UnsafeDirectBufferTest" time="0"/>
  <testcase name="testSwappedWriteReadUnsignedByteAbsolute" classname="io.atomix.storage.buffer.UnsafeDirectBufferTest" time="0"/>
  <testcase name="testReadIntThrowsIndexOutOfBounds" classname="io.atomix.storage.buffer.UnsafeDirectBufferTest" time="0"/>
  <testcase name="testSwappedWriteIntThrowsBufferOverflowWithNoRemainingBytesRelative" classname="io.atomix.storage.buffer.UnsafeDirectBufferTest" time="0"/>
  <testcase name="testWriteReadByteRelative" classname="io.atomix.storage.buffer.UnsafeDirectBufferTest" time="0.001"/>
  <testcase name="testWriteReadUnsignedShortRelative" classname="io.atomix.storage.buffer.UnsafeDirectBufferTest" time="0"/>
  <testcase name="testWriteReadBooleanRelative" classname="io.atomix.storage.buffer.UnsafeDirectBufferTest" time="0"/>
  <testcase name="testWriteReadFloatAbsolute" classname="io.atomix.storage.buffer.UnsafeDirectBufferTest" time="0"/>
  <testcase name="testSwappedWriteReadBooleanRelative" classname="io.atomix.storage.buffer.UnsafeDirectBufferTest" time="0"/>
  <testcase name="testReadIntThrowsBufferOverflowWithNoRemainingBytesAbsolute" classname="io.atomix.storage.buffer.UnsafeDirectBufferTest" time="0"/>
  <testcase name="testSwappedReadIntThrowsBufferUnderflowWithNoRemainingBytesAbsolute" classname="io.atomix.storage.buffer.UnsafeDirectBufferTest" time="0.001"/>
  <testcase name="testAbsoluteSlice" classname="io.atomix.storage.buffer.UnsafeDirectBufferTest" time="0"/>
  <testcase name="testSwappedWriteReadDoubleRelative" classname="io.atomix.storage.buffer.UnsafeDirectBufferTest" time="0"/>
  <testcase name="testWriteReadUTF8Relative" classname="io.atomix.storage.buffer.UnsafeDirectBufferTest" time="0"/>
  <testcase name="testSwappedWriteReadUnsignedShortAbsolute" classname="io.atomix.storage.buffer.UnsafeDirectBufferTest" time="0.001"/>
  <testcase name="testRelativeSliceWithoutLength" classname="io.atomix.storage.buffer.UnsafeDirectBufferTest" time="0"/>
  <testcase name="testSwappedSliceWithLimit" classname="io.atomix.storage.buffer.UnsafeDirectBufferTest" time="0"/>
  <testcase name="testSwappedWriteReadLongAbsolute" classname="io.atomix.storage.buffer.UnsafeDirectBufferTest" time="0"/>
  <testcase name="testWriteReadStringRelative" classname="io.atomix.storage.buffer.UnsafeDirectBufferTest" time="0"/>
  <testcase name="testSwappedClear" classname="io.atomix.storage.buffer.UnsafeDirectBufferTest" time="0"/>
  <testcase name="testSwappedLimit" classname="io.atomix.storage.buffer.UnsafeDirectBufferTest" time="0"/>
  <testcase name="testPosition" classname="io.atomix.storage.buffer.UnsafeDirectBufferTest" time="0"/>
  <testcase name="testSwappedReadWriter" classname="io.atomix.storage.buffer.UnsafeDirectBufferTest" time="0"/>
  <testcase name="testSliceWithLittleRemaining" classname="io.atomix.storage.buffer.UnsafeDirectBufferTest" time="0"/>
  <testcase name="testWriteReadUnsignedIntAbsolute" classname="io.atomix.storage.buffer.UnsafeDirectBufferTest" time="0"/>
  <testcase name="testWriteReadIntAbsolute" classname="io.atomix.storage.buffer.UnsafeDirectBufferTest" time="0"/>
  <testcase name="testWriteReadDoubleRelative" classname="io.atomix.storage.buffer.UnsafeDirectBufferTest" time="0"/>
  <testcase name="testSwappedSliceWithLittleRemaining" classname="io.atomix.storage.buffer.UnsafeDirectBufferTest" time="0"/>
  <testcase name="testSwappedWriteReadFloatRelative" classname="io.atomix.storage.buffer.UnsafeDirectBufferTest" time="0"/>
  <testcase name="testWriteReadUnsignedByteAbsolute" classname="io.atomix.storage.buffer.UnsafeDirectBufferTest" time="0"/>
  <testcase name="testWriteReadShortAbsolute" classname="io.atomix.storage.buffer.UnsafeDirectBufferTest" time="0"/>
  <testcase name="testSwappedWriteReadUnsignedIntRelative" classname="io.atomix.storage.buffer.UnsafeDirectBufferTest" time="0"/>
  <testcase name="testSwappedWriteReadByteAbsolute" classname="io.atomix.storage.buffer.UnsafeDirectBufferTest" time="0"/>
  <testcase name="testWriteIntThrowsBufferOverflowWithNoRemainingBytesRelative" classname="io.atomix.storage.buffer.UnsafeDirectBufferTest" time="0"/>
  <testcase name="testSwappedWriteReadIntAbsolute" classname="io.atomix.storage.buffer.UnsafeDirectBufferTest" time="0"/>
  <testcase name="testSwappedAbsoluteSlice" classname="io.atomix.storage.buffer.UnsafeDirectBufferTest" time="0"/>
  <testcase name="testReadIntThrowsBufferUnderflowWithNoRemainingBytesAbsolute" classname="io.atomix.storage.buffer.UnsafeDirectBufferTest" time="0"/>
</testsuite>