<?xml version="1.0" encoding="UTF-8"?>
<!-- Generated by org.testng.reporters.JUnitReportReporter -->
<testsuite name="marnikitta.concierge.paxos.PaxosTest" tests="3" time="10.555" ignored="0" failures="0" timestamp="09 Oct 2018 11:48:27 GMT" skipped="0" hostname="cyclone1" errors="0">
  <testcase name="testSimplePropose" time="0.188" classname="marnikitta.concierge.paxos.PaxosTest"/>
  <testcase name="testMajorityPropose" time="0.246" classname="marnikitta.concierge.paxos.PaxosTest"/>
  <testcase name="testMinorityPropose" time="10.121" classname="marnikitta.concierge.paxos.PaxosTest"/>
</testsuite> <!-- marnikitta.concierge.paxos.PaxosTest -->
