<?xml version="1.0" encoding="UTF-8"?>
<!-- Generated by org.testng.reporters.JUnitReportReporter -->
<testsuite hostname="cyclone1" name="org.modelmapper.guice.GuiceIntegrationTest" tests="1" failures="0" timestamp="26 May 2018 07:31:26 GMT" time="0.168" errors="0">
  <testcase name="testFromGuice" time="0.168" classname="org.modelmapper.guice.GuiceIntegrationTest"/>
</testsuite> <!-- org.modelmapper.guice.GuiceIntegrationTest -->
