<?xml version="1.0" encoding="UTF-8"?>
<testsuite xmlns:xsi="http://www.w3.org/2001/XMLSchema-instance" xsi:noNamespaceSchemaLocation="https://maven.apache.org/surefire/maven-surefire-plugin/xsd/surefire-test-report.xsd" name="io.enmasse.api.server.HTTPServerTest" time="6.376" tests="4" errors="0" skipped="0" failures="1">
  <properties>
    <property name="awt.toolkit" value="sun.awt.X11.XToolkit"/>
    <property name="file.encoding.pkg" value="sun.io"/>
    <property name="java.specification.version" value="1.8"/>
    <property name="sun.cpu.isalist" value=""/>
    <property name="sun.jnu.encoding" value="UTF-8"/>
    <property name="java.class.path" value="/root/workspace/EnMasseProject/enmasse/386630418/api-server/target/test-classes:/root/workspace/EnMasseProject/enmasse/386630418/api-server/target/classes:/root/workspace/EnMasseProject/enmasse/386630418/address-model-lib/target/classes:/root/workspace/EnMasseProject/enmasse/386630418/api-common/target/classes:/root/workspace/EnMasseProject/enmasse/386630418/amqp-utils/target/classes:/root/./workspace/EnMasseProject/enmasse/386630418/.m2/io/vertx/vertx-core/3.5.1/vertx-core-3.5.1.jar:/root/./workspace/EnMasseProject/enmasse/386630418/.m2/io/netty/netty-common/4.1.19.Final/netty-common-4.1.19.Final.jar:/root/./workspace/EnMasseProject/enmasse/386630418/.m2/io/netty/netty-buffer/4.1.19.Final/netty-buffer-4.1.19.Final.jar:/root/./workspace/EnMasseProject/enmasse/386630418/.m2/io/netty/netty-transport/4.1.19.Final/netty-transport-4.1.19.Final.jar:/root/./workspace/EnMasseProject/enmasse/386630418/.m2/io/netty/netty-handler/4.1.19.Final/netty-handler-4.1.19.Final.jar:/root/./workspace/EnMasseProject/enmasse/386630418/.m2/io/netty/netty-codec/4.1.19.Final/netty-codec-4.1.19.Final.jar:/root/./workspace/EnMasseProject/enmasse/386630418/.m2/io/netty/netty-handler-proxy/4.1.19.Final/netty-handler-proxy-4.1.19.Final.jar:/root/./workspace/EnMasseProject/enmasse/386630418/.m2/io/netty/netty-codec-socks/4.1.19.Final/netty-codec-socks-4.1.19.Final.jar:/root/./workspace/EnMasseProject/enmasse/386630418/.m2/io/netty/netty-codec-http/4.1.19.Final/netty-codec-http-4.1.19.Final.jar:/root/./workspace/EnMasseProject/enmasse/386630418/.m2/io/netty/netty-codec-http2/4.1.19.Final/netty-codec-http2-4.1.19.Final.jar:/root/./workspace/EnMasseProject/enmasse/386630418/.m2/io/netty/netty-resolver/4.1.19.Final/netty-resolver-4.1.19.Final.jar:/root/./workspace/EnMasseProject/enmasse/386630418/.m2/io/netty/netty-resolver-dns/4.1.19.Final/netty-resolver-dns-4.1.19.Final.jar:/root/./workspace/EnMasseProject/enmasse/386630418/.m2/io/netty/netty-codec-dns/4.1.19.Final/netty-codec-dns-4.1.19.Final.jar:/root/./workspace/EnMasseProject/enmasse/386630418/.m2/io/vertx/vertx-proton/3.5.1/vertx-proton-3.5.1.jar:/root/./workspace/EnMasseProject/enmasse/386630418/.m2/org/apache/qpid/proton-j/0.25.0/proton-j-0.25.0.jar:/root/./workspace/EnMasseProject/enmasse/386630418/.m2/io/vertx/vertx-codegen/3.5.1/vertx-codegen-3.5.1-processor.jar:/root/./workspace/EnMasseProject/enmasse/386630418/.m2/org/mvel/mvel2/2.3.1.Final/mvel2-2.3.1.Final.jar:/root/workspace/EnMasseProject/enmasse/386630418/k8s-api/target/classes:/root/./workspace/EnMasseProject/enmasse/386630418/.m2/io/fabric8/openshift-client/3.1.8/openshift-client-3.1.8.jar:/root/./workspace/EnMasseProject/enmasse/386630418/.m2/io/fabric8/kubernetes-client/3.1.8/kubernetes-client-3.1.8.jar:/root/./workspace/EnMasseProject/enmasse/386630418/.m2/io/fabric8/kubernetes-model/2.0.4/kubernetes-model-2.0.4.jar:/root/./workspace/EnMasseProject/enmasse/386630418/.m2/com/squareup/okhttp3/okhttp/3.9.1/okhttp-3.9.1.jar:/root/./workspace/EnMasseProject/enmasse/386630418/.m2/com/squareup/okio/okio/1.13.0/okio-1.13.0.jar:/root/./workspace/EnMasseProject/enmasse/386630418/.m2/com/squareup/okhttp3/logging-interceptor/3.9.1/logging-interceptor-3.9.1.jar:/root/./workspace/EnMasseProject/enmasse/386630418/.m2/org/slf4j/jul-to-slf4j/1.7.13/jul-to-slf4j-1.7.13.jar:/root/./workspace/EnMasseProject/enmasse/386630418/.m2/com/fasterxml/jackson/dataformat/jackson-dataformat-yaml/2.7.7/jackson-dataformat-yaml-2.7.7.jar:/root/./workspace/EnMasseProject/enmasse/386630418/.m2/org/yaml/snakeyaml/1.15/snakeyaml-1.15.jar:/root/./workspace/EnMasseProject/enmasse/386630418/.m2/io/fabric8/zjsonpatch/0.3.0/zjsonpatch-0.3.0.jar:/root/./workspace/EnMasseProject/enmasse/386630418/.m2/com/github/mifmif/generex/1.0.1/generex-1.0.1.jar:/root/./workspace/EnMasseProject/enmasse/386630418/.m2/dk/brics/automaton/automaton/1.11-8/automaton-1.11-8.jar:/root/./workspace/EnMasseProject/enmasse/386630418/.m2/org/slf4j/slf4j-api/1.7.21/slf4j-api-1.7.21.jar:/root/./workspace/EnMasseProject/enmasse/386630418/.m2/org/slf4j/slf4j-log4j12/1.7.21/slf4j-log4j12-1.7.21.jar:/root/./workspace/EnMasseProject/enmasse/386630418/.m2/log4j/log4j/1.2.17/log4j-1.2.17.jar:/root/./workspace/EnMasseProject/enmasse/386630418/.m2/com/fasterxml/jackson/core/jackson-core/2.9.2/jackson-core-2.9.2.jar:/root/./workspace/EnMasseProject/enmasse/386630418/.m2/com/fasterxml/jackson/core/jackson-databind/2.9.2/jackson-databind-2.9.2.jar:/root/./workspace/EnMasseProject/enmasse/386630418/.m2/com/fasterxml/jackson/core/jackson-annotations/2.9.0/jackson-annotations-2.9.0.jar:/root/./workspace/EnMasseProject/enmasse/386630418/.m2/com/fasterxml/jackson/module/jackson-module-jsonSchema/2.9.2/jackson-module-jsonSchema-2.9.2.jar:/root/./workspace/EnMasseProject/enmasse/386630418/.m2/javax/validation/validation-api/1.1.0.Final/validation-api-1.1.0.Final.jar:/root/./workspace/EnMasseProject/enmasse/386630418/.m2/org/jboss/resteasy/resteasy-jackson2-provider/3.1.0.Final/resteasy-jackson2-provider-3.1.0.Final.jar:/root/./workspace/EnMasseProject/enmasse/386630418/.m2/com/fasterxml/jackson/jaxrs/jackson-jaxrs-json-provider/2.8.3/jackson-jaxrs-json-provider-2.8.3.jar:/root/./workspace/EnMasseProject/enmasse/386630418/.m2/com/fasterxml/jackson/jaxrs/jackson-jaxrs-base/2.8.3/jackson-jaxrs-base-2.8.3.jar:/root/./workspace/EnMasseProject/enmasse/386630418/.m2/com/fasterxml/jackson/module/jackson-module-jaxb-annotations/2.8.3/jackson-module-jaxb-annotations-2.8.3.jar:/root/./workspace/EnMasseProject/enmasse/386630418/.m2/org/jboss/resteasy/resteasy-vertx/3.1.0.Final/resteasy-vertx-3.1.0.Final.jar:/root/./workspace/EnMasseProject/enmasse/386630418/.m2/org/jboss/resteasy/resteasy-jaxrs/3.1.0.Final/resteasy-jaxrs-3.1.0.Final.jar:/root/./workspace/EnMasseProject/enmasse/386630418/.m2/org/jboss/spec/javax/ws/rs/jboss-jaxrs-api_2.0_spec/1.0.1.Beta1/jboss-jaxrs-api_2.0_spec-1.0.1.Beta1.jar:/root/./workspace/EnMasseProject/enmasse/386630418/.m2/org/jboss/resteasy/resteasy-jaxrs-services/3.1.0.Final/resteasy-jaxrs-services-3.1.0.Final.jar:/root/./workspace/EnMasseProject/enmasse/386630418/.m2/org/jboss/spec/javax/annotation/jboss-annotations-api_1.2_spec/1.0.0.Final/jboss-annotations-api_1.2_spec-1.0.0.Final.jar:/root/./workspace/EnMasseProject/enmasse/386630418/.m2/javax/activation/activation/1.1.1/activation-1.1.1.jar:/root/./workspace/EnMasseProject/enmasse/386630418/.m2/org/apache/httpcomponents/httpclient/4.5.2/httpclient-4.5.2.jar:/root/./workspace/EnMasseProject/enmasse/386630418/.m2/org/apache/httpcomponents/httpcore/4.4.4/httpcore-4.4.4.jar:/root/./workspace/EnMasseProject/enmasse/386630418/.m2/commons-logging/commons-logging/1.2/commons-logging-1.2.jar:/root/./workspace/EnMasseProject/enmasse/386630418/.m2/commons-codec/commons-codec/1.9/commons-codec-1.9.jar:/root/./workspace/EnMasseProject/enmasse/386630418/.m2/commons-io/commons-io/2.5/commons-io-2.5.jar:/root/./workspace/EnMasseProject/enmasse/386630418/.m2/net/jcip/jcip-annotations/1.0/jcip-annotations-1.0.jar:/root/./workspace/EnMasseProject/enmasse/386630418/.m2/org/jboss/resteasy/resteasy-client/3.1.0.Final/resteasy-client-3.1.0.Final.jar:/root/./workspace/EnMasseProject/enmasse/386630418/.m2/org/jboss/logging/jboss-logging/3.3.0.Final/jboss-logging-3.3.0.Final.jar:/root/./workspace/EnMasseProject/enmasse/386630418/.m2/org/junit/jupiter/junit-jupiter-api/5.1.0/junit-jupiter-api-5.1.0.jar:/root/./workspace/EnMasseProject/enmasse/386630418/.m2/org/apiguardian/apiguardian-api/1.0.0/apiguardian-api-1.0.0.jar:/root/./workspace/EnMasseProject/enmasse/386630418/.m2/org/opentest4j/opentest4j/1.0.0/opentest4j-1.0.0.jar:/root/./workspace/EnMasseProject/enmasse/386630418/.m2/org/junit/platform/junit-platform-commons/1.1.0/junit-platform-commons-1.1.0.jar:/root/./workspace/EnMasseProject/enmasse/386630418/.m2/junit/junit/4.12/junit-4.12.jar:/root/./workspace/EnMasseProject/enmasse/386630418/.m2/org/hamcrest/hamcrest-core/1.3/hamcrest-core-1.3.jar:/root/./workspace/EnMasseProject/enmasse/386630418/.m2/org/junit/jupiter/junit-jupiter-engine/5.1.0/junit-jupiter-engine-5.1.0.jar:/root/./workspace/EnMasseProject/enmasse/386630418/.m2/org/junit/platform/junit-platform-engine/1.1.0/junit-platform-engine-1.1.0.jar:/root/./workspace/EnMasseProject/enmasse/386630418/.m2/org/junit/vintage/junit-vintage-engine/5.1.0/junit-vintage-engine-5.1.0.jar:/root/./workspace/EnMasseProject/enmasse/386630418/.m2/org/junit/platform/junit-platform-launcher/1.1.0/junit-platform-launcher-1.1.0.jar:/root/./workspace/EnMasseProject/enmasse/386630418/.m2/io/vertx/vertx-unit/3.5.1/vertx-unit-3.5.1.jar:/root/./workspace/EnMasseProject/enmasse/386630418/.m2/org/mockito/mockito-core/2.0.52-beta/mockito-core-2.0.52-beta.jar:/root/./workspace/EnMasseProject/enmasse/386630418/.m2/net/bytebuddy/byte-buddy/1.3.16/byte-buddy-1.3.16.jar:/root/./workspace/EnMasseProject/enmasse/386630418/.m2/org/objenesis/objenesis/2.1/objenesis-2.1.jar:/root/workspace/EnMasseProject/enmasse/386630418/k8s-api-testutil/target/classes:/root/./workspace/EnMasseProject/enmasse/386630418/.m2/io/fabric8/kubernetes-server-mock/3.1.8/kubernetes-server-mock-3.1.8.jar:/root/./workspace/EnMasseProject/enmasse/386630418/.m2/io/fabric8/mockwebserver/0.1.0/mockwebserver-0.1.0.jar:/root/./workspace/EnMasseProject/enmasse/386630418/.m2/com/squareup/okhttp3/mockwebserver/3.9.0/mockwebserver-3.9.0.jar:/root/./workspace/EnMasseProject/enmasse/386630418/.m2/org/bouncycastle/bcprov-jdk15on/1.50/bcprov-jdk15on-1.50.jar:/root/./workspace/EnMasseProject/enmasse/386630418/.m2/io/sundr/builder-annotations/0.2.7/builder-annotations-0.2.7.jar:/root/./workspace/EnMasseProject/enmasse/386630418/.m2/io/sundr/sundr-core/0.2.7/sundr-core-0.2.7.jar:/root/./workspace/EnMasseProject/enmasse/386630418/.m2/io/sundr/sundr-codegen/0.2.7/sundr-codegen-0.2.7.jar:/root/./workspace/EnMasseProject/enmasse/386630418/.m2/org/apache/velocity/velocity/1.7/velocity-1.7.jar:/root/./workspace/EnMasseProject/enmasse/386630418/.m2/commons-collections/commons-collections/3.2.1/commons-collections-3.2.1.jar:/root/./workspace/EnMasseProject/enmasse/386630418/.m2/commons-lang/commons-lang/2.4/commons-lang-2.4.jar:/usr/lib/jvm/java-8-openjdk-amd64/jre/../lib/tools.jar:"/>
    <property name="java.vm.vendor" value="Oracle Corporation"/>
    <property name="skip.bower" value="true"/>
    <property name="sun.arch.data.model" value="64"/>
    <property name="java.vendor.url" value="http://java.oracle.com/"/>
    <property name="user.timezone" value=""/>
    <property name="java.vm.specification.version" value="1.8"/>
    <property name="os.name" value="Linux"/>
    <property name="rat.skip" value="true"/>
    <property name="gpg.skip" value="true"/>
    <property name="sun.java.launcher" value="SUN_STANDARD"/>
    <property name="sun.boot.library.path" value="/usr/lib/jvm/java-8-openjdk-amd64/jre/lib/amd64"/>
    <property name="skip.gulp" value="true"/>
    <property name="sun.java.command" value="/root/workspace/EnMasseProject/enmasse/386630418/api-server/target/surefire/surefirebooter2260543665338635502.jar /root/workspace/EnMasseProject/enmasse/386630418/api-server/target/surefire 2018-06-01T14-31-35_709-jvmRun1 surefire1497609924275161372tmp surefire_91274405264691809672tmp"/>
    <property name="dependency-check.skip" value="true"/>
    <property name="surefire.test.class.path" value="/root/workspace/EnMasseProject/enmasse/386630418/api-server/target/test-classes:/root/workspace/EnMasseProject/enmasse/386630418/api-server/target/classes:/root/workspace/EnMasseProject/enmasse/386630418/address-model-lib/target/classes:/root/workspace/EnMasseProject/enmasse/386630418/api-common/target/classes:/root/workspace/EnMasseProject/enmasse/386630418/amqp-utils/target/classes:/root/./workspace/EnMasseProject/enmasse/386630418/.m2/io/vertx/vertx-core/3.5.1/vertx-core-3.5.1.jar:/root/./workspace/EnMasseProject/enmasse/386630418/.m2/io/netty/netty-common/4.1.19.Final/netty-common-4.1.19.Final.jar:/root/./workspace/EnMasseProject/enmasse/386630418/.m2/io/netty/netty-buffer/4.1.19.Final/netty-buffer-4.1.19.Final.jar:/root/./workspace/EnMasseProject/enmasse/386630418/.m2/io/netty/netty-transport/4.1.19.Final/netty-transport-4.1.19.Final.jar:/root/./workspace/EnMasseProject/enmasse/386630418/.m2/io/netty/netty-handler/4.1.19.Final/netty-handler-4.1.19.Final.jar:/root/./workspace/EnMasseProject/enmasse/386630418/.m2/io/netty/netty-codec/4.1.19.Final/netty-codec-4.1.19.Final.jar:/root/./workspace/EnMasseProject/enmasse/386630418/.m2/io/netty/netty-handler-proxy/4.1.19.Final/netty-handler-proxy-4.1.19.Final.jar:/root/./workspace/EnMasseProject/enmasse/386630418/.m2/io/netty/netty-codec-socks/4.1.19.Final/netty-codec-socks-4.1.19.Final.jar:/root/./workspace/EnMasseProject/enmasse/386630418/.m2/io/netty/netty-codec-http/4.1.19.Final/netty-codec-http-4.1.19.Final.jar:/root/./workspace/EnMasseProject/enmasse/386630418/.m2/io/netty/netty-codec-http2/4.1.19.Final/netty-codec-http2-4.1.19.Final.jar:/root/./workspace/EnMasseProject/enmasse/386630418/.m2/io/netty/netty-resolver/4.1.19.Final/netty-resolver-4.1.19.Final.jar:/root/./workspace/EnMasseProject/enmasse/386630418/.m2/io/netty/netty-resolver-dns/4.1.19.Final/netty-resolver-dns-4.1.19.Final.jar:/root/./workspace/EnMasseProject/enmasse/386630418/.m2/io/netty/netty-codec-dns/4.1.19.Final/netty-codec-dns-4.1.19.Final.jar:/root/./workspace/EnMasseProject/enmasse/386630418/.m2/io/vertx/vertx-proton/3.5.1/vertx-proton-3.5.1.jar:/root/./workspace/EnMasseProject/enmasse/386630418/.m2/org/apache/qpid/proton-j/0.25.0/proton-j-0.25.0.jar:/root/./workspace/EnMasseProject/enmasse/386630418/.m2/io/vertx/vertx-codegen/3.5.1/vertx-codegen-3.5.1-processor.jar:/root/./workspace/EnMasseProject/enmasse/386630418/.m2/org/mvel/mvel2/2.3.1.Final/mvel2-2.3.1.Final.jar:/root/workspace/EnMasseProject/enmasse/386630418/k8s-api/target/classes:/root/./workspace/EnMasseProject/enmasse/386630418/.m2/io/fabric8/openshift-client/3.1.8/openshift-client-3.1.8.jar:/root/./workspace/EnMasseProject/enmasse/386630418/.m2/io/fabric8/kubernetes-client/3.1.8/kubernetes-client-3.1.8.jar:/root/./workspace/EnMasseProject/enmasse/386630418/.m2/io/fabric8/kubernetes-model/2.0.4/kubernetes-model-2.0.4.jar:/root/./workspace/EnMasseProject/enmasse/386630418/.m2/com/squareup/okhttp3/okhttp/3.9.1/okhttp-3.9.1.jar:/root/./workspace/EnMasseProject/enmasse/386630418/.m2/com/squareup/okio/okio/1.13.0/okio-1.13.0.jar:/root/./workspace/EnMasseProject/enmasse/386630418/.m2/com/squareup/okhttp3/logging-interceptor/3.9.1/logging-interceptor-3.9.1.jar:/root/./workspace/EnMasseProject/enmasse/386630418/.m2/org/slf4j/jul-to-slf4j/1.7.13/jul-to-slf4j-1.7.13.jar:/root/./workspace/EnMasseProject/enmasse/386630418/.m2/com/fasterxml/jackson/dataformat/jackson-dataformat-yaml/2.7.7/jackson-dataformat-yaml-2.7.7.jar:/root/./workspace/EnMasseProject/enmasse/386630418/.m2/org/yaml/snakeyaml/1.15/snakeyaml-1.15.jar:/root/./workspace/EnMasseProject/enmasse/386630418/.m2/io/fabric8/zjsonpatch/0.3.0/zjsonpatch-0.3.0.jar:/root/./workspace/EnMasseProject/enmasse/386630418/.m2/com/github/mifmif/generex/1.0.1/generex-1.0.1.jar:/root/./workspace/EnMasseProject/enmasse/386630418/.m2/dk/brics/automaton/automaton/1.11-8/automaton-1.11-8.jar:/root/./workspace/EnMasseProject/enmasse/386630418/.m2/org/slf4j/slf4j-api/1.7.21/slf4j-api-1.7.21.jar:/root/./workspace/EnMasseProject/enmasse/386630418/.m2/org/slf4j/slf4j-log4j12/1.7.21/slf4j-log4j12-1.7.21.jar:/root/./workspace/EnMasseProject/enmasse/386630418/.m2/log4j/log4j/1.2.17/log4j-1.2.17.jar:/root/./workspace/EnMasseProject/enmasse/386630418/.m2/com/fasterxml/jackson/core/jackson-core/2.9.2/jackson-core-2.9.2.jar:/root/./workspace/EnMasseProject/enmasse/386630418/.m2/com/fasterxml/jackson/core/jackson-databind/2.9.2/jackson-databind-2.9.2.jar:/root/./workspace/EnMasseProject/enmasse/386630418/.m2/com/fasterxml/jackson/core/jackson-annotations/2.9.0/jackson-annotations-2.9.0.jar:/root/./workspace/EnMasseProject/enmasse/386630418/.m2/com/fasterxml/jackson/module/jackson-module-jsonSchema/2.9.2/jackson-module-jsonSchema-2.9.2.jar:/root/./workspace/EnMasseProject/enmasse/386630418/.m2/javax/validation/validation-api/1.1.0.Final/validation-api-1.1.0.Final.jar:/root/./workspace/EnMasseProject/enmasse/386630418/.m2/org/jboss/resteasy/resteasy-jackson2-provider/3.1.0.Final/resteasy-jackson2-provider-3.1.0.Final.jar:/root/./workspace/EnMasseProject/enmasse/386630418/.m2/com/fasterxml/jackson/jaxrs/jackson-jaxrs-json-provider/2.8.3/jackson-jaxrs-json-provider-2.8.3.jar:/root/./workspace/EnMasseProject/enmasse/386630418/.m2/com/fasterxml/jackson/jaxrs/jackson-jaxrs-base/2.8.3/jackson-jaxrs-base-2.8.3.jar:/root/./workspace/EnMasseProject/enmasse/386630418/.m2/com/fasterxml/jackson/module/jackson-module-jaxb-annotations/2.8.3/jackson-module-jaxb-annotations-2.8.3.jar:/root/./workspace/EnMasseProject/enmasse/386630418/.m2/org/jboss/resteasy/resteasy-vertx/3.1.0.Final/resteasy-vertx-3.1.0.Final.jar:/root/./workspace/EnMasseProject/enmasse/386630418/.m2/org/jboss/resteasy/resteasy-jaxrs/3.1.0.Final/resteasy-jaxrs-3.1.0.Final.jar:/root/./workspace/EnMasseProject/enmasse/386630418/.m2/org/jboss/spec/javax/ws/rs/jboss-jaxrs-api_2.0_spec/1.0.1.Beta1/jboss-jaxrs-api_2.0_spec-1.0.1.Beta1.jar:/root/./workspace/EnMasseProject/enmasse/386630418/.m2/org/jboss/resteasy/resteasy-jaxrs-services/3.1.0.Final/resteasy-jaxrs-services-3.1.0.Final.jar:/root/./workspace/EnMasseProject/enmasse/386630418/.m2/org/jboss/spec/javax/annotation/jboss-annotations-api_1.2_spec/1.0.0.Final/jboss-annotations-api_1.2_spec-1.0.0.Final.jar:/root/./workspace/EnMasseProject/enmasse/386630418/.m2/javax/activation/activation/1.1.1/activation-1.1.1.jar:/root/./workspace/EnMasseProject/enmasse/386630418/.m2/org/apache/httpcomponents/httpclient/4.5.2/httpclient-4.5.2.jar:/root/./workspace/EnMasseProject/enmasse/386630418/.m2/org/apache/httpcomponents/httpcore/4.4.4/httpcore-4.4.4.jar:/root/./workspace/EnMasseProject/enmasse/386630418/.m2/commons-logging/commons-logging/1.2/commons-logging-1.2.jar:/root/./workspace/EnMasseProject/enmasse/386630418/.m2/commons-codec/commons-codec/1.9/commons-codec-1.9.jar:/root/./workspace/EnMasseProject/enmasse/386630418/.m2/commons-io/commons-io/2.5/commons-io-2.5.jar:/root/./workspace/EnMasseProject/enmasse/386630418/.m2/net/jcip/jcip-annotations/1.0/jcip-annotations-1.0.jar:/root/./workspace/EnMasseProject/enmasse/386630418/.m2/org/jboss/resteasy/resteasy-client/3.1.0.Final/resteasy-client-3.1.0.Final.jar:/root/./workspace/EnMasseProject/enmasse/386630418/.m2/org/jboss/logging/jboss-logging/3.3.0.Final/jboss-logging-3.3.0.Final.jar:/root/./workspace/EnMasseProject/enmasse/386630418/.m2/org/junit/jupiter/junit-jupiter-api/5.1.0/junit-jupiter-api-5.1.0.jar:/root/./workspace/EnMasseProject/enmasse/386630418/.m2/org/apiguardian/apiguardian-api/1.0.0/apiguardian-api-1.0.0.jar:/root/./workspace/EnMasseProject/enmasse/386630418/.m2/org/opentest4j/opentest4j/1.0.0/opentest4j-1.0.0.jar:/root/./workspace/EnMasseProject/enmasse/386630418/.m2/org/junit/platform/junit-platform-commons/1.1.0/junit-platform-commons-1.1.0.jar:/root/./workspace/EnMasseProject/enmasse/386630418/.m2/junit/junit/4.12/junit-4.12.jar:/root/./workspace/EnMasseProject/enmasse/386630418/.m2/org/hamcrest/hamcrest-core/1.3/hamcrest-core-1.3.jar:/root/./workspace/EnMasseProject/enmasse/386630418/.m2/org/junit/jupiter/junit-jupiter-engine/5.1.0/junit-jupiter-engine-5.1.0.jar:/root/./workspace/EnMasseProject/enmasse/386630418/.m2/org/junit/platform/junit-platform-engine/1.1.0/junit-platform-engine-1.1.0.jar:/root/./workspace/EnMasseProject/enmasse/386630418/.m2/org/junit/vintage/junit-vintage-engine/5.1.0/junit-vintage-engine-5.1.0.jar:/root/./workspace/EnMasseProject/enmasse/386630418/.m2/org/junit/platform/junit-platform-launcher/1.1.0/junit-platform-launcher-1.1.0.jar:/root/./workspace/EnMasseProject/enmasse/386630418/.m2/io/vertx/vertx-unit/3.5.1/vertx-unit-3.5.1.jar:/root/./workspace/EnMasseProject/enmasse/386630418/.m2/org/mockito/mockito-core/2.0.52-beta/mockito-core-2.0.52-beta.jar:/root/./workspace/EnMasseProject/enmasse/386630418/.m2/net/bytebuddy/byte-buddy/1.3.16/byte-buddy-1.3.16.jar:/root/./workspace/EnMasseProject/enmasse/386630418/.m2/org/objenesis/objenesis/2.1/objenesis-2.1.jar:/root/workspace/EnMasseProject/enmasse/386630418/k8s-api-testutil/target/classes:/root/./workspace/EnMasseProject/enmasse/386630418/.m2/io/fabric8/kubernetes-server-mock/3.1.8/kubernetes-server-mock-3.1.8.jar:/root/./workspace/EnMasseProject/enmasse/386630418/.m2/io/fabric8/mockwebserver/0.1.0/mockwebserver-0.1.0.jar:/root/./workspace/EnMasseProject/enmasse/386630418/.m2/com/squareup/okhttp3/mockwebserver/3.9.0/mockwebserver-3.9.0.jar:/root/./workspace/EnMasseProject/enmasse/386630418/.m2/org/bouncycastle/bcprov-jdk15on/1.50/bcprov-jdk15on-1.50.jar:/root/./workspace/EnMasseProject/enmasse/386630418/.m2/io/sundr/builder-annotations/0.2.7/builder-annotations-0.2.7.jar:/root/./workspace/EnMasseProject/enmasse/386630418/.m2/io/sundr/sundr-core/0.2.7/sundr-core-0.2.7.jar:/root/./workspace/EnMasseProject/enmasse/386630418/.m2/io/sundr/sundr-codegen/0.2.7/sundr-codegen-0.2.7.jar:/root/./workspace/EnMasseProject/enmasse/386630418/.m2/org/apache/velocity/velocity/1.7/velocity-1.7.jar:/root/./workspace/EnMasseProject/enmasse/386630418/.m2/commons-collections/commons-collections/3.2.1/commons-collections-3.2.1.jar:/root/./workspace/EnMasseProject/enmasse/386630418/.m2/commons-lang/commons-lang/2.4/commons-lang-2.4.jar:/usr/lib/jvm/java-8-openjdk-amd64/jre/../lib/tools.jar:"/>
    <property name="sun.cpu.endian" value="little"/>
    <property name="user.home" value="/root"/>
    <property name="user.language" value="en"/>
    <property name="java.specification.vendor" value="Oracle Corporation"/>
    <property name="java.home" value="/usr/lib/jvm/java-8-openjdk-amd64/jre"/>
    <property name="basedir" value="/root/workspace/EnMasseProject/enmasse/386630418/api-server"/>
    <property name="file.separator" value="/"/>
    <property name="checkstyle.skip" value="true"/>
    <property name="line.separator" value="&#10;"/>
    <property name="skip.npm" value="true"/>
    <property name="java.vm.specification.vendor" value="Oracle Corporation"/>
    <property name="java.specification.name" value="Java Platform API Specification"/>
    <property name="java.awt.graphicsenv" value="sun.awt.X11GraphicsEnvironment"/>
    <property name="skipITs" value="true"/>
    <property name="surefire.real.class.path" value="/root/workspace/EnMasseProject/enmasse/386630418/api-server/target/surefire/surefirebooter2260543665338635502.jar"/>
    <property name="cobertura.skip" value="true"/>
    <property name="sun.boot.class.path" value="/usr/lib/jvm/java-8-openjdk-amd64/jre/lib/resources.jar:/usr/lib/jvm/java-8-openjdk-amd64/jre/lib/rt.jar:/usr/lib/jvm/java-8-openjdk-amd64/jre/lib/sunrsasign.jar:/usr/lib/jvm/java-8-openjdk-amd64/jre/lib/jsse.jar:/usr/lib/jvm/java-8-openjdk-amd64/jre/lib/jce.jar:/usr/lib/jvm/java-8-openjdk-amd64/jre/lib/charsets.jar:/usr/lib/jvm/java-8-openjdk-amd64/jre/lib/jfr.jar:/usr/lib/jvm/java-8-openjdk-amd64/jre/classes"/>
    <property name="sun.management.compiler" value="HotSpot 64-Bit Tiered Compilers"/>
    <property name="java.runtime.version" value="1.8.0_121-8u121-b13-1~bpo8+1-b13"/>
    <property name="user.name" value="root"/>
    <property name="findbugs.skip" value="true"/>
    <property name="path.separator" value=":"/>
    <property name="os.version" value="3.10.0-862.3.2.el7.x86_64"/>
    <property name="java.endorsed.dirs" value="/usr/lib/jvm/java-8-openjdk-amd64/jre/lib/endorsed"/>
    <property name="java.runtime.name" value="OpenJDK Runtime Environment"/>
    <property name="file.encoding" value="UTF-8"/>
    <property name="java.vm.name" value="OpenJDK 64-Bit Server VM"/>
    <property name="localRepository" value="/root/./workspace/EnMasseProject/enmasse/386630418/.m2"/>
    <property name="java.vendor.url.bug" value="http://bugreport.sun.com/bugreport/"/>
    <property name="java.io.tmpdir" value="/tmp"/>
    <property name="java.version" value="1.8.0_121"/>
    <property name="user.dir" value="/root/workspace/EnMasseProject/enmasse/386630418/api-server"/>
    <property name="os.arch" value="amd64"/>
    <property name="license.skip" value="true"/>
    <property name="java.vm.specification.name" value="Java Virtual Machine Specification"/>
    <property name="java.awt.printerjob" value="sun.print.PSPrinterJob"/>
    <property name="sun.os.patch.level" value="unknown"/>
    <property name="java.library.path" value="/usr/java/packages/lib/amd64:/usr/lib/x86_64-linux-gnu/jni:/lib/x86_64-linux-gnu:/usr/lib/x86_64-linux-gnu:/usr/lib/jni:/lib:/usr/lib"/>
    <property name="java.vm.info" value="mixed mode"/>
    <property name="java.vendor" value="Oracle Corporation"/>
    <property name="java.vm.version" value="25.121-b13"/>
    <property name="java.ext.dirs" value="/usr/lib/jvm/java-8-openjdk-amd64/jre/lib/ext:/usr/java/packages/lib/ext"/>
    <property name="sun.io.unicode.encoding" value="UnicodeLittle"/>
    <property name="maven.repo.local" value="/root/./workspace/EnMasseProject/enmasse/386630418/.m2"/>
    <property name="enforcer.skip" value="true"/>
    <property name="java.class.version" value="52.0"/>
  </properties>
  <testcase name="testOpenApiSpec" classname="io.enmasse.api.server.HTTPServerTest" time="4.532"/>
  <testcase name="testSchemaApi" classname="io.enmasse.api.server.HTTPServerTest" time="0.621"/>
  <testcase name="testAddressingApi" classname="io.enmasse.api.server.HTTPServerTest" time="0.623">
    <failure message="Expected true" type="java.lang.AssertionError">java.lang.AssertionError: Expected true
	at io.enmasse.api.server.HTTPServerTest.lambda$null$2(HTTPServerTest.java:106)
</failure>
    <system-out><![CDATA[2018-06-01 14:33:14 INFO  HTTPServer:74 - Disabling authentication and authorization for REST API
2018-06-01 14:33:14 INFO  HTTPServer:163 - Started HTTP server. Listening on port 8080
2018-06-01 14:33:14 INFO  DefaultExceptionMapper:53 - Returning client error HTTP status 400: Address name 'addr1' does not contain valid separator (.) to identify address space
2018-06-01 14:33:14 INFO  DefaultExceptionMapper:53 - Returning client error HTTP status 404: RESTEASY003210: Could not find resource for full path: http://localhost:8080/apis/enmasse.io/v1alpha1/addresses/myinstance?address=addr1
{"apiVersion":"v1","kind":"Status","status":"Failure","code":400,"reason":"Bad Request","message":"Address name 'addr1' does not contain valid separator (.) to identify address space"}
2018-06-01 14:33:14 ERROR i18n:72 - RESTEASY019525: Unexpected
org.jboss.resteasy.spi.UnhandledException: org.jboss.resteasy.core.NoMessageBodyWriterFoundFailure: Could not find MessageBodyWriter for response object of type: io.enmasse.api.common.ErrorResponse of media type: application/octet-stream
	at org.jboss.resteasy.core.SynchronousDispatcher.writeException(SynchronousDispatcher.java:183)
	at org.jboss.resteasy.core.SynchronousDispatcher.invoke(SynchronousDispatcher.java:202)
	at org.jboss.resteasy.plugins.server.vertx.RequestDispatcher.service(RequestDispatcher.java:93)
	at org.jboss.resteasy.plugins.server.vertx.VertxRequestHandler.lambda$handle$0(VertxRequestHandler.java:65)
	at io.vertx.core.http.HttpServerRequest.lambda$bodyHandler$0(HttpServerRequest.java:209)
	at io.vertx.core.http.impl.HttpServerRequestImpl.handleEnd(HttpServerRequestImpl.java:417)
	at io.vertx.core.http.impl.Http1xServerConnection.handleLastHttpContent(Http1xServerConnection.java:462)
	at io.vertx.core.http.impl.Http1xServerConnection.processMessage(Http1xServerConnection.java:435)
	at io.vertx.core.http.impl.Http1xServerConnection.handleMessage(Http1xServerConnection.java:141)
	at io.vertx.core.http.impl.HttpServerImpl$ServerHandlerWithWebSockets.handleMessage(HttpServerImpl.java:728)
	at io.vertx.core.http.impl.HttpServerImpl$ServerHandlerWithWebSockets.handleMessage(HttpServerImpl.java:636)
	at io.vertx.core.net.impl.VertxHandler.lambda$channelRead$1(VertxHandler.java:146)
	at io.vertx.core.impl.ContextImpl.lambda$wrapTask$2(ContextImpl.java:337)
	at io.vertx.core.impl.ContextImpl.executeFromIO(ContextImpl.java:195)
	at io.vertx.core.net.impl.VertxHandler.channelRead(VertxHandler.java:144)
	at io.netty.channel.AbstractChannelHandlerContext.invokeChannelRead(AbstractChannelHandlerContext.java:362)
	at io.netty.channel.AbstractChannelHandlerContext.invokeChannelRead(AbstractChannelHandlerContext.java:348)
	at io.netty.channel.AbstractChannelHandlerContext.fireChannelRead(AbstractChannelHandlerContext.java:340)
	at io.netty.handler.codec.ByteToMessageDecoder.fireChannelRead(ByteToMessageDecoder.java:310)
	at io.netty.handler.codec.ByteToMessageDecoder.channelRead(ByteToMessageDecoder.java:284)
	at io.netty.channel.AbstractChannelHandlerContext.invokeChannelRead(AbstractChannelHandlerContext.java:362)
	at io.netty.channel.AbstractChannelHandlerContext.invokeChannelRead(AbstractChannelHandlerContext.java:348)
	at io.netty.channel.AbstractChannelHandlerContext.fireChannelRead(AbstractChannelHandlerContext.java:340)
	at io.vertx.core.http.impl.Http1xOrH2CHandler.end(Http1xOrH2CHandler.java:60)
	at io.vertx.core.http.impl.Http1xOrH2CHandler.channelRead(Http1xOrH2CHandler.java:38)
	at io.netty.channel.AbstractChannelHandlerContext.invokeChannelRead(AbstractChannelHandlerContext.java:362)
	at io.netty.channel.AbstractChannelHandlerContext.invokeChannelRead(AbstractChannelHandlerContext.java:348)
	at io.netty.channel.AbstractChannelHandlerContext.fireChannelRead(AbstractChannelHandlerContext.java:340)
	at io.netty.channel.DefaultChannelPipeline$HeadContext.channelRead(DefaultChannelPipeline.java:1359)
	at io.netty.channel.AbstractChannelHandlerContext.invokeChannelRead(AbstractChannelHandlerContext.java:362)
	at io.netty.channel.AbstractChannelHandlerContext.invokeChannelRead(AbstractChannelHandlerContext.java:348)
	at io.netty.channel.DefaultChannelPipeline.fireChannelRead(DefaultChannelPipeline.java:935)
	at io.netty.channel.nio.AbstractNioByteChannel$NioByteUnsafe.read(AbstractNioByteChannel.java:141)
	at io.netty.channel.nio.NioEventLoop.processSelectedKey(NioEventLoop.java:645)
	at io.netty.channel.nio.NioEventLoop.processSelectedKeysOptimized(NioEventLoop.java:580)
	at io.netty.channel.nio.NioEventLoop.processSelectedKeys(NioEventLoop.java:497)
	at io.netty.channel.nio.NioEventLoop.run(NioEventLoop.java:459)
	at io.netty.util.concurrent.SingleThreadEventExecutor$5.run(SingleThreadEventExecutor.java:886)
	at io.netty.util.concurrent.FastThreadLocalRunnable.run(FastThreadLocalRunnable.java:30)
	at java.lang.Thread.run(Thread.java:745)
Caused by: org.jboss.resteasy.core.NoMessageBodyWriterFoundFailure: Could not find MessageBodyWriter for response object of type: io.enmasse.api.common.ErrorResponse of media type: application/octet-stream
	at org.jboss.resteasy.core.ServerResponseWriter.writeNomapResponse(ServerResponseWriter.java:69)
	at org.jboss.resteasy.core.SynchronousDispatcher.writeException(SynchronousDispatcher.java:179)
	... 39 more
2018-06-01 14:33:14 INFO  DefaultExceptionMapper:53 - Returning client error HTTP status 404: RESTEASY003210: Could not find resource for full path: http://localhost:8080/apis/enmasse.io/v1alpha1/addresses/myinstance
2018-06-01 14:33:14 ERROR i18n:72 - RESTEASY019525: Unexpected
org.jboss.resteasy.spi.UnhandledException: org.jboss.resteasy.core.NoMessageBodyWriterFoundFailure: Could not find MessageBodyWriter for response object of type: io.enmasse.api.common.ErrorResponse of media type: application/octet-stream
	at org.jboss.resteasy.core.SynchronousDispatcher.writeException(SynchronousDispatcher.java:183)
	at org.jboss.resteasy.core.SynchronousDispatcher.invoke(SynchronousDispatcher.java:202)
	at org.jboss.resteasy.plugins.server.vertx.RequestDispatcher.service(RequestDispatcher.java:93)
	at org.jboss.resteasy.plugins.server.vertx.VertxRequestHandler.lambda$handle$0(VertxRequestHandler.java:65)
	at io.vertx.core.http.HttpServerRequest.lambda$bodyHandler$0(HttpServerRequest.java:209)
	at io.vertx.core.http.impl.HttpServerRequestImpl.handleEnd(HttpServerRequestImpl.java:417)
	at io.vertx.core.http.impl.Http1xServerConnection.handleLastHttpContent(Http1xServerConnection.java:462)
	at io.vertx.core.http.impl.Http1xServerConnection.handleContent(Http1xServerConnection.java:457)
	at io.vertx.core.http.impl.Http1xServerConnection.processMessage(Http1xServerConnection.java:437)
	at io.vertx.core.http.impl.Http1xServerConnection.handleMessage(Http1xServerConnection.java:141)
	at io.vertx.core.http.impl.HttpServerImpl$ServerHandlerWithWebSockets.handleMessage(HttpServerImpl.java:728)
	at io.vertx.core.http.impl.HttpServerImpl$ServerHandlerWithWebSockets.handleMessage(HttpServerImpl.java:636)
	at io.vertx.core.net.impl.VertxHandler.lambda$channelRead$1(VertxHandler.java:146)
	at io.vertx.core.impl.ContextImpl.lambda$wrapTask$2(ContextImpl.java:337)
	at io.vertx.core.impl.ContextImpl.executeFromIO(ContextImpl.java:195)
	at io.vertx.core.net.impl.VertxHandler.channelRead(VertxHandler.java:144)
	at io.netty.channel.AbstractChannelHandlerContext.invokeChannelRead(AbstractChannelHandlerContext.java:362)
	at io.netty.channel.AbstractChannelHandlerContext.invokeChannelRead(AbstractChannelHandlerContext.java:348)
	at io.netty.channel.AbstractChannelHandlerContext.fireChannelRead(AbstractChannelHandlerContext.java:340)
	at io.netty.handler.codec.ByteToMessageDecoder.fireChannelRead(ByteToMessageDecoder.java:310)
	at io.netty.handler.codec.ByteToMessageDecoder.channelRead(ByteToMessageDecoder.java:284)
	at io.netty.channel.AbstractChannelHandlerContext.invokeChannelRead(AbstractChannelHandlerContext.java:362)
	at io.netty.channel.AbstractChannelHandlerContext.invokeChannelRead(AbstractChannelHandlerContext.java:348)
	at io.netty.channel.AbstractChannelHandlerContext.fireChannelRead(AbstractChannelHandlerContext.java:340)
	at io.vertx.core.http.impl.Http1xOrH2CHandler.end(Http1xOrH2CHandler.java:60)
	at io.vertx.core.http.impl.Http1xOrH2CHandler.channelRead(Http1xOrH2CHandler.java:38)
	at io.netty.channel.AbstractChannelHandlerContext.invokeChannelRead(AbstractChannelHandlerContext.java:362)
	at io.netty.channel.AbstractChannelHandlerContext.invokeChannelRead(AbstractChannelHandlerContext.java:348)
	at io.netty.channel.AbstractChannelHandlerContext.fireChannelRead(AbstractChannelHandlerContext.java:340)
	at io.netty.channel.DefaultChannelPipeline$HeadContext.channelRead(DefaultChannelPipeline.java:1359)
	at io.netty.channel.AbstractChannelHandlerContext.invokeChannelRead(AbstractChannelHandlerContext.java:362)
	at io.netty.channel.AbstractChannelHandlerContext.invokeChannelRead(AbstractChannelHandlerContext.java:348)
	at io.netty.channel.DefaultChannelPipeline.fireChannelRead(DefaultChannelPipeline.java:935)
	at io.netty.channel.nio.AbstractNioByteChannel$NioByteUnsafe.read(AbstractNioByteChannel.java:141)
	at io.netty.channel.nio.NioEventLoop.processSelectedKey(NioEventLoop.java:645)
	at io.netty.channel.nio.NioEventLoop.processSelectedKeysOptimized(NioEventLoop.java:580)
	at io.netty.channel.nio.NioEventLoop.processSelectedKeys(NioEventLoop.java:497)
	at io.netty.channel.nio.NioEventLoop.run(NioEventLoop.java:459)
	at io.netty.util.concurrent.SingleThreadEventExecutor$5.run(SingleThreadEventExecutor.java:886)
	at io.netty.util.concurrent.FastThreadLocalRunnable.run(FastThreadLocalRunnable.java:30)
	at java.lang.Thread.run(Thread.java:745)
Caused by: org.jboss.resteasy.core.NoMessageBodyWriterFoundFailure: Could not find MessageBodyWriter for response object of type: io.enmasse.api.common.ErrorResponse of media type: application/octet-stream
	at org.jboss.resteasy.core.ServerResponseWriter.writeNomapResponse(ServerResponseWriter.java:69)
	at org.jboss.resteasy.core.SynchronousDispatcher.writeException(SynchronousDispatcher.java:179)
	... 40 more
]]></system-out>
    <system-err><![CDATA[Jun 01, 2018 2:33:14 PM io.vertx.core.http.impl.HttpClientResponseImpl
SEVERE: java.lang.AssertionError: Expected true
Jun 01, 2018 2:33:14 PM io.vertx.core.http.impl.HttpClientRequestImpl
SEVERE: io.vertx.core.VertxException: Connection was closed
Jun 01, 2018 2:33:14 PM io.vertx.core.http.impl.HttpClientRequestImpl
SEVERE: io.vertx.core.VertxException: Connection was closed
]]></system-err>
  </testcase>
  <testcase name="testApiResources" classname="io.enmasse.api.server.HTTPServerTest" time="0.4"/>
</testsuite>