<?xml version="1.0" encoding="UTF-8"?>
<testsuite xmlns:xsi="http://www.w3.org/2001/XMLSchema-instance" xsi:noNamespaceSchemaLocation="https://maven.apache.org/surefire/maven-surefire-plugin/xsd/surefire-test-report.xsd" name="com.github.nosan.embedded.cassandra.support.PackageResolverFactoryTests" time="0.004" tests="3" errors="0" skipped="0" failures="1">
  <properties>
    <property name="java.runtime.name" value="OpenJDK Runtime Environment"/>
    <property name="sun.boot.library.path" value="/usr/lib/jvm/java-8-openjdk-amd64/jre/lib/amd64"/>
    <property name="java.vm.version" value="25.121-b13"/>
    <property name="java.vm.vendor" value="Oracle Corporation"/>
    <property name="maven.multiModuleProjectDirectory" value="/root/workspace/nosan/embedded-cassandra/407994001"/>
    <property name="java.vendor.url" value="http://java.oracle.com/"/>
    <property name="path.separator" value=":"/>
    <property name="guice.disable.misplaced.annotation.check" value="true"/>
    <property name="skip.gulp" value="true"/>
    <property name="java.vm.name" value="OpenJDK 64-Bit Server VM"/>
    <property name="file.encoding.pkg" value="sun.io"/>
    <property name="sun.java.launcher" value="SUN_STANDARD"/>
    <property name="sun.os.patch.level" value="unknown"/>
    <property name="findbugs.skip" value="true"/>
    <property name="java.vm.specification.name" value="Java Virtual Machine Specification"/>
    <property name="user.dir" value="/root/workspace/nosan/embedded-cassandra/407994001"/>
    <property name="checkstyle.skip" value="true"/>
    <property name="java.runtime.version" value="1.8.0_121-8u121-b13-1~bpo8+1-b13"/>
    <property name="java.awt.graphicsenv" value="sun.awt.X11GraphicsEnvironment"/>
    <property name="skip.npm" value="true"/>
    <property name="java.endorsed.dirs" value="/usr/lib/jvm/java-8-openjdk-amd64/jre/lib/endorsed"/>
    <property name="os.arch" value="amd64"/>
    <property name="java.io.tmpdir" value="/tmp"/>
    <property name="gpg.skip" value="true"/>
    <property name="line.separator" value="&#10;"/>
    <property name="java.vm.specification.vendor" value="Oracle Corporation"/>
    <property name="cobertura.skip" value="true"/>
    <property name="os.name" value="Linux"/>
    <property name="classworlds.conf" value="/usr/share/maven/bin/m2.conf"/>
    <property name="sun.jnu.encoding" value="UTF-8"/>
    <property name="java.library.path" value="/usr/java/packages/lib/amd64:/usr/lib/x86_64-linux-gnu/jni:/lib/x86_64-linux-gnu:/usr/lib/x86_64-linux-gnu:/usr/lib/jni:/lib:/usr/lib"/>
    <property name="license.skip" value="true"/>
    <property name="java.specification.name" value="Java Platform API Specification"/>
    <property name="java.class.version" value="52.0"/>
    <property name="sun.management.compiler" value="HotSpot 64-Bit Tiered Compilers"/>
    <property name="skip.bower" value="true"/>
    <property name="maven.repo.local" value="/root/./workspace/nosan/embedded-cassandra/407994001/.m2"/>
    <property name="os.version" value="3.10.0-862.3.2.el7.x86_64"/>
    <property name="user.home" value="/root"/>
    <property name="user.timezone" value="Europe/Paris"/>
    <property name="java.awt.printerjob" value="sun.print.PSPrinterJob"/>
    <property name="java.specification.version" value="1.8"/>
    <property name="file.encoding" value="UTF-8"/>
    <property name="user.name" value="root"/>
    <property name="java.class.path" value="/usr/share/maven/boot/plexus-classworlds-2.5.2.jar"/>
    <property name="skipITs" value="true"/>
    <property name="java.vm.specification.version" value="1.8"/>
    <property name="sun.arch.data.model" value="64"/>
    <property name="java.home" value="/usr/lib/jvm/java-8-openjdk-amd64/jre"/>
    <property name="sun.java.command" value="org.codehaus.plexus.classworlds.launcher.Launcher -B -D enforcer.skip=true -D dependency-check.skip=true -D skipITs=true -D cobertura.skip=true -D maven.repo.local=/root/./workspace/nosan/embedded-cassandra/407994001/.m2 -D rat.skip=true -D findbugs.skip=true -D skip.bower=true -D gpg.skip=true -D checkstyle.skip=true -D skip.gulp=true -D license.skip=true -D skip.npm=true test"/>
    <property name="java.specification.vendor" value="Oracle Corporation"/>
    <property name="user.language" value="en"/>
    <property name="awt.toolkit" value="sun.awt.X11.XToolkit"/>
    <property name="dependency-check.skip" value="true"/>
    <property name="java.vm.info" value="mixed mode"/>
    <property name="java.version" value="1.8.0_121"/>
    <property name="java.ext.dirs" value="/usr/lib/jvm/java-8-openjdk-amd64/jre/lib/ext:/usr/java/packages/lib/ext"/>
    <property name="securerandom.source" value="file:/dev/./urandom"/>
    <property name="sun.boot.class.path" value="/usr/lib/jvm/java-8-openjdk-amd64/jre/lib/resources.jar:/usr/lib/jvm/java-8-openjdk-amd64/jre/lib/rt.jar:/usr/lib/jvm/java-8-openjdk-amd64/jre/lib/sunrsasign.jar:/usr/lib/jvm/java-8-openjdk-amd64/jre/lib/jsse.jar:/usr/lib/jvm/java-8-openjdk-amd64/jre/lib/jce.jar:/usr/lib/jvm/java-8-openjdk-amd64/jre/lib/charsets.jar:/usr/lib/jvm/java-8-openjdk-amd64/jre/lib/jfr.jar:/usr/lib/jvm/java-8-openjdk-amd64/jre/classes"/>
    <property name="java.vendor" value="Oracle Corporation"/>
    <property name="enforcer.skip" value="true"/>
    <property name="rat.skip" value="true"/>
    <property name="maven.home" value="/usr/share/maven"/>
    <property name="file.separator" value="/"/>
    <property name="java.vendor.url.bug" value="http://bugreport.sun.com/bugreport/"/>
    <property name="sun.cpu.endian" value="little"/>
    <property name="sun.io.unicode.encoding" value="UnicodeLittle"/>
    <property name="sun.cpu.isalist" value=""/>
  </properties>
  <testcase name="getPath" classname="com.github.nosan.embedded.cassandra.support.PackageResolverFactoryTests" time="0"/>
  <testcase name="getFileSet" classname="com.github.nosan.embedded.cassandra.support.PackageResolverFactoryTests" time="0.003">
    <failure message="&#10;Expected size:&lt;186&gt; but was:&lt;171&gt; in:&#10;&lt;[de.flapdoodle.embed.process.config.store.FileSet$Entry@f8650c73,&#10;    de.flapdoodle.embed.process.config.store.FileSet$Entry@e440678d,&#10;    de.flapdoodle.embed.process.config.store.FileSet$Entry@4decdc35,&#10;    de.flapdoodle.embed.process.config.store.FileSet$Entry@c0ddc055,&#10;    de.flapdoodle.embed.process.config.store.FileSet$Entry@49c014b5,&#10;    de.flapdoodle.embed.process.config.store.FileSet$Entry@8cc34795,&#10;    de.flapdoodle.embed.process.config.store.FileSet$Entry@7bfab5cd,&#10;    de.flapdoodle.embed.process.config.store.FileSet$Entry@8f2928d5,&#10;    de.flapdoodle.embed.process.config.store.FileSet$Entry@11454bb5,&#10;    de.flapdoodle.embed.process.config.store.FileSet$Entry@4b54e08d,&#10;    de.flapdoodle.embed.process.config.store.FileSet$Entry@dcde676d,&#10;    de.flapdoodle.embed.process.config.store.FileSet$Entry@e11e0415,&#10;    de.flapdoodle.embed.process.config.store.FileSet$Entry@9bfd5e75,&#10;    de.flapdoodle.embed.process.config.store.FileSet$Entry@87c5b155,&#10;    de.flapdoodle.embed.process.config.store.FileSet$Entry@eb3f3f6d,&#10;    de.flapdoodle.embed.process.config.store.FileSet$Entry@b0be564d,&#10;    de.flapdoodle.embed.process.config.store.FileSet$Entry@32158e0d,&#10;    de.flapdoodle.embed.process.config.store.FileSet$Entry@f08c54ed,&#10;    de.flapdoodle.embed.process.config.store.FileSet$Entry@8fafcd55,&#10;    de.flapdoodle.embed.process.config.store.FileSet$Entry@6ce5b035,&#10;    de.flapdoodle.embed.process.config.store.FileSet$Entry@ad686b35,&#10;    de.flapdoodle.embed.process.config.store.FileSet$Entry@9f5c5e15,&#10;    de.flapdoodle.embed.process.config.store.FileSet$Entry@3d16ed15,&#10;    de.flapdoodle.embed.process.config.store.FileSet$Entry@ce36eff5,&#10;    de.flapdoodle.embed.process.config.store.FileSet$Entry@ce3dbf15,&#10;    de.flapdoodle.embed.process.config.store.FileSet$Entry@4feacced,&#10;    de.flapdoodle.embed.process.config.store.FileSet$Entry@a34e6215,&#10;    de.flapdoodle.embed.process.config.store.FileSet$Entry@7bfb22d,&#10;    de.flapdoodle.embed.process.config.store.FileSet$Entry@ca7c81ad,&#10;    de.flapdoodle.embed.process.config.store.FileSet$Entry@c763538d,&#10;    de.flapdoodle.embed.process.config.store.FileSet$Entry@e67e0955,&#10;    de.flapdoodle.embed.process.config.store.FileSet$Entry@a9d55a35,&#10;    de.flapdoodle.embed.process.config.store.FileSet$Entry@a28d4235,&#10;    de.flapdoodle.embed.process.config.store.FileSet$Entry@afa59095,&#10;    de.flapdoodle.embed.process.config.store.FileSet$Entry@d2088b0d,&#10;    de.flapdoodle.embed.process.config.store.FileSet$Entry@99cef82d,&#10;    de.flapdoodle.embed.process.config.store.FileSet$Entry@e34a7b6d,&#10;    de.flapdoodle.embed.process.config.store.FileSet$Entry@438c852d,&#10;    de.flapdoodle.embed.process.config.store.FileSet$Entry@edec856d,&#10;    de.flapdoodle.embed.process.config.store.FileSet$Entry@828889ed,&#10;    de.flapdoodle.embed.process.config.store.FileSet$Entry@7a9c364d,&#10;    de.flapdoodle.embed.process.config.store.FileSet$Entry@1a8d4075,&#10;    de.flapdoodle.embed.process.config.store.FileSet$Entry@c9be3fd5,&#10;    de.flapdoodle.embed.process.config.store.FileSet$Entry@215d43d5,&#10;    de.flapdoodle.embed.process.config.store.FileSet$Entry@524e9d15,&#10;    de.flapdoodle.embed.process.config.store.FileSet$Entry@51c7ba0d,&#10;    de.flapdoodle.embed.process.config.store.FileSet$Entry@af353115,&#10;    de.flapdoodle.embed.process.config.store.FileSet$Entry@c6cf4d6d,&#10;    de.flapdoodle.embed.process.config.store.FileSet$Entry@2b1b396d,&#10;    de.flapdoodle.embed.process.config.store.FileSet$Entry@3d58bcd5,&#10;    de.flapdoodle.embed.process.config.store.FileSet$Entry@6fee5d2d,&#10;    de.flapdoodle.embed.process.config.store.FileSet$Entry@edce4f5,&#10;    de.flapdoodle.embed.process.config.store.FileSet$Entry@251a3bb5,&#10;    de.flapdoodle.embed.process.config.store.FileSet$Entry@c2b928d5,&#10;    de.flapdoodle.embed.process.config.store.FileSet$Entry@c9911db5,&#10;    de.flapdoodle.embed.process.config.store.FileSet$Entry@9db0d62d,&#10;    de.flapdoodle.embed.process.config.store.FileSet$Entry@318c71ad,&#10;    de.flapdoodle.embed.process.config.store.FileSet$Entry@71c021f5,&#10;    de.flapdoodle.embed.process.config.store.FileSet$Entry@f32d2d15,&#10;    de.flapdoodle.embed.process.config.store.FileSet$Entry@9eb48b55,&#10;    de.flapdoodle.embed.process.config.store.FileSet$Entry@f76a0e6d,&#10;    de.flapdoodle.embed.process.config.store.FileSet$Entry@c42d9d2d,&#10;    de.flapdoodle.embed.process.config.store.FileSet$Entry@d0c603cd,&#10;    de.flapdoodle.embed.process.config.store.FileSet$Entry@b47f538d,&#10;    de.flapdoodle.embed.process.config.store.FileSet$Entry@7389d415,&#10;    de.flapdoodle.embed.process.config.store.FileSet$Entry@363ad6d5,&#10;    de.flapdoodle.embed.process.config.store.FileSet$Entry@f0ec664d,&#10;    de.flapdoodle.embed.process.config.store.FileSet$Entry@d3a9ac4d,&#10;    de.flapdoodle.embed.process.config.store.FileSet$Entry@ebedf90d,&#10;    de.flapdoodle.embed.process.config.store.FileSet$Entry@e68de66d,&#10;    de.flapdoodle.embed.process.config.store.FileSet$Entry@962f40cd,&#10;    de.flapdoodle.embed.process.config.store.FileSet$Entry@c93b8cd5,&#10;    de.flapdoodle.embed.process.config.store.FileSet$Entry@8a041535,&#10;    de.flapdoodle.embed.process.config.store.FileSet$Entry@bd061e15,&#10;    de.flapdoodle.embed.process.config.store.FileSet$Entry@bcd5f475,&#10;    de.flapdoodle.embed.process.config.store.FileSet$Entry@491b0eb5,&#10;    de.flapdoodle.embed.process.config.store.FileSet$Entry@943a0eb5,&#10;    de.flapdoodle.embed.process.config.store.FileSet$Entry@8472e8d,&#10;    de.flapdoodle.embed.process.config.store.FileSet$Entry@7a698935,&#10;    de.flapdoodle.embed.process.config.store.FileSet$Entry@97ae17cd,&#10;    de.flapdoodle.embed.process.config.store.FileSet$Entry@2e682dd5,&#10;    de.flapdoodle.embed.process.config.store.FileSet$Entry@948554ad,&#10;    de.flapdoodle.embed.process.config.store.FileSet$Entry@c14537f5,&#10;    de.flapdoodle.embed.process.config.store.FileSet$Entry@25715735,&#10;    de.flapdoodle.embed.process.config.store.FileSet$Entry@e81b770d,&#10;    de.flapdoodle.embed.process.config.store.FileSet$Entry@ccced24d,&#10;    de.flapdoodle.embed.process.config.store.FileSet$Entry@a76fc8b5,&#10;    de.flapdoodle.embed.process.config.store.FileSet$Entry@c5120dcd,&#10;    de.flapdoodle.embed.process.config.store.FileSet$Entry@945e7a6d,&#10;    de.flapdoodle.embed.process.config.store.FileSet$Entry@40da135,&#10;    de.flapdoodle.embed.process.config.store.FileSet$Entry@5367b7d5,&#10;    de.flapdoodle.embed.process.config.store.FileSet$Entry@a2ec3155,&#10;    de.flapdoodle.embed.process.config.store.FileSet$Entry@a24ebd75,&#10;    de.flapdoodle.embed.process.config.store.FileSet$Entry@859d1e6d,&#10;    de.flapdoodle.embed.process.config.store.FileSet$Entry@7d79078d,&#10;    de.flapdoodle.embed.process.config.store.FileSet$Entry@fd27860d,&#10;    de.flapdoodle.embed.process.config.store.FileSet$Entry@eb595035,&#10;    de.flapdoodle.embed.process.config.store.FileSet$Entry@218a60b5,&#10;    de.flapdoodle.embed.process.config.store.FileSet$Entry@6782ef75,&#10;    de.flapdoodle.embed.process.config.store.FileSet$Entry@9db3fff5,&#10;    de.flapdoodle.embed.process.config.store.FileSet$Entry@9e547f5,&#10;    de.flapdoodle.embed.process.config.store.FileSet$Entry@33fa8595,&#10;    de.flapdoodle.embed.process.config.store.FileSet$Entry@450024d5,&#10;    de.flapdoodle.embed.process.config.store.FileSet$Entry@9a6334d5,&#10;    de.flapdoodle.embed.process.config.store.FileSet$Entry@a353415,&#10;    de.flapdoodle.embed.process.config.store.FileSet$Entry@f8a4f5,&#10;    de.flapdoodle.embed.process.config.store.FileSet$Entry@10730d5,&#10;    de.flapdoodle.embed.process.config.store.FileSet$Entry@75302a55,&#10;    de.flapdoodle.embed.process.config.store.FileSet$Entry@f3787675,&#10;    de.flapdoodle.embed.process.config.store.FileSet$Entry@85131975,&#10;    de.flapdoodle.embed.process.config.store.FileSet$Entry@e976ba75,&#10;    de.flapdoodle.embed.process.config.store.FileSet$Entry@e97a6e95,&#10;    de.flapdoodle.embed.process.config.store.FileSet$Entry@327b51ed,&#10;    de.flapdoodle.embed.process.config.store.FileSet$Entry@1c542d75,&#10;    de.flapdoodle.embed.process.config.store.FileSet$Entry@ca92448d,&#10;    de.flapdoodle.embed.process.config.store.FileSet$Entry@b627e095,&#10;    de.flapdoodle.embed.process.config.store.FileSet$Entry@835e69ad,&#10;    de.flapdoodle.embed.process.config.store.FileSet$Entry@55204d2d,&#10;    de.flapdoodle.embed.process.config.store.FileSet$Entry@dfb56fb5,&#10;    de.flapdoodle.embed.process.config.store.FileSet$Entry@477b8aed,&#10;    de.flapdoodle.embed.process.config.store.FileSet$Entry@49e95a0d,&#10;    de.flapdoodle.embed.process.config.store.FileSet$Entry@167dfbad,&#10;    de.flapdoodle.embed.process.config.store.FileSet$Entry@5a322d15,&#10;    de.flapdoodle.embed.process.config.store.FileSet$Entry@f4c79d75,&#10;    de.flapdoodle.embed.process.config.store.FileSet$Entry@c5fd99ed,&#10;    de.flapdoodle.embed.process.config.store.FileSet$Entry@bca7654d,&#10;    de.flapdoodle.embed.process.config.store.FileSet$Entry@5f5add4d,&#10;    de.flapdoodle.embed.process.config.store.FileSet$Entry@cf269b2d,&#10;    de.flapdoodle.embed.process.config.store.FileSet$Entry@71b437cd,&#10;    de.flapdoodle.embed.process.config.store.FileSet$Entry@b6870b55,&#10;    de.flapdoodle.embed.process.config.store.FileSet$Entry@24d732d5,&#10;    de.flapdoodle.embed.process.config.store.FileSet$Entry@ab425f0d,&#10;    de.flapdoodle.embed.process.config.store.FileSet$Entry@ee91e8b5,&#10;    de.flapdoodle.embed.process.config.store.FileSet$Entry@38059f0d,&#10;    de.flapdoodle.embed.process.config.store.FileSet$Entry@94f7bbad,&#10;    de.flapdoodle.embed.process.config.store.FileSet$Entry@2d4a6095,&#10;    de.flapdoodle.embed.process.config.store.FileSet$Entry@8adebc6d,&#10;    de.flapdoodle.embed.process.config.store.FileSet$Entry@34de92ed,&#10;    de.flapdoodle.embed.process.config.store.FileSet$Entry@5b766c6d,&#10;    de.flapdoodle.embed.process.config.store.FileSet$Entry@ef6bc84d,&#10;    de.flapdoodle.embed.process.config.store.FileSet$Entry@ace690f5,&#10;    de.flapdoodle.embed.process.config.store.FileSet$Entry@873b6f0d,&#10;    de.flapdoodle.embed.process.config.store.FileSet$Entry@518b6eb5,&#10;    de.flapdoodle.embed.process.config.store.FileSet$Entry@87b1ff35,&#10;    de.flapdoodle.embed.process.config.store.FileSet$Entry@725fdaad,&#10;    de.flapdoodle.embed.process.config.store.FileSet$Entry@746ce835,&#10;    de.flapdoodle.embed.process.config.store.FileSet$Entry@e4f2aed,&#10;    de.flapdoodle.embed.process.config.store.FileSet$Entry@ccd255ed,&#10;    de.flapdoodle.embed.process.config.store.FileSet$Entry@cde22ccd,&#10;    de.flapdoodle.embed.process.config.store.FileSet$Entry@56e69835,&#10;    de.flapdoodle.embed.process.config.store.FileSet$Entry@391a810d,&#10;    de.flapdoodle.embed.process.config.store.FileSet$Entry@c39a76d5,&#10;    de.flapdoodle.embed.process.config.store.FileSet$Entry@cd5c2255,&#10;    de.flapdoodle.embed.process.config.store.FileSet$Entry@c5550215,&#10;    de.flapdoodle.embed.process.config.store.FileSet$Entry@2f6284f5,&#10;    de.flapdoodle.embed.process.config.store.FileSet$Entry@a15403cd,&#10;    de.flapdoodle.embed.process.config.store.FileSet$Entry@c19eaad,&#10;    de.flapdoodle.embed.process.config.store.FileSet$Entry@45e6d9f5,&#10;    de.flapdoodle.embed.process.config.store.FileSet$Entry@e1856cd5,&#10;    de.flapdoodle.embed.process.config.store.FileSet$Entry@a7214775,&#10;    de.flapdoodle.embed.process.config.store.FileSet$Entry@1ccd1a55,&#10;    de.flapdoodle.embed.process.config.store.FileSet$Entry@e46c2c55,&#10;    de.flapdoodle.embed.process.config.store.FileSet$Entry@3e5a8f35,&#10;    de.flapdoodle.embed.process.config.store.FileSet$Entry@b0d4e4cd,&#10;    de.flapdoodle.embed.process.config.store.FileSet$Entry@be424bad,&#10;    de.flapdoodle.embed.process.config.store.FileSet$Entry@88dc364d,&#10;    de.flapdoodle.embed.process.config.store.FileSet$Entry@b744dd2d,&#10;    de.flapdoodle.embed.process.config.store.FileSet$Entry@f47bc9ad,&#10;    de.flapdoodle.embed.process.config.store.FileSet$Entry@27099f8d,&#10;    de.flapdoodle.embed.process.config.store.FileSet$Entry@e7ce7c15,&#10;    de.flapdoodle.embed.process.config.store.FileSet$Entry@d46cfc2d]&gt;" type="java.lang.AssertionError"><![CDATA[java.lang.AssertionError: 

Expected size:<186> but was:<171> in:
<[de.flapdoodle.embed.process.config.store.FileSet$Entry@f8650c73,
    de.flapdoodle.embed.process.config.store.FileSet$Entry@e440678d,
    de.flapdoodle.embed.process.config.store.FileSet$Entry@4decdc35,
    de.flapdoodle.embed.process.config.store.FileSet$Entry@c0ddc055,
    de.flapdoodle.embed.process.config.store.FileSet$Entry@49c014b5,
    de.flapdoodle.embed.process.config.store.FileSet$Entry@8cc34795,
    de.flapdoodle.embed.process.config.store.FileSet$Entry@7bfab5cd,
    de.flapdoodle.embed.process.config.store.FileSet$Entry@8f2928d5,
    de.flapdoodle.embed.process.config.store.FileSet$Entry@11454bb5,
    de.flapdoodle.embed.process.config.store.FileSet$Entry@4b54e08d,
    de.flapdoodle.embed.process.config.store.FileSet$Entry@dcde676d,
    de.flapdoodle.embed.process.config.store.FileSet$Entry@e11e0415,
    de.flapdoodle.embed.process.config.store.FileSet$Entry@9bfd5e75,
    de.flapdoodle.embed.process.config.store.FileSet$Entry@87c5b155,
    de.flapdoodle.embed.process.config.store.FileSet$Entry@eb3f3f6d,
    de.flapdoodle.embed.process.config.store.FileSet$Entry@b0be564d,
    de.flapdoodle.embed.process.config.store.FileSet$Entry@32158e0d,
    de.flapdoodle.embed.process.config.store.FileSet$Entry@f08c54ed,
    de.flapdoodle.embed.process.config.store.FileSet$Entry@8fafcd55,
    de.flapdoodle.embed.process.config.store.FileSet$Entry@6ce5b035,
    de.flapdoodle.embed.process.config.store.FileSet$Entry@ad686b35,
    de.flapdoodle.embed.process.config.store.FileSet$Entry@9f5c5e15,
    de.flapdoodle.embed.process.config.store.FileSet$Entry@3d16ed15,
    de.flapdoodle.embed.process.config.store.FileSet$Entry@ce36eff5,
    de.flapdoodle.embed.process.config.store.FileSet$Entry@ce3dbf15,
    de.flapdoodle.embed.process.config.store.FileSet$Entry@4feacced,
    de.flapdoodle.embed.process.config.store.FileSet$Entry@a34e6215,
    de.flapdoodle.embed.process.config.store.FileSet$Entry@7bfb22d,
    de.flapdoodle.embed.process.config.store.FileSet$Entry@ca7c81ad,
    de.flapdoodle.embed.process.config.store.FileSet$Entry@c763538d,
    de.flapdoodle.embed.process.config.store.FileSet$Entry@e67e0955,
    de.flapdoodle.embed.process.config.store.FileSet$Entry@a9d55a35,
    de.flapdoodle.embed.process.config.store.FileSet$Entry@a28d4235,
    de.flapdoodle.embed.process.config.store.FileSet$Entry@afa59095,
    de.flapdoodle.embed.process.config.store.FileSet$Entry@d2088b0d,
    de.flapdoodle.embed.process.config.store.FileSet$Entry@99cef82d,
    de.flapdoodle.embed.process.config.store.FileSet$Entry@e34a7b6d,
    de.flapdoodle.embed.process.config.store.FileSet$Entry@438c852d,
    de.flapdoodle.embed.process.config.store.FileSet$Entry@edec856d,
    de.flapdoodle.embed.process.config.store.FileSet$Entry@828889ed,
    de.flapdoodle.embed.process.config.store.FileSet$Entry@7a9c364d,
    de.flapdoodle.embed.process.config.store.FileSet$Entry@1a8d4075,
    de.flapdoodle.embed.process.config.store.FileSet$Entry@c9be3fd5,
    de.flapdoodle.embed.process.config.store.FileSet$Entry@215d43d5,
    de.flapdoodle.embed.process.config.store.FileSet$Entry@524e9d15,
    de.flapdoodle.embed.process.config.store.FileSet$Entry@51c7ba0d,
    de.flapdoodle.embed.process.config.store.FileSet$Entry@af353115,
    de.flapdoodle.embed.process.config.store.FileSet$Entry@c6cf4d6d,
    de.flapdoodle.embed.process.config.store.FileSet$Entry@2b1b396d,
    de.flapdoodle.embed.process.config.store.FileSet$Entry@3d58bcd5,
    de.flapdoodle.embed.process.config.store.FileSet$Entry@6fee5d2d,
    de.flapdoodle.embed.process.config.store.FileSet$Entry@edce4f5,
    de.flapdoodle.embed.process.config.store.FileSet$Entry@251a3bb5,
    de.flapdoodle.embed.process.config.store.FileSet$Entry@c2b928d5,
    de.flapdoodle.embed.process.config.store.FileSet$Entry@c9911db5,
    de.flapdoodle.embed.process.config.store.FileSet$Entry@9db0d62d,
    de.flapdoodle.embed.process.config.store.FileSet$Entry@318c71ad,
    de.flapdoodle.embed.process.config.store.FileSet$Entry@71c021f5,
    de.flapdoodle.embed.process.config.store.FileSet$Entry@f32d2d15,
    de.flapdoodle.embed.process.config.store.FileSet$Entry@9eb48b55,
    de.flapdoodle.embed.process.config.store.FileSet$Entry@f76a0e6d,
    de.flapdoodle.embed.process.config.store.FileSet$Entry@c42d9d2d,
    de.flapdoodle.embed.process.config.store.FileSet$Entry@d0c603cd,
    de.flapdoodle.embed.process.config.store.FileSet$Entry@b47f538d,
    de.flapdoodle.embed.process.config.store.FileSet$Entry@7389d415,
    de.flapdoodle.embed.process.config.store.FileSet$Entry@363ad6d5,
    de.flapdoodle.embed.process.config.store.FileSet$Entry@f0ec664d,
    de.flapdoodle.embed.process.config.store.FileSet$Entry@d3a9ac4d,
    de.flapdoodle.embed.process.config.store.FileSet$Entry@ebedf90d,
    de.flapdoodle.embed.process.config.store.FileSet$Entry@e68de66d,
    de.flapdoodle.embed.process.config.store.FileSet$Entry@962f40cd,
    de.flapdoodle.embed.process.config.store.FileSet$Entry@c93b8cd5,
    de.flapdoodle.embed.process.config.store.FileSet$Entry@8a041535,
    de.flapdoodle.embed.process.config.store.FileSet$Entry@bd061e15,
    de.flapdoodle.embed.process.config.store.FileSet$Entry@bcd5f475,
    de.flapdoodle.embed.process.config.store.FileSet$Entry@491b0eb5,
    de.flapdoodle.embed.process.config.store.FileSet$Entry@943a0eb5,
    de.flapdoodle.embed.process.config.store.FileSet$Entry@8472e8d,
    de.flapdoodle.embed.process.config.store.FileSet$Entry@7a698935,
    de.flapdoodle.embed.process.config.store.FileSet$Entry@97ae17cd,
    de.flapdoodle.embed.process.config.store.FileSet$Entry@2e682dd5,
    de.flapdoodle.embed.process.config.store.FileSet$Entry@948554ad,
    de.flapdoodle.embed.process.config.store.FileSet$Entry@c14537f5,
    de.flapdoodle.embed.process.config.store.FileSet$Entry@25715735,
    de.flapdoodle.embed.process.config.store.FileSet$Entry@e81b770d,
    de.flapdoodle.embed.process.config.store.FileSet$Entry@ccced24d,
    de.flapdoodle.embed.process.config.store.FileSet$Entry@a76fc8b5,
    de.flapdoodle.embed.process.config.store.FileSet$Entry@c5120dcd,
    de.flapdoodle.embed.process.config.store.FileSet$Entry@945e7a6d,
    de.flapdoodle.embed.process.config.store.FileSet$Entry@40da135,
    de.flapdoodle.embed.process.config.store.FileSet$Entry@5367b7d5,
    de.flapdoodle.embed.process.config.store.FileSet$Entry@a2ec3155,
    de.flapdoodle.embed.process.config.store.FileSet$Entry@a24ebd75,
    de.flapdoodle.embed.process.config.store.FileSet$Entry@859d1e6d,
    de.flapdoodle.embed.process.config.store.FileSet$Entry@7d79078d,
    de.flapdoodle.embed.process.config.store.FileSet$Entry@fd27860d,
    de.flapdoodle.embed.process.config.store.FileSet$Entry@eb595035,
    de.flapdoodle.embed.process.config.store.FileSet$Entry@218a60b5,
    de.flapdoodle.embed.process.config.store.FileSet$Entry@6782ef75,
    de.flapdoodle.embed.process.config.store.FileSet$Entry@9db3fff5,
    de.flapdoodle.embed.process.config.store.FileSet$Entry@9e547f5,
    de.flapdoodle.embed.process.config.store.FileSet$Entry@33fa8595,
    de.flapdoodle.embed.process.config.store.FileSet$Entry@450024d5,
    de.flapdoodle.embed.process.config.store.FileSet$Entry@9a6334d5,
    de.flapdoodle.embed.process.config.store.FileSet$Entry@a353415,
    de.flapdoodle.embed.process.config.store.FileSet$Entry@f8a4f5,
    de.flapdoodle.embed.process.config.store.FileSet$Entry@10730d5,
    de.flapdoodle.embed.process.config.store.FileSet$Entry@75302a55,
    de.flapdoodle.embed.process.config.store.FileSet$Entry@f3787675,
    de.flapdoodle.embed.process.config.store.FileSet$Entry@85131975,
    de.flapdoodle.embed.process.config.store.FileSet$Entry@e976ba75,
    de.flapdoodle.embed.process.config.store.FileSet$Entry@e97a6e95,
    de.flapdoodle.embed.process.config.store.FileSet$Entry@327b51ed,
    de.flapdoodle.embed.process.config.store.FileSet$Entry@1c542d75,
    de.flapdoodle.embed.process.config.store.FileSet$Entry@ca92448d,
    de.flapdoodle.embed.process.config.store.FileSet$Entry@b627e095,
    de.flapdoodle.embed.process.config.store.FileSet$Entry@835e69ad,
    de.flapdoodle.embed.process.config.store.FileSet$Entry@55204d2d,
    de.flapdoodle.embed.process.config.store.FileSet$Entry@dfb56fb5,
    de.flapdoodle.embed.process.config.store.FileSet$Entry@477b8aed,
    de.flapdoodle.embed.process.config.store.FileSet$Entry@49e95a0d,
    de.flapdoodle.embed.process.config.store.FileSet$Entry@167dfbad,
    de.flapdoodle.embed.process.config.store.FileSet$Entry@5a322d15,
    de.flapdoodle.embed.process.config.store.FileSet$Entry@f4c79d75,
    de.flapdoodle.embed.process.config.store.FileSet$Entry@c5fd99ed,
    de.flapdoodle.embed.process.config.store.FileSet$Entry@bca7654d,
    de.flapdoodle.embed.process.config.store.FileSet$Entry@5f5add4d,
    de.flapdoodle.embed.process.config.store.FileSet$Entry@cf269b2d,
    de.flapdoodle.embed.process.config.store.FileSet$Entry@71b437cd,
    de.flapdoodle.embed.process.config.store.FileSet$Entry@b6870b55,
    de.flapdoodle.embed.process.config.store.FileSet$Entry@24d732d5,
    de.flapdoodle.embed.process.config.store.FileSet$Entry@ab425f0d,
    de.flapdoodle.embed.process.config.store.FileSet$Entry@ee91e8b5,
    de.flapdoodle.embed.process.config.store.FileSet$Entry@38059f0d,
    de.flapdoodle.embed.process.config.store.FileSet$Entry@94f7bbad,
    de.flapdoodle.embed.process.config.store.FileSet$Entry@2d4a6095,
    de.flapdoodle.embed.process.config.store.FileSet$Entry@8adebc6d,
    de.flapdoodle.embed.process.config.store.FileSet$Entry@34de92ed,
    de.flapdoodle.embed.process.config.store.FileSet$Entry@5b766c6d,
    de.flapdoodle.embed.process.config.store.FileSet$Entry@ef6bc84d,
    de.flapdoodle.embed.process.config.store.FileSet$Entry@ace690f5,
    de.flapdoodle.embed.process.config.store.FileSet$Entry@873b6f0d,
    de.flapdoodle.embed.process.config.store.FileSet$Entry@518b6eb5,
    de.flapdoodle.embed.process.config.store.FileSet$Entry@87b1ff35,
    de.flapdoodle.embed.process.config.store.FileSet$Entry@725fdaad,
    de.flapdoodle.embed.process.config.store.FileSet$Entry@746ce835,
    de.flapdoodle.embed.process.config.store.FileSet$Entry@e4f2aed,
    de.flapdoodle.embed.process.config.store.FileSet$Entry@ccd255ed,
    de.flapdoodle.embed.process.config.store.FileSet$Entry@cde22ccd,
    de.flapdoodle.embed.process.config.store.FileSet$Entry@56e69835,
    de.flapdoodle.embed.process.config.store.FileSet$Entry@391a810d,
    de.flapdoodle.embed.process.config.store.FileSet$Entry@c39a76d5,
    de.flapdoodle.embed.process.config.store.FileSet$Entry@cd5c2255,
    de.flapdoodle.embed.process.config.store.FileSet$Entry@c5550215,
    de.flapdoodle.embed.process.config.store.FileSet$Entry@2f6284f5,
    de.flapdoodle.embed.process.config.store.FileSet$Entry@a15403cd,
    de.flapdoodle.embed.process.config.store.FileSet$Entry@c19eaad,
    de.flapdoodle.embed.process.config.store.FileSet$Entry@45e6d9f5,
    de.flapdoodle.embed.process.config.store.FileSet$Entry@e1856cd5,
    de.flapdoodle.embed.process.config.store.FileSet$Entry@a7214775,
    de.flapdoodle.embed.process.config.store.FileSet$Entry@1ccd1a55,
    de.flapdoodle.embed.process.config.store.FileSet$Entry@e46c2c55,
    de.flapdoodle.embed.process.config.store.FileSet$Entry@3e5a8f35,
    de.flapdoodle.embed.process.config.store.FileSet$Entry@b0d4e4cd,
    de.flapdoodle.embed.process.config.store.FileSet$Entry@be424bad,
    de.flapdoodle.embed.process.config.store.FileSet$Entry@88dc364d,
    de.flapdoodle.embed.process.config.store.FileSet$Entry@b744dd2d,
    de.flapdoodle.embed.process.config.store.FileSet$Entry@f47bc9ad,
    de.flapdoodle.embed.process.config.store.FileSet$Entry@27099f8d,
    de.flapdoodle.embed.process.config.store.FileSet$Entry@e7ce7c15,
    de.flapdoodle.embed.process.config.store.FileSet$Entry@d46cfc2d]>
	at com.github.nosan.embedded.cassandra.support.PackageResolverFactoryTests.getFileSet(PackageResolverFactoryTests.java:45)
	at sun.reflect.NativeMethodAccessorImpl.invoke0(Native Method)
	at sun.reflect.NativeMethodAccessorImpl.invoke(NativeMethodAccessorImpl.java:62)
	at sun.reflect.DelegatingMethodAccessorImpl.invoke(DelegatingMethodAccessorImpl.java:43)
	at java.lang.reflect.Method.invoke(Method.java:498)
	at org.junit.runners.model.FrameworkMethod$1.runReflectiveCall(FrameworkMethod.java:50)
	at org.junit.internal.runners.model.ReflectiveCallable.run(ReflectiveCallable.java:12)
	at org.junit.runners.model.FrameworkMethod.invokeExplosively(FrameworkMethod.java:47)
	at org.junit.internal.runners.statements.InvokeMethod.evaluate(InvokeMethod.java:17)
	at org.junit.runners.ParentRunner.runLeaf(ParentRunner.java:325)
	at org.junit.runners.BlockJUnit4ClassRunner.runChild(BlockJUnit4ClassRunner.java:78)
	at org.junit.runners.BlockJUnit4ClassRunner.runChild(BlockJUnit4ClassRunner.java:57)
	at org.junit.runners.ParentRunner$3.run(ParentRunner.java:290)
	at org.junit.runners.ParentRunner$1.schedule(ParentRunner.java:71)
	at org.junit.runners.ParentRunner.runChildren(ParentRunner.java:288)
	at org.junit.runners.ParentRunner.access$000(ParentRunner.java:58)
	at org.junit.runners.ParentRunner$2.evaluate(ParentRunner.java:268)
	at org.junit.runners.ParentRunner.run(ParentRunner.java:363)
	at org.apache.maven.surefire.junit4.JUnit4Provider.execute(JUnit4Provider.java:365)
	at org.apache.maven.surefire.junit4.JUnit4Provider.executeWithRerun(JUnit4Provider.java:272)
	at org.apache.maven.surefire.junit4.JUnit4Provider.executeTestSet(JUnit4Provider.java:236)
	at org.apache.maven.surefire.junit4.JUnit4Provider.invoke(JUnit4Provider.java:159)
	at org.apache.maven.surefire.booter.ForkedBooter.invokeProviderInSameClassLoader(ForkedBooter.java:386)
	at org.apache.maven.surefire.booter.ForkedBooter.runSuitesInProcess(ForkedBooter.java:323)
	at org.apache.maven.surefire.booter.ForkedBooter.main(ForkedBooter.java:143)
]]></failure>
  </testcase>
  <testcase name="getArchiveType" classname="com.github.nosan.embedded.cassandra.support.PackageResolverFactoryTests" time="0"/>
</testsuite>