<?xml version="1.0" encoding="UTF-8"?>
<testsuite xmlns:xsi="http://www.w3.org/2001/XMLSchema-instance" xsi:noNamespaceSchemaLocation="https://maven.apache.org/surefire/maven-surefire-plugin/xsd/surefire-test-report.xsd" name="com.github.nosan.embedded.cassandra.local.LocalCassandraV_3_11_3_Tests" time="11.126" tests="8" errors="1" skipped="0" failures="6">
  <properties>
    <property name="java.runtime.name" value="OpenJDK Runtime Environment"/>
    <property name="sun.boot.library.path" value="/usr/lib/jvm/java-8-openjdk-amd64/jre/lib/amd64"/>
    <property name="java.vm.version" value="25.121-b13"/>
    <property name="java.vm.vendor" value="Oracle Corporation"/>
    <property name="maven.multiModuleProjectDirectory" value="/root/workspace/nosan/embedded-cassandra/441893953"/>
    <property name="java.vendor.url" value="http://java.oracle.com/"/>
    <property name="path.separator" value=":"/>
    <property name="guice.disable.misplaced.annotation.check" value="true"/>
    <property name="skip.gulp" value="true"/>
    <property name="java.vm.name" value="OpenJDK 64-Bit Server VM"/>
    <property name="file.encoding.pkg" value="sun.io"/>
    <property name="sun.java.launcher" value="SUN_STANDARD"/>
    <property name="sun.os.patch.level" value="unknown"/>
    <property name="findbugs.skip" value="true"/>
    <property name="java.vm.specification.name" value="Java Virtual Machine Specification"/>
    <property name="user.dir" value="/root/workspace/nosan/embedded-cassandra/441893953"/>
    <property name="checkstyle.skip" value="true"/>
    <property name="java.runtime.version" value="1.8.0_121-8u121-b13-1~bpo8+1-b13"/>
    <property name="java.awt.graphicsenv" value="sun.awt.X11GraphicsEnvironment"/>
    <property name="skip.npm" value="true"/>
    <property name="java.endorsed.dirs" value="/usr/lib/jvm/java-8-openjdk-amd64/jre/lib/endorsed"/>
    <property name="os.arch" value="amd64"/>
    <property name="java.io.tmpdir" value="/tmp"/>
    <property name="gpg.skip" value="true"/>
    <property name="line.separator" value="&#10;"/>
    <property name="java.vm.specification.vendor" value="Oracle Corporation"/>
    <property name="cobertura.skip" value="true"/>
    <property name="os.name" value="Linux"/>
    <property name="classworlds.conf" value="/usr/share/maven/bin/m2.conf"/>
    <property name="sun.jnu.encoding" value="UTF-8"/>
    <property name="java.library.path" value="/usr/java/packages/lib/amd64:/usr/lib/x86_64-linux-gnu/jni:/lib/x86_64-linux-gnu:/usr/lib/x86_64-linux-gnu:/usr/lib/jni:/lib:/usr/lib"/>
    <property name="license.skip" value="true"/>
    <property name="java.specification.name" value="Java Platform API Specification"/>
    <property name="java.class.version" value="52.0"/>
    <property name="sun.management.compiler" value="HotSpot 64-Bit Tiered Compilers"/>
    <property name="skip.bower" value="true"/>
    <property name="maven.repo.local" value="/root/./workspace/nosan/embedded-cassandra/441893953/.m2"/>
    <property name="os.version" value="3.10.0-862.3.2.el7.x86_64"/>
    <property name="user.home" value="/root"/>
    <property name="user.timezone" value="Europe/Paris"/>
    <property name="java.awt.printerjob" value="sun.print.PSPrinterJob"/>
    <property name="java.specification.version" value="1.8"/>
    <property name="file.encoding" value="UTF-8"/>
    <property name="user.name" value="root"/>
    <property name="java.class.path" value="/usr/share/maven/boot/plexus-classworlds-2.5.2.jar"/>
    <property name="skipITs" value="true"/>
    <property name="java.vm.specification.version" value="1.8"/>
    <property name="sun.arch.data.model" value="64"/>
    <property name="java.home" value="/usr/lib/jvm/java-8-openjdk-amd64/jre"/>
    <property name="sun.java.command" value="org.codehaus.plexus.classworlds.launcher.Launcher -B -D enforcer.skip=true -D dependency-check.skip=true -D skipITs=true -D cobertura.skip=true -D maven.repo.local=/root/./workspace/nosan/embedded-cassandra/441893953/.m2 -D rat.skip=true -D findbugs.skip=true -D skip.bower=true -D gpg.skip=true -D checkstyle.skip=true -D skip.gulp=true -D license.skip=true -D skip.npm=true test"/>
    <property name="java.specification.vendor" value="Oracle Corporation"/>
    <property name="user.language" value="en"/>
    <property name="awt.toolkit" value="sun.awt.X11.XToolkit"/>
    <property name="dependency-check.skip" value="true"/>
    <property name="java.vm.info" value="mixed mode"/>
    <property name="java.version" value="1.8.0_121"/>
    <property name="java.ext.dirs" value="/usr/lib/jvm/java-8-openjdk-amd64/jre/lib/ext:/usr/java/packages/lib/ext"/>
    <property name="securerandom.source" value="file:/dev/./urandom"/>
    <property name="sun.boot.class.path" value="/usr/lib/jvm/java-8-openjdk-amd64/jre/lib/resources.jar:/usr/lib/jvm/java-8-openjdk-amd64/jre/lib/rt.jar:/usr/lib/jvm/java-8-openjdk-amd64/jre/lib/sunrsasign.jar:/usr/lib/jvm/java-8-openjdk-amd64/jre/lib/jsse.jar:/usr/lib/jvm/java-8-openjdk-amd64/jre/lib/jce.jar:/usr/lib/jvm/java-8-openjdk-amd64/jre/lib/charsets.jar:/usr/lib/jvm/java-8-openjdk-amd64/jre/lib/jfr.jar:/usr/lib/jvm/java-8-openjdk-amd64/jre/classes"/>
    <property name="java.vendor" value="Oracle Corporation"/>
    <property name="enforcer.skip" value="true"/>
    <property name="rat.skip" value="true"/>
    <property name="maven.home" value="/usr/share/maven"/>
    <property name="file.separator" value="/"/>
    <property name="java.vendor.url.bug" value="http://bugreport.sun.com/bugreport/"/>
    <property name="sun.cpu.endian" value="little"/>
    <property name="sun.io.unicode.encoding" value="UnicodeLittle"/>
    <property name="sun.cpu.isalist" value=""/>
  </properties>
  <testcase name="jvmOptions" classname="com.github.nosan.embedded.cassandra.local.LocalCassandraV_3_11_3_Tests" time="3.308">
    <failure message="Cassandra has failed (com.github.nosan.embedded.cassandra.CassandraException: Unable to start Cassandra) - (java.io.IOException: Cassandra has not be started. Please see logs for more details.&#10;)" type="java.lang.AssertionError">java.lang.AssertionError: 
Cassandra has failed (com.github.nosan.embedded.cassandra.CassandraException: Unable to start Cassandra) - (java.io.IOException: Cassandra has not be started. Please see logs for more details.
)
	at com.github.nosan.embedded.cassandra.local.LocalCassandraV_3_11_3_Tests.jvmOptions(LocalCassandraV_3_11_3_Tests.java:41)
</failure>
    <system-out><![CDATA[2018-10-16 00:00:18 [main] INFO  c.g.n.embedded.cassandra.Cassandra - Starts Apache Cassandra
2018-10-16 00:00:18 [main] INFO  c.g.n.e.cassandra.artifact.Artifact - Downloading Cassandra from (http://archive.apache.org/dist/cassandra/3.11.3/apache-cassandra-3.11.3-bin.tar.gz). It takes a while...
2018-10-16 00:00:18 [pool-1-thread-1] INFO  c.g.n.e.cassandra.artifact.Artifact - Downloaded 0 / 37317433  0%
2018-10-16 00:00:19 [main] INFO  c.g.n.e.cassandra.artifact.Artifact - Cassandra has been downloaded
2018-10-16 00:00:19 [main] INFO  c.g.n.e.cassandra.artifact.Artifact - Store (/tmp/67ec44e5-8779-4e36-ae6b-933549229ae4-apache-cassandra-3.11.3-bin.tar.gz) as (/root/apache-cassandra-3.11.3-bin.tar.gz)
2018-10-16 00:00:19 [main] INFO  c.g.n.e.cassandra.local.Directory - Extract (/root/apache-cassandra-3.11.3-bin.tar.gz) into (/tmp/embedded-cassandra-a40789eb-ab96-40bd-86fc-7b18d1106794). It takes a while...
2018-10-16 00:00:21 [Thread-1] INFO  c.g.n.embedded.cassandra.Cassandra - Running Cassandra as root user or group is not recommended - please start Cassandra using a different system user.
2018-10-16 00:00:21 [Thread-1] INFO  c.g.n.embedded.cassandra.Cassandra - If you really want to force running Cassandra as root, use -R command line option.
2018-10-16 00:00:21 [main] INFO  c.g.n.embedded.cassandra.Cassandra - Stops Apache Cassandra
2018-10-16 00:00:21 [main] INFO  c.g.n.embedded.cassandra.Cassandra - Cassandra process has been destroyed
2018-10-16 00:00:21 [main] INFO  c.g.n.embedded.cassandra.Cassandra - Apache Cassandra has been stopped (32 ms) 
]]></system-out>
  </testcase>
  <testcase name="noSettings" classname="com.github.nosan.embedded.cassandra.local.LocalCassandraV_3_11_3_Tests" time="0.006"/>
  <testcase name="noTransport" classname="com.github.nosan.embedded.cassandra.local.LocalCassandraV_3_11_3_Tests" time="1.336">
    <failure message="Cassandra has failed (com.github.nosan.embedded.cassandra.CassandraException: Unable to start Cassandra) - (java.io.IOException: Cassandra has not be started. Please see logs for more details.&#10;)" type="java.lang.AssertionError">java.lang.AssertionError: 
Cassandra has failed (com.github.nosan.embedded.cassandra.CassandraException: Unable to start Cassandra) - (java.io.IOException: Cassandra has not be started. Please see logs for more details.
)
</failure>
    <system-out><![CDATA[2018-10-16 00:00:21 [main] INFO  c.g.n.embedded.cassandra.Cassandra - Starts Apache Cassandra
2018-10-16 00:00:21 [main] INFO  c.g.n.e.cassandra.local.Directory - Extract (/root/apache-cassandra-3.11.3-bin.tar.gz) into (/tmp/embedded-cassandra-e12c7feb-9c49-4a2a-9e20-522ded8a9def). It takes a while...
2018-10-16 00:00:23 [Thread-5] INFO  c.g.n.embedded.cassandra.Cassandra - Running Cassandra as root user or group is not recommended - please start Cassandra using a different system user.
2018-10-16 00:00:23 [Thread-5] INFO  c.g.n.embedded.cassandra.Cassandra - If you really want to force running Cassandra as root, use -R command line option.
2018-10-16 00:00:23 [main] INFO  c.g.n.embedded.cassandra.Cassandra - Stops Apache Cassandra
2018-10-16 00:00:23 [main] INFO  c.g.n.embedded.cassandra.Cassandra - Cassandra process has been destroyed
2018-10-16 00:00:23 [main] INFO  c.g.n.embedded.cassandra.Cassandra - Apache Cassandra has been stopped (23 ms) 
]]></system-out>
  </testcase>
  <testcase name="onlyRpc" classname="com.github.nosan.embedded.cassandra.local.LocalCassandraV_3_11_3_Tests" time="1.222">
    <failure message="Cassandra has failed (com.github.nosan.embedded.cassandra.CassandraException: Unable to start Cassandra) - (java.io.IOException: Cassandra has not be started. Please see logs for more details.&#10;)" type="java.lang.AssertionError">java.lang.AssertionError: 
Cassandra has failed (com.github.nosan.embedded.cassandra.CassandraException: Unable to start Cassandra) - (java.io.IOException: Cassandra has not be started. Please see logs for more details.
)
</failure>
    <system-out><![CDATA[2018-10-16 00:00:23 [main] INFO  c.g.n.embedded.cassandra.Cassandra - Starts Apache Cassandra
2018-10-16 00:00:23 [main] INFO  c.g.n.e.cassandra.local.Directory - Extract (/root/apache-cassandra-3.11.3-bin.tar.gz) into (/tmp/embedded-cassandra-d335940a-c611-4c56-be98-a3f480eb2d18). It takes a while...
2018-10-16 00:00:24 [Thread-7] INFO  c.g.n.embedded.cassandra.Cassandra - Running Cassandra as root user or group is not recommended - please start Cassandra using a different system user.
2018-10-16 00:00:24 [Thread-7] INFO  c.g.n.embedded.cassandra.Cassandra - If you really want to force running Cassandra as root, use -R command line option.
2018-10-16 00:00:24 [main] INFO  c.g.n.embedded.cassandra.Cassandra - Stops Apache Cassandra
2018-10-16 00:00:24 [main] INFO  c.g.n.embedded.cassandra.Cassandra - Cassandra process has been destroyed
2018-10-16 00:00:24 [main] INFO  c.g.n.embedded.cassandra.Cassandra - Apache Cassandra has been stopped (26 ms) 
]]></system-out>
  </testcase>
  <testcase name="invalidConfigurationNoTransport" classname="com.github.nosan.embedded.cassandra.local.LocalCassandraV_3_11_3_Tests" time="1.326">
    <failure message="&#10;Expected: (an instance of com.github.nosan.embedded.cassandra.CassandraException and exception with cause expects type &lt;class java.io.IOException&gt; and a message &quot;invalid_property&quot;)&#10;     but: exception with cause expects type &lt;class java.io.IOException&gt; and a message &quot;invalid_property&quot; cause was &lt;java.io.IOException: Cassandra has not be started. Please see logs for more details.&#10;&gt;&#10;Stacktrace was: com.github.nosan.embedded.cassandra.CassandraException: Unable to start Cassandra&#10;	at com.github.nosan.embedded.cassandra.local.LocalCassandraDelegate.start(LocalCassandraDelegate.java:116)&#10;	at com.github.nosan.embedded.cassandra.testutil.CassandraRunner.run(CassandraRunner.java:49)&#10;	at com.github.nosan.embedded.cassandra.local.AbstractLocalCassandraTests.invalidConfigurationNoTransport(AbstractLocalCassandraTests.java:102)&#10;	at sun.reflect.NativeMethodAccessorImpl.invoke0(Native Method)&#10;	at sun.reflect.NativeMethodAccessorImpl.invoke(NativeMethodAccessorImpl.java:62)&#10;	at sun.reflect.DelegatingMethodAccessorImpl.invoke(DelegatingMethodAccessorImpl.java:43)&#10;	at java.lang.reflect.Method.invoke(Method.java:498)&#10;	at org.junit.runners.model.FrameworkMethod$1.runReflectiveCall(FrameworkMethod.java:50)&#10;	at org.junit.internal.runners.model.ReflectiveCallable.run(ReflectiveCallable.java:12)&#10;	at org.junit.runners.model.FrameworkMethod.invokeExplosively(FrameworkMethod.java:47)&#10;	at org.junit.internal.runners.statements.InvokeMethod.evaluate(InvokeMethod.java:17)&#10;	at com.github.nosan.embedded.cassandra.testutil.Output$1.evaluate(Output.java:55)&#10;	at org.junit.rules.ExpectedException$ExpectedExceptionStatement.evaluate(ExpectedException.java:239)&#10;	at org.junit.rules.RunRules.evaluate(RunRules.java:20)&#10;	at org.junit.runners.ParentRunner.runLeaf(ParentRunner.java:325)&#10;	at org.junit.runners.BlockJUnit4ClassRunner.runChild(BlockJUnit4ClassRunner.java:78)&#10;	at org.junit.runners.BlockJUnit4ClassRunner.runChild(BlockJUnit4ClassRunner.java:57)&#10;	at org.junit.runners.ParentRunner$3.run(ParentRunner.java:290)&#10;	at org.junit.runners.ParentRunner$1.schedule(ParentRunner.java:71)&#10;	at org.junit.runners.ParentRunner.runChildren(ParentRunner.java:288)&#10;	at org.junit.runners.ParentRunner.access$000(ParentRunner.java:58)&#10;	at org.junit.runners.ParentRunner$2.evaluate(ParentRunner.java:268)&#10;	at org.junit.runners.ParentRunner.run(ParentRunner.java:363)&#10;	at org.apache.maven.surefire.junit4.JUnit4Provider.execute(JUnit4Provider.java:365)&#10;	at org.apache.maven.surefire.junit4.JUnit4Provider.executeWithRerun(JUnit4Provider.java:272)&#10;	at org.apache.maven.surefire.junit4.JUnit4Provider.executeTestSet(JUnit4Provider.java:236)&#10;	at org.apache.maven.surefire.junit4.JUnit4Provider.invoke(JUnit4Provider.java:159)&#10;	at org.apache.maven.surefire.booter.ForkedBooter.invokeProviderInSameClassLoader(ForkedBooter.java:386)&#10;	at org.apache.maven.surefire.booter.ForkedBooter.runSuitesInProcess(ForkedBooter.java:323)&#10;	at org.apache.maven.surefire.booter.ForkedBooter.main(ForkedBooter.java:143)&#10;Caused by: java.io.IOException: Cassandra has not be started. Please see logs for more details.&#10;&#10;	at com.github.nosan.embedded.cassandra.local.LocalCassandra.throwException(LocalCassandra.java:240)&#10;	at com.github.nosan.embedded.cassandra.local.LocalCassandra.start(LocalCassandra.java:116)&#10;	at com.github.nosan.embedded.cassandra.local.LocalCassandraDelegate.start(LocalCassandraDelegate.java:103)&#10;	... 29 more&#10;" type="java.lang.AssertionError"><![CDATA[java.lang.AssertionError: 

Expected: (an instance of com.github.nosan.embedded.cassandra.CassandraException and exception with cause expects type <class java.io.IOException> and a message "invalid_property")
     but: exception with cause expects type <class java.io.IOException> and a message "invalid_property" cause was <java.io.IOException: Cassandra has not be started. Please see logs for more details.
>
Stacktrace was: com.github.nosan.embedded.cassandra.CassandraException: Unable to start Cassandra
	at com.github.nosan.embedded.cassandra.local.LocalCassandraDelegate.start(LocalCassandraDelegate.java:116)
	at com.github.nosan.embedded.cassandra.testutil.CassandraRunner.run(CassandraRunner.java:49)
	at com.github.nosan.embedded.cassandra.local.AbstractLocalCassandraTests.invalidConfigurationNoTransport(AbstractLocalCassandraTests.java:102)
	at sun.reflect.NativeMethodAccessorImpl.invoke0(Native Method)
	at sun.reflect.NativeMethodAccessorImpl.invoke(NativeMethodAccessorImpl.java:62)
	at sun.reflect.DelegatingMethodAccessorImpl.invoke(DelegatingMethodAccessorImpl.java:43)
	at java.lang.reflect.Method.invoke(Method.java:498)
	at org.junit.runners.model.FrameworkMethod$1.runReflectiveCall(FrameworkMethod.java:50)
	at org.junit.internal.runners.model.ReflectiveCallable.run(ReflectiveCallable.java:12)
	at org.junit.runners.model.FrameworkMethod.invokeExplosively(FrameworkMethod.java:47)
	at org.junit.internal.runners.statements.InvokeMethod.evaluate(InvokeMethod.java:17)
	at com.github.nosan.embedded.cassandra.testutil.Output$1.evaluate(Output.java:55)
	at org.junit.rules.ExpectedException$ExpectedExceptionStatement.evaluate(ExpectedException.java:239)
	at org.junit.rules.RunRules.evaluate(RunRules.java:20)
	at org.junit.runners.ParentRunner.runLeaf(ParentRunner.java:325)
	at org.junit.runners.BlockJUnit4ClassRunner.runChild(BlockJUnit4ClassRunner.java:78)
	at org.junit.runners.BlockJUnit4ClassRunner.runChild(BlockJUnit4ClassRunner.java:57)
	at org.junit.runners.ParentRunner$3.run(ParentRunner.java:290)
	at org.junit.runners.ParentRunner$1.schedule(ParentRunner.java:71)
	at org.junit.runners.ParentRunner.runChildren(ParentRunner.java:288)
	at org.junit.runners.ParentRunner.access$000(ParentRunner.java:58)
	at org.junit.runners.ParentRunner$2.evaluate(ParentRunner.java:268)
	at org.junit.runners.ParentRunner.run(ParentRunner.java:363)
	at org.apache.maven.surefire.junit4.JUnit4Provider.execute(JUnit4Provider.java:365)
	at org.apache.maven.surefire.junit4.JUnit4Provider.executeWithRerun(JUnit4Provider.java:272)
	at org.apache.maven.surefire.junit4.JUnit4Provider.executeTestSet(JUnit4Provider.java:236)
	at org.apache.maven.surefire.junit4.JUnit4Provider.invoke(JUnit4Provider.java:159)
	at org.apache.maven.surefire.booter.ForkedBooter.invokeProviderInSameClassLoader(ForkedBooter.java:386)
	at org.apache.maven.surefire.booter.ForkedBooter.runSuitesInProcess(ForkedBooter.java:323)
	at org.apache.maven.surefire.booter.ForkedBooter.main(ForkedBooter.java:143)
Caused by: java.io.IOException: Cassandra has not be started. Please see logs for more details.

	at com.github.nosan.embedded.cassandra.local.LocalCassandra.throwException(LocalCassandra.java:240)
	at com.github.nosan.embedded.cassandra.local.LocalCassandra.start(LocalCassandra.java:116)
	at com.github.nosan.embedded.cassandra.local.LocalCassandraDelegate.start(LocalCassandraDelegate.java:103)
	... 29 more

]]></failure>
    <system-out><![CDATA[2018-10-16 00:00:24 [main] INFO  c.g.n.embedded.cassandra.Cassandra - Starts Apache Cassandra
2018-10-16 00:00:24 [main] INFO  c.g.n.e.cassandra.local.Directory - Extract (/root/apache-cassandra-3.11.3-bin.tar.gz) into (/tmp/embedded-cassandra-73c6bea3-469a-4d63-b1d3-4116fcd6a7f9). It takes a while...
2018-10-16 00:00:25 [Thread-9] INFO  c.g.n.embedded.cassandra.Cassandra - Running Cassandra as root user or group is not recommended - please start Cassandra using a different system user.
2018-10-16 00:00:25 [Thread-9] INFO  c.g.n.embedded.cassandra.Cassandra - If you really want to force running Cassandra as root, use -R command line option.
2018-10-16 00:00:25 [main] INFO  c.g.n.embedded.cassandra.Cassandra - Stops Apache Cassandra
2018-10-16 00:00:25 [main] INFO  c.g.n.embedded.cassandra.Cassandra - Cassandra process has been destroyed
2018-10-16 00:00:25 [main] INFO  c.g.n.embedded.cassandra.Cassandra - Apache Cassandra has been stopped (33 ms) 
]]></system-out>
  </testcase>
  <testcase name="restart" classname="com.github.nosan.embedded.cassandra.local.LocalCassandraV_3_11_3_Tests" time="1.407">
    <error message="Unable to start Cassandra" type="com.github.nosan.embedded.cassandra.CassandraException">com.github.nosan.embedded.cassandra.CassandraException: Unable to start Cassandra
Caused by: java.io.IOException: 
Cassandra has not be started. Please see logs for more details.

</error>
    <system-out><![CDATA[2018-10-16 00:00:25 [main] INFO  c.g.n.embedded.cassandra.Cassandra - Starts Apache Cassandra
2018-10-16 00:00:25 [main] INFO  c.g.n.e.cassandra.local.Directory - Extract (/root/apache-cassandra-3.11.3-bin.tar.gz) into (/tmp/embedded-cassandra-64c51c51-f43d-477e-a94b-f77731525d86). It takes a while...
2018-10-16 00:00:27 [Thread-11] INFO  c.g.n.embedded.cassandra.Cassandra - Running Cassandra as root user or group is not recommended - please start Cassandra using a different system user.
2018-10-16 00:00:27 [Thread-11] INFO  c.g.n.embedded.cassandra.Cassandra - If you really want to force running Cassandra as root, use -R command line option.
2018-10-16 00:00:27 [main] INFO  c.g.n.embedded.cassandra.Cassandra - Stops Apache Cassandra
2018-10-16 00:00:27 [main] INFO  c.g.n.embedded.cassandra.Cassandra - Cassandra process has been destroyed
2018-10-16 00:00:27 [main] INFO  c.g.n.embedded.cassandra.Cassandra - Apache Cassandra has been stopped (31 ms) 
]]></system-out>
  </testcase>
  <testcase name="invalidConfiguration" classname="com.github.nosan.embedded.cassandra.local.LocalCassandraV_3_11_3_Tests" time="1.281">
    <failure message="&#10;Expected: (an instance of com.github.nosan.embedded.cassandra.CassandraException and exception with cause expects type &lt;class java.io.IOException&gt; and a message &quot;invalid_property&quot;)&#10;     but: exception with cause expects type &lt;class java.io.IOException&gt; and a message &quot;invalid_property&quot; cause was &lt;java.io.IOException: Cassandra has not be started. Please see logs for more details.&#10;&gt;&#10;Stacktrace was: com.github.nosan.embedded.cassandra.CassandraException: Unable to start Cassandra&#10;	at com.github.nosan.embedded.cassandra.local.LocalCassandraDelegate.start(LocalCassandraDelegate.java:116)&#10;	at com.github.nosan.embedded.cassandra.testutil.CassandraRunner.run(CassandraRunner.java:49)&#10;	at com.github.nosan.embedded.cassandra.local.AbstractLocalCassandraTests.invalidConfiguration(AbstractLocalCassandraTests.java:92)&#10;	at sun.reflect.NativeMethodAccessorImpl.invoke0(Native Method)&#10;	at sun.reflect.NativeMethodAccessorImpl.invoke(NativeMethodAccessorImpl.java:62)&#10;	at sun.reflect.DelegatingMethodAccessorImpl.invoke(DelegatingMethodAccessorImpl.java:43)&#10;	at java.lang.reflect.Method.invoke(Method.java:498)&#10;	at org.junit.runners.model.FrameworkMethod$1.runReflectiveCall(FrameworkMethod.java:50)&#10;	at org.junit.internal.runners.model.ReflectiveCallable.run(ReflectiveCallable.java:12)&#10;	at org.junit.runners.model.FrameworkMethod.invokeExplosively(FrameworkMethod.java:47)&#10;	at org.junit.internal.runners.statements.InvokeMethod.evaluate(InvokeMethod.java:17)&#10;	at com.github.nosan.embedded.cassandra.testutil.Output$1.evaluate(Output.java:55)&#10;	at org.junit.rules.ExpectedException$ExpectedExceptionStatement.evaluate(ExpectedException.java:239)&#10;	at org.junit.rules.RunRules.evaluate(RunRules.java:20)&#10;	at org.junit.runners.ParentRunner.runLeaf(ParentRunner.java:325)&#10;	at org.junit.runners.BlockJUnit4ClassRunner.runChild(BlockJUnit4ClassRunner.java:78)&#10;	at org.junit.runners.BlockJUnit4ClassRunner.runChild(BlockJUnit4ClassRunner.java:57)&#10;	at org.junit.runners.ParentRunner$3.run(ParentRunner.java:290)&#10;	at org.junit.runners.ParentRunner$1.schedule(ParentRunner.java:71)&#10;	at org.junit.runners.ParentRunner.runChildren(ParentRunner.java:288)&#10;	at org.junit.runners.ParentRunner.access$000(ParentRunner.java:58)&#10;	at org.junit.runners.ParentRunner$2.evaluate(ParentRunner.java:268)&#10;	at org.junit.runners.ParentRunner.run(ParentRunner.java:363)&#10;	at org.apache.maven.surefire.junit4.JUnit4Provider.execute(JUnit4Provider.java:365)&#10;	at org.apache.maven.surefire.junit4.JUnit4Provider.executeWithRerun(JUnit4Provider.java:272)&#10;	at org.apache.maven.surefire.junit4.JUnit4Provider.executeTestSet(JUnit4Provider.java:236)&#10;	at org.apache.maven.surefire.junit4.JUnit4Provider.invoke(JUnit4Provider.java:159)&#10;	at org.apache.maven.surefire.booter.ForkedBooter.invokeProviderInSameClassLoader(ForkedBooter.java:386)&#10;	at org.apache.maven.surefire.booter.ForkedBooter.runSuitesInProcess(ForkedBooter.java:323)&#10;	at org.apache.maven.surefire.booter.ForkedBooter.main(ForkedBooter.java:143)&#10;Caused by: java.io.IOException: Cassandra has not be started. Please see logs for more details.&#10;&#10;	at com.github.nosan.embedded.cassandra.local.LocalCassandra.throwException(LocalCassandra.java:240)&#10;	at com.github.nosan.embedded.cassandra.local.LocalCassandra.lambda$start$0(LocalCassandra.java:100)&#10;	at com.github.nosan.embedded.cassandra.local.LocalCassandra.await(LocalCassandra.java:214)&#10;	at com.github.nosan.embedded.cassandra.local.LocalCassandra.start(LocalCassandra.java:98)&#10;	at com.github.nosan.embedded.cassandra.local.LocalCassandraDelegate.start(LocalCassandraDelegate.java:103)&#10;	... 29 more&#10;" type="java.lang.AssertionError"><![CDATA[java.lang.AssertionError: 

Expected: (an instance of com.github.nosan.embedded.cassandra.CassandraException and exception with cause expects type <class java.io.IOException> and a message "invalid_property")
     but: exception with cause expects type <class java.io.IOException> and a message "invalid_property" cause was <java.io.IOException: Cassandra has not be started. Please see logs for more details.
>
Stacktrace was: com.github.nosan.embedded.cassandra.CassandraException: Unable to start Cassandra
	at com.github.nosan.embedded.cassandra.local.LocalCassandraDelegate.start(LocalCassandraDelegate.java:116)
	at com.github.nosan.embedded.cassandra.testutil.CassandraRunner.run(CassandraRunner.java:49)
	at com.github.nosan.embedded.cassandra.local.AbstractLocalCassandraTests.invalidConfiguration(AbstractLocalCassandraTests.java:92)
	at sun.reflect.NativeMethodAccessorImpl.invoke0(Native Method)
	at sun.reflect.NativeMethodAccessorImpl.invoke(NativeMethodAccessorImpl.java:62)
	at sun.reflect.DelegatingMethodAccessorImpl.invoke(DelegatingMethodAccessorImpl.java:43)
	at java.lang.reflect.Method.invoke(Method.java:498)
	at org.junit.runners.model.FrameworkMethod$1.runReflectiveCall(FrameworkMethod.java:50)
	at org.junit.internal.runners.model.ReflectiveCallable.run(ReflectiveCallable.java:12)
	at org.junit.runners.model.FrameworkMethod.invokeExplosively(FrameworkMethod.java:47)
	at org.junit.internal.runners.statements.InvokeMethod.evaluate(InvokeMethod.java:17)
	at com.github.nosan.embedded.cassandra.testutil.Output$1.evaluate(Output.java:55)
	at org.junit.rules.ExpectedException$ExpectedExceptionStatement.evaluate(ExpectedException.java:239)
	at org.junit.rules.RunRules.evaluate(RunRules.java:20)
	at org.junit.runners.ParentRunner.runLeaf(ParentRunner.java:325)
	at org.junit.runners.BlockJUnit4ClassRunner.runChild(BlockJUnit4ClassRunner.java:78)
	at org.junit.runners.BlockJUnit4ClassRunner.runChild(BlockJUnit4ClassRunner.java:57)
	at org.junit.runners.ParentRunner$3.run(ParentRunner.java:290)
	at org.junit.runners.ParentRunner$1.schedule(ParentRunner.java:71)
	at org.junit.runners.ParentRunner.runChildren(ParentRunner.java:288)
	at org.junit.runners.ParentRunner.access$000(ParentRunner.java:58)
	at org.junit.runners.ParentRunner$2.evaluate(ParentRunner.java:268)
	at org.junit.runners.ParentRunner.run(ParentRunner.java:363)
	at org.apache.maven.surefire.junit4.JUnit4Provider.execute(JUnit4Provider.java:365)
	at org.apache.maven.surefire.junit4.JUnit4Provider.executeWithRerun(JUnit4Provider.java:272)
	at org.apache.maven.surefire.junit4.JUnit4Provider.executeTestSet(JUnit4Provider.java:236)
	at org.apache.maven.surefire.junit4.JUnit4Provider.invoke(JUnit4Provider.java:159)
	at org.apache.maven.surefire.booter.ForkedBooter.invokeProviderInSameClassLoader(ForkedBooter.java:386)
	at org.apache.maven.surefire.booter.ForkedBooter.runSuitesInProcess(ForkedBooter.java:323)
	at org.apache.maven.surefire.booter.ForkedBooter.main(ForkedBooter.java:143)
Caused by: java.io.IOException: Cassandra has not be started. Please see logs for more details.

	at com.github.nosan.embedded.cassandra.local.LocalCassandra.throwException(LocalCassandra.java:240)
	at com.github.nosan.embedded.cassandra.local.LocalCassandra.lambda$start$0(LocalCassandra.java:100)
	at com.github.nosan.embedded.cassandra.local.LocalCassandra.await(LocalCassandra.java:214)
	at com.github.nosan.embedded.cassandra.local.LocalCassandra.start(LocalCassandra.java:98)
	at com.github.nosan.embedded.cassandra.local.LocalCassandraDelegate.start(LocalCassandraDelegate.java:103)
	... 29 more

]]></failure>
    <system-out><![CDATA[2018-10-16 00:00:27 [main] INFO  c.g.n.embedded.cassandra.Cassandra - Starts Apache Cassandra
2018-10-16 00:00:27 [main] INFO  c.g.n.e.cassandra.local.Directory - Extract (/root/apache-cassandra-3.11.3-bin.tar.gz) into (/tmp/embedded-cassandra-b91fc106-1376-444e-917e-2cd8535929b2). It takes a while...
2018-10-16 00:00:28 [Thread-13] INFO  c.g.n.embedded.cassandra.Cassandra - Running Cassandra as root user or group is not recommended - please start Cassandra using a different system user.
2018-10-16 00:00:28 [Thread-13] INFO  c.g.n.embedded.cassandra.Cassandra - If you really want to force running Cassandra as root, use -R command line option.
2018-10-16 00:00:28 [main] INFO  c.g.n.embedded.cassandra.Cassandra - Stops Apache Cassandra
2018-10-16 00:00:28 [main] INFO  c.g.n.embedded.cassandra.Cassandra - Cassandra process has been destroyed
2018-10-16 00:00:28 [main] INFO  c.g.n.embedded.cassandra.Cassandra - Apache Cassandra has been stopped (22 ms) 
]]></system-out>
  </testcase>
  <testcase name="several" classname="com.github.nosan.embedded.cassandra.local.LocalCassandraV_3_11_3_Tests" time="1.234">
    <failure message="Cassandra has failed (com.github.nosan.embedded.cassandra.CassandraException: Unable to start Cassandra) - (java.io.IOException: Cassandra has not be started. Please see logs for more details.&#10;)" type="java.lang.AssertionError">java.lang.AssertionError: 
Cassandra has failed (com.github.nosan.embedded.cassandra.CassandraException: Unable to start Cassandra) - (java.io.IOException: Cassandra has not be started. Please see logs for more details.
)
</failure>
    <system-out><![CDATA[2018-10-16 00:00:28 [main] INFO  c.g.n.embedded.cassandra.Cassandra - Starts Apache Cassandra
2018-10-16 00:00:28 [main] INFO  c.g.n.e.cassandra.local.Directory - Extract (/root/apache-cassandra-3.11.3-bin.tar.gz) into (/tmp/embedded-cassandra-7b971fde-269e-4d32-8966-e6962e1466f3). It takes a while...
2018-10-16 00:00:29 [Thread-15] INFO  c.g.n.embedded.cassandra.Cassandra - Running Cassandra as root user or group is not recommended - please start Cassandra using a different system user.
2018-10-16 00:00:29 [Thread-15] INFO  c.g.n.embedded.cassandra.Cassandra - If you really want to force running Cassandra as root, use -R command line option.
2018-10-16 00:00:29 [main] INFO  c.g.n.embedded.cassandra.Cassandra - Stops Apache Cassandra
2018-10-16 00:00:29 [main] INFO  c.g.n.embedded.cassandra.Cassandra - Cassandra process has been destroyed
2018-10-16 00:00:29 [main] INFO  c.g.n.embedded.cassandra.Cassandra - Apache Cassandra has been stopped (22 ms) 
]]></system-out>
  </testcase>
</testsuite>