<?xml version="1.0" encoding="UTF-8"?>
<testsuite xmlns:xsi="http://www.w3.org/2001/XMLSchema-instance" xsi:noNamespaceSchemaLocation="https://maven.apache.org/surefire/maven-surefire-plugin/xsd/surefire-test-report.xsd" name="com.github.nosan.embedded.cassandra.support.PackageResolverFactoryTests" time="0.031" tests="3" errors="0" skipped="0" failures="1">
  <properties>
    <property name="java.runtime.name" value="OpenJDK Runtime Environment"/>
    <property name="sun.boot.library.path" value="/usr/lib/jvm/java-8-openjdk-amd64/jre/lib/amd64"/>
    <property name="java.vm.version" value="25.121-b13"/>
    <property name="java.vm.vendor" value="Oracle Corporation"/>
    <property name="maven.multiModuleProjectDirectory" value="/root/workspace/nosan/embedded-cassandra/407994815"/>
    <property name="java.vendor.url" value="http://java.oracle.com/"/>
    <property name="path.separator" value=":"/>
    <property name="guice.disable.misplaced.annotation.check" value="true"/>
    <property name="skip.gulp" value="true"/>
    <property name="java.vm.name" value="OpenJDK 64-Bit Server VM"/>
    <property name="file.encoding.pkg" value="sun.io"/>
    <property name="sun.java.launcher" value="SUN_STANDARD"/>
    <property name="sun.os.patch.level" value="unknown"/>
    <property name="findbugs.skip" value="true"/>
    <property name="java.vm.specification.name" value="Java Virtual Machine Specification"/>
    <property name="user.dir" value="/root/workspace/nosan/embedded-cassandra/407994815"/>
    <property name="checkstyle.skip" value="true"/>
    <property name="java.runtime.version" value="1.8.0_121-8u121-b13-1~bpo8+1-b13"/>
    <property name="java.awt.graphicsenv" value="sun.awt.X11GraphicsEnvironment"/>
    <property name="skip.npm" value="true"/>
    <property name="java.endorsed.dirs" value="/usr/lib/jvm/java-8-openjdk-amd64/jre/lib/endorsed"/>
    <property name="os.arch" value="amd64"/>
    <property name="java.io.tmpdir" value="/tmp"/>
    <property name="gpg.skip" value="true"/>
    <property name="line.separator" value="&#10;"/>
    <property name="java.vm.specification.vendor" value="Oracle Corporation"/>
    <property name="cobertura.skip" value="true"/>
    <property name="os.name" value="Linux"/>
    <property name="classworlds.conf" value="/usr/share/maven/bin/m2.conf"/>
    <property name="sun.jnu.encoding" value="UTF-8"/>
    <property name="java.library.path" value="/usr/java/packages/lib/amd64:/usr/lib/x86_64-linux-gnu/jni:/lib/x86_64-linux-gnu:/usr/lib/x86_64-linux-gnu:/usr/lib/jni:/lib:/usr/lib"/>
    <property name="license.skip" value="true"/>
    <property name="java.specification.name" value="Java Platform API Specification"/>
    <property name="java.class.version" value="52.0"/>
    <property name="sun.management.compiler" value="HotSpot 64-Bit Tiered Compilers"/>
    <property name="skip.bower" value="true"/>
    <property name="maven.repo.local" value="/root/./workspace/nosan/embedded-cassandra/407994815/.m2"/>
    <property name="os.version" value="3.10.0-862.3.2.el7.x86_64"/>
    <property name="user.home" value="/root"/>
    <property name="user.timezone" value="Europe/Paris"/>
    <property name="java.awt.printerjob" value="sun.print.PSPrinterJob"/>
    <property name="java.specification.version" value="1.8"/>
    <property name="file.encoding" value="UTF-8"/>
    <property name="user.name" value="root"/>
    <property name="java.class.path" value="/usr/share/maven/boot/plexus-classworlds-2.5.2.jar"/>
    <property name="skipITs" value="true"/>
    <property name="java.vm.specification.version" value="1.8"/>
    <property name="sun.arch.data.model" value="64"/>
    <property name="java.home" value="/usr/lib/jvm/java-8-openjdk-amd64/jre"/>
    <property name="sun.java.command" value="org.codehaus.plexus.classworlds.launcher.Launcher -B -D enforcer.skip=true -D dependency-check.skip=true -D skipITs=true -D cobertura.skip=true -D maven.repo.local=/root/./workspace/nosan/embedded-cassandra/407994815/.m2 -D rat.skip=true -D findbugs.skip=true -D skip.bower=true -D gpg.skip=true -D checkstyle.skip=true -D skip.gulp=true -D license.skip=true -D skip.npm=true test"/>
    <property name="java.specification.vendor" value="Oracle Corporation"/>
    <property name="user.language" value="en"/>
    <property name="awt.toolkit" value="sun.awt.X11.XToolkit"/>
    <property name="dependency-check.skip" value="true"/>
    <property name="java.vm.info" value="mixed mode"/>
    <property name="java.version" value="1.8.0_121"/>
    <property name="java.ext.dirs" value="/usr/lib/jvm/java-8-openjdk-amd64/jre/lib/ext:/usr/java/packages/lib/ext"/>
    <property name="securerandom.source" value="file:/dev/./urandom"/>
    <property name="sun.boot.class.path" value="/usr/lib/jvm/java-8-openjdk-amd64/jre/lib/resources.jar:/usr/lib/jvm/java-8-openjdk-amd64/jre/lib/rt.jar:/usr/lib/jvm/java-8-openjdk-amd64/jre/lib/sunrsasign.jar:/usr/lib/jvm/java-8-openjdk-amd64/jre/lib/jsse.jar:/usr/lib/jvm/java-8-openjdk-amd64/jre/lib/jce.jar:/usr/lib/jvm/java-8-openjdk-amd64/jre/lib/charsets.jar:/usr/lib/jvm/java-8-openjdk-amd64/jre/lib/jfr.jar:/usr/lib/jvm/java-8-openjdk-amd64/jre/classes"/>
    <property name="java.vendor" value="Oracle Corporation"/>
    <property name="enforcer.skip" value="true"/>
    <property name="rat.skip" value="true"/>
    <property name="maven.home" value="/usr/share/maven"/>
    <property name="file.separator" value="/"/>
    <property name="java.vendor.url.bug" value="http://bugreport.sun.com/bugreport/"/>
    <property name="sun.cpu.endian" value="little"/>
    <property name="sun.io.unicode.encoding" value="UnicodeLittle"/>
    <property name="sun.cpu.isalist" value=""/>
  </properties>
  <testcase name="getPath" classname="com.github.nosan.embedded.cassandra.support.PackageResolverFactoryTests" time="0"/>
  <testcase name="getFileSet" classname="com.github.nosan.embedded.cassandra.support.PackageResolverFactoryTests" time="0.029">
    <failure message="&#10;Expected size:&lt;186&gt; but was:&lt;171&gt; in:&#10;&lt;[de.flapdoodle.embed.process.config.store.FileSet$Entry@ae1964c7,&#10;    de.flapdoodle.embed.process.config.store.FileSet$Entry@8bc0a3ff,&#10;    de.flapdoodle.embed.process.config.store.FileSet$Entry@f56d18a7,&#10;    de.flapdoodle.embed.process.config.store.FileSet$Entry@685dfcc7,&#10;    de.flapdoodle.embed.process.config.store.FileSet$Entry@f1405127,&#10;    de.flapdoodle.embed.process.config.store.FileSet$Entry@34438407,&#10;    de.flapdoodle.embed.process.config.store.FileSet$Entry@237af23f,&#10;    de.flapdoodle.embed.process.config.store.FileSet$Entry@36a96547,&#10;    de.flapdoodle.embed.process.config.store.FileSet$Entry@b8c58827,&#10;    de.flapdoodle.embed.process.config.store.FileSet$Entry@f2d51cff,&#10;    de.flapdoodle.embed.process.config.store.FileSet$Entry@845ea3df,&#10;    de.flapdoodle.embed.process.config.store.FileSet$Entry@889e4087,&#10;    de.flapdoodle.embed.process.config.store.FileSet$Entry@437d9ae7,&#10;    de.flapdoodle.embed.process.config.store.FileSet$Entry@2f45edc7,&#10;    de.flapdoodle.embed.process.config.store.FileSet$Entry@92bf7bdf,&#10;    de.flapdoodle.embed.process.config.store.FileSet$Entry@583e92bf,&#10;    de.flapdoodle.embed.process.config.store.FileSet$Entry@d995ca7f,&#10;    de.flapdoodle.embed.process.config.store.FileSet$Entry@980c915f,&#10;    de.flapdoodle.embed.process.config.store.FileSet$Entry@373009c7,&#10;    de.flapdoodle.embed.process.config.store.FileSet$Entry@1465eca7,&#10;    de.flapdoodle.embed.process.config.store.FileSet$Entry@54e8a7a7,&#10;    de.flapdoodle.embed.process.config.store.FileSet$Entry@46dc9a87,&#10;    de.flapdoodle.embed.process.config.store.FileSet$Entry@e4972987,&#10;    de.flapdoodle.embed.process.config.store.FileSet$Entry@75b72c67,&#10;    de.flapdoodle.embed.process.config.store.FileSet$Entry@75bdfb87,&#10;    de.flapdoodle.embed.process.config.store.FileSet$Entry@f76b095f,&#10;    de.flapdoodle.embed.process.config.store.FileSet$Entry@4ace9e87,&#10;    de.flapdoodle.embed.process.config.store.FileSet$Entry@af3fee9f,&#10;    de.flapdoodle.embed.process.config.store.FileSet$Entry@71fcbe1f,&#10;    de.flapdoodle.embed.process.config.store.FileSet$Entry@6ee38fff,&#10;    de.flapdoodle.embed.process.config.store.FileSet$Entry@8dfe45c7,&#10;    de.flapdoodle.embed.process.config.store.FileSet$Entry@515596a7,&#10;    de.flapdoodle.embed.process.config.store.FileSet$Entry@4a0d7ea7,&#10;    de.flapdoodle.embed.process.config.store.FileSet$Entry@5725cd07,&#10;    de.flapdoodle.embed.process.config.store.FileSet$Entry@7988c77f,&#10;    de.flapdoodle.embed.process.config.store.FileSet$Entry@414f349f,&#10;    de.flapdoodle.embed.process.config.store.FileSet$Entry@8acab7df,&#10;    de.flapdoodle.embed.process.config.store.FileSet$Entry@eb0cc19f,&#10;    de.flapdoodle.embed.process.config.store.FileSet$Entry@956cc1df,&#10;    de.flapdoodle.embed.process.config.store.FileSet$Entry@2a08c65f,&#10;    de.flapdoodle.embed.process.config.store.FileSet$Entry@221c72bf,&#10;    de.flapdoodle.embed.process.config.store.FileSet$Entry@c20d7ce7,&#10;    de.flapdoodle.embed.process.config.store.FileSet$Entry@713e7c47,&#10;    de.flapdoodle.embed.process.config.store.FileSet$Entry@c8dd8047,&#10;    de.flapdoodle.embed.process.config.store.FileSet$Entry@f9ced987,&#10;    de.flapdoodle.embed.process.config.store.FileSet$Entry@f947f67f,&#10;    de.flapdoodle.embed.process.config.store.FileSet$Entry@56b56d87,&#10;    de.flapdoodle.embed.process.config.store.FileSet$Entry@6e4f89df,&#10;    de.flapdoodle.embed.process.config.store.FileSet$Entry@d29b75df,&#10;    de.flapdoodle.embed.process.config.store.FileSet$Entry@e4d8f947,&#10;    de.flapdoodle.embed.process.config.store.FileSet$Entry@176e999f,&#10;    de.flapdoodle.embed.process.config.store.FileSet$Entry@b65d2167,&#10;    de.flapdoodle.embed.process.config.store.FileSet$Entry@cc9a7827,&#10;    de.flapdoodle.embed.process.config.store.FileSet$Entry@6a396547,&#10;    de.flapdoodle.embed.process.config.store.FileSet$Entry@71115a27,&#10;    de.flapdoodle.embed.process.config.store.FileSet$Entry@4531129f,&#10;    de.flapdoodle.embed.process.config.store.FileSet$Entry@d90cae1f,&#10;    de.flapdoodle.embed.process.config.store.FileSet$Entry@19405e67,&#10;    de.flapdoodle.embed.process.config.store.FileSet$Entry@9aad6987,&#10;    de.flapdoodle.embed.process.config.store.FileSet$Entry@4634c7c7,&#10;    de.flapdoodle.embed.process.config.store.FileSet$Entry@9eea4adf,&#10;    de.flapdoodle.embed.process.config.store.FileSet$Entry@6badd99f,&#10;    de.flapdoodle.embed.process.config.store.FileSet$Entry@7846403f,&#10;    de.flapdoodle.embed.process.config.store.FileSet$Entry@5bff8fff,&#10;    de.flapdoodle.embed.process.config.store.FileSet$Entry@1b0a1087,&#10;    de.flapdoodle.embed.process.config.store.FileSet$Entry@ddbb1347,&#10;    de.flapdoodle.embed.process.config.store.FileSet$Entry@986ca2bf,&#10;    de.flapdoodle.embed.process.config.store.FileSet$Entry@7b29e8bf,&#10;    de.flapdoodle.embed.process.config.store.FileSet$Entry@936e357f,&#10;    de.flapdoodle.embed.process.config.store.FileSet$Entry@8e0e22df,&#10;    de.flapdoodle.embed.process.config.store.FileSet$Entry@3daf7d3f,&#10;    de.flapdoodle.embed.process.config.store.FileSet$Entry@70bbc947,&#10;    de.flapdoodle.embed.process.config.store.FileSet$Entry@318451a7,&#10;    de.flapdoodle.embed.process.config.store.FileSet$Entry@64865a87,&#10;    de.flapdoodle.embed.process.config.store.FileSet$Entry@645630e7,&#10;    de.flapdoodle.embed.process.config.store.FileSet$Entry@f09b4b27,&#10;    de.flapdoodle.embed.process.config.store.FileSet$Entry@3bba4b27,&#10;    de.flapdoodle.embed.process.config.store.FileSet$Entry@afc76aff,&#10;    de.flapdoodle.embed.process.config.store.FileSet$Entry@21e9c5a7,&#10;    de.flapdoodle.embed.process.config.store.FileSet$Entry@3f2e543f,&#10;    de.flapdoodle.embed.process.config.store.FileSet$Entry@d5e86a47,&#10;    de.flapdoodle.embed.process.config.store.FileSet$Entry@3c05911f,&#10;    de.flapdoodle.embed.process.config.store.FileSet$Entry@68c57467,&#10;    de.flapdoodle.embed.process.config.store.FileSet$Entry@ccf193a7,&#10;    de.flapdoodle.embed.process.config.store.FileSet$Entry@8f9bb37f,&#10;    de.flapdoodle.embed.process.config.store.FileSet$Entry@744f0ebf,&#10;    de.flapdoodle.embed.process.config.store.FileSet$Entry@4ef00527,&#10;    de.flapdoodle.embed.process.config.store.FileSet$Entry@6c924a3f,&#10;    de.flapdoodle.embed.process.config.store.FileSet$Entry@3bdeb6df,&#10;    de.flapdoodle.embed.process.config.store.FileSet$Entry@ab8ddda7,&#10;    de.flapdoodle.embed.process.config.store.FileSet$Entry@fae7f447,&#10;    de.flapdoodle.embed.process.config.store.FileSet$Entry@4a6c6dc7,&#10;    de.flapdoodle.embed.process.config.store.FileSet$Entry@49cef9e7,&#10;    de.flapdoodle.embed.process.config.store.FileSet$Entry@2d1d5adf,&#10;    de.flapdoodle.embed.process.config.store.FileSet$Entry@24f943ff,&#10;    de.flapdoodle.embed.process.config.store.FileSet$Entry@a4a7c27f,&#10;    de.flapdoodle.embed.process.config.store.FileSet$Entry@92d98ca7,&#10;    de.flapdoodle.embed.process.config.store.FileSet$Entry@c90a9d27,&#10;    de.flapdoodle.embed.process.config.store.FileSet$Entry@f032be7,&#10;    de.flapdoodle.embed.process.config.store.FileSet$Entry@45343c67,&#10;    de.flapdoodle.embed.process.config.store.FileSet$Entry@b1658467,&#10;    de.flapdoodle.embed.process.config.store.FileSet$Entry@db7ac207,&#10;    de.flapdoodle.embed.process.config.store.FileSet$Entry@ec806147,&#10;    de.flapdoodle.embed.process.config.store.FileSet$Entry@41e37147,&#10;    de.flapdoodle.embed.process.config.store.FileSet$Entry@b1b57087,&#10;    de.flapdoodle.embed.process.config.store.FileSet$Entry@a878e167,&#10;    de.flapdoodle.embed.process.config.store.FileSet$Entry@a8876d47,&#10;    de.flapdoodle.embed.process.config.store.FileSet$Entry@1cb066c7,&#10;    de.flapdoodle.embed.process.config.store.FileSet$Entry@9af8b2e7,&#10;    de.flapdoodle.embed.process.config.store.FileSet$Entry@2c9355e7,&#10;    de.flapdoodle.embed.process.config.store.FileSet$Entry@90f6f6e7,&#10;    de.flapdoodle.embed.process.config.store.FileSet$Entry@90faab07,&#10;    de.flapdoodle.embed.process.config.store.FileSet$Entry@d9fb8e5f,&#10;    de.flapdoodle.embed.process.config.store.FileSet$Entry@c3d469e7,&#10;    de.flapdoodle.embed.process.config.store.FileSet$Entry@721280ff,&#10;    de.flapdoodle.embed.process.config.store.FileSet$Entry@5da81d07,&#10;    de.flapdoodle.embed.process.config.store.FileSet$Entry@2adea61f,&#10;    de.flapdoodle.embed.process.config.store.FileSet$Entry@fca0899f,&#10;    de.flapdoodle.embed.process.config.store.FileSet$Entry@8735ac27,&#10;    de.flapdoodle.embed.process.config.store.FileSet$Entry@eefbc75f,&#10;    de.flapdoodle.embed.process.config.store.FileSet$Entry@f169967f,&#10;    de.flapdoodle.embed.process.config.store.FileSet$Entry@bdfe381f,&#10;    de.flapdoodle.embed.process.config.store.FileSet$Entry@1b26987,&#10;    de.flapdoodle.embed.process.config.store.FileSet$Entry@9c47d9e7,&#10;    de.flapdoodle.embed.process.config.store.FileSet$Entry@6d7dd65f,&#10;    de.flapdoodle.embed.process.config.store.FileSet$Entry@6427a1bf,&#10;    de.flapdoodle.embed.process.config.store.FileSet$Entry@6db19bf,&#10;    de.flapdoodle.embed.process.config.store.FileSet$Entry@76a6d79f,&#10;    de.flapdoodle.embed.process.config.store.FileSet$Entry@1934743f,&#10;    de.flapdoodle.embed.process.config.store.FileSet$Entry@5e0747c7,&#10;    de.flapdoodle.embed.process.config.store.FileSet$Entry@cc576f47,&#10;    de.flapdoodle.embed.process.config.store.FileSet$Entry@52c29b7f,&#10;    de.flapdoodle.embed.process.config.store.FileSet$Entry@96122527,&#10;    de.flapdoodle.embed.process.config.store.FileSet$Entry@df85db7f,&#10;    de.flapdoodle.embed.process.config.store.FileSet$Entry@3c77f81f,&#10;    de.flapdoodle.embed.process.config.store.FileSet$Entry@d4ca9d07,&#10;    de.flapdoodle.embed.process.config.store.FileSet$Entry@325ef8df,&#10;    de.flapdoodle.embed.process.config.store.FileSet$Entry@dc5ecf5f,&#10;    de.flapdoodle.embed.process.config.store.FileSet$Entry@2f6a8df,&#10;    de.flapdoodle.embed.process.config.store.FileSet$Entry@96ec04bf,&#10;    de.flapdoodle.embed.process.config.store.FileSet$Entry@5466cd67,&#10;    de.flapdoodle.embed.process.config.store.FileSet$Entry@2ebbab7f,&#10;    de.flapdoodle.embed.process.config.store.FileSet$Entry@f90bab27,&#10;    de.flapdoodle.embed.process.config.store.FileSet$Entry@2f323ba7,&#10;    de.flapdoodle.embed.process.config.store.FileSet$Entry@19e0171f,&#10;    de.flapdoodle.embed.process.config.store.FileSet$Entry@1bed24a7,&#10;    de.flapdoodle.embed.process.config.store.FileSet$Entry@b5cf675f,&#10;    de.flapdoodle.embed.process.config.store.FileSet$Entry@7452925f,&#10;    de.flapdoodle.embed.process.config.store.FileSet$Entry@7562693f,&#10;    de.flapdoodle.embed.process.config.store.FileSet$Entry@fe66d4a7,&#10;    de.flapdoodle.embed.process.config.store.FileSet$Entry@e09abd7f,&#10;    de.flapdoodle.embed.process.config.store.FileSet$Entry@6b1ab347,&#10;    de.flapdoodle.embed.process.config.store.FileSet$Entry@74dc5ec7,&#10;    de.flapdoodle.embed.process.config.store.FileSet$Entry@6cd53e87,&#10;    de.flapdoodle.embed.process.config.store.FileSet$Entry@d6e2c167,&#10;    de.flapdoodle.embed.process.config.store.FileSet$Entry@48d4403f,&#10;    de.flapdoodle.embed.process.config.store.FileSet$Entry@b39a271f,&#10;    de.flapdoodle.embed.process.config.store.FileSet$Entry@ed671667,&#10;    de.flapdoodle.embed.process.config.store.FileSet$Entry@8905a947,&#10;    de.flapdoodle.embed.process.config.store.FileSet$Entry@4ea183e7,&#10;    de.flapdoodle.embed.process.config.store.FileSet$Entry@c44d56c7,&#10;    de.flapdoodle.embed.process.config.store.FileSet$Entry@8bec68c7,&#10;    de.flapdoodle.embed.process.config.store.FileSet$Entry@e5dacba7,&#10;    de.flapdoodle.embed.process.config.store.FileSet$Entry@5855213f,&#10;    de.flapdoodle.embed.process.config.store.FileSet$Entry@65c2881f,&#10;    de.flapdoodle.embed.process.config.store.FileSet$Entry@305c72bf,&#10;    de.flapdoodle.embed.process.config.store.FileSet$Entry@5ec5199f,&#10;    de.flapdoodle.embed.process.config.store.FileSet$Entry@9bfc061f,&#10;    de.flapdoodle.embed.process.config.store.FileSet$Entry@ce89dbff,&#10;    de.flapdoodle.embed.process.config.store.FileSet$Entry@8f4eb887,&#10;    de.flapdoodle.embed.process.config.store.FileSet$Entry@7bed389f]&gt;" type="java.lang.AssertionError"><![CDATA[java.lang.AssertionError: 

Expected size:<186> but was:<171> in:
<[de.flapdoodle.embed.process.config.store.FileSet$Entry@ae1964c7,
    de.flapdoodle.embed.process.config.store.FileSet$Entry@8bc0a3ff,
    de.flapdoodle.embed.process.config.store.FileSet$Entry@f56d18a7,
    de.flapdoodle.embed.process.config.store.FileSet$Entry@685dfcc7,
    de.flapdoodle.embed.process.config.store.FileSet$Entry@f1405127,
    de.flapdoodle.embed.process.config.store.FileSet$Entry@34438407,
    de.flapdoodle.embed.process.config.store.FileSet$Entry@237af23f,
    de.flapdoodle.embed.process.config.store.FileSet$Entry@36a96547,
    de.flapdoodle.embed.process.config.store.FileSet$Entry@b8c58827,
    de.flapdoodle.embed.process.config.store.FileSet$Entry@f2d51cff,
    de.flapdoodle.embed.process.config.store.FileSet$Entry@845ea3df,
    de.flapdoodle.embed.process.config.store.FileSet$Entry@889e4087,
    de.flapdoodle.embed.process.config.store.FileSet$Entry@437d9ae7,
    de.flapdoodle.embed.process.config.store.FileSet$Entry@2f45edc7,
    de.flapdoodle.embed.process.config.store.FileSet$Entry@92bf7bdf,
    de.flapdoodle.embed.process.config.store.FileSet$Entry@583e92bf,
    de.flapdoodle.embed.process.config.store.FileSet$Entry@d995ca7f,
    de.flapdoodle.embed.process.config.store.FileSet$Entry@980c915f,
    de.flapdoodle.embed.process.config.store.FileSet$Entry@373009c7,
    de.flapdoodle.embed.process.config.store.FileSet$Entry@1465eca7,
    de.flapdoodle.embed.process.config.store.FileSet$Entry@54e8a7a7,
    de.flapdoodle.embed.process.config.store.FileSet$Entry@46dc9a87,
    de.flapdoodle.embed.process.config.store.FileSet$Entry@e4972987,
    de.flapdoodle.embed.process.config.store.FileSet$Entry@75b72c67,
    de.flapdoodle.embed.process.config.store.FileSet$Entry@75bdfb87,
    de.flapdoodle.embed.process.config.store.FileSet$Entry@f76b095f,
    de.flapdoodle.embed.process.config.store.FileSet$Entry@4ace9e87,
    de.flapdoodle.embed.process.config.store.FileSet$Entry@af3fee9f,
    de.flapdoodle.embed.process.config.store.FileSet$Entry@71fcbe1f,
    de.flapdoodle.embed.process.config.store.FileSet$Entry@6ee38fff,
    de.flapdoodle.embed.process.config.store.FileSet$Entry@8dfe45c7,
    de.flapdoodle.embed.process.config.store.FileSet$Entry@515596a7,
    de.flapdoodle.embed.process.config.store.FileSet$Entry@4a0d7ea7,
    de.flapdoodle.embed.process.config.store.FileSet$Entry@5725cd07,
    de.flapdoodle.embed.process.config.store.FileSet$Entry@7988c77f,
    de.flapdoodle.embed.process.config.store.FileSet$Entry@414f349f,
    de.flapdoodle.embed.process.config.store.FileSet$Entry@8acab7df,
    de.flapdoodle.embed.process.config.store.FileSet$Entry@eb0cc19f,
    de.flapdoodle.embed.process.config.store.FileSet$Entry@956cc1df,
    de.flapdoodle.embed.process.config.store.FileSet$Entry@2a08c65f,
    de.flapdoodle.embed.process.config.store.FileSet$Entry@221c72bf,
    de.flapdoodle.embed.process.config.store.FileSet$Entry@c20d7ce7,
    de.flapdoodle.embed.process.config.store.FileSet$Entry@713e7c47,
    de.flapdoodle.embed.process.config.store.FileSet$Entry@c8dd8047,
    de.flapdoodle.embed.process.config.store.FileSet$Entry@f9ced987,
    de.flapdoodle.embed.process.config.store.FileSet$Entry@f947f67f,
    de.flapdoodle.embed.process.config.store.FileSet$Entry@56b56d87,
    de.flapdoodle.embed.process.config.store.FileSet$Entry@6e4f89df,
    de.flapdoodle.embed.process.config.store.FileSet$Entry@d29b75df,
    de.flapdoodle.embed.process.config.store.FileSet$Entry@e4d8f947,
    de.flapdoodle.embed.process.config.store.FileSet$Entry@176e999f,
    de.flapdoodle.embed.process.config.store.FileSet$Entry@b65d2167,
    de.flapdoodle.embed.process.config.store.FileSet$Entry@cc9a7827,
    de.flapdoodle.embed.process.config.store.FileSet$Entry@6a396547,
    de.flapdoodle.embed.process.config.store.FileSet$Entry@71115a27,
    de.flapdoodle.embed.process.config.store.FileSet$Entry@4531129f,
    de.flapdoodle.embed.process.config.store.FileSet$Entry@d90cae1f,
    de.flapdoodle.embed.process.config.store.FileSet$Entry@19405e67,
    de.flapdoodle.embed.process.config.store.FileSet$Entry@9aad6987,
    de.flapdoodle.embed.process.config.store.FileSet$Entry@4634c7c7,
    de.flapdoodle.embed.process.config.store.FileSet$Entry@9eea4adf,
    de.flapdoodle.embed.process.config.store.FileSet$Entry@6badd99f,
    de.flapdoodle.embed.process.config.store.FileSet$Entry@7846403f,
    de.flapdoodle.embed.process.config.store.FileSet$Entry@5bff8fff,
    de.flapdoodle.embed.process.config.store.FileSet$Entry@1b0a1087,
    de.flapdoodle.embed.process.config.store.FileSet$Entry@ddbb1347,
    de.flapdoodle.embed.process.config.store.FileSet$Entry@986ca2bf,
    de.flapdoodle.embed.process.config.store.FileSet$Entry@7b29e8bf,
    de.flapdoodle.embed.process.config.store.FileSet$Entry@936e357f,
    de.flapdoodle.embed.process.config.store.FileSet$Entry@8e0e22df,
    de.flapdoodle.embed.process.config.store.FileSet$Entry@3daf7d3f,
    de.flapdoodle.embed.process.config.store.FileSet$Entry@70bbc947,
    de.flapdoodle.embed.process.config.store.FileSet$Entry@318451a7,
    de.flapdoodle.embed.process.config.store.FileSet$Entry@64865a87,
    de.flapdoodle.embed.process.config.store.FileSet$Entry@645630e7,
    de.flapdoodle.embed.process.config.store.FileSet$Entry@f09b4b27,
    de.flapdoodle.embed.process.config.store.FileSet$Entry@3bba4b27,
    de.flapdoodle.embed.process.config.store.FileSet$Entry@afc76aff,
    de.flapdoodle.embed.process.config.store.FileSet$Entry@21e9c5a7,
    de.flapdoodle.embed.process.config.store.FileSet$Entry@3f2e543f,
    de.flapdoodle.embed.process.config.store.FileSet$Entry@d5e86a47,
    de.flapdoodle.embed.process.config.store.FileSet$Entry@3c05911f,
    de.flapdoodle.embed.process.config.store.FileSet$Entry@68c57467,
    de.flapdoodle.embed.process.config.store.FileSet$Entry@ccf193a7,
    de.flapdoodle.embed.process.config.store.FileSet$Entry@8f9bb37f,
    de.flapdoodle.embed.process.config.store.FileSet$Entry@744f0ebf,
    de.flapdoodle.embed.process.config.store.FileSet$Entry@4ef00527,
    de.flapdoodle.embed.process.config.store.FileSet$Entry@6c924a3f,
    de.flapdoodle.embed.process.config.store.FileSet$Entry@3bdeb6df,
    de.flapdoodle.embed.process.config.store.FileSet$Entry@ab8ddda7,
    de.flapdoodle.embed.process.config.store.FileSet$Entry@fae7f447,
    de.flapdoodle.embed.process.config.store.FileSet$Entry@4a6c6dc7,
    de.flapdoodle.embed.process.config.store.FileSet$Entry@49cef9e7,
    de.flapdoodle.embed.process.config.store.FileSet$Entry@2d1d5adf,
    de.flapdoodle.embed.process.config.store.FileSet$Entry@24f943ff,
    de.flapdoodle.embed.process.config.store.FileSet$Entry@a4a7c27f,
    de.flapdoodle.embed.process.config.store.FileSet$Entry@92d98ca7,
    de.flapdoodle.embed.process.config.store.FileSet$Entry@c90a9d27,
    de.flapdoodle.embed.process.config.store.FileSet$Entry@f032be7,
    de.flapdoodle.embed.process.config.store.FileSet$Entry@45343c67,
    de.flapdoodle.embed.process.config.store.FileSet$Entry@b1658467,
    de.flapdoodle.embed.process.config.store.FileSet$Entry@db7ac207,
    de.flapdoodle.embed.process.config.store.FileSet$Entry@ec806147,
    de.flapdoodle.embed.process.config.store.FileSet$Entry@41e37147,
    de.flapdoodle.embed.process.config.store.FileSet$Entry@b1b57087,
    de.flapdoodle.embed.process.config.store.FileSet$Entry@a878e167,
    de.flapdoodle.embed.process.config.store.FileSet$Entry@a8876d47,
    de.flapdoodle.embed.process.config.store.FileSet$Entry@1cb066c7,
    de.flapdoodle.embed.process.config.store.FileSet$Entry@9af8b2e7,
    de.flapdoodle.embed.process.config.store.FileSet$Entry@2c9355e7,
    de.flapdoodle.embed.process.config.store.FileSet$Entry@90f6f6e7,
    de.flapdoodle.embed.process.config.store.FileSet$Entry@90faab07,
    de.flapdoodle.embed.process.config.store.FileSet$Entry@d9fb8e5f,
    de.flapdoodle.embed.process.config.store.FileSet$Entry@c3d469e7,
    de.flapdoodle.embed.process.config.store.FileSet$Entry@721280ff,
    de.flapdoodle.embed.process.config.store.FileSet$Entry@5da81d07,
    de.flapdoodle.embed.process.config.store.FileSet$Entry@2adea61f,
    de.flapdoodle.embed.process.config.store.FileSet$Entry@fca0899f,
    de.flapdoodle.embed.process.config.store.FileSet$Entry@8735ac27,
    de.flapdoodle.embed.process.config.store.FileSet$Entry@eefbc75f,
    de.flapdoodle.embed.process.config.store.FileSet$Entry@f169967f,
    de.flapdoodle.embed.process.config.store.FileSet$Entry@bdfe381f,
    de.flapdoodle.embed.process.config.store.FileSet$Entry@1b26987,
    de.flapdoodle.embed.process.config.store.FileSet$Entry@9c47d9e7,
    de.flapdoodle.embed.process.config.store.FileSet$Entry@6d7dd65f,
    de.flapdoodle.embed.process.config.store.FileSet$Entry@6427a1bf,
    de.flapdoodle.embed.process.config.store.FileSet$Entry@6db19bf,
    de.flapdoodle.embed.process.config.store.FileSet$Entry@76a6d79f,
    de.flapdoodle.embed.process.config.store.FileSet$Entry@1934743f,
    de.flapdoodle.embed.process.config.store.FileSet$Entry@5e0747c7,
    de.flapdoodle.embed.process.config.store.FileSet$Entry@cc576f47,
    de.flapdoodle.embed.process.config.store.FileSet$Entry@52c29b7f,
    de.flapdoodle.embed.process.config.store.FileSet$Entry@96122527,
    de.flapdoodle.embed.process.config.store.FileSet$Entry@df85db7f,
    de.flapdoodle.embed.process.config.store.FileSet$Entry@3c77f81f,
    de.flapdoodle.embed.process.config.store.FileSet$Entry@d4ca9d07,
    de.flapdoodle.embed.process.config.store.FileSet$Entry@325ef8df,
    de.flapdoodle.embed.process.config.store.FileSet$Entry@dc5ecf5f,
    de.flapdoodle.embed.process.config.store.FileSet$Entry@2f6a8df,
    de.flapdoodle.embed.process.config.store.FileSet$Entry@96ec04bf,
    de.flapdoodle.embed.process.config.store.FileSet$Entry@5466cd67,
    de.flapdoodle.embed.process.config.store.FileSet$Entry@2ebbab7f,
    de.flapdoodle.embed.process.config.store.FileSet$Entry@f90bab27,
    de.flapdoodle.embed.process.config.store.FileSet$Entry@2f323ba7,
    de.flapdoodle.embed.process.config.store.FileSet$Entry@19e0171f,
    de.flapdoodle.embed.process.config.store.FileSet$Entry@1bed24a7,
    de.flapdoodle.embed.process.config.store.FileSet$Entry@b5cf675f,
    de.flapdoodle.embed.process.config.store.FileSet$Entry@7452925f,
    de.flapdoodle.embed.process.config.store.FileSet$Entry@7562693f,
    de.flapdoodle.embed.process.config.store.FileSet$Entry@fe66d4a7,
    de.flapdoodle.embed.process.config.store.FileSet$Entry@e09abd7f,
    de.flapdoodle.embed.process.config.store.FileSet$Entry@6b1ab347,
    de.flapdoodle.embed.process.config.store.FileSet$Entry@74dc5ec7,
    de.flapdoodle.embed.process.config.store.FileSet$Entry@6cd53e87,
    de.flapdoodle.embed.process.config.store.FileSet$Entry@d6e2c167,
    de.flapdoodle.embed.process.config.store.FileSet$Entry@48d4403f,
    de.flapdoodle.embed.process.config.store.FileSet$Entry@b39a271f,
    de.flapdoodle.embed.process.config.store.FileSet$Entry@ed671667,
    de.flapdoodle.embed.process.config.store.FileSet$Entry@8905a947,
    de.flapdoodle.embed.process.config.store.FileSet$Entry@4ea183e7,
    de.flapdoodle.embed.process.config.store.FileSet$Entry@c44d56c7,
    de.flapdoodle.embed.process.config.store.FileSet$Entry@8bec68c7,
    de.flapdoodle.embed.process.config.store.FileSet$Entry@e5dacba7,
    de.flapdoodle.embed.process.config.store.FileSet$Entry@5855213f,
    de.flapdoodle.embed.process.config.store.FileSet$Entry@65c2881f,
    de.flapdoodle.embed.process.config.store.FileSet$Entry@305c72bf,
    de.flapdoodle.embed.process.config.store.FileSet$Entry@5ec5199f,
    de.flapdoodle.embed.process.config.store.FileSet$Entry@9bfc061f,
    de.flapdoodle.embed.process.config.store.FileSet$Entry@ce89dbff,
    de.flapdoodle.embed.process.config.store.FileSet$Entry@8f4eb887,
    de.flapdoodle.embed.process.config.store.FileSet$Entry@7bed389f]>
	at com.github.nosan.embedded.cassandra.support.PackageResolverFactoryTests.getFileSet(PackageResolverFactoryTests.java:45)
	at sun.reflect.NativeMethodAccessorImpl.invoke0(Native Method)
	at sun.reflect.NativeMethodAccessorImpl.invoke(NativeMethodAccessorImpl.java:62)
	at sun.reflect.DelegatingMethodAccessorImpl.invoke(DelegatingMethodAccessorImpl.java:43)
	at java.lang.reflect.Method.invoke(Method.java:498)
	at org.junit.runners.model.FrameworkMethod$1.runReflectiveCall(FrameworkMethod.java:50)
	at org.junit.internal.runners.model.ReflectiveCallable.run(ReflectiveCallable.java:12)
	at org.junit.runners.model.FrameworkMethod.invokeExplosively(FrameworkMethod.java:47)
	at org.junit.internal.runners.statements.InvokeMethod.evaluate(InvokeMethod.java:17)
	at org.junit.runners.ParentRunner.runLeaf(ParentRunner.java:325)
	at org.junit.runners.BlockJUnit4ClassRunner.runChild(BlockJUnit4ClassRunner.java:78)
	at org.junit.runners.BlockJUnit4ClassRunner.runChild(BlockJUnit4ClassRunner.java:57)
	at org.junit.runners.ParentRunner$3.run(ParentRunner.java:290)
	at org.junit.runners.ParentRunner$1.schedule(ParentRunner.java:71)
	at org.junit.runners.ParentRunner.runChildren(ParentRunner.java:288)
	at org.junit.runners.ParentRunner.access$000(ParentRunner.java:58)
	at org.junit.runners.ParentRunner$2.evaluate(ParentRunner.java:268)
	at org.junit.runners.ParentRunner.run(ParentRunner.java:363)
	at org.apache.maven.surefire.junit4.JUnit4Provider.execute(JUnit4Provider.java:365)
	at org.apache.maven.surefire.junit4.JUnit4Provider.executeWithRerun(JUnit4Provider.java:272)
	at org.apache.maven.surefire.junit4.JUnit4Provider.executeTestSet(JUnit4Provider.java:236)
	at org.apache.maven.surefire.junit4.JUnit4Provider.invoke(JUnit4Provider.java:159)
	at org.apache.maven.surefire.booter.ForkedBooter.invokeProviderInSameClassLoader(ForkedBooter.java:386)
	at org.apache.maven.surefire.booter.ForkedBooter.runSuitesInProcess(ForkedBooter.java:323)
	at org.apache.maven.surefire.booter.ForkedBooter.main(ForkedBooter.java:143)
]]></failure>
  </testcase>
  <testcase name="getArchiveType" classname="com.github.nosan.embedded.cassandra.support.PackageResolverFactoryTests" time="0"/>
</testsuite>