<?xml version="1.0" encoding="UTF-8"?>
<testsuite xmlns:xsi="http://www.w3.org/2001/XMLSchema-instance" xsi:schemaLocation="https://maven.apache.org/surefire/maven-surefire-plugin/xsd/surefire-test-report.xsd" name="io.hekate.rpc.internal.RpcAsyncAggregateTest" time="34.837" tests="234" errors="0" skipped="0" failures="0">
  <properties>
    <property name="java.runtime.name" value="OpenJDK Runtime Environment"/>
    <property name="sun.boot.library.path" value="/usr/lib/jvm/java-8-openjdk-amd64/jre/lib/amd64"/>
    <property name="java.vm.version" value="25.121-b13"/>
    <property name="java.vm.vendor" value="Oracle Corporation"/>
    <property name="maven.multiModuleProjectDirectory" value="/root/workspace/hekate-io/hekate/390165353"/>
    <property name="java.vendor.url" value="http://java.oracle.com/"/>
    <property name="path.separator" value=":"/>
    <property name="guice.disable.misplaced.annotation.check" value="true"/>
    <property name="skip.gulp" value="true"/>
    <property name="java.vm.name" value="OpenJDK 64-Bit Server VM"/>
    <property name="file.encoding.pkg" value="sun.io"/>
    <property name="sun.java.launcher" value="SUN_STANDARD"/>
    <property name="sun.os.patch.level" value="unknown"/>
    <property name="findbugs.skip" value="true"/>
    <property name="java.vm.specification.name" value="Java Virtual Machine Specification"/>
    <property name="user.dir" value="/root/workspace/hekate-io/hekate/390165353"/>
    <property name="checkstyle.skip" value="true"/>
    <property name="java.runtime.version" value="1.8.0_121-8u121-b13-1~bpo8+1-b13"/>
    <property name="java.awt.graphicsenv" value="sun.awt.X11GraphicsEnvironment"/>
    <property name="skip.npm" value="true"/>
    <property name="java.endorsed.dirs" value="/usr/lib/jvm/java-8-openjdk-amd64/jre/lib/endorsed"/>
    <property name="os.arch" value="amd64"/>
    <property name="java.io.tmpdir" value="/tmp"/>
    <property name="gpg.skip" value="true"/>
    <property name="line.separator" value="&#10;"/>
    <property name="java.vm.specification.vendor" value="Oracle Corporation"/>
    <property name="cobertura.skip" value="true"/>
    <property name="os.name" value="Linux"/>
    <property name="classworlds.conf" value="/usr/share/maven/bin/m2.conf"/>
    <property name="sun.jnu.encoding" value="UTF-8"/>
    <property name="java.library.path" value="/usr/java/packages/lib/amd64:/usr/lib/x86_64-linux-gnu/jni:/lib/x86_64-linux-gnu:/usr/lib/x86_64-linux-gnu:/usr/lib/jni:/lib:/usr/lib"/>
    <property name="license.skip" value="true"/>
    <property name="java.specification.name" value="Java Platform API Specification"/>
    <property name="java.class.version" value="52.0"/>
    <property name="org.slf4j.simpleLogger.levelInBrackets" value="true"/>
    <property name="sun.management.compiler" value="HotSpot 64-Bit Tiered Compilers"/>
    <property name="skip.bower" value="true"/>
    <property name="maven.repo.local" value="/root/./workspace/hekate-io/hekate/390165353/.m2"/>
    <property name="os.version" value="3.10.0-862.3.2.el7.x86_64"/>
    <property name="user.home" value="/root"/>
    <property name="user.timezone" value="Europe/Paris"/>
    <property name="java.awt.printerjob" value="sun.print.PSPrinterJob"/>
    <property name="java.specification.version" value="1.8"/>
    <property name="file.encoding" value="UTF-8"/>
    <property name="user.name" value="root"/>
    <property name="java.class.path" value="/usr/share/maven/boot/plexus-classworlds-2.5.2.jar"/>
    <property name="skipITs" value="true"/>
    <property name="java.vm.specification.version" value="1.8"/>
    <property name="sun.arch.data.model" value="64"/>
    <property name="java.home" value="/usr/lib/jvm/java-8-openjdk-amd64/jre"/>
    <property name="sun.java.command" value="org.codehaus.plexus.classworlds.launcher.Launcher -B -D enforcer.skip=true -D dependency-check.skip=true -D skipITs=true -D cobertura.skip=true -D maven.repo.local=/root/./workspace/hekate-io/hekate/390165353/.m2 -D rat.skip=true -D findbugs.skip=true -D skip.bower=true -D gpg.skip=true -D checkstyle.skip=true -D skip.gulp=true -D license.skip=true -D skip.npm=true test"/>
    <property name="java.specification.vendor" value="Oracle Corporation"/>
    <property name="user.language" value="en"/>
    <property name="awt.toolkit" value="sun.awt.X11.XToolkit"/>
    <property name="dependency-check.skip" value="true"/>
    <property name="java.vm.info" value="mixed mode"/>
    <property name="java.version" value="1.8.0_121"/>
    <property name="java.ext.dirs" value="/usr/lib/jvm/java-8-openjdk-amd64/jre/lib/ext:/usr/java/packages/lib/ext"/>
    <property name="securerandom.source" value="file:/dev/./urandom"/>
    <property name="sun.boot.class.path" value="/usr/lib/jvm/java-8-openjdk-amd64/jre/lib/resources.jar:/usr/lib/jvm/java-8-openjdk-amd64/jre/lib/rt.jar:/usr/lib/jvm/java-8-openjdk-amd64/jre/lib/sunrsasign.jar:/usr/lib/jvm/java-8-openjdk-amd64/jre/lib/jsse.jar:/usr/lib/jvm/java-8-openjdk-amd64/jre/lib/jce.jar:/usr/lib/jvm/java-8-openjdk-amd64/jre/lib/charsets.jar:/usr/lib/jvm/java-8-openjdk-amd64/jre/lib/jfr.jar:/usr/lib/jvm/java-8-openjdk-amd64/jre/classes"/>
    <property name="java.vendor" value="Oracle Corporation"/>
    <property name="enforcer.skip" value="true"/>
    <property name="rat.skip" value="true"/>
    <property name="maven.home" value="/usr/share/maven"/>
    <property name="file.separator" value="/"/>
    <property name="java.vendor.url.bug" value="http://bugreport.sun.com/bugreport/"/>
    <property name="sun.cpu.endian" value="little"/>
    <property name="sun.io.unicode.encoding" value="UnicodeLittle"/>
    <property name="org.slf4j.simpleLogger.showThreadName" value="false"/>
    <property name="sun.cpu.isalist" value=""/>
  </properties>
  <testcase name="testAsyncError[0: transport=NIO, codec-factory=KryoCodecFactory[unsafe-io=true, cache-unknown-types=false]]" classname="io.hekate.rpc.internal.RpcAsyncAggregateTest" time="0.054"/>
  <testcase name="testAsyncIgnoreError[0: transport=NIO, codec-factory=KryoCodecFactory[unsafe-io=true, cache-unknown-types=false]]" classname="io.hekate.rpc.internal.RpcAsyncAggregateTest" time="0.046"/>
  <testcase name="testAsyncList[0: transport=NIO, codec-factory=KryoCodecFactory[unsafe-io=true, cache-unknown-types=false]]" classname="io.hekate.rpc.internal.RpcAsyncAggregateTest" time="0.043"/>
  <testcase name="testAsyncIgnorePartialError[0: transport=NIO, codec-factory=KryoCodecFactory[unsafe-io=true, cache-unknown-types=false]]" classname="io.hekate.rpc.internal.RpcAsyncAggregateTest" time="0.047"/>
  <testcase name="testAsyncMapPartialNull[0: transport=NIO, codec-factory=KryoCodecFactory[unsafe-io=true, cache-unknown-types=false]]" classname="io.hekate.rpc.internal.RpcAsyncAggregateTest" time="0.047"/>
  <testcase name="testAsyncSetPartialNull[0: transport=NIO, codec-factory=KryoCodecFactory[unsafe-io=true, cache-unknown-types=false]]" classname="io.hekate.rpc.internal.RpcAsyncAggregateTest" time="0.05"/>
  <testcase name="testAsyncListPartialNull[0: transport=NIO, codec-factory=KryoCodecFactory[unsafe-io=true, cache-unknown-types=false]]" classname="io.hekate.rpc.internal.RpcAsyncAggregateTest" time="0.049"/>
  <testcase name="testAsyncMap[0: transport=NIO, codec-factory=KryoCodecFactory[unsafe-io=true, cache-unknown-types=false]]" classname="io.hekate.rpc.internal.RpcAsyncAggregateTest" time="0.088"/>
  <testcase name="testAsyncSet[0: transport=NIO, codec-factory=KryoCodecFactory[unsafe-io=true, cache-unknown-types=false]]" classname="io.hekate.rpc.internal.RpcAsyncAggregateTest" time="0.041"/>
  <testcase name="testAsyncCollection[0: transport=NIO, codec-factory=KryoCodecFactory[unsafe-io=true, cache-unknown-types=false]]" classname="io.hekate.rpc.internal.RpcAsyncAggregateTest" time="0.133"/>
  <testcase name="testAsyncRecursiveError[0: transport=NIO, codec-factory=KryoCodecFactory[unsafe-io=true, cache-unknown-types=false]]" classname="io.hekate.rpc.internal.RpcAsyncAggregateTest" time="0.135"/>
  <testcase name="testAsyncPartialError[0: transport=NIO, codec-factory=KryoCodecFactory[unsafe-io=true, cache-unknown-types=false]]" classname="io.hekate.rpc.internal.RpcAsyncAggregateTest" time="0.05"/>
  <testcase name="testAsyncRecursiveResult[0: transport=NIO, codec-factory=KryoCodecFactory[unsafe-io=true, cache-unknown-types=false]]" classname="io.hekate.rpc.internal.RpcAsyncAggregateTest" time="0.123"/>
  <testcase name="testAsyncError[1: transport=NIO, codec-factory=FstCodecFactory[use-unsafe=true]]" classname="io.hekate.rpc.internal.RpcAsyncAggregateTest" time="0.162"/>
  <testcase name="testAsyncIgnoreError[1: transport=NIO, codec-factory=FstCodecFactory[use-unsafe=true]]" classname="io.hekate.rpc.internal.RpcAsyncAggregateTest" time="0.195"/>
  <testcase name="testAsyncList[1: transport=NIO, codec-factory=FstCodecFactory[use-unsafe=true]]" classname="io.hekate.rpc.internal.RpcAsyncAggregateTest" time="0.154"/>
  <testcase name="testAsyncIgnorePartialError[1: transport=NIO, codec-factory=FstCodecFactory[use-unsafe=true]]" classname="io.hekate.rpc.internal.RpcAsyncAggregateTest" time="0.138"/>
  <testcase name="testAsyncMapPartialNull[1: transport=NIO, codec-factory=FstCodecFactory[use-unsafe=true]]" classname="io.hekate.rpc.internal.RpcAsyncAggregateTest" time="0.121"/>
  <testcase name="testAsyncSetPartialNull[1: transport=NIO, codec-factory=FstCodecFactory[use-unsafe=true]]" classname="io.hekate.rpc.internal.RpcAsyncAggregateTest" time="0.15"/>
  <testcase name="testAsyncListPartialNull[1: transport=NIO, codec-factory=FstCodecFactory[use-unsafe=true]]" classname="io.hekate.rpc.internal.RpcAsyncAggregateTest" time="0.148"/>
  <testcase name="testAsyncMap[1: transport=NIO, codec-factory=FstCodecFactory[use-unsafe=true]]" classname="io.hekate.rpc.internal.RpcAsyncAggregateTest" time="0.147"/>
  <testcase name="testAsyncSet[1: transport=NIO, codec-factory=FstCodecFactory[use-unsafe=true]]" classname="io.hekate.rpc.internal.RpcAsyncAggregateTest" time="0.139"/>
  <testcase name="testAsyncCollection[1: transport=NIO, codec-factory=FstCodecFactory[use-unsafe=true]]" classname="io.hekate.rpc.internal.RpcAsyncAggregateTest" time="0.133"/>
  <testcase name="testAsyncRecursiveError[1: transport=NIO, codec-factory=FstCodecFactory[use-unsafe=true]]" classname="io.hekate.rpc.internal.RpcAsyncAggregateTest" time="0.302"/>
  <testcase name="testAsyncPartialError[1: transport=NIO, codec-factory=FstCodecFactory[use-unsafe=true]]" classname="io.hekate.rpc.internal.RpcAsyncAggregateTest" time="0.196"/>
  <testcase name="testAsyncRecursiveResult[1: transport=NIO, codec-factory=FstCodecFactory[use-unsafe=true]]" classname="io.hekate.rpc.internal.RpcAsyncAggregateTest" time="0.236"/>
  <testcase name="testAsyncError[2: transport=NIO, codec-factory=JdkCodecFactory]" classname="io.hekate.rpc.internal.RpcAsyncAggregateTest" time="0.05"/>
  <testcase name="testAsyncIgnoreError[2: transport=NIO, codec-factory=JdkCodecFactory]" classname="io.hekate.rpc.internal.RpcAsyncAggregateTest" time="0.046"/>
  <testcase name="testAsyncList[2: transport=NIO, codec-factory=JdkCodecFactory]" classname="io.hekate.rpc.internal.RpcAsyncAggregateTest" time="0.046"/>
  <testcase name="testAsyncIgnorePartialError[2: transport=NIO, codec-factory=JdkCodecFactory]" classname="io.hekate.rpc.internal.RpcAsyncAggregateTest" time="0.047"/>
  <testcase name="testAsyncMapPartialNull[2: transport=NIO, codec-factory=JdkCodecFactory]" classname="io.hekate.rpc.internal.RpcAsyncAggregateTest" time="0.046"/>
  <testcase name="testAsyncSetPartialNull[2: transport=NIO, codec-factory=JdkCodecFactory]" classname="io.hekate.rpc.internal.RpcAsyncAggregateTest" time="0.048"/>
  <testcase name="testAsyncListPartialNull[2: transport=NIO, codec-factory=JdkCodecFactory]" classname="io.hekate.rpc.internal.RpcAsyncAggregateTest" time="0.047"/>
  <testcase name="testAsyncMap[2: transport=NIO, codec-factory=JdkCodecFactory]" classname="io.hekate.rpc.internal.RpcAsyncAggregateTest" time="0.048"/>
  <testcase name="testAsyncSet[2: transport=NIO, codec-factory=JdkCodecFactory]" classname="io.hekate.rpc.internal.RpcAsyncAggregateTest" time="0.114"/>
  <testcase name="testAsyncCollection[2: transport=NIO, codec-factory=JdkCodecFactory]" classname="io.hekate.rpc.internal.RpcAsyncAggregateTest" time="0.077"/>
  <testcase name="testAsyncRecursiveError[2: transport=NIO, codec-factory=JdkCodecFactory]" classname="io.hekate.rpc.internal.RpcAsyncAggregateTest" time="0.132"/>
  <testcase name="testAsyncPartialError[2: transport=NIO, codec-factory=JdkCodecFactory]" classname="io.hekate.rpc.internal.RpcAsyncAggregateTest" time="0.048"/>
  <testcase name="testAsyncRecursiveResult[2: transport=NIO, codec-factory=JdkCodecFactory]" classname="io.hekate.rpc.internal.RpcAsyncAggregateTest" time="0.122"/>
  <testcase name="testAsyncError[3: transport=NIO, ssl=JDK, codec-factory=KryoCodecFactory[unsafe-io=true, cache-unknown-types=false]]" classname="io.hekate.rpc.internal.RpcAsyncAggregateTest" time="0.167"/>
  <testcase name="testAsyncIgnoreError[3: transport=NIO, ssl=JDK, codec-factory=KryoCodecFactory[unsafe-io=true, cache-unknown-types=false]]" classname="io.hekate.rpc.internal.RpcAsyncAggregateTest" time="0.155"/>
  <testcase name="testAsyncList[3: transport=NIO, ssl=JDK, codec-factory=KryoCodecFactory[unsafe-io=true, cache-unknown-types=false]]" classname="io.hekate.rpc.internal.RpcAsyncAggregateTest" time="0.16"/>
  <testcase name="testAsyncIgnorePartialError[3: transport=NIO, ssl=JDK, codec-factory=KryoCodecFactory[unsafe-io=true, cache-unknown-types=false]]" classname="io.hekate.rpc.internal.RpcAsyncAggregateTest" time="0.163"/>
  <testcase name="testAsyncMapPartialNull[3: transport=NIO, ssl=JDK, codec-factory=KryoCodecFactory[unsafe-io=true, cache-unknown-types=false]]" classname="io.hekate.rpc.internal.RpcAsyncAggregateTest" time="0.158"/>
  <testcase name="testAsyncSetPartialNull[3: transport=NIO, ssl=JDK, codec-factory=KryoCodecFactory[unsafe-io=true, cache-unknown-types=false]]" classname="io.hekate.rpc.internal.RpcAsyncAggregateTest" time="0.16"/>
  <testcase name="testAsyncListPartialNull[3: transport=NIO, ssl=JDK, codec-factory=KryoCodecFactory[unsafe-io=true, cache-unknown-types=false]]" classname="io.hekate.rpc.internal.RpcAsyncAggregateTest" time="0.197"/>
  <testcase name="testAsyncMap[3: transport=NIO, ssl=JDK, codec-factory=KryoCodecFactory[unsafe-io=true, cache-unknown-types=false]]" classname="io.hekate.rpc.internal.RpcAsyncAggregateTest" time="0.135"/>
  <testcase name="testAsyncSet[3: transport=NIO, ssl=JDK, codec-factory=KryoCodecFactory[unsafe-io=true, cache-unknown-types=false]]" classname="io.hekate.rpc.internal.RpcAsyncAggregateTest" time="0.178"/>
  <testcase name="testAsyncCollection[3: transport=NIO, ssl=JDK, codec-factory=KryoCodecFactory[unsafe-io=true, cache-unknown-types=false]]" classname="io.hekate.rpc.internal.RpcAsyncAggregateTest" time="0.166"/>
  <testcase name="testAsyncRecursiveError[3: transport=NIO, ssl=JDK, codec-factory=KryoCodecFactory[unsafe-io=true, cache-unknown-types=false]]" classname="io.hekate.rpc.internal.RpcAsyncAggregateTest" time="0.235"/>
  <testcase name="testAsyncPartialError[3: transport=NIO, ssl=JDK, codec-factory=KryoCodecFactory[unsafe-io=true, cache-unknown-types=false]]" classname="io.hekate.rpc.internal.RpcAsyncAggregateTest" time="0.162"/>
  <testcase name="testAsyncRecursiveResult[3: transport=NIO, ssl=JDK, codec-factory=KryoCodecFactory[unsafe-io=true, cache-unknown-types=false]]" classname="io.hekate.rpc.internal.RpcAsyncAggregateTest" time="0.218"/>
  <testcase name="testAsyncError[4: transport=NIO, ssl=JDK, codec-factory=FstCodecFactory[use-unsafe=true]]" classname="io.hekate.rpc.internal.RpcAsyncAggregateTest" time="0.364"/>
  <testcase name="testAsyncIgnoreError[4: transport=NIO, ssl=JDK, codec-factory=FstCodecFactory[use-unsafe=true]]" classname="io.hekate.rpc.internal.RpcAsyncAggregateTest" time="0.267"/>
  <testcase name="testAsyncList[4: transport=NIO, ssl=JDK, codec-factory=FstCodecFactory[use-unsafe=true]]" classname="io.hekate.rpc.internal.RpcAsyncAggregateTest" time="0.223"/>
  <testcase name="testAsyncIgnorePartialError[4: transport=NIO, ssl=JDK, codec-factory=FstCodecFactory[use-unsafe=true]]" classname="io.hekate.rpc.internal.RpcAsyncAggregateTest" time="0.225"/>
  <testcase name="testAsyncMapPartialNull[4: transport=NIO, ssl=JDK, codec-factory=FstCodecFactory[use-unsafe=true]]" classname="io.hekate.rpc.internal.RpcAsyncAggregateTest" time="0.232"/>
  <testcase name="testAsyncSetPartialNull[4: transport=NIO, ssl=JDK, codec-factory=FstCodecFactory[use-unsafe=true]]" classname="io.hekate.rpc.internal.RpcAsyncAggregateTest" time="0.265"/>
  <testcase name="testAsyncListPartialNull[4: transport=NIO, ssl=JDK, codec-factory=FstCodecFactory[use-unsafe=true]]" classname="io.hekate.rpc.internal.RpcAsyncAggregateTest" time="0.248"/>
  <testcase name="testAsyncMap[4: transport=NIO, ssl=JDK, codec-factory=FstCodecFactory[use-unsafe=true]]" classname="io.hekate.rpc.internal.RpcAsyncAggregateTest" time="0.337"/>
  <testcase name="testAsyncSet[4: transport=NIO, ssl=JDK, codec-factory=FstCodecFactory[use-unsafe=true]]" classname="io.hekate.rpc.internal.RpcAsyncAggregateTest" time="0.263"/>
  <testcase name="testAsyncCollection[4: transport=NIO, ssl=JDK, codec-factory=FstCodecFactory[use-unsafe=true]]" classname="io.hekate.rpc.internal.RpcAsyncAggregateTest" time="0.251"/>
  <testcase name="testAsyncRecursiveError[4: transport=NIO, ssl=JDK, codec-factory=FstCodecFactory[use-unsafe=true]]" classname="io.hekate.rpc.internal.RpcAsyncAggregateTest" time="0.48"/>
  <testcase name="testAsyncPartialError[4: transport=NIO, ssl=JDK, codec-factory=FstCodecFactory[use-unsafe=true]]" classname="io.hekate.rpc.internal.RpcAsyncAggregateTest" time="0.273"/>
  <testcase name="testAsyncRecursiveResult[4: transport=NIO, ssl=JDK, codec-factory=FstCodecFactory[use-unsafe=true]]" classname="io.hekate.rpc.internal.RpcAsyncAggregateTest" time="0.31"/>
  <testcase name="testAsyncError[5: transport=NIO, ssl=JDK, codec-factory=JdkCodecFactory]" classname="io.hekate.rpc.internal.RpcAsyncAggregateTest" time="0.175"/>
  <testcase name="testAsyncIgnoreError[5: transport=NIO, ssl=JDK, codec-factory=JdkCodecFactory]" classname="io.hekate.rpc.internal.RpcAsyncAggregateTest" time="0.233"/>
  <testcase name="testAsyncList[5: transport=NIO, ssl=JDK, codec-factory=JdkCodecFactory]" classname="io.hekate.rpc.internal.RpcAsyncAggregateTest" time="0.277"/>
  <testcase name="testAsyncIgnorePartialError[5: transport=NIO, ssl=JDK, codec-factory=JdkCodecFactory]" classname="io.hekate.rpc.internal.RpcAsyncAggregateTest" time="0.157"/>
  <testcase name="testAsyncMapPartialNull[5: transport=NIO, ssl=JDK, codec-factory=JdkCodecFactory]" classname="io.hekate.rpc.internal.RpcAsyncAggregateTest" time="0.163"/>
  <testcase name="testAsyncSetPartialNull[5: transport=NIO, ssl=JDK, codec-factory=JdkCodecFactory]" classname="io.hekate.rpc.internal.RpcAsyncAggregateTest" time="0.15"/>
  <testcase name="testAsyncListPartialNull[5: transport=NIO, ssl=JDK, codec-factory=JdkCodecFactory]" classname="io.hekate.rpc.internal.RpcAsyncAggregateTest" time="0.16"/>
  <testcase name="testAsyncMap[5: transport=NIO, ssl=JDK, codec-factory=JdkCodecFactory]" classname="io.hekate.rpc.internal.RpcAsyncAggregateTest" time="0.156"/>
  <testcase name="testAsyncSet[5: transport=NIO, ssl=JDK, codec-factory=JdkCodecFactory]" classname="io.hekate.rpc.internal.RpcAsyncAggregateTest" time="0.158"/>
  <testcase name="testAsyncCollection[5: transport=NIO, ssl=JDK, codec-factory=JdkCodecFactory]" classname="io.hekate.rpc.internal.RpcAsyncAggregateTest" time="0.16"/>
  <testcase name="testAsyncRecursiveError[5: transport=NIO, ssl=JDK, codec-factory=JdkCodecFactory]" classname="io.hekate.rpc.internal.RpcAsyncAggregateTest" time="0.271"/>
  <testcase name="testAsyncPartialError[5: transport=NIO, ssl=JDK, codec-factory=JdkCodecFactory]" classname="io.hekate.rpc.internal.RpcAsyncAggregateTest" time="0.158"/>
  <testcase name="testAsyncRecursiveResult[5: transport=NIO, ssl=JDK, codec-factory=JdkCodecFactory]" classname="io.hekate.rpc.internal.RpcAsyncAggregateTest" time="0.216"/>
  <testcase name="testAsyncError[6: transport=NIO, ssl=OPEN_SSL, codec-factory=KryoCodecFactory[unsafe-io=true, cache-unknown-types=false]]" classname="io.hekate.rpc.internal.RpcAsyncAggregateTest" time="0.088"/>
  <testcase name="testAsyncIgnoreError[6: transport=NIO, ssl=OPEN_SSL, codec-factory=KryoCodecFactory[unsafe-io=true, cache-unknown-types=false]]" classname="io.hekate.rpc.internal.RpcAsyncAggregateTest" time="0.086"/>
  <testcase name="testAsyncList[6: transport=NIO, ssl=OPEN_SSL, codec-factory=KryoCodecFactory[unsafe-io=true, cache-unknown-types=false]]" classname="io.hekate.rpc.internal.RpcAsyncAggregateTest" time="0.086"/>
  <testcase name="testAsyncIgnorePartialError[6: transport=NIO, ssl=OPEN_SSL, codec-factory=KryoCodecFactory[unsafe-io=true, cache-unknown-types=false]]" classname="io.hekate.rpc.internal.RpcAsyncAggregateTest" time="0.088"/>
  <testcase name="testAsyncMapPartialNull[6: transport=NIO, ssl=OPEN_SSL, codec-factory=KryoCodecFactory[unsafe-io=true, cache-unknown-types=false]]" classname="io.hekate.rpc.internal.RpcAsyncAggregateTest" time="0.087"/>
  <testcase name="testAsyncSetPartialNull[6: transport=NIO, ssl=OPEN_SSL, codec-factory=KryoCodecFactory[unsafe-io=true, cache-unknown-types=false]]" classname="io.hekate.rpc.internal.RpcAsyncAggregateTest" time="0.085"/>
  <testcase name="testAsyncListPartialNull[6: transport=NIO, ssl=OPEN_SSL, codec-factory=KryoCodecFactory[unsafe-io=true, cache-unknown-types=false]]" classname="io.hekate.rpc.internal.RpcAsyncAggregateTest" time="0.087"/>
  <testcase name="testAsyncMap[6: transport=NIO, ssl=OPEN_SSL, codec-factory=KryoCodecFactory[unsafe-io=true, cache-unknown-types=false]]" classname="io.hekate.rpc.internal.RpcAsyncAggregateTest" time="0.088"/>
  <testcase name="testAsyncSet[6: transport=NIO, ssl=OPEN_SSL, codec-factory=KryoCodecFactory[unsafe-io=true, cache-unknown-types=false]]" classname="io.hekate.rpc.internal.RpcAsyncAggregateTest" time="0.086"/>
  <testcase name="testAsyncCollection[6: transport=NIO, ssl=OPEN_SSL, codec-factory=KryoCodecFactory[unsafe-io=true, cache-unknown-types=false]]" classname="io.hekate.rpc.internal.RpcAsyncAggregateTest" time="0.124"/>
  <testcase name="testAsyncRecursiveError[6: transport=NIO, ssl=OPEN_SSL, codec-factory=KryoCodecFactory[unsafe-io=true, cache-unknown-types=false]]" classname="io.hekate.rpc.internal.RpcAsyncAggregateTest" time="0.159"/>
  <testcase name="testAsyncPartialError[6: transport=NIO, ssl=OPEN_SSL, codec-factory=KryoCodecFactory[unsafe-io=true, cache-unknown-types=false]]" classname="io.hekate.rpc.internal.RpcAsyncAggregateTest" time="0.063"/>
  <testcase name="testAsyncRecursiveResult[6: transport=NIO, ssl=OPEN_SSL, codec-factory=KryoCodecFactory[unsafe-io=true, cache-unknown-types=false]]" classname="io.hekate.rpc.internal.RpcAsyncAggregateTest" time="0.134"/>
  <testcase name="testAsyncError[7: transport=NIO, ssl=OPEN_SSL, codec-factory=FstCodecFactory[use-unsafe=true]]" classname="io.hekate.rpc.internal.RpcAsyncAggregateTest" time="0.132"/>
  <testcase name="testAsyncIgnoreError[7: transport=NIO, ssl=OPEN_SSL, codec-factory=FstCodecFactory[use-unsafe=true]]" classname="io.hekate.rpc.internal.RpcAsyncAggregateTest" time="0.139"/>
  <testcase name="testAsyncList[7: transport=NIO, ssl=OPEN_SSL, codec-factory=FstCodecFactory[use-unsafe=true]]" classname="io.hekate.rpc.internal.RpcAsyncAggregateTest" time="0.192"/>
  <testcase name="testAsyncIgnorePartialError[7: transport=NIO, ssl=OPEN_SSL, codec-factory=FstCodecFactory[use-unsafe=true]]" classname="io.hekate.rpc.internal.RpcAsyncAggregateTest" time="0.156"/>
  <testcase name="testAsyncMapPartialNull[7: transport=NIO, ssl=OPEN_SSL, codec-factory=FstCodecFactory[use-unsafe=true]]" classname="io.hekate.rpc.internal.RpcAsyncAggregateTest" time="0.212"/>
  <testcase name="testAsyncSetPartialNull[7: transport=NIO, ssl=OPEN_SSL, codec-factory=FstCodecFactory[use-unsafe=true]]" classname="io.hekate.rpc.internal.RpcAsyncAggregateTest" time="0.2"/>
  <testcase name="testAsyncListPartialNull[7: transport=NIO, ssl=OPEN_SSL, codec-factory=FstCodecFactory[use-unsafe=true]]" classname="io.hekate.rpc.internal.RpcAsyncAggregateTest" time="0.196"/>
  <testcase name="testAsyncMap[7: transport=NIO, ssl=OPEN_SSL, codec-factory=FstCodecFactory[use-unsafe=true]]" classname="io.hekate.rpc.internal.RpcAsyncAggregateTest" time="0.188"/>
  <testcase name="testAsyncSet[7: transport=NIO, ssl=OPEN_SSL, codec-factory=FstCodecFactory[use-unsafe=true]]" classname="io.hekate.rpc.internal.RpcAsyncAggregateTest" time="0.197"/>
  <testcase name="testAsyncCollection[7: transport=NIO, ssl=OPEN_SSL, codec-factory=FstCodecFactory[use-unsafe=true]]" classname="io.hekate.rpc.internal.RpcAsyncAggregateTest" time="0.197"/>
  <testcase name="testAsyncRecursiveError[7: transport=NIO, ssl=OPEN_SSL, codec-factory=FstCodecFactory[use-unsafe=true]]" classname="io.hekate.rpc.internal.RpcAsyncAggregateTest" time="0.312"/>
  <testcase name="testAsyncPartialError[7: transport=NIO, ssl=OPEN_SSL, codec-factory=FstCodecFactory[use-unsafe=true]]" classname="io.hekate.rpc.internal.RpcAsyncAggregateTest" time="0.229"/>
  <testcase name="testAsyncRecursiveResult[7: transport=NIO, ssl=OPEN_SSL, codec-factory=FstCodecFactory[use-unsafe=true]]" classname="io.hekate.rpc.internal.RpcAsyncAggregateTest" time="0.269"/>
  <testcase name="testAsyncError[8: transport=NIO, ssl=OPEN_SSL, codec-factory=JdkCodecFactory]" classname="io.hekate.rpc.internal.RpcAsyncAggregateTest" time="0.083"/>
  <testcase name="testAsyncIgnoreError[8: transport=NIO, ssl=OPEN_SSL, codec-factory=JdkCodecFactory]" classname="io.hekate.rpc.internal.RpcAsyncAggregateTest" time="0.139"/>
  <testcase name="testAsyncList[8: transport=NIO, ssl=OPEN_SSL, codec-factory=JdkCodecFactory]" classname="io.hekate.rpc.internal.RpcAsyncAggregateTest" time="0.083"/>
  <testcase name="testAsyncIgnorePartialError[8: transport=NIO, ssl=OPEN_SSL, codec-factory=JdkCodecFactory]" classname="io.hekate.rpc.internal.RpcAsyncAggregateTest" time="0.084"/>
  <testcase name="testAsyncMapPartialNull[8: transport=NIO, ssl=OPEN_SSL, codec-factory=JdkCodecFactory]" classname="io.hekate.rpc.internal.RpcAsyncAggregateTest" time="0.128"/>
  <testcase name="testAsyncSetPartialNull[8: transport=NIO, ssl=OPEN_SSL, codec-factory=JdkCodecFactory]" classname="io.hekate.rpc.internal.RpcAsyncAggregateTest" time="0.086"/>
  <testcase name="testAsyncListPartialNull[8: transport=NIO, ssl=OPEN_SSL, codec-factory=JdkCodecFactory]" classname="io.hekate.rpc.internal.RpcAsyncAggregateTest" time="0.085"/>
  <testcase name="testAsyncMap[8: transport=NIO, ssl=OPEN_SSL, codec-factory=JdkCodecFactory]" classname="io.hekate.rpc.internal.RpcAsyncAggregateTest" time="0.087"/>
  <testcase name="testAsyncSet[8: transport=NIO, ssl=OPEN_SSL, codec-factory=JdkCodecFactory]" classname="io.hekate.rpc.internal.RpcAsyncAggregateTest" time="0.114"/>
  <testcase name="testAsyncCollection[8: transport=NIO, ssl=OPEN_SSL, codec-factory=JdkCodecFactory]" classname="io.hekate.rpc.internal.RpcAsyncAggregateTest" time="0.083"/>
  <testcase name="testAsyncRecursiveError[8: transport=NIO, ssl=OPEN_SSL, codec-factory=JdkCodecFactory]" classname="io.hekate.rpc.internal.RpcAsyncAggregateTest" time="0.157"/>
  <testcase name="testAsyncPartialError[8: transport=NIO, ssl=OPEN_SSL, codec-factory=JdkCodecFactory]" classname="io.hekate.rpc.internal.RpcAsyncAggregateTest" time="0.077"/>
  <testcase name="testAsyncRecursiveResult[8: transport=NIO, ssl=OPEN_SSL, codec-factory=JdkCodecFactory]" classname="io.hekate.rpc.internal.RpcAsyncAggregateTest" time="0.154"/>
  <testcase name="testAsyncError[9: transport=EPOLL, codec-factory=KryoCodecFactory[unsafe-io=true, cache-unknown-types=false]]" classname="io.hekate.rpc.internal.RpcAsyncAggregateTest" time="0.05"/>
  <testcase name="testAsyncIgnoreError[9: transport=EPOLL, codec-factory=KryoCodecFactory[unsafe-io=true, cache-unknown-types=false]]" classname="io.hekate.rpc.internal.RpcAsyncAggregateTest" time="0.049"/>
  <testcase name="testAsyncList[9: transport=EPOLL, codec-factory=KryoCodecFactory[unsafe-io=true, cache-unknown-types=false]]" classname="io.hekate.rpc.internal.RpcAsyncAggregateTest" time="0.046"/>
  <testcase name="testAsyncIgnorePartialError[9: transport=EPOLL, codec-factory=KryoCodecFactory[unsafe-io=true, cache-unknown-types=false]]" classname="io.hekate.rpc.internal.RpcAsyncAggregateTest" time="0.045"/>
  <testcase name="testAsyncMapPartialNull[9: transport=EPOLL, codec-factory=KryoCodecFactory[unsafe-io=true, cache-unknown-types=false]]" classname="io.hekate.rpc.internal.RpcAsyncAggregateTest" time="0.048"/>
  <testcase name="testAsyncSetPartialNull[9: transport=EPOLL, codec-factory=KryoCodecFactory[unsafe-io=true, cache-unknown-types=false]]" classname="io.hekate.rpc.internal.RpcAsyncAggregateTest" time="0.049"/>
  <testcase name="testAsyncListPartialNull[9: transport=EPOLL, codec-factory=KryoCodecFactory[unsafe-io=true, cache-unknown-types=false]]" classname="io.hekate.rpc.internal.RpcAsyncAggregateTest" time="0.077"/>
  <testcase name="testAsyncMap[9: transport=EPOLL, codec-factory=KryoCodecFactory[unsafe-io=true, cache-unknown-types=false]]" classname="io.hekate.rpc.internal.RpcAsyncAggregateTest" time="0.045"/>
  <testcase name="testAsyncSet[9: transport=EPOLL, codec-factory=KryoCodecFactory[unsafe-io=true, cache-unknown-types=false]]" classname="io.hekate.rpc.internal.RpcAsyncAggregateTest" time="0.046"/>
  <testcase name="testAsyncCollection[9: transport=EPOLL, codec-factory=KryoCodecFactory[unsafe-io=true, cache-unknown-types=false]]" classname="io.hekate.rpc.internal.RpcAsyncAggregateTest" time="0.046"/>
  <testcase name="testAsyncRecursiveError[9: transport=EPOLL, codec-factory=KryoCodecFactory[unsafe-io=true, cache-unknown-types=false]]" classname="io.hekate.rpc.internal.RpcAsyncAggregateTest" time="0.128"/>
  <testcase name="testAsyncPartialError[9: transport=EPOLL, codec-factory=KryoCodecFactory[unsafe-io=true, cache-unknown-types=false]]" classname="io.hekate.rpc.internal.RpcAsyncAggregateTest" time="0.047"/>
  <testcase name="testAsyncRecursiveResult[9: transport=EPOLL, codec-factory=KryoCodecFactory[unsafe-io=true, cache-unknown-types=false]]" classname="io.hekate.rpc.internal.RpcAsyncAggregateTest" time="0.12"/>
  <testcase name="testAsyncError[10: transport=EPOLL, codec-factory=FstCodecFactory[use-unsafe=true]]" classname="io.hekate.rpc.internal.RpcAsyncAggregateTest" time="0.159"/>
  <testcase name="testAsyncIgnoreError[10: transport=EPOLL, codec-factory=FstCodecFactory[use-unsafe=true]]" classname="io.hekate.rpc.internal.RpcAsyncAggregateTest" time="0.185"/>
  <testcase name="testAsyncList[10: transport=EPOLL, codec-factory=FstCodecFactory[use-unsafe=true]]" classname="io.hekate.rpc.internal.RpcAsyncAggregateTest" time="0.18"/>
  <testcase name="testAsyncIgnorePartialError[10: transport=EPOLL, codec-factory=FstCodecFactory[use-unsafe=true]]" classname="io.hekate.rpc.internal.RpcAsyncAggregateTest" time="0.152"/>
  <testcase name="testAsyncMapPartialNull[10: transport=EPOLL, codec-factory=FstCodecFactory[use-unsafe=true]]" classname="io.hekate.rpc.internal.RpcAsyncAggregateTest" time="0.118"/>
  <testcase name="testAsyncSetPartialNull[10: transport=EPOLL, codec-factory=FstCodecFactory[use-unsafe=true]]" classname="io.hekate.rpc.internal.RpcAsyncAggregateTest" time="0.122"/>
  <testcase name="testAsyncListPartialNull[10: transport=EPOLL, codec-factory=FstCodecFactory[use-unsafe=true]]" classname="io.hekate.rpc.internal.RpcAsyncAggregateTest" time="0.179"/>
  <testcase name="testAsyncMap[10: transport=EPOLL, codec-factory=FstCodecFactory[use-unsafe=true]]" classname="io.hekate.rpc.internal.RpcAsyncAggregateTest" time="0.145"/>
  <testcase name="testAsyncSet[10: transport=EPOLL, codec-factory=FstCodecFactory[use-unsafe=true]]" classname="io.hekate.rpc.internal.RpcAsyncAggregateTest" time="0.165"/>
  <testcase name="testAsyncCollection[10: transport=EPOLL, codec-factory=FstCodecFactory[use-unsafe=true]]" classname="io.hekate.rpc.internal.RpcAsyncAggregateTest" time="0.153"/>
  <testcase name="testAsyncRecursiveError[10: transport=EPOLL, codec-factory=FstCodecFactory[use-unsafe=true]]" classname="io.hekate.rpc.internal.RpcAsyncAggregateTest" time="0.246"/>
  <testcase name="testAsyncPartialError[10: transport=EPOLL, codec-factory=FstCodecFactory[use-unsafe=true]]" classname="io.hekate.rpc.internal.RpcAsyncAggregateTest" time="0.155"/>
  <testcase name="testAsyncRecursiveResult[10: transport=EPOLL, codec-factory=FstCodecFactory[use-unsafe=true]]" classname="io.hekate.rpc.internal.RpcAsyncAggregateTest" time="0.233"/>
  <testcase name="testAsyncError[11: transport=EPOLL, codec-factory=JdkCodecFactory]" classname="io.hekate.rpc.internal.RpcAsyncAggregateTest" time="0.045"/>
  <testcase name="testAsyncIgnoreError[11: transport=EPOLL, codec-factory=JdkCodecFactory]" classname="io.hekate.rpc.internal.RpcAsyncAggregateTest" time="0.044"/>
  <testcase name="testAsyncList[11: transport=EPOLL, codec-factory=JdkCodecFactory]" classname="io.hekate.rpc.internal.RpcAsyncAggregateTest" time="0.045"/>
  <testcase name="testAsyncIgnorePartialError[11: transport=EPOLL, codec-factory=JdkCodecFactory]" classname="io.hekate.rpc.internal.RpcAsyncAggregateTest" time="0.045"/>
  <testcase name="testAsyncMapPartialNull[11: transport=EPOLL, codec-factory=JdkCodecFactory]" classname="io.hekate.rpc.internal.RpcAsyncAggregateTest" time="0.044"/>
  <testcase name="testAsyncSetPartialNull[11: transport=EPOLL, codec-factory=JdkCodecFactory]" classname="io.hekate.rpc.internal.RpcAsyncAggregateTest" time="0.046"/>
  <testcase name="testAsyncListPartialNull[11: transport=EPOLL, codec-factory=JdkCodecFactory]" classname="io.hekate.rpc.internal.RpcAsyncAggregateTest" time="0.045"/>
  <testcase name="testAsyncMap[11: transport=EPOLL, codec-factory=JdkCodecFactory]" classname="io.hekate.rpc.internal.RpcAsyncAggregateTest" time="0.044"/>
  <testcase name="testAsyncSet[11: transport=EPOLL, codec-factory=JdkCodecFactory]" classname="io.hekate.rpc.internal.RpcAsyncAggregateTest" time="0.073"/>
  <testcase name="testAsyncCollection[11: transport=EPOLL, codec-factory=JdkCodecFactory]" classname="io.hekate.rpc.internal.RpcAsyncAggregateTest" time="0.045"/>
  <testcase name="testAsyncRecursiveError[11: transport=EPOLL, codec-factory=JdkCodecFactory]" classname="io.hekate.rpc.internal.RpcAsyncAggregateTest" time="0.124"/>
  <testcase name="testAsyncPartialError[11: transport=EPOLL, codec-factory=JdkCodecFactory]" classname="io.hekate.rpc.internal.RpcAsyncAggregateTest" time="0.047"/>
  <testcase name="testAsyncRecursiveResult[11: transport=EPOLL, codec-factory=JdkCodecFactory]" classname="io.hekate.rpc.internal.RpcAsyncAggregateTest" time="0.12"/>
  <testcase name="testAsyncError[12: transport=EPOLL, ssl=JDK, codec-factory=KryoCodecFactory[unsafe-io=true, cache-unknown-types=false]]" classname="io.hekate.rpc.internal.RpcAsyncAggregateTest" time="0.163"/>
  <testcase name="testAsyncIgnoreError[12: transport=EPOLL, ssl=JDK, codec-factory=KryoCodecFactory[unsafe-io=true, cache-unknown-types=false]]" classname="io.hekate.rpc.internal.RpcAsyncAggregateTest" time="0.161"/>
  <testcase name="testAsyncList[12: transport=EPOLL, ssl=JDK, codec-factory=KryoCodecFactory[unsafe-io=true, cache-unknown-types=false]]" classname="io.hekate.rpc.internal.RpcAsyncAggregateTest" time="0.167"/>
  <testcase name="testAsyncIgnorePartialError[12: transport=EPOLL, ssl=JDK, codec-factory=KryoCodecFactory[unsafe-io=true, cache-unknown-types=false]]" classname="io.hekate.rpc.internal.RpcAsyncAggregateTest" time="0.225"/>
  <testcase name="testAsyncMapPartialNull[12: transport=EPOLL, ssl=JDK, codec-factory=KryoCodecFactory[unsafe-io=true, cache-unknown-types=false]]" classname="io.hekate.rpc.internal.RpcAsyncAggregateTest" time="0.159"/>
  <testcase name="testAsyncSetPartialNull[12: transport=EPOLL, ssl=JDK, codec-factory=KryoCodecFactory[unsafe-io=true, cache-unknown-types=false]]" classname="io.hekate.rpc.internal.RpcAsyncAggregateTest" time="0.156"/>
  <testcase name="testAsyncListPartialNull[12: transport=EPOLL, ssl=JDK, codec-factory=KryoCodecFactory[unsafe-io=true, cache-unknown-types=false]]" classname="io.hekate.rpc.internal.RpcAsyncAggregateTest" time="0.16"/>
  <testcase name="testAsyncMap[12: transport=EPOLL, ssl=JDK, codec-factory=KryoCodecFactory[unsafe-io=true, cache-unknown-types=false]]" classname="io.hekate.rpc.internal.RpcAsyncAggregateTest" time="0.193"/>
  <testcase name="testAsyncSet[12: transport=EPOLL, ssl=JDK, codec-factory=KryoCodecFactory[unsafe-io=true, cache-unknown-types=false]]" classname="io.hekate.rpc.internal.RpcAsyncAggregateTest" time="0.159"/>
  <testcase name="testAsyncCollection[12: transport=EPOLL, ssl=JDK, codec-factory=KryoCodecFactory[unsafe-io=true, cache-unknown-types=false]]" classname="io.hekate.rpc.internal.RpcAsyncAggregateTest" time="0.158"/>
  <testcase name="testAsyncRecursiveError[12: transport=EPOLL, ssl=JDK, codec-factory=KryoCodecFactory[unsafe-io=true, cache-unknown-types=false]]" classname="io.hekate.rpc.internal.RpcAsyncAggregateTest" time="0.224"/>
  <testcase name="testAsyncPartialError[12: transport=EPOLL, ssl=JDK, codec-factory=KryoCodecFactory[unsafe-io=true, cache-unknown-types=false]]" classname="io.hekate.rpc.internal.RpcAsyncAggregateTest" time="0.161"/>
  <testcase name="testAsyncRecursiveResult[12: transport=EPOLL, ssl=JDK, codec-factory=KryoCodecFactory[unsafe-io=true, cache-unknown-types=false]]" classname="io.hekate.rpc.internal.RpcAsyncAggregateTest" time="0.233"/>
  <testcase name="testAsyncError[13: transport=EPOLL, ssl=JDK, codec-factory=FstCodecFactory[use-unsafe=true]]" classname="io.hekate.rpc.internal.RpcAsyncAggregateTest" time="0.261"/>
  <testcase name="testAsyncIgnoreError[13: transport=EPOLL, ssl=JDK, codec-factory=FstCodecFactory[use-unsafe=true]]" classname="io.hekate.rpc.internal.RpcAsyncAggregateTest" time="0.283"/>
  <testcase name="testAsyncList[13: transport=EPOLL, ssl=JDK, codec-factory=FstCodecFactory[use-unsafe=true]]" classname="io.hekate.rpc.internal.RpcAsyncAggregateTest" time="0.256"/>
  <testcase name="testAsyncIgnorePartialError[13: transport=EPOLL, ssl=JDK, codec-factory=FstCodecFactory[use-unsafe=true]]" classname="io.hekate.rpc.internal.RpcAsyncAggregateTest" time="0.27"/>
  <testcase name="testAsyncMapPartialNull[13: transport=EPOLL, ssl=JDK, codec-factory=FstCodecFactory[use-unsafe=true]]" classname="io.hekate.rpc.internal.RpcAsyncAggregateTest" time="0.341"/>
  <testcase name="testAsyncSetPartialNull[13: transport=EPOLL, ssl=JDK, codec-factory=FstCodecFactory[use-unsafe=true]]" classname="io.hekate.rpc.internal.RpcAsyncAggregateTest" time="0.274"/>
  <testcase name="testAsyncListPartialNull[13: transport=EPOLL, ssl=JDK, codec-factory=FstCodecFactory[use-unsafe=true]]" classname="io.hekate.rpc.internal.RpcAsyncAggregateTest" time="0.275"/>
  <testcase name="testAsyncMap[13: transport=EPOLL, ssl=JDK, codec-factory=FstCodecFactory[use-unsafe=true]]" classname="io.hekate.rpc.internal.RpcAsyncAggregateTest" time="0.282"/>
  <testcase name="testAsyncSet[13: transport=EPOLL, ssl=JDK, codec-factory=FstCodecFactory[use-unsafe=true]]" classname="io.hekate.rpc.internal.RpcAsyncAggregateTest" time="0.306"/>
  <testcase name="testAsyncCollection[13: transport=EPOLL, ssl=JDK, codec-factory=FstCodecFactory[use-unsafe=true]]" classname="io.hekate.rpc.internal.RpcAsyncAggregateTest" time="0.235"/>
  <testcase name="testAsyncRecursiveError[13: transport=EPOLL, ssl=JDK, codec-factory=FstCodecFactory[use-unsafe=true]]" classname="io.hekate.rpc.internal.RpcAsyncAggregateTest" time="0.364"/>
  <testcase name="testAsyncPartialError[13: transport=EPOLL, ssl=JDK, codec-factory=FstCodecFactory[use-unsafe=true]]" classname="io.hekate.rpc.internal.RpcAsyncAggregateTest" time="0.195"/>
  <testcase name="testAsyncRecursiveResult[13: transport=EPOLL, ssl=JDK, codec-factory=FstCodecFactory[use-unsafe=true]]" classname="io.hekate.rpc.internal.RpcAsyncAggregateTest" time="0.271"/>
  <testcase name="testAsyncError[14: transport=EPOLL, ssl=JDK, codec-factory=JdkCodecFactory]" classname="io.hekate.rpc.internal.RpcAsyncAggregateTest" time="0.142"/>
  <testcase name="testAsyncIgnoreError[14: transport=EPOLL, ssl=JDK, codec-factory=JdkCodecFactory]" classname="io.hekate.rpc.internal.RpcAsyncAggregateTest" time="0.166"/>
  <testcase name="testAsyncList[14: transport=EPOLL, ssl=JDK, codec-factory=JdkCodecFactory]" classname="io.hekate.rpc.internal.RpcAsyncAggregateTest" time="0.148"/>
  <testcase name="testAsyncIgnorePartialError[14: transport=EPOLL, ssl=JDK, codec-factory=JdkCodecFactory]" classname="io.hekate.rpc.internal.RpcAsyncAggregateTest" time="0.156"/>
  <testcase name="testAsyncMapPartialNull[14: transport=EPOLL, ssl=JDK, codec-factory=JdkCodecFactory]" classname="io.hekate.rpc.internal.RpcAsyncAggregateTest" time="0.156"/>
  <testcase name="testAsyncSetPartialNull[14: transport=EPOLL, ssl=JDK, codec-factory=JdkCodecFactory]" classname="io.hekate.rpc.internal.RpcAsyncAggregateTest" time="0.159"/>
  <testcase name="testAsyncListPartialNull[14: transport=EPOLL, ssl=JDK, codec-factory=JdkCodecFactory]" classname="io.hekate.rpc.internal.RpcAsyncAggregateTest" time="0.157"/>
  <testcase name="testAsyncMap[14: transport=EPOLL, ssl=JDK, codec-factory=JdkCodecFactory]" classname="io.hekate.rpc.internal.RpcAsyncAggregateTest" time="0.157"/>
  <testcase name="testAsyncSet[14: transport=EPOLL, ssl=JDK, codec-factory=JdkCodecFactory]" classname="io.hekate.rpc.internal.RpcAsyncAggregateTest" time="0.159"/>
  <testcase name="testAsyncCollection[14: transport=EPOLL, ssl=JDK, codec-factory=JdkCodecFactory]" classname="io.hekate.rpc.internal.RpcAsyncAggregateTest" time="0.158"/>
  <testcase name="testAsyncRecursiveError[14: transport=EPOLL, ssl=JDK, codec-factory=JdkCodecFactory]" classname="io.hekate.rpc.internal.RpcAsyncAggregateTest" time="0.227"/>
  <testcase name="testAsyncPartialError[14: transport=EPOLL, ssl=JDK, codec-factory=JdkCodecFactory]" classname="io.hekate.rpc.internal.RpcAsyncAggregateTest" time="0.157"/>
  <testcase name="testAsyncRecursiveResult[14: transport=EPOLL, ssl=JDK, codec-factory=JdkCodecFactory]" classname="io.hekate.rpc.internal.RpcAsyncAggregateTest" time="0.228"/>
  <testcase name="testAsyncError[15: transport=EPOLL, ssl=OPEN_SSL, codec-factory=KryoCodecFactory[unsafe-io=true, cache-unknown-types=false]]" classname="io.hekate.rpc.internal.RpcAsyncAggregateTest" time="0.088"/>
  <testcase name="testAsyncIgnoreError[15: transport=EPOLL, ssl=OPEN_SSL, codec-factory=KryoCodecFactory[unsafe-io=true, cache-unknown-types=false]]" classname="io.hekate.rpc.internal.RpcAsyncAggregateTest" time="0.12"/>
  <testcase name="testAsyncList[15: transport=EPOLL, ssl=OPEN_SSL, codec-factory=KryoCodecFactory[unsafe-io=true, cache-unknown-types=false]]" classname="io.hekate.rpc.internal.RpcAsyncAggregateTest" time="0.086"/>
  <testcase name="testAsyncIgnorePartialError[15: transport=EPOLL, ssl=OPEN_SSL, codec-factory=KryoCodecFactory[unsafe-io=true, cache-unknown-types=false]]" classname="io.hekate.rpc.internal.RpcAsyncAggregateTest" time="0.086"/>
  <testcase name="testAsyncMapPartialNull[15: transport=EPOLL, ssl=OPEN_SSL, codec-factory=KryoCodecFactory[unsafe-io=true, cache-unknown-types=false]]" classname="io.hekate.rpc.internal.RpcAsyncAggregateTest" time="0.088"/>
  <testcase name="testAsyncSetPartialNull[15: transport=EPOLL, ssl=OPEN_SSL, codec-factory=KryoCodecFactory[unsafe-io=true, cache-unknown-types=false]]" classname="io.hekate.rpc.internal.RpcAsyncAggregateTest" time="0.084"/>
  <testcase name="testAsyncListPartialNull[15: transport=EPOLL, ssl=OPEN_SSL, codec-factory=KryoCodecFactory[unsafe-io=true, cache-unknown-types=false]]" classname="io.hekate.rpc.internal.RpcAsyncAggregateTest" time="0.088"/>
  <testcase name="testAsyncMap[15: transport=EPOLL, ssl=OPEN_SSL, codec-factory=KryoCodecFactory[unsafe-io=true, cache-unknown-types=false]]" classname="io.hekate.rpc.internal.RpcAsyncAggregateTest" time="0.084"/>
  <testcase name="testAsyncSet[15: transport=EPOLL, ssl=OPEN_SSL, codec-factory=KryoCodecFactory[unsafe-io=true, cache-unknown-types=false]]" classname="io.hekate.rpc.internal.RpcAsyncAggregateTest" time="0.086"/>
  <testcase name="testAsyncCollection[15: transport=EPOLL, ssl=OPEN_SSL, codec-factory=KryoCodecFactory[unsafe-io=true, cache-unknown-types=false]]" classname="io.hekate.rpc.internal.RpcAsyncAggregateTest" time="0.084"/>
  <testcase name="testAsyncRecursiveError[15: transport=EPOLL, ssl=OPEN_SSL, codec-factory=KryoCodecFactory[unsafe-io=true, cache-unknown-types=false]]" classname="io.hekate.rpc.internal.RpcAsyncAggregateTest" time="0.158"/>
  <testcase name="testAsyncPartialError[15: transport=EPOLL, ssl=OPEN_SSL, codec-factory=KryoCodecFactory[unsafe-io=true, cache-unknown-types=false]]" classname="io.hekate.rpc.internal.RpcAsyncAggregateTest" time="0.085"/>
  <testcase name="testAsyncRecursiveResult[15: transport=EPOLL, ssl=OPEN_SSL, codec-factory=KryoCodecFactory[unsafe-io=true, cache-unknown-types=false]]" classname="io.hekate.rpc.internal.RpcAsyncAggregateTest" time="0.155"/>
  <testcase name="testAsyncError[16: transport=EPOLL, ssl=OPEN_SSL, codec-factory=FstCodecFactory[use-unsafe=true]]" classname="io.hekate.rpc.internal.RpcAsyncAggregateTest" time="0.196"/>
  <testcase name="testAsyncIgnoreError[16: transport=EPOLL, ssl=OPEN_SSL, codec-factory=FstCodecFactory[use-unsafe=true]]" classname="io.hekate.rpc.internal.RpcAsyncAggregateTest" time="0.229"/>
  <testcase name="testAsyncList[16: transport=EPOLL, ssl=OPEN_SSL, codec-factory=FstCodecFactory[use-unsafe=true]]" classname="io.hekate.rpc.internal.RpcAsyncAggregateTest" time="0.175"/>
  <testcase name="testAsyncIgnorePartialError[16: transport=EPOLL, ssl=OPEN_SSL, codec-factory=FstCodecFactory[use-unsafe=true]]" classname="io.hekate.rpc.internal.RpcAsyncAggregateTest" time="0.166"/>
  <testcase name="testAsyncMapPartialNull[16: transport=EPOLL, ssl=OPEN_SSL, codec-factory=FstCodecFactory[use-unsafe=true]]" classname="io.hekate.rpc.internal.RpcAsyncAggregateTest" time="0.189"/>
  <testcase name="testAsyncSetPartialNull[16: transport=EPOLL, ssl=OPEN_SSL, codec-factory=FstCodecFactory[use-unsafe=true]]" classname="io.hekate.rpc.internal.RpcAsyncAggregateTest" time="0.186"/>
  <testcase name="testAsyncListPartialNull[16: transport=EPOLL, ssl=OPEN_SSL, codec-factory=FstCodecFactory[use-unsafe=true]]" classname="io.hekate.rpc.internal.RpcAsyncAggregateTest" time="0.197"/>
  <testcase name="testAsyncMap[16: transport=EPOLL, ssl=OPEN_SSL, codec-factory=FstCodecFactory[use-unsafe=true]]" classname="io.hekate.rpc.internal.RpcAsyncAggregateTest" time="0.23"/>
  <testcase name="testAsyncSet[16: transport=EPOLL, ssl=OPEN_SSL, codec-factory=FstCodecFactory[use-unsafe=true]]" classname="io.hekate.rpc.internal.RpcAsyncAggregateTest" time="0.19"/>
  <testcase name="testAsyncCollection[16: transport=EPOLL, ssl=OPEN_SSL, codec-factory=FstCodecFactory[use-unsafe=true]]" classname="io.hekate.rpc.internal.RpcAsyncAggregateTest" time="0.186"/>
  <testcase name="testAsyncRecursiveError[16: transport=EPOLL, ssl=OPEN_SSL, codec-factory=FstCodecFactory[use-unsafe=true]]" classname="io.hekate.rpc.internal.RpcAsyncAggregateTest" time="0.287"/>
  <testcase name="testAsyncPartialError[16: transport=EPOLL, ssl=OPEN_SSL, codec-factory=FstCodecFactory[use-unsafe=true]]" classname="io.hekate.rpc.internal.RpcAsyncAggregateTest" time="0.216"/>
  <testcase name="testAsyncRecursiveResult[16: transport=EPOLL, ssl=OPEN_SSL, codec-factory=FstCodecFactory[use-unsafe=true]]" classname="io.hekate.rpc.internal.RpcAsyncAggregateTest" time="0.289"/>
  <testcase name="testAsyncError[17: transport=EPOLL, ssl=OPEN_SSL, codec-factory=JdkCodecFactory]" classname="io.hekate.rpc.internal.RpcAsyncAggregateTest" time="0.078"/>
  <testcase name="testAsyncIgnoreError[17: transport=EPOLL, ssl=OPEN_SSL, codec-factory=JdkCodecFactory]" classname="io.hekate.rpc.internal.RpcAsyncAggregateTest" time="0.093"/>
  <testcase name="testAsyncList[17: transport=EPOLL, ssl=OPEN_SSL, codec-factory=JdkCodecFactory]" classname="io.hekate.rpc.internal.RpcAsyncAggregateTest" time="0.079"/>
  <testcase name="testAsyncIgnorePartialError[17: transport=EPOLL, ssl=OPEN_SSL, codec-factory=JdkCodecFactory]" classname="io.hekate.rpc.internal.RpcAsyncAggregateTest" time="0.081"/>
  <testcase name="testAsyncMapPartialNull[17: transport=EPOLL, ssl=OPEN_SSL, codec-factory=JdkCodecFactory]" classname="io.hekate.rpc.internal.RpcAsyncAggregateTest" time="0.098"/>
  <testcase name="testAsyncSetPartialNull[17: transport=EPOLL, ssl=OPEN_SSL, codec-factory=JdkCodecFactory]" classname="io.hekate.rpc.internal.RpcAsyncAggregateTest" time="0.083"/>
  <testcase name="testAsyncListPartialNull[17: transport=EPOLL, ssl=OPEN_SSL, codec-factory=JdkCodecFactory]" classname="io.hekate.rpc.internal.RpcAsyncAggregateTest" time="0.081"/>
  <testcase name="testAsyncMap[17: transport=EPOLL, ssl=OPEN_SSL, codec-factory=JdkCodecFactory]" classname="io.hekate.rpc.internal.RpcAsyncAggregateTest" time="0.083"/>
  <testcase name="testAsyncSet[17: transport=EPOLL, ssl=OPEN_SSL, codec-factory=JdkCodecFactory]" classname="io.hekate.rpc.internal.RpcAsyncAggregateTest" time="0.084"/>
  <testcase name="testAsyncCollection[17: transport=EPOLL, ssl=OPEN_SSL, codec-factory=JdkCodecFactory]" classname="io.hekate.rpc.internal.RpcAsyncAggregateTest" time="0.084"/>
  <testcase name="testAsyncRecursiveError[17: transport=EPOLL, ssl=OPEN_SSL, codec-factory=JdkCodecFactory]" classname="io.hekate.rpc.internal.RpcAsyncAggregateTest" time="0.156"/>
  <testcase name="testAsyncPartialError[17: transport=EPOLL, ssl=OPEN_SSL, codec-factory=JdkCodecFactory]" classname="io.hekate.rpc.internal.RpcAsyncAggregateTest" time="0.071"/>
  <testcase name="testAsyncRecursiveResult[17: transport=EPOLL, ssl=OPEN_SSL, codec-factory=JdkCodecFactory]" classname="io.hekate.rpc.internal.RpcAsyncAggregateTest" time="0.144"/>
</testsuite>