<?xml version="1.0" encoding="UTF-8"?>
<testsuite xmlns:xsi="http://www.w3.org/2001/XMLSchema-instance" xsi:schemaLocation="https://maven.apache.org/surefire/maven-surefire-plugin/xsd/surefire-test-report.xsd" name="io.hekate.cluster.internal.ClusterServiceMultipleNodesTest" time="258.924" tests="156" errors="0" skipped="0" failures="0">
  <properties>
    <property name="java.runtime.name" value="OpenJDK Runtime Environment"/>
    <property name="sun.boot.library.path" value="/usr/lib/jvm/java-8-openjdk-amd64/jre/lib/amd64"/>
    <property name="java.vm.version" value="25.121-b13"/>
    <property name="java.vm.vendor" value="Oracle Corporation"/>
    <property name="maven.multiModuleProjectDirectory" value="/root/workspace/hekate-io/hekate/390165353"/>
    <property name="java.vendor.url" value="http://java.oracle.com/"/>
    <property name="path.separator" value=":"/>
    <property name="guice.disable.misplaced.annotation.check" value="true"/>
    <property name="skip.gulp" value="true"/>
    <property name="java.vm.name" value="OpenJDK 64-Bit Server VM"/>
    <property name="file.encoding.pkg" value="sun.io"/>
    <property name="sun.java.launcher" value="SUN_STANDARD"/>
    <property name="sun.os.patch.level" value="unknown"/>
    <property name="findbugs.skip" value="true"/>
    <property name="java.vm.specification.name" value="Java Virtual Machine Specification"/>
    <property name="user.dir" value="/root/workspace/hekate-io/hekate/390165353"/>
    <property name="checkstyle.skip" value="true"/>
    <property name="java.runtime.version" value="1.8.0_121-8u121-b13-1~bpo8+1-b13"/>
    <property name="java.awt.graphicsenv" value="sun.awt.X11GraphicsEnvironment"/>
    <property name="skip.npm" value="true"/>
    <property name="java.endorsed.dirs" value="/usr/lib/jvm/java-8-openjdk-amd64/jre/lib/endorsed"/>
    <property name="os.arch" value="amd64"/>
    <property name="java.io.tmpdir" value="/tmp"/>
    <property name="gpg.skip" value="true"/>
    <property name="line.separator" value="&#10;"/>
    <property name="java.vm.specification.vendor" value="Oracle Corporation"/>
    <property name="cobertura.skip" value="true"/>
    <property name="os.name" value="Linux"/>
    <property name="classworlds.conf" value="/usr/share/maven/bin/m2.conf"/>
    <property name="sun.jnu.encoding" value="UTF-8"/>
    <property name="java.library.path" value="/usr/java/packages/lib/amd64:/usr/lib/x86_64-linux-gnu/jni:/lib/x86_64-linux-gnu:/usr/lib/x86_64-linux-gnu:/usr/lib/jni:/lib:/usr/lib"/>
    <property name="license.skip" value="true"/>
    <property name="java.specification.name" value="Java Platform API Specification"/>
    <property name="java.class.version" value="52.0"/>
    <property name="org.slf4j.simpleLogger.levelInBrackets" value="true"/>
    <property name="sun.management.compiler" value="HotSpot 64-Bit Tiered Compilers"/>
    <property name="skip.bower" value="true"/>
    <property name="maven.repo.local" value="/root/./workspace/hekate-io/hekate/390165353/.m2"/>
    <property name="os.version" value="3.10.0-862.3.2.el7.x86_64"/>
    <property name="user.home" value="/root"/>
    <property name="user.timezone" value="Europe/Paris"/>
    <property name="java.awt.printerjob" value="sun.print.PSPrinterJob"/>
    <property name="java.specification.version" value="1.8"/>
    <property name="file.encoding" value="UTF-8"/>
    <property name="user.name" value="root"/>
    <property name="java.class.path" value="/usr/share/maven/boot/plexus-classworlds-2.5.2.jar"/>
    <property name="skipITs" value="true"/>
    <property name="java.vm.specification.version" value="1.8"/>
    <property name="sun.arch.data.model" value="64"/>
    <property name="java.home" value="/usr/lib/jvm/java-8-openjdk-amd64/jre"/>
    <property name="sun.java.command" value="org.codehaus.plexus.classworlds.launcher.Launcher -B -D enforcer.skip=true -D dependency-check.skip=true -D skipITs=true -D cobertura.skip=true -D maven.repo.local=/root/./workspace/hekate-io/hekate/390165353/.m2 -D rat.skip=true -D findbugs.skip=true -D skip.bower=true -D gpg.skip=true -D checkstyle.skip=true -D skip.gulp=true -D license.skip=true -D skip.npm=true test"/>
    <property name="java.specification.vendor" value="Oracle Corporation"/>
    <property name="user.language" value="en"/>
    <property name="awt.toolkit" value="sun.awt.X11.XToolkit"/>
    <property name="dependency-check.skip" value="true"/>
    <property name="java.vm.info" value="mixed mode"/>
    <property name="java.version" value="1.8.0_121"/>
    <property name="java.ext.dirs" value="/usr/lib/jvm/java-8-openjdk-amd64/jre/lib/ext:/usr/java/packages/lib/ext"/>
    <property name="securerandom.source" value="file:/dev/./urandom"/>
    <property name="sun.boot.class.path" value="/usr/lib/jvm/java-8-openjdk-amd64/jre/lib/resources.jar:/usr/lib/jvm/java-8-openjdk-amd64/jre/lib/rt.jar:/usr/lib/jvm/java-8-openjdk-amd64/jre/lib/sunrsasign.jar:/usr/lib/jvm/java-8-openjdk-amd64/jre/lib/jsse.jar:/usr/lib/jvm/java-8-openjdk-amd64/jre/lib/jce.jar:/usr/lib/jvm/java-8-openjdk-amd64/jre/lib/charsets.jar:/usr/lib/jvm/java-8-openjdk-amd64/jre/lib/jfr.jar:/usr/lib/jvm/java-8-openjdk-amd64/jre/classes"/>
    <property name="java.vendor" value="Oracle Corporation"/>
    <property name="enforcer.skip" value="true"/>
    <property name="rat.skip" value="true"/>
    <property name="maven.home" value="/usr/share/maven"/>
    <property name="file.separator" value="/"/>
    <property name="java.vendor.url.bug" value="http://bugreport.sun.com/bugreport/"/>
    <property name="sun.cpu.endian" value="little"/>
    <property name="sun.io.unicode.encoding" value="UnicodeLittle"/>
    <property name="org.slf4j.simpleLogger.showThreadName" value="false"/>
    <property name="sun.cpu.isalist" value=""/>
  </properties>
  <testcase name="testJoinOrderRemoveYoungest[0: transport=NIO]" classname="io.hekate.cluster.internal.ClusterServiceMultipleNodesTest" time="1.633"/>
  <testcase name="testFutureOf[0: transport=NIO]" classname="io.hekate.cluster.internal.ClusterServiceMultipleNodesTest" time="0.047"/>
  <testcase name="testCoordinatorFailureWhileJoining[0: transport=NIO]" classname="io.hekate.cluster.internal.ClusterServiceMultipleNodesTest" time="0.624"/>
  <testcase name="testClusterView[0: transport=NIO]" classname="io.hekate.cluster.internal.ClusterServiceMultipleNodesTest" time="0.081"/>
  <testcase name="testJoinRejectLoopback[0: transport=NIO]" classname="io.hekate.cluster.internal.ClusterServiceMultipleNodesTest" time="0.035"/>
  <testcase name="testNodeBecomesNonReachable[0: transport=NIO]" classname="io.hekate.cluster.internal.ClusterServiceMultipleNodesTest" time="2.149"/>
  <testcase name="testJoinRejectCustom[0: transport=NIO]" classname="io.hekate.cluster.internal.ClusterServiceMultipleNodesTest" time="0.033"/>
  <testcase name="testHasService[0: transport=NIO]" classname="io.hekate.cluster.internal.ClusterServiceMultipleNodesTest" time="0.071"/>
  <testcase name="testAwaitFor[0: transport=NIO]" classname="io.hekate.cluster.internal.ClusterServiceMultipleNodesTest" time="0.156"/>
  <testcase name="testTerminateJoinSameTimeWithPermanentNodes[0: transport=NIO]" classname="io.hekate.cluster.internal.ClusterServiceMultipleNodesTest" time="6.194"/>
  <testcase name="testJoinRejectNonLoopback[0: transport=NIO]" classname="io.hekate.cluster.internal.ClusterServiceMultipleNodesTest" time="0.029"/>
  <testcase name="testJoinLeaveWithPermanentNodes[0: transport=NIO]" classname="io.hekate.cluster.internal.ClusterServiceMultipleNodesTest" time="0.721"/>
  <testcase name="testTopologyEvents[0: transport=NIO]" classname="io.hekate.cluster.internal.ClusterServiceMultipleNodesTest" time="0.676"/>
  <testcase name="testJoinLeave[0: transport=NIO]" classname="io.hekate.cluster.internal.ClusterServiceMultipleNodesTest" time="2.204"/>
  <testcase name="testLeaveJoinSameTimeWithPermanentNodes[0: transport=NIO]" classname="io.hekate.cluster.internal.ClusterServiceMultipleNodesTest" time="0.581"/>
  <testcase name="testJoinOrderRemoveOldest[0: transport=NIO]" classname="io.hekate.cluster.internal.ClusterServiceMultipleNodesTest" time="0.183"/>
  <testcase name="testJoiningNodeNonReachable[0: transport=NIO]" classname="io.hekate.cluster.internal.ClusterServiceMultipleNodesTest" time="1.844"/>
  <testcase name="testJoinTerminateSameTimeWithPermanentNodes[0: transport=NIO]" classname="io.hekate.cluster.internal.ClusterServiceMultipleNodesTest" time="5.983"/>
  <testcase name="testTopologyEventsWithTerminate[0: transport=NIO]" classname="io.hekate.cluster.internal.ClusterServiceMultipleNodesTest" time="2.137"/>
  <testcase name="testJoinLeaveNoWait[0: transport=NIO]" classname="io.hekate.cluster.internal.ClusterServiceMultipleNodesTest" time="0.609"/>
  <testcase name="testJoiningNodeHanged[0: transport=NIO]" classname="io.hekate.cluster.internal.ClusterServiceMultipleNodesTest" time="1.899"/>
  <testcase name="testJoinTerminateNoWaitWithPermanentNodes[0: transport=NIO]" classname="io.hekate.cluster.internal.ClusterServiceMultipleNodesTest" time="0.513"/>
  <testcase name="testJoinLeaveSameTimeWithPermanentNodes[0: transport=NIO]" classname="io.hekate.cluster.internal.ClusterServiceMultipleNodesTest" time="0.85"/>
  <testcase name="testAwaitForNodes[0: transport=NIO]" classname="io.hekate.cluster.internal.ClusterServiceMultipleNodesTest" time="0.138"/>
  <testcase name="testTopologyChangeEvents[0: transport=NIO]" classname="io.hekate.cluster.internal.ClusterServiceMultipleNodesTest" time="0.43"/>
  <testcase name="testJoinLeaveNoWaitWithPermanentNodes[0: transport=NIO]" classname="io.hekate.cluster.internal.ClusterServiceMultipleNodesTest" time="0.337"/>
  <testcase name="testJoinOrderRemoveYoungest[1: transport=NIO, ssl=JDK]" classname="io.hekate.cluster.internal.ClusterServiceMultipleNodesTest" time="3.657"/>
  <testcase name="testFutureOf[1: transport=NIO, ssl=JDK]" classname="io.hekate.cluster.internal.ClusterServiceMultipleNodesTest" time="0.073"/>
  <testcase name="testCoordinatorFailureWhileJoining[1: transport=NIO, ssl=JDK]" classname="io.hekate.cluster.internal.ClusterServiceMultipleNodesTest" time="1.217"/>
  <testcase name="testClusterView[1: transport=NIO, ssl=JDK]" classname="io.hekate.cluster.internal.ClusterServiceMultipleNodesTest" time="0.15"/>
  <testcase name="testJoinRejectLoopback[1: transport=NIO, ssl=JDK]" classname="io.hekate.cluster.internal.ClusterServiceMultipleNodesTest" time="0.062"/>
  <testcase name="testNodeBecomesNonReachable[1: transport=NIO, ssl=JDK]" classname="io.hekate.cluster.internal.ClusterServiceMultipleNodesTest" time="4.206"/>
  <testcase name="testJoinRejectCustom[1: transport=NIO, ssl=JDK]" classname="io.hekate.cluster.internal.ClusterServiceMultipleNodesTest" time="0.065"/>
  <testcase name="testHasService[1: transport=NIO, ssl=JDK]" classname="io.hekate.cluster.internal.ClusterServiceMultipleNodesTest" time="0.152"/>
  <testcase name="testAwaitFor[1: transport=NIO, ssl=JDK]" classname="io.hekate.cluster.internal.ClusterServiceMultipleNodesTest" time="0.155"/>
  <testcase name="testTerminateJoinSameTimeWithPermanentNodes[1: transport=NIO, ssl=JDK]" classname="io.hekate.cluster.internal.ClusterServiceMultipleNodesTest" time="12.466"/>
  <testcase name="testJoinRejectNonLoopback[1: transport=NIO, ssl=JDK]" classname="io.hekate.cluster.internal.ClusterServiceMultipleNodesTest" time="0.059"/>
  <testcase name="testJoinLeaveWithPermanentNodes[1: transport=NIO, ssl=JDK]" classname="io.hekate.cluster.internal.ClusterServiceMultipleNodesTest" time="2.587"/>
  <testcase name="testTopologyEvents[1: transport=NIO, ssl=JDK]" classname="io.hekate.cluster.internal.ClusterServiceMultipleNodesTest" time="1.523"/>
  <testcase name="testJoinLeave[1: transport=NIO, ssl=JDK]" classname="io.hekate.cluster.internal.ClusterServiceMultipleNodesTest" time="5.481"/>
  <testcase name="testLeaveJoinSameTimeWithPermanentNodes[1: transport=NIO, ssl=JDK]" classname="io.hekate.cluster.internal.ClusterServiceMultipleNodesTest" time="2.501"/>
  <testcase name="testJoinOrderRemoveOldest[1: transport=NIO, ssl=JDK]" classname="io.hekate.cluster.internal.ClusterServiceMultipleNodesTest" time="0.773"/>
  <testcase name="testJoiningNodeNonReachable[1: transport=NIO, ssl=JDK]" classname="io.hekate.cluster.internal.ClusterServiceMultipleNodesTest" time="3.643"/>
  <testcase name="testJoinTerminateSameTimeWithPermanentNodes[1: transport=NIO, ssl=JDK]" classname="io.hekate.cluster.internal.ClusterServiceMultipleNodesTest" time="11.961"/>
  <testcase name="testTopologyEventsWithTerminate[1: transport=NIO, ssl=JDK]" classname="io.hekate.cluster.internal.ClusterServiceMultipleNodesTest" time="4.245"/>
  <testcase name="testJoinLeaveNoWait[1: transport=NIO, ssl=JDK]" classname="io.hekate.cluster.internal.ClusterServiceMultipleNodesTest" time="0.619"/>
  <testcase name="testJoiningNodeHanged[1: transport=NIO, ssl=JDK]" classname="io.hekate.cluster.internal.ClusterServiceMultipleNodesTest" time="3.759"/>
  <testcase name="testJoinTerminateNoWaitWithPermanentNodes[1: transport=NIO, ssl=JDK]" classname="io.hekate.cluster.internal.ClusterServiceMultipleNodesTest" time="0.998"/>
  <testcase name="testJoinLeaveSameTimeWithPermanentNodes[1: transport=NIO, ssl=JDK]" classname="io.hekate.cluster.internal.ClusterServiceMultipleNodesTest" time="2.264"/>
  <testcase name="testAwaitForNodes[1: transport=NIO, ssl=JDK]" classname="io.hekate.cluster.internal.ClusterServiceMultipleNodesTest" time="0.151"/>
  <testcase name="testTopologyChangeEvents[1: transport=NIO, ssl=JDK]" classname="io.hekate.cluster.internal.ClusterServiceMultipleNodesTest" time="1.125"/>
  <testcase name="testJoinLeaveNoWaitWithPermanentNodes[1: transport=NIO, ssl=JDK]" classname="io.hekate.cluster.internal.ClusterServiceMultipleNodesTest" time="1.064"/>
  <testcase name="testJoinOrderRemoveYoungest[2: transport=NIO, ssl=OPEN_SSL]" classname="io.hekate.cluster.internal.ClusterServiceMultipleNodesTest" time="1.62"/>
  <testcase name="testFutureOf[2: transport=NIO, ssl=OPEN_SSL]" classname="io.hekate.cluster.internal.ClusterServiceMultipleNodesTest" time="0.041"/>
  <testcase name="testCoordinatorFailureWhileJoining[2: transport=NIO, ssl=OPEN_SSL]" classname="io.hekate.cluster.internal.ClusterServiceMultipleNodesTest" time="0.618"/>
  <testcase name="testClusterView[2: transport=NIO, ssl=OPEN_SSL]" classname="io.hekate.cluster.internal.ClusterServiceMultipleNodesTest" time="0.093"/>
  <testcase name="testJoinRejectLoopback[2: transport=NIO, ssl=OPEN_SSL]" classname="io.hekate.cluster.internal.ClusterServiceMultipleNodesTest" time="0.031"/>
  <testcase name="testNodeBecomesNonReachable[2: transport=NIO, ssl=OPEN_SSL]" classname="io.hekate.cluster.internal.ClusterServiceMultipleNodesTest" time="2.037"/>
  <testcase name="testJoinRejectCustom[2: transport=NIO, ssl=OPEN_SSL]" classname="io.hekate.cluster.internal.ClusterServiceMultipleNodesTest" time="0.034"/>
  <testcase name="testHasService[2: transport=NIO, ssl=OPEN_SSL]" classname="io.hekate.cluster.internal.ClusterServiceMultipleNodesTest" time="0.077"/>
  <testcase name="testAwaitFor[2: transport=NIO, ssl=OPEN_SSL]" classname="io.hekate.cluster.internal.ClusterServiceMultipleNodesTest" time="0.152"/>
  <testcase name="testTerminateJoinSameTimeWithPermanentNodes[2: transport=NIO, ssl=OPEN_SSL]" classname="io.hekate.cluster.internal.ClusterServiceMultipleNodesTest" time="6.086"/>
  <testcase name="testJoinRejectNonLoopback[2: transport=NIO, ssl=OPEN_SSL]" classname="io.hekate.cluster.internal.ClusterServiceMultipleNodesTest" time="0.03"/>
  <testcase name="testJoinLeaveWithPermanentNodes[2: transport=NIO, ssl=OPEN_SSL]" classname="io.hekate.cluster.internal.ClusterServiceMultipleNodesTest" time="1.16"/>
  <testcase name="testTopologyEvents[2: transport=NIO, ssl=OPEN_SSL]" classname="io.hekate.cluster.internal.ClusterServiceMultipleNodesTest" time="0.559"/>
  <testcase name="testJoinLeave[2: transport=NIO, ssl=OPEN_SSL]" classname="io.hekate.cluster.internal.ClusterServiceMultipleNodesTest" time="2.721"/>
  <testcase name="testLeaveJoinSameTimeWithPermanentNodes[2: transport=NIO, ssl=OPEN_SSL]" classname="io.hekate.cluster.internal.ClusterServiceMultipleNodesTest" time="1.166"/>
  <testcase name="testJoinOrderRemoveOldest[2: transport=NIO, ssl=OPEN_SSL]" classname="io.hekate.cluster.internal.ClusterServiceMultipleNodesTest" time="0.468"/>
  <testcase name="testJoiningNodeNonReachable[2: transport=NIO, ssl=OPEN_SSL]" classname="io.hekate.cluster.internal.ClusterServiceMultipleNodesTest" time="1.846"/>
  <testcase name="testJoinTerminateSameTimeWithPermanentNodes[2: transport=NIO, ssl=OPEN_SSL]" classname="io.hekate.cluster.internal.ClusterServiceMultipleNodesTest" time="5.824"/>
  <testcase name="testTopologyEventsWithTerminate[2: transport=NIO, ssl=OPEN_SSL]" classname="io.hekate.cluster.internal.ClusterServiceMultipleNodesTest" time="1.86"/>
  <testcase name="testJoinLeaveNoWait[2: transport=NIO, ssl=OPEN_SSL]" classname="io.hekate.cluster.internal.ClusterServiceMultipleNodesTest" time="0.475"/>
  <testcase name="testJoiningNodeHanged[2: transport=NIO, ssl=OPEN_SSL]" classname="io.hekate.cluster.internal.ClusterServiceMultipleNodesTest" time="1.987"/>
  <testcase name="testJoinTerminateNoWaitWithPermanentNodes[2: transport=NIO, ssl=OPEN_SSL]" classname="io.hekate.cluster.internal.ClusterServiceMultipleNodesTest" time="0.512"/>
  <testcase name="testJoinLeaveSameTimeWithPermanentNodes[2: transport=NIO, ssl=OPEN_SSL]" classname="io.hekate.cluster.internal.ClusterServiceMultipleNodesTest" time="1.366"/>
  <testcase name="testAwaitForNodes[2: transport=NIO, ssl=OPEN_SSL]" classname="io.hekate.cluster.internal.ClusterServiceMultipleNodesTest" time="0.146"/>
  <testcase name="testTopologyChangeEvents[2: transport=NIO, ssl=OPEN_SSL]" classname="io.hekate.cluster.internal.ClusterServiceMultipleNodesTest" time="0.618"/>
  <testcase name="testJoinLeaveNoWaitWithPermanentNodes[2: transport=NIO, ssl=OPEN_SSL]" classname="io.hekate.cluster.internal.ClusterServiceMultipleNodesTest" time="0.534"/>
  <testcase name="testJoinOrderRemoveYoungest[3: transport=EPOLL]" classname="io.hekate.cluster.internal.ClusterServiceMultipleNodesTest" time="1.283"/>
  <testcase name="testFutureOf[3: transport=EPOLL]" classname="io.hekate.cluster.internal.ClusterServiceMultipleNodesTest" time="0.032"/>
  <testcase name="testCoordinatorFailureWhileJoining[3: transport=EPOLL]" classname="io.hekate.cluster.internal.ClusterServiceMultipleNodesTest" time="0.616"/>
  <testcase name="testClusterView[3: transport=EPOLL]" classname="io.hekate.cluster.internal.ClusterServiceMultipleNodesTest" time="0.045"/>
  <testcase name="testJoinRejectLoopback[3: transport=EPOLL]" classname="io.hekate.cluster.internal.ClusterServiceMultipleNodesTest" time="0.02"/>
  <testcase name="testNodeBecomesNonReachable[3: transport=EPOLL]" classname="io.hekate.cluster.internal.ClusterServiceMultipleNodesTest" time="1.993"/>
  <testcase name="testJoinRejectCustom[3: transport=EPOLL]" classname="io.hekate.cluster.internal.ClusterServiceMultipleNodesTest" time="0.022"/>
  <testcase name="testHasService[3: transport=EPOLL]" classname="io.hekate.cluster.internal.ClusterServiceMultipleNodesTest" time="0.045"/>
  <testcase name="testAwaitFor[3: transport=EPOLL]" classname="io.hekate.cluster.internal.ClusterServiceMultipleNodesTest" time="0.132"/>
  <testcase name="testTerminateJoinSameTimeWithPermanentNodes[3: transport=EPOLL]" classname="io.hekate.cluster.internal.ClusterServiceMultipleNodesTest" time="6.048"/>
  <testcase name="testJoinRejectNonLoopback[3: transport=EPOLL]" classname="io.hekate.cluster.internal.ClusterServiceMultipleNodesTest" time="0.021"/>
  <testcase name="testJoinLeaveWithPermanentNodes[3: transport=EPOLL]" classname="io.hekate.cluster.internal.ClusterServiceMultipleNodesTest" time="2.849"/>
  <testcase name="testTopologyEvents[3: transport=EPOLL]" classname="io.hekate.cluster.internal.ClusterServiceMultipleNodesTest" time="0.398"/>
  <testcase name="testJoinLeave[3: transport=EPOLL]" classname="io.hekate.cluster.internal.ClusterServiceMultipleNodesTest" time="5.086"/>
  <testcase name="testLeaveJoinSameTimeWithPermanentNodes[3: transport=EPOLL]" classname="io.hekate.cluster.internal.ClusterServiceMultipleNodesTest" time="0.772"/>
  <testcase name="testJoinOrderRemoveOldest[3: transport=EPOLL]" classname="io.hekate.cluster.internal.ClusterServiceMultipleNodesTest" time="0.284"/>
  <testcase name="testJoiningNodeNonReachable[3: transport=EPOLL]" classname="io.hekate.cluster.internal.ClusterServiceMultipleNodesTest" time="1.839"/>
  <testcase name="testJoinTerminateSameTimeWithPermanentNodes[3: transport=EPOLL]" classname="io.hekate.cluster.internal.ClusterServiceMultipleNodesTest" time="6.183"/>
  <testcase name="testTopologyEventsWithTerminate[3: transport=EPOLL]" classname="io.hekate.cluster.internal.ClusterServiceMultipleNodesTest" time="2.029"/>
  <testcase name="testJoinLeaveNoWait[3: transport=EPOLL]" classname="io.hekate.cluster.internal.ClusterServiceMultipleNodesTest" time="0.286"/>
  <testcase name="testJoiningNodeHanged[3: transport=EPOLL]" classname="io.hekate.cluster.internal.ClusterServiceMultipleNodesTest" time="1.888"/>
  <testcase name="testJoinTerminateNoWaitWithPermanentNodes[3: transport=EPOLL]" classname="io.hekate.cluster.internal.ClusterServiceMultipleNodesTest" time="0.338"/>
  <testcase name="testJoinLeaveSameTimeWithPermanentNodes[3: transport=EPOLL]" classname="io.hekate.cluster.internal.ClusterServiceMultipleNodesTest" time="0.536"/>
  <testcase name="testAwaitForNodes[3: transport=EPOLL]" classname="io.hekate.cluster.internal.ClusterServiceMultipleNodesTest" time="0.126"/>
  <testcase name="testTopologyChangeEvents[3: transport=EPOLL]" classname="io.hekate.cluster.internal.ClusterServiceMultipleNodesTest" time="0.608"/>
  <testcase name="testJoinLeaveNoWaitWithPermanentNodes[3: transport=EPOLL]" classname="io.hekate.cluster.internal.ClusterServiceMultipleNodesTest" time="0.376"/>
  <testcase name="testJoinOrderRemoveYoungest[4: transport=EPOLL, ssl=JDK]" classname="io.hekate.cluster.internal.ClusterServiceMultipleNodesTest" time="3.069"/>
  <testcase name="testFutureOf[4: transport=EPOLL, ssl=JDK]" classname="io.hekate.cluster.internal.ClusterServiceMultipleNodesTest" time="0.068"/>
  <testcase name="testCoordinatorFailureWhileJoining[4: transport=EPOLL, ssl=JDK]" classname="io.hekate.cluster.internal.ClusterServiceMultipleNodesTest" time="1.217"/>
  <testcase name="testClusterView[4: transport=EPOLL, ssl=JDK]" classname="io.hekate.cluster.internal.ClusterServiceMultipleNodesTest" time="0.128"/>
  <testcase name="testJoinRejectLoopback[4: transport=EPOLL, ssl=JDK]" classname="io.hekate.cluster.internal.ClusterServiceMultipleNodesTest" time="0.04"/>
  <testcase name="testNodeBecomesNonReachable[4: transport=EPOLL, ssl=JDK]" classname="io.hekate.cluster.internal.ClusterServiceMultipleNodesTest" time="3.931"/>
  <testcase name="testJoinRejectCustom[4: transport=EPOLL, ssl=JDK]" classname="io.hekate.cluster.internal.ClusterServiceMultipleNodesTest" time="0.055"/>
  <testcase name="testHasService[4: transport=EPOLL, ssl=JDK]" classname="io.hekate.cluster.internal.ClusterServiceMultipleNodesTest" time="0.124"/>
  <testcase name="testAwaitFor[4: transport=EPOLL, ssl=JDK]" classname="io.hekate.cluster.internal.ClusterServiceMultipleNodesTest" time="0.169"/>
  <testcase name="testTerminateJoinSameTimeWithPermanentNodes[4: transport=EPOLL, ssl=JDK]" classname="io.hekate.cluster.internal.ClusterServiceMultipleNodesTest" time="12.022"/>
  <testcase name="testJoinRejectNonLoopback[4: transport=EPOLL, ssl=JDK]" classname="io.hekate.cluster.internal.ClusterServiceMultipleNodesTest" time="0.054"/>
  <testcase name="testJoinLeaveWithPermanentNodes[4: transport=EPOLL, ssl=JDK]" classname="io.hekate.cluster.internal.ClusterServiceMultipleNodesTest" time="2.753"/>
  <testcase name="testTopologyEvents[4: transport=EPOLL, ssl=JDK]" classname="io.hekate.cluster.internal.ClusterServiceMultipleNodesTest" time="2.11"/>
  <testcase name="testJoinLeave[4: transport=EPOLL, ssl=JDK]" classname="io.hekate.cluster.internal.ClusterServiceMultipleNodesTest" time="5.229"/>
  <testcase name="testLeaveJoinSameTimeWithPermanentNodes[4: transport=EPOLL, ssl=JDK]" classname="io.hekate.cluster.internal.ClusterServiceMultipleNodesTest" time="2.671"/>
  <testcase name="testJoinOrderRemoveOldest[4: transport=EPOLL, ssl=JDK]" classname="io.hekate.cluster.internal.ClusterServiceMultipleNodesTest" time="0.943"/>
  <testcase name="testJoiningNodeNonReachable[4: transport=EPOLL, ssl=JDK]" classname="io.hekate.cluster.internal.ClusterServiceMultipleNodesTest" time="3.635"/>
  <testcase name="testJoinTerminateSameTimeWithPermanentNodes[4: transport=EPOLL, ssl=JDK]" classname="io.hekate.cluster.internal.ClusterServiceMultipleNodesTest" time="12.397"/>
  <testcase name="testTopologyEventsWithTerminate[4: transport=EPOLL, ssl=JDK]" classname="io.hekate.cluster.internal.ClusterServiceMultipleNodesTest" time="3.853"/>
  <testcase name="testJoinLeaveNoWait[4: transport=EPOLL, ssl=JDK]" classname="io.hekate.cluster.internal.ClusterServiceMultipleNodesTest" time="0.619"/>
  <testcase name="testJoiningNodeHanged[4: transport=EPOLL, ssl=JDK]" classname="io.hekate.cluster.internal.ClusterServiceMultipleNodesTest" time="3.747"/>
  <testcase name="testJoinTerminateNoWaitWithPermanentNodes[4: transport=EPOLL, ssl=JDK]" classname="io.hekate.cluster.internal.ClusterServiceMultipleNodesTest" time="0.98"/>
  <testcase name="testJoinLeaveSameTimeWithPermanentNodes[4: transport=EPOLL, ssl=JDK]" classname="io.hekate.cluster.internal.ClusterServiceMultipleNodesTest" time="2.613"/>
  <testcase name="testAwaitForNodes[4: transport=EPOLL, ssl=JDK]" classname="io.hekate.cluster.internal.ClusterServiceMultipleNodesTest" time="0.166"/>
  <testcase name="testTopologyChangeEvents[4: transport=EPOLL, ssl=JDK]" classname="io.hekate.cluster.internal.ClusterServiceMultipleNodesTest" time="1.899"/>
  <testcase name="testJoinLeaveNoWaitWithPermanentNodes[4: transport=EPOLL, ssl=JDK]" classname="io.hekate.cluster.internal.ClusterServiceMultipleNodesTest" time="0.867"/>
  <testcase name="testJoinOrderRemoveYoungest[5: transport=EPOLL, ssl=OPEN_SSL]" classname="io.hekate.cluster.internal.ClusterServiceMultipleNodesTest" time="1.571"/>
  <testcase name="testFutureOf[5: transport=EPOLL, ssl=OPEN_SSL]" classname="io.hekate.cluster.internal.ClusterServiceMultipleNodesTest" time="0.042"/>
  <testcase name="testCoordinatorFailureWhileJoining[5: transport=EPOLL, ssl=OPEN_SSL]" classname="io.hekate.cluster.internal.ClusterServiceMultipleNodesTest" time="0.615"/>
  <testcase name="testClusterView[5: transport=EPOLL, ssl=OPEN_SSL]" classname="io.hekate.cluster.internal.ClusterServiceMultipleNodesTest" time="0.073"/>
  <testcase name="testJoinRejectLoopback[5: transport=EPOLL, ssl=OPEN_SSL]" classname="io.hekate.cluster.internal.ClusterServiceMultipleNodesTest" time="0.028"/>
  <testcase name="testNodeBecomesNonReachable[5: transport=EPOLL, ssl=OPEN_SSL]" classname="io.hekate.cluster.internal.ClusterServiceMultipleNodesTest" time="2.131"/>
  <testcase name="testJoinRejectCustom[5: transport=EPOLL, ssl=OPEN_SSL]" classname="io.hekate.cluster.internal.ClusterServiceMultipleNodesTest" time="0.029"/>
  <testcase name="testHasService[5: transport=EPOLL, ssl=OPEN_SSL]" classname="io.hekate.cluster.internal.ClusterServiceMultipleNodesTest" time="0.138"/>
  <testcase name="testAwaitFor[5: transport=EPOLL, ssl=OPEN_SSL]" classname="io.hekate.cluster.internal.ClusterServiceMultipleNodesTest" time="0.143"/>
  <testcase name="testTerminateJoinSameTimeWithPermanentNodes[5: transport=EPOLL, ssl=OPEN_SSL]" classname="io.hekate.cluster.internal.ClusterServiceMultipleNodesTest" time="6.16"/>
  <testcase name="testJoinRejectNonLoopback[5: transport=EPOLL, ssl=OPEN_SSL]" classname="io.hekate.cluster.internal.ClusterServiceMultipleNodesTest" time="0.027"/>
  <testcase name="testJoinLeaveWithPermanentNodes[5: transport=EPOLL, ssl=OPEN_SSL]" classname="io.hekate.cluster.internal.ClusterServiceMultipleNodesTest" time="1.366"/>
  <testcase name="testTopologyEvents[5: transport=EPOLL, ssl=OPEN_SSL]" classname="io.hekate.cluster.internal.ClusterServiceMultipleNodesTest" time="0.559"/>
  <testcase name="testJoinLeave[5: transport=EPOLL, ssl=OPEN_SSL]" classname="io.hekate.cluster.internal.ClusterServiceMultipleNodesTest" time="2.424"/>
  <testcase name="testLeaveJoinSameTimeWithPermanentNodes[5: transport=EPOLL, ssl=OPEN_SSL]" classname="io.hekate.cluster.internal.ClusterServiceMultipleNodesTest" time="1.097"/>
  <testcase name="testJoinOrderRemoveOldest[5: transport=EPOLL, ssl=OPEN_SSL]" classname="io.hekate.cluster.internal.ClusterServiceMultipleNodesTest" time="0.455"/>
  <testcase name="testJoiningNodeNonReachable[5: transport=EPOLL, ssl=OPEN_SSL]" classname="io.hekate.cluster.internal.ClusterServiceMultipleNodesTest" time="1.839"/>
  <testcase name="testJoinTerminateSameTimeWithPermanentNodes[5: transport=EPOLL, ssl=OPEN_SSL]" classname="io.hekate.cluster.internal.ClusterServiceMultipleNodesTest" time="6.289"/>
  <testcase name="testTopologyEventsWithTerminate[5: transport=EPOLL, ssl=OPEN_SSL]" classname="io.hekate.cluster.internal.ClusterServiceMultipleNodesTest" time="1.937"/>
  <testcase name="testJoinLeaveNoWait[5: transport=EPOLL, ssl=OPEN_SSL]" classname="io.hekate.cluster.internal.ClusterServiceMultipleNodesTest" time="0.363"/>
  <testcase name="testJoiningNodeHanged[5: transport=EPOLL, ssl=OPEN_SSL]" classname="io.hekate.cluster.internal.ClusterServiceMultipleNodesTest" time="1.935"/>
  <testcase name="testJoinTerminateNoWaitWithPermanentNodes[5: transport=EPOLL, ssl=OPEN_SSL]" classname="io.hekate.cluster.internal.ClusterServiceMultipleNodesTest" time="0.447"/>
  <testcase name="testJoinLeaveSameTimeWithPermanentNodes[5: transport=EPOLL, ssl=OPEN_SSL]" classname="io.hekate.cluster.internal.ClusterServiceMultipleNodesTest" time="1.204"/>
  <testcase name="testAwaitForNodes[5: transport=EPOLL, ssl=OPEN_SSL]" classname="io.hekate.cluster.internal.ClusterServiceMultipleNodesTest" time="0.143"/>
  <testcase name="testTopologyChangeEvents[5: transport=EPOLL, ssl=OPEN_SSL]" classname="io.hekate.cluster.internal.ClusterServiceMultipleNodesTest" time="0.6"/>
  <testcase name="testJoinLeaveNoWaitWithPermanentNodes[5: transport=EPOLL, ssl=OPEN_SSL]" classname="io.hekate.cluster.internal.ClusterServiceMultipleNodesTest" time="0.399"/>
</testsuite>