<?xml version="1.0" encoding="UTF-8"?>
<testsuite xmlns:xsi="http://www.w3.org/2001/XMLSchema-instance" xsi:schemaLocation="https://maven.apache.org/surefire/maven-surefire-plugin/xsd/surefire-test-report.xsd" name="io.hekate.lock.internal.LockMigrationTest" time="175.362" tests="240" errors="0" skipped="0" failures="0">
  <properties>
    <property name="java.runtime.name" value="OpenJDK Runtime Environment"/>
    <property name="sun.boot.library.path" value="/usr/lib/jvm/java-8-openjdk-amd64/jre/lib/amd64"/>
    <property name="java.vm.version" value="25.121-b13"/>
    <property name="java.vm.vendor" value="Oracle Corporation"/>
    <property name="maven.multiModuleProjectDirectory" value="/root/workspace/hekate-io/hekate/390165353"/>
    <property name="java.vendor.url" value="http://java.oracle.com/"/>
    <property name="path.separator" value=":"/>
    <property name="guice.disable.misplaced.annotation.check" value="true"/>
    <property name="skip.gulp" value="true"/>
    <property name="java.vm.name" value="OpenJDK 64-Bit Server VM"/>
    <property name="file.encoding.pkg" value="sun.io"/>
    <property name="sun.java.launcher" value="SUN_STANDARD"/>
    <property name="sun.os.patch.level" value="unknown"/>
    <property name="findbugs.skip" value="true"/>
    <property name="java.vm.specification.name" value="Java Virtual Machine Specification"/>
    <property name="user.dir" value="/root/workspace/hekate-io/hekate/390165353"/>
    <property name="checkstyle.skip" value="true"/>
    <property name="java.runtime.version" value="1.8.0_121-8u121-b13-1~bpo8+1-b13"/>
    <property name="java.awt.graphicsenv" value="sun.awt.X11GraphicsEnvironment"/>
    <property name="skip.npm" value="true"/>
    <property name="java.endorsed.dirs" value="/usr/lib/jvm/java-8-openjdk-amd64/jre/lib/endorsed"/>
    <property name="os.arch" value="amd64"/>
    <property name="java.io.tmpdir" value="/tmp"/>
    <property name="gpg.skip" value="true"/>
    <property name="line.separator" value="&#10;"/>
    <property name="java.vm.specification.vendor" value="Oracle Corporation"/>
    <property name="cobertura.skip" value="true"/>
    <property name="os.name" value="Linux"/>
    <property name="classworlds.conf" value="/usr/share/maven/bin/m2.conf"/>
    <property name="sun.jnu.encoding" value="UTF-8"/>
    <property name="java.library.path" value="/usr/java/packages/lib/amd64:/usr/lib/x86_64-linux-gnu/jni:/lib/x86_64-linux-gnu:/usr/lib/x86_64-linux-gnu:/usr/lib/jni:/lib:/usr/lib"/>
    <property name="license.skip" value="true"/>
    <property name="java.specification.name" value="Java Platform API Specification"/>
    <property name="java.class.version" value="52.0"/>
    <property name="org.slf4j.simpleLogger.levelInBrackets" value="true"/>
    <property name="sun.management.compiler" value="HotSpot 64-Bit Tiered Compilers"/>
    <property name="skip.bower" value="true"/>
    <property name="maven.repo.local" value="/root/./workspace/hekate-io/hekate/390165353/.m2"/>
    <property name="os.version" value="3.10.0-862.3.2.el7.x86_64"/>
    <property name="user.home" value="/root"/>
    <property name="user.timezone" value="Europe/Paris"/>
    <property name="java.awt.printerjob" value="sun.print.PSPrinterJob"/>
    <property name="java.specification.version" value="1.8"/>
    <property name="file.encoding" value="UTF-8"/>
    <property name="user.name" value="root"/>
    <property name="java.class.path" value="/usr/share/maven/boot/plexus-classworlds-2.5.2.jar"/>
    <property name="skipITs" value="true"/>
    <property name="java.vm.specification.version" value="1.8"/>
    <property name="sun.arch.data.model" value="64"/>
    <property name="java.home" value="/usr/lib/jvm/java-8-openjdk-amd64/jre"/>
    <property name="sun.java.command" value="org.codehaus.plexus.classworlds.launcher.Launcher -B -D enforcer.skip=true -D dependency-check.skip=true -D skipITs=true -D cobertura.skip=true -D maven.repo.local=/root/./workspace/hekate-io/hekate/390165353/.m2 -D rat.skip=true -D findbugs.skip=true -D skip.bower=true -D gpg.skip=true -D checkstyle.skip=true -D skip.gulp=true -D license.skip=true -D skip.npm=true test"/>
    <property name="java.specification.vendor" value="Oracle Corporation"/>
    <property name="user.language" value="en"/>
    <property name="awt.toolkit" value="sun.awt.X11.XToolkit"/>
    <property name="dependency-check.skip" value="true"/>
    <property name="java.vm.info" value="mixed mode"/>
    <property name="java.version" value="1.8.0_121"/>
    <property name="java.ext.dirs" value="/usr/lib/jvm/java-8-openjdk-amd64/jre/lib/ext:/usr/java/packages/lib/ext"/>
    <property name="securerandom.source" value="file:/dev/./urandom"/>
    <property name="sun.boot.class.path" value="/usr/lib/jvm/java-8-openjdk-amd64/jre/lib/resources.jar:/usr/lib/jvm/java-8-openjdk-amd64/jre/lib/rt.jar:/usr/lib/jvm/java-8-openjdk-amd64/jre/lib/sunrsasign.jar:/usr/lib/jvm/java-8-openjdk-amd64/jre/lib/jsse.jar:/usr/lib/jvm/java-8-openjdk-amd64/jre/lib/jce.jar:/usr/lib/jvm/java-8-openjdk-amd64/jre/lib/charsets.jar:/usr/lib/jvm/java-8-openjdk-amd64/jre/lib/jfr.jar:/usr/lib/jvm/java-8-openjdk-amd64/jre/classes"/>
    <property name="java.vendor" value="Oracle Corporation"/>
    <property name="enforcer.skip" value="true"/>
    <property name="rat.skip" value="true"/>
    <property name="maven.home" value="/usr/share/maven"/>
    <property name="file.separator" value="/"/>
    <property name="java.vendor.url.bug" value="http://bugreport.sun.com/bugreport/"/>
    <property name="sun.cpu.endian" value="little"/>
    <property name="sun.io.unicode.encoding" value="UnicodeLittle"/>
    <property name="org.slf4j.simpleLogger.showThreadName" value="false"/>
    <property name="sun.cpu.isalist" value=""/>
  </properties>
  <testcase name="testMigrationWithQueuedLock[0: transport=NIO, worker-threads=1, nio-threads=0]" classname="io.hekate.lock.internal.LockMigrationTest" time="0.434"/>
  <testcase name="testCoordinatorLeaveOnPrepareReceived[0: transport=NIO, worker-threads=1, nio-threads=0]" classname="io.hekate.lock.internal.LockMigrationTest" time="0.379"/>
  <testcase name="testNodeLeaveOnApply[0: transport=NIO, worker-threads=1, nio-threads=0]" classname="io.hekate.lock.internal.LockMigrationTest" time="0.367"/>
  <testcase name="testCoordinatorLeaveOnPrepareSent[0: transport=NIO, worker-threads=1, nio-threads=0]" classname="io.hekate.lock.internal.LockMigrationTest" time="0.539"/>
  <testcase name="testNodeJoinOnPrepare[0: transport=NIO, worker-threads=1, nio-threads=0]" classname="io.hekate.lock.internal.LockMigrationTest" time="0.587"/>
  <testcase name="testNodeJoinOnApply[0: transport=NIO, worker-threads=1, nio-threads=0]" classname="io.hekate.lock.internal.LockMigrationTest" time="0.618"/>
  <testcase name="testNoMigrationWhenNonLockServiceNodeJoins[0: transport=NIO, worker-threads=1, nio-threads=0]" classname="io.hekate.lock.internal.LockMigrationTest" time="0.535"/>
  <testcase name="testNoMigrationWhenOtherRegionNodeJoins[0: transport=NIO, worker-threads=1, nio-threads=0]" classname="io.hekate.lock.internal.LockMigrationTest" time="0.571"/>
  <testcase name="testCoordinatorLeaveOnApplySent[0: transport=NIO, worker-threads=1, nio-threads=0]" classname="io.hekate.lock.internal.LockMigrationTest" time="0.569"/>
  <testcase name="testNodeLeaveOnPrepare[0: transport=NIO, worker-threads=1, nio-threads=0]" classname="io.hekate.lock.internal.LockMigrationTest" time="0.442"/>
  <testcase name="testMigrationWithQueuedLock[1: transport=NIO, worker-threads=1, nio-threads=1]" classname="io.hekate.lock.internal.LockMigrationTest" time="0.517"/>
  <testcase name="testCoordinatorLeaveOnPrepareReceived[1: transport=NIO, worker-threads=1, nio-threads=1]" classname="io.hekate.lock.internal.LockMigrationTest" time="0.502"/>
  <testcase name="testNodeLeaveOnApply[1: transport=NIO, worker-threads=1, nio-threads=1]" classname="io.hekate.lock.internal.LockMigrationTest" time="0.563"/>
  <testcase name="testCoordinatorLeaveOnPrepareSent[1: transport=NIO, worker-threads=1, nio-threads=1]" classname="io.hekate.lock.internal.LockMigrationTest" time="0.454"/>
  <testcase name="testNodeJoinOnPrepare[1: transport=NIO, worker-threads=1, nio-threads=1]" classname="io.hekate.lock.internal.LockMigrationTest" time="0.634"/>
  <testcase name="testNodeJoinOnApply[1: transport=NIO, worker-threads=1, nio-threads=1]" classname="io.hekate.lock.internal.LockMigrationTest" time="0.655"/>
  <testcase name="testNoMigrationWhenNonLockServiceNodeJoins[1: transport=NIO, worker-threads=1, nio-threads=1]" classname="io.hekate.lock.internal.LockMigrationTest" time="0.543"/>
  <testcase name="testNoMigrationWhenOtherRegionNodeJoins[1: transport=NIO, worker-threads=1, nio-threads=1]" classname="io.hekate.lock.internal.LockMigrationTest" time="0.541"/>
  <testcase name="testCoordinatorLeaveOnApplySent[1: transport=NIO, worker-threads=1, nio-threads=1]" classname="io.hekate.lock.internal.LockMigrationTest" time="0.574"/>
  <testcase name="testNodeLeaveOnPrepare[1: transport=NIO, worker-threads=1, nio-threads=1]" classname="io.hekate.lock.internal.LockMigrationTest" time="0.538"/>
  <testcase name="testMigrationWithQueuedLock[2: transport=NIO, worker-threads=2, nio-threads=1]" classname="io.hekate.lock.internal.LockMigrationTest" time="0.575"/>
  <testcase name="testCoordinatorLeaveOnPrepareReceived[2: transport=NIO, worker-threads=2, nio-threads=1]" classname="io.hekate.lock.internal.LockMigrationTest" time="0.541"/>
  <testcase name="testNodeLeaveOnApply[2: transport=NIO, worker-threads=2, nio-threads=1]" classname="io.hekate.lock.internal.LockMigrationTest" time="0.538"/>
  <testcase name="testCoordinatorLeaveOnPrepareSent[2: transport=NIO, worker-threads=2, nio-threads=1]" classname="io.hekate.lock.internal.LockMigrationTest" time="0.552"/>
  <testcase name="testNodeJoinOnPrepare[2: transport=NIO, worker-threads=2, nio-threads=1]" classname="io.hekate.lock.internal.LockMigrationTest" time="0.714"/>
  <testcase name="testNodeJoinOnApply[2: transport=NIO, worker-threads=2, nio-threads=1]" classname="io.hekate.lock.internal.LockMigrationTest" time="0.717"/>
  <testcase name="testNoMigrationWhenNonLockServiceNodeJoins[2: transport=NIO, worker-threads=2, nio-threads=1]" classname="io.hekate.lock.internal.LockMigrationTest" time="0.556"/>
  <testcase name="testNoMigrationWhenOtherRegionNodeJoins[2: transport=NIO, worker-threads=2, nio-threads=1]" classname="io.hekate.lock.internal.LockMigrationTest" time="0.602"/>
  <testcase name="testCoordinatorLeaveOnApplySent[2: transport=NIO, worker-threads=2, nio-threads=1]" classname="io.hekate.lock.internal.LockMigrationTest" time="0.563"/>
  <testcase name="testNodeLeaveOnPrepare[2: transport=NIO, worker-threads=2, nio-threads=1]" classname="io.hekate.lock.internal.LockMigrationTest" time="0.545"/>
  <testcase name="testMigrationWithQueuedLock[3: transport=NIO, worker-threads=2, nio-threads=2]" classname="io.hekate.lock.internal.LockMigrationTest" time="0.528"/>
  <testcase name="testCoordinatorLeaveOnPrepareReceived[3: transport=NIO, worker-threads=2, nio-threads=2]" classname="io.hekate.lock.internal.LockMigrationTest" time="0.629"/>
  <testcase name="testNodeLeaveOnApply[3: transport=NIO, worker-threads=2, nio-threads=2]" classname="io.hekate.lock.internal.LockMigrationTest" time="0.564"/>
  <testcase name="testCoordinatorLeaveOnPrepareSent[3: transport=NIO, worker-threads=2, nio-threads=2]" classname="io.hekate.lock.internal.LockMigrationTest" time="0.478"/>
  <testcase name="testNodeJoinOnPrepare[3: transport=NIO, worker-threads=2, nio-threads=2]" classname="io.hekate.lock.internal.LockMigrationTest" time="0.653"/>
  <testcase name="testNodeJoinOnApply[3: transport=NIO, worker-threads=2, nio-threads=2]" classname="io.hekate.lock.internal.LockMigrationTest" time="0.727"/>
  <testcase name="testNoMigrationWhenNonLockServiceNodeJoins[3: transport=NIO, worker-threads=2, nio-threads=2]" classname="io.hekate.lock.internal.LockMigrationTest" time="0.524"/>
  <testcase name="testNoMigrationWhenOtherRegionNodeJoins[3: transport=NIO, worker-threads=2, nio-threads=2]" classname="io.hekate.lock.internal.LockMigrationTest" time="0.584"/>
  <testcase name="testCoordinatorLeaveOnApplySent[3: transport=NIO, worker-threads=2, nio-threads=2]" classname="io.hekate.lock.internal.LockMigrationTest" time="0.616"/>
  <testcase name="testNodeLeaveOnPrepare[3: transport=NIO, worker-threads=2, nio-threads=2]" classname="io.hekate.lock.internal.LockMigrationTest" time="0.544"/>
  <testcase name="testMigrationWithQueuedLock[4: transport=NIO, ssl=JDK, worker-threads=1, nio-threads=0]" classname="io.hekate.lock.internal.LockMigrationTest" time="0.828"/>
  <testcase name="testCoordinatorLeaveOnPrepareReceived[4: transport=NIO, ssl=JDK, worker-threads=1, nio-threads=0]" classname="io.hekate.lock.internal.LockMigrationTest" time="1.101"/>
  <testcase name="testNodeLeaveOnApply[4: transport=NIO, ssl=JDK, worker-threads=1, nio-threads=0]" classname="io.hekate.lock.internal.LockMigrationTest" time="0.986"/>
  <testcase name="testCoordinatorLeaveOnPrepareSent[4: transport=NIO, ssl=JDK, worker-threads=1, nio-threads=0]" classname="io.hekate.lock.internal.LockMigrationTest" time="1.006"/>
  <testcase name="testNodeJoinOnPrepare[4: transport=NIO, ssl=JDK, worker-threads=1, nio-threads=0]" classname="io.hekate.lock.internal.LockMigrationTest" time="1.159"/>
  <testcase name="testNodeJoinOnApply[4: transport=NIO, ssl=JDK, worker-threads=1, nio-threads=0]" classname="io.hekate.lock.internal.LockMigrationTest" time="1.213"/>
  <testcase name="testNoMigrationWhenNonLockServiceNodeJoins[4: transport=NIO, ssl=JDK, worker-threads=1, nio-threads=0]" classname="io.hekate.lock.internal.LockMigrationTest" time="1.153"/>
  <testcase name="testNoMigrationWhenOtherRegionNodeJoins[4: transport=NIO, ssl=JDK, worker-threads=1, nio-threads=0]" classname="io.hekate.lock.internal.LockMigrationTest" time="1.087"/>
  <testcase name="testCoordinatorLeaveOnApplySent[4: transport=NIO, ssl=JDK, worker-threads=1, nio-threads=0]" classname="io.hekate.lock.internal.LockMigrationTest" time="1.113"/>
  <testcase name="testNodeLeaveOnPrepare[4: transport=NIO, ssl=JDK, worker-threads=1, nio-threads=0]" classname="io.hekate.lock.internal.LockMigrationTest" time="1.098"/>
  <testcase name="testMigrationWithQueuedLock[5: transport=NIO, ssl=JDK, worker-threads=1, nio-threads=1]" classname="io.hekate.lock.internal.LockMigrationTest" time="0.675"/>
  <testcase name="testCoordinatorLeaveOnPrepareReceived[5: transport=NIO, ssl=JDK, worker-threads=1, nio-threads=1]" classname="io.hekate.lock.internal.LockMigrationTest" time="0.701"/>
  <testcase name="testNodeLeaveOnApply[5: transport=NIO, ssl=JDK, worker-threads=1, nio-threads=1]" classname="io.hekate.lock.internal.LockMigrationTest" time="0.889"/>
  <testcase name="testCoordinatorLeaveOnPrepareSent[5: transport=NIO, ssl=JDK, worker-threads=1, nio-threads=1]" classname="io.hekate.lock.internal.LockMigrationTest" time="0.857"/>
  <testcase name="testNodeJoinOnPrepare[5: transport=NIO, ssl=JDK, worker-threads=1, nio-threads=1]" classname="io.hekate.lock.internal.LockMigrationTest" time="1.211"/>
  <testcase name="testNodeJoinOnApply[5: transport=NIO, ssl=JDK, worker-threads=1, nio-threads=1]" classname="io.hekate.lock.internal.LockMigrationTest" time="1.476"/>
  <testcase name="testNoMigrationWhenNonLockServiceNodeJoins[5: transport=NIO, ssl=JDK, worker-threads=1, nio-threads=1]" classname="io.hekate.lock.internal.LockMigrationTest" time="1.081"/>
  <testcase name="testNoMigrationWhenOtherRegionNodeJoins[5: transport=NIO, ssl=JDK, worker-threads=1, nio-threads=1]" classname="io.hekate.lock.internal.LockMigrationTest" time="0.971"/>
  <testcase name="testCoordinatorLeaveOnApplySent[5: transport=NIO, ssl=JDK, worker-threads=1, nio-threads=1]" classname="io.hekate.lock.internal.LockMigrationTest" time="0.88"/>
  <testcase name="testNodeLeaveOnPrepare[5: transport=NIO, ssl=JDK, worker-threads=1, nio-threads=1]" classname="io.hekate.lock.internal.LockMigrationTest" time="0.865"/>
  <testcase name="testMigrationWithQueuedLock[6: transport=NIO, ssl=JDK, worker-threads=2, nio-threads=1]" classname="io.hekate.lock.internal.LockMigrationTest" time="0.949"/>
  <testcase name="testCoordinatorLeaveOnPrepareReceived[6: transport=NIO, ssl=JDK, worker-threads=2, nio-threads=1]" classname="io.hekate.lock.internal.LockMigrationTest" time="0.941"/>
  <testcase name="testNodeLeaveOnApply[6: transport=NIO, ssl=JDK, worker-threads=2, nio-threads=1]" classname="io.hekate.lock.internal.LockMigrationTest" time="0.922"/>
  <testcase name="testCoordinatorLeaveOnPrepareSent[6: transport=NIO, ssl=JDK, worker-threads=2, nio-threads=1]" classname="io.hekate.lock.internal.LockMigrationTest" time="0.907"/>
  <testcase name="testNodeJoinOnPrepare[6: transport=NIO, ssl=JDK, worker-threads=2, nio-threads=1]" classname="io.hekate.lock.internal.LockMigrationTest" time="1.213"/>
  <testcase name="testNodeJoinOnApply[6: transport=NIO, ssl=JDK, worker-threads=2, nio-threads=1]" classname="io.hekate.lock.internal.LockMigrationTest" time="1.251"/>
  <testcase name="testNoMigrationWhenNonLockServiceNodeJoins[6: transport=NIO, ssl=JDK, worker-threads=2, nio-threads=1]" classname="io.hekate.lock.internal.LockMigrationTest" time="0.956"/>
  <testcase name="testNoMigrationWhenOtherRegionNodeJoins[6: transport=NIO, ssl=JDK, worker-threads=2, nio-threads=1]" classname="io.hekate.lock.internal.LockMigrationTest" time="1.077"/>
  <testcase name="testCoordinatorLeaveOnApplySent[6: transport=NIO, ssl=JDK, worker-threads=2, nio-threads=1]" classname="io.hekate.lock.internal.LockMigrationTest" time="0.912"/>
  <testcase name="testNodeLeaveOnPrepare[6: transport=NIO, ssl=JDK, worker-threads=2, nio-threads=1]" classname="io.hekate.lock.internal.LockMigrationTest" time="0.797"/>
  <testcase name="testMigrationWithQueuedLock[7: transport=NIO, ssl=JDK, worker-threads=2, nio-threads=2]" classname="io.hekate.lock.internal.LockMigrationTest" time="0.896"/>
  <testcase name="testCoordinatorLeaveOnPrepareReceived[7: transport=NIO, ssl=JDK, worker-threads=2, nio-threads=2]" classname="io.hekate.lock.internal.LockMigrationTest" time="1.105"/>
  <testcase name="testNodeLeaveOnApply[7: transport=NIO, ssl=JDK, worker-threads=2, nio-threads=2]" classname="io.hekate.lock.internal.LockMigrationTest" time="1.102"/>
  <testcase name="testCoordinatorLeaveOnPrepareSent[7: transport=NIO, ssl=JDK, worker-threads=2, nio-threads=2]" classname="io.hekate.lock.internal.LockMigrationTest" time="0.9"/>
  <testcase name="testNodeJoinOnPrepare[7: transport=NIO, ssl=JDK, worker-threads=2, nio-threads=2]" classname="io.hekate.lock.internal.LockMigrationTest" time="1.19"/>
  <testcase name="testNodeJoinOnApply[7: transport=NIO, ssl=JDK, worker-threads=2, nio-threads=2]" classname="io.hekate.lock.internal.LockMigrationTest" time="1.246"/>
  <testcase name="testNoMigrationWhenNonLockServiceNodeJoins[7: transport=NIO, ssl=JDK, worker-threads=2, nio-threads=2]" classname="io.hekate.lock.internal.LockMigrationTest" time="1.012"/>
  <testcase name="testNoMigrationWhenOtherRegionNodeJoins[7: transport=NIO, ssl=JDK, worker-threads=2, nio-threads=2]" classname="io.hekate.lock.internal.LockMigrationTest" time="0.859"/>
  <testcase name="testCoordinatorLeaveOnApplySent[7: transport=NIO, ssl=JDK, worker-threads=2, nio-threads=2]" classname="io.hekate.lock.internal.LockMigrationTest" time="0.888"/>
  <testcase name="testNodeLeaveOnPrepare[7: transport=NIO, ssl=JDK, worker-threads=2, nio-threads=2]" classname="io.hekate.lock.internal.LockMigrationTest" time="0.884"/>
  <testcase name="testMigrationWithQueuedLock[8: transport=NIO, ssl=OPEN_SSL, worker-threads=1, nio-threads=0]" classname="io.hekate.lock.internal.LockMigrationTest" time="0.662"/>
  <testcase name="testCoordinatorLeaveOnPrepareReceived[8: transport=NIO, ssl=OPEN_SSL, worker-threads=1, nio-threads=0]" classname="io.hekate.lock.internal.LockMigrationTest" time="0.666"/>
  <testcase name="testNodeLeaveOnApply[8: transport=NIO, ssl=OPEN_SSL, worker-threads=1, nio-threads=0]" classname="io.hekate.lock.internal.LockMigrationTest" time="0.665"/>
  <testcase name="testCoordinatorLeaveOnPrepareSent[8: transport=NIO, ssl=OPEN_SSL, worker-threads=1, nio-threads=0]" classname="io.hekate.lock.internal.LockMigrationTest" time="0.668"/>
  <testcase name="testNodeJoinOnPrepare[8: transport=NIO, ssl=OPEN_SSL, worker-threads=1, nio-threads=0]" classname="io.hekate.lock.internal.LockMigrationTest" time="0.931"/>
  <testcase name="testNodeJoinOnApply[8: transport=NIO, ssl=OPEN_SSL, worker-threads=1, nio-threads=0]" classname="io.hekate.lock.internal.LockMigrationTest" time="0.822"/>
  <testcase name="testNoMigrationWhenNonLockServiceNodeJoins[8: transport=NIO, ssl=OPEN_SSL, worker-threads=1, nio-threads=0]" classname="io.hekate.lock.internal.LockMigrationTest" time="0.704"/>
  <testcase name="testNoMigrationWhenOtherRegionNodeJoins[8: transport=NIO, ssl=OPEN_SSL, worker-threads=1, nio-threads=0]" classname="io.hekate.lock.internal.LockMigrationTest" time="0.777"/>
  <testcase name="testCoordinatorLeaveOnApplySent[8: transport=NIO, ssl=OPEN_SSL, worker-threads=1, nio-threads=0]" classname="io.hekate.lock.internal.LockMigrationTest" time="0.646"/>
  <testcase name="testNodeLeaveOnPrepare[8: transport=NIO, ssl=OPEN_SSL, worker-threads=1, nio-threads=0]" classname="io.hekate.lock.internal.LockMigrationTest" time="0.712"/>
  <testcase name="testMigrationWithQueuedLock[9: transport=NIO, ssl=OPEN_SSL, worker-threads=1, nio-threads=1]" classname="io.hekate.lock.internal.LockMigrationTest" time="0.672"/>
  <testcase name="testCoordinatorLeaveOnPrepareReceived[9: transport=NIO, ssl=OPEN_SSL, worker-threads=1, nio-threads=1]" classname="io.hekate.lock.internal.LockMigrationTest" time="0.687"/>
  <testcase name="testNodeLeaveOnApply[9: transport=NIO, ssl=OPEN_SSL, worker-threads=1, nio-threads=1]" classname="io.hekate.lock.internal.LockMigrationTest" time="0.781"/>
  <testcase name="testCoordinatorLeaveOnPrepareSent[9: transport=NIO, ssl=OPEN_SSL, worker-threads=1, nio-threads=1]" classname="io.hekate.lock.internal.LockMigrationTest" time="0.69"/>
  <testcase name="testNodeJoinOnPrepare[9: transport=NIO, ssl=OPEN_SSL, worker-threads=1, nio-threads=1]" classname="io.hekate.lock.internal.LockMigrationTest" time="0.895"/>
  <testcase name="testNodeJoinOnApply[9: transport=NIO, ssl=OPEN_SSL, worker-threads=1, nio-threads=1]" classname="io.hekate.lock.internal.LockMigrationTest" time="0.875"/>
  <testcase name="testNoMigrationWhenNonLockServiceNodeJoins[9: transport=NIO, ssl=OPEN_SSL, worker-threads=1, nio-threads=1]" classname="io.hekate.lock.internal.LockMigrationTest" time="0.871"/>
  <testcase name="testNoMigrationWhenOtherRegionNodeJoins[9: transport=NIO, ssl=OPEN_SSL, worker-threads=1, nio-threads=1]" classname="io.hekate.lock.internal.LockMigrationTest" time="0.744"/>
  <testcase name="testCoordinatorLeaveOnApplySent[9: transport=NIO, ssl=OPEN_SSL, worker-threads=1, nio-threads=1]" classname="io.hekate.lock.internal.LockMigrationTest" time="0.702"/>
  <testcase name="testNodeLeaveOnPrepare[9: transport=NIO, ssl=OPEN_SSL, worker-threads=1, nio-threads=1]" classname="io.hekate.lock.internal.LockMigrationTest" time="0.685"/>
  <testcase name="testMigrationWithQueuedLock[10: transport=NIO, ssl=OPEN_SSL, worker-threads=2, nio-threads=1]" classname="io.hekate.lock.internal.LockMigrationTest" time="0.702"/>
  <testcase name="testCoordinatorLeaveOnPrepareReceived[10: transport=NIO, ssl=OPEN_SSL, worker-threads=2, nio-threads=1]" classname="io.hekate.lock.internal.LockMigrationTest" time="0.696"/>
  <testcase name="testNodeLeaveOnApply[10: transport=NIO, ssl=OPEN_SSL, worker-threads=2, nio-threads=1]" classname="io.hekate.lock.internal.LockMigrationTest" time="0.69"/>
  <testcase name="testCoordinatorLeaveOnPrepareSent[10: transport=NIO, ssl=OPEN_SSL, worker-threads=2, nio-threads=1]" classname="io.hekate.lock.internal.LockMigrationTest" time="0.696"/>
  <testcase name="testNodeJoinOnPrepare[10: transport=NIO, ssl=OPEN_SSL, worker-threads=2, nio-threads=1]" classname="io.hekate.lock.internal.LockMigrationTest" time="0.857"/>
  <testcase name="testNodeJoinOnApply[10: transport=NIO, ssl=OPEN_SSL, worker-threads=2, nio-threads=1]" classname="io.hekate.lock.internal.LockMigrationTest" time="0.852"/>
  <testcase name="testNoMigrationWhenNonLockServiceNodeJoins[10: transport=NIO, ssl=OPEN_SSL, worker-threads=2, nio-threads=1]" classname="io.hekate.lock.internal.LockMigrationTest" time="0.67"/>
  <testcase name="testNoMigrationWhenOtherRegionNodeJoins[10: transport=NIO, ssl=OPEN_SSL, worker-threads=2, nio-threads=1]" classname="io.hekate.lock.internal.LockMigrationTest" time="0.733"/>
  <testcase name="testCoordinatorLeaveOnApplySent[10: transport=NIO, ssl=OPEN_SSL, worker-threads=2, nio-threads=1]" classname="io.hekate.lock.internal.LockMigrationTest" time="0.718"/>
  <testcase name="testNodeLeaveOnPrepare[10: transport=NIO, ssl=OPEN_SSL, worker-threads=2, nio-threads=1]" classname="io.hekate.lock.internal.LockMigrationTest" time="0.782"/>
  <testcase name="testMigrationWithQueuedLock[11: transport=NIO, ssl=OPEN_SSL, worker-threads=2, nio-threads=2]" classname="io.hekate.lock.internal.LockMigrationTest" time="0.652"/>
  <testcase name="testCoordinatorLeaveOnPrepareReceived[11: transport=NIO, ssl=OPEN_SSL, worker-threads=2, nio-threads=2]" classname="io.hekate.lock.internal.LockMigrationTest" time="0.61"/>
  <testcase name="testNodeLeaveOnApply[11: transport=NIO, ssl=OPEN_SSL, worker-threads=2, nio-threads=2]" classname="io.hekate.lock.internal.LockMigrationTest" time="0.667"/>
  <testcase name="testCoordinatorLeaveOnPrepareSent[11: transport=NIO, ssl=OPEN_SSL, worker-threads=2, nio-threads=2]" classname="io.hekate.lock.internal.LockMigrationTest" time="0.66"/>
  <testcase name="testNodeJoinOnPrepare[11: transport=NIO, ssl=OPEN_SSL, worker-threads=2, nio-threads=2]" classname="io.hekate.lock.internal.LockMigrationTest" time="0.743"/>
  <testcase name="testNodeJoinOnApply[11: transport=NIO, ssl=OPEN_SSL, worker-threads=2, nio-threads=2]" classname="io.hekate.lock.internal.LockMigrationTest" time="0.946"/>
  <testcase name="testNoMigrationWhenNonLockServiceNodeJoins[11: transport=NIO, ssl=OPEN_SSL, worker-threads=2, nio-threads=2]" classname="io.hekate.lock.internal.LockMigrationTest" time="0.773"/>
  <testcase name="testNoMigrationWhenOtherRegionNodeJoins[11: transport=NIO, ssl=OPEN_SSL, worker-threads=2, nio-threads=2]" classname="io.hekate.lock.internal.LockMigrationTest" time="0.769"/>
  <testcase name="testCoordinatorLeaveOnApplySent[11: transport=NIO, ssl=OPEN_SSL, worker-threads=2, nio-threads=2]" classname="io.hekate.lock.internal.LockMigrationTest" time="0.656"/>
  <testcase name="testNodeLeaveOnPrepare[11: transport=NIO, ssl=OPEN_SSL, worker-threads=2, nio-threads=2]" classname="io.hekate.lock.internal.LockMigrationTest" time="0.793"/>
  <testcase name="testMigrationWithQueuedLock[12: transport=EPOLL, worker-threads=1, nio-threads=0]" classname="io.hekate.lock.internal.LockMigrationTest" time="0.55"/>
  <testcase name="testCoordinatorLeaveOnPrepareReceived[12: transport=EPOLL, worker-threads=1, nio-threads=0]" classname="io.hekate.lock.internal.LockMigrationTest" time="0.446"/>
  <testcase name="testNodeLeaveOnApply[12: transport=EPOLL, worker-threads=1, nio-threads=0]" classname="io.hekate.lock.internal.LockMigrationTest" time="0.541"/>
  <testcase name="testCoordinatorLeaveOnPrepareSent[12: transport=EPOLL, worker-threads=1, nio-threads=0]" classname="io.hekate.lock.internal.LockMigrationTest" time="0.519"/>
  <testcase name="testNodeJoinOnPrepare[12: transport=EPOLL, worker-threads=1, nio-threads=0]" classname="io.hekate.lock.internal.LockMigrationTest" time="0.641"/>
  <testcase name="testNodeJoinOnApply[12: transport=EPOLL, worker-threads=1, nio-threads=0]" classname="io.hekate.lock.internal.LockMigrationTest" time="0.718"/>
  <testcase name="testNoMigrationWhenNonLockServiceNodeJoins[12: transport=EPOLL, worker-threads=1, nio-threads=0]" classname="io.hekate.lock.internal.LockMigrationTest" time="0.473"/>
  <testcase name="testNoMigrationWhenOtherRegionNodeJoins[12: transport=EPOLL, worker-threads=1, nio-threads=0]" classname="io.hekate.lock.internal.LockMigrationTest" time="0.469"/>
  <testcase name="testCoordinatorLeaveOnApplySent[12: transport=EPOLL, worker-threads=1, nio-threads=0]" classname="io.hekate.lock.internal.LockMigrationTest" time="0.485"/>
  <testcase name="testNodeLeaveOnPrepare[12: transport=EPOLL, worker-threads=1, nio-threads=0]" classname="io.hekate.lock.internal.LockMigrationTest" time="0.51"/>
  <testcase name="testMigrationWithQueuedLock[13: transport=EPOLL, worker-threads=1, nio-threads=1]" classname="io.hekate.lock.internal.LockMigrationTest" time="0.535"/>
  <testcase name="testCoordinatorLeaveOnPrepareReceived[13: transport=EPOLL, worker-threads=1, nio-threads=1]" classname="io.hekate.lock.internal.LockMigrationTest" time="0.539"/>
  <testcase name="testNodeLeaveOnApply[13: transport=EPOLL, worker-threads=1, nio-threads=1]" classname="io.hekate.lock.internal.LockMigrationTest" time="0.478"/>
  <testcase name="testCoordinatorLeaveOnPrepareSent[13: transport=EPOLL, worker-threads=1, nio-threads=1]" classname="io.hekate.lock.internal.LockMigrationTest" time="0.464"/>
  <testcase name="testNodeJoinOnPrepare[13: transport=EPOLL, worker-threads=1, nio-threads=1]" classname="io.hekate.lock.internal.LockMigrationTest" time="0.636"/>
  <testcase name="testNodeJoinOnApply[13: transport=EPOLL, worker-threads=1, nio-threads=1]" classname="io.hekate.lock.internal.LockMigrationTest" time="0.615"/>
  <testcase name="testNoMigrationWhenNonLockServiceNodeJoins[13: transport=EPOLL, worker-threads=1, nio-threads=1]" classname="io.hekate.lock.internal.LockMigrationTest" time="0.558"/>
  <testcase name="testNoMigrationWhenOtherRegionNodeJoins[13: transport=EPOLL, worker-threads=1, nio-threads=1]" classname="io.hekate.lock.internal.LockMigrationTest" time="0.542"/>
  <testcase name="testCoordinatorLeaveOnApplySent[13: transport=EPOLL, worker-threads=1, nio-threads=1]" classname="io.hekate.lock.internal.LockMigrationTest" time="0.497"/>
  <testcase name="testNodeLeaveOnPrepare[13: transport=EPOLL, worker-threads=1, nio-threads=1]" classname="io.hekate.lock.internal.LockMigrationTest" time="0.513"/>
  <testcase name="testMigrationWithQueuedLock[14: transport=EPOLL, worker-threads=2, nio-threads=1]" classname="io.hekate.lock.internal.LockMigrationTest" time="0.505"/>
  <testcase name="testCoordinatorLeaveOnPrepareReceived[14: transport=EPOLL, worker-threads=2, nio-threads=1]" classname="io.hekate.lock.internal.LockMigrationTest" time="0.53"/>
  <testcase name="testNodeLeaveOnApply[14: transport=EPOLL, worker-threads=2, nio-threads=1]" classname="io.hekate.lock.internal.LockMigrationTest" time="0.556"/>
  <testcase name="testCoordinatorLeaveOnPrepareSent[14: transport=EPOLL, worker-threads=2, nio-threads=1]" classname="io.hekate.lock.internal.LockMigrationTest" time="0.518"/>
  <testcase name="testNodeJoinOnPrepare[14: transport=EPOLL, worker-threads=2, nio-threads=1]" classname="io.hekate.lock.internal.LockMigrationTest" time="0.634"/>
  <testcase name="testNodeJoinOnApply[14: transport=EPOLL, worker-threads=2, nio-threads=1]" classname="io.hekate.lock.internal.LockMigrationTest" time="0.617"/>
  <testcase name="testNoMigrationWhenNonLockServiceNodeJoins[14: transport=EPOLL, worker-threads=2, nio-threads=1]" classname="io.hekate.lock.internal.LockMigrationTest" time="0.641"/>
  <testcase name="testNoMigrationWhenOtherRegionNodeJoins[14: transport=EPOLL, worker-threads=2, nio-threads=1]" classname="io.hekate.lock.internal.LockMigrationTest" time="0.492"/>
  <testcase name="testCoordinatorLeaveOnApplySent[14: transport=EPOLL, worker-threads=2, nio-threads=1]" classname="io.hekate.lock.internal.LockMigrationTest" time="0.484"/>
  <testcase name="testNodeLeaveOnPrepare[14: transport=EPOLL, worker-threads=2, nio-threads=1]" classname="io.hekate.lock.internal.LockMigrationTest" time="0.512"/>
  <testcase name="testMigrationWithQueuedLock[15: transport=EPOLL, worker-threads=2, nio-threads=2]" classname="io.hekate.lock.internal.LockMigrationTest" time="0.474"/>
  <testcase name="testCoordinatorLeaveOnPrepareReceived[15: transport=EPOLL, worker-threads=2, nio-threads=2]" classname="io.hekate.lock.internal.LockMigrationTest" time="0.474"/>
  <testcase name="testNodeLeaveOnApply[15: transport=EPOLL, worker-threads=2, nio-threads=2]" classname="io.hekate.lock.internal.LockMigrationTest" time="0.543"/>
  <testcase name="testCoordinatorLeaveOnPrepareSent[15: transport=EPOLL, worker-threads=2, nio-threads=2]" classname="io.hekate.lock.internal.LockMigrationTest" time="0.468"/>
  <testcase name="testNodeJoinOnPrepare[15: transport=EPOLL, worker-threads=2, nio-threads=2]" classname="io.hekate.lock.internal.LockMigrationTest" time="0.585"/>
  <testcase name="testNodeJoinOnApply[15: transport=EPOLL, worker-threads=2, nio-threads=2]" classname="io.hekate.lock.internal.LockMigrationTest" time="0.665"/>
  <testcase name="testNoMigrationWhenNonLockServiceNodeJoins[15: transport=EPOLL, worker-threads=2, nio-threads=2]" classname="io.hekate.lock.internal.LockMigrationTest" time="0.513"/>
  <testcase name="testNoMigrationWhenOtherRegionNodeJoins[15: transport=EPOLL, worker-threads=2, nio-threads=2]" classname="io.hekate.lock.internal.LockMigrationTest" time="0.677"/>
  <testcase name="testCoordinatorLeaveOnApplySent[15: transport=EPOLL, worker-threads=2, nio-threads=2]" classname="io.hekate.lock.internal.LockMigrationTest" time="0.531"/>
  <testcase name="testNodeLeaveOnPrepare[15: transport=EPOLL, worker-threads=2, nio-threads=2]" classname="io.hekate.lock.internal.LockMigrationTest" time="0.559"/>
  <testcase name="testMigrationWithQueuedLock[16: transport=EPOLL, ssl=JDK, worker-threads=1, nio-threads=0]" classname="io.hekate.lock.internal.LockMigrationTest" time="1.127"/>
  <testcase name="testCoordinatorLeaveOnPrepareReceived[16: transport=EPOLL, ssl=JDK, worker-threads=1, nio-threads=0]" classname="io.hekate.lock.internal.LockMigrationTest" time="0.914"/>
  <testcase name="testNodeLeaveOnApply[16: transport=EPOLL, ssl=JDK, worker-threads=1, nio-threads=0]" classname="io.hekate.lock.internal.LockMigrationTest" time="0.934"/>
  <testcase name="testCoordinatorLeaveOnPrepareSent[16: transport=EPOLL, ssl=JDK, worker-threads=1, nio-threads=0]" classname="io.hekate.lock.internal.LockMigrationTest" time="0.865"/>
  <testcase name="testNodeJoinOnPrepare[16: transport=EPOLL, ssl=JDK, worker-threads=1, nio-threads=0]" classname="io.hekate.lock.internal.LockMigrationTest" time="1.135"/>
  <testcase name="testNodeJoinOnApply[16: transport=EPOLL, ssl=JDK, worker-threads=1, nio-threads=0]" classname="io.hekate.lock.internal.LockMigrationTest" time="1.242"/>
  <testcase name="testNoMigrationWhenNonLockServiceNodeJoins[16: transport=EPOLL, ssl=JDK, worker-threads=1, nio-threads=0]" classname="io.hekate.lock.internal.LockMigrationTest" time="1.169"/>
  <testcase name="testNoMigrationWhenOtherRegionNodeJoins[16: transport=EPOLL, ssl=JDK, worker-threads=1, nio-threads=0]" classname="io.hekate.lock.internal.LockMigrationTest" time="1.148"/>
  <testcase name="testCoordinatorLeaveOnApplySent[16: transport=EPOLL, ssl=JDK, worker-threads=1, nio-threads=0]" classname="io.hekate.lock.internal.LockMigrationTest" time="0.969"/>
  <testcase name="testNodeLeaveOnPrepare[16: transport=EPOLL, ssl=JDK, worker-threads=1, nio-threads=0]" classname="io.hekate.lock.internal.LockMigrationTest" time="0.886"/>
  <testcase name="testMigrationWithQueuedLock[17: transport=EPOLL, ssl=JDK, worker-threads=1, nio-threads=1]" classname="io.hekate.lock.internal.LockMigrationTest" time="0.896"/>
  <testcase name="testCoordinatorLeaveOnPrepareReceived[17: transport=EPOLL, ssl=JDK, worker-threads=1, nio-threads=1]" classname="io.hekate.lock.internal.LockMigrationTest" time="0.858"/>
  <testcase name="testNodeLeaveOnApply[17: transport=EPOLL, ssl=JDK, worker-threads=1, nio-threads=1]" classname="io.hekate.lock.internal.LockMigrationTest" time="0.827"/>
  <testcase name="testCoordinatorLeaveOnPrepareSent[17: transport=EPOLL, ssl=JDK, worker-threads=1, nio-threads=1]" classname="io.hekate.lock.internal.LockMigrationTest" time="0.814"/>
  <testcase name="testNodeJoinOnPrepare[17: transport=EPOLL, ssl=JDK, worker-threads=1, nio-threads=1]" classname="io.hekate.lock.internal.LockMigrationTest" time="0.834"/>
  <testcase name="testNodeJoinOnApply[17: transport=EPOLL, ssl=JDK, worker-threads=1, nio-threads=1]" classname="io.hekate.lock.internal.LockMigrationTest" time="0.962"/>
  <testcase name="testNoMigrationWhenNonLockServiceNodeJoins[17: transport=EPOLL, ssl=JDK, worker-threads=1, nio-threads=1]" classname="io.hekate.lock.internal.LockMigrationTest" time="1.076"/>
  <testcase name="testNoMigrationWhenOtherRegionNodeJoins[17: transport=EPOLL, ssl=JDK, worker-threads=1, nio-threads=1]" classname="io.hekate.lock.internal.LockMigrationTest" time="0.914"/>
  <testcase name="testCoordinatorLeaveOnApplySent[17: transport=EPOLL, ssl=JDK, worker-threads=1, nio-threads=1]" classname="io.hekate.lock.internal.LockMigrationTest" time="0.802"/>
  <testcase name="testNodeLeaveOnPrepare[17: transport=EPOLL, ssl=JDK, worker-threads=1, nio-threads=1]" classname="io.hekate.lock.internal.LockMigrationTest" time="0.771"/>
  <testcase name="testMigrationWithQueuedLock[18: transport=EPOLL, ssl=JDK, worker-threads=2, nio-threads=1]" classname="io.hekate.lock.internal.LockMigrationTest" time="0.647"/>
  <testcase name="testCoordinatorLeaveOnPrepareReceived[18: transport=EPOLL, ssl=JDK, worker-threads=2, nio-threads=1]" classname="io.hekate.lock.internal.LockMigrationTest" time="0.654"/>
  <testcase name="testNodeLeaveOnApply[18: transport=EPOLL, ssl=JDK, worker-threads=2, nio-threads=1]" classname="io.hekate.lock.internal.LockMigrationTest" time="0.748"/>
  <testcase name="testCoordinatorLeaveOnPrepareSent[18: transport=EPOLL, ssl=JDK, worker-threads=2, nio-threads=1]" classname="io.hekate.lock.internal.LockMigrationTest" time="0.658"/>
  <testcase name="testNodeJoinOnPrepare[18: transport=EPOLL, ssl=JDK, worker-threads=2, nio-threads=1]" classname="io.hekate.lock.internal.LockMigrationTest" time="0.901"/>
  <testcase name="testNodeJoinOnApply[18: transport=EPOLL, ssl=JDK, worker-threads=2, nio-threads=1]" classname="io.hekate.lock.internal.LockMigrationTest" time="0.948"/>
  <testcase name="testNoMigrationWhenNonLockServiceNodeJoins[18: transport=EPOLL, ssl=JDK, worker-threads=2, nio-threads=1]" classname="io.hekate.lock.internal.LockMigrationTest" time="0.885"/>
  <testcase name="testNoMigrationWhenOtherRegionNodeJoins[18: transport=EPOLL, ssl=JDK, worker-threads=2, nio-threads=1]" classname="io.hekate.lock.internal.LockMigrationTest" time="1.633"/>
  <testcase name="testCoordinatorLeaveOnApplySent[18: transport=EPOLL, ssl=JDK, worker-threads=2, nio-threads=1]" classname="io.hekate.lock.internal.LockMigrationTest" time="0.679"/>
  <testcase name="testNodeLeaveOnPrepare[18: transport=EPOLL, ssl=JDK, worker-threads=2, nio-threads=1]" classname="io.hekate.lock.internal.LockMigrationTest" time="0.658"/>
  <testcase name="testMigrationWithQueuedLock[19: transport=EPOLL, ssl=JDK, worker-threads=2, nio-threads=2]" classname="io.hekate.lock.internal.LockMigrationTest" time="0.706"/>
  <testcase name="testCoordinatorLeaveOnPrepareReceived[19: transport=EPOLL, ssl=JDK, worker-threads=2, nio-threads=2]" classname="io.hekate.lock.internal.LockMigrationTest" time="0.857"/>
  <testcase name="testNodeLeaveOnApply[19: transport=EPOLL, ssl=JDK, worker-threads=2, nio-threads=2]" classname="io.hekate.lock.internal.LockMigrationTest" time="0.883"/>
  <testcase name="testCoordinatorLeaveOnPrepareSent[19: transport=EPOLL, ssl=JDK, worker-threads=2, nio-threads=2]" classname="io.hekate.lock.internal.LockMigrationTest" time="0.686"/>
  <testcase name="testNodeJoinOnPrepare[19: transport=EPOLL, ssl=JDK, worker-threads=2, nio-threads=2]" classname="io.hekate.lock.internal.LockMigrationTest" time="0.959"/>
  <testcase name="testNodeJoinOnApply[19: transport=EPOLL, ssl=JDK, worker-threads=2, nio-threads=2]" classname="io.hekate.lock.internal.LockMigrationTest" time="1.018"/>
  <testcase name="testNoMigrationWhenNonLockServiceNodeJoins[19: transport=EPOLL, ssl=JDK, worker-threads=2, nio-threads=2]" classname="io.hekate.lock.internal.LockMigrationTest" time="0.88"/>
  <testcase name="testNoMigrationWhenOtherRegionNodeJoins[19: transport=EPOLL, ssl=JDK, worker-threads=2, nio-threads=2]" classname="io.hekate.lock.internal.LockMigrationTest" time="0.786"/>
  <testcase name="testCoordinatorLeaveOnApplySent[19: transport=EPOLL, ssl=JDK, worker-threads=2, nio-threads=2]" classname="io.hekate.lock.internal.LockMigrationTest" time="0.624"/>
  <testcase name="testNodeLeaveOnPrepare[19: transport=EPOLL, ssl=JDK, worker-threads=2, nio-threads=2]" classname="io.hekate.lock.internal.LockMigrationTest" time="0.83"/>
  <testcase name="testMigrationWithQueuedLock[20: transport=EPOLL, ssl=OPEN_SSL, worker-threads=1, nio-threads=0]" classname="io.hekate.lock.internal.LockMigrationTest" time="0.502"/>
  <testcase name="testCoordinatorLeaveOnPrepareReceived[20: transport=EPOLL, ssl=OPEN_SSL, worker-threads=1, nio-threads=0]" classname="io.hekate.lock.internal.LockMigrationTest" time="0.464"/>
  <testcase name="testNodeLeaveOnApply[20: transport=EPOLL, ssl=OPEN_SSL, worker-threads=1, nio-threads=0]" classname="io.hekate.lock.internal.LockMigrationTest" time="0.465"/>
  <testcase name="testCoordinatorLeaveOnPrepareSent[20: transport=EPOLL, ssl=OPEN_SSL, worker-threads=1, nio-threads=0]" classname="io.hekate.lock.internal.LockMigrationTest" time="0.683"/>
  <testcase name="testNodeJoinOnPrepare[20: transport=EPOLL, ssl=OPEN_SSL, worker-threads=1, nio-threads=0]" classname="io.hekate.lock.internal.LockMigrationTest" time="0.742"/>
  <testcase name="testNodeJoinOnApply[20: transport=EPOLL, ssl=OPEN_SSL, worker-threads=1, nio-threads=0]" classname="io.hekate.lock.internal.LockMigrationTest" time="0.687"/>
  <testcase name="testNoMigrationWhenNonLockServiceNodeJoins[20: transport=EPOLL, ssl=OPEN_SSL, worker-threads=1, nio-threads=0]" classname="io.hekate.lock.internal.LockMigrationTest" time="0.676"/>
  <testcase name="testNoMigrationWhenOtherRegionNodeJoins[20: transport=EPOLL, ssl=OPEN_SSL, worker-threads=1, nio-threads=0]" classname="io.hekate.lock.internal.LockMigrationTest" time="0.558"/>
  <testcase name="testCoordinatorLeaveOnApplySent[20: transport=EPOLL, ssl=OPEN_SSL, worker-threads=1, nio-threads=0]" classname="io.hekate.lock.internal.LockMigrationTest" time="0.477"/>
  <testcase name="testNodeLeaveOnPrepare[20: transport=EPOLL, ssl=OPEN_SSL, worker-threads=1, nio-threads=0]" classname="io.hekate.lock.internal.LockMigrationTest" time="1.635"/>
  <testcase name="testMigrationWithQueuedLock[21: transport=EPOLL, ssl=OPEN_SSL, worker-threads=1, nio-threads=1]" classname="io.hekate.lock.internal.LockMigrationTest" time="0.48"/>
  <testcase name="testCoordinatorLeaveOnPrepareReceived[21: transport=EPOLL, ssl=OPEN_SSL, worker-threads=1, nio-threads=1]" classname="io.hekate.lock.internal.LockMigrationTest" time="0.55"/>
  <testcase name="testNodeLeaveOnApply[21: transport=EPOLL, ssl=OPEN_SSL, worker-threads=1, nio-threads=1]" classname="io.hekate.lock.internal.LockMigrationTest" time="0.465"/>
  <testcase name="testCoordinatorLeaveOnPrepareSent[21: transport=EPOLL, ssl=OPEN_SSL, worker-threads=1, nio-threads=1]" classname="io.hekate.lock.internal.LockMigrationTest" time="0.519"/>
  <testcase name="testNodeJoinOnPrepare[21: transport=EPOLL, ssl=OPEN_SSL, worker-threads=1, nio-threads=1]" classname="io.hekate.lock.internal.LockMigrationTest" time="0.751"/>
  <testcase name="testNodeJoinOnApply[21: transport=EPOLL, ssl=OPEN_SSL, worker-threads=1, nio-threads=1]" classname="io.hekate.lock.internal.LockMigrationTest" time="0.684"/>
  <testcase name="testNoMigrationWhenNonLockServiceNodeJoins[21: transport=EPOLL, ssl=OPEN_SSL, worker-threads=1, nio-threads=1]" classname="io.hekate.lock.internal.LockMigrationTest" time="0.771"/>
  <testcase name="testNoMigrationWhenOtherRegionNodeJoins[21: transport=EPOLL, ssl=OPEN_SSL, worker-threads=1, nio-threads=1]" classname="io.hekate.lock.internal.LockMigrationTest" time="0.559"/>
  <testcase name="testCoordinatorLeaveOnApplySent[21: transport=EPOLL, ssl=OPEN_SSL, worker-threads=1, nio-threads=1]" classname="io.hekate.lock.internal.LockMigrationTest" time="0.514"/>
  <testcase name="testNodeLeaveOnPrepare[21: transport=EPOLL, ssl=OPEN_SSL, worker-threads=1, nio-threads=1]" classname="io.hekate.lock.internal.LockMigrationTest" time="0.485"/>
  <testcase name="testMigrationWithQueuedLock[22: transport=EPOLL, ssl=OPEN_SSL, worker-threads=2, nio-threads=1]" classname="io.hekate.lock.internal.LockMigrationTest" time="0.579"/>
  <testcase name="testCoordinatorLeaveOnPrepareReceived[22: transport=EPOLL, ssl=OPEN_SSL, worker-threads=2, nio-threads=1]" classname="io.hekate.lock.internal.LockMigrationTest" time="0.491"/>
  <testcase name="testNodeLeaveOnApply[22: transport=EPOLL, ssl=OPEN_SSL, worker-threads=2, nio-threads=1]" classname="io.hekate.lock.internal.LockMigrationTest" time="0.573"/>
  <testcase name="testCoordinatorLeaveOnPrepareSent[22: transport=EPOLL, ssl=OPEN_SSL, worker-threads=2, nio-threads=1]" classname="io.hekate.lock.internal.LockMigrationTest" time="0.527"/>
  <testcase name="testNodeJoinOnPrepare[22: transport=EPOLL, ssl=OPEN_SSL, worker-threads=2, nio-threads=1]" classname="io.hekate.lock.internal.LockMigrationTest" time="1.115"/>
  <testcase name="testNodeJoinOnApply[22: transport=EPOLL, ssl=OPEN_SSL, worker-threads=2, nio-threads=1]" classname="io.hekate.lock.internal.LockMigrationTest" time="0.618"/>
  <testcase name="testNoMigrationWhenNonLockServiceNodeJoins[22: transport=EPOLL, ssl=OPEN_SSL, worker-threads=2, nio-threads=1]" classname="io.hekate.lock.internal.LockMigrationTest" time="0.68"/>
  <testcase name="testNoMigrationWhenOtherRegionNodeJoins[22: transport=EPOLL, ssl=OPEN_SSL, worker-threads=2, nio-threads=1]" classname="io.hekate.lock.internal.LockMigrationTest" time="0.582"/>
  <testcase name="testCoordinatorLeaveOnApplySent[22: transport=EPOLL, ssl=OPEN_SSL, worker-threads=2, nio-threads=1]" classname="io.hekate.lock.internal.LockMigrationTest" time="0.552"/>
  <testcase name="testNodeLeaveOnPrepare[22: transport=EPOLL, ssl=OPEN_SSL, worker-threads=2, nio-threads=1]" classname="io.hekate.lock.internal.LockMigrationTest" time="0.485"/>
  <testcase name="testMigrationWithQueuedLock[23: transport=EPOLL, ssl=OPEN_SSL, worker-threads=2, nio-threads=2]" classname="io.hekate.lock.internal.LockMigrationTest" time="0.499"/>
  <testcase name="testCoordinatorLeaveOnPrepareReceived[23: transport=EPOLL, ssl=OPEN_SSL, worker-threads=2, nio-threads=2]" classname="io.hekate.lock.internal.LockMigrationTest" time="0.496"/>
  <testcase name="testNodeLeaveOnApply[23: transport=EPOLL, ssl=OPEN_SSL, worker-threads=2, nio-threads=2]" classname="io.hekate.lock.internal.LockMigrationTest" time="0.642"/>
  <testcase name="testCoordinatorLeaveOnPrepareSent[23: transport=EPOLL, ssl=OPEN_SSL, worker-threads=2, nio-threads=2]" classname="io.hekate.lock.internal.LockMigrationTest" time="0.469"/>
  <testcase name="testNodeJoinOnPrepare[23: transport=EPOLL, ssl=OPEN_SSL, worker-threads=2, nio-threads=2]" classname="io.hekate.lock.internal.LockMigrationTest" time="0.676"/>
  <testcase name="testNodeJoinOnApply[23: transport=EPOLL, ssl=OPEN_SSL, worker-threads=2, nio-threads=2]" classname="io.hekate.lock.internal.LockMigrationTest" time="1.045"/>
  <testcase name="testNoMigrationWhenNonLockServiceNodeJoins[23: transport=EPOLL, ssl=OPEN_SSL, worker-threads=2, nio-threads=2]" classname="io.hekate.lock.internal.LockMigrationTest" time="1.253"/>
  <testcase name="testNoMigrationWhenOtherRegionNodeJoins[23: transport=EPOLL, ssl=OPEN_SSL, worker-threads=2, nio-threads=2]" classname="io.hekate.lock.internal.LockMigrationTest" time="0.617"/>
  <testcase name="testCoordinatorLeaveOnApplySent[23: transport=EPOLL, ssl=OPEN_SSL, worker-threads=2, nio-threads=2]" classname="io.hekate.lock.internal.LockMigrationTest" time="0.591"/>
  <testcase name="testNodeLeaveOnPrepare[23: transport=EPOLL, ssl=OPEN_SSL, worker-threads=2, nio-threads=2]" classname="io.hekate.lock.internal.LockMigrationTest" time="0.497"/>
</testsuite>