<?xml version="1.0" encoding="UTF-8"?>
<testsuite xmlns:xsi="http://www.w3.org/2001/XMLSchema-instance" xsi:schemaLocation="https://maven.apache.org/surefire/maven-surefire-plugin/xsd/surefire-test-report.xsd" name="io.hekate.rpc.internal.RpcAsyncSplitAggregateTest" time="20.164" tests="162" errors="0" skipped="0" failures="0">
  <properties>
    <property name="java.runtime.name" value="OpenJDK Runtime Environment"/>
    <property name="sun.boot.library.path" value="/usr/lib/jvm/java-8-openjdk-amd64/jre/lib/amd64"/>
    <property name="java.vm.version" value="25.121-b13"/>
    <property name="java.vm.vendor" value="Oracle Corporation"/>
    <property name="maven.multiModuleProjectDirectory" value="/root/workspace/hekate-io/hekate/390728782"/>
    <property name="java.vendor.url" value="http://java.oracle.com/"/>
    <property name="path.separator" value=":"/>
    <property name="guice.disable.misplaced.annotation.check" value="true"/>
    <property name="skip.gulp" value="true"/>
    <property name="java.vm.name" value="OpenJDK 64-Bit Server VM"/>
    <property name="file.encoding.pkg" value="sun.io"/>
    <property name="sun.java.launcher" value="SUN_STANDARD"/>
    <property name="sun.os.patch.level" value="unknown"/>
    <property name="findbugs.skip" value="true"/>
    <property name="java.vm.specification.name" value="Java Virtual Machine Specification"/>
    <property name="user.dir" value="/root/workspace/hekate-io/hekate/390728782"/>
    <property name="checkstyle.skip" value="true"/>
    <property name="java.runtime.version" value="1.8.0_121-8u121-b13-1~bpo8+1-b13"/>
    <property name="java.awt.graphicsenv" value="sun.awt.X11GraphicsEnvironment"/>
    <property name="skip.npm" value="true"/>
    <property name="java.endorsed.dirs" value="/usr/lib/jvm/java-8-openjdk-amd64/jre/lib/endorsed"/>
    <property name="os.arch" value="amd64"/>
    <property name="java.io.tmpdir" value="/tmp"/>
    <property name="gpg.skip" value="true"/>
    <property name="line.separator" value="&#10;"/>
    <property name="java.vm.specification.vendor" value="Oracle Corporation"/>
    <property name="cobertura.skip" value="true"/>
    <property name="os.name" value="Linux"/>
    <property name="classworlds.conf" value="/usr/share/maven/bin/m2.conf"/>
    <property name="sun.jnu.encoding" value="UTF-8"/>
    <property name="java.library.path" value="/usr/java/packages/lib/amd64:/usr/lib/x86_64-linux-gnu/jni:/lib/x86_64-linux-gnu:/usr/lib/x86_64-linux-gnu:/usr/lib/jni:/lib:/usr/lib"/>
    <property name="license.skip" value="true"/>
    <property name="java.specification.name" value="Java Platform API Specification"/>
    <property name="java.class.version" value="52.0"/>
    <property name="org.slf4j.simpleLogger.levelInBrackets" value="true"/>
    <property name="sun.management.compiler" value="HotSpot 64-Bit Tiered Compilers"/>
    <property name="skip.bower" value="true"/>
    <property name="maven.repo.local" value="/root/./workspace/hekate-io/hekate/390728782/.m2"/>
    <property name="os.version" value="3.10.0-862.3.2.el7.x86_64"/>
    <property name="user.home" value="/root"/>
    <property name="user.timezone" value="Europe/Paris"/>
    <property name="java.awt.printerjob" value="sun.print.PSPrinterJob"/>
    <property name="java.specification.version" value="1.8"/>
    <property name="file.encoding" value="UTF-8"/>
    <property name="user.name" value="root"/>
    <property name="java.class.path" value="/usr/share/maven/boot/plexus-classworlds-2.5.2.jar"/>
    <property name="skipITs" value="true"/>
    <property name="java.vm.specification.version" value="1.8"/>
    <property name="sun.arch.data.model" value="64"/>
    <property name="java.home" value="/usr/lib/jvm/java-8-openjdk-amd64/jre"/>
    <property name="sun.java.command" value="org.codehaus.plexus.classworlds.launcher.Launcher -B -D enforcer.skip=true -D dependency-check.skip=true -D skipITs=true -D cobertura.skip=true -D maven.repo.local=/root/./workspace/hekate-io/hekate/390728782/.m2 -D rat.skip=true -D findbugs.skip=true -D skip.bower=true -D gpg.skip=true -D checkstyle.skip=true -D skip.gulp=true -D license.skip=true -D skip.npm=true test"/>
    <property name="java.specification.vendor" value="Oracle Corporation"/>
    <property name="user.language" value="en"/>
    <property name="awt.toolkit" value="sun.awt.X11.XToolkit"/>
    <property name="dependency-check.skip" value="true"/>
    <property name="java.vm.info" value="mixed mode"/>
    <property name="java.version" value="1.8.0_121"/>
    <property name="java.ext.dirs" value="/usr/lib/jvm/java-8-openjdk-amd64/jre/lib/ext:/usr/java/packages/lib/ext"/>
    <property name="securerandom.source" value="file:/dev/./urandom"/>
    <property name="sun.boot.class.path" value="/usr/lib/jvm/java-8-openjdk-amd64/jre/lib/resources.jar:/usr/lib/jvm/java-8-openjdk-amd64/jre/lib/rt.jar:/usr/lib/jvm/java-8-openjdk-amd64/jre/lib/sunrsasign.jar:/usr/lib/jvm/java-8-openjdk-amd64/jre/lib/jsse.jar:/usr/lib/jvm/java-8-openjdk-amd64/jre/lib/jce.jar:/usr/lib/jvm/java-8-openjdk-amd64/jre/lib/charsets.jar:/usr/lib/jvm/java-8-openjdk-amd64/jre/lib/jfr.jar:/usr/lib/jvm/java-8-openjdk-amd64/jre/classes"/>
    <property name="java.vendor" value="Oracle Corporation"/>
    <property name="enforcer.skip" value="true"/>
    <property name="rat.skip" value="true"/>
    <property name="maven.home" value="/usr/share/maven"/>
    <property name="file.separator" value="/"/>
    <property name="java.vendor.url.bug" value="http://bugreport.sun.com/bugreport/"/>
    <property name="sun.cpu.endian" value="little"/>
    <property name="sun.io.unicode.encoding" value="UnicodeLittle"/>
    <property name="org.slf4j.simpleLogger.showThreadName" value="false"/>
    <property name="sun.cpu.isalist" value=""/>
  </properties>
  <testcase name="testMap[0: transport=NIO, codec-factory=KryoCodecFactory[unsafe-io=true, cache-unknown-types=false]]" classname="io.hekate.rpc.internal.RpcAsyncSplitAggregateTest" time="0.037"/>
  <testcase name="testSet[0: transport=NIO, codec-factory=KryoCodecFactory[unsafe-io=true, cache-unknown-types=false]]" classname="io.hekate.rpc.internal.RpcAsyncSplitAggregateTest" time="0.035"/>
  <testcase name="testListPartialNull[0: transport=NIO, codec-factory=KryoCodecFactory[unsafe-io=true, cache-unknown-types=false]]" classname="io.hekate.rpc.internal.RpcAsyncSplitAggregateTest" time="0.033"/>
  <testcase name="testList[0: transport=NIO, codec-factory=KryoCodecFactory[unsafe-io=true, cache-unknown-types=false]]" classname="io.hekate.rpc.internal.RpcAsyncSplitAggregateTest" time="0.033"/>
  <testcase name="testMapPartialNull[0: transport=NIO, codec-factory=KryoCodecFactory[unsafe-io=true, cache-unknown-types=false]]" classname="io.hekate.rpc.internal.RpcAsyncSplitAggregateTest" time="0.034"/>
  <testcase name="testSetPartialNull[0: transport=NIO, codec-factory=KryoCodecFactory[unsafe-io=true, cache-unknown-types=false]]" classname="io.hekate.rpc.internal.RpcAsyncSplitAggregateTest" time="0.034"/>
  <testcase name="testLargerList[0: transport=NIO, codec-factory=KryoCodecFactory[unsafe-io=true, cache-unknown-types=false]]" classname="io.hekate.rpc.internal.RpcAsyncSplitAggregateTest" time="0.034"/>
  <testcase name="testLargerMap[0: transport=NIO, codec-factory=KryoCodecFactory[unsafe-io=true, cache-unknown-types=false]]" classname="io.hekate.rpc.internal.RpcAsyncSplitAggregateTest" time="0.035"/>
  <testcase name="testLargerSet[0: transport=NIO, codec-factory=KryoCodecFactory[unsafe-io=true, cache-unknown-types=false]]" classname="io.hekate.rpc.internal.RpcAsyncSplitAggregateTest" time="0.118"/>
  <testcase name="testMap[1: transport=NIO, codec-factory=FstCodecFactory[use-unsafe=true]]" classname="io.hekate.rpc.internal.RpcAsyncSplitAggregateTest" time="0.185"/>
  <testcase name="testSet[1: transport=NIO, codec-factory=FstCodecFactory[use-unsafe=true]]" classname="io.hekate.rpc.internal.RpcAsyncSplitAggregateTest" time="0.105"/>
  <testcase name="testListPartialNull[1: transport=NIO, codec-factory=FstCodecFactory[use-unsafe=true]]" classname="io.hekate.rpc.internal.RpcAsyncSplitAggregateTest" time="0.099"/>
  <testcase name="testList[1: transport=NIO, codec-factory=FstCodecFactory[use-unsafe=true]]" classname="io.hekate.rpc.internal.RpcAsyncSplitAggregateTest" time="0.102"/>
  <testcase name="testMapPartialNull[1: transport=NIO, codec-factory=FstCodecFactory[use-unsafe=true]]" classname="io.hekate.rpc.internal.RpcAsyncSplitAggregateTest" time="0.101"/>
  <testcase name="testSetPartialNull[1: transport=NIO, codec-factory=FstCodecFactory[use-unsafe=true]]" classname="io.hekate.rpc.internal.RpcAsyncSplitAggregateTest" time="0.103"/>
  <testcase name="testLargerList[1: transport=NIO, codec-factory=FstCodecFactory[use-unsafe=true]]" classname="io.hekate.rpc.internal.RpcAsyncSplitAggregateTest" time="0.128"/>
  <testcase name="testLargerMap[1: transport=NIO, codec-factory=FstCodecFactory[use-unsafe=true]]" classname="io.hekate.rpc.internal.RpcAsyncSplitAggregateTest" time="0.097"/>
  <testcase name="testLargerSet[1: transport=NIO, codec-factory=FstCodecFactory[use-unsafe=true]]" classname="io.hekate.rpc.internal.RpcAsyncSplitAggregateTest" time="0.097"/>
  <testcase name="testMap[2: transport=NIO, codec-factory=JdkCodecFactory]" classname="io.hekate.rpc.internal.RpcAsyncSplitAggregateTest" time="0.031"/>
  <testcase name="testSet[2: transport=NIO, codec-factory=JdkCodecFactory]" classname="io.hekate.rpc.internal.RpcAsyncSplitAggregateTest" time="0.032"/>
  <testcase name="testListPartialNull[2: transport=NIO, codec-factory=JdkCodecFactory]" classname="io.hekate.rpc.internal.RpcAsyncSplitAggregateTest" time="0.029"/>
  <testcase name="testList[2: transport=NIO, codec-factory=JdkCodecFactory]" classname="io.hekate.rpc.internal.RpcAsyncSplitAggregateTest" time="0.11"/>
  <testcase name="testMapPartialNull[2: transport=NIO, codec-factory=JdkCodecFactory]" classname="io.hekate.rpc.internal.RpcAsyncSplitAggregateTest" time="0.033"/>
  <testcase name="testSetPartialNull[2: transport=NIO, codec-factory=JdkCodecFactory]" classname="io.hekate.rpc.internal.RpcAsyncSplitAggregateTest" time="0.112"/>
  <testcase name="testLargerList[2: transport=NIO, codec-factory=JdkCodecFactory]" classname="io.hekate.rpc.internal.RpcAsyncSplitAggregateTest" time="0.029"/>
  <testcase name="testLargerMap[2: transport=NIO, codec-factory=JdkCodecFactory]" classname="io.hekate.rpc.internal.RpcAsyncSplitAggregateTest" time="0.03"/>
  <testcase name="testLargerSet[2: transport=NIO, codec-factory=JdkCodecFactory]" classname="io.hekate.rpc.internal.RpcAsyncSplitAggregateTest" time="0.031"/>
  <testcase name="testMap[3: transport=NIO, ssl=JDK, codec-factory=KryoCodecFactory[unsafe-io=true, cache-unknown-types=false]]" classname="io.hekate.rpc.internal.RpcAsyncSplitAggregateTest" time="0.156"/>
  <testcase name="testSet[3: transport=NIO, ssl=JDK, codec-factory=KryoCodecFactory[unsafe-io=true, cache-unknown-types=false]]" classname="io.hekate.rpc.internal.RpcAsyncSplitAggregateTest" time="0.141"/>
  <testcase name="testListPartialNull[3: transport=NIO, ssl=JDK, codec-factory=KryoCodecFactory[unsafe-io=true, cache-unknown-types=false]]" classname="io.hekate.rpc.internal.RpcAsyncSplitAggregateTest" time="0.101"/>
  <testcase name="testList[3: transport=NIO, ssl=JDK, codec-factory=KryoCodecFactory[unsafe-io=true, cache-unknown-types=false]]" classname="io.hekate.rpc.internal.RpcAsyncSplitAggregateTest" time="0.101"/>
  <testcase name="testMapPartialNull[3: transport=NIO, ssl=JDK, codec-factory=KryoCodecFactory[unsafe-io=true, cache-unknown-types=false]]" classname="io.hekate.rpc.internal.RpcAsyncSplitAggregateTest" time="0.101"/>
  <testcase name="testSetPartialNull[3: transport=NIO, ssl=JDK, codec-factory=KryoCodecFactory[unsafe-io=true, cache-unknown-types=false]]" classname="io.hekate.rpc.internal.RpcAsyncSplitAggregateTest" time="0.116"/>
  <testcase name="testLargerList[3: transport=NIO, ssl=JDK, codec-factory=KryoCodecFactory[unsafe-io=true, cache-unknown-types=false]]" classname="io.hekate.rpc.internal.RpcAsyncSplitAggregateTest" time="0.102"/>
  <testcase name="testLargerMap[3: transport=NIO, ssl=JDK, codec-factory=KryoCodecFactory[unsafe-io=true, cache-unknown-types=false]]" classname="io.hekate.rpc.internal.RpcAsyncSplitAggregateTest" time="0.127"/>
  <testcase name="testLargerSet[3: transport=NIO, ssl=JDK, codec-factory=KryoCodecFactory[unsafe-io=true, cache-unknown-types=false]]" classname="io.hekate.rpc.internal.RpcAsyncSplitAggregateTest" time="0.115"/>
  <testcase name="testMap[4: transport=NIO, ssl=JDK, codec-factory=FstCodecFactory[use-unsafe=true]]" classname="io.hekate.rpc.internal.RpcAsyncSplitAggregateTest" time="0.179"/>
  <testcase name="testSet[4: transport=NIO, ssl=JDK, codec-factory=FstCodecFactory[use-unsafe=true]]" classname="io.hekate.rpc.internal.RpcAsyncSplitAggregateTest" time="0.171"/>
  <testcase name="testListPartialNull[4: transport=NIO, ssl=JDK, codec-factory=FstCodecFactory[use-unsafe=true]]" classname="io.hekate.rpc.internal.RpcAsyncSplitAggregateTest" time="0.161"/>
  <testcase name="testList[4: transport=NIO, ssl=JDK, codec-factory=FstCodecFactory[use-unsafe=true]]" classname="io.hekate.rpc.internal.RpcAsyncSplitAggregateTest" time="0.16"/>
  <testcase name="testMapPartialNull[4: transport=NIO, ssl=JDK, codec-factory=FstCodecFactory[use-unsafe=true]]" classname="io.hekate.rpc.internal.RpcAsyncSplitAggregateTest" time="0.165"/>
  <testcase name="testSetPartialNull[4: transport=NIO, ssl=JDK, codec-factory=FstCodecFactory[use-unsafe=true]]" classname="io.hekate.rpc.internal.RpcAsyncSplitAggregateTest" time="0.166"/>
  <testcase name="testLargerList[4: transport=NIO, ssl=JDK, codec-factory=FstCodecFactory[use-unsafe=true]]" classname="io.hekate.rpc.internal.RpcAsyncSplitAggregateTest" time="0.163"/>
  <testcase name="testLargerMap[4: transport=NIO, ssl=JDK, codec-factory=FstCodecFactory[use-unsafe=true]]" classname="io.hekate.rpc.internal.RpcAsyncSplitAggregateTest" time="0.177"/>
  <testcase name="testLargerSet[4: transport=NIO, ssl=JDK, codec-factory=FstCodecFactory[use-unsafe=true]]" classname="io.hekate.rpc.internal.RpcAsyncSplitAggregateTest" time="0.165"/>
  <testcase name="testMap[5: transport=NIO, ssl=JDK, codec-factory=JdkCodecFactory]" classname="io.hekate.rpc.internal.RpcAsyncSplitAggregateTest" time="0.099"/>
  <testcase name="testSet[5: transport=NIO, ssl=JDK, codec-factory=JdkCodecFactory]" classname="io.hekate.rpc.internal.RpcAsyncSplitAggregateTest" time="0.099"/>
  <testcase name="testListPartialNull[5: transport=NIO, ssl=JDK, codec-factory=JdkCodecFactory]" classname="io.hekate.rpc.internal.RpcAsyncSplitAggregateTest" time="0.099"/>
  <testcase name="testList[5: transport=NIO, ssl=JDK, codec-factory=JdkCodecFactory]" classname="io.hekate.rpc.internal.RpcAsyncSplitAggregateTest" time="0.098"/>
  <testcase name="testMapPartialNull[5: transport=NIO, ssl=JDK, codec-factory=JdkCodecFactory]" classname="io.hekate.rpc.internal.RpcAsyncSplitAggregateTest" time="0.099"/>
  <testcase name="testSetPartialNull[5: transport=NIO, ssl=JDK, codec-factory=JdkCodecFactory]" classname="io.hekate.rpc.internal.RpcAsyncSplitAggregateTest" time="0.226"/>
  <testcase name="testLargerList[5: transport=NIO, ssl=JDK, codec-factory=JdkCodecFactory]" classname="io.hekate.rpc.internal.RpcAsyncSplitAggregateTest" time="0.11"/>
  <testcase name="testLargerMap[5: transport=NIO, ssl=JDK, codec-factory=JdkCodecFactory]" classname="io.hekate.rpc.internal.RpcAsyncSplitAggregateTest" time="0.108"/>
  <testcase name="testLargerSet[5: transport=NIO, ssl=JDK, codec-factory=JdkCodecFactory]" classname="io.hekate.rpc.internal.RpcAsyncSplitAggregateTest" time="0.147"/>
  <testcase name="testMap[6: transport=NIO, ssl=OPEN_SSL, codec-factory=KryoCodecFactory[unsafe-io=true, cache-unknown-types=false]]" classname="io.hekate.rpc.internal.RpcAsyncSplitAggregateTest" time="0.059"/>
  <testcase name="testSet[6: transport=NIO, ssl=OPEN_SSL, codec-factory=KryoCodecFactory[unsafe-io=true, cache-unknown-types=false]]" classname="io.hekate.rpc.internal.RpcAsyncSplitAggregateTest" time="0.059"/>
  <testcase name="testListPartialNull[6: transport=NIO, ssl=OPEN_SSL, codec-factory=KryoCodecFactory[unsafe-io=true, cache-unknown-types=false]]" classname="io.hekate.rpc.internal.RpcAsyncSplitAggregateTest" time="0.063"/>
  <testcase name="testList[6: transport=NIO, ssl=OPEN_SSL, codec-factory=KryoCodecFactory[unsafe-io=true, cache-unknown-types=false]]" classname="io.hekate.rpc.internal.RpcAsyncSplitAggregateTest" time="0.06"/>
  <testcase name="testMapPartialNull[6: transport=NIO, ssl=OPEN_SSL, codec-factory=KryoCodecFactory[unsafe-io=true, cache-unknown-types=false]]" classname="io.hekate.rpc.internal.RpcAsyncSplitAggregateTest" time="0.085"/>
  <testcase name="testSetPartialNull[6: transport=NIO, ssl=OPEN_SSL, codec-factory=KryoCodecFactory[unsafe-io=true, cache-unknown-types=false]]" classname="io.hekate.rpc.internal.RpcAsyncSplitAggregateTest" time="0.062"/>
  <testcase name="testLargerList[6: transport=NIO, ssl=OPEN_SSL, codec-factory=KryoCodecFactory[unsafe-io=true, cache-unknown-types=false]]" classname="io.hekate.rpc.internal.RpcAsyncSplitAggregateTest" time="0.059"/>
  <testcase name="testLargerMap[6: transport=NIO, ssl=OPEN_SSL, codec-factory=KryoCodecFactory[unsafe-io=true, cache-unknown-types=false]]" classname="io.hekate.rpc.internal.RpcAsyncSplitAggregateTest" time="0.067"/>
  <testcase name="testLargerSet[6: transport=NIO, ssl=OPEN_SSL, codec-factory=KryoCodecFactory[unsafe-io=true, cache-unknown-types=false]]" classname="io.hekate.rpc.internal.RpcAsyncSplitAggregateTest" time="0.06"/>
  <testcase name="testMap[7: transport=NIO, ssl=OPEN_SSL, codec-factory=FstCodecFactory[use-unsafe=true]]" classname="io.hekate.rpc.internal.RpcAsyncSplitAggregateTest" time="0.123"/>
  <testcase name="testSet[7: transport=NIO, ssl=OPEN_SSL, codec-factory=FstCodecFactory[use-unsafe=true]]" classname="io.hekate.rpc.internal.RpcAsyncSplitAggregateTest" time="0.195"/>
  <testcase name="testListPartialNull[7: transport=NIO, ssl=OPEN_SSL, codec-factory=FstCodecFactory[use-unsafe=true]]" classname="io.hekate.rpc.internal.RpcAsyncSplitAggregateTest" time="0.178"/>
  <testcase name="testList[7: transport=NIO, ssl=OPEN_SSL, codec-factory=FstCodecFactory[use-unsafe=true]]" classname="io.hekate.rpc.internal.RpcAsyncSplitAggregateTest" time="0.134"/>
  <testcase name="testMapPartialNull[7: transport=NIO, ssl=OPEN_SSL, codec-factory=FstCodecFactory[use-unsafe=true]]" classname="io.hekate.rpc.internal.RpcAsyncSplitAggregateTest" time="0.154"/>
  <testcase name="testSetPartialNull[7: transport=NIO, ssl=OPEN_SSL, codec-factory=FstCodecFactory[use-unsafe=true]]" classname="io.hekate.rpc.internal.RpcAsyncSplitAggregateTest" time="0.128"/>
  <testcase name="testLargerList[7: transport=NIO, ssl=OPEN_SSL, codec-factory=FstCodecFactory[use-unsafe=true]]" classname="io.hekate.rpc.internal.RpcAsyncSplitAggregateTest" time="0.159"/>
  <testcase name="testLargerMap[7: transport=NIO, ssl=OPEN_SSL, codec-factory=FstCodecFactory[use-unsafe=true]]" classname="io.hekate.rpc.internal.RpcAsyncSplitAggregateTest" time="0.135"/>
  <testcase name="testLargerSet[7: transport=NIO, ssl=OPEN_SSL, codec-factory=FstCodecFactory[use-unsafe=true]]" classname="io.hekate.rpc.internal.RpcAsyncSplitAggregateTest" time="0.193"/>
  <testcase name="testMap[8: transport=NIO, ssl=OPEN_SSL, codec-factory=JdkCodecFactory]" classname="io.hekate.rpc.internal.RpcAsyncSplitAggregateTest" time="0.055"/>
  <testcase name="testSet[8: transport=NIO, ssl=OPEN_SSL, codec-factory=JdkCodecFactory]" classname="io.hekate.rpc.internal.RpcAsyncSplitAggregateTest" time="0.058"/>
  <testcase name="testListPartialNull[8: transport=NIO, ssl=OPEN_SSL, codec-factory=JdkCodecFactory]" classname="io.hekate.rpc.internal.RpcAsyncSplitAggregateTest" time="0.118"/>
  <testcase name="testList[8: transport=NIO, ssl=OPEN_SSL, codec-factory=JdkCodecFactory]" classname="io.hekate.rpc.internal.RpcAsyncSplitAggregateTest" time="0.115"/>
  <testcase name="testMapPartialNull[8: transport=NIO, ssl=OPEN_SSL, codec-factory=JdkCodecFactory]" classname="io.hekate.rpc.internal.RpcAsyncSplitAggregateTest" time="0.06"/>
  <testcase name="testSetPartialNull[8: transport=NIO, ssl=OPEN_SSL, codec-factory=JdkCodecFactory]" classname="io.hekate.rpc.internal.RpcAsyncSplitAggregateTest" time="0.057"/>
  <testcase name="testLargerList[8: transport=NIO, ssl=OPEN_SSL, codec-factory=JdkCodecFactory]" classname="io.hekate.rpc.internal.RpcAsyncSplitAggregateTest" time="0.057"/>
  <testcase name="testLargerMap[8: transport=NIO, ssl=OPEN_SSL, codec-factory=JdkCodecFactory]" classname="io.hekate.rpc.internal.RpcAsyncSplitAggregateTest" time="0.084"/>
  <testcase name="testLargerSet[8: transport=NIO, ssl=OPEN_SSL, codec-factory=JdkCodecFactory]" classname="io.hekate.rpc.internal.RpcAsyncSplitAggregateTest" time="0.058"/>
  <testcase name="testMap[9: transport=EPOLL, codec-factory=KryoCodecFactory[unsafe-io=true, cache-unknown-types=false]]" classname="io.hekate.rpc.internal.RpcAsyncSplitAggregateTest" time="0.033"/>
  <testcase name="testSet[9: transport=EPOLL, codec-factory=KryoCodecFactory[unsafe-io=true, cache-unknown-types=false]]" classname="io.hekate.rpc.internal.RpcAsyncSplitAggregateTest" time="0.032"/>
  <testcase name="testListPartialNull[9: transport=EPOLL, codec-factory=KryoCodecFactory[unsafe-io=true, cache-unknown-types=false]]" classname="io.hekate.rpc.internal.RpcAsyncSplitAggregateTest" time="0.03"/>
  <testcase name="testList[9: transport=EPOLL, codec-factory=KryoCodecFactory[unsafe-io=true, cache-unknown-types=false]]" classname="io.hekate.rpc.internal.RpcAsyncSplitAggregateTest" time="0.029"/>
  <testcase name="testMapPartialNull[9: transport=EPOLL, codec-factory=KryoCodecFactory[unsafe-io=true, cache-unknown-types=false]]" classname="io.hekate.rpc.internal.RpcAsyncSplitAggregateTest" time="0.032"/>
  <testcase name="testSetPartialNull[9: transport=EPOLL, codec-factory=KryoCodecFactory[unsafe-io=true, cache-unknown-types=false]]" classname="io.hekate.rpc.internal.RpcAsyncSplitAggregateTest" time="0.058"/>
  <testcase name="testLargerList[9: transport=EPOLL, codec-factory=KryoCodecFactory[unsafe-io=true, cache-unknown-types=false]]" classname="io.hekate.rpc.internal.RpcAsyncSplitAggregateTest" time="1.033"/>
  <testcase name="testLargerMap[9: transport=EPOLL, codec-factory=KryoCodecFactory[unsafe-io=true, cache-unknown-types=false]]" classname="io.hekate.rpc.internal.RpcAsyncSplitAggregateTest" time="0.116"/>
  <testcase name="testLargerSet[9: transport=EPOLL, codec-factory=KryoCodecFactory[unsafe-io=true, cache-unknown-types=false]]" classname="io.hekate.rpc.internal.RpcAsyncSplitAggregateTest" time="0.033"/>
  <testcase name="testMap[10: transport=EPOLL, codec-factory=FstCodecFactory[use-unsafe=true]]" classname="io.hekate.rpc.internal.RpcAsyncSplitAggregateTest" time="0.102"/>
  <testcase name="testSet[10: transport=EPOLL, codec-factory=FstCodecFactory[use-unsafe=true]]" classname="io.hekate.rpc.internal.RpcAsyncSplitAggregateTest" time="0.105"/>
  <testcase name="testListPartialNull[10: transport=EPOLL, codec-factory=FstCodecFactory[use-unsafe=true]]" classname="io.hekate.rpc.internal.RpcAsyncSplitAggregateTest" time="0.1"/>
  <testcase name="testList[10: transport=EPOLL, codec-factory=FstCodecFactory[use-unsafe=true]]" classname="io.hekate.rpc.internal.RpcAsyncSplitAggregateTest" time="0.125"/>
  <testcase name="testMapPartialNull[10: transport=EPOLL, codec-factory=FstCodecFactory[use-unsafe=true]]" classname="io.hekate.rpc.internal.RpcAsyncSplitAggregateTest" time="0.169"/>
  <testcase name="testSetPartialNull[10: transport=EPOLL, codec-factory=FstCodecFactory[use-unsafe=true]]" classname="io.hekate.rpc.internal.RpcAsyncSplitAggregateTest" time="1.096"/>
  <testcase name="testLargerList[10: transport=EPOLL, codec-factory=FstCodecFactory[use-unsafe=true]]" classname="io.hekate.rpc.internal.RpcAsyncSplitAggregateTest" time="0.1"/>
  <testcase name="testLargerMap[10: transport=EPOLL, codec-factory=FstCodecFactory[use-unsafe=true]]" classname="io.hekate.rpc.internal.RpcAsyncSplitAggregateTest" time="0.095"/>
  <testcase name="testLargerSet[10: transport=EPOLL, codec-factory=FstCodecFactory[use-unsafe=true]]" classname="io.hekate.rpc.internal.RpcAsyncSplitAggregateTest" time="0.099"/>
  <testcase name="testMap[11: transport=EPOLL, codec-factory=JdkCodecFactory]" classname="io.hekate.rpc.internal.RpcAsyncSplitAggregateTest" time="0.029"/>
  <testcase name="testSet[11: transport=EPOLL, codec-factory=JdkCodecFactory]" classname="io.hekate.rpc.internal.RpcAsyncSplitAggregateTest" time="0.029"/>
  <testcase name="testListPartialNull[11: transport=EPOLL, codec-factory=JdkCodecFactory]" classname="io.hekate.rpc.internal.RpcAsyncSplitAggregateTest" time="0.03"/>
  <testcase name="testList[11: transport=EPOLL, codec-factory=JdkCodecFactory]" classname="io.hekate.rpc.internal.RpcAsyncSplitAggregateTest" time="0.058"/>
  <testcase name="testMapPartialNull[11: transport=EPOLL, codec-factory=JdkCodecFactory]" classname="io.hekate.rpc.internal.RpcAsyncSplitAggregateTest" time="0.033"/>
  <testcase name="testSetPartialNull[11: transport=EPOLL, codec-factory=JdkCodecFactory]" classname="io.hekate.rpc.internal.RpcAsyncSplitAggregateTest" time="0.038"/>
  <testcase name="testLargerList[11: transport=EPOLL, codec-factory=JdkCodecFactory]" classname="io.hekate.rpc.internal.RpcAsyncSplitAggregateTest" time="0.033"/>
  <testcase name="testLargerMap[11: transport=EPOLL, codec-factory=JdkCodecFactory]" classname="io.hekate.rpc.internal.RpcAsyncSplitAggregateTest" time="0.033"/>
  <testcase name="testLargerSet[11: transport=EPOLL, codec-factory=JdkCodecFactory]" classname="io.hekate.rpc.internal.RpcAsyncSplitAggregateTest" time="0.059"/>
  <testcase name="testMap[12: transport=EPOLL, ssl=JDK, codec-factory=KryoCodecFactory[unsafe-io=true, cache-unknown-types=false]]" classname="io.hekate.rpc.internal.RpcAsyncSplitAggregateTest" time="1.104"/>
  <testcase name="testSet[12: transport=EPOLL, ssl=JDK, codec-factory=KryoCodecFactory[unsafe-io=true, cache-unknown-types=false]]" classname="io.hekate.rpc.internal.RpcAsyncSplitAggregateTest" time="0.106"/>
  <testcase name="testListPartialNull[12: transport=EPOLL, ssl=JDK, codec-factory=KryoCodecFactory[unsafe-io=true, cache-unknown-types=false]]" classname="io.hekate.rpc.internal.RpcAsyncSplitAggregateTest" time="0.12"/>
  <testcase name="testList[12: transport=EPOLL, ssl=JDK, codec-factory=KryoCodecFactory[unsafe-io=true, cache-unknown-types=false]]" classname="io.hekate.rpc.internal.RpcAsyncSplitAggregateTest" time="0.103"/>
  <testcase name="testMapPartialNull[12: transport=EPOLL, ssl=JDK, codec-factory=KryoCodecFactory[unsafe-io=true, cache-unknown-types=false]]" classname="io.hekate.rpc.internal.RpcAsyncSplitAggregateTest" time="0.104"/>
  <testcase name="testSetPartialNull[12: transport=EPOLL, ssl=JDK, codec-factory=KryoCodecFactory[unsafe-io=true, cache-unknown-types=false]]" classname="io.hekate.rpc.internal.RpcAsyncSplitAggregateTest" time="0.25"/>
  <testcase name="testLargerList[12: transport=EPOLL, ssl=JDK, codec-factory=KryoCodecFactory[unsafe-io=true, cache-unknown-types=false]]" classname="io.hekate.rpc.internal.RpcAsyncSplitAggregateTest" time="0.114"/>
  <testcase name="testLargerMap[12: transport=EPOLL, ssl=JDK, codec-factory=KryoCodecFactory[unsafe-io=true, cache-unknown-types=false]]" classname="io.hekate.rpc.internal.RpcAsyncSplitAggregateTest" time="0.115"/>
  <testcase name="testLargerSet[12: transport=EPOLL, ssl=JDK, codec-factory=KryoCodecFactory[unsafe-io=true, cache-unknown-types=false]]" classname="io.hekate.rpc.internal.RpcAsyncSplitAggregateTest" time="0.116"/>
  <testcase name="testMap[13: transport=EPOLL, ssl=JDK, codec-factory=FstCodecFactory[use-unsafe=true]]" classname="io.hekate.rpc.internal.RpcAsyncSplitAggregateTest" time="0.188"/>
  <testcase name="testSet[13: transport=EPOLL, ssl=JDK, codec-factory=FstCodecFactory[use-unsafe=true]]" classname="io.hekate.rpc.internal.RpcAsyncSplitAggregateTest" time="0.168"/>
  <testcase name="testListPartialNull[13: transport=EPOLL, ssl=JDK, codec-factory=FstCodecFactory[use-unsafe=true]]" classname="io.hekate.rpc.internal.RpcAsyncSplitAggregateTest" time="0.162"/>
  <testcase name="testList[13: transport=EPOLL, ssl=JDK, codec-factory=FstCodecFactory[use-unsafe=true]]" classname="io.hekate.rpc.internal.RpcAsyncSplitAggregateTest" time="0.229"/>
  <testcase name="testMapPartialNull[13: transport=EPOLL, ssl=JDK, codec-factory=FstCodecFactory[use-unsafe=true]]" classname="io.hekate.rpc.internal.RpcAsyncSplitAggregateTest" time="0.171"/>
  <testcase name="testSetPartialNull[13: transport=EPOLL, ssl=JDK, codec-factory=FstCodecFactory[use-unsafe=true]]" classname="io.hekate.rpc.internal.RpcAsyncSplitAggregateTest" time="0.164"/>
  <testcase name="testLargerList[13: transport=EPOLL, ssl=JDK, codec-factory=FstCodecFactory[use-unsafe=true]]" classname="io.hekate.rpc.internal.RpcAsyncSplitAggregateTest" time="0.184"/>
  <testcase name="testLargerMap[13: transport=EPOLL, ssl=JDK, codec-factory=FstCodecFactory[use-unsafe=true]]" classname="io.hekate.rpc.internal.RpcAsyncSplitAggregateTest" time="0.163"/>
  <testcase name="testLargerSet[13: transport=EPOLL, ssl=JDK, codec-factory=FstCodecFactory[use-unsafe=true]]" classname="io.hekate.rpc.internal.RpcAsyncSplitAggregateTest" time="0.168"/>
  <testcase name="testMap[14: transport=EPOLL, ssl=JDK, codec-factory=JdkCodecFactory]" classname="io.hekate.rpc.internal.RpcAsyncSplitAggregateTest" time="0.102"/>
  <testcase name="testSet[14: transport=EPOLL, ssl=JDK, codec-factory=JdkCodecFactory]" classname="io.hekate.rpc.internal.RpcAsyncSplitAggregateTest" time="0.101"/>
  <testcase name="testListPartialNull[14: transport=EPOLL, ssl=JDK, codec-factory=JdkCodecFactory]" classname="io.hekate.rpc.internal.RpcAsyncSplitAggregateTest" time="0.097"/>
  <testcase name="testList[14: transport=EPOLL, ssl=JDK, codec-factory=JdkCodecFactory]" classname="io.hekate.rpc.internal.RpcAsyncSplitAggregateTest" time="0.099"/>
  <testcase name="testMapPartialNull[14: transport=EPOLL, ssl=JDK, codec-factory=JdkCodecFactory]" classname="io.hekate.rpc.internal.RpcAsyncSplitAggregateTest" time="0.099"/>
  <testcase name="testSetPartialNull[14: transport=EPOLL, ssl=JDK, codec-factory=JdkCodecFactory]" classname="io.hekate.rpc.internal.RpcAsyncSplitAggregateTest" time="0.109"/>
  <testcase name="testLargerList[14: transport=EPOLL, ssl=JDK, codec-factory=JdkCodecFactory]" classname="io.hekate.rpc.internal.RpcAsyncSplitAggregateTest" time="0.099"/>
  <testcase name="testLargerMap[14: transport=EPOLL, ssl=JDK, codec-factory=JdkCodecFactory]" classname="io.hekate.rpc.internal.RpcAsyncSplitAggregateTest" time="0.124"/>
  <testcase name="testLargerSet[14: transport=EPOLL, ssl=JDK, codec-factory=JdkCodecFactory]" classname="io.hekate.rpc.internal.RpcAsyncSplitAggregateTest" time="0.099"/>
  <testcase name="testMap[15: transport=EPOLL, ssl=OPEN_SSL, codec-factory=KryoCodecFactory[unsafe-io=true, cache-unknown-types=false]]" classname="io.hekate.rpc.internal.RpcAsyncSplitAggregateTest" time="0.057"/>
  <testcase name="testSet[15: transport=EPOLL, ssl=OPEN_SSL, codec-factory=KryoCodecFactory[unsafe-io=true, cache-unknown-types=false]]" classname="io.hekate.rpc.internal.RpcAsyncSplitAggregateTest" time="0.12"/>
  <testcase name="testListPartialNull[15: transport=EPOLL, ssl=OPEN_SSL, codec-factory=KryoCodecFactory[unsafe-io=true, cache-unknown-types=false]]" classname="io.hekate.rpc.internal.RpcAsyncSplitAggregateTest" time="0.057"/>
  <testcase name="testList[15: transport=EPOLL, ssl=OPEN_SSL, codec-factory=KryoCodecFactory[unsafe-io=true, cache-unknown-types=false]]" classname="io.hekate.rpc.internal.RpcAsyncSplitAggregateTest" time="0.119"/>
  <testcase name="testMapPartialNull[15: transport=EPOLL, ssl=OPEN_SSL, codec-factory=KryoCodecFactory[unsafe-io=true, cache-unknown-types=false]]" classname="io.hekate.rpc.internal.RpcAsyncSplitAggregateTest" time="0.062"/>
  <testcase name="testSetPartialNull[15: transport=EPOLL, ssl=OPEN_SSL, codec-factory=KryoCodecFactory[unsafe-io=true, cache-unknown-types=false]]" classname="io.hekate.rpc.internal.RpcAsyncSplitAggregateTest" time="0.126"/>
  <testcase name="testLargerList[15: transport=EPOLL, ssl=OPEN_SSL, codec-factory=KryoCodecFactory[unsafe-io=true, cache-unknown-types=false]]" classname="io.hekate.rpc.internal.RpcAsyncSplitAggregateTest" time="0.056"/>
  <testcase name="testLargerMap[15: transport=EPOLL, ssl=OPEN_SSL, codec-factory=KryoCodecFactory[unsafe-io=true, cache-unknown-types=false]]" classname="io.hekate.rpc.internal.RpcAsyncSplitAggregateTest" time="0.056"/>
  <testcase name="testLargerSet[15: transport=EPOLL, ssl=OPEN_SSL, codec-factory=KryoCodecFactory[unsafe-io=true, cache-unknown-types=false]]" classname="io.hekate.rpc.internal.RpcAsyncSplitAggregateTest" time="0.058"/>
  <testcase name="testMap[16: transport=EPOLL, ssl=OPEN_SSL, codec-factory=FstCodecFactory[use-unsafe=true]]" classname="io.hekate.rpc.internal.RpcAsyncSplitAggregateTest" time="0.122"/>
  <testcase name="testSet[16: transport=EPOLL, ssl=OPEN_SSL, codec-factory=FstCodecFactory[use-unsafe=true]]" classname="io.hekate.rpc.internal.RpcAsyncSplitAggregateTest" time="0.152"/>
  <testcase name="testListPartialNull[16: transport=EPOLL, ssl=OPEN_SSL, codec-factory=FstCodecFactory[use-unsafe=true]]" classname="io.hekate.rpc.internal.RpcAsyncSplitAggregateTest" time="1.123"/>
  <testcase name="testList[16: transport=EPOLL, ssl=OPEN_SSL, codec-factory=FstCodecFactory[use-unsafe=true]]" classname="io.hekate.rpc.internal.RpcAsyncSplitAggregateTest" time="0.122"/>
  <testcase name="testMapPartialNull[16: transport=EPOLL, ssl=OPEN_SSL, codec-factory=FstCodecFactory[use-unsafe=true]]" classname="io.hekate.rpc.internal.RpcAsyncSplitAggregateTest" time="0.127"/>
  <testcase name="testSetPartialNull[16: transport=EPOLL, ssl=OPEN_SSL, codec-factory=FstCodecFactory[use-unsafe=true]]" classname="io.hekate.rpc.internal.RpcAsyncSplitAggregateTest" time="0.119"/>
  <testcase name="testLargerList[16: transport=EPOLL, ssl=OPEN_SSL, codec-factory=FstCodecFactory[use-unsafe=true]]" classname="io.hekate.rpc.internal.RpcAsyncSplitAggregateTest" time="0.213"/>
  <testcase name="testLargerMap[16: transport=EPOLL, ssl=OPEN_SSL, codec-factory=FstCodecFactory[use-unsafe=true]]" classname="io.hekate.rpc.internal.RpcAsyncSplitAggregateTest" time="0.188"/>
  <testcase name="testLargerSet[16: transport=EPOLL, ssl=OPEN_SSL, codec-factory=FstCodecFactory[use-unsafe=true]]" classname="io.hekate.rpc.internal.RpcAsyncSplitAggregateTest" time="0.142"/>
  <testcase name="testMap[17: transport=EPOLL, ssl=OPEN_SSL, codec-factory=JdkCodecFactory]" classname="io.hekate.rpc.internal.RpcAsyncSplitAggregateTest" time="0.054"/>
  <testcase name="testSet[17: transport=EPOLL, ssl=OPEN_SSL, codec-factory=JdkCodecFactory]" classname="io.hekate.rpc.internal.RpcAsyncSplitAggregateTest" time="0.052"/>
  <testcase name="testListPartialNull[17: transport=EPOLL, ssl=OPEN_SSL, codec-factory=JdkCodecFactory]" classname="io.hekate.rpc.internal.RpcAsyncSplitAggregateTest" time="0.05"/>
  <testcase name="testList[17: transport=EPOLL, ssl=OPEN_SSL, codec-factory=JdkCodecFactory]" classname="io.hekate.rpc.internal.RpcAsyncSplitAggregateTest" time="0.057"/>
  <testcase name="testMapPartialNull[17: transport=EPOLL, ssl=OPEN_SSL, codec-factory=JdkCodecFactory]" classname="io.hekate.rpc.internal.RpcAsyncSplitAggregateTest" time="0.089"/>
  <testcase name="testSetPartialNull[17: transport=EPOLL, ssl=OPEN_SSL, codec-factory=JdkCodecFactory]" classname="io.hekate.rpc.internal.RpcAsyncSplitAggregateTest" time="0.099"/>
  <testcase name="testLargerList[17: transport=EPOLL, ssl=OPEN_SSL, codec-factory=JdkCodecFactory]" classname="io.hekate.rpc.internal.RpcAsyncSplitAggregateTest" time="0.056"/>
  <testcase name="testLargerMap[17: transport=EPOLL, ssl=OPEN_SSL, codec-factory=JdkCodecFactory]" classname="io.hekate.rpc.internal.RpcAsyncSplitAggregateTest" time="0.057"/>
  <testcase name="testLargerSet[17: transport=EPOLL, ssl=OPEN_SSL, codec-factory=JdkCodecFactory]" classname="io.hekate.rpc.internal.RpcAsyncSplitAggregateTest" time="0.075"/>
</testsuite>