<?xml version="1.0" encoding="UTF-8"?>
<testsuite xmlns:xsi="http://www.w3.org/2001/XMLSchema-instance" xsi:schemaLocation="https://maven.apache.org/surefire/maven-surefire-plugin/xsd/surefire-test-report.xsd" name="io.hekate.cluster.internal.ClusterServiceRejoinTest" time="287.342" tests="36" errors="0" skipped="0" failures="0">
  <properties>
    <property name="java.runtime.name" value="OpenJDK Runtime Environment"/>
    <property name="sun.boot.library.path" value="/usr/lib/jvm/java-8-openjdk-amd64/jre/lib/amd64"/>
    <property name="java.vm.version" value="25.121-b13"/>
    <property name="java.vm.vendor" value="Oracle Corporation"/>
    <property name="maven.multiModuleProjectDirectory" value="/root/workspace/hekate-io/hekate/390165353"/>
    <property name="java.vendor.url" value="http://java.oracle.com/"/>
    <property name="path.separator" value=":"/>
    <property name="guice.disable.misplaced.annotation.check" value="true"/>
    <property name="skip.gulp" value="true"/>
    <property name="java.vm.name" value="OpenJDK 64-Bit Server VM"/>
    <property name="file.encoding.pkg" value="sun.io"/>
    <property name="sun.java.launcher" value="SUN_STANDARD"/>
    <property name="sun.os.patch.level" value="unknown"/>
    <property name="findbugs.skip" value="true"/>
    <property name="java.vm.specification.name" value="Java Virtual Machine Specification"/>
    <property name="user.dir" value="/root/workspace/hekate-io/hekate/390165353"/>
    <property name="checkstyle.skip" value="true"/>
    <property name="java.runtime.version" value="1.8.0_121-8u121-b13-1~bpo8+1-b13"/>
    <property name="java.awt.graphicsenv" value="sun.awt.X11GraphicsEnvironment"/>
    <property name="skip.npm" value="true"/>
    <property name="java.endorsed.dirs" value="/usr/lib/jvm/java-8-openjdk-amd64/jre/lib/endorsed"/>
    <property name="os.arch" value="amd64"/>
    <property name="java.io.tmpdir" value="/tmp"/>
    <property name="gpg.skip" value="true"/>
    <property name="line.separator" value="&#10;"/>
    <property name="java.vm.specification.vendor" value="Oracle Corporation"/>
    <property name="cobertura.skip" value="true"/>
    <property name="os.name" value="Linux"/>
    <property name="classworlds.conf" value="/usr/share/maven/bin/m2.conf"/>
    <property name="sun.jnu.encoding" value="UTF-8"/>
    <property name="java.library.path" value="/usr/java/packages/lib/amd64:/usr/lib/x86_64-linux-gnu/jni:/lib/x86_64-linux-gnu:/usr/lib/x86_64-linux-gnu:/usr/lib/jni:/lib:/usr/lib"/>
    <property name="license.skip" value="true"/>
    <property name="java.specification.name" value="Java Platform API Specification"/>
    <property name="java.class.version" value="52.0"/>
    <property name="org.slf4j.simpleLogger.levelInBrackets" value="true"/>
    <property name="sun.management.compiler" value="HotSpot 64-Bit Tiered Compilers"/>
    <property name="skip.bower" value="true"/>
    <property name="maven.repo.local" value="/root/./workspace/hekate-io/hekate/390165353/.m2"/>
    <property name="os.version" value="3.10.0-862.3.2.el7.x86_64"/>
    <property name="user.home" value="/root"/>
    <property name="user.timezone" value="Europe/Paris"/>
    <property name="java.awt.printerjob" value="sun.print.PSPrinterJob"/>
    <property name="java.specification.version" value="1.8"/>
    <property name="file.encoding" value="UTF-8"/>
    <property name="user.name" value="root"/>
    <property name="java.class.path" value="/usr/share/maven/boot/plexus-classworlds-2.5.2.jar"/>
    <property name="skipITs" value="true"/>
    <property name="java.vm.specification.version" value="1.8"/>
    <property name="sun.arch.data.model" value="64"/>
    <property name="java.home" value="/usr/lib/jvm/java-8-openjdk-amd64/jre"/>
    <property name="sun.java.command" value="org.codehaus.plexus.classworlds.launcher.Launcher -B -D enforcer.skip=true -D dependency-check.skip=true -D skipITs=true -D cobertura.skip=true -D maven.repo.local=/root/./workspace/hekate-io/hekate/390165353/.m2 -D rat.skip=true -D findbugs.skip=true -D skip.bower=true -D gpg.skip=true -D checkstyle.skip=true -D skip.gulp=true -D license.skip=true -D skip.npm=true test"/>
    <property name="java.specification.vendor" value="Oracle Corporation"/>
    <property name="user.language" value="en"/>
    <property name="awt.toolkit" value="sun.awt.X11.XToolkit"/>
    <property name="dependency-check.skip" value="true"/>
    <property name="java.vm.info" value="mixed mode"/>
    <property name="java.version" value="1.8.0_121"/>
    <property name="java.ext.dirs" value="/usr/lib/jvm/java-8-openjdk-amd64/jre/lib/ext:/usr/java/packages/lib/ext"/>
    <property name="securerandom.source" value="file:/dev/./urandom"/>
    <property name="sun.boot.class.path" value="/usr/lib/jvm/java-8-openjdk-amd64/jre/lib/resources.jar:/usr/lib/jvm/java-8-openjdk-amd64/jre/lib/rt.jar:/usr/lib/jvm/java-8-openjdk-amd64/jre/lib/sunrsasign.jar:/usr/lib/jvm/java-8-openjdk-amd64/jre/lib/jsse.jar:/usr/lib/jvm/java-8-openjdk-amd64/jre/lib/jce.jar:/usr/lib/jvm/java-8-openjdk-amd64/jre/lib/charsets.jar:/usr/lib/jvm/java-8-openjdk-amd64/jre/lib/jfr.jar:/usr/lib/jvm/java-8-openjdk-amd64/jre/classes"/>
    <property name="java.vendor" value="Oracle Corporation"/>
    <property name="enforcer.skip" value="true"/>
    <property name="rat.skip" value="true"/>
    <property name="maven.home" value="/usr/share/maven"/>
    <property name="file.separator" value="/"/>
    <property name="java.vendor.url.bug" value="http://bugreport.sun.com/bugreport/"/>
    <property name="sun.cpu.endian" value="little"/>
    <property name="sun.io.unicode.encoding" value="UnicodeLittle"/>
    <property name="org.slf4j.simpleLogger.showThreadName" value="false"/>
    <property name="sun.cpu.isalist" value=""/>
  </properties>
  <testcase name="testLeaveDuringRejoin[0: transport=NIO]" classname="io.hekate.cluster.internal.ClusterServiceRejoinTest" time="6.228"/>
  <testcase name="testRejoinAfterHanged[0: transport=NIO]" classname="io.hekate.cluster.internal.ClusterServiceRejoinTest" time="6.905"/>
  <testcase name="testNoRejoinOnLeave[0: transport=NIO]" classname="io.hekate.cluster.internal.ClusterServiceRejoinTest" time="6.127"/>
  <testcase name="testTerminateDuringRejoin[0: transport=NIO]" classname="io.hekate.cluster.internal.ClusterServiceRejoinTest" time="6.629"/>
  <testcase name="testTerminateAfterFalseFailure[0: transport=NIO]" classname="io.hekate.cluster.internal.ClusterServiceRejoinTest" time="2.487"/>
  <testcase name="testNoRejoinAfterSuspectRecovery[0: transport=NIO]" classname="io.hekate.cluster.internal.ClusterServiceRejoinTest" time="7.712"/>
  <testcase name="testLeaveDuringRejoin[1: transport=NIO, ssl=JDK]" classname="io.hekate.cluster.internal.ClusterServiceRejoinTest" time="12.846"/>
  <testcase name="testRejoinAfterHanged[1: transport=NIO, ssl=JDK]" classname="io.hekate.cluster.internal.ClusterServiceRejoinTest" time="14.064"/>
  <testcase name="testNoRejoinOnLeave[1: transport=NIO, ssl=JDK]" classname="io.hekate.cluster.internal.ClusterServiceRejoinTest" time="11.832"/>
  <testcase name="testTerminateDuringRejoin[1: transport=NIO, ssl=JDK]" classname="io.hekate.cluster.internal.ClusterServiceRejoinTest" time="12.448"/>
  <testcase name="testTerminateAfterFalseFailure[1: transport=NIO, ssl=JDK]" classname="io.hekate.cluster.internal.ClusterServiceRejoinTest" time="4.74"/>
  <testcase name="testNoRejoinAfterSuspectRecovery[1: transport=NIO, ssl=JDK]" classname="io.hekate.cluster.internal.ClusterServiceRejoinTest" time="15.628"/>
  <testcase name="testLeaveDuringRejoin[2: transport=NIO, ssl=OPEN_SSL]" classname="io.hekate.cluster.internal.ClusterServiceRejoinTest" time="6.327"/>
  <testcase name="testRejoinAfterHanged[2: transport=NIO, ssl=OPEN_SSL]" classname="io.hekate.cluster.internal.ClusterServiceRejoinTest" time="7.265"/>
  <testcase name="testNoRejoinOnLeave[2: transport=NIO, ssl=OPEN_SSL]" classname="io.hekate.cluster.internal.ClusterServiceRejoinTest" time="6.033"/>
  <testcase name="testTerminateDuringRejoin[2: transport=NIO, ssl=OPEN_SSL]" classname="io.hekate.cluster.internal.ClusterServiceRejoinTest" time="6.333"/>
  <testcase name="testTerminateAfterFalseFailure[2: transport=NIO, ssl=OPEN_SSL]" classname="io.hekate.cluster.internal.ClusterServiceRejoinTest" time="2.519"/>
  <testcase name="testNoRejoinAfterSuspectRecovery[2: transport=NIO, ssl=OPEN_SSL]" classname="io.hekate.cluster.internal.ClusterServiceRejoinTest" time="7.864"/>
  <testcase name="testLeaveDuringRejoin[3: transport=EPOLL]" classname="io.hekate.cluster.internal.ClusterServiceRejoinTest" time="6.128"/>
  <testcase name="testRejoinAfterHanged[3: transport=EPOLL]" classname="io.hekate.cluster.internal.ClusterServiceRejoinTest" time="6.996"/>
  <testcase name="testNoRejoinOnLeave[3: transport=EPOLL]" classname="io.hekate.cluster.internal.ClusterServiceRejoinTest" time="5.928"/>
  <testcase name="testTerminateDuringRejoin[3: transport=EPOLL]" classname="io.hekate.cluster.internal.ClusterServiceRejoinTest" time="6.429"/>
  <testcase name="testTerminateAfterFalseFailure[3: transport=EPOLL]" classname="io.hekate.cluster.internal.ClusterServiceRejoinTest" time="2.248"/>
  <testcase name="testNoRejoinAfterSuspectRecovery[3: transport=EPOLL]" classname="io.hekate.cluster.internal.ClusterServiceRejoinTest" time="7.913"/>
  <testcase name="testLeaveDuringRejoin[4: transport=EPOLL, ssl=JDK]" classname="io.hekate.cluster.internal.ClusterServiceRejoinTest" time="12.83"/>
  <testcase name="testRejoinAfterHanged[4: transport=EPOLL, ssl=JDK]" classname="io.hekate.cluster.internal.ClusterServiceRejoinTest" time="13.734"/>
  <testcase name="testNoRejoinOnLeave[4: transport=EPOLL, ssl=JDK]" classname="io.hekate.cluster.internal.ClusterServiceRejoinTest" time="12.044"/>
  <testcase name="testTerminateDuringRejoin[4: transport=EPOLL, ssl=JDK]" classname="io.hekate.cluster.internal.ClusterServiceRejoinTest" time="13.028"/>
  <testcase name="testTerminateAfterFalseFailure[4: transport=EPOLL, ssl=JDK]" classname="io.hekate.cluster.internal.ClusterServiceRejoinTest" time="4.577"/>
  <testcase name="testNoRejoinAfterSuspectRecovery[4: transport=EPOLL, ssl=JDK]" classname="io.hekate.cluster.internal.ClusterServiceRejoinTest" time="15.606"/>
  <testcase name="testLeaveDuringRejoin[5: transport=EPOLL, ssl=OPEN_SSL]" classname="io.hekate.cluster.internal.ClusterServiceRejoinTest" time="6.527"/>
  <testcase name="testRejoinAfterHanged[5: transport=EPOLL, ssl=OPEN_SSL]" classname="io.hekate.cluster.internal.ClusterServiceRejoinTest" time="7.091"/>
  <testcase name="testNoRejoinOnLeave[5: transport=EPOLL, ssl=OPEN_SSL]" classname="io.hekate.cluster.internal.ClusterServiceRejoinTest" time="5.831"/>
  <testcase name="testTerminateDuringRejoin[5: transport=EPOLL, ssl=OPEN_SSL]" classname="io.hekate.cluster.internal.ClusterServiceRejoinTest" time="6.128"/>
  <testcase name="testTerminateAfterFalseFailure[5: transport=EPOLL, ssl=OPEN_SSL]" classname="io.hekate.cluster.internal.ClusterServiceRejoinTest" time="2.429"/>
  <testcase name="testNoRejoinAfterSuspectRecovery[5: transport=EPOLL, ssl=OPEN_SSL]" classname="io.hekate.cluster.internal.ClusterServiceRejoinTest" time="7.875"/>
</testsuite>