<?xml version="1.0" encoding="UTF-8"?>
<testsuite xmlns:xsi="http://www.w3.org/2001/XMLSchema-instance" xsi:schemaLocation="https://maven.apache.org/surefire/maven-surefire-plugin/xsd/surefire-test-report.xsd" name="io.hekate.cluster.internal.ClusterServiceMultipleNodesTest" time="239.668" tests="156" errors="0" skipped="0" failures="0">
  <properties>
    <property name="java.runtime.name" value="OpenJDK Runtime Environment"/>
    <property name="sun.boot.library.path" value="/usr/lib/jvm/java-8-openjdk-amd64/jre/lib/amd64"/>
    <property name="java.vm.version" value="25.121-b13"/>
    <property name="java.vm.vendor" value="Oracle Corporation"/>
    <property name="maven.multiModuleProjectDirectory" value="/root/workspace/hekate-io/hekate/390714348"/>
    <property name="java.vendor.url" value="http://java.oracle.com/"/>
    <property name="path.separator" value=":"/>
    <property name="guice.disable.misplaced.annotation.check" value="true"/>
    <property name="skip.gulp" value="true"/>
    <property name="java.vm.name" value="OpenJDK 64-Bit Server VM"/>
    <property name="file.encoding.pkg" value="sun.io"/>
    <property name="sun.java.launcher" value="SUN_STANDARD"/>
    <property name="sun.os.patch.level" value="unknown"/>
    <property name="findbugs.skip" value="true"/>
    <property name="java.vm.specification.name" value="Java Virtual Machine Specification"/>
    <property name="user.dir" value="/root/workspace/hekate-io/hekate/390714348"/>
    <property name="checkstyle.skip" value="true"/>
    <property name="java.runtime.version" value="1.8.0_121-8u121-b13-1~bpo8+1-b13"/>
    <property name="java.awt.graphicsenv" value="sun.awt.X11GraphicsEnvironment"/>
    <property name="skip.npm" value="true"/>
    <property name="java.endorsed.dirs" value="/usr/lib/jvm/java-8-openjdk-amd64/jre/lib/endorsed"/>
    <property name="os.arch" value="amd64"/>
    <property name="java.io.tmpdir" value="/tmp"/>
    <property name="gpg.skip" value="true"/>
    <property name="line.separator" value="&#10;"/>
    <property name="java.vm.specification.vendor" value="Oracle Corporation"/>
    <property name="cobertura.skip" value="true"/>
    <property name="os.name" value="Linux"/>
    <property name="classworlds.conf" value="/usr/share/maven/bin/m2.conf"/>
    <property name="sun.jnu.encoding" value="UTF-8"/>
    <property name="java.library.path" value="/usr/java/packages/lib/amd64:/usr/lib/x86_64-linux-gnu/jni:/lib/x86_64-linux-gnu:/usr/lib/x86_64-linux-gnu:/usr/lib/jni:/lib:/usr/lib"/>
    <property name="license.skip" value="true"/>
    <property name="java.specification.name" value="Java Platform API Specification"/>
    <property name="java.class.version" value="52.0"/>
    <property name="org.slf4j.simpleLogger.levelInBrackets" value="true"/>
    <property name="sun.management.compiler" value="HotSpot 64-Bit Tiered Compilers"/>
    <property name="skip.bower" value="true"/>
    <property name="maven.repo.local" value="/root/./workspace/hekate-io/hekate/390714348/.m2"/>
    <property name="os.version" value="3.10.0-862.3.2.el7.x86_64"/>
    <property name="user.home" value="/root"/>
    <property name="user.timezone" value="Europe/Paris"/>
    <property name="java.awt.printerjob" value="sun.print.PSPrinterJob"/>
    <property name="java.specification.version" value="1.8"/>
    <property name="file.encoding" value="UTF-8"/>
    <property name="user.name" value="root"/>
    <property name="java.class.path" value="/usr/share/maven/boot/plexus-classworlds-2.5.2.jar"/>
    <property name="skipITs" value="true"/>
    <property name="java.vm.specification.version" value="1.8"/>
    <property name="sun.arch.data.model" value="64"/>
    <property name="java.home" value="/usr/lib/jvm/java-8-openjdk-amd64/jre"/>
    <property name="sun.java.command" value="org.codehaus.plexus.classworlds.launcher.Launcher -B -D enforcer.skip=true -D dependency-check.skip=true -D skipITs=true -D cobertura.skip=true -D maven.repo.local=/root/./workspace/hekate-io/hekate/390714348/.m2 -D rat.skip=true -D findbugs.skip=true -D skip.bower=true -D gpg.skip=true -D checkstyle.skip=true -D skip.gulp=true -D license.skip=true -D skip.npm=true test"/>
    <property name="java.specification.vendor" value="Oracle Corporation"/>
    <property name="user.language" value="en"/>
    <property name="awt.toolkit" value="sun.awt.X11.XToolkit"/>
    <property name="dependency-check.skip" value="true"/>
    <property name="java.vm.info" value="mixed mode"/>
    <property name="java.version" value="1.8.0_121"/>
    <property name="java.ext.dirs" value="/usr/lib/jvm/java-8-openjdk-amd64/jre/lib/ext:/usr/java/packages/lib/ext"/>
    <property name="securerandom.source" value="file:/dev/./urandom"/>
    <property name="sun.boot.class.path" value="/usr/lib/jvm/java-8-openjdk-amd64/jre/lib/resources.jar:/usr/lib/jvm/java-8-openjdk-amd64/jre/lib/rt.jar:/usr/lib/jvm/java-8-openjdk-amd64/jre/lib/sunrsasign.jar:/usr/lib/jvm/java-8-openjdk-amd64/jre/lib/jsse.jar:/usr/lib/jvm/java-8-openjdk-amd64/jre/lib/jce.jar:/usr/lib/jvm/java-8-openjdk-amd64/jre/lib/charsets.jar:/usr/lib/jvm/java-8-openjdk-amd64/jre/lib/jfr.jar:/usr/lib/jvm/java-8-openjdk-amd64/jre/classes"/>
    <property name="java.vendor" value="Oracle Corporation"/>
    <property name="enforcer.skip" value="true"/>
    <property name="rat.skip" value="true"/>
    <property name="maven.home" value="/usr/share/maven"/>
    <property name="file.separator" value="/"/>
    <property name="java.vendor.url.bug" value="http://bugreport.sun.com/bugreport/"/>
    <property name="sun.cpu.endian" value="little"/>
    <property name="sun.io.unicode.encoding" value="UnicodeLittle"/>
    <property name="org.slf4j.simpleLogger.showThreadName" value="false"/>
    <property name="sun.cpu.isalist" value=""/>
  </properties>
  <testcase name="testJoinOrderRemoveYoungest[0: transport=NIO]" classname="io.hekate.cluster.internal.ClusterServiceMultipleNodesTest" time="0.91"/>
  <testcase name="testFutureOf[0: transport=NIO]" classname="io.hekate.cluster.internal.ClusterServiceMultipleNodesTest" time="0.023"/>
  <testcase name="testCoordinatorFailureWhileJoining[0: transport=NIO]" classname="io.hekate.cluster.internal.ClusterServiceMultipleNodesTest" time="0.612"/>
  <testcase name="testClusterView[0: transport=NIO]" classname="io.hekate.cluster.internal.ClusterServiceMultipleNodesTest" time="0.034"/>
  <testcase name="testJoinRejectLoopback[0: transport=NIO]" classname="io.hekate.cluster.internal.ClusterServiceMultipleNodesTest" time="0.017"/>
  <testcase name="testNodeBecomesNonReachable[0: transport=NIO]" classname="io.hekate.cluster.internal.ClusterServiceMultipleNodesTest" time="2.15"/>
  <testcase name="testJoinRejectCustom[0: transport=NIO]" classname="io.hekate.cluster.internal.ClusterServiceMultipleNodesTest" time="0.014"/>
  <testcase name="testHasService[0: transport=NIO]" classname="io.hekate.cluster.internal.ClusterServiceMultipleNodesTest" time="0.033"/>
  <testcase name="testAwaitFor[0: transport=NIO]" classname="io.hekate.cluster.internal.ClusterServiceMultipleNodesTest" time="0.127"/>
  <testcase name="testTerminateJoinSameTimeWithPermanentNodes[0: transport=NIO]" classname="io.hekate.cluster.internal.ClusterServiceMultipleNodesTest" time="6.425"/>
  <testcase name="testJoinRejectNonLoopback[0: transport=NIO]" classname="io.hekate.cluster.internal.ClusterServiceMultipleNodesTest" time="0.015"/>
  <testcase name="testJoinLeaveWithPermanentNodes[0: transport=NIO]" classname="io.hekate.cluster.internal.ClusterServiceMultipleNodesTest" time="0.587"/>
  <testcase name="testTopologyEvents[0: transport=NIO]" classname="io.hekate.cluster.internal.ClusterServiceMultipleNodesTest" time="0.272"/>
  <testcase name="testJoinLeave[0: transport=NIO]" classname="io.hekate.cluster.internal.ClusterServiceMultipleNodesTest" time="1.768"/>
  <testcase name="testLeaveJoinSameTimeWithPermanentNodes[0: transport=NIO]" classname="io.hekate.cluster.internal.ClusterServiceMultipleNodesTest" time="0.828"/>
  <testcase name="testJoinOrderRemoveOldest[0: transport=NIO]" classname="io.hekate.cluster.internal.ClusterServiceMultipleNodesTest" time="0.163"/>
  <testcase name="testJoiningNodeNonReachable[0: transport=NIO]" classname="io.hekate.cluster.internal.ClusterServiceMultipleNodesTest" time="1.827"/>
  <testcase name="testJoinTerminateSameTimeWithPermanentNodes[0: transport=NIO]" classname="io.hekate.cluster.internal.ClusterServiceMultipleNodesTest" time="5.981"/>
  <testcase name="testTopologyEventsWithTerminate[0: transport=NIO]" classname="io.hekate.cluster.internal.ClusterServiceMultipleNodesTest" time="1.825"/>
  <testcase name="testJoinLeaveNoWait[0: transport=NIO]" classname="io.hekate.cluster.internal.ClusterServiceMultipleNodesTest" time="0.771"/>
  <testcase name="testJoiningNodeHanged[0: transport=NIO]" classname="io.hekate.cluster.internal.ClusterServiceMultipleNodesTest" time="1.86"/>
  <testcase name="testJoinTerminateNoWaitWithPermanentNodes[0: transport=NIO]" classname="io.hekate.cluster.internal.ClusterServiceMultipleNodesTest" time="0.304"/>
  <testcase name="testJoinLeaveSameTimeWithPermanentNodes[0: transport=NIO]" classname="io.hekate.cluster.internal.ClusterServiceMultipleNodesTest" time="0.978"/>
  <testcase name="testAwaitForNodes[0: transport=NIO]" classname="io.hekate.cluster.internal.ClusterServiceMultipleNodesTest" time="0.156"/>
  <testcase name="testTopologyChangeEvents[0: transport=NIO]" classname="io.hekate.cluster.internal.ClusterServiceMultipleNodesTest" time="0.49"/>
  <testcase name="testJoinLeaveNoWaitWithPermanentNodes[0: transport=NIO]" classname="io.hekate.cluster.internal.ClusterServiceMultipleNodesTest" time="0.172"/>
  <testcase name="testJoinOrderRemoveYoungest[1: transport=NIO, ssl=JDK]" classname="io.hekate.cluster.internal.ClusterServiceMultipleNodesTest" time="2.779"/>
  <testcase name="testFutureOf[1: transport=NIO, ssl=JDK]" classname="io.hekate.cluster.internal.ClusterServiceMultipleNodesTest" time="0.043"/>
  <testcase name="testCoordinatorFailureWhileJoining[1: transport=NIO, ssl=JDK]" classname="io.hekate.cluster.internal.ClusterServiceMultipleNodesTest" time="1.212"/>
  <testcase name="testClusterView[1: transport=NIO, ssl=JDK]" classname="io.hekate.cluster.internal.ClusterServiceMultipleNodesTest" time="0.086"/>
  <testcase name="testJoinRejectLoopback[1: transport=NIO, ssl=JDK]" classname="io.hekate.cluster.internal.ClusterServiceMultipleNodesTest" time="0.044"/>
  <testcase name="testNodeBecomesNonReachable[1: transport=NIO, ssl=JDK]" classname="io.hekate.cluster.internal.ClusterServiceMultipleNodesTest" time="3.945"/>
  <testcase name="testJoinRejectCustom[1: transport=NIO, ssl=JDK]" classname="io.hekate.cluster.internal.ClusterServiceMultipleNodesTest" time="0.036"/>
  <testcase name="testHasService[1: transport=NIO, ssl=JDK]" classname="io.hekate.cluster.internal.ClusterServiceMultipleNodesTest" time="0.13"/>
  <testcase name="testAwaitFor[1: transport=NIO, ssl=JDK]" classname="io.hekate.cluster.internal.ClusterServiceMultipleNodesTest" time="0.162"/>
  <testcase name="testTerminateJoinSameTimeWithPermanentNodes[1: transport=NIO, ssl=JDK]" classname="io.hekate.cluster.internal.ClusterServiceMultipleNodesTest" time="12.35"/>
  <testcase name="testJoinRejectNonLoopback[1: transport=NIO, ssl=JDK]" classname="io.hekate.cluster.internal.ClusterServiceMultipleNodesTest" time="0.034"/>
  <testcase name="testJoinLeaveWithPermanentNodes[1: transport=NIO, ssl=JDK]" classname="io.hekate.cluster.internal.ClusterServiceMultipleNodesTest" time="1.929"/>
  <testcase name="testTopologyEvents[1: transport=NIO, ssl=JDK]" classname="io.hekate.cluster.internal.ClusterServiceMultipleNodesTest" time="1.005"/>
  <testcase name="testJoinLeave[1: transport=NIO, ssl=JDK]" classname="io.hekate.cluster.internal.ClusterServiceMultipleNodesTest" time="4.237"/>
  <testcase name="testLeaveJoinSameTimeWithPermanentNodes[1: transport=NIO, ssl=JDK]" classname="io.hekate.cluster.internal.ClusterServiceMultipleNodesTest" time="2.039"/>
  <testcase name="testJoinOrderRemoveOldest[1: transport=NIO, ssl=JDK]" classname="io.hekate.cluster.internal.ClusterServiceMultipleNodesTest" time="0.626"/>
  <testcase name="testJoiningNodeNonReachable[1: transport=NIO, ssl=JDK]" classname="io.hekate.cluster.internal.ClusterServiceMultipleNodesTest" time="3.63"/>
  <testcase name="testJoinTerminateSameTimeWithPermanentNodes[1: transport=NIO, ssl=JDK]" classname="io.hekate.cluster.internal.ClusterServiceMultipleNodesTest" time="11.431"/>
  <testcase name="testTopologyEventsWithTerminate[1: transport=NIO, ssl=JDK]" classname="io.hekate.cluster.internal.ClusterServiceMultipleNodesTest" time="4.226"/>
  <testcase name="testJoinLeaveNoWait[1: transport=NIO, ssl=JDK]" classname="io.hekate.cluster.internal.ClusterServiceMultipleNodesTest" time="0.88"/>
  <testcase name="testJoiningNodeHanged[1: transport=NIO, ssl=JDK]" classname="io.hekate.cluster.internal.ClusterServiceMultipleNodesTest" time="3.695"/>
  <testcase name="testJoinTerminateNoWaitWithPermanentNodes[1: transport=NIO, ssl=JDK]" classname="io.hekate.cluster.internal.ClusterServiceMultipleNodesTest" time="0.51"/>
  <testcase name="testJoinLeaveSameTimeWithPermanentNodes[1: transport=NIO, ssl=JDK]" classname="io.hekate.cluster.internal.ClusterServiceMultipleNodesTest" time="1.837"/>
  <testcase name="testAwaitForNodes[1: transport=NIO, ssl=JDK]" classname="io.hekate.cluster.internal.ClusterServiceMultipleNodesTest" time="0.143"/>
  <testcase name="testTopologyChangeEvents[1: transport=NIO, ssl=JDK]" classname="io.hekate.cluster.internal.ClusterServiceMultipleNodesTest" time="1.037"/>
  <testcase name="testJoinLeaveNoWaitWithPermanentNodes[1: transport=NIO, ssl=JDK]" classname="io.hekate.cluster.internal.ClusterServiceMultipleNodesTest" time="0.651"/>
  <testcase name="testJoinOrderRemoveYoungest[2: transport=NIO, ssl=OPEN_SSL]" classname="io.hekate.cluster.internal.ClusterServiceMultipleNodesTest" time="1.493"/>
  <testcase name="testFutureOf[2: transport=NIO, ssl=OPEN_SSL]" classname="io.hekate.cluster.internal.ClusterServiceMultipleNodesTest" time="0.03"/>
  <testcase name="testCoordinatorFailureWhileJoining[2: transport=NIO, ssl=OPEN_SSL]" classname="io.hekate.cluster.internal.ClusterServiceMultipleNodesTest" time="0.611"/>
  <testcase name="testClusterView[2: transport=NIO, ssl=OPEN_SSL]" classname="io.hekate.cluster.internal.ClusterServiceMultipleNodesTest" time="0.049"/>
  <testcase name="testJoinRejectLoopback[2: transport=NIO, ssl=OPEN_SSL]" classname="io.hekate.cluster.internal.ClusterServiceMultipleNodesTest" time="0.02"/>
  <testcase name="testNodeBecomesNonReachable[2: transport=NIO, ssl=OPEN_SSL]" classname="io.hekate.cluster.internal.ClusterServiceMultipleNodesTest" time="1.975"/>
  <testcase name="testJoinRejectCustom[2: transport=NIO, ssl=OPEN_SSL]" classname="io.hekate.cluster.internal.ClusterServiceMultipleNodesTest" time="0.019"/>
  <testcase name="testHasService[2: transport=NIO, ssl=OPEN_SSL]" classname="io.hekate.cluster.internal.ClusterServiceMultipleNodesTest" time="0.054"/>
  <testcase name="testAwaitFor[2: transport=NIO, ssl=OPEN_SSL]" classname="io.hekate.cluster.internal.ClusterServiceMultipleNodesTest" time="0.13"/>
  <testcase name="testTerminateJoinSameTimeWithPermanentNodes[2: transport=NIO, ssl=OPEN_SSL]" classname="io.hekate.cluster.internal.ClusterServiceMultipleNodesTest" time="5.972"/>
  <testcase name="testJoinRejectNonLoopback[2: transport=NIO, ssl=OPEN_SSL]" classname="io.hekate.cluster.internal.ClusterServiceMultipleNodesTest" time="0.019"/>
  <testcase name="testJoinLeaveWithPermanentNodes[2: transport=NIO, ssl=OPEN_SSL]" classname="io.hekate.cluster.internal.ClusterServiceMultipleNodesTest" time="0.859"/>
  <testcase name="testTopologyEvents[2: transport=NIO, ssl=OPEN_SSL]" classname="io.hekate.cluster.internal.ClusterServiceMultipleNodesTest" time="0.815"/>
  <testcase name="testJoinLeave[2: transport=NIO, ssl=OPEN_SSL]" classname="io.hekate.cluster.internal.ClusterServiceMultipleNodesTest" time="1.994"/>
  <testcase name="testLeaveJoinSameTimeWithPermanentNodes[2: transport=NIO, ssl=OPEN_SSL]" classname="io.hekate.cluster.internal.ClusterServiceMultipleNodesTest" time="0.913"/>
  <testcase name="testJoinOrderRemoveOldest[2: transport=NIO, ssl=OPEN_SSL]" classname="io.hekate.cluster.internal.ClusterServiceMultipleNodesTest" time="0.296"/>
  <testcase name="testJoiningNodeNonReachable[2: transport=NIO, ssl=OPEN_SSL]" classname="io.hekate.cluster.internal.ClusterServiceMultipleNodesTest" time="1.83"/>
  <testcase name="testJoinTerminateSameTimeWithPermanentNodes[2: transport=NIO, ssl=OPEN_SSL]" classname="io.hekate.cluster.internal.ClusterServiceMultipleNodesTest" time="6.157"/>
  <testcase name="testTopologyEventsWithTerminate[2: transport=NIO, ssl=OPEN_SSL]" classname="io.hekate.cluster.internal.ClusterServiceMultipleNodesTest" time="1.924"/>
  <testcase name="testJoinLeaveNoWait[2: transport=NIO, ssl=OPEN_SSL]" classname="io.hekate.cluster.internal.ClusterServiceMultipleNodesTest" time="0.22"/>
  <testcase name="testJoiningNodeHanged[2: transport=NIO, ssl=OPEN_SSL]" classname="io.hekate.cluster.internal.ClusterServiceMultipleNodesTest" time="1.899"/>
  <testcase name="testJoinTerminateNoWaitWithPermanentNodes[2: transport=NIO, ssl=OPEN_SSL]" classname="io.hekate.cluster.internal.ClusterServiceMultipleNodesTest" time="0.325"/>
  <testcase name="testJoinLeaveSameTimeWithPermanentNodes[2: transport=NIO, ssl=OPEN_SSL]" classname="io.hekate.cluster.internal.ClusterServiceMultipleNodesTest" time="0.897"/>
  <testcase name="testAwaitForNodes[2: transport=NIO, ssl=OPEN_SSL]" classname="io.hekate.cluster.internal.ClusterServiceMultipleNodesTest" time="0.13"/>
  <testcase name="testTopologyChangeEvents[2: transport=NIO, ssl=OPEN_SSL]" classname="io.hekate.cluster.internal.ClusterServiceMultipleNodesTest" time="0.441"/>
  <testcase name="testJoinLeaveNoWaitWithPermanentNodes[2: transport=NIO, ssl=OPEN_SSL]" classname="io.hekate.cluster.internal.ClusterServiceMultipleNodesTest" time="0.329"/>
  <testcase name="testJoinOrderRemoveYoungest[3: transport=EPOLL]" classname="io.hekate.cluster.internal.ClusterServiceMultipleNodesTest" time="1.115"/>
  <testcase name="testFutureOf[3: transport=EPOLL]" classname="io.hekate.cluster.internal.ClusterServiceMultipleNodesTest" time="0.016"/>
  <testcase name="testCoordinatorFailureWhileJoining[3: transport=EPOLL]" classname="io.hekate.cluster.internal.ClusterServiceMultipleNodesTest" time="0.61"/>
  <testcase name="testClusterView[3: transport=EPOLL]" classname="io.hekate.cluster.internal.ClusterServiceMultipleNodesTest" time="0.026"/>
  <testcase name="testJoinRejectLoopback[3: transport=EPOLL]" classname="io.hekate.cluster.internal.ClusterServiceMultipleNodesTest" time="0.012"/>
  <testcase name="testNodeBecomesNonReachable[3: transport=EPOLL]" classname="io.hekate.cluster.internal.ClusterServiceMultipleNodesTest" time="1.941"/>
  <testcase name="testJoinRejectCustom[3: transport=EPOLL]" classname="io.hekate.cluster.internal.ClusterServiceMultipleNodesTest" time="0.013"/>
  <testcase name="testHasService[3: transport=EPOLL]" classname="io.hekate.cluster.internal.ClusterServiceMultipleNodesTest" time="0.025"/>
  <testcase name="testAwaitFor[3: transport=EPOLL]" classname="io.hekate.cluster.internal.ClusterServiceMultipleNodesTest" time="0.119"/>
  <testcase name="testTerminateJoinSameTimeWithPermanentNodes[3: transport=EPOLL]" classname="io.hekate.cluster.internal.ClusterServiceMultipleNodesTest" time="5.984"/>
  <testcase name="testJoinRejectNonLoopback[3: transport=EPOLL]" classname="io.hekate.cluster.internal.ClusterServiceMultipleNodesTest" time="0.012"/>
  <testcase name="testJoinLeaveWithPermanentNodes[3: transport=EPOLL]" classname="io.hekate.cluster.internal.ClusterServiceMultipleNodesTest" time="0.55"/>
  <testcase name="testTopologyEvents[3: transport=EPOLL]" classname="io.hekate.cluster.internal.ClusterServiceMultipleNodesTest" time="1.468"/>
  <testcase name="testJoinLeave[3: transport=EPOLL]" classname="io.hekate.cluster.internal.ClusterServiceMultipleNodesTest" time="2.922"/>
  <testcase name="testLeaveJoinSameTimeWithPermanentNodes[3: transport=EPOLL]" classname="io.hekate.cluster.internal.ClusterServiceMultipleNodesTest" time="1.774"/>
  <testcase name="testJoinOrderRemoveOldest[3: transport=EPOLL]" classname="io.hekate.cluster.internal.ClusterServiceMultipleNodesTest" time="0.383"/>
  <testcase name="testJoiningNodeNonReachable[3: transport=EPOLL]" classname="io.hekate.cluster.internal.ClusterServiceMultipleNodesTest" time="1.825"/>
  <testcase name="testJoinTerminateSameTimeWithPermanentNodes[3: transport=EPOLL]" classname="io.hekate.cluster.internal.ClusterServiceMultipleNodesTest" time="5.979"/>
  <testcase name="testTopologyEventsWithTerminate[3: transport=EPOLL]" classname="io.hekate.cluster.internal.ClusterServiceMultipleNodesTest" time="2.12"/>
  <testcase name="testJoinLeaveNoWait[3: transport=EPOLL]" classname="io.hekate.cluster.internal.ClusterServiceMultipleNodesTest" time="0.121"/>
  <testcase name="testJoiningNodeHanged[3: transport=EPOLL]" classname="io.hekate.cluster.internal.ClusterServiceMultipleNodesTest" time="2.857"/>
  <testcase name="testJoinTerminateNoWaitWithPermanentNodes[3: transport=EPOLL]" classname="io.hekate.cluster.internal.ClusterServiceMultipleNodesTest" time="1.191"/>
  <testcase name="testJoinLeaveSameTimeWithPermanentNodes[3: transport=EPOLL]" classname="io.hekate.cluster.internal.ClusterServiceMultipleNodesTest" time="0.566"/>
  <testcase name="testAwaitForNodes[3: transport=EPOLL]" classname="io.hekate.cluster.internal.ClusterServiceMultipleNodesTest" time="0.12"/>
  <testcase name="testTopologyChangeEvents[3: transport=EPOLL]" classname="io.hekate.cluster.internal.ClusterServiceMultipleNodesTest" time="0.609"/>
  <testcase name="testJoinLeaveNoWaitWithPermanentNodes[3: transport=EPOLL]" classname="io.hekate.cluster.internal.ClusterServiceMultipleNodesTest" time="0.204"/>
  <testcase name="testJoinOrderRemoveYoungest[4: transport=EPOLL, ssl=JDK]" classname="io.hekate.cluster.internal.ClusterServiceMultipleNodesTest" time="2.302"/>
  <testcase name="testFutureOf[4: transport=EPOLL, ssl=JDK]" classname="io.hekate.cluster.internal.ClusterServiceMultipleNodesTest" time="0.04"/>
  <testcase name="testCoordinatorFailureWhileJoining[4: transport=EPOLL, ssl=JDK]" classname="io.hekate.cluster.internal.ClusterServiceMultipleNodesTest" time="1.21"/>
  <testcase name="testClusterView[4: transport=EPOLL, ssl=JDK]" classname="io.hekate.cluster.internal.ClusterServiceMultipleNodesTest" time="0.087"/>
  <testcase name="testJoinRejectLoopback[4: transport=EPOLL, ssl=JDK]" classname="io.hekate.cluster.internal.ClusterServiceMultipleNodesTest" time="0.034"/>
  <testcase name="testNodeBecomesNonReachable[4: transport=EPOLL, ssl=JDK]" classname="io.hekate.cluster.internal.ClusterServiceMultipleNodesTest" time="3.734"/>
  <testcase name="testJoinRejectCustom[4: transport=EPOLL, ssl=JDK]" classname="io.hekate.cluster.internal.ClusterServiceMultipleNodesTest" time="0.038"/>
  <testcase name="testHasService[4: transport=EPOLL, ssl=JDK]" classname="io.hekate.cluster.internal.ClusterServiceMultipleNodesTest" time="0.09"/>
  <testcase name="testAwaitFor[4: transport=EPOLL, ssl=JDK]" classname="io.hekate.cluster.internal.ClusterServiceMultipleNodesTest" time="0.143"/>
  <testcase name="testTerminateJoinSameTimeWithPermanentNodes[4: transport=EPOLL, ssl=JDK]" classname="io.hekate.cluster.internal.ClusterServiceMultipleNodesTest" time="11.963"/>
  <testcase name="testJoinRejectNonLoopback[4: transport=EPOLL, ssl=JDK]" classname="io.hekate.cluster.internal.ClusterServiceMultipleNodesTest" time="0.034"/>
  <testcase name="testJoinLeaveWithPermanentNodes[4: transport=EPOLL, ssl=JDK]" classname="io.hekate.cluster.internal.ClusterServiceMultipleNodesTest" time="1.58"/>
  <testcase name="testTopologyEvents[4: transport=EPOLL, ssl=JDK]" classname="io.hekate.cluster.internal.ClusterServiceMultipleNodesTest" time="1.359"/>
  <testcase name="testJoinLeave[4: transport=EPOLL, ssl=JDK]" classname="io.hekate.cluster.internal.ClusterServiceMultipleNodesTest" time="4.672"/>
  <testcase name="testLeaveJoinSameTimeWithPermanentNodes[4: transport=EPOLL, ssl=JDK]" classname="io.hekate.cluster.internal.ClusterServiceMultipleNodesTest" time="1.986"/>
  <testcase name="testJoinOrderRemoveOldest[4: transport=EPOLL, ssl=JDK]" classname="io.hekate.cluster.internal.ClusterServiceMultipleNodesTest" time="0.584"/>
  <testcase name="testJoiningNodeNonReachable[4: transport=EPOLL, ssl=JDK]" classname="io.hekate.cluster.internal.ClusterServiceMultipleNodesTest" time="3.624"/>
  <testcase name="testJoinTerminateSameTimeWithPermanentNodes[4: transport=EPOLL, ssl=JDK]" classname="io.hekate.cluster.internal.ClusterServiceMultipleNodesTest" time="12.007"/>
  <testcase name="testTopologyEventsWithTerminate[4: transport=EPOLL, ssl=JDK]" classname="io.hekate.cluster.internal.ClusterServiceMultipleNodesTest" time="4.225"/>
  <testcase name="testJoinLeaveNoWait[4: transport=EPOLL, ssl=JDK]" classname="io.hekate.cluster.internal.ClusterServiceMultipleNodesTest" time="1.31"/>
  <testcase name="testJoiningNodeHanged[4: transport=EPOLL, ssl=JDK]" classname="io.hekate.cluster.internal.ClusterServiceMultipleNodesTest" time="3.695"/>
  <testcase name="testJoinTerminateNoWaitWithPermanentNodes[4: transport=EPOLL, ssl=JDK]" classname="io.hekate.cluster.internal.ClusterServiceMultipleNodesTest" time="0.504"/>
  <testcase name="testJoinLeaveSameTimeWithPermanentNodes[4: transport=EPOLL, ssl=JDK]" classname="io.hekate.cluster.internal.ClusterServiceMultipleNodesTest" time="1.989"/>
  <testcase name="testAwaitForNodes[4: transport=EPOLL, ssl=JDK]" classname="io.hekate.cluster.internal.ClusterServiceMultipleNodesTest" time="0.144"/>
  <testcase name="testTopologyChangeEvents[4: transport=EPOLL, ssl=JDK]" classname="io.hekate.cluster.internal.ClusterServiceMultipleNodesTest" time="1.185"/>
  <testcase name="testJoinLeaveNoWaitWithPermanentNodes[4: transport=EPOLL, ssl=JDK]" classname="io.hekate.cluster.internal.ClusterServiceMultipleNodesTest" time="0.703"/>
  <testcase name="testJoinOrderRemoveYoungest[5: transport=EPOLL, ssl=OPEN_SSL]" classname="io.hekate.cluster.internal.ClusterServiceMultipleNodesTest" time="1.47"/>
  <testcase name="testFutureOf[5: transport=EPOLL, ssl=OPEN_SSL]" classname="io.hekate.cluster.internal.ClusterServiceMultipleNodesTest" time="0.026"/>
  <testcase name="testCoordinatorFailureWhileJoining[5: transport=EPOLL, ssl=OPEN_SSL]" classname="io.hekate.cluster.internal.ClusterServiceMultipleNodesTest" time="0.611"/>
  <testcase name="testClusterView[5: transport=EPOLL, ssl=OPEN_SSL]" classname="io.hekate.cluster.internal.ClusterServiceMultipleNodesTest" time="0.047"/>
  <testcase name="testJoinRejectLoopback[5: transport=EPOLL, ssl=OPEN_SSL]" classname="io.hekate.cluster.internal.ClusterServiceMultipleNodesTest" time="0.019"/>
  <testcase name="testNodeBecomesNonReachable[5: transport=EPOLL, ssl=OPEN_SSL]" classname="io.hekate.cluster.internal.ClusterServiceMultipleNodesTest" time="2.06"/>
  <testcase name="testJoinRejectCustom[5: transport=EPOLL, ssl=OPEN_SSL]" classname="io.hekate.cluster.internal.ClusterServiceMultipleNodesTest" time="0.018"/>
  <testcase name="testHasService[5: transport=EPOLL, ssl=OPEN_SSL]" classname="io.hekate.cluster.internal.ClusterServiceMultipleNodesTest" time="0.049"/>
  <testcase name="testAwaitFor[5: transport=EPOLL, ssl=OPEN_SSL]" classname="io.hekate.cluster.internal.ClusterServiceMultipleNodesTest" time="0.129"/>
  <testcase name="testTerminateJoinSameTimeWithPermanentNodes[5: transport=EPOLL, ssl=OPEN_SSL]" classname="io.hekate.cluster.internal.ClusterServiceMultipleNodesTest" time="6.143"/>
  <testcase name="testJoinRejectNonLoopback[5: transport=EPOLL, ssl=OPEN_SSL]" classname="io.hekate.cluster.internal.ClusterServiceMultipleNodesTest" time="0.02"/>
  <testcase name="testJoinLeaveWithPermanentNodes[5: transport=EPOLL, ssl=OPEN_SSL]" classname="io.hekate.cluster.internal.ClusterServiceMultipleNodesTest" time="0.981"/>
  <testcase name="testTopologyEvents[5: transport=EPOLL, ssl=OPEN_SSL]" classname="io.hekate.cluster.internal.ClusterServiceMultipleNodesTest" time="0.655"/>
  <testcase name="testJoinLeave[5: transport=EPOLL, ssl=OPEN_SSL]" classname="io.hekate.cluster.internal.ClusterServiceMultipleNodesTest" time="2.255"/>
  <testcase name="testLeaveJoinSameTimeWithPermanentNodes[5: transport=EPOLL, ssl=OPEN_SSL]" classname="io.hekate.cluster.internal.ClusterServiceMultipleNodesTest" time="0.809"/>
  <testcase name="testJoinOrderRemoveOldest[5: transport=EPOLL, ssl=OPEN_SSL]" classname="io.hekate.cluster.internal.ClusterServiceMultipleNodesTest" time="0.565"/>
  <testcase name="testJoiningNodeNonReachable[5: transport=EPOLL, ssl=OPEN_SSL]" classname="io.hekate.cluster.internal.ClusterServiceMultipleNodesTest" time="1.828"/>
  <testcase name="testJoinTerminateSameTimeWithPermanentNodes[5: transport=EPOLL, ssl=OPEN_SSL]" classname="io.hekate.cluster.internal.ClusterServiceMultipleNodesTest" time="5.98"/>
  <testcase name="testTopologyEventsWithTerminate[5: transport=EPOLL, ssl=OPEN_SSL]" classname="io.hekate.cluster.internal.ClusterServiceMultipleNodesTest" time="2.138"/>
  <testcase name="testJoinLeaveNoWait[5: transport=EPOLL, ssl=OPEN_SSL]" classname="io.hekate.cluster.internal.ClusterServiceMultipleNodesTest" time="0.505"/>
  <testcase name="testJoiningNodeHanged[5: transport=EPOLL, ssl=OPEN_SSL]" classname="io.hekate.cluster.internal.ClusterServiceMultipleNodesTest" time="1.889"/>
  <testcase name="testJoinTerminateNoWaitWithPermanentNodes[5: transport=EPOLL, ssl=OPEN_SSL]" classname="io.hekate.cluster.internal.ClusterServiceMultipleNodesTest" time="0.342"/>
  <testcase name="testJoinLeaveSameTimeWithPermanentNodes[5: transport=EPOLL, ssl=OPEN_SSL]" classname="io.hekate.cluster.internal.ClusterServiceMultipleNodesTest" time="1.995"/>
  <testcase name="testAwaitForNodes[5: transport=EPOLL, ssl=OPEN_SSL]" classname="io.hekate.cluster.internal.ClusterServiceMultipleNodesTest" time="0.13"/>
  <testcase name="testTopologyChangeEvents[5: transport=EPOLL, ssl=OPEN_SSL]" classname="io.hekate.cluster.internal.ClusterServiceMultipleNodesTest" time="0.452"/>
  <testcase name="testJoinLeaveNoWaitWithPermanentNodes[5: transport=EPOLL, ssl=OPEN_SSL]" classname="io.hekate.cluster.internal.ClusterServiceMultipleNodesTest" time="0.281"/>
</testsuite>