<?xml version="1.0" encoding="UTF-8"?>
<testsuite xmlns:xsi="http://www.w3.org/2001/XMLSchema-instance" xsi:schemaLocation="https://maven.apache.org/surefire/maven-surefire-plugin/xsd/surefire-test-report.xsd" name="io.hekate.rpc.internal.RpcUnicastTest" time="34.389" tests="360" errors="0" skipped="0" failures="0">
  <properties>
    <property name="java.runtime.name" value="OpenJDK Runtime Environment"/>
    <property name="sun.boot.library.path" value="/usr/lib/jvm/java-8-openjdk-amd64/jre/lib/amd64"/>
    <property name="java.vm.version" value="25.121-b13"/>
    <property name="java.vm.vendor" value="Oracle Corporation"/>
    <property name="maven.multiModuleProjectDirectory" value="/root/workspace/hekate-io/hekate/390165353"/>
    <property name="java.vendor.url" value="http://java.oracle.com/"/>
    <property name="path.separator" value=":"/>
    <property name="guice.disable.misplaced.annotation.check" value="true"/>
    <property name="skip.gulp" value="true"/>
    <property name="java.vm.name" value="OpenJDK 64-Bit Server VM"/>
    <property name="file.encoding.pkg" value="sun.io"/>
    <property name="sun.java.launcher" value="SUN_STANDARD"/>
    <property name="sun.os.patch.level" value="unknown"/>
    <property name="findbugs.skip" value="true"/>
    <property name="java.vm.specification.name" value="Java Virtual Machine Specification"/>
    <property name="user.dir" value="/root/workspace/hekate-io/hekate/390165353"/>
    <property name="checkstyle.skip" value="true"/>
    <property name="java.runtime.version" value="1.8.0_121-8u121-b13-1~bpo8+1-b13"/>
    <property name="java.awt.graphicsenv" value="sun.awt.X11GraphicsEnvironment"/>
    <property name="skip.npm" value="true"/>
    <property name="java.endorsed.dirs" value="/usr/lib/jvm/java-8-openjdk-amd64/jre/lib/endorsed"/>
    <property name="os.arch" value="amd64"/>
    <property name="java.io.tmpdir" value="/tmp"/>
    <property name="gpg.skip" value="true"/>
    <property name="line.separator" value="&#10;"/>
    <property name="java.vm.specification.vendor" value="Oracle Corporation"/>
    <property name="cobertura.skip" value="true"/>
    <property name="os.name" value="Linux"/>
    <property name="classworlds.conf" value="/usr/share/maven/bin/m2.conf"/>
    <property name="sun.jnu.encoding" value="UTF-8"/>
    <property name="java.library.path" value="/usr/java/packages/lib/amd64:/usr/lib/x86_64-linux-gnu/jni:/lib/x86_64-linux-gnu:/usr/lib/x86_64-linux-gnu:/usr/lib/jni:/lib:/usr/lib"/>
    <property name="license.skip" value="true"/>
    <property name="java.specification.name" value="Java Platform API Specification"/>
    <property name="java.class.version" value="52.0"/>
    <property name="org.slf4j.simpleLogger.levelInBrackets" value="true"/>
    <property name="sun.management.compiler" value="HotSpot 64-Bit Tiered Compilers"/>
    <property name="skip.bower" value="true"/>
    <property name="maven.repo.local" value="/root/./workspace/hekate-io/hekate/390165353/.m2"/>
    <property name="os.version" value="3.10.0-862.3.2.el7.x86_64"/>
    <property name="user.home" value="/root"/>
    <property name="user.timezone" value="Europe/Paris"/>
    <property name="java.awt.printerjob" value="sun.print.PSPrinterJob"/>
    <property name="java.specification.version" value="1.8"/>
    <property name="file.encoding" value="UTF-8"/>
    <property name="user.name" value="root"/>
    <property name="java.class.path" value="/usr/share/maven/boot/plexus-classworlds-2.5.2.jar"/>
    <property name="skipITs" value="true"/>
    <property name="java.vm.specification.version" value="1.8"/>
    <property name="sun.arch.data.model" value="64"/>
    <property name="java.home" value="/usr/lib/jvm/java-8-openjdk-amd64/jre"/>
    <property name="sun.java.command" value="org.codehaus.plexus.classworlds.launcher.Launcher -B -D enforcer.skip=true -D dependency-check.skip=true -D skipITs=true -D cobertura.skip=true -D maven.repo.local=/root/./workspace/hekate-io/hekate/390165353/.m2 -D rat.skip=true -D findbugs.skip=true -D skip.bower=true -D gpg.skip=true -D checkstyle.skip=true -D skip.gulp=true -D license.skip=true -D skip.npm=true test"/>
    <property name="java.specification.vendor" value="Oracle Corporation"/>
    <property name="user.language" value="en"/>
    <property name="awt.toolkit" value="sun.awt.X11.XToolkit"/>
    <property name="dependency-check.skip" value="true"/>
    <property name="java.vm.info" value="mixed mode"/>
    <property name="java.version" value="1.8.0_121"/>
    <property name="java.ext.dirs" value="/usr/lib/jvm/java-8-openjdk-amd64/jre/lib/ext:/usr/java/packages/lib/ext"/>
    <property name="securerandom.source" value="file:/dev/./urandom"/>
    <property name="sun.boot.class.path" value="/usr/lib/jvm/java-8-openjdk-amd64/jre/lib/resources.jar:/usr/lib/jvm/java-8-openjdk-amd64/jre/lib/rt.jar:/usr/lib/jvm/java-8-openjdk-amd64/jre/lib/sunrsasign.jar:/usr/lib/jvm/java-8-openjdk-amd64/jre/lib/jsse.jar:/usr/lib/jvm/java-8-openjdk-amd64/jre/lib/jce.jar:/usr/lib/jvm/java-8-openjdk-amd64/jre/lib/charsets.jar:/usr/lib/jvm/java-8-openjdk-amd64/jre/lib/jfr.jar:/usr/lib/jvm/java-8-openjdk-amd64/jre/classes"/>
    <property name="java.vendor" value="Oracle Corporation"/>
    <property name="enforcer.skip" value="true"/>
    <property name="rat.skip" value="true"/>
    <property name="maven.home" value="/usr/share/maven"/>
    <property name="file.separator" value="/"/>
    <property name="java.vendor.url.bug" value="http://bugreport.sun.com/bugreport/"/>
    <property name="sun.cpu.endian" value="little"/>
    <property name="sun.io.unicode.encoding" value="UnicodeLittle"/>
    <property name="org.slf4j.simpleLogger.showThreadName" value="false"/>
    <property name="sun.cpu.isalist" value=""/>
  </properties>
  <testcase name="testInheritedMethods[0: transport=NIO, codec-factory=KryoCodecFactory[unsafe-io=true, cache-unknown-types=false]]" classname="io.hekate.rpc.internal.RpcUnicastTest" time="0.059"/>
  <testcase name="testDefaultMethod[0: transport=NIO, codec-factory=KryoCodecFactory[unsafe-io=true, cache-unknown-types=false]]" classname="io.hekate.rpc.internal.RpcUnicastTest" time="0.028"/>
  <testcase name="testTag[0: transport=NIO, codec-factory=KryoCodecFactory[unsafe-io=true, cache-unknown-types=false]]" classname="io.hekate.rpc.internal.RpcUnicastTest" time="0.068"/>
  <testcase name="testError[0: transport=NIO, codec-factory=KryoCodecFactory[unsafe-io=true, cache-unknown-types=false]]" classname="io.hekate.rpc.internal.RpcUnicastTest" time="0.046"/>
  <testcase name="testNoArg[0: transport=NIO, codec-factory=KryoCodecFactory[unsafe-io=true, cache-unknown-types=false]]" classname="io.hekate.rpc.internal.RpcUnicastTest" time="0.042"/>
  <testcase name="testArgs[0: transport=NIO, codec-factory=KryoCodecFactory[unsafe-io=true, cache-unknown-types=false]]" classname="io.hekate.rpc.internal.RpcUnicastTest" time="0.046"/>
  <testcase name="testVoid[0: transport=NIO, codec-factory=KryoCodecFactory[unsafe-io=true, cache-unknown-types=false]]" classname="io.hekate.rpc.internal.RpcUnicastTest" time="0.044"/>
  <testcase name="testAffinityKey[0: transport=NIO, codec-factory=KryoCodecFactory[unsafe-io=true, cache-unknown-types=false]]" classname="io.hekate.rpc.internal.RpcUnicastTest" time="0.048"/>
  <testcase name="testAsyncNonNullResult[0: transport=NIO, codec-factory=KryoCodecFactory[unsafe-io=true, cache-unknown-types=false]]" classname="io.hekate.rpc.internal.RpcUnicastTest" time="0.042"/>
  <testcase name="testPartitions[0: transport=NIO, codec-factory=KryoCodecFactory[unsafe-io=true, cache-unknown-types=false]]" classname="io.hekate.rpc.internal.RpcUnicastTest" time="0.099"/>
  <testcase name="testAsyncNullResult[0: transport=NIO, codec-factory=KryoCodecFactory[unsafe-io=true, cache-unknown-types=false]]" classname="io.hekate.rpc.internal.RpcUnicastTest" time="0.027"/>
  <testcase name="testAsyncResultAfterServerLeave[0: transport=NIO, codec-factory=KryoCodecFactory[unsafe-io=true, cache-unknown-types=false]]" classname="io.hekate.rpc.internal.RpcUnicastTest" time="0.057"/>
  <testcase name="testNonSerializableResult[0: transport=NIO, codec-factory=KryoCodecFactory[unsafe-io=true, cache-unknown-types=false]]" classname="io.hekate.rpc.internal.RpcUnicastTest" time="0.033"/>
  <testcase name="testCheckedException[0: transport=NIO, codec-factory=KryoCodecFactory[unsafe-io=true, cache-unknown-types=false]]" classname="io.hekate.rpc.internal.RpcUnicastTest" time="0.033"/>
  <testcase name="testNonSerializableArg[0: transport=NIO, codec-factory=KryoCodecFactory[unsafe-io=true, cache-unknown-types=false]]" classname="io.hekate.rpc.internal.RpcUnicastTest" time="0.03"/>
  <testcase name="testAsyncResultAfterClientLeave[0: transport=NIO, codec-factory=KryoCodecFactory[unsafe-io=true, cache-unknown-types=false]]" classname="io.hekate.rpc.internal.RpcUnicastTest" time="0.024"/>
  <testcase name="testAsyncException[0: transport=NIO, codec-factory=KryoCodecFactory[unsafe-io=true, cache-unknown-types=false]]" classname="io.hekate.rpc.internal.RpcUnicastTest" time="0.029"/>
  <testcase name="testUncheckedException[0: transport=NIO, codec-factory=KryoCodecFactory[unsafe-io=true, cache-unknown-types=false]]" classname="io.hekate.rpc.internal.RpcUnicastTest" time="0.033"/>
  <testcase name="testNonSerializableException[0: transport=NIO, codec-factory=KryoCodecFactory[unsafe-io=true, cache-unknown-types=false]]" classname="io.hekate.rpc.internal.RpcUnicastTest" time="0.038"/>
  <testcase name="testNonDeserializableException[0: transport=NIO, codec-factory=KryoCodecFactory[unsafe-io=true, cache-unknown-types=false]]" classname="io.hekate.rpc.internal.RpcUnicastTest" time="0.036"/>
  <testcase name="testInheritedMethods[1: transport=NIO, codec-factory=FstCodecFactory[use-unsafe=true]]" classname="io.hekate.rpc.internal.RpcUnicastTest" time="0.143"/>
  <testcase name="testDefaultMethod[1: transport=NIO, codec-factory=FstCodecFactory[use-unsafe=true]]" classname="io.hekate.rpc.internal.RpcUnicastTest" time="0.095"/>
  <testcase name="testTag[1: transport=NIO, codec-factory=FstCodecFactory[use-unsafe=true]]" classname="io.hekate.rpc.internal.RpcUnicastTest" time="0.12"/>
  <testcase name="testError[1: transport=NIO, codec-factory=FstCodecFactory[use-unsafe=true]]" classname="io.hekate.rpc.internal.RpcUnicastTest" time="0.105"/>
  <testcase name="testNoArg[1: transport=NIO, codec-factory=FstCodecFactory[use-unsafe=true]]" classname="io.hekate.rpc.internal.RpcUnicastTest" time="0.105"/>
  <testcase name="testArgs[1: transport=NIO, codec-factory=FstCodecFactory[use-unsafe=true]]" classname="io.hekate.rpc.internal.RpcUnicastTest" time="0.129"/>
  <testcase name="testVoid[1: transport=NIO, codec-factory=FstCodecFactory[use-unsafe=true]]" classname="io.hekate.rpc.internal.RpcUnicastTest" time="0.096"/>
  <testcase name="testAffinityKey[1: transport=NIO, codec-factory=FstCodecFactory[use-unsafe=true]]" classname="io.hekate.rpc.internal.RpcUnicastTest" time="0.138"/>
  <testcase name="testAsyncNonNullResult[1: transport=NIO, codec-factory=FstCodecFactory[use-unsafe=true]]" classname="io.hekate.rpc.internal.RpcUnicastTest" time="0.103"/>
  <testcase name="testPartitions[1: transport=NIO, codec-factory=FstCodecFactory[use-unsafe=true]]" classname="io.hekate.rpc.internal.RpcUnicastTest" time="0.278"/>
  <testcase name="testAsyncNullResult[1: transport=NIO, codec-factory=FstCodecFactory[use-unsafe=true]]" classname="io.hekate.rpc.internal.RpcUnicastTest" time="0.109"/>
  <testcase name="testAsyncResultAfterServerLeave[1: transport=NIO, codec-factory=FstCodecFactory[use-unsafe=true]]" classname="io.hekate.rpc.internal.RpcUnicastTest" time="0.082"/>
  <testcase name="testNonSerializableResult[1: transport=NIO, codec-factory=FstCodecFactory[use-unsafe=true]]" classname="io.hekate.rpc.internal.RpcUnicastTest" time="0.099"/>
  <testcase name="testCheckedException[1: transport=NIO, codec-factory=FstCodecFactory[use-unsafe=true]]" classname="io.hekate.rpc.internal.RpcUnicastTest" time="0.14"/>
  <testcase name="testNonSerializableArg[1: transport=NIO, codec-factory=FstCodecFactory[use-unsafe=true]]" classname="io.hekate.rpc.internal.RpcUnicastTest" time="0.075"/>
  <testcase name="testAsyncResultAfterClientLeave[1: transport=NIO, codec-factory=FstCodecFactory[use-unsafe=true]]" classname="io.hekate.rpc.internal.RpcUnicastTest" time="0.135"/>
  <testcase name="testAsyncException[1: transport=NIO, codec-factory=FstCodecFactory[use-unsafe=true]]" classname="io.hekate.rpc.internal.RpcUnicastTest" time="0.083"/>
  <testcase name="testUncheckedException[1: transport=NIO, codec-factory=FstCodecFactory[use-unsafe=true]]" classname="io.hekate.rpc.internal.RpcUnicastTest" time="0.082"/>
  <testcase name="testNonSerializableException[1: transport=NIO, codec-factory=FstCodecFactory[use-unsafe=true]]" classname="io.hekate.rpc.internal.RpcUnicastTest" time="0.094"/>
  <testcase name="testNonDeserializableException[1: transport=NIO, codec-factory=FstCodecFactory[use-unsafe=true]]" classname="io.hekate.rpc.internal.RpcUnicastTest" time="0.088"/>
  <testcase name="testInheritedMethods[2: transport=NIO, codec-factory=JdkCodecFactory]" classname="io.hekate.rpc.internal.RpcUnicastTest" time="0.036"/>
  <testcase name="testDefaultMethod[2: transport=NIO, codec-factory=JdkCodecFactory]" classname="io.hekate.rpc.internal.RpcUnicastTest" time="0.023"/>
  <testcase name="testTag[2: transport=NIO, codec-factory=JdkCodecFactory]" classname="io.hekate.rpc.internal.RpcUnicastTest" time="0.042"/>
  <testcase name="testError[2: transport=NIO, codec-factory=JdkCodecFactory]" classname="io.hekate.rpc.internal.RpcUnicastTest" time="0.03"/>
  <testcase name="testNoArg[2: transport=NIO, codec-factory=JdkCodecFactory]" classname="io.hekate.rpc.internal.RpcUnicastTest" time="0.025"/>
  <testcase name="testArgs[2: transport=NIO, codec-factory=JdkCodecFactory]" classname="io.hekate.rpc.internal.RpcUnicastTest" time="0.051"/>
  <testcase name="testVoid[2: transport=NIO, codec-factory=JdkCodecFactory]" classname="io.hekate.rpc.internal.RpcUnicastTest" time="0.041"/>
  <testcase name="testAffinityKey[2: transport=NIO, codec-factory=JdkCodecFactory]" classname="io.hekate.rpc.internal.RpcUnicastTest" time="0.041"/>
  <testcase name="testAsyncNonNullResult[2: transport=NIO, codec-factory=JdkCodecFactory]" classname="io.hekate.rpc.internal.RpcUnicastTest" time="0.025"/>
  <testcase name="testPartitions[2: transport=NIO, codec-factory=JdkCodecFactory]" classname="io.hekate.rpc.internal.RpcUnicastTest" time="0.098"/>
  <testcase name="testAsyncNullResult[2: transport=NIO, codec-factory=JdkCodecFactory]" classname="io.hekate.rpc.internal.RpcUnicastTest" time="0.025"/>
  <testcase name="testAsyncResultAfterServerLeave[2: transport=NIO, codec-factory=JdkCodecFactory]" classname="io.hekate.rpc.internal.RpcUnicastTest" time="0.021"/>
  <testcase name="testNonSerializableResult[2: transport=NIO, codec-factory=JdkCodecFactory]" classname="io.hekate.rpc.internal.RpcUnicastTest" time="0.029"/>
  <testcase name="testCheckedException[2: transport=NIO, codec-factory=JdkCodecFactory]" classname="io.hekate.rpc.internal.RpcUnicastTest" time="0.043"/>
  <testcase name="testNonSerializableArg[2: transport=NIO, codec-factory=JdkCodecFactory]" classname="io.hekate.rpc.internal.RpcUnicastTest" time="0.024"/>
  <testcase name="testAsyncResultAfterClientLeave[2: transport=NIO, codec-factory=JdkCodecFactory]" classname="io.hekate.rpc.internal.RpcUnicastTest" time="0.023"/>
  <testcase name="testAsyncException[2: transport=NIO, codec-factory=JdkCodecFactory]" classname="io.hekate.rpc.internal.RpcUnicastTest" time="0.027"/>
  <testcase name="testUncheckedException[2: transport=NIO, codec-factory=JdkCodecFactory]" classname="io.hekate.rpc.internal.RpcUnicastTest" time="0.029"/>
  <testcase name="testNonSerializableException[2: transport=NIO, codec-factory=JdkCodecFactory]" classname="io.hekate.rpc.internal.RpcUnicastTest" time="0.046"/>
  <testcase name="testNonDeserializableException[2: transport=NIO, codec-factory=JdkCodecFactory]" classname="io.hekate.rpc.internal.RpcUnicastTest" time="0.031"/>
  <testcase name="testInheritedMethods[3: transport=NIO, ssl=JDK, codec-factory=KryoCodecFactory[unsafe-io=true, cache-unknown-types=false]]" classname="io.hekate.rpc.internal.RpcUnicastTest" time="0.078"/>
  <testcase name="testDefaultMethod[3: transport=NIO, ssl=JDK, codec-factory=KryoCodecFactory[unsafe-io=true, cache-unknown-types=false]]" classname="io.hekate.rpc.internal.RpcUnicastTest" time="0.063"/>
  <testcase name="testTag[3: transport=NIO, ssl=JDK, codec-factory=KryoCodecFactory[unsafe-io=true, cache-unknown-types=false]]" classname="io.hekate.rpc.internal.RpcUnicastTest" time="0.161"/>
  <testcase name="testError[3: transport=NIO, ssl=JDK, codec-factory=KryoCodecFactory[unsafe-io=true, cache-unknown-types=false]]" classname="io.hekate.rpc.internal.RpcUnicastTest" time="0.071"/>
  <testcase name="testNoArg[3: transport=NIO, ssl=JDK, codec-factory=KryoCodecFactory[unsafe-io=true, cache-unknown-types=false]]" classname="io.hekate.rpc.internal.RpcUnicastTest" time="0.061"/>
  <testcase name="testArgs[3: transport=NIO, ssl=JDK, codec-factory=KryoCodecFactory[unsafe-io=true, cache-unknown-types=false]]" classname="io.hekate.rpc.internal.RpcUnicastTest" time="0.057"/>
  <testcase name="testVoid[3: transport=NIO, ssl=JDK, codec-factory=KryoCodecFactory[unsafe-io=true, cache-unknown-types=false]]" classname="io.hekate.rpc.internal.RpcUnicastTest" time="0.065"/>
  <testcase name="testAffinityKey[3: transport=NIO, ssl=JDK, codec-factory=KryoCodecFactory[unsafe-io=true, cache-unknown-types=false]]" classname="io.hekate.rpc.internal.RpcUnicastTest" time="0.158"/>
  <testcase name="testAsyncNonNullResult[3: transport=NIO, ssl=JDK, codec-factory=KryoCodecFactory[unsafe-io=true, cache-unknown-types=false]]" classname="io.hekate.rpc.internal.RpcUnicastTest" time="0.067"/>
  <testcase name="testPartitions[3: transport=NIO, ssl=JDK, codec-factory=KryoCodecFactory[unsafe-io=true, cache-unknown-types=false]]" classname="io.hekate.rpc.internal.RpcUnicastTest" time="0.214"/>
  <testcase name="testAsyncNullResult[3: transport=NIO, ssl=JDK, codec-factory=KryoCodecFactory[unsafe-io=true, cache-unknown-types=false]]" classname="io.hekate.rpc.internal.RpcUnicastTest" time="0.057"/>
  <testcase name="testAsyncResultAfterServerLeave[3: transport=NIO, ssl=JDK, codec-factory=KryoCodecFactory[unsafe-io=true, cache-unknown-types=false]]" classname="io.hekate.rpc.internal.RpcUnicastTest" time="0.061"/>
  <testcase name="testNonSerializableResult[3: transport=NIO, ssl=JDK, codec-factory=KryoCodecFactory[unsafe-io=true, cache-unknown-types=false]]" classname="io.hekate.rpc.internal.RpcUnicastTest" time="0.071"/>
  <testcase name="testCheckedException[3: transport=NIO, ssl=JDK, codec-factory=KryoCodecFactory[unsafe-io=true, cache-unknown-types=false]]" classname="io.hekate.rpc.internal.RpcUnicastTest" time="0.071"/>
  <testcase name="testNonSerializableArg[3: transport=NIO, ssl=JDK, codec-factory=KryoCodecFactory[unsafe-io=true, cache-unknown-types=false]]" classname="io.hekate.rpc.internal.RpcUnicastTest" time="0.065"/>
  <testcase name="testAsyncResultAfterClientLeave[3: transport=NIO, ssl=JDK, codec-factory=KryoCodecFactory[unsafe-io=true, cache-unknown-types=false]]" classname="io.hekate.rpc.internal.RpcUnicastTest" time="0.062"/>
  <testcase name="testAsyncException[3: transport=NIO, ssl=JDK, codec-factory=KryoCodecFactory[unsafe-io=true, cache-unknown-types=false]]" classname="io.hekate.rpc.internal.RpcUnicastTest" time="0.099"/>
  <testcase name="testUncheckedException[3: transport=NIO, ssl=JDK, codec-factory=KryoCodecFactory[unsafe-io=true, cache-unknown-types=false]]" classname="io.hekate.rpc.internal.RpcUnicastTest" time="0.068"/>
  <testcase name="testNonSerializableException[3: transport=NIO, ssl=JDK, codec-factory=KryoCodecFactory[unsafe-io=true, cache-unknown-types=false]]" classname="io.hekate.rpc.internal.RpcUnicastTest" time="0.074"/>
  <testcase name="testNonDeserializableException[3: transport=NIO, ssl=JDK, codec-factory=KryoCodecFactory[unsafe-io=true, cache-unknown-types=false]]" classname="io.hekate.rpc.internal.RpcUnicastTest" time="0.074"/>
  <testcase name="testInheritedMethods[4: transport=NIO, ssl=JDK, codec-factory=FstCodecFactory[use-unsafe=true]]" classname="io.hekate.rpc.internal.RpcUnicastTest" time="0.214"/>
  <testcase name="testDefaultMethod[4: transport=NIO, ssl=JDK, codec-factory=FstCodecFactory[use-unsafe=true]]" classname="io.hekate.rpc.internal.RpcUnicastTest" time="0.128"/>
  <testcase name="testTag[4: transport=NIO, ssl=JDK, codec-factory=FstCodecFactory[use-unsafe=true]]" classname="io.hekate.rpc.internal.RpcUnicastTest" time="0.174"/>
  <testcase name="testError[4: transport=NIO, ssl=JDK, codec-factory=FstCodecFactory[use-unsafe=true]]" classname="io.hekate.rpc.internal.RpcUnicastTest" time="0.12"/>
  <testcase name="testNoArg[4: transport=NIO, ssl=JDK, codec-factory=FstCodecFactory[use-unsafe=true]]" classname="io.hekate.rpc.internal.RpcUnicastTest" time="0.139"/>
  <testcase name="testArgs[4: transport=NIO, ssl=JDK, codec-factory=FstCodecFactory[use-unsafe=true]]" classname="io.hekate.rpc.internal.RpcUnicastTest" time="0.142"/>
  <testcase name="testVoid[4: transport=NIO, ssl=JDK, codec-factory=FstCodecFactory[use-unsafe=true]]" classname="io.hekate.rpc.internal.RpcUnicastTest" time="0.162"/>
  <testcase name="testAffinityKey[4: transport=NIO, ssl=JDK, codec-factory=FstCodecFactory[use-unsafe=true]]" classname="io.hekate.rpc.internal.RpcUnicastTest" time="0.231"/>
  <testcase name="testAsyncNonNullResult[4: transport=NIO, ssl=JDK, codec-factory=FstCodecFactory[use-unsafe=true]]" classname="io.hekate.rpc.internal.RpcUnicastTest" time="0.129"/>
  <testcase name="testPartitions[4: transport=NIO, ssl=JDK, codec-factory=FstCodecFactory[use-unsafe=true]]" classname="io.hekate.rpc.internal.RpcUnicastTest" time="0.375"/>
  <testcase name="testAsyncNullResult[4: transport=NIO, ssl=JDK, codec-factory=FstCodecFactory[use-unsafe=true]]" classname="io.hekate.rpc.internal.RpcUnicastTest" time="0.12"/>
  <testcase name="testAsyncResultAfterServerLeave[4: transport=NIO, ssl=JDK, codec-factory=FstCodecFactory[use-unsafe=true]]" classname="io.hekate.rpc.internal.RpcUnicastTest" time="0.109"/>
  <testcase name="testNonSerializableResult[4: transport=NIO, ssl=JDK, codec-factory=FstCodecFactory[use-unsafe=true]]" classname="io.hekate.rpc.internal.RpcUnicastTest" time="0.122"/>
  <testcase name="testCheckedException[4: transport=NIO, ssl=JDK, codec-factory=FstCodecFactory[use-unsafe=true]]" classname="io.hekate.rpc.internal.RpcUnicastTest" time="0.143"/>
  <testcase name="testNonSerializableArg[4: transport=NIO, ssl=JDK, codec-factory=FstCodecFactory[use-unsafe=true]]" classname="io.hekate.rpc.internal.RpcUnicastTest" time="0.123"/>
  <testcase name="testAsyncResultAfterClientLeave[4: transport=NIO, ssl=JDK, codec-factory=FstCodecFactory[use-unsafe=true]]" classname="io.hekate.rpc.internal.RpcUnicastTest" time="0.102"/>
  <testcase name="testAsyncException[4: transport=NIO, ssl=JDK, codec-factory=FstCodecFactory[use-unsafe=true]]" classname="io.hekate.rpc.internal.RpcUnicastTest" time="0.136"/>
  <testcase name="testUncheckedException[4: transport=NIO, ssl=JDK, codec-factory=FstCodecFactory[use-unsafe=true]]" classname="io.hekate.rpc.internal.RpcUnicastTest" time="0.133"/>
  <testcase name="testNonSerializableException[4: transport=NIO, ssl=JDK, codec-factory=FstCodecFactory[use-unsafe=true]]" classname="io.hekate.rpc.internal.RpcUnicastTest" time="0.107"/>
  <testcase name="testNonDeserializableException[4: transport=NIO, ssl=JDK, codec-factory=FstCodecFactory[use-unsafe=true]]" classname="io.hekate.rpc.internal.RpcUnicastTest" time="0.129"/>
  <testcase name="testInheritedMethods[5: transport=NIO, ssl=JDK, codec-factory=JdkCodecFactory]" classname="io.hekate.rpc.internal.RpcUnicastTest" time="0.076"/>
  <testcase name="testDefaultMethod[5: transport=NIO, ssl=JDK, codec-factory=JdkCodecFactory]" classname="io.hekate.rpc.internal.RpcUnicastTest" time="0.063"/>
  <testcase name="testTag[5: transport=NIO, ssl=JDK, codec-factory=JdkCodecFactory]" classname="io.hekate.rpc.internal.RpcUnicastTest" time="0.228"/>
  <testcase name="testError[5: transport=NIO, ssl=JDK, codec-factory=JdkCodecFactory]" classname="io.hekate.rpc.internal.RpcUnicastTest" time="0.091"/>
  <testcase name="testNoArg[5: transport=NIO, ssl=JDK, codec-factory=JdkCodecFactory]" classname="io.hekate.rpc.internal.RpcUnicastTest" time="0.062"/>
  <testcase name="testArgs[5: transport=NIO, ssl=JDK, codec-factory=JdkCodecFactory]" classname="io.hekate.rpc.internal.RpcUnicastTest" time="0.053"/>
  <testcase name="testVoid[5: transport=NIO, ssl=JDK, codec-factory=JdkCodecFactory]" classname="io.hekate.rpc.internal.RpcUnicastTest" time="0.048"/>
  <testcase name="testAffinityKey[5: transport=NIO, ssl=JDK, codec-factory=JdkCodecFactory]" classname="io.hekate.rpc.internal.RpcUnicastTest" time="0.158"/>
  <testcase name="testAsyncNonNullResult[5: transport=NIO, ssl=JDK, codec-factory=JdkCodecFactory]" classname="io.hekate.rpc.internal.RpcUnicastTest" time="0.062"/>
  <testcase name="testPartitions[5: transport=NIO, ssl=JDK, codec-factory=JdkCodecFactory]" classname="io.hekate.rpc.internal.RpcUnicastTest" time="0.201"/>
  <testcase name="testAsyncNullResult[5: transport=NIO, ssl=JDK, codec-factory=JdkCodecFactory]" classname="io.hekate.rpc.internal.RpcUnicastTest" time="0.064"/>
  <testcase name="testAsyncResultAfterServerLeave[5: transport=NIO, ssl=JDK, codec-factory=JdkCodecFactory]" classname="io.hekate.rpc.internal.RpcUnicastTest" time="0.062"/>
  <testcase name="testNonSerializableResult[5: transport=NIO, ssl=JDK, codec-factory=JdkCodecFactory]" classname="io.hekate.rpc.internal.RpcUnicastTest" time="0.07"/>
  <testcase name="testCheckedException[5: transport=NIO, ssl=JDK, codec-factory=JdkCodecFactory]" classname="io.hekate.rpc.internal.RpcUnicastTest" time="0.07"/>
  <testcase name="testNonSerializableArg[5: transport=NIO, ssl=JDK, codec-factory=JdkCodecFactory]" classname="io.hekate.rpc.internal.RpcUnicastTest" time="0.063"/>
  <testcase name="testAsyncResultAfterClientLeave[5: transport=NIO, ssl=JDK, codec-factory=JdkCodecFactory]" classname="io.hekate.rpc.internal.RpcUnicastTest" time="0.062"/>
  <testcase name="testAsyncException[5: transport=NIO, ssl=JDK, codec-factory=JdkCodecFactory]" classname="io.hekate.rpc.internal.RpcUnicastTest" time="0.067"/>
  <testcase name="testUncheckedException[5: transport=NIO, ssl=JDK, codec-factory=JdkCodecFactory]" classname="io.hekate.rpc.internal.RpcUnicastTest" time="0.069"/>
  <testcase name="testNonSerializableException[5: transport=NIO, ssl=JDK, codec-factory=JdkCodecFactory]" classname="io.hekate.rpc.internal.RpcUnicastTest" time="0.114"/>
  <testcase name="testNonDeserializableException[5: transport=NIO, ssl=JDK, codec-factory=JdkCodecFactory]" classname="io.hekate.rpc.internal.RpcUnicastTest" time="0.073"/>
  <testcase name="testInheritedMethods[6: transport=NIO, ssl=OPEN_SSL, codec-factory=KryoCodecFactory[unsafe-io=true, cache-unknown-types=false]]" classname="io.hekate.rpc.internal.RpcUnicastTest" time="0.059"/>
  <testcase name="testDefaultMethod[6: transport=NIO, ssl=OPEN_SSL, codec-factory=KryoCodecFactory[unsafe-io=true, cache-unknown-types=false]]" classname="io.hekate.rpc.internal.RpcUnicastTest" time="0.046"/>
  <testcase name="testTag[6: transport=NIO, ssl=OPEN_SSL, codec-factory=KryoCodecFactory[unsafe-io=true, cache-unknown-types=false]]" classname="io.hekate.rpc.internal.RpcUnicastTest" time="0.105"/>
  <testcase name="testError[6: transport=NIO, ssl=OPEN_SSL, codec-factory=KryoCodecFactory[unsafe-io=true, cache-unknown-types=false]]" classname="io.hekate.rpc.internal.RpcUnicastTest" time="0.05"/>
  <testcase name="testNoArg[6: transport=NIO, ssl=OPEN_SSL, codec-factory=KryoCodecFactory[unsafe-io=true, cache-unknown-types=false]]" classname="io.hekate.rpc.internal.RpcUnicastTest" time="0.045"/>
  <testcase name="testArgs[6: transport=NIO, ssl=OPEN_SSL, codec-factory=KryoCodecFactory[unsafe-io=true, cache-unknown-types=false]]" classname="io.hekate.rpc.internal.RpcUnicastTest" time="0.067"/>
  <testcase name="testVoid[6: transport=NIO, ssl=OPEN_SSL, codec-factory=KryoCodecFactory[unsafe-io=true, cache-unknown-types=false]]" classname="io.hekate.rpc.internal.RpcUnicastTest" time="0.045"/>
  <testcase name="testAffinityKey[6: transport=NIO, ssl=OPEN_SSL, codec-factory=KryoCodecFactory[unsafe-io=true, cache-unknown-types=false]]" classname="io.hekate.rpc.internal.RpcUnicastTest" time="0.121"/>
  <testcase name="testAsyncNonNullResult[6: transport=NIO, ssl=OPEN_SSL, codec-factory=KryoCodecFactory[unsafe-io=true, cache-unknown-types=false]]" classname="io.hekate.rpc.internal.RpcUnicastTest" time="0.046"/>
  <testcase name="testPartitions[6: transport=NIO, ssl=OPEN_SSL, codec-factory=KryoCodecFactory[unsafe-io=true, cache-unknown-types=false]]" classname="io.hekate.rpc.internal.RpcUnicastTest" time="0.152"/>
  <testcase name="testAsyncNullResult[6: transport=NIO, ssl=OPEN_SSL, codec-factory=KryoCodecFactory[unsafe-io=true, cache-unknown-types=false]]" classname="io.hekate.rpc.internal.RpcUnicastTest" time="0.046"/>
  <testcase name="testAsyncResultAfterServerLeave[6: transport=NIO, ssl=OPEN_SSL, codec-factory=KryoCodecFactory[unsafe-io=true, cache-unknown-types=false]]" classname="io.hekate.rpc.internal.RpcUnicastTest" time="0.042"/>
  <testcase name="testNonSerializableResult[6: transport=NIO, ssl=OPEN_SSL, codec-factory=KryoCodecFactory[unsafe-io=true, cache-unknown-types=false]]" classname="io.hekate.rpc.internal.RpcUnicastTest" time="0.05"/>
  <testcase name="testCheckedException[6: transport=NIO, ssl=OPEN_SSL, codec-factory=KryoCodecFactory[unsafe-io=true, cache-unknown-types=false]]" classname="io.hekate.rpc.internal.RpcUnicastTest" time="0.049"/>
  <testcase name="testNonSerializableArg[6: transport=NIO, ssl=OPEN_SSL, codec-factory=KryoCodecFactory[unsafe-io=true, cache-unknown-types=false]]" classname="io.hekate.rpc.internal.RpcUnicastTest" time="0.042"/>
  <testcase name="testAsyncResultAfterClientLeave[6: transport=NIO, ssl=OPEN_SSL, codec-factory=KryoCodecFactory[unsafe-io=true, cache-unknown-types=false]]" classname="io.hekate.rpc.internal.RpcUnicastTest" time="0.043"/>
  <testcase name="testAsyncException[6: transport=NIO, ssl=OPEN_SSL, codec-factory=KryoCodecFactory[unsafe-io=true, cache-unknown-types=false]]" classname="io.hekate.rpc.internal.RpcUnicastTest" time="0.047"/>
  <testcase name="testUncheckedException[6: transport=NIO, ssl=OPEN_SSL, codec-factory=KryoCodecFactory[unsafe-io=true, cache-unknown-types=false]]" classname="io.hekate.rpc.internal.RpcUnicastTest" time="0.049"/>
  <testcase name="testNonSerializableException[6: transport=NIO, ssl=OPEN_SSL, codec-factory=KryoCodecFactory[unsafe-io=true, cache-unknown-types=false]]" classname="io.hekate.rpc.internal.RpcUnicastTest" time="0.052"/>
  <testcase name="testNonDeserializableException[6: transport=NIO, ssl=OPEN_SSL, codec-factory=KryoCodecFactory[unsafe-io=true, cache-unknown-types=false]]" classname="io.hekate.rpc.internal.RpcUnicastTest" time="0.052"/>
  <testcase name="testInheritedMethods[7: transport=NIO, ssl=OPEN_SSL, codec-factory=FstCodecFactory[use-unsafe=true]]" classname="io.hekate.rpc.internal.RpcUnicastTest" time="0.18"/>
  <testcase name="testDefaultMethod[7: transport=NIO, ssl=OPEN_SSL, codec-factory=FstCodecFactory[use-unsafe=true]]" classname="io.hekate.rpc.internal.RpcUnicastTest" time="0.119"/>
  <testcase name="testTag[7: transport=NIO, ssl=OPEN_SSL, codec-factory=FstCodecFactory[use-unsafe=true]]" classname="io.hekate.rpc.internal.RpcUnicastTest" time="0.168"/>
  <testcase name="testError[7: transport=NIO, ssl=OPEN_SSL, codec-factory=FstCodecFactory[use-unsafe=true]]" classname="io.hekate.rpc.internal.RpcUnicastTest" time="0.129"/>
  <testcase name="testNoArg[7: transport=NIO, ssl=OPEN_SSL, codec-factory=FstCodecFactory[use-unsafe=true]]" classname="io.hekate.rpc.internal.RpcUnicastTest" time="0.108"/>
  <testcase name="testArgs[7: transport=NIO, ssl=OPEN_SSL, codec-factory=FstCodecFactory[use-unsafe=true]]" classname="io.hekate.rpc.internal.RpcUnicastTest" time="0.131"/>
  <testcase name="testVoid[7: transport=NIO, ssl=OPEN_SSL, codec-factory=FstCodecFactory[use-unsafe=true]]" classname="io.hekate.rpc.internal.RpcUnicastTest" time="0.119"/>
  <testcase name="testAffinityKey[7: transport=NIO, ssl=OPEN_SSL, codec-factory=FstCodecFactory[use-unsafe=true]]" classname="io.hekate.rpc.internal.RpcUnicastTest" time="0.165"/>
  <testcase name="testAsyncNonNullResult[7: transport=NIO, ssl=OPEN_SSL, codec-factory=FstCodecFactory[use-unsafe=true]]" classname="io.hekate.rpc.internal.RpcUnicastTest" time="0.105"/>
  <testcase name="testPartitions[7: transport=NIO, ssl=OPEN_SSL, codec-factory=FstCodecFactory[use-unsafe=true]]" classname="io.hekate.rpc.internal.RpcUnicastTest" time="0.29"/>
  <testcase name="testAsyncNullResult[7: transport=NIO, ssl=OPEN_SSL, codec-factory=FstCodecFactory[use-unsafe=true]]" classname="io.hekate.rpc.internal.RpcUnicastTest" time="0.118"/>
  <testcase name="testAsyncResultAfterServerLeave[7: transport=NIO, ssl=OPEN_SSL, codec-factory=FstCodecFactory[use-unsafe=true]]" classname="io.hekate.rpc.internal.RpcUnicastTest" time="0.093"/>
  <testcase name="testNonSerializableResult[7: transport=NIO, ssl=OPEN_SSL, codec-factory=FstCodecFactory[use-unsafe=true]]" classname="io.hekate.rpc.internal.RpcUnicastTest" time="0.109"/>
  <testcase name="testCheckedException[7: transport=NIO, ssl=OPEN_SSL, codec-factory=FstCodecFactory[use-unsafe=true]]" classname="io.hekate.rpc.internal.RpcUnicastTest" time="0.121"/>
  <testcase name="testNonSerializableArg[7: transport=NIO, ssl=OPEN_SSL, codec-factory=FstCodecFactory[use-unsafe=true]]" classname="io.hekate.rpc.internal.RpcUnicastTest" time="0.107"/>
  <testcase name="testAsyncResultAfterClientLeave[7: transport=NIO, ssl=OPEN_SSL, codec-factory=FstCodecFactory[use-unsafe=true]]" classname="io.hekate.rpc.internal.RpcUnicastTest" time="0.096"/>
  <testcase name="testAsyncException[7: transport=NIO, ssl=OPEN_SSL, codec-factory=FstCodecFactory[use-unsafe=true]]" classname="io.hekate.rpc.internal.RpcUnicastTest" time="0.124"/>
  <testcase name="testUncheckedException[7: transport=NIO, ssl=OPEN_SSL, codec-factory=FstCodecFactory[use-unsafe=true]]" classname="io.hekate.rpc.internal.RpcUnicastTest" time="0.128"/>
  <testcase name="testNonSerializableException[7: transport=NIO, ssl=OPEN_SSL, codec-factory=FstCodecFactory[use-unsafe=true]]" classname="io.hekate.rpc.internal.RpcUnicastTest" time="0.103"/>
  <testcase name="testNonDeserializableException[7: transport=NIO, ssl=OPEN_SSL, codec-factory=FstCodecFactory[use-unsafe=true]]" classname="io.hekate.rpc.internal.RpcUnicastTest" time="0.11"/>
  <testcase name="testInheritedMethods[8: transport=NIO, ssl=OPEN_SSL, codec-factory=JdkCodecFactory]" classname="io.hekate.rpc.internal.RpcUnicastTest" time="0.052"/>
  <testcase name="testDefaultMethod[8: transport=NIO, ssl=OPEN_SSL, codec-factory=JdkCodecFactory]" classname="io.hekate.rpc.internal.RpcUnicastTest" time="0.044"/>
  <testcase name="testTag[8: transport=NIO, ssl=OPEN_SSL, codec-factory=JdkCodecFactory]" classname="io.hekate.rpc.internal.RpcUnicastTest" time="0.083"/>
  <testcase name="testError[8: transport=NIO, ssl=OPEN_SSL, codec-factory=JdkCodecFactory]" classname="io.hekate.rpc.internal.RpcUnicastTest" time="0.046"/>
  <testcase name="testNoArg[8: transport=NIO, ssl=OPEN_SSL, codec-factory=JdkCodecFactory]" classname="io.hekate.rpc.internal.RpcUnicastTest" time="0.042"/>
  <testcase name="testArgs[8: transport=NIO, ssl=OPEN_SSL, codec-factory=JdkCodecFactory]" classname="io.hekate.rpc.internal.RpcUnicastTest" time="0.044"/>
  <testcase name="testVoid[8: transport=NIO, ssl=OPEN_SSL, codec-factory=JdkCodecFactory]" classname="io.hekate.rpc.internal.RpcUnicastTest" time="0.064"/>
  <testcase name="testAffinityKey[8: transport=NIO, ssl=OPEN_SSL, codec-factory=JdkCodecFactory]" classname="io.hekate.rpc.internal.RpcUnicastTest" time="0.083"/>
  <testcase name="testAsyncNonNullResult[8: transport=NIO, ssl=OPEN_SSL, codec-factory=JdkCodecFactory]" classname="io.hekate.rpc.internal.RpcUnicastTest" time="0.045"/>
  <testcase name="testPartitions[8: transport=NIO, ssl=OPEN_SSL, codec-factory=JdkCodecFactory]" classname="io.hekate.rpc.internal.RpcUnicastTest" time="0.131"/>
  <testcase name="testAsyncNullResult[8: transport=NIO, ssl=OPEN_SSL, codec-factory=JdkCodecFactory]" classname="io.hekate.rpc.internal.RpcUnicastTest" time="0.044"/>
  <testcase name="testAsyncResultAfterServerLeave[8: transport=NIO, ssl=OPEN_SSL, codec-factory=JdkCodecFactory]" classname="io.hekate.rpc.internal.RpcUnicastTest" time="0.041"/>
  <testcase name="testNonSerializableResult[8: transport=NIO, ssl=OPEN_SSL, codec-factory=JdkCodecFactory]" classname="io.hekate.rpc.internal.RpcUnicastTest" time="0.048"/>
  <testcase name="testCheckedException[8: transport=NIO, ssl=OPEN_SSL, codec-factory=JdkCodecFactory]" classname="io.hekate.rpc.internal.RpcUnicastTest" time="0.049"/>
  <testcase name="testNonSerializableArg[8: transport=NIO, ssl=OPEN_SSL, codec-factory=JdkCodecFactory]" classname="io.hekate.rpc.internal.RpcUnicastTest" time="0.04"/>
  <testcase name="testAsyncResultAfterClientLeave[8: transport=NIO, ssl=OPEN_SSL, codec-factory=JdkCodecFactory]" classname="io.hekate.rpc.internal.RpcUnicastTest" time="0.041"/>
  <testcase name="testAsyncException[8: transport=NIO, ssl=OPEN_SSL, codec-factory=JdkCodecFactory]" classname="io.hekate.rpc.internal.RpcUnicastTest" time="0.046"/>
  <testcase name="testUncheckedException[8: transport=NIO, ssl=OPEN_SSL, codec-factory=JdkCodecFactory]" classname="io.hekate.rpc.internal.RpcUnicastTest" time="0.05"/>
  <testcase name="testNonSerializableException[8: transport=NIO, ssl=OPEN_SSL, codec-factory=JdkCodecFactory]" classname="io.hekate.rpc.internal.RpcUnicastTest" time="0.049"/>
  <testcase name="testNonDeserializableException[8: transport=NIO, ssl=OPEN_SSL, codec-factory=JdkCodecFactory]" classname="io.hekate.rpc.internal.RpcUnicastTest" time="0.049"/>
  <testcase name="testInheritedMethods[9: transport=EPOLL, codec-factory=KryoCodecFactory[unsafe-io=true, cache-unknown-types=false]]" classname="io.hekate.rpc.internal.RpcUnicastTest" time="0.037"/>
  <testcase name="testDefaultMethod[9: transport=EPOLL, codec-factory=KryoCodecFactory[unsafe-io=true, cache-unknown-types=false]]" classname="io.hekate.rpc.internal.RpcUnicastTest" time="0.025"/>
  <testcase name="testTag[9: transport=EPOLL, codec-factory=KryoCodecFactory[unsafe-io=true, cache-unknown-types=false]]" classname="io.hekate.rpc.internal.RpcUnicastTest" time="0.08"/>
  <testcase name="testError[9: transport=EPOLL, codec-factory=KryoCodecFactory[unsafe-io=true, cache-unknown-types=false]]" classname="io.hekate.rpc.internal.RpcUnicastTest" time="0.029"/>
  <testcase name="testNoArg[9: transport=EPOLL, codec-factory=KryoCodecFactory[unsafe-io=true, cache-unknown-types=false]]" classname="io.hekate.rpc.internal.RpcUnicastTest" time="0.024"/>
  <testcase name="testArgs[9: transport=EPOLL, codec-factory=KryoCodecFactory[unsafe-io=true, cache-unknown-types=false]]" classname="io.hekate.rpc.internal.RpcUnicastTest" time="0.022"/>
  <testcase name="testVoid[9: transport=EPOLL, codec-factory=KryoCodecFactory[unsafe-io=true, cache-unknown-types=false]]" classname="io.hekate.rpc.internal.RpcUnicastTest" time="0.022"/>
  <testcase name="testAffinityKey[9: transport=EPOLL, codec-factory=KryoCodecFactory[unsafe-io=true, cache-unknown-types=false]]" classname="io.hekate.rpc.internal.RpcUnicastTest" time="1.039"/>
  <testcase name="testAsyncNonNullResult[9: transport=EPOLL, codec-factory=KryoCodecFactory[unsafe-io=true, cache-unknown-types=false]]" classname="io.hekate.rpc.internal.RpcUnicastTest" time="0.026"/>
  <testcase name="testPartitions[9: transport=EPOLL, codec-factory=KryoCodecFactory[unsafe-io=true, cache-unknown-types=false]]" classname="io.hekate.rpc.internal.RpcUnicastTest" time="0.089"/>
  <testcase name="testAsyncNullResult[9: transport=EPOLL, codec-factory=KryoCodecFactory[unsafe-io=true, cache-unknown-types=false]]" classname="io.hekate.rpc.internal.RpcUnicastTest" time="0.027"/>
  <testcase name="testAsyncResultAfterServerLeave[9: transport=EPOLL, codec-factory=KryoCodecFactory[unsafe-io=true, cache-unknown-types=false]]" classname="io.hekate.rpc.internal.RpcUnicastTest" time="0.023"/>
  <testcase name="testNonSerializableResult[9: transport=EPOLL, codec-factory=KryoCodecFactory[unsafe-io=true, cache-unknown-types=false]]" classname="io.hekate.rpc.internal.RpcUnicastTest" time="0.031"/>
  <testcase name="testCheckedException[9: transport=EPOLL, codec-factory=KryoCodecFactory[unsafe-io=true, cache-unknown-types=false]]" classname="io.hekate.rpc.internal.RpcUnicastTest" time="0.03"/>
  <testcase name="testNonSerializableArg[9: transport=EPOLL, codec-factory=KryoCodecFactory[unsafe-io=true, cache-unknown-types=false]]" classname="io.hekate.rpc.internal.RpcUnicastTest" time="0.026"/>
  <testcase name="testAsyncResultAfterClientLeave[9: transport=EPOLL, codec-factory=KryoCodecFactory[unsafe-io=true, cache-unknown-types=false]]" classname="io.hekate.rpc.internal.RpcUnicastTest" time="0.023"/>
  <testcase name="testAsyncException[9: transport=EPOLL, codec-factory=KryoCodecFactory[unsafe-io=true, cache-unknown-types=false]]" classname="io.hekate.rpc.internal.RpcUnicastTest" time="0.027"/>
  <testcase name="testUncheckedException[9: transport=EPOLL, codec-factory=KryoCodecFactory[unsafe-io=true, cache-unknown-types=false]]" classname="io.hekate.rpc.internal.RpcUnicastTest" time="0.029"/>
  <testcase name="testNonSerializableException[9: transport=EPOLL, codec-factory=KryoCodecFactory[unsafe-io=true, cache-unknown-types=false]]" classname="io.hekate.rpc.internal.RpcUnicastTest" time="0.03"/>
  <testcase name="testNonDeserializableException[9: transport=EPOLL, codec-factory=KryoCodecFactory[unsafe-io=true, cache-unknown-types=false]]" classname="io.hekate.rpc.internal.RpcUnicastTest" time="0.031"/>
  <testcase name="testInheritedMethods[10: transport=EPOLL, codec-factory=FstCodecFactory[use-unsafe=true]]" classname="io.hekate.rpc.internal.RpcUnicastTest" time="0.211"/>
  <testcase name="testDefaultMethod[10: transport=EPOLL, codec-factory=FstCodecFactory[use-unsafe=true]]" classname="io.hekate.rpc.internal.RpcUnicastTest" time="0.105"/>
  <testcase name="testTag[10: transport=EPOLL, codec-factory=FstCodecFactory[use-unsafe=true]]" classname="io.hekate.rpc.internal.RpcUnicastTest" time="0.14"/>
  <testcase name="testError[10: transport=EPOLL, codec-factory=FstCodecFactory[use-unsafe=true]]" classname="io.hekate.rpc.internal.RpcUnicastTest" time="0.119"/>
  <testcase name="testNoArg[10: transport=EPOLL, codec-factory=FstCodecFactory[use-unsafe=true]]" classname="io.hekate.rpc.internal.RpcUnicastTest" time="0.11"/>
  <testcase name="testArgs[10: transport=EPOLL, codec-factory=FstCodecFactory[use-unsafe=true]]" classname="io.hekate.rpc.internal.RpcUnicastTest" time="0.107"/>
  <testcase name="testVoid[10: transport=EPOLL, codec-factory=FstCodecFactory[use-unsafe=true]]" classname="io.hekate.rpc.internal.RpcUnicastTest" time="0.105"/>
  <testcase name="testAffinityKey[10: transport=EPOLL, codec-factory=FstCodecFactory[use-unsafe=true]]" classname="io.hekate.rpc.internal.RpcUnicastTest" time="0.141"/>
  <testcase name="testAsyncNonNullResult[10: transport=EPOLL, codec-factory=FstCodecFactory[use-unsafe=true]]" classname="io.hekate.rpc.internal.RpcUnicastTest" time="0.106"/>
  <testcase name="testPartitions[10: transport=EPOLL, codec-factory=FstCodecFactory[use-unsafe=true]]" classname="io.hekate.rpc.internal.RpcUnicastTest" time="0.267"/>
  <testcase name="testAsyncNullResult[10: transport=EPOLL, codec-factory=FstCodecFactory[use-unsafe=true]]" classname="io.hekate.rpc.internal.RpcUnicastTest" time="0.108"/>
  <testcase name="testAsyncResultAfterServerLeave[10: transport=EPOLL, codec-factory=FstCodecFactory[use-unsafe=true]]" classname="io.hekate.rpc.internal.RpcUnicastTest" time="0.081"/>
  <testcase name="testNonSerializableResult[10: transport=EPOLL, codec-factory=FstCodecFactory[use-unsafe=true]]" classname="io.hekate.rpc.internal.RpcUnicastTest" time="0.094"/>
  <testcase name="testCheckedException[10: transport=EPOLL, codec-factory=FstCodecFactory[use-unsafe=true]]" classname="io.hekate.rpc.internal.RpcUnicastTest" time="0.111"/>
  <testcase name="testNonSerializableArg[10: transport=EPOLL, codec-factory=FstCodecFactory[use-unsafe=true]]" classname="io.hekate.rpc.internal.RpcUnicastTest" time="0.07"/>
  <testcase name="testAsyncResultAfterClientLeave[10: transport=EPOLL, codec-factory=FstCodecFactory[use-unsafe=true]]" classname="io.hekate.rpc.internal.RpcUnicastTest" time="0.08"/>
  <testcase name="testAsyncException[10: transport=EPOLL, codec-factory=FstCodecFactory[use-unsafe=true]]" classname="io.hekate.rpc.internal.RpcUnicastTest" time="0.093"/>
  <testcase name="testUncheckedException[10: transport=EPOLL, codec-factory=FstCodecFactory[use-unsafe=true]]" classname="io.hekate.rpc.internal.RpcUnicastTest" time="0.1"/>
  <testcase name="testNonSerializableException[10: transport=EPOLL, codec-factory=FstCodecFactory[use-unsafe=true]]" classname="io.hekate.rpc.internal.RpcUnicastTest" time="0.076"/>
  <testcase name="testNonDeserializableException[10: transport=EPOLL, codec-factory=FstCodecFactory[use-unsafe=true]]" classname="io.hekate.rpc.internal.RpcUnicastTest" time="0.097"/>
  <testcase name="testInheritedMethods[11: transport=EPOLL, codec-factory=JdkCodecFactory]" classname="io.hekate.rpc.internal.RpcUnicastTest" time="0.035"/>
  <testcase name="testDefaultMethod[11: transport=EPOLL, codec-factory=JdkCodecFactory]" classname="io.hekate.rpc.internal.RpcUnicastTest" time="0.023"/>
  <testcase name="testTag[11: transport=EPOLL, codec-factory=JdkCodecFactory]" classname="io.hekate.rpc.internal.RpcUnicastTest" time="0.046"/>
  <testcase name="testError[11: transport=EPOLL, codec-factory=JdkCodecFactory]" classname="io.hekate.rpc.internal.RpcUnicastTest" time="0.027"/>
  <testcase name="testNoArg[11: transport=EPOLL, codec-factory=JdkCodecFactory]" classname="io.hekate.rpc.internal.RpcUnicastTest" time="0.024"/>
  <testcase name="testArgs[11: transport=EPOLL, codec-factory=JdkCodecFactory]" classname="io.hekate.rpc.internal.RpcUnicastTest" time="0.026"/>
  <testcase name="testVoid[11: transport=EPOLL, codec-factory=JdkCodecFactory]" classname="io.hekate.rpc.internal.RpcUnicastTest" time="0.025"/>
  <testcase name="testAffinityKey[11: transport=EPOLL, codec-factory=JdkCodecFactory]" classname="io.hekate.rpc.internal.RpcUnicastTest" time="0.046"/>
  <testcase name="testAsyncNonNullResult[11: transport=EPOLL, codec-factory=JdkCodecFactory]" classname="io.hekate.rpc.internal.RpcUnicastTest" time="0.025"/>
  <testcase name="testPartitions[11: transport=EPOLL, codec-factory=JdkCodecFactory]" classname="io.hekate.rpc.internal.RpcUnicastTest" time="0.086"/>
  <testcase name="testAsyncNullResult[11: transport=EPOLL, codec-factory=JdkCodecFactory]" classname="io.hekate.rpc.internal.RpcUnicastTest" time="0.026"/>
  <testcase name="testAsyncResultAfterServerLeave[11: transport=EPOLL, codec-factory=JdkCodecFactory]" classname="io.hekate.rpc.internal.RpcUnicastTest" time="0.023"/>
  <testcase name="testNonSerializableResult[11: transport=EPOLL, codec-factory=JdkCodecFactory]" classname="io.hekate.rpc.internal.RpcUnicastTest" time="0.058"/>
  <testcase name="testCheckedException[11: transport=EPOLL, codec-factory=JdkCodecFactory]" classname="io.hekate.rpc.internal.RpcUnicastTest" time="0.03"/>
  <testcase name="testNonSerializableArg[11: transport=EPOLL, codec-factory=JdkCodecFactory]" classname="io.hekate.rpc.internal.RpcUnicastTest" time="0.025"/>
  <testcase name="testAsyncResultAfterClientLeave[11: transport=EPOLL, codec-factory=JdkCodecFactory]" classname="io.hekate.rpc.internal.RpcUnicastTest" time="0.022"/>
  <testcase name="testAsyncException[11: transport=EPOLL, codec-factory=JdkCodecFactory]" classname="io.hekate.rpc.internal.RpcUnicastTest" time="0.027"/>
  <testcase name="testUncheckedException[11: transport=EPOLL, codec-factory=JdkCodecFactory]" classname="io.hekate.rpc.internal.RpcUnicastTest" time="0.031"/>
  <testcase name="testNonSerializableException[11: transport=EPOLL, codec-factory=JdkCodecFactory]" classname="io.hekate.rpc.internal.RpcUnicastTest" time="0.03"/>
  <testcase name="testNonDeserializableException[11: transport=EPOLL, codec-factory=JdkCodecFactory]" classname="io.hekate.rpc.internal.RpcUnicastTest" time="0.029"/>
  <testcase name="testInheritedMethods[12: transport=EPOLL, ssl=JDK, codec-factory=KryoCodecFactory[unsafe-io=true, cache-unknown-types=false]]" classname="io.hekate.rpc.internal.RpcUnicastTest" time="0.08"/>
  <testcase name="testDefaultMethod[12: transport=EPOLL, ssl=JDK, codec-factory=KryoCodecFactory[unsafe-io=true, cache-unknown-types=false]]" classname="io.hekate.rpc.internal.RpcUnicastTest" time="0.064"/>
  <testcase name="testTag[12: transport=EPOLL, ssl=JDK, codec-factory=KryoCodecFactory[unsafe-io=true, cache-unknown-types=false]]" classname="io.hekate.rpc.internal.RpcUnicastTest" time="0.161"/>
  <testcase name="testError[12: transport=EPOLL, ssl=JDK, codec-factory=KryoCodecFactory[unsafe-io=true, cache-unknown-types=false]]" classname="io.hekate.rpc.internal.RpcUnicastTest" time="0.069"/>
  <testcase name="testNoArg[12: transport=EPOLL, ssl=JDK, codec-factory=KryoCodecFactory[unsafe-io=true, cache-unknown-types=false]]" classname="io.hekate.rpc.internal.RpcUnicastTest" time="0.066"/>
  <testcase name="testArgs[12: transport=EPOLL, ssl=JDK, codec-factory=KryoCodecFactory[unsafe-io=true, cache-unknown-types=false]]" classname="io.hekate.rpc.internal.RpcUnicastTest" time="0.067"/>
  <testcase name="testVoid[12: transport=EPOLL, ssl=JDK, codec-factory=KryoCodecFactory[unsafe-io=true, cache-unknown-types=false]]" classname="io.hekate.rpc.internal.RpcUnicastTest" time="0.065"/>
  <testcase name="testAffinityKey[12: transport=EPOLL, ssl=JDK, codec-factory=KryoCodecFactory[unsafe-io=true, cache-unknown-types=false]]" classname="io.hekate.rpc.internal.RpcUnicastTest" time="0.158"/>
  <testcase name="testAsyncNonNullResult[12: transport=EPOLL, ssl=JDK, codec-factory=KryoCodecFactory[unsafe-io=true, cache-unknown-types=false]]" classname="io.hekate.rpc.internal.RpcUnicastTest" time="0.066"/>
  <testcase name="testPartitions[12: transport=EPOLL, ssl=JDK, codec-factory=KryoCodecFactory[unsafe-io=true, cache-unknown-types=false]]" classname="io.hekate.rpc.internal.RpcUnicastTest" time="0.241"/>
  <testcase name="testAsyncNullResult[12: transport=EPOLL, ssl=JDK, codec-factory=KryoCodecFactory[unsafe-io=true, cache-unknown-types=false]]" classname="io.hekate.rpc.internal.RpcUnicastTest" time="0.066"/>
  <testcase name="testAsyncResultAfterServerLeave[12: transport=EPOLL, ssl=JDK, codec-factory=KryoCodecFactory[unsafe-io=true, cache-unknown-types=false]]" classname="io.hekate.rpc.internal.RpcUnicastTest" time="0.061"/>
  <testcase name="testNonSerializableResult[12: transport=EPOLL, ssl=JDK, codec-factory=KryoCodecFactory[unsafe-io=true, cache-unknown-types=false]]" classname="io.hekate.rpc.internal.RpcUnicastTest" time="0.074"/>
  <testcase name="testCheckedException[12: transport=EPOLL, ssl=JDK, codec-factory=KryoCodecFactory[unsafe-io=true, cache-unknown-types=false]]" classname="io.hekate.rpc.internal.RpcUnicastTest" time="0.07"/>
  <testcase name="testNonSerializableArg[12: transport=EPOLL, ssl=JDK, codec-factory=KryoCodecFactory[unsafe-io=true, cache-unknown-types=false]]" classname="io.hekate.rpc.internal.RpcUnicastTest" time="0.064"/>
  <testcase name="testAsyncResultAfterClientLeave[12: transport=EPOLL, ssl=JDK, codec-factory=KryoCodecFactory[unsafe-io=true, cache-unknown-types=false]]" classname="io.hekate.rpc.internal.RpcUnicastTest" time="0.063"/>
  <testcase name="testAsyncException[12: transport=EPOLL, ssl=JDK, codec-factory=KryoCodecFactory[unsafe-io=true, cache-unknown-types=false]]" classname="io.hekate.rpc.internal.RpcUnicastTest" time="0.066"/>
  <testcase name="testUncheckedException[12: transport=EPOLL, ssl=JDK, codec-factory=KryoCodecFactory[unsafe-io=true, cache-unknown-types=false]]" classname="io.hekate.rpc.internal.RpcUnicastTest" time="0.076"/>
  <testcase name="testNonSerializableException[12: transport=EPOLL, ssl=JDK, codec-factory=KryoCodecFactory[unsafe-io=true, cache-unknown-types=false]]" classname="io.hekate.rpc.internal.RpcUnicastTest" time="0.071"/>
  <testcase name="testNonDeserializableException[12: transport=EPOLL, ssl=JDK, codec-factory=KryoCodecFactory[unsafe-io=true, cache-unknown-types=false]]" classname="io.hekate.rpc.internal.RpcUnicastTest" time="0.071"/>
  <testcase name="testInheritedMethods[13: transport=EPOLL, ssl=JDK, codec-factory=FstCodecFactory[use-unsafe=true]]" classname="io.hekate.rpc.internal.RpcUnicastTest" time="0.195"/>
  <testcase name="testDefaultMethod[13: transport=EPOLL, ssl=JDK, codec-factory=FstCodecFactory[use-unsafe=true]]" classname="io.hekate.rpc.internal.RpcUnicastTest" time="0.13"/>
  <testcase name="testTag[13: transport=EPOLL, ssl=JDK, codec-factory=FstCodecFactory[use-unsafe=true]]" classname="io.hekate.rpc.internal.RpcUnicastTest" time="0.249"/>
  <testcase name="testError[13: transport=EPOLL, ssl=JDK, codec-factory=FstCodecFactory[use-unsafe=true]]" classname="io.hekate.rpc.internal.RpcUnicastTest" time="0.112"/>
  <testcase name="testNoArg[13: transport=EPOLL, ssl=JDK, codec-factory=FstCodecFactory[use-unsafe=true]]" classname="io.hekate.rpc.internal.RpcUnicastTest" time="0.172"/>
  <testcase name="testArgs[13: transport=EPOLL, ssl=JDK, codec-factory=FstCodecFactory[use-unsafe=true]]" classname="io.hekate.rpc.internal.RpcUnicastTest" time="0.133"/>
  <testcase name="testVoid[13: transport=EPOLL, ssl=JDK, codec-factory=FstCodecFactory[use-unsafe=true]]" classname="io.hekate.rpc.internal.RpcUnicastTest" time="0.13"/>
  <testcase name="testAffinityKey[13: transport=EPOLL, ssl=JDK, codec-factory=FstCodecFactory[use-unsafe=true]]" classname="io.hekate.rpc.internal.RpcUnicastTest" time="0.251"/>
  <testcase name="testAsyncNonNullResult[13: transport=EPOLL, ssl=JDK, codec-factory=FstCodecFactory[use-unsafe=true]]" classname="io.hekate.rpc.internal.RpcUnicastTest" time="0.172"/>
  <testcase name="testPartitions[13: transport=EPOLL, ssl=JDK, codec-factory=FstCodecFactory[use-unsafe=true]]" classname="io.hekate.rpc.internal.RpcUnicastTest" time="0.397"/>
  <testcase name="testAsyncNullResult[13: transport=EPOLL, ssl=JDK, codec-factory=FstCodecFactory[use-unsafe=true]]" classname="io.hekate.rpc.internal.RpcUnicastTest" time="0.156"/>
  <testcase name="testAsyncResultAfterServerLeave[13: transport=EPOLL, ssl=JDK, codec-factory=FstCodecFactory[use-unsafe=true]]" classname="io.hekate.rpc.internal.RpcUnicastTest" time="0.122"/>
  <testcase name="testNonSerializableResult[13: transport=EPOLL, ssl=JDK, codec-factory=FstCodecFactory[use-unsafe=true]]" classname="io.hekate.rpc.internal.RpcUnicastTest" time="0.13"/>
  <testcase name="testCheckedException[13: transport=EPOLL, ssl=JDK, codec-factory=FstCodecFactory[use-unsafe=true]]" classname="io.hekate.rpc.internal.RpcUnicastTest" time="0.139"/>
  <testcase name="testNonSerializableArg[13: transport=EPOLL, ssl=JDK, codec-factory=FstCodecFactory[use-unsafe=true]]" classname="io.hekate.rpc.internal.RpcUnicastTest" time="0.098"/>
  <testcase name="testAsyncResultAfterClientLeave[13: transport=EPOLL, ssl=JDK, codec-factory=FstCodecFactory[use-unsafe=true]]" classname="io.hekate.rpc.internal.RpcUnicastTest" time="0.113"/>
  <testcase name="testAsyncException[13: transport=EPOLL, ssl=JDK, codec-factory=FstCodecFactory[use-unsafe=true]]" classname="io.hekate.rpc.internal.RpcUnicastTest" time="0.143"/>
  <testcase name="testUncheckedException[13: transport=EPOLL, ssl=JDK, codec-factory=FstCodecFactory[use-unsafe=true]]" classname="io.hekate.rpc.internal.RpcUnicastTest" time="0.152"/>
  <testcase name="testNonSerializableException[13: transport=EPOLL, ssl=JDK, codec-factory=FstCodecFactory[use-unsafe=true]]" classname="io.hekate.rpc.internal.RpcUnicastTest" time="0.128"/>
  <testcase name="testNonDeserializableException[13: transport=EPOLL, ssl=JDK, codec-factory=FstCodecFactory[use-unsafe=true]]" classname="io.hekate.rpc.internal.RpcUnicastTest" time="0.134"/>
  <testcase name="testInheritedMethods[14: transport=EPOLL, ssl=JDK, codec-factory=JdkCodecFactory]" classname="io.hekate.rpc.internal.RpcUnicastTest" time="0.072"/>
  <testcase name="testDefaultMethod[14: transport=EPOLL, ssl=JDK, codec-factory=JdkCodecFactory]" classname="io.hekate.rpc.internal.RpcUnicastTest" time="0.059"/>
  <testcase name="testTag[14: transport=EPOLL, ssl=JDK, codec-factory=JdkCodecFactory]" classname="io.hekate.rpc.internal.RpcUnicastTest" time="0.151"/>
  <testcase name="testError[14: transport=EPOLL, ssl=JDK, codec-factory=JdkCodecFactory]" classname="io.hekate.rpc.internal.RpcUnicastTest" time="0.066"/>
  <testcase name="testNoArg[14: transport=EPOLL, ssl=JDK, codec-factory=JdkCodecFactory]" classname="io.hekate.rpc.internal.RpcUnicastTest" time="0.066"/>
  <testcase name="testArgs[14: transport=EPOLL, ssl=JDK, codec-factory=JdkCodecFactory]" classname="io.hekate.rpc.internal.RpcUnicastTest" time="0.068"/>
  <testcase name="testVoid[14: transport=EPOLL, ssl=JDK, codec-factory=JdkCodecFactory]" classname="io.hekate.rpc.internal.RpcUnicastTest" time="0.085"/>
  <testcase name="testAffinityKey[14: transport=EPOLL, ssl=JDK, codec-factory=JdkCodecFactory]" classname="io.hekate.rpc.internal.RpcUnicastTest" time="0.158"/>
  <testcase name="testAsyncNonNullResult[14: transport=EPOLL, ssl=JDK, codec-factory=JdkCodecFactory]" classname="io.hekate.rpc.internal.RpcUnicastTest" time="0.064"/>
  <testcase name="testPartitions[14: transport=EPOLL, ssl=JDK, codec-factory=JdkCodecFactory]" classname="io.hekate.rpc.internal.RpcUnicastTest" time="0.204"/>
  <testcase name="testAsyncNullResult[14: transport=EPOLL, ssl=JDK, codec-factory=JdkCodecFactory]" classname="io.hekate.rpc.internal.RpcUnicastTest" time="0.091"/>
  <testcase name="testAsyncResultAfterServerLeave[14: transport=EPOLL, ssl=JDK, codec-factory=JdkCodecFactory]" classname="io.hekate.rpc.internal.RpcUnicastTest" time="0.06"/>
  <testcase name="testNonSerializableResult[14: transport=EPOLL, ssl=JDK, codec-factory=JdkCodecFactory]" classname="io.hekate.rpc.internal.RpcUnicastTest" time="0.069"/>
  <testcase name="testCheckedException[14: transport=EPOLL, ssl=JDK, codec-factory=JdkCodecFactory]" classname="io.hekate.rpc.internal.RpcUnicastTest" time="0.065"/>
  <testcase name="testNonSerializableArg[14: transport=EPOLL, ssl=JDK, codec-factory=JdkCodecFactory]" classname="io.hekate.rpc.internal.RpcUnicastTest" time="0.061"/>
  <testcase name="testAsyncResultAfterClientLeave[14: transport=EPOLL, ssl=JDK, codec-factory=JdkCodecFactory]" classname="io.hekate.rpc.internal.RpcUnicastTest" time="0.061"/>
  <testcase name="testAsyncException[14: transport=EPOLL, ssl=JDK, codec-factory=JdkCodecFactory]" classname="io.hekate.rpc.internal.RpcUnicastTest" time="0.066"/>
  <testcase name="testUncheckedException[14: transport=EPOLL, ssl=JDK, codec-factory=JdkCodecFactory]" classname="io.hekate.rpc.internal.RpcUnicastTest" time="1.068"/>
  <testcase name="testNonSerializableException[14: transport=EPOLL, ssl=JDK, codec-factory=JdkCodecFactory]" classname="io.hekate.rpc.internal.RpcUnicastTest" time="0.07"/>
  <testcase name="testNonDeserializableException[14: transport=EPOLL, ssl=JDK, codec-factory=JdkCodecFactory]" classname="io.hekate.rpc.internal.RpcUnicastTest" time="0.068"/>
  <testcase name="testInheritedMethods[15: transport=EPOLL, ssl=OPEN_SSL, codec-factory=KryoCodecFactory[unsafe-io=true, cache-unknown-types=false]]" classname="io.hekate.rpc.internal.RpcUnicastTest" time="0.059"/>
  <testcase name="testDefaultMethod[15: transport=EPOLL, ssl=OPEN_SSL, codec-factory=KryoCodecFactory[unsafe-io=true, cache-unknown-types=false]]" classname="io.hekate.rpc.internal.RpcUnicastTest" time="0.043"/>
  <testcase name="testTag[15: transport=EPOLL, ssl=OPEN_SSL, codec-factory=KryoCodecFactory[unsafe-io=true, cache-unknown-types=false]]" classname="io.hekate.rpc.internal.RpcUnicastTest" time="0.089"/>
  <testcase name="testError[15: transport=EPOLL, ssl=OPEN_SSL, codec-factory=KryoCodecFactory[unsafe-io=true, cache-unknown-types=false]]" classname="io.hekate.rpc.internal.RpcUnicastTest" time="0.049"/>
  <testcase name="testNoArg[15: transport=EPOLL, ssl=OPEN_SSL, codec-factory=KryoCodecFactory[unsafe-io=true, cache-unknown-types=false]]" classname="io.hekate.rpc.internal.RpcUnicastTest" time="0.077"/>
  <testcase name="testArgs[15: transport=EPOLL, ssl=OPEN_SSL, codec-factory=KryoCodecFactory[unsafe-io=true, cache-unknown-types=false]]" classname="io.hekate.rpc.internal.RpcUnicastTest" time="0.046"/>
  <testcase name="testVoid[15: transport=EPOLL, ssl=OPEN_SSL, codec-factory=KryoCodecFactory[unsafe-io=true, cache-unknown-types=false]]" classname="io.hekate.rpc.internal.RpcUnicastTest" time="0.045"/>
  <testcase name="testAffinityKey[15: transport=EPOLL, ssl=OPEN_SSL, codec-factory=KryoCodecFactory[unsafe-io=true, cache-unknown-types=false]]" classname="io.hekate.rpc.internal.RpcUnicastTest" time="0.129"/>
  <testcase name="testAsyncNonNullResult[15: transport=EPOLL, ssl=OPEN_SSL, codec-factory=KryoCodecFactory[unsafe-io=true, cache-unknown-types=false]]" classname="io.hekate.rpc.internal.RpcUnicastTest" time="0.045"/>
  <testcase name="testPartitions[15: transport=EPOLL, ssl=OPEN_SSL, codec-factory=KryoCodecFactory[unsafe-io=true, cache-unknown-types=false]]" classname="io.hekate.rpc.internal.RpcUnicastTest" time="0.137"/>
  <testcase name="testAsyncNullResult[15: transport=EPOLL, ssl=OPEN_SSL, codec-factory=KryoCodecFactory[unsafe-io=true, cache-unknown-types=false]]" classname="io.hekate.rpc.internal.RpcUnicastTest" time="0.046"/>
  <testcase name="testAsyncResultAfterServerLeave[15: transport=EPOLL, ssl=OPEN_SSL, codec-factory=KryoCodecFactory[unsafe-io=true, cache-unknown-types=false]]" classname="io.hekate.rpc.internal.RpcUnicastTest" time="0.042"/>
  <testcase name="testNonSerializableResult[15: transport=EPOLL, ssl=OPEN_SSL, codec-factory=KryoCodecFactory[unsafe-io=true, cache-unknown-types=false]]" classname="io.hekate.rpc.internal.RpcUnicastTest" time="0.049"/>
  <testcase name="testCheckedException[15: transport=EPOLL, ssl=OPEN_SSL, codec-factory=KryoCodecFactory[unsafe-io=true, cache-unknown-types=false]]" classname="io.hekate.rpc.internal.RpcUnicastTest" time="0.047"/>
  <testcase name="testNonSerializableArg[15: transport=EPOLL, ssl=OPEN_SSL, codec-factory=KryoCodecFactory[unsafe-io=true, cache-unknown-types=false]]" classname="io.hekate.rpc.internal.RpcUnicastTest" time="0.041"/>
  <testcase name="testAsyncResultAfterClientLeave[15: transport=EPOLL, ssl=OPEN_SSL, codec-factory=KryoCodecFactory[unsafe-io=true, cache-unknown-types=false]]" classname="io.hekate.rpc.internal.RpcUnicastTest" time="0.041"/>
  <testcase name="testAsyncException[15: transport=EPOLL, ssl=OPEN_SSL, codec-factory=KryoCodecFactory[unsafe-io=true, cache-unknown-types=false]]" classname="io.hekate.rpc.internal.RpcUnicastTest" time="0.046"/>
  <testcase name="testUncheckedException[15: transport=EPOLL, ssl=OPEN_SSL, codec-factory=KryoCodecFactory[unsafe-io=true, cache-unknown-types=false]]" classname="io.hekate.rpc.internal.RpcUnicastTest" time="0.05"/>
  <testcase name="testNonSerializableException[15: transport=EPOLL, ssl=OPEN_SSL, codec-factory=KryoCodecFactory[unsafe-io=true, cache-unknown-types=false]]" classname="io.hekate.rpc.internal.RpcUnicastTest" time="0.046"/>
  <testcase name="testNonDeserializableException[15: transport=EPOLL, ssl=OPEN_SSL, codec-factory=KryoCodecFactory[unsafe-io=true, cache-unknown-types=false]]" classname="io.hekate.rpc.internal.RpcUnicastTest" time="0.041"/>
  <testcase name="testInheritedMethods[16: transport=EPOLL, ssl=OPEN_SSL, codec-factory=FstCodecFactory[use-unsafe=true]]" classname="io.hekate.rpc.internal.RpcUnicastTest" time="0.173"/>
  <testcase name="testDefaultMethod[16: transport=EPOLL, ssl=OPEN_SSL, codec-factory=FstCodecFactory[use-unsafe=true]]" classname="io.hekate.rpc.internal.RpcUnicastTest" time="0.149"/>
  <testcase name="testTag[16: transport=EPOLL, ssl=OPEN_SSL, codec-factory=FstCodecFactory[use-unsafe=true]]" classname="io.hekate.rpc.internal.RpcUnicastTest" time="0.163"/>
  <testcase name="testError[16: transport=EPOLL, ssl=OPEN_SSL, codec-factory=FstCodecFactory[use-unsafe=true]]" classname="io.hekate.rpc.internal.RpcUnicastTest" time="0.122"/>
  <testcase name="testNoArg[16: transport=EPOLL, ssl=OPEN_SSL, codec-factory=FstCodecFactory[use-unsafe=true]]" classname="io.hekate.rpc.internal.RpcUnicastTest" time="0.115"/>
  <testcase name="testArgs[16: transport=EPOLL, ssl=OPEN_SSL, codec-factory=FstCodecFactory[use-unsafe=true]]" classname="io.hekate.rpc.internal.RpcUnicastTest" time="0.114"/>
  <testcase name="testVoid[16: transport=EPOLL, ssl=OPEN_SSL, codec-factory=FstCodecFactory[use-unsafe=true]]" classname="io.hekate.rpc.internal.RpcUnicastTest" time="0.105"/>
  <testcase name="testAffinityKey[16: transport=EPOLL, ssl=OPEN_SSL, codec-factory=FstCodecFactory[use-unsafe=true]]" classname="io.hekate.rpc.internal.RpcUnicastTest" time="0.156"/>
  <testcase name="testAsyncNonNullResult[16: transport=EPOLL, ssl=OPEN_SSL, codec-factory=FstCodecFactory[use-unsafe=true]]" classname="io.hekate.rpc.internal.RpcUnicastTest" time="0.107"/>
  <testcase name="testPartitions[16: transport=EPOLL, ssl=OPEN_SSL, codec-factory=FstCodecFactory[use-unsafe=true]]" classname="io.hekate.rpc.internal.RpcUnicastTest" time="0.333"/>
  <testcase name="testAsyncNullResult[16: transport=EPOLL, ssl=OPEN_SSL, codec-factory=FstCodecFactory[use-unsafe=true]]" classname="io.hekate.rpc.internal.RpcUnicastTest" time="0.115"/>
  <testcase name="testAsyncResultAfterServerLeave[16: transport=EPOLL, ssl=OPEN_SSL, codec-factory=FstCodecFactory[use-unsafe=true]]" classname="io.hekate.rpc.internal.RpcUnicastTest" time="0.085"/>
  <testcase name="testNonSerializableResult[16: transport=EPOLL, ssl=OPEN_SSL, codec-factory=FstCodecFactory[use-unsafe=true]]" classname="io.hekate.rpc.internal.RpcUnicastTest" time="0.101"/>
  <testcase name="testCheckedException[16: transport=EPOLL, ssl=OPEN_SSL, codec-factory=FstCodecFactory[use-unsafe=true]]" classname="io.hekate.rpc.internal.RpcUnicastTest" time="0.109"/>
  <testcase name="testNonSerializableArg[16: transport=EPOLL, ssl=OPEN_SSL, codec-factory=FstCodecFactory[use-unsafe=true]]" classname="io.hekate.rpc.internal.RpcUnicastTest" time="0.077"/>
  <testcase name="testAsyncResultAfterClientLeave[16: transport=EPOLL, ssl=OPEN_SSL, codec-factory=FstCodecFactory[use-unsafe=true]]" classname="io.hekate.rpc.internal.RpcUnicastTest" time="0.076"/>
  <testcase name="testAsyncException[16: transport=EPOLL, ssl=OPEN_SSL, codec-factory=FstCodecFactory[use-unsafe=true]]" classname="io.hekate.rpc.internal.RpcUnicastTest" time="0.107"/>
  <testcase name="testUncheckedException[16: transport=EPOLL, ssl=OPEN_SSL, codec-factory=FstCodecFactory[use-unsafe=true]]" classname="io.hekate.rpc.internal.RpcUnicastTest" time="0.13"/>
  <testcase name="testNonSerializableException[16: transport=EPOLL, ssl=OPEN_SSL, codec-factory=FstCodecFactory[use-unsafe=true]]" classname="io.hekate.rpc.internal.RpcUnicastTest" time="0.084"/>
  <testcase name="testNonDeserializableException[16: transport=EPOLL, ssl=OPEN_SSL, codec-factory=FstCodecFactory[use-unsafe=true]]" classname="io.hekate.rpc.internal.RpcUnicastTest" time="0.118"/>
  <testcase name="testInheritedMethods[17: transport=EPOLL, ssl=OPEN_SSL, codec-factory=JdkCodecFactory]" classname="io.hekate.rpc.internal.RpcUnicastTest" time="1.054"/>
  <testcase name="testDefaultMethod[17: transport=EPOLL, ssl=OPEN_SSL, codec-factory=JdkCodecFactory]" classname="io.hekate.rpc.internal.RpcUnicastTest" time="0.043"/>
  <testcase name="testTag[17: transport=EPOLL, ssl=OPEN_SSL, codec-factory=JdkCodecFactory]" classname="io.hekate.rpc.internal.RpcUnicastTest" time="0.102"/>
  <testcase name="testError[17: transport=EPOLL, ssl=OPEN_SSL, codec-factory=JdkCodecFactory]" classname="io.hekate.rpc.internal.RpcUnicastTest" time="1.048"/>
  <testcase name="testNoArg[17: transport=EPOLL, ssl=OPEN_SSL, codec-factory=JdkCodecFactory]" classname="io.hekate.rpc.internal.RpcUnicastTest" time="0.045"/>
  <testcase name="testArgs[17: transport=EPOLL, ssl=OPEN_SSL, codec-factory=JdkCodecFactory]" classname="io.hekate.rpc.internal.RpcUnicastTest" time="0.044"/>
  <testcase name="testVoid[17: transport=EPOLL, ssl=OPEN_SSL, codec-factory=JdkCodecFactory]" classname="io.hekate.rpc.internal.RpcUnicastTest" time="0.059"/>
  <testcase name="testAffinityKey[17: transport=EPOLL, ssl=OPEN_SSL, codec-factory=JdkCodecFactory]" classname="io.hekate.rpc.internal.RpcUnicastTest" time="0.086"/>
  <testcase name="testAsyncNonNullResult[17: transport=EPOLL, ssl=OPEN_SSL, codec-factory=JdkCodecFactory]" classname="io.hekate.rpc.internal.RpcUnicastTest" time="0.045"/>
  <testcase name="testPartitions[17: transport=EPOLL, ssl=OPEN_SSL, codec-factory=JdkCodecFactory]" classname="io.hekate.rpc.internal.RpcUnicastTest" time="0.13"/>
  <testcase name="testAsyncNullResult[17: transport=EPOLL, ssl=OPEN_SSL, codec-factory=JdkCodecFactory]" classname="io.hekate.rpc.internal.RpcUnicastTest" time="0.044"/>
  <testcase name="testAsyncResultAfterServerLeave[17: transport=EPOLL, ssl=OPEN_SSL, codec-factory=JdkCodecFactory]" classname="io.hekate.rpc.internal.RpcUnicastTest" time="0.034"/>
  <testcase name="testNonSerializableResult[17: transport=EPOLL, ssl=OPEN_SSL, codec-factory=JdkCodecFactory]" classname="io.hekate.rpc.internal.RpcUnicastTest" time="0.04"/>
  <testcase name="testCheckedException[17: transport=EPOLL, ssl=OPEN_SSL, codec-factory=JdkCodecFactory]" classname="io.hekate.rpc.internal.RpcUnicastTest" time="0.035"/>
  <testcase name="testNonSerializableArg[17: transport=EPOLL, ssl=OPEN_SSL, codec-factory=JdkCodecFactory]" classname="io.hekate.rpc.internal.RpcUnicastTest" time="0.037"/>
  <testcase name="testAsyncResultAfterClientLeave[17: transport=EPOLL, ssl=OPEN_SSL, codec-factory=JdkCodecFactory]" classname="io.hekate.rpc.internal.RpcUnicastTest" time="0.039"/>
  <testcase name="testAsyncException[17: transport=EPOLL, ssl=OPEN_SSL, codec-factory=JdkCodecFactory]" classname="io.hekate.rpc.internal.RpcUnicastTest" time="0.042"/>
  <testcase name="testUncheckedException[17: transport=EPOLL, ssl=OPEN_SSL, codec-factory=JdkCodecFactory]" classname="io.hekate.rpc.internal.RpcUnicastTest" time="0.044"/>
  <testcase name="testNonSerializableException[17: transport=EPOLL, ssl=OPEN_SSL, codec-factory=JdkCodecFactory]" classname="io.hekate.rpc.internal.RpcUnicastTest" time="0.046"/>
  <testcase name="testNonDeserializableException[17: transport=EPOLL, ssl=OPEN_SSL, codec-factory=JdkCodecFactory]" classname="io.hekate.rpc.internal.RpcUnicastTest" time="0.047"/>
</testsuite>