<?xml version="1.0" encoding="UTF-8"?>
<testsuite xmlns:xsi="http://www.w3.org/2001/XMLSchema-instance" xsi:schemaLocation="https://maven.apache.org/surefire/maven-surefire-plugin/xsd/surefire-test-report.xsd" name="io.hekate.network.netty.NetworkClientTest" time="108.524" tests="156" errors="0" skipped="0" failures="0">
  <properties>
    <property name="java.runtime.name" value="OpenJDK Runtime Environment"/>
    <property name="sun.boot.library.path" value="/usr/lib/jvm/java-8-openjdk-amd64/jre/lib/amd64"/>
    <property name="java.vm.version" value="25.121-b13"/>
    <property name="java.vm.vendor" value="Oracle Corporation"/>
    <property name="maven.multiModuleProjectDirectory" value="/root/workspace/hekate-io/hekate/390728782"/>
    <property name="java.vendor.url" value="http://java.oracle.com/"/>
    <property name="path.separator" value=":"/>
    <property name="guice.disable.misplaced.annotation.check" value="true"/>
    <property name="skip.gulp" value="true"/>
    <property name="java.vm.name" value="OpenJDK 64-Bit Server VM"/>
    <property name="file.encoding.pkg" value="sun.io"/>
    <property name="sun.java.launcher" value="SUN_STANDARD"/>
    <property name="sun.os.patch.level" value="unknown"/>
    <property name="findbugs.skip" value="true"/>
    <property name="java.vm.specification.name" value="Java Virtual Machine Specification"/>
    <property name="user.dir" value="/root/workspace/hekate-io/hekate/390728782"/>
    <property name="checkstyle.skip" value="true"/>
    <property name="java.runtime.version" value="1.8.0_121-8u121-b13-1~bpo8+1-b13"/>
    <property name="java.awt.graphicsenv" value="sun.awt.X11GraphicsEnvironment"/>
    <property name="skip.npm" value="true"/>
    <property name="java.endorsed.dirs" value="/usr/lib/jvm/java-8-openjdk-amd64/jre/lib/endorsed"/>
    <property name="os.arch" value="amd64"/>
    <property name="java.io.tmpdir" value="/tmp"/>
    <property name="gpg.skip" value="true"/>
    <property name="line.separator" value="&#10;"/>
    <property name="java.vm.specification.vendor" value="Oracle Corporation"/>
    <property name="cobertura.skip" value="true"/>
    <property name="os.name" value="Linux"/>
    <property name="classworlds.conf" value="/usr/share/maven/bin/m2.conf"/>
    <property name="sun.jnu.encoding" value="UTF-8"/>
    <property name="java.library.path" value="/usr/java/packages/lib/amd64:/usr/lib/x86_64-linux-gnu/jni:/lib/x86_64-linux-gnu:/usr/lib/x86_64-linux-gnu:/usr/lib/jni:/lib:/usr/lib"/>
    <property name="license.skip" value="true"/>
    <property name="java.specification.name" value="Java Platform API Specification"/>
    <property name="java.class.version" value="52.0"/>
    <property name="org.slf4j.simpleLogger.levelInBrackets" value="true"/>
    <property name="sun.management.compiler" value="HotSpot 64-Bit Tiered Compilers"/>
    <property name="skip.bower" value="true"/>
    <property name="maven.repo.local" value="/root/./workspace/hekate-io/hekate/390728782/.m2"/>
    <property name="os.version" value="3.10.0-862.3.2.el7.x86_64"/>
    <property name="user.home" value="/root"/>
    <property name="user.timezone" value="Europe/Paris"/>
    <property name="java.awt.printerjob" value="sun.print.PSPrinterJob"/>
    <property name="java.specification.version" value="1.8"/>
    <property name="file.encoding" value="UTF-8"/>
    <property name="user.name" value="root"/>
    <property name="java.class.path" value="/usr/share/maven/boot/plexus-classworlds-2.5.2.jar"/>
    <property name="skipITs" value="true"/>
    <property name="java.vm.specification.version" value="1.8"/>
    <property name="sun.arch.data.model" value="64"/>
    <property name="java.home" value="/usr/lib/jvm/java-8-openjdk-amd64/jre"/>
    <property name="sun.java.command" value="org.codehaus.plexus.classworlds.launcher.Launcher -B -D enforcer.skip=true -D dependency-check.skip=true -D skipITs=true -D cobertura.skip=true -D maven.repo.local=/root/./workspace/hekate-io/hekate/390728782/.m2 -D rat.skip=true -D findbugs.skip=true -D skip.bower=true -D gpg.skip=true -D checkstyle.skip=true -D skip.gulp=true -D license.skip=true -D skip.npm=true test"/>
    <property name="java.specification.vendor" value="Oracle Corporation"/>
    <property name="user.language" value="en"/>
    <property name="awt.toolkit" value="sun.awt.X11.XToolkit"/>
    <property name="dependency-check.skip" value="true"/>
    <property name="java.vm.info" value="mixed mode"/>
    <property name="java.version" value="1.8.0_121"/>
    <property name="java.ext.dirs" value="/usr/lib/jvm/java-8-openjdk-amd64/jre/lib/ext:/usr/java/packages/lib/ext"/>
    <property name="securerandom.source" value="file:/dev/./urandom"/>
    <property name="sun.boot.class.path" value="/usr/lib/jvm/java-8-openjdk-amd64/jre/lib/resources.jar:/usr/lib/jvm/java-8-openjdk-amd64/jre/lib/rt.jar:/usr/lib/jvm/java-8-openjdk-amd64/jre/lib/sunrsasign.jar:/usr/lib/jvm/java-8-openjdk-amd64/jre/lib/jsse.jar:/usr/lib/jvm/java-8-openjdk-amd64/jre/lib/jce.jar:/usr/lib/jvm/java-8-openjdk-amd64/jre/lib/charsets.jar:/usr/lib/jvm/java-8-openjdk-amd64/jre/lib/jfr.jar:/usr/lib/jvm/java-8-openjdk-amd64/jre/classes"/>
    <property name="java.vendor" value="Oracle Corporation"/>
    <property name="enforcer.skip" value="true"/>
    <property name="rat.skip" value="true"/>
    <property name="maven.home" value="/usr/share/maven"/>
    <property name="file.separator" value="/"/>
    <property name="java.vendor.url.bug" value="http://bugreport.sun.com/bugreport/"/>
    <property name="sun.cpu.endian" value="little"/>
    <property name="sun.io.unicode.encoding" value="UnicodeLittle"/>
    <property name="org.slf4j.simpleLogger.showThreadName" value="false"/>
    <property name="sun.cpu.isalist" value=""/>
  </properties>
  <testcase name="testReceiverHeartbeatTimeout[0: transport=NIO]" classname="io.hekate.network.netty.NetworkClientTest" time="0.918"/>
  <testcase name="testSenderHeartbeatTimeout[0: transport=NIO]" classname="io.hekate.network.netty.NetworkClientTest" time="1.816"/>
  <testcase name="testMultipleConnect[0: transport=NIO]" classname="io.hekate.network.netty.NetworkClientTest" time="0.024"/>
  <testcase name="testMultipleEnsureConnected[0: transport=NIO]" classname="io.hekate.network.netty.NetworkClientTest" time="0.025"/>
  <testcase name="testWrongProtocol[0: transport=NIO]" classname="io.hekate.network.netty.NetworkClientTest" time="0.02"/>
  <testcase name="testThreadAffinity[0: transport=NIO]" classname="io.hekate.network.netty.NetworkClientTest" time="0.481"/>
  <testcase name="testConnectTimeoutFailure[0: transport=NIO]" classname="io.hekate.network.netty.NetworkClientTest" time="0.079"/>
  <testcase name="testMultipleDisconnects[0: transport=NIO]" classname="io.hekate.network.netty.NetworkClientTest" time="0.019"/>
  <testcase name="testConnectToUnknown[0: transport=NIO]" classname="io.hekate.network.netty.NetworkClientTest" time="0.02"/>
  <testcase name="testDisconnectOnConnect[0: transport=NIO]" classname="io.hekate.network.netty.NetworkClientTest" time="0.026"/>
  <testcase name="testDisconnectNoWait[0: transport=NIO]" classname="io.hekate.network.netty.NetworkClientTest" time="0.035"/>
  <testcase name="testConnectWhileDisconnecting[0: transport=NIO]" classname="io.hekate.network.netty.NetworkClientTest" time="0.032"/>
  <testcase name="testIdleTimeout[0: transport=NIO]" classname="io.hekate.network.netty.NetworkClientTest" time="2.735"/>
  <testcase name="testHeartbeatsWithData[0: transport=NIO]" classname="io.hekate.network.netty.NetworkClientTest" time="4.23"/>
  <testcase name="testSendToUnknown[0: transport=NIO]" classname="io.hekate.network.netty.NetworkClientTest" time="0.015"/>
  <testcase name="testCloseable[0: transport=NIO]" classname="io.hekate.network.netty.NetworkClientTest" time="0.013"/>
  <testcase name="testConnectFailureAfterHandlerUnregister[0: transport=NIO]" classname="io.hekate.network.netty.NetworkClientTest" time="0.046"/>
  <testcase name="testTimeoutOnHandshake[0: transport=NIO]" classname="io.hekate.network.netty.NetworkClientTest" time="0.217"/>
  <testcase name="testContext[0: transport=NIO]" classname="io.hekate.network.netty.NetworkClientTest" time="0.021"/>
  <testcase name="testConnectDisconnect[0: transport=NIO]" classname="io.hekate.network.netty.NetworkClientTest" time="0.019"/>
  <testcase name="testHeartbeats[0: transport=NIO]" classname="io.hekate.network.netty.NetworkClientTest" time="2.715"/>
  <testcase name="testWrongMessageType[0: transport=NIO]" classname="io.hekate.network.netty.NetworkClientTest" time="0.013"/>
  <testcase name="testConnectWithPayload[0: transport=NIO]" classname="io.hekate.network.netty.NetworkClientTest" time="0.013"/>
  <testcase name="testDisconnectOnServerStop[0: transport=NIO]" classname="io.hekate.network.netty.NetworkClientTest" time="0.093"/>
  <testcase name="testConnectIsNotBlocking[0: transport=NIO]" classname="io.hekate.network.netty.NetworkClientTest" time="0.029"/>
  <testcase name="testWrongProtocolWithDeferredMessages[0: transport=NIO]" classname="io.hekate.network.netty.NetworkClientTest" time="0.031"/>
  <testcase name="testReceiverHeartbeatTimeout[1: transport=NIO, ssl=JDK]" classname="io.hekate.network.netty.NetworkClientTest" time="1.862"/>
  <testcase name="testSenderHeartbeatTimeout[1: transport=NIO, ssl=JDK]" classname="io.hekate.network.netty.NetworkClientTest" time="3.643"/>
  <testcase name="testMultipleConnect[1: transport=NIO, ssl=JDK]" classname="io.hekate.network.netty.NetworkClientTest" time="0.037"/>
  <testcase name="testMultipleEnsureConnected[1: transport=NIO, ssl=JDK]" classname="io.hekate.network.netty.NetworkClientTest" time="0.037"/>
  <testcase name="testWrongProtocol[1: transport=NIO, ssl=JDK]" classname="io.hekate.network.netty.NetworkClientTest" time="0.026"/>
  <testcase name="testThreadAffinity[1: transport=NIO, ssl=JDK]" classname="io.hekate.network.netty.NetworkClientTest" time="0.484"/>
  <testcase name="testConnectTimeoutFailure[1: transport=NIO, ssl=JDK]" classname="io.hekate.network.netty.NetworkClientTest" time="0.014"/>
  <testcase name="testMultipleDisconnects[1: transport=NIO, ssl=JDK]" classname="io.hekate.network.netty.NetworkClientTest" time="0.038"/>
  <testcase name="testConnectToUnknown[1: transport=NIO, ssl=JDK]" classname="io.hekate.network.netty.NetworkClientTest" time="0.011"/>
  <testcase name="testDisconnectOnConnect[1: transport=NIO, ssl=JDK]" classname="io.hekate.network.netty.NetworkClientTest" time="0.029"/>
  <testcase name="testDisconnectNoWait[1: transport=NIO, ssl=JDK]" classname="io.hekate.network.netty.NetworkClientTest" time="0.022"/>
  <testcase name="testConnectWhileDisconnecting[1: transport=NIO, ssl=JDK]" classname="io.hekate.network.netty.NetworkClientTest" time="0.09"/>
  <testcase name="testIdleTimeout[1: transport=NIO, ssl=JDK]" classname="io.hekate.network.netty.NetworkClientTest" time="5.457"/>
  <testcase name="testHeartbeatsWithData[1: transport=NIO, ssl=JDK]" classname="io.hekate.network.netty.NetworkClientTest" time="8.472"/>
  <testcase name="testSendToUnknown[1: transport=NIO, ssl=JDK]" classname="io.hekate.network.netty.NetworkClientTest" time="0.011"/>
  <testcase name="testCloseable[1: transport=NIO, ssl=JDK]" classname="io.hekate.network.netty.NetworkClientTest" time="0.047"/>
  <testcase name="testConnectFailureAfterHandlerUnregister[1: transport=NIO, ssl=JDK]" classname="io.hekate.network.netty.NetworkClientTest" time="0.082"/>
  <testcase name="testTimeoutOnHandshake[1: transport=NIO, ssl=JDK]" classname="io.hekate.network.netty.NetworkClientTest" time="0.211"/>
  <testcase name="testContext[1: transport=NIO, ssl=JDK]" classname="io.hekate.network.netty.NetworkClientTest" time="0.032"/>
  <testcase name="testConnectDisconnect[1: transport=NIO, ssl=JDK]" classname="io.hekate.network.netty.NetworkClientTest" time="0.037"/>
  <testcase name="testHeartbeats[1: transport=NIO, ssl=JDK]" classname="io.hekate.network.netty.NetworkClientTest" time="5.456"/>
  <testcase name="testWrongMessageType[1: transport=NIO, ssl=JDK]" classname="io.hekate.network.netty.NetworkClientTest" time="0.053"/>
  <testcase name="testConnectWithPayload[1: transport=NIO, ssl=JDK]" classname="io.hekate.network.netty.NetworkClientTest" time="0.093"/>
  <testcase name="testDisconnectOnServerStop[1: transport=NIO, ssl=JDK]" classname="io.hekate.network.netty.NetworkClientTest" time="0.17"/>
  <testcase name="testConnectIsNotBlocking[1: transport=NIO, ssl=JDK]" classname="io.hekate.network.netty.NetworkClientTest" time="0.136"/>
  <testcase name="testWrongProtocolWithDeferredMessages[1: transport=NIO, ssl=JDK]" classname="io.hekate.network.netty.NetworkClientTest" time="0.144"/>
  <testcase name="testReceiverHeartbeatTimeout[2: transport=NIO, ssl=OPEN_SSL]" classname="io.hekate.network.netty.NetworkClientTest" time="0.935"/>
  <testcase name="testSenderHeartbeatTimeout[2: transport=NIO, ssl=OPEN_SSL]" classname="io.hekate.network.netty.NetworkClientTest" time="1.825"/>
  <testcase name="testMultipleConnect[2: transport=NIO, ssl=OPEN_SSL]" classname="io.hekate.network.netty.NetworkClientTest" time="0.023"/>
  <testcase name="testMultipleEnsureConnected[2: transport=NIO, ssl=OPEN_SSL]" classname="io.hekate.network.netty.NetworkClientTest" time="0.021"/>
  <testcase name="testWrongProtocol[2: transport=NIO, ssl=OPEN_SSL]" classname="io.hekate.network.netty.NetworkClientTest" time="0.012"/>
  <testcase name="testThreadAffinity[2: transport=NIO, ssl=OPEN_SSL]" classname="io.hekate.network.netty.NetworkClientTest" time="0.478"/>
  <testcase name="testConnectTimeoutFailure[2: transport=NIO, ssl=OPEN_SSL]" classname="io.hekate.network.netty.NetworkClientTest" time="0.015"/>
  <testcase name="testMultipleDisconnects[2: transport=NIO, ssl=OPEN_SSL]" classname="io.hekate.network.netty.NetworkClientTest" time="0.034"/>
  <testcase name="testConnectToUnknown[2: transport=NIO, ssl=OPEN_SSL]" classname="io.hekate.network.netty.NetworkClientTest" time="0.039"/>
  <testcase name="testDisconnectOnConnect[2: transport=NIO, ssl=OPEN_SSL]" classname="io.hekate.network.netty.NetworkClientTest" time="0.014"/>
  <testcase name="testDisconnectNoWait[2: transport=NIO, ssl=OPEN_SSL]" classname="io.hekate.network.netty.NetworkClientTest" time="0.031"/>
  <testcase name="testConnectWhileDisconnecting[2: transport=NIO, ssl=OPEN_SSL]" classname="io.hekate.network.netty.NetworkClientTest" time="0.082"/>
  <testcase name="testIdleTimeout[2: transport=NIO, ssl=OPEN_SSL]" classname="io.hekate.network.netty.NetworkClientTest" time="2.733"/>
  <testcase name="testHeartbeatsWithData[2: transport=NIO, ssl=OPEN_SSL]" classname="io.hekate.network.netty.NetworkClientTest" time="4.24"/>
  <testcase name="testSendToUnknown[2: transport=NIO, ssl=OPEN_SSL]" classname="io.hekate.network.netty.NetworkClientTest" time="0.018"/>
  <testcase name="testCloseable[2: transport=NIO, ssl=OPEN_SSL]" classname="io.hekate.network.netty.NetworkClientTest" time="0.07"/>
  <testcase name="testConnectFailureAfterHandlerUnregister[2: transport=NIO, ssl=OPEN_SSL]" classname="io.hekate.network.netty.NetworkClientTest" time="0.114"/>
  <testcase name="testTimeoutOnHandshake[2: transport=NIO, ssl=OPEN_SSL]" classname="io.hekate.network.netty.NetworkClientTest" time="0.211"/>
  <testcase name="testContext[2: transport=NIO, ssl=OPEN_SSL]" classname="io.hekate.network.netty.NetworkClientTest" time="0.094"/>
  <testcase name="testConnectDisconnect[2: transport=NIO, ssl=OPEN_SSL]" classname="io.hekate.network.netty.NetworkClientTest" time="0.033"/>
  <testcase name="testHeartbeats[2: transport=NIO, ssl=OPEN_SSL]" classname="io.hekate.network.netty.NetworkClientTest" time="2.769"/>
  <testcase name="testWrongMessageType[2: transport=NIO, ssl=OPEN_SSL]" classname="io.hekate.network.netty.NetworkClientTest" time="0.083"/>
  <testcase name="testConnectWithPayload[2: transport=NIO, ssl=OPEN_SSL]" classname="io.hekate.network.netty.NetworkClientTest" time="0.055"/>
  <testcase name="testDisconnectOnServerStop[2: transport=NIO, ssl=OPEN_SSL]" classname="io.hekate.network.netty.NetworkClientTest" time="0.116"/>
  <testcase name="testConnectIsNotBlocking[2: transport=NIO, ssl=OPEN_SSL]" classname="io.hekate.network.netty.NetworkClientTest" time="0.059"/>
  <testcase name="testWrongProtocolWithDeferredMessages[2: transport=NIO, ssl=OPEN_SSL]" classname="io.hekate.network.netty.NetworkClientTest" time="0.055"/>
  <testcase name="testReceiverHeartbeatTimeout[3: transport=EPOLL]" classname="io.hekate.network.netty.NetworkClientTest" time="0.91"/>
  <testcase name="testSenderHeartbeatTimeout[3: transport=EPOLL]" classname="io.hekate.network.netty.NetworkClientTest" time="1.816"/>
  <testcase name="testMultipleConnect[3: transport=EPOLL]" classname="io.hekate.network.netty.NetworkClientTest" time="0.015"/>
  <testcase name="testMultipleEnsureConnected[3: transport=EPOLL]" classname="io.hekate.network.netty.NetworkClientTest" time="0.01"/>
  <testcase name="testWrongProtocol[3: transport=EPOLL]" classname="io.hekate.network.netty.NetworkClientTest" time="0.009"/>
  <testcase name="testThreadAffinity[3: transport=EPOLL]" classname="io.hekate.network.netty.NetworkClientTest" time="0.419"/>
  <testcase name="testConnectTimeoutFailure[3: transport=EPOLL]" classname="io.hekate.network.netty.NetworkClientTest" time="0.038"/>
  <testcase name="testMultipleDisconnects[3: transport=EPOLL]" classname="io.hekate.network.netty.NetworkClientTest" time="0.012"/>
  <testcase name="testConnectToUnknown[3: transport=EPOLL]" classname="io.hekate.network.netty.NetworkClientTest" time="0.006"/>
  <testcase name="testDisconnectOnConnect[3: transport=EPOLL]" classname="io.hekate.network.netty.NetworkClientTest" time="0.008"/>
  <testcase name="testDisconnectNoWait[3: transport=EPOLL]" classname="io.hekate.network.netty.NetworkClientTest" time="0.014"/>
  <testcase name="testConnectWhileDisconnecting[3: transport=EPOLL]" classname="io.hekate.network.netty.NetworkClientTest" time="0.019"/>
  <testcase name="testIdleTimeout[3: transport=EPOLL]" classname="io.hekate.network.netty.NetworkClientTest" time="2.721"/>
  <testcase name="testHeartbeatsWithData[3: transport=EPOLL]" classname="io.hekate.network.netty.NetworkClientTest" time="4.218"/>
  <testcase name="testSendToUnknown[3: transport=EPOLL]" classname="io.hekate.network.netty.NetworkClientTest" time="0.049"/>
  <testcase name="testCloseable[3: transport=EPOLL]" classname="io.hekate.network.netty.NetworkClientTest" time="0.014"/>
  <testcase name="testConnectFailureAfterHandlerUnregister[3: transport=EPOLL]" classname="io.hekate.network.netty.NetworkClientTest" time="0.036"/>
  <testcase name="testTimeoutOnHandshake[3: transport=EPOLL]" classname="io.hekate.network.netty.NetworkClientTest" time="0.209"/>
  <testcase name="testContext[3: transport=EPOLL]" classname="io.hekate.network.netty.NetworkClientTest" time="0.011"/>
  <testcase name="testConnectDisconnect[3: transport=EPOLL]" classname="io.hekate.network.netty.NetworkClientTest" time="0.016"/>
  <testcase name="testHeartbeats[3: transport=EPOLL]" classname="io.hekate.network.netty.NetworkClientTest" time="2.714"/>
  <testcase name="testWrongMessageType[3: transport=EPOLL]" classname="io.hekate.network.netty.NetworkClientTest" time="0.01"/>
  <testcase name="testConnectWithPayload[3: transport=EPOLL]" classname="io.hekate.network.netty.NetworkClientTest" time="0.011"/>
  <testcase name="testDisconnectOnServerStop[3: transport=EPOLL]" classname="io.hekate.network.netty.NetworkClientTest" time="0.087"/>
  <testcase name="testConnectIsNotBlocking[3: transport=EPOLL]" classname="io.hekate.network.netty.NetworkClientTest" time="0.017"/>
  <testcase name="testWrongProtocolWithDeferredMessages[3: transport=EPOLL]" classname="io.hekate.network.netty.NetworkClientTest" time="0.016"/>
  <testcase name="testReceiverHeartbeatTimeout[4: transport=EPOLL, ssl=JDK]" classname="io.hekate.network.netty.NetworkClientTest" time="1.827"/>
  <testcase name="testSenderHeartbeatTimeout[4: transport=EPOLL, ssl=JDK]" classname="io.hekate.network.netty.NetworkClientTest" time="3.635"/>
  <testcase name="testMultipleConnect[4: transport=EPOLL, ssl=JDK]" classname="io.hekate.network.netty.NetworkClientTest" time="0.065"/>
  <testcase name="testMultipleEnsureConnected[4: transport=EPOLL, ssl=JDK]" classname="io.hekate.network.netty.NetworkClientTest" time="0.061"/>
  <testcase name="testWrongProtocol[4: transport=EPOLL, ssl=JDK]" classname="io.hekate.network.netty.NetworkClientTest" time="0.022"/>
  <testcase name="testThreadAffinity[4: transport=EPOLL, ssl=JDK]" classname="io.hekate.network.netty.NetworkClientTest" time="0.509"/>
  <testcase name="testConnectTimeoutFailure[4: transport=EPOLL, ssl=JDK]" classname="io.hekate.network.netty.NetworkClientTest" time="0.014"/>
  <testcase name="testMultipleDisconnects[4: transport=EPOLL, ssl=JDK]" classname="io.hekate.network.netty.NetworkClientTest" time="0.034"/>
  <testcase name="testConnectToUnknown[4: transport=EPOLL, ssl=JDK]" classname="io.hekate.network.netty.NetworkClientTest" time="0.009"/>
  <testcase name="testDisconnectOnConnect[4: transport=EPOLL, ssl=JDK]" classname="io.hekate.network.netty.NetworkClientTest" time="0.022"/>
  <testcase name="testDisconnectNoWait[4: transport=EPOLL, ssl=JDK]" classname="io.hekate.network.netty.NetworkClientTest" time="0.015"/>
  <testcase name="testConnectWhileDisconnecting[4: transport=EPOLL, ssl=JDK]" classname="io.hekate.network.netty.NetworkClientTest" time="0.108"/>
  <testcase name="testIdleTimeout[4: transport=EPOLL, ssl=JDK]" classname="io.hekate.network.netty.NetworkClientTest" time="5.449"/>
  <testcase name="testHeartbeatsWithData[4: transport=EPOLL, ssl=JDK]" classname="io.hekate.network.netty.NetworkClientTest" time="8.436"/>
  <testcase name="testSendToUnknown[4: transport=EPOLL, ssl=JDK]" classname="io.hekate.network.netty.NetworkClientTest" time="0.009"/>
  <testcase name="testCloseable[4: transport=EPOLL, ssl=JDK]" classname="io.hekate.network.netty.NetworkClientTest" time="0.031"/>
  <testcase name="testConnectFailureAfterHandlerUnregister[4: transport=EPOLL, ssl=JDK]" classname="io.hekate.network.netty.NetworkClientTest" time="0.053"/>
  <testcase name="testTimeoutOnHandshake[4: transport=EPOLL, ssl=JDK]" classname="io.hekate.network.netty.NetworkClientTest" time="0.21"/>
  <testcase name="testContext[4: transport=EPOLL, ssl=JDK]" classname="io.hekate.network.netty.NetworkClientTest" time="0.036"/>
  <testcase name="testConnectDisconnect[4: transport=EPOLL, ssl=JDK]" classname="io.hekate.network.netty.NetworkClientTest" time="0.039"/>
  <testcase name="testHeartbeats[4: transport=EPOLL, ssl=JDK]" classname="io.hekate.network.netty.NetworkClientTest" time="5.434"/>
  <testcase name="testWrongMessageType[4: transport=EPOLL, ssl=JDK]" classname="io.hekate.network.netty.NetworkClientTest" time="0.025"/>
  <testcase name="testConnectWithPayload[4: transport=EPOLL, ssl=JDK]" classname="io.hekate.network.netty.NetworkClientTest" time="0.033"/>
  <testcase name="testDisconnectOnServerStop[4: transport=EPOLL, ssl=JDK]" classname="io.hekate.network.netty.NetworkClientTest" time="0.129"/>
  <testcase name="testConnectIsNotBlocking[4: transport=EPOLL, ssl=JDK]" classname="io.hekate.network.netty.NetworkClientTest" time="0.039"/>
  <testcase name="testWrongProtocolWithDeferredMessages[4: transport=EPOLL, ssl=JDK]" classname="io.hekate.network.netty.NetworkClientTest" time="0.075"/>
  <testcase name="testReceiverHeartbeatTimeout[5: transport=EPOLL, ssl=OPEN_SSL]" classname="io.hekate.network.netty.NetworkClientTest" time="0.918"/>
  <testcase name="testSenderHeartbeatTimeout[5: transport=EPOLL, ssl=OPEN_SSL]" classname="io.hekate.network.netty.NetworkClientTest" time="1.857"/>
  <testcase name="testMultipleConnect[5: transport=EPOLL, ssl=OPEN_SSL]" classname="io.hekate.network.netty.NetworkClientTest" time="0.101"/>
  <testcase name="testMultipleEnsureConnected[5: transport=EPOLL, ssl=OPEN_SSL]" classname="io.hekate.network.netty.NetworkClientTest" time="0.176"/>
  <testcase name="testWrongProtocol[5: transport=EPOLL, ssl=OPEN_SSL]" classname="io.hekate.network.netty.NetworkClientTest" time="0.126"/>
  <testcase name="testThreadAffinity[5: transport=EPOLL, ssl=OPEN_SSL]" classname="io.hekate.network.netty.NetworkClientTest" time="0.56"/>
  <testcase name="testConnectTimeoutFailure[5: transport=EPOLL, ssl=OPEN_SSL]" classname="io.hekate.network.netty.NetworkClientTest" time="0.013"/>
  <testcase name="testMultipleDisconnects[5: transport=EPOLL, ssl=OPEN_SSL]" classname="io.hekate.network.netty.NetworkClientTest" time="0.022"/>
  <testcase name="testConnectToUnknown[5: transport=EPOLL, ssl=OPEN_SSL]" classname="io.hekate.network.netty.NetworkClientTest" time="0.009"/>
  <testcase name="testDisconnectOnConnect[5: transport=EPOLL, ssl=OPEN_SSL]" classname="io.hekate.network.netty.NetworkClientTest" time="0.012"/>
  <testcase name="testDisconnectNoWait[5: transport=EPOLL, ssl=OPEN_SSL]" classname="io.hekate.network.netty.NetworkClientTest" time="0.052"/>
  <testcase name="testConnectWhileDisconnecting[5: transport=EPOLL, ssl=OPEN_SSL]" classname="io.hekate.network.netty.NetworkClientTest" time="0.108"/>
  <testcase name="testIdleTimeout[5: transport=EPOLL, ssl=OPEN_SSL]" classname="io.hekate.network.netty.NetworkClientTest" time="2.733"/>
  <testcase name="testHeartbeatsWithData[5: transport=EPOLL, ssl=OPEN_SSL]" classname="io.hekate.network.netty.NetworkClientTest" time="4.231"/>
  <testcase name="testSendToUnknown[5: transport=EPOLL, ssl=OPEN_SSL]" classname="io.hekate.network.netty.NetworkClientTest" time="0.012"/>
  <testcase name="testCloseable[5: transport=EPOLL, ssl=OPEN_SSL]" classname="io.hekate.network.netty.NetworkClientTest" time="0.061"/>
  <testcase name="testConnectFailureAfterHandlerUnregister[5: transport=EPOLL, ssl=OPEN_SSL]" classname="io.hekate.network.netty.NetworkClientTest" time="0.047"/>
  <testcase name="testTimeoutOnHandshake[5: transport=EPOLL, ssl=OPEN_SSL]" classname="io.hekate.network.netty.NetworkClientTest" time="0.234"/>
  <testcase name="testContext[5: transport=EPOLL, ssl=OPEN_SSL]" classname="io.hekate.network.netty.NetworkClientTest" time="0.023"/>
  <testcase name="testConnectDisconnect[5: transport=EPOLL, ssl=OPEN_SSL]" classname="io.hekate.network.netty.NetworkClientTest" time="0.022"/>
  <testcase name="testHeartbeats[5: transport=EPOLL, ssl=OPEN_SSL]" classname="io.hekate.network.netty.NetworkClientTest" time="2.727"/>
  <testcase name="testWrongMessageType[5: transport=EPOLL, ssl=OPEN_SSL]" classname="io.hekate.network.netty.NetworkClientTest" time="0.012"/>
  <testcase name="testConnectWithPayload[5: transport=EPOLL, ssl=OPEN_SSL]" classname="io.hekate.network.netty.NetworkClientTest" time="0.023"/>
  <testcase name="testDisconnectOnServerStop[5: transport=EPOLL, ssl=OPEN_SSL]" classname="io.hekate.network.netty.NetworkClientTest" time="0.078"/>
  <testcase name="testConnectIsNotBlocking[5: transport=EPOLL, ssl=OPEN_SSL]" classname="io.hekate.network.netty.NetworkClientTest" time="0.038"/>
  <testcase name="testWrongProtocolWithDeferredMessages[5: transport=EPOLL, ssl=OPEN_SSL]" classname="io.hekate.network.netty.NetworkClientTest" time="0.035"/>
</testsuite>