<?xml version="1.0" encoding="UTF-8"?>
<testsuite xmlns:xsi="http://www.w3.org/2001/XMLSchema-instance" xsi:schemaLocation="https://maven.apache.org/surefire/maven-surefire-plugin/xsd/surefire-test-report.xsd" name="io.hekate.messaging.internal.MessagingChannelAggregateTest" time="65.605" tests="240" errors="0" skipped="0" failures="0">
  <properties>
    <property name="java.runtime.name" value="OpenJDK Runtime Environment"/>
    <property name="sun.boot.library.path" value="/usr/lib/jvm/java-8-openjdk-amd64/jre/lib/amd64"/>
    <property name="java.vm.version" value="25.121-b13"/>
    <property name="java.vm.vendor" value="Oracle Corporation"/>
    <property name="maven.multiModuleProjectDirectory" value="/root/workspace/hekate-io/hekate/390714348"/>
    <property name="java.vendor.url" value="http://java.oracle.com/"/>
    <property name="path.separator" value=":"/>
    <property name="guice.disable.misplaced.annotation.check" value="true"/>
    <property name="skip.gulp" value="true"/>
    <property name="java.vm.name" value="OpenJDK 64-Bit Server VM"/>
    <property name="file.encoding.pkg" value="sun.io"/>
    <property name="sun.java.launcher" value="SUN_STANDARD"/>
    <property name="sun.os.patch.level" value="unknown"/>
    <property name="findbugs.skip" value="true"/>
    <property name="java.vm.specification.name" value="Java Virtual Machine Specification"/>
    <property name="user.dir" value="/root/workspace/hekate-io/hekate/390714348"/>
    <property name="checkstyle.skip" value="true"/>
    <property name="java.runtime.version" value="1.8.0_121-8u121-b13-1~bpo8+1-b13"/>
    <property name="java.awt.graphicsenv" value="sun.awt.X11GraphicsEnvironment"/>
    <property name="skip.npm" value="true"/>
    <property name="java.endorsed.dirs" value="/usr/lib/jvm/java-8-openjdk-amd64/jre/lib/endorsed"/>
    <property name="os.arch" value="amd64"/>
    <property name="java.io.tmpdir" value="/tmp"/>
    <property name="gpg.skip" value="true"/>
    <property name="line.separator" value="&#10;"/>
    <property name="java.vm.specification.vendor" value="Oracle Corporation"/>
    <property name="cobertura.skip" value="true"/>
    <property name="os.name" value="Linux"/>
    <property name="classworlds.conf" value="/usr/share/maven/bin/m2.conf"/>
    <property name="sun.jnu.encoding" value="UTF-8"/>
    <property name="java.library.path" value="/usr/java/packages/lib/amd64:/usr/lib/x86_64-linux-gnu/jni:/lib/x86_64-linux-gnu:/usr/lib/x86_64-linux-gnu:/usr/lib/jni:/lib:/usr/lib"/>
    <property name="license.skip" value="true"/>
    <property name="java.specification.name" value="Java Platform API Specification"/>
    <property name="java.class.version" value="52.0"/>
    <property name="org.slf4j.simpleLogger.levelInBrackets" value="true"/>
    <property name="sun.management.compiler" value="HotSpot 64-Bit Tiered Compilers"/>
    <property name="skip.bower" value="true"/>
    <property name="maven.repo.local" value="/root/./workspace/hekate-io/hekate/390714348/.m2"/>
    <property name="os.version" value="3.10.0-862.3.2.el7.x86_64"/>
    <property name="user.home" value="/root"/>
    <property name="user.timezone" value="Europe/Paris"/>
    <property name="java.awt.printerjob" value="sun.print.PSPrinterJob"/>
    <property name="java.specification.version" value="1.8"/>
    <property name="file.encoding" value="UTF-8"/>
    <property name="user.name" value="root"/>
    <property name="java.class.path" value="/usr/share/maven/boot/plexus-classworlds-2.5.2.jar"/>
    <property name="skipITs" value="true"/>
    <property name="java.vm.specification.version" value="1.8"/>
    <property name="sun.arch.data.model" value="64"/>
    <property name="java.home" value="/usr/lib/jvm/java-8-openjdk-amd64/jre"/>
    <property name="sun.java.command" value="org.codehaus.plexus.classworlds.launcher.Launcher -B -D enforcer.skip=true -D dependency-check.skip=true -D skipITs=true -D cobertura.skip=true -D maven.repo.local=/root/./workspace/hekate-io/hekate/390714348/.m2 -D rat.skip=true -D findbugs.skip=true -D skip.bower=true -D gpg.skip=true -D checkstyle.skip=true -D skip.gulp=true -D license.skip=true -D skip.npm=true test"/>
    <property name="java.specification.vendor" value="Oracle Corporation"/>
    <property name="user.language" value="en"/>
    <property name="awt.toolkit" value="sun.awt.X11.XToolkit"/>
    <property name="dependency-check.skip" value="true"/>
    <property name="java.vm.info" value="mixed mode"/>
    <property name="java.version" value="1.8.0_121"/>
    <property name="java.ext.dirs" value="/usr/lib/jvm/java-8-openjdk-amd64/jre/lib/ext:/usr/java/packages/lib/ext"/>
    <property name="securerandom.source" value="file:/dev/./urandom"/>
    <property name="sun.boot.class.path" value="/usr/lib/jvm/java-8-openjdk-amd64/jre/lib/resources.jar:/usr/lib/jvm/java-8-openjdk-amd64/jre/lib/rt.jar:/usr/lib/jvm/java-8-openjdk-amd64/jre/lib/sunrsasign.jar:/usr/lib/jvm/java-8-openjdk-amd64/jre/lib/jsse.jar:/usr/lib/jvm/java-8-openjdk-amd64/jre/lib/jce.jar:/usr/lib/jvm/java-8-openjdk-amd64/jre/lib/charsets.jar:/usr/lib/jvm/java-8-openjdk-amd64/jre/lib/jfr.jar:/usr/lib/jvm/java-8-openjdk-amd64/jre/classes"/>
    <property name="java.vendor" value="Oracle Corporation"/>
    <property name="enforcer.skip" value="true"/>
    <property name="rat.skip" value="true"/>
    <property name="maven.home" value="/usr/share/maven"/>
    <property name="file.separator" value="/"/>
    <property name="java.vendor.url.bug" value="http://bugreport.sun.com/bugreport/"/>
    <property name="sun.cpu.endian" value="little"/>
    <property name="sun.io.unicode.encoding" value="UnicodeLittle"/>
    <property name="org.slf4j.simpleLogger.showThreadName" value="false"/>
    <property name="sun.cpu.isalist" value=""/>
  </properties>
  <testcase name="testEmptyTopologyFuture[0: transport=NIO, worker-threads=0, nio-threads=1]" classname="io.hekate.messaging.internal.MessagingChannelAggregateTest" time="0.066"/>
  <testcase name="testPartialFailureCallback[0: transport=NIO, worker-threads=0, nio-threads=1]" classname="io.hekate.messaging.internal.MessagingChannelAggregateTest" time="0.08"/>
  <testcase name="testNonChannelNodes[0: transport=NIO, worker-threads=0, nio-threads=1]" classname="io.hekate.messaging.internal.MessagingChannelAggregateTest" time="0.119"/>
  <testcase name="testTopologyChange[0: transport=NIO, worker-threads=0, nio-threads=1]" classname="io.hekate.messaging.internal.MessagingChannelAggregateTest" time="0.112"/>
  <testcase name="testCallback[0: transport=NIO, worker-threads=0, nio-threads=1]" classname="io.hekate.messaging.internal.MessagingChannelAggregateTest" time="0.136"/>
  <testcase name="testEmptyTopologyCallback[0: transport=NIO, worker-threads=0, nio-threads=1]" classname="io.hekate.messaging.internal.MessagingChannelAggregateTest" time="0.321"/>
  <testcase name="testAffinity[0: transport=NIO, worker-threads=0, nio-threads=1]" classname="io.hekate.messaging.internal.MessagingChannelAggregateTest" time="0.552"/>
  <testcase name="testFuture[0: transport=NIO, worker-threads=0, nio-threads=1]" classname="io.hekate.messaging.internal.MessagingChannelAggregateTest" time="0.124"/>
  <testcase name="testDefaultRouting[0: transport=NIO, worker-threads=0, nio-threads=1]" classname="io.hekate.messaging.internal.MessagingChannelAggregateTest" time="0.12"/>
  <testcase name="testPartialFailureFuture[0: transport=NIO, worker-threads=0, nio-threads=1]" classname="io.hekate.messaging.internal.MessagingChannelAggregateTest" time="0.123"/>
  <testcase name="testEmptyTopologyFuture[1: transport=NIO, worker-threads=1, nio-threads=1]" classname="io.hekate.messaging.internal.MessagingChannelAggregateTest" time="0.223"/>
  <testcase name="testPartialFailureCallback[1: transport=NIO, worker-threads=1, nio-threads=1]" classname="io.hekate.messaging.internal.MessagingChannelAggregateTest" time="0.129"/>
  <testcase name="testNonChannelNodes[1: transport=NIO, worker-threads=1, nio-threads=1]" classname="io.hekate.messaging.internal.MessagingChannelAggregateTest" time="0.125"/>
  <testcase name="testTopologyChange[1: transport=NIO, worker-threads=1, nio-threads=1]" classname="io.hekate.messaging.internal.MessagingChannelAggregateTest" time="0.106"/>
  <testcase name="testCallback[1: transport=NIO, worker-threads=1, nio-threads=1]" classname="io.hekate.messaging.internal.MessagingChannelAggregateTest" time="0.069"/>
  <testcase name="testEmptyTopologyCallback[1: transport=NIO, worker-threads=1, nio-threads=1]" classname="io.hekate.messaging.internal.MessagingChannelAggregateTest" time="0.129"/>
  <testcase name="testAffinity[1: transport=NIO, worker-threads=1, nio-threads=1]" classname="io.hekate.messaging.internal.MessagingChannelAggregateTest" time="0.751"/>
  <testcase name="testFuture[1: transport=NIO, worker-threads=1, nio-threads=1]" classname="io.hekate.messaging.internal.MessagingChannelAggregateTest" time="0.066"/>
  <testcase name="testDefaultRouting[1: transport=NIO, worker-threads=1, nio-threads=1]" classname="io.hekate.messaging.internal.MessagingChannelAggregateTest" time="0.12"/>
  <testcase name="testPartialFailureFuture[1: transport=NIO, worker-threads=1, nio-threads=1]" classname="io.hekate.messaging.internal.MessagingChannelAggregateTest" time="0.119"/>
  <testcase name="testEmptyTopologyFuture[2: transport=NIO, worker-threads=4, nio-threads=1]" classname="io.hekate.messaging.internal.MessagingChannelAggregateTest" time="0.129"/>
  <testcase name="testPartialFailureCallback[2: transport=NIO, worker-threads=4, nio-threads=1]" classname="io.hekate.messaging.internal.MessagingChannelAggregateTest" time="0.103"/>
  <testcase name="testNonChannelNodes[2: transport=NIO, worker-threads=4, nio-threads=1]" classname="io.hekate.messaging.internal.MessagingChannelAggregateTest" time="0.118"/>
  <testcase name="testTopologyChange[2: transport=NIO, worker-threads=4, nio-threads=1]" classname="io.hekate.messaging.internal.MessagingChannelAggregateTest" time="0.212"/>
  <testcase name="testCallback[2: transport=NIO, worker-threads=4, nio-threads=1]" classname="io.hekate.messaging.internal.MessagingChannelAggregateTest" time="0.125"/>
  <testcase name="testEmptyTopologyCallback[2: transport=NIO, worker-threads=4, nio-threads=1]" classname="io.hekate.messaging.internal.MessagingChannelAggregateTest" time="0.121"/>
  <testcase name="testAffinity[2: transport=NIO, worker-threads=4, nio-threads=1]" classname="io.hekate.messaging.internal.MessagingChannelAggregateTest" time="0.592"/>
  <testcase name="testFuture[2: transport=NIO, worker-threads=4, nio-threads=1]" classname="io.hekate.messaging.internal.MessagingChannelAggregateTest" time="0.122"/>
  <testcase name="testDefaultRouting[2: transport=NIO, worker-threads=4, nio-threads=1]" classname="io.hekate.messaging.internal.MessagingChannelAggregateTest" time="0.109"/>
  <testcase name="testPartialFailureFuture[2: transport=NIO, worker-threads=4, nio-threads=1]" classname="io.hekate.messaging.internal.MessagingChannelAggregateTest" time="0.12"/>
  <testcase name="testEmptyTopologyFuture[3: transport=NIO, worker-threads=5, nio-threads=0]" classname="io.hekate.messaging.internal.MessagingChannelAggregateTest" time="0.123"/>
  <testcase name="testPartialFailureCallback[3: transport=NIO, worker-threads=5, nio-threads=0]" classname="io.hekate.messaging.internal.MessagingChannelAggregateTest" time="0.123"/>
  <testcase name="testNonChannelNodes[3: transport=NIO, worker-threads=5, nio-threads=0]" classname="io.hekate.messaging.internal.MessagingChannelAggregateTest" time="0.118"/>
  <testcase name="testTopologyChange[3: transport=NIO, worker-threads=5, nio-threads=0]" classname="io.hekate.messaging.internal.MessagingChannelAggregateTest" time="0.079"/>
  <testcase name="testCallback[3: transport=NIO, worker-threads=5, nio-threads=0]" classname="io.hekate.messaging.internal.MessagingChannelAggregateTest" time="0.069"/>
  <testcase name="testEmptyTopologyCallback[3: transport=NIO, worker-threads=5, nio-threads=0]" classname="io.hekate.messaging.internal.MessagingChannelAggregateTest" time="0.198"/>
  <testcase name="testAffinity[3: transport=NIO, worker-threads=5, nio-threads=0]" classname="io.hekate.messaging.internal.MessagingChannelAggregateTest" time="0.511"/>
  <testcase name="testFuture[3: transport=NIO, worker-threads=5, nio-threads=0]" classname="io.hekate.messaging.internal.MessagingChannelAggregateTest" time="0.151"/>
  <testcase name="testDefaultRouting[3: transport=NIO, worker-threads=5, nio-threads=0]" classname="io.hekate.messaging.internal.MessagingChannelAggregateTest" time="0.169"/>
  <testcase name="testPartialFailureFuture[3: transport=NIO, worker-threads=5, nio-threads=0]" classname="io.hekate.messaging.internal.MessagingChannelAggregateTest" time="0.084"/>
  <testcase name="testEmptyTopologyFuture[4: transport=NIO, ssl=JDK, worker-threads=0, nio-threads=1]" classname="io.hekate.messaging.internal.MessagingChannelAggregateTest" time="0.284"/>
  <testcase name="testPartialFailureCallback[4: transport=NIO, ssl=JDK, worker-threads=0, nio-threads=1]" classname="io.hekate.messaging.internal.MessagingChannelAggregateTest" time="0.43"/>
  <testcase name="testNonChannelNodes[4: transport=NIO, ssl=JDK, worker-threads=0, nio-threads=1]" classname="io.hekate.messaging.internal.MessagingChannelAggregateTest" time="0.751"/>
  <testcase name="testTopologyChange[4: transport=NIO, ssl=JDK, worker-threads=0, nio-threads=1]" classname="io.hekate.messaging.internal.MessagingChannelAggregateTest" time="0.417"/>
  <testcase name="testCallback[4: transport=NIO, ssl=JDK, worker-threads=0, nio-threads=1]" classname="io.hekate.messaging.internal.MessagingChannelAggregateTest" time="0.382"/>
  <testcase name="testEmptyTopologyCallback[4: transport=NIO, ssl=JDK, worker-threads=0, nio-threads=1]" classname="io.hekate.messaging.internal.MessagingChannelAggregateTest" time="0.391"/>
  <testcase name="testAffinity[4: transport=NIO, ssl=JDK, worker-threads=0, nio-threads=1]" classname="io.hekate.messaging.internal.MessagingChannelAggregateTest" time="1.169"/>
  <testcase name="testFuture[4: transport=NIO, ssl=JDK, worker-threads=0, nio-threads=1]" classname="io.hekate.messaging.internal.MessagingChannelAggregateTest" time="0.288"/>
  <testcase name="testDefaultRouting[4: transport=NIO, ssl=JDK, worker-threads=0, nio-threads=1]" classname="io.hekate.messaging.internal.MessagingChannelAggregateTest" time="0.448"/>
  <testcase name="testPartialFailureFuture[4: transport=NIO, ssl=JDK, worker-threads=0, nio-threads=1]" classname="io.hekate.messaging.internal.MessagingChannelAggregateTest" time="0.293"/>
  <testcase name="testEmptyTopologyFuture[5: transport=NIO, ssl=JDK, worker-threads=1, nio-threads=1]" classname="io.hekate.messaging.internal.MessagingChannelAggregateTest" time="0.251"/>
  <testcase name="testPartialFailureCallback[5: transport=NIO, ssl=JDK, worker-threads=1, nio-threads=1]" classname="io.hekate.messaging.internal.MessagingChannelAggregateTest" time="0.263"/>
  <testcase name="testNonChannelNodes[5: transport=NIO, ssl=JDK, worker-threads=1, nio-threads=1]" classname="io.hekate.messaging.internal.MessagingChannelAggregateTest" time="0.265"/>
  <testcase name="testTopologyChange[5: transport=NIO, ssl=JDK, worker-threads=1, nio-threads=1]" classname="io.hekate.messaging.internal.MessagingChannelAggregateTest" time="0.271"/>
  <testcase name="testCallback[5: transport=NIO, ssl=JDK, worker-threads=1, nio-threads=1]" classname="io.hekate.messaging.internal.MessagingChannelAggregateTest" time="0.271"/>
  <testcase name="testEmptyTopologyCallback[5: transport=NIO, ssl=JDK, worker-threads=1, nio-threads=1]" classname="io.hekate.messaging.internal.MessagingChannelAggregateTest" time="0.215"/>
  <testcase name="testAffinity[5: transport=NIO, ssl=JDK, worker-threads=1, nio-threads=1]" classname="io.hekate.messaging.internal.MessagingChannelAggregateTest" time="1.218"/>
  <testcase name="testFuture[5: transport=NIO, ssl=JDK, worker-threads=1, nio-threads=1]" classname="io.hekate.messaging.internal.MessagingChannelAggregateTest" time="0.271"/>
  <testcase name="testDefaultRouting[5: transport=NIO, ssl=JDK, worker-threads=1, nio-threads=1]" classname="io.hekate.messaging.internal.MessagingChannelAggregateTest" time="0.277"/>
  <testcase name="testPartialFailureFuture[5: transport=NIO, ssl=JDK, worker-threads=1, nio-threads=1]" classname="io.hekate.messaging.internal.MessagingChannelAggregateTest" time="0.447"/>
  <testcase name="testEmptyTopologyFuture[6: transport=NIO, ssl=JDK, worker-threads=4, nio-threads=1]" classname="io.hekate.messaging.internal.MessagingChannelAggregateTest" time="0.294"/>
  <testcase name="testPartialFailureCallback[6: transport=NIO, ssl=JDK, worker-threads=4, nio-threads=1]" classname="io.hekate.messaging.internal.MessagingChannelAggregateTest" time="0.321"/>
  <testcase name="testNonChannelNodes[6: transport=NIO, ssl=JDK, worker-threads=4, nio-threads=1]" classname="io.hekate.messaging.internal.MessagingChannelAggregateTest" time="0.267"/>
  <testcase name="testTopologyChange[6: transport=NIO, ssl=JDK, worker-threads=4, nio-threads=1]" classname="io.hekate.messaging.internal.MessagingChannelAggregateTest" time="0.451"/>
  <testcase name="testCallback[6: transport=NIO, ssl=JDK, worker-threads=4, nio-threads=1]" classname="io.hekate.messaging.internal.MessagingChannelAggregateTest" time="0.395"/>
  <testcase name="testEmptyTopologyCallback[6: transport=NIO, ssl=JDK, worker-threads=4, nio-threads=1]" classname="io.hekate.messaging.internal.MessagingChannelAggregateTest" time="0.25"/>
  <testcase name="testAffinity[6: transport=NIO, ssl=JDK, worker-threads=4, nio-threads=1]" classname="io.hekate.messaging.internal.MessagingChannelAggregateTest" time="1.27"/>
  <testcase name="testFuture[6: transport=NIO, ssl=JDK, worker-threads=4, nio-threads=1]" classname="io.hekate.messaging.internal.MessagingChannelAggregateTest" time="0.309"/>
  <testcase name="testDefaultRouting[6: transport=NIO, ssl=JDK, worker-threads=4, nio-threads=1]" classname="io.hekate.messaging.internal.MessagingChannelAggregateTest" time="0.273"/>
  <testcase name="testPartialFailureFuture[6: transport=NIO, ssl=JDK, worker-threads=4, nio-threads=1]" classname="io.hekate.messaging.internal.MessagingChannelAggregateTest" time="0.263"/>
  <testcase name="testEmptyTopologyFuture[7: transport=NIO, ssl=JDK, worker-threads=5, nio-threads=0]" classname="io.hekate.messaging.internal.MessagingChannelAggregateTest" time="0.207"/>
  <testcase name="testPartialFailureCallback[7: transport=NIO, ssl=JDK, worker-threads=5, nio-threads=0]" classname="io.hekate.messaging.internal.MessagingChannelAggregateTest" time="0.304"/>
  <testcase name="testNonChannelNodes[7: transport=NIO, ssl=JDK, worker-threads=5, nio-threads=0]" classname="io.hekate.messaging.internal.MessagingChannelAggregateTest" time="0.248"/>
  <testcase name="testTopologyChange[7: transport=NIO, ssl=JDK, worker-threads=5, nio-threads=0]" classname="io.hekate.messaging.internal.MessagingChannelAggregateTest" time="0.255"/>
  <testcase name="testCallback[7: transport=NIO, ssl=JDK, worker-threads=5, nio-threads=0]" classname="io.hekate.messaging.internal.MessagingChannelAggregateTest" time="0.261"/>
  <testcase name="testEmptyTopologyCallback[7: transport=NIO, ssl=JDK, worker-threads=5, nio-threads=0]" classname="io.hekate.messaging.internal.MessagingChannelAggregateTest" time="0.217"/>
  <testcase name="testAffinity[7: transport=NIO, ssl=JDK, worker-threads=5, nio-threads=0]" classname="io.hekate.messaging.internal.MessagingChannelAggregateTest" time="1.207"/>
  <testcase name="testFuture[7: transport=NIO, ssl=JDK, worker-threads=5, nio-threads=0]" classname="io.hekate.messaging.internal.MessagingChannelAggregateTest" time="0.269"/>
  <testcase name="testDefaultRouting[7: transport=NIO, ssl=JDK, worker-threads=5, nio-threads=0]" classname="io.hekate.messaging.internal.MessagingChannelAggregateTest" time="0.264"/>
  <testcase name="testPartialFailureFuture[7: transport=NIO, ssl=JDK, worker-threads=5, nio-threads=0]" classname="io.hekate.messaging.internal.MessagingChannelAggregateTest" time="0.248"/>
  <testcase name="testEmptyTopologyFuture[8: transport=NIO, ssl=OPEN_SSL, worker-threads=0, nio-threads=1]" classname="io.hekate.messaging.internal.MessagingChannelAggregateTest" time="0.135"/>
  <testcase name="testPartialFailureCallback[8: transport=NIO, ssl=OPEN_SSL, worker-threads=0, nio-threads=1]" classname="io.hekate.messaging.internal.MessagingChannelAggregateTest" time="0.164"/>
  <testcase name="testNonChannelNodes[8: transport=NIO, ssl=OPEN_SSL, worker-threads=0, nio-threads=1]" classname="io.hekate.messaging.internal.MessagingChannelAggregateTest" time="0.141"/>
  <testcase name="testTopologyChange[8: transport=NIO, ssl=OPEN_SSL, worker-threads=0, nio-threads=1]" classname="io.hekate.messaging.internal.MessagingChannelAggregateTest" time="0.148"/>
  <testcase name="testCallback[8: transport=NIO, ssl=OPEN_SSL, worker-threads=0, nio-threads=1]" classname="io.hekate.messaging.internal.MessagingChannelAggregateTest" time="0.189"/>
  <testcase name="testEmptyTopologyCallback[8: transport=NIO, ssl=OPEN_SSL, worker-threads=0, nio-threads=1]" classname="io.hekate.messaging.internal.MessagingChannelAggregateTest" time="0.138"/>
  <testcase name="testAffinity[8: transport=NIO, ssl=OPEN_SSL, worker-threads=0, nio-threads=1]" classname="io.hekate.messaging.internal.MessagingChannelAggregateTest" time="0.766"/>
  <testcase name="testFuture[8: transport=NIO, ssl=OPEN_SSL, worker-threads=0, nio-threads=1]" classname="io.hekate.messaging.internal.MessagingChannelAggregateTest" time="0.359"/>
  <testcase name="testDefaultRouting[8: transport=NIO, ssl=OPEN_SSL, worker-threads=0, nio-threads=1]" classname="io.hekate.messaging.internal.MessagingChannelAggregateTest" time="0.181"/>
  <testcase name="testPartialFailureFuture[8: transport=NIO, ssl=OPEN_SSL, worker-threads=0, nio-threads=1]" classname="io.hekate.messaging.internal.MessagingChannelAggregateTest" time="0.142"/>
  <testcase name="testEmptyTopologyFuture[9: transport=NIO, ssl=OPEN_SSL, worker-threads=1, nio-threads=1]" classname="io.hekate.messaging.internal.MessagingChannelAggregateTest" time="0.143"/>
  <testcase name="testPartialFailureCallback[9: transport=NIO, ssl=OPEN_SSL, worker-threads=1, nio-threads=1]" classname="io.hekate.messaging.internal.MessagingChannelAggregateTest" time="0.146"/>
  <testcase name="testNonChannelNodes[9: transport=NIO, ssl=OPEN_SSL, worker-threads=1, nio-threads=1]" classname="io.hekate.messaging.internal.MessagingChannelAggregateTest" time="0.128"/>
  <testcase name="testTopologyChange[9: transport=NIO, ssl=OPEN_SSL, worker-threads=1, nio-threads=1]" classname="io.hekate.messaging.internal.MessagingChannelAggregateTest" time="0.231"/>
  <testcase name="testCallback[9: transport=NIO, ssl=OPEN_SSL, worker-threads=1, nio-threads=1]" classname="io.hekate.messaging.internal.MessagingChannelAggregateTest" time="0.263"/>
  <testcase name="testEmptyTopologyCallback[9: transport=NIO, ssl=OPEN_SSL, worker-threads=1, nio-threads=1]" classname="io.hekate.messaging.internal.MessagingChannelAggregateTest" time="0.14"/>
  <testcase name="testAffinity[9: transport=NIO, ssl=OPEN_SSL, worker-threads=1, nio-threads=1]" classname="io.hekate.messaging.internal.MessagingChannelAggregateTest" time="0.914"/>
  <testcase name="testFuture[9: transport=NIO, ssl=OPEN_SSL, worker-threads=1, nio-threads=1]" classname="io.hekate.messaging.internal.MessagingChannelAggregateTest" time="0.163"/>
  <testcase name="testDefaultRouting[9: transport=NIO, ssl=OPEN_SSL, worker-threads=1, nio-threads=1]" classname="io.hekate.messaging.internal.MessagingChannelAggregateTest" time="0.145"/>
  <testcase name="testPartialFailureFuture[9: transport=NIO, ssl=OPEN_SSL, worker-threads=1, nio-threads=1]" classname="io.hekate.messaging.internal.MessagingChannelAggregateTest" time="0.132"/>
  <testcase name="testEmptyTopologyFuture[10: transport=NIO, ssl=OPEN_SSL, worker-threads=4, nio-threads=1]" classname="io.hekate.messaging.internal.MessagingChannelAggregateTest" time="0.117"/>
  <testcase name="testPartialFailureCallback[10: transport=NIO, ssl=OPEN_SSL, worker-threads=4, nio-threads=1]" classname="io.hekate.messaging.internal.MessagingChannelAggregateTest" time="0.138"/>
  <testcase name="testNonChannelNodes[10: transport=NIO, ssl=OPEN_SSL, worker-threads=4, nio-threads=1]" classname="io.hekate.messaging.internal.MessagingChannelAggregateTest" time="0.133"/>
  <testcase name="testTopologyChange[10: transport=NIO, ssl=OPEN_SSL, worker-threads=4, nio-threads=1]" classname="io.hekate.messaging.internal.MessagingChannelAggregateTest" time="0.14"/>
  <testcase name="testCallback[10: transport=NIO, ssl=OPEN_SSL, worker-threads=4, nio-threads=1]" classname="io.hekate.messaging.internal.MessagingChannelAggregateTest" time="0.153"/>
  <testcase name="testEmptyTopologyCallback[10: transport=NIO, ssl=OPEN_SSL, worker-threads=4, nio-threads=1]" classname="io.hekate.messaging.internal.MessagingChannelAggregateTest" time="0.232"/>
  <testcase name="testAffinity[10: transport=NIO, ssl=OPEN_SSL, worker-threads=4, nio-threads=1]" classname="io.hekate.messaging.internal.MessagingChannelAggregateTest" time="0.865"/>
  <testcase name="testFuture[10: transport=NIO, ssl=OPEN_SSL, worker-threads=4, nio-threads=1]" classname="io.hekate.messaging.internal.MessagingChannelAggregateTest" time="0.143"/>
  <testcase name="testDefaultRouting[10: transport=NIO, ssl=OPEN_SSL, worker-threads=4, nio-threads=1]" classname="io.hekate.messaging.internal.MessagingChannelAggregateTest" time="0.231"/>
  <testcase name="testPartialFailureFuture[10: transport=NIO, ssl=OPEN_SSL, worker-threads=4, nio-threads=1]" classname="io.hekate.messaging.internal.MessagingChannelAggregateTest" time="0.143"/>
  <testcase name="testEmptyTopologyFuture[11: transport=NIO, ssl=OPEN_SSL, worker-threads=5, nio-threads=0]" classname="io.hekate.messaging.internal.MessagingChannelAggregateTest" time="0.112"/>
  <testcase name="testPartialFailureCallback[11: transport=NIO, ssl=OPEN_SSL, worker-threads=5, nio-threads=0]" classname="io.hekate.messaging.internal.MessagingChannelAggregateTest" time="0.238"/>
  <testcase name="testNonChannelNodes[11: transport=NIO, ssl=OPEN_SSL, worker-threads=5, nio-threads=0]" classname="io.hekate.messaging.internal.MessagingChannelAggregateTest" time="0.237"/>
  <testcase name="testTopologyChange[11: transport=NIO, ssl=OPEN_SSL, worker-threads=5, nio-threads=0]" classname="io.hekate.messaging.internal.MessagingChannelAggregateTest" time="0.139"/>
  <testcase name="testCallback[11: transport=NIO, ssl=OPEN_SSL, worker-threads=5, nio-threads=0]" classname="io.hekate.messaging.internal.MessagingChannelAggregateTest" time="0.139"/>
  <testcase name="testEmptyTopologyCallback[11: transport=NIO, ssl=OPEN_SSL, worker-threads=5, nio-threads=0]" classname="io.hekate.messaging.internal.MessagingChannelAggregateTest" time="0.139"/>
  <testcase name="testAffinity[11: transport=NIO, ssl=OPEN_SSL, worker-threads=5, nio-threads=0]" classname="io.hekate.messaging.internal.MessagingChannelAggregateTest" time="0.881"/>
  <testcase name="testFuture[11: transport=NIO, ssl=OPEN_SSL, worker-threads=5, nio-threads=0]" classname="io.hekate.messaging.internal.MessagingChannelAggregateTest" time="0.173"/>
  <testcase name="testDefaultRouting[11: transport=NIO, ssl=OPEN_SSL, worker-threads=5, nio-threads=0]" classname="io.hekate.messaging.internal.MessagingChannelAggregateTest" time="0.233"/>
  <testcase name="testPartialFailureFuture[11: transport=NIO, ssl=OPEN_SSL, worker-threads=5, nio-threads=0]" classname="io.hekate.messaging.internal.MessagingChannelAggregateTest" time="0.15"/>
  <testcase name="testEmptyTopologyFuture[12: transport=EPOLL, worker-threads=0, nio-threads=1]" classname="io.hekate.messaging.internal.MessagingChannelAggregateTest" time="0.12"/>
  <testcase name="testPartialFailureCallback[12: transport=EPOLL, worker-threads=0, nio-threads=1]" classname="io.hekate.messaging.internal.MessagingChannelAggregateTest" time="0.063"/>
  <testcase name="testNonChannelNodes[12: transport=EPOLL, worker-threads=0, nio-threads=1]" classname="io.hekate.messaging.internal.MessagingChannelAggregateTest" time="0.12"/>
  <testcase name="testTopologyChange[12: transport=EPOLL, worker-threads=0, nio-threads=1]" classname="io.hekate.messaging.internal.MessagingChannelAggregateTest" time="0.074"/>
  <testcase name="testCallback[12: transport=EPOLL, worker-threads=0, nio-threads=1]" classname="io.hekate.messaging.internal.MessagingChannelAggregateTest" time="0.118"/>
  <testcase name="testEmptyTopologyCallback[12: transport=EPOLL, worker-threads=0, nio-threads=1]" classname="io.hekate.messaging.internal.MessagingChannelAggregateTest" time="0.22"/>
  <testcase name="testAffinity[12: transport=EPOLL, worker-threads=0, nio-threads=1]" classname="io.hekate.messaging.internal.MessagingChannelAggregateTest" time="0.44"/>
  <testcase name="testFuture[12: transport=EPOLL, worker-threads=0, nio-threads=1]" classname="io.hekate.messaging.internal.MessagingChannelAggregateTest" time="0.063"/>
  <testcase name="testDefaultRouting[12: transport=EPOLL, worker-threads=0, nio-threads=1]" classname="io.hekate.messaging.internal.MessagingChannelAggregateTest" time="0.064"/>
  <testcase name="testPartialFailureFuture[12: transport=EPOLL, worker-threads=0, nio-threads=1]" classname="io.hekate.messaging.internal.MessagingChannelAggregateTest" time="0.148"/>
  <testcase name="testEmptyTopologyFuture[13: transport=EPOLL, worker-threads=1, nio-threads=1]" classname="io.hekate.messaging.internal.MessagingChannelAggregateTest" time="0.123"/>
  <testcase name="testPartialFailureCallback[13: transport=EPOLL, worker-threads=1, nio-threads=1]" classname="io.hekate.messaging.internal.MessagingChannelAggregateTest" time="0.075"/>
  <testcase name="testNonChannelNodes[13: transport=EPOLL, worker-threads=1, nio-threads=1]" classname="io.hekate.messaging.internal.MessagingChannelAggregateTest" time="0.119"/>
  <testcase name="testTopologyChange[13: transport=EPOLL, worker-threads=1, nio-threads=1]" classname="io.hekate.messaging.internal.MessagingChannelAggregateTest" time="0.072"/>
  <testcase name="testCallback[13: transport=EPOLL, worker-threads=1, nio-threads=1]" classname="io.hekate.messaging.internal.MessagingChannelAggregateTest" time="0.132"/>
  <testcase name="testEmptyTopologyCallback[13: transport=EPOLL, worker-threads=1, nio-threads=1]" classname="io.hekate.messaging.internal.MessagingChannelAggregateTest" time="0.125"/>
  <testcase name="testAffinity[13: transport=EPOLL, worker-threads=1, nio-threads=1]" classname="io.hekate.messaging.internal.MessagingChannelAggregateTest" time="0.767"/>
  <testcase name="testFuture[13: transport=EPOLL, worker-threads=1, nio-threads=1]" classname="io.hekate.messaging.internal.MessagingChannelAggregateTest" time="0.139"/>
  <testcase name="testDefaultRouting[13: transport=EPOLL, worker-threads=1, nio-threads=1]" classname="io.hekate.messaging.internal.MessagingChannelAggregateTest" time="0.108"/>
  <testcase name="testPartialFailureFuture[13: transport=EPOLL, worker-threads=1, nio-threads=1]" classname="io.hekate.messaging.internal.MessagingChannelAggregateTest" time="0.137"/>
  <testcase name="testEmptyTopologyFuture[14: transport=EPOLL, worker-threads=4, nio-threads=1]" classname="io.hekate.messaging.internal.MessagingChannelAggregateTest" time="0.108"/>
  <testcase name="testPartialFailureCallback[14: transport=EPOLL, worker-threads=4, nio-threads=1]" classname="io.hekate.messaging.internal.MessagingChannelAggregateTest" time="0.101"/>
  <testcase name="testNonChannelNodes[14: transport=EPOLL, worker-threads=4, nio-threads=1]" classname="io.hekate.messaging.internal.MessagingChannelAggregateTest" time="0.147"/>
  <testcase name="testTopologyChange[14: transport=EPOLL, worker-threads=4, nio-threads=1]" classname="io.hekate.messaging.internal.MessagingChannelAggregateTest" time="0.231"/>
  <testcase name="testCallback[14: transport=EPOLL, worker-threads=4, nio-threads=1]" classname="io.hekate.messaging.internal.MessagingChannelAggregateTest" time="0.195"/>
  <testcase name="testEmptyTopologyCallback[14: transport=EPOLL, worker-threads=4, nio-threads=1]" classname="io.hekate.messaging.internal.MessagingChannelAggregateTest" time="0.141"/>
  <testcase name="testAffinity[14: transport=EPOLL, worker-threads=4, nio-threads=1]" classname="io.hekate.messaging.internal.MessagingChannelAggregateTest" time="0.699"/>
  <testcase name="testFuture[14: transport=EPOLL, worker-threads=4, nio-threads=1]" classname="io.hekate.messaging.internal.MessagingChannelAggregateTest" time="0.203"/>
  <testcase name="testDefaultRouting[14: transport=EPOLL, worker-threads=4, nio-threads=1]" classname="io.hekate.messaging.internal.MessagingChannelAggregateTest" time="0.138"/>
  <testcase name="testPartialFailureFuture[14: transport=EPOLL, worker-threads=4, nio-threads=1]" classname="io.hekate.messaging.internal.MessagingChannelAggregateTest" time="0.089"/>
  <testcase name="testEmptyTopologyFuture[15: transport=EPOLL, worker-threads=5, nio-threads=0]" classname="io.hekate.messaging.internal.MessagingChannelAggregateTest" time="0.064"/>
  <testcase name="testPartialFailureCallback[15: transport=EPOLL, worker-threads=5, nio-threads=0]" classname="io.hekate.messaging.internal.MessagingChannelAggregateTest" time="0.061"/>
  <testcase name="testNonChannelNodes[15: transport=EPOLL, worker-threads=5, nio-threads=0]" classname="io.hekate.messaging.internal.MessagingChannelAggregateTest" time="0.124"/>
  <testcase name="testTopologyChange[15: transport=EPOLL, worker-threads=5, nio-threads=0]" classname="io.hekate.messaging.internal.MessagingChannelAggregateTest" time="0.111"/>
  <testcase name="testCallback[15: transport=EPOLL, worker-threads=5, nio-threads=0]" classname="io.hekate.messaging.internal.MessagingChannelAggregateTest" time="0.249"/>
  <testcase name="testEmptyTopologyCallback[15: transport=EPOLL, worker-threads=5, nio-threads=0]" classname="io.hekate.messaging.internal.MessagingChannelAggregateTest" time="0.127"/>
  <testcase name="testAffinity[15: transport=EPOLL, worker-threads=5, nio-threads=0]" classname="io.hekate.messaging.internal.MessagingChannelAggregateTest" time="0.538"/>
  <testcase name="testFuture[15: transport=EPOLL, worker-threads=5, nio-threads=0]" classname="io.hekate.messaging.internal.MessagingChannelAggregateTest" time="0.062"/>
  <testcase name="testDefaultRouting[15: transport=EPOLL, worker-threads=5, nio-threads=0]" classname="io.hekate.messaging.internal.MessagingChannelAggregateTest" time="0.13"/>
  <testcase name="testPartialFailureFuture[15: transport=EPOLL, worker-threads=5, nio-threads=0]" classname="io.hekate.messaging.internal.MessagingChannelAggregateTest" time="0.123"/>
  <testcase name="testEmptyTopologyFuture[16: transport=EPOLL, ssl=JDK, worker-threads=0, nio-threads=1]" classname="io.hekate.messaging.internal.MessagingChannelAggregateTest" time="0.262"/>
  <testcase name="testPartialFailureCallback[16: transport=EPOLL, ssl=JDK, worker-threads=0, nio-threads=1]" classname="io.hekate.messaging.internal.MessagingChannelAggregateTest" time="0.325"/>
  <testcase name="testNonChannelNodes[16: transport=EPOLL, ssl=JDK, worker-threads=0, nio-threads=1]" classname="io.hekate.messaging.internal.MessagingChannelAggregateTest" time="0.364"/>
  <testcase name="testTopologyChange[16: transport=EPOLL, ssl=JDK, worker-threads=0, nio-threads=1]" classname="io.hekate.messaging.internal.MessagingChannelAggregateTest" time="0.294"/>
  <testcase name="testCallback[16: transport=EPOLL, ssl=JDK, worker-threads=0, nio-threads=1]" classname="io.hekate.messaging.internal.MessagingChannelAggregateTest" time="0.285"/>
  <testcase name="testEmptyTopologyCallback[16: transport=EPOLL, ssl=JDK, worker-threads=0, nio-threads=1]" classname="io.hekate.messaging.internal.MessagingChannelAggregateTest" time="0.259"/>
  <testcase name="testAffinity[16: transport=EPOLL, ssl=JDK, worker-threads=0, nio-threads=1]" classname="io.hekate.messaging.internal.MessagingChannelAggregateTest" time="1.124"/>
  <testcase name="testFuture[16: transport=EPOLL, ssl=JDK, worker-threads=0, nio-threads=1]" classname="io.hekate.messaging.internal.MessagingChannelAggregateTest" time="0.283"/>
  <testcase name="testDefaultRouting[16: transport=EPOLL, ssl=JDK, worker-threads=0, nio-threads=1]" classname="io.hekate.messaging.internal.MessagingChannelAggregateTest" time="0.447"/>
  <testcase name="testPartialFailureFuture[16: transport=EPOLL, ssl=JDK, worker-threads=0, nio-threads=1]" classname="io.hekate.messaging.internal.MessagingChannelAggregateTest" time="0.268"/>
  <testcase name="testEmptyTopologyFuture[17: transport=EPOLL, ssl=JDK, worker-threads=1, nio-threads=1]" classname="io.hekate.messaging.internal.MessagingChannelAggregateTest" time="0.222"/>
  <testcase name="testPartialFailureCallback[17: transport=EPOLL, ssl=JDK, worker-threads=1, nio-threads=1]" classname="io.hekate.messaging.internal.MessagingChannelAggregateTest" time="0.247"/>
  <testcase name="testNonChannelNodes[17: transport=EPOLL, ssl=JDK, worker-threads=1, nio-threads=1]" classname="io.hekate.messaging.internal.MessagingChannelAggregateTest" time="0.228"/>
  <testcase name="testTopologyChange[17: transport=EPOLL, ssl=JDK, worker-threads=1, nio-threads=1]" classname="io.hekate.messaging.internal.MessagingChannelAggregateTest" time="0.323"/>
  <testcase name="testCallback[17: transport=EPOLL, ssl=JDK, worker-threads=1, nio-threads=1]" classname="io.hekate.messaging.internal.MessagingChannelAggregateTest" time="0.288"/>
  <testcase name="testEmptyTopologyCallback[17: transport=EPOLL, ssl=JDK, worker-threads=1, nio-threads=1]" classname="io.hekate.messaging.internal.MessagingChannelAggregateTest" time="0.262"/>
  <testcase name="testAffinity[17: transport=EPOLL, ssl=JDK, worker-threads=1, nio-threads=1]" classname="io.hekate.messaging.internal.MessagingChannelAggregateTest" time="0.988"/>
  <testcase name="testFuture[17: transport=EPOLL, ssl=JDK, worker-threads=1, nio-threads=1]" classname="io.hekate.messaging.internal.MessagingChannelAggregateTest" time="0.314"/>
  <testcase name="testDefaultRouting[17: transport=EPOLL, ssl=JDK, worker-threads=1, nio-threads=1]" classname="io.hekate.messaging.internal.MessagingChannelAggregateTest" time="0.445"/>
  <testcase name="testPartialFailureFuture[17: transport=EPOLL, ssl=JDK, worker-threads=1, nio-threads=1]" classname="io.hekate.messaging.internal.MessagingChannelAggregateTest" time="0.265"/>
  <testcase name="testEmptyTopologyFuture[18: transport=EPOLL, ssl=JDK, worker-threads=4, nio-threads=1]" classname="io.hekate.messaging.internal.MessagingChannelAggregateTest" time="0.214"/>
  <testcase name="testPartialFailureCallback[18: transport=EPOLL, ssl=JDK, worker-threads=4, nio-threads=1]" classname="io.hekate.messaging.internal.MessagingChannelAggregateTest" time="0.26"/>
  <testcase name="testNonChannelNodes[18: transport=EPOLL, ssl=JDK, worker-threads=4, nio-threads=1]" classname="io.hekate.messaging.internal.MessagingChannelAggregateTest" time="0.307"/>
  <testcase name="testTopologyChange[18: transport=EPOLL, ssl=JDK, worker-threads=4, nio-threads=1]" classname="io.hekate.messaging.internal.MessagingChannelAggregateTest" time="0.263"/>
  <testcase name="testCallback[18: transport=EPOLL, ssl=JDK, worker-threads=4, nio-threads=1]" classname="io.hekate.messaging.internal.MessagingChannelAggregateTest" time="0.451"/>
  <testcase name="testEmptyTopologyCallback[18: transport=EPOLL, ssl=JDK, worker-threads=4, nio-threads=1]" classname="io.hekate.messaging.internal.MessagingChannelAggregateTest" time="0.282"/>
  <testcase name="testAffinity[18: transport=EPOLL, ssl=JDK, worker-threads=4, nio-threads=1]" classname="io.hekate.messaging.internal.MessagingChannelAggregateTest" time="1.431"/>
  <testcase name="testFuture[18: transport=EPOLL, ssl=JDK, worker-threads=4, nio-threads=1]" classname="io.hekate.messaging.internal.MessagingChannelAggregateTest" time="0.422"/>
  <testcase name="testDefaultRouting[18: transport=EPOLL, ssl=JDK, worker-threads=4, nio-threads=1]" classname="io.hekate.messaging.internal.MessagingChannelAggregateTest" time="0.506"/>
  <testcase name="testPartialFailureFuture[18: transport=EPOLL, ssl=JDK, worker-threads=4, nio-threads=1]" classname="io.hekate.messaging.internal.MessagingChannelAggregateTest" time="0.334"/>
  <testcase name="testEmptyTopologyFuture[19: transport=EPOLL, ssl=JDK, worker-threads=5, nio-threads=0]" classname="io.hekate.messaging.internal.MessagingChannelAggregateTest" time="0.724"/>
  <testcase name="testPartialFailureCallback[19: transport=EPOLL, ssl=JDK, worker-threads=5, nio-threads=0]" classname="io.hekate.messaging.internal.MessagingChannelAggregateTest" time="0.477"/>
  <testcase name="testNonChannelNodes[19: transport=EPOLL, ssl=JDK, worker-threads=5, nio-threads=0]" classname="io.hekate.messaging.internal.MessagingChannelAggregateTest" time="0.329"/>
  <testcase name="testTopologyChange[19: transport=EPOLL, ssl=JDK, worker-threads=5, nio-threads=0]" classname="io.hekate.messaging.internal.MessagingChannelAggregateTest" time="0.463"/>
  <testcase name="testCallback[19: transport=EPOLL, ssl=JDK, worker-threads=5, nio-threads=0]" classname="io.hekate.messaging.internal.MessagingChannelAggregateTest" time="0.626"/>
  <testcase name="testEmptyTopologyCallback[19: transport=EPOLL, ssl=JDK, worker-threads=5, nio-threads=0]" classname="io.hekate.messaging.internal.MessagingChannelAggregateTest" time="0.265"/>
  <testcase name="testAffinity[19: transport=EPOLL, ssl=JDK, worker-threads=5, nio-threads=0]" classname="io.hekate.messaging.internal.MessagingChannelAggregateTest" time="1.279"/>
  <testcase name="testFuture[19: transport=EPOLL, ssl=JDK, worker-threads=5, nio-threads=0]" classname="io.hekate.messaging.internal.MessagingChannelAggregateTest" time="0.449"/>
  <testcase name="testDefaultRouting[19: transport=EPOLL, ssl=JDK, worker-threads=5, nio-threads=0]" classname="io.hekate.messaging.internal.MessagingChannelAggregateTest" time="0.484"/>
  <testcase name="testPartialFailureFuture[19: transport=EPOLL, ssl=JDK, worker-threads=5, nio-threads=0]" classname="io.hekate.messaging.internal.MessagingChannelAggregateTest" time="0.288"/>
  <testcase name="testEmptyTopologyFuture[20: transport=EPOLL, ssl=OPEN_SSL, worker-threads=0, nio-threads=1]" classname="io.hekate.messaging.internal.MessagingChannelAggregateTest" time="0.14"/>
  <testcase name="testPartialFailureCallback[20: transport=EPOLL, ssl=OPEN_SSL, worker-threads=0, nio-threads=1]" classname="io.hekate.messaging.internal.MessagingChannelAggregateTest" time="0.214"/>
  <testcase name="testNonChannelNodes[20: transport=EPOLL, ssl=OPEN_SSL, worker-threads=0, nio-threads=1]" classname="io.hekate.messaging.internal.MessagingChannelAggregateTest" time="0.144"/>
  <testcase name="testTopologyChange[20: transport=EPOLL, ssl=OPEN_SSL, worker-threads=0, nio-threads=1]" classname="io.hekate.messaging.internal.MessagingChannelAggregateTest" time="0.141"/>
  <testcase name="testCallback[20: transport=EPOLL, ssl=OPEN_SSL, worker-threads=0, nio-threads=1]" classname="io.hekate.messaging.internal.MessagingChannelAggregateTest" time="0.134"/>
  <testcase name="testEmptyTopologyCallback[20: transport=EPOLL, ssl=OPEN_SSL, worker-threads=0, nio-threads=1]" classname="io.hekate.messaging.internal.MessagingChannelAggregateTest" time="0.105"/>
  <testcase name="testAffinity[20: transport=EPOLL, ssl=OPEN_SSL, worker-threads=0, nio-threads=1]" classname="io.hekate.messaging.internal.MessagingChannelAggregateTest" time="0.666"/>
  <testcase name="testFuture[20: transport=EPOLL, ssl=OPEN_SSL, worker-threads=0, nio-threads=1]" classname="io.hekate.messaging.internal.MessagingChannelAggregateTest" time="0.135"/>
  <testcase name="testDefaultRouting[20: transport=EPOLL, ssl=OPEN_SSL, worker-threads=0, nio-threads=1]" classname="io.hekate.messaging.internal.MessagingChannelAggregateTest" time="0.148"/>
  <testcase name="testPartialFailureFuture[20: transport=EPOLL, ssl=OPEN_SSL, worker-threads=0, nio-threads=1]" classname="io.hekate.messaging.internal.MessagingChannelAggregateTest" time="0.149"/>
  <testcase name="testEmptyTopologyFuture[21: transport=EPOLL, ssl=OPEN_SSL, worker-threads=1, nio-threads=1]" classname="io.hekate.messaging.internal.MessagingChannelAggregateTest" time="0.137"/>
  <testcase name="testPartialFailureCallback[21: transport=EPOLL, ssl=OPEN_SSL, worker-threads=1, nio-threads=1]" classname="io.hekate.messaging.internal.MessagingChannelAggregateTest" time="0.138"/>
  <testcase name="testNonChannelNodes[21: transport=EPOLL, ssl=OPEN_SSL, worker-threads=1, nio-threads=1]" classname="io.hekate.messaging.internal.MessagingChannelAggregateTest" time="0.231"/>
  <testcase name="testTopologyChange[21: transport=EPOLL, ssl=OPEN_SSL, worker-threads=1, nio-threads=1]" classname="io.hekate.messaging.internal.MessagingChannelAggregateTest" time="0.129"/>
  <testcase name="testCallback[21: transport=EPOLL, ssl=OPEN_SSL, worker-threads=1, nio-threads=1]" classname="io.hekate.messaging.internal.MessagingChannelAggregateTest" time="0.232"/>
  <testcase name="testEmptyTopologyCallback[21: transport=EPOLL, ssl=OPEN_SSL, worker-threads=1, nio-threads=1]" classname="io.hekate.messaging.internal.MessagingChannelAggregateTest" time="0.15"/>
  <testcase name="testAffinity[21: transport=EPOLL, ssl=OPEN_SSL, worker-threads=1, nio-threads=1]" classname="io.hekate.messaging.internal.MessagingChannelAggregateTest" time="0.691"/>
  <testcase name="testFuture[21: transport=EPOLL, ssl=OPEN_SSL, worker-threads=1, nio-threads=1]" classname="io.hekate.messaging.internal.MessagingChannelAggregateTest" time="0.139"/>
  <testcase name="testDefaultRouting[21: transport=EPOLL, ssl=OPEN_SSL, worker-threads=1, nio-threads=1]" classname="io.hekate.messaging.internal.MessagingChannelAggregateTest" time="0.181"/>
  <testcase name="testPartialFailureFuture[21: transport=EPOLL, ssl=OPEN_SSL, worker-threads=1, nio-threads=1]" classname="io.hekate.messaging.internal.MessagingChannelAggregateTest" time="0.161"/>
  <testcase name="testEmptyTopologyFuture[22: transport=EPOLL, ssl=OPEN_SSL, worker-threads=4, nio-threads=1]" classname="io.hekate.messaging.internal.MessagingChannelAggregateTest" time="0.109"/>
  <testcase name="testPartialFailureCallback[22: transport=EPOLL, ssl=OPEN_SSL, worker-threads=4, nio-threads=1]" classname="io.hekate.messaging.internal.MessagingChannelAggregateTest" time="0.175"/>
  <testcase name="testNonChannelNodes[22: transport=EPOLL, ssl=OPEN_SSL, worker-threads=4, nio-threads=1]" classname="io.hekate.messaging.internal.MessagingChannelAggregateTest" time="0.232"/>
  <testcase name="testTopologyChange[22: transport=EPOLL, ssl=OPEN_SSL, worker-threads=4, nio-threads=1]" classname="io.hekate.messaging.internal.MessagingChannelAggregateTest" time="0.167"/>
  <testcase name="testCallback[22: transport=EPOLL, ssl=OPEN_SSL, worker-threads=4, nio-threads=1]" classname="io.hekate.messaging.internal.MessagingChannelAggregateTest" time="0.252"/>
  <testcase name="testEmptyTopologyCallback[22: transport=EPOLL, ssl=OPEN_SSL, worker-threads=4, nio-threads=1]" classname="io.hekate.messaging.internal.MessagingChannelAggregateTest" time="0.171"/>
  <testcase name="testAffinity[22: transport=EPOLL, ssl=OPEN_SSL, worker-threads=4, nio-threads=1]" classname="io.hekate.messaging.internal.MessagingChannelAggregateTest" time="0.798"/>
  <testcase name="testFuture[22: transport=EPOLL, ssl=OPEN_SSL, worker-threads=4, nio-threads=1]" classname="io.hekate.messaging.internal.MessagingChannelAggregateTest" time="0.14"/>
  <testcase name="testDefaultRouting[22: transport=EPOLL, ssl=OPEN_SSL, worker-threads=4, nio-threads=1]" classname="io.hekate.messaging.internal.MessagingChannelAggregateTest" time="0.147"/>
  <testcase name="testPartialFailureFuture[22: transport=EPOLL, ssl=OPEN_SSL, worker-threads=4, nio-threads=1]" classname="io.hekate.messaging.internal.MessagingChannelAggregateTest" time="0.138"/>
  <testcase name="testEmptyTopologyFuture[23: transport=EPOLL, ssl=OPEN_SSL, worker-threads=5, nio-threads=0]" classname="io.hekate.messaging.internal.MessagingChannelAggregateTest" time="0.159"/>
  <testcase name="testPartialFailureCallback[23: transport=EPOLL, ssl=OPEN_SSL, worker-threads=5, nio-threads=0]" classname="io.hekate.messaging.internal.MessagingChannelAggregateTest" time="0.176"/>
  <testcase name="testNonChannelNodes[23: transport=EPOLL, ssl=OPEN_SSL, worker-threads=5, nio-threads=0]" classname="io.hekate.messaging.internal.MessagingChannelAggregateTest" time="0.161"/>
  <testcase name="testTopologyChange[23: transport=EPOLL, ssl=OPEN_SSL, worker-threads=5, nio-threads=0]" classname="io.hekate.messaging.internal.MessagingChannelAggregateTest" time="0.129"/>
  <testcase name="testCallback[23: transport=EPOLL, ssl=OPEN_SSL, worker-threads=5, nio-threads=0]" classname="io.hekate.messaging.internal.MessagingChannelAggregateTest" time="0.154"/>
  <testcase name="testEmptyTopologyCallback[23: transport=EPOLL, ssl=OPEN_SSL, worker-threads=5, nio-threads=0]" classname="io.hekate.messaging.internal.MessagingChannelAggregateTest" time="0.137"/>
  <testcase name="testAffinity[23: transport=EPOLL, ssl=OPEN_SSL, worker-threads=5, nio-threads=0]" classname="io.hekate.messaging.internal.MessagingChannelAggregateTest" time="0.706"/>
  <testcase name="testFuture[23: transport=EPOLL, ssl=OPEN_SSL, worker-threads=5, nio-threads=0]" classname="io.hekate.messaging.internal.MessagingChannelAggregateTest" time="0.306"/>
  <testcase name="testDefaultRouting[23: transport=EPOLL, ssl=OPEN_SSL, worker-threads=5, nio-threads=0]" classname="io.hekate.messaging.internal.MessagingChannelAggregateTest" time="0.151"/>
  <testcase name="testPartialFailureFuture[23: transport=EPOLL, ssl=OPEN_SSL, worker-threads=5, nio-threads=0]" classname="io.hekate.messaging.internal.MessagingChannelAggregateTest" time="0.137"/>
</testsuite>