<?xml version="1.0" encoding="UTF-8"?>
<testsuite xmlns:xsi="http://www.w3.org/2001/XMLSchema-instance" xsi:schemaLocation="https://maven.apache.org/surefire/maven-surefire-plugin/xsd/surefire-test-report.xsd" name="io.hekate.lock.internal.LockMigrationTest" time="135.855" tests="240" errors="0" skipped="0" failures="0">
  <properties>
    <property name="java.runtime.name" value="OpenJDK Runtime Environment"/>
    <property name="sun.boot.library.path" value="/usr/lib/jvm/java-8-openjdk-amd64/jre/lib/amd64"/>
    <property name="java.vm.version" value="25.121-b13"/>
    <property name="java.vm.vendor" value="Oracle Corporation"/>
    <property name="maven.multiModuleProjectDirectory" value="/root/workspace/hekate-io/hekate/390728782"/>
    <property name="java.vendor.url" value="http://java.oracle.com/"/>
    <property name="path.separator" value=":"/>
    <property name="guice.disable.misplaced.annotation.check" value="true"/>
    <property name="skip.gulp" value="true"/>
    <property name="java.vm.name" value="OpenJDK 64-Bit Server VM"/>
    <property name="file.encoding.pkg" value="sun.io"/>
    <property name="sun.java.launcher" value="SUN_STANDARD"/>
    <property name="sun.os.patch.level" value="unknown"/>
    <property name="findbugs.skip" value="true"/>
    <property name="java.vm.specification.name" value="Java Virtual Machine Specification"/>
    <property name="user.dir" value="/root/workspace/hekate-io/hekate/390728782"/>
    <property name="checkstyle.skip" value="true"/>
    <property name="java.runtime.version" value="1.8.0_121-8u121-b13-1~bpo8+1-b13"/>
    <property name="java.awt.graphicsenv" value="sun.awt.X11GraphicsEnvironment"/>
    <property name="skip.npm" value="true"/>
    <property name="java.endorsed.dirs" value="/usr/lib/jvm/java-8-openjdk-amd64/jre/lib/endorsed"/>
    <property name="os.arch" value="amd64"/>
    <property name="java.io.tmpdir" value="/tmp"/>
    <property name="gpg.skip" value="true"/>
    <property name="line.separator" value="&#10;"/>
    <property name="java.vm.specification.vendor" value="Oracle Corporation"/>
    <property name="cobertura.skip" value="true"/>
    <property name="os.name" value="Linux"/>
    <property name="classworlds.conf" value="/usr/share/maven/bin/m2.conf"/>
    <property name="sun.jnu.encoding" value="UTF-8"/>
    <property name="java.library.path" value="/usr/java/packages/lib/amd64:/usr/lib/x86_64-linux-gnu/jni:/lib/x86_64-linux-gnu:/usr/lib/x86_64-linux-gnu:/usr/lib/jni:/lib:/usr/lib"/>
    <property name="license.skip" value="true"/>
    <property name="java.specification.name" value="Java Platform API Specification"/>
    <property name="java.class.version" value="52.0"/>
    <property name="org.slf4j.simpleLogger.levelInBrackets" value="true"/>
    <property name="sun.management.compiler" value="HotSpot 64-Bit Tiered Compilers"/>
    <property name="skip.bower" value="true"/>
    <property name="maven.repo.local" value="/root/./workspace/hekate-io/hekate/390728782/.m2"/>
    <property name="os.version" value="3.10.0-862.3.2.el7.x86_64"/>
    <property name="user.home" value="/root"/>
    <property name="user.timezone" value="Europe/Paris"/>
    <property name="java.awt.printerjob" value="sun.print.PSPrinterJob"/>
    <property name="java.specification.version" value="1.8"/>
    <property name="file.encoding" value="UTF-8"/>
    <property name="user.name" value="root"/>
    <property name="java.class.path" value="/usr/share/maven/boot/plexus-classworlds-2.5.2.jar"/>
    <property name="skipITs" value="true"/>
    <property name="java.vm.specification.version" value="1.8"/>
    <property name="sun.arch.data.model" value="64"/>
    <property name="java.home" value="/usr/lib/jvm/java-8-openjdk-amd64/jre"/>
    <property name="sun.java.command" value="org.codehaus.plexus.classworlds.launcher.Launcher -B -D enforcer.skip=true -D dependency-check.skip=true -D skipITs=true -D cobertura.skip=true -D maven.repo.local=/root/./workspace/hekate-io/hekate/390728782/.m2 -D rat.skip=true -D findbugs.skip=true -D skip.bower=true -D gpg.skip=true -D checkstyle.skip=true -D skip.gulp=true -D license.skip=true -D skip.npm=true test"/>
    <property name="java.specification.vendor" value="Oracle Corporation"/>
    <property name="user.language" value="en"/>
    <property name="awt.toolkit" value="sun.awt.X11.XToolkit"/>
    <property name="dependency-check.skip" value="true"/>
    <property name="java.vm.info" value="mixed mode"/>
    <property name="java.version" value="1.8.0_121"/>
    <property name="java.ext.dirs" value="/usr/lib/jvm/java-8-openjdk-amd64/jre/lib/ext:/usr/java/packages/lib/ext"/>
    <property name="securerandom.source" value="file:/dev/./urandom"/>
    <property name="sun.boot.class.path" value="/usr/lib/jvm/java-8-openjdk-amd64/jre/lib/resources.jar:/usr/lib/jvm/java-8-openjdk-amd64/jre/lib/rt.jar:/usr/lib/jvm/java-8-openjdk-amd64/jre/lib/sunrsasign.jar:/usr/lib/jvm/java-8-openjdk-amd64/jre/lib/jsse.jar:/usr/lib/jvm/java-8-openjdk-amd64/jre/lib/jce.jar:/usr/lib/jvm/java-8-openjdk-amd64/jre/lib/charsets.jar:/usr/lib/jvm/java-8-openjdk-amd64/jre/lib/jfr.jar:/usr/lib/jvm/java-8-openjdk-amd64/jre/classes"/>
    <property name="java.vendor" value="Oracle Corporation"/>
    <property name="enforcer.skip" value="true"/>
    <property name="rat.skip" value="true"/>
    <property name="maven.home" value="/usr/share/maven"/>
    <property name="file.separator" value="/"/>
    <property name="java.vendor.url.bug" value="http://bugreport.sun.com/bugreport/"/>
    <property name="sun.cpu.endian" value="little"/>
    <property name="sun.io.unicode.encoding" value="UnicodeLittle"/>
    <property name="org.slf4j.simpleLogger.showThreadName" value="false"/>
    <property name="sun.cpu.isalist" value=""/>
  </properties>
  <testcase name="testMigrationWithQueuedLock[0: transport=NIO, worker-threads=1, nio-threads=0]" classname="io.hekate.lock.internal.LockMigrationTest" time="0.367"/>
  <testcase name="testCoordinatorLeaveOnPrepareReceived[0: transport=NIO, worker-threads=1, nio-threads=0]" classname="io.hekate.lock.internal.LockMigrationTest" time="0.353"/>
  <testcase name="testNodeLeaveOnApply[0: transport=NIO, worker-threads=1, nio-threads=0]" classname="io.hekate.lock.internal.LockMigrationTest" time="0.356"/>
  <testcase name="testCoordinatorLeaveOnPrepareSent[0: transport=NIO, worker-threads=1, nio-threads=0]" classname="io.hekate.lock.internal.LockMigrationTest" time="0.359"/>
  <testcase name="testNodeJoinOnPrepare[0: transport=NIO, worker-threads=1, nio-threads=0]" classname="io.hekate.lock.internal.LockMigrationTest" time="0.423"/>
  <testcase name="testNodeJoinOnApply[0: transport=NIO, worker-threads=1, nio-threads=0]" classname="io.hekate.lock.internal.LockMigrationTest" time="0.45"/>
  <testcase name="testNoMigrationWhenNonLockServiceNodeJoins[0: transport=NIO, worker-threads=1, nio-threads=0]" classname="io.hekate.lock.internal.LockMigrationTest" time="0.431"/>
  <testcase name="testNoMigrationWhenOtherRegionNodeJoins[0: transport=NIO, worker-threads=1, nio-threads=0]" classname="io.hekate.lock.internal.LockMigrationTest" time="0.427"/>
  <testcase name="testCoordinatorLeaveOnApplySent[0: transport=NIO, worker-threads=1, nio-threads=0]" classname="io.hekate.lock.internal.LockMigrationTest" time="0.356"/>
  <testcase name="testNodeLeaveOnPrepare[0: transport=NIO, worker-threads=1, nio-threads=0]" classname="io.hekate.lock.internal.LockMigrationTest" time="0.351"/>
  <testcase name="testMigrationWithQueuedLock[1: transport=NIO, worker-threads=1, nio-threads=1]" classname="io.hekate.lock.internal.LockMigrationTest" time="0.327"/>
  <testcase name="testCoordinatorLeaveOnPrepareReceived[1: transport=NIO, worker-threads=1, nio-threads=1]" classname="io.hekate.lock.internal.LockMigrationTest" time="0.301"/>
  <testcase name="testNodeLeaveOnApply[1: transport=NIO, worker-threads=1, nio-threads=1]" classname="io.hekate.lock.internal.LockMigrationTest" time="0.393"/>
  <testcase name="testCoordinatorLeaveOnPrepareSent[1: transport=NIO, worker-threads=1, nio-threads=1]" classname="io.hekate.lock.internal.LockMigrationTest" time="0.366"/>
  <testcase name="testNodeJoinOnPrepare[1: transport=NIO, worker-threads=1, nio-threads=1]" classname="io.hekate.lock.internal.LockMigrationTest" time="0.428"/>
  <testcase name="testNodeJoinOnApply[1: transport=NIO, worker-threads=1, nio-threads=1]" classname="io.hekate.lock.internal.LockMigrationTest" time="0.463"/>
  <testcase name="testNoMigrationWhenNonLockServiceNodeJoins[1: transport=NIO, worker-threads=1, nio-threads=1]" classname="io.hekate.lock.internal.LockMigrationTest" time="0.522"/>
  <testcase name="testNoMigrationWhenOtherRegionNodeJoins[1: transport=NIO, worker-threads=1, nio-threads=1]" classname="io.hekate.lock.internal.LockMigrationTest" time="0.334"/>
  <testcase name="testCoordinatorLeaveOnApplySent[1: transport=NIO, worker-threads=1, nio-threads=1]" classname="io.hekate.lock.internal.LockMigrationTest" time="0.38"/>
  <testcase name="testNodeLeaveOnPrepare[1: transport=NIO, worker-threads=1, nio-threads=1]" classname="io.hekate.lock.internal.LockMigrationTest" time="0.344"/>
  <testcase name="testMigrationWithQueuedLock[2: transport=NIO, worker-threads=2, nio-threads=1]" classname="io.hekate.lock.internal.LockMigrationTest" time="0.345"/>
  <testcase name="testCoordinatorLeaveOnPrepareReceived[2: transport=NIO, worker-threads=2, nio-threads=1]" classname="io.hekate.lock.internal.LockMigrationTest" time="0.332"/>
  <testcase name="testNodeLeaveOnApply[2: transport=NIO, worker-threads=2, nio-threads=1]" classname="io.hekate.lock.internal.LockMigrationTest" time="0.328"/>
  <testcase name="testCoordinatorLeaveOnPrepareSent[2: transport=NIO, worker-threads=2, nio-threads=1]" classname="io.hekate.lock.internal.LockMigrationTest" time="0.356"/>
  <testcase name="testNodeJoinOnPrepare[2: transport=NIO, worker-threads=2, nio-threads=1]" classname="io.hekate.lock.internal.LockMigrationTest" time="0.42"/>
  <testcase name="testNodeJoinOnApply[2: transport=NIO, worker-threads=2, nio-threads=1]" classname="io.hekate.lock.internal.LockMigrationTest" time="0.392"/>
  <testcase name="testNoMigrationWhenNonLockServiceNodeJoins[2: transport=NIO, worker-threads=2, nio-threads=1]" classname="io.hekate.lock.internal.LockMigrationTest" time="0.325"/>
  <testcase name="testNoMigrationWhenOtherRegionNodeJoins[2: transport=NIO, worker-threads=2, nio-threads=1]" classname="io.hekate.lock.internal.LockMigrationTest" time="0.407"/>
  <testcase name="testCoordinatorLeaveOnApplySent[2: transport=NIO, worker-threads=2, nio-threads=1]" classname="io.hekate.lock.internal.LockMigrationTest" time="0.348"/>
  <testcase name="testNodeLeaveOnPrepare[2: transport=NIO, worker-threads=2, nio-threads=1]" classname="io.hekate.lock.internal.LockMigrationTest" time="0.337"/>
  <testcase name="testMigrationWithQueuedLock[3: transport=NIO, worker-threads=2, nio-threads=2]" classname="io.hekate.lock.internal.LockMigrationTest" time="0.325"/>
  <testcase name="testCoordinatorLeaveOnPrepareReceived[3: transport=NIO, worker-threads=2, nio-threads=2]" classname="io.hekate.lock.internal.LockMigrationTest" time="0.425"/>
  <testcase name="testNodeLeaveOnApply[3: transport=NIO, worker-threads=2, nio-threads=2]" classname="io.hekate.lock.internal.LockMigrationTest" time="0.366"/>
  <testcase name="testCoordinatorLeaveOnPrepareSent[3: transport=NIO, worker-threads=2, nio-threads=2]" classname="io.hekate.lock.internal.LockMigrationTest" time="0.35"/>
  <testcase name="testNodeJoinOnPrepare[3: transport=NIO, worker-threads=2, nio-threads=2]" classname="io.hekate.lock.internal.LockMigrationTest" time="0.52"/>
  <testcase name="testNodeJoinOnApply[3: transport=NIO, worker-threads=2, nio-threads=2]" classname="io.hekate.lock.internal.LockMigrationTest" time="0.458"/>
  <testcase name="testNoMigrationWhenNonLockServiceNodeJoins[3: transport=NIO, worker-threads=2, nio-threads=2]" classname="io.hekate.lock.internal.LockMigrationTest" time="0.432"/>
  <testcase name="testNoMigrationWhenOtherRegionNodeJoins[3: transport=NIO, worker-threads=2, nio-threads=2]" classname="io.hekate.lock.internal.LockMigrationTest" time="0.531"/>
  <testcase name="testCoordinatorLeaveOnApplySent[3: transport=NIO, worker-threads=2, nio-threads=2]" classname="io.hekate.lock.internal.LockMigrationTest" time="0.317"/>
  <testcase name="testNodeLeaveOnPrepare[3: transport=NIO, worker-threads=2, nio-threads=2]" classname="io.hekate.lock.internal.LockMigrationTest" time="0.357"/>
  <testcase name="testMigrationWithQueuedLock[4: transport=NIO, ssl=JDK, worker-threads=1, nio-threads=0]" classname="io.hekate.lock.internal.LockMigrationTest" time="0.821"/>
  <testcase name="testCoordinatorLeaveOnPrepareReceived[4: transport=NIO, ssl=JDK, worker-threads=1, nio-threads=0]" classname="io.hekate.lock.internal.LockMigrationTest" time="0.668"/>
  <testcase name="testNodeLeaveOnApply[4: transport=NIO, ssl=JDK, worker-threads=1, nio-threads=0]" classname="io.hekate.lock.internal.LockMigrationTest" time="0.62"/>
  <testcase name="testCoordinatorLeaveOnPrepareSent[4: transport=NIO, ssl=JDK, worker-threads=1, nio-threads=0]" classname="io.hekate.lock.internal.LockMigrationTest" time="0.619"/>
  <testcase name="testNodeJoinOnPrepare[4: transport=NIO, ssl=JDK, worker-threads=1, nio-threads=0]" classname="io.hekate.lock.internal.LockMigrationTest" time="1.068"/>
  <testcase name="testNodeJoinOnApply[4: transport=NIO, ssl=JDK, worker-threads=1, nio-threads=0]" classname="io.hekate.lock.internal.LockMigrationTest" time="0.835"/>
  <testcase name="testNoMigrationWhenNonLockServiceNodeJoins[4: transport=NIO, ssl=JDK, worker-threads=1, nio-threads=0]" classname="io.hekate.lock.internal.LockMigrationTest" time="0.856"/>
  <testcase name="testNoMigrationWhenOtherRegionNodeJoins[4: transport=NIO, ssl=JDK, worker-threads=1, nio-threads=0]" classname="io.hekate.lock.internal.LockMigrationTest" time="0.886"/>
  <testcase name="testCoordinatorLeaveOnApplySent[4: transport=NIO, ssl=JDK, worker-threads=1, nio-threads=0]" classname="io.hekate.lock.internal.LockMigrationTest" time="0.651"/>
  <testcase name="testNodeLeaveOnPrepare[4: transport=NIO, ssl=JDK, worker-threads=1, nio-threads=0]" classname="io.hekate.lock.internal.LockMigrationTest" time="0.799"/>
  <testcase name="testMigrationWithQueuedLock[5: transport=NIO, ssl=JDK, worker-threads=1, nio-threads=1]" classname="io.hekate.lock.internal.LockMigrationTest" time="0.693"/>
  <testcase name="testCoordinatorLeaveOnPrepareReceived[5: transport=NIO, ssl=JDK, worker-threads=1, nio-threads=1]" classname="io.hekate.lock.internal.LockMigrationTest" time="0.627"/>
  <testcase name="testNodeLeaveOnApply[5: transport=NIO, ssl=JDK, worker-threads=1, nio-threads=1]" classname="io.hekate.lock.internal.LockMigrationTest" time="0.62"/>
  <testcase name="testCoordinatorLeaveOnPrepareSent[5: transport=NIO, ssl=JDK, worker-threads=1, nio-threads=1]" classname="io.hekate.lock.internal.LockMigrationTest" time="0.663"/>
  <testcase name="testNodeJoinOnPrepare[5: transport=NIO, ssl=JDK, worker-threads=1, nio-threads=1]" classname="io.hekate.lock.internal.LockMigrationTest" time="0.82"/>
  <testcase name="testNodeJoinOnApply[5: transport=NIO, ssl=JDK, worker-threads=1, nio-threads=1]" classname="io.hekate.lock.internal.LockMigrationTest" time="0.857"/>
  <testcase name="testNoMigrationWhenNonLockServiceNodeJoins[5: transport=NIO, ssl=JDK, worker-threads=1, nio-threads=1]" classname="io.hekate.lock.internal.LockMigrationTest" time="0.64"/>
  <testcase name="testNoMigrationWhenOtherRegionNodeJoins[5: transport=NIO, ssl=JDK, worker-threads=1, nio-threads=1]" classname="io.hekate.lock.internal.LockMigrationTest" time="0.962"/>
  <testcase name="testCoordinatorLeaveOnApplySent[5: transport=NIO, ssl=JDK, worker-threads=1, nio-threads=1]" classname="io.hekate.lock.internal.LockMigrationTest" time="0.668"/>
  <testcase name="testNodeLeaveOnPrepare[5: transport=NIO, ssl=JDK, worker-threads=1, nio-threads=1]" classname="io.hekate.lock.internal.LockMigrationTest" time="0.699"/>
  <testcase name="testMigrationWithQueuedLock[6: transport=NIO, ssl=JDK, worker-threads=2, nio-threads=1]" classname="io.hekate.lock.internal.LockMigrationTest" time="0.704"/>
  <testcase name="testCoordinatorLeaveOnPrepareReceived[6: transport=NIO, ssl=JDK, worker-threads=2, nio-threads=1]" classname="io.hekate.lock.internal.LockMigrationTest" time="0.777"/>
  <testcase name="testNodeLeaveOnApply[6: transport=NIO, ssl=JDK, worker-threads=2, nio-threads=1]" classname="io.hekate.lock.internal.LockMigrationTest" time="0.684"/>
  <testcase name="testCoordinatorLeaveOnPrepareSent[6: transport=NIO, ssl=JDK, worker-threads=2, nio-threads=1]" classname="io.hekate.lock.internal.LockMigrationTest" time="0.604"/>
  <testcase name="testNodeJoinOnPrepare[6: transport=NIO, ssl=JDK, worker-threads=2, nio-threads=1]" classname="io.hekate.lock.internal.LockMigrationTest" time="0.869"/>
  <testcase name="testNodeJoinOnApply[6: transport=NIO, ssl=JDK, worker-threads=2, nio-threads=1]" classname="io.hekate.lock.internal.LockMigrationTest" time="0.831"/>
  <testcase name="testNoMigrationWhenNonLockServiceNodeJoins[6: transport=NIO, ssl=JDK, worker-threads=2, nio-threads=1]" classname="io.hekate.lock.internal.LockMigrationTest" time="0.887"/>
  <testcase name="testNoMigrationWhenOtherRegionNodeJoins[6: transport=NIO, ssl=JDK, worker-threads=2, nio-threads=1]" classname="io.hekate.lock.internal.LockMigrationTest" time="0.706"/>
  <testcase name="testCoordinatorLeaveOnApplySent[6: transport=NIO, ssl=JDK, worker-threads=2, nio-threads=1]" classname="io.hekate.lock.internal.LockMigrationTest" time="0.642"/>
  <testcase name="testNodeLeaveOnPrepare[6: transport=NIO, ssl=JDK, worker-threads=2, nio-threads=1]" classname="io.hekate.lock.internal.LockMigrationTest" time="0.595"/>
  <testcase name="testMigrationWithQueuedLock[7: transport=NIO, ssl=JDK, worker-threads=2, nio-threads=2]" classname="io.hekate.lock.internal.LockMigrationTest" time="0.598"/>
  <testcase name="testCoordinatorLeaveOnPrepareReceived[7: transport=NIO, ssl=JDK, worker-threads=2, nio-threads=2]" classname="io.hekate.lock.internal.LockMigrationTest" time="0.656"/>
  <testcase name="testNodeLeaveOnApply[7: transport=NIO, ssl=JDK, worker-threads=2, nio-threads=2]" classname="io.hekate.lock.internal.LockMigrationTest" time="0.642"/>
  <testcase name="testCoordinatorLeaveOnPrepareSent[7: transport=NIO, ssl=JDK, worker-threads=2, nio-threads=2]" classname="io.hekate.lock.internal.LockMigrationTest" time="0.617"/>
  <testcase name="testNodeJoinOnPrepare[7: transport=NIO, ssl=JDK, worker-threads=2, nio-threads=2]" classname="io.hekate.lock.internal.LockMigrationTest" time="0.837"/>
  <testcase name="testNodeJoinOnApply[7: transport=NIO, ssl=JDK, worker-threads=2, nio-threads=2]" classname="io.hekate.lock.internal.LockMigrationTest" time="0.844"/>
  <testcase name="testNoMigrationWhenNonLockServiceNodeJoins[7: transport=NIO, ssl=JDK, worker-threads=2, nio-threads=2]" classname="io.hekate.lock.internal.LockMigrationTest" time="0.901"/>
  <testcase name="testNoMigrationWhenOtherRegionNodeJoins[7: transport=NIO, ssl=JDK, worker-threads=2, nio-threads=2]" classname="io.hekate.lock.internal.LockMigrationTest" time="1.12"/>
  <testcase name="testCoordinatorLeaveOnApplySent[7: transport=NIO, ssl=JDK, worker-threads=2, nio-threads=2]" classname="io.hekate.lock.internal.LockMigrationTest" time="0.795"/>
  <testcase name="testNodeLeaveOnPrepare[7: transport=NIO, ssl=JDK, worker-threads=2, nio-threads=2]" classname="io.hekate.lock.internal.LockMigrationTest" time="0.83"/>
  <testcase name="testMigrationWithQueuedLock[8: transport=NIO, ssl=OPEN_SSL, worker-threads=1, nio-threads=0]" classname="io.hekate.lock.internal.LockMigrationTest" time="0.773"/>
  <testcase name="testCoordinatorLeaveOnPrepareReceived[8: transport=NIO, ssl=OPEN_SSL, worker-threads=1, nio-threads=0]" classname="io.hekate.lock.internal.LockMigrationTest" time="0.645"/>
  <testcase name="testNodeLeaveOnApply[8: transport=NIO, ssl=OPEN_SSL, worker-threads=1, nio-threads=0]" classname="io.hekate.lock.internal.LockMigrationTest" time="0.756"/>
  <testcase name="testCoordinatorLeaveOnPrepareSent[8: transport=NIO, ssl=OPEN_SSL, worker-threads=1, nio-threads=0]" classname="io.hekate.lock.internal.LockMigrationTest" time="0.697"/>
  <testcase name="testNodeJoinOnPrepare[8: transport=NIO, ssl=OPEN_SSL, worker-threads=1, nio-threads=0]" classname="io.hekate.lock.internal.LockMigrationTest" time="0.823"/>
  <testcase name="testNodeJoinOnApply[8: transport=NIO, ssl=OPEN_SSL, worker-threads=1, nio-threads=0]" classname="io.hekate.lock.internal.LockMigrationTest" time="1.086"/>
  <testcase name="testNoMigrationWhenNonLockServiceNodeJoins[8: transport=NIO, ssl=OPEN_SSL, worker-threads=1, nio-threads=0]" classname="io.hekate.lock.internal.LockMigrationTest" time="1.108"/>
  <testcase name="testNoMigrationWhenOtherRegionNodeJoins[8: transport=NIO, ssl=OPEN_SSL, worker-threads=1, nio-threads=0]" classname="io.hekate.lock.internal.LockMigrationTest" time="1.272"/>
  <testcase name="testCoordinatorLeaveOnApplySent[8: transport=NIO, ssl=OPEN_SSL, worker-threads=1, nio-threads=0]" classname="io.hekate.lock.internal.LockMigrationTest" time="0.644"/>
  <testcase name="testNodeLeaveOnPrepare[8: transport=NIO, ssl=OPEN_SSL, worker-threads=1, nio-threads=0]" classname="io.hekate.lock.internal.LockMigrationTest" time="0.756"/>
  <testcase name="testMigrationWithQueuedLock[9: transport=NIO, ssl=OPEN_SSL, worker-threads=1, nio-threads=1]" classname="io.hekate.lock.internal.LockMigrationTest" time="0.498"/>
  <testcase name="testCoordinatorLeaveOnPrepareReceived[9: transport=NIO, ssl=OPEN_SSL, worker-threads=1, nio-threads=1]" classname="io.hekate.lock.internal.LockMigrationTest" time="0.562"/>
  <testcase name="testNodeLeaveOnApply[9: transport=NIO, ssl=OPEN_SSL, worker-threads=1, nio-threads=1]" classname="io.hekate.lock.internal.LockMigrationTest" time="0.505"/>
  <testcase name="testCoordinatorLeaveOnPrepareSent[9: transport=NIO, ssl=OPEN_SSL, worker-threads=1, nio-threads=1]" classname="io.hekate.lock.internal.LockMigrationTest" time="0.55"/>
  <testcase name="testNodeJoinOnPrepare[9: transport=NIO, ssl=OPEN_SSL, worker-threads=1, nio-threads=1]" classname="io.hekate.lock.internal.LockMigrationTest" time="0.674"/>
  <testcase name="testNodeJoinOnApply[9: transport=NIO, ssl=OPEN_SSL, worker-threads=1, nio-threads=1]" classname="io.hekate.lock.internal.LockMigrationTest" time="0.58"/>
  <testcase name="testNoMigrationWhenNonLockServiceNodeJoins[9: transport=NIO, ssl=OPEN_SSL, worker-threads=1, nio-threads=1]" classname="io.hekate.lock.internal.LockMigrationTest" time="0.474"/>
  <testcase name="testNoMigrationWhenOtherRegionNodeJoins[9: transport=NIO, ssl=OPEN_SSL, worker-threads=1, nio-threads=1]" classname="io.hekate.lock.internal.LockMigrationTest" time="0.472"/>
  <testcase name="testCoordinatorLeaveOnApplySent[9: transport=NIO, ssl=OPEN_SSL, worker-threads=1, nio-threads=1]" classname="io.hekate.lock.internal.LockMigrationTest" time="0.492"/>
  <testcase name="testNodeLeaveOnPrepare[9: transport=NIO, ssl=OPEN_SSL, worker-threads=1, nio-threads=1]" classname="io.hekate.lock.internal.LockMigrationTest" time="0.469"/>
  <testcase name="testMigrationWithQueuedLock[10: transport=NIO, ssl=OPEN_SSL, worker-threads=2, nio-threads=1]" classname="io.hekate.lock.internal.LockMigrationTest" time="0.483"/>
  <testcase name="testCoordinatorLeaveOnPrepareReceived[10: transport=NIO, ssl=OPEN_SSL, worker-threads=2, nio-threads=1]" classname="io.hekate.lock.internal.LockMigrationTest" time="0.454"/>
  <testcase name="testNodeLeaveOnApply[10: transport=NIO, ssl=OPEN_SSL, worker-threads=2, nio-threads=1]" classname="io.hekate.lock.internal.LockMigrationTest" time="0.487"/>
  <testcase name="testCoordinatorLeaveOnPrepareSent[10: transport=NIO, ssl=OPEN_SSL, worker-threads=2, nio-threads=1]" classname="io.hekate.lock.internal.LockMigrationTest" time="0.452"/>
  <testcase name="testNodeJoinOnPrepare[10: transport=NIO, ssl=OPEN_SSL, worker-threads=2, nio-threads=1]" classname="io.hekate.lock.internal.LockMigrationTest" time="0.709"/>
  <testcase name="testNodeJoinOnApply[10: transport=NIO, ssl=OPEN_SSL, worker-threads=2, nio-threads=1]" classname="io.hekate.lock.internal.LockMigrationTest" time="0.654"/>
  <testcase name="testNoMigrationWhenNonLockServiceNodeJoins[10: transport=NIO, ssl=OPEN_SSL, worker-threads=2, nio-threads=1]" classname="io.hekate.lock.internal.LockMigrationTest" time="0.546"/>
  <testcase name="testNoMigrationWhenOtherRegionNodeJoins[10: transport=NIO, ssl=OPEN_SSL, worker-threads=2, nio-threads=1]" classname="io.hekate.lock.internal.LockMigrationTest" time="0.517"/>
  <testcase name="testCoordinatorLeaveOnApplySent[10: transport=NIO, ssl=OPEN_SSL, worker-threads=2, nio-threads=1]" classname="io.hekate.lock.internal.LockMigrationTest" time="0.493"/>
  <testcase name="testNodeLeaveOnPrepare[10: transport=NIO, ssl=OPEN_SSL, worker-threads=2, nio-threads=1]" classname="io.hekate.lock.internal.LockMigrationTest" time="0.478"/>
  <testcase name="testMigrationWithQueuedLock[11: transport=NIO, ssl=OPEN_SSL, worker-threads=2, nio-threads=2]" classname="io.hekate.lock.internal.LockMigrationTest" time="0.542"/>
  <testcase name="testCoordinatorLeaveOnPrepareReceived[11: transport=NIO, ssl=OPEN_SSL, worker-threads=2, nio-threads=2]" classname="io.hekate.lock.internal.LockMigrationTest" time="0.476"/>
  <testcase name="testNodeLeaveOnApply[11: transport=NIO, ssl=OPEN_SSL, worker-threads=2, nio-threads=2]" classname="io.hekate.lock.internal.LockMigrationTest" time="0.493"/>
  <testcase name="testCoordinatorLeaveOnPrepareSent[11: transport=NIO, ssl=OPEN_SSL, worker-threads=2, nio-threads=2]" classname="io.hekate.lock.internal.LockMigrationTest" time="0.476"/>
  <testcase name="testNodeJoinOnPrepare[11: transport=NIO, ssl=OPEN_SSL, worker-threads=2, nio-threads=2]" classname="io.hekate.lock.internal.LockMigrationTest" time="0.635"/>
  <testcase name="testNodeJoinOnApply[11: transport=NIO, ssl=OPEN_SSL, worker-threads=2, nio-threads=2]" classname="io.hekate.lock.internal.LockMigrationTest" time="0.636"/>
  <testcase name="testNoMigrationWhenNonLockServiceNodeJoins[11: transport=NIO, ssl=OPEN_SSL, worker-threads=2, nio-threads=2]" classname="io.hekate.lock.internal.LockMigrationTest" time="0.549"/>
  <testcase name="testNoMigrationWhenOtherRegionNodeJoins[11: transport=NIO, ssl=OPEN_SSL, worker-threads=2, nio-threads=2]" classname="io.hekate.lock.internal.LockMigrationTest" time="0.471"/>
  <testcase name="testCoordinatorLeaveOnApplySent[11: transport=NIO, ssl=OPEN_SSL, worker-threads=2, nio-threads=2]" classname="io.hekate.lock.internal.LockMigrationTest" time="0.523"/>
  <testcase name="testNodeLeaveOnPrepare[11: transport=NIO, ssl=OPEN_SSL, worker-threads=2, nio-threads=2]" classname="io.hekate.lock.internal.LockMigrationTest" time="0.504"/>
  <testcase name="testMigrationWithQueuedLock[12: transport=EPOLL, worker-threads=1, nio-threads=0]" classname="io.hekate.lock.internal.LockMigrationTest" time="0.306"/>
  <testcase name="testCoordinatorLeaveOnPrepareReceived[12: transport=EPOLL, worker-threads=1, nio-threads=0]" classname="io.hekate.lock.internal.LockMigrationTest" time="0.308"/>
  <testcase name="testNodeLeaveOnApply[12: transport=EPOLL, worker-threads=1, nio-threads=0]" classname="io.hekate.lock.internal.LockMigrationTest" time="0.34"/>
  <testcase name="testCoordinatorLeaveOnPrepareSent[12: transport=EPOLL, worker-threads=1, nio-threads=0]" classname="io.hekate.lock.internal.LockMigrationTest" time="1.305"/>
  <testcase name="testNodeJoinOnPrepare[12: transport=EPOLL, worker-threads=1, nio-threads=0]" classname="io.hekate.lock.internal.LockMigrationTest" time="0.383"/>
  <testcase name="testNodeJoinOnApply[12: transport=EPOLL, worker-threads=1, nio-threads=0]" classname="io.hekate.lock.internal.LockMigrationTest" time="0.406"/>
  <testcase name="testNoMigrationWhenNonLockServiceNodeJoins[12: transport=EPOLL, worker-threads=1, nio-threads=0]" classname="io.hekate.lock.internal.LockMigrationTest" time="1.328"/>
  <testcase name="testNoMigrationWhenOtherRegionNodeJoins[12: transport=EPOLL, worker-threads=1, nio-threads=0]" classname="io.hekate.lock.internal.LockMigrationTest" time="0.34"/>
  <testcase name="testCoordinatorLeaveOnApplySent[12: transport=EPOLL, worker-threads=1, nio-threads=0]" classname="io.hekate.lock.internal.LockMigrationTest" time="0.311"/>
  <testcase name="testNodeLeaveOnPrepare[12: transport=EPOLL, worker-threads=1, nio-threads=0]" classname="io.hekate.lock.internal.LockMigrationTest" time="0.334"/>
  <testcase name="testMigrationWithQueuedLock[13: transport=EPOLL, worker-threads=1, nio-threads=1]" classname="io.hekate.lock.internal.LockMigrationTest" time="0.299"/>
  <testcase name="testCoordinatorLeaveOnPrepareReceived[13: transport=EPOLL, worker-threads=1, nio-threads=1]" classname="io.hekate.lock.internal.LockMigrationTest" time="0.333"/>
  <testcase name="testNodeLeaveOnApply[13: transport=EPOLL, worker-threads=1, nio-threads=1]" classname="io.hekate.lock.internal.LockMigrationTest" time="0.34"/>
  <testcase name="testCoordinatorLeaveOnPrepareSent[13: transport=EPOLL, worker-threads=1, nio-threads=1]" classname="io.hekate.lock.internal.LockMigrationTest" time="0.269"/>
  <testcase name="testNodeJoinOnPrepare[13: transport=EPOLL, worker-threads=1, nio-threads=1]" classname="io.hekate.lock.internal.LockMigrationTest" time="0.395"/>
  <testcase name="testNodeJoinOnApply[13: transport=EPOLL, worker-threads=1, nio-threads=1]" classname="io.hekate.lock.internal.LockMigrationTest" time="0.379"/>
  <testcase name="testNoMigrationWhenNonLockServiceNodeJoins[13: transport=EPOLL, worker-threads=1, nio-threads=1]" classname="io.hekate.lock.internal.LockMigrationTest" time="1.328"/>
  <testcase name="testNoMigrationWhenOtherRegionNodeJoins[13: transport=EPOLL, worker-threads=1, nio-threads=1]" classname="io.hekate.lock.internal.LockMigrationTest" time="0.458"/>
  <testcase name="testCoordinatorLeaveOnApplySent[13: transport=EPOLL, worker-threads=1, nio-threads=1]" classname="io.hekate.lock.internal.LockMigrationTest" time="0.33"/>
  <testcase name="testNodeLeaveOnPrepare[13: transport=EPOLL, worker-threads=1, nio-threads=1]" classname="io.hekate.lock.internal.LockMigrationTest" time="0.293"/>
  <testcase name="testMigrationWithQueuedLock[14: transport=EPOLL, worker-threads=2, nio-threads=1]" classname="io.hekate.lock.internal.LockMigrationTest" time="0.339"/>
  <testcase name="testCoordinatorLeaveOnPrepareReceived[14: transport=EPOLL, worker-threads=2, nio-threads=1]" classname="io.hekate.lock.internal.LockMigrationTest" time="0.326"/>
  <testcase name="testNodeLeaveOnApply[14: transport=EPOLL, worker-threads=2, nio-threads=1]" classname="io.hekate.lock.internal.LockMigrationTest" time="0.313"/>
  <testcase name="testCoordinatorLeaveOnPrepareSent[14: transport=EPOLL, worker-threads=2, nio-threads=1]" classname="io.hekate.lock.internal.LockMigrationTest" time="0.33"/>
  <testcase name="testNodeJoinOnPrepare[14: transport=EPOLL, worker-threads=2, nio-threads=1]" classname="io.hekate.lock.internal.LockMigrationTest" time="0.388"/>
  <testcase name="testNodeJoinOnApply[14: transport=EPOLL, worker-threads=2, nio-threads=1]" classname="io.hekate.lock.internal.LockMigrationTest" time="0.419"/>
  <testcase name="testNoMigrationWhenNonLockServiceNodeJoins[14: transport=EPOLL, worker-threads=2, nio-threads=1]" classname="io.hekate.lock.internal.LockMigrationTest" time="0.326"/>
  <testcase name="testNoMigrationWhenOtherRegionNodeJoins[14: transport=EPOLL, worker-threads=2, nio-threads=1]" classname="io.hekate.lock.internal.LockMigrationTest" time="0.338"/>
  <testcase name="testCoordinatorLeaveOnApplySent[14: transport=EPOLL, worker-threads=2, nio-threads=1]" classname="io.hekate.lock.internal.LockMigrationTest" time="0.305"/>
  <testcase name="testNodeLeaveOnPrepare[14: transport=EPOLL, worker-threads=2, nio-threads=1]" classname="io.hekate.lock.internal.LockMigrationTest" time="0.347"/>
  <testcase name="testMigrationWithQueuedLock[15: transport=EPOLL, worker-threads=2, nio-threads=2]" classname="io.hekate.lock.internal.LockMigrationTest" time="0.322"/>
  <testcase name="testCoordinatorLeaveOnPrepareReceived[15: transport=EPOLL, worker-threads=2, nio-threads=2]" classname="io.hekate.lock.internal.LockMigrationTest" time="0.315"/>
  <testcase name="testNodeLeaveOnApply[15: transport=EPOLL, worker-threads=2, nio-threads=2]" classname="io.hekate.lock.internal.LockMigrationTest" time="0.315"/>
  <testcase name="testCoordinatorLeaveOnPrepareSent[15: transport=EPOLL, worker-threads=2, nio-threads=2]" classname="io.hekate.lock.internal.LockMigrationTest" time="0.283"/>
  <testcase name="testNodeJoinOnPrepare[15: transport=EPOLL, worker-threads=2, nio-threads=2]" classname="io.hekate.lock.internal.LockMigrationTest" time="0.641"/>
  <testcase name="testNodeJoinOnApply[15: transport=EPOLL, worker-threads=2, nio-threads=2]" classname="io.hekate.lock.internal.LockMigrationTest" time="0.426"/>
  <testcase name="testNoMigrationWhenNonLockServiceNodeJoins[15: transport=EPOLL, worker-threads=2, nio-threads=2]" classname="io.hekate.lock.internal.LockMigrationTest" time="0.267"/>
  <testcase name="testNoMigrationWhenOtherRegionNodeJoins[15: transport=EPOLL, worker-threads=2, nio-threads=2]" classname="io.hekate.lock.internal.LockMigrationTest" time="0.516"/>
  <testcase name="testCoordinatorLeaveOnApplySent[15: transport=EPOLL, worker-threads=2, nio-threads=2]" classname="io.hekate.lock.internal.LockMigrationTest" time="0.311"/>
  <testcase name="testNodeLeaveOnPrepare[15: transport=EPOLL, worker-threads=2, nio-threads=2]" classname="io.hekate.lock.internal.LockMigrationTest" time="0.284"/>
  <testcase name="testMigrationWithQueuedLock[16: transport=EPOLL, ssl=JDK, worker-threads=1, nio-threads=0]" classname="io.hekate.lock.internal.LockMigrationTest" time="0.554"/>
  <testcase name="testCoordinatorLeaveOnPrepareReceived[16: transport=EPOLL, ssl=JDK, worker-threads=1, nio-threads=0]" classname="io.hekate.lock.internal.LockMigrationTest" time="0.583"/>
  <testcase name="testNodeLeaveOnApply[16: transport=EPOLL, ssl=JDK, worker-threads=1, nio-threads=0]" classname="io.hekate.lock.internal.LockMigrationTest" time="0.574"/>
  <testcase name="testCoordinatorLeaveOnPrepareSent[16: transport=EPOLL, ssl=JDK, worker-threads=1, nio-threads=0]" classname="io.hekate.lock.internal.LockMigrationTest" time="0.553"/>
  <testcase name="testNodeJoinOnPrepare[16: transport=EPOLL, ssl=JDK, worker-threads=1, nio-threads=0]" classname="io.hekate.lock.internal.LockMigrationTest" time="0.835"/>
  <testcase name="testNodeJoinOnApply[16: transport=EPOLL, ssl=JDK, worker-threads=1, nio-threads=0]" classname="io.hekate.lock.internal.LockMigrationTest" time="0.821"/>
  <testcase name="testNoMigrationWhenNonLockServiceNodeJoins[16: transport=EPOLL, ssl=JDK, worker-threads=1, nio-threads=0]" classname="io.hekate.lock.internal.LockMigrationTest" time="0.675"/>
  <testcase name="testNoMigrationWhenOtherRegionNodeJoins[16: transport=EPOLL, ssl=JDK, worker-threads=1, nio-threads=0]" classname="io.hekate.lock.internal.LockMigrationTest" time="0.904"/>
  <testcase name="testCoordinatorLeaveOnApplySent[16: transport=EPOLL, ssl=JDK, worker-threads=1, nio-threads=0]" classname="io.hekate.lock.internal.LockMigrationTest" time="0.741"/>
  <testcase name="testNodeLeaveOnPrepare[16: transport=EPOLL, ssl=JDK, worker-threads=1, nio-threads=0]" classname="io.hekate.lock.internal.LockMigrationTest" time="0.654"/>
  <testcase name="testMigrationWithQueuedLock[17: transport=EPOLL, ssl=JDK, worker-threads=1, nio-threads=1]" classname="io.hekate.lock.internal.LockMigrationTest" time="0.623"/>
  <testcase name="testCoordinatorLeaveOnPrepareReceived[17: transport=EPOLL, ssl=JDK, worker-threads=1, nio-threads=1]" classname="io.hekate.lock.internal.LockMigrationTest" time="0.563"/>
  <testcase name="testNodeLeaveOnApply[17: transport=EPOLL, ssl=JDK, worker-threads=1, nio-threads=1]" classname="io.hekate.lock.internal.LockMigrationTest" time="0.595"/>
  <testcase name="testCoordinatorLeaveOnPrepareSent[17: transport=EPOLL, ssl=JDK, worker-threads=1, nio-threads=1]" classname="io.hekate.lock.internal.LockMigrationTest" time="0.765"/>
  <testcase name="testNodeJoinOnPrepare[17: transport=EPOLL, ssl=JDK, worker-threads=1, nio-threads=1]" classname="io.hekate.lock.internal.LockMigrationTest" time="0.854"/>
  <testcase name="testNodeJoinOnApply[17: transport=EPOLL, ssl=JDK, worker-threads=1, nio-threads=1]" classname="io.hekate.lock.internal.LockMigrationTest" time="0.864"/>
  <testcase name="testNoMigrationWhenNonLockServiceNodeJoins[17: transport=EPOLL, ssl=JDK, worker-threads=1, nio-threads=1]" classname="io.hekate.lock.internal.LockMigrationTest" time="0.66"/>
  <testcase name="testNoMigrationWhenOtherRegionNodeJoins[17: transport=EPOLL, ssl=JDK, worker-threads=1, nio-threads=1]" classname="io.hekate.lock.internal.LockMigrationTest" time="0.696"/>
  <testcase name="testCoordinatorLeaveOnApplySent[17: transport=EPOLL, ssl=JDK, worker-threads=1, nio-threads=1]" classname="io.hekate.lock.internal.LockMigrationTest" time="0.575"/>
  <testcase name="testNodeLeaveOnPrepare[17: transport=EPOLL, ssl=JDK, worker-threads=1, nio-threads=1]" classname="io.hekate.lock.internal.LockMigrationTest" time="0.562"/>
  <testcase name="testMigrationWithQueuedLock[18: transport=EPOLL, ssl=JDK, worker-threads=2, nio-threads=1]" classname="io.hekate.lock.internal.LockMigrationTest" time="0.581"/>
  <testcase name="testCoordinatorLeaveOnPrepareReceived[18: transport=EPOLL, ssl=JDK, worker-threads=2, nio-threads=1]" classname="io.hekate.lock.internal.LockMigrationTest" time="0.546"/>
  <testcase name="testNodeLeaveOnApply[18: transport=EPOLL, ssl=JDK, worker-threads=2, nio-threads=1]" classname="io.hekate.lock.internal.LockMigrationTest" time="0.57"/>
  <testcase name="testCoordinatorLeaveOnPrepareSent[18: transport=EPOLL, ssl=JDK, worker-threads=2, nio-threads=1]" classname="io.hekate.lock.internal.LockMigrationTest" time="0.576"/>
  <testcase name="testNodeJoinOnPrepare[18: transport=EPOLL, ssl=JDK, worker-threads=2, nio-threads=1]" classname="io.hekate.lock.internal.LockMigrationTest" time="0.85"/>
  <testcase name="testNodeJoinOnApply[18: transport=EPOLL, ssl=JDK, worker-threads=2, nio-threads=1]" classname="io.hekate.lock.internal.LockMigrationTest" time="0.975"/>
  <testcase name="testNoMigrationWhenNonLockServiceNodeJoins[18: transport=EPOLL, ssl=JDK, worker-threads=2, nio-threads=1]" classname="io.hekate.lock.internal.LockMigrationTest" time="0.621"/>
  <testcase name="testNoMigrationWhenOtherRegionNodeJoins[18: transport=EPOLL, ssl=JDK, worker-threads=2, nio-threads=1]" classname="io.hekate.lock.internal.LockMigrationTest" time="0.665"/>
  <testcase name="testCoordinatorLeaveOnApplySent[18: transport=EPOLL, ssl=JDK, worker-threads=2, nio-threads=1]" classname="io.hekate.lock.internal.LockMigrationTest" time="0.593"/>
  <testcase name="testNodeLeaveOnPrepare[18: transport=EPOLL, ssl=JDK, worker-threads=2, nio-threads=1]" classname="io.hekate.lock.internal.LockMigrationTest" time="0.571"/>
  <testcase name="testMigrationWithQueuedLock[19: transport=EPOLL, ssl=JDK, worker-threads=2, nio-threads=2]" classname="io.hekate.lock.internal.LockMigrationTest" time="0.574"/>
  <testcase name="testCoordinatorLeaveOnPrepareReceived[19: transport=EPOLL, ssl=JDK, worker-threads=2, nio-threads=2]" classname="io.hekate.lock.internal.LockMigrationTest" time="0.57"/>
  <testcase name="testNodeLeaveOnApply[19: transport=EPOLL, ssl=JDK, worker-threads=2, nio-threads=2]" classname="io.hekate.lock.internal.LockMigrationTest" time="0.567"/>
  <testcase name="testCoordinatorLeaveOnPrepareSent[19: transport=EPOLL, ssl=JDK, worker-threads=2, nio-threads=2]" classname="io.hekate.lock.internal.LockMigrationTest" time="0.554"/>
  <testcase name="testNodeJoinOnPrepare[19: transport=EPOLL, ssl=JDK, worker-threads=2, nio-threads=2]" classname="io.hekate.lock.internal.LockMigrationTest" time="0.699"/>
  <testcase name="testNodeJoinOnApply[19: transport=EPOLL, ssl=JDK, worker-threads=2, nio-threads=2]" classname="io.hekate.lock.internal.LockMigrationTest" time="0.727"/>
  <testcase name="testNoMigrationWhenNonLockServiceNodeJoins[19: transport=EPOLL, ssl=JDK, worker-threads=2, nio-threads=2]" classname="io.hekate.lock.internal.LockMigrationTest" time="0.586"/>
  <testcase name="testNoMigrationWhenOtherRegionNodeJoins[19: transport=EPOLL, ssl=JDK, worker-threads=2, nio-threads=2]" classname="io.hekate.lock.internal.LockMigrationTest" time="0.734"/>
  <testcase name="testCoordinatorLeaveOnApplySent[19: transport=EPOLL, ssl=JDK, worker-threads=2, nio-threads=2]" classname="io.hekate.lock.internal.LockMigrationTest" time="0.626"/>
  <testcase name="testNodeLeaveOnPrepare[19: transport=EPOLL, ssl=JDK, worker-threads=2, nio-threads=2]" classname="io.hekate.lock.internal.LockMigrationTest" time="1.547"/>
  <testcase name="testMigrationWithQueuedLock[20: transport=EPOLL, ssl=OPEN_SSL, worker-threads=1, nio-threads=0]" classname="io.hekate.lock.internal.LockMigrationTest" time="0.426"/>
  <testcase name="testCoordinatorLeaveOnPrepareReceived[20: transport=EPOLL, ssl=OPEN_SSL, worker-threads=1, nio-threads=0]" classname="io.hekate.lock.internal.LockMigrationTest" time="0.478"/>
  <testcase name="testNodeLeaveOnApply[20: transport=EPOLL, ssl=OPEN_SSL, worker-threads=1, nio-threads=0]" classname="io.hekate.lock.internal.LockMigrationTest" time="0.526"/>
  <testcase name="testCoordinatorLeaveOnPrepareSent[20: transport=EPOLL, ssl=OPEN_SSL, worker-threads=1, nio-threads=0]" classname="io.hekate.lock.internal.LockMigrationTest" time="0.496"/>
  <testcase name="testNodeJoinOnPrepare[20: transport=EPOLL, ssl=OPEN_SSL, worker-threads=1, nio-threads=0]" classname="io.hekate.lock.internal.LockMigrationTest" time="0.57"/>
  <testcase name="testNodeJoinOnApply[20: transport=EPOLL, ssl=OPEN_SSL, worker-threads=1, nio-threads=0]" classname="io.hekate.lock.internal.LockMigrationTest" time="0.64"/>
  <testcase name="testNoMigrationWhenNonLockServiceNodeJoins[20: transport=EPOLL, ssl=OPEN_SSL, worker-threads=1, nio-threads=0]" classname="io.hekate.lock.internal.LockMigrationTest" time="0.541"/>
  <testcase name="testNoMigrationWhenOtherRegionNodeJoins[20: transport=EPOLL, ssl=OPEN_SSL, worker-threads=1, nio-threads=0]" classname="io.hekate.lock.internal.LockMigrationTest" time="0.542"/>
  <testcase name="testCoordinatorLeaveOnApplySent[20: transport=EPOLL, ssl=OPEN_SSL, worker-threads=1, nio-threads=0]" classname="io.hekate.lock.internal.LockMigrationTest" time="0.506"/>
  <testcase name="testNodeLeaveOnPrepare[20: transport=EPOLL, ssl=OPEN_SSL, worker-threads=1, nio-threads=0]" classname="io.hekate.lock.internal.LockMigrationTest" time="0.474"/>
  <testcase name="testMigrationWithQueuedLock[21: transport=EPOLL, ssl=OPEN_SSL, worker-threads=1, nio-threads=1]" classname="io.hekate.lock.internal.LockMigrationTest" time="0.444"/>
  <testcase name="testCoordinatorLeaveOnPrepareReceived[21: transport=EPOLL, ssl=OPEN_SSL, worker-threads=1, nio-threads=1]" classname="io.hekate.lock.internal.LockMigrationTest" time="0.426"/>
  <testcase name="testNodeLeaveOnApply[21: transport=EPOLL, ssl=OPEN_SSL, worker-threads=1, nio-threads=1]" classname="io.hekate.lock.internal.LockMigrationTest" time="0.525"/>
  <testcase name="testCoordinatorLeaveOnPrepareSent[21: transport=EPOLL, ssl=OPEN_SSL, worker-threads=1, nio-threads=1]" classname="io.hekate.lock.internal.LockMigrationTest" time="0.485"/>
  <testcase name="testNodeJoinOnPrepare[21: transport=EPOLL, ssl=OPEN_SSL, worker-threads=1, nio-threads=1]" classname="io.hekate.lock.internal.LockMigrationTest" time="0.634"/>
  <testcase name="testNodeJoinOnApply[21: transport=EPOLL, ssl=OPEN_SSL, worker-threads=1, nio-threads=1]" classname="io.hekate.lock.internal.LockMigrationTest" time="0.641"/>
  <testcase name="testNoMigrationWhenNonLockServiceNodeJoins[21: transport=EPOLL, ssl=OPEN_SSL, worker-threads=1, nio-threads=1]" classname="io.hekate.lock.internal.LockMigrationTest" time="0.447"/>
  <testcase name="testNoMigrationWhenOtherRegionNodeJoins[21: transport=EPOLL, ssl=OPEN_SSL, worker-threads=1, nio-threads=1]" classname="io.hekate.lock.internal.LockMigrationTest" time="0.481"/>
  <testcase name="testCoordinatorLeaveOnApplySent[21: transport=EPOLL, ssl=OPEN_SSL, worker-threads=1, nio-threads=1]" classname="io.hekate.lock.internal.LockMigrationTest" time="0.442"/>
  <testcase name="testNodeLeaveOnPrepare[21: transport=EPOLL, ssl=OPEN_SSL, worker-threads=1, nio-threads=1]" classname="io.hekate.lock.internal.LockMigrationTest" time="0.47"/>
  <testcase name="testMigrationWithQueuedLock[22: transport=EPOLL, ssl=OPEN_SSL, worker-threads=2, nio-threads=1]" classname="io.hekate.lock.internal.LockMigrationTest" time="0.466"/>
  <testcase name="testCoordinatorLeaveOnPrepareReceived[22: transport=EPOLL, ssl=OPEN_SSL, worker-threads=2, nio-threads=1]" classname="io.hekate.lock.internal.LockMigrationTest" time="0.445"/>
  <testcase name="testNodeLeaveOnApply[22: transport=EPOLL, ssl=OPEN_SSL, worker-threads=2, nio-threads=1]" classname="io.hekate.lock.internal.LockMigrationTest" time="0.489"/>
  <testcase name="testCoordinatorLeaveOnPrepareSent[22: transport=EPOLL, ssl=OPEN_SSL, worker-threads=2, nio-threads=1]" classname="io.hekate.lock.internal.LockMigrationTest" time="0.439"/>
  <testcase name="testNodeJoinOnPrepare[22: transport=EPOLL, ssl=OPEN_SSL, worker-threads=2, nio-threads=1]" classname="io.hekate.lock.internal.LockMigrationTest" time="0.573"/>
  <testcase name="testNodeJoinOnApply[22: transport=EPOLL, ssl=OPEN_SSL, worker-threads=2, nio-threads=1]" classname="io.hekate.lock.internal.LockMigrationTest" time="0.634"/>
  <testcase name="testNoMigrationWhenNonLockServiceNodeJoins[22: transport=EPOLL, ssl=OPEN_SSL, worker-threads=2, nio-threads=1]" classname="io.hekate.lock.internal.LockMigrationTest" time="0.456"/>
  <testcase name="testNoMigrationWhenOtherRegionNodeJoins[22: transport=EPOLL, ssl=OPEN_SSL, worker-threads=2, nio-threads=1]" classname="io.hekate.lock.internal.LockMigrationTest" time="0.552"/>
  <testcase name="testCoordinatorLeaveOnApplySent[22: transport=EPOLL, ssl=OPEN_SSL, worker-threads=2, nio-threads=1]" classname="io.hekate.lock.internal.LockMigrationTest" time="0.475"/>
  <testcase name="testNodeLeaveOnPrepare[22: transport=EPOLL, ssl=OPEN_SSL, worker-threads=2, nio-threads=1]" classname="io.hekate.lock.internal.LockMigrationTest" time="0.443"/>
  <testcase name="testMigrationWithQueuedLock[23: transport=EPOLL, ssl=OPEN_SSL, worker-threads=2, nio-threads=2]" classname="io.hekate.lock.internal.LockMigrationTest" time="0.469"/>
  <testcase name="testCoordinatorLeaveOnPrepareReceived[23: transport=EPOLL, ssl=OPEN_SSL, worker-threads=2, nio-threads=2]" classname="io.hekate.lock.internal.LockMigrationTest" time="0.579"/>
  <testcase name="testNodeLeaveOnApply[23: transport=EPOLL, ssl=OPEN_SSL, worker-threads=2, nio-threads=2]" classname="io.hekate.lock.internal.LockMigrationTest" time="0.602"/>
  <testcase name="testCoordinatorLeaveOnPrepareSent[23: transport=EPOLL, ssl=OPEN_SSL, worker-threads=2, nio-threads=2]" classname="io.hekate.lock.internal.LockMigrationTest" time="0.487"/>
  <testcase name="testNodeJoinOnPrepare[23: transport=EPOLL, ssl=OPEN_SSL, worker-threads=2, nio-threads=2]" classname="io.hekate.lock.internal.LockMigrationTest" time="0.584"/>
  <testcase name="testNodeJoinOnApply[23: transport=EPOLL, ssl=OPEN_SSL, worker-threads=2, nio-threads=2]" classname="io.hekate.lock.internal.LockMigrationTest" time="0.635"/>
  <testcase name="testNoMigrationWhenNonLockServiceNodeJoins[23: transport=EPOLL, ssl=OPEN_SSL, worker-threads=2, nio-threads=2]" classname="io.hekate.lock.internal.LockMigrationTest" time="0.545"/>
  <testcase name="testNoMigrationWhenOtherRegionNodeJoins[23: transport=EPOLL, ssl=OPEN_SSL, worker-threads=2, nio-threads=2]" classname="io.hekate.lock.internal.LockMigrationTest" time="1.547"/>
  <testcase name="testCoordinatorLeaveOnApplySent[23: transport=EPOLL, ssl=OPEN_SSL, worker-threads=2, nio-threads=2]" classname="io.hekate.lock.internal.LockMigrationTest" time="0.484"/>
  <testcase name="testNodeLeaveOnPrepare[23: transport=EPOLL, ssl=OPEN_SSL, worker-threads=2, nio-threads=2]" classname="io.hekate.lock.internal.LockMigrationTest" time="0.439"/>
</testsuite>