<?xml version="1.0" encoding="UTF-8"?>
<testsuite xmlns:xsi="http://www.w3.org/2001/XMLSchema-instance" xsi:schemaLocation="https://maven.apache.org/surefire/maven-surefire-plugin/xsd/surefire-test-report.xsd" name="io.hekate.messaging.internal.FailoverSendTest" time="29.978" tests="168" errors="0" skipped="0" failures="0">
  <properties>
    <property name="java.runtime.name" value="OpenJDK Runtime Environment"/>
    <property name="sun.boot.library.path" value="/usr/lib/jvm/java-8-openjdk-amd64/jre/lib/amd64"/>
    <property name="java.vm.version" value="25.121-b13"/>
    <property name="java.vm.vendor" value="Oracle Corporation"/>
    <property name="maven.multiModuleProjectDirectory" value="/root/workspace/hekate-io/hekate/390714348"/>
    <property name="java.vendor.url" value="http://java.oracle.com/"/>
    <property name="path.separator" value=":"/>
    <property name="guice.disable.misplaced.annotation.check" value="true"/>
    <property name="skip.gulp" value="true"/>
    <property name="java.vm.name" value="OpenJDK 64-Bit Server VM"/>
    <property name="file.encoding.pkg" value="sun.io"/>
    <property name="sun.java.launcher" value="SUN_STANDARD"/>
    <property name="sun.os.patch.level" value="unknown"/>
    <property name="findbugs.skip" value="true"/>
    <property name="java.vm.specification.name" value="Java Virtual Machine Specification"/>
    <property name="user.dir" value="/root/workspace/hekate-io/hekate/390714348"/>
    <property name="checkstyle.skip" value="true"/>
    <property name="java.runtime.version" value="1.8.0_121-8u121-b13-1~bpo8+1-b13"/>
    <property name="java.awt.graphicsenv" value="sun.awt.X11GraphicsEnvironment"/>
    <property name="skip.npm" value="true"/>
    <property name="java.endorsed.dirs" value="/usr/lib/jvm/java-8-openjdk-amd64/jre/lib/endorsed"/>
    <property name="os.arch" value="amd64"/>
    <property name="java.io.tmpdir" value="/tmp"/>
    <property name="gpg.skip" value="true"/>
    <property name="line.separator" value="&#10;"/>
    <property name="java.vm.specification.vendor" value="Oracle Corporation"/>
    <property name="cobertura.skip" value="true"/>
    <property name="os.name" value="Linux"/>
    <property name="classworlds.conf" value="/usr/share/maven/bin/m2.conf"/>
    <property name="sun.jnu.encoding" value="UTF-8"/>
    <property name="java.library.path" value="/usr/java/packages/lib/amd64:/usr/lib/x86_64-linux-gnu/jni:/lib/x86_64-linux-gnu:/usr/lib/x86_64-linux-gnu:/usr/lib/jni:/lib:/usr/lib"/>
    <property name="license.skip" value="true"/>
    <property name="java.specification.name" value="Java Platform API Specification"/>
    <property name="java.class.version" value="52.0"/>
    <property name="org.slf4j.simpleLogger.levelInBrackets" value="true"/>
    <property name="sun.management.compiler" value="HotSpot 64-Bit Tiered Compilers"/>
    <property name="skip.bower" value="true"/>
    <property name="maven.repo.local" value="/root/./workspace/hekate-io/hekate/390714348/.m2"/>
    <property name="os.version" value="3.10.0-862.3.2.el7.x86_64"/>
    <property name="user.home" value="/root"/>
    <property name="user.timezone" value="Europe/Paris"/>
    <property name="java.awt.printerjob" value="sun.print.PSPrinterJob"/>
    <property name="java.specification.version" value="1.8"/>
    <property name="file.encoding" value="UTF-8"/>
    <property name="user.name" value="root"/>
    <property name="java.class.path" value="/usr/share/maven/boot/plexus-classworlds-2.5.2.jar"/>
    <property name="skipITs" value="true"/>
    <property name="java.vm.specification.version" value="1.8"/>
    <property name="sun.arch.data.model" value="64"/>
    <property name="java.home" value="/usr/lib/jvm/java-8-openjdk-amd64/jre"/>
    <property name="sun.java.command" value="org.codehaus.plexus.classworlds.launcher.Launcher -B -D enforcer.skip=true -D dependency-check.skip=true -D skipITs=true -D cobertura.skip=true -D maven.repo.local=/root/./workspace/hekate-io/hekate/390714348/.m2 -D rat.skip=true -D findbugs.skip=true -D skip.bower=true -D gpg.skip=true -D checkstyle.skip=true -D skip.gulp=true -D license.skip=true -D skip.npm=true test"/>
    <property name="java.specification.vendor" value="Oracle Corporation"/>
    <property name="user.language" value="en"/>
    <property name="awt.toolkit" value="sun.awt.X11.XToolkit"/>
    <property name="dependency-check.skip" value="true"/>
    <property name="java.vm.info" value="mixed mode"/>
    <property name="java.version" value="1.8.0_121"/>
    <property name="java.ext.dirs" value="/usr/lib/jvm/java-8-openjdk-amd64/jre/lib/ext:/usr/java/packages/lib/ext"/>
    <property name="securerandom.source" value="file:/dev/./urandom"/>
    <property name="sun.boot.class.path" value="/usr/lib/jvm/java-8-openjdk-amd64/jre/lib/resources.jar:/usr/lib/jvm/java-8-openjdk-amd64/jre/lib/rt.jar:/usr/lib/jvm/java-8-openjdk-amd64/jre/lib/sunrsasign.jar:/usr/lib/jvm/java-8-openjdk-amd64/jre/lib/jsse.jar:/usr/lib/jvm/java-8-openjdk-amd64/jre/lib/jce.jar:/usr/lib/jvm/java-8-openjdk-amd64/jre/lib/charsets.jar:/usr/lib/jvm/java-8-openjdk-amd64/jre/lib/jfr.jar:/usr/lib/jvm/java-8-openjdk-amd64/jre/classes"/>
    <property name="java.vendor" value="Oracle Corporation"/>
    <property name="enforcer.skip" value="true"/>
    <property name="rat.skip" value="true"/>
    <property name="maven.home" value="/usr/share/maven"/>
    <property name="file.separator" value="/"/>
    <property name="java.vendor.url.bug" value="http://bugreport.sun.com/bugreport/"/>
    <property name="sun.cpu.endian" value="little"/>
    <property name="sun.io.unicode.encoding" value="UnicodeLittle"/>
    <property name="org.slf4j.simpleLogger.showThreadName" value="false"/>
    <property name="sun.cpu.isalist" value=""/>
  </properties>
  <testcase name="testSuccessPreferSameNode[0: transport=NIO, worker-threads=0, nio-threads=1]" classname="io.hekate.messaging.internal.FailoverSendTest" time="0.136"/>
  <testcase name="testChannelCloseWhileInFailoverWithDelay[0: transport=NIO, worker-threads=0, nio-threads=1]" classname="io.hekate.messaging.internal.FailoverSendTest" time="0.078"/>
  <testcase name="testSuccessPreferSameNodeLeave[0: transport=NIO, worker-threads=0, nio-threads=1]" classname="io.hekate.messaging.internal.FailoverSendTest" time="0.119"/>
  <testcase name="testSuccessRetrySameNode[0: transport=NIO, worker-threads=0, nio-threads=1]" classname="io.hekate.messaging.internal.FailoverSendTest" time="0.115"/>
  <testcase name="testSuccessReRoute[0: transport=NIO, worker-threads=0, nio-threads=1]" classname="io.hekate.messaging.internal.FailoverSendTest" time="0.132"/>
  <testcase name="testSuccessPreferSameNodeNoLeave[0: transport=NIO, worker-threads=0, nio-threads=1]" classname="io.hekate.messaging.internal.FailoverSendTest" time="0.162"/>
  <testcase name="testNoFailoverOfRoutingErrors[0: transport=NIO, worker-threads=0, nio-threads=1]" classname="io.hekate.messaging.internal.FailoverSendTest" time="0.1"/>
  <testcase name="testSuccessPreferSameNode[1: transport=NIO, worker-threads=1, nio-threads=1]" classname="io.hekate.messaging.internal.FailoverSendTest" time="0.182"/>
  <testcase name="testChannelCloseWhileInFailoverWithDelay[1: transport=NIO, worker-threads=1, nio-threads=1]" classname="io.hekate.messaging.internal.FailoverSendTest" time="0.129"/>
  <testcase name="testSuccessPreferSameNodeLeave[1: transport=NIO, worker-threads=1, nio-threads=1]" classname="io.hekate.messaging.internal.FailoverSendTest" time="0.154"/>
  <testcase name="testSuccessRetrySameNode[1: transport=NIO, worker-threads=1, nio-threads=1]" classname="io.hekate.messaging.internal.FailoverSendTest" time="0.138"/>
  <testcase name="testSuccessReRoute[1: transport=NIO, worker-threads=1, nio-threads=1]" classname="io.hekate.messaging.internal.FailoverSendTest" time="0.144"/>
  <testcase name="testSuccessPreferSameNodeNoLeave[1: transport=NIO, worker-threads=1, nio-threads=1]" classname="io.hekate.messaging.internal.FailoverSendTest" time="0.294"/>
  <testcase name="testNoFailoverOfRoutingErrors[1: transport=NIO, worker-threads=1, nio-threads=1]" classname="io.hekate.messaging.internal.FailoverSendTest" time="0.029"/>
  <testcase name="testSuccessPreferSameNode[2: transport=NIO, worker-threads=4, nio-threads=1]" classname="io.hekate.messaging.internal.FailoverSendTest" time="0.213"/>
  <testcase name="testChannelCloseWhileInFailoverWithDelay[2: transport=NIO, worker-threads=4, nio-threads=1]" classname="io.hekate.messaging.internal.FailoverSendTest" time="0.074"/>
  <testcase name="testSuccessPreferSameNodeLeave[2: transport=NIO, worker-threads=4, nio-threads=1]" classname="io.hekate.messaging.internal.FailoverSendTest" time="0.092"/>
  <testcase name="testSuccessRetrySameNode[2: transport=NIO, worker-threads=4, nio-threads=1]" classname="io.hekate.messaging.internal.FailoverSendTest" time="0.097"/>
  <testcase name="testSuccessReRoute[2: transport=NIO, worker-threads=4, nio-threads=1]" classname="io.hekate.messaging.internal.FailoverSendTest" time="0.101"/>
  <testcase name="testSuccessPreferSameNodeNoLeave[2: transport=NIO, worker-threads=4, nio-threads=1]" classname="io.hekate.messaging.internal.FailoverSendTest" time="0.117"/>
  <testcase name="testNoFailoverOfRoutingErrors[2: transport=NIO, worker-threads=4, nio-threads=1]" classname="io.hekate.messaging.internal.FailoverSendTest" time="0.024"/>
  <testcase name="testSuccessPreferSameNode[3: transport=NIO, worker-threads=5, nio-threads=0]" classname="io.hekate.messaging.internal.FailoverSendTest" time="0.202"/>
  <testcase name="testChannelCloseWhileInFailoverWithDelay[3: transport=NIO, worker-threads=5, nio-threads=0]" classname="io.hekate.messaging.internal.FailoverSendTest" time="0.068"/>
  <testcase name="testSuccessPreferSameNodeLeave[3: transport=NIO, worker-threads=5, nio-threads=0]" classname="io.hekate.messaging.internal.FailoverSendTest" time="0.124"/>
  <testcase name="testSuccessRetrySameNode[3: transport=NIO, worker-threads=5, nio-threads=0]" classname="io.hekate.messaging.internal.FailoverSendTest" time="0.103"/>
  <testcase name="testSuccessReRoute[3: transport=NIO, worker-threads=5, nio-threads=0]" classname="io.hekate.messaging.internal.FailoverSendTest" time="0.102"/>
  <testcase name="testSuccessPreferSameNodeNoLeave[3: transport=NIO, worker-threads=5, nio-threads=0]" classname="io.hekate.messaging.internal.FailoverSendTest" time="0.149"/>
  <testcase name="testNoFailoverOfRoutingErrors[3: transport=NIO, worker-threads=5, nio-threads=0]" classname="io.hekate.messaging.internal.FailoverSendTest" time="0.023"/>
  <testcase name="testSuccessPreferSameNode[4: transport=NIO, ssl=JDK, worker-threads=0, nio-threads=1]" classname="io.hekate.messaging.internal.FailoverSendTest" time="0.22"/>
  <testcase name="testChannelCloseWhileInFailoverWithDelay[4: transport=NIO, ssl=JDK, worker-threads=0, nio-threads=1]" classname="io.hekate.messaging.internal.FailoverSendTest" time="0.193"/>
  <testcase name="testSuccessPreferSameNodeLeave[4: transport=NIO, ssl=JDK, worker-threads=0, nio-threads=1]" classname="io.hekate.messaging.internal.FailoverSendTest" time="0.182"/>
  <testcase name="testSuccessRetrySameNode[4: transport=NIO, ssl=JDK, worker-threads=0, nio-threads=1]" classname="io.hekate.messaging.internal.FailoverSendTest" time="0.173"/>
  <testcase name="testSuccessReRoute[4: transport=NIO, ssl=JDK, worker-threads=0, nio-threads=1]" classname="io.hekate.messaging.internal.FailoverSendTest" time="0.154"/>
  <testcase name="testSuccessPreferSameNodeNoLeave[4: transport=NIO, ssl=JDK, worker-threads=0, nio-threads=1]" classname="io.hekate.messaging.internal.FailoverSendTest" time="0.203"/>
  <testcase name="testNoFailoverOfRoutingErrors[4: transport=NIO, ssl=JDK, worker-threads=0, nio-threads=1]" classname="io.hekate.messaging.internal.FailoverSendTest" time="0.063"/>
  <testcase name="testSuccessPreferSameNode[5: transport=NIO, ssl=JDK, worker-threads=1, nio-threads=1]" classname="io.hekate.messaging.internal.FailoverSendTest" time="0.259"/>
  <testcase name="testChannelCloseWhileInFailoverWithDelay[5: transport=NIO, ssl=JDK, worker-threads=1, nio-threads=1]" classname="io.hekate.messaging.internal.FailoverSendTest" time="0.099"/>
  <testcase name="testSuccessPreferSameNodeLeave[5: transport=NIO, ssl=JDK, worker-threads=1, nio-threads=1]" classname="io.hekate.messaging.internal.FailoverSendTest" time="0.136"/>
  <testcase name="testSuccessRetrySameNode[5: transport=NIO, ssl=JDK, worker-threads=1, nio-threads=1]" classname="io.hekate.messaging.internal.FailoverSendTest" time="0.144"/>
  <testcase name="testSuccessReRoute[5: transport=NIO, ssl=JDK, worker-threads=1, nio-threads=1]" classname="io.hekate.messaging.internal.FailoverSendTest" time="0.162"/>
  <testcase name="testSuccessPreferSameNodeNoLeave[5: transport=NIO, ssl=JDK, worker-threads=1, nio-threads=1]" classname="io.hekate.messaging.internal.FailoverSendTest" time="0.298"/>
  <testcase name="testNoFailoverOfRoutingErrors[5: transport=NIO, ssl=JDK, worker-threads=1, nio-threads=1]" classname="io.hekate.messaging.internal.FailoverSendTest" time="0.172"/>
  <testcase name="testSuccessPreferSameNode[6: transport=NIO, ssl=JDK, worker-threads=4, nio-threads=1]" classname="io.hekate.messaging.internal.FailoverSendTest" time="0.442"/>
  <testcase name="testChannelCloseWhileInFailoverWithDelay[6: transport=NIO, ssl=JDK, worker-threads=4, nio-threads=1]" classname="io.hekate.messaging.internal.FailoverSendTest" time="0.123"/>
  <testcase name="testSuccessPreferSameNodeLeave[6: transport=NIO, ssl=JDK, worker-threads=4, nio-threads=1]" classname="io.hekate.messaging.internal.FailoverSendTest" time="0.266"/>
  <testcase name="testSuccessRetrySameNode[6: transport=NIO, ssl=JDK, worker-threads=4, nio-threads=1]" classname="io.hekate.messaging.internal.FailoverSendTest" time="0.198"/>
  <testcase name="testSuccessReRoute[6: transport=NIO, ssl=JDK, worker-threads=4, nio-threads=1]" classname="io.hekate.messaging.internal.FailoverSendTest" time="0.275"/>
  <testcase name="testSuccessPreferSameNodeNoLeave[6: transport=NIO, ssl=JDK, worker-threads=4, nio-threads=1]" classname="io.hekate.messaging.internal.FailoverSendTest" time="0.326"/>
  <testcase name="testNoFailoverOfRoutingErrors[6: transport=NIO, ssl=JDK, worker-threads=4, nio-threads=1]" classname="io.hekate.messaging.internal.FailoverSendTest" time="0.147"/>
  <testcase name="testSuccessPreferSameNode[7: transport=NIO, ssl=JDK, worker-threads=5, nio-threads=0]" classname="io.hekate.messaging.internal.FailoverSendTest" time="0.276"/>
  <testcase name="testChannelCloseWhileInFailoverWithDelay[7: transport=NIO, ssl=JDK, worker-threads=5, nio-threads=0]" classname="io.hekate.messaging.internal.FailoverSendTest" time="0.092"/>
  <testcase name="testSuccessPreferSameNodeLeave[7: transport=NIO, ssl=JDK, worker-threads=5, nio-threads=0]" classname="io.hekate.messaging.internal.FailoverSendTest" time="0.164"/>
  <testcase name="testSuccessRetrySameNode[7: transport=NIO, ssl=JDK, worker-threads=5, nio-threads=0]" classname="io.hekate.messaging.internal.FailoverSendTest" time="0.158"/>
  <testcase name="testSuccessReRoute[7: transport=NIO, ssl=JDK, worker-threads=5, nio-threads=0]" classname="io.hekate.messaging.internal.FailoverSendTest" time="0.207"/>
  <testcase name="testSuccessPreferSameNodeNoLeave[7: transport=NIO, ssl=JDK, worker-threads=5, nio-threads=0]" classname="io.hekate.messaging.internal.FailoverSendTest" time="0.234"/>
  <testcase name="testNoFailoverOfRoutingErrors[7: transport=NIO, ssl=JDK, worker-threads=5, nio-threads=0]" classname="io.hekate.messaging.internal.FailoverSendTest" time="0.052"/>
  <testcase name="testSuccessPreferSameNode[8: transport=NIO, ssl=OPEN_SSL, worker-threads=0, nio-threads=1]" classname="io.hekate.messaging.internal.FailoverSendTest" time="0.236"/>
  <testcase name="testChannelCloseWhileInFailoverWithDelay[8: transport=NIO, ssl=OPEN_SSL, worker-threads=0, nio-threads=1]" classname="io.hekate.messaging.internal.FailoverSendTest" time="0.096"/>
  <testcase name="testSuccessPreferSameNodeLeave[8: transport=NIO, ssl=OPEN_SSL, worker-threads=0, nio-threads=1]" classname="io.hekate.messaging.internal.FailoverSendTest" time="0.193"/>
  <testcase name="testSuccessRetrySameNode[8: transport=NIO, ssl=OPEN_SSL, worker-threads=0, nio-threads=1]" classname="io.hekate.messaging.internal.FailoverSendTest" time="0.211"/>
  <testcase name="testSuccessReRoute[8: transport=NIO, ssl=OPEN_SSL, worker-threads=0, nio-threads=1]" classname="io.hekate.messaging.internal.FailoverSendTest" time="0.167"/>
  <testcase name="testSuccessPreferSameNodeNoLeave[8: transport=NIO, ssl=OPEN_SSL, worker-threads=0, nio-threads=1]" classname="io.hekate.messaging.internal.FailoverSendTest" time="0.305"/>
  <testcase name="testNoFailoverOfRoutingErrors[8: transport=NIO, ssl=OPEN_SSL, worker-threads=0, nio-threads=1]" classname="io.hekate.messaging.internal.FailoverSendTest" time="0.027"/>
  <testcase name="testSuccessPreferSameNode[9: transport=NIO, ssl=OPEN_SSL, worker-threads=1, nio-threads=1]" classname="io.hekate.messaging.internal.FailoverSendTest" time="0.186"/>
  <testcase name="testChannelCloseWhileInFailoverWithDelay[9: transport=NIO, ssl=OPEN_SSL, worker-threads=1, nio-threads=1]" classname="io.hekate.messaging.internal.FailoverSendTest" time="0.073"/>
  <testcase name="testSuccessPreferSameNodeLeave[9: transport=NIO, ssl=OPEN_SSL, worker-threads=1, nio-threads=1]" classname="io.hekate.messaging.internal.FailoverSendTest" time="0.105"/>
  <testcase name="testSuccessRetrySameNode[9: transport=NIO, ssl=OPEN_SSL, worker-threads=1, nio-threads=1]" classname="io.hekate.messaging.internal.FailoverSendTest" time="0.105"/>
  <testcase name="testSuccessReRoute[9: transport=NIO, ssl=OPEN_SSL, worker-threads=1, nio-threads=1]" classname="io.hekate.messaging.internal.FailoverSendTest" time="0.109"/>
  <testcase name="testSuccessPreferSameNodeNoLeave[9: transport=NIO, ssl=OPEN_SSL, worker-threads=1, nio-threads=1]" classname="io.hekate.messaging.internal.FailoverSendTest" time="0.135"/>
  <testcase name="testNoFailoverOfRoutingErrors[9: transport=NIO, ssl=OPEN_SSL, worker-threads=1, nio-threads=1]" classname="io.hekate.messaging.internal.FailoverSendTest" time="0.028"/>
  <testcase name="testSuccessPreferSameNode[10: transport=NIO, ssl=OPEN_SSL, worker-threads=4, nio-threads=1]" classname="io.hekate.messaging.internal.FailoverSendTest" time="0.131"/>
  <testcase name="testChannelCloseWhileInFailoverWithDelay[10: transport=NIO, ssl=OPEN_SSL, worker-threads=4, nio-threads=1]" classname="io.hekate.messaging.internal.FailoverSendTest" time="0.073"/>
  <testcase name="testSuccessPreferSameNodeLeave[10: transport=NIO, ssl=OPEN_SSL, worker-threads=4, nio-threads=1]" classname="io.hekate.messaging.internal.FailoverSendTest" time="0.109"/>
  <testcase name="testSuccessRetrySameNode[10: transport=NIO, ssl=OPEN_SSL, worker-threads=4, nio-threads=1]" classname="io.hekate.messaging.internal.FailoverSendTest" time="0.12"/>
  <testcase name="testSuccessReRoute[10: transport=NIO, ssl=OPEN_SSL, worker-threads=4, nio-threads=1]" classname="io.hekate.messaging.internal.FailoverSendTest" time="0.118"/>
  <testcase name="testSuccessPreferSameNodeNoLeave[10: transport=NIO, ssl=OPEN_SSL, worker-threads=4, nio-threads=1]" classname="io.hekate.messaging.internal.FailoverSendTest" time="0.136"/>
  <testcase name="testNoFailoverOfRoutingErrors[10: transport=NIO, ssl=OPEN_SSL, worker-threads=4, nio-threads=1]" classname="io.hekate.messaging.internal.FailoverSendTest" time="0.037"/>
  <testcase name="testSuccessPreferSameNode[11: transport=NIO, ssl=OPEN_SSL, worker-threads=5, nio-threads=0]" classname="io.hekate.messaging.internal.FailoverSendTest" time="0.137"/>
  <testcase name="testChannelCloseWhileInFailoverWithDelay[11: transport=NIO, ssl=OPEN_SSL, worker-threads=5, nio-threads=0]" classname="io.hekate.messaging.internal.FailoverSendTest" time="0.073"/>
  <testcase name="testSuccessPreferSameNodeLeave[11: transport=NIO, ssl=OPEN_SSL, worker-threads=5, nio-threads=0]" classname="io.hekate.messaging.internal.FailoverSendTest" time="0.112"/>
  <testcase name="testSuccessRetrySameNode[11: transport=NIO, ssl=OPEN_SSL, worker-threads=5, nio-threads=0]" classname="io.hekate.messaging.internal.FailoverSendTest" time="0.14"/>
  <testcase name="testSuccessReRoute[11: transport=NIO, ssl=OPEN_SSL, worker-threads=5, nio-threads=0]" classname="io.hekate.messaging.internal.FailoverSendTest" time="0.21"/>
  <testcase name="testSuccessPreferSameNodeNoLeave[11: transport=NIO, ssl=OPEN_SSL, worker-threads=5, nio-threads=0]" classname="io.hekate.messaging.internal.FailoverSendTest" time="0.182"/>
  <testcase name="testNoFailoverOfRoutingErrors[11: transport=NIO, ssl=OPEN_SSL, worker-threads=5, nio-threads=0]" classname="io.hekate.messaging.internal.FailoverSendTest" time="0.049"/>
  <testcase name="testSuccessPreferSameNode[12: transport=EPOLL, worker-threads=0, nio-threads=1]" classname="io.hekate.messaging.internal.FailoverSendTest" time="0.242"/>
  <testcase name="testChannelCloseWhileInFailoverWithDelay[12: transport=EPOLL, worker-threads=0, nio-threads=1]" classname="io.hekate.messaging.internal.FailoverSendTest" time="0.207"/>
  <testcase name="testSuccessPreferSameNodeLeave[12: transport=EPOLL, worker-threads=0, nio-threads=1]" classname="io.hekate.messaging.internal.FailoverSendTest" time="0.1"/>
  <testcase name="testSuccessRetrySameNode[12: transport=EPOLL, worker-threads=0, nio-threads=1]" classname="io.hekate.messaging.internal.FailoverSendTest" time="0.096"/>
  <testcase name="testSuccessReRoute[12: transport=EPOLL, worker-threads=0, nio-threads=1]" classname="io.hekate.messaging.internal.FailoverSendTest" time="0.093"/>
  <testcase name="testSuccessPreferSameNodeNoLeave[12: transport=EPOLL, worker-threads=0, nio-threads=1]" classname="io.hekate.messaging.internal.FailoverSendTest" time="0.101"/>
  <testcase name="testNoFailoverOfRoutingErrors[12: transport=EPOLL, worker-threads=0, nio-threads=1]" classname="io.hekate.messaging.internal.FailoverSendTest" time="0.016"/>
  <testcase name="testSuccessPreferSameNode[13: transport=EPOLL, worker-threads=1, nio-threads=1]" classname="io.hekate.messaging.internal.FailoverSendTest" time="0.109"/>
  <testcase name="testChannelCloseWhileInFailoverWithDelay[13: transport=EPOLL, worker-threads=1, nio-threads=1]" classname="io.hekate.messaging.internal.FailoverSendTest" time="0.067"/>
  <testcase name="testSuccessPreferSameNodeLeave[13: transport=EPOLL, worker-threads=1, nio-threads=1]" classname="io.hekate.messaging.internal.FailoverSendTest" time="0.088"/>
  <testcase name="testSuccessRetrySameNode[13: transport=EPOLL, worker-threads=1, nio-threads=1]" classname="io.hekate.messaging.internal.FailoverSendTest" time="0.096"/>
  <testcase name="testSuccessReRoute[13: transport=EPOLL, worker-threads=1, nio-threads=1]" classname="io.hekate.messaging.internal.FailoverSendTest" time="0.124"/>
  <testcase name="testSuccessPreferSameNodeNoLeave[13: transport=EPOLL, worker-threads=1, nio-threads=1]" classname="io.hekate.messaging.internal.FailoverSendTest" time="0.12"/>
  <testcase name="testNoFailoverOfRoutingErrors[13: transport=EPOLL, worker-threads=1, nio-threads=1]" classname="io.hekate.messaging.internal.FailoverSendTest" time="0.033"/>
  <testcase name="testSuccessPreferSameNode[14: transport=EPOLL, worker-threads=4, nio-threads=1]" classname="io.hekate.messaging.internal.FailoverSendTest" time="0.104"/>
  <testcase name="testChannelCloseWhileInFailoverWithDelay[14: transport=EPOLL, worker-threads=4, nio-threads=1]" classname="io.hekate.messaging.internal.FailoverSendTest" time="0.065"/>
  <testcase name="testSuccessPreferSameNodeLeave[14: transport=EPOLL, worker-threads=4, nio-threads=1]" classname="io.hekate.messaging.internal.FailoverSendTest" time="0.086"/>
  <testcase name="testSuccessRetrySameNode[14: transport=EPOLL, worker-threads=4, nio-threads=1]" classname="io.hekate.messaging.internal.FailoverSendTest" time="0.085"/>
  <testcase name="testSuccessReRoute[14: transport=EPOLL, worker-threads=4, nio-threads=1]" classname="io.hekate.messaging.internal.FailoverSendTest" time="0.174"/>
  <testcase name="testSuccessPreferSameNodeNoLeave[14: transport=EPOLL, worker-threads=4, nio-threads=1]" classname="io.hekate.messaging.internal.FailoverSendTest" time="0.275"/>
  <testcase name="testNoFailoverOfRoutingErrors[14: transport=EPOLL, worker-threads=4, nio-threads=1]" classname="io.hekate.messaging.internal.FailoverSendTest" time="0.141"/>
  <testcase name="testSuccessPreferSameNode[15: transport=EPOLL, worker-threads=5, nio-threads=0]" classname="io.hekate.messaging.internal.FailoverSendTest" time="0.27"/>
  <testcase name="testChannelCloseWhileInFailoverWithDelay[15: transport=EPOLL, worker-threads=5, nio-threads=0]" classname="io.hekate.messaging.internal.FailoverSendTest" time="0.166"/>
  <testcase name="testSuccessPreferSameNodeLeave[15: transport=EPOLL, worker-threads=5, nio-threads=0]" classname="io.hekate.messaging.internal.FailoverSendTest" time="0.372"/>
  <testcase name="testSuccessRetrySameNode[15: transport=EPOLL, worker-threads=5, nio-threads=0]" classname="io.hekate.messaging.internal.FailoverSendTest" time="0.29"/>
  <testcase name="testSuccessReRoute[15: transport=EPOLL, worker-threads=5, nio-threads=0]" classname="io.hekate.messaging.internal.FailoverSendTest" time="0.216"/>
  <testcase name="testSuccessPreferSameNodeNoLeave[15: transport=EPOLL, worker-threads=5, nio-threads=0]" classname="io.hekate.messaging.internal.FailoverSendTest" time="0.322"/>
  <testcase name="testNoFailoverOfRoutingErrors[15: transport=EPOLL, worker-threads=5, nio-threads=0]" classname="io.hekate.messaging.internal.FailoverSendTest" time="0.054"/>
  <testcase name="testSuccessPreferSameNode[16: transport=EPOLL, ssl=JDK, worker-threads=0, nio-threads=1]" classname="io.hekate.messaging.internal.FailoverSendTest" time="0.295"/>
  <testcase name="testChannelCloseWhileInFailoverWithDelay[16: transport=EPOLL, ssl=JDK, worker-threads=0, nio-threads=1]" classname="io.hekate.messaging.internal.FailoverSendTest" time="0.201"/>
  <testcase name="testSuccessPreferSameNodeLeave[16: transport=EPOLL, ssl=JDK, worker-threads=0, nio-threads=1]" classname="io.hekate.messaging.internal.FailoverSendTest" time="0.268"/>
  <testcase name="testSuccessRetrySameNode[16: transport=EPOLL, ssl=JDK, worker-threads=0, nio-threads=1]" classname="io.hekate.messaging.internal.FailoverSendTest" time="0.159"/>
  <testcase name="testSuccessReRoute[16: transport=EPOLL, ssl=JDK, worker-threads=0, nio-threads=1]" classname="io.hekate.messaging.internal.FailoverSendTest" time="0.267"/>
  <testcase name="testSuccessPreferSameNodeNoLeave[16: transport=EPOLL, ssl=JDK, worker-threads=0, nio-threads=1]" classname="io.hekate.messaging.internal.FailoverSendTest" time="0.442"/>
  <testcase name="testNoFailoverOfRoutingErrors[16: transport=EPOLL, ssl=JDK, worker-threads=0, nio-threads=1]" classname="io.hekate.messaging.internal.FailoverSendTest" time="0.193"/>
  <testcase name="testSuccessPreferSameNode[17: transport=EPOLL, ssl=JDK, worker-threads=1, nio-threads=1]" classname="io.hekate.messaging.internal.FailoverSendTest" time="0.411"/>
  <testcase name="testChannelCloseWhileInFailoverWithDelay[17: transport=EPOLL, ssl=JDK, worker-threads=1, nio-threads=1]" classname="io.hekate.messaging.internal.FailoverSendTest" time="0.31"/>
  <testcase name="testSuccessPreferSameNodeLeave[17: transport=EPOLL, ssl=JDK, worker-threads=1, nio-threads=1]" classname="io.hekate.messaging.internal.FailoverSendTest" time="0.315"/>
  <testcase name="testSuccessRetrySameNode[17: transport=EPOLL, ssl=JDK, worker-threads=1, nio-threads=1]" classname="io.hekate.messaging.internal.FailoverSendTest" time="0.246"/>
  <testcase name="testSuccessReRoute[17: transport=EPOLL, ssl=JDK, worker-threads=1, nio-threads=1]" classname="io.hekate.messaging.internal.FailoverSendTest" time="0.201"/>
  <testcase name="testSuccessPreferSameNodeNoLeave[17: transport=EPOLL, ssl=JDK, worker-threads=1, nio-threads=1]" classname="io.hekate.messaging.internal.FailoverSendTest" time="0.407"/>
  <testcase name="testNoFailoverOfRoutingErrors[17: transport=EPOLL, ssl=JDK, worker-threads=1, nio-threads=1]" classname="io.hekate.messaging.internal.FailoverSendTest" time="0.081"/>
  <testcase name="testSuccessPreferSameNode[18: transport=EPOLL, ssl=JDK, worker-threads=4, nio-threads=1]" classname="io.hekate.messaging.internal.FailoverSendTest" time="0.235"/>
  <testcase name="testChannelCloseWhileInFailoverWithDelay[18: transport=EPOLL, ssl=JDK, worker-threads=4, nio-threads=1]" classname="io.hekate.messaging.internal.FailoverSendTest" time="0.14"/>
  <testcase name="testSuccessPreferSameNodeLeave[18: transport=EPOLL, ssl=JDK, worker-threads=4, nio-threads=1]" classname="io.hekate.messaging.internal.FailoverSendTest" time="0.162"/>
  <testcase name="testSuccessRetrySameNode[18: transport=EPOLL, ssl=JDK, worker-threads=4, nio-threads=1]" classname="io.hekate.messaging.internal.FailoverSendTest" time="0.237"/>
  <testcase name="testSuccessReRoute[18: transport=EPOLL, ssl=JDK, worker-threads=4, nio-threads=1]" classname="io.hekate.messaging.internal.FailoverSendTest" time="0.317"/>
  <testcase name="testSuccessPreferSameNodeNoLeave[18: transport=EPOLL, ssl=JDK, worker-threads=4, nio-threads=1]" classname="io.hekate.messaging.internal.FailoverSendTest" time="0.364"/>
  <testcase name="testNoFailoverOfRoutingErrors[18: transport=EPOLL, ssl=JDK, worker-threads=4, nio-threads=1]" classname="io.hekate.messaging.internal.FailoverSendTest" time="0.124"/>
  <testcase name="testSuccessPreferSameNode[19: transport=EPOLL, ssl=JDK, worker-threads=5, nio-threads=0]" classname="io.hekate.messaging.internal.FailoverSendTest" time="0.42"/>
  <testcase name="testChannelCloseWhileInFailoverWithDelay[19: transport=EPOLL, ssl=JDK, worker-threads=5, nio-threads=0]" classname="io.hekate.messaging.internal.FailoverSendTest" time="0.169"/>
  <testcase name="testSuccessPreferSameNodeLeave[19: transport=EPOLL, ssl=JDK, worker-threads=5, nio-threads=0]" classname="io.hekate.messaging.internal.FailoverSendTest" time="0.269"/>
  <testcase name="testSuccessRetrySameNode[19: transport=EPOLL, ssl=JDK, worker-threads=5, nio-threads=0]" classname="io.hekate.messaging.internal.FailoverSendTest" time="0.318"/>
  <testcase name="testSuccessReRoute[19: transport=EPOLL, ssl=JDK, worker-threads=5, nio-threads=0]" classname="io.hekate.messaging.internal.FailoverSendTest" time="0.345"/>
  <testcase name="testSuccessPreferSameNodeNoLeave[19: transport=EPOLL, ssl=JDK, worker-threads=5, nio-threads=0]" classname="io.hekate.messaging.internal.FailoverSendTest" time="0.399"/>
  <testcase name="testNoFailoverOfRoutingErrors[19: transport=EPOLL, ssl=JDK, worker-threads=5, nio-threads=0]" classname="io.hekate.messaging.internal.FailoverSendTest" time="0.124"/>
  <testcase name="testSuccessPreferSameNode[20: transport=EPOLL, ssl=OPEN_SSL, worker-threads=0, nio-threads=1]" classname="io.hekate.messaging.internal.FailoverSendTest" time="0.273"/>
  <testcase name="testChannelCloseWhileInFailoverWithDelay[20: transport=EPOLL, ssl=OPEN_SSL, worker-threads=0, nio-threads=1]" classname="io.hekate.messaging.internal.FailoverSendTest" time="0.199"/>
  <testcase name="testSuccessPreferSameNodeLeave[20: transport=EPOLL, ssl=OPEN_SSL, worker-threads=0, nio-threads=1]" classname="io.hekate.messaging.internal.FailoverSendTest" time="0.151"/>
  <testcase name="testSuccessRetrySameNode[20: transport=EPOLL, ssl=OPEN_SSL, worker-threads=0, nio-threads=1]" classname="io.hekate.messaging.internal.FailoverSendTest" time="0.348"/>
  <testcase name="testSuccessReRoute[20: transport=EPOLL, ssl=OPEN_SSL, worker-threads=0, nio-threads=1]" classname="io.hekate.messaging.internal.FailoverSendTest" time="0.255"/>
  <testcase name="testSuccessPreferSameNodeNoLeave[20: transport=EPOLL, ssl=OPEN_SSL, worker-threads=0, nio-threads=1]" classname="io.hekate.messaging.internal.FailoverSendTest" time="0.31"/>
  <testcase name="testNoFailoverOfRoutingErrors[20: transport=EPOLL, ssl=OPEN_SSL, worker-threads=0, nio-threads=1]" classname="io.hekate.messaging.internal.FailoverSendTest" time="0.135"/>
  <testcase name="testSuccessPreferSameNode[21: transport=EPOLL, ssl=OPEN_SSL, worker-threads=1, nio-threads=1]" classname="io.hekate.messaging.internal.FailoverSendTest" time="0.23"/>
  <testcase name="testChannelCloseWhileInFailoverWithDelay[21: transport=EPOLL, ssl=OPEN_SSL, worker-threads=1, nio-threads=1]" classname="io.hekate.messaging.internal.FailoverSendTest" time="0.221"/>
  <testcase name="testSuccessPreferSameNodeLeave[21: transport=EPOLL, ssl=OPEN_SSL, worker-threads=1, nio-threads=1]" classname="io.hekate.messaging.internal.FailoverSendTest" time="0.186"/>
  <testcase name="testSuccessRetrySameNode[21: transport=EPOLL, ssl=OPEN_SSL, worker-threads=1, nio-threads=1]" classname="io.hekate.messaging.internal.FailoverSendTest" time="0.175"/>
  <testcase name="testSuccessReRoute[21: transport=EPOLL, ssl=OPEN_SSL, worker-threads=1, nio-threads=1]" classname="io.hekate.messaging.internal.FailoverSendTest" time="0.171"/>
  <testcase name="testSuccessPreferSameNodeNoLeave[21: transport=EPOLL, ssl=OPEN_SSL, worker-threads=1, nio-threads=1]" classname="io.hekate.messaging.internal.FailoverSendTest" time="0.414"/>
  <testcase name="testNoFailoverOfRoutingErrors[21: transport=EPOLL, ssl=OPEN_SSL, worker-threads=1, nio-threads=1]" classname="io.hekate.messaging.internal.FailoverSendTest" time="0.111"/>
  <testcase name="testSuccessPreferSameNode[22: transport=EPOLL, ssl=OPEN_SSL, worker-threads=4, nio-threads=1]" classname="io.hekate.messaging.internal.FailoverSendTest" time="0.289"/>
  <testcase name="testChannelCloseWhileInFailoverWithDelay[22: transport=EPOLL, ssl=OPEN_SSL, worker-threads=4, nio-threads=1]" classname="io.hekate.messaging.internal.FailoverSendTest" time="0.161"/>
  <testcase name="testSuccessPreferSameNodeLeave[22: transport=EPOLL, ssl=OPEN_SSL, worker-threads=4, nio-threads=1]" classname="io.hekate.messaging.internal.FailoverSendTest" time="0.213"/>
  <testcase name="testSuccessRetrySameNode[22: transport=EPOLL, ssl=OPEN_SSL, worker-threads=4, nio-threads=1]" classname="io.hekate.messaging.internal.FailoverSendTest" time="0.176"/>
  <testcase name="testSuccessReRoute[22: transport=EPOLL, ssl=OPEN_SSL, worker-threads=4, nio-threads=1]" classname="io.hekate.messaging.internal.FailoverSendTest" time="0.194"/>
  <testcase name="testSuccessPreferSameNodeNoLeave[22: transport=EPOLL, ssl=OPEN_SSL, worker-threads=4, nio-threads=1]" classname="io.hekate.messaging.internal.FailoverSendTest" time="0.219"/>
  <testcase name="testNoFailoverOfRoutingErrors[22: transport=EPOLL, ssl=OPEN_SSL, worker-threads=4, nio-threads=1]" classname="io.hekate.messaging.internal.FailoverSendTest" time="0.043"/>
  <testcase name="testSuccessPreferSameNode[23: transport=EPOLL, ssl=OPEN_SSL, worker-threads=5, nio-threads=0]" classname="io.hekate.messaging.internal.FailoverSendTest" time="0.247"/>
  <testcase name="testChannelCloseWhileInFailoverWithDelay[23: transport=EPOLL, ssl=OPEN_SSL, worker-threads=5, nio-threads=0]" classname="io.hekate.messaging.internal.FailoverSendTest" time="0.141"/>
  <testcase name="testSuccessPreferSameNodeLeave[23: transport=EPOLL, ssl=OPEN_SSL, worker-threads=5, nio-threads=0]" classname="io.hekate.messaging.internal.FailoverSendTest" time="0.259"/>
  <testcase name="testSuccessRetrySameNode[23: transport=EPOLL, ssl=OPEN_SSL, worker-threads=5, nio-threads=0]" classname="io.hekate.messaging.internal.FailoverSendTest" time="0.186"/>
  <testcase name="testSuccessReRoute[23: transport=EPOLL, ssl=OPEN_SSL, worker-threads=5, nio-threads=0]" classname="io.hekate.messaging.internal.FailoverSendTest" time="0.173"/>
  <testcase name="testSuccessPreferSameNodeNoLeave[23: transport=EPOLL, ssl=OPEN_SSL, worker-threads=5, nio-threads=0]" classname="io.hekate.messaging.internal.FailoverSendTest" time="0.351"/>
  <testcase name="testNoFailoverOfRoutingErrors[23: transport=EPOLL, ssl=OPEN_SSL, worker-threads=5, nio-threads=0]" classname="io.hekate.messaging.internal.FailoverSendTest" time="0.166"/>
</testsuite>