<?xml version="1.0" encoding="UTF-8"?>
<testsuite xmlns:xsi="http://www.w3.org/2001/XMLSchema-instance" xsi:schemaLocation="https://maven.apache.org/surefire/maven-surefire-plugin/xsd/surefire-test-report.xsd" name="io.hekate.messaging.internal.MessagingChannelSendTest" time="52.896" tests="408" errors="0" skipped="0" failures="0">
  <properties>
    <property name="java.runtime.name" value="OpenJDK Runtime Environment"/>
    <property name="sun.boot.library.path" value="/usr/lib/jvm/java-8-openjdk-amd64/jre/lib/amd64"/>
    <property name="java.vm.version" value="25.121-b13"/>
    <property name="java.vm.vendor" value="Oracle Corporation"/>
    <property name="maven.multiModuleProjectDirectory" value="/root/workspace/hekate-io/hekate/390165353"/>
    <property name="java.vendor.url" value="http://java.oracle.com/"/>
    <property name="path.separator" value=":"/>
    <property name="guice.disable.misplaced.annotation.check" value="true"/>
    <property name="skip.gulp" value="true"/>
    <property name="java.vm.name" value="OpenJDK 64-Bit Server VM"/>
    <property name="file.encoding.pkg" value="sun.io"/>
    <property name="sun.java.launcher" value="SUN_STANDARD"/>
    <property name="sun.os.patch.level" value="unknown"/>
    <property name="findbugs.skip" value="true"/>
    <property name="java.vm.specification.name" value="Java Virtual Machine Specification"/>
    <property name="user.dir" value="/root/workspace/hekate-io/hekate/390165353"/>
    <property name="checkstyle.skip" value="true"/>
    <property name="java.runtime.version" value="1.8.0_121-8u121-b13-1~bpo8+1-b13"/>
    <property name="java.awt.graphicsenv" value="sun.awt.X11GraphicsEnvironment"/>
    <property name="skip.npm" value="true"/>
    <property name="java.endorsed.dirs" value="/usr/lib/jvm/java-8-openjdk-amd64/jre/lib/endorsed"/>
    <property name="os.arch" value="amd64"/>
    <property name="java.io.tmpdir" value="/tmp"/>
    <property name="gpg.skip" value="true"/>
    <property name="line.separator" value="&#10;"/>
    <property name="java.vm.specification.vendor" value="Oracle Corporation"/>
    <property name="cobertura.skip" value="true"/>
    <property name="os.name" value="Linux"/>
    <property name="classworlds.conf" value="/usr/share/maven/bin/m2.conf"/>
    <property name="sun.jnu.encoding" value="UTF-8"/>
    <property name="java.library.path" value="/usr/java/packages/lib/amd64:/usr/lib/x86_64-linux-gnu/jni:/lib/x86_64-linux-gnu:/usr/lib/x86_64-linux-gnu:/usr/lib/jni:/lib:/usr/lib"/>
    <property name="license.skip" value="true"/>
    <property name="java.specification.name" value="Java Platform API Specification"/>
    <property name="java.class.version" value="52.0"/>
    <property name="org.slf4j.simpleLogger.levelInBrackets" value="true"/>
    <property name="sun.management.compiler" value="HotSpot 64-Bit Tiered Compilers"/>
    <property name="skip.bower" value="true"/>
    <property name="maven.repo.local" value="/root/./workspace/hekate-io/hekate/390165353/.m2"/>
    <property name="os.version" value="3.10.0-862.3.2.el7.x86_64"/>
    <property name="user.home" value="/root"/>
    <property name="user.timezone" value="Europe/Paris"/>
    <property name="java.awt.printerjob" value="sun.print.PSPrinterJob"/>
    <property name="java.specification.version" value="1.8"/>
    <property name="file.encoding" value="UTF-8"/>
    <property name="user.name" value="root"/>
    <property name="java.class.path" value="/usr/share/maven/boot/plexus-classworlds-2.5.2.jar"/>
    <property name="skipITs" value="true"/>
    <property name="java.vm.specification.version" value="1.8"/>
    <property name="sun.arch.data.model" value="64"/>
    <property name="java.home" value="/usr/lib/jvm/java-8-openjdk-amd64/jre"/>
    <property name="sun.java.command" value="org.codehaus.plexus.classworlds.launcher.Launcher -B -D enforcer.skip=true -D dependency-check.skip=true -D skipITs=true -D cobertura.skip=true -D maven.repo.local=/root/./workspace/hekate-io/hekate/390165353/.m2 -D rat.skip=true -D findbugs.skip=true -D skip.bower=true -D gpg.skip=true -D checkstyle.skip=true -D skip.gulp=true -D license.skip=true -D skip.npm=true test"/>
    <property name="java.specification.vendor" value="Oracle Corporation"/>
    <property name="user.language" value="en"/>
    <property name="awt.toolkit" value="sun.awt.X11.XToolkit"/>
    <property name="dependency-check.skip" value="true"/>
    <property name="java.vm.info" value="mixed mode"/>
    <property name="java.version" value="1.8.0_121"/>
    <property name="java.ext.dirs" value="/usr/lib/jvm/java-8-openjdk-amd64/jre/lib/ext:/usr/java/packages/lib/ext"/>
    <property name="securerandom.source" value="file:/dev/./urandom"/>
    <property name="sun.boot.class.path" value="/usr/lib/jvm/java-8-openjdk-amd64/jre/lib/resources.jar:/usr/lib/jvm/java-8-openjdk-amd64/jre/lib/rt.jar:/usr/lib/jvm/java-8-openjdk-amd64/jre/lib/sunrsasign.jar:/usr/lib/jvm/java-8-openjdk-amd64/jre/lib/jsse.jar:/usr/lib/jvm/java-8-openjdk-amd64/jre/lib/jce.jar:/usr/lib/jvm/java-8-openjdk-amd64/jre/lib/charsets.jar:/usr/lib/jvm/java-8-openjdk-amd64/jre/lib/jfr.jar:/usr/lib/jvm/java-8-openjdk-amd64/jre/classes"/>
    <property name="java.vendor" value="Oracle Corporation"/>
    <property name="enforcer.skip" value="true"/>
    <property name="rat.skip" value="true"/>
    <property name="maven.home" value="/usr/share/maven"/>
    <property name="file.separator" value="/"/>
    <property name="java.vendor.url.bug" value="http://bugreport.sun.com/bugreport/"/>
    <property name="sun.cpu.endian" value="little"/>
    <property name="sun.io.unicode.encoding" value="UnicodeLittle"/>
    <property name="org.slf4j.simpleLogger.showThreadName" value="false"/>
    <property name="sun.cpu.isalist" value=""/>
  </properties>
  <testcase name="testUnknownNodeFuture[0: transport=NIO, worker-threads=0, nio-threads=1]" classname="io.hekate.messaging.internal.MessagingChannelSendTest" time="0.009"/>
  <testcase name="testIdleSocketTimeout[0: transport=NIO, worker-threads=0, nio-threads=1]" classname="io.hekate.messaging.internal.MessagingChannelSendTest" time="0.785"/>
  <testcase name="testLoadBalanceFailure[0: transport=NIO, worker-threads=0, nio-threads=1]" classname="io.hekate.messaging.internal.MessagingChannelSendTest" time="0.027"/>
  <testcase name="testClosedChannel[0: transport=NIO, worker-threads=0, nio-threads=1]" classname="io.hekate.messaging.internal.MessagingChannelSendTest" time="0.01"/>
  <testcase name="testNoReceiver[0: transport=NIO, worker-threads=0, nio-threads=1]" classname="io.hekate.messaging.internal.MessagingChannelSendTest" time="0.011"/>
  <testcase name="testUnknownNodeCallback[0: transport=NIO, worker-threads=0, nio-threads=1]" classname="io.hekate.messaging.internal.MessagingChannelSendTest" time="0.023"/>
  <testcase name="testTopologyChange[0: transport=NIO, worker-threads=0, nio-threads=1]" classname="io.hekate.messaging.internal.MessagingChannelSendTest" time="0.125"/>
  <testcase name="testChannelCloseDuringRouting[0: transport=NIO, worker-threads=0, nio-threads=1]" classname="io.hekate.messaging.internal.MessagingChannelSendTest" time="0.081"/>
  <testcase name="testCallback[0: transport=NIO, worker-threads=0, nio-threads=1]" classname="io.hekate.messaging.internal.MessagingChannelSendTest" time="0.072"/>
  <testcase name="testLoadBalanceReturnsNull[0: transport=NIO, worker-threads=0, nio-threads=1]" classname="io.hekate.messaging.internal.MessagingChannelSendTest" time="0.025"/>
  <testcase name="testRouteToNonExistingNode[0: transport=NIO, worker-threads=0, nio-threads=1]" classname="io.hekate.messaging.internal.MessagingChannelSendTest" time="0.025"/>
  <testcase name="testReplyIsNotSupported[0: transport=NIO, worker-threads=0, nio-threads=1]" classname="io.hekate.messaging.internal.MessagingChannelSendTest" time="0.027"/>
  <testcase name="testInterceptor[0: transport=NIO, worker-threads=0, nio-threads=1]" classname="io.hekate.messaging.internal.MessagingChannelSendTest" time="0.076"/>
  <testcase name="testFuture[0: transport=NIO, worker-threads=0, nio-threads=1]" classname="io.hekate.messaging.internal.MessagingChannelSendTest" time="0.117"/>
  <testcase name="testNoWait[0: transport=NIO, worker-threads=0, nio-threads=1]" classname="io.hekate.messaging.internal.MessagingChannelSendTest" time="0.068"/>
  <testcase name="testNonSerializableMessage[0: transport=NIO, worker-threads=0, nio-threads=1]" classname="io.hekate.messaging.internal.MessagingChannelSendTest" time="0.055"/>
  <testcase name="testNetworkDisconnect[0: transport=NIO, worker-threads=0, nio-threads=1]" classname="io.hekate.messaging.internal.MessagingChannelSendTest" time="0.024"/>
  <testcase name="testUnknownNodeFuture[1: transport=NIO, worker-threads=1, nio-threads=1]" classname="io.hekate.messaging.internal.MessagingChannelSendTest" time="0.008"/>
  <testcase name="testIdleSocketTimeout[1: transport=NIO, worker-threads=1, nio-threads=1]" classname="io.hekate.messaging.internal.MessagingChannelSendTest" time="0.807"/>
  <testcase name="testLoadBalanceFailure[1: transport=NIO, worker-threads=1, nio-threads=1]" classname="io.hekate.messaging.internal.MessagingChannelSendTest" time="0.024"/>
  <testcase name="testClosedChannel[1: transport=NIO, worker-threads=1, nio-threads=1]" classname="io.hekate.messaging.internal.MessagingChannelSendTest" time="0.01"/>
  <testcase name="testNoReceiver[1: transport=NIO, worker-threads=1, nio-threads=1]" classname="io.hekate.messaging.internal.MessagingChannelSendTest" time="0.009"/>
  <testcase name="testUnknownNodeCallback[1: transport=NIO, worker-threads=1, nio-threads=1]" classname="io.hekate.messaging.internal.MessagingChannelSendTest" time="0.009"/>
  <testcase name="testTopologyChange[1: transport=NIO, worker-threads=1, nio-threads=1]" classname="io.hekate.messaging.internal.MessagingChannelSendTest" time="0.192"/>
  <testcase name="testChannelCloseDuringRouting[1: transport=NIO, worker-threads=1, nio-threads=1]" classname="io.hekate.messaging.internal.MessagingChannelSendTest" time="0.079"/>
  <testcase name="testCallback[1: transport=NIO, worker-threads=1, nio-threads=1]" classname="io.hekate.messaging.internal.MessagingChannelSendTest" time="0.042"/>
  <testcase name="testLoadBalanceReturnsNull[1: transport=NIO, worker-threads=1, nio-threads=1]" classname="io.hekate.messaging.internal.MessagingChannelSendTest" time="0.02"/>
  <testcase name="testRouteToNonExistingNode[1: transport=NIO, worker-threads=1, nio-threads=1]" classname="io.hekate.messaging.internal.MessagingChannelSendTest" time="0.018"/>
  <testcase name="testReplyIsNotSupported[1: transport=NIO, worker-threads=1, nio-threads=1]" classname="io.hekate.messaging.internal.MessagingChannelSendTest" time="0.019"/>
  <testcase name="testInterceptor[1: transport=NIO, worker-threads=1, nio-threads=1]" classname="io.hekate.messaging.internal.MessagingChannelSendTest" time="0.113"/>
  <testcase name="testFuture[1: transport=NIO, worker-threads=1, nio-threads=1]" classname="io.hekate.messaging.internal.MessagingChannelSendTest" time="0.036"/>
  <testcase name="testNoWait[1: transport=NIO, worker-threads=1, nio-threads=1]" classname="io.hekate.messaging.internal.MessagingChannelSendTest" time="0.115"/>
  <testcase name="testNonSerializableMessage[1: transport=NIO, worker-threads=1, nio-threads=1]" classname="io.hekate.messaging.internal.MessagingChannelSendTest" time="0.027"/>
  <testcase name="testNetworkDisconnect[1: transport=NIO, worker-threads=1, nio-threads=1]" classname="io.hekate.messaging.internal.MessagingChannelSendTest" time="0.022"/>
  <testcase name="testUnknownNodeFuture[2: transport=NIO, worker-threads=4, nio-threads=1]" classname="io.hekate.messaging.internal.MessagingChannelSendTest" time="0.007"/>
  <testcase name="testIdleSocketTimeout[2: transport=NIO, worker-threads=4, nio-threads=1]" classname="io.hekate.messaging.internal.MessagingChannelSendTest" time="0.807"/>
  <testcase name="testLoadBalanceFailure[2: transport=NIO, worker-threads=4, nio-threads=1]" classname="io.hekate.messaging.internal.MessagingChannelSendTest" time="0.025"/>
  <testcase name="testClosedChannel[2: transport=NIO, worker-threads=4, nio-threads=1]" classname="io.hekate.messaging.internal.MessagingChannelSendTest" time="0.009"/>
  <testcase name="testNoReceiver[2: transport=NIO, worker-threads=4, nio-threads=1]" classname="io.hekate.messaging.internal.MessagingChannelSendTest" time="0.008"/>
  <testcase name="testUnknownNodeCallback[2: transport=NIO, worker-threads=4, nio-threads=1]" classname="io.hekate.messaging.internal.MessagingChannelSendTest" time="0.008"/>
  <testcase name="testTopologyChange[2: transport=NIO, worker-threads=4, nio-threads=1]" classname="io.hekate.messaging.internal.MessagingChannelSendTest" time="0.242"/>
  <testcase name="testChannelCloseDuringRouting[2: transport=NIO, worker-threads=4, nio-threads=1]" classname="io.hekate.messaging.internal.MessagingChannelSendTest" time="0.062"/>
  <testcase name="testCallback[2: transport=NIO, worker-threads=4, nio-threads=1]" classname="io.hekate.messaging.internal.MessagingChannelSendTest" time="0.048"/>
  <testcase name="testLoadBalanceReturnsNull[2: transport=NIO, worker-threads=4, nio-threads=1]" classname="io.hekate.messaging.internal.MessagingChannelSendTest" time="0.024"/>
  <testcase name="testRouteToNonExistingNode[2: transport=NIO, worker-threads=4, nio-threads=1]" classname="io.hekate.messaging.internal.MessagingChannelSendTest" time="0.023"/>
  <testcase name="testReplyIsNotSupported[2: transport=NIO, worker-threads=4, nio-threads=1]" classname="io.hekate.messaging.internal.MessagingChannelSendTest" time="0.024"/>
  <testcase name="testInterceptor[2: transport=NIO, worker-threads=4, nio-threads=1]" classname="io.hekate.messaging.internal.MessagingChannelSendTest" time="0.049"/>
  <testcase name="testFuture[2: transport=NIO, worker-threads=4, nio-threads=1]" classname="io.hekate.messaging.internal.MessagingChannelSendTest" time="0.05"/>
  <testcase name="testNoWait[2: transport=NIO, worker-threads=4, nio-threads=1]" classname="io.hekate.messaging.internal.MessagingChannelSendTest" time="0.068"/>
  <testcase name="testNonSerializableMessage[2: transport=NIO, worker-threads=4, nio-threads=1]" classname="io.hekate.messaging.internal.MessagingChannelSendTest" time="0.029"/>
  <testcase name="testNetworkDisconnect[2: transport=NIO, worker-threads=4, nio-threads=1]" classname="io.hekate.messaging.internal.MessagingChannelSendTest" time="0.024"/>
  <testcase name="testUnknownNodeFuture[3: transport=NIO, worker-threads=5, nio-threads=0]" classname="io.hekate.messaging.internal.MessagingChannelSendTest" time="0.008"/>
  <testcase name="testIdleSocketTimeout[3: transport=NIO, worker-threads=5, nio-threads=0]" classname="io.hekate.messaging.internal.MessagingChannelSendTest" time="0.806"/>
  <testcase name="testLoadBalanceFailure[3: transport=NIO, worker-threads=5, nio-threads=0]" classname="io.hekate.messaging.internal.MessagingChannelSendTest" time="0.025"/>
  <testcase name="testClosedChannel[3: transport=NIO, worker-threads=5, nio-threads=0]" classname="io.hekate.messaging.internal.MessagingChannelSendTest" time="0.009"/>
  <testcase name="testNoReceiver[3: transport=NIO, worker-threads=5, nio-threads=0]" classname="io.hekate.messaging.internal.MessagingChannelSendTest" time="0.008"/>
  <testcase name="testUnknownNodeCallback[3: transport=NIO, worker-threads=5, nio-threads=0]" classname="io.hekate.messaging.internal.MessagingChannelSendTest" time="0.007"/>
  <testcase name="testTopologyChange[3: transport=NIO, worker-threads=5, nio-threads=0]" classname="io.hekate.messaging.internal.MessagingChannelSendTest" time="0.25"/>
  <testcase name="testChannelCloseDuringRouting[3: transport=NIO, worker-threads=5, nio-threads=0]" classname="io.hekate.messaging.internal.MessagingChannelSendTest" time="0.051"/>
  <testcase name="testCallback[3: transport=NIO, worker-threads=5, nio-threads=0]" classname="io.hekate.messaging.internal.MessagingChannelSendTest" time="0.085"/>
  <testcase name="testLoadBalanceReturnsNull[3: transport=NIO, worker-threads=5, nio-threads=0]" classname="io.hekate.messaging.internal.MessagingChannelSendTest" time="0.022"/>
  <testcase name="testRouteToNonExistingNode[3: transport=NIO, worker-threads=5, nio-threads=0]" classname="io.hekate.messaging.internal.MessagingChannelSendTest" time="0.022"/>
  <testcase name="testReplyIsNotSupported[3: transport=NIO, worker-threads=5, nio-threads=0]" classname="io.hekate.messaging.internal.MessagingChannelSendTest" time="0.024"/>
  <testcase name="testInterceptor[3: transport=NIO, worker-threads=5, nio-threads=0]" classname="io.hekate.messaging.internal.MessagingChannelSendTest" time="0.074"/>
  <testcase name="testFuture[3: transport=NIO, worker-threads=5, nio-threads=0]" classname="io.hekate.messaging.internal.MessagingChannelSendTest" time="0.048"/>
  <testcase name="testNoWait[3: transport=NIO, worker-threads=5, nio-threads=0]" classname="io.hekate.messaging.internal.MessagingChannelSendTest" time="0.067"/>
  <testcase name="testNonSerializableMessage[3: transport=NIO, worker-threads=5, nio-threads=0]" classname="io.hekate.messaging.internal.MessagingChannelSendTest" time="0.033"/>
  <testcase name="testNetworkDisconnect[3: transport=NIO, worker-threads=5, nio-threads=0]" classname="io.hekate.messaging.internal.MessagingChannelSendTest" time="0.023"/>
  <testcase name="testUnknownNodeFuture[4: transport=NIO, ssl=JDK, worker-threads=0, nio-threads=1]" classname="io.hekate.messaging.internal.MessagingChannelSendTest" time="0.009"/>
  <testcase name="testIdleSocketTimeout[4: transport=NIO, ssl=JDK, worker-threads=0, nio-threads=1]" classname="io.hekate.messaging.internal.MessagingChannelSendTest" time="0.929"/>
  <testcase name="testLoadBalanceFailure[4: transport=NIO, ssl=JDK, worker-threads=0, nio-threads=1]" classname="io.hekate.messaging.internal.MessagingChannelSendTest" time="0.062"/>
  <testcase name="testClosedChannel[4: transport=NIO, ssl=JDK, worker-threads=0, nio-threads=1]" classname="io.hekate.messaging.internal.MessagingChannelSendTest" time="0.009"/>
  <testcase name="testNoReceiver[4: transport=NIO, ssl=JDK, worker-threads=0, nio-threads=1]" classname="io.hekate.messaging.internal.MessagingChannelSendTest" time="0.008"/>
  <testcase name="testUnknownNodeCallback[4: transport=NIO, ssl=JDK, worker-threads=0, nio-threads=1]" classname="io.hekate.messaging.internal.MessagingChannelSendTest" time="0.008"/>
  <testcase name="testTopologyChange[4: transport=NIO, ssl=JDK, worker-threads=0, nio-threads=1]" classname="io.hekate.messaging.internal.MessagingChannelSendTest" time="0.622"/>
  <testcase name="testChannelCloseDuringRouting[4: transport=NIO, ssl=JDK, worker-threads=0, nio-threads=1]" classname="io.hekate.messaging.internal.MessagingChannelSendTest" time="0.19"/>
  <testcase name="testCallback[4: transport=NIO, ssl=JDK, worker-threads=0, nio-threads=1]" classname="io.hekate.messaging.internal.MessagingChannelSendTest" time="0.188"/>
  <testcase name="testLoadBalanceReturnsNull[4: transport=NIO, ssl=JDK, worker-threads=0, nio-threads=1]" classname="io.hekate.messaging.internal.MessagingChannelSendTest" time="0.063"/>
  <testcase name="testRouteToNonExistingNode[4: transport=NIO, ssl=JDK, worker-threads=0, nio-threads=1]" classname="io.hekate.messaging.internal.MessagingChannelSendTest" time="0.075"/>
  <testcase name="testReplyIsNotSupported[4: transport=NIO, ssl=JDK, worker-threads=0, nio-threads=1]" classname="io.hekate.messaging.internal.MessagingChannelSendTest" time="0.061"/>
  <testcase name="testInterceptor[4: transport=NIO, ssl=JDK, worker-threads=0, nio-threads=1]" classname="io.hekate.messaging.internal.MessagingChannelSendTest" time="0.187"/>
  <testcase name="testFuture[4: transport=NIO, ssl=JDK, worker-threads=0, nio-threads=1]" classname="io.hekate.messaging.internal.MessagingChannelSendTest" time="0.19"/>
  <testcase name="testNoWait[4: transport=NIO, ssl=JDK, worker-threads=0, nio-threads=1]" classname="io.hekate.messaging.internal.MessagingChannelSendTest" time="0.145"/>
  <testcase name="testNonSerializableMessage[4: transport=NIO, ssl=JDK, worker-threads=0, nio-threads=1]" classname="io.hekate.messaging.internal.MessagingChannelSendTest" time="0.065"/>
  <testcase name="testNetworkDisconnect[4: transport=NIO, ssl=JDK, worker-threads=0, nio-threads=1]" classname="io.hekate.messaging.internal.MessagingChannelSendTest" time="0.059"/>
  <testcase name="testUnknownNodeFuture[5: transport=NIO, ssl=JDK, worker-threads=1, nio-threads=1]" classname="io.hekate.messaging.internal.MessagingChannelSendTest" time="0.009"/>
  <testcase name="testIdleSocketTimeout[5: transport=NIO, ssl=JDK, worker-threads=1, nio-threads=1]" classname="io.hekate.messaging.internal.MessagingChannelSendTest" time="0.932"/>
  <testcase name="testLoadBalanceFailure[5: transport=NIO, ssl=JDK, worker-threads=1, nio-threads=1]" classname="io.hekate.messaging.internal.MessagingChannelSendTest" time="0.062"/>
  <testcase name="testClosedChannel[5: transport=NIO, ssl=JDK, worker-threads=1, nio-threads=1]" classname="io.hekate.messaging.internal.MessagingChannelSendTest" time="0.009"/>
  <testcase name="testNoReceiver[5: transport=NIO, ssl=JDK, worker-threads=1, nio-threads=1]" classname="io.hekate.messaging.internal.MessagingChannelSendTest" time="0.008"/>
  <testcase name="testUnknownNodeCallback[5: transport=NIO, ssl=JDK, worker-threads=1, nio-threads=1]" classname="io.hekate.messaging.internal.MessagingChannelSendTest" time="0.008"/>
  <testcase name="testTopologyChange[5: transport=NIO, ssl=JDK, worker-threads=1, nio-threads=1]" classname="io.hekate.messaging.internal.MessagingChannelSendTest" time="0.494"/>
  <testcase name="testChannelCloseDuringRouting[5: transport=NIO, ssl=JDK, worker-threads=1, nio-threads=1]" classname="io.hekate.messaging.internal.MessagingChannelSendTest" time="0.18"/>
  <testcase name="testCallback[5: transport=NIO, ssl=JDK, worker-threads=1, nio-threads=1]" classname="io.hekate.messaging.internal.MessagingChannelSendTest" time="0.218"/>
  <testcase name="testLoadBalanceReturnsNull[5: transport=NIO, ssl=JDK, worker-threads=1, nio-threads=1]" classname="io.hekate.messaging.internal.MessagingChannelSendTest" time="0.062"/>
  <testcase name="testRouteToNonExistingNode[5: transport=NIO, ssl=JDK, worker-threads=1, nio-threads=1]" classname="io.hekate.messaging.internal.MessagingChannelSendTest" time="0.062"/>
  <testcase name="testReplyIsNotSupported[5: transport=NIO, ssl=JDK, worker-threads=1, nio-threads=1]" classname="io.hekate.messaging.internal.MessagingChannelSendTest" time="0.089"/>
  <testcase name="testInterceptor[5: transport=NIO, ssl=JDK, worker-threads=1, nio-threads=1]" classname="io.hekate.messaging.internal.MessagingChannelSendTest" time="0.164"/>
  <testcase name="testFuture[5: transport=NIO, ssl=JDK, worker-threads=1, nio-threads=1]" classname="io.hekate.messaging.internal.MessagingChannelSendTest" time="0.159"/>
  <testcase name="testNoWait[5: transport=NIO, ssl=JDK, worker-threads=1, nio-threads=1]" classname="io.hekate.messaging.internal.MessagingChannelSendTest" time="0.144"/>
  <testcase name="testNonSerializableMessage[5: transport=NIO, ssl=JDK, worker-threads=1, nio-threads=1]" classname="io.hekate.messaging.internal.MessagingChannelSendTest" time="0.066"/>
  <testcase name="testNetworkDisconnect[5: transport=NIO, ssl=JDK, worker-threads=1, nio-threads=1]" classname="io.hekate.messaging.internal.MessagingChannelSendTest" time="0.056"/>
  <testcase name="testUnknownNodeFuture[6: transport=NIO, ssl=JDK, worker-threads=4, nio-threads=1]" classname="io.hekate.messaging.internal.MessagingChannelSendTest" time="0.007"/>
  <testcase name="testIdleSocketTimeout[6: transport=NIO, ssl=JDK, worker-threads=4, nio-threads=1]" classname="io.hekate.messaging.internal.MessagingChannelSendTest" time="0.867"/>
  <testcase name="testLoadBalanceFailure[6: transport=NIO, ssl=JDK, worker-threads=4, nio-threads=1]" classname="io.hekate.messaging.internal.MessagingChannelSendTest" time="0.063"/>
  <testcase name="testClosedChannel[6: transport=NIO, ssl=JDK, worker-threads=4, nio-threads=1]" classname="io.hekate.messaging.internal.MessagingChannelSendTest" time="0.009"/>
  <testcase name="testNoReceiver[6: transport=NIO, ssl=JDK, worker-threads=4, nio-threads=1]" classname="io.hekate.messaging.internal.MessagingChannelSendTest" time="0.008"/>
  <testcase name="testUnknownNodeCallback[6: transport=NIO, ssl=JDK, worker-threads=4, nio-threads=1]" classname="io.hekate.messaging.internal.MessagingChannelSendTest" time="0.008"/>
  <testcase name="testTopologyChange[6: transport=NIO, ssl=JDK, worker-threads=4, nio-threads=1]" classname="io.hekate.messaging.internal.MessagingChannelSendTest" time="0.567"/>
  <testcase name="testChannelCloseDuringRouting[6: transport=NIO, ssl=JDK, worker-threads=4, nio-threads=1]" classname="io.hekate.messaging.internal.MessagingChannelSendTest" time="0.173"/>
  <testcase name="testCallback[6: transport=NIO, ssl=JDK, worker-threads=4, nio-threads=1]" classname="io.hekate.messaging.internal.MessagingChannelSendTest" time="0.19"/>
  <testcase name="testLoadBalanceReturnsNull[6: transport=NIO, ssl=JDK, worker-threads=4, nio-threads=1]" classname="io.hekate.messaging.internal.MessagingChannelSendTest" time="0.063"/>
  <testcase name="testRouteToNonExistingNode[6: transport=NIO, ssl=JDK, worker-threads=4, nio-threads=1]" classname="io.hekate.messaging.internal.MessagingChannelSendTest" time="0.093"/>
  <testcase name="testReplyIsNotSupported[6: transport=NIO, ssl=JDK, worker-threads=4, nio-threads=1]" classname="io.hekate.messaging.internal.MessagingChannelSendTest" time="0.063"/>
  <testcase name="testInterceptor[6: transport=NIO, ssl=JDK, worker-threads=4, nio-threads=1]" classname="io.hekate.messaging.internal.MessagingChannelSendTest" time="0.168"/>
  <testcase name="testFuture[6: transport=NIO, ssl=JDK, worker-threads=4, nio-threads=1]" classname="io.hekate.messaging.internal.MessagingChannelSendTest" time="0.189"/>
  <testcase name="testNoWait[6: transport=NIO, ssl=JDK, worker-threads=4, nio-threads=1]" classname="io.hekate.messaging.internal.MessagingChannelSendTest" time="0.16"/>
  <testcase name="testNonSerializableMessage[6: transport=NIO, ssl=JDK, worker-threads=4, nio-threads=1]" classname="io.hekate.messaging.internal.MessagingChannelSendTest" time="0.064"/>
  <testcase name="testNetworkDisconnect[6: transport=NIO, ssl=JDK, worker-threads=4, nio-threads=1]" classname="io.hekate.messaging.internal.MessagingChannelSendTest" time="0.06"/>
  <testcase name="testUnknownNodeFuture[7: transport=NIO, ssl=JDK, worker-threads=5, nio-threads=0]" classname="io.hekate.messaging.internal.MessagingChannelSendTest" time="0.009"/>
  <testcase name="testIdleSocketTimeout[7: transport=NIO, ssl=JDK, worker-threads=5, nio-threads=0]" classname="io.hekate.messaging.internal.MessagingChannelSendTest" time="0.904"/>
  <testcase name="testLoadBalanceFailure[7: transport=NIO, ssl=JDK, worker-threads=5, nio-threads=0]" classname="io.hekate.messaging.internal.MessagingChannelSendTest" time="0.064"/>
  <testcase name="testClosedChannel[7: transport=NIO, ssl=JDK, worker-threads=5, nio-threads=0]" classname="io.hekate.messaging.internal.MessagingChannelSendTest" time="0.009"/>
  <testcase name="testNoReceiver[7: transport=NIO, ssl=JDK, worker-threads=5, nio-threads=0]" classname="io.hekate.messaging.internal.MessagingChannelSendTest" time="0.009"/>
  <testcase name="testUnknownNodeCallback[7: transport=NIO, ssl=JDK, worker-threads=5, nio-threads=0]" classname="io.hekate.messaging.internal.MessagingChannelSendTest" time="0.007"/>
  <testcase name="testTopologyChange[7: transport=NIO, ssl=JDK, worker-threads=5, nio-threads=0]" classname="io.hekate.messaging.internal.MessagingChannelSendTest" time="0.582"/>
  <testcase name="testChannelCloseDuringRouting[7: transport=NIO, ssl=JDK, worker-threads=5, nio-threads=0]" classname="io.hekate.messaging.internal.MessagingChannelSendTest" time="0.198"/>
  <testcase name="testCallback[7: transport=NIO, ssl=JDK, worker-threads=5, nio-threads=0]" classname="io.hekate.messaging.internal.MessagingChannelSendTest" time="0.19"/>
  <testcase name="testLoadBalanceReturnsNull[7: transport=NIO, ssl=JDK, worker-threads=5, nio-threads=0]" classname="io.hekate.messaging.internal.MessagingChannelSendTest" time="0.062"/>
  <testcase name="testRouteToNonExistingNode[7: transport=NIO, ssl=JDK, worker-threads=5, nio-threads=0]" classname="io.hekate.messaging.internal.MessagingChannelSendTest" time="0.087"/>
  <testcase name="testReplyIsNotSupported[7: transport=NIO, ssl=JDK, worker-threads=5, nio-threads=0]" classname="io.hekate.messaging.internal.MessagingChannelSendTest" time="0.063"/>
  <testcase name="testInterceptor[7: transport=NIO, ssl=JDK, worker-threads=5, nio-threads=0]" classname="io.hekate.messaging.internal.MessagingChannelSendTest" time="0.188"/>
  <testcase name="testFuture[7: transport=NIO, ssl=JDK, worker-threads=5, nio-threads=0]" classname="io.hekate.messaging.internal.MessagingChannelSendTest" time="0.193"/>
  <testcase name="testNoWait[7: transport=NIO, ssl=JDK, worker-threads=5, nio-threads=0]" classname="io.hekate.messaging.internal.MessagingChannelSendTest" time="0.26"/>
  <testcase name="testNonSerializableMessage[7: transport=NIO, ssl=JDK, worker-threads=5, nio-threads=0]" classname="io.hekate.messaging.internal.MessagingChannelSendTest" time="0.066"/>
  <testcase name="testNetworkDisconnect[7: transport=NIO, ssl=JDK, worker-threads=5, nio-threads=0]" classname="io.hekate.messaging.internal.MessagingChannelSendTest" time="0.06"/>
  <testcase name="testUnknownNodeFuture[8: transport=NIO, ssl=OPEN_SSL, worker-threads=0, nio-threads=1]" classname="io.hekate.messaging.internal.MessagingChannelSendTest" time="0.008"/>
  <testcase name="testIdleSocketTimeout[8: transport=NIO, ssl=OPEN_SSL, worker-threads=0, nio-threads=1]" classname="io.hekate.messaging.internal.MessagingChannelSendTest" time="0.835"/>
  <testcase name="testLoadBalanceFailure[8: transport=NIO, ssl=OPEN_SSL, worker-threads=0, nio-threads=1]" classname="io.hekate.messaging.internal.MessagingChannelSendTest" time="0.041"/>
  <testcase name="testClosedChannel[8: transport=NIO, ssl=OPEN_SSL, worker-threads=0, nio-threads=1]" classname="io.hekate.messaging.internal.MessagingChannelSendTest" time="0.01"/>
  <testcase name="testNoReceiver[8: transport=NIO, ssl=OPEN_SSL, worker-threads=0, nio-threads=1]" classname="io.hekate.messaging.internal.MessagingChannelSendTest" time="0.008"/>
  <testcase name="testUnknownNodeCallback[8: transport=NIO, ssl=OPEN_SSL, worker-threads=0, nio-threads=1]" classname="io.hekate.messaging.internal.MessagingChannelSendTest" time="0.009"/>
  <testcase name="testTopologyChange[8: transport=NIO, ssl=OPEN_SSL, worker-threads=0, nio-threads=1]" classname="io.hekate.messaging.internal.MessagingChannelSendTest" time="0.299"/>
  <testcase name="testChannelCloseDuringRouting[8: transport=NIO, ssl=OPEN_SSL, worker-threads=0, nio-threads=1]" classname="io.hekate.messaging.internal.MessagingChannelSendTest" time="0.107"/>
  <testcase name="testCallback[8: transport=NIO, ssl=OPEN_SSL, worker-threads=0, nio-threads=1]" classname="io.hekate.messaging.internal.MessagingChannelSendTest" time="0.129"/>
  <testcase name="testLoadBalanceReturnsNull[8: transport=NIO, ssl=OPEN_SSL, worker-threads=0, nio-threads=1]" classname="io.hekate.messaging.internal.MessagingChannelSendTest" time="0.042"/>
  <testcase name="testRouteToNonExistingNode[8: transport=NIO, ssl=OPEN_SSL, worker-threads=0, nio-threads=1]" classname="io.hekate.messaging.internal.MessagingChannelSendTest" time="0.044"/>
  <testcase name="testReplyIsNotSupported[8: transport=NIO, ssl=OPEN_SSL, worker-threads=0, nio-threads=1]" classname="io.hekate.messaging.internal.MessagingChannelSendTest" time="0.041"/>
  <testcase name="testInterceptor[8: transport=NIO, ssl=OPEN_SSL, worker-threads=0, nio-threads=1]" classname="io.hekate.messaging.internal.MessagingChannelSendTest" time="0.132"/>
  <testcase name="testFuture[8: transport=NIO, ssl=OPEN_SSL, worker-threads=0, nio-threads=1]" classname="io.hekate.messaging.internal.MessagingChannelSendTest" time="0.131"/>
  <testcase name="testNoWait[8: transport=NIO, ssl=OPEN_SSL, worker-threads=0, nio-threads=1]" classname="io.hekate.messaging.internal.MessagingChannelSendTest" time="0.1"/>
  <testcase name="testNonSerializableMessage[8: transport=NIO, ssl=OPEN_SSL, worker-threads=0, nio-threads=1]" classname="io.hekate.messaging.internal.MessagingChannelSendTest" time="0.038"/>
  <testcase name="testNetworkDisconnect[8: transport=NIO, ssl=OPEN_SSL, worker-threads=0, nio-threads=1]" classname="io.hekate.messaging.internal.MessagingChannelSendTest" time="0.038"/>
  <testcase name="testUnknownNodeFuture[9: transport=NIO, ssl=OPEN_SSL, worker-threads=1, nio-threads=1]" classname="io.hekate.messaging.internal.MessagingChannelSendTest" time="0.009"/>
  <testcase name="testIdleSocketTimeout[9: transport=NIO, ssl=OPEN_SSL, worker-threads=1, nio-threads=1]" classname="io.hekate.messaging.internal.MessagingChannelSendTest" time="0.833"/>
  <testcase name="testLoadBalanceFailure[9: transport=NIO, ssl=OPEN_SSL, worker-threads=1, nio-threads=1]" classname="io.hekate.messaging.internal.MessagingChannelSendTest" time="0.041"/>
  <testcase name="testClosedChannel[9: transport=NIO, ssl=OPEN_SSL, worker-threads=1, nio-threads=1]" classname="io.hekate.messaging.internal.MessagingChannelSendTest" time="0.009"/>
  <testcase name="testNoReceiver[9: transport=NIO, ssl=OPEN_SSL, worker-threads=1, nio-threads=1]" classname="io.hekate.messaging.internal.MessagingChannelSendTest" time="0.009"/>
  <testcase name="testUnknownNodeCallback[9: transport=NIO, ssl=OPEN_SSL, worker-threads=1, nio-threads=1]" classname="io.hekate.messaging.internal.MessagingChannelSendTest" time="0.008"/>
  <testcase name="testTopologyChange[9: transport=NIO, ssl=OPEN_SSL, worker-threads=1, nio-threads=1]" classname="io.hekate.messaging.internal.MessagingChannelSendTest" time="0.303"/>
  <testcase name="testChannelCloseDuringRouting[9: transport=NIO, ssl=OPEN_SSL, worker-threads=1, nio-threads=1]" classname="io.hekate.messaging.internal.MessagingChannelSendTest" time="0.136"/>
  <testcase name="testCallback[9: transport=NIO, ssl=OPEN_SSL, worker-threads=1, nio-threads=1]" classname="io.hekate.messaging.internal.MessagingChannelSendTest" time="0.127"/>
  <testcase name="testLoadBalanceReturnsNull[9: transport=NIO, ssl=OPEN_SSL, worker-threads=1, nio-threads=1]" classname="io.hekate.messaging.internal.MessagingChannelSendTest" time="0.042"/>
  <testcase name="testRouteToNonExistingNode[9: transport=NIO, ssl=OPEN_SSL, worker-threads=1, nio-threads=1]" classname="io.hekate.messaging.internal.MessagingChannelSendTest" time="0.042"/>
  <testcase name="testReplyIsNotSupported[9: transport=NIO, ssl=OPEN_SSL, worker-threads=1, nio-threads=1]" classname="io.hekate.messaging.internal.MessagingChannelSendTest" time="0.042"/>
  <testcase name="testInterceptor[9: transport=NIO, ssl=OPEN_SSL, worker-threads=1, nio-threads=1]" classname="io.hekate.messaging.internal.MessagingChannelSendTest" time="0.131"/>
  <testcase name="testFuture[9: transport=NIO, ssl=OPEN_SSL, worker-threads=1, nio-threads=1]" classname="io.hekate.messaging.internal.MessagingChannelSendTest" time="0.128"/>
  <testcase name="testNoWait[9: transport=NIO, ssl=OPEN_SSL, worker-threads=1, nio-threads=1]" classname="io.hekate.messaging.internal.MessagingChannelSendTest" time="0.1"/>
  <testcase name="testNonSerializableMessage[9: transport=NIO, ssl=OPEN_SSL, worker-threads=1, nio-threads=1]" classname="io.hekate.messaging.internal.MessagingChannelSendTest" time="0.04"/>
  <testcase name="testNetworkDisconnect[9: transport=NIO, ssl=OPEN_SSL, worker-threads=1, nio-threads=1]" classname="io.hekate.messaging.internal.MessagingChannelSendTest" time="0.037"/>
  <testcase name="testUnknownNodeFuture[10: transport=NIO, ssl=OPEN_SSL, worker-threads=4, nio-threads=1]" classname="io.hekate.messaging.internal.MessagingChannelSendTest" time="0.009"/>
  <testcase name="testIdleSocketTimeout[10: transport=NIO, ssl=OPEN_SSL, worker-threads=4, nio-threads=1]" classname="io.hekate.messaging.internal.MessagingChannelSendTest" time="0.834"/>
  <testcase name="testLoadBalanceFailure[10: transport=NIO, ssl=OPEN_SSL, worker-threads=4, nio-threads=1]" classname="io.hekate.messaging.internal.MessagingChannelSendTest" time="0.043"/>
  <testcase name="testClosedChannel[10: transport=NIO, ssl=OPEN_SSL, worker-threads=4, nio-threads=1]" classname="io.hekate.messaging.internal.MessagingChannelSendTest" time="0.01"/>
  <testcase name="testNoReceiver[10: transport=NIO, ssl=OPEN_SSL, worker-threads=4, nio-threads=1]" classname="io.hekate.messaging.internal.MessagingChannelSendTest" time="0.009"/>
  <testcase name="testUnknownNodeCallback[10: transport=NIO, ssl=OPEN_SSL, worker-threads=4, nio-threads=1]" classname="io.hekate.messaging.internal.MessagingChannelSendTest" time="0.009"/>
  <testcase name="testTopologyChange[10: transport=NIO, ssl=OPEN_SSL, worker-threads=4, nio-threads=1]" classname="io.hekate.messaging.internal.MessagingChannelSendTest" time="0.341"/>
  <testcase name="testChannelCloseDuringRouting[10: transport=NIO, ssl=OPEN_SSL, worker-threads=4, nio-threads=1]" classname="io.hekate.messaging.internal.MessagingChannelSendTest" time="0.142"/>
  <testcase name="testCallback[10: transport=NIO, ssl=OPEN_SSL, worker-threads=4, nio-threads=1]" classname="io.hekate.messaging.internal.MessagingChannelSendTest" time="0.094"/>
  <testcase name="testLoadBalanceReturnsNull[10: transport=NIO, ssl=OPEN_SSL, worker-threads=4, nio-threads=1]" classname="io.hekate.messaging.internal.MessagingChannelSendTest" time="0.073"/>
  <testcase name="testRouteToNonExistingNode[10: transport=NIO, ssl=OPEN_SSL, worker-threads=4, nio-threads=1]" classname="io.hekate.messaging.internal.MessagingChannelSendTest" time="0.043"/>
  <testcase name="testReplyIsNotSupported[10: transport=NIO, ssl=OPEN_SSL, worker-threads=4, nio-threads=1]" classname="io.hekate.messaging.internal.MessagingChannelSendTest" time="0.043"/>
  <testcase name="testInterceptor[10: transport=NIO, ssl=OPEN_SSL, worker-threads=4, nio-threads=1]" classname="io.hekate.messaging.internal.MessagingChannelSendTest" time="0.131"/>
  <testcase name="testFuture[10: transport=NIO, ssl=OPEN_SSL, worker-threads=4, nio-threads=1]" classname="io.hekate.messaging.internal.MessagingChannelSendTest" time="0.131"/>
  <testcase name="testNoWait[10: transport=NIO, ssl=OPEN_SSL, worker-threads=4, nio-threads=1]" classname="io.hekate.messaging.internal.MessagingChannelSendTest" time="0.137"/>
  <testcase name="testNonSerializableMessage[10: transport=NIO, ssl=OPEN_SSL, worker-threads=4, nio-threads=1]" classname="io.hekate.messaging.internal.MessagingChannelSendTest" time="0.04"/>
  <testcase name="testNetworkDisconnect[10: transport=NIO, ssl=OPEN_SSL, worker-threads=4, nio-threads=1]" classname="io.hekate.messaging.internal.MessagingChannelSendTest" time="0.038"/>
  <testcase name="testUnknownNodeFuture[11: transport=NIO, ssl=OPEN_SSL, worker-threads=5, nio-threads=0]" classname="io.hekate.messaging.internal.MessagingChannelSendTest" time="0.008"/>
  <testcase name="testIdleSocketTimeout[11: transport=NIO, ssl=OPEN_SSL, worker-threads=5, nio-threads=0]" classname="io.hekate.messaging.internal.MessagingChannelSendTest" time="0.835"/>
  <testcase name="testLoadBalanceFailure[11: transport=NIO, ssl=OPEN_SSL, worker-threads=5, nio-threads=0]" classname="io.hekate.messaging.internal.MessagingChannelSendTest" time="0.042"/>
  <testcase name="testClosedChannel[11: transport=NIO, ssl=OPEN_SSL, worker-threads=5, nio-threads=0]" classname="io.hekate.messaging.internal.MessagingChannelSendTest" time="0.009"/>
  <testcase name="testNoReceiver[11: transport=NIO, ssl=OPEN_SSL, worker-threads=5, nio-threads=0]" classname="io.hekate.messaging.internal.MessagingChannelSendTest" time="0.008"/>
  <testcase name="testUnknownNodeCallback[11: transport=NIO, ssl=OPEN_SSL, worker-threads=5, nio-threads=0]" classname="io.hekate.messaging.internal.MessagingChannelSendTest" time="0.009"/>
  <testcase name="testTopologyChange[11: transport=NIO, ssl=OPEN_SSL, worker-threads=5, nio-threads=0]" classname="io.hekate.messaging.internal.MessagingChannelSendTest" time="0.382"/>
  <testcase name="testChannelCloseDuringRouting[11: transport=NIO, ssl=OPEN_SSL, worker-threads=5, nio-threads=0]" classname="io.hekate.messaging.internal.MessagingChannelSendTest" time="0.121"/>
  <testcase name="testCallback[11: transport=NIO, ssl=OPEN_SSL, worker-threads=5, nio-threads=0]" classname="io.hekate.messaging.internal.MessagingChannelSendTest" time="0.126"/>
  <testcase name="testLoadBalanceReturnsNull[11: transport=NIO, ssl=OPEN_SSL, worker-threads=5, nio-threads=0]" classname="io.hekate.messaging.internal.MessagingChannelSendTest" time="0.065"/>
  <testcase name="testRouteToNonExistingNode[11: transport=NIO, ssl=OPEN_SSL, worker-threads=5, nio-threads=0]" classname="io.hekate.messaging.internal.MessagingChannelSendTest" time="0.042"/>
  <testcase name="testReplyIsNotSupported[11: transport=NIO, ssl=OPEN_SSL, worker-threads=5, nio-threads=0]" classname="io.hekate.messaging.internal.MessagingChannelSendTest" time="0.04"/>
  <testcase name="testInterceptor[11: transport=NIO, ssl=OPEN_SSL, worker-threads=5, nio-threads=0]" classname="io.hekate.messaging.internal.MessagingChannelSendTest" time="0.114"/>
  <testcase name="testFuture[11: transport=NIO, ssl=OPEN_SSL, worker-threads=5, nio-threads=0]" classname="io.hekate.messaging.internal.MessagingChannelSendTest" time="0.114"/>
  <testcase name="testNoWait[11: transport=NIO, ssl=OPEN_SSL, worker-threads=5, nio-threads=0]" classname="io.hekate.messaging.internal.MessagingChannelSendTest" time="0.096"/>
  <testcase name="testNonSerializableMessage[11: transport=NIO, ssl=OPEN_SSL, worker-threads=5, nio-threads=0]" classname="io.hekate.messaging.internal.MessagingChannelSendTest" time="0.038"/>
  <testcase name="testNetworkDisconnect[11: transport=NIO, ssl=OPEN_SSL, worker-threads=5, nio-threads=0]" classname="io.hekate.messaging.internal.MessagingChannelSendTest" time="0.036"/>
  <testcase name="testUnknownNodeFuture[12: transport=EPOLL, worker-threads=0, nio-threads=1]" classname="io.hekate.messaging.internal.MessagingChannelSendTest" time="0.008"/>
  <testcase name="testIdleSocketTimeout[12: transport=EPOLL, worker-threads=0, nio-threads=1]" classname="io.hekate.messaging.internal.MessagingChannelSendTest" time="0.817"/>
  <testcase name="testLoadBalanceFailure[12: transport=EPOLL, worker-threads=0, nio-threads=1]" classname="io.hekate.messaging.internal.MessagingChannelSendTest" time="0.023"/>
  <testcase name="testClosedChannel[12: transport=EPOLL, worker-threads=0, nio-threads=1]" classname="io.hekate.messaging.internal.MessagingChannelSendTest" time="0.009"/>
  <testcase name="testNoReceiver[12: transport=EPOLL, worker-threads=0, nio-threads=1]" classname="io.hekate.messaging.internal.MessagingChannelSendTest" time="0.008"/>
  <testcase name="testUnknownNodeCallback[12: transport=EPOLL, worker-threads=0, nio-threads=1]" classname="io.hekate.messaging.internal.MessagingChannelSendTest" time="0.008"/>
  <testcase name="testTopologyChange[12: transport=EPOLL, worker-threads=0, nio-threads=1]" classname="io.hekate.messaging.internal.MessagingChannelSendTest" time="0.164"/>
  <testcase name="testChannelCloseDuringRouting[12: transport=EPOLL, worker-threads=0, nio-threads=1]" classname="io.hekate.messaging.internal.MessagingChannelSendTest" time="0.061"/>
  <testcase name="testCallback[12: transport=EPOLL, worker-threads=0, nio-threads=1]" classname="io.hekate.messaging.internal.MessagingChannelSendTest" time="0.124"/>
  <testcase name="testLoadBalanceReturnsNull[12: transport=EPOLL, worker-threads=0, nio-threads=1]" classname="io.hekate.messaging.internal.MessagingChannelSendTest" time="0.023"/>
  <testcase name="testRouteToNonExistingNode[12: transport=EPOLL, worker-threads=0, nio-threads=1]" classname="io.hekate.messaging.internal.MessagingChannelSendTest" time="0.023"/>
  <testcase name="testReplyIsNotSupported[12: transport=EPOLL, worker-threads=0, nio-threads=1]" classname="io.hekate.messaging.internal.MessagingChannelSendTest" time="0.022"/>
  <testcase name="testInterceptor[12: transport=EPOLL, worker-threads=0, nio-threads=1]" classname="io.hekate.messaging.internal.MessagingChannelSendTest" time="0.072"/>
  <testcase name="testFuture[12: transport=EPOLL, worker-threads=0, nio-threads=1]" classname="io.hekate.messaging.internal.MessagingChannelSendTest" time="0.072"/>
  <testcase name="testNoWait[12: transport=EPOLL, worker-threads=0, nio-threads=1]" classname="io.hekate.messaging.internal.MessagingChannelSendTest" time="0.063"/>
  <testcase name="testNonSerializableMessage[12: transport=EPOLL, worker-threads=0, nio-threads=1]" classname="io.hekate.messaging.internal.MessagingChannelSendTest" time="0.025"/>
  <testcase name="testNetworkDisconnect[12: transport=EPOLL, worker-threads=0, nio-threads=1]" classname="io.hekate.messaging.internal.MessagingChannelSendTest" time="0.022"/>
  <testcase name="testUnknownNodeFuture[13: transport=EPOLL, worker-threads=1, nio-threads=1]" classname="io.hekate.messaging.internal.MessagingChannelSendTest" time="0.008"/>
  <testcase name="testIdleSocketTimeout[13: transport=EPOLL, worker-threads=1, nio-threads=1]" classname="io.hekate.messaging.internal.MessagingChannelSendTest" time="0.832"/>
  <testcase name="testLoadBalanceFailure[13: transport=EPOLL, worker-threads=1, nio-threads=1]" classname="io.hekate.messaging.internal.MessagingChannelSendTest" time="0.023"/>
  <testcase name="testClosedChannel[13: transport=EPOLL, worker-threads=1, nio-threads=1]" classname="io.hekate.messaging.internal.MessagingChannelSendTest" time="0.01"/>
  <testcase name="testNoReceiver[13: transport=EPOLL, worker-threads=1, nio-threads=1]" classname="io.hekate.messaging.internal.MessagingChannelSendTest" time="0.007"/>
  <testcase name="testUnknownNodeCallback[13: transport=EPOLL, worker-threads=1, nio-threads=1]" classname="io.hekate.messaging.internal.MessagingChannelSendTest" time="0.008"/>
  <testcase name="testTopologyChange[13: transport=EPOLL, worker-threads=1, nio-threads=1]" classname="io.hekate.messaging.internal.MessagingChannelSendTest" time="0.239"/>
  <testcase name="testChannelCloseDuringRouting[13: transport=EPOLL, worker-threads=1, nio-threads=1]" classname="io.hekate.messaging.internal.MessagingChannelSendTest" time="0.061"/>
  <testcase name="testCallback[13: transport=EPOLL, worker-threads=1, nio-threads=1]" classname="io.hekate.messaging.internal.MessagingChannelSendTest" time="0.077"/>
  <testcase name="testLoadBalanceReturnsNull[13: transport=EPOLL, worker-threads=1, nio-threads=1]" classname="io.hekate.messaging.internal.MessagingChannelSendTest" time="0.023"/>
  <testcase name="testRouteToNonExistingNode[13: transport=EPOLL, worker-threads=1, nio-threads=1]" classname="io.hekate.messaging.internal.MessagingChannelSendTest" time="0.023"/>
  <testcase name="testReplyIsNotSupported[13: transport=EPOLL, worker-threads=1, nio-threads=1]" classname="io.hekate.messaging.internal.MessagingChannelSendTest" time="0.023"/>
  <testcase name="testInterceptor[13: transport=EPOLL, worker-threads=1, nio-threads=1]" classname="io.hekate.messaging.internal.MessagingChannelSendTest" time="0.048"/>
  <testcase name="testFuture[13: transport=EPOLL, worker-threads=1, nio-threads=1]" classname="io.hekate.messaging.internal.MessagingChannelSendTest" time="0.072"/>
  <testcase name="testNoWait[13: transport=EPOLL, worker-threads=1, nio-threads=1]" classname="io.hekate.messaging.internal.MessagingChannelSendTest" time="0.066"/>
  <testcase name="testNonSerializableMessage[13: transport=EPOLL, worker-threads=1, nio-threads=1]" classname="io.hekate.messaging.internal.MessagingChannelSendTest" time="0.024"/>
  <testcase name="testNetworkDisconnect[13: transport=EPOLL, worker-threads=1, nio-threads=1]" classname="io.hekate.messaging.internal.MessagingChannelSendTest" time="0.023"/>
  <testcase name="testUnknownNodeFuture[14: transport=EPOLL, worker-threads=4, nio-threads=1]" classname="io.hekate.messaging.internal.MessagingChannelSendTest" time="0.008"/>
  <testcase name="testIdleSocketTimeout[14: transport=EPOLL, worker-threads=4, nio-threads=1]" classname="io.hekate.messaging.internal.MessagingChannelSendTest" time="0.806"/>
  <testcase name="testLoadBalanceFailure[14: transport=EPOLL, worker-threads=4, nio-threads=1]" classname="io.hekate.messaging.internal.MessagingChannelSendTest" time="0.024"/>
  <testcase name="testClosedChannel[14: transport=EPOLL, worker-threads=4, nio-threads=1]" classname="io.hekate.messaging.internal.MessagingChannelSendTest" time="0.009"/>
  <testcase name="testNoReceiver[14: transport=EPOLL, worker-threads=4, nio-threads=1]" classname="io.hekate.messaging.internal.MessagingChannelSendTest" time="0.008"/>
  <testcase name="testUnknownNodeCallback[14: transport=EPOLL, worker-threads=4, nio-threads=1]" classname="io.hekate.messaging.internal.MessagingChannelSendTest" time="0.008"/>
  <testcase name="testTopologyChange[14: transport=EPOLL, worker-threads=4, nio-threads=1]" classname="io.hekate.messaging.internal.MessagingChannelSendTest" time="0.213"/>
  <testcase name="testChannelCloseDuringRouting[14: transport=EPOLL, worker-threads=4, nio-threads=1]" classname="io.hekate.messaging.internal.MessagingChannelSendTest" time="0.063"/>
  <testcase name="testCallback[14: transport=EPOLL, worker-threads=4, nio-threads=1]" classname="io.hekate.messaging.internal.MessagingChannelSendTest" time="0.074"/>
  <testcase name="testLoadBalanceReturnsNull[14: transport=EPOLL, worker-threads=4, nio-threads=1]" classname="io.hekate.messaging.internal.MessagingChannelSendTest" time="0.024"/>
  <testcase name="testRouteToNonExistingNode[14: transport=EPOLL, worker-threads=4, nio-threads=1]" classname="io.hekate.messaging.internal.MessagingChannelSendTest" time="0.023"/>
  <testcase name="testReplyIsNotSupported[14: transport=EPOLL, worker-threads=4, nio-threads=1]" classname="io.hekate.messaging.internal.MessagingChannelSendTest" time="0.024"/>
  <testcase name="testInterceptor[14: transport=EPOLL, worker-threads=4, nio-threads=1]" classname="io.hekate.messaging.internal.MessagingChannelSendTest" time="0.049"/>
  <testcase name="testFuture[14: transport=EPOLL, worker-threads=4, nio-threads=1]" classname="io.hekate.messaging.internal.MessagingChannelSendTest" time="0.082"/>
  <testcase name="testNoWait[14: transport=EPOLL, worker-threads=4, nio-threads=1]" classname="io.hekate.messaging.internal.MessagingChannelSendTest" time="0.065"/>
  <testcase name="testNonSerializableMessage[14: transport=EPOLL, worker-threads=4, nio-threads=1]" classname="io.hekate.messaging.internal.MessagingChannelSendTest" time="0.025"/>
  <testcase name="testNetworkDisconnect[14: transport=EPOLL, worker-threads=4, nio-threads=1]" classname="io.hekate.messaging.internal.MessagingChannelSendTest" time="0.023"/>
  <testcase name="testUnknownNodeFuture[15: transport=EPOLL, worker-threads=5, nio-threads=0]" classname="io.hekate.messaging.internal.MessagingChannelSendTest" time="0.009"/>
  <testcase name="testIdleSocketTimeout[15: transport=EPOLL, worker-threads=5, nio-threads=0]" classname="io.hekate.messaging.internal.MessagingChannelSendTest" time="1.801"/>
  <testcase name="testLoadBalanceFailure[15: transport=EPOLL, worker-threads=5, nio-threads=0]" classname="io.hekate.messaging.internal.MessagingChannelSendTest" time="0.025"/>
  <testcase name="testClosedChannel[15: transport=EPOLL, worker-threads=5, nio-threads=0]" classname="io.hekate.messaging.internal.MessagingChannelSendTest" time="0.009"/>
  <testcase name="testNoReceiver[15: transport=EPOLL, worker-threads=5, nio-threads=0]" classname="io.hekate.messaging.internal.MessagingChannelSendTest" time="0.009"/>
  <testcase name="testUnknownNodeCallback[15: transport=EPOLL, worker-threads=5, nio-threads=0]" classname="io.hekate.messaging.internal.MessagingChannelSendTest" time="0.009"/>
  <testcase name="testTopologyChange[15: transport=EPOLL, worker-threads=5, nio-threads=0]" classname="io.hekate.messaging.internal.MessagingChannelSendTest" time="0.193"/>
  <testcase name="testChannelCloseDuringRouting[15: transport=EPOLL, worker-threads=5, nio-threads=0]" classname="io.hekate.messaging.internal.MessagingChannelSendTest" time="0.046"/>
  <testcase name="testCallback[15: transport=EPOLL, worker-threads=5, nio-threads=0]" classname="io.hekate.messaging.internal.MessagingChannelSendTest" time="0.059"/>
  <testcase name="testLoadBalanceReturnsNull[15: transport=EPOLL, worker-threads=5, nio-threads=0]" classname="io.hekate.messaging.internal.MessagingChannelSendTest" time="0.022"/>
  <testcase name="testRouteToNonExistingNode[15: transport=EPOLL, worker-threads=5, nio-threads=0]" classname="io.hekate.messaging.internal.MessagingChannelSendTest" time="0.022"/>
  <testcase name="testReplyIsNotSupported[15: transport=EPOLL, worker-threads=5, nio-threads=0]" classname="io.hekate.messaging.internal.MessagingChannelSendTest" time="0.021"/>
  <testcase name="testInterceptor[15: transport=EPOLL, worker-threads=5, nio-threads=0]" classname="io.hekate.messaging.internal.MessagingChannelSendTest" time="0.07"/>
  <testcase name="testFuture[15: transport=EPOLL, worker-threads=5, nio-threads=0]" classname="io.hekate.messaging.internal.MessagingChannelSendTest" time="0.072"/>
  <testcase name="testNoWait[15: transport=EPOLL, worker-threads=5, nio-threads=0]" classname="io.hekate.messaging.internal.MessagingChannelSendTest" time="0.09"/>
  <testcase name="testNonSerializableMessage[15: transport=EPOLL, worker-threads=5, nio-threads=0]" classname="io.hekate.messaging.internal.MessagingChannelSendTest" time="0.024"/>
  <testcase name="testNetworkDisconnect[15: transport=EPOLL, worker-threads=5, nio-threads=0]" classname="io.hekate.messaging.internal.MessagingChannelSendTest" time="0.023"/>
  <testcase name="testUnknownNodeFuture[16: transport=EPOLL, ssl=JDK, worker-threads=0, nio-threads=1]" classname="io.hekate.messaging.internal.MessagingChannelSendTest" time="0.007"/>
  <testcase name="testIdleSocketTimeout[16: transport=EPOLL, ssl=JDK, worker-threads=0, nio-threads=1]" classname="io.hekate.messaging.internal.MessagingChannelSendTest" time="0.928"/>
  <testcase name="testLoadBalanceFailure[16: transport=EPOLL, ssl=JDK, worker-threads=0, nio-threads=1]" classname="io.hekate.messaging.internal.MessagingChannelSendTest" time="0.061"/>
  <testcase name="testClosedChannel[16: transport=EPOLL, ssl=JDK, worker-threads=0, nio-threads=1]" classname="io.hekate.messaging.internal.MessagingChannelSendTest" time="0.009"/>
  <testcase name="testNoReceiver[16: transport=EPOLL, ssl=JDK, worker-threads=0, nio-threads=1]" classname="io.hekate.messaging.internal.MessagingChannelSendTest" time="0.009"/>
  <testcase name="testUnknownNodeCallback[16: transport=EPOLL, ssl=JDK, worker-threads=0, nio-threads=1]" classname="io.hekate.messaging.internal.MessagingChannelSendTest" time="0.008"/>
  <testcase name="testTopologyChange[16: transport=EPOLL, ssl=JDK, worker-threads=0, nio-threads=1]" classname="io.hekate.messaging.internal.MessagingChannelSendTest" time="0.509"/>
  <testcase name="testChannelCloseDuringRouting[16: transport=EPOLL, ssl=JDK, worker-threads=0, nio-threads=1]" classname="io.hekate.messaging.internal.MessagingChannelSendTest" time="0.169"/>
  <testcase name="testCallback[16: transport=EPOLL, ssl=JDK, worker-threads=0, nio-threads=1]" classname="io.hekate.messaging.internal.MessagingChannelSendTest" time="0.186"/>
  <testcase name="testLoadBalanceReturnsNull[16: transport=EPOLL, ssl=JDK, worker-threads=0, nio-threads=1]" classname="io.hekate.messaging.internal.MessagingChannelSendTest" time="0.061"/>
  <testcase name="testRouteToNonExistingNode[16: transport=EPOLL, ssl=JDK, worker-threads=0, nio-threads=1]" classname="io.hekate.messaging.internal.MessagingChannelSendTest" time="0.061"/>
  <testcase name="testReplyIsNotSupported[16: transport=EPOLL, ssl=JDK, worker-threads=0, nio-threads=1]" classname="io.hekate.messaging.internal.MessagingChannelSendTest" time="0.062"/>
  <testcase name="testInterceptor[16: transport=EPOLL, ssl=JDK, worker-threads=0, nio-threads=1]" classname="io.hekate.messaging.internal.MessagingChannelSendTest" time="0.19"/>
  <testcase name="testFuture[16: transport=EPOLL, ssl=JDK, worker-threads=0, nio-threads=1]" classname="io.hekate.messaging.internal.MessagingChannelSendTest" time="0.262"/>
  <testcase name="testNoWait[16: transport=EPOLL, ssl=JDK, worker-threads=0, nio-threads=1]" classname="io.hekate.messaging.internal.MessagingChannelSendTest" time="0.142"/>
  <testcase name="testNonSerializableMessage[16: transport=EPOLL, ssl=JDK, worker-threads=0, nio-threads=1]" classname="io.hekate.messaging.internal.MessagingChannelSendTest" time="0.063"/>
  <testcase name="testNetworkDisconnect[16: transport=EPOLL, ssl=JDK, worker-threads=0, nio-threads=1]" classname="io.hekate.messaging.internal.MessagingChannelSendTest" time="0.054"/>
  <testcase name="testUnknownNodeFuture[17: transport=EPOLL, ssl=JDK, worker-threads=1, nio-threads=1]" classname="io.hekate.messaging.internal.MessagingChannelSendTest" time="0.008"/>
  <testcase name="testIdleSocketTimeout[17: transport=EPOLL, ssl=JDK, worker-threads=1, nio-threads=1]" classname="io.hekate.messaging.internal.MessagingChannelSendTest" time="0.818"/>
  <testcase name="testLoadBalanceFailure[17: transport=EPOLL, ssl=JDK, worker-threads=1, nio-threads=1]" classname="io.hekate.messaging.internal.MessagingChannelSendTest" time="0.063"/>
  <testcase name="testClosedChannel[17: transport=EPOLL, ssl=JDK, worker-threads=1, nio-threads=1]" classname="io.hekate.messaging.internal.MessagingChannelSendTest" time="0.01"/>
  <testcase name="testNoReceiver[17: transport=EPOLL, ssl=JDK, worker-threads=1, nio-threads=1]" classname="io.hekate.messaging.internal.MessagingChannelSendTest" time="0.008"/>
  <testcase name="testUnknownNodeCallback[17: transport=EPOLL, ssl=JDK, worker-threads=1, nio-threads=1]" classname="io.hekate.messaging.internal.MessagingChannelSendTest" time="0.007"/>
  <testcase name="testTopologyChange[17: transport=EPOLL, ssl=JDK, worker-threads=1, nio-threads=1]" classname="io.hekate.messaging.internal.MessagingChannelSendTest" time="0.511"/>
  <testcase name="testChannelCloseDuringRouting[17: transport=EPOLL, ssl=JDK, worker-threads=1, nio-threads=1]" classname="io.hekate.messaging.internal.MessagingChannelSendTest" time="0.231"/>
  <testcase name="testCallback[17: transport=EPOLL, ssl=JDK, worker-threads=1, nio-threads=1]" classname="io.hekate.messaging.internal.MessagingChannelSendTest" time="0.184"/>
  <testcase name="testLoadBalanceReturnsNull[17: transport=EPOLL, ssl=JDK, worker-threads=1, nio-threads=1]" classname="io.hekate.messaging.internal.MessagingChannelSendTest" time="0.061"/>
  <testcase name="testRouteToNonExistingNode[17: transport=EPOLL, ssl=JDK, worker-threads=1, nio-threads=1]" classname="io.hekate.messaging.internal.MessagingChannelSendTest" time="0.062"/>
  <testcase name="testReplyIsNotSupported[17: transport=EPOLL, ssl=JDK, worker-threads=1, nio-threads=1]" classname="io.hekate.messaging.internal.MessagingChannelSendTest" time="0.062"/>
  <testcase name="testInterceptor[17: transport=EPOLL, ssl=JDK, worker-threads=1, nio-threads=1]" classname="io.hekate.messaging.internal.MessagingChannelSendTest" time="0.218"/>
  <testcase name="testFuture[17: transport=EPOLL, ssl=JDK, worker-threads=1, nio-threads=1]" classname="io.hekate.messaging.internal.MessagingChannelSendTest" time="0.166"/>
  <testcase name="testNoWait[17: transport=EPOLL, ssl=JDK, worker-threads=1, nio-threads=1]" classname="io.hekate.messaging.internal.MessagingChannelSendTest" time="0.169"/>
  <testcase name="testNonSerializableMessage[17: transport=EPOLL, ssl=JDK, worker-threads=1, nio-threads=1]" classname="io.hekate.messaging.internal.MessagingChannelSendTest" time="0.065"/>
  <testcase name="testNetworkDisconnect[17: transport=EPOLL, ssl=JDK, worker-threads=1, nio-threads=1]" classname="io.hekate.messaging.internal.MessagingChannelSendTest" time="0.06"/>
  <testcase name="testUnknownNodeFuture[18: transport=EPOLL, ssl=JDK, worker-threads=4, nio-threads=1]" classname="io.hekate.messaging.internal.MessagingChannelSendTest" time="0.009"/>
  <testcase name="testIdleSocketTimeout[18: transport=EPOLL, ssl=JDK, worker-threads=4, nio-threads=1]" classname="io.hekate.messaging.internal.MessagingChannelSendTest" time="1.886"/>
  <testcase name="testLoadBalanceFailure[18: transport=EPOLL, ssl=JDK, worker-threads=4, nio-threads=1]" classname="io.hekate.messaging.internal.MessagingChannelSendTest" time="0.063"/>
  <testcase name="testClosedChannel[18: transport=EPOLL, ssl=JDK, worker-threads=4, nio-threads=1]" classname="io.hekate.messaging.internal.MessagingChannelSendTest" time="0.009"/>
  <testcase name="testNoReceiver[18: transport=EPOLL, ssl=JDK, worker-threads=4, nio-threads=1]" classname="io.hekate.messaging.internal.MessagingChannelSendTest" time="0.009"/>
  <testcase name="testUnknownNodeCallback[18: transport=EPOLL, ssl=JDK, worker-threads=4, nio-threads=1]" classname="io.hekate.messaging.internal.MessagingChannelSendTest" time="0.008"/>
  <testcase name="testTopologyChange[18: transport=EPOLL, ssl=JDK, worker-threads=4, nio-threads=1]" classname="io.hekate.messaging.internal.MessagingChannelSendTest" time="0.51"/>
  <testcase name="testChannelCloseDuringRouting[18: transport=EPOLL, ssl=JDK, worker-threads=4, nio-threads=1]" classname="io.hekate.messaging.internal.MessagingChannelSendTest" time="0.188"/>
  <testcase name="testCallback[18: transport=EPOLL, ssl=JDK, worker-threads=4, nio-threads=1]" classname="io.hekate.messaging.internal.MessagingChannelSendTest" time="0.206"/>
  <testcase name="testLoadBalanceReturnsNull[18: transport=EPOLL, ssl=JDK, worker-threads=4, nio-threads=1]" classname="io.hekate.messaging.internal.MessagingChannelSendTest" time="0.062"/>
  <testcase name="testRouteToNonExistingNode[18: transport=EPOLL, ssl=JDK, worker-threads=4, nio-threads=1]" classname="io.hekate.messaging.internal.MessagingChannelSendTest" time="0.065"/>
  <testcase name="testReplyIsNotSupported[18: transport=EPOLL, ssl=JDK, worker-threads=4, nio-threads=1]" classname="io.hekate.messaging.internal.MessagingChannelSendTest" time="0.064"/>
  <testcase name="testInterceptor[18: transport=EPOLL, ssl=JDK, worker-threads=4, nio-threads=1]" classname="io.hekate.messaging.internal.MessagingChannelSendTest" time="0.163"/>
  <testcase name="testFuture[18: transport=EPOLL, ssl=JDK, worker-threads=4, nio-threads=1]" classname="io.hekate.messaging.internal.MessagingChannelSendTest" time="0.167"/>
  <testcase name="testNoWait[18: transport=EPOLL, ssl=JDK, worker-threads=4, nio-threads=1]" classname="io.hekate.messaging.internal.MessagingChannelSendTest" time="0.158"/>
  <testcase name="testNonSerializableMessage[18: transport=EPOLL, ssl=JDK, worker-threads=4, nio-threads=1]" classname="io.hekate.messaging.internal.MessagingChannelSendTest" time="0.087"/>
  <testcase name="testNetworkDisconnect[18: transport=EPOLL, ssl=JDK, worker-threads=4, nio-threads=1]" classname="io.hekate.messaging.internal.MessagingChannelSendTest" time="0.061"/>
  <testcase name="testUnknownNodeFuture[19: transport=EPOLL, ssl=JDK, worker-threads=5, nio-threads=0]" classname="io.hekate.messaging.internal.MessagingChannelSendTest" time="0.008"/>
  <testcase name="testIdleSocketTimeout[19: transport=EPOLL, ssl=JDK, worker-threads=5, nio-threads=0]" classname="io.hekate.messaging.internal.MessagingChannelSendTest" time="0.93"/>
  <testcase name="testLoadBalanceFailure[19: transport=EPOLL, ssl=JDK, worker-threads=5, nio-threads=0]" classname="io.hekate.messaging.internal.MessagingChannelSendTest" time="0.061"/>
  <testcase name="testClosedChannel[19: transport=EPOLL, ssl=JDK, worker-threads=5, nio-threads=0]" classname="io.hekate.messaging.internal.MessagingChannelSendTest" time="0.009"/>
  <testcase name="testNoReceiver[19: transport=EPOLL, ssl=JDK, worker-threads=5, nio-threads=0]" classname="io.hekate.messaging.internal.MessagingChannelSendTest" time="0.008"/>
  <testcase name="testUnknownNodeCallback[19: transport=EPOLL, ssl=JDK, worker-threads=5, nio-threads=0]" classname="io.hekate.messaging.internal.MessagingChannelSendTest" time="0.008"/>
  <testcase name="testTopologyChange[19: transport=EPOLL, ssl=JDK, worker-threads=5, nio-threads=0]" classname="io.hekate.messaging.internal.MessagingChannelSendTest" time="0.551"/>
  <testcase name="testChannelCloseDuringRouting[19: transport=EPOLL, ssl=JDK, worker-threads=5, nio-threads=0]" classname="io.hekate.messaging.internal.MessagingChannelSendTest" time="0.171"/>
  <testcase name="testCallback[19: transport=EPOLL, ssl=JDK, worker-threads=5, nio-threads=0]" classname="io.hekate.messaging.internal.MessagingChannelSendTest" time="0.185"/>
  <testcase name="testLoadBalanceReturnsNull[19: transport=EPOLL, ssl=JDK, worker-threads=5, nio-threads=0]" classname="io.hekate.messaging.internal.MessagingChannelSendTest" time="0.061"/>
  <testcase name="testRouteToNonExistingNode[19: transport=EPOLL, ssl=JDK, worker-threads=5, nio-threads=0]" classname="io.hekate.messaging.internal.MessagingChannelSendTest" time="0.061"/>
  <testcase name="testReplyIsNotSupported[19: transport=EPOLL, ssl=JDK, worker-threads=5, nio-threads=0]" classname="io.hekate.messaging.internal.MessagingChannelSendTest" time="0.062"/>
  <testcase name="testInterceptor[19: transport=EPOLL, ssl=JDK, worker-threads=5, nio-threads=0]" classname="io.hekate.messaging.internal.MessagingChannelSendTest" time="0.164"/>
  <testcase name="testFuture[19: transport=EPOLL, ssl=JDK, worker-threads=5, nio-threads=0]" classname="io.hekate.messaging.internal.MessagingChannelSendTest" time="0.193"/>
  <testcase name="testNoWait[19: transport=EPOLL, ssl=JDK, worker-threads=5, nio-threads=0]" classname="io.hekate.messaging.internal.MessagingChannelSendTest" time="0.139"/>
  <testcase name="testNonSerializableMessage[19: transport=EPOLL, ssl=JDK, worker-threads=5, nio-threads=0]" classname="io.hekate.messaging.internal.MessagingChannelSendTest" time="0.062"/>
  <testcase name="testNetworkDisconnect[19: transport=EPOLL, ssl=JDK, worker-threads=5, nio-threads=0]" classname="io.hekate.messaging.internal.MessagingChannelSendTest" time="0.059"/>
  <testcase name="testUnknownNodeFuture[20: transport=EPOLL, ssl=OPEN_SSL, worker-threads=0, nio-threads=1]" classname="io.hekate.messaging.internal.MessagingChannelSendTest" time="0.009"/>
  <testcase name="testIdleSocketTimeout[20: transport=EPOLL, ssl=OPEN_SSL, worker-threads=0, nio-threads=1]" classname="io.hekate.messaging.internal.MessagingChannelSendTest" time="0.833"/>
  <testcase name="testLoadBalanceFailure[20: transport=EPOLL, ssl=OPEN_SSL, worker-threads=0, nio-threads=1]" classname="io.hekate.messaging.internal.MessagingChannelSendTest" time="0.042"/>
  <testcase name="testClosedChannel[20: transport=EPOLL, ssl=OPEN_SSL, worker-threads=0, nio-threads=1]" classname="io.hekate.messaging.internal.MessagingChannelSendTest" time="0.009"/>
  <testcase name="testNoReceiver[20: transport=EPOLL, ssl=OPEN_SSL, worker-threads=0, nio-threads=1]" classname="io.hekate.messaging.internal.MessagingChannelSendTest" time="0.008"/>
  <testcase name="testUnknownNodeCallback[20: transport=EPOLL, ssl=OPEN_SSL, worker-threads=0, nio-threads=1]" classname="io.hekate.messaging.internal.MessagingChannelSendTest" time="0.008"/>
  <testcase name="testTopologyChange[20: transport=EPOLL, ssl=OPEN_SSL, worker-threads=0, nio-threads=1]" classname="io.hekate.messaging.internal.MessagingChannelSendTest" time="0.227"/>
  <testcase name="testChannelCloseDuringRouting[20: transport=EPOLL, ssl=OPEN_SSL, worker-threads=0, nio-threads=1]" classname="io.hekate.messaging.internal.MessagingChannelSendTest" time="0.106"/>
  <testcase name="testCallback[20: transport=EPOLL, ssl=OPEN_SSL, worker-threads=0, nio-threads=1]" classname="io.hekate.messaging.internal.MessagingChannelSendTest" time="0.128"/>
  <testcase name="testLoadBalanceReturnsNull[20: transport=EPOLL, ssl=OPEN_SSL, worker-threads=0, nio-threads=1]" classname="io.hekate.messaging.internal.MessagingChannelSendTest" time="0.041"/>
  <testcase name="testRouteToNonExistingNode[20: transport=EPOLL, ssl=OPEN_SSL, worker-threads=0, nio-threads=1]" classname="io.hekate.messaging.internal.MessagingChannelSendTest" time="0.042"/>
  <testcase name="testReplyIsNotSupported[20: transport=EPOLL, ssl=OPEN_SSL, worker-threads=0, nio-threads=1]" classname="io.hekate.messaging.internal.MessagingChannelSendTest" time="0.041"/>
  <testcase name="testInterceptor[20: transport=EPOLL, ssl=OPEN_SSL, worker-threads=0, nio-threads=1]" classname="io.hekate.messaging.internal.MessagingChannelSendTest" time="0.13"/>
  <testcase name="testFuture[20: transport=EPOLL, ssl=OPEN_SSL, worker-threads=0, nio-threads=1]" classname="io.hekate.messaging.internal.MessagingChannelSendTest" time="0.126"/>
  <testcase name="testNoWait[20: transport=EPOLL, ssl=OPEN_SSL, worker-threads=0, nio-threads=1]" classname="io.hekate.messaging.internal.MessagingChannelSendTest" time="0.097"/>
  <testcase name="testNonSerializableMessage[20: transport=EPOLL, ssl=OPEN_SSL, worker-threads=0, nio-threads=1]" classname="io.hekate.messaging.internal.MessagingChannelSendTest" time="0.041"/>
  <testcase name="testNetworkDisconnect[20: transport=EPOLL, ssl=OPEN_SSL, worker-threads=0, nio-threads=1]" classname="io.hekate.messaging.internal.MessagingChannelSendTest" time="0.036"/>
  <testcase name="testUnknownNodeFuture[21: transport=EPOLL, ssl=OPEN_SSL, worker-threads=1, nio-threads=1]" classname="io.hekate.messaging.internal.MessagingChannelSendTest" time="0.008"/>
  <testcase name="testIdleSocketTimeout[21: transport=EPOLL, ssl=OPEN_SSL, worker-threads=1, nio-threads=1]" classname="io.hekate.messaging.internal.MessagingChannelSendTest" time="0.847"/>
  <testcase name="testLoadBalanceFailure[21: transport=EPOLL, ssl=OPEN_SSL, worker-threads=1, nio-threads=1]" classname="io.hekate.messaging.internal.MessagingChannelSendTest" time="0.04"/>
  <testcase name="testClosedChannel[21: transport=EPOLL, ssl=OPEN_SSL, worker-threads=1, nio-threads=1]" classname="io.hekate.messaging.internal.MessagingChannelSendTest" time="0.009"/>
  <testcase name="testNoReceiver[21: transport=EPOLL, ssl=OPEN_SSL, worker-threads=1, nio-threads=1]" classname="io.hekate.messaging.internal.MessagingChannelSendTest" time="0.008"/>
  <testcase name="testUnknownNodeCallback[21: transport=EPOLL, ssl=OPEN_SSL, worker-threads=1, nio-threads=1]" classname="io.hekate.messaging.internal.MessagingChannelSendTest" time="0.008"/>
  <testcase name="testTopologyChange[21: transport=EPOLL, ssl=OPEN_SSL, worker-threads=1, nio-threads=1]" classname="io.hekate.messaging.internal.MessagingChannelSendTest" time="0.325"/>
  <testcase name="testChannelCloseDuringRouting[21: transport=EPOLL, ssl=OPEN_SSL, worker-threads=1, nio-threads=1]" classname="io.hekate.messaging.internal.MessagingChannelSendTest" time="0.104"/>
  <testcase name="testCallback[21: transport=EPOLL, ssl=OPEN_SSL, worker-threads=1, nio-threads=1]" classname="io.hekate.messaging.internal.MessagingChannelSendTest" time="0.143"/>
  <testcase name="testLoadBalanceReturnsNull[21: transport=EPOLL, ssl=OPEN_SSL, worker-threads=1, nio-threads=1]" classname="io.hekate.messaging.internal.MessagingChannelSendTest" time="0.042"/>
  <testcase name="testRouteToNonExistingNode[21: transport=EPOLL, ssl=OPEN_SSL, worker-threads=1, nio-threads=1]" classname="io.hekate.messaging.internal.MessagingChannelSendTest" time="0.04"/>
  <testcase name="testReplyIsNotSupported[21: transport=EPOLL, ssl=OPEN_SSL, worker-threads=1, nio-threads=1]" classname="io.hekate.messaging.internal.MessagingChannelSendTest" time="0.043"/>
  <testcase name="testInterceptor[21: transport=EPOLL, ssl=OPEN_SSL, worker-threads=1, nio-threads=1]" classname="io.hekate.messaging.internal.MessagingChannelSendTest" time="0.121"/>
  <testcase name="testFuture[21: transport=EPOLL, ssl=OPEN_SSL, worker-threads=1, nio-threads=1]" classname="io.hekate.messaging.internal.MessagingChannelSendTest" time="0.121"/>
  <testcase name="testNoWait[21: transport=EPOLL, ssl=OPEN_SSL, worker-threads=1, nio-threads=1]" classname="io.hekate.messaging.internal.MessagingChannelSendTest" time="0.129"/>
  <testcase name="testNonSerializableMessage[21: transport=EPOLL, ssl=OPEN_SSL, worker-threads=1, nio-threads=1]" classname="io.hekate.messaging.internal.MessagingChannelSendTest" time="0.039"/>
  <testcase name="testNetworkDisconnect[21: transport=EPOLL, ssl=OPEN_SSL, worker-threads=1, nio-threads=1]" classname="io.hekate.messaging.internal.MessagingChannelSendTest" time="0.037"/>
  <testcase name="testUnknownNodeFuture[22: transport=EPOLL, ssl=OPEN_SSL, worker-threads=4, nio-threads=1]" classname="io.hekate.messaging.internal.MessagingChannelSendTest" time="0.008"/>
  <testcase name="testIdleSocketTimeout[22: transport=EPOLL, ssl=OPEN_SSL, worker-threads=4, nio-threads=1]" classname="io.hekate.messaging.internal.MessagingChannelSendTest" time="0.838"/>
  <testcase name="testLoadBalanceFailure[22: transport=EPOLL, ssl=OPEN_SSL, worker-threads=4, nio-threads=1]" classname="io.hekate.messaging.internal.MessagingChannelSendTest" time="0.042"/>
  <testcase name="testClosedChannel[22: transport=EPOLL, ssl=OPEN_SSL, worker-threads=4, nio-threads=1]" classname="io.hekate.messaging.internal.MessagingChannelSendTest" time="0.009"/>
  <testcase name="testNoReceiver[22: transport=EPOLL, ssl=OPEN_SSL, worker-threads=4, nio-threads=1]" classname="io.hekate.messaging.internal.MessagingChannelSendTest" time="0.009"/>
  <testcase name="testUnknownNodeCallback[22: transport=EPOLL, ssl=OPEN_SSL, worker-threads=4, nio-threads=1]" classname="io.hekate.messaging.internal.MessagingChannelSendTest" time="0.008"/>
  <testcase name="testTopologyChange[22: transport=EPOLL, ssl=OPEN_SSL, worker-threads=4, nio-threads=1]" classname="io.hekate.messaging.internal.MessagingChannelSendTest" time="0.347"/>
  <testcase name="testChannelCloseDuringRouting[22: transport=EPOLL, ssl=OPEN_SSL, worker-threads=4, nio-threads=1]" classname="io.hekate.messaging.internal.MessagingChannelSendTest" time="0.105"/>
  <testcase name="testCallback[22: transport=EPOLL, ssl=OPEN_SSL, worker-threads=4, nio-threads=1]" classname="io.hekate.messaging.internal.MessagingChannelSendTest" time="0.127"/>
  <testcase name="testLoadBalanceReturnsNull[22: transport=EPOLL, ssl=OPEN_SSL, worker-threads=4, nio-threads=1]" classname="io.hekate.messaging.internal.MessagingChannelSendTest" time="0.043"/>
  <testcase name="testRouteToNonExistingNode[22: transport=EPOLL, ssl=OPEN_SSL, worker-threads=4, nio-threads=1]" classname="io.hekate.messaging.internal.MessagingChannelSendTest" time="0.041"/>
  <testcase name="testReplyIsNotSupported[22: transport=EPOLL, ssl=OPEN_SSL, worker-threads=4, nio-threads=1]" classname="io.hekate.messaging.internal.MessagingChannelSendTest" time="0.042"/>
  <testcase name="testInterceptor[22: transport=EPOLL, ssl=OPEN_SSL, worker-threads=4, nio-threads=1]" classname="io.hekate.messaging.internal.MessagingChannelSendTest" time="0.13"/>
  <testcase name="testFuture[22: transport=EPOLL, ssl=OPEN_SSL, worker-threads=4, nio-threads=1]" classname="io.hekate.messaging.internal.MessagingChannelSendTest" time="0.107"/>
  <testcase name="testNoWait[22: transport=EPOLL, ssl=OPEN_SSL, worker-threads=4, nio-threads=1]" classname="io.hekate.messaging.internal.MessagingChannelSendTest" time="0.1"/>
  <testcase name="testNonSerializableMessage[22: transport=EPOLL, ssl=OPEN_SSL, worker-threads=4, nio-threads=1]" classname="io.hekate.messaging.internal.MessagingChannelSendTest" time="0.039"/>
  <testcase name="testNetworkDisconnect[22: transport=EPOLL, ssl=OPEN_SSL, worker-threads=4, nio-threads=1]" classname="io.hekate.messaging.internal.MessagingChannelSendTest" time="0.038"/>
  <testcase name="testUnknownNodeFuture[23: transport=EPOLL, ssl=OPEN_SSL, worker-threads=5, nio-threads=0]" classname="io.hekate.messaging.internal.MessagingChannelSendTest" time="0.007"/>
  <testcase name="testIdleSocketTimeout[23: transport=EPOLL, ssl=OPEN_SSL, worker-threads=5, nio-threads=0]" classname="io.hekate.messaging.internal.MessagingChannelSendTest" time="0.836"/>
  <testcase name="testLoadBalanceFailure[23: transport=EPOLL, ssl=OPEN_SSL, worker-threads=5, nio-threads=0]" classname="io.hekate.messaging.internal.MessagingChannelSendTest" time="0.042"/>
  <testcase name="testClosedChannel[23: transport=EPOLL, ssl=OPEN_SSL, worker-threads=5, nio-threads=0]" classname="io.hekate.messaging.internal.MessagingChannelSendTest" time="0.009"/>
  <testcase name="testNoReceiver[23: transport=EPOLL, ssl=OPEN_SSL, worker-threads=5, nio-threads=0]" classname="io.hekate.messaging.internal.MessagingChannelSendTest" time="0.007"/>
  <testcase name="testUnknownNodeCallback[23: transport=EPOLL, ssl=OPEN_SSL, worker-threads=5, nio-threads=0]" classname="io.hekate.messaging.internal.MessagingChannelSendTest" time="0.007"/>
  <testcase name="testTopologyChange[23: transport=EPOLL, ssl=OPEN_SSL, worker-threads=5, nio-threads=0]" classname="io.hekate.messaging.internal.MessagingChannelSendTest" time="0.322"/>
  <testcase name="testChannelCloseDuringRouting[23: transport=EPOLL, ssl=OPEN_SSL, worker-threads=5, nio-threads=0]" classname="io.hekate.messaging.internal.MessagingChannelSendTest" time="0.101"/>
  <testcase name="testCallback[23: transport=EPOLL, ssl=OPEN_SSL, worker-threads=5, nio-threads=0]" classname="io.hekate.messaging.internal.MessagingChannelSendTest" time="0.125"/>
  <testcase name="testLoadBalanceReturnsNull[23: transport=EPOLL, ssl=OPEN_SSL, worker-threads=5, nio-threads=0]" classname="io.hekate.messaging.internal.MessagingChannelSendTest" time="0.04"/>
  <testcase name="testRouteToNonExistingNode[23: transport=EPOLL, ssl=OPEN_SSL, worker-threads=5, nio-threads=0]" classname="io.hekate.messaging.internal.MessagingChannelSendTest" time="0.041"/>
  <testcase name="testReplyIsNotSupported[23: transport=EPOLL, ssl=OPEN_SSL, worker-threads=5, nio-threads=0]" classname="io.hekate.messaging.internal.MessagingChannelSendTest" time="0.041"/>
  <testcase name="testInterceptor[23: transport=EPOLL, ssl=OPEN_SSL, worker-threads=5, nio-threads=0]" classname="io.hekate.messaging.internal.MessagingChannelSendTest" time="0.13"/>
  <testcase name="testFuture[23: transport=EPOLL, ssl=OPEN_SSL, worker-threads=5, nio-threads=0]" classname="io.hekate.messaging.internal.MessagingChannelSendTest" time="0.13"/>
  <testcase name="testNoWait[23: transport=EPOLL, ssl=OPEN_SSL, worker-threads=5, nio-threads=0]" classname="io.hekate.messaging.internal.MessagingChannelSendTest" time="0.097"/>
  <testcase name="testNonSerializableMessage[23: transport=EPOLL, ssl=OPEN_SSL, worker-threads=5, nio-threads=0]" classname="io.hekate.messaging.internal.MessagingChannelSendTest" time="0.039"/>
  <testcase name="testNetworkDisconnect[23: transport=EPOLL, ssl=OPEN_SSL, worker-threads=5, nio-threads=0]" classname="io.hekate.messaging.internal.MessagingChannelSendTest" time="0.037"/>
</testsuite>