<?xml version="1.0" encoding="UTF-8"?>
<testsuite xmlns:xsi="http://www.w3.org/2001/XMLSchema-instance" xsi:schemaLocation="https://maven.apache.org/surefire/maven-surefire-plugin/xsd/surefire-test-report.xsd" name="io.hekate.messaging.internal.FailoverAggregateTest" time="36.054" tests="168" errors="0" skipped="0" failures="0">
  <properties>
    <property name="java.runtime.name" value="OpenJDK Runtime Environment"/>
    <property name="sun.boot.library.path" value="/usr/lib/jvm/java-8-openjdk-amd64/jre/lib/amd64"/>
    <property name="java.vm.version" value="25.121-b13"/>
    <property name="java.vm.vendor" value="Oracle Corporation"/>
    <property name="maven.multiModuleProjectDirectory" value="/root/workspace/hekate-io/hekate/390728782"/>
    <property name="java.vendor.url" value="http://java.oracle.com/"/>
    <property name="path.separator" value=":"/>
    <property name="guice.disable.misplaced.annotation.check" value="true"/>
    <property name="skip.gulp" value="true"/>
    <property name="java.vm.name" value="OpenJDK 64-Bit Server VM"/>
    <property name="file.encoding.pkg" value="sun.io"/>
    <property name="sun.java.launcher" value="SUN_STANDARD"/>
    <property name="sun.os.patch.level" value="unknown"/>
    <property name="findbugs.skip" value="true"/>
    <property name="java.vm.specification.name" value="Java Virtual Machine Specification"/>
    <property name="user.dir" value="/root/workspace/hekate-io/hekate/390728782"/>
    <property name="checkstyle.skip" value="true"/>
    <property name="java.runtime.version" value="1.8.0_121-8u121-b13-1~bpo8+1-b13"/>
    <property name="java.awt.graphicsenv" value="sun.awt.X11GraphicsEnvironment"/>
    <property name="skip.npm" value="true"/>
    <property name="java.endorsed.dirs" value="/usr/lib/jvm/java-8-openjdk-amd64/jre/lib/endorsed"/>
    <property name="os.arch" value="amd64"/>
    <property name="java.io.tmpdir" value="/tmp"/>
    <property name="gpg.skip" value="true"/>
    <property name="line.separator" value="&#10;"/>
    <property name="java.vm.specification.vendor" value="Oracle Corporation"/>
    <property name="cobertura.skip" value="true"/>
    <property name="os.name" value="Linux"/>
    <property name="classworlds.conf" value="/usr/share/maven/bin/m2.conf"/>
    <property name="sun.jnu.encoding" value="UTF-8"/>
    <property name="java.library.path" value="/usr/java/packages/lib/amd64:/usr/lib/x86_64-linux-gnu/jni:/lib/x86_64-linux-gnu:/usr/lib/x86_64-linux-gnu:/usr/lib/jni:/lib:/usr/lib"/>
    <property name="license.skip" value="true"/>
    <property name="java.specification.name" value="Java Platform API Specification"/>
    <property name="java.class.version" value="52.0"/>
    <property name="org.slf4j.simpleLogger.levelInBrackets" value="true"/>
    <property name="sun.management.compiler" value="HotSpot 64-Bit Tiered Compilers"/>
    <property name="skip.bower" value="true"/>
    <property name="maven.repo.local" value="/root/./workspace/hekate-io/hekate/390728782/.m2"/>
    <property name="os.version" value="3.10.0-862.3.2.el7.x86_64"/>
    <property name="user.home" value="/root"/>
    <property name="user.timezone" value="Europe/Paris"/>
    <property name="java.awt.printerjob" value="sun.print.PSPrinterJob"/>
    <property name="java.specification.version" value="1.8"/>
    <property name="file.encoding" value="UTF-8"/>
    <property name="user.name" value="root"/>
    <property name="java.class.path" value="/usr/share/maven/boot/plexus-classworlds-2.5.2.jar"/>
    <property name="skipITs" value="true"/>
    <property name="java.vm.specification.version" value="1.8"/>
    <property name="sun.arch.data.model" value="64"/>
    <property name="java.home" value="/usr/lib/jvm/java-8-openjdk-amd64/jre"/>
    <property name="sun.java.command" value="org.codehaus.plexus.classworlds.launcher.Launcher -B -D enforcer.skip=true -D dependency-check.skip=true -D skipITs=true -D cobertura.skip=true -D maven.repo.local=/root/./workspace/hekate-io/hekate/390728782/.m2 -D rat.skip=true -D findbugs.skip=true -D skip.bower=true -D gpg.skip=true -D checkstyle.skip=true -D skip.gulp=true -D license.skip=true -D skip.npm=true test"/>
    <property name="java.specification.vendor" value="Oracle Corporation"/>
    <property name="user.language" value="en"/>
    <property name="awt.toolkit" value="sun.awt.X11.XToolkit"/>
    <property name="dependency-check.skip" value="true"/>
    <property name="java.vm.info" value="mixed mode"/>
    <property name="java.version" value="1.8.0_121"/>
    <property name="java.ext.dirs" value="/usr/lib/jvm/java-8-openjdk-amd64/jre/lib/ext:/usr/java/packages/lib/ext"/>
    <property name="securerandom.source" value="file:/dev/./urandom"/>
    <property name="sun.boot.class.path" value="/usr/lib/jvm/java-8-openjdk-amd64/jre/lib/resources.jar:/usr/lib/jvm/java-8-openjdk-amd64/jre/lib/rt.jar:/usr/lib/jvm/java-8-openjdk-amd64/jre/lib/sunrsasign.jar:/usr/lib/jvm/java-8-openjdk-amd64/jre/lib/jsse.jar:/usr/lib/jvm/java-8-openjdk-amd64/jre/lib/jce.jar:/usr/lib/jvm/java-8-openjdk-amd64/jre/lib/charsets.jar:/usr/lib/jvm/java-8-openjdk-amd64/jre/lib/jfr.jar:/usr/lib/jvm/java-8-openjdk-amd64/jre/classes"/>
    <property name="java.vendor" value="Oracle Corporation"/>
    <property name="enforcer.skip" value="true"/>
    <property name="rat.skip" value="true"/>
    <property name="maven.home" value="/usr/share/maven"/>
    <property name="file.separator" value="/"/>
    <property name="java.vendor.url.bug" value="http://bugreport.sun.com/bugreport/"/>
    <property name="sun.cpu.endian" value="little"/>
    <property name="sun.io.unicode.encoding" value="UnicodeLittle"/>
    <property name="org.slf4j.simpleLogger.showThreadName" value="false"/>
    <property name="sun.cpu.isalist" value=""/>
  </properties>
  <testcase name="testFailure[0: transport=NIO, worker-threads=0, nio-threads=1]" classname="io.hekate.messaging.internal.FailoverAggregateTest" time="0.048"/>
  <testcase name="testDelay[0: transport=NIO, worker-threads=0, nio-threads=1]" classname="io.hekate.messaging.internal.FailoverAggregateTest" time="0.633"/>
  <testcase name="testPartialSuccess[0: transport=NIO, worker-threads=0, nio-threads=1]" classname="io.hekate.messaging.internal.FailoverAggregateTest" time="0.032"/>
  <testcase name="testPartialFailure[0: transport=NIO, worker-threads=0, nio-threads=1]" classname="io.hekate.messaging.internal.FailoverAggregateTest" time="0.03"/>
  <testcase name="testErrorInFailoverPolicy[0: transport=NIO, worker-threads=0, nio-threads=1]" classname="io.hekate.messaging.internal.FailoverAggregateTest" time="0.035"/>
  <testcase name="testNodeLeaveDuringFailover[0: transport=NIO, worker-threads=0, nio-threads=1]" classname="io.hekate.messaging.internal.FailoverAggregateTest" time="0.28"/>
  <testcase name="testSuccess[0: transport=NIO, worker-threads=0, nio-threads=1]" classname="io.hekate.messaging.internal.FailoverAggregateTest" time="0.039"/>
  <testcase name="testFailure[1: transport=NIO, worker-threads=1, nio-threads=1]" classname="io.hekate.messaging.internal.FailoverAggregateTest" time="0.036"/>
  <testcase name="testDelay[1: transport=NIO, worker-threads=1, nio-threads=1]" classname="io.hekate.messaging.internal.FailoverAggregateTest" time="0.633"/>
  <testcase name="testPartialSuccess[1: transport=NIO, worker-threads=1, nio-threads=1]" classname="io.hekate.messaging.internal.FailoverAggregateTest" time="0.03"/>
  <testcase name="testPartialFailure[1: transport=NIO, worker-threads=1, nio-threads=1]" classname="io.hekate.messaging.internal.FailoverAggregateTest" time="0.032"/>
  <testcase name="testErrorInFailoverPolicy[1: transport=NIO, worker-threads=1, nio-threads=1]" classname="io.hekate.messaging.internal.FailoverAggregateTest" time="0.034"/>
  <testcase name="testNodeLeaveDuringFailover[1: transport=NIO, worker-threads=1, nio-threads=1]" classname="io.hekate.messaging.internal.FailoverAggregateTest" time="0.365"/>
  <testcase name="testSuccess[1: transport=NIO, worker-threads=1, nio-threads=1]" classname="io.hekate.messaging.internal.FailoverAggregateTest" time="0.033"/>
  <testcase name="testFailure[2: transport=NIO, worker-threads=4, nio-threads=1]" classname="io.hekate.messaging.internal.FailoverAggregateTest" time="0.037"/>
  <testcase name="testDelay[2: transport=NIO, worker-threads=4, nio-threads=1]" classname="io.hekate.messaging.internal.FailoverAggregateTest" time="0.632"/>
  <testcase name="testPartialSuccess[2: transport=NIO, worker-threads=4, nio-threads=1]" classname="io.hekate.messaging.internal.FailoverAggregateTest" time="0.103"/>
  <testcase name="testPartialFailure[2: transport=NIO, worker-threads=4, nio-threads=1]" classname="io.hekate.messaging.internal.FailoverAggregateTest" time="0.055"/>
  <testcase name="testErrorInFailoverPolicy[2: transport=NIO, worker-threads=4, nio-threads=1]" classname="io.hekate.messaging.internal.FailoverAggregateTest" time="0.113"/>
  <testcase name="testNodeLeaveDuringFailover[2: transport=NIO, worker-threads=4, nio-threads=1]" classname="io.hekate.messaging.internal.FailoverAggregateTest" time="0.197"/>
  <testcase name="testSuccess[2: transport=NIO, worker-threads=4, nio-threads=1]" classname="io.hekate.messaging.internal.FailoverAggregateTest" time="0.035"/>
  <testcase name="testFailure[3: transport=NIO, worker-threads=5, nio-threads=0]" classname="io.hekate.messaging.internal.FailoverAggregateTest" time="0.119"/>
  <testcase name="testDelay[3: transport=NIO, worker-threads=5, nio-threads=0]" classname="io.hekate.messaging.internal.FailoverAggregateTest" time="0.633"/>
  <testcase name="testPartialSuccess[3: transport=NIO, worker-threads=5, nio-threads=0]" classname="io.hekate.messaging.internal.FailoverAggregateTest" time="0.032"/>
  <testcase name="testPartialFailure[3: transport=NIO, worker-threads=5, nio-threads=0]" classname="io.hekate.messaging.internal.FailoverAggregateTest" time="0.067"/>
  <testcase name="testErrorInFailoverPolicy[3: transport=NIO, worker-threads=5, nio-threads=0]" classname="io.hekate.messaging.internal.FailoverAggregateTest" time="0.05"/>
  <testcase name="testNodeLeaveDuringFailover[3: transport=NIO, worker-threads=5, nio-threads=0]" classname="io.hekate.messaging.internal.FailoverAggregateTest" time="0.174"/>
  <testcase name="testSuccess[3: transport=NIO, worker-threads=5, nio-threads=0]" classname="io.hekate.messaging.internal.FailoverAggregateTest" time="0.053"/>
  <testcase name="testFailure[4: transport=NIO, ssl=JDK, worker-threads=0, nio-threads=1]" classname="io.hekate.messaging.internal.FailoverAggregateTest" time="0.258"/>
  <testcase name="testDelay[4: transport=NIO, ssl=JDK, worker-threads=0, nio-threads=1]" classname="io.hekate.messaging.internal.FailoverAggregateTest" time="0.755"/>
  <testcase name="testPartialSuccess[4: transport=NIO, ssl=JDK, worker-threads=0, nio-threads=1]" classname="io.hekate.messaging.internal.FailoverAggregateTest" time="0.157"/>
  <testcase name="testPartialFailure[4: transport=NIO, ssl=JDK, worker-threads=0, nio-threads=1]" classname="io.hekate.messaging.internal.FailoverAggregateTest" time="0.109"/>
  <testcase name="testErrorInFailoverPolicy[4: transport=NIO, ssl=JDK, worker-threads=0, nio-threads=1]" classname="io.hekate.messaging.internal.FailoverAggregateTest" time="0.147"/>
  <testcase name="testNodeLeaveDuringFailover[4: transport=NIO, ssl=JDK, worker-threads=0, nio-threads=1]" classname="io.hekate.messaging.internal.FailoverAggregateTest" time="0.586"/>
  <testcase name="testSuccess[4: transport=NIO, ssl=JDK, worker-threads=0, nio-threads=1]" classname="io.hekate.messaging.internal.FailoverAggregateTest" time="0.216"/>
  <testcase name="testFailure[5: transport=NIO, ssl=JDK, worker-threads=1, nio-threads=1]" classname="io.hekate.messaging.internal.FailoverAggregateTest" time="0.107"/>
  <testcase name="testDelay[5: transport=NIO, ssl=JDK, worker-threads=1, nio-threads=1]" classname="io.hekate.messaging.internal.FailoverAggregateTest" time="0.678"/>
  <testcase name="testPartialSuccess[5: transport=NIO, ssl=JDK, worker-threads=1, nio-threads=1]" classname="io.hekate.messaging.internal.FailoverAggregateTest" time="0.087"/>
  <testcase name="testPartialFailure[5: transport=NIO, ssl=JDK, worker-threads=1, nio-threads=1]" classname="io.hekate.messaging.internal.FailoverAggregateTest" time="0.09"/>
  <testcase name="testErrorInFailoverPolicy[5: transport=NIO, ssl=JDK, worker-threads=1, nio-threads=1]" classname="io.hekate.messaging.internal.FailoverAggregateTest" time="0.097"/>
  <testcase name="testNodeLeaveDuringFailover[5: transport=NIO, ssl=JDK, worker-threads=1, nio-threads=1]" classname="io.hekate.messaging.internal.FailoverAggregateTest" time="0.417"/>
  <testcase name="testSuccess[5: transport=NIO, ssl=JDK, worker-threads=1, nio-threads=1]" classname="io.hekate.messaging.internal.FailoverAggregateTest" time="0.09"/>
  <testcase name="testFailure[6: transport=NIO, ssl=JDK, worker-threads=4, nio-threads=1]" classname="io.hekate.messaging.internal.FailoverAggregateTest" time="0.102"/>
  <testcase name="testDelay[6: transport=NIO, ssl=JDK, worker-threads=4, nio-threads=1]" classname="io.hekate.messaging.internal.FailoverAggregateTest" time="0.709"/>
  <testcase name="testPartialSuccess[6: transport=NIO, ssl=JDK, worker-threads=4, nio-threads=1]" classname="io.hekate.messaging.internal.FailoverAggregateTest" time="0.088"/>
  <testcase name="testPartialFailure[6: transport=NIO, ssl=JDK, worker-threads=4, nio-threads=1]" classname="io.hekate.messaging.internal.FailoverAggregateTest" time="0.093"/>
  <testcase name="testErrorInFailoverPolicy[6: transport=NIO, ssl=JDK, worker-threads=4, nio-threads=1]" classname="io.hekate.messaging.internal.FailoverAggregateTest" time="0.097"/>
  <testcase name="testNodeLeaveDuringFailover[6: transport=NIO, ssl=JDK, worker-threads=4, nio-threads=1]" classname="io.hekate.messaging.internal.FailoverAggregateTest" time="0.3"/>
  <testcase name="testSuccess[6: transport=NIO, ssl=JDK, worker-threads=4, nio-threads=1]" classname="io.hekate.messaging.internal.FailoverAggregateTest" time="0.095"/>
  <testcase name="testFailure[7: transport=NIO, ssl=JDK, worker-threads=5, nio-threads=0]" classname="io.hekate.messaging.internal.FailoverAggregateTest" time="0.104"/>
  <testcase name="testDelay[7: transport=NIO, ssl=JDK, worker-threads=5, nio-threads=0]" classname="io.hekate.messaging.internal.FailoverAggregateTest" time="0.693"/>
  <testcase name="testPartialSuccess[7: transport=NIO, ssl=JDK, worker-threads=5, nio-threads=0]" classname="io.hekate.messaging.internal.FailoverAggregateTest" time="0.139"/>
  <testcase name="testPartialFailure[7: transport=NIO, ssl=JDK, worker-threads=5, nio-threads=0]" classname="io.hekate.messaging.internal.FailoverAggregateTest" time="0.131"/>
  <testcase name="testErrorInFailoverPolicy[7: transport=NIO, ssl=JDK, worker-threads=5, nio-threads=0]" classname="io.hekate.messaging.internal.FailoverAggregateTest" time="0.103"/>
  <testcase name="testNodeLeaveDuringFailover[7: transport=NIO, ssl=JDK, worker-threads=5, nio-threads=0]" classname="io.hekate.messaging.internal.FailoverAggregateTest" time="0.557"/>
  <testcase name="testSuccess[7: transport=NIO, ssl=JDK, worker-threads=5, nio-threads=0]" classname="io.hekate.messaging.internal.FailoverAggregateTest" time="0.256"/>
  <testcase name="testFailure[8: transport=NIO, ssl=OPEN_SSL, worker-threads=0, nio-threads=1]" classname="io.hekate.messaging.internal.FailoverAggregateTest" time="0.066"/>
  <testcase name="testDelay[8: transport=NIO, ssl=OPEN_SSL, worker-threads=0, nio-threads=1]" classname="io.hekate.messaging.internal.FailoverAggregateTest" time="0.654"/>
  <testcase name="testPartialSuccess[8: transport=NIO, ssl=OPEN_SSL, worker-threads=0, nio-threads=1]" classname="io.hekate.messaging.internal.FailoverAggregateTest" time="0.055"/>
  <testcase name="testPartialFailure[8: transport=NIO, ssl=OPEN_SSL, worker-threads=0, nio-threads=1]" classname="io.hekate.messaging.internal.FailoverAggregateTest" time="0.057"/>
  <testcase name="testErrorInFailoverPolicy[8: transport=NIO, ssl=OPEN_SSL, worker-threads=0, nio-threads=1]" classname="io.hekate.messaging.internal.FailoverAggregateTest" time="0.127"/>
  <testcase name="testNodeLeaveDuringFailover[8: transport=NIO, ssl=OPEN_SSL, worker-threads=0, nio-threads=1]" classname="io.hekate.messaging.internal.FailoverAggregateTest" time="0.392"/>
  <testcase name="testSuccess[8: transport=NIO, ssl=OPEN_SSL, worker-threads=0, nio-threads=1]" classname="io.hekate.messaging.internal.FailoverAggregateTest" time="0.072"/>
  <testcase name="testFailure[9: transport=NIO, ssl=OPEN_SSL, worker-threads=1, nio-threads=1]" classname="io.hekate.messaging.internal.FailoverAggregateTest" time="0.077"/>
  <testcase name="testDelay[9: transport=NIO, ssl=OPEN_SSL, worker-threads=1, nio-threads=1]" classname="io.hekate.messaging.internal.FailoverAggregateTest" time="0.712"/>
  <testcase name="testPartialSuccess[9: transport=NIO, ssl=OPEN_SSL, worker-threads=1, nio-threads=1]" classname="io.hekate.messaging.internal.FailoverAggregateTest" time="0.057"/>
  <testcase name="testPartialFailure[9: transport=NIO, ssl=OPEN_SSL, worker-threads=1, nio-threads=1]" classname="io.hekate.messaging.internal.FailoverAggregateTest" time="0.059"/>
  <testcase name="testErrorInFailoverPolicy[9: transport=NIO, ssl=OPEN_SSL, worker-threads=1, nio-threads=1]" classname="io.hekate.messaging.internal.FailoverAggregateTest" time="0.092"/>
  <testcase name="testNodeLeaveDuringFailover[9: transport=NIO, ssl=OPEN_SSL, worker-threads=1, nio-threads=1]" classname="io.hekate.messaging.internal.FailoverAggregateTest" time="0.29"/>
  <testcase name="testSuccess[9: transport=NIO, ssl=OPEN_SSL, worker-threads=1, nio-threads=1]" classname="io.hekate.messaging.internal.FailoverAggregateTest" time="0.058"/>
  <testcase name="testFailure[10: transport=NIO, ssl=OPEN_SSL, worker-threads=4, nio-threads=1]" classname="io.hekate.messaging.internal.FailoverAggregateTest" time="0.07"/>
  <testcase name="testDelay[10: transport=NIO, ssl=OPEN_SSL, worker-threads=4, nio-threads=1]" classname="io.hekate.messaging.internal.FailoverAggregateTest" time="0.662"/>
  <testcase name="testPartialSuccess[10: transport=NIO, ssl=OPEN_SSL, worker-threads=4, nio-threads=1]" classname="io.hekate.messaging.internal.FailoverAggregateTest" time="0.06"/>
  <testcase name="testPartialFailure[10: transport=NIO, ssl=OPEN_SSL, worker-threads=4, nio-threads=1]" classname="io.hekate.messaging.internal.FailoverAggregateTest" time="0.121"/>
  <testcase name="testErrorInFailoverPolicy[10: transport=NIO, ssl=OPEN_SSL, worker-threads=4, nio-threads=1]" classname="io.hekate.messaging.internal.FailoverAggregateTest" time="0.064"/>
  <testcase name="testNodeLeaveDuringFailover[10: transport=NIO, ssl=OPEN_SSL, worker-threads=4, nio-threads=1]" classname="io.hekate.messaging.internal.FailoverAggregateTest" time="0.298"/>
  <testcase name="testSuccess[10: transport=NIO, ssl=OPEN_SSL, worker-threads=4, nio-threads=1]" classname="io.hekate.messaging.internal.FailoverAggregateTest" time="0.059"/>
  <testcase name="testFailure[11: transport=NIO, ssl=OPEN_SSL, worker-threads=5, nio-threads=0]" classname="io.hekate.messaging.internal.FailoverAggregateTest" time="0.057"/>
  <testcase name="testDelay[11: transport=NIO, ssl=OPEN_SSL, worker-threads=5, nio-threads=0]" classname="io.hekate.messaging.internal.FailoverAggregateTest" time="0.689"/>
  <testcase name="testPartialSuccess[11: transport=NIO, ssl=OPEN_SSL, worker-threads=5, nio-threads=0]" classname="io.hekate.messaging.internal.FailoverAggregateTest" time="0.056"/>
  <testcase name="testPartialFailure[11: transport=NIO, ssl=OPEN_SSL, worker-threads=5, nio-threads=0]" classname="io.hekate.messaging.internal.FailoverAggregateTest" time="0.053"/>
  <testcase name="testErrorInFailoverPolicy[11: transport=NIO, ssl=OPEN_SSL, worker-threads=5, nio-threads=0]" classname="io.hekate.messaging.internal.FailoverAggregateTest" time="0.054"/>
  <testcase name="testNodeLeaveDuringFailover[11: transport=NIO, ssl=OPEN_SSL, worker-threads=5, nio-threads=0]" classname="io.hekate.messaging.internal.FailoverAggregateTest" time="0.445"/>
  <testcase name="testSuccess[11: transport=NIO, ssl=OPEN_SSL, worker-threads=5, nio-threads=0]" classname="io.hekate.messaging.internal.FailoverAggregateTest" time="0.06"/>
  <testcase name="testFailure[12: transport=EPOLL, worker-threads=0, nio-threads=1]" classname="io.hekate.messaging.internal.FailoverAggregateTest" time="0.031"/>
  <testcase name="testDelay[12: transport=EPOLL, worker-threads=0, nio-threads=1]" classname="io.hekate.messaging.internal.FailoverAggregateTest" time="0.633"/>
  <testcase name="testPartialSuccess[12: transport=EPOLL, worker-threads=0, nio-threads=1]" classname="io.hekate.messaging.internal.FailoverAggregateTest" time="0.029"/>
  <testcase name="testPartialFailure[12: transport=EPOLL, worker-threads=0, nio-threads=1]" classname="io.hekate.messaging.internal.FailoverAggregateTest" time="0.03"/>
  <testcase name="testErrorInFailoverPolicy[12: transport=EPOLL, worker-threads=0, nio-threads=1]" classname="io.hekate.messaging.internal.FailoverAggregateTest" time="0.156"/>
  <testcase name="testNodeLeaveDuringFailover[12: transport=EPOLL, worker-threads=0, nio-threads=1]" classname="io.hekate.messaging.internal.FailoverAggregateTest" time="0.341"/>
  <testcase name="testSuccess[12: transport=EPOLL, worker-threads=0, nio-threads=1]" classname="io.hekate.messaging.internal.FailoverAggregateTest" time="0.028"/>
  <testcase name="testFailure[13: transport=EPOLL, worker-threads=1, nio-threads=1]" classname="io.hekate.messaging.internal.FailoverAggregateTest" time="0.031"/>
  <testcase name="testDelay[13: transport=EPOLL, worker-threads=1, nio-threads=1]" classname="io.hekate.messaging.internal.FailoverAggregateTest" time="0.629"/>
  <testcase name="testPartialSuccess[13: transport=EPOLL, worker-threads=1, nio-threads=1]" classname="io.hekate.messaging.internal.FailoverAggregateTest" time="0.027"/>
  <testcase name="testPartialFailure[13: transport=EPOLL, worker-threads=1, nio-threads=1]" classname="io.hekate.messaging.internal.FailoverAggregateTest" time="0.028"/>
  <testcase name="testErrorInFailoverPolicy[13: transport=EPOLL, worker-threads=1, nio-threads=1]" classname="io.hekate.messaging.internal.FailoverAggregateTest" time="0.027"/>
  <testcase name="testNodeLeaveDuringFailover[13: transport=EPOLL, worker-threads=1, nio-threads=1]" classname="io.hekate.messaging.internal.FailoverAggregateTest" time="0.177"/>
  <testcase name="testSuccess[13: transport=EPOLL, worker-threads=1, nio-threads=1]" classname="io.hekate.messaging.internal.FailoverAggregateTest" time="0.031"/>
  <testcase name="testFailure[14: transport=EPOLL, worker-threads=4, nio-threads=1]" classname="io.hekate.messaging.internal.FailoverAggregateTest" time="0.033"/>
  <testcase name="testDelay[14: transport=EPOLL, worker-threads=4, nio-threads=1]" classname="io.hekate.messaging.internal.FailoverAggregateTest" time="0.669"/>
  <testcase name="testPartialSuccess[14: transport=EPOLL, worker-threads=4, nio-threads=1]" classname="io.hekate.messaging.internal.FailoverAggregateTest" time="0.029"/>
  <testcase name="testPartialFailure[14: transport=EPOLL, worker-threads=4, nio-threads=1]" classname="io.hekate.messaging.internal.FailoverAggregateTest" time="0.111"/>
  <testcase name="testErrorInFailoverPolicy[14: transport=EPOLL, worker-threads=4, nio-threads=1]" classname="io.hekate.messaging.internal.FailoverAggregateTest" time="0.03"/>
  <testcase name="testNodeLeaveDuringFailover[14: transport=EPOLL, worker-threads=4, nio-threads=1]" classname="io.hekate.messaging.internal.FailoverAggregateTest" time="0.147"/>
  <testcase name="testSuccess[14: transport=EPOLL, worker-threads=4, nio-threads=1]" classname="io.hekate.messaging.internal.FailoverAggregateTest" time="0.032"/>
  <testcase name="testFailure[15: transport=EPOLL, worker-threads=5, nio-threads=0]" classname="io.hekate.messaging.internal.FailoverAggregateTest" time="0.03"/>
  <testcase name="testDelay[15: transport=EPOLL, worker-threads=5, nio-threads=0]" classname="io.hekate.messaging.internal.FailoverAggregateTest" time="0.63"/>
  <testcase name="testPartialSuccess[15: transport=EPOLL, worker-threads=5, nio-threads=0]" classname="io.hekate.messaging.internal.FailoverAggregateTest" time="0.028"/>
  <testcase name="testPartialFailure[15: transport=EPOLL, worker-threads=5, nio-threads=0]" classname="io.hekate.messaging.internal.FailoverAggregateTest" time="0.028"/>
  <testcase name="testErrorInFailoverPolicy[15: transport=EPOLL, worker-threads=5, nio-threads=0]" classname="io.hekate.messaging.internal.FailoverAggregateTest" time="0.027"/>
  <testcase name="testNodeLeaveDuringFailover[15: transport=EPOLL, worker-threads=5, nio-threads=0]" classname="io.hekate.messaging.internal.FailoverAggregateTest" time="0.129"/>
  <testcase name="testSuccess[15: transport=EPOLL, worker-threads=5, nio-threads=0]" classname="io.hekate.messaging.internal.FailoverAggregateTest" time="0.03"/>
  <testcase name="testFailure[16: transport=EPOLL, ssl=JDK, worker-threads=0, nio-threads=1]" classname="io.hekate.messaging.internal.FailoverAggregateTest" time="0.094"/>
  <testcase name="testDelay[16: transport=EPOLL, ssl=JDK, worker-threads=0, nio-threads=1]" classname="io.hekate.messaging.internal.FailoverAggregateTest" time="0.687"/>
  <testcase name="testPartialSuccess[16: transport=EPOLL, ssl=JDK, worker-threads=0, nio-threads=1]" classname="io.hekate.messaging.internal.FailoverAggregateTest" time="0.085"/>
  <testcase name="testPartialFailure[16: transport=EPOLL, ssl=JDK, worker-threads=0, nio-threads=1]" classname="io.hekate.messaging.internal.FailoverAggregateTest" time="0.117"/>
  <testcase name="testErrorInFailoverPolicy[16: transport=EPOLL, ssl=JDK, worker-threads=0, nio-threads=1]" classname="io.hekate.messaging.internal.FailoverAggregateTest" time="0.248"/>
  <testcase name="testNodeLeaveDuringFailover[16: transport=EPOLL, ssl=JDK, worker-threads=0, nio-threads=1]" classname="io.hekate.messaging.internal.FailoverAggregateTest" time="0.345"/>
  <testcase name="testSuccess[16: transport=EPOLL, ssl=JDK, worker-threads=0, nio-threads=1]" classname="io.hekate.messaging.internal.FailoverAggregateTest" time="0.218"/>
  <testcase name="testFailure[17: transport=EPOLL, ssl=JDK, worker-threads=1, nio-threads=1]" classname="io.hekate.messaging.internal.FailoverAggregateTest" time="0.091"/>
  <testcase name="testDelay[17: transport=EPOLL, ssl=JDK, worker-threads=1, nio-threads=1]" classname="io.hekate.messaging.internal.FailoverAggregateTest" time="0.696"/>
  <testcase name="testPartialSuccess[17: transport=EPOLL, ssl=JDK, worker-threads=1, nio-threads=1]" classname="io.hekate.messaging.internal.FailoverAggregateTest" time="0.13"/>
  <testcase name="testPartialFailure[17: transport=EPOLL, ssl=JDK, worker-threads=1, nio-threads=1]" classname="io.hekate.messaging.internal.FailoverAggregateTest" time="0.122"/>
  <testcase name="testErrorInFailoverPolicy[17: transport=EPOLL, ssl=JDK, worker-threads=1, nio-threads=1]" classname="io.hekate.messaging.internal.FailoverAggregateTest" time="0.097"/>
  <testcase name="testNodeLeaveDuringFailover[17: transport=EPOLL, ssl=JDK, worker-threads=1, nio-threads=1]" classname="io.hekate.messaging.internal.FailoverAggregateTest" time="1.289"/>
  <testcase name="testSuccess[17: transport=EPOLL, ssl=JDK, worker-threads=1, nio-threads=1]" classname="io.hekate.messaging.internal.FailoverAggregateTest" time="0.097"/>
  <testcase name="testFailure[18: transport=EPOLL, ssl=JDK, worker-threads=4, nio-threads=1]" classname="io.hekate.messaging.internal.FailoverAggregateTest" time="0.124"/>
  <testcase name="testDelay[18: transport=EPOLL, ssl=JDK, worker-threads=4, nio-threads=1]" classname="io.hekate.messaging.internal.FailoverAggregateTest" time="0.699"/>
  <testcase name="testPartialSuccess[18: transport=EPOLL, ssl=JDK, worker-threads=4, nio-threads=1]" classname="io.hekate.messaging.internal.FailoverAggregateTest" time="0.113"/>
  <testcase name="testPartialFailure[18: transport=EPOLL, ssl=JDK, worker-threads=4, nio-threads=1]" classname="io.hekate.messaging.internal.FailoverAggregateTest" time="0.089"/>
  <testcase name="testErrorInFailoverPolicy[18: transport=EPOLL, ssl=JDK, worker-threads=4, nio-threads=1]" classname="io.hekate.messaging.internal.FailoverAggregateTest" time="0.103"/>
  <testcase name="testNodeLeaveDuringFailover[18: transport=EPOLL, ssl=JDK, worker-threads=4, nio-threads=1]" classname="io.hekate.messaging.internal.FailoverAggregateTest" time="0.273"/>
  <testcase name="testSuccess[18: transport=EPOLL, ssl=JDK, worker-threads=4, nio-threads=1]" classname="io.hekate.messaging.internal.FailoverAggregateTest" time="0.099"/>
  <testcase name="testFailure[19: transport=EPOLL, ssl=JDK, worker-threads=5, nio-threads=0]" classname="io.hekate.messaging.internal.FailoverAggregateTest" time="0.108"/>
  <testcase name="testDelay[19: transport=EPOLL, ssl=JDK, worker-threads=5, nio-threads=0]" classname="io.hekate.messaging.internal.FailoverAggregateTest" time="0.677"/>
  <testcase name="testPartialSuccess[19: transport=EPOLL, ssl=JDK, worker-threads=5, nio-threads=0]" classname="io.hekate.messaging.internal.FailoverAggregateTest" time="0.093"/>
  <testcase name="testPartialFailure[19: transport=EPOLL, ssl=JDK, worker-threads=5, nio-threads=0]" classname="io.hekate.messaging.internal.FailoverAggregateTest" time="0.086"/>
  <testcase name="testErrorInFailoverPolicy[19: transport=EPOLL, ssl=JDK, worker-threads=5, nio-threads=0]" classname="io.hekate.messaging.internal.FailoverAggregateTest" time="0.087"/>
  <testcase name="testNodeLeaveDuringFailover[19: transport=EPOLL, ssl=JDK, worker-threads=5, nio-threads=0]" classname="io.hekate.messaging.internal.FailoverAggregateTest" time="0.257"/>
  <testcase name="testSuccess[19: transport=EPOLL, ssl=JDK, worker-threads=5, nio-threads=0]" classname="io.hekate.messaging.internal.FailoverAggregateTest" time="0.123"/>
  <testcase name="testFailure[20: transport=EPOLL, ssl=OPEN_SSL, worker-threads=0, nio-threads=1]" classname="io.hekate.messaging.internal.FailoverAggregateTest" time="1.119"/>
  <testcase name="testDelay[20: transport=EPOLL, ssl=OPEN_SSL, worker-threads=0, nio-threads=1]" classname="io.hekate.messaging.internal.FailoverAggregateTest" time="0.653"/>
  <testcase name="testPartialSuccess[20: transport=EPOLL, ssl=OPEN_SSL, worker-threads=0, nio-threads=1]" classname="io.hekate.messaging.internal.FailoverAggregateTest" time="0.053"/>
  <testcase name="testPartialFailure[20: transport=EPOLL, ssl=OPEN_SSL, worker-threads=0, nio-threads=1]" classname="io.hekate.messaging.internal.FailoverAggregateTest" time="0.056"/>
  <testcase name="testErrorInFailoverPolicy[20: transport=EPOLL, ssl=OPEN_SSL, worker-threads=0, nio-threads=1]" classname="io.hekate.messaging.internal.FailoverAggregateTest" time="0.054"/>
  <testcase name="testNodeLeaveDuringFailover[20: transport=EPOLL, ssl=OPEN_SSL, worker-threads=0, nio-threads=1]" classname="io.hekate.messaging.internal.FailoverAggregateTest" time="0.269"/>
  <testcase name="testSuccess[20: transport=EPOLL, ssl=OPEN_SSL, worker-threads=0, nio-threads=1]" classname="io.hekate.messaging.internal.FailoverAggregateTest" time="0.054"/>
  <testcase name="testFailure[21: transport=EPOLL, ssl=OPEN_SSL, worker-threads=1, nio-threads=1]" classname="io.hekate.messaging.internal.FailoverAggregateTest" time="0.119"/>
  <testcase name="testDelay[21: transport=EPOLL, ssl=OPEN_SSL, worker-threads=1, nio-threads=1]" classname="io.hekate.messaging.internal.FailoverAggregateTest" time="0.653"/>
  <testcase name="testPartialSuccess[21: transport=EPOLL, ssl=OPEN_SSL, worker-threads=1, nio-threads=1]" classname="io.hekate.messaging.internal.FailoverAggregateTest" time="0.054"/>
  <testcase name="testPartialFailure[21: transport=EPOLL, ssl=OPEN_SSL, worker-threads=1, nio-threads=1]" classname="io.hekate.messaging.internal.FailoverAggregateTest" time="0.055"/>
  <testcase name="testErrorInFailoverPolicy[21: transport=EPOLL, ssl=OPEN_SSL, worker-threads=1, nio-threads=1]" classname="io.hekate.messaging.internal.FailoverAggregateTest" time="0.055"/>
  <testcase name="testNodeLeaveDuringFailover[21: transport=EPOLL, ssl=OPEN_SSL, worker-threads=1, nio-threads=1]" classname="io.hekate.messaging.internal.FailoverAggregateTest" time="0.314"/>
  <testcase name="testSuccess[21: transport=EPOLL, ssl=OPEN_SSL, worker-threads=1, nio-threads=1]" classname="io.hekate.messaging.internal.FailoverAggregateTest" time="0.068"/>
  <testcase name="testFailure[22: transport=EPOLL, ssl=OPEN_SSL, worker-threads=4, nio-threads=1]" classname="io.hekate.messaging.internal.FailoverAggregateTest" time="0.061"/>
  <testcase name="testDelay[22: transport=EPOLL, ssl=OPEN_SSL, worker-threads=4, nio-threads=1]" classname="io.hekate.messaging.internal.FailoverAggregateTest" time="0.657"/>
  <testcase name="testPartialSuccess[22: transport=EPOLL, ssl=OPEN_SSL, worker-threads=4, nio-threads=1]" classname="io.hekate.messaging.internal.FailoverAggregateTest" time="0.054"/>
  <testcase name="testPartialFailure[22: transport=EPOLL, ssl=OPEN_SSL, worker-threads=4, nio-threads=1]" classname="io.hekate.messaging.internal.FailoverAggregateTest" time="1.128"/>
  <testcase name="testErrorInFailoverPolicy[22: transport=EPOLL, ssl=OPEN_SSL, worker-threads=4, nio-threads=1]" classname="io.hekate.messaging.internal.FailoverAggregateTest" time="0.056"/>
  <testcase name="testNodeLeaveDuringFailover[22: transport=EPOLL, ssl=OPEN_SSL, worker-threads=4, nio-threads=1]" classname="io.hekate.messaging.internal.FailoverAggregateTest" time="0.341"/>
  <testcase name="testSuccess[22: transport=EPOLL, ssl=OPEN_SSL, worker-threads=4, nio-threads=1]" classname="io.hekate.messaging.internal.FailoverAggregateTest" time="0.055"/>
  <testcase name="testFailure[23: transport=EPOLL, ssl=OPEN_SSL, worker-threads=5, nio-threads=0]" classname="io.hekate.messaging.internal.FailoverAggregateTest" time="0.058"/>
  <testcase name="testDelay[23: transport=EPOLL, ssl=OPEN_SSL, worker-threads=5, nio-threads=0]" classname="io.hekate.messaging.internal.FailoverAggregateTest" time="0.723"/>
  <testcase name="testPartialSuccess[23: transport=EPOLL, ssl=OPEN_SSL, worker-threads=5, nio-threads=0]" classname="io.hekate.messaging.internal.FailoverAggregateTest" time="0.055"/>
  <testcase name="testPartialFailure[23: transport=EPOLL, ssl=OPEN_SSL, worker-threads=5, nio-threads=0]" classname="io.hekate.messaging.internal.FailoverAggregateTest" time="0.055"/>
  <testcase name="testErrorInFailoverPolicy[23: transport=EPOLL, ssl=OPEN_SSL, worker-threads=5, nio-threads=0]" classname="io.hekate.messaging.internal.FailoverAggregateTest" time="0.114"/>
  <testcase name="testNodeLeaveDuringFailover[23: transport=EPOLL, ssl=OPEN_SSL, worker-threads=5, nio-threads=0]" classname="io.hekate.messaging.internal.FailoverAggregateTest" time="0.311"/>
  <testcase name="testSuccess[23: transport=EPOLL, ssl=OPEN_SSL, worker-threads=5, nio-threads=0]" classname="io.hekate.messaging.internal.FailoverAggregateTest" time="0.058"/>
</testsuite>