<?xml version="1.0" encoding="UTF-8"?>
<testsuite xmlns:xsi="http://www.w3.org/2001/XMLSchema-instance" xsi:schemaLocation="https://maven.apache.org/surefire/maven-surefire-plugin/xsd/surefire-test-report.xsd" name="io.hekate.cluster.internal.ClusterServiceMultipleNodesTest" time="250.43" tests="156" errors="0" skipped="0" failures="0">
  <properties>
    <property name="java.runtime.name" value="OpenJDK Runtime Environment"/>
    <property name="sun.boot.library.path" value="/usr/lib/jvm/java-8-openjdk-amd64/jre/lib/amd64"/>
    <property name="java.vm.version" value="25.121-b13"/>
    <property name="java.vm.vendor" value="Oracle Corporation"/>
    <property name="maven.multiModuleProjectDirectory" value="/root/workspace/hekate-io/hekate/390728782"/>
    <property name="java.vendor.url" value="http://java.oracle.com/"/>
    <property name="path.separator" value=":"/>
    <property name="guice.disable.misplaced.annotation.check" value="true"/>
    <property name="skip.gulp" value="true"/>
    <property name="java.vm.name" value="OpenJDK 64-Bit Server VM"/>
    <property name="file.encoding.pkg" value="sun.io"/>
    <property name="sun.java.launcher" value="SUN_STANDARD"/>
    <property name="sun.os.patch.level" value="unknown"/>
    <property name="findbugs.skip" value="true"/>
    <property name="java.vm.specification.name" value="Java Virtual Machine Specification"/>
    <property name="user.dir" value="/root/workspace/hekate-io/hekate/390728782"/>
    <property name="checkstyle.skip" value="true"/>
    <property name="java.runtime.version" value="1.8.0_121-8u121-b13-1~bpo8+1-b13"/>
    <property name="java.awt.graphicsenv" value="sun.awt.X11GraphicsEnvironment"/>
    <property name="skip.npm" value="true"/>
    <property name="java.endorsed.dirs" value="/usr/lib/jvm/java-8-openjdk-amd64/jre/lib/endorsed"/>
    <property name="os.arch" value="amd64"/>
    <property name="java.io.tmpdir" value="/tmp"/>
    <property name="gpg.skip" value="true"/>
    <property name="line.separator" value="&#10;"/>
    <property name="java.vm.specification.vendor" value="Oracle Corporation"/>
    <property name="cobertura.skip" value="true"/>
    <property name="os.name" value="Linux"/>
    <property name="classworlds.conf" value="/usr/share/maven/bin/m2.conf"/>
    <property name="sun.jnu.encoding" value="UTF-8"/>
    <property name="java.library.path" value="/usr/java/packages/lib/amd64:/usr/lib/x86_64-linux-gnu/jni:/lib/x86_64-linux-gnu:/usr/lib/x86_64-linux-gnu:/usr/lib/jni:/lib:/usr/lib"/>
    <property name="license.skip" value="true"/>
    <property name="java.specification.name" value="Java Platform API Specification"/>
    <property name="java.class.version" value="52.0"/>
    <property name="org.slf4j.simpleLogger.levelInBrackets" value="true"/>
    <property name="sun.management.compiler" value="HotSpot 64-Bit Tiered Compilers"/>
    <property name="skip.bower" value="true"/>
    <property name="maven.repo.local" value="/root/./workspace/hekate-io/hekate/390728782/.m2"/>
    <property name="os.version" value="3.10.0-862.3.2.el7.x86_64"/>
    <property name="user.home" value="/root"/>
    <property name="user.timezone" value="Europe/Paris"/>
    <property name="java.awt.printerjob" value="sun.print.PSPrinterJob"/>
    <property name="java.specification.version" value="1.8"/>
    <property name="file.encoding" value="UTF-8"/>
    <property name="user.name" value="root"/>
    <property name="java.class.path" value="/usr/share/maven/boot/plexus-classworlds-2.5.2.jar"/>
    <property name="skipITs" value="true"/>
    <property name="java.vm.specification.version" value="1.8"/>
    <property name="sun.arch.data.model" value="64"/>
    <property name="java.home" value="/usr/lib/jvm/java-8-openjdk-amd64/jre"/>
    <property name="sun.java.command" value="org.codehaus.plexus.classworlds.launcher.Launcher -B -D enforcer.skip=true -D dependency-check.skip=true -D skipITs=true -D cobertura.skip=true -D maven.repo.local=/root/./workspace/hekate-io/hekate/390728782/.m2 -D rat.skip=true -D findbugs.skip=true -D skip.bower=true -D gpg.skip=true -D checkstyle.skip=true -D skip.gulp=true -D license.skip=true -D skip.npm=true test"/>
    <property name="java.specification.vendor" value="Oracle Corporation"/>
    <property name="user.language" value="en"/>
    <property name="awt.toolkit" value="sun.awt.X11.XToolkit"/>
    <property name="dependency-check.skip" value="true"/>
    <property name="java.vm.info" value="mixed mode"/>
    <property name="java.version" value="1.8.0_121"/>
    <property name="java.ext.dirs" value="/usr/lib/jvm/java-8-openjdk-amd64/jre/lib/ext:/usr/java/packages/lib/ext"/>
    <property name="securerandom.source" value="file:/dev/./urandom"/>
    <property name="sun.boot.class.path" value="/usr/lib/jvm/java-8-openjdk-amd64/jre/lib/resources.jar:/usr/lib/jvm/java-8-openjdk-amd64/jre/lib/rt.jar:/usr/lib/jvm/java-8-openjdk-amd64/jre/lib/sunrsasign.jar:/usr/lib/jvm/java-8-openjdk-amd64/jre/lib/jsse.jar:/usr/lib/jvm/java-8-openjdk-amd64/jre/lib/jce.jar:/usr/lib/jvm/java-8-openjdk-amd64/jre/lib/charsets.jar:/usr/lib/jvm/java-8-openjdk-amd64/jre/lib/jfr.jar:/usr/lib/jvm/java-8-openjdk-amd64/jre/classes"/>
    <property name="java.vendor" value="Oracle Corporation"/>
    <property name="enforcer.skip" value="true"/>
    <property name="rat.skip" value="true"/>
    <property name="maven.home" value="/usr/share/maven"/>
    <property name="file.separator" value="/"/>
    <property name="java.vendor.url.bug" value="http://bugreport.sun.com/bugreport/"/>
    <property name="sun.cpu.endian" value="little"/>
    <property name="sun.io.unicode.encoding" value="UnicodeLittle"/>
    <property name="org.slf4j.simpleLogger.showThreadName" value="false"/>
    <property name="sun.cpu.isalist" value=""/>
  </properties>
  <testcase name="testJoinOrderRemoveYoungest[0: transport=NIO]" classname="io.hekate.cluster.internal.ClusterServiceMultipleNodesTest" time="1.83"/>
  <testcase name="testFutureOf[0: transport=NIO]" classname="io.hekate.cluster.internal.ClusterServiceMultipleNodesTest" time="0.139"/>
  <testcase name="testCoordinatorFailureWhileJoining[0: transport=NIO]" classname="io.hekate.cluster.internal.ClusterServiceMultipleNodesTest" time="0.673"/>
  <testcase name="testClusterView[0: transport=NIO]" classname="io.hekate.cluster.internal.ClusterServiceMultipleNodesTest" time="0.102"/>
  <testcase name="testJoinRejectLoopback[0: transport=NIO]" classname="io.hekate.cluster.internal.ClusterServiceMultipleNodesTest" time="0.019"/>
  <testcase name="testNodeBecomesNonReachable[0: transport=NIO]" classname="io.hekate.cluster.internal.ClusterServiceMultipleNodesTest" time="2.011"/>
  <testcase name="testJoinRejectCustom[0: transport=NIO]" classname="io.hekate.cluster.internal.ClusterServiceMultipleNodesTest" time="0.017"/>
  <testcase name="testHasService[0: transport=NIO]" classname="io.hekate.cluster.internal.ClusterServiceMultipleNodesTest" time="0.062"/>
  <testcase name="testAwaitFor[0: transport=NIO]" classname="io.hekate.cluster.internal.ClusterServiceMultipleNodesTest" time="0.17"/>
  <testcase name="testTerminateJoinSameTimeWithPermanentNodes[0: transport=NIO]" classname="io.hekate.cluster.internal.ClusterServiceMultipleNodesTest" time="6.357"/>
  <testcase name="testJoinRejectNonLoopback[0: transport=NIO]" classname="io.hekate.cluster.internal.ClusterServiceMultipleNodesTest" time="0.046"/>
  <testcase name="testJoinLeaveWithPermanentNodes[0: transport=NIO]" classname="io.hekate.cluster.internal.ClusterServiceMultipleNodesTest" time="2.233"/>
  <testcase name="testTopologyEvents[0: transport=NIO]" classname="io.hekate.cluster.internal.ClusterServiceMultipleNodesTest" time="0.749"/>
  <testcase name="testJoinLeave[0: transport=NIO]" classname="io.hekate.cluster.internal.ClusterServiceMultipleNodesTest" time="2.16"/>
  <testcase name="testLeaveJoinSameTimeWithPermanentNodes[0: transport=NIO]" classname="io.hekate.cluster.internal.ClusterServiceMultipleNodesTest" time="0.869"/>
  <testcase name="testJoinOrderRemoveOldest[0: transport=NIO]" classname="io.hekate.cluster.internal.ClusterServiceMultipleNodesTest" time="0.215"/>
  <testcase name="testJoiningNodeNonReachable[0: transport=NIO]" classname="io.hekate.cluster.internal.ClusterServiceMultipleNodesTest" time="1.832"/>
  <testcase name="testJoinTerminateSameTimeWithPermanentNodes[0: transport=NIO]" classname="io.hekate.cluster.internal.ClusterServiceMultipleNodesTest" time="6.077"/>
  <testcase name="testTopologyEventsWithTerminate[0: transport=NIO]" classname="io.hekate.cluster.internal.ClusterServiceMultipleNodesTest" time="2.281"/>
  <testcase name="testJoinLeaveNoWait[0: transport=NIO]" classname="io.hekate.cluster.internal.ClusterServiceMultipleNodesTest" time="1.237"/>
  <testcase name="testJoiningNodeHanged[0: transport=NIO]" classname="io.hekate.cluster.internal.ClusterServiceMultipleNodesTest" time="2.134"/>
  <testcase name="testJoinTerminateNoWaitWithPermanentNodes[0: transport=NIO]" classname="io.hekate.cluster.internal.ClusterServiceMultipleNodesTest" time="0.719"/>
  <testcase name="testJoinLeaveSameTimeWithPermanentNodes[0: transport=NIO]" classname="io.hekate.cluster.internal.ClusterServiceMultipleNodesTest" time="1.59"/>
  <testcase name="testAwaitForNodes[0: transport=NIO]" classname="io.hekate.cluster.internal.ClusterServiceMultipleNodesTest" time="0.176"/>
  <testcase name="testTopologyChangeEvents[0: transport=NIO]" classname="io.hekate.cluster.internal.ClusterServiceMultipleNodesTest" time="0.601"/>
  <testcase name="testJoinLeaveNoWaitWithPermanentNodes[0: transport=NIO]" classname="io.hekate.cluster.internal.ClusterServiceMultipleNodesTest" time="0.264"/>
  <testcase name="testJoinOrderRemoveYoungest[1: transport=NIO, ssl=JDK]" classname="io.hekate.cluster.internal.ClusterServiceMultipleNodesTest" time="3.502"/>
  <testcase name="testFutureOf[1: transport=NIO, ssl=JDK]" classname="io.hekate.cluster.internal.ClusterServiceMultipleNodesTest" time="0.121"/>
  <testcase name="testCoordinatorFailureWhileJoining[1: transport=NIO, ssl=JDK]" classname="io.hekate.cluster.internal.ClusterServiceMultipleNodesTest" time="1.216"/>
  <testcase name="testClusterView[1: transport=NIO, ssl=JDK]" classname="io.hekate.cluster.internal.ClusterServiceMultipleNodesTest" time="0.111"/>
  <testcase name="testJoinRejectLoopback[1: transport=NIO, ssl=JDK]" classname="io.hekate.cluster.internal.ClusterServiceMultipleNodesTest" time="0.041"/>
  <testcase name="testNodeBecomesNonReachable[1: transport=NIO, ssl=JDK]" classname="io.hekate.cluster.internal.ClusterServiceMultipleNodesTest" time="4.202"/>
  <testcase name="testJoinRejectCustom[1: transport=NIO, ssl=JDK]" classname="io.hekate.cluster.internal.ClusterServiceMultipleNodesTest" time="0.044"/>
  <testcase name="testHasService[1: transport=NIO, ssl=JDK]" classname="io.hekate.cluster.internal.ClusterServiceMultipleNodesTest" time="0.103"/>
  <testcase name="testAwaitFor[1: transport=NIO, ssl=JDK]" classname="io.hekate.cluster.internal.ClusterServiceMultipleNodesTest" time="0.159"/>
  <testcase name="testTerminateJoinSameTimeWithPermanentNodes[1: transport=NIO, ssl=JDK]" classname="io.hekate.cluster.internal.ClusterServiceMultipleNodesTest" time="12.637"/>
  <testcase name="testJoinRejectNonLoopback[1: transport=NIO, ssl=JDK]" classname="io.hekate.cluster.internal.ClusterServiceMultipleNodesTest" time="0.092"/>
  <testcase name="testJoinLeaveWithPermanentNodes[1: transport=NIO, ssl=JDK]" classname="io.hekate.cluster.internal.ClusterServiceMultipleNodesTest" time="2.578"/>
  <testcase name="testTopologyEvents[1: transport=NIO, ssl=JDK]" classname="io.hekate.cluster.internal.ClusterServiceMultipleNodesTest" time="1.601"/>
  <testcase name="testJoinLeave[1: transport=NIO, ssl=JDK]" classname="io.hekate.cluster.internal.ClusterServiceMultipleNodesTest" time="5.125"/>
  <testcase name="testLeaveJoinSameTimeWithPermanentNodes[1: transport=NIO, ssl=JDK]" classname="io.hekate.cluster.internal.ClusterServiceMultipleNodesTest" time="2.252"/>
  <testcase name="testJoinOrderRemoveOldest[1: transport=NIO, ssl=JDK]" classname="io.hekate.cluster.internal.ClusterServiceMultipleNodesTest" time="0.841"/>
  <testcase name="testJoiningNodeNonReachable[1: transport=NIO, ssl=JDK]" classname="io.hekate.cluster.internal.ClusterServiceMultipleNodesTest" time="3.63"/>
  <testcase name="testJoinTerminateSameTimeWithPermanentNodes[1: transport=NIO, ssl=JDK]" classname="io.hekate.cluster.internal.ClusterServiceMultipleNodesTest" time="11.947"/>
  <testcase name="testTopologyEventsWithTerminate[1: transport=NIO, ssl=JDK]" classname="io.hekate.cluster.internal.ClusterServiceMultipleNodesTest" time="3.873"/>
  <testcase name="testJoinLeaveNoWait[1: transport=NIO, ssl=JDK]" classname="io.hekate.cluster.internal.ClusterServiceMultipleNodesTest" time="0.506"/>
  <testcase name="testJoiningNodeHanged[1: transport=NIO, ssl=JDK]" classname="io.hekate.cluster.internal.ClusterServiceMultipleNodesTest" time="3.698"/>
  <testcase name="testJoinTerminateNoWaitWithPermanentNodes[1: transport=NIO, ssl=JDK]" classname="io.hekate.cluster.internal.ClusterServiceMultipleNodesTest" time="0.602"/>
  <testcase name="testJoinLeaveSameTimeWithPermanentNodes[1: transport=NIO, ssl=JDK]" classname="io.hekate.cluster.internal.ClusterServiceMultipleNodesTest" time="2.071"/>
  <testcase name="testAwaitForNodes[1: transport=NIO, ssl=JDK]" classname="io.hekate.cluster.internal.ClusterServiceMultipleNodesTest" time="0.144"/>
  <testcase name="testTopologyChangeEvents[1: transport=NIO, ssl=JDK]" classname="io.hekate.cluster.internal.ClusterServiceMultipleNodesTest" time="1.054"/>
  <testcase name="testJoinLeaveNoWaitWithPermanentNodes[1: transport=NIO, ssl=JDK]" classname="io.hekate.cluster.internal.ClusterServiceMultipleNodesTest" time="0.67"/>
  <testcase name="testJoinOrderRemoveYoungest[2: transport=NIO, ssl=OPEN_SSL]" classname="io.hekate.cluster.internal.ClusterServiceMultipleNodesTest" time="1.577"/>
  <testcase name="testFutureOf[2: transport=NIO, ssl=OPEN_SSL]" classname="io.hekate.cluster.internal.ClusterServiceMultipleNodesTest" time="0.038"/>
  <testcase name="testCoordinatorFailureWhileJoining[2: transport=NIO, ssl=OPEN_SSL]" classname="io.hekate.cluster.internal.ClusterServiceMultipleNodesTest" time="0.616"/>
  <testcase name="testClusterView[2: transport=NIO, ssl=OPEN_SSL]" classname="io.hekate.cluster.internal.ClusterServiceMultipleNodesTest" time="0.057"/>
  <testcase name="testJoinRejectLoopback[2: transport=NIO, ssl=OPEN_SSL]" classname="io.hekate.cluster.internal.ClusterServiceMultipleNodesTest" time="0.021"/>
  <testcase name="testNodeBecomesNonReachable[2: transport=NIO, ssl=OPEN_SSL]" classname="io.hekate.cluster.internal.ClusterServiceMultipleNodesTest" time="1.977"/>
  <testcase name="testJoinRejectCustom[2: transport=NIO, ssl=OPEN_SSL]" classname="io.hekate.cluster.internal.ClusterServiceMultipleNodesTest" time="0.02"/>
  <testcase name="testHasService[2: transport=NIO, ssl=OPEN_SSL]" classname="io.hekate.cluster.internal.ClusterServiceMultipleNodesTest" time="0.058"/>
  <testcase name="testAwaitFor[2: transport=NIO, ssl=OPEN_SSL]" classname="io.hekate.cluster.internal.ClusterServiceMultipleNodesTest" time="0.131"/>
  <testcase name="testTerminateJoinSameTimeWithPermanentNodes[2: transport=NIO, ssl=OPEN_SSL]" classname="io.hekate.cluster.internal.ClusterServiceMultipleNodesTest" time="6.249"/>
  <testcase name="testJoinRejectNonLoopback[2: transport=NIO, ssl=OPEN_SSL]" classname="io.hekate.cluster.internal.ClusterServiceMultipleNodesTest" time="0.023"/>
  <testcase name="testJoinLeaveWithPermanentNodes[2: transport=NIO, ssl=OPEN_SSL]" classname="io.hekate.cluster.internal.ClusterServiceMultipleNodesTest" time="1.108"/>
  <testcase name="testTopologyEvents[2: transport=NIO, ssl=OPEN_SSL]" classname="io.hekate.cluster.internal.ClusterServiceMultipleNodesTest" time="0.601"/>
  <testcase name="testJoinLeave[2: transport=NIO, ssl=OPEN_SSL]" classname="io.hekate.cluster.internal.ClusterServiceMultipleNodesTest" time="2.327"/>
  <testcase name="testLeaveJoinSameTimeWithPermanentNodes[2: transport=NIO, ssl=OPEN_SSL]" classname="io.hekate.cluster.internal.ClusterServiceMultipleNodesTest" time="1.111"/>
  <testcase name="testJoinOrderRemoveOldest[2: transport=NIO, ssl=OPEN_SSL]" classname="io.hekate.cluster.internal.ClusterServiceMultipleNodesTest" time="0.318"/>
  <testcase name="testJoiningNodeNonReachable[2: transport=NIO, ssl=OPEN_SSL]" classname="io.hekate.cluster.internal.ClusterServiceMultipleNodesTest" time="1.856"/>
  <testcase name="testJoinTerminateSameTimeWithPermanentNodes[2: transport=NIO, ssl=OPEN_SSL]" classname="io.hekate.cluster.internal.ClusterServiceMultipleNodesTest" time="6.266"/>
  <testcase name="testTopologyEventsWithTerminate[2: transport=NIO, ssl=OPEN_SSL]" classname="io.hekate.cluster.internal.ClusterServiceMultipleNodesTest" time="1.834"/>
  <testcase name="testJoinLeaveNoWait[2: transport=NIO, ssl=OPEN_SSL]" classname="io.hekate.cluster.internal.ClusterServiceMultipleNodesTest" time="0.452"/>
  <testcase name="testJoiningNodeHanged[2: transport=NIO, ssl=OPEN_SSL]" classname="io.hekate.cluster.internal.ClusterServiceMultipleNodesTest" time="1.898"/>
  <testcase name="testJoinTerminateNoWaitWithPermanentNodes[2: transport=NIO, ssl=OPEN_SSL]" classname="io.hekate.cluster.internal.ClusterServiceMultipleNodesTest" time="0.307"/>
  <testcase name="testJoinLeaveSameTimeWithPermanentNodes[2: transport=NIO, ssl=OPEN_SSL]" classname="io.hekate.cluster.internal.ClusterServiceMultipleNodesTest" time="0.906"/>
  <testcase name="testAwaitForNodes[2: transport=NIO, ssl=OPEN_SSL]" classname="io.hekate.cluster.internal.ClusterServiceMultipleNodesTest" time="0.131"/>
  <testcase name="testTopologyChangeEvents[2: transport=NIO, ssl=OPEN_SSL]" classname="io.hekate.cluster.internal.ClusterServiceMultipleNodesTest" time="0.529"/>
  <testcase name="testJoinLeaveNoWaitWithPermanentNodes[2: transport=NIO, ssl=OPEN_SSL]" classname="io.hekate.cluster.internal.ClusterServiceMultipleNodesTest" time="0.355"/>
  <testcase name="testJoinOrderRemoveYoungest[3: transport=EPOLL]" classname="io.hekate.cluster.internal.ClusterServiceMultipleNodesTest" time="1.194"/>
  <testcase name="testFutureOf[3: transport=EPOLL]" classname="io.hekate.cluster.internal.ClusterServiceMultipleNodesTest" time="0.019"/>
  <testcase name="testCoordinatorFailureWhileJoining[3: transport=EPOLL]" classname="io.hekate.cluster.internal.ClusterServiceMultipleNodesTest" time="0.61"/>
  <testcase name="testClusterView[3: transport=EPOLL]" classname="io.hekate.cluster.internal.ClusterServiceMultipleNodesTest" time="0.025"/>
  <testcase name="testJoinRejectLoopback[3: transport=EPOLL]" classname="io.hekate.cluster.internal.ClusterServiceMultipleNodesTest" time="0.012"/>
  <testcase name="testNodeBecomesNonReachable[3: transport=EPOLL]" classname="io.hekate.cluster.internal.ClusterServiceMultipleNodesTest" time="1.961"/>
  <testcase name="testJoinRejectCustom[3: transport=EPOLL]" classname="io.hekate.cluster.internal.ClusterServiceMultipleNodesTest" time="0.012"/>
  <testcase name="testHasService[3: transport=EPOLL]" classname="io.hekate.cluster.internal.ClusterServiceMultipleNodesTest" time="0.025"/>
  <testcase name="testAwaitFor[3: transport=EPOLL]" classname="io.hekate.cluster.internal.ClusterServiceMultipleNodesTest" time="0.125"/>
  <testcase name="testTerminateJoinSameTimeWithPermanentNodes[3: transport=EPOLL]" classname="io.hekate.cluster.internal.ClusterServiceMultipleNodesTest" time="6.084"/>
  <testcase name="testJoinRejectNonLoopback[3: transport=EPOLL]" classname="io.hekate.cluster.internal.ClusterServiceMultipleNodesTest" time="0.012"/>
  <testcase name="testJoinLeaveWithPermanentNodes[3: transport=EPOLL]" classname="io.hekate.cluster.internal.ClusterServiceMultipleNodesTest" time="0.398"/>
  <testcase name="testTopologyEvents[3: transport=EPOLL]" classname="io.hekate.cluster.internal.ClusterServiceMultipleNodesTest" time="0.366"/>
  <testcase name="testJoinLeave[3: transport=EPOLL]" classname="io.hekate.cluster.internal.ClusterServiceMultipleNodesTest" time="2.791"/>
  <testcase name="testLeaveJoinSameTimeWithPermanentNodes[3: transport=EPOLL]" classname="io.hekate.cluster.internal.ClusterServiceMultipleNodesTest" time="0.912"/>
  <testcase name="testJoinOrderRemoveOldest[3: transport=EPOLL]" classname="io.hekate.cluster.internal.ClusterServiceMultipleNodesTest" time="0.451"/>
  <testcase name="testJoiningNodeNonReachable[3: transport=EPOLL]" classname="io.hekate.cluster.internal.ClusterServiceMultipleNodesTest" time="1.824"/>
  <testcase name="testJoinTerminateSameTimeWithPermanentNodes[3: transport=EPOLL]" classname="io.hekate.cluster.internal.ClusterServiceMultipleNodesTest" time="6.195"/>
  <testcase name="testTopologyEventsWithTerminate[3: transport=EPOLL]" classname="io.hekate.cluster.internal.ClusterServiceMultipleNodesTest" time="1.829"/>
  <testcase name="testJoinLeaveNoWait[3: transport=EPOLL]" classname="io.hekate.cluster.internal.ClusterServiceMultipleNodesTest" time="0.576"/>
  <testcase name="testJoiningNodeHanged[3: transport=EPOLL]" classname="io.hekate.cluster.internal.ClusterServiceMultipleNodesTest" time="1.861"/>
  <testcase name="testJoinTerminateNoWaitWithPermanentNodes[3: transport=EPOLL]" classname="io.hekate.cluster.internal.ClusterServiceMultipleNodesTest" time="0.162"/>
  <testcase name="testJoinLeaveSameTimeWithPermanentNodes[3: transport=EPOLL]" classname="io.hekate.cluster.internal.ClusterServiceMultipleNodesTest" time="0.658"/>
  <testcase name="testAwaitForNodes[3: transport=EPOLL]" classname="io.hekate.cluster.internal.ClusterServiceMultipleNodesTest" time="0.12"/>
  <testcase name="testTopologyChangeEvents[3: transport=EPOLL]" classname="io.hekate.cluster.internal.ClusterServiceMultipleNodesTest" time="0.671"/>
  <testcase name="testJoinLeaveNoWaitWithPermanentNodes[3: transport=EPOLL]" classname="io.hekate.cluster.internal.ClusterServiceMultipleNodesTest" time="0.225"/>
  <testcase name="testJoinOrderRemoveYoungest[4: transport=EPOLL, ssl=JDK]" classname="io.hekate.cluster.internal.ClusterServiceMultipleNodesTest" time="2.117"/>
  <testcase name="testFutureOf[4: transport=EPOLL, ssl=JDK]" classname="io.hekate.cluster.internal.ClusterServiceMultipleNodesTest" time="0.047"/>
  <testcase name="testCoordinatorFailureWhileJoining[4: transport=EPOLL, ssl=JDK]" classname="io.hekate.cluster.internal.ClusterServiceMultipleNodesTest" time="1.213"/>
  <testcase name="testClusterView[4: transport=EPOLL, ssl=JDK]" classname="io.hekate.cluster.internal.ClusterServiceMultipleNodesTest" time="0.094"/>
  <testcase name="testJoinRejectLoopback[4: transport=EPOLL, ssl=JDK]" classname="io.hekate.cluster.internal.ClusterServiceMultipleNodesTest" time="0.075"/>
  <testcase name="testNodeBecomesNonReachable[4: transport=EPOLL, ssl=JDK]" classname="io.hekate.cluster.internal.ClusterServiceMultipleNodesTest" time="4.168"/>
  <testcase name="testJoinRejectCustom[4: transport=EPOLL, ssl=JDK]" classname="io.hekate.cluster.internal.ClusterServiceMultipleNodesTest" time="0.047"/>
  <testcase name="testHasService[4: transport=EPOLL, ssl=JDK]" classname="io.hekate.cluster.internal.ClusterServiceMultipleNodesTest" time="0.095"/>
  <testcase name="testAwaitFor[4: transport=EPOLL, ssl=JDK]" classname="io.hekate.cluster.internal.ClusterServiceMultipleNodesTest" time="0.17"/>
  <testcase name="testTerminateJoinSameTimeWithPermanentNodes[4: transport=EPOLL, ssl=JDK]" classname="io.hekate.cluster.internal.ClusterServiceMultipleNodesTest" time="12.344"/>
  <testcase name="testJoinRejectNonLoopback[4: transport=EPOLL, ssl=JDK]" classname="io.hekate.cluster.internal.ClusterServiceMultipleNodesTest" time="0.043"/>
  <testcase name="testJoinLeaveWithPermanentNodes[4: transport=EPOLL, ssl=JDK]" classname="io.hekate.cluster.internal.ClusterServiceMultipleNodesTest" time="1.877"/>
  <testcase name="testTopologyEvents[4: transport=EPOLL, ssl=JDK]" classname="io.hekate.cluster.internal.ClusterServiceMultipleNodesTest" time="1.414"/>
  <testcase name="testJoinLeave[4: transport=EPOLL, ssl=JDK]" classname="io.hekate.cluster.internal.ClusterServiceMultipleNodesTest" time="4.692"/>
  <testcase name="testLeaveJoinSameTimeWithPermanentNodes[4: transport=EPOLL, ssl=JDK]" classname="io.hekate.cluster.internal.ClusterServiceMultipleNodesTest" time="2.881"/>
  <testcase name="testJoinOrderRemoveOldest[4: transport=EPOLL, ssl=JDK]" classname="io.hekate.cluster.internal.ClusterServiceMultipleNodesTest" time="0.836"/>
  <testcase name="testJoiningNodeNonReachable[4: transport=EPOLL, ssl=JDK]" classname="io.hekate.cluster.internal.ClusterServiceMultipleNodesTest" time="3.851"/>
  <testcase name="testJoinTerminateSameTimeWithPermanentNodes[4: transport=EPOLL, ssl=JDK]" classname="io.hekate.cluster.internal.ClusterServiceMultipleNodesTest" time="12.752"/>
  <testcase name="testTopologyEventsWithTerminate[4: transport=EPOLL, ssl=JDK]" classname="io.hekate.cluster.internal.ClusterServiceMultipleNodesTest" time="4.229"/>
  <testcase name="testJoinLeaveNoWait[4: transport=EPOLL, ssl=JDK]" classname="io.hekate.cluster.internal.ClusterServiceMultipleNodesTest" time="0.437"/>
  <testcase name="testJoiningNodeHanged[4: transport=EPOLL, ssl=JDK]" classname="io.hekate.cluster.internal.ClusterServiceMultipleNodesTest" time="3.706"/>
  <testcase name="testJoinTerminateNoWaitWithPermanentNodes[4: transport=EPOLL, ssl=JDK]" classname="io.hekate.cluster.internal.ClusterServiceMultipleNodesTest" time="0.679"/>
  <testcase name="testJoinLeaveSameTimeWithPermanentNodes[4: transport=EPOLL, ssl=JDK]" classname="io.hekate.cluster.internal.ClusterServiceMultipleNodesTest" time="2.237"/>
  <testcase name="testAwaitForNodes[4: transport=EPOLL, ssl=JDK]" classname="io.hekate.cluster.internal.ClusterServiceMultipleNodesTest" time="0.145"/>
  <testcase name="testTopologyChangeEvents[4: transport=EPOLL, ssl=JDK]" classname="io.hekate.cluster.internal.ClusterServiceMultipleNodesTest" time="1.276"/>
  <testcase name="testJoinLeaveNoWaitWithPermanentNodes[4: transport=EPOLL, ssl=JDK]" classname="io.hekate.cluster.internal.ClusterServiceMultipleNodesTest" time="0.772"/>
  <testcase name="testJoinOrderRemoveYoungest[5: transport=EPOLL, ssl=OPEN_SSL]" classname="io.hekate.cluster.internal.ClusterServiceMultipleNodesTest" time="1.6"/>
  <testcase name="testFutureOf[5: transport=EPOLL, ssl=OPEN_SSL]" classname="io.hekate.cluster.internal.ClusterServiceMultipleNodesTest" time="0.03"/>
  <testcase name="testCoordinatorFailureWhileJoining[5: transport=EPOLL, ssl=OPEN_SSL]" classname="io.hekate.cluster.internal.ClusterServiceMultipleNodesTest" time="0.662"/>
  <testcase name="testClusterView[5: transport=EPOLL, ssl=OPEN_SSL]" classname="io.hekate.cluster.internal.ClusterServiceMultipleNodesTest" time="0.055"/>
  <testcase name="testJoinRejectLoopback[5: transport=EPOLL, ssl=OPEN_SSL]" classname="io.hekate.cluster.internal.ClusterServiceMultipleNodesTest" time="0.019"/>
  <testcase name="testNodeBecomesNonReachable[5: transport=EPOLL, ssl=OPEN_SSL]" classname="io.hekate.cluster.internal.ClusterServiceMultipleNodesTest" time="1.98"/>
  <testcase name="testJoinRejectCustom[5: transport=EPOLL, ssl=OPEN_SSL]" classname="io.hekate.cluster.internal.ClusterServiceMultipleNodesTest" time="0.02"/>
  <testcase name="testHasService[5: transport=EPOLL, ssl=OPEN_SSL]" classname="io.hekate.cluster.internal.ClusterServiceMultipleNodesTest" time="0.048"/>
  <testcase name="testAwaitFor[5: transport=EPOLL, ssl=OPEN_SSL]" classname="io.hekate.cluster.internal.ClusterServiceMultipleNodesTest" time="0.131"/>
  <testcase name="testTerminateJoinSameTimeWithPermanentNodes[5: transport=EPOLL, ssl=OPEN_SSL]" classname="io.hekate.cluster.internal.ClusterServiceMultipleNodesTest" time="5.98"/>
  <testcase name="testJoinRejectNonLoopback[5: transport=EPOLL, ssl=OPEN_SSL]" classname="io.hekate.cluster.internal.ClusterServiceMultipleNodesTest" time="0.024"/>
  <testcase name="testJoinLeaveWithPermanentNodes[5: transport=EPOLL, ssl=OPEN_SSL]" classname="io.hekate.cluster.internal.ClusterServiceMultipleNodesTest" time="1.203"/>
  <testcase name="testTopologyEvents[5: transport=EPOLL, ssl=OPEN_SSL]" classname="io.hekate.cluster.internal.ClusterServiceMultipleNodesTest" time="0.678"/>
  <testcase name="testJoinLeave[5: transport=EPOLL, ssl=OPEN_SSL]" classname="io.hekate.cluster.internal.ClusterServiceMultipleNodesTest" time="2.585"/>
  <testcase name="testLeaveJoinSameTimeWithPermanentNodes[5: transport=EPOLL, ssl=OPEN_SSL]" classname="io.hekate.cluster.internal.ClusterServiceMultipleNodesTest" time="0.901"/>
  <testcase name="testJoinOrderRemoveOldest[5: transport=EPOLL, ssl=OPEN_SSL]" classname="io.hekate.cluster.internal.ClusterServiceMultipleNodesTest" time="0.269"/>
  <testcase name="testJoiningNodeNonReachable[5: transport=EPOLL, ssl=OPEN_SSL]" classname="io.hekate.cluster.internal.ClusterServiceMultipleNodesTest" time="1.831"/>
  <testcase name="testJoinTerminateSameTimeWithPermanentNodes[5: transport=EPOLL, ssl=OPEN_SSL]" classname="io.hekate.cluster.internal.ClusterServiceMultipleNodesTest" time="5.964"/>
  <testcase name="testTopologyEventsWithTerminate[5: transport=EPOLL, ssl=OPEN_SSL]" classname="io.hekate.cluster.internal.ClusterServiceMultipleNodesTest" time="2.259"/>
  <testcase name="testJoinLeaveNoWait[5: transport=EPOLL, ssl=OPEN_SSL]" classname="io.hekate.cluster.internal.ClusterServiceMultipleNodesTest" time="0.192"/>
  <testcase name="testJoiningNodeHanged[5: transport=EPOLL, ssl=OPEN_SSL]" classname="io.hekate.cluster.internal.ClusterServiceMultipleNodesTest" time="1.912"/>
  <testcase name="testJoinTerminateNoWaitWithPermanentNodes[5: transport=EPOLL, ssl=OPEN_SSL]" classname="io.hekate.cluster.internal.ClusterServiceMultipleNodesTest" time="0.351"/>
  <testcase name="testJoinLeaveSameTimeWithPermanentNodes[5: transport=EPOLL, ssl=OPEN_SSL]" classname="io.hekate.cluster.internal.ClusterServiceMultipleNodesTest" time="1.052"/>
  <testcase name="testAwaitForNodes[5: transport=EPOLL, ssl=OPEN_SSL]" classname="io.hekate.cluster.internal.ClusterServiceMultipleNodesTest" time="0.132"/>
  <testcase name="testTopologyChangeEvents[5: transport=EPOLL, ssl=OPEN_SSL]" classname="io.hekate.cluster.internal.ClusterServiceMultipleNodesTest" time="0.646"/>
  <testcase name="testJoinLeaveNoWaitWithPermanentNodes[5: transport=EPOLL, ssl=OPEN_SSL]" classname="io.hekate.cluster.internal.ClusterServiceMultipleNodesTest" time="0.417"/>
</testsuite>