<?xml version="1.0" encoding="UTF-8"?>
<testsuite xmlns:xsi="http://www.w3.org/2001/XMLSchema-instance" xsi:schemaLocation="https://maven.apache.org/surefire/maven-surefire-plugin/xsd/surefire-test-report.xsd" name="io.hekate.messaging.internal.MessagingChannelBroadcastTest" time="71.346" tests="192" errors="0" skipped="0" failures="0">
  <properties>
    <property name="java.runtime.name" value="OpenJDK Runtime Environment"/>
    <property name="sun.boot.library.path" value="/usr/lib/jvm/java-8-openjdk-amd64/jre/lib/amd64"/>
    <property name="java.vm.version" value="25.121-b13"/>
    <property name="java.vm.vendor" value="Oracle Corporation"/>
    <property name="maven.multiModuleProjectDirectory" value="/root/workspace/hekate-io/hekate/390165353"/>
    <property name="java.vendor.url" value="http://java.oracle.com/"/>
    <property name="path.separator" value=":"/>
    <property name="guice.disable.misplaced.annotation.check" value="true"/>
    <property name="skip.gulp" value="true"/>
    <property name="java.vm.name" value="OpenJDK 64-Bit Server VM"/>
    <property name="file.encoding.pkg" value="sun.io"/>
    <property name="sun.java.launcher" value="SUN_STANDARD"/>
    <property name="sun.os.patch.level" value="unknown"/>
    <property name="findbugs.skip" value="true"/>
    <property name="java.vm.specification.name" value="Java Virtual Machine Specification"/>
    <property name="user.dir" value="/root/workspace/hekate-io/hekate/390165353"/>
    <property name="checkstyle.skip" value="true"/>
    <property name="java.runtime.version" value="1.8.0_121-8u121-b13-1~bpo8+1-b13"/>
    <property name="java.awt.graphicsenv" value="sun.awt.X11GraphicsEnvironment"/>
    <property name="skip.npm" value="true"/>
    <property name="java.endorsed.dirs" value="/usr/lib/jvm/java-8-openjdk-amd64/jre/lib/endorsed"/>
    <property name="os.arch" value="amd64"/>
    <property name="java.io.tmpdir" value="/tmp"/>
    <property name="gpg.skip" value="true"/>
    <property name="line.separator" value="&#10;"/>
    <property name="java.vm.specification.vendor" value="Oracle Corporation"/>
    <property name="cobertura.skip" value="true"/>
    <property name="os.name" value="Linux"/>
    <property name="classworlds.conf" value="/usr/share/maven/bin/m2.conf"/>
    <property name="sun.jnu.encoding" value="UTF-8"/>
    <property name="java.library.path" value="/usr/java/packages/lib/amd64:/usr/lib/x86_64-linux-gnu/jni:/lib/x86_64-linux-gnu:/usr/lib/x86_64-linux-gnu:/usr/lib/jni:/lib:/usr/lib"/>
    <property name="license.skip" value="true"/>
    <property name="java.specification.name" value="Java Platform API Specification"/>
    <property name="java.class.version" value="52.0"/>
    <property name="org.slf4j.simpleLogger.levelInBrackets" value="true"/>
    <property name="sun.management.compiler" value="HotSpot 64-Bit Tiered Compilers"/>
    <property name="skip.bower" value="true"/>
    <property name="maven.repo.local" value="/root/./workspace/hekate-io/hekate/390165353/.m2"/>
    <property name="os.version" value="3.10.0-862.3.2.el7.x86_64"/>
    <property name="user.home" value="/root"/>
    <property name="user.timezone" value="Europe/Paris"/>
    <property name="java.awt.printerjob" value="sun.print.PSPrinterJob"/>
    <property name="java.specification.version" value="1.8"/>
    <property name="file.encoding" value="UTF-8"/>
    <property name="user.name" value="root"/>
    <property name="java.class.path" value="/usr/share/maven/boot/plexus-classworlds-2.5.2.jar"/>
    <property name="skipITs" value="true"/>
    <property name="java.vm.specification.version" value="1.8"/>
    <property name="sun.arch.data.model" value="64"/>
    <property name="java.home" value="/usr/lib/jvm/java-8-openjdk-amd64/jre"/>
    <property name="sun.java.command" value="org.codehaus.plexus.classworlds.launcher.Launcher -B -D enforcer.skip=true -D dependency-check.skip=true -D skipITs=true -D cobertura.skip=true -D maven.repo.local=/root/./workspace/hekate-io/hekate/390165353/.m2 -D rat.skip=true -D findbugs.skip=true -D skip.bower=true -D gpg.skip=true -D checkstyle.skip=true -D skip.gulp=true -D license.skip=true -D skip.npm=true test"/>
    <property name="java.specification.vendor" value="Oracle Corporation"/>
    <property name="user.language" value="en"/>
    <property name="awt.toolkit" value="sun.awt.X11.XToolkit"/>
    <property name="dependency-check.skip" value="true"/>
    <property name="java.vm.info" value="mixed mode"/>
    <property name="java.version" value="1.8.0_121"/>
    <property name="java.ext.dirs" value="/usr/lib/jvm/java-8-openjdk-amd64/jre/lib/ext:/usr/java/packages/lib/ext"/>
    <property name="securerandom.source" value="file:/dev/./urandom"/>
    <property name="sun.boot.class.path" value="/usr/lib/jvm/java-8-openjdk-amd64/jre/lib/resources.jar:/usr/lib/jvm/java-8-openjdk-amd64/jre/lib/rt.jar:/usr/lib/jvm/java-8-openjdk-amd64/jre/lib/sunrsasign.jar:/usr/lib/jvm/java-8-openjdk-amd64/jre/lib/jsse.jar:/usr/lib/jvm/java-8-openjdk-amd64/jre/lib/jce.jar:/usr/lib/jvm/java-8-openjdk-amd64/jre/lib/charsets.jar:/usr/lib/jvm/java-8-openjdk-amd64/jre/lib/jfr.jar:/usr/lib/jvm/java-8-openjdk-amd64/jre/classes"/>
    <property name="java.vendor" value="Oracle Corporation"/>
    <property name="enforcer.skip" value="true"/>
    <property name="rat.skip" value="true"/>
    <property name="maven.home" value="/usr/share/maven"/>
    <property name="file.separator" value="/"/>
    <property name="java.vendor.url.bug" value="http://bugreport.sun.com/bugreport/"/>
    <property name="sun.cpu.endian" value="little"/>
    <property name="sun.io.unicode.encoding" value="UnicodeLittle"/>
    <property name="org.slf4j.simpleLogger.showThreadName" value="false"/>
    <property name="sun.cpu.isalist" value=""/>
  </properties>
  <testcase name="testEmptyTopologyFuture[0: transport=NIO, worker-threads=0, nio-threads=1]" classname="io.hekate.messaging.internal.MessagingChannelBroadcastTest" time="0.097"/>
  <testcase name="testPartialFailureCallback[0: transport=NIO, worker-threads=0, nio-threads=1]" classname="io.hekate.messaging.internal.MessagingChannelBroadcastTest" time="0.132"/>
  <testcase name="testTopologyChange[0: transport=NIO, worker-threads=0, nio-threads=1]" classname="io.hekate.messaging.internal.MessagingChannelBroadcastTest" time="0.148"/>
  <testcase name="testCallback[0: transport=NIO, worker-threads=0, nio-threads=1]" classname="io.hekate.messaging.internal.MessagingChannelBroadcastTest" time="0.15"/>
  <testcase name="testEmptyTopologyCallback[0: transport=NIO, worker-threads=0, nio-threads=1]" classname="io.hekate.messaging.internal.MessagingChannelBroadcastTest" time="0.089"/>
  <testcase name="testAffinity[0: transport=NIO, worker-threads=0, nio-threads=1]" classname="io.hekate.messaging.internal.MessagingChannelBroadcastTest" time="0.404"/>
  <testcase name="testFuture[0: transport=NIO, worker-threads=0, nio-threads=1]" classname="io.hekate.messaging.internal.MessagingChannelBroadcastTest" time="0.095"/>
  <testcase name="testPartialFailureFuture[0: transport=NIO, worker-threads=0, nio-threads=1]" classname="io.hekate.messaging.internal.MessagingChannelBroadcastTest" time="0.13"/>
  <testcase name="testEmptyTopologyFuture[1: transport=NIO, worker-threads=1, nio-threads=1]" classname="io.hekate.messaging.internal.MessagingChannelBroadcastTest" time="0.229"/>
  <testcase name="testPartialFailureCallback[1: transport=NIO, worker-threads=1, nio-threads=1]" classname="io.hekate.messaging.internal.MessagingChannelBroadcastTest" time="0.13"/>
  <testcase name="testTopologyChange[1: transport=NIO, worker-threads=1, nio-threads=1]" classname="io.hekate.messaging.internal.MessagingChannelBroadcastTest" time="0.196"/>
  <testcase name="testCallback[1: transport=NIO, worker-threads=1, nio-threads=1]" classname="io.hekate.messaging.internal.MessagingChannelBroadcastTest" time="0.136"/>
  <testcase name="testEmptyTopologyCallback[1: transport=NIO, worker-threads=1, nio-threads=1]" classname="io.hekate.messaging.internal.MessagingChannelBroadcastTest" time="0.133"/>
  <testcase name="testAffinity[1: transport=NIO, worker-threads=1, nio-threads=1]" classname="io.hekate.messaging.internal.MessagingChannelBroadcastTest" time="0.477"/>
  <testcase name="testFuture[1: transport=NIO, worker-threads=1, nio-threads=1]" classname="io.hekate.messaging.internal.MessagingChannelBroadcastTest" time="0.156"/>
  <testcase name="testPartialFailureFuture[1: transport=NIO, worker-threads=1, nio-threads=1]" classname="io.hekate.messaging.internal.MessagingChannelBroadcastTest" time="0.138"/>
  <testcase name="testEmptyTopologyFuture[2: transport=NIO, worker-threads=4, nio-threads=1]" classname="io.hekate.messaging.internal.MessagingChannelBroadcastTest" time="0.137"/>
  <testcase name="testPartialFailureCallback[2: transport=NIO, worker-threads=4, nio-threads=1]" classname="io.hekate.messaging.internal.MessagingChannelBroadcastTest" time="0.136"/>
  <testcase name="testTopologyChange[2: transport=NIO, worker-threads=4, nio-threads=1]" classname="io.hekate.messaging.internal.MessagingChannelBroadcastTest" time="0.229"/>
  <testcase name="testCallback[2: transport=NIO, worker-threads=4, nio-threads=1]" classname="io.hekate.messaging.internal.MessagingChannelBroadcastTest" time="0.236"/>
  <testcase name="testEmptyTopologyCallback[2: transport=NIO, worker-threads=4, nio-threads=1]" classname="io.hekate.messaging.internal.MessagingChannelBroadcastTest" time="0.129"/>
  <testcase name="testAffinity[2: transport=NIO, worker-threads=4, nio-threads=1]" classname="io.hekate.messaging.internal.MessagingChannelBroadcastTest" time="0.559"/>
  <testcase name="testFuture[2: transport=NIO, worker-threads=4, nio-threads=1]" classname="io.hekate.messaging.internal.MessagingChannelBroadcastTest" time="0.256"/>
  <testcase name="testPartialFailureFuture[2: transport=NIO, worker-threads=4, nio-threads=1]" classname="io.hekate.messaging.internal.MessagingChannelBroadcastTest" time="0.132"/>
  <testcase name="testEmptyTopologyFuture[3: transport=NIO, worker-threads=5, nio-threads=0]" classname="io.hekate.messaging.internal.MessagingChannelBroadcastTest" time="0.128"/>
  <testcase name="testPartialFailureCallback[3: transport=NIO, worker-threads=5, nio-threads=0]" classname="io.hekate.messaging.internal.MessagingChannelBroadcastTest" time="0.13"/>
  <testcase name="testTopologyChange[3: transport=NIO, worker-threads=5, nio-threads=0]" classname="io.hekate.messaging.internal.MessagingChannelBroadcastTest" time="0.232"/>
  <testcase name="testCallback[3: transport=NIO, worker-threads=5, nio-threads=0]" classname="io.hekate.messaging.internal.MessagingChannelBroadcastTest" time="0.17"/>
  <testcase name="testEmptyTopologyCallback[3: transport=NIO, worker-threads=5, nio-threads=0]" classname="io.hekate.messaging.internal.MessagingChannelBroadcastTest" time="0.128"/>
  <testcase name="testAffinity[3: transport=NIO, worker-threads=5, nio-threads=0]" classname="io.hekate.messaging.internal.MessagingChannelBroadcastTest" time="0.464"/>
  <testcase name="testFuture[3: transport=NIO, worker-threads=5, nio-threads=0]" classname="io.hekate.messaging.internal.MessagingChannelBroadcastTest" time="0.193"/>
  <testcase name="testPartialFailureFuture[3: transport=NIO, worker-threads=5, nio-threads=0]" classname="io.hekate.messaging.internal.MessagingChannelBroadcastTest" time="0.134"/>
  <testcase name="testEmptyTopologyFuture[4: transport=NIO, ssl=JDK, worker-threads=0, nio-threads=1]" classname="io.hekate.messaging.internal.MessagingChannelBroadcastTest" time="0.322"/>
  <testcase name="testPartialFailureCallback[4: transport=NIO, ssl=JDK, worker-threads=0, nio-threads=1]" classname="io.hekate.messaging.internal.MessagingChannelBroadcastTest" time="0.609"/>
  <testcase name="testTopologyChange[4: transport=NIO, ssl=JDK, worker-threads=0, nio-threads=1]" classname="io.hekate.messaging.internal.MessagingChannelBroadcastTest" time="0.608"/>
  <testcase name="testCallback[4: transport=NIO, ssl=JDK, worker-threads=0, nio-threads=1]" classname="io.hekate.messaging.internal.MessagingChannelBroadcastTest" time="0.719"/>
  <testcase name="testEmptyTopologyCallback[4: transport=NIO, ssl=JDK, worker-threads=0, nio-threads=1]" classname="io.hekate.messaging.internal.MessagingChannelBroadcastTest" time="0.324"/>
  <testcase name="testAffinity[4: transport=NIO, ssl=JDK, worker-threads=0, nio-threads=1]" classname="io.hekate.messaging.internal.MessagingChannelBroadcastTest" time="1.076"/>
  <testcase name="testFuture[4: transport=NIO, ssl=JDK, worker-threads=0, nio-threads=1]" classname="io.hekate.messaging.internal.MessagingChannelBroadcastTest" time="0.45"/>
  <testcase name="testPartialFailureFuture[4: transport=NIO, ssl=JDK, worker-threads=0, nio-threads=1]" classname="io.hekate.messaging.internal.MessagingChannelBroadcastTest" time="0.4"/>
  <testcase name="testEmptyTopologyFuture[5: transport=NIO, ssl=JDK, worker-threads=1, nio-threads=1]" classname="io.hekate.messaging.internal.MessagingChannelBroadcastTest" time="0.419"/>
  <testcase name="testPartialFailureCallback[5: transport=NIO, ssl=JDK, worker-threads=1, nio-threads=1]" classname="io.hekate.messaging.internal.MessagingChannelBroadcastTest" time="0.474"/>
  <testcase name="testTopologyChange[5: transport=NIO, ssl=JDK, worker-threads=1, nio-threads=1]" classname="io.hekate.messaging.internal.MessagingChannelBroadcastTest" time="0.483"/>
  <testcase name="testCallback[5: transport=NIO, ssl=JDK, worker-threads=1, nio-threads=1]" classname="io.hekate.messaging.internal.MessagingChannelBroadcastTest" time="0.587"/>
  <testcase name="testEmptyTopologyCallback[5: transport=NIO, ssl=JDK, worker-threads=1, nio-threads=1]" classname="io.hekate.messaging.internal.MessagingChannelBroadcastTest" time="0.334"/>
  <testcase name="testAffinity[5: transport=NIO, ssl=JDK, worker-threads=1, nio-threads=1]" classname="io.hekate.messaging.internal.MessagingChannelBroadcastTest" time="0.993"/>
  <testcase name="testFuture[5: transport=NIO, ssl=JDK, worker-threads=1, nio-threads=1]" classname="io.hekate.messaging.internal.MessagingChannelBroadcastTest" time="0.299"/>
  <testcase name="testPartialFailureFuture[5: transport=NIO, ssl=JDK, worker-threads=1, nio-threads=1]" classname="io.hekate.messaging.internal.MessagingChannelBroadcastTest" time="0.506"/>
  <testcase name="testEmptyTopologyFuture[6: transport=NIO, ssl=JDK, worker-threads=4, nio-threads=1]" classname="io.hekate.messaging.internal.MessagingChannelBroadcastTest" time="0.347"/>
  <testcase name="testPartialFailureCallback[6: transport=NIO, ssl=JDK, worker-threads=4, nio-threads=1]" classname="io.hekate.messaging.internal.MessagingChannelBroadcastTest" time="0.488"/>
  <testcase name="testTopologyChange[6: transport=NIO, ssl=JDK, worker-threads=4, nio-threads=1]" classname="io.hekate.messaging.internal.MessagingChannelBroadcastTest" time="0.454"/>
  <testcase name="testCallback[6: transport=NIO, ssl=JDK, worker-threads=4, nio-threads=1]" classname="io.hekate.messaging.internal.MessagingChannelBroadcastTest" time="0.486"/>
  <testcase name="testEmptyTopologyCallback[6: transport=NIO, ssl=JDK, worker-threads=4, nio-threads=1]" classname="io.hekate.messaging.internal.MessagingChannelBroadcastTest" time="0.319"/>
  <testcase name="testAffinity[6: transport=NIO, ssl=JDK, worker-threads=4, nio-threads=1]" classname="io.hekate.messaging.internal.MessagingChannelBroadcastTest" time="1.327"/>
  <testcase name="testFuture[6: transport=NIO, ssl=JDK, worker-threads=4, nio-threads=1]" classname="io.hekate.messaging.internal.MessagingChannelBroadcastTest" time="0.55"/>
  <testcase name="testPartialFailureFuture[6: transport=NIO, ssl=JDK, worker-threads=4, nio-threads=1]" classname="io.hekate.messaging.internal.MessagingChannelBroadcastTest" time="0.459"/>
  <testcase name="testEmptyTopologyFuture[7: transport=NIO, ssl=JDK, worker-threads=5, nio-threads=0]" classname="io.hekate.messaging.internal.MessagingChannelBroadcastTest" time="0.32"/>
  <testcase name="testPartialFailureCallback[7: transport=NIO, ssl=JDK, worker-threads=5, nio-threads=0]" classname="io.hekate.messaging.internal.MessagingChannelBroadcastTest" time="0.369"/>
  <testcase name="testTopologyChange[7: transport=NIO, ssl=JDK, worker-threads=5, nio-threads=0]" classname="io.hekate.messaging.internal.MessagingChannelBroadcastTest" time="0.637"/>
  <testcase name="testCallback[7: transport=NIO, ssl=JDK, worker-threads=5, nio-threads=0]" classname="io.hekate.messaging.internal.MessagingChannelBroadcastTest" time="0.576"/>
  <testcase name="testEmptyTopologyCallback[7: transport=NIO, ssl=JDK, worker-threads=5, nio-threads=0]" classname="io.hekate.messaging.internal.MessagingChannelBroadcastTest" time="0.473"/>
  <testcase name="testAffinity[7: transport=NIO, ssl=JDK, worker-threads=5, nio-threads=0]" classname="io.hekate.messaging.internal.MessagingChannelBroadcastTest" time="1.392"/>
  <testcase name="testFuture[7: transport=NIO, ssl=JDK, worker-threads=5, nio-threads=0]" classname="io.hekate.messaging.internal.MessagingChannelBroadcastTest" time="0.525"/>
  <testcase name="testPartialFailureFuture[7: transport=NIO, ssl=JDK, worker-threads=5, nio-threads=0]" classname="io.hekate.messaging.internal.MessagingChannelBroadcastTest" time="0.647"/>
  <testcase name="testEmptyTopologyFuture[8: transport=NIO, ssl=OPEN_SSL, worker-threads=0, nio-threads=1]" classname="io.hekate.messaging.internal.MessagingChannelBroadcastTest" time="0.169"/>
  <testcase name="testPartialFailureCallback[8: transport=NIO, ssl=OPEN_SSL, worker-threads=0, nio-threads=1]" classname="io.hekate.messaging.internal.MessagingChannelBroadcastTest" time="0.159"/>
  <testcase name="testTopologyChange[8: transport=NIO, ssl=OPEN_SSL, worker-threads=0, nio-threads=1]" classname="io.hekate.messaging.internal.MessagingChannelBroadcastTest" time="0.228"/>
  <testcase name="testCallback[8: transport=NIO, ssl=OPEN_SSL, worker-threads=0, nio-threads=1]" classname="io.hekate.messaging.internal.MessagingChannelBroadcastTest" time="0.274"/>
  <testcase name="testEmptyTopologyCallback[8: transport=NIO, ssl=OPEN_SSL, worker-threads=0, nio-threads=1]" classname="io.hekate.messaging.internal.MessagingChannelBroadcastTest" time="0.172"/>
  <testcase name="testAffinity[8: transport=NIO, ssl=OPEN_SSL, worker-threads=0, nio-threads=1]" classname="io.hekate.messaging.internal.MessagingChannelBroadcastTest" time="0.722"/>
  <testcase name="testFuture[8: transport=NIO, ssl=OPEN_SSL, worker-threads=0, nio-threads=1]" classname="io.hekate.messaging.internal.MessagingChannelBroadcastTest" time="0.28"/>
  <testcase name="testPartialFailureFuture[8: transport=NIO, ssl=OPEN_SSL, worker-threads=0, nio-threads=1]" classname="io.hekate.messaging.internal.MessagingChannelBroadcastTest" time="0.289"/>
  <testcase name="testEmptyTopologyFuture[9: transport=NIO, ssl=OPEN_SSL, worker-threads=1, nio-threads=1]" classname="io.hekate.messaging.internal.MessagingChannelBroadcastTest" time="0.162"/>
  <testcase name="testPartialFailureCallback[9: transport=NIO, ssl=OPEN_SSL, worker-threads=1, nio-threads=1]" classname="io.hekate.messaging.internal.MessagingChannelBroadcastTest" time="0.172"/>
  <testcase name="testTopologyChange[9: transport=NIO, ssl=OPEN_SSL, worker-threads=1, nio-threads=1]" classname="io.hekate.messaging.internal.MessagingChannelBroadcastTest" time="0.354"/>
  <testcase name="testCallback[9: transport=NIO, ssl=OPEN_SSL, worker-threads=1, nio-threads=1]" classname="io.hekate.messaging.internal.MessagingChannelBroadcastTest" time="0.308"/>
  <testcase name="testEmptyTopologyCallback[9: transport=NIO, ssl=OPEN_SSL, worker-threads=1, nio-threads=1]" classname="io.hekate.messaging.internal.MessagingChannelBroadcastTest" time="0.233"/>
  <testcase name="testAffinity[9: transport=NIO, ssl=OPEN_SSL, worker-threads=1, nio-threads=1]" classname="io.hekate.messaging.internal.MessagingChannelBroadcastTest" time="0.89"/>
  <testcase name="testFuture[9: transport=NIO, ssl=OPEN_SSL, worker-threads=1, nio-threads=1]" classname="io.hekate.messaging.internal.MessagingChannelBroadcastTest" time="0.263"/>
  <testcase name="testPartialFailureFuture[9: transport=NIO, ssl=OPEN_SSL, worker-threads=1, nio-threads=1]" classname="io.hekate.messaging.internal.MessagingChannelBroadcastTest" time="0.179"/>
  <testcase name="testEmptyTopologyFuture[10: transport=NIO, ssl=OPEN_SSL, worker-threads=4, nio-threads=1]" classname="io.hekate.messaging.internal.MessagingChannelBroadcastTest" time="0.169"/>
  <testcase name="testPartialFailureCallback[10: transport=NIO, ssl=OPEN_SSL, worker-threads=4, nio-threads=1]" classname="io.hekate.messaging.internal.MessagingChannelBroadcastTest" time="0.172"/>
  <testcase name="testTopologyChange[10: transport=NIO, ssl=OPEN_SSL, worker-threads=4, nio-threads=1]" classname="io.hekate.messaging.internal.MessagingChannelBroadcastTest" time="0.429"/>
  <testcase name="testCallback[10: transport=NIO, ssl=OPEN_SSL, worker-threads=4, nio-threads=1]" classname="io.hekate.messaging.internal.MessagingChannelBroadcastTest" time="0.27"/>
  <testcase name="testEmptyTopologyCallback[10: transport=NIO, ssl=OPEN_SSL, worker-threads=4, nio-threads=1]" classname="io.hekate.messaging.internal.MessagingChannelBroadcastTest" time="0.203"/>
  <testcase name="testAffinity[10: transport=NIO, ssl=OPEN_SSL, worker-threads=4, nio-threads=1]" classname="io.hekate.messaging.internal.MessagingChannelBroadcastTest" time="0.782"/>
  <testcase name="testFuture[10: transport=NIO, ssl=OPEN_SSL, worker-threads=4, nio-threads=1]" classname="io.hekate.messaging.internal.MessagingChannelBroadcastTest" time="0.3"/>
  <testcase name="testPartialFailureFuture[10: transport=NIO, ssl=OPEN_SSL, worker-threads=4, nio-threads=1]" classname="io.hekate.messaging.internal.MessagingChannelBroadcastTest" time="0.18"/>
  <testcase name="testEmptyTopologyFuture[11: transport=NIO, ssl=OPEN_SSL, worker-threads=5, nio-threads=0]" classname="io.hekate.messaging.internal.MessagingChannelBroadcastTest" time="0.249"/>
  <testcase name="testPartialFailureCallback[11: transport=NIO, ssl=OPEN_SSL, worker-threads=5, nio-threads=0]" classname="io.hekate.messaging.internal.MessagingChannelBroadcastTest" time="0.176"/>
  <testcase name="testTopologyChange[11: transport=NIO, ssl=OPEN_SSL, worker-threads=5, nio-threads=0]" classname="io.hekate.messaging.internal.MessagingChannelBroadcastTest" time="0.33"/>
  <testcase name="testCallback[11: transport=NIO, ssl=OPEN_SSL, worker-threads=5, nio-threads=0]" classname="io.hekate.messaging.internal.MessagingChannelBroadcastTest" time="0.268"/>
  <testcase name="testEmptyTopologyCallback[11: transport=NIO, ssl=OPEN_SSL, worker-threads=5, nio-threads=0]" classname="io.hekate.messaging.internal.MessagingChannelBroadcastTest" time="0.247"/>
  <testcase name="testAffinity[11: transport=NIO, ssl=OPEN_SSL, worker-threads=5, nio-threads=0]" classname="io.hekate.messaging.internal.MessagingChannelBroadcastTest" time="0.812"/>
  <testcase name="testFuture[11: transport=NIO, ssl=OPEN_SSL, worker-threads=5, nio-threads=0]" classname="io.hekate.messaging.internal.MessagingChannelBroadcastTest" time="0.275"/>
  <testcase name="testPartialFailureFuture[11: transport=NIO, ssl=OPEN_SSL, worker-threads=5, nio-threads=0]" classname="io.hekate.messaging.internal.MessagingChannelBroadcastTest" time="0.25"/>
  <testcase name="testEmptyTopologyFuture[12: transport=EPOLL, worker-threads=0, nio-threads=1]" classname="io.hekate.messaging.internal.MessagingChannelBroadcastTest" time="0.13"/>
  <testcase name="testPartialFailureCallback[12: transport=EPOLL, worker-threads=0, nio-threads=1]" classname="io.hekate.messaging.internal.MessagingChannelBroadcastTest" time="0.088"/>
  <testcase name="testTopologyChange[12: transport=EPOLL, worker-threads=0, nio-threads=1]" classname="io.hekate.messaging.internal.MessagingChannelBroadcastTest" time="0.203"/>
  <testcase name="testCallback[12: transport=EPOLL, worker-threads=0, nio-threads=1]" classname="io.hekate.messaging.internal.MessagingChannelBroadcastTest" time="0.193"/>
  <testcase name="testEmptyTopologyCallback[12: transport=EPOLL, worker-threads=0, nio-threads=1]" classname="io.hekate.messaging.internal.MessagingChannelBroadcastTest" time="0.127"/>
  <testcase name="testAffinity[12: transport=EPOLL, worker-threads=0, nio-threads=1]" classname="io.hekate.messaging.internal.MessagingChannelBroadcastTest" time="0.407"/>
  <testcase name="testFuture[12: transport=EPOLL, worker-threads=0, nio-threads=1]" classname="io.hekate.messaging.internal.MessagingChannelBroadcastTest" time="0.155"/>
  <testcase name="testPartialFailureFuture[12: transport=EPOLL, worker-threads=0, nio-threads=1]" classname="io.hekate.messaging.internal.MessagingChannelBroadcastTest" time="0.092"/>
  <testcase name="testEmptyTopologyFuture[13: transport=EPOLL, worker-threads=1, nio-threads=1]" classname="io.hekate.messaging.internal.MessagingChannelBroadcastTest" time="0.088"/>
  <testcase name="testPartialFailureCallback[13: transport=EPOLL, worker-threads=1, nio-threads=1]" classname="io.hekate.messaging.internal.MessagingChannelBroadcastTest" time="0.144"/>
  <testcase name="testTopologyChange[13: transport=EPOLL, worker-threads=1, nio-threads=1]" classname="io.hekate.messaging.internal.MessagingChannelBroadcastTest" time="0.212"/>
  <testcase name="testCallback[13: transport=EPOLL, worker-threads=1, nio-threads=1]" classname="io.hekate.messaging.internal.MessagingChannelBroadcastTest" time="0.156"/>
  <testcase name="testEmptyTopologyCallback[13: transport=EPOLL, worker-threads=1, nio-threads=1]" classname="io.hekate.messaging.internal.MessagingChannelBroadcastTest" time="1.093"/>
  <testcase name="testAffinity[13: transport=EPOLL, worker-threads=1, nio-threads=1]" classname="io.hekate.messaging.internal.MessagingChannelBroadcastTest" time="0.568"/>
  <testcase name="testFuture[13: transport=EPOLL, worker-threads=1, nio-threads=1]" classname="io.hekate.messaging.internal.MessagingChannelBroadcastTest" time="0.156"/>
  <testcase name="testPartialFailureFuture[13: transport=EPOLL, worker-threads=1, nio-threads=1]" classname="io.hekate.messaging.internal.MessagingChannelBroadcastTest" time="0.088"/>
  <testcase name="testEmptyTopologyFuture[14: transport=EPOLL, worker-threads=4, nio-threads=1]" classname="io.hekate.messaging.internal.MessagingChannelBroadcastTest" time="0.138"/>
  <testcase name="testPartialFailureCallback[14: transport=EPOLL, worker-threads=4, nio-threads=1]" classname="io.hekate.messaging.internal.MessagingChannelBroadcastTest" time="0.128"/>
  <testcase name="testTopologyChange[14: transport=EPOLL, worker-threads=4, nio-threads=1]" classname="io.hekate.messaging.internal.MessagingChannelBroadcastTest" time="0.147"/>
  <testcase name="testCallback[14: transport=EPOLL, worker-threads=4, nio-threads=1]" classname="io.hekate.messaging.internal.MessagingChannelBroadcastTest" time="0.198"/>
  <testcase name="testEmptyTopologyCallback[14: transport=EPOLL, worker-threads=4, nio-threads=1]" classname="io.hekate.messaging.internal.MessagingChannelBroadcastTest" time="0.131"/>
  <testcase name="testAffinity[14: transport=EPOLL, worker-threads=4, nio-threads=1]" classname="io.hekate.messaging.internal.MessagingChannelBroadcastTest" time="0.426"/>
  <testcase name="testFuture[14: transport=EPOLL, worker-threads=4, nio-threads=1]" classname="io.hekate.messaging.internal.MessagingChannelBroadcastTest" time="0.257"/>
  <testcase name="testPartialFailureFuture[14: transport=EPOLL, worker-threads=4, nio-threads=1]" classname="io.hekate.messaging.internal.MessagingChannelBroadcastTest" time="0.129"/>
  <testcase name="testEmptyTopologyFuture[15: transport=EPOLL, worker-threads=5, nio-threads=0]" classname="io.hekate.messaging.internal.MessagingChannelBroadcastTest" time="0.13"/>
  <testcase name="testPartialFailureCallback[15: transport=EPOLL, worker-threads=5, nio-threads=0]" classname="io.hekate.messaging.internal.MessagingChannelBroadcastTest" time="0.138"/>
  <testcase name="testTopologyChange[15: transport=EPOLL, worker-threads=5, nio-threads=0]" classname="io.hekate.messaging.internal.MessagingChannelBroadcastTest" time="0.218"/>
  <testcase name="testCallback[15: transport=EPOLL, worker-threads=5, nio-threads=0]" classname="io.hekate.messaging.internal.MessagingChannelBroadcastTest" time="0.238"/>
  <testcase name="testEmptyTopologyCallback[15: transport=EPOLL, worker-threads=5, nio-threads=0]" classname="io.hekate.messaging.internal.MessagingChannelBroadcastTest" time="0.16"/>
  <testcase name="testAffinity[15: transport=EPOLL, worker-threads=5, nio-threads=0]" classname="io.hekate.messaging.internal.MessagingChannelBroadcastTest" time="0.419"/>
  <testcase name="testFuture[15: transport=EPOLL, worker-threads=5, nio-threads=0]" classname="io.hekate.messaging.internal.MessagingChannelBroadcastTest" time="0.283"/>
  <testcase name="testPartialFailureFuture[15: transport=EPOLL, worker-threads=5, nio-threads=0]" classname="io.hekate.messaging.internal.MessagingChannelBroadcastTest" time="0.086"/>
  <testcase name="testEmptyTopologyFuture[16: transport=EPOLL, ssl=JDK, worker-threads=0, nio-threads=1]" classname="io.hekate.messaging.internal.MessagingChannelBroadcastTest" time="0.464"/>
  <testcase name="testPartialFailureCallback[16: transport=EPOLL, ssl=JDK, worker-threads=0, nio-threads=1]" classname="io.hekate.messaging.internal.MessagingChannelBroadcastTest" time="0.344"/>
  <testcase name="testTopologyChange[16: transport=EPOLL, ssl=JDK, worker-threads=0, nio-threads=1]" classname="io.hekate.messaging.internal.MessagingChannelBroadcastTest" time="0.677"/>
  <testcase name="testCallback[16: transport=EPOLL, ssl=JDK, worker-threads=0, nio-threads=1]" classname="io.hekate.messaging.internal.MessagingChannelBroadcastTest" time="0.48"/>
  <testcase name="testEmptyTopologyCallback[16: transport=EPOLL, ssl=JDK, worker-threads=0, nio-threads=1]" classname="io.hekate.messaging.internal.MessagingChannelBroadcastTest" time="0.312"/>
  <testcase name="testAffinity[16: transport=EPOLL, ssl=JDK, worker-threads=0, nio-threads=1]" classname="io.hekate.messaging.internal.MessagingChannelBroadcastTest" time="1.118"/>
  <testcase name="testFuture[16: transport=EPOLL, ssl=JDK, worker-threads=0, nio-threads=1]" classname="io.hekate.messaging.internal.MessagingChannelBroadcastTest" time="0.498"/>
  <testcase name="testPartialFailureFuture[16: transport=EPOLL, ssl=JDK, worker-threads=0, nio-threads=1]" classname="io.hekate.messaging.internal.MessagingChannelBroadcastTest" time="0.484"/>
  <testcase name="testEmptyTopologyFuture[17: transport=EPOLL, ssl=JDK, worker-threads=1, nio-threads=1]" classname="io.hekate.messaging.internal.MessagingChannelBroadcastTest" time="0.562"/>
  <testcase name="testPartialFailureCallback[17: transport=EPOLL, ssl=JDK, worker-threads=1, nio-threads=1]" classname="io.hekate.messaging.internal.MessagingChannelBroadcastTest" time="0.332"/>
  <testcase name="testTopologyChange[17: transport=EPOLL, ssl=JDK, worker-threads=1, nio-threads=1]" classname="io.hekate.messaging.internal.MessagingChannelBroadcastTest" time="0.487"/>
  <testcase name="testCallback[17: transport=EPOLL, ssl=JDK, worker-threads=1, nio-threads=1]" classname="io.hekate.messaging.internal.MessagingChannelBroadcastTest" time="0.485"/>
  <testcase name="testEmptyTopologyCallback[17: transport=EPOLL, ssl=JDK, worker-threads=1, nio-threads=1]" classname="io.hekate.messaging.internal.MessagingChannelBroadcastTest" time="0.335"/>
  <testcase name="testAffinity[17: transport=EPOLL, ssl=JDK, worker-threads=1, nio-threads=1]" classname="io.hekate.messaging.internal.MessagingChannelBroadcastTest" time="1.226"/>
  <testcase name="testFuture[17: transport=EPOLL, ssl=JDK, worker-threads=1, nio-threads=1]" classname="io.hekate.messaging.internal.MessagingChannelBroadcastTest" time="0.522"/>
  <testcase name="testPartialFailureFuture[17: transport=EPOLL, ssl=JDK, worker-threads=1, nio-threads=1]" classname="io.hekate.messaging.internal.MessagingChannelBroadcastTest" time="0.456"/>
  <testcase name="testEmptyTopologyFuture[18: transport=EPOLL, ssl=JDK, worker-threads=4, nio-threads=1]" classname="io.hekate.messaging.internal.MessagingChannelBroadcastTest" time="0.546"/>
  <testcase name="testPartialFailureCallback[18: transport=EPOLL, ssl=JDK, worker-threads=4, nio-threads=1]" classname="io.hekate.messaging.internal.MessagingChannelBroadcastTest" time="0.355"/>
  <testcase name="testTopologyChange[18: transport=EPOLL, ssl=JDK, worker-threads=4, nio-threads=1]" classname="io.hekate.messaging.internal.MessagingChannelBroadcastTest" time="0.489"/>
  <testcase name="testCallback[18: transport=EPOLL, ssl=JDK, worker-threads=4, nio-threads=1]" classname="io.hekate.messaging.internal.MessagingChannelBroadcastTest" time="0.5"/>
  <testcase name="testEmptyTopologyCallback[18: transport=EPOLL, ssl=JDK, worker-threads=4, nio-threads=1]" classname="io.hekate.messaging.internal.MessagingChannelBroadcastTest" time="0.487"/>
  <testcase name="testAffinity[18: transport=EPOLL, ssl=JDK, worker-threads=4, nio-threads=1]" classname="io.hekate.messaging.internal.MessagingChannelBroadcastTest" time="2.235"/>
  <testcase name="testFuture[18: transport=EPOLL, ssl=JDK, worker-threads=4, nio-threads=1]" classname="io.hekate.messaging.internal.MessagingChannelBroadcastTest" time="0.483"/>
  <testcase name="testPartialFailureFuture[18: transport=EPOLL, ssl=JDK, worker-threads=4, nio-threads=1]" classname="io.hekate.messaging.internal.MessagingChannelBroadcastTest" time="0.711"/>
  <testcase name="testEmptyTopologyFuture[19: transport=EPOLL, ssl=JDK, worker-threads=5, nio-threads=0]" classname="io.hekate.messaging.internal.MessagingChannelBroadcastTest" time="0.549"/>
  <testcase name="testPartialFailureCallback[19: transport=EPOLL, ssl=JDK, worker-threads=5, nio-threads=0]" classname="io.hekate.messaging.internal.MessagingChannelBroadcastTest" time="0.344"/>
  <testcase name="testTopologyChange[19: transport=EPOLL, ssl=JDK, worker-threads=5, nio-threads=0]" classname="io.hekate.messaging.internal.MessagingChannelBroadcastTest" time="0.449"/>
  <testcase name="testCallback[19: transport=EPOLL, ssl=JDK, worker-threads=5, nio-threads=0]" classname="io.hekate.messaging.internal.MessagingChannelBroadcastTest" time="0.515"/>
  <testcase name="testEmptyTopologyCallback[19: transport=EPOLL, ssl=JDK, worker-threads=5, nio-threads=0]" classname="io.hekate.messaging.internal.MessagingChannelBroadcastTest" time="0.312"/>
  <testcase name="testAffinity[19: transport=EPOLL, ssl=JDK, worker-threads=5, nio-threads=0]" classname="io.hekate.messaging.internal.MessagingChannelBroadcastTest" time="1.236"/>
  <testcase name="testFuture[19: transport=EPOLL, ssl=JDK, worker-threads=5, nio-threads=0]" classname="io.hekate.messaging.internal.MessagingChannelBroadcastTest" time="0.524"/>
  <testcase name="testPartialFailureFuture[19: transport=EPOLL, ssl=JDK, worker-threads=5, nio-threads=0]" classname="io.hekate.messaging.internal.MessagingChannelBroadcastTest" time="0.344"/>
  <testcase name="testEmptyTopologyFuture[20: transport=EPOLL, ssl=OPEN_SSL, worker-threads=0, nio-threads=1]" classname="io.hekate.messaging.internal.MessagingChannelBroadcastTest" time="0.347"/>
  <testcase name="testPartialFailureCallback[20: transport=EPOLL, ssl=OPEN_SSL, worker-threads=0, nio-threads=1]" classname="io.hekate.messaging.internal.MessagingChannelBroadcastTest" time="0.17"/>
  <testcase name="testTopologyChange[20: transport=EPOLL, ssl=OPEN_SSL, worker-threads=0, nio-threads=1]" classname="io.hekate.messaging.internal.MessagingChannelBroadcastTest" time="0.231"/>
  <testcase name="testCallback[20: transport=EPOLL, ssl=OPEN_SSL, worker-threads=0, nio-threads=1]" classname="io.hekate.messaging.internal.MessagingChannelBroadcastTest" time="0.262"/>
  <testcase name="testEmptyTopologyCallback[20: transport=EPOLL, ssl=OPEN_SSL, worker-threads=0, nio-threads=1]" classname="io.hekate.messaging.internal.MessagingChannelBroadcastTest" time="0.282"/>
  <testcase name="testAffinity[20: transport=EPOLL, ssl=OPEN_SSL, worker-threads=0, nio-threads=1]" classname="io.hekate.messaging.internal.MessagingChannelBroadcastTest" time="0.83"/>
  <testcase name="testFuture[20: transport=EPOLL, ssl=OPEN_SSL, worker-threads=0, nio-threads=1]" classname="io.hekate.messaging.internal.MessagingChannelBroadcastTest" time="0.281"/>
  <testcase name="testPartialFailureFuture[20: transport=EPOLL, ssl=OPEN_SSL, worker-threads=0, nio-threads=1]" classname="io.hekate.messaging.internal.MessagingChannelBroadcastTest" time="0.167"/>
  <testcase name="testEmptyTopologyFuture[21: transport=EPOLL, ssl=OPEN_SSL, worker-threads=1, nio-threads=1]" classname="io.hekate.messaging.internal.MessagingChannelBroadcastTest" time="0.165"/>
  <testcase name="testPartialFailureCallback[21: transport=EPOLL, ssl=OPEN_SSL, worker-threads=1, nio-threads=1]" classname="io.hekate.messaging.internal.MessagingChannelBroadcastTest" time="0.207"/>
  <testcase name="testTopologyChange[21: transport=EPOLL, ssl=OPEN_SSL, worker-threads=1, nio-threads=1]" classname="io.hekate.messaging.internal.MessagingChannelBroadcastTest" time="0.33"/>
  <testcase name="testCallback[21: transport=EPOLL, ssl=OPEN_SSL, worker-threads=1, nio-threads=1]" classname="io.hekate.messaging.internal.MessagingChannelBroadcastTest" time="0.295"/>
  <testcase name="testEmptyTopologyCallback[21: transport=EPOLL, ssl=OPEN_SSL, worker-threads=1, nio-threads=1]" classname="io.hekate.messaging.internal.MessagingChannelBroadcastTest" time="0.167"/>
  <testcase name="testAffinity[21: transport=EPOLL, ssl=OPEN_SSL, worker-threads=1, nio-threads=1]" classname="io.hekate.messaging.internal.MessagingChannelBroadcastTest" time="1.771"/>
  <testcase name="testFuture[21: transport=EPOLL, ssl=OPEN_SSL, worker-threads=1, nio-threads=1]" classname="io.hekate.messaging.internal.MessagingChannelBroadcastTest" time="0.263"/>
  <testcase name="testPartialFailureFuture[21: transport=EPOLL, ssl=OPEN_SSL, worker-threads=1, nio-threads=1]" classname="io.hekate.messaging.internal.MessagingChannelBroadcastTest" time="0.171"/>
  <testcase name="testEmptyTopologyFuture[22: transport=EPOLL, ssl=OPEN_SSL, worker-threads=4, nio-threads=1]" classname="io.hekate.messaging.internal.MessagingChannelBroadcastTest" time="0.158"/>
  <testcase name="testPartialFailureCallback[22: transport=EPOLL, ssl=OPEN_SSL, worker-threads=4, nio-threads=1]" classname="io.hekate.messaging.internal.MessagingChannelBroadcastTest" time="0.251"/>
  <testcase name="testTopologyChange[22: transport=EPOLL, ssl=OPEN_SSL, worker-threads=4, nio-threads=1]" classname="io.hekate.messaging.internal.MessagingChannelBroadcastTest" time="0.245"/>
  <testcase name="testCallback[22: transport=EPOLL, ssl=OPEN_SSL, worker-threads=4, nio-threads=1]" classname="io.hekate.messaging.internal.MessagingChannelBroadcastTest" time="0.28"/>
  <testcase name="testEmptyTopologyCallback[22: transport=EPOLL, ssl=OPEN_SSL, worker-threads=4, nio-threads=1]" classname="io.hekate.messaging.internal.MessagingChannelBroadcastTest" time="0.158"/>
  <testcase name="testAffinity[22: transport=EPOLL, ssl=OPEN_SSL, worker-threads=4, nio-threads=1]" classname="io.hekate.messaging.internal.MessagingChannelBroadcastTest" time="0.872"/>
  <testcase name="testFuture[22: transport=EPOLL, ssl=OPEN_SSL, worker-threads=4, nio-threads=1]" classname="io.hekate.messaging.internal.MessagingChannelBroadcastTest" time="0.291"/>
  <testcase name="testPartialFailureFuture[22: transport=EPOLL, ssl=OPEN_SSL, worker-threads=4, nio-threads=1]" classname="io.hekate.messaging.internal.MessagingChannelBroadcastTest" time="0.172"/>
  <testcase name="testEmptyTopologyFuture[23: transport=EPOLL, ssl=OPEN_SSL, worker-threads=5, nio-threads=0]" classname="io.hekate.messaging.internal.MessagingChannelBroadcastTest" time="0.392"/>
  <testcase name="testPartialFailureCallback[23: transport=EPOLL, ssl=OPEN_SSL, worker-threads=5, nio-threads=0]" classname="io.hekate.messaging.internal.MessagingChannelBroadcastTest" time="0.252"/>
  <testcase name="testTopologyChange[23: transport=EPOLL, ssl=OPEN_SSL, worker-threads=5, nio-threads=0]" classname="io.hekate.messaging.internal.MessagingChannelBroadcastTest" time="0.252"/>
  <testcase name="testCallback[23: transport=EPOLL, ssl=OPEN_SSL, worker-threads=5, nio-threads=0]" classname="io.hekate.messaging.internal.MessagingChannelBroadcastTest" time="0.325"/>
  <testcase name="testEmptyTopologyCallback[23: transport=EPOLL, ssl=OPEN_SSL, worker-threads=5, nio-threads=0]" classname="io.hekate.messaging.internal.MessagingChannelBroadcastTest" time="0.246"/>
  <testcase name="testAffinity[23: transport=EPOLL, ssl=OPEN_SSL, worker-threads=5, nio-threads=0]" classname="io.hekate.messaging.internal.MessagingChannelBroadcastTest" time="0.833"/>
  <testcase name="testFuture[23: transport=EPOLL, ssl=OPEN_SSL, worker-threads=5, nio-threads=0]" classname="io.hekate.messaging.internal.MessagingChannelBroadcastTest" time="0.31"/>
  <testcase name="testPartialFailureFuture[23: transport=EPOLL, ssl=OPEN_SSL, worker-threads=5, nio-threads=0]" classname="io.hekate.messaging.internal.MessagingChannelBroadcastTest" time="0.175"/>
</testsuite>