<?xml version="1.0" encoding="UTF-8"?>
<testsuite xmlns:xsi="http://www.w3.org/2001/XMLSchema-instance" xsi:schemaLocation="https://maven.apache.org/surefire/maven-surefire-plugin/xsd/surefire-test-report.xsd" name="io.hekate.messaging.internal.MessagingChannelBroadcastTest" time="49.801" tests="192" errors="0" skipped="0" failures="0">
  <properties>
    <property name="java.runtime.name" value="OpenJDK Runtime Environment"/>
    <property name="sun.boot.library.path" value="/usr/lib/jvm/java-8-openjdk-amd64/jre/lib/amd64"/>
    <property name="java.vm.version" value="25.121-b13"/>
    <property name="java.vm.vendor" value="Oracle Corporation"/>
    <property name="maven.multiModuleProjectDirectory" value="/root/workspace/hekate-io/hekate/390714348"/>
    <property name="java.vendor.url" value="http://java.oracle.com/"/>
    <property name="path.separator" value=":"/>
    <property name="guice.disable.misplaced.annotation.check" value="true"/>
    <property name="skip.gulp" value="true"/>
    <property name="java.vm.name" value="OpenJDK 64-Bit Server VM"/>
    <property name="file.encoding.pkg" value="sun.io"/>
    <property name="sun.java.launcher" value="SUN_STANDARD"/>
    <property name="sun.os.patch.level" value="unknown"/>
    <property name="findbugs.skip" value="true"/>
    <property name="java.vm.specification.name" value="Java Virtual Machine Specification"/>
    <property name="user.dir" value="/root/workspace/hekate-io/hekate/390714348"/>
    <property name="checkstyle.skip" value="true"/>
    <property name="java.runtime.version" value="1.8.0_121-8u121-b13-1~bpo8+1-b13"/>
    <property name="java.awt.graphicsenv" value="sun.awt.X11GraphicsEnvironment"/>
    <property name="skip.npm" value="true"/>
    <property name="java.endorsed.dirs" value="/usr/lib/jvm/java-8-openjdk-amd64/jre/lib/endorsed"/>
    <property name="os.arch" value="amd64"/>
    <property name="java.io.tmpdir" value="/tmp"/>
    <property name="gpg.skip" value="true"/>
    <property name="line.separator" value="&#10;"/>
    <property name="java.vm.specification.vendor" value="Oracle Corporation"/>
    <property name="cobertura.skip" value="true"/>
    <property name="os.name" value="Linux"/>
    <property name="classworlds.conf" value="/usr/share/maven/bin/m2.conf"/>
    <property name="sun.jnu.encoding" value="UTF-8"/>
    <property name="java.library.path" value="/usr/java/packages/lib/amd64:/usr/lib/x86_64-linux-gnu/jni:/lib/x86_64-linux-gnu:/usr/lib/x86_64-linux-gnu:/usr/lib/jni:/lib:/usr/lib"/>
    <property name="license.skip" value="true"/>
    <property name="java.specification.name" value="Java Platform API Specification"/>
    <property name="java.class.version" value="52.0"/>
    <property name="org.slf4j.simpleLogger.levelInBrackets" value="true"/>
    <property name="sun.management.compiler" value="HotSpot 64-Bit Tiered Compilers"/>
    <property name="skip.bower" value="true"/>
    <property name="maven.repo.local" value="/root/./workspace/hekate-io/hekate/390714348/.m2"/>
    <property name="os.version" value="3.10.0-862.3.2.el7.x86_64"/>
    <property name="user.home" value="/root"/>
    <property name="user.timezone" value="Europe/Paris"/>
    <property name="java.awt.printerjob" value="sun.print.PSPrinterJob"/>
    <property name="java.specification.version" value="1.8"/>
    <property name="file.encoding" value="UTF-8"/>
    <property name="user.name" value="root"/>
    <property name="java.class.path" value="/usr/share/maven/boot/plexus-classworlds-2.5.2.jar"/>
    <property name="skipITs" value="true"/>
    <property name="java.vm.specification.version" value="1.8"/>
    <property name="sun.arch.data.model" value="64"/>
    <property name="java.home" value="/usr/lib/jvm/java-8-openjdk-amd64/jre"/>
    <property name="sun.java.command" value="org.codehaus.plexus.classworlds.launcher.Launcher -B -D enforcer.skip=true -D dependency-check.skip=true -D skipITs=true -D cobertura.skip=true -D maven.repo.local=/root/./workspace/hekate-io/hekate/390714348/.m2 -D rat.skip=true -D findbugs.skip=true -D skip.bower=true -D gpg.skip=true -D checkstyle.skip=true -D skip.gulp=true -D license.skip=true -D skip.npm=true test"/>
    <property name="java.specification.vendor" value="Oracle Corporation"/>
    <property name="user.language" value="en"/>
    <property name="awt.toolkit" value="sun.awt.X11.XToolkit"/>
    <property name="dependency-check.skip" value="true"/>
    <property name="java.vm.info" value="mixed mode"/>
    <property name="java.version" value="1.8.0_121"/>
    <property name="java.ext.dirs" value="/usr/lib/jvm/java-8-openjdk-amd64/jre/lib/ext:/usr/java/packages/lib/ext"/>
    <property name="securerandom.source" value="file:/dev/./urandom"/>
    <property name="sun.boot.class.path" value="/usr/lib/jvm/java-8-openjdk-amd64/jre/lib/resources.jar:/usr/lib/jvm/java-8-openjdk-amd64/jre/lib/rt.jar:/usr/lib/jvm/java-8-openjdk-amd64/jre/lib/sunrsasign.jar:/usr/lib/jvm/java-8-openjdk-amd64/jre/lib/jsse.jar:/usr/lib/jvm/java-8-openjdk-amd64/jre/lib/jce.jar:/usr/lib/jvm/java-8-openjdk-amd64/jre/lib/charsets.jar:/usr/lib/jvm/java-8-openjdk-amd64/jre/lib/jfr.jar:/usr/lib/jvm/java-8-openjdk-amd64/jre/classes"/>
    <property name="java.vendor" value="Oracle Corporation"/>
    <property name="enforcer.skip" value="true"/>
    <property name="rat.skip" value="true"/>
    <property name="maven.home" value="/usr/share/maven"/>
    <property name="file.separator" value="/"/>
    <property name="java.vendor.url.bug" value="http://bugreport.sun.com/bugreport/"/>
    <property name="sun.cpu.endian" value="little"/>
    <property name="sun.io.unicode.encoding" value="UnicodeLittle"/>
    <property name="org.slf4j.simpleLogger.showThreadName" value="false"/>
    <property name="sun.cpu.isalist" value=""/>
  </properties>
  <testcase name="testEmptyTopologyFuture[0: transport=NIO, worker-threads=0, nio-threads=1]" classname="io.hekate.messaging.internal.MessagingChannelBroadcastTest" time="0.129"/>
  <testcase name="testPartialFailureCallback[0: transport=NIO, worker-threads=0, nio-threads=1]" classname="io.hekate.messaging.internal.MessagingChannelBroadcastTest" time="0.222"/>
  <testcase name="testTopologyChange[0: transport=NIO, worker-threads=0, nio-threads=1]" classname="io.hekate.messaging.internal.MessagingChannelBroadcastTest" time="0.17"/>
  <testcase name="testCallback[0: transport=NIO, worker-threads=0, nio-threads=1]" classname="io.hekate.messaging.internal.MessagingChannelBroadcastTest" time="0.145"/>
  <testcase name="testEmptyTopologyCallback[0: transport=NIO, worker-threads=0, nio-threads=1]" classname="io.hekate.messaging.internal.MessagingChannelBroadcastTest" time="0.064"/>
  <testcase name="testAffinity[0: transport=NIO, worker-threads=0, nio-threads=1]" classname="io.hekate.messaging.internal.MessagingChannelBroadcastTest" time="0.357"/>
  <testcase name="testFuture[0: transport=NIO, worker-threads=0, nio-threads=1]" classname="io.hekate.messaging.internal.MessagingChannelBroadcastTest" time="0.122"/>
  <testcase name="testPartialFailureFuture[0: transport=NIO, worker-threads=0, nio-threads=1]" classname="io.hekate.messaging.internal.MessagingChannelBroadcastTest" time="0.063"/>
  <testcase name="testEmptyTopologyFuture[1: transport=NIO, worker-threads=1, nio-threads=1]" classname="io.hekate.messaging.internal.MessagingChannelBroadcastTest" time="0.12"/>
  <testcase name="testPartialFailureCallback[1: transport=NIO, worker-threads=1, nio-threads=1]" classname="io.hekate.messaging.internal.MessagingChannelBroadcastTest" time="0.13"/>
  <testcase name="testTopologyChange[1: transport=NIO, worker-threads=1, nio-threads=1]" classname="io.hekate.messaging.internal.MessagingChannelBroadcastTest" time="0.179"/>
  <testcase name="testCallback[1: transport=NIO, worker-threads=1, nio-threads=1]" classname="io.hekate.messaging.internal.MessagingChannelBroadcastTest" time="0.117"/>
  <testcase name="testEmptyTopologyCallback[1: transport=NIO, worker-threads=1, nio-threads=1]" classname="io.hekate.messaging.internal.MessagingChannelBroadcastTest" time="0.175"/>
  <testcase name="testAffinity[1: transport=NIO, worker-threads=1, nio-threads=1]" classname="io.hekate.messaging.internal.MessagingChannelBroadcastTest" time="0.353"/>
  <testcase name="testFuture[1: transport=NIO, worker-threads=1, nio-threads=1]" classname="io.hekate.messaging.internal.MessagingChannelBroadcastTest" time="0.093"/>
  <testcase name="testPartialFailureFuture[1: transport=NIO, worker-threads=1, nio-threads=1]" classname="io.hekate.messaging.internal.MessagingChannelBroadcastTest" time="0.12"/>
  <testcase name="testEmptyTopologyFuture[2: transport=NIO, worker-threads=4, nio-threads=1]" classname="io.hekate.messaging.internal.MessagingChannelBroadcastTest" time="0.065"/>
  <testcase name="testPartialFailureCallback[2: transport=NIO, worker-threads=4, nio-threads=1]" classname="io.hekate.messaging.internal.MessagingChannelBroadcastTest" time="0.062"/>
  <testcase name="testTopologyChange[2: transport=NIO, worker-threads=4, nio-threads=1]" classname="io.hekate.messaging.internal.MessagingChannelBroadcastTest" time="0.228"/>
  <testcase name="testCallback[2: transport=NIO, worker-threads=4, nio-threads=1]" classname="io.hekate.messaging.internal.MessagingChannelBroadcastTest" time="0.452"/>
  <testcase name="testEmptyTopologyCallback[2: transport=NIO, worker-threads=4, nio-threads=1]" classname="io.hekate.messaging.internal.MessagingChannelBroadcastTest" time="0.123"/>
  <testcase name="testAffinity[2: transport=NIO, worker-threads=4, nio-threads=1]" classname="io.hekate.messaging.internal.MessagingChannelBroadcastTest" time="0.438"/>
  <testcase name="testFuture[2: transport=NIO, worker-threads=4, nio-threads=1]" classname="io.hekate.messaging.internal.MessagingChannelBroadcastTest" time="0.174"/>
  <testcase name="testPartialFailureFuture[2: transport=NIO, worker-threads=4, nio-threads=1]" classname="io.hekate.messaging.internal.MessagingChannelBroadcastTest" time="0.065"/>
  <testcase name="testEmptyTopologyFuture[3: transport=NIO, worker-threads=5, nio-threads=0]" classname="io.hekate.messaging.internal.MessagingChannelBroadcastTest" time="0.221"/>
  <testcase name="testPartialFailureCallback[3: transport=NIO, worker-threads=5, nio-threads=0]" classname="io.hekate.messaging.internal.MessagingChannelBroadcastTest" time="0.097"/>
  <testcase name="testTopologyChange[3: transport=NIO, worker-threads=5, nio-threads=0]" classname="io.hekate.messaging.internal.MessagingChannelBroadcastTest" time="0.128"/>
  <testcase name="testCallback[3: transport=NIO, worker-threads=5, nio-threads=0]" classname="io.hekate.messaging.internal.MessagingChannelBroadcastTest" time="0.183"/>
  <testcase name="testEmptyTopologyCallback[3: transport=NIO, worker-threads=5, nio-threads=0]" classname="io.hekate.messaging.internal.MessagingChannelBroadcastTest" time="0.122"/>
  <testcase name="testAffinity[3: transport=NIO, worker-threads=5, nio-threads=0]" classname="io.hekate.messaging.internal.MessagingChannelBroadcastTest" time="0.369"/>
  <testcase name="testFuture[3: transport=NIO, worker-threads=5, nio-threads=0]" classname="io.hekate.messaging.internal.MessagingChannelBroadcastTest" time="0.244"/>
  <testcase name="testPartialFailureFuture[3: transport=NIO, worker-threads=5, nio-threads=0]" classname="io.hekate.messaging.internal.MessagingChannelBroadcastTest" time="0.12"/>
  <testcase name="testEmptyTopologyFuture[4: transport=NIO, ssl=JDK, worker-threads=0, nio-threads=1]" classname="io.hekate.messaging.internal.MessagingChannelBroadcastTest" time="0.209"/>
  <testcase name="testPartialFailureCallback[4: transport=NIO, ssl=JDK, worker-threads=0, nio-threads=1]" classname="io.hekate.messaging.internal.MessagingChannelBroadcastTest" time="0.467"/>
  <testcase name="testTopologyChange[4: transport=NIO, ssl=JDK, worker-threads=0, nio-threads=1]" classname="io.hekate.messaging.internal.MessagingChannelBroadcastTest" time="0.268"/>
  <testcase name="testCallback[4: transport=NIO, ssl=JDK, worker-threads=0, nio-threads=1]" classname="io.hekate.messaging.internal.MessagingChannelBroadcastTest" time="0.272"/>
  <testcase name="testEmptyTopologyCallback[4: transport=NIO, ssl=JDK, worker-threads=0, nio-threads=1]" classname="io.hekate.messaging.internal.MessagingChannelBroadcastTest" time="0.25"/>
  <testcase name="testAffinity[4: transport=NIO, ssl=JDK, worker-threads=0, nio-threads=1]" classname="io.hekate.messaging.internal.MessagingChannelBroadcastTest" time="0.847"/>
  <testcase name="testFuture[4: transport=NIO, ssl=JDK, worker-threads=0, nio-threads=1]" classname="io.hekate.messaging.internal.MessagingChannelBroadcastTest" time="0.453"/>
  <testcase name="testPartialFailureFuture[4: transport=NIO, ssl=JDK, worker-threads=0, nio-threads=1]" classname="io.hekate.messaging.internal.MessagingChannelBroadcastTest" time="0.259"/>
  <testcase name="testEmptyTopologyFuture[5: transport=NIO, ssl=JDK, worker-threads=1, nio-threads=1]" classname="io.hekate.messaging.internal.MessagingChannelBroadcastTest" time="0.256"/>
  <testcase name="testPartialFailureCallback[5: transport=NIO, ssl=JDK, worker-threads=1, nio-threads=1]" classname="io.hekate.messaging.internal.MessagingChannelBroadcastTest" time="0.26"/>
  <testcase name="testTopologyChange[5: transport=NIO, ssl=JDK, worker-threads=1, nio-threads=1]" classname="io.hekate.messaging.internal.MessagingChannelBroadcastTest" time="0.34"/>
  <testcase name="testCallback[5: transport=NIO, ssl=JDK, worker-threads=1, nio-threads=1]" classname="io.hekate.messaging.internal.MessagingChannelBroadcastTest" time="0.292"/>
  <testcase name="testEmptyTopologyCallback[5: transport=NIO, ssl=JDK, worker-threads=1, nio-threads=1]" classname="io.hekate.messaging.internal.MessagingChannelBroadcastTest" time="0.208"/>
  <testcase name="testAffinity[5: transport=NIO, ssl=JDK, worker-threads=1, nio-threads=1]" classname="io.hekate.messaging.internal.MessagingChannelBroadcastTest" time="0.809"/>
  <testcase name="testFuture[5: transport=NIO, ssl=JDK, worker-threads=1, nio-threads=1]" classname="io.hekate.messaging.internal.MessagingChannelBroadcastTest" time="0.627"/>
  <testcase name="testPartialFailureFuture[5: transport=NIO, ssl=JDK, worker-threads=1, nio-threads=1]" classname="io.hekate.messaging.internal.MessagingChannelBroadcastTest" time="0.249"/>
  <testcase name="testEmptyTopologyFuture[6: transport=NIO, ssl=JDK, worker-threads=4, nio-threads=1]" classname="io.hekate.messaging.internal.MessagingChannelBroadcastTest" time="0.257"/>
  <testcase name="testPartialFailureCallback[6: transport=NIO, ssl=JDK, worker-threads=4, nio-threads=1]" classname="io.hekate.messaging.internal.MessagingChannelBroadcastTest" time="0.259"/>
  <testcase name="testTopologyChange[6: transport=NIO, ssl=JDK, worker-threads=4, nio-threads=1]" classname="io.hekate.messaging.internal.MessagingChannelBroadcastTest" time="0.374"/>
  <testcase name="testCallback[6: transport=NIO, ssl=JDK, worker-threads=4, nio-threads=1]" classname="io.hekate.messaging.internal.MessagingChannelBroadcastTest" time="0.446"/>
  <testcase name="testEmptyTopologyCallback[6: transport=NIO, ssl=JDK, worker-threads=4, nio-threads=1]" classname="io.hekate.messaging.internal.MessagingChannelBroadcastTest" time="0.324"/>
  <testcase name="testAffinity[6: transport=NIO, ssl=JDK, worker-threads=4, nio-threads=1]" classname="io.hekate.messaging.internal.MessagingChannelBroadcastTest" time="0.859"/>
  <testcase name="testFuture[6: transport=NIO, ssl=JDK, worker-threads=4, nio-threads=1]" classname="io.hekate.messaging.internal.MessagingChannelBroadcastTest" time="0.464"/>
  <testcase name="testPartialFailureFuture[6: transport=NIO, ssl=JDK, worker-threads=4, nio-threads=1]" classname="io.hekate.messaging.internal.MessagingChannelBroadcastTest" time="0.346"/>
  <testcase name="testEmptyTopologyFuture[7: transport=NIO, ssl=JDK, worker-threads=5, nio-threads=0]" classname="io.hekate.messaging.internal.MessagingChannelBroadcastTest" time="0.228"/>
  <testcase name="testPartialFailureCallback[7: transport=NIO, ssl=JDK, worker-threads=5, nio-threads=0]" classname="io.hekate.messaging.internal.MessagingChannelBroadcastTest" time="0.252"/>
  <testcase name="testTopologyChange[7: transport=NIO, ssl=JDK, worker-threads=5, nio-threads=0]" classname="io.hekate.messaging.internal.MessagingChannelBroadcastTest" time="0.323"/>
  <testcase name="testCallback[7: transport=NIO, ssl=JDK, worker-threads=5, nio-threads=0]" classname="io.hekate.messaging.internal.MessagingChannelBroadcastTest" time="0.332"/>
  <testcase name="testEmptyTopologyCallback[7: transport=NIO, ssl=JDK, worker-threads=5, nio-threads=0]" classname="io.hekate.messaging.internal.MessagingChannelBroadcastTest" time="0.464"/>
  <testcase name="testAffinity[7: transport=NIO, ssl=JDK, worker-threads=5, nio-threads=0]" classname="io.hekate.messaging.internal.MessagingChannelBroadcastTest" time="0.855"/>
  <testcase name="testFuture[7: transport=NIO, ssl=JDK, worker-threads=5, nio-threads=0]" classname="io.hekate.messaging.internal.MessagingChannelBroadcastTest" time="0.459"/>
  <testcase name="testPartialFailureFuture[7: transport=NIO, ssl=JDK, worker-threads=5, nio-threads=0]" classname="io.hekate.messaging.internal.MessagingChannelBroadcastTest" time="0.23"/>
  <testcase name="testEmptyTopologyFuture[8: transport=NIO, ssl=OPEN_SSL, worker-threads=0, nio-threads=1]" classname="io.hekate.messaging.internal.MessagingChannelBroadcastTest" time="0.135"/>
  <testcase name="testPartialFailureCallback[8: transport=NIO, ssl=OPEN_SSL, worker-threads=0, nio-threads=1]" classname="io.hekate.messaging.internal.MessagingChannelBroadcastTest" time="0.145"/>
  <testcase name="testTopologyChange[8: transport=NIO, ssl=OPEN_SSL, worker-threads=0, nio-threads=1]" classname="io.hekate.messaging.internal.MessagingChannelBroadcastTest" time="0.219"/>
  <testcase name="testCallback[8: transport=NIO, ssl=OPEN_SSL, worker-threads=0, nio-threads=1]" classname="io.hekate.messaging.internal.MessagingChannelBroadcastTest" time="0.24"/>
  <testcase name="testEmptyTopologyCallback[8: transport=NIO, ssl=OPEN_SSL, worker-threads=0, nio-threads=1]" classname="io.hekate.messaging.internal.MessagingChannelBroadcastTest" time="0.134"/>
  <testcase name="testAffinity[8: transport=NIO, ssl=OPEN_SSL, worker-threads=0, nio-threads=1]" classname="io.hekate.messaging.internal.MessagingChannelBroadcastTest" time="0.58"/>
  <testcase name="testFuture[8: transport=NIO, ssl=OPEN_SSL, worker-threads=0, nio-threads=1]" classname="io.hekate.messaging.internal.MessagingChannelBroadcastTest" time="0.258"/>
  <testcase name="testPartialFailureFuture[8: transport=NIO, ssl=OPEN_SSL, worker-threads=0, nio-threads=1]" classname="io.hekate.messaging.internal.MessagingChannelBroadcastTest" time="0.264"/>
  <testcase name="testEmptyTopologyFuture[9: transport=NIO, ssl=OPEN_SSL, worker-threads=1, nio-threads=1]" classname="io.hekate.messaging.internal.MessagingChannelBroadcastTest" time="0.145"/>
  <testcase name="testPartialFailureCallback[9: transport=NIO, ssl=OPEN_SSL, worker-threads=1, nio-threads=1]" classname="io.hekate.messaging.internal.MessagingChannelBroadcastTest" time="0.118"/>
  <testcase name="testTopologyChange[9: transport=NIO, ssl=OPEN_SSL, worker-threads=1, nio-threads=1]" classname="io.hekate.messaging.internal.MessagingChannelBroadcastTest" time="0.203"/>
  <testcase name="testCallback[9: transport=NIO, ssl=OPEN_SSL, worker-threads=1, nio-threads=1]" classname="io.hekate.messaging.internal.MessagingChannelBroadcastTest" time="0.321"/>
  <testcase name="testEmptyTopologyCallback[9: transport=NIO, ssl=OPEN_SSL, worker-threads=1, nio-threads=1]" classname="io.hekate.messaging.internal.MessagingChannelBroadcastTest" time="0.117"/>
  <testcase name="testAffinity[9: transport=NIO, ssl=OPEN_SSL, worker-threads=1, nio-threads=1]" classname="io.hekate.messaging.internal.MessagingChannelBroadcastTest" time="0.581"/>
  <testcase name="testFuture[9: transport=NIO, ssl=OPEN_SSL, worker-threads=1, nio-threads=1]" classname="io.hekate.messaging.internal.MessagingChannelBroadcastTest" time="0.182"/>
  <testcase name="testPartialFailureFuture[9: transport=NIO, ssl=OPEN_SSL, worker-threads=1, nio-threads=1]" classname="io.hekate.messaging.internal.MessagingChannelBroadcastTest" time="0.154"/>
  <testcase name="testEmptyTopologyFuture[10: transport=NIO, ssl=OPEN_SSL, worker-threads=4, nio-threads=1]" classname="io.hekate.messaging.internal.MessagingChannelBroadcastTest" time="0.117"/>
  <testcase name="testPartialFailureCallback[10: transport=NIO, ssl=OPEN_SSL, worker-threads=4, nio-threads=1]" classname="io.hekate.messaging.internal.MessagingChannelBroadcastTest" time="0.126"/>
  <testcase name="testTopologyChange[10: transport=NIO, ssl=OPEN_SSL, worker-threads=4, nio-threads=1]" classname="io.hekate.messaging.internal.MessagingChannelBroadcastTest" time="0.219"/>
  <testcase name="testCallback[10: transport=NIO, ssl=OPEN_SSL, worker-threads=4, nio-threads=1]" classname="io.hekate.messaging.internal.MessagingChannelBroadcastTest" time="0.228"/>
  <testcase name="testEmptyTopologyCallback[10: transport=NIO, ssl=OPEN_SSL, worker-threads=4, nio-threads=1]" classname="io.hekate.messaging.internal.MessagingChannelBroadcastTest" time="0.146"/>
  <testcase name="testAffinity[10: transport=NIO, ssl=OPEN_SSL, worker-threads=4, nio-threads=1]" classname="io.hekate.messaging.internal.MessagingChannelBroadcastTest" time="0.497"/>
  <testcase name="testFuture[10: transport=NIO, ssl=OPEN_SSL, worker-threads=4, nio-threads=1]" classname="io.hekate.messaging.internal.MessagingChannelBroadcastTest" time="0.242"/>
  <testcase name="testPartialFailureFuture[10: transport=NIO, ssl=OPEN_SSL, worker-threads=4, nio-threads=1]" classname="io.hekate.messaging.internal.MessagingChannelBroadcastTest" time="0.205"/>
  <testcase name="testEmptyTopologyFuture[11: transport=NIO, ssl=OPEN_SSL, worker-threads=5, nio-threads=0]" classname="io.hekate.messaging.internal.MessagingChannelBroadcastTest" time="0.11"/>
  <testcase name="testPartialFailureCallback[11: transport=NIO, ssl=OPEN_SSL, worker-threads=5, nio-threads=0]" classname="io.hekate.messaging.internal.MessagingChannelBroadcastTest" time="0.133"/>
  <testcase name="testTopologyChange[11: transport=NIO, ssl=OPEN_SSL, worker-threads=5, nio-threads=0]" classname="io.hekate.messaging.internal.MessagingChannelBroadcastTest" time="0.22"/>
  <testcase name="testCallback[11: transport=NIO, ssl=OPEN_SSL, worker-threads=5, nio-threads=0]" classname="io.hekate.messaging.internal.MessagingChannelBroadcastTest" time="0.257"/>
  <testcase name="testEmptyTopologyCallback[11: transport=NIO, ssl=OPEN_SSL, worker-threads=5, nio-threads=0]" classname="io.hekate.messaging.internal.MessagingChannelBroadcastTest" time="0.163"/>
  <testcase name="testAffinity[11: transport=NIO, ssl=OPEN_SSL, worker-threads=5, nio-threads=0]" classname="io.hekate.messaging.internal.MessagingChannelBroadcastTest" time="0.521"/>
  <testcase name="testFuture[11: transport=NIO, ssl=OPEN_SSL, worker-threads=5, nio-threads=0]" classname="io.hekate.messaging.internal.MessagingChannelBroadcastTest" time="0.301"/>
  <testcase name="testPartialFailureFuture[11: transport=NIO, ssl=OPEN_SSL, worker-threads=5, nio-threads=0]" classname="io.hekate.messaging.internal.MessagingChannelBroadcastTest" time="0.115"/>
  <testcase name="testEmptyTopologyFuture[12: transport=EPOLL, worker-threads=0, nio-threads=1]" classname="io.hekate.messaging.internal.MessagingChannelBroadcastTest" time="0.122"/>
  <testcase name="testPartialFailureCallback[12: transport=EPOLL, worker-threads=0, nio-threads=1]" classname="io.hekate.messaging.internal.MessagingChannelBroadcastTest" time="0.063"/>
  <testcase name="testTopologyChange[12: transport=EPOLL, worker-threads=0, nio-threads=1]" classname="io.hekate.messaging.internal.MessagingChannelBroadcastTest" time="0.218"/>
  <testcase name="testCallback[12: transport=EPOLL, worker-threads=0, nio-threads=1]" classname="io.hekate.messaging.internal.MessagingChannelBroadcastTest" time="0.089"/>
  <testcase name="testEmptyTopologyCallback[12: transport=EPOLL, worker-threads=0, nio-threads=1]" classname="io.hekate.messaging.internal.MessagingChannelBroadcastTest" time="0.143"/>
  <testcase name="testAffinity[12: transport=EPOLL, worker-threads=0, nio-threads=1]" classname="io.hekate.messaging.internal.MessagingChannelBroadcastTest" time="0.349"/>
  <testcase name="testFuture[12: transport=EPOLL, worker-threads=0, nio-threads=1]" classname="io.hekate.messaging.internal.MessagingChannelBroadcastTest" time="0.123"/>
  <testcase name="testPartialFailureFuture[12: transport=EPOLL, worker-threads=0, nio-threads=1]" classname="io.hekate.messaging.internal.MessagingChannelBroadcastTest" time="0.219"/>
  <testcase name="testEmptyTopologyFuture[13: transport=EPOLL, worker-threads=1, nio-threads=1]" classname="io.hekate.messaging.internal.MessagingChannelBroadcastTest" time="0.137"/>
  <testcase name="testPartialFailureCallback[13: transport=EPOLL, worker-threads=1, nio-threads=1]" classname="io.hekate.messaging.internal.MessagingChannelBroadcastTest" time="0.122"/>
  <testcase name="testTopologyChange[13: transport=EPOLL, worker-threads=1, nio-threads=1]" classname="io.hekate.messaging.internal.MessagingChannelBroadcastTest" time="0.147"/>
  <testcase name="testCallback[13: transport=EPOLL, worker-threads=1, nio-threads=1]" classname="io.hekate.messaging.internal.MessagingChannelBroadcastTest" time="0.27"/>
  <testcase name="testEmptyTopologyCallback[13: transport=EPOLL, worker-threads=1, nio-threads=1]" classname="io.hekate.messaging.internal.MessagingChannelBroadcastTest" time="0.062"/>
  <testcase name="testAffinity[13: transport=EPOLL, worker-threads=1, nio-threads=1]" classname="io.hekate.messaging.internal.MessagingChannelBroadcastTest" time="0.346"/>
  <testcase name="testFuture[13: transport=EPOLL, worker-threads=1, nio-threads=1]" classname="io.hekate.messaging.internal.MessagingChannelBroadcastTest" time="0.223"/>
  <testcase name="testPartialFailureFuture[13: transport=EPOLL, worker-threads=1, nio-threads=1]" classname="io.hekate.messaging.internal.MessagingChannelBroadcastTest" time="0.122"/>
  <testcase name="testEmptyTopologyFuture[14: transport=EPOLL, worker-threads=4, nio-threads=1]" classname="io.hekate.messaging.internal.MessagingChannelBroadcastTest" time="0.22"/>
  <testcase name="testPartialFailureCallback[14: transport=EPOLL, worker-threads=4, nio-threads=1]" classname="io.hekate.messaging.internal.MessagingChannelBroadcastTest" time="0.121"/>
  <testcase name="testTopologyChange[14: transport=EPOLL, worker-threads=4, nio-threads=1]" classname="io.hekate.messaging.internal.MessagingChannelBroadcastTest" time="0.133"/>
  <testcase name="testCallback[14: transport=EPOLL, worker-threads=4, nio-threads=1]" classname="io.hekate.messaging.internal.MessagingChannelBroadcastTest" time="0.148"/>
  <testcase name="testEmptyTopologyCallback[14: transport=EPOLL, worker-threads=4, nio-threads=1]" classname="io.hekate.messaging.internal.MessagingChannelBroadcastTest" time="0.119"/>
  <testcase name="testAffinity[14: transport=EPOLL, worker-threads=4, nio-threads=1]" classname="io.hekate.messaging.internal.MessagingChannelBroadcastTest" time="0.344"/>
  <testcase name="testFuture[14: transport=EPOLL, worker-threads=4, nio-threads=1]" classname="io.hekate.messaging.internal.MessagingChannelBroadcastTest" time="0.147"/>
  <testcase name="testPartialFailureFuture[14: transport=EPOLL, worker-threads=4, nio-threads=1]" classname="io.hekate.messaging.internal.MessagingChannelBroadcastTest" time="0.062"/>
  <testcase name="testEmptyTopologyFuture[15: transport=EPOLL, worker-threads=5, nio-threads=0]" classname="io.hekate.messaging.internal.MessagingChannelBroadcastTest" time="0.119"/>
  <testcase name="testPartialFailureCallback[15: transport=EPOLL, worker-threads=5, nio-threads=0]" classname="io.hekate.messaging.internal.MessagingChannelBroadcastTest" time="0.121"/>
  <testcase name="testTopologyChange[15: transport=EPOLL, worker-threads=5, nio-threads=0]" classname="io.hekate.messaging.internal.MessagingChannelBroadcastTest" time="0.122"/>
  <testcase name="testCallback[15: transport=EPOLL, worker-threads=5, nio-threads=0]" classname="io.hekate.messaging.internal.MessagingChannelBroadcastTest" time="0.145"/>
  <testcase name="testEmptyTopologyCallback[15: transport=EPOLL, worker-threads=5, nio-threads=0]" classname="io.hekate.messaging.internal.MessagingChannelBroadcastTest" time="0.124"/>
  <testcase name="testAffinity[15: transport=EPOLL, worker-threads=5, nio-threads=0]" classname="io.hekate.messaging.internal.MessagingChannelBroadcastTest" time="0.253"/>
  <testcase name="testFuture[15: transport=EPOLL, worker-threads=5, nio-threads=0]" classname="io.hekate.messaging.internal.MessagingChannelBroadcastTest" time="0.247"/>
  <testcase name="testPartialFailureFuture[15: transport=EPOLL, worker-threads=5, nio-threads=0]" classname="io.hekate.messaging.internal.MessagingChannelBroadcastTest" time="0.132"/>
  <testcase name="testEmptyTopologyFuture[16: transport=EPOLL, ssl=JDK, worker-threads=0, nio-threads=1]" classname="io.hekate.messaging.internal.MessagingChannelBroadcastTest" time="0.27"/>
  <testcase name="testPartialFailureCallback[16: transport=EPOLL, ssl=JDK, worker-threads=0, nio-threads=1]" classname="io.hekate.messaging.internal.MessagingChannelBroadcastTest" time="0.27"/>
  <testcase name="testTopologyChange[16: transport=EPOLL, ssl=JDK, worker-threads=0, nio-threads=1]" classname="io.hekate.messaging.internal.MessagingChannelBroadcastTest" time="0.255"/>
  <testcase name="testCallback[16: transport=EPOLL, ssl=JDK, worker-threads=0, nio-threads=1]" classname="io.hekate.messaging.internal.MessagingChannelBroadcastTest" time="0.29"/>
  <testcase name="testEmptyTopologyCallback[16: transport=EPOLL, ssl=JDK, worker-threads=0, nio-threads=1]" classname="io.hekate.messaging.internal.MessagingChannelBroadcastTest" time="0.296"/>
  <testcase name="testAffinity[16: transport=EPOLL, ssl=JDK, worker-threads=0, nio-threads=1]" classname="io.hekate.messaging.internal.MessagingChannelBroadcastTest" time="0.839"/>
  <testcase name="testFuture[16: transport=EPOLL, ssl=JDK, worker-threads=0, nio-threads=1]" classname="io.hekate.messaging.internal.MessagingChannelBroadcastTest" time="0.306"/>
  <testcase name="testPartialFailureFuture[16: transport=EPOLL, ssl=JDK, worker-threads=0, nio-threads=1]" classname="io.hekate.messaging.internal.MessagingChannelBroadcastTest" time="0.272"/>
  <testcase name="testEmptyTopologyFuture[17: transport=EPOLL, ssl=JDK, worker-threads=1, nio-threads=1]" classname="io.hekate.messaging.internal.MessagingChannelBroadcastTest" time="0.261"/>
  <testcase name="testPartialFailureCallback[17: transport=EPOLL, ssl=JDK, worker-threads=1, nio-threads=1]" classname="io.hekate.messaging.internal.MessagingChannelBroadcastTest" time="0.245"/>
  <testcase name="testTopologyChange[17: transport=EPOLL, ssl=JDK, worker-threads=1, nio-threads=1]" classname="io.hekate.messaging.internal.MessagingChannelBroadcastTest" time="0.3"/>
  <testcase name="testCallback[17: transport=EPOLL, ssl=JDK, worker-threads=1, nio-threads=1]" classname="io.hekate.messaging.internal.MessagingChannelBroadcastTest" time="0.464"/>
  <testcase name="testEmptyTopologyCallback[17: transport=EPOLL, ssl=JDK, worker-threads=1, nio-threads=1]" classname="io.hekate.messaging.internal.MessagingChannelBroadcastTest" time="0.437"/>
  <testcase name="testAffinity[17: transport=EPOLL, ssl=JDK, worker-threads=1, nio-threads=1]" classname="io.hekate.messaging.internal.MessagingChannelBroadcastTest" time="0.777"/>
  <testcase name="testFuture[17: transport=EPOLL, ssl=JDK, worker-threads=1, nio-threads=1]" classname="io.hekate.messaging.internal.MessagingChannelBroadcastTest" time="0.332"/>
  <testcase name="testPartialFailureFuture[17: transport=EPOLL, ssl=JDK, worker-threads=1, nio-threads=1]" classname="io.hekate.messaging.internal.MessagingChannelBroadcastTest" time="0.247"/>
  <testcase name="testEmptyTopologyFuture[18: transport=EPOLL, ssl=JDK, worker-threads=4, nio-threads=1]" classname="io.hekate.messaging.internal.MessagingChannelBroadcastTest" time="0.252"/>
  <testcase name="testPartialFailureCallback[18: transport=EPOLL, ssl=JDK, worker-threads=4, nio-threads=1]" classname="io.hekate.messaging.internal.MessagingChannelBroadcastTest" time="0.455"/>
  <testcase name="testTopologyChange[18: transport=EPOLL, ssl=JDK, worker-threads=4, nio-threads=1]" classname="io.hekate.messaging.internal.MessagingChannelBroadcastTest" time="0.295"/>
  <testcase name="testCallback[18: transport=EPOLL, ssl=JDK, worker-threads=4, nio-threads=1]" classname="io.hekate.messaging.internal.MessagingChannelBroadcastTest" time="0.459"/>
  <testcase name="testEmptyTopologyCallback[18: transport=EPOLL, ssl=JDK, worker-threads=4, nio-threads=1]" classname="io.hekate.messaging.internal.MessagingChannelBroadcastTest" time="0.221"/>
  <testcase name="testAffinity[18: transport=EPOLL, ssl=JDK, worker-threads=4, nio-threads=1]" classname="io.hekate.messaging.internal.MessagingChannelBroadcastTest" time="0.821"/>
  <testcase name="testFuture[18: transport=EPOLL, ssl=JDK, worker-threads=4, nio-threads=1]" classname="io.hekate.messaging.internal.MessagingChannelBroadcastTest" time="0.338"/>
  <testcase name="testPartialFailureFuture[18: transport=EPOLL, ssl=JDK, worker-threads=4, nio-threads=1]" classname="io.hekate.messaging.internal.MessagingChannelBroadcastTest" time="0.276"/>
  <testcase name="testEmptyTopologyFuture[19: transport=EPOLL, ssl=JDK, worker-threads=5, nio-threads=0]" classname="io.hekate.messaging.internal.MessagingChannelBroadcastTest" time="0.246"/>
  <testcase name="testPartialFailureCallback[19: transport=EPOLL, ssl=JDK, worker-threads=5, nio-threads=0]" classname="io.hekate.messaging.internal.MessagingChannelBroadcastTest" time="0.249"/>
  <testcase name="testTopologyChange[19: transport=EPOLL, ssl=JDK, worker-threads=5, nio-threads=0]" classname="io.hekate.messaging.internal.MessagingChannelBroadcastTest" time="0.334"/>
  <testcase name="testCallback[19: transport=EPOLL, ssl=JDK, worker-threads=5, nio-threads=0]" classname="io.hekate.messaging.internal.MessagingChannelBroadcastTest" time="0.452"/>
  <testcase name="testEmptyTopologyCallback[19: transport=EPOLL, ssl=JDK, worker-threads=5, nio-threads=0]" classname="io.hekate.messaging.internal.MessagingChannelBroadcastTest" time="0.265"/>
  <testcase name="testAffinity[19: transport=EPOLL, ssl=JDK, worker-threads=5, nio-threads=0]" classname="io.hekate.messaging.internal.MessagingChannelBroadcastTest" time="0.817"/>
  <testcase name="testFuture[19: transport=EPOLL, ssl=JDK, worker-threads=5, nio-threads=0]" classname="io.hekate.messaging.internal.MessagingChannelBroadcastTest" time="0.307"/>
  <testcase name="testPartialFailureFuture[19: transport=EPOLL, ssl=JDK, worker-threads=5, nio-threads=0]" classname="io.hekate.messaging.internal.MessagingChannelBroadcastTest" time="0.236"/>
  <testcase name="testEmptyTopologyFuture[20: transport=EPOLL, ssl=OPEN_SSL, worker-threads=0, nio-threads=1]" classname="io.hekate.messaging.internal.MessagingChannelBroadcastTest" time="0.133"/>
  <testcase name="testPartialFailureCallback[20: transport=EPOLL, ssl=OPEN_SSL, worker-threads=0, nio-threads=1]" classname="io.hekate.messaging.internal.MessagingChannelBroadcastTest" time="0.134"/>
  <testcase name="testTopologyChange[20: transport=EPOLL, ssl=OPEN_SSL, worker-threads=0, nio-threads=1]" classname="io.hekate.messaging.internal.MessagingChannelBroadcastTest" time="0.22"/>
  <testcase name="testCallback[20: transport=EPOLL, ssl=OPEN_SSL, worker-threads=0, nio-threads=1]" classname="io.hekate.messaging.internal.MessagingChannelBroadcastTest" time="0.207"/>
  <testcase name="testEmptyTopologyCallback[20: transport=EPOLL, ssl=OPEN_SSL, worker-threads=0, nio-threads=1]" classname="io.hekate.messaging.internal.MessagingChannelBroadcastTest" time="0.136"/>
  <testcase name="testAffinity[20: transport=EPOLL, ssl=OPEN_SSL, worker-threads=0, nio-threads=1]" classname="io.hekate.messaging.internal.MessagingChannelBroadcastTest" time="0.456"/>
  <testcase name="testFuture[20: transport=EPOLL, ssl=OPEN_SSL, worker-threads=0, nio-threads=1]" classname="io.hekate.messaging.internal.MessagingChannelBroadcastTest" time="0.164"/>
  <testcase name="testPartialFailureFuture[20: transport=EPOLL, ssl=OPEN_SSL, worker-threads=0, nio-threads=1]" classname="io.hekate.messaging.internal.MessagingChannelBroadcastTest" time="0.136"/>
  <testcase name="testEmptyTopologyFuture[21: transport=EPOLL, ssl=OPEN_SSL, worker-threads=1, nio-threads=1]" classname="io.hekate.messaging.internal.MessagingChannelBroadcastTest" time="0.141"/>
  <testcase name="testPartialFailureCallback[21: transport=EPOLL, ssl=OPEN_SSL, worker-threads=1, nio-threads=1]" classname="io.hekate.messaging.internal.MessagingChannelBroadcastTest" time="0.133"/>
  <testcase name="testTopologyChange[21: transport=EPOLL, ssl=OPEN_SSL, worker-threads=1, nio-threads=1]" classname="io.hekate.messaging.internal.MessagingChannelBroadcastTest" time="0.211"/>
  <testcase name="testCallback[21: transport=EPOLL, ssl=OPEN_SSL, worker-threads=1, nio-threads=1]" classname="io.hekate.messaging.internal.MessagingChannelBroadcastTest" time="0.264"/>
  <testcase name="testEmptyTopologyCallback[21: transport=EPOLL, ssl=OPEN_SSL, worker-threads=1, nio-threads=1]" classname="io.hekate.messaging.internal.MessagingChannelBroadcastTest" time="0.164"/>
  <testcase name="testAffinity[21: transport=EPOLL, ssl=OPEN_SSL, worker-threads=1, nio-threads=1]" classname="io.hekate.messaging.internal.MessagingChannelBroadcastTest" time="0.503"/>
  <testcase name="testFuture[21: transport=EPOLL, ssl=OPEN_SSL, worker-threads=1, nio-threads=1]" classname="io.hekate.messaging.internal.MessagingChannelBroadcastTest" time="0.256"/>
  <testcase name="testPartialFailureFuture[21: transport=EPOLL, ssl=OPEN_SSL, worker-threads=1, nio-threads=1]" classname="io.hekate.messaging.internal.MessagingChannelBroadcastTest" time="0.124"/>
  <testcase name="testEmptyTopologyFuture[22: transport=EPOLL, ssl=OPEN_SSL, worker-threads=4, nio-threads=1]" classname="io.hekate.messaging.internal.MessagingChannelBroadcastTest" time="0.11"/>
  <testcase name="testPartialFailureCallback[22: transport=EPOLL, ssl=OPEN_SSL, worker-threads=4, nio-threads=1]" classname="io.hekate.messaging.internal.MessagingChannelBroadcastTest" time="0.117"/>
  <testcase name="testTopologyChange[22: transport=EPOLL, ssl=OPEN_SSL, worker-threads=4, nio-threads=1]" classname="io.hekate.messaging.internal.MessagingChannelBroadcastTest" time="0.246"/>
  <testcase name="testCallback[22: transport=EPOLL, ssl=OPEN_SSL, worker-threads=4, nio-threads=1]" classname="io.hekate.messaging.internal.MessagingChannelBroadcastTest" time="0.258"/>
  <testcase name="testEmptyTopologyCallback[22: transport=EPOLL, ssl=OPEN_SSL, worker-threads=4, nio-threads=1]" classname="io.hekate.messaging.internal.MessagingChannelBroadcastTest" time="0.117"/>
  <testcase name="testAffinity[22: transport=EPOLL, ssl=OPEN_SSL, worker-threads=4, nio-threads=1]" classname="io.hekate.messaging.internal.MessagingChannelBroadcastTest" time="0.58"/>
  <testcase name="testFuture[22: transport=EPOLL, ssl=OPEN_SSL, worker-threads=4, nio-threads=1]" classname="io.hekate.messaging.internal.MessagingChannelBroadcastTest" time="0.181"/>
  <testcase name="testPartialFailureFuture[22: transport=EPOLL, ssl=OPEN_SSL, worker-threads=4, nio-threads=1]" classname="io.hekate.messaging.internal.MessagingChannelBroadcastTest" time="0.119"/>
  <testcase name="testEmptyTopologyFuture[23: transport=EPOLL, ssl=OPEN_SSL, worker-threads=5, nio-threads=0]" classname="io.hekate.messaging.internal.MessagingChannelBroadcastTest" time="0.149"/>
  <testcase name="testPartialFailureCallback[23: transport=EPOLL, ssl=OPEN_SSL, worker-threads=5, nio-threads=0]" classname="io.hekate.messaging.internal.MessagingChannelBroadcastTest" time="0.116"/>
  <testcase name="testTopologyChange[23: transport=EPOLL, ssl=OPEN_SSL, worker-threads=5, nio-threads=0]" classname="io.hekate.messaging.internal.MessagingChannelBroadcastTest" time="0.249"/>
  <testcase name="testCallback[23: transport=EPOLL, ssl=OPEN_SSL, worker-threads=5, nio-threads=0]" classname="io.hekate.messaging.internal.MessagingChannelBroadcastTest" time="0.286"/>
  <testcase name="testEmptyTopologyCallback[23: transport=EPOLL, ssl=OPEN_SSL, worker-threads=5, nio-threads=0]" classname="io.hekate.messaging.internal.MessagingChannelBroadcastTest" time="0.139"/>
  <testcase name="testAffinity[23: transport=EPOLL, ssl=OPEN_SSL, worker-threads=5, nio-threads=0]" classname="io.hekate.messaging.internal.MessagingChannelBroadcastTest" time="0.602"/>
  <testcase name="testFuture[23: transport=EPOLL, ssl=OPEN_SSL, worker-threads=5, nio-threads=0]" classname="io.hekate.messaging.internal.MessagingChannelBroadcastTest" time="0.235"/>
  <testcase name="testPartialFailureFuture[23: transport=EPOLL, ssl=OPEN_SSL, worker-threads=5, nio-threads=0]" classname="io.hekate.messaging.internal.MessagingChannelBroadcastTest" time="0.114"/>
</testsuite>