<?xml version="1.0" encoding="UTF-8"?>
<testsuite xmlns:xsi="http://www.w3.org/2001/XMLSchema-instance" xsi:schemaLocation="https://maven.apache.org/surefire/maven-surefire-plugin/xsd/surefire-test-report.xsd" name="io.hekate.messaging.internal.BackPressureAggregateTest" time="35.152" tests="144" errors="0" skipped="0" failures="0">
  <properties>
    <property name="java.runtime.name" value="OpenJDK Runtime Environment"/>
    <property name="sun.boot.library.path" value="/usr/lib/jvm/java-8-openjdk-amd64/jre/lib/amd64"/>
    <property name="java.vm.version" value="25.121-b13"/>
    <property name="java.vm.vendor" value="Oracle Corporation"/>
    <property name="maven.multiModuleProjectDirectory" value="/root/workspace/hekate-io/hekate/390165353"/>
    <property name="java.vendor.url" value="http://java.oracle.com/"/>
    <property name="path.separator" value=":"/>
    <property name="guice.disable.misplaced.annotation.check" value="true"/>
    <property name="skip.gulp" value="true"/>
    <property name="java.vm.name" value="OpenJDK 64-Bit Server VM"/>
    <property name="file.encoding.pkg" value="sun.io"/>
    <property name="sun.java.launcher" value="SUN_STANDARD"/>
    <property name="sun.os.patch.level" value="unknown"/>
    <property name="findbugs.skip" value="true"/>
    <property name="java.vm.specification.name" value="Java Virtual Machine Specification"/>
    <property name="user.dir" value="/root/workspace/hekate-io/hekate/390165353"/>
    <property name="checkstyle.skip" value="true"/>
    <property name="java.runtime.version" value="1.8.0_121-8u121-b13-1~bpo8+1-b13"/>
    <property name="java.awt.graphicsenv" value="sun.awt.X11GraphicsEnvironment"/>
    <property name="skip.npm" value="true"/>
    <property name="java.endorsed.dirs" value="/usr/lib/jvm/java-8-openjdk-amd64/jre/lib/endorsed"/>
    <property name="os.arch" value="amd64"/>
    <property name="java.io.tmpdir" value="/tmp"/>
    <property name="gpg.skip" value="true"/>
    <property name="line.separator" value="&#10;"/>
    <property name="java.vm.specification.vendor" value="Oracle Corporation"/>
    <property name="cobertura.skip" value="true"/>
    <property name="os.name" value="Linux"/>
    <property name="classworlds.conf" value="/usr/share/maven/bin/m2.conf"/>
    <property name="sun.jnu.encoding" value="UTF-8"/>
    <property name="java.library.path" value="/usr/java/packages/lib/amd64:/usr/lib/x86_64-linux-gnu/jni:/lib/x86_64-linux-gnu:/usr/lib/x86_64-linux-gnu:/usr/lib/jni:/lib:/usr/lib"/>
    <property name="license.skip" value="true"/>
    <property name="java.specification.name" value="Java Platform API Specification"/>
    <property name="java.class.version" value="52.0"/>
    <property name="org.slf4j.simpleLogger.levelInBrackets" value="true"/>
    <property name="sun.management.compiler" value="HotSpot 64-Bit Tiered Compilers"/>
    <property name="skip.bower" value="true"/>
    <property name="maven.repo.local" value="/root/./workspace/hekate-io/hekate/390165353/.m2"/>
    <property name="os.version" value="3.10.0-862.3.2.el7.x86_64"/>
    <property name="user.home" value="/root"/>
    <property name="user.timezone" value="Europe/Paris"/>
    <property name="java.awt.printerjob" value="sun.print.PSPrinterJob"/>
    <property name="java.specification.version" value="1.8"/>
    <property name="file.encoding" value="UTF-8"/>
    <property name="user.name" value="root"/>
    <property name="java.class.path" value="/usr/share/maven/boot/plexus-classworlds-2.5.2.jar"/>
    <property name="skipITs" value="true"/>
    <property name="java.vm.specification.version" value="1.8"/>
    <property name="sun.arch.data.model" value="64"/>
    <property name="java.home" value="/usr/lib/jvm/java-8-openjdk-amd64/jre"/>
    <property name="sun.java.command" value="org.codehaus.plexus.classworlds.launcher.Launcher -B -D enforcer.skip=true -D dependency-check.skip=true -D skipITs=true -D cobertura.skip=true -D maven.repo.local=/root/./workspace/hekate-io/hekate/390165353/.m2 -D rat.skip=true -D findbugs.skip=true -D skip.bower=true -D gpg.skip=true -D checkstyle.skip=true -D skip.gulp=true -D license.skip=true -D skip.npm=true test"/>
    <property name="java.specification.vendor" value="Oracle Corporation"/>
    <property name="user.language" value="en"/>
    <property name="awt.toolkit" value="sun.awt.X11.XToolkit"/>
    <property name="dependency-check.skip" value="true"/>
    <property name="java.vm.info" value="mixed mode"/>
    <property name="java.version" value="1.8.0_121"/>
    <property name="java.ext.dirs" value="/usr/lib/jvm/java-8-openjdk-amd64/jre/lib/ext:/usr/java/packages/lib/ext"/>
    <property name="securerandom.source" value="file:/dev/./urandom"/>
    <property name="sun.boot.class.path" value="/usr/lib/jvm/java-8-openjdk-amd64/jre/lib/resources.jar:/usr/lib/jvm/java-8-openjdk-amd64/jre/lib/rt.jar:/usr/lib/jvm/java-8-openjdk-amd64/jre/lib/sunrsasign.jar:/usr/lib/jvm/java-8-openjdk-amd64/jre/lib/jsse.jar:/usr/lib/jvm/java-8-openjdk-amd64/jre/lib/jce.jar:/usr/lib/jvm/java-8-openjdk-amd64/jre/lib/charsets.jar:/usr/lib/jvm/java-8-openjdk-amd64/jre/lib/jfr.jar:/usr/lib/jvm/java-8-openjdk-amd64/jre/classes"/>
    <property name="java.vendor" value="Oracle Corporation"/>
    <property name="enforcer.skip" value="true"/>
    <property name="rat.skip" value="true"/>
    <property name="maven.home" value="/usr/share/maven"/>
    <property name="file.separator" value="/"/>
    <property name="java.vendor.url.bug" value="http://bugreport.sun.com/bugreport/"/>
    <property name="sun.cpu.endian" value="little"/>
    <property name="sun.io.unicode.encoding" value="UnicodeLittle"/>
    <property name="org.slf4j.simpleLogger.showThreadName" value="false"/>
    <property name="sun.cpu.isalist" value=""/>
  </properties>
  <testcase name="testContinuousBlocking[0: BackPressureTestContext[parent=transport=NIO, worker-threads=0, nio-threads=1, low-watermark=0, high-watermark=2]]" classname="io.hekate.messaging.internal.BackPressureAggregateTest" time="0.429"/>
  <testcase name="testFailure[0: BackPressureTestContext[parent=transport=NIO, worker-threads=0, nio-threads=1, low-watermark=0, high-watermark=2]]" classname="io.hekate.messaging.internal.BackPressureAggregateTest" time="0.05"/>
  <testcase name="test[0: BackPressureTestContext[parent=transport=NIO, worker-threads=0, nio-threads=1, low-watermark=0, high-watermark=2]]" classname="io.hekate.messaging.internal.BackPressureAggregateTest" time="0.048"/>
  <testcase name="testContinuousBlocking[1: BackPressureTestContext[parent=transport=NIO, worker-threads=0, nio-threads=1, low-watermark=4, high-watermark=8]]" classname="io.hekate.messaging.internal.BackPressureAggregateTest" time="0.165"/>
  <testcase name="testFailure[1: BackPressureTestContext[parent=transport=NIO, worker-threads=0, nio-threads=1, low-watermark=4, high-watermark=8]]" classname="io.hekate.messaging.internal.BackPressureAggregateTest" time="0.065"/>
  <testcase name="test[1: BackPressureTestContext[parent=transport=NIO, worker-threads=0, nio-threads=1, low-watermark=4, high-watermark=8]]" classname="io.hekate.messaging.internal.BackPressureAggregateTest" time="0.086"/>
  <testcase name="testContinuousBlocking[2: BackPressureTestContext[parent=transport=NIO, worker-threads=1, nio-threads=1, low-watermark=0, high-watermark=2]]" classname="io.hekate.messaging.internal.BackPressureAggregateTest" time="0.585"/>
  <testcase name="testFailure[2: BackPressureTestContext[parent=transport=NIO, worker-threads=1, nio-threads=1, low-watermark=0, high-watermark=2]]" classname="io.hekate.messaging.internal.BackPressureAggregateTest" time="0.093"/>
  <testcase name="test[2: BackPressureTestContext[parent=transport=NIO, worker-threads=1, nio-threads=1, low-watermark=0, high-watermark=2]]" classname="io.hekate.messaging.internal.BackPressureAggregateTest" time="0.091"/>
  <testcase name="testContinuousBlocking[3: BackPressureTestContext[parent=transport=NIO, worker-threads=1, nio-threads=1, low-watermark=4, high-watermark=8]]" classname="io.hekate.messaging.internal.BackPressureAggregateTest" time="0.178"/>
  <testcase name="testFailure[3: BackPressureTestContext[parent=transport=NIO, worker-threads=1, nio-threads=1, low-watermark=4, high-watermark=8]]" classname="io.hekate.messaging.internal.BackPressureAggregateTest" time="0.063"/>
  <testcase name="test[3: BackPressureTestContext[parent=transport=NIO, worker-threads=1, nio-threads=1, low-watermark=4, high-watermark=8]]" classname="io.hekate.messaging.internal.BackPressureAggregateTest" time="0.09"/>
  <testcase name="testContinuousBlocking[4: BackPressureTestContext[parent=transport=NIO, worker-threads=4, nio-threads=1, low-watermark=0, high-watermark=2]]" classname="io.hekate.messaging.internal.BackPressureAggregateTest" time="0.626"/>
  <testcase name="testFailure[4: BackPressureTestContext[parent=transport=NIO, worker-threads=4, nio-threads=1, low-watermark=0, high-watermark=2]]" classname="io.hekate.messaging.internal.BackPressureAggregateTest" time="0.09"/>
  <testcase name="test[4: BackPressureTestContext[parent=transport=NIO, worker-threads=4, nio-threads=1, low-watermark=0, high-watermark=2]]" classname="io.hekate.messaging.internal.BackPressureAggregateTest" time="0.109"/>
  <testcase name="testContinuousBlocking[5: BackPressureTestContext[parent=transport=NIO, worker-threads=4, nio-threads=1, low-watermark=4, high-watermark=8]]" classname="io.hekate.messaging.internal.BackPressureAggregateTest" time="0.24"/>
  <testcase name="testFailure[5: BackPressureTestContext[parent=transport=NIO, worker-threads=4, nio-threads=1, low-watermark=4, high-watermark=8]]" classname="io.hekate.messaging.internal.BackPressureAggregateTest" time="0.066"/>
  <testcase name="test[5: BackPressureTestContext[parent=transport=NIO, worker-threads=4, nio-threads=1, low-watermark=4, high-watermark=8]]" classname="io.hekate.messaging.internal.BackPressureAggregateTest" time="0.092"/>
  <testcase name="testContinuousBlocking[6: BackPressureTestContext[parent=transport=NIO, worker-threads=5, nio-threads=0, low-watermark=0, high-watermark=2]]" classname="io.hekate.messaging.internal.BackPressureAggregateTest" time="0.6"/>
  <testcase name="testFailure[6: BackPressureTestContext[parent=transport=NIO, worker-threads=5, nio-threads=0, low-watermark=0, high-watermark=2]]" classname="io.hekate.messaging.internal.BackPressureAggregateTest" time="0.063"/>
  <testcase name="test[6: BackPressureTestContext[parent=transport=NIO, worker-threads=5, nio-threads=0, low-watermark=0, high-watermark=2]]" classname="io.hekate.messaging.internal.BackPressureAggregateTest" time="0.093"/>
  <testcase name="testContinuousBlocking[7: BackPressureTestContext[parent=transport=NIO, worker-threads=5, nio-threads=0, low-watermark=4, high-watermark=8]]" classname="io.hekate.messaging.internal.BackPressureAggregateTest" time="0.201"/>
  <testcase name="testFailure[7: BackPressureTestContext[parent=transport=NIO, worker-threads=5, nio-threads=0, low-watermark=4, high-watermark=8]]" classname="io.hekate.messaging.internal.BackPressureAggregateTest" time="0.067"/>
  <testcase name="test[7: BackPressureTestContext[parent=transport=NIO, worker-threads=5, nio-threads=0, low-watermark=4, high-watermark=8]]" classname="io.hekate.messaging.internal.BackPressureAggregateTest" time="0.09"/>
  <testcase name="testContinuousBlocking[8: BackPressureTestContext[parent=transport=NIO, ssl=JDK, worker-threads=0, nio-threads=1, low-watermark=0, high-watermark=2]]" classname="io.hekate.messaging.internal.BackPressureAggregateTest" time="0.681"/>
  <testcase name="testFailure[8: BackPressureTestContext[parent=transport=NIO, ssl=JDK, worker-threads=0, nio-threads=1, low-watermark=0, high-watermark=2]]" classname="io.hekate.messaging.internal.BackPressureAggregateTest" time="0.243"/>
  <testcase name="test[8: BackPressureTestContext[parent=transport=NIO, ssl=JDK, worker-threads=0, nio-threads=1, low-watermark=0, high-watermark=2]]" classname="io.hekate.messaging.internal.BackPressureAggregateTest" time="0.226"/>
  <testcase name="testContinuousBlocking[9: BackPressureTestContext[parent=transport=NIO, ssl=JDK, worker-threads=0, nio-threads=1, low-watermark=4, high-watermark=8]]" classname="io.hekate.messaging.internal.BackPressureAggregateTest" time="0.317"/>
  <testcase name="testFailure[9: BackPressureTestContext[parent=transport=NIO, ssl=JDK, worker-threads=0, nio-threads=1, low-watermark=4, high-watermark=8]]" classname="io.hekate.messaging.internal.BackPressureAggregateTest" time="0.175"/>
  <testcase name="test[9: BackPressureTestContext[parent=transport=NIO, ssl=JDK, worker-threads=0, nio-threads=1, low-watermark=4, high-watermark=8]]" classname="io.hekate.messaging.internal.BackPressureAggregateTest" time="0.203"/>
  <testcase name="testContinuousBlocking[10: BackPressureTestContext[parent=transport=NIO, ssl=JDK, worker-threads=1, nio-threads=1, low-watermark=0, high-watermark=2]]" classname="io.hekate.messaging.internal.BackPressureAggregateTest" time="0.591"/>
  <testcase name="testFailure[10: BackPressureTestContext[parent=transport=NIO, ssl=JDK, worker-threads=1, nio-threads=1, low-watermark=0, high-watermark=2]]" classname="io.hekate.messaging.internal.BackPressureAggregateTest" time="0.124"/>
  <testcase name="test[10: BackPressureTestContext[parent=transport=NIO, ssl=JDK, worker-threads=1, nio-threads=1, low-watermark=0, high-watermark=2]]" classname="io.hekate.messaging.internal.BackPressureAggregateTest" time="0.164"/>
  <testcase name="testContinuousBlocking[11: BackPressureTestContext[parent=transport=NIO, ssl=JDK, worker-threads=1, nio-threads=1, low-watermark=4, high-watermark=8]]" classname="io.hekate.messaging.internal.BackPressureAggregateTest" time="0.349"/>
  <testcase name="testFailure[11: BackPressureTestContext[parent=transport=NIO, ssl=JDK, worker-threads=1, nio-threads=1, low-watermark=4, high-watermark=8]]" classname="io.hekate.messaging.internal.BackPressureAggregateTest" time="0.165"/>
  <testcase name="test[11: BackPressureTestContext[parent=transport=NIO, ssl=JDK, worker-threads=1, nio-threads=1, low-watermark=4, high-watermark=8]]" classname="io.hekate.messaging.internal.BackPressureAggregateTest" time="0.198"/>
  <testcase name="testContinuousBlocking[12: BackPressureTestContext[parent=transport=NIO, ssl=JDK, worker-threads=4, nio-threads=1, low-watermark=0, high-watermark=2]]" classname="io.hekate.messaging.internal.BackPressureAggregateTest" time="0.911"/>
  <testcase name="testFailure[12: BackPressureTestContext[parent=transport=NIO, ssl=JDK, worker-threads=4, nio-threads=1, low-watermark=0, high-watermark=2]]" classname="io.hekate.messaging.internal.BackPressureAggregateTest" time="0.174"/>
  <testcase name="test[12: BackPressureTestContext[parent=transport=NIO, ssl=JDK, worker-threads=4, nio-threads=1, low-watermark=0, high-watermark=2]]" classname="io.hekate.messaging.internal.BackPressureAggregateTest" time="0.204"/>
  <testcase name="testContinuousBlocking[13: BackPressureTestContext[parent=transport=NIO, ssl=JDK, worker-threads=4, nio-threads=1, low-watermark=4, high-watermark=8]]" classname="io.hekate.messaging.internal.BackPressureAggregateTest" time="0.386"/>
  <testcase name="testFailure[13: BackPressureTestContext[parent=transport=NIO, ssl=JDK, worker-threads=4, nio-threads=1, low-watermark=4, high-watermark=8]]" classname="io.hekate.messaging.internal.BackPressureAggregateTest" time="0.17"/>
  <testcase name="test[13: BackPressureTestContext[parent=transport=NIO, ssl=JDK, worker-threads=4, nio-threads=1, low-watermark=4, high-watermark=8]]" classname="io.hekate.messaging.internal.BackPressureAggregateTest" time="0.278"/>
  <testcase name="testContinuousBlocking[14: BackPressureTestContext[parent=transport=NIO, ssl=JDK, worker-threads=5, nio-threads=0, low-watermark=0, high-watermark=2]]" classname="io.hekate.messaging.internal.BackPressureAggregateTest" time="0.777"/>
  <testcase name="testFailure[14: BackPressureTestContext[parent=transport=NIO, ssl=JDK, worker-threads=5, nio-threads=0, low-watermark=0, high-watermark=2]]" classname="io.hekate.messaging.internal.BackPressureAggregateTest" time="0.156"/>
  <testcase name="test[14: BackPressureTestContext[parent=transport=NIO, ssl=JDK, worker-threads=5, nio-threads=0, low-watermark=0, high-watermark=2]]" classname="io.hekate.messaging.internal.BackPressureAggregateTest" time="0.2"/>
  <testcase name="testContinuousBlocking[15: BackPressureTestContext[parent=transport=NIO, ssl=JDK, worker-threads=5, nio-threads=0, low-watermark=4, high-watermark=8]]" classname="io.hekate.messaging.internal.BackPressureAggregateTest" time="0.342"/>
  <testcase name="testFailure[15: BackPressureTestContext[parent=transport=NIO, ssl=JDK, worker-threads=5, nio-threads=0, low-watermark=4, high-watermark=8]]" classname="io.hekate.messaging.internal.BackPressureAggregateTest" time="0.174"/>
  <testcase name="test[15: BackPressureTestContext[parent=transport=NIO, ssl=JDK, worker-threads=5, nio-threads=0, low-watermark=4, high-watermark=8]]" classname="io.hekate.messaging.internal.BackPressureAggregateTest" time="0.202"/>
  <testcase name="testContinuousBlocking[16: BackPressureTestContext[parent=transport=NIO, ssl=OPEN_SSL, worker-threads=0, nio-threads=1, low-watermark=0, high-watermark=2]]" classname="io.hekate.messaging.internal.BackPressureAggregateTest" time="0.622"/>
  <testcase name="testFailure[16: BackPressureTestContext[parent=transport=NIO, ssl=OPEN_SSL, worker-threads=0, nio-threads=1, low-watermark=0, high-watermark=2]]" classname="io.hekate.messaging.internal.BackPressureAggregateTest" time="0.104"/>
  <testcase name="test[16: BackPressureTestContext[parent=transport=NIO, ssl=OPEN_SSL, worker-threads=0, nio-threads=1, low-watermark=0, high-watermark=2]]" classname="io.hekate.messaging.internal.BackPressureAggregateTest" time="0.127"/>
  <testcase name="testContinuousBlocking[17: BackPressureTestContext[parent=transport=NIO, ssl=OPEN_SSL, worker-threads=0, nio-threads=1, low-watermark=4, high-watermark=8]]" classname="io.hekate.messaging.internal.BackPressureAggregateTest" time="0.22"/>
  <testcase name="testFailure[17: BackPressureTestContext[parent=transport=NIO, ssl=OPEN_SSL, worker-threads=0, nio-threads=1, low-watermark=4, high-watermark=8]]" classname="io.hekate.messaging.internal.BackPressureAggregateTest" time="0.102"/>
  <testcase name="test[17: BackPressureTestContext[parent=transport=NIO, ssl=OPEN_SSL, worker-threads=0, nio-threads=1, low-watermark=4, high-watermark=8]]" classname="io.hekate.messaging.internal.BackPressureAggregateTest" time="0.127"/>
  <testcase name="testContinuousBlocking[18: BackPressureTestContext[parent=transport=NIO, ssl=OPEN_SSL, worker-threads=1, nio-threads=1, low-watermark=0, high-watermark=2]]" classname="io.hekate.messaging.internal.BackPressureAggregateTest" time="0.791"/>
  <testcase name="testFailure[18: BackPressureTestContext[parent=transport=NIO, ssl=OPEN_SSL, worker-threads=1, nio-threads=1, low-watermark=0, high-watermark=2]]" classname="io.hekate.messaging.internal.BackPressureAggregateTest" time="0.107"/>
  <testcase name="test[18: BackPressureTestContext[parent=transport=NIO, ssl=OPEN_SSL, worker-threads=1, nio-threads=1, low-watermark=0, high-watermark=2]]" classname="io.hekate.messaging.internal.BackPressureAggregateTest" time="0.127"/>
  <testcase name="testContinuousBlocking[19: BackPressureTestContext[parent=transport=NIO, ssl=OPEN_SSL, worker-threads=1, nio-threads=1, low-watermark=4, high-watermark=8]]" classname="io.hekate.messaging.internal.BackPressureAggregateTest" time="0.271"/>
  <testcase name="testFailure[19: BackPressureTestContext[parent=transport=NIO, ssl=OPEN_SSL, worker-threads=1, nio-threads=1, low-watermark=4, high-watermark=8]]" classname="io.hekate.messaging.internal.BackPressureAggregateTest" time="0.101"/>
  <testcase name="test[19: BackPressureTestContext[parent=transport=NIO, ssl=OPEN_SSL, worker-threads=1, nio-threads=1, low-watermark=4, high-watermark=8]]" classname="io.hekate.messaging.internal.BackPressureAggregateTest" time="0.127"/>
  <testcase name="testContinuousBlocking[20: BackPressureTestContext[parent=transport=NIO, ssl=OPEN_SSL, worker-threads=4, nio-threads=1, low-watermark=0, high-watermark=2]]" classname="io.hekate.messaging.internal.BackPressureAggregateTest" time="0.813"/>
  <testcase name="testFailure[20: BackPressureTestContext[parent=transport=NIO, ssl=OPEN_SSL, worker-threads=4, nio-threads=1, low-watermark=0, high-watermark=2]]" classname="io.hekate.messaging.internal.BackPressureAggregateTest" time="0.106"/>
  <testcase name="test[20: BackPressureTestContext[parent=transport=NIO, ssl=OPEN_SSL, worker-threads=4, nio-threads=1, low-watermark=0, high-watermark=2]]" classname="io.hekate.messaging.internal.BackPressureAggregateTest" time="0.126"/>
  <testcase name="testContinuousBlocking[21: BackPressureTestContext[parent=transport=NIO, ssl=OPEN_SSL, worker-threads=4, nio-threads=1, low-watermark=4, high-watermark=8]]" classname="io.hekate.messaging.internal.BackPressureAggregateTest" time="0.298"/>
  <testcase name="testFailure[21: BackPressureTestContext[parent=transport=NIO, ssl=OPEN_SSL, worker-threads=4, nio-threads=1, low-watermark=4, high-watermark=8]]" classname="io.hekate.messaging.internal.BackPressureAggregateTest" time="0.108"/>
  <testcase name="test[21: BackPressureTestContext[parent=transport=NIO, ssl=OPEN_SSL, worker-threads=4, nio-threads=1, low-watermark=4, high-watermark=8]]" classname="io.hekate.messaging.internal.BackPressureAggregateTest" time="0.127"/>
  <testcase name="testContinuousBlocking[22: BackPressureTestContext[parent=transport=NIO, ssl=OPEN_SSL, worker-threads=5, nio-threads=0, low-watermark=0, high-watermark=2]]" classname="io.hekate.messaging.internal.BackPressureAggregateTest" time="0.769"/>
  <testcase name="testFailure[22: BackPressureTestContext[parent=transport=NIO, ssl=OPEN_SSL, worker-threads=5, nio-threads=0, low-watermark=0, high-watermark=2]]" classname="io.hekate.messaging.internal.BackPressureAggregateTest" time="0.102"/>
  <testcase name="test[22: BackPressureTestContext[parent=transport=NIO, ssl=OPEN_SSL, worker-threads=5, nio-threads=0, low-watermark=0, high-watermark=2]]" classname="io.hekate.messaging.internal.BackPressureAggregateTest" time="0.127"/>
  <testcase name="testContinuousBlocking[23: BackPressureTestContext[parent=transport=NIO, ssl=OPEN_SSL, worker-threads=5, nio-threads=0, low-watermark=4, high-watermark=8]]" classname="io.hekate.messaging.internal.BackPressureAggregateTest" time="0.281"/>
  <testcase name="testFailure[23: BackPressureTestContext[parent=transport=NIO, ssl=OPEN_SSL, worker-threads=5, nio-threads=0, low-watermark=4, high-watermark=8]]" classname="io.hekate.messaging.internal.BackPressureAggregateTest" time="0.104"/>
  <testcase name="test[23: BackPressureTestContext[parent=transport=NIO, ssl=OPEN_SSL, worker-threads=5, nio-threads=0, low-watermark=4, high-watermark=8]]" classname="io.hekate.messaging.internal.BackPressureAggregateTest" time="0.127"/>
  <testcase name="testContinuousBlocking[24: BackPressureTestContext[parent=transport=EPOLL, worker-threads=0, nio-threads=1, low-watermark=0, high-watermark=2]]" classname="io.hekate.messaging.internal.BackPressureAggregateTest" time="0.413"/>
  <testcase name="testFailure[24: BackPressureTestContext[parent=transport=EPOLL, worker-threads=0, nio-threads=1, low-watermark=0, high-watermark=2]]" classname="io.hekate.messaging.internal.BackPressureAggregateTest" time="0.064"/>
  <testcase name="test[24: BackPressureTestContext[parent=transport=EPOLL, worker-threads=0, nio-threads=1, low-watermark=0, high-watermark=2]]" classname="io.hekate.messaging.internal.BackPressureAggregateTest" time="0.089"/>
  <testcase name="testContinuousBlocking[25: BackPressureTestContext[parent=transport=EPOLL, worker-threads=0, nio-threads=1, low-watermark=4, high-watermark=8]]" classname="io.hekate.messaging.internal.BackPressureAggregateTest" time="0.175"/>
  <testcase name="testFailure[25: BackPressureTestContext[parent=transport=EPOLL, worker-threads=0, nio-threads=1, low-watermark=4, high-watermark=8]]" classname="io.hekate.messaging.internal.BackPressureAggregateTest" time="0.065"/>
  <testcase name="test[25: BackPressureTestContext[parent=transport=EPOLL, worker-threads=0, nio-threads=1, low-watermark=4, high-watermark=8]]" classname="io.hekate.messaging.internal.BackPressureAggregateTest" time="0.091"/>
  <testcase name="testContinuousBlocking[26: BackPressureTestContext[parent=transport=EPOLL, worker-threads=1, nio-threads=1, low-watermark=0, high-watermark=2]]" classname="io.hekate.messaging.internal.BackPressureAggregateTest" time="0.543"/>
  <testcase name="testFailure[26: BackPressureTestContext[parent=transport=EPOLL, worker-threads=1, nio-threads=1, low-watermark=0, high-watermark=2]]" classname="io.hekate.messaging.internal.BackPressureAggregateTest" time="0.065"/>
  <testcase name="test[26: BackPressureTestContext[parent=transport=EPOLL, worker-threads=1, nio-threads=1, low-watermark=0, high-watermark=2]]" classname="io.hekate.messaging.internal.BackPressureAggregateTest" time="0.117"/>
  <testcase name="testContinuousBlocking[27: BackPressureTestContext[parent=transport=EPOLL, worker-threads=1, nio-threads=1, low-watermark=4, high-watermark=8]]" classname="io.hekate.messaging.internal.BackPressureAggregateTest" time="0.169"/>
  <testcase name="testFailure[27: BackPressureTestContext[parent=transport=EPOLL, worker-threads=1, nio-threads=1, low-watermark=4, high-watermark=8]]" classname="io.hekate.messaging.internal.BackPressureAggregateTest" time="0.064"/>
  <testcase name="test[27: BackPressureTestContext[parent=transport=EPOLL, worker-threads=1, nio-threads=1, low-watermark=4, high-watermark=8]]" classname="io.hekate.messaging.internal.BackPressureAggregateTest" time="0.089"/>
  <testcase name="testContinuousBlocking[28: BackPressureTestContext[parent=transport=EPOLL, worker-threads=4, nio-threads=1, low-watermark=0, high-watermark=2]]" classname="io.hekate.messaging.internal.BackPressureAggregateTest" time="0.58"/>
  <testcase name="testFailure[28: BackPressureTestContext[parent=transport=EPOLL, worker-threads=4, nio-threads=1, low-watermark=0, high-watermark=2]]" classname="io.hekate.messaging.internal.BackPressureAggregateTest" time="0.065"/>
  <testcase name="test[28: BackPressureTestContext[parent=transport=EPOLL, worker-threads=4, nio-threads=1, low-watermark=0, high-watermark=2]]" classname="io.hekate.messaging.internal.BackPressureAggregateTest" time="0.117"/>
  <testcase name="testContinuousBlocking[29: BackPressureTestContext[parent=transport=EPOLL, worker-threads=4, nio-threads=1, low-watermark=4, high-watermark=8]]" classname="io.hekate.messaging.internal.BackPressureAggregateTest" time="0.192"/>
  <testcase name="testFailure[29: BackPressureTestContext[parent=transport=EPOLL, worker-threads=4, nio-threads=1, low-watermark=4, high-watermark=8]]" classname="io.hekate.messaging.internal.BackPressureAggregateTest" time="0.064"/>
  <testcase name="test[29: BackPressureTestContext[parent=transport=EPOLL, worker-threads=4, nio-threads=1, low-watermark=4, high-watermark=8]]" classname="io.hekate.messaging.internal.BackPressureAggregateTest" time="0.123"/>
  <testcase name="testContinuousBlocking[30: BackPressureTestContext[parent=transport=EPOLL, worker-threads=5, nio-threads=0, low-watermark=0, high-watermark=2]]" classname="io.hekate.messaging.internal.BackPressureAggregateTest" time="0.595"/>
  <testcase name="testFailure[30: BackPressureTestContext[parent=transport=EPOLL, worker-threads=5, nio-threads=0, low-watermark=0, high-watermark=2]]" classname="io.hekate.messaging.internal.BackPressureAggregateTest" time="0.071"/>
  <testcase name="test[30: BackPressureTestContext[parent=transport=EPOLL, worker-threads=5, nio-threads=0, low-watermark=0, high-watermark=2]]" classname="io.hekate.messaging.internal.BackPressureAggregateTest" time="0.113"/>
  <testcase name="testContinuousBlocking[31: BackPressureTestContext[parent=transport=EPOLL, worker-threads=5, nio-threads=0, low-watermark=4, high-watermark=8]]" classname="io.hekate.messaging.internal.BackPressureAggregateTest" time="0.207"/>
  <testcase name="testFailure[31: BackPressureTestContext[parent=transport=EPOLL, worker-threads=5, nio-threads=0, low-watermark=4, high-watermark=8]]" classname="io.hekate.messaging.internal.BackPressureAggregateTest" time="0.08"/>
  <testcase name="test[31: BackPressureTestContext[parent=transport=EPOLL, worker-threads=5, nio-threads=0, low-watermark=4, high-watermark=8]]" classname="io.hekate.messaging.internal.BackPressureAggregateTest" time="0.091"/>
  <testcase name="testContinuousBlocking[32: BackPressureTestContext[parent=transport=EPOLL, ssl=JDK, worker-threads=0, nio-threads=1, low-watermark=0, high-watermark=2]]" classname="io.hekate.messaging.internal.BackPressureAggregateTest" time="0.615"/>
  <testcase name="testFailure[32: BackPressureTestContext[parent=transport=EPOLL, ssl=JDK, worker-threads=0, nio-threads=1, low-watermark=0, high-watermark=2]]" classname="io.hekate.messaging.internal.BackPressureAggregateTest" time="0.174"/>
  <testcase name="test[32: BackPressureTestContext[parent=transport=EPOLL, ssl=JDK, worker-threads=0, nio-threads=1, low-watermark=0, high-watermark=2]]" classname="io.hekate.messaging.internal.BackPressureAggregateTest" time="0.223"/>
  <testcase name="testContinuousBlocking[33: BackPressureTestContext[parent=transport=EPOLL, ssl=JDK, worker-threads=0, nio-threads=1, low-watermark=4, high-watermark=8]]" classname="io.hekate.messaging.internal.BackPressureAggregateTest" time="0.288"/>
  <testcase name="testFailure[33: BackPressureTestContext[parent=transport=EPOLL, ssl=JDK, worker-threads=0, nio-threads=1, low-watermark=4, high-watermark=8]]" classname="io.hekate.messaging.internal.BackPressureAggregateTest" time="0.165"/>
  <testcase name="test[33: BackPressureTestContext[parent=transport=EPOLL, ssl=JDK, worker-threads=0, nio-threads=1, low-watermark=4, high-watermark=8]]" classname="io.hekate.messaging.internal.BackPressureAggregateTest" time="0.224"/>
  <testcase name="testContinuousBlocking[34: BackPressureTestContext[parent=transport=EPOLL, ssl=JDK, worker-threads=1, nio-threads=1, low-watermark=0, high-watermark=2]]" classname="io.hekate.messaging.internal.BackPressureAggregateTest" time="0.862"/>
  <testcase name="testFailure[34: BackPressureTestContext[parent=transport=EPOLL, ssl=JDK, worker-threads=1, nio-threads=1, low-watermark=0, high-watermark=2]]" classname="io.hekate.messaging.internal.BackPressureAggregateTest" time="0.245"/>
  <testcase name="test[34: BackPressureTestContext[parent=transport=EPOLL, ssl=JDK, worker-threads=1, nio-threads=1, low-watermark=0, high-watermark=2]]" classname="io.hekate.messaging.internal.BackPressureAggregateTest" time="0.225"/>
  <testcase name="testContinuousBlocking[35: BackPressureTestContext[parent=transport=EPOLL, ssl=JDK, worker-threads=1, nio-threads=1, low-watermark=4, high-watermark=8]]" classname="io.hekate.messaging.internal.BackPressureAggregateTest" time="0.348"/>
  <testcase name="testFailure[35: BackPressureTestContext[parent=transport=EPOLL, ssl=JDK, worker-threads=1, nio-threads=1, low-watermark=4, high-watermark=8]]" classname="io.hekate.messaging.internal.BackPressureAggregateTest" time="0.175"/>
  <testcase name="test[35: BackPressureTestContext[parent=transport=EPOLL, ssl=JDK, worker-threads=1, nio-threads=1, low-watermark=4, high-watermark=8]]" classname="io.hekate.messaging.internal.BackPressureAggregateTest" time="0.201"/>
  <testcase name="testContinuousBlocking[36: BackPressureTestContext[parent=transport=EPOLL, ssl=JDK, worker-threads=4, nio-threads=1, low-watermark=0, high-watermark=2]]" classname="io.hekate.messaging.internal.BackPressureAggregateTest" time="0.896"/>
  <testcase name="testFailure[36: BackPressureTestContext[parent=transport=EPOLL, ssl=JDK, worker-threads=4, nio-threads=1, low-watermark=0, high-watermark=2]]" classname="io.hekate.messaging.internal.BackPressureAggregateTest" time="0.172"/>
  <testcase name="test[36: BackPressureTestContext[parent=transport=EPOLL, ssl=JDK, worker-threads=4, nio-threads=1, low-watermark=0, high-watermark=2]]" classname="io.hekate.messaging.internal.BackPressureAggregateTest" time="0.204"/>
  <testcase name="testContinuousBlocking[37: BackPressureTestContext[parent=transport=EPOLL, ssl=JDK, worker-threads=4, nio-threads=1, low-watermark=4, high-watermark=8]]" classname="io.hekate.messaging.internal.BackPressureAggregateTest" time="0.365"/>
  <testcase name="testFailure[37: BackPressureTestContext[parent=transport=EPOLL, ssl=JDK, worker-threads=4, nio-threads=1, low-watermark=4, high-watermark=8]]" classname="io.hekate.messaging.internal.BackPressureAggregateTest" time="0.188"/>
  <testcase name="test[37: BackPressureTestContext[parent=transport=EPOLL, ssl=JDK, worker-threads=4, nio-threads=1, low-watermark=4, high-watermark=8]]" classname="io.hekate.messaging.internal.BackPressureAggregateTest" time="0.192"/>
  <testcase name="testContinuousBlocking[38: BackPressureTestContext[parent=transport=EPOLL, ssl=JDK, worker-threads=5, nio-threads=0, low-watermark=0, high-watermark=2]]" classname="io.hekate.messaging.internal.BackPressureAggregateTest" time="0.831"/>
  <testcase name="testFailure[38: BackPressureTestContext[parent=transport=EPOLL, ssl=JDK, worker-threads=5, nio-threads=0, low-watermark=0, high-watermark=2]]" classname="io.hekate.messaging.internal.BackPressureAggregateTest" time="0.174"/>
  <testcase name="test[38: BackPressureTestContext[parent=transport=EPOLL, ssl=JDK, worker-threads=5, nio-threads=0, low-watermark=0, high-watermark=2]]" classname="io.hekate.messaging.internal.BackPressureAggregateTest" time="0.198"/>
  <testcase name="testContinuousBlocking[39: BackPressureTestContext[parent=transport=EPOLL, ssl=JDK, worker-threads=5, nio-threads=0, low-watermark=4, high-watermark=8]]" classname="io.hekate.messaging.internal.BackPressureAggregateTest" time="0.351"/>
  <testcase name="testFailure[39: BackPressureTestContext[parent=transport=EPOLL, ssl=JDK, worker-threads=5, nio-threads=0, low-watermark=4, high-watermark=8]]" classname="io.hekate.messaging.internal.BackPressureAggregateTest" time="0.177"/>
  <testcase name="test[39: BackPressureTestContext[parent=transport=EPOLL, ssl=JDK, worker-threads=5, nio-threads=0, low-watermark=4, high-watermark=8]]" classname="io.hekate.messaging.internal.BackPressureAggregateTest" time="0.197"/>
  <testcase name="testContinuousBlocking[40: BackPressureTestContext[parent=transport=EPOLL, ssl=OPEN_SSL, worker-threads=0, nio-threads=1, low-watermark=0, high-watermark=2]]" classname="io.hekate.messaging.internal.BackPressureAggregateTest" time="0.554"/>
  <testcase name="testFailure[40: BackPressureTestContext[parent=transport=EPOLL, ssl=OPEN_SSL, worker-threads=0, nio-threads=1, low-watermark=0, high-watermark=2]]" classname="io.hekate.messaging.internal.BackPressureAggregateTest" time="0.105"/>
  <testcase name="test[40: BackPressureTestContext[parent=transport=EPOLL, ssl=OPEN_SSL, worker-threads=0, nio-threads=1, low-watermark=0, high-watermark=2]]" classname="io.hekate.messaging.internal.BackPressureAggregateTest" time="0.129"/>
  <testcase name="testContinuousBlocking[41: BackPressureTestContext[parent=transport=EPOLL, ssl=OPEN_SSL, worker-threads=0, nio-threads=1, low-watermark=4, high-watermark=8]]" classname="io.hekate.messaging.internal.BackPressureAggregateTest" time="0.218"/>
  <testcase name="testFailure[41: BackPressureTestContext[parent=transport=EPOLL, ssl=OPEN_SSL, worker-threads=0, nio-threads=1, low-watermark=4, high-watermark=8]]" classname="io.hekate.messaging.internal.BackPressureAggregateTest" time="0.102"/>
  <testcase name="test[41: BackPressureTestContext[parent=transport=EPOLL, ssl=OPEN_SSL, worker-threads=0, nio-threads=1, low-watermark=4, high-watermark=8]]" classname="io.hekate.messaging.internal.BackPressureAggregateTest" time="0.126"/>
  <testcase name="testContinuousBlocking[42: BackPressureTestContext[parent=transport=EPOLL, ssl=OPEN_SSL, worker-threads=1, nio-threads=1, low-watermark=0, high-watermark=2]]" classname="io.hekate.messaging.internal.BackPressureAggregateTest" time="0.758"/>
  <testcase name="testFailure[42: BackPressureTestContext[parent=transport=EPOLL, ssl=OPEN_SSL, worker-threads=1, nio-threads=1, low-watermark=0, high-watermark=2]]" classname="io.hekate.messaging.internal.BackPressureAggregateTest" time="0.105"/>
  <testcase name="test[42: BackPressureTestContext[parent=transport=EPOLL, ssl=OPEN_SSL, worker-threads=1, nio-threads=1, low-watermark=0, high-watermark=2]]" classname="io.hekate.messaging.internal.BackPressureAggregateTest" time="0.128"/>
  <testcase name="testContinuousBlocking[43: BackPressureTestContext[parent=transport=EPOLL, ssl=OPEN_SSL, worker-threads=1, nio-threads=1, low-watermark=4, high-watermark=8]]" classname="io.hekate.messaging.internal.BackPressureAggregateTest" time="0.279"/>
  <testcase name="testFailure[43: BackPressureTestContext[parent=transport=EPOLL, ssl=OPEN_SSL, worker-threads=1, nio-threads=1, low-watermark=4, high-watermark=8]]" classname="io.hekate.messaging.internal.BackPressureAggregateTest" time="0.101"/>
  <testcase name="test[43: BackPressureTestContext[parent=transport=EPOLL, ssl=OPEN_SSL, worker-threads=1, nio-threads=1, low-watermark=4, high-watermark=8]]" classname="io.hekate.messaging.internal.BackPressureAggregateTest" time="0.128"/>
  <testcase name="testContinuousBlocking[44: BackPressureTestContext[parent=transport=EPOLL, ssl=OPEN_SSL, worker-threads=4, nio-threads=1, low-watermark=0, high-watermark=2]]" classname="io.hekate.messaging.internal.BackPressureAggregateTest" time="0.823"/>
  <testcase name="testFailure[44: BackPressureTestContext[parent=transport=EPOLL, ssl=OPEN_SSL, worker-threads=4, nio-threads=1, low-watermark=0, high-watermark=2]]" classname="io.hekate.messaging.internal.BackPressureAggregateTest" time="0.103"/>
  <testcase name="test[44: BackPressureTestContext[parent=transport=EPOLL, ssl=OPEN_SSL, worker-threads=4, nio-threads=1, low-watermark=0, high-watermark=2]]" classname="io.hekate.messaging.internal.BackPressureAggregateTest" time="0.13"/>
  <testcase name="testContinuousBlocking[45: BackPressureTestContext[parent=transport=EPOLL, ssl=OPEN_SSL, worker-threads=4, nio-threads=1, low-watermark=4, high-watermark=8]]" classname="io.hekate.messaging.internal.BackPressureAggregateTest" time="0.292"/>
  <testcase name="testFailure[45: BackPressureTestContext[parent=transport=EPOLL, ssl=OPEN_SSL, worker-threads=4, nio-threads=1, low-watermark=4, high-watermark=8]]" classname="io.hekate.messaging.internal.BackPressureAggregateTest" time="0.103"/>
  <testcase name="test[45: BackPressureTestContext[parent=transport=EPOLL, ssl=OPEN_SSL, worker-threads=4, nio-threads=1, low-watermark=4, high-watermark=8]]" classname="io.hekate.messaging.internal.BackPressureAggregateTest" time="0.128"/>
  <testcase name="testContinuousBlocking[46: BackPressureTestContext[parent=transport=EPOLL, ssl=OPEN_SSL, worker-threads=5, nio-threads=0, low-watermark=0, high-watermark=2]]" classname="io.hekate.messaging.internal.BackPressureAggregateTest" time="0.483"/>
  <testcase name="testFailure[46: BackPressureTestContext[parent=transport=EPOLL, ssl=OPEN_SSL, worker-threads=5, nio-threads=0, low-watermark=0, high-watermark=2]]" classname="io.hekate.messaging.internal.BackPressureAggregateTest" time="0.087"/>
  <testcase name="test[46: BackPressureTestContext[parent=transport=EPOLL, ssl=OPEN_SSL, worker-threads=5, nio-threads=0, low-watermark=0, high-watermark=2]]" classname="io.hekate.messaging.internal.BackPressureAggregateTest" time="0.13"/>
  <testcase name="testContinuousBlocking[47: BackPressureTestContext[parent=transport=EPOLL, ssl=OPEN_SSL, worker-threads=5, nio-threads=0, low-watermark=4, high-watermark=8]]" classname="io.hekate.messaging.internal.BackPressureAggregateTest" time="0.296"/>
  <testcase name="testFailure[47: BackPressureTestContext[parent=transport=EPOLL, ssl=OPEN_SSL, worker-threads=5, nio-threads=0, low-watermark=4, high-watermark=8]]" classname="io.hekate.messaging.internal.BackPressureAggregateTest" time="0.104"/>
  <testcase name="test[47: BackPressureTestContext[parent=transport=EPOLL, ssl=OPEN_SSL, worker-threads=5, nio-threads=0, low-watermark=4, high-watermark=8]]" classname="io.hekate.messaging.internal.BackPressureAggregateTest" time="0.128"/>
</testsuite>