<?xml version="1.0" encoding="UTF-8"?>
<!-- Generated by org.testng.reporters.JUnitReportReporter -->
<testsuite hostname="cyclone1" name="org.molgenis.semanticsearch.explain.service.ExplainServiceHelperTest" tests="3" failures="0" timestamp="1 Jun 2018 11:47:56 GMT" time="0.215" errors="0">
  <testcase name="discoverMatchedQueries" time="0.214" classname="org.molgenis.semanticsearch.explain.service.ExplainServiceHelperTest"/>
  <testcase name="testFindQuery" time="0.001" classname="org.molgenis.semanticsearch.explain.service.ExplainServiceHelperTest"/>
  <testcase name="getMatchedWord" time="0.000" classname="org.molgenis.semanticsearch.explain.service.ExplainServiceHelperTest"/>
</testsuite> <!-- org.molgenis.semanticsearch.explain.service.ExplainServiceHelperTest -->
