<?xml version="1.0" encoding="UTF-8"?>
<!-- Generated by org.testng.reporters.JUnitReportReporter -->
<testsuite hostname="cyclone1" name="org.molgenis.semanticsearch.string.StemmerTest" tests="3" failures="0" timestamp="1 Jun 2018 11:47:56 GMT" time="0.058" errors="0">
  <testcase name="stemPhrase" time="0.022" classname="org.molgenis.semanticsearch.string.StemmerTest"/>
  <testcase name="replaceIllegalCharacter" time="0.026" classname="org.molgenis.semanticsearch.string.StemmerTest"/>
  <testcase name="stem" time="0.010" classname="org.molgenis.semanticsearch.string.StemmerTest"/>
</testsuite> <!-- org.molgenis.semanticsearch.string.StemmerTest -->
