<?xml version="1.0" encoding="UTF-8"?>
<!-- Generated by org.testng.reporters.JUnitReportReporter -->
<testsuite hostname="cyclone1" name="org.molgenis.semanticsearch.string.NgramDistanceAlgorithmTest" tests="2" failures="0" timestamp="1 Jun 2018 11:47:56 GMT" time="0.071" errors="0">
  <testcase name="createNGrams" time="0.002" classname="org.molgenis.semanticsearch.string.NgramDistanceAlgorithmTest"/>
  <testcase name="calculateScore" time="0.069" classname="org.molgenis.semanticsearch.string.NgramDistanceAlgorithmTest"/>
</testsuite> <!-- org.molgenis.semanticsearch.string.NgramDistanceAlgorithmTest -->
