<?xml version="1.0" encoding="UTF-8"?>
<!-- Generated by org.testng.reporters.JUnitReportReporter -->
<testsuite hostname="cyclone1" name="org.molgenis.semanticsearch.service.impl.OntologyTagServiceTest" tests="7" failures="0" timestamp="1 Jun 2018 11:47:56 GMT" time="1.485" errors="0">
  <testcase name="testAddAttributeTag" time="0.121" classname="org.molgenis.semanticsearch.service.impl.OntologyTagServiceTest"/>
  <testcase name="testGetTagsForAttribute" time="0.188" classname="org.molgenis.semanticsearch.service.impl.OntologyTagServiceTest"/>
  <testcase name="testGetTagsForPackage" time="0.028" classname="org.molgenis.semanticsearch.service.impl.OntologyTagServiceTest"/>
  <testcase name="testGetTagEntity" time="0.082" classname="org.molgenis.semanticsearch.service.impl.OntologyTagServiceTest"/>
  <testcase name="testTagAttributesInEntity" time="0.016" classname="org.molgenis.semanticsearch.service.impl.OntologyTagServiceTest"/>
  <testcase name="testRemoveAllTagsFromEntity" time="1.039" classname="org.molgenis.semanticsearch.service.impl.OntologyTagServiceTest"/>
  <testcase name="testRemoveAttributeTag" time="0.011" classname="org.molgenis.semanticsearch.service.impl.OntologyTagServiceTest"/>
</testsuite> <!-- org.molgenis.semanticsearch.service.impl.OntologyTagServiceTest -->
