<?xml version="1.0" encoding="UTF-8"?>
<!-- Generated by org.testng.reporters.JUnitReportReporter -->
<testsuite hostname="cyclone1" name="org.molgenis.semanticsearch.service.impl.SemanticSearchServiceImplTest" tests="10" failures="0" timestamp="1 Jun 2018 11:47:56 GMT" time="0.312" errors="0">
  <testcase name="testSearchDescription" time="0.008" classname="org.molgenis.semanticsearch.service.impl.SemanticSearchServiceImplTest"/>
  <testcase name="testConvertAttribute" time="0.005" classname="org.molgenis.semanticsearch.service.impl.SemanticSearchServiceImplTest"/>
  <testcase name="testSearchLabel" time="0.011" classname="org.molgenis.semanticsearch.service.impl.SemanticSearchServiceImplTest"/>
  <testcase name="testSearchMultipleTags" time="0.005" classname="org.molgenis.semanticsearch.service.impl.SemanticSearchServiceImplTest"/>
  <testcase name="testDistanceFrom" time="0.024" classname="org.molgenis.semanticsearch.service.impl.SemanticSearchServiceImplTest"/>
  <testcase name="testFindAttributes" time="0.215" classname="org.molgenis.semanticsearch.service.impl.SemanticSearchServiceImplTest"/>
  <testcase name="testSearchUnicode" time="0.007" classname="org.molgenis.semanticsearch.service.impl.SemanticSearchServiceImplTest"/>
  <testcase name="testIsSingleMatchHighQuality" time="0.008" classname="org.molgenis.semanticsearch.service.impl.SemanticSearchServiceImplTest"/>
  <testcase name="testSearchHypertension" time="0.015" classname="org.molgenis.semanticsearch.service.impl.SemanticSearchServiceImplTest"/>
  <testcase name="testIsGoodMatch" time="0.014" classname="org.molgenis.semanticsearch.service.impl.SemanticSearchServiceImplTest"/>
</testsuite> <!-- org.molgenis.semanticsearch.service.impl.SemanticSearchServiceImplTest -->
