<?xml version="1.0" encoding="UTF-8"?>
<!-- Generated by org.testng.reporters.JUnitReportReporter -->
<testsuite hostname="cyclone1" name="org.molgenis.script.core.ScriptTypePopulatorTest" tests="2" failures="0" timestamp="6 Jun 2018 21:42:44 GMT" time="0.486" errors="0">
  <testcase name="populate" time="0.202" classname="org.molgenis.script.core.ScriptTypePopulatorTest"/>
  <testcase name="populateNoChanges" time="0.284" classname="org.molgenis.script.core.ScriptTypePopulatorTest"/>
</testsuite> <!-- org.molgenis.script.core.ScriptTypePopulatorTest -->
