<?xml version="1.0" encoding="UTF-8"?>
<!-- Generated by org.testng.reporters.JUnitReportReporter -->
<testsuite hostname="cyclone1" name="org.molgenis.script.core.ScriptUtilsTest" tests="1" failures="0" timestamp="30 May 2018 12:50:40 GMT" time="1.777" errors="0">
  <testcase name="testGenerateScript" time="1.777" classname="org.molgenis.script.core.ScriptUtilsTest"/>
</testsuite> <!-- org.molgenis.script.core.ScriptUtilsTest -->
