<?xml version="1.0" encoding="UTF-8"?>
<!-- Generated by org.testng.reporters.JUnitReportReporter -->
<testsuite hostname="cyclone1" name="org.molgenis.script.core.ScriptTypePopulatorTest" tests="2" failures="0" timestamp="4 Jun 2018 11:13:21 GMT" time="0.547" errors="0">
  <testcase name="populate" time="0.223" classname="org.molgenis.script.core.ScriptTypePopulatorTest"/>
  <testcase name="populateNoChanges" time="0.324" classname="org.molgenis.script.core.ScriptTypePopulatorTest"/>
</testsuite> <!-- org.molgenis.script.core.ScriptTypePopulatorTest -->
