<?xml version="1.0" encoding="UTF-8"?>
<!-- Generated by org.testng.reporters.JUnitReportReporter -->
<testsuite hostname="cyclone1" name="org.molgenis.script.core.ScriptUtilsTest" tests="1" failures="0" timestamp="1 Jun 2018 11:33:46 GMT" time="1.927" errors="0">
  <testcase name="testGenerateScript" time="1.927" classname="org.molgenis.script.core.ScriptUtilsTest"/>
</testsuite> <!-- org.molgenis.script.core.ScriptUtilsTest -->
