<?xml version="1.0" encoding="UTF-8"?>
<!-- Generated by org.testng.reporters.JUnitReportReporter -->
<testsuite hostname="cyclone1" name="org.molgenis.script.core.ScriptTypePopulatorTest" tests="2" failures="0" timestamp="30 May 2018 12:50:40 GMT" time="0.554" errors="0">
  <testcase name="populate" time="0.550" classname="org.molgenis.script.core.ScriptTypePopulatorTest"/>
  <testcase name="populateNoChanges" time="0.004" classname="org.molgenis.script.core.ScriptTypePopulatorTest"/>
</testsuite> <!-- org.molgenis.script.core.ScriptTypePopulatorTest -->
