<?xml version="1.0" encoding="UTF-8"?>
<!-- Generated by org.testng.reporters.JUnitReportReporter -->
<testsuite hostname="cyclone1" name="org.molgenis.script.core.ScriptTypePopulatorTest" tests="2" failures="0" timestamp="6 Jun 2018 14:17:55 GMT" time="2.093" errors="0">
  <testcase name="populateNoChanges" time="1.824" classname="org.molgenis.script.core.ScriptTypePopulatorTest"/>
  <testcase name="populate" time="0.269" classname="org.molgenis.script.core.ScriptTypePopulatorTest"/>
</testsuite> <!-- org.molgenis.script.core.ScriptTypePopulatorTest -->
