<?xml version="1.0" encoding="UTF-8"?>
<!-- Generated by org.testng.reporters.JUnitReportReporter -->
<testsuite hostname="cyclone1" name="org.molgenis.script.core.ScriptTypePopulatorTest" tests="2" failures="0" timestamp="7 Jun 2018 14:46:50 GMT" time="0.408" errors="0">
  <testcase name="populate" time="0.169" classname="org.molgenis.script.core.ScriptTypePopulatorTest"/>
  <testcase name="populateNoChanges" time="0.239" classname="org.molgenis.script.core.ScriptTypePopulatorTest"/>
</testsuite> <!-- org.molgenis.script.core.ScriptTypePopulatorTest -->
