<?xml version="1.0" encoding="UTF-8"?>
<!-- Generated by org.testng.reporters.JUnitReportReporter -->
<testsuite hostname="cyclone1" name="org.molgenis.script.core.ScriptUtilsTest" tests="1" failures="0" timestamp="4 Jun 2018 11:13:21 GMT" time="1.859" errors="0">
  <testcase name="testGenerateScript" time="1.859" classname="org.molgenis.script.core.ScriptUtilsTest"/>
</testsuite> <!-- org.molgenis.script.core.ScriptUtilsTest -->
