<?xml version="1.0" encoding="UTF-8"?>
<!-- Generated by org.testng.reporters.JUnitReportReporter -->
<testsuite hostname="cyclone1" name="org.molgenis.script.core.ScriptTypePopulatorTest" tests="2" failures="0" timestamp="6 Jun 2018 08:45:22 GMT" time="0.509" errors="0">
  <testcase name="populate" time="0.182" classname="org.molgenis.script.core.ScriptTypePopulatorTest"/>
  <testcase name="populateNoChanges" time="0.327" classname="org.molgenis.script.core.ScriptTypePopulatorTest"/>
</testsuite> <!-- org.molgenis.script.core.ScriptTypePopulatorTest -->
