<?xml version="1.0" encoding="UTF-8"?>
<testsuite xmlns:xsi="http://www.w3.org/2001/XMLSchema-instance" xsi:noNamespaceSchemaLocation="https://maven.apache.org/surefire/maven-surefire-plugin/xsd/surefire-test-report.xsd" name="TestSuite" time="17.487" tests="126" errors="0" skipped="0" failures="6">
  <properties>
    <property name="awt.toolkit" value="sun.awt.X11.XToolkit"/>
    <property name="file.encoding.pkg" value="sun.io"/>
    <property name="java.specification.version" value="1.8"/>
    <property name="sun.cpu.isalist" value=""/>
    <property name="sun.jnu.encoding" value="UTF-8"/>
    <property name="java.class.path" value="/root/workspace/molgenis/molgenis/388640345/molgenis-data-annotators/target/test-classes:/root/workspace/molgenis/molgenis/388640345/molgenis-data-annotators/target/classes:/root/workspace/molgenis/molgenis/388640345/molgenis-data/target/classes:/root/workspace/molgenis/molgenis/388640345/molgenis-util/target/classes:/root/./workspace/molgenis/molgenis/388640345/.m2/com/sun/mail/javax.mail/1.6.1/javax.mail-1.6.1.jar:/root/./workspace/molgenis/molgenis/388640345/.m2/javax/activation/activation/1.1.1/activation-1.1.1.jar:/root/./workspace/molgenis/molgenis/388640345/.m2/org/mapdb/mapdb/1.0.6/mapdb-1.0.6.jar:/root/workspace/molgenis/molgenis/388640345/molgenis-i18n/target/classes:/root/workspace/molgenis/molgenis/388640345/molgenis-security-core/target/classes:/root/./workspace/molgenis/molgenis/388640345/.m2/org/springframework/security/spring-security-acl/5.0.5.RELEASE/spring-security-acl-5.0.5.RELEASE.jar:/root/./workspace/molgenis/molgenis/388640345/.m2/org/springframework/spring-jdbc/5.0.6.RELEASE/spring-jdbc-5.0.6.RELEASE.jar:/root/./workspace/molgenis/molgenis/388640345/.m2/org/springframework/spring-aspects/5.0.6.RELEASE/spring-aspects-5.0.6.RELEASE.jar:/root/./workspace/molgenis/molgenis/388640345/.m2/org/aspectj/aspectjweaver/1.8.13/aspectjweaver-1.8.13.jar:/root/./workspace/molgenis/molgenis/388640345/.m2/org/springframework/spring-tx/5.0.6.RELEASE/spring-tx-5.0.6.RELEASE.jar:/root/./workspace/molgenis/molgenis/388640345/.m2/org/springframework/spring-beans/5.0.6.RELEASE/spring-beans-5.0.6.RELEASE.jar:/root/./workspace/molgenis/molgenis/388640345/.m2/com/google/code/gson/gson/2.8.4/gson-2.8.4.jar:/root/./workspace/molgenis/molgenis/388640345/.m2/com/eaio/uuid/uuid/3.2/uuid-3.2.jar:/root/./workspace/molgenis/molgenis/388640345/.m2/com/mchange/c3p0/0.9.5.2/c3p0-0.9.5.2.jar:/root/./workspace/molgenis/molgenis/388640345/.m2/com/mchange/mchange-commons-java/0.2.11/mchange-commons-java-0.2.11.jar:/root/./workspace/molgenis/molgenis/388640345/.m2/javax/validation/validation-api/2.0.1.Final/validation-api-2.0.1.Final.jar:/root/workspace/molgenis/molgenis/388640345/molgenis-data-csv/target/classes:/root/workspace/molgenis/molgenis/388640345/molgenis-data-file/target/classes:/root/./workspace/molgenis/molgenis/388640345/.m2/net/sf/opencsv/opencsv/2.3/opencsv-2.3.jar:/root/./workspace/molgenis/molgenis/388640345/.m2/commons-io/commons-io/2.6/commons-io-2.6.jar:/root/workspace/molgenis/molgenis/388640345/molgenis-data-excel/target/classes:/root/./workspace/molgenis/molgenis/388640345/.m2/org/apache/poi/poi/3.17/poi-3.17.jar:/root/./workspace/molgenis/molgenis/388640345/.m2/commons-codec/commons-codec/1.11/commons-codec-1.11.jar:/root/./workspace/molgenis/molgenis/388640345/.m2/org/apache/commons/commons-collections4/4.1/commons-collections4-4.1.jar:/root/./workspace/molgenis/molgenis/388640345/.m2/org/apache/poi/poi-ooxml/3.17/poi-ooxml-3.17.jar:/root/./workspace/molgenis/molgenis/388640345/.m2/org/apache/poi/poi-ooxml-schemas/3.17/poi-ooxml-schemas-3.17.jar:/root/./workspace/molgenis/molgenis/388640345/.m2/org/apache/xmlbeans/xmlbeans/2.6.0/xmlbeans-2.6.0.jar:/root/./workspace/molgenis/molgenis/388640345/.m2/com/github/virtuald/curvesapi/1.04/curvesapi-1.04.jar:/root/workspace/molgenis/molgenis/388640345/molgenis-data-vcf/target/classes:/root/workspace/molgenis/molgenis/388640345/molgenis-data-validation/target/classes:/root/workspace/molgenis/molgenis/388640345/molgenis-js/target/classes:/root/workspace/molgenis/molgenis/388640345/molgenis-scripts-core/target/classes:/root/./workspace/molgenis/molgenis/388640345/.m2/org/everit/json/org.everit.json.schema/1.5.1/org.everit.json.schema-1.5.1.jar:/root/./workspace/molgenis/molgenis/388640345/.m2/commons-validator/commons-validator/1.5.1/commons-validator-1.5.1.jar:/root/./workspace/molgenis/molgenis/388640345/.m2/commons-beanutils/commons-beanutils/1.9.3/commons-beanutils-1.9.3.jar:/root/./workspace/molgenis/molgenis/388640345/.m2/commons-digester/commons-digester/1.8.1/commons-digester-1.8.1.jar:/root/./workspace/molgenis/molgenis/388640345/.m2/commons-collections/commons-collections/3.2.2/commons-collections-3.2.2.jar:/root/./workspace/molgenis/molgenis/388640345/.m2/org/hibernate/validator/hibernate-validator/6.0.9.Final/hibernate-validator-6.0.9.Final.jar:/root/./workspace/molgenis/molgenis/388640345/.m2/org/jboss/logging/jboss-logging/3.3.2.Final/jboss-logging-3.3.2.Final.jar:/root/./workspace/molgenis/molgenis/388640345/.m2/com/fasterxml/classmate/1.3.4/classmate-1.3.4.jar:/root/./workspace/molgenis/molgenis/388640345/.m2/org/glassfish/javax.el/3.0.0/javax.el-3.0.0.jar:/root/./workspace/molgenis/molgenis/388640345/.m2/nl/systemsgenetics/Genotype-IO/1.0.3/Genotype-IO-1.0.3.jar:/root/./workspace/molgenis/molgenis/388640345/.m2/commons-cli/commons-cli/1.4/commons-cli-1.4.jar:/root/workspace/molgenis/molgenis/388640345/molgenis-data-import/target/classes:/root/workspace/molgenis/molgenis/388640345/molgenis-data-i18n/target/classes:/root/workspace/molgenis/molgenis/388640345/molgenis-data-security/target/classes:/root/workspace/molgenis/molgenis/388640345/molgenis-settings/target/classes:/root/./workspace/molgenis/molgenis/388640345/.m2/org/springframework/spring-context-support/5.0.6.RELEASE/spring-context-support-5.0.6.RELEASE.jar:/root/workspace/molgenis/molgenis/388640345/molgenis-jobs/target/classes:/root/workspace/molgenis/molgenis/388640345/molgenis-security/target/classes:/root/workspace/molgenis/molgenis/388640345/molgenis-core/target/classes:/root/workspace/molgenis/molgenis/388640345/molgenis-data-plugin/target/classes:/root/workspace/molgenis/molgenis/388640345/molgenis-web/target/classes:/root/./workspace/molgenis/molgenis/388640345/.m2/cz/jirutka/rsql/rsql-parser/2.0.0/rsql-parser-2.0.0.jar:/root/./workspace/molgenis/molgenis/388640345/.m2/com/fatboyindustrial/gson-javatime-serialisers/gson-javatime-serialisers/1.1.1/gson-javatime-serialisers-1.1.1.jar:/root/./workspace/molgenis/molgenis/388640345/.m2/io/swagger/swagger-annotations/1.5.16/swagger-annotations-1.5.16.jar:/root/./workspace/molgenis/molgenis/388640345/.m2/com/github/ben-manes/caffeine/caffeine/2.6.2/caffeine-2.6.2.jar:/root/./workspace/molgenis/molgenis/388640345/.m2/org/freemarker/freemarker/2.3.28/freemarker-2.3.28.jar:/root/./workspace/molgenis/molgenis/388640345/.m2/cn/apiclub/tool/simplecaptcha/1.2.2/simplecaptcha-1.2.2.jar:/root/./workspace/molgenis/molgenis/388640345/.m2/org/springframework/spring-webmvc/5.0.6.RELEASE/spring-webmvc-5.0.6.RELEASE.jar:/root/./workspace/molgenis/molgenis/388640345/.m2/org/springframework/security/spring-security-config/5.0.5.RELEASE/spring-security-config-5.0.5.RELEASE.jar:/root/./workspace/molgenis/molgenis/388640345/.m2/com/google/api-client/google-api-client/1.21.0/google-api-client-1.21.0.jar:/root/./workspace/molgenis/molgenis/388640345/.m2/com/google/oauth-client/google-oauth-client/1.21.0/google-oauth-client-1.21.0.jar:/root/./workspace/molgenis/molgenis/388640345/.m2/com/google/http-client/google-http-client/1.21.0/google-http-client-1.21.0.jar:/root/./workspace/molgenis/molgenis/388640345/.m2/org/apache/httpcomponents/httpclient/4.5.5/httpclient-4.5.5.jar:/root/./workspace/molgenis/molgenis/388640345/.m2/org/apache/httpcomponents/httpcore/4.4.9/httpcore-4.4.9.jar:/root/./workspace/molgenis/molgenis/388640345/.m2/com/google/http-client/google-http-client-jackson2/1.21.0/google-http-client-jackson2-1.21.0.jar:/root/./workspace/molgenis/molgenis/388640345/.m2/org/jboss/aerogear/aerogear-otp-java/1.0.0/aerogear-otp-java-1.0.0.jar:/root/./workspace/molgenis/molgenis/388640345/.m2/org/quartz-scheduler/quartz/2.3.0/quartz-2.3.0.jar:/root/./workspace/molgenis/molgenis/388640345/.m2/org/springframework/security/spring-security-core/5.0.5.RELEASE/spring-security-core-5.0.5.RELEASE.jar:/root/./workspace/molgenis/molgenis/388640345/.m2/org/springframework/spring-aop/5.0.6.RELEASE/spring-aop-5.0.6.RELEASE.jar:/root/./workspace/molgenis/molgenis/388640345/.m2/org/springframework/spring-expression/5.0.6.RELEASE/spring-expression-5.0.6.RELEASE.jar:/root/./workspace/molgenis/molgenis/388640345/.m2/joda-time/joda-time/2.9.9/joda-time-2.9.9.jar:/root/./workspace/molgenis/molgenis/388640345/.m2/com/google/auto/value/auto-value/1.4.1/auto-value-1.4.1.jar:/root/./workspace/molgenis/molgenis/388640345/.m2/org/utgenome/thirdparty/picard/1.102.0/picard-1.102.0.jar:/root/./workspace/molgenis/molgenis/388640345/.m2/org/apache/ant/ant/1.8.4/ant-1.8.4.jar:/root/./workspace/molgenis/molgenis/388640345/.m2/org/apache/ant/ant-launcher/1.8.4/ant-launcher-1.8.4.jar:/root/./workspace/molgenis/molgenis/388640345/.m2/org/xerial/snappy/snappy-java/1.1.0/snappy-java-1.1.0.jar:/root/./workspace/molgenis/molgenis/388640345/.m2/org/apache/commons/commons-jexl/2.1.1/commons-jexl-2.1.1.jar:/root/./workspace/molgenis/molgenis/388640345/.m2/org/apache/ant/ant-apache-bcel/1.8.4/ant-apache-bcel-1.8.4.jar:/root/./workspace/molgenis/molgenis/388640345/.m2/bcel/bcel/5.1/bcel-5.1.jar:/root/./workspace/molgenis/molgenis/388640345/.m2/regexp/regexp/1.2/regexp-1.2.jar:/root/./workspace/molgenis/molgenis/388640345/.m2/org/json/json/20141113/json-20141113.jar:/root/./workspace/molgenis/molgenis/388640345/.m2/org/apache/commons/commons-lang3/3.7/commons-lang3-3.7.jar:/root/workspace/molgenis/molgenis/388640345/molgenis-data-vcf/target/test-classes:/root/workspace/molgenis/molgenis/388640345/molgenis-data/target/test-classes:/root/workspace/molgenis/molgenis/388640345/molgenis-test/target/classes:/root/./workspace/molgenis/molgenis/388640345/.m2/org/testng/testng/6.8/testng-6.8.jar:/root/./workspace/molgenis/molgenis/388640345/.m2/junit/junit/4.12/junit-4.12.jar:/root/./workspace/molgenis/molgenis/388640345/.m2/org/hamcrest/hamcrest-core/1.3/hamcrest-core-1.3.jar:/root/./workspace/molgenis/molgenis/388640345/.m2/org/beanshell/bsh/2.0b5/bsh-2.0b5.jar:/root/./workspace/molgenis/molgenis/388640345/.m2/com/beust/jcommander/1.27/jcommander-1.27.jar:/root/./workspace/molgenis/molgenis/388640345/.m2/org/yaml/snakeyaml/1.19/snakeyaml-1.19.jar:/root/./workspace/molgenis/molgenis/388640345/.m2/org/mockito/mockito-core/2.7.22/mockito-core-2.7.22.jar:/root/./workspace/molgenis/molgenis/388640345/.m2/net/bytebuddy/byte-buddy/1.7.11/byte-buddy-1.7.11.jar:/root/./workspace/molgenis/molgenis/388640345/.m2/net/bytebuddy/byte-buddy-agent/1.7.11/byte-buddy-agent-1.7.11.jar:/root/./workspace/molgenis/molgenis/388640345/.m2/org/objenesis/objenesis/2.6/objenesis-2.6.jar:/root/./workspace/molgenis/molgenis/388640345/.m2/org/hamcrest/hamcrest-all/1.3/hamcrest-all-1.3.jar:/root/./workspace/molgenis/molgenis/388640345/.m2/javax/servlet/javax.servlet-api/3.1.0/javax.servlet-api-3.1.0.jar:/root/./workspace/molgenis/molgenis/388640345/.m2/org/springframework/spring-test/5.0.6.RELEASE/spring-test-5.0.6.RELEASE.jar:/root/./workspace/molgenis/molgenis/388640345/.m2/com/fasterxml/jackson/core/jackson-databind/2.9.5/jackson-databind-2.9.5.jar:/root/./workspace/molgenis/molgenis/388640345/.m2/com/fasterxml/jackson/core/jackson-annotations/2.9.0/jackson-annotations-2.9.0.jar:/root/./workspace/molgenis/molgenis/388640345/.m2/com/fasterxml/jackson/core/jackson-core/2.9.5/jackson-core-2.9.5.jar:/root/./workspace/molgenis/molgenis/388640345/.m2/org/springframework/spring-context/5.0.6.RELEASE/spring-context-5.0.6.RELEASE.jar:/root/./workspace/molgenis/molgenis/388640345/.m2/org/springframework/security/spring-security-test/5.0.5.RELEASE/spring-security-test-5.0.5.RELEASE.jar:/root/./workspace/molgenis/molgenis/388640345/.m2/org/springframework/security/spring-security-web/5.0.5.RELEASE/spring-security-web-5.0.5.RELEASE.jar:/root/./workspace/molgenis/molgenis/388640345/.m2/org/springframework/spring-web/5.0.6.RELEASE/spring-web-5.0.6.RELEASE.jar:/root/./workspace/molgenis/molgenis/388640345/.m2/org/springframework/spring-core/5.0.6.RELEASE/spring-core-5.0.6.RELEASE.jar:/root/./workspace/molgenis/molgenis/388640345/.m2/org/springframework/spring-jcl/5.0.6.RELEASE/spring-jcl-5.0.6.RELEASE.jar:/root/./workspace/molgenis/molgenis/388640345/.m2/com/google/code/findbugs/jsr305/3.0.2/jsr305-3.0.2.jar:/root/./workspace/molgenis/molgenis/388640345/.m2/org/springframework/boot/spring-boot-starter-logging/2.0.2.RELEASE/spring-boot-starter-logging-2.0.2.RELEASE.jar:/root/./workspace/molgenis/molgenis/388640345/.m2/ch/qos/logback/logback-classic/1.2.3/logback-classic-1.2.3.jar:/root/./workspace/molgenis/molgenis/388640345/.m2/ch/qos/logback/logback-core/1.2.3/logback-core-1.2.3.jar:/root/./workspace/molgenis/molgenis/388640345/.m2/org/apache/logging/log4j/log4j-to-slf4j/2.10.0/log4j-to-slf4j-2.10.0.jar:/root/./workspace/molgenis/molgenis/388640345/.m2/org/apache/logging/log4j/log4j-api/2.10.0/log4j-api-2.10.0.jar:/root/./workspace/molgenis/molgenis/388640345/.m2/org/slf4j/jul-to-slf4j/1.7.25/jul-to-slf4j-1.7.25.jar:/root/./workspace/molgenis/molgenis/388640345/.m2/org/slf4j/log4j-over-slf4j/1.7.25/log4j-over-slf4j-1.7.25.jar:/root/./workspace/molgenis/molgenis/388640345/.m2/org/slf4j/slf4j-api/1.7.25/slf4j-api-1.7.25.jar:/root/./workspace/molgenis/molgenis/388640345/.m2/com/google/guava/guava/25.0-jre/guava-25.0-jre.jar:/root/./workspace/molgenis/molgenis/388640345/.m2/org/apache/maven/surefire/surefire-testng-utils/2.21.0/surefire-testng-utils-2.21.0.jar:/root/./workspace/molgenis/molgenis/388640345/.m2/org/apache/maven/surefire/surefire-grouper/2.21.0/surefire-grouper-2.21.0.jar:"/>
    <property name="java.vm.vendor" value="Oracle Corporation"/>
    <property name="skip.bower" value="true"/>
    <property name="sun.arch.data.model" value="64"/>
    <property name="java.vendor.url" value="http://java.oracle.com/"/>
    <property name="user.timezone" value=""/>
    <property name="java.vm.specification.version" value="1.8"/>
    <property name="os.name" value="Linux"/>
    <property name="rat.skip" value="true"/>
    <property name="gpg.skip" value="true"/>
    <property name="sun.java.launcher" value="SUN_STANDARD"/>
    <property name="sun.boot.library.path" value="/usr/lib/jvm/java-8-openjdk-amd64/jre/lib/amd64"/>
    <property name="skip.gulp" value="true"/>
    <property name="sun.java.command" value="/root/workspace/molgenis/molgenis/388640345/molgenis-data-annotators/target/surefire/surefirebooter7963170561168947078.jar /root/workspace/molgenis/molgenis/388640345/molgenis-data-annotators/target/surefire 2018-06-06T10-44-24_436-jvmRun1 surefire2847184868013694552tmp surefire_301813921352646369949tmp"/>
    <property name="dependency-check.skip" value="true"/>
    <property name="surefire.test.class.path" value="/root/workspace/molgenis/molgenis/388640345/molgenis-data-annotators/target/test-classes:/root/workspace/molgenis/molgenis/388640345/molgenis-data-annotators/target/classes:/root/workspace/molgenis/molgenis/388640345/molgenis-data/target/classes:/root/workspace/molgenis/molgenis/388640345/molgenis-util/target/classes:/root/./workspace/molgenis/molgenis/388640345/.m2/com/sun/mail/javax.mail/1.6.1/javax.mail-1.6.1.jar:/root/./workspace/molgenis/molgenis/388640345/.m2/javax/activation/activation/1.1.1/activation-1.1.1.jar:/root/./workspace/molgenis/molgenis/388640345/.m2/org/mapdb/mapdb/1.0.6/mapdb-1.0.6.jar:/root/workspace/molgenis/molgenis/388640345/molgenis-i18n/target/classes:/root/workspace/molgenis/molgenis/388640345/molgenis-security-core/target/classes:/root/./workspace/molgenis/molgenis/388640345/.m2/org/springframework/security/spring-security-acl/5.0.5.RELEASE/spring-security-acl-5.0.5.RELEASE.jar:/root/./workspace/molgenis/molgenis/388640345/.m2/org/springframework/spring-jdbc/5.0.6.RELEASE/spring-jdbc-5.0.6.RELEASE.jar:/root/./workspace/molgenis/molgenis/388640345/.m2/org/springframework/spring-aspects/5.0.6.RELEASE/spring-aspects-5.0.6.RELEASE.jar:/root/./workspace/molgenis/molgenis/388640345/.m2/org/aspectj/aspectjweaver/1.8.13/aspectjweaver-1.8.13.jar:/root/./workspace/molgenis/molgenis/388640345/.m2/org/springframework/spring-tx/5.0.6.RELEASE/spring-tx-5.0.6.RELEASE.jar:/root/./workspace/molgenis/molgenis/388640345/.m2/org/springframework/spring-beans/5.0.6.RELEASE/spring-beans-5.0.6.RELEASE.jar:/root/./workspace/molgenis/molgenis/388640345/.m2/com/google/code/gson/gson/2.8.4/gson-2.8.4.jar:/root/./workspace/molgenis/molgenis/388640345/.m2/com/eaio/uuid/uuid/3.2/uuid-3.2.jar:/root/./workspace/molgenis/molgenis/388640345/.m2/com/mchange/c3p0/0.9.5.2/c3p0-0.9.5.2.jar:/root/./workspace/molgenis/molgenis/388640345/.m2/com/mchange/mchange-commons-java/0.2.11/mchange-commons-java-0.2.11.jar:/root/./workspace/molgenis/molgenis/388640345/.m2/javax/validation/validation-api/2.0.1.Final/validation-api-2.0.1.Final.jar:/root/workspace/molgenis/molgenis/388640345/molgenis-data-csv/target/classes:/root/workspace/molgenis/molgenis/388640345/molgenis-data-file/target/classes:/root/./workspace/molgenis/molgenis/388640345/.m2/net/sf/opencsv/opencsv/2.3/opencsv-2.3.jar:/root/./workspace/molgenis/molgenis/388640345/.m2/commons-io/commons-io/2.6/commons-io-2.6.jar:/root/workspace/molgenis/molgenis/388640345/molgenis-data-excel/target/classes:/root/./workspace/molgenis/molgenis/388640345/.m2/org/apache/poi/poi/3.17/poi-3.17.jar:/root/./workspace/molgenis/molgenis/388640345/.m2/commons-codec/commons-codec/1.11/commons-codec-1.11.jar:/root/./workspace/molgenis/molgenis/388640345/.m2/org/apache/commons/commons-collections4/4.1/commons-collections4-4.1.jar:/root/./workspace/molgenis/molgenis/388640345/.m2/org/apache/poi/poi-ooxml/3.17/poi-ooxml-3.17.jar:/root/./workspace/molgenis/molgenis/388640345/.m2/org/apache/poi/poi-ooxml-schemas/3.17/poi-ooxml-schemas-3.17.jar:/root/./workspace/molgenis/molgenis/388640345/.m2/org/apache/xmlbeans/xmlbeans/2.6.0/xmlbeans-2.6.0.jar:/root/./workspace/molgenis/molgenis/388640345/.m2/com/github/virtuald/curvesapi/1.04/curvesapi-1.04.jar:/root/workspace/molgenis/molgenis/388640345/molgenis-data-vcf/target/classes:/root/workspace/molgenis/molgenis/388640345/molgenis-data-validation/target/classes:/root/workspace/molgenis/molgenis/388640345/molgenis-js/target/classes:/root/workspace/molgenis/molgenis/388640345/molgenis-scripts-core/target/classes:/root/./workspace/molgenis/molgenis/388640345/.m2/org/everit/json/org.everit.json.schema/1.5.1/org.everit.json.schema-1.5.1.jar:/root/./workspace/molgenis/molgenis/388640345/.m2/commons-validator/commons-validator/1.5.1/commons-validator-1.5.1.jar:/root/./workspace/molgenis/molgenis/388640345/.m2/commons-beanutils/commons-beanutils/1.9.3/commons-beanutils-1.9.3.jar:/root/./workspace/molgenis/molgenis/388640345/.m2/commons-digester/commons-digester/1.8.1/commons-digester-1.8.1.jar:/root/./workspace/molgenis/molgenis/388640345/.m2/commons-collections/commons-collections/3.2.2/commons-collections-3.2.2.jar:/root/./workspace/molgenis/molgenis/388640345/.m2/org/hibernate/validator/hibernate-validator/6.0.9.Final/hibernate-validator-6.0.9.Final.jar:/root/./workspace/molgenis/molgenis/388640345/.m2/org/jboss/logging/jboss-logging/3.3.2.Final/jboss-logging-3.3.2.Final.jar:/root/./workspace/molgenis/molgenis/388640345/.m2/com/fasterxml/classmate/1.3.4/classmate-1.3.4.jar:/root/./workspace/molgenis/molgenis/388640345/.m2/org/glassfish/javax.el/3.0.0/javax.el-3.0.0.jar:/root/./workspace/molgenis/molgenis/388640345/.m2/nl/systemsgenetics/Genotype-IO/1.0.3/Genotype-IO-1.0.3.jar:/root/./workspace/molgenis/molgenis/388640345/.m2/commons-cli/commons-cli/1.4/commons-cli-1.4.jar:/root/workspace/molgenis/molgenis/388640345/molgenis-data-import/target/classes:/root/workspace/molgenis/molgenis/388640345/molgenis-data-i18n/target/classes:/root/workspace/molgenis/molgenis/388640345/molgenis-data-security/target/classes:/root/workspace/molgenis/molgenis/388640345/molgenis-settings/target/classes:/root/./workspace/molgenis/molgenis/388640345/.m2/org/springframework/spring-context-support/5.0.6.RELEASE/spring-context-support-5.0.6.RELEASE.jar:/root/workspace/molgenis/molgenis/388640345/molgenis-jobs/target/classes:/root/workspace/molgenis/molgenis/388640345/molgenis-security/target/classes:/root/workspace/molgenis/molgenis/388640345/molgenis-core/target/classes:/root/workspace/molgenis/molgenis/388640345/molgenis-data-plugin/target/classes:/root/workspace/molgenis/molgenis/388640345/molgenis-web/target/classes:/root/./workspace/molgenis/molgenis/388640345/.m2/cz/jirutka/rsql/rsql-parser/2.0.0/rsql-parser-2.0.0.jar:/root/./workspace/molgenis/molgenis/388640345/.m2/com/fatboyindustrial/gson-javatime-serialisers/gson-javatime-serialisers/1.1.1/gson-javatime-serialisers-1.1.1.jar:/root/./workspace/molgenis/molgenis/388640345/.m2/io/swagger/swagger-annotations/1.5.16/swagger-annotations-1.5.16.jar:/root/./workspace/molgenis/molgenis/388640345/.m2/com/github/ben-manes/caffeine/caffeine/2.6.2/caffeine-2.6.2.jar:/root/./workspace/molgenis/molgenis/388640345/.m2/org/freemarker/freemarker/2.3.28/freemarker-2.3.28.jar:/root/./workspace/molgenis/molgenis/388640345/.m2/cn/apiclub/tool/simplecaptcha/1.2.2/simplecaptcha-1.2.2.jar:/root/./workspace/molgenis/molgenis/388640345/.m2/org/springframework/spring-webmvc/5.0.6.RELEASE/spring-webmvc-5.0.6.RELEASE.jar:/root/./workspace/molgenis/molgenis/388640345/.m2/org/springframework/security/spring-security-config/5.0.5.RELEASE/spring-security-config-5.0.5.RELEASE.jar:/root/./workspace/molgenis/molgenis/388640345/.m2/com/google/api-client/google-api-client/1.21.0/google-api-client-1.21.0.jar:/root/./workspace/molgenis/molgenis/388640345/.m2/com/google/oauth-client/google-oauth-client/1.21.0/google-oauth-client-1.21.0.jar:/root/./workspace/molgenis/molgenis/388640345/.m2/com/google/http-client/google-http-client/1.21.0/google-http-client-1.21.0.jar:/root/./workspace/molgenis/molgenis/388640345/.m2/org/apache/httpcomponents/httpclient/4.5.5/httpclient-4.5.5.jar:/root/./workspace/molgenis/molgenis/388640345/.m2/org/apache/httpcomponents/httpcore/4.4.9/httpcore-4.4.9.jar:/root/./workspace/molgenis/molgenis/388640345/.m2/com/google/http-client/google-http-client-jackson2/1.21.0/google-http-client-jackson2-1.21.0.jar:/root/./workspace/molgenis/molgenis/388640345/.m2/org/jboss/aerogear/aerogear-otp-java/1.0.0/aerogear-otp-java-1.0.0.jar:/root/./workspace/molgenis/molgenis/388640345/.m2/org/quartz-scheduler/quartz/2.3.0/quartz-2.3.0.jar:/root/./workspace/molgenis/molgenis/388640345/.m2/org/springframework/security/spring-security-core/5.0.5.RELEASE/spring-security-core-5.0.5.RELEASE.jar:/root/./workspace/molgenis/molgenis/388640345/.m2/org/springframework/spring-aop/5.0.6.RELEASE/spring-aop-5.0.6.RELEASE.jar:/root/./workspace/molgenis/molgenis/388640345/.m2/org/springframework/spring-expression/5.0.6.RELEASE/spring-expression-5.0.6.RELEASE.jar:/root/./workspace/molgenis/molgenis/388640345/.m2/joda-time/joda-time/2.9.9/joda-time-2.9.9.jar:/root/./workspace/molgenis/molgenis/388640345/.m2/com/google/auto/value/auto-value/1.4.1/auto-value-1.4.1.jar:/root/./workspace/molgenis/molgenis/388640345/.m2/org/utgenome/thirdparty/picard/1.102.0/picard-1.102.0.jar:/root/./workspace/molgenis/molgenis/388640345/.m2/org/apache/ant/ant/1.8.4/ant-1.8.4.jar:/root/./workspace/molgenis/molgenis/388640345/.m2/org/apache/ant/ant-launcher/1.8.4/ant-launcher-1.8.4.jar:/root/./workspace/molgenis/molgenis/388640345/.m2/org/xerial/snappy/snappy-java/1.1.0/snappy-java-1.1.0.jar:/root/./workspace/molgenis/molgenis/388640345/.m2/org/apache/commons/commons-jexl/2.1.1/commons-jexl-2.1.1.jar:/root/./workspace/molgenis/molgenis/388640345/.m2/org/apache/ant/ant-apache-bcel/1.8.4/ant-apache-bcel-1.8.4.jar:/root/./workspace/molgenis/molgenis/388640345/.m2/bcel/bcel/5.1/bcel-5.1.jar:/root/./workspace/molgenis/molgenis/388640345/.m2/regexp/regexp/1.2/regexp-1.2.jar:/root/./workspace/molgenis/molgenis/388640345/.m2/org/json/json/20141113/json-20141113.jar:/root/./workspace/molgenis/molgenis/388640345/.m2/org/apache/commons/commons-lang3/3.7/commons-lang3-3.7.jar:/root/workspace/molgenis/molgenis/388640345/molgenis-data-vcf/target/test-classes:/root/workspace/molgenis/molgenis/388640345/molgenis-data/target/test-classes:/root/workspace/molgenis/molgenis/388640345/molgenis-test/target/classes:/root/./workspace/molgenis/molgenis/388640345/.m2/org/testng/testng/6.8/testng-6.8.jar:/root/./workspace/molgenis/molgenis/388640345/.m2/junit/junit/4.12/junit-4.12.jar:/root/./workspace/molgenis/molgenis/388640345/.m2/org/hamcrest/hamcrest-core/1.3/hamcrest-core-1.3.jar:/root/./workspace/molgenis/molgenis/388640345/.m2/org/beanshell/bsh/2.0b5/bsh-2.0b5.jar:/root/./workspace/molgenis/molgenis/388640345/.m2/com/beust/jcommander/1.27/jcommander-1.27.jar:/root/./workspace/molgenis/molgenis/388640345/.m2/org/yaml/snakeyaml/1.19/snakeyaml-1.19.jar:/root/./workspace/molgenis/molgenis/388640345/.m2/org/mockito/mockito-core/2.7.22/mockito-core-2.7.22.jar:/root/./workspace/molgenis/molgenis/388640345/.m2/net/bytebuddy/byte-buddy/1.7.11/byte-buddy-1.7.11.jar:/root/./workspace/molgenis/molgenis/388640345/.m2/net/bytebuddy/byte-buddy-agent/1.7.11/byte-buddy-agent-1.7.11.jar:/root/./workspace/molgenis/molgenis/388640345/.m2/org/objenesis/objenesis/2.6/objenesis-2.6.jar:/root/./workspace/molgenis/molgenis/388640345/.m2/org/hamcrest/hamcrest-all/1.3/hamcrest-all-1.3.jar:/root/./workspace/molgenis/molgenis/388640345/.m2/javax/servlet/javax.servlet-api/3.1.0/javax.servlet-api-3.1.0.jar:/root/./workspace/molgenis/molgenis/388640345/.m2/org/springframework/spring-test/5.0.6.RELEASE/spring-test-5.0.6.RELEASE.jar:/root/./workspace/molgenis/molgenis/388640345/.m2/com/fasterxml/jackson/core/jackson-databind/2.9.5/jackson-databind-2.9.5.jar:/root/./workspace/molgenis/molgenis/388640345/.m2/com/fasterxml/jackson/core/jackson-annotations/2.9.0/jackson-annotations-2.9.0.jar:/root/./workspace/molgenis/molgenis/388640345/.m2/com/fasterxml/jackson/core/jackson-core/2.9.5/jackson-core-2.9.5.jar:/root/./workspace/molgenis/molgenis/388640345/.m2/org/springframework/spring-context/5.0.6.RELEASE/spring-context-5.0.6.RELEASE.jar:/root/./workspace/molgenis/molgenis/388640345/.m2/org/springframework/security/spring-security-test/5.0.5.RELEASE/spring-security-test-5.0.5.RELEASE.jar:/root/./workspace/molgenis/molgenis/388640345/.m2/org/springframework/security/spring-security-web/5.0.5.RELEASE/spring-security-web-5.0.5.RELEASE.jar:/root/./workspace/molgenis/molgenis/388640345/.m2/org/springframework/spring-web/5.0.6.RELEASE/spring-web-5.0.6.RELEASE.jar:/root/./workspace/molgenis/molgenis/388640345/.m2/org/springframework/spring-core/5.0.6.RELEASE/spring-core-5.0.6.RELEASE.jar:/root/./workspace/molgenis/molgenis/388640345/.m2/org/springframework/spring-jcl/5.0.6.RELEASE/spring-jcl-5.0.6.RELEASE.jar:/root/./workspace/molgenis/molgenis/388640345/.m2/com/google/code/findbugs/jsr305/3.0.2/jsr305-3.0.2.jar:/root/./workspace/molgenis/molgenis/388640345/.m2/org/springframework/boot/spring-boot-starter-logging/2.0.2.RELEASE/spring-boot-starter-logging-2.0.2.RELEASE.jar:/root/./workspace/molgenis/molgenis/388640345/.m2/ch/qos/logback/logback-classic/1.2.3/logback-classic-1.2.3.jar:/root/./workspace/molgenis/molgenis/388640345/.m2/ch/qos/logback/logback-core/1.2.3/logback-core-1.2.3.jar:/root/./workspace/molgenis/molgenis/388640345/.m2/org/apache/logging/log4j/log4j-to-slf4j/2.10.0/log4j-to-slf4j-2.10.0.jar:/root/./workspace/molgenis/molgenis/388640345/.m2/org/apache/logging/log4j/log4j-api/2.10.0/log4j-api-2.10.0.jar:/root/./workspace/molgenis/molgenis/388640345/.m2/org/slf4j/jul-to-slf4j/1.7.25/jul-to-slf4j-1.7.25.jar:/root/./workspace/molgenis/molgenis/388640345/.m2/org/slf4j/log4j-over-slf4j/1.7.25/log4j-over-slf4j-1.7.25.jar:/root/./workspace/molgenis/molgenis/388640345/.m2/org/slf4j/slf4j-api/1.7.25/slf4j-api-1.7.25.jar:/root/./workspace/molgenis/molgenis/388640345/.m2/com/google/guava/guava/25.0-jre/guava-25.0-jre.jar:/root/./workspace/molgenis/molgenis/388640345/.m2/org/apache/maven/surefire/surefire-testng-utils/2.21.0/surefire-testng-utils-2.21.0.jar:/root/./workspace/molgenis/molgenis/388640345/.m2/org/apache/maven/surefire/surefire-grouper/2.21.0/surefire-grouper-2.21.0.jar:"/>
    <property name="sun.cpu.endian" value="little"/>
    <property name="user.home" value="/root"/>
    <property name="user.language" value="en"/>
    <property name="java.specification.vendor" value="Oracle Corporation"/>
    <property name="java.home" value="/usr/lib/jvm/java-8-openjdk-amd64/jre"/>
    <property name="basedir" value="/root/workspace/molgenis/molgenis/388640345/molgenis-data-annotators"/>
    <property name="file.separator" value="/"/>
    <property name="checkstyle.skip" value="true"/>
    <property name="line.separator" value="&#10;"/>
    <property name="skip.npm" value="true"/>
    <property name="java.vm.specification.vendor" value="Oracle Corporation"/>
    <property name="java.specification.name" value="Java Platform API Specification"/>
    <property name="java.awt.graphicsenv" value="sun.awt.X11GraphicsEnvironment"/>
    <property name="skipITs" value="true"/>
    <property name="surefire.real.class.path" value="/root/workspace/molgenis/molgenis/388640345/molgenis-data-annotators/target/surefire/surefirebooter7963170561168947078.jar:/root/./workspace/molgenis/molgenis/388640345/.m2/org/jacoco/org.jacoco.agent/0.8.1/org.jacoco.agent-0.8.1-runtime.jar"/>
    <property name="cobertura.skip" value="true"/>
    <property name="sun.boot.class.path" value="/usr/lib/jvm/java-8-openjdk-amd64/jre/lib/resources.jar:/usr/lib/jvm/java-8-openjdk-amd64/jre/lib/rt.jar:/usr/lib/jvm/java-8-openjdk-amd64/jre/lib/sunrsasign.jar:/usr/lib/jvm/java-8-openjdk-amd64/jre/lib/jsse.jar:/usr/lib/jvm/java-8-openjdk-amd64/jre/lib/jce.jar:/usr/lib/jvm/java-8-openjdk-amd64/jre/lib/charsets.jar:/usr/lib/jvm/java-8-openjdk-amd64/jre/lib/jfr.jar:/usr/lib/jvm/java-8-openjdk-amd64/jre/classes"/>
    <property name="sun.management.compiler" value="HotSpot 64-Bit Tiered Compilers"/>
    <property name="java.runtime.version" value="1.8.0_121-8u121-b13-1~bpo8+1-b13"/>
    <property name="user.name" value="root"/>
    <property name="findbugs.skip" value="true"/>
    <property name="path.separator" value=":"/>
    <property name="os.version" value="3.10.0-862.3.2.el7.x86_64"/>
    <property name="java.endorsed.dirs" value="/usr/lib/jvm/java-8-openjdk-amd64/jre/lib/endorsed"/>
    <property name="java.runtime.name" value="OpenJDK Runtime Environment"/>
    <property name="file.encoding" value="UTF-8"/>
    <property name="java.vm.name" value="OpenJDK 64-Bit Server VM"/>
    <property name="localRepository" value="/root/./workspace/molgenis/molgenis/388640345/.m2"/>
    <property name="java.vendor.url.bug" value="http://bugreport.sun.com/bugreport/"/>
    <property name="java.io.tmpdir" value="/tmp"/>
    <property name="java.version" value="1.8.0_121"/>
    <property name="user.dir" value="/root/workspace/molgenis/molgenis/388640345/molgenis-data-annotators"/>
    <property name="os.arch" value="amd64"/>
    <property name="license.skip" value="true"/>
    <property name="java.vm.specification.name" value="Java Virtual Machine Specification"/>
    <property name="java.awt.printerjob" value="sun.print.PSPrinterJob"/>
    <property name="sun.os.patch.level" value="unknown"/>
    <property name="java.library.path" value="/usr/java/packages/lib/amd64:/usr/lib/x86_64-linux-gnu/jni:/lib/x86_64-linux-gnu:/usr/lib/x86_64-linux-gnu:/usr/lib/jni:/lib:/usr/lib"/>
    <property name="java.vm.info" value="mixed mode"/>
    <property name="java.vendor" value="Oracle Corporation"/>
    <property name="java.vm.version" value="25.121-b13"/>
    <property name="java.ext.dirs" value="/usr/lib/jvm/java-8-openjdk-amd64/jre/lib/ext:/usr/java/packages/lib/ext"/>
    <property name="sun.io.unicode.encoding" value="UnicodeLittle"/>
    <property name="maven.repo.local" value="/root/./workspace/molgenis/molgenis/388640345/.m2"/>
    <property name="enforcer.skip" value="true"/>
    <property name="java.class.version" value="52.0"/>
  </properties>
  <testcase name="count" classname="org.molgenis.data.annotation.core.entity.impl.omim.OmimRepositoryTest" time="0.015"/>
  <testcase name="findAllWithBadQuery" classname="org.molgenis.data.annotation.core.entity.impl.omim.OmimRepositoryTest" time="0.007"/>
  <testcase name="findAllWithEmptyQuery" classname="org.molgenis.data.annotation.core.entity.impl.omim.OmimRepositoryTest" time="0.005"/>
  <testcase name="findAllWithQuery" classname="org.molgenis.data.annotation.core.entity.impl.omim.OmimRepositoryTest" time="0"/>
  <testcase name="iterator" classname="org.molgenis.data.annotation.core.entity.impl.omim.OmimRepositoryTest" time="0.001"/>
  <testcase name="testAvailability" classname="org.molgenis.data.annotation.core.entity.impl.omim.OmimAnnotatorTest" time="0.023"/>
  <testcase name="testOmimAnnotation" classname="org.molgenis.data.annotation.core.entity.impl.omim.OmimAnnotatorTest" time="0.015"/>
  <testcase name="count" classname="org.molgenis.data.annotation.core.entity.impl.hpo.HPORepositoryTest" time="0.015"/>
  <testcase name="filterResults" classname="org.molgenis.data.annotation.core.entity.impl.hpo.HPOResultFilterTest" time="0.002"/>
  <testcase name="annotateIterable" classname="org.molgenis.data.annotation.core.entity.impl.ClinvarAnnotatorTest" time="0.209"/>
  <testcase name="testAnnotate" classname="org.molgenis.data.annotation.core.entity.impl.ExacAnnotatorTest" time="0.027"/>
  <testcase name="canAnnotateFalseTest" classname="org.molgenis.data.annotation.core.entity.impl.CaddAnnotatorTest" time="0"/>
  <testcase name="canAnnotateTrueTest" classname="org.molgenis.data.annotation.core.entity.impl.CaddAnnotatorTest" time="0.001"/>
  <testcase name="testEightSingleAllelicIns" classname="org.molgenis.data.annotation.core.entity.impl.CaddAnnotatorTest" time="0.08"/>
  <testcase name="testFiveMultiAllelic" classname="org.molgenis.data.annotation.core.entity.impl.CaddAnnotatorTest" time="0.002"/>
  <testcase name="testFourOccurences" classname="org.molgenis.data.annotation.core.entity.impl.CaddAnnotatorTest" time="0.002"/>
  <testcase name="testSevenMultiAllelicIns" classname="org.molgenis.data.annotation.core.entity.impl.CaddAnnotatorTest" time="0.001"/>
  <testcase name="testSixMultiAllelicDel" classname="org.molgenis.data.annotation.core.entity.impl.CaddAnnotatorTest" time="0.001"/>
  <testcase name="testThreeOccurencesOneMatch" classname="org.molgenis.data.annotation.core.entity.impl.CaddAnnotatorTest" time="0.001"/>
  <testcase name="testTwoOccurencesNoMatch" classname="org.molgenis.data.annotation.core.entity.impl.CaddAnnotatorTest" time="0.001"/>
  <testcase name="testAnnotateHighCaddPathogenic" classname="org.molgenis.data.annotation.core.entity.impl.gavin.GavinAnnotatorTest" time="3.558">
    <failure message="java.lang.NullPointerException" type="org.molgenis.data.annotation.core.exception.AnnotationException">org.molgenis.data.annotation.core.exception.AnnotationException: java.lang.NullPointerException
	at org.molgenis.data.annotation.core.entity.impl.gavin.GavinAnnotatorTest.testAnnotateHighCaddPathogenic(GavinAnnotatorTest.java:223)
Caused by: java.lang.NullPointerException
	at org.molgenis.data.annotation.core.entity.impl.gavin.GavinAnnotatorTest.testAnnotateHighCaddPathogenic(GavinAnnotatorTest.java:223)
</failure>
    <system-out><![CDATA[10:49:31.894 [main] WARN  o.m.d.a.c.r.impl.ResourceImpl - Resource gavin failed to create Repository for file /root/workspace/molgenis/molgenis/388640345/molgenis-data-annotators/target/test-classes/gavin/GAVIN_calibrations_r0.1.xlsx.
java.lang.RuntimeException: Entity [base_gavin] is not found. Entities found: [gavin]
	at org.molgenis.data.annotation.core.resources.impl.emx.InMemoryRepositoryFactory.createRepository(InMemoryRepositoryFactory.java:64)
	at org.molgenis.data.annotation.core.resources.impl.ResourceImpl.initialize(ResourceImpl.java:101)
	at org.molgenis.data.annotation.core.resources.impl.ResourceImpl.getRepository(ResourceImpl.java:86)
	at org.molgenis.data.annotation.core.resources.impl.ResourceImpl.lambda$findAll$0(ResourceImpl.java:67)
	at com.google.common.collect.Iterables.size(Iterables.java:126)
	at org.molgenis.data.annotation.core.entity.impl.gavin.GavinAnnotator$2.processQueryResults(GavinAnnotator.java:178)
	at org.molgenis.data.annotation.core.entity.impl.framework.QueryAnnotatorImpl.annotateEntity(QueryAnnotatorImpl.java:87)
	at org.molgenis.data.annotation.core.entity.impl.framework.QueryAnnotatorImpl.annotateEntity(QueryAnnotatorImpl.java:27)
	at org.molgenis.data.annotation.core.entity.impl.framework.RepositoryAnnotatorImpl.annotateEntity(RepositoryAnnotatorImpl.java:58)
	at org.molgenis.data.annotation.core.AbstractRepositoryEntityAnnotator$1.next(AbstractRepositoryEntityAnnotator.java:51)
	at org.molgenis.data.annotation.core.AbstractRepositoryEntityAnnotator$1.next(AbstractRepositoryEntityAnnotator.java:28)
	at org.molgenis.data.annotation.core.entity.impl.gavin.GavinAnnotatorTest.testAnnotateHighCaddPathogenic(GavinAnnotatorTest.java:223)
	at sun.reflect.NativeMethodAccessorImpl.invoke0(Native Method)
	at sun.reflect.NativeMethodAccessorImpl.invoke(NativeMethodAccessorImpl.java:62)
	at sun.reflect.DelegatingMethodAccessorImpl.invoke(DelegatingMethodAccessorImpl.java:43)
	at java.lang.reflect.Method.invoke(Method.java:498)
	at org.testng.internal.MethodInvocationHelper.invokeMethod(MethodInvocationHelper.java:80)
	at org.testng.internal.MethodInvocationHelper$1.runTestMethod(MethodInvocationHelper.java:182)
	at org.springframework.test.context.testng.AbstractTestNGSpringContextTests.run(AbstractTestNGSpringContextTests.java:180)
	at sun.reflect.GeneratedMethodAccessor51.invoke(Unknown Source)
	at sun.reflect.DelegatingMethodAccessorImpl.invoke(DelegatingMethodAccessorImpl.java:43)
	at java.lang.reflect.Method.invoke(Method.java:498)
	at org.testng.internal.MethodInvocationHelper.invokeHookable(MethodInvocationHelper.java:194)
	at org.testng.internal.Invoker.invokeMethod(Invoker.java:707)
	at org.testng.internal.Invoker.invokeTestMethod(Invoker.java:901)
	at org.testng.internal.Invoker.invokeTestMethods(Invoker.java:1231)
	at org.testng.internal.TestMethodWorker.invokeTestMethods(TestMethodWorker.java:127)
	at org.testng.internal.TestMethodWorker.run(TestMethodWorker.java:111)
	at org.testng.TestRunner.privateRun(TestRunner.java:767)
	at org.testng.TestRunner.run(TestRunner.java:617)
	at org.testng.SuiteRunner.runTest(SuiteRunner.java:334)
	at org.testng.SuiteRunner.runSequentially(SuiteRunner.java:329)
	at org.testng.SuiteRunner.privateRun(SuiteRunner.java:291)
	at org.testng.SuiteRunner.run(SuiteRunner.java:240)
	at org.testng.SuiteRunnerWorker.runSuite(SuiteRunnerWorker.java:52)
	at org.testng.SuiteRunnerWorker.run(SuiteRunnerWorker.java:86)
	at org.testng.TestNG.runSuitesSequentially(TestNG.java:1198)
	at org.testng.TestNG.runSuitesLocally(TestNG.java:1123)
	at org.testng.TestNG.run(TestNG.java:1031)
	at org.apache.maven.surefire.testng.TestNGExecutor.run(TestNGExecutor.java:135)
	at org.apache.maven.surefire.testng.TestNGDirectoryTestSuite.executeMulti(TestNGDirectoryTestSuite.java:193)
	at org.apache.maven.surefire.testng.TestNGDirectoryTestSuite.execute(TestNGDirectoryTestSuite.java:94)
	at org.apache.maven.surefire.testng.TestNGProvider.invoke(TestNGProvider.java:146)
	at org.apache.maven.surefire.booter.ForkedBooter.invokeProviderInSameClassLoader(ForkedBooter.java:379)
	at org.apache.maven.surefire.booter.ForkedBooter.runSuitesInProcess(ForkedBooter.java:340)
	at org.apache.maven.surefire.booter.ForkedBooter.execute(ForkedBooter.java:125)
	at org.apache.maven.surefire.booter.ForkedBooter.main(ForkedBooter.java:413)
]]></system-out>
  </testcase>
  <testcase name="testAnnotateHighMafBenign" classname="org.molgenis.data.annotation.core.entity.impl.gavin.GavinAnnotatorTest" time="1.098">
    <failure message="java.lang.NullPointerException" type="org.molgenis.data.annotation.core.exception.AnnotationException">org.molgenis.data.annotation.core.exception.AnnotationException: java.lang.NullPointerException
	at org.molgenis.data.annotation.core.entity.impl.gavin.GavinAnnotatorTest.testAnnotateHighMafBenign(GavinAnnotatorTest.java:154)
Caused by: java.lang.NullPointerException
	at org.molgenis.data.annotation.core.entity.impl.gavin.GavinAnnotatorTest.testAnnotateHighMafBenign(GavinAnnotatorTest.java:154)
</failure>
    <system-out><![CDATA[10:49:33.301 [main] WARN  o.m.d.a.c.r.impl.ResourceImpl - Resource gavin failed to create Repository for file /root/workspace/molgenis/molgenis/388640345/molgenis-data-annotators/target/test-classes/gavin/GAVIN_calibrations_r0.1.xlsx.
java.lang.RuntimeException: Entity [base_gavin] is not found. Entities found: [gavin]
	at org.molgenis.data.annotation.core.resources.impl.emx.InMemoryRepositoryFactory.createRepository(InMemoryRepositoryFactory.java:64)
	at org.molgenis.data.annotation.core.resources.impl.ResourceImpl.initialize(ResourceImpl.java:101)
	at org.molgenis.data.annotation.core.resources.impl.ResourceImpl.getRepository(ResourceImpl.java:86)
	at org.molgenis.data.annotation.core.resources.impl.ResourceImpl.lambda$findAll$0(ResourceImpl.java:67)
	at com.google.common.collect.Iterables.size(Iterables.java:126)
	at org.molgenis.data.annotation.core.entity.impl.gavin.GavinAnnotator$2.processQueryResults(GavinAnnotator.java:178)
	at org.molgenis.data.annotation.core.entity.impl.framework.QueryAnnotatorImpl.annotateEntity(QueryAnnotatorImpl.java:87)
	at org.molgenis.data.annotation.core.entity.impl.framework.QueryAnnotatorImpl.annotateEntity(QueryAnnotatorImpl.java:27)
	at org.molgenis.data.annotation.core.entity.impl.framework.RepositoryAnnotatorImpl.annotateEntity(RepositoryAnnotatorImpl.java:58)
	at org.molgenis.data.annotation.core.AbstractRepositoryEntityAnnotator$1.next(AbstractRepositoryEntityAnnotator.java:51)
	at org.molgenis.data.annotation.core.AbstractRepositoryEntityAnnotator$1.next(AbstractRepositoryEntityAnnotator.java:28)
	at org.molgenis.data.annotation.core.entity.impl.gavin.GavinAnnotatorTest.testAnnotateHighMafBenign(GavinAnnotatorTest.java:154)
	at sun.reflect.NativeMethodAccessorImpl.invoke0(Native Method)
	at sun.reflect.NativeMethodAccessorImpl.invoke(NativeMethodAccessorImpl.java:62)
	at sun.reflect.DelegatingMethodAccessorImpl.invoke(DelegatingMethodAccessorImpl.java:43)
	at java.lang.reflect.Method.invoke(Method.java:498)
	at org.testng.internal.MethodInvocationHelper.invokeMethod(MethodInvocationHelper.java:80)
	at org.testng.internal.MethodInvocationHelper$1.runTestMethod(MethodInvocationHelper.java:182)
	at org.springframework.test.context.testng.AbstractTestNGSpringContextTests.run(AbstractTestNGSpringContextTests.java:180)
	at sun.reflect.GeneratedMethodAccessor51.invoke(Unknown Source)
	at sun.reflect.DelegatingMethodAccessorImpl.invoke(DelegatingMethodAccessorImpl.java:43)
	at java.lang.reflect.Method.invoke(Method.java:498)
	at org.testng.internal.MethodInvocationHelper.invokeHookable(MethodInvocationHelper.java:194)
	at org.testng.internal.Invoker.invokeMethod(Invoker.java:707)
	at org.testng.internal.Invoker.invokeTestMethod(Invoker.java:901)
	at org.testng.internal.Invoker.invokeTestMethods(Invoker.java:1231)
	at org.testng.internal.TestMethodWorker.invokeTestMethods(TestMethodWorker.java:127)
	at org.testng.internal.TestMethodWorker.run(TestMethodWorker.java:111)
	at org.testng.TestRunner.privateRun(TestRunner.java:767)
	at org.testng.TestRunner.run(TestRunner.java:617)
	at org.testng.SuiteRunner.runTest(SuiteRunner.java:334)
	at org.testng.SuiteRunner.runSequentially(SuiteRunner.java:329)
	at org.testng.SuiteRunner.privateRun(SuiteRunner.java:291)
	at org.testng.SuiteRunner.run(SuiteRunner.java:240)
	at org.testng.SuiteRunnerWorker.runSuite(SuiteRunnerWorker.java:52)
	at org.testng.SuiteRunnerWorker.run(SuiteRunnerWorker.java:86)
	at org.testng.TestNG.runSuitesSequentially(TestNG.java:1198)
	at org.testng.TestNG.runSuitesLocally(TestNG.java:1123)
	at org.testng.TestNG.run(TestNG.java:1031)
	at org.apache.maven.surefire.testng.TestNGExecutor.run(TestNGExecutor.java:135)
	at org.apache.maven.surefire.testng.TestNGDirectoryTestSuite.executeMulti(TestNGDirectoryTestSuite.java:193)
	at org.apache.maven.surefire.testng.TestNGDirectoryTestSuite.execute(TestNGDirectoryTestSuite.java:94)
	at org.apache.maven.surefire.testng.TestNGProvider.invoke(TestNGProvider.java:146)
	at org.apache.maven.surefire.booter.ForkedBooter.invokeProviderInSameClassLoader(ForkedBooter.java:379)
	at org.apache.maven.surefire.booter.ForkedBooter.runSuitesInProcess(ForkedBooter.java:340)
	at org.apache.maven.surefire.booter.ForkedBooter.execute(ForkedBooter.java:125)
	at org.apache.maven.surefire.booter.ForkedBooter.main(ForkedBooter.java:413)
]]></system-out>
  </testcase>
  <testcase name="testAnnotateLowCaddBenign" classname="org.molgenis.data.annotation.core.entity.impl.gavin.GavinAnnotatorTest" time="0.997">
    <failure message="java.lang.NullPointerException" type="org.molgenis.data.annotation.core.exception.AnnotationException">org.molgenis.data.annotation.core.exception.AnnotationException: java.lang.NullPointerException
	at org.molgenis.data.annotation.core.entity.impl.gavin.GavinAnnotatorTest.testAnnotateLowCaddBenign(GavinAnnotatorTest.java:171)
Caused by: java.lang.NullPointerException
	at org.molgenis.data.annotation.core.entity.impl.gavin.GavinAnnotatorTest.testAnnotateLowCaddBenign(GavinAnnotatorTest.java:171)
</failure>
    <system-out><![CDATA[10:49:34.301 [main] WARN  o.m.d.a.c.r.impl.ResourceImpl - Resource gavin failed to create Repository for file /root/workspace/molgenis/molgenis/388640345/molgenis-data-annotators/target/test-classes/gavin/GAVIN_calibrations_r0.1.xlsx.
java.lang.RuntimeException: Entity [base_gavin] is not found. Entities found: [gavin]
	at org.molgenis.data.annotation.core.resources.impl.emx.InMemoryRepositoryFactory.createRepository(InMemoryRepositoryFactory.java:64)
	at org.molgenis.data.annotation.core.resources.impl.ResourceImpl.initialize(ResourceImpl.java:101)
	at org.molgenis.data.annotation.core.resources.impl.ResourceImpl.getRepository(ResourceImpl.java:86)
	at org.molgenis.data.annotation.core.resources.impl.ResourceImpl.lambda$findAll$0(ResourceImpl.java:67)
	at com.google.common.collect.Iterables.size(Iterables.java:126)
	at org.molgenis.data.annotation.core.entity.impl.gavin.GavinAnnotator$2.processQueryResults(GavinAnnotator.java:178)
	at org.molgenis.data.annotation.core.entity.impl.framework.QueryAnnotatorImpl.annotateEntity(QueryAnnotatorImpl.java:87)
	at org.molgenis.data.annotation.core.entity.impl.framework.QueryAnnotatorImpl.annotateEntity(QueryAnnotatorImpl.java:27)
	at org.molgenis.data.annotation.core.entity.impl.framework.RepositoryAnnotatorImpl.annotateEntity(RepositoryAnnotatorImpl.java:58)
	at org.molgenis.data.annotation.core.AbstractRepositoryEntityAnnotator$1.next(AbstractRepositoryEntityAnnotator.java:51)
	at org.molgenis.data.annotation.core.AbstractRepositoryEntityAnnotator$1.next(AbstractRepositoryEntityAnnotator.java:28)
	at org.molgenis.data.annotation.core.entity.impl.gavin.GavinAnnotatorTest.testAnnotateLowCaddBenign(GavinAnnotatorTest.java:171)
	at sun.reflect.NativeMethodAccessorImpl.invoke0(Native Method)
	at sun.reflect.NativeMethodAccessorImpl.invoke(NativeMethodAccessorImpl.java:62)
	at sun.reflect.DelegatingMethodAccessorImpl.invoke(DelegatingMethodAccessorImpl.java:43)
	at java.lang.reflect.Method.invoke(Method.java:498)
	at org.testng.internal.MethodInvocationHelper.invokeMethod(MethodInvocationHelper.java:80)
	at org.testng.internal.MethodInvocationHelper$1.runTestMethod(MethodInvocationHelper.java:182)
	at org.springframework.test.context.testng.AbstractTestNGSpringContextTests.run(AbstractTestNGSpringContextTests.java:180)
	at sun.reflect.GeneratedMethodAccessor51.invoke(Unknown Source)
	at sun.reflect.DelegatingMethodAccessorImpl.invoke(DelegatingMethodAccessorImpl.java:43)
	at java.lang.reflect.Method.invoke(Method.java:498)
	at org.testng.internal.MethodInvocationHelper.invokeHookable(MethodInvocationHelper.java:194)
	at org.testng.internal.Invoker.invokeMethod(Invoker.java:707)
	at org.testng.internal.Invoker.invokeTestMethod(Invoker.java:901)
	at org.testng.internal.Invoker.invokeTestMethods(Invoker.java:1231)
	at org.testng.internal.TestMethodWorker.invokeTestMethods(TestMethodWorker.java:127)
	at org.testng.internal.TestMethodWorker.run(TestMethodWorker.java:111)
	at org.testng.TestRunner.privateRun(TestRunner.java:767)
	at org.testng.TestRunner.run(TestRunner.java:617)
	at org.testng.SuiteRunner.runTest(SuiteRunner.java:334)
	at org.testng.SuiteRunner.runSequentially(SuiteRunner.java:329)
	at org.testng.SuiteRunner.privateRun(SuiteRunner.java:291)
	at org.testng.SuiteRunner.run(SuiteRunner.java:240)
	at org.testng.SuiteRunnerWorker.runSuite(SuiteRunnerWorker.java:52)
	at org.testng.SuiteRunnerWorker.run(SuiteRunnerWorker.java:86)
	at org.testng.TestNG.runSuitesSequentially(TestNG.java:1198)
	at org.testng.TestNG.runSuitesLocally(TestNG.java:1123)
	at org.testng.TestNG.run(TestNG.java:1031)
	at org.apache.maven.surefire.testng.TestNGExecutor.run(TestNGExecutor.java:135)
	at org.apache.maven.surefire.testng.TestNGDirectoryTestSuite.executeMulti(TestNGDirectoryTestSuite.java:193)
	at org.apache.maven.surefire.testng.TestNGDirectoryTestSuite.execute(TestNGDirectoryTestSuite.java:94)
	at org.apache.maven.surefire.testng.TestNGProvider.invoke(TestNGProvider.java:146)
	at org.apache.maven.surefire.booter.ForkedBooter.invokeProviderInSameClassLoader(ForkedBooter.java:379)
	at org.apache.maven.surefire.booter.ForkedBooter.runSuitesInProcess(ForkedBooter.java:340)
	at org.apache.maven.surefire.booter.ForkedBooter.execute(ForkedBooter.java:125)
	at org.apache.maven.surefire.booter.ForkedBooter.main(ForkedBooter.java:413)
]]></system-out>
  </testcase>
  <testcase name="testAnnotateLowVariantCaddBenign" classname="org.molgenis.data.annotation.core.entity.impl.gavin.GavinAnnotatorTest" time="1.035">
    <failure message="java.lang.NullPointerException" type="org.molgenis.data.annotation.core.exception.AnnotationException">org.molgenis.data.annotation.core.exception.AnnotationException: java.lang.NullPointerException
	at org.molgenis.data.annotation.core.entity.impl.gavin.GavinAnnotatorTest.testAnnotateLowVariantCaddBenign(GavinAnnotatorTest.java:206)
Caused by: java.lang.NullPointerException
	at org.molgenis.data.annotation.core.entity.impl.gavin.GavinAnnotatorTest.testAnnotateLowVariantCaddBenign(GavinAnnotatorTest.java:206)
</failure>
    <system-out><![CDATA[10:49:35.338 [main] WARN  o.m.d.a.c.r.impl.ResourceImpl - Resource gavin failed to create Repository for file /root/workspace/molgenis/molgenis/388640345/molgenis-data-annotators/target/test-classes/gavin/GAVIN_calibrations_r0.1.xlsx.
java.lang.RuntimeException: Entity [base_gavin] is not found. Entities found: [gavin]
	at org.molgenis.data.annotation.core.resources.impl.emx.InMemoryRepositoryFactory.createRepository(InMemoryRepositoryFactory.java:64)
	at org.molgenis.data.annotation.core.resources.impl.ResourceImpl.initialize(ResourceImpl.java:101)
	at org.molgenis.data.annotation.core.resources.impl.ResourceImpl.getRepository(ResourceImpl.java:86)
	at org.molgenis.data.annotation.core.resources.impl.ResourceImpl.lambda$findAll$0(ResourceImpl.java:67)
	at com.google.common.collect.Iterables.size(Iterables.java:126)
	at org.molgenis.data.annotation.core.entity.impl.gavin.GavinAnnotator$2.processQueryResults(GavinAnnotator.java:178)
	at org.molgenis.data.annotation.core.entity.impl.framework.QueryAnnotatorImpl.annotateEntity(QueryAnnotatorImpl.java:87)
	at org.molgenis.data.annotation.core.entity.impl.framework.QueryAnnotatorImpl.annotateEntity(QueryAnnotatorImpl.java:27)
	at org.molgenis.data.annotation.core.entity.impl.framework.RepositoryAnnotatorImpl.annotateEntity(RepositoryAnnotatorImpl.java:58)
	at org.molgenis.data.annotation.core.AbstractRepositoryEntityAnnotator$1.next(AbstractRepositoryEntityAnnotator.java:51)
	at org.molgenis.data.annotation.core.AbstractRepositoryEntityAnnotator$1.next(AbstractRepositoryEntityAnnotator.java:28)
	at org.molgenis.data.annotation.core.entity.impl.gavin.GavinAnnotatorTest.testAnnotateLowVariantCaddBenign(GavinAnnotatorTest.java:206)
	at sun.reflect.NativeMethodAccessorImpl.invoke0(Native Method)
	at sun.reflect.NativeMethodAccessorImpl.invoke(NativeMethodAccessorImpl.java:62)
	at sun.reflect.DelegatingMethodAccessorImpl.invoke(DelegatingMethodAccessorImpl.java:43)
	at java.lang.reflect.Method.invoke(Method.java:498)
	at org.testng.internal.MethodInvocationHelper.invokeMethod(MethodInvocationHelper.java:80)
	at org.testng.internal.MethodInvocationHelper$1.runTestMethod(MethodInvocationHelper.java:182)
	at org.springframework.test.context.testng.AbstractTestNGSpringContextTests.run(AbstractTestNGSpringContextTests.java:180)
	at sun.reflect.GeneratedMethodAccessor51.invoke(Unknown Source)
	at sun.reflect.DelegatingMethodAccessorImpl.invoke(DelegatingMethodAccessorImpl.java:43)
	at java.lang.reflect.Method.invoke(Method.java:498)
	at org.testng.internal.MethodInvocationHelper.invokeHookable(MethodInvocationHelper.java:194)
	at org.testng.internal.Invoker.invokeMethod(Invoker.java:707)
	at org.testng.internal.Invoker.invokeTestMethod(Invoker.java:901)
	at org.testng.internal.Invoker.invokeTestMethods(Invoker.java:1231)
	at org.testng.internal.TestMethodWorker.invokeTestMethods(TestMethodWorker.java:127)
	at org.testng.internal.TestMethodWorker.run(TestMethodWorker.java:111)
	at org.testng.TestRunner.privateRun(TestRunner.java:767)
	at org.testng.TestRunner.run(TestRunner.java:617)
	at org.testng.SuiteRunner.runTest(SuiteRunner.java:334)
	at org.testng.SuiteRunner.runSequentially(SuiteRunner.java:329)
	at org.testng.SuiteRunner.privateRun(SuiteRunner.java:291)
	at org.testng.SuiteRunner.run(SuiteRunner.java:240)
	at org.testng.SuiteRunnerWorker.runSuite(SuiteRunnerWorker.java:52)
	at org.testng.SuiteRunnerWorker.run(SuiteRunnerWorker.java:86)
	at org.testng.TestNG.runSuitesSequentially(TestNG.java:1198)
	at org.testng.TestNG.runSuitesLocally(TestNG.java:1123)
	at org.testng.TestNG.run(TestNG.java:1031)
	at org.apache.maven.surefire.testng.TestNGExecutor.run(TestNGExecutor.java:135)
	at org.apache.maven.surefire.testng.TestNGDirectoryTestSuite.executeMulti(TestNGDirectoryTestSuite.java:193)
	at org.apache.maven.surefire.testng.TestNGDirectoryTestSuite.execute(TestNGDirectoryTestSuite.java:94)
	at org.apache.maven.surefire.testng.TestNGProvider.invoke(TestNGProvider.java:146)
	at org.apache.maven.surefire.booter.ForkedBooter.invokeProviderInSameClassLoader(ForkedBooter.java:379)
	at org.apache.maven.surefire.booter.ForkedBooter.runSuitesInProcess(ForkedBooter.java:340)
	at org.apache.maven.surefire.booter.ForkedBooter.execute(ForkedBooter.java:125)
	at org.apache.maven.surefire.booter.ForkedBooter.main(ForkedBooter.java:413)
]]></system-out>
  </testcase>
  <testcase name="testAnnotateNoCaddVOUS" classname="org.molgenis.data.annotation.core.entity.impl.gavin.GavinAnnotatorTest" time="0.851">
    <failure message="java.lang.NullPointerException" type="org.molgenis.data.annotation.core.exception.AnnotationException">org.molgenis.data.annotation.core.exception.AnnotationException: java.lang.NullPointerException
	at org.molgenis.data.annotation.core.entity.impl.gavin.GavinAnnotatorTest.testAnnotateNoCaddVOUS(GavinAnnotatorTest.java:188)
Caused by: java.lang.NullPointerException
	at org.molgenis.data.annotation.core.entity.impl.gavin.GavinAnnotatorTest.testAnnotateNoCaddVOUS(GavinAnnotatorTest.java:188)
</failure>
    <system-out><![CDATA[10:49:36.191 [main] WARN  o.m.d.a.c.r.impl.ResourceImpl - Resource gavin failed to create Repository for file /root/workspace/molgenis/molgenis/388640345/molgenis-data-annotators/target/test-classes/gavin/GAVIN_calibrations_r0.1.xlsx.
java.lang.RuntimeException: Entity [base_gavin] is not found. Entities found: [gavin]
	at org.molgenis.data.annotation.core.resources.impl.emx.InMemoryRepositoryFactory.createRepository(InMemoryRepositoryFactory.java:64)
	at org.molgenis.data.annotation.core.resources.impl.ResourceImpl.initialize(ResourceImpl.java:101)
	at org.molgenis.data.annotation.core.resources.impl.ResourceImpl.getRepository(ResourceImpl.java:86)
	at org.molgenis.data.annotation.core.resources.impl.ResourceImpl.lambda$findAll$0(ResourceImpl.java:67)
	at com.google.common.collect.Iterables.size(Iterables.java:126)
	at org.molgenis.data.annotation.core.entity.impl.gavin.GavinAnnotator$2.processQueryResults(GavinAnnotator.java:178)
	at org.molgenis.data.annotation.core.entity.impl.framework.QueryAnnotatorImpl.annotateEntity(QueryAnnotatorImpl.java:87)
	at org.molgenis.data.annotation.core.entity.impl.framework.QueryAnnotatorImpl.annotateEntity(QueryAnnotatorImpl.java:27)
	at org.molgenis.data.annotation.core.entity.impl.framework.RepositoryAnnotatorImpl.annotateEntity(RepositoryAnnotatorImpl.java:58)
	at org.molgenis.data.annotation.core.AbstractRepositoryEntityAnnotator$1.next(AbstractRepositoryEntityAnnotator.java:51)
	at org.molgenis.data.annotation.core.AbstractRepositoryEntityAnnotator$1.next(AbstractRepositoryEntityAnnotator.java:28)
	at org.molgenis.data.annotation.core.entity.impl.gavin.GavinAnnotatorTest.testAnnotateNoCaddVOUS(GavinAnnotatorTest.java:188)
	at sun.reflect.NativeMethodAccessorImpl.invoke0(Native Method)
	at sun.reflect.NativeMethodAccessorImpl.invoke(NativeMethodAccessorImpl.java:62)
	at sun.reflect.DelegatingMethodAccessorImpl.invoke(DelegatingMethodAccessorImpl.java:43)
	at java.lang.reflect.Method.invoke(Method.java:498)
	at org.testng.internal.MethodInvocationHelper.invokeMethod(MethodInvocationHelper.java:80)
	at org.testng.internal.MethodInvocationHelper$1.runTestMethod(MethodInvocationHelper.java:182)
	at org.springframework.test.context.testng.AbstractTestNGSpringContextTests.run(AbstractTestNGSpringContextTests.java:180)
	at sun.reflect.GeneratedMethodAccessor51.invoke(Unknown Source)
	at sun.reflect.DelegatingMethodAccessorImpl.invoke(DelegatingMethodAccessorImpl.java:43)
	at java.lang.reflect.Method.invoke(Method.java:498)
	at org.testng.internal.MethodInvocationHelper.invokeHookable(MethodInvocationHelper.java:194)
	at org.testng.internal.Invoker.invokeMethod(Invoker.java:707)
	at org.testng.internal.Invoker.invokeTestMethod(Invoker.java:901)
	at org.testng.internal.Invoker.invokeTestMethods(Invoker.java:1231)
	at org.testng.internal.TestMethodWorker.invokeTestMethods(TestMethodWorker.java:127)
	at org.testng.internal.TestMethodWorker.run(TestMethodWorker.java:111)
	at org.testng.TestRunner.privateRun(TestRunner.java:767)
	at org.testng.TestRunner.run(TestRunner.java:617)
	at org.testng.SuiteRunner.runTest(SuiteRunner.java:334)
	at org.testng.SuiteRunner.runSequentially(SuiteRunner.java:329)
	at org.testng.SuiteRunner.privateRun(SuiteRunner.java:291)
	at org.testng.SuiteRunner.run(SuiteRunner.java:240)
	at org.testng.SuiteRunnerWorker.runSuite(SuiteRunnerWorker.java:52)
	at org.testng.SuiteRunnerWorker.run(SuiteRunnerWorker.java:86)
	at org.testng.TestNG.runSuitesSequentially(TestNG.java:1198)
	at org.testng.TestNG.runSuitesLocally(TestNG.java:1123)
	at org.testng.TestNG.run(TestNG.java:1031)
	at org.apache.maven.surefire.testng.TestNGExecutor.run(TestNGExecutor.java:135)
	at org.apache.maven.surefire.testng.TestNGDirectoryTestSuite.executeMulti(TestNGDirectoryTestSuite.java:193)
	at org.apache.maven.surefire.testng.TestNGDirectoryTestSuite.execute(TestNGDirectoryTestSuite.java:94)
	at org.apache.maven.surefire.testng.TestNGProvider.invoke(TestNGProvider.java:146)
	at org.apache.maven.surefire.booter.ForkedBooter.invokeProviderInSameClassLoader(ForkedBooter.java:379)
	at org.apache.maven.surefire.booter.ForkedBooter.runSuitesInProcess(ForkedBooter.java:340)
	at org.apache.maven.surefire.booter.ForkedBooter.execute(ForkedBooter.java:125)
	at org.apache.maven.surefire.booter.ForkedBooter.main(ForkedBooter.java:413)
]]></system-out>
  </testcase>
  <testcase name="testGeneWithNullFields" classname="org.molgenis.data.annotation.core.entity.impl.gavin.GavinAnnotatorTest" time="0.841">
    <failure message="java.lang.NullPointerException" type="org.molgenis.data.annotation.core.exception.AnnotationException">org.molgenis.data.annotation.core.exception.AnnotationException: java.lang.NullPointerException
	at org.molgenis.data.annotation.core.entity.impl.gavin.GavinAnnotatorTest.testGeneWithNullFields(GavinAnnotatorTest.java:138)
Caused by: java.lang.NullPointerException
	at org.molgenis.data.annotation.core.entity.impl.gavin.GavinAnnotatorTest.testGeneWithNullFields(GavinAnnotatorTest.java:138)
</failure>
    <system-out><![CDATA[10:49:37.034 [main] WARN  o.m.d.a.c.r.impl.ResourceImpl - Resource gavin failed to create Repository for file /root/workspace/molgenis/molgenis/388640345/molgenis-data-annotators/target/test-classes/gavin/GAVIN_calibrations_r0.1.xlsx.
java.lang.RuntimeException: Entity [base_gavin] is not found. Entities found: [gavin]
	at org.molgenis.data.annotation.core.resources.impl.emx.InMemoryRepositoryFactory.createRepository(InMemoryRepositoryFactory.java:64)
	at org.molgenis.data.annotation.core.resources.impl.ResourceImpl.initialize(ResourceImpl.java:101)
	at org.molgenis.data.annotation.core.resources.impl.ResourceImpl.getRepository(ResourceImpl.java:86)
	at org.molgenis.data.annotation.core.resources.impl.ResourceImpl.lambda$findAll$0(ResourceImpl.java:67)
	at com.google.common.collect.Iterables.size(Iterables.java:126)
	at org.molgenis.data.annotation.core.entity.impl.gavin.GavinAnnotator$2.processQueryResults(GavinAnnotator.java:178)
	at org.molgenis.data.annotation.core.entity.impl.framework.QueryAnnotatorImpl.annotateEntity(QueryAnnotatorImpl.java:87)
	at org.molgenis.data.annotation.core.entity.impl.framework.QueryAnnotatorImpl.annotateEntity(QueryAnnotatorImpl.java:27)
	at org.molgenis.data.annotation.core.entity.impl.framework.RepositoryAnnotatorImpl.annotateEntity(RepositoryAnnotatorImpl.java:58)
	at org.molgenis.data.annotation.core.AbstractRepositoryEntityAnnotator$1.next(AbstractRepositoryEntityAnnotator.java:51)
	at org.molgenis.data.annotation.core.AbstractRepositoryEntityAnnotator$1.next(AbstractRepositoryEntityAnnotator.java:28)
	at org.molgenis.data.annotation.core.entity.impl.gavin.GavinAnnotatorTest.testGeneWithNullFields(GavinAnnotatorTest.java:138)
	at sun.reflect.NativeMethodAccessorImpl.invoke0(Native Method)
	at sun.reflect.NativeMethodAccessorImpl.invoke(NativeMethodAccessorImpl.java:62)
	at sun.reflect.DelegatingMethodAccessorImpl.invoke(DelegatingMethodAccessorImpl.java:43)
	at java.lang.reflect.Method.invoke(Method.java:498)
	at org.testng.internal.MethodInvocationHelper.invokeMethod(MethodInvocationHelper.java:80)
	at org.testng.internal.MethodInvocationHelper$1.runTestMethod(MethodInvocationHelper.java:182)
	at org.springframework.test.context.testng.AbstractTestNGSpringContextTests.run(AbstractTestNGSpringContextTests.java:180)
	at sun.reflect.GeneratedMethodAccessor51.invoke(Unknown Source)
	at sun.reflect.DelegatingMethodAccessorImpl.invoke(DelegatingMethodAccessorImpl.java:43)
	at java.lang.reflect.Method.invoke(Method.java:498)
	at org.testng.internal.MethodInvocationHelper.invokeHookable(MethodInvocationHelper.java:194)
	at org.testng.internal.Invoker.invokeMethod(Invoker.java:707)
	at org.testng.internal.Invoker.invokeTestMethod(Invoker.java:901)
	at org.testng.internal.Invoker.invokeTestMethods(Invoker.java:1231)
	at org.testng.internal.TestMethodWorker.invokeTestMethods(TestMethodWorker.java:127)
	at org.testng.internal.TestMethodWorker.run(TestMethodWorker.java:111)
	at org.testng.TestRunner.privateRun(TestRunner.java:767)
	at org.testng.TestRunner.run(TestRunner.java:617)
	at org.testng.SuiteRunner.runTest(SuiteRunner.java:334)
	at org.testng.SuiteRunner.runSequentially(SuiteRunner.java:329)
	at org.testng.SuiteRunner.privateRun(SuiteRunner.java:291)
	at org.testng.SuiteRunner.run(SuiteRunner.java:240)
	at org.testng.SuiteRunnerWorker.runSuite(SuiteRunnerWorker.java:52)
	at org.testng.SuiteRunnerWorker.run(SuiteRunnerWorker.java:86)
	at org.testng.TestNG.runSuitesSequentially(TestNG.java:1198)
	at org.testng.TestNG.runSuitesLocally(TestNG.java:1123)
	at org.testng.TestNG.run(TestNG.java:1031)
	at org.apache.maven.surefire.testng.TestNGExecutor.run(TestNGExecutor.java:135)
	at org.apache.maven.surefire.testng.TestNGDirectoryTestSuite.executeMulti(TestNGDirectoryTestSuite.java:193)
	at org.apache.maven.surefire.testng.TestNGDirectoryTestSuite.execute(TestNGDirectoryTestSuite.java:94)
	at org.apache.maven.surefire.testng.TestNGProvider.invoke(TestNGProvider.java:146)
	at org.apache.maven.surefire.booter.ForkedBooter.invokeProviderInSameClassLoader(ForkedBooter.java:379)
	at org.apache.maven.surefire.booter.ForkedBooter.runSuitesInProcess(ForkedBooter.java:340)
	at org.apache.maven.surefire.booter.ForkedBooter.execute(ForkedBooter.java:125)
	at org.apache.maven.surefire.booter.ForkedBooter.main(ForkedBooter.java:413)
]]></system-out>
  </testcase>
  <testcase name="testCanAnnotate" classname="org.molgenis.data.annotation.core.entity.impl.snpeff.SnpEffAnnotatorTest" time="0.001"/>
  <testcase name="annotateCountTest" classname="org.molgenis.data.annotation.core.entity.impl.snpeff.SnpEffRunnerTest" time="0.027"/>
  <testcase name="getInputVcfFileTest" classname="org.molgenis.data.annotation.core.entity.impl.snpeff.SnpEffRunnerTest" time="0.004"/>
  <testcase name="getSnpEffectsMultiAlleleTest" classname="org.molgenis.data.annotation.core.entity.impl.snpeff.SnpEffRunnerTest" time="0.016"/>
  <testcase name="getSnpEffectsMultiGeneTest" classname="org.molgenis.data.annotation.core.entity.impl.snpeff.SnpEffRunnerTest" time="0.007"/>
  <testcase name="getSnpEffectsSingleAlleleTest" classname="org.molgenis.data.annotation.core.entity.impl.snpeff.SnpEffRunnerTest" time="0.012"/>
  <testcase name="testGetOutputMetaData" classname="org.molgenis.data.annotation.core.entity.impl.snpeff.SnpEffRunnerTest" time="0.002"/>
  <testcase name="testAnnotate" classname="org.molgenis.data.annotation.core.entity.impl.ThousandGenomesAnnotatorTest" time="0.077"/>
  <testcase name="testAnnotateNegative" classname="org.molgenis.data.annotation.core.entity.impl.ThousandGenomesAnnotatorTest" time="0.017"/>
  <testcase name="annotateTestMatch" classname="org.molgenis.data.annotation.core.entity.impl.CGDAnnotatorTest" time="0.025"/>
  <testcase name="annotateTestNoMatch" classname="org.molgenis.data.annotation.core.entity.impl.CGDAnnotatorTest" time="0.001"/>
  <testcase name="filterResultsMergeMultilineMismatchChrom" classname="org.molgenis.data.annotation.core.entity.impl.MultiAllelicResultFilterTest" time="0.001"/>
  <testcase name="filterResultsMergeMultilineMismatchPos" classname="org.molgenis.data.annotation.core.entity.impl.MultiAllelicResultFilterTest" time="0.001"/>
  <testcase name="filterResultsSourceHasNoRef" classname="org.molgenis.data.annotation.core.entity.impl.MultiAllelicResultFilterTest" time="0.001"/>
  <testcase name="filterResultsTest1" classname="org.molgenis.data.annotation.core.entity.impl.MultiAllelicResultFilterTest" time="0.001"/>
  <testcase name="filterResultsTest10" classname="org.molgenis.data.annotation.core.entity.impl.MultiAllelicResultFilterTest" time="0.001"/>
  <testcase name="filterResultsTest11" classname="org.molgenis.data.annotation.core.entity.impl.MultiAllelicResultFilterTest" time="0"/>
  <testcase name="filterResultsTest12" classname="org.molgenis.data.annotation.core.entity.impl.MultiAllelicResultFilterTest" time="0.001"/>
  <testcase name="filterResultsTest2" classname="org.molgenis.data.annotation.core.entity.impl.MultiAllelicResultFilterTest" time="0.001"/>
  <testcase name="filterResultsTest3" classname="org.molgenis.data.annotation.core.entity.impl.MultiAllelicResultFilterTest" time="0"/>
  <testcase name="filterResultsTest4" classname="org.molgenis.data.annotation.core.entity.impl.MultiAllelicResultFilterTest" time="0"/>
  <testcase name="filterResultsTest5" classname="org.molgenis.data.annotation.core.entity.impl.MultiAllelicResultFilterTest" time="0"/>
  <testcase name="filterResultsTest6" classname="org.molgenis.data.annotation.core.entity.impl.MultiAllelicResultFilterTest" time="0"/>
  <testcase name="filterResultsTest7" classname="org.molgenis.data.annotation.core.entity.impl.MultiAllelicResultFilterTest" time="0"/>
  <testcase name="filterResultsTest8" classname="org.molgenis.data.annotation.core.entity.impl.MultiAllelicResultFilterTest" time="0.001"/>
  <testcase name="filterResultsTest9" classname="org.molgenis.data.annotation.core.entity.impl.MultiAllelicResultFilterTest" time="0"/>
  <testcase name="testMultiLineMerge" classname="org.molgenis.data.annotation.core.entity.impl.MultiAllelicResultFilterTest" time="0.001"/>
  <testcase name="canAnnotateFalseTest" classname="org.molgenis.data.annotation.core.entity.impl.DannAnnotatorTest" time="0.001"/>
  <testcase name="canAnnotateTrueTest" classname="org.molgenis.data.annotation.core.entity.impl.DannAnnotatorTest" time="0.002"/>
  <testcase name="testNoOccurencesNoMatchEntity3" classname="org.molgenis.data.annotation.core.entity.impl.DannAnnotatorTest" time="0.002"/>
  <testcase name="testThreeOccurencesNoMatchEntity2" classname="org.molgenis.data.annotation.core.entity.impl.DannAnnotatorTest" time="0.001"/>
  <testcase name="testThreeOccurencesOneMatchEntity1" classname="org.molgenis.data.annotation.core.entity.impl.DannAnnotatorTest" time="0.001"/>
  <testcase name="testThreeOccurencesOneMatchEntity4" classname="org.molgenis.data.annotation.core.entity.impl.DannAnnotatorTest" time="0.001"/>
  <testcase name="testAnnotate1" classname="org.molgenis.data.annotation.core.entity.impl.GoNLAnnotatorTest" time="0.036"/>
  <testcase name="testAnnotate10" classname="org.molgenis.data.annotation.core.entity.impl.GoNLAnnotatorTest" time="0.032"/>
  <testcase name="testAnnotate11" classname="org.molgenis.data.annotation.core.entity.impl.GoNLAnnotatorTest" time="0.02"/>
  <testcase name="testAnnotate12" classname="org.molgenis.data.annotation.core.entity.impl.GoNLAnnotatorTest" time="0.014"/>
  <testcase name="testAnnotate13" classname="org.molgenis.data.annotation.core.entity.impl.GoNLAnnotatorTest" time="0.014"/>
  <testcase name="testAnnotate14" classname="org.molgenis.data.annotation.core.entity.impl.GoNLAnnotatorTest" time="0.019"/>
  <testcase name="testAnnotate15" classname="org.molgenis.data.annotation.core.entity.impl.GoNLAnnotatorTest" time="0.014"/>
  <testcase name="testAnnotate2" classname="org.molgenis.data.annotation.core.entity.impl.GoNLAnnotatorTest" time="0.013"/>
  <testcase name="testAnnotate3" classname="org.molgenis.data.annotation.core.entity.impl.GoNLAnnotatorTest" time="0.011"/>
  <testcase name="testAnnotate4" classname="org.molgenis.data.annotation.core.entity.impl.GoNLAnnotatorTest" time="0.011"/>
  <testcase name="testAnnotate5" classname="org.molgenis.data.annotation.core.entity.impl.GoNLAnnotatorTest" time="0.012"/>
  <testcase name="testAnnotate6" classname="org.molgenis.data.annotation.core.entity.impl.GoNLAnnotatorTest" time="0.014"/>
  <testcase name="testAnnotate7" classname="org.molgenis.data.annotation.core.entity.impl.GoNLAnnotatorTest" time="0.016"/>
  <testcase name="testAnnotate8" classname="org.molgenis.data.annotation.core.entity.impl.GoNLAnnotatorTest" time="0.011"/>
  <testcase name="testAnnotate9" classname="org.molgenis.data.annotation.core.entity.impl.GoNLAnnotatorTest" time="0.017"/>
  <testcase name="ifResourceDoesNotExistThenHasResourceReturnsFalse" classname="org.molgenis.data.annotation.core.resources.impl.ResourcesTest" time="0"/>
  <testcase name="ifResourceDoesNotExistThenQueryIsDelegated" classname="org.molgenis.data.annotation.core.resources.impl.ResourcesTest" time="0.003"/>
  <testcase name="ifResourceExistsAndIsAvailableButQueryFailsThenExceptionGetsThrown" classname="org.molgenis.data.annotation.core.resources.impl.ResourcesTest" time="0.003"/>
  <testcase name="ifResourceExistsAndIsAvailableThenHasResourceReturnsTrue" classname="org.molgenis.data.annotation.core.resources.impl.ResourcesTest" time="0"/>
  <testcase name="ifResourceExistsButIsUnavailableThenHasResourceReturnsTrue" classname="org.molgenis.data.annotation.core.resources.impl.ResourcesTest" time="0.001"/>
  <testcase name="ifResourceExistsInDataServiceThenHasResourceReturnsTrue" classname="org.molgenis.data.annotation.core.resources.impl.ResourcesTest" time="0"/>
  <testcase name="ifResourceExistsThenFindAllDelegatesWithoutCheckingAvailability" classname="org.molgenis.data.annotation.core.resources.impl.ResourcesTest" time="0.012"/>
  <testcase name="ifResourceIsUnavailableThenQueryIsDelegated" classname="org.molgenis.data.annotation.core.resources.impl.ResourcesTest" time="0.002"/>
  <testcase name="testGetEntityType" classname="org.molgenis.data.annotation.core.resources.impl.tabix.TabixVcfRepositoryTest" time="0.006"/>
  <testcase name="testIterator" classname="org.molgenis.data.annotation.core.resources.impl.tabix.TabixVcfRepositoryTest" time="0.003"/>
  <testcase name="testQuery" classname="org.molgenis.data.annotation.core.resources.impl.tabix.TabixVcfRepositoryTest" time="0.001"/>
  <testcase name="testGetEntityType" classname="org.molgenis.data.annotation.core.resources.impl.tabix.TabixRepositoryTest" time="0.001"/>
  <testcase name="testIterator" classname="org.molgenis.data.annotation.core.resources.impl.tabix.TabixRepositoryTest" time="0.003"/>
  <testcase name="testQuery" classname="org.molgenis.data.annotation.core.resources.impl.tabix.TabixRepositoryTest" time="0"/>
  <testcase name="testUnknownChromosome" classname="org.molgenis.data.annotation.core.resources.impl.tabix.TabixRepositoryTest" time="0.001"/>
  <testcase name="testFindAllReturnsResult" classname="org.molgenis.data.annotation.core.resources.impl.ResourceImplTest" time="0"/>
  <testcase name="testFindAllReturnsResultFile2" classname="org.molgenis.data.annotation.core.resources.impl.ResourceImplTest" time="0"/>
  <testcase name="findAllDelegatesToTheCorrectResource" classname="org.molgenis.data.annotation.core.resources.impl.MultiFileResourceTest" time="0.004"/>
  <testcase name="findAllNoResourceForChrom" classname="org.molgenis.data.annotation.core.resources.impl.MultiFileResourceTest" time="0"/>
  <testcase name="whenAllFilesAvailableThenIsAvailableReturnsTrue" classname="org.molgenis.data.annotation.core.resources.impl.MultiFileResourceTest" time="0.001"/>
  <testcase name="whenConfigsChangeThenIsAvailableUpdates" classname="org.molgenis.data.annotation.core.resources.impl.MultiFileResourceTest" time="0.023"/>
  <testcase name="whenOneConfigChangesFilePatternThenIsAvailableUpdates" classname="org.molgenis.data.annotation.core.resources.impl.MultiFileResourceTest" time="0.002"/>
  <testcase name="whenOneFileIsNotAvailableThenIsAvailableReturnsFalse" classname="org.molgenis.data.annotation.core.resources.impl.MultiFileResourceTest" time="0.001"/>
  <testcase name="testFail" classname="org.molgenis.data.annotation.core.utils.AnnotatorDependencyOrderResolverTest" time="0.004"/>
  <testcase name="testSucces" classname="org.molgenis.data.annotation.core.utils.AnnotatorDependencyOrderResolverTest" time="0.003"/>
  <testcase name="createQueryEntity" classname="org.molgenis.data.annotation.core.query.LocusQueryCreatorTest" time="0"/>
  <testcase name="getRequiredAttributes" classname="org.molgenis.data.annotation.core.query.LocusQueryCreatorTest" time="0.001"/>
  <testcase name="get" classname="org.molgenis.data.annotation.web.AnnotationServiceImplTest" time="0.002"/>
  <testcase name="getAllAnnotators" classname="org.molgenis.data.annotation.web.AnnotationServiceImplTest" time="0"/>
  <testcase name="getRepositoryByEntityName" classname="org.molgenis.data.annotation.web.AnnotationServiceImplTest" time="0"/>
  <testcase name="testClassifyVariant" classname="org.molgenis.data.annotation.test.core.entity.impl.gavin.GavinAlgorithmTest" time="0.002"/>
  <testcase name="testClassifyVariant" classname="org.molgenis.data.annotation.test.core.entity.impl.gavin.GavinAlgorithmTest" time="0"/>
  <testcase name="testClassifyVariant" classname="org.molgenis.data.annotation.test.core.entity.impl.gavin.GavinAlgorithmTest" time="0"/>
  <testcase name="testClassifyVariant" classname="org.molgenis.data.annotation.test.core.entity.impl.gavin.GavinAlgorithmTest" time="0.001"/>
  <testcase name="testClassifyVariant" classname="org.molgenis.data.annotation.test.core.entity.impl.gavin.GavinAlgorithmTest" time="0"/>
  <testcase name="testClassifyVariant" classname="org.molgenis.data.annotation.test.core.entity.impl.gavin.GavinAlgorithmTest" time="0"/>
  <testcase name="testClassifyVariant" classname="org.molgenis.data.annotation.test.core.entity.impl.gavin.GavinAlgorithmTest" time="0"/>
  <testcase name="testClassifyVariant" classname="org.molgenis.data.annotation.test.core.entity.impl.gavin.GavinAlgorithmTest" time="0"/>
  <testcase name="testClassifyVariant" classname="org.molgenis.data.annotation.test.core.entity.impl.gavin.GavinAlgorithmTest" time="0"/>
  <testcase name="testClassifyVariant" classname="org.molgenis.data.annotation.test.core.entity.impl.gavin.GavinAlgorithmTest" time="0.001"/>
  <testcase name="testGenomeWideClassifyVariant" classname="org.molgenis.data.annotation.test.core.entity.impl.gavin.GavinAlgorithmTest" time="0.001"/>
  <testcase name="testGenomeWideClassifyVariant" classname="org.molgenis.data.annotation.test.core.entity.impl.gavin.GavinAlgorithmTest" time="0"/>
  <testcase name="testGenomeWideClassifyVariant" classname="org.molgenis.data.annotation.test.core.entity.impl.gavin.GavinAlgorithmTest" time="0"/>
  <testcase name="testGenomeWideClassifyVariant" classname="org.molgenis.data.annotation.test.core.entity.impl.gavin.GavinAlgorithmTest" time="0.001"/>
  <testcase name="testGenomeWideClassifyVariant" classname="org.molgenis.data.annotation.test.core.entity.impl.gavin.GavinAlgorithmTest" time="0"/>
  <testcase name="testHighCaddPathogenic" classname="org.molgenis.data.annotation.test.core.entity.impl.gavin.GavinAlgorithmTest" time="0.001"/>
  <testcase name="testLowVariantCaddBenign" classname="org.molgenis.data.annotation.test.core.entity.impl.gavin.GavinAlgorithmTest" time="0"/>
  <testcase name="testNoCaddVOUS" classname="org.molgenis.data.annotation.test.core.entity.impl.gavin.GavinAlgorithmTest" time="0"/>
  <testcase name="testNullThresholdsZeroMAF" classname="org.molgenis.data.annotation.test.core.entity.impl.gavin.GavinAlgorithmTest" time="0.001"/>
  <testcase name="testCreateVariantEffectStructure" classname="org.molgenis.annotation.test.cmd.conversion.EffectStructureConverterTest" time="0.102"/>
  <testcase name="testCreateVcfEntityStructure" classname="org.molgenis.annotation.test.cmd.conversion.EffectStructureConverterTest" time="0.005"/>
  <testcase name="testGetDescription" classname="org.molgenis.annotation.test.cmd.conversion.EffectStructureConverterTest" time="0"/>
</testsuite>