<?xml version="1.0" encoding="UTF-8"?>
<!-- Generated by org.testng.reporters.JUnitReportReporter -->
<testsuite hostname="cyclone1" name="org.molgenis.data.meta.model.EntityTypeTest" tests="6" failures="0" timestamp="6 Jun 2018 14:17:26 GMT" time="0.209" errors="0">
  <testcase name="addAttributeWithDuplicateName" time="0.005" classname="org.molgenis.data.meta.model.EntityTypeTest"/>
  <testcase name="addSequenceNumberNull" time="0.003" classname="org.molgenis.data.meta.model.EntityTypeTest"/>
  <testcase name="addSequenceNumberNullAndOtherNull" time="0.002" classname="org.molgenis.data.meta.model.EntityTypeTest"/>
  <testcase name="setLabelNull" time="0.003" classname="org.molgenis.data.meta.model.EntityTypeTest"/>
  <testcase name="newInstanceShallowCopy" time="0.193" classname="org.molgenis.data.meta.model.EntityTypeTest"/>
  <testcase name="setLabel" time="0.003" classname="org.molgenis.data.meta.model.EntityTypeTest"/>
</testsuite> <!-- org.molgenis.data.meta.model.EntityTypeTest -->
