<?xml version="1.0" encoding="UTF-8"?>
<!-- Generated by org.testng.reporters.JUnitReportReporter -->
<testsuite hostname="cyclone1" name="org.molgenis.data.util.MolgenisDateFormatTest" tests="12" failures="0" timestamp="6 Jun 2018 08:44:55 GMT" time="0.033" errors="0">
  <testcase name="testParseInstant" time="0.001" classname="org.molgenis.data.util.MolgenisDateFormatTest"/>
  <testcase name="testParseInstant" time="0.001" classname="org.molgenis.data.util.MolgenisDateFormatTest"/>
  <testcase name="testParseLocalDate" time="0.001" classname="org.molgenis.data.util.MolgenisDateFormatTest"/>
  <testcase name="testParseInstant" time="0.001" classname="org.molgenis.data.util.MolgenisDateFormatTest"/>
  <testcase name="testParseLocalDate" time="0.004" classname="org.molgenis.data.util.MolgenisDateFormatTest"/>
  <testcase name="testParseLocalDate" time="0.000" classname="org.molgenis.data.util.MolgenisDateFormatTest"/>
  <testcase name="testParseInstant" time="0.019" classname="org.molgenis.data.util.MolgenisDateFormatTest"/>
  <testcase name="testParseLocalDate" time="0.001" classname="org.molgenis.data.util.MolgenisDateFormatTest"/>
  <testcase name="testParseLocalDate" time="0.001" classname="org.molgenis.data.util.MolgenisDateFormatTest"/>
  <testcase name="testParseInstant" time="0.000" classname="org.molgenis.data.util.MolgenisDateFormatTest"/>
  <testcase name="testParseInstant" time="0.000" classname="org.molgenis.data.util.MolgenisDateFormatTest"/>
  <testcase name="testParseLocalDate" time="0.004" classname="org.molgenis.data.util.MolgenisDateFormatTest"/>
</testsuite> <!-- org.molgenis.data.util.MolgenisDateFormatTest -->
