<?xml version="1.0" encoding="UTF-8"?>
<!-- Generated by org.testng.reporters.JUnitReportReporter -->
<testsuite hostname="cyclone1" name="org.molgenis.data.meta.MetaUtilsTest" tests="3" failures="0" timestamp="1 Jun 2018 11:33:09 GMT" time="0.001" errors="0">
  <testcase name="isSystemPackageFalse" time="0.001" classname="org.molgenis.data.meta.MetaUtilsTest"/>
  <testcase name="isSystemPackageTrue" time="0.000" classname="org.molgenis.data.meta.MetaUtilsTest"/>
  <testcase name="isSystemPackageTrueNested" time="0.000" classname="org.molgenis.data.meta.MetaUtilsTest"/>
</testsuite> <!-- org.molgenis.data.meta.MetaUtilsTest -->
