<?xml version="1.0" encoding="UTF-8"?>
<!-- Generated by org.testng.reporters.JUnitReportReporter -->
<testsuite hostname="cyclone1" name="org.molgenis.data.EntityManagerImplTest" tests="5" failures="0" timestamp="6 Jun 2018 21:42:15 GMT" time="0.154" errors="0">
  <testcase name="resolveReferencesNoFetch" time="0.117" classname="org.molgenis.data.EntityManagerImplTest"/>
  <testcase name="getReferences" time="0.017" classname="org.molgenis.data.EntityManagerImplTest"/>
  <testcase name="EntityManagerImpl" time="0.002" classname="org.molgenis.data.EntityManagerImplTest"/>
  <testcase name="getReference" time="0.010" classname="org.molgenis.data.EntityManagerImplTest"/>
  <testcase name="resolveReferencesStreamNoFetch" time="0.008" classname="org.molgenis.data.EntityManagerImplTest"/>
</testsuite> <!-- org.molgenis.data.EntityManagerImplTest -->
