<?xml version="1.0" encoding="UTF-8"?>
<!-- Generated by org.testng.reporters.JUnitReportReporter -->
<testsuite hostname="cyclone1" name="org.molgenis.data.populate.DefaultValuePopulatorTest" tests="20" failures="0" timestamp="4 Jun 2018 11:12:49 GMT" time="0.073" errors="0">
  <testcase name="testPopulate" time="0.011" classname="org.molgenis.data.populate.DefaultValuePopulatorTest"/>
  <testcase name="testPopulate" time="0.001" classname="org.molgenis.data.populate.DefaultValuePopulatorTest"/>
  <testcase name="testPopulate" time="0.004" classname="org.molgenis.data.populate.DefaultValuePopulatorTest"/>
  <testcase name="testPopulate" time="0.004" classname="org.molgenis.data.populate.DefaultValuePopulatorTest"/>
  <testcase name="testPopulate" time="0.002" classname="org.molgenis.data.populate.DefaultValuePopulatorTest"/>
  <testcase name="testPopulate" time="0.001" classname="org.molgenis.data.populate.DefaultValuePopulatorTest"/>
  <testcase name="testPopulate" time="0.001" classname="org.molgenis.data.populate.DefaultValuePopulatorTest"/>
  <testcase name="testPopulate" time="0.005" classname="org.molgenis.data.populate.DefaultValuePopulatorTest"/>
  <testcase name="testPopulate" time="0.002" classname="org.molgenis.data.populate.DefaultValuePopulatorTest"/>
  <testcase name="testPopulate" time="0.002" classname="org.molgenis.data.populate.DefaultValuePopulatorTest"/>
  <testcase name="testPopulate" time="0.001" classname="org.molgenis.data.populate.DefaultValuePopulatorTest"/>
  <testcase name="testPopulate" time="0.002" classname="org.molgenis.data.populate.DefaultValuePopulatorTest"/>
  <testcase name="testPopulate" time="0.001" classname="org.molgenis.data.populate.DefaultValuePopulatorTest"/>
  <testcase name="testPopulate" time="0.030" classname="org.molgenis.data.populate.DefaultValuePopulatorTest"/>
  <testcase name="testPopulate" time="0.001" classname="org.molgenis.data.populate.DefaultValuePopulatorTest"/>
  <testcase name="testPopulate" time="0.000" classname="org.molgenis.data.populate.DefaultValuePopulatorTest"/>
  <testcase name="testPopulate" time="0.002" classname="org.molgenis.data.populate.DefaultValuePopulatorTest"/>
  <testcase name="testPopulate" time="0.001" classname="org.molgenis.data.populate.DefaultValuePopulatorTest"/>
  <testcase name="testPopulate" time="0.002" classname="org.molgenis.data.populate.DefaultValuePopulatorTest"/>
  <testcase name="testPopulate" time="0.000" classname="org.molgenis.data.populate.DefaultValuePopulatorTest"/>
</testsuite> <!-- org.molgenis.data.populate.DefaultValuePopulatorTest -->
