<?xml version="1.0" encoding="UTF-8"?>
<!-- Generated by org.testng.reporters.JUnitReportReporter -->
<testsuite hostname="cyclone1" name="org.molgenis.data.meta.SystemEntityTypeTest" tests="2" failures="0" timestamp="30 May 2018 10:05:56 GMT" time="1.422" errors="0">
  <testcase name="testAssignRolesToAttributeParts" time="0.123" classname="org.molgenis.data.meta.SystemEntityTypeTest"/>
  <testcase name="testAssignRolesToAttributePartsNested" time="1.299" classname="org.molgenis.data.meta.SystemEntityTypeTest"/>
</testsuite> <!-- org.molgenis.data.meta.SystemEntityTypeTest -->
