<?xml version="1.0" encoding="UTF-8"?>
<!-- Generated by org.testng.reporters.JUnitReportReporter -->
<testsuite hostname="cyclone1" name="org.molgenis.data.util.GenericDependencyResolverTest" tests="5" failures="0" timestamp="29 May 2018 11:48:31 GMT" time="0.039" errors="0">
  <testcase name="testCyclicDependencies" time="0.003" classname="org.molgenis.data.util.GenericDependencyResolverTest"/>
  <testcase name="testGetAllDependantsCircularZeroDepth" time="0.000" classname="org.molgenis.data.util.GenericDependencyResolverTest"/>
  <testcase name="testGetAllDependants" time="0.009" classname="org.molgenis.data.util.GenericDependencyResolverTest"/>
  <testcase name="testGetAllDependantsCircular" time="0.023" classname="org.molgenis.data.util.GenericDependencyResolverTest"/>
  <testcase name="testResolveTransientDependency" time="0.004" classname="org.molgenis.data.util.GenericDependencyResolverTest"/>
</testsuite> <!-- org.molgenis.data.util.GenericDependencyResolverTest -->
