<?xml version="1.0" encoding="UTF-8"?>
<!-- Generated by org.testng.reporters.JUnitReportReporter -->
<testsuite hostname="cyclone1" name="org.molgenis.data.meta.model.PackageTest" tests="2" failures="0" timestamp="6 Jun 2018 14:17:26 GMT" time="0.282" errors="0">
  <testcase name="getRootPackageNoParent" time="0.280" classname="org.molgenis.data.meta.model.PackageTest"/>
  <testcase name="getRootPackageParent" time="0.002" classname="org.molgenis.data.meta.model.PackageTest"/>
</testsuite> <!-- org.molgenis.data.meta.model.PackageTest -->
