<?xml version="1.0" encoding="UTF-8"?>
<!-- Generated by org.testng.reporters.JUnitReportReporter -->
<testsuite hostname="cyclone1" name="org.molgenis.data.QueryRuleTest" tests="8" failures="0" timestamp="30 May 2018 10:05:56 GMT" time="0.003" errors="0">
  <testcase name="equalsWithDifferentValues" time="0.001" classname="org.molgenis.data.QueryRuleTest"/>
  <testcase name="valuesForRangeOperator" time="0.000" classname="org.molgenis.data.QueryRuleTest"/>
  <testcase name="equalsWithDifferentFields" time="0.000" classname="org.molgenis.data.QueryRuleTest"/>
  <testcase name="equalsEntityId" time="0.000" classname="org.molgenis.data.QueryRuleTest"/>
  <testcase name="equalsInEntity" time="0.001" classname="org.molgenis.data.QueryRuleTest"/>
  <testcase name="equalsWithNestedRules" time="0.000" classname="org.molgenis.data.QueryRuleTest"/>
  <testcase name="equalsWithDifferentOperator" time="0.000" classname="org.molgenis.data.QueryRuleTest"/>
  <testcase name="equals" time="0.001" classname="org.molgenis.data.QueryRuleTest"/>
</testsuite> <!-- org.molgenis.data.QueryRuleTest -->
