<?xml version="1.0" encoding="UTF-8"?>
<!-- Generated by org.testng.reporters.JUnitReportReporter -->
<testsuite hostname="cyclone1" name="org.molgenis.data.meta.EntityTypeDependencyResolverTest" tests="10" failures="0" timestamp="30 May 2018 10:05:56 GMT" time="0.169" errors="0">
  <testcase name="resolveDependenciesEmptyInput" time="0.002" classname="org.molgenis.data.meta.EntityTypeDependencyResolverTest"/>
  <testcase name="resolveDependenciesOneItemInput" time="0.002" classname="org.molgenis.data.meta.EntityTypeDependencyResolverTest"/>
  <testcase name="resolveDependenciesEntityExtendedDependencies" time="0.026" classname="org.molgenis.data.meta.EntityTypeDependencyResolverTest"/>
  <testcase name="resolveDependenciesEntityCircularRefEntity" time="0.013" classname="org.molgenis.data.meta.EntityTypeDependencyResolverTest"/>
  <testcase name="resolveSomeDependenciesInInput" time="0.027" classname="org.molgenis.data.meta.EntityTypeDependencyResolverTest"/>
  <testcase name="resolveDependenciesExtends3Level" time="0.049" classname="org.molgenis.data.meta.EntityTypeDependencyResolverTest"/>
  <testcase name="resolveDependenciesAddedNotDependedEntity" time="0.020" classname="org.molgenis.data.meta.EntityTypeDependencyResolverTest"/>
  <testcase name="resolveDependenciesEntity" time="0.017" classname="org.molgenis.data.meta.EntityTypeDependencyResolverTest"/>
  <testcase name="resolveDependenciesInInput" time="0.006" classname="org.molgenis.data.meta.EntityTypeDependencyResolverTest"/>
  <testcase name="resolveDependenciesEntityCircularExtends" time="0.007" classname="org.molgenis.data.meta.EntityTypeDependencyResolverTest"/>
</testsuite> <!-- org.molgenis.data.meta.EntityTypeDependencyResolverTest -->
