<?xml version="1.0" encoding="UTF-8"?>
<!-- Generated by org.testng.reporters.JUnitReportReporter -->
<testsuite hostname="cyclone1" name="org.molgenis.data.support.BatchingQueryResultTest" tests="1" failures="0" timestamp="6 Jun 2018 14:17:26 GMT" time="0.001" errors="0">
  <testcase name="getBatch" time="0.001" classname="org.molgenis.data.support.BatchingQueryResultTest"/>
</testsuite> <!-- org.molgenis.data.support.BatchingQueryResultTest -->
