<?xml version="1.0" encoding="UTF-8"?>
<!-- Generated by org.testng.reporters.JUnitReportReporter -->
<testsuite hostname="cyclone1" name="org.molgenis.data.transaction.UnknownRepositoryCollectionExceptionTest" tests="2" failures="0" timestamp="29 May 2018 11:48:31 GMT" time="0.018" errors="0">
  <testcase name="testGetLocalizedMessage" time="0.009" classname="org.molgenis.data.transaction.UnknownRepositoryCollectionExceptionTest"/>
  <testcase name="testGetLocalizedMessage" time="0.009" classname="org.molgenis.data.transaction.UnknownRepositoryCollectionExceptionTest"/>
</testsuite> <!-- org.molgenis.data.transaction.UnknownRepositoryCollectionExceptionTest -->
