<?xml version="1.0" encoding="UTF-8"?>
<!-- Generated by org.testng.reporters.JUnitReportReporter -->
<testsuite hostname="cyclone1" name="org.molgenis.data.UnknownEntityTypeExceptionTest" tests="2" failures="0" timestamp="6 Jun 2018 08:44:55 GMT" time="0.033" errors="0">
  <testcase name="testGetLocalizedMessage" time="0.026" classname="org.molgenis.data.UnknownEntityTypeExceptionTest"/>
  <testcase name="testGetLocalizedMessage" time="0.007" classname="org.molgenis.data.UnknownEntityTypeExceptionTest"/>
</testsuite> <!-- org.molgenis.data.UnknownEntityTypeExceptionTest -->
