<?xml version="1.0" encoding="UTF-8"?>
<!-- Generated by org.testng.reporters.JUnitReportReporter -->
<testsuite hostname="cyclone1" name="org.molgenis.data.EntityManagerImplTest" tests="5" failures="0" timestamp="6 Jun 2018 08:44:55 GMT" time="0.050" errors="0">
  <testcase name="getReference" time="0.044" classname="org.molgenis.data.EntityManagerImplTest"/>
  <testcase name="resolveReferencesStreamNoFetch" time="0.003" classname="org.molgenis.data.EntityManagerImplTest"/>
  <testcase name="resolveReferencesNoFetch" time="0.003" classname="org.molgenis.data.EntityManagerImplTest"/>
  <testcase name="EntityManagerImpl" time="0.000" classname="org.molgenis.data.EntityManagerImplTest"/>
  <testcase name="getReferences" time="0.000" classname="org.molgenis.data.EntityManagerImplTest"/>
</testsuite> <!-- org.molgenis.data.EntityManagerImplTest -->
