<?xml version="1.0" encoding="UTF-8"?>
<!-- Generated by org.testng.reporters.JUnitReportReporter -->
<testsuite hostname="cyclone1" name="org.molgenis.data.CascadeDeleteRepositoryDecoratorTest" tests="14" failures="0" timestamp="7 Jun 2018 14:46:22 GMT" time="0.057" errors="0">
  <testcase name="testDeleteCascadeMrefNotEmpty" time="0.002" classname="org.molgenis.data.CascadeDeleteRepositoryDecoratorTest"/>
  <testcase name="testDeleteAllCascadeNotNull" time="0.018" classname="org.molgenis.data.CascadeDeleteRepositoryDecoratorTest"/>
  <testcase name="testDeleteStreamCascadeNotNull" time="0.005" classname="org.molgenis.data.CascadeDeleteRepositoryDecoratorTest"/>
  <testcase name="testDeleteCascadeNull" time="0.007" classname="org.molgenis.data.CascadeDeleteRepositoryDecoratorTest"/>
  <testcase name="testDeleteAllNoCascade" time="0.002" classname="org.molgenis.data.CascadeDeleteRepositoryDecoratorTest"/>
  <testcase name="testDelegate" time="0.002" classname="org.molgenis.data.CascadeDeleteRepositoryDecoratorTest"/>
  <testcase name="testDeleteNoCascade" time="0.001" classname="org.molgenis.data.CascadeDeleteRepositoryDecoratorTest"/>
  <testcase name="testDeleteAllStreamCascadeNotNull" time="0.004" classname="org.molgenis.data.CascadeDeleteRepositoryDecoratorTest"/>
  <testcase name="testDeleteStreamNoCascade" time="0.002" classname="org.molgenis.data.CascadeDeleteRepositoryDecoratorTest"/>
  <testcase name="testDeleteCascadeNotNull" time="0.002" classname="org.molgenis.data.CascadeDeleteRepositoryDecoratorTest"/>
  <testcase name="testDeleteByIdCascadeNotNull" time="0.004" classname="org.molgenis.data.CascadeDeleteRepositoryDecoratorTest"/>
  <testcase name="testDeleteCascadeMrefEmpty" time="0.004" classname="org.molgenis.data.CascadeDeleteRepositoryDecoratorTest"/>
  <testcase name="testDeleteByIdNoCascade" time="0.002" classname="org.molgenis.data.CascadeDeleteRepositoryDecoratorTest"/>
  <testcase name="testDeleteAllStreamNoCascade" time="0.002" classname="org.molgenis.data.CascadeDeleteRepositoryDecoratorTest"/>
</testsuite> <!-- org.molgenis.data.CascadeDeleteRepositoryDecoratorTest -->
