<?xml version="1.0" encoding="UTF-8"?>
<!-- Generated by org.testng.reporters.JUnitReportReporter -->
<testsuite hostname="cyclone1" name="org.molgenis.data.support.AbstractRepositoryTest" tests="7" failures="0" timestamp="30 May 2018 10:05:56 GMT" time="0.079" errors="0">
  <testcase name="findOneObjectFetch" time="0.001" classname="org.molgenis.data.support.AbstractRepositoryTest"/>
  <testcase name="addStream" time="0.003" classname="org.molgenis.data.support.AbstractRepositoryTest"/>
  <testcase name="findAllStream" time="0.063" classname="org.molgenis.data.support.AbstractRepositoryTest"/>
  <testcase name="updateStream" time="0.000" classname="org.molgenis.data.support.AbstractRepositoryTest"/>
  <testcase name="deleteStream" time="0.001" classname="org.molgenis.data.support.AbstractRepositoryTest"/>
  <testcase name="testUpsertBatch" time="0.009" classname="org.molgenis.data.support.AbstractRepositoryTest"/>
  <testcase name="findAllStreamFetch" time="0.002" classname="org.molgenis.data.support.AbstractRepositoryTest"/>
</testsuite> <!-- org.molgenis.data.support.AbstractRepositoryTest -->
