<?xml version="1.0" encoding="UTF-8"?>
<!-- Generated by org.testng.reporters.JUnitReportReporter -->
<testsuite hostname="cyclone1" name="org.molgenis.data.populate.DefaultValuePopulatorTest" tests="20" failures="0" timestamp="6 Jun 2018 14:17:26 GMT" time="0.077" errors="0">
  <testcase name="testPopulate" time="0.002" classname="org.molgenis.data.populate.DefaultValuePopulatorTest"/>
  <testcase name="testPopulate" time="0.004" classname="org.molgenis.data.populate.DefaultValuePopulatorTest"/>
  <testcase name="testPopulate" time="0.003" classname="org.molgenis.data.populate.DefaultValuePopulatorTest"/>
  <testcase name="testPopulate" time="0.001" classname="org.molgenis.data.populate.DefaultValuePopulatorTest"/>
  <testcase name="testPopulate" time="0.024" classname="org.molgenis.data.populate.DefaultValuePopulatorTest"/>
  <testcase name="testPopulate" time="0.019" classname="org.molgenis.data.populate.DefaultValuePopulatorTest"/>
  <testcase name="testPopulate" time="0.003" classname="org.molgenis.data.populate.DefaultValuePopulatorTest"/>
  <testcase name="testPopulate" time="0.002" classname="org.molgenis.data.populate.DefaultValuePopulatorTest"/>
  <testcase name="testPopulate" time="0.001" classname="org.molgenis.data.populate.DefaultValuePopulatorTest"/>
  <testcase name="testPopulate" time="0.002" classname="org.molgenis.data.populate.DefaultValuePopulatorTest"/>
  <testcase name="testPopulate" time="0.003" classname="org.molgenis.data.populate.DefaultValuePopulatorTest"/>
  <testcase name="testPopulate" time="0.002" classname="org.molgenis.data.populate.DefaultValuePopulatorTest"/>
  <testcase name="testPopulate" time="0.002" classname="org.molgenis.data.populate.DefaultValuePopulatorTest"/>
  <testcase name="testPopulate" time="0.001" classname="org.molgenis.data.populate.DefaultValuePopulatorTest"/>
  <testcase name="testPopulate" time="0.001" classname="org.molgenis.data.populate.DefaultValuePopulatorTest"/>
  <testcase name="testPopulate" time="0.001" classname="org.molgenis.data.populate.DefaultValuePopulatorTest"/>
  <testcase name="testPopulate" time="0.002" classname="org.molgenis.data.populate.DefaultValuePopulatorTest"/>
  <testcase name="testPopulate" time="0.002" classname="org.molgenis.data.populate.DefaultValuePopulatorTest"/>
  <testcase name="testPopulate" time="0.001" classname="org.molgenis.data.populate.DefaultValuePopulatorTest"/>
  <testcase name="testPopulate" time="0.001" classname="org.molgenis.data.populate.DefaultValuePopulatorTest"/>
</testsuite> <!-- org.molgenis.data.populate.DefaultValuePopulatorTest -->
