<?xml version="1.0" encoding="UTF-8"?>
<!-- Generated by org.testng.reporters.JUnitReportReporter -->
<testsuite hostname="cyclone1" name="org.molgenis.data.UnknownEntityExceptionTest" tests="2" failures="0" timestamp="30 May 2018 09:28:58 GMT" time="0.037" errors="0">
  <testcase name="testGetLocalizedMessageIdOnly" time="0.003" classname="org.molgenis.data.UnknownEntityExceptionTest"/>
  <testcase name="testGetLocalizedMessage" time="0.034" classname="org.molgenis.data.UnknownEntityExceptionTest"/>
</testsuite> <!-- org.molgenis.data.UnknownEntityExceptionTest -->
