<?xml version="1.0" encoding="UTF-8"?>
<!-- Generated by org.testng.reporters.JUnitReportReporter -->
<testsuite hostname="cyclone1" name="org.molgenis.data.EntityReferenceCreatorImplTest" tests="3" failures="0" timestamp="7 Jun 2018 14:46:22 GMT" time="0.138" errors="0">
  <testcase name="getReference" time="0.128" classname="org.molgenis.data.EntityReferenceCreatorImplTest"/>
  <testcase name="getReferences" time="0.008" classname="org.molgenis.data.EntityReferenceCreatorImplTest"/>
  <testcase name="EntityReferenceCreatorImpl" time="0.002" classname="org.molgenis.data.EntityReferenceCreatorImplTest"/>
</testsuite> <!-- org.molgenis.data.EntityReferenceCreatorImplTest -->
