<?xml version="1.0" encoding="UTF-8"?>
<!-- Generated by org.testng.reporters.JUnitReportReporter -->
<testsuite hostname="cyclone1" name="org.molgenis.data.UnknownEntityExceptionTest" tests="2" failures="0" timestamp="1 Jun 2018 11:33:09 GMT" time="0.024" errors="0">
  <testcase name="testGetLocalizedMessage" time="0.020" classname="org.molgenis.data.UnknownEntityExceptionTest"/>
  <testcase name="testGetLocalizedMessageIdOnly" time="0.004" classname="org.molgenis.data.UnknownEntityExceptionTest"/>
</testsuite> <!-- org.molgenis.data.UnknownEntityExceptionTest -->
