<?xml version="1.0" encoding="UTF-8"?>
<!-- Generated by org.testng.reporters.JUnitReportReporter -->
<testsuite hostname="cyclone1" name="org.molgenis.data.support.AttributeUtilsTest" tests="22" failures="0" timestamp="29 May 2018 11:48:31 GMT" time="0.010" errors="0">
  <testcase name="isIdAttributeTypeAllowed" time="0.002" classname="org.molgenis.data.support.AttributeUtilsTest"/>
  <testcase name="isIdAttributeTypeAllowed" time="0.001" classname="org.molgenis.data.support.AttributeUtilsTest"/>
  <testcase name="testGetI18nAttributeName" time="0.000" classname="org.molgenis.data.support.AttributeUtilsTest"/>
  <testcase name="isIdAttributeTypeAllowed" time="0.000" classname="org.molgenis.data.support.AttributeUtilsTest"/>
  <testcase name="isIdAttributeTypeAllowed" time="0.000" classname="org.molgenis.data.support.AttributeUtilsTest"/>
  <testcase name="isIdAttributeTypeAllowed" time="0.001" classname="org.molgenis.data.support.AttributeUtilsTest"/>
  <testcase name="isIdAttributeTypeAllowed" time="0.000" classname="org.molgenis.data.support.AttributeUtilsTest"/>
  <testcase name="isIdAttributeTypeAllowed" time="0.000" classname="org.molgenis.data.support.AttributeUtilsTest"/>
  <testcase name="isIdAttributeTypeAllowed" time="0.000" classname="org.molgenis.data.support.AttributeUtilsTest"/>
  <testcase name="isIdAttributeTypeAllowed" time="0.001" classname="org.molgenis.data.support.AttributeUtilsTest"/>
  <testcase name="isIdAttributeTypeAllowed" time="0.000" classname="org.molgenis.data.support.AttributeUtilsTest"/>
  <testcase name="isIdAttributeTypeAllowed" time="0.001" classname="org.molgenis.data.support.AttributeUtilsTest"/>
  <testcase name="testGetI18nAttributeName" time="0.000" classname="org.molgenis.data.support.AttributeUtilsTest"/>
  <testcase name="isIdAttributeTypeAllowed" time="0.000" classname="org.molgenis.data.support.AttributeUtilsTest"/>
  <testcase name="isIdAttributeTypeAllowed" time="0.001" classname="org.molgenis.data.support.AttributeUtilsTest"/>
  <testcase name="isIdAttributeTypeAllowed" time="0.001" classname="org.molgenis.data.support.AttributeUtilsTest"/>
  <testcase name="isIdAttributeTypeAllowed" time="0.000" classname="org.molgenis.data.support.AttributeUtilsTest"/>
  <testcase name="testGetI18nAttributeName" time="0.001" classname="org.molgenis.data.support.AttributeUtilsTest"/>
  <testcase name="isIdAttributeTypeAllowed" time="0.000" classname="org.molgenis.data.support.AttributeUtilsTest"/>
  <testcase name="isIdAttributeTypeAllowed" time="0.001" classname="org.molgenis.data.support.AttributeUtilsTest"/>
  <testcase name="isIdAttributeTypeAllowed" time="0.000" classname="org.molgenis.data.support.AttributeUtilsTest"/>
  <testcase name="isIdAttributeTypeAllowed" time="0.000" classname="org.molgenis.data.support.AttributeUtilsTest"/>
</testsuite> <!-- org.molgenis.data.support.AttributeUtilsTest -->
