<?xml version="1.0" encoding="UTF-8"?>
<!-- Generated by org.testng.reporters.JUnitReportReporter -->
<testsuite hostname="cyclone1" name="org.molgenis.data.transaction.UnknownRepositoryCollectionExceptionTest" tests="2" failures="0" timestamp="6 Jun 2018 21:42:15 GMT" time="0.033" errors="0">
  <testcase name="testGetLocalizedMessage" time="0.019" classname="org.molgenis.data.transaction.UnknownRepositoryCollectionExceptionTest"/>
  <testcase name="testGetLocalizedMessage" time="0.014" classname="org.molgenis.data.transaction.UnknownRepositoryCollectionExceptionTest"/>
</testsuite> <!-- org.molgenis.data.transaction.UnknownRepositoryCollectionExceptionTest -->
