<?xml version="1.0" encoding="UTF-8"?>
<!-- Generated by org.testng.reporters.JUnitReportReporter -->
<testsuite hostname="cyclone1" name="org.molgenis.data.support.RepositoryCopierTest" tests="2" failures="0" timestamp="4 Jun 2018 11:12:49 GMT" time="0.008" errors="0">
  <testcase name="testCopyRepository" time="0.007" classname="org.molgenis.data.support.RepositoryCopierTest"/>
  <testcase name="testRepositoryCopier" time="0.001" classname="org.molgenis.data.support.RepositoryCopierTest"/>
</testsuite> <!-- org.molgenis.data.support.RepositoryCopierTest -->
