<?xml version="1.0" encoding="UTF-8"?>
<!-- Generated by org.testng.reporters.JUnitReportReporter -->
<testsuite hostname="cyclone1" name="org.molgenis.data.meta.AttributeRepositoryDecoratorTest" tests="1" failures="0" timestamp="29 May 2018 11:48:31 GMT" time="0.006" errors="0">
  <testcase name="updateNonSystemAbstractEntity" time="0.006" classname="org.molgenis.data.meta.AttributeRepositoryDecoratorTest"/>
</testsuite> <!-- org.molgenis.data.meta.AttributeRepositoryDecoratorTest -->
