<?xml version="1.0" encoding="UTF-8"?>
<!-- Generated by org.testng.reporters.JUnitReportReporter -->
<testsuite hostname="cyclone1" name="org.molgenis.data.UnknownAttributeExceptionTest" tests="2" failures="0" timestamp="6 Jun 2018 14:17:26 GMT" time="0.007" errors="0">
  <testcase name="testGetLocalizedMessage" time="0.001" classname="org.molgenis.data.UnknownAttributeExceptionTest"/>
  <testcase name="testGetLocalizedMessage" time="0.006" classname="org.molgenis.data.UnknownAttributeExceptionTest"/>
</testsuite> <!-- org.molgenis.data.UnknownAttributeExceptionTest -->
