<?xml version="1.0" encoding="UTF-8"?>
<!-- Generated by org.testng.reporters.JUnitReportReporter -->
<testsuite hostname="cyclone1" name="org.molgenis.data.meta.model.PackageFactoryTest" tests="2" failures="0" timestamp="6 Jun 2018 08:44:55 GMT" time="0.007" errors="0">
  <testcase name="testCreatePackageValueNulls" time="0.003" classname="org.molgenis.data.meta.model.PackageFactoryTest"/>
  <testcase name="testCreatePackageValue" time="0.004" classname="org.molgenis.data.meta.model.PackageFactoryTest"/>
</testsuite> <!-- org.molgenis.data.meta.model.PackageFactoryTest -->
