<?xml version="1.0" encoding="UTF-8"?>
<!-- Generated by org.testng.reporters.JUnitReportReporter -->
<testsuite hostname="cyclone1" name="org.molgenis.data.meta.SystemEntityTypeTest" tests="2" failures="0" timestamp="30 May 2018 15:21:54 GMT" time="0.430" errors="0">
  <testcase name="testAssignRolesToAttributePartsNested" time="0.404" classname="org.molgenis.data.meta.SystemEntityTypeTest"/>
  <testcase name="testAssignRolesToAttributeParts" time="0.026" classname="org.molgenis.data.meta.SystemEntityTypeTest"/>
</testsuite> <!-- org.molgenis.data.meta.SystemEntityTypeTest -->
