<?xml version="1.0" encoding="UTF-8"?>
<!-- Generated by org.testng.reporters.JUnitReportReporter -->
<testsuite hostname="cyclone1" name="org.molgenis.data.support.QueryImplTest" tests="12" failures="0" timestamp="29 May 2018 11:48:31 GMT" time="0.017" errors="0">
  <testcase name="nestOr" time="0.001" classname="org.molgenis.data.support.QueryImplTest"/>
  <testcase name="queryImplQueryFetch" time="0.000" classname="org.molgenis.data.support.QueryImplTest"/>
  <testcase name="equals" time="0.002" classname="org.molgenis.data.support.QueryImplTest"/>
  <testcase name="equalsFetchFalse" time="0.001" classname="org.molgenis.data.support.QueryImplTest"/>
  <testcase name="nest" time="0.011" classname="org.molgenis.data.support.QueryImplTest"/>
  <testcase name="equalsFetch" time="0.000" classname="org.molgenis.data.support.QueryImplTest"/>
  <testcase name="nestAnd" time="0.001" classname="org.molgenis.data.support.QueryImplTest"/>
  <testcase name="rng" time="0.001" classname="org.molgenis.data.support.QueryImplTest"/>
  <testcase name="fetchFetch" time="0.000" classname="org.molgenis.data.support.QueryImplTest"/>
  <testcase name="nestDeep" time="0.000" classname="org.molgenis.data.support.QueryImplTest"/>
  <testcase name="setFetch" time="0.000" classname="org.molgenis.data.support.QueryImplTest"/>
  <testcase name="fetch" time="0.000" classname="org.molgenis.data.support.QueryImplTest"/>
</testsuite> <!-- org.molgenis.data.support.QueryImplTest -->
