<?xml version="1.0" encoding="UTF-8"?>
<!-- Generated by org.testng.reporters.JUnitReportReporter -->
<testsuite hostname="cyclone1" name="org.molgenis.data.meta.AttributeRepositoryDecoratorTest" tests="1" failures="0" timestamp="1 Jun 2018 11:33:09 GMT" time="0.004" errors="0">
  <testcase name="updateNonSystemAbstractEntity" time="0.004" classname="org.molgenis.data.meta.AttributeRepositoryDecoratorTest"/>
</testsuite> <!-- org.molgenis.data.meta.AttributeRepositoryDecoratorTest -->
