<?xml version="1.0" encoding="UTF-8"?>
<!-- Generated by org.testng.reporters.JUnitReportReporter -->
<testsuite hostname="cyclone1" name="org.molgenis.data.meta.model.PackageFactoryTest" tests="2" failures="0" timestamp="6 Jun 2018 14:17:26 GMT" time="0.013" errors="0">
  <testcase name="testCreatePackageValue" time="0.012" classname="org.molgenis.data.meta.model.PackageFactoryTest"/>
  <testcase name="testCreatePackageValueNulls" time="0.001" classname="org.molgenis.data.meta.model.PackageFactoryTest"/>
</testsuite> <!-- org.molgenis.data.meta.model.PackageFactoryTest -->
