<?xml version="1.0" encoding="UTF-8"?>
<!-- Generated by org.testng.reporters.JUnitReportReporter -->
<testsuite hostname="cyclone1" name="org.molgenis.data.meta.SystemEntityTypeTest" tests="2" failures="0" timestamp="29 May 2018 11:48:31 GMT" time="0.966" errors="0">
  <testcase name="testAssignRolesToAttributeParts" time="0.954" classname="org.molgenis.data.meta.SystemEntityTypeTest"/>
  <testcase name="testAssignRolesToAttributePartsNested" time="0.012" classname="org.molgenis.data.meta.SystemEntityTypeTest"/>
</testsuite> <!-- org.molgenis.data.meta.SystemEntityTypeTest -->
