<?xml version="1.0" encoding="UTF-8"?>
<!-- Generated by org.testng.reporters.JUnitReportReporter -->
<testsuite hostname="cyclone1" name="org.molgenis.data.meta.EntityTypeDependencyResolverTest" tests="10" failures="0" timestamp="29 May 2018 11:48:31 GMT" time="0.194" errors="0">
  <testcase name="resolveDependenciesEmptyInput" time="0.001" classname="org.molgenis.data.meta.EntityTypeDependencyResolverTest"/>
  <testcase name="resolveDependenciesEntityCircularExtends" time="0.024" classname="org.molgenis.data.meta.EntityTypeDependencyResolverTest"/>
  <testcase name="resolveDependenciesOneItemInput" time="0.003" classname="org.molgenis.data.meta.EntityTypeDependencyResolverTest"/>
  <testcase name="resolveDependenciesExtends3Level" time="0.059" classname="org.molgenis.data.meta.EntityTypeDependencyResolverTest"/>
  <testcase name="resolveSomeDependenciesInInput" time="0.022" classname="org.molgenis.data.meta.EntityTypeDependencyResolverTest"/>
  <testcase name="resolveDependenciesEntity" time="0.018" classname="org.molgenis.data.meta.EntityTypeDependencyResolverTest"/>
  <testcase name="resolveDependenciesEntityExtendedDependencies" time="0.023" classname="org.molgenis.data.meta.EntityTypeDependencyResolverTest"/>
  <testcase name="resolveDependenciesInInput" time="0.007" classname="org.molgenis.data.meta.EntityTypeDependencyResolverTest"/>
  <testcase name="resolveDependenciesAddedNotDependedEntity" time="0.014" classname="org.molgenis.data.meta.EntityTypeDependencyResolverTest"/>
  <testcase name="resolveDependenciesEntityCircularRefEntity" time="0.023" classname="org.molgenis.data.meta.EntityTypeDependencyResolverTest"/>
</testsuite> <!-- org.molgenis.data.meta.EntityTypeDependencyResolverTest -->
