<?xml version="1.0" encoding="UTF-8"?>
<!-- Generated by org.testng.reporters.JUnitReportReporter -->
<testsuite hostname="cyclone1" name="org.molgenis.data.EntityManagerImplTest" tests="5" failures="0" timestamp="4 Jun 2018 11:12:49 GMT" time="0.028" errors="0">
  <testcase name="getReferences" time="0.001" classname="org.molgenis.data.EntityManagerImplTest"/>
  <testcase name="getReference" time="0.019" classname="org.molgenis.data.EntityManagerImplTest"/>
  <testcase name="resolveReferencesStreamNoFetch" time="0.006" classname="org.molgenis.data.EntityManagerImplTest"/>
  <testcase name="resolveReferencesNoFetch" time="0.002" classname="org.molgenis.data.EntityManagerImplTest"/>
  <testcase name="EntityManagerImpl" time="0.000" classname="org.molgenis.data.EntityManagerImplTest"/>
</testsuite> <!-- org.molgenis.data.EntityManagerImplTest -->
