<?xml version="1.0" encoding="UTF-8"?>
<!-- Generated by org.testng.reporters.JUnitReportReporter -->
<testsuite hostname="cyclone1" name="org.molgenis.data.listeners.EntityListenersServiceTest" tests="9" failures="0" timestamp="30 May 2018 09:28:58 GMT" time="0.011" errors="0">
  <testcase name="registerTest" time="0.000" classname="org.molgenis.data.listeners.EntityListenersServiceTest"/>
  <testcase name="updateEntityTest" time="0.001" classname="org.molgenis.data.listeners.EntityListenersServiceTest"/>
  <testcase name="noExceptionsStressTest" time="0.007" classname="org.molgenis.data.listeners.EntityListenersServiceTest"/>
  <testcase name="addEntityListenerTest" time="0.001" classname="org.molgenis.data.listeners.EntityListenersServiceTest"/>
  <testcase name="registerNullPointer" time="0.000" classname="org.molgenis.data.listeners.EntityListenersServiceTest"/>
  <testcase name="isEmptyTest" time="0.000" classname="org.molgenis.data.listeners.EntityListenersServiceTest"/>
  <testcase name="removeEntityListenerTest" time="0.000" classname="org.molgenis.data.listeners.EntityListenersServiceTest"/>
  <testcase name="updateEntitiesTest" time="0.001" classname="org.molgenis.data.listeners.EntityListenersServiceTest"/>
  <testcase name="verifyRepoRegistered" time="0.001" classname="org.molgenis.data.listeners.EntityListenersServiceTest"/>
</testsuite> <!-- org.molgenis.data.listeners.EntityListenersServiceTest -->
