<?xml version="1.0" encoding="UTF-8"?>
<!-- Generated by org.testng.reporters.JUnitReportReporter -->
<testsuite hostname="cyclone1" name="org.molgenis.data.util.GenericDependencyResolverTest" tests="5" failures="0" timestamp="6 Jun 2018 08:44:55 GMT" time="0.034" errors="0">
  <testcase name="testGetAllDependants" time="0.016" classname="org.molgenis.data.util.GenericDependencyResolverTest"/>
  <testcase name="testGetAllDependantsCircularZeroDepth" time="0.001" classname="org.molgenis.data.util.GenericDependencyResolverTest"/>
  <testcase name="testResolveTransientDependency" time="0.016" classname="org.molgenis.data.util.GenericDependencyResolverTest"/>
  <testcase name="testGetAllDependantsCircular" time="0.000" classname="org.molgenis.data.util.GenericDependencyResolverTest"/>
  <testcase name="testCyclicDependencies" time="0.001" classname="org.molgenis.data.util.GenericDependencyResolverTest"/>
</testsuite> <!-- org.molgenis.data.util.GenericDependencyResolverTest -->
