<?xml version="1.0" encoding="UTF-8"?>
<!-- Generated by org.testng.reporters.JUnitReportReporter -->
<testsuite hostname="cyclone1" name="org.molgenis.data.support.AbstractRepositoryTest" tests="7" failures="0" timestamp="30 May 2018 12:50:10 GMT" time="0.024" errors="0">
  <testcase name="findAllStream" time="0.015" classname="org.molgenis.data.support.AbstractRepositoryTest"/>
  <testcase name="addStream" time="0.001" classname="org.molgenis.data.support.AbstractRepositoryTest"/>
  <testcase name="updateStream" time="0.001" classname="org.molgenis.data.support.AbstractRepositoryTest"/>
  <testcase name="deleteStream" time="0.000" classname="org.molgenis.data.support.AbstractRepositoryTest"/>
  <testcase name="testUpsertBatch" time="0.006" classname="org.molgenis.data.support.AbstractRepositoryTest"/>
  <testcase name="findAllStreamFetch" time="0.001" classname="org.molgenis.data.support.AbstractRepositoryTest"/>
  <testcase name="findOneObjectFetch" time="0.000" classname="org.molgenis.data.support.AbstractRepositoryTest"/>
</testsuite> <!-- org.molgenis.data.support.AbstractRepositoryTest -->
