<?xml version="1.0" encoding="UTF-8"?>
<!-- Generated by org.testng.reporters.JUnitReportReporter -->
<testsuite hostname="cyclone1" name="org.molgenis.data.meta.model.PackageTest" tests="2" failures="0" timestamp="30 May 2018 15:21:54 GMT" time="0.163" errors="0">
  <testcase name="getRootPackageParent" time="0.001" classname="org.molgenis.data.meta.model.PackageTest"/>
  <testcase name="getRootPackageNoParent" time="0.162" classname="org.molgenis.data.meta.model.PackageTest"/>
</testsuite> <!-- org.molgenis.data.meta.model.PackageTest -->
