<?xml version="1.0" encoding="UTF-8"?>
<!-- Generated by org.testng.reporters.JUnitReportReporter -->
<testsuite hostname="cyclone1" name="org.molgenis.data.support.BatchingQueryResultTest" tests="1" failures="0" timestamp="30 May 2018 15:21:54 GMT" time="0.000" errors="0">
  <testcase name="getBatch" time="0.000" classname="org.molgenis.data.support.BatchingQueryResultTest"/>
</testsuite> <!-- org.molgenis.data.support.BatchingQueryResultTest -->
