<?xml version="1.0" encoding="UTF-8"?>
<!-- Generated by org.testng.reporters.JUnitReportReporter -->
<testsuite hostname="cyclone1" name="org.molgenis.data.EntityManagerImplTest" tests="5" failures="0" timestamp="1 Jun 2018 11:33:09 GMT" time="0.218" errors="0">
  <testcase name="getReference" time="0.025" classname="org.molgenis.data.EntityManagerImplTest"/>
  <testcase name="resolveReferencesNoFetch" time="0.157" classname="org.molgenis.data.EntityManagerImplTest"/>
  <testcase name="getReferences" time="0.024" classname="org.molgenis.data.EntityManagerImplTest"/>
  <testcase name="EntityManagerImpl" time="0.001" classname="org.molgenis.data.EntityManagerImplTest"/>
  <testcase name="resolveReferencesStreamNoFetch" time="0.011" classname="org.molgenis.data.EntityManagerImplTest"/>
</testsuite> <!-- org.molgenis.data.EntityManagerImplTest -->
