<?xml version="1.0" encoding="UTF-8"?>
<!-- Generated by org.testng.reporters.JUnitReportReporter -->
<testsuite hostname="cyclone1" name="org.molgenis.data.listeners.EntityListenerRepositoryDecoratorTest" tests="16" failures="0" timestamp="29 May 2018 11:48:31 GMT" time="0.657" errors="0">
  <testcase name="removeEntityListener" time="0.137" classname="org.molgenis.data.listeners.EntityListenerRepositoryDecoratorTest"/>
  <testcase name="streamFetch" time="0.036" classname="org.molgenis.data.listeners.EntityListenerRepositoryDecoratorTest"/>
  <testcase name="updateEntityWithListeners" time="0.002" classname="org.molgenis.data.listeners.EntityListenerRepositoryDecoratorTest"/>
  <testcase name="updateEntityWithoutListener" time="0.002" classname="org.molgenis.data.listeners.EntityListenerRepositoryDecoratorTest"/>
  <testcase name="updateStreamWithListeners" time="0.005" classname="org.molgenis.data.listeners.EntityListenerRepositoryDecoratorTest"/>
  <testcase name="EntityListenerRepositoryDecorator" time="0.003" classname="org.molgenis.data.listeners.EntityListenerRepositoryDecoratorTest"/>
  <testcase name="findAllStreamFetch" time="0.003" classname="org.molgenis.data.listeners.EntityListenerRepositoryDecoratorTest"/>
  <testcase name="findAllAsStream" time="0.426" classname="org.molgenis.data.listeners.EntityListenerRepositoryDecoratorTest"/>
  <testcase name="testQuery" time="0.003" classname="org.molgenis.data.listeners.EntityListenerRepositoryDecoratorTest"/>
  <testcase name="addStream" time="0.001" classname="org.molgenis.data.listeners.EntityListenerRepositoryDecoratorTest"/>
  <testcase name="updateEntityNoListeners" time="0.003" classname="org.molgenis.data.listeners.EntityListenerRepositoryDecoratorTest"/>
  <testcase name="deleteStream" time="0.020" classname="org.molgenis.data.listeners.EntityListenerRepositoryDecoratorTest"/>
  <testcase name="findAllStream" time="0.001" classname="org.molgenis.data.listeners.EntityListenerRepositoryDecoratorTest"/>
  <testcase name="updateEntityWithListener" time="0.002" classname="org.molgenis.data.listeners.EntityListenerRepositoryDecoratorTest"/>
  <testcase name="updateStreamNoListeners" time="0.007" classname="org.molgenis.data.listeners.EntityListenerRepositoryDecoratorTest"/>
  <testcase name="updateStreamWithSomeListeners" time="0.006" classname="org.molgenis.data.listeners.EntityListenerRepositoryDecoratorTest"/>
</testsuite> <!-- org.molgenis.data.listeners.EntityListenerRepositoryDecoratorTest -->
