<?xml version="1.0" encoding="UTF-8"?>
<!-- Generated by org.testng.reporters.JUnitReportReporter -->
<testsuite hostname="cyclone1" name="org.molgenis.data.meta.EntityTypeDependencyResolverTest" tests="10" failures="0" timestamp="6 Jun 2018 14:17:26 GMT" time="0.065" errors="0">
  <testcase name="resolveDependenciesInInput" time="0.005" classname="org.molgenis.data.meta.EntityTypeDependencyResolverTest"/>
  <testcase name="resolveDependenciesAddedNotDependedEntity" time="0.012" classname="org.molgenis.data.meta.EntityTypeDependencyResolverTest"/>
  <testcase name="resolveDependenciesOneItemInput" time="0.000" classname="org.molgenis.data.meta.EntityTypeDependencyResolverTest"/>
  <testcase name="resolveDependenciesExtends3Level" time="0.013" classname="org.molgenis.data.meta.EntityTypeDependencyResolverTest"/>
  <testcase name="resolveDependenciesEntity" time="0.008" classname="org.molgenis.data.meta.EntityTypeDependencyResolverTest"/>
  <testcase name="resolveDependenciesEntityCircularExtends" time="0.004" classname="org.molgenis.data.meta.EntityTypeDependencyResolverTest"/>
  <testcase name="resolveSomeDependenciesInInput" time="0.004" classname="org.molgenis.data.meta.EntityTypeDependencyResolverTest"/>
  <testcase name="resolveDependenciesEntityExtendedDependencies" time="0.012" classname="org.molgenis.data.meta.EntityTypeDependencyResolverTest"/>
  <testcase name="resolveDependenciesEntityCircularRefEntity" time="0.006" classname="org.molgenis.data.meta.EntityTypeDependencyResolverTest"/>
  <testcase name="resolveDependenciesEmptyInput" time="0.001" classname="org.molgenis.data.meta.EntityTypeDependencyResolverTest"/>
</testsuite> <!-- org.molgenis.data.meta.EntityTypeDependencyResolverTest -->
