<?xml version="1.0" encoding="UTF-8"?>
<!-- Generated by org.testng.reporters.JUnitReportReporter -->
<testsuite hostname="cyclone1" name="org.molgenis.data.listeners.EntityListenersServiceTest" tests="9" failures="0" timestamp="6 Jun 2018 14:17:26 GMT" time="0.059" errors="0">
  <testcase name="addEntityListenerTest" time="0.026" classname="org.molgenis.data.listeners.EntityListenersServiceTest"/>
  <testcase name="updateEntityTest" time="0.002" classname="org.molgenis.data.listeners.EntityListenersServiceTest"/>
  <testcase name="updateEntitiesTest" time="0.005" classname="org.molgenis.data.listeners.EntityListenersServiceTest"/>
  <testcase name="registerTest" time="0.001" classname="org.molgenis.data.listeners.EntityListenersServiceTest"/>
  <testcase name="isEmptyTest" time="0.000" classname="org.molgenis.data.listeners.EntityListenersServiceTest"/>
  <testcase name="registerNullPointer" time="0.000" classname="org.molgenis.data.listeners.EntityListenersServiceTest"/>
  <testcase name="removeEntityListenerTest" time="0.001" classname="org.molgenis.data.listeners.EntityListenersServiceTest"/>
  <testcase name="noExceptionsStressTest" time="0.023" classname="org.molgenis.data.listeners.EntityListenersServiceTest"/>
  <testcase name="verifyRepoRegistered" time="0.001" classname="org.molgenis.data.listeners.EntityListenersServiceTest"/>
</testsuite> <!-- org.molgenis.data.listeners.EntityListenersServiceTest -->
