<?xml version="1.0" encoding="UTF-8"?>
<!-- Generated by org.testng.reporters.JUnitReportReporter -->
<testsuite hostname="cyclone1" name="org.molgenis.data.support.RepositoryCopierTest" tests="2" failures="0" timestamp="30 May 2018 12:50:10 GMT" time="0.017" errors="0">
  <testcase name="testCopyRepository" time="0.015" classname="org.molgenis.data.support.RepositoryCopierTest"/>
  <testcase name="testRepositoryCopier" time="0.002" classname="org.molgenis.data.support.RepositoryCopierTest"/>
</testsuite> <!-- org.molgenis.data.support.RepositoryCopierTest -->
