<?xml version="1.0" encoding="UTF-8"?>
<!-- Generated by org.testng.reporters.JUnitReportReporter -->
<testsuite hostname="cyclone1" name="org.molgenis.data.meta.SystemEntityTypeTest" tests="2" failures="0" timestamp="6 Jun 2018 21:42:15 GMT" time="0.268" errors="0">
  <testcase name="testAssignRolesToAttributePartsNested" time="0.002" classname="org.molgenis.data.meta.SystemEntityTypeTest"/>
  <testcase name="testAssignRolesToAttributeParts" time="0.266" classname="org.molgenis.data.meta.SystemEntityTypeTest"/>
</testsuite> <!-- org.molgenis.data.meta.SystemEntityTypeTest -->
