<?xml version="1.0" encoding="UTF-8"?>
<!-- Generated by org.testng.reporters.JUnitReportReporter -->
<testsuite hostname="cyclone1" name="org.molgenis.data.EntityReferenceCreatorImplTest" tests="3" failures="0" timestamp="30 May 2018 10:05:56 GMT" time="0.207" errors="0">
  <testcase name="getReferences" time="0.032" classname="org.molgenis.data.EntityReferenceCreatorImplTest"/>
  <testcase name="EntityReferenceCreatorImpl" time="0.097" classname="org.molgenis.data.EntityReferenceCreatorImplTest"/>
  <testcase name="getReference" time="0.078" classname="org.molgenis.data.EntityReferenceCreatorImplTest"/>
</testsuite> <!-- org.molgenis.data.EntityReferenceCreatorImplTest -->
