<?xml version="1.0" encoding="UTF-8"?>
<!-- Generated by org.testng.reporters.JUnitReportReporter -->
<testsuite hostname="cyclone1" name="org.molgenis.data.support.RepositoryCopierTest" tests="2" failures="0" timestamp="29 May 2018 11:48:31 GMT" time="0.020" errors="0">
  <testcase name="testCopyRepository" time="0.018" classname="org.molgenis.data.support.RepositoryCopierTest"/>
  <testcase name="testRepositoryCopier" time="0.002" classname="org.molgenis.data.support.RepositoryCopierTest"/>
</testsuite> <!-- org.molgenis.data.support.RepositoryCopierTest -->
