<?xml version="1.0" encoding="UTF-8"?>
<!-- Generated by org.testng.reporters.JUnitReportReporter -->
<testsuite hostname="cyclone1" name="org.molgenis.data.EntityReferenceCreatorImplTest" tests="3" failures="0" timestamp="30 May 2018 09:28:58 GMT" time="0.034" errors="0">
  <testcase name="getReferences" time="0.028" classname="org.molgenis.data.EntityReferenceCreatorImplTest"/>
  <testcase name="EntityReferenceCreatorImpl" time="0.001" classname="org.molgenis.data.EntityReferenceCreatorImplTest"/>
  <testcase name="getReference" time="0.005" classname="org.molgenis.data.EntityReferenceCreatorImplTest"/>
</testsuite> <!-- org.molgenis.data.EntityReferenceCreatorImplTest -->
