<?xml version="1.0" encoding="UTF-8"?>
<!-- Generated by org.testng.reporters.JUnitReportReporter -->
<testsuite hostname="cyclone1" name="org.molgenis.data.meta.AbstractMetadataIdGeneratorTest" tests="1" failures="0" timestamp="30 May 2018 09:28:58 GMT" time="0.031" errors="0">
  <testcase name="testGenerateHashcode" time="0.031" classname="org.molgenis.data.meta.AbstractMetadataIdGeneratorTest"/>
</testsuite> <!-- org.molgenis.data.meta.AbstractMetadataIdGeneratorTest -->
