<?xml version="1.0" encoding="UTF-8"?>
<!-- Generated by org.testng.reporters.JUnitReportReporter -->
<testsuite hostname="cyclone1" name="org.molgenis.data.DataConverterTest" tests="11" failures="0" timestamp="6 Jun 2018 08:44:55 GMT" time="0.090" errors="0">
  <testcase name="toLocalDate" time="0.000" classname="org.molgenis.data.DataConverterTest"/>
  <testcase name="convertLocalDate" time="0.002" classname="org.molgenis.data.DataConverterTest"/>
  <testcase name="convertObjectAttribute" time="0.001" classname="org.molgenis.data.DataConverterTest"/>
  <testcase name="convertObjectAttribute" time="0.000" classname="org.molgenis.data.DataConverterTest"/>
  <testcase name="testWrapExceptionOnInvalidConversion" time="0.005" classname="org.molgenis.data.DataConverterTest"/>
  <testcase name="toIntListInteger" time="0.000" classname="org.molgenis.data.DataConverterTest"/>
  <testcase name="toListEntity" time="0.001" classname="org.molgenis.data.DataConverterTest"/>
  <testcase name="convertDateTime" time="0.078" classname="org.molgenis.data.DataConverterTest"/>
  <testcase name="convert" time="0.003" classname="org.molgenis.data.DataConverterTest"/>
  <testcase name="toIntListEntity" time="0.000" classname="org.molgenis.data.DataConverterTest"/>
  <testcase name="toListString" time="0.000" classname="org.molgenis.data.DataConverterTest"/>
</testsuite> <!-- org.molgenis.data.DataConverterTest -->
