<?xml version="1.0" encoding="UTF-8"?>
<!-- Generated by org.testng.reporters.JUnitReportReporter -->
<testsuite hostname="cyclone1" name="org.molgenis.data.decorator.DynamicRepositoryDecoratorFactoryRegistrarTest" tests="1" failures="0" timestamp="1 Jun 2018 11:33:09 GMT" time="0.065" errors="0">
  <testcase name="testRegister" time="0.065" classname="org.molgenis.data.decorator.DynamicRepositoryDecoratorFactoryRegistrarTest"/>
</testsuite> <!-- org.molgenis.data.decorator.DynamicRepositoryDecoratorFactoryRegistrarTest -->
