<?xml version="1.0" encoding="UTF-8"?>
<!-- Generated by org.testng.reporters.JUnitReportReporter -->
<testsuite hostname="cyclone1" name="org.molgenis.data.meta.EntityTypeRepositoryDecoratorTest" tests="7" failures="0" timestamp="29 May 2018 11:48:31 GMT" time="0.057" errors="0">
  <testcase name="delete" time="0.017" classname="org.molgenis.data.meta.EntityTypeRepositoryDecoratorTest"/>
  <testcase name="deleteAbstract" time="0.002" classname="org.molgenis.data.meta.EntityTypeRepositoryDecoratorTest"/>
  <testcase name="updateConcreteEntityType" time="0.001" classname="org.molgenis.data.meta.EntityTypeRepositoryDecoratorTest"/>
  <testcase name="deleteEntityTypesWithOneToMany" time="0.016" classname="org.molgenis.data.meta.EntityTypeRepositoryDecoratorTest"/>
  <testcase name="addWithKnownBackend" time="0.001" classname="org.molgenis.data.meta.EntityTypeRepositoryDecoratorTest"/>
  <testcase name="addRemoveAttributeAbstractEntityType" time="0.013" classname="org.molgenis.data.meta.EntityTypeRepositoryDecoratorTest"/>
  <testcase name="addWithUnknownBackend" time="0.007" classname="org.molgenis.data.meta.EntityTypeRepositoryDecoratorTest"/>
</testsuite> <!-- org.molgenis.data.meta.EntityTypeRepositoryDecoratorTest -->
