<?xml version="1.0" encoding="UTF-8"?>
<!-- Generated by org.testng.reporters.JUnitReportReporter -->
<testsuite hostname="cyclone1" name="org.molgenis.data.decorator.meta.DynamicDecoratorPopulatorTest" tests="1" failures="0" timestamp="30 May 2018 10:05:56 GMT" time="0.371" errors="0">
  <testcase name="testPopulate" time="0.371" classname="org.molgenis.data.decorator.meta.DynamicDecoratorPopulatorTest"/>
</testsuite> <!-- org.molgenis.data.decorator.meta.DynamicDecoratorPopulatorTest -->
