<?xml version="1.0" encoding="UTF-8"?>
<!-- Generated by org.testng.reporters.JUnitReportReporter -->
<testsuite hostname="cyclone1" name="org.molgenis.data.meta.model.EntityTypeTest" tests="6" failures="0" timestamp="1 Jun 2018 11:33:09 GMT" time="0.083" errors="0">
  <testcase name="setLabel" time="0.002" classname="org.molgenis.data.meta.model.EntityTypeTest"/>
  <testcase name="newInstanceShallowCopy" time="0.073" classname="org.molgenis.data.meta.model.EntityTypeTest"/>
  <testcase name="addSequenceNumberNull" time="0.001" classname="org.molgenis.data.meta.model.EntityTypeTest"/>
  <testcase name="addAttributeWithDuplicateName" time="0.003" classname="org.molgenis.data.meta.model.EntityTypeTest"/>
  <testcase name="addSequenceNumberNullAndOtherNull" time="0.002" classname="org.molgenis.data.meta.model.EntityTypeTest"/>
  <testcase name="setLabelNull" time="0.002" classname="org.molgenis.data.meta.model.EntityTypeTest"/>
</testsuite> <!-- org.molgenis.data.meta.model.EntityTypeTest -->
