<?xml version="1.0" encoding="UTF-8"?>
<!-- Generated by org.testng.reporters.JUnitReportReporter -->
<testsuite hostname="cyclone1" name="org.molgenis.data.meta.model.AttributeTest" tests="10" failures="0" timestamp="7 Jun 2018 14:46:22 GMT" time="0.038" errors="0">
  <testcase name="testNewInstance" time="0.012" classname="org.molgenis.data.meta.model.AttributeTest"/>
  <testcase name="setIdAttributeFalse" time="0.004" classname="org.molgenis.data.meta.model.AttributeTest"/>
  <testcase name="setParentNullToAttribute" time="0.002" classname="org.molgenis.data.meta.model.AttributeTest"/>
  <testcase name="setLabelAttributeTrue" time="0.002" classname="org.molgenis.data.meta.model.AttributeTest"/>
  <testcase name="testIdValidationExpression" time="0.003" classname="org.molgenis.data.meta.model.AttributeTest"/>
  <testcase name="setParentAttributeToAttribute" time="0.003" classname="org.molgenis.data.meta.model.AttributeTest"/>
  <testcase name="setParentAttributeToNull" time="0.003" classname="org.molgenis.data.meta.model.AttributeTest"/>
  <testcase name="setParentNullToNull" time="0.002" classname="org.molgenis.data.meta.model.AttributeTest"/>
  <testcase name="setLabelAttributeFalse" time="0.003" classname="org.molgenis.data.meta.model.AttributeTest"/>
  <testcase name="setIdAttributeTrue" time="0.004" classname="org.molgenis.data.meta.model.AttributeTest"/>
</testsuite> <!-- org.molgenis.data.meta.model.AttributeTest -->
