<?xml version="1.0" encoding="UTF-8"?>
<!-- Generated by org.testng.reporters.JUnitReportReporter -->
<testsuite hostname="cyclone1" name="org.molgenis.data.populate.AutoValuePopulatorTest" tests="1" failures="0" timestamp="29 May 2018 11:48:31 GMT" time="0.036" errors="0">
  <testcase name="populateAutoValues" time="0.036" classname="org.molgenis.data.populate.AutoValuePopulatorTest"/>
</testsuite> <!-- org.molgenis.data.populate.AutoValuePopulatorTest -->
