<?xml version="1.0" encoding="UTF-8"?>
<!-- Generated by org.testng.reporters.JUnitReportReporter -->
<testsuite hostname="cyclone1" name="org.molgenis.data.decorator.DynamicRepositoryDecoratorRegistryImplTest" tests="2" failures="0" timestamp="30 May 2018 09:28:58 GMT" time="0.108" errors="0">
  <testcase name="testDecorate" time="0.007" classname="org.molgenis.data.decorator.DynamicRepositoryDecoratorRegistryImplTest"/>
  <testcase name="testDecorateNoDecorator" time="0.101" classname="org.molgenis.data.decorator.DynamicRepositoryDecoratorRegistryImplTest"/>
</testsuite> <!-- org.molgenis.data.decorator.DynamicRepositoryDecoratorRegistryImplTest -->
