<?xml version="1.0" encoding="UTF-8"?>
<!-- Generated by org.testng.reporters.JUnitReportReporter -->
<testsuite hostname="cyclone1" name="org.molgenis.data.meta.AttributeRepositoryDecoratorTest" tests="1" failures="0" timestamp="30 May 2018 15:21:54 GMT" time="0.005" errors="0">
  <testcase name="updateNonSystemAbstractEntity" time="0.005" classname="org.molgenis.data.meta.AttributeRepositoryDecoratorTest"/>
</testsuite> <!-- org.molgenis.data.meta.AttributeRepositoryDecoratorTest -->
