<?xml version="1.0" encoding="UTF-8"?>
<!-- Generated by org.testng.reporters.JUnitReportReporter -->
<testsuite hostname="cyclone1" name="org.molgenis.data.meta.EntityTypeRepositoryDecoratorTest" tests="7" failures="0" timestamp="30 May 2018 10:05:56 GMT" time="0.056" errors="0">
  <testcase name="addWithKnownBackend" time="0.002" classname="org.molgenis.data.meta.EntityTypeRepositoryDecoratorTest"/>
  <testcase name="addWithUnknownBackend" time="0.005" classname="org.molgenis.data.meta.EntityTypeRepositoryDecoratorTest"/>
  <testcase name="deleteAbstract" time="0.003" classname="org.molgenis.data.meta.EntityTypeRepositoryDecoratorTest"/>
  <testcase name="addRemoveAttributeAbstractEntityType" time="0.008" classname="org.molgenis.data.meta.EntityTypeRepositoryDecoratorTest"/>
  <testcase name="delete" time="0.011" classname="org.molgenis.data.meta.EntityTypeRepositoryDecoratorTest"/>
  <testcase name="updateConcreteEntityType" time="0.003" classname="org.molgenis.data.meta.EntityTypeRepositoryDecoratorTest"/>
  <testcase name="deleteEntityTypesWithOneToMany" time="0.024" classname="org.molgenis.data.meta.EntityTypeRepositoryDecoratorTest"/>
</testsuite> <!-- org.molgenis.data.meta.EntityTypeRepositoryDecoratorTest -->
