<?xml version="1.0" encoding="UTF-8"?>
<!-- Generated by org.testng.reporters.JUnitReportReporter -->
<testsuite hostname="cyclone1" name="org.molgenis.data.UnknownEntityExceptionTest" tests="2" failures="0" timestamp="29 May 2018 11:48:31 GMT" time="0.077" errors="0">
  <testcase name="testGetLocalizedMessage" time="0.062" classname="org.molgenis.data.UnknownEntityExceptionTest"/>
  <testcase name="testGetLocalizedMessageIdOnly" time="0.015" classname="org.molgenis.data.UnknownEntityExceptionTest"/>
</testsuite> <!-- org.molgenis.data.UnknownEntityExceptionTest -->
