<?xml version="1.0" encoding="UTF-8"?>
<!-- Generated by org.testng.reporters.JUnitReportReporter -->
<testsuite hostname="cyclone1" name="org.molgenis.data.support.AbstractRepositoryTest" tests="7" failures="0" timestamp="6 Jun 2018 21:42:15 GMT" time="0.051" errors="0">
  <testcase name="addStream" time="0.002" classname="org.molgenis.data.support.AbstractRepositoryTest"/>
  <testcase name="findAllStream" time="0.036" classname="org.molgenis.data.support.AbstractRepositoryTest"/>
  <testcase name="updateStream" time="0.002" classname="org.molgenis.data.support.AbstractRepositoryTest"/>
  <testcase name="findOneObjectFetch" time="0.001" classname="org.molgenis.data.support.AbstractRepositoryTest"/>
  <testcase name="testUpsertBatch" time="0.008" classname="org.molgenis.data.support.AbstractRepositoryTest"/>
  <testcase name="findAllStreamFetch" time="0.001" classname="org.molgenis.data.support.AbstractRepositoryTest"/>
  <testcase name="deleteStream" time="0.001" classname="org.molgenis.data.support.AbstractRepositoryTest"/>
</testsuite> <!-- org.molgenis.data.support.AbstractRepositoryTest -->
