<?xml version="1.0" encoding="UTF-8"?>
<!-- Generated by org.testng.reporters.JUnitReportReporter -->
<testsuite hostname="cyclone1" name="org.molgenis.data.util.MolgenisDateFormatTest" tests="12" failures="0" timestamp="30 May 2018 09:28:58 GMT" time="0.032" errors="0">
  <testcase name="testParseLocalDate" time="0.001" classname="org.molgenis.data.util.MolgenisDateFormatTest"/>
  <testcase name="testParseInstant" time="0.000" classname="org.molgenis.data.util.MolgenisDateFormatTest"/>
  <testcase name="testParseInstant" time="0.000" classname="org.molgenis.data.util.MolgenisDateFormatTest"/>
  <testcase name="testParseInstant" time="0.001" classname="org.molgenis.data.util.MolgenisDateFormatTest"/>
  <testcase name="testParseLocalDate" time="0.000" classname="org.molgenis.data.util.MolgenisDateFormatTest"/>
  <testcase name="testParseLocalDate" time="0.004" classname="org.molgenis.data.util.MolgenisDateFormatTest"/>
  <testcase name="testParseLocalDate" time="0.003" classname="org.molgenis.data.util.MolgenisDateFormatTest"/>
  <testcase name="testParseLocalDate" time="0.001" classname="org.molgenis.data.util.MolgenisDateFormatTest"/>
  <testcase name="testParseLocalDate" time="0.000" classname="org.molgenis.data.util.MolgenisDateFormatTest"/>
  <testcase name="testParseInstant" time="0.020" classname="org.molgenis.data.util.MolgenisDateFormatTest"/>
  <testcase name="testParseInstant" time="0.001" classname="org.molgenis.data.util.MolgenisDateFormatTest"/>
  <testcase name="testParseInstant" time="0.001" classname="org.molgenis.data.util.MolgenisDateFormatTest"/>
</testsuite> <!-- org.molgenis.data.util.MolgenisDateFormatTest -->
