<?xml version="1.0" encoding="UTF-8"?>
<!-- Generated by org.testng.reporters.JUnitReportReporter -->
<testsuite hostname="cyclone1" name="org.molgenis.data.support.StringExpressionEvaluatorTest" tests="8" failures="0" timestamp="4 Jun 2018 11:12:49 GMT" time="0.185" errors="0">
  <testcase name="testStringEvaluatorLookupAttributeAndConvertFromIntToLong" time="0.084" classname="org.molgenis.data.support.StringExpressionEvaluatorTest"/>
  <testcase name="testStringEvaluatorLookupAttributeAndConvertFromLongToInt" time="0.001" classname="org.molgenis.data.support.StringExpressionEvaluatorTest"/>
  <testcase name="testStringEvaluatorLookupAttributeAndConvertFromStringToLong" time="0.001" classname="org.molgenis.data.support.StringExpressionEvaluatorTest"/>
  <testcase name="testStringEvaluatorConstructorChecksIfExpressionIsMap" time="0.001" classname="org.molgenis.data.support.StringExpressionEvaluatorTest"/>
  <testcase name="testStringEvaluatorLookupAttributeAndConvertFromIntToString" time="0.002" classname="org.molgenis.data.support.StringExpressionEvaluatorTest"/>
  <testcase name="testStringEvaluatorConstructorChecksIfAttributeHasExpression" time="0.001" classname="org.molgenis.data.support.StringExpressionEvaluatorTest"/>
  <testcase name="testStringEvaluatorConstructorChecksIfAttributeMentionsExistingAttribute" time="0.092" classname="org.molgenis.data.support.StringExpressionEvaluatorTest"/>
  <testcase name="testStringEvaluatorLookupAttributeAndConvertFromNonNumericStringToLongFails" time="0.003" classname="org.molgenis.data.support.StringExpressionEvaluatorTest"/>
</testsuite> <!-- org.molgenis.data.support.StringExpressionEvaluatorTest -->
