<?xml version="1.0" encoding="UTF-8"?>
<!-- Generated by org.testng.reporters.JUnitReportReporter -->
<testsuite hostname="cyclone1" name="org.molgenis.data.UnknownAttributeExceptionTest" tests="2" failures="0" timestamp="4 Jun 2018 11:12:49 GMT" time="0.005" errors="0">
  <testcase name="testGetLocalizedMessage" time="0.002" classname="org.molgenis.data.UnknownAttributeExceptionTest"/>
  <testcase name="testGetLocalizedMessage" time="0.003" classname="org.molgenis.data.UnknownAttributeExceptionTest"/>
</testsuite> <!-- org.molgenis.data.UnknownAttributeExceptionTest -->
