<?xml version="1.0" encoding="UTF-8"?>
<!-- Generated by org.testng.reporters.JUnitReportReporter -->
<testsuite hostname="cyclone1" name="org.molgenis.data.util.GenericDependencyResolverTest" tests="5" failures="0" timestamp="30 May 2018 09:28:58 GMT" time="0.031" errors="0">
  <testcase name="testGetAllDependantsCircular" time="0.015" classname="org.molgenis.data.util.GenericDependencyResolverTest"/>
  <testcase name="testResolveTransientDependency" time="0.001" classname="org.molgenis.data.util.GenericDependencyResolverTest"/>
  <testcase name="testGetAllDependantsCircularZeroDepth" time="0.002" classname="org.molgenis.data.util.GenericDependencyResolverTest"/>
  <testcase name="testCyclicDependencies" time="0.003" classname="org.molgenis.data.util.GenericDependencyResolverTest"/>
  <testcase name="testGetAllDependants" time="0.010" classname="org.molgenis.data.util.GenericDependencyResolverTest"/>
</testsuite> <!-- org.molgenis.data.util.GenericDependencyResolverTest -->
