<?xml version="1.0" encoding="UTF-8"?>
<!-- Generated by org.testng.reporters.JUnitReportReporter -->
<testsuite hostname="cyclone1" name="org.molgenis.data.meta.PackageRepositoryDecoratorTest" tests="1" failures="0" timestamp="7 Jun 2018 14:46:22 GMT" time="0.001" errors="0">
  <testcase name="testPackageRepositoryDecorator" time="0.001" classname="org.molgenis.data.meta.PackageRepositoryDecoratorTest"/>
</testsuite> <!-- org.molgenis.data.meta.PackageRepositoryDecoratorTest -->
