<?xml version="1.0" encoding="UTF-8"?>
<!-- Generated by org.testng.reporters.JUnitReportReporter -->
<testsuite hostname="cyclone1" name="org.molgenis.data.meta.SystemEntityTypeTest" tests="2" failures="0" timestamp="7 Jun 2018 14:46:22 GMT" time="0.435" errors="0">
  <testcase name="testAssignRolesToAttributeParts" time="0.431" classname="org.molgenis.data.meta.SystemEntityTypeTest"/>
  <testcase name="testAssignRolesToAttributePartsNested" time="0.004" classname="org.molgenis.data.meta.SystemEntityTypeTest"/>
</testsuite> <!-- org.molgenis.data.meta.SystemEntityTypeTest -->
