<?xml version="1.0" encoding="UTF-8"?>
<!-- Generated by org.testng.reporters.JUnitReportReporter -->
<testsuite hostname="cyclone1" name="org.molgenis.data.EntityReferenceCreatorImplTest" tests="3" failures="0" timestamp="30 May 2018 12:50:10 GMT" time="0.122" errors="0">
  <testcase name="EntityReferenceCreatorImpl" time="0.001" classname="org.molgenis.data.EntityReferenceCreatorImplTest"/>
  <testcase name="getReferences" time="0.009" classname="org.molgenis.data.EntityReferenceCreatorImplTest"/>
  <testcase name="getReference" time="0.112" classname="org.molgenis.data.EntityReferenceCreatorImplTest"/>
</testsuite> <!-- org.molgenis.data.EntityReferenceCreatorImplTest -->
