<?xml version="1.0" encoding="UTF-8"?>
<!-- Generated by org.testng.reporters.JUnitReportReporter -->
<testsuite hostname="cyclone1" name="org.molgenis.data.util.BatchingIterableTest" tests="57" failures="0" timestamp="30 May 2018 15:21:54 GMT" time="0.011" errors="0">
  <testcase name="iterator" time="0.000" classname="org.molgenis.data.util.BatchingIterableTest"/>
  <testcase name="iterator" time="0.000" classname="org.molgenis.data.util.BatchingIterableTest"/>
  <testcase name="iterator" time="0.000" classname="org.molgenis.data.util.BatchingIterableTest"/>
  <testcase name="iterator" time="0.001" classname="org.molgenis.data.util.BatchingIterableTest"/>
  <testcase name="iterator" time="0.000" classname="org.molgenis.data.util.BatchingIterableTest"/>
  <testcase name="iterator" time="0.000" classname="org.molgenis.data.util.BatchingIterableTest"/>
  <testcase name="iterator" time="0.000" classname="org.molgenis.data.util.BatchingIterableTest"/>
  <testcase name="iterator" time="0.000" classname="org.molgenis.data.util.BatchingIterableTest"/>
  <testcase name="iterator" time="0.000" classname="org.molgenis.data.util.BatchingIterableTest"/>
  <testcase name="iterator" time="0.000" classname="org.molgenis.data.util.BatchingIterableTest"/>
  <testcase name="iterator" time="0.000" classname="org.molgenis.data.util.BatchingIterableTest"/>
  <testcase name="iterator" time="0.001" classname="org.molgenis.data.util.BatchingIterableTest"/>
  <testcase name="iterator" time="0.000" classname="org.molgenis.data.util.BatchingIterableTest"/>
  <testcase name="iterator" time="0.000" classname="org.molgenis.data.util.BatchingIterableTest"/>
  <testcase name="iterator" time="0.000" classname="org.molgenis.data.util.BatchingIterableTest"/>
  <testcase name="iterator" time="0.000" classname="org.molgenis.data.util.BatchingIterableTest"/>
  <testcase name="iterator" time="0.000" classname="org.molgenis.data.util.BatchingIterableTest"/>
  <testcase name="iterator" time="0.000" classname="org.molgenis.data.util.BatchingIterableTest"/>
  <testcase name="iterator" time="0.000" classname="org.molgenis.data.util.BatchingIterableTest"/>
  <testcase name="iterator" time="0.000" classname="org.molgenis.data.util.BatchingIterableTest"/>
  <testcase name="iterator" time="0.000" classname="org.molgenis.data.util.BatchingIterableTest"/>
  <testcase name="iterator" time="0.000" classname="org.molgenis.data.util.BatchingIterableTest"/>
  <testcase name="iterator" time="0.000" classname="org.molgenis.data.util.BatchingIterableTest"/>
  <testcase name="iterator" time="0.000" classname="org.molgenis.data.util.BatchingIterableTest"/>
  <testcase name="iterator" time="0.000" classname="org.molgenis.data.util.BatchingIterableTest"/>
  <testcase name="iterator" time="0.000" classname="org.molgenis.data.util.BatchingIterableTest"/>
  <testcase name="iterator" time="0.000" classname="org.molgenis.data.util.BatchingIterableTest"/>
  <testcase name="iterator" time="0.001" classname="org.molgenis.data.util.BatchingIterableTest"/>
  <testcase name="iterator" time="0.002" classname="org.molgenis.data.util.BatchingIterableTest"/>
  <testcase name="iterator" time="0.000" classname="org.molgenis.data.util.BatchingIterableTest"/>
  <testcase name="iterator" time="0.001" classname="org.molgenis.data.util.BatchingIterableTest"/>
  <testcase name="iterator" time="0.000" classname="org.molgenis.data.util.BatchingIterableTest"/>
  <testcase name="iterator" time="0.000" classname="org.molgenis.data.util.BatchingIterableTest"/>
  <testcase name="iterator" time="0.000" classname="org.molgenis.data.util.BatchingIterableTest"/>
  <testcase name="iterator" time="0.000" classname="org.molgenis.data.util.BatchingIterableTest"/>
  <testcase name="iterator" time="0.000" classname="org.molgenis.data.util.BatchingIterableTest"/>
  <testcase name="iterator" time="0.000" classname="org.molgenis.data.util.BatchingIterableTest"/>
  <testcase name="iterator" time="0.000" classname="org.molgenis.data.util.BatchingIterableTest"/>
  <testcase name="iterator" time="0.000" classname="org.molgenis.data.util.BatchingIterableTest"/>
  <testcase name="iterator" time="0.000" classname="org.molgenis.data.util.BatchingIterableTest"/>
  <testcase name="iterator" time="0.000" classname="org.molgenis.data.util.BatchingIterableTest"/>
  <testcase name="iterator" time="0.001" classname="org.molgenis.data.util.BatchingIterableTest"/>
  <testcase name="iterator" time="0.001" classname="org.molgenis.data.util.BatchingIterableTest"/>
  <testcase name="iterator" time="0.001" classname="org.molgenis.data.util.BatchingIterableTest"/>
  <testcase name="iterator" time="0.000" classname="org.molgenis.data.util.BatchingIterableTest"/>
  <testcase name="iterator" time="0.000" classname="org.molgenis.data.util.BatchingIterableTest"/>
  <testcase name="iterator" time="0.000" classname="org.molgenis.data.util.BatchingIterableTest"/>
  <testcase name="iteratorNoResults" time="0.001" classname="org.molgenis.data.util.BatchingIterableTest"/>
  <testcase name="iterator" time="0.000" classname="org.molgenis.data.util.BatchingIterableTest"/>
  <testcase name="iterator" time="0.000" classname="org.molgenis.data.util.BatchingIterableTest"/>
  <testcase name="iterator" time="0.000" classname="org.molgenis.data.util.BatchingIterableTest"/>
  <testcase name="iterator" time="0.001" classname="org.molgenis.data.util.BatchingIterableTest"/>
  <testcase name="iterator" time="0.000" classname="org.molgenis.data.util.BatchingIterableTest"/>
  <testcase name="iterator" time="0.000" classname="org.molgenis.data.util.BatchingIterableTest"/>
  <testcase name="iterator" time="0.000" classname="org.molgenis.data.util.BatchingIterableTest"/>
  <testcase name="iterator" time="0.000" classname="org.molgenis.data.util.BatchingIterableTest"/>
  <testcase name="iterator" time="0.000" classname="org.molgenis.data.util.BatchingIterableTest"/>
</testsuite> <!-- org.molgenis.data.util.BatchingIterableTest -->
