<?xml version="1.0" encoding="UTF-8"?>
<!-- Generated by org.testng.reporters.JUnitReportReporter -->
<testsuite hostname="cyclone1" name="org.molgenis.data.meta.model.AttributeTest" tests="8" failures="0" timestamp="29 May 2018 11:48:31 GMT" time="0.067" errors="0">
  <testcase name="setParentNullToNull" time="0.011" classname="org.molgenis.data.meta.model.AttributeTest"/>
  <testcase name="testNewInstance" time="0.018" classname="org.molgenis.data.meta.model.AttributeTest"/>
  <testcase name="testIdValidationExpression" time="0.004" classname="org.molgenis.data.meta.model.AttributeTest"/>
  <testcase name="setIdAttributeFalse" time="0.006" classname="org.molgenis.data.meta.model.AttributeTest"/>
  <testcase name="setParentAttributeToAttribute" time="0.005" classname="org.molgenis.data.meta.model.AttributeTest"/>
  <testcase name="setParentAttributeToNull" time="0.013" classname="org.molgenis.data.meta.model.AttributeTest"/>
  <testcase name="setIdAttributeTrue" time="0.005" classname="org.molgenis.data.meta.model.AttributeTest"/>
  <testcase name="setParentNullToAttribute" time="0.005" classname="org.molgenis.data.meta.model.AttributeTest"/>
</testsuite> <!-- org.molgenis.data.meta.model.AttributeTest -->
