<?xml version="1.0" encoding="UTF-8"?>
<!-- Generated by org.testng.reporters.JUnitReportReporter -->
<testsuite hostname="cyclone1" name="org.molgenis.data.decorator.meta.DynamicDecoratorPopulatorTest" tests="1" failures="0" timestamp="7 Jun 2018 14:46:22 GMT" time="0.097" errors="0">
  <testcase name="testPopulate" time="0.097" classname="org.molgenis.data.decorator.meta.DynamicDecoratorPopulatorTest"/>
</testsuite> <!-- org.molgenis.data.decorator.meta.DynamicDecoratorPopulatorTest -->
