<?xml version="1.0" encoding="UTF-8"?>
<!-- Generated by org.testng.reporters.JUnitReportReporter -->
<testsuite hostname="cyclone1" name="org.molgenis.data.meta.EntityTypeRepositoryDecoratorTest" tests="7" failures="0" timestamp="30 May 2018 09:28:58 GMT" time="0.036" errors="0">
  <testcase name="addWithKnownBackend" time="0.002" classname="org.molgenis.data.meta.EntityTypeRepositoryDecoratorTest"/>
  <testcase name="deleteAbstract" time="0.004" classname="org.molgenis.data.meta.EntityTypeRepositoryDecoratorTest"/>
  <testcase name="delete" time="0.009" classname="org.molgenis.data.meta.EntityTypeRepositoryDecoratorTest"/>
  <testcase name="addRemoveAttributeAbstractEntityType" time="0.007" classname="org.molgenis.data.meta.EntityTypeRepositoryDecoratorTest"/>
  <testcase name="deleteEntityTypesWithOneToMany" time="0.009" classname="org.molgenis.data.meta.EntityTypeRepositoryDecoratorTest"/>
  <testcase name="updateConcreteEntityType" time="0.001" classname="org.molgenis.data.meta.EntityTypeRepositoryDecoratorTest"/>
  <testcase name="addWithUnknownBackend" time="0.004" classname="org.molgenis.data.meta.EntityTypeRepositoryDecoratorTest"/>
</testsuite> <!-- org.molgenis.data.meta.EntityTypeRepositoryDecoratorTest -->
