<?xml version="1.0" encoding="UTF-8"?>
<!-- Generated by org.testng.reporters.JUnitReportReporter -->
<testsuite hostname="cyclone1" name="org.molgenis.data.mem.InMemoryRepositoryTest" tests="11" failures="0" timestamp="30 May 2018 12:50:10 GMT" time="0.182" errors="0">
  <testcase name="findAllAsStreamQueryWithContent" time="0.003" classname="org.molgenis.data.mem.InMemoryRepositoryTest"/>
  <testcase name="updateStream" time="0.003" classname="org.molgenis.data.mem.InMemoryRepositoryTest"/>
  <testcase name="deleteStream" time="0.022" classname="org.molgenis.data.mem.InMemoryRepositoryTest"/>
  <testcase name="findAllStream" time="0.004" classname="org.molgenis.data.mem.InMemoryRepositoryTest"/>
  <testcase name="addStream" time="0.058" classname="org.molgenis.data.mem.InMemoryRepositoryTest"/>
  <testcase name="findAllAsStreamSingleEqualsQuery" time="0.007" classname="org.molgenis.data.mem.InMemoryRepositoryTest"/>
  <testcase name="findAllAsStream" time="0.017" classname="org.molgenis.data.mem.InMemoryRepositoryTest"/>
  <testcase name="findAllStreamFetch" time="0.003" classname="org.molgenis.data.mem.InMemoryRepositoryTest"/>
  <testcase name="findOneObjectFetch" time="0.002" classname="org.molgenis.data.mem.InMemoryRepositoryTest"/>
  <testcase name="findOneObjectFetchEntityNull" time="0.002" classname="org.molgenis.data.mem.InMemoryRepositoryTest"/>
  <testcase name="streamFetch" time="0.061" classname="org.molgenis.data.mem.InMemoryRepositoryTest"/>
</testsuite> <!-- org.molgenis.data.mem.InMemoryRepositoryTest -->
