<?xml version="1.0" encoding="UTF-8"?>
<!-- Generated by org.testng.reporters.JUnitReportReporter -->
<testsuite hostname="cyclone1" name="org.molgenis.data.decorator.DynamicRepositoryDecoratorFactoryRegistrarTest" tests="1" failures="0" timestamp="30 May 2018 10:05:56 GMT" time="0.344" errors="0">
  <testcase name="testRegister" time="0.344" classname="org.molgenis.data.decorator.DynamicRepositoryDecoratorFactoryRegistrarTest"/>
</testsuite> <!-- org.molgenis.data.decorator.DynamicRepositoryDecoratorFactoryRegistrarTest -->
