<?xml version="1.0" encoding="UTF-8"?>
<!-- Generated by org.testng.reporters.JUnitReportReporter -->
<testsuite hostname="cyclone1" name="org.molgenis.data.util.GenericDependencyResolverTest" tests="5" failures="0" timestamp="4 Jun 2018 11:12:49 GMT" time="0.025" errors="0">
  <testcase name="testGetAllDependantsCircularZeroDepth" time="0.000" classname="org.molgenis.data.util.GenericDependencyResolverTest"/>
  <testcase name="testGetAllDependantsCircular" time="0.015" classname="org.molgenis.data.util.GenericDependencyResolverTest"/>
  <testcase name="testGetAllDependants" time="0.007" classname="org.molgenis.data.util.GenericDependencyResolverTest"/>
  <testcase name="testCyclicDependencies" time="0.002" classname="org.molgenis.data.util.GenericDependencyResolverTest"/>
  <testcase name="testResolveTransientDependency" time="0.001" classname="org.molgenis.data.util.GenericDependencyResolverTest"/>
</testsuite> <!-- org.molgenis.data.util.GenericDependencyResolverTest -->
