<?xml version="1.0" encoding="UTF-8"?>
<!-- Generated by org.testng.reporters.JUnitReportReporter -->
<testsuite hostname="cyclone1" name="org.molgenis.data.support.DefaultEntityCollectionTest" tests="1" failures="0" timestamp="6 Jun 2018 14:17:26 GMT" time="0.020" errors="0">
  <testcase name="isLazy" time="0.020" classname="org.molgenis.data.support.DefaultEntityCollectionTest"/>
</testsuite> <!-- org.molgenis.data.support.DefaultEntityCollectionTest -->
