<?xml version="1.0" encoding="UTF-8"?>
<!-- Generated by org.testng.reporters.JUnitReportReporter -->
<testsuite hostname="cyclone1" name="org.molgenis.data.meta.model.AttributeTest" tests="8" failures="0" timestamp="1 Jun 2018 11:33:09 GMT" time="0.021" errors="0">
  <testcase name="setParentNullToAttribute" time="0.001" classname="org.molgenis.data.meta.model.AttributeTest"/>
  <testcase name="setIdAttributeTrue" time="0.002" classname="org.molgenis.data.meta.model.AttributeTest"/>
  <testcase name="testNewInstance" time="0.009" classname="org.molgenis.data.meta.model.AttributeTest"/>
  <testcase name="setIdAttributeFalse" time="0.001" classname="org.molgenis.data.meta.model.AttributeTest"/>
  <testcase name="setParentNullToNull" time="0.002" classname="org.molgenis.data.meta.model.AttributeTest"/>
  <testcase name="setParentAttributeToNull" time="0.002" classname="org.molgenis.data.meta.model.AttributeTest"/>
  <testcase name="testIdValidationExpression" time="0.002" classname="org.molgenis.data.meta.model.AttributeTest"/>
  <testcase name="setParentAttributeToAttribute" time="0.002" classname="org.molgenis.data.meta.model.AttributeTest"/>
</testsuite> <!-- org.molgenis.data.meta.model.AttributeTest -->
