<?xml version="1.0" encoding="UTF-8"?>
<!-- Generated by org.testng.reporters.JUnitReportReporter -->
<testsuite hostname="cyclone1" name="org.molgenis.data.UnknownEntityTypeExceptionTest" tests="2" failures="0" timestamp="4 Jun 2018 11:12:49 GMT" time="0.022" errors="0">
  <testcase name="testGetLocalizedMessage" time="0.020" classname="org.molgenis.data.UnknownEntityTypeExceptionTest"/>
  <testcase name="testGetLocalizedMessage" time="0.002" classname="org.molgenis.data.UnknownEntityTypeExceptionTest"/>
</testsuite> <!-- org.molgenis.data.UnknownEntityTypeExceptionTest -->
