<?xml version="1.0" encoding="UTF-8"?>
<!-- Generated by org.testng.reporters.JUnitReportReporter -->
<testsuite hostname="cyclone1" name="org.molgenis.data.EntityManagerImplTest" tests="5" failures="0" timestamp="30 May 2018 12:50:10 GMT" time="0.026" errors="0">
  <testcase name="EntityManagerImpl" time="0.001" classname="org.molgenis.data.EntityManagerImplTest"/>
  <testcase name="resolveReferencesNoFetch" time="0.003" classname="org.molgenis.data.EntityManagerImplTest"/>
  <testcase name="getReferences" time="0.017" classname="org.molgenis.data.EntityManagerImplTest"/>
  <testcase name="getReference" time="0.002" classname="org.molgenis.data.EntityManagerImplTest"/>
  <testcase name="resolveReferencesStreamNoFetch" time="0.003" classname="org.molgenis.data.EntityManagerImplTest"/>
</testsuite> <!-- org.molgenis.data.EntityManagerImplTest -->
