<?xml version="1.0" encoding="UTF-8"?>
<!-- Generated by org.testng.reporters.JUnitReportReporter -->
<testsuite hostname="cyclone1" name="org.molgenis.data.populate.DefaultValuePopulatorTest" tests="20" failures="0" timestamp="30 May 2018 15:21:54 GMT" time="0.066" errors="0">
  <testcase name="testPopulate" time="0.002" classname="org.molgenis.data.populate.DefaultValuePopulatorTest"/>
  <testcase name="testPopulate" time="0.001" classname="org.molgenis.data.populate.DefaultValuePopulatorTest"/>
  <testcase name="testPopulate" time="0.002" classname="org.molgenis.data.populate.DefaultValuePopulatorTest"/>
  <testcase name="testPopulate" time="0.001" classname="org.molgenis.data.populate.DefaultValuePopulatorTest"/>
  <testcase name="testPopulate" time="0.001" classname="org.molgenis.data.populate.DefaultValuePopulatorTest"/>
  <testcase name="testPopulate" time="0.005" classname="org.molgenis.data.populate.DefaultValuePopulatorTest"/>
  <testcase name="testPopulate" time="0.000" classname="org.molgenis.data.populate.DefaultValuePopulatorTest"/>
  <testcase name="testPopulate" time="0.001" classname="org.molgenis.data.populate.DefaultValuePopulatorTest"/>
  <testcase name="testPopulate" time="0.003" classname="org.molgenis.data.populate.DefaultValuePopulatorTest"/>
  <testcase name="testPopulate" time="0.001" classname="org.molgenis.data.populate.DefaultValuePopulatorTest"/>
  <testcase name="testPopulate" time="0.002" classname="org.molgenis.data.populate.DefaultValuePopulatorTest"/>
  <testcase name="testPopulate" time="0.001" classname="org.molgenis.data.populate.DefaultValuePopulatorTest"/>
  <testcase name="testPopulate" time="0.018" classname="org.molgenis.data.populate.DefaultValuePopulatorTest"/>
  <testcase name="testPopulate" time="0.006" classname="org.molgenis.data.populate.DefaultValuePopulatorTest"/>
  <testcase name="testPopulate" time="0.003" classname="org.molgenis.data.populate.DefaultValuePopulatorTest"/>
  <testcase name="testPopulate" time="0.001" classname="org.molgenis.data.populate.DefaultValuePopulatorTest"/>
  <testcase name="testPopulate" time="0.007" classname="org.molgenis.data.populate.DefaultValuePopulatorTest"/>
  <testcase name="testPopulate" time="0.002" classname="org.molgenis.data.populate.DefaultValuePopulatorTest"/>
  <testcase name="testPopulate" time="0.001" classname="org.molgenis.data.populate.DefaultValuePopulatorTest"/>
  <testcase name="testPopulate" time="0.008" classname="org.molgenis.data.populate.DefaultValuePopulatorTest"/>
</testsuite> <!-- org.molgenis.data.populate.DefaultValuePopulatorTest -->
