<?xml version="1.0" encoding="UTF-8"?>
<!-- Generated by org.testng.reporters.JUnitReportReporter -->
<testsuite hostname="cyclone1" name="org.molgenis.data.meta.model.EntityTypeTest" tests="6" failures="0" timestamp="30 May 2018 12:50:10 GMT" time="0.106" errors="0">
  <testcase name="newInstanceShallowCopy" time="0.094" classname="org.molgenis.data.meta.model.EntityTypeTest"/>
  <testcase name="addSequenceNumberNull" time="0.002" classname="org.molgenis.data.meta.model.EntityTypeTest"/>
  <testcase name="setLabelNull" time="0.002" classname="org.molgenis.data.meta.model.EntityTypeTest"/>
  <testcase name="setLabel" time="0.002" classname="org.molgenis.data.meta.model.EntityTypeTest"/>
  <testcase name="addAttributeWithDuplicateName" time="0.004" classname="org.molgenis.data.meta.model.EntityTypeTest"/>
  <testcase name="addSequenceNumberNullAndOtherNull" time="0.002" classname="org.molgenis.data.meta.model.EntityTypeTest"/>
</testsuite> <!-- org.molgenis.data.meta.model.EntityTypeTest -->
