<?xml version="1.0" encoding="UTF-8"?>
<!-- Generated by org.testng.reporters.JUnitReportReporter -->
<testsuite hostname="cyclone1" name="org.molgenis.data.listeners.EntityListenersServiceTest" tests="9" failures="0" timestamp="7 Jun 2018 14:46:22 GMT" time="0.047" errors="0">
  <testcase name="removeEntityListenerTest" time="0.000" classname="org.molgenis.data.listeners.EntityListenersServiceTest"/>
  <testcase name="noExceptionsStressTest" time="0.011" classname="org.molgenis.data.listeners.EntityListenersServiceTest"/>
  <testcase name="updateEntitiesTest" time="0.003" classname="org.molgenis.data.listeners.EntityListenersServiceTest"/>
  <testcase name="registerNullPointer" time="0.000" classname="org.molgenis.data.listeners.EntityListenersServiceTest"/>
  <testcase name="updateEntityTest" time="0.001" classname="org.molgenis.data.listeners.EntityListenersServiceTest"/>
  <testcase name="verifyRepoRegistered" time="0.006" classname="org.molgenis.data.listeners.EntityListenersServiceTest"/>
  <testcase name="addEntityListenerTest" time="0.025" classname="org.molgenis.data.listeners.EntityListenersServiceTest"/>
  <testcase name="registerTest" time="0.001" classname="org.molgenis.data.listeners.EntityListenersServiceTest"/>
  <testcase name="isEmptyTest" time="0.000" classname="org.molgenis.data.listeners.EntityListenersServiceTest"/>
</testsuite> <!-- org.molgenis.data.listeners.EntityListenersServiceTest -->
