<?xml version="1.0" encoding="UTF-8"?>
<!-- Generated by org.testng.reporters.JUnitReportReporter -->
<testsuite hostname="cyclone1" name="org.molgenis.data.QueryUtilsTest" tests="16" failures="0" timestamp="30 May 2018 15:21:54 GMT" time="0.071" errors="0">
  <testcase name="notContainsAnyOperator" time="0.002" classname="org.molgenis.data.QueryUtilsTest"/>
  <testcase name="testGetQueryRuleAttributeUnknown" time="0.002" classname="org.molgenis.data.QueryUtilsTest"/>
  <testcase name="containsOperator" time="0.001" classname="org.molgenis.data.QueryUtilsTest"/>
  <testcase name="testGetQueryRuleAttributeNested" time="0.002" classname="org.molgenis.data.QueryUtilsTest"/>
  <testcase name="notContainsOperator" time="0.037" classname="org.molgenis.data.QueryUtilsTest"/>
  <testcase name="containsNestedQueryRuleFieldFalse" time="0.001" classname="org.molgenis.data.QueryUtilsTest"/>
  <testcase name="testGetQueryRuleAttribute" time="0.002" classname="org.molgenis.data.QueryUtilsTest"/>
  <testcase name="nestedQueryRules" time="0.001" classname="org.molgenis.data.QueryUtilsTest"/>
  <testcase name="containsComputedAttribute" time="0.003" classname="org.molgenis.data.QueryUtilsTest"/>
  <testcase name="containsNestedQueryRuleFieldTrue" time="0.002" classname="org.molgenis.data.QueryUtilsTest"/>
  <testcase name="containsNestedComputedAttributes" time="0.004" classname="org.molgenis.data.QueryUtilsTest"/>
  <testcase name="containsAnyOperator" time="0.003" classname="org.molgenis.data.QueryUtilsTest"/>
  <testcase name="notContainsComputedAttributes" time="0.003" classname="org.molgenis.data.QueryUtilsTest"/>
  <testcase name="containsComputedAttributeNested" time="0.002" classname="org.molgenis.data.QueryUtilsTest"/>
  <testcase name="emptyQuery" time="0.003" classname="org.molgenis.data.QueryUtilsTest"/>
  <testcase name="testGetQueryRuleAttributeNestedUnknown" time="0.003" classname="org.molgenis.data.QueryUtilsTest"/>
</testsuite> <!-- org.molgenis.data.QueryUtilsTest -->
