<?xml version="1.0" encoding="UTF-8"?>
<!-- Generated by org.testng.reporters.JUnitReportReporter -->
<testsuite hostname="cyclone1" name="org.molgenis.data.UnknownEntityExceptionTest" tests="2" failures="0" timestamp="7 Jun 2018 14:46:22 GMT" time="0.011" errors="0">
  <testcase name="testGetLocalizedMessageIdOnly" time="0.002" classname="org.molgenis.data.UnknownEntityExceptionTest"/>
  <testcase name="testGetLocalizedMessage" time="0.009" classname="org.molgenis.data.UnknownEntityExceptionTest"/>
</testsuite> <!-- org.molgenis.data.UnknownEntityExceptionTest -->
