<?xml version="1.0" encoding="UTF-8"?>
<!-- Generated by org.testng.reporters.JUnitReportReporter -->
<testsuite hostname="cyclone1" name="org.molgenis.data.meta.persist.PackagePersisterTest" tests="2" failures="0" timestamp="4 Jun 2018 11:12:49 GMT" time="0.009" errors="0">
  <testcase name="testUpsertPackages" time="0.008" classname="org.molgenis.data.meta.persist.PackagePersisterTest"/>
  <testcase name="testPackagePersister" time="0.001" classname="org.molgenis.data.meta.persist.PackagePersisterTest"/>
</testsuite> <!-- org.molgenis.data.meta.persist.PackagePersisterTest -->
