<?xml version="1.0" encoding="UTF-8"?>
<!-- Generated by org.testng.reporters.JUnitReportReporter -->
<testsuite hostname="cyclone1" name="org.molgenis.data.support.AttributeUtilsTest" tests="22" failures="0" timestamp="6 Jun 2018 08:44:55 GMT" time="0.014" errors="0">
  <testcase name="isIdAttributeTypeAllowed" time="0.000" classname="org.molgenis.data.support.AttributeUtilsTest"/>
  <testcase name="isIdAttributeTypeAllowed" time="0.000" classname="org.molgenis.data.support.AttributeUtilsTest"/>
  <testcase name="testGetI18nAttributeName" time="0.000" classname="org.molgenis.data.support.AttributeUtilsTest"/>
  <testcase name="testGetI18nAttributeName" time="0.000" classname="org.molgenis.data.support.AttributeUtilsTest"/>
  <testcase name="isIdAttributeTypeAllowed" time="0.001" classname="org.molgenis.data.support.AttributeUtilsTest"/>
  <testcase name="isIdAttributeTypeAllowed" time="0.000" classname="org.molgenis.data.support.AttributeUtilsTest"/>
  <testcase name="isIdAttributeTypeAllowed" time="0.001" classname="org.molgenis.data.support.AttributeUtilsTest"/>
  <testcase name="isIdAttributeTypeAllowed" time="0.001" classname="org.molgenis.data.support.AttributeUtilsTest"/>
  <testcase name="isIdAttributeTypeAllowed" time="0.001" classname="org.molgenis.data.support.AttributeUtilsTest"/>
  <testcase name="isIdAttributeTypeAllowed" time="0.000" classname="org.molgenis.data.support.AttributeUtilsTest"/>
  <testcase name="isIdAttributeTypeAllowed" time="0.001" classname="org.molgenis.data.support.AttributeUtilsTest"/>
  <testcase name="isIdAttributeTypeAllowed" time="0.000" classname="org.molgenis.data.support.AttributeUtilsTest"/>
  <testcase name="isIdAttributeTypeAllowed" time="0.006" classname="org.molgenis.data.support.AttributeUtilsTest"/>
  <testcase name="isIdAttributeTypeAllowed" time="0.000" classname="org.molgenis.data.support.AttributeUtilsTest"/>
  <testcase name="isIdAttributeTypeAllowed" time="0.000" classname="org.molgenis.data.support.AttributeUtilsTest"/>
  <testcase name="isIdAttributeTypeAllowed" time="0.001" classname="org.molgenis.data.support.AttributeUtilsTest"/>
  <testcase name="isIdAttributeTypeAllowed" time="0.001" classname="org.molgenis.data.support.AttributeUtilsTest"/>
  <testcase name="testGetI18nAttributeName" time="0.000" classname="org.molgenis.data.support.AttributeUtilsTest"/>
  <testcase name="isIdAttributeTypeAllowed" time="0.000" classname="org.molgenis.data.support.AttributeUtilsTest"/>
  <testcase name="isIdAttributeTypeAllowed" time="0.001" classname="org.molgenis.data.support.AttributeUtilsTest"/>
  <testcase name="isIdAttributeTypeAllowed" time="0.000" classname="org.molgenis.data.support.AttributeUtilsTest"/>
  <testcase name="isIdAttributeTypeAllowed" time="0.000" classname="org.molgenis.data.support.AttributeUtilsTest"/>
</testsuite> <!-- org.molgenis.data.support.AttributeUtilsTest -->
