<?xml version="1.0" encoding="UTF-8"?>
<!-- Generated by org.testng.reporters.JUnitReportReporter -->
<testsuite hostname="cyclone1" name="org.molgenis.data.decorator.DynamicRepositoryDecoratorRegistryImplTest" tests="2" failures="0" timestamp="6 Jun 2018 08:44:55 GMT" time="0.464" errors="0">
  <testcase name="testDecorateNoDecorator" time="0.319" classname="org.molgenis.data.decorator.DynamicRepositoryDecoratorRegistryImplTest"/>
  <testcase name="testDecorate" time="0.145" classname="org.molgenis.data.decorator.DynamicRepositoryDecoratorRegistryImplTest"/>
</testsuite> <!-- org.molgenis.data.decorator.DynamicRepositoryDecoratorRegistryImplTest -->
