<?xml version="1.0" encoding="UTF-8"?>
<!-- Generated by org.testng.reporters.JUnitReportReporter -->
<testsuite hostname="cyclone1" name="org.molgenis.data.util.BatchingIterableTest" tests="57" failures="0" timestamp="29 May 2018 11:48:31 GMT" time="0.081" errors="0">
  <testcase name="iterator" time="0.015" classname="org.molgenis.data.util.BatchingIterableTest"/>
  <testcase name="iterator" time="0.001" classname="org.molgenis.data.util.BatchingIterableTest"/>
  <testcase name="iterator" time="0.000" classname="org.molgenis.data.util.BatchingIterableTest"/>
  <testcase name="iterator" time="0.000" classname="org.molgenis.data.util.BatchingIterableTest"/>
  <testcase name="iterator" time="0.001" classname="org.molgenis.data.util.BatchingIterableTest"/>
  <testcase name="iterator" time="0.001" classname="org.molgenis.data.util.BatchingIterableTest"/>
  <testcase name="iterator" time="0.001" classname="org.molgenis.data.util.BatchingIterableTest"/>
  <testcase name="iterator" time="0.005" classname="org.molgenis.data.util.BatchingIterableTest"/>
  <testcase name="iterator" time="0.000" classname="org.molgenis.data.util.BatchingIterableTest"/>
  <testcase name="iterator" time="0.000" classname="org.molgenis.data.util.BatchingIterableTest"/>
  <testcase name="iterator" time="0.000" classname="org.molgenis.data.util.BatchingIterableTest"/>
  <testcase name="iterator" time="0.000" classname="org.molgenis.data.util.BatchingIterableTest"/>
  <testcase name="iterator" time="0.001" classname="org.molgenis.data.util.BatchingIterableTest"/>
  <testcase name="iterator" time="0.000" classname="org.molgenis.data.util.BatchingIterableTest"/>
  <testcase name="iterator" time="0.000" classname="org.molgenis.data.util.BatchingIterableTest"/>
  <testcase name="iterator" time="0.001" classname="org.molgenis.data.util.BatchingIterableTest"/>
  <testcase name="iterator" time="0.001" classname="org.molgenis.data.util.BatchingIterableTest"/>
  <testcase name="iterator" time="0.000" classname="org.molgenis.data.util.BatchingIterableTest"/>
  <testcase name="iterator" time="0.000" classname="org.molgenis.data.util.BatchingIterableTest"/>
  <testcase name="iterator" time="0.000" classname="org.molgenis.data.util.BatchingIterableTest"/>
  <testcase name="iterator" time="0.000" classname="org.molgenis.data.util.BatchingIterableTest"/>
  <testcase name="iterator" time="0.005" classname="org.molgenis.data.util.BatchingIterableTest"/>
  <testcase name="iterator" time="0.001" classname="org.molgenis.data.util.BatchingIterableTest"/>
  <testcase name="iterator" time="0.000" classname="org.molgenis.data.util.BatchingIterableTest"/>
  <testcase name="iterator" time="0.000" classname="org.molgenis.data.util.BatchingIterableTest"/>
  <testcase name="iterator" time="0.000" classname="org.molgenis.data.util.BatchingIterableTest"/>
  <testcase name="iterator" time="0.000" classname="org.molgenis.data.util.BatchingIterableTest"/>
  <testcase name="iterator" time="0.000" classname="org.molgenis.data.util.BatchingIterableTest"/>
  <testcase name="iterator" time="0.000" classname="org.molgenis.data.util.BatchingIterableTest"/>
  <testcase name="iterator" time="0.000" classname="org.molgenis.data.util.BatchingIterableTest"/>
  <testcase name="iterator" time="0.000" classname="org.molgenis.data.util.BatchingIterableTest"/>
  <testcase name="iterator" time="0.001" classname="org.molgenis.data.util.BatchingIterableTest"/>
  <testcase name="iterator" time="0.016" classname="org.molgenis.data.util.BatchingIterableTest"/>
  <testcase name="iterator" time="0.000" classname="org.molgenis.data.util.BatchingIterableTest"/>
  <testcase name="iterator" time="0.000" classname="org.molgenis.data.util.BatchingIterableTest"/>
  <testcase name="iterator" time="0.001" classname="org.molgenis.data.util.BatchingIterableTest"/>
  <testcase name="iterator" time="0.000" classname="org.molgenis.data.util.BatchingIterableTest"/>
  <testcase name="iterator" time="0.000" classname="org.molgenis.data.util.BatchingIterableTest"/>
  <testcase name="iterator" time="0.000" classname="org.molgenis.data.util.BatchingIterableTest"/>
  <testcase name="iterator" time="0.001" classname="org.molgenis.data.util.BatchingIterableTest"/>
  <testcase name="iterator" time="0.000" classname="org.molgenis.data.util.BatchingIterableTest"/>
  <testcase name="iterator" time="0.000" classname="org.molgenis.data.util.BatchingIterableTest"/>
  <testcase name="iterator" time="0.000" classname="org.molgenis.data.util.BatchingIterableTest"/>
  <testcase name="iterator" time="0.000" classname="org.molgenis.data.util.BatchingIterableTest"/>
  <testcase name="iterator" time="0.000" classname="org.molgenis.data.util.BatchingIterableTest"/>
  <testcase name="iteratorNoResults" time="0.001" classname="org.molgenis.data.util.BatchingIterableTest"/>
  <testcase name="iterator" time="0.000" classname="org.molgenis.data.util.BatchingIterableTest"/>
  <testcase name="iterator" time="0.000" classname="org.molgenis.data.util.BatchingIterableTest"/>
  <testcase name="iterator" time="0.002" classname="org.molgenis.data.util.BatchingIterableTest"/>
  <testcase name="iterator" time="0.000" classname="org.molgenis.data.util.BatchingIterableTest"/>
  <testcase name="iterator" time="0.000" classname="org.molgenis.data.util.BatchingIterableTest"/>
  <testcase name="iterator" time="0.000" classname="org.molgenis.data.util.BatchingIterableTest"/>
  <testcase name="iterator" time="0.023" classname="org.molgenis.data.util.BatchingIterableTest"/>
  <testcase name="iterator" time="0.001" classname="org.molgenis.data.util.BatchingIterableTest"/>
  <testcase name="iterator" time="0.001" classname="org.molgenis.data.util.BatchingIterableTest"/>
  <testcase name="iterator" time="0.001" classname="org.molgenis.data.util.BatchingIterableTest"/>
  <testcase name="iterator" time="0.000" classname="org.molgenis.data.util.BatchingIterableTest"/>
</testsuite> <!-- org.molgenis.data.util.BatchingIterableTest -->
