<?xml version="1.0" encoding="UTF-8"?>
<!-- Generated by org.testng.reporters.JUnitReportReporter -->
<testsuite hostname="cyclone1" name="org.molgenis.data.transaction.TransactionalRepositoryDecoratorTest" tests="21" failures="0" timestamp="29 May 2018 11:48:31 GMT" time="0.309" errors="0">
  <testcase name="findOne" time="0.002" classname="org.molgenis.data.transaction.TransactionalRepositoryDecoratorTest"/>
  <testcase name="findAllStream" time="0.001" classname="org.molgenis.data.transaction.TransactionalRepositoryDecoratorTest"/>
  <testcase name="deleteStream" time="0.003" classname="org.molgenis.data.transaction.TransactionalRepositoryDecoratorTest"/>
  <testcase name="updateStream" time="0.002" classname="org.molgenis.data.transaction.TransactionalRepositoryDecoratorTest"/>
  <testcase name="iterator" time="0.003" classname="org.molgenis.data.transaction.TransactionalRepositoryDecoratorTest"/>
  <testcase name="count" time="0.002" classname="org.molgenis.data.transaction.TransactionalRepositoryDecoratorTest"/>
  <testcase name="deleteAll" time="0.055" classname="org.molgenis.data.transaction.TransactionalRepositoryDecoratorTest"/>
  <testcase name="countQuery" time="0.003" classname="org.molgenis.data.transaction.TransactionalRepositoryDecoratorTest"/>
  <testcase name="findAllQuery" time="0.003" classname="org.molgenis.data.transaction.TransactionalRepositoryDecoratorTest"/>
  <testcase name="findOneById" time="0.003" classname="org.molgenis.data.transaction.TransactionalRepositoryDecoratorTest"/>
  <testcase name="forEachBatched" time="0.005" classname="org.molgenis.data.transaction.TransactionalRepositoryDecoratorTest"/>
  <testcase name="add" time="0.019" classname="org.molgenis.data.transaction.TransactionalRepositoryDecoratorTest"/>
  <testcase name="update" time="0.001" classname="org.molgenis.data.transaction.TransactionalRepositoryDecoratorTest"/>
  <testcase name="findOneByIdFetch" time="0.001" classname="org.molgenis.data.transaction.TransactionalRepositoryDecoratorTest"/>
  <testcase name="delete" time="0.002" classname="org.molgenis.data.transaction.TransactionalRepositoryDecoratorTest"/>
  <testcase name="findAllStreamFetch" time="0.067" classname="org.molgenis.data.transaction.TransactionalRepositoryDecoratorTest"/>
  <testcase name="aggregate" time="0.020" classname="org.molgenis.data.transaction.TransactionalRepositoryDecoratorTest"/>
  <testcase name="deleteAllStream" time="0.002" classname="org.molgenis.data.transaction.TransactionalRepositoryDecoratorTest"/>
  <testcase name="addStream" time="0.109" classname="org.molgenis.data.transaction.TransactionalRepositoryDecoratorTest"/>
  <testcase name="deleteById" time="0.003" classname="org.molgenis.data.transaction.TransactionalRepositoryDecoratorTest"/>
  <testcase name="forEachBatchedFetch" time="0.003" classname="org.molgenis.data.transaction.TransactionalRepositoryDecoratorTest"/>
</testsuite> <!-- org.molgenis.data.transaction.TransactionalRepositoryDecoratorTest -->
