<?xml version="1.0" encoding="UTF-8"?>
<!-- Generated by org.testng.reporters.JUnitReportReporter -->
<testsuite hostname="cyclone1" name="org.molgenis.data.meta.model.AttributeTest" tests="8" failures="0" timestamp="30 May 2018 10:05:56 GMT" time="0.075" errors="0">
  <testcase name="setIdAttributeFalse" time="0.026" classname="org.molgenis.data.meta.model.AttributeTest"/>
  <testcase name="testNewInstance" time="0.013" classname="org.molgenis.data.meta.model.AttributeTest"/>
  <testcase name="setParentNullToNull" time="0.007" classname="org.molgenis.data.meta.model.AttributeTest"/>
  <testcase name="setParentAttributeToNull" time="0.005" classname="org.molgenis.data.meta.model.AttributeTest"/>
  <testcase name="setIdAttributeTrue" time="0.004" classname="org.molgenis.data.meta.model.AttributeTest"/>
  <testcase name="setParentNullToAttribute" time="0.004" classname="org.molgenis.data.meta.model.AttributeTest"/>
  <testcase name="testIdValidationExpression" time="0.007" classname="org.molgenis.data.meta.model.AttributeTest"/>
  <testcase name="setParentAttributeToAttribute" time="0.009" classname="org.molgenis.data.meta.model.AttributeTest"/>
</testsuite> <!-- org.molgenis.data.meta.model.AttributeTest -->
