<?xml version="1.0" encoding="UTF-8"?>
<!-- Generated by org.testng.reporters.JUnitReportReporter -->
<testsuite hostname="cyclone1" name="org.molgenis.data.populate.AutoValuePopulatorTest" tests="1" failures="0" timestamp="30 May 2018 10:05:56 GMT" time="0.008" errors="0">
  <testcase name="populateAutoValues" time="0.008" classname="org.molgenis.data.populate.AutoValuePopulatorTest"/>
</testsuite> <!-- org.molgenis.data.populate.AutoValuePopulatorTest -->
