<?xml version="1.0" encoding="UTF-8"?>
<!-- Generated by org.testng.reporters.JUnitReportReporter -->
<testsuite hostname="cyclone1" name="org.molgenis.dataexplorer.download.DataExplorerDownloadHandlerTest" tests="9" failures="0" timestamp="1 Jun 2018 11:42:37 GMT" time="4.571" errors="0">
  <testcase name="testWriteToExcel" time="0.069" classname="org.molgenis.dataexplorer.download.DataExplorerDownloadHandlerTest"/>
  <testcase name="testWriteToExcelTooManyCells" time="0.031" classname="org.molgenis.dataexplorer.download.DataExplorerDownloadHandlerTest"/>
  <testcase name="testWriteToCSV" time="0.006" classname="org.molgenis.dataexplorer.download.DataExplorerDownloadHandlerTest"/>
  <testcase name="testWriteToExcel" time="1.595" classname="org.molgenis.dataexplorer.download.DataExplorerDownloadHandlerTest"/>
  <testcase name="testWriteToCSV" time="0.010" classname="org.molgenis.dataexplorer.download.DataExplorerDownloadHandlerTest"/>
  <testcase name="testWriteToCSV" time="0.013" classname="org.molgenis.dataexplorer.download.DataExplorerDownloadHandlerTest"/>
  <testcase name="testWriteToCSV" time="0.117" classname="org.molgenis.dataexplorer.download.DataExplorerDownloadHandlerTest"/>
  <testcase name="testWriteToExcel" time="0.068" classname="org.molgenis.dataexplorer.download.DataExplorerDownloadHandlerTest"/>
  <testcase name="testWriteToExcel" time="2.662" classname="org.molgenis.dataexplorer.download.DataExplorerDownloadHandlerTest"/>
</testsuite> <!-- org.molgenis.dataexplorer.download.DataExplorerDownloadHandlerTest -->
