<?xml version="1.0" encoding="UTF-8"?>
<!-- Generated by org.testng.reporters.JUnitReportReporter -->
<testsuite hostname="cyclone1" name="org.molgenis.dataexplorer.negotiator.NegotiatorControllerTest" tests="9" failures="0" timestamp="1 Jun 2018 11:42:37 GMT" time="1.090" errors="0">
  <testcase name="testValidateNegotiatorExport" time="0.100" classname="org.molgenis.dataexplorer.negotiator.NegotiatorControllerTest"/>
  <testcase name="testShowButtonPermissionsOnPluginNoConfig" time="0.002" classname="org.molgenis.dataexplorer.negotiator.NegotiatorControllerTest"/>
  <testcase name="testValidateNegotiatorExportEmptyCollections" time="0.002" classname="org.molgenis.dataexplorer.negotiator.NegotiatorControllerTest"/>
  <testcase name="testExportToNegotiator" time="0.041" classname="org.molgenis.dataexplorer.negotiator.NegotiatorControllerTest"/>
  <testcase name="testValidateNegotiatorExportNoConfig" time="0.924" classname="org.molgenis.dataexplorer.negotiator.NegotiatorControllerTest"/>
  <testcase name="testShowButtonNoPermissionsOnPlugin" time="0.002" classname="org.molgenis.dataexplorer.negotiator.NegotiatorControllerTest"/>
  <testcase name="testValidateNegotiatorExportAllCollectionsAreDisabled" time="0.008" classname="org.molgenis.dataexplorer.negotiator.NegotiatorControllerTest"/>
  <testcase name="testShowButton" time="0.007" classname="org.molgenis.dataexplorer.negotiator.NegotiatorControllerTest"/>
  <testcase name="testValidateNegotiatorExportContainsDisabledCollections" time="0.004" classname="org.molgenis.dataexplorer.negotiator.NegotiatorControllerTest"/>
</testsuite> <!-- org.molgenis.dataexplorer.negotiator.NegotiatorControllerTest -->
