<?xml version="1.0" encoding="UTF-8"?>
<!-- Generated by org.testng.reporters.JUnitReportReporter -->
<testsuite hostname="cyclone1" name="org.molgenis.dataexplorer.DataExplorerControllerTest" tests="12" failures="0" timestamp="1 Jun 2018 11:42:37 GMT" time="3.192" errors="0">
  <testcase name="getAnnotatorModuleSuccess" time="1.108" classname="org.molgenis.dataexplorer.DataExplorerControllerTest"/>
  <testcase name="initSortEntitiesByLabel" time="0.044" classname="org.molgenis.dataexplorer.DataExplorerControllerTest"/>
  <testcase name="initTrackingIdNotPresent" time="1.435" classname="org.molgenis.dataexplorer.DataExplorerControllerTest"/>
  <testcase name="initTrackingIdPresent" time="0.032" classname="org.molgenis.dataexplorer.DataExplorerControllerTest"/>
  <testcase name="testPackageLink" time="0.039" classname="org.molgenis.dataexplorer.DataExplorerControllerTest"/>
  <testcase name="testViewEntityDetails" time="0.261" classname="org.molgenis.dataexplorer.DataExplorerControllerTest"/>
  <testcase name="getAnnotatorModuleFail" time="0.032" classname="org.molgenis.dataexplorer.DataExplorerControllerTest"/>
  <testcase name="testGetDownloadFilenameXlsx" time="0.031" classname="org.molgenis.dataexplorer.DataExplorerControllerTest"/>
  <testcase name="testViewEntityDetailsByIdEntityTypeNotExists" time="0.045" classname="org.molgenis.dataexplorer.DataExplorerControllerTest"/>
  <testcase name="testGetDownloadFilenameCsv" time="0.040" classname="org.molgenis.dataexplorer.DataExplorerControllerTest"/>
  <testcase name="testViewEntityDetailsById" time="0.032" classname="org.molgenis.dataexplorer.DataExplorerControllerTest"/>
  <testcase name="initSetNavigatorMenuPathNoNavigator" time="0.093" classname="org.molgenis.dataexplorer.DataExplorerControllerTest"/>
</testsuite> <!-- org.molgenis.dataexplorer.DataExplorerControllerTest -->
