<?xml version="1.0" encoding="UTF-8"?>
<!-- Generated by org.testng.reporters.JUnitReportReporter -->
<testsuite hostname="cyclone1" name="org.molgenis.dataexplorer.negotiator.NegotiatorQueryTest" tests="2" failures="0" timestamp="1 Jun 2018 11:42:37 GMT" time="0.026" errors="0">
  <testcase name="testDeserialization" time="0.022" classname="org.molgenis.dataexplorer.negotiator.NegotiatorQueryTest"/>
  <testcase name="testSerialization" time="0.004" classname="org.molgenis.dataexplorer.negotiator.NegotiatorQueryTest"/>
</testsuite> <!-- org.molgenis.dataexplorer.negotiator.NegotiatorQueryTest -->
