<?xml version="1.0" encoding="UTF-8"?>
<!-- Generated by org.testng.reporters.JUnitReportReporter -->
<testsuite hostname="cyclone1" name="org.molgenis.dataexplorer.AnnotationJobTest" tests="2" failures="0" timestamp="1 Jun 2018 11:42:37 GMT" time="2.242" errors="0">
  <testcase name="testHappyPath" time="1.006" classname="org.molgenis.dataexplorer.AnnotationJobTest"/>
  <testcase name="testFirstAnnotatorFails" time="1.236" classname="org.molgenis.dataexplorer.AnnotationJobTest"/>
</testsuite> <!-- org.molgenis.dataexplorer.AnnotationJobTest -->
