<?xml version="1.0" encoding="UTF-8"?>
<!-- Generated by org.testng.reporters.JUnitReportReporter -->
<testsuite hostname="cyclone1" name="org.molgenis.js.nashorn.NashornScriptEngineTest" tests="3" failures="0" timestamp="30 May 2018 12:50:59 GMT" time="0.071" errors="0">
  <testcase name="doesntDirtyContext" time="0.010" classname="org.molgenis.js.nashorn.NashornScriptEngineTest"/>
  <testcase name="testInvokeDateDMY" time="0.056" classname="org.molgenis.js.nashorn.NashornScriptEngineTest"/>
  <testcase name="testInvokeFunction" time="0.005" classname="org.molgenis.js.nashorn.NashornScriptEngineTest"/>
</testsuite> <!-- org.molgenis.js.nashorn.NashornScriptEngineTest -->
