<?xml version="1.0" encoding="UTF-8"?>
<!-- Generated by org.testng.reporters.JUnitReportReporter -->
<testsuite hostname="cyclone1" name="org.molgenis.js.JsMagmaScriptEvaluatorTest" tests="41" failures="0" timestamp="30 May 2018 12:50:59 GMT" time="3.276" errors="0">
  <testcase name="mapSimple" time="0.012" classname="org.molgenis.js.JsMagmaScriptEvaluatorTest"/>
  <testcase name="testPlusNullValue" time="0.009" classname="org.molgenis.js.JsMagmaScriptEvaluatorTest"/>
  <testcase name="combineGroupMapFunctions" time="0.106" classname="org.molgenis.js.JsMagmaScriptEvaluatorTest"/>
  <testcase name="testLe" time="0.032" classname="org.molgenis.js.JsMagmaScriptEvaluatorTest"/>
  <testcase name="testGroup" time="0.027" classname="org.molgenis.js.JsMagmaScriptEvaluatorTest"/>
  <testcase name="evalList" time="0.040" classname="org.molgenis.js.JsMagmaScriptEvaluatorTest"/>
  <testcase name="testValueForBool" time="0.011" classname="org.molgenis.js.JsMagmaScriptEvaluatorTest"/>
  <testcase name="testValueForNestedXrefDefaultDepth" time="0.011" classname="org.molgenis.js.JsMagmaScriptEvaluatorTest"/>
  <testcase name="test$" time="0.009" classname="org.molgenis.js.JsMagmaScriptEvaluatorTest"/>
  <testcase name="testEq" time="0.027" classname="org.molgenis.js.JsMagmaScriptEvaluatorTest"/>
  <testcase name="testPlusObject" time="0.010" classname="org.molgenis.js.JsMagmaScriptEvaluatorTest"/>
  <testcase name="testUnitConversion" time="2.272" classname="org.molgenis.js.JsMagmaScriptEvaluatorTest"/>
  <testcase name="testValueForXref" time="0.018" classname="org.molgenis.js.JsMagmaScriptEvaluatorTest"/>
  <testcase name="testAverageValueOfMultipleNumericAttributes" time="0.047" classname="org.molgenis.js.JsMagmaScriptEvaluatorTest"/>
  <testcase name="testValueForMref" time="0.020" classname="org.molgenis.js.JsMagmaScriptEvaluatorTest"/>
  <testcase name="testGt" time="0.032" classname="org.molgenis.js.JsMagmaScriptEvaluatorTest"/>
  <testcase name="testTimes" time="0.009" classname="org.molgenis.js.JsMagmaScriptEvaluatorTest"/>
  <testcase name="testValueForLong" time="0.011" classname="org.molgenis.js.JsMagmaScriptEvaluatorTest"/>
  <testcase name="testEvalDefaultDepth$" time="0.004" classname="org.molgenis.js.JsMagmaScriptEvaluatorTest"/>
  <testcase name="testNull" time="0.037" classname="org.molgenis.js.JsMagmaScriptEvaluatorTest"/>
  <testcase name="testValueForDateTime" time="0.007" classname="org.molgenis.js.JsMagmaScriptEvaluatorTest"/>
  <testcase name="testIsNull" time="0.014" classname="org.molgenis.js.JsMagmaScriptEvaluatorTest"/>
  <testcase name="testIsValidJson" time="0.036" classname="org.molgenis.js.JsMagmaScriptEvaluatorTest"/>
  <testcase name="age" time="0.113" classname="org.molgenis.js.JsMagmaScriptEvaluatorTest"/>
  <testcase name="div" time="0.024" classname="org.molgenis.js.JsMagmaScriptEvaluatorTest"/>
  <testcase name="pow" time="0.004" classname="org.molgenis.js.JsMagmaScriptEvaluatorTest"/>
  <testcase name="mapDefault" time="0.022" classname="org.molgenis.js.JsMagmaScriptEvaluatorTest"/>
  <testcase name="testLt" time="0.024" classname="org.molgenis.js.JsMagmaScriptEvaluatorTest"/>
  <testcase name="testValueForMrefWithSimplifiedAlgorithm" time="0.011" classname="org.molgenis.js.JsMagmaScriptEvaluatorTest"/>
  <testcase name="testGroupNull" time="0.028" classname="org.molgenis.js.JsMagmaScriptEvaluatorTest"/>
  <testcase name="testGlucose" time="0.025" classname="org.molgenis.js.JsMagmaScriptEvaluatorTest"/>
  <testcase name="testPlusValue" time="0.007" classname="org.molgenis.js.JsMagmaScriptEvaluatorTest"/>
  <testcase name="testValueForMrefWithComplexAlgorithm" time="0.027" classname="org.molgenis.js.JsMagmaScriptEvaluatorTest"/>
  <testcase name="testGroupConstantValue" time="0.008" classname="org.molgenis.js.JsMagmaScriptEvaluatorTest"/>
  <testcase name="testOr" time="0.035" classname="org.molgenis.js.JsMagmaScriptEvaluatorTest"/>
  <testcase name="mapNull" time="0.012" classname="org.molgenis.js.JsMagmaScriptEvaluatorTest"/>
  <testcase name="testValueForXrefDefaultDepth" time="0.021" classname="org.molgenis.js.JsMagmaScriptEvaluatorTest"/>
  <testcase name="testGe" time="0.029" classname="org.molgenis.js.JsMagmaScriptEvaluatorTest"/>
  <testcase name="testNot" time="0.021" classname="org.molgenis.js.JsMagmaScriptEvaluatorTest"/>
  <testcase name="combinePlusGroupMapFunctions" time="0.045" classname="org.molgenis.js.JsMagmaScriptEvaluatorTest"/>
  <testcase name="testBmi" time="0.019" classname="org.molgenis.js.JsMagmaScriptEvaluatorTest"/>
</testsuite> <!-- org.molgenis.js.JsMagmaScriptEvaluatorTest -->
