<?xml version="1.0" encoding="UTF-8"?>
<!-- Generated by org.testng.reporters.JUnitReportReporter -->
<testsuite hostname="cyclone1" name="org.molgenis.js.nashorn.NashornScriptEngineTest" tests="3" failures="0" timestamp="4 Jun 2018 11:13:36 GMT" time="0.081" errors="0">
  <testcase name="testInvokeDateDMY" time="0.064" classname="org.molgenis.js.nashorn.NashornScriptEngineTest"/>
  <testcase name="doesntDirtyContext" time="0.010" classname="org.molgenis.js.nashorn.NashornScriptEngineTest"/>
  <testcase name="testInvokeFunction" time="0.007" classname="org.molgenis.js.nashorn.NashornScriptEngineTest"/>
</testsuite> <!-- org.molgenis.js.nashorn.NashornScriptEngineTest -->
