<?xml version="1.0" encoding="UTF-8"?>
<testsuite xmlns:xsi="http://www.w3.org/2001/XMLSchema-instance" xsi:noNamespaceSchemaLocation="https://maven.apache.org/surefire/maven-surefire-plugin/xsd/surefire-test-report.xsd" name="com.ceszke.security.mllogin.LearningApplicationTest" time="15.324" tests="2" errors="0" skipped="0" failures="0">
  <properties>
    <property name="awt.toolkit" value="sun.awt.X11.XToolkit"/>
    <property name="file.encoding.pkg" value="sun.io"/>
    <property name="java.specification.version" value="1.8"/>
    <property name="sun.cpu.isalist" value=""/>
    <property name="sun.jnu.encoding" value="UTF-8"/>
    <property name="java.class.path" value="/root/workspace/tomekceszke/ml-login/419878079/learning-service/target/test-classes:/root/workspace/tomekceszke/ml-login/419878079/learning-service/target/classes:/root/./workspace/tomekceszke/ml-login/419878079/.m2/org/springframework/boot/spring-boot-starter-web/2.0.4.RELEASE/spring-boot-starter-web-2.0.4.RELEASE.jar:/root/./workspace/tomekceszke/ml-login/419878079/.m2/org/springframework/boot/spring-boot-starter/2.0.4.RELEASE/spring-boot-starter-2.0.4.RELEASE.jar:/root/./workspace/tomekceszke/ml-login/419878079/.m2/org/springframework/boot/spring-boot/2.0.4.RELEASE/spring-boot-2.0.4.RELEASE.jar:/root/./workspace/tomekceszke/ml-login/419878079/.m2/org/springframework/boot/spring-boot-autoconfigure/2.0.4.RELEASE/spring-boot-autoconfigure-2.0.4.RELEASE.jar:/root/./workspace/tomekceszke/ml-login/419878079/.m2/org/springframework/boot/spring-boot-starter-logging/2.0.4.RELEASE/spring-boot-starter-logging-2.0.4.RELEASE.jar:/root/./workspace/tomekceszke/ml-login/419878079/.m2/ch/qos/logback/logback-classic/1.2.3/logback-classic-1.2.3.jar:/root/./workspace/tomekceszke/ml-login/419878079/.m2/ch/qos/logback/logback-core/1.2.3/logback-core-1.2.3.jar:/root/./workspace/tomekceszke/ml-login/419878079/.m2/org/apache/logging/log4j/log4j-to-slf4j/2.10.0/log4j-to-slf4j-2.10.0.jar:/root/./workspace/tomekceszke/ml-login/419878079/.m2/org/apache/logging/log4j/log4j-api/2.10.0/log4j-api-2.10.0.jar:/root/./workspace/tomekceszke/ml-login/419878079/.m2/org/slf4j/jul-to-slf4j/1.7.25/jul-to-slf4j-1.7.25.jar:/root/./workspace/tomekceszke/ml-login/419878079/.m2/javax/annotation/javax.annotation-api/1.3.2/javax.annotation-api-1.3.2.jar:/root/./workspace/tomekceszke/ml-login/419878079/.m2/org/yaml/snakeyaml/1.19/snakeyaml-1.19.jar:/root/./workspace/tomekceszke/ml-login/419878079/.m2/org/springframework/boot/spring-boot-starter-json/2.0.4.RELEASE/spring-boot-starter-json-2.0.4.RELEASE.jar:/root/./workspace/tomekceszke/ml-login/419878079/.m2/com/fasterxml/jackson/datatype/jackson-datatype-jdk8/2.9.6/jackson-datatype-jdk8-2.9.6.jar:/root/./workspace/tomekceszke/ml-login/419878079/.m2/com/fasterxml/jackson/datatype/jackson-datatype-jsr310/2.9.6/jackson-datatype-jsr310-2.9.6.jar:/root/./workspace/tomekceszke/ml-login/419878079/.m2/com/fasterxml/jackson/module/jackson-module-parameter-names/2.9.6/jackson-module-parameter-names-2.9.6.jar:/root/./workspace/tomekceszke/ml-login/419878079/.m2/org/springframework/boot/spring-boot-starter-tomcat/2.0.4.RELEASE/spring-boot-starter-tomcat-2.0.4.RELEASE.jar:/root/./workspace/tomekceszke/ml-login/419878079/.m2/org/apache/tomcat/embed/tomcat-embed-core/8.5.32/tomcat-embed-core-8.5.32.jar:/root/./workspace/tomekceszke/ml-login/419878079/.m2/org/apache/tomcat/embed/tomcat-embed-el/8.5.32/tomcat-embed-el-8.5.32.jar:/root/./workspace/tomekceszke/ml-login/419878079/.m2/org/apache/tomcat/embed/tomcat-embed-websocket/8.5.32/tomcat-embed-websocket-8.5.32.jar:/root/./workspace/tomekceszke/ml-login/419878079/.m2/org/hibernate/validator/hibernate-validator/6.0.11.Final/hibernate-validator-6.0.11.Final.jar:/root/./workspace/tomekceszke/ml-login/419878079/.m2/javax/validation/validation-api/2.0.1.Final/validation-api-2.0.1.Final.jar:/root/./workspace/tomekceszke/ml-login/419878079/.m2/org/jboss/logging/jboss-logging/3.3.2.Final/jboss-logging-3.3.2.Final.jar:/root/./workspace/tomekceszke/ml-login/419878079/.m2/com/fasterxml/classmate/1.3.4/classmate-1.3.4.jar:/root/./workspace/tomekceszke/ml-login/419878079/.m2/org/springframework/spring-web/5.0.8.RELEASE/spring-web-5.0.8.RELEASE.jar:/root/./workspace/tomekceszke/ml-login/419878079/.m2/org/springframework/spring-beans/5.0.8.RELEASE/spring-beans-5.0.8.RELEASE.jar:/root/./workspace/tomekceszke/ml-login/419878079/.m2/org/springframework/spring-webmvc/5.0.8.RELEASE/spring-webmvc-5.0.8.RELEASE.jar:/root/./workspace/tomekceszke/ml-login/419878079/.m2/org/springframework/spring-aop/5.0.8.RELEASE/spring-aop-5.0.8.RELEASE.jar:/root/./workspace/tomekceszke/ml-login/419878079/.m2/org/springframework/spring-context/5.0.8.RELEASE/spring-context-5.0.8.RELEASE.jar:/root/./workspace/tomekceszke/ml-login/419878079/.m2/org/springframework/spring-expression/5.0.8.RELEASE/spring-expression-5.0.8.RELEASE.jar:/root/./workspace/tomekceszke/ml-login/419878079/.m2/org/springframework/cloud/spring-cloud-starter-config/2.0.1.RELEASE/spring-cloud-starter-config-2.0.1.RELEASE.jar:/root/./workspace/tomekceszke/ml-login/419878079/.m2/org/springframework/cloud/spring-cloud-starter/2.0.1.RELEASE/spring-cloud-starter-2.0.1.RELEASE.jar:/root/./workspace/tomekceszke/ml-login/419878079/.m2/org/springframework/cloud/spring-cloud-context/2.0.1.RELEASE/spring-cloud-context-2.0.1.RELEASE.jar:/root/./workspace/tomekceszke/ml-login/419878079/.m2/org/springframework/security/spring-security-rsa/1.0.5.RELEASE/spring-security-rsa-1.0.5.RELEASE.jar:/root/./workspace/tomekceszke/ml-login/419878079/.m2/org/bouncycastle/bcpkix-jdk15on/1.56/bcpkix-jdk15on-1.56.jar:/root/./workspace/tomekceszke/ml-login/419878079/.m2/org/bouncycastle/bcprov-jdk15on/1.56/bcprov-jdk15on-1.56.jar:/root/./workspace/tomekceszke/ml-login/419878079/.m2/org/springframework/cloud/spring-cloud-config-client/2.0.1.RELEASE/spring-cloud-config-client-2.0.1.RELEASE.jar:/root/./workspace/tomekceszke/ml-login/419878079/.m2/com/fasterxml/jackson/core/jackson-annotations/2.9.0/jackson-annotations-2.9.0.jar:/root/./workspace/tomekceszke/ml-login/419878079/.m2/com/fasterxml/jackson/core/jackson-databind/2.9.6/jackson-databind-2.9.6.jar:/root/./workspace/tomekceszke/ml-login/419878079/.m2/com/fasterxml/jackson/core/jackson-core/2.9.6/jackson-core-2.9.6.jar:/root/./workspace/tomekceszke/ml-login/419878079/.m2/org/springframework/boot/spring-boot-starter-actuator/2.0.4.RELEASE/spring-boot-starter-actuator-2.0.4.RELEASE.jar:/root/./workspace/tomekceszke/ml-login/419878079/.m2/org/springframework/boot/spring-boot-actuator-autoconfigure/2.0.4.RELEASE/spring-boot-actuator-autoconfigure-2.0.4.RELEASE.jar:/root/./workspace/tomekceszke/ml-login/419878079/.m2/org/springframework/boot/spring-boot-actuator/2.0.4.RELEASE/spring-boot-actuator-2.0.4.RELEASE.jar:/root/./workspace/tomekceszke/ml-login/419878079/.m2/io/micrometer/micrometer-core/1.0.6/micrometer-core-1.0.6.jar:/root/./workspace/tomekceszke/ml-login/419878079/.m2/org/hdrhistogram/HdrHistogram/2.1.10/HdrHistogram-2.1.10.jar:/root/./workspace/tomekceszke/ml-login/419878079/.m2/org/latencyutils/LatencyUtils/2.0.3/LatencyUtils-2.0.3.jar:/root/./workspace/tomekceszke/ml-login/419878079/.m2/org/springframework/cloud/spring-cloud-starter-netflix-ribbon/2.0.1.RELEASE/spring-cloud-starter-netflix-ribbon-2.0.1.RELEASE.jar:/root/./workspace/tomekceszke/ml-login/419878079/.m2/org/springframework/cloud/spring-cloud-netflix-ribbon/2.0.1.RELEASE/spring-cloud-netflix-ribbon-2.0.1.RELEASE.jar:/root/./workspace/tomekceszke/ml-login/419878079/.m2/org/springframework/cloud/spring-cloud-netflix-archaius/2.0.1.RELEASE/spring-cloud-netflix-archaius-2.0.1.RELEASE.jar:/root/./workspace/tomekceszke/ml-login/419878079/.m2/org/springframework/cloud/spring-cloud-starter-netflix-archaius/2.0.1.RELEASE/spring-cloud-starter-netflix-archaius-2.0.1.RELEASE.jar:/root/./workspace/tomekceszke/ml-login/419878079/.m2/com/netflix/archaius/archaius-core/0.7.6/archaius-core-0.7.6.jar:/root/./workspace/tomekceszke/ml-login/419878079/.m2/com/google/code/findbugs/jsr305/3.0.1/jsr305-3.0.1.jar:/root/./workspace/tomekceszke/ml-login/419878079/.m2/commons-configuration/commons-configuration/1.8/commons-configuration-1.8.jar:/root/./workspace/tomekceszke/ml-login/419878079/.m2/com/netflix/ribbon/ribbon/2.2.5/ribbon-2.2.5.jar:/root/./workspace/tomekceszke/ml-login/419878079/.m2/com/netflix/ribbon/ribbon-transport/2.2.5/ribbon-transport-2.2.5.jar:/root/./workspace/tomekceszke/ml-login/419878079/.m2/io/reactivex/rxnetty-contexts/0.4.9/rxnetty-contexts-0.4.9.jar:/root/./workspace/tomekceszke/ml-login/419878079/.m2/io/reactivex/rxnetty-servo/0.4.9/rxnetty-servo-0.4.9.jar:/root/./workspace/tomekceszke/ml-login/419878079/.m2/com/netflix/hystrix/hystrix-core/1.5.12/hystrix-core-1.5.12.jar:/root/./workspace/tomekceszke/ml-login/419878079/.m2/javax/inject/javax.inject/1/javax.inject-1.jar:/root/./workspace/tomekceszke/ml-login/419878079/.m2/io/reactivex/rxnetty/0.4.9/rxnetty-0.4.9.jar:/root/./workspace/tomekceszke/ml-login/419878079/.m2/io/netty/netty-codec-http/4.1.27.Final/netty-codec-http-4.1.27.Final.jar:/root/./workspace/tomekceszke/ml-login/419878079/.m2/io/netty/netty-codec/4.1.27.Final/netty-codec-4.1.27.Final.jar:/root/./workspace/tomekceszke/ml-login/419878079/.m2/io/netty/netty-transport-native-epoll/4.1.27.Final/netty-transport-native-epoll-4.1.27.Final.jar:/root/./workspace/tomekceszke/ml-login/419878079/.m2/io/netty/netty-common/4.1.27.Final/netty-common-4.1.27.Final.jar:/root/./workspace/tomekceszke/ml-login/419878079/.m2/io/netty/netty-buffer/4.1.27.Final/netty-buffer-4.1.27.Final.jar:/root/./workspace/tomekceszke/ml-login/419878079/.m2/io/netty/netty-transport-native-unix-common/4.1.27.Final/netty-transport-native-unix-common-4.1.27.Final.jar:/root/./workspace/tomekceszke/ml-login/419878079/.m2/io/netty/netty-transport/4.1.27.Final/netty-transport-4.1.27.Final.jar:/root/./workspace/tomekceszke/ml-login/419878079/.m2/io/netty/netty-resolver/4.1.27.Final/netty-resolver-4.1.27.Final.jar:/root/./workspace/tomekceszke/ml-login/419878079/.m2/com/google/guava/guava/16.0.1/guava-16.0.1.jar:/root/./workspace/tomekceszke/ml-login/419878079/.m2/com/netflix/ribbon/ribbon-core/2.2.5/ribbon-core-2.2.5.jar:/root/./workspace/tomekceszke/ml-login/419878079/.m2/org/slf4j/slf4j-api/1.7.25/slf4j-api-1.7.25.jar:/root/./workspace/tomekceszke/ml-login/419878079/.m2/commons-lang/commons-lang/2.6/commons-lang-2.6.jar:/root/./workspace/tomekceszke/ml-login/419878079/.m2/com/netflix/ribbon/ribbon-httpclient/2.2.5/ribbon-httpclient-2.2.5.jar:/root/./workspace/tomekceszke/ml-login/419878079/.m2/commons-collections/commons-collections/3.2.2/commons-collections-3.2.2.jar:/root/./workspace/tomekceszke/ml-login/419878079/.m2/org/apache/httpcomponents/httpclient/4.5.6/httpclient-4.5.6.jar:/root/./workspace/tomekceszke/ml-login/419878079/.m2/org/apache/httpcomponents/httpcore/4.4.10/httpcore-4.4.10.jar:/root/./workspace/tomekceszke/ml-login/419878079/.m2/commons-codec/commons-codec/1.11/commons-codec-1.11.jar:/root/./workspace/tomekceszke/ml-login/419878079/.m2/com/sun/jersey/jersey-client/1.19.1/jersey-client-1.19.1.jar:/root/./workspace/tomekceszke/ml-login/419878079/.m2/com/sun/jersey/jersey-core/1.19.1/jersey-core-1.19.1.jar:/root/./workspace/tomekceszke/ml-login/419878079/.m2/javax/ws/rs/jsr311-api/1.1.1/jsr311-api-1.1.1.jar:/root/./workspace/tomekceszke/ml-login/419878079/.m2/com/sun/jersey/contribs/jersey-apache-client4/1.19.1/jersey-apache-client4-1.19.1.jar:/root/./workspace/tomekceszke/ml-login/419878079/.m2/com/netflix/servo/servo-core/0.12.21/servo-core-0.12.21.jar:/root/./workspace/tomekceszke/ml-login/419878079/.m2/com/netflix/netflix-commons/netflix-commons-util/0.3.0/netflix-commons-util-0.3.0.jar:/root/./workspace/tomekceszke/ml-login/419878079/.m2/com/netflix/ribbon/ribbon-loadbalancer/2.2.5/ribbon-loadbalancer-2.2.5.jar:/root/./workspace/tomekceszke/ml-login/419878079/.m2/com/netflix/netflix-commons/netflix-statistics/0.1.1/netflix-statistics-0.1.1.jar:/root/./workspace/tomekceszke/ml-login/419878079/.m2/io/reactivex/rxjava/1.3.8/rxjava-1.3.8.jar:/root/./workspace/tomekceszke/ml-login/419878079/.m2/org/springframework/cloud/spring-cloud-starter-openfeign/2.0.1.RELEASE/spring-cloud-starter-openfeign-2.0.1.RELEASE.jar:/root/./workspace/tomekceszke/ml-login/419878079/.m2/org/springframework/cloud/spring-cloud-openfeign-core/2.0.1.RELEASE/spring-cloud-openfeign-core-2.0.1.RELEASE.jar:/root/./workspace/tomekceszke/ml-login/419878079/.m2/org/springframework/boot/spring-boot-starter-aop/2.0.4.RELEASE/spring-boot-starter-aop-2.0.4.RELEASE.jar:/root/./workspace/tomekceszke/ml-login/419878079/.m2/org/aspectj/aspectjweaver/1.8.13/aspectjweaver-1.8.13.jar:/root/./workspace/tomekceszke/ml-login/419878079/.m2/org/springframework/cloud/spring-cloud-commons/2.0.1.RELEASE/spring-cloud-commons-2.0.1.RELEASE.jar:/root/./workspace/tomekceszke/ml-login/419878079/.m2/org/springframework/security/spring-security-crypto/5.0.7.RELEASE/spring-security-crypto-5.0.7.RELEASE.jar:/root/./workspace/tomekceszke/ml-login/419878079/.m2/io/github/openfeign/feign-core/9.5.1/feign-core-9.5.1.jar:/root/./workspace/tomekceszke/ml-login/419878079/.m2/io/github/openfeign/feign-slf4j/9.5.1/feign-slf4j-9.5.1.jar:/root/./workspace/tomekceszke/ml-login/419878079/.m2/io/github/openfeign/feign-hystrix/9.5.1/feign-hystrix-9.5.1.jar:/root/./workspace/tomekceszke/ml-login/419878079/.m2/io/github/openfeign/feign-java8/9.5.1/feign-java8-9.5.1.jar:/root/workspace/tomekceszke/ml-login/419878079/commons/target/classes:/root/./workspace/tomekceszke/ml-login/419878079/.m2/org/springframework/boot/spring-boot-starter-test/2.0.4.RELEASE/spring-boot-starter-test-2.0.4.RELEASE.jar:/root/./workspace/tomekceszke/ml-login/419878079/.m2/org/springframework/boot/spring-boot-test/2.0.4.RELEASE/spring-boot-test-2.0.4.RELEASE.jar:/root/./workspace/tomekceszke/ml-login/419878079/.m2/org/springframework/boot/spring-boot-test-autoconfigure/2.0.4.RELEASE/spring-boot-test-autoconfigure-2.0.4.RELEASE.jar:/root/./workspace/tomekceszke/ml-login/419878079/.m2/com/jayway/jsonpath/json-path/2.4.0/json-path-2.4.0.jar:/root/./workspace/tomekceszke/ml-login/419878079/.m2/net/minidev/json-smart/2.3/json-smart-2.3.jar:/root/./workspace/tomekceszke/ml-login/419878079/.m2/net/minidev/accessors-smart/1.2/accessors-smart-1.2.jar:/root/./workspace/tomekceszke/ml-login/419878079/.m2/org/ow2/asm/asm/5.0.4/asm-5.0.4.jar:/root/./workspace/tomekceszke/ml-login/419878079/.m2/junit/junit/4.12/junit-4.12.jar:/root/./workspace/tomekceszke/ml-login/419878079/.m2/org/assertj/assertj-core/3.9.1/assertj-core-3.9.1.jar:/root/./workspace/tomekceszke/ml-login/419878079/.m2/org/mockito/mockito-core/2.15.0/mockito-core-2.15.0.jar:/root/./workspace/tomekceszke/ml-login/419878079/.m2/net/bytebuddy/byte-buddy/1.7.11/byte-buddy-1.7.11.jar:/root/./workspace/tomekceszke/ml-login/419878079/.m2/net/bytebuddy/byte-buddy-agent/1.7.11/byte-buddy-agent-1.7.11.jar:/root/./workspace/tomekceszke/ml-login/419878079/.m2/org/objenesis/objenesis/2.6/objenesis-2.6.jar:/root/./workspace/tomekceszke/ml-login/419878079/.m2/org/hamcrest/hamcrest-core/1.3/hamcrest-core-1.3.jar:/root/./workspace/tomekceszke/ml-login/419878079/.m2/org/hamcrest/hamcrest-library/1.3/hamcrest-library-1.3.jar:/root/./workspace/tomekceszke/ml-login/419878079/.m2/org/skyscreamer/jsonassert/1.5.0/jsonassert-1.5.0.jar:/root/./workspace/tomekceszke/ml-login/419878079/.m2/com/vaadin/external/google/android-json/0.0.20131108.vaadin1/android-json-0.0.20131108.vaadin1.jar:/root/./workspace/tomekceszke/ml-login/419878079/.m2/org/springframework/spring-core/5.0.8.RELEASE/spring-core-5.0.8.RELEASE.jar:/root/./workspace/tomekceszke/ml-login/419878079/.m2/org/springframework/spring-jcl/5.0.8.RELEASE/spring-jcl-5.0.8.RELEASE.jar:/root/./workspace/tomekceszke/ml-login/419878079/.m2/org/springframework/spring-test/5.0.8.RELEASE/spring-test-5.0.8.RELEASE.jar:/root/./workspace/tomekceszke/ml-login/419878079/.m2/org/xmlunit/xmlunit-core/2.5.1/xmlunit-core-2.5.1.jar:/root/./workspace/tomekceszke/ml-login/419878079/.m2/org/projectlombok/lombok/1.18.0/lombok-1.18.0.jar:"/>
    <property name="java.vm.vendor" value="Oracle Corporation"/>
    <property name="skip.bower" value="true"/>
    <property name="sun.arch.data.model" value="64"/>
    <property name="java.vendor.url" value="http://java.oracle.com/"/>
    <property name="user.timezone" value=""/>
    <property name="java.vm.specification.version" value="1.8"/>
    <property name="os.name" value="Linux"/>
    <property name="rat.skip" value="true"/>
    <property name="gpg.skip" value="true"/>
    <property name="sun.java.launcher" value="SUN_STANDARD"/>
    <property name="sun.boot.library.path" value="/usr/lib/jvm/java-8-openjdk-amd64/jre/lib/amd64"/>
    <property name="skip.gulp" value="true"/>
    <property name="sun.java.command" value="/root/workspace/tomekceszke/ml-login/419878079/learning-service/target/surefire/surefirebooter201959623852833795.jar /root/workspace/tomekceszke/ml-login/419878079/learning-service/target/surefire 2018-08-24T00-38-03_073-jvmRun1 surefire893756983796110287tmp surefire_25006752689014474198tmp"/>
    <property name="dependency-check.skip" value="true"/>
    <property name="surefire.test.class.path" value="/root/workspace/tomekceszke/ml-login/419878079/learning-service/target/test-classes:/root/workspace/tomekceszke/ml-login/419878079/learning-service/target/classes:/root/./workspace/tomekceszke/ml-login/419878079/.m2/org/springframework/boot/spring-boot-starter-web/2.0.4.RELEASE/spring-boot-starter-web-2.0.4.RELEASE.jar:/root/./workspace/tomekceszke/ml-login/419878079/.m2/org/springframework/boot/spring-boot-starter/2.0.4.RELEASE/spring-boot-starter-2.0.4.RELEASE.jar:/root/./workspace/tomekceszke/ml-login/419878079/.m2/org/springframework/boot/spring-boot/2.0.4.RELEASE/spring-boot-2.0.4.RELEASE.jar:/root/./workspace/tomekceszke/ml-login/419878079/.m2/org/springframework/boot/spring-boot-autoconfigure/2.0.4.RELEASE/spring-boot-autoconfigure-2.0.4.RELEASE.jar:/root/./workspace/tomekceszke/ml-login/419878079/.m2/org/springframework/boot/spring-boot-starter-logging/2.0.4.RELEASE/spring-boot-starter-logging-2.0.4.RELEASE.jar:/root/./workspace/tomekceszke/ml-login/419878079/.m2/ch/qos/logback/logback-classic/1.2.3/logback-classic-1.2.3.jar:/root/./workspace/tomekceszke/ml-login/419878079/.m2/ch/qos/logback/logback-core/1.2.3/logback-core-1.2.3.jar:/root/./workspace/tomekceszke/ml-login/419878079/.m2/org/apache/logging/log4j/log4j-to-slf4j/2.10.0/log4j-to-slf4j-2.10.0.jar:/root/./workspace/tomekceszke/ml-login/419878079/.m2/org/apache/logging/log4j/log4j-api/2.10.0/log4j-api-2.10.0.jar:/root/./workspace/tomekceszke/ml-login/419878079/.m2/org/slf4j/jul-to-slf4j/1.7.25/jul-to-slf4j-1.7.25.jar:/root/./workspace/tomekceszke/ml-login/419878079/.m2/javax/annotation/javax.annotation-api/1.3.2/javax.annotation-api-1.3.2.jar:/root/./workspace/tomekceszke/ml-login/419878079/.m2/org/yaml/snakeyaml/1.19/snakeyaml-1.19.jar:/root/./workspace/tomekceszke/ml-login/419878079/.m2/org/springframework/boot/spring-boot-starter-json/2.0.4.RELEASE/spring-boot-starter-json-2.0.4.RELEASE.jar:/root/./workspace/tomekceszke/ml-login/419878079/.m2/com/fasterxml/jackson/datatype/jackson-datatype-jdk8/2.9.6/jackson-datatype-jdk8-2.9.6.jar:/root/./workspace/tomekceszke/ml-login/419878079/.m2/com/fasterxml/jackson/datatype/jackson-datatype-jsr310/2.9.6/jackson-datatype-jsr310-2.9.6.jar:/root/./workspace/tomekceszke/ml-login/419878079/.m2/com/fasterxml/jackson/module/jackson-module-parameter-names/2.9.6/jackson-module-parameter-names-2.9.6.jar:/root/./workspace/tomekceszke/ml-login/419878079/.m2/org/springframework/boot/spring-boot-starter-tomcat/2.0.4.RELEASE/spring-boot-starter-tomcat-2.0.4.RELEASE.jar:/root/./workspace/tomekceszke/ml-login/419878079/.m2/org/apache/tomcat/embed/tomcat-embed-core/8.5.32/tomcat-embed-core-8.5.32.jar:/root/./workspace/tomekceszke/ml-login/419878079/.m2/org/apache/tomcat/embed/tomcat-embed-el/8.5.32/tomcat-embed-el-8.5.32.jar:/root/./workspace/tomekceszke/ml-login/419878079/.m2/org/apache/tomcat/embed/tomcat-embed-websocket/8.5.32/tomcat-embed-websocket-8.5.32.jar:/root/./workspace/tomekceszke/ml-login/419878079/.m2/org/hibernate/validator/hibernate-validator/6.0.11.Final/hibernate-validator-6.0.11.Final.jar:/root/./workspace/tomekceszke/ml-login/419878079/.m2/javax/validation/validation-api/2.0.1.Final/validation-api-2.0.1.Final.jar:/root/./workspace/tomekceszke/ml-login/419878079/.m2/org/jboss/logging/jboss-logging/3.3.2.Final/jboss-logging-3.3.2.Final.jar:/root/./workspace/tomekceszke/ml-login/419878079/.m2/com/fasterxml/classmate/1.3.4/classmate-1.3.4.jar:/root/./workspace/tomekceszke/ml-login/419878079/.m2/org/springframework/spring-web/5.0.8.RELEASE/spring-web-5.0.8.RELEASE.jar:/root/./workspace/tomekceszke/ml-login/419878079/.m2/org/springframework/spring-beans/5.0.8.RELEASE/spring-beans-5.0.8.RELEASE.jar:/root/./workspace/tomekceszke/ml-login/419878079/.m2/org/springframework/spring-webmvc/5.0.8.RELEASE/spring-webmvc-5.0.8.RELEASE.jar:/root/./workspace/tomekceszke/ml-login/419878079/.m2/org/springframework/spring-aop/5.0.8.RELEASE/spring-aop-5.0.8.RELEASE.jar:/root/./workspace/tomekceszke/ml-login/419878079/.m2/org/springframework/spring-context/5.0.8.RELEASE/spring-context-5.0.8.RELEASE.jar:/root/./workspace/tomekceszke/ml-login/419878079/.m2/org/springframework/spring-expression/5.0.8.RELEASE/spring-expression-5.0.8.RELEASE.jar:/root/./workspace/tomekceszke/ml-login/419878079/.m2/org/springframework/cloud/spring-cloud-starter-config/2.0.1.RELEASE/spring-cloud-starter-config-2.0.1.RELEASE.jar:/root/./workspace/tomekceszke/ml-login/419878079/.m2/org/springframework/cloud/spring-cloud-starter/2.0.1.RELEASE/spring-cloud-starter-2.0.1.RELEASE.jar:/root/./workspace/tomekceszke/ml-login/419878079/.m2/org/springframework/cloud/spring-cloud-context/2.0.1.RELEASE/spring-cloud-context-2.0.1.RELEASE.jar:/root/./workspace/tomekceszke/ml-login/419878079/.m2/org/springframework/security/spring-security-rsa/1.0.5.RELEASE/spring-security-rsa-1.0.5.RELEASE.jar:/root/./workspace/tomekceszke/ml-login/419878079/.m2/org/bouncycastle/bcpkix-jdk15on/1.56/bcpkix-jdk15on-1.56.jar:/root/./workspace/tomekceszke/ml-login/419878079/.m2/org/bouncycastle/bcprov-jdk15on/1.56/bcprov-jdk15on-1.56.jar:/root/./workspace/tomekceszke/ml-login/419878079/.m2/org/springframework/cloud/spring-cloud-config-client/2.0.1.RELEASE/spring-cloud-config-client-2.0.1.RELEASE.jar:/root/./workspace/tomekceszke/ml-login/419878079/.m2/com/fasterxml/jackson/core/jackson-annotations/2.9.0/jackson-annotations-2.9.0.jar:/root/./workspace/tomekceszke/ml-login/419878079/.m2/com/fasterxml/jackson/core/jackson-databind/2.9.6/jackson-databind-2.9.6.jar:/root/./workspace/tomekceszke/ml-login/419878079/.m2/com/fasterxml/jackson/core/jackson-core/2.9.6/jackson-core-2.9.6.jar:/root/./workspace/tomekceszke/ml-login/419878079/.m2/org/springframework/boot/spring-boot-starter-actuator/2.0.4.RELEASE/spring-boot-starter-actuator-2.0.4.RELEASE.jar:/root/./workspace/tomekceszke/ml-login/419878079/.m2/org/springframework/boot/spring-boot-actuator-autoconfigure/2.0.4.RELEASE/spring-boot-actuator-autoconfigure-2.0.4.RELEASE.jar:/root/./workspace/tomekceszke/ml-login/419878079/.m2/org/springframework/boot/spring-boot-actuator/2.0.4.RELEASE/spring-boot-actuator-2.0.4.RELEASE.jar:/root/./workspace/tomekceszke/ml-login/419878079/.m2/io/micrometer/micrometer-core/1.0.6/micrometer-core-1.0.6.jar:/root/./workspace/tomekceszke/ml-login/419878079/.m2/org/hdrhistogram/HdrHistogram/2.1.10/HdrHistogram-2.1.10.jar:/root/./workspace/tomekceszke/ml-login/419878079/.m2/org/latencyutils/LatencyUtils/2.0.3/LatencyUtils-2.0.3.jar:/root/./workspace/tomekceszke/ml-login/419878079/.m2/org/springframework/cloud/spring-cloud-starter-netflix-ribbon/2.0.1.RELEASE/spring-cloud-starter-netflix-ribbon-2.0.1.RELEASE.jar:/root/./workspace/tomekceszke/ml-login/419878079/.m2/org/springframework/cloud/spring-cloud-netflix-ribbon/2.0.1.RELEASE/spring-cloud-netflix-ribbon-2.0.1.RELEASE.jar:/root/./workspace/tomekceszke/ml-login/419878079/.m2/org/springframework/cloud/spring-cloud-netflix-archaius/2.0.1.RELEASE/spring-cloud-netflix-archaius-2.0.1.RELEASE.jar:/root/./workspace/tomekceszke/ml-login/419878079/.m2/org/springframework/cloud/spring-cloud-starter-netflix-archaius/2.0.1.RELEASE/spring-cloud-starter-netflix-archaius-2.0.1.RELEASE.jar:/root/./workspace/tomekceszke/ml-login/419878079/.m2/com/netflix/archaius/archaius-core/0.7.6/archaius-core-0.7.6.jar:/root/./workspace/tomekceszke/ml-login/419878079/.m2/com/google/code/findbugs/jsr305/3.0.1/jsr305-3.0.1.jar:/root/./workspace/tomekceszke/ml-login/419878079/.m2/commons-configuration/commons-configuration/1.8/commons-configuration-1.8.jar:/root/./workspace/tomekceszke/ml-login/419878079/.m2/com/netflix/ribbon/ribbon/2.2.5/ribbon-2.2.5.jar:/root/./workspace/tomekceszke/ml-login/419878079/.m2/com/netflix/ribbon/ribbon-transport/2.2.5/ribbon-transport-2.2.5.jar:/root/./workspace/tomekceszke/ml-login/419878079/.m2/io/reactivex/rxnetty-contexts/0.4.9/rxnetty-contexts-0.4.9.jar:/root/./workspace/tomekceszke/ml-login/419878079/.m2/io/reactivex/rxnetty-servo/0.4.9/rxnetty-servo-0.4.9.jar:/root/./workspace/tomekceszke/ml-login/419878079/.m2/com/netflix/hystrix/hystrix-core/1.5.12/hystrix-core-1.5.12.jar:/root/./workspace/tomekceszke/ml-login/419878079/.m2/javax/inject/javax.inject/1/javax.inject-1.jar:/root/./workspace/tomekceszke/ml-login/419878079/.m2/io/reactivex/rxnetty/0.4.9/rxnetty-0.4.9.jar:/root/./workspace/tomekceszke/ml-login/419878079/.m2/io/netty/netty-codec-http/4.1.27.Final/netty-codec-http-4.1.27.Final.jar:/root/./workspace/tomekceszke/ml-login/419878079/.m2/io/netty/netty-codec/4.1.27.Final/netty-codec-4.1.27.Final.jar:/root/./workspace/tomekceszke/ml-login/419878079/.m2/io/netty/netty-transport-native-epoll/4.1.27.Final/netty-transport-native-epoll-4.1.27.Final.jar:/root/./workspace/tomekceszke/ml-login/419878079/.m2/io/netty/netty-common/4.1.27.Final/netty-common-4.1.27.Final.jar:/root/./workspace/tomekceszke/ml-login/419878079/.m2/io/netty/netty-buffer/4.1.27.Final/netty-buffer-4.1.27.Final.jar:/root/./workspace/tomekceszke/ml-login/419878079/.m2/io/netty/netty-transport-native-unix-common/4.1.27.Final/netty-transport-native-unix-common-4.1.27.Final.jar:/root/./workspace/tomekceszke/ml-login/419878079/.m2/io/netty/netty-transport/4.1.27.Final/netty-transport-4.1.27.Final.jar:/root/./workspace/tomekceszke/ml-login/419878079/.m2/io/netty/netty-resolver/4.1.27.Final/netty-resolver-4.1.27.Final.jar:/root/./workspace/tomekceszke/ml-login/419878079/.m2/com/google/guava/guava/16.0.1/guava-16.0.1.jar:/root/./workspace/tomekceszke/ml-login/419878079/.m2/com/netflix/ribbon/ribbon-core/2.2.5/ribbon-core-2.2.5.jar:/root/./workspace/tomekceszke/ml-login/419878079/.m2/org/slf4j/slf4j-api/1.7.25/slf4j-api-1.7.25.jar:/root/./workspace/tomekceszke/ml-login/419878079/.m2/commons-lang/commons-lang/2.6/commons-lang-2.6.jar:/root/./workspace/tomekceszke/ml-login/419878079/.m2/com/netflix/ribbon/ribbon-httpclient/2.2.5/ribbon-httpclient-2.2.5.jar:/root/./workspace/tomekceszke/ml-login/419878079/.m2/commons-collections/commons-collections/3.2.2/commons-collections-3.2.2.jar:/root/./workspace/tomekceszke/ml-login/419878079/.m2/org/apache/httpcomponents/httpclient/4.5.6/httpclient-4.5.6.jar:/root/./workspace/tomekceszke/ml-login/419878079/.m2/org/apache/httpcomponents/httpcore/4.4.10/httpcore-4.4.10.jar:/root/./workspace/tomekceszke/ml-login/419878079/.m2/commons-codec/commons-codec/1.11/commons-codec-1.11.jar:/root/./workspace/tomekceszke/ml-login/419878079/.m2/com/sun/jersey/jersey-client/1.19.1/jersey-client-1.19.1.jar:/root/./workspace/tomekceszke/ml-login/419878079/.m2/com/sun/jersey/jersey-core/1.19.1/jersey-core-1.19.1.jar:/root/./workspace/tomekceszke/ml-login/419878079/.m2/javax/ws/rs/jsr311-api/1.1.1/jsr311-api-1.1.1.jar:/root/./workspace/tomekceszke/ml-login/419878079/.m2/com/sun/jersey/contribs/jersey-apache-client4/1.19.1/jersey-apache-client4-1.19.1.jar:/root/./workspace/tomekceszke/ml-login/419878079/.m2/com/netflix/servo/servo-core/0.12.21/servo-core-0.12.21.jar:/root/./workspace/tomekceszke/ml-login/419878079/.m2/com/netflix/netflix-commons/netflix-commons-util/0.3.0/netflix-commons-util-0.3.0.jar:/root/./workspace/tomekceszke/ml-login/419878079/.m2/com/netflix/ribbon/ribbon-loadbalancer/2.2.5/ribbon-loadbalancer-2.2.5.jar:/root/./workspace/tomekceszke/ml-login/419878079/.m2/com/netflix/netflix-commons/netflix-statistics/0.1.1/netflix-statistics-0.1.1.jar:/root/./workspace/tomekceszke/ml-login/419878079/.m2/io/reactivex/rxjava/1.3.8/rxjava-1.3.8.jar:/root/./workspace/tomekceszke/ml-login/419878079/.m2/org/springframework/cloud/spring-cloud-starter-openfeign/2.0.1.RELEASE/spring-cloud-starter-openfeign-2.0.1.RELEASE.jar:/root/./workspace/tomekceszke/ml-login/419878079/.m2/org/springframework/cloud/spring-cloud-openfeign-core/2.0.1.RELEASE/spring-cloud-openfeign-core-2.0.1.RELEASE.jar:/root/./workspace/tomekceszke/ml-login/419878079/.m2/org/springframework/boot/spring-boot-starter-aop/2.0.4.RELEASE/spring-boot-starter-aop-2.0.4.RELEASE.jar:/root/./workspace/tomekceszke/ml-login/419878079/.m2/org/aspectj/aspectjweaver/1.8.13/aspectjweaver-1.8.13.jar:/root/./workspace/tomekceszke/ml-login/419878079/.m2/org/springframework/cloud/spring-cloud-commons/2.0.1.RELEASE/spring-cloud-commons-2.0.1.RELEASE.jar:/root/./workspace/tomekceszke/ml-login/419878079/.m2/org/springframework/security/spring-security-crypto/5.0.7.RELEASE/spring-security-crypto-5.0.7.RELEASE.jar:/root/./workspace/tomekceszke/ml-login/419878079/.m2/io/github/openfeign/feign-core/9.5.1/feign-core-9.5.1.jar:/root/./workspace/tomekceszke/ml-login/419878079/.m2/io/github/openfeign/feign-slf4j/9.5.1/feign-slf4j-9.5.1.jar:/root/./workspace/tomekceszke/ml-login/419878079/.m2/io/github/openfeign/feign-hystrix/9.5.1/feign-hystrix-9.5.1.jar:/root/./workspace/tomekceszke/ml-login/419878079/.m2/io/github/openfeign/feign-java8/9.5.1/feign-java8-9.5.1.jar:/root/workspace/tomekceszke/ml-login/419878079/commons/target/classes:/root/./workspace/tomekceszke/ml-login/419878079/.m2/org/springframework/boot/spring-boot-starter-test/2.0.4.RELEASE/spring-boot-starter-test-2.0.4.RELEASE.jar:/root/./workspace/tomekceszke/ml-login/419878079/.m2/org/springframework/boot/spring-boot-test/2.0.4.RELEASE/spring-boot-test-2.0.4.RELEASE.jar:/root/./workspace/tomekceszke/ml-login/419878079/.m2/org/springframework/boot/spring-boot-test-autoconfigure/2.0.4.RELEASE/spring-boot-test-autoconfigure-2.0.4.RELEASE.jar:/root/./workspace/tomekceszke/ml-login/419878079/.m2/com/jayway/jsonpath/json-path/2.4.0/json-path-2.4.0.jar:/root/./workspace/tomekceszke/ml-login/419878079/.m2/net/minidev/json-smart/2.3/json-smart-2.3.jar:/root/./workspace/tomekceszke/ml-login/419878079/.m2/net/minidev/accessors-smart/1.2/accessors-smart-1.2.jar:/root/./workspace/tomekceszke/ml-login/419878079/.m2/org/ow2/asm/asm/5.0.4/asm-5.0.4.jar:/root/./workspace/tomekceszke/ml-login/419878079/.m2/junit/junit/4.12/junit-4.12.jar:/root/./workspace/tomekceszke/ml-login/419878079/.m2/org/assertj/assertj-core/3.9.1/assertj-core-3.9.1.jar:/root/./workspace/tomekceszke/ml-login/419878079/.m2/org/mockito/mockito-core/2.15.0/mockito-core-2.15.0.jar:/root/./workspace/tomekceszke/ml-login/419878079/.m2/net/bytebuddy/byte-buddy/1.7.11/byte-buddy-1.7.11.jar:/root/./workspace/tomekceszke/ml-login/419878079/.m2/net/bytebuddy/byte-buddy-agent/1.7.11/byte-buddy-agent-1.7.11.jar:/root/./workspace/tomekceszke/ml-login/419878079/.m2/org/objenesis/objenesis/2.6/objenesis-2.6.jar:/root/./workspace/tomekceszke/ml-login/419878079/.m2/org/hamcrest/hamcrest-core/1.3/hamcrest-core-1.3.jar:/root/./workspace/tomekceszke/ml-login/419878079/.m2/org/hamcrest/hamcrest-library/1.3/hamcrest-library-1.3.jar:/root/./workspace/tomekceszke/ml-login/419878079/.m2/org/skyscreamer/jsonassert/1.5.0/jsonassert-1.5.0.jar:/root/./workspace/tomekceszke/ml-login/419878079/.m2/com/vaadin/external/google/android-json/0.0.20131108.vaadin1/android-json-0.0.20131108.vaadin1.jar:/root/./workspace/tomekceszke/ml-login/419878079/.m2/org/springframework/spring-core/5.0.8.RELEASE/spring-core-5.0.8.RELEASE.jar:/root/./workspace/tomekceszke/ml-login/419878079/.m2/org/springframework/spring-jcl/5.0.8.RELEASE/spring-jcl-5.0.8.RELEASE.jar:/root/./workspace/tomekceszke/ml-login/419878079/.m2/org/springframework/spring-test/5.0.8.RELEASE/spring-test-5.0.8.RELEASE.jar:/root/./workspace/tomekceszke/ml-login/419878079/.m2/org/xmlunit/xmlunit-core/2.5.1/xmlunit-core-2.5.1.jar:/root/./workspace/tomekceszke/ml-login/419878079/.m2/org/projectlombok/lombok/1.18.0/lombok-1.18.0.jar:"/>
    <property name="sun.cpu.endian" value="little"/>
    <property name="user.home" value="/root"/>
    <property name="user.language" value="en"/>
    <property name="java.specification.vendor" value="Oracle Corporation"/>
    <property name="java.home" value="/usr/lib/jvm/java-8-openjdk-amd64/jre"/>
    <property name="basedir" value="/root/workspace/tomekceszke/ml-login/419878079/learning-service"/>
    <property name="file.separator" value="/"/>
    <property name="checkstyle.skip" value="true"/>
    <property name="line.separator" value="&#10;"/>
    <property name="skip.npm" value="true"/>
    <property name="java.vm.specification.vendor" value="Oracle Corporation"/>
    <property name="java.specification.name" value="Java Platform API Specification"/>
    <property name="java.awt.graphicsenv" value="sun.awt.X11GraphicsEnvironment"/>
    <property name="skipITs" value="true"/>
    <property name="surefire.real.class.path" value="/root/workspace/tomekceszke/ml-login/419878079/learning-service/target/surefire/surefirebooter201959623852833795.jar"/>
    <property name="cobertura.skip" value="true"/>
    <property name="sun.boot.class.path" value="/usr/lib/jvm/java-8-openjdk-amd64/jre/lib/resources.jar:/usr/lib/jvm/java-8-openjdk-amd64/jre/lib/rt.jar:/usr/lib/jvm/java-8-openjdk-amd64/jre/lib/sunrsasign.jar:/usr/lib/jvm/java-8-openjdk-amd64/jre/lib/jsse.jar:/usr/lib/jvm/java-8-openjdk-amd64/jre/lib/jce.jar:/usr/lib/jvm/java-8-openjdk-amd64/jre/lib/charsets.jar:/usr/lib/jvm/java-8-openjdk-amd64/jre/lib/jfr.jar:/usr/lib/jvm/java-8-openjdk-amd64/jre/classes"/>
    <property name="sun.management.compiler" value="HotSpot 64-Bit Tiered Compilers"/>
    <property name="java.runtime.version" value="1.8.0_121-8u121-b13-1~bpo8+1-b13"/>
    <property name="user.name" value="root"/>
    <property name="findbugs.skip" value="true"/>
    <property name="path.separator" value=":"/>
    <property name="os.version" value="3.10.0-862.3.2.el7.x86_64"/>
    <property name="java.endorsed.dirs" value="/usr/lib/jvm/java-8-openjdk-amd64/jre/lib/endorsed"/>
    <property name="java.runtime.name" value="OpenJDK Runtime Environment"/>
    <property name="file.encoding" value="UTF-8"/>
    <property name="java.vm.name" value="OpenJDK 64-Bit Server VM"/>
    <property name="localRepository" value="/root/./workspace/tomekceszke/ml-login/419878079/.m2"/>
    <property name="java.vendor.url.bug" value="http://bugreport.sun.com/bugreport/"/>
    <property name="java.io.tmpdir" value="/tmp"/>
    <property name="java.version" value="1.8.0_121"/>
    <property name="user.dir" value="/root/workspace/tomekceszke/ml-login/419878079/learning-service"/>
    <property name="os.arch" value="amd64"/>
    <property name="license.skip" value="true"/>
    <property name="java.vm.specification.name" value="Java Virtual Machine Specification"/>
    <property name="java.awt.printerjob" value="sun.print.PSPrinterJob"/>
    <property name="sun.os.patch.level" value="unknown"/>
    <property name="java.library.path" value="/usr/java/packages/lib/amd64:/usr/lib/x86_64-linux-gnu/jni:/lib/x86_64-linux-gnu:/usr/lib/x86_64-linux-gnu:/usr/lib/jni:/lib:/usr/lib"/>
    <property name="java.vm.info" value="mixed mode"/>
    <property name="java.vendor" value="Oracle Corporation"/>
    <property name="java.vm.version" value="25.121-b13"/>
    <property name="java.ext.dirs" value="/usr/lib/jvm/java-8-openjdk-amd64/jre/lib/ext:/usr/java/packages/lib/ext"/>
    <property name="sun.io.unicode.encoding" value="UnicodeLittle"/>
    <property name="maven.repo.local" value="/root/./workspace/tomekceszke/ml-login/419878079/.m2"/>
    <property name="enforcer.skip" value="true"/>
    <property name="java.class.version" value="52.0"/>
  </properties>
  <testcase name="applicationContextTest" classname="com.ceszke.security.mllogin.LearningApplicationTest" time="5.198"/>
  <testcase name="applicationContextLoaded" classname="com.ceszke.security.mllogin.LearningApplicationTest" time="0.005"/>
</testsuite>