<?xml version="1.0" encoding="UTF-8"?>
<testsuite name="TestSuite" time="8.594" tests="160" errors="0" skipped="0" failures="0">
  <properties>
    <property name="java.runtime.name" value="OpenJDK Runtime Environment"/>
    <property name="sun.boot.library.path" value="/usr/lib/jvm/java-8-openjdk-amd64/jre/lib/amd64"/>
    <property name="java.vm.version" value="25.121-b13"/>
    <property name="java.vm.vendor" value="Oracle Corporation"/>
    <property name="maven.multiModuleProjectDirectory" value="/root/workspace/wso2/carbon-identity-framework/387744190"/>
    <property name="java.vendor.url" value="http://java.oracle.com/"/>
    <property name="path.separator" value=":"/>
    <property name="guice.disable.misplaced.annotation.check" value="true"/>
    <property name="skip.gulp" value="true"/>
    <property name="java.vm.name" value="OpenJDK 64-Bit Server VM"/>
    <property name="file.encoding.pkg" value="sun.io"/>
    <property name="sun.java.launcher" value="SUN_STANDARD"/>
    <property name="sun.os.patch.level" value="unknown"/>
    <property name="findbugs.skip" value="true"/>
    <property name="java.vm.specification.name" value="Java Virtual Machine Specification"/>
    <property name="user.dir" value="/root/workspace/wso2/carbon-identity-framework/387744190"/>
    <property name="checkstyle.skip" value="true"/>
    <property name="java.runtime.version" value="1.8.0_121-8u121-b13-1~bpo8+1-b13"/>
    <property name="java.awt.graphicsenv" value="sun.awt.X11GraphicsEnvironment"/>
    <property name="skip.npm" value="true"/>
    <property name="java.endorsed.dirs" value="/usr/lib/jvm/java-8-openjdk-amd64/jre/lib/endorsed"/>
    <property name="os.arch" value="amd64"/>
    <property name="java.io.tmpdir" value="/tmp"/>
    <property name="gpg.skip" value="true"/>
    <property name="line.separator" value="&#10;"/>
    <property name="java.vm.specification.vendor" value="Oracle Corporation"/>
    <property name="cobertura.skip" value="true"/>
    <property name="os.name" value="Linux"/>
    <property name="classworlds.conf" value="/usr/share/maven/bin/m2.conf"/>
    <property name="sun.jnu.encoding" value="UTF-8"/>
    <property name="java.library.path" value="/usr/java/packages/lib/amd64:/usr/lib/x86_64-linux-gnu/jni:/lib/x86_64-linux-gnu:/usr/lib/x86_64-linux-gnu:/usr/lib/jni:/lib:/usr/lib"/>
    <property name="license.skip" value="true"/>
    <property name="java.specification.name" value="Java Platform API Specification"/>
    <property name="java.class.version" value="52.0"/>
    <property name="sun.management.compiler" value="HotSpot 64-Bit Tiered Compilers"/>
    <property name="skip.bower" value="true"/>
    <property name="maven.repo.local" value="/root/./workspace/wso2/carbon-identity-framework/387744190/.m2"/>
    <property name="os.version" value="3.10.0-862.3.2.el7.x86_64"/>
    <property name="user.home" value="/root"/>
    <property name="user.timezone" value="Europe/Paris"/>
    <property name="java.awt.printerjob" value="sun.print.PSPrinterJob"/>
    <property name="java.specification.version" value="1.8"/>
    <property name="file.encoding" value="UTF-8"/>
    <property name="user.name" value="root"/>
    <property name="java.class.path" value="/usr/share/maven/boot/plexus-classworlds-2.5.2.jar"/>
    <property name="skipITs" value="true"/>
    <property name="java.vm.specification.version" value="1.8"/>
    <property name="sun.arch.data.model" value="64"/>
    <property name="java.home" value="/usr/lib/jvm/java-8-openjdk-amd64/jre"/>
    <property name="sun.java.command" value="org.codehaus.plexus.classworlds.launcher.Launcher -B -D enforcer.skip=true -D dependency-check.skip=true -D skipITs=true -D cobertura.skip=true -D maven.repo.local=/root/./workspace/wso2/carbon-identity-framework/387744190/.m2 -D rat.skip=true -D findbugs.skip=true -D skip.bower=true -D gpg.skip=true -D checkstyle.skip=true -D skip.gulp=true -D license.skip=true -D skip.npm=true test"/>
    <property name="java.specification.vendor" value="Oracle Corporation"/>
    <property name="user.language" value="en"/>
    <property name="awt.toolkit" value="sun.awt.X11.XToolkit"/>
    <property name="dependency-check.skip" value="true"/>
    <property name="java.vm.info" value="mixed mode"/>
    <property name="java.version" value="1.8.0_121"/>
    <property name="java.ext.dirs" value="/usr/lib/jvm/java-8-openjdk-amd64/jre/lib/ext:/usr/java/packages/lib/ext"/>
    <property name="securerandom.source" value="file:/dev/./urandom"/>
    <property name="sun.boot.class.path" value="/usr/lib/jvm/java-8-openjdk-amd64/jre/lib/resources.jar:/usr/lib/jvm/java-8-openjdk-amd64/jre/lib/rt.jar:/usr/lib/jvm/java-8-openjdk-amd64/jre/lib/sunrsasign.jar:/usr/lib/jvm/java-8-openjdk-amd64/jre/lib/jsse.jar:/usr/lib/jvm/java-8-openjdk-amd64/jre/lib/jce.jar:/usr/lib/jvm/java-8-openjdk-amd64/jre/lib/charsets.jar:/usr/lib/jvm/java-8-openjdk-amd64/jre/lib/jfr.jar:/usr/lib/jvm/java-8-openjdk-amd64/jre/classes"/>
    <property name="java.vendor" value="Oracle Corporation"/>
    <property name="enforcer.skip" value="true"/>
    <property name="rat.skip" value="true"/>
    <property name="maven.home" value="/usr/share/maven"/>
    <property name="file.separator" value="/"/>
    <property name="java.vendor.url.bug" value="http://bugreport.sun.com/bugreport/"/>
    <property name="sun.cpu.endian" value="little"/>
    <property name="sun.io.unicode.encoding" value="UnicodeLittle"/>
    <property name="sun.cpu.isalist" value=""/>
  </properties>
  <testcase name="testAddDomainToName" classname="org.wso2.carbon.identity.core.util.IdentityUtilTest" time="0.098"/>
  <testcase name="testAddDomainToName" classname="org.wso2.carbon.identity.core.util.IdentityUtilTest" time="0.002"/>
  <testcase name="testAddDomainToName" classname="org.wso2.carbon.identity.core.util.IdentityUtilTest" time="0.003"/>
  <testcase name="testAddDomainToName" classname="org.wso2.carbon.identity.core.util.IdentityUtilTest" time="0.021"/>
  <testcase name="testAddDomainToName" classname="org.wso2.carbon.identity.core.util.IdentityUtilTest" time="0.003"/>
  <testcase name="testAddDomainToName" classname="org.wso2.carbon.identity.core.util.IdentityUtilTest" time="0.003"/>
  <testcase name="testAddDomainToName" classname="org.wso2.carbon.identity.core.util.IdentityUtilTest" time="0.012"/>
  <testcase name="testAddDomainToName" classname="org.wso2.carbon.identity.core.util.IdentityUtilTest" time="0.014"/>
  <testcase name="testAddDomainToName" classname="org.wso2.carbon.identity.core.util.IdentityUtilTest" time="0.001"/>
  <testcase name="testAddDomainToName" classname="org.wso2.carbon.identity.core.util.IdentityUtilTest" time="0.001"/>
  <testcase name="testBuildFragmentUrl" classname="org.wso2.carbon.identity.core.util.IdentityUtilTest" time="0.049"/>
  <testcase name="testBuildFragmentUrl" classname="org.wso2.carbon.identity.core.util.IdentityUtilTest" time="0.003"/>
  <testcase name="testBuildFragmentUrl" classname="org.wso2.carbon.identity.core.util.IdentityUtilTest" time="0.005"/>
  <testcase name="testBuildFragmentUrl" classname="org.wso2.carbon.identity.core.util.IdentityUtilTest" time="0.002"/>
  <testcase name="testBuildFragmentUrl" classname="org.wso2.carbon.identity.core.util.IdentityUtilTest" time="0.003"/>
  <testcase name="testFillURLPlaceholders" classname="org.wso2.carbon.identity.core.util.IdentityUtilTest" time="0.004"/>
  <testcase name="testFillURLPlaceholders" classname="org.wso2.carbon.identity.core.util.IdentityUtilTest" time="0.008"/>
  <testcase name="testFillURLPlaceholders" classname="org.wso2.carbon.identity.core.util.IdentityUtilTest" time="0.006"/>
  <testcase name="testFillURLPlaceholders" classname="org.wso2.carbon.identity.core.util.IdentityUtilTest" time="0.004"/>
  <testcase name="testFillURLPlaceholders" classname="org.wso2.carbon.identity.core.util.IdentityUtilTest" time="0.006"/>
  <testcase name="testFillURLPlaceholders" classname="org.wso2.carbon.identity.core.util.IdentityUtilTest" time="0.004"/>
  <testcase name="testFillURLPlaceholders" classname="org.wso2.carbon.identity.core.util.IdentityUtilTest" time="0"/>
  <testcase name="testGetCleanUpTimeout" classname="org.wso2.carbon.identity.core.util.IdentityUtilTest" time="0.006"/>
  <testcase name="testGetCleanUpTimeout" classname="org.wso2.carbon.identity.core.util.IdentityUtilTest" time="0.004"/>
  <testcase name="testGetCleanUpTimeout" classname="org.wso2.carbon.identity.core.util.IdentityUtilTest" time="0.019"/>
  <testcase name="testGetClockSkewInSeconds" classname="org.wso2.carbon.identity.core.util.IdentityUtilTest" time="0.003"/>
  <testcase name="testGetClockSkewInSeconds" classname="org.wso2.carbon.identity.core.util.IdentityUtilTest" time="0.001"/>
  <testcase name="testGetClockSkewInSeconds" classname="org.wso2.carbon.identity.core.util.IdentityUtilTest" time="0.004"/>
  <testcase name="testGetHMAC" classname="org.wso2.carbon.identity.core.util.IdentityUtilTest" time="0.144"/>
  <testcase name="testGetHMAC" classname="org.wso2.carbon.identity.core.util.IdentityUtilTest" time="0.004"/>
  <testcase name="testGetHMAC" classname="org.wso2.carbon.identity.core.util.IdentityUtilTest" time="0"/>
  <testcase name="testGetIdentityCookiesConfigurationHolder" classname="org.wso2.carbon.identity.core.util.IdentityUtilTest" time="0.014"/>
  <testcase name="testGetOperationCleanUpPeriod" classname="org.wso2.carbon.identity.core.util.IdentityUtilTest" time="0.001"/>
  <testcase name="testGetOperationCleanUpPeriod" classname="org.wso2.carbon.identity.core.util.IdentityUtilTest" time="0.001"/>
  <testcase name="testGetOperationCleanUpPeriod" classname="org.wso2.carbon.identity.core.util.IdentityUtilTest" time="0"/>
  <testcase name="testGetOperationCleanUpTimeout" classname="org.wso2.carbon.identity.core.util.IdentityUtilTest" time="0.013"/>
  <testcase name="testGetOperationCleanUpTimeout" classname="org.wso2.carbon.identity.core.util.IdentityUtilTest" time="0.004"/>
  <testcase name="testGetOperationCleanUpTimeout" classname="org.wso2.carbon.identity.core.util.IdentityUtilTest" time="0.007"/>
  <testcase name="testGetProperty" classname="org.wso2.carbon.identity.core.util.IdentityUtilTest" time="0.003"/>
  <testcase name="testGetProperty" classname="org.wso2.carbon.identity.core.util.IdentityUtilTest" time="0.005"/>
  <testcase name="testGetProperty" classname="org.wso2.carbon.identity.core.util.IdentityUtilTest" time="0.003"/>
  <testcase name="testGetProperty" classname="org.wso2.carbon.identity.core.util.IdentityUtilTest" time="0.001"/>
  <testcase name="testGetProperty" classname="org.wso2.carbon.identity.core.util.IdentityUtilTest" time="0.001"/>
  <testcase name="testGetRandomInteger" classname="org.wso2.carbon.identity.core.util.IdentityUtilTest" time="0.064"/>
  <testcase name="testIdentityErrorMsg" classname="org.wso2.carbon.identity.core.util.IdentityUtilTest" time="0.004"/>
  <testcase name="testIdentityErrorMsg" classname="org.wso2.carbon.identity.core.util.IdentityUtilTest" time="0.002"/>
  <testcase name="testIdentityErrorMsg" classname="org.wso2.carbon.identity.core.util.IdentityUtilTest" time="0.002"/>
  <testcase name="testIdentityErrorMsg" classname="org.wso2.carbon.identity.core.util.IdentityUtilTest" time="0.002"/>
  <testcase name="testIdentityErrorMsg" classname="org.wso2.carbon.identity.core.util.IdentityUtilTest" time="0.001"/>
  <testcase name="testIsSupportedByUserStore" classname="org.wso2.carbon.identity.core.util.IdentityUtilTest" time="0.002"/>
  <testcase name="testIsTokenLoggable" classname="org.wso2.carbon.identity.core.util.IdentityUtilTest" time="0.001"/>
  <testcase name="testIsUserStoreInUsernameCaseSensitive" classname="org.wso2.carbon.identity.core.util.IdentityUtilTest" time="0.007"/>
  <testcase name="testIsUserStoreInUsernameCaseSensitive" classname="org.wso2.carbon.identity.core.util.IdentityUtilTest" time="0.005"/>
  <testcase name="testIsUserStoreInUsernameCaseSensitive" classname="org.wso2.carbon.identity.core.util.IdentityUtilTest" time="0.003"/>
  <testcase name="testIsUserStoreInUsernameCaseSensitive" classname="org.wso2.carbon.identity.core.util.IdentityUtilTest" time="0.002"/>
  <testcase name="testIsUserStoreInUsernameCaseSensitive" classname="org.wso2.carbon.identity.core.util.IdentityUtilTest" time="0.002"/>
  <testcase name="testIsUserStoreInUsernameCaseSensitive" classname="org.wso2.carbon.identity.core.util.IdentityUtilTest" time="0.002"/>
  <testcase name="testNegativeGetHMAC" classname="org.wso2.carbon.identity.core.util.IdentityUtilTest" time="0.002"/>
  <testcase name="testNegativeGetHMAC" classname="org.wso2.carbon.identity.core.util.IdentityUtilTest" time="0.001"/>
  <testcase name="testNegativeGetHMAC" classname="org.wso2.carbon.identity.core.util.IdentityUtilTest" time="0.01"/>
  <testcase name="testReadEventListenerProperty" classname="org.wso2.carbon.identity.core.util.IdentityUtilTest" time="0.007"/>
  <testcase name="testBuildFragmentString" classname="org.wso2.carbon.identity.core.util.IdentityUtilTest" time="0.002"/>
  <testcase name="testBuildFragmentString" classname="org.wso2.carbon.identity.core.util.IdentityUtilTest" time="0.006"/>
  <testcase name="testBuildFragmentString" classname="org.wso2.carbon.identity.core.util.IdentityUtilTest" time="0.028"/>
  <testcase name="testBuildFragmentString" classname="org.wso2.carbon.identity.core.util.IdentityUtilTest" time="0.001"/>
  <testcase name="testBuildFragmentString" classname="org.wso2.carbon.identity.core.util.IdentityUtilTest" time="0.002"/>
  <testcase name="testBuildQueryString" classname="org.wso2.carbon.identity.core.util.IdentityUtilTest" time="0.002"/>
  <testcase name="testBuildQueryString" classname="org.wso2.carbon.identity.core.util.IdentityUtilTest" time="0"/>
  <testcase name="testBuildQueryString" classname="org.wso2.carbon.identity.core.util.IdentityUtilTest" time="0.001"/>
  <testcase name="testBuildQueryString" classname="org.wso2.carbon.identity.core.util.IdentityUtilTest" time="0"/>
  <testcase name="testBuildQueryString" classname="org.wso2.carbon.identity.core.util.IdentityUtilTest" time="0"/>
  <testcase name="testBuildQueryUrl" classname="org.wso2.carbon.identity.core.util.IdentityUtilTest" time="0.006"/>
  <testcase name="testBuildQueryUrl" classname="org.wso2.carbon.identity.core.util.IdentityUtilTest" time="0.001"/>
  <testcase name="testBuildQueryUrl" classname="org.wso2.carbon.identity.core.util.IdentityUtilTest" time="0.004"/>
  <testcase name="testBuildQueryUrl" classname="org.wso2.carbon.identity.core.util.IdentityUtilTest" time="0.001"/>
  <testcase name="testBuildQueryUrl" classname="org.wso2.carbon.identity.core.util.IdentityUtilTest" time="0.001"/>
  <testcase name="testGenerateUUID" classname="org.wso2.carbon.identity.core.util.IdentityUtilTest" time="0.016"/>
  <testcase name="testGetCleanUpPeriod" classname="org.wso2.carbon.identity.core.util.IdentityUtilTest" time="0.001"/>
  <testcase name="testGetCleanUpPeriod" classname="org.wso2.carbon.identity.core.util.IdentityUtilTest" time="0.001"/>
  <testcase name="testGetCleanUpPeriod" classname="org.wso2.carbon.identity.core.util.IdentityUtilTest" time="0.002"/>
  <testcase name="testGetClientIpAddress" classname="org.wso2.carbon.identity.core.util.IdentityUtilTest" time="0.015"/>
  <testcase name="testGetClientIpAddress" classname="org.wso2.carbon.identity.core.util.IdentityUtilTest" time="0.003"/>
  <testcase name="testGetClientIpAddress" classname="org.wso2.carbon.identity.core.util.IdentityUtilTest" time="0.001"/>
  <testcase name="testGetHostName" classname="org.wso2.carbon.identity.core.util.IdentityUtilTest" time="0.002"/>
  <testcase name="testGetIdentityCacheConfig" classname="org.wso2.carbon.identity.core.util.IdentityUtilTest" time="0.004"/>
  <testcase name="testGetIdentityCacheConfig" classname="org.wso2.carbon.identity.core.util.IdentityUtilTest" time="0.002"/>
  <testcase name="testGetIdentityCacheConfig" classname="org.wso2.carbon.identity.core.util.IdentityUtilTest" time="0.001"/>
  <testcase name="testGetIdentityCacheConfig" classname="org.wso2.carbon.identity.core.util.IdentityUtilTest" time="0.001"/>
  <testcase name="testGetIdentityConfigDirPath" classname="org.wso2.carbon.identity.core.util.IdentityUtilTest" time="0.005"/>
  <testcase name="testGetIdentityCookieConfig" classname="org.wso2.carbon.identity.core.util.IdentityUtilTest" time="0.002"/>
  <testcase name="testGetPPIDDisplayValue" classname="org.wso2.carbon.identity.core.util.IdentityUtilTest" time="0.001"/>
  <testcase name="testGetPPIDDisplayValue" classname="org.wso2.carbon.identity.core.util.IdentityUtilTest" time="0.002"/>
  <testcase name="testGetRandomNumber" classname="org.wso2.carbon.identity.core.util.IdentityUtilTest" time="0.005"/>
  <testcase name="testGetServerURL" classname="org.wso2.carbon.identity.core.util.IdentityUtilTest" time="0.008"/>
  <testcase name="testGetServerURL" classname="org.wso2.carbon.identity.core.util.IdentityUtilTest" time="0.005"/>
  <testcase name="testGetServerURL" classname="org.wso2.carbon.identity.core.util.IdentityUtilTest" time="0.005"/>
  <testcase name="testGetServerURL" classname="org.wso2.carbon.identity.core.util.IdentityUtilTest" time="0.007"/>
  <testcase name="testGetServerURL" classname="org.wso2.carbon.identity.core.util.IdentityUtilTest" time="0.004"/>
  <testcase name="testGetServerURL" classname="org.wso2.carbon.identity.core.util.IdentityUtilTest" time="0.003"/>
  <testcase name="testGetServerURL" classname="org.wso2.carbon.identity.core.util.IdentityUtilTest" time="0.003"/>
  <testcase name="testGetServerURL" classname="org.wso2.carbon.identity.core.util.IdentityUtilTest" time="0.004"/>
  <testcase name="testGetServerURL" classname="org.wso2.carbon.identity.core.util.IdentityUtilTest" time="0.005"/>
  <testcase name="testGetServerURL" classname="org.wso2.carbon.identity.core.util.IdentityUtilTest" time="0.005"/>
  <testcase name="testGetServerURL" classname="org.wso2.carbon.identity.core.util.IdentityUtilTest" time="0.003"/>
  <testcase name="testGetServerURL" classname="org.wso2.carbon.identity.core.util.IdentityUtilTest" time="0.003"/>
  <testcase name="testGetServerURL" classname="org.wso2.carbon.identity.core.util.IdentityUtilTest" time="0.003"/>
  <testcase name="testGetServerURL" classname="org.wso2.carbon.identity.core.util.IdentityUtilTest" time="0.003"/>
  <testcase name="testGetServerURL" classname="org.wso2.carbon.identity.core.util.IdentityUtilTest" time="0.003"/>
  <testcase name="testGetServicePath" classname="org.wso2.carbon.identity.core.util.IdentityUtilTest" time="0.002"/>
  <testcase name="testIsBlank" classname="org.wso2.carbon.identity.core.util.IdentityUtilTest" time="0.003"/>
  <testcase name="testIsBlank" classname="org.wso2.carbon.identity.core.util.IdentityUtilTest" time="0.001"/>
  <testcase name="testIsBlank" classname="org.wso2.carbon.identity.core.util.IdentityUtilTest" time="0.002"/>
  <testcase name="testIsBlank" classname="org.wso2.carbon.identity.core.util.IdentityUtilTest" time="0.001"/>
  <testcase name="testIsBlank" classname="org.wso2.carbon.identity.core.util.IdentityUtilTest" time="0.001"/>
  <testcase name="testIsNotBlank" classname="org.wso2.carbon.identity.core.util.IdentityUtilTest" time="0.001"/>
  <testcase name="testIsNotBlank" classname="org.wso2.carbon.identity.core.util.IdentityUtilTest" time="0.001"/>
  <testcase name="testIsNotBlank" classname="org.wso2.carbon.identity.core.util.IdentityUtilTest" time="0.001"/>
  <testcase name="testIsNotBlank" classname="org.wso2.carbon.identity.core.util.IdentityUtilTest" time="0.001"/>
  <testcase name="testIsNotBlank" classname="org.wso2.carbon.identity.core.util.IdentityUtilTest" time="0.001"/>
  <testcase name="testIsValidFileName" classname="org.wso2.carbon.identity.core.util.IdentityUtilTest" time="0.003"/>
  <testcase name="testIsValidFileName" classname="org.wso2.carbon.identity.core.util.IdentityUtilTest" time="0.015"/>
  <testcase name="testIsValidFileName" classname="org.wso2.carbon.identity.core.util.IdentityUtilTest" time="0.002"/>
  <testcase name="testIsValidFileName" classname="org.wso2.carbon.identity.core.util.IdentityUtilTest" time="0.003"/>
  <testcase name="testIsValidFileName" classname="org.wso2.carbon.identity.core.util.IdentityUtilTest" time="0.002"/>
  <testcase name="testIsValidFileName" classname="org.wso2.carbon.identity.core.util.IdentityUtilTest" time="0.003"/>
  <testcase name="testIsValidFileName" classname="org.wso2.carbon.identity.core.util.IdentityUtilTest" time="0.008"/>
  <testcase name="testIsValidFileName" classname="org.wso2.carbon.identity.core.util.IdentityUtilTest" time="0.001"/>
  <testcase name="testIsValidFileName" classname="org.wso2.carbon.identity.core.util.IdentityUtilTest" time="0.002"/>
  <testcase name="testIsValidFileName" classname="org.wso2.carbon.identity.core.util.IdentityUtilTest" time="0.01"/>
  <testcase name="testNodeToString" classname="org.wso2.carbon.identity.core.util.IdentityUtilTest" time="0.146"/>
  <testcase name="testPopulateProperties" classname="org.wso2.carbon.identity.core.util.IdentityUtilTest" time="0.006"/>
  <testcase name="testUnmarshall" classname="org.wso2.carbon.identity.core.util.IdentityUtilTest" time="7.304"/>
  <testcase name="testGetPrimaryDomainName" classname="org.wso2.carbon.identity.core.util.IdentityUtilTest" time="0"/>
  <testcase name="testIsUserStoreCaseSensitive" classname="org.wso2.carbon.identity.core.util.IdentityUtilTest" time="0.031"/>
  <testcase name="testIsUserStoreCaseSensitiveWhenNull" classname="org.wso2.carbon.identity.core.util.IdentityUtilTest" time="0"/>
  <testcase name="testIsUserStoreInUsernameCaseSensitiveNegative" classname="org.wso2.carbon.identity.core.util.IdentityUtilTest" time="0.001"/>
  <testcase name="testGetInstance" classname="org.wso2.carbon.identity.core.util.IdentityConfigParserTest" time="0.337"/>
  <testcase name="testGetConfigElement" classname="org.wso2.carbon.identity.core.util.IdentityConfigParserTest" time="0"/>
  <testcase name="testGetConfigElement" classname="org.wso2.carbon.identity.core.util.IdentityConfigParserTest" time="0"/>
  <testcase name="testGetConfigElementNegative" classname="org.wso2.carbon.identity.core.util.IdentityConfigParserTest" time="0"/>
  <testcase name="testGetConfiguration" classname="org.wso2.carbon.identity.core.util.IdentityConfigParserTest" time="0"/>
  <testcase name="testGetEventListenerConfiguration" classname="org.wso2.carbon.identity.core.util.IdentityConfigParserTest" time="0"/>
  <testcase name="testGetIdentityCacheConfigurationHolder" classname="org.wso2.carbon.identity.core.util.IdentityConfigParserTest" time="0.003"/>
  <testcase name="testGetIdentityCookieConfigurationHolder" classname="org.wso2.carbon.identity.core.util.IdentityConfigParserTest" time="0.001"/>
  <testcase name="testGetQNameWithIdentityNS" classname="org.wso2.carbon.identity.core.util.IdentityConfigParserTest" time="0"/>
  <testcase name="testAddExistingServiceProvider" classname="org.wso2.carbon.identity.core.dao.SAMLSSOServiceProviderDAOTest" time="0.056"/>
  <testcase name="testAddServiceProvider" classname="org.wso2.carbon.identity.core.dao.SAMLSSOServiceProviderDAOTest" time="0.062"/>
  <testcase name="testAddServiceProvider" classname="org.wso2.carbon.identity.core.dao.SAMLSSOServiceProviderDAOTest" time="0.003"/>
  <testcase name="testAddServiceProviderRegistryError" classname="org.wso2.carbon.identity.core.dao.SAMLSSOServiceProviderDAOTest" time="0.015"/>
  <testcase name="testGetServiceProvider" classname="org.wso2.carbon.identity.core.dao.SAMLSSOServiceProviderDAOTest" time="0.08"/>
  <testcase name="testGetServiceProviders" classname="org.wso2.carbon.identity.core.dao.SAMLSSOServiceProviderDAOTest" time="0.025"/>
  <testcase name="testIsServiceProviderExists" classname="org.wso2.carbon.identity.core.dao.SAMLSSOServiceProviderDAOTest" time="0.002"/>
  <testcase name="testNonExistingSPIsServiceProviderExists" classname="org.wso2.carbon.identity.core.dao.SAMLSSOServiceProviderDAOTest" time="0.001"/>
  <testcase name="testRemoveEmptyServiceProvider" classname="org.wso2.carbon.identity.core.dao.SAMLSSOServiceProviderDAOTest" time="0"/>
  <testcase name="testRemoveNonExistingServiceProvider" classname="org.wso2.carbon.identity.core.dao.SAMLSSOServiceProviderDAOTest" time="0.002"/>
  <testcase name="testRemoveServiceProvider" classname="org.wso2.carbon.identity.core.dao.SAMLSSOServiceProviderDAOTest" time="0.002"/>
  <testcase name="testResourceToObject" classname="org.wso2.carbon.identity.core.dao.SAMLSSOServiceProviderDAOTest" time="0.003"/>
  <testcase name="testResourceToObject" classname="org.wso2.carbon.identity.core.dao.SAMLSSOServiceProviderDAOTest" time="0"/>
  <testcase name="testUploadExistingServiceProvider" classname="org.wso2.carbon.identity.core.dao.SAMLSSOServiceProviderDAOTest" time="0.012"/>
  <testcase name="testUploadServiceProvider" classname="org.wso2.carbon.identity.core.dao.SAMLSSOServiceProviderDAOTest" time="0.005"/>
</testsuite>