<?xml version="1.0" encoding="UTF-8"?>
<!-- Generated by org.testng.reporters.JUnitReportReporter -->
<testsuite hostname="cyclone1" name="org.wso2.carbon.identity.claim.metadata.mgt.util.ClaimMetadataUtilsTest" tests="14" failures="0" timestamp="4 Jun 2018 12:29:39 GMT" time="0.021" errors="0">
  <testcase name="testConvertClaimDialectDTOToClaimDialect" time="0.012" classname="org.wso2.carbon.identity.claim.metadata.mgt.util.ClaimMetadataUtilsTest"/>
  <testcase name="testConvertLocalClaimToClaimMapping" time="0.000" classname="org.wso2.carbon.identity.claim.metadata.mgt.util.ClaimMetadataUtilsTest"/>
  <testcase name="testConvertClaimDialectsToClaimDialectDTOs" time="0.000" classname="org.wso2.carbon.identity.claim.metadata.mgt.util.ClaimMetadataUtilsTest"/>
  <testcase name="testConvertClaimDialectToClaimDialectDTO" time="0.000" classname="org.wso2.carbon.identity.claim.metadata.mgt.util.ClaimMetadataUtilsTest"/>
  <testcase name="testConvertExternalClaimToExternalClaimDTO" time="0.001" classname="org.wso2.carbon.identity.claim.metadata.mgt.util.ClaimMetadataUtilsTest"/>
  <testcase name="testConvertExternalClaimsToExternalClaimDTOs" time="0.000" classname="org.wso2.carbon.identity.claim.metadata.mgt.util.ClaimMetadataUtilsTest"/>
  <testcase name="testConvertExternalClaimDTOToExternalClaim" time="0.000" classname="org.wso2.carbon.identity.claim.metadata.mgt.util.ClaimMetadataUtilsTest"/>
  <testcase name="testConvertLocalClaimToLocalClaimDTO" time="0.002" classname="org.wso2.carbon.identity.claim.metadata.mgt.util.ClaimMetadataUtilsTest"/>
  <testcase name="testConvertLocalClaimToClaimMapping" time="0.000" classname="org.wso2.carbon.identity.claim.metadata.mgt.util.ClaimMetadataUtilsTest"/>
  <testcase name="testConvertExternalClaimToClaimMapping" time="0.004" classname="org.wso2.carbon.identity.claim.metadata.mgt.util.ClaimMetadataUtilsTest"/>
  <testcase name="testConvertLocalClaimToClaimMapping" time="0.001" classname="org.wso2.carbon.identity.claim.metadata.mgt.util.ClaimMetadataUtilsTest"/>
  <testcase name="testConvertLocalClaimsToLocalClaimDTOs" time="0.001" classname="org.wso2.carbon.identity.claim.metadata.mgt.util.ClaimMetadataUtilsTest"/>
  <testcase name="testConvertLocalClaimDTOToLocalClaim" time="0.000" classname="org.wso2.carbon.identity.claim.metadata.mgt.util.ClaimMetadataUtilsTest"/>
  <testcase name="testConvertLocalClaimToClaimMapping" time="0.000" classname="org.wso2.carbon.identity.claim.metadata.mgt.util.ClaimMetadataUtilsTest"/>
</testsuite> <!-- org.wso2.carbon.identity.claim.metadata.mgt.util.ClaimMetadataUtilsTest -->
