<?xml version="1.0" encoding="UTF-8"?>
<!-- Generated by org.testng.reporters.JUnitReportReporter -->
<testsuite hostname="cyclone1" name="org.wso2.carbon.identity.application.authentication.framework.handler.sequence.impl.GraphBasedSequenceHandlerLongWaitTest" tests="1" failures="0" timestamp="4 Jun 2018 12:30:16 GMT" time="0.096" errors="0">
  <testcase name="testHandleLongWait" time="0.096" classname="org.wso2.carbon.identity.application.authentication.framework.handler.sequence.impl.GraphBasedSequenceHandlerLongWaitTest"/>
</testsuite> <!-- org.wso2.carbon.identity.application.authentication.framework.handler.sequence.impl.GraphBasedSequenceHandlerLongWaitTest -->
