<?xml version="1.0" encoding="UTF-8"?>
<!-- Generated by org.testng.reporters.JUnitReportReporter -->
<testsuite hostname="cyclone1" name="org.wso2.carbon.identity.application.authentication.framework.inbound.HttpIdentityResponseFactoryTest" tests="9" failures="0" timestamp="4 Jun 2018 12:30:16 GMT" time="0.880" errors="0">
  <testcase name="testHandleException" time="0.028" classname="org.wso2.carbon.identity.application.authentication.framework.inbound.HttpIdentityResponseFactoryTest"/>
  <testcase name="testCanHandle2" time="0.010" classname="org.wso2.carbon.identity.application.authentication.framework.inbound.HttpIdentityResponseFactoryTest"/>
  <testcase name="testInit" time="0.109" classname="org.wso2.carbon.identity.application.authentication.framework.inbound.HttpIdentityResponseFactoryTest"/>
  <testcase name="testCanHandle" time="0.076" classname="org.wso2.carbon.identity.application.authentication.framework.inbound.HttpIdentityResponseFactoryTest"/>
  <testcase name="testInitWithDuplicateEventListenerProperties" time="0.563" classname="org.wso2.carbon.identity.application.authentication.framework.inbound.HttpIdentityResponseFactoryTest"/>
  <testcase name="testCanHandleFrameworkException" time="0.028" classname="org.wso2.carbon.identity.application.authentication.framework.inbound.HttpIdentityResponseFactoryTest"/>
  <testcase name="testHandleException1" time="0.019" classname="org.wso2.carbon.identity.application.authentication.framework.inbound.HttpIdentityResponseFactoryTest"/>
  <testcase name="testInitWithDuplicateEventListenerProperties" time="0.028" classname="org.wso2.carbon.identity.application.authentication.framework.inbound.HttpIdentityResponseFactoryTest"/>
  <testcase name="testInitWithDuplicateEventListenerProperties" time="0.019" classname="org.wso2.carbon.identity.application.authentication.framework.inbound.HttpIdentityResponseFactoryTest"/>
</testsuite> <!-- org.wso2.carbon.identity.application.authentication.framework.inbound.HttpIdentityResponseFactoryTest -->
