<?xml version="1.0" encoding="UTF-8"?>
<!-- Generated by org.testng.reporters.JUnitReportReporter -->
<testsuite hostname="cyclone1" name="org.wso2.carbon.identity.application.authentication.framework.handler.provisioning.impl.DefaultProvisioningHandlerTest" tests="7" failures="0" timestamp="4 Jun 2018 12:30:16 GMT" time="1.931" errors="0">
  <testcase name="testAssociateUserEmptyInputs" time="0.219" classname="org.wso2.carbon.identity.application.authentication.framework.handler.provisioning.impl.DefaultProvisioningHandlerTest"/>
  <testcase name="testGetInstance" time="0.006" classname="org.wso2.carbon.identity.application.authentication.framework.handler.provisioning.impl.DefaultProvisioningHandlerTest"/>
  <testcase name="testGeneratePassword" time="0.005" classname="org.wso2.carbon.identity.application.authentication.framework.handler.provisioning.impl.DefaultProvisioningHandlerTest"/>
  <testcase name="testAssociateUserEmptyInputs" time="0.026" classname="org.wso2.carbon.identity.application.authentication.framework.handler.provisioning.impl.DefaultProvisioningHandlerTest"/>
  <testcase name="testHandle" time="0.009" classname="org.wso2.carbon.identity.application.authentication.framework.handler.provisioning.impl.DefaultProvisioningHandlerTest"/>
  <testcase name="testAssociateUserEmptyInputs" time="1.214" classname="org.wso2.carbon.identity.application.authentication.framework.handler.provisioning.impl.DefaultProvisioningHandlerTest"/>
  <testcase name="testAssociateUserEmptyInputs" time="0.452" classname="org.wso2.carbon.identity.application.authentication.framework.handler.provisioning.impl.DefaultProvisioningHandlerTest"/>
</testsuite> <!-- org.wso2.carbon.identity.application.authentication.framework.handler.provisioning.impl.DefaultProvisioningHandlerTest -->
