<?xml version="1.0" encoding="UTF-8"?>
<!-- Generated by org.testng.reporters.JUnitReportReporter -->
<testsuite hostname="cyclone1" name="org.wso2.carbon.identity.application.authentication.framework.config.model.graph.js.JsAuthenticationContextTest" tests="5" failures="0" timestamp="4 Jun 2018 12:30:16 GMT" time="0.038" errors="0">
  <testcase name="testGetLastLoginFailedUserFromWrappedContext" time="0.013" classname="org.wso2.carbon.identity.application.authentication.framework.config.model.graph.js.JsAuthenticationContextTest"/>
  <testcase name="testGetLastLoginFailedUserNullFromWrappedContext" time="0.000" classname="org.wso2.carbon.identity.application.authentication.framework.config.model.graph.js.JsAuthenticationContextTest"/>
  <testcase name="testGetServiceProviderFromWrappedContext" time="0.003" classname="org.wso2.carbon.identity.application.authentication.framework.config.model.graph.js.JsAuthenticationContextTest"/>
  <testcase name="testRemoteAddition" time="0.004" classname="org.wso2.carbon.identity.application.authentication.framework.config.model.graph.js.JsAuthenticationContextTest"/>
  <testcase name="testClaimAssignment" time="0.018" classname="org.wso2.carbon.identity.application.authentication.framework.config.model.graph.js.JsAuthenticationContextTest"/>
</testsuite> <!-- org.wso2.carbon.identity.application.authentication.framework.config.model.graph.js.JsAuthenticationContextTest -->
