<?xml version="1.0" encoding="UTF-8"?>
<!-- Generated by org.testng.reporters.JUnitReportReporter -->
<testsuite hostname="cyclone1" name="org.wso2.carbon.identity.application.authentication.framework.handler.hrd.impl.DefaultHomeRealmDiscovererTest" tests="2" failures="0" timestamp="4 Jun 2018 12:30:16 GMT" time="0.006" errors="0">
  <testcase name="testGetInstance" time="0.001" classname="org.wso2.carbon.identity.application.authentication.framework.handler.hrd.impl.DefaultHomeRealmDiscovererTest"/>
  <testcase name="testDiscover" time="0.005" classname="org.wso2.carbon.identity.application.authentication.framework.handler.hrd.impl.DefaultHomeRealmDiscovererTest"/>
</testsuite> <!-- org.wso2.carbon.identity.application.authentication.framework.handler.hrd.impl.DefaultHomeRealmDiscovererTest -->
