<?xml version="1.0" encoding="UTF-8"?>
<!-- Generated by org.testng.reporters.JUnitReportReporter -->
<testsuite hostname="cyclone1" name="org.wso2.carbon.identity.application.authentication.framework.handler.sequence.impl.GraphBasedSequenceHandlerAcrTest" tests="5" failures="0" timestamp="4 Jun 2018 12:30:16 GMT" time="1.764" errors="0">
  <testcase name="testHandleIncorrectJavascriptAcr" time="0.059" classname="org.wso2.carbon.identity.application.authentication.framework.handler.sequence.impl.GraphBasedSequenceHandlerAcrTest"/>
  <testcase name="testHandleStaticJavascriptAcr" time="0.047" classname="org.wso2.carbon.identity.application.authentication.framework.handler.sequence.impl.GraphBasedSequenceHandlerAcrTest"/>
  <testcase name="testHandleIncorrectFunctionJavascriptAcr" time="1.340" classname="org.wso2.carbon.identity.application.authentication.framework.handler.sequence.impl.GraphBasedSequenceHandlerAcrTest"/>
  <testcase name="testHandleStaticJavascriptAcr" time="0.042" classname="org.wso2.carbon.identity.application.authentication.framework.handler.sequence.impl.GraphBasedSequenceHandlerAcrTest"/>
  <testcase name="testHandleStaticJavascriptAcr" time="0.276" classname="org.wso2.carbon.identity.application.authentication.framework.handler.sequence.impl.GraphBasedSequenceHandlerAcrTest"/>
</testsuite> <!-- org.wso2.carbon.identity.application.authentication.framework.handler.sequence.impl.GraphBasedSequenceHandlerAcrTest -->
