<?xml version="1.0" encoding="UTF-8"?>
<!-- Generated by org.testng.reporters.JUnitReportReporter -->
<testsuite hostname="cyclone1" name="org.wso2.carbon.identity.application.authentication.framework.AbstractApplicationAuthenticatorTest" tests="14" failures="0" timestamp="4 Jun 2018 12:30:16 GMT" time="0.211" errors="0">
  <testcase name="testProcessLoginRequestCannotHandle" time="0.037" classname="org.wso2.carbon.identity.application.authentication.framework.AbstractApplicationAuthenticatorTest"/>
  <testcase name="testProcessLogoutRequestCanHandleLogout" time="0.002" classname="org.wso2.carbon.identity.application.authentication.framework.AbstractApplicationAuthenticatorTest"/>
  <testcase name="testGetUserStoreAppendedName" time="0.006" classname="org.wso2.carbon.identity.application.authentication.framework.AbstractApplicationAuthenticatorTest"/>
  <testcase name="testProcessLogoutRequestUnsupportedInitLogout" time="0.002" classname="org.wso2.carbon.identity.application.authentication.framework.AbstractApplicationAuthenticatorTest"/>
  <testcase name="testGetClaimDialectURI" time="0.067" classname="org.wso2.carbon.identity.application.authentication.framework.AbstractApplicationAuthenticatorTest"/>
  <testcase name="testGetUserStoreAppendedName" time="0.064" classname="org.wso2.carbon.identity.application.authentication.framework.AbstractApplicationAuthenticatorTest"/>
  <testcase name="testInitiateLogoutRequest" time="0.007" classname="org.wso2.carbon.identity.application.authentication.framework.AbstractApplicationAuthenticatorTest"/>
  <testcase name="testProcessLogoutResponse" time="0.002" classname="org.wso2.carbon.identity.application.authentication.framework.AbstractApplicationAuthenticatorTest"/>
  <testcase name="testProcessLoginRequestWhenRequestNotHandled" time="0.005" classname="org.wso2.carbon.identity.application.authentication.framework.AbstractApplicationAuthenticatorTest"/>
  <testcase name="testGetUserStoreAppendedName" time="0.006" classname="org.wso2.carbon.identity.application.authentication.framework.AbstractApplicationAuthenticatorTest"/>
  <testcase name="testProcessLogoutRequestCannotHandleLogout" time="0.002" classname="org.wso2.carbon.identity.application.authentication.framework.AbstractApplicationAuthenticatorTest"/>
  <testcase name="testRetryAuthenticationEnabled" time="0.002" classname="org.wso2.carbon.identity.application.authentication.framework.AbstractApplicationAuthenticatorTest"/>
  <testcase name="testProcessLogoutRequestUnsupportedProcessLogout" time="0.003" classname="org.wso2.carbon.identity.application.authentication.framework.AbstractApplicationAuthenticatorTest"/>
  <testcase name="testGetUserStoreAppendedName" time="0.006" classname="org.wso2.carbon.identity.application.authentication.framework.AbstractApplicationAuthenticatorTest"/>
</testsuite> <!-- org.wso2.carbon.identity.application.authentication.framework.AbstractApplicationAuthenticatorTest -->
