<?xml version="1.0" encoding="UTF-8"?>
<!-- Generated by org.testng.reporters.JUnitReportReporter -->
<testsuite hostname="cyclone1" name="org.wso2.carbon.identity.application.authentication.framework.config.model.graph.JsGraphBuilderTest" tests="3" failures="0" timestamp="4 Jun 2018 12:30:16 GMT" time="0.085" errors="0">
  <testcase name="testCreate_Javascript" time="0.021" classname="org.wso2.carbon.identity.application.authentication.framework.config.model.graph.JsGraphBuilderTest"/>
  <testcase name="testCreate_DirectJava_InvalidStepId" time="0.008" classname="org.wso2.carbon.identity.application.authentication.framework.config.model.graph.JsGraphBuilderTest"/>
  <testcase name="testCreate_DirectJava" time="0.056" classname="org.wso2.carbon.identity.application.authentication.framework.config.model.graph.JsGraphBuilderTest"/>
</testsuite> <!-- org.wso2.carbon.identity.application.authentication.framework.config.model.graph.JsGraphBuilderTest -->
