<?xml version="1.0" encoding="UTF-8"?>
<!-- Generated by org.testng.reporters.JUnitReportReporter -->
<testsuite hostname="cyclone1" name="org.wso2.carbon.identity.application.authentication.framework.handler.request.impl.DefaultAuthenticationRequestHandlerTest" tests="22" failures="0" timestamp="4 Jun 2018 12:30:16 GMT" time="2.167" errors="1">
  <testcase name="testSendResponseException" time="0.022" classname="org.wso2.carbon.identity.application.authentication.framework.handler.request.impl.DefaultAuthenticationRequestHandlerTest"/>
  <testcase name="testHandleSequenceStart" time="0.689" classname="org.wso2.carbon.identity.application.authentication.framework.handler.request.impl.DefaultAuthenticationRequestHandlerTest"/>
  <testcase name="testHandleSequenceStart" time="0.030" classname="org.wso2.carbon.identity.application.authentication.framework.handler.request.impl.DefaultAuthenticationRequestHandlerTest"/>
  <testcase name="testSendResponse" time="0.023" classname="org.wso2.carbon.identity.application.authentication.framework.handler.request.impl.DefaultAuthenticationRequestHandlerTest"/>
  <testcase name="testHandleDenyFromLoginPage" time="0.224" classname="org.wso2.carbon.identity.application.authentication.framework.handler.request.impl.DefaultAuthenticationRequestHandlerTest"/>
  <testcase name="testPopulateErrorInformation" time="0.089" classname="org.wso2.carbon.identity.application.authentication.framework.handler.request.impl.DefaultAuthenticationRequestHandlerTest"/>
  <testcase name="testHandleAuthorization" time="0.013" classname="org.wso2.carbon.identity.application.authentication.framework.handler.request.impl.DefaultAuthenticationRequestHandlerTest"/>
  <testcase name="testConcludeFlow" time="0.026" classname="org.wso2.carbon.identity.application.authentication.framework.handler.request.impl.DefaultAuthenticationRequestHandlerTest"/>
  <testcase name="testHandleSequenceStart" time="0.015" classname="org.wso2.carbon.identity.application.authentication.framework.handler.request.impl.DefaultAuthenticationRequestHandlerTest"/>
  <testcase name="testHandleRememberMeOptionFromLoginPage" time="0.054" classname="org.wso2.carbon.identity.application.authentication.framework.handler.request.impl.DefaultAuthenticationRequestHandlerTest"/>
  <testcase name="testPopulateErrorInformation" time="0.025" classname="org.wso2.carbon.identity.application.authentication.framework.handler.request.impl.DefaultAuthenticationRequestHandlerTest"/>
  <testcase name="testGetInstance" time="0.033" classname="org.wso2.carbon.identity.application.authentication.framework.handler.request.impl.DefaultAuthenticationRequestHandlerTest"/>
  <testcase name="testPostAuthenticationHandlers" time="0.159" classname="org.wso2.carbon.identity.application.authentication.framework.handler.request.impl.DefaultAuthenticationRequestHandlerTest">
    <error type="java.lang.NullPointerException">
      <![CDATA[java.lang.NullPointerException
	at org.wso2.carbon.identity.core.util.IdentityUtil.getServerURL(IdentityUtil.java:363)
	at org.wso2.carbon.idp.mgt.IdentityProviderManager.getResidentIdP(IdentityProviderManager.java:167)
	at org.wso2.carbon.idp.mgt.util.IdPManagementUtil.getIdleSessionTimeOut(IdPManagementUtil.java:83)
	at org.wso2.carbon.identity.application.authentication.framework.handler.request.impl.DefaultAuthenticationRequestHandler.concludeFlow(DefaultAuthenticationRequestHandler.java:429)
	at org.wso2.carbon.identity.application.authentication.framework.handler.request.impl.DefaultAuthenticationRequestHandler.handle(DefaultAuthenticationRequestHandler.java:138)
	at org.wso2.carbon.identity.application.authentication.framework.handler.request.impl.DefaultAuthenticationRequestHandlerTest.testPostAuthenticationHandlers(DefaultAuthenticationRequestHandlerTest.java:340)
	at org.wso2.carbon.identity.application.authentication.framework.handler.request.impl.DefaultAuthenticationRequestHandlerTest_$$_jvstf22_0._d22testPostAuthenticationHandlers(DefaultAuthenticationRequestHandlerTest_$$_jvstf22_0.java)
	at sun.reflect.NativeMethodAccessorImpl.invoke0(Native Method)
	at sun.reflect.NativeMethodAccessorImpl.invoke(NativeMethodAccessorImpl.java:62)
	at sun.reflect.DelegatingMethodAccessorImpl.invoke(DelegatingMethodAccessorImpl.java:43)
	at java.lang.reflect.Method.invoke(Method.java:498)
	at org.powermock.modules.testng.internal.PowerMockTestNGMethodHandler.invoke(PowerMockTestNGMethodHandler.java:50)
	at org.wso2.carbon.identity.application.authentication.framework.handler.request.impl.DefaultAuthenticationRequestHandlerTest_$$_jvstf22_0.testPostAuthenticationHandlers(DefaultAuthenticationRequestHandlerTest_$$_jvstf22_0.java)
	at sun.reflect.NativeMethodAccessorImpl.invoke0(Native Method)
	at sun.reflect.NativeMethodAccessorImpl.invoke(NativeMethodAccessorImpl.java:62)
	at sun.reflect.DelegatingMethodAccessorImpl.invoke(DelegatingMethodAccessorImpl.java:43)
	at java.lang.reflect.Method.invoke(Method.java:498)
	at org.testng.internal.MethodInvocationHelper.invokeMethod(MethodInvocationHelper.java:86)
	at org.testng.internal.Invoker.invokeMethod(Invoker.java:643)
	at org.testng.internal.Invoker.invokeTestMethod(Invoker.java:820)
	at org.testng.internal.Invoker.invokeTestMethods(Invoker.java:1128)
	at org.testng.internal.TestMethodWorker.invokeTestMethods(TestMethodWorker.java:129)
	at org.testng.internal.TestMethodWorker.run(TestMethodWorker.java:112)
	at org.testng.TestRunner.privateRun(TestRunner.java:782)
	at org.testng.TestRunner.run(TestRunner.java:632)
	at org.testng.SuiteRunner.runTest(SuiteRunner.java:366)
	at org.testng.SuiteRunner.runSequentially(SuiteRunner.java:361)
	at org.testng.SuiteRunner.privateRun(SuiteRunner.java:319)
	at org.testng.SuiteRunner.run(SuiteRunner.java:268)
	at org.testng.SuiteRunnerWorker.runSuite(SuiteRunnerWorker.java:52)
	at org.testng.SuiteRunnerWorker.run(SuiteRunnerWorker.java:86)
	at org.testng.TestNG.runSuitesSequentially(TestNG.java:1244)
	at org.testng.TestNG.runSuitesLocally(TestNG.java:1169)
	at org.testng.TestNG.run(TestNG.java:1064)
	at org.apache.maven.surefire.testng.TestNGExecutor.run(TestNGExecutor.java:295)
	at org.apache.maven.surefire.testng.TestNGXmlTestSuite.execute(TestNGXmlTestSuite.java:84)
	at org.apache.maven.surefire.testng.TestNGProvider.invoke(TestNGProvider.java:90)
	at org.apache.maven.surefire.booter.ForkedBooter.invokeProviderInSameClassLoader(ForkedBooter.java:203)
	at org.apache.maven.surefire.booter.ForkedBooter.runSuitesInProcess(ForkedBooter.java:155)
	at org.apache.maven.surefire.booter.ForkedBooter.main(ForkedBooter.java:103)
]]>
    </error>
  </testcase> <!-- testPostAuthenticationHandlers -->
  <testcase name="testSendResponse" time="0.026" classname="org.wso2.carbon.identity.application.authentication.framework.handler.request.impl.DefaultAuthenticationRequestHandlerTest"/>
  <testcase name="testHandleRememberMeOptionFromLoginPage" time="0.472" classname="org.wso2.carbon.identity.application.authentication.framework.handler.request.impl.DefaultAuthenticationRequestHandlerTest"/>
  <testcase name="testHandleRememberMeOptionFromLoginPage" time="0.049" classname="org.wso2.carbon.identity.application.authentication.framework.handler.request.impl.DefaultAuthenticationRequestHandlerTest"/>
  <testcase name="testSendResponse" time="0.051" classname="org.wso2.carbon.identity.application.authentication.framework.handler.request.impl.DefaultAuthenticationRequestHandlerTest"/>
  <testcase name="testPopulateErrorInformation" time="0.033" classname="org.wso2.carbon.identity.application.authentication.framework.handler.request.impl.DefaultAuthenticationRequestHandlerTest"/>
  <testcase name="testPopulateErrorInformation" time="0.025" classname="org.wso2.carbon.identity.application.authentication.framework.handler.request.impl.DefaultAuthenticationRequestHandlerTest"/>
  <testcase name="testSendResponse" time="0.020" classname="org.wso2.carbon.identity.application.authentication.framework.handler.request.impl.DefaultAuthenticationRequestHandlerTest"/>
  <testcase name="testPostAuthenticationHandlerFailures" time="0.053" classname="org.wso2.carbon.identity.application.authentication.framework.handler.request.impl.DefaultAuthenticationRequestHandlerTest"/>
  <testcase name="testPopulateErrorInformation" time="0.036" classname="org.wso2.carbon.identity.application.authentication.framework.handler.request.impl.DefaultAuthenticationRequestHandlerTest"/>
</testsuite> <!-- org.wso2.carbon.identity.application.authentication.framework.handler.request.impl.DefaultAuthenticationRequestHandlerTest -->
