<?xml version="1.0" encoding="UTF-8"?>
<!-- Generated by org.testng.reporters.JUnitReportReporter -->
<testsuite hostname="cyclone1" name="org.wso2.carbon.identity.application.authentication.framework.handler.sequence.impl.DefaultRequestPathBasedSequenceHandlerTest" tests="26" failures="0" timestamp="4 Jun 2018 12:30:16 GMT" time="0.567" errors="0">
  <testcase name="testHandleLogoutFailedException" time="0.003" classname="org.wso2.carbon.identity.application.authentication.framework.handler.sequence.impl.DefaultRequestPathBasedSequenceHandlerTest"/>
  <testcase name="testGetSpRoleClaimUriSpMappedClaim" time="0.010" classname="org.wso2.carbon.identity.application.authentication.framework.handler.sequence.impl.DefaultRequestPathBasedSequenceHandlerTest"/>
  <testcase name="testGetSpRoleClaimUri" time="0.010" classname="org.wso2.carbon.identity.application.authentication.framework.handler.sequence.impl.DefaultRequestPathBasedSequenceHandlerTest"/>
  <testcase name="testGetServiceProviderMappedUserRoles" time="0.019" classname="org.wso2.carbon.identity.application.authentication.framework.handler.sequence.impl.DefaultRequestPathBasedSequenceHandlerTest"/>
  <testcase name="testHandlePostAuthentication" time="0.021" classname="org.wso2.carbon.identity.application.authentication.framework.handler.sequence.impl.DefaultRequestPathBasedSequenceHandlerTest"/>
  <testcase name="testHandlePostAuthentication" time="0.077" classname="org.wso2.carbon.identity.application.authentication.framework.handler.sequence.impl.DefaultRequestPathBasedSequenceHandlerTest"/>
  <testcase name="testGetServiceProviderMappedUserRoles" time="0.018" classname="org.wso2.carbon.identity.application.authentication.framework.handler.sequence.impl.DefaultRequestPathBasedSequenceHandlerTest"/>
  <testcase name="testHandlePostAuthentication" time="0.021" classname="org.wso2.carbon.identity.application.authentication.framework.handler.sequence.impl.DefaultRequestPathBasedSequenceHandlerTest"/>
  <testcase name="testHandleInvalidCredentialException" time="0.004" classname="org.wso2.carbon.identity.application.authentication.framework.handler.sequence.impl.DefaultRequestPathBasedSequenceHandlerTest"/>
  <testcase name="testGetSpRoleClaimUriSpMappedClaim" time="0.009" classname="org.wso2.carbon.identity.application.authentication.framework.handler.sequence.impl.DefaultRequestPathBasedSequenceHandlerTest"/>
  <testcase name="testHandlePostAuthentication" time="0.018" classname="org.wso2.carbon.identity.application.authentication.framework.handler.sequence.impl.DefaultRequestPathBasedSequenceHandlerTest"/>
  <testcase name="testGetServiceProviderMappedUserRoles" time="0.020" classname="org.wso2.carbon.identity.application.authentication.framework.handler.sequence.impl.DefaultRequestPathBasedSequenceHandlerTest"/>
  <testcase name="testHandleAuthenticatorFailedException" time="0.016" classname="org.wso2.carbon.identity.application.authentication.framework.handler.sequence.impl.DefaultRequestPathBasedSequenceHandlerTest"/>
  <testcase name="testGetSpRoleClaimUriSpMappedClaim" time="0.010" classname="org.wso2.carbon.identity.application.authentication.framework.handler.sequence.impl.DefaultRequestPathBasedSequenceHandlerTest"/>
  <testcase name="testHandleClaimMappingsFailed" time="0.010" classname="org.wso2.carbon.identity.application.authentication.framework.handler.sequence.impl.DefaultRequestPathBasedSequenceHandlerTest"/>
  <testcase name="testGetSpRoleClaimUri" time="0.010" classname="org.wso2.carbon.identity.application.authentication.framework.handler.sequence.impl.DefaultRequestPathBasedSequenceHandlerTest"/>
  <testcase name="testHandleClaimMappings" time="0.011" classname="org.wso2.carbon.identity.application.authentication.framework.handler.sequence.impl.DefaultRequestPathBasedSequenceHandlerTest"/>
  <testcase name="testHandlePostAuthentication" time="0.017" classname="org.wso2.carbon.identity.application.authentication.framework.handler.sequence.impl.DefaultRequestPathBasedSequenceHandlerTest"/>
  <testcase name="testHandleClaimMappingsErrorFlow" time="0.010" classname="org.wso2.carbon.identity.application.authentication.framework.handler.sequence.impl.DefaultRequestPathBasedSequenceHandlerTest"/>
  <testcase name="testGetSpRoleClaimUriSpMappedClaim" time="0.010" classname="org.wso2.carbon.identity.application.authentication.framework.handler.sequence.impl.DefaultRequestPathBasedSequenceHandlerTest"/>
  <testcase name="testGetInstance" time="0.005" classname="org.wso2.carbon.identity.application.authentication.framework.handler.sequence.impl.DefaultRequestPathBasedSequenceHandlerTest"/>
  <testcase name="testHandleNoneCanHandle" time="0.002" classname="org.wso2.carbon.identity.application.authentication.framework.handler.sequence.impl.DefaultRequestPathBasedSequenceHandlerTest"/>
  <testcase name="testGetServiceProviderMappedUserRoles" time="0.125" classname="org.wso2.carbon.identity.application.authentication.framework.handler.sequence.impl.DefaultRequestPathBasedSequenceHandlerTest"/>
  <testcase name="testHandleAuthSuccess" time="0.070" classname="org.wso2.carbon.identity.application.authentication.framework.handler.sequence.impl.DefaultRequestPathBasedSequenceHandlerTest"/>
  <testcase name="testGetServiceProviderMappedUserRoles" time="0.020" classname="org.wso2.carbon.identity.application.authentication.framework.handler.sequence.impl.DefaultRequestPathBasedSequenceHandlerTest"/>
  <testcase name="testGetServiceProviderMappedUserRoles" time="0.021" classname="org.wso2.carbon.identity.application.authentication.framework.handler.sequence.impl.DefaultRequestPathBasedSequenceHandlerTest"/>
</testsuite> <!-- org.wso2.carbon.identity.application.authentication.framework.handler.sequence.impl.DefaultRequestPathBasedSequenceHandlerTest -->
