<?xml version="1.0" encoding="UTF-8"?>
<!-- Generated by org.testng.reporters.JUnitReportReporter -->
<testsuite hostname="cyclone1" name="org.wso2.carbon.identity.application.authentication.framework.handler.sequence.impl.GraphBasedSequenceHandlerCustomFunctionsTest" tests="5" failures="0" timestamp="4 Jun 2018 12:30:16 GMT" time="0.531" errors="0">
  <testcase name="testHandleDynamicBoolean" time="0.120" classname="org.wso2.carbon.identity.application.authentication.framework.handler.sequence.impl.GraphBasedSequenceHandlerCustomFunctionsTest"/>
  <testcase name="testHandleDynamicOnFail" time="0.080" classname="org.wso2.carbon.identity.application.authentication.framework.handler.sequence.impl.GraphBasedSequenceHandlerCustomFunctionsTest"/>
  <testcase name="testHandleDynamicJavascript1" time="0.095" classname="org.wso2.carbon.identity.application.authentication.framework.handler.sequence.impl.GraphBasedSequenceHandlerCustomFunctionsTest"/>
  <testcase name="testHandleDynamicJavascriptSerialization" time="0.150" classname="org.wso2.carbon.identity.application.authentication.framework.handler.sequence.impl.GraphBasedSequenceHandlerCustomFunctionsTest"/>
  <testcase name="testHandleDynamicOnFallback" time="0.086" classname="org.wso2.carbon.identity.application.authentication.framework.handler.sequence.impl.GraphBasedSequenceHandlerCustomFunctionsTest"/>
</testsuite> <!-- org.wso2.carbon.identity.application.authentication.framework.handler.sequence.impl.GraphBasedSequenceHandlerCustomFunctionsTest -->
