<?xml version="1.0" encoding="UTF-8"?>
<!-- Generated by org.testng.reporters.JUnitReportReporter -->
<testsuite hostname="cyclone1" name="org.wso2.carbon.identity.application.authentication.framework.services.PostAuthenticationMgtServiceTest" tests="5" failures="0" timestamp="4 Jun 2018 12:30:16 GMT" time="0.054" errors="0">
  <testcase name="testHandlePostAuthentication" time="0.009" classname="org.wso2.carbon.identity.application.authentication.framework.services.PostAuthenticationMgtServiceTest"/>
  <testcase name="testHandlePostAuthentication" time="0.005" classname="org.wso2.carbon.identity.application.authentication.framework.services.PostAuthenticationMgtServiceTest"/>
  <testcase name="testHandlePostAuthenticationExceptions" time="0.014" classname="org.wso2.carbon.identity.application.authentication.framework.services.PostAuthenticationMgtServiceTest"/>
  <testcase name="testHandlePostAuthenticationExceptions" time="0.008" classname="org.wso2.carbon.identity.application.authentication.framework.services.PostAuthenticationMgtServiceTest"/>
  <testcase name="testHandlePostAuthentication" time="0.018" classname="org.wso2.carbon.identity.application.authentication.framework.services.PostAuthenticationMgtServiceTest"/>
</testsuite> <!-- org.wso2.carbon.identity.application.authentication.framework.services.PostAuthenticationMgtServiceTest -->
