<?xml version="1.0" encoding="UTF-8"?>
<!-- Generated by org.testng.reporters.JUnitReportReporter -->
<testsuite hostname="cyclone1" name="org.wso2.carbon.identity.application.authentication.framework.ApplicationAuthenticationServiceTest" tests="7" failures="0" timestamp="4 Jun 2018 12:30:16 GMT" time="0.198" errors="0">
  <testcase name="testGetLocalAuthenticators" time="0.010" classname="org.wso2.carbon.identity.application.authentication.framework.ApplicationAuthenticationServiceTest"/>
  <testcase name="testGetFederatedAuthenticators" time="0.008" classname="org.wso2.carbon.identity.application.authentication.framework.ApplicationAuthenticationServiceTest"/>
  <testcase name="testGetAuthenticatorWithNonExistingName" time="0.014" classname="org.wso2.carbon.identity.application.authentication.framework.ApplicationAuthenticationServiceTest"/>
  <testcase name="testGetAllAuthenticators" time="0.124" classname="org.wso2.carbon.identity.application.authentication.framework.ApplicationAuthenticationServiceTest"/>
  <testcase name="testGetRequestPathAuthenticators" time="0.009" classname="org.wso2.carbon.identity.application.authentication.framework.ApplicationAuthenticationServiceTest"/>
  <testcase name="testGetAuthenticator" time="0.016" classname="org.wso2.carbon.identity.application.authentication.framework.ApplicationAuthenticationServiceTest"/>
  <testcase name="testGetAuthenticatorWithNullName" time="0.017" classname="org.wso2.carbon.identity.application.authentication.framework.ApplicationAuthenticationServiceTest"/>
</testsuite> <!-- org.wso2.carbon.identity.application.authentication.framework.ApplicationAuthenticationServiceTest -->
