<?xml version="1.0" encoding="UTF-8"?>
<!-- Generated by org.testng.reporters.JUnitReportReporter -->
<testsuite hostname="cyclone1" name="org.wso2.carbon.identity.application.authentication.framework.handler.sequence.impl.DefaultStepBasedSequenceHandlerTest" tests="52" failures="0" timestamp="4 Jun 2018 12:30:16 GMT" time="2.714" errors="0">
  <testcase name="testGetServiceProviderMappedUserRoles" time="0.051" classname="org.wso2.carbon.identity.application.authentication.framework.handler.sequence.impl.DefaultStepBasedSequenceHandlerTest"/>
  <testcase name="testGetIdentityProviderMappedUserRoles" time="0.049" classname="org.wso2.carbon.identity.application.authentication.framework.handler.sequence.impl.DefaultStepBasedSequenceHandlerTest"/>
  <testcase name="testGetIdpRoleClaimUri" time="0.029" classname="org.wso2.carbon.identity.application.authentication.framework.handler.sequence.impl.DefaultStepBasedSequenceHandlerTest"/>
  <testcase name="testHandlePostAuthenticationSubjectIdentifier" time="0.039" classname="org.wso2.carbon.identity.application.authentication.framework.handler.sequence.impl.DefaultStepBasedSequenceHandlerTest"/>
  <testcase name="testGetIdpRoleClaimUri" time="0.028" classname="org.wso2.carbon.identity.application.authentication.framework.handler.sequence.impl.DefaultStepBasedSequenceHandlerTest"/>
  <testcase name="testHandleClaimMappingsFailed" time="0.030" classname="org.wso2.carbon.identity.application.authentication.framework.handler.sequence.impl.DefaultStepBasedSequenceHandlerTest"/>
  <testcase name="testGetIdentityProviderMappedUserRoles" time="0.158" classname="org.wso2.carbon.identity.application.authentication.framework.handler.sequence.impl.DefaultStepBasedSequenceHandlerTest"/>
  <testcase name="testResetAuthenticationContext" time="0.462" classname="org.wso2.carbon.identity.application.authentication.framework.handler.sequence.impl.DefaultStepBasedSequenceHandlerTest"/>
  <testcase name="testHandlePostAuthenticationSubjectIdentifier" time="0.028" classname="org.wso2.carbon.identity.application.authentication.framework.handler.sequence.impl.DefaultStepBasedSequenceHandlerTest"/>
  <testcase name="testHandlePostAuthenticationSubjectIdentifier" time="0.023" classname="org.wso2.carbon.identity.application.authentication.framework.handler.sequence.impl.DefaultStepBasedSequenceHandlerTest"/>
  <testcase name="testGetSpRoleClaimUri" time="0.027" classname="org.wso2.carbon.identity.application.authentication.framework.handler.sequence.impl.DefaultStepBasedSequenceHandlerTest"/>
  <testcase name="testHandlePostAuthenticationSubjectIdentifier" time="0.049" classname="org.wso2.carbon.identity.application.authentication.framework.handler.sequence.impl.DefaultStepBasedSequenceHandlerTest"/>
  <testcase name="testGetIdentityProviderMappedUserRoles" time="0.032" classname="org.wso2.carbon.identity.application.authentication.framework.handler.sequence.impl.DefaultStepBasedSequenceHandlerTest"/>
  <testcase name="testGetIdentityProviderMappedUserRoles" time="0.031" classname="org.wso2.carbon.identity.application.authentication.framework.handler.sequence.impl.DefaultStepBasedSequenceHandlerTest"/>
  <testcase name="testGetSpRoleClaimUri" time="0.032" classname="org.wso2.carbon.identity.application.authentication.framework.handler.sequence.impl.DefaultStepBasedSequenceHandlerTest"/>
  <testcase name="testGetIdpRoleClaimUriFromClaimMappings" time="0.023" classname="org.wso2.carbon.identity.application.authentication.framework.handler.sequence.impl.DefaultStepBasedSequenceHandlerTest"/>
  <testcase name="testHandleLastStep" time="0.031" classname="org.wso2.carbon.identity.application.authentication.framework.handler.sequence.impl.DefaultStepBasedSequenceHandlerTest"/>
  <testcase name="testHandleJitProvisioningFailure" time="0.030" classname="org.wso2.carbon.identity.application.authentication.framework.handler.sequence.impl.DefaultStepBasedSequenceHandlerTest"/>
  <testcase name="testHandlePassiveAuthenticateWhenMultiOptionStep" time="0.024" classname="org.wso2.carbon.identity.application.authentication.framework.handler.sequence.impl.DefaultStepBasedSequenceHandlerTest"/>
  <testcase name="testHandlePostAuthenticationSubjectIdentifier" time="0.024" classname="org.wso2.carbon.identity.application.authentication.framework.handler.sequence.impl.DefaultStepBasedSequenceHandlerTest"/>
  <testcase name="testHandleSingleStepFinish" time="0.036" classname="org.wso2.carbon.identity.application.authentication.framework.handler.sequence.impl.DefaultStepBasedSequenceHandlerTest"/>
  <testcase name="testHandlePostAuthenticationSubjectIdentifier" time="0.021" classname="org.wso2.carbon.identity.application.authentication.framework.handler.sequence.impl.DefaultStepBasedSequenceHandlerTest"/>
  <testcase name="testGetIdentityProviderMappedUserRoles" time="0.035" classname="org.wso2.carbon.identity.application.authentication.framework.handler.sequence.impl.DefaultStepBasedSequenceHandlerTest"/>
  <testcase name="testGetIdpRoleClaimUriFromClaimMappings" time="0.022" classname="org.wso2.carbon.identity.application.authentication.framework.handler.sequence.impl.DefaultStepBasedSequenceHandlerTest"/>
  <testcase name="testGetIdpRoleClaimUri" time="0.045" classname="org.wso2.carbon.identity.application.authentication.framework.handler.sequence.impl.DefaultStepBasedSequenceHandlerTest"/>
  <testcase name="testHandleLastStep" time="0.026" classname="org.wso2.carbon.identity.application.authentication.framework.handler.sequence.impl.DefaultStepBasedSequenceHandlerTest"/>
  <testcase name="testHandleJitProvisioning" time="0.046" classname="org.wso2.carbon.identity.application.authentication.framework.handler.sequence.impl.DefaultStepBasedSequenceHandlerTest"/>
  <testcase name="testHandlePostAuthenticationSubjectIdentifier" time="0.029" classname="org.wso2.carbon.identity.application.authentication.framework.handler.sequence.impl.DefaultStepBasedSequenceHandlerTest"/>
  <testcase name="testGetSpRoleClaimUriSpMappedClaim" time="0.041" classname="org.wso2.carbon.identity.application.authentication.framework.handler.sequence.impl.DefaultStepBasedSequenceHandlerTest"/>
  <testcase name="testGetServiceProviderMappedUserRoles" time="0.032" classname="org.wso2.carbon.identity.application.authentication.framework.handler.sequence.impl.DefaultStepBasedSequenceHandlerTest"/>
  <testcase name="testGetIdpRoleClaimUriFromClaimMappings" time="0.026" classname="org.wso2.carbon.identity.application.authentication.framework.handler.sequence.impl.DefaultStepBasedSequenceHandlerTest"/>
  <testcase name="testHandleJitProvisioning" time="0.108" classname="org.wso2.carbon.identity.application.authentication.framework.handler.sequence.impl.DefaultStepBasedSequenceHandlerTest"/>
  <testcase name="testGetServiceProviderMappedUserRoles" time="0.028" classname="org.wso2.carbon.identity.application.authentication.framework.handler.sequence.impl.DefaultStepBasedSequenceHandlerTest"/>
  <testcase name="testGetServiceProviderMappedUserRoles" time="0.028" classname="org.wso2.carbon.identity.application.authentication.framework.handler.sequence.impl.DefaultStepBasedSequenceHandlerTest"/>
  <testcase name="testGetSpRoleClaimUri" time="0.027" classname="org.wso2.carbon.identity.application.authentication.framework.handler.sequence.impl.DefaultStepBasedSequenceHandlerTest"/>
  <testcase name="testHandlePostAuthenticationSubjectIdentifier" time="0.024" classname="org.wso2.carbon.identity.application.authentication.framework.handler.sequence.impl.DefaultStepBasedSequenceHandlerTest"/>
  <testcase name="testGetSpRoleClaimUriSpMappedClaim" time="0.031" classname="org.wso2.carbon.identity.application.authentication.framework.handler.sequence.impl.DefaultStepBasedSequenceHandlerTest"/>
  <testcase name="testHandlePostAuthenticationSubjectIdentifier" time="0.031" classname="org.wso2.carbon.identity.application.authentication.framework.handler.sequence.impl.DefaultStepBasedSequenceHandlerTest"/>
  <testcase name="testGetIdpRoleClaimUriFromClaimMappings" time="0.032" classname="org.wso2.carbon.identity.application.authentication.framework.handler.sequence.impl.DefaultStepBasedSequenceHandlerTest"/>
  <testcase name="testHandleMultiOptionStep" time="0.037" classname="org.wso2.carbon.identity.application.authentication.framework.handler.sequence.impl.DefaultStepBasedSequenceHandlerTest"/>
  <testcase name="testHandleJitProvisioning" time="0.029" classname="org.wso2.carbon.identity.application.authentication.framework.handler.sequence.impl.DefaultStepBasedSequenceHandlerTest"/>
  <testcase name="testHandleSingleStep" time="0.032" classname="org.wso2.carbon.identity.application.authentication.framework.handler.sequence.impl.DefaultStepBasedSequenceHandlerTest"/>
  <testcase name="testGetIdpRoleClaimUriFromClaimMappings" time="0.026" classname="org.wso2.carbon.identity.application.authentication.framework.handler.sequence.impl.DefaultStepBasedSequenceHandlerTest"/>
  <testcase name="testGetInstance" time="0.024" classname="org.wso2.carbon.identity.application.authentication.framework.handler.sequence.impl.DefaultStepBasedSequenceHandlerTest"/>
  <testcase name="testGetIdentityProviderMappedUserRoles" time="0.449" classname="org.wso2.carbon.identity.application.authentication.framework.handler.sequence.impl.DefaultStepBasedSequenceHandlerTest"/>
  <testcase name="testGetServiceProviderMappedUserRoles" time="0.056" classname="org.wso2.carbon.identity.application.authentication.framework.handler.sequence.impl.DefaultStepBasedSequenceHandlerTest"/>
  <testcase name="testHandlePostAuthenticationSubjectIdentifier" time="0.033" classname="org.wso2.carbon.identity.application.authentication.framework.handler.sequence.impl.DefaultStepBasedSequenceHandlerTest"/>
  <testcase name="testGetSpRoleClaimUriSpMappedClaim" time="0.028" classname="org.wso2.carbon.identity.application.authentication.framework.handler.sequence.impl.DefaultStepBasedSequenceHandlerTest"/>
  <testcase name="testGetSpRoleClaimUriSpMappedClaim" time="0.022" classname="org.wso2.carbon.identity.application.authentication.framework.handler.sequence.impl.DefaultStepBasedSequenceHandlerTest"/>
  <testcase name="testHandleClaimMappings" time="0.041" classname="org.wso2.carbon.identity.application.authentication.framework.handler.sequence.impl.DefaultStepBasedSequenceHandlerTest"/>
  <testcase name="testGetIdentityProviderMappedUserRoles" time="0.033" classname="org.wso2.carbon.identity.application.authentication.framework.handler.sequence.impl.DefaultStepBasedSequenceHandlerTest"/>
  <testcase name="testGetServiceProviderMappedUserRoles" time="0.036" classname="org.wso2.carbon.identity.application.authentication.framework.handler.sequence.impl.DefaultStepBasedSequenceHandlerTest"/>
</testsuite> <!-- org.wso2.carbon.identity.application.authentication.framework.handler.sequence.impl.DefaultStepBasedSequenceHandlerTest -->
