<?xml version="1.0" encoding="UTF-8"?>
<testsuite xmlns:xsi="http://www.w3.org/2001/XMLSchema-instance" xsi:schemaLocation="https://maven.apache.org/surefire/maven-surefire-plugin/xsd/surefire-test-report.xsd" name="org.eclipse.collections.impl.utility.IterateTest" time="0.687" tests="190" errors="0" skipped="0" failures="0">
  <properties>
    <property name="java.runtime.name" value="OpenJDK Runtime Environment"/>
    <property name="sun.boot.library.path" value="/usr/lib/jvm/java-8-openjdk-amd64/jre/lib/amd64"/>
    <property name="java.vm.version" value="25.121-b13"/>
    <property name="java.vm.vendor" value="Oracle Corporation"/>
    <property name="maven.multiModuleProjectDirectory" value="/root/workspace/eclipse/eclipse-collections/387130508"/>
    <property name="java.vendor.url" value="http://java.oracle.com/"/>
    <property name="path.separator" value=":"/>
    <property name="guice.disable.misplaced.annotation.check" value="true"/>
    <property name="skip.gulp" value="true"/>
    <property name="java.vm.name" value="OpenJDK 64-Bit Server VM"/>
    <property name="file.encoding.pkg" value="sun.io"/>
    <property name="sun.java.launcher" value="SUN_STANDARD"/>
    <property name="sun.os.patch.level" value="unknown"/>
    <property name="findbugs.skip" value="true"/>
    <property name="java.vm.specification.name" value="Java Virtual Machine Specification"/>
    <property name="user.dir" value="/root/workspace/eclipse/eclipse-collections/387130508"/>
    <property name="checkstyle.skip" value="true"/>
    <property name="java.runtime.version" value="1.8.0_121-8u121-b13-1~bpo8+1-b13"/>
    <property name="java.awt.graphicsenv" value="sun.awt.X11GraphicsEnvironment"/>
    <property name="skip.npm" value="true"/>
    <property name="java.endorsed.dirs" value="/usr/lib/jvm/java-8-openjdk-amd64/jre/lib/endorsed"/>
    <property name="os.arch" value="amd64"/>
    <property name="java.io.tmpdir" value="/tmp"/>
    <property name="gpg.skip" value="true"/>
    <property name="line.separator" value="&#10;"/>
    <property name="java.vm.specification.vendor" value="Oracle Corporation"/>
    <property name="cobertura.skip" value="true"/>
    <property name="p2.userAgent" value="tycho/1.0.0"/>
    <property name="os.name" value="Linux"/>
    <property name="classworlds.conf" value="/usr/share/maven/bin/m2.conf"/>
    <property name="sun.jnu.encoding" value="UTF-8"/>
    <property name="java.library.path" value="/usr/java/packages/lib/amd64:/usr/lib/x86_64-linux-gnu/jni:/lib/x86_64-linux-gnu:/usr/lib/x86_64-linux-gnu:/usr/lib/jni:/lib:/usr/lib"/>
    <property name="license.skip" value="true"/>
    <property name="java.specification.name" value="Java Platform API Specification"/>
    <property name="java.class.version" value="52.0"/>
    <property name="sun.management.compiler" value="HotSpot 64-Bit Tiered Compilers"/>
    <property name="skip.bower" value="true"/>
    <property name="maven.repo.local" value="/root/./workspace/eclipse/eclipse-collections/387130508/.m2"/>
    <property name="os.version" value="3.10.0-862.3.2.el7.x86_64"/>
    <property name="user.home" value="/root"/>
    <property name="user.timezone" value="Europe/Paris"/>
    <property name="java.awt.printerjob" value="sun.print.PSPrinterJob"/>
    <property name="java.specification.version" value="1.8"/>
    <property name="file.encoding" value="UTF-8"/>
    <property name="user.name" value="root"/>
    <property name="java.class.path" value="/usr/share/maven/boot/plexus-classworlds-2.5.2.jar"/>
    <property name="skipITs" value="true"/>
    <property name="java.vm.specification.version" value="1.8"/>
    <property name="sun.arch.data.model" value="64"/>
    <property name="java.home" value="/usr/lib/jvm/java-8-openjdk-amd64/jre"/>
    <property name="sun.java.command" value="org.codehaus.plexus.classworlds.launcher.Launcher -B -D enforcer.skip=true -D dependency-check.skip=true -D skipITs=true -D cobertura.skip=true -D maven.repo.local=/root/./workspace/eclipse/eclipse-collections/387130508/.m2 -D rat.skip=true -D findbugs.skip=true -D skip.bower=true -D gpg.skip=true -D checkstyle.skip=true -D skip.gulp=true -D license.skip=true -D skip.npm=true test"/>
    <property name="java.specification.vendor" value="Oracle Corporation"/>
    <property name="user.language" value="en"/>
    <property name="awt.toolkit" value="sun.awt.X11.XToolkit"/>
    <property name="dependency-check.skip" value="true"/>
    <property name="java.vm.info" value="mixed mode"/>
    <property name="java.version" value="1.8.0_121"/>
    <property name="java.ext.dirs" value="/usr/lib/jvm/java-8-openjdk-amd64/jre/lib/ext:/usr/java/packages/lib/ext"/>
    <property name="securerandom.source" value="file:/dev/./urandom"/>
    <property name="sun.boot.class.path" value="/usr/lib/jvm/java-8-openjdk-amd64/jre/lib/resources.jar:/usr/lib/jvm/java-8-openjdk-amd64/jre/lib/rt.jar:/usr/lib/jvm/java-8-openjdk-amd64/jre/lib/sunrsasign.jar:/usr/lib/jvm/java-8-openjdk-amd64/jre/lib/jsse.jar:/usr/lib/jvm/java-8-openjdk-amd64/jre/lib/jce.jar:/usr/lib/jvm/java-8-openjdk-amd64/jre/lib/charsets.jar:/usr/lib/jvm/java-8-openjdk-amd64/jre/lib/jfr.jar:/usr/lib/jvm/java-8-openjdk-amd64/jre/classes"/>
    <property name="java.vendor" value="Oracle Corporation"/>
    <property name="enforcer.skip" value="true"/>
    <property name="rat.skip" value="true"/>
    <property name="maven.home" value="/usr/share/maven"/>
    <property name="file.separator" value="/"/>
    <property name="java.vendor.url.bug" value="http://bugreport.sun.com/bugreport/"/>
    <property name="sun.cpu.endian" value="little"/>
    <property name="sun.io.unicode.encoding" value="UnicodeLittle"/>
    <property name="sun.font.fontmanager" value="sun.awt.X11FontManager"/>
    <property name="sun.cpu.isalist" value=""/>
  </properties>
  <testcase name="collectBooleanWithTarget" classname="org.eclipse.collections.impl.utility.IterateTest" time="0.022"/>
  <testcase name="fromToDoit" classname="org.eclipse.collections.impl.utility.IterateTest" time="0.001"/>
  <testcase name="flatCollectFromAttributes" classname="org.eclipse.collections.impl.utility.IterateTest" time="0.013"/>
  <testcase name="selectAndRejectWithSet" classname="org.eclipse.collections.impl.utility.IterateTest" time="0.002"/>
  <testcase name="count_empty" classname="org.eclipse.collections.impl.utility.IterateTest" time="0.001"/>
  <testcase name="injectIntoMinString" classname="org.eclipse.collections.impl.utility.IterateTest" time="0.003"/>
  <testcase name="detectIndexWithWithTreeSet" classname="org.eclipse.collections.impl.utility.IterateTest" time="0.002"/>
  <testcase name="rejectTarget" classname="org.eclipse.collections.impl.utility.IterateTest" time="0.007"/>
  <testcase name="removeAllIterableFromEmptyTest" classname="org.eclipse.collections.impl.utility.IterateTest" time="0"/>
  <testcase name="allSatisfyWith" classname="org.eclipse.collections.impl.utility.IterateTest" time="0.001"/>
  <testcase name="toArray_NullParameter" classname="org.eclipse.collections.impl.utility.IterateTest" time="0.001"/>
  <testcase name="collectFloatWithTarget" classname="org.eclipse.collections.impl.utility.IterateTest" time="0.002"/>
  <testcase name="collectIntWithTarget" classname="org.eclipse.collections.impl.utility.IterateTest" time="0.002"/>
  <testcase name="collectDouble" classname="org.eclipse.collections.impl.utility.IterateTest" time="0.003"/>
  <testcase name="removeIfWithLinkedList" classname="org.eclipse.collections.impl.utility.IterateTest" time="0.006"/>
  <testcase name="partition" classname="org.eclipse.collections.impl.utility.IterateTest" time="0.006"/>
  <testcase name="sumByInt" classname="org.eclipse.collections.impl.utility.IterateTest" time="0.005"/>
  <testcase name="sumOfInt" classname="org.eclipse.collections.impl.utility.IterateTest" time="0.002"/>
  <testcase name="maxByThrowsOnNull" classname="org.eclipse.collections.impl.utility.IterateTest" time="0.001"/>
  <testcase name="noneSatisfyWithSet" classname="org.eclipse.collections.impl.utility.IterateTest" time="0.003"/>
  <testcase name="collectInt" classname="org.eclipse.collections.impl.utility.IterateTest" time="0.003"/>
  <testcase name="take_negative_throws" classname="org.eclipse.collections.impl.utility.IterateTest" time="0"/>
  <testcase name="partitionWith" classname="org.eclipse.collections.impl.utility.IterateTest" time="0.003"/>
  <testcase name="getFirstAndLastOnEmptyForSet" classname="org.eclipse.collections.impl.utility.IterateTest" time="0.001"/>
  <testcase name="selectWith" classname="org.eclipse.collections.impl.utility.IterateTest" time="0.002"/>
  <testcase name="injectIntoFloat" classname="org.eclipse.collections.impl.utility.IterateTest" time="0.002"/>
  <testcase name="injectIntoWithHashSet" classname="org.eclipse.collections.impl.utility.IterateTest" time="0.002"/>
  <testcase name="injectInto2" classname="org.eclipse.collections.impl.utility.IterateTest" time="0"/>
  <testcase name="rejectTargetCollection" classname="org.eclipse.collections.impl.utility.IterateTest" time="0.001"/>
  <testcase name="collectTarget" classname="org.eclipse.collections.impl.utility.IterateTest" time="0.004"/>
  <testcase name="removeIfWithFastList" classname="org.eclipse.collections.impl.utility.IterateTest" time="0.001"/>
  <testcase name="toSortedListWithComparator" classname="org.eclipse.collections.impl.utility.IterateTest" time="0"/>
  <testcase name="detect" classname="org.eclipse.collections.impl.utility.IterateTest" time="0.002"/>
  <testcase name="drop_null_throws" classname="org.eclipse.collections.impl.utility.IterateTest" time="0"/>
  <testcase name="getFirstAndLastCollection" classname="org.eclipse.collections.impl.utility.IterateTest" time="0.013"/>
  <testcase name="addAllTo" classname="org.eclipse.collections.impl.utility.IterateTest" time="0"/>
  <testcase name="addToMap" classname="org.eclipse.collections.impl.utility.IterateTest" time="0.005"/>
  <testcase name="groupByAndCollect" classname="org.eclipse.collections.impl.utility.IterateTest" time="0.036"/>
  <testcase name="toArray" classname="org.eclipse.collections.impl.utility.IterateTest" time="0.001"/>
  <testcase name="detectWithRandomAccess" classname="org.eclipse.collections.impl.utility.IterateTest" time="0.001"/>
  <testcase name="removeIfNone" classname="org.eclipse.collections.impl.utility.IterateTest" time="0"/>
  <testcase name="removeIfWith" classname="org.eclipse.collections.impl.utility.IterateTest" time="0.001"/>
  <testcase name="anySatisfyWithSet" classname="org.eclipse.collections.impl.utility.IterateTest" time="0.001"/>
  <testcase name="sumOfFloat" classname="org.eclipse.collections.impl.utility.IterateTest" time="0.002"/>
  <testcase name="rejectWithDifferentTargetCollection" classname="org.eclipse.collections.impl.utility.IterateTest" time="0"/>
  <testcase name="allSatisfy" classname="org.eclipse.collections.impl.utility.IterateTest" time="0.001"/>
  <testcase name="flatCollectFromAttributesWithTarget_NullParameter" classname="org.eclipse.collections.impl.utility.IterateTest" time="0.001"/>
  <testcase name="toArray_with_array" classname="org.eclipse.collections.impl.utility.IterateTest" time="0.001"/>
  <testcase name="groupByWithTarget" classname="org.eclipse.collections.impl.utility.IterateTest" time="0.001"/>
  <testcase name="reject" classname="org.eclipse.collections.impl.utility.IterateTest" time="0.001"/>
  <testcase name="select" classname="org.eclipse.collections.impl.utility.IterateTest" time="0.002"/>
  <testcase name="sizeOf" classname="org.eclipse.collections.impl.utility.IterateTest" time="0"/>
  <testcase name="removeAllIterableFromEmptyTargetListTest" classname="org.eclipse.collections.impl.utility.IterateTest" time="0"/>
  <testcase name="toList" classname="org.eclipse.collections.impl.utility.IterateTest" time="0"/>
  <testcase name="anySatisfyWith" classname="org.eclipse.collections.impl.utility.IterateTest" time="0.001"/>
  <testcase name="getFirst_null_throws" classname="org.eclipse.collections.impl.utility.IterateTest" time="0"/>
  <testcase name="groupByEachWithTarget" classname="org.eclipse.collections.impl.utility.IterateTest" time="0.003"/>
  <testcase name="sortThisBy" classname="org.eclipse.collections.impl.utility.IterateTest" time="0.003"/>
  <testcase name="removeAllIterableFromNoElementRemovedTest" classname="org.eclipse.collections.impl.utility.IterateTest" time="0.001"/>
  <testcase name="sumByBigDecimal" classname="org.eclipse.collections.impl.utility.IterateTest" time="0.008"/>
  <testcase name="flatCollectOneLevel" classname="org.eclipse.collections.impl.utility.IterateTest" time="0"/>
  <testcase name="forEach" classname="org.eclipse.collections.impl.utility.IterateTest" time="0.003"/>
  <testcase name="rejectWith" classname="org.eclipse.collections.impl.utility.IterateTest" time="0.002"/>
  <testcase name="rejectWithOnRandomAccessTargetCollection" classname="org.eclipse.collections.impl.utility.IterateTest" time="0"/>
  <testcase name="injectIntoLong" classname="org.eclipse.collections.impl.utility.IterateTest" time="0.002"/>
  <testcase name="injectIntoWith" classname="org.eclipse.collections.impl.utility.IterateTest" time="0"/>
  <testcase name="getOnlySingleton" classname="org.eclipse.collections.impl.utility.IterateTest" time="0.003"/>
  <testcase name="contains" classname="org.eclipse.collections.impl.utility.IterateTest" time="0"/>
  <testcase name="removeIfLinkedList" classname="org.eclipse.collections.impl.utility.IterateTest" time="0.001"/>
  <testcase name="selectInstancesOf" classname="org.eclipse.collections.impl.utility.IterateTest" time="0"/>
  <testcase name="detectIndexWith" classname="org.eclipse.collections.impl.utility.IterateTest" time="0.002"/>
  <testcase name="removeIfWithRandomAccess" classname="org.eclipse.collections.impl.utility.IterateTest" time="0"/>
  <testcase name="removeIf" classname="org.eclipse.collections.impl.utility.IterateTest" time="0.001"/>
  <testcase name="removeAllIterableFromEmptyListTest" classname="org.eclipse.collections.impl.utility.IterateTest" time="0"/>
  <testcase name="minByThrowsOnEmpty" classname="org.eclipse.collections.impl.utility.IterateTest" time="0.001"/>
  <testcase name="injectIntoIfProcedure" classname="org.eclipse.collections.impl.utility.IterateTest" time="0.003"/>
  <testcase name="classIsNonInstantiable" classname="org.eclipse.collections.impl.utility.IterateTest" time="0.001"/>
  <testcase name="count_null_null_throws" classname="org.eclipse.collections.impl.utility.IterateTest" time="0.001"/>
  <testcase name="injectIntoWithRandomAccess" classname="org.eclipse.collections.impl.utility.IterateTest" time="0"/>
  <testcase name="flatCollectFromAttributesWithTarget" classname="org.eclipse.collections.impl.utility.IterateTest" time="0"/>
  <testcase name="sumByDouble" classname="org.eclipse.collections.impl.utility.IterateTest" time="0.003"/>
  <testcase name="removeIfAll" classname="org.eclipse.collections.impl.utility.IterateTest" time="0.001"/>
  <testcase name="removeAllFromEmptyTest" classname="org.eclipse.collections.impl.utility.IterateTest" time="0"/>
  <testcase name="sumByBigInteger" classname="org.eclipse.collections.impl.utility.IterateTest" time="0.003"/>
  <testcase name="forEachWithSets" classname="org.eclipse.collections.impl.utility.IterateTest" time="0.001"/>
  <testcase name="rejectWithTarget" classname="org.eclipse.collections.impl.utility.IterateTest" time="0.001"/>
  <testcase name="collectByteWithTarget" classname="org.eclipse.collections.impl.utility.IterateTest" time="0.002"/>
  <testcase name="removeIfFromSet" classname="org.eclipse.collections.impl.utility.IterateTest" time="0"/>
  <testcase name="detectIndex" classname="org.eclipse.collections.impl.utility.IterateTest" time="0.002"/>
  <testcase name="collectCharWithTarget" classname="org.eclipse.collections.impl.utility.IterateTest" time="0.001"/>
  <testcase name="flatCollectOneLevel_target" classname="org.eclipse.collections.impl.utility.IterateTest" time="0"/>
  <testcase name="getOnly" classname="org.eclipse.collections.impl.utility.IterateTest" time="0"/>
  <testcase name="forEachWith" classname="org.eclipse.collections.impl.utility.IterateTest" time="0.001"/>
  <testcase name="rejectOnRandomAccessTargetCollection" classname="org.eclipse.collections.impl.utility.IterateTest" time="0"/>
  <testcase name="getOnlyMultiple" classname="org.eclipse.collections.impl.utility.IterateTest" time="0.005"/>
  <testcase name="toMapSelectingKeyAndValue" classname="org.eclipse.collections.impl.utility.IterateTest" time="0.002"/>
  <testcase name="zip" classname="org.eclipse.collections.impl.utility.IterateTest" time="0.004"/>
  <testcase name="drop" classname="org.eclipse.collections.impl.utility.IterateTest" time="0.002"/>
  <testcase name="take" classname="org.eclipse.collections.impl.utility.IterateTest" time="0.002"/>
  <testcase name="collectBoolean" classname="org.eclipse.collections.impl.utility.IterateTest" time="0.003"/>
  <testcase name="chunk" classname="org.eclipse.collections.impl.utility.IterateTest" time="0"/>
  <testcase name="count" classname="org.eclipse.collections.impl.utility.IterateTest" time="0.001"/>
  <testcase name="maxBy" classname="org.eclipse.collections.impl.utility.IterateTest" time="0.001"/>
  <testcase name="minBy" classname="org.eclipse.collections.impl.utility.IterateTest" time="0"/>
  <testcase name="toMap" classname="org.eclipse.collections.impl.utility.IterateTest" time="0.001"/>
  <testcase name="take_null_throws" classname="org.eclipse.collections.impl.utility.IterateTest" time="0"/>
  <testcase name="selectPairs" classname="org.eclipse.collections.impl.utility.IterateTest" time="0.002"/>
  <testcase name="injectIntoDouble" classname="org.eclipse.collections.impl.utility.IterateTest" time="0.003"/>
  <testcase name="makeString" classname="org.eclipse.collections.impl.utility.IterateTest" time="0.002"/>
  <testcase name="getOnlyEmpty" classname="org.eclipse.collections.impl.utility.IterateTest" time="0"/>
  <testcase name="groupByEach" classname="org.eclipse.collections.impl.utility.IterateTest" time="0.004"/>
  <testcase name="removeAllFrom" classname="org.eclipse.collections.impl.utility.IterateTest" time="0"/>
  <testcase name="groupBy" classname="org.eclipse.collections.impl.utility.IterateTest" time="0.002"/>
  <testcase name="sumByLong" classname="org.eclipse.collections.impl.utility.IterateTest" time="0.002"/>
  <testcase name="detectWithOptionalRandomAccess" classname="org.eclipse.collections.impl.utility.IterateTest" time="0.001"/>
  <testcase name="collectShortWithTarget" classname="org.eclipse.collections.impl.utility.IterateTest" time="0.002"/>
  <testcase name="reduceInPlaceCollector" classname="org.eclipse.collections.impl.utility.IterateTest" time="0.034"/>
  <testcase name="getFirstAndLastInterval" classname="org.eclipse.collections.impl.utility.IterateTest" time="0"/>
  <testcase name="removeAllIterableFrom" classname="org.eclipse.collections.impl.utility.IterateTest" time="0"/>
  <testcase name="forEachWithIndex" classname="org.eclipse.collections.impl.utility.IterateTest" time="0.003"/>
  <testcase name="minByThrowsOnNull" classname="org.eclipse.collections.impl.utility.IterateTest" time="0"/>
  <testcase name="aggregateByMutating" classname="org.eclipse.collections.impl.utility.IterateTest" time="0.003"/>
  <testcase name="collectDoubleWithTarget" classname="org.eclipse.collections.impl.utility.IterateTest" time="0.002"/>
  <testcase name="groupByUniqueKey_target" classname="org.eclipse.collections.impl.utility.IterateTest" time="0.001"/>
  <testcase name="detectWithOptionalSet" classname="org.eclipse.collections.impl.utility.IterateTest" time="0.002"/>
  <testcase name="toMultimap" classname="org.eclipse.collections.impl.utility.IterateTest" time="0.006"/>
  <testcase name="injectIntoString" classname="org.eclipse.collections.impl.utility.IterateTest" time="0.001"/>
  <testcase name="sumOfLong" classname="org.eclipse.collections.impl.utility.IterateTest" time="0.001"/>
  <testcase name="groupByUniqueKey_throws_for_null" classname="org.eclipse.collections.impl.utility.IterateTest" time="0.001"/>
  <testcase name="getFirstAndLast" classname="org.eclipse.collections.impl.utility.IterateTest" time="0"/>
  <testcase name="detectWithSet" classname="org.eclipse.collections.impl.utility.IterateTest" time="0.001"/>
  <testcase name="noneSatisfyWith" classname="org.eclipse.collections.impl.utility.IterateTest" time="0.001"/>
  <testcase name="removeAllFromNoElementRemovedTest" classname="org.eclipse.collections.impl.utility.IterateTest" time="0"/>
  <testcase name="selectDifferentTargetCollection" classname="org.eclipse.collections.impl.utility.IterateTest" time="0.001"/>
  <testcase name="sumOfBigDecimal" classname="org.eclipse.collections.impl.utility.IterateTest" time="0.001"/>
  <testcase name="maxByThrowsOnEmpty" classname="org.eclipse.collections.impl.utility.IterateTest" time="0.001"/>
  <testcase name="sumByFloat" classname="org.eclipse.collections.impl.utility.IterateTest" time="0.003"/>
  <testcase name="anySatisfy" classname="org.eclipse.collections.impl.utility.IterateTest" time="0.001"/>
  <testcase name="detectOptional" classname="org.eclipse.collections.impl.utility.IterateTest" time="0.001"/>
  <testcase name="reduceInPlace" classname="org.eclipse.collections.impl.utility.IterateTest" time="0.003"/>
  <testcase name="sortThisWithComparator" classname="org.eclipse.collections.impl.utility.IterateTest" time="0"/>
  <testcase name="collect" classname="org.eclipse.collections.impl.utility.IterateTest" time="0.003"/>
  <testcase name="collectIfTarget" classname="org.eclipse.collections.impl.utility.IterateTest" time="0.287"/>
  <testcase name="getFirstAndLastOnEmpty" classname="org.eclipse.collections.impl.utility.IterateTest" time="0"/>
  <testcase name="collect_sortedSetSource" classname="org.eclipse.collections.impl.utility.IterateTest" time="0"/>
  <testcase name="sortThisWithPredicate" classname="org.eclipse.collections.impl.utility.IterateTest" time="0"/>
  <testcase name="groupByUniqueKey" classname="org.eclipse.collections.impl.utility.IterateTest" time="0"/>
  <testcase name="sumOfDouble" classname="org.eclipse.collections.impl.utility.IterateTest" time="0"/>
  <testcase name="sumOfBigInteger" classname="org.eclipse.collections.impl.utility.IterateTest" time="0"/>
  <testcase name="zipWithIndex" classname="org.eclipse.collections.impl.utility.IterateTest" time="0.005"/>
  <testcase name="aggregateByImmutableResult" classname="org.eclipse.collections.impl.utility.IterateTest" time="0.004"/>
  <testcase name="getFirstAndLastTreeSet" classname="org.eclipse.collections.impl.utility.IterateTest" time="0"/>
  <testcase name="appendString" classname="org.eclipse.collections.impl.utility.IterateTest" time="0"/>
  <testcase name="collectWithWithTarget" classname="org.eclipse.collections.impl.utility.IterateTest" time="0.002"/>
  <testcase name="drop_negative_throws" classname="org.eclipse.collections.impl.utility.IterateTest" time="0"/>
  <testcase name="countWith" classname="org.eclipse.collections.impl.utility.IterateTest" time="0.001"/>
  <testcase name="injectIntoMaxString" classname="org.eclipse.collections.impl.utility.IterateTest" time="0.002"/>
  <testcase name="countWith_null_throws" classname="org.eclipse.collections.impl.utility.IterateTest" time="0"/>
  <testcase name="removeAllFromEmptyTargetListTest" classname="org.eclipse.collections.impl.utility.IterateTest" time="0.001"/>
  <testcase name="detectWithIfNone" classname="org.eclipse.collections.impl.utility.IterateTest" time="0.001"/>
  <testcase name="notEmpty" classname="org.eclipse.collections.impl.utility.IterateTest" time="0.004"/>
  <testcase name="groupByUniqueKey_target_throws_for_null" classname="org.eclipse.collections.impl.utility.IterateTest" time="0"/>
  <testcase name="removeAllFromEmptyListTest" classname="org.eclipse.collections.impl.utility.IterateTest" time="0.001"/>
  <testcase name="collectFloat" classname="org.eclipse.collections.impl.utility.IterateTest" time="0.001"/>
  <testcase name="detectIndexWithTreeSet" classname="org.eclipse.collections.impl.utility.IterateTest" time="0.001"/>
  <testcase name="collectShort" classname="org.eclipse.collections.impl.utility.IterateTest" time="0.002"/>
  <testcase name="sortThis" classname="org.eclipse.collections.impl.utility.IterateTest" time="0"/>
  <testcase name="rejectWithSet" classname="org.eclipse.collections.impl.utility.IterateTest" time="0.001"/>
  <testcase name="selectAndRejectWith" classname="org.eclipse.collections.impl.utility.IterateTest" time="0.002"/>
  <testcase name="rejectWithTargetCollection" classname="org.eclipse.collections.impl.utility.IterateTest" time="0"/>
  <testcase name="allSatisfyWithSet" classname="org.eclipse.collections.impl.utility.IterateTest" time="0.001"/>
  <testcase name="noneSatisfy" classname="org.eclipse.collections.impl.utility.IterateTest" time="0.001"/>
  <testcase name="injectIntoInt" classname="org.eclipse.collections.impl.utility.IterateTest" time="0.002"/>
  <testcase name="getFirstAndLastLinkedList" classname="org.eclipse.collections.impl.utility.IterateTest" time="0"/>
  <testcase name="collectLongWithTarget" classname="org.eclipse.collections.impl.utility.IterateTest" time="0.002"/>
  <testcase name="selectWithWithTarget" classname="org.eclipse.collections.impl.utility.IterateTest" time="0.001"/>
  <testcase name="collectByte" classname="org.eclipse.collections.impl.utility.IterateTest" time="0.002"/>
  <testcase name="collectChar" classname="org.eclipse.collections.impl.utility.IterateTest" time="0.003"/>
  <testcase name="collectLong" classname="org.eclipse.collections.impl.utility.IterateTest" time="0.002"/>
  <testcase name="collectWith" classname="org.eclipse.collections.impl.utility.IterateTest" time="0.004"/>
  <testcase name="collectIf" classname="org.eclipse.collections.impl.utility.IterateTest" time="0.002"/>
  <testcase name="flatCollectFromAttributesUsingStringFunction" classname="org.eclipse.collections.impl.utility.IterateTest" time="0.001"/>
  <testcase name="toSortedList" classname="org.eclipse.collections.impl.utility.IterateTest" time="0"/>
  <testcase name="injectInto" classname="org.eclipse.collections.impl.utility.IterateTest" time="0.001"/>
  <testcase name="count_null_throws" classname="org.eclipse.collections.impl.utility.IterateTest" time="0.001"/>
  <testcase name="selectTarget" classname="org.eclipse.collections.impl.utility.IterateTest" time="0.001"/>
  <testcase name="isEmpty" classname="org.eclipse.collections.impl.utility.IterateTest" time="0"/>
  <testcase name="selectWithSet" classname="org.eclipse.collections.impl.utility.IterateTest" time="0.001"/>
  <testcase name="getList_null_throws" classname="org.eclipse.collections.impl.utility.IterateTest" time="0.001"/>
  <testcase name="getFirstAndLastForSet" classname="org.eclipse.collections.impl.utility.IterateTest" time="0"/>
</testsuite>