<?xml version="1.0" encoding="UTF-8"?>
<testsuite xmlns:xsi="http://www.w3.org/2001/XMLSchema-instance" xsi:schemaLocation="https://maven.apache.org/surefire/maven-surefire-plugin/xsd/surefire-test-report.xsd" name="org.eclipse.collections.impl.list.IntervalTest" time="0.032" tests="71" errors="0" skipped="0" failures="0">
  <properties>
    <property name="java.runtime.name" value="OpenJDK Runtime Environment"/>
    <property name="sun.boot.library.path" value="/usr/lib/jvm/java-8-openjdk-amd64/jre/lib/amd64"/>
    <property name="java.vm.version" value="25.121-b13"/>
    <property name="java.vm.vendor" value="Oracle Corporation"/>
    <property name="maven.multiModuleProjectDirectory" value="/root/workspace/eclipse/eclipse-collections/387130508"/>
    <property name="java.vendor.url" value="http://java.oracle.com/"/>
    <property name="path.separator" value=":"/>
    <property name="guice.disable.misplaced.annotation.check" value="true"/>
    <property name="skip.gulp" value="true"/>
    <property name="java.vm.name" value="OpenJDK 64-Bit Server VM"/>
    <property name="file.encoding.pkg" value="sun.io"/>
    <property name="sun.java.launcher" value="SUN_STANDARD"/>
    <property name="sun.os.patch.level" value="unknown"/>
    <property name="findbugs.skip" value="true"/>
    <property name="java.vm.specification.name" value="Java Virtual Machine Specification"/>
    <property name="user.dir" value="/root/workspace/eclipse/eclipse-collections/387130508"/>
    <property name="checkstyle.skip" value="true"/>
    <property name="java.runtime.version" value="1.8.0_121-8u121-b13-1~bpo8+1-b13"/>
    <property name="java.awt.graphicsenv" value="sun.awt.X11GraphicsEnvironment"/>
    <property name="skip.npm" value="true"/>
    <property name="java.endorsed.dirs" value="/usr/lib/jvm/java-8-openjdk-amd64/jre/lib/endorsed"/>
    <property name="os.arch" value="amd64"/>
    <property name="java.io.tmpdir" value="/tmp"/>
    <property name="gpg.skip" value="true"/>
    <property name="line.separator" value="&#10;"/>
    <property name="java.vm.specification.vendor" value="Oracle Corporation"/>
    <property name="cobertura.skip" value="true"/>
    <property name="p2.userAgent" value="tycho/1.0.0"/>
    <property name="os.name" value="Linux"/>
    <property name="classworlds.conf" value="/usr/share/maven/bin/m2.conf"/>
    <property name="sun.jnu.encoding" value="UTF-8"/>
    <property name="java.library.path" value="/usr/java/packages/lib/amd64:/usr/lib/x86_64-linux-gnu/jni:/lib/x86_64-linux-gnu:/usr/lib/x86_64-linux-gnu:/usr/lib/jni:/lib:/usr/lib"/>
    <property name="license.skip" value="true"/>
    <property name="java.specification.name" value="Java Platform API Specification"/>
    <property name="java.class.version" value="52.0"/>
    <property name="sun.management.compiler" value="HotSpot 64-Bit Tiered Compilers"/>
    <property name="skip.bower" value="true"/>
    <property name="maven.repo.local" value="/root/./workspace/eclipse/eclipse-collections/387130508/.m2"/>
    <property name="os.version" value="3.10.0-862.3.2.el7.x86_64"/>
    <property name="user.home" value="/root"/>
    <property name="user.timezone" value="Europe/Paris"/>
    <property name="java.awt.printerjob" value="sun.print.PSPrinterJob"/>
    <property name="java.specification.version" value="1.8"/>
    <property name="file.encoding" value="UTF-8"/>
    <property name="user.name" value="root"/>
    <property name="java.class.path" value="/usr/share/maven/boot/plexus-classworlds-2.5.2.jar"/>
    <property name="skipITs" value="true"/>
    <property name="java.vm.specification.version" value="1.8"/>
    <property name="sun.arch.data.model" value="64"/>
    <property name="java.home" value="/usr/lib/jvm/java-8-openjdk-amd64/jre"/>
    <property name="sun.java.command" value="org.codehaus.plexus.classworlds.launcher.Launcher -B -D enforcer.skip=true -D dependency-check.skip=true -D skipITs=true -D cobertura.skip=true -D maven.repo.local=/root/./workspace/eclipse/eclipse-collections/387130508/.m2 -D rat.skip=true -D findbugs.skip=true -D skip.bower=true -D gpg.skip=true -D checkstyle.skip=true -D skip.gulp=true -D license.skip=true -D skip.npm=true test"/>
    <property name="java.specification.vendor" value="Oracle Corporation"/>
    <property name="user.language" value="en"/>
    <property name="awt.toolkit" value="sun.awt.X11.XToolkit"/>
    <property name="dependency-check.skip" value="true"/>
    <property name="java.vm.info" value="mixed mode"/>
    <property name="java.version" value="1.8.0_121"/>
    <property name="java.ext.dirs" value="/usr/lib/jvm/java-8-openjdk-amd64/jre/lib/ext:/usr/java/packages/lib/ext"/>
    <property name="securerandom.source" value="file:/dev/./urandom"/>
    <property name="sun.boot.class.path" value="/usr/lib/jvm/java-8-openjdk-amd64/jre/lib/resources.jar:/usr/lib/jvm/java-8-openjdk-amd64/jre/lib/rt.jar:/usr/lib/jvm/java-8-openjdk-amd64/jre/lib/sunrsasign.jar:/usr/lib/jvm/java-8-openjdk-amd64/jre/lib/jsse.jar:/usr/lib/jvm/java-8-openjdk-amd64/jre/lib/jce.jar:/usr/lib/jvm/java-8-openjdk-amd64/jre/lib/charsets.jar:/usr/lib/jvm/java-8-openjdk-amd64/jre/lib/jfr.jar:/usr/lib/jvm/java-8-openjdk-amd64/jre/classes"/>
    <property name="java.vendor" value="Oracle Corporation"/>
    <property name="enforcer.skip" value="true"/>
    <property name="rat.skip" value="true"/>
    <property name="maven.home" value="/usr/share/maven"/>
    <property name="file.separator" value="/"/>
    <property name="java.vendor.url.bug" value="http://bugreport.sun.com/bugreport/"/>
    <property name="sun.cpu.endian" value="little"/>
    <property name="sun.io.unicode.encoding" value="UnicodeLittle"/>
    <property name="sun.font.fontmanager" value="sun.awt.X11FontManager"/>
    <property name="sun.cpu.isalist" value=""/>
  </properties>
  <testcase name="add_at_index" classname="org.eclipse.collections.impl.list.IntervalTest" time="0"/>
  <testcase name="reverseInjectIntoOnFromToByInterval" classname="org.eclipse.collections.impl.list.IntervalTest" time="0"/>
  <testcase name="subList" classname="org.eclipse.collections.impl.list.IntervalTest" time="0"/>
  <testcase name="maxInterval" classname="org.eclipse.collections.impl.list.IntervalTest" time="0.001"/>
  <testcase name="retainAll" classname="org.eclipse.collections.impl.list.IntervalTest" time="0"/>
  <testcase name="fromToBy_throws_step_size_zero" classname="org.eclipse.collections.impl.list.IntervalTest" time="0"/>
  <testcase name="addAll" classname="org.eclipse.collections.impl.list.IntervalTest" time="0.001"/>
  <testcase name="intervalToSet" classname="org.eclipse.collections.impl.list.IntervalTest" time="0"/>
  <testcase name="factorial" classname="org.eclipse.collections.impl.list.IntervalTest" time="0.001"/>
  <testcase name="reverseForEachOnFromToInterval" classname="org.eclipse.collections.impl.list.IntervalTest" time="0.001"/>
  <testcase name="intervalToList" classname="org.eclipse.collections.impl.list.IntervalTest" time="0"/>
  <testcase name="testToString" classname="org.eclipse.collections.impl.list.IntervalTest" time="0.001"/>
  <testcase name="reject" classname="org.eclipse.collections.impl.list.IntervalTest" time="0"/>
  <testcase name="remove" classname="org.eclipse.collections.impl.list.IntervalTest" time="0"/>
  <testcase name="select" classname="org.eclipse.collections.impl.list.IntervalTest" time="0"/>
  <testcase name="sumInterval" classname="org.eclipse.collections.impl.list.IntervalTest" time="0"/>
  <testcase name="forEachOnFromToByInterval2" classname="org.eclipse.collections.impl.list.IntervalTest" time="0"/>
  <testcase name="runWithExecutor" classname="org.eclipse.collections.impl.list.IntervalTest" time="0.001"/>
  <testcase name="equalsAndHashCode" classname="org.eclipse.collections.impl.list.IntervalTest" time="0.002"/>
  <testcase name="contains" classname="org.eclipse.collections.impl.list.IntervalTest" time="0"/>
  <testcase name="zeroToBy_throws_step_size_zero" classname="org.eclipse.collections.impl.list.IntervalTest" time="0"/>
  <testcase name="dropWhile" classname="org.eclipse.collections.impl.list.IntervalTest" time="0.001"/>
  <testcase name="lastIndexOf" classname="org.eclipse.collections.impl.list.IntervalTest" time="0"/>
  <testcase name="product" classname="org.eclipse.collections.impl.list.IntervalTest" time="0.001"/>
  <testcase name="forEachOnFromToByInterval" classname="org.eclipse.collections.impl.list.IntervalTest" time="0"/>
  <testcase name="invalidIntervals" classname="org.eclipse.collections.impl.list.IntervalTest" time="0"/>
  <testcase name="runWithExecutorInReverse" classname="org.eclipse.collections.impl.list.IntervalTest" time="0.001"/>
  <testcase name="intervalAsIntArray" classname="org.eclipse.collections.impl.list.IntervalTest" time="0"/>
  <testcase name="collectOnFromToByInterval" classname="org.eclipse.collections.impl.list.IntervalTest" time="0"/>
  <testcase name="getLast" classname="org.eclipse.collections.impl.list.IntervalTest" time="0"/>
  <testcase name="forEachWith" classname="org.eclipse.collections.impl.list.IntervalTest" time="0.001"/>
  <testcase name="add" classname="org.eclipse.collections.impl.list.IntervalTest" time="0"/>
  <testcase name="get" classname="org.eclipse.collections.impl.list.IntervalTest" time="0.001"/>
  <testcase name="run" classname="org.eclipse.collections.impl.list.IntervalTest" time="0.001"/>
  <testcase name="set" classname="org.eclipse.collections.impl.list.IntervalTest" time="0"/>
  <testcase name="tap" classname="org.eclipse.collections.impl.list.IntervalTest" time="0.001"/>
  <testcase name="drop" classname="org.eclipse.collections.impl.list.IntervalTest" time="0.001"/>
  <testcase name="into" classname="org.eclipse.collections.impl.list.IntervalTest" time="0"/>
  <testcase name="odds" classname="org.eclipse.collections.impl.list.IntervalTest" time="0"/>
  <testcase name="size" classname="org.eclipse.collections.impl.list.IntervalTest" time="0"/>
  <testcase name="take" classname="org.eclipse.collections.impl.list.IntervalTest" time="0.001"/>
  <testcase name="rejectOnFromToInterval" classname="org.eclipse.collections.impl.list.IntervalTest" time="0"/>
  <testcase name="clear" classname="org.eclipse.collections.impl.list.IntervalTest" time="0"/>
  <testcase name="evens" classname="org.eclipse.collections.impl.list.IntervalTest" time="0"/>
  <testcase name="toSet" classname="org.eclipse.collections.impl.list.IntervalTest" time="0.001"/>
  <testcase name="remove_at_index" classname="org.eclipse.collections.impl.list.IntervalTest" time="0"/>
  <testcase name="containsAll" classname="org.eclipse.collections.impl.list.IntervalTest" time="0"/>
  <testcase name="distinct" classname="org.eclipse.collections.impl.list.IntervalTest" time="0.002"/>
  <testcase name="forEachWithExecutorInReverse" classname="org.eclipse.collections.impl.list.IntervalTest" time="0"/>
  <testcase name="injectIntoOnFromToByInterval" classname="org.eclipse.collections.impl.list.IntervalTest" time="0.001"/>
  <testcase name="forEachWithIndex" classname="org.eclipse.collections.impl.list.IntervalTest" time="0.001"/>
  <testcase name="intervalAsArray" classname="org.eclipse.collections.impl.list.IntervalTest" time="0"/>
  <testcase name="forEachOnFromToInterval" classname="org.eclipse.collections.impl.list.IntervalTest" time="0"/>
  <testcase name="oneToBy_throws_step_size_zero" classname="org.eclipse.collections.impl.list.IntervalTest" time="0"/>
  <testcase name="forEachWith_with_start_end" classname="org.eclipse.collections.impl.list.IntervalTest" time="0.001"/>
  <testcase name="toFastList" classname="org.eclipse.collections.impl.list.IntervalTest" time="0"/>
  <testcase name="collect" classname="org.eclipse.collections.impl.list.IntervalTest" time="0.001"/>
  <testcase name="forEach_with_start_end" classname="org.eclipse.collections.impl.list.IntervalTest" time="0.001"/>
  <testcase name="iterator" classname="org.eclipse.collections.impl.list.IntervalTest" time="0.001"/>
  <testcase name="addAll_at_index" classname="org.eclipse.collections.impl.list.IntervalTest" time="0"/>
  <testcase name="collectOnFromToInterval" classname="org.eclipse.collections.impl.list.IntervalTest" time="0.001"/>
  <testcase name="forEachWithExecutor" classname="org.eclipse.collections.impl.list.IntervalTest" time="0"/>
  <testcase name="intervalAsReverseArray" classname="org.eclipse.collections.impl.list.IntervalTest" time="0"/>
  <testcase name="removeAll" classname="org.eclipse.collections.impl.list.IntervalTest" time="0.001"/>
  <testcase name="selectOnFromToInterval" classname="org.eclipse.collections.impl.list.IntervalTest" time="0"/>
  <testcase name="takeWhile" classname="org.eclipse.collections.impl.list.IntervalTest" time="0.001"/>
  <testcase name="reverseThis" classname="org.eclipse.collections.impl.list.IntervalTest" time="0"/>
  <testcase name="fromAndToAndBy" classname="org.eclipse.collections.impl.list.IntervalTest" time="0"/>
  <testcase name="intervalAsReverseList" classname="org.eclipse.collections.impl.list.IntervalTest" time="0"/>
  <testcase name="indexOf" classname="org.eclipse.collections.impl.list.IntervalTest" time="0"/>
  <testcase name="getFirst" classname="org.eclipse.collections.impl.list.IntervalTest" time="0.001"/>
</testsuite>