<?xml version="1.0" encoding="UTF-8"?>
<testsuite xmlns:xsi="http://www.w3.org/2001/XMLSchema-instance" xsi:schemaLocation="https://maven.apache.org/surefire/maven-surefire-plugin/xsd/surefire-test-report.xsd" name="org.eclipse.collections.impl.map.mutable.primitive.UnmodifiableCharCharMapValuesTest" time="0.01" tests="76" errors="0" skipped="0" failures="0">
  <properties>
    <property name="java.runtime.name" value="OpenJDK Runtime Environment"/>
    <property name="sun.boot.library.path" value="/usr/lib/jvm/java-8-openjdk-amd64/jre/lib/amd64"/>
    <property name="java.vm.version" value="25.121-b13"/>
    <property name="java.vm.vendor" value="Oracle Corporation"/>
    <property name="maven.multiModuleProjectDirectory" value="/root/workspace/eclipse/eclipse-collections/387130508"/>
    <property name="java.vendor.url" value="http://java.oracle.com/"/>
    <property name="path.separator" value=":"/>
    <property name="guice.disable.misplaced.annotation.check" value="true"/>
    <property name="skip.gulp" value="true"/>
    <property name="java.vm.name" value="OpenJDK 64-Bit Server VM"/>
    <property name="file.encoding.pkg" value="sun.io"/>
    <property name="sun.java.launcher" value="SUN_STANDARD"/>
    <property name="sun.os.patch.level" value="unknown"/>
    <property name="findbugs.skip" value="true"/>
    <property name="java.vm.specification.name" value="Java Virtual Machine Specification"/>
    <property name="user.dir" value="/root/workspace/eclipse/eclipse-collections/387130508"/>
    <property name="checkstyle.skip" value="true"/>
    <property name="java.runtime.version" value="1.8.0_121-8u121-b13-1~bpo8+1-b13"/>
    <property name="java.awt.graphicsenv" value="sun.awt.X11GraphicsEnvironment"/>
    <property name="skip.npm" value="true"/>
    <property name="java.endorsed.dirs" value="/usr/lib/jvm/java-8-openjdk-amd64/jre/lib/endorsed"/>
    <property name="os.arch" value="amd64"/>
    <property name="java.io.tmpdir" value="/tmp"/>
    <property name="gpg.skip" value="true"/>
    <property name="line.separator" value="&#10;"/>
    <property name="java.vm.specification.vendor" value="Oracle Corporation"/>
    <property name="cobertura.skip" value="true"/>
    <property name="p2.userAgent" value="tycho/1.0.0"/>
    <property name="os.name" value="Linux"/>
    <property name="classworlds.conf" value="/usr/share/maven/bin/m2.conf"/>
    <property name="sun.jnu.encoding" value="UTF-8"/>
    <property name="java.library.path" value="/usr/java/packages/lib/amd64:/usr/lib/x86_64-linux-gnu/jni:/lib/x86_64-linux-gnu:/usr/lib/x86_64-linux-gnu:/usr/lib/jni:/lib:/usr/lib"/>
    <property name="license.skip" value="true"/>
    <property name="java.specification.name" value="Java Platform API Specification"/>
    <property name="java.class.version" value="52.0"/>
    <property name="sun.management.compiler" value="HotSpot 64-Bit Tiered Compilers"/>
    <property name="skip.bower" value="true"/>
    <property name="maven.repo.local" value="/root/./workspace/eclipse/eclipse-collections/387130508/.m2"/>
    <property name="os.version" value="3.10.0-862.3.2.el7.x86_64"/>
    <property name="user.home" value="/root"/>
    <property name="user.timezone" value="Europe/Paris"/>
    <property name="java.awt.printerjob" value="sun.print.PSPrinterJob"/>
    <property name="java.specification.version" value="1.8"/>
    <property name="file.encoding" value="UTF-8"/>
    <property name="user.name" value="root"/>
    <property name="java.class.path" value="/usr/share/maven/boot/plexus-classworlds-2.5.2.jar"/>
    <property name="skipITs" value="true"/>
    <property name="java.vm.specification.version" value="1.8"/>
    <property name="sun.arch.data.model" value="64"/>
    <property name="java.home" value="/usr/lib/jvm/java-8-openjdk-amd64/jre"/>
    <property name="sun.java.command" value="org.codehaus.plexus.classworlds.launcher.Launcher -B -D enforcer.skip=true -D dependency-check.skip=true -D skipITs=true -D cobertura.skip=true -D maven.repo.local=/root/./workspace/eclipse/eclipse-collections/387130508/.m2 -D rat.skip=true -D findbugs.skip=true -D skip.bower=true -D gpg.skip=true -D checkstyle.skip=true -D skip.gulp=true -D license.skip=true -D skip.npm=true test"/>
    <property name="java.specification.vendor" value="Oracle Corporation"/>
    <property name="user.language" value="en"/>
    <property name="awt.toolkit" value="sun.awt.X11.XToolkit"/>
    <property name="dependency-check.skip" value="true"/>
    <property name="java.vm.info" value="mixed mode"/>
    <property name="java.version" value="1.8.0_121"/>
    <property name="java.ext.dirs" value="/usr/lib/jvm/java-8-openjdk-amd64/jre/lib/ext:/usr/java/packages/lib/ext"/>
    <property name="securerandom.source" value="file:/dev/./urandom"/>
    <property name="sun.boot.class.path" value="/usr/lib/jvm/java-8-openjdk-amd64/jre/lib/resources.jar:/usr/lib/jvm/java-8-openjdk-amd64/jre/lib/rt.jar:/usr/lib/jvm/java-8-openjdk-amd64/jre/lib/sunrsasign.jar:/usr/lib/jvm/java-8-openjdk-amd64/jre/lib/jsse.jar:/usr/lib/jvm/java-8-openjdk-amd64/jre/lib/jce.jar:/usr/lib/jvm/java-8-openjdk-amd64/jre/lib/charsets.jar:/usr/lib/jvm/java-8-openjdk-amd64/jre/lib/jfr.jar:/usr/lib/jvm/java-8-openjdk-amd64/jre/classes"/>
    <property name="java.vendor" value="Oracle Corporation"/>
    <property name="enforcer.skip" value="true"/>
    <property name="rat.skip" value="true"/>
    <property name="maven.home" value="/usr/share/maven"/>
    <property name="file.separator" value="/"/>
    <property name="java.vendor.url.bug" value="http://bugreport.sun.com/bugreport/"/>
    <property name="sun.cpu.endian" value="little"/>
    <property name="sun.io.unicode.encoding" value="UnicodeLittle"/>
    <property name="sun.font.fontmanager" value="sun.awt.X11FontManager"/>
    <property name="sun.cpu.isalist" value=""/>
  </properties>
  <testcase name="asUnmodifiable" classname="org.eclipse.collections.impl.map.mutable.primitive.UnmodifiableCharCharMapValuesTest" time="0"/>
  <testcase name="retainAll" classname="org.eclipse.collections.impl.map.mutable.primitive.UnmodifiableCharCharMapValuesTest" time="0"/>
  <testcase name="withoutAll" classname="org.eclipse.collections.impl.map.mutable.primitive.UnmodifiableCharCharMapValuesTest" time="0"/>
  <testcase name="removeAll_iterable" classname="org.eclipse.collections.impl.map.mutable.primitive.UnmodifiableCharCharMapValuesTest" time="0"/>
  <testcase name="charIterator_throws_for_consecutive_remove" classname="org.eclipse.collections.impl.map.mutable.primitive.UnmodifiableCharCharMapValuesTest" time="0"/>
  <testcase name="reject" classname="org.eclipse.collections.impl.map.mutable.primitive.UnmodifiableCharCharMapValuesTest" time="0"/>
  <testcase name="remove" classname="org.eclipse.collections.impl.map.mutable.primitive.UnmodifiableCharCharMapValuesTest" time="0"/>
  <testcase name="select" classname="org.eclipse.collections.impl.map.mutable.primitive.UnmodifiableCharCharMapValuesTest" time="0"/>
  <testcase name="retainAll_iterable" classname="org.eclipse.collections.impl.map.mutable.primitive.UnmodifiableCharCharMapValuesTest" time="0"/>
  <testcase name="contains" classname="org.eclipse.collections.impl.map.mutable.primitive.UnmodifiableCharCharMapValuesTest" time="0"/>
  <testcase name="removeIf" classname="org.eclipse.collections.impl.map.mutable.primitive.UnmodifiableCharCharMapValuesTest" time="0"/>
  <testcase name="add" classname="org.eclipse.collections.impl.map.mutable.primitive.UnmodifiableCharCharMapValuesTest" time="0"/>
  <testcase name="with" classname="org.eclipse.collections.impl.map.mutable.primitive.UnmodifiableCharCharMapValuesTest" time="0"/>
  <testcase name="chunk" classname="org.eclipse.collections.impl.map.mutable.primitive.UnmodifiableCharCharMapValuesTest" time="0"/>
  <testcase name="clear" classname="org.eclipse.collections.impl.map.mutable.primitive.UnmodifiableCharCharMapValuesTest" time="0"/>
  <testcase name="makeString" classname="org.eclipse.collections.impl.map.mutable.primitive.UnmodifiableCharCharMapValuesTest" time="0"/>
  <testcase name="addAllArray" classname="org.eclipse.collections.impl.map.mutable.primitive.UnmodifiableCharCharMapValuesTest" time="0"/>
  <testcase name="collect" classname="org.eclipse.collections.impl.map.mutable.primitive.UnmodifiableCharCharMapValuesTest" time="0.001"/>
  <testcase name="charIterator_with_remove" classname="org.eclipse.collections.impl.map.mutable.primitive.UnmodifiableCharCharMapValuesTest" time="0"/>
  <testcase name="removeAll" classname="org.eclipse.collections.impl.map.mutable.primitive.UnmodifiableCharCharMapValuesTest" time="0.001"/>
  <testcase name="appendString" classname="org.eclipse.collections.impl.map.mutable.primitive.UnmodifiableCharCharMapValuesTest" time="0"/>
  <testcase name="testEquals" classname="org.eclipse.collections.impl.map.mutable.primitive.UnmodifiableCharCharMapValuesTest" time="0"/>
  <testcase name="withAll" classname="org.eclipse.collections.impl.map.mutable.primitive.UnmodifiableCharCharMapValuesTest" time="0"/>
  <testcase name="without" classname="org.eclipse.collections.impl.map.mutable.primitive.UnmodifiableCharCharMapValuesTest" time="0"/>
  <testcase name="charIterator" classname="org.eclipse.collections.impl.map.mutable.primitive.UnmodifiableCharCharMapValuesTest" time="0.001"/>
  <testcase name="charIterator_throws_for_remove_before_next" classname="org.eclipse.collections.impl.map.mutable.primitive.UnmodifiableCharCharMapValuesTest" time="0"/>
  <testcase name="asSynchronized" classname="org.eclipse.collections.impl.map.mutable.primitive.UnmodifiableCharCharMapValuesTest" time="0"/>
  <testcase name="addAllIterable" classname="org.eclipse.collections.impl.map.mutable.primitive.UnmodifiableCharCharMapValuesTest" time="0"/>
  <testcase name="charIterator_throws_non_empty_collection" classname="org.eclipse.collections.impl.map.mutable.primitive.UnmodifiableCharCharMapValuesTest" time="0"/>
  <testcase name="newEmpty" classname="org.eclipse.collections.impl.map.mutable.primitive.UnmodifiableCharCharMapValuesTest" time="0"/>
  <testcase name="medianThrowsOnEmpty" classname="org.eclipse.collections.impl.map.mutable.primitive.UnmodifiableCharCharMapValuesTest" time="0"/>
  <testcase name="medianIfEmpty" classname="org.eclipse.collections.impl.map.mutable.primitive.UnmodifiableCharCharMapValuesTest" time="0"/>
  <testcase name="selectWithTarget" classname="org.eclipse.collections.impl.map.mutable.primitive.UnmodifiableCharCharMapValuesTest" time="0.001"/>
  <testcase name="detectIfNone" classname="org.eclipse.collections.impl.map.mutable.primitive.UnmodifiableCharCharMapValuesTest" time="0"/>
  <testcase name="collectPrimitivesToLists" classname="org.eclipse.collections.impl.map.mutable.primitive.UnmodifiableCharCharMapValuesTest" time="0"/>
  <testcase name="maxIfEmpty" classname="org.eclipse.collections.impl.map.mutable.primitive.UnmodifiableCharCharMapValuesTest" time="0"/>
  <testcase name="asLazy" classname="org.eclipse.collections.impl.map.mutable.primitive.UnmodifiableCharCharMapValuesTest" time="0"/>
  <testcase name="collectWithTarget" classname="org.eclipse.collections.impl.map.mutable.primitive.UnmodifiableCharCharMapValuesTest" time="0"/>
  <testcase name="toArray" classname="org.eclipse.collections.impl.map.mutable.primitive.UnmodifiableCharCharMapValuesTest" time="0"/>
  <testcase name="flatCollectIterableWithTarget" classname="org.eclipse.collections.impl.map.mutable.primitive.UnmodifiableCharCharMapValuesTest" time="0.001"/>
  <testcase name="median" classname="org.eclipse.collections.impl.map.mutable.primitive.UnmodifiableCharCharMapValuesTest" time="0"/>
  <testcase name="testToString" classname="org.eclipse.collections.impl.map.mutable.primitive.UnmodifiableCharCharMapValuesTest" time="0"/>
  <testcase name="allSatisfy" classname="org.eclipse.collections.impl.map.mutable.primitive.UnmodifiableCharCharMapValuesTest" time="0"/>
  <testcase name="newCollection" classname="org.eclipse.collections.impl.map.mutable.primitive.UnmodifiableCharCharMapValuesTest" time="0"/>
  <testcase name="toList" classname="org.eclipse.collections.impl.map.mutable.primitive.UnmodifiableCharCharMapValuesTest" time="0"/>
  <testcase name="averageIfEmpty" classname="org.eclipse.collections.impl.map.mutable.primitive.UnmodifiableCharCharMapValuesTest" time="0"/>
  <testcase name="forEach" classname="org.eclipse.collections.impl.map.mutable.primitive.UnmodifiableCharCharMapValuesTest" time="0"/>
  <testcase name="average" classname="org.eclipse.collections.impl.map.mutable.primitive.UnmodifiableCharCharMapValuesTest" time="0"/>
  <testcase name="rejectWithTarget" classname="org.eclipse.collections.impl.map.mutable.primitive.UnmodifiableCharCharMapValuesTest" time="0"/>
  <testcase name="collectPrimitivesToSets" classname="org.eclipse.collections.impl.map.mutable.primitive.UnmodifiableCharCharMapValuesTest" time="0"/>
  <testcase name="containsAllIterable" classname="org.eclipse.collections.impl.map.mutable.primitive.UnmodifiableCharCharMapValuesTest" time="0"/>
  <testcase name="charIterator_throws" classname="org.eclipse.collections.impl.map.mutable.primitive.UnmodifiableCharCharMapValuesTest" time="0"/>
  <testcase name="max" classname="org.eclipse.collections.impl.map.mutable.primitive.UnmodifiableCharCharMapValuesTest" time="0"/>
  <testcase name="min" classname="org.eclipse.collections.impl.map.mutable.primitive.UnmodifiableCharCharMapValuesTest" time="0"/>
  <testcase name="sum" classname="org.eclipse.collections.impl.map.mutable.primitive.UnmodifiableCharCharMapValuesTest" time="0"/>
  <testcase name="tap" classname="org.eclipse.collections.impl.map.mutable.primitive.UnmodifiableCharCharMapValuesTest" time="0"/>
  <testcase name="size" classname="org.eclipse.collections.impl.map.mutable.primitive.UnmodifiableCharCharMapValuesTest" time="0"/>
  <testcase name="count" classname="org.eclipse.collections.impl.map.mutable.primitive.UnmodifiableCharCharMapValuesTest" time="0"/>
  <testcase name="toBag" classname="org.eclipse.collections.impl.map.mutable.primitive.UnmodifiableCharCharMapValuesTest" time="0"/>
  <testcase name="toSet" classname="org.eclipse.collections.impl.map.mutable.primitive.UnmodifiableCharCharMapValuesTest" time="0"/>
  <testcase name="averageThrowsOnEmpty" classname="org.eclipse.collections.impl.map.mutable.primitive.UnmodifiableCharCharMapValuesTest" time="0"/>
  <testcase name="max_throws_emptyCollection" classname="org.eclipse.collections.impl.map.mutable.primitive.UnmodifiableCharCharMapValuesTest" time="0"/>
  <testcase name="anySatisfy" classname="org.eclipse.collections.impl.map.mutable.primitive.UnmodifiableCharCharMapValuesTest" time="0"/>
  <testcase name="testHashCode" classname="org.eclipse.collections.impl.map.mutable.primitive.UnmodifiableCharCharMapValuesTest" time="0"/>
  <testcase name="minIfEmpty" classname="org.eclipse.collections.impl.map.mutable.primitive.UnmodifiableCharCharMapValuesTest" time="0"/>
  <testcase name="toSortedArray" classname="org.eclipse.collections.impl.map.mutable.primitive.UnmodifiableCharCharMapValuesTest" time="0.001"/>
  <testcase name="newCollectionWith" classname="org.eclipse.collections.impl.map.mutable.primitive.UnmodifiableCharCharMapValuesTest" time="0"/>
  <testcase name="containsAllArray" classname="org.eclipse.collections.impl.map.mutable.primitive.UnmodifiableCharCharMapValuesTest" time="0"/>
  <testcase name="notEmpty" classname="org.eclipse.collections.impl.map.mutable.primitive.UnmodifiableCharCharMapValuesTest" time="0"/>
  <testcase name="flatCollectWithTarget" classname="org.eclipse.collections.impl.map.mutable.primitive.UnmodifiableCharCharMapValuesTest" time="0"/>
  <testcase name="summaryStatistics" classname="org.eclipse.collections.impl.map.mutable.primitive.UnmodifiableCharCharMapValuesTest" time="0"/>
  <testcase name="noneSatisfy" classname="org.eclipse.collections.impl.map.mutable.primitive.UnmodifiableCharCharMapValuesTest" time="0"/>
  <testcase name="min_throws_emptyCollection" classname="org.eclipse.collections.impl.map.mutable.primitive.UnmodifiableCharCharMapValuesTest" time="0"/>
  <testcase name="toSortedList" classname="org.eclipse.collections.impl.map.mutable.primitive.UnmodifiableCharCharMapValuesTest" time="0"/>
  <testcase name="injectInto" classname="org.eclipse.collections.impl.map.mutable.primitive.UnmodifiableCharCharMapValuesTest" time="0.001"/>
  <testcase name="isEmpty" classname="org.eclipse.collections.impl.map.mutable.primitive.UnmodifiableCharCharMapValuesTest" time="0"/>
</testsuite>