<?xml version="1.0" encoding="UTF-8"?>
<testsuite xmlns:xsi="http://www.w3.org/2001/XMLSchema-instance" xsi:schemaLocation="https://maven.apache.org/surefire/maven-surefire-plugin/xsd/surefire-test-report.xsd" name="org.eclipse.collections.impl.bag.immutable.ImmutableSingletonBagTest" time="0.309" tests="208" errors="0" skipped="0" failures="1">
  <properties>
    <property name="java.runtime.name" value="OpenJDK Runtime Environment"/>
    <property name="sun.boot.library.path" value="/usr/lib/jvm/java-8-openjdk-amd64/jre/lib/amd64"/>
    <property name="java.vm.version" value="25.121-b13"/>
    <property name="java.vm.vendor" value="Oracle Corporation"/>
    <property name="maven.multiModuleProjectDirectory" value="/root/workspace/eclipse/eclipse-collections/387130508"/>
    <property name="java.vendor.url" value="http://java.oracle.com/"/>
    <property name="path.separator" value=":"/>
    <property name="guice.disable.misplaced.annotation.check" value="true"/>
    <property name="skip.gulp" value="true"/>
    <property name="java.vm.name" value="OpenJDK 64-Bit Server VM"/>
    <property name="file.encoding.pkg" value="sun.io"/>
    <property name="sun.java.launcher" value="SUN_STANDARD"/>
    <property name="sun.os.patch.level" value="unknown"/>
    <property name="findbugs.skip" value="true"/>
    <property name="java.vm.specification.name" value="Java Virtual Machine Specification"/>
    <property name="user.dir" value="/root/workspace/eclipse/eclipse-collections/387130508"/>
    <property name="checkstyle.skip" value="true"/>
    <property name="java.runtime.version" value="1.8.0_121-8u121-b13-1~bpo8+1-b13"/>
    <property name="java.awt.graphicsenv" value="sun.awt.X11GraphicsEnvironment"/>
    <property name="skip.npm" value="true"/>
    <property name="java.endorsed.dirs" value="/usr/lib/jvm/java-8-openjdk-amd64/jre/lib/endorsed"/>
    <property name="os.arch" value="amd64"/>
    <property name="java.io.tmpdir" value="/tmp"/>
    <property name="gpg.skip" value="true"/>
    <property name="line.separator" value="&#10;"/>
    <property name="java.vm.specification.vendor" value="Oracle Corporation"/>
    <property name="cobertura.skip" value="true"/>
    <property name="p2.userAgent" value="tycho/1.0.0"/>
    <property name="os.name" value="Linux"/>
    <property name="classworlds.conf" value="/usr/share/maven/bin/m2.conf"/>
    <property name="sun.jnu.encoding" value="UTF-8"/>
    <property name="java.library.path" value="/usr/java/packages/lib/amd64:/usr/lib/x86_64-linux-gnu/jni:/lib/x86_64-linux-gnu:/usr/lib/x86_64-linux-gnu:/usr/lib/jni:/lib:/usr/lib"/>
    <property name="license.skip" value="true"/>
    <property name="java.specification.name" value="Java Platform API Specification"/>
    <property name="java.class.version" value="52.0"/>
    <property name="sun.management.compiler" value="HotSpot 64-Bit Tiered Compilers"/>
    <property name="skip.bower" value="true"/>
    <property name="maven.repo.local" value="/root/./workspace/eclipse/eclipse-collections/387130508/.m2"/>
    <property name="os.version" value="3.10.0-862.3.2.el7.x86_64"/>
    <property name="user.home" value="/root"/>
    <property name="user.timezone" value="Europe/Paris"/>
    <property name="java.awt.printerjob" value="sun.print.PSPrinterJob"/>
    <property name="java.specification.version" value="1.8"/>
    <property name="file.encoding" value="UTF-8"/>
    <property name="user.name" value="root"/>
    <property name="java.class.path" value="/usr/share/maven/boot/plexus-classworlds-2.5.2.jar"/>
    <property name="skipITs" value="true"/>
    <property name="java.vm.specification.version" value="1.8"/>
    <property name="sun.arch.data.model" value="64"/>
    <property name="java.home" value="/usr/lib/jvm/java-8-openjdk-amd64/jre"/>
    <property name="sun.java.command" value="org.codehaus.plexus.classworlds.launcher.Launcher -B -D enforcer.skip=true -D dependency-check.skip=true -D skipITs=true -D cobertura.skip=true -D maven.repo.local=/root/./workspace/eclipse/eclipse-collections/387130508/.m2 -D rat.skip=true -D findbugs.skip=true -D skip.bower=true -D gpg.skip=true -D checkstyle.skip=true -D skip.gulp=true -D license.skip=true -D skip.npm=true test"/>
    <property name="java.specification.vendor" value="Oracle Corporation"/>
    <property name="user.language" value="en"/>
    <property name="awt.toolkit" value="sun.awt.X11.XToolkit"/>
    <property name="dependency-check.skip" value="true"/>
    <property name="java.vm.info" value="mixed mode"/>
    <property name="java.version" value="1.8.0_121"/>
    <property name="java.ext.dirs" value="/usr/lib/jvm/java-8-openjdk-amd64/jre/lib/ext:/usr/java/packages/lib/ext"/>
    <property name="securerandom.source" value="file:/dev/./urandom"/>
    <property name="sun.boot.class.path" value="/usr/lib/jvm/java-8-openjdk-amd64/jre/lib/resources.jar:/usr/lib/jvm/java-8-openjdk-amd64/jre/lib/rt.jar:/usr/lib/jvm/java-8-openjdk-amd64/jre/lib/sunrsasign.jar:/usr/lib/jvm/java-8-openjdk-amd64/jre/lib/jsse.jar:/usr/lib/jvm/java-8-openjdk-amd64/jre/lib/jce.jar:/usr/lib/jvm/java-8-openjdk-amd64/jre/lib/charsets.jar:/usr/lib/jvm/java-8-openjdk-amd64/jre/lib/jfr.jar:/usr/lib/jvm/java-8-openjdk-amd64/jre/classes"/>
    <property name="java.vendor" value="Oracle Corporation"/>
    <property name="enforcer.skip" value="true"/>
    <property name="rat.skip" value="true"/>
    <property name="maven.home" value="/usr/share/maven"/>
    <property name="file.separator" value="/"/>
    <property name="java.vendor.url.bug" value="http://bugreport.sun.com/bugreport/"/>
    <property name="sun.cpu.endian" value="little"/>
    <property name="sun.io.unicode.encoding" value="UnicodeLittle"/>
    <property name="sun.font.fontmanager" value="sun.awt.X11FontManager"/>
    <property name="sun.cpu.isalist" value=""/>
  </properties>
  <testcase name="collectBooleanWithTarget" classname="org.eclipse.collections.impl.bag.immutable.ImmutableSingletonBagTest" time="0"/>
  <testcase name="testNotEmpty" classname="org.eclipse.collections.impl.bag.immutable.ImmutableSingletonBagTest" time="0"/>
  <testcase name="detectWith" classname="org.eclipse.collections.impl.bag.immutable.ImmutableSingletonBagTest" time="0.001"/>
  <testcase name="detectIfNone" classname="org.eclipse.collections.impl.bag.immutable.ImmutableSingletonBagTest" time="0.001"/>
  <testcase name="min_null_throws" classname="org.eclipse.collections.impl.bag.immutable.ImmutableSingletonBagTest" time="0"/>
  <testcase name="toSortedListWithComparator" classname="org.eclipse.collections.impl.bag.immutable.ImmutableSingletonBagTest" time="0"/>
  <testcase name="detect" classname="org.eclipse.collections.impl.bag.immutable.ImmutableSingletonBagTest" time="0.002"/>
  <testcase name="testSize" classname="org.eclipse.collections.impl.bag.immutable.ImmutableSingletonBagTest" time="0"/>
  <testcase name="selectDuplicates" classname="org.eclipse.collections.impl.bag.immutable.ImmutableSingletonBagTest" time="0"/>
  <testcase name="testContainsAllArguments" classname="org.eclipse.collections.impl.bag.immutable.ImmutableSingletonBagTest" time="0"/>
  <testcase name="allSatisfy" classname="org.eclipse.collections.impl.bag.immutable.ImmutableSingletonBagTest" time="0.001"/>
  <testcase name="testSizeDistinct" classname="org.eclipse.collections.impl.bag.immutable.ImmutableSingletonBagTest" time="0"/>
  <testcase name="toList" classname="org.eclipse.collections.impl.bag.immutable.ImmutableSingletonBagTest" time="0.001"/>
  <testcase name="selectToTarget" classname="org.eclipse.collections.impl.bag.immutable.ImmutableSingletonBagTest" time="0"/>
  <testcase name="forEach" classname="org.eclipse.collections.impl.bag.immutable.ImmutableSingletonBagTest" time="0.001"/>
  <testcase name="toSortedBag" classname="org.eclipse.collections.impl.bag.immutable.ImmutableSingletonBagTest" time="0"/>
  <testcase name="equalsAndHashCode" classname="org.eclipse.collections.impl.bag.immutable.ImmutableSingletonBagTest" time="0.001"/>
  <testcase name="contains" classname="org.eclipse.collections.impl.bag.immutable.ImmutableSingletonBagTest" time="0"/>
  <testcase name="rejectToTarget" classname="org.eclipse.collections.impl.bag.immutable.ImmutableSingletonBagTest" time="0.001"/>
  <testcase name="selectInstancesOf" classname="org.eclipse.collections.impl.bag.immutable.ImmutableSingletonBagTest" time="0"/>
  <testcase name="collectWithOccurrences" classname="org.eclipse.collections.impl.bag.immutable.ImmutableSingletonBagTest" time="0.001"/>
  <testcase name="newWithoutAll" classname="org.eclipse.collections.impl.bag.immutable.ImmutableSingletonBagTest" time="0"/>
  <testcase name="testForEachWithOccurrences" classname="org.eclipse.collections.impl.bag.immutable.ImmutableSingletonBagTest" time="0"/>
  <testcase name="max_null_throws" classname="org.eclipse.collections.impl.bag.immutable.ImmutableSingletonBagTest" time="0.001"/>
  <testcase name="testOccurrencesOf" classname="org.eclipse.collections.impl.bag.immutable.ImmutableSingletonBagTest" time="0"/>
  <testcase name="containsAllIterable" classname="org.eclipse.collections.impl.bag.immutable.ImmutableSingletonBagTest" time="0"/>
  <testcase name="testGroupBy" classname="org.eclipse.collections.impl.bag.immutable.ImmutableSingletonBagTest" time="0.001"/>
  <testcase name="getLast" classname="org.eclipse.collections.impl.bag.immutable.ImmutableSingletonBagTest" time="0"/>
  <testcase name="getOnly" classname="org.eclipse.collections.impl.bag.immutable.ImmutableSingletonBagTest" time="0"/>
  <testcase name="forEachWith" classname="org.eclipse.collections.impl.bag.immutable.ImmutableSingletonBagTest" time="0.001"/>
  <testcase name="collectBoolean" classname="org.eclipse.collections.impl.bag.immutable.ImmutableSingletonBagTest" time="0"/>
  <testcase name="count" classname="org.eclipse.collections.impl.bag.immutable.ImmutableSingletonBagTest" time="0.001"/>
  <testcase name="toBag" classname="org.eclipse.collections.impl.bag.immutable.ImmutableSingletonBagTest" time="0"/>
  <testcase name="toMap" classname="org.eclipse.collections.impl.bag.immutable.ImmutableSingletonBagTest" time="0.001"/>
  <testcase name="toSet" classname="org.eclipse.collections.impl.bag.immutable.ImmutableSingletonBagTest" time="0"/>
  <testcase name="collect_target" classname="org.eclipse.collections.impl.bag.immutable.ImmutableSingletonBagTest" time="0.001"/>
  <testcase name="min_null_throws_without_comparator" classname="org.eclipse.collections.impl.bag.immutable.ImmutableSingletonBagTest" time="0"/>
  <testcase name="forEachWithIndex" classname="org.eclipse.collections.impl.bag.immutable.ImmutableSingletonBagTest" time="0"/>
  <testcase name="groupByUniqueKey_target" classname="org.eclipse.collections.impl.bag.immutable.ImmutableSingletonBagTest" time="0.001"/>
  <testcase name="groupByUniqueKey_throws" classname="org.eclipse.collections.impl.bag.immutable.ImmutableSingletonBagTest" time="0"/>
  <testcase name="anySatisfy" classname="org.eclipse.collections.impl.bag.immutable.ImmutableSingletonBagTest" time="0.001"/>
  <testcase name="detectOptional" classname="org.eclipse.collections.impl.bag.immutable.ImmutableSingletonBagTest" time="0.001"/>
  <testcase name="collect" classname="org.eclipse.collections.impl.bag.immutable.ImmutableSingletonBagTest" time="0.001"/>
  <testcase name="toImmutable" classname="org.eclipse.collections.impl.bag.immutable.ImmutableSingletonBagTest" time="0"/>
  <testcase name="flatCollect" classname="org.eclipse.collections.impl.bag.immutable.ImmutableSingletonBagTest" time="0.001"/>
  <testcase name="testGroupByWithTarget" classname="org.eclipse.collections.impl.bag.immutable.ImmutableSingletonBagTest" time="0"/>
  <testcase name="toSortedBagBy" classname="org.eclipse.collections.impl.bag.immutable.ImmutableSingletonBagTest" time="0.001"/>
  <testcase name="groupByUniqueKey" classname="org.eclipse.collections.impl.bag.immutable.ImmutableSingletonBagTest" time="0"/>
  <testcase name="iterator" classname="org.eclipse.collections.impl.bag.immutable.ImmutableSingletonBagTest" time="0.001"/>
  <testcase name="detectWithOptional" classname="org.eclipse.collections.impl.bag.immutable.ImmutableSingletonBagTest" time="0.001"/>
  <testcase name="toArrayGivenArray" classname="org.eclipse.collections.impl.bag.immutable.ImmutableSingletonBagTest" time="0.001"/>
  <testcase name="collectIfWithTarget" classname="org.eclipse.collections.impl.bag.immutable.ImmutableSingletonBagTest" time="0.001"/>
  <testcase name="detectWithIfNone" classname="org.eclipse.collections.impl.bag.immutable.ImmutableSingletonBagTest" time="0.001"/>
  <testcase name="flatCollectWithTarget" classname="org.eclipse.collections.impl.bag.immutable.ImmutableSingletonBagTest" time="0"/>
  <testcase name="noneSatisfy" classname="org.eclipse.collections.impl.bag.immutable.ImmutableSingletonBagTest" time="0.002"/>
  <testcase name="toMapOfItemToCount" classname="org.eclipse.collections.impl.bag.immutable.ImmutableSingletonBagTest" time="0"/>
  <testcase name="newWith" classname="org.eclipse.collections.impl.bag.immutable.ImmutableSingletonBagTest" time="0"/>
  <testcase name="collectIf" classname="org.eclipse.collections.impl.bag.immutable.ImmutableSingletonBagTest" time="0.001"/>
  <testcase name="newWithAll" classname="org.eclipse.collections.impl.bag.immutable.ImmutableSingletonBagTest" time="0.001"/>
  <testcase name="newWithout" classname="org.eclipse.collections.impl.bag.immutable.ImmutableSingletonBagTest" time="0"/>
  <testcase name="getFirst" classname="org.eclipse.collections.impl.bag.immutable.ImmutableSingletonBagTest" time="0"/>
  <testcase name="toSortedList" classname="org.eclipse.collections.impl.bag.immutable.ImmutableSingletonBagTest" time="0"/>
  <testcase name="max_null_throws_without_comparator" classname="org.eclipse.collections.impl.bag.immutable.ImmutableSingletonBagTest" time="0"/>
  <testcase name="injectInto" classname="org.eclipse.collections.impl.bag.immutable.ImmutableSingletonBagTest" time="0.001"/>
  <testcase name="isEmpty" classname="org.eclipse.collections.impl.bag.immutable.ImmutableSingletonBagTest" time="0"/>
  <testcase name="selectUnique" classname="org.eclipse.collections.impl.bag.immutable.ImmutableSingletonBagTest" time="0"/>
  <testcase name="collectWith_target" classname="org.eclipse.collections.impl.bag.immutable.ImmutableSingletonBagTest" time="0"/>
  <testcase name="collectFloatWithTarget" classname="org.eclipse.collections.impl.bag.immutable.ImmutableSingletonBagTest" time="0.001"/>
  <testcase name="collectIntWithTarget" classname="org.eclipse.collections.impl.bag.immutable.ImmutableSingletonBagTest" time="0"/>
  <testcase name="collectDouble" classname="org.eclipse.collections.impl.bag.immutable.ImmutableSingletonBagTest" time="0"/>
  <testcase name="sumLong" classname="org.eclipse.collections.impl.bag.immutable.ImmutableSingletonBagTest" time="0"/>
  <testcase name="sumInteger" classname="org.eclipse.collections.impl.bag.immutable.ImmutableSingletonBagTest" time="0.001"/>
  <testcase name="partition" classname="org.eclipse.collections.impl.bag.immutable.ImmutableSingletonBagTest" time="0"/>
  <testcase name="sumFloat" classname="org.eclipse.collections.impl.bag.immutable.ImmutableSingletonBagTest" time="0"/>
  <testcase name="collectInt" classname="org.eclipse.collections.impl.bag.immutable.ImmutableSingletonBagTest" time="0.001"/>
  <testcase name="partitionWith" classname="org.eclipse.collections.impl.bag.immutable.ImmutableSingletonBagTest" time="0"/>
  <testcase name="max_without_comparator" classname="org.eclipse.collections.impl.bag.immutable.ImmutableSingletonBagTest" time="0"/>
  <testcase name="selectWith" classname="org.eclipse.collections.impl.bag.immutable.ImmutableSingletonBagTest" time="0.001"/>
  <testcase name="injectIntoFloat" classname="org.eclipse.collections.impl.bag.immutable.ImmutableSingletonBagTest" time="0"/>
  <testcase name="retainAll" classname="org.eclipse.collections.impl.bag.immutable.ImmutableSingletonBagTest" time="0"/>
  <testcase name="addAll" classname="org.eclipse.collections.impl.bag.immutable.ImmutableSingletonBagTest" time="0"/>
  <testcase name="asLazy" classname="org.eclipse.collections.impl.bag.immutable.ImmutableSingletonBagTest" time="0"/>
  <testcase name="groupBy_with_target" classname="org.eclipse.collections.impl.bag.immutable.ImmutableSingletonBagTest" time="0.001"/>
  <testcase name="toArray" classname="org.eclipse.collections.impl.bag.immutable.ImmutableSingletonBagTest" time="0"/>
  <testcase name="testToString" classname="org.eclipse.collections.impl.bag.immutable.ImmutableSingletonBagTest" time="0"/>
  <testcase name="selectByOccurrences" classname="org.eclipse.collections.impl.bag.immutable.ImmutableSingletonBagTest" time="0"/>
  <testcase name="reject" classname="org.eclipse.collections.impl.bag.immutable.ImmutableSingletonBagTest" time="0.001"/>
  <testcase name="remove" classname="org.eclipse.collections.impl.bag.immutable.ImmutableSingletonBagTest" time="0"/>
  <testcase name="select" classname="org.eclipse.collections.impl.bag.immutable.ImmutableSingletonBagTest" time="0"/>
  <testcase name="forLoop" classname="org.eclipse.collections.impl.bag.immutable.ImmutableSingletonBagTest" time="0"/>
  <testcase name="rejectWithToTarget" classname="org.eclipse.collections.impl.bag.immutable.ImmutableSingletonBagTest" time="0"/>
  <testcase name="rejectWith" classname="org.eclipse.collections.impl.bag.immutable.ImmutableSingletonBagTest" time="0"/>
  <testcase name="toSortedMap" classname="org.eclipse.collections.impl.bag.immutable.ImmutableSingletonBagTest" time="0.001"/>
  <testcase name="injectIntoLong" classname="org.eclipse.collections.impl.bag.immutable.ImmutableSingletonBagTest" time="0.001"/>
  <testcase name="collectByteWithTarget" classname="org.eclipse.collections.impl.bag.immutable.ImmutableSingletonBagTest" time="0"/>
  <testcase name="min_without_comparator" classname="org.eclipse.collections.impl.bag.immutable.ImmutableSingletonBagTest" time="0"/>
  <testcase name="toSortedListBy" classname="org.eclipse.collections.impl.bag.immutable.ImmutableSingletonBagTest" time="0"/>
  <testcase name="iteratorRemove" classname="org.eclipse.collections.impl.bag.immutable.ImmutableSingletonBagTest" time="0"/>
  <testcase name="collectCharWithTarget" classname="org.eclipse.collections.impl.bag.immutable.ImmutableSingletonBagTest" time="0.001"/>
  <testcase name="appendString_with_start_separator_end" classname="org.eclipse.collections.impl.bag.immutable.ImmutableSingletonBagTest" time="0"/>
  <testcase name="add" classname="org.eclipse.collections.impl.bag.immutable.ImmutableSingletonBagTest" time="0"/>
  <testcase name="max" classname="org.eclipse.collections.impl.bag.immutable.ImmutableSingletonBagTest" time="0"/>
  <testcase name="min" classname="org.eclipse.collections.impl.bag.immutable.ImmutableSingletonBagTest" time="0.001"/>
  <testcase name="tap" classname="org.eclipse.collections.impl.bag.immutable.ImmutableSingletonBagTest" time="0"/>
  <testcase name="zip" classname="org.eclipse.collections.impl.bag.immutable.ImmutableSingletonBagTest" time="0.003"/>
  <testcase name="clear" classname="org.eclipse.collections.impl.bag.immutable.ImmutableSingletonBagTest" time="0"/>
  <testcase name="maxBy" classname="org.eclipse.collections.impl.bag.immutable.ImmutableSingletonBagTest" time="0"/>
  <testcase name="minBy" classname="org.eclipse.collections.impl.bag.immutable.ImmutableSingletonBagTest" time="0"/>
  <testcase name="injectIntoDouble" classname="org.eclipse.collections.impl.bag.immutable.ImmutableSingletonBagTest" time="0.001"/>
  <testcase name="makeString" classname="org.eclipse.collections.impl.bag.immutable.ImmutableSingletonBagTest" time="0"/>
  <testcase name="groupByEach" classname="org.eclipse.collections.impl.bag.immutable.ImmutableSingletonBagTest" time="0"/>
  <testcase name="groupBy" classname="org.eclipse.collections.impl.bag.immutable.ImmutableSingletonBagTest" time="0"/>
  <testcase name="appendString_with_separator" classname="org.eclipse.collections.impl.bag.immutable.ImmutableSingletonBagTest" time="0"/>
  <testcase name="sumDouble" classname="org.eclipse.collections.impl.bag.immutable.ImmutableSingletonBagTest" time="0"/>
  <testcase name="collectShortWithTarget" classname="org.eclipse.collections.impl.bag.immutable.ImmutableSingletonBagTest" time="0"/>
  <testcase name="collectDoubleWithTarget" classname="org.eclipse.collections.impl.bag.immutable.ImmutableSingletonBagTest" time="0.001"/>
  <testcase name="groupByUniqueKey_target_throws" classname="org.eclipse.collections.impl.bag.immutable.ImmutableSingletonBagTest" time="0"/>
  <testcase name="serialization" classname="org.eclipse.collections.impl.bag.immutable.ImmutableSingletonBagTest" time="0.001"/>
  <testcase name="countBy" classname="org.eclipse.collections.impl.bag.immutable.ImmutableSingletonBagTest" time="0"/>
  <testcase name="toSortedMapBy" classname="org.eclipse.collections.impl.bag.immutable.ImmutableSingletonBagTest" time="0.001"/>
  <testcase name="zipWithIndex" classname="org.eclipse.collections.impl.bag.immutable.ImmutableSingletonBagTest" time="0.001"/>
  <testcase name="removeAll" classname="org.eclipse.collections.impl.bag.immutable.ImmutableSingletonBagTest" time="0"/>
  <testcase name="containsAllArray" classname="org.eclipse.collections.impl.bag.immutable.ImmutableSingletonBagTest" time="0.001"/>
  <testcase name="appendString" classname="org.eclipse.collections.impl.bag.immutable.ImmutableSingletonBagTest" time="0"/>
  <testcase name="countWith" classname="org.eclipse.collections.impl.bag.immutable.ImmutableSingletonBagTest" time="0"/>
  <testcase name="chunk_zero_throws" classname="org.eclipse.collections.impl.bag.immutable.ImmutableSingletonBagTest" time="0"/>
  <testcase name="countByEach" classname="org.eclipse.collections.impl.bag.immutable.ImmutableSingletonBagTest" time="0.001">
    <failure message="Incorrect size for iterable; expected:&lt;1&gt; but was:&lt;5&gt;" type="java.lang.AssertionError"><![CDATA[java.lang.AssertionError: Incorrect size for iterable; expected:<1> but was:<5>
]]></failure>
  </testcase>
  <testcase name="countByWith" classname="org.eclipse.collections.impl.bag.immutable.ImmutableSingletonBagTest" time="0"/>
  <testcase name="toSortedMap_with_comparator" classname="org.eclipse.collections.impl.bag.immutable.ImmutableSingletonBagTest" time="0.001"/>
  <testcase name="collectFloat" classname="org.eclipse.collections.impl.bag.immutable.ImmutableSingletonBagTest" time="0"/>
  <testcase name="collectShort" classname="org.eclipse.collections.impl.bag.immutable.ImmutableSingletonBagTest" time="0.001"/>
  <testcase name="selectWithToTarget" classname="org.eclipse.collections.impl.bag.immutable.ImmutableSingletonBagTest" time="0"/>
  <testcase name="chunk_large_size" classname="org.eclipse.collections.impl.bag.immutable.ImmutableSingletonBagTest" time="0"/>
  <testcase name="injectIntoInt" classname="org.eclipse.collections.impl.bag.immutable.ImmutableSingletonBagTest" time="0"/>
  <testcase name="collectLongWithTarget" classname="org.eclipse.collections.impl.bag.immutable.ImmutableSingletonBagTest" time="0"/>
  <testcase name="collectByte" classname="org.eclipse.collections.impl.bag.immutable.ImmutableSingletonBagTest" time="0.001"/>
  <testcase name="collectChar" classname="org.eclipse.collections.impl.bag.immutable.ImmutableSingletonBagTest" time="0"/>
  <testcase name="collectLong" classname="org.eclipse.collections.impl.bag.immutable.ImmutableSingletonBagTest" time="0"/>
  <testcase name="collectWith" classname="org.eclipse.collections.impl.bag.immutable.ImmutableSingletonBagTest" time="0"/>
  <testcase name="toStringOfItemToCount" classname="org.eclipse.collections.impl.bag.immutable.ImmutableSingletonBagTest" time="0.001"/>
  <testcase name="toSortedSet_natural_ordering" classname="org.eclipse.collections.impl.bag.immutable.ImmutableSingletonBagTest" time="0"/>
  <testcase name="toSortedSet_with_comparator" classname="org.eclipse.collections.impl.bag.immutable.ImmutableSingletonBagTest" time="0"/>
  <testcase name="collectFloatWithBagTarget" classname="org.eclipse.collections.impl.bag.immutable.ImmutableSingletonBagTest" time="0"/>
  <testcase name="toSortedList_with_null" classname="org.eclipse.collections.impl.bag.immutable.ImmutableSingletonBagTest" time="0"/>
  <testcase name="allSatisfyWith" classname="org.eclipse.collections.impl.bag.immutable.ImmutableSingletonBagTest" time="0.001"/>
  <testcase name="rejectWith_target" classname="org.eclipse.collections.impl.bag.immutable.ImmutableSingletonBagTest" time="0"/>
  <testcase name="selectWith_target" classname="org.eclipse.collections.impl.bag.immutable.ImmutableSingletonBagTest" time="0"/>
  <testcase name="sumByInt" classname="org.eclipse.collections.impl.bag.immutable.ImmutableSingletonBagTest" time="0"/>
  <testcase name="min_null_safe" classname="org.eclipse.collections.impl.bag.immutable.ImmutableSingletonBagTest" time="0"/>
  <testcase name="containsAllCollection" classname="org.eclipse.collections.impl.bag.immutable.ImmutableSingletonBagTest" time="0.001"/>
  <testcase name="groupByUniqueKey_target_throws_for_duplicate" classname="org.eclipse.collections.impl.bag.immutable.ImmutableSingletonBagTest" time="0"/>
  <testcase name="chunk_single" classname="org.eclipse.collections.impl.bag.immutable.ImmutableSingletonBagTest" time="0"/>
  <testcase name="collectTarget" classname="org.eclipse.collections.impl.bag.immutable.ImmutableSingletonBagTest" time="0"/>
  <testcase name="collectBooleanWithBagTarget" classname="org.eclipse.collections.impl.bag.immutable.ImmutableSingletonBagTest" time="0"/>
  <testcase name="toSortedBag_with_comparator" classname="org.eclipse.collections.impl.bag.immutable.ImmutableSingletonBagTest" time="0.001"/>
  <testcase name="makeStringWithSeparator" classname="org.eclipse.collections.impl.bag.immutable.ImmutableSingletonBagTest" time="0"/>
  <testcase name="reduceOptional" classname="org.eclipse.collections.impl.bag.immutable.ImmutableSingletonBagTest" time="0"/>
  <testcase name="sumByFloatConsistentRounding" classname="org.eclipse.collections.impl.bag.immutable.ImmutableSingletonBagTest" time="0.042"/>
  <testcase name="minBy_null_throws" classname="org.eclipse.collections.impl.bag.immutable.ImmutableSingletonBagTest" time="0"/>
  <testcase name="minByOptional" classname="org.eclipse.collections.impl.bag.immutable.ImmutableSingletonBagTest" time="0"/>
  <testcase name="sumFloatConsistentRounding1" classname="org.eclipse.collections.impl.bag.immutable.ImmutableSingletonBagTest" time="0.045"/>
  <testcase name="sumFloatConsistentRounding2" classname="org.eclipse.collections.impl.bag.immutable.ImmutableSingletonBagTest" time="0.038"/>
  <testcase name="flatCollectWith" classname="org.eclipse.collections.impl.bag.immutable.ImmutableSingletonBagTest" time="0"/>
  <testcase name="anySatisfyWith" classname="org.eclipse.collections.impl.bag.immutable.ImmutableSingletonBagTest" time="0"/>
  <testcase name="iterator_throws" classname="org.eclipse.collections.impl.bag.immutable.ImmutableSingletonBagTest" time="0"/>
  <testcase name="sumByDouble" classname="org.eclipse.collections.impl.bag.immutable.ImmutableSingletonBagTest" time="0"/>
  <testcase name="toSortedBag_natural_ordering" classname="org.eclipse.collections.impl.bag.immutable.ImmutableSingletonBagTest" time="0"/>
  <testcase name="chunk_empty" classname="org.eclipse.collections.impl.bag.immutable.ImmutableSingletonBagTest" time="0.001"/>
  <testcase name="collectDoubleWithBagTarget" classname="org.eclipse.collections.impl.bag.immutable.ImmutableSingletonBagTest" time="0"/>
  <testcase name="chunk" classname="org.eclipse.collections.impl.bag.immutable.ImmutableSingletonBagTest" time="0"/>
  <testcase name="empty" classname="org.eclipse.collections.impl.bag.immutable.ImmutableSingletonBagTest" time="0"/>
  <testcase name="summarizeLong" classname="org.eclipse.collections.impl.bag.immutable.ImmutableSingletonBagTest" time="0"/>
  <testcase name="appendStringWithSeparatorAndStartAndEnd" classname="org.eclipse.collections.impl.bag.immutable.ImmutableSingletonBagTest" time="0"/>
  <testcase name="toSortedBag_with_null" classname="org.eclipse.collections.impl.bag.immutable.ImmutableSingletonBagTest" time="0"/>
  <testcase name="toSortedList_natural_ordering" classname="org.eclipse.collections.impl.bag.immutable.ImmutableSingletonBagTest" time="0.001"/>
  <testcase name="sumByLong" classname="org.eclipse.collections.impl.bag.immutable.ImmutableSingletonBagTest" time="0"/>
  <testcase name="toSortedList_with_comparator" classname="org.eclipse.collections.impl.bag.immutable.ImmutableSingletonBagTest" time="0"/>
  <testcase name="toCollection" classname="org.eclipse.collections.impl.bag.immutable.ImmutableSingletonBagTest" time="0"/>
  <testcase name="aggregateByMutating" classname="org.eclipse.collections.impl.bag.immutable.ImmutableSingletonBagTest" time="0"/>
  <testcase name="sumByDoubleConsistentRounding" classname="org.eclipse.collections.impl.bag.immutable.ImmutableSingletonBagTest" time="0.053"/>
  <testcase name="max_null_safe" classname="org.eclipse.collections.impl.bag.immutable.ImmutableSingletonBagTest" time="0"/>
  <testcase name="noneSatisfyWith" classname="org.eclipse.collections.impl.bag.immutable.ImmutableSingletonBagTest" time="0"/>
  <testcase name="maxBy_null_throws" classname="org.eclipse.collections.impl.bag.immutable.ImmutableSingletonBagTest" time="0"/>
  <testcase name="sumByFloat" classname="org.eclipse.collections.impl.bag.immutable.ImmutableSingletonBagTest" time="0"/>
  <testcase name="collectShortWithBagTarget" classname="org.eclipse.collections.impl.bag.immutable.ImmutableSingletonBagTest" time="0"/>
  <testcase name="testNewCollection" classname="org.eclipse.collections.impl.bag.immutable.ImmutableSingletonBagTest" time="0.001"/>
  <testcase name="appendStringWithSeparator" classname="org.eclipse.collections.impl.bag.immutable.ImmutableSingletonBagTest" time="0"/>
  <testcase name="summarizeFloat" classname="org.eclipse.collections.impl.bag.immutable.ImmutableSingletonBagTest" time="0"/>
  <testcase name="toSortedSetBy" classname="org.eclipse.collections.impl.bag.immutable.ImmutableSingletonBagTest" time="0"/>
  <testcase name="detectWithIfNoneBlock" classname="org.eclipse.collections.impl.bag.immutable.ImmutableSingletonBagTest" time="0"/>
  <testcase name="sumDoubleConsistentRounding1" classname="org.eclipse.collections.impl.bag.immutable.ImmutableSingletonBagTest" time="0.028"/>
  <testcase name="sumDoubleConsistentRounding2" classname="org.eclipse.collections.impl.bag.immutable.ImmutableSingletonBagTest" time="0.028"/>
  <testcase name="makeStringWithSeparatorAndStartAndEnd" classname="org.eclipse.collections.impl.bag.immutable.ImmutableSingletonBagTest" time="0"/>
  <testcase name="summarizeDouble" classname="org.eclipse.collections.impl.bag.immutable.ImmutableSingletonBagTest" time="0"/>
  <testcase name="summarizeInt" classname="org.eclipse.collections.impl.bag.immutable.ImmutableSingletonBagTest" time="0"/>
  <testcase name="collectLongWithBagTarget" classname="org.eclipse.collections.impl.bag.immutable.ImmutableSingletonBagTest" time="0"/>
  <testcase name="collectByteWithBagTarget" classname="org.eclipse.collections.impl.bag.immutable.ImmutableSingletonBagTest" time="0.001"/>
  <testcase name="maxByOptional" classname="org.eclipse.collections.impl.bag.immutable.ImmutableSingletonBagTest" time="0"/>
  <testcase name="groupByUniqueKey_throws_for_duplicate" classname="org.eclipse.collections.impl.bag.immutable.ImmutableSingletonBagTest" time="0"/>
  <testcase name="notEmpty" classname="org.eclipse.collections.impl.bag.immutable.ImmutableSingletonBagTest" time="0"/>
  <testcase name="collectIntWithBagTarget" classname="org.eclipse.collections.impl.bag.immutable.ImmutableSingletonBagTest" time="0"/>
  <testcase name="getOnly_empty_throws" classname="org.eclipse.collections.impl.bag.immutable.ImmutableSingletonBagTest" time="0.001"/>
  <testcase name="toSortedListBy_with_null" classname="org.eclipse.collections.impl.bag.immutable.ImmutableSingletonBagTest" time="0"/>
  <testcase name="getOnly_not_only_one_throws" classname="org.eclipse.collections.impl.bag.immutable.ImmutableSingletonBagTest" time="0"/>
  <testcase name="collectCharWithBagTarget" classname="org.eclipse.collections.impl.bag.immutable.ImmutableSingletonBagTest" time="0"/>
  <testcase name="aggregateByNonMutating" classname="org.eclipse.collections.impl.bag.immutable.ImmutableSingletonBagTest" time="0.001"/>
  <testcase name="min_empty_throws" classname="org.eclipse.collections.impl.bag.immutable.ImmutableSingletonBagTest" time="0"/>
  <testcase name="max_empty_throws" classname="org.eclipse.collections.impl.bag.immutable.ImmutableSingletonBagTest" time="0"/>
</testsuite>