<?xml version="1.0" encoding="UTF-8"?>
<testsuite xmlns:xsi="http://www.w3.org/2001/XMLSchema-instance" xsi:noNamespaceSchemaLocation="https://maven.apache.org/surefire/maven-surefire-plugin/xsd/surefire-test-report.xsd" name="TestSuite" time="1.068" tests="4" errors="0" skipped="0" failures="0">
  <properties>
    <property name="awt.toolkit" value="sun.awt.X11.XToolkit"/>
    <property name="file.encoding.pkg" value="sun.io"/>
    <property name="java.specification.version" value="1.8"/>
    <property name="sun.cpu.isalist" value=""/>
    <property name="sun.jnu.encoding" value="UTF-8"/>
    <property name="java.class.path" value="/root/workspace/gvauvert/iron/390689883/iron-spi-aws/target/test-classes:/root/workspace/gvauvert/iron/390689883/iron-spi-aws/target/classes:/root/./workspace/gvauvert/iron/390689883/.m2/io/reactivex/rxjava2/rxjava/2.1.13/rxjava-2.1.13.jar:/root/./workspace/gvauvert/iron/390689883/.m2/org/reactivestreams/reactive-streams/1.0.2/reactive-streams-1.0.2.jar:/root/./workspace/gvauvert/iron/390689883/.m2/com/amazonaws/aws-java-sdk-kinesis/1.11.308/aws-java-sdk-kinesis-1.11.308.jar:/root/./workspace/gvauvert/iron/390689883/.m2/com/amazonaws/aws-java-sdk-core/1.11.308/aws-java-sdk-core-1.11.308.jar:/root/./workspace/gvauvert/iron/390689883/.m2/commons-logging/commons-logging/1.1.3/commons-logging-1.1.3.jar:/root/./workspace/gvauvert/iron/390689883/.m2/org/apache/httpcomponents/httpclient/4.5.5/httpclient-4.5.5.jar:/root/./workspace/gvauvert/iron/390689883/.m2/org/apache/httpcomponents/httpcore/4.4.9/httpcore-4.4.9.jar:/root/./workspace/gvauvert/iron/390689883/.m2/commons-codec/commons-codec/1.10/commons-codec-1.10.jar:/root/./workspace/gvauvert/iron/390689883/.m2/software/amazon/ion/ion-java/1.0.2/ion-java-1.0.2.jar:/root/./workspace/gvauvert/iron/390689883/.m2/joda-time/joda-time/2.8.1/joda-time-2.8.1.jar:/root/./workspace/gvauvert/iron/390689883/.m2/com/amazonaws/jmespath-java/1.11.308/jmespath-java-1.11.308.jar:/root/./workspace/gvauvert/iron/390689883/.m2/com/amazonaws/aws-java-sdk-s3/1.11.308/aws-java-sdk-s3-1.11.308.jar:/root/./workspace/gvauvert/iron/390689883/.m2/com/amazonaws/aws-java-sdk-kms/1.11.308/aws-java-sdk-kms-1.11.308.jar:/root/./workspace/gvauvert/iron/390689883/.m2/com/fasterxml/jackson/core/jackson-annotations/2.9.5/jackson-annotations-2.9.5.jar:/root/./workspace/gvauvert/iron/390689883/.m2/com/fasterxml/jackson/core/jackson-core/2.9.5/jackson-core-2.9.5.jar:/root/./workspace/gvauvert/iron/390689883/.m2/com/fasterxml/jackson/core/jackson-databind/2.9.5/jackson-databind-2.9.5.jar:/root/./workspace/gvauvert/iron/390689883/.m2/com/fasterxml/jackson/dataformat/jackson-dataformat-cbor/2.9.5/jackson-dataformat-cbor-2.9.5.jar:/root/workspace/gvauvert/iron/390689883/iron-api/target/classes:/root/workspace/gvauvert/iron/390689883/iron-spi/target/classes:/root/./workspace/gvauvert/iron/390689883/.m2/com/google/code/findbugs/jsr305/3.0.2/jsr305-3.0.2.jar:/root/./workspace/gvauvert/iron/390689883/.m2/io/axway/alf/alf-api/0.8.0/alf-api-0.8.0.jar:/root/./workspace/gvauvert/iron/390689883/.m2/org/testng/testng/6.14.2/testng-6.14.2.jar:/root/./workspace/gvauvert/iron/390689883/.m2/com/beust/jcommander/1.72/jcommander-1.72.jar:/root/./workspace/gvauvert/iron/390689883/.m2/org/apache-extras/beanshell/bsh/2.0b6/bsh-2.0b6.jar:/root/./workspace/gvauvert/iron/390689883/.m2/org/assertj/assertj-core/3.9.1/assertj-core-3.9.1.jar:/root/./workspace/gvauvert/iron/390689883/.m2/io/axway/alf/alf-slf4j/0.8.0/alf-slf4j-0.8.0.jar:/root/./workspace/gvauvert/iron/390689883/.m2/org/slf4j/slf4j-api/1.7.25/slf4j-api-1.7.25.jar:/root/./workspace/gvauvert/iron/390689883/.m2/org/slf4j/slf4j-simple/1.7.25/slf4j-simple-1.7.25.jar:/root/./workspace/gvauvert/iron/390689883/.m2/org/jmockit/jmockit/1.22/jmockit-1.22.jar:/root/./workspace/gvauvert/iron/390689883/.m2/org/apache/maven/surefire/surefire-testng-utils/2.21.0/surefire-testng-utils-2.21.0.jar:/root/./workspace/gvauvert/iron/390689883/.m2/org/apache/maven/surefire/surefire-grouper/2.21.0/surefire-grouper-2.21.0.jar:"/>
    <property name="java.vm.vendor" value="Oracle Corporation"/>
    <property name="skip.bower" value="true"/>
    <property name="sun.arch.data.model" value="64"/>
    <property name="java.vendor.url" value="http://java.oracle.com/"/>
    <property name="user.timezone" value=""/>
    <property name="java.vm.specification.version" value="1.8"/>
    <property name="os.name" value="Linux"/>
    <property name="rat.skip" value="true"/>
    <property name="gpg.skip" value="true"/>
    <property name="sun.java.launcher" value="SUN_STANDARD"/>
    <property name="sun.boot.library.path" value="/usr/lib/jvm/java-8-openjdk-amd64/jre/lib/amd64"/>
    <property name="skip.gulp" value="true"/>
    <property name="sun.java.command" value="/root/workspace/gvauvert/iron/390689883/iron-spi-aws/target/surefire/surefirebooter9222307134700734348.jar /root/workspace/gvauvert/iron/390689883/iron-spi-aws/target/surefire 2018-06-11T11-46-58_014-jvmRun1 surefire1266163917531308950tmp surefire_14164806965772580349tmp"/>
    <property name="dependency-check.skip" value="true"/>
    <property name="surefire.test.class.path" value="/root/workspace/gvauvert/iron/390689883/iron-spi-aws/target/test-classes:/root/workspace/gvauvert/iron/390689883/iron-spi-aws/target/classes:/root/./workspace/gvauvert/iron/390689883/.m2/io/reactivex/rxjava2/rxjava/2.1.13/rxjava-2.1.13.jar:/root/./workspace/gvauvert/iron/390689883/.m2/org/reactivestreams/reactive-streams/1.0.2/reactive-streams-1.0.2.jar:/root/./workspace/gvauvert/iron/390689883/.m2/com/amazonaws/aws-java-sdk-kinesis/1.11.308/aws-java-sdk-kinesis-1.11.308.jar:/root/./workspace/gvauvert/iron/390689883/.m2/com/amazonaws/aws-java-sdk-core/1.11.308/aws-java-sdk-core-1.11.308.jar:/root/./workspace/gvauvert/iron/390689883/.m2/commons-logging/commons-logging/1.1.3/commons-logging-1.1.3.jar:/root/./workspace/gvauvert/iron/390689883/.m2/org/apache/httpcomponents/httpclient/4.5.5/httpclient-4.5.5.jar:/root/./workspace/gvauvert/iron/390689883/.m2/org/apache/httpcomponents/httpcore/4.4.9/httpcore-4.4.9.jar:/root/./workspace/gvauvert/iron/390689883/.m2/commons-codec/commons-codec/1.10/commons-codec-1.10.jar:/root/./workspace/gvauvert/iron/390689883/.m2/software/amazon/ion/ion-java/1.0.2/ion-java-1.0.2.jar:/root/./workspace/gvauvert/iron/390689883/.m2/joda-time/joda-time/2.8.1/joda-time-2.8.1.jar:/root/./workspace/gvauvert/iron/390689883/.m2/com/amazonaws/jmespath-java/1.11.308/jmespath-java-1.11.308.jar:/root/./workspace/gvauvert/iron/390689883/.m2/com/amazonaws/aws-java-sdk-s3/1.11.308/aws-java-sdk-s3-1.11.308.jar:/root/./workspace/gvauvert/iron/390689883/.m2/com/amazonaws/aws-java-sdk-kms/1.11.308/aws-java-sdk-kms-1.11.308.jar:/root/./workspace/gvauvert/iron/390689883/.m2/com/fasterxml/jackson/core/jackson-annotations/2.9.5/jackson-annotations-2.9.5.jar:/root/./workspace/gvauvert/iron/390689883/.m2/com/fasterxml/jackson/core/jackson-core/2.9.5/jackson-core-2.9.5.jar:/root/./workspace/gvauvert/iron/390689883/.m2/com/fasterxml/jackson/core/jackson-databind/2.9.5/jackson-databind-2.9.5.jar:/root/./workspace/gvauvert/iron/390689883/.m2/com/fasterxml/jackson/dataformat/jackson-dataformat-cbor/2.9.5/jackson-dataformat-cbor-2.9.5.jar:/root/workspace/gvauvert/iron/390689883/iron-api/target/classes:/root/workspace/gvauvert/iron/390689883/iron-spi/target/classes:/root/./workspace/gvauvert/iron/390689883/.m2/com/google/code/findbugs/jsr305/3.0.2/jsr305-3.0.2.jar:/root/./workspace/gvauvert/iron/390689883/.m2/io/axway/alf/alf-api/0.8.0/alf-api-0.8.0.jar:/root/./workspace/gvauvert/iron/390689883/.m2/org/testng/testng/6.14.2/testng-6.14.2.jar:/root/./workspace/gvauvert/iron/390689883/.m2/com/beust/jcommander/1.72/jcommander-1.72.jar:/root/./workspace/gvauvert/iron/390689883/.m2/org/apache-extras/beanshell/bsh/2.0b6/bsh-2.0b6.jar:/root/./workspace/gvauvert/iron/390689883/.m2/org/assertj/assertj-core/3.9.1/assertj-core-3.9.1.jar:/root/./workspace/gvauvert/iron/390689883/.m2/io/axway/alf/alf-slf4j/0.8.0/alf-slf4j-0.8.0.jar:/root/./workspace/gvauvert/iron/390689883/.m2/org/slf4j/slf4j-api/1.7.25/slf4j-api-1.7.25.jar:/root/./workspace/gvauvert/iron/390689883/.m2/org/slf4j/slf4j-simple/1.7.25/slf4j-simple-1.7.25.jar:/root/./workspace/gvauvert/iron/390689883/.m2/org/jmockit/jmockit/1.22/jmockit-1.22.jar:/root/./workspace/gvauvert/iron/390689883/.m2/org/apache/maven/surefire/surefire-testng-utils/2.21.0/surefire-testng-utils-2.21.0.jar:/root/./workspace/gvauvert/iron/390689883/.m2/org/apache/maven/surefire/surefire-grouper/2.21.0/surefire-grouper-2.21.0.jar:"/>
    <property name="sun.cpu.endian" value="little"/>
    <property name="user.home" value="/root"/>
    <property name="user.language" value="en"/>
    <property name="java.specification.vendor" value="Oracle Corporation"/>
    <property name="java.home" value="/usr/lib/jvm/java-8-openjdk-amd64/jre"/>
    <property name="basedir" value="/root/workspace/gvauvert/iron/390689883/iron-spi-aws"/>
    <property name="file.separator" value="/"/>
    <property name="checkstyle.skip" value="true"/>
    <property name="line.separator" value="&#10;"/>
    <property name="skip.npm" value="true"/>
    <property name="java.vm.specification.vendor" value="Oracle Corporation"/>
    <property name="java.specification.name" value="Java Platform API Specification"/>
    <property name="java.awt.graphicsenv" value="sun.awt.X11GraphicsEnvironment"/>
    <property name="skipITs" value="true"/>
    <property name="surefire.real.class.path" value="/root/workspace/gvauvert/iron/390689883/iron-spi-aws/target/surefire/surefirebooter9222307134700734348.jar"/>
    <property name="cobertura.skip" value="true"/>
    <property name="sun.boot.class.path" value="/usr/lib/jvm/java-8-openjdk-amd64/jre/lib/resources.jar:/usr/lib/jvm/java-8-openjdk-amd64/jre/lib/rt.jar:/usr/lib/jvm/java-8-openjdk-amd64/jre/lib/sunrsasign.jar:/usr/lib/jvm/java-8-openjdk-amd64/jre/lib/jsse.jar:/usr/lib/jvm/java-8-openjdk-amd64/jre/lib/jce.jar:/usr/lib/jvm/java-8-openjdk-amd64/jre/lib/charsets.jar:/usr/lib/jvm/java-8-openjdk-amd64/jre/lib/jfr.jar:/usr/lib/jvm/java-8-openjdk-amd64/jre/classes"/>
    <property name="sun.management.compiler" value="HotSpot 64-Bit Tiered Compilers"/>
    <property name="java.runtime.version" value="1.8.0_121-8u121-b13-1~bpo8+1-b13"/>
    <property name="user.name" value="root"/>
    <property name="findbugs.skip" value="true"/>
    <property name="path.separator" value=":"/>
    <property name="os.version" value="3.10.0-862.3.2.el7.x86_64"/>
    <property name="java.endorsed.dirs" value="/usr/lib/jvm/java-8-openjdk-amd64/jre/lib/endorsed"/>
    <property name="java.runtime.name" value="OpenJDK Runtime Environment"/>
    <property name="file.encoding" value="UTF-8"/>
    <property name="java.vm.name" value="OpenJDK 64-Bit Server VM"/>
    <property name="localRepository" value="/root/./workspace/gvauvert/iron/390689883/.m2"/>
    <property name="java.vendor.url.bug" value="http://bugreport.sun.com/bugreport/"/>
    <property name="java.io.tmpdir" value="/tmp"/>
    <property name="java.version" value="1.8.0_121"/>
    <property name="user.dir" value="/root/workspace/gvauvert/iron/390689883/iron-spi-aws/target/test-work"/>
    <property name="os.arch" value="amd64"/>
    <property name="license.skip" value="true"/>
    <property name="java.vm.specification.name" value="Java Virtual Machine Specification"/>
    <property name="java.awt.printerjob" value="sun.print.PSPrinterJob"/>
    <property name="sun.os.patch.level" value="unknown"/>
    <property name="java.library.path" value="/usr/java/packages/lib/amd64:/usr/lib/x86_64-linux-gnu/jni:/lib/x86_64-linux-gnu:/usr/lib/x86_64-linux-gnu:/usr/lib/jni:/lib:/usr/lib"/>
    <property name="java.vm.info" value="mixed mode"/>
    <property name="java.vendor" value="Oracle Corporation"/>
    <property name="java.vm.version" value="25.121-b13"/>
    <property name="java.ext.dirs" value="/usr/lib/jvm/java-8-openjdk-amd64/jre/lib/ext:/usr/java/packages/lib/ext"/>
    <property name="sun.io.unicode.encoding" value="UnicodeLittle"/>
    <property name="maven.repo.local" value="/root/./workspace/gvauvert/iron/390689883/.m2"/>
    <property name="enforcer.skip" value="true"/>
    <property name="java.class.version" value="52.0"/>
  </properties>
  <testcase name="shouldFindAS3Bucket" classname="io.axway.iron.spi.aws.s3.AwsS3UtilsTest" time="0.156"/>
  <testcase name="shouldFindNoS3Bucket" classname="io.axway.iron.spi.aws.s3.AwsS3UtilsTest" time="0.017"/>
  <testcase name="shouldThrowAnExceptionWhenNoS3BucketFound" classname="io.axway.iron.spi.aws.s3.AwsS3UtilsTest" time="0.013"/>
  <testcase name="shouldCreateS3Bucket" classname="io.axway.iron.spi.aws.s3.AwsS3SnapshotStoreTest" time="0.109"/>
</testsuite>