<?xml version="1.0" encoding="UTF-8" ?>
<testsuite tests="1" failures="0" name="eu.stamp_project.dspot.ProjectJSONTest" time="12.239" errors="1" skipped="0">
  <properties>
    <property name="java.runtime.name" value="OpenJDK Runtime Environment"/>
    <property name="sun.boot.library.path" value="/usr/lib/jvm/java-8-openjdk-amd64/jre/lib/amd64"/>
    <property name="java.vm.version" value="25.121-b13"/>
    <property name="java.vm.vendor" value="Oracle Corporation"/>
    <property name="maven.multiModuleProjectDirectory" value="/root/workspace/danglotb/dspot/385709878"/>
    <property name="java.vendor.url" value="http://java.oracle.com/"/>
    <property name="path.separator" value=":"/>
    <property name="guice.disable.misplaced.annotation.check" value="true"/>
    <property name="skip.gulp" value="true"/>
    <property name="java.vm.name" value="OpenJDK 64-Bit Server VM"/>
    <property name="file.encoding.pkg" value="sun.io"/>
    <property name="sun.java.launcher" value="SUN_STANDARD"/>
    <property name="sun.os.patch.level" value="unknown"/>
    <property name="findbugs.skip" value="true"/>
    <property name="java.vm.specification.name" value="Java Virtual Machine Specification"/>
    <property name="user.dir" value="/root/workspace/danglotb/dspot/385709878"/>
    <property name="checkstyle.skip" value="true"/>
    <property name="java.runtime.version" value="1.8.0_121-8u121-b13-1~bpo8+1-b13"/>
    <property name="java.awt.graphicsenv" value="sun.awt.X11GraphicsEnvironment"/>
    <property name="skip.npm" value="true"/>
    <property name="java.endorsed.dirs" value="/usr/lib/jvm/java-8-openjdk-amd64/jre/lib/endorsed"/>
    <property name="os.arch" value="amd64"/>
    <property name="java.io.tmpdir" value="/tmp"/>
    <property name="gpg.skip" value="true"/>
    <property name="line.separator" value="
"/>
    <property name="java.vm.specification.vendor" value="Oracle Corporation"/>
    <property name="cobertura.skip" value="true"/>
    <property name="os.name" value="Linux"/>
    <property name="classworlds.conf" value="/usr/share/maven/bin/m2.conf"/>
    <property name="sun.jnu.encoding" value="UTF-8"/>
    <property name="java.library.path" value="/usr/java/packages/lib/amd64:/usr/lib/x86_64-linux-gnu/jni:/lib/x86_64-linux-gnu:/usr/lib/x86_64-linux-gnu:/usr/lib/jni:/lib:/usr/lib"/>
    <property name="license.skip" value="true"/>
    <property name="java.specification.name" value="Java Platform API Specification"/>
    <property name="java.class.version" value="52.0"/>
    <property name="sun.management.compiler" value="HotSpot 64-Bit Tiered Compilers"/>
    <property name="skip.bower" value="true"/>
    <property name="maven.repo.local" value="/root/./workspace/danglotb/dspot/385709878/.m2"/>
    <property name="os.version" value="3.10.0-862.3.2.el7.x86_64"/>
    <property name="user.home" value="/root"/>
    <property name="user.timezone" value="Europe/Paris"/>
    <property name="java.awt.printerjob" value="sun.print.PSPrinterJob"/>
    <property name="java.specification.version" value="1.8"/>
    <property name="file.encoding" value="UTF-8"/>
    <property name="user.name" value="root"/>
    <property name="java.class.path" value="/usr/share/maven/boot/plexus-classworlds-2.5.2.jar"/>
    <property name="skipITs" value="true"/>
    <property name="java.vm.specification.version" value="1.8"/>
    <property name="sun.arch.data.model" value="64"/>
    <property name="java.home" value="/usr/lib/jvm/java-8-openjdk-amd64/jre"/>
    <property name="sun.java.command" value="org.codehaus.plexus.classworlds.launcher.Launcher -B -D enforcer.skip=true -D dependency-check.skip=true -D skipITs=true -D cobertura.skip=true -D maven.repo.local=/root/./workspace/danglotb/dspot/385709878/.m2 -D rat.skip=true -D findbugs.skip=true -D skip.bower=true -D gpg.skip=true -D checkstyle.skip=true -D skip.gulp=true -D license.skip=true -D skip.npm=true test"/>
    <property name="java.specification.vendor" value="Oracle Corporation"/>
    <property name="user.language" value="en"/>
    <property name="awt.toolkit" value="sun.awt.X11.XToolkit"/>
    <property name="dependency-check.skip" value="true"/>
    <property name="java.vm.info" value="mixed mode"/>
    <property name="java.version" value="1.8.0_121"/>
    <property name="java.ext.dirs" value="/usr/lib/jvm/java-8-openjdk-amd64/jre/lib/ext:/usr/java/packages/lib/ext"/>
    <property name="securerandom.source" value="file:/dev/./urandom"/>
    <property name="sun.boot.class.path" value="/usr/lib/jvm/java-8-openjdk-amd64/jre/lib/resources.jar:/usr/lib/jvm/java-8-openjdk-amd64/jre/lib/rt.jar:/usr/lib/jvm/java-8-openjdk-amd64/jre/lib/sunrsasign.jar:/usr/lib/jvm/java-8-openjdk-amd64/jre/lib/jsse.jar:/usr/lib/jvm/java-8-openjdk-amd64/jre/lib/jce.jar:/usr/lib/jvm/java-8-openjdk-amd64/jre/lib/charsets.jar:/usr/lib/jvm/java-8-openjdk-amd64/jre/lib/jfr.jar:/usr/lib/jvm/java-8-openjdk-amd64/jre/classes"/>
    <property name="java.vendor" value="Oracle Corporation"/>
    <property name="enforcer.skip" value="true"/>
    <property name="rat.skip" value="true"/>
    <property name="maven.home" value="/usr/share/maven"/>
    <property name="file.separator" value="/"/>
    <property name="java.vendor.url.bug" value="http://bugreport.sun.com/bugreport/"/>
    <property name="sun.cpu.endian" value="little"/>
    <property name="sun.io.unicode.encoding" value="UnicodeLittle"/>
    <property name="sun.cpu.isalist" value=""/>
  </properties>
  <testcase classname="eu.stamp_project.dspot.ProjectJSONTest" name="test" time="12.239">
    <error type="java.lang.NullPointerException">java.lang.NullPointerException
	at eu.stamp_project.dspot.selector.JacocoCoverageSelector.lambda$selectToKeep$3(JacocoCoverageSelector.java:136)
	at java.util.stream.ReferencePipeline$2$1.accept(ReferencePipeline.java:174)
	at java.util.ArrayList$ArrayListSpliterator.forEachRemaining(ArrayList.java:1374)
	at java.util.stream.AbstractPipeline.copyInto(AbstractPipeline.java:481)
	at java.util.stream.AbstractPipeline.wrapAndCopyInto(AbstractPipeline.java:471)
	at java.util.stream.ReduceOps$ReduceOp.evaluateSequential(ReduceOps.java:708)
	at java.util.stream.AbstractPipeline.evaluate(AbstractPipeline.java:234)
	at java.util.stream.ReferencePipeline.collect(ReferencePipeline.java:499)
	at eu.stamp_project.dspot.selector.JacocoCoverageSelector.selectToKeep(JacocoCoverageSelector.java:150)
	at eu.stamp_project.dspot.Amplification.amplification(Amplification.java:172)
	at eu.stamp_project.dspot.Amplification.amplification(Amplification.java:110)
	at eu.stamp_project.dspot.DSpot.amplifyTest(DSpot.java:191)
	at eu.stamp_project.dspot.DSpot.amplifyTest(DSpot.java:173)
	at java.util.stream.ReferencePipeline$3$1.accept(ReferencePipeline.java:193)
	at java.util.stream.ReferencePipeline$2$1.accept(ReferencePipeline.java:175)
	at java.util.stream.ReferencePipeline$2$1.accept(ReferencePipeline.java:175)
	at java.util.stream.ReferencePipeline$2$1.accept(ReferencePipeline.java:175)
	at java.util.ArrayList$ArrayListSpliterator.forEachRemaining(ArrayList.java:1374)
	at java.util.stream.AbstractPipeline.copyInto(AbstractPipeline.java:481)
	at java.util.stream.AbstractPipeline.wrapAndCopyInto(AbstractPipeline.java:471)
	at java.util.stream.ReduceOps$ReduceOp.evaluateSequential(ReduceOps.java:708)
	at java.util.stream.AbstractPipeline.evaluate(AbstractPipeline.java:234)
	at java.util.stream.ReferencePipeline.collect(ReferencePipeline.java:499)
	at eu.stamp_project.dspot.DSpot.amplifyTest(DSpot.java:169)
	at eu.stamp_project.dspot.ProjectJSONTest.test(ProjectJSONTest.java:55)
	at sun.reflect.NativeMethodAccessorImpl.invoke0(Native Method)
	at sun.reflect.NativeMethodAccessorImpl.invoke(NativeMethodAccessorImpl.java:62)
	at sun.reflect.DelegatingMethodAccessorImpl.invoke(DelegatingMethodAccessorImpl.java:43)
	at java.lang.reflect.Method.invoke(Method.java:498)
	at org.junit.runners.model.FrameworkMethod$1.runReflectiveCall(FrameworkMethod.java:50)
	at org.junit.internal.runners.model.ReflectiveCallable.run(ReflectiveCallable.java:12)
	at org.junit.runners.model.FrameworkMethod.invokeExplosively(FrameworkMethod.java:47)
	at org.junit.internal.runners.statements.InvokeMethod.evaluate(InvokeMethod.java:17)
	at org.junit.internal.runners.statements.RunBefores.evaluate(RunBefores.java:26)
	at org.junit.runners.ParentRunner.runLeaf(ParentRunner.java:325)
	at org.junit.runners.BlockJUnit4ClassRunner.runChild(BlockJUnit4ClassRunner.java:78)
	at org.junit.runners.BlockJUnit4ClassRunner.runChild(BlockJUnit4ClassRunner.java:57)
	at org.junit.runners.ParentRunner$3.run(ParentRunner.java:290)
	at org.junit.runners.ParentRunner$1.schedule(ParentRunner.java:71)
	at org.junit.runners.ParentRunner.runChildren(ParentRunner.java:288)
	at org.junit.runners.ParentRunner.access$000(ParentRunner.java:58)
	at org.junit.runners.ParentRunner$2.evaluate(ParentRunner.java:268)
	at org.junit.runners.ParentRunner.run(ParentRunner.java:363)
	at org.apache.maven.surefire.junit4.JUnit4Provider.execute(JUnit4Provider.java:252)
	at org.apache.maven.surefire.junit4.JUnit4Provider.executeTestSet(JUnit4Provider.java:141)
	at org.apache.maven.surefire.junit4.JUnit4Provider.invoke(JUnit4Provider.java:112)
	at sun.reflect.NativeMethodAccessorImpl.invoke0(Native Method)
	at sun.reflect.NativeMethodAccessorImpl.invoke(NativeMethodAccessorImpl.java:62)
	at sun.reflect.DelegatingMethodAccessorImpl.invoke(DelegatingMethodAccessorImpl.java:43)
	at java.lang.reflect.Method.invoke(Method.java:498)
	at org.apache.maven.surefire.util.ReflectionUtils.invokeMethodWithArray(ReflectionUtils.java:189)
	at org.apache.maven.surefire.booter.ProviderFactory$ProviderProxy.invoke(ProviderFactory.java:165)
	at org.apache.maven.surefire.booter.ProviderFactory.invokeProvider(ProviderFactory.java:85)
	at org.apache.maven.surefire.booter.ForkedBooter.runSuitesInProcess(ForkedBooter.java:115)
	at org.apache.maven.surefire.booter.ForkedBooter.main(ForkedBooter.java:75)
</error>
    <system-out>[131143] WARN AutomaticBuilderFactory - No automatic builder specified in configuration, going to default.
[131143] INFO AutomaticBuilderFactory - Default: provided Maven automatic builder.
[131143] INFO MavenAutomaticBuilder - run maven clean test -DskipTests dependency:build-classpath -Dmdep.outputFile=target/dspot/classpath
[WARN] Maven will be executed in interactive mode, but no input stream has been configured for this MavenInvoker instance.
[INFO] Scanning for projects...
[INFO]                                                                         
[INFO] ------------------------------------------------------------------------
[INFO] Building sample 1.0
[INFO] ------------------------------------------------------------------------
[INFO] 
[INFO] --- maven-clean-plugin:2.5:clean (default-clean) @ sample ---
[INFO] Deleting /root/workspace/danglotb/dspot/385709878/dspot/src/test/resources/sample/target
[INFO] 
[INFO] --- maven-resources-plugin:2.6:resources (default-resources) @ sample ---
[INFO] Using &apos;UTF-8&apos; encoding to copy filtered resources.
[INFO] skip non existing resourceDirectory /root/workspace/danglotb/dspot/385709878/dspot/src/test/resources/sample/src/main/resources
[INFO] 
[INFO] --- maven-compiler-plugin:3.1:compile (default-compile) @ sample ---
[INFO] Changes detected - recompiling the module!
[INFO] Compiling 16 source files to /root/workspace/danglotb/dspot/385709878/dspot/src/test/resources/sample/target/classes
[INFO] 
[INFO] --- maven-resources-plugin:2.6:testResources (default-testResources) @ sample ---
[INFO] Using &apos;UTF-8&apos; encoding to copy filtered resources.
[INFO] Copying 2 resources
[INFO] 
[INFO] --- maven-compiler-plugin:3.1:testCompile (default-testCompile) @ sample ---
[INFO] Changes detected - recompiling the module!
[INFO] Compiling 30 source files to /root/workspace/danglotb/dspot/385709878/dspot/src/test/resources/sample/target/test-classes
[INFO] 
[INFO] --- maven-surefire-plugin:2.20:test (default-test) @ sample ---
[INFO] Tests are skipped.
[INFO] 
[INFO] --- maven-dependency-plugin:2.8:build-classpath (default-cli) @ sample ---
[INFO] Wrote classpath file &apos;/root/workspace/danglotb/dspot/385709878/dspot/src/test/resources/sample/target/dspot/classpath&apos;.
[INFO] ------------------------------------------------------------------------
[INFO] BUILD SUCCESS
[INFO] ------------------------------------------------------------------------
[INFO] Total time: 3.140 s
[INFO] Finished at: 2018-05-30T16:21:15+02:00
[INFO] Final Memory: 21M/297M
[INFO] ------------------------------------------------------------------------
[136098] INFO Amplification - amplification of fr.inria.amp.TestJavaPoet (1 test(s))
[136145] INFO EntryPoint - Run: java -cp /root/workspace/danglotb/dspot/385709878/dspot/src/test/resources/sample/target/test-classes:/root/workspace/danglotb/dspot/385709878/dspot/src/test/resources/sample/target/classes:/root/.m2/repository/junit/junit/4.11/junit-4.11.jar:/root/.m2/repository/org/hamcrest/hamcrest-core/1.3/hamcrest-core-1.3.jar:/root/.m2/repository/com/google/truth/truth/0.28/truth-0.28.jar:/root/.m2/repository/com/google/guava/guava/18.0/guava-18.0.jar:/root/.m2/repository/org/assertj/assertj-core/1.7.1/assertj-core-1.7.1.jar:/root/workspace/danglotb/dspot/385709878/dspot/target/dspot/dependencies:/root/./workspace/danglotb/dspot/385709878/.m2/eu/stamp-project/test-runner/1.0.8/test-runner-1.0.8-jar-with-dependencies.jar eu.stamp_project.testrunner.runner.test.TestRunner fr.inria.amp.TestJavaPoet conflictingNameOutOfScope
File saved to the following path: /root/workspace/danglotb/dspot/385709878/dspot/target/dspot/TestListener.ser
[136478] INFO EntryPoint - Test has been run: conflictingNameOutOfScope
[136478] INFO Amplification - 0 amplified test(s) has been selected, global: 0
[136481] INFO Amplification - amp conflictingNameOutOfScope (1/1)
[136546] INFO EntryPoint - Run: java -cp /root/workspace/danglotb/dspot/385709878/dspot/src/test/resources/sample/target/test-classes:/root/workspace/danglotb/dspot/385709878/dspot/src/test/resources/sample/target/classes:/root/.m2/repository/junit/junit/4.11/junit-4.11.jar:/root/.m2/repository/org/hamcrest/hamcrest-core/1.3/hamcrest-core-1.3.jar:/root/.m2/repository/com/google/truth/truth/0.28/truth-0.28.jar:/root/.m2/repository/com/google/guava/guava/18.0/guava-18.0.jar:/root/.m2/repository/org/assertj/assertj-core/1.7.1/assertj-core-1.7.1.jar:/root/workspace/danglotb/dspot/385709878/dspot/target/dspot/dependencies:/root/./workspace/danglotb/dspot/385709878/.m2/eu/stamp-project/test-runner/1.0.8/test-runner-1.0.8-jar-with-dependencies.jar eu.stamp_project.testrunner.runner.test.TestRunner fr.inria.amp.TestJavaPoet conflictingNameOutOfScope
File saved to the following path: /root/workspace/danglotb/dspot/385709878/dspot/target/dspot/TestListener.ser
[136870] INFO EntryPoint - Test has been run: conflictingNameOutOfScope
[136870] INFO Amplification - iteration 0:
[136871] INFO EntryPoint - Run: java -cp /root/.m2/repository/junit/junit/4.11/junit-4.11.jar:/root/.m2/repository/org/hamcrest/hamcrest-core/1.3/hamcrest-core-1.3.jar:/root/.m2/repository/com/google/truth/truth/0.28/truth-0.28.jar:/root/.m2/repository/com/google/guava/guava/18.0/guava-18.0.jar:/root/.m2/repository/org/assertj/assertj-core/1.7.1/assertj-core-1.7.1.jar:/root/workspace/danglotb/dspot/385709878/dspot/src/test/resources/sample/target/classes:/root/workspace/danglotb/dspot/385709878/dspot/src/test/resources/sample/target/test-classes:/root/./workspace/danglotb/dspot/385709878/.m2/eu/stamp-project/test-runner/1.0.8/test-runner-1.0.8-jar-with-dependencies.jar:/root/./workspace/danglotb/dspot/385709878/.m2/org/jacoco/org.jacoco.core/0.7.9/org.jacoco.core-0.7.9.jar:/root/./workspace/danglotb/dspot/385709878/.m2/org/ow2/asm/asm-debug-all/5.2/asm-debug-all-5.2.jar:/root/./workspace/danglotb/dspot/385709878/.m2/commons-io/commons-io/2.5/commons-io-2.5.jar eu.stamp_project.testrunner.runner.coverage.JacocoRunner /root/workspace/danglotb/dspot/385709878/dspot/src/test/resources/sample/target/classes:/root/workspace/danglotb/dspot/385709878/dspot/src/test/resources/sample/target/test-classes fr.inria.amp.TestJavaPoet
File saved to the following path: /root/workspace/danglotb/dspot/385709878/dspot/target/dspot/globalCoverageResult.ser
[137359] INFO EntryPoint - Global Coverage has been computed 5 / 386
[137359] INFO EntryPoint - Run: java -cp /root/.m2/repository/junit/junit/4.11/junit-4.11.jar:/root/.m2/repository/org/hamcrest/hamcrest-core/1.3/hamcrest-core-1.3.jar:/root/.m2/repository/com/google/truth/truth/0.28/truth-0.28.jar:/root/.m2/repository/com/google/guava/guava/18.0/guava-18.0.jar:/root/.m2/repository/org/assertj/assertj-core/1.7.1/assertj-core-1.7.1.jar:/root/workspace/danglotb/dspot/385709878/dspot/src/test/resources/sample/target/classes:/root/workspace/danglotb/dspot/385709878/dspot/src/test/resources/sample/target/test-classes:/root/./workspace/danglotb/dspot/385709878/.m2/eu/stamp-project/test-runner/1.0.8/test-runner-1.0.8-jar-with-dependencies.jar:/root/./workspace/danglotb/dspot/385709878/.m2/org/jacoco/org.jacoco.core/0.7.9/org.jacoco.core-0.7.9.jar:/root/./workspace/danglotb/dspot/385709878/.m2/org/ow2/asm/asm-debug-all/5.2/asm-debug-all-5.2.jar:/root/./workspace/danglotb/dspot/385709878/.m2/commons-io/commons-io/2.5/commons-io-2.5.jar eu.stamp_project.testrunner.runner.coverage.JacocoRunnerPerTestMethods /root/workspace/danglotb/dspot/385709878/dspot/src/test/resources/sample/target/classes:/root/workspace/danglotb/dspot/385709878/dspot/src/test/resources/sample/target/test-classes fr.inria.amp.TestJavaPoet conflictingNameOutOfScope
File saved to the following path: /root/workspace/danglotb/dspot/385709878/dspot/target/dspot/perTestCoverageResult.ser
[137810] INFO EntryPoint - Global Coverage has been computed TestListener{runningTests=[], failingTests=[], assumptionFailingTests=[], ignoredTests=[]}
[137811] INFO Amplification - 1 tests selected to be amplified over 1 available tests
100% |================================================== ]/
[137811] INFO Amplification - 0 amplified test(s) has been selected, global: 0
[137811] INFO DSpot - elapsedTime 1713
[137840] DEBUG Launcher - building sources: [/root/workspace/danglotb/dspot/385709878/dspot/target/dspot/tmp_test_sources/fr/inria/amp/TestJavaPoet.java]
[137841] DEBUG Launcher - build args: [-encoding, UTF-8, -cp, /root/.m2/repository/junit/junit/4.11/junit-4.11.jar:/root/.m2/repository/org/hamcrest/hamcrest-core/1.3/hamcrest-core-1.3.jar:/root/.m2/repository/com/google/truth/truth/0.28/truth-0.28.jar:/root/.m2/repository/com/google/guava/guava/18.0/guava-18.0.jar:/root/.m2/repository/org/assertj/assertj-core/1.7.1/assertj-core-1.7.1.jar:/root/workspace/danglotb/dspot/385709878/dspot/src/test/resources/sample/target/classes:/root/workspace/danglotb/dspot/385709878/dspot/src/test/resources/sample/target/test-classes:, -1.8, -preserveAllLocals, -noExit, -enableJavadoc, /root/workspace/danglotb/dspot/385709878/dspot/target/dspot/tmp_test_sources/fr/inria/amp/TestJavaPoet.java]
[137886] DEBUG Launcher - built in 46 ms
[137886] DEBUG Launcher - building templates: []
[137886] DEBUG Launcher - built in 0 ms
[137887] DEBUG Launcher - model built in 47
[137887] DEBUG Launcher - compiling sources: [/root/workspace/danglotb/dspot/385709878/dspot/target/dspot/tmp_test_sources/fr/inria/amp/TestJavaPoet.java]
[137887] DEBUG Launcher - compile args: [-encoding, UTF-8, -cp, /root/.m2/repository/junit/junit/4.11/junit-4.11.jar:/root/.m2/repository/org/hamcrest/hamcrest-core/1.3/hamcrest-core-1.3.jar:/root/.m2/repository/com/google/truth/truth/0.28/truth-0.28.jar:/root/.m2/repository/com/google/guava/guava/18.0/guava-18.0.jar:/root/.m2/repository/org/assertj/assertj-core/1.7.1/assertj-core-1.7.1.jar:/root/workspace/danglotb/dspot/385709878/dspot/src/test/resources/sample/target/classes:/root/workspace/danglotb/dspot/385709878/dspot/src/test/resources/sample/target/test-classes:, -d, /root/workspace/danglotb/dspot/385709878/dspot/src/test/resources/sample/target/test-classes, -1.8, -proc:none, -preserveAllLocals, -noExit, -enableJavadoc, /root/workspace/danglotb/dspot/385709878/dspot/target/dspot/tmp_test_sources/fr/inria/amp/TestJavaPoet.java]
[137932] DEBUG Launcher - compiled in 45 ms
[137932] INFO EntryPoint - Run: java -cp /root/.m2/repository/junit/junit/4.11/junit-4.11.jar:/root/.m2/repository/org/hamcrest/hamcrest-core/1.3/hamcrest-core-1.3.jar:/root/.m2/repository/com/google/truth/truth/0.28/truth-0.28.jar:/root/.m2/repository/com/google/guava/guava/18.0/guava-18.0.jar:/root/.m2/repository/org/assertj/assertj-core/1.7.1/assertj-core-1.7.1.jar:/root/workspace/danglotb/dspot/385709878/dspot/src/test/resources/sample/target/classes:/root/workspace/danglotb/dspot/385709878/dspot/src/test/resources/sample/target/test-classes:/root/./workspace/danglotb/dspot/385709878/.m2/eu/stamp-project/test-runner/1.0.8/test-runner-1.0.8-jar-with-dependencies.jar:/root/./workspace/danglotb/dspot/385709878/.m2/org/jacoco/org.jacoco.core/0.7.9/org.jacoco.core-0.7.9.jar:/root/./workspace/danglotb/dspot/385709878/.m2/org/ow2/asm/asm-debug-all/5.2/asm-debug-all-5.2.jar:/root/./workspace/danglotb/dspot/385709878/.m2/commons-io/commons-io/2.5/commons-io-2.5.jar eu.stamp_project.testrunner.runner.coverage.JacocoRunner /root/workspace/danglotb/dspot/385709878/dspot/src/test/resources/sample/target/classes:/root/workspace/danglotb/dspot/385709878/dspot/src/test/resources/sample/target/test-classes fr.inria.amp.TestJavaPoet
File saved to the following path: /root/workspace/danglotb/dspot/385709878/dspot/target/dspot/globalCoverageResult.ser
[138393] INFO EntryPoint - Global Coverage has been computed 5 / 386

======= REPORT =======
Initial instruction coverage: 5 / 386
1.30%
Amplification results with 0 amplified tests.
Amplified instruction coverage: 5 / 386
1.30%

[138395] INFO DSpot - Print TestJavaPoetAmpl with 0 amplified test cases in target/trash/
[138395] DEBUG Launcher - printing fr.inria.amp.TestJavaPoetAmpl to /root/workspace/danglotb/dspot/385709878/dspot/target/trash
[138402] INFO Amplification - amplification of fr.inria.mutation.ClassUnderTestTest (2 test(s))
[138403] DEBUG Launcher - printing fr.inria.mutation.ClassUnderTestTest to /root/workspace/danglotb/dspot/385709878/dspot/target/dspot/tmp_test_sources
[138439] INFO EntryPoint - Run: java -cp /root/workspace/danglotb/dspot/385709878/dspot/src/test/resources/sample/target/test-classes:/root/workspace/danglotb/dspot/385709878/dspot/src/test/resources/sample/target/classes:/root/.m2/repository/junit/junit/4.11/junit-4.11.jar:/root/.m2/repository/org/hamcrest/hamcrest-core/1.3/hamcrest-core-1.3.jar:/root/.m2/repository/com/google/truth/truth/0.28/truth-0.28.jar:/root/.m2/repository/com/google/guava/guava/18.0/guava-18.0.jar:/root/.m2/repository/org/assertj/assertj-core/1.7.1/assertj-core-1.7.1.jar:/root/workspace/danglotb/dspot/385709878/dspot/target/dspot/dependencies:/root/./workspace/danglotb/dspot/385709878/.m2/eu/stamp-project/test-runner/1.0.8/test-runner-1.0.8-jar-with-dependencies.jar eu.stamp_project.testrunner.runner.test.TestRunner fr.inria.mutation.ClassUnderTestTest testAddCall:testLit
File saved to the following path: /root/workspace/danglotb/dspot/385709878/dspot/target/dspot/TestListener.ser
[138810] INFO EntryPoint - Test has been run: testAddCall,testLit
[138811] INFO Amplification - 0 amplified test(s) has been selected, global: 0
[138812] INFO Amplification - amp testAddCall (1/2)
[138812] DEBUG Launcher - printing fr.inria.mutation.ClassUnderTestTest to /root/workspace/danglotb/dspot/385709878/dspot/target/dspot/tmp_test_sources
[138854] INFO EntryPoint - Run: java -cp /root/workspace/danglotb/dspot/385709878/dspot/src/test/resources/sample/target/test-classes:/root/workspace/danglotb/dspot/385709878/dspot/src/test/resources/sample/target/classes:/root/.m2/repository/junit/junit/4.11/junit-4.11.jar:/root/.m2/repository/org/hamcrest/hamcrest-core/1.3/hamcrest-core-1.3.jar:/root/.m2/repository/com/google/truth/truth/0.28/truth-0.28.jar:/root/.m2/repository/com/google/guava/guava/18.0/guava-18.0.jar:/root/.m2/repository/org/assertj/assertj-core/1.7.1/assertj-core-1.7.1.jar:/root/workspace/danglotb/dspot/385709878/dspot/target/dspot/dependencies:/root/./workspace/danglotb/dspot/385709878/.m2/eu/stamp-project/test-runner/1.0.8/test-runner-1.0.8-jar-with-dependencies.jar eu.stamp_project.testrunner.runner.test.TestRunner fr.inria.mutation.ClassUnderTestTest testAddCall
File saved to the following path: /root/workspace/danglotb/dspot/385709878/dspot/target/dspot/TestListener.ser
[139242] INFO EntryPoint - Test has been run: testAddCall
[139242] INFO Amplification - iteration 0:
[139242] INFO EntryPoint - Run: java -cp /root/.m2/repository/junit/junit/4.11/junit-4.11.jar:/root/.m2/repository/org/hamcrest/hamcrest-core/1.3/hamcrest-core-1.3.jar:/root/.m2/repository/com/google/truth/truth/0.28/truth-0.28.jar:/root/.m2/repository/com/google/guava/guava/18.0/guava-18.0.jar:/root/.m2/repository/org/assertj/assertj-core/1.7.1/assertj-core-1.7.1.jar:/root/workspace/danglotb/dspot/385709878/dspot/src/test/resources/sample/target/classes:/root/workspace/danglotb/dspot/385709878/dspot/src/test/resources/sample/target/test-classes:/root/./workspace/danglotb/dspot/385709878/.m2/eu/stamp-project/test-runner/1.0.8/test-runner-1.0.8-jar-with-dependencies.jar:/root/./workspace/danglotb/dspot/385709878/.m2/org/jacoco/org.jacoco.core/0.7.9/org.jacoco.core-0.7.9.jar:/root/./workspace/danglotb/dspot/385709878/.m2/org/ow2/asm/asm-debug-all/5.2/asm-debug-all-5.2.jar:/root/./workspace/danglotb/dspot/385709878/.m2/commons-io/commons-io/2.5/commons-io-2.5.jar eu.stamp_project.testrunner.runner.coverage.JacocoRunner /root/workspace/danglotb/dspot/385709878/dspot/src/test/resources/sample/target/classes:/root/workspace/danglotb/dspot/385709878/dspot/src/test/resources/sample/target/test-classes fr.inria.mutation.ClassUnderTestTest
File saved to the following path: /root/workspace/danglotb/dspot/385709878/dspot/target/dspot/globalCoverageResult.ser
[139795] INFO EntryPoint - Global Coverage has been computed 11 / 386
[139795] INFO EntryPoint - Run: java -cp /root/.m2/repository/junit/junit/4.11/junit-4.11.jar:/root/.m2/repository/org/hamcrest/hamcrest-core/1.3/hamcrest-core-1.3.jar:/root/.m2/repository/com/google/truth/truth/0.28/truth-0.28.jar:/root/.m2/repository/com/google/guava/guava/18.0/guava-18.0.jar:/root/.m2/repository/org/assertj/assertj-core/1.7.1/assertj-core-1.7.1.jar:/root/workspace/danglotb/dspot/385709878/dspot/src/test/resources/sample/target/classes:/root/workspace/danglotb/dspot/385709878/dspot/src/test/resources/sample/target/test-classes:/root/./workspace/danglotb/dspot/385709878/.m2/eu/stamp-project/test-runner/1.0.8/test-runner-1.0.8-jar-with-dependencies.jar:/root/./workspace/danglotb/dspot/385709878/.m2/org/jacoco/org.jacoco.core/0.7.9/org.jacoco.core-0.7.9.jar:/root/./workspace/danglotb/dspot/385709878/.m2/org/ow2/asm/asm-debug-all/5.2/asm-debug-all-5.2.jar:/root/./workspace/danglotb/dspot/385709878/.m2/commons-io/commons-io/2.5/commons-io-2.5.jar eu.stamp_project.testrunner.runner.coverage.JacocoRunnerPerTestMethods /root/workspace/danglotb/dspot/385709878/dspot/src/test/resources/sample/target/classes:/root/workspace/danglotb/dspot/385709878/dspot/src/test/resources/sample/target/test-classes fr.inria.mutation.ClassUnderTestTest testAddCall
File saved to the following path: /root/workspace/danglotb/dspot/385709878/dspot/target/dspot/perTestCoverageResult.ser
[140406] INFO EntryPoint - Global Coverage has been computed TestListener{runningTests=[], failingTests=[], assumptionFailingTests=[], ignoredTests=[]}
[140406] INFO Amplification - 1 tests selected to be amplified over 1 available tests
100% |================================================== ]/
[140415] INFO AssertGenerator - Run tests. (8)
[140418] DEBUG Launcher - printing fr.inria.mutation.ClassUnderTestTest to /root/workspace/danglotb/dspot/385709878/dspot/target/dspot/tmp_test_sources
[140469] INFO EntryPoint - Run: java -cp /root/workspace/danglotb/dspot/385709878/dspot/src/test/resources/sample/target/test-classes:/root/workspace/danglotb/dspot/385709878/dspot/src/test/resources/sample/target/classes:/root/.m2/repository/junit/junit/4.11/junit-4.11.jar:/root/.m2/repository/org/hamcrest/hamcrest-core/1.3/hamcrest-core-1.3.jar:/root/.m2/repository/com/google/truth/truth/0.28/truth-0.28.jar:/root/.m2/repository/com/google/guava/guava/18.0/guava-18.0.jar:/root/.m2/repository/org/assertj/assertj-core/1.7.1/assertj-core-1.7.1.jar:/root/workspace/danglotb/dspot/385709878/dspot/target/dspot/dependencies:/root/./workspace/danglotb/dspot/385709878/.m2/eu/stamp-project/test-runner/1.0.8/test-runner-1.0.8-jar-with-dependencies.jar eu.stamp_project.testrunner.runner.test.TestRunner fr.inria.mutation.ClassUnderTestTest testAddCall_literalMutationNumber1:testAddCall_literalMutationNumber2:testAddCall_literalMutationNumber3:testAddCall_literalMutationNumber4:testAddCall_literalMutationNumber5:testAddCall_literalMutationNumber6:testAddCall_literalMutationNumber7:testAddCall_literalMutationNumber8
File saved to the following path: /root/workspace/danglotb/dspot/385709878/dspot/target/dspot/TestListener.ser
[140915] INFO EntryPoint - Test has been run: testAddCall_literalMutationNumber1,testAddCall_literalMutationNumber2,testAddCall_literalMutationNumber3,testAddCall_literalMutationNumber4,testAddCall_literalMutationNumber5,testAddCall_literalMutationNumber6,testAddCall_literalMutationNumber7,testAddCall_literalMutationNumber8
[140915] INFO AssertGenerator - 8 test pass, generating assertion...
[140917] INFO MethodsAssertGenerator - Add observations points in passing tests.
[140918] INFO MethodsAssertGenerator - Instrumentation...
 12% |====== ]/ 25% |============ ]- 37% |================== ]\ 50% |========================= ]| 62% |=============================== ]/ 75% |===================================== ]- 87% |=========================================== ]\100% |================================================== ]|
[140977] INFO MethodsAssertGenerator - Run instrumented tests. (24)
[140995] DEBUG Launcher - printing fr.inria.mutation.ClassUnderTestTest to /root/workspace/danglotb/dspot/385709878/dspot/target/dspot/tmp_test_sources
[141093] INFO EntryPoint - Run: java -cp /root/workspace/danglotb/dspot/385709878/dspot/src/test/resources/sample/target/test-classes:/root/workspace/danglotb/dspot/385709878/dspot/src/test/resources/sample/target/classes:/root/.m2/repository/junit/junit/4.11/junit-4.11.jar:/root/.m2/repository/org/hamcrest/hamcrest-core/1.3/hamcrest-core-1.3.jar:/root/.m2/repository/com/google/truth/truth/0.28/truth-0.28.jar:/root/.m2/repository/com/google/guava/guava/18.0/guava-18.0.jar:/root/.m2/repository/org/assertj/assertj-core/1.7.1/assertj-core-1.7.1.jar:/root/workspace/danglotb/dspot/385709878/dspot/target/dspot/dependencies:/root/./workspace/danglotb/dspot/385709878/.m2/eu/stamp-project/test-runner/1.0.8/test-runner-1.0.8-jar-with-dependencies.jar eu.stamp_project.testrunner.runner.test.TestRunner fr.inria.mutation.ClassUnderTestTest testAddCall_literalMutationNumber1_withlog0:testAddCall_literalMutationNumber2_withlog0:testAddCall_literalMutationNumber3_withlog0:testAddCall_literalMutationNumber4_withlog0:testAddCall_literalMutationNumber5_withlog0:testAddCall_literalMutationNumber6_withlog0:testAddCall_literalMutationNumber7_withlog0:testAddCall_literalMutationNumber8_withlog0:testAddCall_literalMutationNumber1_withlog1:testAddCall_literalMutationNumber2_withlog1:testAddCall_literalMutationNumber3_withlog1:testAddCall_literalMutationNumber4_withlog1:testAddCall_literalMutationNumber5_withlog1:testAddCall_literalMutationNumber6_withlog1:testAddCall_literalMutationNumber7_withlog1:testAddCall_literalMutationNumber8_withlog1:testAddCall_literalMutationNumber1_withlog2:testAddCall_literalMutationNumber2_withlog2:testAddCall_literalMutationNumber3_withlog2:testAddCall_literalMutationNumber4_withlog2:testAddCall_literalMutationNumber5_withlog2:testAddCall_literalMutationNumber6_withlog2:testAddCall_literalMutationNumber7_withlog2:testAddCall_literalMutationNumber8_withlog2
File saved to the following path: /root/workspace/danglotb/dspot/385709878/dspot/target/dspot/observations.ser
File saved to the following path: /root/workspace/danglotb/dspot/385709878/dspot/target/dspot/TestListener.ser
[141810] INFO EntryPoint - Test has been run: testAddCall_literalMutationNumber3_withlog0,testAddCall_literalMutationNumber3_withlog1,testAddCall_literalMutationNumber3_withlog2,testAddCall_literalMutationNumber2_withlog0,testAddCall_literalMutationNumber2_withlog1,testAddCall_literalMutationNumber2_withlog2,testAddCall_literalMutationNumber1_withlog0,testAddCall_literalMutationNumber1_withlog1,testAddCall_literalMutationNumber1_withlog2,testAddCall_literalMutationNumber8_withlog0,testAddCall_literalMutationNumber8_withlog1,testAddCall_literalMutationNumber8_withlog2,testAddCall_literalMutationNumber7_withlog0,testAddCall_literalMutationNumber7_withlog1,testAddCall_literalMutationNumber7_withlog2,testAddCall_literalMutationNumber6_withlog0,testAddCall_literalMutationNumber6_withlog1,testAddCall_literalMutationNumber6_withlog2,testAddCall_literalMutationNumber5_withlog0,testAddCall_literalMutationNumber5_withlog1,testAddCall_literalMutationNumber5_withlog2,testAddCall_literalMutationNumber4_withlog0,testAddCall_literalMutationNumber4_withlog1,testAddCall_literalMutationNumber4_withlog2
[141813] INFO MethodsAssertGenerator - Generating assertions...
[141833] INFO AssertGenerator - 8 new tests with assertions generated
[141838] DEBUG Launcher - printing fr.inria.mutation.ClassUnderTestTest to /root/workspace/danglotb/dspot/385709878/dspot/target/dspot/tmp_test_sources
[141898] INFO EntryPoint - Run: java -cp /root/workspace/danglotb/dspot/385709878/dspot/src/test/resources/sample/target/test-classes:/root/workspace/danglotb/dspot/385709878/dspot/src/test/resources/sample/target/classes:/root/.m2/repository/junit/junit/4.11/junit-4.11.jar:/root/.m2/repository/org/hamcrest/hamcrest-core/1.3/hamcrest-core-1.3.jar:/root/.m2/repository/com/google/truth/truth/0.28/truth-0.28.jar:/root/.m2/repository/com/google/guava/guava/18.0/guava-18.0.jar:/root/.m2/repository/org/assertj/assertj-core/1.7.1/assertj-core-1.7.1.jar:/root/workspace/danglotb/dspot/385709878/dspot/target/dspot/dependencies:/root/./workspace/danglotb/dspot/385709878/.m2/eu/stamp-project/test-runner/1.0.8/test-runner-1.0.8-jar-with-dependencies.jar eu.stamp_project.testrunner.runner.test.TestRunner fr.inria.mutation.ClassUnderTestTest testAddCall_literalMutationNumber1:testAddCall_literalMutationNumber2:testAddCall_literalMutationNumber3:testAddCall_literalMutationNumber4:testAddCall_literalMutationNumber5:testAddCall_literalMutationNumber6:testAddCall_literalMutationNumber7:testAddCall_literalMutationNumber8
File saved to the following path: /root/workspace/danglotb/dspot/385709878/dspot/target/dspot/TestListener.ser
[142581] INFO EntryPoint - Test has been run: testAddCall_literalMutationNumber1,testAddCall_literalMutationNumber2,testAddCall_literalMutationNumber3,testAddCall_literalMutationNumber4,testAddCall_literalMutationNumber5,testAddCall_literalMutationNumber6,testAddCall_literalMutationNumber7,testAddCall_literalMutationNumber8
[142581] INFO Amplification - 8 test method(s) has been successfully generated
[142582] INFO EntryPoint - Run: java -cp /root/.m2/repository/junit/junit/4.11/junit-4.11.jar:/root/.m2/repository/org/hamcrest/hamcrest-core/1.3/hamcrest-core-1.3.jar:/root/.m2/repository/com/google/truth/truth/0.28/truth-0.28.jar:/root/.m2/repository/com/google/guava/guava/18.0/guava-18.0.jar:/root/.m2/repository/org/assertj/assertj-core/1.7.1/assertj-core-1.7.1.jar:/root/workspace/danglotb/dspot/385709878/dspot/src/test/resources/sample/target/classes:/root/workspace/danglotb/dspot/385709878/dspot/src/test/resources/sample/target/test-classes:/root/./workspace/danglotb/dspot/385709878/.m2/eu/stamp-project/test-runner/1.0.8/test-runner-1.0.8-jar-with-dependencies.jar:/root/./workspace/danglotb/dspot/385709878/.m2/org/jacoco/org.jacoco.core/0.7.9/org.jacoco.core-0.7.9.jar:/root/./workspace/danglotb/dspot/385709878/.m2/org/ow2/asm/asm-debug-all/5.2/asm-debug-all-5.2.jar:/root/./workspace/danglotb/dspot/385709878/.m2/commons-io/commons-io/2.5/commons-io-2.5.jar eu.stamp_project.testrunner.runner.coverage.JacocoRunnerPerTestMethods /root/workspace/danglotb/dspot/385709878/dspot/src/test/resources/sample/target/classes:/root/workspace/danglotb/dspot/385709878/dspot/src/test/resources/sample/target/test-classes fr.inria.mutation.ClassUnderTestTest testAddCall_literalMutationNumber1:testAddCall_literalMutationNumber2:testAddCall_literalMutationNumber3:testAddCall_literalMutationNumber4:testAddCall_literalMutationNumber5:testAddCall_literalMutationNumber6:testAddCall_literalMutationNumber7:testAddCall_literalMutationNumber8
File saved to the following path: /root/workspace/danglotb/dspot/385709878/dspot/target/dspot/perTestCoverageResult.ser
[143378] INFO EntryPoint - Global Coverage has been computed TestListener{runningTests=[], failingTests=[], assumptionFailingTests=[], ignoredTests=[]}
</system-out>
  </testcase>
</testsuite>