<?xml version="1.0" encoding="UTF-8"?>
<!-- Generated by org.testng.reporters.JUnitReportReporter -->
<testsuite hostname="cyclone1" name="test.nc.noumea.mairie.bilan.energie.contract.dto.GetterSetterTest" tests="1" failures="0" timestamp="4 Jun 2018 05:32:41 GMT" time="0.060" errors="0">
  <testcase name="testAllGetterSetter" time="0.060" classname="test.nc.noumea.mairie.bilan.energie.contract.dto.GetterSetterTest"/>
</testsuite> <!-- test.nc.noumea.mairie.bilan.energie.contract.dto.GetterSetterTest -->
