<?xml version="1.0" encoding="UTF-8"?>
<!-- Generated by org.testng.reporters.JUnitReportReporter -->
<testsuite hostname="cyclone1" name="org.wso2.carbon.identity.base.SignInPolicyTest" tests="2" failures="0" timestamp="4 Jun 2018 12:27:12 GMT" time="0.499" errors="0">
  <testcase name="testGetSignOnlyPolicy" time="0.495" classname="org.wso2.carbon.identity.base.SignInPolicyTest"/>
  <testcase name="testGetSignOnlyPolicyInvalidPolicyString" time="0.004" classname="org.wso2.carbon.identity.base.SignInPolicyTest"/>
</testsuite> <!-- org.wso2.carbon.identity.base.SignInPolicyTest -->
