<?xml version="1.0" encoding="UTF-8"?>
<!-- Generated by org.testng.reporters.JUnitReportReporter -->
<testsuite hostname="cyclone1" name="org.wso2.carbon.identity.base.IdentityValidationUtilTest" tests="38" failures="0" timestamp="4 Jun 2018 12:27:12 GMT" time="0.061" errors="0">
  <testcase name="testIsValidOverBlackListPatterns" time="0.001" classname="org.wso2.carbon.identity.base.IdentityValidationUtilTest"/>
  <testcase name="testAddPatternNegative" time="0.001" classname="org.wso2.carbon.identity.base.IdentityValidationUtilTest"/>
  <testcase name="testIsValidOverWhiteListPatterns" time="0.000" classname="org.wso2.carbon.identity.base.IdentityValidationUtilTest"/>
  <testcase name="testIsValid" time="0.001" classname="org.wso2.carbon.identity.base.IdentityValidationUtilTest"/>
  <testcase name="testAddPatternNegative" time="0.001" classname="org.wso2.carbon.identity.base.IdentityValidationUtilTest"/>
  <testcase name="testGetValidInputForInvalidInput" time="0.000" classname="org.wso2.carbon.identity.base.IdentityValidationUtilTest"/>
  <testcase name="testIsValid" time="0.000" classname="org.wso2.carbon.identity.base.IdentityValidationUtilTest"/>
  <testcase name="testRemovePattern" time="0.001" classname="org.wso2.carbon.identity.base.IdentityValidationUtilTest"/>
  <testcase name="testIsValidOverWhiteListPatterns" time="0.000" classname="org.wso2.carbon.identity.base.IdentityValidationUtilTest"/>
  <testcase name="testIsValidOverBlackListPatterns" time="0.001" classname="org.wso2.carbon.identity.base.IdentityValidationUtilTest"/>
  <testcase name="testIsValidOverWhiteListPatterns" time="0.000" classname="org.wso2.carbon.identity.base.IdentityValidationUtilTest"/>
  <testcase name="testIsValidOverWhiteListPatterns" time="0.001" classname="org.wso2.carbon.identity.base.IdentityValidationUtilTest"/>
  <testcase name="testGetValidInputOverBlackListPatterns" time="0.001" classname="org.wso2.carbon.identity.base.IdentityValidationUtilTest"/>
  <testcase name="testGetValidInput" time="0.000" classname="org.wso2.carbon.identity.base.IdentityValidationUtilTest"/>
  <testcase name="testAddPatternNegative" time="0.002" classname="org.wso2.carbon.identity.base.IdentityValidationUtilTest"/>
  <testcase name="testIsValidOverBlackListPatterns" time="0.001" classname="org.wso2.carbon.identity.base.IdentityValidationUtilTest"/>
  <testcase name="testGetValidInputOverWhiteListPatternsInvalidInput" time="0.014" classname="org.wso2.carbon.identity.base.IdentityValidationUtilTest"/>
  <testcase name="testPatternExists" time="0.000" classname="org.wso2.carbon.identity.base.IdentityValidationUtilTest"/>
  <testcase name="testIsValidOverBlackListPatterns" time="0.002" classname="org.wso2.carbon.identity.base.IdentityValidationUtilTest"/>
  <testcase name="testIsValid" time="0.000" classname="org.wso2.carbon.identity.base.IdentityValidationUtilTest"/>
  <testcase name="testIsValidOverWhiteListPatternsNoPatterns" time="0.001" classname="org.wso2.carbon.identity.base.IdentityValidationUtilTest"/>
  <testcase name="testIsValidWithInvalidWhiteListPatterns" time="0.001" classname="org.wso2.carbon.identity.base.IdentityValidationUtilTest"/>
  <testcase name="testIsValid" time="0.001" classname="org.wso2.carbon.identity.base.IdentityValidationUtilTest"/>
  <testcase name="testAddPatternNegative" time="0.001" classname="org.wso2.carbon.identity.base.IdentityValidationUtilTest"/>
  <testcase name="testIsValidWithInvalidWhiteListPatterns" time="0.001" classname="org.wso2.carbon.identity.base.IdentityValidationUtilTest"/>
  <testcase name="testIsValidOverWhiteListPatterns" time="0.000" classname="org.wso2.carbon.identity.base.IdentityValidationUtilTest"/>
  <testcase name="testIsValid" time="0.002" classname="org.wso2.carbon.identity.base.IdentityValidationUtilTest"/>
  <testcase name="testIsValidOverWhiteListPatternsInvalidPatterns" time="0.002" classname="org.wso2.carbon.identity.base.IdentityValidationUtilTest"/>
  <testcase name="testIsValidWithInvalidWhiteListPatterns" time="0.001" classname="org.wso2.carbon.identity.base.IdentityValidationUtilTest"/>
  <testcase name="testIsValidOverBlackListPatterns" time="0.001" classname="org.wso2.carbon.identity.base.IdentityValidationUtilTest"/>
  <testcase name="testGetValidInputOverWhiteListPatterns" time="0.000" classname="org.wso2.carbon.identity.base.IdentityValidationUtilTest"/>
  <testcase name="testIsValidOverWhiteListPatterns" time="0.001" classname="org.wso2.carbon.identity.base.IdentityValidationUtilTest"/>
  <testcase name="testIsValidWithInvalidWhiteListPatterns" time="0.000" classname="org.wso2.carbon.identity.base.IdentityValidationUtilTest"/>
  <testcase name="testIsValidOverBlackListPatternsInvalidPatterns" time="0.001" classname="org.wso2.carbon.identity.base.IdentityValidationUtilTest"/>
  <testcase name="testGetValidInputOverBlackListPatternsInvalidInput" time="0.001" classname="org.wso2.carbon.identity.base.IdentityValidationUtilTest"/>
  <testcase name="testIsValidOverBlackListPatterns" time="0.001" classname="org.wso2.carbon.identity.base.IdentityValidationUtilTest"/>
  <testcase name="testIsValidWithInvalidWhiteListPatterns" time="0.000" classname="org.wso2.carbon.identity.base.IdentityValidationUtilTest"/>
  <testcase name="testAddPattern" time="0.019" classname="org.wso2.carbon.identity.base.IdentityValidationUtilTest"/>
</testsuite> <!-- org.wso2.carbon.identity.base.IdentityValidationUtilTest -->
