<?xml version="1.0" encoding="UTF-8"?>
<!-- Generated by org.testng.reporters.JUnitReportReporter -->
<testsuite hostname="cyclone1" name="org.wso2.carbon.identity.base.IdentityBaseUtilTest" tests="1" failures="0" timestamp="4 Jun 2018 12:27:12 GMT" time="2.499" errors="0">
  <testcase name="testGetDefaultRampartConfig" time="2.499" classname="org.wso2.carbon.identity.base.IdentityBaseUtilTest"/>
</testsuite> <!-- org.wso2.carbon.identity.base.IdentityBaseUtilTest -->
