<?xml version="1.0" encoding="UTF-8"?>
<!-- Generated by org.testng.reporters.JUnitReportReporter -->
<testsuite hostname="cyclone1" name="org.wso2.carbon.identity.base.InMemoryPasswordCallbackHandlerTest" tests="2" failures="0" timestamp="4 Jun 2018 12:27:12 GMT" time="0.006" errors="0">
  <testcase name="testHandle" time="0.003" classname="org.wso2.carbon.identity.base.InMemoryPasswordCallbackHandlerTest"/>
  <testcase name="testHandleInvalidUser" time="0.003" classname="org.wso2.carbon.identity.base.InMemoryPasswordCallbackHandlerTest"/>
</testsuite> <!-- org.wso2.carbon.identity.base.InMemoryPasswordCallbackHandlerTest -->
