<?xml version="1.0" encoding="UTF-8"?>
<!-- Generated by org.testng.reporters.JUnitReportReporter -->
<testsuite hostname="cyclone1" name="org.molgenis.data.migrate.version.MolgenisVersionServiceTest" tests="3" failures="0" timestamp="30 May 2018 12:54:49 GMT" time="2.189" errors="0">
  <testcase name="testGetAppVersion" time="1.300" classname="org.molgenis.data.migrate.version.MolgenisVersionServiceTest"/>
  <testcase name="testGetSchemaVersion" time="0.875" classname="org.molgenis.data.migrate.version.MolgenisVersionServiceTest"/>
  <testcase name="testSetSchemaVersion" time="0.014" classname="org.molgenis.data.migrate.version.MolgenisVersionServiceTest"/>
</testsuite> <!-- org.molgenis.data.migrate.version.MolgenisVersionServiceTest -->
