<?xml version="1.0" encoding="UTF-8"?>
<!-- Generated by org.testng.reporters.JUnitReportReporter -->
<testsuite hostname="cyclone1" name="org.molgenis.data.migrate.version.MolgenisVersionServiceTest" tests="3" failures="0" timestamp="1 Jun 2018 11:41:33 GMT" time="1.750" errors="0">
  <testcase name="testSetSchemaVersion" time="1.012" classname="org.molgenis.data.migrate.version.MolgenisVersionServiceTest"/>
  <testcase name="testGetSchemaVersion" time="0.713" classname="org.molgenis.data.migrate.version.MolgenisVersionServiceTest"/>
  <testcase name="testGetAppVersion" time="0.025" classname="org.molgenis.data.migrate.version.MolgenisVersionServiceTest"/>
</testsuite> <!-- org.molgenis.data.migrate.version.MolgenisVersionServiceTest -->
