<?xml version="1.0" encoding="UTF-8"?>
<!-- Generated by org.testng.reporters.JUnitReportReporter -->
<testsuite hostname="cyclone1" name="org.molgenis.swagger.controller.SwaggerControllerTest" tests="4" failures="0" timestamp="1 Jun 2018 11:54:23 GMT" time="1.732" errors="0">
  <testcase name="testSwaggerHostAddsPort" time="0.003" classname="org.molgenis.swagger.controller.SwaggerControllerTest"/>
  <testcase name="testInit" time="1.623" classname="org.molgenis.swagger.controller.SwaggerControllerTest"/>
  <testcase name="testSwagger" time="0.058" classname="org.molgenis.swagger.controller.SwaggerControllerTest"/>
  <testcase name="testInitWithoutUser" time="0.048" classname="org.molgenis.swagger.controller.SwaggerControllerTest"/>
</testsuite> <!-- org.molgenis.swagger.controller.SwaggerControllerTest -->
