<?xml version="1.0" encoding="UTF-8"?>
<!-- Generated by org.testng.reporters.JUnitReportReporter -->
<testsuite hostname="cyclone1" name="org.molgenis.app.manager.controller.AppManagerControllerTest" tests="6" failures="0" timestamp="4 Jun 2018 11:16:45 GMT" time="3.324" errors="0">
  <testcase name="testInit" time="0.049" classname="org.molgenis.app.manager.controller.AppManagerControllerTest"/>
  <testcase name="testUploadApp" time="0.045" classname="org.molgenis.app.manager.controller.AppManagerControllerTest"/>
  <testcase name="testDeleteApp" time="0.034" classname="org.molgenis.app.manager.controller.AppManagerControllerTest"/>
  <testcase name="testActivateApp" time="0.176" classname="org.molgenis.app.manager.controller.AppManagerControllerTest"/>
  <testcase name="testGetApps" time="2.975" classname="org.molgenis.app.manager.controller.AppManagerControllerTest"/>
  <testcase name="testDeactivateApp" time="0.045" classname="org.molgenis.app.manager.controller.AppManagerControllerTest"/>
</testsuite> <!-- org.molgenis.app.manager.controller.AppManagerControllerTest -->
