<?xml version="1.0" encoding="UTF-8"?>
<!-- Generated by org.testng.reporters.JUnitReportReporter -->
<testsuite hostname="cyclone1" name="org.molgenis.app.manager.controller.AppManagerControllerTest" tests="6" failures="0" timestamp="1 Jun 2018 11:40:28 GMT" time="0.393" errors="0">
  <testcase name="testInit" time="0.030" classname="org.molgenis.app.manager.controller.AppManagerControllerTest"/>
  <testcase name="testDeactivateApp" time="0.035" classname="org.molgenis.app.manager.controller.AppManagerControllerTest"/>
  <testcase name="testActivateApp" time="0.035" classname="org.molgenis.app.manager.controller.AppManagerControllerTest"/>
  <testcase name="testGetApps" time="0.176" classname="org.molgenis.app.manager.controller.AppManagerControllerTest"/>
  <testcase name="testDeleteApp" time="0.048" classname="org.molgenis.app.manager.controller.AppManagerControllerTest"/>
  <testcase name="testUploadApp" time="0.069" classname="org.molgenis.app.manager.controller.AppManagerControllerTest"/>
</testsuite> <!-- org.molgenis.app.manager.controller.AppManagerControllerTest -->
