<?xml version="1.0" encoding="UTF-8"?>
<!-- Generated by org.testng.reporters.JUnitReportReporter -->
<testsuite hostname="cyclone1" name="org.molgenis.app.manager.controller.AppControllerTest" tests="5" failures="0" timestamp="1 Jun 2018 11:40:28 GMT" time="0.877" errors="0">
  <testcase name="testServeAppNoPermissions" time="0.464" classname="org.molgenis.app.manager.controller.AppControllerTest"/>
  <testcase name="testServeResource" time="0.038" classname="org.molgenis.app.manager.controller.AppControllerTest"/>
  <testcase name="testServeAppInactiveApp" time="0.184" classname="org.molgenis.app.manager.controller.AppControllerTest"/>
  <testcase name="testServeAppRedirectToApp" time="0.035" classname="org.molgenis.app.manager.controller.AppControllerTest"/>
  <testcase name="testServeApp" time="0.156" classname="org.molgenis.app.manager.controller.AppControllerTest"/>
</testsuite> <!-- org.molgenis.app.manager.controller.AppControllerTest -->
