<?xml version="1.0" encoding="UTF-8"?>
<!-- Generated by org.testng.reporters.JUnitReportReporter -->
<testsuite hostname="cyclone1" name="org.molgenis.app.manager.controller.AppControllerTest" tests="5" failures="0" timestamp="6 Jun 2018 14:21:59 GMT" time="0.556" errors="0">
  <testcase name="testServeApp" time="0.085" classname="org.molgenis.app.manager.controller.AppControllerTest"/>
  <testcase name="testServeResource" time="0.064" classname="org.molgenis.app.manager.controller.AppControllerTest"/>
  <testcase name="testServeAppRedirectToApp" time="0.058" classname="org.molgenis.app.manager.controller.AppControllerTest"/>
  <testcase name="testServeAppInactiveApp" time="0.192" classname="org.molgenis.app.manager.controller.AppControllerTest"/>
  <testcase name="testServeAppNoPermissions" time="0.157" classname="org.molgenis.app.manager.controller.AppControllerTest"/>
</testsuite> <!-- org.molgenis.app.manager.controller.AppControllerTest -->
