<?xml version="1.0" encoding="UTF-8"?>
<!-- Generated by org.testng.reporters.JUnitReportReporter -->
<testsuite hostname="cyclone1" name="org.molgenis.app.manager.controller.AppControllerTest" tests="5" failures="0" timestamp="6 Jun 2018 08:48:42 GMT" time="0.401" errors="0">
  <testcase name="testServeResource" time="0.050" classname="org.molgenis.app.manager.controller.AppControllerTest"/>
  <testcase name="testServeAppNoPermissions" time="0.054" classname="org.molgenis.app.manager.controller.AppControllerTest"/>
  <testcase name="testServeAppInactiveApp" time="0.131" classname="org.molgenis.app.manager.controller.AppControllerTest"/>
  <testcase name="testServeAppRedirectToApp" time="0.114" classname="org.molgenis.app.manager.controller.AppControllerTest"/>
  <testcase name="testServeApp" time="0.052" classname="org.molgenis.app.manager.controller.AppControllerTest"/>
</testsuite> <!-- org.molgenis.app.manager.controller.AppControllerTest -->
