<?xml version="1.0" encoding="UTF-8"?>
<!-- Generated by org.testng.reporters.JUnitReportReporter -->
<testsuite hostname="cyclone1" name="org.molgenis.app.manager.controller.AppControllerTest" tests="5" failures="0" timestamp="4 Jun 2018 11:16:45 GMT" time="0.516" errors="0">
  <testcase name="testServeAppInactiveApp" time="0.175" classname="org.molgenis.app.manager.controller.AppControllerTest"/>
  <testcase name="testServeAppRedirectToApp" time="0.053" classname="org.molgenis.app.manager.controller.AppControllerTest"/>
  <testcase name="testServeApp" time="0.074" classname="org.molgenis.app.manager.controller.AppControllerTest"/>
  <testcase name="testServeAppNoPermissions" time="0.163" classname="org.molgenis.app.manager.controller.AppControllerTest"/>
  <testcase name="testServeResource" time="0.051" classname="org.molgenis.app.manager.controller.AppControllerTest"/>
</testsuite> <!-- org.molgenis.app.manager.controller.AppControllerTest -->
