<?xml version="1.0" encoding="UTF-8"?>
<!-- Generated by org.testng.reporters.JUnitReportReporter -->
<testsuite hostname="cyclone1" name="org.molgenis.app.manager.service.AppManagerServiceTest" tests="14" failures="0" timestamp="4 Jun 2018 11:16:45 GMT" time="0.483" errors="0">
  <testcase name="testUploadAppMissingRequiredConfigParameters" time="0.007" classname="org.molgenis.app.manager.service.AppManagerServiceTest"/>
  <testcase name="testActivateApp" time="0.134" classname="org.molgenis.app.manager.service.AppManagerServiceTest"/>
  <testcase name="testDeleteApp" time="0.019" classname="org.molgenis.app.manager.service.AppManagerServiceTest"/>
  <testcase name="testUploadApp" time="0.088" classname="org.molgenis.app.manager.service.AppManagerServiceTest"/>
  <testcase name="testUploadAppMissingRequiredIndexFile" time="0.165" classname="org.molgenis.app.manager.service.AppManagerServiceTest"/>
  <testcase name="testDeactivateApp" time="0.003" classname="org.molgenis.app.manager.service.AppManagerServiceTest"/>
  <testcase name="testGetApps" time="0.007" classname="org.molgenis.app.manager.service.AppManagerServiceTest"/>
  <testcase name="testGetAppByUri" time="0.004" classname="org.molgenis.app.manager.service.AppManagerServiceTest"/>
  <testcase name="testAppUriDoesNotExist" time="0.011" classname="org.molgenis.app.manager.service.AppManagerServiceTest"/>
  <testcase name="testUploadAppMissingRequiredConfigFile" time="0.005" classname="org.molgenis.app.manager.service.AppManagerServiceTest"/>
  <testcase name="testAppIdDoesNotExist" time="0.008" classname="org.molgenis.app.manager.service.AppManagerServiceTest"/>
  <testcase name="testUploadAppEmptyRuntimeOptions" time="0.021" classname="org.molgenis.app.manager.service.AppManagerServiceTest"/>
  <testcase name="testUploadAppInvalidJsonConfigFile" time="0.008" classname="org.molgenis.app.manager.service.AppManagerServiceTest"/>
  <testcase name="testUploadAppInvalidZip" time="0.003" classname="org.molgenis.app.manager.service.AppManagerServiceTest"/>
</testsuite> <!-- org.molgenis.app.manager.service.AppManagerServiceTest -->
