<?xml version="1.0" encoding="UTF-8"?>
<!-- Generated by org.testng.reporters.JUnitReportReporter -->
<testsuite hostname="cyclone1" name="org.molgenis.app.manager.service.AppManagerServiceTest" tests="18" failures="0" timestamp="6 Jun 2018 08:48:42 GMT" time="0.528" errors="0">
  <testcase name="testGetApps" time="0.007" classname="org.molgenis.app.manager.service.AppManagerServiceTest"/>
  <testcase name="testCheckAndObtainConfigAppAlreadyExists" time="0.004" classname="org.molgenis.app.manager.service.AppManagerServiceTest"/>
  <testcase name="testUploadAppEmptyRuntimeOptions" time="0.005" classname="org.molgenis.app.manager.service.AppManagerServiceTest"/>
  <testcase name="testCheckAndObtainConfig" time="0.030" classname="org.molgenis.app.manager.service.AppManagerServiceTest"/>
  <testcase name="testAppUriDoesNotExist" time="0.009" classname="org.molgenis.app.manager.service.AppManagerServiceTest"/>
  <testcase name="testUploadAppInvalidZip" time="0.002" classname="org.molgenis.app.manager.service.AppManagerServiceTest"/>
  <testcase name="testActivateApp" time="0.380" classname="org.molgenis.app.manager.service.AppManagerServiceTest"/>
  <testcase name="testUploadAppMissingRequiredConfigFile" time="0.004" classname="org.molgenis.app.manager.service.AppManagerServiceTest"/>
  <testcase name="testUploadAppMissingRequiredIndexFile" time="0.004" classname="org.molgenis.app.manager.service.AppManagerServiceTest"/>
  <testcase name="testCheckAndObtainConfigInvalidJsonConfigFile" time="0.002" classname="org.molgenis.app.manager.service.AppManagerServiceTest"/>
  <testcase name="testCheckAndObtainConfigMissingRequiredConfigParameters" time="0.003" classname="org.molgenis.app.manager.service.AppManagerServiceTest"/>
  <testcase name="testExtractFileContent" time="0.002" classname="org.molgenis.app.manager.service.AppManagerServiceTest"/>
  <testcase name="testGetAppByUri" time="0.003" classname="org.molgenis.app.manager.service.AppManagerServiceTest"/>
  <testcase name="testDeactivateApp" time="0.003" classname="org.molgenis.app.manager.service.AppManagerServiceTest"/>
  <testcase name="testDeleteApp" time="0.017" classname="org.molgenis.app.manager.service.AppManagerServiceTest"/>
  <testcase name="testConfigureApp" time="0.005" classname="org.molgenis.app.manager.service.AppManagerServiceTest"/>
  <testcase name="testUploadApp" time="0.042" classname="org.molgenis.app.manager.service.AppManagerServiceTest"/>
  <testcase name="testAppIdDoesNotExist" time="0.006" classname="org.molgenis.app.manager.service.AppManagerServiceTest"/>
</testsuite> <!-- org.molgenis.app.manager.service.AppManagerServiceTest -->
