<?xml version="1.0" encoding="UTF-8"?>
<!-- Generated by org.testng.reporters.JUnitReportReporter -->
<testsuite hostname="cyclone1" name="org.molgenis.app.manager.controller.AppManagerControllerTest" tests="6" failures="0" timestamp="6 Jun 2018 14:21:59 GMT" time="2.705" errors="0">
  <testcase name="testInit" time="0.066" classname="org.molgenis.app.manager.controller.AppManagerControllerTest"/>
  <testcase name="testActivateApp" time="0.309" classname="org.molgenis.app.manager.controller.AppManagerControllerTest"/>
  <testcase name="testDeleteApp" time="0.073" classname="org.molgenis.app.manager.controller.AppManagerControllerTest"/>
  <testcase name="testGetApps" time="0.139" classname="org.molgenis.app.manager.controller.AppManagerControllerTest"/>
  <testcase name="testUploadApp" time="2.023" classname="org.molgenis.app.manager.controller.AppManagerControllerTest"/>
  <testcase name="testDeactivateApp" time="0.095" classname="org.molgenis.app.manager.controller.AppManagerControllerTest"/>
</testsuite> <!-- org.molgenis.app.manager.controller.AppManagerControllerTest -->
