<?xml version="1.0" encoding="UTF-8"?>
<!-- Generated by org.testng.reporters.JUnitReportReporter -->
<testsuite hostname="cyclone1" name="org.molgenis.app.manager.controller.AppManagerControllerTest" tests="6" failures="0" timestamp="6 Jun 2018 08:48:42 GMT" time="3.786" errors="0">
  <testcase name="testDeactivateApp" time="0.052" classname="org.molgenis.app.manager.controller.AppManagerControllerTest"/>
  <testcase name="testDeleteApp" time="0.043" classname="org.molgenis.app.manager.controller.AppManagerControllerTest"/>
  <testcase name="testUploadApp" time="0.144" classname="org.molgenis.app.manager.controller.AppManagerControllerTest"/>
  <testcase name="testGetApps" time="0.137" classname="org.molgenis.app.manager.controller.AppManagerControllerTest"/>
  <testcase name="testInit" time="0.054" classname="org.molgenis.app.manager.controller.AppManagerControllerTest"/>
  <testcase name="testActivateApp" time="3.356" classname="org.molgenis.app.manager.controller.AppManagerControllerTest"/>
</testsuite> <!-- org.molgenis.app.manager.controller.AppManagerControllerTest -->
