<?xml version="1.0" encoding="UTF-8"?>
<!-- Generated by org.testng.reporters.JUnitReportReporter -->
<testsuite hostname="cyclone1" name="org.molgenis.app.manager.controller.AppControllerTest" tests="5" failures="0" timestamp="6 Jun 2018 21:46:16 GMT" time="0.841" errors="0">
  <testcase name="testServeAppNoPermissions" time="0.050" classname="org.molgenis.app.manager.controller.AppControllerTest"/>
  <testcase name="testServeResource" time="0.042" classname="org.molgenis.app.manager.controller.AppControllerTest"/>
  <testcase name="testServeAppInactiveApp" time="0.117" classname="org.molgenis.app.manager.controller.AppControllerTest"/>
  <testcase name="testServeAppRedirectToApp" time="0.053" classname="org.molgenis.app.manager.controller.AppControllerTest"/>
  <testcase name="testServeApp" time="0.579" classname="org.molgenis.app.manager.controller.AppControllerTest"/>
</testsuite> <!-- org.molgenis.app.manager.controller.AppControllerTest -->
