<?xml version="1.0" encoding="UTF-8"?>
<!-- Generated by org.testng.reporters.JUnitReportReporter -->
<testsuite hostname="cyclone1" name="org.molgenis.app.manager.service.AppManagerServiceTest" tests="18" failures="0" timestamp="6 Jun 2018 14:21:59 GMT" time="2.946" errors="0">
  <testcase name="testCheckAndObtainConfigAppAlreadyExists" time="0.016" classname="org.molgenis.app.manager.service.AppManagerServiceTest"/>
  <testcase name="testDeactivateApp" time="0.005" classname="org.molgenis.app.manager.service.AppManagerServiceTest"/>
  <testcase name="testExtractFileContent" time="0.009" classname="org.molgenis.app.manager.service.AppManagerServiceTest"/>
  <testcase name="testCheckAndObtainConfigMissingRequiredConfigParameters" time="0.007" classname="org.molgenis.app.manager.service.AppManagerServiceTest"/>
  <testcase name="testCheckAndObtainConfig" time="0.055" classname="org.molgenis.app.manager.service.AppManagerServiceTest"/>
  <testcase name="testConfigureApp" time="0.106" classname="org.molgenis.app.manager.service.AppManagerServiceTest"/>
  <testcase name="testUploadAppMissingRequiredIndexFile" time="0.012" classname="org.molgenis.app.manager.service.AppManagerServiceTest"/>
  <testcase name="testGetAppByUri" time="0.009" classname="org.molgenis.app.manager.service.AppManagerServiceTest"/>
  <testcase name="testActivateApp" time="0.195" classname="org.molgenis.app.manager.service.AppManagerServiceTest"/>
  <testcase name="testAppUriDoesNotExist" time="0.015" classname="org.molgenis.app.manager.service.AppManagerServiceTest"/>
  <testcase name="testCheckAndObtainConfigInvalidJsonConfigFile" time="2.368" classname="org.molgenis.app.manager.service.AppManagerServiceTest"/>
  <testcase name="testUploadApp" time="0.070" classname="org.molgenis.app.manager.service.AppManagerServiceTest"/>
  <testcase name="testDeleteApp" time="0.021" classname="org.molgenis.app.manager.service.AppManagerServiceTest"/>
  <testcase name="testAppIdDoesNotExist" time="0.009" classname="org.molgenis.app.manager.service.AppManagerServiceTest"/>
  <testcase name="testGetApps" time="0.023" classname="org.molgenis.app.manager.service.AppManagerServiceTest"/>
  <testcase name="testUploadAppEmptyRuntimeOptions" time="0.008" classname="org.molgenis.app.manager.service.AppManagerServiceTest"/>
  <testcase name="testUploadAppMissingRequiredConfigFile" time="0.009" classname="org.molgenis.app.manager.service.AppManagerServiceTest"/>
  <testcase name="testUploadAppInvalidZip" time="0.009" classname="org.molgenis.app.manager.service.AppManagerServiceTest"/>
</testsuite> <!-- org.molgenis.app.manager.service.AppManagerServiceTest -->
