<?xml version="1.0" encoding="UTF-8"?>
<!-- Generated by org.testng.reporters.JUnitReportReporter -->
<testsuite hostname="cyclone1" name="org.modelmapper.bugs.GH126" tests="1" failures="0" timestamp="26 May 2018 07:31:24 GMT" time="0.005" errors="0">
  <testcase name="mapWithGenericField" time="0.005" classname="org.modelmapper.bugs.GH126"/>
</testsuite> <!-- org.modelmapper.bugs.GH126 -->
