<?xml version="1.0" encoding="UTF-8"?>
<!-- Generated by org.testng.reporters.JUnitReportReporter -->
<testsuite hostname="cyclone1" name="org.modelmapper.bugs.GH171" tests="2" failures="0" timestamp="26 May 2018 07:31:24 GMT" time="0.020" errors="0">
  <testcase name="shouldMap2" time="0.005" classname="org.modelmapper.bugs.GH171"/>
  <testcase name="shouldMap1" time="0.015" classname="org.modelmapper.bugs.GH171"/>
</testsuite> <!-- org.modelmapper.bugs.GH171 -->
