<?xml version="1.0" encoding="UTF-8"?>
<!-- Generated by org.testng.reporters.JUnitReportReporter -->
<testsuite hostname="cyclone1" name="org.modelmapper.functional.PropertyMappingTest" tests="4" failures="0" timestamp="26 May 2018 07:31:24 GMT" time="0.020" errors="0">
  <testcase name="shouldThrowWhenUsingNullCondition" time="0.005" classname="org.modelmapper.functional.PropertyMappingTest"/>
  <testcase name="shouldThrowWhenUsingNullProvider" time="0.005" classname="org.modelmapper.functional.PropertyMappingTest"/>
  <testcase name="shouldThrowWhenUsingNullSource" time="0.006" classname="org.modelmapper.functional.PropertyMappingTest"/>
  <testcase name="shouldThrowWhenUsingNullConverter" time="0.004" classname="org.modelmapper.functional.PropertyMappingTest"/>
</testsuite> <!-- org.modelmapper.functional.PropertyMappingTest -->
