<?xml version="1.0" encoding="UTF-8"?>
<!-- Generated by org.testng.reporters.JUnitReportReporter -->
<testsuite hostname="cyclone1" name="org.modelmapper.functional.skip.EnableSkipNullTest" tests="3" failures="0" timestamp="26 May 2018 07:31:24 GMT" time="0.012" errors="0">
  <testcase name="shouldSkipNull" time="0.000" classname="org.modelmapper.functional.skip.EnableSkipNullTest"/>
  <testcase name="shouldSkipNullWithConverter" time="0.006" classname="org.modelmapper.functional.skip.EnableSkipNullTest"/>
  <testcase name="shouldSkipNullWithPropertyMapSkipFailed" time="0.006" classname="org.modelmapper.functional.skip.EnableSkipNullTest"/>
</testsuite> <!-- org.modelmapper.functional.skip.EnableSkipNullTest -->
