<?xml version="1.0" encoding="UTF-8"?>
<!-- Generated by org.testng.reporters.JUnitReportReporter -->
<testsuite hostname="cyclone1" name="org.modelmapper.bugs.GH197" tests="2" failures="0" timestamp="26 May 2018 07:31:24 GMT" time="0.010" errors="0">
  <testcase name="shouldNotSkipWhenConditionNotMatch" time="0.005" classname="org.modelmapper.bugs.GH197"/>
  <testcase name="shouldSkipWhenConditionMatch" time="0.005" classname="org.modelmapper.bugs.GH197"/>
</testsuite> <!-- org.modelmapper.bugs.GH197 -->
