<?xml version="1.0" encoding="UTF-8"?>
<!-- Generated by org.testng.reporters.JUnitReportReporter -->
<testsuite hostname="cyclone1" name="org.modelmapper.TypeMapTest" tests="7" failures="0" timestamp="26 May 2018 07:31:24 GMT" time="0.031" errors="0">
  <testcase name="shouldGetUnmappedMembers" time="0.001" classname="org.modelmapper.TypeMapTest"/>
  <testcase name="shouldValidateWhenAllDestinationMembersMapped" time="0.006" classname="org.modelmapper.TypeMapTest"/>
  <testcase name="shouldThrowOnValidateWhenDestinationMembersMissing" time="0.001" classname="org.modelmapper.TypeMapTest"/>
  <testcase name="shouldThrowOnLoadWhenDuplicateMappingsDetected" time="0.009" classname="org.modelmapper.TypeMapTest"/>
  <testcase name="shouldLoadWhenMemberMapIsValid" time="0.004" classname="org.modelmapper.TypeMapTest"/>
  <testcase name="shouldOverrideMappings" time="0.005" classname="org.modelmapper.TypeMapTest"/>
  <testcase name="shouldMergeMappings" time="0.005" classname="org.modelmapper.TypeMapTest"/>
</testsuite> <!-- org.modelmapper.TypeMapTest -->
