<?xml version="1.0" encoding="UTF-8"?>
<!-- Generated by org.testng.reporters.JUnitReportReporter -->
<testsuite hostname="cyclone1" name="org.modelmapper.internal.util.TypesTest" tests="3" failures="0" timestamp="26 May 2018 07:31:24 GMT" time="0.011" errors="0">
  <testcase name="shouldDeProxyCGLibProxy" time="0.007" classname="org.modelmapper.internal.util.TypesTest"/>
  <testcase name="shouldDeProxyJavassistProxy" time="0.002" classname="org.modelmapper.internal.util.TypesTest"/>
  <testcase name="shouldDeProxyDynamicProxy" time="0.002" classname="org.modelmapper.internal.util.TypesTest"/>
</testsuite> <!-- org.modelmapper.internal.util.TypesTest -->
