<?xml version="1.0" encoding="UTF-8"?>
<!-- Generated by org.testng.reporters.JUnitReportReporter -->
<testsuite hostname="cyclone1" name="org.modelmapper.functional.converter.CustomConversion$When_using_member_converter_for_deep_model" tests="1" failures="0" timestamp="26 May 2018 07:31:24 GMT" time="0.006" errors="0">
  <testcase name="shouldMap" time="0.006" classname="org.modelmapper.functional.converter.CustomConversion$When_using_member_converter_for_deep_model"/>
</testsuite> <!-- org.modelmapper.functional.converter.CustomConversion$When_using_member_converter_for_deep_model -->
