<?xml version="1.0" encoding="UTF-8"?>
<!-- Generated by org.testng.reporters.JUnitReportReporter -->
<testsuite hostname="cyclone1" name="org.modelmapper.functional.inherit.TypeMapIncludeTest" tests="5" failures="0" timestamp="26 May 2018 07:31:24 GMT" time="0.030" errors="0">
  <testcase name="shouldNotMappingUndefinedTypeMap" time="0.007" classname="org.modelmapper.functional.inherit.TypeMapIncludeTest"/>
  <testcase name="shouldMappingInterfaceWithProviderSuccess" time="0.005" classname="org.modelmapper.functional.inherit.TypeMapIncludeTest"/>
  <testcase name="shouldFailedDuplicateInclude" time="0.006" classname="org.modelmapper.functional.inherit.TypeMapIncludeTest"/>
  <testcase name="shouldMappingClassSuccess" time="0.006" classname="org.modelmapper.functional.inherit.TypeMapIncludeTest"/>
  <testcase name="shouldMapDependsOnDestType" time="0.006" classname="org.modelmapper.functional.inherit.TypeMapIncludeTest"/>
</testsuite> <!-- org.modelmapper.functional.inherit.TypeMapIncludeTest -->
