<?xml version="1.0" encoding="UTF-8"?>
<!-- Generated by org.testng.reporters.JUnitReportReporter -->
<testsuite hostname="cyclone1" name="org.modelmapper.functional.stringmapping.StringMapping" tests="2" failures="0" timestamp="26 May 2018 07:31:24 GMT" time="0.014" errors="0">
  <testcase name="shouldThrowOnInvalidSourcePath" time="0.006" classname="org.modelmapper.functional.stringmapping.StringMapping"/>
  <testcase name="shouldMapFromSourceStrings" time="0.008" classname="org.modelmapper.functional.stringmapping.StringMapping"/>
</testsuite> <!-- org.modelmapper.functional.stringmapping.StringMapping -->
