<?xml version="1.0" encoding="UTF-8"?>
<!-- Generated by org.testng.reporters.JUnitReportReporter -->
<testsuite hostname="cyclone1" name="org.modelmapper.functional.deepmapping.NestedMappingTest6" tests="2" failures="0" timestamp="26 May 2018 07:31:24 GMT" time="0.003" errors="0">
  <testcase name="shouldMapOrderDTPOoOrder" time="0.002" classname="org.modelmapper.functional.deepmapping.NestedMappingTest6"/>
  <testcase name="shouldMapOrderToOrderDTO" time="0.001" classname="org.modelmapper.functional.deepmapping.NestedMappingTest6"/>
</testsuite> <!-- org.modelmapper.functional.deepmapping.NestedMappingTest6 -->
