<?xml version="1.0" encoding="UTF-8"?>
<!-- Generated by org.testng.reporters.JUnitReportReporter -->
<testsuite hostname="cyclone1" name="org.modelmapper.functional.NullBehavior" tests="4" failures="0" timestamp="26 May 2018 07:31:24 GMT" time="0.004" errors="0">
  <testcase name="shouldSkipNullsGlobally" time="0.001" classname="org.modelmapper.functional.NullBehavior"/>
  <testcase name="shouldMapModelWithNullItems" time="0.001" classname="org.modelmapper.functional.NullBehavior"/>
  <testcase name="shouldSkipNullsPerTypeMap" time="0.001" classname="org.modelmapper.functional.NullBehavior"/>
  <testcase name="shouldValidateTypeMap" time="0.001" classname="org.modelmapper.functional.NullBehavior"/>
</testsuite> <!-- org.modelmapper.functional.NullBehavior -->
