<?xml version="1.0" encoding="UTF-8"?>
<!-- Generated by org.testng.reporters.JUnitReportReporter -->
<testsuite hostname="cyclone1" name="org.modelmapper.functional.deepmapping.NestedMappingTest7" tests="2" failures="0" timestamp="26 May 2018 07:31:24 GMT" time="0.004" errors="0">
  <testcase name="shouldValidateTypeMap" time="0.001" classname="org.modelmapper.functional.deepmapping.NestedMappingTest7"/>
  <testcase name="shouldMapModelWithNullItems" time="0.003" classname="org.modelmapper.functional.deepmapping.NestedMappingTest7"/>
</testsuite> <!-- org.modelmapper.functional.deepmapping.NestedMappingTest7 -->
