<?xml version="1.0" encoding="UTF-8"?>
<!-- Generated by org.testng.reporters.JUnitReportReporter -->
<testsuite hostname="cyclone1" name="org.modelmapper.functional.converter.CustomConversion$When_using_converter" tests="2" failures="0" timestamp="26 May 2018 07:31:24 GMT" time="0.010" errors="0">
  <testcase name="shouldSkipUnusedSourceMembers" time="0.009" classname="org.modelmapper.functional.converter.CustomConversion$When_using_converter"/>
  <testcase name="shouldUseConverter" time="0.001" classname="org.modelmapper.functional.converter.CustomConversion$When_using_converter"/>
</testsuite> <!-- org.modelmapper.functional.converter.CustomConversion$When_using_converter -->
