<?xml version="1.0" encoding="UTF-8"?>
<!-- Generated by org.testng.reporters.JUnitReportReporter -->
<testsuite hostname="cyclone1" name="org.modelmapper.functional.enums.EnumSetMappingTest" tests="2" failures="0" timestamp="26 May 2018 07:31:24 GMT" time="0.082" errors="0">
  <testcase name="testEnumSetAsEmpty" time="0.044" classname="org.modelmapper.functional.enums.EnumSetMappingTest"/>
  <testcase name="testEnumSetWithValues" time="0.038" classname="org.modelmapper.functional.enums.EnumSetMappingTest"/>
</testsuite> <!-- org.modelmapper.functional.enums.EnumSetMappingTest -->
