<?xml version="1.0" encoding="UTF-8"?>
<!-- Generated by org.testng.reporters.JUnitReportReporter -->
<testsuite hostname="cyclone1" name="org.modelmapper.functional.circular.CircularDependencies6" tests="3" failures="0" timestamp="26 May 2018 07:31:24 GMT" time="0.005" errors="0">
  <testcase name="shouldMapBooks" time="0.001" classname="org.modelmapper.functional.circular.CircularDependencies6"/>
  <testcase name="shouldMapAuthor" time="0.002" classname="org.modelmapper.functional.circular.CircularDependencies6"/>
  <testcase name="shouldMapLibrary" time="0.002" classname="org.modelmapper.functional.circular.CircularDependencies6"/>
</testsuite> <!-- org.modelmapper.functional.circular.CircularDependencies6 -->
