<?xml version="1.0" encoding="UTF-8"?>
<!-- Generated by org.testng.reporters.JUnitReportReporter -->
<testsuite hostname="cyclone1" name="org.modelmapper.functional.conditional.ConditionalMapping2" tests="1" failures="0" timestamp="26 May 2018 07:31:24 GMT" time="0.008" errors="0">
  <testcase name="shouldMapConditionally" time="0.008" classname="org.modelmapper.functional.conditional.ConditionalMapping2"/>
</testsuite> <!-- org.modelmapper.functional.conditional.ConditionalMapping2 -->
