<?xml version="1.0" encoding="UTF-8"?>
<!-- Generated by org.testng.reporters.JUnitReportReporter -->
<testsuite hostname="cyclone1" name="org.modelmapper.functional.lambda.TypeMapLambdaTypeConvertTest" tests="2" failures="0" timestamp="26 May 2018 07:31:24 GMT" time="0.008" errors="0">
  <testcase name="shouldAddMappingIntegerToString" time="0.005" classname="org.modelmapper.functional.lambda.TypeMapLambdaTypeConvertTest"/>
  <testcase name="shouldAddMappingStringToInteger" time="0.003" classname="org.modelmapper.functional.lambda.TypeMapLambdaTypeConvertTest"/>
</testsuite> <!-- org.modelmapper.functional.lambda.TypeMapLambdaTypeConvertTest -->
