<?xml version="1.0" encoding="UTF-8"?>
<!-- Generated by org.testng.reporters.JUnitReportReporter -->
<testsuite hostname="cyclone1" name="org.modelmapper.functional.iterable.CollectionMapping1" tests="3" failures="0" timestamp="26 May 2018 07:31:24 GMT" time="0.003" errors="0">
  <testcase name="shouldMapToArray" time="0.001" classname="org.modelmapper.functional.iterable.CollectionMapping1"/>
  <testcase name="shouldMapToTypeTokenizedArray" time="0.001" classname="org.modelmapper.functional.iterable.CollectionMapping1"/>
  <testcase name="shouldMapTypeTokenizedCollection" time="0.001" classname="org.modelmapper.functional.iterable.CollectionMapping1"/>
</testsuite> <!-- org.modelmapper.functional.iterable.CollectionMapping1 -->
