<?xml version="1.0" encoding="UTF-8"?>
<!-- Generated by org.testng.reporters.JUnitReportReporter -->
<testsuite hostname="cyclone1" name="org.modelmapper.bugs.GH176" tests="3" failures="0" timestamp="26 May 2018 07:31:24 GMT" time="0.029" errors="0">
  <testcase name="shouldReuseConverter" time="0.009" classname="org.modelmapper.bugs.GH176"/>
  <testcase name="shouldAllowConverterToMultipleDestinationSources" time="0.008" classname="org.modelmapper.bugs.GH176"/>
  <testcase name="shouldAllowToReuseMultipleConverters" time="0.012" classname="org.modelmapper.bugs.GH176"/>
</testsuite> <!-- org.modelmapper.bugs.GH176 -->
