<?xml version="1.0" encoding="UTF-8"?>
<!-- Generated by org.testng.reporters.JUnitReportReporter -->
<testsuite hostname="cyclone1" name="org.modelmapper.bugs.GH204" tests="3" failures="0" timestamp="26 May 2018 07:31:24 GMT" time="0.030" errors="0">
  <testcase name="shouldMappingMethod2" time="0.009" classname="org.modelmapper.bugs.GH204"/>
  <testcase name="shouldMappingMethod1" time="0.009" classname="org.modelmapper.bugs.GH204"/>
  <testcase name="shouldMappingMethod3" time="0.012" classname="org.modelmapper.bugs.GH204"/>
</testsuite> <!-- org.modelmapper.bugs.GH204 -->
