<?xml version="1.0" encoding="UTF-8"?>
<!-- Generated by org.testng.reporters.JUnitReportReporter -->
<testsuite hostname="cyclone1" name="org.modelmapper.functional.lambda.TypeMapLambdaDeepMapTest" tests="2" failures="0" timestamp="26 May 2018 07:31:24 GMT" time="0.020" errors="0">
  <testcase name="shouldAddMappingDeeply" time="0.011" classname="org.modelmapper.functional.lambda.TypeMapLambdaDeepMapTest"/>
  <testcase name="shouldAddMappingWithProvider" time="0.009" classname="org.modelmapper.functional.lambda.TypeMapLambdaDeepMapTest"/>
</testsuite> <!-- org.modelmapper.functional.lambda.TypeMapLambdaDeepMapTest -->
