<?xml version="1.0" encoding="UTF-8"?>
<!-- Generated by org.testng.reporters.JUnitReportReporter -->
<testsuite hostname="cyclone1" name="org.modelmapper.functional.ProxyTest" tests="2" failures="0" timestamp="26 May 2018 07:31:24 GMT" time="0.082" errors="0">
  <testcase name="shouldMapCglibProxies" time="0.080" classname="org.modelmapper.functional.ProxyTest"/>
  <testcase name="shouldMapBytebuddyProxies" time="0.002" classname="org.modelmapper.functional.ProxyTest"/>
</testsuite> <!-- org.modelmapper.functional.ProxyTest -->
