<?xml version="1.0" encoding="UTF-8"?>
<!-- Generated by org.testng.reporters.JUnitReportReporter -->
<testsuite hostname="cyclone1" name="org.modelmapper.functional.converter.PreAndPostConverterTest" tests="2" failures="0" timestamp="26 May 2018 07:31:24 GMT" time="0.002" errors="0">
  <testcase name="shouldPostConvertert" time="0.001" classname="org.modelmapper.functional.converter.PreAndPostConverterTest"/>
  <testcase name="shouldPreConvertert" time="0.001" classname="org.modelmapper.functional.converter.PreAndPostConverterTest"/>
</testsuite> <!-- org.modelmapper.functional.converter.PreAndPostConverterTest -->
