<?xml version="1.0" encoding="UTF-8"?>
<!-- Generated by org.testng.reporters.JUnitReportReporter -->
<testsuite hostname="cyclone1" name="org.modelmapper.internal.TypeMapImplTest" tests="3" failures="0" timestamp="26 May 2018 07:31:24 GMT" time="0.001" errors="0">
  <testcase name="shouldThrowWhenDestinationTypeIsEnum" time="0.001" classname="org.modelmapper.internal.TypeMapImplTest"/>
  <testcase name="shouldSortMappings" time="0.000" classname="org.modelmapper.internal.TypeMapImplTest"/>
  <testcase name="shouldThrowWhenSourceTypeIsEnum" time="0.000" classname="org.modelmapper.internal.TypeMapImplTest"/>
</testsuite> <!-- org.modelmapper.internal.TypeMapImplTest -->
