<?xml version="1.0" encoding="UTF-8"?>
<!-- Generated by org.testng.reporters.JUnitReportReporter -->
<testsuite hostname="cyclone1" name="org.modelmapper.functional.Immutable" tests="2" failures="0" timestamp="26 May 2018 07:31:24 GMT" time="0.002" errors="0">
  <testcase name="shouldMapToImmutableViaProvider" time="0.001" classname="org.modelmapper.functional.Immutable"/>
  <testcase name="shouldMapToImmutableViaSecurityOverride" time="0.001" classname="org.modelmapper.functional.Immutable"/>
</testsuite> <!-- org.modelmapper.functional.Immutable -->
