<?xml version="1.0" encoding="UTF-8"?>
<!-- Generated by org.testng.reporters.JUnitReportReporter -->
<testsuite hostname="cyclone1" name="org.modelmapper.functional.converter.CustomConversion$When_using_member_converter" tests="2" failures="0" timestamp="26 May 2018 07:31:24 GMT" time="0.009" errors="0">
  <testcase name="shouldMapWithImplicitMappings" time="0.005" classname="org.modelmapper.functional.converter.CustomConversion$When_using_member_converter"/>
  <testcase name="shouldMapWithExplicitMappings" time="0.004" classname="org.modelmapper.functional.converter.CustomConversion$When_using_member_converter"/>
</testsuite> <!-- org.modelmapper.functional.converter.CustomConversion$When_using_member_converter -->
