<?xml version="1.0" encoding="UTF-8"?>
<!-- Generated by org.testng.reporters.JUnitReportReporter -->
<testsuite hostname="cyclone1" name="org.modelmapper.functional.merge.MergeSourcePropertiesTest" tests="1" failures="0" timestamp="26 May 2018 07:31:24 GMT" time="0.006" errors="0">
  <testcase name="shouldMergeSourceProperties" time="0.006" classname="org.modelmapper.functional.merge.MergeSourcePropertiesTest"/>
</testsuite> <!-- org.modelmapper.functional.merge.MergeSourcePropertiesTest -->
