<?xml version="1.0" encoding="UTF-8"?>
<!-- Generated by org.testng.reporters.JUnitReportReporter -->
<testsuite hostname="cyclone1" name="org.modelmapper.internal.TypeInfoRegistryTest" tests="2" failures="0" timestamp="26 May 2018 07:31:24 GMT" time="0.001" errors="0">
  <testcase name="shouldHashCorrectly1" time="0.000" classname="org.modelmapper.internal.TypeInfoRegistryTest"/>
  <testcase name="shouldHashCorrectly2" time="0.001" classname="org.modelmapper.internal.TypeInfoRegistryTest"/>
</testsuite> <!-- org.modelmapper.internal.TypeInfoRegistryTest -->
