<?xml version="1.0" encoding="UTF-8"?>
<!-- Generated by org.testng.reporters.JUnitReportReporter -->
<testsuite hostname="cyclone1" name="org.modelmapper.internal.converter.MapConverterTest" tests="3" failures="0" timestamp="26 May 2018 07:31:24 GMT" time="0.003" errors="0">
  <testcase name="shouldConvertElementsFromModel" time="0.001" classname="org.modelmapper.internal.converter.MapConverterTest"/>
  <testcase name="shouldConvertElements" time="0.001" classname="org.modelmapper.internal.converter.MapConverterTest"/>
  <testcase name="testMatches" time="0.001" classname="org.modelmapper.internal.converter.MapConverterTest"/>
</testsuite> <!-- org.modelmapper.internal.converter.MapConverterTest -->
