<?xml version="1.0" encoding="UTF-8"?>
<!-- Generated by org.testng.reporters.JUnitReportReporter -->
<testsuite hostname="cyclone1" name="org.modelmapper.convention.NameTransformersTest" tests="2" failures="0" timestamp="26 May 2018 07:31:24 GMT" time="0.000" errors="0">
  <testcase name="testJavaBeansAccessor" time="0.000" classname="org.modelmapper.convention.NameTransformersTest"/>
  <testcase name="testJavaBeansMutator" time="0.000" classname="org.modelmapper.convention.NameTransformersTest"/>
</testsuite> <!-- org.modelmapper.convention.NameTransformersTest -->
