<?xml version="1.0" encoding="UTF-8"?>
<!-- Generated by org.testng.reporters.JUnitReportReporter -->
<testsuite hostname="cyclone1" name="org.modelmapper.bugs.GH85" tests="1" failures="0" timestamp="26 May 2018 07:31:24 GMT" time="0.001" errors="0">
  <testcase name="shouldMapToDestinationWithFluentSetters" time="0.001" classname="org.modelmapper.bugs.GH85"/>
</testsuite> <!-- org.modelmapper.bugs.GH85 -->
