<?xml version="1.0" encoding="UTF-8"?>
<!-- Generated by org.testng.reporters.JUnitReportReporter -->
<testsuite hostname="cyclone1" name="org.modelmapper.functional.circular.CircularDependencies2" tests="4" failures="0" timestamp="26 May 2018 07:31:24 GMT" time="0.399" errors="0">
  <testcase name="shouldAllowSkippedCircularReferenceForInnerProperty" time="0.012" classname="org.modelmapper.functional.circular.CircularDependencies2"/>
  <testcase name="shouldAllowSkippedCircularReference" time="0.379" classname="org.modelmapper.functional.circular.CircularDependencies2"/>
  <testcase name="shouldMapGraphEdges" time="0.004" classname="org.modelmapper.functional.circular.CircularDependencies2"/>
  <testcase name="shouldMapCircularReferences" time="0.004" classname="org.modelmapper.functional.circular.CircularDependencies2"/>
</testsuite> <!-- org.modelmapper.functional.circular.CircularDependencies2 -->
