<?xml version="1.0" encoding="UTF-8"?>
<!-- Generated by org.testng.reporters.JUnitReportReporter -->
<testsuite hostname="cyclone1" name="org.modelmapper.bugs.GH110" tests="1" failures="0" timestamp="26 May 2018 07:31:24 GMT" time="0.092" errors="0">
  <testcase name="test" time="0.092" classname="org.modelmapper.bugs.GH110"/>
</testsuite> <!-- org.modelmapper.bugs.GH110 -->
