<?xml version="1.0" encoding="UTF-8"?>
<!-- Generated by org.testng.reporters.JUnitReportReporter -->
<testsuite hostname="cyclone1" name="org.modelmapper.functional.disambiguation.SameNames" tests="2" failures="0" timestamp="26 May 2018 07:31:24 GMT" time="0.002" errors="0">
  <testcase name="shouldMapWithUnverifiedDest" time="0.002" classname="org.modelmapper.functional.disambiguation.SameNames"/>
  <testcase name="shouldMapWithUnverifiedSource" time="0.000" classname="org.modelmapper.functional.disambiguation.SameNames"/>
</testsuite> <!-- org.modelmapper.functional.disambiguation.SameNames -->
