<?xml version="1.0" encoding="UTF-8"?>
<!-- Generated by org.testng.reporters.JUnitReportReporter -->
<testsuite hostname="cyclone1" name="org.modelmapper.functional.persistence.LazyFetching" tests="1" failures="0" timestamp="26 May 2018 07:31:24 GMT" time="1.453" errors="0">
  <testcase name="shouldSkipLazyFetchedProperties" time="1.453" classname="org.modelmapper.functional.persistence.LazyFetching"/>
</testsuite> <!-- org.modelmapper.functional.persistence.LazyFetching -->
