<?xml version="1.0" encoding="UTF-8"?>
<!-- Generated by org.testng.reporters.JUnitReportReporter -->
<testsuite hostname="cyclone1" name="org.modelmapper.bugs.GC10" tests="1" failures="0" timestamp="26 May 2018 07:31:24 GMT" time="0.010" errors="0">
  <testcase name="shouldSupportMultipleSourceMappings" time="0.010" classname="org.modelmapper.bugs.GC10"/>
</testsuite> <!-- org.modelmapper.bugs.GC10 -->
