<?xml version="1.0" encoding="UTF-8"?>
<!-- Generated by org.testng.reporters.JUnitReportReporter -->
<testsuite hostname="cyclone1" name="org.modelmapper.functional.inherit.MultipleInterfacesTest" tests="1" failures="0" timestamp="26 May 2018 07:31:24 GMT" time="0.013" errors="0">
  <testcase name="shouldIncludeBaseTypeMaps" time="0.013" classname="org.modelmapper.functional.inherit.MultipleInterfacesTest"/>
</testsuite> <!-- org.modelmapper.functional.inherit.MultipleInterfacesTest -->
