<?xml version="1.0" encoding="UTF-8"?>
<!-- Generated by org.testng.reporters.JUnitReportReporter -->
<testsuite hostname="cyclone1" name="org.modelmapper.functional.iterable.GenericElementMapping" tests="3" failures="0" timestamp="26 May 2018 07:31:24 GMT" time="0.041" errors="0">
  <testcase name="shouldMapExplicitGenericElements" time="0.016" classname="org.modelmapper.functional.iterable.GenericElementMapping"/>
  <testcase name="shouldMapImplicitGenericElements" time="0.000" classname="org.modelmapper.functional.iterable.GenericElementMapping"/>
  <testcase name="shouldMapDeeplyMappedExplicitGenericElements" time="0.025" classname="org.modelmapper.functional.iterable.GenericElementMapping"/>
</testsuite> <!-- org.modelmapper.functional.iterable.GenericElementMapping -->
