<?xml version="1.0" encoding="UTF-8"?>
<!-- Generated by org.testng.reporters.JUnitReportReporter -->
<testsuite hostname="cyclone1" name="org.modelmapper.functional.converter.CustomConversion$When_using_converter_for_deep_mapping" tests="1" failures="0" timestamp="26 May 2018 07:31:24 GMT" time="0.016" errors="0">
  <testcase name="shouldMapConvertUsingLastProperty" time="0.016" classname="org.modelmapper.functional.converter.CustomConversion$When_using_converter_for_deep_mapping"/>
</testsuite> <!-- org.modelmapper.functional.converter.CustomConversion$When_using_converter_for_deep_mapping -->
