<?xml version="1.0" encoding="UTF-8"?>
<!-- Generated by org.testng.reporters.JUnitReportReporter -->
<testsuite hostname="cyclone1" name="org.modelmapper.functional.UnequalHierarchies" tests="2" failures="0" timestamp="26 May 2018 07:31:24 GMT" time="0.004" errors="0">
  <testcase name="shouldMapInverse" time="0.002" classname="org.modelmapper.functional.UnequalHierarchies"/>
  <testcase name="shouldMap" time="0.002" classname="org.modelmapper.functional.UnequalHierarchies"/>
</testsuite> <!-- org.modelmapper.functional.UnequalHierarchies -->
