<?xml version="1.0" encoding="UTF-8"?>
<!-- Generated by org.testng.reporters.JUnitReportReporter -->
<testsuite hostname="cyclone1" name="org.modelmapper.functional.conditional.ConditionalTest" tests="3" failures="0" timestamp="26 May 2018 07:31:24 GMT" time="0.009" errors="0">
  <testcase name="shouldUseTypeMapCondition" time="0.001" classname="org.modelmapper.functional.conditional.ConditionalTest"/>
  <testcase name="shouldUseTypeMapPropertyCondition" time="0.001" classname="org.modelmapper.functional.conditional.ConditionalTest"/>
  <testcase name="propertyMapConditionShouldOverrideTypeMapPropertyCondition" time="0.007" classname="org.modelmapper.functional.conditional.ConditionalTest"/>
</testsuite> <!-- org.modelmapper.functional.conditional.ConditionalTest -->
