<?xml version="1.0" encoding="UTF-8"?>
<!-- Generated by org.testng.reporters.JUnitReportReporter -->
<testsuite hostname="cyclone1" name="org.modelmapper.bugs.GH143" tests="1" failures="0" timestamp="26 May 2018 07:31:24 GMT" time="0.000" errors="0">
  <testcase name="testMapping" time="0.000" classname="org.modelmapper.bugs.GH143"/>
</testsuite> <!-- org.modelmapper.bugs.GH143 -->
