<?xml version="1.0" encoding="UTF-8"?>
<!-- Generated by org.testng.reporters.JUnitReportReporter -->
<testsuite hostname="cyclone1" name="org.modelmapper.bugs.GH249" tests="2" failures="0" timestamp="26 May 2018 07:31:24 GMT" time="0.002" errors="0">
  <testcase name="shouldMap" time="0.001" classname="org.modelmapper.bugs.GH249"/>
  <testcase name="shouldMapExistDestination" time="0.001" classname="org.modelmapper.bugs.GH249"/>
</testsuite> <!-- org.modelmapper.bugs.GH249 -->
