<?xml version="1.0" encoding="UTF-8"?>
<!-- Generated by org.testng.reporters.JUnitReportReporter -->
<testsuite hostname="cyclone1" name="org.modelmapper.functional.skip.SkipMappingTest1" tests="2" failures="0" timestamp="26 May 2018 07:31:24 GMT" time="0.011" errors="0">
  <testcase name="shouldSkipMapping" time="0.005" classname="org.modelmapper.functional.skip.SkipMappingTest1"/>
  <testcase name="shouldConditionallySkipMapping" time="0.006" classname="org.modelmapper.functional.skip.SkipMappingTest1"/>
</testsuite> <!-- org.modelmapper.functional.skip.SkipMappingTest1 -->
