<?xml version="1.0" encoding="UTF-8"?>
<!-- Generated by org.testng.reporters.JUnitReportReporter -->
<testsuite hostname="cyclone1" name="org.modelmapper.bugs.GH6" tests="3" failures="0" timestamp="26 May 2018 07:31:24 GMT" time="0.003" errors="0">
  <testcase name="shouldNotInstantiateIntermediateObjectOnProvidedDestination" time="0.001" classname="org.modelmapper.bugs.GH6"/>
  <testcase name="shouldIgnoreIntermediateDestinationWhenSourceIsNotNull" time="0.001" classname="org.modelmapper.bugs.GH6"/>
  <testcase name="shouldNotInstantiateIntermediateObjects" time="0.001" classname="org.modelmapper.bugs.GH6"/>
</testsuite> <!-- org.modelmapper.bugs.GH6 -->
