<?xml version="1.0" encoding="UTF-8"?>
<!-- Generated by org.testng.reporters.JUnitReportReporter -->
<testsuite hostname="cyclone1" name="org.modelmapper.functional.inherit.ValueReaderInheritanceTest" tests="2" failures="0" timestamp="26 May 2018 07:31:24 GMT" time="0.025" errors="0">
  <testcase name="shouldNotMapIfNotInclude" time="0.012" classname="org.modelmapper.functional.inherit.ValueReaderInheritanceTest"/>
  <testcase name="shouldInclude" time="0.013" classname="org.modelmapper.functional.inherit.ValueReaderInheritanceTest"/>
</testsuite> <!-- org.modelmapper.functional.inherit.ValueReaderInheritanceTest -->
