<?xml version="1.0" encoding="UTF-8"?>
<!-- Generated by org.testng.reporters.JUnitReportReporter -->
<testsuite hostname="cyclone1" name="org.modelmapper.functional.merging.MergingTest1" tests="1" failures="0" timestamp="26 May 2018 07:31:24 GMT" time="0.004" errors="0">
  <testcase name="shouldMergeMappings" time="0.004" classname="org.modelmapper.functional.merging.MergingTest1"/>
</testsuite> <!-- org.modelmapper.functional.merging.MergingTest1 -->
