<?xml version="1.0" encoding="UTF-8"?>
<!-- Generated by org.testng.reporters.JUnitReportReporter -->
<testsuite hostname="cyclone1" name="org.modelmapper.functional.NamedTypeMaps" tests="2" failures="0" timestamp="26 May 2018 07:31:24 GMT" time="0.001" errors="0">
  <testcase name="shouldGetNamedTypeMap" time="0.000" classname="org.modelmapper.functional.NamedTypeMaps"/>
  <testcase name="shouldDistinguishTypeMapsByName" time="0.001" classname="org.modelmapper.functional.NamedTypeMaps"/>
</testsuite> <!-- org.modelmapper.functional.NamedTypeMaps -->
