<?xml version="1.0" encoding="UTF-8"?>
<!-- Generated by org.testng.reporters.JUnitReportReporter -->
<testsuite hostname="cyclone1" name="org.modelmapper.functional.provider.ProviderTest2" tests="5" failures="0" timestamp="26 May 2018 07:31:24 GMT" time="0.019" errors="0">
  <testcase name="shouldMapWithPropertyProviderViaTypeMap" time="0.000" classname="org.modelmapper.functional.provider.ProviderTest2"/>
  <testcase name="shouldMapWithPropertyProviderViaPropertyMap" time="0.008" classname="org.modelmapper.functional.provider.ProviderTest2"/>
  <testcase name="shouldMapTypesWithProvider" time="0.001" classname="org.modelmapper.functional.provider.ProviderTest2"/>
  <testcase name="shouldMapPropertyWithProviderWhenPropertyTypesDiffer" time="0.009" classname="org.modelmapper.functional.provider.ProviderTest2"/>
  <testcase name="shouldMapWithGlobalProvider" time="0.001" classname="org.modelmapper.functional.provider.ProviderTest2"/>
</testsuite> <!-- org.modelmapper.functional.provider.ProviderTest2 -->
