<?xml version="1.0" encoding="UTF-8"?>
<!-- Generated by org.testng.reporters.JUnitReportReporter -->
<testsuite hostname="cyclone1" name="org.modelmapper.convention.InexactMatchingStrategyTest" tests="13" failures="0" timestamp="26 May 2018 07:31:24 GMT" time="0.001" errors="0">
  <testcase name="shouldMatchInvertedDeclaringClass" time="0.000" classname="org.modelmapper.convention.InexactMatchingStrategyTest"/>
  <testcase name="shouldMatchEqualHierarchies" time="0.000" classname="org.modelmapper.convention.InexactMatchingStrategyTest"/>
  <testcase name="shouldMatchSameTokenTwice" time="0.000" classname="org.modelmapper.convention.InexactMatchingStrategyTest"/>
  <testcase name="shouldMatchSplitTokens" time="0.000" classname="org.modelmapper.convention.InexactMatchingStrategyTest"/>
  <testcase name="shouldMatchInvertedClass" time="0.000" classname="org.modelmapper.convention.InexactMatchingStrategyTest"/>
  <testcase name="shouldMatchGreaterDestinationHierarchy" time="0.000" classname="org.modelmapper.convention.InexactMatchingStrategyTest"/>
  <testcase name="shouldMatchClass" time="0.000" classname="org.modelmapper.convention.InexactMatchingStrategyTest"/>
  <testcase name="shouldNotMatchClassAlone" time="0.000" classname="org.modelmapper.convention.InexactMatchingStrategyTest"/>
  <testcase name="shouldMatchWithSameNameAndClassName" time="0.000" classname="org.modelmapper.convention.InexactMatchingStrategyTest"/>
  <testcase name="shouldMatchDeclaringClass" time="0.000" classname="org.modelmapper.convention.InexactMatchingStrategyTest"/>
  <testcase name="shouldMatchCombinedTokens" time="0.001" classname="org.modelmapper.convention.InexactMatchingStrategyTest"/>
  <testcase name="shouldMatchGreaterSourceHierarchy" time="0.000" classname="org.modelmapper.convention.InexactMatchingStrategyTest"/>
  <testcase name="shouldMatchInverted" time="0.000" classname="org.modelmapper.convention.InexactMatchingStrategyTest"/>
</testsuite> <!-- org.modelmapper.convention.InexactMatchingStrategyTest -->
