<?xml version="1.0" encoding="UTF-8"?>
<!-- Generated by org.testng.reporters.JUnitReportReporter -->
<testsuite hostname="cyclone1" name="org.modelmapper.internal.converter.CharacterConverterTest" tests="3" failures="0" timestamp="26 May 2018 07:31:24 GMT" time="0.002" errors="0">
  <testcase name="shouldConvertComplexModel" time="0.001" classname="org.modelmapper.internal.converter.CharacterConverterTest"/>
  <testcase name="testSupported" time="0.001" classname="org.modelmapper.internal.converter.CharacterConverterTest"/>
  <testcase name="shouldConvertToCharacter" time="0.000" classname="org.modelmapper.internal.converter.CharacterConverterTest"/>
</testsuite> <!-- org.modelmapper.internal.converter.CharacterConverterTest -->
