<?xml version="1.0" encoding="UTF-8"?>
<!-- Generated by org.testng.reporters.JUnitReportReporter -->
<testsuite hostname="cyclone1" name="org.modelmapper.internal.ExplicitMappingBuilderTest" tests="25" failures="0" timestamp="26 May 2018 07:31:24 GMT" time="0.138" errors="0">
  <testcase name="shouldThrowWhenInvalidSourceMethod" time="0.001" classname="org.modelmapper.internal.ExplicitMappingBuilderTest"/>
  <testcase name="shouldThrowWhenMapWithMissingSource" time="0.008" classname="org.modelmapper.internal.ExplicitMappingBuilderTest"/>
  <testcase name="shouldBuildMappingsWithConverter" time="0.008" classname="org.modelmapper.internal.ExplicitMappingBuilderTest"/>
  <testcase name="shouldBuildSkippedMappings" time="0.014" classname="org.modelmapper.internal.ExplicitMappingBuilderTest"/>
  <testcase name="shouldThrowWhenSkipWithMissingDestination1" time="0.000" classname="org.modelmapper.internal.ExplicitMappingBuilderTest"/>
  <testcase name="shouldThrowWhenSourceMethodIsFinal" time="0.001" classname="org.modelmapper.internal.ExplicitMappingBuilderTest"/>
  <testcase name="shouldThrowWhenDuplicateMappingsAreDefined" time="0.010" classname="org.modelmapper.internal.ExplicitMappingBuilderTest"/>
  <testcase name="shouldThrowWhenSkipWithMissingDestination2" time="0.001" classname="org.modelmapper.internal.ExplicitMappingBuilderTest"/>
  <testcase name="shouldThrowWhenDestinationTypeIsFinal" time="0.001" classname="org.modelmapper.internal.ExplicitMappingBuilderTest"/>
  <testcase name="shouldThrowWhenMappingDestinationFieldWithoutSourceAndConverter" time="0.009" classname="org.modelmapper.internal.ExplicitMappingBuilderTest"/>
  <testcase name="shouldBuildMappings" time="0.010" classname="org.modelmapper.internal.ExplicitMappingBuilderTest"/>
  <testcase name="shouldThrowWhenSourceTypeIsFinal" time="0.000" classname="org.modelmapper.internal.ExplicitMappingBuilderTest"/>
  <testcase name="shouldThrowWhenInvalidDestinationMethod" time="0.001" classname="org.modelmapper.internal.ExplicitMappingBuilderTest"/>
  <testcase name="shouldBuildMappingsWithBrokenHashCode" time="0.015" classname="org.modelmapper.internal.ExplicitMappingBuilderTest"/>
  <testcase name="shouldBuildConditionalSkippedMappings" time="0.010" classname="org.modelmapper.internal.ExplicitMappingBuilderTest"/>
  <testcase name="shouldThrowWhenMapWithMissingDestination2" time="0.000" classname="org.modelmapper.internal.ExplicitMappingBuilderTest"/>
  <testcase name="shouldBuildDeepMappings" time="0.015" classname="org.modelmapper.internal.ExplicitMappingBuilderTest"/>
  <testcase name="shouldThrowWhenSkipWithMissingSourceAndDestination" time="0.001" classname="org.modelmapper.internal.ExplicitMappingBuilderTest"/>
  <testcase name="shouldThrowWhenInvalidSourceAndDestinationMethods" time="0.001" classname="org.modelmapper.internal.ExplicitMappingBuilderTest"/>
  <testcase name="shouldThrowWhenUsingConditionalSkipWithoutSpecifyingSource" time="0.009" classname="org.modelmapper.internal.ExplicitMappingBuilderTest"/>
  <testcase name="shouldThrowWhenDestinationMethodIsFinal" time="0.001" classname="org.modelmapper.internal.ExplicitMappingBuilderTest"/>
  <testcase name="shouldThrowWhenNullPointerInConfigure" time="0.009" classname="org.modelmapper.internal.ExplicitMappingBuilderTest"/>
  <testcase name="shouldThrowWhenMapWithMissingSourceAndDestination" time="0.001" classname="org.modelmapper.internal.ExplicitMappingBuilderTest"/>
  <testcase name="shouldBuildConditionalMappingsWithConverter" time="0.010" classname="org.modelmapper.internal.ExplicitMappingBuilderTest"/>
  <testcase name="shouldThrowWhenMapWithMissingDestination1" time="0.002" classname="org.modelmapper.internal.ExplicitMappingBuilderTest"/>
</testsuite> <!-- org.modelmapper.internal.ExplicitMappingBuilderTest -->
