<?xml version="1.0" encoding="UTF-8"?>
<!-- Generated by org.testng.reporters.JUnitReportReporter -->
<testsuite hostname="cyclone1" name="org.modelmapper.functional.shading.ConverterShading" tests="2" failures="0" timestamp="26 May 2018 07:31:24 GMT" time="0.016" errors="0">
  <testcase name="shouldShadeAllProperties" time="0.007" classname="org.modelmapper.functional.shading.ConverterShading"/>
  <testcase name="shouldShadeSomeProperties" time="0.009" classname="org.modelmapper.functional.shading.ConverterShading"/>
</testsuite> <!-- org.modelmapper.functional.shading.ConverterShading -->
