<?xml version="1.0" encoding="UTF-8"?>
<!-- Generated by org.testng.reporters.JUnitReportReporter -->
<testsuite hostname="cyclone1" name="org.modelmapper.jackson.JsonNodeValueReaderTest" tests="4" failures="0" timestamp="26 May 2018 07:31:28 GMT" time="0.050" errors="0">
  <testcase name="shouldMapAfterMapNull" time="0.013" classname="org.modelmapper.jackson.JsonNodeValueReaderTest"/>
  <testcase name="shouldMapWithExplicitMapping" time="0.025" classname="org.modelmapper.jackson.JsonNodeValueReaderTest"/>
  <testcase name="shouldGetElements" time="0.005" classname="org.modelmapper.jackson.JsonNodeValueReaderTest"/>
  <testcase name="shouldMapFromJsonNode" time="0.007" classname="org.modelmapper.jackson.JsonNodeValueReaderTest"/>
</testsuite> <!-- org.modelmapper.jackson.JsonNodeValueReaderTest -->
