<?xml version="1.0" encoding="UTF-8"?>
<!-- Generated by org.testng.reporters.JUnitReportReporter -->
<testsuite hostname="cyclone1" name="org.molgenis.gavin.job.input.ParserTest" tests="43" failures="0" timestamp="1 Jun 2018 11:52:37 GMT" time="1.304" errors="0">
  <testcase name="testParseVariant" time="0.002" classname="org.molgenis.gavin.job.input.ParserTest"/>
  <testcase name="testParseChrom" time="0.001" classname="org.molgenis.gavin.job.input.ParserTest"/>
  <testcase name="testParseChrom" time="0.001" classname="org.molgenis.gavin.job.input.ParserTest"/>
  <testcase name="testParseChrom" time="0.000" classname="org.molgenis.gavin.job.input.ParserTest"/>
  <testcase name="testParseChrom" time="0.001" classname="org.molgenis.gavin.job.input.ParserTest"/>
  <testcase name="testParseChrom" time="0.001" classname="org.molgenis.gavin.job.input.ParserTest"/>
  <testcase name="testParseChrom" time="0.003" classname="org.molgenis.gavin.job.input.ParserTest"/>
  <testcase name="testParseChrom" time="0.002" classname="org.molgenis.gavin.job.input.ParserTest"/>
  <testcase name="testParseChrom" time="0.001" classname="org.molgenis.gavin.job.input.ParserTest"/>
  <testcase name="testParseChrom" time="0.001" classname="org.molgenis.gavin.job.input.ParserTest"/>
  <testcase name="testParseVariant" time="0.001" classname="org.molgenis.gavin.job.input.ParserTest"/>
  <testcase name="testParseVariant" time="0.002" classname="org.molgenis.gavin.job.input.ParserTest"/>
  <testcase name="testTransformSkipsLinesWhenMaxLinesProcessed" time="1.126" classname="org.molgenis.gavin.job.input.ParserTest"/>
  <testcase name="testParseChrom" time="0.002" classname="org.molgenis.gavin.job.input.ParserTest"/>
  <testcase name="testParseChrom" time="0.001" classname="org.molgenis.gavin.job.input.ParserTest"/>
  <testcase name="testParseChrom" time="0.001" classname="org.molgenis.gavin.job.input.ParserTest"/>
  <testcase name="testParseChrom" time="0.001" classname="org.molgenis.gavin.job.input.ParserTest"/>
  <testcase name="testParseVariant" time="0.016" classname="org.molgenis.gavin.job.input.ParserTest"/>
  <testcase name="testParseChrom" time="0.000" classname="org.molgenis.gavin.job.input.ParserTest"/>
  <testcase name="testParseChrom" time="0.002" classname="org.molgenis.gavin.job.input.ParserTest"/>
  <testcase name="testParseVariant" time="0.002" classname="org.molgenis.gavin.job.input.ParserTest"/>
  <testcase name="testParseChrom" time="0.001" classname="org.molgenis.gavin.job.input.ParserTest"/>
  <testcase name="testParseVariant" time="0.011" classname="org.molgenis.gavin.job.input.ParserTest"/>
  <testcase name="testParseChrom" time="0.001" classname="org.molgenis.gavin.job.input.ParserTest"/>
  <testcase name="testParseVariant" time="0.003" classname="org.molgenis.gavin.job.input.ParserTest"/>
  <testcase name="testParseChrom" time="0.002" classname="org.molgenis.gavin.job.input.ParserTest"/>
  <testcase name="testParseVariant" time="0.001" classname="org.molgenis.gavin.job.input.ParserTest"/>
  <testcase name="testParseChrom" time="0.001" classname="org.molgenis.gavin.job.input.ParserTest"/>
  <testcase name="testParseChrom" time="0.001" classname="org.molgenis.gavin.job.input.ParserTest"/>
  <testcase name="testParseChrom" time="0.001" classname="org.molgenis.gavin.job.input.ParserTest"/>
  <testcase name="testParseChrom" time="0.001" classname="org.molgenis.gavin.job.input.ParserTest"/>
  <testcase name="testParseVariant" time="0.001" classname="org.molgenis.gavin.job.input.ParserTest"/>
  <testcase name="testTransform" time="0.104" classname="org.molgenis.gavin.job.input.ParserTest"/>
  <testcase name="testParseChrom" time="0.001" classname="org.molgenis.gavin.job.input.ParserTest"/>
  <testcase name="testParseChrom" time="0.002" classname="org.molgenis.gavin.job.input.ParserTest"/>
  <testcase name="testParseChrom" time="0.001" classname="org.molgenis.gavin.job.input.ParserTest"/>
  <testcase name="testParseChrom" time="0.000" classname="org.molgenis.gavin.job.input.ParserTest"/>
  <testcase name="testParseChrom" time="0.001" classname="org.molgenis.gavin.job.input.ParserTest"/>
  <testcase name="testParseChrom" time="0.001" classname="org.molgenis.gavin.job.input.ParserTest"/>
  <testcase name="testParseVariant" time="0.000" classname="org.molgenis.gavin.job.input.ParserTest"/>
  <testcase name="testParseChrom" time="0.000" classname="org.molgenis.gavin.job.input.ParserTest"/>
  <testcase name="testParseChrom" time="0.001" classname="org.molgenis.gavin.job.input.ParserTest"/>
  <testcase name="testParseChrom" time="0.002" classname="org.molgenis.gavin.job.input.ParserTest"/>
</testsuite> <!-- org.molgenis.gavin.job.input.ParserTest -->
