<?xml version="1.0" encoding="UTF-8"?>
<!-- Generated by org.testng.reporters.JUnitReportReporter -->
<testsuite hostname="cyclone1" name="org.molgenis.gavin.job.input.model.CaddVariantTest" tests="1" failures="0" timestamp="1 Jun 2018 11:52:37 GMT" time="0.086" errors="0">
  <testcase name="testToString" time="0.086" classname="org.molgenis.gavin.job.input.model.CaddVariantTest"/>
</testsuite> <!-- org.molgenis.gavin.job.input.model.CaddVariantTest -->
