<?xml version="1.0" encoding="UTF-8"?>
<!-- Generated by org.testng.reporters.JUnitReportReporter -->
<testsuite hostname="cyclone1" name="org.molgenis.gavin.job.GavinJobTest" tests="5" failures="0" timestamp="1 Jun 2018 11:52:37 GMT" time="1.030" errors="0">
  <testcase name="testRunHappyPathVcf" time="0.048" classname="org.molgenis.gavin.job.GavinJobTest"/>
  <testcase name="testMixedInputsThrowsException" time="0.027" classname="org.molgenis.gavin.job.GavinJobTest"/>
  <testcase name="testRunHappyPathCadd" time="0.014" classname="org.molgenis.gavin.job.GavinJobTest"/>
  <testcase name="testSkippedThrowsException" time="0.929" classname="org.molgenis.gavin.job.GavinJobTest"/>
  <testcase name="testNoValidLinesThrowsException" time="0.012" classname="org.molgenis.gavin.job.GavinJobTest"/>
</testsuite> <!-- org.molgenis.gavin.job.GavinJobTest -->
