<?xml version="1.0" encoding="UTF-8"?>
<!-- Generated by org.testng.reporters.JUnitReportReporter -->
<testsuite hostname="cyclone1" name="org.molgenis.gavin.controller.GavinControllerTest" tests="6" failures="0" timestamp="1 Jun 2018 11:52:37 GMT" time="0.539" errors="0">
  <testcase name="testAnnotateFile" time="0.395" classname="org.molgenis.gavin.controller.GavinControllerTest"/>
  <testcase name="testResultNotFound" time="0.003" classname="org.molgenis.gavin.controller.GavinControllerTest"/>
  <testcase name="testInitResourcesPresent" time="0.004" classname="org.molgenis.gavin.controller.GavinControllerTest"/>
  <testcase name="testInitMissingResources" time="0.007" classname="org.molgenis.gavin.controller.GavinControllerTest"/>
  <testcase name="testResult" time="0.074" classname="org.molgenis.gavin.controller.GavinControllerTest"/>
  <testcase name="testCleanUp" time="0.056" classname="org.molgenis.gavin.controller.GavinControllerTest"/>
</testsuite> <!-- org.molgenis.gavin.controller.GavinControllerTest -->
