<?xml version="1.0" encoding="UTF-8"?>
<!-- Generated by org.testng.reporters.JUnitReportReporter -->
<testsuite hostname="cyclone1" name="org.molgenis.data.elasticsearch.generator.SortGeneratorTest" tests="5" failures="0" timestamp="1 Jun 2018 11:47:31 GMT" time="0.247" errors="0">
  <testcase name="testGenerateDescRaw" time="0.227" classname="org.molgenis.data.elasticsearch.generator.SortGeneratorTest"/>
  <testcase name="testGenerateAscRaw" time="0.003" classname="org.molgenis.data.elasticsearch.generator.SortGeneratorTest"/>
  <testcase name="testGenerateDesc" time="0.003" classname="org.molgenis.data.elasticsearch.generator.SortGeneratorTest"/>
  <testcase name="testGenerateDescAscRaw" time="0.005" classname="org.molgenis.data.elasticsearch.generator.SortGeneratorTest"/>
  <testcase name="testGenerateAsc" time="0.009" classname="org.molgenis.data.elasticsearch.generator.SortGeneratorTest"/>
</testsuite> <!-- org.molgenis.data.elasticsearch.generator.SortGeneratorTest -->
