<?xml version="1.0" encoding="UTF-8"?>
<!-- Generated by org.testng.reporters.JUnitReportReporter -->
<testsuite hostname="cyclone1" name="org.molgenis.data.elasticsearch.ElasticsearchServiceTest" tests="3" failures="0" timestamp="1 Jun 2018 11:47:31 GMT" time="0.466" errors="0">
  <testcase name="testBatchingSearchPageSizeZero" time="0.204" classname="org.molgenis.data.elasticsearch.ElasticsearchServiceTest"/>
  <testcase name="testSingleBatchSearch" time="0.002" classname="org.molgenis.data.elasticsearch.ElasticsearchServiceTest"/>
  <testcase name="testBatchingSearchPageSizeLargerThanMax" time="0.260" classname="org.molgenis.data.elasticsearch.ElasticsearchServiceTest"/>
</testsuite> <!-- org.molgenis.data.elasticsearch.ElasticsearchServiceTest -->
