<?xml version="1.0" encoding="UTF-8"?>
<!-- Generated by org.testng.reporters.JUnitReportReporter -->
<testsuite hostname="cyclone1" name="org.molgenis.data.elasticsearch.client.SortContentBuilderTest" tests="2" failures="0" timestamp="1 Jun 2018 11:47:31 GMT" time="0.633" errors="0">
  <testcase name="createSortsAsc" time="0.599" classname="org.molgenis.data.elasticsearch.client.SortContentBuilderTest"/>
  <testcase name="createSortsDesc" time="0.034" classname="org.molgenis.data.elasticsearch.client.SortContentBuilderTest"/>
</testsuite> <!-- org.molgenis.data.elasticsearch.client.SortContentBuilderTest -->
