<?xml version="1.0" encoding="UTF-8"?>
<!-- Generated by org.testng.reporters.JUnitReportReporter -->
<testsuite hostname="cyclone1" name="org.molgenis.data.elasticsearch.generator.DocumentIdGeneratorTest" tests="8" failures="0" timestamp="1 Jun 2018 11:47:31 GMT" time="0.729" errors="0">
  <testcase name="testGenerateIdAttribute" time="0.002" classname="org.molgenis.data.elasticsearch.generator.DocumentIdGeneratorTest"/>
  <testcase name="testGenerateIdEntityType" time="0.001" classname="org.molgenis.data.elasticsearch.generator.DocumentIdGeneratorTest"/>
  <testcase name="testGenerateIdAttribute" time="0.002" classname="org.molgenis.data.elasticsearch.generator.DocumentIdGeneratorTest"/>
  <testcase name="testGenerateIdAttribute" time="0.037" classname="org.molgenis.data.elasticsearch.generator.DocumentIdGeneratorTest"/>
  <testcase name="testGenerateIdEntityType" time="0.001" classname="org.molgenis.data.elasticsearch.generator.DocumentIdGeneratorTest"/>
  <testcase name="testGenerateIdAttribute" time="0.683" classname="org.molgenis.data.elasticsearch.generator.DocumentIdGeneratorTest"/>
  <testcase name="testGenerateIdEntityType" time="0.001" classname="org.molgenis.data.elasticsearch.generator.DocumentIdGeneratorTest"/>
  <testcase name="testGenerateIdAttribute" time="0.002" classname="org.molgenis.data.elasticsearch.generator.DocumentIdGeneratorTest"/>
</testsuite> <!-- org.molgenis.data.elasticsearch.generator.DocumentIdGeneratorTest -->
