<?xml version="1.0" encoding="UTF-8"?>
<!-- Generated by org.testng.reporters.JUnitReportReporter -->
<testsuite hostname="cyclone1" name="org.molgenis.data.elasticsearch.client.ClientFactoryTest" tests="3" failures="0" timestamp="1 Jun 2018 11:47:31 GMT" time="3.241" errors="0">
  <testcase name="testCreateClientNullAddresses" time="0.004" classname="org.molgenis.data.elasticsearch.client.ClientFactoryTest"/>
  <testcase name="testCreateClient" time="3.227" classname="org.molgenis.data.elasticsearch.client.ClientFactoryTest"/>
  <testcase name="testCreateClientEmptyAddresses" time="0.010" classname="org.molgenis.data.elasticsearch.client.ClientFactoryTest"/>
</testsuite> <!-- org.molgenis.data.elasticsearch.client.ClientFactoryTest -->
