<?xml version="1.0" encoding="UTF-8"?>
<!-- Generated by org.testng.reporters.JUnitReportReporter -->
<testsuite hostname="cyclone1" name="org.molgenis.data.index.job.IndexJobSchedulerTest" tests="2" failures="0" timestamp="30 May 2018 12:53:04 GMT" time="0.113" errors="0">
  <testcase name="testCleanupJobExecutions" time="0.107" classname="org.molgenis.data.index.job.IndexJobSchedulerTest"/>
  <testcase name="testRebuildIndexDoesNothingIfNoIndexActionJobIsFound" time="0.006" classname="org.molgenis.data.index.job.IndexJobSchedulerTest"/>
</testsuite> <!-- org.molgenis.data.index.job.IndexJobSchedulerTest -->
