<?xml version="1.0" encoding="UTF-8"?>
<!-- Generated by org.testng.reporters.JUnitReportReporter -->
<testsuite hostname="cyclone1" name="org.molgenis.data.index.IndexActionRegisterServiceTest" tests="5" failures="0" timestamp="6 Jun 2018 14:20:09 GMT" time="0.154" errors="0">
  <testcase name="testRegisterExcludedEntities" time="0.002" classname="org.molgenis.data.index.IndexActionRegisterServiceTest"/>
  <testcase name="isEntityDirtyFalse" time="0.008" classname="org.molgenis.data.index.IndexActionRegisterServiceTest"/>
  <testcase name="testRegisterCreateSingleEntityNoReferences" time="0.017" classname="org.molgenis.data.index.IndexActionRegisterServiceTest"/>
  <testcase name="testRegisterAndForget" time="0.126" classname="org.molgenis.data.index.IndexActionRegisterServiceTest"/>
  <testcase name="isEntityDirtyTrue" time="0.001" classname="org.molgenis.data.index.IndexActionRegisterServiceTest"/>
</testsuite> <!-- org.molgenis.data.index.IndexActionRegisterServiceTest -->
