<?xml version="1.0" encoding="UTF-8"?>
<!-- Generated by org.testng.reporters.JUnitReportReporter -->
<testsuite hostname="cyclone1" name="org.molgenis.data.index.bootstrap.IndexBootstrapperTest" tests="4" failures="0" timestamp="7 Jun 2018 14:48:56 GMT" time="1.076" errors="0">
  <testcase name="testStartupAllIsFine" time="0.062" classname="org.molgenis.data.index.bootstrap.IndexBootstrapperTest"/>
  <testcase name="testStartupFailedIndexJobsUnknownEntityType" time="0.009" classname="org.molgenis.data.index.bootstrap.IndexBootstrapperTest"/>
  <testcase name="testStartupNoIndex" time="0.083" classname="org.molgenis.data.index.bootstrap.IndexBootstrapperTest"/>
  <testcase name="testStartupFailedIndexJobs" time="0.922" classname="org.molgenis.data.index.bootstrap.IndexBootstrapperTest"/>
</testsuite> <!-- org.molgenis.data.index.bootstrap.IndexBootstrapperTest -->
