<?xml version="1.0" encoding="UTF-8"?>
<!-- Generated by org.testng.reporters.JUnitReportReporter -->
<testsuite hostname="cyclone1" name="org.molgenis.data.index.job.IndexJobSchedulerTest" tests="2" failures="0" timestamp="1 Jun 2018 11:36:24 GMT" time="0.112" errors="0">
  <testcase name="testCleanupJobExecutions" time="0.059" classname="org.molgenis.data.index.job.IndexJobSchedulerTest"/>
  <testcase name="testRebuildIndexDoesNothingIfNoIndexActionJobIsFound" time="0.053" classname="org.molgenis.data.index.job.IndexJobSchedulerTest"/>
</testsuite> <!-- org.molgenis.data.index.job.IndexJobSchedulerTest -->
