<?xml version="1.0" encoding="UTF-8"?>
<!-- Generated by org.testng.reporters.JUnitReportReporter -->
<testsuite hostname="cyclone1" name="org.molgenis.data.index.bootstrap.IndexBootstrapperTest" tests="4" failures="0" timestamp="6 Jun 2018 08:47:16 GMT" time="0.111" errors="0">
  <testcase name="testStartupNoIndex" time="0.004" classname="org.molgenis.data.index.bootstrap.IndexBootstrapperTest"/>
  <testcase name="testStartupFailedIndexJobsUnknownEntityType" time="0.002" classname="org.molgenis.data.index.bootstrap.IndexBootstrapperTest"/>
  <testcase name="testStartupFailedIndexJobs" time="0.101" classname="org.molgenis.data.index.bootstrap.IndexBootstrapperTest"/>
  <testcase name="testStartupAllIsFine" time="0.004" classname="org.molgenis.data.index.bootstrap.IndexBootstrapperTest"/>
</testsuite> <!-- org.molgenis.data.index.bootstrap.IndexBootstrapperTest -->
