<?xml version="1.0" encoding="UTF-8"?>
<!-- Generated by org.testng.reporters.JUnitReportReporter -->
<testsuite hostname="cyclone1" name="org.molgenis.data.index.IndexingStrategyTest" tests="4" failures="0" timestamp="7 Jun 2018 14:48:56 GMT" time="0.087" errors="0">
  <testcase name="testDetermineImpactNoDependencies" time="0.001" classname="org.molgenis.data.index.IndexingStrategyTest"/>
  <testcase name="testDetermineNecessaryActionsEmptySet" time="0.001" classname="org.molgenis.data.index.IndexingStrategyTest"/>
  <testcase name="testDetermineImpact2" time="0.002" classname="org.molgenis.data.index.IndexingStrategyTest"/>
  <testcase name="testDetermineImpact" time="0.083" classname="org.molgenis.data.index.IndexingStrategyTest"/>
</testsuite> <!-- org.molgenis.data.index.IndexingStrategyTest -->
