<?xml version="1.0" encoding="UTF-8"?>
<!-- Generated by org.testng.reporters.JUnitReportReporter -->
<testsuite hostname="cyclone1" name="org.molgenis.data.index.IndexDependencyModelTest" tests="4" failures="0" timestamp="6 Jun 2018 08:47:16 GMT" time="0.019" errors="0">
  <testcase name="testGetEntityTypesDependentOnDeepReferences" time="0.005" classname="org.molgenis.data.index.IndexDependencyModelTest"/>
  <testcase name="testGetEntityTypesDependentOnDeepExtension" time="0.006" classname="org.molgenis.data.index.IndexDependencyModelTest"/>
  <testcase name="testGetEntityTypesDependentOnCircular" time="0.007" classname="org.molgenis.data.index.IndexDependencyModelTest"/>
  <testcase name="testGetEntityTypesDependentOnCircularZeroDepth" time="0.001" classname="org.molgenis.data.index.IndexDependencyModelTest"/>
</testsuite> <!-- org.molgenis.data.index.IndexDependencyModelTest -->
