<?xml version="1.0" encoding="UTF-8"?>
<!-- Generated by org.testng.reporters.JUnitReportReporter -->
<testsuite hostname="cyclone1" name="org.molgenis.data.index.IndexActionRepositoryCollectionDecoratorTest" tests="5" failures="0" timestamp="4 Jun 2018 11:15:19 GMT" time="0.044" errors="0">
  <testcase name="deleteAttribute" time="0.001" classname="org.molgenis.data.index.IndexActionRepositoryCollectionDecoratorTest"/>
  <testcase name="updateRepository" time="0.000" classname="org.molgenis.data.index.IndexActionRepositoryCollectionDecoratorTest"/>
  <testcase name="addEntityType" time="0.001" classname="org.molgenis.data.index.IndexActionRepositoryCollectionDecoratorTest"/>
  <testcase name="addAttribute" time="0.002" classname="org.molgenis.data.index.IndexActionRepositoryCollectionDecoratorTest"/>
  <testcase name="deleteRepository" time="0.040" classname="org.molgenis.data.index.IndexActionRepositoryCollectionDecoratorTest"/>
</testsuite> <!-- org.molgenis.data.index.IndexActionRepositoryCollectionDecoratorTest -->
