<?xml version="1.0" encoding="UTF-8"?>
<!-- Generated by org.testng.reporters.JUnitReportReporter -->
<testsuite hostname="cyclone1" name="org.molgenis.data.index.bootstrap.IndexBootstrapperTest" tests="4" failures="0" timestamp="30 May 2018 12:53:04 GMT" time="0.184" errors="0">
  <testcase name="testStartupAllIsFine" time="0.016" classname="org.molgenis.data.index.bootstrap.IndexBootstrapperTest"/>
  <testcase name="testStartupFailedIndexJobsUnknownEntityType" time="0.004" classname="org.molgenis.data.index.bootstrap.IndexBootstrapperTest"/>
  <testcase name="testStartupFailedIndexJobs" time="0.155" classname="org.molgenis.data.index.bootstrap.IndexBootstrapperTest"/>
  <testcase name="testStartupNoIndex" time="0.009" classname="org.molgenis.data.index.bootstrap.IndexBootstrapperTest"/>
</testsuite> <!-- org.molgenis.data.index.bootstrap.IndexBootstrapperTest -->
