<?xml version="1.0" encoding="UTF-8"?>
<!-- Generated by org.testng.reporters.JUnitReportReporter -->
<testsuite hostname="cyclone1" name="org.molgenis.data.index.IndexingStrategyTest" tests="4" failures="0" timestamp="30 May 2018 12:53:04 GMT" time="0.006" errors="0">
  <testcase name="testDetermineNecessaryActionsEmptySet" time="0.002" classname="org.molgenis.data.index.IndexingStrategyTest"/>
  <testcase name="testDetermineImpact" time="0.002" classname="org.molgenis.data.index.IndexingStrategyTest"/>
  <testcase name="testDetermineImpactNoDependencies" time="0.001" classname="org.molgenis.data.index.IndexingStrategyTest"/>
  <testcase name="testDetermineImpact2" time="0.001" classname="org.molgenis.data.index.IndexingStrategyTest"/>
</testsuite> <!-- org.molgenis.data.index.IndexingStrategyTest -->
