<?xml version="1.0" encoding="UTF-8"?>
<!-- Generated by org.testng.reporters.JUnitReportReporter -->
<testsuite hostname="cyclone1" name="org.molgenis.data.index.IndexActionRegisterServiceTest" tests="5" failures="0" timestamp="4 Jun 2018 11:15:19 GMT" time="0.469" errors="0">
  <testcase name="testRegisterAndForget" time="0.008" classname="org.molgenis.data.index.IndexActionRegisterServiceTest"/>
  <testcase name="isEntityDirtyFalse" time="0.301" classname="org.molgenis.data.index.IndexActionRegisterServiceTest"/>
  <testcase name="testRegisterCreateSingleEntityNoReferences" time="0.156" classname="org.molgenis.data.index.IndexActionRegisterServiceTest"/>
  <testcase name="testRegisterExcludedEntities" time="0.004" classname="org.molgenis.data.index.IndexActionRegisterServiceTest"/>
  <testcase name="isEntityDirtyTrue" time="0.000" classname="org.molgenis.data.index.IndexActionRegisterServiceTest"/>
</testsuite> <!-- org.molgenis.data.index.IndexActionRegisterServiceTest -->
