<?xml version="1.0" encoding="UTF-8"?>
<!-- Generated by org.testng.reporters.JUnitReportReporter -->
<testsuite hostname="cyclone1" name="org.molgenis.data.index.IndexDependencyModelTest" tests="4" failures="0" timestamp="30 May 2018 12:53:04 GMT" time="0.027" errors="0">
  <testcase name="testGetEntityTypesDependentOnCircular" time="0.010" classname="org.molgenis.data.index.IndexDependencyModelTest"/>
  <testcase name="testGetEntityTypesDependentOnDeepExtension" time="0.009" classname="org.molgenis.data.index.IndexDependencyModelTest"/>
  <testcase name="testGetEntityTypesDependentOnDeepReferences" time="0.005" classname="org.molgenis.data.index.IndexDependencyModelTest"/>
  <testcase name="testGetEntityTypesDependentOnCircularZeroDepth" time="0.003" classname="org.molgenis.data.index.IndexDependencyModelTest"/>
</testsuite> <!-- org.molgenis.data.index.IndexDependencyModelTest -->
