<?xml version="1.0" encoding="UTF-8"?>
<!-- Generated by org.testng.reporters.JUnitReportReporter -->
<testsuite hostname="cyclone1" name="org.molgenis.data.index.bootstrap.IndexBootstrapperTest" tests="4" failures="0" timestamp="1 Jun 2018 11:36:24 GMT" time="0.112" errors="0">
  <testcase name="testStartupFailedIndexJobsUnknownEntityType" time="0.004" classname="org.molgenis.data.index.bootstrap.IndexBootstrapperTest"/>
  <testcase name="testStartupAllIsFine" time="0.004" classname="org.molgenis.data.index.bootstrap.IndexBootstrapperTest"/>
  <testcase name="testStartupFailedIndexJobs" time="0.100" classname="org.molgenis.data.index.bootstrap.IndexBootstrapperTest"/>
  <testcase name="testStartupNoIndex" time="0.004" classname="org.molgenis.data.index.bootstrap.IndexBootstrapperTest"/>
</testsuite> <!-- org.molgenis.data.index.bootstrap.IndexBootstrapperTest -->
