<?xml version="1.0" encoding="UTF-8"?>
<!-- Generated by org.testng.reporters.JUnitReportReporter -->
<testsuite hostname="cyclone1" name="org.molgenis.data.index.job.IndexJobSchedulerTest" tests="2" failures="0" timestamp="4 Jun 2018 11:15:19 GMT" time="0.312" errors="0">
  <testcase name="testRebuildIndexDoesNothingIfNoIndexActionJobIsFound" time="0.227" classname="org.molgenis.data.index.job.IndexJobSchedulerTest"/>
  <testcase name="testCleanupJobExecutions" time="0.085" classname="org.molgenis.data.index.job.IndexJobSchedulerTest"/>
</testsuite> <!-- org.molgenis.data.index.job.IndexJobSchedulerTest -->
