<?xml version="1.0" encoding="UTF-8"?>
<!-- Generated by org.testng.reporters.JUnitReportReporter -->
<testsuite hostname="cyclone1" name="org.molgenis.data.index.IndexActionRegisterServiceTest" tests="5" failures="0" timestamp="7 Jun 2018 14:48:56 GMT" time="0.316" errors="0">
  <testcase name="testRegisterAndForget" time="0.007" classname="org.molgenis.data.index.IndexActionRegisterServiceTest"/>
  <testcase name="isEntityDirtyFalse" time="0.014" classname="org.molgenis.data.index.IndexActionRegisterServiceTest"/>
  <testcase name="testRegisterCreateSingleEntityNoReferences" time="0.099" classname="org.molgenis.data.index.IndexActionRegisterServiceTest"/>
  <testcase name="testRegisterExcludedEntities" time="0.042" classname="org.molgenis.data.index.IndexActionRegisterServiceTest"/>
  <testcase name="isEntityDirtyTrue" time="0.154" classname="org.molgenis.data.index.IndexActionRegisterServiceTest"/>
</testsuite> <!-- org.molgenis.data.index.IndexActionRegisterServiceTest -->
