<?xml version="1.0" encoding="UTF-8"?>
<!-- Generated by org.testng.reporters.JUnitReportReporter -->
<testsuite hostname="cyclone1" name="org.molgenis.data.index.job.IndexJobServiceTest" tests="9" failures="0" timestamp="6 Jun 2018 08:47:16 GMT" time="0.317" errors="0">
  <testcase name="rebuildIndexDeleteSingleEntityTest" time="0.007" classname="org.molgenis.data.index.job.IndexJobServiceTest"/>
  <testcase name="rebuildIndexCreateSingleEntityTest" time="0.007" classname="org.molgenis.data.index.job.IndexJobServiceTest"/>
  <testcase name="testCreateQueryGetAllIndexActions" time="0.004" classname="org.molgenis.data.index.job.IndexJobServiceTest"/>
  <testcase name="testNoIndexActionsForTransaction" time="0.007" classname="org.molgenis.data.index.job.IndexJobServiceTest"/>
  <testcase name="rebuildIndexDeleteMetaDataEntityTest" time="0.232" classname="org.molgenis.data.index.job.IndexJobServiceTest"/>
  <testcase name="rebuildIndexMetaUpdateDataTest" time="0.007" classname="org.molgenis.data.index.job.IndexJobServiceTest"/>
  <testcase name="indexSingleEntityindexServiceThrowsExceptionOnSecondEntityId" time="0.027" classname="org.molgenis.data.index.job.IndexJobServiceTest"/>
  <testcase name="rebuildIndexMetaCreateDataTest" time="0.021" classname="org.molgenis.data.index.job.IndexJobServiceTest"/>
  <testcase name="testNoIndexActionJobForTransaction" time="0.005" classname="org.molgenis.data.index.job.IndexJobServiceTest"/>
</testsuite> <!-- org.molgenis.data.index.job.IndexJobServiceTest -->
