<?xml version="1.0" encoding="UTF-8"?>
<!-- Generated by org.testng.reporters.JUnitReportReporter -->
<testsuite hostname="cyclone1" name="org.molgenis.data.index.job.IndexJobSchedulerTest" tests="2" failures="0" timestamp="6 Jun 2018 08:47:16 GMT" time="0.402" errors="0">
  <testcase name="testRebuildIndexDoesNothingIfNoIndexActionJobIsFound" time="0.022" classname="org.molgenis.data.index.job.IndexJobSchedulerTest"/>
  <testcase name="testCleanupJobExecutions" time="0.380" classname="org.molgenis.data.index.job.IndexJobSchedulerTest"/>
</testsuite> <!-- org.molgenis.data.index.job.IndexJobSchedulerTest -->
