<?xml version="1.0" encoding="UTF-8"?>
<!-- Generated by org.testng.reporters.JUnitReportReporter -->
<testsuite hostname="cyclone1" name="org.molgenis.data.index.IndexActionRepositoryDecoratorTest" tests="19" failures="0" timestamp="6 Jun 2018 14:20:09 GMT" time="0.587" errors="0">
  <testcase name="deleteStreamEntities" time="0.002" classname="org.molgenis.data.index.IndexActionRepositoryDecoratorTest"/>
  <testcase name="deleteEntityBidi" time="0.005" classname="org.molgenis.data.index.IndexActionRepositoryDecoratorTest"/>
  <testcase name="updateEntityBidi" time="0.002" classname="org.molgenis.data.index.IndexActionRepositoryDecoratorTest"/>
  <testcase name="updateStreamEntitiesBidi" time="0.003" classname="org.molgenis.data.index.IndexActionRepositoryDecoratorTest"/>
  <testcase name="deleteEntityByIdStreamBidi" time="0.002" classname="org.molgenis.data.index.IndexActionRepositoryDecoratorTest"/>
  <testcase name="deleteStreamEntitiesBidi" time="0.003" classname="org.molgenis.data.index.IndexActionRepositoryDecoratorTest"/>
  <testcase name="updateStreamEntities" time="0.001" classname="org.molgenis.data.index.IndexActionRepositoryDecoratorTest"/>
  <testcase name="deleteEntityByIdBidi" time="0.003" classname="org.molgenis.data.index.IndexActionRepositoryDecoratorTest"/>
  <testcase name="deleteEntityByIdStream" time="0.002" classname="org.molgenis.data.index.IndexActionRepositoryDecoratorTest"/>
  <testcase name="addEntity" time="0.048" classname="org.molgenis.data.index.IndexActionRepositoryDecoratorTest"/>
  <testcase name="addEntitiesStream" time="0.006" classname="org.molgenis.data.index.IndexActionRepositoryDecoratorTest"/>
  <testcase name="addEntityBidi" time="0.004" classname="org.molgenis.data.index.IndexActionRepositoryDecoratorTest"/>
  <testcase name="deleteAllBidi" time="0.032" classname="org.molgenis.data.index.IndexActionRepositoryDecoratorTest"/>
  <testcase name="deleteEntityById" time="0.001" classname="org.molgenis.data.index.IndexActionRepositoryDecoratorTest"/>
  <testcase name="deleteAll" time="0.003" classname="org.molgenis.data.index.IndexActionRepositoryDecoratorTest"/>
  <testcase name="addEntitiesStreamBidi" time="0.466" classname="org.molgenis.data.index.IndexActionRepositoryDecoratorTest"/>
  <testcase name="getCapabilities" time="0.001" classname="org.molgenis.data.index.IndexActionRepositoryDecoratorTest"/>
  <testcase name="deleteEntity" time="0.002" classname="org.molgenis.data.index.IndexActionRepositoryDecoratorTest"/>
  <testcase name="updateEntity" time="0.001" classname="org.molgenis.data.index.IndexActionRepositoryDecoratorTest"/>
</testsuite> <!-- org.molgenis.data.index.IndexActionRepositoryDecoratorTest -->
