<?xml version="1.0" encoding="UTF-8"?>
<!-- Generated by org.testng.reporters.JUnitReportReporter -->
<testsuite hostname="cyclone1" name="org.molgenis.data.index.job.IndexJobSchedulerTest" tests="2" failures="0" timestamp="7 Jun 2018 14:48:56 GMT" time="0.139" errors="0">
  <testcase name="testRebuildIndexDoesNothingIfNoIndexActionJobIsFound" time="0.065" classname="org.molgenis.data.index.job.IndexJobSchedulerTest"/>
  <testcase name="testCleanupJobExecutions" time="0.074" classname="org.molgenis.data.index.job.IndexJobSchedulerTest"/>
</testsuite> <!-- org.molgenis.data.index.job.IndexJobSchedulerTest -->
