<?xml version="1.0" encoding="UTF-8"?>
<!-- Generated by org.testng.reporters.JUnitReportReporter -->
<testsuite hostname="cyclone1" name="org.molgenis.data.index.job.IndexJobSchedulerTest" tests="2" failures="0" timestamp="6 Jun 2018 21:44:50 GMT" time="0.046" errors="0">
  <testcase name="testCleanupJobExecutions" time="0.043" classname="org.molgenis.data.index.job.IndexJobSchedulerTest"/>
  <testcase name="testRebuildIndexDoesNothingIfNoIndexActionJobIsFound" time="0.003" classname="org.molgenis.data.index.job.IndexJobSchedulerTest"/>
</testsuite> <!-- org.molgenis.data.index.job.IndexJobSchedulerTest -->
