<?xml version="1.0" encoding="UTF-8"?>
<!-- Generated by org.testng.reporters.JUnitReportReporter -->
<testsuite hostname="cyclone1" name="org.molgenis.data.index.IndexActionRepositoryCollectionDecoratorTest" tests="5" failures="0" timestamp="6 Jun 2018 21:44:50 GMT" time="0.055" errors="0">
  <testcase name="deleteRepository" time="0.002" classname="org.molgenis.data.index.IndexActionRepositoryCollectionDecoratorTest"/>
  <testcase name="deleteAttribute" time="0.002" classname="org.molgenis.data.index.IndexActionRepositoryCollectionDecoratorTest"/>
  <testcase name="addAttribute" time="0.002" classname="org.molgenis.data.index.IndexActionRepositoryCollectionDecoratorTest"/>
  <testcase name="updateRepository" time="0.002" classname="org.molgenis.data.index.IndexActionRepositoryCollectionDecoratorTest"/>
  <testcase name="addEntityType" time="0.047" classname="org.molgenis.data.index.IndexActionRepositoryCollectionDecoratorTest"/>
</testsuite> <!-- org.molgenis.data.index.IndexActionRepositoryCollectionDecoratorTest -->
