<?xml version="1.0" encoding="UTF-8" ?>
<testsuite tests="23" failures="0" name="io.scalecube.services.ServiceCallTest" time="139.737" errors="1" skipped="0">
  <properties>
    <property name="java.runtime.name" value="OpenJDK Runtime Environment"/>
    <property name="sun.boot.library.path" value="/usr/lib/jvm/java-8-openjdk-amd64/jre/lib/amd64"/>
    <property name="java.vm.version" value="25.121-b13"/>
    <property name="java.vm.vendor" value="Oracle Corporation"/>
    <property name="maven.multiModuleProjectDirectory" value="/root/workspace/scalecube/scalecube-services/385584636"/>
    <property name="java.vendor.url" value="http://java.oracle.com/"/>
    <property name="path.separator" value=":"/>
    <property name="guice.disable.misplaced.annotation.check" value="true"/>
    <property name="skip.gulp" value="true"/>
    <property name="java.vm.name" value="OpenJDK 64-Bit Server VM"/>
    <property name="file.encoding.pkg" value="sun.io"/>
    <property name="sun.java.launcher" value="SUN_STANDARD"/>
    <property name="sun.os.patch.level" value="unknown"/>
    <property name="findbugs.skip" value="true"/>
    <property name="java.vm.specification.name" value="Java Virtual Machine Specification"/>
    <property name="user.dir" value="/root/workspace/scalecube/scalecube-services/385584636"/>
    <property name="checkstyle.skip" value="true"/>
    <property name="java.runtime.version" value="1.8.0_121-8u121-b13-1~bpo8+1-b13"/>
    <property name="java.awt.graphicsenv" value="sun.awt.X11GraphicsEnvironment"/>
    <property name="skip.npm" value="true"/>
    <property name="java.endorsed.dirs" value="/usr/lib/jvm/java-8-openjdk-amd64/jre/lib/endorsed"/>
    <property name="os.arch" value="amd64"/>
    <property name="java.io.tmpdir" value="/tmp"/>
    <property name="gpg.skip" value="true"/>
    <property name="line.separator" value="
"/>
    <property name="java.vm.specification.vendor" value="Oracle Corporation"/>
    <property name="cobertura.skip" value="true"/>
    <property name="os.name" value="Linux"/>
    <property name="classworlds.conf" value="/usr/share/maven/bin/m2.conf"/>
    <property name="sun.jnu.encoding" value="UTF-8"/>
    <property name="java.library.path" value="/usr/java/packages/lib/amd64:/usr/lib/x86_64-linux-gnu/jni:/lib/x86_64-linux-gnu:/usr/lib/x86_64-linux-gnu:/usr/lib/jni:/lib:/usr/lib"/>
    <property name="license.skip" value="true"/>
    <property name="java.specification.name" value="Java Platform API Specification"/>
    <property name="java.class.version" value="52.0"/>
    <property name="sun.management.compiler" value="HotSpot 64-Bit Tiered Compilers"/>
    <property name="skip.bower" value="true"/>
    <property name="maven.repo.local" value="/root/./workspace/scalecube/scalecube-services/385584636/.m2"/>
    <property name="os.version" value="3.10.0-862.3.2.el7.x86_64"/>
    <property name="user.home" value="/root"/>
    <property name="user.timezone" value="Europe/Paris"/>
    <property name="java.awt.printerjob" value="sun.print.PSPrinterJob"/>
    <property name="java.specification.version" value="1.8"/>
    <property name="file.encoding" value="UTF-8"/>
    <property name="user.name" value="root"/>
    <property name="java.class.path" value="/usr/share/maven/boot/plexus-classworlds-2.5.2.jar"/>
    <property name="skipITs" value="true"/>
    <property name="java.vm.specification.version" value="1.8"/>
    <property name="sun.arch.data.model" value="64"/>
    <property name="java.home" value="/usr/lib/jvm/java-8-openjdk-amd64/jre"/>
    <property name="sun.java.command" value="org.codehaus.plexus.classworlds.launcher.Launcher -B -D enforcer.skip=true -D dependency-check.skip=true -D skipITs=true -D cobertura.skip=true -D maven.repo.local=/root/./workspace/scalecube/scalecube-services/385584636/.m2 -D rat.skip=true -D findbugs.skip=true -D skip.bower=true -D gpg.skip=true -D checkstyle.skip=true -D skip.gulp=true -D license.skip=true -D skip.npm=true test"/>
    <property name="java.specification.vendor" value="Oracle Corporation"/>
    <property name="user.language" value="en"/>
    <property name="awt.toolkit" value="sun.awt.X11.XToolkit"/>
    <property name="dependency-check.skip" value="true"/>
    <property name="java.vm.info" value="mixed mode"/>
    <property name="java.version" value="1.8.0_121"/>
    <property name="java.ext.dirs" value="/usr/lib/jvm/java-8-openjdk-amd64/jre/lib/ext:/usr/java/packages/lib/ext"/>
    <property name="securerandom.source" value="file:/dev/./urandom"/>
    <property name="sun.boot.class.path" value="/usr/lib/jvm/java-8-openjdk-amd64/jre/lib/resources.jar:/usr/lib/jvm/java-8-openjdk-amd64/jre/lib/rt.jar:/usr/lib/jvm/java-8-openjdk-amd64/jre/lib/sunrsasign.jar:/usr/lib/jvm/java-8-openjdk-amd64/jre/lib/jsse.jar:/usr/lib/jvm/java-8-openjdk-amd64/jre/lib/jce.jar:/usr/lib/jvm/java-8-openjdk-amd64/jre/lib/charsets.jar:/usr/lib/jvm/java-8-openjdk-amd64/jre/lib/jfr.jar:/usr/lib/jvm/java-8-openjdk-amd64/jre/classes"/>
    <property name="java.vendor" value="Oracle Corporation"/>
    <property name="enforcer.skip" value="true"/>
    <property name="rat.skip" value="true"/>
    <property name="maven.home" value="/usr/share/maven"/>
    <property name="file.separator" value="/"/>
    <property name="java.vendor.url.bug" value="http://bugreport.sun.com/bugreport/"/>
    <property name="sun.cpu.endian" value="little"/>
    <property name="sun.io.unicode.encoding" value="UnicodeLittle"/>
    <property name="sun.cpu.isalist" value=""/>
  </properties>
  <testcase classname="io.scalecube.services.ServiceCallTest" name="test_remote_void_greeting" time="6.015">
    <error message="Timeout on blocking read for 3000 MILLISECONDS" type="java.lang.IllegalStateException">java.lang.IllegalStateException: Timeout on blocking read for 3000 MILLISECONDS
	at reactor.core.publisher.BlockingSingleSubscriber.blockingGet(BlockingSingleSubscriber.java:117)
	at reactor.core.publisher.Mono.block(Mono.java:1199)
	at io.scalecube.services.ServiceCallTest.test_remote_void_greeting(ServiceCallTest.java:120)
	at sun.reflect.NativeMethodAccessorImpl.invoke0(Native Method)
	at sun.reflect.NativeMethodAccessorImpl.invoke(NativeMethodAccessorImpl.java:62)
	at sun.reflect.DelegatingMethodAccessorImpl.invoke(DelegatingMethodAccessorImpl.java:43)
	at java.lang.reflect.Method.invoke(Method.java:498)
	at org.junit.runners.model.FrameworkMethod$1.runReflectiveCall(FrameworkMethod.java:50)
	at org.junit.internal.runners.model.ReflectiveCallable.run(ReflectiveCallable.java:12)
	at org.junit.runners.model.FrameworkMethod.invokeExplosively(FrameworkMethod.java:47)
	at org.junit.internal.runners.statements.InvokeMethod.evaluate(InvokeMethod.java:17)
	at org.junit.internal.runners.statements.RunBefores.evaluate(RunBefores.java:26)
	at org.junit.internal.runners.statements.RunAfters.evaluate(RunAfters.java:27)
	at org.junit.rules.ExpectedException$ExpectedExceptionStatement.evaluate(ExpectedException.java:239)
	at org.junit.rules.TestWatcher$1.evaluate(TestWatcher.java:55)
	at org.junit.rules.RunRules.evaluate(RunRules.java:20)
	at org.junit.runners.ParentRunner.runLeaf(ParentRunner.java:325)
	at org.junit.runners.BlockJUnit4ClassRunner.runChild(BlockJUnit4ClassRunner.java:78)
	at org.junit.runners.BlockJUnit4ClassRunner.runChild(BlockJUnit4ClassRunner.java:57)
	at org.junit.runners.ParentRunner$3.run(ParentRunner.java:290)
	at org.junit.runners.ParentRunner$1.schedule(ParentRunner.java:71)
	at org.junit.runners.ParentRunner.runChildren(ParentRunner.java:288)
	at org.junit.runners.ParentRunner.access$000(ParentRunner.java:58)
	at org.junit.runners.ParentRunner$2.evaluate(ParentRunner.java:268)
	at org.junit.runners.ParentRunner.run(ParentRunner.java:363)
	at org.apache.maven.surefire.junit4.JUnit4Provider.execute(JUnit4Provider.java:252)
	at org.apache.maven.surefire.junit4.JUnit4Provider.executeTestSet(JUnit4Provider.java:141)
	at org.apache.maven.surefire.junit4.JUnit4Provider.invoke(JUnit4Provider.java:112)
	at sun.reflect.NativeMethodAccessorImpl.invoke0(Native Method)
	at sun.reflect.NativeMethodAccessorImpl.invoke(NativeMethodAccessorImpl.java:62)
	at sun.reflect.DelegatingMethodAccessorImpl.invoke(DelegatingMethodAccessorImpl.java:43)
	at java.lang.reflect.Method.invoke(Method.java:498)
	at org.apache.maven.surefire.util.ReflectionUtils.invokeMethodWithArray(ReflectionUtils.java:189)
	at org.apache.maven.surefire.booter.ProviderFactory$ProviderProxy.invoke(ProviderFactory.java:165)
	at org.apache.maven.surefire.booter.ProviderFactory.invokeProvider(ProviderFactory.java:85)
	at org.apache.maven.surefire.booter.ForkedBooter.runSuitesInProcess(ForkedBooter.java:115)
	at org.apache.maven.surefire.booter.ForkedBooter.main(ForkedBooter.java:75)
</error>
    <system-out>I 0530-1108:00,477 i.s.c.ClusterImpl Cluster member D38B1FBC68C867DD7680@172.17.0.2:4002 is shutting down... [main]
W 0530-1108:01,251 i.s.t.TransportImpl Failed to connect from 172.17.0.2:4803 to 172.17.0.2:4809 [sc-io-83-5]
W 0530-1108:01,587 i.s.t.TransportImpl Failed to connect from 172.17.0.2:4807 to 172.17.0.2:4809 [sc-io-143-1]
W 0530-1108:01,752 i.s.t.TransportImpl Failed to connect from 172.17.0.2:4802 to 172.17.0.2:4809 [sc-io-87-5]
W 0530-1108:01,752 i.s.t.TransportImpl Failed to connect from 172.17.0.2:4807 to 172.17.0.2:4809 [sc-io-143-2]
W 0530-1108:02,088 i.s.t.TransportImpl Failed to connect from 172.17.0.2:4803 to 172.17.0.2:4809 [sc-io-83-6]
W 0530-1108:02,088 i.s.t.TransportImpl Failed to connect from 172.17.0.2:4802 to 172.17.0.2:4809 [sc-io-87-6]
W 0530-1108:03,266 i.s.t.TransportImpl Failed to connect from 172.17.0.2:4802 to 172.17.0.2:4809 [sc-io-87-7]
I 0530-1108:03,462 i.s.c.ClusterImpl Cluster member notified about his leaving and shutting down... D38B1FBC68C867DD7680@172.17.0.2:4002 [sc-gossip-4002]
I 0530-1108:03,463 i.s.c.ClusterImpl Cluster member 09FD822CB6AFA1A25AE2@172.17.0.2:4001{{&quot;id&quot;:&quot;D7AEED5CBC6F2D4F8ED1&quot;,&quot;host&quot;:&quot;172.17.0.2&quot;,&quot;port&quot;:43209,&quot;tags&quot;:{},&quot;serviceRegistrations&quot;:[{&quot;namespace&quot;:&quot;io.scalecube.services.GreetingService&quot;,&quot;contentType&quot;:&quot;application/json&quot;,&quot;tags&quot;:{},&quot;methods&quot;:[{&quot;action&quot;:&quot;greeting&quot;,&quot;contentType&quot;:&quot;application/json&quot;,&quot;tags&quot;:{},&quot;communicationMode&quot;:&quot;REQUEST_RESPONSE&quot;},{&quot;action&quot;:&quot;greetingNoParams&quot;,&quot;contentType&quot;:&quot;application/json&quot;,&quot;tags&quot;:{},&quot;communicationMode&quot;:&quot;REQUEST_RESPONSE&quot;},{&quot;action&quot;:&quot;greetingVoid&quot;,&quot;contentType&quot;:&quot;application/json&quot;,&quot;tags&quot;:{},&quot;communicationMode&quot;:&quot;REQUEST_RESPONSE&quot;},{&quot;action&quot;:&quot;failingVoid&quot;,&quot;contentType&quot;:&quot;application/json&quot;,&quot;tags&quot;:{},&quot;communicationMode&quot;:&quot;REQUEST_RESPONSE&quot;},{&quot;action&quot;:&quot;throwingVoid&quot;,&quot;contentType&quot;:&quot;application/json&quot;,&quot;tags&quot;:{},&quot;communicationMode&quot;:&quot;REQUEST_RESPONSE&quot;},{&quot;action&quot;:&quot;greetingRequest&quot;,&quot;contentType&quot;:&quot;application/json&quot;,&quot;tags&quot;:{},&quot;communicationMode&quot;:&quot;REQUEST_RESPONSE&quot;},{&quot;action&quot;:&quot;greetingRequestTimeout&quot;,&quot;contentType&quot;:&quot;application/json&quot;,&quot;tags&quot;:{},&quot;communicationMode&quot;:&quot;REQUEST_RESPONSE&quot;},{&quot;action&quot;:&quot;notifyGreeting&quot;,&quot;contentType&quot;:&quot;application/json&quot;,&quot;tags&quot;:{},&quot;communicationMode&quot;:&quot;FIRE_AND_FORGET&quot;},{&quot;action&quot;:&quot;greetingPojo&quot;,&quot;contentType&quot;:&quot;application/json&quot;,&quot;tags&quot;:{},&quot;communicationMode&quot;:&quot;REQUEST_RESPONSE&quot;},{&quot;action&quot;:&quot;greetingNotAuthorized&quot;,&quot;contentType&quot;:&quot;application/json&quot;,&quot;tags&quot;:{},&quot;communicationMode&quot;:&quot;REQUEST_RESPONSE&quot;},{&quot;action&quot;:&quot;greetingMessage&quot;,&quot;contentType&quot;:&quot;application/json&quot;,&quot;tags&quot;:{},&quot;communicationMode&quot;:&quot;REQUEST_RESPONSE&quot;},{&quot;action&quot;:&quot;failingRequest&quot;,&quot;contentType&quot;:&quot;application/json&quot;,&quot;tags&quot;:{},&quot;communicationMode&quot;:&quot;REQUEST_RESPONSE&quot;},{&quot;action&quot;:&quot;exceptionRequest&quot;,&quot;contentType&quot;:&quot;application/json&quot;,&quot;tags&quot;:{},&quot;communicationMode&quot;:&quot;REQUEST_RESPONSE&quot;}]}]}=service} is shutting down... [main]
I 0530-1108:03,467 i.s.c.ClusterImpl Cluster member has shut down... D38B1FBC68C867DD7680@172.17.0.2:4002 [sc-gossip-4002]
W 0530-1108:03,588 i.s.t.TransportImpl Failed to connect from 172.17.0.2:4807 to 172.17.0.2:4809 [sc-io-143-3]
W 0530-1108:03,767 i.s.t.TransportImpl Failed to connect from 172.17.0.2:4807 to 172.17.0.2:4809 [sc-io-143-4]
W 0530-1108:03,767 i.s.t.TransportImpl Failed to connect from 172.17.0.2:4803 to 172.17.0.2:4809 [sc-io-83-7]
W 0530-1108:04,089 i.s.t.TransportImpl Failed to connect from 172.17.0.2:4802 to 172.17.0.2:4809 [sc-io-87-8]
W 0530-1108:04,089 i.s.t.TransportImpl Failed to connect from 172.17.0.2:4803 to 172.17.0.2:4809 [sc-io-83-8]
W 0530-1108:04,252 i.s.t.TransportImpl Failed to connect from 172.17.0.2:4803 to 172.17.0.2:4809 [sc-io-83-9]
W 0530-1108:04,753 i.s.t.TransportImpl Failed to connect from 172.17.0.2:4807 to 172.17.0.2:4809 [sc-io-143-5]
W 0530-1108:04,753 i.s.t.TransportImpl Failed to connect from 172.17.0.2:4802 to 172.17.0.2:4809 [sc-io-87-9]
W 0530-1108:05,252 i.s.t.TransportImpl Failed to connect from 172.17.0.2:4803 to 172.17.0.2:4809 [sc-io-83-10]
I 0530-1108:05,258 i.s.c.ClusterImpl Cluster member notified about his leaving and shutting down... 09FD822CB6AFA1A25AE2@172.17.0.2:4001{{&quot;id&quot;:&quot;D7AEED5CBC6F2D4F8ED1&quot;,&quot;host&quot;:&quot;172.17.0.2&quot;,&quot;port&quot;:43209,&quot;tags&quot;:{},&quot;serviceRegistrations&quot;:[{&quot;namespace&quot;:&quot;io.scalecube.services.GreetingService&quot;,&quot;contentType&quot;:&quot;application/json&quot;,&quot;tags&quot;:{},&quot;methods&quot;:[{&quot;action&quot;:&quot;greeting&quot;,&quot;contentType&quot;:&quot;application/json&quot;,&quot;tags&quot;:{},&quot;communicationMode&quot;:&quot;REQUEST_RESPONSE&quot;},{&quot;action&quot;:&quot;greetingNoParams&quot;,&quot;contentType&quot;:&quot;application/json&quot;,&quot;tags&quot;:{},&quot;communicationMode&quot;:&quot;REQUEST_RESPONSE&quot;},{&quot;action&quot;:&quot;greetingVoid&quot;,&quot;contentType&quot;:&quot;application/json&quot;,&quot;tags&quot;:{},&quot;communicationMode&quot;:&quot;REQUEST_RESPONSE&quot;},{&quot;action&quot;:&quot;failingVoid&quot;,&quot;contentType&quot;:&quot;application/json&quot;,&quot;tags&quot;:{},&quot;communicationMode&quot;:&quot;REQUEST_RESPONSE&quot;},{&quot;action&quot;:&quot;throwingVoid&quot;,&quot;contentType&quot;:&quot;application/json&quot;,&quot;tags&quot;:{},&quot;communicationMode&quot;:&quot;REQUEST_RESPONSE&quot;},{&quot;action&quot;:&quot;greetingRequest&quot;,&quot;contentType&quot;:&quot;application/json&quot;,&quot;tags&quot;:{},&quot;communicationMode&quot;:&quot;REQUEST_RESPONSE&quot;},{&quot;action&quot;:&quot;greetingRequestTimeout&quot;,&quot;contentType&quot;:&quot;application/json&quot;,&quot;tags&quot;:{},&quot;communicationMode&quot;:&quot;REQUEST_RESPONSE&quot;},{&quot;action&quot;:&quot;notifyGreeting&quot;,&quot;contentType&quot;:&quot;application/json&quot;,&quot;tags&quot;:{},&quot;communicationMode&quot;:&quot;FIRE_AND_FORGET&quot;},{&quot;action&quot;:&quot;greetingPojo&quot;,&quot;contentType&quot;:&quot;application/json&quot;,&quot;tags&quot;:{},&quot;communicationMode&quot;:&quot;REQUEST_RESPONSE&quot;},{&quot;action&quot;:&quot;greetingNotAuthorized&quot;,&quot;contentType&quot;:&quot;application/json&quot;,&quot;tags&quot;:{},&quot;communicationMode&quot;:&quot;REQUEST_RESPONSE&quot;},{&quot;action&quot;:&quot;greetingMessage&quot;,&quot;contentType&quot;:&quot;application/json&quot;,&quot;tags&quot;:{},&quot;communicationMode&quot;:&quot;REQUEST_RESPONSE&quot;},{&quot;action&quot;:&quot;failingRequest&quot;,&quot;contentType&quot;:&quot;application/json&quot;,&quot;tags&quot;:{},&quot;communicationMode&quot;:&quot;REQUEST_RESPONSE&quot;},{&quot;action&quot;:&quot;exceptionRequest&quot;,&quot;contentType&quot;:&quot;application/json&quot;,&quot;tags&quot;:{},&quot;communicationMode&quot;:&quot;REQUEST_RESPONSE&quot;}]}]}=service} [sc-gossip-4001]
I 0530-1108:05,261 i.s.c.ClusterImpl Cluster member has shut down... 09FD822CB6AFA1A25AE2@172.17.0.2:4001{{&quot;id&quot;:&quot;D7AEED5CBC6F2D4F8ED1&quot;,&quot;host&quot;:&quot;172.17.0.2&quot;,&quot;port&quot;:43209,&quot;tags&quot;:{},&quot;serviceRegistrations&quot;:[{&quot;namespace&quot;:&quot;io.scalecube.services.GreetingService&quot;,&quot;contentType&quot;:&quot;application/json&quot;,&quot;tags&quot;:{},&quot;methods&quot;:[{&quot;action&quot;:&quot;greeting&quot;,&quot;contentType&quot;:&quot;application/json&quot;,&quot;tags&quot;:{},&quot;communicationMode&quot;:&quot;REQUEST_RESPONSE&quot;},{&quot;action&quot;:&quot;greetingNoParams&quot;,&quot;contentType&quot;:&quot;application/json&quot;,&quot;tags&quot;:{},&quot;communicationMode&quot;:&quot;REQUEST_RESPONSE&quot;},{&quot;action&quot;:&quot;greetingVoid&quot;,&quot;contentType&quot;:&quot;application/json&quot;,&quot;tags&quot;:{},&quot;communicationMode&quot;:&quot;REQUEST_RESPONSE&quot;},{&quot;action&quot;:&quot;failingVoid&quot;,&quot;contentType&quot;:&quot;application/json&quot;,&quot;tags&quot;:{},&quot;communicationMode&quot;:&quot;REQUEST_RESPONSE&quot;},{&quot;action&quot;:&quot;throwingVoid&quot;,&quot;contentType&quot;:&quot;application/json&quot;,&quot;tags&quot;:{},&quot;communicationMode&quot;:&quot;REQUEST_RESPONSE&quot;},{&quot;action&quot;:&quot;greetingRequest&quot;,&quot;contentType&quot;:&quot;application/json&quot;,&quot;tags&quot;:{},&quot;communicationMode&quot;:&quot;REQUEST_RESPONSE&quot;},{&quot;action&quot;:&quot;greetingRequestTimeout&quot;,&quot;contentType&quot;:&quot;application/json&quot;,&quot;tags&quot;:{},&quot;communicationMode&quot;:&quot;REQUEST_RESPONSE&quot;},{&quot;action&quot;:&quot;notifyGreeting&quot;,&quot;contentType&quot;:&quot;application/json&quot;,&quot;tags&quot;:{},&quot;communicationMode&quot;:&quot;FIRE_AND_FORGET&quot;},{&quot;action&quot;:&quot;greetingPojo&quot;,&quot;contentType&quot;:&quot;application/json&quot;,&quot;tags&quot;:{},&quot;communicationMode&quot;:&quot;REQUEST_RESPONSE&quot;},{&quot;action&quot;:&quot;greetingNotAuthorized&quot;,&quot;contentType&quot;:&quot;application/json&quot;,&quot;tags&quot;:{},&quot;communicationMode&quot;:&quot;REQUEST_RESPONSE&quot;},{&quot;action&quot;:&quot;greetingMessage&quot;,&quot;contentType&quot;:&quot;application/json&quot;,&quot;tags&quot;:{},&quot;communicationMode&quot;:&quot;REQUEST_RESPONSE&quot;},{&quot;action&quot;:&quot;failingRequest&quot;,&quot;contentType&quot;:&quot;application/json&quot;,&quot;tags&quot;:{},&quot;communicationMode&quot;:&quot;REQUEST_RESPONSE&quot;},{&quot;action&quot;:&quot;exceptionRequest&quot;,&quot;contentType&quot;:&quot;application/json&quot;,&quot;tags&quot;:{},&quot;communicationMode&quot;:&quot;REQUEST_RESPONSE&quot;}]}]}=service} [sc-gossip-4001]
I 0530-1108:05,263 i.s.s.BaseTest ***** Test started  : ServiceCallTest.test_remote_void_greeting ***** [main]
I 0530-1108:05,266 i.s.t.TransportImpl Bound to: 172.17.0.2:4801 [sc-boss-172-1]
W 0530-1108:05,273 i.s.t.TransportImpl Can&apos;t bind to address 172.17.0.2:4801, try again on different port [cause=io.netty.channel.unix.Errors$NativeIoException: bind(..) failed: Address already in use] [sc-boss-174-1]
W 0530-1108:05,274 i.s.t.TransportImpl Can&apos;t bind to address 172.17.0.2:4802, try again on different port [cause=io.netty.channel.unix.Errors$NativeIoException: bind(..) failed: Address already in use] [sc-boss-174-2]
W 0530-1108:05,274 i.s.t.TransportImpl Can&apos;t bind to address 172.17.0.2:4803, try again on different port [cause=io.netty.channel.unix.Errors$NativeIoException: bind(..) failed: Address already in use] [sc-boss-174-1]
W 0530-1108:05,275 i.s.t.TransportImpl Can&apos;t bind to address 172.17.0.2:4804, try again on different port [cause=io.netty.channel.unix.Errors$NativeIoException: bind(..) failed: Address already in use] [sc-boss-174-2]
W 0530-1108:05,275 i.s.t.TransportImpl Can&apos;t bind to address 172.17.0.2:4805, try again on different port [cause=io.netty.channel.unix.Errors$NativeIoException: bind(..) failed: Address already in use] [sc-boss-174-1]
W 0530-1108:05,275 i.s.t.TransportImpl Can&apos;t bind to address 172.17.0.2:4806, try again on different port [cause=io.netty.channel.unix.Errors$NativeIoException: bind(..) failed: Address already in use] [sc-boss-174-2]
W 0530-1108:05,276 i.s.t.TransportImpl Can&apos;t bind to address 172.17.0.2:4807, try again on different port [cause=io.netty.channel.unix.Errors$NativeIoException: bind(..) failed: Address already in use] [sc-boss-174-1]
W 0530-1108:05,276 i.s.t.TransportImpl Can&apos;t bind to address 172.17.0.2:4808, try again on different port [cause=io.netty.channel.unix.Errors$NativeIoException: bind(..) failed: Address already in use] [sc-boss-174-2]
I 0530-1108:05,277 i.s.t.TransportImpl Bound to: 172.17.0.2:4809 [sc-boss-174-1]
I 0530-1108:05,281 i.s.s.d.ServiceDiscovery Service Reference was ADDED since new Member has joined the cluster C99CD986F310FE782AF5@172.17.0.2:4809{{&quot;id&quot;:&quot;5135C9ABC304586A6113&quot;,&quot;host&quot;:&quot;172.17.0.2&quot;,&quot;port&quot;:35514,&quot;tags&quot;:{},&quot;serviceRegistrations&quot;:[{&quot;namespace&quot;:&quot;io.scalecube.services.GreetingService&quot;,&quot;contentType&quot;:&quot;application/json&quot;,&quot;tags&quot;:{},&quot;methods&quot;:[{&quot;action&quot;:&quot;greeting&quot;,&quot;contentType&quot;:&quot;application/json&quot;,&quot;tags&quot;:{},&quot;communicationMode&quot;:&quot;REQUEST_RESPONSE&quot;},{&quot;action&quot;:&quot;greetingNoParams&quot;,&quot;contentType&quot;:&quot;application/json&quot;,&quot;tags&quot;:{},&quot;communicationMode&quot;:&quot;REQUEST_RESPONSE&quot;},{&quot;action&quot;:&quot;greetingVoid&quot;,&quot;contentType&quot;:&quot;application/json&quot;,&quot;tags&quot;:{},&quot;communicationMode&quot;:&quot;REQUEST_RESPONSE&quot;},{&quot;action&quot;:&quot;failingVoid&quot;,&quot;contentType&quot;:&quot;application/json&quot;,&quot;tags&quot;:{},&quot;communicationMode&quot;:&quot;REQUEST_RESPONSE&quot;},{&quot;action&quot;:&quot;throwingVoid&quot;,&quot;contentType&quot;:&quot;application/json&quot;,&quot;tags&quot;:{},&quot;communicationMode&quot;:&quot;REQUEST_RESPONSE&quot;},{&quot;action&quot;:&quot;greetingRequest&quot;,&quot;contentType&quot;:&quot;application/json&quot;,&quot;tags&quot;:{},&quot;communicationMode&quot;:&quot;REQUEST_RESPONSE&quot;},{&quot;action&quot;:&quot;greetingRequestTimeout&quot;,&quot;contentType&quot;:&quot;application/json&quot;,&quot;tags&quot;:{},&quot;communicationMode&quot;:&quot;REQUEST_RESPONSE&quot;},{&quot;action&quot;:&quot;notifyGreeting&quot;,&quot;contentType&quot;:&quot;application/json&quot;,&quot;tags&quot;:{},&quot;communicationMode&quot;:&quot;FIRE_AND_FORGET&quot;},{&quot;action&quot;:&quot;greetingPojo&quot;,&quot;contentType&quot;:&quot;application/json&quot;,&quot;tags&quot;:{},&quot;communicationMode&quot;:&quot;REQUEST_RESPONSE&quot;},{&quot;action&quot;:&quot;greetingNotAuthorized&quot;,&quot;contentType&quot;:&quot;application/json&quot;,&quot;tags&quot;:{},&quot;communicationMode&quot;:&quot;REQUEST_RESPONSE&quot;},{&quot;action&quot;:&quot;greetingMessage&quot;,&quot;contentType&quot;:&quot;application/json&quot;,&quot;tags&quot;:{},&quot;communicationMode&quot;:&quot;REQUEST_RESPONSE&quot;},{&quot;action&quot;:&quot;failingRequest&quot;,&quot;contentType&quot;:&quot;application/json&quot;,&quot;tags&quot;:{},&quot;communicationMode&quot;:&quot;REQUEST_RESPONSE&quot;},{&quot;action&quot;:&quot;exceptionRequest&quot;,&quot;contentType&quot;:&quot;application/json&quot;,&quot;tags&quot;:{},&quot;communicationMode&quot;:&quot;REQUEST_RESPONSE&quot;}]}]}=service} : ServiceEndpoint{id=&apos;5135C9ABC304586A6113&apos;, host=&apos;172.17.0.2&apos;, port=35514, tags={}, serviceRegistrations=[ServiceRegistration{namespace=&apos;io.scalecube.services.GreetingService&apos;, contentType=&apos;application/json&apos;, tags={}, methods=[ServiceMethodDefinition{action=&apos;greeting&apos;, contentType=&apos;application/json&apos;, tags={}}, ServiceMethodDefinition{action=&apos;greetingNoParams&apos;, contentType=&apos;application/json&apos;, tags={}}, ServiceMethodDefinition{action=&apos;greetingVoid&apos;, contentType=&apos;application/json&apos;, tags={}}, ServiceMethodDefinition{action=&apos;failingVoid&apos;, contentType=&apos;application/json&apos;, tags={}}, ServiceMethodDefinition{action=&apos;throwingVoid&apos;, contentType=&apos;application/json&apos;, tags={}}, ServiceMethodDefinition{action=&apos;greetingRequest&apos;, contentType=&apos;application/json&apos;, tags={}}, ServiceMethodDefinition{action=&apos;greetingRequestTimeout&apos;, contentType=&apos;application/json&apos;, tags={}}, ServiceMethodDefinition{action=&apos;notifyGreeting&apos;, contentType=&apos;application/json&apos;, tags={}}, ServiceMethodDefinition{action=&apos;greetingPojo&apos;, contentType=&apos;application/json&apos;, tags={}}, ServiceMethodDefinition{action=&apos;greetingNotAuthorized&apos;, contentType=&apos;application/json&apos;, tags={}}, ServiceMethodDefinition{action=&apos;greetingMessage&apos;, contentType=&apos;application/json&apos;, tags={}}, ServiceMethodDefinition{action=&apos;failingRequest&apos;, contentType=&apos;application/json&apos;, tags={}}, ServiceMethodDefinition{action=&apos;exceptionRequest&apos;, contentType=&apos;application/json&apos;, tags={}}]}]} [sc-membership-4801]
I 0530-1108:05,283 i.s.c.m.MembershipProtocolImpl Joined cluster &apos;default&apos;: [{m: 841133EE2F9B4087CAF1@172.17.0.2:4801, s: ALIVE, inc: 0}, {m: C99CD986F310FE782AF5@172.17.0.2:4809{{&quot;id&quot;:&quot;5135C9ABC304586A6113&quot;,&quot;host&quot;:&quot;172.17.0.2&quot;,&quot;port&quot;:35514,&quot;tags&quot;:{},&quot;serviceRegistrations&quot;:[{&quot;namespace&quot;:&quot;io.scalecube.services.GreetingService&quot;,&quot;contentType&quot;:&quot;application/json&quot;,&quot;tags&quot;:{},&quot;methods&quot;:[{&quot;action&quot;:&quot;greeting&quot;,&quot;contentType&quot;:&quot;application/json&quot;,&quot;tags&quot;:{},&quot;communicationMode&quot;:&quot;REQUEST_RESPONSE&quot;},{&quot;action&quot;:&quot;greetingNoParams&quot;,&quot;contentType&quot;:&quot;application/json&quot;,&quot;tags&quot;:{},&quot;communicationMode&quot;:&quot;REQUEST_RESPONSE&quot;},{&quot;action&quot;:&quot;greetingVoid&quot;,&quot;contentType&quot;:&quot;application/json&quot;,&quot;tags&quot;:{},&quot;communicationMode&quot;:&quot;REQUEST_RESPONSE&quot;},{&quot;action&quot;:&quot;failingVoid&quot;,&quot;contentType&quot;:&quot;application/json&quot;,&quot;tags&quot;:{},&quot;communicationMode&quot;:&quot;REQUEST_RESPONSE&quot;},{&quot;action&quot;:&quot;throwingVoid&quot;,&quot;contentType&quot;:&quot;application/json&quot;,&quot;tags&quot;:{},&quot;communicationMode&quot;:&quot;REQUEST_RESPONSE&quot;},{&quot;action&quot;:&quot;greetingRequest&quot;,&quot;contentType&quot;:&quot;application/json&quot;,&quot;tags&quot;:{},&quot;communicationMode&quot;:&quot;REQUEST_RESPONSE&quot;},{&quot;action&quot;:&quot;greetingRequestTimeout&quot;,&quot;contentType&quot;:&quot;application/json&quot;,&quot;tags&quot;:{},&quot;communicationMode&quot;:&quot;REQUEST_RESPONSE&quot;},{&quot;action&quot;:&quot;notifyGreeting&quot;,&quot;contentType&quot;:&quot;application/json&quot;,&quot;tags&quot;:{},&quot;communicationMode&quot;:&quot;FIRE_AND_FORGET&quot;},{&quot;action&quot;:&quot;greetingPojo&quot;,&quot;contentType&quot;:&quot;application/json&quot;,&quot;tags&quot;:{},&quot;communicationMode&quot;:&quot;REQUEST_RESPONSE&quot;},{&quot;action&quot;:&quot;greetingNotAuthorized&quot;,&quot;contentType&quot;:&quot;application/json&quot;,&quot;tags&quot;:{},&quot;communicationMode&quot;:&quot;REQUEST_RESPONSE&quot;},{&quot;action&quot;:&quot;greetingMessage&quot;,&quot;contentType&quot;:&quot;application/json&quot;,&quot;tags&quot;:{},&quot;communicationMode&quot;:&quot;REQUEST_RESPONSE&quot;},{&quot;action&quot;:&quot;failingRequest&quot;,&quot;contentType&quot;:&quot;application/json&quot;,&quot;tags&quot;:{},&quot;communicationMode&quot;:&quot;REQUEST_RESPONSE&quot;},{&quot;action&quot;:&quot;exceptionRequest&quot;,&quot;contentType&quot;:&quot;application/json&quot;,&quot;tags&quot;:{},&quot;communicationMode&quot;:&quot;REQUEST_RESPONSE&quot;}]}]}=service}, s: ALIVE, inc: 0}] [sc-membership-4809]
[greetingVoid] Hello... i am a service an just recived a message:GreetingRequest{name=&apos;joe&apos;}
 hello to: joe
W 0530-1108:05,754 i.s.c.f.FailureDetectorImpl Received Ping to 27F5D17B1BC5CCA6E81C@172.17.0.2:4809{{&quot;id&quot;:&quot;0C664B36A5C4DDBE6BF5&quot;,&quot;host&quot;:&quot;172.17.0.2&quot;,&quot;port&quot;:36012,&quot;tags&quot;:{},&quot;serviceRegistrations&quot;:[{&quot;namespace&quot;:&quot;io.scalecube.services.GreetingService&quot;,&quot;contentType&quot;:&quot;application/json&quot;,&quot;tags&quot;:{},&quot;methods&quot;:[{&quot;action&quot;:&quot;greeting&quot;,&quot;contentType&quot;:&quot;application/json&quot;,&quot;tags&quot;:{},&quot;communicationMode&quot;:&quot;REQUEST_RESPONSE&quot;},{&quot;action&quot;:&quot;greetingNoParams&quot;,&quot;contentType&quot;:&quot;application/json&quot;,&quot;tags&quot;:{},&quot;communicationMode&quot;:&quot;REQUEST_RESPONSE&quot;},{&quot;action&quot;:&quot;greetingVoid&quot;,&quot;contentType&quot;:&quot;application/json&quot;,&quot;tags&quot;:{},&quot;communicationMode&quot;:&quot;REQUEST_RESPONSE&quot;},{&quot;action&quot;:&quot;failingVoid&quot;,&quot;contentType&quot;:&quot;application/json&quot;,&quot;tags&quot;:{},&quot;communicationMode&quot;:&quot;REQUEST_RESPONSE&quot;},{&quot;action&quot;:&quot;throwingVoid&quot;,&quot;contentType&quot;:&quot;application/json&quot;,&quot;tags&quot;:{},&quot;communicationMode&quot;:&quot;REQUEST_RESPONSE&quot;},{&quot;action&quot;:&quot;greetingRequest&quot;,&quot;contentType&quot;:&quot;application/json&quot;,&quot;tags&quot;:{},&quot;communicationMode&quot;:&quot;REQUEST_RESPONSE&quot;},{&quot;action&quot;:&quot;greetingRequestTimeout&quot;,&quot;contentType&quot;:&quot;application/json&quot;,&quot;tags&quot;:{},&quot;communicationMode&quot;:&quot;REQUEST_RESPONSE&quot;},{&quot;action&quot;:&quot;notifyGreeting&quot;,&quot;contentType&quot;:&quot;application/json&quot;,&quot;tags&quot;:{},&quot;communicationMode&quot;:&quot;FIRE_AND_FORGET&quot;},{&quot;action&quot;:&quot;greetingPojo&quot;,&quot;contentType&quot;:&quot;application/json&quot;,&quot;tags&quot;:{},&quot;communicationMode&quot;:&quot;REQUEST_RESPONSE&quot;},{&quot;action&quot;:&quot;greetingNotAuthorized&quot;,&quot;contentType&quot;:&quot;application/json&quot;,&quot;tags&quot;:{},&quot;communicationMode&quot;:&quot;REQUEST_RESPONSE&quot;},{&quot;action&quot;:&quot;greetingMessage&quot;,&quot;contentType&quot;:&quot;application/json&quot;,&quot;tags&quot;:{},&quot;communicationMode&quot;:&quot;REQUEST_RESPONSE&quot;},{&quot;action&quot;:&quot;failingRequest&quot;,&quot;contentType&quot;:&quot;application/json&quot;,&quot;tags&quot;:{},&quot;communicationMode&quot;:&quot;REQUEST_RESPONSE&quot;},{&quot;action&quot;:&quot;exceptionRequest&quot;,&quot;contentType&quot;:&quot;application/json&quot;,&quot;tags&quot;:{},&quot;communicationMode&quot;:&quot;REQUEST_RESPONSE&quot;}]},{&quot;namespace&quot;:&quot;io.scalecube.services.CoarseGrainedService&quot;,&quot;contentType&quot;:&quot;application/json&quot;,&quot;tags&quot;:{},&quot;methods&quot;:[{&quot;action&quot;:&quot;callGreeting&quot;,&quot;contentType&quot;:&quot;application/json&quot;,&quot;tags&quot;:{},&quot;communicationMode&quot;:&quot;REQUEST_RESPONSE&quot;},{&quot;action&quot;:&quot;callGreetingTimeout&quot;,&quot;contentType&quot;:&quot;application/json&quot;,&quot;tags&quot;:{},&quot;communicationMode&quot;:&quot;REQUEST_RESPONSE&quot;},{&quot;action&quot;:&quot;callGreetingWithDispatcher&quot;,&quot;contentType&quot;:&quot;application/json&quot;,&quot;tags&quot;:{},&quot;communicationMode&quot;:&quot;REQUEST_RESPONSE&quot;}]}]}=service}, but local member is C99CD986F310FE782AF5@172.17.0.2:4809{{&quot;id&quot;:&quot;5135C9ABC304586A6113&quot;,&quot;host&quot;:&quot;172.17.0.2&quot;,&quot;port&quot;:35514,&quot;tags&quot;:{},&quot;serviceRegistrations&quot;:[{&quot;namespace&quot;:&quot;io.scalecube.services.GreetingService&quot;,&quot;contentType&quot;:&quot;application/json&quot;,&quot;tags&quot;:{},&quot;methods&quot;:[{&quot;action&quot;:&quot;greeting&quot;,&quot;contentType&quot;:&quot;application/json&quot;,&quot;tags&quot;:{},&quot;communicationMode&quot;:&quot;REQUEST_RESPONSE&quot;},{&quot;action&quot;:&quot;greetingNoParams&quot;,&quot;contentType&quot;:&quot;application/json&quot;,&quot;tags&quot;:{},&quot;communicationMode&quot;:&quot;REQUEST_RESPONSE&quot;},{&quot;action&quot;:&quot;greetingVoid&quot;,&quot;contentType&quot;:&quot;application/json&quot;,&quot;tags&quot;:{},&quot;communicationMode&quot;:&quot;REQUEST_RESPONSE&quot;},{&quot;action&quot;:&quot;failingVoid&quot;,&quot;contentType&quot;:&quot;application/json&quot;,&quot;tags&quot;:{},&quot;communicationMode&quot;:&quot;REQUEST_RESPONSE&quot;},{&quot;action&quot;:&quot;throwingVoid&quot;,&quot;contentType&quot;:&quot;application/json&quot;,&quot;tags&quot;:{},&quot;communicationMode&quot;:&quot;REQUEST_RESPONSE&quot;},{&quot;action&quot;:&quot;greetingRequest&quot;,&quot;contentType&quot;:&quot;application/json&quot;,&quot;tags&quot;:{},&quot;communicationMode&quot;:&quot;REQUEST_RESPONSE&quot;},{&quot;action&quot;:&quot;greetingRequestTimeout&quot;,&quot;contentType&quot;:&quot;application/json&quot;,&quot;tags&quot;:{},&quot;communicationMode&quot;:&quot;REQUEST_RESPONSE&quot;},{&quot;action&quot;:&quot;notifyGreeting&quot;,&quot;contentType&quot;:&quot;application/json&quot;,&quot;tags&quot;:{},&quot;communicationMode&quot;:&quot;FIRE_AND_FORGET&quot;},{&quot;action&quot;:&quot;greetingPojo&quot;,&quot;contentType&quot;:&quot;application/json&quot;,&quot;tags&quot;:{},&quot;communicationMode&quot;:&quot;REQUEST_RESPONSE&quot;},{&quot;action&quot;:&quot;greetingNotAuthorized&quot;,&quot;contentType&quot;:&quot;application/json&quot;,&quot;tags&quot;:{},&quot;communicationMode&quot;:&quot;REQUEST_RESPONSE&quot;},{&quot;action&quot;:&quot;greetingMessage&quot;,&quot;contentType&quot;:&quot;application/json&quot;,&quot;tags&quot;:{},&quot;communicationMode&quot;:&quot;REQUEST_RESPONSE&quot;},{&quot;action&quot;:&quot;failingRequest&quot;,&quot;contentType&quot;:&quot;application/json&quot;,&quot;tags&quot;:{},&quot;communicationMode&quot;:&quot;REQUEST_RESPONSE&quot;},{&quot;action&quot;:&quot;exceptionRequest&quot;,&quot;contentType&quot;:&quot;application/json&quot;,&quot;tags&quot;:{},&quot;communicationMode&quot;:&quot;REQUEST_RESPONSE&quot;}]}]}=service} [sc-fdetector-4809]
W 0530-1108:05,755 i.s.c.f.FailureDetectorImpl Received Ping to 27F5D17B1BC5CCA6E81C@172.17.0.2:4809{{&quot;id&quot;:&quot;0C664B36A5C4DDBE6BF5&quot;,&quot;host&quot;:&quot;172.17.0.2&quot;,&quot;port&quot;:36012,&quot;tags&quot;:{},&quot;serviceRegistrations&quot;:[{&quot;namespace&quot;:&quot;io.scalecube.services.GreetingService&quot;,&quot;contentType&quot;:&quot;application/json&quot;,&quot;tags&quot;:{},&quot;methods&quot;:[{&quot;action&quot;:&quot;greeting&quot;,&quot;contentType&quot;:&quot;application/json&quot;,&quot;tags&quot;:{},&quot;communicationMode&quot;:&quot;REQUEST_RESPONSE&quot;},{&quot;action&quot;:&quot;greetingNoParams&quot;,&quot;contentType&quot;:&quot;application/json&quot;,&quot;tags&quot;:{},&quot;communicationMode&quot;:&quot;REQUEST_RESPONSE&quot;},{&quot;action&quot;:&quot;greetingVoid&quot;,&quot;contentType&quot;:&quot;application/json&quot;,&quot;tags&quot;:{},&quot;communicationMode&quot;:&quot;REQUEST_RESPONSE&quot;},{&quot;action&quot;:&quot;failingVoid&quot;,&quot;contentType&quot;:&quot;application/json&quot;,&quot;tags&quot;:{},&quot;communicationMode&quot;:&quot;REQUEST_RESPONSE&quot;},{&quot;action&quot;:&quot;throwingVoid&quot;,&quot;contentType&quot;:&quot;application/json&quot;,&quot;tags&quot;:{},&quot;communicationMode&quot;:&quot;REQUEST_RESPONSE&quot;},{&quot;action&quot;:&quot;greetingRequest&quot;,&quot;contentType&quot;:&quot;application/json&quot;,&quot;tags&quot;:{},&quot;communicationMode&quot;:&quot;REQUEST_RESPONSE&quot;},{&quot;action&quot;:&quot;greetingRequestTimeout&quot;,&quot;contentType&quot;:&quot;application/json&quot;,&quot;tags&quot;:{},&quot;communicationMode&quot;:&quot;REQUEST_RESPONSE&quot;},{&quot;action&quot;:&quot;notifyGreeting&quot;,&quot;contentType&quot;:&quot;application/json&quot;,&quot;tags&quot;:{},&quot;communicationMode&quot;:&quot;FIRE_AND_FORGET&quot;},{&quot;action&quot;:&quot;greetingPojo&quot;,&quot;contentType&quot;:&quot;application/json&quot;,&quot;tags&quot;:{},&quot;communicationMode&quot;:&quot;REQUEST_RESPONSE&quot;},{&quot;action&quot;:&quot;greetingNotAuthorized&quot;,&quot;contentType&quot;:&quot;application/json&quot;,&quot;tags&quot;:{},&quot;communicationMode&quot;:&quot;REQUEST_RESPONSE&quot;},{&quot;action&quot;:&quot;greetingMessage&quot;,&quot;contentType&quot;:&quot;application/json&quot;,&quot;tags&quot;:{},&quot;communicationMode&quot;:&quot;REQUEST_RESPONSE&quot;},{&quot;action&quot;:&quot;failingRequest&quot;,&quot;contentType&quot;:&quot;application/json&quot;,&quot;tags&quot;:{},&quot;communicationMode&quot;:&quot;REQUEST_RESPONSE&quot;},{&quot;action&quot;:&quot;exceptionRequest&quot;,&quot;contentType&quot;:&quot;application/json&quot;,&quot;tags&quot;:{},&quot;communicationMode&quot;:&quot;REQUEST_RESPONSE&quot;}]},{&quot;namespace&quot;:&quot;io.scalecube.services.CoarseGrainedService&quot;,&quot;contentType&quot;:&quot;application/json&quot;,&quot;tags&quot;:{},&quot;methods&quot;:[{&quot;action&quot;:&quot;callGreeting&quot;,&quot;contentType&quot;:&quot;application/json&quot;,&quot;tags&quot;:{},&quot;communicationMode&quot;:&quot;REQUEST_RESPONSE&quot;},{&quot;action&quot;:&quot;callGreetingTimeout&quot;,&quot;contentType&quot;:&quot;application/json&quot;,&quot;tags&quot;:{},&quot;communicationMode&quot;:&quot;REQUEST_RESPONSE&quot;},{&quot;action&quot;:&quot;callGreetingWithDispatcher&quot;,&quot;contentType&quot;:&quot;application/json&quot;,&quot;tags&quot;:{},&quot;communicationMode&quot;:&quot;REQUEST_RESPONSE&quot;}]}]}=service}, but local member is C99CD986F310FE782AF5@172.17.0.2:4809{{&quot;id&quot;:&quot;5135C9ABC304586A6113&quot;,&quot;host&quot;:&quot;172.17.0.2&quot;,&quot;port&quot;:35514,&quot;tags&quot;:{},&quot;serviceRegistrations&quot;:[{&quot;namespace&quot;:&quot;io.scalecube.services.GreetingService&quot;,&quot;contentType&quot;:&quot;application/json&quot;,&quot;tags&quot;:{},&quot;methods&quot;:[{&quot;action&quot;:&quot;greeting&quot;,&quot;contentType&quot;:&quot;application/json&quot;,&quot;tags&quot;:{},&quot;communicationMode&quot;:&quot;REQUEST_RESPONSE&quot;},{&quot;action&quot;:&quot;greetingNoParams&quot;,&quot;contentType&quot;:&quot;application/json&quot;,&quot;tags&quot;:{},&quot;communicationMode&quot;:&quot;REQUEST_RESPONSE&quot;},{&quot;action&quot;:&quot;greetingVoid&quot;,&quot;contentType&quot;:&quot;application/json&quot;,&quot;tags&quot;:{},&quot;communicationMode&quot;:&quot;REQUEST_RESPONSE&quot;},{&quot;action&quot;:&quot;failingVoid&quot;,&quot;contentType&quot;:&quot;application/json&quot;,&quot;tags&quot;:{},&quot;communicationMode&quot;:&quot;REQUEST_RESPONSE&quot;},{&quot;action&quot;:&quot;throwingVoid&quot;,&quot;contentType&quot;:&quot;application/json&quot;,&quot;tags&quot;:{},&quot;communicationMode&quot;:&quot;REQUEST_RESPONSE&quot;},{&quot;action&quot;:&quot;greetingRequest&quot;,&quot;contentType&quot;:&quot;application/json&quot;,&quot;tags&quot;:{},&quot;communicationMode&quot;:&quot;REQUEST_RESPONSE&quot;},{&quot;action&quot;:&quot;greetingRequestTimeout&quot;,&quot;contentType&quot;:&quot;application/json&quot;,&quot;tags&quot;:{},&quot;communicationMode&quot;:&quot;REQUEST_RESPONSE&quot;},{&quot;action&quot;:&quot;notifyGreeting&quot;,&quot;contentType&quot;:&quot;application/json&quot;,&quot;tags&quot;:{},&quot;communicationMode&quot;:&quot;FIRE_AND_FORGET&quot;},{&quot;action&quot;:&quot;greetingPojo&quot;,&quot;contentType&quot;:&quot;application/json&quot;,&quot;tags&quot;:{},&quot;communicationMode&quot;:&quot;REQUEST_RESPONSE&quot;},{&quot;action&quot;:&quot;greetingNotAuthorized&quot;,&quot;contentType&quot;:&quot;application/json&quot;,&quot;tags&quot;:{},&quot;communicationMode&quot;:&quot;REQUEST_RESPONSE&quot;},{&quot;action&quot;:&quot;greetingMessage&quot;,&quot;contentType&quot;:&quot;application/json&quot;,&quot;tags&quot;:{},&quot;communicationMode&quot;:&quot;REQUEST_RESPONSE&quot;},{&quot;action&quot;:&quot;failingRequest&quot;,&quot;contentType&quot;:&quot;application/json&quot;,&quot;tags&quot;:{},&quot;communicationMode&quot;:&quot;REQUEST_RESPONSE&quot;},{&quot;action&quot;:&quot;exceptionRequest&quot;,&quot;contentType&quot;:&quot;application/json&quot;,&quot;tags&quot;:{},&quot;communicationMode&quot;:&quot;REQUEST_RESPONSE&quot;}]}]}=service} [sc-fdetector-4809]
W 0530-1108:06,267 i.s.c.f.FailureDetectorImpl Received Ping to 27F5D17B1BC5CCA6E81C@172.17.0.2:4809{{&quot;id&quot;:&quot;0C664B36A5C4DDBE6BF5&quot;,&quot;host&quot;:&quot;172.17.0.2&quot;,&quot;port&quot;:36012,&quot;tags&quot;:{},&quot;serviceRegistrations&quot;:[{&quot;namespace&quot;:&quot;io.scalecube.services.GreetingService&quot;,&quot;contentType&quot;:&quot;application/json&quot;,&quot;tags&quot;:{},&quot;methods&quot;:[{&quot;action&quot;:&quot;greeting&quot;,&quot;contentType&quot;:&quot;application/json&quot;,&quot;tags&quot;:{},&quot;communicationMode&quot;:&quot;REQUEST_RESPONSE&quot;},{&quot;action&quot;:&quot;greetingNoParams&quot;,&quot;contentType&quot;:&quot;application/json&quot;,&quot;tags&quot;:{},&quot;communicationMode&quot;:&quot;REQUEST_RESPONSE&quot;},{&quot;action&quot;:&quot;greetingVoid&quot;,&quot;contentType&quot;:&quot;application/json&quot;,&quot;tags&quot;:{},&quot;communicationMode&quot;:&quot;REQUEST_RESPONSE&quot;},{&quot;action&quot;:&quot;failingVoid&quot;,&quot;contentType&quot;:&quot;application/json&quot;,&quot;tags&quot;:{},&quot;communicationMode&quot;:&quot;REQUEST_RESPONSE&quot;},{&quot;action&quot;:&quot;throwingVoid&quot;,&quot;contentType&quot;:&quot;application/json&quot;,&quot;tags&quot;:{},&quot;communicationMode&quot;:&quot;REQUEST_RESPONSE&quot;},{&quot;action&quot;:&quot;greetingRequest&quot;,&quot;contentType&quot;:&quot;application/json&quot;,&quot;tags&quot;:{},&quot;communicationMode&quot;:&quot;REQUEST_RESPONSE&quot;},{&quot;action&quot;:&quot;greetingRequestTimeout&quot;,&quot;contentType&quot;:&quot;application/json&quot;,&quot;tags&quot;:{},&quot;communicationMode&quot;:&quot;REQUEST_RESPONSE&quot;},{&quot;action&quot;:&quot;notifyGreeting&quot;,&quot;contentType&quot;:&quot;application/json&quot;,&quot;tags&quot;:{},&quot;communicationMode&quot;:&quot;FIRE_AND_FORGET&quot;},{&quot;action&quot;:&quot;greetingPojo&quot;,&quot;contentType&quot;:&quot;application/json&quot;,&quot;tags&quot;:{},&quot;communicationMode&quot;:&quot;REQUEST_RESPONSE&quot;},{&quot;action&quot;:&quot;greetingNotAuthorized&quot;,&quot;contentType&quot;:&quot;application/json&quot;,&quot;tags&quot;:{},&quot;communicationMode&quot;:&quot;REQUEST_RESPONSE&quot;},{&quot;action&quot;:&quot;greetingMessage&quot;,&quot;contentType&quot;:&quot;application/json&quot;,&quot;tags&quot;:{},&quot;communicationMode&quot;:&quot;REQUEST_RESPONSE&quot;},{&quot;action&quot;:&quot;failingRequest&quot;,&quot;contentType&quot;:&quot;application/json&quot;,&quot;tags&quot;:{},&quot;communicationMode&quot;:&quot;REQUEST_RESPONSE&quot;},{&quot;action&quot;:&quot;exceptionRequest&quot;,&quot;contentType&quot;:&quot;application/json&quot;,&quot;tags&quot;:{},&quot;communicationMode&quot;:&quot;REQUEST_RESPONSE&quot;}]},{&quot;namespace&quot;:&quot;io.scalecube.services.CoarseGrainedService&quot;,&quot;contentType&quot;:&quot;application/json&quot;,&quot;tags&quot;:{},&quot;methods&quot;:[{&quot;action&quot;:&quot;callGreeting&quot;,&quot;contentType&quot;:&quot;application/json&quot;,&quot;tags&quot;:{},&quot;communicationMode&quot;:&quot;REQUEST_RESPONSE&quot;},{&quot;action&quot;:&quot;callGreetingTimeout&quot;,&quot;contentType&quot;:&quot;application/json&quot;,&quot;tags&quot;:{},&quot;communicationMode&quot;:&quot;REQUEST_RESPONSE&quot;},{&quot;action&quot;:&quot;callGreetingWithDispatcher&quot;,&quot;contentType&quot;:&quot;application/json&quot;,&quot;tags&quot;:{},&quot;communicationMode&quot;:&quot;REQUEST_RESPONSE&quot;}]}]}=service}, but local member is C99CD986F310FE782AF5@172.17.0.2:4809{{&quot;id&quot;:&quot;5135C9ABC304586A6113&quot;,&quot;host&quot;:&quot;172.17.0.2&quot;,&quot;port&quot;:35514,&quot;tags&quot;:{},&quot;serviceRegistrations&quot;:[{&quot;namespace&quot;:&quot;io.scalecube.services.GreetingService&quot;,&quot;contentType&quot;:&quot;application/json&quot;,&quot;tags&quot;:{},&quot;methods&quot;:[{&quot;action&quot;:&quot;greeting&quot;,&quot;contentType&quot;:&quot;application/json&quot;,&quot;tags&quot;:{},&quot;communicationMode&quot;:&quot;REQUEST_RESPONSE&quot;},{&quot;action&quot;:&quot;greetingNoParams&quot;,&quot;contentType&quot;:&quot;application/json&quot;,&quot;tags&quot;:{},&quot;communicationMode&quot;:&quot;REQUEST_RESPONSE&quot;},{&quot;action&quot;:&quot;greetingVoid&quot;,&quot;contentType&quot;:&quot;application/json&quot;,&quot;tags&quot;:{},&quot;communicationMode&quot;:&quot;REQUEST_RESPONSE&quot;},{&quot;action&quot;:&quot;failingVoid&quot;,&quot;contentType&quot;:&quot;application/json&quot;,&quot;tags&quot;:{},&quot;communicationMode&quot;:&quot;REQUEST_RESPONSE&quot;},{&quot;action&quot;:&quot;throwingVoid&quot;,&quot;contentType&quot;:&quot;application/json&quot;,&quot;tags&quot;:{},&quot;communicationMode&quot;:&quot;REQUEST_RESPONSE&quot;},{&quot;action&quot;:&quot;greetingRequest&quot;,&quot;contentType&quot;:&quot;application/json&quot;,&quot;tags&quot;:{},&quot;communicationMode&quot;:&quot;REQUEST_RESPONSE&quot;},{&quot;action&quot;:&quot;greetingRequestTimeout&quot;,&quot;contentType&quot;:&quot;application/json&quot;,&quot;tags&quot;:{},&quot;communicationMode&quot;:&quot;REQUEST_RESPONSE&quot;},{&quot;action&quot;:&quot;notifyGreeting&quot;,&quot;contentType&quot;:&quot;application/json&quot;,&quot;tags&quot;:{},&quot;communicationMode&quot;:&quot;FIRE_AND_FORGET&quot;},{&quot;action&quot;:&quot;greetingPojo&quot;,&quot;contentType&quot;:&quot;application/json&quot;,&quot;tags&quot;:{},&quot;communicationMode&quot;:&quot;REQUEST_RESPONSE&quot;},{&quot;action&quot;:&quot;greetingNotAuthorized&quot;,&quot;contentType&quot;:&quot;application/json&quot;,&quot;tags&quot;:{},&quot;communicationMode&quot;:&quot;REQUEST_RESPONSE&quot;},{&quot;action&quot;:&quot;greetingMessage&quot;,&quot;contentType&quot;:&quot;application/json&quot;,&quot;tags&quot;:{},&quot;communicationMode&quot;:&quot;REQUEST_RESPONSE&quot;},{&quot;action&quot;:&quot;failingRequest&quot;,&quot;contentType&quot;:&quot;application/json&quot;,&quot;tags&quot;:{},&quot;communicationMode&quot;:&quot;REQUEST_RESPONSE&quot;},{&quot;action&quot;:&quot;exceptionRequest&quot;,&quot;contentType&quot;:&quot;application/json&quot;,&quot;tags&quot;:{},&quot;communicationMode&quot;:&quot;REQUEST_RESPONSE&quot;}]}]}=service} [sc-fdetector-4809]
W 0530-1108:06,767 i.s.c.f.FailureDetectorImpl Received Ping to 27F5D17B1BC5CCA6E81C@172.17.0.2:4809{{&quot;id&quot;:&quot;0C664B36A5C4DDBE6BF5&quot;,&quot;host&quot;:&quot;172.17.0.2&quot;,&quot;port&quot;:36012,&quot;tags&quot;:{},&quot;serviceRegistrations&quot;:[{&quot;namespace&quot;:&quot;io.scalecube.services.GreetingService&quot;,&quot;contentType&quot;:&quot;application/json&quot;,&quot;tags&quot;:{},&quot;methods&quot;:[{&quot;action&quot;:&quot;greeting&quot;,&quot;contentType&quot;:&quot;application/json&quot;,&quot;tags&quot;:{},&quot;communicationMode&quot;:&quot;REQUEST_RESPONSE&quot;},{&quot;action&quot;:&quot;greetingNoParams&quot;,&quot;contentType&quot;:&quot;application/json&quot;,&quot;tags&quot;:{},&quot;communicationMode&quot;:&quot;REQUEST_RESPONSE&quot;},{&quot;action&quot;:&quot;greetingVoid&quot;,&quot;contentType&quot;:&quot;application/json&quot;,&quot;tags&quot;:{},&quot;communicationMode&quot;:&quot;REQUEST_RESPONSE&quot;},{&quot;action&quot;:&quot;failingVoid&quot;,&quot;contentType&quot;:&quot;application/json&quot;,&quot;tags&quot;:{},&quot;communicationMode&quot;:&quot;REQUEST_RESPONSE&quot;},{&quot;action&quot;:&quot;throwingVoid&quot;,&quot;contentType&quot;:&quot;application/json&quot;,&quot;tags&quot;:{},&quot;communicationMode&quot;:&quot;REQUEST_RESPONSE&quot;},{&quot;action&quot;:&quot;greetingRequest&quot;,&quot;contentType&quot;:&quot;application/json&quot;,&quot;tags&quot;:{},&quot;communicationMode&quot;:&quot;REQUEST_RESPONSE&quot;},{&quot;action&quot;:&quot;greetingRequestTimeout&quot;,&quot;contentType&quot;:&quot;application/json&quot;,&quot;tags&quot;:{},&quot;communicationMode&quot;:&quot;REQUEST_RESPONSE&quot;},{&quot;action&quot;:&quot;notifyGreeting&quot;,&quot;contentType&quot;:&quot;application/json&quot;,&quot;tags&quot;:{},&quot;communicationMode&quot;:&quot;FIRE_AND_FORGET&quot;},{&quot;action&quot;:&quot;greetingPojo&quot;,&quot;contentType&quot;:&quot;application/json&quot;,&quot;tags&quot;:{},&quot;communicationMode&quot;:&quot;REQUEST_RESPONSE&quot;},{&quot;action&quot;:&quot;greetingNotAuthorized&quot;,&quot;contentType&quot;:&quot;application/json&quot;,&quot;tags&quot;:{},&quot;communicationMode&quot;:&quot;REQUEST_RESPONSE&quot;},{&quot;action&quot;:&quot;greetingMessage&quot;,&quot;contentType&quot;:&quot;application/json&quot;,&quot;tags&quot;:{},&quot;communicationMode&quot;:&quot;REQUEST_RESPONSE&quot;},{&quot;action&quot;:&quot;failingRequest&quot;,&quot;contentType&quot;:&quot;application/json&quot;,&quot;tags&quot;:{},&quot;communicationMode&quot;:&quot;REQUEST_RESPONSE&quot;},{&quot;action&quot;:&quot;exceptionRequest&quot;,&quot;contentType&quot;:&quot;application/json&quot;,&quot;tags&quot;:{},&quot;communicationMode&quot;:&quot;REQUEST_RESPONSE&quot;}]},{&quot;namespace&quot;:&quot;io.scalecube.services.CoarseGrainedService&quot;,&quot;contentType&quot;:&quot;application/json&quot;,&quot;tags&quot;:{},&quot;methods&quot;:[{&quot;action&quot;:&quot;callGreeting&quot;,&quot;contentType&quot;:&quot;application/json&quot;,&quot;tags&quot;:{},&quot;communicationMode&quot;:&quot;REQUEST_RESPONSE&quot;},{&quot;action&quot;:&quot;callGreetingTimeout&quot;,&quot;contentType&quot;:&quot;application/json&quot;,&quot;tags&quot;:{},&quot;communicationMode&quot;:&quot;REQUEST_RESPONSE&quot;},{&quot;action&quot;:&quot;callGreetingWithDispatcher&quot;,&quot;contentType&quot;:&quot;application/json&quot;,&quot;tags&quot;:{},&quot;communicationMode&quot;:&quot;REQUEST_RESPONSE&quot;}]}]}=service}, but local member is C99CD986F310FE782AF5@172.17.0.2:4809{{&quot;id&quot;:&quot;5135C9ABC304586A6113&quot;,&quot;host&quot;:&quot;172.17.0.2&quot;,&quot;port&quot;:35514,&quot;tags&quot;:{},&quot;serviceRegistrations&quot;:[{&quot;namespace&quot;:&quot;io.scalecube.services.GreetingService&quot;,&quot;contentType&quot;:&quot;application/json&quot;,&quot;tags&quot;:{},&quot;methods&quot;:[{&quot;action&quot;:&quot;greeting&quot;,&quot;contentType&quot;:&quot;application/json&quot;,&quot;tags&quot;:{},&quot;communicationMode&quot;:&quot;REQUEST_RESPONSE&quot;},{&quot;action&quot;:&quot;greetingNoParams&quot;,&quot;contentType&quot;:&quot;application/json&quot;,&quot;tags&quot;:{},&quot;communicationMode&quot;:&quot;REQUEST_RESPONSE&quot;},{&quot;action&quot;:&quot;greetingVoid&quot;,&quot;contentType&quot;:&quot;application/json&quot;,&quot;tags&quot;:{},&quot;communicationMode&quot;:&quot;REQUEST_RESPONSE&quot;},{&quot;action&quot;:&quot;failingVoid&quot;,&quot;contentType&quot;:&quot;application/json&quot;,&quot;tags&quot;:{},&quot;communicationMode&quot;:&quot;REQUEST_RESPONSE&quot;},{&quot;action&quot;:&quot;throwingVoid&quot;,&quot;contentType&quot;:&quot;application/json&quot;,&quot;tags&quot;:{},&quot;communicationMode&quot;:&quot;REQUEST_RESPONSE&quot;},{&quot;action&quot;:&quot;greetingRequest&quot;,&quot;contentType&quot;:&quot;application/json&quot;,&quot;tags&quot;:{},&quot;communicationMode&quot;:&quot;REQUEST_RESPONSE&quot;},{&quot;action&quot;:&quot;greetingRequestTimeout&quot;,&quot;contentType&quot;:&quot;application/json&quot;,&quot;tags&quot;:{},&quot;communicationMode&quot;:&quot;REQUEST_RESPONSE&quot;},{&quot;action&quot;:&quot;notifyGreeting&quot;,&quot;contentType&quot;:&quot;application/json&quot;,&quot;tags&quot;:{},&quot;communicationMode&quot;:&quot;FIRE_AND_FORGET&quot;},{&quot;action&quot;:&quot;greetingPojo&quot;,&quot;contentType&quot;:&quot;application/json&quot;,&quot;tags&quot;:{},&quot;communicationMode&quot;:&quot;REQUEST_RESPONSE&quot;},{&quot;action&quot;:&quot;greetingNotAuthorized&quot;,&quot;contentType&quot;:&quot;application/json&quot;,&quot;tags&quot;:{},&quot;communicationMode&quot;:&quot;REQUEST_RESPONSE&quot;},{&quot;action&quot;:&quot;greetingMessage&quot;,&quot;contentType&quot;:&quot;application/json&quot;,&quot;tags&quot;:{},&quot;communicationMode&quot;:&quot;REQUEST_RESPONSE&quot;},{&quot;action&quot;:&quot;failingRequest&quot;,&quot;contentType&quot;:&quot;application/json&quot;,&quot;tags&quot;:{},&quot;communicationMode&quot;:&quot;REQUEST_RESPONSE&quot;},{&quot;action&quot;:&quot;exceptionRequest&quot;,&quot;contentType&quot;:&quot;application/json&quot;,&quot;tags&quot;:{},&quot;communicationMode&quot;:&quot;REQUEST_RESPONSE&quot;}]}]}=service} [sc-fdetector-4809]
W 0530-1108:06,769 i.s.c.f.FailureDetectorImpl Received Ping to 27F5D17B1BC5CCA6E81C@172.17.0.2:4809{{&quot;id&quot;:&quot;0C664B36A5C4DDBE6BF5&quot;,&quot;host&quot;:&quot;172.17.0.2&quot;,&quot;port&quot;:36012,&quot;tags&quot;:{},&quot;serviceRegistrations&quot;:[{&quot;namespace&quot;:&quot;io.scalecube.services.GreetingService&quot;,&quot;contentType&quot;:&quot;application/json&quot;,&quot;tags&quot;:{},&quot;methods&quot;:[{&quot;action&quot;:&quot;greeting&quot;,&quot;contentType&quot;:&quot;application/json&quot;,&quot;tags&quot;:{},&quot;communicationMode&quot;:&quot;REQUEST_RESPONSE&quot;},{&quot;action&quot;:&quot;greetingNoParams&quot;,&quot;contentType&quot;:&quot;application/json&quot;,&quot;tags&quot;:{},&quot;communicationMode&quot;:&quot;REQUEST_RESPONSE&quot;},{&quot;action&quot;:&quot;greetingVoid&quot;,&quot;contentType&quot;:&quot;application/json&quot;,&quot;tags&quot;:{},&quot;communicationMode&quot;:&quot;REQUEST_RESPONSE&quot;},{&quot;action&quot;:&quot;failingVoid&quot;,&quot;contentType&quot;:&quot;application/json&quot;,&quot;tags&quot;:{},&quot;communicationMode&quot;:&quot;REQUEST_RESPONSE&quot;},{&quot;action&quot;:&quot;throwingVoid&quot;,&quot;contentType&quot;:&quot;application/json&quot;,&quot;tags&quot;:{},&quot;communicationMode&quot;:&quot;REQUEST_RESPONSE&quot;},{&quot;action&quot;:&quot;greetingRequest&quot;,&quot;contentType&quot;:&quot;application/json&quot;,&quot;tags&quot;:{},&quot;communicationMode&quot;:&quot;REQUEST_RESPONSE&quot;},{&quot;action&quot;:&quot;greetingRequestTimeout&quot;,&quot;contentType&quot;:&quot;application/json&quot;,&quot;tags&quot;:{},&quot;communicationMode&quot;:&quot;REQUEST_RESPONSE&quot;},{&quot;action&quot;:&quot;notifyGreeting&quot;,&quot;contentType&quot;:&quot;application/json&quot;,&quot;tags&quot;:{},&quot;communicationMode&quot;:&quot;FIRE_AND_FORGET&quot;},{&quot;action&quot;:&quot;greetingPojo&quot;,&quot;contentType&quot;:&quot;application/json&quot;,&quot;tags&quot;:{},&quot;communicationMode&quot;:&quot;REQUEST_RESPONSE&quot;},{&quot;action&quot;:&quot;greetingNotAuthorized&quot;,&quot;contentType&quot;:&quot;application/json&quot;,&quot;tags&quot;:{},&quot;communicationMode&quot;:&quot;REQUEST_RESPONSE&quot;},{&quot;action&quot;:&quot;greetingMessage&quot;,&quot;contentType&quot;:&quot;application/json&quot;,&quot;tags&quot;:{},&quot;communicationMode&quot;:&quot;REQUEST_RESPONSE&quot;},{&quot;action&quot;:&quot;failingRequest&quot;,&quot;contentType&quot;:&quot;application/json&quot;,&quot;tags&quot;:{},&quot;communicationMode&quot;:&quot;REQUEST_RESPONSE&quot;},{&quot;action&quot;:&quot;exceptionRequest&quot;,&quot;contentType&quot;:&quot;application/json&quot;,&quot;tags&quot;:{},&quot;communicationMode&quot;:&quot;REQUEST_RESPONSE&quot;}]},{&quot;namespace&quot;:&quot;io.scalecube.services.CoarseGrainedService&quot;,&quot;contentType&quot;:&quot;application/json&quot;,&quot;tags&quot;:{},&quot;methods&quot;:[{&quot;action&quot;:&quot;callGreeting&quot;,&quot;contentType&quot;:&quot;application/json&quot;,&quot;tags&quot;:{},&quot;communicationMode&quot;:&quot;REQUEST_RESPONSE&quot;},{&quot;action&quot;:&quot;callGreetingTimeout&quot;,&quot;contentType&quot;:&quot;application/json&quot;,&quot;tags&quot;:{},&quot;communicationMode&quot;:&quot;REQUEST_RESPONSE&quot;},{&quot;action&quot;:&quot;callGreetingWithDispatcher&quot;,&quot;contentType&quot;:&quot;application/json&quot;,&quot;tags&quot;:{},&quot;communicationMode&quot;:&quot;REQUEST_RESPONSE&quot;}]}]}=service}, but local member is C99CD986F310FE782AF5@172.17.0.2:4809{{&quot;id&quot;:&quot;5135C9ABC304586A6113&quot;,&quot;host&quot;:&quot;172.17.0.2&quot;,&quot;port&quot;:35514,&quot;tags&quot;:{},&quot;serviceRegistrations&quot;:[{&quot;namespace&quot;:&quot;io.scalecube.services.GreetingService&quot;,&quot;contentType&quot;:&quot;application/json&quot;,&quot;tags&quot;:{},&quot;methods&quot;:[{&quot;action&quot;:&quot;greeting&quot;,&quot;contentType&quot;:&quot;application/json&quot;,&quot;tags&quot;:{},&quot;communicationMode&quot;:&quot;REQUEST_RESPONSE&quot;},{&quot;action&quot;:&quot;greetingNoParams&quot;,&quot;contentType&quot;:&quot;application/json&quot;,&quot;tags&quot;:{},&quot;communicationMode&quot;:&quot;REQUEST_RESPONSE&quot;},{&quot;action&quot;:&quot;greetingVoid&quot;,&quot;contentType&quot;:&quot;application/json&quot;,&quot;tags&quot;:{},&quot;communicationMode&quot;:&quot;REQUEST_RESPONSE&quot;},{&quot;action&quot;:&quot;failingVoid&quot;,&quot;contentType&quot;:&quot;application/json&quot;,&quot;tags&quot;:{},&quot;communicationMode&quot;:&quot;REQUEST_RESPONSE&quot;},{&quot;action&quot;:&quot;throwingVoid&quot;,&quot;contentType&quot;:&quot;application/json&quot;,&quot;tags&quot;:{},&quot;communicationMode&quot;:&quot;REQUEST_RESPONSE&quot;},{&quot;action&quot;:&quot;greetingRequest&quot;,&quot;contentType&quot;:&quot;application/json&quot;,&quot;tags&quot;:{},&quot;communicationMode&quot;:&quot;REQUEST_RESPONSE&quot;},{&quot;action&quot;:&quot;greetingRequestTimeout&quot;,&quot;contentType&quot;:&quot;application/json&quot;,&quot;tags&quot;:{},&quot;communicationMode&quot;:&quot;REQUEST_RESPONSE&quot;},{&quot;action&quot;:&quot;notifyGreeting&quot;,&quot;contentType&quot;:&quot;application/json&quot;,&quot;tags&quot;:{},&quot;communicationMode&quot;:&quot;FIRE_AND_FORGET&quot;},{&quot;action&quot;:&quot;greetingPojo&quot;,&quot;contentType&quot;:&quot;application/json&quot;,&quot;tags&quot;:{},&quot;communicationMode&quot;:&quot;REQUEST_RESPONSE&quot;},{&quot;action&quot;:&quot;greetingNotAuthorized&quot;,&quot;contentType&quot;:&quot;application/json&quot;,&quot;tags&quot;:{},&quot;communicationMode&quot;:&quot;REQUEST_RESPONSE&quot;},{&quot;action&quot;:&quot;greetingMessage&quot;,&quot;contentType&quot;:&quot;application/json&quot;,&quot;tags&quot;:{},&quot;communicationMode&quot;:&quot;REQUEST_RESPONSE&quot;},{&quot;action&quot;:&quot;failingRequest&quot;,&quot;contentType&quot;:&quot;application/json&quot;,&quot;tags&quot;:{},&quot;communicationMode&quot;:&quot;REQUEST_RESPONSE&quot;},{&quot;action&quot;:&quot;exceptionRequest&quot;,&quot;contentType&quot;:&quot;application/json&quot;,&quot;tags&quot;:{},&quot;communicationMode&quot;:&quot;REQUEST_RESPONSE&quot;}]}]}=service} [sc-fdetector-4809]
W 0530-1108:07,267 i.s.c.f.FailureDetectorImpl Received Ping to 27F5D17B1BC5CCA6E81C@172.17.0.2:4809{{&quot;id&quot;:&quot;0C664B36A5C4DDBE6BF5&quot;,&quot;host&quot;:&quot;172.17.0.2&quot;,&quot;port&quot;:36012,&quot;tags&quot;:{},&quot;serviceRegistrations&quot;:[{&quot;namespace&quot;:&quot;io.scalecube.services.GreetingService&quot;,&quot;contentType&quot;:&quot;application/json&quot;,&quot;tags&quot;:{},&quot;methods&quot;:[{&quot;action&quot;:&quot;greeting&quot;,&quot;contentType&quot;:&quot;application/json&quot;,&quot;tags&quot;:{},&quot;communicationMode&quot;:&quot;REQUEST_RESPONSE&quot;},{&quot;action&quot;:&quot;greetingNoParams&quot;,&quot;contentType&quot;:&quot;application/json&quot;,&quot;tags&quot;:{},&quot;communicationMode&quot;:&quot;REQUEST_RESPONSE&quot;},{&quot;action&quot;:&quot;greetingVoid&quot;,&quot;contentType&quot;:&quot;application/json&quot;,&quot;tags&quot;:{},&quot;communicationMode&quot;:&quot;REQUEST_RESPONSE&quot;},{&quot;action&quot;:&quot;failingVoid&quot;,&quot;contentType&quot;:&quot;application/json&quot;,&quot;tags&quot;:{},&quot;communicationMode&quot;:&quot;REQUEST_RESPONSE&quot;},{&quot;action&quot;:&quot;throwingVoid&quot;,&quot;contentType&quot;:&quot;application/json&quot;,&quot;tags&quot;:{},&quot;communicationMode&quot;:&quot;REQUEST_RESPONSE&quot;},{&quot;action&quot;:&quot;greetingRequest&quot;,&quot;contentType&quot;:&quot;application/json&quot;,&quot;tags&quot;:{},&quot;communicationMode&quot;:&quot;REQUEST_RESPONSE&quot;},{&quot;action&quot;:&quot;greetingRequestTimeout&quot;,&quot;contentType&quot;:&quot;application/json&quot;,&quot;tags&quot;:{},&quot;communicationMode&quot;:&quot;REQUEST_RESPONSE&quot;},{&quot;action&quot;:&quot;notifyGreeting&quot;,&quot;contentType&quot;:&quot;application/json&quot;,&quot;tags&quot;:{},&quot;communicationMode&quot;:&quot;FIRE_AND_FORGET&quot;},{&quot;action&quot;:&quot;greetingPojo&quot;,&quot;contentType&quot;:&quot;application/json&quot;,&quot;tags&quot;:{},&quot;communicationMode&quot;:&quot;REQUEST_RESPONSE&quot;},{&quot;action&quot;:&quot;greetingNotAuthorized&quot;,&quot;contentType&quot;:&quot;application/json&quot;,&quot;tags&quot;:{},&quot;communicationMode&quot;:&quot;REQUEST_RESPONSE&quot;},{&quot;action&quot;:&quot;greetingMessage&quot;,&quot;contentType&quot;:&quot;application/json&quot;,&quot;tags&quot;:{},&quot;communicationMode&quot;:&quot;REQUEST_RESPONSE&quot;},{&quot;action&quot;:&quot;failingRequest&quot;,&quot;contentType&quot;:&quot;application/json&quot;,&quot;tags&quot;:{},&quot;communicationMode&quot;:&quot;REQUEST_RESPONSE&quot;},{&quot;action&quot;:&quot;exceptionRequest&quot;,&quot;contentType&quot;:&quot;application/json&quot;,&quot;tags&quot;:{},&quot;communicationMode&quot;:&quot;REQUEST_RESPONSE&quot;}]},{&quot;namespace&quot;:&quot;io.scalecube.services.CoarseGrainedService&quot;,&quot;contentType&quot;:&quot;application/json&quot;,&quot;tags&quot;:{},&quot;methods&quot;:[{&quot;action&quot;:&quot;callGreeting&quot;,&quot;contentType&quot;:&quot;application/json&quot;,&quot;tags&quot;:{},&quot;communicationMode&quot;:&quot;REQUEST_RESPONSE&quot;},{&quot;action&quot;:&quot;callGreetingTimeout&quot;,&quot;contentType&quot;:&quot;application/json&quot;,&quot;tags&quot;:{},&quot;communicationMode&quot;:&quot;REQUEST_RESPONSE&quot;},{&quot;action&quot;:&quot;callGreetingWithDispatcher&quot;,&quot;contentType&quot;:&quot;application/json&quot;,&quot;tags&quot;:{},&quot;communicationMode&quot;:&quot;REQUEST_RESPONSE&quot;}]}]}=service}, but local member is C99CD986F310FE782AF5@172.17.0.2:4809{{&quot;id&quot;:&quot;5135C9ABC304586A6113&quot;,&quot;host&quot;:&quot;172.17.0.2&quot;,&quot;port&quot;:35514,&quot;tags&quot;:{},&quot;serviceRegistrations&quot;:[{&quot;namespace&quot;:&quot;io.scalecube.services.GreetingService&quot;,&quot;contentType&quot;:&quot;application/json&quot;,&quot;tags&quot;:{},&quot;methods&quot;:[{&quot;action&quot;:&quot;greeting&quot;,&quot;contentType&quot;:&quot;application/json&quot;,&quot;tags&quot;:{},&quot;communicationMode&quot;:&quot;REQUEST_RESPONSE&quot;},{&quot;action&quot;:&quot;greetingNoParams&quot;,&quot;contentType&quot;:&quot;application/json&quot;,&quot;tags&quot;:{},&quot;communicationMode&quot;:&quot;REQUEST_RESPONSE&quot;},{&quot;action&quot;:&quot;greetingVoid&quot;,&quot;contentType&quot;:&quot;application/json&quot;,&quot;tags&quot;:{},&quot;communicationMode&quot;:&quot;REQUEST_RESPONSE&quot;},{&quot;action&quot;:&quot;failingVoid&quot;,&quot;contentType&quot;:&quot;application/json&quot;,&quot;tags&quot;:{},&quot;communicationMode&quot;:&quot;REQUEST_RESPONSE&quot;},{&quot;action&quot;:&quot;throwingVoid&quot;,&quot;contentType&quot;:&quot;application/json&quot;,&quot;tags&quot;:{},&quot;communicationMode&quot;:&quot;REQUEST_RESPONSE&quot;},{&quot;action&quot;:&quot;greetingRequest&quot;,&quot;contentType&quot;:&quot;application/json&quot;,&quot;tags&quot;:{},&quot;communicationMode&quot;:&quot;REQUEST_RESPONSE&quot;},{&quot;action&quot;:&quot;greetingRequestTimeout&quot;,&quot;contentType&quot;:&quot;application/json&quot;,&quot;tags&quot;:{},&quot;communicationMode&quot;:&quot;REQUEST_RESPONSE&quot;},{&quot;action&quot;:&quot;notifyGreeting&quot;,&quot;contentType&quot;:&quot;application/json&quot;,&quot;tags&quot;:{},&quot;communicationMode&quot;:&quot;FIRE_AND_FORGET&quot;},{&quot;action&quot;:&quot;greetingPojo&quot;,&quot;contentType&quot;:&quot;application/json&quot;,&quot;tags&quot;:{},&quot;communicationMode&quot;:&quot;REQUEST_RESPONSE&quot;},{&quot;action&quot;:&quot;greetingNotAuthorized&quot;,&quot;contentType&quot;:&quot;application/json&quot;,&quot;tags&quot;:{},&quot;communicationMode&quot;:&quot;REQUEST_RESPONSE&quot;},{&quot;action&quot;:&quot;greetingMessage&quot;,&quot;contentType&quot;:&quot;application/json&quot;,&quot;tags&quot;:{},&quot;communicationMode&quot;:&quot;REQUEST_RESPONSE&quot;},{&quot;action&quot;:&quot;failingRequest&quot;,&quot;contentType&quot;:&quot;application/json&quot;,&quot;tags&quot;:{},&quot;communicationMode&quot;:&quot;REQUEST_RESPONSE&quot;},{&quot;action&quot;:&quot;exceptionRequest&quot;,&quot;contentType&quot;:&quot;application/json&quot;,&quot;tags&quot;:{},&quot;communicationMode&quot;:&quot;REQUEST_RESPONSE&quot;}]}]}=service} [sc-fdetector-4809]
W 0530-1108:07,589 i.s.c.f.FailureDetectorImpl Received Ping to 27F5D17B1BC5CCA6E81C@172.17.0.2:4809{{&quot;id&quot;:&quot;0C664B36A5C4DDBE6BF5&quot;,&quot;host&quot;:&quot;172.17.0.2&quot;,&quot;port&quot;:36012,&quot;tags&quot;:{},&quot;serviceRegistrations&quot;:[{&quot;namespace&quot;:&quot;io.scalecube.services.GreetingService&quot;,&quot;contentType&quot;:&quot;application/json&quot;,&quot;tags&quot;:{},&quot;methods&quot;:[{&quot;action&quot;:&quot;greeting&quot;,&quot;contentType&quot;:&quot;application/json&quot;,&quot;tags&quot;:{},&quot;communicationMode&quot;:&quot;REQUEST_RESPONSE&quot;},{&quot;action&quot;:&quot;greetingNoParams&quot;,&quot;contentType&quot;:&quot;application/json&quot;,&quot;tags&quot;:{},&quot;communicationMode&quot;:&quot;REQUEST_RESPONSE&quot;},{&quot;action&quot;:&quot;greetingVoid&quot;,&quot;contentType&quot;:&quot;application/json&quot;,&quot;tags&quot;:{},&quot;communicationMode&quot;:&quot;REQUEST_RESPONSE&quot;},{&quot;action&quot;:&quot;failingVoid&quot;,&quot;contentType&quot;:&quot;application/json&quot;,&quot;tags&quot;:{},&quot;communicationMode&quot;:&quot;REQUEST_RESPONSE&quot;},{&quot;action&quot;:&quot;throwingVoid&quot;,&quot;contentType&quot;:&quot;application/json&quot;,&quot;tags&quot;:{},&quot;communicationMode&quot;:&quot;REQUEST_RESPONSE&quot;},{&quot;action&quot;:&quot;greetingRequest&quot;,&quot;contentType&quot;:&quot;application/json&quot;,&quot;tags&quot;:{},&quot;communicationMode&quot;:&quot;REQUEST_RESPONSE&quot;},{&quot;action&quot;:&quot;greetingRequestTimeout&quot;,&quot;contentType&quot;:&quot;application/json&quot;,&quot;tags&quot;:{},&quot;communicationMode&quot;:&quot;REQUEST_RESPONSE&quot;},{&quot;action&quot;:&quot;notifyGreeting&quot;,&quot;contentType&quot;:&quot;application/json&quot;,&quot;tags&quot;:{},&quot;communicationMode&quot;:&quot;FIRE_AND_FORGET&quot;},{&quot;action&quot;:&quot;greetingPojo&quot;,&quot;contentType&quot;:&quot;application/json&quot;,&quot;tags&quot;:{},&quot;communicationMode&quot;:&quot;REQUEST_RESPONSE&quot;},{&quot;action&quot;:&quot;greetingNotAuthorized&quot;,&quot;contentType&quot;:&quot;application/json&quot;,&quot;tags&quot;:{},&quot;communicationMode&quot;:&quot;REQUEST_RESPONSE&quot;},{&quot;action&quot;:&quot;greetingMessage&quot;,&quot;contentType&quot;:&quot;application/json&quot;,&quot;tags&quot;:{},&quot;communicationMode&quot;:&quot;REQUEST_RESPONSE&quot;},{&quot;action&quot;:&quot;failingRequest&quot;,&quot;contentType&quot;:&quot;application/json&quot;,&quot;tags&quot;:{},&quot;communicationMode&quot;:&quot;REQUEST_RESPONSE&quot;},{&quot;action&quot;:&quot;exceptionRequest&quot;,&quot;contentType&quot;:&quot;application/json&quot;,&quot;tags&quot;:{},&quot;communicationMode&quot;:&quot;REQUEST_RESPONSE&quot;}]},{&quot;namespace&quot;:&quot;io.scalecube.services.CoarseGrainedService&quot;,&quot;contentType&quot;:&quot;application/json&quot;,&quot;tags&quot;:{},&quot;methods&quot;:[{&quot;action&quot;:&quot;callGreeting&quot;,&quot;contentType&quot;:&quot;application/json&quot;,&quot;tags&quot;:{},&quot;communicationMode&quot;:&quot;REQUEST_RESPONSE&quot;},{&quot;action&quot;:&quot;callGreetingTimeout&quot;,&quot;contentType&quot;:&quot;application/json&quot;,&quot;tags&quot;:{},&quot;communicationMode&quot;:&quot;REQUEST_RESPONSE&quot;},{&quot;action&quot;:&quot;callGreetingWithDispatcher&quot;,&quot;contentType&quot;:&quot;application/json&quot;,&quot;tags&quot;:{},&quot;communicationMode&quot;:&quot;REQUEST_RESPONSE&quot;}]}]}=service}, but local member is C99CD986F310FE782AF5@172.17.0.2:4809{{&quot;id&quot;:&quot;5135C9ABC304586A6113&quot;,&quot;host&quot;:&quot;172.17.0.2&quot;,&quot;port&quot;:35514,&quot;tags&quot;:{},&quot;serviceRegistrations&quot;:[{&quot;namespace&quot;:&quot;io.scalecube.services.GreetingService&quot;,&quot;contentType&quot;:&quot;application/json&quot;,&quot;tags&quot;:{},&quot;methods&quot;:[{&quot;action&quot;:&quot;greeting&quot;,&quot;contentType&quot;:&quot;application/json&quot;,&quot;tags&quot;:{},&quot;communicationMode&quot;:&quot;REQUEST_RESPONSE&quot;},{&quot;action&quot;:&quot;greetingNoParams&quot;,&quot;contentType&quot;:&quot;application/json&quot;,&quot;tags&quot;:{},&quot;communicationMode&quot;:&quot;REQUEST_RESPONSE&quot;},{&quot;action&quot;:&quot;greetingVoid&quot;,&quot;contentType&quot;:&quot;application/json&quot;,&quot;tags&quot;:{},&quot;communicationMode&quot;:&quot;REQUEST_RESPONSE&quot;},{&quot;action&quot;:&quot;failingVoid&quot;,&quot;contentType&quot;:&quot;application/json&quot;,&quot;tags&quot;:{},&quot;communicationMode&quot;:&quot;REQUEST_RESPONSE&quot;},{&quot;action&quot;:&quot;throwingVoid&quot;,&quot;contentType&quot;:&quot;application/json&quot;,&quot;tags&quot;:{},&quot;communicationMode&quot;:&quot;REQUEST_RESPONSE&quot;},{&quot;action&quot;:&quot;greetingRequest&quot;,&quot;contentType&quot;:&quot;application/json&quot;,&quot;tags&quot;:{},&quot;communicationMode&quot;:&quot;REQUEST_RESPONSE&quot;},{&quot;action&quot;:&quot;greetingRequestTimeout&quot;,&quot;contentType&quot;:&quot;application/json&quot;,&quot;tags&quot;:{},&quot;communicationMode&quot;:&quot;REQUEST_RESPONSE&quot;},{&quot;action&quot;:&quot;notifyGreeting&quot;,&quot;contentType&quot;:&quot;application/json&quot;,&quot;tags&quot;:{},&quot;communicationMode&quot;:&quot;FIRE_AND_FORGET&quot;},{&quot;action&quot;:&quot;greetingPojo&quot;,&quot;contentType&quot;:&quot;application/json&quot;,&quot;tags&quot;:{},&quot;communicationMode&quot;:&quot;REQUEST_RESPONSE&quot;},{&quot;action&quot;:&quot;greetingNotAuthorized&quot;,&quot;contentType&quot;:&quot;application/json&quot;,&quot;tags&quot;:{},&quot;communicationMode&quot;:&quot;REQUEST_RESPONSE&quot;},{&quot;action&quot;:&quot;greetingMessage&quot;,&quot;contentType&quot;:&quot;application/json&quot;,&quot;tags&quot;:{},&quot;communicationMode&quot;:&quot;REQUEST_RESPONSE&quot;},{&quot;action&quot;:&quot;failingRequest&quot;,&quot;contentType&quot;:&quot;application/json&quot;,&quot;tags&quot;:{},&quot;communicationMode&quot;:&quot;REQUEST_RESPONSE&quot;},{&quot;action&quot;:&quot;exceptionRequest&quot;,&quot;contentType&quot;:&quot;application/json&quot;,&quot;tags&quot;:{},&quot;communicationMode&quot;:&quot;REQUEST_RESPONSE&quot;}]}]}=service} [sc-fdetector-4809]
W 0530-1108:07,768 i.s.c.f.FailureDetectorImpl Received Ping to 27F5D17B1BC5CCA6E81C@172.17.0.2:4809{{&quot;id&quot;:&quot;0C664B36A5C4DDBE6BF5&quot;,&quot;host&quot;:&quot;172.17.0.2&quot;,&quot;port&quot;:36012,&quot;tags&quot;:{},&quot;serviceRegistrations&quot;:[{&quot;namespace&quot;:&quot;io.scalecube.services.GreetingService&quot;,&quot;contentType&quot;:&quot;application/json&quot;,&quot;tags&quot;:{},&quot;methods&quot;:[{&quot;action&quot;:&quot;greeting&quot;,&quot;contentType&quot;:&quot;application/json&quot;,&quot;tags&quot;:{},&quot;communicationMode&quot;:&quot;REQUEST_RESPONSE&quot;},{&quot;action&quot;:&quot;greetingNoParams&quot;,&quot;contentType&quot;:&quot;application/json&quot;,&quot;tags&quot;:{},&quot;communicationMode&quot;:&quot;REQUEST_RESPONSE&quot;},{&quot;action&quot;:&quot;greetingVoid&quot;,&quot;contentType&quot;:&quot;application/json&quot;,&quot;tags&quot;:{},&quot;communicationMode&quot;:&quot;REQUEST_RESPONSE&quot;},{&quot;action&quot;:&quot;failingVoid&quot;,&quot;contentType&quot;:&quot;application/json&quot;,&quot;tags&quot;:{},&quot;communicationMode&quot;:&quot;REQUEST_RESPONSE&quot;},{&quot;action&quot;:&quot;throwingVoid&quot;,&quot;contentType&quot;:&quot;application/json&quot;,&quot;tags&quot;:{},&quot;communicationMode&quot;:&quot;REQUEST_RESPONSE&quot;},{&quot;action&quot;:&quot;greetingRequest&quot;,&quot;contentType&quot;:&quot;application/json&quot;,&quot;tags&quot;:{},&quot;communicationMode&quot;:&quot;REQUEST_RESPONSE&quot;},{&quot;action&quot;:&quot;greetingRequestTimeout&quot;,&quot;contentType&quot;:&quot;application/json&quot;,&quot;tags&quot;:{},&quot;communicationMode&quot;:&quot;REQUEST_RESPONSE&quot;},{&quot;action&quot;:&quot;notifyGreeting&quot;,&quot;contentType&quot;:&quot;application/json&quot;,&quot;tags&quot;:{},&quot;communicationMode&quot;:&quot;FIRE_AND_FORGET&quot;},{&quot;action&quot;:&quot;greetingPojo&quot;,&quot;contentType&quot;:&quot;application/json&quot;,&quot;tags&quot;:{},&quot;communicationMode&quot;:&quot;REQUEST_RESPONSE&quot;},{&quot;action&quot;:&quot;greetingNotAuthorized&quot;,&quot;contentType&quot;:&quot;application/json&quot;,&quot;tags&quot;:{},&quot;communicationMode&quot;:&quot;REQUEST_RESPONSE&quot;},{&quot;action&quot;:&quot;greetingMessage&quot;,&quot;contentType&quot;:&quot;application/json&quot;,&quot;tags&quot;:{},&quot;communicationMode&quot;:&quot;REQUEST_RESPONSE&quot;},{&quot;action&quot;:&quot;failingRequest&quot;,&quot;contentType&quot;:&quot;application/json&quot;,&quot;tags&quot;:{},&quot;communicationMode&quot;:&quot;REQUEST_RESPONSE&quot;},{&quot;action&quot;:&quot;exceptionRequest&quot;,&quot;contentType&quot;:&quot;application/json&quot;,&quot;tags&quot;:{},&quot;communicationMode&quot;:&quot;REQUEST_RESPONSE&quot;}]},{&quot;namespace&quot;:&quot;io.scalecube.services.CoarseGrainedService&quot;,&quot;contentType&quot;:&quot;application/json&quot;,&quot;tags&quot;:{},&quot;methods&quot;:[{&quot;action&quot;:&quot;callGreeting&quot;,&quot;contentType&quot;:&quot;application/json&quot;,&quot;tags&quot;:{},&quot;communicationMode&quot;:&quot;REQUEST_RESPONSE&quot;},{&quot;action&quot;:&quot;callGreetingTimeout&quot;,&quot;contentType&quot;:&quot;application/json&quot;,&quot;tags&quot;:{},&quot;communicationMode&quot;:&quot;REQUEST_RESPONSE&quot;},{&quot;action&quot;:&quot;callGreetingWithDispatcher&quot;,&quot;contentType&quot;:&quot;application/json&quot;,&quot;tags&quot;:{},&quot;communicationMode&quot;:&quot;REQUEST_RESPONSE&quot;}]}]}=service}, but local member is C99CD986F310FE782AF5@172.17.0.2:4809{{&quot;id&quot;:&quot;5135C9ABC304586A6113&quot;,&quot;host&quot;:&quot;172.17.0.2&quot;,&quot;port&quot;:35514,&quot;tags&quot;:{},&quot;serviceRegistrations&quot;:[{&quot;namespace&quot;:&quot;io.scalecube.services.GreetingService&quot;,&quot;contentType&quot;:&quot;application/json&quot;,&quot;tags&quot;:{},&quot;methods&quot;:[{&quot;action&quot;:&quot;greeting&quot;,&quot;contentType&quot;:&quot;application/json&quot;,&quot;tags&quot;:{},&quot;communicationMode&quot;:&quot;REQUEST_RESPONSE&quot;},{&quot;action&quot;:&quot;greetingNoParams&quot;,&quot;contentType&quot;:&quot;application/json&quot;,&quot;tags&quot;:{},&quot;communicationMode&quot;:&quot;REQUEST_RESPONSE&quot;},{&quot;action&quot;:&quot;greetingVoid&quot;,&quot;contentType&quot;:&quot;application/json&quot;,&quot;tags&quot;:{},&quot;communicationMode&quot;:&quot;REQUEST_RESPONSE&quot;},{&quot;action&quot;:&quot;failingVoid&quot;,&quot;contentType&quot;:&quot;application/json&quot;,&quot;tags&quot;:{},&quot;communicationMode&quot;:&quot;REQUEST_RESPONSE&quot;},{&quot;action&quot;:&quot;throwingVoid&quot;,&quot;contentType&quot;:&quot;application/json&quot;,&quot;tags&quot;:{},&quot;communicationMode&quot;:&quot;REQUEST_RESPONSE&quot;},{&quot;action&quot;:&quot;greetingRequest&quot;,&quot;contentType&quot;:&quot;application/json&quot;,&quot;tags&quot;:{},&quot;communicationMode&quot;:&quot;REQUEST_RESPONSE&quot;},{&quot;action&quot;:&quot;greetingRequestTimeout&quot;,&quot;contentType&quot;:&quot;application/json&quot;,&quot;tags&quot;:{},&quot;communicationMode&quot;:&quot;REQUEST_RESPONSE&quot;},{&quot;action&quot;:&quot;notifyGreeting&quot;,&quot;contentType&quot;:&quot;application/json&quot;,&quot;tags&quot;:{},&quot;communicationMode&quot;:&quot;FIRE_AND_FORGET&quot;},{&quot;action&quot;:&quot;greetingPojo&quot;,&quot;contentType&quot;:&quot;application/json&quot;,&quot;tags&quot;:{},&quot;communicationMode&quot;:&quot;REQUEST_RESPONSE&quot;},{&quot;action&quot;:&quot;greetingNotAuthorized&quot;,&quot;contentType&quot;:&quot;application/json&quot;,&quot;tags&quot;:{},&quot;communicationMode&quot;:&quot;REQUEST_RESPONSE&quot;},{&quot;action&quot;:&quot;greetingMessage&quot;,&quot;contentType&quot;:&quot;application/json&quot;,&quot;tags&quot;:{},&quot;communicationMode&quot;:&quot;REQUEST_RESPONSE&quot;},{&quot;action&quot;:&quot;failingRequest&quot;,&quot;contentType&quot;:&quot;application/json&quot;,&quot;tags&quot;:{},&quot;communicationMode&quot;:&quot;REQUEST_RESPONSE&quot;},{&quot;action&quot;:&quot;exceptionRequest&quot;,&quot;contentType&quot;:&quot;application/json&quot;,&quot;tags&quot;:{},&quot;communicationMode&quot;:&quot;REQUEST_RESPONSE&quot;}]}]}=service} [sc-fdetector-4809]
W 0530-1108:07,768 i.s.c.f.FailureDetectorImpl Received Ping to 27F5D17B1BC5CCA6E81C@172.17.0.2:4809{{&quot;id&quot;:&quot;0C664B36A5C4DDBE6BF5&quot;,&quot;host&quot;:&quot;172.17.0.2&quot;,&quot;port&quot;:36012,&quot;tags&quot;:{},&quot;serviceRegistrations&quot;:[{&quot;namespace&quot;:&quot;io.scalecube.services.GreetingService&quot;,&quot;contentType&quot;:&quot;application/json&quot;,&quot;tags&quot;:{},&quot;methods&quot;:[{&quot;action&quot;:&quot;greeting&quot;,&quot;contentType&quot;:&quot;application/json&quot;,&quot;tags&quot;:{},&quot;communicationMode&quot;:&quot;REQUEST_RESPONSE&quot;},{&quot;action&quot;:&quot;greetingNoParams&quot;,&quot;contentType&quot;:&quot;application/json&quot;,&quot;tags&quot;:{},&quot;communicationMode&quot;:&quot;REQUEST_RESPONSE&quot;},{&quot;action&quot;:&quot;greetingVoid&quot;,&quot;contentType&quot;:&quot;application/json&quot;,&quot;tags&quot;:{},&quot;communicationMode&quot;:&quot;REQUEST_RESPONSE&quot;},{&quot;action&quot;:&quot;failingVoid&quot;,&quot;contentType&quot;:&quot;application/json&quot;,&quot;tags&quot;:{},&quot;communicationMode&quot;:&quot;REQUEST_RESPONSE&quot;},{&quot;action&quot;:&quot;throwingVoid&quot;,&quot;contentType&quot;:&quot;application/json&quot;,&quot;tags&quot;:{},&quot;communicationMode&quot;:&quot;REQUEST_RESPONSE&quot;},{&quot;action&quot;:&quot;greetingRequest&quot;,&quot;contentType&quot;:&quot;application/json&quot;,&quot;tags&quot;:{},&quot;communicationMode&quot;:&quot;REQUEST_RESPONSE&quot;},{&quot;action&quot;:&quot;greetingRequestTimeout&quot;,&quot;contentType&quot;:&quot;application/json&quot;,&quot;tags&quot;:{},&quot;communicationMode&quot;:&quot;REQUEST_RESPONSE&quot;},{&quot;action&quot;:&quot;notifyGreeting&quot;,&quot;contentType&quot;:&quot;application/json&quot;,&quot;tags&quot;:{},&quot;communicationMode&quot;:&quot;FIRE_AND_FORGET&quot;},{&quot;action&quot;:&quot;greetingPojo&quot;,&quot;contentType&quot;:&quot;application/json&quot;,&quot;tags&quot;:{},&quot;communicationMode&quot;:&quot;REQUEST_RESPONSE&quot;},{&quot;action&quot;:&quot;greetingNotAuthorized&quot;,&quot;contentType&quot;:&quot;application/json&quot;,&quot;tags&quot;:{},&quot;communicationMode&quot;:&quot;REQUEST_RESPONSE&quot;},{&quot;action&quot;:&quot;greetingMessage&quot;,&quot;contentType&quot;:&quot;application/json&quot;,&quot;tags&quot;:{},&quot;communicationMode&quot;:&quot;REQUEST_RESPONSE&quot;},{&quot;action&quot;:&quot;failingRequest&quot;,&quot;contentType&quot;:&quot;application/json&quot;,&quot;tags&quot;:{},&quot;communicationMode&quot;:&quot;REQUEST_RESPONSE&quot;},{&quot;action&quot;:&quot;exceptionRequest&quot;,&quot;contentType&quot;:&quot;application/json&quot;,&quot;tags&quot;:{},&quot;communicationMode&quot;:&quot;REQUEST_RESPONSE&quot;}]},{&quot;namespace&quot;:&quot;io.scalecube.services.CoarseGrainedService&quot;,&quot;contentType&quot;:&quot;application/json&quot;,&quot;tags&quot;:{},&quot;methods&quot;:[{&quot;action&quot;:&quot;callGreeting&quot;,&quot;contentType&quot;:&quot;application/json&quot;,&quot;tags&quot;:{},&quot;communicationMode&quot;:&quot;REQUEST_RESPONSE&quot;},{&quot;action&quot;:&quot;callGreetingTimeout&quot;,&quot;contentType&quot;:&quot;application/json&quot;,&quot;tags&quot;:{},&quot;communicationMode&quot;:&quot;REQUEST_RESPONSE&quot;},{&quot;action&quot;:&quot;callGreetingWithDispatcher&quot;,&quot;contentType&quot;:&quot;application/json&quot;,&quot;tags&quot;:{},&quot;communicationMode&quot;:&quot;REQUEST_RESPONSE&quot;}]}]}=service}, but local member is C99CD986F310FE782AF5@172.17.0.2:4809{{&quot;id&quot;:&quot;5135C9ABC304586A6113&quot;,&quot;host&quot;:&quot;172.17.0.2&quot;,&quot;port&quot;:35514,&quot;tags&quot;:{},&quot;serviceRegistrations&quot;:[{&quot;namespace&quot;:&quot;io.scalecube.services.GreetingService&quot;,&quot;contentType&quot;:&quot;application/json&quot;,&quot;tags&quot;:{},&quot;methods&quot;:[{&quot;action&quot;:&quot;greeting&quot;,&quot;contentType&quot;:&quot;application/json&quot;,&quot;tags&quot;:{},&quot;communicationMode&quot;:&quot;REQUEST_RESPONSE&quot;},{&quot;action&quot;:&quot;greetingNoParams&quot;,&quot;contentType&quot;:&quot;application/json&quot;,&quot;tags&quot;:{},&quot;communicationMode&quot;:&quot;REQUEST_RESPONSE&quot;},{&quot;action&quot;:&quot;greetingVoid&quot;,&quot;contentType&quot;:&quot;application/json&quot;,&quot;tags&quot;:{},&quot;communicationMode&quot;:&quot;REQUEST_RESPONSE&quot;},{&quot;action&quot;:&quot;failingVoid&quot;,&quot;contentType&quot;:&quot;application/json&quot;,&quot;tags&quot;:{},&quot;communicationMode&quot;:&quot;REQUEST_RESPONSE&quot;},{&quot;action&quot;:&quot;throwingVoid&quot;,&quot;contentType&quot;:&quot;application/json&quot;,&quot;tags&quot;:{},&quot;communicationMode&quot;:&quot;REQUEST_RESPONSE&quot;},{&quot;action&quot;:&quot;greetingRequest&quot;,&quot;contentType&quot;:&quot;application/json&quot;,&quot;tags&quot;:{},&quot;communicationMode&quot;:&quot;REQUEST_RESPONSE&quot;},{&quot;action&quot;:&quot;greetingRequestTimeout&quot;,&quot;contentType&quot;:&quot;application/json&quot;,&quot;tags&quot;:{},&quot;communicationMode&quot;:&quot;REQUEST_RESPONSE&quot;},{&quot;action&quot;:&quot;notifyGreeting&quot;,&quot;contentType&quot;:&quot;application/json&quot;,&quot;tags&quot;:{},&quot;communicationMode&quot;:&quot;FIRE_AND_FORGET&quot;},{&quot;action&quot;:&quot;greetingPojo&quot;,&quot;contentType&quot;:&quot;application/json&quot;,&quot;tags&quot;:{},&quot;communicationMode&quot;:&quot;REQUEST_RESPONSE&quot;},{&quot;action&quot;:&quot;greetingNotAuthorized&quot;,&quot;contentType&quot;:&quot;application/json&quot;,&quot;tags&quot;:{},&quot;communicationMode&quot;:&quot;REQUEST_RESPONSE&quot;},{&quot;action&quot;:&quot;greetingMessage&quot;,&quot;contentType&quot;:&quot;application/json&quot;,&quot;tags&quot;:{},&quot;communicationMode&quot;:&quot;REQUEST_RESPONSE&quot;},{&quot;action&quot;:&quot;failingRequest&quot;,&quot;contentType&quot;:&quot;application/json&quot;,&quot;tags&quot;:{},&quot;communicationMode&quot;:&quot;REQUEST_RESPONSE&quot;},{&quot;action&quot;:&quot;exceptionRequest&quot;,&quot;contentType&quot;:&quot;application/json&quot;,&quot;tags&quot;:{},&quot;communicationMode&quot;:&quot;REQUEST_RESPONSE&quot;}]}]}=service} [sc-fdetector-4809]
W 0530-1108:08,090 i.s.c.f.FailureDetectorImpl Received Ping to 27F5D17B1BC5CCA6E81C@172.17.0.2:4809{{&quot;id&quot;:&quot;0C664B36A5C4DDBE6BF5&quot;,&quot;host&quot;:&quot;172.17.0.2&quot;,&quot;port&quot;:36012,&quot;tags&quot;:{},&quot;serviceRegistrations&quot;:[{&quot;namespace&quot;:&quot;io.scalecube.services.GreetingService&quot;,&quot;contentType&quot;:&quot;application/json&quot;,&quot;tags&quot;:{},&quot;methods&quot;:[{&quot;action&quot;:&quot;greeting&quot;,&quot;contentType&quot;:&quot;application/json&quot;,&quot;tags&quot;:{},&quot;communicationMode&quot;:&quot;REQUEST_RESPONSE&quot;},{&quot;action&quot;:&quot;greetingNoParams&quot;,&quot;contentType&quot;:&quot;application/json&quot;,&quot;tags&quot;:{},&quot;communicationMode&quot;:&quot;REQUEST_RESPONSE&quot;},{&quot;action&quot;:&quot;greetingVoid&quot;,&quot;contentType&quot;:&quot;application/json&quot;,&quot;tags&quot;:{},&quot;communicationMode&quot;:&quot;REQUEST_RESPONSE&quot;},{&quot;action&quot;:&quot;failingVoid&quot;,&quot;contentType&quot;:&quot;application/json&quot;,&quot;tags&quot;:{},&quot;communicationMode&quot;:&quot;REQUEST_RESPONSE&quot;},{&quot;action&quot;:&quot;throwingVoid&quot;,&quot;contentType&quot;:&quot;application/json&quot;,&quot;tags&quot;:{},&quot;communicationMode&quot;:&quot;REQUEST_RESPONSE&quot;},{&quot;action&quot;:&quot;greetingRequest&quot;,&quot;contentType&quot;:&quot;application/json&quot;,&quot;tags&quot;:{},&quot;communicationMode&quot;:&quot;REQUEST_RESPONSE&quot;},{&quot;action&quot;:&quot;greetingRequestTimeout&quot;,&quot;contentType&quot;:&quot;application/json&quot;,&quot;tags&quot;:{},&quot;communicationMode&quot;:&quot;REQUEST_RESPONSE&quot;},{&quot;action&quot;:&quot;notifyGreeting&quot;,&quot;contentType&quot;:&quot;application/json&quot;,&quot;tags&quot;:{},&quot;communicationMode&quot;:&quot;FIRE_AND_FORGET&quot;},{&quot;action&quot;:&quot;greetingPojo&quot;,&quot;contentType&quot;:&quot;application/json&quot;,&quot;tags&quot;:{},&quot;communicationMode&quot;:&quot;REQUEST_RESPONSE&quot;},{&quot;action&quot;:&quot;greetingNotAuthorized&quot;,&quot;contentType&quot;:&quot;application/json&quot;,&quot;tags&quot;:{},&quot;communicationMode&quot;:&quot;REQUEST_RESPONSE&quot;},{&quot;action&quot;:&quot;greetingMessage&quot;,&quot;contentType&quot;:&quot;application/json&quot;,&quot;tags&quot;:{},&quot;communicationMode&quot;:&quot;REQUEST_RESPONSE&quot;},{&quot;action&quot;:&quot;failingRequest&quot;,&quot;contentType&quot;:&quot;application/json&quot;,&quot;tags&quot;:{},&quot;communicationMode&quot;:&quot;REQUEST_RESPONSE&quot;},{&quot;action&quot;:&quot;exceptionRequest&quot;,&quot;contentType&quot;:&quot;application/json&quot;,&quot;tags&quot;:{},&quot;communicationMode&quot;:&quot;REQUEST_RESPONSE&quot;}]},{&quot;namespace&quot;:&quot;io.scalecube.services.CoarseGrainedService&quot;,&quot;contentType&quot;:&quot;application/json&quot;,&quot;tags&quot;:{},&quot;methods&quot;:[{&quot;action&quot;:&quot;callGreeting&quot;,&quot;contentType&quot;:&quot;application/json&quot;,&quot;tags&quot;:{},&quot;communicationMode&quot;:&quot;REQUEST_RESPONSE&quot;},{&quot;action&quot;:&quot;callGreetingTimeout&quot;,&quot;contentType&quot;:&quot;application/json&quot;,&quot;tags&quot;:{},&quot;communicationMode&quot;:&quot;REQUEST_RESPONSE&quot;},{&quot;action&quot;:&quot;callGreetingWithDispatcher&quot;,&quot;contentType&quot;:&quot;application/json&quot;,&quot;tags&quot;:{},&quot;communicationMode&quot;:&quot;REQUEST_RESPONSE&quot;}]}]}=service}, but local member is C99CD986F310FE782AF5@172.17.0.2:4809{{&quot;id&quot;:&quot;5135C9ABC304586A6113&quot;,&quot;host&quot;:&quot;172.17.0.2&quot;,&quot;port&quot;:35514,&quot;tags&quot;:{},&quot;serviceRegistrations&quot;:[{&quot;namespace&quot;:&quot;io.scalecube.services.GreetingService&quot;,&quot;contentType&quot;:&quot;application/json&quot;,&quot;tags&quot;:{},&quot;methods&quot;:[{&quot;action&quot;:&quot;greeting&quot;,&quot;contentType&quot;:&quot;application/json&quot;,&quot;tags&quot;:{},&quot;communicationMode&quot;:&quot;REQUEST_RESPONSE&quot;},{&quot;action&quot;:&quot;greetingNoParams&quot;,&quot;contentType&quot;:&quot;application/json&quot;,&quot;tags&quot;:{},&quot;communicationMode&quot;:&quot;REQUEST_RESPONSE&quot;},{&quot;action&quot;:&quot;greetingVoid&quot;,&quot;contentType&quot;:&quot;application/json&quot;,&quot;tags&quot;:{},&quot;communicationMode&quot;:&quot;REQUEST_RESPONSE&quot;},{&quot;action&quot;:&quot;failingVoid&quot;,&quot;contentType&quot;:&quot;application/json&quot;,&quot;tags&quot;:{},&quot;communicationMode&quot;:&quot;REQUEST_RESPONSE&quot;},{&quot;action&quot;:&quot;throwingVoid&quot;,&quot;contentType&quot;:&quot;application/json&quot;,&quot;tags&quot;:{},&quot;communicationMode&quot;:&quot;REQUEST_RESPONSE&quot;},{&quot;action&quot;:&quot;greetingRequest&quot;,&quot;contentType&quot;:&quot;application/json&quot;,&quot;tags&quot;:{},&quot;communicationMode&quot;:&quot;REQUEST_RESPONSE&quot;},{&quot;action&quot;:&quot;greetingRequestTimeout&quot;,&quot;contentType&quot;:&quot;application/json&quot;,&quot;tags&quot;:{},&quot;communicationMode&quot;:&quot;REQUEST_RESPONSE&quot;},{&quot;action&quot;:&quot;notifyGreeting&quot;,&quot;contentType&quot;:&quot;application/json&quot;,&quot;tags&quot;:{},&quot;communicationMode&quot;:&quot;FIRE_AND_FORGET&quot;},{&quot;action&quot;:&quot;greetingPojo&quot;,&quot;contentType&quot;:&quot;application/json&quot;,&quot;tags&quot;:{},&quot;communicationMode&quot;:&quot;REQUEST_RESPONSE&quot;},{&quot;action&quot;:&quot;greetingNotAuthorized&quot;,&quot;contentType&quot;:&quot;application/json&quot;,&quot;tags&quot;:{},&quot;communicationMode&quot;:&quot;REQUEST_RESPONSE&quot;},{&quot;action&quot;:&quot;greetingMessage&quot;,&quot;contentType&quot;:&quot;application/json&quot;,&quot;tags&quot;:{},&quot;communicationMode&quot;:&quot;REQUEST_RESPONSE&quot;},{&quot;action&quot;:&quot;failingRequest&quot;,&quot;contentType&quot;:&quot;application/json&quot;,&quot;tags&quot;:{},&quot;communicationMode&quot;:&quot;REQUEST_RESPONSE&quot;},{&quot;action&quot;:&quot;exceptionRequest&quot;,&quot;contentType&quot;:&quot;application/json&quot;,&quot;tags&quot;:{},&quot;communicationMode&quot;:&quot;REQUEST_RESPONSE&quot;}]}]}=service} [sc-fdetector-4809]
W 0530-1108:08,091 i.s.c.f.FailureDetectorImpl Received Ping to 27F5D17B1BC5CCA6E81C@172.17.0.2:4809{{&quot;id&quot;:&quot;0C664B36A5C4DDBE6BF5&quot;,&quot;host&quot;:&quot;172.17.0.2&quot;,&quot;port&quot;:36012,&quot;tags&quot;:{},&quot;serviceRegistrations&quot;:[{&quot;namespace&quot;:&quot;io.scalecube.services.GreetingService&quot;,&quot;contentType&quot;:&quot;application/json&quot;,&quot;tags&quot;:{},&quot;methods&quot;:[{&quot;action&quot;:&quot;greeting&quot;,&quot;contentType&quot;:&quot;application/json&quot;,&quot;tags&quot;:{},&quot;communicationMode&quot;:&quot;REQUEST_RESPONSE&quot;},{&quot;action&quot;:&quot;greetingNoParams&quot;,&quot;contentType&quot;:&quot;application/json&quot;,&quot;tags&quot;:{},&quot;communicationMode&quot;:&quot;REQUEST_RESPONSE&quot;},{&quot;action&quot;:&quot;greetingVoid&quot;,&quot;contentType&quot;:&quot;application/json&quot;,&quot;tags&quot;:{},&quot;communicationMode&quot;:&quot;REQUEST_RESPONSE&quot;},{&quot;action&quot;:&quot;failingVoid&quot;,&quot;contentType&quot;:&quot;application/json&quot;,&quot;tags&quot;:{},&quot;communicationMode&quot;:&quot;REQUEST_RESPONSE&quot;},{&quot;action&quot;:&quot;throwingVoid&quot;,&quot;contentType&quot;:&quot;application/json&quot;,&quot;tags&quot;:{},&quot;communicationMode&quot;:&quot;REQUEST_RESPONSE&quot;},{&quot;action&quot;:&quot;greetingRequest&quot;,&quot;contentType&quot;:&quot;application/json&quot;,&quot;tags&quot;:{},&quot;communicationMode&quot;:&quot;REQUEST_RESPONSE&quot;},{&quot;action&quot;:&quot;greetingRequestTimeout&quot;,&quot;contentType&quot;:&quot;application/json&quot;,&quot;tags&quot;:{},&quot;communicationMode&quot;:&quot;REQUEST_RESPONSE&quot;},{&quot;action&quot;:&quot;notifyGreeting&quot;,&quot;contentType&quot;:&quot;application/json&quot;,&quot;tags&quot;:{},&quot;communicationMode&quot;:&quot;FIRE_AND_FORGET&quot;},{&quot;action&quot;:&quot;greetingPojo&quot;,&quot;contentType&quot;:&quot;application/json&quot;,&quot;tags&quot;:{},&quot;communicationMode&quot;:&quot;REQUEST_RESPONSE&quot;},{&quot;action&quot;:&quot;greetingNotAuthorized&quot;,&quot;contentType&quot;:&quot;application/json&quot;,&quot;tags&quot;:{},&quot;communicationMode&quot;:&quot;REQUEST_RESPONSE&quot;},{&quot;action&quot;:&quot;greetingMessage&quot;,&quot;contentType&quot;:&quot;application/json&quot;,&quot;tags&quot;:{},&quot;communicationMode&quot;:&quot;REQUEST_RESPONSE&quot;},{&quot;action&quot;:&quot;failingRequest&quot;,&quot;contentType&quot;:&quot;application/json&quot;,&quot;tags&quot;:{},&quot;communicationMode&quot;:&quot;REQUEST_RESPONSE&quot;},{&quot;action&quot;:&quot;exceptionRequest&quot;,&quot;contentType&quot;:&quot;application/json&quot;,&quot;tags&quot;:{},&quot;communicationMode&quot;:&quot;REQUEST_RESPONSE&quot;}]},{&quot;namespace&quot;:&quot;io.scalecube.services.CoarseGrainedService&quot;,&quot;contentType&quot;:&quot;application/json&quot;,&quot;tags&quot;:{},&quot;methods&quot;:[{&quot;action&quot;:&quot;callGreeting&quot;,&quot;contentType&quot;:&quot;application/json&quot;,&quot;tags&quot;:{},&quot;communicationMode&quot;:&quot;REQUEST_RESPONSE&quot;},{&quot;action&quot;:&quot;callGreetingTimeout&quot;,&quot;contentType&quot;:&quot;application/json&quot;,&quot;tags&quot;:{},&quot;communicationMode&quot;:&quot;REQUEST_RESPONSE&quot;},{&quot;action&quot;:&quot;callGreetingWithDispatcher&quot;,&quot;contentType&quot;:&quot;application/json&quot;,&quot;tags&quot;:{},&quot;communicationMode&quot;:&quot;REQUEST_RESPONSE&quot;}]}]}=service}, but local member is C99CD986F310FE782AF5@172.17.0.2:4809{{&quot;id&quot;:&quot;5135C9ABC304586A6113&quot;,&quot;host&quot;:&quot;172.17.0.2&quot;,&quot;port&quot;:35514,&quot;tags&quot;:{},&quot;serviceRegistrations&quot;:[{&quot;namespace&quot;:&quot;io.scalecube.services.GreetingService&quot;,&quot;contentType&quot;:&quot;application/json&quot;,&quot;tags&quot;:{},&quot;methods&quot;:[{&quot;action&quot;:&quot;greeting&quot;,&quot;contentType&quot;:&quot;application/json&quot;,&quot;tags&quot;:{},&quot;communicationMode&quot;:&quot;REQUEST_RESPONSE&quot;},{&quot;action&quot;:&quot;greetingNoParams&quot;,&quot;contentType&quot;:&quot;application/json&quot;,&quot;tags&quot;:{},&quot;communicationMode&quot;:&quot;REQUEST_RESPONSE&quot;},{&quot;action&quot;:&quot;greetingVoid&quot;,&quot;contentType&quot;:&quot;application/json&quot;,&quot;tags&quot;:{},&quot;communicationMode&quot;:&quot;REQUEST_RESPONSE&quot;},{&quot;action&quot;:&quot;failingVoid&quot;,&quot;contentType&quot;:&quot;application/json&quot;,&quot;tags&quot;:{},&quot;communicationMode&quot;:&quot;REQUEST_RESPONSE&quot;},{&quot;action&quot;:&quot;throwingVoid&quot;,&quot;contentType&quot;:&quot;application/json&quot;,&quot;tags&quot;:{},&quot;communicationMode&quot;:&quot;REQUEST_RESPONSE&quot;},{&quot;action&quot;:&quot;greetingRequest&quot;,&quot;contentType&quot;:&quot;application/json&quot;,&quot;tags&quot;:{},&quot;communicationMode&quot;:&quot;REQUEST_RESPONSE&quot;},{&quot;action&quot;:&quot;greetingRequestTimeout&quot;,&quot;contentType&quot;:&quot;application/json&quot;,&quot;tags&quot;:{},&quot;communicationMode&quot;:&quot;REQUEST_RESPONSE&quot;},{&quot;action&quot;:&quot;notifyGreeting&quot;,&quot;contentType&quot;:&quot;application/json&quot;,&quot;tags&quot;:{},&quot;communicationMode&quot;:&quot;FIRE_AND_FORGET&quot;},{&quot;action&quot;:&quot;greetingPojo&quot;,&quot;contentType&quot;:&quot;application/json&quot;,&quot;tags&quot;:{},&quot;communicationMode&quot;:&quot;REQUEST_RESPONSE&quot;},{&quot;action&quot;:&quot;greetingNotAuthorized&quot;,&quot;contentType&quot;:&quot;application/json&quot;,&quot;tags&quot;:{},&quot;communicationMode&quot;:&quot;REQUEST_RESPONSE&quot;},{&quot;action&quot;:&quot;greetingMessage&quot;,&quot;contentType&quot;:&quot;application/json&quot;,&quot;tags&quot;:{},&quot;communicationMode&quot;:&quot;REQUEST_RESPONSE&quot;},{&quot;action&quot;:&quot;failingRequest&quot;,&quot;contentType&quot;:&quot;application/json&quot;,&quot;tags&quot;:{},&quot;communicationMode&quot;:&quot;REQUEST_RESPONSE&quot;},{&quot;action&quot;:&quot;exceptionRequest&quot;,&quot;contentType&quot;:&quot;application/json&quot;,&quot;tags&quot;:{},&quot;communicationMode&quot;:&quot;REQUEST_RESPONSE&quot;}]}]}=service} [sc-fdetector-4809]
I 0530-1108:08,285 i.s.c.ClusterImpl Cluster member 841133EE2F9B4087CAF1@172.17.0.2:4801 is shutting down... [main]
W 0530-1108:10,254 i.s.c.f.FailureDetectorImpl Received Ping to 27F5D17B1BC5CCA6E81C@172.17.0.2:4809{{&quot;id&quot;:&quot;0C664B36A5C4DDBE6BF5&quot;,&quot;host&quot;:&quot;172.17.0.2&quot;,&quot;port&quot;:36012,&quot;tags&quot;:{},&quot;serviceRegistrations&quot;:[{&quot;namespace&quot;:&quot;io.scalecube.services.GreetingService&quot;,&quot;contentType&quot;:&quot;application/json&quot;,&quot;tags&quot;:{},&quot;methods&quot;:[{&quot;action&quot;:&quot;greeting&quot;,&quot;contentType&quot;:&quot;application/json&quot;,&quot;tags&quot;:{},&quot;communicationMode&quot;:&quot;REQUEST_RESPONSE&quot;},{&quot;action&quot;:&quot;greetingNoParams&quot;,&quot;contentType&quot;:&quot;application/json&quot;,&quot;tags&quot;:{},&quot;communicationMode&quot;:&quot;REQUEST_RESPONSE&quot;},{&quot;action&quot;:&quot;greetingVoid&quot;,&quot;contentType&quot;:&quot;application/json&quot;,&quot;tags&quot;:{},&quot;communicationMode&quot;:&quot;REQUEST_RESPONSE&quot;},{&quot;action&quot;:&quot;failingVoid&quot;,&quot;contentType&quot;:&quot;application/json&quot;,&quot;tags&quot;:{},&quot;communicationMode&quot;:&quot;REQUEST_RESPONSE&quot;},{&quot;action&quot;:&quot;throwingVoid&quot;,&quot;contentType&quot;:&quot;application/json&quot;,&quot;tags&quot;:{},&quot;communicationMode&quot;:&quot;REQUEST_RESPONSE&quot;},{&quot;action&quot;:&quot;greetingRequest&quot;,&quot;contentType&quot;:&quot;application/json&quot;,&quot;tags&quot;:{},&quot;communicationMode&quot;:&quot;REQUEST_RESPONSE&quot;},{&quot;action&quot;:&quot;greetingRequestTimeout&quot;,&quot;contentType&quot;:&quot;application/json&quot;,&quot;tags&quot;:{},&quot;communicationMode&quot;:&quot;REQUEST_RESPONSE&quot;},{&quot;action&quot;:&quot;notifyGreeting&quot;,&quot;contentType&quot;:&quot;application/json&quot;,&quot;tags&quot;:{},&quot;communicationMode&quot;:&quot;FIRE_AND_FORGET&quot;},{&quot;action&quot;:&quot;greetingPojo&quot;,&quot;contentType&quot;:&quot;application/json&quot;,&quot;tags&quot;:{},&quot;communicationMode&quot;:&quot;REQUEST_RESPONSE&quot;},{&quot;action&quot;:&quot;greetingNotAuthorized&quot;,&quot;contentType&quot;:&quot;application/json&quot;,&quot;tags&quot;:{},&quot;communicationMode&quot;:&quot;REQUEST_RESPONSE&quot;},{&quot;action&quot;:&quot;greetingMessage&quot;,&quot;contentType&quot;:&quot;application/json&quot;,&quot;tags&quot;:{},&quot;communicationMode&quot;:&quot;REQUEST_RESPONSE&quot;},{&quot;action&quot;:&quot;failingRequest&quot;,&quot;contentType&quot;:&quot;application/json&quot;,&quot;tags&quot;:{},&quot;communicationMode&quot;:&quot;REQUEST_RESPONSE&quot;},{&quot;action&quot;:&quot;exceptionRequest&quot;,&quot;contentType&quot;:&quot;application/json&quot;,&quot;tags&quot;:{},&quot;communicationMode&quot;:&quot;REQUEST_RESPONSE&quot;}]},{&quot;namespace&quot;:&quot;io.scalecube.services.CoarseGrainedService&quot;,&quot;contentType&quot;:&quot;application/json&quot;,&quot;tags&quot;:{},&quot;methods&quot;:[{&quot;action&quot;:&quot;callGreeting&quot;,&quot;contentType&quot;:&quot;application/json&quot;,&quot;tags&quot;:{},&quot;communicationMode&quot;:&quot;REQUEST_RESPONSE&quot;},{&quot;action&quot;:&quot;callGreetingTimeout&quot;,&quot;contentType&quot;:&quot;application/json&quot;,&quot;tags&quot;:{},&quot;communicationMode&quot;:&quot;REQUEST_RESPONSE&quot;},{&quot;action&quot;:&quot;callGreetingWithDispatcher&quot;,&quot;contentType&quot;:&quot;application/json&quot;,&quot;tags&quot;:{},&quot;communicationMode&quot;:&quot;REQUEST_RESPONSE&quot;}]}]}=service}, but local member is C99CD986F310FE782AF5@172.17.0.2:4809{{&quot;id&quot;:&quot;5135C9ABC304586A6113&quot;,&quot;host&quot;:&quot;172.17.0.2&quot;,&quot;port&quot;:35514,&quot;tags&quot;:{},&quot;serviceRegistrations&quot;:[{&quot;namespace&quot;:&quot;io.scalecube.services.GreetingService&quot;,&quot;contentType&quot;:&quot;application/json&quot;,&quot;tags&quot;:{},&quot;methods&quot;:[{&quot;action&quot;:&quot;greeting&quot;,&quot;contentType&quot;:&quot;application/json&quot;,&quot;tags&quot;:{},&quot;communicationMode&quot;:&quot;REQUEST_RESPONSE&quot;},{&quot;action&quot;:&quot;greetingNoParams&quot;,&quot;contentType&quot;:&quot;application/json&quot;,&quot;tags&quot;:{},&quot;communicationMode&quot;:&quot;REQUEST_RESPONSE&quot;},{&quot;action&quot;:&quot;greetingVoid&quot;,&quot;contentType&quot;:&quot;application/json&quot;,&quot;tags&quot;:{},&quot;communicationMode&quot;:&quot;REQUEST_RESPONSE&quot;},{&quot;action&quot;:&quot;failingVoid&quot;,&quot;contentType&quot;:&quot;application/json&quot;,&quot;tags&quot;:{},&quot;communicationMode&quot;:&quot;REQUEST_RESPONSE&quot;},{&quot;action&quot;:&quot;throwingVoid&quot;,&quot;contentType&quot;:&quot;application/json&quot;,&quot;tags&quot;:{},&quot;communicationMode&quot;:&quot;REQUEST_RESPONSE&quot;},{&quot;action&quot;:&quot;greetingRequest&quot;,&quot;contentType&quot;:&quot;application/json&quot;,&quot;tags&quot;:{},&quot;communicationMode&quot;:&quot;REQUEST_RESPONSE&quot;},{&quot;action&quot;:&quot;greetingRequestTimeout&quot;,&quot;contentType&quot;:&quot;application/json&quot;,&quot;tags&quot;:{},&quot;communicationMode&quot;:&quot;REQUEST_RESPONSE&quot;},{&quot;action&quot;:&quot;notifyGreeting&quot;,&quot;contentType&quot;:&quot;application/json&quot;,&quot;tags&quot;:{},&quot;communicationMode&quot;:&quot;FIRE_AND_FORGET&quot;},{&quot;action&quot;:&quot;greetingPojo&quot;,&quot;contentType&quot;:&quot;application/json&quot;,&quot;tags&quot;:{},&quot;communicationMode&quot;:&quot;REQUEST_RESPONSE&quot;},{&quot;action&quot;:&quot;greetingNotAuthorized&quot;,&quot;contentType&quot;:&quot;application/json&quot;,&quot;tags&quot;:{},&quot;communicationMode&quot;:&quot;REQUEST_RESPONSE&quot;},{&quot;action&quot;:&quot;greetingMessage&quot;,&quot;contentType&quot;:&quot;application/json&quot;,&quot;tags&quot;:{},&quot;communicationMode&quot;:&quot;REQUEST_RESPONSE&quot;},{&quot;action&quot;:&quot;failingRequest&quot;,&quot;contentType&quot;:&quot;application/json&quot;,&quot;tags&quot;:{},&quot;communicationMode&quot;:&quot;REQUEST_RESPONSE&quot;},{&quot;action&quot;:&quot;exceptionRequest&quot;,&quot;contentType&quot;:&quot;application/json&quot;,&quot;tags&quot;:{},&quot;communicationMode&quot;:&quot;REQUEST_RESPONSE&quot;}]}]}=service} [sc-fdetector-4809]
W 0530-1108:10,754 i.s.c.f.FailureDetectorImpl Received Ping to 27F5D17B1BC5CCA6E81C@172.17.0.2:4809{{&quot;id&quot;:&quot;0C664B36A5C4DDBE6BF5&quot;,&quot;host&quot;:&quot;172.17.0.2&quot;,&quot;port&quot;:36012,&quot;tags&quot;:{},&quot;serviceRegistrations&quot;:[{&quot;namespace&quot;:&quot;io.scalecube.services.GreetingService&quot;,&quot;contentType&quot;:&quot;application/json&quot;,&quot;tags&quot;:{},&quot;methods&quot;:[{&quot;action&quot;:&quot;greeting&quot;,&quot;contentType&quot;:&quot;application/json&quot;,&quot;tags&quot;:{},&quot;communicationMode&quot;:&quot;REQUEST_RESPONSE&quot;},{&quot;action&quot;:&quot;greetingNoParams&quot;,&quot;contentType&quot;:&quot;application/json&quot;,&quot;tags&quot;:{},&quot;communicationMode&quot;:&quot;REQUEST_RESPONSE&quot;},{&quot;action&quot;:&quot;greetingVoid&quot;,&quot;contentType&quot;:&quot;application/json&quot;,&quot;tags&quot;:{},&quot;communicationMode&quot;:&quot;REQUEST_RESPONSE&quot;},{&quot;action&quot;:&quot;failingVoid&quot;,&quot;contentType&quot;:&quot;application/json&quot;,&quot;tags&quot;:{},&quot;communicationMode&quot;:&quot;REQUEST_RESPONSE&quot;},{&quot;action&quot;:&quot;throwingVoid&quot;,&quot;contentType&quot;:&quot;application/json&quot;,&quot;tags&quot;:{},&quot;communicationMode&quot;:&quot;REQUEST_RESPONSE&quot;},{&quot;action&quot;:&quot;greetingRequest&quot;,&quot;contentType&quot;:&quot;application/json&quot;,&quot;tags&quot;:{},&quot;communicationMode&quot;:&quot;REQUEST_RESPONSE&quot;},{&quot;action&quot;:&quot;greetingRequestTimeout&quot;,&quot;contentType&quot;:&quot;application/json&quot;,&quot;tags&quot;:{},&quot;communicationMode&quot;:&quot;REQUEST_RESPONSE&quot;},{&quot;action&quot;:&quot;notifyGreeting&quot;,&quot;contentType&quot;:&quot;application/json&quot;,&quot;tags&quot;:{},&quot;communicationMode&quot;:&quot;FIRE_AND_FORGET&quot;},{&quot;action&quot;:&quot;greetingPojo&quot;,&quot;contentType&quot;:&quot;application/json&quot;,&quot;tags&quot;:{},&quot;communicationMode&quot;:&quot;REQUEST_RESPONSE&quot;},{&quot;action&quot;:&quot;greetingNotAuthorized&quot;,&quot;contentType&quot;:&quot;application/json&quot;,&quot;tags&quot;:{},&quot;communicationMode&quot;:&quot;REQUEST_RESPONSE&quot;},{&quot;action&quot;:&quot;greetingMessage&quot;,&quot;contentType&quot;:&quot;application/json&quot;,&quot;tags&quot;:{},&quot;communicationMode&quot;:&quot;REQUEST_RESPONSE&quot;},{&quot;action&quot;:&quot;failingRequest&quot;,&quot;contentType&quot;:&quot;application/json&quot;,&quot;tags&quot;:{},&quot;communicationMode&quot;:&quot;REQUEST_RESPONSE&quot;},{&quot;action&quot;:&quot;exceptionRequest&quot;,&quot;contentType&quot;:&quot;application/json&quot;,&quot;tags&quot;:{},&quot;communicationMode&quot;:&quot;REQUEST_RESPONSE&quot;}]},{&quot;namespace&quot;:&quot;io.scalecube.services.CoarseGrainedService&quot;,&quot;contentType&quot;:&quot;application/json&quot;,&quot;tags&quot;:{},&quot;methods&quot;:[{&quot;action&quot;:&quot;callGreeting&quot;,&quot;contentType&quot;:&quot;application/json&quot;,&quot;tags&quot;:{},&quot;communicationMode&quot;:&quot;REQUEST_RESPONSE&quot;},{&quot;action&quot;:&quot;callGreetingTimeout&quot;,&quot;contentType&quot;:&quot;application/json&quot;,&quot;tags&quot;:{},&quot;communicationMode&quot;:&quot;REQUEST_RESPONSE&quot;},{&quot;action&quot;:&quot;callGreetingWithDispatcher&quot;,&quot;contentType&quot;:&quot;application/json&quot;,&quot;tags&quot;:{},&quot;communicationMode&quot;:&quot;REQUEST_RESPONSE&quot;}]}]}=service}, but local member is C99CD986F310FE782AF5@172.17.0.2:4809{{&quot;id&quot;:&quot;5135C9ABC304586A6113&quot;,&quot;host&quot;:&quot;172.17.0.2&quot;,&quot;port&quot;:35514,&quot;tags&quot;:{},&quot;serviceRegistrations&quot;:[{&quot;namespace&quot;:&quot;io.scalecube.services.GreetingService&quot;,&quot;contentType&quot;:&quot;application/json&quot;,&quot;tags&quot;:{},&quot;methods&quot;:[{&quot;action&quot;:&quot;greeting&quot;,&quot;contentType&quot;:&quot;application/json&quot;,&quot;tags&quot;:{},&quot;communicationMode&quot;:&quot;REQUEST_RESPONSE&quot;},{&quot;action&quot;:&quot;greetingNoParams&quot;,&quot;contentType&quot;:&quot;application/json&quot;,&quot;tags&quot;:{},&quot;communicationMode&quot;:&quot;REQUEST_RESPONSE&quot;},{&quot;action&quot;:&quot;greetingVoid&quot;,&quot;contentType&quot;:&quot;application/json&quot;,&quot;tags&quot;:{},&quot;communicationMode&quot;:&quot;REQUEST_RESPONSE&quot;},{&quot;action&quot;:&quot;failingVoid&quot;,&quot;contentType&quot;:&quot;application/json&quot;,&quot;tags&quot;:{},&quot;communicationMode&quot;:&quot;REQUEST_RESPONSE&quot;},{&quot;action&quot;:&quot;throwingVoid&quot;,&quot;contentType&quot;:&quot;application/json&quot;,&quot;tags&quot;:{},&quot;communicationMode&quot;:&quot;REQUEST_RESPONSE&quot;},{&quot;action&quot;:&quot;greetingRequest&quot;,&quot;contentType&quot;:&quot;application/json&quot;,&quot;tags&quot;:{},&quot;communicationMode&quot;:&quot;REQUEST_RESPONSE&quot;},{&quot;action&quot;:&quot;greetingRequestTimeout&quot;,&quot;contentType&quot;:&quot;application/json&quot;,&quot;tags&quot;:{},&quot;communicationMode&quot;:&quot;REQUEST_RESPONSE&quot;},{&quot;action&quot;:&quot;notifyGreeting&quot;,&quot;contentType&quot;:&quot;application/json&quot;,&quot;tags&quot;:{},&quot;communicationMode&quot;:&quot;FIRE_AND_FORGET&quot;},{&quot;action&quot;:&quot;greetingPojo&quot;,&quot;contentType&quot;:&quot;application/json&quot;,&quot;tags&quot;:{},&quot;communicationMode&quot;:&quot;REQUEST_RESPONSE&quot;},{&quot;action&quot;:&quot;greetingNotAuthorized&quot;,&quot;contentType&quot;:&quot;application/json&quot;,&quot;tags&quot;:{},&quot;communicationMode&quot;:&quot;REQUEST_RESPONSE&quot;},{&quot;action&quot;:&quot;greetingMessage&quot;,&quot;contentType&quot;:&quot;application/json&quot;,&quot;tags&quot;:{},&quot;communicationMode&quot;:&quot;REQUEST_RESPONSE&quot;},{&quot;action&quot;:&quot;failingRequest&quot;,&quot;contentType&quot;:&quot;application/json&quot;,&quot;tags&quot;:{},&quot;communicationMode&quot;:&quot;REQUEST_RESPONSE&quot;},{&quot;action&quot;:&quot;exceptionRequest&quot;,&quot;contentType&quot;:&quot;application/json&quot;,&quot;tags&quot;:{},&quot;communicationMode&quot;:&quot;REQUEST_RESPONSE&quot;}]}]}=service} [sc-fdetector-4809]
W 0530-1108:10,755 i.s.c.f.FailureDetectorImpl Received Ping to 27F5D17B1BC5CCA6E81C@172.17.0.2:4809{{&quot;id&quot;:&quot;0C664B36A5C4DDBE6BF5&quot;,&quot;host&quot;:&quot;172.17.0.2&quot;,&quot;port&quot;:36012,&quot;tags&quot;:{},&quot;serviceRegistrations&quot;:[{&quot;namespace&quot;:&quot;io.scalecube.services.GreetingService&quot;,&quot;contentType&quot;:&quot;application/json&quot;,&quot;tags&quot;:{},&quot;methods&quot;:[{&quot;action&quot;:&quot;greeting&quot;,&quot;contentType&quot;:&quot;application/json&quot;,&quot;tags&quot;:{},&quot;communicationMode&quot;:&quot;REQUEST_RESPONSE&quot;},{&quot;action&quot;:&quot;greetingNoParams&quot;,&quot;contentType&quot;:&quot;application/json&quot;,&quot;tags&quot;:{},&quot;communicationMode&quot;:&quot;REQUEST_RESPONSE&quot;},{&quot;action&quot;:&quot;greetingVoid&quot;,&quot;contentType&quot;:&quot;application/json&quot;,&quot;tags&quot;:{},&quot;communicationMode&quot;:&quot;REQUEST_RESPONSE&quot;},{&quot;action&quot;:&quot;failingVoid&quot;,&quot;contentType&quot;:&quot;application/json&quot;,&quot;tags&quot;:{},&quot;communicationMode&quot;:&quot;REQUEST_RESPONSE&quot;},{&quot;action&quot;:&quot;throwingVoid&quot;,&quot;contentType&quot;:&quot;application/json&quot;,&quot;tags&quot;:{},&quot;communicationMode&quot;:&quot;REQUEST_RESPONSE&quot;},{&quot;action&quot;:&quot;greetingRequest&quot;,&quot;contentType&quot;:&quot;application/json&quot;,&quot;tags&quot;:{},&quot;communicationMode&quot;:&quot;REQUEST_RESPONSE&quot;},{&quot;action&quot;:&quot;greetingRequestTimeout&quot;,&quot;contentType&quot;:&quot;application/json&quot;,&quot;tags&quot;:{},&quot;communicationMode&quot;:&quot;REQUEST_RESPONSE&quot;},{&quot;action&quot;:&quot;notifyGreeting&quot;,&quot;contentType&quot;:&quot;application/json&quot;,&quot;tags&quot;:{},&quot;communicationMode&quot;:&quot;FIRE_AND_FORGET&quot;},{&quot;action&quot;:&quot;greetingPojo&quot;,&quot;contentType&quot;:&quot;application/json&quot;,&quot;tags&quot;:{},&quot;communicationMode&quot;:&quot;REQUEST_RESPONSE&quot;},{&quot;action&quot;:&quot;greetingNotAuthorized&quot;,&quot;contentType&quot;:&quot;application/json&quot;,&quot;tags&quot;:{},&quot;communicationMode&quot;:&quot;REQUEST_RESPONSE&quot;},{&quot;action&quot;:&quot;greetingMessage&quot;,&quot;contentType&quot;:&quot;application/json&quot;,&quot;tags&quot;:{},&quot;communicationMode&quot;:&quot;REQUEST_RESPONSE&quot;},{&quot;action&quot;:&quot;failingRequest&quot;,&quot;contentType&quot;:&quot;application/json&quot;,&quot;tags&quot;:{},&quot;communicationMode&quot;:&quot;REQUEST_RESPONSE&quot;},{&quot;action&quot;:&quot;exceptionRequest&quot;,&quot;contentType&quot;:&quot;application/json&quot;,&quot;tags&quot;:{},&quot;communicationMode&quot;:&quot;REQUEST_RESPONSE&quot;}]},{&quot;namespace&quot;:&quot;io.scalecube.services.CoarseGrainedService&quot;,&quot;contentType&quot;:&quot;application/json&quot;,&quot;tags&quot;:{},&quot;methods&quot;:[{&quot;action&quot;:&quot;callGreeting&quot;,&quot;contentType&quot;:&quot;application/json&quot;,&quot;tags&quot;:{},&quot;communicationMode&quot;:&quot;REQUEST_RESPONSE&quot;},{&quot;action&quot;:&quot;callGreetingTimeout&quot;,&quot;contentType&quot;:&quot;application/json&quot;,&quot;tags&quot;:{},&quot;communicationMode&quot;:&quot;REQUEST_RESPONSE&quot;},{&quot;action&quot;:&quot;callGreetingWithDispatcher&quot;,&quot;contentType&quot;:&quot;application/json&quot;,&quot;tags&quot;:{},&quot;communicationMode&quot;:&quot;REQUEST_RESPONSE&quot;}]}]}=service}, but local member is C99CD986F310FE782AF5@172.17.0.2:4809{{&quot;id&quot;:&quot;5135C9ABC304586A6113&quot;,&quot;host&quot;:&quot;172.17.0.2&quot;,&quot;port&quot;:35514,&quot;tags&quot;:{},&quot;serviceRegistrations&quot;:[{&quot;namespace&quot;:&quot;io.scalecube.services.GreetingService&quot;,&quot;contentType&quot;:&quot;application/json&quot;,&quot;tags&quot;:{},&quot;methods&quot;:[{&quot;action&quot;:&quot;greeting&quot;,&quot;contentType&quot;:&quot;application/json&quot;,&quot;tags&quot;:{},&quot;communicationMode&quot;:&quot;REQUEST_RESPONSE&quot;},{&quot;action&quot;:&quot;greetingNoParams&quot;,&quot;contentType&quot;:&quot;application/json&quot;,&quot;tags&quot;:{},&quot;communicationMode&quot;:&quot;REQUEST_RESPONSE&quot;},{&quot;action&quot;:&quot;greetingVoid&quot;,&quot;contentType&quot;:&quot;application/json&quot;,&quot;tags&quot;:{},&quot;communicationMode&quot;:&quot;REQUEST_RESPONSE&quot;},{&quot;action&quot;:&quot;failingVoid&quot;,&quot;contentType&quot;:&quot;application/json&quot;,&quot;tags&quot;:{},&quot;communicationMode&quot;:&quot;REQUEST_RESPONSE&quot;},{&quot;action&quot;:&quot;throwingVoid&quot;,&quot;contentType&quot;:&quot;application/json&quot;,&quot;tags&quot;:{},&quot;communicationMode&quot;:&quot;REQUEST_RESPONSE&quot;},{&quot;action&quot;:&quot;greetingRequest&quot;,&quot;contentType&quot;:&quot;application/json&quot;,&quot;tags&quot;:{},&quot;communicationMode&quot;:&quot;REQUEST_RESPONSE&quot;},{&quot;action&quot;:&quot;greetingRequestTimeout&quot;,&quot;contentType&quot;:&quot;application/json&quot;,&quot;tags&quot;:{},&quot;communicationMode&quot;:&quot;REQUEST_RESPONSE&quot;},{&quot;action&quot;:&quot;notifyGreeting&quot;,&quot;contentType&quot;:&quot;application/json&quot;,&quot;tags&quot;:{},&quot;communicationMode&quot;:&quot;FIRE_AND_FORGET&quot;},{&quot;action&quot;:&quot;greetingPojo&quot;,&quot;contentType&quot;:&quot;application/json&quot;,&quot;tags&quot;:{},&quot;communicationMode&quot;:&quot;REQUEST_RESPONSE&quot;},{&quot;action&quot;:&quot;greetingNotAuthorized&quot;,&quot;contentType&quot;:&quot;application/json&quot;,&quot;tags&quot;:{},&quot;communicationMode&quot;:&quot;REQUEST_RESPONSE&quot;},{&quot;action&quot;:&quot;greetingMessage&quot;,&quot;contentType&quot;:&quot;application/json&quot;,&quot;tags&quot;:{},&quot;communicationMode&quot;:&quot;REQUEST_RESPONSE&quot;},{&quot;action&quot;:&quot;failingRequest&quot;,&quot;contentType&quot;:&quot;application/json&quot;,&quot;tags&quot;:{},&quot;communicationMode&quot;:&quot;REQUEST_RESPONSE&quot;},{&quot;action&quot;:&quot;exceptionRequest&quot;,&quot;contentType&quot;:&quot;application/json&quot;,&quot;tags&quot;:{},&quot;communicationMode&quot;:&quot;REQUEST_RESPONSE&quot;}]}]}=service} [sc-fdetector-4809]
I 0530-1108:11,089 i.s.s.d.ServiceDiscovery Service Reference was ADDED since new Member has joined the cluster 7C291E0F256595AEE0DF@172.17.0.2:4804{{&quot;id&quot;:&quot;639B598C23C79D2EF726&quot;,&quot;host&quot;:&quot;172.17.0.2&quot;,&quot;port&quot;:37572,&quot;tags&quot;:{},&quot;serviceRegistrations&quot;:[{&quot;namespace&quot;:&quot;io.scalecube.services.GreetingService&quot;,&quot;contentType&quot;:&quot;application/json&quot;,&quot;tags&quot;:{},&quot;methods&quot;:[{&quot;action&quot;:&quot;greeting&quot;,&quot;contentType&quot;:&quot;application/json&quot;,&quot;tags&quot;:{},&quot;communicationMode&quot;:&quot;REQUEST_RESPONSE&quot;},{&quot;action&quot;:&quot;greetingNoParams&quot;,&quot;contentType&quot;:&quot;application/json&quot;,&quot;tags&quot;:{},&quot;communicationMode&quot;:&quot;REQUEST_RESPONSE&quot;},{&quot;action&quot;:&quot;greetingVoid&quot;,&quot;contentType&quot;:&quot;application/json&quot;,&quot;tags&quot;:{},&quot;communicationMode&quot;:&quot;REQUEST_RESPONSE&quot;},{&quot;action&quot;:&quot;failingVoid&quot;,&quot;contentType&quot;:&quot;application/json&quot;,&quot;tags&quot;:{},&quot;communicationMode&quot;:&quot;REQUEST_RESPONSE&quot;},{&quot;action&quot;:&quot;throwingVoid&quot;,&quot;contentType&quot;:&quot;application/json&quot;,&quot;tags&quot;:{},&quot;communicationMode&quot;:&quot;REQUEST_RESPONSE&quot;},{&quot;action&quot;:&quot;greetingRequest&quot;,&quot;contentType&quot;:&quot;application/json&quot;,&quot;tags&quot;:{},&quot;communicationMode&quot;:&quot;REQUEST_RESPONSE&quot;},{&quot;action&quot;:&quot;greetingRequestTimeout&quot;,&quot;contentType&quot;:&quot;application/json&quot;,&quot;tags&quot;:{},&quot;communicationMode&quot;:&quot;REQUEST_RESPONSE&quot;},{&quot;action&quot;:&quot;notifyGreeting&quot;,&quot;contentType&quot;:&quot;application/json&quot;,&quot;tags&quot;:{},&quot;communicationMode&quot;:&quot;FIRE_AND_FORGET&quot;},{&quot;action&quot;:&quot;greetingPojo&quot;,&quot;contentType&quot;:&quot;application/json&quot;,&quot;tags&quot;:{},&quot;communicationMode&quot;:&quot;REQUEST_RESPONSE&quot;},{&quot;action&quot;:&quot;greetingNotAuthorized&quot;,&quot;contentType&quot;:&quot;application/json&quot;,&quot;tags&quot;:{},&quot;communicationMode&quot;:&quot;REQUEST_RESPONSE&quot;},{&quot;action&quot;:&quot;greetingMessage&quot;,&quot;contentType&quot;:&quot;application/json&quot;,&quot;tags&quot;:{},&quot;communicationMode&quot;:&quot;REQUEST_RESPONSE&quot;},{&quot;action&quot;:&quot;failingRequest&quot;,&quot;contentType&quot;:&quot;application/json&quot;,&quot;tags&quot;:{},&quot;communicationMode&quot;:&quot;REQUEST_RESPONSE&quot;},{&quot;action&quot;:&quot;exceptionRequest&quot;,&quot;contentType&quot;:&quot;application/json&quot;,&quot;tags&quot;:{},&quot;communicationMode&quot;:&quot;REQUEST_RESPONSE&quot;}]},{&quot;namespace&quot;:&quot;io.scalecube.services.CoarseGrainedService&quot;,&quot;contentType&quot;:&quot;application/json&quot;,&quot;tags&quot;:{},&quot;methods&quot;:[{&quot;action&quot;:&quot;callGreeting&quot;,&quot;contentType&quot;:&quot;application/json&quot;,&quot;tags&quot;:{},&quot;communicationMode&quot;:&quot;REQUEST_RESPONSE&quot;},{&quot;action&quot;:&quot;callGreetingTimeout&quot;,&quot;contentType&quot;:&quot;application/json&quot;,&quot;tags&quot;:{},&quot;communicationMode&quot;:&quot;REQUEST_RESPONSE&quot;},{&quot;action&quot;:&quot;callGreetingWithDispatcher&quot;,&quot;contentType&quot;:&quot;application/json&quot;,&quot;tags&quot;:{},&quot;communicationMode&quot;:&quot;REQUEST_RESPONSE&quot;}]}]}=service} : ServiceEndpoint{id=&apos;639B598C23C79D2EF726&apos;, host=&apos;172.17.0.2&apos;, port=37572, tags={}, serviceRegistrations=[ServiceRegistration{namespace=&apos;io.scalecube.services.GreetingService&apos;, contentType=&apos;application/json&apos;, tags={}, methods=[ServiceMethodDefinition{action=&apos;greeting&apos;, contentType=&apos;application/json&apos;, tags={}}, ServiceMethodDefinition{action=&apos;greetingNoParams&apos;, contentType=&apos;application/json&apos;, tags={}}, ServiceMethodDefinition{action=&apos;greetingVoid&apos;, contentType=&apos;application/json&apos;, tags={}}, ServiceMethodDefinition{action=&apos;failingVoid&apos;, contentType=&apos;application/json&apos;, tags={}}, ServiceMethodDefinition{action=&apos;throwingVoid&apos;, contentType=&apos;application/json&apos;, tags={}}, ServiceMethodDefinition{action=&apos;greetingRequest&apos;, contentType=&apos;application/json&apos;, tags={}}, ServiceMethodDefinition{action=&apos;greetingRequestTimeout&apos;, contentType=&apos;application/json&apos;, tags={}}, ServiceMethodDefinition{action=&apos;notifyGreeting&apos;, contentType=&apos;application/json&apos;, tags={}}, ServiceMethodDefinition{action=&apos;greetingPojo&apos;, contentType=&apos;application/json&apos;, tags={}}, ServiceMethodDefinition{action=&apos;greetingNotAuthorized&apos;, contentType=&apos;application/json&apos;, tags={}}, ServiceMethodDefinition{action=&apos;greetingMessage&apos;, contentType=&apos;application/json&apos;, tags={}}, ServiceMethodDefinition{action=&apos;failingRequest&apos;, contentType=&apos;application/json&apos;, tags={}}, ServiceMethodDefinition{action=&apos;exceptionRequest&apos;, contentType=&apos;application/json&apos;, tags={}}]}, ServiceRegistration{namespace=&apos;io.scalecube.services.CoarseGrainedService&apos;, contentType=&apos;application/json&apos;, tags={}, methods=[ServiceMethodDefinition{action=&apos;callGreeting&apos;, contentType=&apos;application/json&apos;, tags={}}, ServiceMethodDefinition{action=&apos;callGreetingTimeout&apos;, contentType=&apos;application/json&apos;, tags={}}, ServiceMethodDefinition{action=&apos;callGreetingWithDispatcher&apos;, contentType=&apos;application/json&apos;, tags={}}]}]} [sc-membership-4801]
I 0530-1108:11,091 i.s.s.d.ServiceDiscovery Service Reference was ADDED since new Member has joined the cluster C99CD986F310FE782AF5@172.17.0.2:4809{{&quot;id&quot;:&quot;5135C9ABC304586A6113&quot;,&quot;host&quot;:&quot;172.17.0.2&quot;,&quot;port&quot;:35514,&quot;tags&quot;:{},&quot;serviceRegistrations&quot;:[{&quot;namespace&quot;:&quot;io.scalecube.services.GreetingService&quot;,&quot;contentType&quot;:&quot;application/json&quot;,&quot;tags&quot;:{},&quot;methods&quot;:[{&quot;action&quot;:&quot;greeting&quot;,&quot;contentType&quot;:&quot;application/json&quot;,&quot;tags&quot;:{},&quot;communicationMode&quot;:&quot;REQUEST_RESPONSE&quot;},{&quot;action&quot;:&quot;greetingNoParams&quot;,&quot;contentType&quot;:&quot;application/json&quot;,&quot;tags&quot;:{},&quot;communicationMode&quot;:&quot;REQUEST_RESPONSE&quot;},{&quot;action&quot;:&quot;greetingVoid&quot;,&quot;contentType&quot;:&quot;application/json&quot;,&quot;tags&quot;:{},&quot;communicationMode&quot;:&quot;REQUEST_RESPONSE&quot;},{&quot;action&quot;:&quot;failingVoid&quot;,&quot;contentType&quot;:&quot;application/json&quot;,&quot;tags&quot;:{},&quot;communicationMode&quot;:&quot;REQUEST_RESPONSE&quot;},{&quot;action&quot;:&quot;throwingVoid&quot;,&quot;contentType&quot;:&quot;application/json&quot;,&quot;tags&quot;:{},&quot;communicationMode&quot;:&quot;REQUEST_RESPONSE&quot;},{&quot;action&quot;:&quot;greetingRequest&quot;,&quot;contentType&quot;:&quot;application/json&quot;,&quot;tags&quot;:{},&quot;communicationMode&quot;:&quot;REQUEST_RESPONSE&quot;},{&quot;action&quot;:&quot;greetingRequestTimeout&quot;,&quot;contentType&quot;:&quot;application/json&quot;,&quot;tags&quot;:{},&quot;communicationMode&quot;:&quot;REQUEST_RESPONSE&quot;},{&quot;action&quot;:&quot;notifyGreeting&quot;,&quot;contentType&quot;:&quot;application/json&quot;,&quot;tags&quot;:{},&quot;communicationMode&quot;:&quot;FIRE_AND_FORGET&quot;},{&quot;action&quot;:&quot;greetingPojo&quot;,&quot;contentType&quot;:&quot;application/json&quot;,&quot;tags&quot;:{},&quot;communicationMode&quot;:&quot;REQUEST_RESPONSE&quot;},{&quot;action&quot;:&quot;greetingNotAuthorized&quot;,&quot;contentType&quot;:&quot;application/json&quot;,&quot;tags&quot;:{},&quot;communicationMode&quot;:&quot;REQUEST_RESPONSE&quot;},{&quot;action&quot;:&quot;greetingMessage&quot;,&quot;contentType&quot;:&quot;application/json&quot;,&quot;tags&quot;:{},&quot;communicationMode&quot;:&quot;REQUEST_RESPONSE&quot;},{&quot;action&quot;:&quot;failingRequest&quot;,&quot;contentType&quot;:&quot;application/json&quot;,&quot;tags&quot;:{},&quot;communicationMode&quot;:&quot;REQUEST_RESPONSE&quot;},{&quot;action&quot;:&quot;exceptionRequest&quot;,&quot;contentType&quot;:&quot;application/json&quot;,&quot;tags&quot;:{},&quot;communicationMode&quot;:&quot;REQUEST_RESPONSE&quot;}]}]}=service} : ServiceEndpoint{id=&apos;5135C9ABC304586A6113&apos;, host=&apos;172.17.0.2&apos;, port=35514, tags={}, serviceRegistrations=[ServiceRegistration{namespace=&apos;io.scalecube.services.GreetingService&apos;, contentType=&apos;application/json&apos;, tags={}, methods=[ServiceMethodDefinition{action=&apos;greeting&apos;, contentType=&apos;application/json&apos;, tags={}}, ServiceMethodDefinition{action=&apos;greetingNoParams&apos;, contentType=&apos;application/json&apos;, tags={}}, ServiceMethodDefinition{action=&apos;greetingVoid&apos;, contentType=&apos;application/json&apos;, tags={}}, ServiceMethodDefinition{action=&apos;failingVoid&apos;, contentType=&apos;application/json&apos;, tags={}}, ServiceMethodDefinition{action=&apos;throwingVoid&apos;, contentType=&apos;application/json&apos;, tags={}}, ServiceMethodDefinition{action=&apos;greetingRequest&apos;, contentType=&apos;application/json&apos;, tags={}}, ServiceMethodDefinition{action=&apos;greetingRequestTimeout&apos;, contentType=&apos;application/json&apos;, tags={}}, ServiceMethodDefinition{action=&apos;notifyGreeting&apos;, contentType=&apos;application/json&apos;, tags={}}, ServiceMethodDefinition{action=&apos;greetingPojo&apos;, contentType=&apos;application/json&apos;, tags={}}, ServiceMethodDefinition{action=&apos;greetingNotAuthorized&apos;, contentType=&apos;application/json&apos;, tags={}}, ServiceMethodDefinition{action=&apos;greetingMessage&apos;, contentType=&apos;application/json&apos;, tags={}}, ServiceMethodDefinition{action=&apos;failingRequest&apos;, contentType=&apos;application/json&apos;, tags={}}, ServiceMethodDefinition{action=&apos;exceptionRequest&apos;, contentType=&apos;application/json&apos;, tags={}}]}]} [sc-membership-4804]
W 0530-1108:11,254 i.s.c.f.FailureDetectorImpl Received Ping to 27F5D17B1BC5CCA6E81C@172.17.0.2:4809{{&quot;id&quot;:&quot;0C664B36A5C4DDBE6BF5&quot;,&quot;host&quot;:&quot;172.17.0.2&quot;,&quot;port&quot;:36012,&quot;tags&quot;:{},&quot;serviceRegistrations&quot;:[{&quot;namespace&quot;:&quot;io.scalecube.services.GreetingService&quot;,&quot;contentType&quot;:&quot;application/json&quot;,&quot;tags&quot;:{},&quot;methods&quot;:[{&quot;action&quot;:&quot;greeting&quot;,&quot;contentType&quot;:&quot;application/json&quot;,&quot;tags&quot;:{},&quot;communicationMode&quot;:&quot;REQUEST_RESPONSE&quot;},{&quot;action&quot;:&quot;greetingNoParams&quot;,&quot;contentType&quot;:&quot;application/json&quot;,&quot;tags&quot;:{},&quot;communicationMode&quot;:&quot;REQUEST_RESPONSE&quot;},{&quot;action&quot;:&quot;greetingVoid&quot;,&quot;contentType&quot;:&quot;application/json&quot;,&quot;tags&quot;:{},&quot;communicationMode&quot;:&quot;REQUEST_RESPONSE&quot;},{&quot;action&quot;:&quot;failingVoid&quot;,&quot;contentType&quot;:&quot;application/json&quot;,&quot;tags&quot;:{},&quot;communicationMode&quot;:&quot;REQUEST_RESPONSE&quot;},{&quot;action&quot;:&quot;throwingVoid&quot;,&quot;contentType&quot;:&quot;application/json&quot;,&quot;tags&quot;:{},&quot;communicationMode&quot;:&quot;REQUEST_RESPONSE&quot;},{&quot;action&quot;:&quot;greetingRequest&quot;,&quot;contentType&quot;:&quot;application/json&quot;,&quot;tags&quot;:{},&quot;communicationMode&quot;:&quot;REQUEST_RESPONSE&quot;},{&quot;action&quot;:&quot;greetingRequestTimeout&quot;,&quot;contentType&quot;:&quot;application/json&quot;,&quot;tags&quot;:{},&quot;communicationMode&quot;:&quot;REQUEST_RESPONSE&quot;},{&quot;action&quot;:&quot;notifyGreeting&quot;,&quot;contentType&quot;:&quot;application/json&quot;,&quot;tags&quot;:{},&quot;communicationMode&quot;:&quot;FIRE_AND_FORGET&quot;},{&quot;action&quot;:&quot;greetingPojo&quot;,&quot;contentType&quot;:&quot;application/json&quot;,&quot;tags&quot;:{},&quot;communicationMode&quot;:&quot;REQUEST_RESPONSE&quot;},{&quot;action&quot;:&quot;greetingNotAuthorized&quot;,&quot;contentType&quot;:&quot;application/json&quot;,&quot;tags&quot;:{},&quot;communicationMode&quot;:&quot;REQUEST_RESPONSE&quot;},{&quot;action&quot;:&quot;greetingMessage&quot;,&quot;contentType&quot;:&quot;application/json&quot;,&quot;tags&quot;:{},&quot;communicationMode&quot;:&quot;REQUEST_RESPONSE&quot;},{&quot;action&quot;:&quot;failingRequest&quot;,&quot;contentType&quot;:&quot;application/json&quot;,&quot;tags&quot;:{},&quot;communicationMode&quot;:&quot;REQUEST_RESPONSE&quot;},{&quot;action&quot;:&quot;exceptionRequest&quot;,&quot;contentType&quot;:&quot;application/json&quot;,&quot;tags&quot;:{},&quot;communicationMode&quot;:&quot;REQUEST_RESPONSE&quot;}]},{&quot;namespace&quot;:&quot;io.scalecube.services.CoarseGrainedService&quot;,&quot;contentType&quot;:&quot;application/json&quot;,&quot;tags&quot;:{},&quot;methods&quot;:[{&quot;action&quot;:&quot;callGreeting&quot;,&quot;contentType&quot;:&quot;application/json&quot;,&quot;tags&quot;:{},&quot;communicationMode&quot;:&quot;REQUEST_RESPONSE&quot;},{&quot;action&quot;:&quot;callGreetingTimeout&quot;,&quot;contentType&quot;:&quot;application/json&quot;,&quot;tags&quot;:{},&quot;communicationMode&quot;:&quot;REQUEST_RESPONSE&quot;},{&quot;action&quot;:&quot;callGreetingWithDispatcher&quot;,&quot;contentType&quot;:&quot;application/json&quot;,&quot;tags&quot;:{},&quot;communicationMode&quot;:&quot;REQUEST_RESPONSE&quot;}]}]}=service}, but local member is C99CD986F310FE782AF5@172.17.0.2:4809{{&quot;id&quot;:&quot;5135C9ABC304586A6113&quot;,&quot;host&quot;:&quot;172.17.0.2&quot;,&quot;port&quot;:35514,&quot;tags&quot;:{},&quot;serviceRegistrations&quot;:[{&quot;namespace&quot;:&quot;io.scalecube.services.GreetingService&quot;,&quot;contentType&quot;:&quot;application/json&quot;,&quot;tags&quot;:{},&quot;methods&quot;:[{&quot;action&quot;:&quot;greeting&quot;,&quot;contentType&quot;:&quot;application/json&quot;,&quot;tags&quot;:{},&quot;communicationMode&quot;:&quot;REQUEST_RESPONSE&quot;},{&quot;action&quot;:&quot;greetingNoParams&quot;,&quot;contentType&quot;:&quot;application/json&quot;,&quot;tags&quot;:{},&quot;communicationMode&quot;:&quot;REQUEST_RESPONSE&quot;},{&quot;action&quot;:&quot;greetingVoid&quot;,&quot;contentType&quot;:&quot;application/json&quot;,&quot;tags&quot;:{},&quot;communicationMode&quot;:&quot;REQUEST_RESPONSE&quot;},{&quot;action&quot;:&quot;failingVoid&quot;,&quot;contentType&quot;:&quot;application/json&quot;,&quot;tags&quot;:{},&quot;communicationMode&quot;:&quot;REQUEST_RESPONSE&quot;},{&quot;action&quot;:&quot;throwingVoid&quot;,&quot;contentType&quot;:&quot;application/json&quot;,&quot;tags&quot;:{},&quot;communicationMode&quot;:&quot;REQUEST_RESPONSE&quot;},{&quot;action&quot;:&quot;greetingRequest&quot;,&quot;contentType&quot;:&quot;application/json&quot;,&quot;tags&quot;:{},&quot;communicationMode&quot;:&quot;REQUEST_RESPONSE&quot;},{&quot;action&quot;:&quot;greetingRequestTimeout&quot;,&quot;contentType&quot;:&quot;application/json&quot;,&quot;tags&quot;:{},&quot;communicationMode&quot;:&quot;REQUEST_RESPONSE&quot;},{&quot;action&quot;:&quot;notifyGreeting&quot;,&quot;contentType&quot;:&quot;application/json&quot;,&quot;tags&quot;:{},&quot;communicationMode&quot;:&quot;FIRE_AND_FORGET&quot;},{&quot;action&quot;:&quot;greetingPojo&quot;,&quot;contentType&quot;:&quot;application/json&quot;,&quot;tags&quot;:{},&quot;communicationMode&quot;:&quot;REQUEST_RESPONSE&quot;},{&quot;action&quot;:&quot;greetingNotAuthorized&quot;,&quot;contentType&quot;:&quot;application/json&quot;,&quot;tags&quot;:{},&quot;communicationMode&quot;:&quot;REQUEST_RESPONSE&quot;},{&quot;action&quot;:&quot;greetingMessage&quot;,&quot;contentType&quot;:&quot;application/json&quot;,&quot;tags&quot;:{},&quot;communicationMode&quot;:&quot;REQUEST_RESPONSE&quot;},{&quot;action&quot;:&quot;failingRequest&quot;,&quot;contentType&quot;:&quot;application/json&quot;,&quot;tags&quot;:{},&quot;communicationMode&quot;:&quot;REQUEST_RESPONSE&quot;},{&quot;action&quot;:&quot;exceptionRequest&quot;,&quot;contentType&quot;:&quot;application/json&quot;,&quot;tags&quot;:{},&quot;communicationMode&quot;:&quot;REQUEST_RESPONSE&quot;}]}]}=service} [sc-fdetector-4809]
I 0530-1108:11,275 i.s.c.ClusterImpl Cluster member notified about his leaving and shutting down... 841133EE2F9B4087CAF1@172.17.0.2:4801 [sc-gossip-4801]
I 0530-1108:11,276 i.s.s.BaseTest ***** Test finished : ServiceCallTest.test_remote_void_greeting ***** [main]
I 0530-1108:11,276 i.s.s.d.ServiceDiscovery Service Reference was ADDED since new Member has joined the cluster 7C291E0F256595AEE0DF@172.17.0.2:4804{{&quot;id&quot;:&quot;639B598C23C79D2EF726&quot;,&quot;host&quot;:&quot;172.17.0.2&quot;,&quot;port&quot;:37572,&quot;tags&quot;:{},&quot;serviceRegistrations&quot;:[{&quot;namespace&quot;:&quot;io.scalecube.services.GreetingService&quot;,&quot;contentType&quot;:&quot;application/json&quot;,&quot;tags&quot;:{},&quot;methods&quot;:[{&quot;action&quot;:&quot;greeting&quot;,&quot;contentType&quot;:&quot;application/json&quot;,&quot;tags&quot;:{},&quot;communicationMode&quot;:&quot;REQUEST_RESPONSE&quot;},{&quot;action&quot;:&quot;greetingNoParams&quot;,&quot;contentType&quot;:&quot;application/json&quot;,&quot;tags&quot;:{},&quot;communicationMode&quot;:&quot;REQUEST_RESPONSE&quot;},{&quot;action&quot;:&quot;greetingVoid&quot;,&quot;contentType&quot;:&quot;application/json&quot;,&quot;tags&quot;:{},&quot;communicationMode&quot;:&quot;REQUEST_RESPONSE&quot;},{&quot;action&quot;:&quot;failingVoid&quot;,&quot;contentType&quot;:&quot;application/json&quot;,&quot;tags&quot;:{},&quot;communicationMode&quot;:&quot;REQUEST_RESPONSE&quot;},{&quot;action&quot;:&quot;throwingVoid&quot;,&quot;contentType&quot;:&quot;application/json&quot;,&quot;tags&quot;:{},&quot;communicationMode&quot;:&quot;REQUEST_RESPONSE&quot;},{&quot;action&quot;:&quot;greetingRequest&quot;,&quot;contentType&quot;:&quot;application/json&quot;,&quot;tags&quot;:{},&quot;communicationMode&quot;:&quot;REQUEST_RESPONSE&quot;},{&quot;action&quot;:&quot;greetingRequestTimeout&quot;,&quot;contentType&quot;:&quot;application/json&quot;,&quot;tags&quot;:{},&quot;communicationMode&quot;:&quot;REQUEST_RESPONSE&quot;},{&quot;action&quot;:&quot;notifyGreeting&quot;,&quot;contentType&quot;:&quot;application/json&quot;,&quot;tags&quot;:{},&quot;communicationMode&quot;:&quot;FIRE_AND_FORGET&quot;},{&quot;action&quot;:&quot;greetingPojo&quot;,&quot;contentType&quot;:&quot;application/json&quot;,&quot;tags&quot;:{},&quot;communicationMode&quot;:&quot;REQUEST_RESPONSE&quot;},{&quot;action&quot;:&quot;greetingNotAuthorized&quot;,&quot;contentType&quot;:&quot;application/json&quot;,&quot;tags&quot;:{},&quot;communicationMode&quot;:&quot;REQUEST_RESPONSE&quot;},{&quot;action&quot;:&quot;greetingMessage&quot;,&quot;contentType&quot;:&quot;application/json&quot;,&quot;tags&quot;:{},&quot;communicationMode&quot;:&quot;REQUEST_RESPONSE&quot;},{&quot;action&quot;:&quot;failingRequest&quot;,&quot;contentType&quot;:&quot;application/json&quot;,&quot;tags&quot;:{},&quot;communicationMode&quot;:&quot;REQUEST_RESPONSE&quot;},{&quot;action&quot;:&quot;exceptionRequest&quot;,&quot;contentType&quot;:&quot;application/json&quot;,&quot;tags&quot;:{},&quot;communicationMode&quot;:&quot;REQUEST_RESPONSE&quot;}]},{&quot;namespace&quot;:&quot;io.scalecube.services.CoarseGrainedService&quot;,&quot;contentType&quot;:&quot;application/json&quot;,&quot;tags&quot;:{},&quot;methods&quot;:[{&quot;action&quot;:&quot;callGreeting&quot;,&quot;contentType&quot;:&quot;application/json&quot;,&quot;tags&quot;:{},&quot;communicationMode&quot;:&quot;REQUEST_RESPONSE&quot;},{&quot;action&quot;:&quot;callGreetingTimeout&quot;,&quot;contentType&quot;:&quot;application/json&quot;,&quot;tags&quot;:{},&quot;communicationMode&quot;:&quot;REQUEST_RESPONSE&quot;},{&quot;action&quot;:&quot;callGreetingWithDispatcher&quot;,&quot;contentType&quot;:&quot;application/json&quot;,&quot;tags&quot;:{},&quot;communicationMode&quot;:&quot;REQUEST_RESPONSE&quot;}]}]}=service} : ServiceEndpoint{id=&apos;639B598C23C79D2EF726&apos;, host=&apos;172.17.0.2&apos;, port=37572, tags={}, serviceRegistrations=[ServiceRegistration{namespace=&apos;io.scalecube.services.GreetingService&apos;, contentType=&apos;application/json&apos;, tags={}, methods=[ServiceMethodDefinition{action=&apos;greeting&apos;, contentType=&apos;application/json&apos;, tags={}}, ServiceMethodDefinition{action=&apos;greetingNoParams&apos;, contentType=&apos;application/json&apos;, tags={}}, ServiceMethodDefinition{action=&apos;greetingVoid&apos;, contentType=&apos;application/json&apos;, tags={}}, ServiceMethodDefinition{action=&apos;failingVoid&apos;, contentType=&apos;application/json&apos;, tags={}}, ServiceMethodDefinition{action=&apos;throwingVoid&apos;, contentType=&apos;application/json&apos;, tags={}}, ServiceMethodDefinition{action=&apos;greetingRequest&apos;, contentType=&apos;application/json&apos;, tags={}}, ServiceMethodDefinition{action=&apos;greetingRequestTimeout&apos;, contentType=&apos;application/json&apos;, tags={}}, ServiceMethodDefinition{action=&apos;notifyGreeting&apos;, contentType=&apos;application/json&apos;, tags={}}, ServiceMethodDefinition{action=&apos;greetingPojo&apos;, contentType=&apos;application/json&apos;, tags={}}, ServiceMethodDefinition{action=&apos;greetingNotAuthorized&apos;, contentType=&apos;application/json&apos;, tags={}}, ServiceMethodDefinition{action=&apos;greetingMessage&apos;, contentType=&apos;application/json&apos;, tags={}}, ServiceMethodDefinition{action=&apos;failingRequest&apos;, contentType=&apos;application/json&apos;, tags={}}, ServiceMethodDefinition{action=&apos;exceptionRequest&apos;, contentType=&apos;application/json&apos;, tags={}}]}, ServiceRegistration{namespace=&apos;io.scalecube.services.CoarseGrainedService&apos;, contentType=&apos;application/json&apos;, tags={}, methods=[ServiceMethodDefinition{action=&apos;callGreeting&apos;, contentType=&apos;application/json&apos;, tags={}}, ServiceMethodDefinition{action=&apos;callGreetingTimeout&apos;, contentType=&apos;application/json&apos;, tags={}}, ServiceMethodDefinition{action=&apos;callGreetingWithDispatcher&apos;, contentType=&apos;application/json&apos;, tags={}}]}]} [sc-membership-4809]
</system-out>
  </testcase>
  <testcase classname="io.scalecube.services.ServiceCallTest" name="test_remote_async_greeting_return_string" time="6.412"/>
  <testcase classname="io.scalecube.services.ServiceCallTest" name="test_local_greeting_request_timeout_expires" time="7.015"/>
  <testcase classname="io.scalecube.services.ServiceCallTest" name="test_local_async_greeting_return_Message" time="3.611"/>
  <testcase classname="io.scalecube.services.ServiceCallTest" name="test_round_robin_selection_logic" time="9.017"/>
  <testcase classname="io.scalecube.services.ServiceCallTest" name="test_local_void_greeting" time="6.612"/>
  <testcase classname="io.scalecube.services.ServiceCallTest" name="test_dispatcher_local_greeting_request_completes_before_timeout" time="3.609"/>
  <testcase classname="io.scalecube.services.ServiceCallTest" name="test_async_greeting_return_string_service_not_found_error_case" time="7.214"/>
  <testcase classname="io.scalecube.services.ServiceCallTest" name="test_remote_async_greeting_return_Message" time="6.611"/>
  <testcase classname="io.scalecube.services.ServiceCallTest" name="test_remote_greeting_request_timeout_expires" time="8.615"/>
  <testcase classname="io.scalecube.services.ServiceCallTest" name="test_remote_fail_greeting" time="4.21"/>
  <testcase classname="io.scalecube.services.ServiceCallTest" name="test_remote_async_greeting_no_params" time="6.408"/>
  <testcase classname="io.scalecube.services.ServiceCallTest" name="test_remote_failing_void_greeting" time="8.422"/>
  <testcase classname="io.scalecube.services.ServiceCallTest" name="test_local_fail_greeting" time="1.81"/>
  <testcase classname="io.scalecube.services.ServiceCallTest" name="test_remote_async_greeting_return_GreetingResponse" time="8.906"/>
  <testcase classname="io.scalecube.services.ServiceCallTest" name="test_local_async_no_params" time="6.057"/>
  <testcase classname="io.scalecube.services.ServiceCallTest" name="test_dispatcher_remote_greeting_request_completes_before_timeout" time="4.827"/>
  <testcase classname="io.scalecube.services.ServiceCallTest" name="test_remote_throwing_void_greeting" time="8.491"/>
  <testcase classname="io.scalecube.services.ServiceCallTest" name="test_local_exception_greeting" time="1.821"/>
  <testcase classname="io.scalecube.services.ServiceCallTest" name="test_local_failng_void_greeting" time="8.071"/>
  <testcase classname="io.scalecube.services.ServiceCallTest" name="test_remote_exception_void" time="4.257"/>
  <testcase classname="io.scalecube.services.ServiceCallTest" name="test_local_async_greeting_return_GreetingResponse" time="3.65"/>
  <testcase classname="io.scalecube.services.ServiceCallTest" name="test_local_throwing_void_greeting" time="8.076"/>
</testsuite>