<?xml version="1.0" encoding="UTF-8" ?>
<testsuite tests="18" failures="0" name="io.scalecube.services.RemoteServiceTest" time="102.244" errors="1" skipped="0">
  <properties>
    <property name="java.runtime.name" value="OpenJDK Runtime Environment"/>
    <property name="sun.boot.library.path" value="/usr/lib/jvm/java-8-openjdk-amd64/jre/lib/amd64"/>
    <property name="java.vm.version" value="25.121-b13"/>
    <property name="java.vm.vendor" value="Oracle Corporation"/>
    <property name="maven.multiModuleProjectDirectory" value="/root/workspace/scalecube/scalecube-services/385584636"/>
    <property name="java.vendor.url" value="http://java.oracle.com/"/>
    <property name="path.separator" value=":"/>
    <property name="guice.disable.misplaced.annotation.check" value="true"/>
    <property name="skip.gulp" value="true"/>
    <property name="java.vm.name" value="OpenJDK 64-Bit Server VM"/>
    <property name="file.encoding.pkg" value="sun.io"/>
    <property name="sun.java.launcher" value="SUN_STANDARD"/>
    <property name="sun.os.patch.level" value="unknown"/>
    <property name="findbugs.skip" value="true"/>
    <property name="java.vm.specification.name" value="Java Virtual Machine Specification"/>
    <property name="user.dir" value="/root/workspace/scalecube/scalecube-services/385584636"/>
    <property name="checkstyle.skip" value="true"/>
    <property name="java.runtime.version" value="1.8.0_121-8u121-b13-1~bpo8+1-b13"/>
    <property name="java.awt.graphicsenv" value="sun.awt.X11GraphicsEnvironment"/>
    <property name="skip.npm" value="true"/>
    <property name="java.endorsed.dirs" value="/usr/lib/jvm/java-8-openjdk-amd64/jre/lib/endorsed"/>
    <property name="os.arch" value="amd64"/>
    <property name="java.io.tmpdir" value="/tmp"/>
    <property name="gpg.skip" value="true"/>
    <property name="line.separator" value="
"/>
    <property name="java.vm.specification.vendor" value="Oracle Corporation"/>
    <property name="cobertura.skip" value="true"/>
    <property name="os.name" value="Linux"/>
    <property name="classworlds.conf" value="/usr/share/maven/bin/m2.conf"/>
    <property name="sun.jnu.encoding" value="UTF-8"/>
    <property name="java.library.path" value="/usr/java/packages/lib/amd64:/usr/lib/x86_64-linux-gnu/jni:/lib/x86_64-linux-gnu:/usr/lib/x86_64-linux-gnu:/usr/lib/jni:/lib:/usr/lib"/>
    <property name="license.skip" value="true"/>
    <property name="java.specification.name" value="Java Platform API Specification"/>
    <property name="java.class.version" value="52.0"/>
    <property name="sun.management.compiler" value="HotSpot 64-Bit Tiered Compilers"/>
    <property name="skip.bower" value="true"/>
    <property name="maven.repo.local" value="/root/./workspace/scalecube/scalecube-services/385584636/.m2"/>
    <property name="os.version" value="3.10.0-862.3.2.el7.x86_64"/>
    <property name="user.home" value="/root"/>
    <property name="user.timezone" value="Europe/Paris"/>
    <property name="java.awt.printerjob" value="sun.print.PSPrinterJob"/>
    <property name="java.specification.version" value="1.8"/>
    <property name="file.encoding" value="UTF-8"/>
    <property name="user.name" value="root"/>
    <property name="java.class.path" value="/usr/share/maven/boot/plexus-classworlds-2.5.2.jar"/>
    <property name="skipITs" value="true"/>
    <property name="java.vm.specification.version" value="1.8"/>
    <property name="sun.arch.data.model" value="64"/>
    <property name="java.home" value="/usr/lib/jvm/java-8-openjdk-amd64/jre"/>
    <property name="sun.java.command" value="org.codehaus.plexus.classworlds.launcher.Launcher -B -D enforcer.skip=true -D dependency-check.skip=true -D skipITs=true -D cobertura.skip=true -D maven.repo.local=/root/./workspace/scalecube/scalecube-services/385584636/.m2 -D rat.skip=true -D findbugs.skip=true -D skip.bower=true -D gpg.skip=true -D checkstyle.skip=true -D skip.gulp=true -D license.skip=true -D skip.npm=true test"/>
    <property name="java.specification.vendor" value="Oracle Corporation"/>
    <property name="user.language" value="en"/>
    <property name="awt.toolkit" value="sun.awt.X11.XToolkit"/>
    <property name="dependency-check.skip" value="true"/>
    <property name="java.vm.info" value="mixed mode"/>
    <property name="java.version" value="1.8.0_121"/>
    <property name="java.ext.dirs" value="/usr/lib/jvm/java-8-openjdk-amd64/jre/lib/ext:/usr/java/packages/lib/ext"/>
    <property name="securerandom.source" value="file:/dev/./urandom"/>
    <property name="sun.boot.class.path" value="/usr/lib/jvm/java-8-openjdk-amd64/jre/lib/resources.jar:/usr/lib/jvm/java-8-openjdk-amd64/jre/lib/rt.jar:/usr/lib/jvm/java-8-openjdk-amd64/jre/lib/sunrsasign.jar:/usr/lib/jvm/java-8-openjdk-amd64/jre/lib/jsse.jar:/usr/lib/jvm/java-8-openjdk-amd64/jre/lib/jce.jar:/usr/lib/jvm/java-8-openjdk-amd64/jre/lib/charsets.jar:/usr/lib/jvm/java-8-openjdk-amd64/jre/lib/jfr.jar:/usr/lib/jvm/java-8-openjdk-amd64/jre/classes"/>
    <property name="java.vendor" value="Oracle Corporation"/>
    <property name="enforcer.skip" value="true"/>
    <property name="rat.skip" value="true"/>
    <property name="maven.home" value="/usr/share/maven"/>
    <property name="file.separator" value="/"/>
    <property name="java.vendor.url.bug" value="http://bugreport.sun.com/bugreport/"/>
    <property name="sun.cpu.endian" value="little"/>
    <property name="sun.io.unicode.encoding" value="UnicodeLittle"/>
    <property name="sun.cpu.isalist" value=""/>
  </properties>
  <testcase classname="io.scalecube.services.RemoteServiceTest" name="test_remote_serviceA_calls_serviceB_with_timeout" time="4.014"/>
  <testcase classname="io.scalecube.services.RemoteServiceTest" name="test_remote_void_greeting" time="6.036">
    <error message="Timeout on blocking read for 3000 MILLISECONDS" type="java.lang.IllegalStateException">java.lang.IllegalStateException: Timeout on blocking read for 3000 MILLISECONDS
	at reactor.core.publisher.BlockingSingleSubscriber.blockingGet(BlockingSingleSubscriber.java:117)
	at reactor.core.publisher.Mono.block(Mono.java:1199)
	at io.scalecube.services.RemoteServiceTest.test_remote_void_greeting(RemoteServiceTest.java:119)
	at sun.reflect.NativeMethodAccessorImpl.invoke0(Native Method)
	at sun.reflect.NativeMethodAccessorImpl.invoke(NativeMethodAccessorImpl.java:62)
	at sun.reflect.DelegatingMethodAccessorImpl.invoke(DelegatingMethodAccessorImpl.java:43)
	at java.lang.reflect.Method.invoke(Method.java:498)
	at org.junit.runners.model.FrameworkMethod$1.runReflectiveCall(FrameworkMethod.java:50)
	at org.junit.internal.runners.model.ReflectiveCallable.run(ReflectiveCallable.java:12)
	at org.junit.runners.model.FrameworkMethod.invokeExplosively(FrameworkMethod.java:47)
	at org.junit.internal.runners.statements.InvokeMethod.evaluate(InvokeMethod.java:17)
	at org.junit.internal.runners.statements.RunBefores.evaluate(RunBefores.java:26)
	at org.junit.internal.runners.statements.RunAfters.evaluate(RunAfters.java:27)
	at org.junit.rules.ExpectedException$ExpectedExceptionStatement.evaluate(ExpectedException.java:239)
	at org.junit.rules.TestWatcher$1.evaluate(TestWatcher.java:55)
	at org.junit.rules.RunRules.evaluate(RunRules.java:20)
	at org.junit.runners.ParentRunner.runLeaf(ParentRunner.java:325)
	at org.junit.runners.BlockJUnit4ClassRunner.runChild(BlockJUnit4ClassRunner.java:78)
	at org.junit.runners.BlockJUnit4ClassRunner.runChild(BlockJUnit4ClassRunner.java:57)
	at org.junit.runners.ParentRunner$3.run(ParentRunner.java:290)
	at org.junit.runners.ParentRunner$1.schedule(ParentRunner.java:71)
	at org.junit.runners.ParentRunner.runChildren(ParentRunner.java:288)
	at org.junit.runners.ParentRunner.access$000(ParentRunner.java:58)
	at org.junit.runners.ParentRunner$2.evaluate(ParentRunner.java:268)
	at org.junit.runners.ParentRunner.run(ParentRunner.java:363)
	at org.apache.maven.surefire.junit4.JUnit4Provider.execute(JUnit4Provider.java:252)
	at org.apache.maven.surefire.junit4.JUnit4Provider.executeTestSet(JUnit4Provider.java:141)
	at org.apache.maven.surefire.junit4.JUnit4Provider.invoke(JUnit4Provider.java:112)
	at sun.reflect.NativeMethodAccessorImpl.invoke0(Native Method)
	at sun.reflect.NativeMethodAccessorImpl.invoke(NativeMethodAccessorImpl.java:62)
	at sun.reflect.DelegatingMethodAccessorImpl.invoke(DelegatingMethodAccessorImpl.java:43)
	at java.lang.reflect.Method.invoke(Method.java:498)
	at org.apache.maven.surefire.util.ReflectionUtils.invokeMethodWithArray(ReflectionUtils.java:189)
	at org.apache.maven.surefire.booter.ProviderFactory$ProviderProxy.invoke(ProviderFactory.java:165)
	at org.apache.maven.surefire.booter.ProviderFactory.invokeProvider(ProviderFactory.java:85)
	at org.apache.maven.surefire.booter.ForkedBooter.runSuitesInProcess(ForkedBooter.java:115)
	at org.apache.maven.surefire.booter.ForkedBooter.main(ForkedBooter.java:75)
</error>
    <system-out>I 0530-1106:22,206 i.s.s.BaseTest ***** Test started  : RemoteServiceTest.test_remote_void_greeting ***** [main]
I 0530-1106:22,207 i.s.c.ClusterImpl Cluster member has shut down... F5675DFC115362FCBD8B@172.17.0.2:4802 [sc-gossip-4802]
I 0530-1106:22,227 i.s.t.TransportImpl Bound to: 172.17.0.2:4801 [sc-boss-84-1]
W 0530-1106:22,234 i.s.t.TransportImpl Can&apos;t bind to address 172.17.0.2:4801, try again on different port [cause=io.netty.channel.unix.Errors$NativeIoException: bind(..) failed: Address already in use] [sc-boss-86-1]
I 0530-1106:22,237 i.s.t.TransportImpl Bound to: 172.17.0.2:4802 [sc-boss-86-2]
I 0530-1106:22,242 i.s.s.d.ServiceDiscovery Service Reference was ADDED since new Member has joined the cluster B4A0EA98B044B0EDA5F7@172.17.0.2:4802{{&quot;id&quot;:&quot;60EBB815845750686069&quot;,&quot;host&quot;:&quot;172.17.0.2&quot;,&quot;port&quot;:36623,&quot;tags&quot;:{},&quot;serviceRegistrations&quot;:[{&quot;namespace&quot;:&quot;io.scalecube.services.GreetingService&quot;,&quot;contentType&quot;:&quot;application/json&quot;,&quot;tags&quot;:{},&quot;methods&quot;:[{&quot;action&quot;:&quot;greeting&quot;,&quot;contentType&quot;:&quot;application/json&quot;,&quot;tags&quot;:{},&quot;communicationMode&quot;:&quot;REQUEST_RESPONSE&quot;},{&quot;action&quot;:&quot;greetingNoParams&quot;,&quot;contentType&quot;:&quot;application/json&quot;,&quot;tags&quot;:{},&quot;communicationMode&quot;:&quot;REQUEST_RESPONSE&quot;},{&quot;action&quot;:&quot;greetingVoid&quot;,&quot;contentType&quot;:&quot;application/json&quot;,&quot;tags&quot;:{},&quot;communicationMode&quot;:&quot;REQUEST_RESPONSE&quot;},{&quot;action&quot;:&quot;failingVoid&quot;,&quot;contentType&quot;:&quot;application/json&quot;,&quot;tags&quot;:{},&quot;communicationMode&quot;:&quot;REQUEST_RESPONSE&quot;},{&quot;action&quot;:&quot;throwingVoid&quot;,&quot;contentType&quot;:&quot;application/json&quot;,&quot;tags&quot;:{},&quot;communicationMode&quot;:&quot;REQUEST_RESPONSE&quot;},{&quot;action&quot;:&quot;greetingRequest&quot;,&quot;contentType&quot;:&quot;application/json&quot;,&quot;tags&quot;:{},&quot;communicationMode&quot;:&quot;REQUEST_RESPONSE&quot;},{&quot;action&quot;:&quot;greetingRequestTimeout&quot;,&quot;contentType&quot;:&quot;application/json&quot;,&quot;tags&quot;:{},&quot;communicationMode&quot;:&quot;REQUEST_RESPONSE&quot;},{&quot;action&quot;:&quot;notifyGreeting&quot;,&quot;contentType&quot;:&quot;application/json&quot;,&quot;tags&quot;:{},&quot;communicationMode&quot;:&quot;FIRE_AND_FORGET&quot;},{&quot;action&quot;:&quot;greetingPojo&quot;,&quot;contentType&quot;:&quot;application/json&quot;,&quot;tags&quot;:{},&quot;communicationMode&quot;:&quot;REQUEST_RESPONSE&quot;},{&quot;action&quot;:&quot;greetingNotAuthorized&quot;,&quot;contentType&quot;:&quot;application/json&quot;,&quot;tags&quot;:{},&quot;communicationMode&quot;:&quot;REQUEST_RESPONSE&quot;},{&quot;action&quot;:&quot;greetingMessage&quot;,&quot;contentType&quot;:&quot;application/json&quot;,&quot;tags&quot;:{},&quot;communicationMode&quot;:&quot;REQUEST_RESPONSE&quot;},{&quot;action&quot;:&quot;failingRequest&quot;,&quot;contentType&quot;:&quot;application/json&quot;,&quot;tags&quot;:{},&quot;communicationMode&quot;:&quot;REQUEST_RESPONSE&quot;},{&quot;action&quot;:&quot;exceptionRequest&quot;,&quot;contentType&quot;:&quot;application/json&quot;,&quot;tags&quot;:{},&quot;communicationMode&quot;:&quot;REQUEST_RESPONSE&quot;}]}]}=service} : ServiceEndpoint{id=&apos;60EBB815845750686069&apos;, host=&apos;172.17.0.2&apos;, port=36623, tags={}, serviceRegistrations=[ServiceRegistration{namespace=&apos;io.scalecube.services.GreetingService&apos;, contentType=&apos;application/json&apos;, tags={}, methods=[ServiceMethodDefinition{action=&apos;greeting&apos;, contentType=&apos;application/json&apos;, tags={}}, ServiceMethodDefinition{action=&apos;greetingNoParams&apos;, contentType=&apos;application/json&apos;, tags={}}, ServiceMethodDefinition{action=&apos;greetingVoid&apos;, contentType=&apos;application/json&apos;, tags={}}, ServiceMethodDefinition{action=&apos;failingVoid&apos;, contentType=&apos;application/json&apos;, tags={}}, ServiceMethodDefinition{action=&apos;throwingVoid&apos;, contentType=&apos;application/json&apos;, tags={}}, ServiceMethodDefinition{action=&apos;greetingRequest&apos;, contentType=&apos;application/json&apos;, tags={}}, ServiceMethodDefinition{action=&apos;greetingRequestTimeout&apos;, contentType=&apos;application/json&apos;, tags={}}, ServiceMethodDefinition{action=&apos;notifyGreeting&apos;, contentType=&apos;application/json&apos;, tags={}}, ServiceMethodDefinition{action=&apos;greetingPojo&apos;, contentType=&apos;application/json&apos;, tags={}}, ServiceMethodDefinition{action=&apos;greetingNotAuthorized&apos;, contentType=&apos;application/json&apos;, tags={}}, ServiceMethodDefinition{action=&apos;greetingMessage&apos;, contentType=&apos;application/json&apos;, tags={}}, ServiceMethodDefinition{action=&apos;failingRequest&apos;, contentType=&apos;application/json&apos;, tags={}}, ServiceMethodDefinition{action=&apos;exceptionRequest&apos;, contentType=&apos;application/json&apos;, tags={}}]}]} [sc-membership-4801]
I 0530-1106:22,245 i.s.c.m.MembershipProtocolImpl Joined cluster &apos;default&apos;: [{m: B4A0EA98B044B0EDA5F7@172.17.0.2:4802{{&quot;id&quot;:&quot;60EBB815845750686069&quot;,&quot;host&quot;:&quot;172.17.0.2&quot;,&quot;port&quot;:36623,&quot;tags&quot;:{},&quot;serviceRegistrations&quot;:[{&quot;namespace&quot;:&quot;io.scalecube.services.GreetingService&quot;,&quot;contentType&quot;:&quot;application/json&quot;,&quot;tags&quot;:{},&quot;methods&quot;:[{&quot;action&quot;:&quot;greeting&quot;,&quot;contentType&quot;:&quot;application/json&quot;,&quot;tags&quot;:{},&quot;communicationMode&quot;:&quot;REQUEST_RESPONSE&quot;},{&quot;action&quot;:&quot;greetingNoParams&quot;,&quot;contentType&quot;:&quot;application/json&quot;,&quot;tags&quot;:{},&quot;communicationMode&quot;:&quot;REQUEST_RESPONSE&quot;},{&quot;action&quot;:&quot;greetingVoid&quot;,&quot;contentType&quot;:&quot;application/json&quot;,&quot;tags&quot;:{},&quot;communicationMode&quot;:&quot;REQUEST_RESPONSE&quot;},{&quot;action&quot;:&quot;failingVoid&quot;,&quot;contentType&quot;:&quot;application/json&quot;,&quot;tags&quot;:{},&quot;communicationMode&quot;:&quot;REQUEST_RESPONSE&quot;},{&quot;action&quot;:&quot;throwingVoid&quot;,&quot;contentType&quot;:&quot;application/json&quot;,&quot;tags&quot;:{},&quot;communicationMode&quot;:&quot;REQUEST_RESPONSE&quot;},{&quot;action&quot;:&quot;greetingRequest&quot;,&quot;contentType&quot;:&quot;application/json&quot;,&quot;tags&quot;:{},&quot;communicationMode&quot;:&quot;REQUEST_RESPONSE&quot;},{&quot;action&quot;:&quot;greetingRequestTimeout&quot;,&quot;contentType&quot;:&quot;application/json&quot;,&quot;tags&quot;:{},&quot;communicationMode&quot;:&quot;REQUEST_RESPONSE&quot;},{&quot;action&quot;:&quot;notifyGreeting&quot;,&quot;contentType&quot;:&quot;application/json&quot;,&quot;tags&quot;:{},&quot;communicationMode&quot;:&quot;FIRE_AND_FORGET&quot;},{&quot;action&quot;:&quot;greetingPojo&quot;,&quot;contentType&quot;:&quot;application/json&quot;,&quot;tags&quot;:{},&quot;communicationMode&quot;:&quot;REQUEST_RESPONSE&quot;},{&quot;action&quot;:&quot;greetingNotAuthorized&quot;,&quot;contentType&quot;:&quot;application/json&quot;,&quot;tags&quot;:{},&quot;communicationMode&quot;:&quot;REQUEST_RESPONSE&quot;},{&quot;action&quot;:&quot;greetingMessage&quot;,&quot;contentType&quot;:&quot;application/json&quot;,&quot;tags&quot;:{},&quot;communicationMode&quot;:&quot;REQUEST_RESPONSE&quot;},{&quot;action&quot;:&quot;failingRequest&quot;,&quot;contentType&quot;:&quot;application/json&quot;,&quot;tags&quot;:{},&quot;communicationMode&quot;:&quot;REQUEST_RESPONSE&quot;},{&quot;action&quot;:&quot;exceptionRequest&quot;,&quot;contentType&quot;:&quot;application/json&quot;,&quot;tags&quot;:{},&quot;communicationMode&quot;:&quot;REQUEST_RESPONSE&quot;}]}]}=service}, s: ALIVE, inc: 0}, {m: CCAA91840FA650B0117D@172.17.0.2:4801, s: ALIVE, inc: 0}] [sc-membership-4802]
[greetingVoid] Hello... i am a service an just recived a message:GreetingRequest{name=&apos;joe&apos;}
 hello to: joe
I 0530-1106:25,248 i.s.c.ClusterImpl Cluster member CCAA91840FA650B0117D@172.17.0.2:4801 is shutting down... [main]
I 0530-1106:28,235 i.s.c.ClusterImpl Cluster member notified about his leaving and shutting down... CCAA91840FA650B0117D@172.17.0.2:4801 [sc-gossip-4801]
I 0530-1106:28,236 i.s.s.BaseTest ***** Test finished : RemoteServiceTest.test_remote_void_greeting ***** [main]
I 0530-1106:28,239 i.s.c.ClusterImpl Cluster member has shut down... CCAA91840FA650B0117D@172.17.0.2:4801 [sc-gossip-4801]
</system-out>
  </testcase>
  <testcase classname="io.scalecube.services.RemoteServiceTest" name="test_remote_async_greeting_return_string" time="6.41"/>
  <testcase classname="io.scalecube.services.RemoteServiceTest" name="test_remote_greeting_return_GreetingResponse" time="6.412"/>
  <testcase classname="io.scalecube.services.RemoteServiceTest" name="test_remote_serviceA_calls_serviceB" time="3.008"/>
  <testcase classname="io.scalecube.services.RemoteServiceTest" name="test_remote_greeting_request_completes_before_timeout" time="5.812"/>
  <testcase classname="io.scalecube.services.RemoteServiceTest" name="test_remote_async_greeting_return_Message" time="7.816"/>
  <testcase classname="io.scalecube.services.RemoteServiceTest" name="test_remote_greeting_request_timeout_expires" time="1.808"/>
  <testcase classname="io.scalecube.services.RemoteServiceTest" name="test_remote_async_greeting_no_params" time="6.41"/>
  <testcase classname="io.scalecube.services.RemoteServiceTest" name="test_remote_failing_void_greeting" time="7.011"/>
  <testcase classname="io.scalecube.services.RemoteServiceTest" name="test_remote_greeting_no_params_fire_and_forget" time="6.411"/>
  <testcase classname="io.scalecube.services.RemoteServiceTest" name="test_remote_async_greeting_return_string_service_not_found_error_case" time="4.217"/>
  <testcase classname="io.scalecube.services.RemoteServiceTest" name="test_remote_serviceA_calls_serviceB_using_setter" time="3.009"/>
  <testcase classname="io.scalecube.services.RemoteServiceTest" name="test_remote_service_tags" time="8.817"/>
  <testcase classname="io.scalecube.services.RemoteServiceTest" name="test_services_contribute_to_cluster_metadata" time="1.81"/>
  <testcase classname="io.scalecube.services.RemoteServiceTest" name="test_remote_throwing_void_greeting" time="7.013"/>
  <testcase classname="io.scalecube.services.RemoteServiceTest" name="test_remote_round_robin_selection_logic" time="7.812"/>
  <testcase classname="io.scalecube.services.RemoteServiceTest" name="test_remote_serviceA_calls_serviceB_with_dispatcher" time="8.418"/>
</testsuite>