<?xml version="1.0" encoding="UTF-8"?>
<testsuite xmlns:xsi="http://www.w3.org/2001/XMLSchema-instance" xsi:schemaLocation="https://maven.apache.org/surefire/maven-surefire-plugin/xsd/surefire-test-report.xsd" name="com.rackspacecloud.blueflood.rollup.GranularityTest" time="0.066" tests="74" errors="0" skipped="0" failures="0">
  <properties>
    <property name="java.runtime.name" value="OpenJDK Runtime Environment"/>
    <property name="sun.boot.library.path" value="/usr/lib/jvm/java-8-openjdk-amd64/jre/lib/amd64"/>
    <property name="java.vm.version" value="25.121-b13"/>
    <property name="java.vm.vendor" value="Oracle Corporation"/>
    <property name="maven.multiModuleProjectDirectory" value="/root/workspace/rackerlabs/blueflood/387779742"/>
    <property name="java.vendor.url" value="http://java.oracle.com/"/>
    <property name="path.separator" value=":"/>
    <property name="guice.disable.misplaced.annotation.check" value="true"/>
    <property name="skip.gulp" value="true"/>
    <property name="java.vm.name" value="OpenJDK 64-Bit Server VM"/>
    <property name="file.encoding.pkg" value="sun.io"/>
    <property name="sun.java.launcher" value="SUN_STANDARD"/>
    <property name="sun.os.patch.level" value="unknown"/>
    <property name="findbugs.skip" value="true"/>
    <property name="java.vm.specification.name" value="Java Virtual Machine Specification"/>
    <property name="user.dir" value="/root/workspace/rackerlabs/blueflood/387779742"/>
    <property name="checkstyle.skip" value="true"/>
    <property name="java.runtime.version" value="1.8.0_121-8u121-b13-1~bpo8+1-b13"/>
    <property name="java.awt.graphicsenv" value="sun.awt.X11GraphicsEnvironment"/>
    <property name="skip.npm" value="true"/>
    <property name="java.endorsed.dirs" value="/usr/lib/jvm/java-8-openjdk-amd64/jre/lib/endorsed"/>
    <property name="os.arch" value="amd64"/>
    <property name="java.io.tmpdir" value="/tmp"/>
    <property name="gpg.skip" value="true"/>
    <property name="line.separator" value="&#10;"/>
    <property name="java.vm.specification.vendor" value="Oracle Corporation"/>
    <property name="cobertura.skip" value="true"/>
    <property name="os.name" value="Linux"/>
    <property name="classworlds.conf" value="/usr/share/maven/bin/m2.conf"/>
    <property name="sun.jnu.encoding" value="UTF-8"/>
    <property name="java.library.path" value="/usr/java/packages/lib/amd64:/usr/lib/x86_64-linux-gnu/jni:/lib/x86_64-linux-gnu:/usr/lib/x86_64-linux-gnu:/usr/lib/jni:/lib:/usr/lib"/>
    <property name="license.skip" value="true"/>
    <property name="java.specification.name" value="Java Platform API Specification"/>
    <property name="java.class.version" value="52.0"/>
    <property name="sun.management.compiler" value="HotSpot 64-Bit Tiered Compilers"/>
    <property name="skip.bower" value="true"/>
    <property name="maven.repo.local" value="/root/./workspace/rackerlabs/blueflood/387779742/.m2"/>
    <property name="os.version" value="3.10.0-862.3.2.el7.x86_64"/>
    <property name="user.home" value="/root"/>
    <property name="user.timezone" value="Europe/Paris"/>
    <property name="java.awt.printerjob" value="sun.print.PSPrinterJob"/>
    <property name="java.specification.version" value="1.8"/>
    <property name="file.encoding" value="UTF-8"/>
    <property name="user.name" value="root"/>
    <property name="java.class.path" value="/usr/share/maven/boot/plexus-classworlds-2.5.2.jar"/>
    <property name="skipITs" value="true"/>
    <property name="java.vm.specification.version" value="1.8"/>
    <property name="sun.arch.data.model" value="64"/>
    <property name="java.home" value="/usr/lib/jvm/java-8-openjdk-amd64/jre"/>
    <property name="sun.java.command" value="org.codehaus.plexus.classworlds.launcher.Launcher -B -D enforcer.skip=true -D dependency-check.skip=true -D skipITs=true -D cobertura.skip=true -D maven.repo.local=/root/./workspace/rackerlabs/blueflood/387779742/.m2 -D rat.skip=true -D findbugs.skip=true -D skip.bower=true -D gpg.skip=true -D checkstyle.skip=true -D skip.gulp=true -D license.skip=true -D skip.npm=true test"/>
    <property name="java.specification.vendor" value="Oracle Corporation"/>
    <property name="user.language" value="en"/>
    <property name="awt.toolkit" value="sun.awt.X11.XToolkit"/>
    <property name="dependency-check.skip" value="true"/>
    <property name="java.vm.info" value="mixed mode"/>
    <property name="java.version" value="1.8.0_121"/>
    <property name="java.ext.dirs" value="/usr/lib/jvm/java-8-openjdk-amd64/jre/lib/ext:/usr/java/packages/lib/ext"/>
    <property name="securerandom.source" value="file:/dev/./urandom"/>
    <property name="sun.boot.class.path" value="/usr/lib/jvm/java-8-openjdk-amd64/jre/lib/resources.jar:/usr/lib/jvm/java-8-openjdk-amd64/jre/lib/rt.jar:/usr/lib/jvm/java-8-openjdk-amd64/jre/lib/sunrsasign.jar:/usr/lib/jvm/java-8-openjdk-amd64/jre/lib/jsse.jar:/usr/lib/jvm/java-8-openjdk-amd64/jre/lib/jce.jar:/usr/lib/jvm/java-8-openjdk-amd64/jre/lib/charsets.jar:/usr/lib/jvm/java-8-openjdk-amd64/jre/lib/jfr.jar:/usr/lib/jvm/java-8-openjdk-amd64/jre/classes"/>
    <property name="java.vendor" value="Oracle Corporation"/>
    <property name="enforcer.skip" value="true"/>
    <property name="rat.skip" value="true"/>
    <property name="maven.home" value="/usr/share/maven"/>
    <property name="file.separator" value="/"/>
    <property name="java.vendor.url.bug" value="http://bugreport.sun.com/bugreport/"/>
    <property name="sun.cpu.endian" value="little"/>
    <property name="sun.io.unicode.encoding" value="UnicodeLittle"/>
    <property name="sun.cpu.isalist" value=""/>
  </properties>
  <testcase name="deriveRangeFiveMinuteLastSlot" classname="com.rackspacecloud.blueflood.rollup.GranularityTest" time="0"/>
  <testcase name="millisToSlotWithNegativeReturnsNegative" classname="com.rackspacecloud.blueflood.rollup.GranularityTest" time="0"/>
  <testcase name="fromStringNullReturnsNull" classname="com.rackspacecloud.blueflood.rollup.GranularityTest" time="0"/>
  <testcase name="deriveRangeTwentyMinuteSecondSlot" classname="com.rackspacecloud.blueflood.rollup.GranularityTest" time="0"/>
  <testcase name="testFromPointsInterval_ADayInterval" classname="com.rackspacecloud.blueflood.rollup.GranularityTest" time="0.001"/>
  <testcase name="testBadGranularityFromPointsInterval" classname="com.rackspacecloud.blueflood.rollup.GranularityTest" time="0"/>
  <testcase name="testTooFine" classname="com.rackspacecloud.blueflood.rollup.GranularityTest" time="0"/>
  <testcase name="slotFromFinerDoesNotWrap" classname="com.rackspacecloud.blueflood.rollup.GranularityTest" time="0"/>
  <testcase name="testRangesForInterval" classname="com.rackspacecloud.blueflood.rollup.GranularityTest" time="0.002"/>
  <testcase name="granFromPointsGeometricBoundaryBetween240And1440" classname="com.rackspacecloud.blueflood.rollup.GranularityTest" time="0.001"/>
  <testcase name="equalsWithDifferentValueReturnsFalse" classname="com.rackspacecloud.blueflood.rollup.GranularityTest" time="0"/>
  <testcase name="snapMillisOnFullReturnsSameValue" classname="com.rackspacecloud.blueflood.rollup.GranularityTest" time="0"/>
  <testcase name="equalsWithNonGranularityObjectReturnsFalse" classname="com.rackspacecloud.blueflood.rollup.GranularityTest" time="0"/>
  <testcase name="coarserReturnsCoarser" classname="com.rackspacecloud.blueflood.rollup.GranularityTest" time="0"/>
  <testcase name="isCoarserWithNullThrowsException" classname="com.rackspacecloud.blueflood.rollup.GranularityTest" time="0"/>
  <testcase name="slotReturnsTheSlotNumber" classname="com.rackspacecloud.blueflood.rollup.GranularityTest" time="0"/>
  <testcase name="testCommonPointRequests" classname="com.rackspacecloud.blueflood.rollup.GranularityTest" time="0.001"/>
  <testcase name="granFromPointsLinear10000PointsBoundaryBetween5And20" classname="com.rackspacecloud.blueflood.rollup.GranularityTest" time="0"/>
  <testcase name="deriveRangeTwentyMinuteFirstSlot" classname="com.rackspacecloud.blueflood.rollup.GranularityTest" time="0.001"/>
  <testcase name="testTooCoarse" classname="com.rackspacecloud.blueflood.rollup.GranularityTest" time="0"/>
  <testcase name="testFromPointsInInterval_1WeekInterval_OldAndNew" classname="com.rackspacecloud.blueflood.rollup.GranularityTest" time="0.001"/>
  <testcase name="granFromPointsLessThanEqual10000PointsBoundaryBetween5And20" classname="com.rackspacecloud.blueflood.rollup.GranularityTest" time="0.001"/>
  <testcase name="granFromPointsLessThanEqual1000PointsBoundaryBetween5And20" classname="com.rackspacecloud.blueflood.rollup.GranularityTest" time="0"/>
  <testcase name="equalsWithNullReturnsFalse" classname="com.rackspacecloud.blueflood.rollup.GranularityTest" time="0"/>
  <testcase name="fromStringFullShortName" classname="com.rackspacecloud.blueflood.rollup.GranularityTest" time="0"/>
  <testcase name="granFromPointsGeometricBoundaryBetween20And60" classname="com.rackspacecloud.blueflood.rollup.GranularityTest" time="0"/>
  <testcase name="fromString5m" classname="com.rackspacecloud.blueflood.rollup.GranularityTest" time="0.001"/>
  <testcase name="granFromPointsGeometricWithDefaultClockAndAllGranularitiesSkippedReturnsCoarsest" classname="com.rackspacecloud.blueflood.rollup.GranularityTest" time="0.001"/>
  <testcase name="coarserGranularitiesAreCoarserThanFinerOnes" classname="com.rackspacecloud.blueflood.rollup.GranularityTest" time="0"/>
  <testcase name="fromStringOtherReturnsNull" classname="com.rackspacecloud.blueflood.rollup.GranularityTest" time="0"/>
  <testcase name="granFromPointsInvalidAlgorithmDefaultsToGeometric" classname="com.rackspacecloud.blueflood.rollup.GranularityTest" time="0"/>
  <testcase name="granFromPointsLessThanEqualBoundaryBetween240And1440" classname="com.rackspacecloud.blueflood.rollup.GranularityTest" time="0"/>
  <testcase name="granFromPointsLessThanEqualWouldBeUpperBoundaryOf1440" classname="com.rackspacecloud.blueflood.rollup.GranularityTest" time="0"/>
  <testcase name="granFromPointsLinearBoundaryBetween60And240" classname="com.rackspacecloud.blueflood.rollup.GranularityTest" time="0"/>
  <testcase name="granFromPointsWithFromEqualToThrowsException" classname="com.rackspacecloud.blueflood.rollup.GranularityTest" time="0"/>
  <testcase name="testForCloseness" classname="com.rackspacecloud.blueflood.rollup.GranularityTest" time="0.002"/>
  <testcase name="finerReturnsFiner" classname="com.rackspacecloud.blueflood.rollup.GranularityTest" time="0"/>
  <testcase name="fromString240m" classname="com.rackspacecloud.blueflood.rollup.GranularityTest" time="0"/>
  <testcase name="fromStringFull" classname="com.rackspacecloud.blueflood.rollup.GranularityTest" time="0"/>
  <testcase name="fromString1440m" classname="com.rackspacecloud.blueflood.rollup.GranularityTest" time="0"/>
  <testcase name="slotFromFinerWithFullThrowsException" classname="com.rackspacecloud.blueflood.rollup.GranularityTest" time="0"/>
  <testcase name="snapMillisOnOtherReturnsSnappedValue" classname="com.rackspacecloud.blueflood.rollup.GranularityTest" time="0"/>
  <testcase name="slotFromFiner" classname="com.rackspacecloud.blueflood.rollup.GranularityTest" time="0"/>
  <testcase name="deriveRange240MinuteSecondSlot" classname="com.rackspacecloud.blueflood.rollup.GranularityTest" time="0"/>
  <testcase name="granFromPointsLinearBoundaryBetween240And1440" classname="com.rackspacecloud.blueflood.rollup.GranularityTest" time="0"/>
  <testcase name="deriveRangeFiveMinuteSecondSlot" classname="com.rackspacecloud.blueflood.rollup.GranularityTest" time="0"/>
  <testcase name="granFromPointsLinearBoundaryBetween20And60" classname="com.rackspacecloud.blueflood.rollup.GranularityTest" time="0"/>
  <testcase name="fromString20mShortName" classname="com.rackspacecloud.blueflood.rollup.GranularityTest" time="0"/>
  <testcase name="granFromPointsLinear100PointsBoundaryBetween5And20" classname="com.rackspacecloud.blueflood.rollup.GranularityTest" time="0"/>
  <testcase name="deriveRange1440MinuteSecondSlot" classname="com.rackspacecloud.blueflood.rollup.GranularityTest" time="0.001"/>
  <testcase name="granFromPointsLessThanEqualBoundaryBetween60And240" classname="com.rackspacecloud.blueflood.rollup.GranularityTest" time="0"/>
  <testcase name="granFromPointsLessThanEqual100PointsBoundaryBetween5And20" classname="com.rackspacecloud.blueflood.rollup.GranularityTest" time="0"/>
  <testcase name="fromString1440mShortName" classname="com.rackspacecloud.blueflood.rollup.GranularityTest" time="0"/>
  <testcase name="fromString240mShortName" classname="com.rackspacecloud.blueflood.rollup.GranularityTest" time="0"/>
  <testcase name="granFromPointsWithFromGreaterThanToThrowsException" classname="com.rackspacecloud.blueflood.rollup.GranularityTest" time="0"/>
  <testcase name="testGranularityEqualityAndFromString" classname="com.rackspacecloud.blueflood.rollup.GranularityTest" time="0"/>
  <testcase name="deriveRangeSixtyMinuteFirstSlot" classname="com.rackspacecloud.blueflood.rollup.GranularityTest" time="0"/>
  <testcase name="equalsWithSameValueReturnsTrue" classname="com.rackspacecloud.blueflood.rollup.GranularityTest" time="0"/>
  <testcase name="deriveRange240MinuteFirstSlot" classname="com.rackspacecloud.blueflood.rollup.GranularityTest" time="0"/>
  <testcase name="fromString60mShortName" classname="com.rackspacecloud.blueflood.rollup.GranularityTest" time="0"/>
  <testcase name="deriveRange1440MinuteFirstSlot" classname="com.rackspacecloud.blueflood.rollup.GranularityTest" time="0"/>
  <testcase name="testToBeforeFromInterval" classname="com.rackspacecloud.blueflood.rollup.GranularityTest" time="0"/>
  <testcase name="fromStringCaseSensitive" classname="com.rackspacecloud.blueflood.rollup.GranularityTest" time="0"/>
  <testcase name="granFromPointsGeometricBoundaryBetween60And240" classname="com.rackspacecloud.blueflood.rollup.GranularityTest" time="0"/>
  <testcase name="granFromPointsLinear1000PointsBoundaryBetween5And20" classname="com.rackspacecloud.blueflood.rollup.GranularityTest" time="0"/>
  <testcase name="testFromPointsInInterval_LessThanADayInterval" classname="com.rackspacecloud.blueflood.rollup.GranularityTest" time="0.001"/>
  <testcase name="granFromPointsGeometricBoundaryBetween5And20" classname="com.rackspacecloud.blueflood.rollup.GranularityTest" time="0.003"/>
  <testcase name="granFromPointsLessThanEqualBoundaryBetween20And60" classname="com.rackspacecloud.blueflood.rollup.GranularityTest" time="0"/>
  <testcase name="deriveRangeSixtyMinuteSecondSlot" classname="com.rackspacecloud.blueflood.rollup.GranularityTest" time="0"/>
  <testcase name="fromString20m" classname="com.rackspacecloud.blueflood.rollup.GranularityTest" time="0"/>
  <testcase name="fromString60m" classname="com.rackspacecloud.blueflood.rollup.GranularityTest" time="0.001"/>
  <testcase name="deriveRangeFiveMinuteFirstSlot" classname="com.rackspacecloud.blueflood.rollup.GranularityTest" time="0"/>
  <testcase name="millisToSlotReturnsNumberOfSlotForGivenTime" classname="com.rackspacecloud.blueflood.rollup.GranularityTest" time="0"/>
  <testcase name="fromString5mShortName" classname="com.rackspacecloud.blueflood.rollup.GranularityTest" time="0"/>
</testsuite>