<?xml version="1.0" encoding="UTF-8"?>
<!-- Generated by org.testng.reporters.JUnitReportReporter -->
<testsuite hostname="cyclone1" name="org.molgenis.i18n.format.LabelFormatFactoryTest" tests="3" failures="0" timestamp="30 May 2018 15:21:34 GMT" time="1.075" errors="0">
  <testcase name="testFormatLabeled" time="1.073" classname="org.molgenis.i18n.format.LabelFormatFactoryTest"/>
  <testcase name="testFormatNull" time="0.001" classname="org.molgenis.i18n.format.LabelFormatFactoryTest"/>
  <testcase name="testFormatString" time="0.001" classname="org.molgenis.i18n.format.LabelFormatFactoryTest"/>
</testsuite> <!-- org.molgenis.i18n.format.LabelFormatFactoryTest -->
