<?xml version="1.0" encoding="UTF-8"?>
<!-- Generated by org.testng.reporters.JUnitReportReporter -->
<testsuite hostname="cyclone1" name="org.molgenis.i18n.format.IdFormatFactoryTest" tests="3" failures="0" timestamp="29 May 2018 11:47:52 GMT" time="0.059" errors="0">
  <testcase name="testFormatNull" time="0.001" classname="org.molgenis.i18n.format.IdFormatFactoryTest"/>
  <testcase name="testFormatString" time="0.003" classname="org.molgenis.i18n.format.IdFormatFactoryTest"/>
  <testcase name="testFormatIdentifiable" time="0.055" classname="org.molgenis.i18n.format.IdFormatFactoryTest"/>
</testsuite> <!-- org.molgenis.i18n.format.IdFormatFactoryTest -->
