<?xml version="1.0" encoding="UTF-8"?>
<!-- Generated by org.testng.reporters.JUnitReportReporter -->
<testsuite hostname="cyclone1" name="org.molgenis.i18n.format.LabelFormatFactoryTest" tests="3" failures="0" timestamp="7 Jun 2018 14:45:58 GMT" time="0.873" errors="0">
  <testcase name="testFormatLabeled" time="0.864" classname="org.molgenis.i18n.format.LabelFormatFactoryTest"/>
  <testcase name="testFormatNull" time="0.002" classname="org.molgenis.i18n.format.LabelFormatFactoryTest"/>
  <testcase name="testFormatString" time="0.007" classname="org.molgenis.i18n.format.LabelFormatFactoryTest"/>
</testsuite> <!-- org.molgenis.i18n.format.LabelFormatFactoryTest -->
