<?xml version="1.0" encoding="UTF-8"?>
<!-- Generated by org.testng.reporters.JUnitReportReporter -->
<testsuite hostname="cyclone1" name="org.molgenis.i18n.I18nUtilsTest" tests="2" failures="0" timestamp="1 Jun 2018 11:32:38 GMT" time="0.024" errors="0">
  <testcase name="isI18n" time="0.001" classname="org.molgenis.i18n.I18nUtilsTest"/>
  <testcase name="getLanguageCode" time="0.023" classname="org.molgenis.i18n.I18nUtilsTest"/>
</testsuite> <!-- org.molgenis.i18n.I18nUtilsTest -->
