<?xml version="1.0" encoding="UTF-8"?>
<!-- Generated by org.testng.reporters.JUnitReportReporter -->
<testsuite hostname="cyclone1" name="org.molgenis.i18n.PropertiesMessageSourceTest" tests="1" failures="0" timestamp="30 May 2018 12:49:37 GMT" time="0.000" errors="0">
  <testcase name="testGetNamespace" time="0.000" classname="org.molgenis.i18n.PropertiesMessageSourceTest"/>
</testsuite> <!-- org.molgenis.i18n.PropertiesMessageSourceTest -->
