<?xml version="1.0" encoding="UTF-8"?>
<!-- Generated by org.testng.reporters.JUnitReportReporter -->
<testsuite hostname="cyclone1" name="org.molgenis.i18n.I18nUtilsTest" tests="2" failures="0" timestamp="29 May 2018 11:47:52 GMT" time="0.025" errors="0">
  <testcase name="isI18n" time="0.001" classname="org.molgenis.i18n.I18nUtilsTest"/>
  <testcase name="getLanguageCode" time="0.024" classname="org.molgenis.i18n.I18nUtilsTest"/>
</testsuite> <!-- org.molgenis.i18n.I18nUtilsTest -->
