<?xml version="1.0" encoding="UTF-8"?>
<!-- Generated by org.testng.reporters.JUnitReportReporter -->
<testsuite hostname="cyclone1" name="org.molgenis.i18n.format.LabelFormatFactoryTest" tests="3" failures="0" timestamp="1 Jun 2018 11:32:38 GMT" time="0.005" errors="0">
  <testcase name="testFormatNull" time="0.003" classname="org.molgenis.i18n.format.LabelFormatFactoryTest"/>
  <testcase name="testFormatString" time="0.002" classname="org.molgenis.i18n.format.LabelFormatFactoryTest"/>
  <testcase name="testFormatLabeled" time="0.000" classname="org.molgenis.i18n.format.LabelFormatFactoryTest"/>
</testsuite> <!-- org.molgenis.i18n.format.LabelFormatFactoryTest -->
