<?xml version="1.0" encoding="UTF-8"?>
<!-- Generated by org.testng.reporters.JUnitReportReporter -->
<testsuite hostname="cyclone1" name="org.molgenis.i18n.format.IdFormatFactoryTest" tests="3" failures="0" timestamp="4 Jun 2018 11:12:28 GMT" time="0.057" errors="0">
  <testcase name="testFormatIdentifiable" time="0.052" classname="org.molgenis.i18n.format.IdFormatFactoryTest"/>
  <testcase name="testFormatNull" time="0.001" classname="org.molgenis.i18n.format.IdFormatFactoryTest"/>
  <testcase name="testFormatString" time="0.004" classname="org.molgenis.i18n.format.IdFormatFactoryTest"/>
</testsuite> <!-- org.molgenis.i18n.format.IdFormatFactoryTest -->
