<?xml version="1.0" encoding="UTF-8"?>
<!-- Generated by org.testng.reporters.JUnitReportReporter -->
<testsuite hostname="cyclone1" name="org.molgenis.i18n.PropertiesMessageSourceTest" tests="1" failures="0" timestamp="7 Jun 2018 14:45:58 GMT" time="0.001" errors="0">
  <testcase name="testGetNamespace" time="0.001" classname="org.molgenis.i18n.PropertiesMessageSourceTest"/>
</testsuite> <!-- org.molgenis.i18n.PropertiesMessageSourceTest -->
