<?xml version="1.0" encoding="UTF-8"?>
<!-- Generated by org.testng.reporters.JUnitReportReporter -->
<testsuite hostname="cyclone1" name="org.molgenis.i18n.AllPropertiesMessageSourceTest" tests="6" failures="0" timestamp="29 May 2018 11:47:52 GMT" time="1.060" errors="0">
  <testcase name="testGetMessageSpecifiedInBoth" time="0.002" classname="org.molgenis.i18n.AllPropertiesMessageSourceTest"/>
  <testcase name="testGetAllMessageIds" time="0.230" classname="org.molgenis.i18n.AllPropertiesMessageSourceTest"/>
  <testcase name="testGetMessageSpecifiedInBundle" time="0.825" classname="org.molgenis.i18n.AllPropertiesMessageSourceTest"/>
  <testcase name="testGetMessageUTF8" time="0.001" classname="org.molgenis.i18n.AllPropertiesMessageSourceTest"/>
  <testcase name="testGetMessageNotSpecified" time="0.001" classname="org.molgenis.i18n.AllPropertiesMessageSourceTest"/>
  <testcase name="testGetMessageSpecifiedInOtherBundle" time="0.001" classname="org.molgenis.i18n.AllPropertiesMessageSourceTest"/>
</testsuite> <!-- org.molgenis.i18n.AllPropertiesMessageSourceTest -->
