<?xml version="1.0" encoding="UTF-8"?>
<!-- Generated by org.testng.reporters.JUnitReportReporter -->
<testsuite hostname="cyclone1" name="org.molgenis.i18n.format.LabelFormatFactoryTest" tests="3" failures="0" timestamp="30 May 2018 10:05:06 GMT" time="0.020" errors="0">
  <testcase name="testFormatString" time="0.002" classname="org.molgenis.i18n.format.LabelFormatFactoryTest"/>
  <testcase name="testFormatLabeled" time="0.015" classname="org.molgenis.i18n.format.LabelFormatFactoryTest"/>
  <testcase name="testFormatNull" time="0.003" classname="org.molgenis.i18n.format.LabelFormatFactoryTest"/>
</testsuite> <!-- org.molgenis.i18n.format.LabelFormatFactoryTest -->
