<?xml version="1.0" encoding="UTF-8"?>
<!-- Generated by org.testng.reporters.JUnitReportReporter -->
<testsuite hostname="cyclone1" name="org.molgenis.i18n.format.LabelFormatFactoryTest" tests="3" failures="0" timestamp="30 May 2018 12:49:37 GMT" time="1.460" errors="0">
  <testcase name="testFormatNull" time="1.426" classname="org.molgenis.i18n.format.LabelFormatFactoryTest"/>
  <testcase name="testFormatLabeled" time="0.031" classname="org.molgenis.i18n.format.LabelFormatFactoryTest"/>
  <testcase name="testFormatString" time="0.003" classname="org.molgenis.i18n.format.LabelFormatFactoryTest"/>
</testsuite> <!-- org.molgenis.i18n.format.LabelFormatFactoryTest -->
