<?xml version="1.0" encoding="UTF-8"?>
<!-- Generated by org.testng.reporters.JUnitReportReporter -->
<testsuite hostname="cyclone1" name="org.molgenis.annotation.test.cmd.conversion.EffectStructureConverterTest" tests="3" failures="0" timestamp="6 Jun 2018 14:23:03 GMT" time="0.158" errors="0">
  <testcase name="testGetDescription" time="0.004" classname="org.molgenis.annotation.test.cmd.conversion.EffectStructureConverterTest"/>
  <testcase name="testCreateVariantEffectStructure" time="0.146" classname="org.molgenis.annotation.test.cmd.conversion.EffectStructureConverterTest"/>
  <testcase name="testCreateVcfEntityStructure" time="0.008" classname="org.molgenis.annotation.test.cmd.conversion.EffectStructureConverterTest"/>
</testsuite> <!-- org.molgenis.annotation.test.cmd.conversion.EffectStructureConverterTest -->
