<?xml version="1.0" encoding="UTF-8"?>
<!-- Generated by org.testng.reporters.JUnitReportReporter -->
<testsuite hostname="cyclone1" name="org.molgenis.data.annotation.core.entity.impl.ThousandGenomesAnnotatorTest" tests="2" failures="0" timestamp="1 Jun 2018 11:41:58 GMT" time="0.258" errors="0">
  <testcase name="testAnnotate" time="0.231" classname="org.molgenis.data.annotation.core.entity.impl.ThousandGenomesAnnotatorTest"/>
  <testcase name="testAnnotateNegative" time="0.027" classname="org.molgenis.data.annotation.core.entity.impl.ThousandGenomesAnnotatorTest"/>
</testsuite> <!-- org.molgenis.data.annotation.core.entity.impl.ThousandGenomesAnnotatorTest -->
