<?xml version="1.0" encoding="UTF-8"?>
<!-- Generated by org.testng.reporters.JUnitReportReporter -->
<testsuite hostname="cyclone1" name="org.molgenis.data.annotation.core.entity.impl.omim.OmimRepositoryTest" tests="5" failures="0" timestamp="4 Jun 2018 11:17:38 GMT" time="0.033" errors="0">
  <testcase name="iterator" time="0.004" classname="org.molgenis.data.annotation.core.entity.impl.omim.OmimRepositoryTest"/>
  <testcase name="findAllWithEmptyQuery" time="0.009" classname="org.molgenis.data.annotation.core.entity.impl.omim.OmimRepositoryTest"/>
  <testcase name="findAllWithBadQuery" time="0.003" classname="org.molgenis.data.annotation.core.entity.impl.omim.OmimRepositoryTest"/>
  <testcase name="count" time="0.015" classname="org.molgenis.data.annotation.core.entity.impl.omim.OmimRepositoryTest"/>
  <testcase name="findAllWithQuery" time="0.002" classname="org.molgenis.data.annotation.core.entity.impl.omim.OmimRepositoryTest"/>
</testsuite> <!-- org.molgenis.data.annotation.core.entity.impl.omim.OmimRepositoryTest -->
