<?xml version="1.0" encoding="UTF-8"?>
<!-- Generated by org.testng.reporters.JUnitReportReporter -->
<testsuite hostname="cyclone1" name="org.molgenis.data.annotation.core.entity.impl.CGDAnnotatorTest" tests="2" failures="0" timestamp="6 Jun 2018 14:23:03 GMT" time="0.161" errors="0">
  <testcase name="annotateTestMatch" time="0.151" classname="org.molgenis.data.annotation.core.entity.impl.CGDAnnotatorTest"/>
  <testcase name="annotateTestNoMatch" time="0.010" classname="org.molgenis.data.annotation.core.entity.impl.CGDAnnotatorTest"/>
</testsuite> <!-- org.molgenis.data.annotation.core.entity.impl.CGDAnnotatorTest -->
