<?xml version="1.0" encoding="UTF-8"?>
<!-- Generated by org.testng.reporters.JUnitReportReporter -->
<testsuite hostname="cyclone1" name="org.molgenis.data.annotation.core.entity.impl.omim.OmimRepositoryTest" tests="5" failures="0" timestamp="6 Jun 2018 08:49:40 GMT" time="0.057" errors="0">
  <testcase name="count" time="0.017" classname="org.molgenis.data.annotation.core.entity.impl.omim.OmimRepositoryTest"/>
  <testcase name="findAllWithEmptyQuery" time="0.015" classname="org.molgenis.data.annotation.core.entity.impl.omim.OmimRepositoryTest"/>
  <testcase name="findAllWithBadQuery" time="0.008" classname="org.molgenis.data.annotation.core.entity.impl.omim.OmimRepositoryTest"/>
  <testcase name="findAllWithQuery" time="0.012" classname="org.molgenis.data.annotation.core.entity.impl.omim.OmimRepositoryTest"/>
  <testcase name="iterator" time="0.005" classname="org.molgenis.data.annotation.core.entity.impl.omim.OmimRepositoryTest"/>
</testsuite> <!-- org.molgenis.data.annotation.core.entity.impl.omim.OmimRepositoryTest -->
