<?xml version="1.0" encoding="UTF-8"?>
<!-- Generated by org.testng.reporters.JUnitReportReporter -->
<testsuite hostname="cyclone1" name="org.molgenis.data.annotation.core.utils.AnnotatorDependencyOrderResolverTest" tests="2" failures="0" timestamp="30 May 2018 12:55:05 GMT" time="0.090" errors="0">
  <testcase name="testFail" time="0.081" classname="org.molgenis.data.annotation.core.utils.AnnotatorDependencyOrderResolverTest"/>
  <testcase name="testSucces" time="0.009" classname="org.molgenis.data.annotation.core.utils.AnnotatorDependencyOrderResolverTest"/>
</testsuite> <!-- org.molgenis.data.annotation.core.utils.AnnotatorDependencyOrderResolverTest -->
