<?xml version="1.0" encoding="UTF-8"?>
<!-- Generated by org.testng.reporters.JUnitReportReporter -->
<testsuite hostname="cyclone1" name="org.molgenis.data.annotation.core.query.LocusQueryCreatorTest" tests="2" failures="0" timestamp="4 Jun 2018 11:17:38 GMT" time="0.001" errors="0">
  <testcase name="createQueryEntity" time="0.000" classname="org.molgenis.data.annotation.core.query.LocusQueryCreatorTest"/>
  <testcase name="getRequiredAttributes" time="0.001" classname="org.molgenis.data.annotation.core.query.LocusQueryCreatorTest"/>
</testsuite> <!-- org.molgenis.data.annotation.core.query.LocusQueryCreatorTest -->
