<?xml version="1.0" encoding="UTF-8"?>
<!-- Generated by org.testng.reporters.JUnitReportReporter -->
<testsuite hostname="cyclone1" name="org.molgenis.data.annotation.core.resources.impl.MultiFileResourceTest" tests="6" failures="0" timestamp="30 May 2018 12:55:05 GMT" time="0.182" errors="0">
  <testcase name="whenConfigsChangeThenIsAvailableUpdates" time="0.024" classname="org.molgenis.data.annotation.core.resources.impl.MultiFileResourceTest"/>
  <testcase name="findAllDelegatesToTheCorrectResource" time="0.149" classname="org.molgenis.data.annotation.core.resources.impl.MultiFileResourceTest"/>
  <testcase name="findAllNoResourceForChrom" time="0.003" classname="org.molgenis.data.annotation.core.resources.impl.MultiFileResourceTest"/>
  <testcase name="whenOneFileIsNotAvailableThenIsAvailableReturnsFalse" time="0.002" classname="org.molgenis.data.annotation.core.resources.impl.MultiFileResourceTest"/>
  <testcase name="whenOneConfigChangesFilePatternThenIsAvailableUpdates" time="0.002" classname="org.molgenis.data.annotation.core.resources.impl.MultiFileResourceTest"/>
  <testcase name="whenAllFilesAvailableThenIsAvailableReturnsTrue" time="0.002" classname="org.molgenis.data.annotation.core.resources.impl.MultiFileResourceTest"/>
</testsuite> <!-- org.molgenis.data.annotation.core.resources.impl.MultiFileResourceTest -->
