<?xml version="1.0" encoding="UTF-8"?>
<!-- Generated by org.testng.reporters.JUnitReportReporter -->
<testsuite hostname="cyclone1" name="org.molgenis.data.annotation.web.AnnotationServiceImplTest" tests="3" failures="0" timestamp="6 Jun 2018 14:23:03 GMT" time="0.005" errors="0">
  <testcase name="get" time="0.001" classname="org.molgenis.data.annotation.web.AnnotationServiceImplTest"/>
  <testcase name="getAllAnnotators" time="0.003" classname="org.molgenis.data.annotation.web.AnnotationServiceImplTest"/>
  <testcase name="getRepositoryByEntityName" time="0.001" classname="org.molgenis.data.annotation.web.AnnotationServiceImplTest"/>
</testsuite> <!-- org.molgenis.data.annotation.web.AnnotationServiceImplTest -->
