<?xml version="1.0" encoding="UTF-8"?>
<!-- Generated by org.testng.reporters.JUnitReportReporter -->
<testsuite hostname="cyclone1" name="org.molgenis.data.annotation.core.entity.impl.GoNLAnnotatorTest" tests="15" failures="0" timestamp="6 Jun 2018 14:23:03 GMT" time="0.386" errors="0">
  <testcase name="testAnnotate8" time="0.017" classname="org.molgenis.data.annotation.core.entity.impl.GoNLAnnotatorTest"/>
  <testcase name="testAnnotate4" time="0.019" classname="org.molgenis.data.annotation.core.entity.impl.GoNLAnnotatorTest"/>
  <testcase name="testAnnotate11" time="0.029" classname="org.molgenis.data.annotation.core.entity.impl.GoNLAnnotatorTest"/>
  <testcase name="testAnnotate3" time="0.019" classname="org.molgenis.data.annotation.core.entity.impl.GoNLAnnotatorTest"/>
  <testcase name="testAnnotate15" time="0.017" classname="org.molgenis.data.annotation.core.entity.impl.GoNLAnnotatorTest"/>
  <testcase name="testAnnotate13" time="0.021" classname="org.molgenis.data.annotation.core.entity.impl.GoNLAnnotatorTest"/>
  <testcase name="testAnnotate7" time="0.024" classname="org.molgenis.data.annotation.core.entity.impl.GoNLAnnotatorTest"/>
  <testcase name="testAnnotate10" time="0.049" classname="org.molgenis.data.annotation.core.entity.impl.GoNLAnnotatorTest"/>
  <testcase name="testAnnotate5" time="0.017" classname="org.molgenis.data.annotation.core.entity.impl.GoNLAnnotatorTest"/>
  <testcase name="testAnnotate14" time="0.025" classname="org.molgenis.data.annotation.core.entity.impl.GoNLAnnotatorTest"/>
  <testcase name="testAnnotate12" time="0.020" classname="org.molgenis.data.annotation.core.entity.impl.GoNLAnnotatorTest"/>
  <testcase name="testAnnotate9" time="0.024" classname="org.molgenis.data.annotation.core.entity.impl.GoNLAnnotatorTest"/>
  <testcase name="testAnnotate2" time="0.019" classname="org.molgenis.data.annotation.core.entity.impl.GoNLAnnotatorTest"/>
  <testcase name="testAnnotate6" time="0.033" classname="org.molgenis.data.annotation.core.entity.impl.GoNLAnnotatorTest"/>
  <testcase name="testAnnotate1" time="0.053" classname="org.molgenis.data.annotation.core.entity.impl.GoNLAnnotatorTest"/>
</testsuite> <!-- org.molgenis.data.annotation.core.entity.impl.GoNLAnnotatorTest -->
