<?xml version="1.0" encoding="UTF-8"?>
<!-- Generated by org.testng.reporters.JUnitReportReporter -->
<testsuite hostname="cyclone1" name="org.molgenis.data.annotation.core.query.LocusQueryCreatorTest" tests="2" failures="0" timestamp="30 May 2018 12:55:05 GMT" time="0.003" errors="0">
  <testcase name="getRequiredAttributes" time="0.001" classname="org.molgenis.data.annotation.core.query.LocusQueryCreatorTest"/>
  <testcase name="createQueryEntity" time="0.002" classname="org.molgenis.data.annotation.core.query.LocusQueryCreatorTest"/>
</testsuite> <!-- org.molgenis.data.annotation.core.query.LocusQueryCreatorTest -->
