<?xml version="1.0" encoding="UTF-8"?>
<!-- Generated by org.testng.reporters.JUnitReportReporter -->
<testsuite hostname="cyclone1" name="org.molgenis.data.annotation.core.entity.impl.hpo.HPORepositoryTest" tests="1" failures="0" timestamp="4 Jun 2018 11:17:38 GMT" time="0.008" errors="0">
  <testcase name="count" time="0.008" classname="org.molgenis.data.annotation.core.entity.impl.hpo.HPORepositoryTest"/>
</testsuite> <!-- org.molgenis.data.annotation.core.entity.impl.hpo.HPORepositoryTest -->
