<?xml version="1.0" encoding="UTF-8"?>
<!-- Generated by org.testng.reporters.JUnitReportReporter -->
<testsuite hostname="cyclone1" name="org.molgenis.data.annotation.core.entity.impl.snpeff.SnpEffAnnotatorTest" tests="1" failures="0" timestamp="6 Jun 2018 14:23:03 GMT" time="0.057" errors="0">
  <testcase name="testCanAnnotate" time="0.057" classname="org.molgenis.data.annotation.core.entity.impl.snpeff.SnpEffAnnotatorTest"/>
</testsuite> <!-- org.molgenis.data.annotation.core.entity.impl.snpeff.SnpEffAnnotatorTest -->
