<?xml version="1.0" encoding="UTF-8"?>
<!-- Generated by org.testng.reporters.JUnitReportReporter -->
<testsuite hostname="cyclone1" name="org.molgenis.data.annotation.core.resources.impl.ResourceImplTest" tests="2" failures="0" timestamp="4 Jun 2018 11:17:38 GMT" time="0.047" errors="0">
  <testcase name="testFindAllReturnsResult" time="0.044" classname="org.molgenis.data.annotation.core.resources.impl.ResourceImplTest"/>
  <testcase name="testFindAllReturnsResultFile2" time="0.003" classname="org.molgenis.data.annotation.core.resources.impl.ResourceImplTest"/>
</testsuite> <!-- org.molgenis.data.annotation.core.resources.impl.ResourceImplTest -->
