<?xml version="1.0" encoding="UTF-8"?>
<!-- Generated by org.testng.reporters.JUnitReportReporter -->
<testsuite hostname="cyclone1" name="org.molgenis.data.annotation.core.entity.impl.snpeff.SnpEffRunnerTest" tests="6" failures="0" timestamp="6 Jun 2018 08:49:40 GMT" time="0.173" errors="0">
  <testcase name="getSnpEffectsSingleAlleleTest" time="0.013" classname="org.molgenis.data.annotation.core.entity.impl.snpeff.SnpEffRunnerTest"/>
  <testcase name="getInputVcfFileTest" time="0.007" classname="org.molgenis.data.annotation.core.entity.impl.snpeff.SnpEffRunnerTest"/>
  <testcase name="getSnpEffectsMultiGeneTest" time="0.007" classname="org.molgenis.data.annotation.core.entity.impl.snpeff.SnpEffRunnerTest"/>
  <testcase name="testGetOutputMetaData" time="0.099" classname="org.molgenis.data.annotation.core.entity.impl.snpeff.SnpEffRunnerTest"/>
  <testcase name="getSnpEffectsMultiAlleleTest" time="0.019" classname="org.molgenis.data.annotation.core.entity.impl.snpeff.SnpEffRunnerTest"/>
  <testcase name="annotateCountTest" time="0.028" classname="org.molgenis.data.annotation.core.entity.impl.snpeff.SnpEffRunnerTest"/>
</testsuite> <!-- org.molgenis.data.annotation.core.entity.impl.snpeff.SnpEffRunnerTest -->
