<?xml version="1.0" encoding="UTF-8"?>
<!-- Generated by org.testng.reporters.JUnitReportReporter -->
<testsuite hostname="cyclone1" name="org.molgenis.data.annotation.core.entity.impl.GoNLAnnotatorTest" tests="15" failures="0" timestamp="6 Jun 2018 08:49:40 GMT" time="0.266" errors="0">
  <testcase name="testAnnotate2" time="0.016" classname="org.molgenis.data.annotation.core.entity.impl.GoNLAnnotatorTest"/>
  <testcase name="testAnnotate5" time="0.012" classname="org.molgenis.data.annotation.core.entity.impl.GoNLAnnotatorTest"/>
  <testcase name="testAnnotate1" time="0.037" classname="org.molgenis.data.annotation.core.entity.impl.GoNLAnnotatorTest"/>
  <testcase name="testAnnotate7" time="0.016" classname="org.molgenis.data.annotation.core.entity.impl.GoNLAnnotatorTest"/>
  <testcase name="testAnnotate15" time="0.015" classname="org.molgenis.data.annotation.core.entity.impl.GoNLAnnotatorTest"/>
  <testcase name="testAnnotate12" time="0.015" classname="org.molgenis.data.annotation.core.entity.impl.GoNLAnnotatorTest"/>
  <testcase name="testAnnotate14" time="0.020" classname="org.molgenis.data.annotation.core.entity.impl.GoNLAnnotatorTest"/>
  <testcase name="testAnnotate3" time="0.012" classname="org.molgenis.data.annotation.core.entity.impl.GoNLAnnotatorTest"/>
  <testcase name="testAnnotate4" time="0.011" classname="org.molgenis.data.annotation.core.entity.impl.GoNLAnnotatorTest"/>
  <testcase name="testAnnotate8" time="0.013" classname="org.molgenis.data.annotation.core.entity.impl.GoNLAnnotatorTest"/>
  <testcase name="testAnnotate13" time="0.015" classname="org.molgenis.data.annotation.core.entity.impl.GoNLAnnotatorTest"/>
  <testcase name="testAnnotate9" time="0.018" classname="org.molgenis.data.annotation.core.entity.impl.GoNLAnnotatorTest"/>
  <testcase name="testAnnotate10" time="0.031" classname="org.molgenis.data.annotation.core.entity.impl.GoNLAnnotatorTest"/>
  <testcase name="testAnnotate11" time="0.019" classname="org.molgenis.data.annotation.core.entity.impl.GoNLAnnotatorTest"/>
  <testcase name="testAnnotate6" time="0.016" classname="org.molgenis.data.annotation.core.entity.impl.GoNLAnnotatorTest"/>
</testsuite> <!-- org.molgenis.data.annotation.core.entity.impl.GoNLAnnotatorTest -->
