<?xml version="1.0" encoding="UTF-8"?>
<!-- Generated by org.testng.reporters.JUnitReportReporter -->
<testsuite hostname="cyclone1" name="org.molgenis.data.annotation.core.entity.impl.omim.OmimAnnotatorTest" tests="2" failures="0" timestamp="6 Jun 2018 08:49:40 GMT" time="0.041" errors="0">
  <testcase name="testAvailability" time="0.025" classname="org.molgenis.data.annotation.core.entity.impl.omim.OmimAnnotatorTest"/>
  <testcase name="testOmimAnnotation" time="0.016" classname="org.molgenis.data.annotation.core.entity.impl.omim.OmimAnnotatorTest"/>
</testsuite> <!-- org.molgenis.data.annotation.core.entity.impl.omim.OmimAnnotatorTest -->
