<?xml version="1.0" encoding="UTF-8"?>
<!-- Generated by org.testng.reporters.JUnitReportReporter -->
<testsuite hostname="cyclone1" name="org.molgenis.data.annotation.core.entity.impl.ThousandGenomesAnnotatorTest" tests="2" failures="0" timestamp="30 May 2018 12:55:05 GMT" time="0.076" errors="0">
  <testcase name="testAnnotateNegative" time="0.018" classname="org.molgenis.data.annotation.core.entity.impl.ThousandGenomesAnnotatorTest"/>
  <testcase name="testAnnotate" time="0.058" classname="org.molgenis.data.annotation.core.entity.impl.ThousandGenomesAnnotatorTest"/>
</testsuite> <!-- org.molgenis.data.annotation.core.entity.impl.ThousandGenomesAnnotatorTest -->
