<?xml version="1.0" encoding="UTF-8"?>
<!-- Generated by org.testng.reporters.JUnitReportReporter -->
<testsuite hostname="cyclone1" name="org.molgenis.data.annotation.core.entity.impl.gavin.GavinAnnotatorTest" tests="6" failures="0" timestamp="30 May 2018 12:55:05 GMT" time="3.483" errors="0">
  <testcase name="testAnnotateLowVariantCaddBenign" time="0.004" classname="org.molgenis.data.annotation.core.entity.impl.gavin.GavinAnnotatorTest"/>
  <testcase name="testGeneWithNullFields" time="0.007" classname="org.molgenis.data.annotation.core.entity.impl.gavin.GavinAnnotatorTest"/>
  <testcase name="testAnnotateNoCaddVOUS" time="0.005" classname="org.molgenis.data.annotation.core.entity.impl.gavin.GavinAnnotatorTest"/>
  <testcase name="testAnnotateLowCaddBenign" time="0.006" classname="org.molgenis.data.annotation.core.entity.impl.gavin.GavinAnnotatorTest"/>
  <testcase name="testAnnotateHighCaddPathogenic" time="3.456" classname="org.molgenis.data.annotation.core.entity.impl.gavin.GavinAnnotatorTest"/>
  <testcase name="testAnnotateHighMafBenign" time="0.005" classname="org.molgenis.data.annotation.core.entity.impl.gavin.GavinAnnotatorTest"/>
</testsuite> <!-- org.molgenis.data.annotation.core.entity.impl.gavin.GavinAnnotatorTest -->
