<?xml version="1.0" encoding="UTF-8"?>
<!-- Generated by org.testng.reporters.JUnitReportReporter -->
<testsuite hostname="cyclone1" name="org.molgenis.data.annotation.core.utils.AnnotatorDependencyOrderResolverTest" tests="2" failures="0" timestamp="6 Jun 2018 14:23:03 GMT" time="0.081" errors="0">
  <testcase name="testFail" time="0.074" classname="org.molgenis.data.annotation.core.utils.AnnotatorDependencyOrderResolverTest"/>
  <testcase name="testSucces" time="0.007" classname="org.molgenis.data.annotation.core.utils.AnnotatorDependencyOrderResolverTest"/>
</testsuite> <!-- org.molgenis.data.annotation.core.utils.AnnotatorDependencyOrderResolverTest -->
