<?xml version="1.0" encoding="UTF-8"?>
<!-- Generated by org.testng.reporters.JUnitReportReporter -->
<testsuite hostname="cyclone1" name="org.molgenis.data.annotation.core.resources.impl.MultiFileResourceTest" tests="6" failures="0" timestamp="6 Jun 2018 14:23:03 GMT" time="0.198" errors="0">
  <testcase name="whenOneConfigChangesFilePatternThenIsAvailableUpdates" time="0.004" classname="org.molgenis.data.annotation.core.resources.impl.MultiFileResourceTest"/>
  <testcase name="whenOneFileIsNotAvailableThenIsAvailableReturnsFalse" time="0.003" classname="org.molgenis.data.annotation.core.resources.impl.MultiFileResourceTest"/>
  <testcase name="findAllNoResourceForChrom" time="0.161" classname="org.molgenis.data.annotation.core.resources.impl.MultiFileResourceTest"/>
  <testcase name="whenConfigsChangeThenIsAvailableUpdates" time="0.021" classname="org.molgenis.data.annotation.core.resources.impl.MultiFileResourceTest"/>
  <testcase name="findAllDelegatesToTheCorrectResource" time="0.004" classname="org.molgenis.data.annotation.core.resources.impl.MultiFileResourceTest"/>
  <testcase name="whenAllFilesAvailableThenIsAvailableReturnsTrue" time="0.005" classname="org.molgenis.data.annotation.core.resources.impl.MultiFileResourceTest"/>
</testsuite> <!-- org.molgenis.data.annotation.core.resources.impl.MultiFileResourceTest -->
