<?xml version="1.0" encoding="UTF-8"?>
<!-- Generated by org.testng.reporters.JUnitReportReporter -->
<testsuite hostname="cyclone1" name="org.molgenis.data.annotation.test.core.entity.impl.gavin.GavinAlgorithmTest" tests="19" failures="0" timestamp="4 Jun 2018 11:17:38 GMT" time="0.003" errors="0">
  <testcase name="testClassifyVariant" time="0.000" classname="org.molgenis.data.annotation.test.core.entity.impl.gavin.GavinAlgorithmTest"/>
  <testcase name="testClassifyVariant" time="0.000" classname="org.molgenis.data.annotation.test.core.entity.impl.gavin.GavinAlgorithmTest"/>
  <testcase name="testNoCaddVOUS" time="0.000" classname="org.molgenis.data.annotation.test.core.entity.impl.gavin.GavinAlgorithmTest"/>
  <testcase name="testClassifyVariant" time="0.000" classname="org.molgenis.data.annotation.test.core.entity.impl.gavin.GavinAlgorithmTest"/>
  <testcase name="testGenomeWideClassifyVariant" time="0.000" classname="org.molgenis.data.annotation.test.core.entity.impl.gavin.GavinAlgorithmTest"/>
  <testcase name="testGenomeWideClassifyVariant" time="0.000" classname="org.molgenis.data.annotation.test.core.entity.impl.gavin.GavinAlgorithmTest"/>
  <testcase name="testGenomeWideClassifyVariant" time="0.000" classname="org.molgenis.data.annotation.test.core.entity.impl.gavin.GavinAlgorithmTest"/>
  <testcase name="testNullThresholdsZeroMAF" time="0.000" classname="org.molgenis.data.annotation.test.core.entity.impl.gavin.GavinAlgorithmTest"/>
  <testcase name="testHighCaddPathogenic" time="0.000" classname="org.molgenis.data.annotation.test.core.entity.impl.gavin.GavinAlgorithmTest"/>
  <testcase name="testGenomeWideClassifyVariant" time="0.000" classname="org.molgenis.data.annotation.test.core.entity.impl.gavin.GavinAlgorithmTest"/>
  <testcase name="testClassifyVariant" time="0.001" classname="org.molgenis.data.annotation.test.core.entity.impl.gavin.GavinAlgorithmTest"/>
  <testcase name="testGenomeWideClassifyVariant" time="0.000" classname="org.molgenis.data.annotation.test.core.entity.impl.gavin.GavinAlgorithmTest"/>
  <testcase name="testClassifyVariant" time="0.001" classname="org.molgenis.data.annotation.test.core.entity.impl.gavin.GavinAlgorithmTest"/>
  <testcase name="testClassifyVariant" time="0.001" classname="org.molgenis.data.annotation.test.core.entity.impl.gavin.GavinAlgorithmTest"/>
  <testcase name="testClassifyVariant" time="0.000" classname="org.molgenis.data.annotation.test.core.entity.impl.gavin.GavinAlgorithmTest"/>
  <testcase name="testLowVariantCaddBenign" time="0.000" classname="org.molgenis.data.annotation.test.core.entity.impl.gavin.GavinAlgorithmTest"/>
  <testcase name="testClassifyVariant" time="0.000" classname="org.molgenis.data.annotation.test.core.entity.impl.gavin.GavinAlgorithmTest"/>
  <testcase name="testClassifyVariant" time="0.000" classname="org.molgenis.data.annotation.test.core.entity.impl.gavin.GavinAlgorithmTest"/>
  <testcase name="testClassifyVariant" time="0.000" classname="org.molgenis.data.annotation.test.core.entity.impl.gavin.GavinAlgorithmTest"/>
</testsuite> <!-- org.molgenis.data.annotation.test.core.entity.impl.gavin.GavinAlgorithmTest -->
