<?xml version="1.0" encoding="UTF-8"?>
<!-- Generated by org.testng.reporters.JUnitReportReporter -->
<testsuite hostname="cyclone1" name="org.molgenis.annotation.test.cmd.conversion.EffectStructureConverterTest" tests="3" failures="0" timestamp="30 May 2018 12:55:05 GMT" time="0.164" errors="0">
  <testcase name="testCreateVariantEffectStructure" time="0.144" classname="org.molgenis.annotation.test.cmd.conversion.EffectStructureConverterTest"/>
  <testcase name="testGetDescription" time="0.001" classname="org.molgenis.annotation.test.cmd.conversion.EffectStructureConverterTest"/>
  <testcase name="testCreateVcfEntityStructure" time="0.019" classname="org.molgenis.annotation.test.cmd.conversion.EffectStructureConverterTest"/>
</testsuite> <!-- org.molgenis.annotation.test.cmd.conversion.EffectStructureConverterTest -->
