<?xml version="1.0" encoding="UTF-8"?>
<!-- Generated by org.testng.reporters.JUnitReportReporter -->
<testsuite hostname="cyclone1" name="org.molgenis.annotation.test.cmd.conversion.EffectStructureConverterTest" tests="3" failures="0" timestamp="4 Jun 2018 11:17:38 GMT" time="0.114" errors="0">
  <testcase name="testCreateVariantEffectStructure" time="0.103" classname="org.molgenis.annotation.test.cmd.conversion.EffectStructureConverterTest"/>
  <testcase name="testCreateVcfEntityStructure" time="0.009" classname="org.molgenis.annotation.test.cmd.conversion.EffectStructureConverterTest"/>
  <testcase name="testGetDescription" time="0.002" classname="org.molgenis.annotation.test.cmd.conversion.EffectStructureConverterTest"/>
</testsuite> <!-- org.molgenis.annotation.test.cmd.conversion.EffectStructureConverterTest -->
