<?xml version="1.0" encoding="UTF-8"?>
<!-- Generated by org.testng.reporters.JUnitReportReporter -->
<testsuite hostname="cyclone1" name="org.molgenis.data.annotation.core.resources.impl.tabix.TabixRepositoryTest" tests="4" failures="0" timestamp="6 Jun 2018 14:23:03 GMT" time="0.010" errors="0">
  <testcase name="testUnknownChromosome" time="0.003" classname="org.molgenis.data.annotation.core.resources.impl.tabix.TabixRepositoryTest"/>
  <testcase name="testIterator" time="0.004" classname="org.molgenis.data.annotation.core.resources.impl.tabix.TabixRepositoryTest"/>
  <testcase name="testQuery" time="0.002" classname="org.molgenis.data.annotation.core.resources.impl.tabix.TabixRepositoryTest"/>
  <testcase name="testGetEntityType" time="0.001" classname="org.molgenis.data.annotation.core.resources.impl.tabix.TabixRepositoryTest"/>
</testsuite> <!-- org.molgenis.data.annotation.core.resources.impl.tabix.TabixRepositoryTest -->
