<?xml version="1.0" encoding="UTF-8"?>
<!-- Generated by org.testng.reporters.JUnitReportReporter -->
<testsuite hostname="cyclone1" name="org.molgenis.data.annotation.core.entity.impl.omim.OmimAnnotatorTest" tests="2" failures="0" timestamp="4 Jun 2018 11:17:38 GMT" time="0.017" errors="0">
  <testcase name="testAvailability" time="0.004" classname="org.molgenis.data.annotation.core.entity.impl.omim.OmimAnnotatorTest"/>
  <testcase name="testOmimAnnotation" time="0.013" classname="org.molgenis.data.annotation.core.entity.impl.omim.OmimAnnotatorTest"/>
</testsuite> <!-- org.molgenis.data.annotation.core.entity.impl.omim.OmimAnnotatorTest -->
