<?xml version="1.0" encoding="UTF-8"?>
<!-- Generated by org.testng.reporters.JUnitReportReporter -->
<testsuite hostname="cyclone1" name="org.molgenis.data.annotation.core.entity.impl.CGDAnnotatorTest" tests="2" failures="0" timestamp="6 Jun 2018 08:49:40 GMT" time="0.030" errors="0">
  <testcase name="annotateTestMatch" time="0.027" classname="org.molgenis.data.annotation.core.entity.impl.CGDAnnotatorTest"/>
  <testcase name="annotateTestNoMatch" time="0.003" classname="org.molgenis.data.annotation.core.entity.impl.CGDAnnotatorTest"/>
</testsuite> <!-- org.molgenis.data.annotation.core.entity.impl.CGDAnnotatorTest -->
