<?xml version="1.0" encoding="UTF-8"?>
<!-- Generated by org.testng.reporters.JUnitReportReporter -->
<testsuite hostname="cyclone1" name="org.molgenis.data.annotation.core.utils.AnnotatorDependencyOrderResolverTest" tests="2" failures="0" timestamp="4 Jun 2018 11:17:38 GMT" time="0.178" errors="0">
  <testcase name="testFail" time="0.016" classname="org.molgenis.data.annotation.core.utils.AnnotatorDependencyOrderResolverTest"/>
  <testcase name="testSucces" time="0.162" classname="org.molgenis.data.annotation.core.utils.AnnotatorDependencyOrderResolverTest"/>
</testsuite> <!-- org.molgenis.data.annotation.core.utils.AnnotatorDependencyOrderResolverTest -->
