<?xml version="1.0" encoding="UTF-8"?>
<!-- Generated by org.testng.reporters.JUnitReportReporter -->
<testsuite hostname="cyclone1" name="org.molgenis.data.annotation.core.entity.impl.DannAnnotatorTest" tests="6" failures="0" timestamp="4 Jun 2018 11:17:38 GMT" time="0.015" errors="0">
  <testcase name="testThreeOccurencesOneMatchEntity4" time="0.002" classname="org.molgenis.data.annotation.core.entity.impl.DannAnnotatorTest"/>
  <testcase name="testThreeOccurencesOneMatchEntity1" time="0.003" classname="org.molgenis.data.annotation.core.entity.impl.DannAnnotatorTest"/>
  <testcase name="canAnnotateFalseTest" time="0.002" classname="org.molgenis.data.annotation.core.entity.impl.DannAnnotatorTest"/>
  <testcase name="canAnnotateTrueTest" time="0.002" classname="org.molgenis.data.annotation.core.entity.impl.DannAnnotatorTest"/>
  <testcase name="testThreeOccurencesNoMatchEntity2" time="0.003" classname="org.molgenis.data.annotation.core.entity.impl.DannAnnotatorTest"/>
  <testcase name="testNoOccurencesNoMatchEntity3" time="0.003" classname="org.molgenis.data.annotation.core.entity.impl.DannAnnotatorTest"/>
</testsuite> <!-- org.molgenis.data.annotation.core.entity.impl.DannAnnotatorTest -->
