<?xml version="1.0" encoding="UTF-8"?>
<!-- Generated by org.testng.reporters.JUnitReportReporter -->
<testsuite hostname="cyclone1" name="org.molgenis.data.annotation.core.entity.impl.CaddAnnotatorTest" tests="9" failures="0" timestamp="4 Jun 2018 11:17:38 GMT" time="0.169" errors="0">
  <testcase name="testFiveMultiAllelic" time="0.006" classname="org.molgenis.data.annotation.core.entity.impl.CaddAnnotatorTest"/>
  <testcase name="canAnnotateTrueTest" time="0.003" classname="org.molgenis.data.annotation.core.entity.impl.CaddAnnotatorTest"/>
  <testcase name="canAnnotateFalseTest" time="0.002" classname="org.molgenis.data.annotation.core.entity.impl.CaddAnnotatorTest"/>
  <testcase name="testThreeOccurencesOneMatch" time="0.008" classname="org.molgenis.data.annotation.core.entity.impl.CaddAnnotatorTest"/>
  <testcase name="testTwoOccurencesNoMatch" time="0.003" classname="org.molgenis.data.annotation.core.entity.impl.CaddAnnotatorTest"/>
  <testcase name="testSixMultiAllelicDel" time="0.006" classname="org.molgenis.data.annotation.core.entity.impl.CaddAnnotatorTest"/>
  <testcase name="testFourOccurences" time="0.005" classname="org.molgenis.data.annotation.core.entity.impl.CaddAnnotatorTest"/>
  <testcase name="testEightSingleAllelicIns" time="0.131" classname="org.molgenis.data.annotation.core.entity.impl.CaddAnnotatorTest"/>
  <testcase name="testSevenMultiAllelicIns" time="0.005" classname="org.molgenis.data.annotation.core.entity.impl.CaddAnnotatorTest"/>
</testsuite> <!-- org.molgenis.data.annotation.core.entity.impl.CaddAnnotatorTest -->
