<?xml version="1.0" encoding="UTF-8"?>
<!-- Generated by org.testng.reporters.JUnitReportReporter -->
<testsuite hostname="cyclone1" name="org.molgenis.data.annotation.core.entity.impl.GoNLAnnotatorTest" tests="15" failures="0" timestamp="1 Jun 2018 11:41:58 GMT" time="0.291" errors="0">
  <testcase name="testAnnotate7" time="0.019" classname="org.molgenis.data.annotation.core.entity.impl.GoNLAnnotatorTest"/>
  <testcase name="testAnnotate4" time="0.014" classname="org.molgenis.data.annotation.core.entity.impl.GoNLAnnotatorTest"/>
  <testcase name="testAnnotate13" time="0.017" classname="org.molgenis.data.annotation.core.entity.impl.GoNLAnnotatorTest"/>
  <testcase name="testAnnotate9" time="0.017" classname="org.molgenis.data.annotation.core.entity.impl.GoNLAnnotatorTest"/>
  <testcase name="testAnnotate2" time="0.014" classname="org.molgenis.data.annotation.core.entity.impl.GoNLAnnotatorTest"/>
  <testcase name="testAnnotate11" time="0.028" classname="org.molgenis.data.annotation.core.entity.impl.GoNLAnnotatorTest"/>
  <testcase name="testAnnotate8" time="0.013" classname="org.molgenis.data.annotation.core.entity.impl.GoNLAnnotatorTest"/>
  <testcase name="testAnnotate12" time="0.016" classname="org.molgenis.data.annotation.core.entity.impl.GoNLAnnotatorTest"/>
  <testcase name="testAnnotate1" time="0.039" classname="org.molgenis.data.annotation.core.entity.impl.GoNLAnnotatorTest"/>
  <testcase name="testAnnotate5" time="0.016" classname="org.molgenis.data.annotation.core.entity.impl.GoNLAnnotatorTest"/>
  <testcase name="testAnnotate10" time="0.028" classname="org.molgenis.data.annotation.core.entity.impl.GoNLAnnotatorTest"/>
  <testcase name="testAnnotate3" time="0.015" classname="org.molgenis.data.annotation.core.entity.impl.GoNLAnnotatorTest"/>
  <testcase name="testAnnotate15" time="0.017" classname="org.molgenis.data.annotation.core.entity.impl.GoNLAnnotatorTest"/>
  <testcase name="testAnnotate6" time="0.017" classname="org.molgenis.data.annotation.core.entity.impl.GoNLAnnotatorTest"/>
  <testcase name="testAnnotate14" time="0.021" classname="org.molgenis.data.annotation.core.entity.impl.GoNLAnnotatorTest"/>
</testsuite> <!-- org.molgenis.data.annotation.core.entity.impl.GoNLAnnotatorTest -->
