<?xml version="1.0" encoding="UTF-8"?>
<!-- Generated by org.testng.reporters.JUnitReportReporter -->
<testsuite hostname="cyclone1" name="org.molgenis.data.annotation.core.entity.impl.CGDAnnotatorTest" tests="2" failures="0" timestamp="30 May 2018 12:55:05 GMT" time="0.039" errors="0">
  <testcase name="annotateTestNoMatch" time="0.003" classname="org.molgenis.data.annotation.core.entity.impl.CGDAnnotatorTest"/>
  <testcase name="annotateTestMatch" time="0.036" classname="org.molgenis.data.annotation.core.entity.impl.CGDAnnotatorTest"/>
</testsuite> <!-- org.molgenis.data.annotation.core.entity.impl.CGDAnnotatorTest -->
