<?xml version="1.0" encoding="UTF-8"?>
<!-- Generated by org.testng.reporters.JUnitReportReporter -->
<testsuite hostname="cyclone1" name="org.molgenis.data.annotation.core.entity.impl.snpeff.SnpEffRunnerTest" tests="6" failures="0" timestamp="1 Jun 2018 11:41:58 GMT" time="0.181" errors="0">
  <testcase name="getSnpEffectsSingleAlleleTest" time="0.066" classname="org.molgenis.data.annotation.core.entity.impl.snpeff.SnpEffRunnerTest"/>
  <testcase name="getInputVcfFileTest" time="0.040" classname="org.molgenis.data.annotation.core.entity.impl.snpeff.SnpEffRunnerTest"/>
  <testcase name="getSnpEffectsMultiGeneTest" time="0.005" classname="org.molgenis.data.annotation.core.entity.impl.snpeff.SnpEffRunnerTest"/>
  <testcase name="testGetOutputMetaData" time="0.005" classname="org.molgenis.data.annotation.core.entity.impl.snpeff.SnpEffRunnerTest"/>
  <testcase name="getSnpEffectsMultiAlleleTest" time="0.014" classname="org.molgenis.data.annotation.core.entity.impl.snpeff.SnpEffRunnerTest"/>
  <testcase name="annotateCountTest" time="0.051" classname="org.molgenis.data.annotation.core.entity.impl.snpeff.SnpEffRunnerTest"/>
</testsuite> <!-- org.molgenis.data.annotation.core.entity.impl.snpeff.SnpEffRunnerTest -->
