<?xml version="1.0" encoding="UTF-8"?>
<!-- Generated by org.testng.reporters.JUnitReportReporter -->
<testsuite hostname="cyclone1" name="org.molgenis.data.annotation.core.resources.impl.ResourceImplTest" tests="2" failures="0" timestamp="1 Jun 2018 11:41:58 GMT" time="0.044" errors="0">
  <testcase name="testFindAllReturnsResultFile2" time="0.002" classname="org.molgenis.data.annotation.core.resources.impl.ResourceImplTest"/>
  <testcase name="testFindAllReturnsResult" time="0.042" classname="org.molgenis.data.annotation.core.resources.impl.ResourceImplTest"/>
</testsuite> <!-- org.molgenis.data.annotation.core.resources.impl.ResourceImplTest -->
