<?xml version="1.0" encoding="UTF-8"?>
<!-- Generated by org.testng.reporters.JUnitReportReporter -->
<testsuite hostname="cyclone1" name="org.molgenis.data.annotation.core.entity.impl.snpeff.SnpEffAnnotatorTest" tests="1" failures="0" timestamp="30 May 2018 12:55:05 GMT" time="0.054" errors="0">
  <testcase name="testCanAnnotate" time="0.054" classname="org.molgenis.data.annotation.core.entity.impl.snpeff.SnpEffAnnotatorTest"/>
</testsuite> <!-- org.molgenis.data.annotation.core.entity.impl.snpeff.SnpEffAnnotatorTest -->
