<?xml version="1.0" encoding="UTF-8"?>
<!-- Generated by org.testng.reporters.JUnitReportReporter -->
<testsuite hostname="cyclone1" name="org.molgenis.annotation.test.cmd.conversion.EffectStructureConverterTest" tests="3" failures="0" timestamp="1 Jun 2018 11:41:58 GMT" time="0.211" errors="0">
  <testcase name="testGetDescription" time="0.005" classname="org.molgenis.annotation.test.cmd.conversion.EffectStructureConverterTest"/>
  <testcase name="testCreateVariantEffectStructure" time="0.153" classname="org.molgenis.annotation.test.cmd.conversion.EffectStructureConverterTest"/>
  <testcase name="testCreateVcfEntityStructure" time="0.053" classname="org.molgenis.annotation.test.cmd.conversion.EffectStructureConverterTest"/>
</testsuite> <!-- org.molgenis.annotation.test.cmd.conversion.EffectStructureConverterTest -->
