<?xml version="1.0" encoding="UTF-8"?>
<!-- Generated by org.testng.reporters.JUnitReportReporter -->
<testsuite hostname="cyclone1" name="org.molgenis.data.annotation.core.entity.impl.ClinvarAnnotatorTest" tests="1" failures="0" timestamp="6 Jun 2018 14:23:03 GMT" time="0.238" errors="0">
  <testcase name="annotateIterable" time="0.238" classname="org.molgenis.data.annotation.core.entity.impl.ClinvarAnnotatorTest"/>
</testsuite> <!-- org.molgenis.data.annotation.core.entity.impl.ClinvarAnnotatorTest -->
