<?xml version="1.0" encoding="UTF-8"?>
<!-- Generated by org.testng.reporters.JUnitReportReporter -->
<testsuite hostname="cyclone1" name="org.molgenis.data.annotation.core.entity.impl.ClinvarAnnotatorTest" tests="1" failures="0" timestamp="1 Jun 2018 11:41:58 GMT" time="0.271" errors="0">
  <testcase name="annotateIterable" time="0.271" classname="org.molgenis.data.annotation.core.entity.impl.ClinvarAnnotatorTest"/>
</testsuite> <!-- org.molgenis.data.annotation.core.entity.impl.ClinvarAnnotatorTest -->
