<?xml version="1.0" encoding="UTF-8"?>
<!-- Generated by org.testng.reporters.JUnitReportReporter -->
<testsuite hostname="cyclone1" name="org.molgenis.data.annotation.core.entity.impl.ExacAnnotatorTest" tests="1" failures="0" timestamp="6 Jun 2018 08:49:40 GMT" time="0.027" errors="0">
  <testcase name="testAnnotate" time="0.027" classname="org.molgenis.data.annotation.core.entity.impl.ExacAnnotatorTest"/>
</testsuite> <!-- org.molgenis.data.annotation.core.entity.impl.ExacAnnotatorTest -->
