<?xml version="1.0" encoding="UTF-8"?>
<!-- Generated by org.testng.reporters.JUnitReportReporter -->
<testsuite hostname="cyclone1" name="org.molgenis.data.annotation.core.entity.impl.omim.OmimAnnotatorTest" tests="2" failures="0" timestamp="6 Jun 2018 14:23:03 GMT" time="0.013" errors="0">
  <testcase name="testAvailability" time="0.004" classname="org.molgenis.data.annotation.core.entity.impl.omim.OmimAnnotatorTest"/>
  <testcase name="testOmimAnnotation" time="0.009" classname="org.molgenis.data.annotation.core.entity.impl.omim.OmimAnnotatorTest"/>
</testsuite> <!-- org.molgenis.data.annotation.core.entity.impl.omim.OmimAnnotatorTest -->
