<?xml version="1.0" encoding="UTF-8"?>
<!-- Generated by org.testng.reporters.JUnitReportReporter -->
<testsuite hostname="cyclone1" name="org.molgenis.data.annotation.core.resources.impl.ResourceImplTest" tests="2" failures="0" timestamp="30 May 2018 12:55:05 GMT" time="0.054" errors="0">
  <testcase name="testFindAllReturnsResultFile2" time="0.001" classname="org.molgenis.data.annotation.core.resources.impl.ResourceImplTest"/>
  <testcase name="testFindAllReturnsResult" time="0.053" classname="org.molgenis.data.annotation.core.resources.impl.ResourceImplTest"/>
</testsuite> <!-- org.molgenis.data.annotation.core.resources.impl.ResourceImplTest -->
