<?xml version="1.0" encoding="UTF-8"?>
<!-- Generated by org.testng.reporters.JUnitReportReporter -->
<testsuite hostname="cyclone1" name="org.molgenis.data.annotation.core.entity.impl.CGDAnnotatorTest" tests="2" failures="0" timestamp="4 Jun 2018 11:17:38 GMT" time="0.021" errors="0">
  <testcase name="annotateTestNoMatch" time="0.001" classname="org.molgenis.data.annotation.core.entity.impl.CGDAnnotatorTest"/>
  <testcase name="annotateTestMatch" time="0.020" classname="org.molgenis.data.annotation.core.entity.impl.CGDAnnotatorTest"/>
</testsuite> <!-- org.molgenis.data.annotation.core.entity.impl.CGDAnnotatorTest -->
