<?xml version="1.0" encoding="UTF-8"?>
<!-- Generated by org.testng.reporters.JUnitReportReporter -->
<testsuite hostname="cyclone1" name="org.molgenis.data.annotation.core.resources.impl.tabix.TabixRepositoryTest" tests="4" failures="0" timestamp="30 May 2018 12:55:05 GMT" time="0.011" errors="0">
  <testcase name="testIterator" time="0.007" classname="org.molgenis.data.annotation.core.resources.impl.tabix.TabixRepositoryTest"/>
  <testcase name="testQuery" time="0.002" classname="org.molgenis.data.annotation.core.resources.impl.tabix.TabixRepositoryTest"/>
  <testcase name="testGetEntityType" time="0.001" classname="org.molgenis.data.annotation.core.resources.impl.tabix.TabixRepositoryTest"/>
  <testcase name="testUnknownChromosome" time="0.001" classname="org.molgenis.data.annotation.core.resources.impl.tabix.TabixRepositoryTest"/>
</testsuite> <!-- org.molgenis.data.annotation.core.resources.impl.tabix.TabixRepositoryTest -->
