<?xml version="1.0" encoding="UTF-8"?>
<!-- Generated by org.testng.reporters.JUnitReportReporter -->
<testsuite hostname="cyclone1" name="org.molgenis.data.annotation.core.utils.AnnotatorDependencyOrderResolverTest" tests="2" failures="0" timestamp="1 Jun 2018 11:41:58 GMT" time="0.062" errors="0">
  <testcase name="testFail" time="0.054" classname="org.molgenis.data.annotation.core.utils.AnnotatorDependencyOrderResolverTest"/>
  <testcase name="testSucces" time="0.008" classname="org.molgenis.data.annotation.core.utils.AnnotatorDependencyOrderResolverTest"/>
</testsuite> <!-- org.molgenis.data.annotation.core.utils.AnnotatorDependencyOrderResolverTest -->
