<?xml version="1.0" encoding="UTF-8"?>
<!-- Generated by org.testng.reporters.JUnitReportReporter -->
<testsuite hostname="cyclone1" name="org.molgenis.data.annotation.core.entity.impl.omim.OmimRepositoryTest" tests="5" failures="0" timestamp="6 Jun 2018 14:23:03 GMT" time="0.014" errors="0">
  <testcase name="findAllWithEmptyQuery" time="0.001" classname="org.molgenis.data.annotation.core.entity.impl.omim.OmimRepositoryTest"/>
  <testcase name="iterator" time="0.002" classname="org.molgenis.data.annotation.core.entity.impl.omim.OmimRepositoryTest"/>
  <testcase name="findAllWithBadQuery" time="0.004" classname="org.molgenis.data.annotation.core.entity.impl.omim.OmimRepositoryTest"/>
  <testcase name="findAllWithQuery" time="0.001" classname="org.molgenis.data.annotation.core.entity.impl.omim.OmimRepositoryTest"/>
  <testcase name="count" time="0.006" classname="org.molgenis.data.annotation.core.entity.impl.omim.OmimRepositoryTest"/>
</testsuite> <!-- org.molgenis.data.annotation.core.entity.impl.omim.OmimRepositoryTest -->
