<?xml version="1.0" encoding="UTF-8"?>
<!-- Generated by org.testng.reporters.JUnitReportReporter -->
<testsuite hostname="cyclone1" name="org.molgenis.data.annotation.core.entity.impl.hpo.HPOResultFilterTest" tests="1" failures="0" timestamp="6 Jun 2018 08:49:40 GMT" time="0.005" errors="0">
  <testcase name="filterResults" time="0.005" classname="org.molgenis.data.annotation.core.entity.impl.hpo.HPOResultFilterTest"/>
</testsuite> <!-- org.molgenis.data.annotation.core.entity.impl.hpo.HPOResultFilterTest -->
