<?xml version="1.0" encoding="UTF-8"?>
<!-- Generated by org.testng.reporters.JUnitReportReporter -->
<testsuite hostname="cyclone1" name="org.molgenis.data.annotation.core.entity.impl.ThousandGenomesAnnotatorTest" tests="2" failures="0" timestamp="6 Jun 2018 08:49:40 GMT" time="0.097" errors="0">
  <testcase name="testAnnotateNegative" time="0.020" classname="org.molgenis.data.annotation.core.entity.impl.ThousandGenomesAnnotatorTest"/>
  <testcase name="testAnnotate" time="0.077" classname="org.molgenis.data.annotation.core.entity.impl.ThousandGenomesAnnotatorTest"/>
</testsuite> <!-- org.molgenis.data.annotation.core.entity.impl.ThousandGenomesAnnotatorTest -->
