<?xml version="1.0" encoding="UTF-8"?>
<!-- Generated by org.testng.reporters.JUnitReportReporter -->
<testsuite hostname="cyclone1" name="org.molgenis.data.annotation.core.query.LocusQueryCreatorTest" tests="2" failures="0" timestamp="6 Jun 2018 08:49:40 GMT" time="0.003" errors="0">
  <testcase name="getRequiredAttributes" time="0.003" classname="org.molgenis.data.annotation.core.query.LocusQueryCreatorTest"/>
  <testcase name="createQueryEntity" time="0.000" classname="org.molgenis.data.annotation.core.query.LocusQueryCreatorTest"/>
</testsuite> <!-- org.molgenis.data.annotation.core.query.LocusQueryCreatorTest -->
