<?xml version="1.0" encoding="UTF-8"?>
<!-- Generated by org.testng.reporters.JUnitReportReporter -->
<testsuite hostname="cyclone1" name="org.modelmapper.dagger.DaggerIntegrationTest" tests="1" failures="0" timestamp="26 May 2018 07:31:27 GMT" time="0.091" errors="0">
  <testcase name="testFromDagger" time="0.091" classname="org.modelmapper.dagger.DaggerIntegrationTest"/>
</testsuite> <!-- org.modelmapper.dagger.DaggerIntegrationTest -->
