<?xml version="1.0" encoding="UTF-8"?>
<!-- Generated by org.testng.reporters.JUnitReportReporter -->
<testsuite hostname="cyclone1" name="org.molgenis.security.core.runas.RunAsSystemAspectTest" tests="1" failures="0" timestamp="29 May 2018 11:48:42 GMT" time="0.040" errors="0">
  <testcase name="invoke" time="0.040" classname="org.molgenis.security.core.runas.RunAsSystemAspectTest"/>
</testsuite> <!-- org.molgenis.security.core.runas.RunAsSystemAspectTest -->
