<?xml version="1.0" encoding="UTF-8"?>
<!-- Generated by org.testng.reporters.JUnitReportReporter -->
<testsuite hostname="cyclone1" name="org.molgenis.security.core.utils.SecurityUtilsTest" tests="9" failures="0" timestamp="7 Jun 2018 14:46:03 GMT" time="0.077" errors="0">
  <testcase name="currentUserIsAuthenticated_false" time="0.004" classname="org.molgenis.security.core.utils.SecurityUtilsTest"/>
  <testcase name="currentUserIsSu_false" time="0.002" classname="org.molgenis.security.core.utils.SecurityUtilsTest"/>
  <testcase name="currentUserIsSu_true" time="0.001" classname="org.molgenis.security.core.utils.SecurityUtilsTest"/>
  <testcase name="getCurrentUsername" time="0.060" classname="org.molgenis.security.core.utils.SecurityUtilsTest"/>
  <testcase name="currentUserIsAuthenticated_true" time="0.001" classname="org.molgenis.security.core.utils.SecurityUtilsTest"/>
  <testcase name="currentUserIsSystemTrue" time="0.002" classname="org.molgenis.security.core.utils.SecurityUtilsTest"/>
  <testcase name="currentUserIsAuthenticated_falseAnonymous" time="0.003" classname="org.molgenis.security.core.utils.SecurityUtilsTest"/>
  <testcase name="currentUserIsSystemFalse" time="0.002" classname="org.molgenis.security.core.utils.SecurityUtilsTest"/>
  <testcase name="isUserInRole" time="0.002" classname="org.molgenis.security.core.utils.SecurityUtilsTest"/>
</testsuite> <!-- org.molgenis.security.core.utils.SecurityUtilsTest -->
