<?xml version="1.0" encoding="UTF-8"?>
<!-- Generated by org.testng.reporters.JUnitReportReporter -->
<testsuite hostname="cyclone1" name="org.molgenis.security.core.GroupValueFactoryTest" tests="4" failures="0" timestamp="7 Jun 2018 14:46:03 GMT" time="0.035" errors="0">
  <testcase name="testCreateRoleName" time="0.000" classname="org.molgenis.security.core.GroupValueFactoryTest"/>
  <testcase name="testCreateRoleName" time="0.000" classname="org.molgenis.security.core.GroupValueFactoryTest"/>
  <testcase name="testCreateRoleName" time="0.000" classname="org.molgenis.security.core.GroupValueFactoryTest"/>
  <testcase name="testCreateGroup" time="0.035" classname="org.molgenis.security.core.GroupValueFactoryTest"/>
</testsuite> <!-- org.molgenis.security.core.GroupValueFactoryTest -->
