<?xml version="1.0" encoding="UTF-8"?>
<!-- Generated by org.testng.reporters.JUnitReportReporter -->
<testsuite hostname="cyclone1" name="org.molgenis.security.core.PermissionServiceImplTest" tests="2" failures="0" timestamp="6 Jun 2018 21:41:58 GMT" time="1.201" errors="0">
  <testcase name="testGrantPermissionSetForSingleObject" time="1.189" classname="org.molgenis.security.core.PermissionServiceImplTest"/>
  <testcase name="testGrantPermissionSetsForMultipleObjects" time="0.012" classname="org.molgenis.security.core.PermissionServiceImplTest"/>
</testsuite> <!-- org.molgenis.security.core.PermissionServiceImplTest -->
