<?xml version="1.0" encoding="UTF-8"?>
<!-- Generated by org.testng.reporters.JUnitReportReporter -->
<testsuite hostname="cyclone1" name="org.molgenis.security.core.MolgenisPasswordEncoderTest" tests="4" failures="0" timestamp="29 May 2018 11:48:42 GMT" time="2.265" errors="0">
  <testcase name="encode" time="2.245" classname="org.molgenis.security.core.MolgenisPasswordEncoderTest"/>
  <testcase name="MolgenisPasswordEncoder" time="0.017" classname="org.molgenis.security.core.MolgenisPasswordEncoderTest"/>
  <testcase name="matches_noMatch" time="0.000" classname="org.molgenis.security.core.MolgenisPasswordEncoderTest"/>
  <testcase name="matches" time="0.003" classname="org.molgenis.security.core.MolgenisPasswordEncoderTest"/>
</testsuite> <!-- org.molgenis.security.core.MolgenisPasswordEncoderTest -->
