<?xml version="1.0" encoding="UTF-8"?>
<!-- Generated by org.testng.reporters.JUnitReportReporter -->
<testsuite hostname="cyclone1" name="org.molgenis.security.core.runas.RunAsSystemAspectTest" tests="1" failures="0" timestamp="4 Jun 2018 11:12:54 GMT" time="0.018" errors="0">
  <testcase name="invoke" time="0.018" classname="org.molgenis.security.core.runas.RunAsSystemAspectTest"/>
</testsuite> <!-- org.molgenis.security.core.runas.RunAsSystemAspectTest -->
