<?xml version="1.0" encoding="UTF-8"?>
<!-- Generated by org.testng.reporters.JUnitReportReporter -->
<testsuite hostname="cyclone1" name="org.molgenis.security.core.utils.SecurityUtilsTest" tests="9" failures="0" timestamp="6 Jun 2018 08:44:37 GMT" time="0.133" errors="0">
  <testcase name="currentUserIsSu_false" time="0.002" classname="org.molgenis.security.core.utils.SecurityUtilsTest"/>
  <testcase name="currentUserIsAuthenticated_falseAnonymous" time="0.113" classname="org.molgenis.security.core.utils.SecurityUtilsTest"/>
  <testcase name="getCurrentUsername" time="0.002" classname="org.molgenis.security.core.utils.SecurityUtilsTest"/>
  <testcase name="currentUserIsAuthenticated_false" time="0.006" classname="org.molgenis.security.core.utils.SecurityUtilsTest"/>
  <testcase name="currentUserIsSystemTrue" time="0.002" classname="org.molgenis.security.core.utils.SecurityUtilsTest"/>
  <testcase name="currentUserIsAuthenticated_true" time="0.002" classname="org.molgenis.security.core.utils.SecurityUtilsTest"/>
  <testcase name="isUserInRole" time="0.002" classname="org.molgenis.security.core.utils.SecurityUtilsTest"/>
  <testcase name="currentUserIsSystemFalse" time="0.002" classname="org.molgenis.security.core.utils.SecurityUtilsTest"/>
  <testcase name="currentUserIsSu_true" time="0.002" classname="org.molgenis.security.core.utils.SecurityUtilsTest"/>
</testsuite> <!-- org.molgenis.security.core.utils.SecurityUtilsTest -->
