<?xml version="1.0" encoding="UTF-8"?>
<!-- Generated by org.testng.reporters.JUnitReportReporter -->
<testsuite hostname="cyclone1" name="org.molgenis.security.core.runas.RunAsSystemAspectTest" tests="1" failures="0" timestamp="6 Jun 2018 21:41:58 GMT" time="0.020" errors="0">
  <testcase name="invoke" time="0.020" classname="org.molgenis.security.core.runas.RunAsSystemAspectTest"/>
</testsuite> <!-- org.molgenis.security.core.runas.RunAsSystemAspectTest -->
