<?xml version="1.0" encoding="UTF-8"?>
<!-- Generated by org.testng.reporters.JUnitReportReporter -->
<testsuite hostname="cyclone1" name="org.molgenis.security.core.PermissionServiceImplTest" tests="2" failures="0" timestamp="30 May 2018 12:49:43 GMT" time="0.427" errors="0">
  <testcase name="testGrantPermissionSetsForMultipleObjects" time="0.021" classname="org.molgenis.security.core.PermissionServiceImplTest"/>
  <testcase name="testGrantPermissionSetForSingleObject" time="0.406" classname="org.molgenis.security.core.PermissionServiceImplTest"/>
</testsuite> <!-- org.molgenis.security.core.PermissionServiceImplTest -->
