<?xml version="1.0" encoding="UTF-8"?>
<!-- Generated by org.testng.reporters.JUnitReportReporter -->
<testsuite hostname="cyclone1" name="org.molgenis.security.core.runas.RunAsSystemAspectTest" tests="1" failures="0" timestamp="30 May 2018 09:28:38 GMT" time="0.017" errors="0">
  <testcase name="invoke" time="0.017" classname="org.molgenis.security.core.runas.RunAsSystemAspectTest"/>
</testsuite> <!-- org.molgenis.security.core.runas.RunAsSystemAspectTest -->
