<?xml version="1.0" encoding="UTF-8"?>
<!-- Generated by org.testng.reporters.JUnitReportReporter -->
<testsuite hostname="cyclone1" name="org.molgenis.security.core.MolgenisPasswordEncoderTest" tests="4" failures="0" timestamp="7 Jun 2018 14:46:03 GMT" time="0.822" errors="0">
  <testcase name="encode" time="0.809" classname="org.molgenis.security.core.MolgenisPasswordEncoderTest"/>
  <testcase name="matches" time="0.001" classname="org.molgenis.security.core.MolgenisPasswordEncoderTest"/>
  <testcase name="MolgenisPasswordEncoder" time="0.011" classname="org.molgenis.security.core.MolgenisPasswordEncoderTest"/>
  <testcase name="matches_noMatch" time="0.001" classname="org.molgenis.security.core.MolgenisPasswordEncoderTest"/>
</testsuite> <!-- org.molgenis.security.core.MolgenisPasswordEncoderTest -->
