<?xml version="1.0" encoding="UTF-8"?>
<!-- Generated by org.testng.reporters.JUnitReportReporter -->
<testsuite hostname="cyclone1" name="org.molgenis.security.core.PermissionServiceImplTest" tests="2" failures="0" timestamp="30 May 2018 10:05:16 GMT" time="1.046" errors="0">
  <testcase name="testGrantPermissionSetForSingleObject" time="0.809" classname="org.molgenis.security.core.PermissionServiceImplTest"/>
  <testcase name="testGrantPermissionSetsForMultipleObjects" time="0.237" classname="org.molgenis.security.core.PermissionServiceImplTest"/>
</testsuite> <!-- org.molgenis.security.core.PermissionServiceImplTest -->
