<?xml version="1.0" encoding="UTF-8"?>
<!-- Generated by org.testng.reporters.JUnitReportReporter -->
<testsuite hostname="cyclone1" name="org.molgenis.security.core.utils.SecurityUtilsTest" tests="9" failures="0" timestamp="30 May 2018 10:05:16 GMT" time="0.379" errors="0">
  <testcase name="getCurrentUsername" time="0.010" classname="org.molgenis.security.core.utils.SecurityUtilsTest"/>
  <testcase name="currentUserIsAuthenticated_falseAnonymous" time="0.004" classname="org.molgenis.security.core.utils.SecurityUtilsTest"/>
  <testcase name="currentUserIsSu_true" time="0.009" classname="org.molgenis.security.core.utils.SecurityUtilsTest"/>
  <testcase name="currentUserIsSystemTrue" time="0.003" classname="org.molgenis.security.core.utils.SecurityUtilsTest"/>
  <testcase name="currentUserIsAuthenticated_true" time="0.002" classname="org.molgenis.security.core.utils.SecurityUtilsTest"/>
  <testcase name="currentUserIsSystemFalse" time="0.310" classname="org.molgenis.security.core.utils.SecurityUtilsTest"/>
  <testcase name="currentUserIsSu_false" time="0.015" classname="org.molgenis.security.core.utils.SecurityUtilsTest"/>
  <testcase name="isUserInRole" time="0.003" classname="org.molgenis.security.core.utils.SecurityUtilsTest"/>
  <testcase name="currentUserIsAuthenticated_false" time="0.023" classname="org.molgenis.security.core.utils.SecurityUtilsTest"/>
</testsuite> <!-- org.molgenis.security.core.utils.SecurityUtilsTest -->
