<?xml version="1.0" encoding="UTF-8"?>
<!-- Generated by org.testng.reporters.JUnitReportReporter -->
<testsuite hostname="cyclone1" name="org.molgenis.security.core.GroupValueFactoryTest" tests="1" failures="0" timestamp="30 May 2018 10:05:16 GMT" time="0.055" errors="0">
  <testcase name="testCreateGroup" time="0.055" classname="org.molgenis.security.core.GroupValueFactoryTest"/>
</testsuite> <!-- org.molgenis.security.core.GroupValueFactoryTest -->
