<?xml version="1.0" encoding="UTF-8"?>
<!-- Generated by org.testng.reporters.JUnitReportReporter -->
<testsuite hostname="cyclone1" name="org.molgenis.security.core.PermissionServiceImplTest" tests="2" failures="0" timestamp="7 Jun 2018 14:46:03 GMT" time="0.451" errors="0">
  <testcase name="testGrantPermissionSetForSingleObject" time="0.435" classname="org.molgenis.security.core.PermissionServiceImplTest"/>
  <testcase name="testGrantPermissionSetsForMultipleObjects" time="0.016" classname="org.molgenis.security.core.PermissionServiceImplTest"/>
</testsuite> <!-- org.molgenis.security.core.PermissionServiceImplTest -->
