<?xml version="1.0" encoding="UTF-8"?>
<!-- Generated by org.testng.reporters.JUnitReportReporter -->
<testsuite hostname="cyclone1" name="org.molgenis.security.core.runas.SystemSecurityTokenTest" tests="3" failures="0" timestamp="30 May 2018 10:05:16 GMT" time="0.013" errors="0">
  <testcase name="getCredentials" time="0.001" classname="org.molgenis.security.core.runas.SystemSecurityTokenTest"/>
  <testcase name="SystemSecurityToken" time="0.011" classname="org.molgenis.security.core.runas.SystemSecurityTokenTest"/>
  <testcase name="getPrincipal" time="0.001" classname="org.molgenis.security.core.runas.SystemSecurityTokenTest"/>
</testsuite> <!-- org.molgenis.security.core.runas.SystemSecurityTokenTest -->
