<?xml version="1.0" encoding="UTF-8"?>
<!-- Generated by org.testng.reporters.JUnitReportReporter -->
<testsuite hostname="cyclone1" name="org.molgenis.security.core.SidUtilsTest" tests="4" failures="0" timestamp="6 Jun 2018 08:44:37 GMT" time="0.003" errors="0">
  <testcase name="testCreateRoleAuthority" time="0.001" classname="org.molgenis.security.core.SidUtilsTest"/>
  <testcase name="testCreateSidRole" time="0.001" classname="org.molgenis.security.core.SidUtilsTest"/>
  <testcase name="testCreateSidUser" time="0.001" classname="org.molgenis.security.core.SidUtilsTest"/>
  <testcase name="testCreateSidUsernameAnonymous" time="0.000" classname="org.molgenis.security.core.SidUtilsTest"/>
</testsuite> <!-- org.molgenis.security.core.SidUtilsTest -->
