<?xml version="1.0" encoding="UTF-8"?>
<!-- Generated by org.testng.reporters.JUnitReportReporter -->
<testsuite hostname="cyclone1" name="org.molgenis.security.core.MolgenisPasswordEncoderTest" tests="4" failures="0" timestamp="30 May 2018 10:05:16 GMT" time="0.051" errors="0">
  <testcase name="MolgenisPasswordEncoder" time="0.001" classname="org.molgenis.security.core.MolgenisPasswordEncoderTest"/>
  <testcase name="matches_noMatch" time="0.000" classname="org.molgenis.security.core.MolgenisPasswordEncoderTest"/>
  <testcase name="encode" time="0.049" classname="org.molgenis.security.core.MolgenisPasswordEncoderTest"/>
  <testcase name="matches" time="0.001" classname="org.molgenis.security.core.MolgenisPasswordEncoderTest"/>
</testsuite> <!-- org.molgenis.security.core.MolgenisPasswordEncoderTest -->
