<?xml version="1.0" encoding="UTF-8"?>
<!-- Generated by org.testng.reporters.JUnitReportReporter -->
<testsuite hostname="cyclone1" name="org.molgenis.security.core.runas.SystemSecurityTokenTest" tests="3" failures="0" timestamp="30 May 2018 12:49:43 GMT" time="0.012" errors="0">
  <testcase name="getCredentials" time="0.001" classname="org.molgenis.security.core.runas.SystemSecurityTokenTest"/>
  <testcase name="SystemSecurityToken" time="0.010" classname="org.molgenis.security.core.runas.SystemSecurityTokenTest"/>
  <testcase name="getPrincipal" time="0.001" classname="org.molgenis.security.core.runas.SystemSecurityTokenTest"/>
</testsuite> <!-- org.molgenis.security.core.runas.SystemSecurityTokenTest -->
