<?xml version="1.0" encoding="UTF-8"?>
<!-- Generated by org.testng.reporters.JUnitReportReporter -->
<testsuite hostname="cyclone1" name="org.molgenis.data.meta.system.SystemEntityTypePersisterTest" tests="3" failures="0" timestamp="7 Jun 2018 14:49:01 GMT" time="2.837" errors="0">
  <testcase name="persistSystemPackageNoChange" time="0.016" classname="org.molgenis.data.meta.system.SystemEntityTypePersisterTest"/>
  <testcase name="removeNonExistingSystemEntities" time="2.447" classname="org.molgenis.data.meta.system.SystemEntityTypePersisterTest"/>
  <testcase name="persistSystemPackageChange" time="0.374" classname="org.molgenis.data.meta.system.SystemEntityTypePersisterTest"/>
</testsuite> <!-- org.molgenis.data.meta.system.SystemEntityTypePersisterTest -->
