<?xml version="1.0" encoding="UTF-8"?>
<!-- Generated by org.testng.reporters.JUnitReportReporter -->
<testsuite hostname="cyclone1" name="org.molgenis.data.meta.system.SystemEntityTypePersisterTest" tests="3" failures="0" timestamp="4 Jun 2018 11:15:24 GMT" time="2.731" errors="0">
  <testcase name="persistSystemPackageNoChange" time="0.008" classname="org.molgenis.data.meta.system.SystemEntityTypePersisterTest"/>
  <testcase name="removeNonExistingSystemEntities" time="2.320" classname="org.molgenis.data.meta.system.SystemEntityTypePersisterTest"/>
  <testcase name="persistSystemPackageChange" time="0.403" classname="org.molgenis.data.meta.system.SystemEntityTypePersisterTest"/>
</testsuite> <!-- org.molgenis.data.meta.system.SystemEntityTypePersisterTest -->
