<?xml version="1.0" encoding="UTF-8"?>
<!-- Generated by org.testng.reporters.JUnitReportReporter -->
<testsuite hostname="cyclone1" name="org.molgenis.data.meta.system.SystemEntityTypePersisterTest" tests="3" failures="0" timestamp="6 Jun 2018 21:44:55 GMT" time="3.172" errors="0">
  <testcase name="removeNonExistingSystemEntities" time="2.830" classname="org.molgenis.data.meta.system.SystemEntityTypePersisterTest"/>
  <testcase name="persistSystemPackageChange" time="0.334" classname="org.molgenis.data.meta.system.SystemEntityTypePersisterTest"/>
  <testcase name="persistSystemPackageNoChange" time="0.008" classname="org.molgenis.data.meta.system.SystemEntityTypePersisterTest"/>
</testsuite> <!-- org.molgenis.data.meta.system.SystemEntityTypePersisterTest -->
