<?xml version="1.0" encoding="UTF-8"?>
<!-- Generated by org.testng.reporters.JUnitReportReporter -->
<testsuite hostname="cyclone1" name="org.molgenis.data.meta.system.SystemEntityTypePersisterTest" tests="3" failures="0" timestamp="6 Jun 2018 08:47:20 GMT" time="2.768" errors="0">
  <testcase name="persistSystemPackageNoChange" time="0.009" classname="org.molgenis.data.meta.system.SystemEntityTypePersisterTest"/>
  <testcase name="removeNonExistingSystemEntities" time="2.414" classname="org.molgenis.data.meta.system.SystemEntityTypePersisterTest"/>
  <testcase name="persistSystemPackageChange" time="0.345" classname="org.molgenis.data.meta.system.SystemEntityTypePersisterTest"/>
</testsuite> <!-- org.molgenis.data.meta.system.SystemEntityTypePersisterTest -->
