<?xml version="1.0" encoding="UTF-8"?>
<!-- Generated by org.testng.reporters.JUnitReportReporter -->
<testsuite hostname="cyclone1" name="org.molgenis.data.excel.ExcelRepositoryTest" tests="16" failures="0" timestamp="6 Jun 2018 14:19:35 GMT" time="1.791" errors="0">
  <testcase name="iteratorHeaderCaseSensitive" time="0.236" classname="org.molgenis.data.excel.ExcelRepositoryTest"/>
  <testcase name="getAttribute" time="0.008" classname="org.molgenis.data.excel.ExcelRepositoryTest"/>
  <testcase name="getDescription" time="0.012" classname="org.molgenis.data.excel.ExcelRepositoryTest"/>
  <testcase name="getNrRows" time="0.006" classname="org.molgenis.data.excel.ExcelRepositoryTest"/>
  <testcase name="ExcelRepository" time="0.008" classname="org.molgenis.data.excel.ExcelRepositoryTest"/>
  <testcase name="addCellProcessor_data" time="0.175" classname="org.molgenis.data.excel.ExcelRepositoryTest"/>
  <testcase name="getIdAttribute" time="0.015" classname="org.molgenis.data.excel.ExcelRepositoryTest"/>
  <testcase name="getLabelAttribute" time="0.008" classname="org.molgenis.data.excel.ExcelRepositoryTest"/>
  <testcase name="iterator" time="0.032" classname="org.molgenis.data.excel.ExcelRepositoryTest"/>
  <testcase name="getName" time="0.010" classname="org.molgenis.data.excel.ExcelRepositoryTest"/>
  <testcase name="addCellProcessor_header" time="0.011" classname="org.molgenis.data.excel.ExcelRepositoryTest"/>
  <testcase name="getAttributes" time="0.018" classname="org.molgenis.data.excel.ExcelRepositoryTest"/>
  <testcase name="getLabel" time="0.007" classname="org.molgenis.data.excel.ExcelRepositoryTest"/>
  <testcase name="attributesAndIterator" time="0.015" classname="org.molgenis.data.excel.ExcelRepositoryTest"/>
  <testcase name="iteratorDuplicateSheetHeader" time="1.218" classname="org.molgenis.data.excel.ExcelRepositoryTest"/>
  <testcase name="iteratorNextWhenNoNext" time="0.012" classname="org.molgenis.data.excel.ExcelRepositoryTest"/>
</testsuite> <!-- org.molgenis.data.excel.ExcelRepositoryTest -->
