<?xml version="1.0" encoding="UTF-8"?>
<!-- Generated by org.testng.reporters.JUnitReportReporter -->
<testsuite hostname="cyclone1" name="org.molgenis.data.excel.ExcelRepositoryTest" tests="16" failures="0" timestamp="6 Jun 2018 08:46:48 GMT" time="1.474" errors="0">
  <testcase name="iteratorNextWhenNoNext" time="0.009" classname="org.molgenis.data.excel.ExcelRepositoryTest"/>
  <testcase name="addCellProcessor_header" time="0.016" classname="org.molgenis.data.excel.ExcelRepositoryTest"/>
  <testcase name="getLabelAttribute" time="0.010" classname="org.molgenis.data.excel.ExcelRepositoryTest"/>
  <testcase name="iterator" time="0.009" classname="org.molgenis.data.excel.ExcelRepositoryTest"/>
  <testcase name="getAttributes" time="0.009" classname="org.molgenis.data.excel.ExcelRepositoryTest"/>
  <testcase name="getAttribute" time="0.012" classname="org.molgenis.data.excel.ExcelRepositoryTest"/>
  <testcase name="getIdAttribute" time="0.022" classname="org.molgenis.data.excel.ExcelRepositoryTest"/>
  <testcase name="ExcelRepository" time="0.008" classname="org.molgenis.data.excel.ExcelRepositoryTest"/>
  <testcase name="getDescription" time="0.009" classname="org.molgenis.data.excel.ExcelRepositoryTest"/>
  <testcase name="getName" time="0.008" classname="org.molgenis.data.excel.ExcelRepositoryTest"/>
  <testcase name="attributesAndIterator" time="0.010" classname="org.molgenis.data.excel.ExcelRepositoryTest"/>
  <testcase name="getNrRows" time="0.009" classname="org.molgenis.data.excel.ExcelRepositoryTest"/>
  <testcase name="addCellProcessor_data" time="0.203" classname="org.molgenis.data.excel.ExcelRepositoryTest"/>
  <testcase name="getLabel" time="0.017" classname="org.molgenis.data.excel.ExcelRepositoryTest"/>
  <testcase name="iteratorHeaderCaseSensitive" time="0.056" classname="org.molgenis.data.excel.ExcelRepositoryTest"/>
  <testcase name="iteratorDuplicateSheetHeader" time="1.067" classname="org.molgenis.data.excel.ExcelRepositoryTest"/>
</testsuite> <!-- org.molgenis.data.excel.ExcelRepositoryTest -->
