<?xml version="1.0" encoding="UTF-8"?>
<!-- Generated by org.testng.reporters.JUnitReportReporter -->
<testsuite hostname="cyclone1" name="org.molgenis.data.excel.ExcelWriterTest" tests="9" failures="0" timestamp="4 Jun 2018 11:14:53 GMT" time="1.823" errors="0">
  <testcase name="addCellProcessor_header" time="0.008" classname="org.molgenis.data.excel.ExcelWriterTest"/>
  <testcase name="ExcelWriterFileFormat_XLSX" time="0.914" classname="org.molgenis.data.excel.ExcelWriterTest"/>
  <testcase name="createSheet" time="0.008" classname="org.molgenis.data.excel.ExcelWriterTest"/>
  <testcase name="ExcelWriter" time="0.018" classname="org.molgenis.data.excel.ExcelWriterTest"/>
  <testcase name="addCellProcessor_data" time="0.596" classname="org.molgenis.data.excel.ExcelWriterTest"/>
  <testcase name="createSheet_null" time="0.014" classname="org.molgenis.data.excel.ExcelWriterTest"/>
  <testcase name="ExcelWriterFileFormat_XLS" time="0.250" classname="org.molgenis.data.excel.ExcelWriterTest"/>
  <testcase name="ExcelWriterFileFormat_default" time="0.009" classname="org.molgenis.data.excel.ExcelWriterTest"/>
  <testcase name="close" time="0.006" classname="org.molgenis.data.excel.ExcelWriterTest"/>
</testsuite> <!-- org.molgenis.data.excel.ExcelWriterTest -->
