<?xml version="1.0" encoding="UTF-8"?>
<!-- Generated by org.testng.reporters.JUnitReportReporter -->
<testsuite hostname="cyclone1" name="org.molgenis.data.excel.ExcelSheetWriterTest" tests="2" failures="0" timestamp="7 Jun 2018 14:48:28 GMT" time="0.018" errors="0">
  <testcase name="write" time="0.009" classname="org.molgenis.data.excel.ExcelSheetWriterTest"/>
  <testcase name="addCellProcessor" time="0.009" classname="org.molgenis.data.excel.ExcelSheetWriterTest"/>
</testsuite> <!-- org.molgenis.data.excel.ExcelSheetWriterTest -->
