<?xml version="1.0" encoding="UTF-8"?>
<!-- Generated by org.testng.reporters.JUnitReportReporter -->
<testsuite hostname="cyclone1" name="org.molgenis.data.excel.ExcelRepositoryTest" tests="16" failures="0" timestamp="30 May 2018 12:52:35 GMT" time="0.637" errors="0">
  <testcase name="getDescription" time="0.008" classname="org.molgenis.data.excel.ExcelRepositoryTest"/>
  <testcase name="iteratorHeaderCaseSensitive" time="0.045" classname="org.molgenis.data.excel.ExcelRepositoryTest"/>
  <testcase name="getLabelAttribute" time="0.009" classname="org.molgenis.data.excel.ExcelRepositoryTest"/>
  <testcase name="getName" time="0.009" classname="org.molgenis.data.excel.ExcelRepositoryTest"/>
  <testcase name="attributesAndIterator" time="0.012" classname="org.molgenis.data.excel.ExcelRepositoryTest"/>
  <testcase name="getLabel" time="0.012" classname="org.molgenis.data.excel.ExcelRepositoryTest"/>
  <testcase name="ExcelRepository" time="0.009" classname="org.molgenis.data.excel.ExcelRepositoryTest"/>
  <testcase name="addCellProcessor_header" time="0.011" classname="org.molgenis.data.excel.ExcelRepositoryTest"/>
  <testcase name="iteratorDuplicateSheetHeader" time="0.204" classname="org.molgenis.data.excel.ExcelRepositoryTest"/>
  <testcase name="getNrRows" time="0.005" classname="org.molgenis.data.excel.ExcelRepositoryTest"/>
  <testcase name="iteratorNextWhenNoNext" time="0.019" classname="org.molgenis.data.excel.ExcelRepositoryTest"/>
  <testcase name="iterator" time="0.009" classname="org.molgenis.data.excel.ExcelRepositoryTest"/>
  <testcase name="getAttributes" time="0.007" classname="org.molgenis.data.excel.ExcelRepositoryTest"/>
  <testcase name="addCellProcessor_data" time="0.258" classname="org.molgenis.data.excel.ExcelRepositoryTest"/>
  <testcase name="getAttribute" time="0.008" classname="org.molgenis.data.excel.ExcelRepositoryTest"/>
  <testcase name="getIdAttribute" time="0.012" classname="org.molgenis.data.excel.ExcelRepositoryTest"/>
</testsuite> <!-- org.molgenis.data.excel.ExcelRepositoryTest -->
