<?xml version="1.0" encoding="UTF-8"?>
<!-- Generated by org.testng.reporters.JUnitReportReporter -->
<testsuite hostname="cyclone1" name="org.molgenis.data.excel.ExcelRepositorySourceTest" tests="3" failures="0" timestamp="6 Jun 2018 14:19:35 GMT" time="0.014" errors="0">
  <testcase name="getRepository" time="0.003" classname="org.molgenis.data.excel.ExcelRepositorySourceTest"/>
  <testcase name="getNumberOfSheets" time="0.006" classname="org.molgenis.data.excel.ExcelRepositorySourceTest"/>
  <testcase name="getRepositories" time="0.005" classname="org.molgenis.data.excel.ExcelRepositorySourceTest"/>
</testsuite> <!-- org.molgenis.data.excel.ExcelRepositorySourceTest -->
