<?xml version="1.0" encoding="UTF-8"?>
<!-- Generated by org.testng.reporters.JUnitReportReporter -->
<testsuite hostname="cyclone1" name="org.molgenis.data.excel.ExcelWriterTest" tests="9" failures="0" timestamp="7 Jun 2018 14:48:28 GMT" time="2.029" errors="0">
  <testcase name="createSheet" time="0.005" classname="org.molgenis.data.excel.ExcelWriterTest"/>
  <testcase name="ExcelWriter" time="0.010" classname="org.molgenis.data.excel.ExcelWriterTest"/>
  <testcase name="ExcelWriterFileFormat_XLS" time="0.310" classname="org.molgenis.data.excel.ExcelWriterTest"/>
  <testcase name="ExcelWriterFileFormat_XLSX" time="1.090" classname="org.molgenis.data.excel.ExcelWriterTest"/>
  <testcase name="close" time="0.008" classname="org.molgenis.data.excel.ExcelWriterTest"/>
  <testcase name="ExcelWriterFileFormat_default" time="0.003" classname="org.molgenis.data.excel.ExcelWriterTest"/>
  <testcase name="createSheet_null" time="0.010" classname="org.molgenis.data.excel.ExcelWriterTest"/>
  <testcase name="addCellProcessor_data" time="0.585" classname="org.molgenis.data.excel.ExcelWriterTest"/>
  <testcase name="addCellProcessor_header" time="0.008" classname="org.molgenis.data.excel.ExcelWriterTest"/>
</testsuite> <!-- org.molgenis.data.excel.ExcelWriterTest -->
