<?xml version="1.0" encoding="UTF-8"?>
<!-- Generated by org.testng.reporters.JUnitReportReporter -->
<testsuite hostname="cyclone1" name="org.molgenis.data.excel.ExcelSheetWriterTest" tests="2" failures="0" timestamp="30 May 2018 12:52:35 GMT" time="0.018" errors="0">
  <testcase name="addCellProcessor" time="0.008" classname="org.molgenis.data.excel.ExcelSheetWriterTest"/>
  <testcase name="write" time="0.010" classname="org.molgenis.data.excel.ExcelSheetWriterTest"/>
</testsuite> <!-- org.molgenis.data.excel.ExcelSheetWriterTest -->
