<?xml version="1.0" encoding="UTF-8"?>
<!-- Generated by org.testng.reporters.JUnitReportReporter -->
<testsuite hostname="cyclone1" name="org.molgenis.data.excel.ExcelRepositorySourceTest" tests="3" failures="0" timestamp="7 Jun 2018 14:48:28 GMT" time="0.168" errors="0">
  <testcase name="getNumberOfSheets" time="0.010" classname="org.molgenis.data.excel.ExcelRepositorySourceTest"/>
  <testcase name="getRepository" time="0.149" classname="org.molgenis.data.excel.ExcelRepositorySourceTest"/>
  <testcase name="getRepositories" time="0.009" classname="org.molgenis.data.excel.ExcelRepositorySourceTest"/>
</testsuite> <!-- org.molgenis.data.excel.ExcelRepositorySourceTest -->
