<?xml version="1.0" encoding="UTF-8"?>
<!-- Generated by org.testng.reporters.JUnitReportReporter -->
<testsuite hostname="cyclone1" name="org.molgenis.data.excel.ExcelWriterTest" tests="9" failures="0" timestamp="30 May 2018 12:52:35 GMT" time="2.476" errors="0">
  <testcase name="ExcelWriterFileFormat_XLS" time="0.348" classname="org.molgenis.data.excel.ExcelWriterTest"/>
  <testcase name="ExcelWriterFileFormat_XLSX" time="1.394" classname="org.molgenis.data.excel.ExcelWriterTest"/>
  <testcase name="addCellProcessor_header" time="0.006" classname="org.molgenis.data.excel.ExcelWriterTest"/>
  <testcase name="ExcelWriterFileFormat_default" time="0.006" classname="org.molgenis.data.excel.ExcelWriterTest"/>
  <testcase name="createSheet_null" time="0.004" classname="org.molgenis.data.excel.ExcelWriterTest"/>
  <testcase name="close" time="0.006" classname="org.molgenis.data.excel.ExcelWriterTest"/>
  <testcase name="ExcelWriter" time="0.015" classname="org.molgenis.data.excel.ExcelWriterTest"/>
  <testcase name="addCellProcessor_data" time="0.687" classname="org.molgenis.data.excel.ExcelWriterTest"/>
  <testcase name="createSheet" time="0.010" classname="org.molgenis.data.excel.ExcelWriterTest"/>
</testsuite> <!-- org.molgenis.data.excel.ExcelWriterTest -->
