<?xml version="1.0" encoding="UTF-8"?>
<!-- Generated by org.testng.reporters.JUnitReportReporter -->
<testsuite hostname="cyclone1" name="org.molgenis.data.excel.ExcelRepositorySourceTest" tests="3" failures="0" timestamp="4 Jun 2018 11:14:53 GMT" time="0.161" errors="0">
  <testcase name="getRepositories" time="0.009" classname="org.molgenis.data.excel.ExcelRepositorySourceTest"/>
  <testcase name="getRepository" time="0.035" classname="org.molgenis.data.excel.ExcelRepositorySourceTest"/>
  <testcase name="getNumberOfSheets" time="0.117" classname="org.molgenis.data.excel.ExcelRepositorySourceTest"/>
</testsuite> <!-- org.molgenis.data.excel.ExcelRepositorySourceTest -->
