<?xml version="1.0" encoding="UTF-8"?>
<!-- Generated by org.testng.reporters.JUnitReportReporter -->
<testsuite hostname="cyclone1" name="org.molgenis.data.excel.ExcelUtilsTest" tests="8" failures="0" timestamp="4 Jun 2018 11:14:53 GMT" time="0.459" errors="0">
  <testcase name="testToValueNumericLong" time="0.001" classname="org.molgenis.data.excel.ExcelUtilsTest"/>
  <testcase name="getNumberOfSheetsTest" time="0.013" classname="org.molgenis.data.excel.ExcelUtilsTest"/>
  <testcase name="getNumberOfSheetsTestCSV" time="0.000" classname="org.molgenis.data.excel.ExcelUtilsTest"/>
  <testcase name="testToValueFormulaNumericLong" time="0.287" classname="org.molgenis.data.excel.ExcelUtilsTest"/>
  <testcase name="testIsExcelFileTrueXLSX" time="0.001" classname="org.molgenis.data.excel.ExcelUtilsTest"/>
  <testcase name="testIsExcelFileTrueXLS" time="0.000" classname="org.molgenis.data.excel.ExcelUtilsTest"/>
  <testcase name="testIsExcelFileFalse" time="0.001" classname="org.molgenis.data.excel.ExcelUtilsTest"/>
  <testcase name="renameSheetTest" time="0.156" classname="org.molgenis.data.excel.ExcelUtilsTest"/>
</testsuite> <!-- org.molgenis.data.excel.ExcelUtilsTest -->
