<?xml version="1.0" encoding="UTF-8"?>
<!-- Generated by org.testng.reporters.JUnitReportReporter -->
<testsuite hostname="cyclone1" name="org.molgenis.data.excel.ExcelWriterTest" tests="9" failures="0" timestamp="1 Jun 2018 11:35:53 GMT" time="3.651" errors="0">
  <testcase name="addCellProcessor_header" time="0.008" classname="org.molgenis.data.excel.ExcelWriterTest"/>
  <testcase name="ExcelWriterFileFormat_XLSX" time="2.128" classname="org.molgenis.data.excel.ExcelWriterTest"/>
  <testcase name="createSheet" time="0.007" classname="org.molgenis.data.excel.ExcelWriterTest"/>
  <testcase name="ExcelWriter" time="0.093" classname="org.molgenis.data.excel.ExcelWriterTest"/>
  <testcase name="addCellProcessor_data" time="0.645" classname="org.molgenis.data.excel.ExcelWriterTest"/>
  <testcase name="createSheet_null" time="0.011" classname="org.molgenis.data.excel.ExcelWriterTest"/>
  <testcase name="ExcelWriterFileFormat_XLS" time="0.746" classname="org.molgenis.data.excel.ExcelWriterTest"/>
  <testcase name="ExcelWriterFileFormat_default" time="0.008" classname="org.molgenis.data.excel.ExcelWriterTest"/>
  <testcase name="close" time="0.005" classname="org.molgenis.data.excel.ExcelWriterTest"/>
</testsuite> <!-- org.molgenis.data.excel.ExcelWriterTest -->
