<?xml version="1.0" encoding="UTF-8"?>
<!-- Generated by org.testng.reporters.JUnitReportReporter -->
<testsuite hostname="cyclone1" name="org.molgenis.data.excel.ExcelRepositoryTest" tests="16" failures="0" timestamp="4 Jun 2018 11:14:53 GMT" time="0.434" errors="0">
  <testcase name="getIdAttribute" time="0.006" classname="org.molgenis.data.excel.ExcelRepositoryTest"/>
  <testcase name="ExcelRepository" time="0.007" classname="org.molgenis.data.excel.ExcelRepositoryTest"/>
  <testcase name="getAttributes" time="0.008" classname="org.molgenis.data.excel.ExcelRepositoryTest"/>
  <testcase name="getDescription" time="0.007" classname="org.molgenis.data.excel.ExcelRepositoryTest"/>
  <testcase name="iteratorHeaderCaseSensitive" time="0.052" classname="org.molgenis.data.excel.ExcelRepositoryTest"/>
  <testcase name="getNrRows" time="0.006" classname="org.molgenis.data.excel.ExcelRepositoryTest"/>
  <testcase name="getAttribute" time="0.009" classname="org.molgenis.data.excel.ExcelRepositoryTest"/>
  <testcase name="iterator" time="0.010" classname="org.molgenis.data.excel.ExcelRepositoryTest"/>
  <testcase name="iteratorDuplicateSheetHeader" time="0.192" classname="org.molgenis.data.excel.ExcelRepositoryTest"/>
  <testcase name="getName" time="0.013" classname="org.molgenis.data.excel.ExcelRepositoryTest"/>
  <testcase name="attributesAndIterator" time="0.008" classname="org.molgenis.data.excel.ExcelRepositoryTest"/>
  <testcase name="getLabel" time="0.006" classname="org.molgenis.data.excel.ExcelRepositoryTest"/>
  <testcase name="getLabelAttribute" time="0.007" classname="org.molgenis.data.excel.ExcelRepositoryTest"/>
  <testcase name="iteratorNextWhenNoNext" time="0.008" classname="org.molgenis.data.excel.ExcelRepositoryTest"/>
  <testcase name="addCellProcessor_data" time="0.087" classname="org.molgenis.data.excel.ExcelRepositoryTest"/>
  <testcase name="addCellProcessor_header" time="0.008" classname="org.molgenis.data.excel.ExcelRepositoryTest"/>
</testsuite> <!-- org.molgenis.data.excel.ExcelRepositoryTest -->
