<?xml version="1.0" encoding="UTF-8"?>
<!-- Generated by org.testng.reporters.JUnitReportReporter -->
<testsuite hostname="cyclone1" name="org.molgenis.data.excel.ExcelSheetWriterTest" tests="2" failures="0" timestamp="6 Jun 2018 08:46:48 GMT" time="0.011" errors="0">
  <testcase name="addCellProcessor" time="0.005" classname="org.molgenis.data.excel.ExcelSheetWriterTest"/>
  <testcase name="write" time="0.006" classname="org.molgenis.data.excel.ExcelSheetWriterTest"/>
</testsuite> <!-- org.molgenis.data.excel.ExcelSheetWriterTest -->
