<?xml version="1.0" encoding="UTF-8"?>
<!-- Generated by org.testng.reporters.JUnitReportReporter -->
<testsuite hostname="cyclone1" name="org.molgenis.data.excel.ExcelRepositorySourceTest" tests="3" failures="0" timestamp="1 Jun 2018 11:35:53 GMT" time="0.412" errors="0">
  <testcase name="getRepositories" time="0.008" classname="org.molgenis.data.excel.ExcelRepositorySourceTest"/>
  <testcase name="getRepository" time="0.045" classname="org.molgenis.data.excel.ExcelRepositorySourceTest"/>
  <testcase name="getNumberOfSheets" time="0.359" classname="org.molgenis.data.excel.ExcelRepositorySourceTest"/>
</testsuite> <!-- org.molgenis.data.excel.ExcelRepositorySourceTest -->
