<?xml version="1.0" encoding="UTF-8"?>
<!-- Generated by org.testng.reporters.JUnitReportReporter -->
<testsuite hostname="cyclone1" name="org.molgenis.data.excel.ExcelEntityTest" tests="9" failures="0" timestamp="1 Jun 2018 11:35:53 GMT" time="0.221" errors="0">
  <testcase name="getNumericDateType" time="0.101" classname="org.molgenis.data.excel.ExcelEntityTest"/>
  <testcase name="getIntegerType" time="0.001" classname="org.molgenis.data.excel.ExcelEntityTest"/>
  <testcase name="setEntity" time="0.002" classname="org.molgenis.data.excel.ExcelEntityTest"/>
  <testcase name="getStringType" time="0.002" classname="org.molgenis.data.excel.ExcelEntityTest"/>
  <testcase name="set" time="0.002" classname="org.molgenis.data.excel.ExcelEntityTest"/>
  <testcase name="getBooleanType" time="0.001" classname="org.molgenis.data.excel.ExcelEntityTest"/>
  <testcase name="getBlankType" time="0.001" classname="org.molgenis.data.excel.ExcelEntityTest"/>
  <testcase name="getDoubleType" time="0.007" classname="org.molgenis.data.excel.ExcelEntityTest"/>
  <testcase name="getErrorType" time="0.104" classname="org.molgenis.data.excel.ExcelEntityTest"/>
</testsuite> <!-- org.molgenis.data.excel.ExcelEntityTest -->
