<?xml version="1.0" encoding="UTF-8"?>
<!-- Generated by org.testng.reporters.JUnitReportReporter -->
<testsuite hostname="cyclone1" name="org.molgenis.data.excel.ExcelRepositorySourceTest" tests="3" failures="0" timestamp="30 May 2018 12:52:35 GMT" time="0.017" errors="0">
  <testcase name="getNumberOfSheets" time="0.005" classname="org.molgenis.data.excel.ExcelRepositorySourceTest"/>
  <testcase name="getRepositories" time="0.004" classname="org.molgenis.data.excel.ExcelRepositorySourceTest"/>
  <testcase name="getRepository" time="0.008" classname="org.molgenis.data.excel.ExcelRepositorySourceTest"/>
</testsuite> <!-- org.molgenis.data.excel.ExcelRepositorySourceTest -->
