<?xml version="1.0" encoding="UTF-8"?>
<!-- Generated by org.testng.reporters.JUnitReportReporter -->
<testsuite hostname="cyclone1" name="org.molgenis.data.excel.ExcelWriterTest" tests="9" failures="0" timestamp="6 Jun 2018 08:46:48 GMT" time="0.207" errors="0">
  <testcase name="createSheet" time="0.003" classname="org.molgenis.data.excel.ExcelWriterTest"/>
  <testcase name="ExcelWriter" time="0.002" classname="org.molgenis.data.excel.ExcelWriterTest"/>
  <testcase name="addCellProcessor_data" time="0.030" classname="org.molgenis.data.excel.ExcelWriterTest"/>
  <testcase name="close" time="0.001" classname="org.molgenis.data.excel.ExcelWriterTest"/>
  <testcase name="ExcelWriterFileFormat_default" time="0.002" classname="org.molgenis.data.excel.ExcelWriterTest"/>
  <testcase name="addCellProcessor_header" time="0.003" classname="org.molgenis.data.excel.ExcelWriterTest"/>
  <testcase name="ExcelWriterFileFormat_XLSX" time="0.156" classname="org.molgenis.data.excel.ExcelWriterTest"/>
  <testcase name="ExcelWriterFileFormat_XLS" time="0.007" classname="org.molgenis.data.excel.ExcelWriterTest"/>
  <testcase name="createSheet_null" time="0.003" classname="org.molgenis.data.excel.ExcelWriterTest"/>
</testsuite> <!-- org.molgenis.data.excel.ExcelWriterTest -->
