<?xml version="1.0" encoding="UTF-8"?>
<!-- Generated by org.testng.reporters.JUnitReportReporter -->
<testsuite hostname="cyclone1" name="org.molgenis.data.excel.ExcelUtilsTest" tests="8" failures="0" timestamp="6 Jun 2018 14:19:35 GMT" time="1.212" errors="0">
  <testcase name="testIsExcelFileFalse" time="0.000" classname="org.molgenis.data.excel.ExcelUtilsTest"/>
  <testcase name="getNumberOfSheetsTestCSV" time="0.000" classname="org.molgenis.data.excel.ExcelUtilsTest"/>
  <testcase name="testToValueFormulaNumericLong" time="0.468" classname="org.molgenis.data.excel.ExcelUtilsTest"/>
  <testcase name="getNumberOfSheetsTest" time="0.598" classname="org.molgenis.data.excel.ExcelUtilsTest"/>
  <testcase name="testIsExcelFileTrueXLSX" time="0.000" classname="org.molgenis.data.excel.ExcelUtilsTest"/>
  <testcase name="renameSheetTest" time="0.145" classname="org.molgenis.data.excel.ExcelUtilsTest"/>
  <testcase name="testToValueNumericLong" time="0.001" classname="org.molgenis.data.excel.ExcelUtilsTest"/>
  <testcase name="testIsExcelFileTrueXLS" time="0.000" classname="org.molgenis.data.excel.ExcelUtilsTest"/>
</testsuite> <!-- org.molgenis.data.excel.ExcelUtilsTest -->
