<?xml version="1.0" encoding="UTF-8"?>
<testsuite xmlns:xsi="http://www.w3.org/2001/XMLSchema-instance" xsi:noNamespaceSchemaLocation="https://maven.apache.org/surefire/maven-surefire-plugin/xsd/surefire-test-report.xsd" name="TestSuite" time="28.171" tests="11" errors="0" skipped="0" failures="2">
  <properties>
    <property name="awt.toolkit" value="sun.awt.X11.XToolkit"/>
    <property name="file.encoding.pkg" value="sun.io"/>
    <property name="java.specification.version" value="1.8"/>
    <property name="sun.cpu.isalist" value=""/>
    <property name="sun.jnu.encoding" value="UTF-8"/>
    <property name="java.class.path" value="/root/workspace/gvauvert/iron/390689883/iron-inttest/target/test-classes:/root/workspace/gvauvert/iron/390689883/iron-inttest/target/classes:/root/workspace/gvauvert/iron/390689883/iron-api/target/classes:/root/workspace/gvauvert/iron/390689883/iron-core/target/classes:/root/workspace/gvauvert/iron/390689883/iron-spi/target/classes:/root/./workspace/gvauvert/iron/390689883/.m2/com/google/guava/guava/12.0/guava-12.0.jar:/root/./workspace/gvauvert/iron/390689883/.m2/org/reactivestreams/reactive-streams/1.0.2/reactive-streams-1.0.2.jar:/root/./workspace/gvauvert/iron/390689883/.m2/io/reactivex/rxjava2/rxjava/2.1.13/rxjava-2.1.13.jar:/root/workspace/gvauvert/iron/390689883/iron-spi-aws/target/classes:/root/./workspace/gvauvert/iron/390689883/.m2/com/amazonaws/aws-java-sdk-kinesis/1.11.308/aws-java-sdk-kinesis-1.11.308.jar:/root/./workspace/gvauvert/iron/390689883/.m2/com/amazonaws/aws-java-sdk-core/1.11.308/aws-java-sdk-core-1.11.308.jar:/root/./workspace/gvauvert/iron/390689883/.m2/commons-logging/commons-logging/1.1.3/commons-logging-1.1.3.jar:/root/./workspace/gvauvert/iron/390689883/.m2/org/apache/httpcomponents/httpclient/4.5.5/httpclient-4.5.5.jar:/root/./workspace/gvauvert/iron/390689883/.m2/org/apache/httpcomponents/httpcore/4.4.9/httpcore-4.4.9.jar:/root/./workspace/gvauvert/iron/390689883/.m2/commons-codec/commons-codec/1.10/commons-codec-1.10.jar:/root/./workspace/gvauvert/iron/390689883/.m2/software/amazon/ion/ion-java/1.0.2/ion-java-1.0.2.jar:/root/./workspace/gvauvert/iron/390689883/.m2/joda-time/joda-time/2.8.1/joda-time-2.8.1.jar:/root/./workspace/gvauvert/iron/390689883/.m2/com/amazonaws/jmespath-java/1.11.308/jmespath-java-1.11.308.jar:/root/./workspace/gvauvert/iron/390689883/.m2/com/amazonaws/aws-java-sdk-s3/1.11.308/aws-java-sdk-s3-1.11.308.jar:/root/./workspace/gvauvert/iron/390689883/.m2/com/amazonaws/aws-java-sdk-kms/1.11.308/aws-java-sdk-kms-1.11.308.jar:/root/./workspace/gvauvert/iron/390689883/.m2/com/fasterxml/jackson/core/jackson-annotations/2.9.5/jackson-annotations-2.9.5.jar:/root/./workspace/gvauvert/iron/390689883/.m2/com/fasterxml/jackson/core/jackson-core/2.9.5/jackson-core-2.9.5.jar:/root/./workspace/gvauvert/iron/390689883/.m2/com/fasterxml/jackson/core/jackson-databind/2.9.5/jackson-databind-2.9.5.jar:/root/./workspace/gvauvert/iron/390689883/.m2/com/fasterxml/jackson/dataformat/jackson-dataformat-cbor/2.9.5/jackson-dataformat-cbor-2.9.5.jar:/root/workspace/gvauvert/iron/390689883/iron-spi-chronicle/target/classes:/root/./workspace/gvauvert/iron/390689883/.m2/net/openhft/chronicle-queue/4.6.75/chronicle-queue-4.6.75.jar:/root/./workspace/gvauvert/iron/390689883/.m2/net/openhft/chronicle-core/1.10.1/chronicle-core-1.10.1.jar:/root/./workspace/gvauvert/iron/390689883/.m2/com/intellij/annotations/12.0/annotations-12.0.jar:/root/./workspace/gvauvert/iron/390689883/.m2/net/openhft/chronicle-bytes/1.10.20/chronicle-bytes-1.10.20.jar:/root/./workspace/gvauvert/iron/390689883/.m2/net/openhft/chronicle-wire/1.10.18/chronicle-wire-1.10.18.jar:/root/./workspace/gvauvert/iron/390689883/.m2/net/openhft/chronicle-threads/1.9.8/chronicle-threads-1.9.8.jar:/root/./workspace/gvauvert/iron/390689883/.m2/net/openhft/affinity/3.1.7/affinity-3.1.7.jar:/root/./workspace/gvauvert/iron/390689883/.m2/net/java/dev/jna/jna/4.4.0/jna-4.4.0.jar:/root/./workspace/gvauvert/iron/390689883/.m2/net/java/dev/jna/jna-platform/4.4.0/jna-platform-4.4.0.jar:/root/./workspace/gvauvert/iron/390689883/.m2/commons-cli/commons-cli/1.4/commons-cli-1.4.jar:/root/workspace/gvauvert/iron/390689883/iron-spi-jackson/target/classes:/root/./workspace/gvauvert/iron/390689883/.m2/com/fasterxml/jackson/module/jackson-module-jaxb-annotations/2.9.5/jackson-module-jaxb-annotations-2.9.5.jar:/root/workspace/gvauvert/iron/390689883/iron-spi-kafka/target/classes:/root/./workspace/gvauvert/iron/390689883/.m2/org/apache/kafka/kafka-clients/1.0.1/kafka-clients-1.0.1.jar:/root/./workspace/gvauvert/iron/390689883/.m2/org/lz4/lz4-java/1.4/lz4-java-1.4.jar:/root/./workspace/gvauvert/iron/390689883/.m2/org/xerial/snappy/snappy-java/1.1.4/snappy-java-1.1.4.jar:/root/./workspace/gvauvert/iron/390689883/.m2/org/apache/kafka/kafka_2.11/1.0.1/kafka_2.11-1.0.1.jar:/root/./workspace/gvauvert/iron/390689883/.m2/net/sf/jopt-simple/jopt-simple/5.0.4/jopt-simple-5.0.4.jar:/root/./workspace/gvauvert/iron/390689883/.m2/com/yammer/metrics/metrics-core/2.2.0/metrics-core-2.2.0.jar:/root/./workspace/gvauvert/iron/390689883/.m2/org/scala-lang/scala-library/2.11.12/scala-library-2.11.12.jar:/root/./workspace/gvauvert/iron/390689883/.m2/com/101tec/zkclient/0.10/zkclient-0.10.jar:/root/./workspace/gvauvert/iron/390689883/.m2/org/apache/zookeeper/zookeeper/3.4.10/zookeeper-3.4.10.jar:/root/./workspace/gvauvert/iron/390689883/.m2/log4j/log4j/1.2.16/log4j-1.2.16.jar:/root/./workspace/gvauvert/iron/390689883/.m2/com/google/code/findbugs/jsr305/3.0.2/jsr305-3.0.2.jar:/root/./workspace/gvauvert/iron/390689883/.m2/io/axway/alf/alf-api/0.8.0/alf-api-0.8.0.jar:/root/./workspace/gvauvert/iron/390689883/.m2/org/testng/testng/6.14.2/testng-6.14.2.jar:/root/./workspace/gvauvert/iron/390689883/.m2/com/beust/jcommander/1.72/jcommander-1.72.jar:/root/./workspace/gvauvert/iron/390689883/.m2/org/apache-extras/beanshell/bsh/2.0b6/bsh-2.0b6.jar:/root/./workspace/gvauvert/iron/390689883/.m2/org/assertj/assertj-core/3.9.1/assertj-core-3.9.1.jar:/root/./workspace/gvauvert/iron/390689883/.m2/io/axway/alf/alf-slf4j/0.8.0/alf-slf4j-0.8.0.jar:/root/./workspace/gvauvert/iron/390689883/.m2/org/slf4j/slf4j-api/1.7.25/slf4j-api-1.7.25.jar:/root/./workspace/gvauvert/iron/390689883/.m2/org/slf4j/slf4j-simple/1.7.25/slf4j-simple-1.7.25.jar:/root/./workspace/gvauvert/iron/390689883/.m2/org/jmockit/jmockit/1.22/jmockit-1.22.jar:/root/./workspace/gvauvert/iron/390689883/.m2/org/apache/maven/surefire/surefire-testng-utils/2.21.0/surefire-testng-utils-2.21.0.jar:/root/./workspace/gvauvert/iron/390689883/.m2/org/apache/maven/surefire/surefire-grouper/2.21.0/surefire-grouper-2.21.0.jar:"/>
    <property name="java.vm.vendor" value="Oracle Corporation"/>
    <property name="skip.bower" value="true"/>
    <property name="sun.arch.data.model" value="64"/>
    <property name="java.vendor.url" value="http://java.oracle.com/"/>
    <property name="user.timezone" value=""/>
    <property name="java.vm.specification.version" value="1.8"/>
    <property name="os.name" value="Linux"/>
    <property name="rat.skip" value="true"/>
    <property name="gpg.skip" value="true"/>
    <property name="sun.java.launcher" value="SUN_STANDARD"/>
    <property name="sun.boot.library.path" value="/usr/lib/jvm/java-8-openjdk-amd64/jre/lib/amd64"/>
    <property name="skip.gulp" value="true"/>
    <property name="sun.java.command" value="/root/workspace/gvauvert/iron/390689883/iron-inttest/target/surefire/surefirebooter5894983127843336173.jar /root/workspace/gvauvert/iron/390689883/iron-inttest/target/surefire 2018-06-11T11-46-58_014-jvmRun1 surefire1381133218539636361tmp surefire_24250286913122554291tmp"/>
    <property name="dependency-check.skip" value="true"/>
    <property name="surefire.test.class.path" value="/root/workspace/gvauvert/iron/390689883/iron-inttest/target/test-classes:/root/workspace/gvauvert/iron/390689883/iron-inttest/target/classes:/root/workspace/gvauvert/iron/390689883/iron-api/target/classes:/root/workspace/gvauvert/iron/390689883/iron-core/target/classes:/root/workspace/gvauvert/iron/390689883/iron-spi/target/classes:/root/./workspace/gvauvert/iron/390689883/.m2/com/google/guava/guava/12.0/guava-12.0.jar:/root/./workspace/gvauvert/iron/390689883/.m2/org/reactivestreams/reactive-streams/1.0.2/reactive-streams-1.0.2.jar:/root/./workspace/gvauvert/iron/390689883/.m2/io/reactivex/rxjava2/rxjava/2.1.13/rxjava-2.1.13.jar:/root/workspace/gvauvert/iron/390689883/iron-spi-aws/target/classes:/root/./workspace/gvauvert/iron/390689883/.m2/com/amazonaws/aws-java-sdk-kinesis/1.11.308/aws-java-sdk-kinesis-1.11.308.jar:/root/./workspace/gvauvert/iron/390689883/.m2/com/amazonaws/aws-java-sdk-core/1.11.308/aws-java-sdk-core-1.11.308.jar:/root/./workspace/gvauvert/iron/390689883/.m2/commons-logging/commons-logging/1.1.3/commons-logging-1.1.3.jar:/root/./workspace/gvauvert/iron/390689883/.m2/org/apache/httpcomponents/httpclient/4.5.5/httpclient-4.5.5.jar:/root/./workspace/gvauvert/iron/390689883/.m2/org/apache/httpcomponents/httpcore/4.4.9/httpcore-4.4.9.jar:/root/./workspace/gvauvert/iron/390689883/.m2/commons-codec/commons-codec/1.10/commons-codec-1.10.jar:/root/./workspace/gvauvert/iron/390689883/.m2/software/amazon/ion/ion-java/1.0.2/ion-java-1.0.2.jar:/root/./workspace/gvauvert/iron/390689883/.m2/joda-time/joda-time/2.8.1/joda-time-2.8.1.jar:/root/./workspace/gvauvert/iron/390689883/.m2/com/amazonaws/jmespath-java/1.11.308/jmespath-java-1.11.308.jar:/root/./workspace/gvauvert/iron/390689883/.m2/com/amazonaws/aws-java-sdk-s3/1.11.308/aws-java-sdk-s3-1.11.308.jar:/root/./workspace/gvauvert/iron/390689883/.m2/com/amazonaws/aws-java-sdk-kms/1.11.308/aws-java-sdk-kms-1.11.308.jar:/root/./workspace/gvauvert/iron/390689883/.m2/com/fasterxml/jackson/core/jackson-annotations/2.9.5/jackson-annotations-2.9.5.jar:/root/./workspace/gvauvert/iron/390689883/.m2/com/fasterxml/jackson/core/jackson-core/2.9.5/jackson-core-2.9.5.jar:/root/./workspace/gvauvert/iron/390689883/.m2/com/fasterxml/jackson/core/jackson-databind/2.9.5/jackson-databind-2.9.5.jar:/root/./workspace/gvauvert/iron/390689883/.m2/com/fasterxml/jackson/dataformat/jackson-dataformat-cbor/2.9.5/jackson-dataformat-cbor-2.9.5.jar:/root/workspace/gvauvert/iron/390689883/iron-spi-chronicle/target/classes:/root/./workspace/gvauvert/iron/390689883/.m2/net/openhft/chronicle-queue/4.6.75/chronicle-queue-4.6.75.jar:/root/./workspace/gvauvert/iron/390689883/.m2/net/openhft/chronicle-core/1.10.1/chronicle-core-1.10.1.jar:/root/./workspace/gvauvert/iron/390689883/.m2/com/intellij/annotations/12.0/annotations-12.0.jar:/root/./workspace/gvauvert/iron/390689883/.m2/net/openhft/chronicle-bytes/1.10.20/chronicle-bytes-1.10.20.jar:/root/./workspace/gvauvert/iron/390689883/.m2/net/openhft/chronicle-wire/1.10.18/chronicle-wire-1.10.18.jar:/root/./workspace/gvauvert/iron/390689883/.m2/net/openhft/chronicle-threads/1.9.8/chronicle-threads-1.9.8.jar:/root/./workspace/gvauvert/iron/390689883/.m2/net/openhft/affinity/3.1.7/affinity-3.1.7.jar:/root/./workspace/gvauvert/iron/390689883/.m2/net/java/dev/jna/jna/4.4.0/jna-4.4.0.jar:/root/./workspace/gvauvert/iron/390689883/.m2/net/java/dev/jna/jna-platform/4.4.0/jna-platform-4.4.0.jar:/root/./workspace/gvauvert/iron/390689883/.m2/commons-cli/commons-cli/1.4/commons-cli-1.4.jar:/root/workspace/gvauvert/iron/390689883/iron-spi-jackson/target/classes:/root/./workspace/gvauvert/iron/390689883/.m2/com/fasterxml/jackson/module/jackson-module-jaxb-annotations/2.9.5/jackson-module-jaxb-annotations-2.9.5.jar:/root/workspace/gvauvert/iron/390689883/iron-spi-kafka/target/classes:/root/./workspace/gvauvert/iron/390689883/.m2/org/apache/kafka/kafka-clients/1.0.1/kafka-clients-1.0.1.jar:/root/./workspace/gvauvert/iron/390689883/.m2/org/lz4/lz4-java/1.4/lz4-java-1.4.jar:/root/./workspace/gvauvert/iron/390689883/.m2/org/xerial/snappy/snappy-java/1.1.4/snappy-java-1.1.4.jar:/root/./workspace/gvauvert/iron/390689883/.m2/org/apache/kafka/kafka_2.11/1.0.1/kafka_2.11-1.0.1.jar:/root/./workspace/gvauvert/iron/390689883/.m2/net/sf/jopt-simple/jopt-simple/5.0.4/jopt-simple-5.0.4.jar:/root/./workspace/gvauvert/iron/390689883/.m2/com/yammer/metrics/metrics-core/2.2.0/metrics-core-2.2.0.jar:/root/./workspace/gvauvert/iron/390689883/.m2/org/scala-lang/scala-library/2.11.12/scala-library-2.11.12.jar:/root/./workspace/gvauvert/iron/390689883/.m2/com/101tec/zkclient/0.10/zkclient-0.10.jar:/root/./workspace/gvauvert/iron/390689883/.m2/org/apache/zookeeper/zookeeper/3.4.10/zookeeper-3.4.10.jar:/root/./workspace/gvauvert/iron/390689883/.m2/log4j/log4j/1.2.16/log4j-1.2.16.jar:/root/./workspace/gvauvert/iron/390689883/.m2/com/google/code/findbugs/jsr305/3.0.2/jsr305-3.0.2.jar:/root/./workspace/gvauvert/iron/390689883/.m2/io/axway/alf/alf-api/0.8.0/alf-api-0.8.0.jar:/root/./workspace/gvauvert/iron/390689883/.m2/org/testng/testng/6.14.2/testng-6.14.2.jar:/root/./workspace/gvauvert/iron/390689883/.m2/com/beust/jcommander/1.72/jcommander-1.72.jar:/root/./workspace/gvauvert/iron/390689883/.m2/org/apache-extras/beanshell/bsh/2.0b6/bsh-2.0b6.jar:/root/./workspace/gvauvert/iron/390689883/.m2/org/assertj/assertj-core/3.9.1/assertj-core-3.9.1.jar:/root/./workspace/gvauvert/iron/390689883/.m2/io/axway/alf/alf-slf4j/0.8.0/alf-slf4j-0.8.0.jar:/root/./workspace/gvauvert/iron/390689883/.m2/org/slf4j/slf4j-api/1.7.25/slf4j-api-1.7.25.jar:/root/./workspace/gvauvert/iron/390689883/.m2/org/slf4j/slf4j-simple/1.7.25/slf4j-simple-1.7.25.jar:/root/./workspace/gvauvert/iron/390689883/.m2/org/jmockit/jmockit/1.22/jmockit-1.22.jar:/root/./workspace/gvauvert/iron/390689883/.m2/org/apache/maven/surefire/surefire-testng-utils/2.21.0/surefire-testng-utils-2.21.0.jar:/root/./workspace/gvauvert/iron/390689883/.m2/org/apache/maven/surefire/surefire-grouper/2.21.0/surefire-grouper-2.21.0.jar:"/>
    <property name="sun.cpu.endian" value="little"/>
    <property name="user.home" value="/root"/>
    <property name="user.language" value="en"/>
    <property name="java.specification.vendor" value="Oracle Corporation"/>
    <property name="java.home" value="/usr/lib/jvm/java-8-openjdk-amd64/jre"/>
    <property name="basedir" value="/root/workspace/gvauvert/iron/390689883/iron-inttest"/>
    <property name="file.separator" value="/"/>
    <property name="checkstyle.skip" value="true"/>
    <property name="line.separator" value="&#10;"/>
    <property name="skip.npm" value="true"/>
    <property name="java.vm.specification.vendor" value="Oracle Corporation"/>
    <property name="java.specification.name" value="Java Platform API Specification"/>
    <property name="java.awt.graphicsenv" value="sun.awt.X11GraphicsEnvironment"/>
    <property name="skipITs" value="true"/>
    <property name="surefire.real.class.path" value="/root/workspace/gvauvert/iron/390689883/iron-inttest/target/surefire/surefirebooter5894983127843336173.jar"/>
    <property name="cobertura.skip" value="true"/>
    <property name="sun.boot.class.path" value="/usr/lib/jvm/java-8-openjdk-amd64/jre/lib/resources.jar:/usr/lib/jvm/java-8-openjdk-amd64/jre/lib/rt.jar:/usr/lib/jvm/java-8-openjdk-amd64/jre/lib/sunrsasign.jar:/usr/lib/jvm/java-8-openjdk-amd64/jre/lib/jsse.jar:/usr/lib/jvm/java-8-openjdk-amd64/jre/lib/jce.jar:/usr/lib/jvm/java-8-openjdk-amd64/jre/lib/charsets.jar:/usr/lib/jvm/java-8-openjdk-amd64/jre/lib/jfr.jar:/usr/lib/jvm/java-8-openjdk-amd64/jre/classes"/>
    <property name="sun.management.compiler" value="HotSpot 64-Bit Tiered Compilers"/>
    <property name="java.runtime.version" value="1.8.0_121-8u121-b13-1~bpo8+1-b13"/>
    <property name="user.name" value="root"/>
    <property name="findbugs.skip" value="true"/>
    <property name="path.separator" value=":"/>
    <property name="os.version" value="3.10.0-862.3.2.el7.x86_64"/>
    <property name="java.endorsed.dirs" value="/usr/lib/jvm/java-8-openjdk-amd64/jre/lib/endorsed"/>
    <property name="java.runtime.name" value="OpenJDK Runtime Environment"/>
    <property name="file.encoding" value="UTF-8"/>
    <property name="java.vm.name" value="OpenJDK 64-Bit Server VM"/>
    <property name="localRepository" value="/root/./workspace/gvauvert/iron/390689883/.m2"/>
    <property name="java.vendor.url.bug" value="http://bugreport.sun.com/bugreport/"/>
    <property name="java.io.tmpdir" value="/tmp"/>
    <property name="java.version" value="1.8.0_121"/>
    <property name="user.dir" value="/root/workspace/gvauvert/iron/390689883/iron-inttest/target/test-work"/>
    <property name="os.arch" value="amd64"/>
    <property name="license.skip" value="true"/>
    <property name="java.vm.specification.name" value="Java Virtual Machine Specification"/>
    <property name="java.awt.printerjob" value="sun.print.PSPrinterJob"/>
    <property name="sun.os.patch.level" value="unknown"/>
    <property name="java.library.path" value="/usr/java/packages/lib/amd64:/usr/lib/x86_64-linux-gnu/jni:/lib/x86_64-linux-gnu:/usr/lib/x86_64-linux-gnu:/usr/lib/jni:/lib:/usr/lib"/>
    <property name="java.vm.info" value="mixed mode"/>
    <property name="java.vendor" value="Oracle Corporation"/>
    <property name="java.vm.version" value="25.121-b13"/>
    <property name="java.ext.dirs" value="/usr/lib/jvm/java-8-openjdk-amd64/jre/lib/ext:/usr/java/packages/lib/ext"/>
    <property name="sun.io.unicode.encoding" value="UnicodeLittle"/>
    <property name="maven.repo.local" value="/root/./workspace/gvauvert/iron/390689883/.m2"/>
    <property name="enforcer.skip" value="true"/>
    <property name="java.class.version" value="52.0"/>
  </properties>
  <testcase name="test" classname="io.axway.iron.spi.file.IronMigrationTest" time="0.163">
    <failure message="[simple iron] &#10;Expecting:&#10;  &lt;[&quot;tmp-iron-test/iron-spi-file-inttest/694e9f6c-7df8-44d3-a7d1-c35b521083bc/iron.new/tenant/snapshot/00000000000000000000/1.snapshot&quot;,&#10;    &quot;tmp-iron-test/iron-spi-file-inttest/694e9f6c-7df8-44d3-a7d1-c35b521083bc/iron.new/global/snapshot/00000000000000000000/global.snapshot&quot;,&#10;    &quot;tmp-iron-test/iron-spi-file-inttest/694e9f6c-7df8-44d3-a7d1-c35b521083bc/iron.new/tenant/snapshot/00000000000000000000/0.snapshot&quot;,&#10;    &quot;tmp-iron-test/iron-spi-file-inttest/694e9f6c-7df8-44d3-a7d1-c35b521083bc/iron.new/tenant/snapshot/00000000000000000000/2.snapshot&quot;]&gt;&#10;to contain exactly in any order:&#10;  &lt;[&quot;tmp-iron-test/iron-spi-file-inttest/694e9f6c-7df8-44d3-a7d1-c35b521083bc/iron.new\tenant\snapshot\00000000000000000000\0.snapshot&quot;,&#10;    &quot;tmp-iron-test/iron-spi-file-inttest/694e9f6c-7df8-44d3-a7d1-c35b521083bc/iron.new\tenant\snapshot\00000000000000000000\1.snapshot&quot;,&#10;    &quot;tmp-iron-test/iron-spi-file-inttest/694e9f6c-7df8-44d3-a7d1-c35b521083bc/iron.new\tenant\snapshot\00000000000000000000\2.snapshot&quot;,&#10;    &quot;tmp-iron-test/iron-spi-file-inttest/694e9f6c-7df8-44d3-a7d1-c35b521083bc/iron.new\global\snapshot\00000000000000000000\global.snapshot&quot;]&gt;&#10;elements not found:&#10;  &lt;[&quot;tmp-iron-test/iron-spi-file-inttest/694e9f6c-7df8-44d3-a7d1-c35b521083bc/iron.new\tenant\snapshot\00000000000000000000\0.snapshot&quot;,&#10;    &quot;tmp-iron-test/iron-spi-file-inttest/694e9f6c-7df8-44d3-a7d1-c35b521083bc/iron.new\tenant\snapshot\00000000000000000000\1.snapshot&quot;,&#10;    &quot;tmp-iron-test/iron-spi-file-inttest/694e9f6c-7df8-44d3-a7d1-c35b521083bc/iron.new\tenant\snapshot\00000000000000000000\2.snapshot&quot;,&#10;    &quot;tmp-iron-test/iron-spi-file-inttest/694e9f6c-7df8-44d3-a7d1-c35b521083bc/iron.new\global\snapshot\00000000000000000000\global.snapshot&quot;]&gt;&#10;and elements not expected:&#10;  &lt;[&quot;tmp-iron-test/iron-spi-file-inttest/694e9f6c-7df8-44d3-a7d1-c35b521083bc/iron.new/tenant/snapshot/00000000000000000000/1.snapshot&quot;,&#10;    &quot;tmp-iron-test/iron-spi-file-inttest/694e9f6c-7df8-44d3-a7d1-c35b521083bc/iron.new/global/snapshot/00000000000000000000/global.snapshot&quot;,&#10;    &quot;tmp-iron-test/iron-spi-file-inttest/694e9f6c-7df8-44d3-a7d1-c35b521083bc/iron.new/tenant/snapshot/00000000000000000000/0.snapshot&quot;,&#10;    &quot;tmp-iron-test/iron-spi-file-inttest/694e9f6c-7df8-44d3-a7d1-c35b521083bc/iron.new/tenant/snapshot/00000000000000000000/2.snapshot&quot;]&gt;&#10;" type="java.lang.AssertionError"><![CDATA[java.lang.AssertionError: 
[simple iron] 
Expecting:
  <["tmp-iron-test/iron-spi-file-inttest/694e9f6c-7df8-44d3-a7d1-c35b521083bc/iron.new/tenant/snapshot/00000000000000000000/1.snapshot",
    "tmp-iron-test/iron-spi-file-inttest/694e9f6c-7df8-44d3-a7d1-c35b521083bc/iron.new/global/snapshot/00000000000000000000/global.snapshot",
    "tmp-iron-test/iron-spi-file-inttest/694e9f6c-7df8-44d3-a7d1-c35b521083bc/iron.new/tenant/snapshot/00000000000000000000/0.snapshot",
    "tmp-iron-test/iron-spi-file-inttest/694e9f6c-7df8-44d3-a7d1-c35b521083bc/iron.new/tenant/snapshot/00000000000000000000/2.snapshot"]>
to contain exactly in any order:
  <["tmp-iron-test/iron-spi-file-inttest/694e9f6c-7df8-44d3-a7d1-c35b521083bc/iron.new\tenant\snapshot\00000000000000000000\0.snapshot",
    "tmp-iron-test/iron-spi-file-inttest/694e9f6c-7df8-44d3-a7d1-c35b521083bc/iron.new\tenant\snapshot\00000000000000000000\1.snapshot",
    "tmp-iron-test/iron-spi-file-inttest/694e9f6c-7df8-44d3-a7d1-c35b521083bc/iron.new\tenant\snapshot\00000000000000000000\2.snapshot",
    "tmp-iron-test/iron-spi-file-inttest/694e9f6c-7df8-44d3-a7d1-c35b521083bc/iron.new\global\snapshot\00000000000000000000\global.snapshot"]>
elements not found:
  <["tmp-iron-test/iron-spi-file-inttest/694e9f6c-7df8-44d3-a7d1-c35b521083bc/iron.new\tenant\snapshot\00000000000000000000\0.snapshot",
    "tmp-iron-test/iron-spi-file-inttest/694e9f6c-7df8-44d3-a7d1-c35b521083bc/iron.new\tenant\snapshot\00000000000000000000\1.snapshot",
    "tmp-iron-test/iron-spi-file-inttest/694e9f6c-7df8-44d3-a7d1-c35b521083bc/iron.new\tenant\snapshot\00000000000000000000\2.snapshot",
    "tmp-iron-test/iron-spi-file-inttest/694e9f6c-7df8-44d3-a7d1-c35b521083bc/iron.new\global\snapshot\00000000000000000000\global.snapshot"]>
and elements not expected:
  <["tmp-iron-test/iron-spi-file-inttest/694e9f6c-7df8-44d3-a7d1-c35b521083bc/iron.new/tenant/snapshot/00000000000000000000/1.snapshot",
    "tmp-iron-test/iron-spi-file-inttest/694e9f6c-7df8-44d3-a7d1-c35b521083bc/iron.new/global/snapshot/00000000000000000000/global.snapshot",
    "tmp-iron-test/iron-spi-file-inttest/694e9f6c-7df8-44d3-a7d1-c35b521083bc/iron.new/tenant/snapshot/00000000000000000000/0.snapshot",
    "tmp-iron-test/iron-spi-file-inttest/694e9f6c-7df8-44d3-a7d1-c35b521083bc/iron.new/tenant/snapshot/00000000000000000000/2.snapshot"]>

	at io.axway.iron.spi.file.IronMigrationTest.test(IronMigrationTest.java:79)
]]></failure>
    <system-out><![CDATA[Migration done to tmp-iron-test/iron-spi-file-inttest/694e9f6c-7df8-44d3-a7d1-c35b521083bc/iron.new
]]></system-out>
  </testcase>
  <testcase name="test" classname="io.axway.iron.spi.file.IronMigrationTest" time="0.04">
    <failure message="[full iron] &#10;Expecting:&#10;  &lt;[&quot;tmp-iron-test/iron-spi-file-inttest/a7f939a9-137f-4733-b188-65b98a0bad9d/ironFull.new/tenant/snapshot/00000000000000000000/3.snapshot&quot;,&#10;    &quot;tmp-iron-test/iron-spi-file-inttest/a7f939a9-137f-4733-b188-65b98a0bad9d/ironFull.new/global/snapshot/00000000000000000000/global.snapshot&quot;,&#10;    &quot;tmp-iron-test/iron-spi-file-inttest/a7f939a9-137f-4733-b188-65b98a0bad9d/ironFull.new/tenant/snapshot/00000000000000000000/0.snapshot&quot;,&#10;    &quot;tmp-iron-test/iron-spi-file-inttest/a7f939a9-137f-4733-b188-65b98a0bad9d/ironFull.new/tenant/snapshot/00000000000000000000/1.snapshot&quot;,&#10;    &quot;tmp-iron-test/iron-spi-file-inttest/a7f939a9-137f-4733-b188-65b98a0bad9d/ironFull.new/tenant/snapshot/00000000000000000000/7.snapshot&quot;,&#10;    &quot;tmp-iron-test/iron-spi-file-inttest/a7f939a9-137f-4733-b188-65b98a0bad9d/ironFull.new/tenant/snapshot/00000000000000000000/9.snapshot&quot;,&#10;    &quot;tmp-iron-test/iron-spi-file-inttest/a7f939a9-137f-4733-b188-65b98a0bad9d/ironFull.new/tenant/snapshot/00000000000000000000/2.snapshot&quot;,&#10;    &quot;tmp-iron-test/iron-spi-file-inttest/a7f939a9-137f-4733-b188-65b98a0bad9d/ironFull.new/tenant/snapshot/00000000000000000000/5.snapshot&quot;,&#10;    &quot;tmp-iron-test/iron-spi-file-inttest/a7f939a9-137f-4733-b188-65b98a0bad9d/ironFull.new/tenant/snapshot/00000000000000000000/4.snapshot&quot;,&#10;    &quot;tmp-iron-test/iron-spi-file-inttest/a7f939a9-137f-4733-b188-65b98a0bad9d/ironFull.new/tenant/snapshot/00000000000000000000/6.snapshot&quot;,&#10;    &quot;tmp-iron-test/iron-spi-file-inttest/a7f939a9-137f-4733-b188-65b98a0bad9d/ironFull.new/tenant/snapshot/00000000000000000000/8.snapshot&quot;]&gt;&#10;to contain exactly in any order:&#10;  &lt;[&quot;tmp-iron-test/iron-spi-file-inttest/a7f939a9-137f-4733-b188-65b98a0bad9d/ironFull.new\tenant\snapshot\00000000000000000000\0.snapshot&quot;,&#10;    &quot;tmp-iron-test/iron-spi-file-inttest/a7f939a9-137f-4733-b188-65b98a0bad9d/ironFull.new\tenant\snapshot\00000000000000000000\1.snapshot&quot;,&#10;    &quot;tmp-iron-test/iron-spi-file-inttest/a7f939a9-137f-4733-b188-65b98a0bad9d/ironFull.new\tenant\snapshot\00000000000000000000\2.snapshot&quot;,&#10;    &quot;tmp-iron-test/iron-spi-file-inttest/a7f939a9-137f-4733-b188-65b98a0bad9d/ironFull.new\tenant\snapshot\00000000000000000000\3.snapshot&quot;,&#10;    &quot;tmp-iron-test/iron-spi-file-inttest/a7f939a9-137f-4733-b188-65b98a0bad9d/ironFull.new\tenant\snapshot\00000000000000000000\4.snapshot&quot;,&#10;    &quot;tmp-iron-test/iron-spi-file-inttest/a7f939a9-137f-4733-b188-65b98a0bad9d/ironFull.new\tenant\snapshot\00000000000000000000\5.snapshot&quot;,&#10;    &quot;tmp-iron-test/iron-spi-file-inttest/a7f939a9-137f-4733-b188-65b98a0bad9d/ironFull.new\tenant\snapshot\00000000000000000000\6.snapshot&quot;,&#10;    &quot;tmp-iron-test/iron-spi-file-inttest/a7f939a9-137f-4733-b188-65b98a0bad9d/ironFull.new\tenant\snapshot\00000000000000000000\7.snapshot&quot;,&#10;    &quot;tmp-iron-test/iron-spi-file-inttest/a7f939a9-137f-4733-b188-65b98a0bad9d/ironFull.new\tenant\snapshot\00000000000000000000\8.snapshot&quot;,&#10;    &quot;tmp-iron-test/iron-spi-file-inttest/a7f939a9-137f-4733-b188-65b98a0bad9d/ironFull.new\tenant\snapshot\00000000000000000000\9.snapshot&quot;,&#10;    &quot;tmp-iron-test/iron-spi-file-inttest/a7f939a9-137f-4733-b188-65b98a0bad9d/ironFull.new\global\snapshot\00000000000000000000\global.snapshot&quot;]&gt;&#10;elements not found:&#10;  &lt;[&quot;tmp-iron-test/iron-spi-file-inttest/a7f939a9-137f-4733-b188-65b98a0bad9d/ironFull.new\tenant\snapshot\00000000000000000000\0.snapshot&quot;,&#10;    &quot;tmp-iron-test/iron-spi-file-inttest/a7f939a9-137f-4733-b188-65b98a0bad9d/ironFull.new\tenant\snapshot\00000000000000000000\1.snapshot&quot;,&#10;    &quot;tmp-iron-test/iron-spi-file-inttest/a7f939a9-137f-4733-b188-65b98a0bad9d/ironFull.new\tenant\snapshot\00000000000000000000\2.snapshot&quot;,&#10;    &quot;tmp-iron-test/iron-spi-file-inttest/a7f939a9-137f-4733-b188-65b98a0bad9d/ironFull.new\tenant\snapshot\00000000000000000000\3.snapshot&quot;,&#10;    &quot;tmp-iron-test/iron-spi-file-inttest/a7f939a9-137f-4733-b188-65b98a0bad9d/ironFull.new\tenant\snapshot\00000000000000000000\4.snapshot&quot;,&#10;    &quot;tmp-iron-test/iron-spi-file-inttest/a7f939a9-137f-4733-b188-65b98a0bad9d/ironFull.new\tenant\snapshot\00000000000000000000\5.snapshot&quot;,&#10;    &quot;tmp-iron-test/iron-spi-file-inttest/a7f939a9-137f-4733-b188-65b98a0bad9d/ironFull.new\tenant\snapshot\00000000000000000000\6.snapshot&quot;,&#10;    &quot;tmp-iron-test/iron-spi-file-inttest/a7f939a9-137f-4733-b188-65b98a0bad9d/ironFull.new\tenant\snapshot\00000000000000000000\7.snapshot&quot;,&#10;    &quot;tmp-iron-test/iron-spi-file-inttest/a7f939a9-137f-4733-b188-65b98a0bad9d/ironFull.new\tenant\snapshot\00000000000000000000\8.snapshot&quot;,&#10;    &quot;tmp-iron-test/iron-spi-file-inttest/a7f939a9-137f-4733-b188-65b98a0bad9d/ironFull.new\tenant\snapshot\00000000000000000000\9.snapshot&quot;,&#10;    &quot;tmp-iron-test/iron-spi-file-inttest/a7f939a9-137f-4733-b188-65b98a0bad9d/ironFull.new\global\snapshot\00000000000000000000\global.snapshot&quot;]&gt;&#10;and elements not expected:&#10;  &lt;[&quot;tmp-iron-test/iron-spi-file-inttest/a7f939a9-137f-4733-b188-65b98a0bad9d/ironFull.new/tenant/snapshot/00000000000000000000/3.snapshot&quot;,&#10;    &quot;tmp-iron-test/iron-spi-file-inttest/a7f939a9-137f-4733-b188-65b98a0bad9d/ironFull.new/global/snapshot/00000000000000000000/global.snapshot&quot;,&#10;    &quot;tmp-iron-test/iron-spi-file-inttest/a7f939a9-137f-4733-b188-65b98a0bad9d/ironFull.new/tenant/snapshot/00000000000000000000/0.snapshot&quot;,&#10;    &quot;tmp-iron-test/iron-spi-file-inttest/a7f939a9-137f-4733-b188-65b98a0bad9d/ironFull.new/tenant/snapshot/00000000000000000000/1.snapshot&quot;,&#10;    &quot;tmp-iron-test/iron-spi-file-inttest/a7f939a9-137f-4733-b188-65b98a0bad9d/ironFull.new/tenant/snapshot/00000000000000000000/7.snapshot&quot;,&#10;    &quot;tmp-iron-test/iron-spi-file-inttest/a7f939a9-137f-4733-b188-65b98a0bad9d/ironFull.new/tenant/snapshot/00000000000000000000/9.snapshot&quot;,&#10;    &quot;tmp-iron-test/iron-spi-file-inttest/a7f939a9-137f-4733-b188-65b98a0bad9d/ironFull.new/tenant/snapshot/00000000000000000000/2.snapshot&quot;,&#10;    &quot;tmp-iron-test/iron-spi-file-inttest/a7f939a9-137f-4733-b188-65b98a0bad9d/ironFull.new/tenant/snapshot/00000000000000000000/5.snapshot&quot;,&#10;    &quot;tmp-iron-test/iron-spi-file-inttest/a7f939a9-137f-4733-b188-65b98a0bad9d/ironFull.new/tenant/snapshot/00000000000000000000/4.snapshot&quot;,&#10;    &quot;tmp-iron-test/iron-spi-file-inttest/a7f939a9-137f-4733-b188-65b98a0bad9d/ironFull.new/tenant/snapshot/00000000000000000000/6.snapshot&quot;,&#10;    &quot;tmp-iron-test/iron-spi-file-inttest/a7f939a9-137f-4733-b188-65b98a0bad9d/ironFull.new/tenant/snapshot/00000000000000000000/8.snapshot&quot;]&gt;&#10;" type="java.lang.AssertionError"><![CDATA[java.lang.AssertionError: 
[full iron] 
Expecting:
  <["tmp-iron-test/iron-spi-file-inttest/a7f939a9-137f-4733-b188-65b98a0bad9d/ironFull.new/tenant/snapshot/00000000000000000000/3.snapshot",
    "tmp-iron-test/iron-spi-file-inttest/a7f939a9-137f-4733-b188-65b98a0bad9d/ironFull.new/global/snapshot/00000000000000000000/global.snapshot",
    "tmp-iron-test/iron-spi-file-inttest/a7f939a9-137f-4733-b188-65b98a0bad9d/ironFull.new/tenant/snapshot/00000000000000000000/0.snapshot",
    "tmp-iron-test/iron-spi-file-inttest/a7f939a9-137f-4733-b188-65b98a0bad9d/ironFull.new/tenant/snapshot/00000000000000000000/1.snapshot",
    "tmp-iron-test/iron-spi-file-inttest/a7f939a9-137f-4733-b188-65b98a0bad9d/ironFull.new/tenant/snapshot/00000000000000000000/7.snapshot",
    "tmp-iron-test/iron-spi-file-inttest/a7f939a9-137f-4733-b188-65b98a0bad9d/ironFull.new/tenant/snapshot/00000000000000000000/9.snapshot",
    "tmp-iron-test/iron-spi-file-inttest/a7f939a9-137f-4733-b188-65b98a0bad9d/ironFull.new/tenant/snapshot/00000000000000000000/2.snapshot",
    "tmp-iron-test/iron-spi-file-inttest/a7f939a9-137f-4733-b188-65b98a0bad9d/ironFull.new/tenant/snapshot/00000000000000000000/5.snapshot",
    "tmp-iron-test/iron-spi-file-inttest/a7f939a9-137f-4733-b188-65b98a0bad9d/ironFull.new/tenant/snapshot/00000000000000000000/4.snapshot",
    "tmp-iron-test/iron-spi-file-inttest/a7f939a9-137f-4733-b188-65b98a0bad9d/ironFull.new/tenant/snapshot/00000000000000000000/6.snapshot",
    "tmp-iron-test/iron-spi-file-inttest/a7f939a9-137f-4733-b188-65b98a0bad9d/ironFull.new/tenant/snapshot/00000000000000000000/8.snapshot"]>
to contain exactly in any order:
  <["tmp-iron-test/iron-spi-file-inttest/a7f939a9-137f-4733-b188-65b98a0bad9d/ironFull.new\tenant\snapshot\00000000000000000000\0.snapshot",
    "tmp-iron-test/iron-spi-file-inttest/a7f939a9-137f-4733-b188-65b98a0bad9d/ironFull.new\tenant\snapshot\00000000000000000000\1.snapshot",
    "tmp-iron-test/iron-spi-file-inttest/a7f939a9-137f-4733-b188-65b98a0bad9d/ironFull.new\tenant\snapshot\00000000000000000000\2.snapshot",
    "tmp-iron-test/iron-spi-file-inttest/a7f939a9-137f-4733-b188-65b98a0bad9d/ironFull.new\tenant\snapshot\00000000000000000000\3.snapshot",
    "tmp-iron-test/iron-spi-file-inttest/a7f939a9-137f-4733-b188-65b98a0bad9d/ironFull.new\tenant\snapshot\00000000000000000000\4.snapshot",
    "tmp-iron-test/iron-spi-file-inttest/a7f939a9-137f-4733-b188-65b98a0bad9d/ironFull.new\tenant\snapshot\00000000000000000000\5.snapshot",
    "tmp-iron-test/iron-spi-file-inttest/a7f939a9-137f-4733-b188-65b98a0bad9d/ironFull.new\tenant\snapshot\00000000000000000000\6.snapshot",
    "tmp-iron-test/iron-spi-file-inttest/a7f939a9-137f-4733-b188-65b98a0bad9d/ironFull.new\tenant\snapshot\00000000000000000000\7.snapshot",
    "tmp-iron-test/iron-spi-file-inttest/a7f939a9-137f-4733-b188-65b98a0bad9d/ironFull.new\tenant\snapshot\00000000000000000000\8.snapshot",
    "tmp-iron-test/iron-spi-file-inttest/a7f939a9-137f-4733-b188-65b98a0bad9d/ironFull.new\tenant\snapshot\00000000000000000000\9.snapshot",
    "tmp-iron-test/iron-spi-file-inttest/a7f939a9-137f-4733-b188-65b98a0bad9d/ironFull.new\global\snapshot\00000000000000000000\global.snapshot"]>
elements not found:
  <["tmp-iron-test/iron-spi-file-inttest/a7f939a9-137f-4733-b188-65b98a0bad9d/ironFull.new\tenant\snapshot\00000000000000000000\0.snapshot",
    "tmp-iron-test/iron-spi-file-inttest/a7f939a9-137f-4733-b188-65b98a0bad9d/ironFull.new\tenant\snapshot\00000000000000000000\1.snapshot",
    "tmp-iron-test/iron-spi-file-inttest/a7f939a9-137f-4733-b188-65b98a0bad9d/ironFull.new\tenant\snapshot\00000000000000000000\2.snapshot",
    "tmp-iron-test/iron-spi-file-inttest/a7f939a9-137f-4733-b188-65b98a0bad9d/ironFull.new\tenant\snapshot\00000000000000000000\3.snapshot",
    "tmp-iron-test/iron-spi-file-inttest/a7f939a9-137f-4733-b188-65b98a0bad9d/ironFull.new\tenant\snapshot\00000000000000000000\4.snapshot",
    "tmp-iron-test/iron-spi-file-inttest/a7f939a9-137f-4733-b188-65b98a0bad9d/ironFull.new\tenant\snapshot\00000000000000000000\5.snapshot",
    "tmp-iron-test/iron-spi-file-inttest/a7f939a9-137f-4733-b188-65b98a0bad9d/ironFull.new\tenant\snapshot\00000000000000000000\6.snapshot",
    "tmp-iron-test/iron-spi-file-inttest/a7f939a9-137f-4733-b188-65b98a0bad9d/ironFull.new\tenant\snapshot\00000000000000000000\7.snapshot",
    "tmp-iron-test/iron-spi-file-inttest/a7f939a9-137f-4733-b188-65b98a0bad9d/ironFull.new\tenant\snapshot\00000000000000000000\8.snapshot",
    "tmp-iron-test/iron-spi-file-inttest/a7f939a9-137f-4733-b188-65b98a0bad9d/ironFull.new\tenant\snapshot\00000000000000000000\9.snapshot",
    "tmp-iron-test/iron-spi-file-inttest/a7f939a9-137f-4733-b188-65b98a0bad9d/ironFull.new\global\snapshot\00000000000000000000\global.snapshot"]>
and elements not expected:
  <["tmp-iron-test/iron-spi-file-inttest/a7f939a9-137f-4733-b188-65b98a0bad9d/ironFull.new/tenant/snapshot/00000000000000000000/3.snapshot",
    "tmp-iron-test/iron-spi-file-inttest/a7f939a9-137f-4733-b188-65b98a0bad9d/ironFull.new/global/snapshot/00000000000000000000/global.snapshot",
    "tmp-iron-test/iron-spi-file-inttest/a7f939a9-137f-4733-b188-65b98a0bad9d/ironFull.new/tenant/snapshot/00000000000000000000/0.snapshot",
    "tmp-iron-test/iron-spi-file-inttest/a7f939a9-137f-4733-b188-65b98a0bad9d/ironFull.new/tenant/snapshot/00000000000000000000/1.snapshot",
    "tmp-iron-test/iron-spi-file-inttest/a7f939a9-137f-4733-b188-65b98a0bad9d/ironFull.new/tenant/snapshot/00000000000000000000/7.snapshot",
    "tmp-iron-test/iron-spi-file-inttest/a7f939a9-137f-4733-b188-65b98a0bad9d/ironFull.new/tenant/snapshot/00000000000000000000/9.snapshot",
    "tmp-iron-test/iron-spi-file-inttest/a7f939a9-137f-4733-b188-65b98a0bad9d/ironFull.new/tenant/snapshot/00000000000000000000/2.snapshot",
    "tmp-iron-test/iron-spi-file-inttest/a7f939a9-137f-4733-b188-65b98a0bad9d/ironFull.new/tenant/snapshot/00000000000000000000/5.snapshot",
    "tmp-iron-test/iron-spi-file-inttest/a7f939a9-137f-4733-b188-65b98a0bad9d/ironFull.new/tenant/snapshot/00000000000000000000/4.snapshot",
    "tmp-iron-test/iron-spi-file-inttest/a7f939a9-137f-4733-b188-65b98a0bad9d/ironFull.new/tenant/snapshot/00000000000000000000/6.snapshot",
    "tmp-iron-test/iron-spi-file-inttest/a7f939a9-137f-4733-b188-65b98a0bad9d/ironFull.new/tenant/snapshot/00000000000000000000/8.snapshot"]>

	at io.axway.iron.spi.file.IronMigrationTest.test(IronMigrationTest.java:79)
]]></failure>
    <system-out><![CDATA[Migration done to tmp-iron-test/iron-spi-file-inttest/a7f939a9-137f-4733-b188-65b98a0bad9d/ironFull.new
]]></system-out>
  </testcase>
  <testcase name="shouldDeleteCompany" classname="io.axway.iron.spi.kafka.SingleKafkaSpiTest" time="0.22"/>
  <testcase name="shouldInsertCompanies" classname="io.axway.iron.spi.kafka.SingleKafkaSpiTest" time="0.029"/>
  <testcase name="shouldOpenNewStore" classname="io.axway.iron.spi.kafka.SingleKafkaSpiTest" time="0.001"/>
  <testcase name="shouldResumeFromSnapshot" classname="io.axway.iron.spi.kafka.SingleKafkaSpiTest" time="4.158"/>
  <testcase name="shouldUpdateCompany" classname="io.axway.iron.spi.kafka.SingleKafkaSpiTest" time="0.037"/>
  <testcase name="should" classname="io.axway.iron.spi.file.FileStoreTest" time="1.031"/>
  <testcase name="shouldCreateCompanySequenceBeRight" classname="io.axway.iron.spi.file.FileStoreTest" time="2.127"/>
  <testcase name="testCreateCompany" classname="io.axway.iron.sample.SampleTest" time="1.741"/>
  <testcase name="testCreateCompany" classname="io.axway.iron.sample.SampleTest" time="1.047"/>
</testsuite>