<?xml version="1.0" encoding="UTF-8"?>
<testsuite name="io.atomix.protocols.raft.RaftTest" time="245.372" tests="65" errors="0" skipped="1" failures="1">
  <properties>
    <property name="java.runtime.name" value="OpenJDK Runtime Environment"/>
    <property name="sun.boot.library.path" value="/usr/lib/jvm/java-8-openjdk-amd64/jre/lib/amd64"/>
    <property name="java.vm.version" value="25.121-b13"/>
    <property name="java.vm.vendor" value="Oracle Corporation"/>
    <property name="maven.multiModuleProjectDirectory" value="/root/workspace/atomix/atomix/386431941"/>
    <property name="java.vendor.url" value="http://java.oracle.com/"/>
    <property name="path.separator" value=":"/>
    <property name="guice.disable.misplaced.annotation.check" value="true"/>
    <property name="skip.gulp" value="true"/>
    <property name="java.vm.name" value="OpenJDK 64-Bit Server VM"/>
    <property name="file.encoding.pkg" value="sun.io"/>
    <property name="sun.java.launcher" value="SUN_STANDARD"/>
    <property name="sun.os.patch.level" value="unknown"/>
    <property name="findbugs.skip" value="true"/>
    <property name="java.vm.specification.name" value="Java Virtual Machine Specification"/>
    <property name="user.dir" value="/root/workspace/atomix/atomix/386431941"/>
    <property name="checkstyle.skip" value="true"/>
    <property name="java.runtime.version" value="1.8.0_121-8u121-b13-1~bpo8+1-b13"/>
    <property name="java.awt.graphicsenv" value="sun.awt.X11GraphicsEnvironment"/>
    <property name="skip.npm" value="true"/>
    <property name="java.endorsed.dirs" value="/usr/lib/jvm/java-8-openjdk-amd64/jre/lib/endorsed"/>
    <property name="os.arch" value="amd64"/>
    <property name="java.io.tmpdir" value="/tmp"/>
    <property name="gpg.skip" value="true"/>
    <property name="line.separator" value="&#10;"/>
    <property name="java.vm.specification.vendor" value="Oracle Corporation"/>
    <property name="cobertura.skip" value="true"/>
    <property name="os.name" value="Linux"/>
    <property name="classworlds.conf" value="/usr/share/maven/bin/m2.conf"/>
    <property name="sun.jnu.encoding" value="UTF-8"/>
    <property name="java.library.path" value="/usr/java/packages/lib/amd64:/usr/lib/x86_64-linux-gnu/jni:/lib/x86_64-linux-gnu:/usr/lib/x86_64-linux-gnu:/usr/lib/jni:/lib:/usr/lib"/>
    <property name="license.skip" value="true"/>
    <property name="java.specification.name" value="Java Platform API Specification"/>
    <property name="java.class.version" value="52.0"/>
    <property name="sun.management.compiler" value="HotSpot 64-Bit Tiered Compilers"/>
    <property name="skip.bower" value="true"/>
    <property name="maven.repo.local" value="/root/./workspace/atomix/atomix/386431941/.m2"/>
    <property name="os.version" value="3.10.0-862.3.2.el7.x86_64"/>
    <property name="user.home" value="/root"/>
    <property name="user.timezone" value="Europe/Paris"/>
    <property name="java.awt.printerjob" value="sun.print.PSPrinterJob"/>
    <property name="java.specification.version" value="1.8"/>
    <property name="file.encoding" value="UTF-8"/>
    <property name="user.name" value="root"/>
    <property name="java.class.path" value="/usr/share/maven/boot/plexus-classworlds-2.5.2.jar"/>
    <property name="skipITs" value="true"/>
    <property name="java.vm.specification.version" value="1.8"/>
    <property name="sun.arch.data.model" value="64"/>
    <property name="java.home" value="/usr/lib/jvm/java-8-openjdk-amd64/jre"/>
    <property name="sun.java.command" value="org.codehaus.plexus.classworlds.launcher.Launcher -B -D enforcer.skip=true -D dependency-check.skip=true -D skipITs=true -D cobertura.skip=true -D maven.repo.local=/root/./workspace/atomix/atomix/386431941/.m2 -D rat.skip=true -D findbugs.skip=true -D skip.bower=true -D gpg.skip=true -D checkstyle.skip=true -D skip.gulp=true -D license.skip=true -D skip.npm=true test"/>
    <property name="java.specification.vendor" value="Oracle Corporation"/>
    <property name="user.language" value="en"/>
    <property name="awt.toolkit" value="sun.awt.X11.XToolkit"/>
    <property name="dependency-check.skip" value="true"/>
    <property name="java.vm.info" value="mixed mode"/>
    <property name="java.version" value="1.8.0_121"/>
    <property name="java.ext.dirs" value="/usr/lib/jvm/java-8-openjdk-amd64/jre/lib/ext:/usr/java/packages/lib/ext"/>
    <property name="securerandom.source" value="file:/dev/./urandom"/>
    <property name="sun.boot.class.path" value="/usr/lib/jvm/java-8-openjdk-amd64/jre/lib/resources.jar:/usr/lib/jvm/java-8-openjdk-amd64/jre/lib/rt.jar:/usr/lib/jvm/java-8-openjdk-amd64/jre/lib/sunrsasign.jar:/usr/lib/jvm/java-8-openjdk-amd64/jre/lib/jsse.jar:/usr/lib/jvm/java-8-openjdk-amd64/jre/lib/jce.jar:/usr/lib/jvm/java-8-openjdk-amd64/jre/lib/charsets.jar:/usr/lib/jvm/java-8-openjdk-amd64/jre/lib/jfr.jar:/usr/lib/jvm/java-8-openjdk-amd64/jre/classes"/>
    <property name="java.vendor" value="Oracle Corporation"/>
    <property name="enforcer.skip" value="true"/>
    <property name="rat.skip" value="true"/>
    <property name="maven.home" value="/usr/share/maven"/>
    <property name="file.separator" value="/"/>
    <property name="java.vendor.url.bug" value="http://bugreport.sun.com/bugreport/"/>
    <property name="sun.cpu.endian" value="little"/>
    <property name="sun.io.unicode.encoding" value="UnicodeLittle"/>
    <property name="sun.cpu.isalist" value=""/>
  </properties>
  <testcase name="testFourNodeSequentialEvent" classname="io.atomix.protocols.raft.RaftTest" time="2.176"/>
  <testcase name="testCrashRecover" classname="io.atomix.protocols.raft.RaftTest" time="34.628">
    <failure message="expected:&lt;null&gt; but was:&lt;java.util.concurrent.CompletionException: io.atomix.primitive.PrimitiveException$ClosedSession: session closed&gt;" type="java.lang.AssertionError"><![CDATA[java.lang.AssertionError: expected:<null> but was:<java.util.concurrent.CompletionException: io.atomix.primitive.PrimitiveException$ClosedSession: session closed>
	at net.jodah.concurrentunit.Waiter.fail(Waiter.java:205)
	at net.jodah.concurrentunit.Waiter.assertNull(Waiter.java:70)
	at net.jodah.concurrentunit.ConcurrentTestCase.threadAssertNull(ConcurrentTestCase.java:41)
	at io.atomix.protocols.raft.RaftTest.lambda$submit$1(RaftTest.java:221)
]]></failure>
    <system-out>02:19:35.249 [main] DEBUG i.a.storage.journal.SegmentedJournal - Created disk segment: JournalSegment{id=1, version=1, index=1, size=64}
02:19:35.250 [main] TRACE i.a.p.raft.storage.system.MetaStore - Store configuration Configuration{index=0, time=2018-06-01 02:19:35,250, members=[DefaultRaftMember{id=2, type=ACTIVE, updated=2018-06-01T00:19:35.250Z}, DefaultRaftMember{id=1, type=ACTIVE, updated=2018-06-01T00:19:35.250Z}, DefaultRaftMember{id=3, type=ACTIVE, updated=2018-06-01T00:19:35.250Z}]}
02:19:35.266 [raft-server-1] INFO  i.a.protocols.raft.impl.RaftContext - RaftServer{1} - Transitioning to FOLLOWER
02:19:35.266 [raft-server-1] DEBUG i.a.p.r.c.impl.RaftClusterContext - RaftServer{1} - Attempting to join via 2
02:19:35.267 [raft-server-1] TRACE i.a.p.r.c.impl.RaftClusterContext - RaftServer{1} - Cancelling join timeout
02:19:35.267 [raft-server-1] DEBUG i.a.p.r.c.impl.RaftClusterContext - RaftServer{1} - Failed to join 2
02:19:35.267 [raft-server-1] DEBUG i.a.p.r.c.impl.RaftClusterContext - RaftServer{1} - Attempting to join via 3
02:19:35.267 [raft-server-1] TRACE i.a.p.r.c.impl.RaftClusterContext - RaftServer{1} - Cancelling join timeout
02:19:35.267 [raft-server-1] DEBUG i.a.p.r.c.impl.RaftClusterContext - RaftServer{1} - Failed to join 3
02:19:35.267 [raft-server-1] DEBUG i.a.p.r.c.impl.RaftClusterContext - RaftServer{1} - Failed to join cluster, retrying...
02:19:35.299 [main] DEBUG i.a.storage.journal.SegmentedJournal - Created disk segment: JournalSegment{id=1, version=1, index=1, size=64}
02:19:35.300 [main] TRACE i.a.p.raft.storage.system.MetaStore - Store configuration Configuration{index=0, time=2018-06-01 02:19:35,300, members=[DefaultRaftMember{id=2, type=ACTIVE, updated=2018-06-01T00:19:35.300Z}, DefaultRaftMember{id=1, type=ACTIVE, updated=2018-06-01T00:19:35.300Z}, DefaultRaftMember{id=3, type=ACTIVE, updated=2018-06-01T00:19:35.300Z}]}
02:19:35.316 [raft-server-2] INFO  i.a.protocols.raft.impl.RaftContext - RaftServer{2} - Transitioning to FOLLOWER
02:19:35.317 [raft-server-2] DEBUG i.a.p.r.c.impl.RaftClusterContext - RaftServer{2} - Attempting to join via 1
02:19:35.317 [raft-server-1] TRACE i.a.p.raft.roles.FollowerRole - RaftServer{1}{role=FOLLOWER} - Received JoinRequest{member=DefaultRaftMember{id=2, type=ACTIVE, updated=2018-06-01T00:19:35.300Z}}
02:19:35.317 [raft-server-1] TRACE i.a.p.raft.roles.FollowerRole - RaftServer{1}{role=FOLLOWER} - Sending JoinResponse{status=ERROR, error=RaftError{type=NO_LEADER, message=null}}
02:19:35.317 [raft-server-2] TRACE i.a.p.r.c.impl.RaftClusterContext - RaftServer{2} - Cancelling join timeout
02:19:35.317 [raft-server-2] DEBUG i.a.p.r.c.impl.RaftClusterContext - RaftServer{2} - Failed to join 1
02:19:35.317 [raft-server-2] DEBUG i.a.p.r.c.impl.RaftClusterContext - RaftServer{2} - Attempting to join via 3
02:19:35.334 [raft-server-2] TRACE i.a.p.r.c.impl.RaftClusterContext - RaftServer{2} - Cancelling join timeout
02:19:35.334 [raft-server-2] DEBUG i.a.p.r.c.impl.RaftClusterContext - RaftServer{2} - Failed to join 3
02:19:35.335 [raft-server-2] DEBUG i.a.p.r.c.impl.RaftClusterContext - RaftServer{2} - Failed to join cluster, retrying...
02:19:35.366 [main] DEBUG i.a.storage.journal.SegmentedJournal - Created disk segment: JournalSegment{id=1, version=1, index=1, size=64}
02:19:35.367 [main] TRACE i.a.p.raft.storage.system.MetaStore - Store configuration Configuration{index=0, time=2018-06-01 02:19:35,366, members=[DefaultRaftMember{id=2, type=ACTIVE, updated=2018-06-01T00:19:35.366Z}, DefaultRaftMember{id=1, type=ACTIVE, updated=2018-06-01T00:19:35.366Z}, DefaultRaftMember{id=3, type=ACTIVE, updated=2018-06-01T00:19:35.366Z}]}
02:19:35.382 [raft-server-3] INFO  i.a.protocols.raft.impl.RaftContext - RaftServer{3} - Transitioning to FOLLOWER
02:19:35.383 [raft-server-3] DEBUG i.a.p.r.c.impl.RaftClusterContext - RaftServer{3} - Attempting to join via 2
02:19:35.383 [raft-server-2] TRACE i.a.p.raft.roles.FollowerRole - RaftServer{2}{role=FOLLOWER} - Received JoinRequest{member=DefaultRaftMember{id=3, type=ACTIVE, updated=2018-06-01T00:19:35.366Z}}
02:19:35.384 [raft-server-2] TRACE i.a.p.raft.roles.FollowerRole - RaftServer{2}{role=FOLLOWER} - Sending JoinResponse{status=ERROR, error=RaftError{type=NO_LEADER, message=null}}
02:19:35.384 [raft-server-3] TRACE i.a.p.r.c.impl.RaftClusterContext - RaftServer{3} - Cancelling join timeout
02:19:35.384 [raft-server-3] DEBUG i.a.p.r.c.impl.RaftClusterContext - RaftServer{3} - Failed to join 2
02:19:35.384 [raft-server-3] DEBUG i.a.p.r.c.impl.RaftClusterContext - RaftServer{3} - Attempting to join via 1
02:19:35.384 [raft-server-1] TRACE i.a.p.raft.roles.FollowerRole - RaftServer{1}{role=FOLLOWER} - Received JoinRequest{member=DefaultRaftMember{id=3, type=ACTIVE, updated=2018-06-01T00:19:35.366Z}}
02:19:35.384 [raft-server-1] TRACE i.a.p.raft.roles.FollowerRole - RaftServer{1}{role=FOLLOWER} - Sending JoinResponse{status=ERROR, error=RaftError{type=NO_LEADER, message=null}}
02:19:35.384 [raft-server-3] TRACE i.a.p.r.c.impl.RaftClusterContext - RaftServer{3} - Cancelling join timeout
02:19:35.384 [raft-server-3] DEBUG i.a.p.r.c.impl.RaftClusterContext - RaftServer{3} - Failed to join 1
02:19:35.384 [raft-server-3] DEBUG i.a.p.r.c.impl.RaftClusterContext - RaftServer{3} - Failed to join cluster, retrying...
02:19:36.226 [raft-server-1] DEBUG i.a.p.raft.roles.FollowerRole - RaftServer{1}{role=FOLLOWER} - Heartbeat timed out in PT0.959S
02:19:36.226 [raft-server-1] DEBUG i.a.p.raft.roles.FollowerRole - RaftServer{1}{role=FOLLOWER} - Polling members [DefaultRaftMember{id=2, type=ACTIVE, updated=2018-06-01T00:19:35.250Z}, DefaultRaftMember{id=3, type=ACTIVE, updated=2018-06-01T00:19:35.250Z}]
02:19:36.226 [raft-server-1] DEBUG i.a.p.raft.roles.FollowerRole - RaftServer{1}{role=FOLLOWER} - Polling DefaultRaftMember{id=2, type=ACTIVE, updated=2018-06-01T00:19:35.250Z} for next term 1
02:19:36.226 [raft-server-1] DEBUG i.a.p.raft.roles.FollowerRole - RaftServer{1}{role=FOLLOWER} - Polling DefaultRaftMember{id=3, type=ACTIVE, updated=2018-06-01T00:19:35.250Z} for next term 1
02:19:36.226 [raft-server-2] TRACE i.a.p.raft.roles.FollowerRole - RaftServer{2}{role=FOLLOWER} - Received PollRequest{term=0, candidate=1, lastLogIndex=0, lastLogTerm=0}
02:19:36.226 [raft-server-2] DEBUG i.a.p.raft.roles.FollowerRole - RaftServer{2}{role=FOLLOWER} - Accepted PollRequest{term=0, candidate=1, lastLogIndex=0, lastLogTerm=0}: candidate's log is up-to-date
02:19:36.226 [raft-server-3] TRACE i.a.p.raft.roles.FollowerRole - RaftServer{3}{role=FOLLOWER} - Received PollRequest{term=0, candidate=1, lastLogIndex=0, lastLogTerm=0}
02:19:36.226 [raft-server-2] TRACE i.a.p.raft.roles.FollowerRole - RaftServer{2}{role=FOLLOWER} - Sending PollResponse{status=OK, term=0, accepted=true}
02:19:36.227 [raft-server-3] DEBUG i.a.p.raft.roles.FollowerRole - RaftServer{3}{role=FOLLOWER} - Accepted PollRequest{term=0, candidate=1, lastLogIndex=0, lastLogTerm=0}: candidate's log is up-to-date
02:19:36.227 [raft-server-3] TRACE i.a.p.raft.roles.FollowerRole - RaftServer{3}{role=FOLLOWER} - Sending PollResponse{status=OK, term=0, accepted=true}
02:19:36.227 [raft-server-1] DEBUG i.a.p.raft.roles.FollowerRole - RaftServer{1}{role=FOLLOWER} - Received accepted poll from DefaultRaftMember{id=2, type=ACTIVE, updated=2018-06-01T00:19:35.250Z}
02:19:36.227 [raft-server-1] INFO  i.a.protocols.raft.impl.RaftContext - RaftServer{1} - Transitioning to CANDIDATE
02:19:36.227 [raft-server-1] TRACE i.a.p.raft.roles.FollowerRole - RaftServer{1}{role=FOLLOWER} - Cancelling heartbeat timer
02:19:36.227 [raft-server-1] INFO  i.a.p.raft.roles.CandidateRole - RaftServer{1}{role=CANDIDATE} - Starting election
02:19:36.227 [raft-server-1] TRACE i.a.p.raft.storage.system.MetaStore - Store term 1
02:19:36.249 [raft-server-1] TRACE i.a.p.raft.storage.system.MetaStore - Store vote null
02:19:36.289 [raft-server-1] DEBUG i.a.protocols.raft.impl.RaftContext - RaftServer{1} - Set term 1
02:19:36.289 [raft-server-1] TRACE i.a.p.raft.storage.system.MetaStore - Store vote 1
02:19:36.314 [raft-server-1] DEBUG i.a.protocols.raft.impl.RaftContext - RaftServer{1} - Voted for 1
02:19:36.314 [raft-server-1] DEBUG i.a.p.raft.roles.CandidateRole - RaftServer{1}{role=CANDIDATE} - Requesting votes for term 1
02:19:36.314 [raft-server-1] DEBUG i.a.p.raft.roles.CandidateRole - RaftServer{1}{role=CANDIDATE} - Requesting vote from DefaultRaftMember{id=2, type=ACTIVE, updated=2018-06-01T00:19:35.250Z} for term 1
02:19:36.314 [raft-server-2] TRACE i.a.p.raft.roles.FollowerRole - RaftServer{2}{role=FOLLOWER} - Received VoteRequest{term=1, candidate=1, lastLogIndex=0, lastLogTerm=0}
02:19:36.314 [raft-server-1] DEBUG i.a.p.raft.roles.CandidateRole - RaftServer{1}{role=CANDIDATE} - Requesting vote from DefaultRaftMember{id=3, type=ACTIVE, updated=2018-06-01T00:19:35.250Z} for term 1
02:19:36.315 [raft-server-2] TRACE i.a.p.raft.storage.system.MetaStore - Store term 1
02:19:36.315 [raft-server-3] TRACE i.a.p.raft.roles.FollowerRole - RaftServer{3}{role=FOLLOWER} - Received VoteRequest{term=1, candidate=1, lastLogIndex=0, lastLogTerm=0}
02:19:36.315 [raft-server-3] TRACE i.a.p.raft.storage.system.MetaStore - Store term 1
02:19:36.339 [raft-server-2] TRACE i.a.p.raft.storage.system.MetaStore - Store vote null
02:19:36.364 [raft-server-3] TRACE i.a.p.raft.storage.system.MetaStore - Store vote null
02:19:36.382 [raft-server-2] DEBUG i.a.protocols.raft.impl.RaftContext - RaftServer{2} - Set term 1
02:19:36.383 [raft-server-2] DEBUG i.a.p.raft.roles.FollowerRole - RaftServer{2}{role=FOLLOWER} - Accepted VoteRequest{term=1, candidate=1, lastLogIndex=0, lastLogTerm=0}: candidate's log is up-to-date
02:19:36.383 [raft-server-2] TRACE i.a.p.raft.storage.system.MetaStore - Store vote 1
02:19:36.407 [raft-server-3] DEBUG i.a.protocols.raft.impl.RaftContext - RaftServer{3} - Set term 1
02:19:36.408 [raft-server-3] DEBUG i.a.p.raft.roles.FollowerRole - RaftServer{3}{role=FOLLOWER} - Accepted VoteRequest{term=1, candidate=1, lastLogIndex=0, lastLogTerm=0}: candidate's log is up-to-date
02:19:36.408 [raft-server-3] TRACE i.a.p.raft.storage.system.MetaStore - Store vote 1
02:19:36.432 [raft-server-2] DEBUG i.a.protocols.raft.impl.RaftContext - RaftServer{2} - Voted for 1
02:19:36.432 [raft-server-2] TRACE i.a.p.raft.roles.FollowerRole - RaftServer{2}{role=FOLLOWER} - Sending VoteResponse{status=OK, term=1, voted=true}
02:19:36.432 [raft-server-1] DEBUG i.a.p.raft.roles.CandidateRole - RaftServer{1}{role=CANDIDATE} - Received successful vote from DefaultRaftMember{id=2, type=ACTIVE, updated=2018-06-01T00:19:35.250Z}
02:19:36.433 [raft-server-1] INFO  i.a.protocols.raft.impl.RaftContext - RaftServer{1} - Transitioning to LEADER
02:19:36.433 [raft-server-1] DEBUG i.a.p.raft.roles.CandidateRole - RaftServer{1}{role=CANDIDATE} - Cancelling election
02:19:36.433 [raft-server-1] INFO  i.a.protocols.raft.impl.RaftContext - RaftServer{1} - Found leader 1
02:19:36.433 [raft-server-1] TRACE i.a.p.raft.storage.system.MetaStore - Store vote null
02:19:36.457 [raft-server-3] DEBUG i.a.protocols.raft.impl.RaftContext - RaftServer{3} - Voted for 1
02:19:36.457 [raft-server-3] TRACE i.a.p.raft.roles.FollowerRole - RaftServer{3}{role=FOLLOWER} - Sending VoteResponse{status=OK, term=1, voted=true}
02:19:36.475 [raft-server-1] TRACE i.a.protocols.raft.roles.LeaderRole - RaftServer{1}{role=LEADER} - Appended Indexed{index=1, entry=InitializeEntry{term=1, timestamp=2018-06-01 02:19:36,433}}
02:19:36.475 [raft-server-1] DEBUG i.a.p.raft.roles.LeaderAppender - RaftServer{1} - Configuring 2
02:19:36.475 [raft-server-1] TRACE i.a.p.raft.roles.LeaderAppender - RaftServer{1} - Sending ConfigureRequest{term=1, leader=1, index=0, timestamp=1527812375250, members=[DefaultRaftMember{id=2, type=ACTIVE, updated=2018-06-01T00:19:35.250Z}, DefaultRaftMember{id=1, type=ACTIVE, updated=2018-06-01T00:19:35.250Z}, DefaultRaftMember{id=3, type=ACTIVE, updated=2018-06-01T00:19:35.250Z}]} to 2
02:19:36.475 [raft-server-1] DEBUG i.a.p.raft.roles.LeaderAppender - RaftServer{1} - Configuring 3
02:19:36.475 [raft-server-2] TRACE i.a.p.raft.roles.FollowerRole - RaftServer{2}{role=FOLLOWER} - Received ConfigureRequest{term=1, leader=1, index=0, timestamp=1527812375250, members=[DefaultRaftMember{id=2, type=ACTIVE, updated=2018-06-01T00:19:35.250Z}, DefaultRaftMember{id=1, type=ACTIVE, updated=2018-06-01T00:19:35.250Z}, DefaultRaftMember{id=3, type=ACTIVE, updated=2018-06-01T00:19:35.250Z}]}
02:19:36.475 [raft-server-1] TRACE i.a.p.raft.roles.LeaderAppender - RaftServer{1} - Sending ConfigureRequest{term=1, leader=1, index=0, timestamp=1527812375250, members=[DefaultRaftMember{id=2, type=ACTIVE, updated=2018-06-01T00:19:35.250Z}, DefaultRaftMember{id=1, type=ACTIVE, updated=2018-06-01T00:19:35.250Z}, DefaultRaftMember{id=3, type=ACTIVE, updated=2018-06-01T00:19:35.250Z}]} to 3
02:19:36.475 [raft-server-2] INFO  i.a.protocols.raft.impl.RaftContext - RaftServer{2} - Found leader 1
02:19:36.476 [raft-server-2] TRACE i.a.p.raft.storage.system.MetaStore - Store vote null
02:19:36.476 [raft-server-3] TRACE i.a.p.raft.roles.FollowerRole - RaftServer{3}{role=FOLLOWER} - Received ConfigureRequest{term=1, leader=1, index=0, timestamp=1527812375250, members=[DefaultRaftMember{id=2, type=ACTIVE, updated=2018-06-01T00:19:35.250Z}, DefaultRaftMember{id=1, type=ACTIVE, updated=2018-06-01T00:19:35.250Z}, DefaultRaftMember{id=3, type=ACTIVE, updated=2018-06-01T00:19:35.250Z}]}
02:19:36.476 [raft-server-1] TRACE i.a.protocols.raft.roles.LeaderRole - RaftServer{1}{role=LEADER} - Starting append timer
02:19:36.476 [raft-server-3] INFO  i.a.protocols.raft.impl.RaftContext - RaftServer{3} - Found leader 1
02:19:36.476 [raft-server-3] TRACE i.a.p.raft.storage.system.MetaStore - Store vote null
02:19:36.476 [raft-server-1] TRACE i.a.p.raft.roles.LeaderAppender - RaftServer{1} - Sending AppendRequest{term=1, leader=1, prevLogIndex=0, prevLogTerm=0, entries=0, commitIndex=0} to 2
02:19:36.476 [raft-server-1] TRACE i.a.p.raft.roles.LeaderAppender - RaftServer{1} - Sending AppendRequest{term=1, leader=1, prevLogIndex=0, prevLogTerm=0, entries=0, commitIndex=0} to 3
02:19:36.499 [raft-server-2] TRACE i.a.p.raft.roles.FollowerRole - RaftServer{2}{role=FOLLOWER} - Sending ConfigureResponse{status=OK}
02:19:36.500 [raft-server-2] TRACE i.a.p.raft.roles.FollowerRole - RaftServer{2}{role=FOLLOWER} - Received AppendRequest{term=1, leader=1, prevLogIndex=0, prevLogTerm=0, entries=0, commitIndex=0}
02:19:36.500 [raft-server-2] TRACE i.a.p.raft.roles.FollowerRole - RaftServer{2}{role=FOLLOWER} - Sending AppendResponse{status=OK, term=1, succeeded=true, lastLogIndex=0}
02:19:36.500 [raft-server-1] TRACE i.a.p.raft.roles.LeaderAppender - RaftServer{1} - Received ConfigureResponse{status=OK} from 2
02:19:36.500 [raft-server-1] TRACE i.a.p.raft.roles.LeaderAppender - RaftServer{1} - Received AppendResponse{status=OK, term=1, succeeded=true, lastLogIndex=0} from 2
02:19:36.500 [raft-server-1] TRACE i.a.p.raft.roles.LeaderAppender - RaftServer{1} - Sending AppendRequest{term=1, leader=1, prevLogIndex=0, prevLogTerm=0, entries=1, commitIndex=0} to 2
02:19:36.500 [raft-server-2] TRACE i.a.p.raft.roles.FollowerRole - RaftServer{2}{role=FOLLOWER} - Received AppendRequest{term=1, leader=1, prevLogIndex=0, prevLogTerm=0, entries=1, commitIndex=0}
02:19:36.500 [raft-server-2] DEBUG i.a.p.raft.roles.FollowerRole - RaftServer{2}{role=FOLLOWER} - Reset first index to 1
02:19:36.501 [raft-server-2] TRACE i.a.p.raft.roles.FollowerRole - RaftServer{2}{role=FOLLOWER} - Appended Indexed{index=1, entry=InitializeEntry{term=1, timestamp=2018-06-01 02:19:36,433}}
02:19:36.501 [raft-server-2] TRACE i.a.p.raft.roles.FollowerRole - RaftServer{2}{role=FOLLOWER} - Sending AppendResponse{status=OK, term=1, succeeded=true, lastLogIndex=1}
02:19:36.501 [raft-server-1] TRACE i.a.p.raft.roles.LeaderAppender - RaftServer{1} - Received AppendResponse{status=OK, term=1, succeeded=true, lastLogIndex=1} from 2
02:19:36.501 [raft-server-1] TRACE i.a.p.raft.roles.LeaderAppender - RaftServer{1} - Committed entries up to 1
02:19:36.524 [raft-server-3] TRACE i.a.p.raft.roles.FollowerRole - RaftServer{3}{role=FOLLOWER} - Sending ConfigureResponse{status=OK}
02:19:36.524 [raft-server-3] TRACE i.a.p.raft.roles.FollowerRole - RaftServer{3}{role=FOLLOWER} - Received AppendRequest{term=1, leader=1, prevLogIndex=0, prevLogTerm=0, entries=0, commitIndex=0}
02:19:36.525 [raft-server-3] TRACE i.a.p.raft.roles.FollowerRole - RaftServer{3}{role=FOLLOWER} - Sending AppendResponse{status=OK, term=1, succeeded=true, lastLogIndex=0}
02:19:36.541 [raft-server-1] TRACE i.a.p.raft.roles.LeaderAppender - RaftServer{1} - Received ConfigureResponse{status=OK} from 3
02:19:36.541 [raft-server-1] TRACE i.a.p.raft.roles.LeaderAppender - RaftServer{1} - Received AppendResponse{status=OK, term=1, succeeded=true, lastLogIndex=0} from 3
02:19:36.541 [raft-server-1] TRACE i.a.p.raft.roles.LeaderAppender - RaftServer{1} - Sending AppendRequest{term=1, leader=1, prevLogIndex=0, prevLogTerm=0, entries=1, commitIndex=1} to 3
02:19:36.541 [raft-server-3] TRACE i.a.p.raft.roles.FollowerRole - RaftServer{3}{role=FOLLOWER} - Received AppendRequest{term=1, leader=1, prevLogIndex=0, prevLogTerm=0, entries=1, commitIndex=1}
02:19:36.541 [raft-server-3] DEBUG i.a.p.raft.roles.FollowerRole - RaftServer{3}{role=FOLLOWER} - Reset first index to 1
02:19:36.541 [raft-server-1-state] TRACE i.a.p.raft.impl.RaftServiceManager - RaftServer{1} - Applying Indexed{index=1, entry=InitializeEntry{term=1, timestamp=2018-06-01 02:19:36,433}}
02:19:36.542 [raft-server-3] TRACE i.a.p.raft.roles.FollowerRole - RaftServer{3}{role=FOLLOWER} - Appended Indexed{index=1, entry=InitializeEntry{term=1, timestamp=2018-06-01 02:19:36,433}}
02:19:36.566 [raft-server-3] TRACE i.a.p.raft.roles.FollowerRole - RaftServer{3}{role=FOLLOWER} - Committed entries up to index 1
02:19:36.566 [raft-server-3] TRACE i.a.p.raft.roles.FollowerRole - RaftServer{3}{role=FOLLOWER} - Sending AppendResponse{status=OK, term=1, succeeded=true, lastLogIndex=1}
02:19:36.566 [raft-server-1] TRACE i.a.p.raft.roles.LeaderAppender - RaftServer{1} - Received AppendResponse{status=OK, term=1, succeeded=true, lastLogIndex=1} from 3
02:19:36.566 [raft-server-3-state] TRACE i.a.p.raft.impl.RaftServiceManager - RaftServer{3} - Applying Indexed{index=1, entry=InitializeEntry{term=1, timestamp=2018-06-01 02:19:36,433}}
02:19:36.726 [raft-server-1] TRACE i.a.p.raft.roles.LeaderAppender - RaftServer{1} - Sending AppendRequest{term=1, leader=1, prevLogIndex=1, prevLogTerm=1, entries=0, commitIndex=1} to 2
02:19:36.727 [raft-server-1] TRACE i.a.p.raft.roles.LeaderAppender - RaftServer{1} - Sending AppendRequest{term=1, leader=1, prevLogIndex=1, prevLogTerm=1, entries=0, commitIndex=1} to 3
02:19:36.727 [raft-server-2] TRACE i.a.p.raft.roles.FollowerRole - RaftServer{2}{role=FOLLOWER} - Received AppendRequest{term=1, leader=1, prevLogIndex=1, prevLogTerm=1, entries=0, commitIndex=1}
02:19:36.727 [raft-server-3] TRACE i.a.p.raft.roles.FollowerRole - RaftServer{3}{role=FOLLOWER} - Received AppendRequest{term=1, leader=1, prevLogIndex=1, prevLogTerm=1, entries=0, commitIndex=1}
02:19:36.727 [raft-server-3] TRACE i.a.p.raft.roles.FollowerRole - RaftServer{3}{role=FOLLOWER} - Sending AppendResponse{status=OK, term=1, succeeded=true, lastLogIndex=1}
02:19:36.727 [raft-server-1] TRACE i.a.p.raft.roles.LeaderAppender - RaftServer{1} - Received AppendResponse{status=OK, term=1, succeeded=true, lastLogIndex=1} from 3
02:19:36.749 [raft-server-2] TRACE i.a.p.raft.roles.FollowerRole - RaftServer{2}{role=FOLLOWER} - Committed entries up to index 1
02:19:36.749 [raft-server-2] TRACE i.a.p.raft.roles.FollowerRole - RaftServer{2}{role=FOLLOWER} - Sending AppendResponse{status=OK, term=1, succeeded=true, lastLogIndex=1}
02:19:36.749 [raft-server-1] TRACE i.a.p.raft.roles.LeaderAppender - RaftServer{1} - Received AppendResponse{status=OK, term=1, succeeded=true, lastLogIndex=1} from 2
02:19:36.749 [raft-server-2-state] TRACE i.a.p.raft.impl.RaftServiceManager - RaftServer{2} - Applying Indexed{index=1, entry=InitializeEntry{term=1, timestamp=2018-06-01 02:19:36,433}}
02:19:36.767 [raft-server-1] TRACE i.a.p.r.c.impl.RaftClusterContext - RaftServer{1} - Cancelling join timeout
02:19:36.767 [raft-server-1] DEBUG i.a.p.r.c.impl.RaftClusterContext - RaftServer{1} - Attempting to join via 2
02:19:36.767 [raft-server-2] TRACE i.a.p.raft.roles.FollowerRole - RaftServer{2}{role=FOLLOWER} - Received JoinRequest{member=DefaultRaftMember{id=1, type=ACTIVE, updated=2018-06-01T00:19:35.250Z}}
02:19:36.768 [raft-server-1] TRACE i.a.protocols.raft.roles.LeaderRole - RaftServer{1}{role=LEADER} - Received JoinRequest{member=DefaultRaftMember{id=1, type=ACTIVE, updated=2018-06-01T00:19:35.250Z}}
02:19:36.768 [raft-server-1] TRACE i.a.protocols.raft.roles.LeaderRole - RaftServer{1}{role=LEADER} - Sending JoinResponse{status=OK, index=0, term=0, timestamp=1527812375250, members=[DefaultRaftMember{id=2, type=ACTIVE, updated=2018-06-01T00:19:35.250Z}, DefaultRaftMember{id=1, type=ACTIVE, updated=2018-06-01T00:19:35.250Z}, DefaultRaftMember{id=3, type=ACTIVE, updated=2018-06-01T00:19:35.250Z}]}
02:19:36.768 [raft-server-2] TRACE i.a.p.raft.roles.FollowerRole - RaftServer{2}{role=FOLLOWER} - Sending JoinResponse{status=OK, index=0, term=0, timestamp=1527812375250, members=[DefaultRaftMember{id=2, type=ACTIVE, updated=2018-06-01T00:19:35.250Z}, DefaultRaftMember{id=1, type=ACTIVE, updated=2018-06-01T00:19:35.250Z}, DefaultRaftMember{id=3, type=ACTIVE, updated=2018-06-01T00:19:35.250Z}]}
02:19:36.768 [raft-server-1] TRACE i.a.p.r.c.impl.RaftClusterContext - RaftServer{1} - Cancelling join timeout
02:19:36.769 [raft-server-1] INFO  i.a.p.r.c.impl.RaftClusterContext - RaftServer{1} - Successfully joined via 2
02:19:36.769 [raft-server-1] INFO  i.a.p.raft.impl.DefaultRaftServer - RaftServer{1} - Server started successfully!
02:19:36.835 [raft-server-2] TRACE i.a.p.r.c.impl.RaftClusterContext - RaftServer{2} - Cancelling join timeout
02:19:36.835 [raft-server-2] DEBUG i.a.p.r.c.impl.RaftClusterContext - RaftServer{2} - Attempting to join via 1
02:19:36.836 [raft-server-1] TRACE i.a.protocols.raft.roles.LeaderRole - RaftServer{1}{role=LEADER} - Received JoinRequest{member=DefaultRaftMember{id=2, type=ACTIVE, updated=2018-06-01T00:19:35.300Z}}
02:19:36.836 [raft-server-1] TRACE i.a.protocols.raft.roles.LeaderRole - RaftServer{1}{role=LEADER} - Sending JoinResponse{status=OK, index=0, term=0, timestamp=1527812375250, members=[DefaultRaftMember{id=2, type=ACTIVE, updated=2018-06-01T00:19:35.250Z}, DefaultRaftMember{id=1, type=ACTIVE, updated=2018-06-01T00:19:35.250Z}, DefaultRaftMember{id=3, type=ACTIVE, updated=2018-06-01T00:19:35.250Z}]}
02:19:36.836 [raft-server-2] TRACE i.a.p.r.c.impl.RaftClusterContext - RaftServer{2} - Cancelling join timeout
02:19:36.836 [raft-server-2] INFO  i.a.p.r.c.impl.RaftClusterContext - RaftServer{2} - Successfully joined via 1
02:19:36.836 [raft-server-2] INFO  i.a.p.raft.impl.DefaultRaftServer - RaftServer{2} - Server started successfully!
02:19:36.885 [raft-server-3] TRACE i.a.p.r.c.impl.RaftClusterContext - RaftServer{3} - Cancelling join timeout
02:19:36.885 [raft-server-3] DEBUG i.a.p.r.c.impl.RaftClusterContext - RaftServer{3} - Attempting to join via 2
02:19:36.885 [raft-server-2] TRACE i.a.p.raft.roles.FollowerRole - RaftServer{2}{role=FOLLOWER} - Received JoinRequest{member=DefaultRaftMember{id=3, type=ACTIVE, updated=2018-06-01T00:19:35.366Z}}
02:19:36.885 [raft-server-1] TRACE i.a.protocols.raft.roles.LeaderRole - RaftServer{1}{role=LEADER} - Received JoinRequest{member=DefaultRaftMember{id=3, type=ACTIVE, updated=2018-06-01T00:19:35.366Z}}
02:19:36.886 [raft-server-1] TRACE i.a.protocols.raft.roles.LeaderRole - RaftServer{1}{role=LEADER} - Sending JoinResponse{status=OK, index=0, term=0, timestamp=1527812375250, members=[DefaultRaftMember{id=2, type=ACTIVE, updated=2018-06-01T00:19:35.250Z}, DefaultRaftMember{id=1, type=ACTIVE, updated=2018-06-01T00:19:35.250Z}, DefaultRaftMember{id=3, type=ACTIVE, updated=2018-06-01T00:19:35.250Z}]}
02:19:36.886 [raft-server-2] TRACE i.a.p.raft.roles.FollowerRole - RaftServer{2}{role=FOLLOWER} - Sending JoinResponse{status=OK, index=0, term=0, timestamp=1527812375250, members=[DefaultRaftMember{id=2, type=ACTIVE, updated=2018-06-01T00:19:35.250Z}, DefaultRaftMember{id=1, type=ACTIVE, updated=2018-06-01T00:19:35.250Z}, DefaultRaftMember{id=3, type=ACTIVE, updated=2018-06-01T00:19:35.250Z}]}
02:19:36.886 [raft-server-3] TRACE i.a.p.r.c.impl.RaftClusterContext - RaftServer{3} - Cancelling join timeout
02:19:36.886 [raft-server-3] INFO  i.a.p.r.c.impl.RaftClusterContext - RaftServer{3} - Successfully joined via 2
02:19:36.886 [raft-server-3] INFO  i.a.p.raft.impl.DefaultRaftServer - RaftServer{3} - Server started successfully!
02:19:36.888 [main] DEBUG i.a.p.p.i.RecoveringPartitionProxy - PartitionProxy{8d1a11e6-024d-41c6-816f-7d36669ce782} - Opening proxy session
02:19:36.888 [main] DEBUG i.a.p.r.proxy.impl.RaftProxyManager - RaftClient{8d1a11e6-024d-41c6-816f-7d36669ce782} - Opening session; name: test, type: PrimitiveType{name=test}
02:19:36.889 [raft-client-8d1a11e6-024d-41c6-816f-7d36669ce782-0] TRACE i.a.p.r.p.impl.RaftProxyConnection - RaftClient{8d1a11e6-024d-41c6-816f-7d36669ce782} - Sending OpenSessionRequest{node=4, serviceName=test, serviceType=test, readConsistency=LINEARIZABLE, minTimeout=250, maxTimeout=5000} to 1
02:19:36.889 [raft-server-1] TRACE i.a.protocols.raft.roles.LeaderRole - RaftServer{1}{role=LEADER} - Received OpenSessionRequest{node=4, serviceName=test, serviceType=test, readConsistency=LINEARIZABLE, minTimeout=250, maxTimeout=5000}
02:19:36.890 [raft-server-1] TRACE i.a.protocols.raft.roles.LeaderRole - RaftServer{1}{role=LEADER} - Appended Indexed{index=2, entry=OpenSessionEntry{term=1, timestamp=2018-06-01 02:19:36,889, node=4, serviceName=test, serviceType=test, serviceConfig=byte[]{length=2, hash=2636}, readConsistency=LINEARIZABLE, minTimeout=250, maxTimeout=5000}}
02:19:36.890 [raft-server-1] TRACE i.a.p.raft.roles.LeaderAppender - RaftServer{1} - Sending AppendRequest{term=1, leader=1, prevLogIndex=1, prevLogTerm=1, entries=1, commitIndex=1} to 2
02:19:36.890 [raft-server-2] TRACE i.a.p.raft.roles.FollowerRole - RaftServer{2}{role=FOLLOWER} - Received AppendRequest{term=1, leader=1, prevLogIndex=1, prevLogTerm=1, entries=1, commitIndex=1}
02:19:36.890 [raft-server-1] TRACE i.a.p.raft.roles.LeaderAppender - RaftServer{1} - Sending AppendRequest{term=1, leader=1, prevLogIndex=1, prevLogTerm=1, entries=1, commitIndex=1} to 3
02:19:36.891 [raft-server-3] TRACE i.a.p.raft.roles.FollowerRole - RaftServer{3}{role=FOLLOWER} - Received AppendRequest{term=1, leader=1, prevLogIndex=1, prevLogTerm=1, entries=1, commitIndex=1}
02:19:36.890 [raft-server-2] TRACE i.a.p.raft.roles.FollowerRole - RaftServer{2}{role=FOLLOWER} - Appended Indexed{index=2, entry=OpenSessionEntry{term=1, timestamp=2018-06-01 02:19:36,889, node=4, serviceName=test, serviceType=test, serviceConfig=byte[]{length=2, hash=2636}, readConsistency=LINEARIZABLE, minTimeout=250, maxTimeout=5000}}
02:19:36.891 [raft-server-2] TRACE i.a.p.raft.roles.FollowerRole - RaftServer{2}{role=FOLLOWER} - Sending AppendResponse{status=OK, term=1, succeeded=true, lastLogIndex=2}
02:19:36.891 [raft-server-3] TRACE i.a.p.raft.roles.FollowerRole - RaftServer{3}{role=FOLLOWER} - Appended Indexed{index=2, entry=OpenSessionEntry{term=1, timestamp=2018-06-01 02:19:36,889, node=4, serviceName=test, serviceType=test, serviceConfig=byte[]{length=2, hash=2636}, readConsistency=LINEARIZABLE, minTimeout=250, maxTimeout=5000}}
02:19:36.891 [raft-server-1] TRACE i.a.p.raft.roles.LeaderAppender - RaftServer{1} - Received AppendResponse{status=OK, term=1, succeeded=true, lastLogIndex=2} from 2
02:19:36.891 [raft-server-3] TRACE i.a.p.raft.roles.FollowerRole - RaftServer{3}{role=FOLLOWER} - Sending AppendResponse{status=OK, term=1, succeeded=true, lastLogIndex=2}
02:19:36.891 [raft-server-1] TRACE i.a.p.raft.roles.LeaderAppender - RaftServer{1} - Committed entries up to 2
02:19:36.922 [raft-server-1] TRACE i.a.p.raft.roles.LeaderAppender - RaftServer{1} - Received AppendResponse{status=OK, term=1, succeeded=true, lastLogIndex=2} from 3
02:19:36.923 [raft-server-1-state] TRACE i.a.p.raft.impl.RaftServiceManager - RaftServer{1} - Applying Indexed{index=2, entry=OpenSessionEntry{term=1, timestamp=2018-06-01 02:19:36,889, node=4, serviceName=test, serviceType=test, serviceConfig=byte[]{length=2, hash=2636}, readConsistency=LINEARIZABLE, minTimeout=250, maxTimeout=5000}}
02:19:36.923 [raft-server-1-state] DEBUG i.a.p.s.impl.DefaultServiceExecutor - PrimitiveService{2}{type=PrimitiveType{name=test}, name=test} - Registered operation callback DefaultOperationId{id=sendEvent, type=COMMAND}
02:19:36.923 [raft-server-1-state] DEBUG i.a.p.s.impl.DefaultServiceExecutor - PrimitiveService{2}{type=PrimitiveType{name=test}, name=test} - Registered operation callback DefaultOperationId{id=onClose, type=COMMAND}
02:19:36.924 [raft-server-1-state] DEBUG i.a.p.s.impl.DefaultServiceExecutor - PrimitiveService{2}{type=PrimitiveType{name=test}, name=test} - Registered operation callback DefaultOperationId{id=read, type=QUERY}
02:19:36.924 [raft-server-1-state] DEBUG i.a.p.s.impl.DefaultServiceExecutor - PrimitiveService{2}{type=PrimitiveType{name=test}, name=test} - Registered operation callback DefaultOperationId{id=onExpire, type=COMMAND}
02:19:36.924 [raft-server-1-state] DEBUG i.a.p.s.impl.DefaultServiceExecutor - PrimitiveService{2}{type=PrimitiveType{name=test}, name=test} - Registered operation callback DefaultOperationId{id=write, type=COMMAND}
02:19:36.924 [raft-server-1-state] DEBUG i.a.p.r.service.RaftServiceContext - PrimitiveService{2}{type=PrimitiveType{name=test}, name=test} - Opening session 2
02:19:36.924 [raft-server-1-state] DEBUG i.a.p.raft.session.RaftSession - PrimitiveSession{2}{type=PrimitiveType{name=test}, name=test} - State changed: OPEN
02:19:36.924 [raft-server-1-state] TRACE i.a.protocols.raft.roles.LeaderRole - RaftServer{1}{role=LEADER} - Sending OpenSessionResponse{status=OK, session=2, timeout=5000}
02:19:36.925 [raft-client-8d1a11e6-024d-41c6-816f-7d36669ce782-1] TRACE i.a.p.r.p.impl.RaftProxyConnection - RaftClient{8d1a11e6-024d-41c6-816f-7d36669ce782} - Received OpenSessionResponse{status=OK, session=2, timeout=5000} from 1
02:19:36.926 [raft-client-8d1a11e6-024d-41c6-816f-7d36669ce782-0] TRACE i.a.p.r.proxy.impl.RaftProxyManager - RaftClient{8d1a11e6-024d-41c6-816f-7d36669ce782} - Keeping 1 sessions alive
02:19:36.926 [raft-client-8d1a11e6-024d-41c6-816f-7d36669ce782-2] TRACE i.a.p.r.p.impl.RaftProxyConnection - RaftClient{8d1a11e6-024d-41c6-816f-7d36669ce782} - Sending KeepAliveRequest{sessionIds=long[]{length=1, hash=33}, commandSequences=long[]{length=1, hash=31}, eventIndexes=long[]{length=1, hash=33}} to 1
02:19:36.927 [raft-server-1] TRACE i.a.protocols.raft.roles.LeaderRole - RaftServer{1}{role=LEADER} - Received KeepAliveRequest{sessionIds=long[]{length=1, hash=33}, commandSequences=long[]{length=1, hash=31}, eventIndexes=long[]{length=1, hash=33}}
02:19:36.928 [raft-client-8d1a11e6-024d-41c6-816f-7d36669ce782-0] DEBUG i.a.p.p.i.RecoveringPartitionProxy - PartitionProxy{2}{type=PrimitiveType{name=test}, name=test} - State changed: CONNECTED
02:19:36.928 [raft-server-1] TRACE i.a.protocols.raft.roles.LeaderRole - RaftServer{1}{role=LEADER} - Appended Indexed{index=3, entry=KeepAliveEntry{term=1, timestamp=2018-06-01 02:19:36,926, sessionIds=long[]{length=1, hash=33}, commandSequences=long[]{length=1, hash=31}, eventIndexes=long[]{length=1, hash=33}}}
02:19:36.928 [raft-server-1] TRACE i.a.p.raft.roles.LeaderAppender - RaftServer{1} - Sending AppendRequest{term=1, leader=1, prevLogIndex=2, prevLogTerm=1, entries=1, commitIndex=2} to 2
02:19:36.928 [raft-server-2] TRACE i.a.p.raft.roles.FollowerRole - RaftServer{2}{role=FOLLOWER} - Received AppendRequest{term=1, leader=1, prevLogIndex=2, prevLogTerm=1, entries=1, commitIndex=2}
02:19:36.928 [raft-server-1] TRACE i.a.p.raft.roles.LeaderAppender - RaftServer{1} - Sending AppendRequest{term=1, leader=1, prevLogIndex=2, prevLogTerm=1, entries=1, commitIndex=2} to 3
02:19:36.929 [raft-server-3] TRACE i.a.p.raft.roles.FollowerRole - RaftServer{3}{role=FOLLOWER} - Received AppendRequest{term=1, leader=1, prevLogIndex=2, prevLogTerm=1, entries=1, commitIndex=2}
02:19:36.929 [raft-server-2] TRACE i.a.p.raft.roles.FollowerRole - RaftServer{2}{role=FOLLOWER} - Appended Indexed{index=3, entry=KeepAliveEntry{term=1, timestamp=2018-06-01 02:19:36,926, sessionIds=long[]{length=1, hash=33}, commandSequences=long[]{length=1, hash=31}, eventIndexes=long[]{length=1, hash=33}}}
02:19:36.929 [raft-server-3] TRACE i.a.p.raft.roles.FollowerRole - RaftServer{3}{role=FOLLOWER} - Appended Indexed{index=3, entry=KeepAliveEntry{term=1, timestamp=2018-06-01 02:19:36,926, sessionIds=long[]{length=1, hash=33}, commandSequences=long[]{length=1, hash=31}, eventIndexes=long[]{length=1, hash=33}}}
02:19:36.932 [raft-client-8d1a11e6-024d-41c6-816f-7d36669ce782-2] TRACE i.a.p.r.p.impl.RaftProxyConnection - PartitionProxy{2}{type=PrimitiveType{name=test}, name=test} - Sending CommandRequest{session=2, sequence=1, operation=PrimitiveOperation{id=DefaultOperationId{id=write, type=COMMAND}, value=byte[]{length=17, hash=-1644578928}}} to 1
02:19:36.933 [raft-server-1] TRACE i.a.protocols.raft.roles.LeaderRole - RaftServer{1}{role=LEADER} - Received CommandRequest{session=2, sequence=1, operation=PrimitiveOperation{id=DefaultOperationId{id=write, type=COMMAND}, value=byte[]{length=17, hash=-1644578928}}}
02:19:36.933 [raft-server-1] TRACE i.a.protocols.raft.roles.LeaderRole - RaftServer{1}{role=LEADER} - Appended Indexed{index=4, entry=CommandEntry{term=1, timestamp=2018-06-01 02:19:36,933, session=2, sequence=1, operation=PrimitiveOperation{id=DefaultOperationId{id=write, type=COMMAND}, value=byte[]{length=17, hash=-1644578928}}}}
02:19:36.933 [raft-server-1] TRACE i.a.p.raft.roles.LeaderAppender - RaftServer{1} - Sending AppendRequest{term=1, leader=1, prevLogIndex=3, prevLogTerm=1, entries=1, commitIndex=2} to 2
02:19:36.964 [raft-server-2] TRACE i.a.p.raft.roles.FollowerRole - RaftServer{2}{role=FOLLOWER} - Committed entries up to index 2
02:19:36.964 [raft-server-3] TRACE i.a.p.raft.roles.FollowerRole - RaftServer{3}{role=FOLLOWER} - Committed entries up to index 2
02:19:36.964 [raft-server-2] TRACE i.a.p.raft.roles.FollowerRole - RaftServer{2}{role=FOLLOWER} - Sending AppendResponse{status=OK, term=1, succeeded=true, lastLogIndex=3}
02:19:36.964 [raft-server-3] TRACE i.a.p.raft.roles.FollowerRole - RaftServer{3}{role=FOLLOWER} - Sending AppendResponse{status=OK, term=1, succeeded=true, lastLogIndex=3}
02:19:36.964 [raft-server-2] TRACE i.a.p.raft.roles.FollowerRole - RaftServer{2}{role=FOLLOWER} - Received AppendRequest{term=1, leader=1, prevLogIndex=3, prevLogTerm=1, entries=1, commitIndex=2}
02:19:36.964 [raft-server-1] TRACE i.a.p.raft.roles.LeaderAppender - RaftServer{1} - Received AppendResponse{status=OK, term=1, succeeded=true, lastLogIndex=3} from 2
02:19:36.964 [raft-server-1] TRACE i.a.p.raft.roles.LeaderAppender - RaftServer{1} - Committed entries up to 3
02:19:36.964 [raft-server-3-state] TRACE i.a.p.raft.impl.RaftServiceManager - RaftServer{3} - Applying Indexed{index=2, entry=OpenSessionEntry{term=1, timestamp=2018-06-01 02:19:36,889, node=4, serviceName=test, serviceType=test, serviceConfig=byte[]{length=2, hash=2636}, readConsistency=LINEARIZABLE, minTimeout=250, maxTimeout=5000}}
02:19:36.964 [raft-server-2] TRACE i.a.p.raft.roles.FollowerRole - RaftServer{2}{role=FOLLOWER} - Appended Indexed{index=4, entry=CommandEntry{term=1, timestamp=2018-06-01 02:19:36,933, session=2, sequence=1, operation=PrimitiveOperation{id=DefaultOperationId{id=write, type=COMMAND}, value=byte[]{length=17, hash=-1644578928}}}}
02:19:36.965 [raft-server-2] TRACE i.a.p.raft.roles.FollowerRole - RaftServer{2}{role=FOLLOWER} - Sending AppendResponse{status=OK, term=1, succeeded=true, lastLogIndex=4}
02:19:36.965 [raft-server-3-state] DEBUG i.a.p.s.impl.DefaultServiceExecutor - PrimitiveService{2}{type=PrimitiveType{name=test}, name=test} - Registered operation callback DefaultOperationId{id=sendEvent, type=COMMAND}
02:19:36.965 [raft-server-3-state] DEBUG i.a.p.s.impl.DefaultServiceExecutor - PrimitiveService{2}{type=PrimitiveType{name=test}, name=test} - Registered operation callback DefaultOperationId{id=onClose, type=COMMAND}
02:19:36.965 [raft-server-2-state] TRACE i.a.p.raft.impl.RaftServiceManager - RaftServer{2} - Applying Indexed{index=2, entry=OpenSessionEntry{term=1, timestamp=2018-06-01 02:19:36,889, node=4, serviceName=test, serviceType=test, serviceConfig=byte[]{length=2, hash=2636}, readConsistency=LINEARIZABLE, minTimeout=250, maxTimeout=5000}}
02:19:36.965 [raft-server-3-state] DEBUG i.a.p.s.impl.DefaultServiceExecutor - PrimitiveService{2}{type=PrimitiveType{name=test}, name=test} - Registered operation callback DefaultOperationId{id=read, type=QUERY}
02:19:36.965 [raft-server-3-state] DEBUG i.a.p.s.impl.DefaultServiceExecutor - PrimitiveService{2}{type=PrimitiveType{name=test}, name=test} - Registered operation callback DefaultOperationId{id=onExpire, type=COMMAND}
02:19:36.966 [raft-server-3-state] DEBUG i.a.p.s.impl.DefaultServiceExecutor - PrimitiveService{2}{type=PrimitiveType{name=test}, name=test} - Registered operation callback DefaultOperationId{id=write, type=COMMAND}
02:19:36.966 [raft-server-2-state] DEBUG i.a.p.s.impl.DefaultServiceExecutor - PrimitiveService{2}{type=PrimitiveType{name=test}, name=test} - Registered operation callback DefaultOperationId{id=sendEvent, type=COMMAND}
02:19:36.966 [raft-server-3-state] DEBUG i.a.p.r.service.RaftServiceContext - PrimitiveService{2}{type=PrimitiveType{name=test}, name=test} - Opening session 2
02:19:36.966 [raft-server-2-state] DEBUG i.a.p.s.impl.DefaultServiceExecutor - PrimitiveService{2}{type=PrimitiveType{name=test}, name=test} - Registered operation callback DefaultOperationId{id=onClose, type=COMMAND}
02:19:36.966 [raft-server-2-state] DEBUG i.a.p.s.impl.DefaultServiceExecutor - PrimitiveService{2}{type=PrimitiveType{name=test}, name=test} - Registered operation callback DefaultOperationId{id=read, type=QUERY}
02:19:36.966 [raft-server-3-state] DEBUG i.a.p.raft.session.RaftSession - PrimitiveSession{2}{type=PrimitiveType{name=test}, name=test} - State changed: OPEN
02:19:36.966 [raft-server-2-state] DEBUG i.a.p.s.impl.DefaultServiceExecutor - PrimitiveService{2}{type=PrimitiveType{name=test}, name=test} - Registered operation callback DefaultOperationId{id=onExpire, type=COMMAND}
02:19:36.966 [raft-server-2-state] DEBUG i.a.p.s.impl.DefaultServiceExecutor - PrimitiveService{2}{type=PrimitiveType{name=test}, name=test} - Registered operation callback DefaultOperationId{id=write, type=COMMAND}
02:19:36.966 [raft-server-2-state] DEBUG i.a.p.r.service.RaftServiceContext - PrimitiveService{2}{type=PrimitiveType{name=test}, name=test} - Opening session 2
02:19:36.966 [raft-server-2-state] DEBUG i.a.p.raft.session.RaftSession - PrimitiveSession{2}{type=PrimitiveType{name=test}, name=test} - State changed: OPEN
02:19:36.997 [raft-server-1] TRACE i.a.p.raft.roles.LeaderAppender - RaftServer{1} - Received AppendResponse{status=OK, term=1, succeeded=true, lastLogIndex=3} from 3
02:19:36.997 [raft-server-1] TRACE i.a.p.raft.roles.LeaderAppender - RaftServer{1} - Sending AppendRequest{term=1, leader=1, prevLogIndex=3, prevLogTerm=1, entries=1, commitIndex=3} to 3
02:19:36.998 [raft-server-3] TRACE i.a.p.raft.roles.FollowerRole - RaftServer{3}{role=FOLLOWER} - Received AppendRequest{term=1, leader=1, prevLogIndex=3, prevLogTerm=1, entries=1, commitIndex=3}
02:19:36.998 [raft-server-1] TRACE i.a.p.raft.roles.LeaderAppender - RaftServer{1} - Received AppendResponse{status=OK, term=1, succeeded=true, lastLogIndex=4} from 2
02:19:36.998 [raft-server-1] TRACE i.a.p.raft.roles.LeaderAppender - RaftServer{1} - Committed entries up to 4
02:19:36.998 [raft-server-3] TRACE i.a.p.raft.roles.FollowerRole - RaftServer{3}{role=FOLLOWER} - Appended Indexed{index=4, entry=CommandEntry{term=1, timestamp=2018-06-01 02:19:36,933, session=2, sequence=1, operation=PrimitiveOperation{id=DefaultOperationId{id=write, type=COMMAND}, value=byte[]{length=17, hash=-1644578928}}}}
02:19:37.031 [raft-server-1] TRACE i.a.p.raft.roles.LeaderAppender - RaftServer{1} - Sending AppendRequest{term=1, leader=1, prevLogIndex=4, prevLogTerm=1, entries=0, commitIndex=4} to 2
02:19:37.031 [raft-server-2] TRACE i.a.p.raft.roles.FollowerRole - RaftServer{2}{role=FOLLOWER} - Received AppendRequest{term=1, leader=1, prevLogIndex=4, prevLogTerm=1, entries=0, commitIndex=4}
02:19:37.031 [raft-server-1-state] TRACE i.a.p.raft.impl.RaftServiceManager - RaftServer{1} - Applying Indexed{index=3, entry=KeepAliveEntry{term=1, timestamp=2018-06-01 02:19:36,926, sessionIds=long[]{length=1, hash=33}, commandSequences=long[]{length=1, hash=31}, eventIndexes=long[]{length=1, hash=33}}}
02:19:37.032 [raft-server-1-state] TRACE i.a.p.raft.impl.RaftServiceManager - RaftServer{1} - Applying Indexed{index=4, entry=CommandEntry{term=1, timestamp=2018-06-01 02:19:36,933, session=2, sequence=1, operation=PrimitiveOperation{id=DefaultOperationId{id=write, type=COMMAND}, value=byte[]{length=17, hash=-1644578928}}}}
02:19:37.032 [raft-server-1] TRACE i.a.protocols.raft.roles.LeaderRole - RaftServer{1}{role=LEADER} - Sending KeepAliveResponse{status=OK, leader=1, members=[2, 1, 3], sessionIds=long[]{length=1, hash=33}}
02:19:37.032 [raft-client-8d1a11e6-024d-41c6-816f-7d36669ce782-0] TRACE i.a.p.r.p.impl.RaftProxyConnection - RaftClient{8d1a11e6-024d-41c6-816f-7d36669ce782} - Received KeepAliveResponse{status=OK, leader=1, members=[2, 1, 3], sessionIds=long[]{length=1, hash=33}} from 1
02:19:37.032 [raft-server-1-state] TRACE i.a.p.s.impl.DefaultServiceExecutor - PrimitiveService{2}{type=PrimitiveType{name=test}, name=test} - Executing DefaultCommit{index=4, session=RaftSession{RaftServiceContext{server=1, type=PrimitiveType{name=test}, name=test, id=2}, session=2, timestamp=2018-06-01 02:19:36,933}, time=2018-06-01 02:19:36,933, operation=DefaultOperationId{id=write, type=COMMAND}, value=byte[]{length=17, hash=-1644578928}}
02:19:37.032 [raft-server-1-state] TRACE i.a.protocols.raft.roles.LeaderRole - RaftServer{1}{role=LEADER} - Sending CommandResponse{status=OK, index=4, eventIndex=2, result=byte[]{length=2, hash=1248}}
02:19:37.032 [raft-client-8d1a11e6-024d-41c6-816f-7d36669ce782-1] TRACE i.a.p.r.p.impl.RaftProxyConnection - PartitionProxy{2}{type=PrimitiveType{name=test}, name=test} - Sending CommandRequest{session=2, sequence=1, operation=PrimitiveOperation{id=DefaultOperationId{id=write, type=COMMAND}, value=byte[]{length=17, hash=-1644578928}}} to 1
02:19:37.032 [raft-client-8d1a11e6-024d-41c6-816f-7d36669ce782-1] TRACE i.a.p.r.p.impl.RaftProxyConnection - PartitionProxy{2}{type=PrimitiveType{name=test}, name=test} - Received CommandResponse{status=OK, index=4, eventIndex=2, result=byte[]{length=2, hash=1248}} from 1
02:19:37.032 [raft-server-1] TRACE i.a.protocols.raft.roles.LeaderRole - RaftServer{1}{role=LEADER} - Received CommandRequest{session=2, sequence=1, operation=PrimitiveOperation{id=DefaultOperationId{id=write, type=COMMAND}, value=byte[]{length=17, hash=-1644578928}}}
02:19:37.033 [raft-client-8d1a11e6-024d-41c6-816f-7d36669ce782-1] TRACE i.a.p.r.p.impl.RaftProxySequencer - PartitionProxy{2}{type=PrimitiveType{name=test}, name=test} - Completing response CommandResponse{status=OK, index=4, eventIndex=2, result=byte[]{length=2, hash=1248}}
02:19:37.033 [raft-server-1] TRACE i.a.protocols.raft.roles.LeaderRole - RaftServer{1}{role=LEADER} - Sending CommandResponse{status=OK, index=4, eventIndex=2, result=byte[]{length=2, hash=1248}}
02:19:37.033 [raft-client-8d1a11e6-024d-41c6-816f-7d36669ce782-1] TRACE i.a.p.r.p.impl.RaftProxyConnection - PartitionProxy{2}{type=PrimitiveType{name=test}, name=test} - Received CommandResponse{status=OK, index=4, eventIndex=2, result=byte[]{length=2, hash=1248}} from 1
02:19:37.035 [raft-client-8d1a11e6-024d-41c6-816f-7d36669ce782-5] TRACE i.a.p.r.p.impl.RaftProxyConnection - PartitionProxy{2}{type=PrimitiveType{name=test}, name=test} - Sending CommandRequest{session=2, sequence=2, operation=PrimitiveOperation{id=DefaultOperationId{id=write, type=COMMAND}, value=byte[]{length=17, hash=-1644578928}}} to 1
02:19:37.036 [raft-server-1] TRACE i.a.protocols.raft.roles.LeaderRole - RaftServer{1}{role=LEADER} - Received CommandRequest{session=2, sequence=2, operation=PrimitiveOperation{id=DefaultOperationId{id=write, type=COMMAND}, value=byte[]{length=17, hash=-1644578928}}}
02:19:37.036 [raft-server-1] TRACE i.a.protocols.raft.roles.LeaderRole - RaftServer{1}{role=LEADER} - Appended Indexed{index=5, entry=CommandEntry{term=1, timestamp=2018-06-01 02:19:37,036, session=2, sequence=2, operation=PrimitiveOperation{id=DefaultOperationId{id=write, type=COMMAND}, value=byte[]{length=17, hash=-1644578928}}}}
02:19:37.036 [raft-server-1] TRACE i.a.p.raft.roles.LeaderAppender - RaftServer{1} - Sending AppendRequest{term=1, leader=1, prevLogIndex=4, prevLogTerm=1, entries=1, commitIndex=4} to 3
02:19:37.057 [raft-server-3] TRACE i.a.p.raft.roles.FollowerRole - RaftServer{3}{role=FOLLOWER} - Committed entries up to index 3
02:19:37.057 [raft-server-3] TRACE i.a.p.raft.roles.FollowerRole - RaftServer{3}{role=FOLLOWER} - Sending AppendResponse{status=OK, term=1, succeeded=true, lastLogIndex=4}
02:19:37.058 [raft-server-3] TRACE i.a.p.raft.roles.FollowerRole - RaftServer{3}{role=FOLLOWER} - Received AppendRequest{term=1, leader=1, prevLogIndex=4, prevLogTerm=1, entries=1, commitIndex=4}
02:19:37.058 [raft-server-1] TRACE i.a.p.raft.roles.LeaderAppender - RaftServer{1} - Received AppendResponse{status=OK, term=1, succeeded=true, lastLogIndex=4} from 3
02:19:37.058 [raft-server-1] TRACE i.a.p.raft.roles.LeaderAppender - RaftServer{1} - Sending AppendRequest{term=1, leader=1, prevLogIndex=4, prevLogTerm=1, entries=1, commitIndex=4} to 2
02:19:37.058 [raft-server-3] TRACE i.a.p.raft.roles.FollowerRole - RaftServer{3}{role=FOLLOWER} - Appended Indexed{index=5, entry=CommandEntry{term=1, timestamp=2018-06-01 02:19:37,036, session=2, sequence=2, operation=PrimitiveOperation{id=DefaultOperationId{id=write, type=COMMAND}, value=byte[]{length=17, hash=-1644578928}}}}
02:19:37.091 [raft-server-2] TRACE i.a.p.raft.roles.FollowerRole - RaftServer{2}{role=FOLLOWER} - Committed entries up to index 4
02:19:37.091 [raft-server-2] TRACE i.a.p.raft.roles.FollowerRole - RaftServer{2}{role=FOLLOWER} - Sending AppendResponse{status=OK, term=1, succeeded=true, lastLogIndex=4}
02:19:37.091 [raft-server-2] TRACE i.a.p.raft.roles.FollowerRole - RaftServer{2}{role=FOLLOWER} - Received AppendRequest{term=1, leader=1, prevLogIndex=4, prevLogTerm=1, entries=1, commitIndex=4}
02:19:37.091 [raft-server-1] TRACE i.a.p.raft.roles.LeaderAppender - RaftServer{1} - Received AppendResponse{status=OK, term=1, succeeded=true, lastLogIndex=4} from 2
02:19:37.091 [raft-server-2] TRACE i.a.p.raft.roles.FollowerRole - RaftServer{2}{role=FOLLOWER} - Appended Indexed{index=5, entry=CommandEntry{term=1, timestamp=2018-06-01 02:19:37,036, session=2, sequence=2, operation=PrimitiveOperation{id=DefaultOperationId{id=write, type=COMMAND}, value=byte[]{length=17, hash=-1644578928}}}}
02:19:37.091 [raft-server-2] TRACE i.a.p.raft.roles.FollowerRole - RaftServer{2}{role=FOLLOWER} - Sending AppendResponse{status=OK, term=1, succeeded=true, lastLogIndex=5}
02:19:37.092 [raft-server-1] TRACE i.a.p.raft.roles.LeaderAppender - RaftServer{1} - Received AppendResponse{status=OK, term=1, succeeded=true, lastLogIndex=5} from 2
02:19:37.092 [raft-server-1] TRACE i.a.p.raft.roles.LeaderAppender - RaftServer{1} - Committed entries up to 5
02:19:37.092 [raft-server-2-state] TRACE i.a.p.raft.impl.RaftServiceManager - RaftServer{2} - Applying Indexed{index=3, entry=KeepAliveEntry{term=1, timestamp=2018-06-01 02:19:36,926, sessionIds=long[]{length=1, hash=33}, commandSequences=long[]{length=1, hash=31}, eventIndexes=long[]{length=1, hash=33}}}
02:19:37.092 [raft-server-2-state] TRACE i.a.p.raft.impl.RaftServiceManager - RaftServer{2} - Applying Indexed{index=4, entry=CommandEntry{term=1, timestamp=2018-06-01 02:19:36,933, session=2, sequence=1, operation=PrimitiveOperation{id=DefaultOperationId{id=write, type=COMMAND}, value=byte[]{length=17, hash=-1644578928}}}}
02:19:37.092 [raft-server-2-state] TRACE i.a.p.s.impl.DefaultServiceExecutor - PrimitiveService{2}{type=PrimitiveType{name=test}, name=test} - Executing DefaultCommit{index=4, session=RaftSession{RaftServiceContext{server=2, type=PrimitiveType{name=test}, name=test, id=2}, session=2, timestamp=2018-06-01 02:19:36,933}, time=2018-06-01 02:19:36,933, operation=DefaultOperationId{id=write, type=COMMAND}, value=byte[]{length=17, hash=-1644578928}}
02:19:37.124 [raft-server-3] TRACE i.a.p.raft.roles.FollowerRole - RaftServer{3}{role=FOLLOWER} - Committed entries up to index 4
02:19:37.124 [raft-server-3] TRACE i.a.p.raft.roles.FollowerRole - RaftServer{3}{role=FOLLOWER} - Sending AppendResponse{status=OK, term=1, succeeded=true, lastLogIndex=5}
02:19:37.124 [raft-server-3-state] TRACE i.a.p.raft.impl.RaftServiceManager - RaftServer{3} - Applying Indexed{index=3, entry=KeepAliveEntry{term=1, timestamp=2018-06-01 02:19:36,926, sessionIds=long[]{length=1, hash=33}, commandSequences=long[]{length=1, hash=31}, eventIndexes=long[]{length=1, hash=33}}}
02:19:37.125 [raft-server-3-state] TRACE i.a.p.raft.impl.RaftServiceManager - RaftServer{3} - Applying Indexed{index=4, entry=CommandEntry{term=1, timestamp=2018-06-01 02:19:36,933, session=2, sequence=1, operation=PrimitiveOperation{id=DefaultOperationId{id=write, type=COMMAND}, value=byte[]{length=17, hash=-1644578928}}}}
02:19:37.125 [raft-server-3-state] TRACE i.a.p.s.impl.DefaultServiceExecutor - PrimitiveService{2}{type=PrimitiveType{name=test}, name=test} - Executing DefaultCommit{index=4, session=RaftSession{RaftServiceContext{server=3, type=PrimitiveType{name=test}, name=test, id=2}, session=2, timestamp=2018-06-01 02:19:36,933}, time=2018-06-01 02:19:36,933, operation=DefaultOperationId{id=write, type=COMMAND}, value=byte[]{length=17, hash=-1644578928}}
02:19:37.149 [raft-server-1] TRACE i.a.p.raft.roles.LeaderAppender - RaftServer{1} - Received AppendResponse{status=OK, term=1, succeeded=true, lastLogIndex=5} from 3
02:19:37.149 [raft-server-1-state] TRACE i.a.p.raft.impl.RaftServiceManager - RaftServer{1} - Applying Indexed{index=5, entry=CommandEntry{term=1, timestamp=2018-06-01 02:19:37,036, session=2, sequence=2, operation=PrimitiveOperation{id=DefaultOperationId{id=write, type=COMMAND}, value=byte[]{length=17, hash=-1644578928}}}}
02:19:37.150 [raft-server-1-state] TRACE i.a.p.s.impl.DefaultServiceExecutor - PrimitiveService{2}{type=PrimitiveType{name=test}, name=test} - Executing DefaultCommit{index=5, session=RaftSession{RaftServiceContext{server=1, type=PrimitiveType{name=test}, name=test, id=2}, session=2, timestamp=2018-06-01 02:19:37,036}, time=2018-06-01 02:19:37,036, operation=DefaultOperationId{id=write, type=COMMAND}, value=byte[]{length=17, hash=-1644578928}}
02:19:37.150 [raft-server-1-state] TRACE i.a.protocols.raft.roles.LeaderRole - RaftServer{1}{role=LEADER} - Sending CommandResponse{status=OK, index=5, eventIndex=2, result=byte[]{length=2, hash=1250}}
02:19:37.150 [raft-client-8d1a11e6-024d-41c6-816f-7d36669ce782-2] TRACE i.a.p.r.p.impl.RaftProxyConnection - PartitionProxy{2}{type=PrimitiveType{name=test}, name=test} - Received CommandResponse{status=OK, index=5, eventIndex=2, result=byte[]{length=2, hash=1250}} from 1
02:19:37.150 [raft-client-8d1a11e6-024d-41c6-816f-7d36669ce782-2] TRACE i.a.p.r.p.impl.RaftProxySequencer - PartitionProxy{2}{type=PrimitiveType{name=test}, name=test} - Completing response CommandResponse{status=OK, index=5, eventIndex=2, result=byte[]{length=2, hash=1250}}
02:19:37.152 [raft-client-8d1a11e6-024d-41c6-816f-7d36669ce782-1] TRACE i.a.p.r.p.impl.RaftProxyConnection - PartitionProxy{2}{type=PrimitiveType{name=test}, name=test} - Sending CommandRequest{session=2, sequence=3, operation=PrimitiveOperation{id=DefaultOperationId{id=write, type=COMMAND}, value=byte[]{length=17, hash=-1644578928}}} to 1
02:19:37.152 [raft-server-1] TRACE i.a.protocols.raft.roles.LeaderRole - RaftServer{1}{role=LEADER} - Received CommandRequest{session=2, sequence=3, operation=PrimitiveOperation{id=DefaultOperationId{id=write, type=COMMAND}, value=byte[]{length=17, hash=-1644578928}}}
02:19:37.152 [raft-server-1] TRACE i.a.protocols.raft.roles.LeaderRole - RaftServer{1}{role=LEADER} - Appended Indexed{index=6, entry=CommandEntry{term=1, timestamp=2018-06-01 02:19:37,152, session=2, sequence=3, operation=PrimitiveOperation{id=DefaultOperationId{id=write, type=COMMAND}, value=byte[]{length=17, hash=-1644578928}}}}
02:19:37.152 [raft-server-1] TRACE i.a.p.raft.roles.LeaderAppender - RaftServer{1} - Sending AppendRequest{term=1, leader=1, prevLogIndex=5, prevLogTerm=1, entries=1, commitIndex=5} to 2
02:19:37.152 [raft-server-2] TRACE i.a.p.raft.roles.FollowerRole - RaftServer{2}{role=FOLLOWER} - Received AppendRequest{term=1, leader=1, prevLogIndex=5, prevLogTerm=1, entries=1, commitIndex=5}
02:19:37.153 [raft-server-1] TRACE i.a.p.raft.roles.LeaderAppender - RaftServer{1} - Sending AppendRequest{term=1, leader=1, prevLogIndex=5, prevLogTerm=1, entries=1, commitIndex=5} to 3
02:19:37.153 [raft-server-3] TRACE i.a.p.raft.roles.FollowerRole - RaftServer{3}{role=FOLLOWER} - Received AppendRequest{term=1, leader=1, prevLogIndex=5, prevLogTerm=1, entries=1, commitIndex=5}
02:19:37.153 [raft-server-2] TRACE i.a.p.raft.roles.FollowerRole - RaftServer{2}{role=FOLLOWER} - Appended Indexed{index=6, entry=CommandEntry{term=1, timestamp=2018-06-01 02:19:37,152, session=2, sequence=3, operation=PrimitiveOperation{id=DefaultOperationId{id=write, type=COMMAND}, value=byte[]{length=17, hash=-1644578928}}}}
02:19:37.153 [raft-server-3] TRACE i.a.p.raft.roles.FollowerRole - RaftServer{3}{role=FOLLOWER} - Appended Indexed{index=6, entry=CommandEntry{term=1, timestamp=2018-06-01 02:19:37,152, session=2, sequence=3, operation=PrimitiveOperation{id=DefaultOperationId{id=write, type=COMMAND}, value=byte[]{length=17, hash=-1644578928}}}}
02:19:37.182 [raft-server-2] TRACE i.a.p.raft.roles.FollowerRole - RaftServer{2}{role=FOLLOWER} - Committed entries up to index 5
02:19:37.182 [raft-server-2] TRACE i.a.p.raft.roles.FollowerRole - RaftServer{2}{role=FOLLOWER} - Sending AppendResponse{status=OK, term=1, succeeded=true, lastLogIndex=6}
02:19:37.182 [raft-server-1] TRACE i.a.p.raft.roles.LeaderAppender - RaftServer{1} - Received AppendResponse{status=OK, term=1, succeeded=true, lastLogIndex=6} from 2
02:19:37.183 [raft-server-1] TRACE i.a.p.raft.roles.LeaderAppender - RaftServer{1} - Committed entries up to 6
02:19:37.183 [raft-server-2-state] TRACE i.a.p.raft.impl.RaftServiceManager - RaftServer{2} - Applying Indexed{index=5, entry=CommandEntry{term=1, timestamp=2018-06-01 02:19:37,036, session=2, sequence=2, operation=PrimitiveOperation{id=DefaultOperationId{id=write, type=COMMAND}, value=byte[]{length=17, hash=-1644578928}}}}
02:19:37.183 [raft-server-2-state] TRACE i.a.p.s.impl.DefaultServiceExecutor - PrimitiveService{2}{type=PrimitiveType{name=test}, name=test} - Executing DefaultCommit{index=5, session=RaftSession{RaftServiceContext{server=2, type=PrimitiveType{name=test}, name=test, id=2}, session=2, timestamp=2018-06-01 02:19:37,036}, time=2018-06-01 02:19:37,036, operation=DefaultOperationId{id=write, type=COMMAND}, value=byte[]{length=17, hash=-1644578928}}
02:19:37.207 [raft-server-3] TRACE i.a.p.raft.roles.FollowerRole - RaftServer{3}{role=FOLLOWER} - Committed entries up to index 5
02:19:37.207 [raft-server-3] TRACE i.a.p.raft.roles.FollowerRole - RaftServer{3}{role=FOLLOWER} - Sending AppendResponse{status=OK, term=1, succeeded=true, lastLogIndex=6}
02:19:37.207 [raft-server-3-state] TRACE i.a.p.raft.impl.RaftServiceManager - RaftServer{3} - Applying Indexed{index=5, entry=CommandEntry{term=1, timestamp=2018-06-01 02:19:37,036, session=2, sequence=2, operation=PrimitiveOperation{id=DefaultOperationId{id=write, type=COMMAND}, value=byte[]{length=17, hash=-1644578928}}}}
02:19:37.208 [raft-server-3-state] TRACE i.a.p.s.impl.DefaultServiceExecutor - PrimitiveService{2}{type=PrimitiveType{name=test}, name=test} - Executing DefaultCommit{index=5, session=RaftSession{RaftServiceContext{server=3, type=PrimitiveType{name=test}, name=test, id=2}, session=2, timestamp=2018-06-01 02:19:37,036}, time=2018-06-01 02:19:37,036, operation=DefaultOperationId{id=write, type=COMMAND}, value=byte[]{length=17, hash=-1644578928}}
02:19:37.224 [raft-server-1] TRACE i.a.p.raft.roles.LeaderAppender - RaftServer{1} - Received AppendResponse{status=OK, term=1, succeeded=true, lastLogIndex=6} from 3
02:19:37.224 [raft-server-1-state] TRACE i.a.p.raft.impl.RaftServiceManager - RaftServer{1} - Applying Indexed{index=6, entry=CommandEntry{term=1, timestamp=2018-06-01 02:19:37,152, session=2, sequence=3, operation=PrimitiveOperation{id=DefaultOperationId{id=write, type=COMMAND}, value=byte[]{length=17, hash=-1644578928}}}}
02:19:37.225 [raft-server-1-state] TRACE i.a.p.s.impl.DefaultServiceExecutor - PrimitiveService{2}{type=PrimitiveType{name=test}, name=test} - Executing DefaultCommit{index=6, session=RaftSession{RaftServiceContext{server=1, type=PrimitiveType{name=test}, name=test, id=2}, session=2, timestamp=2018-06-01 02:19:37,152}, time=2018-06-01 02:19:37,152, operation=DefaultOperationId{id=write, type=COMMAND}, value=byte[]{length=17, hash=-1644578928}}
02:19:37.225 [raft-server-1-state] TRACE i.a.protocols.raft.roles.LeaderRole - RaftServer{1}{role=LEADER} - Sending CommandResponse{status=OK, index=6, eventIndex=2, result=byte[]{length=2, hash=1252}}
02:19:37.225 [raft-client-8d1a11e6-024d-41c6-816f-7d36669ce782-7] TRACE i.a.p.r.p.impl.RaftProxyConnection - PartitionProxy{2}{type=PrimitiveType{name=test}, name=test} - Received CommandResponse{status=OK, index=6, eventIndex=2, result=byte[]{length=2, hash=1252}} from 1
02:19:37.226 [raft-client-8d1a11e6-024d-41c6-816f-7d36669ce782-7] TRACE i.a.p.r.p.impl.RaftProxySequencer - PartitionProxy{2}{type=PrimitiveType{name=test}, name=test} - Completing response CommandResponse{status=OK, index=6, eventIndex=2, result=byte[]{length=2, hash=1252}}
02:19:37.226 [raft-server-1] TRACE i.a.p.raft.roles.LeaderAppender - RaftServer{1} - Sending AppendRequest{term=1, leader=1, prevLogIndex=6, prevLogTerm=1, entries=0, commitIndex=6} to 2
02:19:37.226 [raft-server-2] TRACE i.a.p.raft.roles.FollowerRole - RaftServer{2}{role=FOLLOWER} - Received AppendRequest{term=1, leader=1, prevLogIndex=6, prevLogTerm=1, entries=0, commitIndex=6}
02:19:37.226 [raft-server-1] TRACE i.a.p.raft.roles.LeaderAppender - RaftServer{1} - Sending AppendRequest{term=1, leader=1, prevLogIndex=6, prevLogTerm=1, entries=0, commitIndex=6} to 3
02:19:37.227 [raft-server-3] TRACE i.a.p.raft.roles.FollowerRole - RaftServer{3}{role=FOLLOWER} - Received AppendRequest{term=1, leader=1, prevLogIndex=6, prevLogTerm=1, entries=0, commitIndex=6}
02:19:37.227 [raft-server-3] TRACE i.a.p.raft.roles.FollowerRole - RaftServer{3}{role=FOLLOWER} - Committed entries up to index 6
02:19:37.227 [raft-server-3] TRACE i.a.p.raft.roles.FollowerRole - RaftServer{3}{role=FOLLOWER} - Sending AppendResponse{status=OK, term=1, succeeded=true, lastLogIndex=6}
02:19:37.227 [raft-server-1] TRACE i.a.p.raft.roles.LeaderAppender - RaftServer{1} - Received AppendResponse{status=OK, term=1, succeeded=true, lastLogIndex=6} from 3
02:19:37.227 [raft-server-1] TRACE i.a.p.raft.roles.LeaderAppender - RaftServer{1} - Sending AppendRequest{term=1, leader=1, prevLogIndex=6, prevLogTerm=1, entries=0, commitIndex=6} to 3
02:19:37.227 [raft-server-3-state] TRACE i.a.p.raft.impl.RaftServiceManager - RaftServer{3} - Applying Indexed{index=6, entry=CommandEntry{term=1, timestamp=2018-06-01 02:19:37,152, session=2, sequence=3, operation=PrimitiveOperation{id=DefaultOperationId{id=write, type=COMMAND}, value=byte[]{length=17, hash=-1644578928}}}}
02:19:37.227 [raft-server-3] TRACE i.a.p.raft.roles.FollowerRole - RaftServer{3}{role=FOLLOWER} - Received AppendRequest{term=1, leader=1, prevLogIndex=6, prevLogTerm=1, entries=0, commitIndex=6}
02:19:37.227 [raft-server-3] TRACE i.a.p.raft.roles.FollowerRole - RaftServer{3}{role=FOLLOWER} - Sending AppendResponse{status=OK, term=1, succeeded=true, lastLogIndex=6}
02:19:37.228 [raft-server-1] TRACE i.a.p.raft.roles.LeaderAppender - RaftServer{1} - Received AppendResponse{status=OK, term=1, succeeded=true, lastLogIndex=6} from 3
02:19:37.227 [raft-server-3-state] TRACE i.a.p.s.impl.DefaultServiceExecutor - PrimitiveService{2}{type=PrimitiveType{name=test}, name=test} - Executing DefaultCommit{index=6, session=RaftSession{RaftServiceContext{server=3, type=PrimitiveType{name=test}, name=test, id=2}, session=2, timestamp=2018-06-01 02:19:37,152}, time=2018-06-01 02:19:37,152, operation=DefaultOperationId{id=write, type=COMMAND}, value=byte[]{length=17, hash=-1644578928}}
02:19:37.228 [raft-client-8d1a11e6-024d-41c6-816f-7d36669ce782-7] TRACE i.a.p.r.p.impl.RaftProxyConnection - PartitionProxy{2}{type=PrimitiveType{name=test}, name=test} - Sending CommandRequest{session=2, sequence=4, operation=PrimitiveOperation{id=DefaultOperationId{id=write, type=COMMAND}, value=byte[]{length=17, hash=-1644578928}}} to 1
02:19:37.228 [raft-server-1] TRACE i.a.protocols.raft.roles.LeaderRole - RaftServer{1}{role=LEADER} - Received CommandRequest{session=2, sequence=4, operation=PrimitiveOperation{id=DefaultOperationId{id=write, type=COMMAND}, value=byte[]{length=17, hash=-1644578928}}}
02:19:37.228 [raft-server-1] TRACE i.a.protocols.raft.roles.LeaderRole - RaftServer{1}{role=LEADER} - Appended Indexed{index=7, entry=CommandEntry{term=1, timestamp=2018-06-01 02:19:37,228, session=2, sequence=4, operation=PrimitiveOperation{id=DefaultOperationId{id=write, type=COMMAND}, value=byte[]{length=17, hash=-1644578928}}}}
02:19:37.229 [raft-server-1] TRACE i.a.p.raft.roles.LeaderAppender - RaftServer{1} - Sending AppendRequest{term=1, leader=1, prevLogIndex=6, prevLogTerm=1, entries=1, commitIndex=6} to 3
02:19:37.229 [raft-server-3] TRACE i.a.p.raft.roles.FollowerRole - RaftServer{3}{role=FOLLOWER} - Received AppendRequest{term=1, leader=1, prevLogIndex=6, prevLogTerm=1, entries=1, commitIndex=6}
02:19:37.229 [raft-server-3] TRACE i.a.p.raft.roles.FollowerRole - RaftServer{3}{role=FOLLOWER} - Appended Indexed{index=7, entry=CommandEntry{term=1, timestamp=2018-06-01 02:19:37,228, session=2, sequence=4, operation=PrimitiveOperation{id=DefaultOperationId{id=write, type=COMMAND}, value=byte[]{length=17, hash=-1644578928}}}}
02:19:37.229 [raft-server-3] TRACE i.a.p.raft.roles.FollowerRole - RaftServer{3}{role=FOLLOWER} - Sending AppendResponse{status=OK, term=1, succeeded=true, lastLogIndex=7}
02:19:37.229 [raft-server-1] TRACE i.a.p.raft.roles.LeaderAppender - RaftServer{1} - Received AppendResponse{status=OK, term=1, succeeded=true, lastLogIndex=7} from 3
02:19:37.230 [raft-server-1] TRACE i.a.p.raft.roles.LeaderAppender - RaftServer{1} - Committed entries up to 7
02:19:37.257 [raft-server-2] TRACE i.a.p.raft.roles.FollowerRole - RaftServer{2}{role=FOLLOWER} - Committed entries up to index 6
02:19:37.257 [raft-server-2] TRACE i.a.p.raft.roles.FollowerRole - RaftServer{2}{role=FOLLOWER} - Sending AppendResponse{status=OK, term=1, succeeded=true, lastLogIndex=6}
02:19:37.258 [raft-server-2-state] TRACE i.a.p.raft.impl.RaftServiceManager - RaftServer{2} - Applying Indexed{index=6, entry=CommandEntry{term=1, timestamp=2018-06-01 02:19:37,152, session=2, sequence=3, operation=PrimitiveOperation{id=DefaultOperationId{id=write, type=COMMAND}, value=byte[]{length=17, hash=-1644578928}}}}
02:19:37.258 [raft-server-2-state] TRACE i.a.p.s.impl.DefaultServiceExecutor - PrimitiveService{2}{type=PrimitiveType{name=test}, name=test} - Executing DefaultCommit{index=6, session=RaftSession{RaftServiceContext{server=2, type=PrimitiveType{name=test}, name=test, id=2}, session=2, timestamp=2018-06-01 02:19:37,152}, time=2018-06-01 02:19:37,152, operation=DefaultOperationId{id=write, type=COMMAND}, value=byte[]{length=17, hash=-1644578928}}
02:19:37.274 [raft-server-1] TRACE i.a.p.raft.roles.LeaderAppender - RaftServer{1} - Received AppendResponse{status=OK, term=1, succeeded=true, lastLogIndex=6} from 2
02:19:37.274 [raft-server-1] TRACE i.a.p.raft.roles.LeaderAppender - RaftServer{1} - Sending AppendRequest{term=1, leader=1, prevLogIndex=6, prevLogTerm=1, entries=1, commitIndex=7} to 2
02:19:37.274 [raft-server-2] TRACE i.a.p.raft.roles.FollowerRole - RaftServer{2}{role=FOLLOWER} - Received AppendRequest{term=1, leader=1, prevLogIndex=6, prevLogTerm=1, entries=1, commitIndex=7}
02:19:37.274 [raft-server-1-state] TRACE i.a.p.raft.impl.RaftServiceManager - RaftServer{1} - Applying Indexed{index=7, entry=CommandEntry{term=1, timestamp=2018-06-01 02:19:37,228, session=2, sequence=4, operation=PrimitiveOperation{id=DefaultOperationId{id=write, type=COMMAND}, value=byte[]{length=17, hash=-1644578928}}}}
02:19:37.275 [raft-server-2] TRACE i.a.p.raft.roles.FollowerRole - RaftServer{2}{role=FOLLOWER} - Appended Indexed{index=7, entry=CommandEntry{term=1, timestamp=2018-06-01 02:19:37,228, session=2, sequence=4, operation=PrimitiveOperation{id=DefaultOperationId{id=write, type=COMMAND}, value=byte[]{length=17, hash=-1644578928}}}}
02:19:37.275 [raft-server-1-state] TRACE i.a.p.s.impl.DefaultServiceExecutor - PrimitiveService{2}{type=PrimitiveType{name=test}, name=test} - Executing DefaultCommit{index=7, session=RaftSession{RaftServiceContext{server=1, type=PrimitiveType{name=test}, name=test, id=2}, session=2, timestamp=2018-06-01 02:19:37,228}, time=2018-06-01 02:19:37,228, operation=DefaultOperationId{id=write, type=COMMAND}, value=byte[]{length=17, hash=-1644578928}}
02:19:37.275 [raft-server-1-state] TRACE i.a.protocols.raft.roles.LeaderRole - RaftServer{1}{role=LEADER} - Sending CommandResponse{status=OK, index=7, eventIndex=2, result=byte[]{length=2, hash=1254}}
02:19:37.275 [raft-client-8d1a11e6-024d-41c6-816f-7d36669ce782-6] TRACE i.a.p.r.p.impl.RaftProxyConnection - PartitionProxy{2}{type=PrimitiveType{name=test}, name=test} - Received CommandResponse{status=OK, index=7, eventIndex=2, result=byte[]{length=2, hash=1254}} from 1
02:19:37.276 [raft-client-8d1a11e6-024d-41c6-816f-7d36669ce782-6] TRACE i.a.p.r.p.impl.RaftProxySequencer - PartitionProxy{2}{type=PrimitiveType{name=test}, name=test} - Completing response CommandResponse{status=OK, index=7, eventIndex=2, result=byte[]{length=2, hash=1254}}
02:19:37.277 [raft-client-8d1a11e6-024d-41c6-816f-7d36669ce782-0] TRACE i.a.p.r.p.impl.RaftProxyConnection - PartitionProxy{2}{type=PrimitiveType{name=test}, name=test} - Sending CommandRequest{session=2, sequence=5, operation=PrimitiveOperation{id=DefaultOperationId{id=write, type=COMMAND}, value=byte[]{length=17, hash=-1644578928}}} to 1
02:19:37.277 [raft-server-1] TRACE i.a.protocols.raft.roles.LeaderRole - RaftServer{1}{role=LEADER} - Received CommandRequest{session=2, sequence=5, operation=PrimitiveOperation{id=DefaultOperationId{id=write, type=COMMAND}, value=byte[]{length=17, hash=-1644578928}}}
02:19:37.277 [raft-server-1] TRACE i.a.protocols.raft.roles.LeaderRole - RaftServer{1}{role=LEADER} - Appended Indexed{index=8, entry=CommandEntry{term=1, timestamp=2018-06-01 02:19:37,277, session=2, sequence=5, operation=PrimitiveOperation{id=DefaultOperationId{id=write, type=COMMAND}, value=byte[]{length=17, hash=-1644578928}}}}
02:19:37.277 [raft-server-1] TRACE i.a.p.raft.roles.LeaderAppender - RaftServer{1} - Sending AppendRequest{term=1, leader=1, prevLogIndex=7, prevLogTerm=1, entries=1, commitIndex=7} to 3
02:19:37.278 [raft-server-3] TRACE i.a.p.raft.roles.FollowerRole - RaftServer{3}{role=FOLLOWER} - Received AppendRequest{term=1, leader=1, prevLogIndex=7, prevLogTerm=1, entries=1, commitIndex=7}
02:19:37.278 [raft-server-3] TRACE i.a.p.raft.roles.FollowerRole - RaftServer{3}{role=FOLLOWER} - Appended Indexed{index=8, entry=CommandEntry{term=1, timestamp=2018-06-01 02:19:37,277, session=2, sequence=5, operation=PrimitiveOperation{id=DefaultOperationId{id=write, type=COMMAND}, value=byte[]{length=17, hash=-1644578928}}}}
02:19:37.307 [raft-server-2] TRACE i.a.p.raft.roles.FollowerRole - RaftServer{2}{role=FOLLOWER} - Committed entries up to index 7
02:19:37.307 [raft-server-2] TRACE i.a.p.raft.roles.FollowerRole - RaftServer{2}{role=FOLLOWER} - Sending AppendResponse{status=OK, term=1, succeeded=true, lastLogIndex=7}
02:19:37.308 [raft-server-1] TRACE i.a.p.raft.roles.LeaderAppender - RaftServer{1} - Received AppendResponse{status=OK, term=1, succeeded=true, lastLogIndex=7} from 2
02:19:37.308 [raft-server-2-state] TRACE i.a.p.raft.impl.RaftServiceManager - RaftServer{2} - Applying Indexed{index=7, entry=CommandEntry{term=1, timestamp=2018-06-01 02:19:37,228, session=2, sequence=4, operation=PrimitiveOperation{id=DefaultOperationId{id=write, type=COMMAND}, value=byte[]{length=17, hash=-1644578928}}}}
02:19:37.308 [raft-server-1] TRACE i.a.p.raft.roles.LeaderAppender - RaftServer{1} - Sending AppendRequest{term=1, leader=1, prevLogIndex=7, prevLogTerm=1, entries=1, commitIndex=7} to 2
02:19:37.308 [raft-server-2] TRACE i.a.p.raft.roles.FollowerRole - RaftServer{2}{role=FOLLOWER} - Received AppendRequest{term=1, leader=1, prevLogIndex=7, prevLogTerm=1, entries=1, commitIndex=7}
02:19:37.308 [raft-server-2-state] TRACE i.a.p.s.impl.DefaultServiceExecutor - PrimitiveService{2}{type=PrimitiveType{name=test}, name=test} - Executing DefaultCommit{index=7, session=RaftSession{RaftServiceContext{server=2, type=PrimitiveType{name=test}, name=test, id=2}, session=2, timestamp=2018-06-01 02:19:37,228}, time=2018-06-01 02:19:37,228, operation=DefaultOperationId{id=write, type=COMMAND}, value=byte[]{length=17, hash=-1644578928}}
02:19:37.308 [raft-server-2] TRACE i.a.p.raft.roles.FollowerRole - RaftServer{2}{role=FOLLOWER} - Appended Indexed{index=8, entry=CommandEntry{term=1, timestamp=2018-06-01 02:19:37,277, session=2, sequence=5, operation=PrimitiveOperation{id=DefaultOperationId{id=write, type=COMMAND}, value=byte[]{length=17, hash=-1644578928}}}}
02:19:37.308 [raft-server-2] TRACE i.a.p.raft.roles.FollowerRole - RaftServer{2}{role=FOLLOWER} - Sending AppendResponse{status=OK, term=1, succeeded=true, lastLogIndex=8}
02:19:37.309 [raft-server-1] TRACE i.a.p.raft.roles.LeaderAppender - RaftServer{1} - Received AppendResponse{status=OK, term=1, succeeded=true, lastLogIndex=8} from 2
02:19:37.309 [raft-server-1] TRACE i.a.p.raft.roles.LeaderAppender - RaftServer{1} - Committed entries up to 8
02:19:37.332 [raft-server-3] TRACE i.a.p.raft.roles.FollowerRole - RaftServer{3}{role=FOLLOWER} - Committed entries up to index 7
02:19:37.332 [raft-server-3] TRACE i.a.p.raft.roles.FollowerRole - RaftServer{3}{role=FOLLOWER} - Sending AppendResponse{status=OK, term=1, succeeded=true, lastLogIndex=8}
02:19:37.333 [raft-server-3-state] TRACE i.a.p.raft.impl.RaftServiceManager - RaftServer{3} - Applying Indexed{index=7, entry=CommandEntry{term=1, timestamp=2018-06-01 02:19:37,228, session=2, sequence=4, operation=PrimitiveOperation{id=DefaultOperationId{id=write, type=COMMAND}, value=byte[]{length=17, hash=-1644578928}}}}
02:19:37.333 [raft-server-3-state] TRACE i.a.p.s.impl.DefaultServiceExecutor - PrimitiveService{2}{type=PrimitiveType{name=test}, name=test} - Executing DefaultCommit{index=7, session=RaftSession{RaftServiceContext{server=3, type=PrimitiveType{name=test}, name=test, id=2}, session=2, timestamp=2018-06-01 02:19:37,228}, time=2018-06-01 02:19:37,228, operation=DefaultOperationId{id=write, type=COMMAND}, value=byte[]{length=17, hash=-1644578928}}
02:19:37.366 [raft-server-1] TRACE i.a.p.raft.roles.LeaderAppender - RaftServer{1} - Received AppendResponse{status=OK, term=1, succeeded=true, lastLogIndex=8} from 3
02:19:37.366 [raft-server-1-state] TRACE i.a.p.raft.impl.RaftServiceManager - RaftServer{1} - Applying Indexed{index=8, entry=CommandEntry{term=1, timestamp=2018-06-01 02:19:37,277, session=2, sequence=5, operation=PrimitiveOperation{id=DefaultOperationId{id=write, type=COMMAND}, value=byte[]{length=17, hash=-1644578928}}}}
02:19:37.366 [raft-server-1-state] TRACE i.a.p.s.impl.DefaultServiceExecutor - PrimitiveService{2}{type=PrimitiveType{name=test}, name=test} - Executing DefaultCommit{index=8, session=RaftSession{RaftServiceContext{server=1, type=PrimitiveType{name=test}, name=test, id=2}, session=2, timestamp=2018-06-01 02:19:37,277}, time=2018-06-01 02:19:37,277, operation=DefaultOperationId{id=write, type=COMMAND}, value=byte[]{length=17, hash=-1644578928}}
02:19:37.367 [raft-server-1-state] TRACE i.a.protocols.raft.roles.LeaderRole - RaftServer{1}{role=LEADER} - Sending CommandResponse{status=OK, index=8, eventIndex=2, result=byte[]{length=2, hash=1256}}
02:19:37.367 [raft-client-8d1a11e6-024d-41c6-816f-7d36669ce782-2] TRACE i.a.p.r.p.impl.RaftProxyConnection - PartitionProxy{2}{type=PrimitiveType{name=test}, name=test} - Received CommandResponse{status=OK, index=8, eventIndex=2, result=byte[]{length=2, hash=1256}} from 1
02:19:37.367 [raft-client-8d1a11e6-024d-41c6-816f-7d36669ce782-2] TRACE i.a.p.r.p.impl.RaftProxySequencer - PartitionProxy{2}{type=PrimitiveType{name=test}, name=test} - Completing response CommandResponse{status=OK, index=8, eventIndex=2, result=byte[]{length=2, hash=1256}}
02:19:37.368 [raft-client-8d1a11e6-024d-41c6-816f-7d36669ce782-2] TRACE i.a.p.r.p.impl.RaftProxyConnection - PartitionProxy{2}{type=PrimitiveType{name=test}, name=test} - Sending CommandRequest{session=2, sequence=6, operation=PrimitiveOperation{id=DefaultOperationId{id=write, type=COMMAND}, value=byte[]{length=17, hash=-1644578928}}} to 1
02:19:37.368 [raft-server-1] TRACE i.a.protocols.raft.roles.LeaderRole - RaftServer{1}{role=LEADER} - Received CommandRequest{session=2, sequence=6, operation=PrimitiveOperation{id=DefaultOperationId{id=write, type=COMMAND}, value=byte[]{length=17, hash=-1644578928}}}
02:19:37.368 [raft-server-1] TRACE i.a.protocols.raft.roles.LeaderRole - RaftServer{1}{role=LEADER} - Appended Indexed{index=9, entry=CommandEntry{term=1, timestamp=2018-06-01 02:19:37,368, session=2, sequence=6, operation=PrimitiveOperation{id=DefaultOperationId{id=write, type=COMMAND}, value=byte[]{length=17, hash=-1644578928}}}}
02:19:37.369 [raft-server-1] TRACE i.a.p.raft.roles.LeaderAppender - RaftServer{1} - Sending AppendRequest{term=1, leader=1, prevLogIndex=8, prevLogTerm=1, entries=1, commitIndex=8} to 2
02:19:37.369 [raft-server-2] TRACE i.a.p.raft.roles.FollowerRole - RaftServer{2}{role=FOLLOWER} - Received AppendRequest{term=1, leader=1, prevLogIndex=8, prevLogTerm=1, entries=1, commitIndex=8}
02:19:37.369 [raft-server-1] TRACE i.a.p.raft.roles.LeaderAppender - RaftServer{1} - Sending AppendRequest{term=1, leader=1, prevLogIndex=8, prevLogTerm=1, entries=1, commitIndex=8} to 3
02:19:37.369 [raft-server-3] TRACE i.a.p.raft.roles.FollowerRole - RaftServer{3}{role=FOLLOWER} - Received AppendRequest{term=1, leader=1, prevLogIndex=8, prevLogTerm=1, entries=1, commitIndex=8}
02:19:37.369 [raft-server-2] TRACE i.a.p.raft.roles.FollowerRole - RaftServer{2}{role=FOLLOWER} - Appended Indexed{index=9, entry=CommandEntry{term=1, timestamp=2018-06-01 02:19:37,368, session=2, sequence=6, operation=PrimitiveOperation{id=DefaultOperationId{id=write, type=COMMAND}, value=byte[]{length=17, hash=-1644578928}}}}
02:19:37.369 [raft-server-3] TRACE i.a.p.raft.roles.FollowerRole - RaftServer{3}{role=FOLLOWER} - Appended Indexed{index=9, entry=CommandEntry{term=1, timestamp=2018-06-01 02:19:37,368, session=2, sequence=6, operation=PrimitiveOperation{id=DefaultOperationId{id=write, type=COMMAND}, value=byte[]{length=17, hash=-1644578928}}}}
02:19:37.399 [raft-server-2] TRACE i.a.p.raft.roles.FollowerRole - RaftServer{2}{role=FOLLOWER} - Committed entries up to index 8
02:19:37.399 [raft-server-2] TRACE i.a.p.raft.roles.FollowerRole - RaftServer{2}{role=FOLLOWER} - Sending AppendResponse{status=OK, term=1, succeeded=true, lastLogIndex=9}
02:19:37.399 [raft-server-1] TRACE i.a.p.raft.roles.LeaderAppender - RaftServer{1} - Received AppendResponse{status=OK, term=1, succeeded=true, lastLogIndex=9} from 2
02:19:37.399 [raft-server-1] TRACE i.a.p.raft.roles.LeaderAppender - RaftServer{1} - Committed entries up to 9
02:19:37.399 [raft-server-2-state] TRACE i.a.p.raft.impl.RaftServiceManager - RaftServer{2} - Applying Indexed{index=8, entry=CommandEntry{term=1, timestamp=2018-06-01 02:19:37,277, session=2, sequence=5, operation=PrimitiveOperation{id=DefaultOperationId{id=write, type=COMMAND}, value=byte[]{length=17, hash=-1644578928}}}}
02:19:37.400 [raft-server-2-state] TRACE i.a.p.s.impl.DefaultServiceExecutor - PrimitiveService{2}{type=PrimitiveType{name=test}, name=test} - Executing DefaultCommit{index=8, session=RaftSession{RaftServiceContext{server=2, type=PrimitiveType{name=test}, name=test, id=2}, session=2, timestamp=2018-06-01 02:19:37,277}, time=2018-06-01 02:19:37,277, operation=DefaultOperationId{id=write, type=COMMAND}, value=byte[]{length=17, hash=-1644578928}}
02:19:37.430 [raft-server-3] TRACE i.a.p.raft.roles.FollowerRole - RaftServer{3}{role=FOLLOWER} - Committed entries up to index 8
02:19:37.431 [raft-server-3] TRACE i.a.p.raft.roles.FollowerRole - RaftServer{3}{role=FOLLOWER} - Sending AppendResponse{status=OK, term=1, succeeded=true, lastLogIndex=9}
02:19:37.431 [raft-server-3-state] TRACE i.a.p.raft.impl.RaftServiceManager - RaftServer{3} - Applying Indexed{index=8, entry=CommandEntry{term=1, timestamp=2018-06-01 02:19:37,277, session=2, sequence=5, operation=PrimitiveOperation{id=DefaultOperationId{id=write, type=COMMAND}, value=byte[]{length=17, hash=-1644578928}}}}
02:19:37.431 [raft-server-3-state] TRACE i.a.p.s.impl.DefaultServiceExecutor - PrimitiveService{2}{type=PrimitiveType{name=test}, name=test} - Executing DefaultCommit{index=8, session=RaftSession{RaftServiceContext{server=3, type=PrimitiveType{name=test}, name=test, id=2}, session=2, timestamp=2018-06-01 02:19:37,277}, time=2018-06-01 02:19:37,277, operation=DefaultOperationId{id=write, type=COMMAND}, value=byte[]{length=17, hash=-1644578928}}
02:19:37.457 [raft-server-1] TRACE i.a.p.raft.roles.LeaderAppender - RaftServer{1} - Received AppendResponse{status=OK, term=1, succeeded=true, lastLogIndex=9} from 3
02:19:37.458 [raft-server-1-state] TRACE i.a.p.raft.impl.RaftServiceManager - RaftServer{1} - Applying Indexed{index=9, entry=CommandEntry{term=1, timestamp=2018-06-01 02:19:37,368, session=2, sequence=6, operation=PrimitiveOperation{id=DefaultOperationId{id=write, type=COMMAND}, value=byte[]{length=17, hash=-1644578928}}}}
02:19:37.458 [raft-server-1-state] TRACE i.a.p.s.impl.DefaultServiceExecutor - PrimitiveService{2}{type=PrimitiveType{name=test}, name=test} - Executing DefaultCommit{index=9, session=RaftSession{RaftServiceContext{server=1, type=PrimitiveType{name=test}, name=test, id=2}, session=2, timestamp=2018-06-01 02:19:37,368}, time=2018-06-01 02:19:37,368, operation=DefaultOperationId{id=write, type=COMMAND}, value=byte[]{length=17, hash=-1644578928}}
02:19:37.459 [raft-server-1-state] TRACE i.a.protocols.raft.roles.LeaderRole - RaftServer{1}{role=LEADER} - Sending CommandResponse{status=OK, index=9, eventIndex=2, result=byte[]{length=2, hash=1258}}
02:19:37.460 [raft-client-8d1a11e6-024d-41c6-816f-7d36669ce782-4] TRACE i.a.p.r.p.impl.RaftProxyConnection - PartitionProxy{2}{type=PrimitiveType{name=test}, name=test} - Received CommandResponse{status=OK, index=9, eventIndex=2, result=byte[]{length=2, hash=1258}} from 1
02:19:37.460 [raft-client-8d1a11e6-024d-41c6-816f-7d36669ce782-4] TRACE i.a.p.r.p.impl.RaftProxySequencer - PartitionProxy{2}{type=PrimitiveType{name=test}, name=test} - Completing response CommandResponse{status=OK, index=9, eventIndex=2, result=byte[]{length=2, hash=1258}}
02:19:37.461 [raft-client-8d1a11e6-024d-41c6-816f-7d36669ce782-5] TRACE i.a.p.r.p.impl.RaftProxyConnection - PartitionProxy{2}{type=PrimitiveType{name=test}, name=test} - Sending CommandRequest{session=2, sequence=7, operation=PrimitiveOperation{id=DefaultOperationId{id=write, type=COMMAND}, value=byte[]{length=17, hash=-1644578928}}} to 1
02:19:37.461 [raft-server-1] TRACE i.a.protocols.raft.roles.LeaderRole - RaftServer{1}{role=LEADER} - Received CommandRequest{session=2, sequence=7, operation=PrimitiveOperation{id=DefaultOperationId{id=write, type=COMMAND}, value=byte[]{length=17, hash=-1644578928}}}
02:19:37.462 [raft-server-1] TRACE i.a.protocols.raft.roles.LeaderRole - RaftServer{1}{role=LEADER} - Appended Indexed{index=10, entry=CommandEntry{term=1, timestamp=2018-06-01 02:19:37,461, session=2, sequence=7, operation=PrimitiveOperation{id=DefaultOperationId{id=write, type=COMMAND}, value=byte[]{length=17, hash=-1644578928}}}}
02:19:37.462 [raft-server-1] TRACE i.a.p.raft.roles.LeaderAppender - RaftServer{1} - Sending AppendRequest{term=1, leader=1, prevLogIndex=9, prevLogTerm=1, entries=1, commitIndex=9} to 2
02:19:37.462 [raft-server-2] TRACE i.a.p.raft.roles.FollowerRole - RaftServer{2}{role=FOLLOWER} - Received AppendRequest{term=1, leader=1, prevLogIndex=9, prevLogTerm=1, entries=1, commitIndex=9}
02:19:37.462 [raft-server-1] TRACE i.a.p.raft.roles.LeaderAppender - RaftServer{1} - Sending AppendRequest{term=1, leader=1, prevLogIndex=9, prevLogTerm=1, entries=1, commitIndex=9} to 3
02:19:37.462 [raft-server-3] TRACE i.a.p.raft.roles.FollowerRole - RaftServer{3}{role=FOLLOWER} - Received AppendRequest{term=1, leader=1, prevLogIndex=9, prevLogTerm=1, entries=1, commitIndex=9}
02:19:37.462 [raft-server-2] TRACE i.a.p.raft.roles.FollowerRole - RaftServer{2}{role=FOLLOWER} - Appended Indexed{index=10, entry=CommandEntry{term=1, timestamp=2018-06-01 02:19:37,461, session=2, sequence=7, operation=PrimitiveOperation{id=DefaultOperationId{id=write, type=COMMAND}, value=byte[]{length=17, hash=-1644578928}}}}
02:19:37.463 [raft-server-3] TRACE i.a.p.raft.roles.FollowerRole - RaftServer{3}{role=FOLLOWER} - Appended Indexed{index=10, entry=CommandEntry{term=1, timestamp=2018-06-01 02:19:37,461, session=2, sequence=7, operation=PrimitiveOperation{id=DefaultOperationId{id=write, type=COMMAND}, value=byte[]{length=17, hash=-1644578928}}}}
02:19:37.491 [raft-server-2] TRACE i.a.p.raft.roles.FollowerRole - RaftServer{2}{role=FOLLOWER} - Committed entries up to index 9
02:19:37.491 [raft-server-3] TRACE i.a.p.raft.roles.FollowerRole - RaftServer{3}{role=FOLLOWER} - Committed entries up to index 9
02:19:37.491 [raft-server-2] TRACE i.a.p.raft.roles.FollowerRole - RaftServer{2}{role=FOLLOWER} - Sending AppendResponse{status=OK, term=1, succeeded=true, lastLogIndex=10}
02:19:37.491 [raft-server-3] TRACE i.a.p.raft.roles.FollowerRole - RaftServer{3}{role=FOLLOWER} - Sending AppendResponse{status=OK, term=1, succeeded=true, lastLogIndex=10}
02:19:37.491 [raft-server-1] TRACE i.a.p.raft.roles.LeaderAppender - RaftServer{1} - Received AppendResponse{status=OK, term=1, succeeded=true, lastLogIndex=10} from 2
02:19:37.491 [raft-server-1] TRACE i.a.p.raft.roles.LeaderAppender - RaftServer{1} - Committed entries up to 10
02:19:37.491 [raft-server-2-state] TRACE i.a.p.raft.impl.RaftServiceManager - RaftServer{2} - Applying Indexed{index=9, entry=CommandEntry{term=1, timestamp=2018-06-01 02:19:37,368, session=2, sequence=6, operation=PrimitiveOperation{id=DefaultOperationId{id=write, type=COMMAND}, value=byte[]{length=17, hash=-1644578928}}}}
02:19:37.491 [raft-server-3-state] TRACE i.a.p.raft.impl.RaftServiceManager - RaftServer{3} - Applying Indexed{index=9, entry=CommandEntry{term=1, timestamp=2018-06-01 02:19:37,368, session=2, sequence=6, operation=PrimitiveOperation{id=DefaultOperationId{id=write, type=COMMAND}, value=byte[]{length=17, hash=-1644578928}}}}
02:19:37.491 [raft-server-2-state] TRACE i.a.p.s.impl.DefaultServiceExecutor - PrimitiveService{2}{type=PrimitiveType{name=test}, name=test} - Executing DefaultCommit{index=9, session=RaftSession{RaftServiceContext{server=2, type=PrimitiveType{name=test}, name=test, id=2}, session=2, timestamp=2018-06-01 02:19:37,368}, time=2018-06-01 02:19:37,368, operation=DefaultOperationId{id=write, type=COMMAND}, value=byte[]{length=17, hash=-1644578928}}
02:19:37.491 [raft-server-3-state] TRACE i.a.p.s.impl.DefaultServiceExecutor - PrimitiveService{2}{type=PrimitiveType{name=test}, name=test} - Executing DefaultCommit{index=9, session=RaftSession{RaftServiceContext{server=3, type=PrimitiveType{name=test}, name=test, id=2}, session=2, timestamp=2018-06-01 02:19:37,368}, time=2018-06-01 02:19:37,368, operation=DefaultOperationId{id=write, type=COMMAND}, value=byte[]{length=17, hash=-1644578928}}
02:19:37.524 [raft-server-1] TRACE i.a.p.raft.roles.LeaderAppender - RaftServer{1} - Sending AppendRequest{term=1, leader=1, prevLogIndex=10, prevLogTerm=1, entries=0, commitIndex=10} to 2
02:19:37.524 [raft-server-1] TRACE i.a.p.raft.roles.LeaderAppender - RaftServer{1} - Received AppendResponse{status=OK, term=1, succeeded=true, lastLogIndex=10} from 3
02:19:37.524 [raft-server-2] TRACE i.a.p.raft.roles.FollowerRole - RaftServer{2}{role=FOLLOWER} - Received AppendRequest{term=1, leader=1, prevLogIndex=10, prevLogTerm=1, entries=0, commitIndex=10}
02:19:37.524 [raft-server-1] TRACE i.a.p.raft.roles.LeaderAppender - RaftServer{1} - Sending AppendRequest{term=1, leader=1, prevLogIndex=10, prevLogTerm=1, entries=0, commitIndex=10} to 3
02:19:37.525 [raft-server-3] TRACE i.a.p.raft.roles.FollowerRole - RaftServer{3}{role=FOLLOWER} - Received AppendRequest{term=1, leader=1, prevLogIndex=10, prevLogTerm=1, entries=0, commitIndex=10}
02:19:37.525 [raft-server-1-state] TRACE i.a.p.raft.impl.RaftServiceManager - RaftServer{1} - Applying Indexed{index=10, entry=CommandEntry{term=1, timestamp=2018-06-01 02:19:37,461, session=2, sequence=7, operation=PrimitiveOperation{id=DefaultOperationId{id=write, type=COMMAND}, value=byte[]{length=17, hash=-1644578928}}}}
02:19:37.525 [raft-server-1-state] TRACE i.a.p.s.impl.DefaultServiceExecutor - PrimitiveService{2}{type=PrimitiveType{name=test}, name=test} - Executing DefaultCommit{index=10, session=RaftSession{RaftServiceContext{server=1, type=PrimitiveType{name=test}, name=test, id=2}, session=2, timestamp=2018-06-01 02:19:37,461}, time=2018-06-01 02:19:37,461, operation=DefaultOperationId{id=write, type=COMMAND}, value=byte[]{length=17, hash=-1644578928}}
02:19:37.525 [raft-server-1-state] TRACE i.a.protocols.raft.roles.LeaderRole - RaftServer{1}{role=LEADER} - Sending CommandResponse{status=OK, index=10, eventIndex=2, result=byte[]{length=2, hash=1260}}
02:19:37.526 [raft-client-8d1a11e6-024d-41c6-816f-7d36669ce782-6] TRACE i.a.p.r.p.impl.RaftProxyConnection - PartitionProxy{2}{type=PrimitiveType{name=test}, name=test} - Received CommandResponse{status=OK, index=10, eventIndex=2, result=byte[]{length=2, hash=1260}} from 1
02:19:37.526 [raft-client-8d1a11e6-024d-41c6-816f-7d36669ce782-6] TRACE i.a.p.r.p.impl.RaftProxySequencer - PartitionProxy{2}{type=PrimitiveType{name=test}, name=test} - Completing response CommandResponse{status=OK, index=10, eventIndex=2, result=byte[]{length=2, hash=1260}}
02:19:37.527 [raft-client-8d1a11e6-024d-41c6-816f-7d36669ce782-6] TRACE i.a.p.r.p.impl.RaftProxyConnection - PartitionProxy{2}{type=PrimitiveType{name=test}, name=test} - Sending CommandRequest{session=2, sequence=8, operation=PrimitiveOperation{id=DefaultOperationId{id=write, type=COMMAND}, value=byte[]{length=17, hash=-1644578928}}} to 1
02:19:37.527 [raft-server-1] TRACE i.a.protocols.raft.roles.LeaderRole - RaftServer{1}{role=LEADER} - Received CommandRequest{session=2, sequence=8, operation=PrimitiveOperation{id=DefaultOperationId{id=write, type=COMMAND}, value=byte[]{length=17, hash=-1644578928}}}
02:19:37.564 [raft-server-2] TRACE i.a.p.raft.roles.FollowerRole - RaftServer{2}{role=FOLLOWER} - Committed entries up to index 10
02:19:37.564 [raft-server-2] TRACE i.a.p.raft.roles.FollowerRole - RaftServer{2}{role=FOLLOWER} - Sending AppendResponse{status=OK, term=1, succeeded=true, lastLogIndex=10}
02:19:37.564 [raft-server-2-state] TRACE i.a.p.raft.impl.RaftServiceManager - RaftServer{2} - Applying Indexed{index=10, entry=CommandEntry{term=1, timestamp=2018-06-01 02:19:37,461, session=2, sequence=7, operation=PrimitiveOperation{id=DefaultOperationId{id=write, type=COMMAND}, value=byte[]{length=17, hash=-1644578928}}}}
02:19:37.565 [raft-server-2-state] TRACE i.a.p.s.impl.DefaultServiceExecutor - PrimitiveService{2}{type=PrimitiveType{name=test}, name=test} - Executing DefaultCommit{index=10, session=RaftSession{RaftServiceContext{server=2, type=PrimitiveType{name=test}, name=test, id=2}, session=2, timestamp=2018-06-01 02:19:37,461}, time=2018-06-01 02:19:37,461, operation=DefaultOperationId{id=write, type=COMMAND}, value=byte[]{length=17, hash=-1644578928}}
02:19:37.582 [raft-server-3] TRACE i.a.p.raft.roles.FollowerRole - RaftServer{3}{role=FOLLOWER} - Committed entries up to index 10
02:19:37.582 [raft-server-3] TRACE i.a.p.raft.roles.FollowerRole - RaftServer{3}{role=FOLLOWER} - Sending AppendResponse{status=OK, term=1, succeeded=true, lastLogIndex=10}
02:19:37.583 [raft-server-3-state] TRACE i.a.p.raft.impl.RaftServiceManager - RaftServer{3} - Applying Indexed{index=10, entry=CommandEntry{term=1, timestamp=2018-06-01 02:19:37,461, session=2, sequence=7, operation=PrimitiveOperation{id=DefaultOperationId{id=write, type=COMMAND}, value=byte[]{length=17, hash=-1644578928}}}}
02:19:37.583 [raft-server-3-state] TRACE i.a.p.s.impl.DefaultServiceExecutor - PrimitiveService{2}{type=PrimitiveType{name=test}, name=test} - Executing DefaultCommit{index=10, session=RaftSession{RaftServiceContext{server=3, type=PrimitiveType{name=test}, name=test, id=2}, session=2, timestamp=2018-06-01 02:19:37,461}, time=2018-06-01 02:19:37,461, operation=DefaultOperationId{id=write, type=COMMAND}, value=byte[]{length=17, hash=-1644578928}}
02:19:37.616 [raft-server-1] DEBUG i.a.storage.journal.SegmentedJournal - Created disk segment: JournalSegment{id=2, version=1, index=11, size=64}
02:19:37.616 [raft-server-1] TRACE i.a.protocols.raft.roles.LeaderRole - RaftServer{1}{role=LEADER} - Appended Indexed{index=11, entry=CommandEntry{term=1, timestamp=2018-06-01 02:19:37,527, session=2, sequence=8, operation=PrimitiveOperation{id=DefaultOperationId{id=write, type=COMMAND}, value=byte[]{length=17, hash=-1644578928}}}}
02:19:37.616 [raft-server-1] TRACE i.a.p.raft.roles.LeaderAppender - RaftServer{1} - Received AppendResponse{status=OK, term=1, succeeded=true, lastLogIndex=10} from 2
02:19:37.616 [raft-server-1] TRACE i.a.p.raft.roles.LeaderAppender - RaftServer{1} - Sending AppendRequest{term=1, leader=1, prevLogIndex=10, prevLogTerm=1, entries=1, commitIndex=10} to 2
02:19:37.617 [raft-server-1] TRACE i.a.p.raft.roles.LeaderAppender - RaftServer{1} - Received AppendResponse{status=OK, term=1, succeeded=true, lastLogIndex=10} from 3
02:19:37.617 [raft-server-2] TRACE i.a.p.raft.roles.FollowerRole - RaftServer{2}{role=FOLLOWER} - Received AppendRequest{term=1, leader=1, prevLogIndex=10, prevLogTerm=1, entries=1, commitIndex=10}
02:19:37.617 [raft-server-1] TRACE i.a.p.raft.roles.LeaderAppender - RaftServer{1} - Sending AppendRequest{term=1, leader=1, prevLogIndex=10, prevLogTerm=1, entries=1, commitIndex=10} to 3
02:19:37.617 [raft-server-3] TRACE i.a.p.raft.roles.FollowerRole - RaftServer{3}{role=FOLLOWER} - Received AppendRequest{term=1, leader=1, prevLogIndex=10, prevLogTerm=1, entries=1, commitIndex=10}
02:19:37.702 [raft-server-2] DEBUG i.a.storage.journal.SegmentedJournal - Created disk segment: JournalSegment{id=2, version=1, index=11, size=64}
02:19:37.702 [raft-server-2] TRACE i.a.p.raft.roles.FollowerRole - RaftServer{2}{role=FOLLOWER} - Appended Indexed{index=11, entry=CommandEntry{term=1, timestamp=2018-06-01 02:19:37,527, session=2, sequence=8, operation=PrimitiveOperation{id=DefaultOperationId{id=write, type=COMMAND}, value=byte[]{length=17, hash=-1644578928}}}}
02:19:37.702 [raft-server-2] TRACE i.a.p.raft.roles.FollowerRole - RaftServer{2}{role=FOLLOWER} - Sending AppendResponse{status=OK, term=1, succeeded=true, lastLogIndex=11}
02:19:37.703 [raft-server-1] TRACE i.a.p.raft.roles.LeaderAppender - RaftServer{1} - Received AppendResponse{status=OK, term=1, succeeded=true, lastLogIndex=11} from 2
02:19:37.703 [raft-server-1] TRACE i.a.p.raft.roles.LeaderAppender - RaftServer{1} - Committed entries up to 11
02:19:37.735 [raft-server-3] DEBUG i.a.storage.journal.SegmentedJournal - Created disk segment: JournalSegment{id=2, version=1, index=11, size=64}
02:19:37.736 [raft-server-3] TRACE i.a.p.raft.roles.FollowerRole - RaftServer{3}{role=FOLLOWER} - Appended Indexed{index=11, entry=CommandEntry{term=1, timestamp=2018-06-01 02:19:37,527, session=2, sequence=8, operation=PrimitiveOperation{id=DefaultOperationId{id=write, type=COMMAND}, value=byte[]{length=17, hash=-1644578928}}}}
02:19:37.736 [raft-server-3] TRACE i.a.p.raft.roles.FollowerRole - RaftServer{3}{role=FOLLOWER} - Sending AppendResponse{status=OK, term=1, succeeded=true, lastLogIndex=11}
02:19:37.757 [raft-server-1] TRACE i.a.p.raft.roles.LeaderAppender - RaftServer{1} - Sending AppendRequest{term=1, leader=1, prevLogIndex=11, prevLogTerm=1, entries=0, commitIndex=11} to 2
02:19:37.758 [raft-server-1] TRACE i.a.p.raft.roles.LeaderAppender - RaftServer{1} - Received AppendResponse{status=OK, term=1, succeeded=true, lastLogIndex=11} from 3
02:19:37.758 [raft-server-2] TRACE i.a.p.raft.roles.FollowerRole - RaftServer{2}{role=FOLLOWER} - Received AppendRequest{term=1, leader=1, prevLogIndex=11, prevLogTerm=1, entries=0, commitIndex=11}
02:19:37.758 [raft-server-1] TRACE i.a.p.raft.roles.LeaderAppender - RaftServer{1} - Sending AppendRequest{term=1, leader=1, prevLogIndex=11, prevLogTerm=1, entries=0, commitIndex=11} to 3
02:19:37.758 [raft-server-3] TRACE i.a.p.raft.roles.FollowerRole - RaftServer{3}{role=FOLLOWER} - Received AppendRequest{term=1, leader=1, prevLogIndex=11, prevLogTerm=1, entries=0, commitIndex=11}
02:19:37.759 [raft-server-1-state] TRACE i.a.p.raft.impl.RaftServiceManager - RaftServer{1} - Applying Indexed{index=11, entry=CommandEntry{term=1, timestamp=2018-06-01 02:19:37,527, session=2, sequence=8, operation=PrimitiveOperation{id=DefaultOperationId{id=write, type=COMMAND}, value=byte[]{length=17, hash=-1644578928}}}}
02:19:37.759 [raft-server-1-state] TRACE i.a.p.s.impl.DefaultServiceExecutor - PrimitiveService{2}{type=PrimitiveType{name=test}, name=test} - Executing DefaultCommit{index=11, session=RaftSession{RaftServiceContext{server=1, type=PrimitiveType{name=test}, name=test, id=2}, session=2, timestamp=2018-06-01 02:19:37,527}, time=2018-06-01 02:19:37,527, operation=DefaultOperationId{id=write, type=COMMAND}, value=byte[]{length=17, hash=-1644578928}}
02:19:37.759 [raft-server-1-state] TRACE i.a.protocols.raft.roles.LeaderRole - RaftServer{1}{role=LEADER} - Sending CommandResponse{status=OK, index=11, eventIndex=2, result=byte[]{length=2, hash=1262}}
02:19:37.760 [raft-client-8d1a11e6-024d-41c6-816f-7d36669ce782-3] TRACE i.a.p.r.p.impl.RaftProxyConnection - PartitionProxy{2}{type=PrimitiveType{name=test}, name=test} - Received CommandResponse{status=OK, index=11, eventIndex=2, result=byte[]{length=2, hash=1262}} from 1
02:19:37.760 [raft-client-8d1a11e6-024d-41c6-816f-7d36669ce782-3] TRACE i.a.p.r.p.impl.RaftProxySequencer - PartitionProxy{2}{type=PrimitiveType{name=test}, name=test} - Completing response CommandResponse{status=OK, index=11, eventIndex=2, result=byte[]{length=2, hash=1262}}
02:19:37.761 [raft-client-8d1a11e6-024d-41c6-816f-7d36669ce782-3] TRACE i.a.p.r.p.impl.RaftProxyConnection - PartitionProxy{2}{type=PrimitiveType{name=test}, name=test} - Sending CommandRequest{session=2, sequence=9, operation=PrimitiveOperation{id=DefaultOperationId{id=write, type=COMMAND}, value=byte[]{length=17, hash=-1644578928}}} to 1
02:19:37.761 [raft-server-1] TRACE i.a.protocols.raft.roles.LeaderRole - RaftServer{1}{role=LEADER} - Received CommandRequest{session=2, sequence=9, operation=PrimitiveOperation{id=DefaultOperationId{id=write, type=COMMAND}, value=byte[]{length=17, hash=-1644578928}}}
02:19:37.761 [raft-server-1] TRACE i.a.protocols.raft.roles.LeaderRole - RaftServer{1}{role=LEADER} - Appended Indexed{index=12, entry=CommandEntry{term=1, timestamp=2018-06-01 02:19:37,761, session=2, sequence=9, operation=PrimitiveOperation{id=DefaultOperationId{id=write, type=COMMAND}, value=byte[]{length=17, hash=-1644578928}}}}
02:19:37.789 [raft-server-2] TRACE i.a.p.raft.roles.FollowerRole - RaftServer{2}{role=FOLLOWER} - Committed entries up to index 11
02:19:37.789 [raft-server-2] TRACE i.a.p.raft.roles.FollowerRole - RaftServer{2}{role=FOLLOWER} - Sending AppendResponse{status=OK, term=1, succeeded=true, lastLogIndex=11}
02:19:37.789 [raft-server-1] TRACE i.a.p.raft.roles.LeaderAppender - RaftServer{1} - Received AppendResponse{status=OK, term=1, succeeded=true, lastLogIndex=11} from 2
02:19:37.789 [raft-server-1] TRACE i.a.p.raft.roles.LeaderAppender - RaftServer{1} - Sending AppendRequest{term=1, leader=1, prevLogIndex=11, prevLogTerm=1, entries=1, commitIndex=11} to 2
02:19:37.789 [raft-server-2-state] TRACE i.a.p.raft.impl.RaftServiceManager - RaftServer{2} - Applying Indexed{index=11, entry=CommandEntry{term=1, timestamp=2018-06-01 02:19:37,527, session=2, sequence=8, operation=PrimitiveOperation{id=DefaultOperationId{id=write, type=COMMAND}, value=byte[]{length=17, hash=-1644578928}}}}
02:19:37.789 [raft-server-2] TRACE i.a.p.raft.roles.FollowerRole - RaftServer{2}{role=FOLLOWER} - Received AppendRequest{term=1, leader=1, prevLogIndex=11, prevLogTerm=1, entries=1, commitIndex=11}
02:19:37.789 [raft-server-2-state] TRACE i.a.p.s.impl.DefaultServiceExecutor - PrimitiveService{2}{type=PrimitiveType{name=test}, name=test} - Executing DefaultCommit{index=11, session=RaftSession{RaftServiceContext{server=2, type=PrimitiveType{name=test}, name=test, id=2}, session=2, timestamp=2018-06-01 02:19:37,527}, time=2018-06-01 02:19:37,527, operation=DefaultOperationId{id=write, type=COMMAND}, value=byte[]{length=17, hash=-1644578928}}
02:19:37.790 [raft-server-2] TRACE i.a.p.raft.roles.FollowerRole - RaftServer{2}{role=FOLLOWER} - Appended Indexed{index=12, entry=CommandEntry{term=1, timestamp=2018-06-01 02:19:37,761, session=2, sequence=9, operation=PrimitiveOperation{id=DefaultOperationId{id=write, type=COMMAND}, value=byte[]{length=17, hash=-1644578928}}}}
02:19:37.790 [raft-server-2] TRACE i.a.p.raft.roles.FollowerRole - RaftServer{2}{role=FOLLOWER} - Sending AppendResponse{status=OK, term=1, succeeded=true, lastLogIndex=12}
02:19:37.790 [raft-server-1] TRACE i.a.p.raft.roles.LeaderAppender - RaftServer{1} - Received AppendResponse{status=OK, term=1, succeeded=true, lastLogIndex=12} from 2
02:19:37.790 [raft-server-1] TRACE i.a.p.raft.roles.LeaderAppender - RaftServer{1} - Committed entries up to 12
02:19:37.822 [raft-server-3] TRACE i.a.p.raft.roles.FollowerRole - RaftServer{3}{role=FOLLOWER} - Committed entries up to index 11
02:19:37.822 [raft-server-3] TRACE i.a.p.raft.roles.FollowerRole - RaftServer{3}{role=FOLLOWER} - Sending AppendResponse{status=OK, term=1, succeeded=true, lastLogIndex=11}
02:19:37.823 [raft-server-3-state] TRACE i.a.p.raft.impl.RaftServiceManager - RaftServer{3} - Applying Indexed{index=11, entry=CommandEntry{term=1, timestamp=2018-06-01 02:19:37,527, session=2, sequence=8, operation=PrimitiveOperation{id=DefaultOperationId{id=write, type=COMMAND}, value=byte[]{length=17, hash=-1644578928}}}}
02:19:37.823 [raft-server-3-state] TRACE i.a.p.s.impl.DefaultServiceExecutor - PrimitiveService{2}{type=PrimitiveType{name=test}, name=test} - Executing DefaultCommit{index=11, session=RaftSession{RaftServiceContext{server=3, type=PrimitiveType{name=test}, name=test, id=2}, session=2, timestamp=2018-06-01 02:19:37,527}, time=2018-06-01 02:19:37,527, operation=DefaultOperationId{id=write, type=COMMAND}, value=byte[]{length=17, hash=-1644578928}}
02:19:37.841 [raft-server-1] TRACE i.a.p.raft.roles.LeaderAppender - RaftServer{1} - Received AppendResponse{status=OK, term=1, succeeded=true, lastLogIndex=11} from 3
02:19:37.841 [raft-server-1] TRACE i.a.p.raft.roles.LeaderAppender - RaftServer{1} - Sending AppendRequest{term=1, leader=1, prevLogIndex=11, prevLogTerm=1, entries=1, commitIndex=12} to 3
02:19:37.841 [raft-server-3] TRACE i.a.p.raft.roles.FollowerRole - RaftServer{3}{role=FOLLOWER} - Received AppendRequest{term=1, leader=1, prevLogIndex=11, prevLogTerm=1, entries=1, commitIndex=12}
02:19:37.841 [raft-server-1-state] TRACE i.a.p.raft.impl.RaftServiceManager - RaftServer{1} - Applying Indexed{index=12, entry=CommandEntry{term=1, timestamp=2018-06-01 02:19:37,761, session=2, sequence=9, operation=PrimitiveOperation{id=DefaultOperationId{id=write, type=COMMAND}, value=byte[]{length=17, hash=-1644578928}}}}
02:19:37.841 [raft-server-3] TRACE i.a.p.raft.roles.FollowerRole - RaftServer{3}{role=FOLLOWER} - Appended Indexed{index=12, entry=CommandEntry{term=1, timestamp=2018-06-01 02:19:37,761, session=2, sequence=9, operation=PrimitiveOperation{id=DefaultOperationId{id=write, type=COMMAND}, value=byte[]{length=17, hash=-1644578928}}}}
02:19:37.841 [raft-server-1-state] TRACE i.a.p.s.impl.DefaultServiceExecutor - PrimitiveService{2}{type=PrimitiveType{name=test}, name=test} - Executing DefaultCommit{index=12, session=RaftSession{RaftServiceContext{server=1, type=PrimitiveType{name=test}, name=test, id=2}, session=2, timestamp=2018-06-01 02:19:37,761}, time=2018-06-01 02:19:37,761, operation=DefaultOperationId{id=write, type=COMMAND}, value=byte[]{length=17, hash=-1644578928}}
02:19:37.842 [raft-server-1-state] TRACE i.a.protocols.raft.roles.LeaderRole - RaftServer{1}{role=LEADER} - Sending CommandResponse{status=OK, index=12, eventIndex=2, result=byte[]{length=2, hash=1264}}
02:19:37.842 [raft-client-8d1a11e6-024d-41c6-816f-7d36669ce782-4] TRACE i.a.p.r.p.impl.RaftProxyConnection - PartitionProxy{2}{type=PrimitiveType{name=test}, name=test} - Received CommandResponse{status=OK, index=12, eventIndex=2, result=byte[]{length=2, hash=1264}} from 1
02:19:37.842 [raft-client-8d1a11e6-024d-41c6-816f-7d36669ce782-4] TRACE i.a.p.r.p.impl.RaftProxySequencer - PartitionProxy{2}{type=PrimitiveType{name=test}, name=test} - Completing response CommandResponse{status=OK, index=12, eventIndex=2, result=byte[]{length=2, hash=1264}}
02:19:37.843 [raft-client-8d1a11e6-024d-41c6-816f-7d36669ce782-0] TRACE i.a.p.r.p.impl.RaftProxyConnection - PartitionProxy{2}{type=PrimitiveType{name=test}, name=test} - Sending CommandRequest{session=2, sequence=10, operation=PrimitiveOperation{id=DefaultOperationId{id=write, type=COMMAND}, value=byte[]{length=17, hash=-1644578928}}} to 1
02:19:37.843 [raft-server-1] TRACE i.a.protocols.raft.roles.LeaderRole - RaftServer{1}{role=LEADER} - Received CommandRequest{session=2, sequence=10, operation=PrimitiveOperation{id=DefaultOperationId{id=write, type=COMMAND}, value=byte[]{length=17, hash=-1644578928}}}
02:19:37.843 [raft-server-1] TRACE i.a.protocols.raft.roles.LeaderRole - RaftServer{1}{role=LEADER} - Appended Indexed{index=13, entry=CommandEntry{term=1, timestamp=2018-06-01 02:19:37,843, session=2, sequence=10, operation=PrimitiveOperation{id=DefaultOperationId{id=write, type=COMMAND}, value=byte[]{length=17, hash=-1644578928}}}}
02:19:37.844 [raft-server-1] TRACE i.a.p.raft.roles.LeaderAppender - RaftServer{1} - Sending AppendRequest{term=1, leader=1, prevLogIndex=12, prevLogTerm=1, entries=1, commitIndex=12} to 2
02:19:37.844 [raft-server-2] TRACE i.a.p.raft.roles.FollowerRole - RaftServer{2}{role=FOLLOWER} - Received AppendRequest{term=1, leader=1, prevLogIndex=12, prevLogTerm=1, entries=1, commitIndex=12}
02:19:37.844 [raft-server-2] TRACE i.a.p.raft.roles.FollowerRole - RaftServer{2}{role=FOLLOWER} - Appended Indexed{index=13, entry=CommandEntry{term=1, timestamp=2018-06-01 02:19:37,843, session=2, sequence=10, operation=PrimitiveOperation{id=DefaultOperationId{id=write, type=COMMAND}, value=byte[]{length=17, hash=-1644578928}}}}
02:19:37.882 [raft-server-3] TRACE i.a.p.raft.roles.FollowerRole - RaftServer{3}{role=FOLLOWER} - Committed entries up to index 12
02:19:37.882 [raft-server-3] TRACE i.a.p.raft.roles.FollowerRole - RaftServer{3}{role=FOLLOWER} - Sending AppendResponse{status=OK, term=1, succeeded=true, lastLogIndex=12}
02:19:37.883 [raft-server-1] TRACE i.a.p.raft.roles.LeaderAppender - RaftServer{1} - Received AppendResponse{status=OK, term=1, succeeded=true, lastLogIndex=12} from 3
02:19:37.883 [raft-server-1] TRACE i.a.p.raft.roles.LeaderAppender - RaftServer{1} - Sending AppendRequest{term=1, leader=1, prevLogIndex=12, prevLogTerm=1, entries=1, commitIndex=12} to 3
02:19:37.883 [raft-server-3-state] TRACE i.a.p.raft.impl.RaftServiceManager - RaftServer{3} - Applying Indexed{index=12, entry=CommandEntry{term=1, timestamp=2018-06-01 02:19:37,761, session=2, sequence=9, operation=PrimitiveOperation{id=DefaultOperationId{id=write, type=COMMAND}, value=byte[]{length=17, hash=-1644578928}}}}
02:19:37.883 [raft-server-3] TRACE i.a.p.raft.roles.FollowerRole - RaftServer{3}{role=FOLLOWER} - Received AppendRequest{term=1, leader=1, prevLogIndex=12, prevLogTerm=1, entries=1, commitIndex=12}
02:19:37.883 [raft-server-3-state] TRACE i.a.p.s.impl.DefaultServiceExecutor - PrimitiveService{2}{type=PrimitiveType{name=test}, name=test} - Executing DefaultCommit{index=12, session=RaftSession{RaftServiceContext{server=3, type=PrimitiveType{name=test}, name=test, id=2}, session=2, timestamp=2018-06-01 02:19:37,761}, time=2018-06-01 02:19:37,761, operation=DefaultOperationId{id=write, type=COMMAND}, value=byte[]{length=17, hash=-1644578928}}
02:19:37.883 [raft-server-3] TRACE i.a.p.raft.roles.FollowerRole - RaftServer{3}{role=FOLLOWER} - Appended Indexed{index=13, entry=CommandEntry{term=1, timestamp=2018-06-01 02:19:37,843, session=2, sequence=10, operation=PrimitiveOperation{id=DefaultOperationId{id=write, type=COMMAND}, value=byte[]{length=17, hash=-1644578928}}}}
02:19:37.883 [raft-server-3] TRACE i.a.p.raft.roles.FollowerRole - RaftServer{3}{role=FOLLOWER} - Sending AppendResponse{status=OK, term=1, succeeded=true, lastLogIndex=13}
02:19:37.884 [raft-server-1] TRACE i.a.p.raft.roles.LeaderAppender - RaftServer{1} - Received AppendResponse{status=OK, term=1, succeeded=true, lastLogIndex=13} from 3
02:19:37.884 [raft-server-1] TRACE i.a.p.raft.roles.LeaderAppender - RaftServer{1} - Committed entries up to 13
02:19:37.915 [raft-server-2] TRACE i.a.p.raft.roles.FollowerRole - RaftServer{2}{role=FOLLOWER} - Committed entries up to index 12
02:19:37.916 [raft-server-2] TRACE i.a.p.raft.roles.FollowerRole - RaftServer{2}{role=FOLLOWER} - Sending AppendResponse{status=OK, term=1, succeeded=true, lastLogIndex=13}
02:19:37.916 [raft-server-2-state] TRACE i.a.p.raft.impl.RaftServiceManager - RaftServer{2} - Applying Indexed{index=12, entry=CommandEntry{term=1, timestamp=2018-06-01 02:19:37,761, session=2, sequence=9, operation=PrimitiveOperation{id=DefaultOperationId{id=write, type=COMMAND}, value=byte[]{length=17, hash=-1644578928}}}}
02:19:37.916 [raft-server-2-state] TRACE i.a.p.s.impl.DefaultServiceExecutor - PrimitiveService{2}{type=PrimitiveType{name=test}, name=test} - Executing DefaultCommit{index=12, session=RaftSession{RaftServiceContext{server=2, type=PrimitiveType{name=test}, name=test, id=2}, session=2, timestamp=2018-06-01 02:19:37,761}, time=2018-06-01 02:19:37,761, operation=DefaultOperationId{id=write, type=COMMAND}, value=byte[]{length=17, hash=-1644578928}}
02:19:37.941 [raft-server-1] TRACE i.a.p.raft.roles.LeaderAppender - RaftServer{1} - Received AppendResponse{status=OK, term=1, succeeded=true, lastLogIndex=13} from 2
02:19:37.941 [raft-server-1-state] TRACE i.a.p.raft.impl.RaftServiceManager - RaftServer{1} - Applying Indexed{index=13, entry=CommandEntry{term=1, timestamp=2018-06-01 02:19:37,843, session=2, sequence=10, operation=PrimitiveOperation{id=DefaultOperationId{id=write, type=COMMAND}, value=byte[]{length=17, hash=-1644578928}}}}
02:19:37.941 [raft-server-1-state] TRACE i.a.p.s.impl.DefaultServiceExecutor - PrimitiveService{2}{type=PrimitiveType{name=test}, name=test} - Executing DefaultCommit{index=13, session=RaftSession{RaftServiceContext{server=1, type=PrimitiveType{name=test}, name=test, id=2}, session=2, timestamp=2018-06-01 02:19:37,843}, time=2018-06-01 02:19:37,843, operation=DefaultOperationId{id=write, type=COMMAND}, value=byte[]{length=17, hash=-1644578928}}
02:19:37.942 [raft-server-1-state] TRACE i.a.protocols.raft.roles.LeaderRole - RaftServer{1}{role=LEADER} - Sending CommandResponse{status=OK, index=13, eventIndex=2, result=byte[]{length=2, hash=1266}}
02:19:37.942 [raft-client-8d1a11e6-024d-41c6-816f-7d36669ce782-1] TRACE i.a.p.r.p.impl.RaftProxyConnection - PartitionProxy{2}{type=PrimitiveType{name=test}, name=test} - Received CommandResponse{status=OK, index=13, eventIndex=2, result=byte[]{length=2, hash=1266}} from 1
02:19:37.942 [raft-client-8d1a11e6-024d-41c6-816f-7d36669ce782-1] TRACE i.a.p.r.p.impl.RaftProxySequencer - PartitionProxy{2}{type=PrimitiveType{name=test}, name=test} - Completing response CommandResponse{status=OK, index=13, eventIndex=2, result=byte[]{length=2, hash=1266}}
02:19:37.943 [raft-client-8d1a11e6-024d-41c6-816f-7d36669ce782-2] TRACE i.a.p.r.p.impl.RaftProxyConnection - PartitionProxy{2}{type=PrimitiveType{name=test}, name=test} - Sending CommandRequest{session=2, sequence=11, operation=PrimitiveOperation{id=DefaultOperationId{id=write, type=COMMAND}, value=byte[]{length=17, hash=-1644578928}}} to 1
02:19:37.943 [raft-server-1] TRACE i.a.protocols.raft.roles.LeaderRole - RaftServer{1}{role=LEADER} - Received CommandRequest{session=2, sequence=11, operation=PrimitiveOperation{id=DefaultOperationId{id=write, type=COMMAND}, value=byte[]{length=17, hash=-1644578928}}}
02:19:37.944 [raft-server-1] TRACE i.a.protocols.raft.roles.LeaderRole - RaftServer{1}{role=LEADER} - Appended Indexed{index=14, entry=CommandEntry{term=1, timestamp=2018-06-01 02:19:37,943, session=2, sequence=11, operation=PrimitiveOperation{id=DefaultOperationId{id=write, type=COMMAND}, value=byte[]{length=17, hash=-1644578928}}}}
02:19:37.944 [raft-server-1] TRACE i.a.p.raft.roles.LeaderAppender - RaftServer{1} - Sending AppendRequest{term=1, leader=1, prevLogIndex=13, prevLogTerm=1, entries=1, commitIndex=13} to 2
02:19:37.944 [raft-server-2] TRACE i.a.p.raft.roles.FollowerRole - RaftServer{2}{role=FOLLOWER} - Received AppendRequest{term=1, leader=1, prevLogIndex=13, prevLogTerm=1, entries=1, commitIndex=13}
02:19:37.944 [raft-server-1] TRACE i.a.p.raft.roles.LeaderAppender - RaftServer{1} - Sending AppendRequest{term=1, leader=1, prevLogIndex=13, prevLogTerm=1, entries=1, commitIndex=13} to 3
02:19:37.945 [raft-server-3] TRACE i.a.p.raft.roles.FollowerRole - RaftServer{3}{role=FOLLOWER} - Received AppendRequest{term=1, leader=1, prevLogIndex=13, prevLogTerm=1, entries=1, commitIndex=13}
02:19:37.945 [raft-server-2] TRACE i.a.p.raft.roles.FollowerRole - RaftServer{2}{role=FOLLOWER} - Appended Indexed{index=14, entry=CommandEntry{term=1, timestamp=2018-06-01 02:19:37,943, session=2, sequence=11, operation=PrimitiveOperation{id=DefaultOperationId{id=write, type=COMMAND}, value=byte[]{length=17, hash=-1644578928}}}}
02:19:37.945 [raft-server-3] TRACE i.a.p.raft.roles.FollowerRole - RaftServer{3}{role=FOLLOWER} - Appended Indexed{index=14, entry=CommandEntry{term=1, timestamp=2018-06-01 02:19:37,943, session=2, sequence=11, operation=PrimitiveOperation{id=DefaultOperationId{id=write, type=COMMAND}, value=byte[]{length=17, hash=-1644578928}}}}
02:19:37.974 [raft-server-2] TRACE i.a.p.raft.roles.FollowerRole - RaftServer{2}{role=FOLLOWER} - Committed entries up to index 13
02:19:37.974 [raft-server-2] TRACE i.a.p.raft.roles.FollowerRole - RaftServer{2}{role=FOLLOWER} - Sending AppendResponse{status=OK, term=1, succeeded=true, lastLogIndex=14}
02:19:37.974 [raft-server-1] TRACE i.a.p.raft.roles.LeaderAppender - RaftServer{1} - Received AppendResponse{status=OK, term=1, succeeded=true, lastLogIndex=14} from 2
02:19:37.974 [raft-server-1] TRACE i.a.p.raft.roles.LeaderAppender - RaftServer{1} - Committed entries up to 14
02:19:37.974 [raft-server-2-state] TRACE i.a.p.raft.impl.RaftServiceManager - RaftServer{2} - Applying Indexed{index=13, entry=CommandEntry{term=1, timestamp=2018-06-01 02:19:37,843, session=2, sequence=10, operation=PrimitiveOperation{id=DefaultOperationId{id=write, type=COMMAND}, value=byte[]{length=17, hash=-1644578928}}}}
02:19:37.974 [raft-server-2-state] TRACE i.a.p.s.impl.DefaultServiceExecutor - PrimitiveService{2}{type=PrimitiveType{name=test}, name=test} - Executing DefaultCommit{index=13, session=RaftSession{RaftServiceContext{server=2, type=PrimitiveType{name=test}, name=test, id=2}, session=2, timestamp=2018-06-01 02:19:37,843}, time=2018-06-01 02:19:37,843, operation=DefaultOperationId{id=write, type=COMMAND}, value=byte[]{length=17, hash=-1644578928}}
02:19:37.999 [raft-server-3] TRACE i.a.p.raft.roles.FollowerRole - RaftServer{3}{role=FOLLOWER} - Committed entries up to index 13
02:19:37.999 [raft-server-3] TRACE i.a.p.raft.roles.FollowerRole - RaftServer{3}{role=FOLLOWER} - Sending AppendResponse{status=OK, term=1, succeeded=true, lastLogIndex=14}
02:19:37.999 [raft-server-3-state] TRACE i.a.p.raft.impl.RaftServiceManager - RaftServer{3} - Applying Indexed{index=13, entry=CommandEntry{term=1, timestamp=2018-06-01 02:19:37,843, session=2, sequence=10, operation=PrimitiveOperation{id=DefaultOperationId{id=write, type=COMMAND}, value=byte[]{length=17, hash=-1644578928}}}}
02:19:37.999 [raft-server-3-state] TRACE i.a.p.s.impl.DefaultServiceExecutor - PrimitiveService{2}{type=PrimitiveType{name=test}, name=test} - Executing DefaultCommit{index=13, session=RaftSession{RaftServiceContext{server=3, type=PrimitiveType{name=test}, name=test, id=2}, session=2, timestamp=2018-06-01 02:19:37,843}, time=2018-06-01 02:19:37,843, operation=DefaultOperationId{id=write, type=COMMAND}, value=byte[]{length=17, hash=-1644578928}}
02:19:38.016 [raft-server-1] TRACE i.a.p.raft.roles.LeaderAppender - RaftServer{1} - Sending AppendRequest{term=1, leader=1, prevLogIndex=14, prevLogTerm=1, entries=0, commitIndex=14} to 2
02:19:38.016 [raft-server-2] TRACE i.a.p.raft.roles.FollowerRole - RaftServer{2}{role=FOLLOWER} - Received AppendRequest{term=1, leader=1, prevLogIndex=14, prevLogTerm=1, entries=0, commitIndex=14}
02:19:38.016 [raft-server-1] TRACE i.a.p.raft.roles.LeaderAppender - RaftServer{1} - Received AppendResponse{status=OK, term=1, succeeded=true, lastLogIndex=14} from 3
02:19:38.016 [raft-server-1] TRACE i.a.p.raft.roles.LeaderAppender - RaftServer{1} - Sending AppendRequest{term=1, leader=1, prevLogIndex=14, prevLogTerm=1, entries=0, commitIndex=14} to 3
02:19:38.016 [raft-server-3] TRACE i.a.p.raft.roles.FollowerRole - RaftServer{3}{role=FOLLOWER} - Received AppendRequest{term=1, leader=1, prevLogIndex=14, prevLogTerm=1, entries=0, commitIndex=14}
02:19:38.016 [raft-server-1-state] TRACE i.a.p.raft.impl.RaftServiceManager - RaftServer{1} - Applying Indexed{index=14, entry=CommandEntry{term=1, timestamp=2018-06-01 02:19:37,943, session=2, sequence=11, operation=PrimitiveOperation{id=DefaultOperationId{id=write, type=COMMAND}, value=byte[]{length=17, hash=-1644578928}}}}
02:19:38.017 [raft-server-1-state] TRACE i.a.p.s.impl.DefaultServiceExecutor - PrimitiveService{2}{type=PrimitiveType{name=test}, name=test} - Executing DefaultCommit{index=14, session=RaftSession{RaftServiceContext{server=1, type=PrimitiveType{name=test}, name=test, id=2}, session=2, timestamp=2018-06-01 02:19:37,943}, time=2018-06-01 02:19:37,943, operation=DefaultOperationId{id=write, type=COMMAND}, value=byte[]{length=17, hash=-1644578928}}
02:19:38.017 [raft-server-1-state] TRACE i.a.protocols.raft.roles.LeaderRole - RaftServer{1}{role=LEADER} - Sending CommandResponse{status=OK, index=14, eventIndex=2, result=byte[]{length=2, hash=1268}}
02:19:38.017 [raft-client-8d1a11e6-024d-41c6-816f-7d36669ce782-7] TRACE i.a.p.r.p.impl.RaftProxyConnection - PartitionProxy{2}{type=PrimitiveType{name=test}, name=test} - Received CommandResponse{status=OK, index=14, eventIndex=2, result=byte[]{length=2, hash=1268}} from 1
02:19:38.018 [raft-client-8d1a11e6-024d-41c6-816f-7d36669ce782-7] TRACE i.a.p.r.p.impl.RaftProxySequencer - PartitionProxy{2}{type=PrimitiveType{name=test}, name=test} - Completing response CommandResponse{status=OK, index=14, eventIndex=2, result=byte[]{length=2, hash=1268}}
02:19:38.018 [raft-client-8d1a11e6-024d-41c6-816f-7d36669ce782-7] TRACE i.a.p.r.p.impl.RaftProxyConnection - PartitionProxy{2}{type=PrimitiveType{name=test}, name=test} - Sending CommandRequest{session=2, sequence=12, operation=PrimitiveOperation{id=DefaultOperationId{id=write, type=COMMAND}, value=byte[]{length=17, hash=-1644578928}}} to 1
02:19:38.019 [raft-server-1] TRACE i.a.protocols.raft.roles.LeaderRole - RaftServer{1}{role=LEADER} - Received CommandRequest{session=2, sequence=12, operation=PrimitiveOperation{id=DefaultOperationId{id=write, type=COMMAND}, value=byte[]{length=17, hash=-1644578928}}}
02:19:38.019 [raft-server-1] TRACE i.a.protocols.raft.roles.LeaderRole - RaftServer{1}{role=LEADER} - Appended Indexed{index=15, entry=CommandEntry{term=1, timestamp=2018-06-01 02:19:38,019, session=2, sequence=12, operation=PrimitiveOperation{id=DefaultOperationId{id=write, type=COMMAND}, value=byte[]{length=17, hash=-1644578928}}}}
02:19:38.049 [raft-server-2] TRACE i.a.p.raft.roles.FollowerRole - RaftServer{2}{role=FOLLOWER} - Committed entries up to index 14
02:19:38.049 [raft-server-2] TRACE i.a.p.raft.roles.FollowerRole - RaftServer{2}{role=FOLLOWER} - Sending AppendResponse{status=OK, term=1, succeeded=true, lastLogIndex=14}
02:19:38.049 [raft-server-1] TRACE i.a.p.raft.roles.LeaderAppender - RaftServer{1} - Received AppendResponse{status=OK, term=1, succeeded=true, lastLogIndex=14} from 2
02:19:38.049 [raft-server-1] TRACE i.a.p.raft.roles.LeaderAppender - RaftServer{1} - Sending AppendRequest{term=1, leader=1, prevLogIndex=14, prevLogTerm=1, entries=1, commitIndex=14} to 2
02:19:38.049 [raft-server-2-state] TRACE i.a.p.raft.impl.RaftServiceManager - RaftServer{2} - Applying Indexed{index=14, entry=CommandEntry{term=1, timestamp=2018-06-01 02:19:37,943, session=2, sequence=11, operation=PrimitiveOperation{id=DefaultOperationId{id=write, type=COMMAND}, value=byte[]{length=17, hash=-1644578928}}}}
02:19:38.049 [raft-server-2] TRACE i.a.p.raft.roles.FollowerRole - RaftServer{2}{role=FOLLOWER} - Received AppendRequest{term=1, leader=1, prevLogIndex=14, prevLogTerm=1, entries=1, commitIndex=14}
02:19:38.050 [raft-server-1] TRACE i.a.p.raft.roles.LeaderAppender - RaftServer{1} - Sending AppendRequest{term=1, leader=1, prevLogIndex=14, prevLogTerm=1, entries=1, commitIndex=14} to 3
02:19:38.049 [raft-server-2-state] TRACE i.a.p.s.impl.DefaultServiceExecutor - PrimitiveService{2}{type=PrimitiveType{name=test}, name=test} - Executing DefaultCommit{index=14, session=RaftSession{RaftServiceContext{server=2, type=PrimitiveType{name=test}, name=test, id=2}, session=2, timestamp=2018-06-01 02:19:37,943}, time=2018-06-01 02:19:37,943, operation=DefaultOperationId{id=write, type=COMMAND}, value=byte[]{length=17, hash=-1644578928}}
02:19:38.050 [raft-server-2] TRACE i.a.p.raft.roles.FollowerRole - RaftServer{2}{role=FOLLOWER} - Appended Indexed{index=15, entry=CommandEntry{term=1, timestamp=2018-06-01 02:19:38,019, session=2, sequence=12, operation=PrimitiveOperation{id=DefaultOperationId{id=write, type=COMMAND}, value=byte[]{length=17, hash=-1644578928}}}}
02:19:38.050 [raft-server-2] TRACE i.a.p.raft.roles.FollowerRole - RaftServer{2}{role=FOLLOWER} - Sending AppendResponse{status=OK, term=1, succeeded=true, lastLogIndex=15}
02:19:38.050 [raft-server-1] TRACE i.a.p.raft.roles.LeaderAppender - RaftServer{1} - Received AppendResponse{status=OK, term=1, succeeded=true, lastLogIndex=15} from 2
02:19:38.050 [raft-server-1] TRACE i.a.p.raft.roles.LeaderAppender - RaftServer{1} - Committed entries up to 15
02:19:38.074 [raft-server-3] TRACE i.a.p.raft.roles.FollowerRole - RaftServer{3}{role=FOLLOWER} - Committed entries up to index 14
02:19:38.075 [raft-server-3] TRACE i.a.p.raft.roles.FollowerRole - RaftServer{3}{role=FOLLOWER} - Sending AppendResponse{status=OK, term=1, succeeded=true, lastLogIndex=14}
02:19:38.075 [raft-server-3] TRACE i.a.p.raft.roles.FollowerRole - RaftServer{3}{role=FOLLOWER} - Received AppendRequest{term=1, leader=1, prevLogIndex=14, prevLogTerm=1, entries=1, commitIndex=14}
02:19:38.075 [raft-server-3] TRACE i.a.p.raft.roles.FollowerRole - RaftServer{3}{role=FOLLOWER} - Appended Indexed{index=15, entry=CommandEntry{term=1, timestamp=2018-06-01 02:19:38,019, session=2, sequence=12, operation=PrimitiveOperation{id=DefaultOperationId{id=write, type=COMMAND}, value=byte[]{length=17, hash=-1644578928}}}}
02:19:38.075 [raft-server-3] TRACE i.a.p.raft.roles.FollowerRole - RaftServer{3}{role=FOLLOWER} - Sending AppendResponse{status=OK, term=1, succeeded=true, lastLogIndex=15}
02:19:38.075 [raft-server-3-state] TRACE i.a.p.raft.impl.RaftServiceManager - RaftServer{3} - Applying Indexed{index=14, entry=CommandEntry{term=1, timestamp=2018-06-01 02:19:37,943, session=2, sequence=11, operation=PrimitiveOperation{id=DefaultOperationId{id=write, type=COMMAND}, value=byte[]{length=17, hash=-1644578928}}}}
02:19:38.076 [raft-server-3-state] TRACE i.a.p.s.impl.DefaultServiceExecutor - PrimitiveService{2}{type=PrimitiveType{name=test}, name=test} - Executing DefaultCommit{index=14, session=RaftSession{RaftServiceContext{server=3, type=PrimitiveType{name=test}, name=test, id=2}, session=2, timestamp=2018-06-01 02:19:37,943}, time=2018-06-01 02:19:37,943, operation=DefaultOperationId{id=write, type=COMMAND}, value=byte[]{length=17, hash=-1644578928}}
02:19:38.099 [raft-server-1] TRACE i.a.p.raft.roles.LeaderAppender - RaftServer{1} - Received AppendResponse{status=OK, term=1, succeeded=true, lastLogIndex=14} from 3
02:19:38.099 [raft-server-1] TRACE i.a.p.raft.roles.LeaderAppender - RaftServer{1} - Received AppendResponse{status=OK, term=1, succeeded=true, lastLogIndex=15} from 3
02:19:38.099 [raft-server-1-state] TRACE i.a.p.raft.impl.RaftServiceManager - RaftServer{1} - Applying Indexed{index=15, entry=CommandEntry{term=1, timestamp=2018-06-01 02:19:38,019, session=2, sequence=12, operation=PrimitiveOperation{id=DefaultOperationId{id=write, type=COMMAND}, value=byte[]{length=17, hash=-1644578928}}}}
02:19:38.100 [raft-server-1-state] TRACE i.a.p.s.impl.DefaultServiceExecutor - PrimitiveService{2}{type=PrimitiveType{name=test}, name=test} - Executing DefaultCommit{index=15, session=RaftSession{RaftServiceContext{server=1, type=PrimitiveType{name=test}, name=test, id=2}, session=2, timestamp=2018-06-01 02:19:38,019}, time=2018-06-01 02:19:38,019, operation=DefaultOperationId{id=write, type=COMMAND}, value=byte[]{length=17, hash=-1644578928}}
02:19:38.100 [raft-server-1-state] TRACE i.a.protocols.raft.roles.LeaderRole - RaftServer{1}{role=LEADER} - Sending CommandResponse{status=OK, index=15, eventIndex=2, result=byte[]{length=2, hash=1270}}
02:19:38.100 [raft-client-8d1a11e6-024d-41c6-816f-7d36669ce782-4] TRACE i.a.p.r.p.impl.RaftProxyConnection - PartitionProxy{2}{type=PrimitiveType{name=test}, name=test} - Received CommandResponse{status=OK, index=15, eventIndex=2, result=byte[]{length=2, hash=1270}} from 1
02:19:38.100 [raft-client-8d1a11e6-024d-41c6-816f-7d36669ce782-4] TRACE i.a.p.r.p.impl.RaftProxySequencer - PartitionProxy{2}{type=PrimitiveType{name=test}, name=test} - Completing response CommandResponse{status=OK, index=15, eventIndex=2, result=byte[]{length=2, hash=1270}}
02:19:38.101 [raft-client-8d1a11e6-024d-41c6-816f-7d36669ce782-4] TRACE i.a.p.r.p.impl.RaftProxyConnection - PartitionProxy{2}{type=PrimitiveType{name=test}, name=test} - Sending CommandRequest{session=2, sequence=13, operation=PrimitiveOperation{id=DefaultOperationId{id=write, type=COMMAND}, value=byte[]{length=17, hash=-1644578928}}} to 1
02:19:38.101 [raft-server-1] TRACE i.a.protocols.raft.roles.LeaderRole - RaftServer{1}{role=LEADER} - Received CommandRequest{session=2, sequence=13, operation=PrimitiveOperation{id=DefaultOperationId{id=write, type=COMMAND}, value=byte[]{length=17, hash=-1644578928}}}
02:19:38.101 [raft-server-1] TRACE i.a.protocols.raft.roles.LeaderRole - RaftServer{1}{role=LEADER} - Appended Indexed{index=16, entry=CommandEntry{term=1, timestamp=2018-06-01 02:19:38,101, session=2, sequence=13, operation=PrimitiveOperation{id=DefaultOperationId{id=write, type=COMMAND}, value=byte[]{length=17, hash=-1644578928}}}}
02:19:38.102 [raft-server-1] TRACE i.a.p.raft.roles.LeaderAppender - RaftServer{1} - Sending AppendRequest{term=1, leader=1, prevLogIndex=15, prevLogTerm=1, entries=1, commitIndex=15} to 2
02:19:38.102 [raft-server-1] TRACE i.a.p.raft.roles.LeaderAppender - RaftServer{1} - Sending AppendRequest{term=1, leader=1, prevLogIndex=15, prevLogTerm=1, entries=1, commitIndex=15} to 3
02:19:38.102 [raft-server-2] TRACE i.a.p.raft.roles.FollowerRole - RaftServer{2}{role=FOLLOWER} - Received AppendRequest{term=1, leader=1, prevLogIndex=15, prevLogTerm=1, entries=1, commitIndex=15}
02:19:38.102 [raft-server-3] TRACE i.a.p.raft.roles.FollowerRole - RaftServer{3}{role=FOLLOWER} - Received AppendRequest{term=1, leader=1, prevLogIndex=15, prevLogTerm=1, entries=1, commitIndex=15}
02:19:38.102 [raft-server-2] TRACE i.a.p.raft.roles.FollowerRole - RaftServer{2}{role=FOLLOWER} - Appended Indexed{index=16, entry=CommandEntry{term=1, timestamp=2018-06-01 02:19:38,101, session=2, sequence=13, operation=PrimitiveOperation{id=DefaultOperationId{id=write, type=COMMAND}, value=byte[]{length=17, hash=-1644578928}}}}
02:19:38.102 [raft-server-3] TRACE i.a.p.raft.roles.FollowerRole - RaftServer{3}{role=FOLLOWER} - Appended Indexed{index=16, entry=CommandEntry{term=1, timestamp=2018-06-01 02:19:38,101, session=2, sequence=13, operation=PrimitiveOperation{id=DefaultOperationId{id=write, type=COMMAND}, value=byte[]{length=17, hash=-1644578928}}}}
02:19:38.139 [raft-server-2] TRACE i.a.p.raft.roles.FollowerRole - RaftServer{2}{role=FOLLOWER} - Committed entries up to index 15
02:19:38.139 [raft-server-2] TRACE i.a.p.raft.roles.FollowerRole - RaftServer{2}{role=FOLLOWER} - Sending AppendResponse{status=OK, term=1, succeeded=true, lastLogIndex=16}
02:19:38.139 [raft-server-1] TRACE i.a.p.raft.roles.LeaderAppender - RaftServer{1} - Received AppendResponse{status=OK, term=1, succeeded=true, lastLogIndex=16} from 2
02:19:38.139 [raft-server-1] TRACE i.a.p.raft.roles.LeaderAppender - RaftServer{1} - Committed entries up to 16
02:19:38.139 [raft-server-2-state] TRACE i.a.p.raft.impl.RaftServiceManager - RaftServer{2} - Applying Indexed{index=15, entry=CommandEntry{term=1, timestamp=2018-06-01 02:19:38,019, session=2, sequence=12, operation=PrimitiveOperation{id=DefaultOperationId{id=write, type=COMMAND}, value=byte[]{length=17, hash=-1644578928}}}}
02:19:38.139 [raft-server-2-state] TRACE i.a.p.s.impl.DefaultServiceExecutor - PrimitiveService{2}{type=PrimitiveType{name=test}, name=test} - Executing DefaultCommit{index=15, session=RaftSession{RaftServiceContext{server=2, type=PrimitiveType{name=test}, name=test, id=2}, session=2, timestamp=2018-06-01 02:19:38,019}, time=2018-06-01 02:19:38,019, operation=DefaultOperationId{id=write, type=COMMAND}, value=byte[]{length=17, hash=-1644578928}}
02:19:38.165 [raft-server-3] TRACE i.a.p.raft.roles.FollowerRole - RaftServer{3}{role=FOLLOWER} - Committed entries up to index 15
02:19:38.166 [raft-server-3] TRACE i.a.p.raft.roles.FollowerRole - RaftServer{3}{role=FOLLOWER} - Sending AppendResponse{status=OK, term=1, succeeded=true, lastLogIndex=16}
02:19:38.166 [raft-server-3-state] TRACE i.a.p.raft.impl.RaftServiceManager - RaftServer{3} - Applying Indexed{index=15, entry=CommandEntry{term=1, timestamp=2018-06-01 02:19:38,019, session=2, sequence=12, operation=PrimitiveOperation{id=DefaultOperationId{id=write, type=COMMAND}, value=byte[]{length=17, hash=-1644578928}}}}
02:19:38.166 [raft-server-3-state] TRACE i.a.p.s.impl.DefaultServiceExecutor - PrimitiveService{2}{type=PrimitiveType{name=test}, name=test} - Executing DefaultCommit{index=15, session=RaftSession{RaftServiceContext{server=3, type=PrimitiveType{name=test}, name=test, id=2}, session=2, timestamp=2018-06-01 02:19:38,019}, time=2018-06-01 02:19:38,019, operation=DefaultOperationId{id=write, type=COMMAND}, value=byte[]{length=17, hash=-1644578928}}
02:19:38.182 [raft-server-1] TRACE i.a.p.raft.roles.LeaderAppender - RaftServer{1} - Received AppendResponse{status=OK, term=1, succeeded=true, lastLogIndex=16} from 3
02:19:38.182 [raft-server-1-state] TRACE i.a.p.raft.impl.RaftServiceManager - RaftServer{1} - Applying Indexed{index=16, entry=CommandEntry{term=1, timestamp=2018-06-01 02:19:38,101, session=2, sequence=13, operation=PrimitiveOperation{id=DefaultOperationId{id=write, type=COMMAND}, value=byte[]{length=17, hash=-1644578928}}}}
02:19:38.183 [raft-server-1-state] TRACE i.a.p.s.impl.DefaultServiceExecutor - PrimitiveService{2}{type=PrimitiveType{name=test}, name=test} - Executing DefaultCommit{index=16, session=RaftSession{RaftServiceContext{server=1, type=PrimitiveType{name=test}, name=test, id=2}, session=2, timestamp=2018-06-01 02:19:38,101}, time=2018-06-01 02:19:38,101, operation=DefaultOperationId{id=write, type=COMMAND}, value=byte[]{length=17, hash=-1644578928}}
02:19:38.183 [raft-server-1-state] TRACE i.a.protocols.raft.roles.LeaderRole - RaftServer{1}{role=LEADER} - Sending CommandResponse{status=OK, index=16, eventIndex=2, result=byte[]{length=2, hash=1272}}
02:19:38.183 [raft-client-8d1a11e6-024d-41c6-816f-7d36669ce782-1] TRACE i.a.p.r.p.impl.RaftProxyConnection - PartitionProxy{2}{type=PrimitiveType{name=test}, name=test} - Received CommandResponse{status=OK, index=16, eventIndex=2, result=byte[]{length=2, hash=1272}} from 1
02:19:38.183 [raft-client-8d1a11e6-024d-41c6-816f-7d36669ce782-1] TRACE i.a.p.r.p.impl.RaftProxySequencer - PartitionProxy{2}{type=PrimitiveType{name=test}, name=test} - Completing response CommandResponse{status=OK, index=16, eventIndex=2, result=byte[]{length=2, hash=1272}}
02:19:38.184 [raft-client-8d1a11e6-024d-41c6-816f-7d36669ce782-1] TRACE i.a.p.r.p.impl.RaftProxyConnection - PartitionProxy{2}{type=PrimitiveType{name=test}, name=test} - Sending CommandRequest{session=2, sequence=14, operation=PrimitiveOperation{id=DefaultOperationId{id=write, type=COMMAND}, value=byte[]{length=17, hash=-1644578928}}} to 1
02:19:38.184 [raft-server-1] TRACE i.a.protocols.raft.roles.LeaderRole - RaftServer{1}{role=LEADER} - Received CommandRequest{session=2, sequence=14, operation=PrimitiveOperation{id=DefaultOperationId{id=write, type=COMMAND}, value=byte[]{length=17, hash=-1644578928}}}
02:19:38.184 [raft-server-1] TRACE i.a.protocols.raft.roles.LeaderRole - RaftServer{1}{role=LEADER} - Appended Indexed{index=17, entry=CommandEntry{term=1, timestamp=2018-06-01 02:19:38,184, session=2, sequence=14, operation=PrimitiveOperation{id=DefaultOperationId{id=write, type=COMMAND}, value=byte[]{length=17, hash=-1644578928}}}}
02:19:38.185 [raft-server-1] TRACE i.a.p.raft.roles.LeaderAppender - RaftServer{1} - Sending AppendRequest{term=1, leader=1, prevLogIndex=16, prevLogTerm=1, entries=1, commitIndex=16} to 2
02:19:38.185 [raft-server-2] TRACE i.a.p.raft.roles.FollowerRole - RaftServer{2}{role=FOLLOWER} - Received AppendRequest{term=1, leader=1, prevLogIndex=16, prevLogTerm=1, entries=1, commitIndex=16}
02:19:38.185 [raft-server-1] TRACE i.a.p.raft.roles.LeaderAppender - RaftServer{1} - Sending AppendRequest{term=1, leader=1, prevLogIndex=16, prevLogTerm=1, entries=1, commitIndex=16} to 3
02:19:38.185 [raft-server-3] TRACE i.a.p.raft.roles.FollowerRole - RaftServer{3}{role=FOLLOWER} - Received AppendRequest{term=1, leader=1, prevLogIndex=16, prevLogTerm=1, entries=1, commitIndex=16}
02:19:38.185 [raft-server-2] TRACE i.a.p.raft.roles.FollowerRole - RaftServer{2}{role=FOLLOWER} - Appended Indexed{index=17, entry=CommandEntry{term=1, timestamp=2018-06-01 02:19:38,184, session=2, sequence=14, operation=PrimitiveOperation{id=DefaultOperationId{id=write, type=COMMAND}, value=byte[]{length=17, hash=-1644578928}}}}
02:19:38.186 [raft-server-3] TRACE i.a.p.raft.roles.FollowerRole - RaftServer{3}{role=FOLLOWER} - Appended Indexed{index=17, entry=CommandEntry{term=1, timestamp=2018-06-01 02:19:38,184, session=2, sequence=14, operation=PrimitiveOperation{id=DefaultOperationId{id=write, type=COMMAND}, value=byte[]{length=17, hash=-1644578928}}}}
02:19:38.214 [raft-server-2] TRACE i.a.p.raft.roles.FollowerRole - RaftServer{2}{role=FOLLOWER} - Committed entries up to index 16
02:19:38.214 [raft-server-3] TRACE i.a.p.raft.roles.FollowerRole - RaftServer{3}{role=FOLLOWER} - Committed entries up to index 16
02:19:38.214 [raft-server-2] TRACE i.a.p.raft.roles.FollowerRole - RaftServer{2}{role=FOLLOWER} - Sending AppendResponse{status=OK, term=1, succeeded=true, lastLogIndex=17}
02:19:38.214 [raft-server-3] TRACE i.a.p.raft.roles.FollowerRole - RaftServer{3}{role=FOLLOWER} - Sending AppendResponse{status=OK, term=1, succeeded=true, lastLogIndex=17}
02:19:38.214 [raft-server-2-state] TRACE i.a.p.raft.impl.RaftServiceManager - RaftServer{2} - Applying Indexed{index=16, entry=CommandEntry{term=1, timestamp=2018-06-01 02:19:38,101, session=2, sequence=13, operation=PrimitiveOperation{id=DefaultOperationId{id=write, type=COMMAND}, value=byte[]{length=17, hash=-1644578928}}}}
02:19:38.214 [raft-server-3-state] TRACE i.a.p.raft.impl.RaftServiceManager - RaftServer{3} - Applying Indexed{index=16, entry=CommandEntry{term=1, timestamp=2018-06-01 02:19:38,101, session=2, sequence=13, operation=PrimitiveOperation{id=DefaultOperationId{id=write, type=COMMAND}, value=byte[]{length=17, hash=-1644578928}}}}
02:19:38.214 [raft-server-2-state] TRACE i.a.p.s.impl.DefaultServiceExecutor - PrimitiveService{2}{type=PrimitiveType{name=test}, name=test} - Executing DefaultCommit{index=16, session=RaftSession{RaftServiceContext{server=2, type=PrimitiveType{name=test}, name=test, id=2}, session=2, timestamp=2018-06-01 02:19:38,101}, time=2018-06-01 02:19:38,101, operation=DefaultOperationId{id=write, type=COMMAND}, value=byte[]{length=17, hash=-1644578928}}
02:19:38.214 [raft-server-3-state] TRACE i.a.p.s.impl.DefaultServiceExecutor - PrimitiveService{2}{type=PrimitiveType{name=test}, name=test} - Executing DefaultCommit{index=16, session=RaftSession{RaftServiceContext{server=3, type=PrimitiveType{name=test}, name=test, id=2}, session=2, timestamp=2018-06-01 02:19:38,101}, time=2018-06-01 02:19:38,101, operation=DefaultOperationId{id=write, type=COMMAND}, value=byte[]{length=17, hash=-1644578928}}
02:19:38.221 [raft-server-1] TRACE i.a.p.raft.roles.LeaderAppender - RaftServer{1} - Received AppendResponse{status=OK, term=1, succeeded=true, lastLogIndex=17} from 2
02:19:38.221 [raft-server-1] TRACE i.a.p.raft.roles.LeaderAppender - RaftServer{1} - Committed entries up to 17
02:19:38.256 [raft-server-1] TRACE i.a.p.raft.roles.LeaderAppender - RaftServer{1} - Received AppendResponse{status=OK, term=1, succeeded=true, lastLogIndex=17} from 3
02:19:38.256 [raft-server-1] TRACE i.a.p.raft.roles.LeaderAppender - RaftServer{1} - Sending AppendRequest{term=1, leader=1, prevLogIndex=17, prevLogTerm=1, entries=0, commitIndex=17} to 2
02:19:38.256 [raft-server-2] TRACE i.a.p.raft.roles.FollowerRole - RaftServer{2}{role=FOLLOWER} - Received AppendRequest{term=1, leader=1, prevLogIndex=17, prevLogTerm=1, entries=0, commitIndex=17}
02:19:38.256 [raft-server-1] TRACE i.a.p.raft.roles.LeaderAppender - RaftServer{1} - Sending AppendRequest{term=1, leader=1, prevLogIndex=17, prevLogTerm=1, entries=0, commitIndex=17} to 3
02:19:38.256 [raft-server-3] TRACE i.a.p.raft.roles.FollowerRole - RaftServer{3}{role=FOLLOWER} - Received AppendRequest{term=1, leader=1, prevLogIndex=17, prevLogTerm=1, entries=0, commitIndex=17}
02:19:38.256 [raft-server-1-state] TRACE i.a.p.raft.impl.RaftServiceManager - RaftServer{1} - Applying Indexed{index=17, entry=CommandEntry{term=1, timestamp=2018-06-01 02:19:38,184, session=2, sequence=14, operation=PrimitiveOperation{id=DefaultOperationId{id=write, type=COMMAND}, value=byte[]{length=17, hash=-1644578928}}}}
02:19:38.257 [raft-server-1-state] TRACE i.a.p.s.impl.DefaultServiceExecutor - PrimitiveService{2}{type=PrimitiveType{name=test}, name=test} - Executing DefaultCommit{index=17, session=RaftSession{RaftServiceContext{server=1, type=PrimitiveType{name=test}, name=test, id=2}, session=2, timestamp=2018-06-01 02:19:38,184}, time=2018-06-01 02:19:38,184, operation=DefaultOperationId{id=write, type=COMMAND}, value=byte[]{length=17, hash=-1644578928}}
02:19:38.257 [raft-server-1-state] TRACE i.a.protocols.raft.roles.LeaderRole - RaftServer{1}{role=LEADER} - Sending CommandResponse{status=OK, index=17, eventIndex=2, result=byte[]{length=2, hash=1274}}
02:19:38.257 [raft-client-8d1a11e6-024d-41c6-816f-7d36669ce782-5] TRACE i.a.p.r.p.impl.RaftProxyConnection - PartitionProxy{2}{type=PrimitiveType{name=test}, name=test} - Received CommandResponse{status=OK, index=17, eventIndex=2, result=byte[]{length=2, hash=1274}} from 1
02:19:38.257 [raft-client-8d1a11e6-024d-41c6-816f-7d36669ce782-5] TRACE i.a.p.r.p.impl.RaftProxySequencer - PartitionProxy{2}{type=PrimitiveType{name=test}, name=test} - Completing response CommandResponse{status=OK, index=17, eventIndex=2, result=byte[]{length=2, hash=1274}}
02:19:38.258 [raft-client-8d1a11e6-024d-41c6-816f-7d36669ce782-5] TRACE i.a.p.r.p.impl.RaftProxyConnection - PartitionProxy{2}{type=PrimitiveType{name=test}, name=test} - Sending CommandRequest{session=2, sequence=15, operation=PrimitiveOperation{id=DefaultOperationId{id=write, type=COMMAND}, value=byte[]{length=17, hash=-1644578928}}} to 1
02:19:38.258 [raft-server-1] TRACE i.a.protocols.raft.roles.LeaderRole - RaftServer{1}{role=LEADER} - Received CommandRequest{session=2, sequence=15, operation=PrimitiveOperation{id=DefaultOperationId{id=write, type=COMMAND}, value=byte[]{length=17, hash=-1644578928}}}
02:19:38.258 [raft-server-1] TRACE i.a.protocols.raft.roles.LeaderRole - RaftServer{1}{role=LEADER} - Appended Indexed{index=18, entry=CommandEntry{term=1, timestamp=2018-06-01 02:19:38,258, session=2, sequence=15, operation=PrimitiveOperation{id=DefaultOperationId{id=write, type=COMMAND}, value=byte[]{length=17, hash=-1644578928}}}}
02:19:38.280 [raft-server-2] TRACE i.a.p.raft.roles.FollowerRole - RaftServer{2}{role=FOLLOWER} - Committed entries up to index 17
02:19:38.281 [raft-server-2] TRACE i.a.p.raft.roles.FollowerRole - RaftServer{2}{role=FOLLOWER} - Sending AppendResponse{status=OK, term=1, succeeded=true, lastLogIndex=17}
02:19:38.281 [raft-server-1] TRACE i.a.p.raft.roles.LeaderAppender - RaftServer{1} - Received AppendResponse{status=OK, term=1, succeeded=true, lastLogIndex=17} from 2
02:19:38.281 [raft-server-1] TRACE i.a.p.raft.roles.LeaderAppender - RaftServer{1} - Sending AppendRequest{term=1, leader=1, prevLogIndex=17, prevLogTerm=1, entries=1, commitIndex=17} to 2
02:19:38.281 [raft-server-2-state] TRACE i.a.p.raft.impl.RaftServiceManager - RaftServer{2} - Applying Indexed{index=17, entry=CommandEntry{term=1, timestamp=2018-06-01 02:19:38,184, session=2, sequence=14, operation=PrimitiveOperation{id=DefaultOperationId{id=write, type=COMMAND}, value=byte[]{length=17, hash=-1644578928}}}}
02:19:38.281 [raft-server-2] TRACE i.a.p.raft.roles.FollowerRole - RaftServer{2}{role=FOLLOWER} - Received AppendRequest{term=1, leader=1, prevLogIndex=17, prevLogTerm=1, entries=1, commitIndex=17}
02:19:38.281 [raft-server-2-state] TRACE i.a.p.s.impl.DefaultServiceExecutor - PrimitiveService{2}{type=PrimitiveType{name=test}, name=test} - Executing DefaultCommit{index=17, session=RaftSession{RaftServiceContext{server=2, type=PrimitiveType{name=test}, name=test, id=2}, session=2, timestamp=2018-06-01 02:19:38,184}, time=2018-06-01 02:19:38,184, operation=DefaultOperationId{id=write, type=COMMAND}, value=byte[]{length=17, hash=-1644578928}}
02:19:38.281 [raft-server-2] TRACE i.a.p.raft.roles.FollowerRole - RaftServer{2}{role=FOLLOWER} - Appended Indexed{index=18, entry=CommandEntry{term=1, timestamp=2018-06-01 02:19:38,258, session=2, sequence=15, operation=PrimitiveOperation{id=DefaultOperationId{id=write, type=COMMAND}, value=byte[]{length=17, hash=-1644578928}}}}
02:19:38.282 [raft-server-2] TRACE i.a.p.raft.roles.FollowerRole - RaftServer{2}{role=FOLLOWER} - Sending AppendResponse{status=OK, term=1, succeeded=true, lastLogIndex=18}
02:19:38.282 [raft-server-1] TRACE i.a.p.raft.roles.LeaderAppender - RaftServer{1} - Received AppendResponse{status=OK, term=1, succeeded=true, lastLogIndex=18} from 2
02:19:38.282 [raft-server-1] TRACE i.a.p.raft.roles.LeaderAppender - RaftServer{1} - Committed entries up to 18
02:19:38.314 [raft-server-3] TRACE i.a.p.raft.roles.FollowerRole - RaftServer{3}{role=FOLLOWER} - Committed entries up to index 17
02:19:38.314 [raft-server-3] TRACE i.a.p.raft.roles.FollowerRole - RaftServer{3}{role=FOLLOWER} - Sending AppendResponse{status=OK, term=1, succeeded=true, lastLogIndex=17}
02:19:38.314 [raft-server-3-state] TRACE i.a.p.raft.impl.RaftServiceManager - RaftServer{3} - Applying Indexed{index=17, entry=CommandEntry{term=1, timestamp=2018-06-01 02:19:38,184, session=2, sequence=14, operation=PrimitiveOperation{id=DefaultOperationId{id=write, type=COMMAND}, value=byte[]{length=17, hash=-1644578928}}}}
02:19:38.314 [raft-server-3-state] TRACE i.a.p.s.impl.DefaultServiceExecutor - PrimitiveService{2}{type=PrimitiveType{name=test}, name=test} - Executing DefaultCommit{index=17, session=RaftSession{RaftServiceContext{server=3, type=PrimitiveType{name=test}, name=test, id=2}, session=2, timestamp=2018-06-01 02:19:38,184}, time=2018-06-01 02:19:38,184, operation=DefaultOperationId{id=write, type=COMMAND}, value=byte[]{length=17, hash=-1644578928}}
02:19:38.339 [raft-server-1] TRACE i.a.p.raft.roles.LeaderAppender - RaftServer{1} - Received AppendResponse{status=OK, term=1, succeeded=true, lastLogIndex=17} from 3
02:19:38.339 [raft-server-1] TRACE i.a.p.raft.roles.LeaderAppender - RaftServer{1} - Sending AppendRequest{term=1, leader=1, prevLogIndex=17, prevLogTerm=1, entries=1, commitIndex=18} to 3
02:19:38.339 [raft-server-3] TRACE i.a.p.raft.roles.FollowerRole - RaftServer{3}{role=FOLLOWER} - Received AppendRequest{term=1, leader=1, prevLogIndex=17, prevLogTerm=1, entries=1, commitIndex=18}
02:19:38.339 [raft-server-1-state] TRACE i.a.p.raft.impl.RaftServiceManager - RaftServer{1} - Applying Indexed{index=18, entry=CommandEntry{term=1, timestamp=2018-06-01 02:19:38,258, session=2, sequence=15, operation=PrimitiveOperation{id=DefaultOperationId{id=write, type=COMMAND}, value=byte[]{length=17, hash=-1644578928}}}}
02:19:38.340 [raft-server-3] TRACE i.a.p.raft.roles.FollowerRole - RaftServer{3}{role=FOLLOWER} - Appended Indexed{index=18, entry=CommandEntry{term=1, timestamp=2018-06-01 02:19:38,258, session=2, sequence=15, operation=PrimitiveOperation{id=DefaultOperationId{id=write, type=COMMAND}, value=byte[]{length=17, hash=-1644578928}}}}
02:19:38.340 [raft-server-1-state] TRACE i.a.p.s.impl.DefaultServiceExecutor - PrimitiveService{2}{type=PrimitiveType{name=test}, name=test} - Executing DefaultCommit{index=18, session=RaftSession{RaftServiceContext{server=1, type=PrimitiveType{name=test}, name=test, id=2}, session=2, timestamp=2018-06-01 02:19:38,258}, time=2018-06-01 02:19:38,258, operation=DefaultOperationId{id=write, type=COMMAND}, value=byte[]{length=17, hash=-1644578928}}
02:19:38.340 [raft-server-1-state] TRACE i.a.protocols.raft.roles.LeaderRole - RaftServer{1}{role=LEADER} - Sending CommandResponse{status=OK, index=18, eventIndex=2, result=byte[]{length=2, hash=1276}}
02:19:38.340 [raft-client-8d1a11e6-024d-41c6-816f-7d36669ce782-6] TRACE i.a.p.r.p.impl.RaftProxyConnection - PartitionProxy{2}{type=PrimitiveType{name=test}, name=test} - Received CommandResponse{status=OK, index=18, eventIndex=2, result=byte[]{length=2, hash=1276}} from 1
02:19:38.340 [raft-client-8d1a11e6-024d-41c6-816f-7d36669ce782-6] TRACE i.a.p.r.p.impl.RaftProxySequencer - PartitionProxy{2}{type=PrimitiveType{name=test}, name=test} - Completing response CommandResponse{status=OK, index=18, eventIndex=2, result=byte[]{length=2, hash=1276}}
02:19:38.341 [raft-client-8d1a11e6-024d-41c6-816f-7d36669ce782-2] TRACE i.a.p.r.p.impl.RaftProxyConnection - PartitionProxy{2}{type=PrimitiveType{name=test}, name=test} - Sending CommandRequest{session=2, sequence=16, operation=PrimitiveOperation{id=DefaultOperationId{id=write, type=COMMAND}, value=byte[]{length=17, hash=-1644578928}}} to 1
02:19:38.341 [raft-server-1] TRACE i.a.protocols.raft.roles.LeaderRole - RaftServer{1}{role=LEADER} - Received CommandRequest{session=2, sequence=16, operation=PrimitiveOperation{id=DefaultOperationId{id=write, type=COMMAND}, value=byte[]{length=17, hash=-1644578928}}}
02:19:38.341 [raft-server-1] TRACE i.a.protocols.raft.roles.LeaderRole - RaftServer{1}{role=LEADER} - Appended Indexed{index=19, entry=CommandEntry{term=1, timestamp=2018-06-01 02:19:38,341, session=2, sequence=16, operation=PrimitiveOperation{id=DefaultOperationId{id=write, type=COMMAND}, value=byte[]{length=17, hash=-1644578928}}}}
02:19:38.342 [raft-server-1] TRACE i.a.p.raft.roles.LeaderAppender - RaftServer{1} - Sending AppendRequest{term=1, leader=1, prevLogIndex=18, prevLogTerm=1, entries=1, commitIndex=18} to 2
02:19:38.342 [raft-server-2] TRACE i.a.p.raft.roles.FollowerRole - RaftServer{2}{role=FOLLOWER} - Received AppendRequest{term=1, leader=1, prevLogIndex=18, prevLogTerm=1, entries=1, commitIndex=18}
02:19:38.342 [raft-server-2] TRACE i.a.p.raft.roles.FollowerRole - RaftServer{2}{role=FOLLOWER} - Appended Indexed{index=19, entry=CommandEntry{term=1, timestamp=2018-06-01 02:19:38,341, session=2, sequence=16, operation=PrimitiveOperation{id=DefaultOperationId{id=write, type=COMMAND}, value=byte[]{length=17, hash=-1644578928}}}}
02:19:38.383 [raft-server-3] TRACE i.a.p.raft.roles.FollowerRole - RaftServer{3}{role=FOLLOWER} - Committed entries up to index 18
02:19:38.383 [raft-server-3] TRACE i.a.p.raft.roles.FollowerRole - RaftServer{3}{role=FOLLOWER} - Sending AppendResponse{status=OK, term=1, succeeded=true, lastLogIndex=18}
02:19:38.383 [raft-server-1] TRACE i.a.p.raft.roles.LeaderAppender - RaftServer{1} - Received AppendResponse{status=OK, term=1, succeeded=true, lastLogIndex=18} from 3
02:19:38.383 [raft-server-1] TRACE i.a.p.raft.roles.LeaderAppender - RaftServer{1} - Sending AppendRequest{term=1, leader=1, prevLogIndex=18, prevLogTerm=1, entries=1, commitIndex=18} to 3
02:19:38.383 [raft-server-3-state] TRACE i.a.p.raft.impl.RaftServiceManager - RaftServer{3} - Applying Indexed{index=18, entry=CommandEntry{term=1, timestamp=2018-06-01 02:19:38,258, session=2, sequence=15, operation=PrimitiveOperation{id=DefaultOperationId{id=write, type=COMMAND}, value=byte[]{length=17, hash=-1644578928}}}}
02:19:38.384 [raft-server-3] TRACE i.a.p.raft.roles.FollowerRole - RaftServer{3}{role=FOLLOWER} - Received AppendRequest{term=1, leader=1, prevLogIndex=18, prevLogTerm=1, entries=1, commitIndex=18}
02:19:38.384 [raft-server-3-state] TRACE i.a.p.s.impl.DefaultServiceExecutor - PrimitiveService{2}{type=PrimitiveType{name=test}, name=test} - Executing DefaultCommit{index=18, session=RaftSession{RaftServiceContext{server=3, type=PrimitiveType{name=test}, name=test, id=2}, session=2, timestamp=2018-06-01 02:19:38,258}, time=2018-06-01 02:19:38,258, operation=DefaultOperationId{id=write, type=COMMAND}, value=byte[]{length=17, hash=-1644578928}}
02:19:38.384 [raft-server-3] TRACE i.a.p.raft.roles.FollowerRole - RaftServer{3}{role=FOLLOWER} - Appended Indexed{index=19, entry=CommandEntry{term=1, timestamp=2018-06-01 02:19:38,341, session=2, sequence=16, operation=PrimitiveOperation{id=DefaultOperationId{id=write, type=COMMAND}, value=byte[]{length=17, hash=-1644578928}}}}
02:19:38.384 [raft-server-3] TRACE i.a.p.raft.roles.FollowerRole - RaftServer{3}{role=FOLLOWER} - Sending AppendResponse{status=OK, term=1, succeeded=true, lastLogIndex=19}
02:19:38.384 [raft-server-1] TRACE i.a.p.raft.roles.LeaderAppender - RaftServer{1} - Received AppendResponse{status=OK, term=1, succeeded=true, lastLogIndex=19} from 3
02:19:38.384 [raft-server-1] TRACE i.a.p.raft.roles.LeaderAppender - RaftServer{1} - Committed entries up to 19
02:19:38.416 [raft-server-2] TRACE i.a.p.raft.roles.FollowerRole - RaftServer{2}{role=FOLLOWER} - Committed entries up to index 18
02:19:38.417 [raft-server-2] TRACE i.a.p.raft.roles.FollowerRole - RaftServer{2}{role=FOLLOWER} - Sending AppendResponse{status=OK, term=1, succeeded=true, lastLogIndex=19}
02:19:38.417 [raft-server-2-state] TRACE i.a.p.raft.impl.RaftServiceManager - RaftServer{2} - Applying Indexed{index=18, entry=CommandEntry{term=1, timestamp=2018-06-01 02:19:38,258, session=2, sequence=15, operation=PrimitiveOperation{id=DefaultOperationId{id=write, type=COMMAND}, value=byte[]{length=17, hash=-1644578928}}}}
02:19:38.417 [raft-server-2-state] TRACE i.a.p.s.impl.DefaultServiceExecutor - PrimitiveService{2}{type=PrimitiveType{name=test}, name=test} - Executing DefaultCommit{index=18, session=RaftSession{RaftServiceContext{server=2, type=PrimitiveType{name=test}, name=test, id=2}, session=2, timestamp=2018-06-01 02:19:38,258}, time=2018-06-01 02:19:38,258, operation=DefaultOperationId{id=write, type=COMMAND}, value=byte[]{length=17, hash=-1644578928}}
02:19:38.449 [raft-server-1] TRACE i.a.p.raft.roles.LeaderAppender - RaftServer{1} - Received AppendResponse{status=OK, term=1, succeeded=true, lastLogIndex=19} from 2
02:19:38.449 [raft-server-1-state] TRACE i.a.p.raft.impl.RaftServiceManager - RaftServer{1} - Applying Indexed{index=19, entry=CommandEntry{term=1, timestamp=2018-06-01 02:19:38,341, session=2, sequence=16, operation=PrimitiveOperation{id=DefaultOperationId{id=write, type=COMMAND}, value=byte[]{length=17, hash=-1644578928}}}}
02:19:38.449 [raft-server-1-state] TRACE i.a.p.s.impl.DefaultServiceExecutor - PrimitiveService{2}{type=PrimitiveType{name=test}, name=test} - Executing DefaultCommit{index=19, session=RaftSession{RaftServiceContext{server=1, type=PrimitiveType{name=test}, name=test, id=2}, session=2, timestamp=2018-06-01 02:19:38,341}, time=2018-06-01 02:19:38,341, operation=DefaultOperationId{id=write, type=COMMAND}, value=byte[]{length=17, hash=-1644578928}}
02:19:38.450 [raft-server-1-state] TRACE i.a.protocols.raft.roles.LeaderRole - RaftServer{1}{role=LEADER} - Sending CommandResponse{status=OK, index=19, eventIndex=2, result=byte[]{length=2, hash=1278}}
02:19:38.450 [raft-client-8d1a11e6-024d-41c6-816f-7d36669ce782-3] TRACE i.a.p.r.p.impl.RaftProxyConnection - PartitionProxy{2}{type=PrimitiveType{name=test}, name=test} - Received CommandResponse{status=OK, index=19, eventIndex=2, result=byte[]{length=2, hash=1278}} from 1
02:19:38.450 [raft-client-8d1a11e6-024d-41c6-816f-7d36669ce782-3] TRACE i.a.p.r.p.impl.RaftProxySequencer - PartitionProxy{2}{type=PrimitiveType{name=test}, name=test} - Completing response CommandResponse{status=OK, index=19, eventIndex=2, result=byte[]{length=2, hash=1278}}
02:19:38.451 [raft-client-8d1a11e6-024d-41c6-816f-7d36669ce782-3] TRACE i.a.p.r.p.impl.RaftProxyConnection - PartitionProxy{2}{type=PrimitiveType{name=test}, name=test} - Sending CommandRequest{session=2, sequence=17, operation=PrimitiveOperation{id=DefaultOperationId{id=write, type=COMMAND}, value=byte[]{length=17, hash=-1644578928}}} to 1
02:19:38.451 [raft-server-1] TRACE i.a.protocols.raft.roles.LeaderRole - RaftServer{1}{role=LEADER} - Received CommandRequest{session=2, sequence=17, operation=PrimitiveOperation{id=DefaultOperationId{id=write, type=COMMAND}, value=byte[]{length=17, hash=-1644578928}}}
02:19:38.451 [raft-server-1] TRACE i.a.protocols.raft.roles.LeaderRole - RaftServer{1}{role=LEADER} - Appended Indexed{index=20, entry=CommandEntry{term=1, timestamp=2018-06-01 02:19:38,451, session=2, sequence=17, operation=PrimitiveOperation{id=DefaultOperationId{id=write, type=COMMAND}, value=byte[]{length=17, hash=-1644578928}}}}
02:19:38.452 [raft-server-1] TRACE i.a.p.raft.roles.LeaderAppender - RaftServer{1} - Sending AppendRequest{term=1, leader=1, prevLogIndex=19, prevLogTerm=1, entries=1, commitIndex=19} to 2
02:19:38.452 [raft-server-2] TRACE i.a.p.raft.roles.FollowerRole - RaftServer{2}{role=FOLLOWER} - Received AppendRequest{term=1, leader=1, prevLogIndex=19, prevLogTerm=1, entries=1, commitIndex=19}
02:19:38.452 [raft-server-1] TRACE i.a.p.raft.roles.LeaderAppender - RaftServer{1} - Sending AppendRequest{term=1, leader=1, prevLogIndex=19, prevLogTerm=1, entries=1, commitIndex=19} to 3
02:19:38.452 [raft-server-3] TRACE i.a.p.raft.roles.FollowerRole - RaftServer{3}{role=FOLLOWER} - Received AppendRequest{term=1, leader=1, prevLogIndex=19, prevLogTerm=1, entries=1, commitIndex=19}
02:19:38.452 [raft-server-2] TRACE i.a.p.raft.roles.FollowerRole - RaftServer{2}{role=FOLLOWER} - Appended Indexed{index=20, entry=CommandEntry{term=1, timestamp=2018-06-01 02:19:38,451, session=2, sequence=17, operation=PrimitiveOperation{id=DefaultOperationId{id=write, type=COMMAND}, value=byte[]{length=17, hash=-1644578928}}}}
02:19:38.453 [raft-server-3] TRACE i.a.p.raft.roles.FollowerRole - RaftServer{3}{role=FOLLOWER} - Appended Indexed{index=20, entry=CommandEntry{term=1, timestamp=2018-06-01 02:19:38,451, session=2, sequence=17, operation=PrimitiveOperation{id=DefaultOperationId{id=write, type=COMMAND}, value=byte[]{length=17, hash=-1644578928}}}}
02:19:38.525 [raft-server-2] TRACE i.a.p.raft.roles.FollowerRole - RaftServer{2}{role=FOLLOWER} - Committed entries up to index 19
02:19:38.525 [raft-server-3] TRACE i.a.p.raft.roles.FollowerRole - RaftServer{3}{role=FOLLOWER} - Committed entries up to index 19
02:19:38.525 [raft-server-2] TRACE i.a.p.raft.roles.FollowerRole - RaftServer{2}{role=FOLLOWER} - Sending AppendResponse{status=OK, term=1, succeeded=true, lastLogIndex=20}
02:19:38.525 [raft-server-3] TRACE i.a.p.raft.roles.FollowerRole - RaftServer{3}{role=FOLLOWER} - Sending AppendResponse{status=OK, term=1, succeeded=true, lastLogIndex=20}
02:19:38.525 [raft-server-1] TRACE i.a.p.raft.roles.LeaderAppender - RaftServer{1} - Received AppendResponse{status=OK, term=1, succeeded=true, lastLogIndex=20} from 2
02:19:38.525 [raft-server-1] TRACE i.a.p.raft.roles.LeaderAppender - RaftServer{1} - Committed entries up to 20
02:19:38.525 [raft-server-2-state] TRACE i.a.p.raft.impl.RaftServiceManager - RaftServer{2} - Applying Indexed{index=19, entry=CommandEntry{term=1, timestamp=2018-06-01 02:19:38,341, session=2, sequence=16, operation=PrimitiveOperation{id=DefaultOperationId{id=write, type=COMMAND}, value=byte[]{length=17, hash=-1644578928}}}}
02:19:38.525 [raft-server-3-state] TRACE i.a.p.raft.impl.RaftServiceManager - RaftServer{3} - Applying Indexed{index=19, entry=CommandEntry{term=1, timestamp=2018-06-01 02:19:38,341, session=2, sequence=16, operation=PrimitiveOperation{id=DefaultOperationId{id=write, type=COMMAND}, value=byte[]{length=17, hash=-1644578928}}}}
02:19:38.526 [raft-server-3-state] TRACE i.a.p.s.impl.DefaultServiceExecutor - PrimitiveService{2}{type=PrimitiveType{name=test}, name=test} - Executing DefaultCommit{index=19, session=RaftSession{RaftServiceContext{server=3, type=PrimitiveType{name=test}, name=test, id=2}, session=2, timestamp=2018-06-01 02:19:38,341}, time=2018-06-01 02:19:38,341, operation=DefaultOperationId{id=write, type=COMMAND}, value=byte[]{length=17, hash=-1644578928}}
02:19:38.526 [raft-server-2-state] TRACE i.a.p.s.impl.DefaultServiceExecutor - PrimitiveService{2}{type=PrimitiveType{name=test}, name=test} - Executing DefaultCommit{index=19, session=RaftSession{RaftServiceContext{server=2, type=PrimitiveType{name=test}, name=test, id=2}, session=2, timestamp=2018-06-01 02:19:38,341}, time=2018-06-01 02:19:38,341, operation=DefaultOperationId{id=write, type=COMMAND}, value=byte[]{length=17, hash=-1644578928}}
02:19:38.582 [raft-server-1] TRACE i.a.p.raft.roles.LeaderAppender - RaftServer{1} - Sending AppendRequest{term=1, leader=1, prevLogIndex=20, prevLogTerm=1, entries=0, commitIndex=20} to 2
02:19:38.582 [raft-server-2] TRACE i.a.p.raft.roles.FollowerRole - RaftServer{2}{role=FOLLOWER} - Received AppendRequest{term=1, leader=1, prevLogIndex=20, prevLogTerm=1, entries=0, commitIndex=20}
02:19:38.583 [raft-server-1] TRACE i.a.p.raft.roles.LeaderAppender - RaftServer{1} - Received AppendResponse{status=OK, term=1, succeeded=true, lastLogIndex=20} from 3
02:19:38.583 [raft-server-1] TRACE i.a.p.raft.roles.LeaderAppender - RaftServer{1} - Sending AppendRequest{term=1, leader=1, prevLogIndex=20, prevLogTerm=1, entries=0, commitIndex=20} to 3
02:19:38.583 [raft-server-3] TRACE i.a.p.raft.roles.FollowerRole - RaftServer{3}{role=FOLLOWER} - Received AppendRequest{term=1, leader=1, prevLogIndex=20, prevLogTerm=1, entries=0, commitIndex=20}
02:19:38.583 [raft-server-1-state] TRACE i.a.p.raft.impl.RaftServiceManager - RaftServer{1} - Applying Indexed{index=20, entry=CommandEntry{term=1, timestamp=2018-06-01 02:19:38,451, session=2, sequence=17, operation=PrimitiveOperation{id=DefaultOperationId{id=write, type=COMMAND}, value=byte[]{length=17, hash=-1644578928}}}}
02:19:38.583 [raft-server-1-state] TRACE i.a.p.s.impl.DefaultServiceExecutor - PrimitiveService{2}{type=PrimitiveType{name=test}, name=test} - Executing DefaultCommit{index=20, session=RaftSession{RaftServiceContext{server=1, type=PrimitiveType{name=test}, name=test, id=2}, session=2, timestamp=2018-06-01 02:19:38,451}, time=2018-06-01 02:19:38,451, operation=DefaultOperationId{id=write, type=COMMAND}, value=byte[]{length=17, hash=-1644578928}}
02:19:38.584 [raft-server-1-state] TRACE i.a.protocols.raft.roles.LeaderRole - RaftServer{1}{role=LEADER} - Sending CommandResponse{status=OK, index=20, eventIndex=2, result=byte[]{length=2, hash=1280}}
02:19:38.584 [raft-client-8d1a11e6-024d-41c6-816f-7d36669ce782-0] TRACE i.a.p.r.p.impl.RaftProxyConnection - PartitionProxy{2}{type=PrimitiveType{name=test}, name=test} - Received CommandResponse{status=OK, index=20, eventIndex=2, result=byte[]{length=2, hash=1280}} from 1
02:19:38.584 [raft-client-8d1a11e6-024d-41c6-816f-7d36669ce782-0] TRACE i.a.p.r.p.impl.RaftProxySequencer - PartitionProxy{2}{type=PrimitiveType{name=test}, name=test} - Completing response CommandResponse{status=OK, index=20, eventIndex=2, result=byte[]{length=2, hash=1280}}
02:19:38.585 [raft-client-8d1a11e6-024d-41c6-816f-7d36669ce782-4] TRACE i.a.p.r.p.impl.RaftProxyConnection - PartitionProxy{2}{type=PrimitiveType{name=test}, name=test} - Sending CommandRequest{session=2, sequence=18, operation=PrimitiveOperation{id=DefaultOperationId{id=write, type=COMMAND}, value=byte[]{length=17, hash=-1644578928}}} to 1
02:19:38.585 [raft-server-1] TRACE i.a.protocols.raft.roles.LeaderRole - RaftServer{1}{role=LEADER} - Received CommandRequest{session=2, sequence=18, operation=PrimitiveOperation{id=DefaultOperationId{id=write, type=COMMAND}, value=byte[]{length=17, hash=-1644578928}}}
02:19:38.624 [raft-server-2] TRACE i.a.p.raft.roles.FollowerRole - RaftServer{2}{role=FOLLOWER} - Committed entries up to index 20
02:19:38.624 [raft-server-2] TRACE i.a.p.raft.roles.FollowerRole - RaftServer{2}{role=FOLLOWER} - Sending AppendResponse{status=OK, term=1, succeeded=true, lastLogIndex=20}
02:19:38.624 [raft-server-2-state] TRACE i.a.p.raft.impl.RaftServiceManager - RaftServer{2} - Applying Indexed{index=20, entry=CommandEntry{term=1, timestamp=2018-06-01 02:19:38,451, session=2, sequence=17, operation=PrimitiveOperation{id=DefaultOperationId{id=write, type=COMMAND}, value=byte[]{length=17, hash=-1644578928}}}}
02:19:38.624 [raft-server-2-state] TRACE i.a.p.s.impl.DefaultServiceExecutor - PrimitiveService{2}{type=PrimitiveType{name=test}, name=test} - Executing DefaultCommit{index=20, session=RaftSession{RaftServiceContext{server=2, type=PrimitiveType{name=test}, name=test, id=2}, session=2, timestamp=2018-06-01 02:19:38,451}, time=2018-06-01 02:19:38,451, operation=DefaultOperationId{id=write, type=COMMAND}, value=byte[]{length=17, hash=-1644578928}}
02:19:38.665 [raft-server-3] TRACE i.a.p.raft.roles.FollowerRole - RaftServer{3}{role=FOLLOWER} - Committed entries up to index 20
02:19:38.666 [raft-server-3] TRACE i.a.p.raft.roles.FollowerRole - RaftServer{3}{role=FOLLOWER} - Sending AppendResponse{status=OK, term=1, succeeded=true, lastLogIndex=20}
02:19:38.666 [raft-server-3-state] TRACE i.a.p.raft.impl.RaftServiceManager - RaftServer{3} - Applying Indexed{index=20, entry=CommandEntry{term=1, timestamp=2018-06-01 02:19:38,451, session=2, sequence=17, operation=PrimitiveOperation{id=DefaultOperationId{id=write, type=COMMAND}, value=byte[]{length=17, hash=-1644578928}}}}
02:19:38.666 [raft-server-3-state] TRACE i.a.p.s.impl.DefaultServiceExecutor - PrimitiveService{2}{type=PrimitiveType{name=test}, name=test} - Executing DefaultCommit{index=20, session=RaftSession{RaftServiceContext{server=3, type=PrimitiveType{name=test}, name=test, id=2}, session=2, timestamp=2018-06-01 02:19:38,451}, time=2018-06-01 02:19:38,451, operation=DefaultOperationId{id=write, type=COMMAND}, value=byte[]{length=17, hash=-1644578928}}
02:19:39.024 [raft-server-1] DEBUG i.a.storage.journal.SegmentedJournal - Created disk segment: JournalSegment{id=3, version=1, index=21, size=64}
02:19:39.025 [raft-server-1] TRACE i.a.protocols.raft.roles.LeaderRole - RaftServer{1}{role=LEADER} - Appended Indexed{index=21, entry=CommandEntry{term=1, timestamp=2018-06-01 02:19:38,585, session=2, sequence=18, operation=PrimitiveOperation{id=DefaultOperationId{id=write, type=COMMAND}, value=byte[]{length=17, hash=-1644578928}}}}
02:19:39.025 [raft-server-1] TRACE i.a.p.raft.roles.LeaderAppender - RaftServer{1} - Received AppendResponse{status=OK, term=1, succeeded=true, lastLogIndex=20} from 2
02:19:39.025 [raft-server-1] TRACE i.a.p.raft.roles.LeaderAppender - RaftServer{1} - Sending AppendRequest{term=1, leader=1, prevLogIndex=20, prevLogTerm=1, entries=1, commitIndex=20} to 2
02:19:39.025 [raft-server-2] TRACE i.a.p.raft.roles.FollowerRole - RaftServer{2}{role=FOLLOWER} - Received AppendRequest{term=1, leader=1, prevLogIndex=20, prevLogTerm=1, entries=1, commitIndex=20}
02:19:39.025 [raft-server-1] TRACE i.a.p.raft.roles.LeaderAppender - RaftServer{1} - Received AppendResponse{status=OK, term=1, succeeded=true, lastLogIndex=20} from 3
02:19:39.026 [raft-server-1] TRACE i.a.p.raft.roles.LeaderAppender - RaftServer{1} - Sending AppendRequest{term=1, leader=1, prevLogIndex=20, prevLogTerm=1, entries=1, commitIndex=20} to 3
02:19:39.026 [raft-server-3] TRACE i.a.p.raft.roles.FollowerRole - RaftServer{3}{role=FOLLOWER} - Received AppendRequest{term=1, leader=1, prevLogIndex=20, prevLogTerm=1, entries=1, commitIndex=20}
02:19:39.082 [raft-server-2] DEBUG i.a.storage.journal.SegmentedJournal - Created disk segment: JournalSegment{id=3, version=1, index=21, size=64}
02:19:39.082 [raft-server-2] TRACE i.a.p.raft.roles.FollowerRole - RaftServer{2}{role=FOLLOWER} - Appended Indexed{index=21, entry=CommandEntry{term=1, timestamp=2018-06-01 02:19:38,585, session=2, sequence=18, operation=PrimitiveOperation{id=DefaultOperationId{id=write, type=COMMAND}, value=byte[]{length=17, hash=-1644578928}}}}
02:19:39.083 [raft-server-2] TRACE i.a.p.raft.roles.FollowerRole - RaftServer{2}{role=FOLLOWER} - Sending AppendResponse{status=OK, term=1, succeeded=true, lastLogIndex=21}
02:19:39.083 [raft-server-1] TRACE i.a.p.raft.roles.LeaderAppender - RaftServer{1} - Received AppendResponse{status=OK, term=1, succeeded=true, lastLogIndex=21} from 2
02:19:39.083 [raft-server-1] TRACE i.a.p.raft.roles.LeaderAppender - RaftServer{1} - Committed entries up to 21
02:19:39.109 [raft-server-3] DEBUG i.a.storage.journal.SegmentedJournal - Created disk segment: JournalSegment{id=3, version=1, index=21, size=64}
02:19:39.109 [raft-server-3] TRACE i.a.p.raft.roles.FollowerRole - RaftServer{3}{role=FOLLOWER} - Appended Indexed{index=21, entry=CommandEntry{term=1, timestamp=2018-06-01 02:19:38,585, session=2, sequence=18, operation=PrimitiveOperation{id=DefaultOperationId{id=write, type=COMMAND}, value=byte[]{length=17, hash=-1644578928}}}}
02:19:39.109 [raft-server-3] TRACE i.a.p.raft.roles.FollowerRole - RaftServer{3}{role=FOLLOWER} - Sending AppendResponse{status=OK, term=1, succeeded=true, lastLogIndex=21}
02:19:39.124 [raft-server-1] TRACE i.a.p.raft.roles.LeaderAppender - RaftServer{1} - Sending AppendRequest{term=1, leader=1, prevLogIndex=21, prevLogTerm=1, entries=0, commitIndex=21} to 2
02:19:39.124 [raft-server-2] TRACE i.a.p.raft.roles.FollowerRole - RaftServer{2}{role=FOLLOWER} - Received AppendRequest{term=1, leader=1, prevLogIndex=21, prevLogTerm=1, entries=0, commitIndex=21}
02:19:39.124 [raft-server-1] TRACE i.a.p.raft.roles.LeaderAppender - RaftServer{1} - Received AppendResponse{status=OK, term=1, succeeded=true, lastLogIndex=21} from 3
02:19:39.124 [raft-server-1] TRACE i.a.p.raft.roles.LeaderAppender - RaftServer{1} - Sending AppendRequest{term=1, leader=1, prevLogIndex=21, prevLogTerm=1, entries=0, commitIndex=21} to 3
02:19:39.124 [raft-server-3] TRACE i.a.p.raft.roles.FollowerRole - RaftServer{3}{role=FOLLOWER} - Received AppendRequest{term=1, leader=1, prevLogIndex=21, prevLogTerm=1, entries=0, commitIndex=21}
02:19:39.125 [raft-server-1-state] TRACE i.a.p.raft.impl.RaftServiceManager - RaftServer{1} - Applying Indexed{index=21, entry=CommandEntry{term=1, timestamp=2018-06-01 02:19:38,585, session=2, sequence=18, operation=PrimitiveOperation{id=DefaultOperationId{id=write, type=COMMAND}, value=byte[]{length=17, hash=-1644578928}}}}
02:19:39.125 [raft-server-1-state] TRACE i.a.p.s.impl.DefaultServiceExecutor - PrimitiveService{2}{type=PrimitiveType{name=test}, name=test} - Executing DefaultCommit{index=21, session=RaftSession{RaftServiceContext{server=1, type=PrimitiveType{name=test}, name=test, id=2}, session=2, timestamp=2018-06-01 02:19:38,585}, time=2018-06-01 02:19:38,585, operation=DefaultOperationId{id=write, type=COMMAND}, value=byte[]{length=17, hash=-1644578928}}
02:19:39.125 [raft-server-1-state] TRACE i.a.protocols.raft.roles.LeaderRole - RaftServer{1}{role=LEADER} - Sending CommandResponse{status=OK, index=21, eventIndex=2, result=byte[]{length=2, hash=1282}}
02:19:39.125 [raft-client-8d1a11e6-024d-41c6-816f-7d36669ce782-6] TRACE i.a.p.r.p.impl.RaftProxyConnection - PartitionProxy{2}{type=PrimitiveType{name=test}, name=test} - Received CommandResponse{status=OK, index=21, eventIndex=2, result=byte[]{length=2, hash=1282}} from 1
02:19:39.125 [raft-client-8d1a11e6-024d-41c6-816f-7d36669ce782-6] TRACE i.a.p.r.p.impl.RaftProxySequencer - PartitionProxy{2}{type=PrimitiveType{name=test}, name=test} - Completing response CommandResponse{status=OK, index=21, eventIndex=2, result=byte[]{length=2, hash=1282}}
02:19:39.126 [raft-client-8d1a11e6-024d-41c6-816f-7d36669ce782-1] TRACE i.a.p.r.p.impl.RaftProxyConnection - PartitionProxy{2}{type=PrimitiveType{name=test}, name=test} - Sending CommandRequest{session=2, sequence=19, operation=PrimitiveOperation{id=DefaultOperationId{id=write, type=COMMAND}, value=byte[]{length=17, hash=-1644578928}}} to 1
02:19:39.127 [raft-server-1] TRACE i.a.protocols.raft.roles.LeaderRole - RaftServer{1}{role=LEADER} - Received CommandRequest{session=2, sequence=19, operation=PrimitiveOperation{id=DefaultOperationId{id=write, type=COMMAND}, value=byte[]{length=17, hash=-1644578928}}}
02:19:39.127 [raft-server-1] TRACE i.a.protocols.raft.roles.LeaderRole - RaftServer{1}{role=LEADER} - Appended Indexed{index=22, entry=CommandEntry{term=1, timestamp=2018-06-01 02:19:39,127, session=2, sequence=19, operation=PrimitiveOperation{id=DefaultOperationId{id=write, type=COMMAND}, value=byte[]{length=17, hash=-1644578928}}}}
02:19:39.157 [raft-server-2] TRACE i.a.p.raft.roles.FollowerRole - RaftServer{2}{role=FOLLOWER} - Committed entries up to index 21
02:19:39.157 [raft-server-2] TRACE i.a.p.raft.roles.FollowerRole - RaftServer{2}{role=FOLLOWER} - Sending AppendResponse{status=OK, term=1, succeeded=true, lastLogIndex=21}
02:19:39.157 [raft-server-1] TRACE i.a.p.raft.roles.LeaderAppender - RaftServer{1} - Received AppendResponse{status=OK, term=1, succeeded=true, lastLogIndex=21} from 2
02:19:39.157 [raft-server-1] TRACE i.a.p.raft.roles.LeaderAppender - RaftServer{1} - Sending AppendRequest{term=1, leader=1, prevLogIndex=21, prevLogTerm=1, entries=1, commitIndex=21} to 2
02:19:39.157 [raft-server-2-state] TRACE i.a.p.raft.impl.RaftServiceManager - RaftServer{2} - Applying Indexed{index=21, entry=CommandEntry{term=1, timestamp=2018-06-01 02:19:38,585, session=2, sequence=18, operation=PrimitiveOperation{id=DefaultOperationId{id=write, type=COMMAND}, value=byte[]{length=17, hash=-1644578928}}}}
02:19:39.158 [raft-server-2] TRACE i.a.p.raft.roles.FollowerRole - RaftServer{2}{role=FOLLOWER} - Received AppendRequest{term=1, leader=1, prevLogIndex=21, prevLogTerm=1, entries=1, commitIndex=21}
02:19:39.158 [raft-server-2-state] TRACE i.a.p.s.impl.DefaultServiceExecutor - PrimitiveService{2}{type=PrimitiveType{name=test}, name=test} - Executing DefaultCommit{index=21, session=RaftSession{RaftServiceContext{server=2, type=PrimitiveType{name=test}, name=test, id=2}, session=2, timestamp=2018-06-01 02:19:38,585}, time=2018-06-01 02:19:38,585, operation=DefaultOperationId{id=write, type=COMMAND}, value=byte[]{length=17, hash=-1644578928}}
02:19:39.158 [raft-server-2] TRACE i.a.p.raft.roles.FollowerRole - RaftServer{2}{role=FOLLOWER} - Appended Indexed{index=22, entry=CommandEntry{term=1, timestamp=2018-06-01 02:19:39,127, session=2, sequence=19, operation=PrimitiveOperation{id=DefaultOperationId{id=write, type=COMMAND}, value=byte[]{length=17, hash=-1644578928}}}}
02:19:39.158 [raft-server-2] TRACE i.a.p.raft.roles.FollowerRole - RaftServer{2}{role=FOLLOWER} - Sending AppendResponse{status=OK, term=1, succeeded=true, lastLogIndex=22}
02:19:39.158 [raft-server-1] TRACE i.a.p.raft.roles.LeaderAppender - RaftServer{1} - Received AppendResponse{status=OK, term=1, succeeded=true, lastLogIndex=22} from 2
02:19:39.158 [raft-server-1] TRACE i.a.p.raft.roles.LeaderAppender - RaftServer{1} - Committed entries up to 22
02:19:39.180 [raft-server-3] TRACE i.a.p.raft.roles.FollowerRole - RaftServer{3}{role=FOLLOWER} - Committed entries up to index 21
02:19:39.181 [raft-server-3] TRACE i.a.p.raft.roles.FollowerRole - RaftServer{3}{role=FOLLOWER} - Sending AppendResponse{status=OK, term=1, succeeded=true, lastLogIndex=21}
02:19:39.181 [raft-server-3-state] TRACE i.a.p.raft.impl.RaftServiceManager - RaftServer{3} - Applying Indexed{index=21, entry=CommandEntry{term=1, timestamp=2018-06-01 02:19:38,585, session=2, sequence=18, operation=PrimitiveOperation{id=DefaultOperationId{id=write, type=COMMAND}, value=byte[]{length=17, hash=-1644578928}}}}
02:19:39.181 [raft-server-3-state] TRACE i.a.p.s.impl.DefaultServiceExecutor - PrimitiveService{2}{type=PrimitiveType{name=test}, name=test} - Executing DefaultCommit{index=21, session=RaftSession{RaftServiceContext{server=3, type=PrimitiveType{name=test}, name=test, id=2}, session=2, timestamp=2018-06-01 02:19:38,585}, time=2018-06-01 02:19:38,585, operation=DefaultOperationId{id=write, type=COMMAND}, value=byte[]{length=17, hash=-1644578928}}
02:19:39.206 [raft-server-1] TRACE i.a.p.raft.roles.LeaderAppender - RaftServer{1} - Received AppendResponse{status=OK, term=1, succeeded=true, lastLogIndex=21} from 3
02:19:39.206 [raft-server-1] TRACE i.a.p.raft.roles.LeaderAppender - RaftServer{1} - Sending AppendRequest{term=1, leader=1, prevLogIndex=21, prevLogTerm=1, entries=1, commitIndex=22} to 3
02:19:39.206 [raft-server-3] TRACE i.a.p.raft.roles.FollowerRole - RaftServer{3}{role=FOLLOWER} - Received AppendRequest{term=1, leader=1, prevLogIndex=21, prevLogTerm=1, entries=1, commitIndex=22}
02:19:39.206 [raft-server-1-state] TRACE i.a.p.raft.impl.RaftServiceManager - RaftServer{1} - Applying Indexed{index=22, entry=CommandEntry{term=1, timestamp=2018-06-01 02:19:39,127, session=2, sequence=19, operation=PrimitiveOperation{id=DefaultOperationId{id=write, type=COMMAND}, value=byte[]{length=17, hash=-1644578928}}}}
02:19:39.206 [raft-server-3] TRACE i.a.p.raft.roles.FollowerRole - RaftServer{3}{role=FOLLOWER} - Appended Indexed{index=22, entry=CommandEntry{term=1, timestamp=2018-06-01 02:19:39,127, session=2, sequence=19, operation=PrimitiveOperation{id=DefaultOperationId{id=write, type=COMMAND}, value=byte[]{length=17, hash=-1644578928}}}}
02:19:39.206 [raft-server-1-state] TRACE i.a.p.s.impl.DefaultServiceExecutor - PrimitiveService{2}{type=PrimitiveType{name=test}, name=test} - Executing DefaultCommit{index=22, session=RaftSession{RaftServiceContext{server=1, type=PrimitiveType{name=test}, name=test, id=2}, session=2, timestamp=2018-06-01 02:19:39,127}, time=2018-06-01 02:19:39,127, operation=DefaultOperationId{id=write, type=COMMAND}, value=byte[]{length=17, hash=-1644578928}}
02:19:39.207 [raft-server-1-state] TRACE i.a.protocols.raft.roles.LeaderRole - RaftServer{1}{role=LEADER} - Sending CommandResponse{status=OK, index=22, eventIndex=2, result=byte[]{length=2, hash=1284}}
02:19:39.207 [raft-client-8d1a11e6-024d-41c6-816f-7d36669ce782-7] TRACE i.a.p.r.p.impl.RaftProxyConnection - PartitionProxy{2}{type=PrimitiveType{name=test}, name=test} - Received CommandResponse{status=OK, index=22, eventIndex=2, result=byte[]{length=2, hash=1284}} from 1
02:19:39.207 [raft-client-8d1a11e6-024d-41c6-816f-7d36669ce782-7] TRACE i.a.p.r.p.impl.RaftProxySequencer - PartitionProxy{2}{type=PrimitiveType{name=test}, name=test} - Completing response CommandResponse{status=OK, index=22, eventIndex=2, result=byte[]{length=2, hash=1284}}
02:19:39.207 [raft-client-8d1a11e6-024d-41c6-816f-7d36669ce782-3] TRACE i.a.p.r.p.impl.RaftProxyConnection - PartitionProxy{2}{type=PrimitiveType{name=test}, name=test} - Sending CommandRequest{session=2, sequence=20, operation=PrimitiveOperation{id=DefaultOperationId{id=write, type=COMMAND}, value=byte[]{length=17, hash=-1644578928}}} to 1
02:19:39.208 [raft-server-1] TRACE i.a.protocols.raft.roles.LeaderRole - RaftServer{1}{role=LEADER} - Received CommandRequest{session=2, sequence=20, operation=PrimitiveOperation{id=DefaultOperationId{id=write, type=COMMAND}, value=byte[]{length=17, hash=-1644578928}}}
02:19:39.208 [raft-server-1] TRACE i.a.protocols.raft.roles.LeaderRole - RaftServer{1}{role=LEADER} - Appended Indexed{index=23, entry=CommandEntry{term=1, timestamp=2018-06-01 02:19:39,208, session=2, sequence=20, operation=PrimitiveOperation{id=DefaultOperationId{id=write, type=COMMAND}, value=byte[]{length=17, hash=-1644578928}}}}
02:19:39.208 [raft-server-1] TRACE i.a.p.raft.roles.LeaderAppender - RaftServer{1} - Sending AppendRequest{term=1, leader=1, prevLogIndex=22, prevLogTerm=1, entries=1, commitIndex=22} to 2
02:19:39.208 [raft-server-2] TRACE i.a.p.raft.roles.FollowerRole - RaftServer{2}{role=FOLLOWER} - Received AppendRequest{term=1, leader=1, prevLogIndex=22, prevLogTerm=1, entries=1, commitIndex=22}
02:19:39.209 [raft-server-2] TRACE i.a.p.raft.roles.FollowerRole - RaftServer{2}{role=FOLLOWER} - Appended Indexed{index=23, entry=CommandEntry{term=1, timestamp=2018-06-01 02:19:39,208, session=2, sequence=20, operation=PrimitiveOperation{id=DefaultOperationId{id=write, type=COMMAND}, value=byte[]{length=17, hash=-1644578928}}}}
02:19:39.247 [raft-server-3] TRACE i.a.p.raft.roles.FollowerRole - RaftServer{3}{role=FOLLOWER} - Committed entries up to index 22
02:19:39.247 [raft-server-3] TRACE i.a.p.raft.roles.FollowerRole - RaftServer{3}{role=FOLLOWER} - Sending AppendResponse{status=OK, term=1, succeeded=true, lastLogIndex=22}
02:19:39.248 [raft-server-1] TRACE i.a.p.raft.roles.LeaderAppender - RaftServer{1} - Received AppendResponse{status=OK, term=1, succeeded=true, lastLogIndex=22} from 3
02:19:39.248 [raft-server-1] TRACE i.a.p.raft.roles.LeaderAppender - RaftServer{1} - Sending AppendRequest{term=1, leader=1, prevLogIndex=22, prevLogTerm=1, entries=1, commitIndex=22} to 3
02:19:39.248 [raft-server-3-state] TRACE i.a.p.raft.impl.RaftServiceManager - RaftServer{3} - Applying Indexed{index=22, entry=CommandEntry{term=1, timestamp=2018-06-01 02:19:39,127, session=2, sequence=19, operation=PrimitiveOperation{id=DefaultOperationId{id=write, type=COMMAND}, value=byte[]{length=17, hash=-1644578928}}}}
02:19:39.248 [raft-server-3] TRACE i.a.p.raft.roles.FollowerRole - RaftServer{3}{role=FOLLOWER} - Received AppendRequest{term=1, leader=1, prevLogIndex=22, prevLogTerm=1, entries=1, commitIndex=22}
02:19:39.248 [raft-server-3-state] TRACE i.a.p.s.impl.DefaultServiceExecutor - PrimitiveService{2}{type=PrimitiveType{name=test}, name=test} - Executing DefaultCommit{index=22, session=RaftSession{RaftServiceContext{server=3, type=PrimitiveType{name=test}, name=test, id=2}, session=2, timestamp=2018-06-01 02:19:39,127}, time=2018-06-01 02:19:39,127, operation=DefaultOperationId{id=write, type=COMMAND}, value=byte[]{length=17, hash=-1644578928}}
02:19:39.248 [raft-server-3] TRACE i.a.p.raft.roles.FollowerRole - RaftServer{3}{role=FOLLOWER} - Appended Indexed{index=23, entry=CommandEntry{term=1, timestamp=2018-06-01 02:19:39,208, session=2, sequence=20, operation=PrimitiveOperation{id=DefaultOperationId{id=write, type=COMMAND}, value=byte[]{length=17, hash=-1644578928}}}}
02:19:39.248 [raft-server-3] TRACE i.a.p.raft.roles.FollowerRole - RaftServer{3}{role=FOLLOWER} - Sending AppendResponse{status=OK, term=1, succeeded=true, lastLogIndex=23}
02:19:39.249 [raft-server-1] TRACE i.a.p.raft.roles.LeaderAppender - RaftServer{1} - Received AppendResponse{status=OK, term=1, succeeded=true, lastLogIndex=23} from 3
02:19:39.249 [raft-server-1] TRACE i.a.p.raft.roles.LeaderAppender - RaftServer{1} - Committed entries up to 23
02:19:39.282 [raft-server-2] TRACE i.a.p.raft.roles.FollowerRole - RaftServer{2}{role=FOLLOWER} - Committed entries up to index 22
02:19:39.282 [raft-server-2] TRACE i.a.p.raft.roles.FollowerRole - RaftServer{2}{role=FOLLOWER} - Sending AppendResponse{status=OK, term=1, succeeded=true, lastLogIndex=23}
02:19:39.283 [raft-server-2-state] TRACE i.a.p.raft.impl.RaftServiceManager - RaftServer{2} - Applying Indexed{index=22, entry=CommandEntry{term=1, timestamp=2018-06-01 02:19:39,127, session=2, sequence=19, operation=PrimitiveOperation{id=DefaultOperationId{id=write, type=COMMAND}, value=byte[]{length=17, hash=-1644578928}}}}
02:19:39.283 [raft-server-2-state] TRACE i.a.p.s.impl.DefaultServiceExecutor - PrimitiveService{2}{type=PrimitiveType{name=test}, name=test} - Executing DefaultCommit{index=22, session=RaftSession{RaftServiceContext{server=2, type=PrimitiveType{name=test}, name=test, id=2}, session=2, timestamp=2018-06-01 02:19:39,127}, time=2018-06-01 02:19:39,127, operation=DefaultOperationId{id=write, type=COMMAND}, value=byte[]{length=17, hash=-1644578928}}
02:19:39.306 [raft-server-1] TRACE i.a.p.raft.roles.LeaderAppender - RaftServer{1} - Received AppendResponse{status=OK, term=1, succeeded=true, lastLogIndex=23} from 2
02:19:39.306 [raft-server-1-state] TRACE i.a.p.raft.impl.RaftServiceManager - RaftServer{1} - Applying Indexed{index=23, entry=CommandEntry{term=1, timestamp=2018-06-01 02:19:39,208, session=2, sequence=20, operation=PrimitiveOperation{id=DefaultOperationId{id=write, type=COMMAND}, value=byte[]{length=17, hash=-1644578928}}}}
02:19:39.306 [raft-server-1-state] TRACE i.a.p.s.impl.DefaultServiceExecutor - PrimitiveService{2}{type=PrimitiveType{name=test}, name=test} - Executing DefaultCommit{index=23, session=RaftSession{RaftServiceContext{server=1, type=PrimitiveType{name=test}, name=test, id=2}, session=2, timestamp=2018-06-01 02:19:39,208}, time=2018-06-01 02:19:39,208, operation=DefaultOperationId{id=write, type=COMMAND}, value=byte[]{length=17, hash=-1644578928}}
02:19:39.307 [raft-server-1-state] TRACE i.a.protocols.raft.roles.LeaderRole - RaftServer{1}{role=LEADER} - Sending CommandResponse{status=OK, index=23, eventIndex=2, result=byte[]{length=2, hash=1286}}
02:19:39.307 [raft-client-8d1a11e6-024d-41c6-816f-7d36669ce782-0] TRACE i.a.p.r.p.impl.RaftProxyConnection - PartitionProxy{2}{type=PrimitiveType{name=test}, name=test} - Received CommandResponse{status=OK, index=23, eventIndex=2, result=byte[]{length=2, hash=1286}} from 1
02:19:39.307 [raft-client-8d1a11e6-024d-41c6-816f-7d36669ce782-0] TRACE i.a.p.r.p.impl.RaftProxySequencer - PartitionProxy{2}{type=PrimitiveType{name=test}, name=test} - Completing response CommandResponse{status=OK, index=23, eventIndex=2, result=byte[]{length=2, hash=1286}}
02:19:39.308 [raft-client-8d1a11e6-024d-41c6-816f-7d36669ce782-7] TRACE i.a.p.r.p.impl.RaftProxyConnection - PartitionProxy{2}{type=PrimitiveType{name=test}, name=test} - Sending CommandRequest{session=2, sequence=21, operation=PrimitiveOperation{id=DefaultOperationId{id=write, type=COMMAND}, value=byte[]{length=17, hash=-1644578928}}} to 1
02:19:39.308 [raft-server-1] TRACE i.a.protocols.raft.roles.LeaderRole - RaftServer{1}{role=LEADER} - Received CommandRequest{session=2, sequence=21, operation=PrimitiveOperation{id=DefaultOperationId{id=write, type=COMMAND}, value=byte[]{length=17, hash=-1644578928}}}
02:19:39.308 [raft-server-1] TRACE i.a.protocols.raft.roles.LeaderRole - RaftServer{1}{role=LEADER} - Appended Indexed{index=24, entry=CommandEntry{term=1, timestamp=2018-06-01 02:19:39,308, session=2, sequence=21, operation=PrimitiveOperation{id=DefaultOperationId{id=write, type=COMMAND}, value=byte[]{length=17, hash=-1644578928}}}}
02:19:39.308 [raft-server-1] TRACE i.a.p.raft.roles.LeaderAppender - RaftServer{1} - Sending AppendRequest{term=1, leader=1, prevLogIndex=23, prevLogTerm=1, entries=1, commitIndex=23} to 2
02:19:39.309 [raft-server-1] TRACE i.a.p.raft.roles.LeaderAppender - RaftServer{1} - Sending AppendRequest{term=1, leader=1, prevLogIndex=23, prevLogTerm=1, entries=1, commitIndex=23} to 3
02:19:39.309 [raft-server-2] TRACE i.a.p.raft.roles.FollowerRole - RaftServer{2}{role=FOLLOWER} - Received AppendRequest{term=1, leader=1, prevLogIndex=23, prevLogTerm=1, entries=1, commitIndex=23}
02:19:39.309 [raft-server-3] TRACE i.a.p.raft.roles.FollowerRole - RaftServer{3}{role=FOLLOWER} - Received AppendRequest{term=1, leader=1, prevLogIndex=23, prevLogTerm=1, entries=1, commitIndex=23}
02:19:39.309 [raft-server-2] TRACE i.a.p.raft.roles.FollowerRole - RaftServer{2}{role=FOLLOWER} - Appended Indexed{index=24, entry=CommandEntry{term=1, timestamp=2018-06-01 02:19:39,308, session=2, sequence=21, operation=PrimitiveOperation{id=DefaultOperationId{id=write, type=COMMAND}, value=byte[]{length=17, hash=-1644578928}}}}
02:19:39.309 [raft-server-3] TRACE i.a.p.raft.roles.FollowerRole - RaftServer{3}{role=FOLLOWER} - Appended Indexed{index=24, entry=CommandEntry{term=1, timestamp=2018-06-01 02:19:39,308, session=2, sequence=21, operation=PrimitiveOperation{id=DefaultOperationId{id=write, type=COMMAND}, value=byte[]{length=17, hash=-1644578928}}}}
02:19:39.340 [raft-server-2] TRACE i.a.p.raft.roles.FollowerRole - RaftServer{2}{role=FOLLOWER} - Committed entries up to index 23
02:19:39.340 [raft-server-3] TRACE i.a.p.raft.roles.FollowerRole - RaftServer{3}{role=FOLLOWER} - Committed entries up to index 23
02:19:39.340 [raft-server-2] TRACE i.a.p.raft.roles.FollowerRole - RaftServer{2}{role=FOLLOWER} - Sending AppendResponse{status=OK, term=1, succeeded=true, lastLogIndex=24}
02:19:39.341 [raft-server-3] TRACE i.a.p.raft.roles.FollowerRole - RaftServer{3}{role=FOLLOWER} - Sending AppendResponse{status=OK, term=1, succeeded=true, lastLogIndex=24}
02:19:39.341 [raft-server-1] TRACE i.a.p.raft.roles.LeaderAppender - RaftServer{1} - Received AppendResponse{status=OK, term=1, succeeded=true, lastLogIndex=24} from 2
02:19:39.341 [raft-server-1] TRACE i.a.p.raft.roles.LeaderAppender - RaftServer{1} - Committed entries up to 24
02:19:39.341 [raft-server-3-state] TRACE i.a.p.raft.impl.RaftServiceManager - RaftServer{3} - Applying Indexed{index=23, entry=CommandEntry{term=1, timestamp=2018-06-01 02:19:39,208, session=2, sequence=20, operation=PrimitiveOperation{id=DefaultOperationId{id=write, type=COMMAND}, value=byte[]{length=17, hash=-1644578928}}}}
02:19:39.341 [raft-server-2-state] TRACE i.a.p.raft.impl.RaftServiceManager - RaftServer{2} - Applying Indexed{index=23, entry=CommandEntry{term=1, timestamp=2018-06-01 02:19:39,208, session=2, sequence=20, operation=PrimitiveOperation{id=DefaultOperationId{id=write, type=COMMAND}, value=byte[]{length=17, hash=-1644578928}}}}
02:19:39.341 [raft-server-3-state] TRACE i.a.p.s.impl.DefaultServiceExecutor - PrimitiveService{2}{type=PrimitiveType{name=test}, name=test} - Executing DefaultCommit{index=23, session=RaftSession{RaftServiceContext{server=3, type=PrimitiveType{name=test}, name=test, id=2}, session=2, timestamp=2018-06-01 02:19:39,208}, time=2018-06-01 02:19:39,208, operation=DefaultOperationId{id=write, type=COMMAND}, value=byte[]{length=17, hash=-1644578928}}
02:19:39.341 [raft-server-2-state] TRACE i.a.p.s.impl.DefaultServiceExecutor - PrimitiveService{2}{type=PrimitiveType{name=test}, name=test} - Executing DefaultCommit{index=23, session=RaftSession{RaftServiceContext{server=2, type=PrimitiveType{name=test}, name=test, id=2}, session=2, timestamp=2018-06-01 02:19:39,208}, time=2018-06-01 02:19:39,208, operation=DefaultOperationId{id=write, type=COMMAND}, value=byte[]{length=17, hash=-1644578928}}
02:19:39.374 [raft-server-1] TRACE i.a.p.raft.roles.LeaderAppender - RaftServer{1} - Received AppendResponse{status=OK, term=1, succeeded=true, lastLogIndex=24} from 3
02:19:39.374 [raft-server-1-state] TRACE i.a.p.raft.impl.RaftServiceManager - RaftServer{1} - Applying Indexed{index=24, entry=CommandEntry{term=1, timestamp=2018-06-01 02:19:39,308, session=2, sequence=21, operation=PrimitiveOperation{id=DefaultOperationId{id=write, type=COMMAND}, value=byte[]{length=17, hash=-1644578928}}}}
02:19:39.374 [raft-server-1-state] TRACE i.a.p.s.impl.DefaultServiceExecutor - PrimitiveService{2}{type=PrimitiveType{name=test}, name=test} - Executing DefaultCommit{index=24, session=RaftSession{RaftServiceContext{server=1, type=PrimitiveType{name=test}, name=test, id=2}, session=2, timestamp=2018-06-01 02:19:39,308}, time=2018-06-01 02:19:39,308, operation=DefaultOperationId{id=write, type=COMMAND}, value=byte[]{length=17, hash=-1644578928}}
02:19:39.375 [raft-server-1-state] TRACE i.a.protocols.raft.roles.LeaderRole - RaftServer{1}{role=LEADER} - Sending CommandResponse{status=OK, index=24, eventIndex=2, result=byte[]{length=2, hash=1288}}
02:19:39.375 [raft-client-8d1a11e6-024d-41c6-816f-7d36669ce782-6] TRACE i.a.p.r.p.impl.RaftProxyConnection - PartitionProxy{2}{type=PrimitiveType{name=test}, name=test} - Received CommandResponse{status=OK, index=24, eventIndex=2, result=byte[]{length=2, hash=1288}} from 1
02:19:39.375 [raft-client-8d1a11e6-024d-41c6-816f-7d36669ce782-6] TRACE i.a.p.r.p.impl.RaftProxySequencer - PartitionProxy{2}{type=PrimitiveType{name=test}, name=test} - Completing response CommandResponse{status=OK, index=24, eventIndex=2, result=byte[]{length=2, hash=1288}}
02:19:39.376 [raft-client-8d1a11e6-024d-41c6-816f-7d36669ce782-2] TRACE i.a.p.r.p.impl.RaftProxyConnection - PartitionProxy{2}{type=PrimitiveType{name=test}, name=test} - Sending CommandRequest{session=2, sequence=22, operation=PrimitiveOperation{id=DefaultOperationId{id=write, type=COMMAND}, value=byte[]{length=17, hash=-1644578928}}} to 1
02:19:39.376 [raft-server-1] TRACE i.a.protocols.raft.roles.LeaderRole - RaftServer{1}{role=LEADER} - Received CommandRequest{session=2, sequence=22, operation=PrimitiveOperation{id=DefaultOperationId{id=write, type=COMMAND}, value=byte[]{length=17, hash=-1644578928}}}
02:19:39.376 [raft-server-1] TRACE i.a.protocols.raft.roles.LeaderRole - RaftServer{1}{role=LEADER} - Appended Indexed{index=25, entry=CommandEntry{term=1, timestamp=2018-06-01 02:19:39,376, session=2, sequence=22, operation=PrimitiveOperation{id=DefaultOperationId{id=write, type=COMMAND}, value=byte[]{length=17, hash=-1644578928}}}}
02:19:39.376 [raft-server-1] TRACE i.a.p.raft.roles.LeaderAppender - RaftServer{1} - Sending AppendRequest{term=1, leader=1, prevLogIndex=24, prevLogTerm=1, entries=1, commitIndex=24} to 2
02:19:39.377 [raft-server-2] TRACE i.a.p.raft.roles.FollowerRole - RaftServer{2}{role=FOLLOWER} - Received AppendRequest{term=1, leader=1, prevLogIndex=24, prevLogTerm=1, entries=1, commitIndex=24}
02:19:39.377 [raft-server-1] TRACE i.a.p.raft.roles.LeaderAppender - RaftServer{1} - Sending AppendRequest{term=1, leader=1, prevLogIndex=24, prevLogTerm=1, entries=1, commitIndex=24} to 3
02:19:39.377 [raft-server-3] TRACE i.a.p.raft.roles.FollowerRole - RaftServer{3}{role=FOLLOWER} - Received AppendRequest{term=1, leader=1, prevLogIndex=24, prevLogTerm=1, entries=1, commitIndex=24}
02:19:39.377 [raft-server-2] TRACE i.a.p.raft.roles.FollowerRole - RaftServer{2}{role=FOLLOWER} - Appended Indexed{index=25, entry=CommandEntry{term=1, timestamp=2018-06-01 02:19:39,376, session=2, sequence=22, operation=PrimitiveOperation{id=DefaultOperationId{id=write, type=COMMAND}, value=byte[]{length=17, hash=-1644578928}}}}
02:19:39.377 [raft-server-3] TRACE i.a.p.raft.roles.FollowerRole - RaftServer{3}{role=FOLLOWER} - Appended Indexed{index=25, entry=CommandEntry{term=1, timestamp=2018-06-01 02:19:39,376, session=2, sequence=22, operation=PrimitiveOperation{id=DefaultOperationId{id=write, type=COMMAND}, value=byte[]{length=17, hash=-1644578928}}}}
02:19:39.427 [raft-client-8d1a11e6-024d-41c6-816f-7d36669ce782-3] TRACE i.a.p.r.proxy.impl.RaftProxyManager - RaftClient{8d1a11e6-024d-41c6-816f-7d36669ce782} - Keeping 1 sessions alive
02:19:39.427 [raft-client-8d1a11e6-024d-41c6-816f-7d36669ce782-3] TRACE i.a.p.r.p.impl.RaftProxyConnection - RaftClient{8d1a11e6-024d-41c6-816f-7d36669ce782} - Sending KeepAliveRequest{sessionIds=long[]{length=1, hash=33}, commandSequences=long[]{length=1, hash=52}, eventIndexes=long[]{length=1, hash=33}} to 1
02:19:39.427 [raft-server-1] TRACE i.a.protocols.raft.roles.LeaderRole - RaftServer{1}{role=LEADER} - Received KeepAliveRequest{sessionIds=long[]{length=1, hash=33}, commandSequences=long[]{length=1, hash=52}, eventIndexes=long[]{length=1, hash=33}}
02:19:39.428 [raft-server-1] TRACE i.a.protocols.raft.roles.LeaderRole - RaftServer{1}{role=LEADER} - Appended Indexed{index=26, entry=KeepAliveEntry{term=1, timestamp=2018-06-01 02:19:39,427, sessionIds=long[]{length=1, hash=33}, commandSequences=long[]{length=1, hash=52}, eventIndexes=long[]{length=1, hash=33}}}
02:19:39.428 [raft-server-1] TRACE i.a.p.raft.roles.LeaderAppender - RaftServer{1} - Sending AppendRequest{term=1, leader=1, prevLogIndex=25, prevLogTerm=1, entries=1, commitIndex=24} to 2
02:19:39.428 [raft-server-1] TRACE i.a.p.raft.roles.LeaderAppender - RaftServer{1} - Sending AppendRequest{term=1, leader=1, prevLogIndex=25, prevLogTerm=1, entries=1, commitIndex=24} to 3
02:19:39.457 [raft-server-2] TRACE i.a.p.raft.roles.FollowerRole - RaftServer{2}{role=FOLLOWER} - Committed entries up to index 24
02:19:39.457 [raft-server-2] TRACE i.a.p.raft.roles.FollowerRole - RaftServer{2}{role=FOLLOWER} - Sending AppendResponse{status=OK, term=1, succeeded=true, lastLogIndex=25}
02:19:39.457 [raft-server-2] TRACE i.a.p.raft.roles.FollowerRole - RaftServer{2}{role=FOLLOWER} - Received AppendRequest{term=1, leader=1, prevLogIndex=25, prevLogTerm=1, entries=1, commitIndex=24}
02:19:39.457 [raft-server-1] TRACE i.a.p.raft.roles.LeaderAppender - RaftServer{1} - Received AppendResponse{status=OK, term=1, succeeded=true, lastLogIndex=25} from 2
02:19:39.458 [raft-server-1] TRACE i.a.p.raft.roles.LeaderAppender - RaftServer{1} - Committed entries up to 25
02:19:39.458 [raft-server-2] TRACE i.a.p.raft.roles.FollowerRole - RaftServer{2}{role=FOLLOWER} - Appended Indexed{index=26, entry=KeepAliveEntry{term=1, timestamp=2018-06-01 02:19:39,427, sessionIds=long[]{length=1, hash=33}, commandSequences=long[]{length=1, hash=52}, eventIndexes=long[]{length=1, hash=33}}}
02:19:39.458 [raft-server-2] TRACE i.a.p.raft.roles.FollowerRole - RaftServer{2}{role=FOLLOWER} - Sending AppendResponse{status=OK, term=1, succeeded=true, lastLogIndex=26}
02:19:39.458 [raft-server-2-state] TRACE i.a.p.raft.impl.RaftServiceManager - RaftServer{2} - Applying Indexed{index=24, entry=CommandEntry{term=1, timestamp=2018-06-01 02:19:39,308, session=2, sequence=21, operation=PrimitiveOperation{id=DefaultOperationId{id=write, type=COMMAND}, value=byte[]{length=17, hash=-1644578928}}}}
02:19:39.458 [raft-server-2-state] TRACE i.a.p.s.impl.DefaultServiceExecutor - PrimitiveService{2}{type=PrimitiveType{name=test}, name=test} - Executing DefaultCommit{index=24, session=RaftSession{RaftServiceContext{server=2, type=PrimitiveType{name=test}, name=test, id=2}, session=2, timestamp=2018-06-01 02:19:39,308}, time=2018-06-01 02:19:39,308, operation=DefaultOperationId{id=write, type=COMMAND}, value=byte[]{length=17, hash=-1644578928}}
02:19:39.490 [raft-server-3] TRACE i.a.p.raft.roles.FollowerRole - RaftServer{3}{role=FOLLOWER} - Committed entries up to index 24
02:19:39.491 [raft-server-3] TRACE i.a.p.raft.roles.FollowerRole - RaftServer{3}{role=FOLLOWER} - Sending AppendResponse{status=OK, term=1, succeeded=true, lastLogIndex=25}
02:19:39.491 [raft-server-3] TRACE i.a.p.raft.roles.FollowerRole - RaftServer{3}{role=FOLLOWER} - Received AppendRequest{term=1, leader=1, prevLogIndex=25, prevLogTerm=1, entries=1, commitIndex=24}
02:19:39.491 [raft-server-3] TRACE i.a.p.raft.roles.FollowerRole - RaftServer{3}{role=FOLLOWER} - Appended Indexed{index=26, entry=KeepAliveEntry{term=1, timestamp=2018-06-01 02:19:39,427, sessionIds=long[]{length=1, hash=33}, commandSequences=long[]{length=1, hash=52}, eventIndexes=long[]{length=1, hash=33}}}
02:19:39.491 [raft-server-3] TRACE i.a.p.raft.roles.FollowerRole - RaftServer{3}{role=FOLLOWER} - Sending AppendResponse{status=OK, term=1, succeeded=true, lastLogIndex=26}
02:19:39.491 [raft-server-3-state] TRACE i.a.p.raft.impl.RaftServiceManager - RaftServer{3} - Applying Indexed{index=24, entry=CommandEntry{term=1, timestamp=2018-06-01 02:19:39,308, session=2, sequence=21, operation=PrimitiveOperation{id=DefaultOperationId{id=write, type=COMMAND}, value=byte[]{length=17, hash=-1644578928}}}}
02:19:39.491 [raft-server-3-state] TRACE i.a.p.s.impl.DefaultServiceExecutor - PrimitiveService{2}{type=PrimitiveType{name=test}, name=test} - Executing DefaultCommit{index=24, session=RaftSession{RaftServiceContext{server=3, type=PrimitiveType{name=test}, name=test, id=2}, session=2, timestamp=2018-06-01 02:19:39,308}, time=2018-06-01 02:19:39,308, operation=DefaultOperationId{id=write, type=COMMAND}, value=byte[]{length=17, hash=-1644578928}}
02:19:39.507 [raft-server-1] TRACE i.a.p.raft.roles.LeaderAppender - RaftServer{1} - Received AppendResponse{status=OK, term=1, succeeded=true, lastLogIndex=26} from 2
02:19:39.507 [raft-server-1] TRACE i.a.p.raft.roles.LeaderAppender - RaftServer{1} - Committed entries up to 26
02:19:39.524 [raft-server-1] TRACE i.a.p.raft.roles.LeaderAppender - RaftServer{1} - Sending AppendRequest{term=1, leader=1, prevLogIndex=26, prevLogTerm=1, entries=0, commitIndex=26} to 2
02:19:39.524 [raft-server-1] TRACE i.a.p.raft.roles.LeaderAppender - RaftServer{1} - Received AppendResponse{status=OK, term=1, succeeded=true, lastLogIndex=25} from 3
02:19:39.524 [raft-server-2] TRACE i.a.p.raft.roles.FollowerRole - RaftServer{2}{role=FOLLOWER} - Received AppendRequest{term=1, leader=1, prevLogIndex=26, prevLogTerm=1, entries=0, commitIndex=26}
02:19:39.524 [raft-server-1] TRACE i.a.p.raft.roles.LeaderAppender - RaftServer{1} - Received AppendResponse{status=OK, term=1, succeeded=true, lastLogIndex=26} from 3
02:19:39.525 [raft-server-1] TRACE i.a.p.raft.roles.LeaderAppender - RaftServer{1} - Sending AppendRequest{term=1, leader=1, prevLogIndex=26, prevLogTerm=1, entries=0, commitIndex=26} to 3
02:19:39.525 [raft-server-3] TRACE i.a.p.raft.roles.FollowerRole - RaftServer{3}{role=FOLLOWER} - Received AppendRequest{term=1, leader=1, prevLogIndex=26, prevLogTerm=1, entries=0, commitIndex=26}
02:19:39.525 [raft-server-1-state] TRACE i.a.p.raft.impl.RaftServiceManager - RaftServer{1} - Applying Indexed{index=25, entry=CommandEntry{term=1, timestamp=2018-06-01 02:19:39,376, session=2, sequence=22, operation=PrimitiveOperation{id=DefaultOperationId{id=write, type=COMMAND}, value=byte[]{length=17, hash=-1644578928}}}}
02:19:39.525 [raft-server-1-state] TRACE i.a.p.s.impl.DefaultServiceExecutor - PrimitiveService{2}{type=PrimitiveType{name=test}, name=test} - Executing DefaultCommit{index=25, session=RaftSession{RaftServiceContext{server=1, type=PrimitiveType{name=test}, name=test, id=2}, session=2, timestamp=2018-06-01 02:19:39,376}, time=2018-06-01 02:19:39,376, operation=DefaultOperationId{id=write, type=COMMAND}, value=byte[]{length=17, hash=-1644578928}}
02:19:39.525 [raft-server-1-state] TRACE i.a.protocols.raft.roles.LeaderRole - RaftServer{1}{role=LEADER} - Sending CommandResponse{status=OK, index=25, eventIndex=2, result=byte[]{length=2, hash=1290}}
02:19:39.525 [raft-server-1-state] TRACE i.a.p.raft.impl.RaftServiceManager - RaftServer{1} - Applying Indexed{index=26, entry=KeepAliveEntry{term=1, timestamp=2018-06-01 02:19:39,427, sessionIds=long[]{length=1, hash=33}, commandSequences=long[]{length=1, hash=52}, eventIndexes=long[]{length=1, hash=33}}}
02:19:39.526 [raft-client-8d1a11e6-024d-41c6-816f-7d36669ce782-4] TRACE i.a.p.r.p.impl.RaftProxyConnection - PartitionProxy{2}{type=PrimitiveType{name=test}, name=test} - Received CommandResponse{status=OK, index=25, eventIndex=2, result=byte[]{length=2, hash=1290}} from 1
02:19:39.526 [raft-client-8d1a11e6-024d-41c6-816f-7d36669ce782-4] TRACE i.a.p.r.p.impl.RaftProxySequencer - PartitionProxy{2}{type=PrimitiveType{name=test}, name=test} - Completing response CommandResponse{status=OK, index=25, eventIndex=2, result=byte[]{length=2, hash=1290}}
02:19:39.526 [raft-server-1] TRACE i.a.protocols.raft.roles.LeaderRole - RaftServer{1}{role=LEADER} - Sending KeepAliveResponse{status=OK, leader=1, members=[2, 1, 3], sessionIds=long[]{length=1, hash=33}}
02:19:39.526 [raft-client-8d1a11e6-024d-41c6-816f-7d36669ce782-2] TRACE i.a.p.r.p.impl.RaftProxyConnection - RaftClient{8d1a11e6-024d-41c6-816f-7d36669ce782} - Received KeepAliveResponse{status=OK, leader=1, members=[2, 1, 3], sessionIds=long[]{length=1, hash=33}} from 1
02:19:39.526 [raft-client-8d1a11e6-024d-41c6-816f-7d36669ce782-1] TRACE i.a.p.r.p.impl.RaftProxyConnection - PartitionProxy{2}{type=PrimitiveType{name=test}, name=test} - Sending CommandRequest{session=2, sequence=23, operation=PrimitiveOperation{id=DefaultOperationId{id=write, type=COMMAND}, value=byte[]{length=17, hash=-1644578928}}} to 1
02:19:39.527 [raft-server-1] TRACE i.a.protocols.raft.roles.LeaderRole - RaftServer{1}{role=LEADER} - Received CommandRequest{session=2, sequence=23, operation=PrimitiveOperation{id=DefaultOperationId{id=write, type=COMMAND}, value=byte[]{length=17, hash=-1644578928}}}
02:19:39.527 [raft-server-1] TRACE i.a.protocols.raft.roles.LeaderRole - RaftServer{1}{role=LEADER} - Appended Indexed{index=27, entry=CommandEntry{term=1, timestamp=2018-06-01 02:19:39,527, session=2, sequence=23, operation=PrimitiveOperation{id=DefaultOperationId{id=write, type=COMMAND}, value=byte[]{length=17, hash=-1644578928}}}}
02:19:39.557 [raft-server-2] TRACE i.a.p.raft.roles.FollowerRole - RaftServer{2}{role=FOLLOWER} - Committed entries up to index 26
02:19:39.557 [raft-server-2] TRACE i.a.p.raft.roles.FollowerRole - RaftServer{2}{role=FOLLOWER} - Sending AppendResponse{status=OK, term=1, succeeded=true, lastLogIndex=26}
02:19:39.557 [raft-server-1] TRACE i.a.p.raft.roles.LeaderAppender - RaftServer{1} - Received AppendResponse{status=OK, term=1, succeeded=true, lastLogIndex=26} from 2
02:19:39.557 [raft-server-1] TRACE i.a.p.raft.roles.LeaderAppender - RaftServer{1} - Sending AppendRequest{term=1, leader=1, prevLogIndex=26, prevLogTerm=1, entries=1, commitIndex=26} to 2
02:19:39.557 [raft-server-2-state] TRACE i.a.p.raft.impl.RaftServiceManager - RaftServer{2} - Applying Indexed{index=25, entry=CommandEntry{term=1, timestamp=2018-06-01 02:19:39,376, session=2, sequence=22, operation=PrimitiveOperation{id=DefaultOperationId{id=write, type=COMMAND}, value=byte[]{length=17, hash=-1644578928}}}}
02:19:39.558 [raft-server-2] TRACE i.a.p.raft.roles.FollowerRole - RaftServer{2}{role=FOLLOWER} - Received AppendRequest{term=1, leader=1, prevLogIndex=26, prevLogTerm=1, entries=1, commitIndex=26}
02:19:39.558 [raft-server-2-state] TRACE i.a.p.s.impl.DefaultServiceExecutor - PrimitiveService{2}{type=PrimitiveType{name=test}, name=test} - Executing DefaultCommit{index=25, session=RaftSession{RaftServiceContext{server=2, type=PrimitiveType{name=test}, name=test, id=2}, session=2, timestamp=2018-06-01 02:19:39,376}, time=2018-06-01 02:19:39,376, operation=DefaultOperationId{id=write, type=COMMAND}, value=byte[]{length=17, hash=-1644578928}}
02:19:39.558 [raft-server-2] TRACE i.a.p.raft.roles.FollowerRole - RaftServer{2}{role=FOLLOWER} - Appended Indexed{index=27, entry=CommandEntry{term=1, timestamp=2018-06-01 02:19:39,527, session=2, sequence=23, operation=PrimitiveOperation{id=DefaultOperationId{id=write, type=COMMAND}, value=byte[]{length=17, hash=-1644578928}}}}
02:19:39.558 [raft-server-2-state] TRACE i.a.p.raft.impl.RaftServiceManager - RaftServer{2} - Applying Indexed{index=26, entry=KeepAliveEntry{term=1, timestamp=2018-06-01 02:19:39,427, sessionIds=long[]{length=1, hash=33}, commandSequences=long[]{length=1, hash=52}, eventIndexes=long[]{length=1, hash=33}}}
02:19:39.558 [raft-server-2] TRACE i.a.p.raft.roles.FollowerRole - RaftServer{2}{role=FOLLOWER} - Sending AppendResponse{status=OK, term=1, succeeded=true, lastLogIndex=27}
02:19:39.558 [raft-server-1] TRACE i.a.p.raft.roles.LeaderAppender - RaftServer{1} - Received AppendResponse{status=OK, term=1, succeeded=true, lastLogIndex=27} from 2
02:19:39.558 [raft-server-1] TRACE i.a.p.raft.roles.LeaderAppender - RaftServer{1} - Committed entries up to 27
02:19:39.582 [raft-server-3] TRACE i.a.p.raft.roles.FollowerRole - RaftServer{3}{role=FOLLOWER} - Committed entries up to index 26
02:19:39.582 [raft-server-3] TRACE i.a.p.raft.roles.FollowerRole - RaftServer{3}{role=FOLLOWER} - Sending AppendResponse{status=OK, term=1, succeeded=true, lastLogIndex=26}
02:19:39.582 [raft-server-3-state] TRACE i.a.p.raft.impl.RaftServiceManager - RaftServer{3} - Applying Indexed{index=25, entry=CommandEntry{term=1, timestamp=2018-06-01 02:19:39,376, session=2, sequence=22, operation=PrimitiveOperation{id=DefaultOperationId{id=write, type=COMMAND}, value=byte[]{length=17, hash=-1644578928}}}}
02:19:39.583 [raft-server-3-state] TRACE i.a.p.s.impl.DefaultServiceExecutor - PrimitiveService{2}{type=PrimitiveType{name=test}, name=test} - Executing DefaultCommit{index=25, session=RaftSession{RaftServiceContext{server=3, type=PrimitiveType{name=test}, name=test, id=2}, session=2, timestamp=2018-06-01 02:19:39,376}, time=2018-06-01 02:19:39,376, operation=DefaultOperationId{id=write, type=COMMAND}, value=byte[]{length=17, hash=-1644578928}}
02:19:39.583 [raft-server-3-state] TRACE i.a.p.raft.impl.RaftServiceManager - RaftServer{3} - Applying Indexed{index=26, entry=KeepAliveEntry{term=1, timestamp=2018-06-01 02:19:39,427, sessionIds=long[]{length=1, hash=33}, commandSequences=long[]{length=1, hash=52}, eventIndexes=long[]{length=1, hash=33}}}
02:19:39.599 [raft-server-1] TRACE i.a.p.raft.roles.LeaderAppender - RaftServer{1} - Received AppendResponse{status=OK, term=1, succeeded=true, lastLogIndex=26} from 3
02:19:39.599 [raft-server-1] TRACE i.a.p.raft.roles.LeaderAppender - RaftServer{1} - Sending AppendRequest{term=1, leader=1, prevLogIndex=26, prevLogTerm=1, entries=1, commitIndex=27} to 3
02:19:39.599 [raft-server-3] TRACE i.a.p.raft.roles.FollowerRole - RaftServer{3}{role=FOLLOWER} - Received AppendRequest{term=1, leader=1, prevLogIndex=26, prevLogTerm=1, entries=1, commitIndex=27}
02:19:39.599 [raft-server-1-state] TRACE i.a.p.raft.impl.RaftServiceManager - RaftServer{1} - Applying Indexed{index=27, entry=CommandEntry{term=1, timestamp=2018-06-01 02:19:39,527, session=2, sequence=23, operation=PrimitiveOperation{id=DefaultOperationId{id=write, type=COMMAND}, value=byte[]{length=17, hash=-1644578928}}}}
02:19:39.599 [raft-server-3] TRACE i.a.p.raft.roles.FollowerRole - RaftServer{3}{role=FOLLOWER} - Appended Indexed{index=27, entry=CommandEntry{term=1, timestamp=2018-06-01 02:19:39,527, session=2, sequence=23, operation=PrimitiveOperation{id=DefaultOperationId{id=write, type=COMMAND}, value=byte[]{length=17, hash=-1644578928}}}}
02:19:39.599 [raft-server-1-state] TRACE i.a.p.s.impl.DefaultServiceExecutor - PrimitiveService{2}{type=PrimitiveType{name=test}, name=test} - Executing DefaultCommit{index=27, session=RaftSession{RaftServiceContext{server=1, type=PrimitiveType{name=test}, name=test, id=2}, session=2, timestamp=2018-06-01 02:19:39,527}, time=2018-06-01 02:19:39,527, operation=DefaultOperationId{id=write, type=COMMAND}, value=byte[]{length=17, hash=-1644578928}}
02:19:39.600 [raft-server-1-state] TRACE i.a.protocols.raft.roles.LeaderRole - RaftServer{1}{role=LEADER} - Sending CommandResponse{status=OK, index=27, eventIndex=2, result=byte[]{length=2, hash=1294}}
02:19:39.600 [raft-client-8d1a11e6-024d-41c6-816f-7d36669ce782-7] TRACE i.a.p.r.p.impl.RaftProxyConnection - PartitionProxy{2}{type=PrimitiveType{name=test}, name=test} - Received CommandResponse{status=OK, index=27, eventIndex=2, result=byte[]{length=2, hash=1294}} from 1
02:19:39.600 [raft-client-8d1a11e6-024d-41c6-816f-7d36669ce782-7] TRACE i.a.p.r.p.impl.RaftProxySequencer - PartitionProxy{2}{type=PrimitiveType{name=test}, name=test} - Completing response CommandResponse{status=OK, index=27, eventIndex=2, result=byte[]{length=2, hash=1294}}
02:19:39.601 [raft-client-8d1a11e6-024d-41c6-816f-7d36669ce782-7] TRACE i.a.p.r.p.impl.RaftProxyConnection - PartitionProxy{2}{type=PrimitiveType{name=test}, name=test} - Sending CommandRequest{session=2, sequence=24, operation=PrimitiveOperation{id=DefaultOperationId{id=write, type=COMMAND}, value=byte[]{length=17, hash=-1644578928}}} to 1
02:19:39.601 [raft-server-1] TRACE i.a.protocols.raft.roles.LeaderRole - RaftServer{1}{role=LEADER} - Received CommandRequest{session=2, sequence=24, operation=PrimitiveOperation{id=DefaultOperationId{id=write, type=COMMAND}, value=byte[]{length=17, hash=-1644578928}}}
02:19:39.601 [raft-server-1] TRACE i.a.protocols.raft.roles.LeaderRole - RaftServer{1}{role=LEADER} - Appended Indexed{index=28, entry=CommandEntry{term=1, timestamp=2018-06-01 02:19:39,601, session=2, sequence=24, operation=PrimitiveOperation{id=DefaultOperationId{id=write, type=COMMAND}, value=byte[]{length=17, hash=-1644578928}}}}
02:19:39.601 [raft-server-1] TRACE i.a.p.raft.roles.LeaderAppender - RaftServer{1} - Sending AppendRequest{term=1, leader=1, prevLogIndex=27, prevLogTerm=1, entries=1, commitIndex=27} to 2
02:19:39.601 [raft-server-2] TRACE i.a.p.raft.roles.FollowerRole - RaftServer{2}{role=FOLLOWER} - Received AppendRequest{term=1, leader=1, prevLogIndex=27, prevLogTerm=1, entries=1, commitIndex=27}
02:19:39.601 [raft-server-2] TRACE i.a.p.raft.roles.FollowerRole - RaftServer{2}{role=FOLLOWER} - Appended Indexed{index=28, entry=CommandEntry{term=1, timestamp=2018-06-01 02:19:39,601, session=2, sequence=24, operation=PrimitiveOperation{id=DefaultOperationId{id=write, type=COMMAND}, value=byte[]{length=17, hash=-1644578928}}}}
02:19:39.640 [raft-server-3] TRACE i.a.p.raft.roles.FollowerRole - RaftServer{3}{role=FOLLOWER} - Committed entries up to index 27
02:19:39.641 [raft-server-3] TRACE i.a.p.raft.roles.FollowerRole - RaftServer{3}{role=FOLLOWER} - Sending AppendResponse{status=OK, term=1, succeeded=true, lastLogIndex=27}
02:19:39.641 [raft-server-1] TRACE i.a.p.raft.roles.LeaderAppender - RaftServer{1} - Received AppendResponse{status=OK, term=1, succeeded=true, lastLogIndex=27} from 3
02:19:39.641 [raft-server-1] TRACE i.a.p.raft.roles.LeaderAppender - RaftServer{1} - Sending AppendRequest{term=1, leader=1, prevLogIndex=27, prevLogTerm=1, entries=1, commitIndex=27} to 3
02:19:39.641 [raft-server-3-state] TRACE i.a.p.raft.impl.RaftServiceManager - RaftServer{3} - Applying Indexed{index=27, entry=CommandEntry{term=1, timestamp=2018-06-01 02:19:39,527, session=2, sequence=23, operation=PrimitiveOperation{id=DefaultOperationId{id=write, type=COMMAND}, value=byte[]{length=17, hash=-1644578928}}}}
02:19:39.641 [raft-server-3] TRACE i.a.p.raft.roles.FollowerRole - RaftServer{3}{role=FOLLOWER} - Received AppendRequest{term=1, leader=1, prevLogIndex=27, prevLogTerm=1, entries=1, commitIndex=27}
02:19:39.641 [raft-server-3-state] TRACE i.a.p.s.impl.DefaultServiceExecutor - PrimitiveService{2}{type=PrimitiveType{name=test}, name=test} - Executing DefaultCommit{index=27, session=RaftSession{RaftServiceContext{server=3, type=PrimitiveType{name=test}, name=test, id=2}, session=2, timestamp=2018-06-01 02:19:39,527}, time=2018-06-01 02:19:39,527, operation=DefaultOperationId{id=write, type=COMMAND}, value=byte[]{length=17, hash=-1644578928}}
02:19:39.642 [raft-server-3] TRACE i.a.p.raft.roles.FollowerRole - RaftServer{3}{role=FOLLOWER} - Appended Indexed{index=28, entry=CommandEntry{term=1, timestamp=2018-06-01 02:19:39,601, session=2, sequence=24, operation=PrimitiveOperation{id=DefaultOperationId{id=write, type=COMMAND}, value=byte[]{length=17, hash=-1644578928}}}}
02:19:39.642 [raft-server-3] TRACE i.a.p.raft.roles.FollowerRole - RaftServer{3}{role=FOLLOWER} - Sending AppendResponse{status=OK, term=1, succeeded=true, lastLogIndex=28}
02:19:39.642 [raft-server-1] TRACE i.a.p.raft.roles.LeaderAppender - RaftServer{1} - Received AppendResponse{status=OK, term=1, succeeded=true, lastLogIndex=28} from 3
02:19:39.642 [raft-server-1] TRACE i.a.p.raft.roles.LeaderAppender - RaftServer{1} - Committed entries up to 28
02:19:39.665 [raft-server-2] TRACE i.a.p.raft.roles.FollowerRole - RaftServer{2}{role=FOLLOWER} - Committed entries up to index 27
02:19:39.666 [raft-server-2] TRACE i.a.p.raft.roles.FollowerRole - RaftServer{2}{role=FOLLOWER} - Sending AppendResponse{status=OK, term=1, succeeded=true, lastLogIndex=28}
02:19:39.666 [raft-server-2-state] TRACE i.a.p.raft.impl.RaftServiceManager - RaftServer{2} - Applying Indexed{index=27, entry=CommandEntry{term=1, timestamp=2018-06-01 02:19:39,527, session=2, sequence=23, operation=PrimitiveOperation{id=DefaultOperationId{id=write, type=COMMAND}, value=byte[]{length=17, hash=-1644578928}}}}
02:19:39.666 [raft-server-2-state] TRACE i.a.p.s.impl.DefaultServiceExecutor - PrimitiveService{2}{type=PrimitiveType{name=test}, name=test} - Executing DefaultCommit{index=27, session=RaftSession{RaftServiceContext{server=2, type=PrimitiveType{name=test}, name=test, id=2}, session=2, timestamp=2018-06-01 02:19:39,527}, time=2018-06-01 02:19:39,527, operation=DefaultOperationId{id=write, type=COMMAND}, value=byte[]{length=17, hash=-1644578928}}
02:19:39.682 [raft-server-1] TRACE i.a.p.raft.roles.LeaderAppender - RaftServer{1} - Received AppendResponse{status=OK, term=1, succeeded=true, lastLogIndex=28} from 2
02:19:39.683 [raft-server-1-state] TRACE i.a.p.raft.impl.RaftServiceManager - RaftServer{1} - Applying Indexed{index=28, entry=CommandEntry{term=1, timestamp=2018-06-01 02:19:39,601, session=2, sequence=24, operation=PrimitiveOperation{id=DefaultOperationId{id=write, type=COMMAND}, value=byte[]{length=17, hash=-1644578928}}}}
02:19:39.683 [raft-server-1-state] TRACE i.a.p.s.impl.DefaultServiceExecutor - PrimitiveService{2}{type=PrimitiveType{name=test}, name=test} - Executing DefaultCommit{index=28, session=RaftSession{RaftServiceContext{server=1, type=PrimitiveType{name=test}, name=test, id=2}, session=2, timestamp=2018-06-01 02:19:39,601}, time=2018-06-01 02:19:39,601, operation=DefaultOperationId{id=write, type=COMMAND}, value=byte[]{length=17, hash=-1644578928}}
02:19:39.683 [raft-server-1-state] TRACE i.a.protocols.raft.roles.LeaderRole - RaftServer{1}{role=LEADER} - Sending CommandResponse{status=OK, index=28, eventIndex=2, result=byte[]{length=2, hash=1296}}
02:19:39.684 [raft-client-8d1a11e6-024d-41c6-816f-7d36669ce782-5] TRACE i.a.p.r.p.impl.RaftProxyConnection - PartitionProxy{2}{type=PrimitiveType{name=test}, name=test} - Received CommandResponse{status=OK, index=28, eventIndex=2, result=byte[]{length=2, hash=1296}} from 1
02:19:39.684 [raft-client-8d1a11e6-024d-41c6-816f-7d36669ce782-5] TRACE i.a.p.r.p.impl.RaftProxySequencer - PartitionProxy{2}{type=PrimitiveType{name=test}, name=test} - Completing response CommandResponse{status=OK, index=28, eventIndex=2, result=byte[]{length=2, hash=1296}}
02:19:39.684 [raft-client-8d1a11e6-024d-41c6-816f-7d36669ce782-5] TRACE i.a.p.r.p.impl.RaftProxyConnection - PartitionProxy{2}{type=PrimitiveType{name=test}, name=test} - Sending CommandRequest{session=2, sequence=25, operation=PrimitiveOperation{id=DefaultOperationId{id=write, type=COMMAND}, value=byte[]{length=17, hash=-1644578928}}} to 1
02:19:39.685 [raft-server-1] TRACE i.a.protocols.raft.roles.LeaderRole - RaftServer{1}{role=LEADER} - Received CommandRequest{session=2, sequence=25, operation=PrimitiveOperation{id=DefaultOperationId{id=write, type=COMMAND}, value=byte[]{length=17, hash=-1644578928}}}
02:19:39.685 [raft-server-1] TRACE i.a.protocols.raft.roles.LeaderRole - RaftServer{1}{role=LEADER} - Appended Indexed{index=29, entry=CommandEntry{term=1, timestamp=2018-06-01 02:19:39,685, session=2, sequence=25, operation=PrimitiveOperation{id=DefaultOperationId{id=write, type=COMMAND}, value=byte[]{length=17, hash=-1644578928}}}}
02:19:39.685 [raft-server-1] TRACE i.a.p.raft.roles.LeaderAppender - RaftServer{1} - Sending AppendRequest{term=1, leader=1, prevLogIndex=28, prevLogTerm=1, entries=1, commitIndex=28} to 2
02:19:39.685 [raft-server-2] TRACE i.a.p.raft.roles.FollowerRole - RaftServer{2}{role=FOLLOWER} - Received AppendRequest{term=1, leader=1, prevLogIndex=28, prevLogTerm=1, entries=1, commitIndex=28}
02:19:39.686 [raft-server-1] TRACE i.a.p.raft.roles.LeaderAppender - RaftServer{1} - Sending AppendRequest{term=1, leader=1, prevLogIndex=28, prevLogTerm=1, entries=1, commitIndex=28} to 3
02:19:39.686 [raft-server-2] TRACE i.a.p.raft.roles.FollowerRole - RaftServer{2}{role=FOLLOWER} - Appended Indexed{index=29, entry=CommandEntry{term=1, timestamp=2018-06-01 02:19:39,685, session=2, sequence=25, operation=PrimitiveOperation{id=DefaultOperationId{id=write, type=COMMAND}, value=byte[]{length=17, hash=-1644578928}}}}
02:19:39.686 [raft-server-3] TRACE i.a.p.raft.roles.FollowerRole - RaftServer{3}{role=FOLLOWER} - Received AppendRequest{term=1, leader=1, prevLogIndex=28, prevLogTerm=1, entries=1, commitIndex=28}
02:19:39.686 [raft-server-3] TRACE i.a.p.raft.roles.FollowerRole - RaftServer{3}{role=FOLLOWER} - Appended Indexed{index=29, entry=CommandEntry{term=1, timestamp=2018-06-01 02:19:39,685, session=2, sequence=25, operation=PrimitiveOperation{id=DefaultOperationId{id=write, type=COMMAND}, value=byte[]{length=17, hash=-1644578928}}}}
02:19:39.715 [raft-server-2] TRACE i.a.p.raft.roles.FollowerRole - RaftServer{2}{role=FOLLOWER} - Committed entries up to index 28
02:19:39.716 [raft-server-2] TRACE i.a.p.raft.roles.FollowerRole - RaftServer{2}{role=FOLLOWER} - Sending AppendResponse{status=OK, term=1, succeeded=true, lastLogIndex=29}
02:19:39.716 [raft-server-1] TRACE i.a.p.raft.roles.LeaderAppender - RaftServer{1} - Received AppendResponse{status=OK, term=1, succeeded=true, lastLogIndex=29} from 2
02:19:39.716 [raft-server-1] TRACE i.a.p.raft.roles.LeaderAppender - RaftServer{1} - Committed entries up to 29
02:19:39.716 [raft-server-2-state] TRACE i.a.p.raft.impl.RaftServiceManager - RaftServer{2} - Applying Indexed{index=28, entry=CommandEntry{term=1, timestamp=2018-06-01 02:19:39,601, session=2, sequence=24, operation=PrimitiveOperation{id=DefaultOperationId{id=write, type=COMMAND}, value=byte[]{length=17, hash=-1644578928}}}}
02:19:39.716 [raft-server-2-state] TRACE i.a.p.s.impl.DefaultServiceExecutor - PrimitiveService{2}{type=PrimitiveType{name=test}, name=test} - Executing DefaultCommit{index=28, session=RaftSession{RaftServiceContext{server=2, type=PrimitiveType{name=test}, name=test, id=2}, session=2, timestamp=2018-06-01 02:19:39,601}, time=2018-06-01 02:19:39,601, operation=DefaultOperationId{id=write, type=COMMAND}, value=byte[]{length=17, hash=-1644578928}}
02:19:39.736 [raft-server-3] TRACE i.a.p.raft.roles.FollowerRole - RaftServer{3}{role=FOLLOWER} - Committed entries up to index 28
02:19:39.736 [raft-server-3] TRACE i.a.p.raft.roles.FollowerRole - RaftServer{3}{role=FOLLOWER} - Sending AppendResponse{status=OK, term=1, succeeded=true, lastLogIndex=29}
02:19:39.737 [raft-server-3-state] TRACE i.a.p.raft.impl.RaftServiceManager - RaftServer{3} - Applying Indexed{index=28, entry=CommandEntry{term=1, timestamp=2018-06-01 02:19:39,601, session=2, sequence=24, operation=PrimitiveOperation{id=DefaultOperationId{id=write, type=COMMAND}, value=byte[]{length=17, hash=-1644578928}}}}
02:19:39.737 [raft-server-3-state] TRACE i.a.p.s.impl.DefaultServiceExecutor - PrimitiveService{2}{type=PrimitiveType{name=test}, name=test} - Executing DefaultCommit{index=28, session=RaftSession{RaftServiceContext{server=3, type=PrimitiveType{name=test}, name=test, id=2}, session=2, timestamp=2018-06-01 02:19:39,601}, time=2018-06-01 02:19:39,601, operation=DefaultOperationId{id=write, type=COMMAND}, value=byte[]{length=17, hash=-1644578928}}
02:19:39.764 [raft-server-1] TRACE i.a.p.raft.roles.LeaderAppender - RaftServer{1} - Sending AppendRequest{term=1, leader=1, prevLogIndex=29, prevLogTerm=1, entries=0, commitIndex=29} to 2
02:19:39.764 [raft-server-1] TRACE i.a.p.raft.roles.LeaderAppender - RaftServer{1} - Received AppendResponse{status=OK, term=1, succeeded=true, lastLogIndex=29} from 3
02:19:39.764 [raft-server-2] TRACE i.a.p.raft.roles.FollowerRole - RaftServer{2}{role=FOLLOWER} - Received AppendRequest{term=1, leader=1, prevLogIndex=29, prevLogTerm=1, entries=0, commitIndex=29}
02:19:39.764 [raft-server-1] TRACE i.a.p.raft.roles.LeaderAppender - RaftServer{1} - Sending AppendRequest{term=1, leader=1, prevLogIndex=29, prevLogTerm=1, entries=0, commitIndex=29} to 3
02:19:39.764 [raft-server-3] TRACE i.a.p.raft.roles.FollowerRole - RaftServer{3}{role=FOLLOWER} - Received AppendRequest{term=1, leader=1, prevLogIndex=29, prevLogTerm=1, entries=0, commitIndex=29}
02:19:39.765 [raft-server-1-state] TRACE i.a.p.raft.impl.RaftServiceManager - RaftServer{1} - Applying Indexed{index=29, entry=CommandEntry{term=1, timestamp=2018-06-01 02:19:39,685, session=2, sequence=25, operation=PrimitiveOperation{id=DefaultOperationId{id=write, type=COMMAND}, value=byte[]{length=17, hash=-1644578928}}}}
02:19:39.765 [raft-server-1-state] TRACE i.a.p.s.impl.DefaultServiceExecutor - PrimitiveService{2}{type=PrimitiveType{name=test}, name=test} - Executing DefaultCommit{index=29, session=RaftSession{RaftServiceContext{server=1, type=PrimitiveType{name=test}, name=test, id=2}, session=2, timestamp=2018-06-01 02:19:39,685}, time=2018-06-01 02:19:39,685, operation=DefaultOperationId{id=write, type=COMMAND}, value=byte[]{length=17, hash=-1644578928}}
02:19:39.765 [raft-server-1-state] TRACE i.a.protocols.raft.roles.LeaderRole - RaftServer{1}{role=LEADER} - Sending CommandResponse{status=OK, index=29, eventIndex=2, result=byte[]{length=2, hash=1298}}
02:19:39.765 [raft-client-8d1a11e6-024d-41c6-816f-7d36669ce782-4] TRACE i.a.p.r.p.impl.RaftProxyConnection - PartitionProxy{2}{type=PrimitiveType{name=test}, name=test} - Received CommandResponse{status=OK, index=29, eventIndex=2, result=byte[]{length=2, hash=1298}} from 1
02:19:39.765 [raft-client-8d1a11e6-024d-41c6-816f-7d36669ce782-4] TRACE i.a.p.r.p.impl.RaftProxySequencer - PartitionProxy{2}{type=PrimitiveType{name=test}, name=test} - Completing response CommandResponse{status=OK, index=29, eventIndex=2, result=byte[]{length=2, hash=1298}}
02:19:39.766 [raft-client-8d1a11e6-024d-41c6-816f-7d36669ce782-0] TRACE i.a.p.r.p.impl.RaftProxyConnection - PartitionProxy{2}{type=PrimitiveType{name=test}, name=test} - Sending CommandRequest{session=2, sequence=26, operation=PrimitiveOperation{id=DefaultOperationId{id=write, type=COMMAND}, value=byte[]{length=17, hash=-1644578928}}} to 1
02:19:39.766 [raft-server-1] TRACE i.a.protocols.raft.roles.LeaderRole - RaftServer{1}{role=LEADER} - Received CommandRequest{session=2, sequence=26, operation=PrimitiveOperation{id=DefaultOperationId{id=write, type=COMMAND}, value=byte[]{length=17, hash=-1644578928}}}
02:19:39.766 [raft-server-1] TRACE i.a.protocols.raft.roles.LeaderRole - RaftServer{1}{role=LEADER} - Appended Indexed{index=30, entry=CommandEntry{term=1, timestamp=2018-06-01 02:19:39,766, session=2, sequence=26, operation=PrimitiveOperation{id=DefaultOperationId{id=write, type=COMMAND}, value=byte[]{length=17, hash=-1644578928}}}}
02:19:39.789 [raft-server-2] TRACE i.a.p.raft.roles.FollowerRole - RaftServer{2}{role=FOLLOWER} - Committed entries up to index 29
02:19:39.789 [raft-server-2] TRACE i.a.p.raft.roles.FollowerRole - RaftServer{2}{role=FOLLOWER} - Sending AppendResponse{status=OK, term=1, succeeded=true, lastLogIndex=29}
02:19:39.789 [raft-server-1] TRACE i.a.p.raft.roles.LeaderAppender - RaftServer{1} - Received AppendResponse{status=OK, term=1, succeeded=true, lastLogIndex=29} from 2
02:19:39.789 [raft-server-1] TRACE i.a.p.raft.roles.LeaderAppender - RaftServer{1} - Sending AppendRequest{term=1, leader=1, prevLogIndex=29, prevLogTerm=1, entries=1, commitIndex=29} to 2
02:19:39.789 [raft-server-2-state] TRACE i.a.p.raft.impl.RaftServiceManager - RaftServer{2} - Applying Indexed{index=29, entry=CommandEntry{term=1, timestamp=2018-06-01 02:19:39,685, session=2, sequence=25, operation=PrimitiveOperation{id=DefaultOperationId{id=write, type=COMMAND}, value=byte[]{length=17, hash=-1644578928}}}}
02:19:39.789 [raft-server-2] TRACE i.a.p.raft.roles.FollowerRole - RaftServer{2}{role=FOLLOWER} - Received AppendRequest{term=1, leader=1, prevLogIndex=29, prevLogTerm=1, entries=1, commitIndex=29}
02:19:39.789 [raft-server-2-state] TRACE i.a.p.s.impl.DefaultServiceExecutor - PrimitiveService{2}{type=PrimitiveType{name=test}, name=test} - Executing DefaultCommit{index=29, session=RaftSession{RaftServiceContext{server=2, type=PrimitiveType{name=test}, name=test, id=2}, session=2, timestamp=2018-06-01 02:19:39,685}, time=2018-06-01 02:19:39,685, operation=DefaultOperationId{id=write, type=COMMAND}, value=byte[]{length=17, hash=-1644578928}}
02:19:39.790 [raft-server-2] TRACE i.a.p.raft.roles.FollowerRole - RaftServer{2}{role=FOLLOWER} - Appended Indexed{index=30, entry=CommandEntry{term=1, timestamp=2018-06-01 02:19:39,766, session=2, sequence=26, operation=PrimitiveOperation{id=DefaultOperationId{id=write, type=COMMAND}, value=byte[]{length=17, hash=-1644578928}}}}
02:19:39.790 [raft-server-2] TRACE i.a.p.raft.roles.FollowerRole - RaftServer{2}{role=FOLLOWER} - Sending AppendResponse{status=OK, term=1, succeeded=true, lastLogIndex=30}
02:19:39.790 [raft-server-1] TRACE i.a.p.raft.roles.LeaderAppender - RaftServer{1} - Received AppendResponse{status=OK, term=1, succeeded=true, lastLogIndex=30} from 2
02:19:39.790 [raft-server-1] TRACE i.a.p.raft.roles.LeaderAppender - RaftServer{1} - Committed entries up to 30
02:19:39.822 [raft-server-3] TRACE i.a.p.raft.roles.FollowerRole - RaftServer{3}{role=FOLLOWER} - Committed entries up to index 29
02:19:39.822 [raft-server-3] TRACE i.a.p.raft.roles.FollowerRole - RaftServer{3}{role=FOLLOWER} - Sending AppendResponse{status=OK, term=1, succeeded=true, lastLogIndex=29}
02:19:39.823 [raft-server-3-state] TRACE i.a.p.raft.impl.RaftServiceManager - RaftServer{3} - Applying Indexed{index=29, entry=CommandEntry{term=1, timestamp=2018-06-01 02:19:39,685, session=2, sequence=25, operation=PrimitiveOperation{id=DefaultOperationId{id=write, type=COMMAND}, value=byte[]{length=17, hash=-1644578928}}}}
02:19:39.823 [raft-server-3-state] TRACE i.a.p.s.impl.DefaultServiceExecutor - PrimitiveService{2}{type=PrimitiveType{name=test}, name=test} - Executing DefaultCommit{index=29, session=RaftSession{RaftServiceContext{server=3, type=PrimitiveType{name=test}, name=test, id=2}, session=2, timestamp=2018-06-01 02:19:39,685}, time=2018-06-01 02:19:39,685, operation=DefaultOperationId{id=write, type=COMMAND}, value=byte[]{length=17, hash=-1644578928}}
02:19:39.857 [raft-server-1] TRACE i.a.p.raft.roles.LeaderAppender - RaftServer{1} - Received AppendResponse{status=OK, term=1, succeeded=true, lastLogIndex=29} from 3
02:19:39.858 [raft-server-1] TRACE i.a.p.raft.roles.LeaderAppender - RaftServer{1} - Sending AppendRequest{term=1, leader=1, prevLogIndex=29, prevLogTerm=1, entries=1, commitIndex=30} to 3
02:19:39.858 [raft-server-3] TRACE i.a.p.raft.roles.FollowerRole - RaftServer{3}{role=FOLLOWER} - Received AppendRequest{term=1, leader=1, prevLogIndex=29, prevLogTerm=1, entries=1, commitIndex=30}
02:19:39.858 [raft-server-1-state] TRACE i.a.p.raft.impl.RaftServiceManager - RaftServer{1} - Applying Indexed{index=30, entry=CommandEntry{term=1, timestamp=2018-06-01 02:19:39,766, session=2, sequence=26, operation=PrimitiveOperation{id=DefaultOperationId{id=write, type=COMMAND}, value=byte[]{length=17, hash=-1644578928}}}}
02:19:39.858 [raft-server-3] TRACE i.a.p.raft.roles.FollowerRole - RaftServer{3}{role=FOLLOWER} - Appended Indexed{index=30, entry=CommandEntry{term=1, timestamp=2018-06-01 02:19:39,766, session=2, sequence=26, operation=PrimitiveOperation{id=DefaultOperationId{id=write, type=COMMAND}, value=byte[]{length=17, hash=-1644578928}}}}
02:19:39.858 [raft-server-1-state] TRACE i.a.p.s.impl.DefaultServiceExecutor - PrimitiveService{2}{type=PrimitiveType{name=test}, name=test} - Executing DefaultCommit{index=30, session=RaftSession{RaftServiceContext{server=1, type=PrimitiveType{name=test}, name=test, id=2}, session=2, timestamp=2018-06-01 02:19:39,766}, time=2018-06-01 02:19:39,766, operation=DefaultOperationId{id=write, type=COMMAND}, value=byte[]{length=17, hash=-1644578928}}
02:19:39.859 [raft-server-1-state] TRACE i.a.protocols.raft.roles.LeaderRole - RaftServer{1}{role=LEADER} - Sending CommandResponse{status=OK, index=30, eventIndex=2, result=byte[]{length=2, hash=1300}}
02:19:39.859 [raft-client-8d1a11e6-024d-41c6-816f-7d36669ce782-6] TRACE i.a.p.r.p.impl.RaftProxyConnection - PartitionProxy{2}{type=PrimitiveType{name=test}, name=test} - Received CommandResponse{status=OK, index=30, eventIndex=2, result=byte[]{length=2, hash=1300}} from 1
02:19:39.859 [raft-client-8d1a11e6-024d-41c6-816f-7d36669ce782-6] TRACE i.a.p.r.p.impl.RaftProxySequencer - PartitionProxy{2}{type=PrimitiveType{name=test}, name=test} - Completing response CommandResponse{status=OK, index=30, eventIndex=2, result=byte[]{length=2, hash=1300}}
02:19:39.860 [raft-client-8d1a11e6-024d-41c6-816f-7d36669ce782-6] TRACE i.a.p.r.p.impl.RaftProxyConnection - PartitionProxy{2}{type=PrimitiveType{name=test}, name=test} - Sending CommandRequest{session=2, sequence=27, operation=PrimitiveOperation{id=DefaultOperationId{id=write, type=COMMAND}, value=byte[]{length=17, hash=-1644578928}}} to 1
02:19:39.860 [raft-server-1] TRACE i.a.protocols.raft.roles.LeaderRole - RaftServer{1}{role=LEADER} - Received CommandRequest{session=2, sequence=27, operation=PrimitiveOperation{id=DefaultOperationId{id=write, type=COMMAND}, value=byte[]{length=17, hash=-1644578928}}}
02:19:39.889 [raft-server-3] TRACE i.a.p.raft.roles.FollowerRole - RaftServer{3}{role=FOLLOWER} - Committed entries up to index 30
02:19:39.889 [raft-server-3] TRACE i.a.p.raft.roles.FollowerRole - RaftServer{3}{role=FOLLOWER} - Sending AppendResponse{status=OK, term=1, succeeded=true, lastLogIndex=30}
02:19:39.889 [raft-server-3-state] TRACE i.a.p.raft.impl.RaftServiceManager - RaftServer{3} - Applying Indexed{index=30, entry=CommandEntry{term=1, timestamp=2018-06-01 02:19:39,766, session=2, sequence=26, operation=PrimitiveOperation{id=DefaultOperationId{id=write, type=COMMAND}, value=byte[]{length=17, hash=-1644578928}}}}
02:19:39.889 [raft-server-3-state] TRACE i.a.p.s.impl.DefaultServiceExecutor - PrimitiveService{2}{type=PrimitiveType{name=test}, name=test} - Executing DefaultCommit{index=30, session=RaftSession{RaftServiceContext{server=3, type=PrimitiveType{name=test}, name=test, id=2}, session=2, timestamp=2018-06-01 02:19:39,766}, time=2018-06-01 02:19:39,766, operation=DefaultOperationId{id=write, type=COMMAND}, value=byte[]{length=17, hash=-1644578928}}
02:19:39.939 [raft-server-1] DEBUG i.a.storage.journal.SegmentedJournal - Created disk segment: JournalSegment{id=4, version=1, index=31, size=64}
02:19:39.939 [raft-server-1] TRACE i.a.protocols.raft.roles.LeaderRole - RaftServer{1}{role=LEADER} - Appended Indexed{index=31, entry=CommandEntry{term=1, timestamp=2018-06-01 02:19:39,860, session=2, sequence=27, operation=PrimitiveOperation{id=DefaultOperationId{id=write, type=COMMAND}, value=byte[]{length=17, hash=-1644578928}}}}
02:19:39.939 [raft-server-1] TRACE i.a.p.raft.roles.LeaderAppender - RaftServer{1} - Received AppendResponse{status=OK, term=1, succeeded=true, lastLogIndex=30} from 3
02:19:39.940 [raft-server-1] TRACE i.a.p.raft.roles.LeaderAppender - RaftServer{1} - Sending AppendRequest{term=1, leader=1, prevLogIndex=30, prevLogTerm=1, entries=1, commitIndex=30} to 3
02:19:39.940 [raft-server-3] TRACE i.a.p.raft.roles.FollowerRole - RaftServer{3}{role=FOLLOWER} - Received AppendRequest{term=1, leader=1, prevLogIndex=30, prevLogTerm=1, entries=1, commitIndex=30}
02:19:39.940 [raft-server-1] TRACE i.a.p.raft.roles.LeaderAppender - RaftServer{1} - Sending AppendRequest{term=1, leader=1, prevLogIndex=30, prevLogTerm=1, entries=1, commitIndex=30} to 2
02:19:39.940 [raft-server-2] TRACE i.a.p.raft.roles.FollowerRole - RaftServer{2}{role=FOLLOWER} - Received AppendRequest{term=1, leader=1, prevLogIndex=30, prevLogTerm=1, entries=1, commitIndex=30}
02:19:40.035 [raft-server-3] DEBUG i.a.storage.journal.SegmentedJournal - Created disk segment: JournalSegment{id=4, version=1, index=31, size=64}
02:19:40.035 [raft-server-3] TRACE i.a.p.raft.roles.FollowerRole - RaftServer{3}{role=FOLLOWER} - Appended Indexed{index=31, entry=CommandEntry{term=1, timestamp=2018-06-01 02:19:39,860, session=2, sequence=27, operation=PrimitiveOperation{id=DefaultOperationId{id=write, type=COMMAND}, value=byte[]{length=17, hash=-1644578928}}}}
02:19:40.035 [raft-server-3] TRACE i.a.p.raft.roles.FollowerRole - RaftServer{3}{role=FOLLOWER} - Sending AppendResponse{status=OK, term=1, succeeded=true, lastLogIndex=31}
02:19:40.035 [raft-server-1] TRACE i.a.p.raft.roles.LeaderAppender - RaftServer{1} - Received AppendResponse{status=OK, term=1, succeeded=true, lastLogIndex=31} from 3
02:19:40.036 [raft-server-1] TRACE i.a.p.raft.roles.LeaderAppender - RaftServer{1} - Committed entries up to 31
02:19:40.068 [raft-server-2] DEBUG i.a.storage.journal.SegmentedJournal - Created disk segment: JournalSegment{id=4, version=1, index=31, size=64}
02:19:40.068 [raft-server-2] TRACE i.a.p.raft.roles.FollowerRole - RaftServer{2}{role=FOLLOWER} - Appended Indexed{index=31, entry=CommandEntry{term=1, timestamp=2018-06-01 02:19:39,860, session=2, sequence=27, operation=PrimitiveOperation{id=DefaultOperationId{id=write, type=COMMAND}, value=byte[]{length=17, hash=-1644578928}}}}
02:19:40.101 [raft-server-1] TRACE i.a.p.raft.roles.LeaderAppender - RaftServer{1} - Sending AppendRequest{term=1, leader=1, prevLogIndex=31, prevLogTerm=1, entries=0, commitIndex=31} to 3
02:19:40.102 [raft-server-3] TRACE i.a.p.raft.roles.FollowerRole - RaftServer{3}{role=FOLLOWER} - Received AppendRequest{term=1, leader=1, prevLogIndex=31, prevLogTerm=1, entries=0, commitIndex=31}
02:19:40.102 [raft-server-1-state] TRACE i.a.p.raft.impl.RaftServiceManager - RaftServer{1} - Applying Indexed{index=31, entry=CommandEntry{term=1, timestamp=2018-06-01 02:19:39,860, session=2, sequence=27, operation=PrimitiveOperation{id=DefaultOperationId{id=write, type=COMMAND}, value=byte[]{length=17, hash=-1644578928}}}}
02:19:40.102 [raft-server-1-state] TRACE i.a.p.s.impl.DefaultServiceExecutor - PrimitiveService{2}{type=PrimitiveType{name=test}, name=test} - Executing DefaultCommit{index=31, session=RaftSession{RaftServiceContext{server=1, type=PrimitiveType{name=test}, name=test, id=2}, session=2, timestamp=2018-06-01 02:19:39,860}, time=2018-06-01 02:19:39,860, operation=DefaultOperationId{id=write, type=COMMAND}, value=byte[]{length=17, hash=-1644578928}}
02:19:40.102 [raft-server-1-state] TRACE i.a.protocols.raft.roles.LeaderRole - RaftServer{1}{role=LEADER} - Sending CommandResponse{status=OK, index=31, eventIndex=2, result=byte[]{length=2, hash=1302}}
02:19:40.103 [raft-client-8d1a11e6-024d-41c6-816f-7d36669ce782-2] TRACE i.a.p.r.p.impl.RaftProxyConnection - PartitionProxy{2}{type=PrimitiveType{name=test}, name=test} - Received CommandResponse{status=OK, index=31, eventIndex=2, result=byte[]{length=2, hash=1302}} from 1
02:19:40.103 [raft-client-8d1a11e6-024d-41c6-816f-7d36669ce782-2] TRACE i.a.p.r.p.impl.RaftProxySequencer - PartitionProxy{2}{type=PrimitiveType{name=test}, name=test} - Completing response CommandResponse{status=OK, index=31, eventIndex=2, result=byte[]{length=2, hash=1302}}
02:19:40.103 [raft-client-8d1a11e6-024d-41c6-816f-7d36669ce782-2] TRACE i.a.p.r.p.impl.RaftProxyConnection - PartitionProxy{2}{type=PrimitiveType{name=test}, name=test} - Sending CommandRequest{session=2, sequence=28, operation=PrimitiveOperation{id=DefaultOperationId{id=write, type=COMMAND}, value=byte[]{length=17, hash=-1644578928}}} to 1
02:19:40.103 [raft-server-1] TRACE i.a.protocols.raft.roles.LeaderRole - RaftServer{1}{role=LEADER} - Received CommandRequest{session=2, sequence=28, operation=PrimitiveOperation{id=DefaultOperationId{id=write, type=COMMAND}, value=byte[]{length=17, hash=-1644578928}}}
02:19:40.104 [raft-server-1] TRACE i.a.protocols.raft.roles.LeaderRole - RaftServer{1}{role=LEADER} - Appended Indexed{index=32, entry=CommandEntry{term=1, timestamp=2018-06-01 02:19:40,104, session=2, sequence=28, operation=PrimitiveOperation{id=DefaultOperationId{id=write, type=COMMAND}, value=byte[]{length=17, hash=-1644578928}}}}
02:19:40.104 [raft-server-1] TRACE i.a.p.raft.roles.LeaderAppender - RaftServer{1} - Sending AppendRequest{term=1, leader=1, prevLogIndex=31, prevLogTerm=1, entries=1, commitIndex=31} to 2
02:19:40.133 [raft-server-2] TRACE i.a.p.raft.roles.FollowerRole - RaftServer{2}{role=FOLLOWER} - Committed entries up to index 30
02:19:40.133 [raft-server-2] TRACE i.a.p.raft.roles.FollowerRole - RaftServer{2}{role=FOLLOWER} - Sending AppendResponse{status=OK, term=1, succeeded=true, lastLogIndex=31}
02:19:40.133 [raft-server-2] TRACE i.a.p.raft.roles.FollowerRole - RaftServer{2}{role=FOLLOWER} - Received AppendRequest{term=1, leader=1, prevLogIndex=31, prevLogTerm=1, entries=1, commitIndex=31}
02:19:40.133 [raft-server-1] TRACE i.a.p.raft.roles.LeaderAppender - RaftServer{1} - Received AppendResponse{status=OK, term=1, succeeded=true, lastLogIndex=31} from 2
02:19:40.134 [raft-server-2] TRACE i.a.p.raft.roles.FollowerRole - RaftServer{2}{role=FOLLOWER} - Appended Indexed{index=32, entry=CommandEntry{term=1, timestamp=2018-06-01 02:19:40,104, session=2, sequence=28, operation=PrimitiveOperation{id=DefaultOperationId{id=write, type=COMMAND}, value=byte[]{length=17, hash=-1644578928}}}}
02:19:40.166 [raft-server-3] TRACE i.a.p.raft.roles.FollowerRole - RaftServer{3}{role=FOLLOWER} - Committed entries up to index 31
02:19:40.166 [raft-server-3] TRACE i.a.p.raft.roles.FollowerRole - RaftServer{3}{role=FOLLOWER} - Sending AppendResponse{status=OK, term=1, succeeded=true, lastLogIndex=31}
02:19:40.167 [raft-server-1] TRACE i.a.p.raft.roles.LeaderAppender - RaftServer{1} - Received AppendResponse{status=OK, term=1, succeeded=true, lastLogIndex=31} from 3
02:19:40.167 [raft-server-1] TRACE i.a.p.raft.roles.LeaderAppender - RaftServer{1} - Sending AppendRequest{term=1, leader=1, prevLogIndex=31, prevLogTerm=1, entries=1, commitIndex=31} to 3
02:19:40.167 [raft-server-3-state] TRACE i.a.p.raft.impl.RaftServiceManager - RaftServer{3} - Applying Indexed{index=31, entry=CommandEntry{term=1, timestamp=2018-06-01 02:19:39,860, session=2, sequence=27, operation=PrimitiveOperation{id=DefaultOperationId{id=write, type=COMMAND}, value=byte[]{length=17, hash=-1644578928}}}}
02:19:40.167 [raft-server-3] TRACE i.a.p.raft.roles.FollowerRole - RaftServer{3}{role=FOLLOWER} - Received AppendRequest{term=1, leader=1, prevLogIndex=31, prevLogTerm=1, entries=1, commitIndex=31}
02:19:40.167 [raft-server-3-state] TRACE i.a.p.s.impl.DefaultServiceExecutor - PrimitiveService{2}{type=PrimitiveType{name=test}, name=test} - Executing DefaultCommit{index=31, session=RaftSession{RaftServiceContext{server=3, type=PrimitiveType{name=test}, name=test, id=2}, session=2, timestamp=2018-06-01 02:19:39,860}, time=2018-06-01 02:19:39,860, operation=DefaultOperationId{id=write, type=COMMAND}, value=byte[]{length=17, hash=-1644578928}}
02:19:40.167 [raft-server-3] TRACE i.a.p.raft.roles.FollowerRole - RaftServer{3}{role=FOLLOWER} - Appended Indexed{index=32, entry=CommandEntry{term=1, timestamp=2018-06-01 02:19:40,104, session=2, sequence=28, operation=PrimitiveOperation{id=DefaultOperationId{id=write, type=COMMAND}, value=byte[]{length=17, hash=-1644578928}}}}
02:19:40.167 [raft-server-3] TRACE i.a.p.raft.roles.FollowerRole - RaftServer{3}{role=FOLLOWER} - Sending AppendResponse{status=OK, term=1, succeeded=true, lastLogIndex=32}
02:19:40.167 [raft-server-1] TRACE i.a.p.raft.roles.LeaderAppender - RaftServer{1} - Received AppendResponse{status=OK, term=1, succeeded=true, lastLogIndex=32} from 3
02:19:40.168 [raft-server-1] TRACE i.a.p.raft.roles.LeaderAppender - RaftServer{1} - Committed entries up to 32
02:19:40.200 [raft-server-2] TRACE i.a.p.raft.roles.FollowerRole - RaftServer{2}{role=FOLLOWER} - Committed entries up to index 31
02:19:40.200 [raft-server-2] TRACE i.a.p.raft.roles.FollowerRole - RaftServer{2}{role=FOLLOWER} - Sending AppendResponse{status=OK, term=1, succeeded=true, lastLogIndex=32}
02:19:40.200 [raft-server-2-state] TRACE i.a.p.raft.impl.RaftServiceManager - RaftServer{2} - Applying Indexed{index=30, entry=CommandEntry{term=1, timestamp=2018-06-01 02:19:39,766, session=2, sequence=26, operation=PrimitiveOperation{id=DefaultOperationId{id=write, type=COMMAND}, value=byte[]{length=17, hash=-1644578928}}}}
02:19:40.200 [raft-server-2-state] TRACE i.a.p.s.impl.DefaultServiceExecutor - PrimitiveService{2}{type=PrimitiveType{name=test}, name=test} - Executing DefaultCommit{index=30, session=RaftSession{RaftServiceContext{server=2, type=PrimitiveType{name=test}, name=test, id=2}, session=2, timestamp=2018-06-01 02:19:39,766}, time=2018-06-01 02:19:39,766, operation=DefaultOperationId{id=write, type=COMMAND}, value=byte[]{length=17, hash=-1644578928}}
02:19:40.200 [raft-server-2-state] TRACE i.a.p.raft.impl.RaftServiceManager - RaftServer{2} - Applying Indexed{index=31, entry=CommandEntry{term=1, timestamp=2018-06-01 02:19:39,860, session=2, sequence=27, operation=PrimitiveOperation{id=DefaultOperationId{id=write, type=COMMAND}, value=byte[]{length=17, hash=-1644578928}}}}
02:19:40.201 [raft-server-2-state] TRACE i.a.p.s.impl.DefaultServiceExecutor - PrimitiveService{2}{type=PrimitiveType{name=test}, name=test} - Executing DefaultCommit{index=31, session=RaftSession{RaftServiceContext{server=2, type=PrimitiveType{name=test}, name=test, id=2}, session=2, timestamp=2018-06-01 02:19:39,860}, time=2018-06-01 02:19:39,860, operation=DefaultOperationId{id=write, type=COMMAND}, value=byte[]{length=17, hash=-1644578928}}
02:19:40.224 [raft-server-1] TRACE i.a.p.raft.roles.LeaderAppender - RaftServer{1} - Received AppendResponse{status=OK, term=1, succeeded=true, lastLogIndex=32} from 2
02:19:40.224 [raft-server-1-state] TRACE i.a.p.raft.impl.RaftServiceManager - RaftServer{1} - Applying Indexed{index=32, entry=CommandEntry{term=1, timestamp=2018-06-01 02:19:40,104, session=2, sequence=28, operation=PrimitiveOperation{id=DefaultOperationId{id=write, type=COMMAND}, value=byte[]{length=17, hash=-1644578928}}}}
02:19:40.224 [raft-server-1-state] TRACE i.a.p.s.impl.DefaultServiceExecutor - PrimitiveService{2}{type=PrimitiveType{name=test}, name=test} - Executing DefaultCommit{index=32, session=RaftSession{RaftServiceContext{server=1, type=PrimitiveType{name=test}, name=test, id=2}, session=2, timestamp=2018-06-01 02:19:40,104}, time=2018-06-01 02:19:40,104, operation=DefaultOperationId{id=write, type=COMMAND}, value=byte[]{length=17, hash=-1644578928}}
02:19:40.225 [raft-server-1-state] TRACE i.a.protocols.raft.roles.LeaderRole - RaftServer{1}{role=LEADER} - Sending CommandResponse{status=OK, index=32, eventIndex=2, result=byte[]{length=2, hash=1304}}
02:19:40.225 [raft-client-8d1a11e6-024d-41c6-816f-7d36669ce782-4] TRACE i.a.p.r.p.impl.RaftProxyConnection - PartitionProxy{2}{type=PrimitiveType{name=test}, name=test} - Received CommandResponse{status=OK, index=32, eventIndex=2, result=byte[]{length=2, hash=1304}} from 1
02:19:40.225 [raft-client-8d1a11e6-024d-41c6-816f-7d36669ce782-4] TRACE i.a.p.r.p.impl.RaftProxySequencer - PartitionProxy{2}{type=PrimitiveType{name=test}, name=test} - Completing response CommandResponse{status=OK, index=32, eventIndex=2, result=byte[]{length=2, hash=1304}}
02:19:40.225 [raft-client-8d1a11e6-024d-41c6-816f-7d36669ce782-4] TRACE i.a.p.r.p.impl.RaftProxyConnection - PartitionProxy{2}{type=PrimitiveType{name=test}, name=test} - Sending CommandRequest{session=2, sequence=29, operation=PrimitiveOperation{id=DefaultOperationId{id=write, type=COMMAND}, value=byte[]{length=17, hash=-1644578928}}} to 1
02:19:40.226 [raft-server-1] TRACE i.a.protocols.raft.roles.LeaderRole - RaftServer{1}{role=LEADER} - Received CommandRequest{session=2, sequence=29, operation=PrimitiveOperation{id=DefaultOperationId{id=write, type=COMMAND}, value=byte[]{length=17, hash=-1644578928}}}
02:19:40.226 [raft-server-1] TRACE i.a.protocols.raft.roles.LeaderRole - RaftServer{1}{role=LEADER} - Appended Indexed{index=33, entry=CommandEntry{term=1, timestamp=2018-06-01 02:19:40,226, session=2, sequence=29, operation=PrimitiveOperation{id=DefaultOperationId{id=write, type=COMMAND}, value=byte[]{length=17, hash=-1644578928}}}}
02:19:40.226 [raft-server-1] TRACE i.a.p.raft.roles.LeaderAppender - RaftServer{1} - Sending AppendRequest{term=1, leader=1, prevLogIndex=32, prevLogTerm=1, entries=1, commitIndex=32} to 2
02:19:40.226 [raft-server-2] TRACE i.a.p.raft.roles.FollowerRole - RaftServer{2}{role=FOLLOWER} - Received AppendRequest{term=1, leader=1, prevLogIndex=32, prevLogTerm=1, entries=1, commitIndex=32}
02:19:40.226 [raft-server-1] TRACE i.a.p.raft.roles.LeaderAppender - RaftServer{1} - Sending AppendRequest{term=1, leader=1, prevLogIndex=32, prevLogTerm=1, entries=1, commitIndex=32} to 3
02:19:40.226 [raft-server-3] TRACE i.a.p.raft.roles.FollowerRole - RaftServer{3}{role=FOLLOWER} - Received AppendRequest{term=1, leader=1, prevLogIndex=32, prevLogTerm=1, entries=1, commitIndex=32}
02:19:40.226 [raft-server-2] TRACE i.a.p.raft.roles.FollowerRole - RaftServer{2}{role=FOLLOWER} - Appended Indexed{index=33, entry=CommandEntry{term=1, timestamp=2018-06-01 02:19:40,226, session=2, sequence=29, operation=PrimitiveOperation{id=DefaultOperationId{id=write, type=COMMAND}, value=byte[]{length=17, hash=-1644578928}}}}
02:19:40.227 [raft-server-3] TRACE i.a.p.raft.roles.FollowerRole - RaftServer{3}{role=FOLLOWER} - Appended Indexed{index=33, entry=CommandEntry{term=1, timestamp=2018-06-01 02:19:40,226, session=2, sequence=29, operation=PrimitiveOperation{id=DefaultOperationId{id=write, type=COMMAND}, value=byte[]{length=17, hash=-1644578928}}}}
02:19:40.257 [raft-server-2] TRACE i.a.p.raft.roles.FollowerRole - RaftServer{2}{role=FOLLOWER} - Committed entries up to index 32
02:19:40.257 [raft-server-2] TRACE i.a.p.raft.roles.FollowerRole - RaftServer{2}{role=FOLLOWER} - Sending AppendResponse{status=OK, term=1, succeeded=true, lastLogIndex=33}
02:19:40.257 [raft-server-1] TRACE i.a.p.raft.roles.LeaderAppender - RaftServer{1} - Received AppendResponse{status=OK, term=1, succeeded=true, lastLogIndex=33} from 2
02:19:40.257 [raft-server-2-state] TRACE i.a.p.raft.impl.RaftServiceManager - RaftServer{2} - Applying Indexed{index=32, entry=CommandEntry{term=1, timestamp=2018-06-01 02:19:40,104, session=2, sequence=28, operation=PrimitiveOperation{id=DefaultOperationId{id=write, type=COMMAND}, value=byte[]{length=17, hash=-1644578928}}}}
02:19:40.257 [raft-server-1] TRACE i.a.p.raft.roles.LeaderAppender - RaftServer{1} - Committed entries up to 33
02:19:40.257 [raft-server-2-state] TRACE i.a.p.s.impl.DefaultServiceExecutor - PrimitiveService{2}{type=PrimitiveType{name=test}, name=test} - Executing DefaultCommit{index=32, session=RaftSession{RaftServiceContext{server=2, type=PrimitiveType{name=test}, name=test, id=2}, session=2, timestamp=2018-06-01 02:19:40,104}, time=2018-06-01 02:19:40,104, operation=DefaultOperationId{id=write, type=COMMAND}, value=byte[]{length=17, hash=-1644578928}}
02:19:40.286 [raft-server-3] TRACE i.a.p.raft.roles.FollowerRole - RaftServer{3}{role=FOLLOWER} - Committed entries up to index 32
02:19:40.287 [raft-server-3] TRACE i.a.p.raft.roles.FollowerRole - RaftServer{3}{role=FOLLOWER} - Sending AppendResponse{status=OK, term=1, succeeded=true, lastLogIndex=33}
02:19:40.287 [raft-server-3-state] TRACE i.a.p.raft.impl.RaftServiceManager - RaftServer{3} - Applying Indexed{index=32, entry=CommandEntry{term=1, timestamp=2018-06-01 02:19:40,104, session=2, sequence=28, operation=PrimitiveOperation{id=DefaultOperationId{id=write, type=COMMAND}, value=byte[]{length=17, hash=-1644578928}}}}
02:19:40.287 [raft-server-3-state] TRACE i.a.p.s.impl.DefaultServiceExecutor - PrimitiveService{2}{type=PrimitiveType{name=test}, name=test} - Executing DefaultCommit{index=32, session=RaftSession{RaftServiceContext{server=3, type=PrimitiveType{name=test}, name=test, id=2}, session=2, timestamp=2018-06-01 02:19:40,104}, time=2018-06-01 02:19:40,104, operation=DefaultOperationId{id=write, type=COMMAND}, value=byte[]{length=17, hash=-1644578928}}
02:19:40.307 [raft-server-1] TRACE i.a.p.raft.roles.LeaderAppender - RaftServer{1} - Sending AppendRequest{term=1, leader=1, prevLogIndex=33, prevLogTerm=1, entries=0, commitIndex=33} to 2
02:19:40.307 [raft-server-1] TRACE i.a.p.raft.roles.LeaderAppender - RaftServer{1} - Received AppendResponse{status=OK, term=1, succeeded=true, lastLogIndex=33} from 3
02:19:40.307 [raft-server-2] TRACE i.a.p.raft.roles.FollowerRole - RaftServer{2}{role=FOLLOWER} - Received AppendRequest{term=1, leader=1, prevLogIndex=33, prevLogTerm=1, entries=0, commitIndex=33}
02:19:40.308 [raft-server-1] TRACE i.a.p.raft.roles.LeaderAppender - RaftServer{1} - Sending AppendRequest{term=1, leader=1, prevLogIndex=33, prevLogTerm=1, entries=0, commitIndex=33} to 3
02:19:40.308 [raft-server-3] TRACE i.a.p.raft.roles.FollowerRole - RaftServer{3}{role=FOLLOWER} - Received AppendRequest{term=1, leader=1, prevLogIndex=33, prevLogTerm=1, entries=0, commitIndex=33}
02:19:40.308 [raft-server-3] TRACE i.a.p.raft.roles.FollowerRole - RaftServer{3}{role=FOLLOWER} - Committed entries up to index 33
02:19:40.308 [raft-server-3] TRACE i.a.p.raft.roles.FollowerRole - RaftServer{3}{role=FOLLOWER} - Sending AppendResponse{status=OK, term=1, succeeded=true, lastLogIndex=33}
02:19:40.308 [raft-server-1-state] TRACE i.a.p.raft.impl.RaftServiceManager - RaftServer{1} - Applying Indexed{index=33, entry=CommandEntry{term=1, timestamp=2018-06-01 02:19:40,226, session=2, sequence=29, operation=PrimitiveOperation{id=DefaultOperationId{id=write, type=COMMAND}, value=byte[]{length=17, hash=-1644578928}}}}
02:19:40.308 [raft-server-1] TRACE i.a.p.raft.roles.LeaderAppender - RaftServer{1} - Received AppendResponse{status=OK, term=1, succeeded=true, lastLogIndex=33} from 3
02:19:40.308 [raft-server-1-state] TRACE i.a.p.s.impl.DefaultServiceExecutor - PrimitiveService{2}{type=PrimitiveType{name=test}, name=test} - Executing DefaultCommit{index=33, session=RaftSession{RaftServiceContext{server=1, type=PrimitiveType{name=test}, name=test, id=2}, session=2, timestamp=2018-06-01 02:19:40,226}, time=2018-06-01 02:19:40,226, operation=DefaultOperationId{id=write, type=COMMAND}, value=byte[]{length=17, hash=-1644578928}}
02:19:40.308 [raft-server-3-state] TRACE i.a.p.raft.impl.RaftServiceManager - RaftServer{3} - Applying Indexed{index=33, entry=CommandEntry{term=1, timestamp=2018-06-01 02:19:40,226, session=2, sequence=29, operation=PrimitiveOperation{id=DefaultOperationId{id=write, type=COMMAND}, value=byte[]{length=17, hash=-1644578928}}}}
02:19:40.308 [raft-server-1-state] TRACE i.a.protocols.raft.roles.LeaderRole - RaftServer{1}{role=LEADER} - Sending CommandResponse{status=OK, index=33, eventIndex=2, result=byte[]{length=2, hash=1306}}
02:19:40.308 [raft-server-3-state] TRACE i.a.p.s.impl.DefaultServiceExecutor - PrimitiveService{2}{type=PrimitiveType{name=test}, name=test} - Executing DefaultCommit{index=33, session=RaftSession{RaftServiceContext{server=3, type=PrimitiveType{name=test}, name=test, id=2}, session=2, timestamp=2018-06-01 02:19:40,226}, time=2018-06-01 02:19:40,226, operation=DefaultOperationId{id=write, type=COMMAND}, value=byte[]{length=17, hash=-1644578928}}
02:19:40.309 [raft-client-8d1a11e6-024d-41c6-816f-7d36669ce782-3] TRACE i.a.p.r.p.impl.RaftProxyConnection - PartitionProxy{2}{type=PrimitiveType{name=test}, name=test} - Received CommandResponse{status=OK, index=33, eventIndex=2, result=byte[]{length=2, hash=1306}} from 1
02:19:40.309 [raft-client-8d1a11e6-024d-41c6-816f-7d36669ce782-3] TRACE i.a.p.r.p.impl.RaftProxySequencer - PartitionProxy{2}{type=PrimitiveType{name=test}, name=test} - Completing response CommandResponse{status=OK, index=33, eventIndex=2, result=byte[]{length=2, hash=1306}}
02:19:40.309 [raft-client-8d1a11e6-024d-41c6-816f-7d36669ce782-3] TRACE i.a.p.r.p.impl.RaftProxyConnection - PartitionProxy{2}{type=PrimitiveType{name=test}, name=test} - Sending CommandRequest{session=2, sequence=30, operation=PrimitiveOperation{id=DefaultOperationId{id=write, type=COMMAND}, value=byte[]{length=17, hash=-1644578928}}} to 1
02:19:40.309 [raft-server-1] TRACE i.a.protocols.raft.roles.LeaderRole - RaftServer{1}{role=LEADER} - Received CommandRequest{session=2, sequence=30, operation=PrimitiveOperation{id=DefaultOperationId{id=write, type=COMMAND}, value=byte[]{length=17, hash=-1644578928}}}
02:19:40.310 [raft-server-1] TRACE i.a.protocols.raft.roles.LeaderRole - RaftServer{1}{role=LEADER} - Appended Indexed{index=34, entry=CommandEntry{term=1, timestamp=2018-06-01 02:19:40,309, session=2, sequence=30, operation=PrimitiveOperation{id=DefaultOperationId{id=write, type=COMMAND}, value=byte[]{length=17, hash=-1644578928}}}}
02:19:40.310 [raft-server-1] TRACE i.a.p.raft.roles.LeaderAppender - RaftServer{1} - Sending AppendRequest{term=1, leader=1, prevLogIndex=33, prevLogTerm=1, entries=1, commitIndex=33} to 3
02:19:40.310 [raft-server-3] TRACE i.a.p.raft.roles.FollowerRole - RaftServer{3}{role=FOLLOWER} - Received AppendRequest{term=1, leader=1, prevLogIndex=33, prevLogTerm=1, entries=1, commitIndex=33}
02:19:40.310 [raft-server-3] TRACE i.a.p.raft.roles.FollowerRole - RaftServer{3}{role=FOLLOWER} - Appended Indexed{index=34, entry=CommandEntry{term=1, timestamp=2018-06-01 02:19:40,309, session=2, sequence=30, operation=PrimitiveOperation{id=DefaultOperationId{id=write, type=COMMAND}, value=byte[]{length=17, hash=-1644578928}}}}
02:19:40.310 [raft-server-3] TRACE i.a.p.raft.roles.FollowerRole - RaftServer{3}{role=FOLLOWER} - Sending AppendResponse{status=OK, term=1, succeeded=true, lastLogIndex=34}
02:19:40.311 [raft-server-1] TRACE i.a.p.raft.roles.LeaderAppender - RaftServer{1} - Received AppendResponse{status=OK, term=1, succeeded=true, lastLogIndex=34} from 3
02:19:40.311 [raft-server-1] TRACE i.a.p.raft.roles.LeaderAppender - RaftServer{1} - Committed entries up to 34
02:19:40.332 [raft-server-2] TRACE i.a.p.raft.roles.FollowerRole - RaftServer{2}{role=FOLLOWER} - Committed entries up to index 33
02:19:40.332 [raft-server-2] TRACE i.a.p.raft.roles.FollowerRole - RaftServer{2}{role=FOLLOWER} - Sending AppendResponse{status=OK, term=1, succeeded=true, lastLogIndex=33}
02:19:40.332 [raft-server-2-state] TRACE i.a.p.raft.impl.RaftServiceManager - RaftServer{2} - Applying Indexed{index=33, entry=CommandEntry{term=1, timestamp=2018-06-01 02:19:40,226, session=2, sequence=29, operation=PrimitiveOperation{id=DefaultOperationId{id=write, type=COMMAND}, value=byte[]{length=17, hash=-1644578928}}}}
02:19:40.333 [raft-server-2-state] TRACE i.a.p.s.impl.DefaultServiceExecutor - PrimitiveService{2}{type=PrimitiveType{name=test}, name=test} - Executing DefaultCommit{index=33, session=RaftSession{RaftServiceContext{server=2, type=PrimitiveType{name=test}, name=test, id=2}, session=2, timestamp=2018-06-01 02:19:40,226}, time=2018-06-01 02:19:40,226, operation=DefaultOperationId{id=write, type=COMMAND}, value=byte[]{length=17, hash=-1644578928}}
02:19:40.349 [raft-server-1] TRACE i.a.p.raft.roles.LeaderAppender - RaftServer{1} - Received AppendResponse{status=OK, term=1, succeeded=true, lastLogIndex=33} from 2
02:19:40.349 [raft-server-1] TRACE i.a.p.raft.roles.LeaderAppender - RaftServer{1} - Sending AppendRequest{term=1, leader=1, prevLogIndex=33, prevLogTerm=1, entries=1, commitIndex=34} to 2
02:19:40.349 [raft-server-2] TRACE i.a.p.raft.roles.FollowerRole - RaftServer{2}{role=FOLLOWER} - Received AppendRequest{term=1, leader=1, prevLogIndex=33, prevLogTerm=1, entries=1, commitIndex=34}
02:19:40.349 [raft-server-1-state] TRACE i.a.p.raft.impl.RaftServiceManager - RaftServer{1} - Applying Indexed{index=34, entry=CommandEntry{term=1, timestamp=2018-06-01 02:19:40,309, session=2, sequence=30, operation=PrimitiveOperation{id=DefaultOperationId{id=write, type=COMMAND}, value=byte[]{length=17, hash=-1644578928}}}}
02:19:40.349 [raft-server-2] TRACE i.a.p.raft.roles.FollowerRole - RaftServer{2}{role=FOLLOWER} - Appended Indexed{index=34, entry=CommandEntry{term=1, timestamp=2018-06-01 02:19:40,309, session=2, sequence=30, operation=PrimitiveOperation{id=DefaultOperationId{id=write, type=COMMAND}, value=byte[]{length=17, hash=-1644578928}}}}
02:19:40.349 [raft-server-1-state] TRACE i.a.p.s.impl.DefaultServiceExecutor - PrimitiveService{2}{type=PrimitiveType{name=test}, name=test} - Executing DefaultCommit{index=34, session=RaftSession{RaftServiceContext{server=1, type=PrimitiveType{name=test}, name=test, id=2}, session=2, timestamp=2018-06-01 02:19:40,309}, time=2018-06-01 02:19:40,309, operation=DefaultOperationId{id=write, type=COMMAND}, value=byte[]{length=17, hash=-1644578928}}
02:19:40.350 [raft-server-1-state] TRACE i.a.protocols.raft.roles.LeaderRole - RaftServer{1}{role=LEADER} - Sending CommandResponse{status=OK, index=34, eventIndex=2, result=byte[]{length=2, hash=1308}}
02:19:40.350 [raft-client-8d1a11e6-024d-41c6-816f-7d36669ce782-1] TRACE i.a.p.r.p.impl.RaftProxyConnection - PartitionProxy{2}{type=PrimitiveType{name=test}, name=test} - Received CommandResponse{status=OK, index=34, eventIndex=2, result=byte[]{length=2, hash=1308}} from 1
02:19:40.350 [raft-client-8d1a11e6-024d-41c6-816f-7d36669ce782-1] TRACE i.a.p.r.p.impl.RaftProxySequencer - PartitionProxy{2}{type=PrimitiveType{name=test}, name=test} - Completing response CommandResponse{status=OK, index=34, eventIndex=2, result=byte[]{length=2, hash=1308}}
02:19:40.351 [raft-client-8d1a11e6-024d-41c6-816f-7d36669ce782-1] TRACE i.a.p.r.p.impl.RaftProxyConnection - PartitionProxy{2}{type=PrimitiveType{name=test}, name=test} - Sending CommandRequest{session=2, sequence=31, operation=PrimitiveOperation{id=DefaultOperationId{id=write, type=COMMAND}, value=byte[]{length=17, hash=-1644578928}}} to 1
02:19:40.351 [raft-server-1] TRACE i.a.protocols.raft.roles.LeaderRole - RaftServer{1}{role=LEADER} - Received CommandRequest{session=2, sequence=31, operation=PrimitiveOperation{id=DefaultOperationId{id=write, type=COMMAND}, value=byte[]{length=17, hash=-1644578928}}}
02:19:40.351 [raft-server-1] TRACE i.a.protocols.raft.roles.LeaderRole - RaftServer{1}{role=LEADER} - Appended Indexed{index=35, entry=CommandEntry{term=1, timestamp=2018-06-01 02:19:40,351, session=2, sequence=31, operation=PrimitiveOperation{id=DefaultOperationId{id=write, type=COMMAND}, value=byte[]{length=17, hash=-1644578928}}}}
02:19:40.351 [raft-server-1] TRACE i.a.p.raft.roles.LeaderAppender - RaftServer{1} - Sending AppendRequest{term=1, leader=1, prevLogIndex=34, prevLogTerm=1, entries=1, commitIndex=34} to 3
02:19:40.351 [raft-server-3] TRACE i.a.p.raft.roles.FollowerRole - RaftServer{3}{role=FOLLOWER} - Received AppendRequest{term=1, leader=1, prevLogIndex=34, prevLogTerm=1, entries=1, commitIndex=34}
02:19:40.352 [raft-server-3] TRACE i.a.p.raft.roles.FollowerRole - RaftServer{3}{role=FOLLOWER} - Appended Indexed{index=35, entry=CommandEntry{term=1, timestamp=2018-06-01 02:19:40,351, session=2, sequence=31, operation=PrimitiveOperation{id=DefaultOperationId{id=write, type=COMMAND}, value=byte[]{length=17, hash=-1644578928}}}}
02:19:40.382 [raft-server-2] TRACE i.a.p.raft.roles.FollowerRole - RaftServer{2}{role=FOLLOWER} - Committed entries up to index 34
02:19:40.382 [raft-server-2] TRACE i.a.p.raft.roles.FollowerRole - RaftServer{2}{role=FOLLOWER} - Sending AppendResponse{status=OK, term=1, succeeded=true, lastLogIndex=34}
02:19:40.382 [raft-server-1] TRACE i.a.p.raft.roles.LeaderAppender - RaftServer{1} - Received AppendResponse{status=OK, term=1, succeeded=true, lastLogIndex=34} from 2
02:19:40.382 [raft-server-1] TRACE i.a.p.raft.roles.LeaderAppender - RaftServer{1} - Sending AppendRequest{term=1, leader=1, prevLogIndex=34, prevLogTerm=1, entries=1, commitIndex=34} to 2
02:19:40.382 [raft-server-2-state] TRACE i.a.p.raft.impl.RaftServiceManager - RaftServer{2} - Applying Indexed{index=34, entry=CommandEntry{term=1, timestamp=2018-06-01 02:19:40,309, session=2, sequence=30, operation=PrimitiveOperation{id=DefaultOperationId{id=write, type=COMMAND}, value=byte[]{length=17, hash=-1644578928}}}}
02:19:40.383 [raft-server-2] TRACE i.a.p.raft.roles.FollowerRole - RaftServer{2}{role=FOLLOWER} - Received AppendRequest{term=1, leader=1, prevLogIndex=34, prevLogTerm=1, entries=1, commitIndex=34}
02:19:40.383 [raft-server-2-state] TRACE i.a.p.s.impl.DefaultServiceExecutor - PrimitiveService{2}{type=PrimitiveType{name=test}, name=test} - Executing DefaultCommit{index=34, session=RaftSession{RaftServiceContext{server=2, type=PrimitiveType{name=test}, name=test, id=2}, session=2, timestamp=2018-06-01 02:19:40,309}, time=2018-06-01 02:19:40,309, operation=DefaultOperationId{id=write, type=COMMAND}, value=byte[]{length=17, hash=-1644578928}}
02:19:40.383 [raft-server-2] TRACE i.a.p.raft.roles.FollowerRole - RaftServer{2}{role=FOLLOWER} - Appended Indexed{index=35, entry=CommandEntry{term=1, timestamp=2018-06-01 02:19:40,351, session=2, sequence=31, operation=PrimitiveOperation{id=DefaultOperationId{id=write, type=COMMAND}, value=byte[]{length=17, hash=-1644578928}}}}
02:19:40.383 [raft-server-2] TRACE i.a.p.raft.roles.FollowerRole - RaftServer{2}{role=FOLLOWER} - Sending AppendResponse{status=OK, term=1, succeeded=true, lastLogIndex=35}
02:19:40.383 [raft-server-1] TRACE i.a.p.raft.roles.LeaderAppender - RaftServer{1} - Received AppendResponse{status=OK, term=1, succeeded=true, lastLogIndex=35} from 2
02:19:40.383 [raft-server-1] TRACE i.a.p.raft.roles.LeaderAppender - RaftServer{1} - Committed entries up to 35
02:19:40.408 [raft-server-3] TRACE i.a.p.raft.roles.FollowerRole - RaftServer{3}{role=FOLLOWER} - Committed entries up to index 34
02:19:40.408 [raft-server-3] TRACE i.a.p.raft.roles.FollowerRole - RaftServer{3}{role=FOLLOWER} - Sending AppendResponse{status=OK, term=1, succeeded=true, lastLogIndex=35}
02:19:40.408 [raft-server-3-state] TRACE i.a.p.raft.impl.RaftServiceManager - RaftServer{3} - Applying Indexed{index=34, entry=CommandEntry{term=1, timestamp=2018-06-01 02:19:40,309, session=2, sequence=30, operation=PrimitiveOperation{id=DefaultOperationId{id=write, type=COMMAND}, value=byte[]{length=17, hash=-1644578928}}}}
02:19:40.408 [raft-server-3-state] TRACE i.a.p.s.impl.DefaultServiceExecutor - PrimitiveService{2}{type=PrimitiveType{name=test}, name=test} - Executing DefaultCommit{index=34, session=RaftSession{RaftServiceContext{server=3, type=PrimitiveType{name=test}, name=test, id=2}, session=2, timestamp=2018-06-01 02:19:40,309}, time=2018-06-01 02:19:40,309, operation=DefaultOperationId{id=write, type=COMMAND}, value=byte[]{length=17, hash=-1644578928}}
02:19:40.424 [raft-server-1] TRACE i.a.p.raft.roles.LeaderAppender - RaftServer{1} - Received AppendResponse{status=OK, term=1, succeeded=true, lastLogIndex=35} from 3
02:19:40.424 [raft-server-1-state] TRACE i.a.p.raft.impl.RaftServiceManager - RaftServer{1} - Applying Indexed{index=35, entry=CommandEntry{term=1, timestamp=2018-06-01 02:19:40,351, session=2, sequence=31, operation=PrimitiveOperation{id=DefaultOperationId{id=write, type=COMMAND}, value=byte[]{length=17, hash=-1644578928}}}}
02:19:40.424 [raft-server-1-state] TRACE i.a.p.s.impl.DefaultServiceExecutor - PrimitiveService{2}{type=PrimitiveType{name=test}, name=test} - Executing DefaultCommit{index=35, session=RaftSession{RaftServiceContext{server=1, type=PrimitiveType{name=test}, name=test, id=2}, session=2, timestamp=2018-06-01 02:19:40,351}, time=2018-06-01 02:19:40,351, operation=DefaultOperationId{id=write, type=COMMAND}, value=byte[]{length=17, hash=-1644578928}}
02:19:40.424 [raft-server-1-state] TRACE i.a.protocols.raft.roles.LeaderRole - RaftServer{1}{role=LEADER} - Sending CommandResponse{status=OK, index=35, eventIndex=2, result=byte[]{length=2, hash=1310}}
02:19:40.425 [raft-client-8d1a11e6-024d-41c6-816f-7d36669ce782-7] TRACE i.a.p.r.p.impl.RaftProxyConnection - PartitionProxy{2}{type=PrimitiveType{name=test}, name=test} - Received CommandResponse{status=OK, index=35, eventIndex=2, result=byte[]{length=2, hash=1310}} from 1
02:19:40.425 [raft-client-8d1a11e6-024d-41c6-816f-7d36669ce782-7] TRACE i.a.p.r.p.impl.RaftProxySequencer - PartitionProxy{2}{type=PrimitiveType{name=test}, name=test} - Completing response CommandResponse{status=OK, index=35, eventIndex=2, result=byte[]{length=2, hash=1310}}
02:19:40.426 [raft-client-8d1a11e6-024d-41c6-816f-7d36669ce782-6] TRACE i.a.p.r.p.impl.RaftProxyConnection - PartitionProxy{2}{type=PrimitiveType{name=test}, name=test} - Sending CommandRequest{session=2, sequence=32, operation=PrimitiveOperation{id=DefaultOperationId{id=write, type=COMMAND}, value=byte[]{length=17, hash=-1644578928}}} to 1
02:19:40.426 [raft-server-1] TRACE i.a.protocols.raft.roles.LeaderRole - RaftServer{1}{role=LEADER} - Received CommandRequest{session=2, sequence=32, operation=PrimitiveOperation{id=DefaultOperationId{id=write, type=COMMAND}, value=byte[]{length=17, hash=-1644578928}}}
02:19:40.426 [raft-server-1] TRACE i.a.protocols.raft.roles.LeaderRole - RaftServer{1}{role=LEADER} - Appended Indexed{index=36, entry=CommandEntry{term=1, timestamp=2018-06-01 02:19:40,426, session=2, sequence=32, operation=PrimitiveOperation{id=DefaultOperationId{id=write, type=COMMAND}, value=byte[]{length=17, hash=-1644578928}}}}
02:19:40.426 [raft-server-1] TRACE i.a.p.raft.roles.LeaderAppender - RaftServer{1} - Sending AppendRequest{term=1, leader=1, prevLogIndex=35, prevLogTerm=1, entries=1, commitIndex=35} to 2
02:19:40.426 [raft-server-2] TRACE i.a.p.raft.roles.FollowerRole - RaftServer{2}{role=FOLLOWER} - Received AppendRequest{term=1, leader=1, prevLogIndex=35, prevLogTerm=1, entries=1, commitIndex=35}
02:19:40.427 [raft-server-1] TRACE i.a.p.raft.roles.LeaderAppender - RaftServer{1} - Sending AppendRequest{term=1, leader=1, prevLogIndex=35, prevLogTerm=1, entries=1, commitIndex=35} to 3
02:19:40.427 [raft-server-3] TRACE i.a.p.raft.roles.FollowerRole - RaftServer{3}{role=FOLLOWER} - Received AppendRequest{term=1, leader=1, prevLogIndex=35, prevLogTerm=1, entries=1, commitIndex=35}
02:19:40.427 [raft-server-2] TRACE i.a.p.raft.roles.FollowerRole - RaftServer{2}{role=FOLLOWER} - Appended Indexed{index=36, entry=CommandEntry{term=1, timestamp=2018-06-01 02:19:40,426, session=2, sequence=32, operation=PrimitiveOperation{id=DefaultOperationId{id=write, type=COMMAND}, value=byte[]{length=17, hash=-1644578928}}}}
02:19:40.427 [raft-server-3] TRACE i.a.p.raft.roles.FollowerRole - RaftServer{3}{role=FOLLOWER} - Appended Indexed{index=36, entry=CommandEntry{term=1, timestamp=2018-06-01 02:19:40,426, session=2, sequence=32, operation=PrimitiveOperation{id=DefaultOperationId{id=write, type=COMMAND}, value=byte[]{length=17, hash=-1644578928}}}}
02:19:40.457 [raft-server-2] TRACE i.a.p.raft.roles.FollowerRole - RaftServer{2}{role=FOLLOWER} - Committed entries up to index 35
02:19:40.457 [raft-server-2] TRACE i.a.p.raft.roles.FollowerRole - RaftServer{2}{role=FOLLOWER} - Sending AppendResponse{status=OK, term=1, succeeded=true, lastLogIndex=36}
02:19:40.457 [raft-server-1] TRACE i.a.p.raft.roles.LeaderAppender - RaftServer{1} - Received AppendResponse{status=OK, term=1, succeeded=true, lastLogIndex=36} from 2
02:19:40.457 [raft-server-1] TRACE i.a.p.raft.roles.LeaderAppender - RaftServer{1} - Committed entries up to 36
02:19:40.457 [raft-server-2-state] TRACE i.a.p.raft.impl.RaftServiceManager - RaftServer{2} - Applying Indexed{index=35, entry=CommandEntry{term=1, timestamp=2018-06-01 02:19:40,351, session=2, sequence=31, operation=PrimitiveOperation{id=DefaultOperationId{id=write, type=COMMAND}, value=byte[]{length=17, hash=-1644578928}}}}
02:19:40.458 [raft-server-2-state] TRACE i.a.p.s.impl.DefaultServiceExecutor - PrimitiveService{2}{type=PrimitiveType{name=test}, name=test} - Executing DefaultCommit{index=35, session=RaftSession{RaftServiceContext{server=2, type=PrimitiveType{name=test}, name=test, id=2}, session=2, timestamp=2018-06-01 02:19:40,351}, time=2018-06-01 02:19:40,351, operation=DefaultOperationId{id=write, type=COMMAND}, value=byte[]{length=17, hash=-1644578928}}
02:19:40.482 [raft-server-3] TRACE i.a.p.raft.roles.FollowerRole - RaftServer{3}{role=FOLLOWER} - Committed entries up to index 35
02:19:40.482 [raft-server-3] TRACE i.a.p.raft.roles.FollowerRole - RaftServer{3}{role=FOLLOWER} - Sending AppendResponse{status=OK, term=1, succeeded=true, lastLogIndex=36}
02:19:40.482 [raft-server-3-state] TRACE i.a.p.raft.impl.RaftServiceManager - RaftServer{3} - Applying Indexed{index=35, entry=CommandEntry{term=1, timestamp=2018-06-01 02:19:40,351, session=2, sequence=31, operation=PrimitiveOperation{id=DefaultOperationId{id=write, type=COMMAND}, value=byte[]{length=17, hash=-1644578928}}}}
02:19:40.482 [raft-server-3-state] TRACE i.a.p.s.impl.DefaultServiceExecutor - PrimitiveService{2}{type=PrimitiveType{name=test}, name=test} - Executing DefaultCommit{index=35, session=RaftSession{RaftServiceContext{server=3, type=PrimitiveType{name=test}, name=test, id=2}, session=2, timestamp=2018-06-01 02:19:40,351}, time=2018-06-01 02:19:40,351, operation=DefaultOperationId{id=write, type=COMMAND}, value=byte[]{length=17, hash=-1644578928}}
02:19:40.499 [raft-server-1] TRACE i.a.p.raft.roles.LeaderAppender - RaftServer{1} - Sending AppendRequest{term=1, leader=1, prevLogIndex=36, prevLogTerm=1, entries=0, commitIndex=36} to 2
02:19:40.499 [raft-server-2] TRACE i.a.p.raft.roles.FollowerRole - RaftServer{2}{role=FOLLOWER} - Received AppendRequest{term=1, leader=1, prevLogIndex=36, prevLogTerm=1, entries=0, commitIndex=36}
02:19:40.499 [raft-server-1] TRACE i.a.p.raft.roles.LeaderAppender - RaftServer{1} - Received AppendResponse{status=OK, term=1, succeeded=true, lastLogIndex=36} from 3
02:19:40.499 [raft-server-1] TRACE i.a.p.raft.roles.LeaderAppender - RaftServer{1} - Sending AppendRequest{term=1, leader=1, prevLogIndex=36, prevLogTerm=1, entries=0, commitIndex=36} to 3
02:19:40.499 [raft-server-3] TRACE i.a.p.raft.roles.FollowerRole - RaftServer{3}{role=FOLLOWER} - Received AppendRequest{term=1, leader=1, prevLogIndex=36, prevLogTerm=1, entries=0, commitIndex=36}
02:19:40.499 [raft-server-1-state] TRACE i.a.p.raft.impl.RaftServiceManager - RaftServer{1} - Applying Indexed{index=36, entry=CommandEntry{term=1, timestamp=2018-06-01 02:19:40,426, session=2, sequence=32, operation=PrimitiveOperation{id=DefaultOperationId{id=write, type=COMMAND}, value=byte[]{length=17, hash=-1644578928}}}}
02:19:40.500 [raft-server-1-state] TRACE i.a.p.s.impl.DefaultServiceExecutor - PrimitiveService{2}{type=PrimitiveType{name=test}, name=test} - Executing DefaultCommit{index=36, session=RaftSession{RaftServiceContext{server=1, type=PrimitiveType{name=test}, name=test, id=2}, session=2, timestamp=2018-06-01 02:19:40,426}, time=2018-06-01 02:19:40,426, operation=DefaultOperationId{id=write, type=COMMAND}, value=byte[]{length=17, hash=-1644578928}}
02:19:40.500 [raft-server-1-state] TRACE i.a.protocols.raft.roles.LeaderRole - RaftServer{1}{role=LEADER} - Sending CommandResponse{status=OK, index=36, eventIndex=2, result=byte[]{length=2, hash=1312}}
02:19:40.500 [raft-client-8d1a11e6-024d-41c6-816f-7d36669ce782-5] TRACE i.a.p.r.p.impl.RaftProxyConnection - PartitionProxy{2}{type=PrimitiveType{name=test}, name=test} - Received CommandResponse{status=OK, index=36, eventIndex=2, result=byte[]{length=2, hash=1312}} from 1
02:19:40.500 [raft-client-8d1a11e6-024d-41c6-816f-7d36669ce782-5] TRACE i.a.p.r.p.impl.RaftProxySequencer - PartitionProxy{2}{type=PrimitiveType{name=test}, name=test} - Completing response CommandResponse{status=OK, index=36, eventIndex=2, result=byte[]{length=2, hash=1312}}
02:19:40.501 [raft-client-8d1a11e6-024d-41c6-816f-7d36669ce782-5] TRACE i.a.p.r.p.impl.RaftProxyConnection - PartitionProxy{2}{type=PrimitiveType{name=test}, name=test} - Sending CommandRequest{session=2, sequence=33, operation=PrimitiveOperation{id=DefaultOperationId{id=write, type=COMMAND}, value=byte[]{length=17, hash=-1644578928}}} to 1
02:19:40.501 [raft-server-1] TRACE i.a.protocols.raft.roles.LeaderRole - RaftServer{1}{role=LEADER} - Received CommandRequest{session=2, sequence=33, operation=PrimitiveOperation{id=DefaultOperationId{id=write, type=COMMAND}, value=byte[]{length=17, hash=-1644578928}}}
02:19:40.501 [raft-server-1] TRACE i.a.protocols.raft.roles.LeaderRole - RaftServer{1}{role=LEADER} - Appended Indexed{index=37, entry=CommandEntry{term=1, timestamp=2018-06-01 02:19:40,501, session=2, sequence=33, operation=PrimitiveOperation{id=DefaultOperationId{id=write, type=COMMAND}, value=byte[]{length=17, hash=-1644578928}}}}
02:19:40.515 [raft-server-2] TRACE i.a.p.raft.roles.FollowerRole - RaftServer{2}{role=FOLLOWER} - Committed entries up to index 36
02:19:40.515 [raft-server-2] TRACE i.a.p.raft.roles.FollowerRole - RaftServer{2}{role=FOLLOWER} - Sending AppendResponse{status=OK, term=1, succeeded=true, lastLogIndex=36}
02:19:40.516 [raft-server-1] TRACE i.a.p.raft.roles.LeaderAppender - RaftServer{1} - Received AppendResponse{status=OK, term=1, succeeded=true, lastLogIndex=36} from 2
02:19:40.516 [raft-server-1] TRACE i.a.p.raft.roles.LeaderAppender - RaftServer{1} - Sending AppendRequest{term=1, leader=1, prevLogIndex=36, prevLogTerm=1, entries=1, commitIndex=36} to 2
02:19:40.516 [raft-server-2-state] TRACE i.a.p.raft.impl.RaftServiceManager - RaftServer{2} - Applying Indexed{index=36, entry=CommandEntry{term=1, timestamp=2018-06-01 02:19:40,426, session=2, sequence=32, operation=PrimitiveOperation{id=DefaultOperationId{id=write, type=COMMAND}, value=byte[]{length=17, hash=-1644578928}}}}
02:19:40.516 [raft-server-2] TRACE i.a.p.raft.roles.FollowerRole - RaftServer{2}{role=FOLLOWER} - Received AppendRequest{term=1, leader=1, prevLogIndex=36, prevLogTerm=1, entries=1, commitIndex=36}
02:19:40.516 [raft-server-2-state] TRACE i.a.p.s.impl.DefaultServiceExecutor - PrimitiveService{2}{type=PrimitiveType{name=test}, name=test} - Executing DefaultCommit{index=36, session=RaftSession{RaftServiceContext{server=2, type=PrimitiveType{name=test}, name=test, id=2}, session=2, timestamp=2018-06-01 02:19:40,426}, time=2018-06-01 02:19:40,426, operation=DefaultOperationId{id=write, type=COMMAND}, value=byte[]{length=17, hash=-1644578928}}
02:19:40.516 [raft-server-2] TRACE i.a.p.raft.roles.FollowerRole - RaftServer{2}{role=FOLLOWER} - Appended Indexed{index=37, entry=CommandEntry{term=1, timestamp=2018-06-01 02:19:40,501, session=2, sequence=33, operation=PrimitiveOperation{id=DefaultOperationId{id=write, type=COMMAND}, value=byte[]{length=17, hash=-1644578928}}}}
02:19:40.516 [raft-server-2] TRACE i.a.p.raft.roles.FollowerRole - RaftServer{2}{role=FOLLOWER} - Sending AppendResponse{status=OK, term=1, succeeded=true, lastLogIndex=37}
02:19:40.516 [raft-server-1] TRACE i.a.p.raft.roles.LeaderAppender - RaftServer{1} - Received AppendResponse{status=OK, term=1, succeeded=true, lastLogIndex=37} from 2
02:19:40.516 [raft-server-1] TRACE i.a.p.raft.roles.LeaderAppender - RaftServer{1} - Committed entries up to 37
02:19:40.542 [raft-server-3] TRACE i.a.p.raft.roles.FollowerRole - RaftServer{3}{role=FOLLOWER} - Committed entries up to index 36
02:19:40.542 [raft-server-3] TRACE i.a.p.raft.roles.FollowerRole - RaftServer{3}{role=FOLLOWER} - Sending AppendResponse{status=OK, term=1, succeeded=true, lastLogIndex=36}
02:19:40.542 [raft-server-3-state] TRACE i.a.p.raft.impl.RaftServiceManager - RaftServer{3} - Applying Indexed{index=36, entry=CommandEntry{term=1, timestamp=2018-06-01 02:19:40,426, session=2, sequence=32, operation=PrimitiveOperation{id=DefaultOperationId{id=write, type=COMMAND}, value=byte[]{length=17, hash=-1644578928}}}}
02:19:40.543 [raft-server-3-state] TRACE i.a.p.s.impl.DefaultServiceExecutor - PrimitiveService{2}{type=PrimitiveType{name=test}, name=test} - Executing DefaultCommit{index=36, session=RaftSession{RaftServiceContext{server=3, type=PrimitiveType{name=test}, name=test, id=2}, session=2, timestamp=2018-06-01 02:19:40,426}, time=2018-06-01 02:19:40,426, operation=DefaultOperationId{id=write, type=COMMAND}, value=byte[]{length=17, hash=-1644578928}}
02:19:40.557 [raft-server-1] TRACE i.a.p.raft.roles.LeaderAppender - RaftServer{1} - Received AppendResponse{status=OK, term=1, succeeded=true, lastLogIndex=36} from 3
02:19:40.557 [raft-server-1] TRACE i.a.p.raft.roles.LeaderAppender - RaftServer{1} - Sending AppendRequest{term=1, leader=1, prevLogIndex=36, prevLogTerm=1, entries=1, commitIndex=37} to 3
02:19:40.557 [raft-server-3] TRACE i.a.p.raft.roles.FollowerRole - RaftServer{3}{role=FOLLOWER} - Received AppendRequest{term=1, leader=1, prevLogIndex=36, prevLogTerm=1, entries=1, commitIndex=37}
02:19:40.557 [raft-server-1-state] TRACE i.a.p.raft.impl.RaftServiceManager - RaftServer{1} - Applying Indexed{index=37, entry=CommandEntry{term=1, timestamp=2018-06-01 02:19:40,501, session=2, sequence=33, operation=PrimitiveOperation{id=DefaultOperationId{id=write, type=COMMAND}, value=byte[]{length=17, hash=-1644578928}}}}
02:19:40.558 [raft-server-3] TRACE i.a.p.raft.roles.FollowerRole - RaftServer{3}{role=FOLLOWER} - Appended Indexed{index=37, entry=CommandEntry{term=1, timestamp=2018-06-01 02:19:40,501, session=2, sequence=33, operation=PrimitiveOperation{id=DefaultOperationId{id=write, type=COMMAND}, value=byte[]{length=17, hash=-1644578928}}}}
02:19:40.558 [raft-server-1-state] TRACE i.a.p.s.impl.DefaultServiceExecutor - PrimitiveService{2}{type=PrimitiveType{name=test}, name=test} - Executing DefaultCommit{index=37, session=RaftSession{RaftServiceContext{server=1, type=PrimitiveType{name=test}, name=test, id=2}, session=2, timestamp=2018-06-01 02:19:40,501}, time=2018-06-01 02:19:40,501, operation=DefaultOperationId{id=write, type=COMMAND}, value=byte[]{length=17, hash=-1644578928}}
02:19:40.558 [raft-server-1-state] TRACE i.a.protocols.raft.roles.LeaderRole - RaftServer{1}{role=LEADER} - Sending CommandResponse{status=OK, index=37, eventIndex=2, result=byte[]{length=2, hash=1314}}
02:19:40.558 [raft-client-8d1a11e6-024d-41c6-816f-7d36669ce782-7] TRACE i.a.p.r.p.impl.RaftProxyConnection - PartitionProxy{2}{type=PrimitiveType{name=test}, name=test} - Received CommandResponse{status=OK, index=37, eventIndex=2, result=byte[]{length=2, hash=1314}} from 1
02:19:40.558 [raft-client-8d1a11e6-024d-41c6-816f-7d36669ce782-7] TRACE i.a.p.r.p.impl.RaftProxySequencer - PartitionProxy{2}{type=PrimitiveType{name=test}, name=test} - Completing response CommandResponse{status=OK, index=37, eventIndex=2, result=byte[]{length=2, hash=1314}}
02:19:40.559 [raft-client-8d1a11e6-024d-41c6-816f-7d36669ce782-1] TRACE i.a.p.r.p.impl.RaftProxyConnection - PartitionProxy{2}{type=PrimitiveType{name=test}, name=test} - Sending CommandRequest{session=2, sequence=34, operation=PrimitiveOperation{id=DefaultOperationId{id=write, type=COMMAND}, value=byte[]{length=17, hash=-1644578928}}} to 1
02:19:40.559 [raft-server-1] TRACE i.a.protocols.raft.roles.LeaderRole - RaftServer{1}{role=LEADER} - Received CommandRequest{session=2, sequence=34, operation=PrimitiveOperation{id=DefaultOperationId{id=write, type=COMMAND}, value=byte[]{length=17, hash=-1644578928}}}
02:19:40.559 [raft-server-1] TRACE i.a.protocols.raft.roles.LeaderRole - RaftServer{1}{role=LEADER} - Appended Indexed{index=38, entry=CommandEntry{term=1, timestamp=2018-06-01 02:19:40,559, session=2, sequence=34, operation=PrimitiveOperation{id=DefaultOperationId{id=write, type=COMMAND}, value=byte[]{length=17, hash=-1644578928}}}}
02:19:40.560 [raft-server-1] TRACE i.a.p.raft.roles.LeaderAppender - RaftServer{1} - Sending AppendRequest{term=1, leader=1, prevLogIndex=37, prevLogTerm=1, entries=1, commitIndex=37} to 2
02:19:40.560 [raft-server-2] TRACE i.a.p.raft.roles.FollowerRole - RaftServer{2}{role=FOLLOWER} - Received AppendRequest{term=1, leader=1, prevLogIndex=37, prevLogTerm=1, entries=1, commitIndex=37}
02:19:40.560 [raft-server-2] TRACE i.a.p.raft.roles.FollowerRole - RaftServer{2}{role=FOLLOWER} - Appended Indexed{index=38, entry=CommandEntry{term=1, timestamp=2018-06-01 02:19:40,559, session=2, sequence=34, operation=PrimitiveOperation{id=DefaultOperationId{id=write, type=COMMAND}, value=byte[]{length=17, hash=-1644578928}}}}
02:19:40.599 [raft-server-3] TRACE i.a.p.raft.roles.FollowerRole - RaftServer{3}{role=FOLLOWER} - Committed entries up to index 37
02:19:40.599 [raft-server-3] TRACE i.a.p.raft.roles.FollowerRole - RaftServer{3}{role=FOLLOWER} - Sending AppendResponse{status=OK, term=1, succeeded=true, lastLogIndex=37}
02:19:40.599 [raft-server-1] TRACE i.a.p.raft.roles.LeaderAppender - RaftServer{1} - Received AppendResponse{status=OK, term=1, succeeded=true, lastLogIndex=37} from 3
02:19:40.599 [raft-server-1] TRACE i.a.p.raft.roles.LeaderAppender - RaftServer{1} - Sending AppendRequest{term=1, leader=1, prevLogIndex=37, prevLogTerm=1, entries=1, commitIndex=37} to 3
02:19:40.599 [raft-server-3-state] TRACE i.a.p.raft.impl.RaftServiceManager - RaftServer{3} - Applying Indexed{index=37, entry=CommandEntry{term=1, timestamp=2018-06-01 02:19:40,501, session=2, sequence=33, operation=PrimitiveOperation{id=DefaultOperationId{id=write, type=COMMAND}, value=byte[]{length=17, hash=-1644578928}}}}
02:19:40.599 [raft-server-3] TRACE i.a.p.raft.roles.FollowerRole - RaftServer{3}{role=FOLLOWER} - Received AppendRequest{term=1, leader=1, prevLogIndex=37, prevLogTerm=1, entries=1, commitIndex=37}
02:19:40.599 [raft-server-3-state] TRACE i.a.p.s.impl.DefaultServiceExecutor - PrimitiveService{2}{type=PrimitiveType{name=test}, name=test} - Executing DefaultCommit{index=37, session=RaftSession{RaftServiceContext{server=3, type=PrimitiveType{name=test}, name=test, id=2}, session=2, timestamp=2018-06-01 02:19:40,501}, time=2018-06-01 02:19:40,501, operation=DefaultOperationId{id=write, type=COMMAND}, value=byte[]{length=17, hash=-1644578928}}
02:19:40.600 [raft-server-3] TRACE i.a.p.raft.roles.FollowerRole - RaftServer{3}{role=FOLLOWER} - Appended Indexed{index=38, entry=CommandEntry{term=1, timestamp=2018-06-01 02:19:40,559, session=2, sequence=34, operation=PrimitiveOperation{id=DefaultOperationId{id=write, type=COMMAND}, value=byte[]{length=17, hash=-1644578928}}}}
02:19:40.600 [raft-server-3] TRACE i.a.p.raft.roles.FollowerRole - RaftServer{3}{role=FOLLOWER} - Sending AppendResponse{status=OK, term=1, succeeded=true, lastLogIndex=38}
02:19:40.600 [raft-server-1] TRACE i.a.p.raft.roles.LeaderAppender - RaftServer{1} - Received AppendResponse{status=OK, term=1, succeeded=true, lastLogIndex=38} from 3
02:19:40.600 [raft-server-1] TRACE i.a.p.raft.roles.LeaderAppender - RaftServer{1} - Committed entries up to 38
02:19:40.622 [raft-server-2] TRACE i.a.p.raft.roles.FollowerRole - RaftServer{2}{role=FOLLOWER} - Committed entries up to index 37
02:19:40.622 [raft-server-2] TRACE i.a.p.raft.roles.FollowerRole - RaftServer{2}{role=FOLLOWER} - Sending AppendResponse{status=OK, term=1, succeeded=true, lastLogIndex=38}
02:19:40.623 [raft-server-2-state] TRACE i.a.p.raft.impl.RaftServiceManager - RaftServer{2} - Applying Indexed{index=37, entry=CommandEntry{term=1, timestamp=2018-06-01 02:19:40,501, session=2, sequence=33, operation=PrimitiveOperation{id=DefaultOperationId{id=write, type=COMMAND}, value=byte[]{length=17, hash=-1644578928}}}}
02:19:40.623 [raft-server-2-state] TRACE i.a.p.s.impl.DefaultServiceExecutor - PrimitiveService{2}{type=PrimitiveType{name=test}, name=test} - Executing DefaultCommit{index=37, session=RaftSession{RaftServiceContext{server=2, type=PrimitiveType{name=test}, name=test, id=2}, session=2, timestamp=2018-06-01 02:19:40,501}, time=2018-06-01 02:19:40,501, operation=DefaultOperationId{id=write, type=COMMAND}, value=byte[]{length=17, hash=-1644578928}}
02:19:40.647 [raft-server-1] TRACE i.a.p.raft.roles.LeaderAppender - RaftServer{1} - Received AppendResponse{status=OK, term=1, succeeded=true, lastLogIndex=38} from 2
02:19:40.647 [raft-server-1-state] TRACE i.a.p.raft.impl.RaftServiceManager - RaftServer{1} - Applying Indexed{index=38, entry=CommandEntry{term=1, timestamp=2018-06-01 02:19:40,559, session=2, sequence=34, operation=PrimitiveOperation{id=DefaultOperationId{id=write, type=COMMAND}, value=byte[]{length=17, hash=-1644578928}}}}
02:19:40.648 [raft-server-1-state] TRACE i.a.p.s.impl.DefaultServiceExecutor - PrimitiveService{2}{type=PrimitiveType{name=test}, name=test} - Executing DefaultCommit{index=38, session=RaftSession{RaftServiceContext{server=1, type=PrimitiveType{name=test}, name=test, id=2}, session=2, timestamp=2018-06-01 02:19:40,559}, time=2018-06-01 02:19:40,559, operation=DefaultOperationId{id=write, type=COMMAND}, value=byte[]{length=17, hash=-1644578928}}
02:19:40.648 [raft-server-1-state] TRACE i.a.protocols.raft.roles.LeaderRole - RaftServer{1}{role=LEADER} - Sending CommandResponse{status=OK, index=38, eventIndex=2, result=byte[]{length=2, hash=1316}}
02:19:40.648 [raft-client-8d1a11e6-024d-41c6-816f-7d36669ce782-0] TRACE i.a.p.r.p.impl.RaftProxyConnection - PartitionProxy{2}{type=PrimitiveType{name=test}, name=test} - Received CommandResponse{status=OK, index=38, eventIndex=2, result=byte[]{length=2, hash=1316}} from 1
02:19:40.648 [raft-client-8d1a11e6-024d-41c6-816f-7d36669ce782-0] TRACE i.a.p.r.p.impl.RaftProxySequencer - PartitionProxy{2}{type=PrimitiveType{name=test}, name=test} - Completing response CommandResponse{status=OK, index=38, eventIndex=2, result=byte[]{length=2, hash=1316}}
02:19:40.649 [raft-client-8d1a11e6-024d-41c6-816f-7d36669ce782-3] TRACE i.a.p.r.p.impl.RaftProxyConnection - PartitionProxy{2}{type=PrimitiveType{name=test}, name=test} - Sending CommandRequest{session=2, sequence=35, operation=PrimitiveOperation{id=DefaultOperationId{id=write, type=COMMAND}, value=byte[]{length=17, hash=-1644578928}}} to 1
02:19:40.649 [raft-server-1] TRACE i.a.protocols.raft.roles.LeaderRole - RaftServer{1}{role=LEADER} - Received CommandRequest{session=2, sequence=35, operation=PrimitiveOperation{id=DefaultOperationId{id=write, type=COMMAND}, value=byte[]{length=17, hash=-1644578928}}}
02:19:40.649 [raft-server-1] TRACE i.a.protocols.raft.roles.LeaderRole - RaftServer{1}{role=LEADER} - Appended Indexed{index=39, entry=CommandEntry{term=1, timestamp=2018-06-01 02:19:40,649, session=2, sequence=35, operation=PrimitiveOperation{id=DefaultOperationId{id=write, type=COMMAND}, value=byte[]{length=17, hash=-1644578928}}}}
02:19:40.650 [raft-server-1] TRACE i.a.p.raft.roles.LeaderAppender - RaftServer{1} - Sending AppendRequest{term=1, leader=1, prevLogIndex=38, prevLogTerm=1, entries=1, commitIndex=38} to 2
02:19:40.650 [raft-server-2] TRACE i.a.p.raft.roles.FollowerRole - RaftServer{2}{role=FOLLOWER} - Received AppendRequest{term=1, leader=1, prevLogIndex=38, prevLogTerm=1, entries=1, commitIndex=38}
02:19:40.650 [raft-server-1] TRACE i.a.p.raft.roles.LeaderAppender - RaftServer{1} - Sending AppendRequest{term=1, leader=1, prevLogIndex=38, prevLogTerm=1, entries=1, commitIndex=38} to 3
02:19:40.650 [raft-server-3] TRACE i.a.p.raft.roles.FollowerRole - RaftServer{3}{role=FOLLOWER} - Received AppendRequest{term=1, leader=1, prevLogIndex=38, prevLogTerm=1, entries=1, commitIndex=38}
02:19:40.650 [raft-server-2] TRACE i.a.p.raft.roles.FollowerRole - RaftServer{2}{role=FOLLOWER} - Appended Indexed{index=39, entry=CommandEntry{term=1, timestamp=2018-06-01 02:19:40,649, session=2, sequence=35, operation=PrimitiveOperation{id=DefaultOperationId{id=write, type=COMMAND}, value=byte[]{length=17, hash=-1644578928}}}}
02:19:40.650 [raft-server-3] TRACE i.a.p.raft.roles.FollowerRole - RaftServer{3}{role=FOLLOWER} - Appended Indexed{index=39, entry=CommandEntry{term=1, timestamp=2018-06-01 02:19:40,649, session=2, sequence=35, operation=PrimitiveOperation{id=DefaultOperationId{id=write, type=COMMAND}, value=byte[]{length=17, hash=-1644578928}}}}
02:19:40.680 [raft-server-2] TRACE i.a.p.raft.roles.FollowerRole - RaftServer{2}{role=FOLLOWER} - Committed entries up to index 38
02:19:40.680 [raft-server-3] TRACE i.a.p.raft.roles.FollowerRole - RaftServer{3}{role=FOLLOWER} - Committed entries up to index 38
02:19:40.681 [raft-server-2] TRACE i.a.p.raft.roles.FollowerRole - RaftServer{2}{role=FOLLOWER} - Sending AppendResponse{status=OK, term=1, succeeded=true, lastLogIndex=39}
02:19:40.681 [raft-server-3] TRACE i.a.p.raft.roles.FollowerRole - RaftServer{3}{role=FOLLOWER} - Sending AppendResponse{status=OK, term=1, succeeded=true, lastLogIndex=39}
02:19:40.681 [raft-server-1] TRACE i.a.p.raft.roles.LeaderAppender - RaftServer{1} - Received AppendResponse{status=OK, term=1, succeeded=true, lastLogIndex=39} from 2
02:19:40.681 [raft-server-1] TRACE i.a.p.raft.roles.LeaderAppender - RaftServer{1} - Committed entries up to 39
02:19:40.681 [raft-server-2-state] TRACE i.a.p.raft.impl.RaftServiceManager - RaftServer{2} - Applying Indexed{index=38, entry=CommandEntry{term=1, timestamp=2018-06-01 02:19:40,559, session=2, sequence=34, operation=PrimitiveOperation{id=DefaultOperationId{id=write, type=COMMAND}, value=byte[]{length=17, hash=-1644578928}}}}
02:19:40.681 [raft-server-3-state] TRACE i.a.p.raft.impl.RaftServiceManager - RaftServer{3} - Applying Indexed{index=38, entry=CommandEntry{term=1, timestamp=2018-06-01 02:19:40,559, session=2, sequence=34, operation=PrimitiveOperation{id=DefaultOperationId{id=write, type=COMMAND}, value=byte[]{length=17, hash=-1644578928}}}}
02:19:40.681 [raft-server-2-state] TRACE i.a.p.s.impl.DefaultServiceExecutor - PrimitiveService{2}{type=PrimitiveType{name=test}, name=test} - Executing DefaultCommit{index=38, session=RaftSession{RaftServiceContext{server=2, type=PrimitiveType{name=test}, name=test, id=2}, session=2, timestamp=2018-06-01 02:19:40,559}, time=2018-06-01 02:19:40,559, operation=DefaultOperationId{id=write, type=COMMAND}, value=byte[]{length=17, hash=-1644578928}}
02:19:40.681 [raft-server-3-state] TRACE i.a.p.s.impl.DefaultServiceExecutor - PrimitiveService{2}{type=PrimitiveType{name=test}, name=test} - Executing DefaultCommit{index=38, session=RaftSession{RaftServiceContext{server=3, type=PrimitiveType{name=test}, name=test, id=2}, session=2, timestamp=2018-06-01 02:19:40,559}, time=2018-06-01 02:19:40,559, operation=DefaultOperationId{id=write, type=COMMAND}, value=byte[]{length=17, hash=-1644578928}}
02:19:40.714 [raft-server-1] TRACE i.a.p.raft.roles.LeaderAppender - RaftServer{1} - Received AppendResponse{status=OK, term=1, succeeded=true, lastLogIndex=39} from 3
02:19:40.714 [raft-server-1-state] TRACE i.a.p.raft.impl.RaftServiceManager - RaftServer{1} - Applying Indexed{index=39, entry=CommandEntry{term=1, timestamp=2018-06-01 02:19:40,649, session=2, sequence=35, operation=PrimitiveOperation{id=DefaultOperationId{id=write, type=COMMAND}, value=byte[]{length=17, hash=-1644578928}}}}
02:19:40.714 [raft-server-1-state] TRACE i.a.p.s.impl.DefaultServiceExecutor - PrimitiveService{2}{type=PrimitiveType{name=test}, name=test} - Executing DefaultCommit{index=39, session=RaftSession{RaftServiceContext{server=1, type=PrimitiveType{name=test}, name=test, id=2}, session=2, timestamp=2018-06-01 02:19:40,649}, time=2018-06-01 02:19:40,649, operation=DefaultOperationId{id=write, type=COMMAND}, value=byte[]{length=17, hash=-1644578928}}
02:19:40.715 [raft-server-1-state] TRACE i.a.protocols.raft.roles.LeaderRole - RaftServer{1}{role=LEADER} - Sending CommandResponse{status=OK, index=39, eventIndex=2, result=byte[]{length=2, hash=1318}}
02:19:40.715 [raft-client-8d1a11e6-024d-41c6-816f-7d36669ce782-2] TRACE i.a.p.r.p.impl.RaftProxyConnection - PartitionProxy{2}{type=PrimitiveType{name=test}, name=test} - Received CommandResponse{status=OK, index=39, eventIndex=2, result=byte[]{length=2, hash=1318}} from 1
02:19:40.715 [raft-client-8d1a11e6-024d-41c6-816f-7d36669ce782-2] TRACE i.a.p.r.p.impl.RaftProxySequencer - PartitionProxy{2}{type=PrimitiveType{name=test}, name=test} - Completing response CommandResponse{status=OK, index=39, eventIndex=2, result=byte[]{length=2, hash=1318}}
02:19:40.716 [raft-client-8d1a11e6-024d-41c6-816f-7d36669ce782-2] TRACE i.a.p.r.p.impl.RaftProxyConnection - PartitionProxy{2}{type=PrimitiveType{name=test}, name=test} - Sending CommandRequest{session=2, sequence=36, operation=PrimitiveOperation{id=DefaultOperationId{id=write, type=COMMAND}, value=byte[]{length=17, hash=-1644578928}}} to 1
02:19:40.716 [raft-server-1] TRACE i.a.protocols.raft.roles.LeaderRole - RaftServer{1}{role=LEADER} - Received CommandRequest{session=2, sequence=36, operation=PrimitiveOperation{id=DefaultOperationId{id=write, type=COMMAND}, value=byte[]{length=17, hash=-1644578928}}}
02:19:40.716 [raft-server-1] TRACE i.a.protocols.raft.roles.LeaderRole - RaftServer{1}{role=LEADER} - Appended Indexed{index=40, entry=CommandEntry{term=1, timestamp=2018-06-01 02:19:40,716, session=2, sequence=36, operation=PrimitiveOperation{id=DefaultOperationId{id=write, type=COMMAND}, value=byte[]{length=17, hash=-1644578928}}}}
02:19:40.716 [raft-server-1] TRACE i.a.p.raft.roles.LeaderAppender - RaftServer{1} - Sending AppendRequest{term=1, leader=1, prevLogIndex=39, prevLogTerm=1, entries=1, commitIndex=39} to 2
02:19:40.716 [raft-server-2] TRACE i.a.p.raft.roles.FollowerRole - RaftServer{2}{role=FOLLOWER} - Received AppendRequest{term=1, leader=1, prevLogIndex=39, prevLogTerm=1, entries=1, commitIndex=39}
02:19:40.716 [raft-server-1] TRACE i.a.p.raft.roles.LeaderAppender - RaftServer{1} - Sending AppendRequest{term=1, leader=1, prevLogIndex=39, prevLogTerm=1, entries=1, commitIndex=39} to 3
02:19:40.717 [raft-server-2] TRACE i.a.p.raft.roles.FollowerRole - RaftServer{2}{role=FOLLOWER} - Appended Indexed{index=40, entry=CommandEntry{term=1, timestamp=2018-06-01 02:19:40,716, session=2, sequence=36, operation=PrimitiveOperation{id=DefaultOperationId{id=write, type=COMMAND}, value=byte[]{length=17, hash=-1644578928}}}}
02:19:40.717 [raft-server-3] TRACE i.a.p.raft.roles.FollowerRole - RaftServer{3}{role=FOLLOWER} - Received AppendRequest{term=1, leader=1, prevLogIndex=39, prevLogTerm=1, entries=1, commitIndex=39}
02:19:40.717 [raft-server-3] TRACE i.a.p.raft.roles.FollowerRole - RaftServer{3}{role=FOLLOWER} - Appended Indexed{index=40, entry=CommandEntry{term=1, timestamp=2018-06-01 02:19:40,716, session=2, sequence=36, operation=PrimitiveOperation{id=DefaultOperationId{id=write, type=COMMAND}, value=byte[]{length=17, hash=-1644578928}}}}
02:19:40.757 [raft-server-2] TRACE i.a.p.raft.roles.FollowerRole - RaftServer{2}{role=FOLLOWER} - Committed entries up to index 39
02:19:40.757 [raft-server-2] TRACE i.a.p.raft.roles.FollowerRole - RaftServer{2}{role=FOLLOWER} - Sending AppendResponse{status=OK, term=1, succeeded=true, lastLogIndex=40}
02:19:40.757 [raft-server-1] TRACE i.a.p.raft.roles.LeaderAppender - RaftServer{1} - Received AppendResponse{status=OK, term=1, succeeded=true, lastLogIndex=40} from 2
02:19:40.757 [raft-server-1] TRACE i.a.p.raft.roles.LeaderAppender - RaftServer{1} - Committed entries up to 40
02:19:40.757 [raft-server-2-state] TRACE i.a.p.raft.impl.RaftServiceManager - RaftServer{2} - Applying Indexed{index=39, entry=CommandEntry{term=1, timestamp=2018-06-01 02:19:40,649, session=2, sequence=35, operation=PrimitiveOperation{id=DefaultOperationId{id=write, type=COMMAND}, value=byte[]{length=17, hash=-1644578928}}}}
02:19:40.758 [raft-server-2-state] TRACE i.a.p.s.impl.DefaultServiceExecutor - PrimitiveService{2}{type=PrimitiveType{name=test}, name=test} - Executing DefaultCommit{index=39, session=RaftSession{RaftServiceContext{server=2, type=PrimitiveType{name=test}, name=test, id=2}, session=2, timestamp=2018-06-01 02:19:40,649}, time=2018-06-01 02:19:40,649, operation=DefaultOperationId{id=write, type=COMMAND}, value=byte[]{length=17, hash=-1644578928}}
02:19:40.787 [raft-server-3] TRACE i.a.p.raft.roles.FollowerRole - RaftServer{3}{role=FOLLOWER} - Committed entries up to index 39
02:19:40.787 [raft-server-3] TRACE i.a.p.raft.roles.FollowerRole - RaftServer{3}{role=FOLLOWER} - Sending AppendResponse{status=OK, term=1, succeeded=true, lastLogIndex=40}
02:19:40.787 [raft-server-3-state] TRACE i.a.p.raft.impl.RaftServiceManager - RaftServer{3} - Applying Indexed{index=39, entry=CommandEntry{term=1, timestamp=2018-06-01 02:19:40,649, session=2, sequence=35, operation=PrimitiveOperation{id=DefaultOperationId{id=write, type=COMMAND}, value=byte[]{length=17, hash=-1644578928}}}}
02:19:40.787 [raft-server-3-state] TRACE i.a.p.s.impl.DefaultServiceExecutor - PrimitiveService{2}{type=PrimitiveType{name=test}, name=test} - Executing DefaultCommit{index=39, session=RaftSession{RaftServiceContext{server=3, type=PrimitiveType{name=test}, name=test, id=2}, session=2, timestamp=2018-06-01 02:19:40,649}, time=2018-06-01 02:19:40,649, operation=DefaultOperationId{id=write, type=COMMAND}, value=byte[]{length=17, hash=-1644578928}}
02:19:40.807 [raft-server-1] TRACE i.a.p.raft.roles.LeaderAppender - RaftServer{1} - Sending AppendRequest{term=1, leader=1, prevLogIndex=40, prevLogTerm=1, entries=0, commitIndex=40} to 2
02:19:40.807 [raft-server-1] TRACE i.a.p.raft.roles.LeaderAppender - RaftServer{1} - Received AppendResponse{status=OK, term=1, succeeded=true, lastLogIndex=40} from 3
02:19:40.807 [raft-server-2] TRACE i.a.p.raft.roles.FollowerRole - RaftServer{2}{role=FOLLOWER} - Received AppendRequest{term=1, leader=1, prevLogIndex=40, prevLogTerm=1, entries=0, commitIndex=40}
02:19:40.807 [raft-server-1] TRACE i.a.p.raft.roles.LeaderAppender - RaftServer{1} - Sending AppendRequest{term=1, leader=1, prevLogIndex=40, prevLogTerm=1, entries=0, commitIndex=40} to 3
02:19:40.808 [raft-server-3] TRACE i.a.p.raft.roles.FollowerRole - RaftServer{3}{role=FOLLOWER} - Received AppendRequest{term=1, leader=1, prevLogIndex=40, prevLogTerm=1, entries=0, commitIndex=40}
02:19:40.808 [raft-server-1-state] TRACE i.a.p.raft.impl.RaftServiceManager - RaftServer{1} - Applying Indexed{index=40, entry=CommandEntry{term=1, timestamp=2018-06-01 02:19:40,716, session=2, sequence=36, operation=PrimitiveOperation{id=DefaultOperationId{id=write, type=COMMAND}, value=byte[]{length=17, hash=-1644578928}}}}
02:19:40.808 [raft-server-1-state] TRACE i.a.p.s.impl.DefaultServiceExecutor - PrimitiveService{2}{type=PrimitiveType{name=test}, name=test} - Executing DefaultCommit{index=40, session=RaftSession{RaftServiceContext{server=1, type=PrimitiveType{name=test}, name=test, id=2}, session=2, timestamp=2018-06-01 02:19:40,716}, time=2018-06-01 02:19:40,716, operation=DefaultOperationId{id=write, type=COMMAND}, value=byte[]{length=17, hash=-1644578928}}
02:19:40.808 [raft-server-1-state] TRACE i.a.protocols.raft.roles.LeaderRole - RaftServer{1}{role=LEADER} - Sending CommandResponse{status=OK, index=40, eventIndex=2, result=byte[]{length=2, hash=1320}}
02:19:40.808 [raft-client-8d1a11e6-024d-41c6-816f-7d36669ce782-4] TRACE i.a.p.r.p.impl.RaftProxyConnection - PartitionProxy{2}{type=PrimitiveType{name=test}, name=test} - Received CommandResponse{status=OK, index=40, eventIndex=2, result=byte[]{length=2, hash=1320}} from 1
02:19:40.808 [raft-client-8d1a11e6-024d-41c6-816f-7d36669ce782-4] TRACE i.a.p.r.p.impl.RaftProxySequencer - PartitionProxy{2}{type=PrimitiveType{name=test}, name=test} - Completing response CommandResponse{status=OK, index=40, eventIndex=2, result=byte[]{length=2, hash=1320}}
02:19:40.809 [raft-client-8d1a11e6-024d-41c6-816f-7d36669ce782-6] TRACE i.a.p.r.p.impl.RaftProxyConnection - PartitionProxy{2}{type=PrimitiveType{name=test}, name=test} - Sending CommandRequest{session=2, sequence=37, operation=PrimitiveOperation{id=DefaultOperationId{id=write, type=COMMAND}, value=byte[]{length=17, hash=-1644578928}}} to 1
02:19:40.809 [raft-server-1] TRACE i.a.protocols.raft.roles.LeaderRole - RaftServer{1}{role=LEADER} - Received CommandRequest{session=2, sequence=37, operation=PrimitiveOperation{id=DefaultOperationId{id=write, type=COMMAND}, value=byte[]{length=17, hash=-1644578928}}}
02:19:40.832 [raft-server-2] TRACE i.a.p.raft.roles.FollowerRole - RaftServer{2}{role=FOLLOWER} - Committed entries up to index 40
02:19:40.832 [raft-server-2] TRACE i.a.p.raft.roles.FollowerRole - RaftServer{2}{role=FOLLOWER} - Sending AppendResponse{status=OK, term=1, succeeded=true, lastLogIndex=40}
02:19:40.832 [raft-server-2-state] TRACE i.a.p.raft.impl.RaftServiceManager - RaftServer{2} - Applying Indexed{index=40, entry=CommandEntry{term=1, timestamp=2018-06-01 02:19:40,716, session=2, sequence=36, operation=PrimitiveOperation{id=DefaultOperationId{id=write, type=COMMAND}, value=byte[]{length=17, hash=-1644578928}}}}
02:19:40.833 [raft-server-2-state] TRACE i.a.p.s.impl.DefaultServiceExecutor - PrimitiveService{2}{type=PrimitiveType{name=test}, name=test} - Executing DefaultCommit{index=40, session=RaftSession{RaftServiceContext{server=2, type=PrimitiveType{name=test}, name=test, id=2}, session=2, timestamp=2018-06-01 02:19:40,716}, time=2018-06-01 02:19:40,716, operation=DefaultOperationId{id=write, type=COMMAND}, value=byte[]{length=17, hash=-1644578928}}
02:19:40.855 [raft-server-3] TRACE i.a.p.raft.roles.FollowerRole - RaftServer{3}{role=FOLLOWER} - Committed entries up to index 40
02:19:40.855 [raft-server-3] TRACE i.a.p.raft.roles.FollowerRole - RaftServer{3}{role=FOLLOWER} - Sending AppendResponse{status=OK, term=1, succeeded=true, lastLogIndex=40}
02:19:40.856 [raft-server-3-state] TRACE i.a.p.raft.impl.RaftServiceManager - RaftServer{3} - Applying Indexed{index=40, entry=CommandEntry{term=1, timestamp=2018-06-01 02:19:40,716, session=2, sequence=36, operation=PrimitiveOperation{id=DefaultOperationId{id=write, type=COMMAND}, value=byte[]{length=17, hash=-1644578928}}}}
02:19:40.856 [raft-server-3-state] TRACE i.a.p.s.impl.DefaultServiceExecutor - PrimitiveService{2}{type=PrimitiveType{name=test}, name=test} - Executing DefaultCommit{index=40, session=RaftSession{RaftServiceContext{server=3, type=PrimitiveType{name=test}, name=test, id=2}, session=2, timestamp=2018-06-01 02:19:40,716}, time=2018-06-01 02:19:40,716, operation=DefaultOperationId{id=write, type=COMMAND}, value=byte[]{length=17, hash=-1644578928}}
02:19:40.882 [raft-server-1] DEBUG i.a.storage.journal.SegmentedJournal - Created disk segment: JournalSegment{id=5, version=1, index=41, size=64}
02:19:40.882 [raft-server-1] TRACE i.a.protocols.raft.roles.LeaderRole - RaftServer{1}{role=LEADER} - Appended Indexed{index=41, entry=CommandEntry{term=1, timestamp=2018-06-01 02:19:40,809, session=2, sequence=37, operation=PrimitiveOperation{id=DefaultOperationId{id=write, type=COMMAND}, value=byte[]{length=17, hash=-1644578928}}}}
02:19:40.882 [raft-server-1] TRACE i.a.p.raft.roles.LeaderAppender - RaftServer{1} - Received AppendResponse{status=OK, term=1, succeeded=true, lastLogIndex=40} from 2
02:19:40.883 [raft-server-1] TRACE i.a.p.raft.roles.LeaderAppender - RaftServer{1} - Sending AppendRequest{term=1, leader=1, prevLogIndex=40, prevLogTerm=1, entries=1, commitIndex=40} to 2
02:19:40.883 [raft-server-2] TRACE i.a.p.raft.roles.FollowerRole - RaftServer{2}{role=FOLLOWER} - Received AppendRequest{term=1, leader=1, prevLogIndex=40, prevLogTerm=1, entries=1, commitIndex=40}
02:19:40.883 [raft-server-1] TRACE i.a.p.raft.roles.LeaderAppender - RaftServer{1} - Received AppendResponse{status=OK, term=1, succeeded=true, lastLogIndex=40} from 3
02:19:40.883 [raft-server-1] TRACE i.a.p.raft.roles.LeaderAppender - RaftServer{1} - Sending AppendRequest{term=1, leader=1, prevLogIndex=40, prevLogTerm=1, entries=1, commitIndex=40} to 3
02:19:40.883 [raft-server-3] TRACE i.a.p.raft.roles.FollowerRole - RaftServer{3}{role=FOLLOWER} - Received AppendRequest{term=1, leader=1, prevLogIndex=40, prevLogTerm=1, entries=1, commitIndex=40}
02:19:40.967 [raft-server-2] DEBUG i.a.storage.journal.SegmentedJournal - Created disk segment: JournalSegment{id=5, version=1, index=41, size=64}
02:19:40.967 [raft-server-2] TRACE i.a.p.raft.roles.FollowerRole - RaftServer{2}{role=FOLLOWER} - Appended Indexed{index=41, entry=CommandEntry{term=1, timestamp=2018-06-01 02:19:40,809, session=2, sequence=37, operation=PrimitiveOperation{id=DefaultOperationId{id=write, type=COMMAND}, value=byte[]{length=17, hash=-1644578928}}}}
02:19:40.967 [raft-server-2] TRACE i.a.p.raft.roles.FollowerRole - RaftServer{2}{role=FOLLOWER} - Sending AppendResponse{status=OK, term=1, succeeded=true, lastLogIndex=41}
02:19:40.967 [raft-server-1] TRACE i.a.p.raft.roles.LeaderAppender - RaftServer{1} - Received AppendResponse{status=OK, term=1, succeeded=true, lastLogIndex=41} from 2
02:19:40.968 [raft-server-1] TRACE i.a.p.raft.roles.LeaderAppender - RaftServer{1} - Committed entries up to 41
02:19:41.000 [raft-server-3] DEBUG i.a.storage.journal.SegmentedJournal - Created disk segment: JournalSegment{id=5, version=1, index=41, size=64}
02:19:41.000 [raft-server-3] TRACE i.a.p.raft.roles.FollowerRole - RaftServer{3}{role=FOLLOWER} - Appended Indexed{index=41, entry=CommandEntry{term=1, timestamp=2018-06-01 02:19:40,809, session=2, sequence=37, operation=PrimitiveOperation{id=DefaultOperationId{id=write, type=COMMAND}, value=byte[]{length=17, hash=-1644578928}}}}
02:19:41.000 [raft-server-3] TRACE i.a.p.raft.roles.FollowerRole - RaftServer{3}{role=FOLLOWER} - Sending AppendResponse{status=OK, term=1, succeeded=true, lastLogIndex=41}
02:19:41.024 [raft-server-1] TRACE i.a.p.raft.roles.LeaderAppender - RaftServer{1} - Sending AppendRequest{term=1, leader=1, prevLogIndex=41, prevLogTerm=1, entries=0, commitIndex=41} to 2
02:19:41.024 [raft-server-2] TRACE i.a.p.raft.roles.FollowerRole - RaftServer{2}{role=FOLLOWER} - Received AppendRequest{term=1, leader=1, prevLogIndex=41, prevLogTerm=1, entries=0, commitIndex=41}
02:19:41.024 [raft-server-1] TRACE i.a.p.raft.roles.LeaderAppender - RaftServer{1} - Received AppendResponse{status=OK, term=1, succeeded=true, lastLogIndex=41} from 3
02:19:41.024 [raft-server-1] TRACE i.a.p.raft.roles.LeaderAppender - RaftServer{1} - Sending AppendRequest{term=1, leader=1, prevLogIndex=41, prevLogTerm=1, entries=0, commitIndex=41} to 3
02:19:41.025 [raft-server-3] TRACE i.a.p.raft.roles.FollowerRole - RaftServer{3}{role=FOLLOWER} - Received AppendRequest{term=1, leader=1, prevLogIndex=41, prevLogTerm=1, entries=0, commitIndex=41}
02:19:41.025 [raft-server-1-state] TRACE i.a.p.raft.impl.RaftServiceManager - RaftServer{1} - Applying Indexed{index=41, entry=CommandEntry{term=1, timestamp=2018-06-01 02:19:40,809, session=2, sequence=37, operation=PrimitiveOperation{id=DefaultOperationId{id=write, type=COMMAND}, value=byte[]{length=17, hash=-1644578928}}}}
02:19:41.025 [raft-server-1-state] TRACE i.a.p.s.impl.DefaultServiceExecutor - PrimitiveService{2}{type=PrimitiveType{name=test}, name=test} - Executing DefaultCommit{index=41, session=RaftSession{RaftServiceContext{server=1, type=PrimitiveType{name=test}, name=test, id=2}, session=2, timestamp=2018-06-01 02:19:40,809}, time=2018-06-01 02:19:40,809, operation=DefaultOperationId{id=write, type=COMMAND}, value=byte[]{length=17, hash=-1644578928}}
02:19:41.025 [raft-server-1-state] TRACE i.a.protocols.raft.roles.LeaderRole - RaftServer{1}{role=LEADER} - Sending CommandResponse{status=OK, index=41, eventIndex=2, result=byte[]{length=2, hash=1322}}
02:19:41.026 [raft-client-8d1a11e6-024d-41c6-816f-7d36669ce782-0] TRACE i.a.p.r.p.impl.RaftProxyConnection - PartitionProxy{2}{type=PrimitiveType{name=test}, name=test} - Received CommandResponse{status=OK, index=41, eventIndex=2, result=byte[]{length=2, hash=1322}} from 1
02:19:41.026 [raft-client-8d1a11e6-024d-41c6-816f-7d36669ce782-0] TRACE i.a.p.r.p.impl.RaftProxySequencer - PartitionProxy{2}{type=PrimitiveType{name=test}, name=test} - Completing response CommandResponse{status=OK, index=41, eventIndex=2, result=byte[]{length=2, hash=1322}}
02:19:41.026 [raft-client-8d1a11e6-024d-41c6-816f-7d36669ce782-0] TRACE i.a.p.r.p.impl.RaftProxyConnection - PartitionProxy{2}{type=PrimitiveType{name=test}, name=test} - Sending CommandRequest{session=2, sequence=38, operation=PrimitiveOperation{id=DefaultOperationId{id=write, type=COMMAND}, value=byte[]{length=17, hash=-1644578928}}} to 1
02:19:41.027 [raft-server-1] TRACE i.a.protocols.raft.roles.LeaderRole - RaftServer{1}{role=LEADER} - Received CommandRequest{session=2, sequence=38, operation=PrimitiveOperation{id=DefaultOperationId{id=write, type=COMMAND}, value=byte[]{length=17, hash=-1644578928}}}
02:19:41.027 [raft-server-1] TRACE i.a.protocols.raft.roles.LeaderRole - RaftServer{1}{role=LEADER} - Appended Indexed{index=42, entry=CommandEntry{term=1, timestamp=2018-06-01 02:19:41,027, session=2, sequence=38, operation=PrimitiveOperation{id=DefaultOperationId{id=write, type=COMMAND}, value=byte[]{length=17, hash=-1644578928}}}}
02:19:41.064 [raft-server-2] TRACE i.a.p.raft.roles.FollowerRole - RaftServer{2}{role=FOLLOWER} - Committed entries up to index 41
02:19:41.064 [raft-server-2] TRACE i.a.p.raft.roles.FollowerRole - RaftServer{2}{role=FOLLOWER} - Sending AppendResponse{status=OK, term=1, succeeded=true, lastLogIndex=41}
02:19:41.064 [raft-server-1] TRACE i.a.p.raft.roles.LeaderAppender - RaftServer{1} - Received AppendResponse{status=OK, term=1, succeeded=true, lastLogIndex=41} from 2
02:19:41.064 [raft-server-1] TRACE i.a.p.raft.roles.LeaderAppender - RaftServer{1} - Sending AppendRequest{term=1, leader=1, prevLogIndex=41, prevLogTerm=1, entries=1, commitIndex=41} to 2
02:19:41.064 [raft-server-2] TRACE i.a.p.raft.roles.FollowerRole - RaftServer{2}{role=FOLLOWER} - Received AppendRequest{term=1, leader=1, prevLogIndex=41, prevLogTerm=1, entries=1, commitIndex=41}
02:19:41.064 [raft-server-2-state] TRACE i.a.p.raft.impl.RaftServiceManager - RaftServer{2} - Applying Indexed{index=41, entry=CommandEntry{term=1, timestamp=2018-06-01 02:19:40,809, session=2, sequence=37, operation=PrimitiveOperation{id=DefaultOperationId{id=write, type=COMMAND}, value=byte[]{length=17, hash=-1644578928}}}}
02:19:41.065 [raft-server-1] TRACE i.a.p.raft.roles.LeaderAppender - RaftServer{1} - Sending AppendRequest{term=1, leader=1, prevLogIndex=41, prevLogTerm=1, entries=1, commitIndex=41} to 3
02:19:41.064 [raft-server-2-state] TRACE i.a.p.s.impl.DefaultServiceExecutor - PrimitiveService{2}{type=PrimitiveType{name=test}, name=test} - Executing DefaultCommit{index=41, session=RaftSession{RaftServiceContext{server=2, type=PrimitiveType{name=test}, name=test, id=2}, session=2, timestamp=2018-06-01 02:19:40,809}, time=2018-06-01 02:19:40,809, operation=DefaultOperationId{id=write, type=COMMAND}, value=byte[]{length=17, hash=-1644578928}}
02:19:41.065 [raft-server-2] TRACE i.a.p.raft.roles.FollowerRole - RaftServer{2}{role=FOLLOWER} - Appended Indexed{index=42, entry=CommandEntry{term=1, timestamp=2018-06-01 02:19:41,027, session=2, sequence=38, operation=PrimitiveOperation{id=DefaultOperationId{id=write, type=COMMAND}, value=byte[]{length=17, hash=-1644578928}}}}
02:19:41.065 [raft-server-2] TRACE i.a.p.raft.roles.FollowerRole - RaftServer{2}{role=FOLLOWER} - Sending AppendResponse{status=OK, term=1, succeeded=true, lastLogIndex=42}
02:19:41.065 [raft-server-1] TRACE i.a.p.raft.roles.LeaderAppender - RaftServer{1} - Received AppendResponse{status=OK, term=1, succeeded=true, lastLogIndex=42} from 2
02:19:41.065 [raft-server-1] TRACE i.a.p.raft.roles.LeaderAppender - RaftServer{1} - Committed entries up to 42
02:19:41.090 [raft-server-3] TRACE i.a.p.raft.roles.FollowerRole - RaftServer{3}{role=FOLLOWER} - Committed entries up to index 41
02:19:41.090 [raft-server-3] TRACE i.a.p.raft.roles.FollowerRole - RaftServer{3}{role=FOLLOWER} - Sending AppendResponse{status=OK, term=1, succeeded=true, lastLogIndex=41}
02:19:41.090 [raft-server-3] TRACE i.a.p.raft.roles.FollowerRole - RaftServer{3}{role=FOLLOWER} - Received AppendRequest{term=1, leader=1, prevLogIndex=41, prevLogTerm=1, entries=1, commitIndex=41}
02:19:41.091 [raft-server-3] TRACE i.a.p.raft.roles.FollowerRole - RaftServer{3}{role=FOLLOWER} - Appended Indexed{index=42, entry=CommandEntry{term=1, timestamp=2018-06-01 02:19:41,027, session=2, sequence=38, operation=PrimitiveOperation{id=DefaultOperationId{id=write, type=COMMAND}, value=byte[]{length=17, hash=-1644578928}}}}
02:19:41.091 [raft-server-3] TRACE i.a.p.raft.roles.FollowerRole - RaftServer{3}{role=FOLLOWER} - Sending AppendResponse{status=OK, term=1, succeeded=true, lastLogIndex=42}
02:19:41.091 [raft-server-3-state] TRACE i.a.p.raft.impl.RaftServiceManager - RaftServer{3} - Applying Indexed{index=41, entry=CommandEntry{term=1, timestamp=2018-06-01 02:19:40,809, session=2, sequence=37, operation=PrimitiveOperation{id=DefaultOperationId{id=write, type=COMMAND}, value=byte[]{length=17, hash=-1644578928}}}}
02:19:41.091 [raft-server-3-state] TRACE i.a.p.s.impl.DefaultServiceExecutor - PrimitiveService{2}{type=PrimitiveType{name=test}, name=test} - Executing DefaultCommit{index=41, session=RaftSession{RaftServiceContext{server=3, type=PrimitiveType{name=test}, name=test, id=2}, session=2, timestamp=2018-06-01 02:19:40,809}, time=2018-06-01 02:19:40,809, operation=DefaultOperationId{id=write, type=COMMAND}, value=byte[]{length=17, hash=-1644578928}}
02:19:41.107 [raft-server-1] TRACE i.a.p.raft.roles.LeaderAppender - RaftServer{1} - Received AppendResponse{status=OK, term=1, succeeded=true, lastLogIndex=41} from 3
02:19:41.107 [raft-server-1] TRACE i.a.p.raft.roles.LeaderAppender - RaftServer{1} - Received AppendResponse{status=OK, term=1, succeeded=true, lastLogIndex=42} from 3
02:19:41.107 [raft-server-1-state] TRACE i.a.p.raft.impl.RaftServiceManager - RaftServer{1} - Applying Indexed{index=42, entry=CommandEntry{term=1, timestamp=2018-06-01 02:19:41,027, session=2, sequence=38, operation=PrimitiveOperation{id=DefaultOperationId{id=write, type=COMMAND}, value=byte[]{length=17, hash=-1644578928}}}}
02:19:41.108 [raft-server-1-state] TRACE i.a.p.s.impl.DefaultServiceExecutor - PrimitiveService{2}{type=PrimitiveType{name=test}, name=test} - Executing DefaultCommit{index=42, session=RaftSession{RaftServiceContext{server=1, type=PrimitiveType{name=test}, name=test, id=2}, session=2, timestamp=2018-06-01 02:19:41,027}, time=2018-06-01 02:19:41,027, operation=DefaultOperationId{id=write, type=COMMAND}, value=byte[]{length=17, hash=-1644578928}}
02:19:41.108 [raft-server-1-state] TRACE i.a.protocols.raft.roles.LeaderRole - RaftServer{1}{role=LEADER} - Sending CommandResponse{status=OK, index=42, eventIndex=2, result=byte[]{length=2, hash=1324}}
02:19:41.108 [raft-client-8d1a11e6-024d-41c6-816f-7d36669ce782-4] TRACE i.a.p.r.p.impl.RaftProxyConnection - PartitionProxy{2}{type=PrimitiveType{name=test}, name=test} - Received CommandResponse{status=OK, index=42, eventIndex=2, result=byte[]{length=2, hash=1324}} from 1
02:19:41.108 [raft-client-8d1a11e6-024d-41c6-816f-7d36669ce782-4] TRACE i.a.p.r.p.impl.RaftProxySequencer - PartitionProxy{2}{type=PrimitiveType{name=test}, name=test} - Completing response CommandResponse{status=OK, index=42, eventIndex=2, result=byte[]{length=2, hash=1324}}
02:19:41.109 [raft-client-8d1a11e6-024d-41c6-816f-7d36669ce782-4] TRACE i.a.p.r.p.impl.RaftProxyConnection - PartitionProxy{2}{type=PrimitiveType{name=test}, name=test} - Sending CommandRequest{session=2, sequence=39, operation=PrimitiveOperation{id=DefaultOperationId{id=write, type=COMMAND}, value=byte[]{length=17, hash=-1644578928}}} to 1
02:19:41.109 [raft-server-1] TRACE i.a.protocols.raft.roles.LeaderRole - RaftServer{1}{role=LEADER} - Received CommandRequest{session=2, sequence=39, operation=PrimitiveOperation{id=DefaultOperationId{id=write, type=COMMAND}, value=byte[]{length=17, hash=-1644578928}}}
02:19:41.109 [raft-server-1] TRACE i.a.protocols.raft.roles.LeaderRole - RaftServer{1}{role=LEADER} - Appended Indexed{index=43, entry=CommandEntry{term=1, timestamp=2018-06-01 02:19:41,109, session=2, sequence=39, operation=PrimitiveOperation{id=DefaultOperationId{id=write, type=COMMAND}, value=byte[]{length=17, hash=-1644578928}}}}
02:19:41.109 [raft-server-1] TRACE i.a.p.raft.roles.LeaderAppender - RaftServer{1} - Sending AppendRequest{term=1, leader=1, prevLogIndex=42, prevLogTerm=1, entries=1, commitIndex=42} to 2
02:19:41.110 [raft-server-2] TRACE i.a.p.raft.roles.FollowerRole - RaftServer{2}{role=FOLLOWER} - Received AppendRequest{term=1, leader=1, prevLogIndex=42, prevLogTerm=1, entries=1, commitIndex=42}
02:19:41.110 [raft-server-1] TRACE i.a.p.raft.roles.LeaderAppender - RaftServer{1} - Sending AppendRequest{term=1, leader=1, prevLogIndex=42, prevLogTerm=1, entries=1, commitIndex=42} to 3
02:19:41.110 [raft-server-2] TRACE i.a.p.raft.roles.FollowerRole - RaftServer{2}{role=FOLLOWER} - Appended Indexed{index=43, entry=CommandEntry{term=1, timestamp=2018-06-01 02:19:41,109, session=2, sequence=39, operation=PrimitiveOperation{id=DefaultOperationId{id=write, type=COMMAND}, value=byte[]{length=17, hash=-1644578928}}}}
02:19:41.110 [raft-server-3] TRACE i.a.p.raft.roles.FollowerRole - RaftServer{3}{role=FOLLOWER} - Received AppendRequest{term=1, leader=1, prevLogIndex=42, prevLogTerm=1, entries=1, commitIndex=42}
02:19:41.110 [raft-server-3] TRACE i.a.p.raft.roles.FollowerRole - RaftServer{3}{role=FOLLOWER} - Appended Indexed{index=43, entry=CommandEntry{term=1, timestamp=2018-06-01 02:19:41,109, session=2, sequence=39, operation=PrimitiveOperation{id=DefaultOperationId{id=write, type=COMMAND}, value=byte[]{length=17, hash=-1644578928}}}}
02:19:41.132 [raft-server-2] TRACE i.a.p.raft.roles.FollowerRole - RaftServer{2}{role=FOLLOWER} - Committed entries up to index 42
02:19:41.132 [raft-server-2] TRACE i.a.p.raft.roles.FollowerRole - RaftServer{2}{role=FOLLOWER} - Sending AppendResponse{status=OK, term=1, succeeded=true, lastLogIndex=43}
02:19:41.132 [raft-server-1] TRACE i.a.p.raft.roles.LeaderAppender - RaftServer{1} - Received AppendResponse{status=OK, term=1, succeeded=true, lastLogIndex=43} from 2
02:19:41.132 [raft-server-1] TRACE i.a.p.raft.roles.LeaderAppender - RaftServer{1} - Committed entries up to 43
02:19:41.132 [raft-server-2-state] TRACE i.a.p.raft.impl.RaftServiceManager - RaftServer{2} - Applying Indexed{index=42, entry=CommandEntry{term=1, timestamp=2018-06-01 02:19:41,027, session=2, sequence=38, operation=PrimitiveOperation{id=DefaultOperationId{id=write, type=COMMAND}, value=byte[]{length=17, hash=-1644578928}}}}
02:19:41.133 [raft-server-2-state] TRACE i.a.p.s.impl.DefaultServiceExecutor - PrimitiveService{2}{type=PrimitiveType{name=test}, name=test} - Executing DefaultCommit{index=42, session=RaftSession{RaftServiceContext{server=2, type=PrimitiveType{name=test}, name=test, id=2}, session=2, timestamp=2018-06-01 02:19:41,027}, time=2018-06-01 02:19:41,027, operation=DefaultOperationId{id=write, type=COMMAND}, value=byte[]{length=17, hash=-1644578928}}
02:19:41.164 [raft-server-3] TRACE i.a.p.raft.roles.FollowerRole - RaftServer{3}{role=FOLLOWER} - Committed entries up to index 42
02:19:41.164 [raft-server-3] TRACE i.a.p.raft.roles.FollowerRole - RaftServer{3}{role=FOLLOWER} - Sending AppendResponse{status=OK, term=1, succeeded=true, lastLogIndex=43}
02:19:41.164 [raft-server-3-state] TRACE i.a.p.raft.impl.RaftServiceManager - RaftServer{3} - Applying Indexed{index=42, entry=CommandEntry{term=1, timestamp=2018-06-01 02:19:41,027, session=2, sequence=38, operation=PrimitiveOperation{id=DefaultOperationId{id=write, type=COMMAND}, value=byte[]{length=17, hash=-1644578928}}}}
02:19:41.164 [raft-server-3-state] TRACE i.a.p.s.impl.DefaultServiceExecutor - PrimitiveService{2}{type=PrimitiveType{name=test}, name=test} - Executing DefaultCommit{index=42, session=RaftSession{RaftServiceContext{server=3, type=PrimitiveType{name=test}, name=test, id=2}, session=2, timestamp=2018-06-01 02:19:41,027}, time=2018-06-01 02:19:41,027, operation=DefaultOperationId{id=write, type=COMMAND}, value=byte[]{length=17, hash=-1644578928}}
02:19:41.182 [raft-server-1] TRACE i.a.p.raft.roles.LeaderAppender - RaftServer{1} - Received AppendResponse{status=OK, term=1, succeeded=true, lastLogIndex=43} from 3
02:19:41.182 [raft-server-1-state] TRACE i.a.p.raft.impl.RaftServiceManager - RaftServer{1} - Applying Indexed{index=43, entry=CommandEntry{term=1, timestamp=2018-06-01 02:19:41,109, session=2, sequence=39, operation=PrimitiveOperation{id=DefaultOperationId{id=write, type=COMMAND}, value=byte[]{length=17, hash=-1644578928}}}}
02:19:41.182 [raft-server-1-state] TRACE i.a.p.s.impl.DefaultServiceExecutor - PrimitiveService{2}{type=PrimitiveType{name=test}, name=test} - Executing DefaultCommit{index=43, session=RaftSession{RaftServiceContext{server=1, type=PrimitiveType{name=test}, name=test, id=2}, session=2, timestamp=2018-06-01 02:19:41,109}, time=2018-06-01 02:19:41,109, operation=DefaultOperationId{id=write, type=COMMAND}, value=byte[]{length=17, hash=-1644578928}}
02:19:41.183 [raft-server-1-state] TRACE i.a.protocols.raft.roles.LeaderRole - RaftServer{1}{role=LEADER} - Sending CommandResponse{status=OK, index=43, eventIndex=2, result=byte[]{length=2, hash=1326}}
02:19:41.183 [raft-client-8d1a11e6-024d-41c6-816f-7d36669ce782-7] TRACE i.a.p.r.p.impl.RaftProxyConnection - PartitionProxy{2}{type=PrimitiveType{name=test}, name=test} - Received CommandResponse{status=OK, index=43, eventIndex=2, result=byte[]{length=2, hash=1326}} from 1
02:19:41.183 [raft-client-8d1a11e6-024d-41c6-816f-7d36669ce782-7] TRACE i.a.p.r.p.impl.RaftProxySequencer - PartitionProxy{2}{type=PrimitiveType{name=test}, name=test} - Completing response CommandResponse{status=OK, index=43, eventIndex=2, result=byte[]{length=2, hash=1326}}
02:19:41.184 [raft-client-8d1a11e6-024d-41c6-816f-7d36669ce782-3] TRACE i.a.p.r.p.impl.RaftProxyConnection - PartitionProxy{2}{type=PrimitiveType{name=test}, name=test} - Sending CommandRequest{session=2, sequence=40, operation=PrimitiveOperation{id=DefaultOperationId{id=write, type=COMMAND}, value=byte[]{length=17, hash=-1644578928}}} to 1
02:19:41.184 [raft-server-1] TRACE i.a.protocols.raft.roles.LeaderRole - RaftServer{1}{role=LEADER} - Received CommandRequest{session=2, sequence=40, operation=PrimitiveOperation{id=DefaultOperationId{id=write, type=COMMAND}, value=byte[]{length=17, hash=-1644578928}}}
02:19:41.184 [raft-server-1] TRACE i.a.protocols.raft.roles.LeaderRole - RaftServer{1}{role=LEADER} - Appended Indexed{index=44, entry=CommandEntry{term=1, timestamp=2018-06-01 02:19:41,184, session=2, sequence=40, operation=PrimitiveOperation{id=DefaultOperationId{id=write, type=COMMAND}, value=byte[]{length=17, hash=-1644578928}}}}
02:19:41.184 [raft-server-1] TRACE i.a.p.raft.roles.LeaderAppender - RaftServer{1} - Sending AppendRequest{term=1, leader=1, prevLogIndex=43, prevLogTerm=1, entries=1, commitIndex=43} to 2
02:19:41.185 [raft-server-2] TRACE i.a.p.raft.roles.FollowerRole - RaftServer{2}{role=FOLLOWER} - Received AppendRequest{term=1, leader=1, prevLogIndex=43, prevLogTerm=1, entries=1, commitIndex=43}
02:19:41.185 [raft-server-1] TRACE i.a.p.raft.roles.LeaderAppender - RaftServer{1} - Sending AppendRequest{term=1, leader=1, prevLogIndex=43, prevLogTerm=1, entries=1, commitIndex=43} to 3
02:19:41.185 [raft-server-3] TRACE i.a.p.raft.roles.FollowerRole - RaftServer{3}{role=FOLLOWER} - Received AppendRequest{term=1, leader=1, prevLogIndex=43, prevLogTerm=1, entries=1, commitIndex=43}
02:19:41.185 [raft-server-2] TRACE i.a.p.raft.roles.FollowerRole - RaftServer{2}{role=FOLLOWER} - Appended Indexed{index=44, entry=CommandEntry{term=1, timestamp=2018-06-01 02:19:41,184, session=2, sequence=40, operation=PrimitiveOperation{id=DefaultOperationId{id=write, type=COMMAND}, value=byte[]{length=17, hash=-1644578928}}}}
02:19:41.185 [raft-server-3] TRACE i.a.p.raft.roles.FollowerRole - RaftServer{3}{role=FOLLOWER} - Appended Indexed{index=44, entry=CommandEntry{term=1, timestamp=2018-06-01 02:19:41,184, session=2, sequence=40, operation=PrimitiveOperation{id=DefaultOperationId{id=write, type=COMMAND}, value=byte[]{length=17, hash=-1644578928}}}}
02:19:41.215 [raft-server-2] TRACE i.a.p.raft.roles.FollowerRole - RaftServer{2}{role=FOLLOWER} - Committed entries up to index 43
02:19:41.215 [raft-server-3] TRACE i.a.p.raft.roles.FollowerRole - RaftServer{3}{role=FOLLOWER} - Committed entries up to index 43
02:19:41.215 [raft-server-2] TRACE i.a.p.raft.roles.FollowerRole - RaftServer{2}{role=FOLLOWER} - Sending AppendResponse{status=OK, term=1, succeeded=true, lastLogIndex=44}
02:19:41.216 [raft-server-3] TRACE i.a.p.raft.roles.FollowerRole - RaftServer{3}{role=FOLLOWER} - Sending AppendResponse{status=OK, term=1, succeeded=true, lastLogIndex=44}
02:19:41.216 [raft-server-1] TRACE i.a.p.raft.roles.LeaderAppender - RaftServer{1} - Received AppendResponse{status=OK, term=1, succeeded=true, lastLogIndex=44} from 3
02:19:41.216 [raft-server-1] TRACE i.a.p.raft.roles.LeaderAppender - RaftServer{1} - Committed entries up to 44
02:19:41.216 [raft-server-2-state] TRACE i.a.p.raft.impl.RaftServiceManager - RaftServer{2} - Applying Indexed{index=43, entry=CommandEntry{term=1, timestamp=2018-06-01 02:19:41,109, session=2, sequence=39, operation=PrimitiveOperation{id=DefaultOperationId{id=write, type=COMMAND}, value=byte[]{length=17, hash=-1644578928}}}}
02:19:41.216 [raft-server-3-state] TRACE i.a.p.raft.impl.RaftServiceManager - RaftServer{3} - Applying Indexed{index=43, entry=CommandEntry{term=1, timestamp=2018-06-01 02:19:41,109, session=2, sequence=39, operation=PrimitiveOperation{id=DefaultOperationId{id=write, type=COMMAND}, value=byte[]{length=17, hash=-1644578928}}}}
02:19:41.216 [raft-server-2-state] TRACE i.a.p.s.impl.DefaultServiceExecutor - PrimitiveService{2}{type=PrimitiveType{name=test}, name=test} - Executing DefaultCommit{index=43, session=RaftSession{RaftServiceContext{server=2, type=PrimitiveType{name=test}, name=test, id=2}, session=2, timestamp=2018-06-01 02:19:41,109}, time=2018-06-01 02:19:41,109, operation=DefaultOperationId{id=write, type=COMMAND}, value=byte[]{length=17, hash=-1644578928}}
02:19:41.216 [raft-server-3-state] TRACE i.a.p.s.impl.DefaultServiceExecutor - PrimitiveService{2}{type=PrimitiveType{name=test}, name=test} - Executing DefaultCommit{index=43, session=RaftSession{RaftServiceContext{server=3, type=PrimitiveType{name=test}, name=test, id=2}, session=2, timestamp=2018-06-01 02:19:41,109}, time=2018-06-01 02:19:41,109, operation=DefaultOperationId{id=write, type=COMMAND}, value=byte[]{length=17, hash=-1644578928}}
02:19:41.240 [raft-server-1] TRACE i.a.p.raft.roles.LeaderAppender - RaftServer{1} - Received AppendResponse{status=OK, term=1, succeeded=true, lastLogIndex=44} from 2
02:19:41.241 [raft-server-1] TRACE i.a.p.raft.roles.LeaderAppender - RaftServer{1} - Sending AppendRequest{term=1, leader=1, prevLogIndex=44, prevLogTerm=1, entries=0, commitIndex=44} to 2
02:19:41.241 [raft-server-1] TRACE i.a.p.raft.roles.LeaderAppender - RaftServer{1} - Sending AppendRequest{term=1, leader=1, prevLogIndex=44, prevLogTerm=1, entries=0, commitIndex=44} to 3
02:19:41.241 [raft-server-2] TRACE i.a.p.raft.roles.FollowerRole - RaftServer{2}{role=FOLLOWER} - Received AppendRequest{term=1, leader=1, prevLogIndex=44, prevLogTerm=1, entries=0, commitIndex=44}
02:19:41.241 [raft-server-3] TRACE i.a.p.raft.roles.FollowerRole - RaftServer{3}{role=FOLLOWER} - Received AppendRequest{term=1, leader=1, prevLogIndex=44, prevLogTerm=1, entries=0, commitIndex=44}
02:19:41.241 [raft-server-1-state] TRACE i.a.p.raft.impl.RaftServiceManager - RaftServer{1} - Applying Indexed{index=44, entry=CommandEntry{term=1, timestamp=2018-06-01 02:19:41,184, session=2, sequence=40, operation=PrimitiveOperation{id=DefaultOperationId{id=write, type=COMMAND}, value=byte[]{length=17, hash=-1644578928}}}}
02:19:41.241 [raft-server-1-state] TRACE i.a.p.s.impl.DefaultServiceExecutor - PrimitiveService{2}{type=PrimitiveType{name=test}, name=test} - Executing DefaultCommit{index=44, session=RaftSession{RaftServiceContext{server=1, type=PrimitiveType{name=test}, name=test, id=2}, session=2, timestamp=2018-06-01 02:19:41,184}, time=2018-06-01 02:19:41,184, operation=DefaultOperationId{id=write, type=COMMAND}, value=byte[]{length=17, hash=-1644578928}}
02:19:41.242 [raft-server-1-state] TRACE i.a.protocols.raft.roles.LeaderRole - RaftServer{1}{role=LEADER} - Sending CommandResponse{status=OK, index=44, eventIndex=2, result=byte[]{length=2, hash=1328}}
02:19:41.242 [raft-client-8d1a11e6-024d-41c6-816f-7d36669ce782-5] TRACE i.a.p.r.p.impl.RaftProxyConnection - PartitionProxy{2}{type=PrimitiveType{name=test}, name=test} - Received CommandResponse{status=OK, index=44, eventIndex=2, result=byte[]{length=2, hash=1328}} from 1
02:19:41.242 [raft-client-8d1a11e6-024d-41c6-816f-7d36669ce782-5] TRACE i.a.p.r.p.impl.RaftProxySequencer - PartitionProxy{2}{type=PrimitiveType{name=test}, name=test} - Completing response CommandResponse{status=OK, index=44, eventIndex=2, result=byte[]{length=2, hash=1328}}
02:19:41.243 [raft-client-8d1a11e6-024d-41c6-816f-7d36669ce782-2] TRACE i.a.p.r.p.impl.RaftProxyConnection - PartitionProxy{2}{type=PrimitiveType{name=test}, name=test} - Sending CommandRequest{session=2, sequence=41, operation=PrimitiveOperation{id=DefaultOperationId{id=write, type=COMMAND}, value=byte[]{length=17, hash=-1644578928}}} to 1
02:19:41.243 [raft-server-1] TRACE i.a.protocols.raft.roles.LeaderRole - RaftServer{1}{role=LEADER} - Received CommandRequest{session=2, sequence=41, operation=PrimitiveOperation{id=DefaultOperationId{id=write, type=COMMAND}, value=byte[]{length=17, hash=-1644578928}}}
02:19:41.243 [raft-server-1] TRACE i.a.protocols.raft.roles.LeaderRole - RaftServer{1}{role=LEADER} - Appended Indexed{index=45, entry=CommandEntry{term=1, timestamp=2018-06-01 02:19:41,243, session=2, sequence=41, operation=PrimitiveOperation{id=DefaultOperationId{id=write, type=COMMAND}, value=byte[]{length=17, hash=-1644578928}}}}
02:19:41.257 [raft-server-2] TRACE i.a.p.raft.roles.FollowerRole - RaftServer{2}{role=FOLLOWER} - Committed entries up to index 44
02:19:41.257 [raft-server-2] TRACE i.a.p.raft.roles.FollowerRole - RaftServer{2}{role=FOLLOWER} - Sending AppendResponse{status=OK, term=1, succeeded=true, lastLogIndex=44}
02:19:41.257 [raft-server-1] TRACE i.a.p.raft.roles.LeaderAppender - RaftServer{1} - Received AppendResponse{status=OK, term=1, succeeded=true, lastLogIndex=44} from 2
02:19:41.257 [raft-server-2-state] TRACE i.a.p.raft.impl.RaftServiceManager - RaftServer{2} - Applying Indexed{index=44, entry=CommandEntry{term=1, timestamp=2018-06-01 02:19:41,184, session=2, sequence=40, operation=PrimitiveOperation{id=DefaultOperationId{id=write, type=COMMAND}, value=byte[]{length=17, hash=-1644578928}}}}
02:19:41.257 [raft-server-1] TRACE i.a.p.raft.roles.LeaderAppender - RaftServer{1} - Sending AppendRequest{term=1, leader=1, prevLogIndex=44, prevLogTerm=1, entries=1, commitIndex=44} to 2
02:19:41.257 [raft-server-2-state] TRACE i.a.p.s.impl.DefaultServiceExecutor - PrimitiveService{2}{type=PrimitiveType{name=test}, name=test} - Executing DefaultCommit{index=44, session=RaftSession{RaftServiceContext{server=2, type=PrimitiveType{name=test}, name=test, id=2}, session=2, timestamp=2018-06-01 02:19:41,184}, time=2018-06-01 02:19:41,184, operation=DefaultOperationId{id=write, type=COMMAND}, value=byte[]{length=17, hash=-1644578928}}
02:19:41.258 [raft-server-2] TRACE i.a.p.raft.roles.FollowerRole - RaftServer{2}{role=FOLLOWER} - Received AppendRequest{term=1, leader=1, prevLogIndex=44, prevLogTerm=1, entries=1, commitIndex=44}
02:19:41.258 [raft-server-2] TRACE i.a.p.raft.roles.FollowerRole - RaftServer{2}{role=FOLLOWER} - Appended Indexed{index=45, entry=CommandEntry{term=1, timestamp=2018-06-01 02:19:41,243, session=2, sequence=41, operation=PrimitiveOperation{id=DefaultOperationId{id=write, type=COMMAND}, value=byte[]{length=17, hash=-1644578928}}}}
02:19:41.258 [raft-server-2] TRACE i.a.p.raft.roles.FollowerRole - RaftServer{2}{role=FOLLOWER} - Sending AppendResponse{status=OK, term=1, succeeded=true, lastLogIndex=45}
02:19:41.258 [raft-server-1] TRACE i.a.p.raft.roles.LeaderAppender - RaftServer{1} - Received AppendResponse{status=OK, term=1, succeeded=true, lastLogIndex=45} from 2
02:19:41.258 [raft-server-1] TRACE i.a.p.raft.roles.LeaderAppender - RaftServer{1} - Committed entries up to 45
02:19:41.279 [raft-server-3] TRACE i.a.p.raft.roles.FollowerRole - RaftServer{3}{role=FOLLOWER} - Committed entries up to index 44
02:19:41.279 [raft-server-3] TRACE i.a.p.raft.roles.FollowerRole - RaftServer{3}{role=FOLLOWER} - Sending AppendResponse{status=OK, term=1, succeeded=true, lastLogIndex=44}
02:19:41.280 [raft-server-3-state] TRACE i.a.p.raft.impl.RaftServiceManager - RaftServer{3} - Applying Indexed{index=44, entry=CommandEntry{term=1, timestamp=2018-06-01 02:19:41,184, session=2, sequence=40, operation=PrimitiveOperation{id=DefaultOperationId{id=write, type=COMMAND}, value=byte[]{length=17, hash=-1644578928}}}}
02:19:41.280 [raft-server-3-state] TRACE i.a.p.s.impl.DefaultServiceExecutor - PrimitiveService{2}{type=PrimitiveType{name=test}, name=test} - Executing DefaultCommit{index=44, session=RaftSession{RaftServiceContext{server=3, type=PrimitiveType{name=test}, name=test, id=2}, session=2, timestamp=2018-06-01 02:19:41,184}, time=2018-06-01 02:19:41,184, operation=DefaultOperationId{id=write, type=COMMAND}, value=byte[]{length=17, hash=-1644578928}}
02:19:41.299 [raft-server-1] TRACE i.a.p.raft.roles.LeaderAppender - RaftServer{1} - Received AppendResponse{status=OK, term=1, succeeded=true, lastLogIndex=44} from 3
02:19:41.299 [raft-server-1] TRACE i.a.p.raft.roles.LeaderAppender - RaftServer{1} - Sending AppendRequest{term=1, leader=1, prevLogIndex=44, prevLogTerm=1, entries=1, commitIndex=45} to 3
02:19:41.299 [raft-server-3] TRACE i.a.p.raft.roles.FollowerRole - RaftServer{3}{role=FOLLOWER} - Received AppendRequest{term=1, leader=1, prevLogIndex=44, prevLogTerm=1, entries=1, commitIndex=45}
02:19:41.299 [raft-server-1-state] TRACE i.a.p.raft.impl.RaftServiceManager - RaftServer{1} - Applying Indexed{index=45, entry=CommandEntry{term=1, timestamp=2018-06-01 02:19:41,243, session=2, sequence=41, operation=PrimitiveOperation{id=DefaultOperationId{id=write, type=COMMAND}, value=byte[]{length=17, hash=-1644578928}}}}
02:19:41.299 [raft-server-3] TRACE i.a.p.raft.roles.FollowerRole - RaftServer{3}{role=FOLLOWER} - Appended Indexed{index=45, entry=CommandEntry{term=1, timestamp=2018-06-01 02:19:41,243, session=2, sequence=41, operation=PrimitiveOperation{id=DefaultOperationId{id=write, type=COMMAND}, value=byte[]{length=17, hash=-1644578928}}}}
02:19:41.299 [raft-server-1-state] TRACE i.a.p.s.impl.DefaultServiceExecutor - PrimitiveService{2}{type=PrimitiveType{name=test}, name=test} - Executing DefaultCommit{index=45, session=RaftSession{RaftServiceContext{server=1, type=PrimitiveType{name=test}, name=test, id=2}, session=2, timestamp=2018-06-01 02:19:41,243}, time=2018-06-01 02:19:41,243, operation=DefaultOperationId{id=write, type=COMMAND}, value=byte[]{length=17, hash=-1644578928}}
02:19:41.300 [raft-server-1-state] TRACE i.a.protocols.raft.roles.LeaderRole - RaftServer{1}{role=LEADER} - Sending CommandResponse{status=OK, index=45, eventIndex=2, result=byte[]{length=2, hash=1330}}
02:19:41.300 [raft-client-8d1a11e6-024d-41c6-816f-7d36669ce782-1] TRACE i.a.p.r.p.impl.RaftProxyConnection - PartitionProxy{2}{type=PrimitiveType{name=test}, name=test} - Received CommandResponse{status=OK, index=45, eventIndex=2, result=byte[]{length=2, hash=1330}} from 1
02:19:41.300 [raft-client-8d1a11e6-024d-41c6-816f-7d36669ce782-1] TRACE i.a.p.r.p.impl.RaftProxySequencer - PartitionProxy{2}{type=PrimitiveType{name=test}, name=test} - Completing response CommandResponse{status=OK, index=45, eventIndex=2, result=byte[]{length=2, hash=1330}}
02:19:41.301 [raft-client-8d1a11e6-024d-41c6-816f-7d36669ce782-6] TRACE i.a.p.r.p.impl.RaftProxyConnection - PartitionProxy{2}{type=PrimitiveType{name=test}, name=test} - Sending CommandRequest{session=2, sequence=42, operation=PrimitiveOperation{id=DefaultOperationId{id=write, type=COMMAND}, value=byte[]{length=17, hash=-1644578928}}} to 1
02:19:41.301 [raft-server-1] TRACE i.a.protocols.raft.roles.LeaderRole - RaftServer{1}{role=LEADER} - Received CommandRequest{session=2, sequence=42, operation=PrimitiveOperation{id=DefaultOperationId{id=write, type=COMMAND}, value=byte[]{length=17, hash=-1644578928}}}
02:19:41.301 [raft-server-1] TRACE i.a.protocols.raft.roles.LeaderRole - RaftServer{1}{role=LEADER} - Appended Indexed{index=46, entry=CommandEntry{term=1, timestamp=2018-06-01 02:19:41,301, session=2, sequence=42, operation=PrimitiveOperation{id=DefaultOperationId{id=write, type=COMMAND}, value=byte[]{length=17, hash=-1644578928}}}}
02:19:41.302 [raft-server-1] TRACE i.a.p.raft.roles.LeaderAppender - RaftServer{1} - Sending AppendRequest{term=1, leader=1, prevLogIndex=45, prevLogTerm=1, entries=1, commitIndex=45} to 2
02:19:41.302 [raft-server-2] TRACE i.a.p.raft.roles.FollowerRole - RaftServer{2}{role=FOLLOWER} - Received AppendRequest{term=1, leader=1, prevLogIndex=45, prevLogTerm=1, entries=1, commitIndex=45}
02:19:41.302 [raft-server-2] TRACE i.a.p.raft.roles.FollowerRole - RaftServer{2}{role=FOLLOWER} - Appended Indexed{index=46, entry=CommandEntry{term=1, timestamp=2018-06-01 02:19:41,301, session=2, sequence=42, operation=PrimitiveOperation{id=DefaultOperationId{id=write, type=COMMAND}, value=byte[]{length=17, hash=-1644578928}}}}
02:19:41.340 [raft-server-3] TRACE i.a.p.raft.roles.FollowerRole - RaftServer{3}{role=FOLLOWER} - Committed entries up to index 45
02:19:41.340 [raft-server-3] TRACE i.a.p.raft.roles.FollowerRole - RaftServer{3}{role=FOLLOWER} - Sending AppendResponse{status=OK, term=1, succeeded=true, lastLogIndex=45}
02:19:41.341 [raft-server-1] TRACE i.a.p.raft.roles.LeaderAppender - RaftServer{1} - Received AppendResponse{status=OK, term=1, succeeded=true, lastLogIndex=45} from 3
02:19:41.341 [raft-server-3-state] TRACE i.a.p.raft.impl.RaftServiceManager - RaftServer{3} - Applying Indexed{index=45, entry=CommandEntry{term=1, timestamp=2018-06-01 02:19:41,243, session=2, sequence=41, operation=PrimitiveOperation{id=DefaultOperationId{id=write, type=COMMAND}, value=byte[]{length=17, hash=-1644578928}}}}
02:19:41.341 [raft-server-1] TRACE i.a.p.raft.roles.LeaderAppender - RaftServer{1} - Sending AppendRequest{term=1, leader=1, prevLogIndex=45, prevLogTerm=1, entries=1, commitIndex=45} to 3
02:19:41.341 [raft-server-3-state] TRACE i.a.p.s.impl.DefaultServiceExecutor - PrimitiveService{2}{type=PrimitiveType{name=test}, name=test} - Executing DefaultCommit{index=45, session=RaftSession{RaftServiceContext{server=3, type=PrimitiveType{name=test}, name=test, id=2}, session=2, timestamp=2018-06-01 02:19:41,243}, time=2018-06-01 02:19:41,243, operation=DefaultOperationId{id=write, type=COMMAND}, value=byte[]{length=17, hash=-1644578928}}
02:19:41.341 [raft-server-3] TRACE i.a.p.raft.roles.FollowerRole - RaftServer{3}{role=FOLLOWER} - Received AppendRequest{term=1, leader=1, prevLogIndex=45, prevLogTerm=1, entries=1, commitIndex=45}
02:19:41.341 [raft-server-3] TRACE i.a.p.raft.roles.FollowerRole - RaftServer{3}{role=FOLLOWER} - Appended Indexed{index=46, entry=CommandEntry{term=1, timestamp=2018-06-01 02:19:41,301, session=2, sequence=42, operation=PrimitiveOperation{id=DefaultOperationId{id=write, type=COMMAND}, value=byte[]{length=17, hash=-1644578928}}}}
02:19:41.341 [raft-server-3] TRACE i.a.p.raft.roles.FollowerRole - RaftServer{3}{role=FOLLOWER} - Sending AppendResponse{status=OK, term=1, succeeded=true, lastLogIndex=46}
02:19:41.341 [raft-server-1] TRACE i.a.p.raft.roles.LeaderAppender - RaftServer{1} - Received AppendResponse{status=OK, term=1, succeeded=true, lastLogIndex=46} from 3
02:19:41.342 [raft-server-1] TRACE i.a.p.raft.roles.LeaderAppender - RaftServer{1} - Committed entries up to 46
02:19:41.363 [raft-server-2] TRACE i.a.p.raft.roles.FollowerRole - RaftServer{2}{role=FOLLOWER} - Committed entries up to index 45
02:19:41.363 [raft-server-2] TRACE i.a.p.raft.roles.FollowerRole - RaftServer{2}{role=FOLLOWER} - Sending AppendResponse{status=OK, term=1, succeeded=true, lastLogIndex=46}
02:19:41.363 [raft-server-2-state] TRACE i.a.p.raft.impl.RaftServiceManager - RaftServer{2} - Applying Indexed{index=45, entry=CommandEntry{term=1, timestamp=2018-06-01 02:19:41,243, session=2, sequence=41, operation=PrimitiveOperation{id=DefaultOperationId{id=write, type=COMMAND}, value=byte[]{length=17, hash=-1644578928}}}}
02:19:41.363 [raft-server-2-state] TRACE i.a.p.s.impl.DefaultServiceExecutor - PrimitiveService{2}{type=PrimitiveType{name=test}, name=test} - Executing DefaultCommit{index=45, session=RaftSession{RaftServiceContext{server=2, type=PrimitiveType{name=test}, name=test, id=2}, session=2, timestamp=2018-06-01 02:19:41,243}, time=2018-06-01 02:19:41,243, operation=DefaultOperationId{id=write, type=COMMAND}, value=byte[]{length=17, hash=-1644578928}}
02:19:41.389 [raft-server-1] TRACE i.a.p.raft.roles.LeaderAppender - RaftServer{1} - Received AppendResponse{status=OK, term=1, succeeded=true, lastLogIndex=46} from 2
02:19:41.389 [raft-server-1-state] TRACE i.a.p.raft.impl.RaftServiceManager - RaftServer{1} - Applying Indexed{index=46, entry=CommandEntry{term=1, timestamp=2018-06-01 02:19:41,301, session=2, sequence=42, operation=PrimitiveOperation{id=DefaultOperationId{id=write, type=COMMAND}, value=byte[]{length=17, hash=-1644578928}}}}
02:19:41.389 [raft-server-1-state] TRACE i.a.p.s.impl.DefaultServiceExecutor - PrimitiveService{2}{type=PrimitiveType{name=test}, name=test} - Executing DefaultCommit{index=46, session=RaftSession{RaftServiceContext{server=1, type=PrimitiveType{name=test}, name=test, id=2}, session=2, timestamp=2018-06-01 02:19:41,301}, time=2018-06-01 02:19:41,301, operation=DefaultOperationId{id=write, type=COMMAND}, value=byte[]{length=17, hash=-1644578928}}
02:19:41.390 [raft-server-1-state] TRACE i.a.protocols.raft.roles.LeaderRole - RaftServer{1}{role=LEADER} - Sending CommandResponse{status=OK, index=46, eventIndex=2, result=byte[]{length=2, hash=1332}}
02:19:41.390 [raft-client-8d1a11e6-024d-41c6-816f-7d36669ce782-7] TRACE i.a.p.r.p.impl.RaftProxyConnection - PartitionProxy{2}{type=PrimitiveType{name=test}, name=test} - Received CommandResponse{status=OK, index=46, eventIndex=2, result=byte[]{length=2, hash=1332}} from 1
02:19:41.390 [raft-client-8d1a11e6-024d-41c6-816f-7d36669ce782-7] TRACE i.a.p.r.p.impl.RaftProxySequencer - PartitionProxy{2}{type=PrimitiveType{name=test}, name=test} - Completing response CommandResponse{status=OK, index=46, eventIndex=2, result=byte[]{length=2, hash=1332}}
02:19:41.390 [raft-client-8d1a11e6-024d-41c6-816f-7d36669ce782-0] TRACE i.a.p.r.p.impl.RaftProxyConnection - PartitionProxy{2}{type=PrimitiveType{name=test}, name=test} - Sending CommandRequest{session=2, sequence=43, operation=PrimitiveOperation{id=DefaultOperationId{id=write, type=COMMAND}, value=byte[]{length=17, hash=-1644578928}}} to 1
02:19:41.391 [raft-server-1] TRACE i.a.protocols.raft.roles.LeaderRole - RaftServer{1}{role=LEADER} - Received CommandRequest{session=2, sequence=43, operation=PrimitiveOperation{id=DefaultOperationId{id=write, type=COMMAND}, value=byte[]{length=17, hash=-1644578928}}}
02:19:41.391 [raft-server-1] TRACE i.a.protocols.raft.roles.LeaderRole - RaftServer{1}{role=LEADER} - Appended Indexed{index=47, entry=CommandEntry{term=1, timestamp=2018-06-01 02:19:41,391, session=2, sequence=43, operation=PrimitiveOperation{id=DefaultOperationId{id=write, type=COMMAND}, value=byte[]{length=17, hash=-1644578928}}}}
02:19:41.391 [raft-server-1] TRACE i.a.p.raft.roles.LeaderAppender - RaftServer{1} - Sending AppendRequest{term=1, leader=1, prevLogIndex=46, prevLogTerm=1, entries=1, commitIndex=46} to 2
02:19:41.391 [raft-server-1] TRACE i.a.p.raft.roles.LeaderAppender - RaftServer{1} - Sending AppendRequest{term=1, leader=1, prevLogIndex=46, prevLogTerm=1, entries=1, commitIndex=46} to 3
02:19:41.391 [raft-server-2] TRACE i.a.p.raft.roles.FollowerRole - RaftServer{2}{role=FOLLOWER} - Received AppendRequest{term=1, leader=1, prevLogIndex=46, prevLogTerm=1, entries=1, commitIndex=46}
02:19:41.391 [raft-server-3] TRACE i.a.p.raft.roles.FollowerRole - RaftServer{3}{role=FOLLOWER} - Received AppendRequest{term=1, leader=1, prevLogIndex=46, prevLogTerm=1, entries=1, commitIndex=46}
02:19:41.391 [raft-server-2] TRACE i.a.p.raft.roles.FollowerRole - RaftServer{2}{role=FOLLOWER} - Appended Indexed{index=47, entry=CommandEntry{term=1, timestamp=2018-06-01 02:19:41,391, session=2, sequence=43, operation=PrimitiveOperation{id=DefaultOperationId{id=write, type=COMMAND}, value=byte[]{length=17, hash=-1644578928}}}}
02:19:41.392 [raft-server-3] TRACE i.a.p.raft.roles.FollowerRole - RaftServer{3}{role=FOLLOWER} - Appended Indexed{index=47, entry=CommandEntry{term=1, timestamp=2018-06-01 02:19:41,391, session=2, sequence=43, operation=PrimitiveOperation{id=DefaultOperationId{id=write, type=COMMAND}, value=byte[]{length=17, hash=-1644578928}}}}
02:19:41.424 [raft-server-2] TRACE i.a.p.raft.roles.FollowerRole - RaftServer{2}{role=FOLLOWER} - Committed entries up to index 46
02:19:41.424 [raft-server-3] TRACE i.a.p.raft.roles.FollowerRole - RaftServer{3}{role=FOLLOWER} - Committed entries up to index 46
02:19:41.424 [raft-server-2] TRACE i.a.p.raft.roles.FollowerRole - RaftServer{2}{role=FOLLOWER} - Sending AppendResponse{status=OK, term=1, succeeded=true, lastLogIndex=47}
02:19:41.424 [raft-server-3] TRACE i.a.p.raft.roles.FollowerRole - RaftServer{3}{role=FOLLOWER} - Sending AppendResponse{status=OK, term=1, succeeded=true, lastLogIndex=47}
02:19:41.424 [raft-server-1] TRACE i.a.p.raft.roles.LeaderAppender - RaftServer{1} - Received AppendResponse{status=OK, term=1, succeeded=true, lastLogIndex=47} from 2
02:19:41.424 [raft-server-2-state] TRACE i.a.p.raft.impl.RaftServiceManager - RaftServer{2} - Applying Indexed{index=46, entry=CommandEntry{term=1, timestamp=2018-06-01 02:19:41,301, session=2, sequence=42, operation=PrimitiveOperation{id=DefaultOperationId{id=write, type=COMMAND}, value=byte[]{length=17, hash=-1644578928}}}}
02:19:41.424 [raft-server-3-state] TRACE i.a.p.raft.impl.RaftServiceManager - RaftServer{3} - Applying Indexed{index=46, entry=CommandEntry{term=1, timestamp=2018-06-01 02:19:41,301, session=2, sequence=42, operation=PrimitiveOperation{id=DefaultOperationId{id=write, type=COMMAND}, value=byte[]{length=17, hash=-1644578928}}}}
02:19:41.424 [raft-server-1] TRACE i.a.p.raft.roles.LeaderAppender - RaftServer{1} - Committed entries up to 47
02:19:41.424 [raft-server-2-state] TRACE i.a.p.s.impl.DefaultServiceExecutor - PrimitiveService{2}{type=PrimitiveType{name=test}, name=test} - Executing DefaultCommit{index=46, session=RaftSession{RaftServiceContext{server=2, type=PrimitiveType{name=test}, name=test, id=2}, session=2, timestamp=2018-06-01 02:19:41,301}, time=2018-06-01 02:19:41,301, operation=DefaultOperationId{id=write, type=COMMAND}, value=byte[]{length=17, hash=-1644578928}}
02:19:41.424 [raft-server-3-state] TRACE i.a.p.s.impl.DefaultServiceExecutor - PrimitiveService{2}{type=PrimitiveType{name=test}, name=test} - Executing DefaultCommit{index=46, session=RaftSession{RaftServiceContext{server=3, type=PrimitiveType{name=test}, name=test, id=2}, session=2, timestamp=2018-06-01 02:19:41,301}, time=2018-06-01 02:19:41,301, operation=DefaultOperationId{id=write, type=COMMAND}, value=byte[]{length=17, hash=-1644578928}}
02:19:41.455 [raft-server-1] TRACE i.a.p.raft.roles.LeaderAppender - RaftServer{1} - Received AppendResponse{status=OK, term=1, succeeded=true, lastLogIndex=47} from 3
02:19:41.456 [raft-server-1-state] TRACE i.a.p.raft.impl.RaftServiceManager - RaftServer{1} - Applying Indexed{index=47, entry=CommandEntry{term=1, timestamp=2018-06-01 02:19:41,391, session=2, sequence=43, operation=PrimitiveOperation{id=DefaultOperationId{id=write, type=COMMAND}, value=byte[]{length=17, hash=-1644578928}}}}
02:19:41.456 [raft-server-1-state] TRACE i.a.p.s.impl.DefaultServiceExecutor - PrimitiveService{2}{type=PrimitiveType{name=test}, name=test} - Executing DefaultCommit{index=47, session=RaftSession{RaftServiceContext{server=1, type=PrimitiveType{name=test}, name=test, id=2}, session=2, timestamp=2018-06-01 02:19:41,391}, time=2018-06-01 02:19:41,391, operation=DefaultOperationId{id=write, type=COMMAND}, value=byte[]{length=17, hash=-1644578928}}
02:19:41.456 [raft-server-1-state] TRACE i.a.protocols.raft.roles.LeaderRole - RaftServer{1}{role=LEADER} - Sending CommandResponse{status=OK, index=47, eventIndex=2, result=byte[]{length=2, hash=1334}}
02:19:41.456 [raft-client-8d1a11e6-024d-41c6-816f-7d36669ce782-5] TRACE i.a.p.r.p.impl.RaftProxyConnection - PartitionProxy{2}{type=PrimitiveType{name=test}, name=test} - Received CommandResponse{status=OK, index=47, eventIndex=2, result=byte[]{length=2, hash=1334}} from 1
02:19:41.457 [raft-client-8d1a11e6-024d-41c6-816f-7d36669ce782-5] TRACE i.a.p.r.p.impl.RaftProxySequencer - PartitionProxy{2}{type=PrimitiveType{name=test}, name=test} - Completing response CommandResponse{status=OK, index=47, eventIndex=2, result=byte[]{length=2, hash=1334}}
02:19:41.457 [raft-client-8d1a11e6-024d-41c6-816f-7d36669ce782-4] TRACE i.a.p.r.p.impl.RaftProxyConnection - PartitionProxy{2}{type=PrimitiveType{name=test}, name=test} - Sending CommandRequest{session=2, sequence=44, operation=PrimitiveOperation{id=DefaultOperationId{id=write, type=COMMAND}, value=byte[]{length=17, hash=-1644578928}}} to 1
02:19:41.457 [raft-server-1] TRACE i.a.protocols.raft.roles.LeaderRole - RaftServer{1}{role=LEADER} - Received CommandRequest{session=2, sequence=44, operation=PrimitiveOperation{id=DefaultOperationId{id=write, type=COMMAND}, value=byte[]{length=17, hash=-1644578928}}}
02:19:41.458 [raft-server-1] TRACE i.a.protocols.raft.roles.LeaderRole - RaftServer{1}{role=LEADER} - Appended Indexed{index=48, entry=CommandEntry{term=1, timestamp=2018-06-01 02:19:41,457, session=2, sequence=44, operation=PrimitiveOperation{id=DefaultOperationId{id=write, type=COMMAND}, value=byte[]{length=17, hash=-1644578928}}}}
02:19:41.458 [raft-server-1] TRACE i.a.p.raft.roles.LeaderAppender - RaftServer{1} - Sending AppendRequest{term=1, leader=1, prevLogIndex=47, prevLogTerm=1, entries=1, commitIndex=47} to 2
02:19:41.458 [raft-server-1] TRACE i.a.p.raft.roles.LeaderAppender - RaftServer{1} - Sending AppendRequest{term=1, leader=1, prevLogIndex=47, prevLogTerm=1, entries=1, commitIndex=47} to 3
02:19:41.458 [raft-server-2] TRACE i.a.p.raft.roles.FollowerRole - RaftServer{2}{role=FOLLOWER} - Received AppendRequest{term=1, leader=1, prevLogIndex=47, prevLogTerm=1, entries=1, commitIndex=47}
02:19:41.458 [raft-server-3] TRACE i.a.p.raft.roles.FollowerRole - RaftServer{3}{role=FOLLOWER} - Received AppendRequest{term=1, leader=1, prevLogIndex=47, prevLogTerm=1, entries=1, commitIndex=47}
02:19:41.458 [raft-server-2] TRACE i.a.p.raft.roles.FollowerRole - RaftServer{2}{role=FOLLOWER} - Appended Indexed{index=48, entry=CommandEntry{term=1, timestamp=2018-06-01 02:19:41,457, session=2, sequence=44, operation=PrimitiveOperation{id=DefaultOperationId{id=write, type=COMMAND}, value=byte[]{length=17, hash=-1644578928}}}}
02:19:41.458 [raft-server-3] TRACE i.a.p.raft.roles.FollowerRole - RaftServer{3}{role=FOLLOWER} - Appended Indexed{index=48, entry=CommandEntry{term=1, timestamp=2018-06-01 02:19:41,457, session=2, sequence=44, operation=PrimitiveOperation{id=DefaultOperationId{id=write, type=COMMAND}, value=byte[]{length=17, hash=-1644578928}}}}
02:19:41.490 [raft-server-2] TRACE i.a.p.raft.roles.FollowerRole - RaftServer{2}{role=FOLLOWER} - Committed entries up to index 47
02:19:41.490 [raft-server-3] TRACE i.a.p.raft.roles.FollowerRole - RaftServer{3}{role=FOLLOWER} - Committed entries up to index 47
02:19:41.490 [raft-server-2] TRACE i.a.p.raft.roles.FollowerRole - RaftServer{2}{role=FOLLOWER} - Sending AppendResponse{status=OK, term=1, succeeded=true, lastLogIndex=48}
02:19:41.490 [raft-server-3] TRACE i.a.p.raft.roles.FollowerRole - RaftServer{3}{role=FOLLOWER} - Sending AppendResponse{status=OK, term=1, succeeded=true, lastLogIndex=48}
02:19:41.491 [raft-server-1] TRACE i.a.p.raft.roles.LeaderAppender - RaftServer{1} - Received AppendResponse{status=OK, term=1, succeeded=true, lastLogIndex=48} from 2
02:19:41.491 [raft-server-3-state] TRACE i.a.p.raft.impl.RaftServiceManager - RaftServer{3} - Applying Indexed{index=47, entry=CommandEntry{term=1, timestamp=2018-06-01 02:19:41,391, session=2, sequence=43, operation=PrimitiveOperation{id=DefaultOperationId{id=write, type=COMMAND}, value=byte[]{length=17, hash=-1644578928}}}}
02:19:41.491 [raft-server-2-state] TRACE i.a.p.raft.impl.RaftServiceManager - RaftServer{2} - Applying Indexed{index=47, entry=CommandEntry{term=1, timestamp=2018-06-01 02:19:41,391, session=2, sequence=43, operation=PrimitiveOperation{id=DefaultOperationId{id=write, type=COMMAND}, value=byte[]{length=17, hash=-1644578928}}}}
02:19:41.491 [raft-server-1] TRACE i.a.p.raft.roles.LeaderAppender - RaftServer{1} - Committed entries up to 48
02:19:41.491 [raft-server-3-state] TRACE i.a.p.s.impl.DefaultServiceExecutor - PrimitiveService{2}{type=PrimitiveType{name=test}, name=test} - Executing DefaultCommit{index=47, session=RaftSession{RaftServiceContext{server=3, type=PrimitiveType{name=test}, name=test, id=2}, session=2, timestamp=2018-06-01 02:19:41,391}, time=2018-06-01 02:19:41,391, operation=DefaultOperationId{id=write, type=COMMAND}, value=byte[]{length=17, hash=-1644578928}}
02:19:41.491 [raft-server-2-state] TRACE i.a.p.s.impl.DefaultServiceExecutor - PrimitiveService{2}{type=PrimitiveType{name=test}, name=test} - Executing DefaultCommit{index=47, session=RaftSession{RaftServiceContext{server=2, type=PrimitiveType{name=test}, name=test, id=2}, session=2, timestamp=2018-06-01 02:19:41,391}, time=2018-06-01 02:19:41,391, operation=DefaultOperationId{id=write, type=COMMAND}, value=byte[]{length=17, hash=-1644578928}}
02:19:41.524 [raft-server-1] TRACE i.a.p.raft.roles.LeaderAppender - RaftServer{1} - Sending AppendRequest{term=1, leader=1, prevLogIndex=48, prevLogTerm=1, entries=0, commitIndex=48} to 2
02:19:41.524 [raft-server-2] TRACE i.a.p.raft.roles.FollowerRole - RaftServer{2}{role=FOLLOWER} - Received AppendRequest{term=1, leader=1, prevLogIndex=48, prevLogTerm=1, entries=0, commitIndex=48}
02:19:41.524 [raft-server-1] TRACE i.a.p.raft.roles.LeaderAppender - RaftServer{1} - Received AppendResponse{status=OK, term=1, succeeded=true, lastLogIndex=48} from 3
02:19:41.524 [raft-server-1] TRACE i.a.p.raft.roles.LeaderAppender - RaftServer{1} - Sending AppendRequest{term=1, leader=1, prevLogIndex=48, prevLogTerm=1, entries=0, commitIndex=48} to 3
02:19:41.524 [raft-server-3] TRACE i.a.p.raft.roles.FollowerRole - RaftServer{3}{role=FOLLOWER} - Received AppendRequest{term=1, leader=1, prevLogIndex=48, prevLogTerm=1, entries=0, commitIndex=48}
02:19:41.524 [raft-server-1-state] TRACE i.a.p.raft.impl.RaftServiceManager - RaftServer{1} - Applying Indexed{index=48, entry=CommandEntry{term=1, timestamp=2018-06-01 02:19:41,457, session=2, sequence=44, operation=PrimitiveOperation{id=DefaultOperationId{id=write, type=COMMAND}, value=byte[]{length=17, hash=-1644578928}}}}
02:19:41.525 [raft-server-1-state] TRACE i.a.p.s.impl.DefaultServiceExecutor - PrimitiveService{2}{type=PrimitiveType{name=test}, name=test} - Executing DefaultCommit{index=48, session=RaftSession{RaftServiceContext{server=1, type=PrimitiveType{name=test}, name=test, id=2}, session=2, timestamp=2018-06-01 02:19:41,457}, time=2018-06-01 02:19:41,457, operation=DefaultOperationId{id=write, type=COMMAND}, value=byte[]{length=17, hash=-1644578928}}
02:19:41.525 [raft-server-1-state] TRACE i.a.protocols.raft.roles.LeaderRole - RaftServer{1}{role=LEADER} - Sending CommandResponse{status=OK, index=48, eventIndex=2, result=byte[]{length=2, hash=1336}}
02:19:41.525 [raft-client-8d1a11e6-024d-41c6-816f-7d36669ce782-1] TRACE i.a.p.r.p.impl.RaftProxyConnection - PartitionProxy{2}{type=PrimitiveType{name=test}, name=test} - Received CommandResponse{status=OK, index=48, eventIndex=2, result=byte[]{length=2, hash=1336}} from 1
02:19:41.525 [raft-client-8d1a11e6-024d-41c6-816f-7d36669ce782-1] TRACE i.a.p.r.p.impl.RaftProxySequencer - PartitionProxy{2}{type=PrimitiveType{name=test}, name=test} - Completing response CommandResponse{status=OK, index=48, eventIndex=2, result=byte[]{length=2, hash=1336}}
02:19:41.526 [raft-client-8d1a11e6-024d-41c6-816f-7d36669ce782-3] TRACE i.a.p.r.p.impl.RaftProxyConnection - PartitionProxy{2}{type=PrimitiveType{name=test}, name=test} - Sending CommandRequest{session=2, sequence=45, operation=PrimitiveOperation{id=DefaultOperationId{id=write, type=COMMAND}, value=byte[]{length=17, hash=-1644578928}}} to 1
02:19:41.526 [raft-server-1] TRACE i.a.protocols.raft.roles.LeaderRole - RaftServer{1}{role=LEADER} - Received CommandRequest{session=2, sequence=45, operation=PrimitiveOperation{id=DefaultOperationId{id=write, type=COMMAND}, value=byte[]{length=17, hash=-1644578928}}}
02:19:41.526 [raft-server-1] TRACE i.a.protocols.raft.roles.LeaderRole - RaftServer{1}{role=LEADER} - Appended Indexed{index=49, entry=CommandEntry{term=1, timestamp=2018-06-01 02:19:41,526, session=2, sequence=45, operation=PrimitiveOperation{id=DefaultOperationId{id=write, type=COMMAND}, value=byte[]{length=17, hash=-1644578928}}}}
02:19:41.547 [raft-server-2] TRACE i.a.p.raft.roles.FollowerRole - RaftServer{2}{role=FOLLOWER} - Committed entries up to index 48
02:19:41.547 [raft-server-2] TRACE i.a.p.raft.roles.FollowerRole - RaftServer{2}{role=FOLLOWER} - Sending AppendResponse{status=OK, term=1, succeeded=true, lastLogIndex=48}
02:19:41.547 [raft-server-1] TRACE i.a.p.raft.roles.LeaderAppender - RaftServer{1} - Received AppendResponse{status=OK, term=1, succeeded=true, lastLogIndex=48} from 2
02:19:41.547 [raft-server-2-state] TRACE i.a.p.raft.impl.RaftServiceManager - RaftServer{2} - Applying Indexed{index=48, entry=CommandEntry{term=1, timestamp=2018-06-01 02:19:41,457, session=2, sequence=44, operation=PrimitiveOperation{id=DefaultOperationId{id=write, type=COMMAND}, value=byte[]{length=17, hash=-1644578928}}}}
02:19:41.547 [raft-server-1] TRACE i.a.p.raft.roles.LeaderAppender - RaftServer{1} - Sending AppendRequest{term=1, leader=1, prevLogIndex=48, prevLogTerm=1, entries=1, commitIndex=48} to 2
02:19:41.548 [raft-server-2] TRACE i.a.p.raft.roles.FollowerRole - RaftServer{2}{role=FOLLOWER} - Received AppendRequest{term=1, leader=1, prevLogIndex=48, prevLogTerm=1, entries=1, commitIndex=48}
02:19:41.547 [raft-server-2-state] TRACE i.a.p.s.impl.DefaultServiceExecutor - PrimitiveService{2}{type=PrimitiveType{name=test}, name=test} - Executing DefaultCommit{index=48, session=RaftSession{RaftServiceContext{server=2, type=PrimitiveType{name=test}, name=test, id=2}, session=2, timestamp=2018-06-01 02:19:41,457}, time=2018-06-01 02:19:41,457, operation=DefaultOperationId{id=write, type=COMMAND}, value=byte[]{length=17, hash=-1644578928}}
02:19:41.548 [raft-server-2] TRACE i.a.p.raft.roles.FollowerRole - RaftServer{2}{role=FOLLOWER} - Appended Indexed{index=49, entry=CommandEntry{term=1, timestamp=2018-06-01 02:19:41,526, session=2, sequence=45, operation=PrimitiveOperation{id=DefaultOperationId{id=write, type=COMMAND}, value=byte[]{length=17, hash=-1644578928}}}}
02:19:41.548 [raft-server-2] TRACE i.a.p.raft.roles.FollowerRole - RaftServer{2}{role=FOLLOWER} - Sending AppendResponse{status=OK, term=1, succeeded=true, lastLogIndex=49}
02:19:41.548 [raft-server-1] TRACE i.a.p.raft.roles.LeaderAppender - RaftServer{1} - Received AppendResponse{status=OK, term=1, succeeded=true, lastLogIndex=49} from 2
02:19:41.548 [raft-server-1] TRACE i.a.p.raft.roles.LeaderAppender - RaftServer{1} - Committed entries up to 49
02:19:41.581 [raft-server-3] TRACE i.a.p.raft.roles.FollowerRole - RaftServer{3}{role=FOLLOWER} - Committed entries up to index 48
02:19:41.581 [raft-server-3] TRACE i.a.p.raft.roles.FollowerRole - RaftServer{3}{role=FOLLOWER} - Sending AppendResponse{status=OK, term=1, succeeded=true, lastLogIndex=48}
02:19:41.581 [raft-server-3-state] TRACE i.a.p.raft.impl.RaftServiceManager - RaftServer{3} - Applying Indexed{index=48, entry=CommandEntry{term=1, timestamp=2018-06-01 02:19:41,457, session=2, sequence=44, operation=PrimitiveOperation{id=DefaultOperationId{id=write, type=COMMAND}, value=byte[]{length=17, hash=-1644578928}}}}
02:19:41.581 [raft-server-3-state] TRACE i.a.p.s.impl.DefaultServiceExecutor - PrimitiveService{2}{type=PrimitiveType{name=test}, name=test} - Executing DefaultCommit{index=48, session=RaftSession{RaftServiceContext{server=3, type=PrimitiveType{name=test}, name=test, id=2}, session=2, timestamp=2018-06-01 02:19:41,457}, time=2018-06-01 02:19:41,457, operation=DefaultOperationId{id=write, type=COMMAND}, value=byte[]{length=17, hash=-1644578928}}
02:19:41.606 [raft-server-1] TRACE i.a.p.raft.roles.LeaderAppender - RaftServer{1} - Received AppendResponse{status=OK, term=1, succeeded=true, lastLogIndex=48} from 3
02:19:41.606 [raft-server-1] TRACE i.a.p.raft.roles.LeaderAppender - RaftServer{1} - Sending AppendRequest{term=1, leader=1, prevLogIndex=48, prevLogTerm=1, entries=1, commitIndex=49} to 3
02:19:41.606 [raft-server-3] TRACE i.a.p.raft.roles.FollowerRole - RaftServer{3}{role=FOLLOWER} - Received AppendRequest{term=1, leader=1, prevLogIndex=48, prevLogTerm=1, entries=1, commitIndex=49}
02:19:41.606 [raft-server-1-state] TRACE i.a.p.raft.impl.RaftServiceManager - RaftServer{1} - Applying Indexed{index=49, entry=CommandEntry{term=1, timestamp=2018-06-01 02:19:41,526, session=2, sequence=45, operation=PrimitiveOperation{id=DefaultOperationId{id=write, type=COMMAND}, value=byte[]{length=17, hash=-1644578928}}}}
02:19:41.606 [raft-server-3] TRACE i.a.p.raft.roles.FollowerRole - RaftServer{3}{role=FOLLOWER} - Appended Indexed{index=49, entry=CommandEntry{term=1, timestamp=2018-06-01 02:19:41,526, session=2, sequence=45, operation=PrimitiveOperation{id=DefaultOperationId{id=write, type=COMMAND}, value=byte[]{length=17, hash=-1644578928}}}}
02:19:41.606 [raft-server-1-state] TRACE i.a.p.s.impl.DefaultServiceExecutor - PrimitiveService{2}{type=PrimitiveType{name=test}, name=test} - Executing DefaultCommit{index=49, session=RaftSession{RaftServiceContext{server=1, type=PrimitiveType{name=test}, name=test, id=2}, session=2, timestamp=2018-06-01 02:19:41,526}, time=2018-06-01 02:19:41,526, operation=DefaultOperationId{id=write, type=COMMAND}, value=byte[]{length=17, hash=-1644578928}}
02:19:41.607 [raft-server-1-state] TRACE i.a.protocols.raft.roles.LeaderRole - RaftServer{1}{role=LEADER} - Sending CommandResponse{status=OK, index=49, eventIndex=2, result=byte[]{length=2, hash=1338}}
02:19:41.607 [raft-client-8d1a11e6-024d-41c6-816f-7d36669ce782-7] TRACE i.a.p.r.p.impl.RaftProxyConnection - PartitionProxy{2}{type=PrimitiveType{name=test}, name=test} - Received CommandResponse{status=OK, index=49, eventIndex=2, result=byte[]{length=2, hash=1338}} from 1
02:19:41.607 [raft-client-8d1a11e6-024d-41c6-816f-7d36669ce782-7] TRACE i.a.p.r.p.impl.RaftProxySequencer - PartitionProxy{2}{type=PrimitiveType{name=test}, name=test} - Completing response CommandResponse{status=OK, index=49, eventIndex=2, result=byte[]{length=2, hash=1338}}
02:19:41.608 [raft-client-8d1a11e6-024d-41c6-816f-7d36669ce782-2] TRACE i.a.p.r.p.impl.RaftProxyConnection - PartitionProxy{2}{type=PrimitiveType{name=test}, name=test} - Sending CommandRequest{session=2, sequence=46, operation=PrimitiveOperation{id=DefaultOperationId{id=write, type=COMMAND}, value=byte[]{length=17, hash=-1644578928}}} to 1
02:19:41.608 [raft-server-1] TRACE i.a.protocols.raft.roles.LeaderRole - RaftServer{1}{role=LEADER} - Received CommandRequest{session=2, sequence=46, operation=PrimitiveOperation{id=DefaultOperationId{id=write, type=COMMAND}, value=byte[]{length=17, hash=-1644578928}}}
02:19:41.608 [raft-server-1] TRACE i.a.protocols.raft.roles.LeaderRole - RaftServer{1}{role=LEADER} - Appended Indexed{index=50, entry=CommandEntry{term=1, timestamp=2018-06-01 02:19:41,608, session=2, sequence=46, operation=PrimitiveOperation{id=DefaultOperationId{id=write, type=COMMAND}, value=byte[]{length=17, hash=-1644578928}}}}
02:19:41.608 [raft-server-1] TRACE i.a.p.raft.roles.LeaderAppender - RaftServer{1} - Sending AppendRequest{term=1, leader=1, prevLogIndex=49, prevLogTerm=1, entries=1, commitIndex=49} to 2
02:19:41.608 [raft-server-2] TRACE i.a.p.raft.roles.FollowerRole - RaftServer{2}{role=FOLLOWER} - Received AppendRequest{term=1, leader=1, prevLogIndex=49, prevLogTerm=1, entries=1, commitIndex=49}
02:19:41.609 [raft-server-2] TRACE i.a.p.raft.roles.FollowerRole - RaftServer{2}{role=FOLLOWER} - Appended Indexed{index=50, entry=CommandEntry{term=1, timestamp=2018-06-01 02:19:41,608, session=2, sequence=46, operation=PrimitiveOperation{id=DefaultOperationId{id=write, type=COMMAND}, value=byte[]{length=17, hash=-1644578928}}}}
02:19:41.647 [raft-server-3] TRACE i.a.p.raft.roles.FollowerRole - RaftServer{3}{role=FOLLOWER} - Committed entries up to index 49
02:19:41.647 [raft-server-3] TRACE i.a.p.raft.roles.FollowerRole - RaftServer{3}{role=FOLLOWER} - Sending AppendResponse{status=OK, term=1, succeeded=true, lastLogIndex=49}
02:19:41.647 [raft-server-1] TRACE i.a.p.raft.roles.LeaderAppender - RaftServer{1} - Received AppendResponse{status=OK, term=1, succeeded=true, lastLogIndex=49} from 3
02:19:41.647 [raft-server-1] TRACE i.a.p.raft.roles.LeaderAppender - RaftServer{1} - Sending AppendRequest{term=1, leader=1, prevLogIndex=49, prevLogTerm=1, entries=1, commitIndex=49} to 3
02:19:41.647 [raft-server-3-state] TRACE i.a.p.raft.impl.RaftServiceManager - RaftServer{3} - Applying Indexed{index=49, entry=CommandEntry{term=1, timestamp=2018-06-01 02:19:41,526, session=2, sequence=45, operation=PrimitiveOperation{id=DefaultOperationId{id=write, type=COMMAND}, value=byte[]{length=17, hash=-1644578928}}}}
02:19:41.648 [raft-server-3] TRACE i.a.p.raft.roles.FollowerRole - RaftServer{3}{role=FOLLOWER} - Received AppendRequest{term=1, leader=1, prevLogIndex=49, prevLogTerm=1, entries=1, commitIndex=49}
02:19:41.648 [raft-server-3-state] TRACE i.a.p.s.impl.DefaultServiceExecutor - PrimitiveService{2}{type=PrimitiveType{name=test}, name=test} - Executing DefaultCommit{index=49, session=RaftSession{RaftServiceContext{server=3, type=PrimitiveType{name=test}, name=test, id=2}, session=2, timestamp=2018-06-01 02:19:41,526}, time=2018-06-01 02:19:41,526, operation=DefaultOperationId{id=write, type=COMMAND}, value=byte[]{length=17, hash=-1644578928}}
02:19:41.648 [raft-server-3] TRACE i.a.p.raft.roles.FollowerRole - RaftServer{3}{role=FOLLOWER} - Appended Indexed{index=50, entry=CommandEntry{term=1, timestamp=2018-06-01 02:19:41,608, session=2, sequence=46, operation=PrimitiveOperation{id=DefaultOperationId{id=write, type=COMMAND}, value=byte[]{length=17, hash=-1644578928}}}}
02:19:41.648 [raft-server-3] TRACE i.a.p.raft.roles.FollowerRole - RaftServer{3}{role=FOLLOWER} - Sending AppendResponse{status=OK, term=1, succeeded=true, lastLogIndex=50}
02:19:41.648 [raft-server-1] TRACE i.a.p.raft.roles.LeaderAppender - RaftServer{1} - Received AppendResponse{status=OK, term=1, succeeded=true, lastLogIndex=50} from 3
02:19:41.648 [raft-server-1] TRACE i.a.p.raft.roles.LeaderAppender - RaftServer{1} - Committed entries up to 50
02:19:41.697 [raft-server-2] TRACE i.a.p.raft.roles.FollowerRole - RaftServer{2}{role=FOLLOWER} - Committed entries up to index 49
02:19:41.697 [raft-server-2] TRACE i.a.p.raft.roles.FollowerRole - RaftServer{2}{role=FOLLOWER} - Sending AppendResponse{status=OK, term=1, succeeded=true, lastLogIndex=50}
02:19:41.697 [raft-server-2-state] TRACE i.a.p.raft.impl.RaftServiceManager - RaftServer{2} - Applying Indexed{index=49, entry=CommandEntry{term=1, timestamp=2018-06-01 02:19:41,526, session=2, sequence=45, operation=PrimitiveOperation{id=DefaultOperationId{id=write, type=COMMAND}, value=byte[]{length=17, hash=-1644578928}}}}
02:19:41.698 [raft-server-2-state] TRACE i.a.p.s.impl.DefaultServiceExecutor - PrimitiveService{2}{type=PrimitiveType{name=test}, name=test} - Executing DefaultCommit{index=49, session=RaftSession{RaftServiceContext{server=2, type=PrimitiveType{name=test}, name=test, id=2}, session=2, timestamp=2018-06-01 02:19:41,526}, time=2018-06-01 02:19:41,526, operation=DefaultOperationId{id=write, type=COMMAND}, value=byte[]{length=17, hash=-1644578928}}
02:19:41.732 [raft-server-1] TRACE i.a.p.raft.roles.LeaderAppender - RaftServer{1} - Received AppendResponse{status=OK, term=1, succeeded=true, lastLogIndex=50} from 2
02:19:41.732 [raft-server-1] TRACE i.a.p.raft.roles.LeaderAppender - RaftServer{1} - Sending AppendRequest{term=1, leader=1, prevLogIndex=50, prevLogTerm=1, entries=0, commitIndex=50} to 2
02:19:41.732 [raft-server-2] TRACE i.a.p.raft.roles.FollowerRole - RaftServer{2}{role=FOLLOWER} - Received AppendRequest{term=1, leader=1, prevLogIndex=50, prevLogTerm=1, entries=0, commitIndex=50}
02:19:41.732 [raft-server-1] TRACE i.a.p.raft.roles.LeaderAppender - RaftServer{1} - Sending AppendRequest{term=1, leader=1, prevLogIndex=50, prevLogTerm=1, entries=0, commitIndex=50} to 3
02:19:41.733 [raft-server-3] TRACE i.a.p.raft.roles.FollowerRole - RaftServer{3}{role=FOLLOWER} - Received AppendRequest{term=1, leader=1, prevLogIndex=50, prevLogTerm=1, entries=0, commitIndex=50}
02:19:41.733 [raft-server-1-state] TRACE i.a.p.raft.impl.RaftServiceManager - RaftServer{1} - Applying Indexed{index=50, entry=CommandEntry{term=1, timestamp=2018-06-01 02:19:41,608, session=2, sequence=46, operation=PrimitiveOperation{id=DefaultOperationId{id=write, type=COMMAND}, value=byte[]{length=17, hash=-1644578928}}}}
02:19:41.733 [raft-server-1-state] TRACE i.a.p.s.impl.DefaultServiceExecutor - PrimitiveService{2}{type=PrimitiveType{name=test}, name=test} - Executing DefaultCommit{index=50, session=RaftSession{RaftServiceContext{server=1, type=PrimitiveType{name=test}, name=test, id=2}, session=2, timestamp=2018-06-01 02:19:41,608}, time=2018-06-01 02:19:41,608, operation=DefaultOperationId{id=write, type=COMMAND}, value=byte[]{length=17, hash=-1644578928}}
02:19:41.733 [raft-server-1-state] TRACE i.a.protocols.raft.roles.LeaderRole - RaftServer{1}{role=LEADER} - Sending CommandResponse{status=OK, index=50, eventIndex=2, result=byte[]{length=2, hash=1340}}
02:19:41.733 [raft-client-8d1a11e6-024d-41c6-816f-7d36669ce782-5] TRACE i.a.p.r.p.impl.RaftProxyConnection - PartitionProxy{2}{type=PrimitiveType{name=test}, name=test} - Received CommandResponse{status=OK, index=50, eventIndex=2, result=byte[]{length=2, hash=1340}} from 1
02:19:41.733 [raft-client-8d1a11e6-024d-41c6-816f-7d36669ce782-5] TRACE i.a.p.r.p.impl.RaftProxySequencer - PartitionProxy{2}{type=PrimitiveType{name=test}, name=test} - Completing response CommandResponse{status=OK, index=50, eventIndex=2, result=byte[]{length=2, hash=1340}}
02:19:41.734 [raft-client-8d1a11e6-024d-41c6-816f-7d36669ce782-6] TRACE i.a.p.r.p.impl.RaftProxyConnection - PartitionProxy{2}{type=PrimitiveType{name=test}, name=test} - Sending CommandRequest{session=2, sequence=47, operation=PrimitiveOperation{id=DefaultOperationId{id=write, type=COMMAND}, value=byte[]{length=17, hash=-1644578928}}} to 1
02:19:41.734 [raft-server-1] TRACE i.a.protocols.raft.roles.LeaderRole - RaftServer{1}{role=LEADER} - Received CommandRequest{session=2, sequence=47, operation=PrimitiveOperation{id=DefaultOperationId{id=write, type=COMMAND}, value=byte[]{length=17, hash=-1644578928}}}
02:19:41.765 [raft-server-2] TRACE i.a.p.raft.roles.FollowerRole - RaftServer{2}{role=FOLLOWER} - Committed entries up to index 50
02:19:41.765 [raft-server-2] TRACE i.a.p.raft.roles.FollowerRole - RaftServer{2}{role=FOLLOWER} - Sending AppendResponse{status=OK, term=1, succeeded=true, lastLogIndex=50}
02:19:41.766 [raft-server-2-state] TRACE i.a.p.raft.impl.RaftServiceManager - RaftServer{2} - Applying Indexed{index=50, entry=CommandEntry{term=1, timestamp=2018-06-01 02:19:41,608, session=2, sequence=46, operation=PrimitiveOperation{id=DefaultOperationId{id=write, type=COMMAND}, value=byte[]{length=17, hash=-1644578928}}}}
02:19:41.766 [raft-server-2-state] TRACE i.a.p.s.impl.DefaultServiceExecutor - PrimitiveService{2}{type=PrimitiveType{name=test}, name=test} - Executing DefaultCommit{index=50, session=RaftSession{RaftServiceContext{server=2, type=PrimitiveType{name=test}, name=test, id=2}, session=2, timestamp=2018-06-01 02:19:41,608}, time=2018-06-01 02:19:41,608, operation=DefaultOperationId{id=write, type=COMMAND}, value=byte[]{length=17, hash=-1644578928}}
02:19:41.807 [raft-server-3] TRACE i.a.p.raft.roles.FollowerRole - RaftServer{3}{role=FOLLOWER} - Committed entries up to index 50
02:19:41.807 [raft-server-3] TRACE i.a.p.raft.roles.FollowerRole - RaftServer{3}{role=FOLLOWER} - Sending AppendResponse{status=OK, term=1, succeeded=true, lastLogIndex=50}
02:19:41.807 [raft-server-3-state] TRACE i.a.p.raft.impl.RaftServiceManager - RaftServer{3} - Applying Indexed{index=50, entry=CommandEntry{term=1, timestamp=2018-06-01 02:19:41,608, session=2, sequence=46, operation=PrimitiveOperation{id=DefaultOperationId{id=write, type=COMMAND}, value=byte[]{length=17, hash=-1644578928}}}}
02:19:41.807 [raft-server-3-state] TRACE i.a.p.s.impl.DefaultServiceExecutor - PrimitiveService{2}{type=PrimitiveType{name=test}, name=test} - Executing DefaultCommit{index=50, session=RaftSession{RaftServiceContext{server=3, type=PrimitiveType{name=test}, name=test, id=2}, session=2, timestamp=2018-06-01 02:19:41,608}, time=2018-06-01 02:19:41,608, operation=DefaultOperationId{id=write, type=COMMAND}, value=byte[]{length=17, hash=-1644578928}}
02:19:41.847 [raft-server-1] DEBUG i.a.storage.journal.SegmentedJournal - Created disk segment: JournalSegment{id=6, version=1, index=51, size=64}
02:19:41.847 [raft-server-1] TRACE i.a.protocols.raft.roles.LeaderRole - RaftServer{1}{role=LEADER} - Appended Indexed{index=51, entry=CommandEntry{term=1, timestamp=2018-06-01 02:19:41,734, session=2, sequence=47, operation=PrimitiveOperation{id=DefaultOperationId{id=write, type=COMMAND}, value=byte[]{length=17, hash=-1644578928}}}}
02:19:41.848 [raft-server-1] TRACE i.a.p.raft.roles.LeaderAppender - RaftServer{1} - Received AppendResponse{status=OK, term=1, succeeded=true, lastLogIndex=50} from 2
02:19:41.848 [raft-server-1] TRACE i.a.p.raft.roles.LeaderAppender - RaftServer{1} - Sending AppendRequest{term=1, leader=1, prevLogIndex=50, prevLogTerm=1, entries=1, commitIndex=50} to 2
02:19:41.848 [raft-server-2] TRACE i.a.p.raft.roles.FollowerRole - RaftServer{2}{role=FOLLOWER} - Received AppendRequest{term=1, leader=1, prevLogIndex=50, prevLogTerm=1, entries=1, commitIndex=50}
02:19:41.848 [raft-server-1] TRACE i.a.p.raft.roles.LeaderAppender - RaftServer{1} - Sending AppendRequest{term=1, leader=1, prevLogIndex=50, prevLogTerm=1, entries=1, commitIndex=50} to 3
02:19:41.848 [raft-server-3] TRACE i.a.p.raft.roles.FollowerRole - RaftServer{3}{role=FOLLOWER} - Received AppendRequest{term=1, leader=1, prevLogIndex=50, prevLogTerm=1, entries=1, commitIndex=50}
02:19:41.848 [raft-server-1] TRACE i.a.p.raft.roles.LeaderAppender - RaftServer{1} - Received AppendResponse{status=OK, term=1, succeeded=true, lastLogIndex=50} from 3
02:19:41.928 [raft-client-8d1a11e6-024d-41c6-816f-7d36669ce782-5] TRACE i.a.p.r.proxy.impl.RaftProxyManager - RaftClient{8d1a11e6-024d-41c6-816f-7d36669ce782} - Keeping 1 sessions alive
02:19:41.928 [raft-client-8d1a11e6-024d-41c6-816f-7d36669ce782-5] TRACE i.a.p.r.p.impl.RaftProxyConnection - RaftClient{8d1a11e6-024d-41c6-816f-7d36669ce782} - Sending KeepAliveRequest{sessionIds=long[]{length=1, hash=33}, commandSequences=long[]{length=1, hash=77}, eventIndexes=long[]{length=1, hash=33}} to 1
02:19:41.928 [raft-server-1] TRACE i.a.protocols.raft.roles.LeaderRole - RaftServer{1}{role=LEADER} - Received KeepAliveRequest{sessionIds=long[]{length=1, hash=33}, commandSequences=long[]{length=1, hash=77}, eventIndexes=long[]{length=1, hash=33}}
02:19:41.928 [raft-server-1] TRACE i.a.protocols.raft.roles.LeaderRole - RaftServer{1}{role=LEADER} - Appended Indexed{index=52, entry=KeepAliveEntry{term=1, timestamp=2018-06-01 02:19:41,928, sessionIds=long[]{length=1, hash=33}, commandSequences=long[]{length=1, hash=77}, eventIndexes=long[]{length=1, hash=33}}}
02:19:41.929 [raft-server-1] TRACE i.a.p.raft.roles.LeaderAppender - RaftServer{1} - Sending AppendRequest{term=1, leader=1, prevLogIndex=51, prevLogTerm=1, entries=1, commitIndex=50} to 2
02:19:41.929 [raft-server-1] TRACE i.a.p.raft.roles.LeaderAppender - RaftServer{1} - Sending AppendRequest{term=1, leader=1, prevLogIndex=51, prevLogTerm=1, entries=1, commitIndex=50} to 3
02:19:41.932 [raft-server-2] DEBUG i.a.storage.journal.SegmentedJournal - Created disk segment: JournalSegment{id=6, version=1, index=51, size=64}
02:19:41.932 [raft-server-2] TRACE i.a.p.raft.roles.FollowerRole - RaftServer{2}{role=FOLLOWER} - Appended Indexed{index=51, entry=CommandEntry{term=1, timestamp=2018-06-01 02:19:41,734, session=2, sequence=47, operation=PrimitiveOperation{id=DefaultOperationId{id=write, type=COMMAND}, value=byte[]{length=17, hash=-1644578928}}}}
02:19:41.933 [raft-server-2] TRACE i.a.p.raft.roles.FollowerRole - RaftServer{2}{role=FOLLOWER} - Sending AppendResponse{status=OK, term=1, succeeded=true, lastLogIndex=51}
02:19:41.933 [raft-server-2] TRACE i.a.p.raft.roles.FollowerRole - RaftServer{2}{role=FOLLOWER} - Received AppendRequest{term=1, leader=1, prevLogIndex=51, prevLogTerm=1, entries=1, commitIndex=50}
02:19:41.933 [raft-server-1] TRACE i.a.p.raft.roles.LeaderAppender - RaftServer{1} - Received AppendResponse{status=OK, term=1, succeeded=true, lastLogIndex=51} from 2
02:19:41.933 [raft-server-1] TRACE i.a.p.raft.roles.LeaderAppender - RaftServer{1} - Committed entries up to 51
02:19:41.933 [raft-server-2] TRACE i.a.p.raft.roles.FollowerRole - RaftServer{2}{role=FOLLOWER} - Appended Indexed{index=52, entry=KeepAliveEntry{term=1, timestamp=2018-06-01 02:19:41,928, sessionIds=long[]{length=1, hash=33}, commandSequences=long[]{length=1, hash=77}, eventIndexes=long[]{length=1, hash=33}}}
02:19:41.933 [raft-server-2] TRACE i.a.p.raft.roles.FollowerRole - RaftServer{2}{role=FOLLOWER} - Sending AppendResponse{status=OK, term=1, succeeded=true, lastLogIndex=52}
02:19:41.955 [raft-server-3] DEBUG i.a.storage.journal.SegmentedJournal - Created disk segment: JournalSegment{id=6, version=1, index=51, size=64}
02:19:41.956 [raft-server-3] TRACE i.a.p.raft.roles.FollowerRole - RaftServer{3}{role=FOLLOWER} - Appended Indexed{index=51, entry=CommandEntry{term=1, timestamp=2018-06-01 02:19:41,734, session=2, sequence=47, operation=PrimitiveOperation{id=DefaultOperationId{id=write, type=COMMAND}, value=byte[]{length=17, hash=-1644578928}}}}
02:19:41.956 [raft-server-3] TRACE i.a.p.raft.roles.FollowerRole - RaftServer{3}{role=FOLLOWER} - Sending AppendResponse{status=OK, term=1, succeeded=true, lastLogIndex=51}
02:19:41.956 [raft-server-3] TRACE i.a.p.raft.roles.FollowerRole - RaftServer{3}{role=FOLLOWER} - Received AppendRequest{term=1, leader=1, prevLogIndex=51, prevLogTerm=1, entries=1, commitIndex=50}
02:19:41.956 [raft-server-3] TRACE i.a.p.raft.roles.FollowerRole - RaftServer{3}{role=FOLLOWER} - Appended Indexed{index=52, entry=KeepAliveEntry{term=1, timestamp=2018-06-01 02:19:41,928, sessionIds=long[]{length=1, hash=33}, commandSequences=long[]{length=1, hash=77}, eventIndexes=long[]{length=1, hash=33}}}
02:19:41.956 [raft-server-3] TRACE i.a.p.raft.roles.FollowerRole - RaftServer{3}{role=FOLLOWER} - Sending AppendResponse{status=OK, term=1, succeeded=true, lastLogIndex=52}
02:19:41.990 [raft-server-1] TRACE i.a.p.raft.roles.LeaderAppender - RaftServer{1} - Received AppendResponse{status=OK, term=1, succeeded=true, lastLogIndex=52} from 2
02:19:41.990 [raft-server-1] TRACE i.a.p.raft.roles.LeaderAppender - RaftServer{1} - Committed entries up to 52
02:19:42.007 [raft-server-1] TRACE i.a.p.raft.roles.LeaderAppender - RaftServer{1} - Received AppendResponse{status=OK, term=1, succeeded=true, lastLogIndex=51} from 3
02:19:42.007 [raft-server-1] TRACE i.a.p.raft.roles.LeaderAppender - RaftServer{1} - Received AppendResponse{status=OK, term=1, succeeded=true, lastLogIndex=52} from 3
02:19:42.007 [raft-server-1] TRACE i.a.p.raft.roles.LeaderAppender - RaftServer{1} - Sending AppendRequest{term=1, leader=1, prevLogIndex=52, prevLogTerm=1, entries=0, commitIndex=52} to 2
02:19:42.007 [raft-server-1] TRACE i.a.p.raft.roles.LeaderAppender - RaftServer{1} - Sending AppendRequest{term=1, leader=1, prevLogIndex=52, prevLogTerm=1, entries=0, commitIndex=52} to 3
02:19:42.007 [raft-server-2] TRACE i.a.p.raft.roles.FollowerRole - RaftServer{2}{role=FOLLOWER} - Received AppendRequest{term=1, leader=1, prevLogIndex=52, prevLogTerm=1, entries=0, commitIndex=52}
02:19:42.008 [raft-server-3] TRACE i.a.p.raft.roles.FollowerRole - RaftServer{3}{role=FOLLOWER} - Received AppendRequest{term=1, leader=1, prevLogIndex=52, prevLogTerm=1, entries=0, commitIndex=52}
02:19:42.008 [raft-server-1-state] TRACE i.a.p.raft.impl.RaftServiceManager - RaftServer{1} - Applying Indexed{index=51, entry=CommandEntry{term=1, timestamp=2018-06-01 02:19:41,734, session=2, sequence=47, operation=PrimitiveOperation{id=DefaultOperationId{id=write, type=COMMAND}, value=byte[]{length=17, hash=-1644578928}}}}
02:19:42.008 [raft-server-1-state] TRACE i.a.p.s.impl.DefaultServiceExecutor - PrimitiveService{2}{type=PrimitiveType{name=test}, name=test} - Executing DefaultCommit{index=51, session=RaftSession{RaftServiceContext{server=1, type=PrimitiveType{name=test}, name=test, id=2}, session=2, timestamp=2018-06-01 02:19:41,734}, time=2018-06-01 02:19:41,734, operation=DefaultOperationId{id=write, type=COMMAND}, value=byte[]{length=17, hash=-1644578928}}
02:19:42.008 [raft-server-1-state] TRACE i.a.protocols.raft.roles.LeaderRole - RaftServer{1}{role=LEADER} - Sending CommandResponse{status=OK, index=51, eventIndex=2, result=byte[]{length=2, hash=1342}}
02:19:42.008 [raft-client-8d1a11e6-024d-41c6-816f-7d36669ce782-0] TRACE i.a.p.r.p.impl.RaftProxyConnection - PartitionProxy{2}{type=PrimitiveType{name=test}, name=test} - Received CommandResponse{status=OK, index=51, eventIndex=2, result=byte[]{length=2, hash=1342}} from 1
02:19:42.008 [raft-server-1-state] TRACE i.a.p.raft.impl.RaftServiceManager - RaftServer{1} - Applying Indexed{index=52, entry=KeepAliveEntry{term=1, timestamp=2018-06-01 02:19:41,928, sessionIds=long[]{length=1, hash=33}, commandSequences=long[]{length=1, hash=77}, eventIndexes=long[]{length=1, hash=33}}}
02:19:42.009 [raft-client-8d1a11e6-024d-41c6-816f-7d36669ce782-0] TRACE i.a.p.r.p.impl.RaftProxySequencer - PartitionProxy{2}{type=PrimitiveType{name=test}, name=test} - Completing response CommandResponse{status=OK, index=51, eventIndex=2, result=byte[]{length=2, hash=1342}}
02:19:42.009 [raft-server-1] TRACE i.a.protocols.raft.roles.LeaderRole - RaftServer{1}{role=LEADER} - Sending KeepAliveResponse{status=OK, leader=1, members=[2, 1, 3], sessionIds=long[]{length=1, hash=33}}
02:19:42.009 [raft-client-8d1a11e6-024d-41c6-816f-7d36669ce782-6] TRACE i.a.p.r.p.impl.RaftProxyConnection - RaftClient{8d1a11e6-024d-41c6-816f-7d36669ce782} - Received KeepAliveResponse{status=OK, leader=1, members=[2, 1, 3], sessionIds=long[]{length=1, hash=33}} from 1
02:19:42.009 [raft-client-8d1a11e6-024d-41c6-816f-7d36669ce782-4] TRACE i.a.p.r.p.impl.RaftProxyConnection - PartitionProxy{2}{type=PrimitiveType{name=test}, name=test} - Sending CommandRequest{session=2, sequence=48, operation=PrimitiveOperation{id=DefaultOperationId{id=write, type=COMMAND}, value=byte[]{length=17, hash=-1644578928}}} to 1
02:19:42.009 [raft-server-1] TRACE i.a.protocols.raft.roles.LeaderRole - RaftServer{1}{role=LEADER} - Received CommandRequest{session=2, sequence=48, operation=PrimitiveOperation{id=DefaultOperationId{id=write, type=COMMAND}, value=byte[]{length=17, hash=-1644578928}}}
02:19:42.010 [raft-server-1] TRACE i.a.protocols.raft.roles.LeaderRole - RaftServer{1}{role=LEADER} - Appended Indexed{index=53, entry=CommandEntry{term=1, timestamp=2018-06-01 02:19:42,009, session=2, sequence=48, operation=PrimitiveOperation{id=DefaultOperationId{id=write, type=COMMAND}, value=byte[]{length=17, hash=-1644578928}}}}
02:19:42.055 [raft-server-2] TRACE i.a.p.raft.roles.FollowerRole - RaftServer{2}{role=FOLLOWER} - Committed entries up to index 52
02:19:42.055 [raft-server-3] TRACE i.a.p.raft.roles.FollowerRole - RaftServer{3}{role=FOLLOWER} - Committed entries up to index 52
02:19:42.055 [raft-server-2] TRACE i.a.p.raft.roles.FollowerRole - RaftServer{2}{role=FOLLOWER} - Sending AppendResponse{status=OK, term=1, succeeded=true, lastLogIndex=52}
02:19:42.055 [raft-server-3] TRACE i.a.p.raft.roles.FollowerRole - RaftServer{3}{role=FOLLOWER} - Sending AppendResponse{status=OK, term=1, succeeded=true, lastLogIndex=52}
02:19:42.056 [raft-server-1] TRACE i.a.p.raft.roles.LeaderAppender - RaftServer{1} - Received AppendResponse{status=OK, term=1, succeeded=true, lastLogIndex=52} from 2
02:19:42.056 [raft-server-2-state] TRACE i.a.p.raft.impl.RaftServiceManager - RaftServer{2} - Applying Indexed{index=51, entry=CommandEntry{term=1, timestamp=2018-06-01 02:19:41,734, session=2, sequence=47, operation=PrimitiveOperation{id=DefaultOperationId{id=write, type=COMMAND}, value=byte[]{length=17, hash=-1644578928}}}}
02:19:42.056 [raft-server-1] TRACE i.a.p.raft.roles.LeaderAppender - RaftServer{1} - Sending AppendRequest{term=1, leader=1, prevLogIndex=52, prevLogTerm=1, entries=1, commitIndex=52} to 2
02:19:42.056 [raft-server-2] TRACE i.a.p.raft.roles.FollowerRole - RaftServer{2}{role=FOLLOWER} - Received AppendRequest{term=1, leader=1, prevLogIndex=52, prevLogTerm=1, entries=1, commitIndex=52}
02:19:42.056 [raft-server-3-state] TRACE i.a.p.raft.impl.RaftServiceManager - RaftServer{3} - Applying Indexed{index=51, entry=CommandEntry{term=1, timestamp=2018-06-01 02:19:41,734, session=2, sequence=47, operation=PrimitiveOperation{id=DefaultOperationId{id=write, type=COMMAND}, value=byte[]{length=17, hash=-1644578928}}}}
02:19:42.056 [raft-server-2-state] TRACE i.a.p.s.impl.DefaultServiceExecutor - PrimitiveService{2}{type=PrimitiveType{name=test}, name=test} - Executing DefaultCommit{index=51, session=RaftSession{RaftServiceContext{server=2, type=PrimitiveType{name=test}, name=test, id=2}, session=2, timestamp=2018-06-01 02:19:41,734}, time=2018-06-01 02:19:41,734, operation=DefaultOperationId{id=write, type=COMMAND}, value=byte[]{length=17, hash=-1644578928}}
02:19:42.056 [raft-server-1] TRACE i.a.p.raft.roles.LeaderAppender - RaftServer{1} - Sending AppendRequest{term=1, leader=1, prevLogIndex=52, prevLogTerm=1, entries=1, commitIndex=52} to 3
02:19:42.056 [raft-server-3-state] TRACE i.a.p.s.impl.DefaultServiceExecutor - PrimitiveService{2}{type=PrimitiveType{name=test}, name=test} - Executing DefaultCommit{index=51, session=RaftSession{RaftServiceContext{server=3, type=PrimitiveType{name=test}, name=test, id=2}, session=2, timestamp=2018-06-01 02:19:41,734}, time=2018-06-01 02:19:41,734, operation=DefaultOperationId{id=write, type=COMMAND}, value=byte[]{length=17, hash=-1644578928}}
02:19:42.056 [raft-server-2] TRACE i.a.p.raft.roles.FollowerRole - RaftServer{2}{role=FOLLOWER} - Appended Indexed{index=53, entry=CommandEntry{term=1, timestamp=2018-06-01 02:19:42,009, session=2, sequence=48, operation=PrimitiveOperation{id=DefaultOperationId{id=write, type=COMMAND}, value=byte[]{length=17, hash=-1644578928}}}}
02:19:42.056 [raft-server-1] TRACE i.a.p.raft.roles.LeaderAppender - RaftServer{1} - Received AppendResponse{status=OK, term=1, succeeded=true, lastLogIndex=52} from 3
02:19:42.056 [raft-server-3] TRACE i.a.p.raft.roles.FollowerRole - RaftServer{3}{role=FOLLOWER} - Received AppendRequest{term=1, leader=1, prevLogIndex=52, prevLogTerm=1, entries=1, commitIndex=52}
02:19:42.056 [raft-server-2] TRACE i.a.p.raft.roles.FollowerRole - RaftServer{2}{role=FOLLOWER} - Sending AppendResponse{status=OK, term=1, succeeded=true, lastLogIndex=53}
02:19:42.056 [raft-server-2-state] TRACE i.a.p.raft.impl.RaftServiceManager - RaftServer{2} - Applying Indexed{index=52, entry=KeepAliveEntry{term=1, timestamp=2018-06-01 02:19:41,928, sessionIds=long[]{length=1, hash=33}, commandSequences=long[]{length=1, hash=77}, eventIndexes=long[]{length=1, hash=33}}}
02:19:42.056 [raft-server-3-state] TRACE i.a.p.raft.impl.RaftServiceManager - RaftServer{3} - Applying Indexed{index=52, entry=KeepAliveEntry{term=1, timestamp=2018-06-01 02:19:41,928, sessionIds=long[]{length=1, hash=33}, commandSequences=long[]{length=1, hash=77}, eventIndexes=long[]{length=1, hash=33}}}
02:19:42.057 [raft-server-1] TRACE i.a.p.raft.roles.LeaderAppender - RaftServer{1} - Received AppendResponse{status=OK, term=1, succeeded=true, lastLogIndex=53} from 2
02:19:42.057 [raft-server-3] TRACE i.a.p.raft.roles.FollowerRole - RaftServer{3}{role=FOLLOWER} - Appended Indexed{index=53, entry=CommandEntry{term=1, timestamp=2018-06-01 02:19:42,009, session=2, sequence=48, operation=PrimitiveOperation{id=DefaultOperationId{id=write, type=COMMAND}, value=byte[]{length=17, hash=-1644578928}}}}
02:19:42.057 [raft-server-1] TRACE i.a.p.raft.roles.LeaderAppender - RaftServer{1} - Committed entries up to 53
02:19:42.057 [raft-server-3] TRACE i.a.p.raft.roles.FollowerRole - RaftServer{3}{role=FOLLOWER} - Sending AppendResponse{status=OK, term=1, succeeded=true, lastLogIndex=53}
02:19:42.090 [raft-server-1] TRACE i.a.p.raft.roles.LeaderAppender - RaftServer{1} - Received AppendResponse{status=OK, term=1, succeeded=true, lastLogIndex=53} from 3
02:19:42.091 [raft-server-1-state] TRACE i.a.p.raft.impl.RaftServiceManager - RaftServer{1} - Applying Indexed{index=53, entry=CommandEntry{term=1, timestamp=2018-06-01 02:19:42,009, session=2, sequence=48, operation=PrimitiveOperation{id=DefaultOperationId{id=write, type=COMMAND}, value=byte[]{length=17, hash=-1644578928}}}}
02:19:42.091 [raft-server-1-state] TRACE i.a.p.s.impl.DefaultServiceExecutor - PrimitiveService{2}{type=PrimitiveType{name=test}, name=test} - Executing DefaultCommit{index=53, session=RaftSession{RaftServiceContext{server=1, type=PrimitiveType{name=test}, name=test, id=2}, session=2, timestamp=2018-06-01 02:19:42,009}, time=2018-06-01 02:19:42,009, operation=DefaultOperationId{id=write, type=COMMAND}, value=byte[]{length=17, hash=-1644578928}}
02:19:42.091 [raft-server-1-state] TRACE i.a.protocols.raft.roles.LeaderRole - RaftServer{1}{role=LEADER} - Sending CommandResponse{status=OK, index=53, eventIndex=2, result=byte[]{length=2, hash=1346}}
02:19:42.092 [raft-client-8d1a11e6-024d-41c6-816f-7d36669ce782-1] TRACE i.a.p.r.p.impl.RaftProxyConnection - PartitionProxy{2}{type=PrimitiveType{name=test}, name=test} - Received CommandResponse{status=OK, index=53, eventIndex=2, result=byte[]{length=2, hash=1346}} from 1
02:19:42.092 [raft-client-8d1a11e6-024d-41c6-816f-7d36669ce782-1] TRACE i.a.p.r.p.impl.RaftProxySequencer - PartitionProxy{2}{type=PrimitiveType{name=test}, name=test} - Completing response CommandResponse{status=OK, index=53, eventIndex=2, result=byte[]{length=2, hash=1346}}
02:19:42.092 [raft-client-8d1a11e6-024d-41c6-816f-7d36669ce782-1] TRACE i.a.p.r.p.impl.RaftProxyConnection - PartitionProxy{2}{type=PrimitiveType{name=test}, name=test} - Sending CommandRequest{session=2, sequence=49, operation=PrimitiveOperation{id=DefaultOperationId{id=write, type=COMMAND}, value=byte[]{length=17, hash=-1644578928}}} to 1
02:19:42.092 [raft-server-1] TRACE i.a.protocols.raft.roles.LeaderRole - RaftServer{1}{role=LEADER} - Received CommandRequest{session=2, sequence=49, operation=PrimitiveOperation{id=DefaultOperationId{id=write, type=COMMAND}, value=byte[]{length=17, hash=-1644578928}}}
02:19:42.093 [raft-server-1] TRACE i.a.protocols.raft.roles.LeaderRole - RaftServer{1}{role=LEADER} - Appended Indexed{index=54, entry=CommandEntry{term=1, timestamp=2018-06-01 02:19:42,092, session=2, sequence=49, operation=PrimitiveOperation{id=DefaultOperationId{id=write, type=COMMAND}, value=byte[]{length=17, hash=-1644578928}}}}
02:19:42.093 [raft-server-1] TRACE i.a.p.raft.roles.LeaderAppender - RaftServer{1} - Sending AppendRequest{term=1, leader=1, prevLogIndex=53, prevLogTerm=1, entries=1, commitIndex=53} to 2
02:19:42.093 [raft-server-2] TRACE i.a.p.raft.roles.FollowerRole - RaftServer{2}{role=FOLLOWER} - Received AppendRequest{term=1, leader=1, prevLogIndex=53, prevLogTerm=1, entries=1, commitIndex=53}
02:19:42.093 [raft-server-1] TRACE i.a.p.raft.roles.LeaderAppender - RaftServer{1} - Sending AppendRequest{term=1, leader=1, prevLogIndex=53, prevLogTerm=1, entries=1, commitIndex=53} to 3
02:19:42.093 [raft-server-3] TRACE i.a.p.raft.roles.FollowerRole - RaftServer{3}{role=FOLLOWER} - Received AppendRequest{term=1, leader=1, prevLogIndex=53, prevLogTerm=1, entries=1, commitIndex=53}
02:19:42.093 [raft-server-2] TRACE i.a.p.raft.roles.FollowerRole - RaftServer{2}{role=FOLLOWER} - Appended Indexed{index=54, entry=CommandEntry{term=1, timestamp=2018-06-01 02:19:42,092, session=2, sequence=49, operation=PrimitiveOperation{id=DefaultOperationId{id=write, type=COMMAND}, value=byte[]{length=17, hash=-1644578928}}}}
02:19:42.093 [raft-server-3] TRACE i.a.p.raft.roles.FollowerRole - RaftServer{3}{role=FOLLOWER} - Appended Indexed{index=54, entry=CommandEntry{term=1, timestamp=2018-06-01 02:19:42,092, session=2, sequence=49, operation=PrimitiveOperation{id=DefaultOperationId{id=write, type=COMMAND}, value=byte[]{length=17, hash=-1644578928}}}}
02:19:42.124 [raft-server-2] TRACE i.a.p.raft.roles.FollowerRole - RaftServer{2}{role=FOLLOWER} - Committed entries up to index 53
02:19:42.124 [raft-server-2] TRACE i.a.p.raft.roles.FollowerRole - RaftServer{2}{role=FOLLOWER} - Sending AppendResponse{status=OK, term=1, succeeded=true, lastLogIndex=54}
02:19:42.124 [raft-server-2-state] TRACE i.a.p.raft.impl.RaftServiceManager - RaftServer{2} - Applying Indexed{index=53, entry=CommandEntry{term=1, timestamp=2018-06-01 02:19:42,009, session=2, sequence=48, operation=PrimitiveOperation{id=DefaultOperationId{id=write, type=COMMAND}, value=byte[]{length=17, hash=-1644578928}}}}
02:19:42.124 [raft-server-1] TRACE i.a.p.raft.roles.LeaderAppender - RaftServer{1} - Received AppendResponse{status=OK, term=1, succeeded=true, lastLogIndex=54} from 2
02:19:42.124 [raft-server-2-state] TRACE i.a.p.s.impl.DefaultServiceExecutor - PrimitiveService{2}{type=PrimitiveType{name=test}, name=test} - Executing DefaultCommit{index=53, session=RaftSession{RaftServiceContext{server=2, type=PrimitiveType{name=test}, name=test, id=2}, session=2, timestamp=2018-06-01 02:19:42,009}, time=2018-06-01 02:19:42,009, operation=DefaultOperationId{id=write, type=COMMAND}, value=byte[]{length=17, hash=-1644578928}}
02:19:42.124 [raft-server-1] TRACE i.a.p.raft.roles.LeaderAppender - RaftServer{1} - Committed entries up to 54
02:19:42.172 [raft-server-3] TRACE i.a.p.raft.roles.FollowerRole - RaftServer{3}{role=FOLLOWER} - Committed entries up to index 53
02:19:42.172 [raft-server-3] TRACE i.a.p.raft.roles.FollowerRole - RaftServer{3}{role=FOLLOWER} - Sending AppendResponse{status=OK, term=1, succeeded=true, lastLogIndex=54}
02:19:42.172 [raft-server-3-state] TRACE i.a.p.raft.impl.RaftServiceManager - RaftServer{3} - Applying Indexed{index=53, entry=CommandEntry{term=1, timestamp=2018-06-01 02:19:42,009, session=2, sequence=48, operation=PrimitiveOperation{id=DefaultOperationId{id=write, type=COMMAND}, value=byte[]{length=17, hash=-1644578928}}}}
02:19:42.173 [raft-server-3-state] TRACE i.a.p.s.impl.DefaultServiceExecutor - PrimitiveService{2}{type=PrimitiveType{name=test}, name=test} - Executing DefaultCommit{index=53, session=RaftSession{RaftServiceContext{server=3, type=PrimitiveType{name=test}, name=test, id=2}, session=2, timestamp=2018-06-01 02:19:42,009}, time=2018-06-01 02:19:42,009, operation=DefaultOperationId{id=write, type=COMMAND}, value=byte[]{length=17, hash=-1644578928}}
02:19:42.207 [raft-server-1] TRACE i.a.p.raft.roles.LeaderAppender - RaftServer{1} - Received AppendResponse{status=OK, term=1, succeeded=true, lastLogIndex=54} from 3
02:19:42.207 [raft-server-1-state] TRACE i.a.p.raft.impl.RaftServiceManager - RaftServer{1} - Applying Indexed{index=54, entry=CommandEntry{term=1, timestamp=2018-06-01 02:19:42,092, session=2, sequence=49, operation=PrimitiveOperation{id=DefaultOperationId{id=write, type=COMMAND}, value=byte[]{length=17, hash=-1644578928}}}}
02:19:42.208 [raft-server-1-state] TRACE i.a.p.s.impl.DefaultServiceExecutor - PrimitiveService{2}{type=PrimitiveType{name=test}, name=test} - Executing DefaultCommit{index=54, session=RaftSession{RaftServiceContext{server=1, type=PrimitiveType{name=test}, name=test, id=2}, session=2, timestamp=2018-06-01 02:19:42,092}, time=2018-06-01 02:19:42,092, operation=DefaultOperationId{id=write, type=COMMAND}, value=byte[]{length=17, hash=-1644578928}}
02:19:42.208 [raft-server-1-state] TRACE i.a.protocols.raft.roles.LeaderRole - RaftServer{1}{role=LEADER} - Sending CommandResponse{status=OK, index=54, eventIndex=2, result=byte[]{length=2, hash=1348}}
02:19:42.208 [raft-client-8d1a11e6-024d-41c6-816f-7d36669ce782-3] TRACE i.a.p.r.p.impl.RaftProxyConnection - PartitionProxy{2}{type=PrimitiveType{name=test}, name=test} - Received CommandResponse{status=OK, index=54, eventIndex=2, result=byte[]{length=2, hash=1348}} from 1
02:19:42.208 [raft-client-8d1a11e6-024d-41c6-816f-7d36669ce782-3] TRACE i.a.p.r.p.impl.RaftProxySequencer - PartitionProxy{2}{type=PrimitiveType{name=test}, name=test} - Completing response CommandResponse{status=OK, index=54, eventIndex=2, result=byte[]{length=2, hash=1348}}
02:19:42.208 [raft-client-8d1a11e6-024d-41c6-816f-7d36669ce782-3] TRACE i.a.p.r.p.impl.RaftProxyConnection - PartitionProxy{2}{type=PrimitiveType{name=test}, name=test} - Sending CommandRequest{session=2, sequence=50, operation=PrimitiveOperation{id=DefaultOperationId{id=write, type=COMMAND}, value=byte[]{length=17, hash=-1644578928}}} to 1
02:19:42.209 [raft-server-1] TRACE i.a.protocols.raft.roles.LeaderRole - RaftServer{1}{role=LEADER} - Received CommandRequest{session=2, sequence=50, operation=PrimitiveOperation{id=DefaultOperationId{id=write, type=COMMAND}, value=byte[]{length=17, hash=-1644578928}}}
02:19:42.209 [raft-server-1] TRACE i.a.protocols.raft.roles.LeaderRole - RaftServer{1}{role=LEADER} - Appended Indexed{index=55, entry=CommandEntry{term=1, timestamp=2018-06-01 02:19:42,209, session=2, sequence=50, operation=PrimitiveOperation{id=DefaultOperationId{id=write, type=COMMAND}, value=byte[]{length=17, hash=-1644578928}}}}
02:19:42.209 [raft-server-1] TRACE i.a.p.raft.roles.LeaderAppender - RaftServer{1} - Sending AppendRequest{term=1, leader=1, prevLogIndex=54, prevLogTerm=1, entries=1, commitIndex=54} to 2
02:19:42.209 [raft-server-2] TRACE i.a.p.raft.roles.FollowerRole - RaftServer{2}{role=FOLLOWER} - Received AppendRequest{term=1, leader=1, prevLogIndex=54, prevLogTerm=1, entries=1, commitIndex=54}
02:19:42.209 [raft-server-1] TRACE i.a.p.raft.roles.LeaderAppender - RaftServer{1} - Sending AppendRequest{term=1, leader=1, prevLogIndex=54, prevLogTerm=1, entries=1, commitIndex=54} to 3
02:19:42.209 [raft-server-3] TRACE i.a.p.raft.roles.FollowerRole - RaftServer{3}{role=FOLLOWER} - Received AppendRequest{term=1, leader=1, prevLogIndex=54, prevLogTerm=1, entries=1, commitIndex=54}
02:19:42.209 [raft-server-2] TRACE i.a.p.raft.roles.FollowerRole - RaftServer{2}{role=FOLLOWER} - Appended Indexed{index=55, entry=CommandEntry{term=1, timestamp=2018-06-01 02:19:42,209, session=2, sequence=50, operation=PrimitiveOperation{id=DefaultOperationId{id=write, type=COMMAND}, value=byte[]{length=17, hash=-1644578928}}}}
02:19:42.209 [raft-server-3] TRACE i.a.p.raft.roles.FollowerRole - RaftServer{3}{role=FOLLOWER} - Appended Indexed{index=55, entry=CommandEntry{term=1, timestamp=2018-06-01 02:19:42,209, session=2, sequence=50, operation=PrimitiveOperation{id=DefaultOperationId{id=write, type=COMMAND}, value=byte[]{length=17, hash=-1644578928}}}}
02:19:42.240 [raft-server-2] TRACE i.a.p.raft.roles.FollowerRole - RaftServer{2}{role=FOLLOWER} - Committed entries up to index 54
02:19:42.240 [raft-server-3] TRACE i.a.p.raft.roles.FollowerRole - RaftServer{3}{role=FOLLOWER} - Committed entries up to index 54
02:19:42.240 [raft-server-2] TRACE i.a.p.raft.roles.FollowerRole - RaftServer{2}{role=FOLLOWER} - Sending AppendResponse{status=OK, term=1, succeeded=true, lastLogIndex=55}
02:19:42.241 [raft-server-3] TRACE i.a.p.raft.roles.FollowerRole - RaftServer{3}{role=FOLLOWER} - Sending AppendResponse{status=OK, term=1, succeeded=true, lastLogIndex=55}
02:19:42.241 [raft-server-1] TRACE i.a.p.raft.roles.LeaderAppender - RaftServer{1} - Received AppendResponse{status=OK, term=1, succeeded=true, lastLogIndex=55} from 2
02:19:42.241 [raft-server-1] TRACE i.a.p.raft.roles.LeaderAppender - RaftServer{1} - Committed entries up to 55
02:19:42.241 [raft-server-3-state] TRACE i.a.p.raft.impl.RaftServiceManager - RaftServer{3} - Applying Indexed{index=54, entry=CommandEntry{term=1, timestamp=2018-06-01 02:19:42,092, session=2, sequence=49, operation=PrimitiveOperation{id=DefaultOperationId{id=write, type=COMMAND}, value=byte[]{length=17, hash=-1644578928}}}}
02:19:42.241 [raft-server-2-state] TRACE i.a.p.raft.impl.RaftServiceManager - RaftServer{2} - Applying Indexed{index=54, entry=CommandEntry{term=1, timestamp=2018-06-01 02:19:42,092, session=2, sequence=49, operation=PrimitiveOperation{id=DefaultOperationId{id=write, type=COMMAND}, value=byte[]{length=17, hash=-1644578928}}}}
02:19:42.241 [raft-server-2-state] TRACE i.a.p.s.impl.DefaultServiceExecutor - PrimitiveService{2}{type=PrimitiveType{name=test}, name=test} - Executing DefaultCommit{index=54, session=RaftSession{RaftServiceContext{server=2, type=PrimitiveType{name=test}, name=test, id=2}, session=2, timestamp=2018-06-01 02:19:42,092}, time=2018-06-01 02:19:42,092, operation=DefaultOperationId{id=write, type=COMMAND}, value=byte[]{length=17, hash=-1644578928}}
02:19:42.241 [raft-server-3-state] TRACE i.a.p.s.impl.DefaultServiceExecutor - PrimitiveService{2}{type=PrimitiveType{name=test}, name=test} - Executing DefaultCommit{index=54, session=RaftSession{RaftServiceContext{server=3, type=PrimitiveType{name=test}, name=test, id=2}, session=2, timestamp=2018-06-01 02:19:42,092}, time=2018-06-01 02:19:42,092, operation=DefaultOperationId{id=write, type=COMMAND}, value=byte[]{length=17, hash=-1644578928}}
02:19:42.290 [raft-server-1] TRACE i.a.p.raft.roles.LeaderAppender - RaftServer{1} - Sending AppendRequest{term=1, leader=1, prevLogIndex=55, prevLogTerm=1, entries=0, commitIndex=55} to 2
02:19:42.291 [raft-server-2] TRACE i.a.p.raft.roles.FollowerRole - RaftServer{2}{role=FOLLOWER} - Received AppendRequest{term=1, leader=1, prevLogIndex=55, prevLogTerm=1, entries=0, commitIndex=55}
02:19:42.291 [raft-server-1] TRACE i.a.p.raft.roles.LeaderAppender - RaftServer{1} - Received AppendResponse{status=OK, term=1, succeeded=true, lastLogIndex=55} from 3
02:19:42.291 [raft-server-1] TRACE i.a.p.raft.roles.LeaderAppender - RaftServer{1} - Sending AppendRequest{term=1, leader=1, prevLogIndex=55, prevLogTerm=1, entries=0, commitIndex=55} to 3
02:19:42.291 [raft-server-3] TRACE i.a.p.raft.roles.FollowerRole - RaftServer{3}{role=FOLLOWER} - Received AppendRequest{term=1, leader=1, prevLogIndex=55, prevLogTerm=1, entries=0, commitIndex=55}
02:19:42.291 [raft-server-1-state] TRACE i.a.p.raft.impl.RaftServiceManager - RaftServer{1} - Applying Indexed{index=55, entry=CommandEntry{term=1, timestamp=2018-06-01 02:19:42,209, session=2, sequence=50, operation=PrimitiveOperation{id=DefaultOperationId{id=write, type=COMMAND}, value=byte[]{length=17, hash=-1644578928}}}}
02:19:42.291 [raft-server-1-state] TRACE i.a.p.s.impl.DefaultServiceExecutor - PrimitiveService{2}{type=PrimitiveType{name=test}, name=test} - Executing DefaultCommit{index=55, session=RaftSession{RaftServiceContext{server=1, type=PrimitiveType{name=test}, name=test, id=2}, session=2, timestamp=2018-06-01 02:19:42,209}, time=2018-06-01 02:19:42,209, operation=DefaultOperationId{id=write, type=COMMAND}, value=byte[]{length=17, hash=-1644578928}}
02:19:42.292 [raft-server-1-state] TRACE i.a.protocols.raft.roles.LeaderRole - RaftServer{1}{role=LEADER} - Sending CommandResponse{status=OK, index=55, eventIndex=2, result=byte[]{length=2, hash=1350}}
02:19:42.292 [raft-client-8d1a11e6-024d-41c6-816f-7d36669ce782-6] TRACE i.a.p.r.p.impl.RaftProxyConnection - PartitionProxy{2}{type=PrimitiveType{name=test}, name=test} - Received CommandResponse{status=OK, index=55, eventIndex=2, result=byte[]{length=2, hash=1350}} from 1
02:19:42.292 [raft-client-8d1a11e6-024d-41c6-816f-7d36669ce782-6] TRACE i.a.p.r.p.impl.RaftProxySequencer - PartitionProxy{2}{type=PrimitiveType{name=test}, name=test} - Completing response CommandResponse{status=OK, index=55, eventIndex=2, result=byte[]{length=2, hash=1350}}
02:19:42.293 [raft-client-8d1a11e6-024d-41c6-816f-7d36669ce782-6] TRACE i.a.p.r.p.impl.RaftProxyConnection - PartitionProxy{2}{type=PrimitiveType{name=test}, name=test} - Sending CommandRequest{session=2, sequence=51, operation=PrimitiveOperation{id=DefaultOperationId{id=write, type=COMMAND}, value=byte[]{length=17, hash=-1644578928}}} to 1
02:19:42.293 [raft-server-1] TRACE i.a.protocols.raft.roles.LeaderRole - RaftServer{1}{role=LEADER} - Received CommandRequest{session=2, sequence=51, operation=PrimitiveOperation{id=DefaultOperationId{id=write, type=COMMAND}, value=byte[]{length=17, hash=-1644578928}}}
02:19:42.293 [raft-server-1] TRACE i.a.protocols.raft.roles.LeaderRole - RaftServer{1}{role=LEADER} - Appended Indexed{index=56, entry=CommandEntry{term=1, timestamp=2018-06-01 02:19:42,293, session=2, sequence=51, operation=PrimitiveOperation{id=DefaultOperationId{id=write, type=COMMAND}, value=byte[]{length=17, hash=-1644578928}}}}
02:19:42.307 [raft-server-2] TRACE i.a.p.raft.roles.FollowerRole - RaftServer{2}{role=FOLLOWER} - Committed entries up to index 55
02:19:42.307 [raft-server-2] TRACE i.a.p.raft.roles.FollowerRole - RaftServer{2}{role=FOLLOWER} - Sending AppendResponse{status=OK, term=1, succeeded=true, lastLogIndex=55}
02:19:42.307 [raft-server-1] TRACE i.a.p.raft.roles.LeaderAppender - RaftServer{1} - Received AppendResponse{status=OK, term=1, succeeded=true, lastLogIndex=55} from 2
02:19:42.307 [raft-server-1] TRACE i.a.p.raft.roles.LeaderAppender - RaftServer{1} - Sending AppendRequest{term=1, leader=1, prevLogIndex=55, prevLogTerm=1, entries=1, commitIndex=55} to 2
02:19:42.307 [raft-server-2-state] TRACE i.a.p.raft.impl.RaftServiceManager - RaftServer{2} - Applying Indexed{index=55, entry=CommandEntry{term=1, timestamp=2018-06-01 02:19:42,209, session=2, sequence=50, operation=PrimitiveOperation{id=DefaultOperationId{id=write, type=COMMAND}, value=byte[]{length=17, hash=-1644578928}}}}
02:19:42.307 [raft-server-2] TRACE i.a.p.raft.roles.FollowerRole - RaftServer{2}{role=FOLLOWER} - Received AppendRequest{term=1, leader=1, prevLogIndex=55, prevLogTerm=1, entries=1, commitIndex=55}
02:19:42.307 [raft-server-2-state] TRACE i.a.p.s.impl.DefaultServiceExecutor - PrimitiveService{2}{type=PrimitiveType{name=test}, name=test} - Executing DefaultCommit{index=55, session=RaftSession{RaftServiceContext{server=2, type=PrimitiveType{name=test}, name=test, id=2}, session=2, timestamp=2018-06-01 02:19:42,209}, time=2018-06-01 02:19:42,209, operation=DefaultOperationId{id=write, type=COMMAND}, value=byte[]{length=17, hash=-1644578928}}
02:19:42.308 [raft-server-2] TRACE i.a.p.raft.roles.FollowerRole - RaftServer{2}{role=FOLLOWER} - Appended Indexed{index=56, entry=CommandEntry{term=1, timestamp=2018-06-01 02:19:42,293, session=2, sequence=51, operation=PrimitiveOperation{id=DefaultOperationId{id=write, type=COMMAND}, value=byte[]{length=17, hash=-1644578928}}}}
02:19:42.308 [raft-server-2] TRACE i.a.p.raft.roles.FollowerRole - RaftServer{2}{role=FOLLOWER} - Sending AppendResponse{status=OK, term=1, succeeded=true, lastLogIndex=56}
02:19:42.308 [raft-server-1] TRACE i.a.p.raft.roles.LeaderAppender - RaftServer{1} - Received AppendResponse{status=OK, term=1, succeeded=true, lastLogIndex=56} from 2
02:19:42.308 [raft-server-1] TRACE i.a.p.raft.roles.LeaderAppender - RaftServer{1} - Committed entries up to 56
02:19:42.337 [raft-server-3] TRACE i.a.p.raft.roles.FollowerRole - RaftServer{3}{role=FOLLOWER} - Committed entries up to index 55
02:19:42.337 [raft-server-3] TRACE i.a.p.raft.roles.FollowerRole - RaftServer{3}{role=FOLLOWER} - Sending AppendResponse{status=OK, term=1, succeeded=true, lastLogIndex=55}
02:19:42.337 [raft-server-3-state] TRACE i.a.p.raft.impl.RaftServiceManager - RaftServer{3} - Applying Indexed{index=55, entry=CommandEntry{term=1, timestamp=2018-06-01 02:19:42,209, session=2, sequence=50, operation=PrimitiveOperation{id=DefaultOperationId{id=write, type=COMMAND}, value=byte[]{length=17, hash=-1644578928}}}}
02:19:42.337 [raft-server-3-state] TRACE i.a.p.s.impl.DefaultServiceExecutor - PrimitiveService{2}{type=PrimitiveType{name=test}, name=test} - Executing DefaultCommit{index=55, session=RaftSession{RaftServiceContext{server=3, type=PrimitiveType{name=test}, name=test, id=2}, session=2, timestamp=2018-06-01 02:19:42,209}, time=2018-06-01 02:19:42,209, operation=DefaultOperationId{id=write, type=COMMAND}, value=byte[]{length=17, hash=-1644578928}}
02:19:42.357 [raft-server-1] TRACE i.a.p.raft.roles.LeaderAppender - RaftServer{1} - Received AppendResponse{status=OK, term=1, succeeded=true, lastLogIndex=55} from 3
02:19:42.357 [raft-server-1] TRACE i.a.p.raft.roles.LeaderAppender - RaftServer{1} - Sending AppendRequest{term=1, leader=1, prevLogIndex=55, prevLogTerm=1, entries=1, commitIndex=56} to 3
02:19:42.357 [raft-server-3] TRACE i.a.p.raft.roles.FollowerRole - RaftServer{3}{role=FOLLOWER} - Received AppendRequest{term=1, leader=1, prevLogIndex=55, prevLogTerm=1, entries=1, commitIndex=56}
02:19:42.357 [raft-server-1-state] TRACE i.a.p.raft.impl.RaftServiceManager - RaftServer{1} - Applying Indexed{index=56, entry=CommandEntry{term=1, timestamp=2018-06-01 02:19:42,293, session=2, sequence=51, operation=PrimitiveOperation{id=DefaultOperationId{id=write, type=COMMAND}, value=byte[]{length=17, hash=-1644578928}}}}
02:19:42.358 [raft-server-1-state] TRACE i.a.p.s.impl.DefaultServiceExecutor - PrimitiveService{2}{type=PrimitiveType{name=test}, name=test} - Executing DefaultCommit{index=56, session=RaftSession{RaftServiceContext{server=1, type=PrimitiveType{name=test}, name=test, id=2}, session=2, timestamp=2018-06-01 02:19:42,293}, time=2018-06-01 02:19:42,293, operation=DefaultOperationId{id=write, type=COMMAND}, value=byte[]{length=17, hash=-1644578928}}
02:19:42.358 [raft-server-3] TRACE i.a.p.raft.roles.FollowerRole - RaftServer{3}{role=FOLLOWER} - Appended Indexed{index=56, entry=CommandEntry{term=1, timestamp=2018-06-01 02:19:42,293, session=2, sequence=51, operation=PrimitiveOperation{id=DefaultOperationId{id=write, type=COMMAND}, value=byte[]{length=17, hash=-1644578928}}}}
02:19:42.358 [raft-server-1-state] TRACE i.a.protocols.raft.roles.LeaderRole - RaftServer{1}{role=LEADER} - Sending CommandResponse{status=OK, index=56, eventIndex=2, result=byte[]{length=2, hash=1352}}
02:19:42.358 [raft-client-8d1a11e6-024d-41c6-816f-7d36669ce782-0] TRACE i.a.p.r.p.impl.RaftProxyConnection - PartitionProxy{2}{type=PrimitiveType{name=test}, name=test} - Received CommandResponse{status=OK, index=56, eventIndex=2, result=byte[]{length=2, hash=1352}} from 1
02:19:42.358 [raft-client-8d1a11e6-024d-41c6-816f-7d36669ce782-0] TRACE i.a.p.r.p.impl.RaftProxySequencer - PartitionProxy{2}{type=PrimitiveType{name=test}, name=test} - Completing response CommandResponse{status=OK, index=56, eventIndex=2, result=byte[]{length=2, hash=1352}}
02:19:42.359 [raft-client-8d1a11e6-024d-41c6-816f-7d36669ce782-2] TRACE i.a.p.r.p.impl.RaftProxyConnection - PartitionProxy{2}{type=PrimitiveType{name=test}, name=test} - Sending CommandRequest{session=2, sequence=52, operation=PrimitiveOperation{id=DefaultOperationId{id=write, type=COMMAND}, value=byte[]{length=17, hash=-1644578928}}} to 1
02:19:42.359 [raft-server-1] TRACE i.a.protocols.raft.roles.LeaderRole - RaftServer{1}{role=LEADER} - Received CommandRequest{session=2, sequence=52, operation=PrimitiveOperation{id=DefaultOperationId{id=write, type=COMMAND}, value=byte[]{length=17, hash=-1644578928}}}
02:19:42.359 [raft-server-1] TRACE i.a.protocols.raft.roles.LeaderRole - RaftServer{1}{role=LEADER} - Appended Indexed{index=57, entry=CommandEntry{term=1, timestamp=2018-06-01 02:19:42,359, session=2, sequence=52, operation=PrimitiveOperation{id=DefaultOperationId{id=write, type=COMMAND}, value=byte[]{length=17, hash=-1644578928}}}}
02:19:42.359 [raft-server-1] TRACE i.a.p.raft.roles.LeaderAppender - RaftServer{1} - Sending AppendRequest{term=1, leader=1, prevLogIndex=56, prevLogTerm=1, entries=1, commitIndex=56} to 2
02:19:42.359 [raft-server-2] TRACE i.a.p.raft.roles.FollowerRole - RaftServer{2}{role=FOLLOWER} - Received AppendRequest{term=1, leader=1, prevLogIndex=56, prevLogTerm=1, entries=1, commitIndex=56}
02:19:42.360 [raft-server-2] TRACE i.a.p.raft.roles.FollowerRole - RaftServer{2}{role=FOLLOWER} - Appended Indexed{index=57, entry=CommandEntry{term=1, timestamp=2018-06-01 02:19:42,359, session=2, sequence=52, operation=PrimitiveOperation{id=DefaultOperationId{id=write, type=COMMAND}, value=byte[]{length=17, hash=-1644578928}}}}
02:19:42.415 [raft-server-3] TRACE i.a.p.raft.roles.FollowerRole - RaftServer{3}{role=FOLLOWER} - Committed entries up to index 56
02:19:42.415 [raft-server-3] TRACE i.a.p.raft.roles.FollowerRole - RaftServer{3}{role=FOLLOWER} - Sending AppendResponse{status=OK, term=1, succeeded=true, lastLogIndex=56}
02:19:42.416 [raft-server-1] TRACE i.a.p.raft.roles.LeaderAppender - RaftServer{1} - Received AppendResponse{status=OK, term=1, succeeded=true, lastLogIndex=56} from 3
02:19:42.416 [raft-server-1] TRACE i.a.p.raft.roles.LeaderAppender - RaftServer{1} - Sending AppendRequest{term=1, leader=1, prevLogIndex=56, prevLogTerm=1, entries=1, commitIndex=56} to 3
02:19:42.416 [raft-server-3-state] TRACE i.a.p.raft.impl.RaftServiceManager - RaftServer{3} - Applying Indexed{index=56, entry=CommandEntry{term=1, timestamp=2018-06-01 02:19:42,293, session=2, sequence=51, operation=PrimitiveOperation{id=DefaultOperationId{id=write, type=COMMAND}, value=byte[]{length=17, hash=-1644578928}}}}
02:19:42.416 [raft-server-3] TRACE i.a.p.raft.roles.FollowerRole - RaftServer{3}{role=FOLLOWER} - Received AppendRequest{term=1, leader=1, prevLogIndex=56, prevLogTerm=1, entries=1, commitIndex=56}
02:19:42.416 [raft-server-3-state] TRACE i.a.p.s.impl.DefaultServiceExecutor - PrimitiveService{2}{type=PrimitiveType{name=test}, name=test} - Executing DefaultCommit{index=56, session=RaftSession{RaftServiceContext{server=3, type=PrimitiveType{name=test}, name=test, id=2}, session=2, timestamp=2018-06-01 02:19:42,293}, time=2018-06-01 02:19:42,293, operation=DefaultOperationId{id=write, type=COMMAND}, value=byte[]{length=17, hash=-1644578928}}
02:19:42.416 [raft-server-3] TRACE i.a.p.raft.roles.FollowerRole - RaftServer{3}{role=FOLLOWER} - Appended Indexed{index=57, entry=CommandEntry{term=1, timestamp=2018-06-01 02:19:42,359, session=2, sequence=52, operation=PrimitiveOperation{id=DefaultOperationId{id=write, type=COMMAND}, value=byte[]{length=17, hash=-1644578928}}}}
02:19:42.416 [raft-server-3] TRACE i.a.p.raft.roles.FollowerRole - RaftServer{3}{role=FOLLOWER} - Sending AppendResponse{status=OK, term=1, succeeded=true, lastLogIndex=57}
02:19:42.416 [raft-server-1] TRACE i.a.p.raft.roles.LeaderAppender - RaftServer{1} - Received AppendResponse{status=OK, term=1, succeeded=true, lastLogIndex=57} from 3
02:19:42.416 [raft-server-1] TRACE i.a.p.raft.roles.LeaderAppender - RaftServer{1} - Committed entries up to 57
02:19:42.462 [raft-server-2] TRACE i.a.p.raft.roles.FollowerRole - RaftServer{2}{role=FOLLOWER} - Committed entries up to index 56
02:19:42.462 [raft-server-2] TRACE i.a.p.raft.roles.FollowerRole - RaftServer{2}{role=FOLLOWER} - Sending AppendResponse{status=OK, term=1, succeeded=true, lastLogIndex=57}
02:19:42.462 [raft-server-2-state] TRACE i.a.p.raft.impl.RaftServiceManager - RaftServer{2} - Applying Indexed{index=56, entry=CommandEntry{term=1, timestamp=2018-06-01 02:19:42,293, session=2, sequence=51, operation=PrimitiveOperation{id=DefaultOperationId{id=write, type=COMMAND}, value=byte[]{length=17, hash=-1644578928}}}}
02:19:42.462 [raft-server-2-state] TRACE i.a.p.s.impl.DefaultServiceExecutor - PrimitiveService{2}{type=PrimitiveType{name=test}, name=test} - Executing DefaultCommit{index=56, session=RaftSession{RaftServiceContext{server=2, type=PrimitiveType{name=test}, name=test, id=2}, session=2, timestamp=2018-06-01 02:19:42,293}, time=2018-06-01 02:19:42,293, operation=DefaultOperationId{id=write, type=COMMAND}, value=byte[]{length=17, hash=-1644578928}}
02:19:42.499 [raft-server-1] TRACE i.a.p.raft.roles.LeaderAppender - RaftServer{1} - Received AppendResponse{status=OK, term=1, succeeded=true, lastLogIndex=57} from 2
02:19:42.499 [raft-server-1] TRACE i.a.p.raft.roles.LeaderAppender - RaftServer{1} - Sending AppendRequest{term=1, leader=1, prevLogIndex=57, prevLogTerm=1, entries=0, commitIndex=57} to 2
02:19:42.499 [raft-server-2] TRACE i.a.p.raft.roles.FollowerRole - RaftServer{2}{role=FOLLOWER} - Received AppendRequest{term=1, leader=1, prevLogIndex=57, prevLogTerm=1, entries=0, commitIndex=57}
02:19:42.499 [raft-server-1] TRACE i.a.p.raft.roles.LeaderAppender - RaftServer{1} - Sending AppendRequest{term=1, leader=1, prevLogIndex=57, prevLogTerm=1, entries=0, commitIndex=57} to 3
02:19:42.499 [raft-server-3] TRACE i.a.p.raft.roles.FollowerRole - RaftServer{3}{role=FOLLOWER} - Received AppendRequest{term=1, leader=1, prevLogIndex=57, prevLogTerm=1, entries=0, commitIndex=57}
02:19:42.499 [raft-server-1-state] TRACE i.a.p.raft.impl.RaftServiceManager - RaftServer{1} - Applying Indexed{index=57, entry=CommandEntry{term=1, timestamp=2018-06-01 02:19:42,359, session=2, sequence=52, operation=PrimitiveOperation{id=DefaultOperationId{id=write, type=COMMAND}, value=byte[]{length=17, hash=-1644578928}}}}
02:19:42.499 [raft-server-1-state] TRACE i.a.p.s.impl.DefaultServiceExecutor - PrimitiveService{2}{type=PrimitiveType{name=test}, name=test} - Executing DefaultCommit{index=57, session=RaftSession{RaftServiceContext{server=1, type=PrimitiveType{name=test}, name=test, id=2}, session=2, timestamp=2018-06-01 02:19:42,359}, time=2018-06-01 02:19:42,359, operation=DefaultOperationId{id=write, type=COMMAND}, value=byte[]{length=17, hash=-1644578928}}
02:19:42.500 [raft-server-1-state] TRACE i.a.protocols.raft.roles.LeaderRole - RaftServer{1}{role=LEADER} - Sending CommandResponse{status=OK, index=57, eventIndex=2, result=byte[]{length=2, hash=1354}}
02:19:42.500 [raft-client-8d1a11e6-024d-41c6-816f-7d36669ce782-7] TRACE i.a.p.r.p.impl.RaftProxyConnection - PartitionProxy{2}{type=PrimitiveType{name=test}, name=test} - Received CommandResponse{status=OK, index=57, eventIndex=2, result=byte[]{length=2, hash=1354}} from 1
02:19:42.500 [raft-client-8d1a11e6-024d-41c6-816f-7d36669ce782-7] TRACE i.a.p.r.p.impl.RaftProxySequencer - PartitionProxy{2}{type=PrimitiveType{name=test}, name=test} - Completing response CommandResponse{status=OK, index=57, eventIndex=2, result=byte[]{length=2, hash=1354}}
02:19:42.501 [raft-client-8d1a11e6-024d-41c6-816f-7d36669ce782-4] TRACE i.a.p.r.p.impl.RaftProxyConnection - PartitionProxy{2}{type=PrimitiveType{name=test}, name=test} - Sending CommandRequest{session=2, sequence=53, operation=PrimitiveOperation{id=DefaultOperationId{id=write, type=COMMAND}, value=byte[]{length=17, hash=-1644578928}}} to 1
02:19:42.501 [raft-server-1] TRACE i.a.protocols.raft.roles.LeaderRole - RaftServer{1}{role=LEADER} - Received CommandRequest{session=2, sequence=53, operation=PrimitiveOperation{id=DefaultOperationId{id=write, type=COMMAND}, value=byte[]{length=17, hash=-1644578928}}}
02:19:42.501 [raft-server-1] TRACE i.a.protocols.raft.roles.LeaderRole - RaftServer{1}{role=LEADER} - Appended Indexed{index=58, entry=CommandEntry{term=1, timestamp=2018-06-01 02:19:42,501, session=2, sequence=53, operation=PrimitiveOperation{id=DefaultOperationId{id=write, type=COMMAND}, value=byte[]{length=17, hash=-1644578928}}}}
02:19:42.532 [raft-server-2] TRACE i.a.p.raft.roles.FollowerRole - RaftServer{2}{role=FOLLOWER} - Committed entries up to index 57
02:19:42.532 [raft-server-2] TRACE i.a.p.raft.roles.FollowerRole - RaftServer{2}{role=FOLLOWER} - Sending AppendResponse{status=OK, term=1, succeeded=true, lastLogIndex=57}
02:19:42.532 [raft-server-1] TRACE i.a.p.raft.roles.LeaderAppender - RaftServer{1} - Received AppendResponse{status=OK, term=1, succeeded=true, lastLogIndex=57} from 2
02:19:42.532 [raft-server-2-state] TRACE i.a.p.raft.impl.RaftServiceManager - RaftServer{2} - Applying Indexed{index=57, entry=CommandEntry{term=1, timestamp=2018-06-01 02:19:42,359, session=2, sequence=52, operation=PrimitiveOperation{id=DefaultOperationId{id=write, type=COMMAND}, value=byte[]{length=17, hash=-1644578928}}}}
02:19:42.532 [raft-server-1] TRACE i.a.p.raft.roles.LeaderAppender - RaftServer{1} - Sending AppendRequest{term=1, leader=1, prevLogIndex=57, prevLogTerm=1, entries=1, commitIndex=57} to 2
02:19:42.532 [raft-server-2] TRACE i.a.p.raft.roles.FollowerRole - RaftServer{2}{role=FOLLOWER} - Received AppendRequest{term=1, leader=1, prevLogIndex=57, prevLogTerm=1, entries=1, commitIndex=57}
02:19:42.532 [raft-server-2-state] TRACE i.a.p.s.impl.DefaultServiceExecutor - PrimitiveService{2}{type=PrimitiveType{name=test}, name=test} - Executing DefaultCommit{index=57, session=RaftSession{RaftServiceContext{server=2, type=PrimitiveType{name=test}, name=test, id=2}, session=2, timestamp=2018-06-01 02:19:42,359}, time=2018-06-01 02:19:42,359, operation=DefaultOperationId{id=write, type=COMMAND}, value=byte[]{length=17, hash=-1644578928}}
02:19:42.533 [raft-server-1] TRACE i.a.p.raft.roles.LeaderAppender - RaftServer{1} - Sending AppendRequest{term=1, leader=1, prevLogIndex=57, prevLogTerm=1, entries=1, commitIndex=57} to 3
02:19:42.533 [raft-server-2] TRACE i.a.p.raft.roles.FollowerRole - RaftServer{2}{role=FOLLOWER} - Appended Indexed{index=58, entry=CommandEntry{term=1, timestamp=2018-06-01 02:19:42,501, session=2, sequence=53, operation=PrimitiveOperation{id=DefaultOperationId{id=write, type=COMMAND}, value=byte[]{length=17, hash=-1644578928}}}}
02:19:42.533 [raft-server-2] TRACE i.a.p.raft.roles.FollowerRole - RaftServer{2}{role=FOLLOWER} - Sending AppendResponse{status=OK, term=1, succeeded=true, lastLogIndex=58}
02:19:42.533 [raft-server-1] TRACE i.a.p.raft.roles.LeaderAppender - RaftServer{1} - Received AppendResponse{status=OK, term=1, succeeded=true, lastLogIndex=58} from 2
02:19:42.533 [raft-server-1] TRACE i.a.p.raft.roles.LeaderAppender - RaftServer{1} - Committed entries up to 58
02:19:42.579 [raft-server-3] TRACE i.a.p.raft.roles.FollowerRole - RaftServer{3}{role=FOLLOWER} - Committed entries up to index 57
02:19:42.579 [raft-server-3] TRACE i.a.p.raft.roles.FollowerRole - RaftServer{3}{role=FOLLOWER} - Sending AppendResponse{status=OK, term=1, succeeded=true, lastLogIndex=57}
02:19:42.579 [raft-server-3] TRACE i.a.p.raft.roles.FollowerRole - RaftServer{3}{role=FOLLOWER} - Received AppendRequest{term=1, leader=1, prevLogIndex=57, prevLogTerm=1, entries=1, commitIndex=57}
02:19:42.579 [raft-server-3] TRACE i.a.p.raft.roles.FollowerRole - RaftServer{3}{role=FOLLOWER} - Appended Indexed{index=58, entry=CommandEntry{term=1, timestamp=2018-06-01 02:19:42,501, session=2, sequence=53, operation=PrimitiveOperation{id=DefaultOperationId{id=write, type=COMMAND}, value=byte[]{length=17, hash=-1644578928}}}}
02:19:42.579 [raft-server-3] TRACE i.a.p.raft.roles.FollowerRole - RaftServer{3}{role=FOLLOWER} - Sending AppendResponse{status=OK, term=1, succeeded=true, lastLogIndex=58}
02:19:42.579 [raft-server-3-state] TRACE i.a.p.raft.impl.RaftServiceManager - RaftServer{3} - Applying Indexed{index=57, entry=CommandEntry{term=1, timestamp=2018-06-01 02:19:42,359, session=2, sequence=52, operation=PrimitiveOperation{id=DefaultOperationId{id=write, type=COMMAND}, value=byte[]{length=17, hash=-1644578928}}}}
02:19:42.580 [raft-server-3-state] TRACE i.a.p.s.impl.DefaultServiceExecutor - PrimitiveService{2}{type=PrimitiveType{name=test}, name=test} - Executing DefaultCommit{index=57, session=RaftSession{RaftServiceContext{server=3, type=PrimitiveType{name=test}, name=test, id=2}, session=2, timestamp=2018-06-01 02:19:42,359}, time=2018-06-01 02:19:42,359, operation=DefaultOperationId{id=write, type=COMMAND}, value=byte[]{length=17, hash=-1644578928}}
02:19:42.599 [raft-server-1] TRACE i.a.p.raft.roles.LeaderAppender - RaftServer{1} - Received AppendResponse{status=OK, term=1, succeeded=true, lastLogIndex=57} from 3
02:19:42.599 [raft-server-1] TRACE i.a.p.raft.roles.LeaderAppender - RaftServer{1} - Received AppendResponse{status=OK, term=1, succeeded=true, lastLogIndex=58} from 3
02:19:42.599 [raft-server-1-state] TRACE i.a.p.raft.impl.RaftServiceManager - RaftServer{1} - Applying Indexed{index=58, entry=CommandEntry{term=1, timestamp=2018-06-01 02:19:42,501, session=2, sequence=53, operation=PrimitiveOperation{id=DefaultOperationId{id=write, type=COMMAND}, value=byte[]{length=17, hash=-1644578928}}}}
02:19:42.599 [raft-server-1-state] TRACE i.a.p.s.impl.DefaultServiceExecutor - PrimitiveService{2}{type=PrimitiveType{name=test}, name=test} - Executing DefaultCommit{index=58, session=RaftSession{RaftServiceContext{server=1, type=PrimitiveType{name=test}, name=test, id=2}, session=2, timestamp=2018-06-01 02:19:42,501}, time=2018-06-01 02:19:42,501, operation=DefaultOperationId{id=write, type=COMMAND}, value=byte[]{length=17, hash=-1644578928}}
02:19:42.599 [raft-server-1-state] TRACE i.a.protocols.raft.roles.LeaderRole - RaftServer{1}{role=LEADER} - Sending CommandResponse{status=OK, index=58, eventIndex=2, result=byte[]{length=2, hash=1356}}
02:19:42.600 [raft-client-8d1a11e6-024d-41c6-816f-7d36669ce782-5] TRACE i.a.p.r.p.impl.RaftProxyConnection - PartitionProxy{2}{type=PrimitiveType{name=test}, name=test} - Received CommandResponse{status=OK, index=58, eventIndex=2, result=byte[]{length=2, hash=1356}} from 1
02:19:42.600 [raft-client-8d1a11e6-024d-41c6-816f-7d36669ce782-5] TRACE i.a.p.r.p.impl.RaftProxySequencer - PartitionProxy{2}{type=PrimitiveType{name=test}, name=test} - Completing response CommandResponse{status=OK, index=58, eventIndex=2, result=byte[]{length=2, hash=1356}}
02:19:42.600 [raft-client-8d1a11e6-024d-41c6-816f-7d36669ce782-5] TRACE i.a.p.r.p.impl.RaftProxyConnection - PartitionProxy{2}{type=PrimitiveType{name=test}, name=test} - Sending CommandRequest{session=2, sequence=54, operation=PrimitiveOperation{id=DefaultOperationId{id=write, type=COMMAND}, value=byte[]{length=17, hash=-1644578928}}} to 1
02:19:42.600 [raft-server-1] TRACE i.a.protocols.raft.roles.LeaderRole - RaftServer{1}{role=LEADER} - Received CommandRequest{session=2, sequence=54, operation=PrimitiveOperation{id=DefaultOperationId{id=write, type=COMMAND}, value=byte[]{length=17, hash=-1644578928}}}
02:19:42.601 [raft-server-1] TRACE i.a.protocols.raft.roles.LeaderRole - RaftServer{1}{role=LEADER} - Appended Indexed{index=59, entry=CommandEntry{term=1, timestamp=2018-06-01 02:19:42,600, session=2, sequence=54, operation=PrimitiveOperation{id=DefaultOperationId{id=write, type=COMMAND}, value=byte[]{length=17, hash=-1644578928}}}}
02:19:42.601 [raft-server-1] TRACE i.a.p.raft.roles.LeaderAppender - RaftServer{1} - Sending AppendRequest{term=1, leader=1, prevLogIndex=58, prevLogTerm=1, entries=1, commitIndex=58} to 2
02:19:42.601 [raft-server-2] TRACE i.a.p.raft.roles.FollowerRole - RaftServer{2}{role=FOLLOWER} - Received AppendRequest{term=1, leader=1, prevLogIndex=58, prevLogTerm=1, entries=1, commitIndex=58}
02:19:42.601 [raft-server-1] TRACE i.a.p.raft.roles.LeaderAppender - RaftServer{1} - Sending AppendRequest{term=1, leader=1, prevLogIndex=58, prevLogTerm=1, entries=1, commitIndex=58} to 3
02:19:42.601 [raft-server-3] TRACE i.a.p.raft.roles.FollowerRole - RaftServer{3}{role=FOLLOWER} - Received AppendRequest{term=1, leader=1, prevLogIndex=58, prevLogTerm=1, entries=1, commitIndex=58}
02:19:42.601 [raft-server-2] TRACE i.a.p.raft.roles.FollowerRole - RaftServer{2}{role=FOLLOWER} - Appended Indexed{index=59, entry=CommandEntry{term=1, timestamp=2018-06-01 02:19:42,600, session=2, sequence=54, operation=PrimitiveOperation{id=DefaultOperationId{id=write, type=COMMAND}, value=byte[]{length=17, hash=-1644578928}}}}
02:19:42.601 [raft-server-3] TRACE i.a.p.raft.roles.FollowerRole - RaftServer{3}{role=FOLLOWER} - Appended Indexed{index=59, entry=CommandEntry{term=1, timestamp=2018-06-01 02:19:42,600, session=2, sequence=54, operation=PrimitiveOperation{id=DefaultOperationId{id=write, type=COMMAND}, value=byte[]{length=17, hash=-1644578928}}}}
02:19:42.632 [raft-server-2] TRACE i.a.p.raft.roles.FollowerRole - RaftServer{2}{role=FOLLOWER} - Committed entries up to index 58
02:19:42.632 [raft-server-3] TRACE i.a.p.raft.roles.FollowerRole - RaftServer{3}{role=FOLLOWER} - Committed entries up to index 58
02:19:42.632 [raft-server-2] TRACE i.a.p.raft.roles.FollowerRole - RaftServer{2}{role=FOLLOWER} - Sending AppendResponse{status=OK, term=1, succeeded=true, lastLogIndex=59}
02:19:42.632 [raft-server-3] TRACE i.a.p.raft.roles.FollowerRole - RaftServer{3}{role=FOLLOWER} - Sending AppendResponse{status=OK, term=1, succeeded=true, lastLogIndex=59}
02:19:42.632 [raft-server-1] TRACE i.a.p.raft.roles.LeaderAppender - RaftServer{1} - Received AppendResponse{status=OK, term=1, succeeded=true, lastLogIndex=59} from 2
02:19:42.632 [raft-server-1] TRACE i.a.p.raft.roles.LeaderAppender - RaftServer{1} - Committed entries up to 59
02:19:42.632 [raft-server-2-state] TRACE i.a.p.raft.impl.RaftServiceManager - RaftServer{2} - Applying Indexed{index=58, entry=CommandEntry{term=1, timestamp=2018-06-01 02:19:42,501, session=2, sequence=53, operation=PrimitiveOperation{id=DefaultOperationId{id=write, type=COMMAND}, value=byte[]{length=17, hash=-1644578928}}}}
02:19:42.632 [raft-server-3-state] TRACE i.a.p.raft.impl.RaftServiceManager - RaftServer{3} - Applying Indexed{index=58, entry=CommandEntry{term=1, timestamp=2018-06-01 02:19:42,501, session=2, sequence=53, operation=PrimitiveOperation{id=DefaultOperationId{id=write, type=COMMAND}, value=byte[]{length=17, hash=-1644578928}}}}
02:19:42.632 [raft-server-2-state] TRACE i.a.p.s.impl.DefaultServiceExecutor - PrimitiveService{2}{type=PrimitiveType{name=test}, name=test} - Executing DefaultCommit{index=58, session=RaftSession{RaftServiceContext{server=2, type=PrimitiveType{name=test}, name=test, id=2}, session=2, timestamp=2018-06-01 02:19:42,501}, time=2018-06-01 02:19:42,501, operation=DefaultOperationId{id=write, type=COMMAND}, value=byte[]{length=17, hash=-1644578928}}
02:19:42.632 [raft-server-3-state] TRACE i.a.p.s.impl.DefaultServiceExecutor - PrimitiveService{2}{type=PrimitiveType{name=test}, name=test} - Executing DefaultCommit{index=58, session=RaftSession{RaftServiceContext{server=3, type=PrimitiveType{name=test}, name=test, id=2}, session=2, timestamp=2018-06-01 02:19:42,501}, time=2018-06-01 02:19:42,501, operation=DefaultOperationId{id=write, type=COMMAND}, value=byte[]{length=17, hash=-1644578928}}
02:19:42.665 [raft-server-1] TRACE i.a.p.raft.roles.LeaderAppender - RaftServer{1} - Received AppendResponse{status=OK, term=1, succeeded=true, lastLogIndex=59} from 3
02:19:42.666 [raft-server-1-state] TRACE i.a.p.raft.impl.RaftServiceManager - RaftServer{1} - Applying Indexed{index=59, entry=CommandEntry{term=1, timestamp=2018-06-01 02:19:42,600, session=2, sequence=54, operation=PrimitiveOperation{id=DefaultOperationId{id=write, type=COMMAND}, value=byte[]{length=17, hash=-1644578928}}}}
02:19:42.666 [raft-server-1-state] TRACE i.a.p.s.impl.DefaultServiceExecutor - PrimitiveService{2}{type=PrimitiveType{name=test}, name=test} - Executing DefaultCommit{index=59, session=RaftSession{RaftServiceContext{server=1, type=PrimitiveType{name=test}, name=test, id=2}, session=2, timestamp=2018-06-01 02:19:42,600}, time=2018-06-01 02:19:42,600, operation=DefaultOperationId{id=write, type=COMMAND}, value=byte[]{length=17, hash=-1644578928}}
02:19:42.666 [raft-server-1-state] TRACE i.a.protocols.raft.roles.LeaderRole - RaftServer{1}{role=LEADER} - Sending CommandResponse{status=OK, index=59, eventIndex=2, result=byte[]{length=2, hash=1358}}
02:19:42.666 [raft-client-8d1a11e6-024d-41c6-816f-7d36669ce782-0] TRACE i.a.p.r.p.impl.RaftProxyConnection - PartitionProxy{2}{type=PrimitiveType{name=test}, name=test} - Received CommandResponse{status=OK, index=59, eventIndex=2, result=byte[]{length=2, hash=1358}} from 1
02:19:42.666 [raft-client-8d1a11e6-024d-41c6-816f-7d36669ce782-0] TRACE i.a.p.r.p.impl.RaftProxySequencer - PartitionProxy{2}{type=PrimitiveType{name=test}, name=test} - Completing response CommandResponse{status=OK, index=59, eventIndex=2, result=byte[]{length=2, hash=1358}}
02:19:42.667 [raft-client-8d1a11e6-024d-41c6-816f-7d36669ce782-3] TRACE i.a.p.r.p.impl.RaftProxyConnection - PartitionProxy{2}{type=PrimitiveType{name=test}, name=test} - Sending CommandRequest{session=2, sequence=55, operation=PrimitiveOperation{id=DefaultOperationId{id=write, type=COMMAND}, value=byte[]{length=17, hash=-1644578928}}} to 1
02:19:42.667 [raft-server-1] TRACE i.a.protocols.raft.roles.LeaderRole - RaftServer{1}{role=LEADER} - Received CommandRequest{session=2, sequence=55, operation=PrimitiveOperation{id=DefaultOperationId{id=write, type=COMMAND}, value=byte[]{length=17, hash=-1644578928}}}
02:19:42.667 [raft-server-1] TRACE i.a.protocols.raft.roles.LeaderRole - RaftServer{1}{role=LEADER} - Appended Indexed{index=60, entry=CommandEntry{term=1, timestamp=2018-06-01 02:19:42,667, session=2, sequence=55, operation=PrimitiveOperation{id=DefaultOperationId{id=write, type=COMMAND}, value=byte[]{length=17, hash=-1644578928}}}}
02:19:42.668 [raft-server-1] TRACE i.a.p.raft.roles.LeaderAppender - RaftServer{1} - Sending AppendRequest{term=1, leader=1, prevLogIndex=59, prevLogTerm=1, entries=1, commitIndex=59} to 2
02:19:42.668 [raft-server-1] TRACE i.a.p.raft.roles.LeaderAppender - RaftServer{1} - Sending AppendRequest{term=1, leader=1, prevLogIndex=59, prevLogTerm=1, entries=1, commitIndex=59} to 3
02:19:42.668 [raft-server-2] TRACE i.a.p.raft.roles.FollowerRole - RaftServer{2}{role=FOLLOWER} - Received AppendRequest{term=1, leader=1, prevLogIndex=59, prevLogTerm=1, entries=1, commitIndex=59}
02:19:42.668 [raft-server-3] TRACE i.a.p.raft.roles.FollowerRole - RaftServer{3}{role=FOLLOWER} - Received AppendRequest{term=1, leader=1, prevLogIndex=59, prevLogTerm=1, entries=1, commitIndex=59}
02:19:42.668 [raft-server-2] TRACE i.a.p.raft.roles.FollowerRole - RaftServer{2}{role=FOLLOWER} - Appended Indexed{index=60, entry=CommandEntry{term=1, timestamp=2018-06-01 02:19:42,667, session=2, sequence=55, operation=PrimitiveOperation{id=DefaultOperationId{id=write, type=COMMAND}, value=byte[]{length=17, hash=-1644578928}}}}
02:19:42.668 [raft-server-3] TRACE i.a.p.raft.roles.FollowerRole - RaftServer{3}{role=FOLLOWER} - Appended Indexed{index=60, entry=CommandEntry{term=1, timestamp=2018-06-01 02:19:42,667, session=2, sequence=55, operation=PrimitiveOperation{id=DefaultOperationId{id=write, type=COMMAND}, value=byte[]{length=17, hash=-1644578928}}}}
02:19:42.699 [raft-server-2] TRACE i.a.p.raft.roles.FollowerRole - RaftServer{2}{role=FOLLOWER} - Committed entries up to index 59
02:19:42.699 [raft-server-3] TRACE i.a.p.raft.roles.FollowerRole - RaftServer{3}{role=FOLLOWER} - Committed entries up to index 59
02:19:42.699 [raft-server-2] TRACE i.a.p.raft.roles.FollowerRole - RaftServer{2}{role=FOLLOWER} - Sending AppendResponse{status=OK, term=1, succeeded=true, lastLogIndex=60}
02:19:42.699 [raft-server-3] TRACE i.a.p.raft.roles.FollowerRole - RaftServer{3}{role=FOLLOWER} - Sending AppendResponse{status=OK, term=1, succeeded=true, lastLogIndex=60}
02:19:42.699 [raft-server-1] TRACE i.a.p.raft.roles.LeaderAppender - RaftServer{1} - Received AppendResponse{status=OK, term=1, succeeded=true, lastLogIndex=60} from 2
02:19:42.699 [raft-server-2-state] TRACE i.a.p.raft.impl.RaftServiceManager - RaftServer{2} - Applying Indexed{index=59, entry=CommandEntry{term=1, timestamp=2018-06-01 02:19:42,600, session=2, sequence=54, operation=PrimitiveOperation{id=DefaultOperationId{id=write, type=COMMAND}, value=byte[]{length=17, hash=-1644578928}}}}
02:19:42.699 [raft-server-3-state] TRACE i.a.p.raft.impl.RaftServiceManager - RaftServer{3} - Applying Indexed{index=59, entry=CommandEntry{term=1, timestamp=2018-06-01 02:19:42,600, session=2, sequence=54, operation=PrimitiveOperation{id=DefaultOperationId{id=write, type=COMMAND}, value=byte[]{length=17, hash=-1644578928}}}}
02:19:42.699 [raft-server-1] TRACE i.a.p.raft.roles.LeaderAppender - RaftServer{1} - Committed entries up to 60
02:19:42.699 [raft-server-2-state] TRACE i.a.p.s.impl.DefaultServiceExecutor - PrimitiveService{2}{type=PrimitiveType{name=test}, name=test} - Executing DefaultCommit{index=59, session=RaftSession{RaftServiceContext{server=2, type=PrimitiveType{name=test}, name=test, id=2}, session=2, timestamp=2018-06-01 02:19:42,600}, time=2018-06-01 02:19:42,600, operation=DefaultOperationId{id=write, type=COMMAND}, value=byte[]{length=17, hash=-1644578928}}
02:19:42.699 [raft-server-3-state] TRACE i.a.p.s.impl.DefaultServiceExecutor - PrimitiveService{2}{type=PrimitiveType{name=test}, name=test} - Executing DefaultCommit{index=59, session=RaftSession{RaftServiceContext{server=3, type=PrimitiveType{name=test}, name=test, id=2}, session=2, timestamp=2018-06-01 02:19:42,600}, time=2018-06-01 02:19:42,600, operation=DefaultOperationId{id=write, type=COMMAND}, value=byte[]{length=17, hash=-1644578928}}
02:19:42.732 [raft-server-1] TRACE i.a.p.raft.roles.LeaderAppender - RaftServer{1} - Received AppendResponse{status=OK, term=1, succeeded=true, lastLogIndex=60} from 3
02:19:42.732 [raft-server-1] TRACE i.a.p.raft.roles.LeaderAppender - RaftServer{1} - Sending AppendRequest{term=1, leader=1, prevLogIndex=60, prevLogTerm=1, entries=0, commitIndex=60} to 2
02:19:42.732 [raft-server-1] TRACE i.a.p.raft.roles.LeaderAppender - RaftServer{1} - Sending AppendRequest{term=1, leader=1, prevLogIndex=60, prevLogTerm=1, entries=0, commitIndex=60} to 3
02:19:42.732 [raft-server-2] TRACE i.a.p.raft.roles.FollowerRole - RaftServer{2}{role=FOLLOWER} - Received AppendRequest{term=1, leader=1, prevLogIndex=60, prevLogTerm=1, entries=0, commitIndex=60}
02:19:42.733 [raft-server-3] TRACE i.a.p.raft.roles.FollowerRole - RaftServer{3}{role=FOLLOWER} - Received AppendRequest{term=1, leader=1, prevLogIndex=60, prevLogTerm=1, entries=0, commitIndex=60}
02:19:42.733 [raft-server-1-state] TRACE i.a.p.raft.impl.RaftServiceManager - RaftServer{1} - Applying Indexed{index=60, entry=CommandEntry{term=1, timestamp=2018-06-01 02:19:42,667, session=2, sequence=55, operation=PrimitiveOperation{id=DefaultOperationId{id=write, type=COMMAND}, value=byte[]{length=17, hash=-1644578928}}}}
02:19:42.733 [raft-server-1-state] TRACE i.a.p.s.impl.DefaultServiceExecutor - PrimitiveService{2}{type=PrimitiveType{name=test}, name=test} - Executing DefaultCommit{index=60, session=RaftSession{RaftServiceContext{server=1, type=PrimitiveType{name=test}, name=test, id=2}, session=2, timestamp=2018-06-01 02:19:42,667}, time=2018-06-01 02:19:42,667, operation=DefaultOperationId{id=write, type=COMMAND}, value=byte[]{length=17, hash=-1644578928}}
02:19:42.733 [raft-server-1-state] TRACE i.a.protocols.raft.roles.LeaderRole - RaftServer{1}{role=LEADER} - Sending CommandResponse{status=OK, index=60, eventIndex=2, result=byte[]{length=2, hash=1360}}
02:19:42.733 [raft-client-8d1a11e6-024d-41c6-816f-7d36669ce782-7] TRACE i.a.p.r.p.impl.RaftProxyConnection - PartitionProxy{2}{type=PrimitiveType{name=test}, name=test} - Received CommandResponse{status=OK, index=60, eventIndex=2, result=byte[]{length=2, hash=1360}} from 1
02:19:42.733 [raft-client-8d1a11e6-024d-41c6-816f-7d36669ce782-7] TRACE i.a.p.r.p.impl.RaftProxySequencer - PartitionProxy{2}{type=PrimitiveType{name=test}, name=test} - Completing response CommandResponse{status=OK, index=60, eventIndex=2, result=byte[]{length=2, hash=1360}}
02:19:42.734 [raft-client-8d1a11e6-024d-41c6-816f-7d36669ce782-7] TRACE i.a.p.r.p.impl.RaftProxyConnection - PartitionProxy{2}{type=PrimitiveType{name=test}, name=test} - Sending CommandRequest{session=2, sequence=56, operation=PrimitiveOperation{id=DefaultOperationId{id=write, type=COMMAND}, value=byte[]{length=17, hash=-1644578928}}} to 1
02:19:42.734 [raft-server-1] TRACE i.a.protocols.raft.roles.LeaderRole - RaftServer{1}{role=LEADER} - Received CommandRequest{session=2, sequence=56, operation=PrimitiveOperation{id=DefaultOperationId{id=write, type=COMMAND}, value=byte[]{length=17, hash=-1644578928}}}
02:19:42.755 [raft-server-2] TRACE i.a.p.raft.roles.FollowerRole - RaftServer{2}{role=FOLLOWER} - Committed entries up to index 60
02:19:42.755 [raft-server-2] TRACE i.a.p.raft.roles.FollowerRole - RaftServer{2}{role=FOLLOWER} - Sending AppendResponse{status=OK, term=1, succeeded=true, lastLogIndex=60}
02:19:42.756 [raft-server-2-state] TRACE i.a.p.raft.impl.RaftServiceManager - RaftServer{2} - Applying Indexed{index=60, entry=CommandEntry{term=1, timestamp=2018-06-01 02:19:42,667, session=2, sequence=55, operation=PrimitiveOperation{id=DefaultOperationId{id=write, type=COMMAND}, value=byte[]{length=17, hash=-1644578928}}}}
02:19:42.756 [raft-server-2-state] TRACE i.a.p.s.impl.DefaultServiceExecutor - PrimitiveService{2}{type=PrimitiveType{name=test}, name=test} - Executing DefaultCommit{index=60, session=RaftSession{RaftServiceContext{server=2, type=PrimitiveType{name=test}, name=test, id=2}, session=2, timestamp=2018-06-01 02:19:42,667}, time=2018-06-01 02:19:42,667, operation=DefaultOperationId{id=write, type=COMMAND}, value=byte[]{length=17, hash=-1644578928}}
02:19:42.780 [raft-server-3] TRACE i.a.p.raft.roles.FollowerRole - RaftServer{3}{role=FOLLOWER} - Committed entries up to index 60
02:19:42.780 [raft-server-3] TRACE i.a.p.raft.roles.FollowerRole - RaftServer{3}{role=FOLLOWER} - Sending AppendResponse{status=OK, term=1, succeeded=true, lastLogIndex=60}
02:19:42.781 [raft-server-3-state] TRACE i.a.p.raft.impl.RaftServiceManager - RaftServer{3} - Applying Indexed{index=60, entry=CommandEntry{term=1, timestamp=2018-06-01 02:19:42,667, session=2, sequence=55, operation=PrimitiveOperation{id=DefaultOperationId{id=write, type=COMMAND}, value=byte[]{length=17, hash=-1644578928}}}}
02:19:42.781 [raft-server-3-state] TRACE i.a.p.s.impl.DefaultServiceExecutor - PrimitiveService{2}{type=PrimitiveType{name=test}, name=test} - Executing DefaultCommit{index=60, session=RaftSession{RaftServiceContext{server=3, type=PrimitiveType{name=test}, name=test, id=2}, session=2, timestamp=2018-06-01 02:19:42,667}, time=2018-06-01 02:19:42,667, operation=DefaultOperationId{id=write, type=COMMAND}, value=byte[]{length=17, hash=-1644578928}}
02:19:42.815 [raft-server-1] DEBUG i.a.storage.journal.SegmentedJournal - Created disk segment: JournalSegment{id=7, version=1, index=61, size=64}
02:19:42.815 [raft-server-1] TRACE i.a.protocols.raft.roles.LeaderRole - RaftServer{1}{role=LEADER} - Appended Indexed{index=61, entry=CommandEntry{term=1, timestamp=2018-06-01 02:19:42,734, session=2, sequence=56, operation=PrimitiveOperation{id=DefaultOperationId{id=write, type=COMMAND}, value=byte[]{length=17, hash=-1644578928}}}}
02:19:42.816 [raft-server-1] TRACE i.a.p.raft.roles.LeaderAppender - RaftServer{1} - Received AppendResponse{status=OK, term=1, succeeded=true, lastLogIndex=60} from 2
02:19:42.816 [raft-server-1] TRACE i.a.p.raft.roles.LeaderAppender - RaftServer{1} - Sending AppendRequest{term=1, leader=1, prevLogIndex=60, prevLogTerm=1, entries=1, commitIndex=60} to 2
02:19:42.816 [raft-server-2] TRACE i.a.p.raft.roles.FollowerRole - RaftServer{2}{role=FOLLOWER} - Received AppendRequest{term=1, leader=1, prevLogIndex=60, prevLogTerm=1, entries=1, commitIndex=60}
02:19:42.816 [raft-server-1] TRACE i.a.p.raft.roles.LeaderAppender - RaftServer{1} - Sending AppendRequest{term=1, leader=1, prevLogIndex=60, prevLogTerm=1, entries=1, commitIndex=60} to 3
02:19:42.816 [raft-server-1] TRACE i.a.p.raft.roles.LeaderAppender - RaftServer{1} - Received AppendResponse{status=OK, term=1, succeeded=true, lastLogIndex=60} from 3
02:19:42.816 [raft-server-3] TRACE i.a.p.raft.roles.FollowerRole - RaftServer{3}{role=FOLLOWER} - Received AppendRequest{term=1, leader=1, prevLogIndex=60, prevLogTerm=1, entries=1, commitIndex=60}
02:19:42.905 [raft-server-2] DEBUG i.a.storage.journal.SegmentedJournal - Created disk segment: JournalSegment{id=7, version=1, index=61, size=64}
02:19:42.906 [raft-server-2] TRACE i.a.p.raft.roles.FollowerRole - RaftServer{2}{role=FOLLOWER} - Appended Indexed{index=61, entry=CommandEntry{term=1, timestamp=2018-06-01 02:19:42,734, session=2, sequence=56, operation=PrimitiveOperation{id=DefaultOperationId{id=write, type=COMMAND}, value=byte[]{length=17, hash=-1644578928}}}}
02:19:42.906 [raft-server-2] TRACE i.a.p.raft.roles.FollowerRole - RaftServer{2}{role=FOLLOWER} - Sending AppendResponse{status=OK, term=1, succeeded=true, lastLogIndex=61}
02:19:42.906 [raft-server-1] TRACE i.a.p.raft.roles.LeaderAppender - RaftServer{1} - Received AppendResponse{status=OK, term=1, succeeded=true, lastLogIndex=61} from 2
02:19:42.906 [raft-server-1] TRACE i.a.p.raft.roles.LeaderAppender - RaftServer{1} - Committed entries up to 61
02:19:42.939 [raft-server-3] DEBUG i.a.storage.journal.SegmentedJournal - Created disk segment: JournalSegment{id=7, version=1, index=61, size=64}
02:19:42.939 [raft-server-3] TRACE i.a.p.raft.roles.FollowerRole - RaftServer{3}{role=FOLLOWER} - Appended Indexed{index=61, entry=CommandEntry{term=1, timestamp=2018-06-01 02:19:42,734, session=2, sequence=56, operation=PrimitiveOperation{id=DefaultOperationId{id=write, type=COMMAND}, value=byte[]{length=17, hash=-1644578928}}}}
02:19:42.939 [raft-server-3] TRACE i.a.p.raft.roles.FollowerRole - RaftServer{3}{role=FOLLOWER} - Sending AppendResponse{status=OK, term=1, succeeded=true, lastLogIndex=61}
02:19:42.974 [raft-server-1] TRACE i.a.p.raft.roles.LeaderAppender - RaftServer{1} - Received AppendResponse{status=OK, term=1, succeeded=true, lastLogIndex=61} from 3
02:19:42.974 [raft-server-1-state] TRACE i.a.p.raft.impl.RaftServiceManager - RaftServer{1} - Applying Indexed{index=61, entry=CommandEntry{term=1, timestamp=2018-06-01 02:19:42,734, session=2, sequence=56, operation=PrimitiveOperation{id=DefaultOperationId{id=write, type=COMMAND}, value=byte[]{length=17, hash=-1644578928}}}}
02:19:42.974 [raft-server-1-state] TRACE i.a.p.s.impl.DefaultServiceExecutor - PrimitiveService{2}{type=PrimitiveType{name=test}, name=test} - Executing DefaultCommit{index=61, session=RaftSession{RaftServiceContext{server=1, type=PrimitiveType{name=test}, name=test, id=2}, session=2, timestamp=2018-06-01 02:19:42,734}, time=2018-06-01 02:19:42,734, operation=DefaultOperationId{id=write, type=COMMAND}, value=byte[]{length=17, hash=-1644578928}}
02:19:42.974 [raft-server-1-state] TRACE i.a.protocols.raft.roles.LeaderRole - RaftServer{1}{role=LEADER} - Sending CommandResponse{status=OK, index=61, eventIndex=2, result=byte[]{length=2, hash=1362}}
02:19:42.975 [raft-client-8d1a11e6-024d-41c6-816f-7d36669ce782-0] TRACE i.a.p.r.p.impl.RaftProxyConnection - PartitionProxy{2}{type=PrimitiveType{name=test}, name=test} - Received CommandResponse{status=OK, index=61, eventIndex=2, result=byte[]{length=2, hash=1362}} from 1
02:19:42.975 [raft-client-8d1a11e6-024d-41c6-816f-7d36669ce782-0] TRACE i.a.p.r.p.impl.RaftProxySequencer - PartitionProxy{2}{type=PrimitiveType{name=test}, name=test} - Completing response CommandResponse{status=OK, index=61, eventIndex=2, result=byte[]{length=2, hash=1362}}
02:19:42.975 [raft-client-8d1a11e6-024d-41c6-816f-7d36669ce782-2] TRACE i.a.p.r.p.impl.RaftProxyConnection - PartitionProxy{2}{type=PrimitiveType{name=test}, name=test} - Sending CommandRequest{session=2, sequence=57, operation=PrimitiveOperation{id=DefaultOperationId{id=write, type=COMMAND}, value=byte[]{length=17, hash=-1644578928}}} to 1
02:19:42.976 [raft-server-1] TRACE i.a.protocols.raft.roles.LeaderRole - RaftServer{1}{role=LEADER} - Received CommandRequest{session=2, sequence=57, operation=PrimitiveOperation{id=DefaultOperationId{id=write, type=COMMAND}, value=byte[]{length=17, hash=-1644578928}}}
02:19:42.976 [raft-server-1] TRACE i.a.protocols.raft.roles.LeaderRole - RaftServer{1}{role=LEADER} - Appended Indexed{index=62, entry=CommandEntry{term=1, timestamp=2018-06-01 02:19:42,976, session=2, sequence=57, operation=PrimitiveOperation{id=DefaultOperationId{id=write, type=COMMAND}, value=byte[]{length=17, hash=-1644578928}}}}
02:19:42.976 [raft-server-1] TRACE i.a.p.raft.roles.LeaderAppender - RaftServer{1} - Sending AppendRequest{term=1, leader=1, prevLogIndex=61, prevLogTerm=1, entries=1, commitIndex=61} to 2
02:19:42.976 [raft-server-1] TRACE i.a.p.raft.roles.LeaderAppender - RaftServer{1} - Sending AppendRequest{term=1, leader=1, prevLogIndex=61, prevLogTerm=1, entries=1, commitIndex=61} to 3
02:19:42.976 [raft-server-2] TRACE i.a.p.raft.roles.FollowerRole - RaftServer{2}{role=FOLLOWER} - Received AppendRequest{term=1, leader=1, prevLogIndex=61, prevLogTerm=1, entries=1, commitIndex=61}
02:19:42.976 [raft-server-3] TRACE i.a.p.raft.roles.FollowerRole - RaftServer{3}{role=FOLLOWER} - Received AppendRequest{term=1, leader=1, prevLogIndex=61, prevLogTerm=1, entries=1, commitIndex=61}
02:19:42.976 [raft-server-2] TRACE i.a.p.raft.roles.FollowerRole - RaftServer{2}{role=FOLLOWER} - Appended Indexed{index=62, entry=CommandEntry{term=1, timestamp=2018-06-01 02:19:42,976, session=2, sequence=57, operation=PrimitiveOperation{id=DefaultOperationId{id=write, type=COMMAND}, value=byte[]{length=17, hash=-1644578928}}}}
02:19:42.977 [raft-server-3] TRACE i.a.p.raft.roles.FollowerRole - RaftServer{3}{role=FOLLOWER} - Appended Indexed{index=62, entry=CommandEntry{term=1, timestamp=2018-06-01 02:19:42,976, session=2, sequence=57, operation=PrimitiveOperation{id=DefaultOperationId{id=write, type=COMMAND}, value=byte[]{length=17, hash=-1644578928}}}}
02:19:43.022 [raft-server-2] TRACE i.a.p.raft.roles.FollowerRole - RaftServer{2}{role=FOLLOWER} - Committed entries up to index 61
02:19:43.022 [raft-server-3] TRACE i.a.p.raft.roles.FollowerRole - RaftServer{3}{role=FOLLOWER} - Committed entries up to index 61
02:19:43.022 [raft-server-2] TRACE i.a.p.raft.roles.FollowerRole - RaftServer{2}{role=FOLLOWER} - Sending AppendResponse{status=OK, term=1, succeeded=true, lastLogIndex=62}
02:19:43.022 [raft-server-3] TRACE i.a.p.raft.roles.FollowerRole - RaftServer{3}{role=FOLLOWER} - Sending AppendResponse{status=OK, term=1, succeeded=true, lastLogIndex=62}
02:19:43.022 [raft-server-3-state] TRACE i.a.p.raft.impl.RaftServiceManager - RaftServer{3} - Applying Indexed{index=61, entry=CommandEntry{term=1, timestamp=2018-06-01 02:19:42,734, session=2, sequence=56, operation=PrimitiveOperation{id=DefaultOperationId{id=write, type=COMMAND}, value=byte[]{length=17, hash=-1644578928}}}}
02:19:43.022 [raft-server-2-state] TRACE i.a.p.raft.impl.RaftServiceManager - RaftServer{2} - Applying Indexed{index=61, entry=CommandEntry{term=1, timestamp=2018-06-01 02:19:42,734, session=2, sequence=56, operation=PrimitiveOperation{id=DefaultOperationId{id=write, type=COMMAND}, value=byte[]{length=17, hash=-1644578928}}}}
02:19:43.023 [raft-server-3-state] TRACE i.a.p.s.impl.DefaultServiceExecutor - PrimitiveService{2}{type=PrimitiveType{name=test}, name=test} - Executing DefaultCommit{index=61, session=RaftSession{RaftServiceContext{server=3, type=PrimitiveType{name=test}, name=test, id=2}, session=2, timestamp=2018-06-01 02:19:42,734}, time=2018-06-01 02:19:42,734, operation=DefaultOperationId{id=write, type=COMMAND}, value=byte[]{length=17, hash=-1644578928}}
02:19:43.023 [raft-server-2-state] TRACE i.a.p.s.impl.DefaultServiceExecutor - PrimitiveService{2}{type=PrimitiveType{name=test}, name=test} - Executing DefaultCommit{index=61, session=RaftSession{RaftServiceContext{server=2, type=PrimitiveType{name=test}, name=test, id=2}, session=2, timestamp=2018-06-01 02:19:42,734}, time=2018-06-01 02:19:42,734, operation=DefaultOperationId{id=write, type=COMMAND}, value=byte[]{length=17, hash=-1644578928}}
02:19:43.023 [raft-server-1] TRACE i.a.p.raft.roles.LeaderAppender - RaftServer{1} - Received AppendResponse{status=OK, term=1, succeeded=true, lastLogIndex=62} from 2
02:19:43.023 [raft-server-1] TRACE i.a.p.raft.roles.LeaderAppender - RaftServer{1} - Committed entries up to 62
02:19:43.049 [raft-server-1] TRACE i.a.p.raft.roles.LeaderAppender - RaftServer{1} - Sending AppendRequest{term=1, leader=1, prevLogIndex=62, prevLogTerm=1, entries=0, commitIndex=62} to 2
02:19:43.049 [raft-server-2] TRACE i.a.p.raft.roles.FollowerRole - RaftServer{2}{role=FOLLOWER} - Received AppendRequest{term=1, leader=1, prevLogIndex=62, prevLogTerm=1, entries=0, commitIndex=62}
02:19:43.049 [raft-server-1] TRACE i.a.p.raft.roles.LeaderAppender - RaftServer{1} - Received AppendResponse{status=OK, term=1, succeeded=true, lastLogIndex=62} from 3
02:19:43.049 [raft-server-1] TRACE i.a.p.raft.roles.LeaderAppender - RaftServer{1} - Sending AppendRequest{term=1, leader=1, prevLogIndex=62, prevLogTerm=1, entries=0, commitIndex=62} to 3
02:19:43.049 [raft-server-3] TRACE i.a.p.raft.roles.FollowerRole - RaftServer{3}{role=FOLLOWER} - Received AppendRequest{term=1, leader=1, prevLogIndex=62, prevLogTerm=1, entries=0, commitIndex=62}
02:19:43.049 [raft-server-1-state] TRACE i.a.p.raft.impl.RaftServiceManager - RaftServer{1} - Applying Indexed{index=62, entry=CommandEntry{term=1, timestamp=2018-06-01 02:19:42,976, session=2, sequence=57, operation=PrimitiveOperation{id=DefaultOperationId{id=write, type=COMMAND}, value=byte[]{length=17, hash=-1644578928}}}}
02:19:43.049 [raft-server-1-state] TRACE i.a.p.s.impl.DefaultServiceExecutor - PrimitiveService{2}{type=PrimitiveType{name=test}, name=test} - Executing DefaultCommit{index=62, session=RaftSession{RaftServiceContext{server=1, type=PrimitiveType{name=test}, name=test, id=2}, session=2, timestamp=2018-06-01 02:19:42,976}, time=2018-06-01 02:19:42,976, operation=DefaultOperationId{id=write, type=COMMAND}, value=byte[]{length=17, hash=-1644578928}}
02:19:43.050 [raft-server-1-state] TRACE i.a.protocols.raft.roles.LeaderRole - RaftServer{1}{role=LEADER} - Sending CommandResponse{status=OK, index=62, eventIndex=2, result=byte[]{length=2, hash=1364}}
02:19:43.050 [raft-client-8d1a11e6-024d-41c6-816f-7d36669ce782-1] TRACE i.a.p.r.p.impl.RaftProxyConnection - PartitionProxy{2}{type=PrimitiveType{name=test}, name=test} - Received CommandResponse{status=OK, index=62, eventIndex=2, result=byte[]{length=2, hash=1364}} from 1
02:19:43.050 [raft-client-8d1a11e6-024d-41c6-816f-7d36669ce782-1] TRACE i.a.p.r.p.impl.RaftProxySequencer - PartitionProxy{2}{type=PrimitiveType{name=test}, name=test} - Completing response CommandResponse{status=OK, index=62, eventIndex=2, result=byte[]{length=2, hash=1364}}
02:19:43.050 [raft-client-8d1a11e6-024d-41c6-816f-7d36669ce782-4] TRACE i.a.p.r.p.impl.RaftProxyConnection - PartitionProxy{2}{type=PrimitiveType{name=test}, name=test} - Sending CommandRequest{session=2, sequence=58, operation=PrimitiveOperation{id=DefaultOperationId{id=write, type=COMMAND}, value=byte[]{length=17, hash=-1644578928}}} to 1
02:19:43.051 [raft-server-1] TRACE i.a.protocols.raft.roles.LeaderRole - RaftServer{1}{role=LEADER} - Received CommandRequest{session=2, sequence=58, operation=PrimitiveOperation{id=DefaultOperationId{id=write, type=COMMAND}, value=byte[]{length=17, hash=-1644578928}}}
02:19:43.051 [raft-server-1] TRACE i.a.protocols.raft.roles.LeaderRole - RaftServer{1}{role=LEADER} - Appended Indexed{index=63, entry=CommandEntry{term=1, timestamp=2018-06-01 02:19:43,051, session=2, sequence=58, operation=PrimitiveOperation{id=DefaultOperationId{id=write, type=COMMAND}, value=byte[]{length=17, hash=-1644578928}}}}
02:19:43.082 [raft-server-2] TRACE i.a.p.raft.roles.FollowerRole - RaftServer{2}{role=FOLLOWER} - Committed entries up to index 62
02:19:43.082 [raft-server-2] TRACE i.a.p.raft.roles.FollowerRole - RaftServer{2}{role=FOLLOWER} - Sending AppendResponse{status=OK, term=1, succeeded=true, lastLogIndex=62}
02:19:43.082 [raft-server-1] TRACE i.a.p.raft.roles.LeaderAppender - RaftServer{1} - Received AppendResponse{status=OK, term=1, succeeded=true, lastLogIndex=62} from 2
02:19:43.082 [raft-server-2-state] TRACE i.a.p.raft.impl.RaftServiceManager - RaftServer{2} - Applying Indexed{index=62, entry=CommandEntry{term=1, timestamp=2018-06-01 02:19:42,976, session=2, sequence=57, operation=PrimitiveOperation{id=DefaultOperationId{id=write, type=COMMAND}, value=byte[]{length=17, hash=-1644578928}}}}
02:19:43.082 [raft-server-1] TRACE i.a.p.raft.roles.LeaderAppender - RaftServer{1} - Sending AppendRequest{term=1, leader=1, prevLogIndex=62, prevLogTerm=1, entries=1, commitIndex=62} to 2
02:19:43.082 [raft-server-2-state] TRACE i.a.p.s.impl.DefaultServiceExecutor - PrimitiveService{2}{type=PrimitiveType{name=test}, name=test} - Executing DefaultCommit{index=62, session=RaftSession{RaftServiceContext{server=2, type=PrimitiveType{name=test}, name=test, id=2}, session=2, timestamp=2018-06-01 02:19:42,976}, time=2018-06-01 02:19:42,976, operation=DefaultOperationId{id=write, type=COMMAND}, value=byte[]{length=17, hash=-1644578928}}
02:19:43.083 [raft-server-2] TRACE i.a.p.raft.roles.FollowerRole - RaftServer{2}{role=FOLLOWER} - Received AppendRequest{term=1, leader=1, prevLogIndex=62, prevLogTerm=1, entries=1, commitIndex=62}
02:19:43.083 [raft-server-2] TRACE i.a.p.raft.roles.FollowerRole - RaftServer{2}{role=FOLLOWER} - Appended Indexed{index=63, entry=CommandEntry{term=1, timestamp=2018-06-01 02:19:43,051, session=2, sequence=58, operation=PrimitiveOperation{id=DefaultOperationId{id=write, type=COMMAND}, value=byte[]{length=17, hash=-1644578928}}}}
02:19:43.083 [raft-server-2] TRACE i.a.p.raft.roles.FollowerRole - RaftServer{2}{role=FOLLOWER} - Sending AppendResponse{status=OK, term=1, succeeded=true, lastLogIndex=63}
02:19:43.083 [raft-server-1] TRACE i.a.p.raft.roles.LeaderAppender - RaftServer{1} - Received AppendResponse{status=OK, term=1, succeeded=true, lastLogIndex=63} from 2
02:19:43.083 [raft-server-1] TRACE i.a.p.raft.roles.LeaderAppender - RaftServer{1} - Committed entries up to 63
02:19:43.122 [raft-server-3] TRACE i.a.p.raft.roles.FollowerRole - RaftServer{3}{role=FOLLOWER} - Committed entries up to index 62
02:19:43.122 [raft-server-3] TRACE i.a.p.raft.roles.FollowerRole - RaftServer{3}{role=FOLLOWER} - Sending AppendResponse{status=OK, term=1, succeeded=true, lastLogIndex=62}
02:19:43.122 [raft-server-3-state] TRACE i.a.p.raft.impl.RaftServiceManager - RaftServer{3} - Applying Indexed{index=62, entry=CommandEntry{term=1, timestamp=2018-06-01 02:19:42,976, session=2, sequence=57, operation=PrimitiveOperation{id=DefaultOperationId{id=write, type=COMMAND}, value=byte[]{length=17, hash=-1644578928}}}}
02:19:43.123 [raft-server-3-state] TRACE i.a.p.s.impl.DefaultServiceExecutor - PrimitiveService{2}{type=PrimitiveType{name=test}, name=test} - Executing DefaultCommit{index=62, session=RaftSession{RaftServiceContext{server=3, type=PrimitiveType{name=test}, name=test, id=2}, session=2, timestamp=2018-06-01 02:19:42,976}, time=2018-06-01 02:19:42,976, operation=DefaultOperationId{id=write, type=COMMAND}, value=byte[]{length=17, hash=-1644578928}}
02:19:43.140 [raft-server-1] TRACE i.a.p.raft.roles.LeaderAppender - RaftServer{1} - Received AppendResponse{status=OK, term=1, succeeded=true, lastLogIndex=62} from 3
02:19:43.141 [raft-server-1] TRACE i.a.p.raft.roles.LeaderAppender - RaftServer{1} - Sending AppendRequest{term=1, leader=1, prevLogIndex=62, prevLogTerm=1, entries=1, commitIndex=63} to 3
02:19:43.141 [raft-server-3] TRACE i.a.p.raft.roles.FollowerRole - RaftServer{3}{role=FOLLOWER} - Received AppendRequest{term=1, leader=1, prevLogIndex=62, prevLogTerm=1, entries=1, commitIndex=63}
02:19:43.141 [raft-server-1-state] TRACE i.a.p.raft.impl.RaftServiceManager - RaftServer{1} - Applying Indexed{index=63, entry=CommandEntry{term=1, timestamp=2018-06-01 02:19:43,051, session=2, sequence=58, operation=PrimitiveOperation{id=DefaultOperationId{id=write, type=COMMAND}, value=byte[]{length=17, hash=-1644578928}}}}
02:19:43.141 [raft-server-3] TRACE i.a.p.raft.roles.FollowerRole - RaftServer{3}{role=FOLLOWER} - Appended Indexed{index=63, entry=CommandEntry{term=1, timestamp=2018-06-01 02:19:43,051, session=2, sequence=58, operation=PrimitiveOperation{id=DefaultOperationId{id=write, type=COMMAND}, value=byte[]{length=17, hash=-1644578928}}}}
02:19:43.141 [raft-server-1-state] TRACE i.a.p.s.impl.DefaultServiceExecutor - PrimitiveService{2}{type=PrimitiveType{name=test}, name=test} - Executing DefaultCommit{index=63, session=RaftSession{RaftServiceContext{server=1, type=PrimitiveType{name=test}, name=test, id=2}, session=2, timestamp=2018-06-01 02:19:43,051}, time=2018-06-01 02:19:43,051, operation=DefaultOperationId{id=write, type=COMMAND}, value=byte[]{length=17, hash=-1644578928}}
02:19:43.142 [raft-server-1-state] TRACE i.a.protocols.raft.roles.LeaderRole - RaftServer{1}{role=LEADER} - Sending CommandResponse{status=OK, index=63, eventIndex=2, result=byte[]{length=2, hash=1366}}
02:19:43.142 [raft-client-8d1a11e6-024d-41c6-816f-7d36669ce782-6] TRACE i.a.p.r.p.impl.RaftProxyConnection - PartitionProxy{2}{type=PrimitiveType{name=test}, name=test} - Received CommandResponse{status=OK, index=63, eventIndex=2, result=byte[]{length=2, hash=1366}} from 1
02:19:43.142 [raft-client-8d1a11e6-024d-41c6-816f-7d36669ce782-6] TRACE i.a.p.r.p.impl.RaftProxySequencer - PartitionProxy{2}{type=PrimitiveType{name=test}, name=test} - Completing response CommandResponse{status=OK, index=63, eventIndex=2, result=byte[]{length=2, hash=1366}}
02:19:43.142 [raft-client-8d1a11e6-024d-41c6-816f-7d36669ce782-6] TRACE i.a.p.r.p.impl.RaftProxyConnection - PartitionProxy{2}{type=PrimitiveType{name=test}, name=test} - Sending CommandRequest{session=2, sequence=59, operation=PrimitiveOperation{id=DefaultOperationId{id=write, type=COMMAND}, value=byte[]{length=17, hash=-1644578928}}} to 1
02:19:43.143 [raft-server-1] TRACE i.a.protocols.raft.roles.LeaderRole - RaftServer{1}{role=LEADER} - Received CommandRequest{session=2, sequence=59, operation=PrimitiveOperation{id=DefaultOperationId{id=write, type=COMMAND}, value=byte[]{length=17, hash=-1644578928}}}
02:19:43.143 [raft-server-1] TRACE i.a.protocols.raft.roles.LeaderRole - RaftServer{1}{role=LEADER} - Appended Indexed{index=64, entry=CommandEntry{term=1, timestamp=2018-06-01 02:19:43,143, session=2, sequence=59, operation=PrimitiveOperation{id=DefaultOperationId{id=write, type=COMMAND}, value=byte[]{length=17, hash=-1644578928}}}}
02:19:43.143 [raft-server-1] TRACE i.a.p.raft.roles.LeaderAppender - RaftServer{1} - Sending AppendRequest{term=1, leader=1, prevLogIndex=63, prevLogTerm=1, entries=1, commitIndex=63} to 2
02:19:43.143 [raft-server-2] TRACE i.a.p.raft.roles.FollowerRole - RaftServer{2}{role=FOLLOWER} - Received AppendRequest{term=1, leader=1, prevLogIndex=63, prevLogTerm=1, entries=1, commitIndex=63}
02:19:43.143 [raft-server-2] TRACE i.a.p.raft.roles.FollowerRole - RaftServer{2}{role=FOLLOWER} - Appended Indexed{index=64, entry=CommandEntry{term=1, timestamp=2018-06-01 02:19:43,143, session=2, sequence=59, operation=PrimitiveOperation{id=DefaultOperationId{id=write, type=COMMAND}, value=byte[]{length=17, hash=-1644578928}}}}
02:19:43.180 [raft-server-3] TRACE i.a.p.raft.roles.FollowerRole - RaftServer{3}{role=FOLLOWER} - Committed entries up to index 63
02:19:43.180 [raft-server-3] TRACE i.a.p.raft.roles.FollowerRole - RaftServer{3}{role=FOLLOWER} - Sending AppendResponse{status=OK, term=1, succeeded=true, lastLogIndex=63}
02:19:43.181 [raft-server-1] TRACE i.a.p.raft.roles.LeaderAppender - RaftServer{1} - Received AppendResponse{status=OK, term=1, succeeded=true, lastLogIndex=63} from 3
02:19:43.181 [raft-server-1] TRACE i.a.p.raft.roles.LeaderAppender - RaftServer{1} - Sending AppendRequest{term=1, leader=1, prevLogIndex=63, prevLogTerm=1, entries=1, commitIndex=63} to 3
02:19:43.181 [raft-server-3-state] TRACE i.a.p.raft.impl.RaftServiceManager - RaftServer{3} - Applying Indexed{index=63, entry=CommandEntry{term=1, timestamp=2018-06-01 02:19:43,051, session=2, sequence=58, operation=PrimitiveOperation{id=DefaultOperationId{id=write, type=COMMAND}, value=byte[]{length=17, hash=-1644578928}}}}
02:19:43.181 [raft-server-3] TRACE i.a.p.raft.roles.FollowerRole - RaftServer{3}{role=FOLLOWER} - Received AppendRequest{term=1, leader=1, prevLogIndex=63, prevLogTerm=1, entries=1, commitIndex=63}
02:19:43.181 [raft-server-3-state] TRACE i.a.p.s.impl.DefaultServiceExecutor - PrimitiveService{2}{type=PrimitiveType{name=test}, name=test} - Executing DefaultCommit{index=63, session=RaftSession{RaftServiceContext{server=3, type=PrimitiveType{name=test}, name=test, id=2}, session=2, timestamp=2018-06-01 02:19:43,051}, time=2018-06-01 02:19:43,051, operation=DefaultOperationId{id=write, type=COMMAND}, value=byte[]{length=17, hash=-1644578928}}
02:19:43.181 [raft-server-3] TRACE i.a.p.raft.roles.FollowerRole - RaftServer{3}{role=FOLLOWER} - Appended Indexed{index=64, entry=CommandEntry{term=1, timestamp=2018-06-01 02:19:43,143, session=2, sequence=59, operation=PrimitiveOperation{id=DefaultOperationId{id=write, type=COMMAND}, value=byte[]{length=17, hash=-1644578928}}}}
02:19:43.181 [raft-server-3] TRACE i.a.p.raft.roles.FollowerRole - RaftServer{3}{role=FOLLOWER} - Sending AppendResponse{status=OK, term=1, succeeded=true, lastLogIndex=64}
02:19:43.181 [raft-server-1] TRACE i.a.p.raft.roles.LeaderAppender - RaftServer{1} - Received AppendResponse{status=OK, term=1, succeeded=true, lastLogIndex=64} from 3
02:19:43.182 [raft-server-1] TRACE i.a.p.raft.roles.LeaderAppender - RaftServer{1} - Committed entries up to 64
02:19:43.205 [raft-server-2] TRACE i.a.p.raft.roles.FollowerRole - RaftServer{2}{role=FOLLOWER} - Committed entries up to index 63
02:19:43.205 [raft-server-2] TRACE i.a.p.raft.roles.FollowerRole - RaftServer{2}{role=FOLLOWER} - Sending AppendResponse{status=OK, term=1, succeeded=true, lastLogIndex=64}
02:19:43.206 [raft-server-2-state] TRACE i.a.p.raft.impl.RaftServiceManager - RaftServer{2} - Applying Indexed{index=63, entry=CommandEntry{term=1, timestamp=2018-06-01 02:19:43,051, session=2, sequence=58, operation=PrimitiveOperation{id=DefaultOperationId{id=write, type=COMMAND}, value=byte[]{length=17, hash=-1644578928}}}}
02:19:43.206 [raft-server-2-state] TRACE i.a.p.s.impl.DefaultServiceExecutor - PrimitiveService{2}{type=PrimitiveType{name=test}, name=test} - Executing DefaultCommit{index=63, session=RaftSession{RaftServiceContext{server=2, type=PrimitiveType{name=test}, name=test, id=2}, session=2, timestamp=2018-06-01 02:19:43,051}, time=2018-06-01 02:19:43,051, operation=DefaultOperationId{id=write, type=COMMAND}, value=byte[]{length=17, hash=-1644578928}}
02:19:43.232 [raft-server-1] TRACE i.a.p.raft.roles.LeaderAppender - RaftServer{1} - Received AppendResponse{status=OK, term=1, succeeded=true, lastLogIndex=64} from 2
02:19:43.232 [raft-server-1] TRACE i.a.p.raft.roles.LeaderAppender - RaftServer{1} - Sending AppendRequest{term=1, leader=1, prevLogIndex=64, prevLogTerm=1, entries=0, commitIndex=64} to 2
02:19:43.232 [raft-server-1] TRACE i.a.p.raft.roles.LeaderAppender - RaftServer{1} - Sending AppendRequest{term=1, leader=1, prevLogIndex=64, prevLogTerm=1, entries=0, commitIndex=64} to 3
02:19:43.232 [raft-server-2] TRACE i.a.p.raft.roles.FollowerRole - RaftServer{2}{role=FOLLOWER} - Received AppendRequest{term=1, leader=1, prevLogIndex=64, prevLogTerm=1, entries=0, commitIndex=64}
02:19:43.233 [raft-server-3] TRACE i.a.p.raft.roles.FollowerRole - RaftServer{3}{role=FOLLOWER} - Received AppendRequest{term=1, leader=1, prevLogIndex=64, prevLogTerm=1, entries=0, commitIndex=64}
02:19:43.233 [raft-server-1-state] TRACE i.a.p.raft.impl.RaftServiceManager - RaftServer{1} - Applying Indexed{index=64, entry=CommandEntry{term=1, timestamp=2018-06-01 02:19:43,143, session=2, sequence=59, operation=PrimitiveOperation{id=DefaultOperationId{id=write, type=COMMAND}, value=byte[]{length=17, hash=-1644578928}}}}
02:19:43.233 [raft-server-1-state] TRACE i.a.p.s.impl.DefaultServiceExecutor - PrimitiveService{2}{type=PrimitiveType{name=test}, name=test} - Executing DefaultCommit{index=64, session=RaftSession{RaftServiceContext{server=1, type=PrimitiveType{name=test}, name=test, id=2}, session=2, timestamp=2018-06-01 02:19:43,143}, time=2018-06-01 02:19:43,143, operation=DefaultOperationId{id=write, type=COMMAND}, value=byte[]{length=17, hash=-1644578928}}
02:19:43.233 [raft-server-1-state] TRACE i.a.protocols.raft.roles.LeaderRole - RaftServer{1}{role=LEADER} - Sending CommandResponse{status=OK, index=64, eventIndex=2, result=byte[]{length=3, hash=34473}}
02:19:43.233 [raft-client-8d1a11e6-024d-41c6-816f-7d36669ce782-0] TRACE i.a.p.r.p.impl.RaftProxyConnection - PartitionProxy{2}{type=PrimitiveType{name=test}, name=test} - Received CommandResponse{status=OK, index=64, eventIndex=2, result=byte[]{length=3, hash=34473}} from 1
02:19:43.234 [raft-client-8d1a11e6-024d-41c6-816f-7d36669ce782-0] TRACE i.a.p.r.p.impl.RaftProxySequencer - PartitionProxy{2}{type=PrimitiveType{name=test}, name=test} - Completing response CommandResponse{status=OK, index=64, eventIndex=2, result=byte[]{length=3, hash=34473}}
02:19:43.234 [raft-client-8d1a11e6-024d-41c6-816f-7d36669ce782-3] TRACE i.a.p.r.p.impl.RaftProxyConnection - PartitionProxy{2}{type=PrimitiveType{name=test}, name=test} - Sending CommandRequest{session=2, sequence=60, operation=PrimitiveOperation{id=DefaultOperationId{id=write, type=COMMAND}, value=byte[]{length=17, hash=-1644578928}}} to 1
02:19:43.234 [raft-server-1] TRACE i.a.protocols.raft.roles.LeaderRole - RaftServer{1}{role=LEADER} - Received CommandRequest{session=2, sequence=60, operation=PrimitiveOperation{id=DefaultOperationId{id=write, type=COMMAND}, value=byte[]{length=17, hash=-1644578928}}}
02:19:43.235 [raft-server-1] TRACE i.a.protocols.raft.roles.LeaderRole - RaftServer{1}{role=LEADER} - Appended Indexed{index=65, entry=CommandEntry{term=1, timestamp=2018-06-01 02:19:43,235, session=2, sequence=60, operation=PrimitiveOperation{id=DefaultOperationId{id=write, type=COMMAND}, value=byte[]{length=17, hash=-1644578928}}}}
02:19:43.257 [raft-server-2] TRACE i.a.p.raft.roles.FollowerRole - RaftServer{2}{role=FOLLOWER} - Committed entries up to index 64
02:19:43.257 [raft-server-2] TRACE i.a.p.raft.roles.FollowerRole - RaftServer{2}{role=FOLLOWER} - Sending AppendResponse{status=OK, term=1, succeeded=true, lastLogIndex=64}
02:19:43.257 [raft-server-1] TRACE i.a.p.raft.roles.LeaderAppender - RaftServer{1} - Received AppendResponse{status=OK, term=1, succeeded=true, lastLogIndex=64} from 2
02:19:43.257 [raft-server-1] TRACE i.a.p.raft.roles.LeaderAppender - RaftServer{1} - Sending AppendRequest{term=1, leader=1, prevLogIndex=64, prevLogTerm=1, entries=1, commitIndex=64} to 2
02:19:43.257 [raft-server-2-state] TRACE i.a.p.raft.impl.RaftServiceManager - RaftServer{2} - Applying Indexed{index=64, entry=CommandEntry{term=1, timestamp=2018-06-01 02:19:43,143, session=2, sequence=59, operation=PrimitiveOperation{id=DefaultOperationId{id=write, type=COMMAND}, value=byte[]{length=17, hash=-1644578928}}}}
02:19:43.257 [raft-server-2] TRACE i.a.p.raft.roles.FollowerRole - RaftServer{2}{role=FOLLOWER} - Received AppendRequest{term=1, leader=1, prevLogIndex=64, prevLogTerm=1, entries=1, commitIndex=64}
02:19:43.257 [raft-server-2-state] TRACE i.a.p.s.impl.DefaultServiceExecutor - PrimitiveService{2}{type=PrimitiveType{name=test}, name=test} - Executing DefaultCommit{index=64, session=RaftSession{RaftServiceContext{server=2, type=PrimitiveType{name=test}, name=test, id=2}, session=2, timestamp=2018-06-01 02:19:43,143}, time=2018-06-01 02:19:43,143, operation=DefaultOperationId{id=write, type=COMMAND}, value=byte[]{length=17, hash=-1644578928}}
02:19:43.258 [raft-server-2] TRACE i.a.p.raft.roles.FollowerRole - RaftServer{2}{role=FOLLOWER} - Appended Indexed{index=65, entry=CommandEntry{term=1, timestamp=2018-06-01 02:19:43,235, session=2, sequence=60, operation=PrimitiveOperation{id=DefaultOperationId{id=write, type=COMMAND}, value=byte[]{length=17, hash=-1644578928}}}}
02:19:43.258 [raft-server-2] TRACE i.a.p.raft.roles.FollowerRole - RaftServer{2}{role=FOLLOWER} - Sending AppendResponse{status=OK, term=1, succeeded=true, lastLogIndex=65}
02:19:43.258 [raft-server-1] TRACE i.a.p.raft.roles.LeaderAppender - RaftServer{1} - Received AppendResponse{status=OK, term=1, succeeded=true, lastLogIndex=65} from 2
02:19:43.258 [raft-server-1] TRACE i.a.p.raft.roles.LeaderAppender - RaftServer{1} - Committed entries up to 65
02:19:43.287 [raft-server-3] TRACE i.a.p.raft.roles.FollowerRole - RaftServer{3}{role=FOLLOWER} - Committed entries up to index 64
02:19:43.287 [raft-server-3] TRACE i.a.p.raft.roles.FollowerRole - RaftServer{3}{role=FOLLOWER} - Sending AppendResponse{status=OK, term=1, succeeded=true, lastLogIndex=64}
02:19:43.287 [raft-server-3-state] TRACE i.a.p.raft.impl.RaftServiceManager - RaftServer{3} - Applying Indexed{index=64, entry=CommandEntry{term=1, timestamp=2018-06-01 02:19:43,143, session=2, sequence=59, operation=PrimitiveOperation{id=DefaultOperationId{id=write, type=COMMAND}, value=byte[]{length=17, hash=-1644578928}}}}
02:19:43.287 [raft-server-3-state] TRACE i.a.p.s.impl.DefaultServiceExecutor - PrimitiveService{2}{type=PrimitiveType{name=test}, name=test} - Executing DefaultCommit{index=64, session=RaftSession{RaftServiceContext{server=3, type=PrimitiveType{name=test}, name=test, id=2}, session=2, timestamp=2018-06-01 02:19:43,143}, time=2018-06-01 02:19:43,143, operation=DefaultOperationId{id=write, type=COMMAND}, value=byte[]{length=17, hash=-1644578928}}
02:19:43.307 [raft-server-1] TRACE i.a.p.raft.roles.LeaderAppender - RaftServer{1} - Received AppendResponse{status=OK, term=1, succeeded=true, lastLogIndex=64} from 3
02:19:43.307 [raft-server-1] TRACE i.a.p.raft.roles.LeaderAppender - RaftServer{1} - Sending AppendRequest{term=1, leader=1, prevLogIndex=64, prevLogTerm=1, entries=1, commitIndex=65} to 3
02:19:43.307 [raft-server-3] TRACE i.a.p.raft.roles.FollowerRole - RaftServer{3}{role=FOLLOWER} - Received AppendRequest{term=1, leader=1, prevLogIndex=64, prevLogTerm=1, entries=1, commitIndex=65}
02:19:43.307 [raft-server-1-state] TRACE i.a.p.raft.impl.RaftServiceManager - RaftServer{1} - Applying Indexed{index=65, entry=CommandEntry{term=1, timestamp=2018-06-01 02:19:43,235, session=2, sequence=60, operation=PrimitiveOperation{id=DefaultOperationId{id=write, type=COMMAND}, value=byte[]{length=17, hash=-1644578928}}}}
02:19:43.308 [raft-server-3] TRACE i.a.p.raft.roles.FollowerRole - RaftServer{3}{role=FOLLOWER} - Appended Indexed{index=65, entry=CommandEntry{term=1, timestamp=2018-06-01 02:19:43,235, session=2, sequence=60, operation=PrimitiveOperation{id=DefaultOperationId{id=write, type=COMMAND}, value=byte[]{length=17, hash=-1644578928}}}}
02:19:43.308 [raft-server-1-state] TRACE i.a.p.s.impl.DefaultServiceExecutor - PrimitiveService{2}{type=PrimitiveType{name=test}, name=test} - Executing DefaultCommit{index=65, session=RaftSession{RaftServiceContext{server=1, type=PrimitiveType{name=test}, name=test, id=2}, session=2, timestamp=2018-06-01 02:19:43,235}, time=2018-06-01 02:19:43,235, operation=DefaultOperationId{id=write, type=COMMAND}, value=byte[]{length=17, hash=-1644578928}}
02:19:43.308 [raft-server-1-state] TRACE i.a.protocols.raft.roles.LeaderRole - RaftServer{1}{role=LEADER} - Sending CommandResponse{status=OK, index=65, eventIndex=2, result=byte[]{length=3, hash=34535}}
02:19:43.308 [raft-client-8d1a11e6-024d-41c6-816f-7d36669ce782-1] TRACE i.a.p.r.p.impl.RaftProxyConnection - PartitionProxy{2}{type=PrimitiveType{name=test}, name=test} - Received CommandResponse{status=OK, index=65, eventIndex=2, result=byte[]{length=3, hash=34535}} from 1
02:19:43.308 [raft-client-8d1a11e6-024d-41c6-816f-7d36669ce782-1] TRACE i.a.p.r.p.impl.RaftProxySequencer - PartitionProxy{2}{type=PrimitiveType{name=test}, name=test} - Completing response CommandResponse{status=OK, index=65, eventIndex=2, result=byte[]{length=3, hash=34535}}
02:19:43.309 [raft-client-8d1a11e6-024d-41c6-816f-7d36669ce782-1] TRACE i.a.p.r.p.impl.RaftProxyConnection - PartitionProxy{2}{type=PrimitiveType{name=test}, name=test} - Sending CommandRequest{session=2, sequence=61, operation=PrimitiveOperation{id=DefaultOperationId{id=write, type=COMMAND}, value=byte[]{length=17, hash=-1644578928}}} to 1
02:19:43.309 [raft-server-1] TRACE i.a.protocols.raft.roles.LeaderRole - RaftServer{1}{role=LEADER} - Received CommandRequest{session=2, sequence=61, operation=PrimitiveOperation{id=DefaultOperationId{id=write, type=COMMAND}, value=byte[]{length=17, hash=-1644578928}}}
02:19:43.309 [raft-server-1] TRACE i.a.protocols.raft.roles.LeaderRole - RaftServer{1}{role=LEADER} - Appended Indexed{index=66, entry=CommandEntry{term=1, timestamp=2018-06-01 02:19:43,309, session=2, sequence=61, operation=PrimitiveOperation{id=DefaultOperationId{id=write, type=COMMAND}, value=byte[]{length=17, hash=-1644578928}}}}
02:19:43.309 [raft-server-1] TRACE i.a.p.raft.roles.LeaderAppender - RaftServer{1} - Sending AppendRequest{term=1, leader=1, prevLogIndex=65, prevLogTerm=1, entries=1, commitIndex=65} to 2
02:19:43.309 [raft-server-2] TRACE i.a.p.raft.roles.FollowerRole - RaftServer{2}{role=FOLLOWER} - Received AppendRequest{term=1, leader=1, prevLogIndex=65, prevLogTerm=1, entries=1, commitIndex=65}
02:19:43.310 [raft-server-2] TRACE i.a.p.raft.roles.FollowerRole - RaftServer{2}{role=FOLLOWER} - Appended Indexed{index=66, entry=CommandEntry{term=1, timestamp=2018-06-01 02:19:43,309, session=2, sequence=61, operation=PrimitiveOperation{id=DefaultOperationId{id=write, type=COMMAND}, value=byte[]{length=17, hash=-1644578928}}}}
02:19:43.340 [raft-server-3] TRACE i.a.p.raft.roles.FollowerRole - RaftServer{3}{role=FOLLOWER} - Committed entries up to index 65
02:19:43.340 [raft-server-3] TRACE i.a.p.raft.roles.FollowerRole - RaftServer{3}{role=FOLLOWER} - Sending AppendResponse{status=OK, term=1, succeeded=true, lastLogIndex=65}
02:19:43.341 [raft-server-1] TRACE i.a.p.raft.roles.LeaderAppender - RaftServer{1} - Received AppendResponse{status=OK, term=1, succeeded=true, lastLogIndex=65} from 3
02:19:43.340 [raft-server-3-state] TRACE i.a.p.raft.impl.RaftServiceManager - RaftServer{3} - Applying Indexed{index=65, entry=CommandEntry{term=1, timestamp=2018-06-01 02:19:43,235, session=2, sequence=60, operation=PrimitiveOperation{id=DefaultOperationId{id=write, type=COMMAND}, value=byte[]{length=17, hash=-1644578928}}}}
02:19:43.341 [raft-server-1] TRACE i.a.p.raft.roles.LeaderAppender - RaftServer{1} - Sending AppendRequest{term=1, leader=1, prevLogIndex=65, prevLogTerm=1, entries=1, commitIndex=65} to 3
02:19:43.341 [raft-server-3-state] TRACE i.a.p.s.impl.DefaultServiceExecutor - PrimitiveService{2}{type=PrimitiveType{name=test}, name=test} - Executing DefaultCommit{index=65, session=RaftSession{RaftServiceContext{server=3, type=PrimitiveType{name=test}, name=test, id=2}, session=2, timestamp=2018-06-01 02:19:43,235}, time=2018-06-01 02:19:43,235, operation=DefaultOperationId{id=write, type=COMMAND}, value=byte[]{length=17, hash=-1644578928}}
02:19:43.341 [raft-server-3] TRACE i.a.p.raft.roles.FollowerRole - RaftServer{3}{role=FOLLOWER} - Received AppendRequest{term=1, leader=1, prevLogIndex=65, prevLogTerm=1, entries=1, commitIndex=65}
02:19:43.341 [raft-server-3] TRACE i.a.p.raft.roles.FollowerRole - RaftServer{3}{role=FOLLOWER} - Appended Indexed{index=66, entry=CommandEntry{term=1, timestamp=2018-06-01 02:19:43,309, session=2, sequence=61, operation=PrimitiveOperation{id=DefaultOperationId{id=write, type=COMMAND}, value=byte[]{length=17, hash=-1644578928}}}}
02:19:43.341 [raft-server-3] TRACE i.a.p.raft.roles.FollowerRole - RaftServer{3}{role=FOLLOWER} - Sending AppendResponse{status=OK, term=1, succeeded=true, lastLogIndex=66}
02:19:43.341 [raft-server-1] TRACE i.a.p.raft.roles.LeaderAppender - RaftServer{1} - Received AppendResponse{status=OK, term=1, succeeded=true, lastLogIndex=66} from 3
02:19:43.341 [raft-server-1] TRACE i.a.p.raft.roles.LeaderAppender - RaftServer{1} - Committed entries up to 66
02:19:43.370 [raft-server-2] TRACE i.a.p.raft.roles.FollowerRole - RaftServer{2}{role=FOLLOWER} - Committed entries up to index 65
02:19:43.371 [raft-server-2] TRACE i.a.p.raft.roles.FollowerRole - RaftServer{2}{role=FOLLOWER} - Sending AppendResponse{status=OK, term=1, succeeded=true, lastLogIndex=66}
02:19:43.371 [raft-server-2-state] TRACE i.a.p.raft.impl.RaftServiceManager - RaftServer{2} - Applying Indexed{index=65, entry=CommandEntry{term=1, timestamp=2018-06-01 02:19:43,235, session=2, sequence=60, operation=PrimitiveOperation{id=DefaultOperationId{id=write, type=COMMAND}, value=byte[]{length=17, hash=-1644578928}}}}
02:19:43.371 [raft-server-2-state] TRACE i.a.p.s.impl.DefaultServiceExecutor - PrimitiveService{2}{type=PrimitiveType{name=test}, name=test} - Executing DefaultCommit{index=65, session=RaftSession{RaftServiceContext{server=2, type=PrimitiveType{name=test}, name=test, id=2}, session=2, timestamp=2018-06-01 02:19:43,235}, time=2018-06-01 02:19:43,235, operation=DefaultOperationId{id=write, type=COMMAND}, value=byte[]{length=17, hash=-1644578928}}
02:19:43.390 [raft-server-1] TRACE i.a.p.raft.roles.LeaderAppender - RaftServer{1} - Received AppendResponse{status=OK, term=1, succeeded=true, lastLogIndex=66} from 2
02:19:43.391 [raft-server-1-state] TRACE i.a.p.raft.impl.RaftServiceManager - RaftServer{1} - Applying Indexed{index=66, entry=CommandEntry{term=1, timestamp=2018-06-01 02:19:43,309, session=2, sequence=61, operation=PrimitiveOperation{id=DefaultOperationId{id=write, type=COMMAND}, value=byte[]{length=17, hash=-1644578928}}}}
02:19:43.391 [raft-server-1-state] TRACE i.a.p.s.impl.DefaultServiceExecutor - PrimitiveService{2}{type=PrimitiveType{name=test}, name=test} - Executing DefaultCommit{index=66, session=RaftSession{RaftServiceContext{server=1, type=PrimitiveType{name=test}, name=test, id=2}, session=2, timestamp=2018-06-01 02:19:43,309}, time=2018-06-01 02:19:43,309, operation=DefaultOperationId{id=write, type=COMMAND}, value=byte[]{length=17, hash=-1644578928}}
02:19:43.391 [raft-server-1-state] TRACE i.a.protocols.raft.roles.LeaderRole - RaftServer{1}{role=LEADER} - Sending CommandResponse{status=OK, index=66, eventIndex=2, result=byte[]{length=3, hash=34597}}
02:19:43.391 [raft-client-8d1a11e6-024d-41c6-816f-7d36669ce782-5] TRACE i.a.p.r.p.impl.RaftProxyConnection - PartitionProxy{2}{type=PrimitiveType{name=test}, name=test} - Received CommandResponse{status=OK, index=66, eventIndex=2, result=byte[]{length=3, hash=34597}} from 1
02:19:43.391 [raft-client-8d1a11e6-024d-41c6-816f-7d36669ce782-5] TRACE i.a.p.r.p.impl.RaftProxySequencer - PartitionProxy{2}{type=PrimitiveType{name=test}, name=test} - Completing response CommandResponse{status=OK, index=66, eventIndex=2, result=byte[]{length=3, hash=34597}}
02:19:43.392 [raft-client-8d1a11e6-024d-41c6-816f-7d36669ce782-2] TRACE i.a.p.r.p.impl.RaftProxyConnection - PartitionProxy{2}{type=PrimitiveType{name=test}, name=test} - Sending CommandRequest{session=2, sequence=62, operation=PrimitiveOperation{id=DefaultOperationId{id=write, type=COMMAND}, value=byte[]{length=17, hash=-1644578928}}} to 1
02:19:43.392 [raft-server-1] TRACE i.a.protocols.raft.roles.LeaderRole - RaftServer{1}{role=LEADER} - Received CommandRequest{session=2, sequence=62, operation=PrimitiveOperation{id=DefaultOperationId{id=write, type=COMMAND}, value=byte[]{length=17, hash=-1644578928}}}
02:19:43.392 [raft-server-1] TRACE i.a.protocols.raft.roles.LeaderRole - RaftServer{1}{role=LEADER} - Appended Indexed{index=67, entry=CommandEntry{term=1, timestamp=2018-06-01 02:19:43,392, session=2, sequence=62, operation=PrimitiveOperation{id=DefaultOperationId{id=write, type=COMMAND}, value=byte[]{length=17, hash=-1644578928}}}}
02:19:43.393 [raft-server-1] TRACE i.a.p.raft.roles.LeaderAppender - RaftServer{1} - Sending AppendRequest{term=1, leader=1, prevLogIndex=66, prevLogTerm=1, entries=1, commitIndex=66} to 2
02:19:43.393 [raft-server-2] TRACE i.a.p.raft.roles.FollowerRole - RaftServer{2}{role=FOLLOWER} - Received AppendRequest{term=1, leader=1, prevLogIndex=66, prevLogTerm=1, entries=1, commitIndex=66}
02:19:43.393 [raft-server-1] TRACE i.a.p.raft.roles.LeaderAppender - RaftServer{1} - Sending AppendRequest{term=1, leader=1, prevLogIndex=66, prevLogTerm=1, entries=1, commitIndex=66} to 3
02:19:43.393 [raft-server-3] TRACE i.a.p.raft.roles.FollowerRole - RaftServer{3}{role=FOLLOWER} - Received AppendRequest{term=1, leader=1, prevLogIndex=66, prevLogTerm=1, entries=1, commitIndex=66}
02:19:43.393 [raft-server-2] TRACE i.a.p.raft.roles.FollowerRole - RaftServer{2}{role=FOLLOWER} - Appended Indexed{index=67, entry=CommandEntry{term=1, timestamp=2018-06-01 02:19:43,392, session=2, sequence=62, operation=PrimitiveOperation{id=DefaultOperationId{id=write, type=COMMAND}, value=byte[]{length=17, hash=-1644578928}}}}
02:19:43.393 [raft-server-3] TRACE i.a.p.raft.roles.FollowerRole - RaftServer{3}{role=FOLLOWER} - Appended Indexed{index=67, entry=CommandEntry{term=1, timestamp=2018-06-01 02:19:43,392, session=2, sequence=62, operation=PrimitiveOperation{id=DefaultOperationId{id=write, type=COMMAND}, value=byte[]{length=17, hash=-1644578928}}}}
02:19:43.424 [raft-server-2] TRACE i.a.p.raft.roles.FollowerRole - RaftServer{2}{role=FOLLOWER} - Committed entries up to index 66
02:19:43.424 [raft-server-3] TRACE i.a.p.raft.roles.FollowerRole - RaftServer{3}{role=FOLLOWER} - Committed entries up to index 66
02:19:43.424 [raft-server-2] TRACE i.a.p.raft.roles.FollowerRole - RaftServer{2}{role=FOLLOWER} - Sending AppendResponse{status=OK, term=1, succeeded=true, lastLogIndex=67}
02:19:43.424 [raft-server-3] TRACE i.a.p.raft.roles.FollowerRole - RaftServer{3}{role=FOLLOWER} - Sending AppendResponse{status=OK, term=1, succeeded=true, lastLogIndex=67}
02:19:43.424 [raft-server-2-state] TRACE i.a.p.raft.impl.RaftServiceManager - RaftServer{2} - Applying Indexed{index=66, entry=CommandEntry{term=1, timestamp=2018-06-01 02:19:43,309, session=2, sequence=61, operation=PrimitiveOperation{id=DefaultOperationId{id=write, type=COMMAND}, value=byte[]{length=17, hash=-1644578928}}}}
02:19:43.424 [raft-server-1] TRACE i.a.p.raft.roles.LeaderAppender - RaftServer{1} - Received AppendResponse{status=OK, term=1, succeeded=true, lastLogIndex=67} from 2
02:19:43.424 [raft-server-3-state] TRACE i.a.p.raft.impl.RaftServiceManager - RaftServer{3} - Applying Indexed{index=66, entry=CommandEntry{term=1, timestamp=2018-06-01 02:19:43,309, session=2, sequence=61, operation=PrimitiveOperation{id=DefaultOperationId{id=write, type=COMMAND}, value=byte[]{length=17, hash=-1644578928}}}}
02:19:43.424 [raft-server-1] TRACE i.a.p.raft.roles.LeaderAppender - RaftServer{1} - Committed entries up to 67
02:19:43.424 [raft-server-2-state] TRACE i.a.p.s.impl.DefaultServiceExecutor - PrimitiveService{2}{type=PrimitiveType{name=test}, name=test} - Executing DefaultCommit{index=66, session=RaftSession{RaftServiceContext{server=2, type=PrimitiveType{name=test}, name=test, id=2}, session=2, timestamp=2018-06-01 02:19:43,309}, time=2018-06-01 02:19:43,309, operation=DefaultOperationId{id=write, type=COMMAND}, value=byte[]{length=17, hash=-1644578928}}
02:19:43.424 [raft-server-3-state] TRACE i.a.p.s.impl.DefaultServiceExecutor - PrimitiveService{2}{type=PrimitiveType{name=test}, name=test} - Executing DefaultCommit{index=66, session=RaftSession{RaftServiceContext{server=3, type=PrimitiveType{name=test}, name=test, id=2}, session=2, timestamp=2018-06-01 02:19:43,309}, time=2018-06-01 02:19:43,309, operation=DefaultOperationId{id=write, type=COMMAND}, value=byte[]{length=17, hash=-1644578928}}
02:19:43.449 [raft-server-1] TRACE i.a.p.raft.roles.LeaderAppender - RaftServer{1} - Received AppendResponse{status=OK, term=1, succeeded=true, lastLogIndex=67} from 3
02:19:43.449 [raft-server-1-state] TRACE i.a.p.raft.impl.RaftServiceManager - RaftServer{1} - Applying Indexed{index=67, entry=CommandEntry{term=1, timestamp=2018-06-01 02:19:43,392, session=2, sequence=62, operation=PrimitiveOperation{id=DefaultOperationId{id=write, type=COMMAND}, value=byte[]{length=17, hash=-1644578928}}}}
02:19:43.449 [raft-server-1-state] TRACE i.a.p.s.impl.DefaultServiceExecutor - PrimitiveService{2}{type=PrimitiveType{name=test}, name=test} - Executing DefaultCommit{index=67, session=RaftSession{RaftServiceContext{server=1, type=PrimitiveType{name=test}, name=test, id=2}, session=2, timestamp=2018-06-01 02:19:43,392}, time=2018-06-01 02:19:43,392, operation=DefaultOperationId{id=write, type=COMMAND}, value=byte[]{length=17, hash=-1644578928}}
02:19:43.449 [raft-server-1-state] TRACE i.a.protocols.raft.roles.LeaderRole - RaftServer{1}{role=LEADER} - Sending CommandResponse{status=OK, index=67, eventIndex=2, result=byte[]{length=3, hash=34659}}
02:19:43.449 [raft-client-8d1a11e6-024d-41c6-816f-7d36669ce782-0] TRACE i.a.p.r.p.impl.RaftProxyConnection - PartitionProxy{2}{type=PrimitiveType{name=test}, name=test} - Received CommandResponse{status=OK, index=67, eventIndex=2, result=byte[]{length=3, hash=34659}} from 1
02:19:43.449 [raft-client-8d1a11e6-024d-41c6-816f-7d36669ce782-0] TRACE i.a.p.r.p.impl.RaftProxySequencer - PartitionProxy{2}{type=PrimitiveType{name=test}, name=test} - Completing response CommandResponse{status=OK, index=67, eventIndex=2, result=byte[]{length=3, hash=34659}}
02:19:43.450 [raft-client-8d1a11e6-024d-41c6-816f-7d36669ce782-4] TRACE i.a.p.r.p.impl.RaftProxyConnection - PartitionProxy{2}{type=PrimitiveType{name=test}, name=test} - Sending CommandRequest{session=2, sequence=63, operation=PrimitiveOperation{id=DefaultOperationId{id=write, type=COMMAND}, value=byte[]{length=17, hash=-1644578928}}} to 1
02:19:43.450 [raft-server-1] TRACE i.a.protocols.raft.roles.LeaderRole - RaftServer{1}{role=LEADER} - Received CommandRequest{session=2, sequence=63, operation=PrimitiveOperation{id=DefaultOperationId{id=write, type=COMMAND}, value=byte[]{length=17, hash=-1644578928}}}
02:19:43.450 [raft-server-1] TRACE i.a.protocols.raft.roles.LeaderRole - RaftServer{1}{role=LEADER} - Appended Indexed{index=68, entry=CommandEntry{term=1, timestamp=2018-06-01 02:19:43,450, session=2, sequence=63, operation=PrimitiveOperation{id=DefaultOperationId{id=write, type=COMMAND}, value=byte[]{length=17, hash=-1644578928}}}}
02:19:43.451 [raft-server-1] TRACE i.a.p.raft.roles.LeaderAppender - RaftServer{1} - Sending AppendRequest{term=1, leader=1, prevLogIndex=67, prevLogTerm=1, entries=1, commitIndex=67} to 2
02:19:43.451 [raft-server-2] TRACE i.a.p.raft.roles.FollowerRole - RaftServer{2}{role=FOLLOWER} - Received AppendRequest{term=1, leader=1, prevLogIndex=67, prevLogTerm=1, entries=1, commitIndex=67}
02:19:43.451 [raft-server-1] TRACE i.a.p.raft.roles.LeaderAppender - RaftServer{1} - Sending AppendRequest{term=1, leader=1, prevLogIndex=67, prevLogTerm=1, entries=1, commitIndex=67} to 3
02:19:43.451 [raft-server-3] TRACE i.a.p.raft.roles.FollowerRole - RaftServer{3}{role=FOLLOWER} - Received AppendRequest{term=1, leader=1, prevLogIndex=67, prevLogTerm=1, entries=1, commitIndex=67}
02:19:43.451 [raft-server-2] TRACE i.a.p.raft.roles.FollowerRole - RaftServer{2}{role=FOLLOWER} - Appended Indexed{index=68, entry=CommandEntry{term=1, timestamp=2018-06-01 02:19:43,450, session=2, sequence=63, operation=PrimitiveOperation{id=DefaultOperationId{id=write, type=COMMAND}, value=byte[]{length=17, hash=-1644578928}}}}
02:19:43.451 [raft-server-3] TRACE i.a.p.raft.roles.FollowerRole - RaftServer{3}{role=FOLLOWER} - Appended Indexed{index=68, entry=CommandEntry{term=1, timestamp=2018-06-01 02:19:43,450, session=2, sequence=63, operation=PrimitiveOperation{id=DefaultOperationId{id=write, type=COMMAND}, value=byte[]{length=17, hash=-1644578928}}}}
02:19:43.482 [raft-server-2] TRACE i.a.p.raft.roles.FollowerRole - RaftServer{2}{role=FOLLOWER} - Committed entries up to index 67
02:19:43.482 [raft-server-3] TRACE i.a.p.raft.roles.FollowerRole - RaftServer{3}{role=FOLLOWER} - Committed entries up to index 67
02:19:43.482 [raft-server-2] TRACE i.a.p.raft.roles.FollowerRole - RaftServer{2}{role=FOLLOWER} - Sending AppendResponse{status=OK, term=1, succeeded=true, lastLogIndex=68}
02:19:43.482 [raft-server-3] TRACE i.a.p.raft.roles.FollowerRole - RaftServer{3}{role=FOLLOWER} - Sending AppendResponse{status=OK, term=1, succeeded=true, lastLogIndex=68}
02:19:43.482 [raft-server-1] TRACE i.a.p.raft.roles.LeaderAppender - RaftServer{1} - Received AppendResponse{status=OK, term=1, succeeded=true, lastLogIndex=68} from 2
02:19:43.482 [raft-server-1] TRACE i.a.p.raft.roles.LeaderAppender - RaftServer{1} - Committed entries up to 68
02:19:43.482 [raft-server-2-state] TRACE i.a.p.raft.impl.RaftServiceManager - RaftServer{2} - Applying Indexed{index=67, entry=CommandEntry{term=1, timestamp=2018-06-01 02:19:43,392, session=2, sequence=62, operation=PrimitiveOperation{id=DefaultOperationId{id=write, type=COMMAND}, value=byte[]{length=17, hash=-1644578928}}}}
02:19:43.482 [raft-server-3-state] TRACE i.a.p.raft.impl.RaftServiceManager - RaftServer{3} - Applying Indexed{index=67, entry=CommandEntry{term=1, timestamp=2018-06-01 02:19:43,392, session=2, sequence=62, operation=PrimitiveOperation{id=DefaultOperationId{id=write, type=COMMAND}, value=byte[]{length=17, hash=-1644578928}}}}
02:19:43.482 [raft-server-2-state] TRACE i.a.p.s.impl.DefaultServiceExecutor - PrimitiveService{2}{type=PrimitiveType{name=test}, name=test} - Executing DefaultCommit{index=67, session=RaftSession{RaftServiceContext{server=2, type=PrimitiveType{name=test}, name=test, id=2}, session=2, timestamp=2018-06-01 02:19:43,392}, time=2018-06-01 02:19:43,392, operation=DefaultOperationId{id=write, type=COMMAND}, value=byte[]{length=17, hash=-1644578928}}
02:19:43.482 [raft-server-3-state] TRACE i.a.p.s.impl.DefaultServiceExecutor - PrimitiveService{2}{type=PrimitiveType{name=test}, name=test} - Executing DefaultCommit{index=67, session=RaftSession{RaftServiceContext{server=3, type=PrimitiveType{name=test}, name=test, id=2}, session=2, timestamp=2018-06-01 02:19:43,392}, time=2018-06-01 02:19:43,392, operation=DefaultOperationId{id=write, type=COMMAND}, value=byte[]{length=17, hash=-1644578928}}
02:19:43.514 [raft-server-1] TRACE i.a.p.raft.roles.LeaderAppender - RaftServer{1} - Sending AppendRequest{term=1, leader=1, prevLogIndex=68, prevLogTerm=1, entries=0, commitIndex=68} to 2
02:19:43.514 [raft-server-1] TRACE i.a.p.raft.roles.LeaderAppender - RaftServer{1} - Received AppendResponse{status=OK, term=1, succeeded=true, lastLogIndex=68} from 3
02:19:43.514 [raft-server-2] TRACE i.a.p.raft.roles.FollowerRole - RaftServer{2}{role=FOLLOWER} - Received AppendRequest{term=1, leader=1, prevLogIndex=68, prevLogTerm=1, entries=0, commitIndex=68}
02:19:43.514 [raft-server-1] TRACE i.a.p.raft.roles.LeaderAppender - RaftServer{1} - Sending AppendRequest{term=1, leader=1, prevLogIndex=68, prevLogTerm=1, entries=0, commitIndex=68} to 3
02:19:43.514 [raft-server-3] TRACE i.a.p.raft.roles.FollowerRole - RaftServer{3}{role=FOLLOWER} - Received AppendRequest{term=1, leader=1, prevLogIndex=68, prevLogTerm=1, entries=0, commitIndex=68}
02:19:43.514 [raft-server-1-state] TRACE i.a.p.raft.impl.RaftServiceManager - RaftServer{1} - Applying Indexed{index=68, entry=CommandEntry{term=1, timestamp=2018-06-01 02:19:43,450, session=2, sequence=63, operation=PrimitiveOperation{id=DefaultOperationId{id=write, type=COMMAND}, value=byte[]{length=17, hash=-1644578928}}}}
02:19:43.514 [raft-server-1-state] TRACE i.a.p.s.impl.DefaultServiceExecutor - PrimitiveService{2}{type=PrimitiveType{name=test}, name=test} - Executing DefaultCommit{index=68, session=RaftSession{RaftServiceContext{server=1, type=PrimitiveType{name=test}, name=test, id=2}, session=2, timestamp=2018-06-01 02:19:43,450}, time=2018-06-01 02:19:43,450, operation=DefaultOperationId{id=write, type=COMMAND}, value=byte[]{length=17, hash=-1644578928}}
02:19:43.515 [raft-server-1-state] TRACE i.a.protocols.raft.roles.LeaderRole - RaftServer{1}{role=LEADER} - Sending CommandResponse{status=OK, index=68, eventIndex=2, result=byte[]{length=3, hash=34721}}
02:19:43.515 [raft-client-8d1a11e6-024d-41c6-816f-7d36669ce782-7] TRACE i.a.p.r.p.impl.RaftProxyConnection - PartitionProxy{2}{type=PrimitiveType{name=test}, name=test} - Received CommandResponse{status=OK, index=68, eventIndex=2, result=byte[]{length=3, hash=34721}} from 1
02:19:43.515 [raft-client-8d1a11e6-024d-41c6-816f-7d36669ce782-7] TRACE i.a.p.r.p.impl.RaftProxySequencer - PartitionProxy{2}{type=PrimitiveType{name=test}, name=test} - Completing response CommandResponse{status=OK, index=68, eventIndex=2, result=byte[]{length=3, hash=34721}}
02:19:43.515 [raft-client-8d1a11e6-024d-41c6-816f-7d36669ce782-7] TRACE i.a.p.r.p.impl.RaftProxyConnection - PartitionProxy{2}{type=PrimitiveType{name=test}, name=test} - Sending CommandRequest{session=2, sequence=64, operation=PrimitiveOperation{id=DefaultOperationId{id=write, type=COMMAND}, value=byte[]{length=17, hash=-1644578928}}} to 1
02:19:43.516 [raft-server-1] TRACE i.a.protocols.raft.roles.LeaderRole - RaftServer{1}{role=LEADER} - Received CommandRequest{session=2, sequence=64, operation=PrimitiveOperation{id=DefaultOperationId{id=write, type=COMMAND}, value=byte[]{length=17, hash=-1644578928}}}
02:19:43.516 [raft-server-1] TRACE i.a.protocols.raft.roles.LeaderRole - RaftServer{1}{role=LEADER} - Appended Indexed{index=69, entry=CommandEntry{term=1, timestamp=2018-06-01 02:19:43,516, session=2, sequence=64, operation=PrimitiveOperation{id=DefaultOperationId{id=write, type=COMMAND}, value=byte[]{length=17, hash=-1644578928}}}}
02:19:43.539 [raft-server-2] TRACE i.a.p.raft.roles.FollowerRole - RaftServer{2}{role=FOLLOWER} - Committed entries up to index 68
02:19:43.539 [raft-server-2] TRACE i.a.p.raft.roles.FollowerRole - RaftServer{2}{role=FOLLOWER} - Sending AppendResponse{status=OK, term=1, succeeded=true, lastLogIndex=68}
02:19:43.539 [raft-server-1] TRACE i.a.p.raft.roles.LeaderAppender - RaftServer{1} - Received AppendResponse{status=OK, term=1, succeeded=true, lastLogIndex=68} from 2
02:19:43.539 [raft-server-1] TRACE i.a.p.raft.roles.LeaderAppender - RaftServer{1} - Sending AppendRequest{term=1, leader=1, prevLogIndex=68, prevLogTerm=1, entries=1, commitIndex=68} to 2
02:19:43.539 [raft-server-2-state] TRACE i.a.p.raft.impl.RaftServiceManager - RaftServer{2} - Applying Indexed{index=68, entry=CommandEntry{term=1, timestamp=2018-06-01 02:19:43,450, session=2, sequence=63, operation=PrimitiveOperation{id=DefaultOperationId{id=write, type=COMMAND}, value=byte[]{length=17, hash=-1644578928}}}}
02:19:43.539 [raft-server-2] TRACE i.a.p.raft.roles.FollowerRole - RaftServer{2}{role=FOLLOWER} - Received AppendRequest{term=1, leader=1, prevLogIndex=68, prevLogTerm=1, entries=1, commitIndex=68}
02:19:43.539 [raft-server-2-state] TRACE i.a.p.s.impl.DefaultServiceExecutor - PrimitiveService{2}{type=PrimitiveType{name=test}, name=test} - Executing DefaultCommit{index=68, session=RaftSession{RaftServiceContext{server=2, type=PrimitiveType{name=test}, name=test, id=2}, session=2, timestamp=2018-06-01 02:19:43,450}, time=2018-06-01 02:19:43,450, operation=DefaultOperationId{id=write, type=COMMAND}, value=byte[]{length=17, hash=-1644578928}}
02:19:43.539 [raft-server-2] TRACE i.a.p.raft.roles.FollowerRole - RaftServer{2}{role=FOLLOWER} - Appended Indexed{index=69, entry=CommandEntry{term=1, timestamp=2018-06-01 02:19:43,516, session=2, sequence=64, operation=PrimitiveOperation{id=DefaultOperationId{id=write, type=COMMAND}, value=byte[]{length=17, hash=-1644578928}}}}
02:19:43.539 [raft-server-2] TRACE i.a.p.raft.roles.FollowerRole - RaftServer{2}{role=FOLLOWER} - Sending AppendResponse{status=OK, term=1, succeeded=true, lastLogIndex=69}
02:19:43.540 [raft-server-1] TRACE i.a.p.raft.roles.LeaderAppender - RaftServer{1} - Received AppendResponse{status=OK, term=1, succeeded=true, lastLogIndex=69} from 2
02:19:43.540 [raft-server-1] TRACE i.a.p.raft.roles.LeaderAppender - RaftServer{1} - Committed entries up to 69
02:19:43.572 [raft-server-3] TRACE i.a.p.raft.roles.FollowerRole - RaftServer{3}{role=FOLLOWER} - Committed entries up to index 68
02:19:43.572 [raft-server-3] TRACE i.a.p.raft.roles.FollowerRole - RaftServer{3}{role=FOLLOWER} - Sending AppendResponse{status=OK, term=1, succeeded=true, lastLogIndex=68}
02:19:43.572 [raft-server-3-state] TRACE i.a.p.raft.impl.RaftServiceManager - RaftServer{3} - Applying Indexed{index=68, entry=CommandEntry{term=1, timestamp=2018-06-01 02:19:43,450, session=2, sequence=63, operation=PrimitiveOperation{id=DefaultOperationId{id=write, type=COMMAND}, value=byte[]{length=17, hash=-1644578928}}}}
02:19:43.573 [raft-server-3-state] TRACE i.a.p.s.impl.DefaultServiceExecutor - PrimitiveService{2}{type=PrimitiveType{name=test}, name=test} - Executing DefaultCommit{index=68, session=RaftSession{RaftServiceContext{server=3, type=PrimitiveType{name=test}, name=test, id=2}, session=2, timestamp=2018-06-01 02:19:43,450}, time=2018-06-01 02:19:43,450, operation=DefaultOperationId{id=write, type=COMMAND}, value=byte[]{length=17, hash=-1644578928}}
02:19:43.615 [raft-server-1] TRACE i.a.p.raft.roles.LeaderAppender - RaftServer{1} - Received AppendResponse{status=OK, term=1, succeeded=true, lastLogIndex=68} from 3
02:19:43.615 [raft-server-1] TRACE i.a.p.raft.roles.LeaderAppender - RaftServer{1} - Sending AppendRequest{term=1, leader=1, prevLogIndex=68, prevLogTerm=1, entries=1, commitIndex=69} to 3
02:19:43.615 [raft-server-3] TRACE i.a.p.raft.roles.FollowerRole - RaftServer{3}{role=FOLLOWER} - Received AppendRequest{term=1, leader=1, prevLogIndex=68, prevLogTerm=1, entries=1, commitIndex=69}
02:19:43.615 [raft-server-1-state] TRACE i.a.p.raft.impl.RaftServiceManager - RaftServer{1} - Applying Indexed{index=69, entry=CommandEntry{term=1, timestamp=2018-06-01 02:19:43,516, session=2, sequence=64, operation=PrimitiveOperation{id=DefaultOperationId{id=write, type=COMMAND}, value=byte[]{length=17, hash=-1644578928}}}}
02:19:43.616 [raft-server-3] TRACE i.a.p.raft.roles.FollowerRole - RaftServer{3}{role=FOLLOWER} - Appended Indexed{index=69, entry=CommandEntry{term=1, timestamp=2018-06-01 02:19:43,516, session=2, sequence=64, operation=PrimitiveOperation{id=DefaultOperationId{id=write, type=COMMAND}, value=byte[]{length=17, hash=-1644578928}}}}
02:19:43.616 [raft-server-1-state] TRACE i.a.p.s.impl.DefaultServiceExecutor - PrimitiveService{2}{type=PrimitiveType{name=test}, name=test} - Executing DefaultCommit{index=69, session=RaftSession{RaftServiceContext{server=1, type=PrimitiveType{name=test}, name=test, id=2}, session=2, timestamp=2018-06-01 02:19:43,516}, time=2018-06-01 02:19:43,516, operation=DefaultOperationId{id=write, type=COMMAND}, value=byte[]{length=17, hash=-1644578928}}
02:19:43.616 [raft-server-1-state] TRACE i.a.protocols.raft.roles.LeaderRole - RaftServer{1}{role=LEADER} - Sending CommandResponse{status=OK, index=69, eventIndex=2, result=byte[]{length=3, hash=34783}}
02:19:43.616 [raft-client-8d1a11e6-024d-41c6-816f-7d36669ce782-5] TRACE i.a.p.r.p.impl.RaftProxyConnection - PartitionProxy{2}{type=PrimitiveType{name=test}, name=test} - Received CommandResponse{status=OK, index=69, eventIndex=2, result=byte[]{length=3, hash=34783}} from 1
02:19:43.616 [raft-client-8d1a11e6-024d-41c6-816f-7d36669ce782-5] TRACE i.a.p.r.p.impl.RaftProxySequencer - PartitionProxy{2}{type=PrimitiveType{name=test}, name=test} - Completing response CommandResponse{status=OK, index=69, eventIndex=2, result=byte[]{length=3, hash=34783}}
02:19:43.617 [raft-client-8d1a11e6-024d-41c6-816f-7d36669ce782-3] TRACE i.a.p.r.p.impl.RaftProxyConnection - PartitionProxy{2}{type=PrimitiveType{name=test}, name=test} - Sending CommandRequest{session=2, sequence=65, operation=PrimitiveOperation{id=DefaultOperationId{id=write, type=COMMAND}, value=byte[]{length=17, hash=-1644578928}}} to 1
02:19:43.617 [raft-server-1] TRACE i.a.protocols.raft.roles.LeaderRole - RaftServer{1}{role=LEADER} - Received CommandRequest{session=2, sequence=65, operation=PrimitiveOperation{id=DefaultOperationId{id=write, type=COMMAND}, value=byte[]{length=17, hash=-1644578928}}}
02:19:43.617 [raft-server-1] TRACE i.a.protocols.raft.roles.LeaderRole - RaftServer{1}{role=LEADER} - Appended Indexed{index=70, entry=CommandEntry{term=1, timestamp=2018-06-01 02:19:43,617, session=2, sequence=65, operation=PrimitiveOperation{id=DefaultOperationId{id=write, type=COMMAND}, value=byte[]{length=17, hash=-1644578928}}}}
02:19:43.617 [raft-server-1] TRACE i.a.p.raft.roles.LeaderAppender - RaftServer{1} - Sending AppendRequest{term=1, leader=1, prevLogIndex=69, prevLogTerm=1, entries=1, commitIndex=69} to 2
02:19:43.617 [raft-server-2] TRACE i.a.p.raft.roles.FollowerRole - RaftServer{2}{role=FOLLOWER} - Received AppendRequest{term=1, leader=1, prevLogIndex=69, prevLogTerm=1, entries=1, commitIndex=69}
02:19:43.617 [raft-server-2] TRACE i.a.p.raft.roles.FollowerRole - RaftServer{2}{role=FOLLOWER} - Appended Indexed{index=70, entry=CommandEntry{term=1, timestamp=2018-06-01 02:19:43,617, session=2, sequence=65, operation=PrimitiveOperation{id=DefaultOperationId{id=write, type=COMMAND}, value=byte[]{length=17, hash=-1644578928}}}}
02:19:43.657 [raft-server-3] TRACE i.a.p.raft.roles.FollowerRole - RaftServer{3}{role=FOLLOWER} - Committed entries up to index 69
02:19:43.657 [raft-server-3] TRACE i.a.p.raft.roles.FollowerRole - RaftServer{3}{role=FOLLOWER} - Sending AppendResponse{status=OK, term=1, succeeded=true, lastLogIndex=69}
02:19:43.657 [raft-server-1] TRACE i.a.p.raft.roles.LeaderAppender - RaftServer{1} - Received AppendResponse{status=OK, term=1, succeeded=true, lastLogIndex=69} from 3
02:19:43.657 [raft-server-3-state] TRACE i.a.p.raft.impl.RaftServiceManager - RaftServer{3} - Applying Indexed{index=69, entry=CommandEntry{term=1, timestamp=2018-06-01 02:19:43,516, session=2, sequence=64, operation=PrimitiveOperation{id=DefaultOperationId{id=write, type=COMMAND}, value=byte[]{length=17, hash=-1644578928}}}}
02:19:43.657 [raft-server-1] TRACE i.a.p.raft.roles.LeaderAppender - RaftServer{1} - Sending AppendRequest{term=1, leader=1, prevLogIndex=69, prevLogTerm=1, entries=1, commitIndex=69} to 3
02:19:43.657 [raft-server-3] TRACE i.a.p.raft.roles.FollowerRole - RaftServer{3}{role=FOLLOWER} - Received AppendRequest{term=1, leader=1, prevLogIndex=69, prevLogTerm=1, entries=1, commitIndex=69}
02:19:43.657 [raft-server-3-state] TRACE i.a.p.s.impl.DefaultServiceExecutor - PrimitiveService{2}{type=PrimitiveType{name=test}, name=test} - Executing DefaultCommit{index=69, session=RaftSession{RaftServiceContext{server=3, type=PrimitiveType{name=test}, name=test, id=2}, session=2, timestamp=2018-06-01 02:19:43,516}, time=2018-06-01 02:19:43,516, operation=DefaultOperationId{id=write, type=COMMAND}, value=byte[]{length=17, hash=-1644578928}}
02:19:43.658 [raft-server-3] TRACE i.a.p.raft.roles.FollowerRole - RaftServer{3}{role=FOLLOWER} - Appended Indexed{index=70, entry=CommandEntry{term=1, timestamp=2018-06-01 02:19:43,617, session=2, sequence=65, operation=PrimitiveOperation{id=DefaultOperationId{id=write, type=COMMAND}, value=byte[]{length=17, hash=-1644578928}}}}
02:19:43.658 [raft-server-3] TRACE i.a.p.raft.roles.FollowerRole - RaftServer{3}{role=FOLLOWER} - Sending AppendResponse{status=OK, term=1, succeeded=true, lastLogIndex=70}
02:19:43.658 [raft-server-1] TRACE i.a.p.raft.roles.LeaderAppender - RaftServer{1} - Received AppendResponse{status=OK, term=1, succeeded=true, lastLogIndex=70} from 3
02:19:43.658 [raft-server-1] TRACE i.a.p.raft.roles.LeaderAppender - RaftServer{1} - Committed entries up to 70
02:19:43.686 [raft-server-2] TRACE i.a.p.raft.roles.FollowerRole - RaftServer{2}{role=FOLLOWER} - Committed entries up to index 69
02:19:43.686 [raft-server-2] TRACE i.a.p.raft.roles.FollowerRole - RaftServer{2}{role=FOLLOWER} - Sending AppendResponse{status=OK, term=1, succeeded=true, lastLogIndex=70}
02:19:43.686 [raft-server-2-state] TRACE i.a.p.raft.impl.RaftServiceManager - RaftServer{2} - Applying Indexed{index=69, entry=CommandEntry{term=1, timestamp=2018-06-01 02:19:43,516, session=2, sequence=64, operation=PrimitiveOperation{id=DefaultOperationId{id=write, type=COMMAND}, value=byte[]{length=17, hash=-1644578928}}}}
02:19:43.686 [raft-server-2-state] TRACE i.a.p.s.impl.DefaultServiceExecutor - PrimitiveService{2}{type=PrimitiveType{name=test}, name=test} - Executing DefaultCommit{index=69, session=RaftSession{RaftServiceContext{server=2, type=PrimitiveType{name=test}, name=test, id=2}, session=2, timestamp=2018-06-01 02:19:43,516}, time=2018-06-01 02:19:43,516, operation=DefaultOperationId{id=write, type=COMMAND}, value=byte[]{length=17, hash=-1644578928}}
02:19:43.705 [raft-server-1] TRACE i.a.p.raft.roles.LeaderAppender - RaftServer{1} - Received AppendResponse{status=OK, term=1, succeeded=true, lastLogIndex=70} from 2
02:19:43.706 [raft-server-1-state] TRACE i.a.p.raft.impl.RaftServiceManager - RaftServer{1} - Applying Indexed{index=70, entry=CommandEntry{term=1, timestamp=2018-06-01 02:19:43,617, session=2, sequence=65, operation=PrimitiveOperation{id=DefaultOperationId{id=write, type=COMMAND}, value=byte[]{length=17, hash=-1644578928}}}}
02:19:43.706 [raft-server-1-state] TRACE i.a.p.s.impl.DefaultServiceExecutor - PrimitiveService{2}{type=PrimitiveType{name=test}, name=test} - Executing DefaultCommit{index=70, session=RaftSession{RaftServiceContext{server=1, type=PrimitiveType{name=test}, name=test, id=2}, session=2, timestamp=2018-06-01 02:19:43,617}, time=2018-06-01 02:19:43,617, operation=DefaultOperationId{id=write, type=COMMAND}, value=byte[]{length=17, hash=-1644578928}}
02:19:43.706 [raft-server-1-state] TRACE i.a.protocols.raft.roles.LeaderRole - RaftServer{1}{role=LEADER} - Sending CommandResponse{status=OK, index=70, eventIndex=2, result=byte[]{length=3, hash=34845}}
02:19:43.706 [raft-client-8d1a11e6-024d-41c6-816f-7d36669ce782-0] TRACE i.a.p.r.p.impl.RaftProxyConnection - PartitionProxy{2}{type=PrimitiveType{name=test}, name=test} - Received CommandResponse{status=OK, index=70, eventIndex=2, result=byte[]{length=3, hash=34845}} from 1
02:19:43.706 [raft-client-8d1a11e6-024d-41c6-816f-7d36669ce782-0] TRACE i.a.p.r.p.impl.RaftProxySequencer - PartitionProxy{2}{type=PrimitiveType{name=test}, name=test} - Completing response CommandResponse{status=OK, index=70, eventIndex=2, result=byte[]{length=3, hash=34845}}
02:19:43.707 [raft-client-8d1a11e6-024d-41c6-816f-7d36669ce782-1] TRACE i.a.p.r.p.impl.RaftProxyConnection - PartitionProxy{2}{type=PrimitiveType{name=test}, name=test} - Sending CommandRequest{session=2, sequence=66, operation=PrimitiveOperation{id=DefaultOperationId{id=write, type=COMMAND}, value=byte[]{length=17, hash=-1644578928}}} to 1
02:19:43.707 [raft-server-1] TRACE i.a.protocols.raft.roles.LeaderRole - RaftServer{1}{role=LEADER} - Received CommandRequest{session=2, sequence=66, operation=PrimitiveOperation{id=DefaultOperationId{id=write, type=COMMAND}, value=byte[]{length=17, hash=-1644578928}}}
02:19:43.765 [raft-server-1] DEBUG i.a.storage.journal.SegmentedJournal - Created disk segment: JournalSegment{id=8, version=1, index=71, size=64}
02:19:43.765 [raft-server-1] TRACE i.a.protocols.raft.roles.LeaderRole - RaftServer{1}{role=LEADER} - Appended Indexed{index=71, entry=CommandEntry{term=1, timestamp=2018-06-01 02:19:43,707, session=2, sequence=66, operation=PrimitiveOperation{id=DefaultOperationId{id=write, type=COMMAND}, value=byte[]{length=17, hash=-1644578928}}}}
02:19:43.766 [raft-server-1] TRACE i.a.p.raft.roles.LeaderAppender - RaftServer{1} - Sending AppendRequest{term=1, leader=1, prevLogIndex=70, prevLogTerm=1, entries=1, commitIndex=70} to 2
02:19:43.766 [raft-server-2] TRACE i.a.p.raft.roles.FollowerRole - RaftServer{2}{role=FOLLOWER} - Received AppendRequest{term=1, leader=1, prevLogIndex=70, prevLogTerm=1, entries=1, commitIndex=70}
02:19:43.766 [raft-server-1] TRACE i.a.p.raft.roles.LeaderAppender - RaftServer{1} - Sending AppendRequest{term=1, leader=1, prevLogIndex=70, prevLogTerm=1, entries=1, commitIndex=70} to 3
02:19:43.766 [raft-server-3] TRACE i.a.p.raft.roles.FollowerRole - RaftServer{3}{role=FOLLOWER} - Received AppendRequest{term=1, leader=1, prevLogIndex=70, prevLogTerm=1, entries=1, commitIndex=70}
02:19:43.865 [raft-server-2] DEBUG i.a.storage.journal.SegmentedJournal - Created disk segment: JournalSegment{id=8, version=1, index=71, size=64}
02:19:43.865 [raft-server-2] TRACE i.a.p.raft.roles.FollowerRole - RaftServer{2}{role=FOLLOWER} - Appended Indexed{index=71, entry=CommandEntry{term=1, timestamp=2018-06-01 02:19:43,707, session=2, sequence=66, operation=PrimitiveOperation{id=DefaultOperationId{id=write, type=COMMAND}, value=byte[]{length=17, hash=-1644578928}}}}
02:19:43.899 [raft-server-3] DEBUG i.a.storage.journal.SegmentedJournal - Created disk segment: JournalSegment{id=8, version=1, index=71, size=64}
02:19:43.899 [raft-server-3] TRACE i.a.p.raft.roles.FollowerRole - RaftServer{3}{role=FOLLOWER} - Appended Indexed{index=71, entry=CommandEntry{term=1, timestamp=2018-06-01 02:19:43,707, session=2, sequence=66, operation=PrimitiveOperation{id=DefaultOperationId{id=write, type=COMMAND}, value=byte[]{length=17, hash=-1644578928}}}}
02:19:43.932 [raft-server-2] TRACE i.a.p.raft.roles.FollowerRole - RaftServer{2}{role=FOLLOWER} - Committed entries up to index 70
02:19:43.932 [raft-server-2] TRACE i.a.p.raft.roles.FollowerRole - RaftServer{2}{role=FOLLOWER} - Sending AppendResponse{status=OK, term=1, succeeded=true, lastLogIndex=71}
02:19:43.932 [raft-server-1] TRACE i.a.p.raft.roles.LeaderAppender - RaftServer{1} - Received AppendResponse{status=OK, term=1, succeeded=true, lastLogIndex=71} from 2
02:19:43.932 [raft-server-1] TRACE i.a.p.raft.roles.LeaderAppender - RaftServer{1} - Committed entries up to 71
02:19:43.932 [raft-server-2-state] TRACE i.a.p.raft.impl.RaftServiceManager - RaftServer{2} - Applying Indexed{index=70, entry=CommandEntry{term=1, timestamp=2018-06-01 02:19:43,617, session=2, sequence=65, operation=PrimitiveOperation{id=DefaultOperationId{id=write, type=COMMAND}, value=byte[]{length=17, hash=-1644578928}}}}
02:19:43.932 [raft-server-2-state] TRACE i.a.p.s.impl.DefaultServiceExecutor - PrimitiveService{2}{type=PrimitiveType{name=test}, name=test} - Executing DefaultCommit{index=70, session=RaftSession{RaftServiceContext{server=2, type=PrimitiveType{name=test}, name=test, id=2}, session=2, timestamp=2018-06-01 02:19:43,617}, time=2018-06-01 02:19:43,617, operation=DefaultOperationId{id=write, type=COMMAND}, value=byte[]{length=17, hash=-1644578928}}
02:19:43.965 [raft-server-3] TRACE i.a.p.raft.roles.FollowerRole - RaftServer{3}{role=FOLLOWER} - Committed entries up to index 70
02:19:43.965 [raft-server-3] TRACE i.a.p.raft.roles.FollowerRole - RaftServer{3}{role=FOLLOWER} - Sending AppendResponse{status=OK, term=1, succeeded=true, lastLogIndex=71}
02:19:43.966 [raft-server-3-state] TRACE i.a.p.raft.impl.RaftServiceManager - RaftServer{3} - Applying Indexed{index=70, entry=CommandEntry{term=1, timestamp=2018-06-01 02:19:43,617, session=2, sequence=65, operation=PrimitiveOperation{id=DefaultOperationId{id=write, type=COMMAND}, value=byte[]{length=17, hash=-1644578928}}}}
02:19:43.966 [raft-server-3-state] TRACE i.a.p.s.impl.DefaultServiceExecutor - PrimitiveService{2}{type=PrimitiveType{name=test}, name=test} - Executing DefaultCommit{index=70, session=RaftSession{RaftServiceContext{server=3, type=PrimitiveType{name=test}, name=test, id=2}, session=2, timestamp=2018-06-01 02:19:43,617}, time=2018-06-01 02:19:43,617, operation=DefaultOperationId{id=write, type=COMMAND}, value=byte[]{length=17, hash=-1644578928}}
02:19:43.990 [raft-server-1] TRACE i.a.p.raft.roles.LeaderAppender - RaftServer{1} - Sending AppendRequest{term=1, leader=1, prevLogIndex=71, prevLogTerm=1, entries=0, commitIndex=71} to 2
02:19:43.991 [raft-server-2] TRACE i.a.p.raft.roles.FollowerRole - RaftServer{2}{role=FOLLOWER} - Received AppendRequest{term=1, leader=1, prevLogIndex=71, prevLogTerm=1, entries=0, commitIndex=71}
02:19:43.991 [raft-server-1] TRACE i.a.p.raft.roles.LeaderAppender - RaftServer{1} - Received AppendResponse{status=OK, term=1, succeeded=true, lastLogIndex=71} from 3
02:19:43.991 [raft-server-1] TRACE i.a.p.raft.roles.LeaderAppender - RaftServer{1} - Sending AppendRequest{term=1, leader=1, prevLogIndex=71, prevLogTerm=1, entries=0, commitIndex=71} to 3
02:19:43.991 [raft-server-3] TRACE i.a.p.raft.roles.FollowerRole - RaftServer{3}{role=FOLLOWER} - Received AppendRequest{term=1, leader=1, prevLogIndex=71, prevLogTerm=1, entries=0, commitIndex=71}
02:19:43.991 [raft-server-1-state] TRACE i.a.p.raft.impl.RaftServiceManager - RaftServer{1} - Applying Indexed{index=71, entry=CommandEntry{term=1, timestamp=2018-06-01 02:19:43,707, session=2, sequence=66, operation=PrimitiveOperation{id=DefaultOperationId{id=write, type=COMMAND}, value=byte[]{length=17, hash=-1644578928}}}}
02:19:43.991 [raft-server-1-state] TRACE i.a.p.s.impl.DefaultServiceExecutor - PrimitiveService{2}{type=PrimitiveType{name=test}, name=test} - Executing DefaultCommit{index=71, session=RaftSession{RaftServiceContext{server=1, type=PrimitiveType{name=test}, name=test, id=2}, session=2, timestamp=2018-06-01 02:19:43,707}, time=2018-06-01 02:19:43,707, operation=DefaultOperationId{id=write, type=COMMAND}, value=byte[]{length=17, hash=-1644578928}}
02:19:43.991 [raft-server-1-state] TRACE i.a.protocols.raft.roles.LeaderRole - RaftServer{1}{role=LEADER} - Sending CommandResponse{status=OK, index=71, eventIndex=2, result=byte[]{length=3, hash=34907}}
02:19:43.992 [raft-client-8d1a11e6-024d-41c6-816f-7d36669ce782-6] TRACE i.a.p.r.p.impl.RaftProxyConnection - PartitionProxy{2}{type=PrimitiveType{name=test}, name=test} - Received CommandResponse{status=OK, index=71, eventIndex=2, result=byte[]{length=3, hash=34907}} from 1
02:19:43.992 [raft-client-8d1a11e6-024d-41c6-816f-7d36669ce782-6] TRACE i.a.p.r.p.impl.RaftProxySequencer - PartitionProxy{2}{type=PrimitiveType{name=test}, name=test} - Completing response CommandResponse{status=OK, index=71, eventIndex=2, result=byte[]{length=3, hash=34907}}
02:19:43.992 [raft-client-8d1a11e6-024d-41c6-816f-7d36669ce782-2] TRACE i.a.p.r.p.impl.RaftProxyConnection - PartitionProxy{2}{type=PrimitiveType{name=test}, name=test} - Sending CommandRequest{session=2, sequence=67, operation=PrimitiveOperation{id=DefaultOperationId{id=write, type=COMMAND}, value=byte[]{length=17, hash=-1644578928}}} to 1
02:19:43.992 [raft-server-1] TRACE i.a.protocols.raft.roles.LeaderRole - RaftServer{1}{role=LEADER} - Received CommandRequest{session=2, sequence=67, operation=PrimitiveOperation{id=DefaultOperationId{id=write, type=COMMAND}, value=byte[]{length=17, hash=-1644578928}}}
02:19:43.992 [raft-server-1] TRACE i.a.protocols.raft.roles.LeaderRole - RaftServer{1}{role=LEADER} - Appended Indexed{index=72, entry=CommandEntry{term=1, timestamp=2018-06-01 02:19:43,992, session=2, sequence=67, operation=PrimitiveOperation{id=DefaultOperationId{id=write, type=COMMAND}, value=byte[]{length=17, hash=-1644578928}}}}
02:19:44.024 [raft-server-2] TRACE i.a.p.raft.roles.FollowerRole - RaftServer{2}{role=FOLLOWER} - Committed entries up to index 71
02:19:44.024 [raft-server-2] TRACE i.a.p.raft.roles.FollowerRole - RaftServer{2}{role=FOLLOWER} - Sending AppendResponse{status=OK, term=1, succeeded=true, lastLogIndex=71}
02:19:44.024 [raft-server-1] TRACE i.a.p.raft.roles.LeaderAppender - RaftServer{1} - Received AppendResponse{status=OK, term=1, succeeded=true, lastLogIndex=71} from 2
02:19:44.024 [raft-server-1] TRACE i.a.p.raft.roles.LeaderAppender - RaftServer{1} - Sending AppendRequest{term=1, leader=1, prevLogIndex=71, prevLogTerm=1, entries=1, commitIndex=71} to 2
02:19:44.024 [raft-server-2-state] TRACE i.a.p.raft.impl.RaftServiceManager - RaftServer{2} - Applying Indexed{index=71, entry=CommandEntry{term=1, timestamp=2018-06-01 02:19:43,707, session=2, sequence=66, operation=PrimitiveOperation{id=DefaultOperationId{id=write, type=COMMAND}, value=byte[]{length=17, hash=-1644578928}}}}
02:19:44.024 [raft-server-2] TRACE i.a.p.raft.roles.FollowerRole - RaftServer{2}{role=FOLLOWER} - Received AppendRequest{term=1, leader=1, prevLogIndex=71, prevLogTerm=1, entries=1, commitIndex=71}
02:19:44.024 [raft-server-2-state] TRACE i.a.p.s.impl.DefaultServiceExecutor - PrimitiveService{2}{type=PrimitiveType{name=test}, name=test} - Executing DefaultCommit{index=71, session=RaftSession{RaftServiceContext{server=2, type=PrimitiveType{name=test}, name=test, id=2}, session=2, timestamp=2018-06-01 02:19:43,707}, time=2018-06-01 02:19:43,707, operation=DefaultOperationId{id=write, type=COMMAND}, value=byte[]{length=17, hash=-1644578928}}
02:19:44.024 [raft-server-1] TRACE i.a.p.raft.roles.LeaderAppender - RaftServer{1} - Sending AppendRequest{term=1, leader=1, prevLogIndex=71, prevLogTerm=1, entries=1, commitIndex=71} to 3
02:19:44.024 [raft-server-2] TRACE i.a.p.raft.roles.FollowerRole - RaftServer{2}{role=FOLLOWER} - Appended Indexed{index=72, entry=CommandEntry{term=1, timestamp=2018-06-01 02:19:43,992, session=2, sequence=67, operation=PrimitiveOperation{id=DefaultOperationId{id=write, type=COMMAND}, value=byte[]{length=17, hash=-1644578928}}}}
02:19:44.024 [raft-server-2] TRACE i.a.p.raft.roles.FollowerRole - RaftServer{2}{role=FOLLOWER} - Sending AppendResponse{status=OK, term=1, succeeded=true, lastLogIndex=72}
02:19:44.025 [raft-server-1] TRACE i.a.p.raft.roles.LeaderAppender - RaftServer{1} - Received AppendResponse{status=OK, term=1, succeeded=true, lastLogIndex=72} from 2
02:19:44.025 [raft-server-1] TRACE i.a.p.raft.roles.LeaderAppender - RaftServer{1} - Committed entries up to 72
02:19:44.049 [raft-server-3] TRACE i.a.p.raft.roles.FollowerRole - RaftServer{3}{role=FOLLOWER} - Committed entries up to index 71
02:19:44.049 [raft-server-3] TRACE i.a.p.raft.roles.FollowerRole - RaftServer{3}{role=FOLLOWER} - Sending AppendResponse{status=OK, term=1, succeeded=true, lastLogIndex=71}
02:19:44.049 [raft-server-3] TRACE i.a.p.raft.roles.FollowerRole - RaftServer{3}{role=FOLLOWER} - Received AppendRequest{term=1, leader=1, prevLogIndex=71, prevLogTerm=1, entries=1, commitIndex=71}
02:19:44.049 [raft-server-3] TRACE i.a.p.raft.roles.FollowerRole - RaftServer{3}{role=FOLLOWER} - Appended Indexed{index=72, entry=CommandEntry{term=1, timestamp=2018-06-01 02:19:43,992, session=2, sequence=67, operation=PrimitiveOperation{id=DefaultOperationId{id=write, type=COMMAND}, value=byte[]{length=17, hash=-1644578928}}}}
02:19:44.049 [raft-server-3] TRACE i.a.p.raft.roles.FollowerRole - RaftServer{3}{role=FOLLOWER} - Sending AppendResponse{status=OK, term=1, succeeded=true, lastLogIndex=72}
02:19:44.049 [raft-server-3-state] TRACE i.a.p.raft.impl.RaftServiceManager - RaftServer{3} - Applying Indexed{index=71, entry=CommandEntry{term=1, timestamp=2018-06-01 02:19:43,707, session=2, sequence=66, operation=PrimitiveOperation{id=DefaultOperationId{id=write, type=COMMAND}, value=byte[]{length=17, hash=-1644578928}}}}
02:19:44.049 [raft-server-3-state] TRACE i.a.p.s.impl.DefaultServiceExecutor - PrimitiveService{2}{type=PrimitiveType{name=test}, name=test} - Executing DefaultCommit{index=71, session=RaftSession{RaftServiceContext{server=3, type=PrimitiveType{name=test}, name=test, id=2}, session=2, timestamp=2018-06-01 02:19:43,707}, time=2018-06-01 02:19:43,707, operation=DefaultOperationId{id=write, type=COMMAND}, value=byte[]{length=17, hash=-1644578928}}
02:19:44.065 [raft-server-1] TRACE i.a.p.raft.roles.LeaderAppender - RaftServer{1} - Received AppendResponse{status=OK, term=1, succeeded=true, lastLogIndex=71} from 3
02:19:44.065 [raft-server-1] TRACE i.a.p.raft.roles.LeaderAppender - RaftServer{1} - Received AppendResponse{status=OK, term=1, succeeded=true, lastLogIndex=72} from 3
02:19:44.066 [raft-server-1-state] TRACE i.a.p.raft.impl.RaftServiceManager - RaftServer{1} - Applying Indexed{index=72, entry=CommandEntry{term=1, timestamp=2018-06-01 02:19:43,992, session=2, sequence=67, operation=PrimitiveOperation{id=DefaultOperationId{id=write, type=COMMAND}, value=byte[]{length=17, hash=-1644578928}}}}
02:19:44.066 [raft-server-1-state] TRACE i.a.p.s.impl.DefaultServiceExecutor - PrimitiveService{2}{type=PrimitiveType{name=test}, name=test} - Executing DefaultCommit{index=72, session=RaftSession{RaftServiceContext{server=1, type=PrimitiveType{name=test}, name=test, id=2}, session=2, timestamp=2018-06-01 02:19:43,992}, time=2018-06-01 02:19:43,992, operation=DefaultOperationId{id=write, type=COMMAND}, value=byte[]{length=17, hash=-1644578928}}
02:19:44.066 [raft-server-1-state] TRACE i.a.protocols.raft.roles.LeaderRole - RaftServer{1}{role=LEADER} - Sending CommandResponse{status=OK, index=72, eventIndex=2, result=byte[]{length=3, hash=34969}}
02:19:44.066 [raft-client-8d1a11e6-024d-41c6-816f-7d36669ce782-5] TRACE i.a.p.r.p.impl.RaftProxyConnection - PartitionProxy{2}{type=PrimitiveType{name=test}, name=test} - Received CommandResponse{status=OK, index=72, eventIndex=2, result=byte[]{length=3, hash=34969}} from 1
02:19:44.066 [raft-client-8d1a11e6-024d-41c6-816f-7d36669ce782-5] TRACE i.a.p.r.p.impl.RaftProxySequencer - PartitionProxy{2}{type=PrimitiveType{name=test}, name=test} - Completing response CommandResponse{status=OK, index=72, eventIndex=2, result=byte[]{length=3, hash=34969}}
02:19:44.067 [raft-client-8d1a11e6-024d-41c6-816f-7d36669ce782-5] TRACE i.a.p.r.p.impl.RaftProxyConnection - PartitionProxy{2}{type=PrimitiveType{name=test}, name=test} - Sending CommandRequest{session=2, sequence=68, operation=PrimitiveOperation{id=DefaultOperationId{id=write, type=COMMAND}, value=byte[]{length=17, hash=-1644578928}}} to 1
02:19:44.067 [raft-server-1] TRACE i.a.protocols.raft.roles.LeaderRole - RaftServer{1}{role=LEADER} - Received CommandRequest{session=2, sequence=68, operation=PrimitiveOperation{id=DefaultOperationId{id=write, type=COMMAND}, value=byte[]{length=17, hash=-1644578928}}}
02:19:44.067 [raft-server-1] TRACE i.a.protocols.raft.roles.LeaderRole - RaftServer{1}{role=LEADER} - Appended Indexed{index=73, entry=CommandEntry{term=1, timestamp=2018-06-01 02:19:44,067, session=2, sequence=68, operation=PrimitiveOperation{id=DefaultOperationId{id=write, type=COMMAND}, value=byte[]{length=17, hash=-1644578928}}}}
02:19:44.068 [raft-server-1] TRACE i.a.p.raft.roles.LeaderAppender - RaftServer{1} - Sending AppendRequest{term=1, leader=1, prevLogIndex=72, prevLogTerm=1, entries=1, commitIndex=72} to 2
02:19:44.068 [raft-server-2] TRACE i.a.p.raft.roles.FollowerRole - RaftServer{2}{role=FOLLOWER} - Received AppendRequest{term=1, leader=1, prevLogIndex=72, prevLogTerm=1, entries=1, commitIndex=72}
02:19:44.068 [raft-server-1] TRACE i.a.p.raft.roles.LeaderAppender - RaftServer{1} - Sending AppendRequest{term=1, leader=1, prevLogIndex=72, prevLogTerm=1, entries=1, commitIndex=72} to 3
02:19:44.068 [raft-server-2] TRACE i.a.p.raft.roles.FollowerRole - RaftServer{2}{role=FOLLOWER} - Appended Indexed{index=73, entry=CommandEntry{term=1, timestamp=2018-06-01 02:19:44,067, session=2, sequence=68, operation=PrimitiveOperation{id=DefaultOperationId{id=write, type=COMMAND}, value=byte[]{length=17, hash=-1644578928}}}}
02:19:44.068 [raft-server-3] TRACE i.a.p.raft.roles.FollowerRole - RaftServer{3}{role=FOLLOWER} - Received AppendRequest{term=1, leader=1, prevLogIndex=72, prevLogTerm=1, entries=1, commitIndex=72}
02:19:44.068 [raft-server-3] TRACE i.a.p.raft.roles.FollowerRole - RaftServer{3}{role=FOLLOWER} - Appended Indexed{index=73, entry=CommandEntry{term=1, timestamp=2018-06-01 02:19:44,067, session=2, sequence=68, operation=PrimitiveOperation{id=DefaultOperationId{id=write, type=COMMAND}, value=byte[]{length=17, hash=-1644578928}}}}
02:19:44.099 [raft-server-2] TRACE i.a.p.raft.roles.FollowerRole - RaftServer{2}{role=FOLLOWER} - Committed entries up to index 72
02:19:44.099 [raft-server-2] TRACE i.a.p.raft.roles.FollowerRole - RaftServer{2}{role=FOLLOWER} - Sending AppendResponse{status=OK, term=1, succeeded=true, lastLogIndex=73}
02:19:44.099 [raft-server-1] TRACE i.a.p.raft.roles.LeaderAppender - RaftServer{1} - Received AppendResponse{status=OK, term=1, succeeded=true, lastLogIndex=73} from 2
02:19:44.099 [raft-server-2-state] TRACE i.a.p.raft.impl.RaftServiceManager - RaftServer{2} - Applying Indexed{index=72, entry=CommandEntry{term=1, timestamp=2018-06-01 02:19:43,992, session=2, sequence=67, operation=PrimitiveOperation{id=DefaultOperationId{id=write, type=COMMAND}, value=byte[]{length=17, hash=-1644578928}}}}
02:19:44.099 [raft-server-1] TRACE i.a.p.raft.roles.LeaderAppender - RaftServer{1} - Committed entries up to 73
02:19:44.099 [raft-server-2-state] TRACE i.a.p.s.impl.DefaultServiceExecutor - PrimitiveService{2}{type=PrimitiveType{name=test}, name=test} - Executing DefaultCommit{index=72, session=RaftSession{RaftServiceContext{server=2, type=PrimitiveType{name=test}, name=test, id=2}, session=2, timestamp=2018-06-01 02:19:43,992}, time=2018-06-01 02:19:43,992, operation=DefaultOperationId{id=write, type=COMMAND}, value=byte[]{length=17, hash=-1644578928}}
02:19:44.122 [raft-server-3] TRACE i.a.p.raft.roles.FollowerRole - RaftServer{3}{role=FOLLOWER} - Committed entries up to index 72
02:19:44.122 [raft-server-3] TRACE i.a.p.raft.roles.FollowerRole - RaftServer{3}{role=FOLLOWER} - Sending AppendResponse{status=OK, term=1, succeeded=true, lastLogIndex=73}
02:19:44.122 [raft-server-3-state] TRACE i.a.p.raft.impl.RaftServiceManager - RaftServer{3} - Applying Indexed{index=72, entry=CommandEntry{term=1, timestamp=2018-06-01 02:19:43,992, session=2, sequence=67, operation=PrimitiveOperation{id=DefaultOperationId{id=write, type=COMMAND}, value=byte[]{length=17, hash=-1644578928}}}}
02:19:44.122 [raft-server-3-state] TRACE i.a.p.s.impl.DefaultServiceExecutor - PrimitiveService{2}{type=PrimitiveType{name=test}, name=test} - Executing DefaultCommit{index=72, session=RaftSession{RaftServiceContext{server=3, type=PrimitiveType{name=test}, name=test, id=2}, session=2, timestamp=2018-06-01 02:19:43,992}, time=2018-06-01 02:19:43,992, operation=DefaultOperationId{id=write, type=COMMAND}, value=byte[]{length=17, hash=-1644578928}}
02:19:44.140 [raft-server-1] TRACE i.a.p.raft.roles.LeaderAppender - RaftServer{1} - Received AppendResponse{status=OK, term=1, succeeded=true, lastLogIndex=73} from 3
02:19:44.141 [raft-server-1-state] TRACE i.a.p.raft.impl.RaftServiceManager - RaftServer{1} - Applying Indexed{index=73, entry=CommandEntry{term=1, timestamp=2018-06-01 02:19:44,067, session=2, sequence=68, operation=PrimitiveOperation{id=DefaultOperationId{id=write, type=COMMAND}, value=byte[]{length=17, hash=-1644578928}}}}
02:19:44.141 [raft-server-1-state] TRACE i.a.p.s.impl.DefaultServiceExecutor - PrimitiveService{2}{type=PrimitiveType{name=test}, name=test} - Executing DefaultCommit{index=73, session=RaftSession{RaftServiceContext{server=1, type=PrimitiveType{name=test}, name=test, id=2}, session=2, timestamp=2018-06-01 02:19:44,067}, time=2018-06-01 02:19:44,067, operation=DefaultOperationId{id=write, type=COMMAND}, value=byte[]{length=17, hash=-1644578928}}
02:19:44.141 [raft-server-1-state] TRACE i.a.protocols.raft.roles.LeaderRole - RaftServer{1}{role=LEADER} - Sending CommandResponse{status=OK, index=73, eventIndex=2, result=byte[]{length=3, hash=35031}}
02:19:44.141 [raft-client-8d1a11e6-024d-41c6-816f-7d36669ce782-0] TRACE i.a.p.r.p.impl.RaftProxyConnection - PartitionProxy{2}{type=PrimitiveType{name=test}, name=test} - Received CommandResponse{status=OK, index=73, eventIndex=2, result=byte[]{length=3, hash=35031}} from 1
02:19:44.141 [raft-client-8d1a11e6-024d-41c6-816f-7d36669ce782-0] TRACE i.a.p.r.p.impl.RaftProxySequencer - PartitionProxy{2}{type=PrimitiveType{name=test}, name=test} - Completing response CommandResponse{status=OK, index=73, eventIndex=2, result=byte[]{length=3, hash=35031}}
02:19:44.142 [raft-client-8d1a11e6-024d-41c6-816f-7d36669ce782-7] TRACE i.a.p.r.p.impl.RaftProxyConnection - PartitionProxy{2}{type=PrimitiveType{name=test}, name=test} - Sending CommandRequest{session=2, sequence=69, operation=PrimitiveOperation{id=DefaultOperationId{id=write, type=COMMAND}, value=byte[]{length=17, hash=-1644578928}}} to 1
02:19:44.142 [raft-server-1] TRACE i.a.protocols.raft.roles.LeaderRole - RaftServer{1}{role=LEADER} - Received CommandRequest{session=2, sequence=69, operation=PrimitiveOperation{id=DefaultOperationId{id=write, type=COMMAND}, value=byte[]{length=17, hash=-1644578928}}}
02:19:44.142 [raft-server-1] TRACE i.a.protocols.raft.roles.LeaderRole - RaftServer{1}{role=LEADER} - Appended Indexed{index=74, entry=CommandEntry{term=1, timestamp=2018-06-01 02:19:44,142, session=2, sequence=69, operation=PrimitiveOperation{id=DefaultOperationId{id=write, type=COMMAND}, value=byte[]{length=17, hash=-1644578928}}}}
02:19:44.142 [raft-server-1] TRACE i.a.p.raft.roles.LeaderAppender - RaftServer{1} - Sending AppendRequest{term=1, leader=1, prevLogIndex=73, prevLogTerm=1, entries=1, commitIndex=73} to 2
02:19:44.142 [raft-server-1] TRACE i.a.p.raft.roles.LeaderAppender - RaftServer{1} - Sending AppendRequest{term=1, leader=1, prevLogIndex=73, prevLogTerm=1, entries=1, commitIndex=73} to 3
02:19:44.142 [raft-server-2] TRACE i.a.p.raft.roles.FollowerRole - RaftServer{2}{role=FOLLOWER} - Received AppendRequest{term=1, leader=1, prevLogIndex=73, prevLogTerm=1, entries=1, commitIndex=73}
02:19:44.142 [raft-server-3] TRACE i.a.p.raft.roles.FollowerRole - RaftServer{3}{role=FOLLOWER} - Received AppendRequest{term=1, leader=1, prevLogIndex=73, prevLogTerm=1, entries=1, commitIndex=73}
02:19:44.143 [raft-server-2] TRACE i.a.p.raft.roles.FollowerRole - RaftServer{2}{role=FOLLOWER} - Appended Indexed{index=74, entry=CommandEntry{term=1, timestamp=2018-06-01 02:19:44,142, session=2, sequence=69, operation=PrimitiveOperation{id=DefaultOperationId{id=write, type=COMMAND}, value=byte[]{length=17, hash=-1644578928}}}}
02:19:44.143 [raft-server-3] TRACE i.a.p.raft.roles.FollowerRole - RaftServer{3}{role=FOLLOWER} - Appended Indexed{index=74, entry=CommandEntry{term=1, timestamp=2018-06-01 02:19:44,142, session=2, sequence=69, operation=PrimitiveOperation{id=DefaultOperationId{id=write, type=COMMAND}, value=byte[]{length=17, hash=-1644578928}}}}
02:19:44.173 [raft-server-2] TRACE i.a.p.raft.roles.FollowerRole - RaftServer{2}{role=FOLLOWER} - Committed entries up to index 73
02:19:44.174 [raft-server-3] TRACE i.a.p.raft.roles.FollowerRole - RaftServer{3}{role=FOLLOWER} - Committed entries up to index 73
02:19:44.174 [raft-server-2] TRACE i.a.p.raft.roles.FollowerRole - RaftServer{2}{role=FOLLOWER} - Sending AppendResponse{status=OK, term=1, succeeded=true, lastLogIndex=74}
02:19:44.174 [raft-server-3] TRACE i.a.p.raft.roles.FollowerRole - RaftServer{3}{role=FOLLOWER} - Sending AppendResponse{status=OK, term=1, succeeded=true, lastLogIndex=74}
02:19:44.174 [raft-server-2-state] TRACE i.a.p.raft.impl.RaftServiceManager - RaftServer{2} - Applying Indexed{index=73, entry=CommandEntry{term=1, timestamp=2018-06-01 02:19:44,067, session=2, sequence=68, operation=PrimitiveOperation{id=DefaultOperationId{id=write, type=COMMAND}, value=byte[]{length=17, hash=-1644578928}}}}
02:19:44.174 [raft-server-1] TRACE i.a.p.raft.roles.LeaderAppender - RaftServer{1} - Received AppendResponse{status=OK, term=1, succeeded=true, lastLogIndex=74} from 2
02:19:44.174 [raft-server-3-state] TRACE i.a.p.raft.impl.RaftServiceManager - RaftServer{3} - Applying Indexed{index=73, entry=CommandEntry{term=1, timestamp=2018-06-01 02:19:44,067, session=2, sequence=68, operation=PrimitiveOperation{id=DefaultOperationId{id=write, type=COMMAND}, value=byte[]{length=17, hash=-1644578928}}}}
02:19:44.174 [raft-server-1] TRACE i.a.p.raft.roles.LeaderAppender - RaftServer{1} - Committed entries up to 74
02:19:44.174 [raft-server-2-state] TRACE i.a.p.s.impl.DefaultServiceExecutor - PrimitiveService{2}{type=PrimitiveType{name=test}, name=test} - Executing DefaultCommit{index=73, session=RaftSession{RaftServiceContext{server=2, type=PrimitiveType{name=test}, name=test, id=2}, session=2, timestamp=2018-06-01 02:19:44,067}, time=2018-06-01 02:19:44,067, operation=DefaultOperationId{id=write, type=COMMAND}, value=byte[]{length=17, hash=-1644578928}}
02:19:44.174 [raft-server-3-state] TRACE i.a.p.s.impl.DefaultServiceExecutor - PrimitiveService{2}{type=PrimitiveType{name=test}, name=test} - Executing DefaultCommit{index=73, session=RaftSession{RaftServiceContext{server=3, type=PrimitiveType{name=test}, name=test, id=2}, session=2, timestamp=2018-06-01 02:19:44,067}, time=2018-06-01 02:19:44,067, operation=DefaultOperationId{id=write, type=COMMAND}, value=byte[]{length=17, hash=-1644578928}}
02:19:44.197 [raft-server-1] TRACE i.a.p.raft.roles.LeaderAppender - RaftServer{1} - Received AppendResponse{status=OK, term=1, succeeded=true, lastLogIndex=74} from 3
02:19:44.197 [raft-server-1-state] TRACE i.a.p.raft.impl.RaftServiceManager - RaftServer{1} - Applying Indexed{index=74, entry=CommandEntry{term=1, timestamp=2018-06-01 02:19:44,142, session=2, sequence=69, operation=PrimitiveOperation{id=DefaultOperationId{id=write, type=COMMAND}, value=byte[]{length=17, hash=-1644578928}}}}
02:19:44.198 [raft-server-1-state] TRACE i.a.p.s.impl.DefaultServiceExecutor - PrimitiveService{2}{type=PrimitiveType{name=test}, name=test} - Executing DefaultCommit{index=74, session=RaftSession{RaftServiceContext{server=1, type=PrimitiveType{name=test}, name=test, id=2}, session=2, timestamp=2018-06-01 02:19:44,142}, time=2018-06-01 02:19:44,142, operation=DefaultOperationId{id=write, type=COMMAND}, value=byte[]{length=17, hash=-1644578928}}
02:19:44.198 [raft-server-1-state] TRACE i.a.protocols.raft.roles.LeaderRole - RaftServer{1}{role=LEADER} - Sending CommandResponse{status=OK, index=74, eventIndex=2, result=byte[]{length=3, hash=35093}}
02:19:44.198 [raft-client-8d1a11e6-024d-41c6-816f-7d36669ce782-6] TRACE i.a.p.r.p.impl.RaftProxyConnection - PartitionProxy{2}{type=PrimitiveType{name=test}, name=test} - Received CommandResponse{status=OK, index=74, eventIndex=2, result=byte[]{length=3, hash=35093}} from 1
02:19:44.198 [raft-client-8d1a11e6-024d-41c6-816f-7d36669ce782-6] TRACE i.a.p.r.p.impl.RaftProxySequencer - PartitionProxy{2}{type=PrimitiveType{name=test}, name=test} - Completing response CommandResponse{status=OK, index=74, eventIndex=2, result=byte[]{length=3, hash=35093}}
02:19:44.199 [raft-client-8d1a11e6-024d-41c6-816f-7d36669ce782-3] TRACE i.a.p.r.p.impl.RaftProxyConnection - PartitionProxy{2}{type=PrimitiveType{name=test}, name=test} - Sending CommandRequest{session=2, sequence=70, operation=PrimitiveOperation{id=DefaultOperationId{id=write, type=COMMAND}, value=byte[]{length=17, hash=-1644578928}}} to 1
02:19:44.199 [raft-server-1] TRACE i.a.protocols.raft.roles.LeaderRole - RaftServer{1}{role=LEADER} - Received CommandRequest{session=2, sequence=70, operation=PrimitiveOperation{id=DefaultOperationId{id=write, type=COMMAND}, value=byte[]{length=17, hash=-1644578928}}}
02:19:44.199 [raft-server-1] TRACE i.a.protocols.raft.roles.LeaderRole - RaftServer{1}{role=LEADER} - Appended Indexed{index=75, entry=CommandEntry{term=1, timestamp=2018-06-01 02:19:44,199, session=2, sequence=70, operation=PrimitiveOperation{id=DefaultOperationId{id=write, type=COMMAND}, value=byte[]{length=17, hash=-1644578928}}}}
02:19:44.199 [raft-server-1] TRACE i.a.p.raft.roles.LeaderAppender - RaftServer{1} - Sending AppendRequest{term=1, leader=1, prevLogIndex=74, prevLogTerm=1, entries=1, commitIndex=74} to 2
02:19:44.199 [raft-server-2] TRACE i.a.p.raft.roles.FollowerRole - RaftServer{2}{role=FOLLOWER} - Received AppendRequest{term=1, leader=1, prevLogIndex=74, prevLogTerm=1, entries=1, commitIndex=74}
02:19:44.199 [raft-server-1] TRACE i.a.p.raft.roles.LeaderAppender - RaftServer{1} - Sending AppendRequest{term=1, leader=1, prevLogIndex=74, prevLogTerm=1, entries=1, commitIndex=74} to 3
02:19:44.199 [raft-server-3] TRACE i.a.p.raft.roles.FollowerRole - RaftServer{3}{role=FOLLOWER} - Received AppendRequest{term=1, leader=1, prevLogIndex=74, prevLogTerm=1, entries=1, commitIndex=74}
02:19:44.199 [raft-server-2] TRACE i.a.p.raft.roles.FollowerRole - RaftServer{2}{role=FOLLOWER} - Appended Indexed{index=75, entry=CommandEntry{term=1, timestamp=2018-06-01 02:19:44,199, session=2, sequence=70, operation=PrimitiveOperation{id=DefaultOperationId{id=write, type=COMMAND}, value=byte[]{length=17, hash=-1644578928}}}}
02:19:44.200 [raft-server-3] TRACE i.a.p.raft.roles.FollowerRole - RaftServer{3}{role=FOLLOWER} - Appended Indexed{index=75, entry=CommandEntry{term=1, timestamp=2018-06-01 02:19:44,199, session=2, sequence=70, operation=PrimitiveOperation{id=DefaultOperationId{id=write, type=COMMAND}, value=byte[]{length=17, hash=-1644578928}}}}
02:19:44.222 [raft-server-2] TRACE i.a.p.raft.roles.FollowerRole - RaftServer{2}{role=FOLLOWER} - Committed entries up to index 74
02:19:44.222 [raft-server-3] TRACE i.a.p.raft.roles.FollowerRole - RaftServer{3}{role=FOLLOWER} - Committed entries up to index 74
02:19:44.222 [raft-server-2] TRACE i.a.p.raft.roles.FollowerRole - RaftServer{2}{role=FOLLOWER} - Sending AppendResponse{status=OK, term=1, succeeded=true, lastLogIndex=75}
02:19:44.222 [raft-server-3] TRACE i.a.p.raft.roles.FollowerRole - RaftServer{3}{role=FOLLOWER} - Sending AppendResponse{status=OK, term=1, succeeded=true, lastLogIndex=75}
02:19:44.222 [raft-server-1] TRACE i.a.p.raft.roles.LeaderAppender - RaftServer{1} - Received AppendResponse{status=OK, term=1, succeeded=true, lastLogIndex=75} from 2
02:19:44.222 [raft-server-2-state] TRACE i.a.p.raft.impl.RaftServiceManager - RaftServer{2} - Applying Indexed{index=74, entry=CommandEntry{term=1, timestamp=2018-06-01 02:19:44,142, session=2, sequence=69, operation=PrimitiveOperation{id=DefaultOperationId{id=write, type=COMMAND}, value=byte[]{length=17, hash=-1644578928}}}}
02:19:44.222 [raft-server-3-state] TRACE i.a.p.raft.impl.RaftServiceManager - RaftServer{3} - Applying Indexed{index=74, entry=CommandEntry{term=1, timestamp=2018-06-01 02:19:44,142, session=2, sequence=69, operation=PrimitiveOperation{id=DefaultOperationId{id=write, type=COMMAND}, value=byte[]{length=17, hash=-1644578928}}}}
02:19:44.222 [raft-server-1] TRACE i.a.p.raft.roles.LeaderAppender - RaftServer{1} - Committed entries up to 75
02:19:44.222 [raft-server-2-state] TRACE i.a.p.s.impl.DefaultServiceExecutor - PrimitiveService{2}{type=PrimitiveType{name=test}, name=test} - Executing DefaultCommit{index=74, session=RaftSession{RaftServiceContext{server=2, type=PrimitiveType{name=test}, name=test, id=2}, session=2, timestamp=2018-06-01 02:19:44,142}, time=2018-06-01 02:19:44,142, operation=DefaultOperationId{id=write, type=COMMAND}, value=byte[]{length=17, hash=-1644578928}}
02:19:44.223 [raft-server-3-state] TRACE i.a.p.s.impl.DefaultServiceExecutor - PrimitiveService{2}{type=PrimitiveType{name=test}, name=test} - Executing DefaultCommit{index=74, session=RaftSession{RaftServiceContext{server=3, type=PrimitiveType{name=test}, name=test, id=2}, session=2, timestamp=2018-06-01 02:19:44,142}, time=2018-06-01 02:19:44,142, operation=DefaultOperationId{id=write, type=COMMAND}, value=byte[]{length=17, hash=-1644578928}}
02:19:44.247 [raft-server-1] TRACE i.a.p.raft.roles.LeaderAppender - RaftServer{1} - Received AppendResponse{status=OK, term=1, succeeded=true, lastLogIndex=75} from 3
02:19:44.247 [raft-server-1] TRACE i.a.p.raft.roles.LeaderAppender - RaftServer{1} - Sending AppendRequest{term=1, leader=1, prevLogIndex=75, prevLogTerm=1, entries=0, commitIndex=75} to 2
02:19:44.247 [raft-server-1] TRACE i.a.p.raft.roles.LeaderAppender - RaftServer{1} - Sending AppendRequest{term=1, leader=1, prevLogIndex=75, prevLogTerm=1, entries=0, commitIndex=75} to 3
02:19:44.247 [raft-server-2] TRACE i.a.p.raft.roles.FollowerRole - RaftServer{2}{role=FOLLOWER} - Received AppendRequest{term=1, leader=1, prevLogIndex=75, prevLogTerm=1, entries=0, commitIndex=75}
02:19:44.248 [raft-server-3] TRACE i.a.p.raft.roles.FollowerRole - RaftServer{3}{role=FOLLOWER} - Received AppendRequest{term=1, leader=1, prevLogIndex=75, prevLogTerm=1, entries=0, commitIndex=75}
02:19:44.248 [raft-server-1-state] TRACE i.a.p.raft.impl.RaftServiceManager - RaftServer{1} - Applying Indexed{index=75, entry=CommandEntry{term=1, timestamp=2018-06-01 02:19:44,199, session=2, sequence=70, operation=PrimitiveOperation{id=DefaultOperationId{id=write, type=COMMAND}, value=byte[]{length=17, hash=-1644578928}}}}
02:19:44.248 [raft-server-1-state] TRACE i.a.p.s.impl.DefaultServiceExecutor - PrimitiveService{2}{type=PrimitiveType{name=test}, name=test} - Executing DefaultCommit{index=75, session=RaftSession{RaftServiceContext{server=1, type=PrimitiveType{name=test}, name=test, id=2}, session=2, timestamp=2018-06-01 02:19:44,199}, time=2018-06-01 02:19:44,199, operation=DefaultOperationId{id=write, type=COMMAND}, value=byte[]{length=17, hash=-1644578928}}
02:19:44.248 [raft-server-1-state] TRACE i.a.protocols.raft.roles.LeaderRole - RaftServer{1}{role=LEADER} - Sending CommandResponse{status=OK, index=75, eventIndex=2, result=byte[]{length=3, hash=35155}}
02:19:44.248 [raft-client-8d1a11e6-024d-41c6-816f-7d36669ce782-4] TRACE i.a.p.r.p.impl.RaftProxyConnection - PartitionProxy{2}{type=PrimitiveType{name=test}, name=test} - Received CommandResponse{status=OK, index=75, eventIndex=2, result=byte[]{length=3, hash=35155}} from 1
02:19:44.248 [raft-client-8d1a11e6-024d-41c6-816f-7d36669ce782-4] TRACE i.a.p.r.p.impl.RaftProxySequencer - PartitionProxy{2}{type=PrimitiveType{name=test}, name=test} - Completing response CommandResponse{status=OK, index=75, eventIndex=2, result=byte[]{length=3, hash=35155}}
02:19:44.249 [raft-client-8d1a11e6-024d-41c6-816f-7d36669ce782-4] TRACE i.a.p.r.p.impl.RaftProxyConnection - PartitionProxy{2}{type=PrimitiveType{name=test}, name=test} - Sending CommandRequest{session=2, sequence=71, operation=PrimitiveOperation{id=DefaultOperationId{id=write, type=COMMAND}, value=byte[]{length=17, hash=-1644578928}}} to 1
02:19:44.249 [raft-server-1] TRACE i.a.protocols.raft.roles.LeaderRole - RaftServer{1}{role=LEADER} - Received CommandRequest{session=2, sequence=71, operation=PrimitiveOperation{id=DefaultOperationId{id=write, type=COMMAND}, value=byte[]{length=17, hash=-1644578928}}}
02:19:44.249 [raft-server-1] TRACE i.a.protocols.raft.roles.LeaderRole - RaftServer{1}{role=LEADER} - Appended Indexed{index=76, entry=CommandEntry{term=1, timestamp=2018-06-01 02:19:44,249, session=2, sequence=71, operation=PrimitiveOperation{id=DefaultOperationId{id=write, type=COMMAND}, value=byte[]{length=17, hash=-1644578928}}}}
02:19:44.265 [raft-server-2] TRACE i.a.p.raft.roles.FollowerRole - RaftServer{2}{role=FOLLOWER} - Committed entries up to index 75
02:19:44.265 [raft-server-2] TRACE i.a.p.raft.roles.FollowerRole - RaftServer{2}{role=FOLLOWER} - Sending AppendResponse{status=OK, term=1, succeeded=true, lastLogIndex=75}
02:19:44.265 [raft-server-1] TRACE i.a.p.raft.roles.LeaderAppender - RaftServer{1} - Received AppendResponse{status=OK, term=1, succeeded=true, lastLogIndex=75} from 2
02:19:44.265 [raft-server-2-state] TRACE i.a.p.raft.impl.RaftServiceManager - RaftServer{2} - Applying Indexed{index=75, entry=CommandEntry{term=1, timestamp=2018-06-01 02:19:44,199, session=2, sequence=70, operation=PrimitiveOperation{id=DefaultOperationId{id=write, type=COMMAND}, value=byte[]{length=17, hash=-1644578928}}}}
02:19:44.266 [raft-server-1] TRACE i.a.p.raft.roles.LeaderAppender - RaftServer{1} - Sending AppendRequest{term=1, leader=1, prevLogIndex=75, prevLogTerm=1, entries=1, commitIndex=75} to 2
02:19:44.266 [raft-server-2] TRACE i.a.p.raft.roles.FollowerRole - RaftServer{2}{role=FOLLOWER} - Received AppendRequest{term=1, leader=1, prevLogIndex=75, prevLogTerm=1, entries=1, commitIndex=75}
02:19:44.266 [raft-server-2-state] TRACE i.a.p.s.impl.DefaultServiceExecutor - PrimitiveService{2}{type=PrimitiveType{name=test}, name=test} - Executing DefaultCommit{index=75, session=RaftSession{RaftServiceContext{server=2, type=PrimitiveType{name=test}, name=test, id=2}, session=2, timestamp=2018-06-01 02:19:44,199}, time=2018-06-01 02:19:44,199, operation=DefaultOperationId{id=write, type=COMMAND}, value=byte[]{length=17, hash=-1644578928}}
02:19:44.266 [raft-server-2] TRACE i.a.p.raft.roles.FollowerRole - RaftServer{2}{role=FOLLOWER} - Appended Indexed{index=76, entry=CommandEntry{term=1, timestamp=2018-06-01 02:19:44,249, session=2, sequence=71, operation=PrimitiveOperation{id=DefaultOperationId{id=write, type=COMMAND}, value=byte[]{length=17, hash=-1644578928}}}}
02:19:44.266 [raft-server-2] TRACE i.a.p.raft.roles.FollowerRole - RaftServer{2}{role=FOLLOWER} - Sending AppendResponse{status=OK, term=1, succeeded=true, lastLogIndex=76}
02:19:44.266 [raft-server-1] TRACE i.a.p.raft.roles.LeaderAppender - RaftServer{1} - Received AppendResponse{status=OK, term=1, succeeded=true, lastLogIndex=76} from 2
02:19:44.266 [raft-server-1] TRACE i.a.p.raft.roles.LeaderAppender - RaftServer{1} - Committed entries up to 76
02:19:44.286 [raft-server-3] TRACE i.a.p.raft.roles.FollowerRole - RaftServer{3}{role=FOLLOWER} - Committed entries up to index 75
02:19:44.286 [raft-server-3] TRACE i.a.p.raft.roles.FollowerRole - RaftServer{3}{role=FOLLOWER} - Sending AppendResponse{status=OK, term=1, succeeded=true, lastLogIndex=75}
02:19:44.286 [raft-server-3-state] TRACE i.a.p.raft.impl.RaftServiceManager - RaftServer{3} - Applying Indexed{index=75, entry=CommandEntry{term=1, timestamp=2018-06-01 02:19:44,199, session=2, sequence=70, operation=PrimitiveOperation{id=DefaultOperationId{id=write, type=COMMAND}, value=byte[]{length=17, hash=-1644578928}}}}
02:19:44.286 [raft-server-3-state] TRACE i.a.p.s.impl.DefaultServiceExecutor - PrimitiveService{2}{type=PrimitiveType{name=test}, name=test} - Executing DefaultCommit{index=75, session=RaftSession{RaftServiceContext{server=3, type=PrimitiveType{name=test}, name=test, id=2}, session=2, timestamp=2018-06-01 02:19:44,199}, time=2018-06-01 02:19:44,199, operation=DefaultOperationId{id=write, type=COMMAND}, value=byte[]{length=17, hash=-1644578928}}
02:19:44.307 [raft-server-1] TRACE i.a.p.raft.roles.LeaderAppender - RaftServer{1} - Received AppendResponse{status=OK, term=1, succeeded=true, lastLogIndex=75} from 3
02:19:44.307 [raft-server-1] TRACE i.a.p.raft.roles.LeaderAppender - RaftServer{1} - Sending AppendRequest{term=1, leader=1, prevLogIndex=75, prevLogTerm=1, entries=1, commitIndex=76} to 3
02:19:44.307 [raft-server-3] TRACE i.a.p.raft.roles.FollowerRole - RaftServer{3}{role=FOLLOWER} - Received AppendRequest{term=1, leader=1, prevLogIndex=75, prevLogTerm=1, entries=1, commitIndex=76}
02:19:44.307 [raft-server-1-state] TRACE i.a.p.raft.impl.RaftServiceManager - RaftServer{1} - Applying Indexed{index=76, entry=CommandEntry{term=1, timestamp=2018-06-01 02:19:44,249, session=2, sequence=71, operation=PrimitiveOperation{id=DefaultOperationId{id=write, type=COMMAND}, value=byte[]{length=17, hash=-1644578928}}}}
02:19:44.307 [raft-server-3] TRACE i.a.p.raft.roles.FollowerRole - RaftServer{3}{role=FOLLOWER} - Appended Indexed{index=76, entry=CommandEntry{term=1, timestamp=2018-06-01 02:19:44,249, session=2, sequence=71, operation=PrimitiveOperation{id=DefaultOperationId{id=write, type=COMMAND}, value=byte[]{length=17, hash=-1644578928}}}}
02:19:44.307 [raft-server-1-state] TRACE i.a.p.s.impl.DefaultServiceExecutor - PrimitiveService{2}{type=PrimitiveType{name=test}, name=test} - Executing DefaultCommit{index=76, session=RaftSession{RaftServiceContext{server=1, type=PrimitiveType{name=test}, name=test, id=2}, session=2, timestamp=2018-06-01 02:19:44,249}, time=2018-06-01 02:19:44,249, operation=DefaultOperationId{id=write, type=COMMAND}, value=byte[]{length=17, hash=-1644578928}}
02:19:44.308 [raft-server-1-state] TRACE i.a.protocols.raft.roles.LeaderRole - RaftServer{1}{role=LEADER} - Sending CommandResponse{status=OK, index=76, eventIndex=2, result=byte[]{length=3, hash=35217}}
02:19:44.308 [raft-client-8d1a11e6-024d-41c6-816f-7d36669ce782-0] TRACE i.a.p.r.p.impl.RaftProxyConnection - PartitionProxy{2}{type=PrimitiveType{name=test}, name=test} - Received CommandResponse{status=OK, index=76, eventIndex=2, result=byte[]{length=3, hash=35217}} from 1
02:19:44.308 [raft-client-8d1a11e6-024d-41c6-816f-7d36669ce782-0] TRACE i.a.p.r.p.impl.RaftProxySequencer - PartitionProxy{2}{type=PrimitiveType{name=test}, name=test} - Completing response CommandResponse{status=OK, index=76, eventIndex=2, result=byte[]{length=3, hash=35217}}
02:19:44.309 [raft-client-8d1a11e6-024d-41c6-816f-7d36669ce782-2] TRACE i.a.p.r.p.impl.RaftProxyConnection - PartitionProxy{2}{type=PrimitiveType{name=test}, name=test} - Sending CommandRequest{session=2, sequence=72, operation=PrimitiveOperation{id=DefaultOperationId{id=write, type=COMMAND}, value=byte[]{length=17, hash=-1644578928}}} to 1
02:19:44.309 [raft-server-1] TRACE i.a.protocols.raft.roles.LeaderRole - RaftServer{1}{role=LEADER} - Received CommandRequest{session=2, sequence=72, operation=PrimitiveOperation{id=DefaultOperationId{id=write, type=COMMAND}, value=byte[]{length=17, hash=-1644578928}}}
02:19:44.309 [raft-server-1] TRACE i.a.protocols.raft.roles.LeaderRole - RaftServer{1}{role=LEADER} - Appended Indexed{index=77, entry=CommandEntry{term=1, timestamp=2018-06-01 02:19:44,309, session=2, sequence=72, operation=PrimitiveOperation{id=DefaultOperationId{id=write, type=COMMAND}, value=byte[]{length=17, hash=-1644578928}}}}
02:19:44.309 [raft-server-1] TRACE i.a.p.raft.roles.LeaderAppender - RaftServer{1} - Sending AppendRequest{term=1, leader=1, prevLogIndex=76, prevLogTerm=1, entries=1, commitIndex=76} to 2
02:19:44.310 [raft-server-2] TRACE i.a.p.raft.roles.FollowerRole - RaftServer{2}{role=FOLLOWER} - Received AppendRequest{term=1, leader=1, prevLogIndex=76, prevLogTerm=1, entries=1, commitIndex=76}
02:19:44.310 [raft-server-2] TRACE i.a.p.raft.roles.FollowerRole - RaftServer{2}{role=FOLLOWER} - Appended Indexed{index=77, entry=CommandEntry{term=1, timestamp=2018-06-01 02:19:44,309, session=2, sequence=72, operation=PrimitiveOperation{id=DefaultOperationId{id=write, type=COMMAND}, value=byte[]{length=17, hash=-1644578928}}}}
02:19:44.347 [raft-server-3] TRACE i.a.p.raft.roles.FollowerRole - RaftServer{3}{role=FOLLOWER} - Committed entries up to index 76
02:19:44.347 [raft-server-3] TRACE i.a.p.raft.roles.FollowerRole - RaftServer{3}{role=FOLLOWER} - Sending AppendResponse{status=OK, term=1, succeeded=true, lastLogIndex=76}
02:19:44.347 [raft-server-1] TRACE i.a.p.raft.roles.LeaderAppender - RaftServer{1} - Received AppendResponse{status=OK, term=1, succeeded=true, lastLogIndex=76} from 3
02:19:44.347 [raft-server-3-state] TRACE i.a.p.raft.impl.RaftServiceManager - RaftServer{3} - Applying Indexed{index=76, entry=CommandEntry{term=1, timestamp=2018-06-01 02:19:44,249, session=2, sequence=71, operation=PrimitiveOperation{id=DefaultOperationId{id=write, type=COMMAND}, value=byte[]{length=17, hash=-1644578928}}}}
02:19:44.347 [raft-server-1] TRACE i.a.p.raft.roles.LeaderAppender - RaftServer{1} - Sending AppendRequest{term=1, leader=1, prevLogIndex=76, prevLogTerm=1, entries=1, commitIndex=76} to 3
02:19:44.347 [raft-server-3-state] TRACE i.a.p.s.impl.DefaultServiceExecutor - PrimitiveService{2}{type=PrimitiveType{name=test}, name=test} - Executing DefaultCommit{index=76, session=RaftSession{RaftServiceContext{server=3, type=PrimitiveType{name=test}, name=test, id=2}, session=2, timestamp=2018-06-01 02:19:44,249}, time=2018-06-01 02:19:44,249, operation=DefaultOperationId{id=write, type=COMMAND}, value=byte[]{length=17, hash=-1644578928}}
02:19:44.347 [raft-server-3] TRACE i.a.p.raft.roles.FollowerRole - RaftServer{3}{role=FOLLOWER} - Received AppendRequest{term=1, leader=1, prevLogIndex=76, prevLogTerm=1, entries=1, commitIndex=76}
02:19:44.348 [raft-server-3] TRACE i.a.p.raft.roles.FollowerRole - RaftServer{3}{role=FOLLOWER} - Appended Indexed{index=77, entry=CommandEntry{term=1, timestamp=2018-06-01 02:19:44,309, session=2, sequence=72, operation=PrimitiveOperation{id=DefaultOperationId{id=write, type=COMMAND}, value=byte[]{length=17, hash=-1644578928}}}}
02:19:44.348 [raft-server-3] TRACE i.a.p.raft.roles.FollowerRole - RaftServer{3}{role=FOLLOWER} - Sending AppendResponse{status=OK, term=1, succeeded=true, lastLogIndex=77}
02:19:44.348 [raft-server-1] TRACE i.a.p.raft.roles.LeaderAppender - RaftServer{1} - Received AppendResponse{status=OK, term=1, succeeded=true, lastLogIndex=77} from 3
02:19:44.348 [raft-server-1] TRACE i.a.p.raft.roles.LeaderAppender - RaftServer{1} - Committed entries up to 77
02:19:44.369 [raft-server-2] TRACE i.a.p.raft.roles.FollowerRole - RaftServer{2}{role=FOLLOWER} - Committed entries up to index 76
02:19:44.369 [raft-server-2] TRACE i.a.p.raft.roles.FollowerRole - RaftServer{2}{role=FOLLOWER} - Sending AppendResponse{status=OK, term=1, succeeded=true, lastLogIndex=77}
02:19:44.369 [raft-server-2-state] TRACE i.a.p.raft.impl.RaftServiceManager - RaftServer{2} - Applying Indexed{index=76, entry=CommandEntry{term=1, timestamp=2018-06-01 02:19:44,249, session=2, sequence=71, operation=PrimitiveOperation{id=DefaultOperationId{id=write, type=COMMAND}, value=byte[]{length=17, hash=-1644578928}}}}
02:19:44.369 [raft-server-2-state] TRACE i.a.p.s.impl.DefaultServiceExecutor - PrimitiveService{2}{type=PrimitiveType{name=test}, name=test} - Executing DefaultCommit{index=76, session=RaftSession{RaftServiceContext{server=2, type=PrimitiveType{name=test}, name=test, id=2}, session=2, timestamp=2018-06-01 02:19:44,249}, time=2018-06-01 02:19:44,249, operation=DefaultOperationId{id=write, type=COMMAND}, value=byte[]{length=17, hash=-1644578928}}
02:19:44.403 [raft-server-1] TRACE i.a.p.raft.roles.LeaderAppender - RaftServer{1} - Received AppendResponse{status=OK, term=1, succeeded=true, lastLogIndex=77} from 2
02:19:44.403 [raft-server-1-state] TRACE i.a.p.raft.impl.RaftServiceManager - RaftServer{1} - Applying Indexed{index=77, entry=CommandEntry{term=1, timestamp=2018-06-01 02:19:44,309, session=2, sequence=72, operation=PrimitiveOperation{id=DefaultOperationId{id=write, type=COMMAND}, value=byte[]{length=17, hash=-1644578928}}}}
02:19:44.403 [raft-server-1-state] TRACE i.a.p.s.impl.DefaultServiceExecutor - PrimitiveService{2}{type=PrimitiveType{name=test}, name=test} - Executing DefaultCommit{index=77, session=RaftSession{RaftServiceContext{server=1, type=PrimitiveType{name=test}, name=test, id=2}, session=2, timestamp=2018-06-01 02:19:44,309}, time=2018-06-01 02:19:44,309, operation=DefaultOperationId{id=write, type=COMMAND}, value=byte[]{length=17, hash=-1644578928}}
02:19:44.404 [raft-server-1-state] TRACE i.a.protocols.raft.roles.LeaderRole - RaftServer{1}{role=LEADER} - Sending CommandResponse{status=OK, index=77, eventIndex=2, result=byte[]{length=3, hash=35279}}
02:19:44.404 [raft-client-8d1a11e6-024d-41c6-816f-7d36669ce782-6] TRACE i.a.p.r.p.impl.RaftProxyConnection - PartitionProxy{2}{type=PrimitiveType{name=test}, name=test} - Received CommandResponse{status=OK, index=77, eventIndex=2, result=byte[]{length=3, hash=35279}} from 1
02:19:44.404 [raft-client-8d1a11e6-024d-41c6-816f-7d36669ce782-6] TRACE i.a.p.r.p.impl.RaftProxySequencer - PartitionProxy{2}{type=PrimitiveType{name=test}, name=test} - Completing response CommandResponse{status=OK, index=77, eventIndex=2, result=byte[]{length=3, hash=35279}}
02:19:44.405 [raft-client-8d1a11e6-024d-41c6-816f-7d36669ce782-6] TRACE i.a.p.r.p.impl.RaftProxyConnection - PartitionProxy{2}{type=PrimitiveType{name=test}, name=test} - Sending CommandRequest{session=2, sequence=73, operation=PrimitiveOperation{id=DefaultOperationId{id=write, type=COMMAND}, value=byte[]{length=17, hash=-1644578928}}} to 1
02:19:44.405 [raft-server-1] TRACE i.a.protocols.raft.roles.LeaderRole - RaftServer{1}{role=LEADER} - Received CommandRequest{session=2, sequence=73, operation=PrimitiveOperation{id=DefaultOperationId{id=write, type=COMMAND}, value=byte[]{length=17, hash=-1644578928}}}
02:19:44.405 [raft-server-1] TRACE i.a.protocols.raft.roles.LeaderRole - RaftServer{1}{role=LEADER} - Appended Indexed{index=78, entry=CommandEntry{term=1, timestamp=2018-06-01 02:19:44,405, session=2, sequence=73, operation=PrimitiveOperation{id=DefaultOperationId{id=write, type=COMMAND}, value=byte[]{length=17, hash=-1644578928}}}}
02:19:44.405 [raft-server-1] TRACE i.a.p.raft.roles.LeaderAppender - RaftServer{1} - Sending AppendRequest{term=1, leader=1, prevLogIndex=77, prevLogTerm=1, entries=1, commitIndex=77} to 2
02:19:44.405 [raft-server-2] TRACE i.a.p.raft.roles.FollowerRole - RaftServer{2}{role=FOLLOWER} - Received AppendRequest{term=1, leader=1, prevLogIndex=77, prevLogTerm=1, entries=1, commitIndex=77}
02:19:44.405 [raft-server-1] TRACE i.a.p.raft.roles.LeaderAppender - RaftServer{1} - Sending AppendRequest{term=1, leader=1, prevLogIndex=77, prevLogTerm=1, entries=1, commitIndex=77} to 3
02:19:44.405 [raft-server-3] TRACE i.a.p.raft.roles.FollowerRole - RaftServer{3}{role=FOLLOWER} - Received AppendRequest{term=1, leader=1, prevLogIndex=77, prevLogTerm=1, entries=1, commitIndex=77}
02:19:44.405 [raft-server-2] TRACE i.a.p.raft.roles.FollowerRole - RaftServer{2}{role=FOLLOWER} - Appended Indexed{index=78, entry=CommandEntry{term=1, timestamp=2018-06-01 02:19:44,405, session=2, sequence=73, operation=PrimitiveOperation{id=DefaultOperationId{id=write, type=COMMAND}, value=byte[]{length=17, hash=-1644578928}}}}
02:19:44.406 [raft-server-3] TRACE i.a.p.raft.roles.FollowerRole - RaftServer{3}{role=FOLLOWER} - Appended Indexed{index=78, entry=CommandEntry{term=1, timestamp=2018-06-01 02:19:44,405, session=2, sequence=73, operation=PrimitiveOperation{id=DefaultOperationId{id=write, type=COMMAND}, value=byte[]{length=17, hash=-1644578928}}}}
02:19:44.428 [raft-client-8d1a11e6-024d-41c6-816f-7d36669ce782-4] TRACE i.a.p.r.proxy.impl.RaftProxyManager - RaftClient{8d1a11e6-024d-41c6-816f-7d36669ce782} - Keeping 1 sessions alive
02:19:44.429 [raft-client-8d1a11e6-024d-41c6-816f-7d36669ce782-4] TRACE i.a.p.r.p.impl.RaftProxyConnection - RaftClient{8d1a11e6-024d-41c6-816f-7d36669ce782} - Sending KeepAliveRequest{sessionIds=long[]{length=1, hash=33}, commandSequences=long[]{length=1, hash=103}, eventIndexes=long[]{length=1, hash=33}} to 1
02:19:44.429 [raft-server-1] TRACE i.a.protocols.raft.roles.LeaderRole - RaftServer{1}{role=LEADER} - Received KeepAliveRequest{sessionIds=long[]{length=1, hash=33}, commandSequences=long[]{length=1, hash=103}, eventIndexes=long[]{length=1, hash=33}}
02:19:44.429 [raft-server-1] TRACE i.a.protocols.raft.roles.LeaderRole - RaftServer{1}{role=LEADER} - Appended Indexed{index=79, entry=KeepAliveEntry{term=1, timestamp=2018-06-01 02:19:44,429, sessionIds=long[]{length=1, hash=33}, commandSequences=long[]{length=1, hash=103}, eventIndexes=long[]{length=1, hash=33}}}
02:19:44.430 [raft-server-2] TRACE i.a.p.raft.roles.FollowerRole - RaftServer{2}{role=FOLLOWER} - Committed entries up to index 77
02:19:44.430 [raft-server-3] TRACE i.a.p.raft.roles.FollowerRole - RaftServer{3}{role=FOLLOWER} - Committed entries up to index 77
02:19:44.430 [raft-server-2] TRACE i.a.p.raft.roles.FollowerRole - RaftServer{2}{role=FOLLOWER} - Sending AppendResponse{status=OK, term=1, succeeded=true, lastLogIndex=78}
02:19:44.430 [raft-server-3] TRACE i.a.p.raft.roles.FollowerRole - RaftServer{3}{role=FOLLOWER} - Sending AppendResponse{status=OK, term=1, succeeded=true, lastLogIndex=78}
02:19:44.431 [raft-server-1] TRACE i.a.p.raft.roles.LeaderAppender - RaftServer{1} - Received AppendResponse{status=OK, term=1, succeeded=true, lastLogIndex=78} from 2
02:19:44.431 [raft-server-2-state] TRACE i.a.p.raft.impl.RaftServiceManager - RaftServer{2} - Applying Indexed{index=77, entry=CommandEntry{term=1, timestamp=2018-06-01 02:19:44,309, session=2, sequence=72, operation=PrimitiveOperation{id=DefaultOperationId{id=write, type=COMMAND}, value=byte[]{length=17, hash=-1644578928}}}}
02:19:44.431 [raft-server-3-state] TRACE i.a.p.raft.impl.RaftServiceManager - RaftServer{3} - Applying Indexed{index=77, entry=CommandEntry{term=1, timestamp=2018-06-01 02:19:44,309, session=2, sequence=72, operation=PrimitiveOperation{id=DefaultOperationId{id=write, type=COMMAND}, value=byte[]{length=17, hash=-1644578928}}}}
02:19:44.431 [raft-server-1] TRACE i.a.p.raft.roles.LeaderAppender - RaftServer{1} - Committed entries up to 78
02:19:44.431 [raft-server-2-state] TRACE i.a.p.s.impl.DefaultServiceExecutor - PrimitiveService{2}{type=PrimitiveType{name=test}, name=test} - Executing DefaultCommit{index=77, session=RaftSession{RaftServiceContext{server=2, type=PrimitiveType{name=test}, name=test, id=2}, session=2, timestamp=2018-06-01 02:19:44,309}, time=2018-06-01 02:19:44,309, operation=DefaultOperationId{id=write, type=COMMAND}, value=byte[]{length=17, hash=-1644578928}}
02:19:44.431 [raft-server-3-state] TRACE i.a.p.s.impl.DefaultServiceExecutor - PrimitiveService{2}{type=PrimitiveType{name=test}, name=test} - Executing DefaultCommit{index=77, session=RaftSession{RaftServiceContext{server=3, type=PrimitiveType{name=test}, name=test, id=2}, session=2, timestamp=2018-06-01 02:19:44,309}, time=2018-06-01 02:19:44,309, operation=DefaultOperationId{id=write, type=COMMAND}, value=byte[]{length=17, hash=-1644578928}}
02:19:44.465 [raft-server-1] TRACE i.a.p.raft.roles.LeaderAppender - RaftServer{1} - Sending AppendRequest{term=1, leader=1, prevLogIndex=78, prevLogTerm=1, entries=1, commitIndex=78} to 2
02:19:44.465 [raft-server-2] TRACE i.a.p.raft.roles.FollowerRole - RaftServer{2}{role=FOLLOWER} - Received AppendRequest{term=1, leader=1, prevLogIndex=78, prevLogTerm=1, entries=1, commitIndex=78}
02:19:44.465 [raft-server-1] TRACE i.a.p.raft.roles.LeaderAppender - RaftServer{1} - Received AppendResponse{status=OK, term=1, succeeded=true, lastLogIndex=78} from 3
02:19:44.466 [raft-server-1] TRACE i.a.p.raft.roles.LeaderAppender - RaftServer{1} - Sending AppendRequest{term=1, leader=1, prevLogIndex=78, prevLogTerm=1, entries=1, commitIndex=78} to 3
02:19:44.466 [raft-server-2] TRACE i.a.p.raft.roles.FollowerRole - RaftServer{2}{role=FOLLOWER} - Appended Indexed{index=79, entry=KeepAliveEntry{term=1, timestamp=2018-06-01 02:19:44,429, sessionIds=long[]{length=1, hash=33}, commandSequences=long[]{length=1, hash=103}, eventIndexes=long[]{length=1, hash=33}}}
02:19:44.466 [raft-server-3] TRACE i.a.p.raft.roles.FollowerRole - RaftServer{3}{role=FOLLOWER} - Received AppendRequest{term=1, leader=1, prevLogIndex=78, prevLogTerm=1, entries=1, commitIndex=78}
02:19:44.466 [raft-server-1-state] TRACE i.a.p.raft.impl.RaftServiceManager - RaftServer{1} - Applying Indexed{index=78, entry=CommandEntry{term=1, timestamp=2018-06-01 02:19:44,405, session=2, sequence=73, operation=PrimitiveOperation{id=DefaultOperationId{id=write, type=COMMAND}, value=byte[]{length=17, hash=-1644578928}}}}
02:19:44.466 [raft-server-1-state] TRACE i.a.p.s.impl.DefaultServiceExecutor - PrimitiveService{2}{type=PrimitiveType{name=test}, name=test} - Executing DefaultCommit{index=78, session=RaftSession{RaftServiceContext{server=1, type=PrimitiveType{name=test}, name=test, id=2}, session=2, timestamp=2018-06-01 02:19:44,405}, time=2018-06-01 02:19:44,405, operation=DefaultOperationId{id=write, type=COMMAND}, value=byte[]{length=17, hash=-1644578928}}
02:19:44.466 [raft-server-3] TRACE i.a.p.raft.roles.FollowerRole - RaftServer{3}{role=FOLLOWER} - Appended Indexed{index=79, entry=KeepAliveEntry{term=1, timestamp=2018-06-01 02:19:44,429, sessionIds=long[]{length=1, hash=33}, commandSequences=long[]{length=1, hash=103}, eventIndexes=long[]{length=1, hash=33}}}
02:19:44.466 [raft-server-1-state] TRACE i.a.protocols.raft.roles.LeaderRole - RaftServer{1}{role=LEADER} - Sending CommandResponse{status=OK, index=78, eventIndex=2, result=byte[]{length=3, hash=35341}}
02:19:44.466 [raft-client-8d1a11e6-024d-41c6-816f-7d36669ce782-7] TRACE i.a.p.r.p.impl.RaftProxyConnection - PartitionProxy{2}{type=PrimitiveType{name=test}, name=test} - Received CommandResponse{status=OK, index=78, eventIndex=2, result=byte[]{length=3, hash=35341}} from 1
02:19:44.467 [raft-client-8d1a11e6-024d-41c6-816f-7d36669ce782-7] TRACE i.a.p.r.p.impl.RaftProxySequencer - PartitionProxy{2}{type=PrimitiveType{name=test}, name=test} - Completing response CommandResponse{status=OK, index=78, eventIndex=2, result=byte[]{length=3, hash=35341}}
02:19:44.467 [raft-client-8d1a11e6-024d-41c6-816f-7d36669ce782-6] TRACE i.a.p.r.p.impl.RaftProxyConnection - PartitionProxy{2}{type=PrimitiveType{name=test}, name=test} - Sending CommandRequest{session=2, sequence=74, operation=PrimitiveOperation{id=DefaultOperationId{id=write, type=COMMAND}, value=byte[]{length=17, hash=-1644578928}}} to 1
02:19:44.467 [raft-server-1] TRACE i.a.protocols.raft.roles.LeaderRole - RaftServer{1}{role=LEADER} - Received CommandRequest{session=2, sequence=74, operation=PrimitiveOperation{id=DefaultOperationId{id=write, type=COMMAND}, value=byte[]{length=17, hash=-1644578928}}}
02:19:44.468 [raft-server-1] TRACE i.a.protocols.raft.roles.LeaderRole - RaftServer{1}{role=LEADER} - Appended Indexed{index=80, entry=CommandEntry{term=1, timestamp=2018-06-01 02:19:44,468, session=2, sequence=74, operation=PrimitiveOperation{id=DefaultOperationId{id=write, type=COMMAND}, value=byte[]{length=17, hash=-1644578928}}}}
02:19:44.498 [raft-server-2] TRACE i.a.p.raft.roles.FollowerRole - RaftServer{2}{role=FOLLOWER} - Committed entries up to index 78
02:19:44.499 [raft-server-2] TRACE i.a.p.raft.roles.FollowerRole - RaftServer{2}{role=FOLLOWER} - Sending AppendResponse{status=OK, term=1, succeeded=true, lastLogIndex=79}
02:19:44.499 [raft-server-1] TRACE i.a.p.raft.roles.LeaderAppender - RaftServer{1} - Received AppendResponse{status=OK, term=1, succeeded=true, lastLogIndex=79} from 2
02:19:44.499 [raft-server-2-state] TRACE i.a.p.raft.impl.RaftServiceManager - RaftServer{2} - Applying Indexed{index=78, entry=CommandEntry{term=1, timestamp=2018-06-01 02:19:44,405, session=2, sequence=73, operation=PrimitiveOperation{id=DefaultOperationId{id=write, type=COMMAND}, value=byte[]{length=17, hash=-1644578928}}}}
02:19:44.499 [raft-server-1] TRACE i.a.p.raft.roles.LeaderAppender - RaftServer{1} - Committed entries up to 79
02:19:44.499 [raft-server-2-state] TRACE i.a.p.s.impl.DefaultServiceExecutor - PrimitiveService{2}{type=PrimitiveType{name=test}, name=test} - Executing DefaultCommit{index=78, session=RaftSession{RaftServiceContext{server=2, type=PrimitiveType{name=test}, name=test, id=2}, session=2, timestamp=2018-06-01 02:19:44,405}, time=2018-06-01 02:19:44,405, operation=DefaultOperationId{id=write, type=COMMAND}, value=byte[]{length=17, hash=-1644578928}}
02:19:44.539 [raft-server-3] TRACE i.a.p.raft.roles.FollowerRole - RaftServer{3}{role=FOLLOWER} - Committed entries up to index 78
02:19:44.539 [raft-server-3] TRACE i.a.p.raft.roles.FollowerRole - RaftServer{3}{role=FOLLOWER} - Sending AppendResponse{status=OK, term=1, succeeded=true, lastLogIndex=79}
02:19:44.539 [raft-server-3-state] TRACE i.a.p.raft.impl.RaftServiceManager - RaftServer{3} - Applying Indexed{index=78, entry=CommandEntry{term=1, timestamp=2018-06-01 02:19:44,405, session=2, sequence=73, operation=PrimitiveOperation{id=DefaultOperationId{id=write, type=COMMAND}, value=byte[]{length=17, hash=-1644578928}}}}
02:19:44.539 [raft-server-3-state] TRACE i.a.p.s.impl.DefaultServiceExecutor - PrimitiveService{2}{type=PrimitiveType{name=test}, name=test} - Executing DefaultCommit{index=78, session=RaftSession{RaftServiceContext{server=3, type=PrimitiveType{name=test}, name=test, id=2}, session=2, timestamp=2018-06-01 02:19:44,405}, time=2018-06-01 02:19:44,405, operation=DefaultOperationId{id=write, type=COMMAND}, value=byte[]{length=17, hash=-1644578928}}
02:19:44.564 [raft-server-1] TRACE i.a.p.raft.roles.LeaderAppender - RaftServer{1} - Sending AppendRequest{term=1, leader=1, prevLogIndex=79, prevLogTerm=1, entries=1, commitIndex=79} to 2
02:19:44.564 [raft-server-2] TRACE i.a.p.raft.roles.FollowerRole - RaftServer{2}{role=FOLLOWER} - Received AppendRequest{term=1, leader=1, prevLogIndex=79, prevLogTerm=1, entries=1, commitIndex=79}
02:19:44.564 [raft-server-1] TRACE i.a.p.raft.roles.LeaderAppender - RaftServer{1} - Sending AppendRequest{term=1, leader=1, prevLogIndex=79, prevLogTerm=1, entries=1, commitIndex=79} to 3
02:19:44.564 [raft-server-3] TRACE i.a.p.raft.roles.FollowerRole - RaftServer{3}{role=FOLLOWER} - Received AppendRequest{term=1, leader=1, prevLogIndex=79, prevLogTerm=1, entries=1, commitIndex=79}
02:19:44.564 [raft-server-1] TRACE i.a.p.raft.roles.LeaderAppender - RaftServer{1} - Received AppendResponse{status=OK, term=1, succeeded=true, lastLogIndex=79} from 3
02:19:44.564 [raft-server-2] TRACE i.a.p.raft.roles.FollowerRole - RaftServer{2}{role=FOLLOWER} - Appended Indexed{index=80, entry=CommandEntry{term=1, timestamp=2018-06-01 02:19:44,468, session=2, sequence=74, operation=PrimitiveOperation{id=DefaultOperationId{id=write, type=COMMAND}, value=byte[]{length=17, hash=-1644578928}}}}
02:19:44.564 [raft-server-3] TRACE i.a.p.raft.roles.FollowerRole - RaftServer{3}{role=FOLLOWER} - Appended Indexed{index=80, entry=CommandEntry{term=1, timestamp=2018-06-01 02:19:44,468, session=2, sequence=74, operation=PrimitiveOperation{id=DefaultOperationId{id=write, type=COMMAND}, value=byte[]{length=17, hash=-1644578928}}}}
02:19:44.564 [raft-server-1-state] TRACE i.a.p.raft.impl.RaftServiceManager - RaftServer{1} - Applying Indexed{index=79, entry=KeepAliveEntry{term=1, timestamp=2018-06-01 02:19:44,429, sessionIds=long[]{length=1, hash=33}, commandSequences=long[]{length=1, hash=103}, eventIndexes=long[]{length=1, hash=33}}}
02:19:44.565 [raft-server-1] TRACE i.a.protocols.raft.roles.LeaderRole - RaftServer{1}{role=LEADER} - Sending KeepAliveResponse{status=OK, leader=1, members=[2, 1, 3], sessionIds=long[]{length=1, hash=33}}
02:19:44.565 [raft-client-8d1a11e6-024d-41c6-816f-7d36669ce782-0] TRACE i.a.p.r.p.impl.RaftProxyConnection - RaftClient{8d1a11e6-024d-41c6-816f-7d36669ce782} - Received KeepAliveResponse{status=OK, leader=1, members=[2, 1, 3], sessionIds=long[]{length=1, hash=33}} from 1
02:19:44.598 [raft-server-2] TRACE i.a.p.raft.roles.FollowerRole - RaftServer{2}{role=FOLLOWER} - Committed entries up to index 79
02:19:44.599 [raft-server-3] TRACE i.a.p.raft.roles.FollowerRole - RaftServer{3}{role=FOLLOWER} - Committed entries up to index 79
02:19:44.599 [raft-server-2] TRACE i.a.p.raft.roles.FollowerRole - RaftServer{2}{role=FOLLOWER} - Sending AppendResponse{status=OK, term=1, succeeded=true, lastLogIndex=80}
02:19:44.599 [raft-server-3] TRACE i.a.p.raft.roles.FollowerRole - RaftServer{3}{role=FOLLOWER} - Sending AppendResponse{status=OK, term=1, succeeded=true, lastLogIndex=80}
02:19:44.599 [raft-server-1] TRACE i.a.p.raft.roles.LeaderAppender - RaftServer{1} - Received AppendResponse{status=OK, term=1, succeeded=true, lastLogIndex=80} from 2
02:19:44.599 [raft-server-1] TRACE i.a.p.raft.roles.LeaderAppender - RaftServer{1} - Committed entries up to 80
02:19:44.599 [raft-server-2-state] TRACE i.a.p.raft.impl.RaftServiceManager - RaftServer{2} - Applying Indexed{index=79, entry=KeepAliveEntry{term=1, timestamp=2018-06-01 02:19:44,429, sessionIds=long[]{length=1, hash=33}, commandSequences=long[]{length=1, hash=103}, eventIndexes=long[]{length=1, hash=33}}}
02:19:44.599 [raft-server-3-state] TRACE i.a.p.raft.impl.RaftServiceManager - RaftServer{3} - Applying Indexed{index=79, entry=KeepAliveEntry{term=1, timestamp=2018-06-01 02:19:44,429, sessionIds=long[]{length=1, hash=33}, commandSequences=long[]{length=1, hash=103}, eventIndexes=long[]{length=1, hash=33}}}
02:19:44.622 [raft-server-1] TRACE i.a.p.raft.roles.LeaderAppender - RaftServer{1} - Received AppendResponse{status=OK, term=1, succeeded=true, lastLogIndex=80} from 3
02:19:44.622 [raft-server-1-state] TRACE i.a.p.raft.impl.RaftServiceManager - RaftServer{1} - Applying Indexed{index=80, entry=CommandEntry{term=1, timestamp=2018-06-01 02:19:44,468, session=2, sequence=74, operation=PrimitiveOperation{id=DefaultOperationId{id=write, type=COMMAND}, value=byte[]{length=17, hash=-1644578928}}}}
02:19:44.623 [raft-server-1-state] TRACE i.a.p.s.impl.DefaultServiceExecutor - PrimitiveService{2}{type=PrimitiveType{name=test}, name=test} - Executing DefaultCommit{index=80, session=RaftSession{RaftServiceContext{server=1, type=PrimitiveType{name=test}, name=test, id=2}, session=2, timestamp=2018-06-01 02:19:44,468}, time=2018-06-01 02:19:44,468, operation=DefaultOperationId{id=write, type=COMMAND}, value=byte[]{length=17, hash=-1644578928}}
02:19:44.623 [raft-server-1-state] TRACE i.a.protocols.raft.roles.LeaderRole - RaftServer{1}{role=LEADER} - Sending CommandResponse{status=OK, index=80, eventIndex=2, result=byte[]{length=3, hash=35465}}
02:19:44.623 [raft-client-8d1a11e6-024d-41c6-816f-7d36669ce782-5] TRACE i.a.p.r.p.impl.RaftProxyConnection - PartitionProxy{2}{type=PrimitiveType{name=test}, name=test} - Received CommandResponse{status=OK, index=80, eventIndex=2, result=byte[]{length=3, hash=35465}} from 1
02:19:44.623 [raft-client-8d1a11e6-024d-41c6-816f-7d36669ce782-5] TRACE i.a.p.r.p.impl.RaftProxySequencer - PartitionProxy{2}{type=PrimitiveType{name=test}, name=test} - Completing response CommandResponse{status=OK, index=80, eventIndex=2, result=byte[]{length=3, hash=35465}}
02:19:44.624 [raft-client-8d1a11e6-024d-41c6-816f-7d36669ce782-7] TRACE i.a.p.r.p.impl.RaftProxyConnection - PartitionProxy{2}{type=PrimitiveType{name=test}, name=test} - Sending CommandRequest{session=2, sequence=75, operation=PrimitiveOperation{id=DefaultOperationId{id=write, type=COMMAND}, value=byte[]{length=17, hash=-1644578928}}} to 1
02:19:44.624 [raft-server-1] TRACE i.a.protocols.raft.roles.LeaderRole - RaftServer{1}{role=LEADER} - Received CommandRequest{session=2, sequence=75, operation=PrimitiveOperation{id=DefaultOperationId{id=write, type=COMMAND}, value=byte[]{length=17, hash=-1644578928}}}
02:19:44.657 [raft-server-1] DEBUG i.a.storage.journal.SegmentedJournal - Created disk segment: JournalSegment{id=9, version=1, index=81, size=64}
02:19:44.657 [raft-server-1] TRACE i.a.protocols.raft.roles.LeaderRole - RaftServer{1}{role=LEADER} - Appended Indexed{index=81, entry=CommandEntry{term=1, timestamp=2018-06-01 02:19:44,624, session=2, sequence=75, operation=PrimitiveOperation{id=DefaultOperationId{id=write, type=COMMAND}, value=byte[]{length=17, hash=-1644578928}}}}
02:19:44.657 [raft-server-1] TRACE i.a.p.raft.roles.LeaderAppender - RaftServer{1} - Sending AppendRequest{term=1, leader=1, prevLogIndex=80, prevLogTerm=1, entries=1, commitIndex=80} to 2
02:19:44.657 [raft-server-2] TRACE i.a.p.raft.roles.FollowerRole - RaftServer{2}{role=FOLLOWER} - Received AppendRequest{term=1, leader=1, prevLogIndex=80, prevLogTerm=1, entries=1, commitIndex=80}
02:19:44.658 [raft-server-1] TRACE i.a.p.raft.roles.LeaderAppender - RaftServer{1} - Sending AppendRequest{term=1, leader=1, prevLogIndex=80, prevLogTerm=1, entries=1, commitIndex=80} to 3
02:19:44.658 [raft-server-3] TRACE i.a.p.raft.roles.FollowerRole - RaftServer{3}{role=FOLLOWER} - Received AppendRequest{term=1, leader=1, prevLogIndex=80, prevLogTerm=1, entries=1, commitIndex=80}
02:19:44.747 [raft-server-2] DEBUG i.a.storage.journal.SegmentedJournal - Created disk segment: JournalSegment{id=9, version=1, index=81, size=64}
02:19:44.747 [raft-server-2] TRACE i.a.p.raft.roles.FollowerRole - RaftServer{2}{role=FOLLOWER} - Appended Indexed{index=81, entry=CommandEntry{term=1, timestamp=2018-06-01 02:19:44,624, session=2, sequence=75, operation=PrimitiveOperation{id=DefaultOperationId{id=write, type=COMMAND}, value=byte[]{length=17, hash=-1644578928}}}}
02:19:44.780 [raft-server-3] DEBUG i.a.storage.journal.SegmentedJournal - Created disk segment: JournalSegment{id=9, version=1, index=81, size=64}
02:19:44.781 [raft-server-3] TRACE i.a.p.raft.roles.FollowerRole - RaftServer{3}{role=FOLLOWER} - Appended Indexed{index=81, entry=CommandEntry{term=1, timestamp=2018-06-01 02:19:44,624, session=2, sequence=75, operation=PrimitiveOperation{id=DefaultOperationId{id=write, type=COMMAND}, value=byte[]{length=17, hash=-1644578928}}}}
02:19:44.807 [raft-server-2] TRACE i.a.p.raft.roles.FollowerRole - RaftServer{2}{role=FOLLOWER} - Committed entries up to index 80
02:19:44.807 [raft-server-2] TRACE i.a.p.raft.roles.FollowerRole - RaftServer{2}{role=FOLLOWER} - Sending AppendResponse{status=OK, term=1, succeeded=true, lastLogIndex=81}
02:19:44.807 [raft-server-1] TRACE i.a.p.raft.roles.LeaderAppender - RaftServer{1} - Received AppendResponse{status=OK, term=1, succeeded=true, lastLogIndex=81} from 2
02:19:44.807 [raft-server-1] TRACE i.a.p.raft.roles.LeaderAppender - RaftServer{1} - Committed entries up to 81
02:19:44.807 [raft-server-2-state] TRACE i.a.p.raft.impl.RaftServiceManager - RaftServer{2} - Applying Indexed{index=80, entry=CommandEntry{term=1, timestamp=2018-06-01 02:19:44,468, session=2, sequence=74, operation=PrimitiveOperation{id=DefaultOperationId{id=write, type=COMMAND}, value=byte[]{length=17, hash=-1644578928}}}}
02:19:44.807 [raft-server-2-state] TRACE i.a.p.s.impl.DefaultServiceExecutor - PrimitiveService{2}{type=PrimitiveType{name=test}, name=test} - Executing DefaultCommit{index=80, session=RaftSession{RaftServiceContext{server=2, type=PrimitiveType{name=test}, name=test, id=2}, session=2, timestamp=2018-06-01 02:19:44,468}, time=2018-06-01 02:19:44,468, operation=DefaultOperationId{id=write, type=COMMAND}, value=byte[]{length=17, hash=-1644578928}}
02:19:44.839 [raft-server-3] TRACE i.a.p.raft.roles.FollowerRole - RaftServer{3}{role=FOLLOWER} - Committed entries up to index 80
02:19:44.839 [raft-server-3] TRACE i.a.p.raft.roles.FollowerRole - RaftServer{3}{role=FOLLOWER} - Sending AppendResponse{status=OK, term=1, succeeded=true, lastLogIndex=81}
02:19:44.839 [raft-server-3-state] TRACE i.a.p.raft.impl.RaftServiceManager - RaftServer{3} - Applying Indexed{index=80, entry=CommandEntry{term=1, timestamp=2018-06-01 02:19:44,468, session=2, sequence=74, operation=PrimitiveOperation{id=DefaultOperationId{id=write, type=COMMAND}, value=byte[]{length=17, hash=-1644578928}}}}
02:19:44.839 [raft-server-3-state] TRACE i.a.p.s.impl.DefaultServiceExecutor - PrimitiveService{2}{type=PrimitiveType{name=test}, name=test} - Executing DefaultCommit{index=80, session=RaftSession{RaftServiceContext{server=3, type=PrimitiveType{name=test}, name=test, id=2}, session=2, timestamp=2018-06-01 02:19:44,468}, time=2018-06-01 02:19:44,468, operation=DefaultOperationId{id=write, type=COMMAND}, value=byte[]{length=17, hash=-1644578928}}
02:19:44.857 [raft-server-1] TRACE i.a.p.raft.roles.LeaderAppender - RaftServer{1} - Sending AppendRequest{term=1, leader=1, prevLogIndex=81, prevLogTerm=1, entries=0, commitIndex=81} to 2
02:19:44.857 [raft-server-1] TRACE i.a.p.raft.roles.LeaderAppender - RaftServer{1} - Received AppendResponse{status=OK, term=1, succeeded=true, lastLogIndex=81} from 3
02:19:44.857 [raft-server-2] TRACE i.a.p.raft.roles.FollowerRole - RaftServer{2}{role=FOLLOWER} - Received AppendRequest{term=1, leader=1, prevLogIndex=81, prevLogTerm=1, entries=0, commitIndex=81}
02:19:44.857 [raft-server-1] TRACE i.a.p.raft.roles.LeaderAppender - RaftServer{1} - Sending AppendRequest{term=1, leader=1, prevLogIndex=81, prevLogTerm=1, entries=0, commitIndex=81} to 3
02:19:44.857 [raft-server-3] TRACE i.a.p.raft.roles.FollowerRole - RaftServer{3}{role=FOLLOWER} - Received AppendRequest{term=1, leader=1, prevLogIndex=81, prevLogTerm=1, entries=0, commitIndex=81}
02:19:44.858 [raft-server-1-state] TRACE i.a.p.raft.impl.RaftServiceManager - RaftServer{1} - Applying Indexed{index=81, entry=CommandEntry{term=1, timestamp=2018-06-01 02:19:44,624, session=2, sequence=75, operation=PrimitiveOperation{id=DefaultOperationId{id=write, type=COMMAND}, value=byte[]{length=17, hash=-1644578928}}}}
02:19:44.858 [raft-server-1-state] TRACE i.a.p.s.impl.DefaultServiceExecutor - PrimitiveService{2}{type=PrimitiveType{name=test}, name=test} - Executing DefaultCommit{index=81, session=RaftSession{RaftServiceContext{server=1, type=PrimitiveType{name=test}, name=test, id=2}, session=2, timestamp=2018-06-01 02:19:44,624}, time=2018-06-01 02:19:44,624, operation=DefaultOperationId{id=write, type=COMMAND}, value=byte[]{length=17, hash=-1644578928}}
02:19:44.858 [raft-server-1-state] TRACE i.a.protocols.raft.roles.LeaderRole - RaftServer{1}{role=LEADER} - Sending CommandResponse{status=OK, index=81, eventIndex=2, result=byte[]{length=3, hash=35527}}
02:19:44.858 [raft-client-8d1a11e6-024d-41c6-816f-7d36669ce782-0] TRACE i.a.p.r.p.impl.RaftProxyConnection - PartitionProxy{2}{type=PrimitiveType{name=test}, name=test} - Received CommandResponse{status=OK, index=81, eventIndex=2, result=byte[]{length=3, hash=35527}} from 1
02:19:44.858 [raft-client-8d1a11e6-024d-41c6-816f-7d36669ce782-0] TRACE i.a.p.r.p.impl.RaftProxySequencer - PartitionProxy{2}{type=PrimitiveType{name=test}, name=test} - Completing response CommandResponse{status=OK, index=81, eventIndex=2, result=byte[]{length=3, hash=35527}}
02:19:44.859 [raft-client-8d1a11e6-024d-41c6-816f-7d36669ce782-1] TRACE i.a.p.r.p.impl.RaftProxyConnection - PartitionProxy{2}{type=PrimitiveType{name=test}, name=test} - Sending CommandRequest{session=2, sequence=76, operation=PrimitiveOperation{id=DefaultOperationId{id=write, type=COMMAND}, value=byte[]{length=17, hash=-1644578928}}} to 1
02:19:44.859 [raft-server-1] TRACE i.a.protocols.raft.roles.LeaderRole - RaftServer{1}{role=LEADER} - Received CommandRequest{session=2, sequence=76, operation=PrimitiveOperation{id=DefaultOperationId{id=write, type=COMMAND}, value=byte[]{length=17, hash=-1644578928}}}
02:19:44.859 [raft-server-1] TRACE i.a.protocols.raft.roles.LeaderRole - RaftServer{1}{role=LEADER} - Appended Indexed{index=82, entry=CommandEntry{term=1, timestamp=2018-06-01 02:19:44,859, session=2, sequence=76, operation=PrimitiveOperation{id=DefaultOperationId{id=write, type=COMMAND}, value=byte[]{length=17, hash=-1644578928}}}}
02:19:44.882 [raft-server-2] TRACE i.a.p.raft.roles.FollowerRole - RaftServer{2}{role=FOLLOWER} - Committed entries up to index 81
02:19:44.882 [raft-server-2] TRACE i.a.p.raft.roles.FollowerRole - RaftServer{2}{role=FOLLOWER} - Sending AppendResponse{status=OK, term=1, succeeded=true, lastLogIndex=81}
02:19:44.882 [raft-server-1] TRACE i.a.p.raft.roles.LeaderAppender - RaftServer{1} - Received AppendResponse{status=OK, term=1, succeeded=true, lastLogIndex=81} from 2
02:19:44.882 [raft-server-1] TRACE i.a.p.raft.roles.LeaderAppender - RaftServer{1} - Sending AppendRequest{term=1, leader=1, prevLogIndex=81, prevLogTerm=1, entries=1, commitIndex=81} to 2
02:19:44.882 [raft-server-2-state] TRACE i.a.p.raft.impl.RaftServiceManager - RaftServer{2} - Applying Indexed{index=81, entry=CommandEntry{term=1, timestamp=2018-06-01 02:19:44,624, session=2, sequence=75, operation=PrimitiveOperation{id=DefaultOperationId{id=write, type=COMMAND}, value=byte[]{length=17, hash=-1644578928}}}}
02:19:44.882 [raft-server-2] TRACE i.a.p.raft.roles.FollowerRole - RaftServer{2}{role=FOLLOWER} - Received AppendRequest{term=1, leader=1, prevLogIndex=81, prevLogTerm=1, entries=1, commitIndex=81}
02:19:44.882 [raft-server-2-state] TRACE i.a.p.s.impl.DefaultServiceExecutor - PrimitiveService{2}{type=PrimitiveType{name=test}, name=test} - Executing DefaultCommit{index=81, session=RaftSession{RaftServiceContext{server=2, type=PrimitiveType{name=test}, name=test, id=2}, session=2, timestamp=2018-06-01 02:19:44,624}, time=2018-06-01 02:19:44,624, operation=DefaultOperationId{id=write, type=COMMAND}, value=byte[]{length=17, hash=-1644578928}}
02:19:44.882 [raft-server-2] TRACE i.a.p.raft.roles.FollowerRole - RaftServer{2}{role=FOLLOWER} - Appended Indexed{index=82, entry=CommandEntry{term=1, timestamp=2018-06-01 02:19:44,859, session=2, sequence=76, operation=PrimitiveOperation{id=DefaultOperationId{id=write, type=COMMAND}, value=byte[]{length=17, hash=-1644578928}}}}
02:19:44.883 [raft-server-2] TRACE i.a.p.raft.roles.FollowerRole - RaftServer{2}{role=FOLLOWER} - Sending AppendResponse{status=OK, term=1, succeeded=true, lastLogIndex=82}
02:19:44.883 [raft-server-1] TRACE i.a.p.raft.roles.LeaderAppender - RaftServer{1} - Received AppendResponse{status=OK, term=1, succeeded=true, lastLogIndex=82} from 2
02:19:44.883 [raft-server-1] TRACE i.a.p.raft.roles.LeaderAppender - RaftServer{1} - Committed entries up to 82
02:19:44.914 [raft-server-3] TRACE i.a.p.raft.roles.FollowerRole - RaftServer{3}{role=FOLLOWER} - Committed entries up to index 81
02:19:44.914 [raft-server-3] TRACE i.a.p.raft.roles.FollowerRole - RaftServer{3}{role=FOLLOWER} - Sending AppendResponse{status=OK, term=1, succeeded=true, lastLogIndex=81}
02:19:44.914 [raft-server-3-state] TRACE i.a.p.raft.impl.RaftServiceManager - RaftServer{3} - Applying Indexed{index=81, entry=CommandEntry{term=1, timestamp=2018-06-01 02:19:44,624, session=2, sequence=75, operation=PrimitiveOperation{id=DefaultOperationId{id=write, type=COMMAND}, value=byte[]{length=17, hash=-1644578928}}}}
02:19:44.914 [raft-server-3-state] TRACE i.a.p.s.impl.DefaultServiceExecutor - PrimitiveService{2}{type=PrimitiveType{name=test}, name=test} - Executing DefaultCommit{index=81, session=RaftSession{RaftServiceContext{server=3, type=PrimitiveType{name=test}, name=test, id=2}, session=2, timestamp=2018-06-01 02:19:44,624}, time=2018-06-01 02:19:44,624, operation=DefaultOperationId{id=write, type=COMMAND}, value=byte[]{length=17, hash=-1644578928}}
02:19:44.932 [raft-server-1] TRACE i.a.p.raft.roles.LeaderAppender - RaftServer{1} - Received AppendResponse{status=OK, term=1, succeeded=true, lastLogIndex=81} from 3
02:19:44.932 [raft-server-1] TRACE i.a.p.raft.roles.LeaderAppender - RaftServer{1} - Sending AppendRequest{term=1, leader=1, prevLogIndex=81, prevLogTerm=1, entries=1, commitIndex=82} to 3
02:19:44.932 [raft-server-3] TRACE i.a.p.raft.roles.FollowerRole - RaftServer{3}{role=FOLLOWER} - Received AppendRequest{term=1, leader=1, prevLogIndex=81, prevLogTerm=1, entries=1, commitIndex=82}
02:19:44.932 [raft-server-1-state] TRACE i.a.p.raft.impl.RaftServiceManager - RaftServer{1} - Applying Indexed{index=82, entry=CommandEntry{term=1, timestamp=2018-06-01 02:19:44,859, session=2, sequence=76, operation=PrimitiveOperation{id=DefaultOperationId{id=write, type=COMMAND}, value=byte[]{length=17, hash=-1644578928}}}}
02:19:44.933 [raft-server-3] TRACE i.a.p.raft.roles.FollowerRole - RaftServer{3}{role=FOLLOWER} - Appended Indexed{index=82, entry=CommandEntry{term=1, timestamp=2018-06-01 02:19:44,859, session=2, sequence=76, operation=PrimitiveOperation{id=DefaultOperationId{id=write, type=COMMAND}, value=byte[]{length=17, hash=-1644578928}}}}
02:19:44.933 [raft-server-1-state] TRACE i.a.p.s.impl.DefaultServiceExecutor - PrimitiveService{2}{type=PrimitiveType{name=test}, name=test} - Executing DefaultCommit{index=82, session=RaftSession{RaftServiceContext{server=1, type=PrimitiveType{name=test}, name=test, id=2}, session=2, timestamp=2018-06-01 02:19:44,859}, time=2018-06-01 02:19:44,859, operation=DefaultOperationId{id=write, type=COMMAND}, value=byte[]{length=17, hash=-1644578928}}
02:19:44.933 [raft-server-1-state] TRACE i.a.protocols.raft.roles.LeaderRole - RaftServer{1}{role=LEADER} - Sending CommandResponse{status=OK, index=82, eventIndex=2, result=byte[]{length=3, hash=35589}}
02:19:44.933 [raft-client-8d1a11e6-024d-41c6-816f-7d36669ce782-6] TRACE i.a.p.r.p.impl.RaftProxyConnection - PartitionProxy{2}{type=PrimitiveType{name=test}, name=test} - Received CommandResponse{status=OK, index=82, eventIndex=2, result=byte[]{length=3, hash=35589}} from 1
02:19:44.933 [raft-client-8d1a11e6-024d-41c6-816f-7d36669ce782-6] TRACE i.a.p.r.p.impl.RaftProxySequencer - PartitionProxy{2}{type=PrimitiveType{name=test}, name=test} - Completing response CommandResponse{status=OK, index=82, eventIndex=2, result=byte[]{length=3, hash=35589}}
02:19:44.934 [raft-client-8d1a11e6-024d-41c6-816f-7d36669ce782-4] TRACE i.a.p.r.p.impl.RaftProxyConnection - PartitionProxy{2}{type=PrimitiveType{name=test}, name=test} - Sending CommandRequest{session=2, sequence=77, operation=PrimitiveOperation{id=DefaultOperationId{id=write, type=COMMAND}, value=byte[]{length=17, hash=-1644578928}}} to 1
02:19:44.934 [raft-server-1] TRACE i.a.protocols.raft.roles.LeaderRole - RaftServer{1}{role=LEADER} - Received CommandRequest{session=2, sequence=77, operation=PrimitiveOperation{id=DefaultOperationId{id=write, type=COMMAND}, value=byte[]{length=17, hash=-1644578928}}}
02:19:44.934 [raft-server-1] TRACE i.a.protocols.raft.roles.LeaderRole - RaftServer{1}{role=LEADER} - Appended Indexed{index=83, entry=CommandEntry{term=1, timestamp=2018-06-01 02:19:44,934, session=2, sequence=77, operation=PrimitiveOperation{id=DefaultOperationId{id=write, type=COMMAND}, value=byte[]{length=17, hash=-1644578928}}}}
02:19:44.934 [raft-server-1] TRACE i.a.p.raft.roles.LeaderAppender - RaftServer{1} - Sending AppendRequest{term=1, leader=1, prevLogIndex=82, prevLogTerm=1, entries=1, commitIndex=82} to 2
02:19:44.934 [raft-server-2] TRACE i.a.p.raft.roles.FollowerRole - RaftServer{2}{role=FOLLOWER} - Received AppendRequest{term=1, leader=1, prevLogIndex=82, prevLogTerm=1, entries=1, commitIndex=82}
02:19:44.935 [raft-server-2] TRACE i.a.p.raft.roles.FollowerRole - RaftServer{2}{role=FOLLOWER} - Appended Indexed{index=83, entry=CommandEntry{term=1, timestamp=2018-06-01 02:19:44,934, session=2, sequence=77, operation=PrimitiveOperation{id=DefaultOperationId{id=write, type=COMMAND}, value=byte[]{length=17, hash=-1644578928}}}}
02:19:44.973 [raft-server-3] TRACE i.a.p.raft.roles.FollowerRole - RaftServer{3}{role=FOLLOWER} - Committed entries up to index 82
02:19:44.974 [raft-server-3] TRACE i.a.p.raft.roles.FollowerRole - RaftServer{3}{role=FOLLOWER} - Sending AppendResponse{status=OK, term=1, succeeded=true, lastLogIndex=82}
02:19:44.974 [raft-server-1] TRACE i.a.p.raft.roles.LeaderAppender - RaftServer{1} - Received AppendResponse{status=OK, term=1, succeeded=true, lastLogIndex=82} from 3
02:19:44.974 [raft-server-1] TRACE i.a.p.raft.roles.LeaderAppender - RaftServer{1} - Sending AppendRequest{term=1, leader=1, prevLogIndex=82, prevLogTerm=1, entries=1, commitIndex=82} to 3
02:19:44.974 [raft-server-3-state] TRACE i.a.p.raft.impl.RaftServiceManager - RaftServer{3} - Applying Indexed{index=82, entry=CommandEntry{term=1, timestamp=2018-06-01 02:19:44,859, session=2, sequence=76, operation=PrimitiveOperation{id=DefaultOperationId{id=write, type=COMMAND}, value=byte[]{length=17, hash=-1644578928}}}}
02:19:44.974 [raft-server-3] TRACE i.a.p.raft.roles.FollowerRole - RaftServer{3}{role=FOLLOWER} - Received AppendRequest{term=1, leader=1, prevLogIndex=82, prevLogTerm=1, entries=1, commitIndex=82}
02:19:44.974 [raft-server-3-state] TRACE i.a.p.s.impl.DefaultServiceExecutor - PrimitiveService{2}{type=PrimitiveType{name=test}, name=test} - Executing DefaultCommit{index=82, session=RaftSession{RaftServiceContext{server=3, type=PrimitiveType{name=test}, name=test, id=2}, session=2, timestamp=2018-06-01 02:19:44,859}, time=2018-06-01 02:19:44,859, operation=DefaultOperationId{id=write, type=COMMAND}, value=byte[]{length=17, hash=-1644578928}}
02:19:44.974 [raft-server-3] TRACE i.a.p.raft.roles.FollowerRole - RaftServer{3}{role=FOLLOWER} - Appended Indexed{index=83, entry=CommandEntry{term=1, timestamp=2018-06-01 02:19:44,934, session=2, sequence=77, operation=PrimitiveOperation{id=DefaultOperationId{id=write, type=COMMAND}, value=byte[]{length=17, hash=-1644578928}}}}
02:19:44.975 [raft-server-3] TRACE i.a.p.raft.roles.FollowerRole - RaftServer{3}{role=FOLLOWER} - Sending AppendResponse{status=OK, term=1, succeeded=true, lastLogIndex=83}
02:19:44.975 [raft-server-1] TRACE i.a.p.raft.roles.LeaderAppender - RaftServer{1} - Received AppendResponse{status=OK, term=1, succeeded=true, lastLogIndex=83} from 3
02:19:44.975 [raft-server-1] TRACE i.a.p.raft.roles.LeaderAppender - RaftServer{1} - Committed entries up to 83
02:19:44.998 [raft-server-2] TRACE i.a.p.raft.roles.FollowerRole - RaftServer{2}{role=FOLLOWER} - Committed entries up to index 82
02:19:44.999 [raft-server-2] TRACE i.a.p.raft.roles.FollowerRole - RaftServer{2}{role=FOLLOWER} - Sending AppendResponse{status=OK, term=1, succeeded=true, lastLogIndex=83}
02:19:44.999 [raft-server-2-state] TRACE i.a.p.raft.impl.RaftServiceManager - RaftServer{2} - Applying Indexed{index=82, entry=CommandEntry{term=1, timestamp=2018-06-01 02:19:44,859, session=2, sequence=76, operation=PrimitiveOperation{id=DefaultOperationId{id=write, type=COMMAND}, value=byte[]{length=17, hash=-1644578928}}}}
02:19:44.999 [raft-server-2-state] TRACE i.a.p.s.impl.DefaultServiceExecutor - PrimitiveService{2}{type=PrimitiveType{name=test}, name=test} - Executing DefaultCommit{index=82, session=RaftSession{RaftServiceContext{server=2, type=PrimitiveType{name=test}, name=test, id=2}, session=2, timestamp=2018-06-01 02:19:44,859}, time=2018-06-01 02:19:44,859, operation=DefaultOperationId{id=write, type=COMMAND}, value=byte[]{length=17, hash=-1644578928}}
02:19:45.015 [raft-server-1] TRACE i.a.p.raft.roles.LeaderAppender - RaftServer{1} - Sending AppendRequest{term=1, leader=1, prevLogIndex=83, prevLogTerm=1, entries=0, commitIndex=83} to 3
02:19:45.016 [raft-server-1] TRACE i.a.p.raft.roles.LeaderAppender - RaftServer{1} - Received AppendResponse{status=OK, term=1, succeeded=true, lastLogIndex=83} from 2
02:19:45.016 [raft-server-3] TRACE i.a.p.raft.roles.FollowerRole - RaftServer{3}{role=FOLLOWER} - Received AppendRequest{term=1, leader=1, prevLogIndex=83, prevLogTerm=1, entries=0, commitIndex=83}
02:19:45.016 [raft-server-1] TRACE i.a.p.raft.roles.LeaderAppender - RaftServer{1} - Sending AppendRequest{term=1, leader=1, prevLogIndex=83, prevLogTerm=1, entries=0, commitIndex=83} to 2
02:19:45.016 [raft-server-2] TRACE i.a.p.raft.roles.FollowerRole - RaftServer{2}{role=FOLLOWER} - Received AppendRequest{term=1, leader=1, prevLogIndex=83, prevLogTerm=1, entries=0, commitIndex=83}
02:19:45.016 [raft-server-1-state] TRACE i.a.p.raft.impl.RaftServiceManager - RaftServer{1} - Applying Indexed{index=83, entry=CommandEntry{term=1, timestamp=2018-06-01 02:19:44,934, session=2, sequence=77, operation=PrimitiveOperation{id=DefaultOperationId{id=write, type=COMMAND}, value=byte[]{length=17, hash=-1644578928}}}}
02:19:45.016 [raft-server-1-state] TRACE i.a.p.s.impl.DefaultServiceExecutor - PrimitiveService{2}{type=PrimitiveType{name=test}, name=test} - Executing DefaultCommit{index=83, session=RaftSession{RaftServiceContext{server=1, type=PrimitiveType{name=test}, name=test, id=2}, session=2, timestamp=2018-06-01 02:19:44,934}, time=2018-06-01 02:19:44,934, operation=DefaultOperationId{id=write, type=COMMAND}, value=byte[]{length=17, hash=-1644578928}}
02:19:45.016 [raft-server-1-state] TRACE i.a.protocols.raft.roles.LeaderRole - RaftServer{1}{role=LEADER} - Sending CommandResponse{status=OK, index=83, eventIndex=2, result=byte[]{length=3, hash=35651}}
02:19:45.017 [raft-client-8d1a11e6-024d-41c6-816f-7d36669ce782-5] TRACE i.a.p.r.p.impl.RaftProxyConnection - PartitionProxy{2}{type=PrimitiveType{name=test}, name=test} - Received CommandResponse{status=OK, index=83, eventIndex=2, result=byte[]{length=3, hash=35651}} from 1
02:19:45.017 [raft-client-8d1a11e6-024d-41c6-816f-7d36669ce782-5] TRACE i.a.p.r.p.impl.RaftProxySequencer - PartitionProxy{2}{type=PrimitiveType{name=test}, name=test} - Completing response CommandResponse{status=OK, index=83, eventIndex=2, result=byte[]{length=3, hash=35651}}
02:19:45.017 [raft-client-8d1a11e6-024d-41c6-816f-7d36669ce782-5] TRACE i.a.p.r.p.impl.RaftProxyConnection - PartitionProxy{2}{type=PrimitiveType{name=test}, name=test} - Sending CommandRequest{session=2, sequence=78, operation=PrimitiveOperation{id=DefaultOperationId{id=write, type=COMMAND}, value=byte[]{length=17, hash=-1644578928}}} to 1
02:19:45.017 [raft-server-1] TRACE i.a.protocols.raft.roles.LeaderRole - RaftServer{1}{role=LEADER} - Received CommandRequest{session=2, sequence=78, operation=PrimitiveOperation{id=DefaultOperationId{id=write, type=COMMAND}, value=byte[]{length=17, hash=-1644578928}}}
02:19:45.018 [raft-server-1] TRACE i.a.protocols.raft.roles.LeaderRole - RaftServer{1}{role=LEADER} - Appended Indexed{index=84, entry=CommandEntry{term=1, timestamp=2018-06-01 02:19:45,017, session=2, sequence=78, operation=PrimitiveOperation{id=DefaultOperationId{id=write, type=COMMAND}, value=byte[]{length=17, hash=-1644578928}}}}
02:19:45.040 [raft-server-3] TRACE i.a.p.raft.roles.FollowerRole - RaftServer{3}{role=FOLLOWER} - Committed entries up to index 83
02:19:45.040 [raft-server-2] TRACE i.a.p.raft.roles.FollowerRole - RaftServer{2}{role=FOLLOWER} - Committed entries up to index 83
02:19:45.040 [raft-server-3] TRACE i.a.p.raft.roles.FollowerRole - RaftServer{3}{role=FOLLOWER} - Sending AppendResponse{status=OK, term=1, succeeded=true, lastLogIndex=83}
02:19:45.040 [raft-server-2] TRACE i.a.p.raft.roles.FollowerRole - RaftServer{2}{role=FOLLOWER} - Sending AppendResponse{status=OK, term=1, succeeded=true, lastLogIndex=83}
02:19:45.040 [raft-server-1] TRACE i.a.p.raft.roles.LeaderAppender - RaftServer{1} - Received AppendResponse{status=OK, term=1, succeeded=true, lastLogIndex=83} from 3
02:19:45.040 [raft-server-3-state] TRACE i.a.p.raft.impl.RaftServiceManager - RaftServer{3} - Applying Indexed{index=83, entry=CommandEntry{term=1, timestamp=2018-06-01 02:19:44,934, session=2, sequence=77, operation=PrimitiveOperation{id=DefaultOperationId{id=write, type=COMMAND}, value=byte[]{length=17, hash=-1644578928}}}}
02:19:45.040 [raft-server-2-state] TRACE i.a.p.raft.impl.RaftServiceManager - RaftServer{2} - Applying Indexed{index=83, entry=CommandEntry{term=1, timestamp=2018-06-01 02:19:44,934, session=2, sequence=77, operation=PrimitiveOperation{id=DefaultOperationId{id=write, type=COMMAND}, value=byte[]{length=17, hash=-1644578928}}}}
02:19:45.041 [raft-server-1] TRACE i.a.p.raft.roles.LeaderAppender - RaftServer{1} - Sending AppendRequest{term=1, leader=1, prevLogIndex=83, prevLogTerm=1, entries=1, commitIndex=83} to 3
02:19:45.041 [raft-server-3-state] TRACE i.a.p.s.impl.DefaultServiceExecutor - PrimitiveService{2}{type=PrimitiveType{name=test}, name=test} - Executing DefaultCommit{index=83, session=RaftSession{RaftServiceContext{server=3, type=PrimitiveType{name=test}, name=test, id=2}, session=2, timestamp=2018-06-01 02:19:44,934}, time=2018-06-01 02:19:44,934, operation=DefaultOperationId{id=write, type=COMMAND}, value=byte[]{length=17, hash=-1644578928}}
02:19:45.041 [raft-server-2-state] TRACE i.a.p.s.impl.DefaultServiceExecutor - PrimitiveService{2}{type=PrimitiveType{name=test}, name=test} - Executing DefaultCommit{index=83, session=RaftSession{RaftServiceContext{server=2, type=PrimitiveType{name=test}, name=test, id=2}, session=2, timestamp=2018-06-01 02:19:44,934}, time=2018-06-01 02:19:44,934, operation=DefaultOperationId{id=write, type=COMMAND}, value=byte[]{length=17, hash=-1644578928}}
02:19:45.041 [raft-server-3] TRACE i.a.p.raft.roles.FollowerRole - RaftServer{3}{role=FOLLOWER} - Received AppendRequest{term=1, leader=1, prevLogIndex=83, prevLogTerm=1, entries=1, commitIndex=83}
02:19:45.041 [raft-server-1] TRACE i.a.p.raft.roles.LeaderAppender - RaftServer{1} - Received AppendResponse{status=OK, term=1, succeeded=true, lastLogIndex=83} from 2
02:19:45.041 [raft-server-1] TRACE i.a.p.raft.roles.LeaderAppender - RaftServer{1} - Sending AppendRequest{term=1, leader=1, prevLogIndex=83, prevLogTerm=1, entries=1, commitIndex=83} to 2
02:19:45.041 [raft-server-3] TRACE i.a.p.raft.roles.FollowerRole - RaftServer{3}{role=FOLLOWER} - Appended Indexed{index=84, entry=CommandEntry{term=1, timestamp=2018-06-01 02:19:45,017, session=2, sequence=78, operation=PrimitiveOperation{id=DefaultOperationId{id=write, type=COMMAND}, value=byte[]{length=17, hash=-1644578928}}}}
02:19:45.041 [raft-server-3] TRACE i.a.p.raft.roles.FollowerRole - RaftServer{3}{role=FOLLOWER} - Sending AppendResponse{status=OK, term=1, succeeded=true, lastLogIndex=84}
02:19:45.041 [raft-server-2] TRACE i.a.p.raft.roles.FollowerRole - RaftServer{2}{role=FOLLOWER} - Received AppendRequest{term=1, leader=1, prevLogIndex=83, prevLogTerm=1, entries=1, commitIndex=83}
02:19:45.041 [raft-server-1] TRACE i.a.p.raft.roles.LeaderAppender - RaftServer{1} - Received AppendResponse{status=OK, term=1, succeeded=true, lastLogIndex=84} from 3
02:19:45.041 [raft-server-1] TRACE i.a.p.raft.roles.LeaderAppender - RaftServer{1} - Committed entries up to 84
02:19:45.041 [raft-server-2] TRACE i.a.p.raft.roles.FollowerRole - RaftServer{2}{role=FOLLOWER} - Appended Indexed{index=84, entry=CommandEntry{term=1, timestamp=2018-06-01 02:19:45,017, session=2, sequence=78, operation=PrimitiveOperation{id=DefaultOperationId{id=write, type=COMMAND}, value=byte[]{length=17, hash=-1644578928}}}}
02:19:45.041 [raft-server-2] TRACE i.a.p.raft.roles.FollowerRole - RaftServer{2}{role=FOLLOWER} - Sending AppendResponse{status=OK, term=1, succeeded=true, lastLogIndex=84}
02:19:45.074 [raft-server-1] TRACE i.a.p.raft.roles.LeaderAppender - RaftServer{1} - Received AppendResponse{status=OK, term=1, succeeded=true, lastLogIndex=84} from 2
02:19:45.074 [raft-server-1-state] TRACE i.a.p.raft.impl.RaftServiceManager - RaftServer{1} - Applying Indexed{index=84, entry=CommandEntry{term=1, timestamp=2018-06-01 02:19:45,017, session=2, sequence=78, operation=PrimitiveOperation{id=DefaultOperationId{id=write, type=COMMAND}, value=byte[]{length=17, hash=-1644578928}}}}
02:19:45.074 [raft-server-1-state] TRACE i.a.p.s.impl.DefaultServiceExecutor - PrimitiveService{2}{type=PrimitiveType{name=test}, name=test} - Executing DefaultCommit{index=84, session=RaftSession{RaftServiceContext{server=1, type=PrimitiveType{name=test}, name=test, id=2}, session=2, timestamp=2018-06-01 02:19:45,017}, time=2018-06-01 02:19:45,017, operation=DefaultOperationId{id=write, type=COMMAND}, value=byte[]{length=17, hash=-1644578928}}
02:19:45.074 [raft-server-1-state] TRACE i.a.protocols.raft.roles.LeaderRole - RaftServer{1}{role=LEADER} - Sending CommandResponse{status=OK, index=84, eventIndex=2, result=byte[]{length=3, hash=35713}}
02:19:45.074 [raft-client-8d1a11e6-024d-41c6-816f-7d36669ce782-0] TRACE i.a.p.r.p.impl.RaftProxyConnection - PartitionProxy{2}{type=PrimitiveType{name=test}, name=test} - Received CommandResponse{status=OK, index=84, eventIndex=2, result=byte[]{length=3, hash=35713}} from 1
02:19:45.074 [raft-client-8d1a11e6-024d-41c6-816f-7d36669ce782-0] TRACE i.a.p.r.p.impl.RaftProxySequencer - PartitionProxy{2}{type=PrimitiveType{name=test}, name=test} - Completing response CommandResponse{status=OK, index=84, eventIndex=2, result=byte[]{length=3, hash=35713}}
02:19:45.075 [raft-client-8d1a11e6-024d-41c6-816f-7d36669ce782-3] TRACE i.a.p.r.p.impl.RaftProxyConnection - PartitionProxy{2}{type=PrimitiveType{name=test}, name=test} - Sending CommandRequest{session=2, sequence=79, operation=PrimitiveOperation{id=DefaultOperationId{id=write, type=COMMAND}, value=byte[]{length=17, hash=-1644578928}}} to 1
02:19:45.075 [raft-server-1] TRACE i.a.protocols.raft.roles.LeaderRole - RaftServer{1}{role=LEADER} - Received CommandRequest{session=2, sequence=79, operation=PrimitiveOperation{id=DefaultOperationId{id=write, type=COMMAND}, value=byte[]{length=17, hash=-1644578928}}}
02:19:45.075 [raft-server-1] TRACE i.a.protocols.raft.roles.LeaderRole - RaftServer{1}{role=LEADER} - Appended Indexed{index=85, entry=CommandEntry{term=1, timestamp=2018-06-01 02:19:45,075, session=2, sequence=79, operation=PrimitiveOperation{id=DefaultOperationId{id=write, type=COMMAND}, value=byte[]{length=17, hash=-1644578928}}}}
02:19:45.076 [raft-server-1] TRACE i.a.p.raft.roles.LeaderAppender - RaftServer{1} - Sending AppendRequest{term=1, leader=1, prevLogIndex=84, prevLogTerm=1, entries=1, commitIndex=84} to 2
02:19:45.076 [raft-server-2] TRACE i.a.p.raft.roles.FollowerRole - RaftServer{2}{role=FOLLOWER} - Received AppendRequest{term=1, leader=1, prevLogIndex=84, prevLogTerm=1, entries=1, commitIndex=84}
02:19:45.076 [raft-server-1] TRACE i.a.p.raft.roles.LeaderAppender - RaftServer{1} - Sending AppendRequest{term=1, leader=1, prevLogIndex=84, prevLogTerm=1, entries=1, commitIndex=84} to 3
02:19:45.076 [raft-server-3] TRACE i.a.p.raft.roles.FollowerRole - RaftServer{3}{role=FOLLOWER} - Received AppendRequest{term=1, leader=1, prevLogIndex=84, prevLogTerm=1, entries=1, commitIndex=84}
02:19:45.076 [raft-server-2] TRACE i.a.p.raft.roles.FollowerRole - RaftServer{2}{role=FOLLOWER} - Appended Indexed{index=85, entry=CommandEntry{term=1, timestamp=2018-06-01 02:19:45,075, session=2, sequence=79, operation=PrimitiveOperation{id=DefaultOperationId{id=write, type=COMMAND}, value=byte[]{length=17, hash=-1644578928}}}}
02:19:45.076 [raft-server-3] TRACE i.a.p.raft.roles.FollowerRole - RaftServer{3}{role=FOLLOWER} - Appended Indexed{index=85, entry=CommandEntry{term=1, timestamp=2018-06-01 02:19:45,075, session=2, sequence=79, operation=PrimitiveOperation{id=DefaultOperationId{id=write, type=COMMAND}, value=byte[]{length=17, hash=-1644578928}}}}
02:19:45.107 [raft-server-2] TRACE i.a.p.raft.roles.FollowerRole - RaftServer{2}{role=FOLLOWER} - Committed entries up to index 84
02:19:45.107 [raft-server-3] TRACE i.a.p.raft.roles.FollowerRole - RaftServer{3}{role=FOLLOWER} - Committed entries up to index 84
02:19:45.107 [raft-server-2] TRACE i.a.p.raft.roles.FollowerRole - RaftServer{2}{role=FOLLOWER} - Sending AppendResponse{status=OK, term=1, succeeded=true, lastLogIndex=85}
02:19:45.107 [raft-server-3] TRACE i.a.p.raft.roles.FollowerRole - RaftServer{3}{role=FOLLOWER} - Sending AppendResponse{status=OK, term=1, succeeded=true, lastLogIndex=85}
02:19:45.107 [raft-server-1] TRACE i.a.p.raft.roles.LeaderAppender - RaftServer{1} - Received AppendResponse{status=OK, term=1, succeeded=true, lastLogIndex=85} from 2
02:19:45.107 [raft-server-2-state] TRACE i.a.p.raft.impl.RaftServiceManager - RaftServer{2} - Applying Indexed{index=84, entry=CommandEntry{term=1, timestamp=2018-06-01 02:19:45,017, session=2, sequence=78, operation=PrimitiveOperation{id=DefaultOperationId{id=write, type=COMMAND}, value=byte[]{length=17, hash=-1644578928}}}}
02:19:45.107 [raft-server-1] TRACE i.a.p.raft.roles.LeaderAppender - RaftServer{1} - Committed entries up to 85
02:19:45.107 [raft-server-3-state] TRACE i.a.p.raft.impl.RaftServiceManager - RaftServer{3} - Applying Indexed{index=84, entry=CommandEntry{term=1, timestamp=2018-06-01 02:19:45,017, session=2, sequence=78, operation=PrimitiveOperation{id=DefaultOperationId{id=write, type=COMMAND}, value=byte[]{length=17, hash=-1644578928}}}}
02:19:45.107 [raft-server-2-state] TRACE i.a.p.s.impl.DefaultServiceExecutor - PrimitiveService{2}{type=PrimitiveType{name=test}, name=test} - Executing DefaultCommit{index=84, session=RaftSession{RaftServiceContext{server=2, type=PrimitiveType{name=test}, name=test, id=2}, session=2, timestamp=2018-06-01 02:19:45,017}, time=2018-06-01 02:19:45,017, operation=DefaultOperationId{id=write, type=COMMAND}, value=byte[]{length=17, hash=-1644578928}}
02:19:45.107 [raft-server-3-state] TRACE i.a.p.s.impl.DefaultServiceExecutor - PrimitiveService{2}{type=PrimitiveType{name=test}, name=test} - Executing DefaultCommit{index=84, session=RaftSession{RaftServiceContext{server=3, type=PrimitiveType{name=test}, name=test, id=2}, session=2, timestamp=2018-06-01 02:19:45,017}, time=2018-06-01 02:19:45,017, operation=DefaultOperationId{id=write, type=COMMAND}, value=byte[]{length=17, hash=-1644578928}}
02:19:45.132 [raft-server-1] TRACE i.a.p.raft.roles.LeaderAppender - RaftServer{1} - Received AppendResponse{status=OK, term=1, succeeded=true, lastLogIndex=85} from 3
02:19:45.132 [raft-server-1-state] TRACE i.a.p.raft.impl.RaftServiceManager - RaftServer{1} - Applying Indexed{index=85, entry=CommandEntry{term=1, timestamp=2018-06-01 02:19:45,075, session=2, sequence=79, operation=PrimitiveOperation{id=DefaultOperationId{id=write, type=COMMAND}, value=byte[]{length=17, hash=-1644578928}}}}
02:19:45.132 [raft-server-1-state] TRACE i.a.p.s.impl.DefaultServiceExecutor - PrimitiveService{2}{type=PrimitiveType{name=test}, name=test} - Executing DefaultCommit{index=85, session=RaftSession{RaftServiceContext{server=1, type=PrimitiveType{name=test}, name=test, id=2}, session=2, timestamp=2018-06-01 02:19:45,075}, time=2018-06-01 02:19:45,075, operation=DefaultOperationId{id=write, type=COMMAND}, value=byte[]{length=17, hash=-1644578928}}
02:19:45.133 [raft-server-1-state] TRACE i.a.protocols.raft.roles.LeaderRole - RaftServer{1}{role=LEADER} - Sending CommandResponse{status=OK, index=85, eventIndex=2, result=byte[]{length=3, hash=35775}}
02:19:45.133 [raft-client-8d1a11e6-024d-41c6-816f-7d36669ce782-6] TRACE i.a.p.r.p.impl.RaftProxyConnection - PartitionProxy{2}{type=PrimitiveType{name=test}, name=test} - Received CommandResponse{status=OK, index=85, eventIndex=2, result=byte[]{length=3, hash=35775}} from 1
02:19:45.133 [raft-client-8d1a11e6-024d-41c6-816f-7d36669ce782-6] TRACE i.a.p.r.p.impl.RaftProxySequencer - PartitionProxy{2}{type=PrimitiveType{name=test}, name=test} - Completing response CommandResponse{status=OK, index=85, eventIndex=2, result=byte[]{length=3, hash=35775}}
02:19:45.133 [raft-client-8d1a11e6-024d-41c6-816f-7d36669ce782-6] TRACE i.a.p.r.p.impl.RaftProxyConnection - PartitionProxy{2}{type=PrimitiveType{name=test}, name=test} - Sending CommandRequest{session=2, sequence=80, operation=PrimitiveOperation{id=DefaultOperationId{id=write, type=COMMAND}, value=byte[]{length=17, hash=-1644578928}}} to 1
02:19:45.133 [raft-server-1] TRACE i.a.protocols.raft.roles.LeaderRole - RaftServer{1}{role=LEADER} - Received CommandRequest{session=2, sequence=80, operation=PrimitiveOperation{id=DefaultOperationId{id=write, type=COMMAND}, value=byte[]{length=17, hash=-1644578928}}}
02:19:45.134 [raft-server-1] TRACE i.a.protocols.raft.roles.LeaderRole - RaftServer{1}{role=LEADER} - Appended Indexed{index=86, entry=CommandEntry{term=1, timestamp=2018-06-01 02:19:45,133, session=2, sequence=80, operation=PrimitiveOperation{id=DefaultOperationId{id=write, type=COMMAND}, value=byte[]{length=17, hash=-1644578928}}}}
02:19:45.134 [raft-server-1] TRACE i.a.p.raft.roles.LeaderAppender - RaftServer{1} - Sending AppendRequest{term=1, leader=1, prevLogIndex=85, prevLogTerm=1, entries=1, commitIndex=85} to 2
02:19:45.134 [raft-server-2] TRACE i.a.p.raft.roles.FollowerRole - RaftServer{2}{role=FOLLOWER} - Received AppendRequest{term=1, leader=1, prevLogIndex=85, prevLogTerm=1, entries=1, commitIndex=85}
02:19:45.134 [raft-server-1] TRACE i.a.p.raft.roles.LeaderAppender - RaftServer{1} - Sending AppendRequest{term=1, leader=1, prevLogIndex=85, prevLogTerm=1, entries=1, commitIndex=85} to 3
02:19:45.134 [raft-server-2] TRACE i.a.p.raft.roles.FollowerRole - RaftServer{2}{role=FOLLOWER} - Appended Indexed{index=86, entry=CommandEntry{term=1, timestamp=2018-06-01 02:19:45,133, session=2, sequence=80, operation=PrimitiveOperation{id=DefaultOperationId{id=write, type=COMMAND}, value=byte[]{length=17, hash=-1644578928}}}}
02:19:45.134 [raft-server-3] TRACE i.a.p.raft.roles.FollowerRole - RaftServer{3}{role=FOLLOWER} - Received AppendRequest{term=1, leader=1, prevLogIndex=85, prevLogTerm=1, entries=1, commitIndex=85}
02:19:45.135 [raft-server-3] TRACE i.a.p.raft.roles.FollowerRole - RaftServer{3}{role=FOLLOWER} - Appended Indexed{index=86, entry=CommandEntry{term=1, timestamp=2018-06-01 02:19:45,133, session=2, sequence=80, operation=PrimitiveOperation{id=DefaultOperationId{id=write, type=COMMAND}, value=byte[]{length=17, hash=-1644578928}}}}
02:19:45.172 [raft-server-2] TRACE i.a.p.raft.roles.FollowerRole - RaftServer{2}{role=FOLLOWER} - Committed entries up to index 85
02:19:45.172 [raft-server-2] TRACE i.a.p.raft.roles.FollowerRole - RaftServer{2}{role=FOLLOWER} - Sending AppendResponse{status=OK, term=1, succeeded=true, lastLogIndex=86}
02:19:45.172 [raft-server-2-state] TRACE i.a.p.raft.impl.RaftServiceManager - RaftServer{2} - Applying Indexed{index=85, entry=CommandEntry{term=1, timestamp=2018-06-01 02:19:45,075, session=2, sequence=79, operation=PrimitiveOperation{id=DefaultOperationId{id=write, type=COMMAND}, value=byte[]{length=17, hash=-1644578928}}}}
02:19:45.172 [raft-server-1] TRACE i.a.p.raft.roles.LeaderAppender - RaftServer{1} - Received AppendResponse{status=OK, term=1, succeeded=true, lastLogIndex=86} from 2
02:19:45.172 [raft-server-1] TRACE i.a.p.raft.roles.LeaderAppender - RaftServer{1} - Committed entries up to 86
02:19:45.172 [raft-server-2-state] TRACE i.a.p.s.impl.DefaultServiceExecutor - PrimitiveService{2}{type=PrimitiveType{name=test}, name=test} - Executing DefaultCommit{index=85, session=RaftSession{RaftServiceContext{server=2, type=PrimitiveType{name=test}, name=test, id=2}, session=2, timestamp=2018-06-01 02:19:45,075}, time=2018-06-01 02:19:45,075, operation=DefaultOperationId{id=write, type=COMMAND}, value=byte[]{length=17, hash=-1644578928}}
02:19:45.207 [raft-server-3] TRACE i.a.p.raft.roles.FollowerRole - RaftServer{3}{role=FOLLOWER} - Committed entries up to index 85
02:19:45.207 [raft-server-3] TRACE i.a.p.raft.roles.FollowerRole - RaftServer{3}{role=FOLLOWER} - Sending AppendResponse{status=OK, term=1, succeeded=true, lastLogIndex=86}
02:19:45.207 [raft-server-3-state] TRACE i.a.p.raft.impl.RaftServiceManager - RaftServer{3} - Applying Indexed{index=85, entry=CommandEntry{term=1, timestamp=2018-06-01 02:19:45,075, session=2, sequence=79, operation=PrimitiveOperation{id=DefaultOperationId{id=write, type=COMMAND}, value=byte[]{length=17, hash=-1644578928}}}}
02:19:45.207 [raft-server-3-state] TRACE i.a.p.s.impl.DefaultServiceExecutor - PrimitiveService{2}{type=PrimitiveType{name=test}, name=test} - Executing DefaultCommit{index=85, session=RaftSession{RaftServiceContext{server=3, type=PrimitiveType{name=test}, name=test, id=2}, session=2, timestamp=2018-06-01 02:19:45,075}, time=2018-06-01 02:19:45,075, operation=DefaultOperationId{id=write, type=COMMAND}, value=byte[]{length=17, hash=-1644578928}}
02:19:45.240 [raft-server-1] TRACE i.a.p.raft.roles.LeaderAppender - RaftServer{1} - Received AppendResponse{status=OK, term=1, succeeded=true, lastLogIndex=86} from 3
02:19:45.240 [raft-server-1] TRACE i.a.p.raft.roles.LeaderAppender - RaftServer{1} - Sending AppendRequest{term=1, leader=1, prevLogIndex=86, prevLogTerm=1, entries=0, commitIndex=86} to 2
02:19:45.240 [raft-server-1] TRACE i.a.p.raft.roles.LeaderAppender - RaftServer{1} - Sending AppendRequest{term=1, leader=1, prevLogIndex=86, prevLogTerm=1, entries=0, commitIndex=86} to 3
02:19:45.241 [raft-server-2] TRACE i.a.p.raft.roles.FollowerRole - RaftServer{2}{role=FOLLOWER} - Received AppendRequest{term=1, leader=1, prevLogIndex=86, prevLogTerm=1, entries=0, commitIndex=86}
02:19:45.241 [raft-server-3] TRACE i.a.p.raft.roles.FollowerRole - RaftServer{3}{role=FOLLOWER} - Received AppendRequest{term=1, leader=1, prevLogIndex=86, prevLogTerm=1, entries=0, commitIndex=86}
02:19:45.241 [raft-server-1-state] TRACE i.a.p.raft.impl.RaftServiceManager - RaftServer{1} - Applying Indexed{index=86, entry=CommandEntry{term=1, timestamp=2018-06-01 02:19:45,133, session=2, sequence=80, operation=PrimitiveOperation{id=DefaultOperationId{id=write, type=COMMAND}, value=byte[]{length=17, hash=-1644578928}}}}
02:19:45.241 [raft-server-1-state] TRACE i.a.p.s.impl.DefaultServiceExecutor - PrimitiveService{2}{type=PrimitiveType{name=test}, name=test} - Executing DefaultCommit{index=86, session=RaftSession{RaftServiceContext{server=1, type=PrimitiveType{name=test}, name=test, id=2}, session=2, timestamp=2018-06-01 02:19:45,133}, time=2018-06-01 02:19:45,133, operation=DefaultOperationId{id=write, type=COMMAND}, value=byte[]{length=17, hash=-1644578928}}
02:19:45.241 [raft-server-1-state] TRACE i.a.protocols.raft.roles.LeaderRole - RaftServer{1}{role=LEADER} - Sending CommandResponse{status=OK, index=86, eventIndex=2, result=byte[]{length=3, hash=35837}}
02:19:45.241 [raft-client-8d1a11e6-024d-41c6-816f-7d36669ce782-2] TRACE i.a.p.r.p.impl.RaftProxyConnection - PartitionProxy{2}{type=PrimitiveType{name=test}, name=test} - Received CommandResponse{status=OK, index=86, eventIndex=2, result=byte[]{length=3, hash=35837}} from 1
02:19:45.241 [raft-client-8d1a11e6-024d-41c6-816f-7d36669ce782-2] TRACE i.a.p.r.p.impl.RaftProxySequencer - PartitionProxy{2}{type=PrimitiveType{name=test}, name=test} - Completing response CommandResponse{status=OK, index=86, eventIndex=2, result=byte[]{length=3, hash=35837}}
02:19:45.242 [raft-client-8d1a11e6-024d-41c6-816f-7d36669ce782-2] TRACE i.a.p.r.p.impl.RaftProxyConnection - PartitionProxy{2}{type=PrimitiveType{name=test}, name=test} - Sending CommandRequest{session=2, sequence=81, operation=PrimitiveOperation{id=DefaultOperationId{id=write, type=COMMAND}, value=byte[]{length=17, hash=-1644578928}}} to 1
02:19:45.242 [raft-server-1] TRACE i.a.protocols.raft.roles.LeaderRole - RaftServer{1}{role=LEADER} - Received CommandRequest{session=2, sequence=81, operation=PrimitiveOperation{id=DefaultOperationId{id=write, type=COMMAND}, value=byte[]{length=17, hash=-1644578928}}}
02:19:45.242 [raft-server-1] TRACE i.a.protocols.raft.roles.LeaderRole - RaftServer{1}{role=LEADER} - Appended Indexed{index=87, entry=CommandEntry{term=1, timestamp=2018-06-01 02:19:45,242, session=2, sequence=81, operation=PrimitiveOperation{id=DefaultOperationId{id=write, type=COMMAND}, value=byte[]{length=17, hash=-1644578928}}}}
02:19:45.250 [raft-server-1] DEBUG i.a.p.raft.impl.RaftServiceManager - RaftServer{1} - Snapshotting services
02:19:45.251 [raft-server-1-state] DEBUG i.a.p.r.s.snapshot.SnapshotStore - Created memory snapshot: MemorySnapshot{index=86}
02:19:45.252 [raft-server-1-state] DEBUG i.a.p.r.service.RaftServiceContext - PrimitiveService{2}{type=PrimitiveType{name=test}, name=test} - Taking snapshot 86
02:19:45.254 [raft-server-1-compaction] DEBUG i.a.p.r.s.snapshot.SnapshotStore - Created disk snapshot: FileSnapshot{index=86}
02:19:45.257 [raft-server-2] TRACE i.a.p.raft.roles.FollowerRole - RaftServer{2}{role=FOLLOWER} - Committed entries up to index 86
02:19:45.257 [raft-server-2] TRACE i.a.p.raft.roles.FollowerRole - RaftServer{2}{role=FOLLOWER} - Sending AppendResponse{status=OK, term=1, succeeded=true, lastLogIndex=86}
02:19:45.257 [raft-server-1] TRACE i.a.p.raft.roles.LeaderAppender - RaftServer{1} - Received AppendResponse{status=OK, term=1, succeeded=true, lastLogIndex=86} from 2
02:19:45.257 [raft-server-1] TRACE i.a.p.raft.roles.LeaderAppender - RaftServer{1} - Sending AppendRequest{term=1, leader=1, prevLogIndex=86, prevLogTerm=1, entries=1, commitIndex=86} to 2
02:19:45.257 [raft-server-2-state] TRACE i.a.p.raft.impl.RaftServiceManager - RaftServer{2} - Applying Indexed{index=86, entry=CommandEntry{term=1, timestamp=2018-06-01 02:19:45,133, session=2, sequence=80, operation=PrimitiveOperation{id=DefaultOperationId{id=write, type=COMMAND}, value=byte[]{length=17, hash=-1644578928}}}}
02:19:45.257 [raft-server-2] TRACE i.a.p.raft.roles.FollowerRole - RaftServer{2}{role=FOLLOWER} - Received AppendRequest{term=1, leader=1, prevLogIndex=86, prevLogTerm=1, entries=1, commitIndex=86}
02:19:45.257 [raft-server-2-state] TRACE i.a.p.s.impl.DefaultServiceExecutor - PrimitiveService{2}{type=PrimitiveType{name=test}, name=test} - Executing DefaultCommit{index=86, session=RaftSession{RaftServiceContext{server=2, type=PrimitiveType{name=test}, name=test, id=2}, session=2, timestamp=2018-06-01 02:19:45,133}, time=2018-06-01 02:19:45,133, operation=DefaultOperationId{id=write, type=COMMAND}, value=byte[]{length=17, hash=-1644578928}}
02:19:45.258 [raft-server-2] TRACE i.a.p.raft.roles.FollowerRole - RaftServer{2}{role=FOLLOWER} - Appended Indexed{index=87, entry=CommandEntry{term=1, timestamp=2018-06-01 02:19:45,242, session=2, sequence=81, operation=PrimitiveOperation{id=DefaultOperationId{id=write, type=COMMAND}, value=byte[]{length=17, hash=-1644578928}}}}
02:19:45.258 [raft-server-2] TRACE i.a.p.raft.roles.FollowerRole - RaftServer{2}{role=FOLLOWER} - Sending AppendResponse{status=OK, term=1, succeeded=true, lastLogIndex=87}
02:19:45.258 [raft-server-1] TRACE i.a.p.raft.roles.LeaderAppender - RaftServer{1} - Received AppendResponse{status=OK, term=1, succeeded=true, lastLogIndex=87} from 2
02:19:45.258 [raft-server-1] TRACE i.a.p.raft.roles.LeaderAppender - RaftServer{1} - Committed entries up to 87
02:19:45.289 [raft-server-3] TRACE i.a.p.raft.roles.FollowerRole - RaftServer{3}{role=FOLLOWER} - Committed entries up to index 86
02:19:45.289 [raft-server-3] TRACE i.a.p.raft.roles.FollowerRole - RaftServer{3}{role=FOLLOWER} - Sending AppendResponse{status=OK, term=1, succeeded=true, lastLogIndex=86}
02:19:45.289 [raft-server-3-state] TRACE i.a.p.raft.impl.RaftServiceManager - RaftServer{3} - Applying Indexed{index=86, entry=CommandEntry{term=1, timestamp=2018-06-01 02:19:45,133, session=2, sequence=80, operation=PrimitiveOperation{id=DefaultOperationId{id=write, type=COMMAND}, value=byte[]{length=17, hash=-1644578928}}}}
02:19:45.289 [raft-server-3-state] TRACE i.a.p.s.impl.DefaultServiceExecutor - PrimitiveService{2}{type=PrimitiveType{name=test}, name=test} - Executing DefaultCommit{index=86, session=RaftSession{RaftServiceContext{server=3, type=PrimitiveType{name=test}, name=test, id=2}, session=2, timestamp=2018-06-01 02:19:45,133}, time=2018-06-01 02:19:45,133, operation=DefaultOperationId{id=write, type=COMMAND}, value=byte[]{length=17, hash=-1644578928}}
02:19:45.300 [raft-server-2] DEBUG i.a.p.raft.impl.RaftServiceManager - RaftServer{2} - Snapshotting services
02:19:45.300 [raft-server-2-state] DEBUG i.a.p.r.s.snapshot.SnapshotStore - Created memory snapshot: MemorySnapshot{index=86}
02:19:45.300 [raft-server-2-state] DEBUG i.a.p.r.service.RaftServiceContext - PrimitiveService{2}{type=PrimitiveType{name=test}, name=test} - Taking snapshot 86
02:19:45.300 [raft-server-2-compaction] DEBUG i.a.p.r.s.snapshot.SnapshotStore - Created disk snapshot: FileSnapshot{index=86}
02:19:45.307 [raft-server-1] TRACE i.a.p.raft.roles.LeaderAppender - RaftServer{1} - Received AppendResponse{status=OK, term=1, succeeded=true, lastLogIndex=86} from 3
02:19:45.307 [raft-server-1] TRACE i.a.p.raft.roles.LeaderAppender - RaftServer{1} - Sending AppendRequest{term=1, leader=1, prevLogIndex=86, prevLogTerm=1, entries=1, commitIndex=87} to 3
02:19:45.307 [raft-server-3] TRACE i.a.p.raft.roles.FollowerRole - RaftServer{3}{role=FOLLOWER} - Received AppendRequest{term=1, leader=1, prevLogIndex=86, prevLogTerm=1, entries=1, commitIndex=87}
02:19:45.307 [raft-server-1-state] TRACE i.a.p.raft.impl.RaftServiceManager - RaftServer{1} - Applying Indexed{index=87, entry=CommandEntry{term=1, timestamp=2018-06-01 02:19:45,242, session=2, sequence=81, operation=PrimitiveOperation{id=DefaultOperationId{id=write, type=COMMAND}, value=byte[]{length=17, hash=-1644578928}}}}
02:19:45.307 [raft-server-3] TRACE i.a.p.raft.roles.FollowerRole - RaftServer{3}{role=FOLLOWER} - Appended Indexed{index=87, entry=CommandEntry{term=1, timestamp=2018-06-01 02:19:45,242, session=2, sequence=81, operation=PrimitiveOperation{id=DefaultOperationId{id=write, type=COMMAND}, value=byte[]{length=17, hash=-1644578928}}}}
02:19:45.307 [raft-server-1-state] TRACE i.a.p.s.impl.DefaultServiceExecutor - PrimitiveService{2}{type=PrimitiveType{name=test}, name=test} - Executing DefaultCommit{index=87, session=RaftSession{RaftServiceContext{server=1, type=PrimitiveType{name=test}, name=test, id=2}, session=2, timestamp=2018-06-01 02:19:45,242}, time=2018-06-01 02:19:45,242, operation=DefaultOperationId{id=write, type=COMMAND}, value=byte[]{length=17, hash=-1644578928}}
02:19:45.308 [raft-server-1-state] TRACE i.a.protocols.raft.roles.LeaderRole - RaftServer{1}{role=LEADER} - Sending CommandResponse{status=OK, index=87, eventIndex=2, result=byte[]{length=3, hash=35899}}
02:19:45.308 [raft-client-8d1a11e6-024d-41c6-816f-7d36669ce782-0] TRACE i.a.p.r.p.impl.RaftProxyConnection - PartitionProxy{2}{type=PrimitiveType{name=test}, name=test} - Received CommandResponse{status=OK, index=87, eventIndex=2, result=byte[]{length=3, hash=35899}} from 1
02:19:45.308 [raft-client-8d1a11e6-024d-41c6-816f-7d36669ce782-0] TRACE i.a.p.r.p.impl.RaftProxySequencer - PartitionProxy{2}{type=PrimitiveType{name=test}, name=test} - Completing response CommandResponse{status=OK, index=87, eventIndex=2, result=byte[]{length=3, hash=35899}}
02:19:45.308 [raft-client-8d1a11e6-024d-41c6-816f-7d36669ce782-4] TRACE i.a.p.r.p.impl.RaftProxyConnection - PartitionProxy{2}{type=PrimitiveType{name=test}, name=test} - Sending CommandRequest{session=2, sequence=82, operation=PrimitiveOperation{id=DefaultOperationId{id=write, type=COMMAND}, value=byte[]{length=17, hash=-1644578928}}} to 1
02:19:45.309 [raft-server-1] TRACE i.a.protocols.raft.roles.LeaderRole - RaftServer{1}{role=LEADER} - Received CommandRequest{session=2, sequence=82, operation=PrimitiveOperation{id=DefaultOperationId{id=write, type=COMMAND}, value=byte[]{length=17, hash=-1644578928}}}
02:19:45.309 [raft-server-1] TRACE i.a.protocols.raft.roles.LeaderRole - RaftServer{1}{role=LEADER} - Appended Indexed{index=88, entry=CommandEntry{term=1, timestamp=2018-06-01 02:19:45,309, session=2, sequence=82, operation=PrimitiveOperation{id=DefaultOperationId{id=write, type=COMMAND}, value=byte[]{length=17, hash=-1644578928}}}}
02:19:45.309 [raft-server-1] TRACE i.a.p.raft.roles.LeaderAppender - RaftServer{1} - Sending AppendRequest{term=1, leader=1, prevLogIndex=87, prevLogTerm=1, entries=1, commitIndex=87} to 2
02:19:45.309 [raft-server-2] TRACE i.a.p.raft.roles.FollowerRole - RaftServer{2}{role=FOLLOWER} - Received AppendRequest{term=1, leader=1, prevLogIndex=87, prevLogTerm=1, entries=1, commitIndex=87}
02:19:45.309 [raft-server-2] TRACE i.a.p.raft.roles.FollowerRole - RaftServer{2}{role=FOLLOWER} - Appended Indexed{index=88, entry=CommandEntry{term=1, timestamp=2018-06-01 02:19:45,309, session=2, sequence=82, operation=PrimitiveOperation{id=DefaultOperationId{id=write, type=COMMAND}, value=byte[]{length=17, hash=-1644578928}}}}
02:19:45.365 [raft-server-3] TRACE i.a.p.raft.roles.FollowerRole - RaftServer{3}{role=FOLLOWER} - Committed entries up to index 87
02:19:45.365 [raft-server-2] TRACE i.a.p.raft.roles.FollowerRole - RaftServer{2}{role=FOLLOWER} - Committed entries up to index 87
02:19:45.365 [raft-server-3] TRACE i.a.p.raft.roles.FollowerRole - RaftServer{3}{role=FOLLOWER} - Sending AppendResponse{status=OK, term=1, succeeded=true, lastLogIndex=87}
02:19:45.365 [raft-server-2] TRACE i.a.p.raft.roles.FollowerRole - RaftServer{2}{role=FOLLOWER} - Sending AppendResponse{status=OK, term=1, succeeded=true, lastLogIndex=88}
02:19:45.365 [raft-server-1] TRACE i.a.p.raft.roles.LeaderAppender - RaftServer{1} - Received AppendResponse{status=OK, term=1, succeeded=true, lastLogIndex=87} from 3
02:19:45.365 [raft-server-3-state] TRACE i.a.p.raft.impl.RaftServiceManager - RaftServer{3} - Applying Indexed{index=87, entry=CommandEntry{term=1, timestamp=2018-06-01 02:19:45,242, session=2, sequence=81, operation=PrimitiveOperation{id=DefaultOperationId{id=write, type=COMMAND}, value=byte[]{length=17, hash=-1644578928}}}}
02:19:45.366 [raft-server-2-state] TRACE i.a.p.raft.impl.RaftServiceManager - RaftServer{2} - Applying Indexed{index=87, entry=CommandEntry{term=1, timestamp=2018-06-01 02:19:45,242, session=2, sequence=81, operation=PrimitiveOperation{id=DefaultOperationId{id=write, type=COMMAND}, value=byte[]{length=17, hash=-1644578928}}}}
02:19:45.366 [raft-server-1] TRACE i.a.p.raft.roles.LeaderAppender - RaftServer{1} - Sending AppendRequest{term=1, leader=1, prevLogIndex=87, prevLogTerm=1, entries=1, commitIndex=87} to 3
02:19:45.366 [raft-server-3-state] TRACE i.a.p.s.impl.DefaultServiceExecutor - PrimitiveService{2}{type=PrimitiveType{name=test}, name=test} - Executing DefaultCommit{index=87, session=RaftSession{RaftServiceContext{server=3, type=PrimitiveType{name=test}, name=test, id=2}, session=2, timestamp=2018-06-01 02:19:45,242}, time=2018-06-01 02:19:45,242, operation=DefaultOperationId{id=write, type=COMMAND}, value=byte[]{length=17, hash=-1644578928}}
02:19:45.366 [raft-server-2-state] TRACE i.a.p.s.impl.DefaultServiceExecutor - PrimitiveService{2}{type=PrimitiveType{name=test}, name=test} - Executing DefaultCommit{index=87, session=RaftSession{RaftServiceContext{server=2, type=PrimitiveType{name=test}, name=test, id=2}, session=2, timestamp=2018-06-01 02:19:45,242}, time=2018-06-01 02:19:45,242, operation=DefaultOperationId{id=write, type=COMMAND}, value=byte[]{length=17, hash=-1644578928}}
02:19:45.366 [raft-server-3] TRACE i.a.p.raft.roles.FollowerRole - RaftServer{3}{role=FOLLOWER} - Received AppendRequest{term=1, leader=1, prevLogIndex=87, prevLogTerm=1, entries=1, commitIndex=87}
02:19:45.366 [raft-server-1] TRACE i.a.p.raft.roles.LeaderAppender - RaftServer{1} - Received AppendResponse{status=OK, term=1, succeeded=true, lastLogIndex=88} from 2
02:19:45.366 [raft-server-1] TRACE i.a.p.raft.roles.LeaderAppender - RaftServer{1} - Committed entries up to 88
02:19:45.366 [raft-server-3] TRACE i.a.p.raft.roles.FollowerRole - RaftServer{3}{role=FOLLOWER} - Appended Indexed{index=88, entry=CommandEntry{term=1, timestamp=2018-06-01 02:19:45,309, session=2, sequence=82, operation=PrimitiveOperation{id=DefaultOperationId{id=write, type=COMMAND}, value=byte[]{length=17, hash=-1644578928}}}}
02:19:45.366 [raft-server-3] TRACE i.a.p.raft.roles.FollowerRole - RaftServer{3}{role=FOLLOWER} - Sending AppendResponse{status=OK, term=1, succeeded=true, lastLogIndex=88}
02:19:45.366 [raft-server-3] DEBUG i.a.p.raft.impl.RaftServiceManager - RaftServer{3} - Snapshotting services
02:19:45.367 [raft-server-3-state] DEBUG i.a.p.r.s.snapshot.SnapshotStore - Created memory snapshot: MemorySnapshot{index=87}
02:19:45.367 [raft-server-3-state] DEBUG i.a.p.r.service.RaftServiceContext - PrimitiveService{2}{type=PrimitiveType{name=test}, name=test} - Taking snapshot 87
02:19:45.367 [raft-server-3-compaction] DEBUG i.a.p.r.s.snapshot.SnapshotStore - Created disk snapshot: FileSnapshot{index=87}
02:19:45.415 [raft-server-1] TRACE i.a.p.raft.roles.LeaderAppender - RaftServer{1} - Received AppendResponse{status=OK, term=1, succeeded=true, lastLogIndex=88} from 3
02:19:45.416 [raft-server-1-state] TRACE i.a.p.raft.impl.RaftServiceManager - RaftServer{1} - Applying Indexed{index=88, entry=CommandEntry{term=1, timestamp=2018-06-01 02:19:45,309, session=2, sequence=82, operation=PrimitiveOperation{id=DefaultOperationId{id=write, type=COMMAND}, value=byte[]{length=17, hash=-1644578928}}}}
02:19:45.416 [raft-server-1-state] TRACE i.a.p.s.impl.DefaultServiceExecutor - PrimitiveService{2}{type=PrimitiveType{name=test}, name=test} - Executing DefaultCommit{index=88, session=RaftSession{RaftServiceContext{server=1, type=PrimitiveType{name=test}, name=test, id=2}, session=2, timestamp=2018-06-01 02:19:45,309}, time=2018-06-01 02:19:45,309, operation=DefaultOperationId{id=write, type=COMMAND}, value=byte[]{length=17, hash=-1644578928}}
02:19:45.416 [raft-server-1-state] TRACE i.a.protocols.raft.roles.LeaderRole - RaftServer{1}{role=LEADER} - Sending CommandResponse{status=OK, index=88, eventIndex=2, result=byte[]{length=3, hash=35961}}
02:19:45.416 [raft-client-8d1a11e6-024d-41c6-816f-7d36669ce782-7] TRACE i.a.p.r.p.impl.RaftProxyConnection - PartitionProxy{2}{type=PrimitiveType{name=test}, name=test} - Received CommandResponse{status=OK, index=88, eventIndex=2, result=byte[]{length=3, hash=35961}} from 1
02:19:45.416 [raft-client-8d1a11e6-024d-41c6-816f-7d36669ce782-7] TRACE i.a.p.r.p.impl.RaftProxySequencer - PartitionProxy{2}{type=PrimitiveType{name=test}, name=test} - Completing response CommandResponse{status=OK, index=88, eventIndex=2, result=byte[]{length=3, hash=35961}}
02:19:45.417 [raft-client-8d1a11e6-024d-41c6-816f-7d36669ce782-7] TRACE i.a.p.r.p.impl.RaftProxyConnection - PartitionProxy{2}{type=PrimitiveType{name=test}, name=test} - Sending CommandRequest{session=2, sequence=83, operation=PrimitiveOperation{id=DefaultOperationId{id=write, type=COMMAND}, value=byte[]{length=17, hash=-1644578928}}} to 1
02:19:45.417 [raft-server-1] TRACE i.a.protocols.raft.roles.LeaderRole - RaftServer{1}{role=LEADER} - Received CommandRequest{session=2, sequence=83, operation=PrimitiveOperation{id=DefaultOperationId{id=write, type=COMMAND}, value=byte[]{length=17, hash=-1644578928}}}
02:19:45.417 [raft-server-1] TRACE i.a.protocols.raft.roles.LeaderRole - RaftServer{1}{role=LEADER} - Appended Indexed{index=89, entry=CommandEntry{term=1, timestamp=2018-06-01 02:19:45,417, session=2, sequence=83, operation=PrimitiveOperation{id=DefaultOperationId{id=write, type=COMMAND}, value=byte[]{length=17, hash=-1644578928}}}}
02:19:45.417 [raft-server-1] TRACE i.a.p.raft.roles.LeaderAppender - RaftServer{1} - Sending AppendRequest{term=1, leader=1, prevLogIndex=88, prevLogTerm=1, entries=1, commitIndex=88} to 2
02:19:45.417 [raft-server-2] TRACE i.a.p.raft.roles.FollowerRole - RaftServer{2}{role=FOLLOWER} - Received AppendRequest{term=1, leader=1, prevLogIndex=88, prevLogTerm=1, entries=1, commitIndex=88}
02:19:45.417 [raft-server-1] TRACE i.a.p.raft.roles.LeaderAppender - RaftServer{1} - Sending AppendRequest{term=1, leader=1, prevLogIndex=88, prevLogTerm=1, entries=1, commitIndex=88} to 3
02:19:45.418 [raft-server-2] TRACE i.a.p.raft.roles.FollowerRole - RaftServer{2}{role=FOLLOWER} - Appended Indexed{index=89, entry=CommandEntry{term=1, timestamp=2018-06-01 02:19:45,417, session=2, sequence=83, operation=PrimitiveOperation{id=DefaultOperationId{id=write, type=COMMAND}, value=byte[]{length=17, hash=-1644578928}}}}
02:19:45.418 [raft-server-3] TRACE i.a.p.raft.roles.FollowerRole - RaftServer{3}{role=FOLLOWER} - Received AppendRequest{term=1, leader=1, prevLogIndex=88, prevLogTerm=1, entries=1, commitIndex=88}
02:19:45.418 [raft-server-3] TRACE i.a.p.raft.roles.FollowerRole - RaftServer{3}{role=FOLLOWER} - Appended Indexed{index=89, entry=CommandEntry{term=1, timestamp=2018-06-01 02:19:45,417, session=2, sequence=83, operation=PrimitiveOperation{id=DefaultOperationId{id=write, type=COMMAND}, value=byte[]{length=17, hash=-1644578928}}}}
02:19:45.480 [raft-server-2] TRACE i.a.p.raft.roles.FollowerRole - RaftServer{2}{role=FOLLOWER} - Committed entries up to index 88
02:19:45.480 [raft-server-2] TRACE i.a.p.raft.roles.FollowerRole - RaftServer{2}{role=FOLLOWER} - Sending AppendResponse{status=OK, term=1, succeeded=true, lastLogIndex=89}
02:19:45.480 [raft-server-3] TRACE i.a.p.raft.roles.FollowerRole - RaftServer{3}{role=FOLLOWER} - Committed entries up to index 88
02:19:45.480 [raft-server-1] TRACE i.a.p.raft.roles.LeaderAppender - RaftServer{1} - Received AppendResponse{status=OK, term=1, succeeded=true, lastLogIndex=89} from 2
02:19:45.480 [raft-server-3] TRACE i.a.p.raft.roles.FollowerRole - RaftServer{3}{role=FOLLOWER} - Sending AppendResponse{status=OK, term=1, succeeded=true, lastLogIndex=89}
02:19:45.480 [raft-server-2-state] TRACE i.a.p.raft.impl.RaftServiceManager - RaftServer{2} - Applying Indexed{index=88, entry=CommandEntry{term=1, timestamp=2018-06-01 02:19:45,309, session=2, sequence=82, operation=PrimitiveOperation{id=DefaultOperationId{id=write, type=COMMAND}, value=byte[]{length=17, hash=-1644578928}}}}
02:19:45.481 [raft-server-1] TRACE i.a.p.raft.roles.LeaderAppender - RaftServer{1} - Committed entries up to 89
02:19:45.481 [raft-server-2-state] TRACE i.a.p.s.impl.DefaultServiceExecutor - PrimitiveService{2}{type=PrimitiveType{name=test}, name=test} - Executing DefaultCommit{index=88, session=RaftSession{RaftServiceContext{server=2, type=PrimitiveType{name=test}, name=test, id=2}, session=2, timestamp=2018-06-01 02:19:45,309}, time=2018-06-01 02:19:45,309, operation=DefaultOperationId{id=write, type=COMMAND}, value=byte[]{length=17, hash=-1644578928}}
02:19:45.481 [raft-server-3-state] TRACE i.a.p.raft.impl.RaftServiceManager - RaftServer{3} - Applying Indexed{index=88, entry=CommandEntry{term=1, timestamp=2018-06-01 02:19:45,309, session=2, sequence=82, operation=PrimitiveOperation{id=DefaultOperationId{id=write, type=COMMAND}, value=byte[]{length=17, hash=-1644578928}}}}
02:19:45.481 [raft-server-3-state] TRACE i.a.p.s.impl.DefaultServiceExecutor - PrimitiveService{2}{type=PrimitiveType{name=test}, name=test} - Executing DefaultCommit{index=88, session=RaftSession{RaftServiceContext{server=3, type=PrimitiveType{name=test}, name=test, id=2}, session=2, timestamp=2018-06-01 02:19:45,309}, time=2018-06-01 02:19:45,309, operation=DefaultOperationId{id=write, type=COMMAND}, value=byte[]{length=17, hash=-1644578928}}
02:19:45.515 [raft-server-1] TRACE i.a.p.raft.roles.LeaderAppender - RaftServer{1} - Sending AppendRequest{term=1, leader=1, prevLogIndex=89, prevLogTerm=1, entries=0, commitIndex=89} to 2
02:19:45.515 [raft-server-1] TRACE i.a.p.raft.roles.LeaderAppender - RaftServer{1} - Received AppendResponse{status=OK, term=1, succeeded=true, lastLogIndex=89} from 3
02:19:45.515 [raft-server-2] TRACE i.a.p.raft.roles.FollowerRole - RaftServer{2}{role=FOLLOWER} - Received AppendRequest{term=1, leader=1, prevLogIndex=89, prevLogTerm=1, entries=0, commitIndex=89}
02:19:45.516 [raft-server-1] TRACE i.a.p.raft.roles.LeaderAppender - RaftServer{1} - Sending AppendRequest{term=1, leader=1, prevLogIndex=89, prevLogTerm=1, entries=0, commitIndex=89} to 3
02:19:45.516 [raft-server-3] TRACE i.a.p.raft.roles.FollowerRole - RaftServer{3}{role=FOLLOWER} - Received AppendRequest{term=1, leader=1, prevLogIndex=89, prevLogTerm=1, entries=0, commitIndex=89}
02:19:45.516 [raft-server-1-state] TRACE i.a.p.raft.impl.RaftServiceManager - RaftServer{1} - Applying Indexed{index=89, entry=CommandEntry{term=1, timestamp=2018-06-01 02:19:45,417, session=2, sequence=83, operation=PrimitiveOperation{id=DefaultOperationId{id=write, type=COMMAND}, value=byte[]{length=17, hash=-1644578928}}}}
02:19:45.516 [raft-server-1-state] TRACE i.a.p.s.impl.DefaultServiceExecutor - PrimitiveService{2}{type=PrimitiveType{name=test}, name=test} - Executing DefaultCommit{index=89, session=RaftSession{RaftServiceContext{server=1, type=PrimitiveType{name=test}, name=test, id=2}, session=2, timestamp=2018-06-01 02:19:45,417}, time=2018-06-01 02:19:45,417, operation=DefaultOperationId{id=write, type=COMMAND}, value=byte[]{length=17, hash=-1644578928}}
02:19:45.516 [raft-server-1-state] TRACE i.a.protocols.raft.roles.LeaderRole - RaftServer{1}{role=LEADER} - Sending CommandResponse{status=OK, index=89, eventIndex=2, result=byte[]{length=3, hash=36023}}
02:19:45.516 [raft-client-8d1a11e6-024d-41c6-816f-7d36669ce782-1] TRACE i.a.p.r.p.impl.RaftProxyConnection - PartitionProxy{2}{type=PrimitiveType{name=test}, name=test} - Received CommandResponse{status=OK, index=89, eventIndex=2, result=byte[]{length=3, hash=36023}} from 1
02:19:45.517 [raft-client-8d1a11e6-024d-41c6-816f-7d36669ce782-1] TRACE i.a.p.r.p.impl.RaftProxySequencer - PartitionProxy{2}{type=PrimitiveType{name=test}, name=test} - Completing response CommandResponse{status=OK, index=89, eventIndex=2, result=byte[]{length=3, hash=36023}}
02:19:45.517 [raft-client-8d1a11e6-024d-41c6-816f-7d36669ce782-1] TRACE i.a.p.r.p.impl.RaftProxyConnection - PartitionProxy{2}{type=PrimitiveType{name=test}, name=test} - Sending CommandRequest{session=2, sequence=84, operation=PrimitiveOperation{id=DefaultOperationId{id=write, type=COMMAND}, value=byte[]{length=17, hash=-1644578928}}} to 1
02:19:45.517 [raft-server-1] TRACE i.a.protocols.raft.roles.LeaderRole - RaftServer{1}{role=LEADER} - Received CommandRequest{session=2, sequence=84, operation=PrimitiveOperation{id=DefaultOperationId{id=write, type=COMMAND}, value=byte[]{length=17, hash=-1644578928}}}
02:19:45.518 [raft-server-1] TRACE i.a.protocols.raft.roles.LeaderRole - RaftServer{1}{role=LEADER} - Appended Indexed{index=90, entry=CommandEntry{term=1, timestamp=2018-06-01 02:19:45,517, session=2, sequence=84, operation=PrimitiveOperation{id=DefaultOperationId{id=write, type=COMMAND}, value=byte[]{length=17, hash=-1644578928}}}}
02:19:45.555 [raft-server-2] TRACE i.a.p.raft.roles.FollowerRole - RaftServer{2}{role=FOLLOWER} - Committed entries up to index 89
02:19:45.555 [raft-server-2] TRACE i.a.p.raft.roles.FollowerRole - RaftServer{2}{role=FOLLOWER} - Sending AppendResponse{status=OK, term=1, succeeded=true, lastLogIndex=89}
02:19:45.555 [raft-server-1] TRACE i.a.p.raft.roles.LeaderAppender - RaftServer{1} - Received AppendResponse{status=OK, term=1, succeeded=true, lastLogIndex=89} from 2
02:19:45.555 [raft-server-2-state] TRACE i.a.p.raft.impl.RaftServiceManager - RaftServer{2} - Applying Indexed{index=89, entry=CommandEntry{term=1, timestamp=2018-06-01 02:19:45,417, session=2, sequence=83, operation=PrimitiveOperation{id=DefaultOperationId{id=write, type=COMMAND}, value=byte[]{length=17, hash=-1644578928}}}}
02:19:45.556 [raft-server-1] TRACE i.a.p.raft.roles.LeaderAppender - RaftServer{1} - Sending AppendRequest{term=1, leader=1, prevLogIndex=89, prevLogTerm=1, entries=1, commitIndex=89} to 2
02:19:45.556 [raft-server-2] TRACE i.a.p.raft.roles.FollowerRole - RaftServer{2}{role=FOLLOWER} - Received AppendRequest{term=1, leader=1, prevLogIndex=89, prevLogTerm=1, entries=1, commitIndex=89}
02:19:45.556 [raft-server-2-state] TRACE i.a.p.s.impl.DefaultServiceExecutor - PrimitiveService{2}{type=PrimitiveType{name=test}, name=test} - Executing DefaultCommit{index=89, session=RaftSession{RaftServiceContext{server=2, type=PrimitiveType{name=test}, name=test, id=2}, session=2, timestamp=2018-06-01 02:19:45,417}, time=2018-06-01 02:19:45,417, operation=DefaultOperationId{id=write, type=COMMAND}, value=byte[]{length=17, hash=-1644578928}}
02:19:45.556 [raft-server-2] TRACE i.a.p.raft.roles.FollowerRole - RaftServer{2}{role=FOLLOWER} - Appended Indexed{index=90, entry=CommandEntry{term=1, timestamp=2018-06-01 02:19:45,517, session=2, sequence=84, operation=PrimitiveOperation{id=DefaultOperationId{id=write, type=COMMAND}, value=byte[]{length=17, hash=-1644578928}}}}
02:19:45.556 [raft-server-2] TRACE i.a.p.raft.roles.FollowerRole - RaftServer{2}{role=FOLLOWER} - Sending AppendResponse{status=OK, term=1, succeeded=true, lastLogIndex=90}
02:19:45.556 [raft-server-1] TRACE i.a.p.raft.roles.LeaderAppender - RaftServer{1} - Received AppendResponse{status=OK, term=1, succeeded=true, lastLogIndex=90} from 2
02:19:45.556 [raft-server-1] TRACE i.a.p.raft.roles.LeaderAppender - RaftServer{1} - Committed entries up to 90
02:19:45.589 [raft-server-3] TRACE i.a.p.raft.roles.FollowerRole - RaftServer{3}{role=FOLLOWER} - Committed entries up to index 89
02:19:45.589 [raft-server-3] TRACE i.a.p.raft.roles.FollowerRole - RaftServer{3}{role=FOLLOWER} - Sending AppendResponse{status=OK, term=1, succeeded=true, lastLogIndex=89}
02:19:45.589 [raft-server-3-state] TRACE i.a.p.raft.impl.RaftServiceManager - RaftServer{3} - Applying Indexed{index=89, entry=CommandEntry{term=1, timestamp=2018-06-01 02:19:45,417, session=2, sequence=83, operation=PrimitiveOperation{id=DefaultOperationId{id=write, type=COMMAND}, value=byte[]{length=17, hash=-1644578928}}}}
02:19:45.589 [raft-server-3-state] TRACE i.a.p.s.impl.DefaultServiceExecutor - PrimitiveService{2}{type=PrimitiveType{name=test}, name=test} - Executing DefaultCommit{index=89, session=RaftSession{RaftServiceContext{server=3, type=PrimitiveType{name=test}, name=test, id=2}, session=2, timestamp=2018-06-01 02:19:45,417}, time=2018-06-01 02:19:45,417, operation=DefaultOperationId{id=write, type=COMMAND}, value=byte[]{length=17, hash=-1644578928}}
02:19:45.639 [raft-server-1] TRACE i.a.p.raft.roles.LeaderAppender - RaftServer{1} - Received AppendResponse{status=OK, term=1, succeeded=true, lastLogIndex=89} from 3
02:19:45.639 [raft-server-1] TRACE i.a.p.raft.roles.LeaderAppender - RaftServer{1} - Sending AppendRequest{term=1, leader=1, prevLogIndex=89, prevLogTerm=1, entries=1, commitIndex=90} to 3
02:19:45.639 [raft-server-3] TRACE i.a.p.raft.roles.FollowerRole - RaftServer{3}{role=FOLLOWER} - Received AppendRequest{term=1, leader=1, prevLogIndex=89, prevLogTerm=1, entries=1, commitIndex=90}
02:19:45.639 [raft-server-1-state] TRACE i.a.p.raft.impl.RaftServiceManager - RaftServer{1} - Applying Indexed{index=90, entry=CommandEntry{term=1, timestamp=2018-06-01 02:19:45,517, session=2, sequence=84, operation=PrimitiveOperation{id=DefaultOperationId{id=write, type=COMMAND}, value=byte[]{length=17, hash=-1644578928}}}}
02:19:45.639 [raft-server-3] TRACE i.a.p.raft.roles.FollowerRole - RaftServer{3}{role=FOLLOWER} - Appended Indexed{index=90, entry=CommandEntry{term=1, timestamp=2018-06-01 02:19:45,517, session=2, sequence=84, operation=PrimitiveOperation{id=DefaultOperationId{id=write, type=COMMAND}, value=byte[]{length=17, hash=-1644578928}}}}
02:19:45.639 [raft-server-1-state] TRACE i.a.p.s.impl.DefaultServiceExecutor - PrimitiveService{2}{type=PrimitiveType{name=test}, name=test} - Executing DefaultCommit{index=90, session=RaftSession{RaftServiceContext{server=1, type=PrimitiveType{name=test}, name=test, id=2}, session=2, timestamp=2018-06-01 02:19:45,517}, time=2018-06-01 02:19:45,517, operation=DefaultOperationId{id=write, type=COMMAND}, value=byte[]{length=17, hash=-1644578928}}
02:19:45.639 [raft-server-1-state] TRACE i.a.protocols.raft.roles.LeaderRole - RaftServer{1}{role=LEADER} - Sending CommandResponse{status=OK, index=90, eventIndex=2, result=byte[]{length=3, hash=36085}}
02:19:45.639 [raft-client-8d1a11e6-024d-41c6-816f-7d36669ce782-0] TRACE i.a.p.r.p.impl.RaftProxyConnection - PartitionProxy{2}{type=PrimitiveType{name=test}, name=test} - Received CommandResponse{status=OK, index=90, eventIndex=2, result=byte[]{length=3, hash=36085}} from 1
02:19:45.640 [raft-client-8d1a11e6-024d-41c6-816f-7d36669ce782-0] TRACE i.a.p.r.p.impl.RaftProxySequencer - PartitionProxy{2}{type=PrimitiveType{name=test}, name=test} - Completing response CommandResponse{status=OK, index=90, eventIndex=2, result=byte[]{length=3, hash=36085}}
02:19:45.640 [raft-client-8d1a11e6-024d-41c6-816f-7d36669ce782-0] TRACE i.a.p.r.p.impl.RaftProxyConnection - PartitionProxy{2}{type=PrimitiveType{name=test}, name=test} - Sending CommandRequest{session=2, sequence=85, operation=PrimitiveOperation{id=DefaultOperationId{id=write, type=COMMAND}, value=byte[]{length=17, hash=-1644578928}}} to 1
02:19:45.640 [raft-server-1] TRACE i.a.protocols.raft.roles.LeaderRole - RaftServer{1}{role=LEADER} - Received CommandRequest{session=2, sequence=85, operation=PrimitiveOperation{id=DefaultOperationId{id=write, type=COMMAND}, value=byte[]{length=17, hash=-1644578928}}}
02:19:45.672 [raft-server-3] TRACE i.a.p.raft.roles.FollowerRole - RaftServer{3}{role=FOLLOWER} - Committed entries up to index 90
02:19:45.672 [raft-server-3] TRACE i.a.p.raft.roles.FollowerRole - RaftServer{3}{role=FOLLOWER} - Sending AppendResponse{status=OK, term=1, succeeded=true, lastLogIndex=90}
02:19:45.672 [raft-server-3-state] TRACE i.a.p.raft.impl.RaftServiceManager - RaftServer{3} - Applying Indexed{index=90, entry=CommandEntry{term=1, timestamp=2018-06-01 02:19:45,517, session=2, sequence=84, operation=PrimitiveOperation{id=DefaultOperationId{id=write, type=COMMAND}, value=byte[]{length=17, hash=-1644578928}}}}
02:19:45.672 [raft-server-3-state] TRACE i.a.p.s.impl.DefaultServiceExecutor - PrimitiveService{2}{type=PrimitiveType{name=test}, name=test} - Executing DefaultCommit{index=90, session=RaftSession{RaftServiceContext{server=3, type=PrimitiveType{name=test}, name=test, id=2}, session=2, timestamp=2018-06-01 02:19:45,517}, time=2018-06-01 02:19:45,517, operation=DefaultOperationId{id=write, type=COMMAND}, value=byte[]{length=17, hash=-1644578928}}
02:19:45.723 [raft-server-1] DEBUG i.a.storage.journal.SegmentedJournal - Created disk segment: JournalSegment{id=10, version=1, index=91, size=64}
02:19:45.724 [raft-server-1] TRACE i.a.protocols.raft.roles.LeaderRole - RaftServer{1}{role=LEADER} - Appended Indexed{index=91, entry=CommandEntry{term=1, timestamp=2018-06-01 02:19:45,640, session=2, sequence=85, operation=PrimitiveOperation{id=DefaultOperationId{id=write, type=COMMAND}, value=byte[]{length=17, hash=-1644578928}}}}
02:19:45.724 [raft-server-1] TRACE i.a.p.raft.roles.LeaderAppender - RaftServer{1} - Received AppendResponse{status=OK, term=1, succeeded=true, lastLogIndex=90} from 3
02:19:45.724 [raft-server-1] TRACE i.a.p.raft.roles.LeaderAppender - RaftServer{1} - Sending AppendRequest{term=1, leader=1, prevLogIndex=90, prevLogTerm=1, entries=1, commitIndex=90} to 3
02:19:45.724 [raft-server-3] TRACE i.a.p.raft.roles.FollowerRole - RaftServer{3}{role=FOLLOWER} - Received AppendRequest{term=1, leader=1, prevLogIndex=90, prevLogTerm=1, entries=1, commitIndex=90}
02:19:45.724 [raft-server-1] TRACE i.a.p.raft.roles.LeaderAppender - RaftServer{1} - Sending AppendRequest{term=1, leader=1, prevLogIndex=90, prevLogTerm=1, entries=1, commitIndex=90} to 2
02:19:45.724 [raft-server-2] TRACE i.a.p.raft.roles.FollowerRole - RaftServer{2}{role=FOLLOWER} - Received AppendRequest{term=1, leader=1, prevLogIndex=90, prevLogTerm=1, entries=1, commitIndex=90}
02:19:45.822 [raft-server-3] DEBUG i.a.storage.journal.SegmentedJournal - Created disk segment: JournalSegment{id=10, version=1, index=91, size=64}
02:19:45.822 [raft-server-3] TRACE i.a.p.raft.roles.FollowerRole - RaftServer{3}{role=FOLLOWER} - Appended Indexed{index=91, entry=CommandEntry{term=1, timestamp=2018-06-01 02:19:45,640, session=2, sequence=85, operation=PrimitiveOperation{id=DefaultOperationId{id=write, type=COMMAND}, value=byte[]{length=17, hash=-1644578928}}}}
02:19:45.822 [raft-server-3] TRACE i.a.p.raft.roles.FollowerRole - RaftServer{3}{role=FOLLOWER} - Sending AppendResponse{status=OK, term=1, succeeded=true, lastLogIndex=91}
02:19:45.822 [raft-server-1] TRACE i.a.p.raft.roles.LeaderAppender - RaftServer{1} - Received AppendResponse{status=OK, term=1, succeeded=true, lastLogIndex=91} from 3
02:19:45.823 [raft-server-1] TRACE i.a.p.raft.roles.LeaderAppender - RaftServer{1} - Committed entries up to 91
02:19:45.847 [raft-server-2] DEBUG i.a.storage.journal.SegmentedJournal - Created disk segment: JournalSegment{id=10, version=1, index=91, size=64}
02:19:45.847 [raft-server-2] TRACE i.a.p.raft.roles.FollowerRole - RaftServer{2}{role=FOLLOWER} - Appended Indexed{index=91, entry=CommandEntry{term=1, timestamp=2018-06-01 02:19:45,640, session=2, sequence=85, operation=PrimitiveOperation{id=DefaultOperationId{id=write, type=COMMAND}, value=byte[]{length=17, hash=-1644578928}}}}
02:19:45.874 [raft-server-1] TRACE i.a.p.raft.roles.LeaderAppender - RaftServer{1} - Sending AppendRequest{term=1, leader=1, prevLogIndex=91, prevLogTerm=1, entries=0, commitIndex=91} to 3
02:19:45.874 [raft-server-3] TRACE i.a.p.raft.roles.FollowerRole - RaftServer{3}{role=FOLLOWER} - Received AppendRequest{term=1, leader=1, prevLogIndex=91, prevLogTerm=1, entries=0, commitIndex=91}
02:19:45.874 [raft-server-1-state] TRACE i.a.p.raft.impl.RaftServiceManager - RaftServer{1} - Applying Indexed{index=91, entry=CommandEntry{term=1, timestamp=2018-06-01 02:19:45,640, session=2, sequence=85, operation=PrimitiveOperation{id=DefaultOperationId{id=write, type=COMMAND}, value=byte[]{length=17, hash=-1644578928}}}}
02:19:45.874 [raft-server-1-state] TRACE i.a.p.s.impl.DefaultServiceExecutor - PrimitiveService{2}{type=PrimitiveType{name=test}, name=test} - Executing DefaultCommit{index=91, session=RaftSession{RaftServiceContext{server=1, type=PrimitiveType{name=test}, name=test, id=2}, session=2, timestamp=2018-06-01 02:19:45,640}, time=2018-06-01 02:19:45,640, operation=DefaultOperationId{id=write, type=COMMAND}, value=byte[]{length=17, hash=-1644578928}}
02:19:45.874 [raft-server-1-state] TRACE i.a.protocols.raft.roles.LeaderRole - RaftServer{1}{role=LEADER} - Sending CommandResponse{status=OK, index=91, eventIndex=2, result=byte[]{length=3, hash=36147}}
02:19:45.875 [raft-client-8d1a11e6-024d-41c6-816f-7d36669ce782-5] TRACE i.a.p.r.p.impl.RaftProxyConnection - PartitionProxy{2}{type=PrimitiveType{name=test}, name=test} - Received CommandResponse{status=OK, index=91, eventIndex=2, result=byte[]{length=3, hash=36147}} from 1
02:19:45.875 [raft-client-8d1a11e6-024d-41c6-816f-7d36669ce782-5] TRACE i.a.p.r.p.impl.RaftProxySequencer - PartitionProxy{2}{type=PrimitiveType{name=test}, name=test} - Completing response CommandResponse{status=OK, index=91, eventIndex=2, result=byte[]{length=3, hash=36147}}
02:19:45.875 [raft-client-8d1a11e6-024d-41c6-816f-7d36669ce782-5] TRACE i.a.p.r.p.impl.RaftProxyConnection - PartitionProxy{2}{type=PrimitiveType{name=test}, name=test} - Sending CommandRequest{session=2, sequence=86, operation=PrimitiveOperation{id=DefaultOperationId{id=write, type=COMMAND}, value=byte[]{length=17, hash=-1644578928}}} to 1
02:19:45.875 [raft-server-1] TRACE i.a.protocols.raft.roles.LeaderRole - RaftServer{1}{role=LEADER} - Received CommandRequest{session=2, sequence=86, operation=PrimitiveOperation{id=DefaultOperationId{id=write, type=COMMAND}, value=byte[]{length=17, hash=-1644578928}}}
02:19:45.876 [raft-server-1] TRACE i.a.protocols.raft.roles.LeaderRole - RaftServer{1}{role=LEADER} - Appended Indexed{index=92, entry=CommandEntry{term=1, timestamp=2018-06-01 02:19:45,876, session=2, sequence=86, operation=PrimitiveOperation{id=DefaultOperationId{id=write, type=COMMAND}, value=byte[]{length=17, hash=-1644578928}}}}
02:19:45.876 [raft-server-1] TRACE i.a.p.raft.roles.LeaderAppender - RaftServer{1} - Sending AppendRequest{term=1, leader=1, prevLogIndex=91, prevLogTerm=1, entries=1, commitIndex=91} to 2
02:19:45.905 [raft-server-2] TRACE i.a.p.raft.roles.FollowerRole - RaftServer{2}{role=FOLLOWER} - Committed entries up to index 90
02:19:45.905 [raft-server-2] TRACE i.a.p.raft.roles.FollowerRole - RaftServer{2}{role=FOLLOWER} - Sending AppendResponse{status=OK, term=1, succeeded=true, lastLogIndex=91}
02:19:45.905 [raft-server-2] TRACE i.a.p.raft.roles.FollowerRole - RaftServer{2}{role=FOLLOWER} - Received AppendRequest{term=1, leader=1, prevLogIndex=91, prevLogTerm=1, entries=1, commitIndex=91}
02:19:45.906 [raft-server-1] TRACE i.a.p.raft.roles.LeaderAppender - RaftServer{1} - Received AppendResponse{status=OK, term=1, succeeded=true, lastLogIndex=91} from 2
02:19:45.906 [raft-server-2] TRACE i.a.p.raft.roles.FollowerRole - RaftServer{2}{role=FOLLOWER} - Appended Indexed{index=92, entry=CommandEntry{term=1, timestamp=2018-06-01 02:19:45,876, session=2, sequence=86, operation=PrimitiveOperation{id=DefaultOperationId{id=write, type=COMMAND}, value=byte[]{length=17, hash=-1644578928}}}}
02:19:45.930 [raft-server-3] TRACE i.a.p.raft.roles.FollowerRole - RaftServer{3}{role=FOLLOWER} - Committed entries up to index 91
02:19:45.930 [raft-server-3] TRACE i.a.p.raft.roles.FollowerRole - RaftServer{3}{role=FOLLOWER} - Sending AppendResponse{status=OK, term=1, succeeded=true, lastLogIndex=91}
02:19:45.930 [raft-server-1] TRACE i.a.p.raft.roles.LeaderAppender - RaftServer{1} - Received AppendResponse{status=OK, term=1, succeeded=true, lastLogIndex=91} from 3
02:19:45.931 [raft-server-3-state] TRACE i.a.p.raft.impl.RaftServiceManager - RaftServer{3} - Applying Indexed{index=91, entry=CommandEntry{term=1, timestamp=2018-06-01 02:19:45,640, session=2, sequence=85, operation=PrimitiveOperation{id=DefaultOperationId{id=write, type=COMMAND}, value=byte[]{length=17, hash=-1644578928}}}}
02:19:45.931 [raft-server-1] TRACE i.a.p.raft.roles.LeaderAppender - RaftServer{1} - Sending AppendRequest{term=1, leader=1, prevLogIndex=91, prevLogTerm=1, entries=1, commitIndex=91} to 3
02:19:45.931 [raft-server-3] TRACE i.a.p.raft.roles.FollowerRole - RaftServer{3}{role=FOLLOWER} - Received AppendRequest{term=1, leader=1, prevLogIndex=91, prevLogTerm=1, entries=1, commitIndex=91}
02:19:45.931 [raft-server-3-state] TRACE i.a.p.s.impl.DefaultServiceExecutor - PrimitiveService{2}{type=PrimitiveType{name=test}, name=test} - Executing DefaultCommit{index=91, session=RaftSession{RaftServiceContext{server=3, type=PrimitiveType{name=test}, name=test, id=2}, session=2, timestamp=2018-06-01 02:19:45,640}, time=2018-06-01 02:19:45,640, operation=DefaultOperationId{id=write, type=COMMAND}, value=byte[]{length=17, hash=-1644578928}}
02:19:45.931 [raft-server-3] TRACE i.a.p.raft.roles.FollowerRole - RaftServer{3}{role=FOLLOWER} - Appended Indexed{index=92, entry=CommandEntry{term=1, timestamp=2018-06-01 02:19:45,876, session=2, sequence=86, operation=PrimitiveOperation{id=DefaultOperationId{id=write, type=COMMAND}, value=byte[]{length=17, hash=-1644578928}}}}
02:19:45.931 [raft-server-3] TRACE i.a.p.raft.roles.FollowerRole - RaftServer{3}{role=FOLLOWER} - Sending AppendResponse{status=OK, term=1, succeeded=true, lastLogIndex=92}
02:19:45.931 [raft-server-1] TRACE i.a.p.raft.roles.LeaderAppender - RaftServer{1} - Received AppendResponse{status=OK, term=1, succeeded=true, lastLogIndex=92} from 3
02:19:45.931 [raft-server-1] TRACE i.a.p.raft.roles.LeaderAppender - RaftServer{1} - Committed entries up to 92
02:19:45.955 [raft-server-2] TRACE i.a.p.raft.roles.FollowerRole - RaftServer{2}{role=FOLLOWER} - Committed entries up to index 91
02:19:45.955 [raft-server-2] TRACE i.a.p.raft.roles.FollowerRole - RaftServer{2}{role=FOLLOWER} - Sending AppendResponse{status=OK, term=1, succeeded=true, lastLogIndex=92}
02:19:45.956 [raft-server-2-state] TRACE i.a.p.raft.impl.RaftServiceManager - RaftServer{2} - Applying Indexed{index=90, entry=CommandEntry{term=1, timestamp=2018-06-01 02:19:45,517, session=2, sequence=84, operation=PrimitiveOperation{id=DefaultOperationId{id=write, type=COMMAND}, value=byte[]{length=17, hash=-1644578928}}}}
02:19:45.956 [raft-server-2-state] TRACE i.a.p.s.impl.DefaultServiceExecutor - PrimitiveService{2}{type=PrimitiveType{name=test}, name=test} - Executing DefaultCommit{index=90, session=RaftSession{RaftServiceContext{server=2, type=PrimitiveType{name=test}, name=test, id=2}, session=2, timestamp=2018-06-01 02:19:45,517}, time=2018-06-01 02:19:45,517, operation=DefaultOperationId{id=write, type=COMMAND}, value=byte[]{length=17, hash=-1644578928}}
02:19:45.956 [raft-server-2-state] TRACE i.a.p.raft.impl.RaftServiceManager - RaftServer{2} - Applying Indexed{index=91, entry=CommandEntry{term=1, timestamp=2018-06-01 02:19:45,640, session=2, sequence=85, operation=PrimitiveOperation{id=DefaultOperationId{id=write, type=COMMAND}, value=byte[]{length=17, hash=-1644578928}}}}
02:19:45.956 [raft-server-2-state] TRACE i.a.p.s.impl.DefaultServiceExecutor - PrimitiveService{2}{type=PrimitiveType{name=test}, name=test} - Executing DefaultCommit{index=91, session=RaftSession{RaftServiceContext{server=2, type=PrimitiveType{name=test}, name=test, id=2}, session=2, timestamp=2018-06-01 02:19:45,640}, time=2018-06-01 02:19:45,640, operation=DefaultOperationId{id=write, type=COMMAND}, value=byte[]{length=17, hash=-1644578928}}
02:19:45.973 [raft-server-1] TRACE i.a.p.raft.roles.LeaderAppender - RaftServer{1} - Received AppendResponse{status=OK, term=1, succeeded=true, lastLogIndex=92} from 2
02:19:45.974 [raft-server-1-state] TRACE i.a.p.raft.impl.RaftServiceManager - RaftServer{1} - Applying Indexed{index=92, entry=CommandEntry{term=1, timestamp=2018-06-01 02:19:45,876, session=2, sequence=86, operation=PrimitiveOperation{id=DefaultOperationId{id=write, type=COMMAND}, value=byte[]{length=17, hash=-1644578928}}}}
02:19:45.974 [raft-server-1-state] TRACE i.a.p.s.impl.DefaultServiceExecutor - PrimitiveService{2}{type=PrimitiveType{name=test}, name=test} - Executing DefaultCommit{index=92, session=RaftSession{RaftServiceContext{server=1, type=PrimitiveType{name=test}, name=test, id=2}, session=2, timestamp=2018-06-01 02:19:45,876}, time=2018-06-01 02:19:45,876, operation=DefaultOperationId{id=write, type=COMMAND}, value=byte[]{length=17, hash=-1644578928}}
02:19:45.974 [raft-server-1-state] TRACE i.a.protocols.raft.roles.LeaderRole - RaftServer{1}{role=LEADER} - Sending CommandResponse{status=OK, index=92, eventIndex=2, result=byte[]{length=3, hash=36209}}
02:19:45.974 [raft-client-8d1a11e6-024d-41c6-816f-7d36669ce782-3] TRACE i.a.p.r.p.impl.RaftProxyConnection - PartitionProxy{2}{type=PrimitiveType{name=test}, name=test} - Received CommandResponse{status=OK, index=92, eventIndex=2, result=byte[]{length=3, hash=36209}} from 1
02:19:45.974 [raft-client-8d1a11e6-024d-41c6-816f-7d36669ce782-3] TRACE i.a.p.r.p.impl.RaftProxySequencer - PartitionProxy{2}{type=PrimitiveType{name=test}, name=test} - Completing response CommandResponse{status=OK, index=92, eventIndex=2, result=byte[]{length=3, hash=36209}}
02:19:45.975 [raft-client-8d1a11e6-024d-41c6-816f-7d36669ce782-3] TRACE i.a.p.r.p.impl.RaftProxyConnection - PartitionProxy{2}{type=PrimitiveType{name=test}, name=test} - Sending CommandRequest{session=2, sequence=87, operation=PrimitiveOperation{id=DefaultOperationId{id=write, type=COMMAND}, value=byte[]{length=17, hash=-1644578928}}} to 1
02:19:45.975 [raft-server-1] TRACE i.a.protocols.raft.roles.LeaderRole - RaftServer{1}{role=LEADER} - Received CommandRequest{session=2, sequence=87, operation=PrimitiveOperation{id=DefaultOperationId{id=write, type=COMMAND}, value=byte[]{length=17, hash=-1644578928}}}
02:19:45.975 [raft-server-1] TRACE i.a.protocols.raft.roles.LeaderRole - RaftServer{1}{role=LEADER} - Appended Indexed{index=93, entry=CommandEntry{term=1, timestamp=2018-06-01 02:19:45,975, session=2, sequence=87, operation=PrimitiveOperation{id=DefaultOperationId{id=write, type=COMMAND}, value=byte[]{length=17, hash=-1644578928}}}}
02:19:45.975 [raft-server-1] TRACE i.a.p.raft.roles.LeaderAppender - RaftServer{1} - Sending AppendRequest{term=1, leader=1, prevLogIndex=92, prevLogTerm=1, entries=1, commitIndex=92} to 2
02:19:45.976 [raft-server-2] TRACE i.a.p.raft.roles.FollowerRole - RaftServer{2}{role=FOLLOWER} - Received AppendRequest{term=1, leader=1, prevLogIndex=92, prevLogTerm=1, entries=1, commitIndex=92}
02:19:45.976 [raft-server-1] TRACE i.a.p.raft.roles.LeaderAppender - RaftServer{1} - Sending AppendRequest{term=1, leader=1, prevLogIndex=92, prevLogTerm=1, entries=1, commitIndex=92} to 3
02:19:45.976 [raft-server-3] TRACE i.a.p.raft.roles.FollowerRole - RaftServer{3}{role=FOLLOWER} - Received AppendRequest{term=1, leader=1, prevLogIndex=92, prevLogTerm=1, entries=1, commitIndex=92}
02:19:45.976 [raft-server-2] TRACE i.a.p.raft.roles.FollowerRole - RaftServer{2}{role=FOLLOWER} - Appended Indexed{index=93, entry=CommandEntry{term=1, timestamp=2018-06-01 02:19:45,975, session=2, sequence=87, operation=PrimitiveOperation{id=DefaultOperationId{id=write, type=COMMAND}, value=byte[]{length=17, hash=-1644578928}}}}
02:19:45.976 [raft-server-3] TRACE i.a.p.raft.roles.FollowerRole - RaftServer{3}{role=FOLLOWER} - Appended Indexed{index=93, entry=CommandEntry{term=1, timestamp=2018-06-01 02:19:45,975, session=2, sequence=87, operation=PrimitiveOperation{id=DefaultOperationId{id=write, type=COMMAND}, value=byte[]{length=17, hash=-1644578928}}}}
02:19:46.007 [raft-server-2] TRACE i.a.p.raft.roles.FollowerRole - RaftServer{2}{role=FOLLOWER} - Committed entries up to index 92
02:19:46.007 [raft-server-2] TRACE i.a.p.raft.roles.FollowerRole - RaftServer{2}{role=FOLLOWER} - Sending AppendResponse{status=OK, term=1, succeeded=true, lastLogIndex=93}
02:19:46.007 [raft-server-1] TRACE i.a.p.raft.roles.LeaderAppender - RaftServer{1} - Received AppendResponse{status=OK, term=1, succeeded=true, lastLogIndex=93} from 2
02:19:46.007 [raft-server-2-state] TRACE i.a.p.raft.impl.RaftServiceManager - RaftServer{2} - Applying Indexed{index=92, entry=CommandEntry{term=1, timestamp=2018-06-01 02:19:45,876, session=2, sequence=86, operation=PrimitiveOperation{id=DefaultOperationId{id=write, type=COMMAND}, value=byte[]{length=17, hash=-1644578928}}}}
02:19:46.007 [raft-server-1] TRACE i.a.p.raft.roles.LeaderAppender - RaftServer{1} - Committed entries up to 93
02:19:46.007 [raft-server-2-state] TRACE i.a.p.s.impl.DefaultServiceExecutor - PrimitiveService{2}{type=PrimitiveType{name=test}, name=test} - Executing DefaultCommit{index=92, session=RaftSession{RaftServiceContext{server=2, type=PrimitiveType{name=test}, name=test, id=2}, session=2, timestamp=2018-06-01 02:19:45,876}, time=2018-06-01 02:19:45,876, operation=DefaultOperationId{id=write, type=COMMAND}, value=byte[]{length=17, hash=-1644578928}}
02:19:46.032 [raft-server-3] TRACE i.a.p.raft.roles.FollowerRole - RaftServer{3}{role=FOLLOWER} - Committed entries up to index 92
02:19:46.032 [raft-server-3] TRACE i.a.p.raft.roles.FollowerRole - RaftServer{3}{role=FOLLOWER} - Sending AppendResponse{status=OK, term=1, succeeded=true, lastLogIndex=93}
02:19:46.032 [raft-server-3-state] TRACE i.a.p.raft.impl.RaftServiceManager - RaftServer{3} - Applying Indexed{index=92, entry=CommandEntry{term=1, timestamp=2018-06-01 02:19:45,876, session=2, sequence=86, operation=PrimitiveOperation{id=DefaultOperationId{id=write, type=COMMAND}, value=byte[]{length=17, hash=-1644578928}}}}
02:19:46.032 [raft-server-3-state] TRACE i.a.p.s.impl.DefaultServiceExecutor - PrimitiveService{2}{type=PrimitiveType{name=test}, name=test} - Executing DefaultCommit{index=92, session=RaftSession{RaftServiceContext{server=3, type=PrimitiveType{name=test}, name=test, id=2}, session=2, timestamp=2018-06-01 02:19:45,876}, time=2018-06-01 02:19:45,876, operation=DefaultOperationId{id=write, type=COMMAND}, value=byte[]{length=17, hash=-1644578928}}
02:19:46.048 [raft-server-1] TRACE i.a.p.raft.roles.LeaderAppender - RaftServer{1} - Sending AppendRequest{term=1, leader=1, prevLogIndex=93, prevLogTerm=1, entries=0, commitIndex=93} to 2
02:19:46.049 [raft-server-2] TRACE i.a.p.raft.roles.FollowerRole - RaftServer{2}{role=FOLLOWER} - Received AppendRequest{term=1, leader=1, prevLogIndex=93, prevLogTerm=1, entries=0, commitIndex=93}
02:19:46.049 [raft-server-1] TRACE i.a.p.raft.roles.LeaderAppender - RaftServer{1} - Received AppendResponse{status=OK, term=1, succeeded=true, lastLogIndex=93} from 3
02:19:46.049 [raft-server-1] TRACE i.a.p.raft.roles.LeaderAppender - RaftServer{1} - Sending AppendRequest{term=1, leader=1, prevLogIndex=93, prevLogTerm=1, entries=0, commitIndex=93} to 3
02:19:46.049 [raft-server-3] TRACE i.a.p.raft.roles.FollowerRole - RaftServer{3}{role=FOLLOWER} - Received AppendRequest{term=1, leader=1, prevLogIndex=93, prevLogTerm=1, entries=0, commitIndex=93}
02:19:46.049 [raft-server-1-state] TRACE i.a.p.raft.impl.RaftServiceManager - RaftServer{1} - Applying Indexed{index=93, entry=CommandEntry{term=1, timestamp=2018-06-01 02:19:45,975, session=2, sequence=87, operation=PrimitiveOperation{id=DefaultOperationId{id=write, type=COMMAND}, value=byte[]{length=17, hash=-1644578928}}}}
02:19:46.049 [raft-server-1-state] TRACE i.a.p.s.impl.DefaultServiceExecutor - PrimitiveService{2}{type=PrimitiveType{name=test}, name=test} - Executing DefaultCommit{index=93, session=RaftSession{RaftServiceContext{server=1, type=PrimitiveType{name=test}, name=test, id=2}, session=2, timestamp=2018-06-01 02:19:45,975}, time=2018-06-01 02:19:45,975, operation=DefaultOperationId{id=write, type=COMMAND}, value=byte[]{length=17, hash=-1644578928}}
02:19:46.049 [raft-server-1-state] TRACE i.a.protocols.raft.roles.LeaderRole - RaftServer{1}{role=LEADER} - Sending CommandResponse{status=OK, index=93, eventIndex=2, result=byte[]{length=3, hash=36271}}
02:19:46.050 [raft-client-8d1a11e6-024d-41c6-816f-7d36669ce782-6] TRACE i.a.p.r.p.impl.RaftProxyConnection - PartitionProxy{2}{type=PrimitiveType{name=test}, name=test} - Received CommandResponse{status=OK, index=93, eventIndex=2, result=byte[]{length=3, hash=36271}} from 1
02:19:46.050 [raft-client-8d1a11e6-024d-41c6-816f-7d36669ce782-6] TRACE i.a.p.r.p.impl.RaftProxySequencer - PartitionProxy{2}{type=PrimitiveType{name=test}, name=test} - Completing response CommandResponse{status=OK, index=93, eventIndex=2, result=byte[]{length=3, hash=36271}}
02:19:46.050 [raft-client-8d1a11e6-024d-41c6-816f-7d36669ce782-6] TRACE i.a.p.r.p.impl.RaftProxyConnection - PartitionProxy{2}{type=PrimitiveType{name=test}, name=test} - Sending CommandRequest{session=2, sequence=88, operation=PrimitiveOperation{id=DefaultOperationId{id=write, type=COMMAND}, value=byte[]{length=17, hash=-1644578928}}} to 1
02:19:46.050 [raft-server-1] TRACE i.a.protocols.raft.roles.LeaderRole - RaftServer{1}{role=LEADER} - Received CommandRequest{session=2, sequence=88, operation=PrimitiveOperation{id=DefaultOperationId{id=write, type=COMMAND}, value=byte[]{length=17, hash=-1644578928}}}
02:19:46.051 [raft-server-1] TRACE i.a.protocols.raft.roles.LeaderRole - RaftServer{1}{role=LEADER} - Appended Indexed{index=94, entry=CommandEntry{term=1, timestamp=2018-06-01 02:19:46,050, session=2, sequence=88, operation=PrimitiveOperation{id=DefaultOperationId{id=write, type=COMMAND}, value=byte[]{length=17, hash=-1644578928}}}}
02:19:46.065 [raft-server-2] TRACE i.a.p.raft.roles.FollowerRole - RaftServer{2}{role=FOLLOWER} - Committed entries up to index 93
02:19:46.065 [raft-server-2] TRACE i.a.p.raft.roles.FollowerRole - RaftServer{2}{role=FOLLOWER} - Sending AppendResponse{status=OK, term=1, succeeded=true, lastLogIndex=93}
02:19:46.065 [raft-server-1] TRACE i.a.p.raft.roles.LeaderAppender - RaftServer{1} - Received AppendResponse{status=OK, term=1, succeeded=true, lastLogIndex=93} from 2
02:19:46.065 [raft-server-1] TRACE i.a.p.raft.roles.LeaderAppender - RaftServer{1} - Sending AppendRequest{term=1, leader=1, prevLogIndex=93, prevLogTerm=1, entries=1, commitIndex=93} to 2
02:19:46.065 [raft-server-2-state] TRACE i.a.p.raft.impl.RaftServiceManager - RaftServer{2} - Applying Indexed{index=93, entry=CommandEntry{term=1, timestamp=2018-06-01 02:19:45,975, session=2, sequence=87, operation=PrimitiveOperation{id=DefaultOperationId{id=write, type=COMMAND}, value=byte[]{length=17, hash=-1644578928}}}}
02:19:46.066 [raft-server-2] TRACE i.a.p.raft.roles.FollowerRole - RaftServer{2}{role=FOLLOWER} - Received AppendRequest{term=1, leader=1, prevLogIndex=93, prevLogTerm=1, entries=1, commitIndex=93}
02:19:46.066 [raft-server-2-state] TRACE i.a.p.s.impl.DefaultServiceExecutor - PrimitiveService{2}{type=PrimitiveType{name=test}, name=test} - Executing DefaultCommit{index=93, session=RaftSession{RaftServiceContext{server=2, type=PrimitiveType{name=test}, name=test, id=2}, session=2, timestamp=2018-06-01 02:19:45,975}, time=2018-06-01 02:19:45,975, operation=DefaultOperationId{id=write, type=COMMAND}, value=byte[]{length=17, hash=-1644578928}}
02:19:46.066 [raft-server-2] TRACE i.a.p.raft.roles.FollowerRole - RaftServer{2}{role=FOLLOWER} - Appended Indexed{index=94, entry=CommandEntry{term=1, timestamp=2018-06-01 02:19:46,050, session=2, sequence=88, operation=PrimitiveOperation{id=DefaultOperationId{id=write, type=COMMAND}, value=byte[]{length=17, hash=-1644578928}}}}
02:19:46.066 [raft-server-2] TRACE i.a.p.raft.roles.FollowerRole - RaftServer{2}{role=FOLLOWER} - Sending AppendResponse{status=OK, term=1, succeeded=true, lastLogIndex=94}
02:19:46.066 [raft-server-1] TRACE i.a.p.raft.roles.LeaderAppender - RaftServer{1} - Received AppendResponse{status=OK, term=1, succeeded=true, lastLogIndex=94} from 2
02:19:46.066 [raft-server-1] TRACE i.a.p.raft.roles.LeaderAppender - RaftServer{1} - Committed entries up to 94
02:19:46.095 [raft-server-3] TRACE i.a.p.raft.roles.FollowerRole - RaftServer{3}{role=FOLLOWER} - Committed entries up to index 93
02:19:46.095 [raft-server-3] TRACE i.a.p.raft.roles.FollowerRole - RaftServer{3}{role=FOLLOWER} - Sending AppendResponse{status=OK, term=1, succeeded=true, lastLogIndex=93}
02:19:46.095 [raft-server-3-state] TRACE i.a.p.raft.impl.RaftServiceManager - RaftServer{3} - Applying Indexed{index=93, entry=CommandEntry{term=1, timestamp=2018-06-01 02:19:45,975, session=2, sequence=87, operation=PrimitiveOperation{id=DefaultOperationId{id=write, type=COMMAND}, value=byte[]{length=17, hash=-1644578928}}}}
02:19:46.096 [raft-server-3-state] TRACE i.a.p.s.impl.DefaultServiceExecutor - PrimitiveService{2}{type=PrimitiveType{name=test}, name=test} - Executing DefaultCommit{index=93, session=RaftSession{RaftServiceContext{server=3, type=PrimitiveType{name=test}, name=test, id=2}, session=2, timestamp=2018-06-01 02:19:45,975}, time=2018-06-01 02:19:45,975, operation=DefaultOperationId{id=write, type=COMMAND}, value=byte[]{length=17, hash=-1644578928}}
02:19:46.115 [raft-server-1] TRACE i.a.p.raft.roles.LeaderAppender - RaftServer{1} - Received AppendResponse{status=OK, term=1, succeeded=true, lastLogIndex=93} from 3
02:19:46.115 [raft-server-1] TRACE i.a.p.raft.roles.LeaderAppender - RaftServer{1} - Sending AppendRequest{term=1, leader=1, prevLogIndex=93, prevLogTerm=1, entries=1, commitIndex=94} to 3
02:19:46.115 [raft-server-3] TRACE i.a.p.raft.roles.FollowerRole - RaftServer{3}{role=FOLLOWER} - Received AppendRequest{term=1, leader=1, prevLogIndex=93, prevLogTerm=1, entries=1, commitIndex=94}
02:19:46.116 [raft-server-1-state] TRACE i.a.p.raft.impl.RaftServiceManager - RaftServer{1} - Applying Indexed{index=94, entry=CommandEntry{term=1, timestamp=2018-06-01 02:19:46,050, session=2, sequence=88, operation=PrimitiveOperation{id=DefaultOperationId{id=write, type=COMMAND}, value=byte[]{length=17, hash=-1644578928}}}}
02:19:46.116 [raft-server-3] TRACE i.a.p.raft.roles.FollowerRole - RaftServer{3}{role=FOLLOWER} - Appended Indexed{index=94, entry=CommandEntry{term=1, timestamp=2018-06-01 02:19:46,050, session=2, sequence=88, operation=PrimitiveOperation{id=DefaultOperationId{id=write, type=COMMAND}, value=byte[]{length=17, hash=-1644578928}}}}
02:19:46.116 [raft-server-1-state] TRACE i.a.p.s.impl.DefaultServiceExecutor - PrimitiveService{2}{type=PrimitiveType{name=test}, name=test} - Executing DefaultCommit{index=94, session=RaftSession{RaftServiceContext{server=1, type=PrimitiveType{name=test}, name=test, id=2}, session=2, timestamp=2018-06-01 02:19:46,050}, time=2018-06-01 02:19:46,050, operation=DefaultOperationId{id=write, type=COMMAND}, value=byte[]{length=17, hash=-1644578928}}
02:19:46.116 [raft-server-1-state] TRACE i.a.protocols.raft.roles.LeaderRole - RaftServer{1}{role=LEADER} - Sending CommandResponse{status=OK, index=94, eventIndex=2, result=byte[]{length=3, hash=36333}}
02:19:46.116 [raft-client-8d1a11e6-024d-41c6-816f-7d36669ce782-2] TRACE i.a.p.r.p.impl.RaftProxyConnection - PartitionProxy{2}{type=PrimitiveType{name=test}, name=test} - Received CommandResponse{status=OK, index=94, eventIndex=2, result=byte[]{length=3, hash=36333}} from 1
02:19:46.116 [raft-client-8d1a11e6-024d-41c6-816f-7d36669ce782-2] TRACE i.a.p.r.p.impl.RaftProxySequencer - PartitionProxy{2}{type=PrimitiveType{name=test}, name=test} - Completing response CommandResponse{status=OK, index=94, eventIndex=2, result=byte[]{length=3, hash=36333}}
02:19:46.117 [raft-client-8d1a11e6-024d-41c6-816f-7d36669ce782-2] TRACE i.a.p.r.p.impl.RaftProxyConnection - PartitionProxy{2}{type=PrimitiveType{name=test}, name=test} - Sending CommandRequest{session=2, sequence=89, operation=PrimitiveOperation{id=DefaultOperationId{id=write, type=COMMAND}, value=byte[]{length=17, hash=-1644578928}}} to 1
02:19:46.117 [raft-server-1] TRACE i.a.protocols.raft.roles.LeaderRole - RaftServer{1}{role=LEADER} - Received CommandRequest{session=2, sequence=89, operation=PrimitiveOperation{id=DefaultOperationId{id=write, type=COMMAND}, value=byte[]{length=17, hash=-1644578928}}}
02:19:46.117 [raft-server-1] TRACE i.a.protocols.raft.roles.LeaderRole - RaftServer{1}{role=LEADER} - Appended Indexed{index=95, entry=CommandEntry{term=1, timestamp=2018-06-01 02:19:46,117, session=2, sequence=89, operation=PrimitiveOperation{id=DefaultOperationId{id=write, type=COMMAND}, value=byte[]{length=17, hash=-1644578928}}}}
02:19:46.117 [raft-server-1] TRACE i.a.p.raft.roles.LeaderAppender - RaftServer{1} - Sending AppendRequest{term=1, leader=1, prevLogIndex=94, prevLogTerm=1, entries=1, commitIndex=94} to 2
02:19:46.117 [raft-server-2] TRACE i.a.p.raft.roles.FollowerRole - RaftServer{2}{role=FOLLOWER} - Received AppendRequest{term=1, leader=1, prevLogIndex=94, prevLogTerm=1, entries=1, commitIndex=94}
02:19:46.118 [raft-server-2] TRACE i.a.p.raft.roles.FollowerRole - RaftServer{2}{role=FOLLOWER} - Appended Indexed{index=95, entry=CommandEntry{term=1, timestamp=2018-06-01 02:19:46,117, session=2, sequence=89, operation=PrimitiveOperation{id=DefaultOperationId{id=write, type=COMMAND}, value=byte[]{length=17, hash=-1644578928}}}}
02:19:46.157 [raft-server-3] TRACE i.a.p.raft.roles.FollowerRole - RaftServer{3}{role=FOLLOWER} - Committed entries up to index 94
02:19:46.157 [raft-server-3] TRACE i.a.p.raft.roles.FollowerRole - RaftServer{3}{role=FOLLOWER} - Sending AppendResponse{status=OK, term=1, succeeded=true, lastLogIndex=94}
02:19:46.157 [raft-server-1] TRACE i.a.p.raft.roles.LeaderAppender - RaftServer{1} - Received AppendResponse{status=OK, term=1, succeeded=true, lastLogIndex=94} from 3
02:19:46.157 [raft-server-3-state] TRACE i.a.p.raft.impl.RaftServiceManager - RaftServer{3} - Applying Indexed{index=94, entry=CommandEntry{term=1, timestamp=2018-06-01 02:19:46,050, session=2, sequence=88, operation=PrimitiveOperation{id=DefaultOperationId{id=write, type=COMMAND}, value=byte[]{length=17, hash=-1644578928}}}}
02:19:46.157 [raft-server-1] TRACE i.a.p.raft.roles.LeaderAppender - RaftServer{1} - Sending AppendRequest{term=1, leader=1, prevLogIndex=94, prevLogTerm=1, entries=1, commitIndex=94} to 3
02:19:46.157 [raft-server-3-state] TRACE i.a.p.s.impl.DefaultServiceExecutor - PrimitiveService{2}{type=PrimitiveType{name=test}, name=test} - Executing DefaultCommit{index=94, session=RaftSession{RaftServiceContext{server=3, type=PrimitiveType{name=test}, name=test, id=2}, session=2, timestamp=2018-06-01 02:19:46,050}, time=2018-06-01 02:19:46,050, operation=DefaultOperationId{id=write, type=COMMAND}, value=byte[]{length=17, hash=-1644578928}}
02:19:46.157 [raft-server-3] TRACE i.a.p.raft.roles.FollowerRole - RaftServer{3}{role=FOLLOWER} - Received AppendRequest{term=1, leader=1, prevLogIndex=94, prevLogTerm=1, entries=1, commitIndex=94}
02:19:46.158 [raft-server-3] TRACE i.a.p.raft.roles.FollowerRole - RaftServer{3}{role=FOLLOWER} - Appended Indexed{index=95, entry=CommandEntry{term=1, timestamp=2018-06-01 02:19:46,117, session=2, sequence=89, operation=PrimitiveOperation{id=DefaultOperationId{id=write, type=COMMAND}, value=byte[]{length=17, hash=-1644578928}}}}
02:19:46.158 [raft-server-3] TRACE i.a.p.raft.roles.FollowerRole - RaftServer{3}{role=FOLLOWER} - Sending AppendResponse{status=OK, term=1, succeeded=true, lastLogIndex=95}
02:19:46.158 [raft-server-1] TRACE i.a.p.raft.roles.LeaderAppender - RaftServer{1} - Received AppendResponse{status=OK, term=1, succeeded=true, lastLogIndex=95} from 3
02:19:46.158 [raft-server-1] TRACE i.a.p.raft.roles.LeaderAppender - RaftServer{1} - Committed entries up to 95
02:19:46.187 [raft-server-2] TRACE i.a.p.raft.roles.FollowerRole - RaftServer{2}{role=FOLLOWER} - Committed entries up to index 94
02:19:46.187 [raft-server-2] TRACE i.a.p.raft.roles.FollowerRole - RaftServer{2}{role=FOLLOWER} - Sending AppendResponse{status=OK, term=1, succeeded=true, lastLogIndex=95}
02:19:46.187 [raft-server-2-state] TRACE i.a.p.raft.impl.RaftServiceManager - RaftServer{2} - Applying Indexed{index=94, entry=CommandEntry{term=1, timestamp=2018-06-01 02:19:46,050, session=2, sequence=88, operation=PrimitiveOperation{id=DefaultOperationId{id=write, type=COMMAND}, value=byte[]{length=17, hash=-1644578928}}}}
02:19:46.187 [raft-server-2-state] TRACE i.a.p.s.impl.DefaultServiceExecutor - PrimitiveService{2}{type=PrimitiveType{name=test}, name=test} - Executing DefaultCommit{index=94, session=RaftSession{RaftServiceContext{server=2, type=PrimitiveType{name=test}, name=test, id=2}, session=2, timestamp=2018-06-01 02:19:46,050}, time=2018-06-01 02:19:46,050, operation=DefaultOperationId{id=write, type=COMMAND}, value=byte[]{length=17, hash=-1644578928}}
02:19:46.207 [raft-server-1] TRACE i.a.p.raft.roles.LeaderAppender - RaftServer{1} - Received AppendResponse{status=OK, term=1, succeeded=true, lastLogIndex=95} from 2
02:19:46.207 [raft-server-1-state] TRACE i.a.p.raft.impl.RaftServiceManager - RaftServer{1} - Applying Indexed{index=95, entry=CommandEntry{term=1, timestamp=2018-06-01 02:19:46,117, session=2, sequence=89, operation=PrimitiveOperation{id=DefaultOperationId{id=write, type=COMMAND}, value=byte[]{length=17, hash=-1644578928}}}}
02:19:46.207 [raft-server-1-state] TRACE i.a.p.s.impl.DefaultServiceExecutor - PrimitiveService{2}{type=PrimitiveType{name=test}, name=test} - Executing DefaultCommit{index=95, session=RaftSession{RaftServiceContext{server=1, type=PrimitiveType{name=test}, name=test, id=2}, session=2, timestamp=2018-06-01 02:19:46,117}, time=2018-06-01 02:19:46,117, operation=DefaultOperationId{id=write, type=COMMAND}, value=byte[]{length=17, hash=-1644578928}}
02:19:46.207 [raft-server-1-state] TRACE i.a.protocols.raft.roles.LeaderRole - RaftServer{1}{role=LEADER} - Sending CommandResponse{status=OK, index=95, eventIndex=2, result=byte[]{length=3, hash=36395}}
02:19:46.208 [raft-client-8d1a11e6-024d-41c6-816f-7d36669ce782-4] TRACE i.a.p.r.p.impl.RaftProxyConnection - PartitionProxy{2}{type=PrimitiveType{name=test}, name=test} - Received CommandResponse{status=OK, index=95, eventIndex=2, result=byte[]{length=3, hash=36395}} from 1
02:19:46.208 [raft-client-8d1a11e6-024d-41c6-816f-7d36669ce782-4] TRACE i.a.p.r.p.impl.RaftProxySequencer - PartitionProxy{2}{type=PrimitiveType{name=test}, name=test} - Completing response CommandResponse{status=OK, index=95, eventIndex=2, result=byte[]{length=3, hash=36395}}
02:19:46.208 [raft-client-8d1a11e6-024d-41c6-816f-7d36669ce782-4] TRACE i.a.p.r.p.impl.RaftProxyConnection - PartitionProxy{2}{type=PrimitiveType{name=test}, name=test} - Sending CommandRequest{session=2, sequence=90, operation=PrimitiveOperation{id=DefaultOperationId{id=write, type=COMMAND}, value=byte[]{length=17, hash=-1644578928}}} to 1
02:19:46.208 [raft-server-1] TRACE i.a.protocols.raft.roles.LeaderRole - RaftServer{1}{role=LEADER} - Received CommandRequest{session=2, sequence=90, operation=PrimitiveOperation{id=DefaultOperationId{id=write, type=COMMAND}, value=byte[]{length=17, hash=-1644578928}}}
02:19:46.209 [raft-server-1] TRACE i.a.protocols.raft.roles.LeaderRole - RaftServer{1}{role=LEADER} - Appended Indexed{index=96, entry=CommandEntry{term=1, timestamp=2018-06-01 02:19:46,209, session=2, sequence=90, operation=PrimitiveOperation{id=DefaultOperationId{id=write, type=COMMAND}, value=byte[]{length=17, hash=-1644578928}}}}
02:19:46.209 [raft-server-1] TRACE i.a.p.raft.roles.LeaderAppender - RaftServer{1} - Sending AppendRequest{term=1, leader=1, prevLogIndex=95, prevLogTerm=1, entries=1, commitIndex=95} to 2
02:19:46.209 [raft-server-2] TRACE i.a.p.raft.roles.FollowerRole - RaftServer{2}{role=FOLLOWER} - Received AppendRequest{term=1, leader=1, prevLogIndex=95, prevLogTerm=1, entries=1, commitIndex=95}
02:19:46.209 [raft-server-1] TRACE i.a.p.raft.roles.LeaderAppender - RaftServer{1} - Sending AppendRequest{term=1, leader=1, prevLogIndex=95, prevLogTerm=1, entries=1, commitIndex=95} to 3
02:19:46.209 [raft-server-3] TRACE i.a.p.raft.roles.FollowerRole - RaftServer{3}{role=FOLLOWER} - Received AppendRequest{term=1, leader=1, prevLogIndex=95, prevLogTerm=1, entries=1, commitIndex=95}
02:19:46.209 [raft-server-2] TRACE i.a.p.raft.roles.FollowerRole - RaftServer{2}{role=FOLLOWER} - Appended Indexed{index=96, entry=CommandEntry{term=1, timestamp=2018-06-01 02:19:46,209, session=2, sequence=90, operation=PrimitiveOperation{id=DefaultOperationId{id=write, type=COMMAND}, value=byte[]{length=17, hash=-1644578928}}}}
02:19:46.209 [raft-server-3] TRACE i.a.p.raft.roles.FollowerRole - RaftServer{3}{role=FOLLOWER} - Appended Indexed{index=96, entry=CommandEntry{term=1, timestamp=2018-06-01 02:19:46,209, session=2, sequence=90, operation=PrimitiveOperation{id=DefaultOperationId{id=write, type=COMMAND}, value=byte[]{length=17, hash=-1644578928}}}}
02:19:46.240 [raft-server-2] TRACE i.a.p.raft.roles.FollowerRole - RaftServer{2}{role=FOLLOWER} - Committed entries up to index 95
02:19:46.240 [raft-server-3] TRACE i.a.p.raft.roles.FollowerRole - RaftServer{3}{role=FOLLOWER} - Committed entries up to index 95
02:19:46.240 [raft-server-2] TRACE i.a.p.raft.roles.FollowerRole - RaftServer{2}{role=FOLLOWER} - Sending AppendResponse{status=OK, term=1, succeeded=true, lastLogIndex=96}
02:19:46.240 [raft-server-3] TRACE i.a.p.raft.roles.FollowerRole - RaftServer{3}{role=FOLLOWER} - Sending AppendResponse{status=OK, term=1, succeeded=true, lastLogIndex=96}
02:19:46.241 [raft-server-1] TRACE i.a.p.raft.roles.LeaderAppender - RaftServer{1} - Received AppendResponse{status=OK, term=1, succeeded=true, lastLogIndex=96} from 2
02:19:46.240 [raft-server-2-state] TRACE i.a.p.raft.impl.RaftServiceManager - RaftServer{2} - Applying Indexed{index=95, entry=CommandEntry{term=1, timestamp=2018-06-01 02:19:46,117, session=2, sequence=89, operation=PrimitiveOperation{id=DefaultOperationId{id=write, type=COMMAND}, value=byte[]{length=17, hash=-1644578928}}}}
02:19:46.241 [raft-server-3-state] TRACE i.a.p.raft.impl.RaftServiceManager - RaftServer{3} - Applying Indexed{index=95, entry=CommandEntry{term=1, timestamp=2018-06-01 02:19:46,117, session=2, sequence=89, operation=PrimitiveOperation{id=DefaultOperationId{id=write, type=COMMAND}, value=byte[]{length=17, hash=-1644578928}}}}
02:19:46.241 [raft-server-1] TRACE i.a.p.raft.roles.LeaderAppender - RaftServer{1} - Committed entries up to 96
02:19:46.241 [raft-server-2-state] TRACE i.a.p.s.impl.DefaultServiceExecutor - PrimitiveService{2}{type=PrimitiveType{name=test}, name=test} - Executing DefaultCommit{index=95, session=RaftSession{RaftServiceContext{server=2, type=PrimitiveType{name=test}, name=test, id=2}, session=2, timestamp=2018-06-01 02:19:46,117}, time=2018-06-01 02:19:46,117, operation=DefaultOperationId{id=write, type=COMMAND}, value=byte[]{length=17, hash=-1644578928}}
02:19:46.241 [raft-server-3-state] TRACE i.a.p.s.impl.DefaultServiceExecutor - PrimitiveService{2}{type=PrimitiveType{name=test}, name=test} - Executing DefaultCommit{index=95, session=RaftSession{RaftServiceContext{server=3, type=PrimitiveType{name=test}, name=test, id=2}, session=2, timestamp=2018-06-01 02:19:46,117}, time=2018-06-01 02:19:46,117, operation=DefaultOperationId{id=write, type=COMMAND}, value=byte[]{length=17, hash=-1644578928}}
02:19:46.273 [raft-server-1] TRACE i.a.p.raft.roles.LeaderAppender - RaftServer{1} - Sending AppendRequest{term=1, leader=1, prevLogIndex=96, prevLogTerm=1, entries=0, commitIndex=96} to 2
02:19:46.274 [raft-server-1] TRACE i.a.p.raft.roles.LeaderAppender - RaftServer{1} - Received AppendResponse{status=OK, term=1, succeeded=true, lastLogIndex=96} from 3
02:19:46.274 [raft-server-2] TRACE i.a.p.raft.roles.FollowerRole - RaftServer{2}{role=FOLLOWER} - Received AppendRequest{term=1, leader=1, prevLogIndex=96, prevLogTerm=1, entries=0, commitIndex=96}
02:19:46.274 [raft-server-2] TRACE i.a.p.raft.roles.FollowerRole - RaftServer{2}{role=FOLLOWER} - Committed entries up to index 96
02:19:46.274 [raft-server-1] TRACE i.a.p.raft.roles.LeaderAppender - RaftServer{1} - Sending AppendRequest{term=1, leader=1, prevLogIndex=96, prevLogTerm=1, entries=0, commitIndex=96} to 3
02:19:46.274 [raft-server-2] TRACE i.a.p.raft.roles.FollowerRole - RaftServer{2}{role=FOLLOWER} - Sending AppendResponse{status=OK, term=1, succeeded=true, lastLogIndex=96}
02:19:46.274 [raft-server-3] TRACE i.a.p.raft.roles.FollowerRole - RaftServer{3}{role=FOLLOWER} - Received AppendRequest{term=1, leader=1, prevLogIndex=96, prevLogTerm=1, entries=0, commitIndex=96}
02:19:46.274 [raft-server-1] TRACE i.a.p.raft.roles.LeaderAppender - RaftServer{1} - Received AppendResponse{status=OK, term=1, succeeded=true, lastLogIndex=96} from 2
02:19:46.274 [raft-server-2-state] TRACE i.a.p.raft.impl.RaftServiceManager - RaftServer{2} - Applying Indexed{index=96, entry=CommandEntry{term=1, timestamp=2018-06-01 02:19:46,209, session=2, sequence=90, operation=PrimitiveOperation{id=DefaultOperationId{id=write, type=COMMAND}, value=byte[]{length=17, hash=-1644578928}}}}
02:19:46.274 [raft-server-1-state] TRACE i.a.p.raft.impl.RaftServiceManager - RaftServer{1} - Applying Indexed{index=96, entry=CommandEntry{term=1, timestamp=2018-06-01 02:19:46,209, session=2, sequence=90, operation=PrimitiveOperation{id=DefaultOperationId{id=write, type=COMMAND}, value=byte[]{length=17, hash=-1644578928}}}}
02:19:46.274 [raft-server-2-state] TRACE i.a.p.s.impl.DefaultServiceExecutor - PrimitiveService{2}{type=PrimitiveType{name=test}, name=test} - Executing DefaultCommit{index=96, session=RaftSession{RaftServiceContext{server=2, type=PrimitiveType{name=test}, name=test, id=2}, session=2, timestamp=2018-06-01 02:19:46,209}, time=2018-06-01 02:19:46,209, operation=DefaultOperationId{id=write, type=COMMAND}, value=byte[]{length=17, hash=-1644578928}}
02:19:46.274 [raft-server-1-state] TRACE i.a.p.s.impl.DefaultServiceExecutor - PrimitiveService{2}{type=PrimitiveType{name=test}, name=test} - Executing DefaultCommit{index=96, session=RaftSession{RaftServiceContext{server=1, type=PrimitiveType{name=test}, name=test, id=2}, session=2, timestamp=2018-06-01 02:19:46,209}, time=2018-06-01 02:19:46,209, operation=DefaultOperationId{id=write, type=COMMAND}, value=byte[]{length=17, hash=-1644578928}}
02:19:46.275 [raft-server-1-state] TRACE i.a.protocols.raft.roles.LeaderRole - RaftServer{1}{role=LEADER} - Sending CommandResponse{status=OK, index=96, eventIndex=2, result=byte[]{length=3, hash=36457}}
02:19:46.275 [raft-client-8d1a11e6-024d-41c6-816f-7d36669ce782-7] TRACE i.a.p.r.p.impl.RaftProxyConnection - PartitionProxy{2}{type=PrimitiveType{name=test}, name=test} - Received CommandResponse{status=OK, index=96, eventIndex=2, result=byte[]{length=3, hash=36457}} from 1
02:19:46.275 [raft-client-8d1a11e6-024d-41c6-816f-7d36669ce782-7] TRACE i.a.p.r.p.impl.RaftProxySequencer - PartitionProxy{2}{type=PrimitiveType{name=test}, name=test} - Completing response CommandResponse{status=OK, index=96, eventIndex=2, result=byte[]{length=3, hash=36457}}
02:19:46.275 [raft-client-8d1a11e6-024d-41c6-816f-7d36669ce782-5] TRACE i.a.p.r.p.impl.RaftProxyConnection - PartitionProxy{2}{type=PrimitiveType{name=test}, name=test} - Sending CommandRequest{session=2, sequence=91, operation=PrimitiveOperation{id=DefaultOperationId{id=write, type=COMMAND}, value=byte[]{length=17, hash=-1644578928}}} to 1
02:19:46.276 [raft-server-1] TRACE i.a.protocols.raft.roles.LeaderRole - RaftServer{1}{role=LEADER} - Received CommandRequest{session=2, sequence=91, operation=PrimitiveOperation{id=DefaultOperationId{id=write, type=COMMAND}, value=byte[]{length=17, hash=-1644578928}}}
02:19:46.276 [raft-server-1] TRACE i.a.protocols.raft.roles.LeaderRole - RaftServer{1}{role=LEADER} - Appended Indexed{index=97, entry=CommandEntry{term=1, timestamp=2018-06-01 02:19:46,276, session=2, sequence=91, operation=PrimitiveOperation{id=DefaultOperationId{id=write, type=COMMAND}, value=byte[]{length=17, hash=-1644578928}}}}
02:19:46.276 [raft-server-1] TRACE i.a.p.raft.roles.LeaderAppender - RaftServer{1} - Sending AppendRequest{term=1, leader=1, prevLogIndex=96, prevLogTerm=1, entries=1, commitIndex=96} to 2
02:19:46.276 [raft-server-2] TRACE i.a.p.raft.roles.FollowerRole - RaftServer{2}{role=FOLLOWER} - Received AppendRequest{term=1, leader=1, prevLogIndex=96, prevLogTerm=1, entries=1, commitIndex=96}
02:19:46.276 [raft-server-2] TRACE i.a.p.raft.roles.FollowerRole - RaftServer{2}{role=FOLLOWER} - Appended Indexed{index=97, entry=CommandEntry{term=1, timestamp=2018-06-01 02:19:46,276, session=2, sequence=91, operation=PrimitiveOperation{id=DefaultOperationId{id=write, type=COMMAND}, value=byte[]{length=17, hash=-1644578928}}}}
02:19:46.276 [raft-server-2] TRACE i.a.p.raft.roles.FollowerRole - RaftServer{2}{role=FOLLOWER} - Sending AppendResponse{status=OK, term=1, succeeded=true, lastLogIndex=97}
02:19:46.276 [raft-server-1] TRACE i.a.p.raft.roles.LeaderAppender - RaftServer{1} - Received AppendResponse{status=OK, term=1, succeeded=true, lastLogIndex=97} from 2
02:19:46.276 [raft-server-1] TRACE i.a.p.raft.roles.LeaderAppender - RaftServer{1} - Committed entries up to 97
02:19:46.307 [raft-server-3] TRACE i.a.p.raft.roles.FollowerRole - RaftServer{3}{role=FOLLOWER} - Committed entries up to index 96
02:19:46.307 [raft-server-3] TRACE i.a.p.raft.roles.FollowerRole - RaftServer{3}{role=FOLLOWER} - Sending AppendResponse{status=OK, term=1, succeeded=true, lastLogIndex=96}
02:19:46.307 [raft-server-3-state] TRACE i.a.p.raft.impl.RaftServiceManager - RaftServer{3} - Applying Indexed{index=96, entry=CommandEntry{term=1, timestamp=2018-06-01 02:19:46,209, session=2, sequence=90, operation=PrimitiveOperation{id=DefaultOperationId{id=write, type=COMMAND}, value=byte[]{length=17, hash=-1644578928}}}}
02:19:46.307 [raft-server-3-state] TRACE i.a.p.s.impl.DefaultServiceExecutor - PrimitiveService{2}{type=PrimitiveType{name=test}, name=test} - Executing DefaultCommit{index=96, session=RaftSession{RaftServiceContext{server=3, type=PrimitiveType{name=test}, name=test, id=2}, session=2, timestamp=2018-06-01 02:19:46,209}, time=2018-06-01 02:19:46,209, operation=DefaultOperationId{id=write, type=COMMAND}, value=byte[]{length=17, hash=-1644578928}}
02:19:46.332 [raft-server-1] TRACE i.a.p.raft.roles.LeaderAppender - RaftServer{1} - Received AppendResponse{status=OK, term=1, succeeded=true, lastLogIndex=96} from 3
02:19:46.332 [raft-server-1] TRACE i.a.p.raft.roles.LeaderAppender - RaftServer{1} - Sending AppendRequest{term=1, leader=1, prevLogIndex=96, prevLogTerm=1, entries=1, commitIndex=97} to 3
02:19:46.332 [raft-server-3] TRACE i.a.p.raft.roles.FollowerRole - RaftServer{3}{role=FOLLOWER} - Received AppendRequest{term=1, leader=1, prevLogIndex=96, prevLogTerm=1, entries=1, commitIndex=97}
02:19:46.332 [raft-server-1-state] TRACE i.a.p.raft.impl.RaftServiceManager - RaftServer{1} - Applying Indexed{index=97, entry=CommandEntry{term=1, timestamp=2018-06-01 02:19:46,276, session=2, sequence=91, operation=PrimitiveOperation{id=DefaultOperationId{id=write, type=COMMAND}, value=byte[]{length=17, hash=-1644578928}}}}
02:19:46.332 [raft-server-3] TRACE i.a.p.raft.roles.FollowerRole - RaftServer{3}{role=FOLLOWER} - Appended Indexed{index=97, entry=CommandEntry{term=1, timestamp=2018-06-01 02:19:46,276, session=2, sequence=91, operation=PrimitiveOperation{id=DefaultOperationId{id=write, type=COMMAND}, value=byte[]{length=17, hash=-1644578928}}}}
02:19:46.332 [raft-server-1-state] TRACE i.a.p.s.impl.DefaultServiceExecutor - PrimitiveService{2}{type=PrimitiveType{name=test}, name=test} - Executing DefaultCommit{index=97, session=RaftSession{RaftServiceContext{server=1, type=PrimitiveType{name=test}, name=test, id=2}, session=2, timestamp=2018-06-01 02:19:46,276}, time=2018-06-01 02:19:46,276, operation=DefaultOperationId{id=write, type=COMMAND}, value=byte[]{length=17, hash=-1644578928}}
02:19:46.333 [raft-server-1-state] TRACE i.a.protocols.raft.roles.LeaderRole - RaftServer{1}{role=LEADER} - Sending CommandResponse{status=OK, index=97, eventIndex=2, result=byte[]{length=3, hash=36519}}
02:19:46.333 [raft-client-8d1a11e6-024d-41c6-816f-7d36669ce782-1] TRACE i.a.p.r.p.impl.RaftProxyConnection - PartitionProxy{2}{type=PrimitiveType{name=test}, name=test} - Received CommandResponse{status=OK, index=97, eventIndex=2, result=byte[]{length=3, hash=36519}} from 1
02:19:46.333 [raft-client-8d1a11e6-024d-41c6-816f-7d36669ce782-1] TRACE i.a.p.r.p.impl.RaftProxySequencer - PartitionProxy{2}{type=PrimitiveType{name=test}, name=test} - Completing response CommandResponse{status=OK, index=97, eventIndex=2, result=byte[]{length=3, hash=36519}}
02:19:46.333 [raft-client-8d1a11e6-024d-41c6-816f-7d36669ce782-3] TRACE i.a.p.r.p.impl.RaftProxyConnection - PartitionProxy{2}{type=PrimitiveType{name=test}, name=test} - Sending CommandRequest{session=2, sequence=92, operation=PrimitiveOperation{id=DefaultOperationId{id=write, type=COMMAND}, value=byte[]{length=17, hash=-1644578928}}} to 1
02:19:46.333 [raft-server-1] TRACE i.a.protocols.raft.roles.LeaderRole - RaftServer{1}{role=LEADER} - Received CommandRequest{session=2, sequence=92, operation=PrimitiveOperation{id=DefaultOperationId{id=write, type=COMMAND}, value=byte[]{length=17, hash=-1644578928}}}
02:19:46.334 [raft-server-1] TRACE i.a.protocols.raft.roles.LeaderRole - RaftServer{1}{role=LEADER} - Appended Indexed{index=98, entry=CommandEntry{term=1, timestamp=2018-06-01 02:19:46,334, session=2, sequence=92, operation=PrimitiveOperation{id=DefaultOperationId{id=write, type=COMMAND}, value=byte[]{length=17, hash=-1644578928}}}}
02:19:46.334 [raft-server-1] TRACE i.a.p.raft.roles.LeaderAppender - RaftServer{1} - Sending AppendRequest{term=1, leader=1, prevLogIndex=97, prevLogTerm=1, entries=1, commitIndex=97} to 2
02:19:46.334 [raft-server-2] TRACE i.a.p.raft.roles.FollowerRole - RaftServer{2}{role=FOLLOWER} - Received AppendRequest{term=1, leader=1, prevLogIndex=97, prevLogTerm=1, entries=1, commitIndex=97}
02:19:46.334 [raft-server-2] TRACE i.a.p.raft.roles.FollowerRole - RaftServer{2}{role=FOLLOWER} - Appended Indexed{index=98, entry=CommandEntry{term=1, timestamp=2018-06-01 02:19:46,334, session=2, sequence=92, operation=PrimitiveOperation{id=DefaultOperationId{id=write, type=COMMAND}, value=byte[]{length=17, hash=-1644578928}}}}
02:19:46.373 [raft-server-3] TRACE i.a.p.raft.roles.FollowerRole - RaftServer{3}{role=FOLLOWER} - Committed entries up to index 97
02:19:46.373 [raft-server-3] TRACE i.a.p.raft.roles.FollowerRole - RaftServer{3}{role=FOLLOWER} - Sending AppendResponse{status=OK, term=1, succeeded=true, lastLogIndex=97}
02:19:46.374 [raft-server-1] TRACE i.a.p.raft.roles.LeaderAppender - RaftServer{1} - Received AppendResponse{status=OK, term=1, succeeded=true, lastLogIndex=97} from 3
02:19:46.374 [raft-server-3-state] TRACE i.a.p.raft.impl.RaftServiceManager - RaftServer{3} - Applying Indexed{index=97, entry=CommandEntry{term=1, timestamp=2018-06-01 02:19:46,276, session=2, sequence=91, operation=PrimitiveOperation{id=DefaultOperationId{id=write, type=COMMAND}, value=byte[]{length=17, hash=-1644578928}}}}
02:19:46.374 [raft-server-1] TRACE i.a.p.raft.roles.LeaderAppender - RaftServer{1} - Sending AppendRequest{term=1, leader=1, prevLogIndex=97, prevLogTerm=1, entries=1, commitIndex=97} to 3
02:19:46.374 [raft-server-3] TRACE i.a.p.raft.roles.FollowerRole - RaftServer{3}{role=FOLLOWER} - Received AppendRequest{term=1, leader=1, prevLogIndex=97, prevLogTerm=1, entries=1, commitIndex=97}
02:19:46.374 [raft-server-3-state] TRACE i.a.p.s.impl.DefaultServiceExecutor - PrimitiveService{2}{type=PrimitiveType{name=test}, name=test} - Executing DefaultCommit{index=97, session=RaftSession{RaftServiceContext{server=3, type=PrimitiveType{name=test}, name=test, id=2}, session=2, timestamp=2018-06-01 02:19:46,276}, time=2018-06-01 02:19:46,276, operation=DefaultOperationId{id=write, type=COMMAND}, value=byte[]{length=17, hash=-1644578928}}
02:19:46.374 [raft-server-3] TRACE i.a.p.raft.roles.FollowerRole - RaftServer{3}{role=FOLLOWER} - Appended Indexed{index=98, entry=CommandEntry{term=1, timestamp=2018-06-01 02:19:46,334, session=2, sequence=92, operation=PrimitiveOperation{id=DefaultOperationId{id=write, type=COMMAND}, value=byte[]{length=17, hash=-1644578928}}}}
02:19:46.374 [raft-server-3] TRACE i.a.p.raft.roles.FollowerRole - RaftServer{3}{role=FOLLOWER} - Sending AppendResponse{status=OK, term=1, succeeded=true, lastLogIndex=98}
02:19:46.374 [raft-server-1] TRACE i.a.p.raft.roles.LeaderAppender - RaftServer{1} - Received AppendResponse{status=OK, term=1, succeeded=true, lastLogIndex=98} from 3
02:19:46.375 [raft-server-1] TRACE i.a.p.raft.roles.LeaderAppender - RaftServer{1} - Committed entries up to 98
02:19:46.404 [raft-server-2] TRACE i.a.p.raft.roles.FollowerRole - RaftServer{2}{role=FOLLOWER} - Committed entries up to index 97
02:19:46.404 [raft-server-2] TRACE i.a.p.raft.roles.FollowerRole - RaftServer{2}{role=FOLLOWER} - Sending AppendResponse{status=OK, term=1, succeeded=true, lastLogIndex=98}
02:19:46.404 [raft-server-2-state] TRACE i.a.p.raft.impl.RaftServiceManager - RaftServer{2} - Applying Indexed{index=97, entry=CommandEntry{term=1, timestamp=2018-06-01 02:19:46,276, session=2, sequence=91, operation=PrimitiveOperation{id=DefaultOperationId{id=write, type=COMMAND}, value=byte[]{length=17, hash=-1644578928}}}}
02:19:46.404 [raft-server-2-state] TRACE i.a.p.s.impl.DefaultServiceExecutor - PrimitiveService{2}{type=PrimitiveType{name=test}, name=test} - Executing DefaultCommit{index=97, session=RaftSession{RaftServiceContext{server=2, type=PrimitiveType{name=test}, name=test, id=2}, session=2, timestamp=2018-06-01 02:19:46,276}, time=2018-06-01 02:19:46,276, operation=DefaultOperationId{id=write, type=COMMAND}, value=byte[]{length=17, hash=-1644578928}}
02:19:46.423 [raft-server-1] TRACE i.a.p.raft.roles.LeaderAppender - RaftServer{1} - Received AppendResponse{status=OK, term=1, succeeded=true, lastLogIndex=98} from 2
02:19:46.424 [raft-server-1-state] TRACE i.a.p.raft.impl.RaftServiceManager - RaftServer{1} - Applying Indexed{index=98, entry=CommandEntry{term=1, timestamp=2018-06-01 02:19:46,334, session=2, sequence=92, operation=PrimitiveOperation{id=DefaultOperationId{id=write, type=COMMAND}, value=byte[]{length=17, hash=-1644578928}}}}
02:19:46.424 [raft-server-1-state] TRACE i.a.p.s.impl.DefaultServiceExecutor - PrimitiveService{2}{type=PrimitiveType{name=test}, name=test} - Executing DefaultCommit{index=98, session=RaftSession{RaftServiceContext{server=1, type=PrimitiveType{name=test}, name=test, id=2}, session=2, timestamp=2018-06-01 02:19:46,334}, time=2018-06-01 02:19:46,334, operation=DefaultOperationId{id=write, type=COMMAND}, value=byte[]{length=17, hash=-1644578928}}
02:19:46.424 [raft-server-1-state] TRACE i.a.protocols.raft.roles.LeaderRole - RaftServer{1}{role=LEADER} - Sending CommandResponse{status=OK, index=98, eventIndex=2, result=byte[]{length=3, hash=36581}}
02:19:46.424 [raft-client-8d1a11e6-024d-41c6-816f-7d36669ce782-0] TRACE i.a.p.r.p.impl.RaftProxyConnection - PartitionProxy{2}{type=PrimitiveType{name=test}, name=test} - Received CommandResponse{status=OK, index=98, eventIndex=2, result=byte[]{length=3, hash=36581}} from 1
02:19:46.424 [raft-client-8d1a11e6-024d-41c6-816f-7d36669ce782-0] TRACE i.a.p.r.p.impl.RaftProxySequencer - PartitionProxy{2}{type=PrimitiveType{name=test}, name=test} - Completing response CommandResponse{status=OK, index=98, eventIndex=2, result=byte[]{length=3, hash=36581}}
02:19:46.425 [raft-client-8d1a11e6-024d-41c6-816f-7d36669ce782-0] TRACE i.a.p.r.p.impl.RaftProxyConnection - PartitionProxy{2}{type=PrimitiveType{name=test}, name=test} - Sending CommandRequest{session=2, sequence=93, operation=PrimitiveOperation{id=DefaultOperationId{id=write, type=COMMAND}, value=byte[]{length=17, hash=-1644578928}}} to 1
02:19:46.425 [raft-server-1] TRACE i.a.protocols.raft.roles.LeaderRole - RaftServer{1}{role=LEADER} - Received CommandRequest{session=2, sequence=93, operation=PrimitiveOperation{id=DefaultOperationId{id=write, type=COMMAND}, value=byte[]{length=17, hash=-1644578928}}}
02:19:46.425 [raft-server-1] TRACE i.a.protocols.raft.roles.LeaderRole - RaftServer{1}{role=LEADER} - Appended Indexed{index=99, entry=CommandEntry{term=1, timestamp=2018-06-01 02:19:46,425, session=2, sequence=93, operation=PrimitiveOperation{id=DefaultOperationId{id=write, type=COMMAND}, value=byte[]{length=17, hash=-1644578928}}}}
02:19:46.425 [raft-server-1] TRACE i.a.p.raft.roles.LeaderAppender - RaftServer{1} - Sending AppendRequest{term=1, leader=1, prevLogIndex=98, prevLogTerm=1, entries=1, commitIndex=98} to 2
02:19:46.426 [raft-server-1] TRACE i.a.p.raft.roles.LeaderAppender - RaftServer{1} - Sending AppendRequest{term=1, leader=1, prevLogIndex=98, prevLogTerm=1, entries=1, commitIndex=98} to 3
02:19:46.426 [raft-server-2] TRACE i.a.p.raft.roles.FollowerRole - RaftServer{2}{role=FOLLOWER} - Received AppendRequest{term=1, leader=1, prevLogIndex=98, prevLogTerm=1, entries=1, commitIndex=98}
02:19:46.426 [raft-server-3] TRACE i.a.p.raft.roles.FollowerRole - RaftServer{3}{role=FOLLOWER} - Received AppendRequest{term=1, leader=1, prevLogIndex=98, prevLogTerm=1, entries=1, commitIndex=98}
02:19:46.426 [raft-server-2] TRACE i.a.p.raft.roles.FollowerRole - RaftServer{2}{role=FOLLOWER} - Appended Indexed{index=99, entry=CommandEntry{term=1, timestamp=2018-06-01 02:19:46,425, session=2, sequence=93, operation=PrimitiveOperation{id=DefaultOperationId{id=write, type=COMMAND}, value=byte[]{length=17, hash=-1644578928}}}}
02:19:46.426 [raft-server-3] TRACE i.a.p.raft.roles.FollowerRole - RaftServer{3}{role=FOLLOWER} - Appended Indexed{index=99, entry=CommandEntry{term=1, timestamp=2018-06-01 02:19:46,425, session=2, sequence=93, operation=PrimitiveOperation{id=DefaultOperationId{id=write, type=COMMAND}, value=byte[]{length=17, hash=-1644578928}}}}
02:19:46.457 [raft-server-2] TRACE i.a.p.raft.roles.FollowerRole - RaftServer{2}{role=FOLLOWER} - Committed entries up to index 98
02:19:46.457 [raft-server-3] TRACE i.a.p.raft.roles.FollowerRole - RaftServer{3}{role=FOLLOWER} - Committed entries up to index 98
02:19:46.457 [raft-server-2] TRACE i.a.p.raft.roles.FollowerRole - RaftServer{2}{role=FOLLOWER} - Sending AppendResponse{status=OK, term=1, succeeded=true, lastLogIndex=99}
02:19:46.457 [raft-server-3] TRACE i.a.p.raft.roles.FollowerRole - RaftServer{3}{role=FOLLOWER} - Sending AppendResponse{status=OK, term=1, succeeded=true, lastLogIndex=99}
02:19:46.457 [raft-server-1] TRACE i.a.p.raft.roles.LeaderAppender - RaftServer{1} - Received AppendResponse{status=OK, term=1, succeeded=true, lastLogIndex=99} from 2
02:19:46.457 [raft-server-1] TRACE i.a.p.raft.roles.LeaderAppender - RaftServer{1} - Committed entries up to 99
02:19:46.457 [raft-server-2-state] TRACE i.a.p.raft.impl.RaftServiceManager - RaftServer{2} - Applying Indexed{index=98, entry=CommandEntry{term=1, timestamp=2018-06-01 02:19:46,334, session=2, sequence=92, operation=PrimitiveOperation{id=DefaultOperationId{id=write, type=COMMAND}, value=byte[]{length=17, hash=-1644578928}}}}
02:19:46.457 [raft-server-3-state] TRACE i.a.p.raft.impl.RaftServiceManager - RaftServer{3} - Applying Indexed{index=98, entry=CommandEntry{term=1, timestamp=2018-06-01 02:19:46,334, session=2, sequence=92, operation=PrimitiveOperation{id=DefaultOperationId{id=write, type=COMMAND}, value=byte[]{length=17, hash=-1644578928}}}}
02:19:46.457 [raft-server-2-state] TRACE i.a.p.s.impl.DefaultServiceExecutor - PrimitiveService{2}{type=PrimitiveType{name=test}, name=test} - Executing DefaultCommit{index=98, session=RaftSession{RaftServiceContext{server=2, type=PrimitiveType{name=test}, name=test, id=2}, session=2, timestamp=2018-06-01 02:19:46,334}, time=2018-06-01 02:19:46,334, operation=DefaultOperationId{id=write, type=COMMAND}, value=byte[]{length=17, hash=-1644578928}}
02:19:46.457 [raft-server-3-state] TRACE i.a.p.s.impl.DefaultServiceExecutor - PrimitiveService{2}{type=PrimitiveType{name=test}, name=test} - Executing DefaultCommit{index=98, session=RaftSession{RaftServiceContext{server=3, type=PrimitiveType{name=test}, name=test, id=2}, session=2, timestamp=2018-06-01 02:19:46,334}, time=2018-06-01 02:19:46,334, operation=DefaultOperationId{id=write, type=COMMAND}, value=byte[]{length=17, hash=-1644578928}}
02:19:46.490 [raft-server-1] TRACE i.a.p.raft.roles.LeaderAppender - RaftServer{1} - Received AppendResponse{status=OK, term=1, succeeded=true, lastLogIndex=99} from 3
02:19:46.490 [raft-server-1] TRACE i.a.p.raft.roles.LeaderAppender - RaftServer{1} - Sending AppendRequest{term=1, leader=1, prevLogIndex=99, prevLogTerm=1, entries=0, commitIndex=99} to 2
02:19:46.490 [raft-server-1] TRACE i.a.p.raft.roles.LeaderAppender - RaftServer{1} - Sending AppendRequest{term=1, leader=1, prevLogIndex=99, prevLogTerm=1, entries=0, commitIndex=99} to 3
02:19:46.490 [raft-server-2] TRACE i.a.p.raft.roles.FollowerRole - RaftServer{2}{role=FOLLOWER} - Received AppendRequest{term=1, leader=1, prevLogIndex=99, prevLogTerm=1, entries=0, commitIndex=99}
02:19:46.491 [raft-server-3] TRACE i.a.p.raft.roles.FollowerRole - RaftServer{3}{role=FOLLOWER} - Received AppendRequest{term=1, leader=1, prevLogIndex=99, prevLogTerm=1, entries=0, commitIndex=99}
02:19:46.491 [raft-server-1-state] TRACE i.a.p.raft.impl.RaftServiceManager - RaftServer{1} - Applying Indexed{index=99, entry=CommandEntry{term=1, timestamp=2018-06-01 02:19:46,425, session=2, sequence=93, operation=PrimitiveOperation{id=DefaultOperationId{id=write, type=COMMAND}, value=byte[]{length=17, hash=-1644578928}}}}
02:19:46.491 [raft-server-1-state] TRACE i.a.p.s.impl.DefaultServiceExecutor - PrimitiveService{2}{type=PrimitiveType{name=test}, name=test} - Executing DefaultCommit{index=99, session=RaftSession{RaftServiceContext{server=1, type=PrimitiveType{name=test}, name=test, id=2}, session=2, timestamp=2018-06-01 02:19:46,425}, time=2018-06-01 02:19:46,425, operation=DefaultOperationId{id=write, type=COMMAND}, value=byte[]{length=17, hash=-1644578928}}
02:19:46.491 [raft-server-1-state] TRACE i.a.protocols.raft.roles.LeaderRole - RaftServer{1}{role=LEADER} - Sending CommandResponse{status=OK, index=99, eventIndex=2, result=byte[]{length=3, hash=36643}}
02:19:46.491 [raft-client-8d1a11e6-024d-41c6-816f-7d36669ce782-7] TRACE i.a.p.r.p.impl.RaftProxyConnection - PartitionProxy{2}{type=PrimitiveType{name=test}, name=test} - Received CommandResponse{status=OK, index=99, eventIndex=2, result=byte[]{length=3, hash=36643}} from 1
02:19:46.491 [raft-client-8d1a11e6-024d-41c6-816f-7d36669ce782-7] TRACE i.a.p.r.p.impl.RaftProxySequencer - PartitionProxy{2}{type=PrimitiveType{name=test}, name=test} - Completing response CommandResponse{status=OK, index=99, eventIndex=2, result=byte[]{length=3, hash=36643}}
02:19:46.492 [raft-client-8d1a11e6-024d-41c6-816f-7d36669ce782-7] TRACE i.a.p.r.p.impl.RaftProxyConnection - PartitionProxy{2}{type=PrimitiveType{name=test}, name=test} - Sending CommandRequest{session=2, sequence=94, operation=PrimitiveOperation{id=DefaultOperationId{id=write, type=COMMAND}, value=byte[]{length=17, hash=-1644578928}}} to 1
02:19:46.492 [raft-server-1] TRACE i.a.protocols.raft.roles.LeaderRole - RaftServer{1}{role=LEADER} - Received CommandRequest{session=2, sequence=94, operation=PrimitiveOperation{id=DefaultOperationId{id=write, type=COMMAND}, value=byte[]{length=17, hash=-1644578928}}}
02:19:46.492 [raft-server-1] TRACE i.a.protocols.raft.roles.LeaderRole - RaftServer{1}{role=LEADER} - Appended Indexed{index=100, entry=CommandEntry{term=1, timestamp=2018-06-01 02:19:46,492, session=2, sequence=94, operation=PrimitiveOperation{id=DefaultOperationId{id=write, type=COMMAND}, value=byte[]{length=17, hash=-1644578928}}}}
02:19:46.515 [raft-server-2] TRACE i.a.p.raft.roles.FollowerRole - RaftServer{2}{role=FOLLOWER} - Committed entries up to index 99
02:19:46.515 [raft-server-2] TRACE i.a.p.raft.roles.FollowerRole - RaftServer{2}{role=FOLLOWER} - Sending AppendResponse{status=OK, term=1, succeeded=true, lastLogIndex=99}
02:19:46.515 [raft-server-1] TRACE i.a.p.raft.roles.LeaderAppender - RaftServer{1} - Received AppendResponse{status=OK, term=1, succeeded=true, lastLogIndex=99} from 2
02:19:46.515 [raft-server-2-state] TRACE i.a.p.raft.impl.RaftServiceManager - RaftServer{2} - Applying Indexed{index=99, entry=CommandEntry{term=1, timestamp=2018-06-01 02:19:46,425, session=2, sequence=93, operation=PrimitiveOperation{id=DefaultOperationId{id=write, type=COMMAND}, value=byte[]{length=17, hash=-1644578928}}}}
02:19:46.515 [raft-server-1] TRACE i.a.p.raft.roles.LeaderAppender - RaftServer{1} - Sending AppendRequest{term=1, leader=1, prevLogIndex=99, prevLogTerm=1, entries=1, commitIndex=99} to 2
02:19:46.515 [raft-server-2-state] TRACE i.a.p.s.impl.DefaultServiceExecutor - PrimitiveService{2}{type=PrimitiveType{name=test}, name=test} - Executing DefaultCommit{index=99, session=RaftSession{RaftServiceContext{server=2, type=PrimitiveType{name=test}, name=test, id=2}, session=2, timestamp=2018-06-01 02:19:46,425}, time=2018-06-01 02:19:46,425, operation=DefaultOperationId{id=write, type=COMMAND}, value=byte[]{length=17, hash=-1644578928}}
02:19:46.516 [raft-server-2] TRACE i.a.p.raft.roles.FollowerRole - RaftServer{2}{role=FOLLOWER} - Received AppendRequest{term=1, leader=1, prevLogIndex=99, prevLogTerm=1, entries=1, commitIndex=99}
02:19:46.516 [raft-server-1] TRACE i.a.p.raft.roles.LeaderAppender - RaftServer{1} - Sending AppendRequest{term=1, leader=1, prevLogIndex=99, prevLogTerm=1, entries=1, commitIndex=99} to 3
02:19:46.516 [raft-server-2] TRACE i.a.p.raft.roles.FollowerRole - RaftServer{2}{role=FOLLOWER} - Appended Indexed{index=100, entry=CommandEntry{term=1, timestamp=2018-06-01 02:19:46,492, session=2, sequence=94, operation=PrimitiveOperation{id=DefaultOperationId{id=write, type=COMMAND}, value=byte[]{length=17, hash=-1644578928}}}}
02:19:46.516 [raft-server-2] TRACE i.a.p.raft.roles.FollowerRole - RaftServer{2}{role=FOLLOWER} - Sending AppendResponse{status=OK, term=1, succeeded=true, lastLogIndex=100}
02:19:46.516 [raft-server-1] TRACE i.a.p.raft.roles.LeaderAppender - RaftServer{1} - Received AppendResponse{status=OK, term=1, succeeded=true, lastLogIndex=100} from 2
02:19:46.516 [raft-server-1] TRACE i.a.p.raft.roles.LeaderAppender - RaftServer{1} - Committed entries up to 100
02:19:46.548 [raft-server-3] TRACE i.a.p.raft.roles.FollowerRole - RaftServer{3}{role=FOLLOWER} - Committed entries up to index 99
02:19:46.548 [raft-server-3] TRACE i.a.p.raft.roles.FollowerRole - RaftServer{3}{role=FOLLOWER} - Sending AppendResponse{status=OK, term=1, succeeded=true, lastLogIndex=99}
02:19:46.549 [raft-server-3] TRACE i.a.p.raft.roles.FollowerRole - RaftServer{3}{role=FOLLOWER} - Received AppendRequest{term=1, leader=1, prevLogIndex=99, prevLogTerm=1, entries=1, commitIndex=99}
02:19:46.549 [raft-server-3] TRACE i.a.p.raft.roles.FollowerRole - RaftServer{3}{role=FOLLOWER} - Appended Indexed{index=100, entry=CommandEntry{term=1, timestamp=2018-06-01 02:19:46,492, session=2, sequence=94, operation=PrimitiveOperation{id=DefaultOperationId{id=write, type=COMMAND}, value=byte[]{length=17, hash=-1644578928}}}}
02:19:46.549 [raft-server-3] TRACE i.a.p.raft.roles.FollowerRole - RaftServer{3}{role=FOLLOWER} - Sending AppendResponse{status=OK, term=1, succeeded=true, lastLogIndex=100}
02:19:46.549 [raft-server-3-state] TRACE i.a.p.raft.impl.RaftServiceManager - RaftServer{3} - Applying Indexed{index=99, entry=CommandEntry{term=1, timestamp=2018-06-01 02:19:46,425, session=2, sequence=93, operation=PrimitiveOperation{id=DefaultOperationId{id=write, type=COMMAND}, value=byte[]{length=17, hash=-1644578928}}}}
02:19:46.549 [raft-server-3-state] TRACE i.a.p.s.impl.DefaultServiceExecutor - PrimitiveService{2}{type=PrimitiveType{name=test}, name=test} - Executing DefaultCommit{index=99, session=RaftSession{RaftServiceContext{server=3, type=PrimitiveType{name=test}, name=test, id=2}, session=2, timestamp=2018-06-01 02:19:46,425}, time=2018-06-01 02:19:46,425, operation=DefaultOperationId{id=write, type=COMMAND}, value=byte[]{length=17, hash=-1644578928}}
02:19:46.565 [raft-server-1] TRACE i.a.p.raft.roles.LeaderAppender - RaftServer{1} - Received AppendResponse{status=OK, term=1, succeeded=true, lastLogIndex=99} from 3
02:19:46.565 [raft-server-1] TRACE i.a.p.raft.roles.LeaderAppender - RaftServer{1} - Received AppendResponse{status=OK, term=1, succeeded=true, lastLogIndex=100} from 3
02:19:46.565 [raft-server-1-state] TRACE i.a.p.raft.impl.RaftServiceManager - RaftServer{1} - Applying Indexed{index=100, entry=CommandEntry{term=1, timestamp=2018-06-01 02:19:46,492, session=2, sequence=94, operation=PrimitiveOperation{id=DefaultOperationId{id=write, type=COMMAND}, value=byte[]{length=17, hash=-1644578928}}}}
02:19:46.566 [raft-server-1-state] TRACE i.a.p.s.impl.DefaultServiceExecutor - PrimitiveService{2}{type=PrimitiveType{name=test}, name=test} - Executing DefaultCommit{index=100, session=RaftSession{RaftServiceContext{server=1, type=PrimitiveType{name=test}, name=test, id=2}, session=2, timestamp=2018-06-01 02:19:46,492}, time=2018-06-01 02:19:46,492, operation=DefaultOperationId{id=write, type=COMMAND}, value=byte[]{length=17, hash=-1644578928}}
02:19:46.566 [raft-server-1-state] TRACE i.a.protocols.raft.roles.LeaderRole - RaftServer{1}{role=LEADER} - Sending CommandResponse{status=OK, index=100, eventIndex=2, result=byte[]{length=3, hash=36705}}
02:19:46.566 [raft-client-8d1a11e6-024d-41c6-816f-7d36669ce782-1] TRACE i.a.p.r.p.impl.RaftProxyConnection - PartitionProxy{2}{type=PrimitiveType{name=test}, name=test} - Received CommandResponse{status=OK, index=100, eventIndex=2, result=byte[]{length=3, hash=36705}} from 1
02:19:46.566 [raft-client-8d1a11e6-024d-41c6-816f-7d36669ce782-1] TRACE i.a.p.r.p.impl.RaftProxySequencer - PartitionProxy{2}{type=PrimitiveType{name=test}, name=test} - Completing response CommandResponse{status=OK, index=100, eventIndex=2, result=byte[]{length=3, hash=36705}}
02:19:46.567 [raft-client-8d1a11e6-024d-41c6-816f-7d36669ce782-1] TRACE i.a.p.r.p.impl.RaftProxyConnection - PartitionProxy{2}{type=PrimitiveType{name=test}, name=test} - Sending CommandRequest{session=2, sequence=95, operation=PrimitiveOperation{id=DefaultOperationId{id=write, type=COMMAND}, value=byte[]{length=17, hash=-1644578928}}} to 1
02:19:46.567 [raft-server-1] TRACE i.a.protocols.raft.roles.LeaderRole - RaftServer{1}{role=LEADER} - Received CommandRequest{session=2, sequence=95, operation=PrimitiveOperation{id=DefaultOperationId{id=write, type=COMMAND}, value=byte[]{length=17, hash=-1644578928}}}
02:19:46.623 [raft-server-1] DEBUG i.a.storage.journal.SegmentedJournal - Created disk segment: JournalSegment{id=11, version=1, index=101, size=64}
02:19:46.624 [raft-server-1] TRACE i.a.protocols.raft.roles.LeaderRole - RaftServer{1}{role=LEADER} - Appended Indexed{index=101, entry=CommandEntry{term=1, timestamp=2018-06-01 02:19:46,567, session=2, sequence=95, operation=PrimitiveOperation{id=DefaultOperationId{id=write, type=COMMAND}, value=byte[]{length=17, hash=-1644578928}}}}
02:19:46.624 [raft-server-1] TRACE i.a.p.raft.roles.LeaderAppender - RaftServer{1} - Sending AppendRequest{term=1, leader=1, prevLogIndex=100, prevLogTerm=1, entries=1, commitIndex=100} to 2
02:19:46.624 [raft-server-2] TRACE i.a.p.raft.roles.FollowerRole - RaftServer{2}{role=FOLLOWER} - Received AppendRequest{term=1, leader=1, prevLogIndex=100, prevLogTerm=1, entries=1, commitIndex=100}
02:19:46.624 [raft-server-1] TRACE i.a.p.raft.roles.LeaderAppender - RaftServer{1} - Sending AppendRequest{term=1, leader=1, prevLogIndex=100, prevLogTerm=1, entries=1, commitIndex=100} to 3
02:19:46.624 [raft-server-3] TRACE i.a.p.raft.roles.FollowerRole - RaftServer{3}{role=FOLLOWER} - Received AppendRequest{term=1, leader=1, prevLogIndex=100, prevLogTerm=1, entries=1, commitIndex=100}
02:19:46.714 [raft-server-2] DEBUG i.a.storage.journal.SegmentedJournal - Created disk segment: JournalSegment{id=11, version=1, index=101, size=64}
02:19:46.714 [raft-server-2] TRACE i.a.p.raft.roles.FollowerRole - RaftServer{2}{role=FOLLOWER} - Appended Indexed{index=101, entry=CommandEntry{term=1, timestamp=2018-06-01 02:19:46,567, session=2, sequence=95, operation=PrimitiveOperation{id=DefaultOperationId{id=write, type=COMMAND}, value=byte[]{length=17, hash=-1644578928}}}}
02:19:46.738 [raft-server-3] DEBUG i.a.storage.journal.SegmentedJournal - Created disk segment: JournalSegment{id=11, version=1, index=101, size=64}
02:19:46.738 [raft-server-3] TRACE i.a.p.raft.roles.FollowerRole - RaftServer{3}{role=FOLLOWER} - Appended Indexed{index=101, entry=CommandEntry{term=1, timestamp=2018-06-01 02:19:46,567, session=2, sequence=95, operation=PrimitiveOperation{id=DefaultOperationId{id=write, type=COMMAND}, value=byte[]{length=17, hash=-1644578928}}}}
02:19:46.782 [raft-server-2] TRACE i.a.p.raft.roles.FollowerRole - RaftServer{2}{role=FOLLOWER} - Committed entries up to index 100
02:19:46.782 [raft-server-2] TRACE i.a.p.raft.roles.FollowerRole - RaftServer{2}{role=FOLLOWER} - Sending AppendResponse{status=OK, term=1, succeeded=true, lastLogIndex=101}
02:19:46.782 [raft-server-2-state] TRACE i.a.p.raft.impl.RaftServiceManager - RaftServer{2} - Applying Indexed{index=100, entry=CommandEntry{term=1, timestamp=2018-06-01 02:19:46,492, session=2, sequence=94, operation=PrimitiveOperation{id=DefaultOperationId{id=write, type=COMMAND}, value=byte[]{length=17, hash=-1644578928}}}}
02:19:46.782 [raft-server-1] TRACE i.a.p.raft.roles.LeaderAppender - RaftServer{1} - Received AppendResponse{status=OK, term=1, succeeded=true, lastLogIndex=101} from 2
02:19:46.782 [raft-server-1] TRACE i.a.p.raft.roles.LeaderAppender - RaftServer{1} - Committed entries up to 101
02:19:46.782 [raft-server-2-state] TRACE i.a.p.s.impl.DefaultServiceExecutor - PrimitiveService{2}{type=PrimitiveType{name=test}, name=test} - Executing DefaultCommit{index=100, session=RaftSession{RaftServiceContext{server=2, type=PrimitiveType{name=test}, name=test, id=2}, session=2, timestamp=2018-06-01 02:19:46,492}, time=2018-06-01 02:19:46,492, operation=DefaultOperationId{id=write, type=COMMAND}, value=byte[]{length=17, hash=-1644578928}}
02:19:46.807 [raft-server-3] TRACE i.a.p.raft.roles.FollowerRole - RaftServer{3}{role=FOLLOWER} - Committed entries up to index 100
02:19:46.807 [raft-server-3] TRACE i.a.p.raft.roles.FollowerRole - RaftServer{3}{role=FOLLOWER} - Sending AppendResponse{status=OK, term=1, succeeded=true, lastLogIndex=101}
02:19:46.807 [raft-server-3-state] TRACE i.a.p.raft.impl.RaftServiceManager - RaftServer{3} - Applying Indexed{index=100, entry=CommandEntry{term=1, timestamp=2018-06-01 02:19:46,492, session=2, sequence=94, operation=PrimitiveOperation{id=DefaultOperationId{id=write, type=COMMAND}, value=byte[]{length=17, hash=-1644578928}}}}
02:19:46.807 [raft-server-3-state] TRACE i.a.p.s.impl.DefaultServiceExecutor - PrimitiveService{2}{type=PrimitiveType{name=test}, name=test} - Executing DefaultCommit{index=100, session=RaftSession{RaftServiceContext{server=3, type=PrimitiveType{name=test}, name=test, id=2}, session=2, timestamp=2018-06-01 02:19:46,492}, time=2018-06-01 02:19:46,492, operation=DefaultOperationId{id=write, type=COMMAND}, value=byte[]{length=17, hash=-1644578928}}
02:19:46.840 [raft-server-1] TRACE i.a.p.raft.roles.LeaderAppender - RaftServer{1} - Sending AppendRequest{term=1, leader=1, prevLogIndex=101, prevLogTerm=1, entries=0, commitIndex=101} to 2
02:19:46.840 [raft-server-1] TRACE i.a.p.raft.roles.LeaderAppender - RaftServer{1} - Received AppendResponse{status=OK, term=1, succeeded=true, lastLogIndex=101} from 3
02:19:46.840 [raft-server-2] TRACE i.a.p.raft.roles.FollowerRole - RaftServer{2}{role=FOLLOWER} - Received AppendRequest{term=1, leader=1, prevLogIndex=101, prevLogTerm=1, entries=0, commitIndex=101}
02:19:46.840 [raft-server-1] TRACE i.a.p.raft.roles.LeaderAppender - RaftServer{1} - Sending AppendRequest{term=1, leader=1, prevLogIndex=101, prevLogTerm=1, entries=0, commitIndex=101} to 3
02:19:46.841 [raft-server-3] TRACE i.a.p.raft.roles.FollowerRole - RaftServer{3}{role=FOLLOWER} - Received AppendRequest{term=1, leader=1, prevLogIndex=101, prevLogTerm=1, entries=0, commitIndex=101}
02:19:46.841 [raft-server-1-state] TRACE i.a.p.raft.impl.RaftServiceManager - RaftServer{1} - Applying Indexed{index=101, entry=CommandEntry{term=1, timestamp=2018-06-01 02:19:46,567, session=2, sequence=95, operation=PrimitiveOperation{id=DefaultOperationId{id=write, type=COMMAND}, value=byte[]{length=17, hash=-1644578928}}}}
02:19:46.841 [raft-server-1-state] TRACE i.a.p.s.impl.DefaultServiceExecutor - PrimitiveService{2}{type=PrimitiveType{name=test}, name=test} - Executing DefaultCommit{index=101, session=RaftSession{RaftServiceContext{server=1, type=PrimitiveType{name=test}, name=test, id=2}, session=2, timestamp=2018-06-01 02:19:46,567}, time=2018-06-01 02:19:46,567, operation=DefaultOperationId{id=write, type=COMMAND}, value=byte[]{length=17, hash=-1644578928}}
02:19:46.841 [raft-server-1-state] TRACE i.a.protocols.raft.roles.LeaderRole - RaftServer{1}{role=LEADER} - Sending CommandResponse{status=OK, index=101, eventIndex=2, result=byte[]{length=3, hash=36767}}
02:19:46.841 [raft-client-8d1a11e6-024d-41c6-816f-7d36669ce782-6] TRACE i.a.p.r.p.impl.RaftProxyConnection - PartitionProxy{2}{type=PrimitiveType{name=test}, name=test} - Received CommandResponse{status=OK, index=101, eventIndex=2, result=byte[]{length=3, hash=36767}} from 1
02:19:46.841 [raft-client-8d1a11e6-024d-41c6-816f-7d36669ce782-6] TRACE i.a.p.r.p.impl.RaftProxySequencer - PartitionProxy{2}{type=PrimitiveType{name=test}, name=test} - Completing response CommandResponse{status=OK, index=101, eventIndex=2, result=byte[]{length=3, hash=36767}}
02:19:46.842 [raft-client-8d1a11e6-024d-41c6-816f-7d36669ce782-5] TRACE i.a.p.r.p.impl.RaftProxyConnection - PartitionProxy{2}{type=PrimitiveType{name=test}, name=test} - Sending CommandRequest{session=2, sequence=96, operation=PrimitiveOperation{id=DefaultOperationId{id=write, type=COMMAND}, value=byte[]{length=17, hash=-1644578928}}} to 1
02:19:46.842 [raft-server-1] TRACE i.a.protocols.raft.roles.LeaderRole - RaftServer{1}{role=LEADER} - Received CommandRequest{session=2, sequence=96, operation=PrimitiveOperation{id=DefaultOperationId{id=write, type=COMMAND}, value=byte[]{length=17, hash=-1644578928}}}
02:19:46.842 [raft-server-1] TRACE i.a.protocols.raft.roles.LeaderRole - RaftServer{1}{role=LEADER} - Appended Indexed{index=102, entry=CommandEntry{term=1, timestamp=2018-06-01 02:19:46,842, session=2, sequence=96, operation=PrimitiveOperation{id=DefaultOperationId{id=write, type=COMMAND}, value=byte[]{length=17, hash=-1644578928}}}}
02:19:46.864 [raft-server-2] TRACE i.a.p.raft.roles.FollowerRole - RaftServer{2}{role=FOLLOWER} - Committed entries up to index 101
02:19:46.864 [raft-server-2] TRACE i.a.p.raft.roles.FollowerRole - RaftServer{2}{role=FOLLOWER} - Sending AppendResponse{status=OK, term=1, succeeded=true, lastLogIndex=101}
02:19:46.864 [raft-server-1] TRACE i.a.p.raft.roles.LeaderAppender - RaftServer{1} - Received AppendResponse{status=OK, term=1, succeeded=true, lastLogIndex=101} from 2
02:19:46.864 [raft-server-1] TRACE i.a.p.raft.roles.LeaderAppender - RaftServer{1} - Sending AppendRequest{term=1, leader=1, prevLogIndex=101, prevLogTerm=1, entries=1, commitIndex=101} to 2
02:19:46.864 [raft-server-2-state] TRACE i.a.p.raft.impl.RaftServiceManager - RaftServer{2} - Applying Indexed{index=101, entry=CommandEntry{term=1, timestamp=2018-06-01 02:19:46,567, session=2, sequence=95, operation=PrimitiveOperation{id=DefaultOperationId{id=write, type=COMMAND}, value=byte[]{length=17, hash=-1644578928}}}}
02:19:46.864 [raft-server-2] TRACE i.a.p.raft.roles.FollowerRole - RaftServer{2}{role=FOLLOWER} - Received AppendRequest{term=1, leader=1, prevLogIndex=101, prevLogTerm=1, entries=1, commitIndex=101}
02:19:46.864 [raft-server-2-state] TRACE i.a.p.s.impl.DefaultServiceExecutor - PrimitiveService{2}{type=PrimitiveType{name=test}, name=test} - Executing DefaultCommit{index=101, session=RaftSession{RaftServiceContext{server=2, type=PrimitiveType{name=test}, name=test, id=2}, session=2, timestamp=2018-06-01 02:19:46,567}, time=2018-06-01 02:19:46,567, operation=DefaultOperationId{id=write, type=COMMAND}, value=byte[]{length=17, hash=-1644578928}}
02:19:46.864 [raft-server-2] TRACE i.a.p.raft.roles.FollowerRole - RaftServer{2}{role=FOLLOWER} - Appended Indexed{index=102, entry=CommandEntry{term=1, timestamp=2018-06-01 02:19:46,842, session=2, sequence=96, operation=PrimitiveOperation{id=DefaultOperationId{id=write, type=COMMAND}, value=byte[]{length=17, hash=-1644578928}}}}
02:19:46.864 [raft-server-2] TRACE i.a.p.raft.roles.FollowerRole - RaftServer{2}{role=FOLLOWER} - Sending AppendResponse{status=OK, term=1, succeeded=true, lastLogIndex=102}
02:19:46.865 [raft-server-1] TRACE i.a.p.raft.roles.LeaderAppender - RaftServer{1} - Received AppendResponse{status=OK, term=1, succeeded=true, lastLogIndex=102} from 2
02:19:46.865 [raft-server-1] TRACE i.a.p.raft.roles.LeaderAppender - RaftServer{1} - Committed entries up to 102
02:19:46.898 [raft-server-3] TRACE i.a.p.raft.roles.FollowerRole - RaftServer{3}{role=FOLLOWER} - Committed entries up to index 101
02:19:46.898 [raft-server-3] TRACE i.a.p.raft.roles.FollowerRole - RaftServer{3}{role=FOLLOWER} - Sending AppendResponse{status=OK, term=1, succeeded=true, lastLogIndex=101}
02:19:46.899 [raft-server-3-state] TRACE i.a.p.raft.impl.RaftServiceManager - RaftServer{3} - Applying Indexed{index=101, entry=CommandEntry{term=1, timestamp=2018-06-01 02:19:46,567, session=2, sequence=95, operation=PrimitiveOperation{id=DefaultOperationId{id=write, type=COMMAND}, value=byte[]{length=17, hash=-1644578928}}}}
02:19:46.899 [raft-server-3-state] TRACE i.a.p.s.impl.DefaultServiceExecutor - PrimitiveService{2}{type=PrimitiveType{name=test}, name=test} - Executing DefaultCommit{index=101, session=RaftSession{RaftServiceContext{server=3, type=PrimitiveType{name=test}, name=test, id=2}, session=2, timestamp=2018-06-01 02:19:46,567}, time=2018-06-01 02:19:46,567, operation=DefaultOperationId{id=write, type=COMMAND}, value=byte[]{length=17, hash=-1644578928}}
02:19:46.922 [raft-server-1] TRACE i.a.p.raft.roles.LeaderAppender - RaftServer{1} - Received AppendResponse{status=OK, term=1, succeeded=true, lastLogIndex=101} from 3
02:19:46.922 [raft-server-1] TRACE i.a.p.raft.roles.LeaderAppender - RaftServer{1} - Sending AppendRequest{term=1, leader=1, prevLogIndex=101, prevLogTerm=1, entries=1, commitIndex=102} to 3
02:19:46.922 [raft-server-3] TRACE i.a.p.raft.roles.FollowerRole - RaftServer{3}{role=FOLLOWER} - Received AppendRequest{term=1, leader=1, prevLogIndex=101, prevLogTerm=1, entries=1, commitIndex=102}
02:19:46.922 [raft-server-1-state] TRACE i.a.p.raft.impl.RaftServiceManager - RaftServer{1} - Applying Indexed{index=102, entry=CommandEntry{term=1, timestamp=2018-06-01 02:19:46,842, session=2, sequence=96, operation=PrimitiveOperation{id=DefaultOperationId{id=write, type=COMMAND}, value=byte[]{length=17, hash=-1644578928}}}}
02:19:46.922 [raft-server-1-state] TRACE i.a.p.s.impl.DefaultServiceExecutor - PrimitiveService{2}{type=PrimitiveType{name=test}, name=test} - Executing DefaultCommit{index=102, session=RaftSession{RaftServiceContext{server=1, type=PrimitiveType{name=test}, name=test, id=2}, session=2, timestamp=2018-06-01 02:19:46,842}, time=2018-06-01 02:19:46,842, operation=DefaultOperationId{id=write, type=COMMAND}, value=byte[]{length=17, hash=-1644578928}}
02:19:46.922 [raft-server-3] TRACE i.a.p.raft.roles.FollowerRole - RaftServer{3}{role=FOLLOWER} - Appended Indexed{index=102, entry=CommandEntry{term=1, timestamp=2018-06-01 02:19:46,842, session=2, sequence=96, operation=PrimitiveOperation{id=DefaultOperationId{id=write, type=COMMAND}, value=byte[]{length=17, hash=-1644578928}}}}
02:19:46.923 [raft-server-1-state] TRACE i.a.protocols.raft.roles.LeaderRole - RaftServer{1}{role=LEADER} - Sending CommandResponse{status=OK, index=102, eventIndex=2, result=byte[]{length=3, hash=36829}}
02:19:46.923 [raft-client-8d1a11e6-024d-41c6-816f-7d36669ce782-2] TRACE i.a.p.r.p.impl.RaftProxyConnection - PartitionProxy{2}{type=PrimitiveType{name=test}, name=test} - Received CommandResponse{status=OK, index=102, eventIndex=2, result=byte[]{length=3, hash=36829}} from 1
02:19:46.923 [raft-client-8d1a11e6-024d-41c6-816f-7d36669ce782-2] TRACE i.a.p.r.p.impl.RaftProxySequencer - PartitionProxy{2}{type=PrimitiveType{name=test}, name=test} - Completing response CommandResponse{status=OK, index=102, eventIndex=2, result=byte[]{length=3, hash=36829}}
02:19:46.923 [raft-client-8d1a11e6-024d-41c6-816f-7d36669ce782-7] TRACE i.a.p.r.p.impl.RaftProxyConnection - PartitionProxy{2}{type=PrimitiveType{name=test}, name=test} - Sending CommandRequest{session=2, sequence=97, operation=PrimitiveOperation{id=DefaultOperationId{id=write, type=COMMAND}, value=byte[]{length=17, hash=-1644578928}}} to 1
02:19:46.924 [raft-server-1] TRACE i.a.protocols.raft.roles.LeaderRole - RaftServer{1}{role=LEADER} - Received CommandRequest{session=2, sequence=97, operation=PrimitiveOperation{id=DefaultOperationId{id=write, type=COMMAND}, value=byte[]{length=17, hash=-1644578928}}}
02:19:46.924 [raft-server-1] TRACE i.a.protocols.raft.roles.LeaderRole - RaftServer{1}{role=LEADER} - Appended Indexed{index=103, entry=CommandEntry{term=1, timestamp=2018-06-01 02:19:46,924, session=2, sequence=97, operation=PrimitiveOperation{id=DefaultOperationId{id=write, type=COMMAND}, value=byte[]{length=17, hash=-1644578928}}}}
02:19:46.924 [raft-server-1] TRACE i.a.p.raft.roles.LeaderAppender - RaftServer{1} - Sending AppendRequest{term=1, leader=1, prevLogIndex=102, prevLogTerm=1, entries=1, commitIndex=102} to 2
02:19:46.924 [raft-server-2] TRACE i.a.p.raft.roles.FollowerRole - RaftServer{2}{role=FOLLOWER} - Received AppendRequest{term=1, leader=1, prevLogIndex=102, prevLogTerm=1, entries=1, commitIndex=102}
02:19:46.924 [raft-server-2] TRACE i.a.p.raft.roles.FollowerRole - RaftServer{2}{role=FOLLOWER} - Appended Indexed{index=103, entry=CommandEntry{term=1, timestamp=2018-06-01 02:19:46,924, session=2, sequence=97, operation=PrimitiveOperation{id=DefaultOperationId{id=write, type=COMMAND}, value=byte[]{length=17, hash=-1644578928}}}}
02:19:46.930 [raft-client-8d1a11e6-024d-41c6-816f-7d36669ce782-3] TRACE i.a.p.r.proxy.impl.RaftProxyManager - RaftClient{8d1a11e6-024d-41c6-816f-7d36669ce782} - Keeping 1 sessions alive
02:19:46.930 [raft-client-8d1a11e6-024d-41c6-816f-7d36669ce782-3] TRACE i.a.p.r.p.impl.RaftProxyConnection - RaftClient{8d1a11e6-024d-41c6-816f-7d36669ce782} - Sending KeepAliveRequest{sessionIds=long[]{length=1, hash=33}, commandSequences=long[]{length=1, hash=127}, eventIndexes=long[]{length=1, hash=33}} to 1
02:19:46.930 [raft-server-1] TRACE i.a.protocols.raft.roles.LeaderRole - RaftServer{1}{role=LEADER} - Received KeepAliveRequest{sessionIds=long[]{length=1, hash=33}, commandSequences=long[]{length=1, hash=127}, eventIndexes=long[]{length=1, hash=33}}
02:19:46.930 [raft-server-1] TRACE i.a.protocols.raft.roles.LeaderRole - RaftServer{1}{role=LEADER} - Appended Indexed{index=104, entry=KeepAliveEntry{term=1, timestamp=2018-06-01 02:19:46,930, sessionIds=long[]{length=1, hash=33}, commandSequences=long[]{length=1, hash=127}, eventIndexes=long[]{length=1, hash=33}}}
02:19:46.964 [raft-server-3] TRACE i.a.p.raft.roles.FollowerRole - RaftServer{3}{role=FOLLOWER} - Committed entries up to index 102
02:19:46.964 [raft-server-3] TRACE i.a.p.raft.roles.FollowerRole - RaftServer{3}{role=FOLLOWER} - Sending AppendResponse{status=OK, term=1, succeeded=true, lastLogIndex=102}
02:19:46.964 [raft-server-1] TRACE i.a.p.raft.roles.LeaderAppender - RaftServer{1} - Received AppendResponse{status=OK, term=1, succeeded=true, lastLogIndex=102} from 3
02:19:46.964 [raft-server-3-state] TRACE i.a.p.raft.impl.RaftServiceManager - RaftServer{3} - Applying Indexed{index=102, entry=CommandEntry{term=1, timestamp=2018-06-01 02:19:46,842, session=2, sequence=96, operation=PrimitiveOperation{id=DefaultOperationId{id=write, type=COMMAND}, value=byte[]{length=17, hash=-1644578928}}}}
02:19:46.964 [raft-server-1] TRACE i.a.p.raft.roles.LeaderAppender - RaftServer{1} - Sending AppendRequest{term=1, leader=1, prevLogIndex=102, prevLogTerm=1, entries=2, commitIndex=102} to 3
02:19:46.964 [raft-server-3-state] TRACE i.a.p.s.impl.DefaultServiceExecutor - PrimitiveService{2}{type=PrimitiveType{name=test}, name=test} - Executing DefaultCommit{index=102, session=RaftSession{RaftServiceContext{server=3, type=PrimitiveType{name=test}, name=test, id=2}, session=2, timestamp=2018-06-01 02:19:46,842}, time=2018-06-01 02:19:46,842, operation=DefaultOperationId{id=write, type=COMMAND}, value=byte[]{length=17, hash=-1644578928}}
02:19:46.964 [raft-server-3] TRACE i.a.p.raft.roles.FollowerRole - RaftServer{3}{role=FOLLOWER} - Received AppendRequest{term=1, leader=1, prevLogIndex=102, prevLogTerm=1, entries=2, commitIndex=102}
02:19:46.964 [raft-server-3] TRACE i.a.p.raft.roles.FollowerRole - RaftServer{3}{role=FOLLOWER} - Appended Indexed{index=103, entry=CommandEntry{term=1, timestamp=2018-06-01 02:19:46,924, session=2, sequence=97, operation=PrimitiveOperation{id=DefaultOperationId{id=write, type=COMMAND}, value=byte[]{length=17, hash=-1644578928}}}}
02:19:46.965 [raft-server-3] TRACE i.a.p.raft.roles.FollowerRole - RaftServer{3}{role=FOLLOWER} - Appended Indexed{index=104, entry=KeepAliveEntry{term=1, timestamp=2018-06-01 02:19:46,930, sessionIds=long[]{length=1, hash=33}, commandSequences=long[]{length=1, hash=127}, eventIndexes=long[]{length=1, hash=33}}}
02:19:46.965 [raft-server-3] TRACE i.a.p.raft.roles.FollowerRole - RaftServer{3}{role=FOLLOWER} - Sending AppendResponse{status=OK, term=1, succeeded=true, lastLogIndex=104}
02:19:46.965 [raft-server-1] TRACE i.a.p.raft.roles.LeaderAppender - RaftServer{1} - Received AppendResponse{status=OK, term=1, succeeded=true, lastLogIndex=104} from 3
02:19:46.965 [raft-server-1] TRACE i.a.p.raft.roles.LeaderAppender - RaftServer{1} - Committed entries up to 104
02:19:46.994 [raft-server-2] TRACE i.a.p.raft.roles.FollowerRole - RaftServer{2}{role=FOLLOWER} - Committed entries up to index 102
02:19:46.995 [raft-server-2] TRACE i.a.p.raft.roles.FollowerRole - RaftServer{2}{role=FOLLOWER} - Sending AppendResponse{status=OK, term=1, succeeded=true, lastLogIndex=103}
02:19:46.995 [raft-server-2-state] TRACE i.a.p.raft.impl.RaftServiceManager - RaftServer{2} - Applying Indexed{index=102, entry=CommandEntry{term=1, timestamp=2018-06-01 02:19:46,842, session=2, sequence=96, operation=PrimitiveOperation{id=DefaultOperationId{id=write, type=COMMAND}, value=byte[]{length=17, hash=-1644578928}}}}
02:19:46.995 [raft-server-2-state] TRACE i.a.p.s.impl.DefaultServiceExecutor - PrimitiveService{2}{type=PrimitiveType{name=test}, name=test} - Executing DefaultCommit{index=102, session=RaftSession{RaftServiceContext{server=2, type=PrimitiveType{name=test}, name=test, id=2}, session=2, timestamp=2018-06-01 02:19:46,842}, time=2018-06-01 02:19:46,842, operation=DefaultOperationId{id=write, type=COMMAND}, value=byte[]{length=17, hash=-1644578928}}
02:19:47.022 [raft-server-1] TRACE i.a.p.raft.roles.LeaderAppender - RaftServer{1} - Sending AppendRequest{term=1, leader=1, prevLogIndex=103, prevLogTerm=1, entries=1, commitIndex=104} to 2
02:19:47.022 [raft-server-1] TRACE i.a.p.raft.roles.LeaderAppender - RaftServer{1} - Sending AppendRequest{term=1, leader=1, prevLogIndex=104, prevLogTerm=1, entries=0, commitIndex=104} to 3
02:19:47.022 [raft-server-2] TRACE i.a.p.raft.roles.FollowerRole - RaftServer{2}{role=FOLLOWER} - Received AppendRequest{term=1, leader=1, prevLogIndex=103, prevLogTerm=1, entries=1, commitIndex=104}
02:19:47.022 [raft-server-3] TRACE i.a.p.raft.roles.FollowerRole - RaftServer{3}{role=FOLLOWER} - Received AppendRequest{term=1, leader=1, prevLogIndex=104, prevLogTerm=1, entries=0, commitIndex=104}
02:19:47.022 [raft-server-1] TRACE i.a.p.raft.roles.LeaderAppender - RaftServer{1} - Received AppendResponse{status=OK, term=1, succeeded=true, lastLogIndex=103} from 2
02:19:47.022 [raft-server-2] TRACE i.a.p.raft.roles.FollowerRole - RaftServer{2}{role=FOLLOWER} - Appended Indexed{index=104, entry=KeepAliveEntry{term=1, timestamp=2018-06-01 02:19:46,930, sessionIds=long[]{length=1, hash=33}, commandSequences=long[]{length=1, hash=127}, eventIndexes=long[]{length=1, hash=33}}}
02:19:47.023 [raft-server-1-state] TRACE i.a.p.raft.impl.RaftServiceManager - RaftServer{1} - Applying Indexed{index=103, entry=CommandEntry{term=1, timestamp=2018-06-01 02:19:46,924, session=2, sequence=97, operation=PrimitiveOperation{id=DefaultOperationId{id=write, type=COMMAND}, value=byte[]{length=17, hash=-1644578928}}}}
02:19:47.023 [raft-server-1-state] TRACE i.a.p.s.impl.DefaultServiceExecutor - PrimitiveService{2}{type=PrimitiveType{name=test}, name=test} - Executing DefaultCommit{index=103, session=RaftSession{RaftServiceContext{server=1, type=PrimitiveType{name=test}, name=test, id=2}, session=2, timestamp=2018-06-01 02:19:46,924}, time=2018-06-01 02:19:46,924, operation=DefaultOperationId{id=write, type=COMMAND}, value=byte[]{length=17, hash=-1644578928}}
02:19:47.023 [raft-server-1-state] TRACE i.a.protocols.raft.roles.LeaderRole - RaftServer{1}{role=LEADER} - Sending CommandResponse{status=OK, index=103, eventIndex=2, result=byte[]{length=3, hash=36891}}
02:19:47.023 [raft-server-1-state] TRACE i.a.p.raft.impl.RaftServiceManager - RaftServer{1} - Applying Indexed{index=104, entry=KeepAliveEntry{term=1, timestamp=2018-06-01 02:19:46,930, sessionIds=long[]{length=1, hash=33}, commandSequences=long[]{length=1, hash=127}, eventIndexes=long[]{length=1, hash=33}}}
02:19:47.023 [raft-client-8d1a11e6-024d-41c6-816f-7d36669ce782-0] TRACE i.a.p.r.p.impl.RaftProxyConnection - PartitionProxy{2}{type=PrimitiveType{name=test}, name=test} - Received CommandResponse{status=OK, index=103, eventIndex=2, result=byte[]{length=3, hash=36891}} from 1
02:19:47.023 [raft-client-8d1a11e6-024d-41c6-816f-7d36669ce782-0] TRACE i.a.p.r.p.impl.RaftProxySequencer - PartitionProxy{2}{type=PrimitiveType{name=test}, name=test} - Completing response CommandResponse{status=OK, index=103, eventIndex=2, result=byte[]{length=3, hash=36891}}
02:19:47.024 [raft-server-1] TRACE i.a.protocols.raft.roles.LeaderRole - RaftServer{1}{role=LEADER} - Sending KeepAliveResponse{status=OK, leader=1, members=[2, 1, 3], sessionIds=long[]{length=1, hash=33}}
02:19:47.024 [raft-client-8d1a11e6-024d-41c6-816f-7d36669ce782-7] TRACE i.a.p.r.p.impl.RaftProxyConnection - RaftClient{8d1a11e6-024d-41c6-816f-7d36669ce782} - Received KeepAliveResponse{status=OK, leader=1, members=[2, 1, 3], sessionIds=long[]{length=1, hash=33}} from 1
02:19:47.024 [raft-client-8d1a11e6-024d-41c6-816f-7d36669ce782-2] TRACE i.a.p.r.p.impl.RaftProxyConnection - PartitionProxy{2}{type=PrimitiveType{name=test}, name=test} - Sending CommandRequest{session=2, sequence=98, operation=PrimitiveOperation{id=DefaultOperationId{id=write, type=COMMAND}, value=byte[]{length=17, hash=-1644578928}}} to 1
02:19:47.024 [raft-server-1] TRACE i.a.protocols.raft.roles.LeaderRole - RaftServer{1}{role=LEADER} - Received CommandRequest{session=2, sequence=98, operation=PrimitiveOperation{id=DefaultOperationId{id=write, type=COMMAND}, value=byte[]{length=17, hash=-1644578928}}}
02:19:47.024 [raft-server-1] TRACE i.a.protocols.raft.roles.LeaderRole - RaftServer{1}{role=LEADER} - Appended Indexed{index=105, entry=CommandEntry{term=1, timestamp=2018-06-01 02:19:47,024, session=2, sequence=98, operation=PrimitiveOperation{id=DefaultOperationId{id=write, type=COMMAND}, value=byte[]{length=17, hash=-1644578928}}}}
02:19:47.057 [raft-server-3] TRACE i.a.p.raft.roles.FollowerRole - RaftServer{3}{role=FOLLOWER} - Committed entries up to index 104
02:19:47.057 [raft-server-2] TRACE i.a.p.raft.roles.FollowerRole - RaftServer{2}{role=FOLLOWER} - Committed entries up to index 104
02:19:47.057 [raft-server-3] TRACE i.a.p.raft.roles.FollowerRole - RaftServer{3}{role=FOLLOWER} - Sending AppendResponse{status=OK, term=1, succeeded=true, lastLogIndex=104}
02:19:47.057 [raft-server-2] TRACE i.a.p.raft.roles.FollowerRole - RaftServer{2}{role=FOLLOWER} - Sending AppendResponse{status=OK, term=1, succeeded=true, lastLogIndex=104}
02:19:47.057 [raft-server-1] TRACE i.a.p.raft.roles.LeaderAppender - RaftServer{1} - Received AppendResponse{status=OK, term=1, succeeded=true, lastLogIndex=104} from 3
02:19:47.057 [raft-server-3-state] TRACE i.a.p.raft.impl.RaftServiceManager - RaftServer{3} - Applying Indexed{index=103, entry=CommandEntry{term=1, timestamp=2018-06-01 02:19:46,924, session=2, sequence=97, operation=PrimitiveOperation{id=DefaultOperationId{id=write, type=COMMAND}, value=byte[]{length=17, hash=-1644578928}}}}
02:19:47.057 [raft-server-2-state] TRACE i.a.p.raft.impl.RaftServiceManager - RaftServer{2} - Applying Indexed{index=103, entry=CommandEntry{term=1, timestamp=2018-06-01 02:19:46,924, session=2, sequence=97, operation=PrimitiveOperation{id=DefaultOperationId{id=write, type=COMMAND}, value=byte[]{length=17, hash=-1644578928}}}}
02:19:47.057 [raft-server-1] TRACE i.a.p.raft.roles.LeaderAppender - RaftServer{1} - Sending AppendRequest{term=1, leader=1, prevLogIndex=104, prevLogTerm=1, entries=1, commitIndex=104} to 3
02:19:47.057 [raft-server-3-state] TRACE i.a.p.s.impl.DefaultServiceExecutor - PrimitiveService{2}{type=PrimitiveType{name=test}, name=test} - Executing DefaultCommit{index=103, session=RaftSession{RaftServiceContext{server=3, type=PrimitiveType{name=test}, name=test, id=2}, session=2, timestamp=2018-06-01 02:19:46,924}, time=2018-06-01 02:19:46,924, operation=DefaultOperationId{id=write, type=COMMAND}, value=byte[]{length=17, hash=-1644578928}}
02:19:47.057 [raft-server-2-state] TRACE i.a.p.s.impl.DefaultServiceExecutor - PrimitiveService{2}{type=PrimitiveType{name=test}, name=test} - Executing DefaultCommit{index=103, session=RaftSession{RaftServiceContext{server=2, type=PrimitiveType{name=test}, name=test, id=2}, session=2, timestamp=2018-06-01 02:19:46,924}, time=2018-06-01 02:19:46,924, operation=DefaultOperationId{id=write, type=COMMAND}, value=byte[]{length=17, hash=-1644578928}}
02:19:47.057 [raft-server-3] TRACE i.a.p.raft.roles.FollowerRole - RaftServer{3}{role=FOLLOWER} - Received AppendRequest{term=1, leader=1, prevLogIndex=104, prevLogTerm=1, entries=1, commitIndex=104}
02:19:47.057 [raft-server-1] TRACE i.a.p.raft.roles.LeaderAppender - RaftServer{1} - Sending AppendRequest{term=1, leader=1, prevLogIndex=104, prevLogTerm=1, entries=1, commitIndex=104} to 2
02:19:47.058 [raft-server-2-state] TRACE i.a.p.raft.impl.RaftServiceManager - RaftServer{2} - Applying Indexed{index=104, entry=KeepAliveEntry{term=1, timestamp=2018-06-01 02:19:46,930, sessionIds=long[]{length=1, hash=33}, commandSequences=long[]{length=1, hash=127}, eventIndexes=long[]{length=1, hash=33}}}
02:19:47.058 [raft-server-3-state] TRACE i.a.p.raft.impl.RaftServiceManager - RaftServer{3} - Applying Indexed{index=104, entry=KeepAliveEntry{term=1, timestamp=2018-06-01 02:19:46,930, sessionIds=long[]{length=1, hash=33}, commandSequences=long[]{length=1, hash=127}, eventIndexes=long[]{length=1, hash=33}}}
02:19:47.058 [raft-server-2] TRACE i.a.p.raft.roles.FollowerRole - RaftServer{2}{role=FOLLOWER} - Received AppendRequest{term=1, leader=1, prevLogIndex=104, prevLogTerm=1, entries=1, commitIndex=104}
02:19:47.058 [raft-server-1] TRACE i.a.p.raft.roles.LeaderAppender - RaftServer{1} - Received AppendResponse{status=OK, term=1, succeeded=true, lastLogIndex=104} from 2
02:19:47.058 [raft-server-3] TRACE i.a.p.raft.roles.FollowerRole - RaftServer{3}{role=FOLLOWER} - Appended Indexed{index=105, entry=CommandEntry{term=1, timestamp=2018-06-01 02:19:47,024, session=2, sequence=98, operation=PrimitiveOperation{id=DefaultOperationId{id=write, type=COMMAND}, value=byte[]{length=17, hash=-1644578928}}}}
02:19:47.058 [raft-server-3] TRACE i.a.p.raft.roles.FollowerRole - RaftServer{3}{role=FOLLOWER} - Sending AppendResponse{status=OK, term=1, succeeded=true, lastLogIndex=105}
02:19:47.058 [raft-server-2] TRACE i.a.p.raft.roles.FollowerRole - RaftServer{2}{role=FOLLOWER} - Appended Indexed{index=105, entry=CommandEntry{term=1, timestamp=2018-06-01 02:19:47,024, session=2, sequence=98, operation=PrimitiveOperation{id=DefaultOperationId{id=write, type=COMMAND}, value=byte[]{length=17, hash=-1644578928}}}}
02:19:47.058 [raft-server-1] TRACE i.a.p.raft.roles.LeaderAppender - RaftServer{1} - Received AppendResponse{status=OK, term=1, succeeded=true, lastLogIndex=105} from 3
02:19:47.058 [raft-server-2] TRACE i.a.p.raft.roles.FollowerRole - RaftServer{2}{role=FOLLOWER} - Sending AppendResponse{status=OK, term=1, succeeded=true, lastLogIndex=105}
02:19:47.058 [raft-server-1] TRACE i.a.p.raft.roles.LeaderAppender - RaftServer{1} - Committed entries up to 105
02:19:47.090 [raft-server-1] TRACE i.a.p.raft.roles.LeaderAppender - RaftServer{1} - Received AppendResponse{status=OK, term=1, succeeded=true, lastLogIndex=105} from 2
02:19:47.090 [raft-server-1-state] TRACE i.a.p.raft.impl.RaftServiceManager - RaftServer{1} - Applying Indexed{index=105, entry=CommandEntry{term=1, timestamp=2018-06-01 02:19:47,024, session=2, sequence=98, operation=PrimitiveOperation{id=DefaultOperationId{id=write, type=COMMAND}, value=byte[]{length=17, hash=-1644578928}}}}
02:19:47.091 [raft-server-1-state] TRACE i.a.p.s.impl.DefaultServiceExecutor - PrimitiveService{2}{type=PrimitiveType{name=test}, name=test} - Executing DefaultCommit{index=105, session=RaftSession{RaftServiceContext{server=1, type=PrimitiveType{name=test}, name=test, id=2}, session=2, timestamp=2018-06-01 02:19:47,024}, time=2018-06-01 02:19:47,024, operation=DefaultOperationId{id=write, type=COMMAND}, value=byte[]{length=17, hash=-1644578928}}
02:19:47.091 [raft-server-1-state] TRACE i.a.protocols.raft.roles.LeaderRole - RaftServer{1}{role=LEADER} - Sending CommandResponse{status=OK, index=105, eventIndex=2, result=byte[]{length=3, hash=37015}}
02:19:47.091 [raft-client-8d1a11e6-024d-41c6-816f-7d36669ce782-4] TRACE i.a.p.r.p.impl.RaftProxyConnection - PartitionProxy{2}{type=PrimitiveType{name=test}, name=test} - Received CommandResponse{status=OK, index=105, eventIndex=2, result=byte[]{length=3, hash=37015}} from 1
02:19:47.091 [raft-client-8d1a11e6-024d-41c6-816f-7d36669ce782-4] TRACE i.a.p.r.p.impl.RaftProxySequencer - PartitionProxy{2}{type=PrimitiveType{name=test}, name=test} - Completing response CommandResponse{status=OK, index=105, eventIndex=2, result=byte[]{length=3, hash=37015}}
02:19:47.091 [raft-client-8d1a11e6-024d-41c6-816f-7d36669ce782-0] TRACE i.a.p.r.p.impl.RaftProxyConnection - PartitionProxy{2}{type=PrimitiveType{name=test}, name=test} - Sending CommandRequest{session=2, sequence=99, operation=PrimitiveOperation{id=DefaultOperationId{id=write, type=COMMAND}, value=byte[]{length=17, hash=-1644578928}}} to 1
02:19:47.092 [raft-server-1] TRACE i.a.protocols.raft.roles.LeaderRole - RaftServer{1}{role=LEADER} - Received CommandRequest{session=2, sequence=99, operation=PrimitiveOperation{id=DefaultOperationId{id=write, type=COMMAND}, value=byte[]{length=17, hash=-1644578928}}}
02:19:47.092 [raft-server-1] TRACE i.a.protocols.raft.roles.LeaderRole - RaftServer{1}{role=LEADER} - Appended Indexed{index=106, entry=CommandEntry{term=1, timestamp=2018-06-01 02:19:47,092, session=2, sequence=99, operation=PrimitiveOperation{id=DefaultOperationId{id=write, type=COMMAND}, value=byte[]{length=17, hash=-1644578928}}}}
02:19:47.092 [raft-server-1] TRACE i.a.p.raft.roles.LeaderAppender - RaftServer{1} - Sending AppendRequest{term=1, leader=1, prevLogIndex=105, prevLogTerm=1, entries=1, commitIndex=105} to 2
02:19:47.092 [raft-server-2] TRACE i.a.p.raft.roles.FollowerRole - RaftServer{2}{role=FOLLOWER} - Received AppendRequest{term=1, leader=1, prevLogIndex=105, prevLogTerm=1, entries=1, commitIndex=105}
02:19:47.092 [raft-server-1] TRACE i.a.p.raft.roles.LeaderAppender - RaftServer{1} - Sending AppendRequest{term=1, leader=1, prevLogIndex=105, prevLogTerm=1, entries=1, commitIndex=105} to 3
02:19:47.092 [raft-server-3] TRACE i.a.p.raft.roles.FollowerRole - RaftServer{3}{role=FOLLOWER} - Received AppendRequest{term=1, leader=1, prevLogIndex=105, prevLogTerm=1, entries=1, commitIndex=105}
02:19:47.092 [raft-server-2] TRACE i.a.p.raft.roles.FollowerRole - RaftServer{2}{role=FOLLOWER} - Appended Indexed{index=106, entry=CommandEntry{term=1, timestamp=2018-06-01 02:19:47,092, session=2, sequence=99, operation=PrimitiveOperation{id=DefaultOperationId{id=write, type=COMMAND}, value=byte[]{length=17, hash=-1644578928}}}}
02:19:47.093 [raft-server-3] TRACE i.a.p.raft.roles.FollowerRole - RaftServer{3}{role=FOLLOWER} - Appended Indexed{index=106, entry=CommandEntry{term=1, timestamp=2018-06-01 02:19:47,092, session=2, sequence=99, operation=PrimitiveOperation{id=DefaultOperationId{id=write, type=COMMAND}, value=byte[]{length=17, hash=-1644578928}}}}
02:19:47.132 [raft-server-2] TRACE i.a.p.raft.roles.FollowerRole - RaftServer{2}{role=FOLLOWER} - Committed entries up to index 105
02:19:47.132 [raft-server-3] TRACE i.a.p.raft.roles.FollowerRole - RaftServer{3}{role=FOLLOWER} - Committed entries up to index 105
02:19:47.132 [raft-server-2] TRACE i.a.p.raft.roles.FollowerRole - RaftServer{2}{role=FOLLOWER} - Sending AppendResponse{status=OK, term=1, succeeded=true, lastLogIndex=106}
02:19:47.132 [raft-server-3] TRACE i.a.p.raft.roles.FollowerRole - RaftServer{3}{role=FOLLOWER} - Sending AppendResponse{status=OK, term=1, succeeded=true, lastLogIndex=106}
02:19:47.132 [raft-server-2-state] TRACE i.a.p.raft.impl.RaftServiceManager - RaftServer{2} - Applying Indexed{index=105, entry=CommandEntry{term=1, timestamp=2018-06-01 02:19:47,024, session=2, sequence=98, operation=PrimitiveOperation{id=DefaultOperationId{id=write, type=COMMAND}, value=byte[]{length=17, hash=-1644578928}}}}
02:19:47.132 [raft-server-1] TRACE i.a.p.raft.roles.LeaderAppender - RaftServer{1} - Received AppendResponse{status=OK, term=1, succeeded=true, lastLogIndex=106} from 2
02:19:47.132 [raft-server-3-state] TRACE i.a.p.raft.impl.RaftServiceManager - RaftServer{3} - Applying Indexed{index=105, entry=CommandEntry{term=1, timestamp=2018-06-01 02:19:47,024, session=2, sequence=98, operation=PrimitiveOperation{id=DefaultOperationId{id=write, type=COMMAND}, value=byte[]{length=17, hash=-1644578928}}}}
02:19:47.132 [raft-server-1] TRACE i.a.p.raft.roles.LeaderAppender - RaftServer{1} - Committed entries up to 106
02:19:47.132 [raft-server-2-state] TRACE i.a.p.s.impl.DefaultServiceExecutor - PrimitiveService{2}{type=PrimitiveType{name=test}, name=test} - Executing DefaultCommit{index=105, session=RaftSession{RaftServiceContext{server=2, type=PrimitiveType{name=test}, name=test, id=2}, session=2, timestamp=2018-06-01 02:19:47,024}, time=2018-06-01 02:19:47,024, operation=DefaultOperationId{id=write, type=COMMAND}, value=byte[]{length=17, hash=-1644578928}}
02:19:47.132 [raft-server-3-state] TRACE i.a.p.s.impl.DefaultServiceExecutor - PrimitiveService{2}{type=PrimitiveType{name=test}, name=test} - Executing DefaultCommit{index=105, session=RaftSession{RaftServiceContext{server=3, type=PrimitiveType{name=test}, name=test, id=2}, session=2, timestamp=2018-06-01 02:19:47,024}, time=2018-06-01 02:19:47,024, operation=DefaultOperationId{id=write, type=COMMAND}, value=byte[]{length=17, hash=-1644578928}}
02:19:47.165 [raft-server-1] TRACE i.a.p.raft.roles.LeaderAppender - RaftServer{1} - Received AppendResponse{status=OK, term=1, succeeded=true, lastLogIndex=106} from 3
02:19:47.165 [raft-server-1-state] TRACE i.a.p.raft.impl.RaftServiceManager - RaftServer{1} - Applying Indexed{index=106, entry=CommandEntry{term=1, timestamp=2018-06-01 02:19:47,092, session=2, sequence=99, operation=PrimitiveOperation{id=DefaultOperationId{id=write, type=COMMAND}, value=byte[]{length=17, hash=-1644578928}}}}
02:19:47.166 [raft-server-1-state] TRACE i.a.p.s.impl.DefaultServiceExecutor - PrimitiveService{2}{type=PrimitiveType{name=test}, name=test} - Executing DefaultCommit{index=106, session=RaftSession{RaftServiceContext{server=1, type=PrimitiveType{name=test}, name=test, id=2}, session=2, timestamp=2018-06-01 02:19:47,092}, time=2018-06-01 02:19:47,092, operation=DefaultOperationId{id=write, type=COMMAND}, value=byte[]{length=17, hash=-1644578928}}
02:19:47.166 [raft-server-1-state] TRACE i.a.protocols.raft.roles.LeaderRole - RaftServer{1}{role=LEADER} - Sending CommandResponse{status=OK, index=106, eventIndex=2, result=byte[]{length=3, hash=37077}}
02:19:47.166 [raft-client-8d1a11e6-024d-41c6-816f-7d36669ce782-7] TRACE i.a.p.r.p.impl.RaftProxyConnection - PartitionProxy{2}{type=PrimitiveType{name=test}, name=test} - Received CommandResponse{status=OK, index=106, eventIndex=2, result=byte[]{length=3, hash=37077}} from 1
02:19:47.166 [raft-client-8d1a11e6-024d-41c6-816f-7d36669ce782-7] TRACE i.a.p.r.p.impl.RaftProxySequencer - PartitionProxy{2}{type=PrimitiveType{name=test}, name=test} - Completing response CommandResponse{status=OK, index=106, eventIndex=2, result=byte[]{length=3, hash=37077}}
02:19:47.167 [raft-client-8d1a11e6-024d-41c6-816f-7d36669ce782-7] TRACE i.a.p.r.p.impl.RaftProxyConnection - PartitionProxy{2}{type=PrimitiveType{name=test}, name=test} - Sending CommandRequest{session=2, sequence=100, operation=PrimitiveOperation{id=DefaultOperationId{id=write, type=COMMAND}, value=byte[]{length=17, hash=-1644578928}}} to 1
02:19:47.167 [raft-server-1] TRACE i.a.protocols.raft.roles.LeaderRole - RaftServer{1}{role=LEADER} - Received CommandRequest{session=2, sequence=100, operation=PrimitiveOperation{id=DefaultOperationId{id=write, type=COMMAND}, value=byte[]{length=17, hash=-1644578928}}}
02:19:47.167 [raft-server-1] TRACE i.a.protocols.raft.roles.LeaderRole - RaftServer{1}{role=LEADER} - Appended Indexed{index=107, entry=CommandEntry{term=1, timestamp=2018-06-01 02:19:47,167, session=2, sequence=100, operation=PrimitiveOperation{id=DefaultOperationId{id=write, type=COMMAND}, value=byte[]{length=17, hash=-1644578928}}}}
02:19:47.167 [raft-server-1] TRACE i.a.p.raft.roles.LeaderAppender - RaftServer{1} - Sending AppendRequest{term=1, leader=1, prevLogIndex=106, prevLogTerm=1, entries=1, commitIndex=106} to 2
02:19:47.167 [raft-server-1] TRACE i.a.p.raft.roles.LeaderAppender - RaftServer{1} - Sending AppendRequest{term=1, leader=1, prevLogIndex=106, prevLogTerm=1, entries=1, commitIndex=106} to 3
02:19:47.167 [raft-server-2] TRACE i.a.p.raft.roles.FollowerRole - RaftServer{2}{role=FOLLOWER} - Received AppendRequest{term=1, leader=1, prevLogIndex=106, prevLogTerm=1, entries=1, commitIndex=106}
02:19:47.167 [raft-server-3] TRACE i.a.p.raft.roles.FollowerRole - RaftServer{3}{role=FOLLOWER} - Received AppendRequest{term=1, leader=1, prevLogIndex=106, prevLogTerm=1, entries=1, commitIndex=106}
02:19:47.168 [raft-server-2] TRACE i.a.p.raft.roles.FollowerRole - RaftServer{2}{role=FOLLOWER} - Appended Indexed{index=107, entry=CommandEntry{term=1, timestamp=2018-06-01 02:19:47,167, session=2, sequence=100, operation=PrimitiveOperation{id=DefaultOperationId{id=write, type=COMMAND}, value=byte[]{length=17, hash=-1644578928}}}}
02:19:47.168 [raft-server-3] TRACE i.a.p.raft.roles.FollowerRole - RaftServer{3}{role=FOLLOWER} - Appended Indexed{index=107, entry=CommandEntry{term=1, timestamp=2018-06-01 02:19:47,167, session=2, sequence=100, operation=PrimitiveOperation{id=DefaultOperationId{id=write, type=COMMAND}, value=byte[]{length=17, hash=-1644578928}}}}
02:19:47.207 [raft-server-2] TRACE i.a.p.raft.roles.FollowerRole - RaftServer{2}{role=FOLLOWER} - Committed entries up to index 106
02:19:47.207 [raft-server-3] TRACE i.a.p.raft.roles.FollowerRole - RaftServer{3}{role=FOLLOWER} - Committed entries up to index 106
02:19:47.207 [raft-server-2] TRACE i.a.p.raft.roles.FollowerRole - RaftServer{2}{role=FOLLOWER} - Sending AppendResponse{status=OK, term=1, succeeded=true, lastLogIndex=107}
02:19:47.207 [raft-server-3] TRACE i.a.p.raft.roles.FollowerRole - RaftServer{3}{role=FOLLOWER} - Sending AppendResponse{status=OK, term=1, succeeded=true, lastLogIndex=107}
02:19:47.207 [raft-server-1] TRACE i.a.p.raft.roles.LeaderAppender - RaftServer{1} - Received AppendResponse{status=OK, term=1, succeeded=true, lastLogIndex=107} from 2
02:19:47.207 [raft-server-1] TRACE i.a.p.raft.roles.LeaderAppender - RaftServer{1} - Committed entries up to 107
02:19:47.207 [raft-server-2-state] TRACE i.a.p.raft.impl.RaftServiceManager - RaftServer{2} - Applying Indexed{index=106, entry=CommandEntry{term=1, timestamp=2018-06-01 02:19:47,092, session=2, sequence=99, operation=PrimitiveOperation{id=DefaultOperationId{id=write, type=COMMAND}, value=byte[]{length=17, hash=-1644578928}}}}
02:19:47.207 [raft-server-3-state] TRACE i.a.p.raft.impl.RaftServiceManager - RaftServer{3} - Applying Indexed{index=106, entry=CommandEntry{term=1, timestamp=2018-06-01 02:19:47,092, session=2, sequence=99, operation=PrimitiveOperation{id=DefaultOperationId{id=write, type=COMMAND}, value=byte[]{length=17, hash=-1644578928}}}}
02:19:47.207 [raft-server-2-state] TRACE i.a.p.s.impl.DefaultServiceExecutor - PrimitiveService{2}{type=PrimitiveType{name=test}, name=test} - Executing DefaultCommit{index=106, session=RaftSession{RaftServiceContext{server=2, type=PrimitiveType{name=test}, name=test, id=2}, session=2, timestamp=2018-06-01 02:19:47,092}, time=2018-06-01 02:19:47,092, operation=DefaultOperationId{id=write, type=COMMAND}, value=byte[]{length=17, hash=-1644578928}}
02:19:47.207 [raft-server-3-state] TRACE i.a.p.s.impl.DefaultServiceExecutor - PrimitiveService{2}{type=PrimitiveType{name=test}, name=test} - Executing DefaultCommit{index=106, session=RaftSession{RaftServiceContext{server=3, type=PrimitiveType{name=test}, name=test, id=2}, session=2, timestamp=2018-06-01 02:19:47,092}, time=2018-06-01 02:19:47,092, operation=DefaultOperationId{id=write, type=COMMAND}, value=byte[]{length=17, hash=-1644578928}}
02:19:47.248 [raft-server-1] TRACE i.a.p.raft.roles.LeaderAppender - RaftServer{1} - Received AppendResponse{status=OK, term=1, succeeded=true, lastLogIndex=107} from 3
02:19:47.249 [raft-server-1] TRACE i.a.p.raft.roles.LeaderAppender - RaftServer{1} - Sending AppendRequest{term=1, leader=1, prevLogIndex=107, prevLogTerm=1, entries=0, commitIndex=107} to 2
02:19:47.249 [raft-server-1] TRACE i.a.p.raft.roles.LeaderAppender - RaftServer{1} - Sending AppendRequest{term=1, leader=1, prevLogIndex=107, prevLogTerm=1, entries=0, commitIndex=107} to 3
02:19:47.249 [raft-server-2] TRACE i.a.p.raft.roles.FollowerRole - RaftServer{2}{role=FOLLOWER} - Received AppendRequest{term=1, leader=1, prevLogIndex=107, prevLogTerm=1, entries=0, commitIndex=107}
02:19:47.249 [raft-server-3] TRACE i.a.p.raft.roles.FollowerRole - RaftServer{3}{role=FOLLOWER} - Received AppendRequest{term=1, leader=1, prevLogIndex=107, prevLogTerm=1, entries=0, commitIndex=107}
02:19:47.249 [raft-server-3] TRACE i.a.p.raft.roles.FollowerRole - RaftServer{3}{role=FOLLOWER} - Committed entries up to index 107
02:19:47.249 [raft-server-1-state] TRACE i.a.p.raft.impl.RaftServiceManager - RaftServer{1} - Applying Indexed{index=107, entry=CommandEntry{term=1, timestamp=2018-06-01 02:19:47,167, session=2, sequence=100, operation=PrimitiveOperation{id=DefaultOperationId{id=write, type=COMMAND}, value=byte[]{length=17, hash=-1644578928}}}}
02:19:47.249 [raft-server-3] TRACE i.a.p.raft.roles.FollowerRole - RaftServer{3}{role=FOLLOWER} - Sending AppendResponse{status=OK, term=1, succeeded=true, lastLogIndex=107}
02:19:47.249 [raft-server-1-state] TRACE i.a.p.s.impl.DefaultServiceExecutor - PrimitiveService{2}{type=PrimitiveType{name=test}, name=test} - Executing DefaultCommit{index=107, session=RaftSession{RaftServiceContext{server=1, type=PrimitiveType{name=test}, name=test, id=2}, session=2, timestamp=2018-06-01 02:19:47,167}, time=2018-06-01 02:19:47,167, operation=DefaultOperationId{id=write, type=COMMAND}, value=byte[]{length=17, hash=-1644578928}}
02:19:47.249 [raft-server-1] TRACE i.a.p.raft.roles.LeaderAppender - RaftServer{1} - Received AppendResponse{status=OK, term=1, succeeded=true, lastLogIndex=107} from 3
02:19:47.249 [raft-server-3-state] TRACE i.a.p.raft.impl.RaftServiceManager - RaftServer{3} - Applying Indexed{index=107, entry=CommandEntry{term=1, timestamp=2018-06-01 02:19:47,167, session=2, sequence=100, operation=PrimitiveOperation{id=DefaultOperationId{id=write, type=COMMAND}, value=byte[]{length=17, hash=-1644578928}}}}
02:19:47.249 [raft-server-1-state] TRACE i.a.protocols.raft.roles.LeaderRole - RaftServer{1}{role=LEADER} - Sending CommandResponse{status=OK, index=107, eventIndex=2, result=byte[]{length=3, hash=37139}}
02:19:47.249 [raft-server-1] TRACE i.a.p.raft.roles.LeaderAppender - RaftServer{1} - Sending AppendRequest{term=1, leader=1, prevLogIndex=107, prevLogTerm=1, entries=0, commitIndex=107} to 3
02:19:47.249 [raft-server-3-state] TRACE i.a.p.s.impl.DefaultServiceExecutor - PrimitiveService{2}{type=PrimitiveType{name=test}, name=test} - Executing DefaultCommit{index=107, session=RaftSession{RaftServiceContext{server=3, type=PrimitiveType{name=test}, name=test, id=2}, session=2, timestamp=2018-06-01 02:19:47,167}, time=2018-06-01 02:19:47,167, operation=DefaultOperationId{id=write, type=COMMAND}, value=byte[]{length=17, hash=-1644578928}}
02:19:47.250 [raft-server-3] TRACE i.a.p.raft.roles.FollowerRole - RaftServer{3}{role=FOLLOWER} - Received AppendRequest{term=1, leader=1, prevLogIndex=107, prevLogTerm=1, entries=0, commitIndex=107}
02:19:47.250 [raft-client-8d1a11e6-024d-41c6-816f-7d36669ce782-2] TRACE i.a.p.r.p.impl.RaftProxyConnection - PartitionProxy{2}{type=PrimitiveType{name=test}, name=test} - Received CommandResponse{status=OK, index=107, eventIndex=2, result=byte[]{length=3, hash=37139}} from 1
02:19:47.250 [raft-server-3] TRACE i.a.p.raft.roles.FollowerRole - RaftServer{3}{role=FOLLOWER} - Sending AppendResponse{status=OK, term=1, succeeded=true, lastLogIndex=107}
02:19:47.250 [raft-client-8d1a11e6-024d-41c6-816f-7d36669ce782-2] TRACE i.a.p.r.p.impl.RaftProxySequencer - PartitionProxy{2}{type=PrimitiveType{name=test}, name=test} - Completing response CommandResponse{status=OK, index=107, eventIndex=2, result=byte[]{length=3, hash=37139}}
02:19:47.250 [raft-server-1] TRACE i.a.p.raft.roles.LeaderAppender - RaftServer{1} - Received AppendResponse{status=OK, term=1, succeeded=true, lastLogIndex=107} from 3
02:19:47.250 [raft-server-1] TRACE i.a.p.raft.roles.LeaderAppender - RaftServer{1} - Sending AppendRequest{term=1, leader=1, prevLogIndex=107, prevLogTerm=1, entries=0, commitIndex=107} to 3
02:19:47.250 [raft-server-3] TRACE i.a.p.raft.roles.FollowerRole - RaftServer{3}{role=FOLLOWER} - Received AppendRequest{term=1, leader=1, prevLogIndex=107, prevLogTerm=1, entries=0, commitIndex=107}
02:19:47.250 [raft-server-3] TRACE i.a.p.raft.roles.FollowerRole - RaftServer{3}{role=FOLLOWER} - Sending AppendResponse{status=OK, term=1, succeeded=true, lastLogIndex=107}
02:19:47.250 [raft-server-1] TRACE i.a.p.raft.roles.LeaderAppender - RaftServer{1} - Received AppendResponse{status=OK, term=1, succeeded=true, lastLogIndex=107} from 3
02:19:47.273 [raft-server-2] TRACE i.a.p.raft.roles.FollowerRole - RaftServer{2}{role=FOLLOWER} - Committed entries up to index 107
02:19:47.273 [raft-server-2] TRACE i.a.p.raft.roles.FollowerRole - RaftServer{2}{role=FOLLOWER} - Sending AppendResponse{status=OK, term=1, succeeded=true, lastLogIndex=107}
02:19:47.274 [raft-server-1] TRACE i.a.p.raft.roles.LeaderAppender - RaftServer{1} - Received AppendResponse{status=OK, term=1, succeeded=true, lastLogIndex=107} from 2
02:19:47.274 [raft-server-2-state] TRACE i.a.p.raft.impl.RaftServiceManager - RaftServer{2} - Applying Indexed{index=107, entry=CommandEntry{term=1, timestamp=2018-06-01 02:19:47,167, session=2, sequence=100, operation=PrimitiveOperation{id=DefaultOperationId{id=write, type=COMMAND}, value=byte[]{length=17, hash=-1644578928}}}}
02:19:47.274 [raft-server-2-state] TRACE i.a.p.s.impl.DefaultServiceExecutor - PrimitiveService{2}{type=PrimitiveType{name=test}, name=test} - Executing DefaultCommit{index=107, session=RaftSession{RaftServiceContext{server=2, type=PrimitiveType{name=test}, name=test, id=2}, session=2, timestamp=2018-06-01 02:19:47,167}, time=2018-06-01 02:19:47,167, operation=DefaultOperationId{id=write, type=COMMAND}, value=byte[]{length=17, hash=-1644578928}}
02:19:47.476 [raft-server-1] TRACE i.a.p.raft.roles.LeaderAppender - RaftServer{1} - Sending AppendRequest{term=1, leader=1, prevLogIndex=107, prevLogTerm=1, entries=0, commitIndex=107} to 2
02:19:47.476 [raft-server-1] TRACE i.a.p.raft.roles.LeaderAppender - RaftServer{1} - Sending AppendRequest{term=1, leader=1, prevLogIndex=107, prevLogTerm=1, entries=0, commitIndex=107} to 3
02:19:47.476 [raft-server-2] TRACE i.a.p.raft.roles.FollowerRole - RaftServer{2}{role=FOLLOWER} - Received AppendRequest{term=1, leader=1, prevLogIndex=107, prevLogTerm=1, entries=0, commitIndex=107}
02:19:47.477 [raft-server-3] TRACE i.a.p.raft.roles.FollowerRole - RaftServer{3}{role=FOLLOWER} - Received AppendRequest{term=1, leader=1, prevLogIndex=107, prevLogTerm=1, entries=0, commitIndex=107}
02:19:47.477 [raft-server-2] TRACE i.a.p.raft.roles.FollowerRole - RaftServer{2}{role=FOLLOWER} - Sending AppendResponse{status=OK, term=1, succeeded=true, lastLogIndex=107}
02:19:47.477 [raft-server-3] TRACE i.a.p.raft.roles.FollowerRole - RaftServer{3}{role=FOLLOWER} - Sending AppendResponse{status=OK, term=1, succeeded=true, lastLogIndex=107}
02:19:47.477 [raft-server-1] TRACE i.a.p.raft.roles.LeaderAppender - RaftServer{1} - Received AppendResponse{status=OK, term=1, succeeded=true, lastLogIndex=107} from 2
02:19:47.477 [raft-server-1] TRACE i.a.p.raft.roles.LeaderAppender - RaftServer{1} - Sending AppendRequest{term=1, leader=1, prevLogIndex=107, prevLogTerm=1, entries=0, commitIndex=107} to 2
02:19:47.477 [raft-server-1] TRACE i.a.p.raft.roles.LeaderAppender - RaftServer{1} - Received AppendResponse{status=OK, term=1, succeeded=true, lastLogIndex=107} from 3
02:19:47.477 [raft-server-2] TRACE i.a.p.raft.roles.FollowerRole - RaftServer{2}{role=FOLLOWER} - Received AppendRequest{term=1, leader=1, prevLogIndex=107, prevLogTerm=1, entries=0, commitIndex=107}
02:19:47.477 [raft-server-2] TRACE i.a.p.raft.roles.FollowerRole - RaftServer{2}{role=FOLLOWER} - Sending AppendResponse{status=OK, term=1, succeeded=true, lastLogIndex=107}
02:19:47.477 [raft-server-1] TRACE i.a.p.raft.roles.LeaderAppender - RaftServer{1} - Sending AppendRequest{term=1, leader=1, prevLogIndex=107, prevLogTerm=1, entries=0, commitIndex=107} to 3
02:19:47.477 [raft-server-3] TRACE i.a.p.raft.roles.FollowerRole - RaftServer{3}{role=FOLLOWER} - Received AppendRequest{term=1, leader=1, prevLogIndex=107, prevLogTerm=1, entries=0, commitIndex=107}
02:19:47.477 [raft-server-1] TRACE i.a.p.raft.roles.LeaderAppender - RaftServer{1} - Received AppendResponse{status=OK, term=1, succeeded=true, lastLogIndex=107} from 2
02:19:47.477 [raft-server-3] TRACE i.a.p.raft.roles.FollowerRole - RaftServer{3}{role=FOLLOWER} - Sending AppendResponse{status=OK, term=1, succeeded=true, lastLogIndex=107}
02:19:47.478 [raft-server-1] TRACE i.a.p.raft.roles.LeaderAppender - RaftServer{1} - Received AppendResponse{status=OK, term=1, succeeded=true, lastLogIndex=107} from 3
02:19:47.726 [raft-server-1] TRACE i.a.p.raft.roles.LeaderAppender - RaftServer{1} - Sending AppendRequest{term=1, leader=1, prevLogIndex=107, prevLogTerm=1, entries=0, commitIndex=107} to 2
02:19:47.726 [raft-server-1] TRACE i.a.p.raft.roles.LeaderAppender - RaftServer{1} - Sending AppendRequest{term=1, leader=1, prevLogIndex=107, prevLogTerm=1, entries=0, commitIndex=107} to 3
02:19:47.726 [raft-server-2] TRACE i.a.p.raft.roles.FollowerRole - RaftServer{2}{role=FOLLOWER} - Received AppendRequest{term=1, leader=1, prevLogIndex=107, prevLogTerm=1, entries=0, commitIndex=107}
02:19:47.726 [raft-server-2] TRACE i.a.p.raft.roles.FollowerRole - RaftServer{2}{role=FOLLOWER} - Sending AppendResponse{status=OK, term=1, succeeded=true, lastLogIndex=107}
02:19:47.727 [raft-server-3] TRACE i.a.p.raft.roles.FollowerRole - RaftServer{3}{role=FOLLOWER} - Received AppendRequest{term=1, leader=1, prevLogIndex=107, prevLogTerm=1, entries=0, commitIndex=107}
02:19:47.727 [raft-server-3] TRACE i.a.p.raft.roles.FollowerRole - RaftServer{3}{role=FOLLOWER} - Sending AppendResponse{status=OK, term=1, succeeded=true, lastLogIndex=107}
02:19:47.727 [raft-server-1] TRACE i.a.p.raft.roles.LeaderAppender - RaftServer{1} - Received AppendResponse{status=OK, term=1, succeeded=true, lastLogIndex=107} from 2
02:19:47.727 [raft-server-1] TRACE i.a.p.raft.roles.LeaderAppender - RaftServer{1} - Sending AppendRequest{term=1, leader=1, prevLogIndex=107, prevLogTerm=1, entries=0, commitIndex=107} to 2
02:19:47.727 [raft-server-1] TRACE i.a.p.raft.roles.LeaderAppender - RaftServer{1} - Received AppendResponse{status=OK, term=1, succeeded=true, lastLogIndex=107} from 3
02:19:47.727 [raft-server-2] TRACE i.a.p.raft.roles.FollowerRole - RaftServer{2}{role=FOLLOWER} - Received AppendRequest{term=1, leader=1, prevLogIndex=107, prevLogTerm=1, entries=0, commitIndex=107}
02:19:47.727 [raft-server-2] TRACE i.a.p.raft.roles.FollowerRole - RaftServer{2}{role=FOLLOWER} - Sending AppendResponse{status=OK, term=1, succeeded=true, lastLogIndex=107}
02:19:47.727 [raft-server-1] TRACE i.a.p.raft.roles.LeaderAppender - RaftServer{1} - Sending AppendRequest{term=1, leader=1, prevLogIndex=107, prevLogTerm=1, entries=0, commitIndex=107} to 3
02:19:47.727 [raft-server-1] TRACE i.a.p.raft.roles.LeaderAppender - RaftServer{1} - Received AppendResponse{status=OK, term=1, succeeded=true, lastLogIndex=107} from 2
02:19:47.727 [raft-server-3] TRACE i.a.p.raft.roles.FollowerRole - RaftServer{3}{role=FOLLOWER} - Received AppendRequest{term=1, leader=1, prevLogIndex=107, prevLogTerm=1, entries=0, commitIndex=107}
02:19:47.727 [raft-server-3] TRACE i.a.p.raft.roles.FollowerRole - RaftServer{3}{role=FOLLOWER} - Sending AppendResponse{status=OK, term=1, succeeded=true, lastLogIndex=107}
02:19:47.728 [raft-server-1] TRACE i.a.p.raft.roles.LeaderAppender - RaftServer{1} - Received AppendResponse{status=OK, term=1, succeeded=true, lastLogIndex=107} from 3
02:19:47.976 [raft-server-1] TRACE i.a.p.raft.roles.LeaderAppender - RaftServer{1} - Sending AppendRequest{term=1, leader=1, prevLogIndex=107, prevLogTerm=1, entries=0, commitIndex=107} to 2
02:19:47.976 [raft-server-1] TRACE i.a.p.raft.roles.LeaderAppender - RaftServer{1} - Sending AppendRequest{term=1, leader=1, prevLogIndex=107, prevLogTerm=1, entries=0, commitIndex=107} to 3
02:19:47.976 [raft-server-2] TRACE i.a.p.raft.roles.FollowerRole - RaftServer{2}{role=FOLLOWER} - Received AppendRequest{term=1, leader=1, prevLogIndex=107, prevLogTerm=1, entries=0, commitIndex=107}
02:19:47.976 [raft-server-3] TRACE i.a.p.raft.roles.FollowerRole - RaftServer{3}{role=FOLLOWER} - Received AppendRequest{term=1, leader=1, prevLogIndex=107, prevLogTerm=1, entries=0, commitIndex=107}
02:19:47.976 [raft-server-2] TRACE i.a.p.raft.roles.FollowerRole - RaftServer{2}{role=FOLLOWER} - Sending AppendResponse{status=OK, term=1, succeeded=true, lastLogIndex=107}
02:19:47.977 [raft-server-3] TRACE i.a.p.raft.roles.FollowerRole - RaftServer{3}{role=FOLLOWER} - Sending AppendResponse{status=OK, term=1, succeeded=true, lastLogIndex=107}
02:19:47.977 [raft-server-1] TRACE i.a.p.raft.roles.LeaderAppender - RaftServer{1} - Received AppendResponse{status=OK, term=1, succeeded=true, lastLogIndex=107} from 2
02:19:47.977 [raft-server-1] TRACE i.a.p.raft.roles.LeaderAppender - RaftServer{1} - Sending AppendRequest{term=1, leader=1, prevLogIndex=107, prevLogTerm=1, entries=0, commitIndex=107} to 2
02:19:47.977 [raft-server-2] TRACE i.a.p.raft.roles.FollowerRole - RaftServer{2}{role=FOLLOWER} - Received AppendRequest{term=1, leader=1, prevLogIndex=107, prevLogTerm=1, entries=0, commitIndex=107}
02:19:47.977 [raft-server-1] TRACE i.a.p.raft.roles.LeaderAppender - RaftServer{1} - Received AppendResponse{status=OK, term=1, succeeded=true, lastLogIndex=107} from 3
02:19:47.977 [raft-server-2] TRACE i.a.p.raft.roles.FollowerRole - RaftServer{2}{role=FOLLOWER} - Sending AppendResponse{status=OK, term=1, succeeded=true, lastLogIndex=107}
02:19:47.977 [raft-server-1] TRACE i.a.p.raft.roles.LeaderAppender - RaftServer{1} - Sending AppendRequest{term=1, leader=1, prevLogIndex=107, prevLogTerm=1, entries=0, commitIndex=107} to 3
02:19:47.977 [raft-server-1] TRACE i.a.p.raft.roles.LeaderAppender - RaftServer{1} - Received AppendResponse{status=OK, term=1, succeeded=true, lastLogIndex=107} from 2
02:19:47.977 [raft-server-3] TRACE i.a.p.raft.roles.FollowerRole - RaftServer{3}{role=FOLLOWER} - Received AppendRequest{term=1, leader=1, prevLogIndex=107, prevLogTerm=1, entries=0, commitIndex=107}
02:19:47.977 [raft-server-3] TRACE i.a.p.raft.roles.FollowerRole - RaftServer{3}{role=FOLLOWER} - Sending AppendResponse{status=OK, term=1, succeeded=true, lastLogIndex=107}
02:19:47.978 [raft-server-1] TRACE i.a.p.raft.roles.LeaderAppender - RaftServer{1} - Received AppendResponse{status=OK, term=1, succeeded=true, lastLogIndex=107} from 3
02:19:48.226 [raft-server-1] TRACE i.a.p.raft.roles.LeaderAppender - RaftServer{1} - Sending AppendRequest{term=1, leader=1, prevLogIndex=107, prevLogTerm=1, entries=0, commitIndex=107} to 2
02:19:48.226 [raft-server-1] TRACE i.a.p.raft.roles.LeaderAppender - RaftServer{1} - Sending AppendRequest{term=1, leader=1, prevLogIndex=107, prevLogTerm=1, entries=0, commitIndex=107} to 3
02:19:48.226 [raft-server-2] TRACE i.a.p.raft.roles.FollowerRole - RaftServer{2}{role=FOLLOWER} - Received AppendRequest{term=1, leader=1, prevLogIndex=107, prevLogTerm=1, entries=0, commitIndex=107}
02:19:48.226 [raft-server-2] TRACE i.a.p.raft.roles.FollowerRole - RaftServer{2}{role=FOLLOWER} - Sending AppendResponse{status=OK, term=1, succeeded=true, lastLogIndex=107}
02:19:48.226 [raft-server-3] TRACE i.a.p.raft.roles.FollowerRole - RaftServer{3}{role=FOLLOWER} - Received AppendRequest{term=1, leader=1, prevLogIndex=107, prevLogTerm=1, entries=0, commitIndex=107}
02:19:48.227 [raft-server-3] TRACE i.a.p.raft.roles.FollowerRole - RaftServer{3}{role=FOLLOWER} - Sending AppendResponse{status=OK, term=1, succeeded=true, lastLogIndex=107}
02:19:48.227 [raft-server-1] TRACE i.a.p.raft.roles.LeaderAppender - RaftServer{1} - Received AppendResponse{status=OK, term=1, succeeded=true, lastLogIndex=107} from 2
02:19:48.227 [raft-server-1] TRACE i.a.p.raft.roles.LeaderAppender - RaftServer{1} - Sending AppendRequest{term=1, leader=1, prevLogIndex=107, prevLogTerm=1, entries=0, commitIndex=107} to 2
02:19:48.227 [raft-server-1] TRACE i.a.p.raft.roles.LeaderAppender - RaftServer{1} - Received AppendResponse{status=OK, term=1, succeeded=true, lastLogIndex=107} from 3
02:19:48.227 [raft-server-2] TRACE i.a.p.raft.roles.FollowerRole - RaftServer{2}{role=FOLLOWER} - Received AppendRequest{term=1, leader=1, prevLogIndex=107, prevLogTerm=1, entries=0, commitIndex=107}
02:19:48.227 [raft-server-1] TRACE i.a.p.raft.roles.LeaderAppender - RaftServer{1} - Sending AppendRequest{term=1, leader=1, prevLogIndex=107, prevLogTerm=1, entries=0, commitIndex=107} to 3
02:19:48.227 [raft-server-2] TRACE i.a.p.raft.roles.FollowerRole - RaftServer{2}{role=FOLLOWER} - Sending AppendResponse{status=OK, term=1, succeeded=true, lastLogIndex=107}
02:19:48.227 [raft-server-3] TRACE i.a.p.raft.roles.FollowerRole - RaftServer{3}{role=FOLLOWER} - Received AppendRequest{term=1, leader=1, prevLogIndex=107, prevLogTerm=1, entries=0, commitIndex=107}
02:19:48.227 [raft-server-1] TRACE i.a.p.raft.roles.LeaderAppender - RaftServer{1} - Received AppendResponse{status=OK, term=1, succeeded=true, lastLogIndex=107} from 2
02:19:48.227 [raft-server-3] TRACE i.a.p.raft.roles.FollowerRole - RaftServer{3}{role=FOLLOWER} - Sending AppendResponse{status=OK, term=1, succeeded=true, lastLogIndex=107}
02:19:48.227 [raft-server-1] TRACE i.a.p.raft.roles.LeaderAppender - RaftServer{1} - Received AppendResponse{status=OK, term=1, succeeded=true, lastLogIndex=107} from 3
02:19:48.476 [raft-server-1] TRACE i.a.p.raft.roles.LeaderAppender - RaftServer{1} - Sending AppendRequest{term=1, leader=1, prevLogIndex=107, prevLogTerm=1, entries=0, commitIndex=107} to 2
02:19:48.476 [raft-server-1] TRACE i.a.p.raft.roles.LeaderAppender - RaftServer{1} - Sending AppendRequest{term=1, leader=1, prevLogIndex=107, prevLogTerm=1, entries=0, commitIndex=107} to 3
02:19:48.476 [raft-server-2] TRACE i.a.p.raft.roles.FollowerRole - RaftServer{2}{role=FOLLOWER} - Received AppendRequest{term=1, leader=1, prevLogIndex=107, prevLogTerm=1, entries=0, commitIndex=107}
02:19:48.476 [raft-server-2] TRACE i.a.p.raft.roles.FollowerRole - RaftServer{2}{role=FOLLOWER} - Sending AppendResponse{status=OK, term=1, succeeded=true, lastLogIndex=107}
02:19:48.477 [raft-server-3] TRACE i.a.p.raft.roles.FollowerRole - RaftServer{3}{role=FOLLOWER} - Received AppendRequest{term=1, leader=1, prevLogIndex=107, prevLogTerm=1, entries=0, commitIndex=107}
02:19:48.477 [raft-server-3] TRACE i.a.p.raft.roles.FollowerRole - RaftServer{3}{role=FOLLOWER} - Sending AppendResponse{status=OK, term=1, succeeded=true, lastLogIndex=107}
02:19:48.477 [raft-server-1] TRACE i.a.p.raft.roles.LeaderAppender - RaftServer{1} - Received AppendResponse{status=OK, term=1, succeeded=true, lastLogIndex=107} from 2
02:19:48.477 [raft-server-1] TRACE i.a.p.raft.roles.LeaderAppender - RaftServer{1} - Sending AppendRequest{term=1, leader=1, prevLogIndex=107, prevLogTerm=1, entries=0, commitIndex=107} to 2
02:19:48.477 [raft-server-1] TRACE i.a.p.raft.roles.LeaderAppender - RaftServer{1} - Received AppendResponse{status=OK, term=1, succeeded=true, lastLogIndex=107} from 3
02:19:48.477 [raft-server-2] TRACE i.a.p.raft.roles.FollowerRole - RaftServer{2}{role=FOLLOWER} - Received AppendRequest{term=1, leader=1, prevLogIndex=107, prevLogTerm=1, entries=0, commitIndex=107}
02:19:48.477 [raft-server-2] TRACE i.a.p.raft.roles.FollowerRole - RaftServer{2}{role=FOLLOWER} - Sending AppendResponse{status=OK, term=1, succeeded=true, lastLogIndex=107}
02:19:48.477 [raft-server-1] TRACE i.a.p.raft.roles.LeaderAppender - RaftServer{1} - Sending AppendRequest{term=1, leader=1, prevLogIndex=107, prevLogTerm=1, entries=0, commitIndex=107} to 3
02:19:48.477 [raft-server-3] TRACE i.a.p.raft.roles.FollowerRole - RaftServer{3}{role=FOLLOWER} - Received AppendRequest{term=1, leader=1, prevLogIndex=107, prevLogTerm=1, entries=0, commitIndex=107}
02:19:48.477 [raft-server-1] TRACE i.a.p.raft.roles.LeaderAppender - RaftServer{1} - Received AppendResponse{status=OK, term=1, succeeded=true, lastLogIndex=107} from 2
02:19:48.477 [raft-server-3] TRACE i.a.p.raft.roles.FollowerRole - RaftServer{3}{role=FOLLOWER} - Sending AppendResponse{status=OK, term=1, succeeded=true, lastLogIndex=107}
02:19:48.478 [raft-server-1] TRACE i.a.p.raft.roles.LeaderAppender - RaftServer{1} - Received AppendResponse{status=OK, term=1, succeeded=true, lastLogIndex=107} from 3
02:19:48.726 [raft-server-1] TRACE i.a.p.raft.roles.LeaderAppender - RaftServer{1} - Sending AppendRequest{term=1, leader=1, prevLogIndex=107, prevLogTerm=1, entries=0, commitIndex=107} to 2
02:19:48.726 [raft-server-1] TRACE i.a.p.raft.roles.LeaderAppender - RaftServer{1} - Sending AppendRequest{term=1, leader=1, prevLogIndex=107, prevLogTerm=1, entries=0, commitIndex=107} to 3
02:19:48.726 [raft-server-2] TRACE i.a.p.raft.roles.FollowerRole - RaftServer{2}{role=FOLLOWER} - Received AppendRequest{term=1, leader=1, prevLogIndex=107, prevLogTerm=1, entries=0, commitIndex=107}
02:19:48.727 [raft-server-3] TRACE i.a.p.raft.roles.FollowerRole - RaftServer{3}{role=FOLLOWER} - Received AppendRequest{term=1, leader=1, prevLogIndex=107, prevLogTerm=1, entries=0, commitIndex=107}
02:19:48.727 [raft-server-3] TRACE i.a.p.raft.roles.FollowerRole - RaftServer{3}{role=FOLLOWER} - Sending AppendResponse{status=OK, term=1, succeeded=true, lastLogIndex=107}
02:19:48.727 [raft-server-2] TRACE i.a.p.raft.roles.FollowerRole - RaftServer{2}{role=FOLLOWER} - Sending AppendResponse{status=OK, term=1, succeeded=true, lastLogIndex=107}
02:19:48.727 [raft-server-1] TRACE i.a.p.raft.roles.LeaderAppender - RaftServer{1} - Received AppendResponse{status=OK, term=1, succeeded=true, lastLogIndex=107} from 3
02:19:48.727 [raft-server-1] TRACE i.a.p.raft.roles.LeaderAppender - RaftServer{1} - Sending AppendRequest{term=1, leader=1, prevLogIndex=107, prevLogTerm=1, entries=0, commitIndex=107} to 3
02:19:48.727 [raft-server-1] TRACE i.a.p.raft.roles.LeaderAppender - RaftServer{1} - Received AppendResponse{status=OK, term=1, succeeded=true, lastLogIndex=107} from 2
02:19:48.727 [raft-server-3] TRACE i.a.p.raft.roles.FollowerRole - RaftServer{3}{role=FOLLOWER} - Received AppendRequest{term=1, leader=1, prevLogIndex=107, prevLogTerm=1, entries=0, commitIndex=107}
02:19:48.727 [raft-server-3] TRACE i.a.p.raft.roles.FollowerRole - RaftServer{3}{role=FOLLOWER} - Sending AppendResponse{status=OK, term=1, succeeded=true, lastLogIndex=107}
02:19:48.727 [raft-server-1] TRACE i.a.p.raft.roles.LeaderAppender - RaftServer{1} - Sending AppendRequest{term=1, leader=1, prevLogIndex=107, prevLogTerm=1, entries=0, commitIndex=107} to 2
02:19:48.727 [raft-server-1] TRACE i.a.p.raft.roles.LeaderAppender - RaftServer{1} - Received AppendResponse{status=OK, term=1, succeeded=true, lastLogIndex=107} from 3
02:19:48.727 [raft-server-2] TRACE i.a.p.raft.roles.FollowerRole - RaftServer{2}{role=FOLLOWER} - Received AppendRequest{term=1, leader=1, prevLogIndex=107, prevLogTerm=1, entries=0, commitIndex=107}
02:19:48.728 [raft-server-2] TRACE i.a.p.raft.roles.FollowerRole - RaftServer{2}{role=FOLLOWER} - Sending AppendResponse{status=OK, term=1, succeeded=true, lastLogIndex=107}
02:19:48.728 [raft-server-1] TRACE i.a.p.raft.roles.LeaderAppender - RaftServer{1} - Received AppendResponse{status=OK, term=1, succeeded=true, lastLogIndex=107} from 2
02:19:48.976 [raft-server-1] TRACE i.a.p.raft.roles.LeaderAppender - RaftServer{1} - Sending AppendRequest{term=1, leader=1, prevLogIndex=107, prevLogTerm=1, entries=0, commitIndex=107} to 2
02:19:48.976 [raft-server-1] TRACE i.a.p.raft.roles.LeaderAppender - RaftServer{1} - Sending AppendRequest{term=1, leader=1, prevLogIndex=107, prevLogTerm=1, entries=0, commitIndex=107} to 3
02:19:48.976 [raft-server-2] TRACE i.a.p.raft.roles.FollowerRole - RaftServer{2}{role=FOLLOWER} - Received AppendRequest{term=1, leader=1, prevLogIndex=107, prevLogTerm=1, entries=0, commitIndex=107}
02:19:48.976 [raft-server-3] TRACE i.a.p.raft.roles.FollowerRole - RaftServer{3}{role=FOLLOWER} - Received AppendRequest{term=1, leader=1, prevLogIndex=107, prevLogTerm=1, entries=0, commitIndex=107}
02:19:48.976 [raft-server-2] TRACE i.a.p.raft.roles.FollowerRole - RaftServer{2}{role=FOLLOWER} - Sending AppendResponse{status=OK, term=1, succeeded=true, lastLogIndex=107}
02:19:48.976 [raft-server-3] TRACE i.a.p.raft.roles.FollowerRole - RaftServer{3}{role=FOLLOWER} - Sending AppendResponse{status=OK, term=1, succeeded=true, lastLogIndex=107}
02:19:48.977 [raft-server-1] TRACE i.a.p.raft.roles.LeaderAppender - RaftServer{1} - Received AppendResponse{status=OK, term=1, succeeded=true, lastLogIndex=107} from 2
02:19:48.977 [raft-server-1] TRACE i.a.p.raft.roles.LeaderAppender - RaftServer{1} - Sending AppendRequest{term=1, leader=1, prevLogIndex=107, prevLogTerm=1, entries=0, commitIndex=107} to 2
02:19:48.977 [raft-server-1] TRACE i.a.p.raft.roles.LeaderAppender - RaftServer{1} - Received AppendResponse{status=OK, term=1, succeeded=true, lastLogIndex=107} from 3
02:19:48.977 [raft-server-2] TRACE i.a.p.raft.roles.FollowerRole - RaftServer{2}{role=FOLLOWER} - Received AppendRequest{term=1, leader=1, prevLogIndex=107, prevLogTerm=1, entries=0, commitIndex=107}
02:19:48.977 [raft-server-2] TRACE i.a.p.raft.roles.FollowerRole - RaftServer{2}{role=FOLLOWER} - Sending AppendResponse{status=OK, term=1, succeeded=true, lastLogIndex=107}
02:19:48.977 [raft-server-1] TRACE i.a.p.raft.roles.LeaderAppender - RaftServer{1} - Sending AppendRequest{term=1, leader=1, prevLogIndex=107, prevLogTerm=1, entries=0, commitIndex=107} to 3
02:19:48.977 [raft-server-3] TRACE i.a.p.raft.roles.FollowerRole - RaftServer{3}{role=FOLLOWER} - Received AppendRequest{term=1, leader=1, prevLogIndex=107, prevLogTerm=1, entries=0, commitIndex=107}
02:19:48.977 [raft-server-1] TRACE i.a.p.raft.roles.LeaderAppender - RaftServer{1} - Received AppendResponse{status=OK, term=1, succeeded=true, lastLogIndex=107} from 2
02:19:48.977 [raft-server-3] TRACE i.a.p.raft.roles.FollowerRole - RaftServer{3}{role=FOLLOWER} - Sending AppendResponse{status=OK, term=1, succeeded=true, lastLogIndex=107}
02:19:48.977 [raft-server-1] TRACE i.a.p.raft.roles.LeaderAppender - RaftServer{1} - Received AppendResponse{status=OK, term=1, succeeded=true, lastLogIndex=107} from 3
02:19:49.226 [raft-server-1] TRACE i.a.p.raft.roles.LeaderAppender - RaftServer{1} - Sending AppendRequest{term=1, leader=1, prevLogIndex=107, prevLogTerm=1, entries=0, commitIndex=107} to 2
02:19:49.226 [raft-server-1] TRACE i.a.p.raft.roles.LeaderAppender - RaftServer{1} - Sending AppendRequest{term=1, leader=1, prevLogIndex=107, prevLogTerm=1, entries=0, commitIndex=107} to 3
02:19:49.226 [raft-server-2] TRACE i.a.p.raft.roles.FollowerRole - RaftServer{2}{role=FOLLOWER} - Received AppendRequest{term=1, leader=1, prevLogIndex=107, prevLogTerm=1, entries=0, commitIndex=107}
02:19:49.227 [raft-server-3] TRACE i.a.p.raft.roles.FollowerRole - RaftServer{3}{role=FOLLOWER} - Received AppendRequest{term=1, leader=1, prevLogIndex=107, prevLogTerm=1, entries=0, commitIndex=107}
02:19:49.227 [raft-server-2] TRACE i.a.p.raft.roles.FollowerRole - RaftServer{2}{role=FOLLOWER} - Sending AppendResponse{status=OK, term=1, succeeded=true, lastLogIndex=107}
02:19:49.227 [raft-server-3] TRACE i.a.p.raft.roles.FollowerRole - RaftServer{3}{role=FOLLOWER} - Sending AppendResponse{status=OK, term=1, succeeded=true, lastLogIndex=107}
02:19:49.227 [raft-server-1] TRACE i.a.p.raft.roles.LeaderAppender - RaftServer{1} - Received AppendResponse{status=OK, term=1, succeeded=true, lastLogIndex=107} from 2
02:19:49.227 [raft-server-1] TRACE i.a.p.raft.roles.LeaderAppender - RaftServer{1} - Sending AppendRequest{term=1, leader=1, prevLogIndex=107, prevLogTerm=1, entries=0, commitIndex=107} to 2
02:19:49.227 [raft-server-1] TRACE i.a.p.raft.roles.LeaderAppender - RaftServer{1} - Received AppendResponse{status=OK, term=1, succeeded=true, lastLogIndex=107} from 3
02:19:49.227 [raft-server-2] TRACE i.a.p.raft.roles.FollowerRole - RaftServer{2}{role=FOLLOWER} - Received AppendRequest{term=1, leader=1, prevLogIndex=107, prevLogTerm=1, entries=0, commitIndex=107}
02:19:49.227 [raft-server-1] TRACE i.a.p.raft.roles.LeaderAppender - RaftServer{1} - Sending AppendRequest{term=1, leader=1, prevLogIndex=107, prevLogTerm=1, entries=0, commitIndex=107} to 3
02:19:49.227 [raft-server-2] TRACE i.a.p.raft.roles.FollowerRole - RaftServer{2}{role=FOLLOWER} - Sending AppendResponse{status=OK, term=1, succeeded=true, lastLogIndex=107}
02:19:49.227 [raft-server-3] TRACE i.a.p.raft.roles.FollowerRole - RaftServer{3}{role=FOLLOWER} - Received AppendRequest{term=1, leader=1, prevLogIndex=107, prevLogTerm=1, entries=0, commitIndex=107}
02:19:49.227 [raft-server-3] TRACE i.a.p.raft.roles.FollowerRole - RaftServer{3}{role=FOLLOWER} - Sending AppendResponse{status=OK, term=1, succeeded=true, lastLogIndex=107}
02:19:49.227 [raft-server-1] TRACE i.a.p.raft.roles.LeaderAppender - RaftServer{1} - Received AppendResponse{status=OK, term=1, succeeded=true, lastLogIndex=107} from 2
02:19:49.228 [raft-server-1] TRACE i.a.p.raft.roles.LeaderAppender - RaftServer{1} - Received AppendResponse{status=OK, term=1, succeeded=true, lastLogIndex=107} from 3
02:19:49.430 [raft-client-8d1a11e6-024d-41c6-816f-7d36669ce782-0] TRACE i.a.p.r.proxy.impl.RaftProxyManager - RaftClient{8d1a11e6-024d-41c6-816f-7d36669ce782} - Keeping 1 sessions alive
02:19:49.430 [raft-client-8d1a11e6-024d-41c6-816f-7d36669ce782-4] TRACE i.a.p.r.p.impl.RaftProxyConnection - RaftClient{8d1a11e6-024d-41c6-816f-7d36669ce782} - Sending KeepAliveRequest{sessionIds=long[]{length=1, hash=33}, commandSequences=long[]{length=1, hash=131}, eventIndexes=long[]{length=1, hash=33}} to 1
02:19:49.431 [raft-server-1] TRACE i.a.protocols.raft.roles.LeaderRole - RaftServer{1}{role=LEADER} - Received KeepAliveRequest{sessionIds=long[]{length=1, hash=33}, commandSequences=long[]{length=1, hash=131}, eventIndexes=long[]{length=1, hash=33}}
02:19:49.431 [raft-server-1] TRACE i.a.protocols.raft.roles.LeaderRole - RaftServer{1}{role=LEADER} - Appended Indexed{index=108, entry=KeepAliveEntry{term=1, timestamp=2018-06-01 02:19:49,431, sessionIds=long[]{length=1, hash=33}, commandSequences=long[]{length=1, hash=131}, eventIndexes=long[]{length=1, hash=33}}}
02:19:49.431 [raft-server-1] TRACE i.a.p.raft.roles.LeaderAppender - RaftServer{1} - Sending AppendRequest{term=1, leader=1, prevLogIndex=107, prevLogTerm=1, entries=1, commitIndex=107} to 2
02:19:49.431 [raft-server-1] TRACE i.a.p.raft.roles.LeaderAppender - RaftServer{1} - Sending AppendRequest{term=1, leader=1, prevLogIndex=107, prevLogTerm=1, entries=1, commitIndex=107} to 3
02:19:49.431 [raft-server-2] TRACE i.a.p.raft.roles.FollowerRole - RaftServer{2}{role=FOLLOWER} - Received AppendRequest{term=1, leader=1, prevLogIndex=107, prevLogTerm=1, entries=1, commitIndex=107}
02:19:49.431 [raft-server-3] TRACE i.a.p.raft.roles.FollowerRole - RaftServer{3}{role=FOLLOWER} - Received AppendRequest{term=1, leader=1, prevLogIndex=107, prevLogTerm=1, entries=1, commitIndex=107}
02:19:49.432 [raft-server-2] TRACE i.a.p.raft.roles.FollowerRole - RaftServer{2}{role=FOLLOWER} - Appended Indexed{index=108, entry=KeepAliveEntry{term=1, timestamp=2018-06-01 02:19:49,431, sessionIds=long[]{length=1, hash=33}, commandSequences=long[]{length=1, hash=131}, eventIndexes=long[]{length=1, hash=33}}}
02:19:49.432 [raft-server-3] TRACE i.a.p.raft.roles.FollowerRole - RaftServer{3}{role=FOLLOWER} - Appended Indexed{index=108, entry=KeepAliveEntry{term=1, timestamp=2018-06-01 02:19:49,431, sessionIds=long[]{length=1, hash=33}, commandSequences=long[]{length=1, hash=131}, eventIndexes=long[]{length=1, hash=33}}}
02:19:49.432 [raft-server-2] TRACE i.a.p.raft.roles.FollowerRole - RaftServer{2}{role=FOLLOWER} - Sending AppendResponse{status=OK, term=1, succeeded=true, lastLogIndex=108}
02:19:49.432 [raft-server-3] TRACE i.a.p.raft.roles.FollowerRole - RaftServer{3}{role=FOLLOWER} - Sending AppendResponse{status=OK, term=1, succeeded=true, lastLogIndex=108}
02:19:49.432 [raft-server-1] TRACE i.a.p.raft.roles.LeaderAppender - RaftServer{1} - Received AppendResponse{status=OK, term=1, succeeded=true, lastLogIndex=108} from 2
02:19:49.432 [raft-server-1] TRACE i.a.p.raft.roles.LeaderAppender - RaftServer{1} - Committed entries up to 108
02:19:49.457 [raft-server-1] TRACE i.a.p.raft.roles.LeaderAppender - RaftServer{1} - Received AppendResponse{status=OK, term=1, succeeded=true, lastLogIndex=108} from 3
02:19:49.457 [raft-server-1-state] TRACE i.a.p.raft.impl.RaftServiceManager - RaftServer{1} - Applying Indexed{index=108, entry=KeepAliveEntry{term=1, timestamp=2018-06-01 02:19:49,431, sessionIds=long[]{length=1, hash=33}, commandSequences=long[]{length=1, hash=131}, eventIndexes=long[]{length=1, hash=33}}}
02:19:49.457 [raft-server-1] TRACE i.a.protocols.raft.roles.LeaderRole - RaftServer{1}{role=LEADER} - Sending KeepAliveResponse{status=OK, leader=1, members=[2, 1, 3], sessionIds=long[]{length=1, hash=33}}
02:19:49.457 [raft-client-8d1a11e6-024d-41c6-816f-7d36669ce782-7] TRACE i.a.p.r.p.impl.RaftProxyConnection - RaftClient{8d1a11e6-024d-41c6-816f-7d36669ce782} - Received KeepAliveResponse{status=OK, leader=1, members=[2, 1, 3], sessionIds=long[]{length=1, hash=33}} from 1
02:19:49.476 [raft-server-1] TRACE i.a.p.raft.roles.LeaderAppender - RaftServer{1} - Sending AppendRequest{term=1, leader=1, prevLogIndex=108, prevLogTerm=1, entries=0, commitIndex=108} to 2
02:19:49.476 [raft-server-1] TRACE i.a.p.raft.roles.LeaderAppender - RaftServer{1} - Sending AppendRequest{term=1, leader=1, prevLogIndex=108, prevLogTerm=1, entries=0, commitIndex=108} to 3
02:19:49.476 [raft-server-2] TRACE i.a.p.raft.roles.FollowerRole - RaftServer{2}{role=FOLLOWER} - Received AppendRequest{term=1, leader=1, prevLogIndex=108, prevLogTerm=1, entries=0, commitIndex=108}
02:19:49.476 [raft-server-3] TRACE i.a.p.raft.roles.FollowerRole - RaftServer{3}{role=FOLLOWER} - Received AppendRequest{term=1, leader=1, prevLogIndex=108, prevLogTerm=1, entries=0, commitIndex=108}
02:19:49.515 [raft-server-2] TRACE i.a.p.raft.roles.FollowerRole - RaftServer{2}{role=FOLLOWER} - Committed entries up to index 108
02:19:49.515 [raft-server-3] TRACE i.a.p.raft.roles.FollowerRole - RaftServer{3}{role=FOLLOWER} - Committed entries up to index 108
02:19:49.515 [raft-server-2] TRACE i.a.p.raft.roles.FollowerRole - RaftServer{2}{role=FOLLOWER} - Sending AppendResponse{status=OK, term=1, succeeded=true, lastLogIndex=108}
02:19:49.515 [raft-server-3] TRACE i.a.p.raft.roles.FollowerRole - RaftServer{3}{role=FOLLOWER} - Sending AppendResponse{status=OK, term=1, succeeded=true, lastLogIndex=108}
02:19:49.515 [raft-server-1] TRACE i.a.p.raft.roles.LeaderAppender - RaftServer{1} - Received AppendResponse{status=OK, term=1, succeeded=true, lastLogIndex=108} from 2
02:19:49.515 [raft-server-2-state] TRACE i.a.p.raft.impl.RaftServiceManager - RaftServer{2} - Applying Indexed{index=108, entry=KeepAliveEntry{term=1, timestamp=2018-06-01 02:19:49,431, sessionIds=long[]{length=1, hash=33}, commandSequences=long[]{length=1, hash=131}, eventIndexes=long[]{length=1, hash=33}}}
02:19:49.515 [raft-server-3-state] TRACE i.a.p.raft.impl.RaftServiceManager - RaftServer{3} - Applying Indexed{index=108, entry=KeepAliveEntry{term=1, timestamp=2018-06-01 02:19:49,431, sessionIds=long[]{length=1, hash=33}, commandSequences=long[]{length=1, hash=131}, eventIndexes=long[]{length=1, hash=33}}}
02:19:49.515 [raft-server-1] TRACE i.a.p.raft.roles.LeaderAppender - RaftServer{1} - Sending AppendRequest{term=1, leader=1, prevLogIndex=108, prevLogTerm=1, entries=0, commitIndex=108} to 2
02:19:49.516 [raft-server-2] TRACE i.a.p.raft.roles.FollowerRole - RaftServer{2}{role=FOLLOWER} - Received AppendRequest{term=1, leader=1, prevLogIndex=108, prevLogTerm=1, entries=0, commitIndex=108}
02:19:49.516 [raft-server-1] TRACE i.a.p.raft.roles.LeaderAppender - RaftServer{1} - Received AppendResponse{status=OK, term=1, succeeded=true, lastLogIndex=108} from 3
02:19:49.516 [raft-server-2] TRACE i.a.p.raft.roles.FollowerRole - RaftServer{2}{role=FOLLOWER} - Sending AppendResponse{status=OK, term=1, succeeded=true, lastLogIndex=108}
02:19:49.516 [raft-server-1] TRACE i.a.p.raft.roles.LeaderAppender - RaftServer{1} - Sending AppendRequest{term=1, leader=1, prevLogIndex=108, prevLogTerm=1, entries=0, commitIndex=108} to 3
02:19:49.516 [raft-server-1] TRACE i.a.p.raft.roles.LeaderAppender - RaftServer{1} - Received AppendResponse{status=OK, term=1, succeeded=true, lastLogIndex=108} from 2
02:19:49.516 [raft-server-3] TRACE i.a.p.raft.roles.FollowerRole - RaftServer{3}{role=FOLLOWER} - Received AppendRequest{term=1, leader=1, prevLogIndex=108, prevLogTerm=1, entries=0, commitIndex=108}
02:19:49.516 [raft-server-3] TRACE i.a.p.raft.roles.FollowerRole - RaftServer{3}{role=FOLLOWER} - Sending AppendResponse{status=OK, term=1, succeeded=true, lastLogIndex=108}
02:19:49.516 [raft-server-1] TRACE i.a.p.raft.roles.LeaderAppender - RaftServer{1} - Received AppendResponse{status=OK, term=1, succeeded=true, lastLogIndex=108} from 3
02:19:49.726 [raft-server-1] TRACE i.a.p.raft.roles.LeaderAppender - RaftServer{1} - Sending AppendRequest{term=1, leader=1, prevLogIndex=108, prevLogTerm=1, entries=0, commitIndex=108} to 2
02:19:49.726 [raft-server-1] TRACE i.a.p.raft.roles.LeaderAppender - RaftServer{1} - Sending AppendRequest{term=1, leader=1, prevLogIndex=108, prevLogTerm=1, entries=0, commitIndex=108} to 3
02:19:49.726 [raft-server-2] TRACE i.a.p.raft.roles.FollowerRole - RaftServer{2}{role=FOLLOWER} - Received AppendRequest{term=1, leader=1, prevLogIndex=108, prevLogTerm=1, entries=0, commitIndex=108}
02:19:49.727 [raft-server-3] TRACE i.a.p.raft.roles.FollowerRole - RaftServer{3}{role=FOLLOWER} - Received AppendRequest{term=1, leader=1, prevLogIndex=108, prevLogTerm=1, entries=0, commitIndex=108}
02:19:49.727 [raft-server-2] TRACE i.a.p.raft.roles.FollowerRole - RaftServer{2}{role=FOLLOWER} - Sending AppendResponse{status=OK, term=1, succeeded=true, lastLogIndex=108}
02:19:49.727 [raft-server-3] TRACE i.a.p.raft.roles.FollowerRole - RaftServer{3}{role=FOLLOWER} - Sending AppendResponse{status=OK, term=1, succeeded=true, lastLogIndex=108}
02:19:49.727 [raft-server-1] TRACE i.a.p.raft.roles.LeaderAppender - RaftServer{1} - Received AppendResponse{status=OK, term=1, succeeded=true, lastLogIndex=108} from 2
02:19:49.727 [raft-server-1] TRACE i.a.p.raft.roles.LeaderAppender - RaftServer{1} - Sending AppendRequest{term=1, leader=1, prevLogIndex=108, prevLogTerm=1, entries=0, commitIndex=108} to 2
02:19:49.727 [raft-server-1] TRACE i.a.p.raft.roles.LeaderAppender - RaftServer{1} - Received AppendResponse{status=OK, term=1, succeeded=true, lastLogIndex=108} from 3
02:19:49.727 [raft-server-2] TRACE i.a.p.raft.roles.FollowerRole - RaftServer{2}{role=FOLLOWER} - Received AppendRequest{term=1, leader=1, prevLogIndex=108, prevLogTerm=1, entries=0, commitIndex=108}
02:19:49.727 [raft-server-2] TRACE i.a.p.raft.roles.FollowerRole - RaftServer{2}{role=FOLLOWER} - Sending AppendResponse{status=OK, term=1, succeeded=true, lastLogIndex=108}
02:19:49.727 [raft-server-1] TRACE i.a.p.raft.roles.LeaderAppender - RaftServer{1} - Sending AppendRequest{term=1, leader=1, prevLogIndex=108, prevLogTerm=1, entries=0, commitIndex=108} to 3
02:19:49.727 [raft-server-3] TRACE i.a.p.raft.roles.FollowerRole - RaftServer{3}{role=FOLLOWER} - Received AppendRequest{term=1, leader=1, prevLogIndex=108, prevLogTerm=1, entries=0, commitIndex=108}
02:19:49.727 [raft-server-1] TRACE i.a.p.raft.roles.LeaderAppender - RaftServer{1} - Received AppendResponse{status=OK, term=1, succeeded=true, lastLogIndex=108} from 2
02:19:49.728 [raft-server-3] TRACE i.a.p.raft.roles.FollowerRole - RaftServer{3}{role=FOLLOWER} - Sending AppendResponse{status=OK, term=1, succeeded=true, lastLogIndex=108}
02:19:49.728 [raft-server-1] TRACE i.a.p.raft.roles.LeaderAppender - RaftServer{1} - Received AppendResponse{status=OK, term=1, succeeded=true, lastLogIndex=108} from 3
02:19:49.976 [raft-server-1] TRACE i.a.p.raft.roles.LeaderAppender - RaftServer{1} - Sending AppendRequest{term=1, leader=1, prevLogIndex=108, prevLogTerm=1, entries=0, commitIndex=108} to 2
02:19:49.976 [raft-server-1] TRACE i.a.p.raft.roles.LeaderAppender - RaftServer{1} - Sending AppendRequest{term=1, leader=1, prevLogIndex=108, prevLogTerm=1, entries=0, commitIndex=108} to 3
02:19:49.976 [raft-server-2] TRACE i.a.p.raft.roles.FollowerRole - RaftServer{2}{role=FOLLOWER} - Received AppendRequest{term=1, leader=1, prevLogIndex=108, prevLogTerm=1, entries=0, commitIndex=108}
02:19:49.976 [raft-server-3] TRACE i.a.p.raft.roles.FollowerRole - RaftServer{3}{role=FOLLOWER} - Received AppendRequest{term=1, leader=1, prevLogIndex=108, prevLogTerm=1, entries=0, commitIndex=108}
02:19:49.977 [raft-server-2] TRACE i.a.p.raft.roles.FollowerRole - RaftServer{2}{role=FOLLOWER} - Sending AppendResponse{status=OK, term=1, succeeded=true, lastLogIndex=108}
02:19:49.977 [raft-server-3] TRACE i.a.p.raft.roles.FollowerRole - RaftServer{3}{role=FOLLOWER} - Sending AppendResponse{status=OK, term=1, succeeded=true, lastLogIndex=108}
02:19:49.977 [raft-server-1] TRACE i.a.p.raft.roles.LeaderAppender - RaftServer{1} - Received AppendResponse{status=OK, term=1, succeeded=true, lastLogIndex=108} from 2
02:19:49.977 [raft-server-1] TRACE i.a.p.raft.roles.LeaderAppender - RaftServer{1} - Sending AppendRequest{term=1, leader=1, prevLogIndex=108, prevLogTerm=1, entries=0, commitIndex=108} to 2
02:19:49.977 [raft-server-1] TRACE i.a.p.raft.roles.LeaderAppender - RaftServer{1} - Received AppendResponse{status=OK, term=1, succeeded=true, lastLogIndex=108} from 3
02:19:49.977 [raft-server-2] TRACE i.a.p.raft.roles.FollowerRole - RaftServer{2}{role=FOLLOWER} - Received AppendRequest{term=1, leader=1, prevLogIndex=108, prevLogTerm=1, entries=0, commitIndex=108}
02:19:49.977 [raft-server-2] TRACE i.a.p.raft.roles.FollowerRole - RaftServer{2}{role=FOLLOWER} - Sending AppendResponse{status=OK, term=1, succeeded=true, lastLogIndex=108}
02:19:49.977 [raft-server-1] TRACE i.a.p.raft.roles.LeaderAppender - RaftServer{1} - Sending AppendRequest{term=1, leader=1, prevLogIndex=108, prevLogTerm=1, entries=0, commitIndex=108} to 3
02:19:49.977 [raft-server-1] TRACE i.a.p.raft.roles.LeaderAppender - RaftServer{1} - Received AppendResponse{status=OK, term=1, succeeded=true, lastLogIndex=108} from 2
02:19:49.977 [raft-server-3] TRACE i.a.p.raft.roles.FollowerRole - RaftServer{3}{role=FOLLOWER} - Received AppendRequest{term=1, leader=1, prevLogIndex=108, prevLogTerm=1, entries=0, commitIndex=108}
02:19:49.977 [raft-server-3] TRACE i.a.p.raft.roles.FollowerRole - RaftServer{3}{role=FOLLOWER} - Sending AppendResponse{status=OK, term=1, succeeded=true, lastLogIndex=108}
02:19:49.977 [raft-server-1] TRACE i.a.p.raft.roles.LeaderAppender - RaftServer{1} - Received AppendResponse{status=OK, term=1, succeeded=true, lastLogIndex=108} from 3
02:19:50.226 [raft-server-1] TRACE i.a.p.raft.roles.LeaderAppender - RaftServer{1} - Sending AppendRequest{term=1, leader=1, prevLogIndex=108, prevLogTerm=1, entries=0, commitIndex=108} to 2
02:19:50.226 [raft-server-1] TRACE i.a.p.raft.roles.LeaderAppender - RaftServer{1} - Sending AppendRequest{term=1, leader=1, prevLogIndex=108, prevLogTerm=1, entries=0, commitIndex=108} to 3
02:19:50.226 [raft-server-2] TRACE i.a.p.raft.roles.FollowerRole - RaftServer{2}{role=FOLLOWER} - Received AppendRequest{term=1, leader=1, prevLogIndex=108, prevLogTerm=1, entries=0, commitIndex=108}
02:19:50.227 [raft-server-3] TRACE i.a.p.raft.roles.FollowerRole - RaftServer{3}{role=FOLLOWER} - Received AppendRequest{term=1, leader=1, prevLogIndex=108, prevLogTerm=1, entries=0, commitIndex=108}
02:19:50.227 [raft-server-2] TRACE i.a.p.raft.roles.FollowerRole - RaftServer{2}{role=FOLLOWER} - Sending AppendResponse{status=OK, term=1, succeeded=true, lastLogIndex=108}
02:19:50.227 [raft-server-3] TRACE i.a.p.raft.roles.FollowerRole - RaftServer{3}{role=FOLLOWER} - Sending AppendResponse{status=OK, term=1, succeeded=true, lastLogIndex=108}
02:19:50.227 [raft-server-1] TRACE i.a.p.raft.roles.LeaderAppender - RaftServer{1} - Received AppendResponse{status=OK, term=1, succeeded=true, lastLogIndex=108} from 2
02:19:50.227 [raft-server-1] TRACE i.a.p.raft.roles.LeaderAppender - RaftServer{1} - Sending AppendRequest{term=1, leader=1, prevLogIndex=108, prevLogTerm=1, entries=0, commitIndex=108} to 2
02:19:50.227 [raft-server-2] TRACE i.a.p.raft.roles.FollowerRole - RaftServer{2}{role=FOLLOWER} - Received AppendRequest{term=1, leader=1, prevLogIndex=108, prevLogTerm=1, entries=0, commitIndex=108}
02:19:50.227 [raft-server-1] TRACE i.a.p.raft.roles.LeaderAppender - RaftServer{1} - Received AppendResponse{status=OK, term=1, succeeded=true, lastLogIndex=108} from 3
02:19:50.227 [raft-server-2] TRACE i.a.p.raft.roles.FollowerRole - RaftServer{2}{role=FOLLOWER} - Sending AppendResponse{status=OK, term=1, succeeded=true, lastLogIndex=108}
02:19:50.227 [raft-server-1] TRACE i.a.p.raft.roles.LeaderAppender - RaftServer{1} - Sending AppendRequest{term=1, leader=1, prevLogIndex=108, prevLogTerm=1, entries=0, commitIndex=108} to 3
02:19:50.228 [raft-server-1] TRACE i.a.p.raft.roles.LeaderAppender - RaftServer{1} - Received AppendResponse{status=OK, term=1, succeeded=true, lastLogIndex=108} from 2
02:19:50.228 [raft-server-3] TRACE i.a.p.raft.roles.FollowerRole - RaftServer{3}{role=FOLLOWER} - Received AppendRequest{term=1, leader=1, prevLogIndex=108, prevLogTerm=1, entries=0, commitIndex=108}
02:19:50.228 [raft-server-3] TRACE i.a.p.raft.roles.FollowerRole - RaftServer{3}{role=FOLLOWER} - Sending AppendResponse{status=OK, term=1, succeeded=true, lastLogIndex=108}
02:19:50.228 [raft-server-1] TRACE i.a.p.raft.roles.LeaderAppender - RaftServer{1} - Received AppendResponse{status=OK, term=1, succeeded=true, lastLogIndex=108} from 3
02:19:50.476 [raft-server-1] TRACE i.a.p.raft.roles.LeaderAppender - RaftServer{1} - Sending AppendRequest{term=1, leader=1, prevLogIndex=108, prevLogTerm=1, entries=0, commitIndex=108} to 2
02:19:50.476 [raft-server-1] TRACE i.a.p.raft.roles.LeaderAppender - RaftServer{1} - Sending AppendRequest{term=1, leader=1, prevLogIndex=108, prevLogTerm=1, entries=0, commitIndex=108} to 3
02:19:50.476 [raft-server-2] TRACE i.a.p.raft.roles.FollowerRole - RaftServer{2}{role=FOLLOWER} - Received AppendRequest{term=1, leader=1, prevLogIndex=108, prevLogTerm=1, entries=0, commitIndex=108}
02:19:50.477 [raft-server-2] TRACE i.a.p.raft.roles.FollowerRole - RaftServer{2}{role=FOLLOWER} - Sending AppendResponse{status=OK, term=1, succeeded=true, lastLogIndex=108}
02:19:50.477 [raft-server-3] TRACE i.a.p.raft.roles.FollowerRole - RaftServer{3}{role=FOLLOWER} - Received AppendRequest{term=1, leader=1, prevLogIndex=108, prevLogTerm=1, entries=0, commitIndex=108}
02:19:50.477 [raft-server-3] TRACE i.a.p.raft.roles.FollowerRole - RaftServer{3}{role=FOLLOWER} - Sending AppendResponse{status=OK, term=1, succeeded=true, lastLogIndex=108}
02:19:50.477 [raft-server-1] TRACE i.a.p.raft.roles.LeaderAppender - RaftServer{1} - Received AppendResponse{status=OK, term=1, succeeded=true, lastLogIndex=108} from 2
02:19:50.477 [raft-server-1] TRACE i.a.p.raft.roles.LeaderAppender - RaftServer{1} - Sending AppendRequest{term=1, leader=1, prevLogIndex=108, prevLogTerm=1, entries=0, commitIndex=108} to 2
02:19:50.477 [raft-server-1] TRACE i.a.p.raft.roles.LeaderAppender - RaftServer{1} - Received AppendResponse{status=OK, term=1, succeeded=true, lastLogIndex=108} from 3
02:19:50.477 [raft-server-2] TRACE i.a.p.raft.roles.FollowerRole - RaftServer{2}{role=FOLLOWER} - Received AppendRequest{term=1, leader=1, prevLogIndex=108, prevLogTerm=1, entries=0, commitIndex=108}
02:19:50.477 [raft-server-2] TRACE i.a.p.raft.roles.FollowerRole - RaftServer{2}{role=FOLLOWER} - Sending AppendResponse{status=OK, term=1, succeeded=true, lastLogIndex=108}
02:19:50.477 [raft-server-1] TRACE i.a.p.raft.roles.LeaderAppender - RaftServer{1} - Sending AppendRequest{term=1, leader=1, prevLogIndex=108, prevLogTerm=1, entries=0, commitIndex=108} to 3
02:19:50.477 [raft-server-1] TRACE i.a.p.raft.roles.LeaderAppender - RaftServer{1} - Received AppendResponse{status=OK, term=1, succeeded=true, lastLogIndex=108} from 2
02:19:50.477 [raft-server-3] TRACE i.a.p.raft.roles.FollowerRole - RaftServer{3}{role=FOLLOWER} - Received AppendRequest{term=1, leader=1, prevLogIndex=108, prevLogTerm=1, entries=0, commitIndex=108}
02:19:50.477 [raft-server-3] TRACE i.a.p.raft.roles.FollowerRole - RaftServer{3}{role=FOLLOWER} - Sending AppendResponse{status=OK, term=1, succeeded=true, lastLogIndex=108}
02:19:50.478 [raft-server-1] TRACE i.a.p.raft.roles.LeaderAppender - RaftServer{1} - Received AppendResponse{status=OK, term=1, succeeded=true, lastLogIndex=108} from 3
02:19:50.726 [raft-server-1] TRACE i.a.p.raft.roles.LeaderAppender - RaftServer{1} - Sending AppendRequest{term=1, leader=1, prevLogIndex=108, prevLogTerm=1, entries=0, commitIndex=108} to 2
02:19:50.726 [raft-server-1] TRACE i.a.p.raft.roles.LeaderAppender - RaftServer{1} - Sending AppendRequest{term=1, leader=1, prevLogIndex=108, prevLogTerm=1, entries=0, commitIndex=108} to 3
02:19:50.726 [raft-server-2] TRACE i.a.p.raft.roles.FollowerRole - RaftServer{2}{role=FOLLOWER} - Received AppendRequest{term=1, leader=1, prevLogIndex=108, prevLogTerm=1, entries=0, commitIndex=108}
02:19:50.727 [raft-server-2] TRACE i.a.p.raft.roles.FollowerRole - RaftServer{2}{role=FOLLOWER} - Sending AppendResponse{status=OK, term=1, succeeded=true, lastLogIndex=108}
02:19:50.727 [raft-server-3] TRACE i.a.p.raft.roles.FollowerRole - RaftServer{3}{role=FOLLOWER} - Received AppendRequest{term=1, leader=1, prevLogIndex=108, prevLogTerm=1, entries=0, commitIndex=108}
02:19:50.727 [raft-server-1] TRACE i.a.p.raft.roles.LeaderAppender - RaftServer{1} - Received AppendResponse{status=OK, term=1, succeeded=true, lastLogIndex=108} from 2
02:19:50.727 [raft-server-3] TRACE i.a.p.raft.roles.FollowerRole - RaftServer{3}{role=FOLLOWER} - Sending AppendResponse{status=OK, term=1, succeeded=true, lastLogIndex=108}
02:19:50.727 [raft-server-1] TRACE i.a.p.raft.roles.LeaderAppender - RaftServer{1} - Sending AppendRequest{term=1, leader=1, prevLogIndex=108, prevLogTerm=1, entries=0, commitIndex=108} to 2
02:19:50.727 [raft-server-1] TRACE i.a.p.raft.roles.LeaderAppender - RaftServer{1} - Received AppendResponse{status=OK, term=1, succeeded=true, lastLogIndex=108} from 3
02:19:50.727 [raft-server-2] TRACE i.a.p.raft.roles.FollowerRole - RaftServer{2}{role=FOLLOWER} - Received AppendRequest{term=1, leader=1, prevLogIndex=108, prevLogTerm=1, entries=0, commitIndex=108}
02:19:50.727 [raft-server-1] TRACE i.a.p.raft.roles.LeaderAppender - RaftServer{1} - Sending AppendRequest{term=1, leader=1, prevLogIndex=108, prevLogTerm=1, entries=0, commitIndex=108} to 3
02:19:50.727 [raft-server-2] TRACE i.a.p.raft.roles.FollowerRole - RaftServer{2}{role=FOLLOWER} - Sending AppendResponse{status=OK, term=1, succeeded=true, lastLogIndex=108}
02:19:50.727 [raft-server-1] TRACE i.a.p.raft.roles.LeaderAppender - RaftServer{1} - Received AppendResponse{status=OK, term=1, succeeded=true, lastLogIndex=108} from 2
02:19:50.727 [raft-server-3] TRACE i.a.p.raft.roles.FollowerRole - RaftServer{3}{role=FOLLOWER} - Received AppendRequest{term=1, leader=1, prevLogIndex=108, prevLogTerm=1, entries=0, commitIndex=108}
02:19:50.727 [raft-server-3] TRACE i.a.p.raft.roles.FollowerRole - RaftServer{3}{role=FOLLOWER} - Sending AppendResponse{status=OK, term=1, succeeded=true, lastLogIndex=108}
02:19:50.727 [raft-server-1] TRACE i.a.p.raft.roles.LeaderAppender - RaftServer{1} - Received AppendResponse{status=OK, term=1, succeeded=true, lastLogIndex=108} from 3
02:19:50.976 [raft-server-1] TRACE i.a.p.raft.roles.LeaderAppender - RaftServer{1} - Sending AppendRequest{term=1, leader=1, prevLogIndex=108, prevLogTerm=1, entries=0, commitIndex=108} to 2
02:19:50.976 [raft-server-1] TRACE i.a.p.raft.roles.LeaderAppender - RaftServer{1} - Sending AppendRequest{term=1, leader=1, prevLogIndex=108, prevLogTerm=1, entries=0, commitIndex=108} to 3
02:19:50.976 [raft-server-2] TRACE i.a.p.raft.roles.FollowerRole - RaftServer{2}{role=FOLLOWER} - Received AppendRequest{term=1, leader=1, prevLogIndex=108, prevLogTerm=1, entries=0, commitIndex=108}
02:19:50.976 [raft-server-2] TRACE i.a.p.raft.roles.FollowerRole - RaftServer{2}{role=FOLLOWER} - Sending AppendResponse{status=OK, term=1, succeeded=true, lastLogIndex=108}
02:19:50.976 [raft-server-3] TRACE i.a.p.raft.roles.FollowerRole - RaftServer{3}{role=FOLLOWER} - Received AppendRequest{term=1, leader=1, prevLogIndex=108, prevLogTerm=1, entries=0, commitIndex=108}
02:19:50.977 [raft-server-1] TRACE i.a.p.raft.roles.LeaderAppender - RaftServer{1} - Received AppendResponse{status=OK, term=1, succeeded=true, lastLogIndex=108} from 2
02:19:50.977 [raft-server-3] TRACE i.a.p.raft.roles.FollowerRole - RaftServer{3}{role=FOLLOWER} - Sending AppendResponse{status=OK, term=1, succeeded=true, lastLogIndex=108}
02:19:50.977 [raft-server-1] TRACE i.a.p.raft.roles.LeaderAppender - RaftServer{1} - Sending AppendRequest{term=1, leader=1, prevLogIndex=108, prevLogTerm=1, entries=0, commitIndex=108} to 2
02:19:50.977 [raft-server-1] TRACE i.a.p.raft.roles.LeaderAppender - RaftServer{1} - Received AppendResponse{status=OK, term=1, succeeded=true, lastLogIndex=108} from 3
02:19:50.977 [raft-server-2] TRACE i.a.p.raft.roles.FollowerRole - RaftServer{2}{role=FOLLOWER} - Received AppendRequest{term=1, leader=1, prevLogIndex=108, prevLogTerm=1, entries=0, commitIndex=108}
02:19:50.977 [raft-server-2] TRACE i.a.p.raft.roles.FollowerRole - RaftServer{2}{role=FOLLOWER} - Sending AppendResponse{status=OK, term=1, succeeded=true, lastLogIndex=108}
02:19:50.977 [raft-server-1] TRACE i.a.p.raft.roles.LeaderAppender - RaftServer{1} - Sending AppendRequest{term=1, leader=1, prevLogIndex=108, prevLogTerm=1, entries=0, commitIndex=108} to 3
02:19:50.977 [raft-server-1] TRACE i.a.p.raft.roles.LeaderAppender - RaftServer{1} - Received AppendResponse{status=OK, term=1, succeeded=true, lastLogIndex=108} from 2
02:19:50.977 [raft-server-3] TRACE i.a.p.raft.roles.FollowerRole - RaftServer{3}{role=FOLLOWER} - Received AppendRequest{term=1, leader=1, prevLogIndex=108, prevLogTerm=1, entries=0, commitIndex=108}
02:19:50.977 [raft-server-3] TRACE i.a.p.raft.roles.FollowerRole - RaftServer{3}{role=FOLLOWER} - Sending AppendResponse{status=OK, term=1, succeeded=true, lastLogIndex=108}
02:19:50.977 [raft-server-1] TRACE i.a.p.raft.roles.LeaderAppender - RaftServer{1} - Received AppendResponse{status=OK, term=1, succeeded=true, lastLogIndex=108} from 3
02:19:51.226 [raft-server-1] TRACE i.a.p.raft.roles.LeaderAppender - RaftServer{1} - Sending AppendRequest{term=1, leader=1, prevLogIndex=108, prevLogTerm=1, entries=0, commitIndex=108} to 2
02:19:51.226 [raft-server-1] TRACE i.a.p.raft.roles.LeaderAppender - RaftServer{1} - Sending AppendRequest{term=1, leader=1, prevLogIndex=108, prevLogTerm=1, entries=0, commitIndex=108} to 3
02:19:51.226 [raft-server-2] TRACE i.a.p.raft.roles.FollowerRole - RaftServer{2}{role=FOLLOWER} - Received AppendRequest{term=1, leader=1, prevLogIndex=108, prevLogTerm=1, entries=0, commitIndex=108}
02:19:51.227 [raft-server-2] TRACE i.a.p.raft.roles.FollowerRole - RaftServer{2}{role=FOLLOWER} - Sending AppendResponse{status=OK, term=1, succeeded=true, lastLogIndex=108}
02:19:51.227 [raft-server-3] TRACE i.a.p.raft.roles.FollowerRole - RaftServer{3}{role=FOLLOWER} - Received AppendRequest{term=1, leader=1, prevLogIndex=108, prevLogTerm=1, entries=0, commitIndex=108}
02:19:51.227 [raft-server-3] TRACE i.a.p.raft.roles.FollowerRole - RaftServer{3}{role=FOLLOWER} - Sending AppendResponse{status=OK, term=1, succeeded=true, lastLogIndex=108}
02:19:51.227 [raft-server-1] TRACE i.a.p.raft.roles.LeaderAppender - RaftServer{1} - Received AppendResponse{status=OK, term=1, succeeded=true, lastLogIndex=108} from 2
02:19:51.227 [raft-server-1] TRACE i.a.p.raft.roles.LeaderAppender - RaftServer{1} - Sending AppendRequest{term=1, leader=1, prevLogIndex=108, prevLogTerm=1, entries=0, commitIndex=108} to 2
02:19:51.227 [raft-server-1] TRACE i.a.p.raft.roles.LeaderAppender - RaftServer{1} - Received AppendResponse{status=OK, term=1, succeeded=true, lastLogIndex=108} from 3
02:19:51.227 [raft-server-2] TRACE i.a.p.raft.roles.FollowerRole - RaftServer{2}{role=FOLLOWER} - Received AppendRequest{term=1, leader=1, prevLogIndex=108, prevLogTerm=1, entries=0, commitIndex=108}
02:19:51.227 [raft-server-1] TRACE i.a.p.raft.roles.LeaderAppender - RaftServer{1} - Sending AppendRequest{term=1, leader=1, prevLogIndex=108, prevLogTerm=1, entries=0, commitIndex=108} to 3
02:19:51.227 [raft-server-2] TRACE i.a.p.raft.roles.FollowerRole - RaftServer{2}{role=FOLLOWER} - Sending AppendResponse{status=OK, term=1, succeeded=true, lastLogIndex=108}
02:19:51.227 [raft-server-1] TRACE i.a.p.raft.roles.LeaderAppender - RaftServer{1} - Received AppendResponse{status=OK, term=1, succeeded=true, lastLogIndex=108} from 2
02:19:51.227 [raft-server-3] TRACE i.a.p.raft.roles.FollowerRole - RaftServer{3}{role=FOLLOWER} - Received AppendRequest{term=1, leader=1, prevLogIndex=108, prevLogTerm=1, entries=0, commitIndex=108}
02:19:51.227 [raft-server-3] TRACE i.a.p.raft.roles.FollowerRole - RaftServer{3}{role=FOLLOWER} - Sending AppendResponse{status=OK, term=1, succeeded=true, lastLogIndex=108}
02:19:51.227 [raft-server-1] TRACE i.a.p.raft.roles.LeaderAppender - RaftServer{1} - Received AppendResponse{status=OK, term=1, succeeded=true, lastLogIndex=108} from 3
02:19:51.476 [raft-server-1] TRACE i.a.p.raft.roles.LeaderAppender - RaftServer{1} - Sending AppendRequest{term=1, leader=1, prevLogIndex=108, prevLogTerm=1, entries=0, commitIndex=108} to 2
02:19:51.476 [raft-server-1] TRACE i.a.p.raft.roles.LeaderAppender - RaftServer{1} - Sending AppendRequest{term=1, leader=1, prevLogIndex=108, prevLogTerm=1, entries=0, commitIndex=108} to 3
02:19:51.476 [raft-server-2] TRACE i.a.p.raft.roles.FollowerRole - RaftServer{2}{role=FOLLOWER} - Received AppendRequest{term=1, leader=1, prevLogIndex=108, prevLogTerm=1, entries=0, commitIndex=108}
02:19:51.476 [raft-server-2] TRACE i.a.p.raft.roles.FollowerRole - RaftServer{2}{role=FOLLOWER} - Sending AppendResponse{status=OK, term=1, succeeded=true, lastLogIndex=108}
02:19:51.477 [raft-server-3] TRACE i.a.p.raft.roles.FollowerRole - RaftServer{3}{role=FOLLOWER} - Received AppendRequest{term=1, leader=1, prevLogIndex=108, prevLogTerm=1, entries=0, commitIndex=108}
02:19:51.477 [raft-server-1] TRACE i.a.p.raft.roles.LeaderAppender - RaftServer{1} - Received AppendResponse{status=OK, term=1, succeeded=true, lastLogIndex=108} from 2
02:19:51.477 [raft-server-3] TRACE i.a.p.raft.roles.FollowerRole - RaftServer{3}{role=FOLLOWER} - Sending AppendResponse{status=OK, term=1, succeeded=true, lastLogIndex=108}
02:19:51.477 [raft-server-1] TRACE i.a.p.raft.roles.LeaderAppender - RaftServer{1} - Sending AppendRequest{term=1, leader=1, prevLogIndex=108, prevLogTerm=1, entries=0, commitIndex=108} to 2
02:19:51.477 [raft-server-1] TRACE i.a.p.raft.roles.LeaderAppender - RaftServer{1} - Received AppendResponse{status=OK, term=1, succeeded=true, lastLogIndex=108} from 3
02:19:51.477 [raft-server-2] TRACE i.a.p.raft.roles.FollowerRole - RaftServer{2}{role=FOLLOWER} - Received AppendRequest{term=1, leader=1, prevLogIndex=108, prevLogTerm=1, entries=0, commitIndex=108}
02:19:51.477 [raft-server-1] TRACE i.a.p.raft.roles.LeaderAppender - RaftServer{1} - Sending AppendRequest{term=1, leader=1, prevLogIndex=108, prevLogTerm=1, entries=0, commitIndex=108} to 3
02:19:51.477 [raft-server-2] TRACE i.a.p.raft.roles.FollowerRole - RaftServer{2}{role=FOLLOWER} - Sending AppendResponse{status=OK, term=1, succeeded=true, lastLogIndex=108}
02:19:51.477 [raft-server-1] TRACE i.a.p.raft.roles.LeaderAppender - RaftServer{1} - Received AppendResponse{status=OK, term=1, succeeded=true, lastLogIndex=108} from 2
02:19:51.477 [raft-server-3] TRACE i.a.p.raft.roles.FollowerRole - RaftServer{3}{role=FOLLOWER} - Received AppendRequest{term=1, leader=1, prevLogIndex=108, prevLogTerm=1, entries=0, commitIndex=108}
02:19:51.477 [raft-server-3] TRACE i.a.p.raft.roles.FollowerRole - RaftServer{3}{role=FOLLOWER} - Sending AppendResponse{status=OK, term=1, succeeded=true, lastLogIndex=108}
02:19:51.477 [raft-server-1] TRACE i.a.p.raft.roles.LeaderAppender - RaftServer{1} - Received AppendResponse{status=OK, term=1, succeeded=true, lastLogIndex=108} from 3
02:19:51.726 [raft-server-1] TRACE i.a.p.raft.roles.LeaderAppender - RaftServer{1} - Sending AppendRequest{term=1, leader=1, prevLogIndex=108, prevLogTerm=1, entries=0, commitIndex=108} to 2
02:19:51.726 [raft-server-1] TRACE i.a.p.raft.roles.LeaderAppender - RaftServer{1} - Sending AppendRequest{term=1, leader=1, prevLogIndex=108, prevLogTerm=1, entries=0, commitIndex=108} to 3
02:19:51.726 [raft-server-2] TRACE i.a.p.raft.roles.FollowerRole - RaftServer{2}{role=FOLLOWER} - Received AppendRequest{term=1, leader=1, prevLogIndex=108, prevLogTerm=1, entries=0, commitIndex=108}
02:19:51.726 [raft-server-3] TRACE i.a.p.raft.roles.FollowerRole - RaftServer{3}{role=FOLLOWER} - Received AppendRequest{term=1, leader=1, prevLogIndex=108, prevLogTerm=1, entries=0, commitIndex=108}
02:19:51.726 [raft-server-2] TRACE i.a.p.raft.roles.FollowerRole - RaftServer{2}{role=FOLLOWER} - Sending AppendResponse{status=OK, term=1, succeeded=true, lastLogIndex=108}
02:19:51.726 [raft-server-3] TRACE i.a.p.raft.roles.FollowerRole - RaftServer{3}{role=FOLLOWER} - Sending AppendResponse{status=OK, term=1, succeeded=true, lastLogIndex=108}
02:19:51.727 [raft-server-1] TRACE i.a.p.raft.roles.LeaderAppender - RaftServer{1} - Received AppendResponse{status=OK, term=1, succeeded=true, lastLogIndex=108} from 2
02:19:51.727 [raft-server-1] TRACE i.a.p.raft.roles.LeaderAppender - RaftServer{1} - Sending AppendRequest{term=1, leader=1, prevLogIndex=108, prevLogTerm=1, entries=0, commitIndex=108} to 2
02:19:51.727 [raft-server-1] TRACE i.a.p.raft.roles.LeaderAppender - RaftServer{1} - Received AppendResponse{status=OK, term=1, succeeded=true, lastLogIndex=108} from 3
02:19:51.727 [raft-server-2] TRACE i.a.p.raft.roles.FollowerRole - RaftServer{2}{role=FOLLOWER} - Received AppendRequest{term=1, leader=1, prevLogIndex=108, prevLogTerm=1, entries=0, commitIndex=108}
02:19:51.727 [raft-server-1] TRACE i.a.p.raft.roles.LeaderAppender - RaftServer{1} - Sending AppendRequest{term=1, leader=1, prevLogIndex=108, prevLogTerm=1, entries=0, commitIndex=108} to 3
02:19:51.727 [raft-server-2] TRACE i.a.p.raft.roles.FollowerRole - RaftServer{2}{role=FOLLOWER} - Sending AppendResponse{status=OK, term=1, succeeded=true, lastLogIndex=108}
02:19:51.727 [raft-server-3] TRACE i.a.p.raft.roles.FollowerRole - RaftServer{3}{role=FOLLOWER} - Received AppendRequest{term=1, leader=1, prevLogIndex=108, prevLogTerm=1, entries=0, commitIndex=108}
02:19:51.727 [raft-server-3] TRACE i.a.p.raft.roles.FollowerRole - RaftServer{3}{role=FOLLOWER} - Sending AppendResponse{status=OK, term=1, succeeded=true, lastLogIndex=108}
02:19:51.727 [raft-server-1] TRACE i.a.p.raft.roles.LeaderAppender - RaftServer{1} - Received AppendResponse{status=OK, term=1, succeeded=true, lastLogIndex=108} from 2
02:19:51.727 [raft-server-1] TRACE i.a.p.raft.roles.LeaderAppender - RaftServer{1} - Received AppendResponse{status=OK, term=1, succeeded=true, lastLogIndex=108} from 3
02:19:51.931 [raft-client-8d1a11e6-024d-41c6-816f-7d36669ce782-7] TRACE i.a.p.r.proxy.impl.RaftProxyManager - RaftClient{8d1a11e6-024d-41c6-816f-7d36669ce782} - Keeping 1 sessions alive
02:19:51.931 [raft-client-8d1a11e6-024d-41c6-816f-7d36669ce782-7] TRACE i.a.p.r.p.impl.RaftProxyConnection - RaftClient{8d1a11e6-024d-41c6-816f-7d36669ce782} - Sending KeepAliveRequest{sessionIds=long[]{length=1, hash=33}, commandSequences=long[]{length=1, hash=131}, eventIndexes=long[]{length=1, hash=33}} to 1
02:19:51.931 [raft-server-1] TRACE i.a.protocols.raft.roles.LeaderRole - RaftServer{1}{role=LEADER} - Received KeepAliveRequest{sessionIds=long[]{length=1, hash=33}, commandSequences=long[]{length=1, hash=131}, eventIndexes=long[]{length=1, hash=33}}
02:19:51.931 [raft-server-1] TRACE i.a.protocols.raft.roles.LeaderRole - RaftServer{1}{role=LEADER} - Appended Indexed{index=109, entry=KeepAliveEntry{term=1, timestamp=2018-06-01 02:19:51,931, sessionIds=long[]{length=1, hash=33}, commandSequences=long[]{length=1, hash=131}, eventIndexes=long[]{length=1, hash=33}}}
02:19:51.932 [raft-server-1] TRACE i.a.p.raft.roles.LeaderAppender - RaftServer{1} - Sending AppendRequest{term=1, leader=1, prevLogIndex=108, prevLogTerm=1, entries=1, commitIndex=108} to 2
02:19:51.932 [raft-server-2] TRACE i.a.p.raft.roles.FollowerRole - RaftServer{2}{role=FOLLOWER} - Received AppendRequest{term=1, leader=1, prevLogIndex=108, prevLogTerm=1, entries=1, commitIndex=108}
02:19:51.932 [raft-server-1] TRACE i.a.p.raft.roles.LeaderAppender - RaftServer{1} - Sending AppendRequest{term=1, leader=1, prevLogIndex=108, prevLogTerm=1, entries=1, commitIndex=108} to 3
02:19:51.932 [raft-server-3] TRACE i.a.p.raft.roles.FollowerRole - RaftServer{3}{role=FOLLOWER} - Received AppendRequest{term=1, leader=1, prevLogIndex=108, prevLogTerm=1, entries=1, commitIndex=108}
02:19:51.932 [raft-server-2] TRACE i.a.p.raft.roles.FollowerRole - RaftServer{2}{role=FOLLOWER} - Appended Indexed{index=109, entry=KeepAliveEntry{term=1, timestamp=2018-06-01 02:19:51,931, sessionIds=long[]{length=1, hash=33}, commandSequences=long[]{length=1, hash=131}, eventIndexes=long[]{length=1, hash=33}}}
02:19:51.932 [raft-server-2] TRACE i.a.p.raft.roles.FollowerRole - RaftServer{2}{role=FOLLOWER} - Sending AppendResponse{status=OK, term=1, succeeded=true, lastLogIndex=109}
02:19:51.932 [raft-server-3] TRACE i.a.p.raft.roles.FollowerRole - RaftServer{3}{role=FOLLOWER} - Appended Indexed{index=109, entry=KeepAliveEntry{term=1, timestamp=2018-06-01 02:19:51,931, sessionIds=long[]{length=1, hash=33}, commandSequences=long[]{length=1, hash=131}, eventIndexes=long[]{length=1, hash=33}}}
02:19:51.932 [raft-server-3] TRACE i.a.p.raft.roles.FollowerRole - RaftServer{3}{role=FOLLOWER} - Sending AppendResponse{status=OK, term=1, succeeded=true, lastLogIndex=109}
02:19:51.932 [raft-server-1] TRACE i.a.p.raft.roles.LeaderAppender - RaftServer{1} - Received AppendResponse{status=OK, term=1, succeeded=true, lastLogIndex=109} from 2
02:19:51.933 [raft-server-1] TRACE i.a.p.raft.roles.LeaderAppender - RaftServer{1} - Committed entries up to 109
02:19:51.965 [raft-server-1] TRACE i.a.p.raft.roles.LeaderAppender - RaftServer{1} - Received AppendResponse{status=OK, term=1, succeeded=true, lastLogIndex=109} from 3
02:19:51.965 [raft-server-1-state] TRACE i.a.p.raft.impl.RaftServiceManager - RaftServer{1} - Applying Indexed{index=109, entry=KeepAliveEntry{term=1, timestamp=2018-06-01 02:19:51,931, sessionIds=long[]{length=1, hash=33}, commandSequences=long[]{length=1, hash=131}, eventIndexes=long[]{length=1, hash=33}}}
02:19:51.966 [raft-server-1] TRACE i.a.protocols.raft.roles.LeaderRole - RaftServer{1}{role=LEADER} - Sending KeepAliveResponse{status=OK, leader=1, members=[2, 1, 3], sessionIds=long[]{length=1, hash=33}}
02:19:51.966 [raft-client-8d1a11e6-024d-41c6-816f-7d36669ce782-6] TRACE i.a.p.r.p.impl.RaftProxyConnection - RaftClient{8d1a11e6-024d-41c6-816f-7d36669ce782} - Received KeepAliveResponse{status=OK, leader=1, members=[2, 1, 3], sessionIds=long[]{length=1, hash=33}} from 1
02:19:51.976 [raft-server-1] TRACE i.a.p.raft.roles.LeaderAppender - RaftServer{1} - Sending AppendRequest{term=1, leader=1, prevLogIndex=109, prevLogTerm=1, entries=0, commitIndex=109} to 2
02:19:51.976 [raft-server-1] TRACE i.a.p.raft.roles.LeaderAppender - RaftServer{1} - Sending AppendRequest{term=1, leader=1, prevLogIndex=109, prevLogTerm=1, entries=0, commitIndex=109} to 3
02:19:51.976 [raft-server-2] TRACE i.a.p.raft.roles.FollowerRole - RaftServer{2}{role=FOLLOWER} - Received AppendRequest{term=1, leader=1, prevLogIndex=109, prevLogTerm=1, entries=0, commitIndex=109}
02:19:51.977 [raft-server-3] TRACE i.a.p.raft.roles.FollowerRole - RaftServer{3}{role=FOLLOWER} - Received AppendRequest{term=1, leader=1, prevLogIndex=109, prevLogTerm=1, entries=0, commitIndex=109}
02:19:52.006 [raft-server-2] TRACE i.a.p.raft.roles.FollowerRole - RaftServer{2}{role=FOLLOWER} - Committed entries up to index 109
02:19:52.007 [raft-server-3] TRACE i.a.p.raft.roles.FollowerRole - RaftServer{3}{role=FOLLOWER} - Committed entries up to index 109
02:19:52.007 [raft-server-2] TRACE i.a.p.raft.roles.FollowerRole - RaftServer{2}{role=FOLLOWER} - Sending AppendResponse{status=OK, term=1, succeeded=true, lastLogIndex=109}
02:19:52.007 [raft-server-3] TRACE i.a.p.raft.roles.FollowerRole - RaftServer{3}{role=FOLLOWER} - Sending AppendResponse{status=OK, term=1, succeeded=true, lastLogIndex=109}
02:19:52.007 [raft-server-1] TRACE i.a.p.raft.roles.LeaderAppender - RaftServer{1} - Received AppendResponse{status=OK, term=1, succeeded=true, lastLogIndex=109} from 2
02:19:52.007 [raft-server-2-state] TRACE i.a.p.raft.impl.RaftServiceManager - RaftServer{2} - Applying Indexed{index=109, entry=KeepAliveEntry{term=1, timestamp=2018-06-01 02:19:51,931, sessionIds=long[]{length=1, hash=33}, commandSequences=long[]{length=1, hash=131}, eventIndexes=long[]{length=1, hash=33}}}
02:19:52.007 [raft-server-1] TRACE i.a.p.raft.roles.LeaderAppender - RaftServer{1} - Sending AppendRequest{term=1, leader=1, prevLogIndex=109, prevLogTerm=1, entries=0, commitIndex=109} to 2
02:19:52.007 [raft-server-3-state] TRACE i.a.p.raft.impl.RaftServiceManager - RaftServer{3} - Applying Indexed{index=109, entry=KeepAliveEntry{term=1, timestamp=2018-06-01 02:19:51,931, sessionIds=long[]{length=1, hash=33}, commandSequences=long[]{length=1, hash=131}, eventIndexes=long[]{length=1, hash=33}}}
02:19:52.007 [raft-server-2] TRACE i.a.p.raft.roles.FollowerRole - RaftServer{2}{role=FOLLOWER} - Received AppendRequest{term=1, leader=1, prevLogIndex=109, prevLogTerm=1, entries=0, commitIndex=109}
02:19:52.007 [raft-server-1] TRACE i.a.p.raft.roles.LeaderAppender - RaftServer{1} - Received AppendResponse{status=OK, term=1, succeeded=true, lastLogIndex=109} from 3
02:19:52.007 [raft-server-2] TRACE i.a.p.raft.roles.FollowerRole - RaftServer{2}{role=FOLLOWER} - Sending AppendResponse{status=OK, term=1, succeeded=true, lastLogIndex=109}
02:19:52.007 [raft-server-1] TRACE i.a.p.raft.roles.LeaderAppender - RaftServer{1} - Sending AppendRequest{term=1, leader=1, prevLogIndex=109, prevLogTerm=1, entries=0, commitIndex=109} to 3
02:19:52.007 [raft-server-1] TRACE i.a.p.raft.roles.LeaderAppender - RaftServer{1} - Received AppendResponse{status=OK, term=1, succeeded=true, lastLogIndex=109} from 2
02:19:52.007 [raft-server-3] TRACE i.a.p.raft.roles.FollowerRole - RaftServer{3}{role=FOLLOWER} - Received AppendRequest{term=1, leader=1, prevLogIndex=109, prevLogTerm=1, entries=0, commitIndex=109}
02:19:52.008 [raft-server-3] TRACE i.a.p.raft.roles.FollowerRole - RaftServer{3}{role=FOLLOWER} - Sending AppendResponse{status=OK, term=1, succeeded=true, lastLogIndex=109}
02:19:52.008 [raft-server-1] TRACE i.a.p.raft.roles.LeaderAppender - RaftServer{1} - Received AppendResponse{status=OK, term=1, succeeded=true, lastLogIndex=109} from 3
02:19:52.226 [raft-server-1] TRACE i.a.p.raft.roles.LeaderAppender - RaftServer{1} - Sending AppendRequest{term=1, leader=1, prevLogIndex=109, prevLogTerm=1, entries=0, commitIndex=109} to 2
02:19:52.226 [raft-server-1] TRACE i.a.p.raft.roles.LeaderAppender - RaftServer{1} - Sending AppendRequest{term=1, leader=1, prevLogIndex=109, prevLogTerm=1, entries=0, commitIndex=109} to 3
02:19:52.226 [raft-server-2] TRACE i.a.p.raft.roles.FollowerRole - RaftServer{2}{role=FOLLOWER} - Received AppendRequest{term=1, leader=1, prevLogIndex=109, prevLogTerm=1, entries=0, commitIndex=109}
02:19:52.226 [raft-server-3] TRACE i.a.p.raft.roles.FollowerRole - RaftServer{3}{role=FOLLOWER} - Received AppendRequest{term=1, leader=1, prevLogIndex=109, prevLogTerm=1, entries=0, commitIndex=109}
02:19:52.227 [raft-server-2] TRACE i.a.p.raft.roles.FollowerRole - RaftServer{2}{role=FOLLOWER} - Sending AppendResponse{status=OK, term=1, succeeded=true, lastLogIndex=109}
02:19:52.227 [raft-server-3] TRACE i.a.p.raft.roles.FollowerRole - RaftServer{3}{role=FOLLOWER} - Sending AppendResponse{status=OK, term=1, succeeded=true, lastLogIndex=109}
02:19:52.227 [raft-server-1] TRACE i.a.p.raft.roles.LeaderAppender - RaftServer{1} - Received AppendResponse{status=OK, term=1, succeeded=true, lastLogIndex=109} from 2
02:19:52.227 [raft-server-1] TRACE i.a.p.raft.roles.LeaderAppender - RaftServer{1} - Sending AppendRequest{term=1, leader=1, prevLogIndex=109, prevLogTerm=1, entries=0, commitIndex=109} to 2
02:19:52.227 [raft-server-1] TRACE i.a.p.raft.roles.LeaderAppender - RaftServer{1} - Received AppendResponse{status=OK, term=1, succeeded=true, lastLogIndex=109} from 3
02:19:52.227 [raft-server-2] TRACE i.a.p.raft.roles.FollowerRole - RaftServer{2}{role=FOLLOWER} - Received AppendRequest{term=1, leader=1, prevLogIndex=109, prevLogTerm=1, entries=0, commitIndex=109}
02:19:52.227 [raft-server-1] TRACE i.a.p.raft.roles.LeaderAppender - RaftServer{1} - Sending AppendRequest{term=1, leader=1, prevLogIndex=109, prevLogTerm=1, entries=0, commitIndex=109} to 3
02:19:52.227 [raft-server-2] TRACE i.a.p.raft.roles.FollowerRole - RaftServer{2}{role=FOLLOWER} - Sending AppendResponse{status=OK, term=1, succeeded=true, lastLogIndex=109}
02:19:52.227 [raft-server-3] TRACE i.a.p.raft.roles.FollowerRole - RaftServer{3}{role=FOLLOWER} - Received AppendRequest{term=1, leader=1, prevLogIndex=109, prevLogTerm=1, entries=0, commitIndex=109}
02:19:52.227 [raft-server-1] TRACE i.a.p.raft.roles.LeaderAppender - RaftServer{1} - Received AppendResponse{status=OK, term=1, succeeded=true, lastLogIndex=109} from 2
02:19:52.227 [raft-server-3] TRACE i.a.p.raft.roles.FollowerRole - RaftServer{3}{role=FOLLOWER} - Sending AppendResponse{status=OK, term=1, succeeded=true, lastLogIndex=109}
02:19:52.228 [raft-server-1] TRACE i.a.p.raft.roles.LeaderAppender - RaftServer{1} - Received AppendResponse{status=OK, term=1, succeeded=true, lastLogIndex=109} from 3
02:19:52.476 [raft-server-1] TRACE i.a.p.raft.roles.LeaderAppender - RaftServer{1} - Sending AppendRequest{term=1, leader=1, prevLogIndex=109, prevLogTerm=1, entries=0, commitIndex=109} to 2
02:19:52.476 [raft-server-1] TRACE i.a.p.raft.roles.LeaderAppender - RaftServer{1} - Sending AppendRequest{term=1, leader=1, prevLogIndex=109, prevLogTerm=1, entries=0, commitIndex=109} to 3
02:19:52.476 [raft-server-2] TRACE i.a.p.raft.roles.FollowerRole - RaftServer{2}{role=FOLLOWER} - Received AppendRequest{term=1, leader=1, prevLogIndex=109, prevLogTerm=1, entries=0, commitIndex=109}
02:19:52.477 [raft-server-3] TRACE i.a.p.raft.roles.FollowerRole - RaftServer{3}{role=FOLLOWER} - Received AppendRequest{term=1, leader=1, prevLogIndex=109, prevLogTerm=1, entries=0, commitIndex=109}
02:19:52.477 [raft-server-2] TRACE i.a.p.raft.roles.FollowerRole - RaftServer{2}{role=FOLLOWER} - Sending AppendResponse{status=OK, term=1, succeeded=true, lastLogIndex=109}
02:19:52.477 [raft-server-3] TRACE i.a.p.raft.roles.FollowerRole - RaftServer{3}{role=FOLLOWER} - Sending AppendResponse{status=OK, term=1, succeeded=true, lastLogIndex=109}
02:19:52.477 [raft-server-1] TRACE i.a.p.raft.roles.LeaderAppender - RaftServer{1} - Received AppendResponse{status=OK, term=1, succeeded=true, lastLogIndex=109} from 2
02:19:52.477 [raft-server-1] TRACE i.a.p.raft.roles.LeaderAppender - RaftServer{1} - Sending AppendRequest{term=1, leader=1, prevLogIndex=109, prevLogTerm=1, entries=0, commitIndex=109} to 2
02:19:52.477 [raft-server-2] TRACE i.a.p.raft.roles.FollowerRole - RaftServer{2}{role=FOLLOWER} - Received AppendRequest{term=1, leader=1, prevLogIndex=109, prevLogTerm=1, entries=0, commitIndex=109}
02:19:52.477 [raft-server-1] TRACE i.a.p.raft.roles.LeaderAppender - RaftServer{1} - Received AppendResponse{status=OK, term=1, succeeded=true, lastLogIndex=109} from 3
02:19:52.477 [raft-server-2] TRACE i.a.p.raft.roles.FollowerRole - RaftServer{2}{role=FOLLOWER} - Sending AppendResponse{status=OK, term=1, succeeded=true, lastLogIndex=109}
02:19:52.477 [raft-server-1] TRACE i.a.p.raft.roles.LeaderAppender - RaftServer{1} - Sending AppendRequest{term=1, leader=1, prevLogIndex=109, prevLogTerm=1, entries=0, commitIndex=109} to 3
02:19:52.477 [raft-server-1] TRACE i.a.p.raft.roles.LeaderAppender - RaftServer{1} - Received AppendResponse{status=OK, term=1, succeeded=true, lastLogIndex=109} from 2
02:19:52.477 [raft-server-3] TRACE i.a.p.raft.roles.FollowerRole - RaftServer{3}{role=FOLLOWER} - Received AppendRequest{term=1, leader=1, prevLogIndex=109, prevLogTerm=1, entries=0, commitIndex=109}
02:19:52.477 [raft-server-3] TRACE i.a.p.raft.roles.FollowerRole - RaftServer{3}{role=FOLLOWER} - Sending AppendResponse{status=OK, term=1, succeeded=true, lastLogIndex=109}
02:19:52.478 [raft-server-1] TRACE i.a.p.raft.roles.LeaderAppender - RaftServer{1} - Received AppendResponse{status=OK, term=1, succeeded=true, lastLogIndex=109} from 3
02:19:52.726 [raft-server-1] TRACE i.a.p.raft.roles.LeaderAppender - RaftServer{1} - Sending AppendRequest{term=1, leader=1, prevLogIndex=109, prevLogTerm=1, entries=0, commitIndex=109} to 2
02:19:52.726 [raft-server-1] TRACE i.a.p.raft.roles.LeaderAppender - RaftServer{1} - Sending AppendRequest{term=1, leader=1, prevLogIndex=109, prevLogTerm=1, entries=0, commitIndex=109} to 3
02:19:52.726 [raft-server-3] TRACE i.a.p.raft.roles.FollowerRole - RaftServer{3}{role=FOLLOWER} - Received AppendRequest{term=1, leader=1, prevLogIndex=109, prevLogTerm=1, entries=0, commitIndex=109}
02:19:52.726 [raft-server-2] TRACE i.a.p.raft.roles.FollowerRole - RaftServer{2}{role=FOLLOWER} - Received AppendRequest{term=1, leader=1, prevLogIndex=109, prevLogTerm=1, entries=0, commitIndex=109}
02:19:52.727 [raft-server-3] TRACE i.a.p.raft.roles.FollowerRole - RaftServer{3}{role=FOLLOWER} - Sending AppendResponse{status=OK, term=1, succeeded=true, lastLogIndex=109}
02:19:52.727 [raft-server-2] TRACE i.a.p.raft.roles.FollowerRole - RaftServer{2}{role=FOLLOWER} - Sending AppendResponse{status=OK, term=1, succeeded=true, lastLogIndex=109}
02:19:52.727 [raft-server-1] TRACE i.a.p.raft.roles.LeaderAppender - RaftServer{1} - Received AppendResponse{status=OK, term=1, succeeded=true, lastLogIndex=109} from 3
02:19:52.727 [raft-server-1] TRACE i.a.p.raft.roles.LeaderAppender - RaftServer{1} - Sending AppendRequest{term=1, leader=1, prevLogIndex=109, prevLogTerm=1, entries=0, commitIndex=109} to 3
02:19:52.727 [raft-server-1] TRACE i.a.p.raft.roles.LeaderAppender - RaftServer{1} - Received AppendResponse{status=OK, term=1, succeeded=true, lastLogIndex=109} from 2
02:19:52.727 [raft-server-3] TRACE i.a.p.raft.roles.FollowerRole - RaftServer{3}{role=FOLLOWER} - Received AppendRequest{term=1, leader=1, prevLogIndex=109, prevLogTerm=1, entries=0, commitIndex=109}
02:19:52.727 [raft-server-1] TRACE i.a.p.raft.roles.LeaderAppender - RaftServer{1} - Sending AppendRequest{term=1, leader=1, prevLogIndex=109, prevLogTerm=1, entries=0, commitIndex=109} to 2
02:19:52.727 [raft-server-3] TRACE i.a.p.raft.roles.FollowerRole - RaftServer{3}{role=FOLLOWER} - Sending AppendResponse{status=OK, term=1, succeeded=true, lastLogIndex=109}
02:19:52.727 [raft-server-2] TRACE i.a.p.raft.roles.FollowerRole - RaftServer{2}{role=FOLLOWER} - Received AppendRequest{term=1, leader=1, prevLogIndex=109, prevLogTerm=1, entries=0, commitIndex=109}
02:19:52.727 [raft-server-1] TRACE i.a.p.raft.roles.LeaderAppender - RaftServer{1} - Received AppendResponse{status=OK, term=1, succeeded=true, lastLogIndex=109} from 3
02:19:52.727 [raft-server-2] TRACE i.a.p.raft.roles.FollowerRole - RaftServer{2}{role=FOLLOWER} - Sending AppendResponse{status=OK, term=1, succeeded=true, lastLogIndex=109}
02:19:52.727 [raft-server-1] TRACE i.a.p.raft.roles.LeaderAppender - RaftServer{1} - Received AppendResponse{status=OK, term=1, succeeded=true, lastLogIndex=109} from 2
02:19:52.976 [raft-server-1] TRACE i.a.p.raft.roles.LeaderAppender - RaftServer{1} - Sending AppendRequest{term=1, leader=1, prevLogIndex=109, prevLogTerm=1, entries=0, commitIndex=109} to 2
02:19:52.976 [raft-server-1] TRACE i.a.p.raft.roles.LeaderAppender - RaftServer{1} - Sending AppendRequest{term=1, leader=1, prevLogIndex=109, prevLogTerm=1, entries=0, commitIndex=109} to 3
02:19:52.976 [raft-server-3] TRACE i.a.p.raft.roles.FollowerRole - RaftServer{3}{role=FOLLOWER} - Received AppendRequest{term=1, leader=1, prevLogIndex=109, prevLogTerm=1, entries=0, commitIndex=109}
02:19:52.976 [raft-server-2] TRACE i.a.p.raft.roles.FollowerRole - RaftServer{2}{role=FOLLOWER} - Received AppendRequest{term=1, leader=1, prevLogIndex=109, prevLogTerm=1, entries=0, commitIndex=109}
02:19:52.976 [raft-server-3] TRACE i.a.p.raft.roles.FollowerRole - RaftServer{3}{role=FOLLOWER} - Sending AppendResponse{status=OK, term=1, succeeded=true, lastLogIndex=109}
02:19:52.976 [raft-server-2] TRACE i.a.p.raft.roles.FollowerRole - RaftServer{2}{role=FOLLOWER} - Sending AppendResponse{status=OK, term=1, succeeded=true, lastLogIndex=109}
02:19:52.977 [raft-server-1] TRACE i.a.p.raft.roles.LeaderAppender - RaftServer{1} - Received AppendResponse{status=OK, term=1, succeeded=true, lastLogIndex=109} from 3
02:19:52.977 [raft-server-1] TRACE i.a.p.raft.roles.LeaderAppender - RaftServer{1} - Sending AppendRequest{term=1, leader=1, prevLogIndex=109, prevLogTerm=1, entries=0, commitIndex=109} to 3
02:19:52.977 [raft-server-1] TRACE i.a.p.raft.roles.LeaderAppender - RaftServer{1} - Received AppendResponse{status=OK, term=1, succeeded=true, lastLogIndex=109} from 2
02:19:52.977 [raft-server-3] TRACE i.a.p.raft.roles.FollowerRole - RaftServer{3}{role=FOLLOWER} - Received AppendRequest{term=1, leader=1, prevLogIndex=109, prevLogTerm=1, entries=0, commitIndex=109}
02:19:52.977 [raft-server-1] TRACE i.a.p.raft.roles.LeaderAppender - RaftServer{1} - Sending AppendRequest{term=1, leader=1, prevLogIndex=109, prevLogTerm=1, entries=0, commitIndex=109} to 2
02:19:52.977 [raft-server-3] TRACE i.a.p.raft.roles.FollowerRole - RaftServer{3}{role=FOLLOWER} - Sending AppendResponse{status=OK, term=1, succeeded=true, lastLogIndex=109}
02:19:52.977 [raft-server-2] TRACE i.a.p.raft.roles.FollowerRole - RaftServer{2}{role=FOLLOWER} - Received AppendRequest{term=1, leader=1, prevLogIndex=109, prevLogTerm=1, entries=0, commitIndex=109}
02:19:52.977 [raft-server-1] TRACE i.a.p.raft.roles.LeaderAppender - RaftServer{1} - Received AppendResponse{status=OK, term=1, succeeded=true, lastLogIndex=109} from 3
02:19:52.977 [raft-server-2] TRACE i.a.p.raft.roles.FollowerRole - RaftServer{2}{role=FOLLOWER} - Sending AppendResponse{status=OK, term=1, succeeded=true, lastLogIndex=109}
02:19:52.977 [raft-server-1] TRACE i.a.p.raft.roles.LeaderAppender - RaftServer{1} - Received AppendResponse{status=OK, term=1, succeeded=true, lastLogIndex=109} from 2
02:19:53.226 [raft-server-1] TRACE i.a.p.raft.roles.LeaderAppender - RaftServer{1} - Sending AppendRequest{term=1, leader=1, prevLogIndex=109, prevLogTerm=1, entries=0, commitIndex=109} to 2
02:19:53.226 [raft-server-1] TRACE i.a.p.raft.roles.LeaderAppender - RaftServer{1} - Sending AppendRequest{term=1, leader=1, prevLogIndex=109, prevLogTerm=1, entries=0, commitIndex=109} to 3
02:19:53.226 [raft-server-2] TRACE i.a.p.raft.roles.FollowerRole - RaftServer{2}{role=FOLLOWER} - Received AppendRequest{term=1, leader=1, prevLogIndex=109, prevLogTerm=1, entries=0, commitIndex=109}
02:19:53.226 [raft-server-3] TRACE i.a.p.raft.roles.FollowerRole - RaftServer{3}{role=FOLLOWER} - Received AppendRequest{term=1, leader=1, prevLogIndex=109, prevLogTerm=1, entries=0, commitIndex=109}
02:19:53.226 [raft-server-2] TRACE i.a.p.raft.roles.FollowerRole - RaftServer{2}{role=FOLLOWER} - Sending AppendResponse{status=OK, term=1, succeeded=true, lastLogIndex=109}
02:19:53.226 [raft-server-3] TRACE i.a.p.raft.roles.FollowerRole - RaftServer{3}{role=FOLLOWER} - Sending AppendResponse{status=OK, term=1, succeeded=true, lastLogIndex=109}
02:19:53.227 [raft-server-1] TRACE i.a.p.raft.roles.LeaderAppender - RaftServer{1} - Received AppendResponse{status=OK, term=1, succeeded=true, lastLogIndex=109} from 2
02:19:53.227 [raft-server-1] TRACE i.a.p.raft.roles.LeaderAppender - RaftServer{1} - Sending AppendRequest{term=1, leader=1, prevLogIndex=109, prevLogTerm=1, entries=0, commitIndex=109} to 2
02:19:53.227 [raft-server-1] TRACE i.a.p.raft.roles.LeaderAppender - RaftServer{1} - Received AppendResponse{status=OK, term=1, succeeded=true, lastLogIndex=109} from 3
02:19:53.227 [raft-server-2] TRACE i.a.p.raft.roles.FollowerRole - RaftServer{2}{role=FOLLOWER} - Received AppendRequest{term=1, leader=1, prevLogIndex=109, prevLogTerm=1, entries=0, commitIndex=109}
02:19:53.227 [raft-server-1] TRACE i.a.p.raft.roles.LeaderAppender - RaftServer{1} - Sending AppendRequest{term=1, leader=1, prevLogIndex=109, prevLogTerm=1, entries=0, commitIndex=109} to 3
02:19:53.227 [raft-server-2] TRACE i.a.p.raft.roles.FollowerRole - RaftServer{2}{role=FOLLOWER} - Sending AppendResponse{status=OK, term=1, succeeded=true, lastLogIndex=109}
02:19:53.227 [raft-server-3] TRACE i.a.p.raft.roles.FollowerRole - RaftServer{3}{role=FOLLOWER} - Received AppendRequest{term=1, leader=1, prevLogIndex=109, prevLogTerm=1, entries=0, commitIndex=109}
02:19:53.227 [raft-server-1] TRACE i.a.p.raft.roles.LeaderAppender - RaftServer{1} - Received AppendResponse{status=OK, term=1, succeeded=true, lastLogIndex=109} from 2
02:19:53.227 [raft-server-3] TRACE i.a.p.raft.roles.FollowerRole - RaftServer{3}{role=FOLLOWER} - Sending AppendResponse{status=OK, term=1, succeeded=true, lastLogIndex=109}
02:19:53.227 [raft-server-1] TRACE i.a.p.raft.roles.LeaderAppender - RaftServer{1} - Received AppendResponse{status=OK, term=1, succeeded=true, lastLogIndex=109} from 3
02:19:53.476 [raft-server-1] TRACE i.a.p.raft.roles.LeaderAppender - RaftServer{1} - Sending AppendRequest{term=1, leader=1, prevLogIndex=109, prevLogTerm=1, entries=0, commitIndex=109} to 2
02:19:53.476 [raft-server-1] TRACE i.a.p.raft.roles.LeaderAppender - RaftServer{1} - Sending AppendRequest{term=1, leader=1, prevLogIndex=109, prevLogTerm=1, entries=0, commitIndex=109} to 3
02:19:53.476 [raft-server-2] TRACE i.a.p.raft.roles.FollowerRole - RaftServer{2}{role=FOLLOWER} - Received AppendRequest{term=1, leader=1, prevLogIndex=109, prevLogTerm=1, entries=0, commitIndex=109}
02:19:53.476 [raft-server-3] TRACE i.a.p.raft.roles.FollowerRole - RaftServer{3}{role=FOLLOWER} - Received AppendRequest{term=1, leader=1, prevLogIndex=109, prevLogTerm=1, entries=0, commitIndex=109}
02:19:53.477 [raft-server-2] TRACE i.a.p.raft.roles.FollowerRole - RaftServer{2}{role=FOLLOWER} - Sending AppendResponse{status=OK, term=1, succeeded=true, lastLogIndex=109}
02:19:53.477 [raft-server-3] TRACE i.a.p.raft.roles.FollowerRole - RaftServer{3}{role=FOLLOWER} - Sending AppendResponse{status=OK, term=1, succeeded=true, lastLogIndex=109}
02:19:53.477 [raft-server-1] TRACE i.a.p.raft.roles.LeaderAppender - RaftServer{1} - Received AppendResponse{status=OK, term=1, succeeded=true, lastLogIndex=109} from 2
02:19:53.477 [raft-server-1] TRACE i.a.p.raft.roles.LeaderAppender - RaftServer{1} - Sending AppendRequest{term=1, leader=1, prevLogIndex=109, prevLogTerm=1, entries=0, commitIndex=109} to 2
02:19:53.477 [raft-server-1] TRACE i.a.p.raft.roles.LeaderAppender - RaftServer{1} - Received AppendResponse{status=OK, term=1, succeeded=true, lastLogIndex=109} from 3
02:19:53.477 [raft-server-2] TRACE i.a.p.raft.roles.FollowerRole - RaftServer{2}{role=FOLLOWER} - Received AppendRequest{term=1, leader=1, prevLogIndex=109, prevLogTerm=1, entries=0, commitIndex=109}
02:19:53.477 [raft-server-1] TRACE i.a.p.raft.roles.LeaderAppender - RaftServer{1} - Sending AppendRequest{term=1, leader=1, prevLogIndex=109, prevLogTerm=1, entries=0, commitIndex=109} to 3
02:19:53.477 [raft-server-2] TRACE i.a.p.raft.roles.FollowerRole - RaftServer{2}{role=FOLLOWER} - Sending AppendResponse{status=OK, term=1, succeeded=true, lastLogIndex=109}
02:19:53.477 [raft-server-3] TRACE i.a.p.raft.roles.FollowerRole - RaftServer{3}{role=FOLLOWER} - Received AppendRequest{term=1, leader=1, prevLogIndex=109, prevLogTerm=1, entries=0, commitIndex=109}
02:19:53.477 [raft-server-3] TRACE i.a.p.raft.roles.FollowerRole - RaftServer{3}{role=FOLLOWER} - Sending AppendResponse{status=OK, term=1, succeeded=true, lastLogIndex=109}
02:19:53.477 [raft-server-1] TRACE i.a.p.raft.roles.LeaderAppender - RaftServer{1} - Received AppendResponse{status=OK, term=1, succeeded=true, lastLogIndex=109} from 2
02:19:53.477 [raft-server-1] TRACE i.a.p.raft.roles.LeaderAppender - RaftServer{1} - Received AppendResponse{status=OK, term=1, succeeded=true, lastLogIndex=109} from 3
02:19:53.726 [raft-server-1] TRACE i.a.p.raft.roles.LeaderAppender - RaftServer{1} - Sending AppendRequest{term=1, leader=1, prevLogIndex=109, prevLogTerm=1, entries=0, commitIndex=109} to 2
02:19:53.726 [raft-server-1] TRACE i.a.p.raft.roles.LeaderAppender - RaftServer{1} - Sending AppendRequest{term=1, leader=1, prevLogIndex=109, prevLogTerm=1, entries=0, commitIndex=109} to 3
02:19:53.726 [raft-server-2] TRACE i.a.p.raft.roles.FollowerRole - RaftServer{2}{role=FOLLOWER} - Received AppendRequest{term=1, leader=1, prevLogIndex=109, prevLogTerm=1, entries=0, commitIndex=109}
02:19:53.726 [raft-server-3] TRACE i.a.p.raft.roles.FollowerRole - RaftServer{3}{role=FOLLOWER} - Received AppendRequest{term=1, leader=1, prevLogIndex=109, prevLogTerm=1, entries=0, commitIndex=109}
02:19:53.727 [raft-server-2] TRACE i.a.p.raft.roles.FollowerRole - RaftServer{2}{role=FOLLOWER} - Sending AppendResponse{status=OK, term=1, succeeded=true, lastLogIndex=109}
02:19:53.727 [raft-server-3] TRACE i.a.p.raft.roles.FollowerRole - RaftServer{3}{role=FOLLOWER} - Sending AppendResponse{status=OK, term=1, succeeded=true, lastLogIndex=109}
02:19:53.727 [raft-server-1] TRACE i.a.p.raft.roles.LeaderAppender - RaftServer{1} - Received AppendResponse{status=OK, term=1, succeeded=true, lastLogIndex=109} from 2
02:19:53.727 [raft-server-1] TRACE i.a.p.raft.roles.LeaderAppender - RaftServer{1} - Sending AppendRequest{term=1, leader=1, prevLogIndex=109, prevLogTerm=1, entries=0, commitIndex=109} to 2
02:19:53.727 [raft-server-2] TRACE i.a.p.raft.roles.FollowerRole - RaftServer{2}{role=FOLLOWER} - Received AppendRequest{term=1, leader=1, prevLogIndex=109, prevLogTerm=1, entries=0, commitIndex=109}
02:19:53.727 [raft-server-1] TRACE i.a.p.raft.roles.LeaderAppender - RaftServer{1} - Received AppendResponse{status=OK, term=1, succeeded=true, lastLogIndex=109} from 3
02:19:53.727 [raft-server-2] TRACE i.a.p.raft.roles.FollowerRole - RaftServer{2}{role=FOLLOWER} - Sending AppendResponse{status=OK, term=1, succeeded=true, lastLogIndex=109}
02:19:53.727 [raft-server-1] TRACE i.a.p.raft.roles.LeaderAppender - RaftServer{1} - Sending AppendRequest{term=1, leader=1, prevLogIndex=109, prevLogTerm=1, entries=0, commitIndex=109} to 3
02:19:53.727 [raft-server-3] TRACE i.a.p.raft.roles.FollowerRole - RaftServer{3}{role=FOLLOWER} - Received AppendRequest{term=1, leader=1, prevLogIndex=109, prevLogTerm=1, entries=0, commitIndex=109}
02:19:53.727 [raft-server-1] TRACE i.a.p.raft.roles.LeaderAppender - RaftServer{1} - Received AppendResponse{status=OK, term=1, succeeded=true, lastLogIndex=109} from 2
02:19:53.727 [raft-server-3] TRACE i.a.p.raft.roles.FollowerRole - RaftServer{3}{role=FOLLOWER} - Sending AppendResponse{status=OK, term=1, succeeded=true, lastLogIndex=109}
02:19:53.728 [raft-server-1] TRACE i.a.p.raft.roles.LeaderAppender - RaftServer{1} - Received AppendResponse{status=OK, term=1, succeeded=true, lastLogIndex=109} from 3
02:19:53.976 [raft-server-1] TRACE i.a.p.raft.roles.LeaderAppender - RaftServer{1} - Sending AppendRequest{term=1, leader=1, prevLogIndex=109, prevLogTerm=1, entries=0, commitIndex=109} to 2
02:19:53.976 [raft-server-1] TRACE i.a.p.raft.roles.LeaderAppender - RaftServer{1} - Sending AppendRequest{term=1, leader=1, prevLogIndex=109, prevLogTerm=1, entries=0, commitIndex=109} to 3
02:19:53.976 [raft-server-3] TRACE i.a.p.raft.roles.FollowerRole - RaftServer{3}{role=FOLLOWER} - Received AppendRequest{term=1, leader=1, prevLogIndex=109, prevLogTerm=1, entries=0, commitIndex=109}
02:19:53.976 [raft-server-2] TRACE i.a.p.raft.roles.FollowerRole - RaftServer{2}{role=FOLLOWER} - Received AppendRequest{term=1, leader=1, prevLogIndex=109, prevLogTerm=1, entries=0, commitIndex=109}
02:19:53.976 [raft-server-3] TRACE i.a.p.raft.roles.FollowerRole - RaftServer{3}{role=FOLLOWER} - Sending AppendResponse{status=OK, term=1, succeeded=true, lastLogIndex=109}
02:19:53.976 [raft-server-2] TRACE i.a.p.raft.roles.FollowerRole - RaftServer{2}{role=FOLLOWER} - Sending AppendResponse{status=OK, term=1, succeeded=true, lastLogIndex=109}
02:19:53.977 [raft-server-1] TRACE i.a.p.raft.roles.LeaderAppender - RaftServer{1} - Received AppendResponse{status=OK, term=1, succeeded=true, lastLogIndex=109} from 3
02:19:53.977 [raft-server-1] TRACE i.a.p.raft.roles.LeaderAppender - RaftServer{1} - Sending AppendRequest{term=1, leader=1, prevLogIndex=109, prevLogTerm=1, entries=0, commitIndex=109} to 3
02:19:53.977 [raft-server-3] TRACE i.a.p.raft.roles.FollowerRole - RaftServer{3}{role=FOLLOWER} - Received AppendRequest{term=1, leader=1, prevLogIndex=109, prevLogTerm=1, entries=0, commitIndex=109}
02:19:53.977 [raft-server-1] TRACE i.a.p.raft.roles.LeaderAppender - RaftServer{1} - Received AppendResponse{status=OK, term=1, succeeded=true, lastLogIndex=109} from 2
02:19:53.977 [raft-server-3] TRACE i.a.p.raft.roles.FollowerRole - RaftServer{3}{role=FOLLOWER} - Sending AppendResponse{status=OK, term=1, succeeded=true, lastLogIndex=109}
02:19:53.977 [raft-server-1] TRACE i.a.p.raft.roles.LeaderAppender - RaftServer{1} - Sending AppendRequest{term=1, leader=1, prevLogIndex=109, prevLogTerm=1, entries=0, commitIndex=109} to 2
02:19:53.977 [raft-server-1] TRACE i.a.p.raft.roles.LeaderAppender - RaftServer{1} - Received AppendResponse{status=OK, term=1, succeeded=true, lastLogIndex=109} from 3
02:19:53.977 [raft-server-2] TRACE i.a.p.raft.roles.FollowerRole - RaftServer{2}{role=FOLLOWER} - Received AppendRequest{term=1, leader=1, prevLogIndex=109, prevLogTerm=1, entries=0, commitIndex=109}
02:19:53.977 [raft-server-2] TRACE i.a.p.raft.roles.FollowerRole - RaftServer{2}{role=FOLLOWER} - Sending AppendResponse{status=OK, term=1, succeeded=true, lastLogIndex=109}
02:19:53.977 [raft-server-1] TRACE i.a.p.raft.roles.LeaderAppender - RaftServer{1} - Received AppendResponse{status=OK, term=1, succeeded=true, lastLogIndex=109} from 2
02:19:54.226 [raft-server-1] TRACE i.a.p.raft.roles.LeaderAppender - RaftServer{1} - Sending AppendRequest{term=1, leader=1, prevLogIndex=109, prevLogTerm=1, entries=0, commitIndex=109} to 2
02:19:54.226 [raft-server-1] TRACE i.a.p.raft.roles.LeaderAppender - RaftServer{1} - Sending AppendRequest{term=1, leader=1, prevLogIndex=109, prevLogTerm=1, entries=0, commitIndex=109} to 3
02:19:54.226 [raft-server-2] TRACE i.a.p.raft.roles.FollowerRole - RaftServer{2}{role=FOLLOWER} - Received AppendRequest{term=1, leader=1, prevLogIndex=109, prevLogTerm=1, entries=0, commitIndex=109}
02:19:54.226 [raft-server-3] TRACE i.a.p.raft.roles.FollowerRole - RaftServer{3}{role=FOLLOWER} - Received AppendRequest{term=1, leader=1, prevLogIndex=109, prevLogTerm=1, entries=0, commitIndex=109}
02:19:54.227 [raft-server-2] TRACE i.a.p.raft.roles.FollowerRole - RaftServer{2}{role=FOLLOWER} - Sending AppendResponse{status=OK, term=1, succeeded=true, lastLogIndex=109}
02:19:54.227 [raft-server-3] TRACE i.a.p.raft.roles.FollowerRole - RaftServer{3}{role=FOLLOWER} - Sending AppendResponse{status=OK, term=1, succeeded=true, lastLogIndex=109}
02:19:54.227 [raft-server-1] TRACE i.a.p.raft.roles.LeaderAppender - RaftServer{1} - Received AppendResponse{status=OK, term=1, succeeded=true, lastLogIndex=109} from 2
02:19:54.227 [raft-server-1] TRACE i.a.p.raft.roles.LeaderAppender - RaftServer{1} - Sending AppendRequest{term=1, leader=1, prevLogIndex=109, prevLogTerm=1, entries=0, commitIndex=109} to 2
02:19:54.227 [raft-server-1] TRACE i.a.p.raft.roles.LeaderAppender - RaftServer{1} - Received AppendResponse{status=OK, term=1, succeeded=true, lastLogIndex=109} from 3
02:19:54.227 [raft-server-2] TRACE i.a.p.raft.roles.FollowerRole - RaftServer{2}{role=FOLLOWER} - Received AppendRequest{term=1, leader=1, prevLogIndex=109, prevLogTerm=1, entries=0, commitIndex=109}
02:19:54.227 [raft-server-1] TRACE i.a.p.raft.roles.LeaderAppender - RaftServer{1} - Sending AppendRequest{term=1, leader=1, prevLogIndex=109, prevLogTerm=1, entries=0, commitIndex=109} to 3
02:19:54.227 [raft-server-2] TRACE i.a.p.raft.roles.FollowerRole - RaftServer{2}{role=FOLLOWER} - Sending AppendResponse{status=OK, term=1, succeeded=true, lastLogIndex=109}
02:19:54.227 [raft-server-3] TRACE i.a.p.raft.roles.FollowerRole - RaftServer{3}{role=FOLLOWER} - Received AppendRequest{term=1, leader=1, prevLogIndex=109, prevLogTerm=1, entries=0, commitIndex=109}
02:19:54.227 [raft-server-1] TRACE i.a.p.raft.roles.LeaderAppender - RaftServer{1} - Received AppendResponse{status=OK, term=1, succeeded=true, lastLogIndex=109} from 2
02:19:54.227 [raft-server-3] TRACE i.a.p.raft.roles.FollowerRole - RaftServer{3}{role=FOLLOWER} - Sending AppendResponse{status=OK, term=1, succeeded=true, lastLogIndex=109}
02:19:54.227 [raft-server-1] TRACE i.a.p.raft.roles.LeaderAppender - RaftServer{1} - Received AppendResponse{status=OK, term=1, succeeded=true, lastLogIndex=109} from 3
02:19:54.431 [raft-client-8d1a11e6-024d-41c6-816f-7d36669ce782-6] TRACE i.a.p.r.proxy.impl.RaftProxyManager - RaftClient{8d1a11e6-024d-41c6-816f-7d36669ce782} - Keeping 1 sessions alive
02:19:54.431 [raft-client-8d1a11e6-024d-41c6-816f-7d36669ce782-6] TRACE i.a.p.r.p.impl.RaftProxyConnection - RaftClient{8d1a11e6-024d-41c6-816f-7d36669ce782} - Sending KeepAliveRequest{sessionIds=long[]{length=1, hash=33}, commandSequences=long[]{length=1, hash=131}, eventIndexes=long[]{length=1, hash=33}} to 1
02:19:54.432 [raft-server-1] TRACE i.a.protocols.raft.roles.LeaderRole - RaftServer{1}{role=LEADER} - Received KeepAliveRequest{sessionIds=long[]{length=1, hash=33}, commandSequences=long[]{length=1, hash=131}, eventIndexes=long[]{length=1, hash=33}}
02:19:54.432 [raft-server-1] TRACE i.a.protocols.raft.roles.LeaderRole - RaftServer{1}{role=LEADER} - Appended Indexed{index=110, entry=KeepAliveEntry{term=1, timestamp=2018-06-01 02:19:54,432, sessionIds=long[]{length=1, hash=33}, commandSequences=long[]{length=1, hash=131}, eventIndexes=long[]{length=1, hash=33}}}
02:19:54.432 [raft-server-1] TRACE i.a.p.raft.roles.LeaderAppender - RaftServer{1} - Sending AppendRequest{term=1, leader=1, prevLogIndex=109, prevLogTerm=1, entries=1, commitIndex=109} to 2
02:19:54.432 [raft-server-1] TRACE i.a.p.raft.roles.LeaderAppender - RaftServer{1} - Sending AppendRequest{term=1, leader=1, prevLogIndex=109, prevLogTerm=1, entries=1, commitIndex=109} to 3
02:19:54.432 [raft-server-2] TRACE i.a.p.raft.roles.FollowerRole - RaftServer{2}{role=FOLLOWER} - Received AppendRequest{term=1, leader=1, prevLogIndex=109, prevLogTerm=1, entries=1, commitIndex=109}
02:19:54.432 [raft-server-3] TRACE i.a.p.raft.roles.FollowerRole - RaftServer{3}{role=FOLLOWER} - Received AppendRequest{term=1, leader=1, prevLogIndex=109, prevLogTerm=1, entries=1, commitIndex=109}
02:19:54.433 [raft-server-2] TRACE i.a.p.raft.roles.FollowerRole - RaftServer{2}{role=FOLLOWER} - Appended Indexed{index=110, entry=KeepAliveEntry{term=1, timestamp=2018-06-01 02:19:54,432, sessionIds=long[]{length=1, hash=33}, commandSequences=long[]{length=1, hash=131}, eventIndexes=long[]{length=1, hash=33}}}
02:19:54.433 [raft-server-3] TRACE i.a.p.raft.roles.FollowerRole - RaftServer{3}{role=FOLLOWER} - Appended Indexed{index=110, entry=KeepAliveEntry{term=1, timestamp=2018-06-01 02:19:54,432, sessionIds=long[]{length=1, hash=33}, commandSequences=long[]{length=1, hash=131}, eventIndexes=long[]{length=1, hash=33}}}
02:19:54.433 [raft-server-2] TRACE i.a.p.raft.roles.FollowerRole - RaftServer{2}{role=FOLLOWER} - Sending AppendResponse{status=OK, term=1, succeeded=true, lastLogIndex=110}
02:19:54.433 [raft-server-3] TRACE i.a.p.raft.roles.FollowerRole - RaftServer{3}{role=FOLLOWER} - Sending AppendResponse{status=OK, term=1, succeeded=true, lastLogIndex=110}
02:19:54.433 [raft-server-1] TRACE i.a.p.raft.roles.LeaderAppender - RaftServer{1} - Received AppendResponse{status=OK, term=1, succeeded=true, lastLogIndex=110} from 2
02:19:54.433 [raft-server-1] TRACE i.a.p.raft.roles.LeaderAppender - RaftServer{1} - Committed entries up to 110
02:19:54.465 [raft-server-1] TRACE i.a.p.raft.roles.LeaderAppender - RaftServer{1} - Received AppendResponse{status=OK, term=1, succeeded=true, lastLogIndex=110} from 3
02:19:54.465 [raft-server-1-state] TRACE i.a.p.raft.impl.RaftServiceManager - RaftServer{1} - Applying Indexed{index=110, entry=KeepAliveEntry{term=1, timestamp=2018-06-01 02:19:54,432, sessionIds=long[]{length=1, hash=33}, commandSequences=long[]{length=1, hash=131}, eventIndexes=long[]{length=1, hash=33}}}
02:19:54.465 [raft-server-1] TRACE i.a.protocols.raft.roles.LeaderRole - RaftServer{1}{role=LEADER} - Sending KeepAliveResponse{status=OK, leader=1, members=[2, 1, 3], sessionIds=long[]{length=1, hash=33}}
02:19:54.465 [raft-client-8d1a11e6-024d-41c6-816f-7d36669ce782-5] TRACE i.a.p.r.p.impl.RaftProxyConnection - RaftClient{8d1a11e6-024d-41c6-816f-7d36669ce782} - Received KeepAliveResponse{status=OK, leader=1, members=[2, 1, 3], sessionIds=long[]{length=1, hash=33}} from 1
02:19:54.476 [raft-server-1] TRACE i.a.p.raft.roles.LeaderAppender - RaftServer{1} - Sending AppendRequest{term=1, leader=1, prevLogIndex=110, prevLogTerm=1, entries=0, commitIndex=110} to 2
02:19:54.476 [raft-server-1] TRACE i.a.p.raft.roles.LeaderAppender - RaftServer{1} - Sending AppendRequest{term=1, leader=1, prevLogIndex=110, prevLogTerm=1, entries=0, commitIndex=110} to 3
02:19:54.476 [raft-server-2] TRACE i.a.p.raft.roles.FollowerRole - RaftServer{2}{role=FOLLOWER} - Received AppendRequest{term=1, leader=1, prevLogIndex=110, prevLogTerm=1, entries=0, commitIndex=110}
02:19:54.476 [raft-server-3] TRACE i.a.p.raft.roles.FollowerRole - RaftServer{3}{role=FOLLOWER} - Received AppendRequest{term=1, leader=1, prevLogIndex=110, prevLogTerm=1, entries=0, commitIndex=110}
02:19:54.498 [raft-server-2] TRACE i.a.p.raft.roles.FollowerRole - RaftServer{2}{role=FOLLOWER} - Committed entries up to index 110
02:19:54.498 [raft-server-2] TRACE i.a.p.raft.roles.FollowerRole - RaftServer{2}{role=FOLLOWER} - Sending AppendResponse{status=OK, term=1, succeeded=true, lastLogIndex=110}
02:19:54.498 [raft-server-3] TRACE i.a.p.raft.roles.FollowerRole - RaftServer{3}{role=FOLLOWER} - Committed entries up to index 110
02:19:54.498 [raft-server-3] TRACE i.a.p.raft.roles.FollowerRole - RaftServer{3}{role=FOLLOWER} - Sending AppendResponse{status=OK, term=1, succeeded=true, lastLogIndex=110}
02:19:54.498 [raft-server-1] TRACE i.a.p.raft.roles.LeaderAppender - RaftServer{1} - Received AppendResponse{status=OK, term=1, succeeded=true, lastLogIndex=110} from 2
02:19:54.498 [raft-server-2-state] TRACE i.a.p.raft.impl.RaftServiceManager - RaftServer{2} - Applying Indexed{index=110, entry=KeepAliveEntry{term=1, timestamp=2018-06-01 02:19:54,432, sessionIds=long[]{length=1, hash=33}, commandSequences=long[]{length=1, hash=131}, eventIndexes=long[]{length=1, hash=33}}}
02:19:54.498 [raft-server-1] TRACE i.a.p.raft.roles.LeaderAppender - RaftServer{1} - Sending AppendRequest{term=1, leader=1, prevLogIndex=110, prevLogTerm=1, entries=0, commitIndex=110} to 2
02:19:54.498 [raft-server-3-state] TRACE i.a.p.raft.impl.RaftServiceManager - RaftServer{3} - Applying Indexed{index=110, entry=KeepAliveEntry{term=1, timestamp=2018-06-01 02:19:54,432, sessionIds=long[]{length=1, hash=33}, commandSequences=long[]{length=1, hash=131}, eventIndexes=long[]{length=1, hash=33}}}
02:19:54.499 [raft-server-2] TRACE i.a.p.raft.roles.FollowerRole - RaftServer{2}{role=FOLLOWER} - Received AppendRequest{term=1, leader=1, prevLogIndex=110, prevLogTerm=1, entries=0, commitIndex=110}
02:19:54.499 [raft-server-1] TRACE i.a.p.raft.roles.LeaderAppender - RaftServer{1} - Received AppendResponse{status=OK, term=1, succeeded=true, lastLogIndex=110} from 3
02:19:54.499 [raft-server-2] TRACE i.a.p.raft.roles.FollowerRole - RaftServer{2}{role=FOLLOWER} - Sending AppendResponse{status=OK, term=1, succeeded=true, lastLogIndex=110}
02:19:54.499 [raft-server-1] TRACE i.a.p.raft.roles.LeaderAppender - RaftServer{1} - Sending AppendRequest{term=1, leader=1, prevLogIndex=110, prevLogTerm=1, entries=0, commitIndex=110} to 3
02:19:54.500 [raft-server-1] TRACE i.a.p.raft.roles.LeaderAppender - RaftServer{1} - Received AppendResponse{status=OK, term=1, succeeded=true, lastLogIndex=110} from 2
02:19:54.500 [raft-server-3] TRACE i.a.p.raft.roles.FollowerRole - RaftServer{3}{role=FOLLOWER} - Received AppendRequest{term=1, leader=1, prevLogIndex=110, prevLogTerm=1, entries=0, commitIndex=110}
02:19:54.500 [raft-server-3] TRACE i.a.p.raft.roles.FollowerRole - RaftServer{3}{role=FOLLOWER} - Sending AppendResponse{status=OK, term=1, succeeded=true, lastLogIndex=110}
02:19:54.501 [raft-server-1] TRACE i.a.p.raft.roles.LeaderAppender - RaftServer{1} - Received AppendResponse{status=OK, term=1, succeeded=true, lastLogIndex=110} from 3
02:19:54.726 [raft-server-1] TRACE i.a.p.raft.roles.LeaderAppender - RaftServer{1} - Sending AppendRequest{term=1, leader=1, prevLogIndex=110, prevLogTerm=1, entries=0, commitIndex=110} to 2
02:19:54.727 [raft-server-1] TRACE i.a.p.raft.roles.LeaderAppender - RaftServer{1} - Sending AppendRequest{term=1, leader=1, prevLogIndex=110, prevLogTerm=1, entries=0, commitIndex=110} to 3
02:19:54.727 [raft-server-2] TRACE i.a.p.raft.roles.FollowerRole - RaftServer{2}{role=FOLLOWER} - Received AppendRequest{term=1, leader=1, prevLogIndex=110, prevLogTerm=1, entries=0, commitIndex=110}
02:19:54.727 [raft-server-3] TRACE i.a.p.raft.roles.FollowerRole - RaftServer{3}{role=FOLLOWER} - Received AppendRequest{term=1, leader=1, prevLogIndex=110, prevLogTerm=1, entries=0, commitIndex=110}
02:19:54.727 [raft-server-2] TRACE i.a.p.raft.roles.FollowerRole - RaftServer{2}{role=FOLLOWER} - Sending AppendResponse{status=OK, term=1, succeeded=true, lastLogIndex=110}
02:19:54.727 [raft-server-3] TRACE i.a.p.raft.roles.FollowerRole - RaftServer{3}{role=FOLLOWER} - Sending AppendResponse{status=OK, term=1, succeeded=true, lastLogIndex=110}
02:19:54.727 [raft-server-1] TRACE i.a.p.raft.roles.LeaderAppender - RaftServer{1} - Received AppendResponse{status=OK, term=1, succeeded=true, lastLogIndex=110} from 2
02:19:54.727 [raft-server-1] TRACE i.a.p.raft.roles.LeaderAppender - RaftServer{1} - Sending AppendRequest{term=1, leader=1, prevLogIndex=110, prevLogTerm=1, entries=0, commitIndex=110} to 2
02:19:54.727 [raft-server-1] TRACE i.a.p.raft.roles.LeaderAppender - RaftServer{1} - Received AppendResponse{status=OK, term=1, succeeded=true, lastLogIndex=110} from 3
02:19:54.727 [raft-server-2] TRACE i.a.p.raft.roles.FollowerRole - RaftServer{2}{role=FOLLOWER} - Received AppendRequest{term=1, leader=1, prevLogIndex=110, prevLogTerm=1, entries=0, commitIndex=110}
02:19:54.727 [raft-server-2] TRACE i.a.p.raft.roles.FollowerRole - RaftServer{2}{role=FOLLOWER} - Sending AppendResponse{status=OK, term=1, succeeded=true, lastLogIndex=110}
02:19:54.727 [raft-server-1] TRACE i.a.p.raft.roles.LeaderAppender - RaftServer{1} - Received AppendResponse{status=OK, term=1, succeeded=true, lastLogIndex=110} from 2
02:19:54.976 [raft-server-1] TRACE i.a.p.raft.roles.LeaderAppender - RaftServer{1} - Sending AppendRequest{term=1, leader=1, prevLogIndex=110, prevLogTerm=1, entries=0, commitIndex=110} to 2
02:19:54.976 [raft-server-2] TRACE i.a.p.raft.roles.FollowerRole - RaftServer{2}{role=FOLLOWER} - Received AppendRequest{term=1, leader=1, prevLogIndex=110, prevLogTerm=1, entries=0, commitIndex=110}
02:19:54.976 [raft-server-1] TRACE i.a.p.raft.roles.LeaderAppender - RaftServer{1} - Sending AppendRequest{term=1, leader=1, prevLogIndex=110, prevLogTerm=1, entries=0, commitIndex=110} to 3
02:19:54.977 [raft-server-2] TRACE i.a.p.raft.roles.FollowerRole - RaftServer{2}{role=FOLLOWER} - Sending AppendResponse{status=OK, term=1, succeeded=true, lastLogIndex=110}
02:19:54.977 [raft-server-3] TRACE i.a.p.raft.roles.FollowerRole - RaftServer{3}{role=FOLLOWER} - Received AppendRequest{term=1, leader=1, prevLogIndex=110, prevLogTerm=1, entries=0, commitIndex=110}
02:19:54.977 [raft-server-3] TRACE i.a.p.raft.roles.FollowerRole - RaftServer{3}{role=FOLLOWER} - Sending AppendResponse{status=OK, term=1, succeeded=true, lastLogIndex=110}
02:19:54.977 [raft-server-1] TRACE i.a.p.raft.roles.LeaderAppender - RaftServer{1} - Received AppendResponse{status=OK, term=1, succeeded=true, lastLogIndex=110} from 2
02:19:54.977 [raft-server-1] TRACE i.a.p.raft.roles.LeaderAppender - RaftServer{1} - Sending AppendRequest{term=1, leader=1, prevLogIndex=110, prevLogTerm=1, entries=0, commitIndex=110} to 2
02:19:54.977 [raft-server-1] TRACE i.a.p.raft.roles.LeaderAppender - RaftServer{1} - Received AppendResponse{status=OK, term=1, succeeded=true, lastLogIndex=110} from 3
02:19:54.977 [raft-server-2] TRACE i.a.p.raft.roles.FollowerRole - RaftServer{2}{role=FOLLOWER} - Received AppendRequest{term=1, leader=1, prevLogIndex=110, prevLogTerm=1, entries=0, commitIndex=110}
02:19:54.977 [raft-server-1] TRACE i.a.p.raft.roles.LeaderAppender - RaftServer{1} - Sending AppendRequest{term=1, leader=1, prevLogIndex=110, prevLogTerm=1, entries=0, commitIndex=110} to 3
02:19:54.977 [raft-server-2] TRACE i.a.p.raft.roles.FollowerRole - RaftServer{2}{role=FOLLOWER} - Sending AppendResponse{status=OK, term=1, succeeded=true, lastLogIndex=110}
02:19:54.977 [raft-server-3] TRACE i.a.p.raft.roles.FollowerRole - RaftServer{3}{role=FOLLOWER} - Received AppendRequest{term=1, leader=1, prevLogIndex=110, prevLogTerm=1, entries=0, commitIndex=110}
02:19:54.977 [raft-server-1] TRACE i.a.p.raft.roles.LeaderAppender - RaftServer{1} - Received AppendResponse{status=OK, term=1, succeeded=true, lastLogIndex=110} from 2
02:19:54.977 [raft-server-3] TRACE i.a.p.raft.roles.FollowerRole - RaftServer{3}{role=FOLLOWER} - Sending AppendResponse{status=OK, term=1, succeeded=true, lastLogIndex=110}
02:19:54.977 [raft-server-1] TRACE i.a.p.raft.roles.LeaderAppender - RaftServer{1} - Received AppendResponse{status=OK, term=1, succeeded=true, lastLogIndex=110} from 3
02:19:55.226 [raft-server-1] TRACE i.a.p.raft.roles.LeaderAppender - RaftServer{1} - Sending AppendRequest{term=1, leader=1, prevLogIndex=110, prevLogTerm=1, entries=0, commitIndex=110} to 2
02:19:55.226 [raft-server-1] TRACE i.a.p.raft.roles.LeaderAppender - RaftServer{1} - Sending AppendRequest{term=1, leader=1, prevLogIndex=110, prevLogTerm=1, entries=0, commitIndex=110} to 3
02:19:55.226 [raft-server-2] TRACE i.a.p.raft.roles.FollowerRole - RaftServer{2}{role=FOLLOWER} - Received AppendRequest{term=1, leader=1, prevLogIndex=110, prevLogTerm=1, entries=0, commitIndex=110}
02:19:55.227 [raft-server-3] TRACE i.a.p.raft.roles.FollowerRole - RaftServer{3}{role=FOLLOWER} - Received AppendRequest{term=1, leader=1, prevLogIndex=110, prevLogTerm=1, entries=0, commitIndex=110}
02:19:55.227 [raft-server-2] TRACE i.a.p.raft.roles.FollowerRole - RaftServer{2}{role=FOLLOWER} - Sending AppendResponse{status=OK, term=1, succeeded=true, lastLogIndex=110}
02:19:55.227 [raft-server-3] TRACE i.a.p.raft.roles.FollowerRole - RaftServer{3}{role=FOLLOWER} - Sending AppendResponse{status=OK, term=1, succeeded=true, lastLogIndex=110}
02:19:55.227 [raft-server-1] TRACE i.a.p.raft.roles.LeaderAppender - RaftServer{1} - Received AppendResponse{status=OK, term=1, succeeded=true, lastLogIndex=110} from 2
02:19:55.227 [raft-server-1] TRACE i.a.p.raft.roles.LeaderAppender - RaftServer{1} - Sending AppendRequest{term=1, leader=1, prevLogIndex=110, prevLogTerm=1, entries=0, commitIndex=110} to 2
02:19:55.227 [raft-server-2] TRACE i.a.p.raft.roles.FollowerRole - RaftServer{2}{role=FOLLOWER} - Received AppendRequest{term=1, leader=1, prevLogIndex=110, prevLogTerm=1, entries=0, commitIndex=110}
02:19:55.227 [raft-server-1] TRACE i.a.p.raft.roles.LeaderAppender - RaftServer{1} - Received AppendResponse{status=OK, term=1, succeeded=true, lastLogIndex=110} from 3
02:19:55.227 [raft-server-2] TRACE i.a.p.raft.roles.FollowerRole - RaftServer{2}{role=FOLLOWER} - Sending AppendResponse{status=OK, term=1, succeeded=true, lastLogIndex=110}
02:19:55.227 [raft-server-1] TRACE i.a.p.raft.roles.LeaderAppender - RaftServer{1} - Sending AppendRequest{term=1, leader=1, prevLogIndex=110, prevLogTerm=1, entries=0, commitIndex=110} to 3
02:19:55.227 [raft-server-1] TRACE i.a.p.raft.roles.LeaderAppender - RaftServer{1} - Received AppendResponse{status=OK, term=1, succeeded=true, lastLogIndex=110} from 2
02:19:55.227 [raft-server-3] TRACE i.a.p.raft.roles.FollowerRole - RaftServer{3}{role=FOLLOWER} - Received AppendRequest{term=1, leader=1, prevLogIndex=110, prevLogTerm=1, entries=0, commitIndex=110}
02:19:55.228 [raft-server-3] TRACE i.a.p.raft.roles.FollowerRole - RaftServer{3}{role=FOLLOWER} - Sending AppendResponse{status=OK, term=1, succeeded=true, lastLogIndex=110}
02:19:55.228 [raft-server-1] TRACE i.a.p.raft.roles.LeaderAppender - RaftServer{1} - Received AppendResponse{status=OK, term=1, succeeded=true, lastLogIndex=110} from 3
02:19:55.366 [raft-server-1-state] DEBUG i.a.p.raft.impl.RaftServiceManager - RaftServer{1} - Completing snapshot 86
02:19:55.395 [raft-server-2-state] DEBUG i.a.p.raft.impl.RaftServiceManager - RaftServer{2} - Completing snapshot 86
02:19:55.457 [raft-server-1] DEBUG i.a.p.raft.impl.RaftServiceManager - RaftServer{1} - Compacting logs up to index 86
02:19:55.457 [raft-server-1] DEBUG i.a.storage.journal.SegmentedJournal - atomix - Compacting 8 segment(s)
02:19:55.457 [raft-server-1] TRACE i.a.storage.journal.SegmentedJournal - Deleting segment: JournalSegment{id=1, version=1, index=1, size=500}
02:19:55.458 [raft-server-1] TRACE i.a.storage.journal.SegmentedJournal - Deleting segment: JournalSegment{id=2, version=1, index=11, size=574}
02:19:55.458 [raft-server-1] TRACE i.a.storage.journal.SegmentedJournal - Deleting segment: JournalSegment{id=3, version=1, index=21, size=549}
02:19:55.458 [raft-server-1] TRACE i.a.storage.journal.SegmentedJournal - Deleting segment: JournalSegment{id=4, version=1, index=31, size=574}
02:19:55.459 [raft-server-1] TRACE i.a.storage.journal.SegmentedJournal - Deleting segment: JournalSegment{id=5, version=1, index=41, size=574}
02:19:55.459 [raft-server-1] TRACE i.a.storage.journal.SegmentedJournal - Deleting segment: JournalSegment{id=6, version=1, index=51, size=549}
02:19:55.459 [raft-server-1] TRACE i.a.storage.journal.SegmentedJournal - Deleting segment: JournalSegment{id=7, version=1, index=61, size=576}
02:19:55.459 [raft-server-1] TRACE i.a.storage.journal.SegmentedJournal - Deleting segment: JournalSegment{id=8, version=1, index=71, size=559}
02:19:55.460 [raft-server-1] DEBUG i.a.p.raft.impl.RaftServiceManager - RaftServer{1} - Snapshotting services
02:19:55.460 [raft-server-1-state] DEBUG i.a.p.r.s.snapshot.SnapshotStore - Created memory snapshot: MemorySnapshot{index=110}
02:19:55.460 [raft-server-1-state] DEBUG i.a.p.r.service.RaftServiceContext - PrimitiveService{2}{type=PrimitiveType{name=test}, name=test} - Taking snapshot 110
02:19:55.460 [raft-server-1-compaction] DEBUG i.a.p.r.s.snapshot.SnapshotStore - Created disk snapshot: FileSnapshot{index=110}
02:19:55.473 [raft-server-2] DEBUG i.a.p.raft.impl.RaftServiceManager - RaftServer{2} - Compacting logs up to index 86
02:19:55.473 [raft-server-2] DEBUG i.a.storage.journal.SegmentedJournal - atomix - Compacting 8 segment(s)
02:19:55.473 [raft-server-2] TRACE i.a.storage.journal.SegmentedJournal - Deleting segment: JournalSegment{id=1, version=1, index=1, size=500}
02:19:55.474 [raft-server-2] TRACE i.a.storage.journal.SegmentedJournal - Deleting segment: JournalSegment{id=2, version=1, index=11, size=574}
02:19:55.474 [raft-server-2] TRACE i.a.storage.journal.SegmentedJournal - Deleting segment: JournalSegment{id=3, version=1, index=21, size=549}
02:19:55.474 [raft-server-2] TRACE i.a.storage.journal.SegmentedJournal - Deleting segment: JournalSegment{id=4, version=1, index=31, size=574}
02:19:55.474 [raft-server-2] TRACE i.a.storage.journal.SegmentedJournal - Deleting segment: JournalSegment{id=5, version=1, index=41, size=574}
02:19:55.475 [raft-server-2] TRACE i.a.storage.journal.SegmentedJournal - Deleting segment: JournalSegment{id=6, version=1, index=51, size=549}
02:19:55.475 [raft-server-2] TRACE i.a.storage.journal.SegmentedJournal - Deleting segment: JournalSegment{id=7, version=1, index=61, size=576}
02:19:55.475 [raft-server-2] TRACE i.a.storage.journal.SegmentedJournal - Deleting segment: JournalSegment{id=8, version=1, index=71, size=559}
02:19:55.475 [raft-server-2] DEBUG i.a.p.raft.impl.RaftServiceManager - RaftServer{2} - Snapshotting services
02:19:55.476 [raft-server-2-state] DEBUG i.a.p.r.s.snapshot.SnapshotStore - Created memory snapshot: MemorySnapshot{index=110}
02:19:55.476 [raft-server-2-state] DEBUG i.a.p.r.service.RaftServiceContext - PrimitiveService{2}{type=PrimitiveType{name=test}, name=test} - Taking snapshot 110
02:19:55.476 [raft-server-2-compaction] DEBUG i.a.p.r.s.snapshot.SnapshotStore - Created disk snapshot: FileSnapshot{index=110}
02:19:55.476 [raft-server-1] TRACE i.a.p.raft.roles.LeaderAppender - RaftServer{1} - Sending AppendRequest{term=1, leader=1, prevLogIndex=110, prevLogTerm=1, entries=0, commitIndex=110} to 2
02:19:55.476 [raft-server-1] TRACE i.a.p.raft.roles.LeaderAppender - RaftServer{1} - Sending AppendRequest{term=1, leader=1, prevLogIndex=110, prevLogTerm=1, entries=0, commitIndex=110} to 3
02:19:55.476 [raft-server-2] TRACE i.a.p.raft.roles.FollowerRole - RaftServer{2}{role=FOLLOWER} - Received AppendRequest{term=1, leader=1, prevLogIndex=110, prevLogTerm=1, entries=0, commitIndex=110}
02:19:55.476 [raft-server-3] TRACE i.a.p.raft.roles.FollowerRole - RaftServer{3}{role=FOLLOWER} - Received AppendRequest{term=1, leader=1, prevLogIndex=110, prevLogTerm=1, entries=0, commitIndex=110}
02:19:55.476 [raft-server-2] TRACE i.a.p.raft.roles.FollowerRole - RaftServer{2}{role=FOLLOWER} - Sending AppendResponse{status=OK, term=1, succeeded=true, lastLogIndex=110}
02:19:55.476 [raft-server-3] TRACE i.a.p.raft.roles.FollowerRole - RaftServer{3}{role=FOLLOWER} - Sending AppendResponse{status=OK, term=1, succeeded=true, lastLogIndex=110}
02:19:55.477 [raft-server-1] TRACE i.a.p.raft.roles.LeaderAppender - RaftServer{1} - Received AppendResponse{status=OK, term=1, succeeded=true, lastLogIndex=110} from 2
02:19:55.477 [raft-server-1] TRACE i.a.p.raft.roles.LeaderAppender - RaftServer{1} - Sending AppendRequest{term=1, leader=1, prevLogIndex=110, prevLogTerm=1, entries=0, commitIndex=110} to 2
02:19:55.477 [raft-server-2] TRACE i.a.p.raft.roles.FollowerRole - RaftServer{2}{role=FOLLOWER} - Received AppendRequest{term=1, leader=1, prevLogIndex=110, prevLogTerm=1, entries=0, commitIndex=110}
02:19:55.477 [raft-server-1] TRACE i.a.p.raft.roles.LeaderAppender - RaftServer{1} - Received AppendResponse{status=OK, term=1, succeeded=true, lastLogIndex=110} from 3
02:19:55.477 [raft-server-2] TRACE i.a.p.raft.roles.FollowerRole - RaftServer{2}{role=FOLLOWER} - Sending AppendResponse{status=OK, term=1, succeeded=true, lastLogIndex=110}
02:19:55.477 [raft-server-1] TRACE i.a.p.raft.roles.LeaderAppender - RaftServer{1} - Sending AppendRequest{term=1, leader=1, prevLogIndex=110, prevLogTerm=1, entries=0, commitIndex=110} to 3
02:19:55.477 [raft-server-1] TRACE i.a.p.raft.roles.LeaderAppender - RaftServer{1} - Received AppendResponse{status=OK, term=1, succeeded=true, lastLogIndex=110} from 2
02:19:55.477 [raft-server-3] TRACE i.a.p.raft.roles.FollowerRole - RaftServer{3}{role=FOLLOWER} - Received AppendRequest{term=1, leader=1, prevLogIndex=110, prevLogTerm=1, entries=0, commitIndex=110}
02:19:55.477 [raft-server-3] TRACE i.a.p.raft.roles.FollowerRole - RaftServer{3}{role=FOLLOWER} - Sending AppendResponse{status=OK, term=1, succeeded=true, lastLogIndex=110}
02:19:55.477 [raft-server-1] TRACE i.a.p.raft.roles.LeaderAppender - RaftServer{1} - Received AppendResponse{status=OK, term=1, succeeded=true, lastLogIndex=110} from 3
02:19:55.480 [raft-server-3-state] DEBUG i.a.p.raft.impl.RaftServiceManager - RaftServer{3} - Completing snapshot 87
02:19:55.531 [raft-server-3] DEBUG i.a.p.raft.impl.RaftServiceManager - RaftServer{3} - Compacting logs up to index 87
02:19:55.532 [raft-server-3] DEBUG i.a.storage.journal.SegmentedJournal - atomix - Compacting 8 segment(s)
02:19:55.532 [raft-server-3] TRACE i.a.storage.journal.SegmentedJournal - Deleting segment: JournalSegment{id=1, version=1, index=1, size=500}
02:19:55.532 [raft-server-3] TRACE i.a.storage.journal.SegmentedJournal - Deleting segment: JournalSegment{id=2, version=1, index=11, size=574}
02:19:55.532 [raft-server-3] TRACE i.a.storage.journal.SegmentedJournal - Deleting segment: JournalSegment{id=3, version=1, index=21, size=549}
02:19:55.533 [raft-server-3] TRACE i.a.storage.journal.SegmentedJournal - Deleting segment: JournalSegment{id=4, version=1, index=31, size=574}
02:19:55.533 [raft-server-3] TRACE i.a.storage.journal.SegmentedJournal - Deleting segment: JournalSegment{id=5, version=1, index=41, size=574}
02:19:55.533 [raft-server-3] TRACE i.a.storage.journal.SegmentedJournal - Deleting segment: JournalSegment{id=6, version=1, index=51, size=549}
02:19:55.533 [raft-server-3] TRACE i.a.storage.journal.SegmentedJournal - Deleting segment: JournalSegment{id=7, version=1, index=61, size=576}
02:19:55.533 [raft-server-3] TRACE i.a.storage.journal.SegmentedJournal - Deleting segment: JournalSegment{id=8, version=1, index=71, size=559}
02:19:55.534 [raft-server-3] DEBUG i.a.p.raft.impl.RaftServiceManager - RaftServer{3} - Snapshotting services
02:19:55.534 [raft-server-3-state] DEBUG i.a.p.r.s.snapshot.SnapshotStore - Created memory snapshot: MemorySnapshot{index=110}
02:19:55.534 [raft-server-3-state] DEBUG i.a.p.r.service.RaftServiceContext - PrimitiveService{2}{type=PrimitiveType{name=test}, name=test} - Taking snapshot 110
02:19:55.534 [raft-server-3-compaction] DEBUG i.a.p.r.s.snapshot.SnapshotStore - Created disk snapshot: FileSnapshot{index=110}
02:19:55.726 [raft-server-1] TRACE i.a.p.raft.roles.LeaderAppender - RaftServer{1} - Sending AppendRequest{term=1, leader=1, prevLogIndex=110, prevLogTerm=1, entries=0, commitIndex=110} to 2
02:19:55.726 [raft-server-1] TRACE i.a.p.raft.roles.LeaderAppender - RaftServer{1} - Sending AppendRequest{term=1, leader=1, prevLogIndex=110, prevLogTerm=1, entries=0, commitIndex=110} to 3
02:19:55.726 [raft-server-2] TRACE i.a.p.raft.roles.FollowerRole - RaftServer{2}{role=FOLLOWER} - Received AppendRequest{term=1, leader=1, prevLogIndex=110, prevLogTerm=1, entries=0, commitIndex=110}
02:19:55.726 [raft-server-3] TRACE i.a.p.raft.roles.FollowerRole - RaftServer{3}{role=FOLLOWER} - Received AppendRequest{term=1, leader=1, prevLogIndex=110, prevLogTerm=1, entries=0, commitIndex=110}
02:19:55.726 [raft-server-2] TRACE i.a.p.raft.roles.FollowerRole - RaftServer{2}{role=FOLLOWER} - Sending AppendResponse{status=OK, term=1, succeeded=true, lastLogIndex=110}
02:19:55.727 [raft-server-3] TRACE i.a.p.raft.roles.FollowerRole - RaftServer{3}{role=FOLLOWER} - Sending AppendResponse{status=OK, term=1, succeeded=true, lastLogIndex=110}
02:19:55.727 [raft-server-1] TRACE i.a.p.raft.roles.LeaderAppender - RaftServer{1} - Received AppendResponse{status=OK, term=1, succeeded=true, lastLogIndex=110} from 2
02:19:55.727 [raft-server-1] TRACE i.a.p.raft.roles.LeaderAppender - RaftServer{1} - Sending AppendRequest{term=1, leader=1, prevLogIndex=110, prevLogTerm=1, entries=0, commitIndex=110} to 2
02:19:55.727 [raft-server-1] TRACE i.a.p.raft.roles.LeaderAppender - RaftServer{1} - Received AppendResponse{status=OK, term=1, succeeded=true, lastLogIndex=110} from 3
02:19:55.727 [raft-server-2] TRACE i.a.p.raft.roles.FollowerRole - RaftServer{2}{role=FOLLOWER} - Received AppendRequest{term=1, leader=1, prevLogIndex=110, prevLogTerm=1, entries=0, commitIndex=110}
02:19:55.727 [raft-server-2] TRACE i.a.p.raft.roles.FollowerRole - RaftServer{2}{role=FOLLOWER} - Sending AppendResponse{status=OK, term=1, succeeded=true, lastLogIndex=110}
02:19:55.727 [raft-server-1] TRACE i.a.p.raft.roles.LeaderAppender - RaftServer{1} - Sending AppendRequest{term=1, leader=1, prevLogIndex=110, prevLogTerm=1, entries=0, commitIndex=110} to 3
02:19:55.727 [raft-server-1] TRACE i.a.p.raft.roles.LeaderAppender - RaftServer{1} - Received AppendResponse{status=OK, term=1, succeeded=true, lastLogIndex=110} from 2
02:19:55.727 [raft-server-3] TRACE i.a.p.raft.roles.FollowerRole - RaftServer{3}{role=FOLLOWER} - Received AppendRequest{term=1, leader=1, prevLogIndex=110, prevLogTerm=1, entries=0, commitIndex=110}
02:19:55.727 [raft-server-3] TRACE i.a.p.raft.roles.FollowerRole - RaftServer{3}{role=FOLLOWER} - Sending AppendResponse{status=OK, term=1, succeeded=true, lastLogIndex=110}
02:19:55.728 [raft-server-1] TRACE i.a.p.raft.roles.LeaderAppender - RaftServer{1} - Received AppendResponse{status=OK, term=1, succeeded=true, lastLogIndex=110} from 3
02:19:55.976 [raft-server-1] TRACE i.a.p.raft.roles.LeaderAppender - RaftServer{1} - Sending AppendRequest{term=1, leader=1, prevLogIndex=110, prevLogTerm=1, entries=0, commitIndex=110} to 2
02:19:55.976 [raft-server-1] TRACE i.a.p.raft.roles.LeaderAppender - RaftServer{1} - Sending AppendRequest{term=1, leader=1, prevLogIndex=110, prevLogTerm=1, entries=0, commitIndex=110} to 3
02:19:55.976 [raft-server-2] TRACE i.a.p.raft.roles.FollowerRole - RaftServer{2}{role=FOLLOWER} - Received AppendRequest{term=1, leader=1, prevLogIndex=110, prevLogTerm=1, entries=0, commitIndex=110}
02:19:55.976 [raft-server-3] TRACE i.a.p.raft.roles.FollowerRole - RaftServer{3}{role=FOLLOWER} - Received AppendRequest{term=1, leader=1, prevLogIndex=110, prevLogTerm=1, entries=0, commitIndex=110}
02:19:55.977 [raft-server-2] TRACE i.a.p.raft.roles.FollowerRole - RaftServer{2}{role=FOLLOWER} - Sending AppendResponse{status=OK, term=1, succeeded=true, lastLogIndex=110}
02:19:55.977 [raft-server-3] TRACE i.a.p.raft.roles.FollowerRole - RaftServer{3}{role=FOLLOWER} - Sending AppendResponse{status=OK, term=1, succeeded=true, lastLogIndex=110}
02:19:55.977 [raft-server-1] TRACE i.a.p.raft.roles.LeaderAppender - RaftServer{1} - Received AppendResponse{status=OK, term=1, succeeded=true, lastLogIndex=110} from 2
02:19:55.977 [raft-server-1] TRACE i.a.p.raft.roles.LeaderAppender - RaftServer{1} - Sending AppendRequest{term=1, leader=1, prevLogIndex=110, prevLogTerm=1, entries=0, commitIndex=110} to 2
02:19:55.977 [raft-server-2] TRACE i.a.p.raft.roles.FollowerRole - RaftServer{2}{role=FOLLOWER} - Received AppendRequest{term=1, leader=1, prevLogIndex=110, prevLogTerm=1, entries=0, commitIndex=110}
02:19:55.977 [raft-server-1] TRACE i.a.p.raft.roles.LeaderAppender - RaftServer{1} - Received AppendResponse{status=OK, term=1, succeeded=true, lastLogIndex=110} from 3
02:19:55.977 [raft-server-2] TRACE i.a.p.raft.roles.FollowerRole - RaftServer{2}{role=FOLLOWER} - Sending AppendResponse{status=OK, term=1, succeeded=true, lastLogIndex=110}
02:19:55.977 [raft-server-1] TRACE i.a.p.raft.roles.LeaderAppender - RaftServer{1} - Sending AppendRequest{term=1, leader=1, prevLogIndex=110, prevLogTerm=1, entries=0, commitIndex=110} to 3
02:19:55.977 [raft-server-1] TRACE i.a.p.raft.roles.LeaderAppender - RaftServer{1} - Received AppendResponse{status=OK, term=1, succeeded=true, lastLogIndex=110} from 2
02:19:55.977 [raft-server-3] TRACE i.a.p.raft.roles.FollowerRole - RaftServer{3}{role=FOLLOWER} - Received AppendRequest{term=1, leader=1, prevLogIndex=110, prevLogTerm=1, entries=0, commitIndex=110}
02:19:55.978 [raft-server-3] TRACE i.a.p.raft.roles.FollowerRole - RaftServer{3}{role=FOLLOWER} - Sending AppendResponse{status=OK, term=1, succeeded=true, lastLogIndex=110}
02:19:55.978 [raft-server-1] TRACE i.a.p.raft.roles.LeaderAppender - RaftServer{1} - Received AppendResponse{status=OK, term=1, succeeded=true, lastLogIndex=110} from 3
02:19:56.226 [raft-server-1] TRACE i.a.p.raft.roles.LeaderAppender - RaftServer{1} - Sending AppendRequest{term=1, leader=1, prevLogIndex=110, prevLogTerm=1, entries=0, commitIndex=110} to 2
02:19:56.226 [raft-server-1] TRACE i.a.p.raft.roles.LeaderAppender - RaftServer{1} - Sending AppendRequest{term=1, leader=1, prevLogIndex=110, prevLogTerm=1, entries=0, commitIndex=110} to 3
02:19:56.226 [raft-server-2] TRACE i.a.p.raft.roles.FollowerRole - RaftServer{2}{role=FOLLOWER} - Received AppendRequest{term=1, leader=1, prevLogIndex=110, prevLogTerm=1, entries=0, commitIndex=110}
02:19:56.226 [raft-server-3] TRACE i.a.p.raft.roles.FollowerRole - RaftServer{3}{role=FOLLOWER} - Received AppendRequest{term=1, leader=1, prevLogIndex=110, prevLogTerm=1, entries=0, commitIndex=110}
02:19:56.226 [raft-server-2] TRACE i.a.p.raft.roles.FollowerRole - RaftServer{2}{role=FOLLOWER} - Sending AppendResponse{status=OK, term=1, succeeded=true, lastLogIndex=110}
02:19:56.227 [raft-server-3] TRACE i.a.p.raft.roles.FollowerRole - RaftServer{3}{role=FOLLOWER} - Sending AppendResponse{status=OK, term=1, succeeded=true, lastLogIndex=110}
02:19:56.227 [raft-server-1] TRACE i.a.p.raft.roles.LeaderAppender - RaftServer{1} - Received AppendResponse{status=OK, term=1, succeeded=true, lastLogIndex=110} from 2
02:19:56.227 [raft-server-1] TRACE i.a.p.raft.roles.LeaderAppender - RaftServer{1} - Sending AppendRequest{term=1, leader=1, prevLogIndex=110, prevLogTerm=1, entries=0, commitIndex=110} to 2
02:19:56.227 [raft-server-1] TRACE i.a.p.raft.roles.LeaderAppender - RaftServer{1} - Received AppendResponse{status=OK, term=1, succeeded=true, lastLogIndex=110} from 3
02:19:56.227 [raft-server-2] TRACE i.a.p.raft.roles.FollowerRole - RaftServer{2}{role=FOLLOWER} - Received AppendRequest{term=1, leader=1, prevLogIndex=110, prevLogTerm=1, entries=0, commitIndex=110}
02:19:56.227 [raft-server-1] TRACE i.a.p.raft.roles.LeaderAppender - RaftServer{1} - Sending AppendRequest{term=1, leader=1, prevLogIndex=110, prevLogTerm=1, entries=0, commitIndex=110} to 3
02:19:56.227 [raft-server-2] TRACE i.a.p.raft.roles.FollowerRole - RaftServer{2}{role=FOLLOWER} - Sending AppendResponse{status=OK, term=1, succeeded=true, lastLogIndex=110}
02:19:56.227 [raft-server-3] TRACE i.a.p.raft.roles.FollowerRole - RaftServer{3}{role=FOLLOWER} - Received AppendRequest{term=1, leader=1, prevLogIndex=110, prevLogTerm=1, entries=0, commitIndex=110}
02:19:56.227 [raft-server-1] TRACE i.a.p.raft.roles.LeaderAppender - RaftServer{1} - Received AppendResponse{status=OK, term=1, succeeded=true, lastLogIndex=110} from 2
02:19:56.227 [raft-server-3] TRACE i.a.p.raft.roles.FollowerRole - RaftServer{3}{role=FOLLOWER} - Sending AppendResponse{status=OK, term=1, succeeded=true, lastLogIndex=110}
02:19:56.227 [raft-server-1] TRACE i.a.p.raft.roles.LeaderAppender - RaftServer{1} - Received AppendResponse{status=OK, term=1, succeeded=true, lastLogIndex=110} from 3
02:19:56.476 [raft-server-1] TRACE i.a.p.raft.roles.LeaderAppender - RaftServer{1} - Sending AppendRequest{term=1, leader=1, prevLogIndex=110, prevLogTerm=1, entries=0, commitIndex=110} to 2
02:19:56.476 [raft-server-1] TRACE i.a.p.raft.roles.LeaderAppender - RaftServer{1} - Sending AppendRequest{term=1, leader=1, prevLogIndex=110, prevLogTerm=1, entries=0, commitIndex=110} to 3
02:19:56.476 [raft-server-2] TRACE i.a.p.raft.roles.FollowerRole - RaftServer{2}{role=FOLLOWER} - Received AppendRequest{term=1, leader=1, prevLogIndex=110, prevLogTerm=1, entries=0, commitIndex=110}
02:19:56.476 [raft-server-3] TRACE i.a.p.raft.roles.FollowerRole - RaftServer{3}{role=FOLLOWER} - Received AppendRequest{term=1, leader=1, prevLogIndex=110, prevLogTerm=1, entries=0, commitIndex=110}
02:19:56.476 [raft-server-2] TRACE i.a.p.raft.roles.FollowerRole - RaftServer{2}{role=FOLLOWER} - Sending AppendResponse{status=OK, term=1, succeeded=true, lastLogIndex=110}
02:19:56.476 [raft-server-3] TRACE i.a.p.raft.roles.FollowerRole - RaftServer{3}{role=FOLLOWER} - Sending AppendResponse{status=OK, term=1, succeeded=true, lastLogIndex=110}
02:19:56.477 [raft-server-1] TRACE i.a.p.raft.roles.LeaderAppender - RaftServer{1} - Received AppendResponse{status=OK, term=1, succeeded=true, lastLogIndex=110} from 2
02:19:56.477 [raft-server-1] TRACE i.a.p.raft.roles.LeaderAppender - RaftServer{1} - Sending AppendRequest{term=1, leader=1, prevLogIndex=110, prevLogTerm=1, entries=0, commitIndex=110} to 2
02:19:56.477 [raft-server-1] TRACE i.a.p.raft.roles.LeaderAppender - RaftServer{1} - Received AppendResponse{status=OK, term=1, succeeded=true, lastLogIndex=110} from 3
02:19:56.477 [raft-server-2] TRACE i.a.p.raft.roles.FollowerRole - RaftServer{2}{role=FOLLOWER} - Received AppendRequest{term=1, leader=1, prevLogIndex=110, prevLogTerm=1, entries=0, commitIndex=110}
02:19:56.477 [raft-server-1] TRACE i.a.p.raft.roles.LeaderAppender - RaftServer{1} - Sending AppendRequest{term=1, leader=1, prevLogIndex=110, prevLogTerm=1, entries=0, commitIndex=110} to 3
02:19:56.477 [raft-server-2] TRACE i.a.p.raft.roles.FollowerRole - RaftServer{2}{role=FOLLOWER} - Sending AppendResponse{status=OK, term=1, succeeded=true, lastLogIndex=110}
02:19:56.477 [raft-server-3] TRACE i.a.p.raft.roles.FollowerRole - RaftServer{3}{role=FOLLOWER} - Received AppendRequest{term=1, leader=1, prevLogIndex=110, prevLogTerm=1, entries=0, commitIndex=110}
02:19:56.477 [raft-server-1] TRACE i.a.p.raft.roles.LeaderAppender - RaftServer{1} - Received AppendResponse{status=OK, term=1, succeeded=true, lastLogIndex=110} from 2
02:19:56.477 [raft-server-3] TRACE i.a.p.raft.roles.FollowerRole - RaftServer{3}{role=FOLLOWER} - Sending AppendResponse{status=OK, term=1, succeeded=true, lastLogIndex=110}
02:19:56.477 [raft-server-1] TRACE i.a.p.raft.roles.LeaderAppender - RaftServer{1} - Received AppendResponse{status=OK, term=1, succeeded=true, lastLogIndex=110} from 3
02:19:56.726 [raft-server-1] TRACE i.a.p.raft.roles.LeaderAppender - RaftServer{1} - Sending AppendRequest{term=1, leader=1, prevLogIndex=110, prevLogTerm=1, entries=0, commitIndex=110} to 2
02:19:56.726 [raft-server-1] TRACE i.a.p.raft.roles.LeaderAppender - RaftServer{1} - Sending AppendRequest{term=1, leader=1, prevLogIndex=110, prevLogTerm=1, entries=0, commitIndex=110} to 3
02:19:56.726 [raft-server-2] TRACE i.a.p.raft.roles.FollowerRole - RaftServer{2}{role=FOLLOWER} - Received AppendRequest{term=1, leader=1, prevLogIndex=110, prevLogTerm=1, entries=0, commitIndex=110}
02:19:56.727 [raft-server-2] TRACE i.a.p.raft.roles.FollowerRole - RaftServer{2}{role=FOLLOWER} - Sending AppendResponse{status=OK, term=1, succeeded=true, lastLogIndex=110}
02:19:56.726 [raft-server-3] TRACE i.a.p.raft.roles.FollowerRole - RaftServer{3}{role=FOLLOWER} - Received AppendRequest{term=1, leader=1, prevLogIndex=110, prevLogTerm=1, entries=0, commitIndex=110}
02:19:56.727 [raft-server-1] TRACE i.a.p.raft.roles.LeaderAppender - RaftServer{1} - Received AppendResponse{status=OK, term=1, succeeded=true, lastLogIndex=110} from 2
02:19:56.727 [raft-server-3] TRACE i.a.p.raft.roles.FollowerRole - RaftServer{3}{role=FOLLOWER} - Sending AppendResponse{status=OK, term=1, succeeded=true, lastLogIndex=110}
02:19:56.727 [raft-server-1] TRACE i.a.p.raft.roles.LeaderAppender - RaftServer{1} - Sending AppendRequest{term=1, leader=1, prevLogIndex=110, prevLogTerm=1, entries=0, commitIndex=110} to 2
02:19:56.727 [raft-server-1] TRACE i.a.p.raft.roles.LeaderAppender - RaftServer{1} - Received AppendResponse{status=OK, term=1, succeeded=true, lastLogIndex=110} from 3
02:19:56.727 [raft-server-2] TRACE i.a.p.raft.roles.FollowerRole - RaftServer{2}{role=FOLLOWER} - Received AppendRequest{term=1, leader=1, prevLogIndex=110, prevLogTerm=1, entries=0, commitIndex=110}
02:19:56.727 [raft-server-2] TRACE i.a.p.raft.roles.FollowerRole - RaftServer{2}{role=FOLLOWER} - Sending AppendResponse{status=OK, term=1, succeeded=true, lastLogIndex=110}
02:19:56.727 [raft-server-1] TRACE i.a.p.raft.roles.LeaderAppender - RaftServer{1} - Sending AppendRequest{term=1, leader=1, prevLogIndex=110, prevLogTerm=1, entries=0, commitIndex=110} to 3
02:19:56.727 [raft-server-3] TRACE i.a.p.raft.roles.FollowerRole - RaftServer{3}{role=FOLLOWER} - Received AppendRequest{term=1, leader=1, prevLogIndex=110, prevLogTerm=1, entries=0, commitIndex=110}
02:19:56.727 [raft-server-1] TRACE i.a.p.raft.roles.LeaderAppender - RaftServer{1} - Received AppendResponse{status=OK, term=1, succeeded=true, lastLogIndex=110} from 2
02:19:56.727 [raft-server-3] TRACE i.a.p.raft.roles.FollowerRole - RaftServer{3}{role=FOLLOWER} - Sending AppendResponse{status=OK, term=1, succeeded=true, lastLogIndex=110}
02:19:56.728 [raft-server-1] TRACE i.a.p.raft.roles.LeaderAppender - RaftServer{1} - Received AppendResponse{status=OK, term=1, succeeded=true, lastLogIndex=110} from 3
02:19:56.931 [raft-client-8d1a11e6-024d-41c6-816f-7d36669ce782-5] TRACE i.a.p.r.proxy.impl.RaftProxyManager - RaftClient{8d1a11e6-024d-41c6-816f-7d36669ce782} - Keeping 1 sessions alive
02:19:56.931 [raft-client-8d1a11e6-024d-41c6-816f-7d36669ce782-5] TRACE i.a.p.r.p.impl.RaftProxyConnection - RaftClient{8d1a11e6-024d-41c6-816f-7d36669ce782} - Sending KeepAliveRequest{sessionIds=long[]{length=1, hash=33}, commandSequences=long[]{length=1, hash=131}, eventIndexes=long[]{length=1, hash=33}} to 1
02:19:56.931 [raft-server-1] TRACE i.a.protocols.raft.roles.LeaderRole - RaftServer{1}{role=LEADER} - Received KeepAliveRequest{sessionIds=long[]{length=1, hash=33}, commandSequences=long[]{length=1, hash=131}, eventIndexes=long[]{length=1, hash=33}}
02:19:56.988 [raft-server-1] DEBUG i.a.storage.journal.SegmentedJournal - Created disk segment: JournalSegment{id=12, version=1, index=111, size=64}
02:19:56.988 [raft-server-1] TRACE i.a.protocols.raft.roles.LeaderRole - RaftServer{1}{role=LEADER} - Appended Indexed{index=111, entry=KeepAliveEntry{term=1, timestamp=2018-06-01 02:19:56,931, sessionIds=long[]{length=1, hash=33}, commandSequences=long[]{length=1, hash=131}, eventIndexes=long[]{length=1, hash=33}}}
02:19:56.989 [raft-server-1] TRACE i.a.p.raft.roles.LeaderAppender - RaftServer{1} - Sending AppendRequest{term=1, leader=1, prevLogIndex=110, prevLogTerm=1, entries=1, commitIndex=110} to 2
02:19:56.989 [raft-server-2] TRACE i.a.p.raft.roles.FollowerRole - RaftServer{2}{role=FOLLOWER} - Received AppendRequest{term=1, leader=1, prevLogIndex=110, prevLogTerm=1, entries=1, commitIndex=110}
02:19:56.989 [raft-server-1] TRACE i.a.p.raft.roles.LeaderAppender - RaftServer{1} - Sending AppendRequest{term=1, leader=1, prevLogIndex=110, prevLogTerm=1, entries=1, commitIndex=110} to 3
02:19:56.989 [raft-server-3] TRACE i.a.p.raft.roles.FollowerRole - RaftServer{3}{role=FOLLOWER} - Received AppendRequest{term=1, leader=1, prevLogIndex=110, prevLogTerm=1, entries=1, commitIndex=110}
02:19:57.080 [raft-server-2] DEBUG i.a.storage.journal.SegmentedJournal - Created disk segment: JournalSegment{id=12, version=1, index=111, size=64}
02:19:57.080 [raft-server-2] TRACE i.a.p.raft.roles.FollowerRole - RaftServer{2}{role=FOLLOWER} - Appended Indexed{index=111, entry=KeepAliveEntry{term=1, timestamp=2018-06-01 02:19:56,931, sessionIds=long[]{length=1, hash=33}, commandSequences=long[]{length=1, hash=131}, eventIndexes=long[]{length=1, hash=33}}}
02:19:57.081 [raft-server-2] TRACE i.a.p.raft.roles.FollowerRole - RaftServer{2}{role=FOLLOWER} - Sending AppendResponse{status=OK, term=1, succeeded=true, lastLogIndex=111}
02:19:57.081 [raft-server-1] TRACE i.a.p.raft.roles.LeaderAppender - RaftServer{1} - Received AppendResponse{status=OK, term=1, succeeded=true, lastLogIndex=111} from 2
02:19:57.081 [raft-server-1] TRACE i.a.p.raft.roles.LeaderAppender - RaftServer{1} - Committed entries up to 111
02:19:57.115 [raft-server-3] DEBUG i.a.storage.journal.SegmentedJournal - Created disk segment: JournalSegment{id=12, version=1, index=111, size=64}
02:19:57.115 [raft-server-3] TRACE i.a.p.raft.roles.FollowerRole - RaftServer{3}{role=FOLLOWER} - Appended Indexed{index=111, entry=KeepAliveEntry{term=1, timestamp=2018-06-01 02:19:56,931, sessionIds=long[]{length=1, hash=33}, commandSequences=long[]{length=1, hash=131}, eventIndexes=long[]{length=1, hash=33}}}
02:19:57.115 [raft-server-3] TRACE i.a.p.raft.roles.FollowerRole - RaftServer{3}{role=FOLLOWER} - Sending AppendResponse{status=OK, term=1, succeeded=true, lastLogIndex=111}
02:19:57.138 [raft-server-1] TRACE i.a.p.raft.roles.LeaderAppender - RaftServer{1} - Sending AppendRequest{term=1, leader=1, prevLogIndex=111, prevLogTerm=1, entries=0, commitIndex=111} to 2
02:19:57.138 [raft-server-2] TRACE i.a.p.raft.roles.FollowerRole - RaftServer{2}{role=FOLLOWER} - Received AppendRequest{term=1, leader=1, prevLogIndex=111, prevLogTerm=1, entries=0, commitIndex=111}
02:19:57.138 [raft-server-1] TRACE i.a.p.raft.roles.LeaderAppender - RaftServer{1} - Received AppendResponse{status=OK, term=1, succeeded=true, lastLogIndex=111} from 3
02:19:57.139 [raft-server-1] TRACE i.a.p.raft.roles.LeaderAppender - RaftServer{1} - Sending AppendRequest{term=1, leader=1, prevLogIndex=111, prevLogTerm=1, entries=0, commitIndex=111} to 3
02:19:57.139 [raft-server-3] TRACE i.a.p.raft.roles.FollowerRole - RaftServer{3}{role=FOLLOWER} - Received AppendRequest{term=1, leader=1, prevLogIndex=111, prevLogTerm=1, entries=0, commitIndex=111}
02:19:57.139 [raft-server-1-state] TRACE i.a.p.raft.impl.RaftServiceManager - RaftServer{1} - Applying Indexed{index=111, entry=KeepAliveEntry{term=1, timestamp=2018-06-01 02:19:56,931, sessionIds=long[]{length=1, hash=33}, commandSequences=long[]{length=1, hash=131}, eventIndexes=long[]{length=1, hash=33}}}
02:19:57.139 [raft-server-1] TRACE i.a.protocols.raft.roles.LeaderRole - RaftServer{1}{role=LEADER} - Sending KeepAliveResponse{status=OK, leader=1, members=[2, 1, 3], sessionIds=long[]{length=1, hash=33}}
02:19:57.139 [raft-client-8d1a11e6-024d-41c6-816f-7d36669ce782-1] TRACE i.a.p.r.p.impl.RaftProxyConnection - RaftClient{8d1a11e6-024d-41c6-816f-7d36669ce782} - Received KeepAliveResponse{status=OK, leader=1, members=[2, 1, 3], sessionIds=long[]{length=1, hash=33}} from 1
02:19:57.173 [raft-server-2] TRACE i.a.p.raft.roles.FollowerRole - RaftServer{2}{role=FOLLOWER} - Committed entries up to index 111
02:19:57.173 [raft-server-2] TRACE i.a.p.raft.roles.FollowerRole - RaftServer{2}{role=FOLLOWER} - Sending AppendResponse{status=OK, term=1, succeeded=true, lastLogIndex=111}
02:19:57.173 [raft-server-1] TRACE i.a.p.raft.roles.LeaderAppender - RaftServer{1} - Received AppendResponse{status=OK, term=1, succeeded=true, lastLogIndex=111} from 2
02:19:57.173 [raft-server-2-state] TRACE i.a.p.raft.impl.RaftServiceManager - RaftServer{2} - Applying Indexed{index=111, entry=KeepAliveEntry{term=1, timestamp=2018-06-01 02:19:56,931, sessionIds=long[]{length=1, hash=33}, commandSequences=long[]{length=1, hash=131}, eventIndexes=long[]{length=1, hash=33}}}
02:19:57.198 [raft-server-3] TRACE i.a.p.raft.roles.FollowerRole - RaftServer{3}{role=FOLLOWER} - Committed entries up to index 111
02:19:57.198 [raft-server-3] TRACE i.a.p.raft.roles.FollowerRole - RaftServer{3}{role=FOLLOWER} - Sending AppendResponse{status=OK, term=1, succeeded=true, lastLogIndex=111}
02:19:57.198 [raft-server-1] TRACE i.a.p.raft.roles.LeaderAppender - RaftServer{1} - Received AppendResponse{status=OK, term=1, succeeded=true, lastLogIndex=111} from 3
02:19:57.198 [raft-server-3-state] TRACE i.a.p.raft.impl.RaftServiceManager - RaftServer{3} - Applying Indexed{index=111, entry=KeepAliveEntry{term=1, timestamp=2018-06-01 02:19:56,931, sessionIds=long[]{length=1, hash=33}, commandSequences=long[]{length=1, hash=131}, eventIndexes=long[]{length=1, hash=33}}}
02:19:57.226 [raft-server-1] TRACE i.a.p.raft.roles.LeaderAppender - RaftServer{1} - Sending AppendRequest{term=1, leader=1, prevLogIndex=111, prevLogTerm=1, entries=0, commitIndex=111} to 2
02:19:57.226 [raft-server-1] TRACE i.a.p.raft.roles.LeaderAppender - RaftServer{1} - Sending AppendRequest{term=1, leader=1, prevLogIndex=111, prevLogTerm=1, entries=0, commitIndex=111} to 3
02:19:57.226 [raft-server-2] TRACE i.a.p.raft.roles.FollowerRole - RaftServer{2}{role=FOLLOWER} - Received AppendRequest{term=1, leader=1, prevLogIndex=111, prevLogTerm=1, entries=0, commitIndex=111}
02:19:57.226 [raft-server-3] TRACE i.a.p.raft.roles.FollowerRole - RaftServer{3}{role=FOLLOWER} - Received AppendRequest{term=1, leader=1, prevLogIndex=111, prevLogTerm=1, entries=0, commitIndex=111}
02:19:57.226 [raft-server-2] TRACE i.a.p.raft.roles.FollowerRole - RaftServer{2}{role=FOLLOWER} - Sending AppendResponse{status=OK, term=1, succeeded=true, lastLogIndex=111}
02:19:57.226 [raft-server-3] TRACE i.a.p.raft.roles.FollowerRole - RaftServer{3}{role=FOLLOWER} - Sending AppendResponse{status=OK, term=1, succeeded=true, lastLogIndex=111}
02:19:57.227 [raft-server-1] TRACE i.a.p.raft.roles.LeaderAppender - RaftServer{1} - Received AppendResponse{status=OK, term=1, succeeded=true, lastLogIndex=111} from 2
02:19:57.227 [raft-server-1] TRACE i.a.p.raft.roles.LeaderAppender - RaftServer{1} - Sending AppendRequest{term=1, leader=1, prevLogIndex=111, prevLogTerm=1, entries=0, commitIndex=111} to 2
02:19:57.227 [raft-server-1] TRACE i.a.p.raft.roles.LeaderAppender - RaftServer{1} - Received AppendResponse{status=OK, term=1, succeeded=true, lastLogIndex=111} from 3
02:19:57.227 [raft-server-2] TRACE i.a.p.raft.roles.FollowerRole - RaftServer{2}{role=FOLLOWER} - Received AppendRequest{term=1, leader=1, prevLogIndex=111, prevLogTerm=1, entries=0, commitIndex=111}
02:19:57.227 [raft-server-2] TRACE i.a.p.raft.roles.FollowerRole - RaftServer{2}{role=FOLLOWER} - Sending AppendResponse{status=OK, term=1, succeeded=true, lastLogIndex=111}
02:19:57.227 [raft-server-1] TRACE i.a.p.raft.roles.LeaderAppender - RaftServer{1} - Sending AppendRequest{term=1, leader=1, prevLogIndex=111, prevLogTerm=1, entries=0, commitIndex=111} to 3
02:19:57.227 [raft-server-1] TRACE i.a.p.raft.roles.LeaderAppender - RaftServer{1} - Received AppendResponse{status=OK, term=1, succeeded=true, lastLogIndex=111} from 2
02:19:57.227 [raft-server-3] TRACE i.a.p.raft.roles.FollowerRole - RaftServer{3}{role=FOLLOWER} - Received AppendRequest{term=1, leader=1, prevLogIndex=111, prevLogTerm=1, entries=0, commitIndex=111}
02:19:57.227 [raft-server-3] TRACE i.a.p.raft.roles.FollowerRole - RaftServer{3}{role=FOLLOWER} - Sending AppendResponse{status=OK, term=1, succeeded=true, lastLogIndex=111}
02:19:57.227 [raft-server-1] TRACE i.a.p.raft.roles.LeaderAppender - RaftServer{1} - Received AppendResponse{status=OK, term=1, succeeded=true, lastLogIndex=111} from 3
02:19:57.476 [raft-server-1] TRACE i.a.p.raft.roles.LeaderAppender - RaftServer{1} - Sending AppendRequest{term=1, leader=1, prevLogIndex=111, prevLogTerm=1, entries=0, commitIndex=111} to 2
02:19:57.476 [raft-server-1] TRACE i.a.p.raft.roles.LeaderAppender - RaftServer{1} - Sending AppendRequest{term=1, leader=1, prevLogIndex=111, prevLogTerm=1, entries=0, commitIndex=111} to 3
02:19:57.476 [raft-server-2] TRACE i.a.p.raft.roles.FollowerRole - RaftServer{2}{role=FOLLOWER} - Received AppendRequest{term=1, leader=1, prevLogIndex=111, prevLogTerm=1, entries=0, commitIndex=111}
02:19:57.477 [raft-server-3] TRACE i.a.p.raft.roles.FollowerRole - RaftServer{3}{role=FOLLOWER} - Received AppendRequest{term=1, leader=1, prevLogIndex=111, prevLogTerm=1, entries=0, commitIndex=111}
02:19:57.477 [raft-server-2] TRACE i.a.p.raft.roles.FollowerRole - RaftServer{2}{role=FOLLOWER} - Sending AppendResponse{status=OK, term=1, succeeded=true, lastLogIndex=111}
02:19:57.477 [raft-server-3] TRACE i.a.p.raft.roles.FollowerRole - RaftServer{3}{role=FOLLOWER} - Sending AppendResponse{status=OK, term=1, succeeded=true, lastLogIndex=111}
02:19:57.477 [raft-server-1] TRACE i.a.p.raft.roles.LeaderAppender - RaftServer{1} - Received AppendResponse{status=OK, term=1, succeeded=true, lastLogIndex=111} from 2
02:19:57.477 [raft-server-1] TRACE i.a.p.raft.roles.LeaderAppender - RaftServer{1} - Sending AppendRequest{term=1, leader=1, prevLogIndex=111, prevLogTerm=1, entries=0, commitIndex=111} to 2
02:19:57.477 [raft-server-2] TRACE i.a.p.raft.roles.FollowerRole - RaftServer{2}{role=FOLLOWER} - Received AppendRequest{term=1, leader=1, prevLogIndex=111, prevLogTerm=1, entries=0, commitIndex=111}
02:19:57.477 [raft-server-1] TRACE i.a.p.raft.roles.LeaderAppender - RaftServer{1} - Received AppendResponse{status=OK, term=1, succeeded=true, lastLogIndex=111} from 3
02:19:57.477 [raft-server-2] TRACE i.a.p.raft.roles.FollowerRole - RaftServer{2}{role=FOLLOWER} - Sending AppendResponse{status=OK, term=1, succeeded=true, lastLogIndex=111}
02:19:57.477 [raft-server-1] TRACE i.a.p.raft.roles.LeaderAppender - RaftServer{1} - Sending AppendRequest{term=1, leader=1, prevLogIndex=111, prevLogTerm=1, entries=0, commitIndex=111} to 3
02:19:57.477 [raft-server-1] TRACE i.a.p.raft.roles.LeaderAppender - RaftServer{1} - Received AppendResponse{status=OK, term=1, succeeded=true, lastLogIndex=111} from 2
02:19:57.477 [raft-server-3] TRACE i.a.p.raft.roles.FollowerRole - RaftServer{3}{role=FOLLOWER} - Received AppendRequest{term=1, leader=1, prevLogIndex=111, prevLogTerm=1, entries=0, commitIndex=111}
02:19:57.477 [raft-server-3] TRACE i.a.p.raft.roles.FollowerRole - RaftServer{3}{role=FOLLOWER} - Sending AppendResponse{status=OK, term=1, succeeded=true, lastLogIndex=111}
02:19:57.477 [raft-server-1] TRACE i.a.p.raft.roles.LeaderAppender - RaftServer{1} - Received AppendResponse{status=OK, term=1, succeeded=true, lastLogIndex=111} from 3
02:19:57.726 [raft-server-1] TRACE i.a.p.raft.roles.LeaderAppender - RaftServer{1} - Sending AppendRequest{term=1, leader=1, prevLogIndex=111, prevLogTerm=1, entries=0, commitIndex=111} to 2
02:19:57.727 [raft-server-1] TRACE i.a.p.raft.roles.LeaderAppender - RaftServer{1} - Sending AppendRequest{term=1, leader=1, prevLogIndex=111, prevLogTerm=1, entries=0, commitIndex=111} to 3
02:19:57.727 [raft-server-2] TRACE i.a.p.raft.roles.FollowerRole - RaftServer{2}{role=FOLLOWER} - Received AppendRequest{term=1, leader=1, prevLogIndex=111, prevLogTerm=1, entries=0, commitIndex=111}
02:19:57.727 [raft-server-2] TRACE i.a.p.raft.roles.FollowerRole - RaftServer{2}{role=FOLLOWER} - Sending AppendResponse{status=OK, term=1, succeeded=true, lastLogIndex=111}
02:19:57.727 [raft-server-3] TRACE i.a.p.raft.roles.FollowerRole - RaftServer{3}{role=FOLLOWER} - Received AppendRequest{term=1, leader=1, prevLogIndex=111, prevLogTerm=1, entries=0, commitIndex=111}
02:19:57.727 [raft-server-3] TRACE i.a.p.raft.roles.FollowerRole - RaftServer{3}{role=FOLLOWER} - Sending AppendResponse{status=OK, term=1, succeeded=true, lastLogIndex=111}
02:19:57.727 [raft-server-1] TRACE i.a.p.raft.roles.LeaderAppender - RaftServer{1} - Received AppendResponse{status=OK, term=1, succeeded=true, lastLogIndex=111} from 2
02:19:57.727 [raft-server-1] TRACE i.a.p.raft.roles.LeaderAppender - RaftServer{1} - Sending AppendRequest{term=1, leader=1, prevLogIndex=111, prevLogTerm=1, entries=0, commitIndex=111} to 2
02:19:57.727 [raft-server-1] TRACE i.a.p.raft.roles.LeaderAppender - RaftServer{1} - Received AppendResponse{status=OK, term=1, succeeded=true, lastLogIndex=111} from 3
02:19:57.727 [raft-server-2] TRACE i.a.p.raft.roles.FollowerRole - RaftServer{2}{role=FOLLOWER} - Received AppendRequest{term=1, leader=1, prevLogIndex=111, prevLogTerm=1, entries=0, commitIndex=111}
02:19:57.727 [raft-server-2] TRACE i.a.p.raft.roles.FollowerRole - RaftServer{2}{role=FOLLOWER} - Sending AppendResponse{status=OK, term=1, succeeded=true, lastLogIndex=111}
02:19:57.727 [raft-server-1] TRACE i.a.p.raft.roles.LeaderAppender - RaftServer{1} - Received AppendResponse{status=OK, term=1, succeeded=true, lastLogIndex=111} from 2
02:19:57.976 [raft-server-1] TRACE i.a.p.raft.roles.LeaderAppender - RaftServer{1} - Sending AppendRequest{term=1, leader=1, prevLogIndex=111, prevLogTerm=1, entries=0, commitIndex=111} to 2
02:19:57.976 [raft-server-1] TRACE i.a.p.raft.roles.LeaderAppender - RaftServer{1} - Sending AppendRequest{term=1, leader=1, prevLogIndex=111, prevLogTerm=1, entries=0, commitIndex=111} to 3
02:19:57.976 [raft-server-2] TRACE i.a.p.raft.roles.FollowerRole - RaftServer{2}{role=FOLLOWER} - Received AppendRequest{term=1, leader=1, prevLogIndex=111, prevLogTerm=1, entries=0, commitIndex=111}
02:19:57.976 [raft-server-2] TRACE i.a.p.raft.roles.FollowerRole - RaftServer{2}{role=FOLLOWER} - Sending AppendResponse{status=OK, term=1, succeeded=true, lastLogIndex=111}
02:19:57.976 [raft-server-3] TRACE i.a.p.raft.roles.FollowerRole - RaftServer{3}{role=FOLLOWER} - Received AppendRequest{term=1, leader=1, prevLogIndex=111, prevLogTerm=1, entries=0, commitIndex=111}
02:19:57.977 [raft-server-3] TRACE i.a.p.raft.roles.FollowerRole - RaftServer{3}{role=FOLLOWER} - Sending AppendResponse{status=OK, term=1, succeeded=true, lastLogIndex=111}
02:19:57.977 [raft-server-1] TRACE i.a.p.raft.roles.LeaderAppender - RaftServer{1} - Received AppendResponse{status=OK, term=1, succeeded=true, lastLogIndex=111} from 2
02:19:57.977 [raft-server-1] TRACE i.a.p.raft.roles.LeaderAppender - RaftServer{1} - Sending AppendRequest{term=1, leader=1, prevLogIndex=111, prevLogTerm=1, entries=0, commitIndex=111} to 2
02:19:57.977 [raft-server-1] TRACE i.a.p.raft.roles.LeaderAppender - RaftServer{1} - Received AppendResponse{status=OK, term=1, succeeded=true, lastLogIndex=111} from 3
02:19:57.977 [raft-server-2] TRACE i.a.p.raft.roles.FollowerRole - RaftServer{2}{role=FOLLOWER} - Received AppendRequest{term=1, leader=1, prevLogIndex=111, prevLogTerm=1, entries=0, commitIndex=111}
02:19:57.977 [raft-server-2] TRACE i.a.p.raft.roles.FollowerRole - RaftServer{2}{role=FOLLOWER} - Sending AppendResponse{status=OK, term=1, succeeded=true, lastLogIndex=111}
02:19:57.977 [raft-server-1] TRACE i.a.p.raft.roles.LeaderAppender - RaftServer{1} - Sending AppendRequest{term=1, leader=1, prevLogIndex=111, prevLogTerm=1, entries=0, commitIndex=111} to 3
02:19:57.977 [raft-server-1] TRACE i.a.p.raft.roles.LeaderAppender - RaftServer{1} - Received AppendResponse{status=OK, term=1, succeeded=true, lastLogIndex=111} from 2
02:19:57.977 [raft-server-3] TRACE i.a.p.raft.roles.FollowerRole - RaftServer{3}{role=FOLLOWER} - Received AppendRequest{term=1, leader=1, prevLogIndex=111, prevLogTerm=1, entries=0, commitIndex=111}
02:19:57.977 [raft-server-3] TRACE i.a.p.raft.roles.FollowerRole - RaftServer{3}{role=FOLLOWER} - Sending AppendResponse{status=OK, term=1, succeeded=true, lastLogIndex=111}
02:19:57.978 [raft-server-1] TRACE i.a.p.raft.roles.LeaderAppender - RaftServer{1} - Received AppendResponse{status=OK, term=1, succeeded=true, lastLogIndex=111} from 3
02:19:58.226 [raft-server-1] TRACE i.a.p.raft.roles.LeaderAppender - RaftServer{1} - Sending AppendRequest{term=1, leader=1, prevLogIndex=111, prevLogTerm=1, entries=0, commitIndex=111} to 2
02:19:58.226 [raft-server-1] TRACE i.a.p.raft.roles.LeaderAppender - RaftServer{1} - Sending AppendRequest{term=1, leader=1, prevLogIndex=111, prevLogTerm=1, entries=0, commitIndex=111} to 3
02:19:58.226 [raft-server-2] TRACE i.a.p.raft.roles.FollowerRole - RaftServer{2}{role=FOLLOWER} - Received AppendRequest{term=1, leader=1, prevLogIndex=111, prevLogTerm=1, entries=0, commitIndex=111}
02:19:58.227 [raft-server-2] TRACE i.a.p.raft.roles.FollowerRole - RaftServer{2}{role=FOLLOWER} - Sending AppendResponse{status=OK, term=1, succeeded=true, lastLogIndex=111}
02:19:58.227 [raft-server-3] TRACE i.a.p.raft.roles.FollowerRole - RaftServer{3}{role=FOLLOWER} - Received AppendRequest{term=1, leader=1, prevLogIndex=111, prevLogTerm=1, entries=0, commitIndex=111}
02:19:58.227 [raft-server-1] TRACE i.a.p.raft.roles.LeaderAppender - RaftServer{1} - Received AppendResponse{status=OK, term=1, succeeded=true, lastLogIndex=111} from 2
02:19:58.227 [raft-server-1] TRACE i.a.p.raft.roles.LeaderAppender - RaftServer{1} - Sending AppendRequest{term=1, leader=1, prevLogIndex=111, prevLogTerm=1, entries=0, commitIndex=111} to 2
02:19:58.227 [raft-server-2] TRACE i.a.p.raft.roles.FollowerRole - RaftServer{2}{role=FOLLOWER} - Received AppendRequest{term=1, leader=1, prevLogIndex=111, prevLogTerm=1, entries=0, commitIndex=111}
02:19:58.227 [raft-server-2] TRACE i.a.p.raft.roles.FollowerRole - RaftServer{2}{role=FOLLOWER} - Sending AppendResponse{status=OK, term=1, succeeded=true, lastLogIndex=111}
02:19:58.227 [raft-server-3] TRACE i.a.p.raft.roles.FollowerRole - RaftServer{3}{role=FOLLOWER} - Sending AppendResponse{status=OK, term=1, succeeded=true, lastLogIndex=111}
02:19:58.227 [raft-server-1] TRACE i.a.p.raft.roles.LeaderAppender - RaftServer{1} - Received AppendResponse{status=OK, term=1, succeeded=true, lastLogIndex=111} from 2
02:19:58.227 [raft-server-1] TRACE i.a.p.raft.roles.LeaderAppender - RaftServer{1} - Received AppendResponse{status=OK, term=1, succeeded=true, lastLogIndex=111} from 3
02:19:58.476 [raft-server-1] TRACE i.a.p.raft.roles.LeaderAppender - RaftServer{1} - Sending AppendRequest{term=1, leader=1, prevLogIndex=111, prevLogTerm=1, entries=0, commitIndex=111} to 2
02:19:58.476 [raft-server-1] TRACE i.a.p.raft.roles.LeaderAppender - RaftServer{1} - Sending AppendRequest{term=1, leader=1, prevLogIndex=111, prevLogTerm=1, entries=0, commitIndex=111} to 3
02:19:58.476 [raft-server-2] TRACE i.a.p.raft.roles.FollowerRole - RaftServer{2}{role=FOLLOWER} - Received AppendRequest{term=1, leader=1, prevLogIndex=111, prevLogTerm=1, entries=0, commitIndex=111}
02:19:58.476 [raft-server-3] TRACE i.a.p.raft.roles.FollowerRole - RaftServer{3}{role=FOLLOWER} - Received AppendRequest{term=1, leader=1, prevLogIndex=111, prevLogTerm=1, entries=0, commitIndex=111}
02:19:58.477 [raft-server-2] TRACE i.a.p.raft.roles.FollowerRole - RaftServer{2}{role=FOLLOWER} - Sending AppendResponse{status=OK, term=1, succeeded=true, lastLogIndex=111}
02:19:58.477 [raft-server-3] TRACE i.a.p.raft.roles.FollowerRole - RaftServer{3}{role=FOLLOWER} - Sending AppendResponse{status=OK, term=1, succeeded=true, lastLogIndex=111}
02:19:58.477 [raft-server-1] TRACE i.a.p.raft.roles.LeaderAppender - RaftServer{1} - Received AppendResponse{status=OK, term=1, succeeded=true, lastLogIndex=111} from 2
02:19:58.477 [raft-server-1] TRACE i.a.p.raft.roles.LeaderAppender - RaftServer{1} - Sending AppendRequest{term=1, leader=1, prevLogIndex=111, prevLogTerm=1, entries=0, commitIndex=111} to 2
02:19:58.477 [raft-server-1] TRACE i.a.p.raft.roles.LeaderAppender - RaftServer{1} - Received AppendResponse{status=OK, term=1, succeeded=true, lastLogIndex=111} from 3
02:19:58.477 [raft-server-2] TRACE i.a.p.raft.roles.FollowerRole - RaftServer{2}{role=FOLLOWER} - Received AppendRequest{term=1, leader=1, prevLogIndex=111, prevLogTerm=1, entries=0, commitIndex=111}
02:19:58.477 [raft-server-1] TRACE i.a.p.raft.roles.LeaderAppender - RaftServer{1} - Sending AppendRequest{term=1, leader=1, prevLogIndex=111, prevLogTerm=1, entries=0, commitIndex=111} to 3
02:19:58.477 [raft-server-2] TRACE i.a.p.raft.roles.FollowerRole - RaftServer{2}{role=FOLLOWER} - Sending AppendResponse{status=OK, term=1, succeeded=true, lastLogIndex=111}
02:19:58.477 [raft-server-3] TRACE i.a.p.raft.roles.FollowerRole - RaftServer{3}{role=FOLLOWER} - Received AppendRequest{term=1, leader=1, prevLogIndex=111, prevLogTerm=1, entries=0, commitIndex=111}
02:19:58.478 [raft-server-3] TRACE i.a.p.raft.roles.FollowerRole - RaftServer{3}{role=FOLLOWER} - Sending AppendResponse{status=OK, term=1, succeeded=true, lastLogIndex=111}
02:19:58.478 [raft-server-1] TRACE i.a.p.raft.roles.LeaderAppender - RaftServer{1} - Received AppendResponse{status=OK, term=1, succeeded=true, lastLogIndex=111} from 2
02:19:58.478 [raft-server-1] TRACE i.a.p.raft.roles.LeaderAppender - RaftServer{1} - Received AppendResponse{status=OK, term=1, succeeded=true, lastLogIndex=111} from 3
02:19:58.726 [raft-server-1] TRACE i.a.p.raft.roles.LeaderAppender - RaftServer{1} - Sending AppendRequest{term=1, leader=1, prevLogIndex=111, prevLogTerm=1, entries=0, commitIndex=111} to 2
02:19:58.726 [raft-server-2] TRACE i.a.p.raft.roles.FollowerRole - RaftServer{2}{role=FOLLOWER} - Received AppendRequest{term=1, leader=1, prevLogIndex=111, prevLogTerm=1, entries=0, commitIndex=111}
02:19:58.726 [raft-server-1] TRACE i.a.p.raft.roles.LeaderAppender - RaftServer{1} - Sending AppendRequest{term=1, leader=1, prevLogIndex=111, prevLogTerm=1, entries=0, commitIndex=111} to 3
02:19:58.726 [raft-server-2] TRACE i.a.p.raft.roles.FollowerRole - RaftServer{2}{role=FOLLOWER} - Sending AppendResponse{status=OK, term=1, succeeded=true, lastLogIndex=111}
02:19:58.726 [raft-server-3] TRACE i.a.p.raft.roles.FollowerRole - RaftServer{3}{role=FOLLOWER} - Received AppendRequest{term=1, leader=1, prevLogIndex=111, prevLogTerm=1, entries=0, commitIndex=111}
02:19:58.727 [raft-server-1] TRACE i.a.p.raft.roles.LeaderAppender - RaftServer{1} - Received AppendResponse{status=OK, term=1, succeeded=true, lastLogIndex=111} from 2
02:19:58.727 [raft-server-3] TRACE i.a.p.raft.roles.FollowerRole - RaftServer{3}{role=FOLLOWER} - Sending AppendResponse{status=OK, term=1, succeeded=true, lastLogIndex=111}
02:19:58.727 [raft-server-1] TRACE i.a.p.raft.roles.LeaderAppender - RaftServer{1} - Sending AppendRequest{term=1, leader=1, prevLogIndex=111, prevLogTerm=1, entries=0, commitIndex=111} to 2
02:19:58.727 [raft-server-2] TRACE i.a.p.raft.roles.FollowerRole - RaftServer{2}{role=FOLLOWER} - Received AppendRequest{term=1, leader=1, prevLogIndex=111, prevLogTerm=1, entries=0, commitIndex=111}
02:19:58.727 [raft-server-1] TRACE i.a.p.raft.roles.LeaderAppender - RaftServer{1} - Received AppendResponse{status=OK, term=1, succeeded=true, lastLogIndex=111} from 3
02:19:58.727 [raft-server-2] TRACE i.a.p.raft.roles.FollowerRole - RaftServer{2}{role=FOLLOWER} - Sending AppendResponse{status=OK, term=1, succeeded=true, lastLogIndex=111}
02:19:58.727 [raft-server-1] TRACE i.a.p.raft.roles.LeaderAppender - RaftServer{1} - Sending AppendRequest{term=1, leader=1, prevLogIndex=111, prevLogTerm=1, entries=0, commitIndex=111} to 3
02:19:58.727 [raft-server-3] TRACE i.a.p.raft.roles.FollowerRole - RaftServer{3}{role=FOLLOWER} - Received AppendRequest{term=1, leader=1, prevLogIndex=111, prevLogTerm=1, entries=0, commitIndex=111}
02:19:58.727 [raft-server-1] TRACE i.a.p.raft.roles.LeaderAppender - RaftServer{1} - Received AppendResponse{status=OK, term=1, succeeded=true, lastLogIndex=111} from 2
02:19:58.727 [raft-server-3] TRACE i.a.p.raft.roles.FollowerRole - RaftServer{3}{role=FOLLOWER} - Sending AppendResponse{status=OK, term=1, succeeded=true, lastLogIndex=111}
02:19:58.727 [raft-server-1] TRACE i.a.p.raft.roles.LeaderAppender - RaftServer{1} - Received AppendResponse{status=OK, term=1, succeeded=true, lastLogIndex=111} from 3
02:19:58.976 [raft-server-1] TRACE i.a.p.raft.roles.LeaderAppender - RaftServer{1} - Sending AppendRequest{term=1, leader=1, prevLogIndex=111, prevLogTerm=1, entries=0, commitIndex=111} to 2
02:19:58.976 [raft-server-1] TRACE i.a.p.raft.roles.LeaderAppender - RaftServer{1} - Sending AppendRequest{term=1, leader=1, prevLogIndex=111, prevLogTerm=1, entries=0, commitIndex=111} to 3
02:19:58.976 [raft-server-2] TRACE i.a.p.raft.roles.FollowerRole - RaftServer{2}{role=FOLLOWER} - Received AppendRequest{term=1, leader=1, prevLogIndex=111, prevLogTerm=1, entries=0, commitIndex=111}
02:19:58.976 [raft-server-3] TRACE i.a.p.raft.roles.FollowerRole - RaftServer{3}{role=FOLLOWER} - Received AppendRequest{term=1, leader=1, prevLogIndex=111, prevLogTerm=1, entries=0, commitIndex=111}
02:19:58.976 [raft-server-2] TRACE i.a.p.raft.roles.FollowerRole - RaftServer{2}{role=FOLLOWER} - Sending AppendResponse{status=OK, term=1, succeeded=true, lastLogIndex=111}
02:19:58.976 [raft-server-3] TRACE i.a.p.raft.roles.FollowerRole - RaftServer{3}{role=FOLLOWER} - Sending AppendResponse{status=OK, term=1, succeeded=true, lastLogIndex=111}
02:19:58.977 [raft-server-1] TRACE i.a.p.raft.roles.LeaderAppender - RaftServer{1} - Received AppendResponse{status=OK, term=1, succeeded=true, lastLogIndex=111} from 2
02:19:58.977 [raft-server-1] TRACE i.a.p.raft.roles.LeaderAppender - RaftServer{1} - Sending AppendRequest{term=1, leader=1, prevLogIndex=111, prevLogTerm=1, entries=0, commitIndex=111} to 2
02:19:58.977 [raft-server-2] TRACE i.a.p.raft.roles.FollowerRole - RaftServer{2}{role=FOLLOWER} - Received AppendRequest{term=1, leader=1, prevLogIndex=111, prevLogTerm=1, entries=0, commitIndex=111}
02:19:58.977 [raft-server-1] TRACE i.a.p.raft.roles.LeaderAppender - RaftServer{1} - Received AppendResponse{status=OK, term=1, succeeded=true, lastLogIndex=111} from 3
02:19:58.977 [raft-server-2] TRACE i.a.p.raft.roles.FollowerRole - RaftServer{2}{role=FOLLOWER} - Sending AppendResponse{status=OK, term=1, succeeded=true, lastLogIndex=111}
02:19:58.977 [raft-server-1] TRACE i.a.p.raft.roles.LeaderAppender - RaftServer{1} - Sending AppendRequest{term=1, leader=1, prevLogIndex=111, prevLogTerm=1, entries=0, commitIndex=111} to 3
02:19:58.977 [raft-server-1] TRACE i.a.p.raft.roles.LeaderAppender - RaftServer{1} - Received AppendResponse{status=OK, term=1, succeeded=true, lastLogIndex=111} from 2
02:19:58.977 [raft-server-3] TRACE i.a.p.raft.roles.FollowerRole - RaftServer{3}{role=FOLLOWER} - Received AppendRequest{term=1, leader=1, prevLogIndex=111, prevLogTerm=1, entries=0, commitIndex=111}
02:19:58.977 [raft-server-3] TRACE i.a.p.raft.roles.FollowerRole - RaftServer{3}{role=FOLLOWER} - Sending AppendResponse{status=OK, term=1, succeeded=true, lastLogIndex=111}
02:19:58.977 [raft-server-1] TRACE i.a.p.raft.roles.LeaderAppender - RaftServer{1} - Received AppendResponse{status=OK, term=1, succeeded=true, lastLogIndex=111} from 3
02:19:59.226 [raft-server-1] TRACE i.a.p.raft.roles.LeaderAppender - RaftServer{1} - Sending AppendRequest{term=1, leader=1, prevLogIndex=111, prevLogTerm=1, entries=0, commitIndex=111} to 2
02:19:59.226 [raft-server-1] TRACE i.a.p.raft.roles.LeaderAppender - RaftServer{1} - Sending AppendRequest{term=1, leader=1, prevLogIndex=111, prevLogTerm=1, entries=0, commitIndex=111} to 3
02:19:59.226 [raft-server-2] TRACE i.a.p.raft.roles.FollowerRole - RaftServer{2}{role=FOLLOWER} - Received AppendRequest{term=1, leader=1, prevLogIndex=111, prevLogTerm=1, entries=0, commitIndex=111}
02:19:59.226 [raft-server-2] TRACE i.a.p.raft.roles.FollowerRole - RaftServer{2}{role=FOLLOWER} - Sending AppendResponse{status=OK, term=1, succeeded=true, lastLogIndex=111}
02:19:59.227 [raft-server-3] TRACE i.a.p.raft.roles.FollowerRole - RaftServer{3}{role=FOLLOWER} - Received AppendRequest{term=1, leader=1, prevLogIndex=111, prevLogTerm=1, entries=0, commitIndex=111}
02:19:59.227 [raft-server-1] TRACE i.a.p.raft.roles.LeaderAppender - RaftServer{1} - Received AppendResponse{status=OK, term=1, succeeded=true, lastLogIndex=111} from 2
02:19:59.227 [raft-server-3] TRACE i.a.p.raft.roles.FollowerRole - RaftServer{3}{role=FOLLOWER} - Sending AppendResponse{status=OK, term=1, succeeded=true, lastLogIndex=111}
02:19:59.227 [raft-server-1] TRACE i.a.p.raft.roles.LeaderAppender - RaftServer{1} - Sending AppendRequest{term=1, leader=1, prevLogIndex=111, prevLogTerm=1, entries=0, commitIndex=111} to 2
02:19:59.227 [raft-server-1] TRACE i.a.p.raft.roles.LeaderAppender - RaftServer{1} - Received AppendResponse{status=OK, term=1, succeeded=true, lastLogIndex=111} from 3
02:19:59.227 [raft-server-2] TRACE i.a.p.raft.roles.FollowerRole - RaftServer{2}{role=FOLLOWER} - Received AppendRequest{term=1, leader=1, prevLogIndex=111, prevLogTerm=1, entries=0, commitIndex=111}
02:19:59.227 [raft-server-2] TRACE i.a.p.raft.roles.FollowerRole - RaftServer{2}{role=FOLLOWER} - Sending AppendResponse{status=OK, term=1, succeeded=true, lastLogIndex=111}
02:19:59.227 [raft-server-1] TRACE i.a.p.raft.roles.LeaderAppender - RaftServer{1} - Sending AppendRequest{term=1, leader=1, prevLogIndex=111, prevLogTerm=1, entries=0, commitIndex=111} to 3
02:19:59.227 [raft-server-1] TRACE i.a.p.raft.roles.LeaderAppender - RaftServer{1} - Received AppendResponse{status=OK, term=1, succeeded=true, lastLogIndex=111} from 2
02:19:59.227 [raft-server-3] TRACE i.a.p.raft.roles.FollowerRole - RaftServer{3}{role=FOLLOWER} - Received AppendRequest{term=1, leader=1, prevLogIndex=111, prevLogTerm=1, entries=0, commitIndex=111}
02:19:59.227 [raft-server-3] TRACE i.a.p.raft.roles.FollowerRole - RaftServer{3}{role=FOLLOWER} - Sending AppendResponse{status=OK, term=1, succeeded=true, lastLogIndex=111}
02:19:59.227 [raft-server-1] TRACE i.a.p.raft.roles.LeaderAppender - RaftServer{1} - Received AppendResponse{status=OK, term=1, succeeded=true, lastLogIndex=111} from 3
02:19:59.432 [raft-client-8d1a11e6-024d-41c6-816f-7d36669ce782-1] TRACE i.a.p.r.proxy.impl.RaftProxyManager - RaftClient{8d1a11e6-024d-41c6-816f-7d36669ce782} - Keeping 1 sessions alive
02:19:59.432 [raft-client-8d1a11e6-024d-41c6-816f-7d36669ce782-1] TRACE i.a.p.r.p.impl.RaftProxyConnection - RaftClient{8d1a11e6-024d-41c6-816f-7d36669ce782} - Sending KeepAliveRequest{sessionIds=long[]{length=1, hash=33}, commandSequences=long[]{length=1, hash=131}, eventIndexes=long[]{length=1, hash=33}} to 1
02:19:59.432 [raft-server-1] TRACE i.a.protocols.raft.roles.LeaderRole - RaftServer{1}{role=LEADER} - Received KeepAliveRequest{sessionIds=long[]{length=1, hash=33}, commandSequences=long[]{length=1, hash=131}, eventIndexes=long[]{length=1, hash=33}}
02:19:59.432 [raft-server-1] TRACE i.a.protocols.raft.roles.LeaderRole - RaftServer{1}{role=LEADER} - Appended Indexed{index=112, entry=KeepAliveEntry{term=1, timestamp=2018-06-01 02:19:59,432, sessionIds=long[]{length=1, hash=33}, commandSequences=long[]{length=1, hash=131}, eventIndexes=long[]{length=1, hash=33}}}
02:19:59.433 [raft-server-1] TRACE i.a.p.raft.roles.LeaderAppender - RaftServer{1} - Sending AppendRequest{term=1, leader=1, prevLogIndex=111, prevLogTerm=1, entries=1, commitIndex=111} to 2
02:19:59.433 [raft-server-1] TRACE i.a.p.raft.roles.LeaderAppender - RaftServer{1} - Sending AppendRequest{term=1, leader=1, prevLogIndex=111, prevLogTerm=1, entries=1, commitIndex=111} to 3
02:19:59.433 [raft-server-2] TRACE i.a.p.raft.roles.FollowerRole - RaftServer{2}{role=FOLLOWER} - Received AppendRequest{term=1, leader=1, prevLogIndex=111, prevLogTerm=1, entries=1, commitIndex=111}
02:19:59.433 [raft-server-3] TRACE i.a.p.raft.roles.FollowerRole - RaftServer{3}{role=FOLLOWER} - Received AppendRequest{term=1, leader=1, prevLogIndex=111, prevLogTerm=1, entries=1, commitIndex=111}
02:19:59.433 [raft-server-3] TRACE i.a.p.raft.roles.FollowerRole - RaftServer{3}{role=FOLLOWER} - Appended Indexed{index=112, entry=KeepAliveEntry{term=1, timestamp=2018-06-01 02:19:59,432, sessionIds=long[]{length=1, hash=33}, commandSequences=long[]{length=1, hash=131}, eventIndexes=long[]{length=1, hash=33}}}
02:19:59.433 [raft-server-2] TRACE i.a.p.raft.roles.FollowerRole - RaftServer{2}{role=FOLLOWER} - Appended Indexed{index=112, entry=KeepAliveEntry{term=1, timestamp=2018-06-01 02:19:59,432, sessionIds=long[]{length=1, hash=33}, commandSequences=long[]{length=1, hash=131}, eventIndexes=long[]{length=1, hash=33}}}
02:19:59.433 [raft-server-3] TRACE i.a.p.raft.roles.FollowerRole - RaftServer{3}{role=FOLLOWER} - Sending AppendResponse{status=OK, term=1, succeeded=true, lastLogIndex=112}
02:19:59.433 [raft-server-2] TRACE i.a.p.raft.roles.FollowerRole - RaftServer{2}{role=FOLLOWER} - Sending AppendResponse{status=OK, term=1, succeeded=true, lastLogIndex=112}
02:19:59.434 [raft-server-1] TRACE i.a.p.raft.roles.LeaderAppender - RaftServer{1} - Received AppendResponse{status=OK, term=1, succeeded=true, lastLogIndex=112} from 3
02:19:59.434 [raft-server-1] TRACE i.a.p.raft.roles.LeaderAppender - RaftServer{1} - Committed entries up to 112
02:19:59.463 [raft-server-1] TRACE i.a.p.raft.roles.LeaderAppender - RaftServer{1} - Received AppendResponse{status=OK, term=1, succeeded=true, lastLogIndex=112} from 2
02:19:59.463 [raft-server-1-state] TRACE i.a.p.raft.impl.RaftServiceManager - RaftServer{1} - Applying Indexed{index=112, entry=KeepAliveEntry{term=1, timestamp=2018-06-01 02:19:59,432, sessionIds=long[]{length=1, hash=33}, commandSequences=long[]{length=1, hash=131}, eventIndexes=long[]{length=1, hash=33}}}
02:19:59.464 [raft-server-1] TRACE i.a.protocols.raft.roles.LeaderRole - RaftServer{1}{role=LEADER} - Sending KeepAliveResponse{status=OK, leader=1, members=[2, 1, 3], sessionIds=long[]{length=1, hash=33}}
02:19:59.464 [raft-client-8d1a11e6-024d-41c6-816f-7d36669ce782-2] TRACE i.a.p.r.p.impl.RaftProxyConnection - RaftClient{8d1a11e6-024d-41c6-816f-7d36669ce782} - Received KeepAliveResponse{status=OK, leader=1, members=[2, 1, 3], sessionIds=long[]{length=1, hash=33}} from 1
02:19:59.476 [raft-server-1] TRACE i.a.p.raft.roles.LeaderAppender - RaftServer{1} - Sending AppendRequest{term=1, leader=1, prevLogIndex=112, prevLogTerm=1, entries=0, commitIndex=112} to 2
02:19:59.476 [raft-server-1] TRACE i.a.p.raft.roles.LeaderAppender - RaftServer{1} - Sending AppendRequest{term=1, leader=1, prevLogIndex=112, prevLogTerm=1, entries=0, commitIndex=112} to 3
02:19:59.476 [raft-server-2] TRACE i.a.p.raft.roles.FollowerRole - RaftServer{2}{role=FOLLOWER} - Received AppendRequest{term=1, leader=1, prevLogIndex=112, prevLogTerm=1, entries=0, commitIndex=112}
02:19:59.476 [raft-server-3] TRACE i.a.p.raft.roles.FollowerRole - RaftServer{3}{role=FOLLOWER} - Received AppendRequest{term=1, leader=1, prevLogIndex=112, prevLogTerm=1, entries=0, commitIndex=112}
02:19:59.531 [raft-server-3] TRACE i.a.p.raft.roles.FollowerRole - RaftServer{3}{role=FOLLOWER} - Committed entries up to index 112
02:19:59.531 [raft-server-2] TRACE i.a.p.raft.roles.FollowerRole - RaftServer{2}{role=FOLLOWER} - Committed entries up to index 112
02:19:59.531 [raft-server-3] TRACE i.a.p.raft.roles.FollowerRole - RaftServer{3}{role=FOLLOWER} - Sending AppendResponse{status=OK, term=1, succeeded=true, lastLogIndex=112}
02:19:59.531 [raft-server-2] TRACE i.a.p.raft.roles.FollowerRole - RaftServer{2}{role=FOLLOWER} - Sending AppendResponse{status=OK, term=1, succeeded=true, lastLogIndex=112}
02:19:59.531 [raft-server-1] TRACE i.a.p.raft.roles.LeaderAppender - RaftServer{1} - Received AppendResponse{status=OK, term=1, succeeded=true, lastLogIndex=112} from 3
02:19:59.532 [raft-server-3-state] TRACE i.a.p.raft.impl.RaftServiceManager - RaftServer{3} - Applying Indexed{index=112, entry=KeepAliveEntry{term=1, timestamp=2018-06-01 02:19:59,432, sessionIds=long[]{length=1, hash=33}, commandSequences=long[]{length=1, hash=131}, eventIndexes=long[]{length=1, hash=33}}}
02:19:59.532 [raft-server-2-state] TRACE i.a.p.raft.impl.RaftServiceManager - RaftServer{2} - Applying Indexed{index=112, entry=KeepAliveEntry{term=1, timestamp=2018-06-01 02:19:59,432, sessionIds=long[]{length=1, hash=33}, commandSequences=long[]{length=1, hash=131}, eventIndexes=long[]{length=1, hash=33}}}
02:19:59.532 [raft-server-1] TRACE i.a.p.raft.roles.LeaderAppender - RaftServer{1} - Sending AppendRequest{term=1, leader=1, prevLogIndex=112, prevLogTerm=1, entries=0, commitIndex=112} to 3
02:19:59.532 [raft-server-3] TRACE i.a.p.raft.roles.FollowerRole - RaftServer{3}{role=FOLLOWER} - Received AppendRequest{term=1, leader=1, prevLogIndex=112, prevLogTerm=1, entries=0, commitIndex=112}
02:19:59.532 [raft-server-1] TRACE i.a.p.raft.roles.LeaderAppender - RaftServer{1} - Received AppendResponse{status=OK, term=1, succeeded=true, lastLogIndex=112} from 2
02:19:59.532 [raft-server-3] TRACE i.a.p.raft.roles.FollowerRole - RaftServer{3}{role=FOLLOWER} - Sending AppendResponse{status=OK, term=1, succeeded=true, lastLogIndex=112}
02:19:59.532 [raft-server-1] TRACE i.a.p.raft.roles.LeaderAppender - RaftServer{1} - Sending AppendRequest{term=1, leader=1, prevLogIndex=112, prevLogTerm=1, entries=0, commitIndex=112} to 2
02:19:59.532 [raft-server-2] TRACE i.a.p.raft.roles.FollowerRole - RaftServer{2}{role=FOLLOWER} - Received AppendRequest{term=1, leader=1, prevLogIndex=112, prevLogTerm=1, entries=0, commitIndex=112}
02:19:59.532 [raft-server-1] TRACE i.a.p.raft.roles.LeaderAppender - RaftServer{1} - Received AppendResponse{status=OK, term=1, succeeded=true, lastLogIndex=112} from 3
02:19:59.532 [raft-server-2] TRACE i.a.p.raft.roles.FollowerRole - RaftServer{2}{role=FOLLOWER} - Sending AppendResponse{status=OK, term=1, succeeded=true, lastLogIndex=112}
02:19:59.532 [raft-server-1] TRACE i.a.p.raft.roles.LeaderAppender - RaftServer{1} - Received AppendResponse{status=OK, term=1, succeeded=true, lastLogIndex=112} from 2
02:19:59.726 [raft-server-1] TRACE i.a.p.raft.roles.LeaderAppender - RaftServer{1} - Sending AppendRequest{term=1, leader=1, prevLogIndex=112, prevLogTerm=1, entries=0, commitIndex=112} to 2
02:19:59.726 [raft-server-1] TRACE i.a.p.raft.roles.LeaderAppender - RaftServer{1} - Sending AppendRequest{term=1, leader=1, prevLogIndex=112, prevLogTerm=1, entries=0, commitIndex=112} to 3
02:19:59.726 [raft-server-2] TRACE i.a.p.raft.roles.FollowerRole - RaftServer{2}{role=FOLLOWER} - Received AppendRequest{term=1, leader=1, prevLogIndex=112, prevLogTerm=1, entries=0, commitIndex=112}
02:19:59.726 [raft-server-3] TRACE i.a.p.raft.roles.FollowerRole - RaftServer{3}{role=FOLLOWER} - Received AppendRequest{term=1, leader=1, prevLogIndex=112, prevLogTerm=1, entries=0, commitIndex=112}
02:19:59.726 [raft-server-2] TRACE i.a.p.raft.roles.FollowerRole - RaftServer{2}{role=FOLLOWER} - Sending AppendResponse{status=OK, term=1, succeeded=true, lastLogIndex=112}
02:19:59.727 [raft-server-3] TRACE i.a.p.raft.roles.FollowerRole - RaftServer{3}{role=FOLLOWER} - Sending AppendResponse{status=OK, term=1, succeeded=true, lastLogIndex=112}
02:19:59.727 [raft-server-1] TRACE i.a.p.raft.roles.LeaderAppender - RaftServer{1} - Received AppendResponse{status=OK, term=1, succeeded=true, lastLogIndex=112} from 2
02:19:59.727 [raft-server-1] TRACE i.a.p.raft.roles.LeaderAppender - RaftServer{1} - Sending AppendRequest{term=1, leader=1, prevLogIndex=112, prevLogTerm=1, entries=0, commitIndex=112} to 2
02:19:59.727 [raft-server-1] TRACE i.a.p.raft.roles.LeaderAppender - RaftServer{1} - Received AppendResponse{status=OK, term=1, succeeded=true, lastLogIndex=112} from 3
02:19:59.727 [raft-server-2] TRACE i.a.p.raft.roles.FollowerRole - RaftServer{2}{role=FOLLOWER} - Received AppendRequest{term=1, leader=1, prevLogIndex=112, prevLogTerm=1, entries=0, commitIndex=112}
02:19:59.727 [raft-server-1] TRACE i.a.p.raft.roles.LeaderAppender - RaftServer{1} - Sending AppendRequest{term=1, leader=1, prevLogIndex=112, prevLogTerm=1, entries=0, commitIndex=112} to 3
02:19:59.727 [raft-server-2] TRACE i.a.p.raft.roles.FollowerRole - RaftServer{2}{role=FOLLOWER} - Sending AppendResponse{status=OK, term=1, succeeded=true, lastLogIndex=112}
02:19:59.727 [raft-server-3] TRACE i.a.p.raft.roles.FollowerRole - RaftServer{3}{role=FOLLOWER} - Received AppendRequest{term=1, leader=1, prevLogIndex=112, prevLogTerm=1, entries=0, commitIndex=112}
02:19:59.727 [raft-server-1] TRACE i.a.p.raft.roles.LeaderAppender - RaftServer{1} - Received AppendResponse{status=OK, term=1, succeeded=true, lastLogIndex=112} from 2
02:19:59.727 [raft-server-3] TRACE i.a.p.raft.roles.FollowerRole - RaftServer{3}{role=FOLLOWER} - Sending AppendResponse{status=OK, term=1, succeeded=true, lastLogIndex=112}
02:19:59.727 [raft-server-1] TRACE i.a.p.raft.roles.LeaderAppender - RaftServer{1} - Received AppendResponse{status=OK, term=1, succeeded=true, lastLogIndex=112} from 3
02:19:59.976 [raft-server-1] TRACE i.a.p.raft.roles.LeaderAppender - RaftServer{1} - Sending AppendRequest{term=1, leader=1, prevLogIndex=112, prevLogTerm=1, entries=0, commitIndex=112} to 2
02:19:59.976 [raft-server-1] TRACE i.a.p.raft.roles.LeaderAppender - RaftServer{1} - Sending AppendRequest{term=1, leader=1, prevLogIndex=112, prevLogTerm=1, entries=0, commitIndex=112} to 3
02:19:59.976 [raft-server-2] TRACE i.a.p.raft.roles.FollowerRole - RaftServer{2}{role=FOLLOWER} - Received AppendRequest{term=1, leader=1, prevLogIndex=112, prevLogTerm=1, entries=0, commitIndex=112}
02:19:59.976 [raft-server-3] TRACE i.a.p.raft.roles.FollowerRole - RaftServer{3}{role=FOLLOWER} - Received AppendRequest{term=1, leader=1, prevLogIndex=112, prevLogTerm=1, entries=0, commitIndex=112}
02:19:59.976 [raft-server-2] TRACE i.a.p.raft.roles.FollowerRole - RaftServer{2}{role=FOLLOWER} - Sending AppendResponse{status=OK, term=1, succeeded=true, lastLogIndex=112}
02:19:59.976 [raft-server-3] TRACE i.a.p.raft.roles.FollowerRole - RaftServer{3}{role=FOLLOWER} - Sending AppendResponse{status=OK, term=1, succeeded=true, lastLogIndex=112}
02:19:59.976 [raft-server-1] TRACE i.a.p.raft.roles.LeaderAppender - RaftServer{1} - Received AppendResponse{status=OK, term=1, succeeded=true, lastLogIndex=112} from 2
02:19:59.977 [raft-server-1] TRACE i.a.p.raft.roles.LeaderAppender - RaftServer{1} - Sending AppendRequest{term=1, leader=1, prevLogIndex=112, prevLogTerm=1, entries=0, commitIndex=112} to 2
02:19:59.977 [raft-server-1] TRACE i.a.p.raft.roles.LeaderAppender - RaftServer{1} - Received AppendResponse{status=OK, term=1, succeeded=true, lastLogIndex=112} from 3
02:19:59.977 [raft-server-2] TRACE i.a.p.raft.roles.FollowerRole - RaftServer{2}{role=FOLLOWER} - Received AppendRequest{term=1, leader=1, prevLogIndex=112, prevLogTerm=1, entries=0, commitIndex=112}
02:19:59.977 [raft-server-1] TRACE i.a.p.raft.roles.LeaderAppender - RaftServer{1} - Sending AppendRequest{term=1, leader=1, prevLogIndex=112, prevLogTerm=1, entries=0, commitIndex=112} to 3
02:19:59.977 [raft-server-2] TRACE i.a.p.raft.roles.FollowerRole - RaftServer{2}{role=FOLLOWER} - Sending AppendResponse{status=OK, term=1, succeeded=true, lastLogIndex=112}
02:19:59.977 [raft-server-3] TRACE i.a.p.raft.roles.FollowerRole - RaftServer{3}{role=FOLLOWER} - Received AppendRequest{term=1, leader=1, prevLogIndex=112, prevLogTerm=1, entries=0, commitIndex=112}
02:19:59.977 [raft-server-1] TRACE i.a.p.raft.roles.LeaderAppender - RaftServer{1} - Received AppendResponse{status=OK, term=1, succeeded=true, lastLogIndex=112} from 2
02:19:59.977 [raft-server-3] TRACE i.a.p.raft.roles.FollowerRole - RaftServer{3}{role=FOLLOWER} - Sending AppendResponse{status=OK, term=1, succeeded=true, lastLogIndex=112}
02:19:59.977 [raft-server-1] TRACE i.a.p.raft.roles.LeaderAppender - RaftServer{1} - Received AppendResponse{status=OK, term=1, succeeded=true, lastLogIndex=112} from 3
02:20:00.226 [raft-server-1] TRACE i.a.p.raft.roles.LeaderAppender - RaftServer{1} - Sending AppendRequest{term=1, leader=1, prevLogIndex=112, prevLogTerm=1, entries=0, commitIndex=112} to 2
02:20:00.226 [raft-server-1] TRACE i.a.p.raft.roles.LeaderAppender - RaftServer{1} - Sending AppendRequest{term=1, leader=1, prevLogIndex=112, prevLogTerm=1, entries=0, commitIndex=112} to 3
02:20:00.226 [raft-server-2] TRACE i.a.p.raft.roles.FollowerRole - RaftServer{2}{role=FOLLOWER} - Received AppendRequest{term=1, leader=1, prevLogIndex=112, prevLogTerm=1, entries=0, commitIndex=112}
02:20:00.226 [raft-server-3] TRACE i.a.p.raft.roles.FollowerRole - RaftServer{3}{role=FOLLOWER} - Received AppendRequest{term=1, leader=1, prevLogIndex=112, prevLogTerm=1, entries=0, commitIndex=112}
02:20:00.226 [raft-server-2] TRACE i.a.p.raft.roles.FollowerRole - RaftServer{2}{role=FOLLOWER} - Sending AppendResponse{status=OK, term=1, succeeded=true, lastLogIndex=112}
02:20:00.226 [raft-server-3] TRACE i.a.p.raft.roles.FollowerRole - RaftServer{3}{role=FOLLOWER} - Sending AppendResponse{status=OK, term=1, succeeded=true, lastLogIndex=112}
02:20:00.226 [raft-server-1] TRACE i.a.p.raft.roles.LeaderAppender - RaftServer{1} - Received AppendResponse{status=OK, term=1, succeeded=true, lastLogIndex=112} from 2
02:20:00.227 [raft-server-1] TRACE i.a.p.raft.roles.LeaderAppender - RaftServer{1} - Sending AppendRequest{term=1, leader=1, prevLogIndex=112, prevLogTerm=1, entries=0, commitIndex=112} to 2
02:20:00.227 [raft-server-1] TRACE i.a.p.raft.roles.LeaderAppender - RaftServer{1} - Received AppendResponse{status=OK, term=1, succeeded=true, lastLogIndex=112} from 3
02:20:00.227 [raft-server-2] TRACE i.a.p.raft.roles.FollowerRole - RaftServer{2}{role=FOLLOWER} - Received AppendRequest{term=1, leader=1, prevLogIndex=112, prevLogTerm=1, entries=0, commitIndex=112}
02:20:00.227 [raft-server-2] TRACE i.a.p.raft.roles.FollowerRole - RaftServer{2}{role=FOLLOWER} - Sending AppendResponse{status=OK, term=1, succeeded=true, lastLogIndex=112}
02:20:00.227 [raft-server-1] TRACE i.a.p.raft.roles.LeaderAppender - RaftServer{1} - Sending AppendRequest{term=1, leader=1, prevLogIndex=112, prevLogTerm=1, entries=0, commitIndex=112} to 3
02:20:00.227 [raft-server-1] TRACE i.a.p.raft.roles.LeaderAppender - RaftServer{1} - Received AppendResponse{status=OK, term=1, succeeded=true, lastLogIndex=112} from 2
02:20:00.227 [raft-server-3] TRACE i.a.p.raft.roles.FollowerRole - RaftServer{3}{role=FOLLOWER} - Received AppendRequest{term=1, leader=1, prevLogIndex=112, prevLogTerm=1, entries=0, commitIndex=112}
02:20:00.227 [raft-server-3] TRACE i.a.p.raft.roles.FollowerRole - RaftServer{3}{role=FOLLOWER} - Sending AppendResponse{status=OK, term=1, succeeded=true, lastLogIndex=112}
02:20:00.227 [raft-server-1] TRACE i.a.p.raft.roles.LeaderAppender - RaftServer{1} - Received AppendResponse{status=OK, term=1, succeeded=true, lastLogIndex=112} from 3
02:20:00.476 [raft-server-1] TRACE i.a.p.raft.roles.LeaderAppender - RaftServer{1} - Sending AppendRequest{term=1, leader=1, prevLogIndex=112, prevLogTerm=1, entries=0, commitIndex=112} to 2
02:20:00.476 [raft-server-2] TRACE i.a.p.raft.roles.FollowerRole - RaftServer{2}{role=FOLLOWER} - Received AppendRequest{term=1, leader=1, prevLogIndex=112, prevLogTerm=1, entries=0, commitIndex=112}
02:20:00.476 [raft-server-1] TRACE i.a.p.raft.roles.LeaderAppender - RaftServer{1} - Sending AppendRequest{term=1, leader=1, prevLogIndex=112, prevLogTerm=1, entries=0, commitIndex=112} to 3
02:20:00.476 [raft-server-2] TRACE i.a.p.raft.roles.FollowerRole - RaftServer{2}{role=FOLLOWER} - Sending AppendResponse{status=OK, term=1, succeeded=true, lastLogIndex=112}
02:20:00.477 [raft-server-3] TRACE i.a.p.raft.roles.FollowerRole - RaftServer{3}{role=FOLLOWER} - Received AppendRequest{term=1, leader=1, prevLogIndex=112, prevLogTerm=1, entries=0, commitIndex=112}
02:20:00.477 [raft-server-1] TRACE i.a.p.raft.roles.LeaderAppender - RaftServer{1} - Received AppendResponse{status=OK, term=1, succeeded=true, lastLogIndex=112} from 2
02:20:00.477 [raft-server-3] TRACE i.a.p.raft.roles.FollowerRole - RaftServer{3}{role=FOLLOWER} - Sending AppendResponse{status=OK, term=1, succeeded=true, lastLogIndex=112}
02:20:00.477 [raft-server-1] TRACE i.a.p.raft.roles.LeaderAppender - RaftServer{1} - Sending AppendRequest{term=1, leader=1, prevLogIndex=112, prevLogTerm=1, entries=0, commitIndex=112} to 2
02:20:00.477 [raft-server-2] TRACE i.a.p.raft.roles.FollowerRole - RaftServer{2}{role=FOLLOWER} - Received AppendRequest{term=1, leader=1, prevLogIndex=112, prevLogTerm=1, entries=0, commitIndex=112}
02:20:00.477 [raft-server-1] TRACE i.a.p.raft.roles.LeaderAppender - RaftServer{1} - Received AppendResponse{status=OK, term=1, succeeded=true, lastLogIndex=112} from 3
02:20:00.477 [raft-server-2] TRACE i.a.p.raft.roles.FollowerRole - RaftServer{2}{role=FOLLOWER} - Sending AppendResponse{status=OK, term=1, succeeded=true, lastLogIndex=112}
02:20:00.477 [raft-server-1] TRACE i.a.p.raft.roles.LeaderAppender - RaftServer{1} - Sending AppendRequest{term=1, leader=1, prevLogIndex=112, prevLogTerm=1, entries=0, commitIndex=112} to 3
02:20:00.477 [raft-server-1] TRACE i.a.p.raft.roles.LeaderAppender - RaftServer{1} - Received AppendResponse{status=OK, term=1, succeeded=true, lastLogIndex=112} from 2
02:20:00.477 [raft-server-3] TRACE i.a.p.raft.roles.FollowerRole - RaftServer{3}{role=FOLLOWER} - Received AppendRequest{term=1, leader=1, prevLogIndex=112, prevLogTerm=1, entries=0, commitIndex=112}
02:20:00.477 [raft-server-3] TRACE i.a.p.raft.roles.FollowerRole - RaftServer{3}{role=FOLLOWER} - Sending AppendResponse{status=OK, term=1, succeeded=true, lastLogIndex=112}
02:20:00.477 [raft-server-1] TRACE i.a.p.raft.roles.LeaderAppender - RaftServer{1} - Received AppendResponse{status=OK, term=1, succeeded=true, lastLogIndex=112} from 3
02:20:00.726 [raft-server-1] TRACE i.a.p.raft.roles.LeaderAppender - RaftServer{1} - Sending AppendRequest{term=1, leader=1, prevLogIndex=112, prevLogTerm=1, entries=0, commitIndex=112} to 2
02:20:00.726 [raft-server-1] TRACE i.a.p.raft.roles.LeaderAppender - RaftServer{1} - Sending AppendRequest{term=1, leader=1, prevLogIndex=112, prevLogTerm=1, entries=0, commitIndex=112} to 3
02:20:00.726 [raft-server-2] TRACE i.a.p.raft.roles.FollowerRole - RaftServer{2}{role=FOLLOWER} - Received AppendRequest{term=1, leader=1, prevLogIndex=112, prevLogTerm=1, entries=0, commitIndex=112}
02:20:00.726 [raft-server-2] TRACE i.a.p.raft.roles.FollowerRole - RaftServer{2}{role=FOLLOWER} - Sending AppendResponse{status=OK, term=1, succeeded=true, lastLogIndex=112}
02:20:00.726 [raft-server-3] TRACE i.a.p.raft.roles.FollowerRole - RaftServer{3}{role=FOLLOWER} - Received AppendRequest{term=1, leader=1, prevLogIndex=112, prevLogTerm=1, entries=0, commitIndex=112}
02:20:00.727 [raft-server-3] TRACE i.a.p.raft.roles.FollowerRole - RaftServer{3}{role=FOLLOWER} - Sending AppendResponse{status=OK, term=1, succeeded=true, lastLogIndex=112}
02:20:00.727 [raft-server-1] TRACE i.a.p.raft.roles.LeaderAppender - RaftServer{1} - Received AppendResponse{status=OK, term=1, succeeded=true, lastLogIndex=112} from 2
02:20:00.727 [raft-server-1] TRACE i.a.p.raft.roles.LeaderAppender - RaftServer{1} - Sending AppendRequest{term=1, leader=1, prevLogIndex=112, prevLogTerm=1, entries=0, commitIndex=112} to 2
02:20:00.727 [raft-server-1] TRACE i.a.p.raft.roles.LeaderAppender - RaftServer{1} - Received AppendResponse{status=OK, term=1, succeeded=true, lastLogIndex=112} from 3
02:20:00.727 [raft-server-2] TRACE i.a.p.raft.roles.FollowerRole - RaftServer{2}{role=FOLLOWER} - Received AppendRequest{term=1, leader=1, prevLogIndex=112, prevLogTerm=1, entries=0, commitIndex=112}
02:20:00.727 [raft-server-2] TRACE i.a.p.raft.roles.FollowerRole - RaftServer{2}{role=FOLLOWER} - Sending AppendResponse{status=OK, term=1, succeeded=true, lastLogIndex=112}
02:20:00.727 [raft-server-1] TRACE i.a.p.raft.roles.LeaderAppender - RaftServer{1} - Sending AppendRequest{term=1, leader=1, prevLogIndex=112, prevLogTerm=1, entries=0, commitIndex=112} to 3
02:20:00.727 [raft-server-1] TRACE i.a.p.raft.roles.LeaderAppender - RaftServer{1} - Received AppendResponse{status=OK, term=1, succeeded=true, lastLogIndex=112} from 2
02:20:00.727 [raft-server-3] TRACE i.a.p.raft.roles.FollowerRole - RaftServer{3}{role=FOLLOWER} - Received AppendRequest{term=1, leader=1, prevLogIndex=112, prevLogTerm=1, entries=0, commitIndex=112}
02:20:00.727 [raft-server-3] TRACE i.a.p.raft.roles.FollowerRole - RaftServer{3}{role=FOLLOWER} - Sending AppendResponse{status=OK, term=1, succeeded=true, lastLogIndex=112}
02:20:00.727 [raft-server-1] TRACE i.a.p.raft.roles.LeaderAppender - RaftServer{1} - Received AppendResponse{status=OK, term=1, succeeded=true, lastLogIndex=112} from 3
02:20:00.976 [raft-server-1] TRACE i.a.p.raft.roles.LeaderAppender - RaftServer{1} - Sending AppendRequest{term=1, leader=1, prevLogIndex=112, prevLogTerm=1, entries=0, commitIndex=112} to 2
02:20:00.976 [raft-server-2] TRACE i.a.p.raft.roles.FollowerRole - RaftServer{2}{role=FOLLOWER} - Received AppendRequest{term=1, leader=1, prevLogIndex=112, prevLogTerm=1, entries=0, commitIndex=112}
02:20:00.976 [raft-server-1] TRACE i.a.p.raft.roles.LeaderAppender - RaftServer{1} - Sending AppendRequest{term=1, leader=1, prevLogIndex=112, prevLogTerm=1, entries=0, commitIndex=112} to 3
02:20:00.976 [raft-server-2] TRACE i.a.p.raft.roles.FollowerRole - RaftServer{2}{role=FOLLOWER} - Sending AppendResponse{status=OK, term=1, succeeded=true, lastLogIndex=112}
02:20:00.976 [raft-server-3] TRACE i.a.p.raft.roles.FollowerRole - RaftServer{3}{role=FOLLOWER} - Received AppendRequest{term=1, leader=1, prevLogIndex=112, prevLogTerm=1, entries=0, commitIndex=112}
02:20:00.976 [raft-server-1] TRACE i.a.p.raft.roles.LeaderAppender - RaftServer{1} - Received AppendResponse{status=OK, term=1, succeeded=true, lastLogIndex=112} from 2
02:20:00.976 [raft-server-3] TRACE i.a.p.raft.roles.FollowerRole - RaftServer{3}{role=FOLLOWER} - Sending AppendResponse{status=OK, term=1, succeeded=true, lastLogIndex=112}
02:20:00.977 [raft-server-1] TRACE i.a.p.raft.roles.LeaderAppender - RaftServer{1} - Sending AppendRequest{term=1, leader=1, prevLogIndex=112, prevLogTerm=1, entries=0, commitIndex=112} to 2
02:20:00.977 [raft-server-1] TRACE i.a.p.raft.roles.LeaderAppender - RaftServer{1} - Received AppendResponse{status=OK, term=1, succeeded=true, lastLogIndex=112} from 3
02:20:00.977 [raft-server-2] TRACE i.a.p.raft.roles.FollowerRole - RaftServer{2}{role=FOLLOWER} - Received AppendRequest{term=1, leader=1, prevLogIndex=112, prevLogTerm=1, entries=0, commitIndex=112}
02:20:00.977 [raft-server-2] TRACE i.a.p.raft.roles.FollowerRole - RaftServer{2}{role=FOLLOWER} - Sending AppendResponse{status=OK, term=1, succeeded=true, lastLogIndex=112}
02:20:00.977 [raft-server-1] TRACE i.a.p.raft.roles.LeaderAppender - RaftServer{1} - Sending AppendRequest{term=1, leader=1, prevLogIndex=112, prevLogTerm=1, entries=0, commitIndex=112} to 3
02:20:00.977 [raft-server-1] TRACE i.a.p.raft.roles.LeaderAppender - RaftServer{1} - Received AppendResponse{status=OK, term=1, succeeded=true, lastLogIndex=112} from 2
02:20:00.977 [raft-server-3] TRACE i.a.p.raft.roles.FollowerRole - RaftServer{3}{role=FOLLOWER} - Received AppendRequest{term=1, leader=1, prevLogIndex=112, prevLogTerm=1, entries=0, commitIndex=112}
02:20:00.977 [raft-server-3] TRACE i.a.p.raft.roles.FollowerRole - RaftServer{3}{role=FOLLOWER} - Sending AppendResponse{status=OK, term=1, succeeded=true, lastLogIndex=112}
02:20:00.977 [raft-server-1] TRACE i.a.p.raft.roles.LeaderAppender - RaftServer{1} - Received AppendResponse{status=OK, term=1, succeeded=true, lastLogIndex=112} from 3
02:20:01.226 [raft-server-1] TRACE i.a.p.raft.roles.LeaderAppender - RaftServer{1} - Sending AppendRequest{term=1, leader=1, prevLogIndex=112, prevLogTerm=1, entries=0, commitIndex=112} to 2
02:20:01.226 [raft-server-1] TRACE i.a.p.raft.roles.LeaderAppender - RaftServer{1} - Sending AppendRequest{term=1, leader=1, prevLogIndex=112, prevLogTerm=1, entries=0, commitIndex=112} to 3
02:20:01.226 [raft-server-2] TRACE i.a.p.raft.roles.FollowerRole - RaftServer{2}{role=FOLLOWER} - Received AppendRequest{term=1, leader=1, prevLogIndex=112, prevLogTerm=1, entries=0, commitIndex=112}
02:20:01.226 [raft-server-3] TRACE i.a.p.raft.roles.FollowerRole - RaftServer{3}{role=FOLLOWER} - Received AppendRequest{term=1, leader=1, prevLogIndex=112, prevLogTerm=1, entries=0, commitIndex=112}
02:20:01.226 [raft-server-2] TRACE i.a.p.raft.roles.FollowerRole - RaftServer{2}{role=FOLLOWER} - Sending AppendResponse{status=OK, term=1, succeeded=true, lastLogIndex=112}
02:20:01.226 [raft-server-3] TRACE i.a.p.raft.roles.FollowerRole - RaftServer{3}{role=FOLLOWER} - Sending AppendResponse{status=OK, term=1, succeeded=true, lastLogIndex=112}
02:20:01.227 [raft-server-1] TRACE i.a.p.raft.roles.LeaderAppender - RaftServer{1} - Received AppendResponse{status=OK, term=1, succeeded=true, lastLogIndex=112} from 2
02:20:01.227 [raft-server-1] TRACE i.a.p.raft.roles.LeaderAppender - RaftServer{1} - Sending AppendRequest{term=1, leader=1, prevLogIndex=112, prevLogTerm=1, entries=0, commitIndex=112} to 2
02:20:01.227 [raft-server-2] TRACE i.a.p.raft.roles.FollowerRole - RaftServer{2}{role=FOLLOWER} - Received AppendRequest{term=1, leader=1, prevLogIndex=112, prevLogTerm=1, entries=0, commitIndex=112}
02:20:01.227 [raft-server-1] TRACE i.a.p.raft.roles.LeaderAppender - RaftServer{1} - Received AppendResponse{status=OK, term=1, succeeded=true, lastLogIndex=112} from 3
02:20:01.227 [raft-server-2] TRACE i.a.p.raft.roles.FollowerRole - RaftServer{2}{role=FOLLOWER} - Sending AppendResponse{status=OK, term=1, succeeded=true, lastLogIndex=112}
02:20:01.227 [raft-server-1] TRACE i.a.p.raft.roles.LeaderAppender - RaftServer{1} - Sending AppendRequest{term=1, leader=1, prevLogIndex=112, prevLogTerm=1, entries=0, commitIndex=112} to 3
02:20:01.227 [raft-server-1] TRACE i.a.p.raft.roles.LeaderAppender - RaftServer{1} - Received AppendResponse{status=OK, term=1, succeeded=true, lastLogIndex=112} from 2
02:20:01.227 [raft-server-3] TRACE i.a.p.raft.roles.FollowerRole - RaftServer{3}{role=FOLLOWER} - Received AppendRequest{term=1, leader=1, prevLogIndex=112, prevLogTerm=1, entries=0, commitIndex=112}
02:20:01.227 [raft-server-3] TRACE i.a.p.raft.roles.FollowerRole - RaftServer{3}{role=FOLLOWER} - Sending AppendResponse{status=OK, term=1, succeeded=true, lastLogIndex=112}
02:20:01.227 [raft-server-1] TRACE i.a.p.raft.roles.LeaderAppender - RaftServer{1} - Received AppendResponse{status=OK, term=1, succeeded=true, lastLogIndex=112} from 3
02:20:01.476 [raft-server-1] TRACE i.a.p.raft.roles.LeaderAppender - RaftServer{1} - Sending AppendRequest{term=1, leader=1, prevLogIndex=112, prevLogTerm=1, entries=0, commitIndex=112} to 2
02:20:01.476 [raft-server-1] TRACE i.a.p.raft.roles.LeaderAppender - RaftServer{1} - Sending AppendRequest{term=1, leader=1, prevLogIndex=112, prevLogTerm=1, entries=0, commitIndex=112} to 3
02:20:01.476 [raft-server-2] TRACE i.a.p.raft.roles.FollowerRole - RaftServer{2}{role=FOLLOWER} - Received AppendRequest{term=1, leader=1, prevLogIndex=112, prevLogTerm=1, entries=0, commitIndex=112}
02:20:01.476 [raft-server-3] TRACE i.a.p.raft.roles.FollowerRole - RaftServer{3}{role=FOLLOWER} - Received AppendRequest{term=1, leader=1, prevLogIndex=112, prevLogTerm=1, entries=0, commitIndex=112}
02:20:01.476 [raft-server-2] TRACE i.a.p.raft.roles.FollowerRole - RaftServer{2}{role=FOLLOWER} - Sending AppendResponse{status=OK, term=1, succeeded=true, lastLogIndex=112}
02:20:01.476 [raft-server-3] TRACE i.a.p.raft.roles.FollowerRole - RaftServer{3}{role=FOLLOWER} - Sending AppendResponse{status=OK, term=1, succeeded=true, lastLogIndex=112}
02:20:01.477 [raft-server-1] TRACE i.a.p.raft.roles.LeaderAppender - RaftServer{1} - Received AppendResponse{status=OK, term=1, succeeded=true, lastLogIndex=112} from 2
02:20:01.477 [raft-server-1] TRACE i.a.p.raft.roles.LeaderAppender - RaftServer{1} - Sending AppendRequest{term=1, leader=1, prevLogIndex=112, prevLogTerm=1, entries=0, commitIndex=112} to 2
02:20:01.477 [raft-server-2] TRACE i.a.p.raft.roles.FollowerRole - RaftServer{2}{role=FOLLOWER} - Received AppendRequest{term=1, leader=1, prevLogIndex=112, prevLogTerm=1, entries=0, commitIndex=112}
02:20:01.477 [raft-server-1] TRACE i.a.p.raft.roles.LeaderAppender - RaftServer{1} - Received AppendResponse{status=OK, term=1, succeeded=true, lastLogIndex=112} from 3
02:20:01.477 [raft-server-2] TRACE i.a.p.raft.roles.FollowerRole - RaftServer{2}{role=FOLLOWER} - Sending AppendResponse{status=OK, term=1, succeeded=true, lastLogIndex=112}
02:20:01.477 [raft-server-1] TRACE i.a.p.raft.roles.LeaderAppender - RaftServer{1} - Sending AppendRequest{term=1, leader=1, prevLogIndex=112, prevLogTerm=1, entries=0, commitIndex=112} to 3
02:20:01.477 [raft-server-1] TRACE i.a.p.raft.roles.LeaderAppender - RaftServer{1} - Received AppendResponse{status=OK, term=1, succeeded=true, lastLogIndex=112} from 2
02:20:01.477 [raft-server-3] TRACE i.a.p.raft.roles.FollowerRole - RaftServer{3}{role=FOLLOWER} - Received AppendRequest{term=1, leader=1, prevLogIndex=112, prevLogTerm=1, entries=0, commitIndex=112}
02:20:01.477 [raft-server-3] TRACE i.a.p.raft.roles.FollowerRole - RaftServer{3}{role=FOLLOWER} - Sending AppendResponse{status=OK, term=1, succeeded=true, lastLogIndex=112}
02:20:01.477 [raft-server-1] TRACE i.a.p.raft.roles.LeaderAppender - RaftServer{1} - Received AppendResponse{status=OK, term=1, succeeded=true, lastLogIndex=112} from 3
02:20:01.726 [raft-server-1] TRACE i.a.p.raft.roles.LeaderAppender - RaftServer{1} - Sending AppendRequest{term=1, leader=1, prevLogIndex=112, prevLogTerm=1, entries=0, commitIndex=112} to 2
02:20:01.726 [raft-server-1] TRACE i.a.p.raft.roles.LeaderAppender - RaftServer{1} - Sending AppendRequest{term=1, leader=1, prevLogIndex=112, prevLogTerm=1, entries=0, commitIndex=112} to 3
02:20:01.726 [raft-server-2] TRACE i.a.p.raft.roles.FollowerRole - RaftServer{2}{role=FOLLOWER} - Received AppendRequest{term=1, leader=1, prevLogIndex=112, prevLogTerm=1, entries=0, commitIndex=112}
02:20:01.726 [raft-server-3] TRACE i.a.p.raft.roles.FollowerRole - RaftServer{3}{role=FOLLOWER} - Received AppendRequest{term=1, leader=1, prevLogIndex=112, prevLogTerm=1, entries=0, commitIndex=112}
02:20:01.726 [raft-server-2] TRACE i.a.p.raft.roles.FollowerRole - RaftServer{2}{role=FOLLOWER} - Sending AppendResponse{status=OK, term=1, succeeded=true, lastLogIndex=112}
02:20:01.727 [raft-server-3] TRACE i.a.p.raft.roles.FollowerRole - RaftServer{3}{role=FOLLOWER} - Sending AppendResponse{status=OK, term=1, succeeded=true, lastLogIndex=112}
02:20:01.727 [raft-server-1] TRACE i.a.p.raft.roles.LeaderAppender - RaftServer{1} - Received AppendResponse{status=OK, term=1, succeeded=true, lastLogIndex=112} from 2
02:20:01.727 [raft-server-1] TRACE i.a.p.raft.roles.LeaderAppender - RaftServer{1} - Sending AppendRequest{term=1, leader=1, prevLogIndex=112, prevLogTerm=1, entries=0, commitIndex=112} to 2
02:20:01.727 [raft-server-2] TRACE i.a.p.raft.roles.FollowerRole - RaftServer{2}{role=FOLLOWER} - Received AppendRequest{term=1, leader=1, prevLogIndex=112, prevLogTerm=1, entries=0, commitIndex=112}
02:20:01.727 [raft-server-1] TRACE i.a.p.raft.roles.LeaderAppender - RaftServer{1} - Received AppendResponse{status=OK, term=1, succeeded=true, lastLogIndex=112} from 3
02:20:01.727 [raft-server-2] TRACE i.a.p.raft.roles.FollowerRole - RaftServer{2}{role=FOLLOWER} - Sending AppendResponse{status=OK, term=1, succeeded=true, lastLogIndex=112}
02:20:01.727 [raft-server-1] TRACE i.a.p.raft.roles.LeaderAppender - RaftServer{1} - Sending AppendRequest{term=1, leader=1, prevLogIndex=112, prevLogTerm=1, entries=0, commitIndex=112} to 3
02:20:01.727 [raft-server-1] TRACE i.a.p.raft.roles.LeaderAppender - RaftServer{1} - Received AppendResponse{status=OK, term=1, succeeded=true, lastLogIndex=112} from 2
02:20:01.727 [raft-server-3] TRACE i.a.p.raft.roles.FollowerRole - RaftServer{3}{role=FOLLOWER} - Received AppendRequest{term=1, leader=1, prevLogIndex=112, prevLogTerm=1, entries=0, commitIndex=112}
02:20:01.727 [raft-server-3] TRACE i.a.p.raft.roles.FollowerRole - RaftServer{3}{role=FOLLOWER} - Sending AppendResponse{status=OK, term=1, succeeded=true, lastLogIndex=112}
02:20:01.727 [raft-server-1] TRACE i.a.p.raft.roles.LeaderAppender - RaftServer{1} - Received AppendResponse{status=OK, term=1, succeeded=true, lastLogIndex=112} from 3
02:20:01.933 [raft-client-8d1a11e6-024d-41c6-816f-7d36669ce782-2] TRACE i.a.p.r.proxy.impl.RaftProxyManager - RaftClient{8d1a11e6-024d-41c6-816f-7d36669ce782} - Keeping 1 sessions alive
02:20:01.933 [raft-client-8d1a11e6-024d-41c6-816f-7d36669ce782-2] TRACE i.a.p.r.p.impl.RaftProxyConnection - RaftClient{8d1a11e6-024d-41c6-816f-7d36669ce782} - Sending KeepAliveRequest{sessionIds=long[]{length=1, hash=33}, commandSequences=long[]{length=1, hash=131}, eventIndexes=long[]{length=1, hash=33}} to 1
02:20:01.933 [raft-server-1] TRACE i.a.protocols.raft.roles.LeaderRole - RaftServer{1}{role=LEADER} - Received KeepAliveRequest{sessionIds=long[]{length=1, hash=33}, commandSequences=long[]{length=1, hash=131}, eventIndexes=long[]{length=1, hash=33}}
02:20:01.933 [raft-server-1] TRACE i.a.protocols.raft.roles.LeaderRole - RaftServer{1}{role=LEADER} - Appended Indexed{index=113, entry=KeepAliveEntry{term=1, timestamp=2018-06-01 02:20:01,933, sessionIds=long[]{length=1, hash=33}, commandSequences=long[]{length=1, hash=131}, eventIndexes=long[]{length=1, hash=33}}}
02:20:01.933 [raft-server-1] TRACE i.a.p.raft.roles.LeaderAppender - RaftServer{1} - Sending AppendRequest{term=1, leader=1, prevLogIndex=112, prevLogTerm=1, entries=1, commitIndex=112} to 2
02:20:01.933 [raft-server-2] TRACE i.a.p.raft.roles.FollowerRole - RaftServer{2}{role=FOLLOWER} - Received AppendRequest{term=1, leader=1, prevLogIndex=112, prevLogTerm=1, entries=1, commitIndex=112}
02:20:01.933 [raft-server-1] TRACE i.a.p.raft.roles.LeaderAppender - RaftServer{1} - Sending AppendRequest{term=1, leader=1, prevLogIndex=112, prevLogTerm=1, entries=1, commitIndex=112} to 3
02:20:01.933 [raft-server-3] TRACE i.a.p.raft.roles.FollowerRole - RaftServer{3}{role=FOLLOWER} - Received AppendRequest{term=1, leader=1, prevLogIndex=112, prevLogTerm=1, entries=1, commitIndex=112}
02:20:01.933 [raft-server-2] TRACE i.a.p.raft.roles.FollowerRole - RaftServer{2}{role=FOLLOWER} - Appended Indexed{index=113, entry=KeepAliveEntry{term=1, timestamp=2018-06-01 02:20:01,933, sessionIds=long[]{length=1, hash=33}, commandSequences=long[]{length=1, hash=131}, eventIndexes=long[]{length=1, hash=33}}}
02:20:01.934 [raft-server-2] TRACE i.a.p.raft.roles.FollowerRole - RaftServer{2}{role=FOLLOWER} - Sending AppendResponse{status=OK, term=1, succeeded=true, lastLogIndex=113}
02:20:01.934 [raft-server-3] TRACE i.a.p.raft.roles.FollowerRole - RaftServer{3}{role=FOLLOWER} - Appended Indexed{index=113, entry=KeepAliveEntry{term=1, timestamp=2018-06-01 02:20:01,933, sessionIds=long[]{length=1, hash=33}, commandSequences=long[]{length=1, hash=131}, eventIndexes=long[]{length=1, hash=33}}}
02:20:01.934 [raft-server-3] TRACE i.a.p.raft.roles.FollowerRole - RaftServer{3}{role=FOLLOWER} - Sending AppendResponse{status=OK, term=1, succeeded=true, lastLogIndex=113}
02:20:01.934 [raft-server-1] TRACE i.a.p.raft.roles.LeaderAppender - RaftServer{1} - Received AppendResponse{status=OK, term=1, succeeded=true, lastLogIndex=113} from 2
02:20:01.934 [raft-server-1] TRACE i.a.p.raft.roles.LeaderAppender - RaftServer{1} - Committed entries up to 113
02:20:01.980 [raft-server-1] TRACE i.a.p.raft.roles.LeaderAppender - RaftServer{1} - Received AppendResponse{status=OK, term=1, succeeded=true, lastLogIndex=113} from 3
02:20:01.980 [raft-server-1] TRACE i.a.p.raft.roles.LeaderAppender - RaftServer{1} - Sending AppendRequest{term=1, leader=1, prevLogIndex=113, prevLogTerm=1, entries=0, commitIndex=113} to 2
02:20:01.980 [raft-server-2] TRACE i.a.p.raft.roles.FollowerRole - RaftServer{2}{role=FOLLOWER} - Received AppendRequest{term=1, leader=1, prevLogIndex=113, prevLogTerm=1, entries=0, commitIndex=113}
02:20:01.980 [raft-server-1] TRACE i.a.p.raft.roles.LeaderAppender - RaftServer{1} - Sending AppendRequest{term=1, leader=1, prevLogIndex=113, prevLogTerm=1, entries=0, commitIndex=113} to 3
02:20:01.981 [raft-server-1-state] TRACE i.a.p.raft.impl.RaftServiceManager - RaftServer{1} - Applying Indexed{index=113, entry=KeepAliveEntry{term=1, timestamp=2018-06-01 02:20:01,933, sessionIds=long[]{length=1, hash=33}, commandSequences=long[]{length=1, hash=131}, eventIndexes=long[]{length=1, hash=33}}}
02:20:01.981 [raft-server-3] TRACE i.a.p.raft.roles.FollowerRole - RaftServer{3}{role=FOLLOWER} - Received AppendRequest{term=1, leader=1, prevLogIndex=113, prevLogTerm=1, entries=0, commitIndex=113}
02:20:01.981 [raft-server-1] TRACE i.a.protocols.raft.roles.LeaderRole - RaftServer{1}{role=LEADER} - Sending KeepAliveResponse{status=OK, leader=1, members=[2, 1, 3], sessionIds=long[]{length=1, hash=33}}
02:20:01.981 [raft-client-8d1a11e6-024d-41c6-816f-7d36669ce782-0] TRACE i.a.p.r.p.impl.RaftProxyConnection - RaftClient{8d1a11e6-024d-41c6-816f-7d36669ce782} - Received KeepAliveResponse{status=OK, leader=1, members=[2, 1, 3], sessionIds=long[]{length=1, hash=33}} from 1
02:20:02.014 [raft-server-2] TRACE i.a.p.raft.roles.FollowerRole - RaftServer{2}{role=FOLLOWER} - Committed entries up to index 113
02:20:02.014 [raft-server-2] TRACE i.a.p.raft.roles.FollowerRole - RaftServer{2}{role=FOLLOWER} - Sending AppendResponse{status=OK, term=1, succeeded=true, lastLogIndex=113}
02:20:02.015 [raft-server-1] TRACE i.a.p.raft.roles.LeaderAppender - RaftServer{1} - Received AppendResponse{status=OK, term=1, succeeded=true, lastLogIndex=113} from 2
02:20:02.015 [raft-server-2-state] TRACE i.a.p.raft.impl.RaftServiceManager - RaftServer{2} - Applying Indexed{index=113, entry=KeepAliveEntry{term=1, timestamp=2018-06-01 02:20:01,933, sessionIds=long[]{length=1, hash=33}, commandSequences=long[]{length=1, hash=131}, eventIndexes=long[]{length=1, hash=33}}}
02:20:02.015 [raft-server-1] TRACE i.a.p.raft.roles.LeaderAppender - RaftServer{1} - Sending AppendRequest{term=1, leader=1, prevLogIndex=113, prevLogTerm=1, entries=0, commitIndex=113} to 2
02:20:02.016 [raft-server-2] TRACE i.a.p.raft.roles.FollowerRole - RaftServer{2}{role=FOLLOWER} - Received AppendRequest{term=1, leader=1, prevLogIndex=113, prevLogTerm=1, entries=0, commitIndex=113}
02:20:02.016 [raft-server-2] TRACE i.a.p.raft.roles.FollowerRole - RaftServer{2}{role=FOLLOWER} - Sending AppendResponse{status=OK, term=1, succeeded=true, lastLogIndex=113}
02:20:02.017 [raft-server-1] TRACE i.a.p.raft.roles.LeaderAppender - RaftServer{1} - Received AppendResponse{status=OK, term=1, succeeded=true, lastLogIndex=113} from 2
02:20:02.031 [raft-server-3] TRACE i.a.p.raft.roles.FollowerRole - RaftServer{3}{role=FOLLOWER} - Committed entries up to index 113
02:20:02.031 [raft-server-3] TRACE i.a.p.raft.roles.FollowerRole - RaftServer{3}{role=FOLLOWER} - Sending AppendResponse{status=OK, term=1, succeeded=true, lastLogIndex=113}
02:20:02.031 [raft-server-1] TRACE i.a.p.raft.roles.LeaderAppender - RaftServer{1} - Received AppendResponse{status=OK, term=1, succeeded=true, lastLogIndex=113} from 3
02:20:02.031 [raft-server-3-state] TRACE i.a.p.raft.impl.RaftServiceManager - RaftServer{3} - Applying Indexed{index=113, entry=KeepAliveEntry{term=1, timestamp=2018-06-01 02:20:01,933, sessionIds=long[]{length=1, hash=33}, commandSequences=long[]{length=1, hash=131}, eventIndexes=long[]{length=1, hash=33}}}
02:20:02.226 [raft-server-1] TRACE i.a.p.raft.roles.LeaderAppender - RaftServer{1} - Sending AppendRequest{term=1, leader=1, prevLogIndex=113, prevLogTerm=1, entries=0, commitIndex=113} to 2
02:20:02.226 [raft-server-1] TRACE i.a.p.raft.roles.LeaderAppender - RaftServer{1} - Sending AppendRequest{term=1, leader=1, prevLogIndex=113, prevLogTerm=1, entries=0, commitIndex=113} to 3
02:20:02.226 [raft-server-2] TRACE i.a.p.raft.roles.FollowerRole - RaftServer{2}{role=FOLLOWER} - Received AppendRequest{term=1, leader=1, prevLogIndex=113, prevLogTerm=1, entries=0, commitIndex=113}
02:20:02.226 [raft-server-3] TRACE i.a.p.raft.roles.FollowerRole - RaftServer{3}{role=FOLLOWER} - Received AppendRequest{term=1, leader=1, prevLogIndex=113, prevLogTerm=1, entries=0, commitIndex=113}
02:20:02.226 [raft-server-2] TRACE i.a.p.raft.roles.FollowerRole - RaftServer{2}{role=FOLLOWER} - Sending AppendResponse{status=OK, term=1, succeeded=true, lastLogIndex=113}
02:20:02.227 [raft-server-3] TRACE i.a.p.raft.roles.FollowerRole - RaftServer{3}{role=FOLLOWER} - Sending AppendResponse{status=OK, term=1, succeeded=true, lastLogIndex=113}
02:20:02.227 [raft-server-1] TRACE i.a.p.raft.roles.LeaderAppender - RaftServer{1} - Received AppendResponse{status=OK, term=1, succeeded=true, lastLogIndex=113} from 2
02:20:02.227 [raft-server-1] TRACE i.a.p.raft.roles.LeaderAppender - RaftServer{1} - Sending AppendRequest{term=1, leader=1, prevLogIndex=113, prevLogTerm=1, entries=0, commitIndex=113} to 2
02:20:02.227 [raft-server-2] TRACE i.a.p.raft.roles.FollowerRole - RaftServer{2}{role=FOLLOWER} - Received AppendRequest{term=1, leader=1, prevLogIndex=113, prevLogTerm=1, entries=0, commitIndex=113}
02:20:02.227 [raft-server-2] TRACE i.a.p.raft.roles.FollowerRole - RaftServer{2}{role=FOLLOWER} - Sending AppendResponse{status=OK, term=1, succeeded=true, lastLogIndex=113}
02:20:02.227 [raft-server-1] TRACE i.a.p.raft.roles.LeaderAppender - RaftServer{1} - Received AppendResponse{status=OK, term=1, succeeded=true, lastLogIndex=113} from 3
02:20:02.227 [raft-server-1] TRACE i.a.p.raft.roles.LeaderAppender - RaftServer{1} - Sending AppendRequest{term=1, leader=1, prevLogIndex=113, prevLogTerm=1, entries=0, commitIndex=113} to 3
02:20:02.227 [raft-server-1] TRACE i.a.p.raft.roles.LeaderAppender - RaftServer{1} - Received AppendResponse{status=OK, term=1, succeeded=true, lastLogIndex=113} from 2
02:20:02.227 [raft-server-3] TRACE i.a.p.raft.roles.FollowerRole - RaftServer{3}{role=FOLLOWER} - Received AppendRequest{term=1, leader=1, prevLogIndex=113, prevLogTerm=1, entries=0, commitIndex=113}
02:20:02.227 [raft-server-3] TRACE i.a.p.raft.roles.FollowerRole - RaftServer{3}{role=FOLLOWER} - Sending AppendResponse{status=OK, term=1, succeeded=true, lastLogIndex=113}
02:20:02.228 [raft-server-1] TRACE i.a.p.raft.roles.LeaderAppender - RaftServer{1} - Received AppendResponse{status=OK, term=1, succeeded=true, lastLogIndex=113} from 3
02:20:02.250 [raft-server-1] INFO  i.a.protocols.raft.impl.RaftContext - RaftServer{1} - Transitioning to INACTIVE
02:20:02.251 [raft-server-1] TRACE i.a.protocols.raft.roles.LeaderRole - RaftServer{1}{role=LEADER} - Cancelling append timer
02:20:02.251 [raft-server-1] TRACE i.a.p.raft.storage.system.MetaStore - Store vote null
02:20:02.273 [ForkJoinPool.commonPool-worker-2] DEBUG i.a.storage.journal.SegmentedJournal - Closing segment: JournalSegment{id=9, version=1, index=81, size=584}
02:20:02.274 [ForkJoinPool.commonPool-worker-2] DEBUG i.a.storage.journal.SegmentedJournal - Closing segment: JournalSegment{id=10, version=1, index=91, size=584}
02:20:02.274 [ForkJoinPool.commonPool-worker-2] DEBUG i.a.storage.journal.SegmentedJournal - Closing segment: JournalSegment{id=11, version=1, index=101, size=484}
02:20:02.274 [ForkJoinPool.commonPool-worker-2] DEBUG i.a.storage.journal.SegmentedJournal - Closing segment: JournalSegment{id=12, version=1, index=111, size=145}
02:20:02.284 [main] DEBUG i.a.storage.journal.SegmentedJournal - Loaded disk segment: 9 (atomix-9.log)
02:20:02.284 [main] DEBUG i.a.storage.journal.SegmentedJournal - Found segment: 9 (atomix-9.log)
02:20:02.285 [main] DEBUG i.a.storage.journal.SegmentedJournal - Loaded disk segment: 10 (atomix-10.log)
02:20:02.285 [main] DEBUG i.a.storage.journal.SegmentedJournal - Found segment: 10 (atomix-10.log)
02:20:02.288 [main] DEBUG i.a.storage.journal.SegmentedJournal - Loaded disk segment: 11 (atomix-11.log)
02:20:02.289 [main] DEBUG i.a.storage.journal.SegmentedJournal - Found segment: 11 (atomix-11.log)
02:20:02.289 [main] DEBUG i.a.storage.journal.SegmentedJournal - Loaded disk segment: 12 (atomix-12.log)
02:20:02.289 [main] DEBUG i.a.storage.journal.SegmentedJournal - Found segment: 12 (atomix-12.log)
02:20:02.290 [main] DEBUG i.a.p.r.s.snapshot.SnapshotStore - Loaded disk snapshot: 86 (atomix-86.snapshot)
02:20:02.290 [main] DEBUG i.a.p.r.s.snapshot.SnapshotStore - Deleting partial snapshot: 110 (atomix-110.snapshot)
02:20:02.292 [raft-server-1] INFO  i.a.protocols.raft.impl.RaftContext - RaftServer{1} - Transitioning to FOLLOWER
02:20:02.293 [raft-server-1] DEBUG i.a.p.r.c.impl.RaftClusterContext - RaftServer{1} - Attempting to join via 2
02:20:02.293 [raft-server-2] TRACE i.a.p.raft.roles.FollowerRole - RaftServer{2}{role=FOLLOWER} - Received JoinRequest{member=DefaultRaftMember{id=1, type=ACTIVE, updated=2018-06-01T00:20:02.291Z}}
02:20:02.293 [raft-server-1] TRACE i.a.p.raft.roles.FollowerRole - RaftServer{1}{role=FOLLOWER} - Received JoinRequest{member=DefaultRaftMember{id=1, type=ACTIVE, updated=2018-06-01T00:20:02.291Z}}
02:20:02.293 [raft-server-1] TRACE i.a.p.raft.roles.FollowerRole - RaftServer{1}{role=FOLLOWER} - Sending JoinResponse{status=ERROR, error=RaftError{type=NO_LEADER, message=null}}
02:20:02.294 [raft-server-2] TRACE i.a.p.raft.roles.FollowerRole - RaftServer{2}{role=FOLLOWER} - Sending JoinResponse{status=ERROR, error=RaftError{type=NO_LEADER, message=null}}
02:20:02.294 [raft-server-1] TRACE i.a.p.r.c.impl.RaftClusterContext - RaftServer{1} - Cancelling join timeout
02:20:02.294 [raft-server-1] DEBUG i.a.p.r.c.impl.RaftClusterContext - RaftServer{1} - Failed to join 2
02:20:02.294 [raft-server-1] DEBUG i.a.p.r.c.impl.RaftClusterContext - RaftServer{1} - Attempting to join via 3
02:20:02.294 [raft-server-3] TRACE i.a.p.raft.roles.FollowerRole - RaftServer{3}{role=FOLLOWER} - Received JoinRequest{member=DefaultRaftMember{id=1, type=ACTIVE, updated=2018-06-01T00:20:02.291Z}}
02:20:02.294 [raft-server-1] TRACE i.a.p.raft.roles.FollowerRole - RaftServer{1}{role=FOLLOWER} - Received JoinRequest{member=DefaultRaftMember{id=1, type=ACTIVE, updated=2018-06-01T00:20:02.291Z}}
02:20:02.294 [raft-server-1] TRACE i.a.p.raft.roles.FollowerRole - RaftServer{1}{role=FOLLOWER} - Sending JoinResponse{status=ERROR, error=RaftError{type=NO_LEADER, message=null}}
02:20:02.294 [raft-server-3] TRACE i.a.p.raft.roles.FollowerRole - RaftServer{3}{role=FOLLOWER} - Sending JoinResponse{status=ERROR, error=RaftError{type=NO_LEADER, message=null}}
02:20:02.294 [raft-server-1] TRACE i.a.p.r.c.impl.RaftClusterContext - RaftServer{1} - Cancelling join timeout
02:20:02.294 [raft-server-1] DEBUG i.a.p.r.c.impl.RaftClusterContext - RaftServer{1} - Failed to join 3
02:20:02.294 [raft-server-1] DEBUG i.a.p.r.c.impl.RaftClusterContext - RaftServer{1} - Failed to join cluster, retrying...
02:20:03.185 [raft-server-1] DEBUG i.a.p.raft.roles.FollowerRole - RaftServer{1}{role=FOLLOWER} - Heartbeat timed out in PT0.892S
02:20:03.185 [raft-server-1] DEBUG i.a.p.raft.roles.FollowerRole - RaftServer{1}{role=FOLLOWER} - Polling members [DefaultRaftMember{id=2, type=ACTIVE, updated=2018-06-01T00:19:35.250Z}, DefaultRaftMember{id=3, type=ACTIVE, updated=2018-06-01T00:19:35.250Z}]
02:20:03.185 [raft-server-1] DEBUG i.a.p.raft.roles.FollowerRole - RaftServer{1}{role=FOLLOWER} - Polling DefaultRaftMember{id=2, type=ACTIVE, updated=2018-06-01T00:19:35.250Z} for next term 2
02:20:03.186 [raft-server-1] DEBUG i.a.p.raft.roles.FollowerRole - RaftServer{1}{role=FOLLOWER} - Polling DefaultRaftMember{id=3, type=ACTIVE, updated=2018-06-01T00:19:35.250Z} for next term 2
02:20:03.186 [raft-server-2] TRACE i.a.p.raft.roles.FollowerRole - RaftServer{2}{role=FOLLOWER} - Received PollRequest{term=1, candidate=1, lastLogIndex=113, lastLogTerm=1}
02:20:03.186 [raft-server-3] TRACE i.a.p.raft.roles.FollowerRole - RaftServer{3}{role=FOLLOWER} - Received PollRequest{term=1, candidate=1, lastLogIndex=113, lastLogTerm=1}
02:20:03.186 [raft-server-2] DEBUG i.a.p.raft.roles.FollowerRole - RaftServer{2}{role=FOLLOWER} - Accepted PollRequest{term=1, candidate=1, lastLogIndex=113, lastLogTerm=1}: candidate's log is up-to-date
02:20:03.186 [raft-server-3] DEBUG i.a.p.raft.roles.FollowerRole - RaftServer{3}{role=FOLLOWER} - Accepted PollRequest{term=1, candidate=1, lastLogIndex=113, lastLogTerm=1}: candidate's log is up-to-date
02:20:03.186 [raft-server-2] TRACE i.a.p.raft.roles.FollowerRole - RaftServer{2}{role=FOLLOWER} - Sending PollResponse{status=OK, term=1, accepted=true}
02:20:03.186 [raft-server-3] TRACE i.a.p.raft.roles.FollowerRole - RaftServer{3}{role=FOLLOWER} - Sending PollResponse{status=OK, term=1, accepted=true}
02:20:03.186 [raft-server-1] DEBUG i.a.p.raft.roles.FollowerRole - RaftServer{1}{role=FOLLOWER} - Received accepted poll from DefaultRaftMember{id=2, type=ACTIVE, updated=2018-06-01T00:19:35.250Z}
02:20:03.186 [raft-server-1] INFO  i.a.protocols.raft.impl.RaftContext - RaftServer{1} - Transitioning to CANDIDATE
02:20:03.186 [raft-server-1] TRACE i.a.p.raft.roles.FollowerRole - RaftServer{1}{role=FOLLOWER} - Cancelling heartbeat timer
02:20:03.186 [raft-server-1] INFO  i.a.p.raft.roles.CandidateRole - RaftServer{1}{role=CANDIDATE} - Starting election
02:20:03.186 [raft-server-1] TRACE i.a.p.raft.storage.system.MetaStore - Store term 2
02:20:03.206 [raft-server-1] TRACE i.a.p.raft.storage.system.MetaStore - Store vote null
02:20:03.223 [raft-server-1] DEBUG i.a.protocols.raft.impl.RaftContext - RaftServer{1} - Set term 2
02:20:03.223 [raft-server-1] TRACE i.a.p.raft.storage.system.MetaStore - Store vote 1
02:20:03.239 [raft-server-1] DEBUG i.a.protocols.raft.impl.RaftContext - RaftServer{1} - Voted for 1
02:20:03.239 [raft-server-1] DEBUG i.a.p.raft.roles.CandidateRole - RaftServer{1}{role=CANDIDATE} - Requesting votes for term 2
02:20:03.239 [raft-server-1] DEBUG i.a.p.raft.roles.CandidateRole - RaftServer{1}{role=CANDIDATE} - Requesting vote from DefaultRaftMember{id=2, type=ACTIVE, updated=2018-06-01T00:19:35.250Z} for term 2
02:20:03.240 [raft-server-1] DEBUG i.a.p.raft.roles.CandidateRole - RaftServer{1}{role=CANDIDATE} - Requesting vote from DefaultRaftMember{id=3, type=ACTIVE, updated=2018-06-01T00:19:35.250Z} for term 2
02:20:03.240 [raft-server-2] TRACE i.a.p.raft.roles.FollowerRole - RaftServer{2}{role=FOLLOWER} - Received VoteRequest{term=2, candidate=1, lastLogIndex=113, lastLogTerm=1}
02:20:03.240 [raft-server-3] TRACE i.a.p.raft.roles.FollowerRole - RaftServer{3}{role=FOLLOWER} - Received VoteRequest{term=2, candidate=1, lastLogIndex=113, lastLogTerm=1}
02:20:03.240 [raft-server-2] TRACE i.a.p.raft.storage.system.MetaStore - Store term 2
02:20:03.240 [raft-server-3] TRACE i.a.p.raft.storage.system.MetaStore - Store term 2
02:20:03.264 [raft-server-2] TRACE i.a.p.raft.storage.system.MetaStore - Store vote null
02:20:03.264 [raft-server-3] TRACE i.a.p.raft.storage.system.MetaStore - Store vote null
02:20:03.281 [raft-server-2] DEBUG i.a.protocols.raft.impl.RaftContext - RaftServer{2} - Set term 2
02:20:03.281 [raft-server-3] DEBUG i.a.protocols.raft.impl.RaftContext - RaftServer{3} - Set term 2
02:20:03.281 [raft-server-2] DEBUG i.a.p.raft.roles.FollowerRole - RaftServer{2}{role=FOLLOWER} - Accepted VoteRequest{term=2, candidate=1, lastLogIndex=113, lastLogTerm=1}: candidate's log is up-to-date
02:20:03.281 [raft-server-3] DEBUG i.a.p.raft.roles.FollowerRole - RaftServer{3}{role=FOLLOWER} - Accepted VoteRequest{term=2, candidate=1, lastLogIndex=113, lastLogTerm=1}: candidate's log is up-to-date
02:20:03.281 [raft-server-2] TRACE i.a.p.raft.storage.system.MetaStore - Store vote 1
02:20:03.281 [raft-server-3] TRACE i.a.p.raft.storage.system.MetaStore - Store vote 1
02:20:03.298 [raft-server-2] DEBUG i.a.protocols.raft.impl.RaftContext - RaftServer{2} - Voted for 1
02:20:03.298 [raft-server-3] DEBUG i.a.protocols.raft.impl.RaftContext - RaftServer{3} - Voted for 1
02:20:03.298 [raft-server-2] TRACE i.a.p.raft.roles.FollowerRole - RaftServer{2}{role=FOLLOWER} - Sending VoteResponse{status=OK, term=2, voted=true}
02:20:03.298 [raft-server-3] TRACE i.a.p.raft.roles.FollowerRole - RaftServer{3}{role=FOLLOWER} - Sending VoteResponse{status=OK, term=2, voted=true}
02:20:03.298 [raft-server-1] DEBUG i.a.p.raft.roles.CandidateRole - RaftServer{1}{role=CANDIDATE} - Received successful vote from DefaultRaftMember{id=2, type=ACTIVE, updated=2018-06-01T00:19:35.250Z}
02:20:03.298 [raft-server-1] INFO  i.a.protocols.raft.impl.RaftContext - RaftServer{1} - Transitioning to LEADER
02:20:03.298 [raft-server-1] DEBUG i.a.p.raft.roles.CandidateRole - RaftServer{1}{role=CANDIDATE} - Cancelling election
02:20:03.298 [raft-server-1] INFO  i.a.protocols.raft.impl.RaftContext - RaftServer{1} - Found leader 1
02:20:03.298 [raft-server-1] TRACE i.a.p.raft.storage.system.MetaStore - Store vote null
02:20:03.315 [raft-server-1] TRACE i.a.protocols.raft.roles.LeaderRole - RaftServer{1}{role=LEADER} - Appended Indexed{index=114, entry=InitializeEntry{term=2, timestamp=2018-06-01 02:20:03,298}}
02:20:03.316 [raft-server-1] DEBUG i.a.p.raft.roles.LeaderAppender - RaftServer{1} - Configuring 2
02:20:03.316 [raft-server-1] TRACE i.a.p.raft.roles.LeaderAppender - RaftServer{1} - Sending ConfigureRequest{term=2, leader=1, index=0, timestamp=1527812375250, members=[DefaultRaftMember{id=2, type=ACTIVE, updated=2018-06-01T00:19:35.250Z}, DefaultRaftMember{id=1, type=ACTIVE, updated=2018-06-01T00:19:35.250Z}, DefaultRaftMember{id=3, type=ACTIVE, updated=2018-06-01T00:19:35.250Z}]} to 2
02:20:03.316 [raft-server-1] DEBUG i.a.p.raft.roles.LeaderAppender - RaftServer{1} - Configuring 3
02:20:03.316 [raft-server-1] TRACE i.a.p.raft.roles.LeaderAppender - RaftServer{1} - Sending ConfigureRequest{term=2, leader=1, index=0, timestamp=1527812375250, members=[DefaultRaftMember{id=2, type=ACTIVE, updated=2018-06-01T00:19:35.250Z}, DefaultRaftMember{id=1, type=ACTIVE, updated=2018-06-01T00:19:35.250Z}, DefaultRaftMember{id=3, type=ACTIVE, updated=2018-06-01T00:19:35.250Z}]} to 3
02:20:03.316 [raft-server-2] TRACE i.a.p.raft.roles.FollowerRole - RaftServer{2}{role=FOLLOWER} - Received ConfigureRequest{term=2, leader=1, index=0, timestamp=1527812375250, members=[DefaultRaftMember{id=2, type=ACTIVE, updated=2018-06-01T00:19:35.250Z}, DefaultRaftMember{id=1, type=ACTIVE, updated=2018-06-01T00:19:35.250Z}, DefaultRaftMember{id=3, type=ACTIVE, updated=2018-06-01T00:19:35.250Z}]}
02:20:03.316 [raft-server-2] INFO  i.a.protocols.raft.impl.RaftContext - RaftServer{2} - Found leader 1
02:20:03.316 [raft-server-2] TRACE i.a.p.raft.storage.system.MetaStore - Store vote null
02:20:03.316 [raft-server-3] TRACE i.a.p.raft.roles.FollowerRole - RaftServer{3}{role=FOLLOWER} - Received ConfigureRequest{term=2, leader=1, index=0, timestamp=1527812375250, members=[DefaultRaftMember{id=2, type=ACTIVE, updated=2018-06-01T00:19:35.250Z}, DefaultRaftMember{id=1, type=ACTIVE, updated=2018-06-01T00:19:35.250Z}, DefaultRaftMember{id=3, type=ACTIVE, updated=2018-06-01T00:19:35.250Z}]}
02:20:03.316 [raft-server-1] TRACE i.a.protocols.raft.roles.LeaderRole - RaftServer{1}{role=LEADER} - Starting append timer
02:20:03.316 [raft-server-3] INFO  i.a.protocols.raft.impl.RaftContext - RaftServer{3} - Found leader 1
02:20:03.316 [raft-server-3] TRACE i.a.p.raft.storage.system.MetaStore - Store vote null
02:20:03.316 [raft-server-1] TRACE i.a.p.raft.roles.LeaderAppender - RaftServer{1} - Sending AppendRequest{term=2, leader=1, prevLogIndex=113, prevLogTerm=1, entries=0, commitIndex=0} to 2
02:20:03.316 [raft-server-1] TRACE i.a.p.raft.roles.LeaderAppender - RaftServer{1} - Sending AppendRequest{term=2, leader=1, prevLogIndex=113, prevLogTerm=1, entries=0, commitIndex=0} to 3
02:20:03.331 [raft-server-2] TRACE i.a.p.raft.roles.FollowerRole - RaftServer{2}{role=FOLLOWER} - Sending ConfigureResponse{status=OK}
02:20:03.331 [raft-server-1] TRACE i.a.p.raft.roles.LeaderAppender - RaftServer{1} - Received ConfigureResponse{status=OK} from 2
02:20:03.331 [raft-server-2] TRACE i.a.p.raft.roles.FollowerRole - RaftServer{2}{role=FOLLOWER} - Received AppendRequest{term=2, leader=1, prevLogIndex=113, prevLogTerm=1, entries=0, commitIndex=0}
02:20:03.331 [raft-server-2] TRACE i.a.p.raft.roles.FollowerRole - RaftServer{2}{role=FOLLOWER} - Sending AppendResponse{status=OK, term=2, succeeded=true, lastLogIndex=113}
02:20:03.331 [raft-server-1] TRACE i.a.p.raft.roles.LeaderAppender - RaftServer{1} - Received AppendResponse{status=OK, term=2, succeeded=true, lastLogIndex=113} from 2
02:20:03.333 [raft-server-1] TRACE i.a.p.raft.roles.LeaderAppender - RaftServer{1} - Sending AppendRequest{term=2, leader=1, prevLogIndex=113, prevLogTerm=1, entries=1, commitIndex=0} to 2
02:20:03.333 [raft-server-2] TRACE i.a.p.raft.roles.FollowerRole - RaftServer{2}{role=FOLLOWER} - Received AppendRequest{term=2, leader=1, prevLogIndex=113, prevLogTerm=1, entries=1, commitIndex=0}
02:20:03.333 [raft-server-2] TRACE i.a.p.raft.roles.FollowerRole - RaftServer{2}{role=FOLLOWER} - Appended Indexed{index=114, entry=InitializeEntry{term=2, timestamp=2018-06-01 02:20:03,298}}
02:20:03.333 [raft-server-2] TRACE i.a.p.raft.roles.FollowerRole - RaftServer{2}{role=FOLLOWER} - Sending AppendResponse{status=OK, term=2, succeeded=true, lastLogIndex=114}
02:20:03.333 [raft-server-1] TRACE i.a.p.raft.roles.LeaderAppender - RaftServer{1} - Received AppendResponse{status=OK, term=2, succeeded=true, lastLogIndex=114} from 2
02:20:03.333 [raft-server-1] TRACE i.a.p.raft.roles.LeaderAppender - RaftServer{1} - Committed entries up to 114
02:20:03.356 [raft-server-3] TRACE i.a.p.raft.roles.FollowerRole - RaftServer{3}{role=FOLLOWER} - Sending ConfigureResponse{status=OK}
02:20:03.356 [raft-server-3] TRACE i.a.p.raft.roles.FollowerRole - RaftServer{3}{role=FOLLOWER} - Received AppendRequest{term=2, leader=1, prevLogIndex=113, prevLogTerm=1, entries=0, commitIndex=0}
02:20:03.356 [raft-server-3] TRACE i.a.p.raft.roles.FollowerRole - RaftServer{3}{role=FOLLOWER} - Sending AppendResponse{status=OK, term=2, succeeded=true, lastLogIndex=113}
02:20:03.380 [raft-server-1] TRACE i.a.p.raft.roles.LeaderAppender - RaftServer{1} - Received ConfigureResponse{status=OK} from 3
02:20:03.380 [raft-server-1] TRACE i.a.p.raft.roles.LeaderAppender - RaftServer{1} - Received AppendResponse{status=OK, term=2, succeeded=true, lastLogIndex=113} from 3
02:20:03.380 [raft-server-1] TRACE i.a.p.raft.roles.LeaderAppender - RaftServer{1} - Sending AppendRequest{term=2, leader=1, prevLogIndex=113, prevLogTerm=1, entries=1, commitIndex=114} to 3
02:20:03.380 [raft-server-3] TRACE i.a.p.raft.roles.FollowerRole - RaftServer{3}{role=FOLLOWER} - Received AppendRequest{term=2, leader=1, prevLogIndex=113, prevLogTerm=1, entries=1, commitIndex=114}
02:20:03.380 [raft-server-1-state] TRACE i.a.p.raft.impl.RaftServiceManager - RaftServer{1} - Applying Indexed{index=81, entry=CommandEntry{term=1, timestamp=2018-06-01 02:19:44,624, session=2, sequence=75, operation=PrimitiveOperation{id=DefaultOperationId{id=write, type=COMMAND}, value=byte[]{length=17, hash=-1644578928}}}}
02:20:03.380 [raft-server-3] TRACE i.a.p.raft.roles.FollowerRole - RaftServer{3}{role=FOLLOWER} - Appended Indexed{index=114, entry=InitializeEntry{term=2, timestamp=2018-06-01 02:20:03,298}}
02:20:03.381 [raft-server-1-state] DEBUG i.a.p.raft.impl.RaftServiceManager - RaftServer{1} - Unknown session: 2
02:20:03.381 [raft-server-1-state] TRACE i.a.p.raft.impl.RaftServiceManager - RaftServer{1} - Applying Indexed{index=82, entry=CommandEntry{term=1, timestamp=2018-06-01 02:19:44,859, session=2, sequence=76, operation=PrimitiveOperation{id=DefaultOperationId{id=write, type=COMMAND}, value=byte[]{length=17, hash=-1644578928}}}}
02:20:03.381 [raft-server-1-state] DEBUG i.a.p.raft.impl.RaftServiceManager - RaftServer{1} - Unknown session: 2
02:20:03.381 [raft-server-1-state] TRACE i.a.p.raft.impl.RaftServiceManager - RaftServer{1} - Applying Indexed{index=83, entry=CommandEntry{term=1, timestamp=2018-06-01 02:19:44,934, session=2, sequence=77, operation=PrimitiveOperation{id=DefaultOperationId{id=write, type=COMMAND}, value=byte[]{length=17, hash=-1644578928}}}}
02:20:03.381 [raft-server-1-state] DEBUG i.a.p.raft.impl.RaftServiceManager - RaftServer{1} - Unknown session: 2
02:20:03.381 [raft-server-1-state] TRACE i.a.p.raft.impl.RaftServiceManager - RaftServer{1} - Applying Indexed{index=84, entry=CommandEntry{term=1, timestamp=2018-06-01 02:19:45,017, session=2, sequence=78, operation=PrimitiveOperation{id=DefaultOperationId{id=write, type=COMMAND}, value=byte[]{length=17, hash=-1644578928}}}}
02:20:03.381 [raft-server-1-state] DEBUG i.a.p.raft.impl.RaftServiceManager - RaftServer{1} - Unknown session: 2
02:20:03.381 [raft-server-1-state] TRACE i.a.p.raft.impl.RaftServiceManager - RaftServer{1} - Applying Indexed{index=85, entry=CommandEntry{term=1, timestamp=2018-06-01 02:19:45,075, session=2, sequence=79, operation=PrimitiveOperation{id=DefaultOperationId{id=write, type=COMMAND}, value=byte[]{length=17, hash=-1644578928}}}}
02:20:03.381 [raft-server-1-state] DEBUG i.a.p.raft.impl.RaftServiceManager - RaftServer{1} - Unknown session: 2
02:20:03.381 [raft-server-1-state] TRACE i.a.p.raft.impl.RaftServiceManager - RaftServer{1} - Applying Indexed{index=86, entry=CommandEntry{term=1, timestamp=2018-06-01 02:19:45,133, session=2, sequence=80, operation=PrimitiveOperation{id=DefaultOperationId{id=write, type=COMMAND}, value=byte[]{length=17, hash=-1644578928}}}}
02:20:03.381 [raft-server-1-state] DEBUG i.a.p.raft.impl.RaftServiceManager - RaftServer{1} - Unknown session: 2
02:20:03.381 [raft-server-1-state] TRACE i.a.p.raft.impl.RaftServiceManager - RaftServer{1} - Applying Indexed{index=87, entry=CommandEntry{term=1, timestamp=2018-06-01 02:19:45,242, session=2, sequence=81, operation=PrimitiveOperation{id=DefaultOperationId{id=write, type=COMMAND}, value=byte[]{length=17, hash=-1644578928}}}}
02:20:03.381 [raft-server-1-state] DEBUG i.a.p.raft.impl.RaftServiceManager - RaftServer{1} - Installing snapshot FileSnapshot{index=86}
02:20:03.382 [raft-server-1-state] DEBUG i.a.p.raft.impl.RaftServiceManager - RaftServer{1} - Installing service 2 test
02:20:03.382 [raft-server-1-state] DEBUG i.a.p.s.impl.DefaultServiceExecutor - PrimitiveService{2}{type=PrimitiveType{name=test}, name=test} - Registered operation callback DefaultOperationId{id=sendEvent, type=COMMAND}
02:20:03.382 [raft-server-1-state] DEBUG i.a.p.s.impl.DefaultServiceExecutor - PrimitiveService{2}{type=PrimitiveType{name=test}, name=test} - Registered operation callback DefaultOperationId{id=onClose, type=COMMAND}
02:20:03.382 [raft-server-1-state] DEBUG i.a.p.s.impl.DefaultServiceExecutor - PrimitiveService{2}{type=PrimitiveType{name=test}, name=test} - Registered operation callback DefaultOperationId{id=read, type=QUERY}
02:20:03.382 [raft-server-1-state] DEBUG i.a.p.s.impl.DefaultServiceExecutor - PrimitiveService{2}{type=PrimitiveType{name=test}, name=test} - Registered operation callback DefaultOperationId{id=onExpire, type=COMMAND}
02:20:03.382 [raft-server-1-state] DEBUG i.a.p.s.impl.DefaultServiceExecutor - PrimitiveService{2}{type=PrimitiveType{name=test}, name=test} - Registered operation callback DefaultOperationId{id=write, type=COMMAND}
02:20:03.382 [raft-server-1-state] DEBUG i.a.p.r.service.RaftServiceContext - PrimitiveService{2}{type=PrimitiveType{name=test}, name=test} - Installing snapshot 86
02:20:03.384 [raft-server-1-state] WARN  i.a.p.r.service.RaftServiceContext - PrimitiveService{2}{type=PrimitiveType{name=test}, name=test} - Session not open: RaftSession{RaftServiceContext{server=1, type=PrimitiveType{name=test}, name=test, id=2}, session=2, timestamp=2018-06-01 02:19:45,242}
02:20:03.384 [raft-server-1-state] TRACE i.a.p.raft.impl.RaftServiceManager - RaftServer{1} - Applying Indexed{index=88, entry=CommandEntry{term=1, timestamp=2018-06-01 02:19:45,309, session=2, sequence=82, operation=PrimitiveOperation{id=DefaultOperationId{id=write, type=COMMAND}, value=byte[]{length=17, hash=-1644578928}}}}
02:20:03.384 [raft-server-1-state] WARN  i.a.p.r.service.RaftServiceContext - PrimitiveService{2}{type=PrimitiveType{name=test}, name=test} - Session not open: RaftSession{RaftServiceContext{server=1, type=PrimitiveType{name=test}, name=test, id=2}, session=2, timestamp=2018-06-01 02:19:45,309}
02:20:03.384 [raft-server-1-state] TRACE i.a.p.raft.impl.RaftServiceManager - RaftServer{1} - Applying Indexed{index=89, entry=CommandEntry{term=1, timestamp=2018-06-01 02:19:45,417, session=2, sequence=83, operation=PrimitiveOperation{id=DefaultOperationId{id=write, type=COMMAND}, value=byte[]{length=17, hash=-1644578928}}}}
02:20:03.384 [raft-server-1-state] WARN  i.a.p.r.service.RaftServiceContext - PrimitiveService{2}{type=PrimitiveType{name=test}, name=test} - Session not open: RaftSession{RaftServiceContext{server=1, type=PrimitiveType{name=test}, name=test, id=2}, session=2, timestamp=2018-06-01 02:19:45,417}
02:20:03.384 [raft-server-1-state] TRACE i.a.p.raft.impl.RaftServiceManager - RaftServer{1} - Applying Indexed{index=90, entry=CommandEntry{term=1, timestamp=2018-06-01 02:19:45,517, session=2, sequence=84, operation=PrimitiveOperation{id=DefaultOperationId{id=write, type=COMMAND}, value=byte[]{length=17, hash=-1644578928}}}}
02:20:03.384 [raft-server-1-state] WARN  i.a.p.r.service.RaftServiceContext - PrimitiveService{2}{type=PrimitiveType{name=test}, name=test} - Session not open: RaftSession{RaftServiceContext{server=1, type=PrimitiveType{name=test}, name=test, id=2}, session=2, timestamp=2018-06-01 02:19:45,517}
02:20:03.384 [raft-server-1-state] TRACE i.a.p.raft.impl.RaftServiceManager - RaftServer{1} - Applying Indexed{index=91, entry=CommandEntry{term=1, timestamp=2018-06-01 02:19:45,640, session=2, sequence=85, operation=PrimitiveOperation{id=DefaultOperationId{id=write, type=COMMAND}, value=byte[]{length=17, hash=-1644578928}}}}
02:20:03.384 [raft-server-1-state] WARN  i.a.p.r.service.RaftServiceContext - PrimitiveService{2}{type=PrimitiveType{name=test}, name=test} - Session not open: RaftSession{RaftServiceContext{server=1, type=PrimitiveType{name=test}, name=test, id=2}, session=2, timestamp=2018-06-01 02:19:45,640}
02:20:03.385 [raft-server-1-state] TRACE i.a.p.raft.impl.RaftServiceManager - RaftServer{1} - Applying Indexed{index=92, entry=CommandEntry{term=1, timestamp=2018-06-01 02:19:45,876, session=2, sequence=86, operation=PrimitiveOperation{id=DefaultOperationId{id=write, type=COMMAND}, value=byte[]{length=17, hash=-1644578928}}}}
02:20:03.385 [raft-server-1-state] WARN  i.a.p.r.service.RaftServiceContext - PrimitiveService{2}{type=PrimitiveType{name=test}, name=test} - Session not open: RaftSession{RaftServiceContext{server=1, type=PrimitiveType{name=test}, name=test, id=2}, session=2, timestamp=2018-06-01 02:19:45,876}
02:20:03.385 [raft-server-1-state] TRACE i.a.p.raft.impl.RaftServiceManager - RaftServer{1} - Applying Indexed{index=93, entry=CommandEntry{term=1, timestamp=2018-06-01 02:19:45,975, session=2, sequence=87, operation=PrimitiveOperation{id=DefaultOperationId{id=write, type=COMMAND}, value=byte[]{length=17, hash=-1644578928}}}}
02:20:03.385 [raft-server-1-state] WARN  i.a.p.r.service.RaftServiceContext - PrimitiveService{2}{type=PrimitiveType{name=test}, name=test} - Session not open: RaftSession{RaftServiceContext{server=1, type=PrimitiveType{name=test}, name=test, id=2}, session=2, timestamp=2018-06-01 02:19:45,975}
02:20:03.385 [raft-server-1-state] TRACE i.a.p.raft.impl.RaftServiceManager - RaftServer{1} - Applying Indexed{index=94, entry=CommandEntry{term=1, timestamp=2018-06-01 02:19:46,050, session=2, sequence=88, operation=PrimitiveOperation{id=DefaultOperationId{id=write, type=COMMAND}, value=byte[]{length=17, hash=-1644578928}}}}
02:20:03.385 [raft-server-1-state] WARN  i.a.p.r.service.RaftServiceContext - PrimitiveService{2}{type=PrimitiveType{name=test}, name=test} - Session not open: RaftSession{RaftServiceContext{server=1, type=PrimitiveType{name=test}, name=test, id=2}, session=2, timestamp=2018-06-01 02:19:46,050}
02:20:03.385 [raft-server-1-state] TRACE i.a.p.raft.impl.RaftServiceManager - RaftServer{1} - Applying Indexed{index=95, entry=CommandEntry{term=1, timestamp=2018-06-01 02:19:46,117, session=2, sequence=89, operation=PrimitiveOperation{id=DefaultOperationId{id=write, type=COMMAND}, value=byte[]{length=17, hash=-1644578928}}}}
02:20:03.385 [raft-server-1-state] WARN  i.a.p.r.service.RaftServiceContext - PrimitiveService{2}{type=PrimitiveType{name=test}, name=test} - Session not open: RaftSession{RaftServiceContext{server=1, type=PrimitiveType{name=test}, name=test, id=2}, session=2, timestamp=2018-06-01 02:19:46,117}
02:20:03.385 [raft-server-1-state] TRACE i.a.p.raft.impl.RaftServiceManager - RaftServer{1} - Applying Indexed{index=96, entry=CommandEntry{term=1, timestamp=2018-06-01 02:19:46,209, session=2, sequence=90, operation=PrimitiveOperation{id=DefaultOperationId{id=write, type=COMMAND}, value=byte[]{length=17, hash=-1644578928}}}}
02:20:03.385 [raft-server-1-state] WARN  i.a.p.r.service.RaftServiceContext - PrimitiveService{2}{type=PrimitiveType{name=test}, name=test} - Session not open: RaftSession{RaftServiceContext{server=1, type=PrimitiveType{name=test}, name=test, id=2}, session=2, timestamp=2018-06-01 02:19:46,209}
02:20:03.386 [raft-server-1-state] TRACE i.a.p.raft.impl.RaftServiceManager - RaftServer{1} - Applying Indexed{index=97, entry=CommandEntry{term=1, timestamp=2018-06-01 02:19:46,276, session=2, sequence=91, operation=PrimitiveOperation{id=DefaultOperationId{id=write, type=COMMAND}, value=byte[]{length=17, hash=-1644578928}}}}
02:20:03.386 [raft-server-1-state] WARN  i.a.p.r.service.RaftServiceContext - PrimitiveService{2}{type=PrimitiveType{name=test}, name=test} - Session not open: RaftSession{RaftServiceContext{server=1, type=PrimitiveType{name=test}, name=test, id=2}, session=2, timestamp=2018-06-01 02:19:46,276}
02:20:03.386 [raft-server-1-state] TRACE i.a.p.raft.impl.RaftServiceManager - RaftServer{1} - Applying Indexed{index=98, entry=CommandEntry{term=1, timestamp=2018-06-01 02:19:46,334, session=2, sequence=92, operation=PrimitiveOperation{id=DefaultOperationId{id=write, type=COMMAND}, value=byte[]{length=17, hash=-1644578928}}}}
02:20:03.386 [raft-server-1-state] WARN  i.a.p.r.service.RaftServiceContext - PrimitiveService{2}{type=PrimitiveType{name=test}, name=test} - Session not open: RaftSession{RaftServiceContext{server=1, type=PrimitiveType{name=test}, name=test, id=2}, session=2, timestamp=2018-06-01 02:19:46,334}
02:20:03.386 [raft-server-1-state] TRACE i.a.p.raft.impl.RaftServiceManager - RaftServer{1} - Applying Indexed{index=99, entry=CommandEntry{term=1, timestamp=2018-06-01 02:19:46,425, session=2, sequence=93, operation=PrimitiveOperation{id=DefaultOperationId{id=write, type=COMMAND}, value=byte[]{length=17, hash=-1644578928}}}}
02:20:03.386 [raft-server-1-state] WARN  i.a.p.r.service.RaftServiceContext - PrimitiveService{2}{type=PrimitiveType{name=test}, name=test} - Session not open: RaftSession{RaftServiceContext{server=1, type=PrimitiveType{name=test}, name=test, id=2}, session=2, timestamp=2018-06-01 02:19:46,425}
02:20:03.386 [raft-server-1-state] TRACE i.a.p.raft.impl.RaftServiceManager - RaftServer{1} - Applying Indexed{index=100, entry=CommandEntry{term=1, timestamp=2018-06-01 02:19:46,492, session=2, sequence=94, operation=PrimitiveOperation{id=DefaultOperationId{id=write, type=COMMAND}, value=byte[]{length=17, hash=-1644578928}}}}
02:20:03.386 [raft-server-1-state] WARN  i.a.p.r.service.RaftServiceContext - PrimitiveService{2}{type=PrimitiveType{name=test}, name=test} - Session not open: RaftSession{RaftServiceContext{server=1, type=PrimitiveType{name=test}, name=test, id=2}, session=2, timestamp=2018-06-01 02:19:46,492}
02:20:03.386 [raft-server-1-state] TRACE i.a.p.raft.impl.RaftServiceManager - RaftServer{1} - Applying Indexed{index=101, entry=CommandEntry{term=1, timestamp=2018-06-01 02:19:46,567, session=2, sequence=95, operation=PrimitiveOperation{id=DefaultOperationId{id=write, type=COMMAND}, value=byte[]{length=17, hash=-1644578928}}}}
02:20:03.387 [raft-server-1-state] WARN  i.a.p.r.service.RaftServiceContext - PrimitiveService{2}{type=PrimitiveType{name=test}, name=test} - Session not open: RaftSession{RaftServiceContext{server=1, type=PrimitiveType{name=test}, name=test, id=2}, session=2, timestamp=2018-06-01 02:19:46,567}
02:20:03.387 [raft-server-1-state] TRACE i.a.p.raft.impl.RaftServiceManager - RaftServer{1} - Applying Indexed{index=102, entry=CommandEntry{term=1, timestamp=2018-06-01 02:19:46,842, session=2, sequence=96, operation=PrimitiveOperation{id=DefaultOperationId{id=write, type=COMMAND}, value=byte[]{length=17, hash=-1644578928}}}}
02:20:03.387 [raft-server-1-state] WARN  i.a.p.r.service.RaftServiceContext - PrimitiveService{2}{type=PrimitiveType{name=test}, name=test} - Session not open: RaftSession{RaftServiceContext{server=1, type=PrimitiveType{name=test}, name=test, id=2}, session=2, timestamp=2018-06-01 02:19:46,842}
02:20:03.387 [raft-server-1-state] TRACE i.a.p.raft.impl.RaftServiceManager - RaftServer{1} - Applying Indexed{index=103, entry=CommandEntry{term=1, timestamp=2018-06-01 02:19:46,924, session=2, sequence=97, operation=PrimitiveOperation{id=DefaultOperationId{id=write, type=COMMAND}, value=byte[]{length=17, hash=-1644578928}}}}
02:20:03.387 [raft-server-1-state] WARN  i.a.p.r.service.RaftServiceContext - PrimitiveService{2}{type=PrimitiveType{name=test}, name=test} - Session not open: RaftSession{RaftServiceContext{server=1, type=PrimitiveType{name=test}, name=test, id=2}, session=2, timestamp=2018-06-01 02:19:46,924}
02:20:03.387 [raft-server-1-state] TRACE i.a.p.raft.impl.RaftServiceManager - RaftServer{1} - Applying Indexed{index=104, entry=KeepAliveEntry{term=1, timestamp=2018-06-01 02:19:46,930, sessionIds=long[]{length=1, hash=33}, commandSequences=long[]{length=1, hash=127}, eventIndexes=long[]{length=1, hash=33}}}
02:20:03.387 [raft-server-1-state] TRACE i.a.p.raft.impl.RaftServiceManager - RaftServer{1} - Applying Indexed{index=105, entry=CommandEntry{term=1, timestamp=2018-06-01 02:19:47,024, session=2, sequence=98, operation=PrimitiveOperation{id=DefaultOperationId{id=write, type=COMMAND}, value=byte[]{length=17, hash=-1644578928}}}}
02:20:03.387 [raft-server-1-state] WARN  i.a.p.r.service.RaftServiceContext - PrimitiveService{2}{type=PrimitiveType{name=test}, name=test} - Session not open: RaftSession{RaftServiceContext{server=1, type=PrimitiveType{name=test}, name=test, id=2}, session=2, timestamp=2018-06-01 02:19:47,024}
02:20:03.387 [raft-server-1-state] TRACE i.a.p.raft.impl.RaftServiceManager - RaftServer{1} - Applying Indexed{index=106, entry=CommandEntry{term=1, timestamp=2018-06-01 02:19:47,092, session=2, sequence=99, operation=PrimitiveOperation{id=DefaultOperationId{id=write, type=COMMAND}, value=byte[]{length=17, hash=-1644578928}}}}
02:20:03.387 [raft-server-1-state] WARN  i.a.p.r.service.RaftServiceContext - PrimitiveService{2}{type=PrimitiveType{name=test}, name=test} - Session not open: RaftSession{RaftServiceContext{server=1, type=PrimitiveType{name=test}, name=test, id=2}, session=2, timestamp=2018-06-01 02:19:47,092}
02:20:03.388 [raft-server-1-state] TRACE i.a.p.raft.impl.RaftServiceManager - RaftServer{1} - Applying Indexed{index=107, entry=CommandEntry{term=1, timestamp=2018-06-01 02:19:47,167, session=2, sequence=100, operation=PrimitiveOperation{id=DefaultOperationId{id=write, type=COMMAND}, value=byte[]{length=17, hash=-1644578928}}}}
02:20:03.388 [raft-server-1-state] WARN  i.a.p.r.service.RaftServiceContext - PrimitiveService{2}{type=PrimitiveType{name=test}, name=test} - Session not open: RaftSession{RaftServiceContext{server=1, type=PrimitiveType{name=test}, name=test, id=2}, session=2, timestamp=2018-06-01 02:19:47,167}
02:20:03.388 [raft-server-1-state] TRACE i.a.p.raft.impl.RaftServiceManager - RaftServer{1} - Applying Indexed{index=108, entry=KeepAliveEntry{term=1, timestamp=2018-06-01 02:19:49,431, sessionIds=long[]{length=1, hash=33}, commandSequences=long[]{length=1, hash=131}, eventIndexes=long[]{length=1, hash=33}}}
02:20:03.388 [raft-server-1-state] TRACE i.a.p.raft.impl.RaftServiceManager - RaftServer{1} - Applying Indexed{index=109, entry=KeepAliveEntry{term=1, timestamp=2018-06-01 02:19:51,931, sessionIds=long[]{length=1, hash=33}, commandSequences=long[]{length=1, hash=131}, eventIndexes=long[]{length=1, hash=33}}}
02:20:03.388 [raft-server-1-state] TRACE i.a.p.raft.impl.RaftServiceManager - RaftServer{1} - Applying Indexed{index=110, entry=KeepAliveEntry{term=1, timestamp=2018-06-01 02:19:54,432, sessionIds=long[]{length=1, hash=33}, commandSequences=long[]{length=1, hash=131}, eventIndexes=long[]{length=1, hash=33}}}
02:20:03.388 [raft-server-1-state] TRACE i.a.p.raft.impl.RaftServiceManager - RaftServer{1} - Applying Indexed{index=111, entry=KeepAliveEntry{term=1, timestamp=2018-06-01 02:19:56,931, sessionIds=long[]{length=1, hash=33}, commandSequences=long[]{length=1, hash=131}, eventIndexes=long[]{length=1, hash=33}}}
02:20:03.388 [raft-server-1-state] TRACE i.a.p.raft.impl.RaftServiceManager - RaftServer{1} - Applying Indexed{index=112, entry=KeepAliveEntry{term=1, timestamp=2018-06-01 02:19:59,432, sessionIds=long[]{length=1, hash=33}, commandSequences=long[]{length=1, hash=131}, eventIndexes=long[]{length=1, hash=33}}}
02:20:03.388 [raft-server-1-state] TRACE i.a.p.raft.impl.RaftServiceManager - RaftServer{1} - Applying Indexed{index=113, entry=KeepAliveEntry{term=1, timestamp=2018-06-01 02:20:01,933, sessionIds=long[]{length=1, hash=33}, commandSequences=long[]{length=1, hash=131}, eventIndexes=long[]{length=1, hash=33}}}
02:20:03.388 [raft-server-1-state] TRACE i.a.p.raft.impl.RaftServiceManager - RaftServer{1} - Applying Indexed{index=114, entry=InitializeEntry{term=2, timestamp=2018-06-01 02:20:03,298}}
02:20:03.389 [raft-server-1-state] DEBUG i.a.p.r.service.RaftServiceContext - PrimitiveService{2}{type=PrimitiveType{name=test}, name=test} - Resetting session timeouts
02:20:03.406 [raft-server-3] TRACE i.a.p.raft.roles.FollowerRole - RaftServer{3}{role=FOLLOWER} - Committed entries up to index 114
02:20:03.406 [raft-server-3] TRACE i.a.p.raft.roles.FollowerRole - RaftServer{3}{role=FOLLOWER} - Sending AppendResponse{status=OK, term=2, succeeded=true, lastLogIndex=114}
02:20:03.406 [raft-server-1] TRACE i.a.p.raft.roles.LeaderAppender - RaftServer{1} - Received AppendResponse{status=OK, term=2, succeeded=true, lastLogIndex=114} from 3
02:20:03.406 [raft-server-3-state] TRACE i.a.p.raft.impl.RaftServiceManager - RaftServer{3} - Applying Indexed{index=114, entry=InitializeEntry{term=2, timestamp=2018-06-01 02:20:03,298}}
02:20:03.406 [raft-server-3-state] DEBUG i.a.p.r.service.RaftServiceContext - PrimitiveService{2}{type=PrimitiveType{name=test}, name=test} - Resetting session timeouts
02:20:03.567 [raft-server-1] TRACE i.a.p.raft.roles.LeaderAppender - RaftServer{1} - Sending AppendRequest{term=2, leader=1, prevLogIndex=114, prevLogTerm=2, entries=0, commitIndex=114} to 2
02:20:03.567 [raft-server-1] TRACE i.a.p.raft.roles.LeaderAppender - RaftServer{1} - Sending AppendRequest{term=2, leader=1, prevLogIndex=114, prevLogTerm=2, entries=0, commitIndex=114} to 3
02:20:03.567 [raft-server-3] TRACE i.a.p.raft.roles.FollowerRole - RaftServer{3}{role=FOLLOWER} - Received AppendRequest{term=2, leader=1, prevLogIndex=114, prevLogTerm=2, entries=0, commitIndex=114}
02:20:03.567 [raft-server-2] TRACE i.a.p.raft.roles.FollowerRole - RaftServer{2}{role=FOLLOWER} - Received AppendRequest{term=2, leader=1, prevLogIndex=114, prevLogTerm=2, entries=0, commitIndex=114}
02:20:03.567 [raft-server-3] TRACE i.a.p.raft.roles.FollowerRole - RaftServer{3}{role=FOLLOWER} - Sending AppendResponse{status=OK, term=2, succeeded=true, lastLogIndex=114}
02:20:03.567 [raft-server-1] TRACE i.a.p.raft.roles.LeaderAppender - RaftServer{1} - Received AppendResponse{status=OK, term=2, succeeded=true, lastLogIndex=114} from 3
02:20:03.589 [raft-server-2] TRACE i.a.p.raft.roles.FollowerRole - RaftServer{2}{role=FOLLOWER} - Committed entries up to index 114
02:20:03.589 [raft-server-2] TRACE i.a.p.raft.roles.FollowerRole - RaftServer{2}{role=FOLLOWER} - Sending AppendResponse{status=OK, term=2, succeeded=true, lastLogIndex=114}
02:20:03.589 [raft-server-1] TRACE i.a.p.raft.roles.LeaderAppender - RaftServer{1} - Received AppendResponse{status=OK, term=2, succeeded=true, lastLogIndex=114} from 2
02:20:03.590 [raft-server-2-state] TRACE i.a.p.raft.impl.RaftServiceManager - RaftServer{2} - Applying Indexed{index=114, entry=InitializeEntry{term=2, timestamp=2018-06-01 02:20:03,298}}
02:20:03.590 [raft-server-2-state] DEBUG i.a.p.r.service.RaftServiceContext - PrimitiveService{2}{type=PrimitiveType{name=test}, name=test} - Resetting session timeouts
02:20:03.795 [raft-server-1] TRACE i.a.p.r.c.impl.RaftClusterContext - RaftServer{1} - Cancelling join timeout
02:20:03.795 [raft-server-1] DEBUG i.a.p.r.c.impl.RaftClusterContext - RaftServer{1} - Attempting to join via 2
02:20:03.795 [raft-server-2] TRACE i.a.p.raft.roles.FollowerRole - RaftServer{2}{role=FOLLOWER} - Received JoinRequest{member=DefaultRaftMember{id=1, type=ACTIVE, updated=2018-06-01T00:20:02.291Z}}
02:20:03.795 [raft-server-1] TRACE i.a.protocols.raft.roles.LeaderRole - RaftServer{1}{role=LEADER} - Received JoinRequest{member=DefaultRaftMember{id=1, type=ACTIVE, updated=2018-06-01T00:20:02.291Z}}
02:20:03.795 [raft-server-1] TRACE i.a.protocols.raft.roles.LeaderRole - RaftServer{1}{role=LEADER} - Sending JoinResponse{status=OK, index=0, term=0, timestamp=1527812375250, members=[DefaultRaftMember{id=2, type=ACTIVE, updated=2018-06-01T00:19:35.250Z}, DefaultRaftMember{id=1, type=ACTIVE, updated=2018-06-01T00:20:02.291Z}, DefaultRaftMember{id=3, type=ACTIVE, updated=2018-06-01T00:19:35.250Z}]}
02:20:03.795 [raft-server-2] TRACE i.a.p.raft.roles.FollowerRole - RaftServer{2}{role=FOLLOWER} - Sending JoinResponse{status=OK, index=0, term=0, timestamp=1527812375250, members=[DefaultRaftMember{id=2, type=ACTIVE, updated=2018-06-01T00:19:35.250Z}, DefaultRaftMember{id=1, type=ACTIVE, updated=2018-06-01T00:20:02.291Z}, DefaultRaftMember{id=3, type=ACTIVE, updated=2018-06-01T00:19:35.250Z}]}
02:20:03.796 [raft-server-1] TRACE i.a.p.r.c.impl.RaftClusterContext - RaftServer{1} - Cancelling join timeout
02:20:03.796 [raft-server-1] INFO  i.a.p.r.c.impl.RaftClusterContext - RaftServer{1} - Successfully joined via 2
02:20:03.796 [raft-server-1] INFO  i.a.p.raft.impl.DefaultRaftServer - RaftServer{1} - Server started successfully!
02:20:03.796 [raft-client-8d1a11e6-024d-41c6-816f-7d36669ce782-6] TRACE i.a.p.r.p.impl.RaftProxyConnection - PartitionProxy{2}{type=PrimitiveType{name=test}, name=test} - Sending CommandRequest{session=2, sequence=101, operation=PrimitiveOperation{id=DefaultOperationId{id=write, type=COMMAND}, value=byte[]{length=17, hash=-1644578928}}} to 1
02:20:03.797 [raft-server-1] TRACE i.a.protocols.raft.roles.LeaderRole - RaftServer{1}{role=LEADER} - Received CommandRequest{session=2, sequence=101, operation=PrimitiveOperation{id=DefaultOperationId{id=write, type=COMMAND}, value=byte[]{length=17, hash=-1644578928}}}
02:20:03.797 [raft-server-1] TRACE i.a.protocols.raft.roles.LeaderRole - RaftServer{1}{role=LEADER} - Registered sequence command 101 > 82
02:20:03.816 [raft-server-1] TRACE i.a.p.raft.roles.LeaderAppender - RaftServer{1} - Sending AppendRequest{term=2, leader=1, prevLogIndex=114, prevLogTerm=2, entries=0, commitIndex=114} to 2
02:20:03.817 [raft-server-1] TRACE i.a.p.raft.roles.LeaderAppender - RaftServer{1} - Sending AppendRequest{term=2, leader=1, prevLogIndex=114, prevLogTerm=2, entries=0, commitIndex=114} to 3
02:20:03.817 [raft-server-2] TRACE i.a.p.raft.roles.FollowerRole - RaftServer{2}{role=FOLLOWER} - Received AppendRequest{term=2, leader=1, prevLogIndex=114, prevLogTerm=2, entries=0, commitIndex=114}
02:20:03.817 [raft-server-3] TRACE i.a.p.raft.roles.FollowerRole - RaftServer{3}{role=FOLLOWER} - Received AppendRequest{term=2, leader=1, prevLogIndex=114, prevLogTerm=2, entries=0, commitIndex=114}
02:20:03.817 [raft-server-2] TRACE i.a.p.raft.roles.FollowerRole - RaftServer{2}{role=FOLLOWER} - Sending AppendResponse{status=OK, term=2, succeeded=true, lastLogIndex=114}
02:20:03.817 [raft-server-3] TRACE i.a.p.raft.roles.FollowerRole - RaftServer{3}{role=FOLLOWER} - Sending AppendResponse{status=OK, term=2, succeeded=true, lastLogIndex=114}
02:20:03.817 [raft-server-1] TRACE i.a.p.raft.roles.LeaderAppender - RaftServer{1} - Received AppendResponse{status=OK, term=2, succeeded=true, lastLogIndex=114} from 2
02:20:03.817 [raft-server-1] TRACE i.a.p.raft.roles.LeaderAppender - RaftServer{1} - Sending AppendRequest{term=2, leader=1, prevLogIndex=114, prevLogTerm=2, entries=0, commitIndex=114} to 2
02:20:03.817 [raft-server-1] TRACE i.a.p.raft.roles.LeaderAppender - RaftServer{1} - Received AppendResponse{status=OK, term=2, succeeded=true, lastLogIndex=114} from 3
02:20:03.817 [raft-server-2] TRACE i.a.p.raft.roles.FollowerRole - RaftServer{2}{role=FOLLOWER} - Received AppendRequest{term=2, leader=1, prevLogIndex=114, prevLogTerm=2, entries=0, commitIndex=114}
02:20:03.817 [raft-server-2] TRACE i.a.p.raft.roles.FollowerRole - RaftServer{2}{role=FOLLOWER} - Sending AppendResponse{status=OK, term=2, succeeded=true, lastLogIndex=114}
02:20:03.817 [raft-server-1] TRACE i.a.p.raft.roles.LeaderAppender - RaftServer{1} - Received AppendResponse{status=OK, term=2, succeeded=true, lastLogIndex=114} from 2
02:20:04.067 [raft-server-1] TRACE i.a.p.raft.roles.LeaderAppender - RaftServer{1} - Sending AppendRequest{term=2, leader=1, prevLogIndex=114, prevLogTerm=2, entries=0, commitIndex=114} to 2
02:20:04.067 [raft-server-1] TRACE i.a.p.raft.roles.LeaderAppender - RaftServer{1} - Sending AppendRequest{term=2, leader=1, prevLogIndex=114, prevLogTerm=2, entries=0, commitIndex=114} to 3
02:20:04.067 [raft-server-3] TRACE i.a.p.raft.roles.FollowerRole - RaftServer{3}{role=FOLLOWER} - Received AppendRequest{term=2, leader=1, prevLogIndex=114, prevLogTerm=2, entries=0, commitIndex=114}
02:20:04.067 [raft-server-2] TRACE i.a.p.raft.roles.FollowerRole - RaftServer{2}{role=FOLLOWER} - Received AppendRequest{term=2, leader=1, prevLogIndex=114, prevLogTerm=2, entries=0, commitIndex=114}
02:20:04.067 [raft-server-3] TRACE i.a.p.raft.roles.FollowerRole - RaftServer{3}{role=FOLLOWER} - Sending AppendResponse{status=OK, term=2, succeeded=true, lastLogIndex=114}
02:20:04.067 [raft-server-2] TRACE i.a.p.raft.roles.FollowerRole - RaftServer{2}{role=FOLLOWER} - Sending AppendResponse{status=OK, term=2, succeeded=true, lastLogIndex=114}
02:20:04.067 [raft-server-1] TRACE i.a.p.raft.roles.LeaderAppender - RaftServer{1} - Received AppendResponse{status=OK, term=2, succeeded=true, lastLogIndex=114} from 3
02:20:04.067 [raft-server-1] TRACE i.a.p.raft.roles.LeaderAppender - RaftServer{1} - Sending AppendRequest{term=2, leader=1, prevLogIndex=114, prevLogTerm=2, entries=0, commitIndex=114} to 3
02:20:04.067 [raft-server-3] TRACE i.a.p.raft.roles.FollowerRole - RaftServer{3}{role=FOLLOWER} - Received AppendRequest{term=2, leader=1, prevLogIndex=114, prevLogTerm=2, entries=0, commitIndex=114}
02:20:04.067 [raft-server-1] TRACE i.a.p.raft.roles.LeaderAppender - RaftServer{1} - Received AppendResponse{status=OK, term=2, succeeded=true, lastLogIndex=114} from 2
02:20:04.067 [raft-server-3] TRACE i.a.p.raft.roles.FollowerRole - RaftServer{3}{role=FOLLOWER} - Sending AppendResponse{status=OK, term=2, succeeded=true, lastLogIndex=114}
02:20:04.067 [raft-server-1] TRACE i.a.p.raft.roles.LeaderAppender - RaftServer{1} - Sending AppendRequest{term=2, leader=1, prevLogIndex=114, prevLogTerm=2, entries=0, commitIndex=114} to 2
02:20:04.067 [raft-server-1] TRACE i.a.p.raft.roles.LeaderAppender - RaftServer{1} - Received AppendResponse{status=OK, term=2, succeeded=true, lastLogIndex=114} from 3
02:20:04.067 [raft-server-2] TRACE i.a.p.raft.roles.FollowerRole - RaftServer{2}{role=FOLLOWER} - Received AppendRequest{term=2, leader=1, prevLogIndex=114, prevLogTerm=2, entries=0, commitIndex=114}
02:20:04.067 [raft-server-1] TRACE i.a.p.raft.roles.LeaderAppender - RaftServer{1} - Sending AppendRequest{term=2, leader=1, prevLogIndex=114, prevLogTerm=2, entries=0, commitIndex=114} to 3
02:20:04.067 [raft-server-2] TRACE i.a.p.raft.roles.FollowerRole - RaftServer{2}{role=FOLLOWER} - Sending AppendResponse{status=OK, term=2, succeeded=true, lastLogIndex=114}
02:20:04.068 [raft-server-3] TRACE i.a.p.raft.roles.FollowerRole - RaftServer{3}{role=FOLLOWER} - Received AppendRequest{term=2, leader=1, prevLogIndex=114, prevLogTerm=2, entries=0, commitIndex=114}
02:20:04.068 [raft-server-1] TRACE i.a.p.raft.roles.LeaderAppender - RaftServer{1} - Received AppendResponse{status=OK, term=2, succeeded=true, lastLogIndex=114} from 2
02:20:04.068 [raft-server-3] TRACE i.a.p.raft.roles.FollowerRole - RaftServer{3}{role=FOLLOWER} - Sending AppendResponse{status=OK, term=2, succeeded=true, lastLogIndex=114}
02:20:04.068 [raft-server-1] TRACE i.a.p.raft.roles.LeaderAppender - RaftServer{1} - Sending AppendRequest{term=2, leader=1, prevLogIndex=114, prevLogTerm=2, entries=0, commitIndex=114} to 2
02:20:04.068 [raft-server-1] TRACE i.a.p.raft.roles.LeaderAppender - RaftServer{1} - Received AppendResponse{status=OK, term=2, succeeded=true, lastLogIndex=114} from 3
02:20:04.068 [raft-server-2] TRACE i.a.p.raft.roles.FollowerRole - RaftServer{2}{role=FOLLOWER} - Received AppendRequest{term=2, leader=1, prevLogIndex=114, prevLogTerm=2, entries=0, commitIndex=114}
02:20:04.068 [raft-server-2] TRACE i.a.p.raft.roles.FollowerRole - RaftServer{2}{role=FOLLOWER} - Sending AppendResponse{status=OK, term=2, succeeded=true, lastLogIndex=114}
02:20:04.068 [raft-server-1] TRACE i.a.p.raft.roles.LeaderAppender - RaftServer{1} - Sending AppendRequest{term=2, leader=1, prevLogIndex=114, prevLogTerm=2, entries=0, commitIndex=114} to 3
02:20:04.068 [raft-server-1] TRACE i.a.p.raft.roles.LeaderAppender - RaftServer{1} - Received AppendResponse{status=OK, term=2, succeeded=true, lastLogIndex=114} from 2
02:20:04.068 [raft-server-3] TRACE i.a.p.raft.roles.FollowerRole - RaftServer{3}{role=FOLLOWER} - Received AppendRequest{term=2, leader=1, prevLogIndex=114, prevLogTerm=2, entries=0, commitIndex=114}
02:20:04.068 [raft-server-3] TRACE i.a.p.raft.roles.FollowerRole - RaftServer{3}{role=FOLLOWER} - Sending AppendResponse{status=OK, term=2, succeeded=true, lastLogIndex=114}
02:20:04.068 [raft-server-1] TRACE i.a.p.raft.roles.LeaderAppender - RaftServer{1} - Received AppendResponse{status=OK, term=2, succeeded=true, lastLogIndex=114} from 3
02:20:04.316 [raft-server-1] TRACE i.a.p.raft.roles.LeaderAppender - RaftServer{1} - Sending AppendRequest{term=2, leader=1, prevLogIndex=114, prevLogTerm=2, entries=0, commitIndex=114} to 2
02:20:04.317 [raft-server-2] TRACE i.a.p.raft.roles.FollowerRole - RaftServer{2}{role=FOLLOWER} - Received AppendRequest{term=2, leader=1, prevLogIndex=114, prevLogTerm=2, entries=0, commitIndex=114}
02:20:04.317 [raft-server-1] TRACE i.a.p.raft.roles.LeaderAppender - RaftServer{1} - Sending AppendRequest{term=2, leader=1, prevLogIndex=114, prevLogTerm=2, entries=0, commitIndex=114} to 3
02:20:04.317 [raft-server-2] TRACE i.a.p.raft.roles.FollowerRole - RaftServer{2}{role=FOLLOWER} - Sending AppendResponse{status=OK, term=2, succeeded=true, lastLogIndex=114}
02:20:04.317 [raft-server-3] TRACE i.a.p.raft.roles.FollowerRole - RaftServer{3}{role=FOLLOWER} - Received AppendRequest{term=2, leader=1, prevLogIndex=114, prevLogTerm=2, entries=0, commitIndex=114}
02:20:04.317 [raft-server-1] TRACE i.a.p.raft.roles.LeaderAppender - RaftServer{1} - Received AppendResponse{status=OK, term=2, succeeded=true, lastLogIndex=114} from 2
02:20:04.317 [raft-server-3] TRACE i.a.p.raft.roles.FollowerRole - RaftServer{3}{role=FOLLOWER} - Sending AppendResponse{status=OK, term=2, succeeded=true, lastLogIndex=114}
02:20:04.317 [raft-server-1] TRACE i.a.p.raft.roles.LeaderAppender - RaftServer{1} - Sending AppendRequest{term=2, leader=1, prevLogIndex=114, prevLogTerm=2, entries=0, commitIndex=114} to 2
02:20:04.317 [raft-server-1] TRACE i.a.p.raft.roles.LeaderAppender - RaftServer{1} - Received AppendResponse{status=OK, term=2, succeeded=true, lastLogIndex=114} from 3
02:20:04.317 [raft-server-2] TRACE i.a.p.raft.roles.FollowerRole - RaftServer{2}{role=FOLLOWER} - Received AppendRequest{term=2, leader=1, prevLogIndex=114, prevLogTerm=2, entries=0, commitIndex=114}
02:20:04.317 [raft-server-2] TRACE i.a.p.raft.roles.FollowerRole - RaftServer{2}{role=FOLLOWER} - Sending AppendResponse{status=OK, term=2, succeeded=true, lastLogIndex=114}
02:20:04.317 [raft-server-1] TRACE i.a.p.raft.roles.LeaderAppender - RaftServer{1} - Received AppendResponse{status=OK, term=2, succeeded=true, lastLogIndex=114} from 2
02:20:04.434 [raft-client-8d1a11e6-024d-41c6-816f-7d36669ce782-0] TRACE i.a.p.r.proxy.impl.RaftProxyManager - RaftClient{8d1a11e6-024d-41c6-816f-7d36669ce782} - Keeping 1 sessions alive
02:20:04.434 [raft-client-8d1a11e6-024d-41c6-816f-7d36669ce782-0] TRACE i.a.p.r.p.impl.RaftProxyConnection - RaftClient{8d1a11e6-024d-41c6-816f-7d36669ce782} - Sending KeepAliveRequest{sessionIds=long[]{length=1, hash=33}, commandSequences=long[]{length=1, hash=131}, eventIndexes=long[]{length=1, hash=33}} to 1
02:20:04.434 [raft-server-1] TRACE i.a.protocols.raft.roles.LeaderRole - RaftServer{1}{role=LEADER} - Received KeepAliveRequest{sessionIds=long[]{length=1, hash=33}, commandSequences=long[]{length=1, hash=131}, eventIndexes=long[]{length=1, hash=33}}
02:20:04.434 [raft-server-1] TRACE i.a.protocols.raft.roles.LeaderRole - RaftServer{1}{role=LEADER} - Appended Indexed{index=115, entry=KeepAliveEntry{term=2, timestamp=2018-06-01 02:20:04,434, sessionIds=long[]{length=1, hash=33}, commandSequences=long[]{length=1, hash=131}, eventIndexes=long[]{length=1, hash=33}}}
02:20:04.434 [raft-server-1] TRACE i.a.p.raft.roles.LeaderAppender - RaftServer{1} - Sending AppendRequest{term=2, leader=1, prevLogIndex=114, prevLogTerm=2, entries=1, commitIndex=114} to 2
02:20:04.435 [raft-server-2] TRACE i.a.p.raft.roles.FollowerRole - RaftServer{2}{role=FOLLOWER} - Received AppendRequest{term=2, leader=1, prevLogIndex=114, prevLogTerm=2, entries=1, commitIndex=114}
02:20:04.435 [raft-server-1] TRACE i.a.p.raft.roles.LeaderAppender - RaftServer{1} - Sending AppendRequest{term=2, leader=1, prevLogIndex=114, prevLogTerm=2, entries=1, commitIndex=114} to 3
02:20:04.435 [raft-server-3] TRACE i.a.p.raft.roles.FollowerRole - RaftServer{3}{role=FOLLOWER} - Received AppendRequest{term=2, leader=1, prevLogIndex=114, prevLogTerm=2, entries=1, commitIndex=114}
02:20:04.435 [raft-server-2] TRACE i.a.p.raft.roles.FollowerRole - RaftServer{2}{role=FOLLOWER} - Appended Indexed{index=115, entry=KeepAliveEntry{term=2, timestamp=2018-06-01 02:20:04,434, sessionIds=long[]{length=1, hash=33}, commandSequences=long[]{length=1, hash=131}, eventIndexes=long[]{length=1, hash=33}}}
02:20:04.435 [raft-server-2] TRACE i.a.p.raft.roles.FollowerRole - RaftServer{2}{role=FOLLOWER} - Sending AppendResponse{status=OK, term=2, succeeded=true, lastLogIndex=115}
02:20:04.435 [raft-server-3] TRACE i.a.p.raft.roles.FollowerRole - RaftServer{3}{role=FOLLOWER} - Appended Indexed{index=115, entry=KeepAliveEntry{term=2, timestamp=2018-06-01 02:20:04,434, sessionIds=long[]{length=1, hash=33}, commandSequences=long[]{length=1, hash=131}, eventIndexes=long[]{length=1, hash=33}}}
02:20:04.435 [raft-server-3] TRACE i.a.p.raft.roles.FollowerRole - RaftServer{3}{role=FOLLOWER} - Sending AppendResponse{status=OK, term=2, succeeded=true, lastLogIndex=115}
02:20:04.435 [raft-server-1] TRACE i.a.p.raft.roles.LeaderAppender - RaftServer{1} - Received AppendResponse{status=OK, term=2, succeeded=true, lastLogIndex=115} from 2
02:20:04.435 [raft-server-1] TRACE i.a.p.raft.roles.LeaderAppender - RaftServer{1} - Committed entries up to 115
02:20:04.496 [raft-server-1] TRACE i.a.p.raft.roles.LeaderAppender - RaftServer{1} - Received AppendResponse{status=OK, term=2, succeeded=true, lastLogIndex=115} from 3
02:20:04.497 [raft-server-1-state] TRACE i.a.p.raft.impl.RaftServiceManager - RaftServer{1} - Applying Indexed{index=115, entry=KeepAliveEntry{term=2, timestamp=2018-06-01 02:20:04,434, sessionIds=long[]{length=1, hash=33}, commandSequences=long[]{length=1, hash=131}, eventIndexes=long[]{length=1, hash=33}}}
02:20:04.497 [raft-server-1] TRACE i.a.protocols.raft.roles.LeaderRole - RaftServer{1}{role=LEADER} - Sending KeepAliveResponse{status=OK, leader=1, members=[2, 1, 3], sessionIds=long[]{length=0, hash=1}}
02:20:04.497 [raft-client-8d1a11e6-024d-41c6-816f-7d36669ce782-5] TRACE i.a.p.r.p.impl.RaftProxyConnection - RaftClient{8d1a11e6-024d-41c6-816f-7d36669ce782} - Received KeepAliveResponse{status=OK, leader=1, members=[2, 1, 3], sessionIds=long[]{length=0, hash=1}} from 1
02:20:04.497 [raft-client-8d1a11e6-024d-41c6-816f-7d36669ce782-5] DEBUG i.a.p.p.i.RecoveringPartitionProxy - PartitionProxy{2}{type=PrimitiveType{name=test}, name=test} - State changed: SUSPENDED
02:20:04.498 [raft-client-8d1a11e6-024d-41c6-816f-7d36669ce782-5] DEBUG i.a.p.p.i.RecoveringPartitionProxy - PartitionProxy{2}{type=PrimitiveType{name=test}, name=test} - Opening proxy session
02:20:04.498 [raft-client-8d1a11e6-024d-41c6-816f-7d36669ce782-5] DEBUG i.a.p.r.proxy.impl.RaftProxyManager - RaftClient{8d1a11e6-024d-41c6-816f-7d36669ce782} - Opening session; name: test, type: PrimitiveType{name=test}
02:20:04.498 [raft-client-8d1a11e6-024d-41c6-816f-7d36669ce782-5] TRACE i.a.p.r.p.impl.RaftProxyConnection - RaftClient{8d1a11e6-024d-41c6-816f-7d36669ce782} - Sending OpenSessionRequest{node=4, serviceName=test, serviceType=test, readConsistency=LINEARIZABLE, minTimeout=250, maxTimeout=5000} to 1
02:20:04.498 [raft-server-1] TRACE i.a.protocols.raft.roles.LeaderRole - RaftServer{1}{role=LEADER} - Received OpenSessionRequest{node=4, serviceName=test, serviceType=test, readConsistency=LINEARIZABLE, minTimeout=250, maxTimeout=5000}
02:20:04.499 [raft-server-1] TRACE i.a.protocols.raft.roles.LeaderRole - RaftServer{1}{role=LEADER} - Appended Indexed{index=116, entry=OpenSessionEntry{term=2, timestamp=2018-06-01 02:20:04,498, node=4, serviceName=test, serviceType=test, serviceConfig=byte[]{length=2, hash=2636}, readConsistency=LINEARIZABLE, minTimeout=250, maxTimeout=5000}}
02:20:04.500 [raft-server-1] TRACE i.a.p.raft.roles.LeaderAppender - RaftServer{1} - Sending AppendRequest{term=2, leader=1, prevLogIndex=115, prevLogTerm=2, entries=1, commitIndex=115} to 2
02:20:04.501 [raft-server-2] TRACE i.a.p.raft.roles.FollowerRole - RaftServer{2}{role=FOLLOWER} - Received AppendRequest{term=2, leader=1, prevLogIndex=115, prevLogTerm=2, entries=1, commitIndex=115}
02:20:04.501 [raft-server-2] TRACE i.a.p.raft.roles.FollowerRole - RaftServer{2}{role=FOLLOWER} - Appended Indexed{index=116, entry=OpenSessionEntry{term=2, timestamp=2018-06-01 02:20:04,498, node=4, serviceName=test, serviceType=test, serviceConfig=byte[]{length=2, hash=2636}, readConsistency=LINEARIZABLE, minTimeout=250, maxTimeout=5000}}
02:20:04.502 [raft-server-1] TRACE i.a.p.raft.roles.LeaderAppender - RaftServer{1} - Sending AppendRequest{term=2, leader=1, prevLogIndex=115, prevLogTerm=2, entries=1, commitIndex=115} to 3
02:20:04.502 [raft-server-3] TRACE i.a.p.raft.roles.FollowerRole - RaftServer{3}{role=FOLLOWER} - Received AppendRequest{term=2, leader=1, prevLogIndex=115, prevLogTerm=2, entries=1, commitIndex=115}
02:20:04.502 [raft-server-3] TRACE i.a.p.raft.roles.FollowerRole - RaftServer{3}{role=FOLLOWER} - Appended Indexed{index=116, entry=OpenSessionEntry{term=2, timestamp=2018-06-01 02:20:04,498, node=4, serviceName=test, serviceType=test, serviceConfig=byte[]{length=2, hash=2636}, readConsistency=LINEARIZABLE, minTimeout=250, maxTimeout=5000}}
02:20:04.538 [raft-server-2] TRACE i.a.p.raft.roles.FollowerRole - RaftServer{2}{role=FOLLOWER} - Committed entries up to index 115
02:20:04.538 [raft-server-2] TRACE i.a.p.raft.roles.FollowerRole - RaftServer{2}{role=FOLLOWER} - Sending AppendResponse{status=OK, term=2, succeeded=true, lastLogIndex=116}
02:20:04.538 [raft-server-1] TRACE i.a.p.raft.roles.LeaderAppender - RaftServer{1} - Received AppendResponse{status=OK, term=2, succeeded=true, lastLogIndex=116} from 2
02:20:04.538 [raft-server-2-state] TRACE i.a.p.raft.impl.RaftServiceManager - RaftServer{2} - Applying Indexed{index=115, entry=KeepAliveEntry{term=2, timestamp=2018-06-01 02:20:04,434, sessionIds=long[]{length=1, hash=33}, commandSequences=long[]{length=1, hash=131}, eventIndexes=long[]{length=1, hash=33}}}
02:20:04.538 [raft-server-1] TRACE i.a.p.raft.roles.LeaderAppender - RaftServer{1} - Committed entries up to 116
02:20:04.564 [raft-server-3] TRACE i.a.p.raft.roles.FollowerRole - RaftServer{3}{role=FOLLOWER} - Committed entries up to index 115
02:20:04.564 [raft-server-3] TRACE i.a.p.raft.roles.FollowerRole - RaftServer{3}{role=FOLLOWER} - Sending AppendResponse{status=OK, term=2, succeeded=true, lastLogIndex=116}
02:20:04.565 [raft-server-3-state] TRACE i.a.p.raft.impl.RaftServiceManager - RaftServer{3} - Applying Indexed{index=115, entry=KeepAliveEntry{term=2, timestamp=2018-06-01 02:20:04,434, sessionIds=long[]{length=1, hash=33}, commandSequences=long[]{length=1, hash=131}, eventIndexes=long[]{length=1, hash=33}}}
02:20:04.581 [raft-server-1] TRACE i.a.p.raft.roles.LeaderAppender - RaftServer{1} - Received AppendResponse{status=OK, term=2, succeeded=true, lastLogIndex=116} from 3
02:20:04.581 [raft-server-1] TRACE i.a.p.raft.roles.LeaderAppender - RaftServer{1} - Sending AppendRequest{term=2, leader=1, prevLogIndex=116, prevLogTerm=2, entries=0, commitIndex=116} to 2
02:20:04.581 [raft-server-2] TRACE i.a.p.raft.roles.FollowerRole - RaftServer{2}{role=FOLLOWER} - Received AppendRequest{term=2, leader=1, prevLogIndex=116, prevLogTerm=2, entries=0, commitIndex=116}
02:20:04.581 [raft-server-1] TRACE i.a.p.raft.roles.LeaderAppender - RaftServer{1} - Sending AppendRequest{term=2, leader=1, prevLogIndex=116, prevLogTerm=2, entries=0, commitIndex=116} to 3
02:20:04.581 [raft-server-2] TRACE i.a.p.raft.roles.FollowerRole - RaftServer{2}{role=FOLLOWER} - Committed entries up to index 116
02:20:04.581 [raft-server-3] TRACE i.a.p.raft.roles.FollowerRole - RaftServer{3}{role=FOLLOWER} - Received AppendRequest{term=2, leader=1, prevLogIndex=116, prevLogTerm=2, entries=0, commitIndex=116}
02:20:04.582 [raft-server-1-state] TRACE i.a.p.raft.impl.RaftServiceManager - RaftServer{1} - Applying Indexed{index=116, entry=OpenSessionEntry{term=2, timestamp=2018-06-01 02:20:04,498, node=4, serviceName=test, serviceType=test, serviceConfig=byte[]{length=2, hash=2636}, readConsistency=LINEARIZABLE, minTimeout=250, maxTimeout=5000}}
02:20:04.582 [raft-server-2] TRACE i.a.p.raft.roles.FollowerRole - RaftServer{2}{role=FOLLOWER} - Sending AppendResponse{status=OK, term=2, succeeded=true, lastLogIndex=116}
02:20:04.582 [raft-server-1] TRACE i.a.p.raft.roles.LeaderAppender - RaftServer{1} - Received AppendResponse{status=OK, term=2, succeeded=true, lastLogIndex=116} from 2
02:20:04.582 [raft-server-1-state] DEBUG i.a.p.r.service.RaftServiceContext - PrimitiveService{2}{type=PrimitiveType{name=test}, name=test} - Opening session 116
02:20:04.582 [raft-server-2-state] TRACE i.a.p.raft.impl.RaftServiceManager - RaftServer{2} - Applying Indexed{index=116, entry=OpenSessionEntry{term=2, timestamp=2018-06-01 02:20:04,498, node=4, serviceName=test, serviceType=test, serviceConfig=byte[]{length=2, hash=2636}, readConsistency=LINEARIZABLE, minTimeout=250, maxTimeout=5000}}
02:20:04.582 [raft-server-1] TRACE i.a.p.raft.roles.LeaderAppender - RaftServer{1} - Sending AppendRequest{term=2, leader=1, prevLogIndex=116, prevLogTerm=2, entries=0, commitIndex=116} to 2
02:20:04.582 [raft-server-1-state] DEBUG i.a.p.raft.session.RaftSession - PrimitiveSession{116}{type=PrimitiveType{name=test}, name=test} - State changed: OPEN
02:20:04.582 [raft-server-2-state] DEBUG i.a.p.r.service.RaftServiceContext - PrimitiveService{2}{type=PrimitiveType{name=test}, name=test} - Opening session 116
02:20:04.582 [raft-server-2-state] DEBUG i.a.p.raft.session.RaftSession - PrimitiveSession{116}{type=PrimitiveType{name=test}, name=test} - State changed: OPEN
02:20:04.582 [raft-server-1-state] TRACE i.a.protocols.raft.roles.LeaderRole - RaftServer{1}{role=LEADER} - Sending OpenSessionResponse{status=OK, session=116, timeout=5000}
02:20:04.582 [raft-server-2] TRACE i.a.p.raft.roles.FollowerRole - RaftServer{2}{role=FOLLOWER} - Received AppendRequest{term=2, leader=1, prevLogIndex=116, prevLogTerm=2, entries=0, commitIndex=116}
02:20:04.582 [raft-client-8d1a11e6-024d-41c6-816f-7d36669ce782-4] TRACE i.a.p.r.p.impl.RaftProxyConnection - RaftClient{8d1a11e6-024d-41c6-816f-7d36669ce782} - Received OpenSessionResponse{status=OK, session=116, timeout=5000} from 1
02:20:04.582 [raft-server-2] TRACE i.a.p.raft.roles.FollowerRole - RaftServer{2}{role=FOLLOWER} - Sending AppendResponse{status=OK, term=2, succeeded=true, lastLogIndex=116}
02:20:04.583 [raft-server-1] TRACE i.a.p.raft.roles.LeaderAppender - RaftServer{1} - Received AppendResponse{status=OK, term=2, succeeded=true, lastLogIndex=116} from 2
02:20:04.583 [raft-client-8d1a11e6-024d-41c6-816f-7d36669ce782-4] TRACE i.a.p.r.proxy.impl.RaftProxyManager - RaftClient{8d1a11e6-024d-41c6-816f-7d36669ce782} - Keeping 1 sessions alive
02:20:04.583 [raft-client-8d1a11e6-024d-41c6-816f-7d36669ce782-7] TRACE i.a.p.r.p.impl.RaftProxyConnection - RaftClient{8d1a11e6-024d-41c6-816f-7d36669ce782} - Sending KeepAliveRequest{sessionIds=long[]{length=1, hash=147}, commandSequences=long[]{length=1, hash=31}, eventIndexes=long[]{length=1, hash=147}} to 1
02:20:04.583 [raft-server-1] TRACE i.a.protocols.raft.roles.LeaderRole - RaftServer{1}{role=LEADER} - Received KeepAliveRequest{sessionIds=long[]{length=1, hash=147}, commandSequences=long[]{length=1, hash=31}, eventIndexes=long[]{length=1, hash=147}}
02:20:04.583 [raft-server-1] TRACE i.a.protocols.raft.roles.LeaderRole - RaftServer{1}{role=LEADER} - Appended Indexed{index=117, entry=KeepAliveEntry{term=2, timestamp=2018-06-01 02:20:04,583, sessionIds=long[]{length=1, hash=147}, commandSequences=long[]{length=1, hash=31}, eventIndexes=long[]{length=1, hash=147}}}
02:20:04.583 [raft-server-1] TRACE i.a.p.raft.roles.LeaderAppender - RaftServer{1} - Sending AppendRequest{term=2, leader=1, prevLogIndex=116, prevLogTerm=2, entries=1, commitIndex=116} to 2
02:20:04.583 [raft-server-2] TRACE i.a.p.raft.roles.FollowerRole - RaftServer{2}{role=FOLLOWER} - Received AppendRequest{term=2, leader=1, prevLogIndex=116, prevLogTerm=2, entries=1, commitIndex=116}
02:20:04.584 [raft-server-2] TRACE i.a.p.raft.roles.FollowerRole - RaftServer{2}{role=FOLLOWER} - Appended Indexed{index=117, entry=KeepAliveEntry{term=2, timestamp=2018-06-01 02:20:04,583, sessionIds=long[]{length=1, hash=147}, commandSequences=long[]{length=1, hash=31}, eventIndexes=long[]{length=1, hash=147}}}
02:20:04.584 [raft-server-2] TRACE i.a.p.raft.roles.FollowerRole - RaftServer{2}{role=FOLLOWER} - Sending AppendResponse{status=OK, term=2, succeeded=true, lastLogIndex=117}
02:20:04.584 [raft-server-1] TRACE i.a.p.raft.roles.LeaderAppender - RaftServer{1} - Received AppendResponse{status=OK, term=2, succeeded=true, lastLogIndex=117} from 2
02:20:04.584 [raft-server-1] TRACE i.a.p.raft.roles.LeaderAppender - RaftServer{1} - Committed entries up to 117
02:20:04.584 [raft-client-8d1a11e6-024d-41c6-816f-7d36669ce782-4] DEBUG i.a.p.p.i.RecoveringPartitionProxy - PartitionProxy{116}{type=PrimitiveType{name=test}, name=test} - State changed: CONNECTED
02:20:04.614 [raft-server-3] TRACE i.a.p.raft.roles.FollowerRole - RaftServer{3}{role=FOLLOWER} - Committed entries up to index 116
02:20:04.614 [raft-server-3] TRACE i.a.p.raft.roles.FollowerRole - RaftServer{3}{role=FOLLOWER} - Sending AppendResponse{status=OK, term=2, succeeded=true, lastLogIndex=116}
02:20:04.615 [raft-server-3-state] TRACE i.a.p.raft.impl.RaftServiceManager - RaftServer{3} - Applying Indexed{index=116, entry=OpenSessionEntry{term=2, timestamp=2018-06-01 02:20:04,498, node=4, serviceName=test, serviceType=test, serviceConfig=byte[]{length=2, hash=2636}, readConsistency=LINEARIZABLE, minTimeout=250, maxTimeout=5000}}
02:20:04.615 [raft-server-3-state] DEBUG i.a.p.r.service.RaftServiceContext - PrimitiveService{2}{type=PrimitiveType{name=test}, name=test} - Opening session 116
02:20:04.615 [raft-server-3-state] DEBUG i.a.p.raft.session.RaftSession - PrimitiveSession{116}{type=PrimitiveType{name=test}, name=test} - State changed: OPEN
02:20:04.631 [raft-server-1] TRACE i.a.p.raft.roles.LeaderAppender - RaftServer{1} - Received AppendResponse{status=OK, term=2, succeeded=true, lastLogIndex=116} from 3
02:20:04.631 [raft-server-1] TRACE i.a.p.raft.roles.LeaderAppender - RaftServer{1} - Sending AppendRequest{term=2, leader=1, prevLogIndex=116, prevLogTerm=2, entries=1, commitIndex=117} to 3
02:20:04.631 [raft-server-3] TRACE i.a.p.raft.roles.FollowerRole - RaftServer{3}{role=FOLLOWER} - Received AppendRequest{term=2, leader=1, prevLogIndex=116, prevLogTerm=2, entries=1, commitIndex=117}
02:20:04.631 [raft-server-3] TRACE i.a.p.raft.roles.FollowerRole - RaftServer{3}{role=FOLLOWER} - Appended Indexed{index=117, entry=KeepAliveEntry{term=2, timestamp=2018-06-01 02:20:04,583, sessionIds=long[]{length=1, hash=147}, commandSequences=long[]{length=1, hash=31}, eventIndexes=long[]{length=1, hash=147}}}
02:20:04.631 [raft-server-1-state] TRACE i.a.p.raft.impl.RaftServiceManager - RaftServer{1} - Applying Indexed{index=117, entry=KeepAliveEntry{term=2, timestamp=2018-06-01 02:20:04,583, sessionIds=long[]{length=1, hash=147}, commandSequences=long[]{length=1, hash=31}, eventIndexes=long[]{length=1, hash=147}}}
02:20:04.632 [raft-server-1] TRACE i.a.protocols.raft.roles.LeaderRole - RaftServer{1}{role=LEADER} - Sending KeepAliveResponse{status=OK, leader=1, members=[2, 1, 3], sessionIds=long[]{length=1, hash=147}}
02:20:04.632 [raft-client-8d1a11e6-024d-41c6-816f-7d36669ce782-6] TRACE i.a.p.r.p.impl.RaftProxyConnection - RaftClient{8d1a11e6-024d-41c6-816f-7d36669ce782} - Received KeepAliveResponse{status=OK, leader=1, members=[2, 1, 3], sessionIds=long[]{length=1, hash=147}} from 1
02:20:04.656 [raft-server-3] TRACE i.a.p.raft.roles.FollowerRole - RaftServer{3}{role=FOLLOWER} - Committed entries up to index 117
02:20:04.656 [raft-server-3] TRACE i.a.p.raft.roles.FollowerRole - RaftServer{3}{role=FOLLOWER} - Sending AppendResponse{status=OK, term=2, succeeded=true, lastLogIndex=117}
02:20:04.656 [raft-server-1] TRACE i.a.p.raft.roles.LeaderAppender - RaftServer{1} - Received AppendResponse{status=OK, term=2, succeeded=true, lastLogIndex=117} from 3
02:20:04.656 [raft-server-3-state] TRACE i.a.p.raft.impl.RaftServiceManager - RaftServer{3} - Applying Indexed{index=117, entry=KeepAliveEntry{term=2, timestamp=2018-06-01 02:20:04,583, sessionIds=long[]{length=1, hash=147}, commandSequences=long[]{length=1, hash=31}, eventIndexes=long[]{length=1, hash=147}}}
02:20:04.803 [raft-client-8d1a11e6-024d-41c6-816f-7d36669ce782-3] DEBUG i.a.p.r.p.impl.RaftProxyConnection - PartitionProxy{2}{type=PrimitiveType{name=test}, name=test} - CommandRequest{session=2, sequence=101, operation=PrimitiveOperation{id=DefaultOperationId{id=write, type=COMMAND}, value=byte[]{length=17, hash=-1644578928}}} failed! Reason: {}
java.util.concurrent.TimeoutException: null
	at io.atomix.protocols.raft.protocol.TestRaftProtocol.lambda$scheduleTimeout$0(TestRaftProtocol.java:48) ~[test-classes/:na]
	at java.util.concurrent.Executors$RunnableAdapter.call(Executors.java:511) ~[na:1.8.0_121]
	at java.util.concurrent.FutureTask.run(FutureTask.java:266) ~[na:1.8.0_121]
	at java.util.concurrent.ScheduledThreadPoolExecutor$ScheduledFutureTask.access$201(ScheduledThreadPoolExecutor.java:180) ~[na:1.8.0_121]
	at java.util.concurrent.ScheduledThreadPoolExecutor$ScheduledFutureTask.run(ScheduledThreadPoolExecutor.java:293) ~[na:1.8.0_121]
	at java.util.concurrent.ThreadPoolExecutor.runWorker(ThreadPoolExecutor.java:1142) ~[na:1.8.0_121]
	at java.util.concurrent.ThreadPoolExecutor$Worker.run(ThreadPoolExecutor.java:617) ~[na:1.8.0_121]
	at java.lang.Thread.run(Thread.java:745) ~[na:1.8.0_121]
02:20:04.804 [raft-client-8d1a11e6-024d-41c6-816f-7d36669ce782-3] TRACE i.a.p.r.p.impl.RaftProxyConnection - PartitionProxy{2}{type=PrimitiveType{name=test}, name=test} - Resetting connection. Reason: null
02:20:04.804 [raft-client-8d1a11e6-024d-41c6-816f-7d36669ce782-3] TRACE i.a.p.r.p.impl.RaftProxyConnection - PartitionProxy{2}{type=PrimitiveType{name=test}, name=test} - Sending CommandRequest{session=2, sequence=101, operation=PrimitiveOperation{id=DefaultOperationId{id=write, type=COMMAND}, value=byte[]{length=17, hash=-1644578928}}} to 1
02:20:04.804 [raft-server-1] TRACE i.a.protocols.raft.roles.LeaderRole - RaftServer{1}{role=LEADER} - Received CommandRequest{session=2, sequence=101, operation=PrimitiveOperation{id=DefaultOperationId{id=write, type=COMMAND}, value=byte[]{length=17, hash=-1644578928}}}
02:20:04.805 [raft-server-1] TRACE i.a.protocols.raft.roles.LeaderRole - RaftServer{1}{role=LEADER} - Returning pending result for command sequence 101
02:20:04.817 [raft-server-1] TRACE i.a.p.raft.roles.LeaderAppender - RaftServer{1} - Sending AppendRequest{term=2, leader=1, prevLogIndex=117, prevLogTerm=2, entries=0, commitIndex=117} to 2
02:20:04.817 [raft-server-1] TRACE i.a.p.raft.roles.LeaderAppender - RaftServer{1} - Sending AppendRequest{term=2, leader=1, prevLogIndex=117, prevLogTerm=2, entries=0, commitIndex=117} to 3
02:20:04.817 [raft-server-2] TRACE i.a.p.raft.roles.FollowerRole - RaftServer{2}{role=FOLLOWER} - Received AppendRequest{term=2, leader=1, prevLogIndex=117, prevLogTerm=2, entries=0, commitIndex=117}
02:20:04.817 [raft-server-3] TRACE i.a.p.raft.roles.FollowerRole - RaftServer{3}{role=FOLLOWER} - Received AppendRequest{term=2, leader=1, prevLogIndex=117, prevLogTerm=2, entries=0, commitIndex=117}
02:20:04.817 [raft-server-3] TRACE i.a.p.raft.roles.FollowerRole - RaftServer{3}{role=FOLLOWER} - Sending AppendResponse{status=OK, term=2, succeeded=true, lastLogIndex=117}
02:20:04.817 [raft-server-1] TRACE i.a.p.raft.roles.LeaderAppender - RaftServer{1} - Received AppendResponse{status=OK, term=2, succeeded=true, lastLogIndex=117} from 3
02:20:04.847 [raft-server-2] TRACE i.a.p.raft.roles.FollowerRole - RaftServer{2}{role=FOLLOWER} - Committed entries up to index 117
02:20:04.848 [raft-server-2] TRACE i.a.p.raft.roles.FollowerRole - RaftServer{2}{role=FOLLOWER} - Sending AppendResponse{status=OK, term=2, succeeded=true, lastLogIndex=117}
02:20:04.848 [raft-server-1] TRACE i.a.p.raft.roles.LeaderAppender - RaftServer{1} - Received AppendResponse{status=OK, term=2, succeeded=true, lastLogIndex=117} from 2
02:20:04.848 [raft-server-2-state] TRACE i.a.p.raft.impl.RaftServiceManager - RaftServer{2} - Applying Indexed{index=117, entry=KeepAliveEntry{term=2, timestamp=2018-06-01 02:20:04,583, sessionIds=long[]{length=1, hash=147}, commandSequences=long[]{length=1, hash=31}, eventIndexes=long[]{length=1, hash=147}}}
02:20:05.066 [raft-server-1] TRACE i.a.p.raft.roles.LeaderAppender - RaftServer{1} - Sending AppendRequest{term=2, leader=1, prevLogIndex=117, prevLogTerm=2, entries=0, commitIndex=117} to 2
02:20:05.067 [raft-server-2] TRACE i.a.p.raft.roles.FollowerRole - RaftServer{2}{role=FOLLOWER} - Received AppendRequest{term=2, leader=1, prevLogIndex=117, prevLogTerm=2, entries=0, commitIndex=117}
02:20:05.067 [raft-server-1] TRACE i.a.p.raft.roles.LeaderAppender - RaftServer{1} - Sending AppendRequest{term=2, leader=1, prevLogIndex=117, prevLogTerm=2, entries=0, commitIndex=117} to 3
02:20:05.067 [raft-server-2] TRACE i.a.p.raft.roles.FollowerRole - RaftServer{2}{role=FOLLOWER} - Sending AppendResponse{status=OK, term=2, succeeded=true, lastLogIndex=117}
02:20:05.067 [raft-server-3] TRACE i.a.p.raft.roles.FollowerRole - RaftServer{3}{role=FOLLOWER} - Received AppendRequest{term=2, leader=1, prevLogIndex=117, prevLogTerm=2, entries=0, commitIndex=117}
02:20:05.067 [raft-server-1] TRACE i.a.p.raft.roles.LeaderAppender - RaftServer{1} - Received AppendResponse{status=OK, term=2, succeeded=true, lastLogIndex=117} from 2
02:20:05.067 [raft-server-3] TRACE i.a.p.raft.roles.FollowerRole - RaftServer{3}{role=FOLLOWER} - Sending AppendResponse{status=OK, term=2, succeeded=true, lastLogIndex=117}
02:20:05.067 [raft-server-1] TRACE i.a.p.raft.roles.LeaderAppender - RaftServer{1} - Sending AppendRequest{term=2, leader=1, prevLogIndex=117, prevLogTerm=2, entries=0, commitIndex=117} to 2
02:20:05.067 [raft-server-1] TRACE i.a.p.raft.roles.LeaderAppender - RaftServer{1} - Received AppendResponse{status=OK, term=2, succeeded=true, lastLogIndex=117} from 3
02:20:05.067 [raft-server-2] TRACE i.a.p.raft.roles.FollowerRole - RaftServer{2}{role=FOLLOWER} - Received AppendRequest{term=2, leader=1, prevLogIndex=117, prevLogTerm=2, entries=0, commitIndex=117}
02:20:05.067 [raft-server-2] TRACE i.a.p.raft.roles.FollowerRole - RaftServer{2}{role=FOLLOWER} - Sending AppendResponse{status=OK, term=2, succeeded=true, lastLogIndex=117}
02:20:05.068 [raft-server-1] TRACE i.a.p.raft.roles.LeaderAppender - RaftServer{1} - Received AppendResponse{status=OK, term=2, succeeded=true, lastLogIndex=117} from 2
02:20:05.317 [raft-server-1] TRACE i.a.p.raft.roles.LeaderAppender - RaftServer{1} - Sending AppendRequest{term=2, leader=1, prevLogIndex=117, prevLogTerm=2, entries=0, commitIndex=117} to 2
02:20:05.317 [raft-server-1] TRACE i.a.p.raft.roles.LeaderAppender - RaftServer{1} - Sending AppendRequest{term=2, leader=1, prevLogIndex=117, prevLogTerm=2, entries=0, commitIndex=117} to 3
02:20:05.317 [raft-server-3] TRACE i.a.p.raft.roles.FollowerRole - RaftServer{3}{role=FOLLOWER} - Received AppendRequest{term=2, leader=1, prevLogIndex=117, prevLogTerm=2, entries=0, commitIndex=117}
02:20:05.317 [raft-server-2] TRACE i.a.p.raft.roles.FollowerRole - RaftServer{2}{role=FOLLOWER} - Received AppendRequest{term=2, leader=1, prevLogIndex=117, prevLogTerm=2, entries=0, commitIndex=117}
02:20:05.317 [raft-server-3] TRACE i.a.p.raft.roles.FollowerRole - RaftServer{3}{role=FOLLOWER} - Sending AppendResponse{status=OK, term=2, succeeded=true, lastLogIndex=117}
02:20:05.317 [raft-server-2] TRACE i.a.p.raft.roles.FollowerRole - RaftServer{2}{role=FOLLOWER} - Sending AppendResponse{status=OK, term=2, succeeded=true, lastLogIndex=117}
02:20:05.317 [raft-server-1] TRACE i.a.p.raft.roles.LeaderAppender - RaftServer{1} - Received AppendResponse{status=OK, term=2, succeeded=true, lastLogIndex=117} from 3
02:20:05.317 [raft-server-1] TRACE i.a.p.raft.roles.LeaderAppender - RaftServer{1} - Received AppendResponse{status=OK, term=2, succeeded=true, lastLogIndex=117} from 2
02:20:05.548 [raft-server-2-state] DEBUG i.a.p.raft.impl.RaftServiceManager - RaftServer{2} - Completing snapshot 110
02:20:05.566 [raft-server-1] TRACE i.a.p.raft.roles.LeaderAppender - RaftServer{1} - Sending AppendRequest{term=2, leader=1, prevLogIndex=117, prevLogTerm=2, entries=0, commitIndex=117} to 2
02:20:05.567 [raft-server-1] TRACE i.a.p.raft.roles.LeaderAppender - RaftServer{1} - Sending AppendRequest{term=2, leader=1, prevLogIndex=117, prevLogTerm=2, entries=0, commitIndex=117} to 3
02:20:05.567 [raft-server-2] TRACE i.a.p.raft.roles.FollowerRole - RaftServer{2}{role=FOLLOWER} - Received AppendRequest{term=2, leader=1, prevLogIndex=117, prevLogTerm=2, entries=0, commitIndex=117}
02:20:05.567 [raft-server-3] TRACE i.a.p.raft.roles.FollowerRole - RaftServer{3}{role=FOLLOWER} - Received AppendRequest{term=2, leader=1, prevLogIndex=117, prevLogTerm=2, entries=0, commitIndex=117}
02:20:05.567 [raft-server-2] TRACE i.a.p.raft.roles.FollowerRole - RaftServer{2}{role=FOLLOWER} - Sending AppendResponse{status=OK, term=2, succeeded=true, lastLogIndex=117}
02:20:05.567 [raft-server-3] TRACE i.a.p.raft.roles.FollowerRole - RaftServer{3}{role=FOLLOWER} - Sending AppendResponse{status=OK, term=2, succeeded=true, lastLogIndex=117}
02:20:05.567 [raft-server-1] TRACE i.a.p.raft.roles.LeaderAppender - RaftServer{1} - Received AppendResponse{status=OK, term=2, succeeded=true, lastLogIndex=117} from 2
02:20:05.567 [raft-server-1] TRACE i.a.p.raft.roles.LeaderAppender - RaftServer{1} - Sending AppendRequest{term=2, leader=1, prevLogIndex=117, prevLogTerm=2, entries=0, commitIndex=117} to 2
02:20:05.567 [raft-server-1] TRACE i.a.p.raft.roles.LeaderAppender - RaftServer{1} - Received AppendResponse{status=OK, term=2, succeeded=true, lastLogIndex=117} from 3
02:20:05.567 [raft-server-2] TRACE i.a.p.raft.roles.FollowerRole - RaftServer{2}{role=FOLLOWER} - Received AppendRequest{term=2, leader=1, prevLogIndex=117, prevLogTerm=2, entries=0, commitIndex=117}
02:20:05.567 [raft-server-2] TRACE i.a.p.raft.roles.FollowerRole - RaftServer{2}{role=FOLLOWER} - Sending AppendResponse{status=OK, term=2, succeeded=true, lastLogIndex=117}
02:20:05.567 [raft-server-1] TRACE i.a.p.raft.roles.LeaderAppender - RaftServer{1} - Received AppendResponse{status=OK, term=2, succeeded=true, lastLogIndex=117} from 2
02:20:05.581 [raft-server-2-state] DEBUG i.a.p.r.s.snapshot.FileSnapshot - Deleting FileSnapshot{index=86}
02:20:05.581 [raft-server-2] DEBUG i.a.p.raft.impl.RaftServiceManager - RaftServer{2} - Compacting logs up to index 110
02:20:05.581 [raft-server-2] DEBUG i.a.storage.journal.SegmentedJournal - atomix - Compacting 2 segment(s)
02:20:05.581 [raft-server-2] TRACE i.a.storage.journal.SegmentedJournal - Deleting segment: JournalSegment{id=9, version=1, index=81, size=584}
02:20:05.582 [raft-server-2] TRACE i.a.storage.journal.SegmentedJournal - Deleting segment: JournalSegment{id=10, version=1, index=91, size=584}
02:20:05.582 [raft-server-2] DEBUG i.a.p.raft.impl.RaftServiceManager - RaftServer{2} - Snapshotting services
02:20:05.582 [raft-server-2-state] DEBUG i.a.p.r.s.snapshot.SnapshotStore - Created memory snapshot: MemorySnapshot{index=117}
02:20:05.582 [raft-server-2-state] DEBUG i.a.p.r.service.RaftServiceContext - PrimitiveService{2}{type=PrimitiveType{name=test}, name=test} - Taking snapshot 117
02:20:05.582 [raft-server-2-compaction] DEBUG i.a.p.r.s.snapshot.SnapshotStore - Created disk snapshot: FileSnapshot{index=117}
02:20:05.605 [raft-server-3-state] DEBUG i.a.p.raft.impl.RaftServiceManager - RaftServer{3} - Completing snapshot 110
02:20:05.689 [raft-server-3-state] DEBUG i.a.p.r.s.snapshot.FileSnapshot - Deleting FileSnapshot{index=87}
02:20:05.690 [raft-server-3] DEBUG i.a.p.raft.impl.RaftServiceManager - RaftServer{3} - Compacting logs up to index 110
02:20:05.690 [raft-server-3] DEBUG i.a.storage.journal.SegmentedJournal - atomix - Compacting 2 segment(s)
02:20:05.690 [raft-server-3] TRACE i.a.storage.journal.SegmentedJournal - Deleting segment: JournalSegment{id=9, version=1, index=81, size=584}
02:20:05.690 [raft-server-3] TRACE i.a.storage.journal.SegmentedJournal - Deleting segment: JournalSegment{id=10, version=1, index=91, size=584}
02:20:05.690 [raft-server-3] DEBUG i.a.p.raft.impl.RaftServiceManager - RaftServer{3} - Snapshotting services
02:20:05.690 [raft-server-3-state] DEBUG i.a.p.r.s.snapshot.SnapshotStore - Created memory snapshot: MemorySnapshot{index=117}
02:20:05.690 [raft-server-3-state] DEBUG i.a.p.r.service.RaftServiceContext - PrimitiveService{2}{type=PrimitiveType{name=test}, name=test} - Taking snapshot 117
02:20:05.691 [raft-server-3-compaction] DEBUG i.a.p.r.s.snapshot.SnapshotStore - Created disk snapshot: FileSnapshot{index=117}
02:20:05.807 [raft-client-8d1a11e6-024d-41c6-816f-7d36669ce782-7] DEBUG i.a.p.r.p.impl.RaftProxyConnection - PartitionProxy{2}{type=PrimitiveType{name=test}, name=test} - CommandRequest{session=2, sequence=101, operation=PrimitiveOperation{id=DefaultOperationId{id=write, type=COMMAND}, value=byte[]{length=17, hash=-1644578928}}} failed! Reason: {}
java.util.concurrent.TimeoutException: null
	at io.atomix.protocols.raft.protocol.TestRaftProtocol.lambda$scheduleTimeout$0(TestRaftProtocol.java:48) ~[test-classes/:na]
	at java.util.concurrent.Executors$RunnableAdapter.call(Executors.java:511) ~[na:1.8.0_121]
	at java.util.concurrent.FutureTask.run(FutureTask.java:266) ~[na:1.8.0_121]
	at java.util.concurrent.ScheduledThreadPoolExecutor$ScheduledFutureTask.access$201(ScheduledThreadPoolExecutor.java:180) ~[na:1.8.0_121]
	at java.util.concurrent.ScheduledThreadPoolExecutor$ScheduledFutureTask.run(ScheduledThreadPoolExecutor.java:293) ~[na:1.8.0_121]
	at java.util.concurrent.ThreadPoolExecutor.runWorker(ThreadPoolExecutor.java:1142) ~[na:1.8.0_121]
	at java.util.concurrent.ThreadPoolExecutor$Worker.run(ThreadPoolExecutor.java:617) ~[na:1.8.0_121]
	at java.lang.Thread.run(Thread.java:745) ~[na:1.8.0_121]
02:20:05.807 [raft-client-8d1a11e6-024d-41c6-816f-7d36669ce782-7] TRACE i.a.p.r.p.impl.RaftProxyConnection - PartitionProxy{2}{type=PrimitiveType{name=test}, name=test} - Resetting connection. Reason: null
02:20:05.808 [raft-client-8d1a11e6-024d-41c6-816f-7d36669ce782-7] TRACE i.a.p.r.p.impl.RaftProxyConnection - PartitionProxy{2}{type=PrimitiveType{name=test}, name=test} - Sending CommandRequest{session=2, sequence=101, operation=PrimitiveOperation{id=DefaultOperationId{id=write, type=COMMAND}, value=byte[]{length=17, hash=-1644578928}}} to 3
02:20:05.808 [raft-server-3] TRACE i.a.p.raft.roles.FollowerRole - RaftServer{3}{role=FOLLOWER} - Received CommandRequest{session=2, sequence=101, operation=PrimitiveOperation{id=DefaultOperationId{id=write, type=COMMAND}, value=byte[]{length=17, hash=-1644578928}}}
02:20:05.808 [raft-server-1] TRACE i.a.protocols.raft.roles.LeaderRole - RaftServer{1}{role=LEADER} - Received CommandRequest{session=2, sequence=101, operation=PrimitiveOperation{id=DefaultOperationId{id=write, type=COMMAND}, value=byte[]{length=17, hash=-1644578928}}}
02:20:05.808 [raft-server-1] TRACE i.a.protocols.raft.roles.LeaderRole - RaftServer{1}{role=LEADER} - Returning pending result for command sequence 101
02:20:05.816 [raft-server-1] TRACE i.a.p.raft.roles.LeaderAppender - RaftServer{1} - Sending AppendRequest{term=2, leader=1, prevLogIndex=117, prevLogTerm=2, entries=0, commitIndex=117} to 2
02:20:05.817 [raft-server-1] TRACE i.a.p.raft.roles.LeaderAppender - RaftServer{1} - Sending AppendRequest{term=2, leader=1, prevLogIndex=117, prevLogTerm=2, entries=0, commitIndex=117} to 3
02:20:05.817 [raft-server-2] TRACE i.a.p.raft.roles.FollowerRole - RaftServer{2}{role=FOLLOWER} - Received AppendRequest{term=2, leader=1, prevLogIndex=117, prevLogTerm=2, entries=0, commitIndex=117}
02:20:05.817 [raft-server-3] TRACE i.a.p.raft.roles.FollowerRole - RaftServer{3}{role=FOLLOWER} - Received AppendRequest{term=2, leader=1, prevLogIndex=117, prevLogTerm=2, entries=0, commitIndex=117}
02:20:05.817 [raft-server-2] TRACE i.a.p.raft.roles.FollowerRole - RaftServer{2}{role=FOLLOWER} - Sending AppendResponse{status=OK, term=2, succeeded=true, lastLogIndex=117}
02:20:05.817 [raft-server-3] TRACE i.a.p.raft.roles.FollowerRole - RaftServer{3}{role=FOLLOWER} - Sending AppendResponse{status=OK, term=2, succeeded=true, lastLogIndex=117}
02:20:05.817 [raft-server-1] TRACE i.a.p.raft.roles.LeaderAppender - RaftServer{1} - Received AppendResponse{status=OK, term=2, succeeded=true, lastLogIndex=117} from 2
02:20:05.817 [raft-server-1] TRACE i.a.p.raft.roles.LeaderAppender - RaftServer{1} - Sending AppendRequest{term=2, leader=1, prevLogIndex=117, prevLogTerm=2, entries=0, commitIndex=117} to 2
02:20:05.817 [raft-server-1] TRACE i.a.p.raft.roles.LeaderAppender - RaftServer{1} - Received AppendResponse{status=OK, term=2, succeeded=true, lastLogIndex=117} from 3
02:20:05.817 [raft-server-2] TRACE i.a.p.raft.roles.FollowerRole - RaftServer{2}{role=FOLLOWER} - Received AppendRequest{term=2, leader=1, prevLogIndex=117, prevLogTerm=2, entries=0, commitIndex=117}
02:20:05.817 [raft-server-2] TRACE i.a.p.raft.roles.FollowerRole - RaftServer{2}{role=FOLLOWER} - Sending AppendResponse{status=OK, term=2, succeeded=true, lastLogIndex=117}
02:20:05.817 [raft-server-1] TRACE i.a.p.raft.roles.LeaderAppender - RaftServer{1} - Received AppendResponse{status=OK, term=2, succeeded=true, lastLogIndex=117} from 2
02:20:06.067 [raft-server-1] TRACE i.a.p.raft.roles.LeaderAppender - RaftServer{1} - Sending AppendRequest{term=2, leader=1, prevLogIndex=117, prevLogTerm=2, entries=0, commitIndex=117} to 2
02:20:06.067 [raft-server-1] TRACE i.a.p.raft.roles.LeaderAppender - RaftServer{1} - Sending AppendRequest{term=2, leader=1, prevLogIndex=117, prevLogTerm=2, entries=0, commitIndex=117} to 3
02:20:06.067 [raft-server-2] TRACE i.a.p.raft.roles.FollowerRole - RaftServer{2}{role=FOLLOWER} - Received AppendRequest{term=2, leader=1, prevLogIndex=117, prevLogTerm=2, entries=0, commitIndex=117}
02:20:06.067 [raft-server-3] TRACE i.a.p.raft.roles.FollowerRole - RaftServer{3}{role=FOLLOWER} - Received AppendRequest{term=2, leader=1, prevLogIndex=117, prevLogTerm=2, entries=0, commitIndex=117}
02:20:06.067 [raft-server-2] TRACE i.a.p.raft.roles.FollowerRole - RaftServer{2}{role=FOLLOWER} - Sending AppendResponse{status=OK, term=2, succeeded=true, lastLogIndex=117}
02:20:06.067 [raft-server-3] TRACE i.a.p.raft.roles.FollowerRole - RaftServer{3}{role=FOLLOWER} - Sending AppendResponse{status=OK, term=2, succeeded=true, lastLogIndex=117}
02:20:06.067 [raft-server-1] TRACE i.a.p.raft.roles.LeaderAppender - RaftServer{1} - Received AppendResponse{status=OK, term=2, succeeded=true, lastLogIndex=117} from 2
02:20:06.067 [raft-server-1] TRACE i.a.p.raft.roles.LeaderAppender - RaftServer{1} - Received AppendResponse{status=OK, term=2, succeeded=true, lastLogIndex=117} from 3
02:20:06.317 [raft-server-1] TRACE i.a.p.raft.roles.LeaderAppender - RaftServer{1} - Sending AppendRequest{term=2, leader=1, prevLogIndex=117, prevLogTerm=2, entries=0, commitIndex=117} to 2
02:20:06.317 [raft-server-1] TRACE i.a.p.raft.roles.LeaderAppender - RaftServer{1} - Sending AppendRequest{term=2, leader=1, prevLogIndex=117, prevLogTerm=2, entries=0, commitIndex=117} to 3
02:20:06.317 [raft-server-2] TRACE i.a.p.raft.roles.FollowerRole - RaftServer{2}{role=FOLLOWER} - Received AppendRequest{term=2, leader=1, prevLogIndex=117, prevLogTerm=2, entries=0, commitIndex=117}
02:20:06.317 [raft-server-3] TRACE i.a.p.raft.roles.FollowerRole - RaftServer{3}{role=FOLLOWER} - Received AppendRequest{term=2, leader=1, prevLogIndex=117, prevLogTerm=2, entries=0, commitIndex=117}
02:20:06.317 [raft-server-2] TRACE i.a.p.raft.roles.FollowerRole - RaftServer{2}{role=FOLLOWER} - Sending AppendResponse{status=OK, term=2, succeeded=true, lastLogIndex=117}
02:20:06.317 [raft-server-3] TRACE i.a.p.raft.roles.FollowerRole - RaftServer{3}{role=FOLLOWER} - Sending AppendResponse{status=OK, term=2, succeeded=true, lastLogIndex=117}
02:20:06.317 [raft-server-1] TRACE i.a.p.raft.roles.LeaderAppender - RaftServer{1} - Received AppendResponse{status=OK, term=2, succeeded=true, lastLogIndex=117} from 2
02:20:06.317 [raft-server-1] TRACE i.a.p.raft.roles.LeaderAppender - RaftServer{1} - Sending AppendRequest{term=2, leader=1, prevLogIndex=117, prevLogTerm=2, entries=0, commitIndex=117} to 2
02:20:06.317 [raft-server-1] TRACE i.a.p.raft.roles.LeaderAppender - RaftServer{1} - Received AppendResponse{status=OK, term=2, succeeded=true, lastLogIndex=117} from 3
02:20:06.317 [raft-server-2] TRACE i.a.p.raft.roles.FollowerRole - RaftServer{2}{role=FOLLOWER} - Received AppendRequest{term=2, leader=1, prevLogIndex=117, prevLogTerm=2, entries=0, commitIndex=117}
02:20:06.317 [raft-server-2] TRACE i.a.p.raft.roles.FollowerRole - RaftServer{2}{role=FOLLOWER} - Sending AppendResponse{status=OK, term=2, succeeded=true, lastLogIndex=117}
02:20:06.317 [raft-server-1] TRACE i.a.p.raft.roles.LeaderAppender - RaftServer{1} - Received AppendResponse{status=OK, term=2, succeeded=true, lastLogIndex=117} from 2
02:20:06.566 [raft-server-1] TRACE i.a.p.raft.roles.LeaderAppender - RaftServer{1} - Sending AppendRequest{term=2, leader=1, prevLogIndex=117, prevLogTerm=2, entries=0, commitIndex=117} to 2
02:20:06.567 [raft-server-1] TRACE i.a.p.raft.roles.LeaderAppender - RaftServer{1} - Sending AppendRequest{term=2, leader=1, prevLogIndex=117, prevLogTerm=2, entries=0, commitIndex=117} to 3
02:20:06.567 [raft-server-2] TRACE i.a.p.raft.roles.FollowerRole - RaftServer{2}{role=FOLLOWER} - Received AppendRequest{term=2, leader=1, prevLogIndex=117, prevLogTerm=2, entries=0, commitIndex=117}
02:20:06.567 [raft-server-3] TRACE i.a.p.raft.roles.FollowerRole - RaftServer{3}{role=FOLLOWER} - Received AppendRequest{term=2, leader=1, prevLogIndex=117, prevLogTerm=2, entries=0, commitIndex=117}
02:20:06.567 [raft-server-2] TRACE i.a.p.raft.roles.FollowerRole - RaftServer{2}{role=FOLLOWER} - Sending AppendResponse{status=OK, term=2, succeeded=true, lastLogIndex=117}
02:20:06.567 [raft-server-3] TRACE i.a.p.raft.roles.FollowerRole - RaftServer{3}{role=FOLLOWER} - Sending AppendResponse{status=OK, term=2, succeeded=true, lastLogIndex=117}
02:20:06.567 [raft-server-1] TRACE i.a.p.raft.roles.LeaderAppender - RaftServer{1} - Received AppendResponse{status=OK, term=2, succeeded=true, lastLogIndex=117} from 2
02:20:06.567 [raft-server-1] TRACE i.a.p.raft.roles.LeaderAppender - RaftServer{1} - Sending AppendRequest{term=2, leader=1, prevLogIndex=117, prevLogTerm=2, entries=0, commitIndex=117} to 2
02:20:06.567 [raft-server-2] TRACE i.a.p.raft.roles.FollowerRole - RaftServer{2}{role=FOLLOWER} - Received AppendRequest{term=2, leader=1, prevLogIndex=117, prevLogTerm=2, entries=0, commitIndex=117}
02:20:06.567 [raft-server-1] TRACE i.a.p.raft.roles.LeaderAppender - RaftServer{1} - Received AppendResponse{status=OK, term=2, succeeded=true, lastLogIndex=117} from 3
02:20:06.567 [raft-server-2] TRACE i.a.p.raft.roles.FollowerRole - RaftServer{2}{role=FOLLOWER} - Sending AppendResponse{status=OK, term=2, succeeded=true, lastLogIndex=117}
02:20:06.567 [raft-server-1] TRACE i.a.p.raft.roles.LeaderAppender - RaftServer{1} - Received AppendResponse{status=OK, term=2, succeeded=true, lastLogIndex=117} from 2
02:20:06.808 [raft-server-3] TRACE i.a.p.raft.roles.FollowerRole - RaftServer{3}{role=FOLLOWER} - Sending CommandResponse{status=ERROR, error=RaftError{type=NO_LEADER, message=null}, lastSequence=0}
02:20:06.809 [raft-client-8d1a11e6-024d-41c6-816f-7d36669ce782-4] DEBUG i.a.p.r.p.impl.RaftProxyConnection - PartitionProxy{2}{type=PrimitiveType{name=test}, name=test} - CommandRequest{session=2, sequence=101, operation=PrimitiveOperation{id=DefaultOperationId{id=write, type=COMMAND}, value=byte[]{length=17, hash=-1644578928}}} failed! Reason: {}
java.util.concurrent.TimeoutException: null
	at io.atomix.protocols.raft.protocol.TestRaftProtocol.lambda$scheduleTimeout$0(TestRaftProtocol.java:48) ~[test-classes/:na]
	at java.util.concurrent.Executors$RunnableAdapter.call(Executors.java:511) ~[na:1.8.0_121]
	at java.util.concurrent.FutureTask.run(FutureTask.java:266) ~[na:1.8.0_121]
	at java.util.concurrent.ScheduledThreadPoolExecutor$ScheduledFutureTask.access$201(ScheduledThreadPoolExecutor.java:180) ~[na:1.8.0_121]
	at java.util.concurrent.ScheduledThreadPoolExecutor$ScheduledFutureTask.run(ScheduledThreadPoolExecutor.java:293) ~[na:1.8.0_121]
	at java.util.concurrent.ThreadPoolExecutor.runWorker(ThreadPoolExecutor.java:1142) ~[na:1.8.0_121]
	at java.util.concurrent.ThreadPoolExecutor$Worker.run(ThreadPoolExecutor.java:617) ~[na:1.8.0_121]
	at java.lang.Thread.run(Thread.java:745) ~[na:1.8.0_121]
02:20:06.809 [raft-client-8d1a11e6-024d-41c6-816f-7d36669ce782-4] TRACE i.a.p.r.p.impl.RaftProxyConnection - PartitionProxy{2}{type=PrimitiveType{name=test}, name=test} - Resetting connection. Reason: null
02:20:06.809 [raft-client-8d1a11e6-024d-41c6-816f-7d36669ce782-4] TRACE i.a.p.r.p.impl.RaftProxyConnection - PartitionProxy{2}{type=PrimitiveType{name=test}, name=test} - Sending CommandRequest{session=2, sequence=101, operation=PrimitiveOperation{id=DefaultOperationId{id=write, type=COMMAND}, value=byte[]{length=17, hash=-1644578928}}} to 1
02:20:06.809 [raft-server-1] TRACE i.a.protocols.raft.roles.LeaderRole - RaftServer{1}{role=LEADER} - Received CommandRequest{session=2, sequence=101, operation=PrimitiveOperation{id=DefaultOperationId{id=write, type=COMMAND}, value=byte[]{length=17, hash=-1644578928}}}
02:20:06.809 [raft-server-1] TRACE i.a.protocols.raft.roles.LeaderRole - RaftServer{1}{role=LEADER} - Returning pending result for command sequence 101
02:20:06.816 [raft-server-1] TRACE i.a.p.raft.roles.LeaderAppender - RaftServer{1} - Sending AppendRequest{term=2, leader=1, prevLogIndex=117, prevLogTerm=2, entries=0, commitIndex=117} to 2
02:20:06.817 [raft-server-1] TRACE i.a.p.raft.roles.LeaderAppender - RaftServer{1} - Sending AppendRequest{term=2, leader=1, prevLogIndex=117, prevLogTerm=2, entries=0, commitIndex=117} to 3
02:20:06.817 [raft-server-2] TRACE i.a.p.raft.roles.FollowerRole - RaftServer{2}{role=FOLLOWER} - Received AppendRequest{term=2, leader=1, prevLogIndex=117, prevLogTerm=2, entries=0, commitIndex=117}
02:20:06.817 [raft-server-3] TRACE i.a.p.raft.roles.FollowerRole - RaftServer{3}{role=FOLLOWER} - Received AppendRequest{term=2, leader=1, prevLogIndex=117, prevLogTerm=2, entries=0, commitIndex=117}
02:20:06.817 [raft-server-2] TRACE i.a.p.raft.roles.FollowerRole - RaftServer{2}{role=FOLLOWER} - Sending AppendResponse{status=OK, term=2, succeeded=true, lastLogIndex=117}
02:20:06.817 [raft-server-3] TRACE i.a.p.raft.roles.FollowerRole - RaftServer{3}{role=FOLLOWER} - Sending AppendResponse{status=OK, term=2, succeeded=true, lastLogIndex=117}
02:20:06.817 [raft-server-1] TRACE i.a.p.raft.roles.LeaderAppender - RaftServer{1} - Received AppendResponse{status=OK, term=2, succeeded=true, lastLogIndex=117} from 2
02:20:06.817 [raft-server-1] TRACE i.a.p.raft.roles.LeaderAppender - RaftServer{1} - Sending AppendRequest{term=2, leader=1, prevLogIndex=117, prevLogTerm=2, entries=0, commitIndex=117} to 2
02:20:06.817 [raft-server-1] TRACE i.a.p.raft.roles.LeaderAppender - RaftServer{1} - Received AppendResponse{status=OK, term=2, succeeded=true, lastLogIndex=117} from 3
02:20:06.817 [raft-server-2] TRACE i.a.p.raft.roles.FollowerRole - RaftServer{2}{role=FOLLOWER} - Received AppendRequest{term=2, leader=1, prevLogIndex=117, prevLogTerm=2, entries=0, commitIndex=117}
02:20:06.817 [raft-server-2] TRACE i.a.p.raft.roles.FollowerRole - RaftServer{2}{role=FOLLOWER} - Sending AppendResponse{status=OK, term=2, succeeded=true, lastLogIndex=117}
02:20:06.817 [raft-server-1] TRACE i.a.p.raft.roles.LeaderAppender - RaftServer{1} - Received AppendResponse{status=OK, term=2, succeeded=true, lastLogIndex=117} from 2
02:20:07.066 [raft-server-1] TRACE i.a.p.raft.roles.LeaderAppender - RaftServer{1} - Sending AppendRequest{term=2, leader=1, prevLogIndex=117, prevLogTerm=2, entries=0, commitIndex=117} to 2
02:20:07.067 [raft-server-1] TRACE i.a.p.raft.roles.LeaderAppender - RaftServer{1} - Sending AppendRequest{term=2, leader=1, prevLogIndex=117, prevLogTerm=2, entries=0, commitIndex=117} to 3
02:20:07.067 [raft-server-2] TRACE i.a.p.raft.roles.FollowerRole - RaftServer{2}{role=FOLLOWER} - Received AppendRequest{term=2, leader=1, prevLogIndex=117, prevLogTerm=2, entries=0, commitIndex=117}
02:20:07.067 [raft-server-3] TRACE i.a.p.raft.roles.FollowerRole - RaftServer{3}{role=FOLLOWER} - Received AppendRequest{term=2, leader=1, prevLogIndex=117, prevLogTerm=2, entries=0, commitIndex=117}
02:20:07.067 [raft-server-2] TRACE i.a.p.raft.roles.FollowerRole - RaftServer{2}{role=FOLLOWER} - Sending AppendResponse{status=OK, term=2, succeeded=true, lastLogIndex=117}
02:20:07.067 [raft-server-3] TRACE i.a.p.raft.roles.FollowerRole - RaftServer{3}{role=FOLLOWER} - Sending AppendResponse{status=OK, term=2, succeeded=true, lastLogIndex=117}
02:20:07.067 [raft-server-1] TRACE i.a.p.raft.roles.LeaderAppender - RaftServer{1} - Received AppendResponse{status=OK, term=2, succeeded=true, lastLogIndex=117} from 2
02:20:07.067 [raft-server-1] TRACE i.a.p.raft.roles.LeaderAppender - RaftServer{1} - Sending AppendRequest{term=2, leader=1, prevLogIndex=117, prevLogTerm=2, entries=0, commitIndex=117} to 2
02:20:07.067 [raft-server-2] TRACE i.a.p.raft.roles.FollowerRole - RaftServer{2}{role=FOLLOWER} - Received AppendRequest{term=2, leader=1, prevLogIndex=117, prevLogTerm=2, entries=0, commitIndex=117}
02:20:07.067 [raft-server-1] TRACE i.a.p.raft.roles.LeaderAppender - RaftServer{1} - Received AppendResponse{status=OK, term=2, succeeded=true, lastLogIndex=117} from 3
02:20:07.067 [raft-server-2] TRACE i.a.p.raft.roles.FollowerRole - RaftServer{2}{role=FOLLOWER} - Sending AppendResponse{status=OK, term=2, succeeded=true, lastLogIndex=117}
02:20:07.067 [raft-server-1] TRACE i.a.p.raft.roles.LeaderAppender - RaftServer{1} - Received AppendResponse{status=OK, term=2, succeeded=true, lastLogIndex=117} from 2
02:20:07.083 [raft-client-8d1a11e6-024d-41c6-816f-7d36669ce782-5] TRACE i.a.p.r.proxy.impl.RaftProxyManager - RaftClient{8d1a11e6-024d-41c6-816f-7d36669ce782} - Keeping 1 sessions alive
02:20:07.084 [raft-client-8d1a11e6-024d-41c6-816f-7d36669ce782-5] TRACE i.a.p.r.p.impl.RaftProxyConnection - RaftClient{8d1a11e6-024d-41c6-816f-7d36669ce782} - Sending KeepAliveRequest{sessionIds=long[]{length=1, hash=147}, commandSequences=long[]{length=1, hash=31}, eventIndexes=long[]{length=1, hash=147}} to 1
02:20:07.084 [raft-server-1] TRACE i.a.protocols.raft.roles.LeaderRole - RaftServer{1}{role=LEADER} - Received KeepAliveRequest{sessionIds=long[]{length=1, hash=147}, commandSequences=long[]{length=1, hash=31}, eventIndexes=long[]{length=1, hash=147}}
02:20:07.084 [raft-server-1] TRACE i.a.protocols.raft.roles.LeaderRole - RaftServer{1}{role=LEADER} - Appended Indexed{index=118, entry=KeepAliveEntry{term=2, timestamp=2018-06-01 02:20:07,084, sessionIds=long[]{length=1, hash=147}, commandSequences=long[]{length=1, hash=31}, eventIndexes=long[]{length=1, hash=147}}}
02:20:07.084 [raft-server-1] TRACE i.a.p.raft.roles.LeaderAppender - RaftServer{1} - Sending AppendRequest{term=2, leader=1, prevLogIndex=117, prevLogTerm=2, entries=1, commitIndex=117} to 2
02:20:07.084 [raft-server-2] TRACE i.a.p.raft.roles.FollowerRole - RaftServer{2}{role=FOLLOWER} - Received AppendRequest{term=2, leader=1, prevLogIndex=117, prevLogTerm=2, entries=1, commitIndex=117}
02:20:07.084 [raft-server-1] TRACE i.a.p.raft.roles.LeaderAppender - RaftServer{1} - Sending AppendRequest{term=2, leader=1, prevLogIndex=117, prevLogTerm=2, entries=1, commitIndex=117} to 3
02:20:07.085 [raft-server-3] TRACE i.a.p.raft.roles.FollowerRole - RaftServer{3}{role=FOLLOWER} - Received AppendRequest{term=2, leader=1, prevLogIndex=117, prevLogTerm=2, entries=1, commitIndex=117}
02:20:07.085 [raft-server-2] TRACE i.a.p.raft.roles.FollowerRole - RaftServer{2}{role=FOLLOWER} - Appended Indexed{index=118, entry=KeepAliveEntry{term=2, timestamp=2018-06-01 02:20:07,084, sessionIds=long[]{length=1, hash=147}, commandSequences=long[]{length=1, hash=31}, eventIndexes=long[]{length=1, hash=147}}}
02:20:07.085 [raft-server-2] TRACE i.a.p.raft.roles.FollowerRole - RaftServer{2}{role=FOLLOWER} - Sending AppendResponse{status=OK, term=2, succeeded=true, lastLogIndex=118}
02:20:07.085 [raft-server-3] TRACE i.a.p.raft.roles.FollowerRole - RaftServer{3}{role=FOLLOWER} - Appended Indexed{index=118, entry=KeepAliveEntry{term=2, timestamp=2018-06-01 02:20:07,084, sessionIds=long[]{length=1, hash=147}, commandSequences=long[]{length=1, hash=31}, eventIndexes=long[]{length=1, hash=147}}}
02:20:07.085 [raft-server-1] TRACE i.a.p.raft.roles.LeaderAppender - RaftServer{1} - Received AppendResponse{status=OK, term=2, succeeded=true, lastLogIndex=118} from 2
02:20:07.085 [raft-server-3] TRACE i.a.p.raft.roles.FollowerRole - RaftServer{3}{role=FOLLOWER} - Sending AppendResponse{status=OK, term=2, succeeded=true, lastLogIndex=118}
02:20:07.085 [raft-server-1] TRACE i.a.p.raft.roles.LeaderAppender - RaftServer{1} - Committed entries up to 118
02:20:07.114 [raft-server-1] TRACE i.a.p.raft.roles.LeaderAppender - RaftServer{1} - Received AppendResponse{status=OK, term=2, succeeded=true, lastLogIndex=118} from 3
02:20:07.114 [raft-server-1-state] TRACE i.a.p.raft.impl.RaftServiceManager - RaftServer{1} - Applying Indexed{index=118, entry=KeepAliveEntry{term=2, timestamp=2018-06-01 02:20:07,084, sessionIds=long[]{length=1, hash=147}, commandSequences=long[]{length=1, hash=31}, eventIndexes=long[]{length=1, hash=147}}}
02:20:07.115 [raft-server-1] TRACE i.a.protocols.raft.roles.LeaderRole - RaftServer{1}{role=LEADER} - Sending KeepAliveResponse{status=OK, leader=1, members=[2, 1, 3], sessionIds=long[]{length=1, hash=147}}
02:20:07.115 [raft-client-8d1a11e6-024d-41c6-816f-7d36669ce782-7] TRACE i.a.p.r.p.impl.RaftProxyConnection - RaftClient{8d1a11e6-024d-41c6-816f-7d36669ce782} - Received KeepAliveResponse{status=OK, leader=1, members=[2, 1, 3], sessionIds=long[]{length=1, hash=147}} from 1
02:20:07.317 [raft-server-1] TRACE i.a.p.raft.roles.LeaderAppender - RaftServer{1} - Sending AppendRequest{term=2, leader=1, prevLogIndex=118, prevLogTerm=2, entries=0, commitIndex=118} to 2
02:20:07.317 [raft-server-1] TRACE i.a.p.raft.roles.LeaderAppender - RaftServer{1} - Sending AppendRequest{term=2, leader=1, prevLogIndex=118, prevLogTerm=2, entries=0, commitIndex=118} to 3
02:20:07.317 [raft-server-2] TRACE i.a.p.raft.roles.FollowerRole - RaftServer{2}{role=FOLLOWER} - Received AppendRequest{term=2, leader=1, prevLogIndex=118, prevLogTerm=2, entries=0, commitIndex=118}
02:20:07.317 [raft-server-3] TRACE i.a.p.raft.roles.FollowerRole - RaftServer{3}{role=FOLLOWER} - Received AppendRequest{term=2, leader=1, prevLogIndex=118, prevLogTerm=2, entries=0, commitIndex=118}
02:20:07.347 [raft-server-2] TRACE i.a.p.raft.roles.FollowerRole - RaftServer{2}{role=FOLLOWER} - Committed entries up to index 118
02:20:07.347 [raft-server-3] TRACE i.a.p.raft.roles.FollowerRole - RaftServer{3}{role=FOLLOWER} - Committed entries up to index 118
02:20:07.347 [raft-server-2] TRACE i.a.p.raft.roles.FollowerRole - RaftServer{2}{role=FOLLOWER} - Sending AppendResponse{status=OK, term=2, succeeded=true, lastLogIndex=118}
02:20:07.347 [raft-server-3] TRACE i.a.p.raft.roles.FollowerRole - RaftServer{3}{role=FOLLOWER} - Sending AppendResponse{status=OK, term=2, succeeded=true, lastLogIndex=118}
02:20:07.348 [raft-server-1] TRACE i.a.p.raft.roles.LeaderAppender - RaftServer{1} - Received AppendResponse{status=OK, term=2, succeeded=true, lastLogIndex=118} from 2
02:20:07.348 [raft-server-1] TRACE i.a.p.raft.roles.LeaderAppender - RaftServer{1} - Received AppendResponse{status=OK, term=2, succeeded=true, lastLogIndex=118} from 3
02:20:07.348 [raft-server-3-state] TRACE i.a.p.raft.impl.RaftServiceManager - RaftServer{3} - Applying Indexed{index=118, entry=KeepAliveEntry{term=2, timestamp=2018-06-01 02:20:07,084, sessionIds=long[]{length=1, hash=147}, commandSequences=long[]{length=1, hash=31}, eventIndexes=long[]{length=1, hash=147}}}
02:20:07.348 [raft-server-2-state] TRACE i.a.p.raft.impl.RaftServiceManager - RaftServer{2} - Applying Indexed{index=118, entry=KeepAliveEntry{term=2, timestamp=2018-06-01 02:20:07,084, sessionIds=long[]{length=1, hash=147}, commandSequences=long[]{length=1, hash=31}, eventIndexes=long[]{length=1, hash=147}}}
02:20:07.567 [raft-server-1] TRACE i.a.p.raft.roles.LeaderAppender - RaftServer{1} - Sending AppendRequest{term=2, leader=1, prevLogIndex=118, prevLogTerm=2, entries=0, commitIndex=118} to 2
02:20:07.567 [raft-server-2] TRACE i.a.p.raft.roles.FollowerRole - RaftServer{2}{role=FOLLOWER} - Received AppendRequest{term=2, leader=1, prevLogIndex=118, prevLogTerm=2, entries=0, commitIndex=118}
02:20:07.567 [raft-server-1] TRACE i.a.p.raft.roles.LeaderAppender - RaftServer{1} - Sending AppendRequest{term=2, leader=1, prevLogIndex=118, prevLogTerm=2, entries=0, commitIndex=118} to 3
02:20:07.567 [raft-server-2] TRACE i.a.p.raft.roles.FollowerRole - RaftServer{2}{role=FOLLOWER} - Sending AppendResponse{status=OK, term=2, succeeded=true, lastLogIndex=118}
02:20:07.567 [raft-server-3] TRACE i.a.p.raft.roles.FollowerRole - RaftServer{3}{role=FOLLOWER} - Received AppendRequest{term=2, leader=1, prevLogIndex=118, prevLogTerm=2, entries=0, commitIndex=118}
02:20:07.567 [raft-server-1] TRACE i.a.p.raft.roles.LeaderAppender - RaftServer{1} - Received AppendResponse{status=OK, term=2, succeeded=true, lastLogIndex=118} from 2
02:20:07.567 [raft-server-3] TRACE i.a.p.raft.roles.FollowerRole - RaftServer{3}{role=FOLLOWER} - Sending AppendResponse{status=OK, term=2, succeeded=true, lastLogIndex=118}
02:20:07.567 [raft-server-1] TRACE i.a.p.raft.roles.LeaderAppender - RaftServer{1} - Received AppendResponse{status=OK, term=2, succeeded=true, lastLogIndex=118} from 3
02:20:07.810 [raft-client-8d1a11e6-024d-41c6-816f-7d36669ce782-0] DEBUG i.a.p.r.p.impl.RaftProxyConnection - PartitionProxy{2}{type=PrimitiveType{name=test}, name=test} - CommandRequest{session=2, sequence=101, operation=PrimitiveOperation{id=DefaultOperationId{id=write, type=COMMAND}, value=byte[]{length=17, hash=-1644578928}}} failed! Reason: {}
java.util.concurrent.TimeoutException: null
	at io.atomix.protocols.raft.protocol.TestRaftProtocol.lambda$scheduleTimeout$0(TestRaftProtocol.java:48) ~[test-classes/:na]
	at java.util.concurrent.Executors$RunnableAdapter.call(Executors.java:511) ~[na:1.8.0_121]
	at java.util.concurrent.FutureTask.run(FutureTask.java:266) ~[na:1.8.0_121]
	at java.util.concurrent.ScheduledThreadPoolExecutor$ScheduledFutureTask.access$201(ScheduledThreadPoolExecutor.java:180) ~[na:1.8.0_121]
	at java.util.concurrent.ScheduledThreadPoolExecutor$ScheduledFutureTask.run(ScheduledThreadPoolExecutor.java:293) ~[na:1.8.0_121]
	at java.util.concurrent.ThreadPoolExecutor.runWorker(ThreadPoolExecutor.java:1142) ~[na:1.8.0_121]
	at java.util.concurrent.ThreadPoolExecutor$Worker.run(ThreadPoolExecutor.java:617) ~[na:1.8.0_121]
	at java.lang.Thread.run(Thread.java:745) ~[na:1.8.0_121]
02:20:07.810 [raft-client-8d1a11e6-024d-41c6-816f-7d36669ce782-0] TRACE i.a.p.r.p.impl.RaftProxyConnection - PartitionProxy{2}{type=PrimitiveType{name=test}, name=test} - Resetting connection. Reason: null
02:20:07.810 [raft-client-8d1a11e6-024d-41c6-816f-7d36669ce782-0] TRACE i.a.p.r.p.impl.RaftProxyConnection - PartitionProxy{2}{type=PrimitiveType{name=test}, name=test} - Sending CommandRequest{session=2, sequence=101, operation=PrimitiveOperation{id=DefaultOperationId{id=write, type=COMMAND}, value=byte[]{length=17, hash=-1644578928}}} to 1
02:20:07.810 [raft-server-1] TRACE i.a.protocols.raft.roles.LeaderRole - RaftServer{1}{role=LEADER} - Received CommandRequest{session=2, sequence=101, operation=PrimitiveOperation{id=DefaultOperationId{id=write, type=COMMAND}, value=byte[]{length=17, hash=-1644578928}}}
02:20:07.811 [raft-server-1] TRACE i.a.protocols.raft.roles.LeaderRole - RaftServer{1}{role=LEADER} - Returning pending result for command sequence 101
02:20:07.816 [raft-server-1] TRACE i.a.p.raft.roles.LeaderAppender - RaftServer{1} - Sending AppendRequest{term=2, leader=1, prevLogIndex=118, prevLogTerm=2, entries=0, commitIndex=118} to 2
02:20:07.817 [raft-server-1] TRACE i.a.p.raft.roles.LeaderAppender - RaftServer{1} - Sending AppendRequest{term=2, leader=1, prevLogIndex=118, prevLogTerm=2, entries=0, commitIndex=118} to 3
02:20:07.817 [raft-server-3] TRACE i.a.p.raft.roles.FollowerRole - RaftServer{3}{role=FOLLOWER} - Received AppendRequest{term=2, leader=1, prevLogIndex=118, prevLogTerm=2, entries=0, commitIndex=118}
02:20:07.817 [raft-server-2] TRACE i.a.p.raft.roles.FollowerRole - RaftServer{2}{role=FOLLOWER} - Received AppendRequest{term=2, leader=1, prevLogIndex=118, prevLogTerm=2, entries=0, commitIndex=118}
02:20:07.817 [raft-server-3] TRACE i.a.p.raft.roles.FollowerRole - RaftServer{3}{role=FOLLOWER} - Sending AppendResponse{status=OK, term=2, succeeded=true, lastLogIndex=118}
02:20:07.817 [raft-server-2] TRACE i.a.p.raft.roles.FollowerRole - RaftServer{2}{role=FOLLOWER} - Sending AppendResponse{status=OK, term=2, succeeded=true, lastLogIndex=118}
02:20:07.817 [raft-server-1] TRACE i.a.p.raft.roles.LeaderAppender - RaftServer{1} - Received AppendResponse{status=OK, term=2, succeeded=true, lastLogIndex=118} from 3
02:20:07.817 [raft-server-1] TRACE i.a.p.raft.roles.LeaderAppender - RaftServer{1} - Received AppendResponse{status=OK, term=2, succeeded=true, lastLogIndex=118} from 2
02:20:08.067 [raft-server-1] TRACE i.a.p.raft.roles.LeaderAppender - RaftServer{1} - Sending AppendRequest{term=2, leader=1, prevLogIndex=118, prevLogTerm=2, entries=0, commitIndex=118} to 2
02:20:08.067 [raft-server-2] TRACE i.a.p.raft.roles.FollowerRole - RaftServer{2}{role=FOLLOWER} - Received AppendRequest{term=2, leader=1, prevLogIndex=118, prevLogTerm=2, entries=0, commitIndex=118}
02:20:08.067 [raft-server-1] TRACE i.a.p.raft.roles.LeaderAppender - RaftServer{1} - Sending AppendRequest{term=2, leader=1, prevLogIndex=118, prevLogTerm=2, entries=0, commitIndex=118} to 3
02:20:08.067 [raft-server-2] TRACE i.a.p.raft.roles.FollowerRole - RaftServer{2}{role=FOLLOWER} - Sending AppendResponse{status=OK, term=2, succeeded=true, lastLogIndex=118}
02:20:08.067 [raft-server-3] TRACE i.a.p.raft.roles.FollowerRole - RaftServer{3}{role=FOLLOWER} - Received AppendRequest{term=2, leader=1, prevLogIndex=118, prevLogTerm=2, entries=0, commitIndex=118}
02:20:08.067 [raft-server-1] TRACE i.a.p.raft.roles.LeaderAppender - RaftServer{1} - Received AppendResponse{status=OK, term=2, succeeded=true, lastLogIndex=118} from 2
02:20:08.067 [raft-server-3] TRACE i.a.p.raft.roles.FollowerRole - RaftServer{3}{role=FOLLOWER} - Sending AppendResponse{status=OK, term=2, succeeded=true, lastLogIndex=118}
02:20:08.067 [raft-server-1] TRACE i.a.p.raft.roles.LeaderAppender - RaftServer{1} - Received AppendResponse{status=OK, term=2, succeeded=true, lastLogIndex=118} from 3
02:20:08.317 [raft-server-1] TRACE i.a.p.raft.roles.LeaderAppender - RaftServer{1} - Sending AppendRequest{term=2, leader=1, prevLogIndex=118, prevLogTerm=2, entries=0, commitIndex=118} to 2
02:20:08.317 [raft-server-2] TRACE i.a.p.raft.roles.FollowerRole - RaftServer{2}{role=FOLLOWER} - Received AppendRequest{term=2, leader=1, prevLogIndex=118, prevLogTerm=2, entries=0, commitIndex=118}
02:20:08.317 [raft-server-1] TRACE i.a.p.raft.roles.LeaderAppender - RaftServer{1} - Sending AppendRequest{term=2, leader=1, prevLogIndex=118, prevLogTerm=2, entries=0, commitIndex=118} to 3
02:20:08.317 [raft-server-2] TRACE i.a.p.raft.roles.FollowerRole - RaftServer{2}{role=FOLLOWER} - Sending AppendResponse{status=OK, term=2, succeeded=true, lastLogIndex=118}
02:20:08.317 [raft-server-3] TRACE i.a.p.raft.roles.FollowerRole - RaftServer{3}{role=FOLLOWER} - Received AppendRequest{term=2, leader=1, prevLogIndex=118, prevLogTerm=2, entries=0, commitIndex=118}
02:20:08.317 [raft-server-1] TRACE i.a.p.raft.roles.LeaderAppender - RaftServer{1} - Received AppendResponse{status=OK, term=2, succeeded=true, lastLogIndex=118} from 2
02:20:08.317 [raft-server-3] TRACE i.a.p.raft.roles.FollowerRole - RaftServer{3}{role=FOLLOWER} - Sending AppendResponse{status=OK, term=2, succeeded=true, lastLogIndex=118}
02:20:08.317 [raft-server-1] TRACE i.a.p.raft.roles.LeaderAppender - RaftServer{1} - Sending AppendRequest{term=2, leader=1, prevLogIndex=118, prevLogTerm=2, entries=0, commitIndex=118} to 2
02:20:08.317 [raft-server-2] TRACE i.a.p.raft.roles.FollowerRole - RaftServer{2}{role=FOLLOWER} - Received AppendRequest{term=2, leader=1, prevLogIndex=118, prevLogTerm=2, entries=0, commitIndex=118}
02:20:08.317 [raft-server-1] TRACE i.a.p.raft.roles.LeaderAppender - RaftServer{1} - Received AppendResponse{status=OK, term=2, succeeded=true, lastLogIndex=118} from 3
02:20:08.317 [raft-server-2] TRACE i.a.p.raft.roles.FollowerRole - RaftServer{2}{role=FOLLOWER} - Sending AppendResponse{status=OK, term=2, succeeded=true, lastLogIndex=118}
02:20:08.317 [raft-server-1] TRACE i.a.p.raft.roles.LeaderAppender - RaftServer{1} - Received AppendResponse{status=OK, term=2, succeeded=true, lastLogIndex=118} from 2
02:20:08.567 [raft-server-1] TRACE i.a.p.raft.roles.LeaderAppender - RaftServer{1} - Sending AppendRequest{term=2, leader=1, prevLogIndex=118, prevLogTerm=2, entries=0, commitIndex=118} to 2
02:20:08.567 [raft-server-2] TRACE i.a.p.raft.roles.FollowerRole - RaftServer{2}{role=FOLLOWER} - Received AppendRequest{term=2, leader=1, prevLogIndex=118, prevLogTerm=2, entries=0, commitIndex=118}
02:20:08.567 [raft-server-1] TRACE i.a.p.raft.roles.LeaderAppender - RaftServer{1} - Sending AppendRequest{term=2, leader=1, prevLogIndex=118, prevLogTerm=2, entries=0, commitIndex=118} to 3
02:20:08.567 [raft-server-2] TRACE i.a.p.raft.roles.FollowerRole - RaftServer{2}{role=FOLLOWER} - Sending AppendResponse{status=OK, term=2, succeeded=true, lastLogIndex=118}
02:20:08.567 [raft-server-3] TRACE i.a.p.raft.roles.FollowerRole - RaftServer{3}{role=FOLLOWER} - Received AppendRequest{term=2, leader=1, prevLogIndex=118, prevLogTerm=2, entries=0, commitIndex=118}
02:20:08.567 [raft-server-1] TRACE i.a.p.raft.roles.LeaderAppender - RaftServer{1} - Received AppendResponse{status=OK, term=2, succeeded=true, lastLogIndex=118} from 2
02:20:08.567 [raft-server-3] TRACE i.a.p.raft.roles.FollowerRole - RaftServer{3}{role=FOLLOWER} - Sending AppendResponse{status=OK, term=2, succeeded=true, lastLogIndex=118}
02:20:08.567 [raft-server-1] TRACE i.a.p.raft.roles.LeaderAppender - RaftServer{1} - Received AppendResponse{status=OK, term=2, succeeded=true, lastLogIndex=118} from 3
02:20:08.811 [raft-client-8d1a11e6-024d-41c6-816f-7d36669ce782-1] DEBUG i.a.p.r.p.impl.RaftProxyConnection - PartitionProxy{2}{type=PrimitiveType{name=test}, name=test} - CommandRequest{session=2, sequence=101, operation=PrimitiveOperation{id=DefaultOperationId{id=write, type=COMMAND}, value=byte[]{length=17, hash=-1644578928}}} failed! Reason: {}
java.util.concurrent.TimeoutException: null
	at io.atomix.protocols.raft.protocol.TestRaftProtocol.lambda$scheduleTimeout$0(TestRaftProtocol.java:48) ~[test-classes/:na]
	at java.util.concurrent.Executors$RunnableAdapter.call(Executors.java:511) ~[na:1.8.0_121]
	at java.util.concurrent.FutureTask.run(FutureTask.java:266) ~[na:1.8.0_121]
	at java.util.concurrent.ScheduledThreadPoolExecutor$ScheduledFutureTask.access$201(ScheduledThreadPoolExecutor.java:180) ~[na:1.8.0_121]
	at java.util.concurrent.ScheduledThreadPoolExecutor$ScheduledFutureTask.run(ScheduledThreadPoolExecutor.java:293) ~[na:1.8.0_121]
	at java.util.concurrent.ThreadPoolExecutor.runWorker(ThreadPoolExecutor.java:1142) ~[na:1.8.0_121]
	at java.util.concurrent.ThreadPoolExecutor$Worker.run(ThreadPoolExecutor.java:617) ~[na:1.8.0_121]
	at java.lang.Thread.run(Thread.java:745) ~[na:1.8.0_121]
02:20:08.816 [raft-server-1] TRACE i.a.p.raft.roles.LeaderAppender - RaftServer{1} - Sending AppendRequest{term=2, leader=1, prevLogIndex=118, prevLogTerm=2, entries=0, commitIndex=118} to 2
02:20:08.817 [raft-server-2] TRACE i.a.p.raft.roles.FollowerRole - RaftServer{2}{role=FOLLOWER} - Received AppendRequest{term=2, leader=1, prevLogIndex=118, prevLogTerm=2, entries=0, commitIndex=118}
02:20:08.817 [raft-server-1] TRACE i.a.p.raft.roles.LeaderAppender - RaftServer{1} - Sending AppendRequest{term=2, leader=1, prevLogIndex=118, prevLogTerm=2, entries=0, commitIndex=118} to 3
02:20:08.817 [raft-server-2] TRACE i.a.p.raft.roles.FollowerRole - RaftServer{2}{role=FOLLOWER} - Sending AppendResponse{status=OK, term=2, succeeded=true, lastLogIndex=118}
02:20:08.817 [raft-server-3] TRACE i.a.p.raft.roles.FollowerRole - RaftServer{3}{role=FOLLOWER} - Received AppendRequest{term=2, leader=1, prevLogIndex=118, prevLogTerm=2, entries=0, commitIndex=118}
02:20:08.817 [raft-server-1] TRACE i.a.p.raft.roles.LeaderAppender - RaftServer{1} - Received AppendResponse{status=OK, term=2, succeeded=true, lastLogIndex=118} from 2
02:20:08.817 [raft-server-3] TRACE i.a.p.raft.roles.FollowerRole - RaftServer{3}{role=FOLLOWER} - Sending AppendResponse{status=OK, term=2, succeeded=true, lastLogIndex=118}
02:20:08.817 [raft-server-1] TRACE i.a.p.raft.roles.LeaderAppender - RaftServer{1} - Sending AppendRequest{term=2, leader=1, prevLogIndex=118, prevLogTerm=2, entries=0, commitIndex=118} to 2
02:20:08.817 [raft-server-1] TRACE i.a.p.raft.roles.LeaderAppender - RaftServer{1} - Received AppendResponse{status=OK, term=2, succeeded=true, lastLogIndex=118} from 3
02:20:08.817 [raft-server-2] TRACE i.a.p.raft.roles.FollowerRole - RaftServer{2}{role=FOLLOWER} - Received AppendRequest{term=2, leader=1, prevLogIndex=118, prevLogTerm=2, entries=0, commitIndex=118}
02:20:08.817 [raft-server-2] TRACE i.a.p.raft.roles.FollowerRole - RaftServer{2}{role=FOLLOWER} - Sending AppendResponse{status=OK, term=2, succeeded=true, lastLogIndex=118}
02:20:08.817 [raft-server-1] TRACE i.a.p.raft.roles.LeaderAppender - RaftServer{1} - Received AppendResponse{status=OK, term=2, succeeded=true, lastLogIndex=118} from 2
02:20:09.067 [raft-server-1] TRACE i.a.p.raft.roles.LeaderAppender - RaftServer{1} - Sending AppendRequest{term=2, leader=1, prevLogIndex=118, prevLogTerm=2, entries=0, commitIndex=118} to 2
02:20:09.067 [raft-server-2] TRACE i.a.p.raft.roles.FollowerRole - RaftServer{2}{role=FOLLOWER} - Received AppendRequest{term=2, leader=1, prevLogIndex=118, prevLogTerm=2, entries=0, commitIndex=118}
02:20:09.067 [raft-server-1] TRACE i.a.p.raft.roles.LeaderAppender - RaftServer{1} - Sending AppendRequest{term=2, leader=1, prevLogIndex=118, prevLogTerm=2, entries=0, commitIndex=118} to 3
02:20:09.067 [raft-server-2] TRACE i.a.p.raft.roles.FollowerRole - RaftServer{2}{role=FOLLOWER} - Sending AppendResponse{status=OK, term=2, succeeded=true, lastLogIndex=118}
02:20:09.067 [raft-server-3] TRACE i.a.p.raft.roles.FollowerRole - RaftServer{3}{role=FOLLOWER} - Received AppendRequest{term=2, leader=1, prevLogIndex=118, prevLogTerm=2, entries=0, commitIndex=118}
02:20:09.067 [raft-server-1] TRACE i.a.p.raft.roles.LeaderAppender - RaftServer{1} - Received AppendResponse{status=OK, term=2, succeeded=true, lastLogIndex=118} from 2
02:20:09.067 [raft-server-3] TRACE i.a.p.raft.roles.FollowerRole - RaftServer{3}{role=FOLLOWER} - Sending AppendResponse{status=OK, term=2, succeeded=true, lastLogIndex=118}
02:20:09.067 [raft-server-1] TRACE i.a.p.raft.roles.LeaderAppender - RaftServer{1} - Received AppendResponse{status=OK, term=2, succeeded=true, lastLogIndex=118} from 3
02:20:09.317 [raft-server-1] TRACE i.a.p.raft.roles.LeaderAppender - RaftServer{1} - Sending AppendRequest{term=2, leader=1, prevLogIndex=118, prevLogTerm=2, entries=0, commitIndex=118} to 2
02:20:09.317 [raft-server-2] TRACE i.a.p.raft.roles.FollowerRole - RaftServer{2}{role=FOLLOWER} - Received AppendRequest{term=2, leader=1, prevLogIndex=118, prevLogTerm=2, entries=0, commitIndex=118}
02:20:09.317 [raft-server-1] TRACE i.a.p.raft.roles.LeaderAppender - RaftServer{1} - Sending AppendRequest{term=2, leader=1, prevLogIndex=118, prevLogTerm=2, entries=0, commitIndex=118} to 3
02:20:09.317 [raft-server-2] TRACE i.a.p.raft.roles.FollowerRole - RaftServer{2}{role=FOLLOWER} - Sending AppendResponse{status=OK, term=2, succeeded=true, lastLogIndex=118}
02:20:09.317 [raft-server-3] TRACE i.a.p.raft.roles.FollowerRole - RaftServer{3}{role=FOLLOWER} - Received AppendRequest{term=2, leader=1, prevLogIndex=118, prevLogTerm=2, entries=0, commitIndex=118}
02:20:09.317 [raft-server-1] TRACE i.a.p.raft.roles.LeaderAppender - RaftServer{1} - Received AppendResponse{status=OK, term=2, succeeded=true, lastLogIndex=118} from 2
02:20:09.317 [raft-server-3] TRACE i.a.p.raft.roles.FollowerRole - RaftServer{3}{role=FOLLOWER} - Sending AppendResponse{status=OK, term=2, succeeded=true, lastLogIndex=118}
02:20:09.317 [raft-server-1] TRACE i.a.p.raft.roles.LeaderAppender - RaftServer{1} - Received AppendResponse{status=OK, term=2, succeeded=true, lastLogIndex=118} from 3
02:20:09.567 [raft-server-1] TRACE i.a.p.raft.roles.LeaderAppender - RaftServer{1} - Sending AppendRequest{term=2, leader=1, prevLogIndex=118, prevLogTerm=2, entries=0, commitIndex=118} to 2
02:20:09.567 [raft-server-2] TRACE i.a.p.raft.roles.FollowerRole - RaftServer{2}{role=FOLLOWER} - Received AppendRequest{term=2, leader=1, prevLogIndex=118, prevLogTerm=2, entries=0, commitIndex=118}
02:20:09.567 [raft-server-1] TRACE i.a.p.raft.roles.LeaderAppender - RaftServer{1} - Sending AppendRequest{term=2, leader=1, prevLogIndex=118, prevLogTerm=2, entries=0, commitIndex=118} to 3
02:20:09.567 [raft-server-2] TRACE i.a.p.raft.roles.FollowerRole - RaftServer{2}{role=FOLLOWER} - Sending AppendResponse{status=OK, term=2, succeeded=true, lastLogIndex=118}
02:20:09.567 [raft-server-3] TRACE i.a.p.raft.roles.FollowerRole - RaftServer{3}{role=FOLLOWER} - Received AppendRequest{term=2, leader=1, prevLogIndex=118, prevLogTerm=2, entries=0, commitIndex=118}
02:20:09.567 [raft-server-1] TRACE i.a.p.raft.roles.LeaderAppender - RaftServer{1} - Received AppendResponse{status=OK, term=2, succeeded=true, lastLogIndex=118} from 2
02:20:09.567 [raft-server-3] TRACE i.a.p.raft.roles.FollowerRole - RaftServer{3}{role=FOLLOWER} - Sending AppendResponse{status=OK, term=2, succeeded=true, lastLogIndex=118}
02:20:09.567 [raft-server-1] TRACE i.a.p.raft.roles.LeaderAppender - RaftServer{1} - Received AppendResponse{status=OK, term=2, succeeded=true, lastLogIndex=118} from 3
02:20:09.584 [raft-client-8d1a11e6-024d-41c6-816f-7d36669ce782-7] TRACE i.a.p.r.proxy.impl.RaftProxyManager - RaftClient{8d1a11e6-024d-41c6-816f-7d36669ce782} - Keeping 1 sessions alive
02:20:09.584 [raft-client-8d1a11e6-024d-41c6-816f-7d36669ce782-7] TRACE i.a.p.r.p.impl.RaftProxyConnection - RaftClient{8d1a11e6-024d-41c6-816f-7d36669ce782} - Sending KeepAliveRequest{sessionIds=long[]{length=1, hash=147}, commandSequences=long[]{length=1, hash=31}, eventIndexes=long[]{length=1, hash=147}} to 1
02:20:09.584 [raft-server-1] TRACE i.a.protocols.raft.roles.LeaderRole - RaftServer{1}{role=LEADER} - Received KeepAliveRequest{sessionIds=long[]{length=1, hash=147}, commandSequences=long[]{length=1, hash=31}, eventIndexes=long[]{length=1, hash=147}}
02:20:09.585 [raft-server-1] TRACE i.a.protocols.raft.roles.LeaderRole - RaftServer{1}{role=LEADER} - Appended Indexed{index=119, entry=KeepAliveEntry{term=2, timestamp=2018-06-01 02:20:09,584, sessionIds=long[]{length=1, hash=147}, commandSequences=long[]{length=1, hash=31}, eventIndexes=long[]{length=1, hash=147}}}
02:20:09.585 [raft-server-1] TRACE i.a.p.raft.roles.LeaderAppender - RaftServer{1} - Sending AppendRequest{term=2, leader=1, prevLogIndex=118, prevLogTerm=2, entries=1, commitIndex=118} to 2
02:20:09.585 [raft-server-2] TRACE i.a.p.raft.roles.FollowerRole - RaftServer{2}{role=FOLLOWER} - Received AppendRequest{term=2, leader=1, prevLogIndex=118, prevLogTerm=2, entries=1, commitIndex=118}
02:20:09.585 [raft-server-1] TRACE i.a.p.raft.roles.LeaderAppender - RaftServer{1} - Sending AppendRequest{term=2, leader=1, prevLogIndex=118, prevLogTerm=2, entries=1, commitIndex=118} to 3
02:20:09.585 [raft-server-3] TRACE i.a.p.raft.roles.FollowerRole - RaftServer{3}{role=FOLLOWER} - Received AppendRequest{term=2, leader=1, prevLogIndex=118, prevLogTerm=2, entries=1, commitIndex=118}
02:20:09.585 [raft-server-2] TRACE i.a.p.raft.roles.FollowerRole - RaftServer{2}{role=FOLLOWER} - Appended Indexed{index=119, entry=KeepAliveEntry{term=2, timestamp=2018-06-01 02:20:09,584, sessionIds=long[]{length=1, hash=147}, commandSequences=long[]{length=1, hash=31}, eventIndexes=long[]{length=1, hash=147}}}
02:20:09.586 [raft-server-2] TRACE i.a.p.raft.roles.FollowerRole - RaftServer{2}{role=FOLLOWER} - Sending AppendResponse{status=OK, term=2, succeeded=true, lastLogIndex=119}
02:20:09.586 [raft-server-3] TRACE i.a.p.raft.roles.FollowerRole - RaftServer{3}{role=FOLLOWER} - Appended Indexed{index=119, entry=KeepAliveEntry{term=2, timestamp=2018-06-01 02:20:09,584, sessionIds=long[]{length=1, hash=147}, commandSequences=long[]{length=1, hash=31}, eventIndexes=long[]{length=1, hash=147}}}
02:20:09.586 [raft-server-3] TRACE i.a.p.raft.roles.FollowerRole - RaftServer{3}{role=FOLLOWER} - Sending AppendResponse{status=OK, term=2, succeeded=true, lastLogIndex=119}
02:20:09.586 [raft-server-1] TRACE i.a.p.raft.roles.LeaderAppender - RaftServer{1} - Received AppendResponse{status=OK, term=2, succeeded=true, lastLogIndex=119} from 2
02:20:09.586 [raft-server-1] TRACE i.a.p.raft.roles.LeaderAppender - RaftServer{1} - Committed entries up to 119
02:20:09.614 [raft-server-1] TRACE i.a.p.raft.roles.LeaderAppender - RaftServer{1} - Received AppendResponse{status=OK, term=2, succeeded=true, lastLogIndex=119} from 3
02:20:09.615 [raft-server-1-state] TRACE i.a.p.raft.impl.RaftServiceManager - RaftServer{1} - Applying Indexed{index=119, entry=KeepAliveEntry{term=2, timestamp=2018-06-01 02:20:09,584, sessionIds=long[]{length=1, hash=147}, commandSequences=long[]{length=1, hash=31}, eventIndexes=long[]{length=1, hash=147}}}
02:20:09.615 [raft-server-1] TRACE i.a.protocols.raft.roles.LeaderRole - RaftServer{1}{role=LEADER} - Sending KeepAliveResponse{status=OK, leader=1, members=[2, 1, 3], sessionIds=long[]{length=1, hash=147}}
02:20:09.615 [raft-client-8d1a11e6-024d-41c6-816f-7d36669ce782-1] TRACE i.a.p.r.p.impl.RaftProxyConnection - RaftClient{8d1a11e6-024d-41c6-816f-7d36669ce782} - Received KeepAliveResponse{status=OK, leader=1, members=[2, 1, 3], sessionIds=long[]{length=1, hash=147}} from 1
02:20:09.813 [raft-client-8d1a11e6-024d-41c6-816f-7d36669ce782-4] TRACE i.a.p.r.p.impl.RaftProxySequencer - PartitionProxy{2}{type=PrimitiveType{name=test}, name=test} - Completing failed request
02:20:09.815 [raft-server-2] INFO  i.a.protocols.raft.impl.RaftContext - RaftServer{2} - Transitioning to INACTIVE
02:20:09.816 [raft-server-2] TRACE i.a.p.raft.roles.FollowerRole - RaftServer{2}{role=FOLLOWER} - Cancelling heartbeat timer
02:20:09.816 [ForkJoinPool.commonPool-worker-2] DEBUG i.a.storage.journal.SegmentedJournal - Closing segment: JournalSegment{id=11, version=1, index=101, size=484}
02:20:09.816 [ForkJoinPool.commonPool-worker-2] DEBUG i.a.storage.journal.SegmentedJournal - Closing segment: JournalSegment{id=12, version=1, index=111, size=309}
02:20:09.816 [raft-server-3] INFO  i.a.protocols.raft.impl.RaftContext - RaftServer{3} - Transitioning to INACTIVE
02:20:09.816 [raft-server-1] TRACE i.a.p.raft.roles.LeaderAppender - RaftServer{1} - Sending AppendRequest{term=2, leader=1, prevLogIndex=119, prevLogTerm=2, entries=0, commitIndex=119} to 2
02:20:09.817 [raft-server-3] TRACE i.a.p.raft.roles.FollowerRole - RaftServer{3}{role=FOLLOWER} - Cancelling heartbeat timer
02:20:09.817 [raft-server-1] TRACE i.a.p.raft.roles.LeaderAppender - RaftServer{1} - Sending AppendRequest{term=2, leader=1, prevLogIndex=119, prevLogTerm=2, entries=0, commitIndex=119} to 3
02:20:09.817 [ForkJoinPool.commonPool-worker-2] DEBUG i.a.storage.journal.SegmentedJournal - Closing segment: JournalSegment{id=11, version=1, index=101, size=484}
02:20:09.817 [ForkJoinPool.commonPool-worker-2] DEBUG i.a.storage.journal.SegmentedJournal - Closing segment: JournalSegment{id=12, version=1, index=111, size=309}
02:20:09.817 [raft-server-1] DEBUG i.a.p.raft.roles.LeaderAppender - RaftServer{1} - AppendRequest{term=2, leader=1, prevLogIndex=119, prevLogTerm=2, entries=0, commitIndex=119} to 2 failed: java.net.ConnectException
02:20:09.817 [raft-server-1] DEBUG i.a.p.raft.roles.LeaderAppender - RaftServer{1} - AppendRequest{term=2, leader=1, prevLogIndex=119, prevLogTerm=2, entries=0, commitIndex=119} to 3 failed: java.net.ConnectException
02:20:09.817 [raft-server-1] INFO  i.a.protocols.raft.impl.RaftContext - RaftServer{1} - Transitioning to INACTIVE
02:20:09.818 [raft-server-1] TRACE i.a.protocols.raft.roles.LeaderRole - RaftServer{1}{role=LEADER} - Cancelling append timer
02:20:09.818 [raft-server-1] TRACE i.a.p.raft.storage.system.MetaStore - Store vote null
02:20:09.839 [raft-server-1] TRACE i.a.protocols.raft.roles.LeaderRole - RaftServer{1}{role=LEADER} - Sending CommandResponse{status=ERROR, error=RaftError{type=COMMAND_FAILURE, message=Request sequence number 101 out of sequence}, lastSequence=81}
02:20:09.839 [ForkJoinPool.commonPool-worker-2] DEBUG i.a.storage.journal.SegmentedJournal - Closing segment: JournalSegment{id=9, version=1, index=81, size=584}
02:20:09.840 [ForkJoinPool.commonPool-worker-2] DEBUG i.a.storage.journal.SegmentedJournal - Closing segment: JournalSegment{id=10, version=1, index=91, size=584}
02:20:09.840 [ForkJoinPool.commonPool-worker-2] DEBUG i.a.storage.journal.SegmentedJournal - Closing segment: JournalSegment{id=11, version=1, index=101, size=484}
02:20:09.840 [ForkJoinPool.commonPool-worker-2] DEBUG i.a.storage.journal.SegmentedJournal - Closing segment: JournalSegment{id=12, version=1, index=111, size=309}
</system-out>
  </testcase>
  <testcase name="testSequenceBoundedLinearizableOperations" classname="io.atomix.protocols.raft.RaftTest" time="2.079"/>
  <testcase name="testThreeOfFourNodeSubmitCommand" classname="io.atomix.protocols.raft.RaftTest" time="1.967"/>
  <testcase name="testFourNodeSubmitQueryWithLinearizableConsistency" classname="io.atomix.protocols.raft.RaftTest" time="1.926"/>
  <testcase name="testOneNodeEvents" classname="io.atomix.protocols.raft.RaftTest" time="1.332"/>
  <testcase name="testThreeNodesManyEventsAfterLeaderShutdown" classname="io.atomix.protocols.raft.RaftTest" time="5.01"/>
  <testcase name="testClientKeepAlive" classname="io.atomix.protocols.raft.RaftTest" time="11.788"/>
  <testcase name="testFiveNodeManySessionsManyEvents" classname="io.atomix.protocols.raft.RaftTest" time="3.093"/>
  <testcase name="testFourNodeEvents" classname="io.atomix.protocols.raft.RaftTest" time="2.187"/>
  <testcase name="testPassiveJoinEvent" classname="io.atomix.protocols.raft.RaftTest" time="2.191"/>
  <testcase name="testSessionMetadata" classname="io.atomix.protocols.raft.RaftTest" time="2.126"/>
  <testcase name="testFiveNodeSequentialEvent" classname="io.atomix.protocols.raft.RaftTest" time="2.111"/>
  <testcase name="testServerLeave" classname="io.atomix.protocols.raft.RaftTest" time="1.786"/>
  <testcase name="testOneNodeSubmitQueryWithSequentialConsistency" classname="io.atomix.protocols.raft.RaftTest" time="1.017"/>
  <testcase name="testFourNodeSubmitQueryWithSequentialConsistency" classname="io.atomix.protocols.raft.RaftTest" time="1.87"/>
  <testcase name="testBlockOnEvent" classname="io.atomix.protocols.raft.RaftTest" time="1.914"/>
  <testcase name="testDemoteLeader" classname="io.atomix.protocols.raft.RaftTest" time="3.241"/>
  <testcase name="testTwoOfThreeNodeSubmitCommand" classname="io.atomix.protocols.raft.RaftTest" time="1.973"/>
  <testcase name="testOneNodeCloseEvent" classname="io.atomix.protocols.raft.RaftTest" time="1.824"/>
  <testcase name="testOneNodeSequentialEvent" classname="io.atomix.protocols.raft.RaftTest" time="1.559"/>
  <testcase name="testThreeNodeSubmitCommand" classname="io.atomix.protocols.raft.RaftTest" time="1.909"/>
  <testcase name="testActiveJoinLate" classname="io.atomix.protocols.raft.RaftTest" time="17.902"/>
  <testcase name="testThreeNodeSubmitQueryWithSequentialConsistency" classname="io.atomix.protocols.raft.RaftTest" time="1.791"/>
  <testcase name="testFiveNodeSubmitQueryWithBoundedLinearizableConsistency" classname="io.atomix.protocols.raft.RaftTest" time="1.863"/>
  <testcase name="testTwoNodeSubmitQueryWithBoundedLinearizableConsistency" classname="io.atomix.protocols.raft.RaftTest" time="1.746"/>
  <testcase name="testThreeOfFiveNodeSubmitCommand" classname="io.atomix.protocols.raft.RaftTest" time="1.818"/>
  <testcase name="testTwoNodeSubmitQueryWithSequentialConsistency" classname="io.atomix.protocols.raft.RaftTest" time="1.764"/>
  <testcase name="testActiveJoinEvent" classname="io.atomix.protocols.raft.RaftTest" time="3.444"/>
  <testcase name="testOneNodeSubmitCommand" classname="io.atomix.protocols.raft.RaftTest" time="1.214"/>
  <testcase name="testFourNodeSubmitCommand" classname="io.atomix.protocols.raft.RaftTest" time="1.962"/>
  <testcase name="testTwoNodeSequentialEvent" classname="io.atomix.protocols.raft.RaftTest" time="1.796"/>
  <testcase name="testThreeNodeCloseEvent" classname="io.atomix.protocols.raft.RaftTest" time="2.126"/>
  <testcase name="testFourNodeSubmitQueryWithBoundedLinearizableConsistency" classname="io.atomix.protocols.raft.RaftTest" time="3.375"/>
  <testcase name="testFiveNodeSubmitQueryWithLinearizableConsistency" classname="io.atomix.protocols.raft.RaftTest" time="1.998"/>
  <testcase name="testSequenceSequentialOperations" classname="io.atomix.protocols.raft.RaftTest" time="2.082"/>
  <testcase name="testSingleMemberStart" classname="io.atomix.protocols.raft.RaftTest" time="3.165"/>
  <testcase name="testThreeNodeEvents" classname="io.atomix.protocols.raft.RaftTest" time="2.158"/>
  <testcase name="testSequenceLinearizableOperations" classname="io.atomix.protocols.raft.RaftTest" time="2.085"/>
  <testcase name="testThreeNodeSubmitQueryWithLinearizableConsistency" classname="io.atomix.protocols.raft.RaftTest" time="1.789"/>
  <testcase name="testFiveNodeManyEvents" classname="io.atomix.protocols.raft.RaftTest" time="2.859"/>
  <testcase name="testOneNodeSubmitQueryWithBoundedLinearizableConsistency" classname="io.atomix.protocols.raft.RaftTest" time="1.195"/>
  <testcase name="testFiveNodeExpireEvent" classname="io.atomix.protocols.raft.RaftTest" time="9.428"/>
  <testcase name="testFiveNodeSubmitQueryWithSequentialConsistency" classname="io.atomix.protocols.raft.RaftTest" time="1.922"/>
  <testcase name="testTransferLeadership" classname="io.atomix.protocols.raft.RaftTest" time="1.922">
    <skipped/>
  </testcase>
  <testcase name="testTwoNodeSubmitQueryWithLinearizableConsistency" classname="io.atomix.protocols.raft.RaftTest" time="3.239"/>
  <testcase name="testThreeNodeSequentialEvent" classname="io.atomix.protocols.raft.RaftTest" time="2.025"/>
  <testcase name="testTwoNodeEvents" classname="io.atomix.protocols.raft.RaftTest" time="2.024"/>
  <testcase name="testActiveJoin" classname="io.atomix.protocols.raft.RaftTest" time="3.497"/>
  <testcase name="testPassiveJoinLate" classname="io.atomix.protocols.raft.RaftTest" time="16.958"/>
  <testcase name="testPassiveJoin" classname="io.atomix.protocols.raft.RaftTest" time="2.314"/>
  <testcase name="testFiveNodesManyEventsAfterLeaderShutdown" classname="io.atomix.protocols.raft.RaftTest" time="4.75"/>
  <testcase name="testFiveNodeSubmitCommand" classname="io.atomix.protocols.raft.RaftTest" time="2.155"/>
  <testcase name="testOneNodeExpireEvent" classname="io.atomix.protocols.raft.RaftTest" time="9.021"/>
  <testcase name="testFiveNodesEventsAfterLeaderKill" classname="io.atomix.protocols.raft.RaftTest" time="7.619"/>
  <testcase name="testTwoNodeSubmitCommand" classname="io.atomix.protocols.raft.RaftTest" time="1.879"/>
  <testcase name="testThreeNodeExpireEvent" classname="io.atomix.protocols.raft.RaftTest" time="9.266"/>
  <testcase name="testResize" classname="io.atomix.protocols.raft.RaftTest" time="3.075"/>
  <testcase name="testFiveNodeCloseEvent" classname="io.atomix.protocols.raft.RaftTest" time="2.317"/>
  <testcase name="testOneNodeSubmitQueryWithLinearizableConsistency" classname="io.atomix.protocols.raft.RaftTest" time="1.106"/>
  <testcase name="testThreeNodeSubmitQueryWithBoundedLinearizableConsistency" classname="io.atomix.protocols.raft.RaftTest" time="1.902"/>
  <testcase name="testLeaderLeave" classname="io.atomix.protocols.raft.RaftTest" time="1.767"/>
  <testcase name="testFiveNodesEventsAfterFollowerKill" classname="io.atomix.protocols.raft.RaftTest" time="3.775"/>
  <testcase name="testThreeNodesEventsAfterFollowerKill" classname="io.atomix.protocols.raft.RaftTest" time="3.303"/>
  <testcase name="testFiveNodeEvents" classname="io.atomix.protocols.raft.RaftTest" time="2.269"/>
</testsuite>