<?xml version="1.0" encoding="UTF-8"?>
<testsuite name="io.atomix.protocols.raft.RaftTest" time="271.785" tests="65" errors="1" skipped="1" failures="0">
  <properties>
    <property name="java.runtime.name" value="OpenJDK Runtime Environment"/>
    <property name="sun.boot.library.path" value="/usr/lib/jvm/java-8-openjdk-amd64/jre/lib/amd64"/>
    <property name="java.vm.version" value="25.121-b13"/>
    <property name="java.vm.vendor" value="Oracle Corporation"/>
    <property name="maven.multiModuleProjectDirectory" value="/root/workspace/atomix/atomix/386431941"/>
    <property name="java.vendor.url" value="http://java.oracle.com/"/>
    <property name="path.separator" value=":"/>
    <property name="guice.disable.misplaced.annotation.check" value="true"/>
    <property name="skip.gulp" value="true"/>
    <property name="java.vm.name" value="OpenJDK 64-Bit Server VM"/>
    <property name="file.encoding.pkg" value="sun.io"/>
    <property name="sun.java.launcher" value="SUN_STANDARD"/>
    <property name="sun.os.patch.level" value="unknown"/>
    <property name="findbugs.skip" value="true"/>
    <property name="java.vm.specification.name" value="Java Virtual Machine Specification"/>
    <property name="user.dir" value="/root/workspace/atomix/atomix/386431941"/>
    <property name="checkstyle.skip" value="true"/>
    <property name="java.runtime.version" value="1.8.0_121-8u121-b13-1~bpo8+1-b13"/>
    <property name="java.awt.graphicsenv" value="sun.awt.X11GraphicsEnvironment"/>
    <property name="skip.npm" value="true"/>
    <property name="java.endorsed.dirs" value="/usr/lib/jvm/java-8-openjdk-amd64/jre/lib/endorsed"/>
    <property name="os.arch" value="amd64"/>
    <property name="java.io.tmpdir" value="/tmp"/>
    <property name="gpg.skip" value="true"/>
    <property name="line.separator" value="&#10;"/>
    <property name="java.vm.specification.vendor" value="Oracle Corporation"/>
    <property name="cobertura.skip" value="true"/>
    <property name="os.name" value="Linux"/>
    <property name="classworlds.conf" value="/usr/share/maven/bin/m2.conf"/>
    <property name="sun.jnu.encoding" value="UTF-8"/>
    <property name="java.library.path" value="/usr/java/packages/lib/amd64:/usr/lib/x86_64-linux-gnu/jni:/lib/x86_64-linux-gnu:/usr/lib/x86_64-linux-gnu:/usr/lib/jni:/lib:/usr/lib"/>
    <property name="license.skip" value="true"/>
    <property name="java.specification.name" value="Java Platform API Specification"/>
    <property name="java.class.version" value="52.0"/>
    <property name="sun.management.compiler" value="HotSpot 64-Bit Tiered Compilers"/>
    <property name="skip.bower" value="true"/>
    <property name="maven.repo.local" value="/root/./workspace/atomix/atomix/386431941/.m2"/>
    <property name="os.version" value="3.10.0-862.3.2.el7.x86_64"/>
    <property name="user.home" value="/root"/>
    <property name="user.timezone" value="Europe/Paris"/>
    <property name="java.awt.printerjob" value="sun.print.PSPrinterJob"/>
    <property name="java.specification.version" value="1.8"/>
    <property name="file.encoding" value="UTF-8"/>
    <property name="user.name" value="root"/>
    <property name="java.class.path" value="/usr/share/maven/boot/plexus-classworlds-2.5.2.jar"/>
    <property name="skipITs" value="true"/>
    <property name="java.vm.specification.version" value="1.8"/>
    <property name="sun.arch.data.model" value="64"/>
    <property name="java.home" value="/usr/lib/jvm/java-8-openjdk-amd64/jre"/>
    <property name="sun.java.command" value="org.codehaus.plexus.classworlds.launcher.Launcher -B -D enforcer.skip=true -D dependency-check.skip=true -D skipITs=true -D cobertura.skip=true -D maven.repo.local=/root/./workspace/atomix/atomix/386431941/.m2 -D rat.skip=true -D findbugs.skip=true -D skip.bower=true -D gpg.skip=true -D checkstyle.skip=true -D skip.gulp=true -D license.skip=true -D skip.npm=true test"/>
    <property name="java.specification.vendor" value="Oracle Corporation"/>
    <property name="user.language" value="en"/>
    <property name="awt.toolkit" value="sun.awt.X11.XToolkit"/>
    <property name="dependency-check.skip" value="true"/>
    <property name="java.vm.info" value="mixed mode"/>
    <property name="java.version" value="1.8.0_121"/>
    <property name="java.ext.dirs" value="/usr/lib/jvm/java-8-openjdk-amd64/jre/lib/ext:/usr/java/packages/lib/ext"/>
    <property name="securerandom.source" value="file:/dev/./urandom"/>
    <property name="sun.boot.class.path" value="/usr/lib/jvm/java-8-openjdk-amd64/jre/lib/resources.jar:/usr/lib/jvm/java-8-openjdk-amd64/jre/lib/rt.jar:/usr/lib/jvm/java-8-openjdk-amd64/jre/lib/sunrsasign.jar:/usr/lib/jvm/java-8-openjdk-amd64/jre/lib/jsse.jar:/usr/lib/jvm/java-8-openjdk-amd64/jre/lib/jce.jar:/usr/lib/jvm/java-8-openjdk-amd64/jre/lib/charsets.jar:/usr/lib/jvm/java-8-openjdk-amd64/jre/lib/jfr.jar:/usr/lib/jvm/java-8-openjdk-amd64/jre/classes"/>
    <property name="java.vendor" value="Oracle Corporation"/>
    <property name="enforcer.skip" value="true"/>
    <property name="rat.skip" value="true"/>
    <property name="maven.home" value="/usr/share/maven"/>
    <property name="file.separator" value="/"/>
    <property name="java.vendor.url.bug" value="http://bugreport.sun.com/bugreport/"/>
    <property name="sun.cpu.endian" value="little"/>
    <property name="sun.io.unicode.encoding" value="UnicodeLittle"/>
    <property name="sun.cpu.isalist" value=""/>
  </properties>
  <testcase name="testFourNodeSequentialEvent" classname="io.atomix.protocols.raft.RaftTest" time="2.381"/>
  <testcase name="testCrashRecover" classname="io.atomix.protocols.raft.RaftTest" time="41.012"/>
  <testcase name="testSequenceBoundedLinearizableOperations" classname="io.atomix.protocols.raft.RaftTest" time="3.926"/>
  <testcase name="testThreeOfFourNodeSubmitCommand" classname="io.atomix.protocols.raft.RaftTest" time="1.919"/>
  <testcase name="testFourNodeSubmitQueryWithLinearizableConsistency" classname="io.atomix.protocols.raft.RaftTest" time="3.358"/>
  <testcase name="testOneNodeEvents" classname="io.atomix.protocols.raft.RaftTest" time="1.764"/>
  <testcase name="testThreeNodesManyEventsAfterLeaderShutdown" classname="io.atomix.protocols.raft.RaftTest" time="5.118"/>
  <testcase name="testClientKeepAlive" classname="io.atomix.protocols.raft.RaftTest" time="11.74"/>
  <testcase name="testFiveNodeManySessionsManyEvents" classname="io.atomix.protocols.raft.RaftTest" time="3.669"/>
  <testcase name="testFourNodeEvents" classname="io.atomix.protocols.raft.RaftTest" time="2.139"/>
  <testcase name="testPassiveJoinEvent" classname="io.atomix.protocols.raft.RaftTest" time="2.188"/>
  <testcase name="testSessionMetadata" classname="io.atomix.protocols.raft.RaftTest" time="2.15"/>
  <testcase name="testFiveNodeSequentialEvent" classname="io.atomix.protocols.raft.RaftTest" time="2.051"/>
  <testcase name="testServerLeave" classname="io.atomix.protocols.raft.RaftTest" time="1.831"/>
  <testcase name="testOneNodeSubmitQueryWithSequentialConsistency" classname="io.atomix.protocols.raft.RaftTest" time="1.506"/>
  <testcase name="testFourNodeSubmitQueryWithSequentialConsistency" classname="io.atomix.protocols.raft.RaftTest" time="1.853"/>
  <testcase name="testBlockOnEvent" classname="io.atomix.protocols.raft.RaftTest" time="2.022"/>
  <testcase name="testDemoteLeader" classname="io.atomix.protocols.raft.RaftTest" time="3.274"/>
  <testcase name="testTwoOfThreeNodeSubmitCommand" classname="io.atomix.protocols.raft.RaftTest" time="1.883"/>
  <testcase name="testOneNodeCloseEvent" classname="io.atomix.protocols.raft.RaftTest" time="1.515"/>
  <testcase name="testOneNodeSequentialEvent" classname="io.atomix.protocols.raft.RaftTest" time="1.659"/>
  <testcase name="testThreeNodeSubmitCommand" classname="io.atomix.protocols.raft.RaftTest" time="2.051"/>
  <testcase name="testActiveJoinLate" classname="io.atomix.protocols.raft.RaftTest" time="23.47"/>
  <testcase name="testThreeNodeSubmitQueryWithSequentialConsistency" classname="io.atomix.protocols.raft.RaftTest" time="1.855"/>
  <testcase name="testFiveNodeSubmitQueryWithBoundedLinearizableConsistency" classname="io.atomix.protocols.raft.RaftTest" time="1.997"/>
  <testcase name="testTwoNodeSubmitQueryWithBoundedLinearizableConsistency" classname="io.atomix.protocols.raft.RaftTest" time="1.768"/>
  <testcase name="testThreeOfFiveNodeSubmitCommand" classname="io.atomix.protocols.raft.RaftTest" time="1.868"/>
  <testcase name="testTwoNodeSubmitQueryWithSequentialConsistency" classname="io.atomix.protocols.raft.RaftTest" time="1.772"/>
  <testcase name="testActiveJoinEvent" classname="io.atomix.protocols.raft.RaftTest" time="2.343"/>
  <testcase name="testOneNodeSubmitCommand" classname="io.atomix.protocols.raft.RaftTest" time="1.532"/>
  <testcase name="testFourNodeSubmitCommand" classname="io.atomix.protocols.raft.RaftTest" time="4.483"/>
  <testcase name="testTwoNodeSequentialEvent" classname="io.atomix.protocols.raft.RaftTest" time="1.665"/>
  <testcase name="testThreeNodeCloseEvent" classname="io.atomix.protocols.raft.RaftTest" time="2.401"/>
  <testcase name="testFourNodeSubmitQueryWithBoundedLinearizableConsistency" classname="io.atomix.protocols.raft.RaftTest" time="1.892"/>
  <testcase name="testFiveNodeSubmitQueryWithLinearizableConsistency" classname="io.atomix.protocols.raft.RaftTest" time="3.196"/>
  <testcase name="testSequenceSequentialOperations" classname="io.atomix.protocols.raft.RaftTest" time="3.176"/>
  <testcase name="testSingleMemberStart" classname="io.atomix.protocols.raft.RaftTest" time="3.596"/>
  <testcase name="testThreeNodeEvents" classname="io.atomix.protocols.raft.RaftTest" time="2.213"/>
  <testcase name="testSequenceLinearizableOperations" classname="io.atomix.protocols.raft.RaftTest" time="2.351"/>
  <testcase name="testThreeNodeSubmitQueryWithLinearizableConsistency" classname="io.atomix.protocols.raft.RaftTest" time="2.183"/>
  <testcase name="testFiveNodeManyEvents" classname="io.atomix.protocols.raft.RaftTest" time="3.191"/>
  <testcase name="testOneNodeSubmitQueryWithBoundedLinearizableConsistency" classname="io.atomix.protocols.raft.RaftTest" time="1.351"/>
  <testcase name="testFiveNodeExpireEvent" classname="io.atomix.protocols.raft.RaftTest" time="9.498"/>
  <testcase name="testFiveNodeSubmitQueryWithSequentialConsistency" classname="io.atomix.protocols.raft.RaftTest" time="1.997"/>
  <testcase name="testTransferLeadership" classname="io.atomix.protocols.raft.RaftTest" time="1.998">
    <skipped/>
  </testcase>
  <testcase name="testTwoNodeSubmitQueryWithLinearizableConsistency" classname="io.atomix.protocols.raft.RaftTest" time="1.803"/>
  <testcase name="testThreeNodeSequentialEvent" classname="io.atomix.protocols.raft.RaftTest" time="2.027"/>
  <testcase name="testTwoNodeEvents" classname="io.atomix.protocols.raft.RaftTest" time="2.134"/>
  <testcase name="testActiveJoin" classname="io.atomix.protocols.raft.RaftTest" time="3.565"/>
  <testcase name="testPassiveJoinLate" classname="io.atomix.protocols.raft.RaftTest" time="17.286">
    <error message="Test timed out while waiting for an expected result" type="java.util.concurrent.TimeoutException">java.util.concurrent.TimeoutException: Test timed out while waiting for an expected result
	at net.jodah.concurrentunit.Waiter.await(Waiter.java:168)
	at net.jodah.concurrentunit.Waiter.await(Waiter.java:115)
	at net.jodah.concurrentunit.ConcurrentTestCase.await(ConcurrentTestCase.java:98)
	at io.atomix.protocols.raft.RaftTest.testServerJoinLate(RaftTest.java:198)
	at io.atomix.protocols.raft.RaftTest.testPassiveJoinLate(RaftTest.java:187)
</error>
    <system-out><![CDATA[21:46:27.151 [main] DEBUG i.a.storage.journal.SegmentedJournal - Created disk segment: JournalSegment{id=1, version=1, index=1, size=64}
21:46:27.151 [main] TRACE i.a.p.raft.storage.system.MetaStore - Store configuration Configuration{index=0, time=2018-06-05 09:46:27,151, members=[DefaultRaftMember{id=2, type=ACTIVE, updated=2018-06-05T19:46:27.151Z}, DefaultRaftMember{id=1, type=ACTIVE, updated=2018-06-05T19:46:27.151Z}, DefaultRaftMember{id=3, type=ACTIVE, updated=2018-06-05T19:46:27.151Z}]}
21:46:27.179 [raft-server-1] INFO  i.a.protocols.raft.impl.RaftContext - RaftServer{1} - Transitioning to FOLLOWER
21:46:27.179 [raft-server-1] DEBUG i.a.p.r.c.impl.RaftClusterContext - RaftServer{1} - Attempting to join via 2
21:46:27.179 [raft-server-1] TRACE i.a.p.r.c.impl.RaftClusterContext - RaftServer{1} - Cancelling join timeout
21:46:27.179 [raft-server-1] DEBUG i.a.p.r.c.impl.RaftClusterContext - RaftServer{1} - Failed to join 2
21:46:27.179 [raft-server-1] DEBUG i.a.p.r.c.impl.RaftClusterContext - RaftServer{1} - Attempting to join via 3
21:46:27.179 [raft-server-1] TRACE i.a.p.r.c.impl.RaftClusterContext - RaftServer{1} - Cancelling join timeout
21:46:27.179 [raft-server-1] DEBUG i.a.p.r.c.impl.RaftClusterContext - RaftServer{1} - Failed to join 3
21:46:27.179 [raft-server-1] DEBUG i.a.p.r.c.impl.RaftClusterContext - RaftServer{1} - Failed to join cluster, retrying...
21:46:27.209 [main] DEBUG i.a.storage.journal.SegmentedJournal - Created disk segment: JournalSegment{id=1, version=1, index=1, size=64}
21:46:27.209 [main] TRACE i.a.p.raft.storage.system.MetaStore - Store configuration Configuration{index=0, time=2018-06-05 09:46:27,209, members=[DefaultRaftMember{id=2, type=ACTIVE, updated=2018-06-05T19:46:27.209Z}, DefaultRaftMember{id=1, type=ACTIVE, updated=2018-06-05T19:46:27.209Z}, DefaultRaftMember{id=3, type=ACTIVE, updated=2018-06-05T19:46:27.209Z}]}
21:46:27.237 [raft-server-2] INFO  i.a.protocols.raft.impl.RaftContext - RaftServer{2} - Transitioning to FOLLOWER
21:46:27.237 [raft-server-2] DEBUG i.a.p.r.c.impl.RaftClusterContext - RaftServer{2} - Attempting to join via 1
21:46:27.237 [raft-server-1] TRACE i.a.p.raft.roles.FollowerRole - RaftServer{1}{role=FOLLOWER} - Received JoinRequest{member=DefaultRaftMember{id=2, type=ACTIVE, updated=2018-06-05T19:46:27.209Z}}
21:46:27.237 [raft-server-1] TRACE i.a.p.raft.roles.FollowerRole - RaftServer{1}{role=FOLLOWER} - Sending JoinResponse{status=ERROR, error=RaftError{type=NO_LEADER, message=null}}
21:46:27.238 [raft-server-2] TRACE i.a.p.r.c.impl.RaftClusterContext - RaftServer{2} - Cancelling join timeout
21:46:27.238 [raft-server-2] DEBUG i.a.p.r.c.impl.RaftClusterContext - RaftServer{2} - Failed to join 1
21:46:27.238 [raft-server-2] DEBUG i.a.p.r.c.impl.RaftClusterContext - RaftServer{2} - Attempting to join via 3
21:46:27.238 [raft-server-2] TRACE i.a.p.r.c.impl.RaftClusterContext - RaftServer{2} - Cancelling join timeout
21:46:27.238 [raft-server-2] DEBUG i.a.p.r.c.impl.RaftClusterContext - RaftServer{2} - Failed to join 3
21:46:27.238 [raft-server-2] DEBUG i.a.p.r.c.impl.RaftClusterContext - RaftServer{2} - Failed to join cluster, retrying...
21:46:27.267 [main] DEBUG i.a.storage.journal.SegmentedJournal - Created disk segment: JournalSegment{id=1, version=1, index=1, size=64}
21:46:27.268 [main] TRACE i.a.p.raft.storage.system.MetaStore - Store configuration Configuration{index=0, time=2018-06-05 09:46:27,268, members=[DefaultRaftMember{id=2, type=ACTIVE, updated=2018-06-05T19:46:27.268Z}, DefaultRaftMember{id=1, type=ACTIVE, updated=2018-06-05T19:46:27.268Z}, DefaultRaftMember{id=3, type=ACTIVE, updated=2018-06-05T19:46:27.268Z}]}
21:46:27.295 [raft-server-3] INFO  i.a.protocols.raft.impl.RaftContext - RaftServer{3} - Transitioning to FOLLOWER
21:46:27.296 [raft-server-3] DEBUG i.a.p.r.c.impl.RaftClusterContext - RaftServer{3} - Attempting to join via 2
21:46:27.296 [raft-server-2] TRACE i.a.p.raft.roles.FollowerRole - RaftServer{2}{role=FOLLOWER} - Received JoinRequest{member=DefaultRaftMember{id=3, type=ACTIVE, updated=2018-06-05T19:46:27.268Z}}
21:46:27.296 [raft-server-2] TRACE i.a.p.raft.roles.FollowerRole - RaftServer{2}{role=FOLLOWER} - Sending JoinResponse{status=ERROR, error=RaftError{type=NO_LEADER, message=null}}
21:46:27.296 [raft-server-3] TRACE i.a.p.r.c.impl.RaftClusterContext - RaftServer{3} - Cancelling join timeout
21:46:27.296 [raft-server-3] DEBUG i.a.p.r.c.impl.RaftClusterContext - RaftServer{3} - Failed to join 2
21:46:27.296 [raft-server-3] DEBUG i.a.p.r.c.impl.RaftClusterContext - RaftServer{3} - Attempting to join via 1
21:46:27.296 [raft-server-1] TRACE i.a.p.raft.roles.FollowerRole - RaftServer{1}{role=FOLLOWER} - Received JoinRequest{member=DefaultRaftMember{id=3, type=ACTIVE, updated=2018-06-05T19:46:27.268Z}}
21:46:27.296 [raft-server-1] TRACE i.a.p.raft.roles.FollowerRole - RaftServer{1}{role=FOLLOWER} - Sending JoinResponse{status=ERROR, error=RaftError{type=NO_LEADER, message=null}}
21:46:27.296 [raft-server-3] TRACE i.a.p.r.c.impl.RaftClusterContext - RaftServer{3} - Cancelling join timeout
21:46:27.296 [raft-server-3] DEBUG i.a.p.r.c.impl.RaftClusterContext - RaftServer{3} - Failed to join 1
21:46:27.296 [raft-server-3] DEBUG i.a.p.r.c.impl.RaftClusterContext - RaftServer{3} - Failed to join cluster, retrying...
21:46:28.162 [raft-server-3] DEBUG i.a.p.raft.roles.FollowerRole - RaftServer{3}{role=FOLLOWER} - Heartbeat timed out in PT0.866S
21:46:28.162 [raft-server-3] DEBUG i.a.p.raft.roles.FollowerRole - RaftServer{3}{role=FOLLOWER} - Polling members [DefaultRaftMember{id=2, type=ACTIVE, updated=2018-06-05T19:46:27.268Z}, DefaultRaftMember{id=1, type=ACTIVE, updated=2018-06-05T19:46:27.268Z}]
21:46:28.162 [raft-server-3] DEBUG i.a.p.raft.roles.FollowerRole - RaftServer{3}{role=FOLLOWER} - Polling DefaultRaftMember{id=2, type=ACTIVE, updated=2018-06-05T19:46:27.268Z} for next term 1
21:46:28.162 [raft-server-3] DEBUG i.a.p.raft.roles.FollowerRole - RaftServer{3}{role=FOLLOWER} - Polling DefaultRaftMember{id=1, type=ACTIVE, updated=2018-06-05T19:46:27.268Z} for next term 1
21:46:28.162 [raft-server-2] TRACE i.a.p.raft.roles.FollowerRole - RaftServer{2}{role=FOLLOWER} - Received PollRequest{term=0, candidate=3, lastLogIndex=0, lastLogTerm=0}
21:46:28.162 [raft-server-2] DEBUG i.a.p.raft.roles.FollowerRole - RaftServer{2}{role=FOLLOWER} - Accepted PollRequest{term=0, candidate=3, lastLogIndex=0, lastLogTerm=0}: candidate's log is up-to-date
21:46:28.162 [raft-server-1] TRACE i.a.p.raft.roles.FollowerRole - RaftServer{1}{role=FOLLOWER} - Received PollRequest{term=0, candidate=3, lastLogIndex=0, lastLogTerm=0}
21:46:28.162 [raft-server-2] TRACE i.a.p.raft.roles.FollowerRole - RaftServer{2}{role=FOLLOWER} - Sending PollResponse{status=OK, term=0, accepted=true}
21:46:28.162 [raft-server-1] DEBUG i.a.p.raft.roles.FollowerRole - RaftServer{1}{role=FOLLOWER} - Accepted PollRequest{term=0, candidate=3, lastLogIndex=0, lastLogTerm=0}: candidate's log is up-to-date
21:46:28.162 [raft-server-3] DEBUG i.a.p.raft.roles.FollowerRole - RaftServer{3}{role=FOLLOWER} - Received accepted poll from DefaultRaftMember{id=2, type=ACTIVE, updated=2018-06-05T19:46:27.268Z}
21:46:28.162 [raft-server-3] INFO  i.a.protocols.raft.impl.RaftContext - RaftServer{3} - Transitioning to CANDIDATE
21:46:28.162 [raft-server-1] TRACE i.a.p.raft.roles.FollowerRole - RaftServer{1}{role=FOLLOWER} - Sending PollResponse{status=OK, term=0, accepted=true}
21:46:28.163 [raft-server-3] TRACE i.a.p.raft.roles.FollowerRole - RaftServer{3}{role=FOLLOWER} - Cancelling heartbeat timer
21:46:28.163 [raft-server-3] INFO  i.a.p.raft.roles.CandidateRole - RaftServer{3}{role=CANDIDATE} - Starting election
21:46:28.163 [raft-server-3] TRACE i.a.p.raft.storage.system.MetaStore - Store term 1
21:46:28.187 [raft-server-3] TRACE i.a.p.raft.storage.system.MetaStore - Store vote null
21:46:28.212 [raft-server-3] DEBUG i.a.protocols.raft.impl.RaftContext - RaftServer{3} - Set term 1
21:46:28.212 [raft-server-3] TRACE i.a.p.raft.storage.system.MetaStore - Store vote 3
21:46:28.237 [raft-server-3] DEBUG i.a.protocols.raft.impl.RaftContext - RaftServer{3} - Voted for 3
21:46:28.237 [raft-server-3] DEBUG i.a.p.raft.roles.CandidateRole - RaftServer{3}{role=CANDIDATE} - Requesting votes for term 1
21:46:28.237 [raft-server-3] DEBUG i.a.p.raft.roles.CandidateRole - RaftServer{3}{role=CANDIDATE} - Requesting vote from DefaultRaftMember{id=2, type=ACTIVE, updated=2018-06-05T19:46:27.268Z} for term 1
21:46:28.237 [raft-server-3] DEBUG i.a.p.raft.roles.CandidateRole - RaftServer{3}{role=CANDIDATE} - Requesting vote from DefaultRaftMember{id=1, type=ACTIVE, updated=2018-06-05T19:46:27.268Z} for term 1
21:46:28.237 [raft-server-2] TRACE i.a.p.raft.roles.FollowerRole - RaftServer{2}{role=FOLLOWER} - Received VoteRequest{term=1, candidate=3, lastLogIndex=0, lastLogTerm=0}
21:46:28.237 [raft-server-2] TRACE i.a.p.raft.storage.system.MetaStore - Store term 1
21:46:28.237 [raft-server-1] TRACE i.a.p.raft.roles.FollowerRole - RaftServer{1}{role=FOLLOWER} - Received VoteRequest{term=1, candidate=3, lastLogIndex=0, lastLogTerm=0}
21:46:28.237 [raft-server-1] TRACE i.a.p.raft.storage.system.MetaStore - Store term 1
21:46:28.262 [raft-server-1] TRACE i.a.p.raft.storage.system.MetaStore - Store vote null
21:46:28.262 [raft-server-2] TRACE i.a.p.raft.storage.system.MetaStore - Store vote null
21:46:28.292 [raft-server-2] DEBUG i.a.protocols.raft.impl.RaftContext - RaftServer{2} - Set term 1
21:46:28.292 [raft-server-1] DEBUG i.a.protocols.raft.impl.RaftContext - RaftServer{1} - Set term 1
21:46:28.292 [raft-server-1] DEBUG i.a.p.raft.roles.FollowerRole - RaftServer{1}{role=FOLLOWER} - Accepted VoteRequest{term=1, candidate=3, lastLogIndex=0, lastLogTerm=0}: candidate's log is up-to-date
21:46:28.292 [raft-server-2] DEBUG i.a.p.raft.roles.FollowerRole - RaftServer{2}{role=FOLLOWER} - Accepted VoteRequest{term=1, candidate=3, lastLogIndex=0, lastLogTerm=0}: candidate's log is up-to-date
21:46:28.292 [raft-server-1] TRACE i.a.p.raft.storage.system.MetaStore - Store vote 3
21:46:28.292 [raft-server-2] TRACE i.a.p.raft.storage.system.MetaStore - Store vote 3
21:46:28.320 [raft-server-2] DEBUG i.a.protocols.raft.impl.RaftContext - RaftServer{2} - Voted for 3
21:46:28.320 [raft-server-1] DEBUG i.a.protocols.raft.impl.RaftContext - RaftServer{1} - Voted for 3
21:46:28.320 [raft-server-1] TRACE i.a.p.raft.roles.FollowerRole - RaftServer{1}{role=FOLLOWER} - Sending VoteResponse{status=OK, term=1, voted=true}
21:46:28.320 [raft-server-2] TRACE i.a.p.raft.roles.FollowerRole - RaftServer{2}{role=FOLLOWER} - Sending VoteResponse{status=OK, term=1, voted=true}
21:46:28.320 [raft-server-3] DEBUG i.a.p.raft.roles.CandidateRole - RaftServer{3}{role=CANDIDATE} - Received successful vote from DefaultRaftMember{id=1, type=ACTIVE, updated=2018-06-05T19:46:27.268Z}
21:46:28.320 [raft-server-3] INFO  i.a.protocols.raft.impl.RaftContext - RaftServer{3} - Transitioning to LEADER
21:46:28.320 [raft-server-3] DEBUG i.a.p.raft.roles.CandidateRole - RaftServer{3}{role=CANDIDATE} - Cancelling election
21:46:28.320 [raft-server-3] INFO  i.a.protocols.raft.impl.RaftContext - RaftServer{3} - Found leader 3
21:46:28.320 [raft-server-3] TRACE i.a.p.raft.storage.system.MetaStore - Store vote null
21:46:28.351 [raft-server-3] TRACE i.a.protocols.raft.roles.LeaderRole - RaftServer{3}{role=LEADER} - Appended Indexed{index=1, entry=InitializeEntry{term=1, timestamp=2018-06-05 09:46:28,320}}
21:46:28.351 [raft-server-3] DEBUG i.a.p.raft.roles.LeaderAppender - RaftServer{3} - Configuring 2
21:46:28.351 [raft-server-3] TRACE i.a.p.raft.roles.LeaderAppender - RaftServer{3} - Sending ConfigureRequest{term=1, leader=3, index=0, timestamp=1528227987268, members=[DefaultRaftMember{id=2, type=ACTIVE, updated=2018-06-05T19:46:27.268Z}, DefaultRaftMember{id=1, type=ACTIVE, updated=2018-06-05T19:46:27.268Z}, DefaultRaftMember{id=3, type=ACTIVE, updated=2018-06-05T19:46:27.268Z}]} to 2
21:46:28.351 [raft-server-3] DEBUG i.a.p.raft.roles.LeaderAppender - RaftServer{3} - Configuring 1
21:46:28.351 [raft-server-2] TRACE i.a.p.raft.roles.FollowerRole - RaftServer{2}{role=FOLLOWER} - Received ConfigureRequest{term=1, leader=3, index=0, timestamp=1528227987268, members=[DefaultRaftMember{id=2, type=ACTIVE, updated=2018-06-05T19:46:27.268Z}, DefaultRaftMember{id=1, type=ACTIVE, updated=2018-06-05T19:46:27.268Z}, DefaultRaftMember{id=3, type=ACTIVE, updated=2018-06-05T19:46:27.268Z}]}
21:46:28.351 [raft-server-3] TRACE i.a.p.raft.roles.LeaderAppender - RaftServer{3} - Sending ConfigureRequest{term=1, leader=3, index=0, timestamp=1528227987268, members=[DefaultRaftMember{id=2, type=ACTIVE, updated=2018-06-05T19:46:27.268Z}, DefaultRaftMember{id=1, type=ACTIVE, updated=2018-06-05T19:46:27.268Z}, DefaultRaftMember{id=3, type=ACTIVE, updated=2018-06-05T19:46:27.268Z}]} to 1
21:46:28.351 [raft-server-2] INFO  i.a.protocols.raft.impl.RaftContext - RaftServer{2} - Found leader 3
21:46:28.351 [raft-server-2] TRACE i.a.p.raft.storage.system.MetaStore - Store vote null
21:46:28.351 [raft-server-1] TRACE i.a.p.raft.roles.FollowerRole - RaftServer{1}{role=FOLLOWER} - Received ConfigureRequest{term=1, leader=3, index=0, timestamp=1528227987268, members=[DefaultRaftMember{id=2, type=ACTIVE, updated=2018-06-05T19:46:27.268Z}, DefaultRaftMember{id=1, type=ACTIVE, updated=2018-06-05T19:46:27.268Z}, DefaultRaftMember{id=3, type=ACTIVE, updated=2018-06-05T19:46:27.268Z}]}
21:46:28.351 [raft-server-1] INFO  i.a.protocols.raft.impl.RaftContext - RaftServer{1} - Found leader 3
21:46:28.351 [raft-server-3] TRACE i.a.protocols.raft.roles.LeaderRole - RaftServer{3}{role=LEADER} - Starting append timer
21:46:28.351 [raft-server-1] TRACE i.a.p.raft.storage.system.MetaStore - Store vote null
21:46:28.352 [raft-server-3] TRACE i.a.p.raft.roles.LeaderAppender - RaftServer{3} - Sending AppendRequest{term=1, leader=3, prevLogIndex=0, prevLogTerm=0, entries=0, commitIndex=0} to 2
21:46:28.352 [raft-server-3] TRACE i.a.p.raft.roles.LeaderAppender - RaftServer{3} - Sending AppendRequest{term=1, leader=3, prevLogIndex=0, prevLogTerm=0, entries=0, commitIndex=0} to 1
21:46:28.379 [raft-server-1] TRACE i.a.p.raft.roles.FollowerRole - RaftServer{1}{role=FOLLOWER} - Sending ConfigureResponse{status=OK}
21:46:28.379 [raft-server-2] TRACE i.a.p.raft.roles.FollowerRole - RaftServer{2}{role=FOLLOWER} - Sending ConfigureResponse{status=OK}
21:46:28.379 [raft-server-1] TRACE i.a.p.raft.roles.FollowerRole - RaftServer{1}{role=FOLLOWER} - Received AppendRequest{term=1, leader=3, prevLogIndex=0, prevLogTerm=0, entries=0, commitIndex=0}
21:46:28.379 [raft-server-3] TRACE i.a.p.raft.roles.LeaderAppender - RaftServer{3} - Received ConfigureResponse{status=OK} from 1
21:46:28.379 [raft-server-2] TRACE i.a.p.raft.roles.FollowerRole - RaftServer{2}{role=FOLLOWER} - Received AppendRequest{term=1, leader=3, prevLogIndex=0, prevLogTerm=0, entries=0, commitIndex=0}
21:46:28.379 [raft-server-1] TRACE i.a.p.raft.roles.FollowerRole - RaftServer{1}{role=FOLLOWER} - Sending AppendResponse{status=OK, term=1, succeeded=true, lastLogIndex=0}
21:46:28.379 [raft-server-3] TRACE i.a.p.raft.roles.LeaderAppender - RaftServer{3} - Received ConfigureResponse{status=OK} from 2
21:46:28.379 [raft-server-2] TRACE i.a.p.raft.roles.FollowerRole - RaftServer{2}{role=FOLLOWER} - Sending AppendResponse{status=OK, term=1, succeeded=true, lastLogIndex=0}
21:46:28.379 [raft-server-3] TRACE i.a.p.raft.roles.LeaderAppender - RaftServer{3} - Received AppendResponse{status=OK, term=1, succeeded=true, lastLogIndex=0} from 1
21:46:28.379 [raft-server-3] TRACE i.a.p.raft.roles.LeaderAppender - RaftServer{3} - Sending AppendRequest{term=1, leader=3, prevLogIndex=0, prevLogTerm=0, entries=1, commitIndex=0} to 1
21:46:28.379 [raft-server-1] TRACE i.a.p.raft.roles.FollowerRole - RaftServer{1}{role=FOLLOWER} - Received AppendRequest{term=1, leader=3, prevLogIndex=0, prevLogTerm=0, entries=1, commitIndex=0}
21:46:28.379 [raft-server-3] TRACE i.a.p.raft.roles.LeaderAppender - RaftServer{3} - Received AppendResponse{status=OK, term=1, succeeded=true, lastLogIndex=0} from 2
21:46:28.379 [raft-server-1] DEBUG i.a.p.raft.roles.FollowerRole - RaftServer{1}{role=FOLLOWER} - Reset first index to 1
21:46:28.379 [raft-server-3] TRACE i.a.p.raft.roles.LeaderAppender - RaftServer{3} - Sending AppendRequest{term=1, leader=3, prevLogIndex=0, prevLogTerm=0, entries=1, commitIndex=0} to 2
21:46:28.379 [raft-server-2] TRACE i.a.p.raft.roles.FollowerRole - RaftServer{2}{role=FOLLOWER} - Received AppendRequest{term=1, leader=3, prevLogIndex=0, prevLogTerm=0, entries=1, commitIndex=0}
21:46:28.379 [raft-server-2] DEBUG i.a.p.raft.roles.FollowerRole - RaftServer{2}{role=FOLLOWER} - Reset first index to 1
21:46:28.379 [raft-server-1] TRACE i.a.p.raft.roles.FollowerRole - RaftServer{1}{role=FOLLOWER} - Appended Indexed{index=1, entry=InitializeEntry{term=1, timestamp=2018-06-05 09:46:28,320}}
21:46:28.379 [raft-server-1] TRACE i.a.p.raft.roles.FollowerRole - RaftServer{1}{role=FOLLOWER} - Sending AppendResponse{status=OK, term=1, succeeded=true, lastLogIndex=1}
21:46:28.379 [raft-server-3] TRACE i.a.p.raft.roles.LeaderAppender - RaftServer{3} - Received AppendResponse{status=OK, term=1, succeeded=true, lastLogIndex=1} from 1
21:46:28.379 [raft-server-2] TRACE i.a.p.raft.roles.FollowerRole - RaftServer{2}{role=FOLLOWER} - Appended Indexed{index=1, entry=InitializeEntry{term=1, timestamp=2018-06-05 09:46:28,320}}
21:46:28.379 [raft-server-3] TRACE i.a.p.raft.roles.LeaderAppender - RaftServer{3} - Committed entries up to 1
21:46:28.379 [raft-server-2] TRACE i.a.p.raft.roles.FollowerRole - RaftServer{2}{role=FOLLOWER} - Sending AppendResponse{status=OK, term=1, succeeded=true, lastLogIndex=1}
21:46:28.417 [raft-server-3] TRACE i.a.p.raft.roles.LeaderAppender - RaftServer{3} - Received AppendResponse{status=OK, term=1, succeeded=true, lastLogIndex=1} from 2
21:46:28.417 [raft-server-3-state] TRACE i.a.p.raft.impl.RaftServiceManager - RaftServer{3} - Applying Indexed{index=1, entry=InitializeEntry{term=1, timestamp=2018-06-05 09:46:28,320}}
21:46:28.602 [raft-server-3] TRACE i.a.p.raft.roles.LeaderAppender - RaftServer{3} - Sending AppendRequest{term=1, leader=3, prevLogIndex=1, prevLogTerm=1, entries=0, commitIndex=1} to 2
21:46:28.602 [raft-server-3] TRACE i.a.p.raft.roles.LeaderAppender - RaftServer{3} - Sending AppendRequest{term=1, leader=3, prevLogIndex=1, prevLogTerm=1, entries=0, commitIndex=1} to 1
21:46:28.602 [raft-server-2] TRACE i.a.p.raft.roles.FollowerRole - RaftServer{2}{role=FOLLOWER} - Received AppendRequest{term=1, leader=3, prevLogIndex=1, prevLogTerm=1, entries=0, commitIndex=1}
21:46:28.602 [raft-server-1] TRACE i.a.p.raft.roles.FollowerRole - RaftServer{1}{role=FOLLOWER} - Received AppendRequest{term=1, leader=3, prevLogIndex=1, prevLogTerm=1, entries=0, commitIndex=1}
21:46:28.637 [raft-server-2] TRACE i.a.p.raft.roles.FollowerRole - RaftServer{2}{role=FOLLOWER} - Committed entries up to index 1
21:46:28.637 [raft-server-1] TRACE i.a.p.raft.roles.FollowerRole - RaftServer{1}{role=FOLLOWER} - Committed entries up to index 1
21:46:28.637 [raft-server-2] TRACE i.a.p.raft.roles.FollowerRole - RaftServer{2}{role=FOLLOWER} - Sending AppendResponse{status=OK, term=1, succeeded=true, lastLogIndex=1}
21:46:28.637 [raft-server-1] TRACE i.a.p.raft.roles.FollowerRole - RaftServer{1}{role=FOLLOWER} - Sending AppendResponse{status=OK, term=1, succeeded=true, lastLogIndex=1}
21:46:28.637 [raft-server-3] TRACE i.a.p.raft.roles.LeaderAppender - RaftServer{3} - Received AppendResponse{status=OK, term=1, succeeded=true, lastLogIndex=1} from 2
21:46:28.637 [raft-server-1-state] TRACE i.a.p.raft.impl.RaftServiceManager - RaftServer{1} - Applying Indexed{index=1, entry=InitializeEntry{term=1, timestamp=2018-06-05 09:46:28,320}}
21:46:28.637 [raft-server-2-state] TRACE i.a.p.raft.impl.RaftServiceManager - RaftServer{2} - Applying Indexed{index=1, entry=InitializeEntry{term=1, timestamp=2018-06-05 09:46:28,320}}
21:46:28.637 [raft-server-3] TRACE i.a.p.raft.roles.LeaderAppender - RaftServer{3} - Sending AppendRequest{term=1, leader=3, prevLogIndex=1, prevLogTerm=1, entries=0, commitIndex=1} to 2
21:46:28.637 [raft-server-2] TRACE i.a.p.raft.roles.FollowerRole - RaftServer{2}{role=FOLLOWER} - Received AppendRequest{term=1, leader=3, prevLogIndex=1, prevLogTerm=1, entries=0, commitIndex=1}
21:46:28.637 [raft-server-3] TRACE i.a.p.raft.roles.LeaderAppender - RaftServer{3} - Received AppendResponse{status=OK, term=1, succeeded=true, lastLogIndex=1} from 1
21:46:28.637 [raft-server-2] TRACE i.a.p.raft.roles.FollowerRole - RaftServer{2}{role=FOLLOWER} - Sending AppendResponse{status=OK, term=1, succeeded=true, lastLogIndex=1}
21:46:28.637 [raft-server-3] TRACE i.a.p.raft.roles.LeaderAppender - RaftServer{3} - Sending AppendRequest{term=1, leader=3, prevLogIndex=1, prevLogTerm=1, entries=0, commitIndex=1} to 1
21:46:28.637 [raft-server-3] TRACE i.a.p.raft.roles.LeaderAppender - RaftServer{3} - Received AppendResponse{status=OK, term=1, succeeded=true, lastLogIndex=1} from 2
21:46:28.637 [raft-server-1] TRACE i.a.p.raft.roles.FollowerRole - RaftServer{1}{role=FOLLOWER} - Received AppendRequest{term=1, leader=3, prevLogIndex=1, prevLogTerm=1, entries=0, commitIndex=1}
21:46:28.638 [raft-server-1] TRACE i.a.p.raft.roles.FollowerRole - RaftServer{1}{role=FOLLOWER} - Sending AppendResponse{status=OK, term=1, succeeded=true, lastLogIndex=1}
21:46:28.638 [raft-server-3] TRACE i.a.p.raft.roles.LeaderAppender - RaftServer{3} - Received AppendResponse{status=OK, term=1, succeeded=true, lastLogIndex=1} from 1
21:46:28.679 [raft-server-1] TRACE i.a.p.r.c.impl.RaftClusterContext - RaftServer{1} - Cancelling join timeout
21:46:28.679 [raft-server-1] DEBUG i.a.p.r.c.impl.RaftClusterContext - RaftServer{1} - Attempting to join via 2
21:46:28.680 [raft-server-2] TRACE i.a.p.raft.roles.FollowerRole - RaftServer{2}{role=FOLLOWER} - Received JoinRequest{member=DefaultRaftMember{id=1, type=ACTIVE, updated=2018-06-05T19:46:27.151Z}}
21:46:28.680 [raft-server-3] TRACE i.a.protocols.raft.roles.LeaderRole - RaftServer{3}{role=LEADER} - Received JoinRequest{member=DefaultRaftMember{id=1, type=ACTIVE, updated=2018-06-05T19:46:27.151Z}}
21:46:28.680 [raft-server-3] TRACE i.a.protocols.raft.roles.LeaderRole - RaftServer{3}{role=LEADER} - Sending JoinResponse{status=OK, index=0, term=0, timestamp=1528227987268, members=[DefaultRaftMember{id=2, type=ACTIVE, updated=2018-06-05T19:46:27.268Z}, DefaultRaftMember{id=1, type=ACTIVE, updated=2018-06-05T19:46:27.268Z}, DefaultRaftMember{id=3, type=ACTIVE, updated=2018-06-05T19:46:27.268Z}]}
21:46:28.680 [raft-server-2] TRACE i.a.p.raft.roles.FollowerRole - RaftServer{2}{role=FOLLOWER} - Sending JoinResponse{status=OK, index=0, term=0, timestamp=1528227987268, members=[DefaultRaftMember{id=2, type=ACTIVE, updated=2018-06-05T19:46:27.268Z}, DefaultRaftMember{id=1, type=ACTIVE, updated=2018-06-05T19:46:27.268Z}, DefaultRaftMember{id=3, type=ACTIVE, updated=2018-06-05T19:46:27.268Z}]}
21:46:28.680 [raft-server-1] TRACE i.a.p.r.c.impl.RaftClusterContext - RaftServer{1} - Cancelling join timeout
21:46:28.680 [raft-server-1] INFO  i.a.p.r.c.impl.RaftClusterContext - RaftServer{1} - Successfully joined via 2
21:46:28.680 [raft-server-1] INFO  i.a.p.raft.impl.DefaultRaftServer - RaftServer{1} - Server started successfully!
21:46:28.738 [raft-server-2] TRACE i.a.p.r.c.impl.RaftClusterContext - RaftServer{2} - Cancelling join timeout
21:46:28.738 [raft-server-2] DEBUG i.a.p.r.c.impl.RaftClusterContext - RaftServer{2} - Attempting to join via 1
21:46:28.738 [raft-server-1] TRACE i.a.p.raft.roles.FollowerRole - RaftServer{1}{role=FOLLOWER} - Received JoinRequest{member=DefaultRaftMember{id=2, type=ACTIVE, updated=2018-06-05T19:46:27.209Z}}
21:46:28.738 [raft-server-3] TRACE i.a.protocols.raft.roles.LeaderRole - RaftServer{3}{role=LEADER} - Received JoinRequest{member=DefaultRaftMember{id=2, type=ACTIVE, updated=2018-06-05T19:46:27.209Z}}
21:46:28.738 [raft-server-3] TRACE i.a.protocols.raft.roles.LeaderRole - RaftServer{3}{role=LEADER} - Sending JoinResponse{status=OK, index=0, term=0, timestamp=1528227987268, members=[DefaultRaftMember{id=2, type=ACTIVE, updated=2018-06-05T19:46:27.268Z}, DefaultRaftMember{id=1, type=ACTIVE, updated=2018-06-05T19:46:27.268Z}, DefaultRaftMember{id=3, type=ACTIVE, updated=2018-06-05T19:46:27.268Z}]}
21:46:28.738 [raft-server-1] TRACE i.a.p.raft.roles.FollowerRole - RaftServer{1}{role=FOLLOWER} - Sending JoinResponse{status=OK, index=0, term=0, timestamp=1528227987268, members=[DefaultRaftMember{id=2, type=ACTIVE, updated=2018-06-05T19:46:27.268Z}, DefaultRaftMember{id=1, type=ACTIVE, updated=2018-06-05T19:46:27.268Z}, DefaultRaftMember{id=3, type=ACTIVE, updated=2018-06-05T19:46:27.268Z}]}
21:46:28.738 [raft-server-2] TRACE i.a.p.r.c.impl.RaftClusterContext - RaftServer{2} - Cancelling join timeout
21:46:28.738 [raft-server-2] INFO  i.a.p.r.c.impl.RaftClusterContext - RaftServer{2} - Successfully joined via 1
21:46:28.739 [raft-server-2] INFO  i.a.p.raft.impl.DefaultRaftServer - RaftServer{2} - Server started successfully!
21:46:28.797 [raft-server-3] TRACE i.a.p.r.c.impl.RaftClusterContext - RaftServer{3} - Cancelling join timeout
21:46:28.797 [raft-server-3] DEBUG i.a.p.r.c.impl.RaftClusterContext - RaftServer{3} - Attempting to join via 2
21:46:28.797 [raft-server-2] TRACE i.a.p.raft.roles.FollowerRole - RaftServer{2}{role=FOLLOWER} - Received JoinRequest{member=DefaultRaftMember{id=3, type=ACTIVE, updated=2018-06-05T19:46:27.268Z}}
21:46:28.797 [raft-server-3] TRACE i.a.protocols.raft.roles.LeaderRole - RaftServer{3}{role=LEADER} - Received JoinRequest{member=DefaultRaftMember{id=3, type=ACTIVE, updated=2018-06-05T19:46:27.268Z}}
21:46:28.797 [raft-server-3] TRACE i.a.protocols.raft.roles.LeaderRole - RaftServer{3}{role=LEADER} - Sending JoinResponse{status=OK, index=0, term=0, timestamp=1528227987268, members=[DefaultRaftMember{id=2, type=ACTIVE, updated=2018-06-05T19:46:27.268Z}, DefaultRaftMember{id=1, type=ACTIVE, updated=2018-06-05T19:46:27.268Z}, DefaultRaftMember{id=3, type=ACTIVE, updated=2018-06-05T19:46:27.268Z}]}
21:46:28.797 [raft-server-2] TRACE i.a.p.raft.roles.FollowerRole - RaftServer{2}{role=FOLLOWER} - Sending JoinResponse{status=OK, index=0, term=0, timestamp=1528227987268, members=[DefaultRaftMember{id=2, type=ACTIVE, updated=2018-06-05T19:46:27.268Z}, DefaultRaftMember{id=1, type=ACTIVE, updated=2018-06-05T19:46:27.268Z}, DefaultRaftMember{id=3, type=ACTIVE, updated=2018-06-05T19:46:27.268Z}]}
21:46:28.797 [raft-server-3] TRACE i.a.p.r.c.impl.RaftClusterContext - RaftServer{3} - Cancelling join timeout
21:46:28.797 [raft-server-3] INFO  i.a.p.r.c.impl.RaftClusterContext - RaftServer{3} - Successfully joined via 2
21:46:28.797 [raft-server-3] INFO  i.a.p.raft.impl.DefaultRaftServer - RaftServer{3} - Server started successfully!
21:46:28.798 [main] DEBUG i.a.p.p.i.RecoveringPartitionProxy - PartitionProxy{2f4c8c2a-86e3-4c0e-9770-cf34b8eb1c33} - Opening proxy session
21:46:28.798 [main] DEBUG i.a.p.r.proxy.impl.RaftProxyManager - RaftClient{2f4c8c2a-86e3-4c0e-9770-cf34b8eb1c33} - Opening session; name: test, type: PrimitiveType{name=test}
21:46:28.798 [raft-client-2f4c8c2a-86e3-4c0e-9770-cf34b8eb1c33-0] TRACE i.a.p.r.p.impl.RaftProxyConnection - RaftClient{2f4c8c2a-86e3-4c0e-9770-cf34b8eb1c33} - Sending OpenSessionRequest{node=4, serviceName=test, serviceType=test, readConsistency=LINEARIZABLE, minTimeout=250, maxTimeout=5000} to 3
21:46:28.798 [raft-server-3] TRACE i.a.protocols.raft.roles.LeaderRole - RaftServer{3}{role=LEADER} - Received OpenSessionRequest{node=4, serviceName=test, serviceType=test, readConsistency=LINEARIZABLE, minTimeout=250, maxTimeout=5000}
21:46:28.799 [raft-server-3] TRACE i.a.protocols.raft.roles.LeaderRole - RaftServer{3}{role=LEADER} - Appended Indexed{index=2, entry=OpenSessionEntry{term=1, timestamp=2018-06-05 09:46:28,798, node=4, serviceName=test, serviceType=test, serviceConfig=byte[]{length=2, hash=2636}, readConsistency=LINEARIZABLE, minTimeout=250, maxTimeout=5000}}
21:46:28.799 [raft-server-3] TRACE i.a.p.raft.roles.LeaderAppender - RaftServer{3} - Sending AppendRequest{term=1, leader=3, prevLogIndex=1, prevLogTerm=1, entries=1, commitIndex=1} to 2
21:46:28.799 [raft-server-2] TRACE i.a.p.raft.roles.FollowerRole - RaftServer{2}{role=FOLLOWER} - Received AppendRequest{term=1, leader=3, prevLogIndex=1, prevLogTerm=1, entries=1, commitIndex=1}
21:46:28.799 [raft-server-3] TRACE i.a.p.raft.roles.LeaderAppender - RaftServer{3} - Sending AppendRequest{term=1, leader=3, prevLogIndex=1, prevLogTerm=1, entries=1, commitIndex=1} to 1
21:46:28.799 [raft-server-2] TRACE i.a.p.raft.roles.FollowerRole - RaftServer{2}{role=FOLLOWER} - Appended Indexed{index=2, entry=OpenSessionEntry{term=1, timestamp=2018-06-05 09:46:28,798, node=4, serviceName=test, serviceType=test, serviceConfig=byte[]{length=2, hash=2636}, readConsistency=LINEARIZABLE, minTimeout=250, maxTimeout=5000}}
21:46:28.799 [raft-server-1] TRACE i.a.p.raft.roles.FollowerRole - RaftServer{1}{role=FOLLOWER} - Received AppendRequest{term=1, leader=3, prevLogIndex=1, prevLogTerm=1, entries=1, commitIndex=1}
21:46:28.799 [raft-server-2] TRACE i.a.p.raft.roles.FollowerRole - RaftServer{2}{role=FOLLOWER} - Sending AppendResponse{status=OK, term=1, succeeded=true, lastLogIndex=2}
21:46:28.799 [raft-server-3] TRACE i.a.p.raft.roles.LeaderAppender - RaftServer{3} - Received AppendResponse{status=OK, term=1, succeeded=true, lastLogIndex=2} from 2
21:46:28.799 [raft-server-3] TRACE i.a.p.raft.roles.LeaderAppender - RaftServer{3} - Committed entries up to 2
21:46:28.799 [raft-server-1] TRACE i.a.p.raft.roles.FollowerRole - RaftServer{1}{role=FOLLOWER} - Appended Indexed{index=2, entry=OpenSessionEntry{term=1, timestamp=2018-06-05 09:46:28,798, node=4, serviceName=test, serviceType=test, serviceConfig=byte[]{length=2, hash=2636}, readConsistency=LINEARIZABLE, minTimeout=250, maxTimeout=5000}}
21:46:28.799 [raft-server-1] TRACE i.a.p.raft.roles.FollowerRole - RaftServer{1}{role=FOLLOWER} - Sending AppendResponse{status=OK, term=1, succeeded=true, lastLogIndex=2}
21:46:28.834 [raft-server-3] TRACE i.a.p.raft.roles.LeaderAppender - RaftServer{3} - Received AppendResponse{status=OK, term=1, succeeded=true, lastLogIndex=2} from 1
21:46:28.834 [raft-server-3-state] TRACE i.a.p.raft.impl.RaftServiceManager - RaftServer{3} - Applying Indexed{index=2, entry=OpenSessionEntry{term=1, timestamp=2018-06-05 09:46:28,798, node=4, serviceName=test, serviceType=test, serviceConfig=byte[]{length=2, hash=2636}, readConsistency=LINEARIZABLE, minTimeout=250, maxTimeout=5000}}
21:46:28.834 [raft-server-3-state] DEBUG i.a.p.s.impl.DefaultServiceExecutor - PrimitiveService{2}{type=PrimitiveType{name=test}, name=test} - Registered operation callback DefaultOperationId{id=sendEvent, type=COMMAND}
21:46:28.834 [raft-server-3-state] DEBUG i.a.p.s.impl.DefaultServiceExecutor - PrimitiveService{2}{type=PrimitiveType{name=test}, name=test} - Registered operation callback DefaultOperationId{id=onClose, type=COMMAND}
21:46:28.834 [raft-server-3-state] DEBUG i.a.p.s.impl.DefaultServiceExecutor - PrimitiveService{2}{type=PrimitiveType{name=test}, name=test} - Registered operation callback DefaultOperationId{id=read, type=QUERY}
21:46:28.834 [raft-server-3-state] DEBUG i.a.p.s.impl.DefaultServiceExecutor - PrimitiveService{2}{type=PrimitiveType{name=test}, name=test} - Registered operation callback DefaultOperationId{id=onExpire, type=COMMAND}
21:46:28.834 [raft-server-3-state] DEBUG i.a.p.s.impl.DefaultServiceExecutor - PrimitiveService{2}{type=PrimitiveType{name=test}, name=test} - Registered operation callback DefaultOperationId{id=write, type=COMMAND}
21:46:28.834 [raft-server-3-state] DEBUG i.a.p.r.service.RaftServiceContext - PrimitiveService{2}{type=PrimitiveType{name=test}, name=test} - Opening session 2
21:46:28.834 [raft-server-3-state] DEBUG i.a.p.raft.session.RaftSession - PrimitiveSession{2}{type=PrimitiveType{name=test}, name=test} - State changed: OPEN
21:46:28.835 [raft-server-3-state] TRACE i.a.protocols.raft.roles.LeaderRole - RaftServer{3}{role=LEADER} - Sending OpenSessionResponse{status=OK, session=2, timeout=5000}
21:46:28.835 [raft-client-2f4c8c2a-86e3-4c0e-9770-cf34b8eb1c33-1] TRACE i.a.p.r.p.impl.RaftProxyConnection - RaftClient{2f4c8c2a-86e3-4c0e-9770-cf34b8eb1c33} - Received OpenSessionResponse{status=OK, session=2, timeout=5000} from 3
21:46:28.835 [raft-client-2f4c8c2a-86e3-4c0e-9770-cf34b8eb1c33-0] TRACE i.a.p.r.proxy.impl.RaftProxyManager - RaftClient{2f4c8c2a-86e3-4c0e-9770-cf34b8eb1c33} - Keeping 1 sessions alive
21:46:28.835 [raft-client-2f4c8c2a-86e3-4c0e-9770-cf34b8eb1c33-2] TRACE i.a.p.r.p.impl.RaftProxyConnection - RaftClient{2f4c8c2a-86e3-4c0e-9770-cf34b8eb1c33} - Sending KeepAliveRequest{sessionIds=long[]{length=1, hash=33}, commandSequences=long[]{length=1, hash=31}, eventIndexes=long[]{length=1, hash=33}} to 3
21:46:28.836 [raft-client-2f4c8c2a-86e3-4c0e-9770-cf34b8eb1c33-0] DEBUG i.a.p.p.i.RecoveringPartitionProxy - PartitionProxy{2}{type=PrimitiveType{name=test}, name=test} - State changed: CONNECTED
21:46:28.836 [raft-server-3] TRACE i.a.protocols.raft.roles.LeaderRole - RaftServer{3}{role=LEADER} - Received KeepAliveRequest{sessionIds=long[]{length=1, hash=33}, commandSequences=long[]{length=1, hash=31}, eventIndexes=long[]{length=1, hash=33}}
21:46:28.836 [raft-server-3] TRACE i.a.protocols.raft.roles.LeaderRole - RaftServer{3}{role=LEADER} - Appended Indexed{index=3, entry=KeepAliveEntry{term=1, timestamp=2018-06-05 09:46:28,836, sessionIds=long[]{length=1, hash=33}, commandSequences=long[]{length=1, hash=31}, eventIndexes=long[]{length=1, hash=33}}}
21:46:28.836 [raft-server-3] TRACE i.a.p.raft.roles.LeaderAppender - RaftServer{3} - Sending AppendRequest{term=1, leader=3, prevLogIndex=2, prevLogTerm=1, entries=1, commitIndex=2} to 2
21:46:28.836 [raft-server-3] TRACE i.a.p.raft.roles.LeaderAppender - RaftServer{3} - Sending AppendRequest{term=1, leader=3, prevLogIndex=2, prevLogTerm=1, entries=1, commitIndex=2} to 1
21:46:28.836 [raft-server-1] TRACE i.a.p.raft.roles.FollowerRole - RaftServer{1}{role=FOLLOWER} - Received AppendRequest{term=1, leader=3, prevLogIndex=2, prevLogTerm=1, entries=1, commitIndex=2}
21:46:28.836 [raft-server-1] TRACE i.a.p.raft.roles.FollowerRole - RaftServer{1}{role=FOLLOWER} - Appended Indexed{index=3, entry=KeepAliveEntry{term=1, timestamp=2018-06-05 09:46:28,836, sessionIds=long[]{length=1, hash=33}, commandSequences=long[]{length=1, hash=31}, eventIndexes=long[]{length=1, hash=33}}}
21:46:28.837 [raft-server-2] TRACE i.a.p.raft.roles.FollowerRole - RaftServer{2}{role=FOLLOWER} - Received AppendRequest{term=1, leader=3, prevLogIndex=2, prevLogTerm=1, entries=1, commitIndex=2}
21:46:28.837 [raft-server-2] TRACE i.a.p.raft.roles.FollowerRole - RaftServer{2}{role=FOLLOWER} - Appended Indexed{index=3, entry=KeepAliveEntry{term=1, timestamp=2018-06-05 09:46:28,836, sessionIds=long[]{length=1, hash=33}, commandSequences=long[]{length=1, hash=31}, eventIndexes=long[]{length=1, hash=33}}}
21:46:28.838 [raft-client-2f4c8c2a-86e3-4c0e-9770-cf34b8eb1c33-4] TRACE i.a.p.r.p.impl.RaftProxyConnection - PartitionProxy{2}{type=PrimitiveType{name=test}, name=test} - Sending CommandRequest{session=2, sequence=1, operation=PrimitiveOperation{id=DefaultOperationId{id=write, type=COMMAND}, value=byte[]{length=17, hash=-1644578928}}} to 2
21:46:28.870 [raft-server-1] TRACE i.a.p.raft.roles.FollowerRole - RaftServer{1}{role=FOLLOWER} - Committed entries up to index 2
21:46:28.870 [raft-server-1] TRACE i.a.p.raft.roles.FollowerRole - RaftServer{1}{role=FOLLOWER} - Sending AppendResponse{status=OK, term=1, succeeded=true, lastLogIndex=3}
21:46:28.870 [raft-server-3] TRACE i.a.p.raft.roles.LeaderAppender - RaftServer{3} - Received AppendResponse{status=OK, term=1, succeeded=true, lastLogIndex=3} from 1
21:46:28.870 [raft-server-3] TRACE i.a.p.raft.roles.LeaderAppender - RaftServer{3} - Committed entries up to 3
21:46:28.870 [raft-server-1-state] TRACE i.a.p.raft.impl.RaftServiceManager - RaftServer{1} - Applying Indexed{index=2, entry=OpenSessionEntry{term=1, timestamp=2018-06-05 09:46:28,798, node=4, serviceName=test, serviceType=test, serviceConfig=byte[]{length=2, hash=2636}, readConsistency=LINEARIZABLE, minTimeout=250, maxTimeout=5000}}
21:46:28.870 [raft-server-1-state] DEBUG i.a.p.s.impl.DefaultServiceExecutor - PrimitiveService{2}{type=PrimitiveType{name=test}, name=test} - Registered operation callback DefaultOperationId{id=sendEvent, type=COMMAND}
21:46:28.870 [raft-server-1-state] DEBUG i.a.p.s.impl.DefaultServiceExecutor - PrimitiveService{2}{type=PrimitiveType{name=test}, name=test} - Registered operation callback DefaultOperationId{id=onClose, type=COMMAND}
21:46:28.870 [raft-server-1-state] DEBUG i.a.p.s.impl.DefaultServiceExecutor - PrimitiveService{2}{type=PrimitiveType{name=test}, name=test} - Registered operation callback DefaultOperationId{id=read, type=QUERY}
21:46:28.870 [raft-server-1-state] DEBUG i.a.p.s.impl.DefaultServiceExecutor - PrimitiveService{2}{type=PrimitiveType{name=test}, name=test} - Registered operation callback DefaultOperationId{id=onExpire, type=COMMAND}
21:46:28.870 [raft-server-1-state] DEBUG i.a.p.s.impl.DefaultServiceExecutor - PrimitiveService{2}{type=PrimitiveType{name=test}, name=test} - Registered operation callback DefaultOperationId{id=write, type=COMMAND}
21:46:28.871 [raft-server-1-state] DEBUG i.a.p.r.service.RaftServiceContext - PrimitiveService{2}{type=PrimitiveType{name=test}, name=test} - Opening session 2
21:46:28.871 [raft-server-1-state] DEBUG i.a.p.raft.session.RaftSession - PrimitiveSession{2}{type=PrimitiveType{name=test}, name=test} - State changed: OPEN
21:46:28.903 [raft-server-2] TRACE i.a.p.raft.roles.FollowerRole - RaftServer{2}{role=FOLLOWER} - Committed entries up to index 2
21:46:28.903 [raft-server-2] TRACE i.a.p.raft.roles.FollowerRole - RaftServer{2}{role=FOLLOWER} - Sending AppendResponse{status=OK, term=1, succeeded=true, lastLogIndex=3}
21:46:28.903 [raft-server-2] TRACE i.a.p.raft.roles.FollowerRole - RaftServer{2}{role=FOLLOWER} - Received CommandRequest{session=2, sequence=1, operation=PrimitiveOperation{id=DefaultOperationId{id=write, type=COMMAND}, value=byte[]{length=17, hash=-1644578928}}}
21:46:28.903 [raft-server-2-state] TRACE i.a.p.raft.impl.RaftServiceManager - RaftServer{2} - Applying Indexed{index=2, entry=OpenSessionEntry{term=1, timestamp=2018-06-05 09:46:28,798, node=4, serviceName=test, serviceType=test, serviceConfig=byte[]{length=2, hash=2636}, readConsistency=LINEARIZABLE, minTimeout=250, maxTimeout=5000}}
21:46:28.904 [raft-server-2-state] DEBUG i.a.p.s.impl.DefaultServiceExecutor - PrimitiveService{2}{type=PrimitiveType{name=test}, name=test} - Registered operation callback DefaultOperationId{id=sendEvent, type=COMMAND}
21:46:28.904 [raft-server-2-state] DEBUG i.a.p.s.impl.DefaultServiceExecutor - PrimitiveService{2}{type=PrimitiveType{name=test}, name=test} - Registered operation callback DefaultOperationId{id=onClose, type=COMMAND}
21:46:28.904 [raft-server-2-state] DEBUG i.a.p.s.impl.DefaultServiceExecutor - PrimitiveService{2}{type=PrimitiveType{name=test}, name=test} - Registered operation callback DefaultOperationId{id=read, type=QUERY}
21:46:28.904 [raft-server-2-state] DEBUG i.a.p.s.impl.DefaultServiceExecutor - PrimitiveService{2}{type=PrimitiveType{name=test}, name=test} - Registered operation callback DefaultOperationId{id=onExpire, type=COMMAND}
21:46:28.904 [raft-server-2-state] DEBUG i.a.p.s.impl.DefaultServiceExecutor - PrimitiveService{2}{type=PrimitiveType{name=test}, name=test} - Registered operation callback DefaultOperationId{id=write, type=COMMAND}
21:46:28.904 [raft-server-2-state] DEBUG i.a.p.r.service.RaftServiceContext - PrimitiveService{2}{type=PrimitiveType{name=test}, name=test} - Opening session 2
21:46:28.904 [raft-server-2-state] DEBUG i.a.p.raft.session.RaftSession - PrimitiveSession{2}{type=PrimitiveType{name=test}, name=test} - State changed: OPEN
21:46:28.928 [raft-server-3] TRACE i.a.p.raft.roles.LeaderAppender - RaftServer{3} - Sending AppendRequest{term=1, leader=3, prevLogIndex=3, prevLogTerm=1, entries=0, commitIndex=3} to 1
21:46:28.928 [raft-server-3] TRACE i.a.p.raft.roles.LeaderAppender - RaftServer{3} - Received AppendResponse{status=OK, term=1, succeeded=true, lastLogIndex=3} from 2
21:46:28.928 [raft-server-3] TRACE i.a.p.raft.roles.LeaderAppender - RaftServer{3} - Sending AppendRequest{term=1, leader=3, prevLogIndex=3, prevLogTerm=1, entries=0, commitIndex=3} to 2
21:46:28.929 [raft-server-3] TRACE i.a.protocols.raft.roles.LeaderRole - RaftServer{3}{role=LEADER} - Received CommandRequest{session=2, sequence=1, operation=PrimitiveOperation{id=DefaultOperationId{id=write, type=COMMAND}, value=byte[]{length=17, hash=-1644578928}}}
21:46:28.929 [raft-server-3] TRACE i.a.protocols.raft.roles.LeaderRole - RaftServer{3}{role=LEADER} - Appended Indexed{index=4, entry=CommandEntry{term=1, timestamp=2018-06-05 09:46:28,929, session=2, sequence=1, operation=PrimitiveOperation{id=DefaultOperationId{id=write, type=COMMAND}, value=byte[]{length=17, hash=-1644578928}}}}
21:46:28.929 [raft-server-1] TRACE i.a.p.raft.roles.FollowerRole - RaftServer{1}{role=FOLLOWER} - Received AppendRequest{term=1, leader=3, prevLogIndex=3, prevLogTerm=1, entries=0, commitIndex=3}
21:46:28.929 [raft-server-3-state] TRACE i.a.p.raft.impl.RaftServiceManager - RaftServer{3} - Applying Indexed{index=3, entry=KeepAliveEntry{term=1, timestamp=2018-06-05 09:46:28,836, sessionIds=long[]{length=1, hash=33}, commandSequences=long[]{length=1, hash=31}, eventIndexes=long[]{length=1, hash=33}}}
21:46:28.929 [raft-server-2] TRACE i.a.p.raft.roles.FollowerRole - RaftServer{2}{role=FOLLOWER} - Received AppendRequest{term=1, leader=3, prevLogIndex=3, prevLogTerm=1, entries=0, commitIndex=3}
21:46:28.929 [raft-server-3] TRACE i.a.protocols.raft.roles.LeaderRole - RaftServer{3}{role=LEADER} - Sending KeepAliveResponse{status=OK, leader=3, members=[2, 1, 3], sessionIds=long[]{length=1, hash=33}}
21:46:28.929 [raft-client-2f4c8c2a-86e3-4c0e-9770-cf34b8eb1c33-2] TRACE i.a.p.r.p.impl.RaftProxyConnection - RaftClient{2f4c8c2a-86e3-4c0e-9770-cf34b8eb1c33} - Received KeepAliveResponse{status=OK, leader=3, members=[2, 1, 3], sessionIds=long[]{length=1, hash=33}} from 3
21:46:28.930 [raft-client-2f4c8c2a-86e3-4c0e-9770-cf34b8eb1c33-0] TRACE i.a.p.r.p.impl.RaftProxyConnection - PartitionProxy{2}{type=PrimitiveType{name=test}, name=test} - Sending CommandRequest{session=2, sequence=1, operation=PrimitiveOperation{id=DefaultOperationId{id=write, type=COMMAND}, value=byte[]{length=17, hash=-1644578928}}} to 2
21:46:28.959 [raft-server-1] TRACE i.a.p.raft.roles.FollowerRole - RaftServer{1}{role=FOLLOWER} - Committed entries up to index 3
21:46:28.959 [raft-server-1] TRACE i.a.p.raft.roles.FollowerRole - RaftServer{1}{role=FOLLOWER} - Sending AppendResponse{status=OK, term=1, succeeded=true, lastLogIndex=3}
21:46:28.959 [raft-server-3] TRACE i.a.p.raft.roles.LeaderAppender - RaftServer{3} - Received AppendResponse{status=OK, term=1, succeeded=true, lastLogIndex=3} from 1
21:46:28.959 [raft-server-3] TRACE i.a.p.raft.roles.LeaderAppender - RaftServer{3} - Sending AppendRequest{term=1, leader=3, prevLogIndex=3, prevLogTerm=1, entries=1, commitIndex=3} to 1
21:46:28.959 [raft-server-1-state] TRACE i.a.p.raft.impl.RaftServiceManager - RaftServer{1} - Applying Indexed{index=3, entry=KeepAliveEntry{term=1, timestamp=2018-06-05 09:46:28,836, sessionIds=long[]{length=1, hash=33}, commandSequences=long[]{length=1, hash=31}, eventIndexes=long[]{length=1, hash=33}}}
21:46:28.959 [raft-server-1] TRACE i.a.p.raft.roles.FollowerRole - RaftServer{1}{role=FOLLOWER} - Received AppendRequest{term=1, leader=3, prevLogIndex=3, prevLogTerm=1, entries=1, commitIndex=3}
21:46:28.959 [raft-server-1] TRACE i.a.p.raft.roles.FollowerRole - RaftServer{1}{role=FOLLOWER} - Appended Indexed{index=4, entry=CommandEntry{term=1, timestamp=2018-06-05 09:46:28,929, session=2, sequence=1, operation=PrimitiveOperation{id=DefaultOperationId{id=write, type=COMMAND}, value=byte[]{length=17, hash=-1644578928}}}}
21:46:28.959 [raft-server-1] TRACE i.a.p.raft.roles.FollowerRole - RaftServer{1}{role=FOLLOWER} - Sending AppendResponse{status=OK, term=1, succeeded=true, lastLogIndex=4}
21:46:28.959 [raft-server-3] TRACE i.a.p.raft.roles.LeaderAppender - RaftServer{3} - Received AppendResponse{status=OK, term=1, succeeded=true, lastLogIndex=4} from 1
21:46:28.959 [raft-server-3] TRACE i.a.p.raft.roles.LeaderAppender - RaftServer{3} - Committed entries up to 4
21:46:28.991 [raft-server-2] TRACE i.a.p.raft.roles.FollowerRole - RaftServer{2}{role=FOLLOWER} - Committed entries up to index 3
21:46:28.992 [raft-server-2] TRACE i.a.p.raft.roles.FollowerRole - RaftServer{2}{role=FOLLOWER} - Sending AppendResponse{status=OK, term=1, succeeded=true, lastLogIndex=3}
21:46:28.992 [raft-server-2] TRACE i.a.p.raft.roles.FollowerRole - RaftServer{2}{role=FOLLOWER} - Received CommandRequest{session=2, sequence=1, operation=PrimitiveOperation{id=DefaultOperationId{id=write, type=COMMAND}, value=byte[]{length=17, hash=-1644578928}}}
21:46:28.992 [raft-server-2-state] TRACE i.a.p.raft.impl.RaftServiceManager - RaftServer{2} - Applying Indexed{index=3, entry=KeepAliveEntry{term=1, timestamp=2018-06-05 09:46:28,836, sessionIds=long[]{length=1, hash=33}, commandSequences=long[]{length=1, hash=31}, eventIndexes=long[]{length=1, hash=33}}}
21:46:29.020 [raft-server-3] TRACE i.a.p.raft.roles.LeaderAppender - RaftServer{3} - Received AppendResponse{status=OK, term=1, succeeded=true, lastLogIndex=3} from 2
21:46:29.020 [raft-server-3] TRACE i.a.p.raft.roles.LeaderAppender - RaftServer{3} - Sending AppendRequest{term=1, leader=3, prevLogIndex=3, prevLogTerm=1, entries=1, commitIndex=4} to 2
21:46:29.020 [raft-server-2] TRACE i.a.p.raft.roles.FollowerRole - RaftServer{2}{role=FOLLOWER} - Received AppendRequest{term=1, leader=3, prevLogIndex=3, prevLogTerm=1, entries=1, commitIndex=4}
21:46:29.020 [raft-server-3] TRACE i.a.protocols.raft.roles.LeaderRole - RaftServer{3}{role=LEADER} - Received CommandRequest{session=2, sequence=1, operation=PrimitiveOperation{id=DefaultOperationId{id=write, type=COMMAND}, value=byte[]{length=17, hash=-1644578928}}}
21:46:29.020 [raft-server-2] TRACE i.a.p.raft.roles.FollowerRole - RaftServer{2}{role=FOLLOWER} - Appended Indexed{index=4, entry=CommandEntry{term=1, timestamp=2018-06-05 09:46:28,929, session=2, sequence=1, operation=PrimitiveOperation{id=DefaultOperationId{id=write, type=COMMAND}, value=byte[]{length=17, hash=-1644578928}}}}
21:46:29.020 [raft-server-3] TRACE i.a.protocols.raft.roles.LeaderRole - RaftServer{3}{role=LEADER} - Appended Indexed{index=5, entry=CommandEntry{term=1, timestamp=2018-06-05 09:46:29,020, session=2, sequence=1, operation=PrimitiveOperation{id=DefaultOperationId{id=write, type=COMMAND}, value=byte[]{length=17, hash=-1644578928}}}}
21:46:29.021 [raft-server-3] TRACE i.a.p.raft.roles.LeaderAppender - RaftServer{3} - Sending AppendRequest{term=1, leader=3, prevLogIndex=4, prevLogTerm=1, entries=1, commitIndex=4} to 1
21:46:29.021 [raft-server-3-state] TRACE i.a.p.raft.impl.RaftServiceManager - RaftServer{3} - Applying Indexed{index=4, entry=CommandEntry{term=1, timestamp=2018-06-05 09:46:28,929, session=2, sequence=1, operation=PrimitiveOperation{id=DefaultOperationId{id=write, type=COMMAND}, value=byte[]{length=17, hash=-1644578928}}}}
21:46:29.021 [raft-server-1] TRACE i.a.p.raft.roles.FollowerRole - RaftServer{1}{role=FOLLOWER} - Received AppendRequest{term=1, leader=3, prevLogIndex=4, prevLogTerm=1, entries=1, commitIndex=4}
21:46:29.021 [raft-server-3-state] TRACE i.a.p.s.impl.DefaultServiceExecutor - PrimitiveService{2}{type=PrimitiveType{name=test}, name=test} - Executing DefaultCommit{index=4, session=RaftSession{RaftServiceContext{server=3, type=PrimitiveType{name=test}, name=test, id=2}, session=2, timestamp=2018-06-05 09:46:28,929}, time=2018-06-05 09:46:28,929, operation=DefaultOperationId{id=write, type=COMMAND}, value=byte[]{length=17, hash=-1644578928}}
21:46:29.021 [raft-server-1] TRACE i.a.p.raft.roles.FollowerRole - RaftServer{1}{role=FOLLOWER} - Appended Indexed{index=5, entry=CommandEntry{term=1, timestamp=2018-06-05 09:46:29,020, session=2, sequence=1, operation=PrimitiveOperation{id=DefaultOperationId{id=write, type=COMMAND}, value=byte[]{length=17, hash=-1644578928}}}}
21:46:29.021 [raft-server-3-state] TRACE i.a.protocols.raft.roles.LeaderRole - RaftServer{3}{role=LEADER} - Sending CommandResponse{status=OK, index=4, eventIndex=2, result=byte[]{length=2, hash=1248}}
21:46:29.062 [raft-server-2] TRACE i.a.p.raft.roles.FollowerRole - RaftServer{2}{role=FOLLOWER} - Committed entries up to index 4
21:46:29.062 [raft-server-2] TRACE i.a.p.raft.roles.FollowerRole - RaftServer{2}{role=FOLLOWER} - Sending AppendResponse{status=OK, term=1, succeeded=true, lastLogIndex=4}
21:46:29.062 [raft-server-2] TRACE i.a.p.raft.roles.FollowerRole - RaftServer{2}{role=FOLLOWER} - Sending CommandResponse{status=OK, index=4, eventIndex=2, result=byte[]{length=2, hash=1248}}
21:46:29.062 [raft-server-3] TRACE i.a.p.raft.roles.LeaderAppender - RaftServer{3} - Received AppendResponse{status=OK, term=1, succeeded=true, lastLogIndex=4} from 2
21:46:29.062 [raft-client-2f4c8c2a-86e3-4c0e-9770-cf34b8eb1c33-5] TRACE i.a.p.r.p.impl.RaftProxyConnection - PartitionProxy{2}{type=PrimitiveType{name=test}, name=test} - Received CommandResponse{status=OK, index=4, eventIndex=2, result=byte[]{length=2, hash=1248}} from 2
21:46:29.062 [raft-server-2-state] TRACE i.a.p.raft.impl.RaftServiceManager - RaftServer{2} - Applying Indexed{index=4, entry=CommandEntry{term=1, timestamp=2018-06-05 09:46:28,929, session=2, sequence=1, operation=PrimitiveOperation{id=DefaultOperationId{id=write, type=COMMAND}, value=byte[]{length=17, hash=-1644578928}}}}
21:46:29.062 [raft-client-2f4c8c2a-86e3-4c0e-9770-cf34b8eb1c33-5] TRACE i.a.p.r.p.impl.RaftProxySequencer - PartitionProxy{2}{type=PrimitiveType{name=test}, name=test} - Completing response CommandResponse{status=OK, index=4, eventIndex=2, result=byte[]{length=2, hash=1248}}
21:46:29.062 [raft-server-3] TRACE i.a.p.raft.roles.LeaderAppender - RaftServer{3} - Sending AppendRequest{term=1, leader=3, prevLogIndex=4, prevLogTerm=1, entries=1, commitIndex=4} to 2
21:46:29.062 [raft-server-2-state] TRACE i.a.p.s.impl.DefaultServiceExecutor - PrimitiveService{2}{type=PrimitiveType{name=test}, name=test} - Executing DefaultCommit{index=4, session=RaftSession{RaftServiceContext{server=2, type=PrimitiveType{name=test}, name=test, id=2}, session=2, timestamp=2018-06-05 09:46:28,929}, time=2018-06-05 09:46:28,929, operation=DefaultOperationId{id=write, type=COMMAND}, value=byte[]{length=17, hash=-1644578928}}
21:46:29.062 [raft-server-2] TRACE i.a.p.raft.roles.FollowerRole - RaftServer{2}{role=FOLLOWER} - Received AppendRequest{term=1, leader=3, prevLogIndex=4, prevLogTerm=1, entries=1, commitIndex=4}
21:46:29.062 [raft-server-2] TRACE i.a.p.raft.roles.FollowerRole - RaftServer{2}{role=FOLLOWER} - Appended Indexed{index=5, entry=CommandEntry{term=1, timestamp=2018-06-05 09:46:29,020, session=2, sequence=1, operation=PrimitiveOperation{id=DefaultOperationId{id=write, type=COMMAND}, value=byte[]{length=17, hash=-1644578928}}}}
21:46:29.062 [raft-server-2] TRACE i.a.p.raft.roles.FollowerRole - RaftServer{2}{role=FOLLOWER} - Sending AppendResponse{status=OK, term=1, succeeded=true, lastLogIndex=5}
21:46:29.062 [raft-server-3] TRACE i.a.p.raft.roles.LeaderAppender - RaftServer{3} - Received AppendResponse{status=OK, term=1, succeeded=true, lastLogIndex=5} from 2
21:46:29.063 [raft-server-3] TRACE i.a.p.raft.roles.LeaderAppender - RaftServer{3} - Committed entries up to 5
21:46:29.064 [raft-client-2f4c8c2a-86e3-4c0e-9770-cf34b8eb1c33-5] TRACE i.a.p.r.p.impl.RaftProxyConnection - PartitionProxy{2}{type=PrimitiveType{name=test}, name=test} - Sending CommandRequest{session=2, sequence=2, operation=PrimitiveOperation{id=DefaultOperationId{id=write, type=COMMAND}, value=byte[]{length=17, hash=-1644578928}}} to 2
21:46:29.064 [raft-server-2] TRACE i.a.p.raft.roles.FollowerRole - RaftServer{2}{role=FOLLOWER} - Received CommandRequest{session=2, sequence=2, operation=PrimitiveOperation{id=DefaultOperationId{id=write, type=COMMAND}, value=byte[]{length=17, hash=-1644578928}}}
21:46:29.087 [raft-server-1] TRACE i.a.p.raft.roles.FollowerRole - RaftServer{1}{role=FOLLOWER} - Committed entries up to index 4
21:46:29.087 [raft-server-1] TRACE i.a.p.raft.roles.FollowerRole - RaftServer{1}{role=FOLLOWER} - Sending AppendResponse{status=OK, term=1, succeeded=true, lastLogIndex=5}
21:46:29.087 [raft-server-1-state] TRACE i.a.p.raft.impl.RaftServiceManager - RaftServer{1} - Applying Indexed{index=4, entry=CommandEntry{term=1, timestamp=2018-06-05 09:46:28,929, session=2, sequence=1, operation=PrimitiveOperation{id=DefaultOperationId{id=write, type=COMMAND}, value=byte[]{length=17, hash=-1644578928}}}}
21:46:29.087 [raft-server-1-state] TRACE i.a.p.s.impl.DefaultServiceExecutor - PrimitiveService{2}{type=PrimitiveType{name=test}, name=test} - Executing DefaultCommit{index=4, session=RaftSession{RaftServiceContext{server=1, type=PrimitiveType{name=test}, name=test, id=2}, session=2, timestamp=2018-06-05 09:46:28,929}, time=2018-06-05 09:46:28,929, operation=DefaultOperationId{id=write, type=COMMAND}, value=byte[]{length=17, hash=-1644578928}}
21:46:29.112 [raft-server-3] TRACE i.a.protocols.raft.roles.LeaderRole - RaftServer{3}{role=LEADER} - Received CommandRequest{session=2, sequence=2, operation=PrimitiveOperation{id=DefaultOperationId{id=write, type=COMMAND}, value=byte[]{length=17, hash=-1644578928}}}
21:46:29.112 [raft-server-3] TRACE i.a.protocols.raft.roles.LeaderRole - RaftServer{3}{role=LEADER} - Appended Indexed{index=6, entry=CommandEntry{term=1, timestamp=2018-06-05 09:46:29,112, session=2, sequence=2, operation=PrimitiveOperation{id=DefaultOperationId{id=write, type=COMMAND}, value=byte[]{length=17, hash=-1644578928}}}}
21:46:29.112 [raft-server-3] TRACE i.a.p.raft.roles.LeaderAppender - RaftServer{3} - Received AppendResponse{status=OK, term=1, succeeded=true, lastLogIndex=5} from 1
21:46:29.112 [raft-server-3] TRACE i.a.p.raft.roles.LeaderAppender - RaftServer{3} - Sending AppendRequest{term=1, leader=3, prevLogIndex=5, prevLogTerm=1, entries=1, commitIndex=5} to 1
21:46:29.112 [raft-server-1] TRACE i.a.p.raft.roles.FollowerRole - RaftServer{1}{role=FOLLOWER} - Received AppendRequest{term=1, leader=3, prevLogIndex=5, prevLogTerm=1, entries=1, commitIndex=5}
21:46:29.112 [raft-server-3] TRACE i.a.p.raft.roles.LeaderAppender - RaftServer{3} - Sending AppendRequest{term=1, leader=3, prevLogIndex=5, prevLogTerm=1, entries=1, commitIndex=5} to 2
21:46:29.112 [raft-server-2] TRACE i.a.p.raft.roles.FollowerRole - RaftServer{2}{role=FOLLOWER} - Received AppendRequest{term=1, leader=3, prevLogIndex=5, prevLogTerm=1, entries=1, commitIndex=5}
21:46:29.112 [raft-server-1] TRACE i.a.p.raft.roles.FollowerRole - RaftServer{1}{role=FOLLOWER} - Appended Indexed{index=6, entry=CommandEntry{term=1, timestamp=2018-06-05 09:46:29,112, session=2, sequence=2, operation=PrimitiveOperation{id=DefaultOperationId{id=write, type=COMMAND}, value=byte[]{length=17, hash=-1644578928}}}}
21:46:29.112 [raft-server-3-state] TRACE i.a.p.raft.impl.RaftServiceManager - RaftServer{3} - Applying Indexed{index=5, entry=CommandEntry{term=1, timestamp=2018-06-05 09:46:29,020, session=2, sequence=1, operation=PrimitiveOperation{id=DefaultOperationId{id=write, type=COMMAND}, value=byte[]{length=17, hash=-1644578928}}}}
21:46:29.112 [raft-server-3-state] TRACE i.a.p.r.service.RaftServiceContext - PrimitiveService{2}{type=PrimitiveType{name=test}, name=test} - Returning cached result for command with sequence number 1 < 2
21:46:29.112 [raft-server-2] TRACE i.a.p.raft.roles.FollowerRole - RaftServer{2}{role=FOLLOWER} - Appended Indexed{index=6, entry=CommandEntry{term=1, timestamp=2018-06-05 09:46:29,112, session=2, sequence=2, operation=PrimitiveOperation{id=DefaultOperationId{id=write, type=COMMAND}, value=byte[]{length=17, hash=-1644578928}}}}
21:46:29.112 [raft-server-3-state] TRACE i.a.protocols.raft.roles.LeaderRole - RaftServer{3}{role=LEADER} - Sending CommandResponse{status=OK, index=4, eventIndex=2, result=byte[]{length=2, hash=1248}}
21:46:29.150 [raft-server-1] TRACE i.a.p.raft.roles.FollowerRole - RaftServer{1}{role=FOLLOWER} - Committed entries up to index 5
21:46:29.150 [raft-server-1] TRACE i.a.p.raft.roles.FollowerRole - RaftServer{1}{role=FOLLOWER} - Sending AppendResponse{status=OK, term=1, succeeded=true, lastLogIndex=6}
21:46:29.150 [raft-server-2] TRACE i.a.p.raft.roles.FollowerRole - RaftServer{2}{role=FOLLOWER} - Committed entries up to index 5
21:46:29.150 [raft-server-2] TRACE i.a.p.raft.roles.FollowerRole - RaftServer{2}{role=FOLLOWER} - Sending AppendResponse{status=OK, term=1, succeeded=true, lastLogIndex=6}
21:46:29.151 [raft-server-3] TRACE i.a.p.raft.roles.LeaderAppender - RaftServer{3} - Received AppendResponse{status=OK, term=1, succeeded=true, lastLogIndex=6} from 1
21:46:29.151 [raft-server-2] TRACE i.a.p.raft.roles.FollowerRole - RaftServer{2}{role=FOLLOWER} - Sending CommandResponse{status=OK, index=4, eventIndex=2, result=byte[]{length=2, hash=1248}}
21:46:29.150 [raft-server-1-state] TRACE i.a.p.raft.impl.RaftServiceManager - RaftServer{1} - Applying Indexed{index=5, entry=CommandEntry{term=1, timestamp=2018-06-05 09:46:29,020, session=2, sequence=1, operation=PrimitiveOperation{id=DefaultOperationId{id=write, type=COMMAND}, value=byte[]{length=17, hash=-1644578928}}}}
21:46:29.151 [raft-server-3] TRACE i.a.p.raft.roles.LeaderAppender - RaftServer{3} - Committed entries up to 6
21:46:29.151 [raft-client-2f4c8c2a-86e3-4c0e-9770-cf34b8eb1c33-0] TRACE i.a.p.r.p.impl.RaftProxyConnection - PartitionProxy{2}{type=PrimitiveType{name=test}, name=test} - Received CommandResponse{status=OK, index=4, eventIndex=2, result=byte[]{length=2, hash=1248}} from 2
21:46:29.151 [raft-server-1-state] TRACE i.a.p.r.service.RaftServiceContext - PrimitiveService{2}{type=PrimitiveType{name=test}, name=test} - Returning cached result for command with sequence number 1 < 2
21:46:29.151 [raft-server-2-state] TRACE i.a.p.raft.impl.RaftServiceManager - RaftServer{2} - Applying Indexed{index=5, entry=CommandEntry{term=1, timestamp=2018-06-05 09:46:29,020, session=2, sequence=1, operation=PrimitiveOperation{id=DefaultOperationId{id=write, type=COMMAND}, value=byte[]{length=17, hash=-1644578928}}}}
21:46:29.151 [raft-server-2-state] TRACE i.a.p.r.service.RaftServiceContext - PrimitiveService{2}{type=PrimitiveType{name=test}, name=test} - Returning cached result for command with sequence number 1 < 2
21:46:29.184 [raft-server-3] TRACE i.a.p.raft.roles.LeaderAppender - RaftServer{3} - Sending AppendRequest{term=1, leader=3, prevLogIndex=6, prevLogTerm=1, entries=0, commitIndex=6} to 1
21:46:29.184 [raft-server-3] TRACE i.a.p.raft.roles.LeaderAppender - RaftServer{3} - Received AppendResponse{status=OK, term=1, succeeded=true, lastLogIndex=6} from 2
21:46:29.184 [raft-server-1] TRACE i.a.p.raft.roles.FollowerRole - RaftServer{1}{role=FOLLOWER} - Received AppendRequest{term=1, leader=3, prevLogIndex=6, prevLogTerm=1, entries=0, commitIndex=6}
21:46:29.184 [raft-server-3] TRACE i.a.p.raft.roles.LeaderAppender - RaftServer{3} - Sending AppendRequest{term=1, leader=3, prevLogIndex=6, prevLogTerm=1, entries=0, commitIndex=6} to 2
21:46:29.184 [raft-server-2] TRACE i.a.p.raft.roles.FollowerRole - RaftServer{2}{role=FOLLOWER} - Received AppendRequest{term=1, leader=3, prevLogIndex=6, prevLogTerm=1, entries=0, commitIndex=6}
21:46:29.184 [raft-server-3-state] TRACE i.a.p.raft.impl.RaftServiceManager - RaftServer{3} - Applying Indexed{index=6, entry=CommandEntry{term=1, timestamp=2018-06-05 09:46:29,112, session=2, sequence=2, operation=PrimitiveOperation{id=DefaultOperationId{id=write, type=COMMAND}, value=byte[]{length=17, hash=-1644578928}}}}
21:46:29.184 [raft-server-3-state] TRACE i.a.p.s.impl.DefaultServiceExecutor - PrimitiveService{2}{type=PrimitiveType{name=test}, name=test} - Executing DefaultCommit{index=6, session=RaftSession{RaftServiceContext{server=3, type=PrimitiveType{name=test}, name=test, id=2}, session=2, timestamp=2018-06-05 09:46:29,112}, time=2018-06-05 09:46:29,112, operation=DefaultOperationId{id=write, type=COMMAND}, value=byte[]{length=17, hash=-1644578928}}
21:46:29.184 [raft-server-3] TRACE i.a.protocols.raft.roles.LeaderRole - RaftServer{3}{role=LEADER} - Sending CommandResponse{status=OK, index=6, eventIndex=2, result=byte[]{length=2, hash=1252}}
21:46:29.212 [raft-server-2] TRACE i.a.p.raft.roles.FollowerRole - RaftServer{2}{role=FOLLOWER} - Committed entries up to index 6
21:46:29.212 [raft-server-1] TRACE i.a.p.raft.roles.FollowerRole - RaftServer{1}{role=FOLLOWER} - Committed entries up to index 6
21:46:29.212 [raft-server-2] TRACE i.a.p.raft.roles.FollowerRole - RaftServer{2}{role=FOLLOWER} - Sending AppendResponse{status=OK, term=1, succeeded=true, lastLogIndex=6}
21:46:29.212 [raft-server-1] TRACE i.a.p.raft.roles.FollowerRole - RaftServer{1}{role=FOLLOWER} - Sending AppendResponse{status=OK, term=1, succeeded=true, lastLogIndex=6}
21:46:29.212 [raft-server-2] TRACE i.a.p.raft.roles.FollowerRole - RaftServer{2}{role=FOLLOWER} - Sending CommandResponse{status=OK, index=6, eventIndex=2, result=byte[]{length=2, hash=1252}}
21:46:29.212 [raft-server-3] TRACE i.a.p.raft.roles.LeaderAppender - RaftServer{3} - Received AppendResponse{status=OK, term=1, succeeded=true, lastLogIndex=6} from 2
21:46:29.212 [raft-server-1-state] TRACE i.a.p.raft.impl.RaftServiceManager - RaftServer{1} - Applying Indexed{index=6, entry=CommandEntry{term=1, timestamp=2018-06-05 09:46:29,112, session=2, sequence=2, operation=PrimitiveOperation{id=DefaultOperationId{id=write, type=COMMAND}, value=byte[]{length=17, hash=-1644578928}}}}
21:46:29.212 [raft-client-2f4c8c2a-86e3-4c0e-9770-cf34b8eb1c33-6] TRACE i.a.p.r.p.impl.RaftProxyConnection - PartitionProxy{2}{type=PrimitiveType{name=test}, name=test} - Received CommandResponse{status=OK, index=6, eventIndex=2, result=byte[]{length=2, hash=1252}} from 2
21:46:29.212 [raft-server-3] TRACE i.a.p.raft.roles.LeaderAppender - RaftServer{3} - Received AppendResponse{status=OK, term=1, succeeded=true, lastLogIndex=6} from 1
21:46:29.212 [raft-server-2-state] TRACE i.a.p.raft.impl.RaftServiceManager - RaftServer{2} - Applying Indexed{index=6, entry=CommandEntry{term=1, timestamp=2018-06-05 09:46:29,112, session=2, sequence=2, operation=PrimitiveOperation{id=DefaultOperationId{id=write, type=COMMAND}, value=byte[]{length=17, hash=-1644578928}}}}
21:46:29.212 [raft-server-1-state] TRACE i.a.p.s.impl.DefaultServiceExecutor - PrimitiveService{2}{type=PrimitiveType{name=test}, name=test} - Executing DefaultCommit{index=6, session=RaftSession{RaftServiceContext{server=1, type=PrimitiveType{name=test}, name=test, id=2}, session=2, timestamp=2018-06-05 09:46:29,112}, time=2018-06-05 09:46:29,112, operation=DefaultOperationId{id=write, type=COMMAND}, value=byte[]{length=17, hash=-1644578928}}
21:46:29.212 [raft-client-2f4c8c2a-86e3-4c0e-9770-cf34b8eb1c33-6] TRACE i.a.p.r.p.impl.RaftProxySequencer - PartitionProxy{2}{type=PrimitiveType{name=test}, name=test} - Completing response CommandResponse{status=OK, index=6, eventIndex=2, result=byte[]{length=2, hash=1252}}
21:46:29.212 [raft-server-2-state] TRACE i.a.p.s.impl.DefaultServiceExecutor - PrimitiveService{2}{type=PrimitiveType{name=test}, name=test} - Executing DefaultCommit{index=6, session=RaftSession{RaftServiceContext{server=2, type=PrimitiveType{name=test}, name=test, id=2}, session=2, timestamp=2018-06-05 09:46:29,112}, time=2018-06-05 09:46:29,112, operation=DefaultOperationId{id=write, type=COMMAND}, value=byte[]{length=17, hash=-1644578928}}
21:46:29.213 [raft-client-2f4c8c2a-86e3-4c0e-9770-cf34b8eb1c33-6] TRACE i.a.p.r.p.impl.RaftProxyConnection - PartitionProxy{2}{type=PrimitiveType{name=test}, name=test} - Sending CommandRequest{session=2, sequence=3, operation=PrimitiveOperation{id=DefaultOperationId{id=write, type=COMMAND}, value=byte[]{length=17, hash=-1644578928}}} to 2
21:46:29.213 [raft-server-2] TRACE i.a.p.raft.roles.FollowerRole - RaftServer{2}{role=FOLLOWER} - Received CommandRequest{session=2, sequence=3, operation=PrimitiveOperation{id=DefaultOperationId{id=write, type=COMMAND}, value=byte[]{length=17, hash=-1644578928}}}
21:46:29.213 [raft-server-3] TRACE i.a.protocols.raft.roles.LeaderRole - RaftServer{3}{role=LEADER} - Received CommandRequest{session=2, sequence=3, operation=PrimitiveOperation{id=DefaultOperationId{id=write, type=COMMAND}, value=byte[]{length=17, hash=-1644578928}}}
21:46:29.213 [raft-server-3] TRACE i.a.protocols.raft.roles.LeaderRole - RaftServer{3}{role=LEADER} - Appended Indexed{index=7, entry=CommandEntry{term=1, timestamp=2018-06-05 09:46:29,213, session=2, sequence=3, operation=PrimitiveOperation{id=DefaultOperationId{id=write, type=COMMAND}, value=byte[]{length=17, hash=-1644578928}}}}
21:46:29.213 [raft-server-3] TRACE i.a.p.raft.roles.LeaderAppender - RaftServer{3} - Sending AppendRequest{term=1, leader=3, prevLogIndex=6, prevLogTerm=1, entries=1, commitIndex=6} to 2
21:46:29.213 [raft-server-3] TRACE i.a.p.raft.roles.LeaderAppender - RaftServer{3} - Sending AppendRequest{term=1, leader=3, prevLogIndex=6, prevLogTerm=1, entries=1, commitIndex=6} to 1
21:46:29.213 [raft-server-2] TRACE i.a.p.raft.roles.FollowerRole - RaftServer{2}{role=FOLLOWER} - Received AppendRequest{term=1, leader=3, prevLogIndex=6, prevLogTerm=1, entries=1, commitIndex=6}
21:46:29.213 [raft-server-1] TRACE i.a.p.raft.roles.FollowerRole - RaftServer{1}{role=FOLLOWER} - Received AppendRequest{term=1, leader=3, prevLogIndex=6, prevLogTerm=1, entries=1, commitIndex=6}
21:46:29.213 [raft-server-2] TRACE i.a.p.raft.roles.FollowerRole - RaftServer{2}{role=FOLLOWER} - Appended Indexed{index=7, entry=CommandEntry{term=1, timestamp=2018-06-05 09:46:29,213, session=2, sequence=3, operation=PrimitiveOperation{id=DefaultOperationId{id=write, type=COMMAND}, value=byte[]{length=17, hash=-1644578928}}}}
21:46:29.213 [raft-server-1] TRACE i.a.p.raft.roles.FollowerRole - RaftServer{1}{role=FOLLOWER} - Appended Indexed{index=7, entry=CommandEntry{term=1, timestamp=2018-06-05 09:46:29,213, session=2, sequence=3, operation=PrimitiveOperation{id=DefaultOperationId{id=write, type=COMMAND}, value=byte[]{length=17, hash=-1644578928}}}}
21:46:29.213 [raft-server-2] TRACE i.a.p.raft.roles.FollowerRole - RaftServer{2}{role=FOLLOWER} - Sending AppendResponse{status=OK, term=1, succeeded=true, lastLogIndex=7}
21:46:29.213 [raft-server-1] TRACE i.a.p.raft.roles.FollowerRole - RaftServer{1}{role=FOLLOWER} - Sending AppendResponse{status=OK, term=1, succeeded=true, lastLogIndex=7}
21:46:29.213 [raft-server-3] TRACE i.a.p.raft.roles.LeaderAppender - RaftServer{3} - Received AppendResponse{status=OK, term=1, succeeded=true, lastLogIndex=7} from 2
21:46:29.214 [raft-server-3] TRACE i.a.p.raft.roles.LeaderAppender - RaftServer{3} - Committed entries up to 7
21:46:29.245 [raft-server-3] TRACE i.a.p.raft.roles.LeaderAppender - RaftServer{3} - Received AppendResponse{status=OK, term=1, succeeded=true, lastLogIndex=7} from 1
21:46:29.245 [raft-server-3-state] TRACE i.a.p.raft.impl.RaftServiceManager - RaftServer{3} - Applying Indexed{index=7, entry=CommandEntry{term=1, timestamp=2018-06-05 09:46:29,213, session=2, sequence=3, operation=PrimitiveOperation{id=DefaultOperationId{id=write, type=COMMAND}, value=byte[]{length=17, hash=-1644578928}}}}
21:46:29.245 [raft-server-3-state] TRACE i.a.p.s.impl.DefaultServiceExecutor - PrimitiveService{2}{type=PrimitiveType{name=test}, name=test} - Executing DefaultCommit{index=7, session=RaftSession{RaftServiceContext{server=3, type=PrimitiveType{name=test}, name=test, id=2}, session=2, timestamp=2018-06-05 09:46:29,213}, time=2018-06-05 09:46:29,213, operation=DefaultOperationId{id=write, type=COMMAND}, value=byte[]{length=17, hash=-1644578928}}
21:46:29.245 [raft-server-3-state] TRACE i.a.protocols.raft.roles.LeaderRole - RaftServer{3}{role=LEADER} - Sending CommandResponse{status=OK, index=7, eventIndex=2, result=byte[]{length=2, hash=1254}}
21:46:29.246 [raft-server-2] TRACE i.a.p.raft.roles.FollowerRole - RaftServer{2}{role=FOLLOWER} - Sending CommandResponse{status=OK, index=7, eventIndex=2, result=byte[]{length=2, hash=1254}}
21:46:29.246 [raft-client-2f4c8c2a-86e3-4c0e-9770-cf34b8eb1c33-2] TRACE i.a.p.r.p.impl.RaftProxyConnection - PartitionProxy{2}{type=PrimitiveType{name=test}, name=test} - Received CommandResponse{status=OK, index=7, eventIndex=2, result=byte[]{length=2, hash=1254}} from 2
21:46:29.246 [raft-client-2f4c8c2a-86e3-4c0e-9770-cf34b8eb1c33-2] TRACE i.a.p.r.p.impl.RaftProxySequencer - PartitionProxy{2}{type=PrimitiveType{name=test}, name=test} - Completing response CommandResponse{status=OK, index=7, eventIndex=2, result=byte[]{length=2, hash=1254}}
21:46:29.246 [raft-client-2f4c8c2a-86e3-4c0e-9770-cf34b8eb1c33-4] TRACE i.a.p.r.p.impl.RaftProxyConnection - PartitionProxy{2}{type=PrimitiveType{name=test}, name=test} - Sending CommandRequest{session=2, sequence=4, operation=PrimitiveOperation{id=DefaultOperationId{id=write, type=COMMAND}, value=byte[]{length=17, hash=-1644578928}}} to 2
21:46:29.246 [raft-server-2] TRACE i.a.p.raft.roles.FollowerRole - RaftServer{2}{role=FOLLOWER} - Received CommandRequest{session=2, sequence=4, operation=PrimitiveOperation{id=DefaultOperationId{id=write, type=COMMAND}, value=byte[]{length=17, hash=-1644578928}}}
21:46:29.246 [raft-server-3] TRACE i.a.protocols.raft.roles.LeaderRole - RaftServer{3}{role=LEADER} - Received CommandRequest{session=2, sequence=4, operation=PrimitiveOperation{id=DefaultOperationId{id=write, type=COMMAND}, value=byte[]{length=17, hash=-1644578928}}}
21:46:29.247 [raft-server-3] TRACE i.a.protocols.raft.roles.LeaderRole - RaftServer{3}{role=LEADER} - Appended Indexed{index=8, entry=CommandEntry{term=1, timestamp=2018-06-05 09:46:29,246, session=2, sequence=4, operation=PrimitiveOperation{id=DefaultOperationId{id=write, type=COMMAND}, value=byte[]{length=17, hash=-1644578928}}}}
21:46:29.247 [raft-server-3] TRACE i.a.p.raft.roles.LeaderAppender - RaftServer{3} - Sending AppendRequest{term=1, leader=3, prevLogIndex=7, prevLogTerm=1, entries=1, commitIndex=7} to 2
21:46:29.247 [raft-server-3] TRACE i.a.p.raft.roles.LeaderAppender - RaftServer{3} - Sending AppendRequest{term=1, leader=3, prevLogIndex=7, prevLogTerm=1, entries=1, commitIndex=7} to 1
21:46:29.247 [raft-server-2] TRACE i.a.p.raft.roles.FollowerRole - RaftServer{2}{role=FOLLOWER} - Received AppendRequest{term=1, leader=3, prevLogIndex=7, prevLogTerm=1, entries=1, commitIndex=7}
21:46:29.247 [raft-server-1] TRACE i.a.p.raft.roles.FollowerRole - RaftServer{1}{role=FOLLOWER} - Received AppendRequest{term=1, leader=3, prevLogIndex=7, prevLogTerm=1, entries=1, commitIndex=7}
21:46:29.247 [raft-server-2] TRACE i.a.p.raft.roles.FollowerRole - RaftServer{2}{role=FOLLOWER} - Appended Indexed{index=8, entry=CommandEntry{term=1, timestamp=2018-06-05 09:46:29,246, session=2, sequence=4, operation=PrimitiveOperation{id=DefaultOperationId{id=write, type=COMMAND}, value=byte[]{length=17, hash=-1644578928}}}}
21:46:29.247 [raft-server-1] TRACE i.a.p.raft.roles.FollowerRole - RaftServer{1}{role=FOLLOWER} - Appended Indexed{index=8, entry=CommandEntry{term=1, timestamp=2018-06-05 09:46:29,246, session=2, sequence=4, operation=PrimitiveOperation{id=DefaultOperationId{id=write, type=COMMAND}, value=byte[]{length=17, hash=-1644578928}}}}
21:46:29.278 [raft-server-2] TRACE i.a.p.raft.roles.FollowerRole - RaftServer{2}{role=FOLLOWER} - Committed entries up to index 7
21:46:29.278 [raft-server-1] TRACE i.a.p.raft.roles.FollowerRole - RaftServer{1}{role=FOLLOWER} - Committed entries up to index 7
21:46:29.278 [raft-server-2] TRACE i.a.p.raft.roles.FollowerRole - RaftServer{2}{role=FOLLOWER} - Sending AppendResponse{status=OK, term=1, succeeded=true, lastLogIndex=8}
21:46:29.278 [raft-server-1] TRACE i.a.p.raft.roles.FollowerRole - RaftServer{1}{role=FOLLOWER} - Sending AppendResponse{status=OK, term=1, succeeded=true, lastLogIndex=8}
21:46:29.279 [raft-server-3] TRACE i.a.p.raft.roles.LeaderAppender - RaftServer{3} - Received AppendResponse{status=OK, term=1, succeeded=true, lastLogIndex=8} from 2
21:46:29.279 [raft-server-3] TRACE i.a.p.raft.roles.LeaderAppender - RaftServer{3} - Committed entries up to 8
21:46:29.279 [raft-server-2-state] TRACE i.a.p.raft.impl.RaftServiceManager - RaftServer{2} - Applying Indexed{index=7, entry=CommandEntry{term=1, timestamp=2018-06-05 09:46:29,213, session=2, sequence=3, operation=PrimitiveOperation{id=DefaultOperationId{id=write, type=COMMAND}, value=byte[]{length=17, hash=-1644578928}}}}
21:46:29.279 [raft-server-1-state] TRACE i.a.p.raft.impl.RaftServiceManager - RaftServer{1} - Applying Indexed{index=7, entry=CommandEntry{term=1, timestamp=2018-06-05 09:46:29,213, session=2, sequence=3, operation=PrimitiveOperation{id=DefaultOperationId{id=write, type=COMMAND}, value=byte[]{length=17, hash=-1644578928}}}}
21:46:29.279 [raft-server-1-state] TRACE i.a.p.s.impl.DefaultServiceExecutor - PrimitiveService{2}{type=PrimitiveType{name=test}, name=test} - Executing DefaultCommit{index=7, session=RaftSession{RaftServiceContext{server=1, type=PrimitiveType{name=test}, name=test, id=2}, session=2, timestamp=2018-06-05 09:46:29,213}, time=2018-06-05 09:46:29,213, operation=DefaultOperationId{id=write, type=COMMAND}, value=byte[]{length=17, hash=-1644578928}}
21:46:29.279 [raft-server-2-state] TRACE i.a.p.s.impl.DefaultServiceExecutor - PrimitiveService{2}{type=PrimitiveType{name=test}, name=test} - Executing DefaultCommit{index=7, session=RaftSession{RaftServiceContext{server=2, type=PrimitiveType{name=test}, name=test, id=2}, session=2, timestamp=2018-06-05 09:46:29,213}, time=2018-06-05 09:46:29,213, operation=DefaultOperationId{id=write, type=COMMAND}, value=byte[]{length=17, hash=-1644578928}}
21:46:29.312 [raft-server-3] TRACE i.a.p.raft.roles.LeaderAppender - RaftServer{3} - Received AppendResponse{status=OK, term=1, succeeded=true, lastLogIndex=8} from 1
21:46:29.312 [raft-server-3-state] TRACE i.a.p.raft.impl.RaftServiceManager - RaftServer{3} - Applying Indexed{index=8, entry=CommandEntry{term=1, timestamp=2018-06-05 09:46:29,246, session=2, sequence=4, operation=PrimitiveOperation{id=DefaultOperationId{id=write, type=COMMAND}, value=byte[]{length=17, hash=-1644578928}}}}
21:46:29.312 [raft-server-3-state] TRACE i.a.p.s.impl.DefaultServiceExecutor - PrimitiveService{2}{type=PrimitiveType{name=test}, name=test} - Executing DefaultCommit{index=8, session=RaftSession{RaftServiceContext{server=3, type=PrimitiveType{name=test}, name=test, id=2}, session=2, timestamp=2018-06-05 09:46:29,246}, time=2018-06-05 09:46:29,246, operation=DefaultOperationId{id=write, type=COMMAND}, value=byte[]{length=17, hash=-1644578928}}
21:46:29.312 [raft-server-3-state] TRACE i.a.protocols.raft.roles.LeaderRole - RaftServer{3}{role=LEADER} - Sending CommandResponse{status=OK, index=8, eventIndex=2, result=byte[]{length=2, hash=1256}}
21:46:29.312 [raft-server-2] TRACE i.a.p.raft.roles.FollowerRole - RaftServer{2}{role=FOLLOWER} - Sending CommandResponse{status=OK, index=8, eventIndex=2, result=byte[]{length=2, hash=1256}}
21:46:29.312 [raft-client-2f4c8c2a-86e3-4c0e-9770-cf34b8eb1c33-5] TRACE i.a.p.r.p.impl.RaftProxyConnection - PartitionProxy{2}{type=PrimitiveType{name=test}, name=test} - Received CommandResponse{status=OK, index=8, eventIndex=2, result=byte[]{length=2, hash=1256}} from 2
21:46:29.312 [raft-client-2f4c8c2a-86e3-4c0e-9770-cf34b8eb1c33-5] TRACE i.a.p.r.p.impl.RaftProxySequencer - PartitionProxy{2}{type=PrimitiveType{name=test}, name=test} - Completing response CommandResponse{status=OK, index=8, eventIndex=2, result=byte[]{length=2, hash=1256}}
21:46:29.313 [raft-client-2f4c8c2a-86e3-4c0e-9770-cf34b8eb1c33-5] TRACE i.a.p.r.p.impl.RaftProxyConnection - PartitionProxy{2}{type=PrimitiveType{name=test}, name=test} - Sending CommandRequest{session=2, sequence=5, operation=PrimitiveOperation{id=DefaultOperationId{id=write, type=COMMAND}, value=byte[]{length=17, hash=-1644578928}}} to 2
21:46:29.313 [raft-server-2] TRACE i.a.p.raft.roles.FollowerRole - RaftServer{2}{role=FOLLOWER} - Received CommandRequest{session=2, sequence=5, operation=PrimitiveOperation{id=DefaultOperationId{id=write, type=COMMAND}, value=byte[]{length=17, hash=-1644578928}}}
21:46:29.313 [raft-server-3] TRACE i.a.protocols.raft.roles.LeaderRole - RaftServer{3}{role=LEADER} - Received CommandRequest{session=2, sequence=5, operation=PrimitiveOperation{id=DefaultOperationId{id=write, type=COMMAND}, value=byte[]{length=17, hash=-1644578928}}}
21:46:29.313 [raft-server-3] TRACE i.a.protocols.raft.roles.LeaderRole - RaftServer{3}{role=LEADER} - Appended Indexed{index=9, entry=CommandEntry{term=1, timestamp=2018-06-05 09:46:29,313, session=2, sequence=5, operation=PrimitiveOperation{id=DefaultOperationId{id=write, type=COMMAND}, value=byte[]{length=17, hash=-1644578928}}}}
21:46:29.313 [raft-server-3] TRACE i.a.p.raft.roles.LeaderAppender - RaftServer{3} - Sending AppendRequest{term=1, leader=3, prevLogIndex=8, prevLogTerm=1, entries=1, commitIndex=8} to 2
21:46:29.313 [raft-server-2] TRACE i.a.p.raft.roles.FollowerRole - RaftServer{2}{role=FOLLOWER} - Received AppendRequest{term=1, leader=3, prevLogIndex=8, prevLogTerm=1, entries=1, commitIndex=8}
21:46:29.313 [raft-server-3] TRACE i.a.p.raft.roles.LeaderAppender - RaftServer{3} - Sending AppendRequest{term=1, leader=3, prevLogIndex=8, prevLogTerm=1, entries=1, commitIndex=8} to 1
21:46:29.313 [raft-server-1] TRACE i.a.p.raft.roles.FollowerRole - RaftServer{1}{role=FOLLOWER} - Received AppendRequest{term=1, leader=3, prevLogIndex=8, prevLogTerm=1, entries=1, commitIndex=8}
21:46:29.313 [raft-server-2] TRACE i.a.p.raft.roles.FollowerRole - RaftServer{2}{role=FOLLOWER} - Appended Indexed{index=9, entry=CommandEntry{term=1, timestamp=2018-06-05 09:46:29,313, session=2, sequence=5, operation=PrimitiveOperation{id=DefaultOperationId{id=write, type=COMMAND}, value=byte[]{length=17, hash=-1644578928}}}}
21:46:29.313 [raft-server-1] TRACE i.a.p.raft.roles.FollowerRole - RaftServer{1}{role=FOLLOWER} - Appended Indexed{index=9, entry=CommandEntry{term=1, timestamp=2018-06-05 09:46:29,313, session=2, sequence=5, operation=PrimitiveOperation{id=DefaultOperationId{id=write, type=COMMAND}, value=byte[]{length=17, hash=-1644578928}}}}
21:46:29.350 [raft-server-2] TRACE i.a.p.raft.roles.FollowerRole - RaftServer{2}{role=FOLLOWER} - Committed entries up to index 8
21:46:29.350 [raft-server-1] TRACE i.a.p.raft.roles.FollowerRole - RaftServer{1}{role=FOLLOWER} - Committed entries up to index 8
21:46:29.350 [raft-server-2] TRACE i.a.p.raft.roles.FollowerRole - RaftServer{2}{role=FOLLOWER} - Sending AppendResponse{status=OK, term=1, succeeded=true, lastLogIndex=9}
21:46:29.350 [raft-server-1] TRACE i.a.p.raft.roles.FollowerRole - RaftServer{1}{role=FOLLOWER} - Sending AppendResponse{status=OK, term=1, succeeded=true, lastLogIndex=9}
21:46:29.351 [raft-server-3] TRACE i.a.p.raft.roles.LeaderAppender - RaftServer{3} - Received AppendResponse{status=OK, term=1, succeeded=true, lastLogIndex=9} from 2
21:46:29.351 [raft-server-2-state] TRACE i.a.p.raft.impl.RaftServiceManager - RaftServer{2} - Applying Indexed{index=8, entry=CommandEntry{term=1, timestamp=2018-06-05 09:46:29,246, session=2, sequence=4, operation=PrimitiveOperation{id=DefaultOperationId{id=write, type=COMMAND}, value=byte[]{length=17, hash=-1644578928}}}}
21:46:29.351 [raft-server-1-state] TRACE i.a.p.raft.impl.RaftServiceManager - RaftServer{1} - Applying Indexed{index=8, entry=CommandEntry{term=1, timestamp=2018-06-05 09:46:29,246, session=2, sequence=4, operation=PrimitiveOperation{id=DefaultOperationId{id=write, type=COMMAND}, value=byte[]{length=17, hash=-1644578928}}}}
21:46:29.351 [raft-server-3] TRACE i.a.p.raft.roles.LeaderAppender - RaftServer{3} - Committed entries up to 9
21:46:29.351 [raft-server-2-state] TRACE i.a.p.s.impl.DefaultServiceExecutor - PrimitiveService{2}{type=PrimitiveType{name=test}, name=test} - Executing DefaultCommit{index=8, session=RaftSession{RaftServiceContext{server=2, type=PrimitiveType{name=test}, name=test, id=2}, session=2, timestamp=2018-06-05 09:46:29,246}, time=2018-06-05 09:46:29,246, operation=DefaultOperationId{id=write, type=COMMAND}, value=byte[]{length=17, hash=-1644578928}}
21:46:29.351 [raft-server-1-state] TRACE i.a.p.s.impl.DefaultServiceExecutor - PrimitiveService{2}{type=PrimitiveType{name=test}, name=test} - Executing DefaultCommit{index=8, session=RaftSession{RaftServiceContext{server=1, type=PrimitiveType{name=test}, name=test, id=2}, session=2, timestamp=2018-06-05 09:46:29,246}, time=2018-06-05 09:46:29,246, operation=DefaultOperationId{id=write, type=COMMAND}, value=byte[]{length=17, hash=-1644578928}}
21:46:29.387 [raft-server-3] TRACE i.a.p.raft.roles.LeaderAppender - RaftServer{3} - Received AppendResponse{status=OK, term=1, succeeded=true, lastLogIndex=9} from 1
21:46:29.387 [raft-server-3] TRACE i.a.p.raft.roles.LeaderAppender - RaftServer{3} - Sending AppendRequest{term=1, leader=3, prevLogIndex=9, prevLogTerm=1, entries=0, commitIndex=9} to 2
21:46:29.387 [raft-server-3] TRACE i.a.p.raft.roles.LeaderAppender - RaftServer{3} - Sending AppendRequest{term=1, leader=3, prevLogIndex=9, prevLogTerm=1, entries=0, commitIndex=9} to 1
21:46:29.387 [raft-server-2] TRACE i.a.p.raft.roles.FollowerRole - RaftServer{2}{role=FOLLOWER} - Received AppendRequest{term=1, leader=3, prevLogIndex=9, prevLogTerm=1, entries=0, commitIndex=9}
21:46:29.387 [raft-server-1] TRACE i.a.p.raft.roles.FollowerRole - RaftServer{1}{role=FOLLOWER} - Received AppendRequest{term=1, leader=3, prevLogIndex=9, prevLogTerm=1, entries=0, commitIndex=9}
21:46:29.387 [raft-server-3-state] TRACE i.a.p.raft.impl.RaftServiceManager - RaftServer{3} - Applying Indexed{index=9, entry=CommandEntry{term=1, timestamp=2018-06-05 09:46:29,313, session=2, sequence=5, operation=PrimitiveOperation{id=DefaultOperationId{id=write, type=COMMAND}, value=byte[]{length=17, hash=-1644578928}}}}
21:46:29.387 [raft-server-3-state] TRACE i.a.p.s.impl.DefaultServiceExecutor - PrimitiveService{2}{type=PrimitiveType{name=test}, name=test} - Executing DefaultCommit{index=9, session=RaftSession{RaftServiceContext{server=3, type=PrimitiveType{name=test}, name=test, id=2}, session=2, timestamp=2018-06-05 09:46:29,313}, time=2018-06-05 09:46:29,313, operation=DefaultOperationId{id=write, type=COMMAND}, value=byte[]{length=17, hash=-1644578928}}
21:46:29.387 [raft-server-3-state] TRACE i.a.protocols.raft.roles.LeaderRole - RaftServer{3}{role=LEADER} - Sending CommandResponse{status=OK, index=9, eventIndex=2, result=byte[]{length=2, hash=1258}}
21:46:29.412 [raft-server-2] TRACE i.a.p.raft.roles.FollowerRole - RaftServer{2}{role=FOLLOWER} - Committed entries up to index 9
21:46:29.412 [raft-server-1] TRACE i.a.p.raft.roles.FollowerRole - RaftServer{1}{role=FOLLOWER} - Committed entries up to index 9
21:46:29.412 [raft-server-2] TRACE i.a.p.raft.roles.FollowerRole - RaftServer{2}{role=FOLLOWER} - Sending AppendResponse{status=OK, term=1, succeeded=true, lastLogIndex=9}
21:46:29.412 [raft-server-1] TRACE i.a.p.raft.roles.FollowerRole - RaftServer{1}{role=FOLLOWER} - Sending AppendResponse{status=OK, term=1, succeeded=true, lastLogIndex=9}
21:46:29.412 [raft-server-2] TRACE i.a.p.raft.roles.FollowerRole - RaftServer{2}{role=FOLLOWER} - Sending CommandResponse{status=OK, index=9, eventIndex=2, result=byte[]{length=2, hash=1258}}
21:46:29.412 [raft-server-3] TRACE i.a.p.raft.roles.LeaderAppender - RaftServer{3} - Received AppendResponse{status=OK, term=1, succeeded=true, lastLogIndex=9} from 2
21:46:29.412 [raft-server-1-state] TRACE i.a.p.raft.impl.RaftServiceManager - RaftServer{1} - Applying Indexed{index=9, entry=CommandEntry{term=1, timestamp=2018-06-05 09:46:29,313, session=2, sequence=5, operation=PrimitiveOperation{id=DefaultOperationId{id=write, type=COMMAND}, value=byte[]{length=17, hash=-1644578928}}}}
21:46:29.412 [raft-server-3] TRACE i.a.p.raft.roles.LeaderAppender - RaftServer{3} - Sending AppendRequest{term=1, leader=3, prevLogIndex=9, prevLogTerm=1, entries=0, commitIndex=9} to 2
21:46:29.412 [raft-server-3] TRACE i.a.p.raft.roles.LeaderAppender - RaftServer{3} - Received AppendResponse{status=OK, term=1, succeeded=true, lastLogIndex=9} from 1
21:46:29.412 [raft-server-1-state] TRACE i.a.p.s.impl.DefaultServiceExecutor - PrimitiveService{2}{type=PrimitiveType{name=test}, name=test} - Executing DefaultCommit{index=9, session=RaftSession{RaftServiceContext{server=1, type=PrimitiveType{name=test}, name=test, id=2}, session=2, timestamp=2018-06-05 09:46:29,313}, time=2018-06-05 09:46:29,313, operation=DefaultOperationId{id=write, type=COMMAND}, value=byte[]{length=17, hash=-1644578928}}
21:46:29.412 [raft-client-2f4c8c2a-86e3-4c0e-9770-cf34b8eb1c33-1] TRACE i.a.p.r.p.impl.RaftProxyConnection - PartitionProxy{2}{type=PrimitiveType{name=test}, name=test} - Received CommandResponse{status=OK, index=9, eventIndex=2, result=byte[]{length=2, hash=1258}} from 2
21:46:29.412 [raft-server-2] TRACE i.a.p.raft.roles.FollowerRole - RaftServer{2}{role=FOLLOWER} - Received AppendRequest{term=1, leader=3, prevLogIndex=9, prevLogTerm=1, entries=0, commitIndex=9}
21:46:29.412 [raft-server-2-state] TRACE i.a.p.raft.impl.RaftServiceManager - RaftServer{2} - Applying Indexed{index=9, entry=CommandEntry{term=1, timestamp=2018-06-05 09:46:29,313, session=2, sequence=5, operation=PrimitiveOperation{id=DefaultOperationId{id=write, type=COMMAND}, value=byte[]{length=17, hash=-1644578928}}}}
21:46:29.412 [raft-client-2f4c8c2a-86e3-4c0e-9770-cf34b8eb1c33-1] TRACE i.a.p.r.p.impl.RaftProxySequencer - PartitionProxy{2}{type=PrimitiveType{name=test}, name=test} - Completing response CommandResponse{status=OK, index=9, eventIndex=2, result=byte[]{length=2, hash=1258}}
21:46:29.412 [raft-server-2] TRACE i.a.p.raft.roles.FollowerRole - RaftServer{2}{role=FOLLOWER} - Sending AppendResponse{status=OK, term=1, succeeded=true, lastLogIndex=9}
21:46:29.412 [raft-server-2-state] TRACE i.a.p.s.impl.DefaultServiceExecutor - PrimitiveService{2}{type=PrimitiveType{name=test}, name=test} - Executing DefaultCommit{index=9, session=RaftSession{RaftServiceContext{server=2, type=PrimitiveType{name=test}, name=test, id=2}, session=2, timestamp=2018-06-05 09:46:29,313}, time=2018-06-05 09:46:29,313, operation=DefaultOperationId{id=write, type=COMMAND}, value=byte[]{length=17, hash=-1644578928}}
21:46:29.412 [raft-server-3] TRACE i.a.p.raft.roles.LeaderAppender - RaftServer{3} - Sending AppendRequest{term=1, leader=3, prevLogIndex=9, prevLogTerm=1, entries=0, commitIndex=9} to 1
21:46:29.413 [raft-server-3] TRACE i.a.p.raft.roles.LeaderAppender - RaftServer{3} - Received AppendResponse{status=OK, term=1, succeeded=true, lastLogIndex=9} from 2
21:46:29.413 [raft-server-1] TRACE i.a.p.raft.roles.FollowerRole - RaftServer{1}{role=FOLLOWER} - Received AppendRequest{term=1, leader=3, prevLogIndex=9, prevLogTerm=1, entries=0, commitIndex=9}
21:46:29.413 [raft-server-1] TRACE i.a.p.raft.roles.FollowerRole - RaftServer{1}{role=FOLLOWER} - Sending AppendResponse{status=OK, term=1, succeeded=true, lastLogIndex=9}
21:46:29.413 [raft-server-3] TRACE i.a.p.raft.roles.LeaderAppender - RaftServer{3} - Received AppendResponse{status=OK, term=1, succeeded=true, lastLogIndex=9} from 1
21:46:29.413 [raft-client-2f4c8c2a-86e3-4c0e-9770-cf34b8eb1c33-3] TRACE i.a.p.r.p.impl.RaftProxyConnection - PartitionProxy{2}{type=PrimitiveType{name=test}, name=test} - Sending CommandRequest{session=2, sequence=6, operation=PrimitiveOperation{id=DefaultOperationId{id=write, type=COMMAND}, value=byte[]{length=17, hash=-1644578928}}} to 2
21:46:29.413 [raft-server-2] TRACE i.a.p.raft.roles.FollowerRole - RaftServer{2}{role=FOLLOWER} - Received CommandRequest{session=2, sequence=6, operation=PrimitiveOperation{id=DefaultOperationId{id=write, type=COMMAND}, value=byte[]{length=17, hash=-1644578928}}}
21:46:29.413 [raft-server-3] TRACE i.a.protocols.raft.roles.LeaderRole - RaftServer{3}{role=LEADER} - Received CommandRequest{session=2, sequence=6, operation=PrimitiveOperation{id=DefaultOperationId{id=write, type=COMMAND}, value=byte[]{length=17, hash=-1644578928}}}
21:46:29.413 [raft-server-3] TRACE i.a.protocols.raft.roles.LeaderRole - RaftServer{3}{role=LEADER} - Appended Indexed{index=10, entry=CommandEntry{term=1, timestamp=2018-06-05 09:46:29,413, session=2, sequence=6, operation=PrimitiveOperation{id=DefaultOperationId{id=write, type=COMMAND}, value=byte[]{length=17, hash=-1644578928}}}}
21:46:29.413 [raft-server-3] TRACE i.a.p.raft.roles.LeaderAppender - RaftServer{3} - Sending AppendRequest{term=1, leader=3, prevLogIndex=9, prevLogTerm=1, entries=1, commitIndex=9} to 2
21:46:29.414 [raft-server-2] TRACE i.a.p.raft.roles.FollowerRole - RaftServer{2}{role=FOLLOWER} - Received AppendRequest{term=1, leader=3, prevLogIndex=9, prevLogTerm=1, entries=1, commitIndex=9}
21:46:29.414 [raft-server-3] TRACE i.a.p.raft.roles.LeaderAppender - RaftServer{3} - Sending AppendRequest{term=1, leader=3, prevLogIndex=9, prevLogTerm=1, entries=1, commitIndex=9} to 1
21:46:29.414 [raft-server-1] TRACE i.a.p.raft.roles.FollowerRole - RaftServer{1}{role=FOLLOWER} - Received AppendRequest{term=1, leader=3, prevLogIndex=9, prevLogTerm=1, entries=1, commitIndex=9}
21:46:29.414 [raft-server-2] TRACE i.a.p.raft.roles.FollowerRole - RaftServer{2}{role=FOLLOWER} - Appended Indexed{index=10, entry=CommandEntry{term=1, timestamp=2018-06-05 09:46:29,413, session=2, sequence=6, operation=PrimitiveOperation{id=DefaultOperationId{id=write, type=COMMAND}, value=byte[]{length=17, hash=-1644578928}}}}
21:46:29.414 [raft-server-2] TRACE i.a.p.raft.roles.FollowerRole - RaftServer{2}{role=FOLLOWER} - Sending AppendResponse{status=OK, term=1, succeeded=true, lastLogIndex=10}
21:46:29.414 [raft-server-1] TRACE i.a.p.raft.roles.FollowerRole - RaftServer{1}{role=FOLLOWER} - Appended Indexed{index=10, entry=CommandEntry{term=1, timestamp=2018-06-05 09:46:29,413, session=2, sequence=6, operation=PrimitiveOperation{id=DefaultOperationId{id=write, type=COMMAND}, value=byte[]{length=17, hash=-1644578928}}}}
21:46:29.414 [raft-server-3] TRACE i.a.p.raft.roles.LeaderAppender - RaftServer{3} - Received AppendResponse{status=OK, term=1, succeeded=true, lastLogIndex=10} from 2
21:46:29.414 [raft-server-1] TRACE i.a.p.raft.roles.FollowerRole - RaftServer{1}{role=FOLLOWER} - Sending AppendResponse{status=OK, term=1, succeeded=true, lastLogIndex=10}
21:46:29.414 [raft-server-3] TRACE i.a.p.raft.roles.LeaderAppender - RaftServer{3} - Committed entries up to 10
21:46:29.445 [raft-server-3] TRACE i.a.p.raft.roles.LeaderAppender - RaftServer{3} - Received AppendResponse{status=OK, term=1, succeeded=true, lastLogIndex=10} from 1
21:46:29.445 [raft-server-3-state] TRACE i.a.p.raft.impl.RaftServiceManager - RaftServer{3} - Applying Indexed{index=10, entry=CommandEntry{term=1, timestamp=2018-06-05 09:46:29,413, session=2, sequence=6, operation=PrimitiveOperation{id=DefaultOperationId{id=write, type=COMMAND}, value=byte[]{length=17, hash=-1644578928}}}}
21:46:29.445 [raft-server-3-state] TRACE i.a.p.s.impl.DefaultServiceExecutor - PrimitiveService{2}{type=PrimitiveType{name=test}, name=test} - Executing DefaultCommit{index=10, session=RaftSession{RaftServiceContext{server=3, type=PrimitiveType{name=test}, name=test, id=2}, session=2, timestamp=2018-06-05 09:46:29,413}, time=2018-06-05 09:46:29,413, operation=DefaultOperationId{id=write, type=COMMAND}, value=byte[]{length=17, hash=-1644578928}}
21:46:29.445 [raft-server-3-state] TRACE i.a.protocols.raft.roles.LeaderRole - RaftServer{3}{role=LEADER} - Sending CommandResponse{status=OK, index=10, eventIndex=2, result=byte[]{length=2, hash=1260}}
21:46:29.446 [raft-server-2] TRACE i.a.p.raft.roles.FollowerRole - RaftServer{2}{role=FOLLOWER} - Sending CommandResponse{status=OK, index=10, eventIndex=2, result=byte[]{length=2, hash=1260}}
21:46:29.446 [raft-client-2f4c8c2a-86e3-4c0e-9770-cf34b8eb1c33-5] TRACE i.a.p.r.p.impl.RaftProxyConnection - PartitionProxy{2}{type=PrimitiveType{name=test}, name=test} - Received CommandResponse{status=OK, index=10, eventIndex=2, result=byte[]{length=2, hash=1260}} from 2
21:46:29.446 [raft-client-2f4c8c2a-86e3-4c0e-9770-cf34b8eb1c33-5] TRACE i.a.p.r.p.impl.RaftProxySequencer - PartitionProxy{2}{type=PrimitiveType{name=test}, name=test} - Completing response CommandResponse{status=OK, index=10, eventIndex=2, result=byte[]{length=2, hash=1260}}
21:46:29.446 [raft-client-2f4c8c2a-86e3-4c0e-9770-cf34b8eb1c33-0] TRACE i.a.p.r.p.impl.RaftProxyConnection - PartitionProxy{2}{type=PrimitiveType{name=test}, name=test} - Sending CommandRequest{session=2, sequence=7, operation=PrimitiveOperation{id=DefaultOperationId{id=write, type=COMMAND}, value=byte[]{length=17, hash=-1644578928}}} to 2
21:46:29.446 [raft-server-2] TRACE i.a.p.raft.roles.FollowerRole - RaftServer{2}{role=FOLLOWER} - Received CommandRequest{session=2, sequence=7, operation=PrimitiveOperation{id=DefaultOperationId{id=write, type=COMMAND}, value=byte[]{length=17, hash=-1644578928}}}
21:46:29.446 [raft-server-3] TRACE i.a.protocols.raft.roles.LeaderRole - RaftServer{3}{role=LEADER} - Received CommandRequest{session=2, sequence=7, operation=PrimitiveOperation{id=DefaultOperationId{id=write, type=COMMAND}, value=byte[]{length=17, hash=-1644578928}}}
21:46:29.495 [raft-server-3] DEBUG i.a.storage.journal.SegmentedJournal - Created disk segment: JournalSegment{id=2, version=1, index=11, size=64}
21:46:29.495 [raft-server-3] TRACE i.a.protocols.raft.roles.LeaderRole - RaftServer{3}{role=LEADER} - Appended Indexed{index=11, entry=CommandEntry{term=1, timestamp=2018-06-05 09:46:29,446, session=2, sequence=7, operation=PrimitiveOperation{id=DefaultOperationId{id=write, type=COMMAND}, value=byte[]{length=17, hash=-1644578928}}}}
21:46:29.495 [raft-server-3] TRACE i.a.p.raft.roles.LeaderAppender - RaftServer{3} - Sending AppendRequest{term=1, leader=3, prevLogIndex=10, prevLogTerm=1, entries=1, commitIndex=10} to 2
21:46:29.496 [raft-server-2] TRACE i.a.p.raft.roles.FollowerRole - RaftServer{2}{role=FOLLOWER} - Received AppendRequest{term=1, leader=3, prevLogIndex=10, prevLogTerm=1, entries=1, commitIndex=10}
21:46:29.496 [raft-server-3] TRACE i.a.p.raft.roles.LeaderAppender - RaftServer{3} - Sending AppendRequest{term=1, leader=3, prevLogIndex=10, prevLogTerm=1, entries=1, commitIndex=10} to 1
21:46:29.496 [raft-server-1] TRACE i.a.p.raft.roles.FollowerRole - RaftServer{1}{role=FOLLOWER} - Received AppendRequest{term=1, leader=3, prevLogIndex=10, prevLogTerm=1, entries=1, commitIndex=10}
21:46:29.562 [raft-server-1] DEBUG i.a.storage.journal.SegmentedJournal - Created disk segment: JournalSegment{id=2, version=1, index=11, size=64}
21:46:29.562 [raft-server-1] TRACE i.a.p.raft.roles.FollowerRole - RaftServer{1}{role=FOLLOWER} - Appended Indexed{index=11, entry=CommandEntry{term=1, timestamp=2018-06-05 09:46:29,446, session=2, sequence=7, operation=PrimitiveOperation{id=DefaultOperationId{id=write, type=COMMAND}, value=byte[]{length=17, hash=-1644578928}}}}
21:46:29.592 [raft-server-2] DEBUG i.a.storage.journal.SegmentedJournal - Created disk segment: JournalSegment{id=2, version=1, index=11, size=64}
21:46:29.592 [raft-server-2] TRACE i.a.p.raft.roles.FollowerRole - RaftServer{2}{role=FOLLOWER} - Appended Indexed{index=11, entry=CommandEntry{term=1, timestamp=2018-06-05 09:46:29,446, session=2, sequence=7, operation=PrimitiveOperation{id=DefaultOperationId{id=write, type=COMMAND}, value=byte[]{length=17, hash=-1644578928}}}}
21:46:29.620 [raft-server-1] TRACE i.a.p.raft.roles.FollowerRole - RaftServer{1}{role=FOLLOWER} - Committed entries up to index 10
21:46:29.620 [raft-server-1] TRACE i.a.p.raft.roles.FollowerRole - RaftServer{1}{role=FOLLOWER} - Sending AppendResponse{status=OK, term=1, succeeded=true, lastLogIndex=11}
21:46:29.620 [raft-server-3] TRACE i.a.p.raft.roles.LeaderAppender - RaftServer{3} - Received AppendResponse{status=OK, term=1, succeeded=true, lastLogIndex=11} from 1
21:46:29.620 [raft-server-3] TRACE i.a.p.raft.roles.LeaderAppender - RaftServer{3} - Committed entries up to 11
21:46:29.620 [raft-server-1-state] TRACE i.a.p.raft.impl.RaftServiceManager - RaftServer{1} - Applying Indexed{index=10, entry=CommandEntry{term=1, timestamp=2018-06-05 09:46:29,413, session=2, sequence=6, operation=PrimitiveOperation{id=DefaultOperationId{id=write, type=COMMAND}, value=byte[]{length=17, hash=-1644578928}}}}
21:46:29.620 [raft-server-1-state] TRACE i.a.p.s.impl.DefaultServiceExecutor - PrimitiveService{2}{type=PrimitiveType{name=test}, name=test} - Executing DefaultCommit{index=10, session=RaftSession{RaftServiceContext{server=1, type=PrimitiveType{name=test}, name=test, id=2}, session=2, timestamp=2018-06-05 09:46:29,413}, time=2018-06-05 09:46:29,413, operation=DefaultOperationId{id=write, type=COMMAND}, value=byte[]{length=17, hash=-1644578928}}
21:46:29.659 [raft-server-2] TRACE i.a.p.raft.roles.FollowerRole - RaftServer{2}{role=FOLLOWER} - Committed entries up to index 10
21:46:29.659 [raft-server-2] TRACE i.a.p.raft.roles.FollowerRole - RaftServer{2}{role=FOLLOWER} - Sending AppendResponse{status=OK, term=1, succeeded=true, lastLogIndex=11}
21:46:29.659 [raft-server-2-state] TRACE i.a.p.raft.impl.RaftServiceManager - RaftServer{2} - Applying Indexed{index=10, entry=CommandEntry{term=1, timestamp=2018-06-05 09:46:29,413, session=2, sequence=6, operation=PrimitiveOperation{id=DefaultOperationId{id=write, type=COMMAND}, value=byte[]{length=17, hash=-1644578928}}}}
21:46:29.659 [raft-server-2-state] TRACE i.a.p.s.impl.DefaultServiceExecutor - PrimitiveService{2}{type=PrimitiveType{name=test}, name=test} - Executing DefaultCommit{index=10, session=RaftSession{RaftServiceContext{server=2, type=PrimitiveType{name=test}, name=test, id=2}, session=2, timestamp=2018-06-05 09:46:29,413}, time=2018-06-05 09:46:29,413, operation=DefaultOperationId{id=write, type=COMMAND}, value=byte[]{length=17, hash=-1644578928}}
21:46:29.725 [raft-server-3] TRACE i.a.p.raft.roles.LeaderAppender - RaftServer{3} - Sending AppendRequest{term=1, leader=3, prevLogIndex=11, prevLogTerm=1, entries=0, commitIndex=11} to 1
21:46:29.725 [raft-server-3] TRACE i.a.p.raft.roles.LeaderAppender - RaftServer{3} - Received AppendResponse{status=OK, term=1, succeeded=true, lastLogIndex=11} from 2
21:46:29.725 [raft-server-3] TRACE i.a.p.raft.roles.LeaderAppender - RaftServer{3} - Sending AppendRequest{term=1, leader=3, prevLogIndex=11, prevLogTerm=1, entries=0, commitIndex=11} to 2
21:46:29.725 [raft-server-1] TRACE i.a.p.raft.roles.FollowerRole - RaftServer{1}{role=FOLLOWER} - Received AppendRequest{term=1, leader=3, prevLogIndex=11, prevLogTerm=1, entries=0, commitIndex=11}
21:46:29.726 [raft-server-2] TRACE i.a.p.raft.roles.FollowerRole - RaftServer{2}{role=FOLLOWER} - Received AppendRequest{term=1, leader=3, prevLogIndex=11, prevLogTerm=1, entries=0, commitIndex=11}
21:46:29.726 [raft-server-3-state] TRACE i.a.p.raft.impl.RaftServiceManager - RaftServer{3} - Applying Indexed{index=11, entry=CommandEntry{term=1, timestamp=2018-06-05 09:46:29,446, session=2, sequence=7, operation=PrimitiveOperation{id=DefaultOperationId{id=write, type=COMMAND}, value=byte[]{length=17, hash=-1644578928}}}}
21:46:29.726 [raft-server-3-state] TRACE i.a.p.s.impl.DefaultServiceExecutor - PrimitiveService{2}{type=PrimitiveType{name=test}, name=test} - Executing DefaultCommit{index=11, session=RaftSession{RaftServiceContext{server=3, type=PrimitiveType{name=test}, name=test, id=2}, session=2, timestamp=2018-06-05 09:46:29,446}, time=2018-06-05 09:46:29,446, operation=DefaultOperationId{id=write, type=COMMAND}, value=byte[]{length=17, hash=-1644578928}}
21:46:29.726 [raft-server-3-state] TRACE i.a.protocols.raft.roles.LeaderRole - RaftServer{3}{role=LEADER} - Sending CommandResponse{status=OK, index=11, eventIndex=2, result=byte[]{length=2, hash=1262}}
21:46:29.759 [raft-server-1] TRACE i.a.p.raft.roles.FollowerRole - RaftServer{1}{role=FOLLOWER} - Committed entries up to index 11
21:46:29.759 [raft-server-2] TRACE i.a.p.raft.roles.FollowerRole - RaftServer{2}{role=FOLLOWER} - Committed entries up to index 11
21:46:29.759 [raft-server-1] TRACE i.a.p.raft.roles.FollowerRole - RaftServer{1}{role=FOLLOWER} - Sending AppendResponse{status=OK, term=1, succeeded=true, lastLogIndex=11}
21:46:29.759 [raft-server-2] TRACE i.a.p.raft.roles.FollowerRole - RaftServer{2}{role=FOLLOWER} - Sending AppendResponse{status=OK, term=1, succeeded=true, lastLogIndex=11}
21:46:29.759 [raft-server-2] TRACE i.a.p.raft.roles.FollowerRole - RaftServer{2}{role=FOLLOWER} - Sending CommandResponse{status=OK, index=11, eventIndex=2, result=byte[]{length=2, hash=1262}}
21:46:29.759 [raft-server-3] TRACE i.a.p.raft.roles.LeaderAppender - RaftServer{3} - Received AppendResponse{status=OK, term=1, succeeded=true, lastLogIndex=11} from 1
21:46:29.759 [raft-server-3] TRACE i.a.p.raft.roles.LeaderAppender - RaftServer{3} - Received AppendResponse{status=OK, term=1, succeeded=true, lastLogIndex=11} from 2
21:46:29.759 [raft-client-2f4c8c2a-86e3-4c0e-9770-cf34b8eb1c33-7] TRACE i.a.p.r.p.impl.RaftProxyConnection - PartitionProxy{2}{type=PrimitiveType{name=test}, name=test} - Received CommandResponse{status=OK, index=11, eventIndex=2, result=byte[]{length=2, hash=1262}} from 2
21:46:29.759 [raft-server-2-state] TRACE i.a.p.raft.impl.RaftServiceManager - RaftServer{2} - Applying Indexed{index=11, entry=CommandEntry{term=1, timestamp=2018-06-05 09:46:29,446, session=2, sequence=7, operation=PrimitiveOperation{id=DefaultOperationId{id=write, type=COMMAND}, value=byte[]{length=17, hash=-1644578928}}}}
21:46:29.759 [raft-server-1-state] TRACE i.a.p.raft.impl.RaftServiceManager - RaftServer{1} - Applying Indexed{index=11, entry=CommandEntry{term=1, timestamp=2018-06-05 09:46:29,446, session=2, sequence=7, operation=PrimitiveOperation{id=DefaultOperationId{id=write, type=COMMAND}, value=byte[]{length=17, hash=-1644578928}}}}
21:46:29.759 [raft-client-2f4c8c2a-86e3-4c0e-9770-cf34b8eb1c33-7] TRACE i.a.p.r.p.impl.RaftProxySequencer - PartitionProxy{2}{type=PrimitiveType{name=test}, name=test} - Completing response CommandResponse{status=OK, index=11, eventIndex=2, result=byte[]{length=2, hash=1262}}
21:46:29.759 [raft-server-2-state] TRACE i.a.p.s.impl.DefaultServiceExecutor - PrimitiveService{2}{type=PrimitiveType{name=test}, name=test} - Executing DefaultCommit{index=11, session=RaftSession{RaftServiceContext{server=2, type=PrimitiveType{name=test}, name=test, id=2}, session=2, timestamp=2018-06-05 09:46:29,446}, time=2018-06-05 09:46:29,446, operation=DefaultOperationId{id=write, type=COMMAND}, value=byte[]{length=17, hash=-1644578928}}
21:46:29.759 [raft-server-1-state] TRACE i.a.p.s.impl.DefaultServiceExecutor - PrimitiveService{2}{type=PrimitiveType{name=test}, name=test} - Executing DefaultCommit{index=11, session=RaftSession{RaftServiceContext{server=1, type=PrimitiveType{name=test}, name=test, id=2}, session=2, timestamp=2018-06-05 09:46:29,446}, time=2018-06-05 09:46:29,446, operation=DefaultOperationId{id=write, type=COMMAND}, value=byte[]{length=17, hash=-1644578928}}
21:46:29.760 [raft-client-2f4c8c2a-86e3-4c0e-9770-cf34b8eb1c33-7] TRACE i.a.p.r.p.impl.RaftProxyConnection - PartitionProxy{2}{type=PrimitiveType{name=test}, name=test} - Sending CommandRequest{session=2, sequence=8, operation=PrimitiveOperation{id=DefaultOperationId{id=write, type=COMMAND}, value=byte[]{length=17, hash=-1644578928}}} to 2
21:46:29.760 [raft-server-2] TRACE i.a.p.raft.roles.FollowerRole - RaftServer{2}{role=FOLLOWER} - Received CommandRequest{session=2, sequence=8, operation=PrimitiveOperation{id=DefaultOperationId{id=write, type=COMMAND}, value=byte[]{length=17, hash=-1644578928}}}
21:46:29.760 [raft-server-3] TRACE i.a.protocols.raft.roles.LeaderRole - RaftServer{3}{role=LEADER} - Received CommandRequest{session=2, sequence=8, operation=PrimitiveOperation{id=DefaultOperationId{id=write, type=COMMAND}, value=byte[]{length=17, hash=-1644578928}}}
21:46:29.760 [raft-server-3] TRACE i.a.protocols.raft.roles.LeaderRole - RaftServer{3}{role=LEADER} - Appended Indexed{index=12, entry=CommandEntry{term=1, timestamp=2018-06-05 09:46:29,760, session=2, sequence=8, operation=PrimitiveOperation{id=DefaultOperationId{id=write, type=COMMAND}, value=byte[]{length=17, hash=-1644578928}}}}
21:46:29.760 [raft-server-3] TRACE i.a.p.raft.roles.LeaderAppender - RaftServer{3} - Sending AppendRequest{term=1, leader=3, prevLogIndex=11, prevLogTerm=1, entries=1, commitIndex=11} to 2
21:46:29.760 [raft-server-3] TRACE i.a.p.raft.roles.LeaderAppender - RaftServer{3} - Sending AppendRequest{term=1, leader=3, prevLogIndex=11, prevLogTerm=1, entries=1, commitIndex=11} to 1
21:46:29.760 [raft-server-2] TRACE i.a.p.raft.roles.FollowerRole - RaftServer{2}{role=FOLLOWER} - Received AppendRequest{term=1, leader=3, prevLogIndex=11, prevLogTerm=1, entries=1, commitIndex=11}
21:46:29.760 [raft-server-1] TRACE i.a.p.raft.roles.FollowerRole - RaftServer{1}{role=FOLLOWER} - Received AppendRequest{term=1, leader=3, prevLogIndex=11, prevLogTerm=1, entries=1, commitIndex=11}
21:46:29.760 [raft-server-2] TRACE i.a.p.raft.roles.FollowerRole - RaftServer{2}{role=FOLLOWER} - Appended Indexed{index=12, entry=CommandEntry{term=1, timestamp=2018-06-05 09:46:29,760, session=2, sequence=8, operation=PrimitiveOperation{id=DefaultOperationId{id=write, type=COMMAND}, value=byte[]{length=17, hash=-1644578928}}}}
21:46:29.760 [raft-server-2] TRACE i.a.p.raft.roles.FollowerRole - RaftServer{2}{role=FOLLOWER} - Sending AppendResponse{status=OK, term=1, succeeded=true, lastLogIndex=12}
21:46:29.760 [raft-server-1] TRACE i.a.p.raft.roles.FollowerRole - RaftServer{1}{role=FOLLOWER} - Appended Indexed{index=12, entry=CommandEntry{term=1, timestamp=2018-06-05 09:46:29,760, session=2, sequence=8, operation=PrimitiveOperation{id=DefaultOperationId{id=write, type=COMMAND}, value=byte[]{length=17, hash=-1644578928}}}}
21:46:29.761 [raft-server-3] TRACE i.a.p.raft.roles.LeaderAppender - RaftServer{3} - Received AppendResponse{status=OK, term=1, succeeded=true, lastLogIndex=12} from 2
21:46:29.761 [raft-server-1] TRACE i.a.p.raft.roles.FollowerRole - RaftServer{1}{role=FOLLOWER} - Sending AppendResponse{status=OK, term=1, succeeded=true, lastLogIndex=12}
21:46:29.761 [raft-server-3] TRACE i.a.p.raft.roles.LeaderAppender - RaftServer{3} - Committed entries up to 12
21:46:29.800 [raft-server-3] TRACE i.a.p.raft.roles.LeaderAppender - RaftServer{3} - Received AppendResponse{status=OK, term=1, succeeded=true, lastLogIndex=12} from 1
21:46:29.801 [raft-server-3-state] TRACE i.a.p.raft.impl.RaftServiceManager - RaftServer{3} - Applying Indexed{index=12, entry=CommandEntry{term=1, timestamp=2018-06-05 09:46:29,760, session=2, sequence=8, operation=PrimitiveOperation{id=DefaultOperationId{id=write, type=COMMAND}, value=byte[]{length=17, hash=-1644578928}}}}
21:46:29.801 [raft-server-3-state] TRACE i.a.p.s.impl.DefaultServiceExecutor - PrimitiveService{2}{type=PrimitiveType{name=test}, name=test} - Executing DefaultCommit{index=12, session=RaftSession{RaftServiceContext{server=3, type=PrimitiveType{name=test}, name=test, id=2}, session=2, timestamp=2018-06-05 09:46:29,760}, time=2018-06-05 09:46:29,760, operation=DefaultOperationId{id=write, type=COMMAND}, value=byte[]{length=17, hash=-1644578928}}
21:46:29.801 [raft-server-3-state] TRACE i.a.protocols.raft.roles.LeaderRole - RaftServer{3}{role=LEADER} - Sending CommandResponse{status=OK, index=12, eventIndex=2, result=byte[]{length=2, hash=1264}}
21:46:29.801 [raft-server-2] TRACE i.a.p.raft.roles.FollowerRole - RaftServer{2}{role=FOLLOWER} - Sending CommandResponse{status=OK, index=12, eventIndex=2, result=byte[]{length=2, hash=1264}}
21:46:29.801 [raft-client-2f4c8c2a-86e3-4c0e-9770-cf34b8eb1c33-1] TRACE i.a.p.r.p.impl.RaftProxyConnection - PartitionProxy{2}{type=PrimitiveType{name=test}, name=test} - Received CommandResponse{status=OK, index=12, eventIndex=2, result=byte[]{length=2, hash=1264}} from 2
21:46:29.801 [raft-client-2f4c8c2a-86e3-4c0e-9770-cf34b8eb1c33-1] TRACE i.a.p.r.p.impl.RaftProxySequencer - PartitionProxy{2}{type=PrimitiveType{name=test}, name=test} - Completing response CommandResponse{status=OK, index=12, eventIndex=2, result=byte[]{length=2, hash=1264}}
21:46:29.801 [raft-client-2f4c8c2a-86e3-4c0e-9770-cf34b8eb1c33-4] TRACE i.a.p.r.p.impl.RaftProxyConnection - PartitionProxy{2}{type=PrimitiveType{name=test}, name=test} - Sending CommandRequest{session=2, sequence=9, operation=PrimitiveOperation{id=DefaultOperationId{id=write, type=COMMAND}, value=byte[]{length=17, hash=-1644578928}}} to 2
21:46:29.802 [raft-server-2] TRACE i.a.p.raft.roles.FollowerRole - RaftServer{2}{role=FOLLOWER} - Received CommandRequest{session=2, sequence=9, operation=PrimitiveOperation{id=DefaultOperationId{id=write, type=COMMAND}, value=byte[]{length=17, hash=-1644578928}}}
21:46:29.802 [raft-server-3] TRACE i.a.protocols.raft.roles.LeaderRole - RaftServer{3}{role=LEADER} - Received CommandRequest{session=2, sequence=9, operation=PrimitiveOperation{id=DefaultOperationId{id=write, type=COMMAND}, value=byte[]{length=17, hash=-1644578928}}}
21:46:29.802 [raft-server-3] TRACE i.a.protocols.raft.roles.LeaderRole - RaftServer{3}{role=LEADER} - Appended Indexed{index=13, entry=CommandEntry{term=1, timestamp=2018-06-05 09:46:29,802, session=2, sequence=9, operation=PrimitiveOperation{id=DefaultOperationId{id=write, type=COMMAND}, value=byte[]{length=17, hash=-1644578928}}}}
21:46:29.802 [raft-server-3] TRACE i.a.p.raft.roles.LeaderAppender - RaftServer{3} - Sending AppendRequest{term=1, leader=3, prevLogIndex=12, prevLogTerm=1, entries=1, commitIndex=12} to 2
21:46:29.802 [raft-server-2] TRACE i.a.p.raft.roles.FollowerRole - RaftServer{2}{role=FOLLOWER} - Received AppendRequest{term=1, leader=3, prevLogIndex=12, prevLogTerm=1, entries=1, commitIndex=12}
21:46:29.802 [raft-server-3] TRACE i.a.p.raft.roles.LeaderAppender - RaftServer{3} - Sending AppendRequest{term=1, leader=3, prevLogIndex=12, prevLogTerm=1, entries=1, commitIndex=12} to 1
21:46:29.802 [raft-server-1] TRACE i.a.p.raft.roles.FollowerRole - RaftServer{1}{role=FOLLOWER} - Received AppendRequest{term=1, leader=3, prevLogIndex=12, prevLogTerm=1, entries=1, commitIndex=12}
21:46:29.802 [raft-server-2] TRACE i.a.p.raft.roles.FollowerRole - RaftServer{2}{role=FOLLOWER} - Appended Indexed{index=13, entry=CommandEntry{term=1, timestamp=2018-06-05 09:46:29,802, session=2, sequence=9, operation=PrimitiveOperation{id=DefaultOperationId{id=write, type=COMMAND}, value=byte[]{length=17, hash=-1644578928}}}}
21:46:29.802 [raft-server-1] TRACE i.a.p.raft.roles.FollowerRole - RaftServer{1}{role=FOLLOWER} - Appended Indexed{index=13, entry=CommandEntry{term=1, timestamp=2018-06-05 09:46:29,802, session=2, sequence=9, operation=PrimitiveOperation{id=DefaultOperationId{id=write, type=COMMAND}, value=byte[]{length=17, hash=-1644578928}}}}
21:46:29.842 [raft-server-2] TRACE i.a.p.raft.roles.FollowerRole - RaftServer{2}{role=FOLLOWER} - Committed entries up to index 12
21:46:29.842 [raft-server-1] TRACE i.a.p.raft.roles.FollowerRole - RaftServer{1}{role=FOLLOWER} - Committed entries up to index 12
21:46:29.842 [raft-server-2] TRACE i.a.p.raft.roles.FollowerRole - RaftServer{2}{role=FOLLOWER} - Sending AppendResponse{status=OK, term=1, succeeded=true, lastLogIndex=13}
21:46:29.842 [raft-server-1] TRACE i.a.p.raft.roles.FollowerRole - RaftServer{1}{role=FOLLOWER} - Sending AppendResponse{status=OK, term=1, succeeded=true, lastLogIndex=13}
21:46:29.842 [raft-server-2-state] TRACE i.a.p.raft.impl.RaftServiceManager - RaftServer{2} - Applying Indexed{index=12, entry=CommandEntry{term=1, timestamp=2018-06-05 09:46:29,760, session=2, sequence=8, operation=PrimitiveOperation{id=DefaultOperationId{id=write, type=COMMAND}, value=byte[]{length=17, hash=-1644578928}}}}
21:46:29.842 [raft-server-3] TRACE i.a.p.raft.roles.LeaderAppender - RaftServer{3} - Received AppendResponse{status=OK, term=1, succeeded=true, lastLogIndex=13} from 2
21:46:29.842 [raft-server-1-state] TRACE i.a.p.raft.impl.RaftServiceManager - RaftServer{1} - Applying Indexed{index=12, entry=CommandEntry{term=1, timestamp=2018-06-05 09:46:29,760, session=2, sequence=8, operation=PrimitiveOperation{id=DefaultOperationId{id=write, type=COMMAND}, value=byte[]{length=17, hash=-1644578928}}}}
21:46:29.842 [raft-server-3] TRACE i.a.p.raft.roles.LeaderAppender - RaftServer{3} - Committed entries up to 13
21:46:29.842 [raft-server-2-state] TRACE i.a.p.s.impl.DefaultServiceExecutor - PrimitiveService{2}{type=PrimitiveType{name=test}, name=test} - Executing DefaultCommit{index=12, session=RaftSession{RaftServiceContext{server=2, type=PrimitiveType{name=test}, name=test, id=2}, session=2, timestamp=2018-06-05 09:46:29,760}, time=2018-06-05 09:46:29,760, operation=DefaultOperationId{id=write, type=COMMAND}, value=byte[]{length=17, hash=-1644578928}}
21:46:29.842 [raft-server-1-state] TRACE i.a.p.s.impl.DefaultServiceExecutor - PrimitiveService{2}{type=PrimitiveType{name=test}, name=test} - Executing DefaultCommit{index=12, session=RaftSession{RaftServiceContext{server=1, type=PrimitiveType{name=test}, name=test, id=2}, session=2, timestamp=2018-06-05 09:46:29,760}, time=2018-06-05 09:46:29,760, operation=DefaultOperationId{id=write, type=COMMAND}, value=byte[]{length=17, hash=-1644578928}}
21:46:29.875 [raft-server-3] TRACE i.a.p.raft.roles.LeaderAppender - RaftServer{3} - Received AppendResponse{status=OK, term=1, succeeded=true, lastLogIndex=13} from 1
21:46:29.875 [raft-server-3] TRACE i.a.p.raft.roles.LeaderAppender - RaftServer{3} - Sending AppendRequest{term=1, leader=3, prevLogIndex=13, prevLogTerm=1, entries=0, commitIndex=13} to 2
21:46:29.875 [raft-server-3] TRACE i.a.p.raft.roles.LeaderAppender - RaftServer{3} - Sending AppendRequest{term=1, leader=3, prevLogIndex=13, prevLogTerm=1, entries=0, commitIndex=13} to 1
21:46:29.875 [raft-server-1] TRACE i.a.p.raft.roles.FollowerRole - RaftServer{1}{role=FOLLOWER} - Received AppendRequest{term=1, leader=3, prevLogIndex=13, prevLogTerm=1, entries=0, commitIndex=13}
21:46:29.876 [raft-server-2] TRACE i.a.p.raft.roles.FollowerRole - RaftServer{2}{role=FOLLOWER} - Received AppendRequest{term=1, leader=3, prevLogIndex=13, prevLogTerm=1, entries=0, commitIndex=13}
21:46:29.876 [raft-server-1] TRACE i.a.p.raft.roles.FollowerRole - RaftServer{1}{role=FOLLOWER} - Committed entries up to index 13
21:46:29.876 [raft-server-3-state] TRACE i.a.p.raft.impl.RaftServiceManager - RaftServer{3} - Applying Indexed{index=13, entry=CommandEntry{term=1, timestamp=2018-06-05 09:46:29,802, session=2, sequence=9, operation=PrimitiveOperation{id=DefaultOperationId{id=write, type=COMMAND}, value=byte[]{length=17, hash=-1644578928}}}}
21:46:29.876 [raft-server-1] TRACE i.a.p.raft.roles.FollowerRole - RaftServer{1}{role=FOLLOWER} - Sending AppendResponse{status=OK, term=1, succeeded=true, lastLogIndex=13}
21:46:29.876 [raft-server-3-state] TRACE i.a.p.s.impl.DefaultServiceExecutor - PrimitiveService{2}{type=PrimitiveType{name=test}, name=test} - Executing DefaultCommit{index=13, session=RaftSession{RaftServiceContext{server=3, type=PrimitiveType{name=test}, name=test, id=2}, session=2, timestamp=2018-06-05 09:46:29,802}, time=2018-06-05 09:46:29,802, operation=DefaultOperationId{id=write, type=COMMAND}, value=byte[]{length=17, hash=-1644578928}}
21:46:29.876 [raft-server-3] TRACE i.a.p.raft.roles.LeaderAppender - RaftServer{3} - Received AppendResponse{status=OK, term=1, succeeded=true, lastLogIndex=13} from 1
21:46:29.876 [raft-server-1-state] TRACE i.a.p.raft.impl.RaftServiceManager - RaftServer{1} - Applying Indexed{index=13, entry=CommandEntry{term=1, timestamp=2018-06-05 09:46:29,802, session=2, sequence=9, operation=PrimitiveOperation{id=DefaultOperationId{id=write, type=COMMAND}, value=byte[]{length=17, hash=-1644578928}}}}
21:46:29.876 [raft-server-3] TRACE i.a.p.raft.roles.LeaderAppender - RaftServer{3} - Sending AppendRequest{term=1, leader=3, prevLogIndex=13, prevLogTerm=1, entries=0, commitIndex=13} to 1
21:46:29.876 [raft-server-3-state] TRACE i.a.protocols.raft.roles.LeaderRole - RaftServer{3}{role=LEADER} - Sending CommandResponse{status=OK, index=13, eventIndex=2, result=byte[]{length=2, hash=1266}}
21:46:29.876 [raft-server-1-state] TRACE i.a.p.s.impl.DefaultServiceExecutor - PrimitiveService{2}{type=PrimitiveType{name=test}, name=test} - Executing DefaultCommit{index=13, session=RaftSession{RaftServiceContext{server=1, type=PrimitiveType{name=test}, name=test, id=2}, session=2, timestamp=2018-06-05 09:46:29,802}, time=2018-06-05 09:46:29,802, operation=DefaultOperationId{id=write, type=COMMAND}, value=byte[]{length=17, hash=-1644578928}}
21:46:29.876 [raft-server-1] TRACE i.a.p.raft.roles.FollowerRole - RaftServer{1}{role=FOLLOWER} - Received AppendRequest{term=1, leader=3, prevLogIndex=13, prevLogTerm=1, entries=0, commitIndex=13}
21:46:29.876 [raft-server-1] TRACE i.a.p.raft.roles.FollowerRole - RaftServer{1}{role=FOLLOWER} - Sending AppendResponse{status=OK, term=1, succeeded=true, lastLogIndex=13}
21:46:29.876 [raft-server-3] TRACE i.a.p.raft.roles.LeaderAppender - RaftServer{3} - Received AppendResponse{status=OK, term=1, succeeded=true, lastLogIndex=13} from 1
21:46:29.903 [raft-server-2] TRACE i.a.p.raft.roles.FollowerRole - RaftServer{2}{role=FOLLOWER} - Committed entries up to index 13
21:46:29.903 [raft-server-2] TRACE i.a.p.raft.roles.FollowerRole - RaftServer{2}{role=FOLLOWER} - Sending AppendResponse{status=OK, term=1, succeeded=true, lastLogIndex=13}
21:46:29.903 [raft-server-2] TRACE i.a.p.raft.roles.FollowerRole - RaftServer{2}{role=FOLLOWER} - Sending CommandResponse{status=OK, index=13, eventIndex=2, result=byte[]{length=2, hash=1266}}
21:46:29.903 [raft-server-3] TRACE i.a.p.raft.roles.LeaderAppender - RaftServer{3} - Received AppendResponse{status=OK, term=1, succeeded=true, lastLogIndex=13} from 2
21:46:29.903 [raft-client-2f4c8c2a-86e3-4c0e-9770-cf34b8eb1c33-5] TRACE i.a.p.r.p.impl.RaftProxyConnection - PartitionProxy{2}{type=PrimitiveType{name=test}, name=test} - Received CommandResponse{status=OK, index=13, eventIndex=2, result=byte[]{length=2, hash=1266}} from 2
21:46:29.903 [raft-server-2-state] TRACE i.a.p.raft.impl.RaftServiceManager - RaftServer{2} - Applying Indexed{index=13, entry=CommandEntry{term=1, timestamp=2018-06-05 09:46:29,802, session=2, sequence=9, operation=PrimitiveOperation{id=DefaultOperationId{id=write, type=COMMAND}, value=byte[]{length=17, hash=-1644578928}}}}
21:46:29.904 [raft-client-2f4c8c2a-86e3-4c0e-9770-cf34b8eb1c33-5] TRACE i.a.p.r.p.impl.RaftProxySequencer - PartitionProxy{2}{type=PrimitiveType{name=test}, name=test} - Completing response CommandResponse{status=OK, index=13, eventIndex=2, result=byte[]{length=2, hash=1266}}
21:46:29.904 [raft-server-2-state] TRACE i.a.p.s.impl.DefaultServiceExecutor - PrimitiveService{2}{type=PrimitiveType{name=test}, name=test} - Executing DefaultCommit{index=13, session=RaftSession{RaftServiceContext{server=2, type=PrimitiveType{name=test}, name=test, id=2}, session=2, timestamp=2018-06-05 09:46:29,802}, time=2018-06-05 09:46:29,802, operation=DefaultOperationId{id=write, type=COMMAND}, value=byte[]{length=17, hash=-1644578928}}
21:46:29.904 [raft-client-2f4c8c2a-86e3-4c0e-9770-cf34b8eb1c33-5] TRACE i.a.p.r.p.impl.RaftProxyConnection - PartitionProxy{2}{type=PrimitiveType{name=test}, name=test} - Sending CommandRequest{session=2, sequence=10, operation=PrimitiveOperation{id=DefaultOperationId{id=write, type=COMMAND}, value=byte[]{length=17, hash=-1644578928}}} to 2
21:46:29.904 [raft-server-2] TRACE i.a.p.raft.roles.FollowerRole - RaftServer{2}{role=FOLLOWER} - Received CommandRequest{session=2, sequence=10, operation=PrimitiveOperation{id=DefaultOperationId{id=write, type=COMMAND}, value=byte[]{length=17, hash=-1644578928}}}
21:46:29.904 [raft-server-3] TRACE i.a.protocols.raft.roles.LeaderRole - RaftServer{3}{role=LEADER} - Received CommandRequest{session=2, sequence=10, operation=PrimitiveOperation{id=DefaultOperationId{id=write, type=COMMAND}, value=byte[]{length=17, hash=-1644578928}}}
21:46:29.904 [raft-server-3] TRACE i.a.protocols.raft.roles.LeaderRole - RaftServer{3}{role=LEADER} - Appended Indexed{index=14, entry=CommandEntry{term=1, timestamp=2018-06-05 09:46:29,904, session=2, sequence=10, operation=PrimitiveOperation{id=DefaultOperationId{id=write, type=COMMAND}, value=byte[]{length=17, hash=-1644578928}}}}
21:46:29.904 [raft-server-3] TRACE i.a.p.raft.roles.LeaderAppender - RaftServer{3} - Sending AppendRequest{term=1, leader=3, prevLogIndex=13, prevLogTerm=1, entries=1, commitIndex=13} to 2
21:46:29.905 [raft-server-3] TRACE i.a.p.raft.roles.LeaderAppender - RaftServer{3} - Sending AppendRequest{term=1, leader=3, prevLogIndex=13, prevLogTerm=1, entries=1, commitIndex=13} to 1
21:46:29.905 [raft-server-2] TRACE i.a.p.raft.roles.FollowerRole - RaftServer{2}{role=FOLLOWER} - Received AppendRequest{term=1, leader=3, prevLogIndex=13, prevLogTerm=1, entries=1, commitIndex=13}
21:46:29.905 [raft-server-1] TRACE i.a.p.raft.roles.FollowerRole - RaftServer{1}{role=FOLLOWER} - Received AppendRequest{term=1, leader=3, prevLogIndex=13, prevLogTerm=1, entries=1, commitIndex=13}
21:46:29.905 [raft-server-2] TRACE i.a.p.raft.roles.FollowerRole - RaftServer{2}{role=FOLLOWER} - Appended Indexed{index=14, entry=CommandEntry{term=1, timestamp=2018-06-05 09:46:29,904, session=2, sequence=10, operation=PrimitiveOperation{id=DefaultOperationId{id=write, type=COMMAND}, value=byte[]{length=17, hash=-1644578928}}}}
21:46:29.905 [raft-server-1] TRACE i.a.p.raft.roles.FollowerRole - RaftServer{1}{role=FOLLOWER} - Appended Indexed{index=14, entry=CommandEntry{term=1, timestamp=2018-06-05 09:46:29,904, session=2, sequence=10, operation=PrimitiveOperation{id=DefaultOperationId{id=write, type=COMMAND}, value=byte[]{length=17, hash=-1644578928}}}}
21:46:29.905 [raft-server-2] TRACE i.a.p.raft.roles.FollowerRole - RaftServer{2}{role=FOLLOWER} - Sending AppendResponse{status=OK, term=1, succeeded=true, lastLogIndex=14}
21:46:29.905 [raft-server-1] TRACE i.a.p.raft.roles.FollowerRole - RaftServer{1}{role=FOLLOWER} - Sending AppendResponse{status=OK, term=1, succeeded=true, lastLogIndex=14}
21:46:29.905 [raft-server-3] TRACE i.a.p.raft.roles.LeaderAppender - RaftServer{3} - Received AppendResponse{status=OK, term=1, succeeded=true, lastLogIndex=14} from 2
21:46:29.905 [raft-server-3] TRACE i.a.p.raft.roles.LeaderAppender - RaftServer{3} - Committed entries up to 14
21:46:30.296 [raft-server-3] TRACE i.a.p.raft.roles.LeaderAppender - RaftServer{3} - Received AppendResponse{status=OK, term=1, succeeded=true, lastLogIndex=14} from 1
21:46:30.296 [raft-server-3] TRACE i.a.p.raft.roles.LeaderAppender - RaftServer{3} - Sending AppendRequest{term=1, leader=3, prevLogIndex=14, prevLogTerm=1, entries=0, commitIndex=14} to 2
21:46:30.296 [raft-server-3] TRACE i.a.p.raft.roles.LeaderAppender - RaftServer{3} - Sending AppendRequest{term=1, leader=3, prevLogIndex=14, prevLogTerm=1, entries=0, commitIndex=14} to 1
21:46:30.296 [raft-server-2] TRACE i.a.p.raft.roles.FollowerRole - RaftServer{2}{role=FOLLOWER} - Received AppendRequest{term=1, leader=3, prevLogIndex=14, prevLogTerm=1, entries=0, commitIndex=14}
21:46:30.296 [raft-server-1] TRACE i.a.p.raft.roles.FollowerRole - RaftServer{1}{role=FOLLOWER} - Received AppendRequest{term=1, leader=3, prevLogIndex=14, prevLogTerm=1, entries=0, commitIndex=14}
21:46:30.296 [raft-server-3-state] TRACE i.a.p.raft.impl.RaftServiceManager - RaftServer{3} - Applying Indexed{index=14, entry=CommandEntry{term=1, timestamp=2018-06-05 09:46:29,904, session=2, sequence=10, operation=PrimitiveOperation{id=DefaultOperationId{id=write, type=COMMAND}, value=byte[]{length=17, hash=-1644578928}}}}
21:46:30.296 [raft-server-3-state] TRACE i.a.p.s.impl.DefaultServiceExecutor - PrimitiveService{2}{type=PrimitiveType{name=test}, name=test} - Executing DefaultCommit{index=14, session=RaftSession{RaftServiceContext{server=3, type=PrimitiveType{name=test}, name=test, id=2}, session=2, timestamp=2018-06-05 09:46:29,904}, time=2018-06-05 09:46:29,904, operation=DefaultOperationId{id=write, type=COMMAND}, value=byte[]{length=17, hash=-1644578928}}
21:46:30.297 [raft-server-3-state] TRACE i.a.protocols.raft.roles.LeaderRole - RaftServer{3}{role=LEADER} - Sending CommandResponse{status=OK, index=14, eventIndex=2, result=byte[]{length=2, hash=1268}}
21:46:30.428 [raft-server-2] TRACE i.a.p.raft.roles.FollowerRole - RaftServer{2}{role=FOLLOWER} - Committed entries up to index 14
21:46:30.428 [raft-server-1] TRACE i.a.p.raft.roles.FollowerRole - RaftServer{1}{role=FOLLOWER} - Committed entries up to index 14
21:46:30.428 [raft-server-2] TRACE i.a.p.raft.roles.FollowerRole - RaftServer{2}{role=FOLLOWER} - Sending AppendResponse{status=OK, term=1, succeeded=true, lastLogIndex=14}
21:46:30.428 [raft-server-1] TRACE i.a.p.raft.roles.FollowerRole - RaftServer{1}{role=FOLLOWER} - Sending AppendResponse{status=OK, term=1, succeeded=true, lastLogIndex=14}
21:46:30.428 [raft-server-2] TRACE i.a.p.raft.roles.FollowerRole - RaftServer{2}{role=FOLLOWER} - Sending CommandResponse{status=OK, index=14, eventIndex=2, result=byte[]{length=2, hash=1268}}
21:46:30.428 [raft-server-3] TRACE i.a.p.raft.roles.LeaderAppender - RaftServer{3} - Received AppendResponse{status=OK, term=1, succeeded=true, lastLogIndex=14} from 2
21:46:30.429 [raft-server-1-state] TRACE i.a.p.raft.impl.RaftServiceManager - RaftServer{1} - Applying Indexed{index=14, entry=CommandEntry{term=1, timestamp=2018-06-05 09:46:29,904, session=2, sequence=10, operation=PrimitiveOperation{id=DefaultOperationId{id=write, type=COMMAND}, value=byte[]{length=17, hash=-1644578928}}}}
21:46:30.429 [raft-client-2f4c8c2a-86e3-4c0e-9770-cf34b8eb1c33-6] TRACE i.a.p.r.p.impl.RaftProxyConnection - PartitionProxy{2}{type=PrimitiveType{name=test}, name=test} - Received CommandResponse{status=OK, index=14, eventIndex=2, result=byte[]{length=2, hash=1268}} from 2
21:46:30.429 [raft-server-2-state] TRACE i.a.p.raft.impl.RaftServiceManager - RaftServer{2} - Applying Indexed{index=14, entry=CommandEntry{term=1, timestamp=2018-06-05 09:46:29,904, session=2, sequence=10, operation=PrimitiveOperation{id=DefaultOperationId{id=write, type=COMMAND}, value=byte[]{length=17, hash=-1644578928}}}}
21:46:30.429 [raft-server-3] TRACE i.a.p.raft.roles.LeaderAppender - RaftServer{3} - Sending AppendRequest{term=1, leader=3, prevLogIndex=14, prevLogTerm=1, entries=0, commitIndex=14} to 2
21:46:30.429 [raft-server-1-state] TRACE i.a.p.s.impl.DefaultServiceExecutor - PrimitiveService{2}{type=PrimitiveType{name=test}, name=test} - Executing DefaultCommit{index=14, session=RaftSession{RaftServiceContext{server=1, type=PrimitiveType{name=test}, name=test, id=2}, session=2, timestamp=2018-06-05 09:46:29,904}, time=2018-06-05 09:46:29,904, operation=DefaultOperationId{id=write, type=COMMAND}, value=byte[]{length=17, hash=-1644578928}}
21:46:30.429 [raft-client-2f4c8c2a-86e3-4c0e-9770-cf34b8eb1c33-6] TRACE i.a.p.r.p.impl.RaftProxySequencer - PartitionProxy{2}{type=PrimitiveType{name=test}, name=test} - Completing response CommandResponse{status=OK, index=14, eventIndex=2, result=byte[]{length=2, hash=1268}}
21:46:30.429 [raft-server-2-state] TRACE i.a.p.s.impl.DefaultServiceExecutor - PrimitiveService{2}{type=PrimitiveType{name=test}, name=test} - Executing DefaultCommit{index=14, session=RaftSession{RaftServiceContext{server=2, type=PrimitiveType{name=test}, name=test, id=2}, session=2, timestamp=2018-06-05 09:46:29,904}, time=2018-06-05 09:46:29,904, operation=DefaultOperationId{id=write, type=COMMAND}, value=byte[]{length=17, hash=-1644578928}}
21:46:30.429 [raft-server-2] TRACE i.a.p.raft.roles.FollowerRole - RaftServer{2}{role=FOLLOWER} - Received AppendRequest{term=1, leader=3, prevLogIndex=14, prevLogTerm=1, entries=0, commitIndex=14}
21:46:30.429 [raft-server-3] TRACE i.a.p.raft.roles.LeaderAppender - RaftServer{3} - Received AppendResponse{status=OK, term=1, succeeded=true, lastLogIndex=14} from 1
21:46:30.429 [raft-server-2] TRACE i.a.p.raft.roles.FollowerRole - RaftServer{2}{role=FOLLOWER} - Sending AppendResponse{status=OK, term=1, succeeded=true, lastLogIndex=14}
21:46:30.429 [raft-server-3] TRACE i.a.p.raft.roles.LeaderAppender - RaftServer{3} - Sending AppendRequest{term=1, leader=3, prevLogIndex=14, prevLogTerm=1, entries=0, commitIndex=14} to 1
21:46:30.429 [raft-server-3] TRACE i.a.p.raft.roles.LeaderAppender - RaftServer{3} - Received AppendResponse{status=OK, term=1, succeeded=true, lastLogIndex=14} from 2
21:46:30.429 [raft-server-1] TRACE i.a.p.raft.roles.FollowerRole - RaftServer{1}{role=FOLLOWER} - Received AppendRequest{term=1, leader=3, prevLogIndex=14, prevLogTerm=1, entries=0, commitIndex=14}
21:46:30.429 [raft-client-2f4c8c2a-86e3-4c0e-9770-cf34b8eb1c33-3] TRACE i.a.p.r.p.impl.RaftProxyConnection - PartitionProxy{2}{type=PrimitiveType{name=test}, name=test} - Sending CommandRequest{session=2, sequence=11, operation=PrimitiveOperation{id=DefaultOperationId{id=write, type=COMMAND}, value=byte[]{length=17, hash=-1644578928}}} to 2
21:46:30.429 [raft-server-1] TRACE i.a.p.raft.roles.FollowerRole - RaftServer{1}{role=FOLLOWER} - Sending AppendResponse{status=OK, term=1, succeeded=true, lastLogIndex=14}
21:46:30.429 [raft-server-2] TRACE i.a.p.raft.roles.FollowerRole - RaftServer{2}{role=FOLLOWER} - Received CommandRequest{session=2, sequence=11, operation=PrimitiveOperation{id=DefaultOperationId{id=write, type=COMMAND}, value=byte[]{length=17, hash=-1644578928}}}
21:46:30.429 [raft-server-3] TRACE i.a.p.raft.roles.LeaderAppender - RaftServer{3} - Received AppendResponse{status=OK, term=1, succeeded=true, lastLogIndex=14} from 1
21:46:30.429 [raft-server-3] TRACE i.a.protocols.raft.roles.LeaderRole - RaftServer{3}{role=LEADER} - Received CommandRequest{session=2, sequence=11, operation=PrimitiveOperation{id=DefaultOperationId{id=write, type=COMMAND}, value=byte[]{length=17, hash=-1644578928}}}
21:46:30.430 [raft-server-3] TRACE i.a.protocols.raft.roles.LeaderRole - RaftServer{3}{role=LEADER} - Appended Indexed{index=15, entry=CommandEntry{term=1, timestamp=2018-06-05 09:46:30,430, session=2, sequence=11, operation=PrimitiveOperation{id=DefaultOperationId{id=write, type=COMMAND}, value=byte[]{length=17, hash=-1644578928}}}}
21:46:30.430 [raft-server-3] TRACE i.a.p.raft.roles.LeaderAppender - RaftServer{3} - Sending AppendRequest{term=1, leader=3, prevLogIndex=14, prevLogTerm=1, entries=1, commitIndex=14} to 2
21:46:30.430 [raft-server-2] TRACE i.a.p.raft.roles.FollowerRole - RaftServer{2}{role=FOLLOWER} - Received AppendRequest{term=1, leader=3, prevLogIndex=14, prevLogTerm=1, entries=1, commitIndex=14}
21:46:30.430 [raft-server-3] TRACE i.a.p.raft.roles.LeaderAppender - RaftServer{3} - Sending AppendRequest{term=1, leader=3, prevLogIndex=14, prevLogTerm=1, entries=1, commitIndex=14} to 1
21:46:30.430 [raft-server-1] TRACE i.a.p.raft.roles.FollowerRole - RaftServer{1}{role=FOLLOWER} - Received AppendRequest{term=1, leader=3, prevLogIndex=14, prevLogTerm=1, entries=1, commitIndex=14}
21:46:30.430 [raft-server-2] TRACE i.a.p.raft.roles.FollowerRole - RaftServer{2}{role=FOLLOWER} - Appended Indexed{index=15, entry=CommandEntry{term=1, timestamp=2018-06-05 09:46:30,430, session=2, sequence=11, operation=PrimitiveOperation{id=DefaultOperationId{id=write, type=COMMAND}, value=byte[]{length=17, hash=-1644578928}}}}
21:46:30.430 [raft-server-2] TRACE i.a.p.raft.roles.FollowerRole - RaftServer{2}{role=FOLLOWER} - Sending AppendResponse{status=OK, term=1, succeeded=true, lastLogIndex=15}
21:46:30.430 [raft-server-3] TRACE i.a.p.raft.roles.LeaderAppender - RaftServer{3} - Received AppendResponse{status=OK, term=1, succeeded=true, lastLogIndex=15} from 2
21:46:30.430 [raft-server-1] TRACE i.a.p.raft.roles.FollowerRole - RaftServer{1}{role=FOLLOWER} - Appended Indexed{index=15, entry=CommandEntry{term=1, timestamp=2018-06-05 09:46:30,430, session=2, sequence=11, operation=PrimitiveOperation{id=DefaultOperationId{id=write, type=COMMAND}, value=byte[]{length=17, hash=-1644578928}}}}
21:46:30.430 [raft-server-3] TRACE i.a.p.raft.roles.LeaderAppender - RaftServer{3} - Committed entries up to 15
21:46:30.430 [raft-server-1] TRACE i.a.p.raft.roles.FollowerRole - RaftServer{1}{role=FOLLOWER} - Sending AppendResponse{status=OK, term=1, succeeded=true, lastLogIndex=15}
21:46:30.462 [raft-server-3] TRACE i.a.p.raft.roles.LeaderAppender - RaftServer{3} - Received AppendResponse{status=OK, term=1, succeeded=true, lastLogIndex=15} from 1
21:46:30.462 [raft-server-3-state] TRACE i.a.p.raft.impl.RaftServiceManager - RaftServer{3} - Applying Indexed{index=15, entry=CommandEntry{term=1, timestamp=2018-06-05 09:46:30,430, session=2, sequence=11, operation=PrimitiveOperation{id=DefaultOperationId{id=write, type=COMMAND}, value=byte[]{length=17, hash=-1644578928}}}}
21:46:30.462 [raft-server-3-state] TRACE i.a.p.s.impl.DefaultServiceExecutor - PrimitiveService{2}{type=PrimitiveType{name=test}, name=test} - Executing DefaultCommit{index=15, session=RaftSession{RaftServiceContext{server=3, type=PrimitiveType{name=test}, name=test, id=2}, session=2, timestamp=2018-06-05 09:46:30,430}, time=2018-06-05 09:46:30,430, operation=DefaultOperationId{id=write, type=COMMAND}, value=byte[]{length=17, hash=-1644578928}}
21:46:30.462 [raft-server-3-state] TRACE i.a.protocols.raft.roles.LeaderRole - RaftServer{3}{role=LEADER} - Sending CommandResponse{status=OK, index=15, eventIndex=2, result=byte[]{length=2, hash=1270}}
21:46:30.462 [raft-server-2] TRACE i.a.p.raft.roles.FollowerRole - RaftServer{2}{role=FOLLOWER} - Sending CommandResponse{status=OK, index=15, eventIndex=2, result=byte[]{length=2, hash=1270}}
21:46:30.462 [raft-client-2f4c8c2a-86e3-4c0e-9770-cf34b8eb1c33-1] TRACE i.a.p.r.p.impl.RaftProxyConnection - PartitionProxy{2}{type=PrimitiveType{name=test}, name=test} - Received CommandResponse{status=OK, index=15, eventIndex=2, result=byte[]{length=2, hash=1270}} from 2
21:46:30.462 [raft-client-2f4c8c2a-86e3-4c0e-9770-cf34b8eb1c33-1] TRACE i.a.p.r.p.impl.RaftProxySequencer - PartitionProxy{2}{type=PrimitiveType{name=test}, name=test} - Completing response CommandResponse{status=OK, index=15, eventIndex=2, result=byte[]{length=2, hash=1270}}
21:46:30.463 [raft-client-2f4c8c2a-86e3-4c0e-9770-cf34b8eb1c33-0] TRACE i.a.p.r.p.impl.RaftProxyConnection - PartitionProxy{2}{type=PrimitiveType{name=test}, name=test} - Sending CommandRequest{session=2, sequence=12, operation=PrimitiveOperation{id=DefaultOperationId{id=write, type=COMMAND}, value=byte[]{length=17, hash=-1644578928}}} to 2
21:46:30.463 [raft-server-2] TRACE i.a.p.raft.roles.FollowerRole - RaftServer{2}{role=FOLLOWER} - Received CommandRequest{session=2, sequence=12, operation=PrimitiveOperation{id=DefaultOperationId{id=write, type=COMMAND}, value=byte[]{length=17, hash=-1644578928}}}
21:46:30.463 [raft-server-3] TRACE i.a.protocols.raft.roles.LeaderRole - RaftServer{3}{role=LEADER} - Received CommandRequest{session=2, sequence=12, operation=PrimitiveOperation{id=DefaultOperationId{id=write, type=COMMAND}, value=byte[]{length=17, hash=-1644578928}}}
21:46:30.463 [raft-server-3] TRACE i.a.protocols.raft.roles.LeaderRole - RaftServer{3}{role=LEADER} - Appended Indexed{index=16, entry=CommandEntry{term=1, timestamp=2018-06-05 09:46:30,463, session=2, sequence=12, operation=PrimitiveOperation{id=DefaultOperationId{id=write, type=COMMAND}, value=byte[]{length=17, hash=-1644578928}}}}
21:46:30.463 [raft-server-3] TRACE i.a.p.raft.roles.LeaderAppender - RaftServer{3} - Sending AppendRequest{term=1, leader=3, prevLogIndex=15, prevLogTerm=1, entries=1, commitIndex=15} to 2
21:46:30.463 [raft-server-2] TRACE i.a.p.raft.roles.FollowerRole - RaftServer{2}{role=FOLLOWER} - Received AppendRequest{term=1, leader=3, prevLogIndex=15, prevLogTerm=1, entries=1, commitIndex=15}
21:46:30.463 [raft-server-3] TRACE i.a.p.raft.roles.LeaderAppender - RaftServer{3} - Sending AppendRequest{term=1, leader=3, prevLogIndex=15, prevLogTerm=1, entries=1, commitIndex=15} to 1
21:46:30.463 [raft-server-1] TRACE i.a.p.raft.roles.FollowerRole - RaftServer{1}{role=FOLLOWER} - Received AppendRequest{term=1, leader=3, prevLogIndex=15, prevLogTerm=1, entries=1, commitIndex=15}
21:46:30.463 [raft-server-2] TRACE i.a.p.raft.roles.FollowerRole - RaftServer{2}{role=FOLLOWER} - Appended Indexed{index=16, entry=CommandEntry{term=1, timestamp=2018-06-05 09:46:30,463, session=2, sequence=12, operation=PrimitiveOperation{id=DefaultOperationId{id=write, type=COMMAND}, value=byte[]{length=17, hash=-1644578928}}}}
21:46:30.464 [raft-server-1] TRACE i.a.p.raft.roles.FollowerRole - RaftServer{1}{role=FOLLOWER} - Appended Indexed{index=16, entry=CommandEntry{term=1, timestamp=2018-06-05 09:46:30,463, session=2, sequence=12, operation=PrimitiveOperation{id=DefaultOperationId{id=write, type=COMMAND}, value=byte[]{length=17, hash=-1644578928}}}}
21:46:30.500 [raft-server-2] TRACE i.a.p.raft.roles.FollowerRole - RaftServer{2}{role=FOLLOWER} - Committed entries up to index 15
21:46:30.500 [raft-server-1] TRACE i.a.p.raft.roles.FollowerRole - RaftServer{1}{role=FOLLOWER} - Committed entries up to index 15
21:46:30.500 [raft-server-2] TRACE i.a.p.raft.roles.FollowerRole - RaftServer{2}{role=FOLLOWER} - Sending AppendResponse{status=OK, term=1, succeeded=true, lastLogIndex=16}
21:46:30.500 [raft-server-1] TRACE i.a.p.raft.roles.FollowerRole - RaftServer{1}{role=FOLLOWER} - Sending AppendResponse{status=OK, term=1, succeeded=true, lastLogIndex=16}
21:46:30.500 [raft-server-3] TRACE i.a.p.raft.roles.LeaderAppender - RaftServer{3} - Received AppendResponse{status=OK, term=1, succeeded=true, lastLogIndex=16} from 2
21:46:30.500 [raft-server-2-state] TRACE i.a.p.raft.impl.RaftServiceManager - RaftServer{2} - Applying Indexed{index=15, entry=CommandEntry{term=1, timestamp=2018-06-05 09:46:30,430, session=2, sequence=11, operation=PrimitiveOperation{id=DefaultOperationId{id=write, type=COMMAND}, value=byte[]{length=17, hash=-1644578928}}}}
21:46:30.501 [raft-server-3] TRACE i.a.p.raft.roles.LeaderAppender - RaftServer{3} - Committed entries up to 16
21:46:30.501 [raft-server-1-state] TRACE i.a.p.raft.impl.RaftServiceManager - RaftServer{1} - Applying Indexed{index=15, entry=CommandEntry{term=1, timestamp=2018-06-05 09:46:30,430, session=2, sequence=11, operation=PrimitiveOperation{id=DefaultOperationId{id=write, type=COMMAND}, value=byte[]{length=17, hash=-1644578928}}}}
21:46:30.501 [raft-server-2-state] TRACE i.a.p.s.impl.DefaultServiceExecutor - PrimitiveService{2}{type=PrimitiveType{name=test}, name=test} - Executing DefaultCommit{index=15, session=RaftSession{RaftServiceContext{server=2, type=PrimitiveType{name=test}, name=test, id=2}, session=2, timestamp=2018-06-05 09:46:30,430}, time=2018-06-05 09:46:30,430, operation=DefaultOperationId{id=write, type=COMMAND}, value=byte[]{length=17, hash=-1644578928}}
21:46:30.501 [raft-server-1-state] TRACE i.a.p.s.impl.DefaultServiceExecutor - PrimitiveService{2}{type=PrimitiveType{name=test}, name=test} - Executing DefaultCommit{index=15, session=RaftSession{RaftServiceContext{server=1, type=PrimitiveType{name=test}, name=test, id=2}, session=2, timestamp=2018-06-05 09:46:30,430}, time=2018-06-05 09:46:30,430, operation=DefaultOperationId{id=write, type=COMMAND}, value=byte[]{length=17, hash=-1644578928}}
21:46:30.534 [raft-server-3] TRACE i.a.p.raft.roles.LeaderAppender - RaftServer{3} - Received AppendResponse{status=OK, term=1, succeeded=true, lastLogIndex=16} from 1
21:46:30.534 [raft-server-3-state] TRACE i.a.p.raft.impl.RaftServiceManager - RaftServer{3} - Applying Indexed{index=16, entry=CommandEntry{term=1, timestamp=2018-06-05 09:46:30,463, session=2, sequence=12, operation=PrimitiveOperation{id=DefaultOperationId{id=write, type=COMMAND}, value=byte[]{length=17, hash=-1644578928}}}}
21:46:30.534 [raft-server-3-state] TRACE i.a.p.s.impl.DefaultServiceExecutor - PrimitiveService{2}{type=PrimitiveType{name=test}, name=test} - Executing DefaultCommit{index=16, session=RaftSession{RaftServiceContext{server=3, type=PrimitiveType{name=test}, name=test, id=2}, session=2, timestamp=2018-06-05 09:46:30,463}, time=2018-06-05 09:46:30,463, operation=DefaultOperationId{id=write, type=COMMAND}, value=byte[]{length=17, hash=-1644578928}}
21:46:30.534 [raft-server-3-state] TRACE i.a.protocols.raft.roles.LeaderRole - RaftServer{3}{role=LEADER} - Sending CommandResponse{status=OK, index=16, eventIndex=2, result=byte[]{length=2, hash=1272}}
21:46:30.534 [raft-server-2] TRACE i.a.p.raft.roles.FollowerRole - RaftServer{2}{role=FOLLOWER} - Sending CommandResponse{status=OK, index=16, eventIndex=2, result=byte[]{length=2, hash=1272}}
21:46:30.534 [raft-client-2f4c8c2a-86e3-4c0e-9770-cf34b8eb1c33-2] TRACE i.a.p.r.p.impl.RaftProxyConnection - PartitionProxy{2}{type=PrimitiveType{name=test}, name=test} - Received CommandResponse{status=OK, index=16, eventIndex=2, result=byte[]{length=2, hash=1272}} from 2
21:46:30.534 [raft-client-2f4c8c2a-86e3-4c0e-9770-cf34b8eb1c33-2] TRACE i.a.p.r.p.impl.RaftProxySequencer - PartitionProxy{2}{type=PrimitiveType{name=test}, name=test} - Completing response CommandResponse{status=OK, index=16, eventIndex=2, result=byte[]{length=2, hash=1272}}
21:46:30.535 [raft-client-2f4c8c2a-86e3-4c0e-9770-cf34b8eb1c33-2] TRACE i.a.p.r.p.impl.RaftProxyConnection - PartitionProxy{2}{type=PrimitiveType{name=test}, name=test} - Sending CommandRequest{session=2, sequence=13, operation=PrimitiveOperation{id=DefaultOperationId{id=write, type=COMMAND}, value=byte[]{length=17, hash=-1644578928}}} to 2
21:46:30.535 [raft-server-2] TRACE i.a.p.raft.roles.FollowerRole - RaftServer{2}{role=FOLLOWER} - Received CommandRequest{session=2, sequence=13, operation=PrimitiveOperation{id=DefaultOperationId{id=write, type=COMMAND}, value=byte[]{length=17, hash=-1644578928}}}
21:46:30.535 [raft-server-3] TRACE i.a.protocols.raft.roles.LeaderRole - RaftServer{3}{role=LEADER} - Received CommandRequest{session=2, sequence=13, operation=PrimitiveOperation{id=DefaultOperationId{id=write, type=COMMAND}, value=byte[]{length=17, hash=-1644578928}}}
21:46:30.535 [raft-server-3] TRACE i.a.protocols.raft.roles.LeaderRole - RaftServer{3}{role=LEADER} - Appended Indexed{index=17, entry=CommandEntry{term=1, timestamp=2018-06-05 09:46:30,535, session=2, sequence=13, operation=PrimitiveOperation{id=DefaultOperationId{id=write, type=COMMAND}, value=byte[]{length=17, hash=-1644578928}}}}
21:46:30.535 [raft-server-3] TRACE i.a.p.raft.roles.LeaderAppender - RaftServer{3} - Sending AppendRequest{term=1, leader=3, prevLogIndex=16, prevLogTerm=1, entries=1, commitIndex=16} to 2
21:46:30.535 [raft-server-2] TRACE i.a.p.raft.roles.FollowerRole - RaftServer{2}{role=FOLLOWER} - Received AppendRequest{term=1, leader=3, prevLogIndex=16, prevLogTerm=1, entries=1, commitIndex=16}
21:46:30.535 [raft-server-3] TRACE i.a.p.raft.roles.LeaderAppender - RaftServer{3} - Sending AppendRequest{term=1, leader=3, prevLogIndex=16, prevLogTerm=1, entries=1, commitIndex=16} to 1
21:46:30.535 [raft-server-1] TRACE i.a.p.raft.roles.FollowerRole - RaftServer{1}{role=FOLLOWER} - Received AppendRequest{term=1, leader=3, prevLogIndex=16, prevLogTerm=1, entries=1, commitIndex=16}
21:46:30.535 [raft-server-2] TRACE i.a.p.raft.roles.FollowerRole - RaftServer{2}{role=FOLLOWER} - Appended Indexed{index=17, entry=CommandEntry{term=1, timestamp=2018-06-05 09:46:30,535, session=2, sequence=13, operation=PrimitiveOperation{id=DefaultOperationId{id=write, type=COMMAND}, value=byte[]{length=17, hash=-1644578928}}}}
21:46:30.535 [raft-server-1] TRACE i.a.p.raft.roles.FollowerRole - RaftServer{1}{role=FOLLOWER} - Appended Indexed{index=17, entry=CommandEntry{term=1, timestamp=2018-06-05 09:46:30,535, session=2, sequence=13, operation=PrimitiveOperation{id=DefaultOperationId{id=write, type=COMMAND}, value=byte[]{length=17, hash=-1644578928}}}}
21:46:30.570 [raft-server-2] TRACE i.a.p.raft.roles.FollowerRole - RaftServer{2}{role=FOLLOWER} - Committed entries up to index 16
21:46:30.570 [raft-server-1] TRACE i.a.p.raft.roles.FollowerRole - RaftServer{1}{role=FOLLOWER} - Committed entries up to index 16
21:46:30.570 [raft-server-2] TRACE i.a.p.raft.roles.FollowerRole - RaftServer{2}{role=FOLLOWER} - Sending AppendResponse{status=OK, term=1, succeeded=true, lastLogIndex=17}
21:46:30.570 [raft-server-1] TRACE i.a.p.raft.roles.FollowerRole - RaftServer{1}{role=FOLLOWER} - Sending AppendResponse{status=OK, term=1, succeeded=true, lastLogIndex=17}
21:46:30.570 [raft-server-3] TRACE i.a.p.raft.roles.LeaderAppender - RaftServer{3} - Received AppendResponse{status=OK, term=1, succeeded=true, lastLogIndex=17} from 2
21:46:30.570 [raft-server-1-state] TRACE i.a.p.raft.impl.RaftServiceManager - RaftServer{1} - Applying Indexed{index=16, entry=CommandEntry{term=1, timestamp=2018-06-05 09:46:30,463, session=2, sequence=12, operation=PrimitiveOperation{id=DefaultOperationId{id=write, type=COMMAND}, value=byte[]{length=17, hash=-1644578928}}}}
21:46:30.570 [raft-server-2-state] TRACE i.a.p.raft.impl.RaftServiceManager - RaftServer{2} - Applying Indexed{index=16, entry=CommandEntry{term=1, timestamp=2018-06-05 09:46:30,463, session=2, sequence=12, operation=PrimitiveOperation{id=DefaultOperationId{id=write, type=COMMAND}, value=byte[]{length=17, hash=-1644578928}}}}
21:46:30.570 [raft-server-3] TRACE i.a.p.raft.roles.LeaderAppender - RaftServer{3} - Committed entries up to 17
21:46:30.570 [raft-server-1-state] TRACE i.a.p.s.impl.DefaultServiceExecutor - PrimitiveService{2}{type=PrimitiveType{name=test}, name=test} - Executing DefaultCommit{index=16, session=RaftSession{RaftServiceContext{server=1, type=PrimitiveType{name=test}, name=test, id=2}, session=2, timestamp=2018-06-05 09:46:30,463}, time=2018-06-05 09:46:30,463, operation=DefaultOperationId{id=write, type=COMMAND}, value=byte[]{length=17, hash=-1644578928}}
21:46:30.570 [raft-server-2-state] TRACE i.a.p.s.impl.DefaultServiceExecutor - PrimitiveService{2}{type=PrimitiveType{name=test}, name=test} - Executing DefaultCommit{index=16, session=RaftSession{RaftServiceContext{server=2, type=PrimitiveType{name=test}, name=test, id=2}, session=2, timestamp=2018-06-05 09:46:30,463}, time=2018-06-05 09:46:30,463, operation=DefaultOperationId{id=write, type=COMMAND}, value=byte[]{length=17, hash=-1644578928}}
21:46:30.603 [raft-server-3] TRACE i.a.p.raft.roles.LeaderAppender - RaftServer{3} - Received AppendResponse{status=OK, term=1, succeeded=true, lastLogIndex=17} from 1
21:46:30.603 [raft-server-3] TRACE i.a.p.raft.roles.LeaderAppender - RaftServer{3} - Sending AppendRequest{term=1, leader=3, prevLogIndex=17, prevLogTerm=1, entries=0, commitIndex=17} to 2
21:46:30.603 [raft-server-3] TRACE i.a.p.raft.roles.LeaderAppender - RaftServer{3} - Sending AppendRequest{term=1, leader=3, prevLogIndex=17, prevLogTerm=1, entries=0, commitIndex=17} to 1
21:46:30.603 [raft-server-1] TRACE i.a.p.raft.roles.FollowerRole - RaftServer{1}{role=FOLLOWER} - Received AppendRequest{term=1, leader=3, prevLogIndex=17, prevLogTerm=1, entries=0, commitIndex=17}
21:46:30.603 [raft-server-2] TRACE i.a.p.raft.roles.FollowerRole - RaftServer{2}{role=FOLLOWER} - Received AppendRequest{term=1, leader=3, prevLogIndex=17, prevLogTerm=1, entries=0, commitIndex=17}
21:46:30.604 [raft-server-3-state] TRACE i.a.p.raft.impl.RaftServiceManager - RaftServer{3} - Applying Indexed{index=17, entry=CommandEntry{term=1, timestamp=2018-06-05 09:46:30,535, session=2, sequence=13, operation=PrimitiveOperation{id=DefaultOperationId{id=write, type=COMMAND}, value=byte[]{length=17, hash=-1644578928}}}}
21:46:30.604 [raft-server-3-state] TRACE i.a.p.s.impl.DefaultServiceExecutor - PrimitiveService{2}{type=PrimitiveType{name=test}, name=test} - Executing DefaultCommit{index=17, session=RaftSession{RaftServiceContext{server=3, type=PrimitiveType{name=test}, name=test, id=2}, session=2, timestamp=2018-06-05 09:46:30,535}, time=2018-06-05 09:46:30,535, operation=DefaultOperationId{id=write, type=COMMAND}, value=byte[]{length=17, hash=-1644578928}}
21:46:30.604 [raft-server-3-state] TRACE i.a.protocols.raft.roles.LeaderRole - RaftServer{3}{role=LEADER} - Sending CommandResponse{status=OK, index=17, eventIndex=2, result=byte[]{length=2, hash=1274}}
21:46:30.628 [raft-server-2] TRACE i.a.p.raft.roles.FollowerRole - RaftServer{2}{role=FOLLOWER} - Committed entries up to index 17
21:46:30.628 [raft-server-1] TRACE i.a.p.raft.roles.FollowerRole - RaftServer{1}{role=FOLLOWER} - Committed entries up to index 17
21:46:30.628 [raft-server-2] TRACE i.a.p.raft.roles.FollowerRole - RaftServer{2}{role=FOLLOWER} - Sending AppendResponse{status=OK, term=1, succeeded=true, lastLogIndex=17}
21:46:30.628 [raft-server-1] TRACE i.a.p.raft.roles.FollowerRole - RaftServer{1}{role=FOLLOWER} - Sending AppendResponse{status=OK, term=1, succeeded=true, lastLogIndex=17}
21:46:30.628 [raft-server-2] TRACE i.a.p.raft.roles.FollowerRole - RaftServer{2}{role=FOLLOWER} - Sending CommandResponse{status=OK, index=17, eventIndex=2, result=byte[]{length=2, hash=1274}}
21:46:30.628 [raft-server-3] TRACE i.a.p.raft.roles.LeaderAppender - RaftServer{3} - Received AppendResponse{status=OK, term=1, succeeded=true, lastLogIndex=17} from 2
21:46:30.628 [raft-server-1-state] TRACE i.a.p.raft.impl.RaftServiceManager - RaftServer{1} - Applying Indexed{index=17, entry=CommandEntry{term=1, timestamp=2018-06-05 09:46:30,535, session=2, sequence=13, operation=PrimitiveOperation{id=DefaultOperationId{id=write, type=COMMAND}, value=byte[]{length=17, hash=-1644578928}}}}
21:46:30.628 [raft-client-2f4c8c2a-86e3-4c0e-9770-cf34b8eb1c33-6] TRACE i.a.p.r.p.impl.RaftProxyConnection - PartitionProxy{2}{type=PrimitiveType{name=test}, name=test} - Received CommandResponse{status=OK, index=17, eventIndex=2, result=byte[]{length=2, hash=1274}} from 2
21:46:30.628 [raft-server-3] TRACE i.a.p.raft.roles.LeaderAppender - RaftServer{3} - Sending AppendRequest{term=1, leader=3, prevLogIndex=17, prevLogTerm=1, entries=0, commitIndex=17} to 2
21:46:30.628 [raft-server-2-state] TRACE i.a.p.raft.impl.RaftServiceManager - RaftServer{2} - Applying Indexed{index=17, entry=CommandEntry{term=1, timestamp=2018-06-05 09:46:30,535, session=2, sequence=13, operation=PrimitiveOperation{id=DefaultOperationId{id=write, type=COMMAND}, value=byte[]{length=17, hash=-1644578928}}}}
21:46:30.628 [raft-server-1-state] TRACE i.a.p.s.impl.DefaultServiceExecutor - PrimitiveService{2}{type=PrimitiveType{name=test}, name=test} - Executing DefaultCommit{index=17, session=RaftSession{RaftServiceContext{server=1, type=PrimitiveType{name=test}, name=test, id=2}, session=2, timestamp=2018-06-05 09:46:30,535}, time=2018-06-05 09:46:30,535, operation=DefaultOperationId{id=write, type=COMMAND}, value=byte[]{length=17, hash=-1644578928}}
21:46:30.629 [raft-client-2f4c8c2a-86e3-4c0e-9770-cf34b8eb1c33-6] TRACE i.a.p.r.p.impl.RaftProxySequencer - PartitionProxy{2}{type=PrimitiveType{name=test}, name=test} - Completing response CommandResponse{status=OK, index=17, eventIndex=2, result=byte[]{length=2, hash=1274}}
21:46:30.629 [raft-server-3] TRACE i.a.p.raft.roles.LeaderAppender - RaftServer{3} - Received AppendResponse{status=OK, term=1, succeeded=true, lastLogIndex=17} from 1
21:46:30.629 [raft-server-2] TRACE i.a.p.raft.roles.FollowerRole - RaftServer{2}{role=FOLLOWER} - Received AppendRequest{term=1, leader=3, prevLogIndex=17, prevLogTerm=1, entries=0, commitIndex=17}
21:46:30.629 [raft-server-2-state] TRACE i.a.p.s.impl.DefaultServiceExecutor - PrimitiveService{2}{type=PrimitiveType{name=test}, name=test} - Executing DefaultCommit{index=17, session=RaftSession{RaftServiceContext{server=2, type=PrimitiveType{name=test}, name=test, id=2}, session=2, timestamp=2018-06-05 09:46:30,535}, time=2018-06-05 09:46:30,535, operation=DefaultOperationId{id=write, type=COMMAND}, value=byte[]{length=17, hash=-1644578928}}
21:46:30.629 [raft-server-3] TRACE i.a.p.raft.roles.LeaderAppender - RaftServer{3} - Sending AppendRequest{term=1, leader=3, prevLogIndex=17, prevLogTerm=1, entries=0, commitIndex=17} to 1
21:46:30.629 [raft-server-2] TRACE i.a.p.raft.roles.FollowerRole - RaftServer{2}{role=FOLLOWER} - Sending AppendResponse{status=OK, term=1, succeeded=true, lastLogIndex=17}
21:46:30.629 [raft-server-1] TRACE i.a.p.raft.roles.FollowerRole - RaftServer{1}{role=FOLLOWER} - Received AppendRequest{term=1, leader=3, prevLogIndex=17, prevLogTerm=1, entries=0, commitIndex=17}
21:46:30.629 [raft-client-2f4c8c2a-86e3-4c0e-9770-cf34b8eb1c33-4] TRACE i.a.p.r.p.impl.RaftProxyConnection - PartitionProxy{2}{type=PrimitiveType{name=test}, name=test} - Sending CommandRequest{session=2, sequence=14, operation=PrimitiveOperation{id=DefaultOperationId{id=write, type=COMMAND}, value=byte[]{length=17, hash=-1644578928}}} to 2
21:46:30.629 [raft-server-1] TRACE i.a.p.raft.roles.FollowerRole - RaftServer{1}{role=FOLLOWER} - Sending AppendResponse{status=OK, term=1, succeeded=true, lastLogIndex=17}
21:46:30.629 [raft-server-3] TRACE i.a.p.raft.roles.LeaderAppender - RaftServer{3} - Received AppendResponse{status=OK, term=1, succeeded=true, lastLogIndex=17} from 2
21:46:30.629 [raft-server-2] TRACE i.a.p.raft.roles.FollowerRole - RaftServer{2}{role=FOLLOWER} - Received CommandRequest{session=2, sequence=14, operation=PrimitiveOperation{id=DefaultOperationId{id=write, type=COMMAND}, value=byte[]{length=17, hash=-1644578928}}}
21:46:30.629 [raft-server-3] TRACE i.a.p.raft.roles.LeaderAppender - RaftServer{3} - Received AppendResponse{status=OK, term=1, succeeded=true, lastLogIndex=17} from 1
21:46:30.629 [raft-server-3] TRACE i.a.protocols.raft.roles.LeaderRole - RaftServer{3}{role=LEADER} - Received CommandRequest{session=2, sequence=14, operation=PrimitiveOperation{id=DefaultOperationId{id=write, type=COMMAND}, value=byte[]{length=17, hash=-1644578928}}}
21:46:30.629 [raft-server-3] TRACE i.a.protocols.raft.roles.LeaderRole - RaftServer{3}{role=LEADER} - Appended Indexed{index=18, entry=CommandEntry{term=1, timestamp=2018-06-05 09:46:30,629, session=2, sequence=14, operation=PrimitiveOperation{id=DefaultOperationId{id=write, type=COMMAND}, value=byte[]{length=17, hash=-1644578928}}}}
21:46:30.630 [raft-server-3] TRACE i.a.p.raft.roles.LeaderAppender - RaftServer{3} - Sending AppendRequest{term=1, leader=3, prevLogIndex=17, prevLogTerm=1, entries=1, commitIndex=17} to 2
21:46:30.630 [raft-server-2] TRACE i.a.p.raft.roles.FollowerRole - RaftServer{2}{role=FOLLOWER} - Received AppendRequest{term=1, leader=3, prevLogIndex=17, prevLogTerm=1, entries=1, commitIndex=17}
21:46:30.630 [raft-server-3] TRACE i.a.p.raft.roles.LeaderAppender - RaftServer{3} - Sending AppendRequest{term=1, leader=3, prevLogIndex=17, prevLogTerm=1, entries=1, commitIndex=17} to 1
21:46:30.630 [raft-server-1] TRACE i.a.p.raft.roles.FollowerRole - RaftServer{1}{role=FOLLOWER} - Received AppendRequest{term=1, leader=3, prevLogIndex=17, prevLogTerm=1, entries=1, commitIndex=17}
21:46:30.630 [raft-server-2] TRACE i.a.p.raft.roles.FollowerRole - RaftServer{2}{role=FOLLOWER} - Appended Indexed{index=18, entry=CommandEntry{term=1, timestamp=2018-06-05 09:46:30,629, session=2, sequence=14, operation=PrimitiveOperation{id=DefaultOperationId{id=write, type=COMMAND}, value=byte[]{length=17, hash=-1644578928}}}}
21:46:30.630 [raft-server-2] TRACE i.a.p.raft.roles.FollowerRole - RaftServer{2}{role=FOLLOWER} - Sending AppendResponse{status=OK, term=1, succeeded=true, lastLogIndex=18}
21:46:30.630 [raft-server-3] TRACE i.a.p.raft.roles.LeaderAppender - RaftServer{3} - Received AppendResponse{status=OK, term=1, succeeded=true, lastLogIndex=18} from 2
21:46:30.630 [raft-server-1] TRACE i.a.p.raft.roles.FollowerRole - RaftServer{1}{role=FOLLOWER} - Appended Indexed{index=18, entry=CommandEntry{term=1, timestamp=2018-06-05 09:46:30,629, session=2, sequence=14, operation=PrimitiveOperation{id=DefaultOperationId{id=write, type=COMMAND}, value=byte[]{length=17, hash=-1644578928}}}}
21:46:30.630 [raft-server-3] TRACE i.a.p.raft.roles.LeaderAppender - RaftServer{3} - Committed entries up to 18
21:46:30.630 [raft-server-1] TRACE i.a.p.raft.roles.FollowerRole - RaftServer{1}{role=FOLLOWER} - Sending AppendResponse{status=OK, term=1, succeeded=true, lastLogIndex=18}
21:46:30.662 [raft-server-3] TRACE i.a.p.raft.roles.LeaderAppender - RaftServer{3} - Received AppendResponse{status=OK, term=1, succeeded=true, lastLogIndex=18} from 1
21:46:30.662 [raft-server-3-state] TRACE i.a.p.raft.impl.RaftServiceManager - RaftServer{3} - Applying Indexed{index=18, entry=CommandEntry{term=1, timestamp=2018-06-05 09:46:30,629, session=2, sequence=14, operation=PrimitiveOperation{id=DefaultOperationId{id=write, type=COMMAND}, value=byte[]{length=17, hash=-1644578928}}}}
21:46:30.662 [raft-server-3-state] TRACE i.a.p.s.impl.DefaultServiceExecutor - PrimitiveService{2}{type=PrimitiveType{name=test}, name=test} - Executing DefaultCommit{index=18, session=RaftSession{RaftServiceContext{server=3, type=PrimitiveType{name=test}, name=test, id=2}, session=2, timestamp=2018-06-05 09:46:30,629}, time=2018-06-05 09:46:30,629, operation=DefaultOperationId{id=write, type=COMMAND}, value=byte[]{length=17, hash=-1644578928}}
21:46:30.662 [raft-server-3-state] TRACE i.a.protocols.raft.roles.LeaderRole - RaftServer{3}{role=LEADER} - Sending CommandResponse{status=OK, index=18, eventIndex=2, result=byte[]{length=2, hash=1276}}
21:46:30.662 [raft-server-2] TRACE i.a.p.raft.roles.FollowerRole - RaftServer{2}{role=FOLLOWER} - Sending CommandResponse{status=OK, index=18, eventIndex=2, result=byte[]{length=2, hash=1276}}
21:46:30.662 [raft-client-2f4c8c2a-86e3-4c0e-9770-cf34b8eb1c33-2] TRACE i.a.p.r.p.impl.RaftProxyConnection - PartitionProxy{2}{type=PrimitiveType{name=test}, name=test} - Received CommandResponse{status=OK, index=18, eventIndex=2, result=byte[]{length=2, hash=1276}} from 2
21:46:30.662 [raft-client-2f4c8c2a-86e3-4c0e-9770-cf34b8eb1c33-2] TRACE i.a.p.r.p.impl.RaftProxySequencer - PartitionProxy{2}{type=PrimitiveType{name=test}, name=test} - Completing response CommandResponse{status=OK, index=18, eventIndex=2, result=byte[]{length=2, hash=1276}}
21:46:30.662 [raft-client-2f4c8c2a-86e3-4c0e-9770-cf34b8eb1c33-2] TRACE i.a.p.r.p.impl.RaftProxyConnection - PartitionProxy{2}{type=PrimitiveType{name=test}, name=test} - Sending CommandRequest{session=2, sequence=15, operation=PrimitiveOperation{id=DefaultOperationId{id=write, type=COMMAND}, value=byte[]{length=17, hash=-1644578928}}} to 2
21:46:30.663 [raft-server-2] TRACE i.a.p.raft.roles.FollowerRole - RaftServer{2}{role=FOLLOWER} - Received CommandRequest{session=2, sequence=15, operation=PrimitiveOperation{id=DefaultOperationId{id=write, type=COMMAND}, value=byte[]{length=17, hash=-1644578928}}}
21:46:30.663 [raft-server-3] TRACE i.a.protocols.raft.roles.LeaderRole - RaftServer{3}{role=LEADER} - Received CommandRequest{session=2, sequence=15, operation=PrimitiveOperation{id=DefaultOperationId{id=write, type=COMMAND}, value=byte[]{length=17, hash=-1644578928}}}
21:46:30.663 [raft-server-3] TRACE i.a.protocols.raft.roles.LeaderRole - RaftServer{3}{role=LEADER} - Appended Indexed{index=19, entry=CommandEntry{term=1, timestamp=2018-06-05 09:46:30,663, session=2, sequence=15, operation=PrimitiveOperation{id=DefaultOperationId{id=write, type=COMMAND}, value=byte[]{length=17, hash=-1644578928}}}}
21:46:30.663 [raft-server-3] TRACE i.a.p.raft.roles.LeaderAppender - RaftServer{3} - Sending AppendRequest{term=1, leader=3, prevLogIndex=18, prevLogTerm=1, entries=1, commitIndex=18} to 2
21:46:30.663 [raft-server-2] TRACE i.a.p.raft.roles.FollowerRole - RaftServer{2}{role=FOLLOWER} - Received AppendRequest{term=1, leader=3, prevLogIndex=18, prevLogTerm=1, entries=1, commitIndex=18}
21:46:30.663 [raft-server-3] TRACE i.a.p.raft.roles.LeaderAppender - RaftServer{3} - Sending AppendRequest{term=1, leader=3, prevLogIndex=18, prevLogTerm=1, entries=1, commitIndex=18} to 1
21:46:30.663 [raft-server-1] TRACE i.a.p.raft.roles.FollowerRole - RaftServer{1}{role=FOLLOWER} - Received AppendRequest{term=1, leader=3, prevLogIndex=18, prevLogTerm=1, entries=1, commitIndex=18}
21:46:30.663 [raft-server-2] TRACE i.a.p.raft.roles.FollowerRole - RaftServer{2}{role=FOLLOWER} - Appended Indexed{index=19, entry=CommandEntry{term=1, timestamp=2018-06-05 09:46:30,663, session=2, sequence=15, operation=PrimitiveOperation{id=DefaultOperationId{id=write, type=COMMAND}, value=byte[]{length=17, hash=-1644578928}}}}
21:46:30.663 [raft-server-1] TRACE i.a.p.raft.roles.FollowerRole - RaftServer{1}{role=FOLLOWER} - Appended Indexed{index=19, entry=CommandEntry{term=1, timestamp=2018-06-05 09:46:30,663, session=2, sequence=15, operation=PrimitiveOperation{id=DefaultOperationId{id=write, type=COMMAND}, value=byte[]{length=17, hash=-1644578928}}}}
21:46:30.700 [raft-server-2] TRACE i.a.p.raft.roles.FollowerRole - RaftServer{2}{role=FOLLOWER} - Committed entries up to index 18
21:46:30.700 [raft-server-1] TRACE i.a.p.raft.roles.FollowerRole - RaftServer{1}{role=FOLLOWER} - Committed entries up to index 18
21:46:30.700 [raft-server-2] TRACE i.a.p.raft.roles.FollowerRole - RaftServer{2}{role=FOLLOWER} - Sending AppendResponse{status=OK, term=1, succeeded=true, lastLogIndex=19}
21:46:30.700 [raft-server-1] TRACE i.a.p.raft.roles.FollowerRole - RaftServer{1}{role=FOLLOWER} - Sending AppendResponse{status=OK, term=1, succeeded=true, lastLogIndex=19}
21:46:30.700 [raft-server-3] TRACE i.a.p.raft.roles.LeaderAppender - RaftServer{3} - Received AppendResponse{status=OK, term=1, succeeded=true, lastLogIndex=19} from 2
21:46:30.700 [raft-server-2-state] TRACE i.a.p.raft.impl.RaftServiceManager - RaftServer{2} - Applying Indexed{index=18, entry=CommandEntry{term=1, timestamp=2018-06-05 09:46:30,629, session=2, sequence=14, operation=PrimitiveOperation{id=DefaultOperationId{id=write, type=COMMAND}, value=byte[]{length=17, hash=-1644578928}}}}
21:46:30.701 [raft-server-3] TRACE i.a.p.raft.roles.LeaderAppender - RaftServer{3} - Committed entries up to 19
21:46:30.701 [raft-server-1-state] TRACE i.a.p.raft.impl.RaftServiceManager - RaftServer{1} - Applying Indexed{index=18, entry=CommandEntry{term=1, timestamp=2018-06-05 09:46:30,629, session=2, sequence=14, operation=PrimitiveOperation{id=DefaultOperationId{id=write, type=COMMAND}, value=byte[]{length=17, hash=-1644578928}}}}
21:46:30.701 [raft-server-2-state] TRACE i.a.p.s.impl.DefaultServiceExecutor - PrimitiveService{2}{type=PrimitiveType{name=test}, name=test} - Executing DefaultCommit{index=18, session=RaftSession{RaftServiceContext{server=2, type=PrimitiveType{name=test}, name=test, id=2}, session=2, timestamp=2018-06-05 09:46:30,629}, time=2018-06-05 09:46:30,629, operation=DefaultOperationId{id=write, type=COMMAND}, value=byte[]{length=17, hash=-1644578928}}
21:46:30.701 [raft-server-1-state] TRACE i.a.p.s.impl.DefaultServiceExecutor - PrimitiveService{2}{type=PrimitiveType{name=test}, name=test} - Executing DefaultCommit{index=18, session=RaftSession{RaftServiceContext{server=1, type=PrimitiveType{name=test}, name=test, id=2}, session=2, timestamp=2018-06-05 09:46:30,629}, time=2018-06-05 09:46:30,629, operation=DefaultOperationId{id=write, type=COMMAND}, value=byte[]{length=17, hash=-1644578928}}
21:46:30.734 [raft-server-3] TRACE i.a.p.raft.roles.LeaderAppender - RaftServer{3} - Received AppendResponse{status=OK, term=1, succeeded=true, lastLogIndex=19} from 1
21:46:30.734 [raft-server-3-state] TRACE i.a.p.raft.impl.RaftServiceManager - RaftServer{3} - Applying Indexed{index=19, entry=CommandEntry{term=1, timestamp=2018-06-05 09:46:30,663, session=2, sequence=15, operation=PrimitiveOperation{id=DefaultOperationId{id=write, type=COMMAND}, value=byte[]{length=17, hash=-1644578928}}}}
21:46:30.734 [raft-server-3-state] TRACE i.a.p.s.impl.DefaultServiceExecutor - PrimitiveService{2}{type=PrimitiveType{name=test}, name=test} - Executing DefaultCommit{index=19, session=RaftSession{RaftServiceContext{server=3, type=PrimitiveType{name=test}, name=test, id=2}, session=2, timestamp=2018-06-05 09:46:30,663}, time=2018-06-05 09:46:30,663, operation=DefaultOperationId{id=write, type=COMMAND}, value=byte[]{length=17, hash=-1644578928}}
21:46:30.734 [raft-server-3-state] TRACE i.a.protocols.raft.roles.LeaderRole - RaftServer{3}{role=LEADER} - Sending CommandResponse{status=OK, index=19, eventIndex=2, result=byte[]{length=2, hash=1278}}
21:46:30.734 [raft-server-2] TRACE i.a.p.raft.roles.FollowerRole - RaftServer{2}{role=FOLLOWER} - Sending CommandResponse{status=OK, index=19, eventIndex=2, result=byte[]{length=2, hash=1278}}
21:46:30.734 [raft-client-2f4c8c2a-86e3-4c0e-9770-cf34b8eb1c33-7] TRACE i.a.p.r.p.impl.RaftProxyConnection - PartitionProxy{2}{type=PrimitiveType{name=test}, name=test} - Received CommandResponse{status=OK, index=19, eventIndex=2, result=byte[]{length=2, hash=1278}} from 2
21:46:30.734 [raft-client-2f4c8c2a-86e3-4c0e-9770-cf34b8eb1c33-7] TRACE i.a.p.r.p.impl.RaftProxySequencer - PartitionProxy{2}{type=PrimitiveType{name=test}, name=test} - Completing response CommandResponse{status=OK, index=19, eventIndex=2, result=byte[]{length=2, hash=1278}}
21:46:30.734 [raft-client-2f4c8c2a-86e3-4c0e-9770-cf34b8eb1c33-3] TRACE i.a.p.r.p.impl.RaftProxyConnection - PartitionProxy{2}{type=PrimitiveType{name=test}, name=test} - Sending CommandRequest{session=2, sequence=16, operation=PrimitiveOperation{id=DefaultOperationId{id=write, type=COMMAND}, value=byte[]{length=17, hash=-1644578928}}} to 2
21:46:30.735 [raft-server-2] TRACE i.a.p.raft.roles.FollowerRole - RaftServer{2}{role=FOLLOWER} - Received CommandRequest{session=2, sequence=16, operation=PrimitiveOperation{id=DefaultOperationId{id=write, type=COMMAND}, value=byte[]{length=17, hash=-1644578928}}}
21:46:30.735 [raft-server-3] TRACE i.a.protocols.raft.roles.LeaderRole - RaftServer{3}{role=LEADER} - Received CommandRequest{session=2, sequence=16, operation=PrimitiveOperation{id=DefaultOperationId{id=write, type=COMMAND}, value=byte[]{length=17, hash=-1644578928}}}
21:46:30.735 [raft-server-3] TRACE i.a.protocols.raft.roles.LeaderRole - RaftServer{3}{role=LEADER} - Appended Indexed{index=20, entry=CommandEntry{term=1, timestamp=2018-06-05 09:46:30,735, session=2, sequence=16, operation=PrimitiveOperation{id=DefaultOperationId{id=write, type=COMMAND}, value=byte[]{length=17, hash=-1644578928}}}}
21:46:30.735 [raft-server-3] TRACE i.a.p.raft.roles.LeaderAppender - RaftServer{3} - Sending AppendRequest{term=1, leader=3, prevLogIndex=19, prevLogTerm=1, entries=1, commitIndex=19} to 2
21:46:30.735 [raft-server-2] TRACE i.a.p.raft.roles.FollowerRole - RaftServer{2}{role=FOLLOWER} - Received AppendRequest{term=1, leader=3, prevLogIndex=19, prevLogTerm=1, entries=1, commitIndex=19}
21:46:30.735 [raft-server-3] TRACE i.a.p.raft.roles.LeaderAppender - RaftServer{3} - Sending AppendRequest{term=1, leader=3, prevLogIndex=19, prevLogTerm=1, entries=1, commitIndex=19} to 1
21:46:30.735 [raft-server-1] TRACE i.a.p.raft.roles.FollowerRole - RaftServer{1}{role=FOLLOWER} - Received AppendRequest{term=1, leader=3, prevLogIndex=19, prevLogTerm=1, entries=1, commitIndex=19}
21:46:30.735 [raft-server-2] TRACE i.a.p.raft.roles.FollowerRole - RaftServer{2}{role=FOLLOWER} - Appended Indexed{index=20, entry=CommandEntry{term=1, timestamp=2018-06-05 09:46:30,735, session=2, sequence=16, operation=PrimitiveOperation{id=DefaultOperationId{id=write, type=COMMAND}, value=byte[]{length=17, hash=-1644578928}}}}
21:46:30.735 [raft-server-1] TRACE i.a.p.raft.roles.FollowerRole - RaftServer{1}{role=FOLLOWER} - Appended Indexed{index=20, entry=CommandEntry{term=1, timestamp=2018-06-05 09:46:30,735, session=2, sequence=16, operation=PrimitiveOperation{id=DefaultOperationId{id=write, type=COMMAND}, value=byte[]{length=17, hash=-1644578928}}}}
21:46:30.778 [raft-server-2] TRACE i.a.p.raft.roles.FollowerRole - RaftServer{2}{role=FOLLOWER} - Committed entries up to index 19
21:46:30.778 [raft-server-2] TRACE i.a.p.raft.roles.FollowerRole - RaftServer{2}{role=FOLLOWER} - Sending AppendResponse{status=OK, term=1, succeeded=true, lastLogIndex=20}
21:46:30.778 [raft-server-1] TRACE i.a.p.raft.roles.FollowerRole - RaftServer{1}{role=FOLLOWER} - Committed entries up to index 19
21:46:30.778 [raft-server-1] TRACE i.a.p.raft.roles.FollowerRole - RaftServer{1}{role=FOLLOWER} - Sending AppendResponse{status=OK, term=1, succeeded=true, lastLogIndex=20}
21:46:30.778 [raft-server-3] TRACE i.a.p.raft.roles.LeaderAppender - RaftServer{3} - Received AppendResponse{status=OK, term=1, succeeded=true, lastLogIndex=20} from 2
21:46:30.779 [raft-server-3] TRACE i.a.p.raft.roles.LeaderAppender - RaftServer{3} - Committed entries up to 20
21:46:30.778 [raft-server-1-state] TRACE i.a.p.raft.impl.RaftServiceManager - RaftServer{1} - Applying Indexed{index=19, entry=CommandEntry{term=1, timestamp=2018-06-05 09:46:30,663, session=2, sequence=15, operation=PrimitiveOperation{id=DefaultOperationId{id=write, type=COMMAND}, value=byte[]{length=17, hash=-1644578928}}}}
21:46:30.779 [raft-server-1-state] TRACE i.a.p.s.impl.DefaultServiceExecutor - PrimitiveService{2}{type=PrimitiveType{name=test}, name=test} - Executing DefaultCommit{index=19, session=RaftSession{RaftServiceContext{server=1, type=PrimitiveType{name=test}, name=test, id=2}, session=2, timestamp=2018-06-05 09:46:30,663}, time=2018-06-05 09:46:30,663, operation=DefaultOperationId{id=write, type=COMMAND}, value=byte[]{length=17, hash=-1644578928}}
21:46:30.778 [raft-server-2-state] TRACE i.a.p.raft.impl.RaftServiceManager - RaftServer{2} - Applying Indexed{index=19, entry=CommandEntry{term=1, timestamp=2018-06-05 09:46:30,663, session=2, sequence=15, operation=PrimitiveOperation{id=DefaultOperationId{id=write, type=COMMAND}, value=byte[]{length=17, hash=-1644578928}}}}
21:46:30.779 [raft-server-2-state] TRACE i.a.p.s.impl.DefaultServiceExecutor - PrimitiveService{2}{type=PrimitiveType{name=test}, name=test} - Executing DefaultCommit{index=19, session=RaftSession{RaftServiceContext{server=2, type=PrimitiveType{name=test}, name=test, id=2}, session=2, timestamp=2018-06-05 09:46:30,663}, time=2018-06-05 09:46:30,663, operation=DefaultOperationId{id=write, type=COMMAND}, value=byte[]{length=17, hash=-1644578928}}
21:46:30.817 [raft-server-3] TRACE i.a.p.raft.roles.LeaderAppender - RaftServer{3} - Received AppendResponse{status=OK, term=1, succeeded=true, lastLogIndex=20} from 1
21:46:30.817 [raft-server-3-state] TRACE i.a.p.raft.impl.RaftServiceManager - RaftServer{3} - Applying Indexed{index=20, entry=CommandEntry{term=1, timestamp=2018-06-05 09:46:30,735, session=2, sequence=16, operation=PrimitiveOperation{id=DefaultOperationId{id=write, type=COMMAND}, value=byte[]{length=17, hash=-1644578928}}}}
21:46:30.817 [raft-server-3-state] TRACE i.a.p.s.impl.DefaultServiceExecutor - PrimitiveService{2}{type=PrimitiveType{name=test}, name=test} - Executing DefaultCommit{index=20, session=RaftSession{RaftServiceContext{server=3, type=PrimitiveType{name=test}, name=test, id=2}, session=2, timestamp=2018-06-05 09:46:30,735}, time=2018-06-05 09:46:30,735, operation=DefaultOperationId{id=write, type=COMMAND}, value=byte[]{length=17, hash=-1644578928}}
21:46:30.817 [raft-server-3-state] TRACE i.a.protocols.raft.roles.LeaderRole - RaftServer{3}{role=LEADER} - Sending CommandResponse{status=OK, index=20, eventIndex=2, result=byte[]{length=2, hash=1280}}
21:46:30.818 [raft-server-2] TRACE i.a.p.raft.roles.FollowerRole - RaftServer{2}{role=FOLLOWER} - Sending CommandResponse{status=OK, index=20, eventIndex=2, result=byte[]{length=2, hash=1280}}
21:46:30.818 [raft-client-2f4c8c2a-86e3-4c0e-9770-cf34b8eb1c33-6] TRACE i.a.p.r.p.impl.RaftProxyConnection - PartitionProxy{2}{type=PrimitiveType{name=test}, name=test} - Received CommandResponse{status=OK, index=20, eventIndex=2, result=byte[]{length=2, hash=1280}} from 2
21:46:30.818 [raft-client-2f4c8c2a-86e3-4c0e-9770-cf34b8eb1c33-6] TRACE i.a.p.r.p.impl.RaftProxySequencer - PartitionProxy{2}{type=PrimitiveType{name=test}, name=test} - Completing response CommandResponse{status=OK, index=20, eventIndex=2, result=byte[]{length=2, hash=1280}}
21:46:30.818 [raft-client-2f4c8c2a-86e3-4c0e-9770-cf34b8eb1c33-0] TRACE i.a.p.r.p.impl.RaftProxyConnection - PartitionProxy{2}{type=PrimitiveType{name=test}, name=test} - Sending CommandRequest{session=2, sequence=17, operation=PrimitiveOperation{id=DefaultOperationId{id=write, type=COMMAND}, value=byte[]{length=17, hash=-1644578928}}} to 2
21:46:30.818 [raft-server-2] TRACE i.a.p.raft.roles.FollowerRole - RaftServer{2}{role=FOLLOWER} - Received CommandRequest{session=2, sequence=17, operation=PrimitiveOperation{id=DefaultOperationId{id=write, type=COMMAND}, value=byte[]{length=17, hash=-1644578928}}}
21:46:30.818 [raft-server-3] TRACE i.a.protocols.raft.roles.LeaderRole - RaftServer{3}{role=LEADER} - Received CommandRequest{session=2, sequence=17, operation=PrimitiveOperation{id=DefaultOperationId{id=write, type=COMMAND}, value=byte[]{length=17, hash=-1644578928}}}
21:46:30.875 [raft-server-3] DEBUG i.a.storage.journal.SegmentedJournal - Created disk segment: JournalSegment{id=3, version=1, index=21, size=64}
21:46:30.876 [raft-server-3] TRACE i.a.protocols.raft.roles.LeaderRole - RaftServer{3}{role=LEADER} - Appended Indexed{index=21, entry=CommandEntry{term=1, timestamp=2018-06-05 09:46:30,818, session=2, sequence=17, operation=PrimitiveOperation{id=DefaultOperationId{id=write, type=COMMAND}, value=byte[]{length=17, hash=-1644578928}}}}
21:46:30.876 [raft-server-3] TRACE i.a.p.raft.roles.LeaderAppender - RaftServer{3} - Sending AppendRequest{term=1, leader=3, prevLogIndex=20, prevLogTerm=1, entries=1, commitIndex=20} to 2
21:46:30.876 [raft-server-3] TRACE i.a.p.raft.roles.LeaderAppender - RaftServer{3} - Sending AppendRequest{term=1, leader=3, prevLogIndex=20, prevLogTerm=1, entries=1, commitIndex=20} to 1
21:46:30.876 [raft-server-2] TRACE i.a.p.raft.roles.FollowerRole - RaftServer{2}{role=FOLLOWER} - Received AppendRequest{term=1, leader=3, prevLogIndex=20, prevLogTerm=1, entries=1, commitIndex=20}
21:46:30.876 [raft-server-1] TRACE i.a.p.raft.roles.FollowerRole - RaftServer{1}{role=FOLLOWER} - Received AppendRequest{term=1, leader=3, prevLogIndex=20, prevLogTerm=1, entries=1, commitIndex=20}
21:46:30.942 [raft-server-2] DEBUG i.a.storage.journal.SegmentedJournal - Created disk segment: JournalSegment{id=3, version=1, index=21, size=64}
21:46:30.942 [raft-server-1] DEBUG i.a.storage.journal.SegmentedJournal - Created disk segment: JournalSegment{id=3, version=1, index=21, size=64}
21:46:30.942 [raft-server-1] TRACE i.a.p.raft.roles.FollowerRole - RaftServer{1}{role=FOLLOWER} - Appended Indexed{index=21, entry=CommandEntry{term=1, timestamp=2018-06-05 09:46:30,818, session=2, sequence=17, operation=PrimitiveOperation{id=DefaultOperationId{id=write, type=COMMAND}, value=byte[]{length=17, hash=-1644578928}}}}
21:46:30.942 [raft-server-2] TRACE i.a.p.raft.roles.FollowerRole - RaftServer{2}{role=FOLLOWER} - Appended Indexed{index=21, entry=CommandEntry{term=1, timestamp=2018-06-05 09:46:30,818, session=2, sequence=17, operation=PrimitiveOperation{id=DefaultOperationId{id=write, type=COMMAND}, value=byte[]{length=17, hash=-1644578928}}}}
21:46:30.984 [raft-server-1] TRACE i.a.p.raft.roles.FollowerRole - RaftServer{1}{role=FOLLOWER} - Committed entries up to index 20
21:46:30.984 [raft-server-2] TRACE i.a.p.raft.roles.FollowerRole - RaftServer{2}{role=FOLLOWER} - Committed entries up to index 20
21:46:30.984 [raft-server-1] TRACE i.a.p.raft.roles.FollowerRole - RaftServer{1}{role=FOLLOWER} - Sending AppendResponse{status=OK, term=1, succeeded=true, lastLogIndex=21}
21:46:30.984 [raft-server-2] TRACE i.a.p.raft.roles.FollowerRole - RaftServer{2}{role=FOLLOWER} - Sending AppendResponse{status=OK, term=1, succeeded=true, lastLogIndex=21}
21:46:30.984 [raft-server-3] TRACE i.a.p.raft.roles.LeaderAppender - RaftServer{3} - Received AppendResponse{status=OK, term=1, succeeded=true, lastLogIndex=21} from 1
21:46:30.984 [raft-server-3] TRACE i.a.p.raft.roles.LeaderAppender - RaftServer{3} - Committed entries up to 21
21:46:30.984 [raft-server-1-state] TRACE i.a.p.raft.impl.RaftServiceManager - RaftServer{1} - Applying Indexed{index=20, entry=CommandEntry{term=1, timestamp=2018-06-05 09:46:30,735, session=2, sequence=16, operation=PrimitiveOperation{id=DefaultOperationId{id=write, type=COMMAND}, value=byte[]{length=17, hash=-1644578928}}}}
21:46:30.984 [raft-server-1-state] TRACE i.a.p.s.impl.DefaultServiceExecutor - PrimitiveService{2}{type=PrimitiveType{name=test}, name=test} - Executing DefaultCommit{index=20, session=RaftSession{RaftServiceContext{server=1, type=PrimitiveType{name=test}, name=test, id=2}, session=2, timestamp=2018-06-05 09:46:30,735}, time=2018-06-05 09:46:30,735, operation=DefaultOperationId{id=write, type=COMMAND}, value=byte[]{length=17, hash=-1644578928}}
21:46:30.984 [raft-server-2-state] TRACE i.a.p.raft.impl.RaftServiceManager - RaftServer{2} - Applying Indexed{index=20, entry=CommandEntry{term=1, timestamp=2018-06-05 09:46:30,735, session=2, sequence=16, operation=PrimitiveOperation{id=DefaultOperationId{id=write, type=COMMAND}, value=byte[]{length=17, hash=-1644578928}}}}
21:46:30.984 [raft-server-2-state] TRACE i.a.p.s.impl.DefaultServiceExecutor - PrimitiveService{2}{type=PrimitiveType{name=test}, name=test} - Executing DefaultCommit{index=20, session=RaftSession{RaftServiceContext{server=2, type=PrimitiveType{name=test}, name=test, id=2}, session=2, timestamp=2018-06-05 09:46:30,735}, time=2018-06-05 09:46:30,735, operation=DefaultOperationId{id=write, type=COMMAND}, value=byte[]{length=17, hash=-1644578928}}
21:46:31.020 [raft-server-3] TRACE i.a.p.raft.roles.LeaderAppender - RaftServer{3} - Sending AppendRequest{term=1, leader=3, prevLogIndex=21, prevLogTerm=1, entries=0, commitIndex=21} to 1
21:46:31.020 [raft-server-3] TRACE i.a.p.raft.roles.LeaderAppender - RaftServer{3} - Received AppendResponse{status=OK, term=1, succeeded=true, lastLogIndex=21} from 2
21:46:31.020 [raft-server-3] TRACE i.a.p.raft.roles.LeaderAppender - RaftServer{3} - Sending AppendRequest{term=1, leader=3, prevLogIndex=21, prevLogTerm=1, entries=0, commitIndex=21} to 2
21:46:31.020 [raft-server-1] TRACE i.a.p.raft.roles.FollowerRole - RaftServer{1}{role=FOLLOWER} - Received AppendRequest{term=1, leader=3, prevLogIndex=21, prevLogTerm=1, entries=0, commitIndex=21}
21:46:31.020 [raft-server-2] TRACE i.a.p.raft.roles.FollowerRole - RaftServer{2}{role=FOLLOWER} - Received AppendRequest{term=1, leader=3, prevLogIndex=21, prevLogTerm=1, entries=0, commitIndex=21}
21:46:31.020 [raft-server-2] TRACE i.a.p.raft.roles.FollowerRole - RaftServer{2}{role=FOLLOWER} - Committed entries up to index 21
21:46:31.020 [raft-server-2] TRACE i.a.p.raft.roles.FollowerRole - RaftServer{2}{role=FOLLOWER} - Sending AppendResponse{status=OK, term=1, succeeded=true, lastLogIndex=21}
21:46:31.020 [raft-server-3-state] TRACE i.a.p.raft.impl.RaftServiceManager - RaftServer{3} - Applying Indexed{index=21, entry=CommandEntry{term=1, timestamp=2018-06-05 09:46:30,818, session=2, sequence=17, operation=PrimitiveOperation{id=DefaultOperationId{id=write, type=COMMAND}, value=byte[]{length=17, hash=-1644578928}}}}
21:46:31.020 [raft-server-3] TRACE i.a.p.raft.roles.LeaderAppender - RaftServer{3} - Received AppendResponse{status=OK, term=1, succeeded=true, lastLogIndex=21} from 2
21:46:31.020 [raft-server-3-state] TRACE i.a.p.s.impl.DefaultServiceExecutor - PrimitiveService{2}{type=PrimitiveType{name=test}, name=test} - Executing DefaultCommit{index=21, session=RaftSession{RaftServiceContext{server=3, type=PrimitiveType{name=test}, name=test, id=2}, session=2, timestamp=2018-06-05 09:46:30,818}, time=2018-06-05 09:46:30,818, operation=DefaultOperationId{id=write, type=COMMAND}, value=byte[]{length=17, hash=-1644578928}}
21:46:31.020 [raft-server-2-state] TRACE i.a.p.raft.impl.RaftServiceManager - RaftServer{2} - Applying Indexed{index=21, entry=CommandEntry{term=1, timestamp=2018-06-05 09:46:30,818, session=2, sequence=17, operation=PrimitiveOperation{id=DefaultOperationId{id=write, type=COMMAND}, value=byte[]{length=17, hash=-1644578928}}}}
21:46:31.020 [raft-server-2-state] TRACE i.a.p.s.impl.DefaultServiceExecutor - PrimitiveService{2}{type=PrimitiveType{name=test}, name=test} - Executing DefaultCommit{index=21, session=RaftSession{RaftServiceContext{server=2, type=PrimitiveType{name=test}, name=test, id=2}, session=2, timestamp=2018-06-05 09:46:30,818}, time=2018-06-05 09:46:30,818, operation=DefaultOperationId{id=write, type=COMMAND}, value=byte[]{length=17, hash=-1644578928}}
21:46:31.020 [raft-server-3-state] TRACE i.a.protocols.raft.roles.LeaderRole - RaftServer{3}{role=LEADER} - Sending CommandResponse{status=OK, index=21, eventIndex=2, result=byte[]{length=2, hash=1282}}
21:46:31.021 [raft-server-2] TRACE i.a.p.raft.roles.FollowerRole - RaftServer{2}{role=FOLLOWER} - Sending CommandResponse{status=OK, index=21, eventIndex=2, result=byte[]{length=2, hash=1282}}
21:46:31.021 [raft-client-2f4c8c2a-86e3-4c0e-9770-cf34b8eb1c33-5] TRACE i.a.p.r.p.impl.RaftProxyConnection - PartitionProxy{2}{type=PrimitiveType{name=test}, name=test} - Received CommandResponse{status=OK, index=21, eventIndex=2, result=byte[]{length=2, hash=1282}} from 2
21:46:31.021 [raft-client-2f4c8c2a-86e3-4c0e-9770-cf34b8eb1c33-5] TRACE i.a.p.r.p.impl.RaftProxySequencer - PartitionProxy{2}{type=PrimitiveType{name=test}, name=test} - Completing response CommandResponse{status=OK, index=21, eventIndex=2, result=byte[]{length=2, hash=1282}}
21:46:31.021 [raft-client-2f4c8c2a-86e3-4c0e-9770-cf34b8eb1c33-1] TRACE i.a.p.r.p.impl.RaftProxyConnection - PartitionProxy{2}{type=PrimitiveType{name=test}, name=test} - Sending CommandRequest{session=2, sequence=18, operation=PrimitiveOperation{id=DefaultOperationId{id=write, type=COMMAND}, value=byte[]{length=17, hash=-1644578928}}} to 2
21:46:31.021 [raft-server-2] TRACE i.a.p.raft.roles.FollowerRole - RaftServer{2}{role=FOLLOWER} - Received CommandRequest{session=2, sequence=18, operation=PrimitiveOperation{id=DefaultOperationId{id=write, type=COMMAND}, value=byte[]{length=17, hash=-1644578928}}}
21:46:31.021 [raft-server-3] TRACE i.a.protocols.raft.roles.LeaderRole - RaftServer{3}{role=LEADER} - Received CommandRequest{session=2, sequence=18, operation=PrimitiveOperation{id=DefaultOperationId{id=write, type=COMMAND}, value=byte[]{length=17, hash=-1644578928}}}
21:46:31.021 [raft-server-3] TRACE i.a.protocols.raft.roles.LeaderRole - RaftServer{3}{role=LEADER} - Appended Indexed{index=22, entry=CommandEntry{term=1, timestamp=2018-06-05 09:46:31,021, session=2, sequence=18, operation=PrimitiveOperation{id=DefaultOperationId{id=write, type=COMMAND}, value=byte[]{length=17, hash=-1644578928}}}}
21:46:31.021 [raft-server-3] TRACE i.a.p.raft.roles.LeaderAppender - RaftServer{3} - Sending AppendRequest{term=1, leader=3, prevLogIndex=21, prevLogTerm=1, entries=1, commitIndex=21} to 2
21:46:31.021 [raft-server-2] TRACE i.a.p.raft.roles.FollowerRole - RaftServer{2}{role=FOLLOWER} - Received AppendRequest{term=1, leader=3, prevLogIndex=21, prevLogTerm=1, entries=1, commitIndex=21}
21:46:31.021 [raft-server-2] TRACE i.a.p.raft.roles.FollowerRole - RaftServer{2}{role=FOLLOWER} - Appended Indexed{index=22, entry=CommandEntry{term=1, timestamp=2018-06-05 09:46:31,021, session=2, sequence=18, operation=PrimitiveOperation{id=DefaultOperationId{id=write, type=COMMAND}, value=byte[]{length=17, hash=-1644578928}}}}
21:46:31.021 [raft-server-2] TRACE i.a.p.raft.roles.FollowerRole - RaftServer{2}{role=FOLLOWER} - Sending AppendResponse{status=OK, term=1, succeeded=true, lastLogIndex=22}
21:46:31.022 [raft-server-3] TRACE i.a.p.raft.roles.LeaderAppender - RaftServer{3} - Received AppendResponse{status=OK, term=1, succeeded=true, lastLogIndex=22} from 2
21:46:31.022 [raft-server-3] TRACE i.a.p.raft.roles.LeaderAppender - RaftServer{3} - Committed entries up to 22
21:46:31.050 [raft-server-1] TRACE i.a.p.raft.roles.FollowerRole - RaftServer{1}{role=FOLLOWER} - Committed entries up to index 21
21:46:31.050 [raft-server-1] TRACE i.a.p.raft.roles.FollowerRole - RaftServer{1}{role=FOLLOWER} - Sending AppendResponse{status=OK, term=1, succeeded=true, lastLogIndex=21}
21:46:31.050 [raft-server-1-state] TRACE i.a.p.raft.impl.RaftServiceManager - RaftServer{1} - Applying Indexed{index=21, entry=CommandEntry{term=1, timestamp=2018-06-05 09:46:30,818, session=2, sequence=17, operation=PrimitiveOperation{id=DefaultOperationId{id=write, type=COMMAND}, value=byte[]{length=17, hash=-1644578928}}}}
21:46:31.051 [raft-server-1-state] TRACE i.a.p.s.impl.DefaultServiceExecutor - PrimitiveService{2}{type=PrimitiveType{name=test}, name=test} - Executing DefaultCommit{index=21, session=RaftSession{RaftServiceContext{server=1, type=PrimitiveType{name=test}, name=test, id=2}, session=2, timestamp=2018-06-05 09:46:30,818}, time=2018-06-05 09:46:30,818, operation=DefaultOperationId{id=write, type=COMMAND}, value=byte[]{length=17, hash=-1644578928}}
21:46:31.078 [raft-server-3] TRACE i.a.p.raft.roles.LeaderAppender - RaftServer{3} - Received AppendResponse{status=OK, term=1, succeeded=true, lastLogIndex=21} from 1
21:46:31.078 [raft-server-3] TRACE i.a.p.raft.roles.LeaderAppender - RaftServer{3} - Sending AppendRequest{term=1, leader=3, prevLogIndex=21, prevLogTerm=1, entries=1, commitIndex=22} to 1
21:46:31.078 [raft-server-1] TRACE i.a.p.raft.roles.FollowerRole - RaftServer{1}{role=FOLLOWER} - Received AppendRequest{term=1, leader=3, prevLogIndex=21, prevLogTerm=1, entries=1, commitIndex=22}
21:46:31.078 [raft-server-3-state] TRACE i.a.p.raft.impl.RaftServiceManager - RaftServer{3} - Applying Indexed{index=22, entry=CommandEntry{term=1, timestamp=2018-06-05 09:46:31,021, session=2, sequence=18, operation=PrimitiveOperation{id=DefaultOperationId{id=write, type=COMMAND}, value=byte[]{length=17, hash=-1644578928}}}}
21:46:31.079 [raft-server-1] TRACE i.a.p.raft.roles.FollowerRole - RaftServer{1}{role=FOLLOWER} - Appended Indexed{index=22, entry=CommandEntry{term=1, timestamp=2018-06-05 09:46:31,021, session=2, sequence=18, operation=PrimitiveOperation{id=DefaultOperationId{id=write, type=COMMAND}, value=byte[]{length=17, hash=-1644578928}}}}
21:46:31.079 [raft-server-3-state] TRACE i.a.p.s.impl.DefaultServiceExecutor - PrimitiveService{2}{type=PrimitiveType{name=test}, name=test} - Executing DefaultCommit{index=22, session=RaftSession{RaftServiceContext{server=3, type=PrimitiveType{name=test}, name=test, id=2}, session=2, timestamp=2018-06-05 09:46:31,021}, time=2018-06-05 09:46:31,021, operation=DefaultOperationId{id=write, type=COMMAND}, value=byte[]{length=17, hash=-1644578928}}
21:46:31.079 [raft-server-3-state] TRACE i.a.protocols.raft.roles.LeaderRole - RaftServer{3}{role=LEADER} - Sending CommandResponse{status=OK, index=22, eventIndex=2, result=byte[]{length=2, hash=1284}}
21:46:31.079 [raft-server-2] TRACE i.a.p.raft.roles.FollowerRole - RaftServer{2}{role=FOLLOWER} - Sending CommandResponse{status=OK, index=22, eventIndex=2, result=byte[]{length=2, hash=1284}}
21:46:31.079 [raft-client-2f4c8c2a-86e3-4c0e-9770-cf34b8eb1c33-7] TRACE i.a.p.r.p.impl.RaftProxyConnection - PartitionProxy{2}{type=PrimitiveType{name=test}, name=test} - Received CommandResponse{status=OK, index=22, eventIndex=2, result=byte[]{length=2, hash=1284}} from 2
21:46:31.079 [raft-client-2f4c8c2a-86e3-4c0e-9770-cf34b8eb1c33-7] TRACE i.a.p.r.p.impl.RaftProxySequencer - PartitionProxy{2}{type=PrimitiveType{name=test}, name=test} - Completing response CommandResponse{status=OK, index=22, eventIndex=2, result=byte[]{length=2, hash=1284}}
21:46:31.079 [raft-client-2f4c8c2a-86e3-4c0e-9770-cf34b8eb1c33-7] TRACE i.a.p.r.p.impl.RaftProxyConnection - PartitionProxy{2}{type=PrimitiveType{name=test}, name=test} - Sending CommandRequest{session=2, sequence=19, operation=PrimitiveOperation{id=DefaultOperationId{id=write, type=COMMAND}, value=byte[]{length=17, hash=-1644578928}}} to 2
21:46:31.079 [raft-server-2] TRACE i.a.p.raft.roles.FollowerRole - RaftServer{2}{role=FOLLOWER} - Received CommandRequest{session=2, sequence=19, operation=PrimitiveOperation{id=DefaultOperationId{id=write, type=COMMAND}, value=byte[]{length=17, hash=-1644578928}}}
21:46:31.079 [raft-server-3] TRACE i.a.protocols.raft.roles.LeaderRole - RaftServer{3}{role=LEADER} - Received CommandRequest{session=2, sequence=19, operation=PrimitiveOperation{id=DefaultOperationId{id=write, type=COMMAND}, value=byte[]{length=17, hash=-1644578928}}}
21:46:31.080 [raft-server-3] TRACE i.a.protocols.raft.roles.LeaderRole - RaftServer{3}{role=LEADER} - Appended Indexed{index=23, entry=CommandEntry{term=1, timestamp=2018-06-05 09:46:31,079, session=2, sequence=19, operation=PrimitiveOperation{id=DefaultOperationId{id=write, type=COMMAND}, value=byte[]{length=17, hash=-1644578928}}}}
21:46:31.080 [raft-server-3] TRACE i.a.p.raft.roles.LeaderAppender - RaftServer{3} - Sending AppendRequest{term=1, leader=3, prevLogIndex=22, prevLogTerm=1, entries=1, commitIndex=22} to 2
21:46:31.080 [raft-server-2] TRACE i.a.p.raft.roles.FollowerRole - RaftServer{2}{role=FOLLOWER} - Received AppendRequest{term=1, leader=3, prevLogIndex=22, prevLogTerm=1, entries=1, commitIndex=22}
21:46:31.080 [raft-server-2] TRACE i.a.p.raft.roles.FollowerRole - RaftServer{2}{role=FOLLOWER} - Appended Indexed{index=23, entry=CommandEntry{term=1, timestamp=2018-06-05 09:46:31,079, session=2, sequence=19, operation=PrimitiveOperation{id=DefaultOperationId{id=write, type=COMMAND}, value=byte[]{length=17, hash=-1644578928}}}}
21:46:31.117 [raft-server-1] TRACE i.a.p.raft.roles.FollowerRole - RaftServer{1}{role=FOLLOWER} - Committed entries up to index 22
21:46:31.117 [raft-server-1] TRACE i.a.p.raft.roles.FollowerRole - RaftServer{1}{role=FOLLOWER} - Sending AppendResponse{status=OK, term=1, succeeded=true, lastLogIndex=22}
21:46:31.117 [raft-server-3] TRACE i.a.p.raft.roles.LeaderAppender - RaftServer{3} - Received AppendResponse{status=OK, term=1, succeeded=true, lastLogIndex=22} from 1
21:46:31.117 [raft-server-1-state] TRACE i.a.p.raft.impl.RaftServiceManager - RaftServer{1} - Applying Indexed{index=22, entry=CommandEntry{term=1, timestamp=2018-06-05 09:46:31,021, session=2, sequence=18, operation=PrimitiveOperation{id=DefaultOperationId{id=write, type=COMMAND}, value=byte[]{length=17, hash=-1644578928}}}}
21:46:31.117 [raft-server-3] TRACE i.a.p.raft.roles.LeaderAppender - RaftServer{3} - Sending AppendRequest{term=1, leader=3, prevLogIndex=22, prevLogTerm=1, entries=1, commitIndex=22} to 1
21:46:31.117 [raft-server-1-state] TRACE i.a.p.s.impl.DefaultServiceExecutor - PrimitiveService{2}{type=PrimitiveType{name=test}, name=test} - Executing DefaultCommit{index=22, session=RaftSession{RaftServiceContext{server=1, type=PrimitiveType{name=test}, name=test, id=2}, session=2, timestamp=2018-06-05 09:46:31,021}, time=2018-06-05 09:46:31,021, operation=DefaultOperationId{id=write, type=COMMAND}, value=byte[]{length=17, hash=-1644578928}}
21:46:31.117 [raft-server-1] TRACE i.a.p.raft.roles.FollowerRole - RaftServer{1}{role=FOLLOWER} - Received AppendRequest{term=1, leader=3, prevLogIndex=22, prevLogTerm=1, entries=1, commitIndex=22}
21:46:31.117 [raft-server-1] TRACE i.a.p.raft.roles.FollowerRole - RaftServer{1}{role=FOLLOWER} - Appended Indexed{index=23, entry=CommandEntry{term=1, timestamp=2018-06-05 09:46:31,079, session=2, sequence=19, operation=PrimitiveOperation{id=DefaultOperationId{id=write, type=COMMAND}, value=byte[]{length=17, hash=-1644578928}}}}
21:46:31.117 [raft-server-1] TRACE i.a.p.raft.roles.FollowerRole - RaftServer{1}{role=FOLLOWER} - Sending AppendResponse{status=OK, term=1, succeeded=true, lastLogIndex=23}
21:46:31.117 [raft-server-3] TRACE i.a.p.raft.roles.LeaderAppender - RaftServer{3} - Received AppendResponse{status=OK, term=1, succeeded=true, lastLogIndex=23} from 1
21:46:31.118 [raft-server-3] TRACE i.a.p.raft.roles.LeaderAppender - RaftServer{3} - Committed entries up to 23
21:46:31.150 [raft-server-2] TRACE i.a.p.raft.roles.FollowerRole - RaftServer{2}{role=FOLLOWER} - Committed entries up to index 22
21:46:31.150 [raft-server-2] TRACE i.a.p.raft.roles.FollowerRole - RaftServer{2}{role=FOLLOWER} - Sending AppendResponse{status=OK, term=1, succeeded=true, lastLogIndex=23}
21:46:31.150 [raft-server-2-state] TRACE i.a.p.raft.impl.RaftServiceManager - RaftServer{2} - Applying Indexed{index=22, entry=CommandEntry{term=1, timestamp=2018-06-05 09:46:31,021, session=2, sequence=18, operation=PrimitiveOperation{id=DefaultOperationId{id=write, type=COMMAND}, value=byte[]{length=17, hash=-1644578928}}}}
21:46:31.150 [raft-server-2-state] TRACE i.a.p.s.impl.DefaultServiceExecutor - PrimitiveService{2}{type=PrimitiveType{name=test}, name=test} - Executing DefaultCommit{index=22, session=RaftSession{RaftServiceContext{server=2, type=PrimitiveType{name=test}, name=test, id=2}, session=2, timestamp=2018-06-05 09:46:31,021}, time=2018-06-05 09:46:31,021, operation=DefaultOperationId{id=write, type=COMMAND}, value=byte[]{length=17, hash=-1644578928}}
21:46:31.178 [raft-server-3] TRACE i.a.p.raft.roles.LeaderAppender - RaftServer{3} - Received AppendResponse{status=OK, term=1, succeeded=true, lastLogIndex=23} from 2
21:46:31.178 [raft-server-3-state] TRACE i.a.p.raft.impl.RaftServiceManager - RaftServer{3} - Applying Indexed{index=23, entry=CommandEntry{term=1, timestamp=2018-06-05 09:46:31,079, session=2, sequence=19, operation=PrimitiveOperation{id=DefaultOperationId{id=write, type=COMMAND}, value=byte[]{length=17, hash=-1644578928}}}}
21:46:31.178 [raft-server-3-state] TRACE i.a.p.s.impl.DefaultServiceExecutor - PrimitiveService{2}{type=PrimitiveType{name=test}, name=test} - Executing DefaultCommit{index=23, session=RaftSession{RaftServiceContext{server=3, type=PrimitiveType{name=test}, name=test, id=2}, session=2, timestamp=2018-06-05 09:46:31,079}, time=2018-06-05 09:46:31,079, operation=DefaultOperationId{id=write, type=COMMAND}, value=byte[]{length=17, hash=-1644578928}}
21:46:31.179 [raft-server-3-state] TRACE i.a.protocols.raft.roles.LeaderRole - RaftServer{3}{role=LEADER} - Sending CommandResponse{status=OK, index=23, eventIndex=2, result=byte[]{length=2, hash=1286}}
21:46:31.179 [raft-server-2] TRACE i.a.p.raft.roles.FollowerRole - RaftServer{2}{role=FOLLOWER} - Sending CommandResponse{status=OK, index=23, eventIndex=2, result=byte[]{length=2, hash=1286}}
21:46:31.179 [raft-client-2f4c8c2a-86e3-4c0e-9770-cf34b8eb1c33-6] TRACE i.a.p.r.p.impl.RaftProxyConnection - PartitionProxy{2}{type=PrimitiveType{name=test}, name=test} - Received CommandResponse{status=OK, index=23, eventIndex=2, result=byte[]{length=2, hash=1286}} from 2
21:46:31.179 [raft-client-2f4c8c2a-86e3-4c0e-9770-cf34b8eb1c33-6] TRACE i.a.p.r.p.impl.RaftProxySequencer - PartitionProxy{2}{type=PrimitiveType{name=test}, name=test} - Completing response CommandResponse{status=OK, index=23, eventIndex=2, result=byte[]{length=2, hash=1286}}
21:46:31.179 [raft-client-2f4c8c2a-86e3-4c0e-9770-cf34b8eb1c33-2] TRACE i.a.p.r.p.impl.RaftProxyConnection - PartitionProxy{2}{type=PrimitiveType{name=test}, name=test} - Sending CommandRequest{session=2, sequence=20, operation=PrimitiveOperation{id=DefaultOperationId{id=write, type=COMMAND}, value=byte[]{length=17, hash=-1644578928}}} to 2
21:46:31.179 [raft-server-2] TRACE i.a.p.raft.roles.FollowerRole - RaftServer{2}{role=FOLLOWER} - Received CommandRequest{session=2, sequence=20, operation=PrimitiveOperation{id=DefaultOperationId{id=write, type=COMMAND}, value=byte[]{length=17, hash=-1644578928}}}
21:46:31.179 [raft-server-3] TRACE i.a.protocols.raft.roles.LeaderRole - RaftServer{3}{role=LEADER} - Received CommandRequest{session=2, sequence=20, operation=PrimitiveOperation{id=DefaultOperationId{id=write, type=COMMAND}, value=byte[]{length=17, hash=-1644578928}}}
21:46:31.180 [raft-server-3] TRACE i.a.protocols.raft.roles.LeaderRole - RaftServer{3}{role=LEADER} - Appended Indexed{index=24, entry=CommandEntry{term=1, timestamp=2018-06-05 09:46:31,179, session=2, sequence=20, operation=PrimitiveOperation{id=DefaultOperationId{id=write, type=COMMAND}, value=byte[]{length=17, hash=-1644578928}}}}
21:46:31.180 [raft-server-3] TRACE i.a.p.raft.roles.LeaderAppender - RaftServer{3} - Sending AppendRequest{term=1, leader=3, prevLogIndex=23, prevLogTerm=1, entries=1, commitIndex=23} to 2
21:46:31.180 [raft-server-2] TRACE i.a.p.raft.roles.FollowerRole - RaftServer{2}{role=FOLLOWER} - Received AppendRequest{term=1, leader=3, prevLogIndex=23, prevLogTerm=1, entries=1, commitIndex=23}
21:46:31.180 [raft-server-3] TRACE i.a.p.raft.roles.LeaderAppender - RaftServer{3} - Sending AppendRequest{term=1, leader=3, prevLogIndex=23, prevLogTerm=1, entries=1, commitIndex=23} to 1
21:46:31.180 [raft-server-1] TRACE i.a.p.raft.roles.FollowerRole - RaftServer{1}{role=FOLLOWER} - Received AppendRequest{term=1, leader=3, prevLogIndex=23, prevLogTerm=1, entries=1, commitIndex=23}
21:46:31.180 [raft-server-2] TRACE i.a.p.raft.roles.FollowerRole - RaftServer{2}{role=FOLLOWER} - Appended Indexed{index=24, entry=CommandEntry{term=1, timestamp=2018-06-05 09:46:31,179, session=2, sequence=20, operation=PrimitiveOperation{id=DefaultOperationId{id=write, type=COMMAND}, value=byte[]{length=17, hash=-1644578928}}}}
21:46:31.180 [raft-server-1] TRACE i.a.p.raft.roles.FollowerRole - RaftServer{1}{role=FOLLOWER} - Appended Indexed{index=24, entry=CommandEntry{term=1, timestamp=2018-06-05 09:46:31,179, session=2, sequence=20, operation=PrimitiveOperation{id=DefaultOperationId{id=write, type=COMMAND}, value=byte[]{length=17, hash=-1644578928}}}}
21:46:31.212 [raft-server-2] TRACE i.a.p.raft.roles.FollowerRole - RaftServer{2}{role=FOLLOWER} - Committed entries up to index 23
21:46:31.212 [raft-server-1] TRACE i.a.p.raft.roles.FollowerRole - RaftServer{1}{role=FOLLOWER} - Committed entries up to index 23
21:46:31.212 [raft-server-2] TRACE i.a.p.raft.roles.FollowerRole - RaftServer{2}{role=FOLLOWER} - Sending AppendResponse{status=OK, term=1, succeeded=true, lastLogIndex=24}
21:46:31.212 [raft-server-1] TRACE i.a.p.raft.roles.FollowerRole - RaftServer{1}{role=FOLLOWER} - Sending AppendResponse{status=OK, term=1, succeeded=true, lastLogIndex=24}
21:46:31.212 [raft-server-3] TRACE i.a.p.raft.roles.LeaderAppender - RaftServer{3} - Received AppendResponse{status=OK, term=1, succeeded=true, lastLogIndex=24} from 2
21:46:31.212 [raft-server-1-state] TRACE i.a.p.raft.impl.RaftServiceManager - RaftServer{1} - Applying Indexed{index=23, entry=CommandEntry{term=1, timestamp=2018-06-05 09:46:31,079, session=2, sequence=19, operation=PrimitiveOperation{id=DefaultOperationId{id=write, type=COMMAND}, value=byte[]{length=17, hash=-1644578928}}}}
21:46:31.212 [raft-server-2-state] TRACE i.a.p.raft.impl.RaftServiceManager - RaftServer{2} - Applying Indexed{index=23, entry=CommandEntry{term=1, timestamp=2018-06-05 09:46:31,079, session=2, sequence=19, operation=PrimitiveOperation{id=DefaultOperationId{id=write, type=COMMAND}, value=byte[]{length=17, hash=-1644578928}}}}
21:46:31.212 [raft-server-1-state] TRACE i.a.p.s.impl.DefaultServiceExecutor - PrimitiveService{2}{type=PrimitiveType{name=test}, name=test} - Executing DefaultCommit{index=23, session=RaftSession{RaftServiceContext{server=1, type=PrimitiveType{name=test}, name=test, id=2}, session=2, timestamp=2018-06-05 09:46:31,079}, time=2018-06-05 09:46:31,079, operation=DefaultOperationId{id=write, type=COMMAND}, value=byte[]{length=17, hash=-1644578928}}
21:46:31.212 [raft-server-2-state] TRACE i.a.p.s.impl.DefaultServiceExecutor - PrimitiveService{2}{type=PrimitiveType{name=test}, name=test} - Executing DefaultCommit{index=23, session=RaftSession{RaftServiceContext{server=2, type=PrimitiveType{name=test}, name=test, id=2}, session=2, timestamp=2018-06-05 09:46:31,079}, time=2018-06-05 09:46:31,079, operation=DefaultOperationId{id=write, type=COMMAND}, value=byte[]{length=17, hash=-1644578928}}
21:46:31.212 [raft-server-3] TRACE i.a.p.raft.roles.LeaderAppender - RaftServer{3} - Committed entries up to 24
21:46:31.245 [raft-server-3] TRACE i.a.p.raft.roles.LeaderAppender - RaftServer{3} - Received AppendResponse{status=OK, term=1, succeeded=true, lastLogIndex=24} from 1
21:46:31.245 [raft-server-3-state] TRACE i.a.p.raft.impl.RaftServiceManager - RaftServer{3} - Applying Indexed{index=24, entry=CommandEntry{term=1, timestamp=2018-06-05 09:46:31,179, session=2, sequence=20, operation=PrimitiveOperation{id=DefaultOperationId{id=write, type=COMMAND}, value=byte[]{length=17, hash=-1644578928}}}}
21:46:31.245 [raft-server-3-state] TRACE i.a.p.s.impl.DefaultServiceExecutor - PrimitiveService{2}{type=PrimitiveType{name=test}, name=test} - Executing DefaultCommit{index=24, session=RaftSession{RaftServiceContext{server=3, type=PrimitiveType{name=test}, name=test, id=2}, session=2, timestamp=2018-06-05 09:46:31,179}, time=2018-06-05 09:46:31,179, operation=DefaultOperationId{id=write, type=COMMAND}, value=byte[]{length=17, hash=-1644578928}}
21:46:31.245 [raft-server-3-state] TRACE i.a.protocols.raft.roles.LeaderRole - RaftServer{3}{role=LEADER} - Sending CommandResponse{status=OK, index=24, eventIndex=2, result=byte[]{length=2, hash=1288}}
21:46:31.245 [raft-server-2] TRACE i.a.p.raft.roles.FollowerRole - RaftServer{2}{role=FOLLOWER} - Sending CommandResponse{status=OK, index=24, eventIndex=2, result=byte[]{length=2, hash=1288}}
21:46:31.245 [raft-client-2f4c8c2a-86e3-4c0e-9770-cf34b8eb1c33-7] TRACE i.a.p.r.p.impl.RaftProxyConnection - PartitionProxy{2}{type=PrimitiveType{name=test}, name=test} - Received CommandResponse{status=OK, index=24, eventIndex=2, result=byte[]{length=2, hash=1288}} from 2
21:46:31.245 [raft-client-2f4c8c2a-86e3-4c0e-9770-cf34b8eb1c33-7] TRACE i.a.p.r.p.impl.RaftProxySequencer - PartitionProxy{2}{type=PrimitiveType{name=test}, name=test} - Completing response CommandResponse{status=OK, index=24, eventIndex=2, result=byte[]{length=2, hash=1288}}
21:46:31.246 [raft-client-2f4c8c2a-86e3-4c0e-9770-cf34b8eb1c33-7] TRACE i.a.p.r.p.impl.RaftProxyConnection - PartitionProxy{2}{type=PrimitiveType{name=test}, name=test} - Sending CommandRequest{session=2, sequence=21, operation=PrimitiveOperation{id=DefaultOperationId{id=write, type=COMMAND}, value=byte[]{length=17, hash=-1644578928}}} to 2
21:46:31.246 [raft-server-2] TRACE i.a.p.raft.roles.FollowerRole - RaftServer{2}{role=FOLLOWER} - Received CommandRequest{session=2, sequence=21, operation=PrimitiveOperation{id=DefaultOperationId{id=write, type=COMMAND}, value=byte[]{length=17, hash=-1644578928}}}
21:46:31.246 [raft-server-3] TRACE i.a.protocols.raft.roles.LeaderRole - RaftServer{3}{role=LEADER} - Received CommandRequest{session=2, sequence=21, operation=PrimitiveOperation{id=DefaultOperationId{id=write, type=COMMAND}, value=byte[]{length=17, hash=-1644578928}}}
21:46:31.246 [raft-server-3] TRACE i.a.protocols.raft.roles.LeaderRole - RaftServer{3}{role=LEADER} - Appended Indexed{index=25, entry=CommandEntry{term=1, timestamp=2018-06-05 09:46:31,246, session=2, sequence=21, operation=PrimitiveOperation{id=DefaultOperationId{id=write, type=COMMAND}, value=byte[]{length=17, hash=-1644578928}}}}
21:46:31.246 [raft-server-3] TRACE i.a.p.raft.roles.LeaderAppender - RaftServer{3} - Sending AppendRequest{term=1, leader=3, prevLogIndex=24, prevLogTerm=1, entries=1, commitIndex=24} to 2
21:46:31.246 [raft-server-2] TRACE i.a.p.raft.roles.FollowerRole - RaftServer{2}{role=FOLLOWER} - Received AppendRequest{term=1, leader=3, prevLogIndex=24, prevLogTerm=1, entries=1, commitIndex=24}
21:46:31.246 [raft-server-3] TRACE i.a.p.raft.roles.LeaderAppender - RaftServer{3} - Sending AppendRequest{term=1, leader=3, prevLogIndex=24, prevLogTerm=1, entries=1, commitIndex=24} to 1
21:46:31.246 [raft-server-1] TRACE i.a.p.raft.roles.FollowerRole - RaftServer{1}{role=FOLLOWER} - Received AppendRequest{term=1, leader=3, prevLogIndex=24, prevLogTerm=1, entries=1, commitIndex=24}
21:46:31.246 [raft-server-2] TRACE i.a.p.raft.roles.FollowerRole - RaftServer{2}{role=FOLLOWER} - Appended Indexed{index=25, entry=CommandEntry{term=1, timestamp=2018-06-05 09:46:31,246, session=2, sequence=21, operation=PrimitiveOperation{id=DefaultOperationId{id=write, type=COMMAND}, value=byte[]{length=17, hash=-1644578928}}}}
21:46:31.246 [raft-server-1] TRACE i.a.p.raft.roles.FollowerRole - RaftServer{1}{role=FOLLOWER} - Appended Indexed{index=25, entry=CommandEntry{term=1, timestamp=2018-06-05 09:46:31,246, session=2, sequence=21, operation=PrimitiveOperation{id=DefaultOperationId{id=write, type=COMMAND}, value=byte[]{length=17, hash=-1644578928}}}}
21:46:31.278 [raft-server-2] TRACE i.a.p.raft.roles.FollowerRole - RaftServer{2}{role=FOLLOWER} - Committed entries up to index 24
21:46:31.278 [raft-server-1] TRACE i.a.p.raft.roles.FollowerRole - RaftServer{1}{role=FOLLOWER} - Committed entries up to index 24
21:46:31.278 [raft-server-2] TRACE i.a.p.raft.roles.FollowerRole - RaftServer{2}{role=FOLLOWER} - Sending AppendResponse{status=OK, term=1, succeeded=true, lastLogIndex=25}
21:46:31.278 [raft-server-1] TRACE i.a.p.raft.roles.FollowerRole - RaftServer{1}{role=FOLLOWER} - Sending AppendResponse{status=OK, term=1, succeeded=true, lastLogIndex=25}
21:46:31.278 [raft-server-3] TRACE i.a.p.raft.roles.LeaderAppender - RaftServer{3} - Received AppendResponse{status=OK, term=1, succeeded=true, lastLogIndex=25} from 2
21:46:31.278 [raft-server-3] TRACE i.a.p.raft.roles.LeaderAppender - RaftServer{3} - Committed entries up to 25
21:46:31.278 [raft-server-1-state] TRACE i.a.p.raft.impl.RaftServiceManager - RaftServer{1} - Applying Indexed{index=24, entry=CommandEntry{term=1, timestamp=2018-06-05 09:46:31,179, session=2, sequence=20, operation=PrimitiveOperation{id=DefaultOperationId{id=write, type=COMMAND}, value=byte[]{length=17, hash=-1644578928}}}}
21:46:31.278 [raft-server-2-state] TRACE i.a.p.raft.impl.RaftServiceManager - RaftServer{2} - Applying Indexed{index=24, entry=CommandEntry{term=1, timestamp=2018-06-05 09:46:31,179, session=2, sequence=20, operation=PrimitiveOperation{id=DefaultOperationId{id=write, type=COMMAND}, value=byte[]{length=17, hash=-1644578928}}}}
21:46:31.279 [raft-server-1-state] TRACE i.a.p.s.impl.DefaultServiceExecutor - PrimitiveService{2}{type=PrimitiveType{name=test}, name=test} - Executing DefaultCommit{index=24, session=RaftSession{RaftServiceContext{server=1, type=PrimitiveType{name=test}, name=test, id=2}, session=2, timestamp=2018-06-05 09:46:31,179}, time=2018-06-05 09:46:31,179, operation=DefaultOperationId{id=write, type=COMMAND}, value=byte[]{length=17, hash=-1644578928}}
21:46:31.279 [raft-server-2-state] TRACE i.a.p.s.impl.DefaultServiceExecutor - PrimitiveService{2}{type=PrimitiveType{name=test}, name=test} - Executing DefaultCommit{index=24, session=RaftSession{RaftServiceContext{server=2, type=PrimitiveType{name=test}, name=test, id=2}, session=2, timestamp=2018-06-05 09:46:31,179}, time=2018-06-05 09:46:31,179, operation=DefaultOperationId{id=write, type=COMMAND}, value=byte[]{length=17, hash=-1644578928}}
21:46:31.312 [raft-server-3] TRACE i.a.p.raft.roles.LeaderAppender - RaftServer{3} - Received AppendResponse{status=OK, term=1, succeeded=true, lastLogIndex=25} from 1
21:46:31.312 [raft-server-3-state] TRACE i.a.p.raft.impl.RaftServiceManager - RaftServer{3} - Applying Indexed{index=25, entry=CommandEntry{term=1, timestamp=2018-06-05 09:46:31,246, session=2, sequence=21, operation=PrimitiveOperation{id=DefaultOperationId{id=write, type=COMMAND}, value=byte[]{length=17, hash=-1644578928}}}}
21:46:31.312 [raft-server-3-state] TRACE i.a.p.s.impl.DefaultServiceExecutor - PrimitiveService{2}{type=PrimitiveType{name=test}, name=test} - Executing DefaultCommit{index=25, session=RaftSession{RaftServiceContext{server=3, type=PrimitiveType{name=test}, name=test, id=2}, session=2, timestamp=2018-06-05 09:46:31,246}, time=2018-06-05 09:46:31,246, operation=DefaultOperationId{id=write, type=COMMAND}, value=byte[]{length=17, hash=-1644578928}}
21:46:31.312 [raft-server-3-state] TRACE i.a.protocols.raft.roles.LeaderRole - RaftServer{3}{role=LEADER} - Sending CommandResponse{status=OK, index=25, eventIndex=2, result=byte[]{length=2, hash=1290}}
21:46:31.312 [raft-server-2] TRACE i.a.p.raft.roles.FollowerRole - RaftServer{2}{role=FOLLOWER} - Sending CommandResponse{status=OK, index=25, eventIndex=2, result=byte[]{length=2, hash=1290}}
21:46:31.312 [raft-client-2f4c8c2a-86e3-4c0e-9770-cf34b8eb1c33-4] TRACE i.a.p.r.p.impl.RaftProxyConnection - PartitionProxy{2}{type=PrimitiveType{name=test}, name=test} - Received CommandResponse{status=OK, index=25, eventIndex=2, result=byte[]{length=2, hash=1290}} from 2
21:46:31.312 [raft-client-2f4c8c2a-86e3-4c0e-9770-cf34b8eb1c33-4] TRACE i.a.p.r.p.impl.RaftProxySequencer - PartitionProxy{2}{type=PrimitiveType{name=test}, name=test} - Completing response CommandResponse{status=OK, index=25, eventIndex=2, result=byte[]{length=2, hash=1290}}
21:46:31.313 [raft-client-2f4c8c2a-86e3-4c0e-9770-cf34b8eb1c33-4] TRACE i.a.p.r.p.impl.RaftProxyConnection - PartitionProxy{2}{type=PrimitiveType{name=test}, name=test} - Sending CommandRequest{session=2, sequence=22, operation=PrimitiveOperation{id=DefaultOperationId{id=write, type=COMMAND}, value=byte[]{length=17, hash=-1644578928}}} to 2
21:46:31.313 [raft-server-2] TRACE i.a.p.raft.roles.FollowerRole - RaftServer{2}{role=FOLLOWER} - Received CommandRequest{session=2, sequence=22, operation=PrimitiveOperation{id=DefaultOperationId{id=write, type=COMMAND}, value=byte[]{length=17, hash=-1644578928}}}
21:46:31.313 [raft-server-3] TRACE i.a.protocols.raft.roles.LeaderRole - RaftServer{3}{role=LEADER} - Received CommandRequest{session=2, sequence=22, operation=PrimitiveOperation{id=DefaultOperationId{id=write, type=COMMAND}, value=byte[]{length=17, hash=-1644578928}}}
21:46:31.313 [raft-server-3] TRACE i.a.protocols.raft.roles.LeaderRole - RaftServer{3}{role=LEADER} - Appended Indexed{index=26, entry=CommandEntry{term=1, timestamp=2018-06-05 09:46:31,313, session=2, sequence=22, operation=PrimitiveOperation{id=DefaultOperationId{id=write, type=COMMAND}, value=byte[]{length=17, hash=-1644578928}}}}
21:46:31.313 [raft-server-3] TRACE i.a.p.raft.roles.LeaderAppender - RaftServer{3} - Sending AppendRequest{term=1, leader=3, prevLogIndex=25, prevLogTerm=1, entries=1, commitIndex=25} to 2
21:46:31.313 [raft-server-2] TRACE i.a.p.raft.roles.FollowerRole - RaftServer{2}{role=FOLLOWER} - Received AppendRequest{term=1, leader=3, prevLogIndex=25, prevLogTerm=1, entries=1, commitIndex=25}
21:46:31.313 [raft-server-3] TRACE i.a.p.raft.roles.LeaderAppender - RaftServer{3} - Sending AppendRequest{term=1, leader=3, prevLogIndex=25, prevLogTerm=1, entries=1, commitIndex=25} to 1
21:46:31.313 [raft-server-1] TRACE i.a.p.raft.roles.FollowerRole - RaftServer{1}{role=FOLLOWER} - Received AppendRequest{term=1, leader=3, prevLogIndex=25, prevLogTerm=1, entries=1, commitIndex=25}
21:46:31.313 [raft-server-2] TRACE i.a.p.raft.roles.FollowerRole - RaftServer{2}{role=FOLLOWER} - Appended Indexed{index=26, entry=CommandEntry{term=1, timestamp=2018-06-05 09:46:31,313, session=2, sequence=22, operation=PrimitiveOperation{id=DefaultOperationId{id=write, type=COMMAND}, value=byte[]{length=17, hash=-1644578928}}}}
21:46:31.313 [raft-server-1] TRACE i.a.p.raft.roles.FollowerRole - RaftServer{1}{role=FOLLOWER} - Appended Indexed{index=26, entry=CommandEntry{term=1, timestamp=2018-06-05 09:46:31,313, session=2, sequence=22, operation=PrimitiveOperation{id=DefaultOperationId{id=write, type=COMMAND}, value=byte[]{length=17, hash=-1644578928}}}}
21:46:31.336 [raft-client-2f4c8c2a-86e3-4c0e-9770-cf34b8eb1c33-2] TRACE i.a.p.r.proxy.impl.RaftProxyManager - RaftClient{2f4c8c2a-86e3-4c0e-9770-cf34b8eb1c33} - Keeping 1 sessions alive
21:46:31.336 [raft-client-2f4c8c2a-86e3-4c0e-9770-cf34b8eb1c33-2] TRACE i.a.p.r.p.impl.RaftProxyConnection - RaftClient{2f4c8c2a-86e3-4c0e-9770-cf34b8eb1c33} - Sending KeepAliveRequest{sessionIds=long[]{length=1, hash=33}, commandSequences=long[]{length=1, hash=52}, eventIndexes=long[]{length=1, hash=33}} to 3
21:46:31.336 [raft-server-3] TRACE i.a.protocols.raft.roles.LeaderRole - RaftServer{3}{role=LEADER} - Received KeepAliveRequest{sessionIds=long[]{length=1, hash=33}, commandSequences=long[]{length=1, hash=52}, eventIndexes=long[]{length=1, hash=33}}
21:46:31.336 [raft-server-3] TRACE i.a.protocols.raft.roles.LeaderRole - RaftServer{3}{role=LEADER} - Appended Indexed{index=27, entry=KeepAliveEntry{term=1, timestamp=2018-06-05 09:46:31,336, sessionIds=long[]{length=1, hash=33}, commandSequences=long[]{length=1, hash=52}, eventIndexes=long[]{length=1, hash=33}}}
21:46:31.345 [raft-server-2] TRACE i.a.p.raft.roles.FollowerRole - RaftServer{2}{role=FOLLOWER} - Committed entries up to index 25
21:46:31.345 [raft-server-2] TRACE i.a.p.raft.roles.FollowerRole - RaftServer{2}{role=FOLLOWER} - Sending AppendResponse{status=OK, term=1, succeeded=true, lastLogIndex=26}
21:46:31.345 [raft-server-1] TRACE i.a.p.raft.roles.FollowerRole - RaftServer{1}{role=FOLLOWER} - Committed entries up to index 25
21:46:31.345 [raft-server-3] TRACE i.a.p.raft.roles.LeaderAppender - RaftServer{3} - Received AppendResponse{status=OK, term=1, succeeded=true, lastLogIndex=26} from 2
21:46:31.345 [raft-server-1] TRACE i.a.p.raft.roles.FollowerRole - RaftServer{1}{role=FOLLOWER} - Sending AppendResponse{status=OK, term=1, succeeded=true, lastLogIndex=26}
21:46:31.345 [raft-server-3] TRACE i.a.p.raft.roles.LeaderAppender - RaftServer{3} - Committed entries up to 26
21:46:31.345 [raft-server-2-state] TRACE i.a.p.raft.impl.RaftServiceManager - RaftServer{2} - Applying Indexed{index=25, entry=CommandEntry{term=1, timestamp=2018-06-05 09:46:31,246, session=2, sequence=21, operation=PrimitiveOperation{id=DefaultOperationId{id=write, type=COMMAND}, value=byte[]{length=17, hash=-1644578928}}}}
21:46:31.345 [raft-server-1-state] TRACE i.a.p.raft.impl.RaftServiceManager - RaftServer{1} - Applying Indexed{index=25, entry=CommandEntry{term=1, timestamp=2018-06-05 09:46:31,246, session=2, sequence=21, operation=PrimitiveOperation{id=DefaultOperationId{id=write, type=COMMAND}, value=byte[]{length=17, hash=-1644578928}}}}
21:46:31.345 [raft-server-2-state] TRACE i.a.p.s.impl.DefaultServiceExecutor - PrimitiveService{2}{type=PrimitiveType{name=test}, name=test} - Executing DefaultCommit{index=25, session=RaftSession{RaftServiceContext{server=2, type=PrimitiveType{name=test}, name=test, id=2}, session=2, timestamp=2018-06-05 09:46:31,246}, time=2018-06-05 09:46:31,246, operation=DefaultOperationId{id=write, type=COMMAND}, value=byte[]{length=17, hash=-1644578928}}
21:46:31.345 [raft-server-1-state] TRACE i.a.p.s.impl.DefaultServiceExecutor - PrimitiveService{2}{type=PrimitiveType{name=test}, name=test} - Executing DefaultCommit{index=25, session=RaftSession{RaftServiceContext{server=1, type=PrimitiveType{name=test}, name=test, id=2}, session=2, timestamp=2018-06-05 09:46:31,246}, time=2018-06-05 09:46:31,246, operation=DefaultOperationId{id=write, type=COMMAND}, value=byte[]{length=17, hash=-1644578928}}
21:46:31.378 [raft-server-3] TRACE i.a.p.raft.roles.LeaderAppender - RaftServer{3} - Sending AppendRequest{term=1, leader=3, prevLogIndex=26, prevLogTerm=1, entries=1, commitIndex=26} to 2
21:46:31.378 [raft-server-3] TRACE i.a.p.raft.roles.LeaderAppender - RaftServer{3} - Received AppendResponse{status=OK, term=1, succeeded=true, lastLogIndex=26} from 1
21:46:31.378 [raft-server-3] TRACE i.a.p.raft.roles.LeaderAppender - RaftServer{3} - Sending AppendRequest{term=1, leader=3, prevLogIndex=26, prevLogTerm=1, entries=1, commitIndex=26} to 1
21:46:31.378 [raft-server-1] TRACE i.a.p.raft.roles.FollowerRole - RaftServer{1}{role=FOLLOWER} - Received AppendRequest{term=1, leader=3, prevLogIndex=26, prevLogTerm=1, entries=1, commitIndex=26}
21:46:31.378 [raft-server-2] TRACE i.a.p.raft.roles.FollowerRole - RaftServer{2}{role=FOLLOWER} - Received AppendRequest{term=1, leader=3, prevLogIndex=26, prevLogTerm=1, entries=1, commitIndex=26}
21:46:31.378 [raft-server-3-state] TRACE i.a.p.raft.impl.RaftServiceManager - RaftServer{3} - Applying Indexed{index=26, entry=CommandEntry{term=1, timestamp=2018-06-05 09:46:31,313, session=2, sequence=22, operation=PrimitiveOperation{id=DefaultOperationId{id=write, type=COMMAND}, value=byte[]{length=17, hash=-1644578928}}}}
21:46:31.379 [raft-server-3-state] TRACE i.a.p.s.impl.DefaultServiceExecutor - PrimitiveService{2}{type=PrimitiveType{name=test}, name=test} - Executing DefaultCommit{index=26, session=RaftSession{RaftServiceContext{server=3, type=PrimitiveType{name=test}, name=test, id=2}, session=2, timestamp=2018-06-05 09:46:31,313}, time=2018-06-05 09:46:31,313, operation=DefaultOperationId{id=write, type=COMMAND}, value=byte[]{length=17, hash=-1644578928}}
21:46:31.379 [raft-server-2] TRACE i.a.p.raft.roles.FollowerRole - RaftServer{2}{role=FOLLOWER} - Appended Indexed{index=27, entry=KeepAliveEntry{term=1, timestamp=2018-06-05 09:46:31,336, sessionIds=long[]{length=1, hash=33}, commandSequences=long[]{length=1, hash=52}, eventIndexes=long[]{length=1, hash=33}}}
21:46:31.379 [raft-server-3-state] TRACE i.a.protocols.raft.roles.LeaderRole - RaftServer{3}{role=LEADER} - Sending CommandResponse{status=OK, index=26, eventIndex=2, result=byte[]{length=2, hash=1292}}
21:46:31.379 [raft-server-1] TRACE i.a.p.raft.roles.FollowerRole - RaftServer{1}{role=FOLLOWER} - Appended Indexed{index=27, entry=KeepAliveEntry{term=1, timestamp=2018-06-05 09:46:31,336, sessionIds=long[]{length=1, hash=33}, commandSequences=long[]{length=1, hash=52}, eventIndexes=long[]{length=1, hash=33}}}
21:46:31.420 [raft-server-2] TRACE i.a.p.raft.roles.FollowerRole - RaftServer{2}{role=FOLLOWER} - Committed entries up to index 26
21:46:31.420 [raft-server-2] TRACE i.a.p.raft.roles.FollowerRole - RaftServer{2}{role=FOLLOWER} - Sending AppendResponse{status=OK, term=1, succeeded=true, lastLogIndex=27}
21:46:31.420 [raft-server-2] TRACE i.a.p.raft.roles.FollowerRole - RaftServer{2}{role=FOLLOWER} - Sending CommandResponse{status=OK, index=26, eventIndex=2, result=byte[]{length=2, hash=1292}}
21:46:31.420 [raft-server-3] TRACE i.a.p.raft.roles.LeaderAppender - RaftServer{3} - Received AppendResponse{status=OK, term=1, succeeded=true, lastLogIndex=27} from 2
21:46:31.420 [raft-client-2f4c8c2a-86e3-4c0e-9770-cf34b8eb1c33-1] TRACE i.a.p.r.p.impl.RaftProxyConnection - PartitionProxy{2}{type=PrimitiveType{name=test}, name=test} - Received CommandResponse{status=OK, index=26, eventIndex=2, result=byte[]{length=2, hash=1292}} from 2
21:46:31.420 [raft-server-3] TRACE i.a.p.raft.roles.LeaderAppender - RaftServer{3} - Committed entries up to 27
21:46:31.420 [raft-server-2-state] TRACE i.a.p.raft.impl.RaftServiceManager - RaftServer{2} - Applying Indexed{index=26, entry=CommandEntry{term=1, timestamp=2018-06-05 09:46:31,313, session=2, sequence=22, operation=PrimitiveOperation{id=DefaultOperationId{id=write, type=COMMAND}, value=byte[]{length=17, hash=-1644578928}}}}
21:46:31.420 [raft-client-2f4c8c2a-86e3-4c0e-9770-cf34b8eb1c33-1] TRACE i.a.p.r.p.impl.RaftProxySequencer - PartitionProxy{2}{type=PrimitiveType{name=test}, name=test} - Completing response CommandResponse{status=OK, index=26, eventIndex=2, result=byte[]{length=2, hash=1292}}
21:46:31.420 [raft-server-2-state] TRACE i.a.p.s.impl.DefaultServiceExecutor - PrimitiveService{2}{type=PrimitiveType{name=test}, name=test} - Executing DefaultCommit{index=26, session=RaftSession{RaftServiceContext{server=2, type=PrimitiveType{name=test}, name=test, id=2}, session=2, timestamp=2018-06-05 09:46:31,313}, time=2018-06-05 09:46:31,313, operation=DefaultOperationId{id=write, type=COMMAND}, value=byte[]{length=17, hash=-1644578928}}
21:46:31.420 [raft-client-2f4c8c2a-86e3-4c0e-9770-cf34b8eb1c33-1] TRACE i.a.p.r.p.impl.RaftProxyConnection - PartitionProxy{2}{type=PrimitiveType{name=test}, name=test} - Sending CommandRequest{session=2, sequence=23, operation=PrimitiveOperation{id=DefaultOperationId{id=write, type=COMMAND}, value=byte[]{length=17, hash=-1644578928}}} to 2
21:46:31.421 [raft-server-2] TRACE i.a.p.raft.roles.FollowerRole - RaftServer{2}{role=FOLLOWER} - Received CommandRequest{session=2, sequence=23, operation=PrimitiveOperation{id=DefaultOperationId{id=write, type=COMMAND}, value=byte[]{length=17, hash=-1644578928}}}
21:46:31.445 [raft-server-1] TRACE i.a.p.raft.roles.FollowerRole - RaftServer{1}{role=FOLLOWER} - Committed entries up to index 26
21:46:31.445 [raft-server-1] TRACE i.a.p.raft.roles.FollowerRole - RaftServer{1}{role=FOLLOWER} - Sending AppendResponse{status=OK, term=1, succeeded=true, lastLogIndex=27}
21:46:31.445 [raft-server-1-state] TRACE i.a.p.raft.impl.RaftServiceManager - RaftServer{1} - Applying Indexed{index=26, entry=CommandEntry{term=1, timestamp=2018-06-05 09:46:31,313, session=2, sequence=22, operation=PrimitiveOperation{id=DefaultOperationId{id=write, type=COMMAND}, value=byte[]{length=17, hash=-1644578928}}}}
21:46:31.445 [raft-server-1-state] TRACE i.a.p.s.impl.DefaultServiceExecutor - PrimitiveService{2}{type=PrimitiveType{name=test}, name=test} - Executing DefaultCommit{index=26, session=RaftSession{RaftServiceContext{server=1, type=PrimitiveType{name=test}, name=test, id=2}, session=2, timestamp=2018-06-05 09:46:31,313}, time=2018-06-05 09:46:31,313, operation=DefaultOperationId{id=write, type=COMMAND}, value=byte[]{length=17, hash=-1644578928}}
21:46:31.470 [raft-server-3] TRACE i.a.p.raft.roles.LeaderAppender - RaftServer{3} - Sending AppendRequest{term=1, leader=3, prevLogIndex=27, prevLogTerm=1, entries=0, commitIndex=27} to 2
21:46:31.470 [raft-server-2] TRACE i.a.p.raft.roles.FollowerRole - RaftServer{2}{role=FOLLOWER} - Received AppendRequest{term=1, leader=3, prevLogIndex=27, prevLogTerm=1, entries=0, commitIndex=27}
21:46:31.470 [raft-server-3] TRACE i.a.protocols.raft.roles.LeaderRole - RaftServer{3}{role=LEADER} - Received CommandRequest{session=2, sequence=23, operation=PrimitiveOperation{id=DefaultOperationId{id=write, type=COMMAND}, value=byte[]{length=17, hash=-1644578928}}}
21:46:31.470 [raft-server-3] TRACE i.a.protocols.raft.roles.LeaderRole - RaftServer{3}{role=LEADER} - Appended Indexed{index=28, entry=CommandEntry{term=1, timestamp=2018-06-05 09:46:31,470, session=2, sequence=23, operation=PrimitiveOperation{id=DefaultOperationId{id=write, type=COMMAND}, value=byte[]{length=17, hash=-1644578928}}}}
21:46:31.470 [raft-server-3] TRACE i.a.p.raft.roles.LeaderAppender - RaftServer{3} - Received AppendResponse{status=OK, term=1, succeeded=true, lastLogIndex=27} from 1
21:46:31.470 [raft-server-3] TRACE i.a.p.raft.roles.LeaderAppender - RaftServer{3} - Sending AppendRequest{term=1, leader=3, prevLogIndex=27, prevLogTerm=1, entries=1, commitIndex=27} to 1
21:46:31.470 [raft-server-1] TRACE i.a.p.raft.roles.FollowerRole - RaftServer{1}{role=FOLLOWER} - Received AppendRequest{term=1, leader=3, prevLogIndex=27, prevLogTerm=1, entries=1, commitIndex=27}
21:46:31.470 [raft-server-3-state] TRACE i.a.p.raft.impl.RaftServiceManager - RaftServer{3} - Applying Indexed{index=27, entry=KeepAliveEntry{term=1, timestamp=2018-06-05 09:46:31,336, sessionIds=long[]{length=1, hash=33}, commandSequences=long[]{length=1, hash=52}, eventIndexes=long[]{length=1, hash=33}}}
21:46:31.471 [raft-server-1] TRACE i.a.p.raft.roles.FollowerRole - RaftServer{1}{role=FOLLOWER} - Appended Indexed{index=28, entry=CommandEntry{term=1, timestamp=2018-06-05 09:46:31,470, session=2, sequence=23, operation=PrimitiveOperation{id=DefaultOperationId{id=write, type=COMMAND}, value=byte[]{length=17, hash=-1644578928}}}}
21:46:31.471 [raft-server-3] TRACE i.a.protocols.raft.roles.LeaderRole - RaftServer{3}{role=LEADER} - Sending KeepAliveResponse{status=OK, leader=3, members=[2, 1, 3], sessionIds=long[]{length=1, hash=33}}
21:46:31.471 [raft-client-2f4c8c2a-86e3-4c0e-9770-cf34b8eb1c33-7] TRACE i.a.p.r.p.impl.RaftProxyConnection - RaftClient{2f4c8c2a-86e3-4c0e-9770-cf34b8eb1c33} - Received KeepAliveResponse{status=OK, leader=3, members=[2, 1, 3], sessionIds=long[]{length=1, hash=33}} from 3
21:46:31.503 [raft-server-2] TRACE i.a.p.raft.roles.FollowerRole - RaftServer{2}{role=FOLLOWER} - Committed entries up to index 27
21:46:31.503 [raft-server-2] TRACE i.a.p.raft.roles.FollowerRole - RaftServer{2}{role=FOLLOWER} - Sending AppendResponse{status=OK, term=1, succeeded=true, lastLogIndex=27}
21:46:31.503 [raft-server-3] TRACE i.a.p.raft.roles.LeaderAppender - RaftServer{3} - Received AppendResponse{status=OK, term=1, succeeded=true, lastLogIndex=27} from 2
21:46:31.503 [raft-server-3] TRACE i.a.p.raft.roles.LeaderAppender - RaftServer{3} - Sending AppendRequest{term=1, leader=3, prevLogIndex=27, prevLogTerm=1, entries=1, commitIndex=27} to 2
21:46:31.503 [raft-server-2-state] TRACE i.a.p.raft.impl.RaftServiceManager - RaftServer{2} - Applying Indexed{index=27, entry=KeepAliveEntry{term=1, timestamp=2018-06-05 09:46:31,336, sessionIds=long[]{length=1, hash=33}, commandSequences=long[]{length=1, hash=52}, eventIndexes=long[]{length=1, hash=33}}}
21:46:31.504 [raft-server-2] TRACE i.a.p.raft.roles.FollowerRole - RaftServer{2}{role=FOLLOWER} - Received AppendRequest{term=1, leader=3, prevLogIndex=27, prevLogTerm=1, entries=1, commitIndex=27}
21:46:31.504 [raft-server-2] TRACE i.a.p.raft.roles.FollowerRole - RaftServer{2}{role=FOLLOWER} - Appended Indexed{index=28, entry=CommandEntry{term=1, timestamp=2018-06-05 09:46:31,470, session=2, sequence=23, operation=PrimitiveOperation{id=DefaultOperationId{id=write, type=COMMAND}, value=byte[]{length=17, hash=-1644578928}}}}
21:46:31.504 [raft-server-2] TRACE i.a.p.raft.roles.FollowerRole - RaftServer{2}{role=FOLLOWER} - Sending AppendResponse{status=OK, term=1, succeeded=true, lastLogIndex=28}
21:46:31.504 [raft-server-3] TRACE i.a.p.raft.roles.LeaderAppender - RaftServer{3} - Received AppendResponse{status=OK, term=1, succeeded=true, lastLogIndex=28} from 2
21:46:31.504 [raft-server-3] TRACE i.a.p.raft.roles.LeaderAppender - RaftServer{3} - Committed entries up to 28
21:46:31.534 [raft-server-1] TRACE i.a.p.raft.roles.FollowerRole - RaftServer{1}{role=FOLLOWER} - Committed entries up to index 27
21:46:31.534 [raft-server-1] TRACE i.a.p.raft.roles.FollowerRole - RaftServer{1}{role=FOLLOWER} - Sending AppendResponse{status=OK, term=1, succeeded=true, lastLogIndex=28}
21:46:31.534 [raft-server-1-state] TRACE i.a.p.raft.impl.RaftServiceManager - RaftServer{1} - Applying Indexed{index=27, entry=KeepAliveEntry{term=1, timestamp=2018-06-05 09:46:31,336, sessionIds=long[]{length=1, hash=33}, commandSequences=long[]{length=1, hash=52}, eventIndexes=long[]{length=1, hash=33}}}
21:46:31.559 [raft-server-3] TRACE i.a.p.raft.roles.LeaderAppender - RaftServer{3} - Received AppendResponse{status=OK, term=1, succeeded=true, lastLogIndex=28} from 1
21:46:31.559 [raft-server-3-state] TRACE i.a.p.raft.impl.RaftServiceManager - RaftServer{3} - Applying Indexed{index=28, entry=CommandEntry{term=1, timestamp=2018-06-05 09:46:31,470, session=2, sequence=23, operation=PrimitiveOperation{id=DefaultOperationId{id=write, type=COMMAND}, value=byte[]{length=17, hash=-1644578928}}}}
21:46:31.559 [raft-server-3-state] TRACE i.a.p.s.impl.DefaultServiceExecutor - PrimitiveService{2}{type=PrimitiveType{name=test}, name=test} - Executing DefaultCommit{index=28, session=RaftSession{RaftServiceContext{server=3, type=PrimitiveType{name=test}, name=test, id=2}, session=2, timestamp=2018-06-05 09:46:31,470}, time=2018-06-05 09:46:31,470, operation=DefaultOperationId{id=write, type=COMMAND}, value=byte[]{length=17, hash=-1644578928}}
21:46:31.559 [raft-server-3-state] TRACE i.a.protocols.raft.roles.LeaderRole - RaftServer{3}{role=LEADER} - Sending CommandResponse{status=OK, index=28, eventIndex=2, result=byte[]{length=2, hash=1296}}
21:46:31.559 [raft-server-2] TRACE i.a.p.raft.roles.FollowerRole - RaftServer{2}{role=FOLLOWER} - Sending CommandResponse{status=OK, index=28, eventIndex=2, result=byte[]{length=2, hash=1296}}
21:46:31.559 [raft-client-2f4c8c2a-86e3-4c0e-9770-cf34b8eb1c33-0] TRACE i.a.p.r.p.impl.RaftProxyConnection - PartitionProxy{2}{type=PrimitiveType{name=test}, name=test} - Received CommandResponse{status=OK, index=28, eventIndex=2, result=byte[]{length=2, hash=1296}} from 2
21:46:31.560 [raft-client-2f4c8c2a-86e3-4c0e-9770-cf34b8eb1c33-0] TRACE i.a.p.r.p.impl.RaftProxySequencer - PartitionProxy{2}{type=PrimitiveType{name=test}, name=test} - Completing response CommandResponse{status=OK, index=28, eventIndex=2, result=byte[]{length=2, hash=1296}}
21:46:31.560 [raft-client-2f4c8c2a-86e3-4c0e-9770-cf34b8eb1c33-4] TRACE i.a.p.r.p.impl.RaftProxyConnection - PartitionProxy{2}{type=PrimitiveType{name=test}, name=test} - Sending CommandRequest{session=2, sequence=24, operation=PrimitiveOperation{id=DefaultOperationId{id=write, type=COMMAND}, value=byte[]{length=17, hash=-1644578928}}} to 2
21:46:31.560 [raft-server-2] TRACE i.a.p.raft.roles.FollowerRole - RaftServer{2}{role=FOLLOWER} - Received CommandRequest{session=2, sequence=24, operation=PrimitiveOperation{id=DefaultOperationId{id=write, type=COMMAND}, value=byte[]{length=17, hash=-1644578928}}}
21:46:31.560 [raft-server-3] TRACE i.a.protocols.raft.roles.LeaderRole - RaftServer{3}{role=LEADER} - Received CommandRequest{session=2, sequence=24, operation=PrimitiveOperation{id=DefaultOperationId{id=write, type=COMMAND}, value=byte[]{length=17, hash=-1644578928}}}
21:46:31.561 [raft-server-3] TRACE i.a.protocols.raft.roles.LeaderRole - RaftServer{3}{role=LEADER} - Appended Indexed{index=29, entry=CommandEntry{term=1, timestamp=2018-06-05 09:46:31,560, session=2, sequence=24, operation=PrimitiveOperation{id=DefaultOperationId{id=write, type=COMMAND}, value=byte[]{length=17, hash=-1644578928}}}}
21:46:31.561 [raft-server-3] TRACE i.a.p.raft.roles.LeaderAppender - RaftServer{3} - Sending AppendRequest{term=1, leader=3, prevLogIndex=28, prevLogTerm=1, entries=1, commitIndex=28} to 2
21:46:31.561 [raft-server-3] TRACE i.a.p.raft.roles.LeaderAppender - RaftServer{3} - Sending AppendRequest{term=1, leader=3, prevLogIndex=28, prevLogTerm=1, entries=1, commitIndex=28} to 1
21:46:31.561 [raft-server-2] TRACE i.a.p.raft.roles.FollowerRole - RaftServer{2}{role=FOLLOWER} - Received AppendRequest{term=1, leader=3, prevLogIndex=28, prevLogTerm=1, entries=1, commitIndex=28}
21:46:31.561 [raft-server-1] TRACE i.a.p.raft.roles.FollowerRole - RaftServer{1}{role=FOLLOWER} - Received AppendRequest{term=1, leader=3, prevLogIndex=28, prevLogTerm=1, entries=1, commitIndex=28}
21:46:31.561 [raft-server-2] TRACE i.a.p.raft.roles.FollowerRole - RaftServer{2}{role=FOLLOWER} - Appended Indexed{index=29, entry=CommandEntry{term=1, timestamp=2018-06-05 09:46:31,560, session=2, sequence=24, operation=PrimitiveOperation{id=DefaultOperationId{id=write, type=COMMAND}, value=byte[]{length=17, hash=-1644578928}}}}
21:46:31.561 [raft-server-1] TRACE i.a.p.raft.roles.FollowerRole - RaftServer{1}{role=FOLLOWER} - Appended Indexed{index=29, entry=CommandEntry{term=1, timestamp=2018-06-05 09:46:31,560, session=2, sequence=24, operation=PrimitiveOperation{id=DefaultOperationId{id=write, type=COMMAND}, value=byte[]{length=17, hash=-1644578928}}}}
21:46:31.595 [raft-server-2] TRACE i.a.p.raft.roles.FollowerRole - RaftServer{2}{role=FOLLOWER} - Committed entries up to index 28
21:46:31.595 [raft-server-2] TRACE i.a.p.raft.roles.FollowerRole - RaftServer{2}{role=FOLLOWER} - Sending AppendResponse{status=OK, term=1, succeeded=true, lastLogIndex=29}
21:46:31.595 [raft-server-1] TRACE i.a.p.raft.roles.FollowerRole - RaftServer{1}{role=FOLLOWER} - Committed entries up to index 28
21:46:31.595 [raft-server-1] TRACE i.a.p.raft.roles.FollowerRole - RaftServer{1}{role=FOLLOWER} - Sending AppendResponse{status=OK, term=1, succeeded=true, lastLogIndex=29}
21:46:31.595 [raft-server-3] TRACE i.a.p.raft.roles.LeaderAppender - RaftServer{3} - Received AppendResponse{status=OK, term=1, succeeded=true, lastLogIndex=29} from 2
21:46:31.595 [raft-server-2-state] TRACE i.a.p.raft.impl.RaftServiceManager - RaftServer{2} - Applying Indexed{index=28, entry=CommandEntry{term=1, timestamp=2018-06-05 09:46:31,470, session=2, sequence=23, operation=PrimitiveOperation{id=DefaultOperationId{id=write, type=COMMAND}, value=byte[]{length=17, hash=-1644578928}}}}
21:46:31.595 [raft-server-3] TRACE i.a.p.raft.roles.LeaderAppender - RaftServer{3} - Committed entries up to 29
21:46:31.595 [raft-server-1-state] TRACE i.a.p.raft.impl.RaftServiceManager - RaftServer{1} - Applying Indexed{index=28, entry=CommandEntry{term=1, timestamp=2018-06-05 09:46:31,470, session=2, sequence=23, operation=PrimitiveOperation{id=DefaultOperationId{id=write, type=COMMAND}, value=byte[]{length=17, hash=-1644578928}}}}
21:46:31.595 [raft-server-2-state] TRACE i.a.p.s.impl.DefaultServiceExecutor - PrimitiveService{2}{type=PrimitiveType{name=test}, name=test} - Executing DefaultCommit{index=28, session=RaftSession{RaftServiceContext{server=2, type=PrimitiveType{name=test}, name=test, id=2}, session=2, timestamp=2018-06-05 09:46:31,470}, time=2018-06-05 09:46:31,470, operation=DefaultOperationId{id=write, type=COMMAND}, value=byte[]{length=17, hash=-1644578928}}
21:46:31.595 [raft-server-1-state] TRACE i.a.p.s.impl.DefaultServiceExecutor - PrimitiveService{2}{type=PrimitiveType{name=test}, name=test} - Executing DefaultCommit{index=28, session=RaftSession{RaftServiceContext{server=1, type=PrimitiveType{name=test}, name=test, id=2}, session=2, timestamp=2018-06-05 09:46:31,470}, time=2018-06-05 09:46:31,470, operation=DefaultOperationId{id=write, type=COMMAND}, value=byte[]{length=17, hash=-1644578928}}
21:46:31.625 [raft-server-3] TRACE i.a.p.raft.roles.LeaderAppender - RaftServer{3} - Received AppendResponse{status=OK, term=1, succeeded=true, lastLogIndex=29} from 1
21:46:31.625 [raft-server-3] TRACE i.a.p.raft.roles.LeaderAppender - RaftServer{3} - Sending AppendRequest{term=1, leader=3, prevLogIndex=29, prevLogTerm=1, entries=0, commitIndex=29} to 2
21:46:31.625 [raft-server-3] TRACE i.a.p.raft.roles.LeaderAppender - RaftServer{3} - Sending AppendRequest{term=1, leader=3, prevLogIndex=29, prevLogTerm=1, entries=0, commitIndex=29} to 1
21:46:31.625 [raft-server-2] TRACE i.a.p.raft.roles.FollowerRole - RaftServer{2}{role=FOLLOWER} - Received AppendRequest{term=1, leader=3, prevLogIndex=29, prevLogTerm=1, entries=0, commitIndex=29}
21:46:31.626 [raft-server-1] TRACE i.a.p.raft.roles.FollowerRole - RaftServer{1}{role=FOLLOWER} - Received AppendRequest{term=1, leader=3, prevLogIndex=29, prevLogTerm=1, entries=0, commitIndex=29}
21:46:31.626 [raft-server-3-state] TRACE i.a.p.raft.impl.RaftServiceManager - RaftServer{3} - Applying Indexed{index=29, entry=CommandEntry{term=1, timestamp=2018-06-05 09:46:31,560, session=2, sequence=24, operation=PrimitiveOperation{id=DefaultOperationId{id=write, type=COMMAND}, value=byte[]{length=17, hash=-1644578928}}}}
21:46:31.626 [raft-server-3-state] TRACE i.a.p.s.impl.DefaultServiceExecutor - PrimitiveService{2}{type=PrimitiveType{name=test}, name=test} - Executing DefaultCommit{index=29, session=RaftSession{RaftServiceContext{server=3, type=PrimitiveType{name=test}, name=test, id=2}, session=2, timestamp=2018-06-05 09:46:31,560}, time=2018-06-05 09:46:31,560, operation=DefaultOperationId{id=write, type=COMMAND}, value=byte[]{length=17, hash=-1644578928}}
21:46:31.626 [raft-server-3-state] TRACE i.a.protocols.raft.roles.LeaderRole - RaftServer{3}{role=LEADER} - Sending CommandResponse{status=OK, index=29, eventIndex=2, result=byte[]{length=2, hash=1298}}
21:46:31.650 [raft-server-2] TRACE i.a.p.raft.roles.FollowerRole - RaftServer{2}{role=FOLLOWER} - Committed entries up to index 29
21:46:31.650 [raft-server-2] TRACE i.a.p.raft.roles.FollowerRole - RaftServer{2}{role=FOLLOWER} - Sending AppendResponse{status=OK, term=1, succeeded=true, lastLogIndex=29}
21:46:31.650 [raft-server-1] TRACE i.a.p.raft.roles.FollowerRole - RaftServer{1}{role=FOLLOWER} - Committed entries up to index 29
21:46:31.650 [raft-server-1] TRACE i.a.p.raft.roles.FollowerRole - RaftServer{1}{role=FOLLOWER} - Sending AppendResponse{status=OK, term=1, succeeded=true, lastLogIndex=29}
21:46:31.650 [raft-server-3] TRACE i.a.p.raft.roles.LeaderAppender - RaftServer{3} - Received AppendResponse{status=OK, term=1, succeeded=true, lastLogIndex=29} from 2
21:46:31.650 [raft-server-2] TRACE i.a.p.raft.roles.FollowerRole - RaftServer{2}{role=FOLLOWER} - Sending CommandResponse{status=OK, index=29, eventIndex=2, result=byte[]{length=2, hash=1298}}
21:46:31.650 [raft-server-1-state] TRACE i.a.p.raft.impl.RaftServiceManager - RaftServer{1} - Applying Indexed{index=29, entry=CommandEntry{term=1, timestamp=2018-06-05 09:46:31,560, session=2, sequence=24, operation=PrimitiveOperation{id=DefaultOperationId{id=write, type=COMMAND}, value=byte[]{length=17, hash=-1644578928}}}}
21:46:31.651 [raft-server-3] TRACE i.a.p.raft.roles.LeaderAppender - RaftServer{3} - Sending AppendRequest{term=1, leader=3, prevLogIndex=29, prevLogTerm=1, entries=0, commitIndex=29} to 2
21:46:31.651 [raft-server-2-state] TRACE i.a.p.raft.impl.RaftServiceManager - RaftServer{2} - Applying Indexed{index=29, entry=CommandEntry{term=1, timestamp=2018-06-05 09:46:31,560, session=2, sequence=24, operation=PrimitiveOperation{id=DefaultOperationId{id=write, type=COMMAND}, value=byte[]{length=17, hash=-1644578928}}}}
21:46:31.651 [raft-client-2f4c8c2a-86e3-4c0e-9770-cf34b8eb1c33-7] TRACE i.a.p.r.p.impl.RaftProxyConnection - PartitionProxy{2}{type=PrimitiveType{name=test}, name=test} - Received CommandResponse{status=OK, index=29, eventIndex=2, result=byte[]{length=2, hash=1298}} from 2
21:46:31.651 [raft-server-1-state] TRACE i.a.p.s.impl.DefaultServiceExecutor - PrimitiveService{2}{type=PrimitiveType{name=test}, name=test} - Executing DefaultCommit{index=29, session=RaftSession{RaftServiceContext{server=1, type=PrimitiveType{name=test}, name=test, id=2}, session=2, timestamp=2018-06-05 09:46:31,560}, time=2018-06-05 09:46:31,560, operation=DefaultOperationId{id=write, type=COMMAND}, value=byte[]{length=17, hash=-1644578928}}
21:46:31.651 [raft-server-3] TRACE i.a.p.raft.roles.LeaderAppender - RaftServer{3} - Received AppendResponse{status=OK, term=1, succeeded=true, lastLogIndex=29} from 1
21:46:31.651 [raft-server-2] TRACE i.a.p.raft.roles.FollowerRole - RaftServer{2}{role=FOLLOWER} - Received AppendRequest{term=1, leader=3, prevLogIndex=29, prevLogTerm=1, entries=0, commitIndex=29}
21:46:31.651 [raft-server-2-state] TRACE i.a.p.s.impl.DefaultServiceExecutor - PrimitiveService{2}{type=PrimitiveType{name=test}, name=test} - Executing DefaultCommit{index=29, session=RaftSession{RaftServiceContext{server=2, type=PrimitiveType{name=test}, name=test, id=2}, session=2, timestamp=2018-06-05 09:46:31,560}, time=2018-06-05 09:46:31,560, operation=DefaultOperationId{id=write, type=COMMAND}, value=byte[]{length=17, hash=-1644578928}}
21:46:31.651 [raft-client-2f4c8c2a-86e3-4c0e-9770-cf34b8eb1c33-7] TRACE i.a.p.r.p.impl.RaftProxySequencer - PartitionProxy{2}{type=PrimitiveType{name=test}, name=test} - Completing response CommandResponse{status=OK, index=29, eventIndex=2, result=byte[]{length=2, hash=1298}}
21:46:31.651 [raft-server-3] TRACE i.a.p.raft.roles.LeaderAppender - RaftServer{3} - Sending AppendRequest{term=1, leader=3, prevLogIndex=29, prevLogTerm=1, entries=0, commitIndex=29} to 1
21:46:31.651 [raft-server-2] TRACE i.a.p.raft.roles.FollowerRole - RaftServer{2}{role=FOLLOWER} - Sending AppendResponse{status=OK, term=1, succeeded=true, lastLogIndex=29}
21:46:31.651 [raft-server-1] TRACE i.a.p.raft.roles.FollowerRole - RaftServer{1}{role=FOLLOWER} - Received AppendRequest{term=1, leader=3, prevLogIndex=29, prevLogTerm=1, entries=0, commitIndex=29}
21:46:31.651 [raft-server-3] TRACE i.a.p.raft.roles.LeaderAppender - RaftServer{3} - Received AppendResponse{status=OK, term=1, succeeded=true, lastLogIndex=29} from 2
21:46:31.651 [raft-server-1] TRACE i.a.p.raft.roles.FollowerRole - RaftServer{1}{role=FOLLOWER} - Sending AppendResponse{status=OK, term=1, succeeded=true, lastLogIndex=29}
21:46:31.651 [raft-client-2f4c8c2a-86e3-4c0e-9770-cf34b8eb1c33-3] TRACE i.a.p.r.p.impl.RaftProxyConnection - PartitionProxy{2}{type=PrimitiveType{name=test}, name=test} - Sending CommandRequest{session=2, sequence=25, operation=PrimitiveOperation{id=DefaultOperationId{id=write, type=COMMAND}, value=byte[]{length=17, hash=-1644578928}}} to 2
21:46:31.651 [raft-server-3] TRACE i.a.p.raft.roles.LeaderAppender - RaftServer{3} - Received AppendResponse{status=OK, term=1, succeeded=true, lastLogIndex=29} from 1
21:46:31.651 [raft-server-2] TRACE i.a.p.raft.roles.FollowerRole - RaftServer{2}{role=FOLLOWER} - Received CommandRequest{session=2, sequence=25, operation=PrimitiveOperation{id=DefaultOperationId{id=write, type=COMMAND}, value=byte[]{length=17, hash=-1644578928}}}
21:46:31.651 [raft-server-3] TRACE i.a.protocols.raft.roles.LeaderRole - RaftServer{3}{role=LEADER} - Received CommandRequest{session=2, sequence=25, operation=PrimitiveOperation{id=DefaultOperationId{id=write, type=COMMAND}, value=byte[]{length=17, hash=-1644578928}}}
21:46:31.652 [raft-server-3] TRACE i.a.protocols.raft.roles.LeaderRole - RaftServer{3}{role=LEADER} - Appended Indexed{index=30, entry=CommandEntry{term=1, timestamp=2018-06-05 09:46:31,651, session=2, sequence=25, operation=PrimitiveOperation{id=DefaultOperationId{id=write, type=COMMAND}, value=byte[]{length=17, hash=-1644578928}}}}
21:46:31.652 [raft-server-3] TRACE i.a.p.raft.roles.LeaderAppender - RaftServer{3} - Sending AppendRequest{term=1, leader=3, prevLogIndex=29, prevLogTerm=1, entries=1, commitIndex=29} to 2
21:46:31.652 [raft-server-2] TRACE i.a.p.raft.roles.FollowerRole - RaftServer{2}{role=FOLLOWER} - Received AppendRequest{term=1, leader=3, prevLogIndex=29, prevLogTerm=1, entries=1, commitIndex=29}
21:46:31.652 [raft-server-3] TRACE i.a.p.raft.roles.LeaderAppender - RaftServer{3} - Sending AppendRequest{term=1, leader=3, prevLogIndex=29, prevLogTerm=1, entries=1, commitIndex=29} to 1
21:46:31.652 [raft-server-1] TRACE i.a.p.raft.roles.FollowerRole - RaftServer{1}{role=FOLLOWER} - Received AppendRequest{term=1, leader=3, prevLogIndex=29, prevLogTerm=1, entries=1, commitIndex=29}
21:46:31.652 [raft-server-2] TRACE i.a.p.raft.roles.FollowerRole - RaftServer{2}{role=FOLLOWER} - Appended Indexed{index=30, entry=CommandEntry{term=1, timestamp=2018-06-05 09:46:31,651, session=2, sequence=25, operation=PrimitiveOperation{id=DefaultOperationId{id=write, type=COMMAND}, value=byte[]{length=17, hash=-1644578928}}}}
21:46:31.652 [raft-server-2] TRACE i.a.p.raft.roles.FollowerRole - RaftServer{2}{role=FOLLOWER} - Sending AppendResponse{status=OK, term=1, succeeded=true, lastLogIndex=30}
21:46:31.652 [raft-server-1] TRACE i.a.p.raft.roles.FollowerRole - RaftServer{1}{role=FOLLOWER} - Appended Indexed{index=30, entry=CommandEntry{term=1, timestamp=2018-06-05 09:46:31,651, session=2, sequence=25, operation=PrimitiveOperation{id=DefaultOperationId{id=write, type=COMMAND}, value=byte[]{length=17, hash=-1644578928}}}}
21:46:31.652 [raft-server-3] TRACE i.a.p.raft.roles.LeaderAppender - RaftServer{3} - Received AppendResponse{status=OK, term=1, succeeded=true, lastLogIndex=30} from 2
21:46:31.652 [raft-server-1] TRACE i.a.p.raft.roles.FollowerRole - RaftServer{1}{role=FOLLOWER} - Sending AppendResponse{status=OK, term=1, succeeded=true, lastLogIndex=30}
21:46:31.652 [raft-server-3] TRACE i.a.p.raft.roles.LeaderAppender - RaftServer{3} - Committed entries up to 30
21:46:31.678 [raft-server-3] TRACE i.a.p.raft.roles.LeaderAppender - RaftServer{3} - Received AppendResponse{status=OK, term=1, succeeded=true, lastLogIndex=30} from 1
21:46:31.678 [raft-server-3-state] TRACE i.a.p.raft.impl.RaftServiceManager - RaftServer{3} - Applying Indexed{index=30, entry=CommandEntry{term=1, timestamp=2018-06-05 09:46:31,651, session=2, sequence=25, operation=PrimitiveOperation{id=DefaultOperationId{id=write, type=COMMAND}, value=byte[]{length=17, hash=-1644578928}}}}
21:46:31.679 [raft-server-3-state] TRACE i.a.p.s.impl.DefaultServiceExecutor - PrimitiveService{2}{type=PrimitiveType{name=test}, name=test} - Executing DefaultCommit{index=30, session=RaftSession{RaftServiceContext{server=3, type=PrimitiveType{name=test}, name=test, id=2}, session=2, timestamp=2018-06-05 09:46:31,651}, time=2018-06-05 09:46:31,651, operation=DefaultOperationId{id=write, type=COMMAND}, value=byte[]{length=17, hash=-1644578928}}
21:46:31.679 [raft-server-3-state] TRACE i.a.protocols.raft.roles.LeaderRole - RaftServer{3}{role=LEADER} - Sending CommandResponse{status=OK, index=30, eventIndex=2, result=byte[]{length=2, hash=1300}}
21:46:31.679 [raft-server-2] TRACE i.a.p.raft.roles.FollowerRole - RaftServer{2}{role=FOLLOWER} - Sending CommandResponse{status=OK, index=30, eventIndex=2, result=byte[]{length=2, hash=1300}}
21:46:31.679 [raft-client-2f4c8c2a-86e3-4c0e-9770-cf34b8eb1c33-1] TRACE i.a.p.r.p.impl.RaftProxyConnection - PartitionProxy{2}{type=PrimitiveType{name=test}, name=test} - Received CommandResponse{status=OK, index=30, eventIndex=2, result=byte[]{length=2, hash=1300}} from 2
21:46:31.679 [raft-client-2f4c8c2a-86e3-4c0e-9770-cf34b8eb1c33-1] TRACE i.a.p.r.p.impl.RaftProxySequencer - PartitionProxy{2}{type=PrimitiveType{name=test}, name=test} - Completing response CommandResponse{status=OK, index=30, eventIndex=2, result=byte[]{length=2, hash=1300}}
21:46:31.679 [raft-client-2f4c8c2a-86e3-4c0e-9770-cf34b8eb1c33-2] TRACE i.a.p.r.p.impl.RaftProxyConnection - PartitionProxy{2}{type=PrimitiveType{name=test}, name=test} - Sending CommandRequest{session=2, sequence=26, operation=PrimitiveOperation{id=DefaultOperationId{id=write, type=COMMAND}, value=byte[]{length=17, hash=-1644578928}}} to 2
21:46:31.679 [raft-server-2] TRACE i.a.p.raft.roles.FollowerRole - RaftServer{2}{role=FOLLOWER} - Received CommandRequest{session=2, sequence=26, operation=PrimitiveOperation{id=DefaultOperationId{id=write, type=COMMAND}, value=byte[]{length=17, hash=-1644578928}}}
21:46:31.679 [raft-server-3] TRACE i.a.protocols.raft.roles.LeaderRole - RaftServer{3}{role=LEADER} - Received CommandRequest{session=2, sequence=26, operation=PrimitiveOperation{id=DefaultOperationId{id=write, type=COMMAND}, value=byte[]{length=17, hash=-1644578928}}}
21:46:31.734 [raft-server-3] DEBUG i.a.storage.journal.SegmentedJournal - Created disk segment: JournalSegment{id=4, version=1, index=31, size=64}
21:46:31.734 [raft-server-3] TRACE i.a.protocols.raft.roles.LeaderRole - RaftServer{3}{role=LEADER} - Appended Indexed{index=31, entry=CommandEntry{term=1, timestamp=2018-06-05 09:46:31,679, session=2, sequence=26, operation=PrimitiveOperation{id=DefaultOperationId{id=write, type=COMMAND}, value=byte[]{length=17, hash=-1644578928}}}}
21:46:31.734 [raft-server-3] TRACE i.a.p.raft.roles.LeaderAppender - RaftServer{3} - Sending AppendRequest{term=1, leader=3, prevLogIndex=30, prevLogTerm=1, entries=1, commitIndex=30} to 2
21:46:31.734 [raft-server-2] TRACE i.a.p.raft.roles.FollowerRole - RaftServer{2}{role=FOLLOWER} - Received AppendRequest{term=1, leader=3, prevLogIndex=30, prevLogTerm=1, entries=1, commitIndex=30}
21:46:31.734 [raft-server-3] TRACE i.a.p.raft.roles.LeaderAppender - RaftServer{3} - Sending AppendRequest{term=1, leader=3, prevLogIndex=30, prevLogTerm=1, entries=1, commitIndex=30} to 1
21:46:31.734 [raft-server-1] TRACE i.a.p.raft.roles.FollowerRole - RaftServer{1}{role=FOLLOWER} - Received AppendRequest{term=1, leader=3, prevLogIndex=30, prevLogTerm=1, entries=1, commitIndex=30}
21:46:31.809 [raft-server-1] DEBUG i.a.storage.journal.SegmentedJournal - Created disk segment: JournalSegment{id=4, version=1, index=31, size=64}
21:46:31.809 [raft-server-2] DEBUG i.a.storage.journal.SegmentedJournal - Created disk segment: JournalSegment{id=4, version=1, index=31, size=64}
21:46:31.809 [raft-server-1] TRACE i.a.p.raft.roles.FollowerRole - RaftServer{1}{role=FOLLOWER} - Appended Indexed{index=31, entry=CommandEntry{term=1, timestamp=2018-06-05 09:46:31,679, session=2, sequence=26, operation=PrimitiveOperation{id=DefaultOperationId{id=write, type=COMMAND}, value=byte[]{length=17, hash=-1644578928}}}}
21:46:31.809 [raft-server-2] TRACE i.a.p.raft.roles.FollowerRole - RaftServer{2}{role=FOLLOWER} - Appended Indexed{index=31, entry=CommandEntry{term=1, timestamp=2018-06-05 09:46:31,679, session=2, sequence=26, operation=PrimitiveOperation{id=DefaultOperationId{id=write, type=COMMAND}, value=byte[]{length=17, hash=-1644578928}}}}
21:46:31.845 [raft-server-1] TRACE i.a.p.raft.roles.FollowerRole - RaftServer{1}{role=FOLLOWER} - Committed entries up to index 30
21:46:31.845 [raft-server-2] TRACE i.a.p.raft.roles.FollowerRole - RaftServer{2}{role=FOLLOWER} - Committed entries up to index 30
21:46:31.845 [raft-server-1] TRACE i.a.p.raft.roles.FollowerRole - RaftServer{1}{role=FOLLOWER} - Sending AppendResponse{status=OK, term=1, succeeded=true, lastLogIndex=31}
21:46:31.845 [raft-server-2] TRACE i.a.p.raft.roles.FollowerRole - RaftServer{2}{role=FOLLOWER} - Sending AppendResponse{status=OK, term=1, succeeded=true, lastLogIndex=31}
21:46:31.845 [raft-server-3] TRACE i.a.p.raft.roles.LeaderAppender - RaftServer{3} - Received AppendResponse{status=OK, term=1, succeeded=true, lastLogIndex=31} from 1
21:46:31.845 [raft-server-3] TRACE i.a.p.raft.roles.LeaderAppender - RaftServer{3} - Committed entries up to 31
21:46:31.845 [raft-server-2-state] TRACE i.a.p.raft.impl.RaftServiceManager - RaftServer{2} - Applying Indexed{index=30, entry=CommandEntry{term=1, timestamp=2018-06-05 09:46:31,651, session=2, sequence=25, operation=PrimitiveOperation{id=DefaultOperationId{id=write, type=COMMAND}, value=byte[]{length=17, hash=-1644578928}}}}
21:46:31.845 [raft-server-1-state] TRACE i.a.p.raft.impl.RaftServiceManager - RaftServer{1} - Applying Indexed{index=30, entry=CommandEntry{term=1, timestamp=2018-06-05 09:46:31,651, session=2, sequence=25, operation=PrimitiveOperation{id=DefaultOperationId{id=write, type=COMMAND}, value=byte[]{length=17, hash=-1644578928}}}}
21:46:31.845 [raft-server-2-state] TRACE i.a.p.s.impl.DefaultServiceExecutor - PrimitiveService{2}{type=PrimitiveType{name=test}, name=test} - Executing DefaultCommit{index=30, session=RaftSession{RaftServiceContext{server=2, type=PrimitiveType{name=test}, name=test, id=2}, session=2, timestamp=2018-06-05 09:46:31,651}, time=2018-06-05 09:46:31,651, operation=DefaultOperationId{id=write, type=COMMAND}, value=byte[]{length=17, hash=-1644578928}}
21:46:31.845 [raft-server-1-state] TRACE i.a.p.s.impl.DefaultServiceExecutor - PrimitiveService{2}{type=PrimitiveType{name=test}, name=test} - Executing DefaultCommit{index=30, session=RaftSession{RaftServiceContext{server=1, type=PrimitiveType{name=test}, name=test, id=2}, session=2, timestamp=2018-06-05 09:46:31,651}, time=2018-06-05 09:46:31,651, operation=DefaultOperationId{id=write, type=COMMAND}, value=byte[]{length=17, hash=-1644578928}}
21:46:31.884 [raft-server-3] TRACE i.a.p.raft.roles.LeaderAppender - RaftServer{3} - Received AppendResponse{status=OK, term=1, succeeded=true, lastLogIndex=31} from 2
21:46:31.884 [raft-server-3] TRACE i.a.p.raft.roles.LeaderAppender - RaftServer{3} - Sending AppendRequest{term=1, leader=3, prevLogIndex=31, prevLogTerm=1, entries=0, commitIndex=31} to 2
21:46:31.884 [raft-server-3] TRACE i.a.p.raft.roles.LeaderAppender - RaftServer{3} - Sending AppendRequest{term=1, leader=3, prevLogIndex=31, prevLogTerm=1, entries=0, commitIndex=31} to 1
21:46:31.884 [raft-server-2] TRACE i.a.p.raft.roles.FollowerRole - RaftServer{2}{role=FOLLOWER} - Received AppendRequest{term=1, leader=3, prevLogIndex=31, prevLogTerm=1, entries=0, commitIndex=31}
21:46:31.884 [raft-server-1] TRACE i.a.p.raft.roles.FollowerRole - RaftServer{1}{role=FOLLOWER} - Received AppendRequest{term=1, leader=3, prevLogIndex=31, prevLogTerm=1, entries=0, commitIndex=31}
21:46:31.884 [raft-server-1] TRACE i.a.p.raft.roles.FollowerRole - RaftServer{1}{role=FOLLOWER} - Committed entries up to index 31
21:46:31.884 [raft-server-1] TRACE i.a.p.raft.roles.FollowerRole - RaftServer{1}{role=FOLLOWER} - Sending AppendResponse{status=OK, term=1, succeeded=true, lastLogIndex=31}
21:46:31.884 [raft-server-3] TRACE i.a.p.raft.roles.LeaderAppender - RaftServer{3} - Received AppendResponse{status=OK, term=1, succeeded=true, lastLogIndex=31} from 1
21:46:31.884 [raft-server-3-state] TRACE i.a.p.raft.impl.RaftServiceManager - RaftServer{3} - Applying Indexed{index=31, entry=CommandEntry{term=1, timestamp=2018-06-05 09:46:31,679, session=2, sequence=26, operation=PrimitiveOperation{id=DefaultOperationId{id=write, type=COMMAND}, value=byte[]{length=17, hash=-1644578928}}}}
21:46:31.884 [raft-server-3] TRACE i.a.p.raft.roles.LeaderAppender - RaftServer{3} - Sending AppendRequest{term=1, leader=3, prevLogIndex=31, prevLogTerm=1, entries=0, commitIndex=31} to 1
21:46:31.884 [raft-server-1-state] TRACE i.a.p.raft.impl.RaftServiceManager - RaftServer{1} - Applying Indexed{index=31, entry=CommandEntry{term=1, timestamp=2018-06-05 09:46:31,679, session=2, sequence=26, operation=PrimitiveOperation{id=DefaultOperationId{id=write, type=COMMAND}, value=byte[]{length=17, hash=-1644578928}}}}
21:46:31.884 [raft-server-3-state] TRACE i.a.p.s.impl.DefaultServiceExecutor - PrimitiveService{2}{type=PrimitiveType{name=test}, name=test} - Executing DefaultCommit{index=31, session=RaftSession{RaftServiceContext{server=3, type=PrimitiveType{name=test}, name=test, id=2}, session=2, timestamp=2018-06-05 09:46:31,679}, time=2018-06-05 09:46:31,679, operation=DefaultOperationId{id=write, type=COMMAND}, value=byte[]{length=17, hash=-1644578928}}
21:46:31.884 [raft-server-1-state] TRACE i.a.p.s.impl.DefaultServiceExecutor - PrimitiveService{2}{type=PrimitiveType{name=test}, name=test} - Executing DefaultCommit{index=31, session=RaftSession{RaftServiceContext{server=1, type=PrimitiveType{name=test}, name=test, id=2}, session=2, timestamp=2018-06-05 09:46:31,679}, time=2018-06-05 09:46:31,679, operation=DefaultOperationId{id=write, type=COMMAND}, value=byte[]{length=17, hash=-1644578928}}
21:46:31.884 [raft-server-1] TRACE i.a.p.raft.roles.FollowerRole - RaftServer{1}{role=FOLLOWER} - Received AppendRequest{term=1, leader=3, prevLogIndex=31, prevLogTerm=1, entries=0, commitIndex=31}
21:46:31.884 [raft-server-1] TRACE i.a.p.raft.roles.FollowerRole - RaftServer{1}{role=FOLLOWER} - Sending AppendResponse{status=OK, term=1, succeeded=true, lastLogIndex=31}
21:46:31.884 [raft-server-3-state] TRACE i.a.protocols.raft.roles.LeaderRole - RaftServer{3}{role=LEADER} - Sending CommandResponse{status=OK, index=31, eventIndex=2, result=byte[]{length=2, hash=1302}}
21:46:31.884 [raft-server-3] TRACE i.a.p.raft.roles.LeaderAppender - RaftServer{3} - Received AppendResponse{status=OK, term=1, succeeded=true, lastLogIndex=31} from 1
21:46:31.884 [raft-server-3] TRACE i.a.p.raft.roles.LeaderAppender - RaftServer{3} - Sending AppendRequest{term=1, leader=3, prevLogIndex=31, prevLogTerm=1, entries=0, commitIndex=31} to 1
21:46:31.885 [raft-server-1] TRACE i.a.p.raft.roles.FollowerRole - RaftServer{1}{role=FOLLOWER} - Received AppendRequest{term=1, leader=3, prevLogIndex=31, prevLogTerm=1, entries=0, commitIndex=31}
21:46:31.885 [raft-server-1] TRACE i.a.p.raft.roles.FollowerRole - RaftServer{1}{role=FOLLOWER} - Sending AppendResponse{status=OK, term=1, succeeded=true, lastLogIndex=31}
21:46:31.885 [raft-server-3] TRACE i.a.p.raft.roles.LeaderAppender - RaftServer{3} - Received AppendResponse{status=OK, term=1, succeeded=true, lastLogIndex=31} from 1
21:46:31.885 [raft-server-3] TRACE i.a.p.raft.roles.LeaderAppender - RaftServer{3} - Sending AppendRequest{term=1, leader=3, prevLogIndex=31, prevLogTerm=1, entries=0, commitIndex=31} to 1
21:46:31.885 [raft-server-1] TRACE i.a.p.raft.roles.FollowerRole - RaftServer{1}{role=FOLLOWER} - Received AppendRequest{term=1, leader=3, prevLogIndex=31, prevLogTerm=1, entries=0, commitIndex=31}
21:46:31.885 [raft-server-1] TRACE i.a.p.raft.roles.FollowerRole - RaftServer{1}{role=FOLLOWER} - Sending AppendResponse{status=OK, term=1, succeeded=true, lastLogIndex=31}
21:46:31.885 [raft-server-3] TRACE i.a.p.raft.roles.LeaderAppender - RaftServer{3} - Received AppendResponse{status=OK, term=1, succeeded=true, lastLogIndex=31} from 1
21:46:31.912 [raft-server-2] TRACE i.a.p.raft.roles.FollowerRole - RaftServer{2}{role=FOLLOWER} - Committed entries up to index 31
21:46:31.912 [raft-server-2] TRACE i.a.p.raft.roles.FollowerRole - RaftServer{2}{role=FOLLOWER} - Sending AppendResponse{status=OK, term=1, succeeded=true, lastLogIndex=31}
21:46:31.912 [raft-server-3] TRACE i.a.p.raft.roles.LeaderAppender - RaftServer{3} - Received AppendResponse{status=OK, term=1, succeeded=true, lastLogIndex=31} from 2
21:46:31.912 [raft-server-2] TRACE i.a.p.raft.roles.FollowerRole - RaftServer{2}{role=FOLLOWER} - Sending CommandResponse{status=OK, index=31, eventIndex=2, result=byte[]{length=2, hash=1302}}
21:46:31.912 [raft-client-2f4c8c2a-86e3-4c0e-9770-cf34b8eb1c33-0] TRACE i.a.p.r.p.impl.RaftProxyConnection - PartitionProxy{2}{type=PrimitiveType{name=test}, name=test} - Received CommandResponse{status=OK, index=31, eventIndex=2, result=byte[]{length=2, hash=1302}} from 2
21:46:31.912 [raft-client-2f4c8c2a-86e3-4c0e-9770-cf34b8eb1c33-0] TRACE i.a.p.r.p.impl.RaftProxySequencer - PartitionProxy{2}{type=PrimitiveType{name=test}, name=test} - Completing response CommandResponse{status=OK, index=31, eventIndex=2, result=byte[]{length=2, hash=1302}}
21:46:31.912 [raft-server-2-state] TRACE i.a.p.raft.impl.RaftServiceManager - RaftServer{2} - Applying Indexed{index=31, entry=CommandEntry{term=1, timestamp=2018-06-05 09:46:31,679, session=2, sequence=26, operation=PrimitiveOperation{id=DefaultOperationId{id=write, type=COMMAND}, value=byte[]{length=17, hash=-1644578928}}}}
21:46:31.912 [raft-server-2-state] TRACE i.a.p.s.impl.DefaultServiceExecutor - PrimitiveService{2}{type=PrimitiveType{name=test}, name=test} - Executing DefaultCommit{index=31, session=RaftSession{RaftServiceContext{server=2, type=PrimitiveType{name=test}, name=test, id=2}, session=2, timestamp=2018-06-05 09:46:31,679}, time=2018-06-05 09:46:31,679, operation=DefaultOperationId{id=write, type=COMMAND}, value=byte[]{length=17, hash=-1644578928}}
21:46:31.912 [raft-client-2f4c8c2a-86e3-4c0e-9770-cf34b8eb1c33-6] TRACE i.a.p.r.p.impl.RaftProxyConnection - PartitionProxy{2}{type=PrimitiveType{name=test}, name=test} - Sending CommandRequest{session=2, sequence=27, operation=PrimitiveOperation{id=DefaultOperationId{id=write, type=COMMAND}, value=byte[]{length=17, hash=-1644578928}}} to 2
21:46:31.912 [raft-server-2] TRACE i.a.p.raft.roles.FollowerRole - RaftServer{2}{role=FOLLOWER} - Received CommandRequest{session=2, sequence=27, operation=PrimitiveOperation{id=DefaultOperationId{id=write, type=COMMAND}, value=byte[]{length=17, hash=-1644578928}}}
21:46:31.912 [raft-server-3] TRACE i.a.protocols.raft.roles.LeaderRole - RaftServer{3}{role=LEADER} - Received CommandRequest{session=2, sequence=27, operation=PrimitiveOperation{id=DefaultOperationId{id=write, type=COMMAND}, value=byte[]{length=17, hash=-1644578928}}}
21:46:31.912 [raft-server-3] TRACE i.a.protocols.raft.roles.LeaderRole - RaftServer{3}{role=LEADER} - Appended Indexed{index=32, entry=CommandEntry{term=1, timestamp=2018-06-05 09:46:31,912, session=2, sequence=27, operation=PrimitiveOperation{id=DefaultOperationId{id=write, type=COMMAND}, value=byte[]{length=17, hash=-1644578928}}}}
21:46:31.912 [raft-server-3] TRACE i.a.p.raft.roles.LeaderAppender - RaftServer{3} - Sending AppendRequest{term=1, leader=3, prevLogIndex=31, prevLogTerm=1, entries=1, commitIndex=31} to 2
21:46:31.913 [raft-server-2] TRACE i.a.p.raft.roles.FollowerRole - RaftServer{2}{role=FOLLOWER} - Received AppendRequest{term=1, leader=3, prevLogIndex=31, prevLogTerm=1, entries=1, commitIndex=31}
21:46:31.913 [raft-server-3] TRACE i.a.p.raft.roles.LeaderAppender - RaftServer{3} - Sending AppendRequest{term=1, leader=3, prevLogIndex=31, prevLogTerm=1, entries=1, commitIndex=31} to 1
21:46:31.913 [raft-server-2] TRACE i.a.p.raft.roles.FollowerRole - RaftServer{2}{role=FOLLOWER} - Appended Indexed{index=32, entry=CommandEntry{term=1, timestamp=2018-06-05 09:46:31,912, session=2, sequence=27, operation=PrimitiveOperation{id=DefaultOperationId{id=write, type=COMMAND}, value=byte[]{length=17, hash=-1644578928}}}}
21:46:31.913 [raft-server-1] TRACE i.a.p.raft.roles.FollowerRole - RaftServer{1}{role=FOLLOWER} - Received AppendRequest{term=1, leader=3, prevLogIndex=31, prevLogTerm=1, entries=1, commitIndex=31}
21:46:31.913 [raft-server-2] TRACE i.a.p.raft.roles.FollowerRole - RaftServer{2}{role=FOLLOWER} - Sending AppendResponse{status=OK, term=1, succeeded=true, lastLogIndex=32}
21:46:31.913 [raft-server-3] TRACE i.a.p.raft.roles.LeaderAppender - RaftServer{3} - Received AppendResponse{status=OK, term=1, succeeded=true, lastLogIndex=32} from 2
21:46:31.913 [raft-server-1] TRACE i.a.p.raft.roles.FollowerRole - RaftServer{1}{role=FOLLOWER} - Appended Indexed{index=32, entry=CommandEntry{term=1, timestamp=2018-06-05 09:46:31,912, session=2, sequence=27, operation=PrimitiveOperation{id=DefaultOperationId{id=write, type=COMMAND}, value=byte[]{length=17, hash=-1644578928}}}}
21:46:31.913 [raft-server-3] TRACE i.a.p.raft.roles.LeaderAppender - RaftServer{3} - Committed entries up to 32
21:46:31.913 [raft-server-1] TRACE i.a.p.raft.roles.FollowerRole - RaftServer{1}{role=FOLLOWER} - Sending AppendResponse{status=OK, term=1, succeeded=true, lastLogIndex=32}
21:46:31.945 [raft-server-3] TRACE i.a.p.raft.roles.LeaderAppender - RaftServer{3} - Received AppendResponse{status=OK, term=1, succeeded=true, lastLogIndex=32} from 1
21:46:31.945 [raft-server-3-state] TRACE i.a.p.raft.impl.RaftServiceManager - RaftServer{3} - Applying Indexed{index=32, entry=CommandEntry{term=1, timestamp=2018-06-05 09:46:31,912, session=2, sequence=27, operation=PrimitiveOperation{id=DefaultOperationId{id=write, type=COMMAND}, value=byte[]{length=17, hash=-1644578928}}}}
21:46:31.945 [raft-server-3-state] TRACE i.a.p.s.impl.DefaultServiceExecutor - PrimitiveService{2}{type=PrimitiveType{name=test}, name=test} - Executing DefaultCommit{index=32, session=RaftSession{RaftServiceContext{server=3, type=PrimitiveType{name=test}, name=test, id=2}, session=2, timestamp=2018-06-05 09:46:31,912}, time=2018-06-05 09:46:31,912, operation=DefaultOperationId{id=write, type=COMMAND}, value=byte[]{length=17, hash=-1644578928}}
21:46:31.945 [raft-server-3-state] TRACE i.a.protocols.raft.roles.LeaderRole - RaftServer{3}{role=LEADER} - Sending CommandResponse{status=OK, index=32, eventIndex=2, result=byte[]{length=2, hash=1304}}
21:46:31.945 [raft-server-2] TRACE i.a.p.raft.roles.FollowerRole - RaftServer{2}{role=FOLLOWER} - Sending CommandResponse{status=OK, index=32, eventIndex=2, result=byte[]{length=2, hash=1304}}
21:46:31.945 [raft-client-2f4c8c2a-86e3-4c0e-9770-cf34b8eb1c33-7] TRACE i.a.p.r.p.impl.RaftProxyConnection - PartitionProxy{2}{type=PrimitiveType{name=test}, name=test} - Received CommandResponse{status=OK, index=32, eventIndex=2, result=byte[]{length=2, hash=1304}} from 2
21:46:31.945 [raft-client-2f4c8c2a-86e3-4c0e-9770-cf34b8eb1c33-7] TRACE i.a.p.r.p.impl.RaftProxySequencer - PartitionProxy{2}{type=PrimitiveType{name=test}, name=test} - Completing response CommandResponse{status=OK, index=32, eventIndex=2, result=byte[]{length=2, hash=1304}}
21:46:31.946 [raft-client-2f4c8c2a-86e3-4c0e-9770-cf34b8eb1c33-5] TRACE i.a.p.r.p.impl.RaftProxyConnection - PartitionProxy{2}{type=PrimitiveType{name=test}, name=test} - Sending CommandRequest{session=2, sequence=28, operation=PrimitiveOperation{id=DefaultOperationId{id=write, type=COMMAND}, value=byte[]{length=17, hash=-1644578928}}} to 2
21:46:31.946 [raft-server-2] TRACE i.a.p.raft.roles.FollowerRole - RaftServer{2}{role=FOLLOWER} - Received CommandRequest{session=2, sequence=28, operation=PrimitiveOperation{id=DefaultOperationId{id=write, type=COMMAND}, value=byte[]{length=17, hash=-1644578928}}}
21:46:31.946 [raft-server-3] TRACE i.a.protocols.raft.roles.LeaderRole - RaftServer{3}{role=LEADER} - Received CommandRequest{session=2, sequence=28, operation=PrimitiveOperation{id=DefaultOperationId{id=write, type=COMMAND}, value=byte[]{length=17, hash=-1644578928}}}
21:46:31.946 [raft-server-3] TRACE i.a.protocols.raft.roles.LeaderRole - RaftServer{3}{role=LEADER} - Appended Indexed{index=33, entry=CommandEntry{term=1, timestamp=2018-06-05 09:46:31,946, session=2, sequence=28, operation=PrimitiveOperation{id=DefaultOperationId{id=write, type=COMMAND}, value=byte[]{length=17, hash=-1644578928}}}}
21:46:31.946 [raft-server-3] TRACE i.a.p.raft.roles.LeaderAppender - RaftServer{3} - Sending AppendRequest{term=1, leader=3, prevLogIndex=32, prevLogTerm=1, entries=1, commitIndex=32} to 2
21:46:31.946 [raft-server-3] TRACE i.a.p.raft.roles.LeaderAppender - RaftServer{3} - Sending AppendRequest{term=1, leader=3, prevLogIndex=32, prevLogTerm=1, entries=1, commitIndex=32} to 1
21:46:31.946 [raft-server-2] TRACE i.a.p.raft.roles.FollowerRole - RaftServer{2}{role=FOLLOWER} - Received AppendRequest{term=1, leader=3, prevLogIndex=32, prevLogTerm=1, entries=1, commitIndex=32}
21:46:31.946 [raft-server-1] TRACE i.a.p.raft.roles.FollowerRole - RaftServer{1}{role=FOLLOWER} - Received AppendRequest{term=1, leader=3, prevLogIndex=32, prevLogTerm=1, entries=1, commitIndex=32}
21:46:31.946 [raft-server-2] TRACE i.a.p.raft.roles.FollowerRole - RaftServer{2}{role=FOLLOWER} - Appended Indexed{index=33, entry=CommandEntry{term=1, timestamp=2018-06-05 09:46:31,946, session=2, sequence=28, operation=PrimitiveOperation{id=DefaultOperationId{id=write, type=COMMAND}, value=byte[]{length=17, hash=-1644578928}}}}
21:46:31.946 [raft-server-1] TRACE i.a.p.raft.roles.FollowerRole - RaftServer{1}{role=FOLLOWER} - Appended Indexed{index=33, entry=CommandEntry{term=1, timestamp=2018-06-05 09:46:31,946, session=2, sequence=28, operation=PrimitiveOperation{id=DefaultOperationId{id=write, type=COMMAND}, value=byte[]{length=17, hash=-1644578928}}}}
21:46:31.983 [raft-server-2] TRACE i.a.p.raft.roles.FollowerRole - RaftServer{2}{role=FOLLOWER} - Committed entries up to index 32
21:46:31.984 [raft-server-1] TRACE i.a.p.raft.roles.FollowerRole - RaftServer{1}{role=FOLLOWER} - Committed entries up to index 32
21:46:31.984 [raft-server-2] TRACE i.a.p.raft.roles.FollowerRole - RaftServer{2}{role=FOLLOWER} - Sending AppendResponse{status=OK, term=1, succeeded=true, lastLogIndex=33}
21:46:31.984 [raft-server-1] TRACE i.a.p.raft.roles.FollowerRole - RaftServer{1}{role=FOLLOWER} - Sending AppendResponse{status=OK, term=1, succeeded=true, lastLogIndex=33}
21:46:31.984 [raft-server-2-state] TRACE i.a.p.raft.impl.RaftServiceManager - RaftServer{2} - Applying Indexed{index=32, entry=CommandEntry{term=1, timestamp=2018-06-05 09:46:31,912, session=2, sequence=27, operation=PrimitiveOperation{id=DefaultOperationId{id=write, type=COMMAND}, value=byte[]{length=17, hash=-1644578928}}}}
21:46:31.984 [raft-server-1-state] TRACE i.a.p.raft.impl.RaftServiceManager - RaftServer{1} - Applying Indexed{index=32, entry=CommandEntry{term=1, timestamp=2018-06-05 09:46:31,912, session=2, sequence=27, operation=PrimitiveOperation{id=DefaultOperationId{id=write, type=COMMAND}, value=byte[]{length=17, hash=-1644578928}}}}
21:46:31.984 [raft-server-2-state] TRACE i.a.p.s.impl.DefaultServiceExecutor - PrimitiveService{2}{type=PrimitiveType{name=test}, name=test} - Executing DefaultCommit{index=32, session=RaftSession{RaftServiceContext{server=2, type=PrimitiveType{name=test}, name=test, id=2}, session=2, timestamp=2018-06-05 09:46:31,912}, time=2018-06-05 09:46:31,912, operation=DefaultOperationId{id=write, type=COMMAND}, value=byte[]{length=17, hash=-1644578928}}
21:46:31.984 [raft-server-1-state] TRACE i.a.p.s.impl.DefaultServiceExecutor - PrimitiveService{2}{type=PrimitiveType{name=test}, name=test} - Executing DefaultCommit{index=32, session=RaftSession{RaftServiceContext{server=1, type=PrimitiveType{name=test}, name=test, id=2}, session=2, timestamp=2018-06-05 09:46:31,912}, time=2018-06-05 09:46:31,912, operation=DefaultOperationId{id=write, type=COMMAND}, value=byte[]{length=17, hash=-1644578928}}
21:46:31.984 [raft-server-3] TRACE i.a.p.raft.roles.LeaderAppender - RaftServer{3} - Received AppendResponse{status=OK, term=1, succeeded=true, lastLogIndex=33} from 2
21:46:31.984 [raft-server-3] TRACE i.a.p.raft.roles.LeaderAppender - RaftServer{3} - Committed entries up to 33
21:46:32.020 [raft-server-3] TRACE i.a.p.raft.roles.LeaderAppender - RaftServer{3} - Received AppendResponse{status=OK, term=1, succeeded=true, lastLogIndex=33} from 1
21:46:32.020 [raft-server-3-state] TRACE i.a.p.raft.impl.RaftServiceManager - RaftServer{3} - Applying Indexed{index=33, entry=CommandEntry{term=1, timestamp=2018-06-05 09:46:31,946, session=2, sequence=28, operation=PrimitiveOperation{id=DefaultOperationId{id=write, type=COMMAND}, value=byte[]{length=17, hash=-1644578928}}}}
21:46:32.020 [raft-server-3-state] TRACE i.a.p.s.impl.DefaultServiceExecutor - PrimitiveService{2}{type=PrimitiveType{name=test}, name=test} - Executing DefaultCommit{index=33, session=RaftSession{RaftServiceContext{server=3, type=PrimitiveType{name=test}, name=test, id=2}, session=2, timestamp=2018-06-05 09:46:31,946}, time=2018-06-05 09:46:31,946, operation=DefaultOperationId{id=write, type=COMMAND}, value=byte[]{length=17, hash=-1644578928}}
21:46:32.020 [raft-server-3-state] TRACE i.a.protocols.raft.roles.LeaderRole - RaftServer{3}{role=LEADER} - Sending CommandResponse{status=OK, index=33, eventIndex=2, result=byte[]{length=2, hash=1306}}
21:46:32.020 [raft-server-2] TRACE i.a.p.raft.roles.FollowerRole - RaftServer{2}{role=FOLLOWER} - Sending CommandResponse{status=OK, index=33, eventIndex=2, result=byte[]{length=2, hash=1306}}
21:46:32.020 [raft-client-2f4c8c2a-86e3-4c0e-9770-cf34b8eb1c33-1] TRACE i.a.p.r.p.impl.RaftProxyConnection - PartitionProxy{2}{type=PrimitiveType{name=test}, name=test} - Received CommandResponse{status=OK, index=33, eventIndex=2, result=byte[]{length=2, hash=1306}} from 2
21:46:32.020 [raft-client-2f4c8c2a-86e3-4c0e-9770-cf34b8eb1c33-1] TRACE i.a.p.r.p.impl.RaftProxySequencer - PartitionProxy{2}{type=PrimitiveType{name=test}, name=test} - Completing response CommandResponse{status=OK, index=33, eventIndex=2, result=byte[]{length=2, hash=1306}}
21:46:32.021 [raft-client-2f4c8c2a-86e3-4c0e-9770-cf34b8eb1c33-4] TRACE i.a.p.r.p.impl.RaftProxyConnection - PartitionProxy{2}{type=PrimitiveType{name=test}, name=test} - Sending CommandRequest{session=2, sequence=29, operation=PrimitiveOperation{id=DefaultOperationId{id=write, type=COMMAND}, value=byte[]{length=17, hash=-1644578928}}} to 2
21:46:32.021 [raft-server-2] TRACE i.a.p.raft.roles.FollowerRole - RaftServer{2}{role=FOLLOWER} - Received CommandRequest{session=2, sequence=29, operation=PrimitiveOperation{id=DefaultOperationId{id=write, type=COMMAND}, value=byte[]{length=17, hash=-1644578928}}}
21:46:32.021 [raft-server-3] TRACE i.a.protocols.raft.roles.LeaderRole - RaftServer{3}{role=LEADER} - Received CommandRequest{session=2, sequence=29, operation=PrimitiveOperation{id=DefaultOperationId{id=write, type=COMMAND}, value=byte[]{length=17, hash=-1644578928}}}
21:46:32.021 [raft-server-3] TRACE i.a.protocols.raft.roles.LeaderRole - RaftServer{3}{role=LEADER} - Appended Indexed{index=34, entry=CommandEntry{term=1, timestamp=2018-06-05 09:46:32,021, session=2, sequence=29, operation=PrimitiveOperation{id=DefaultOperationId{id=write, type=COMMAND}, value=byte[]{length=17, hash=-1644578928}}}}
21:46:32.021 [raft-server-3] TRACE i.a.p.raft.roles.LeaderAppender - RaftServer{3} - Sending AppendRequest{term=1, leader=3, prevLogIndex=33, prevLogTerm=1, entries=1, commitIndex=33} to 2
21:46:32.021 [raft-server-2] TRACE i.a.p.raft.roles.FollowerRole - RaftServer{2}{role=FOLLOWER} - Received AppendRequest{term=1, leader=3, prevLogIndex=33, prevLogTerm=1, entries=1, commitIndex=33}
21:46:32.021 [raft-server-3] TRACE i.a.p.raft.roles.LeaderAppender - RaftServer{3} - Sending AppendRequest{term=1, leader=3, prevLogIndex=33, prevLogTerm=1, entries=1, commitIndex=33} to 1
21:46:32.021 [raft-server-1] TRACE i.a.p.raft.roles.FollowerRole - RaftServer{1}{role=FOLLOWER} - Received AppendRequest{term=1, leader=3, prevLogIndex=33, prevLogTerm=1, entries=1, commitIndex=33}
21:46:32.021 [raft-server-2] TRACE i.a.p.raft.roles.FollowerRole - RaftServer{2}{role=FOLLOWER} - Appended Indexed{index=34, entry=CommandEntry{term=1, timestamp=2018-06-05 09:46:32,021, session=2, sequence=29, operation=PrimitiveOperation{id=DefaultOperationId{id=write, type=COMMAND}, value=byte[]{length=17, hash=-1644578928}}}}
21:46:32.021 [raft-server-1] TRACE i.a.p.raft.roles.FollowerRole - RaftServer{1}{role=FOLLOWER} - Appended Indexed{index=34, entry=CommandEntry{term=1, timestamp=2018-06-05 09:46:32,021, session=2, sequence=29, operation=PrimitiveOperation{id=DefaultOperationId{id=write, type=COMMAND}, value=byte[]{length=17, hash=-1644578928}}}}
21:46:32.070 [raft-server-2] TRACE i.a.p.raft.roles.FollowerRole - RaftServer{2}{role=FOLLOWER} - Committed entries up to index 33
21:46:32.070 [raft-server-1] TRACE i.a.p.raft.roles.FollowerRole - RaftServer{1}{role=FOLLOWER} - Committed entries up to index 33
21:46:32.070 [raft-server-2] TRACE i.a.p.raft.roles.FollowerRole - RaftServer{2}{role=FOLLOWER} - Sending AppendResponse{status=OK, term=1, succeeded=true, lastLogIndex=34}
21:46:32.070 [raft-server-1] TRACE i.a.p.raft.roles.FollowerRole - RaftServer{1}{role=FOLLOWER} - Sending AppendResponse{status=OK, term=1, succeeded=true, lastLogIndex=34}
21:46:32.070 [raft-server-3] TRACE i.a.p.raft.roles.LeaderAppender - RaftServer{3} - Received AppendResponse{status=OK, term=1, succeeded=true, lastLogIndex=34} from 2
21:46:32.070 [raft-server-3] TRACE i.a.p.raft.roles.LeaderAppender - RaftServer{3} - Committed entries up to 34
21:46:32.070 [raft-server-2-state] TRACE i.a.p.raft.impl.RaftServiceManager - RaftServer{2} - Applying Indexed{index=33, entry=CommandEntry{term=1, timestamp=2018-06-05 09:46:31,946, session=2, sequence=28, operation=PrimitiveOperation{id=DefaultOperationId{id=write, type=COMMAND}, value=byte[]{length=17, hash=-1644578928}}}}
21:46:32.070 [raft-server-1-state] TRACE i.a.p.raft.impl.RaftServiceManager - RaftServer{1} - Applying Indexed{index=33, entry=CommandEntry{term=1, timestamp=2018-06-05 09:46:31,946, session=2, sequence=28, operation=PrimitiveOperation{id=DefaultOperationId{id=write, type=COMMAND}, value=byte[]{length=17, hash=-1644578928}}}}
21:46:32.070 [raft-server-2-state] TRACE i.a.p.s.impl.DefaultServiceExecutor - PrimitiveService{2}{type=PrimitiveType{name=test}, name=test} - Executing DefaultCommit{index=33, session=RaftSession{RaftServiceContext{server=2, type=PrimitiveType{name=test}, name=test, id=2}, session=2, timestamp=2018-06-05 09:46:31,946}, time=2018-06-05 09:46:31,946, operation=DefaultOperationId{id=write, type=COMMAND}, value=byte[]{length=17, hash=-1644578928}}
21:46:32.070 [raft-server-1-state] TRACE i.a.p.s.impl.DefaultServiceExecutor - PrimitiveService{2}{type=PrimitiveType{name=test}, name=test} - Executing DefaultCommit{index=33, session=RaftSession{RaftServiceContext{server=1, type=PrimitiveType{name=test}, name=test, id=2}, session=2, timestamp=2018-06-05 09:46:31,946}, time=2018-06-05 09:46:31,946, operation=DefaultOperationId{id=write, type=COMMAND}, value=byte[]{length=17, hash=-1644578928}}
21:46:32.103 [raft-server-3] TRACE i.a.p.raft.roles.LeaderAppender - RaftServer{3} - Received AppendResponse{status=OK, term=1, succeeded=true, lastLogIndex=34} from 1
21:46:32.103 [raft-server-3] TRACE i.a.p.raft.roles.LeaderAppender - RaftServer{3} - Sending AppendRequest{term=1, leader=3, prevLogIndex=34, prevLogTerm=1, entries=0, commitIndex=34} to 2
21:46:32.103 [raft-server-3] TRACE i.a.p.raft.roles.LeaderAppender - RaftServer{3} - Sending AppendRequest{term=1, leader=3, prevLogIndex=34, prevLogTerm=1, entries=0, commitIndex=34} to 1
21:46:32.103 [raft-server-2] TRACE i.a.p.raft.roles.FollowerRole - RaftServer{2}{role=FOLLOWER} - Received AppendRequest{term=1, leader=3, prevLogIndex=34, prevLogTerm=1, entries=0, commitIndex=34}
21:46:32.103 [raft-server-3-state] TRACE i.a.p.raft.impl.RaftServiceManager - RaftServer{3} - Applying Indexed{index=34, entry=CommandEntry{term=1, timestamp=2018-06-05 09:46:32,021, session=2, sequence=29, operation=PrimitiveOperation{id=DefaultOperationId{id=write, type=COMMAND}, value=byte[]{length=17, hash=-1644578928}}}}
21:46:32.103 [raft-server-3-state] TRACE i.a.p.s.impl.DefaultServiceExecutor - PrimitiveService{2}{type=PrimitiveType{name=test}, name=test} - Executing DefaultCommit{index=34, session=RaftSession{RaftServiceContext{server=3, type=PrimitiveType{name=test}, name=test, id=2}, session=2, timestamp=2018-06-05 09:46:32,021}, time=2018-06-05 09:46:32,021, operation=DefaultOperationId{id=write, type=COMMAND}, value=byte[]{length=17, hash=-1644578928}}
21:46:32.104 [raft-server-3-state] TRACE i.a.protocols.raft.roles.LeaderRole - RaftServer{3}{role=LEADER} - Sending CommandResponse{status=OK, index=34, eventIndex=2, result=byte[]{length=2, hash=1308}}
21:46:32.104 [raft-server-1] TRACE i.a.p.raft.roles.FollowerRole - RaftServer{1}{role=FOLLOWER} - Received AppendRequest{term=1, leader=3, prevLogIndex=34, prevLogTerm=1, entries=0, commitIndex=34}
21:46:32.137 [raft-server-2] TRACE i.a.p.raft.roles.FollowerRole - RaftServer{2}{role=FOLLOWER} - Committed entries up to index 34
21:46:32.137 [raft-server-2] TRACE i.a.p.raft.roles.FollowerRole - RaftServer{2}{role=FOLLOWER} - Sending AppendResponse{status=OK, term=1, succeeded=true, lastLogIndex=34}
21:46:32.137 [raft-server-3] TRACE i.a.p.raft.roles.LeaderAppender - RaftServer{3} - Received AppendResponse{status=OK, term=1, succeeded=true, lastLogIndex=34} from 2
21:46:32.137 [raft-server-2] TRACE i.a.p.raft.roles.FollowerRole - RaftServer{2}{role=FOLLOWER} - Sending CommandResponse{status=OK, index=34, eventIndex=2, result=byte[]{length=2, hash=1308}}
21:46:32.137 [raft-client-2f4c8c2a-86e3-4c0e-9770-cf34b8eb1c33-0] TRACE i.a.p.r.p.impl.RaftProxyConnection - PartitionProxy{2}{type=PrimitiveType{name=test}, name=test} - Received CommandResponse{status=OK, index=34, eventIndex=2, result=byte[]{length=2, hash=1308}} from 2
21:46:32.137 [raft-client-2f4c8c2a-86e3-4c0e-9770-cf34b8eb1c33-0] TRACE i.a.p.r.p.impl.RaftProxySequencer - PartitionProxy{2}{type=PrimitiveType{name=test}, name=test} - Completing response CommandResponse{status=OK, index=34, eventIndex=2, result=byte[]{length=2, hash=1308}}
21:46:32.137 [raft-server-2-state] TRACE i.a.p.raft.impl.RaftServiceManager - RaftServer{2} - Applying Indexed{index=34, entry=CommandEntry{term=1, timestamp=2018-06-05 09:46:32,021, session=2, sequence=29, operation=PrimitiveOperation{id=DefaultOperationId{id=write, type=COMMAND}, value=byte[]{length=17, hash=-1644578928}}}}
21:46:32.137 [raft-server-2-state] TRACE i.a.p.s.impl.DefaultServiceExecutor - PrimitiveService{2}{type=PrimitiveType{name=test}, name=test} - Executing DefaultCommit{index=34, session=RaftSession{RaftServiceContext{server=2, type=PrimitiveType{name=test}, name=test, id=2}, session=2, timestamp=2018-06-05 09:46:32,021}, time=2018-06-05 09:46:32,021, operation=DefaultOperationId{id=write, type=COMMAND}, value=byte[]{length=17, hash=-1644578928}}
21:46:32.137 [raft-server-3] TRACE i.a.p.raft.roles.LeaderAppender - RaftServer{3} - Sending AppendRequest{term=1, leader=3, prevLogIndex=34, prevLogTerm=1, entries=0, commitIndex=34} to 2
21:46:32.137 [raft-server-2] TRACE i.a.p.raft.roles.FollowerRole - RaftServer{2}{role=FOLLOWER} - Received AppendRequest{term=1, leader=3, prevLogIndex=34, prevLogTerm=1, entries=0, commitIndex=34}
21:46:32.137 [raft-server-2] TRACE i.a.p.raft.roles.FollowerRole - RaftServer{2}{role=FOLLOWER} - Sending AppendResponse{status=OK, term=1, succeeded=true, lastLogIndex=34}
21:46:32.137 [raft-client-2f4c8c2a-86e3-4c0e-9770-cf34b8eb1c33-3] TRACE i.a.p.r.p.impl.RaftProxyConnection - PartitionProxy{2}{type=PrimitiveType{name=test}, name=test} - Sending CommandRequest{session=2, sequence=30, operation=PrimitiveOperation{id=DefaultOperationId{id=write, type=COMMAND}, value=byte[]{length=17, hash=-1644578928}}} to 2
21:46:32.137 [raft-server-3] TRACE i.a.p.raft.roles.LeaderAppender - RaftServer{3} - Received AppendResponse{status=OK, term=1, succeeded=true, lastLogIndex=34} from 2
21:46:32.137 [raft-server-2] TRACE i.a.p.raft.roles.FollowerRole - RaftServer{2}{role=FOLLOWER} - Received CommandRequest{session=2, sequence=30, operation=PrimitiveOperation{id=DefaultOperationId{id=write, type=COMMAND}, value=byte[]{length=17, hash=-1644578928}}}
21:46:32.137 [raft-server-3] TRACE i.a.protocols.raft.roles.LeaderRole - RaftServer{3}{role=LEADER} - Received CommandRequest{session=2, sequence=30, operation=PrimitiveOperation{id=DefaultOperationId{id=write, type=COMMAND}, value=byte[]{length=17, hash=-1644578928}}}
21:46:32.137 [raft-server-3] TRACE i.a.protocols.raft.roles.LeaderRole - RaftServer{3}{role=LEADER} - Appended Indexed{index=35, entry=CommandEntry{term=1, timestamp=2018-06-05 09:46:32,137, session=2, sequence=30, operation=PrimitiveOperation{id=DefaultOperationId{id=write, type=COMMAND}, value=byte[]{length=17, hash=-1644578928}}}}
21:46:32.138 [raft-server-3] TRACE i.a.p.raft.roles.LeaderAppender - RaftServer{3} - Sending AppendRequest{term=1, leader=3, prevLogIndex=34, prevLogTerm=1, entries=1, commitIndex=34} to 2
21:46:32.138 [raft-server-2] TRACE i.a.p.raft.roles.FollowerRole - RaftServer{2}{role=FOLLOWER} - Received AppendRequest{term=1, leader=3, prevLogIndex=34, prevLogTerm=1, entries=1, commitIndex=34}
21:46:32.138 [raft-server-2] TRACE i.a.p.raft.roles.FollowerRole - RaftServer{2}{role=FOLLOWER} - Appended Indexed{index=35, entry=CommandEntry{term=1, timestamp=2018-06-05 09:46:32,137, session=2, sequence=30, operation=PrimitiveOperation{id=DefaultOperationId{id=write, type=COMMAND}, value=byte[]{length=17, hash=-1644578928}}}}
21:46:32.138 [raft-server-2] TRACE i.a.p.raft.roles.FollowerRole - RaftServer{2}{role=FOLLOWER} - Sending AppendResponse{status=OK, term=1, succeeded=true, lastLogIndex=35}
21:46:32.138 [raft-server-3] TRACE i.a.p.raft.roles.LeaderAppender - RaftServer{3} - Received AppendResponse{status=OK, term=1, succeeded=true, lastLogIndex=35} from 2
21:46:32.138 [raft-server-3] TRACE i.a.p.raft.roles.LeaderAppender - RaftServer{3} - Committed entries up to 35
21:46:32.185 [raft-server-1] TRACE i.a.p.raft.roles.FollowerRole - RaftServer{1}{role=FOLLOWER} - Committed entries up to index 34
21:46:32.185 [raft-server-1] TRACE i.a.p.raft.roles.FollowerRole - RaftServer{1}{role=FOLLOWER} - Sending AppendResponse{status=OK, term=1, succeeded=true, lastLogIndex=34}
21:46:32.185 [raft-server-1-state] TRACE i.a.p.raft.impl.RaftServiceManager - RaftServer{1} - Applying Indexed{index=34, entry=CommandEntry{term=1, timestamp=2018-06-05 09:46:32,021, session=2, sequence=29, operation=PrimitiveOperation{id=DefaultOperationId{id=write, type=COMMAND}, value=byte[]{length=17, hash=-1644578928}}}}
21:46:32.186 [raft-server-1-state] TRACE i.a.p.s.impl.DefaultServiceExecutor - PrimitiveService{2}{type=PrimitiveType{name=test}, name=test} - Executing DefaultCommit{index=34, session=RaftSession{RaftServiceContext{server=1, type=PrimitiveType{name=test}, name=test, id=2}, session=2, timestamp=2018-06-05 09:46:32,021}, time=2018-06-05 09:46:32,021, operation=DefaultOperationId{id=write, type=COMMAND}, value=byte[]{length=17, hash=-1644578928}}
21:46:32.237 [raft-server-3] TRACE i.a.p.raft.roles.LeaderAppender - RaftServer{3} - Received AppendResponse{status=OK, term=1, succeeded=true, lastLogIndex=34} from 1
21:46:32.237 [raft-server-3] TRACE i.a.p.raft.roles.LeaderAppender - RaftServer{3} - Sending AppendRequest{term=1, leader=3, prevLogIndex=34, prevLogTerm=1, entries=1, commitIndex=35} to 1
21:46:32.237 [raft-server-1] TRACE i.a.p.raft.roles.FollowerRole - RaftServer{1}{role=FOLLOWER} - Received AppendRequest{term=1, leader=3, prevLogIndex=34, prevLogTerm=1, entries=1, commitIndex=35}
21:46:32.237 [raft-server-3-state] TRACE i.a.p.raft.impl.RaftServiceManager - RaftServer{3} - Applying Indexed{index=35, entry=CommandEntry{term=1, timestamp=2018-06-05 09:46:32,137, session=2, sequence=30, operation=PrimitiveOperation{id=DefaultOperationId{id=write, type=COMMAND}, value=byte[]{length=17, hash=-1644578928}}}}
21:46:32.237 [raft-server-1] TRACE i.a.p.raft.roles.FollowerRole - RaftServer{1}{role=FOLLOWER} - Appended Indexed{index=35, entry=CommandEntry{term=1, timestamp=2018-06-05 09:46:32,137, session=2, sequence=30, operation=PrimitiveOperation{id=DefaultOperationId{id=write, type=COMMAND}, value=byte[]{length=17, hash=-1644578928}}}}
21:46:32.237 [raft-server-3-state] TRACE i.a.p.s.impl.DefaultServiceExecutor - PrimitiveService{2}{type=PrimitiveType{name=test}, name=test} - Executing DefaultCommit{index=35, session=RaftSession{RaftServiceContext{server=3, type=PrimitiveType{name=test}, name=test, id=2}, session=2, timestamp=2018-06-05 09:46:32,137}, time=2018-06-05 09:46:32,137, operation=DefaultOperationId{id=write, type=COMMAND}, value=byte[]{length=17, hash=-1644578928}}
21:46:32.237 [raft-server-3-state] TRACE i.a.protocols.raft.roles.LeaderRole - RaftServer{3}{role=LEADER} - Sending CommandResponse{status=OK, index=35, eventIndex=2, result=byte[]{length=2, hash=1310}}
21:46:32.237 [raft-server-2] TRACE i.a.p.raft.roles.FollowerRole - RaftServer{2}{role=FOLLOWER} - Sending CommandResponse{status=OK, index=35, eventIndex=2, result=byte[]{length=2, hash=1310}}
21:46:32.237 [raft-client-2f4c8c2a-86e3-4c0e-9770-cf34b8eb1c33-7] TRACE i.a.p.r.p.impl.RaftProxyConnection - PartitionProxy{2}{type=PrimitiveType{name=test}, name=test} - Received CommandResponse{status=OK, index=35, eventIndex=2, result=byte[]{length=2, hash=1310}} from 2
21:46:32.237 [raft-client-2f4c8c2a-86e3-4c0e-9770-cf34b8eb1c33-7] TRACE i.a.p.r.p.impl.RaftProxySequencer - PartitionProxy{2}{type=PrimitiveType{name=test}, name=test} - Completing response CommandResponse{status=OK, index=35, eventIndex=2, result=byte[]{length=2, hash=1310}}
21:46:32.238 [raft-client-2f4c8c2a-86e3-4c0e-9770-cf34b8eb1c33-2] TRACE i.a.p.r.p.impl.RaftProxyConnection - PartitionProxy{2}{type=PrimitiveType{name=test}, name=test} - Sending CommandRequest{session=2, sequence=31, operation=PrimitiveOperation{id=DefaultOperationId{id=write, type=COMMAND}, value=byte[]{length=17, hash=-1644578928}}} to 2
21:46:32.238 [raft-server-2] TRACE i.a.p.raft.roles.FollowerRole - RaftServer{2}{role=FOLLOWER} - Received CommandRequest{session=2, sequence=31, operation=PrimitiveOperation{id=DefaultOperationId{id=write, type=COMMAND}, value=byte[]{length=17, hash=-1644578928}}}
21:46:32.238 [raft-server-3] TRACE i.a.protocols.raft.roles.LeaderRole - RaftServer{3}{role=LEADER} - Received CommandRequest{session=2, sequence=31, operation=PrimitiveOperation{id=DefaultOperationId{id=write, type=COMMAND}, value=byte[]{length=17, hash=-1644578928}}}
21:46:32.238 [raft-server-3] TRACE i.a.protocols.raft.roles.LeaderRole - RaftServer{3}{role=LEADER} - Appended Indexed{index=36, entry=CommandEntry{term=1, timestamp=2018-06-05 09:46:32,238, session=2, sequence=31, operation=PrimitiveOperation{id=DefaultOperationId{id=write, type=COMMAND}, value=byte[]{length=17, hash=-1644578928}}}}
21:46:32.238 [raft-server-3] TRACE i.a.p.raft.roles.LeaderAppender - RaftServer{3} - Sending AppendRequest{term=1, leader=3, prevLogIndex=35, prevLogTerm=1, entries=1, commitIndex=35} to 2
21:46:32.238 [raft-server-2] TRACE i.a.p.raft.roles.FollowerRole - RaftServer{2}{role=FOLLOWER} - Received AppendRequest{term=1, leader=3, prevLogIndex=35, prevLogTerm=1, entries=1, commitIndex=35}
21:46:32.238 [raft-server-2] TRACE i.a.p.raft.roles.FollowerRole - RaftServer{2}{role=FOLLOWER} - Appended Indexed{index=36, entry=CommandEntry{term=1, timestamp=2018-06-05 09:46:32,238, session=2, sequence=31, operation=PrimitiveOperation{id=DefaultOperationId{id=write, type=COMMAND}, value=byte[]{length=17, hash=-1644578928}}}}
21:46:32.273 [raft-server-1] TRACE i.a.p.raft.roles.FollowerRole - RaftServer{1}{role=FOLLOWER} - Committed entries up to index 35
21:46:32.273 [raft-server-1] TRACE i.a.p.raft.roles.FollowerRole - RaftServer{1}{role=FOLLOWER} - Sending AppendResponse{status=OK, term=1, succeeded=true, lastLogIndex=35}
21:46:32.273 [raft-server-3] TRACE i.a.p.raft.roles.LeaderAppender - RaftServer{3} - Received AppendResponse{status=OK, term=1, succeeded=true, lastLogIndex=35} from 1
21:46:32.273 [raft-server-1-state] TRACE i.a.p.raft.impl.RaftServiceManager - RaftServer{1} - Applying Indexed{index=35, entry=CommandEntry{term=1, timestamp=2018-06-05 09:46:32,137, session=2, sequence=30, operation=PrimitiveOperation{id=DefaultOperationId{id=write, type=COMMAND}, value=byte[]{length=17, hash=-1644578928}}}}
21:46:32.273 [raft-server-3] TRACE i.a.p.raft.roles.LeaderAppender - RaftServer{3} - Sending AppendRequest{term=1, leader=3, prevLogIndex=35, prevLogTerm=1, entries=1, commitIndex=35} to 1
21:46:32.273 [raft-server-1-state] TRACE i.a.p.s.impl.DefaultServiceExecutor - PrimitiveService{2}{type=PrimitiveType{name=test}, name=test} - Executing DefaultCommit{index=35, session=RaftSession{RaftServiceContext{server=1, type=PrimitiveType{name=test}, name=test, id=2}, session=2, timestamp=2018-06-05 09:46:32,137}, time=2018-06-05 09:46:32,137, operation=DefaultOperationId{id=write, type=COMMAND}, value=byte[]{length=17, hash=-1644578928}}
21:46:32.273 [raft-server-1] TRACE i.a.p.raft.roles.FollowerRole - RaftServer{1}{role=FOLLOWER} - Received AppendRequest{term=1, leader=3, prevLogIndex=35, prevLogTerm=1, entries=1, commitIndex=35}
21:46:32.274 [raft-server-1] TRACE i.a.p.raft.roles.FollowerRole - RaftServer{1}{role=FOLLOWER} - Appended Indexed{index=36, entry=CommandEntry{term=1, timestamp=2018-06-05 09:46:32,238, session=2, sequence=31, operation=PrimitiveOperation{id=DefaultOperationId{id=write, type=COMMAND}, value=byte[]{length=17, hash=-1644578928}}}}
21:46:32.274 [raft-server-1] TRACE i.a.p.raft.roles.FollowerRole - RaftServer{1}{role=FOLLOWER} - Sending AppendResponse{status=OK, term=1, succeeded=true, lastLogIndex=36}
21:46:32.274 [raft-server-3] TRACE i.a.p.raft.roles.LeaderAppender - RaftServer{3} - Received AppendResponse{status=OK, term=1, succeeded=true, lastLogIndex=36} from 1
21:46:32.274 [raft-server-3] TRACE i.a.p.raft.roles.LeaderAppender - RaftServer{3} - Committed entries up to 36
21:46:32.312 [raft-server-2] TRACE i.a.p.raft.roles.FollowerRole - RaftServer{2}{role=FOLLOWER} - Committed entries up to index 35
21:46:32.312 [raft-server-2] TRACE i.a.p.raft.roles.FollowerRole - RaftServer{2}{role=FOLLOWER} - Sending AppendResponse{status=OK, term=1, succeeded=true, lastLogIndex=36}
21:46:32.312 [raft-server-2-state] TRACE i.a.p.raft.impl.RaftServiceManager - RaftServer{2} - Applying Indexed{index=35, entry=CommandEntry{term=1, timestamp=2018-06-05 09:46:32,137, session=2, sequence=30, operation=PrimitiveOperation{id=DefaultOperationId{id=write, type=COMMAND}, value=byte[]{length=17, hash=-1644578928}}}}
21:46:32.312 [raft-server-2-state] TRACE i.a.p.s.impl.DefaultServiceExecutor - PrimitiveService{2}{type=PrimitiveType{name=test}, name=test} - Executing DefaultCommit{index=35, session=RaftSession{RaftServiceContext{server=2, type=PrimitiveType{name=test}, name=test, id=2}, session=2, timestamp=2018-06-05 09:46:32,137}, time=2018-06-05 09:46:32,137, operation=DefaultOperationId{id=write, type=COMMAND}, value=byte[]{length=17, hash=-1644578928}}
21:46:32.337 [raft-server-3] TRACE i.a.p.raft.roles.LeaderAppender - RaftServer{3} - Received AppendResponse{status=OK, term=1, succeeded=true, lastLogIndex=36} from 2
21:46:32.337 [raft-server-3-state] TRACE i.a.p.raft.impl.RaftServiceManager - RaftServer{3} - Applying Indexed{index=36, entry=CommandEntry{term=1, timestamp=2018-06-05 09:46:32,238, session=2, sequence=31, operation=PrimitiveOperation{id=DefaultOperationId{id=write, type=COMMAND}, value=byte[]{length=17, hash=-1644578928}}}}
21:46:32.337 [raft-server-3-state] TRACE i.a.p.s.impl.DefaultServiceExecutor - PrimitiveService{2}{type=PrimitiveType{name=test}, name=test} - Executing DefaultCommit{index=36, session=RaftSession{RaftServiceContext{server=3, type=PrimitiveType{name=test}, name=test, id=2}, session=2, timestamp=2018-06-05 09:46:32,238}, time=2018-06-05 09:46:32,238, operation=DefaultOperationId{id=write, type=COMMAND}, value=byte[]{length=17, hash=-1644578928}}
21:46:32.337 [raft-server-3-state] TRACE i.a.protocols.raft.roles.LeaderRole - RaftServer{3}{role=LEADER} - Sending CommandResponse{status=OK, index=36, eventIndex=2, result=byte[]{length=2, hash=1312}}
21:46:32.337 [raft-server-2] TRACE i.a.p.raft.roles.FollowerRole - RaftServer{2}{role=FOLLOWER} - Sending CommandResponse{status=OK, index=36, eventIndex=2, result=byte[]{length=2, hash=1312}}
21:46:32.337 [raft-client-2f4c8c2a-86e3-4c0e-9770-cf34b8eb1c33-1] TRACE i.a.p.r.p.impl.RaftProxyConnection - PartitionProxy{2}{type=PrimitiveType{name=test}, name=test} - Received CommandResponse{status=OK, index=36, eventIndex=2, result=byte[]{length=2, hash=1312}} from 2
21:46:32.337 [raft-client-2f4c8c2a-86e3-4c0e-9770-cf34b8eb1c33-1] TRACE i.a.p.r.p.impl.RaftProxySequencer - PartitionProxy{2}{type=PrimitiveType{name=test}, name=test} - Completing response CommandResponse{status=OK, index=36, eventIndex=2, result=byte[]{length=2, hash=1312}}
21:46:32.338 [raft-client-2f4c8c2a-86e3-4c0e-9770-cf34b8eb1c33-6] TRACE i.a.p.r.p.impl.RaftProxyConnection - PartitionProxy{2}{type=PrimitiveType{name=test}, name=test} - Sending CommandRequest{session=2, sequence=32, operation=PrimitiveOperation{id=DefaultOperationId{id=write, type=COMMAND}, value=byte[]{length=17, hash=-1644578928}}} to 2
21:46:32.338 [raft-server-2] TRACE i.a.p.raft.roles.FollowerRole - RaftServer{2}{role=FOLLOWER} - Received CommandRequest{session=2, sequence=32, operation=PrimitiveOperation{id=DefaultOperationId{id=write, type=COMMAND}, value=byte[]{length=17, hash=-1644578928}}}
21:46:32.338 [raft-server-3] TRACE i.a.protocols.raft.roles.LeaderRole - RaftServer{3}{role=LEADER} - Received CommandRequest{session=2, sequence=32, operation=PrimitiveOperation{id=DefaultOperationId{id=write, type=COMMAND}, value=byte[]{length=17, hash=-1644578928}}}
21:46:32.338 [raft-server-3] TRACE i.a.protocols.raft.roles.LeaderRole - RaftServer{3}{role=LEADER} - Appended Indexed{index=37, entry=CommandEntry{term=1, timestamp=2018-06-05 09:46:32,338, session=2, sequence=32, operation=PrimitiveOperation{id=DefaultOperationId{id=write, type=COMMAND}, value=byte[]{length=17, hash=-1644578928}}}}
21:46:32.338 [raft-server-3] TRACE i.a.p.raft.roles.LeaderAppender - RaftServer{3} - Sending AppendRequest{term=1, leader=3, prevLogIndex=36, prevLogTerm=1, entries=1, commitIndex=36} to 2
21:46:32.338 [raft-server-3] TRACE i.a.p.raft.roles.LeaderAppender - RaftServer{3} - Sending AppendRequest{term=1, leader=3, prevLogIndex=36, prevLogTerm=1, entries=1, commitIndex=36} to 1
21:46:32.338 [raft-server-1] TRACE i.a.p.raft.roles.FollowerRole - RaftServer{1}{role=FOLLOWER} - Received AppendRequest{term=1, leader=3, prevLogIndex=36, prevLogTerm=1, entries=1, commitIndex=36}
21:46:32.338 [raft-server-2] TRACE i.a.p.raft.roles.FollowerRole - RaftServer{2}{role=FOLLOWER} - Received AppendRequest{term=1, leader=3, prevLogIndex=36, prevLogTerm=1, entries=1, commitIndex=36}
21:46:32.338 [raft-server-1] TRACE i.a.p.raft.roles.FollowerRole - RaftServer{1}{role=FOLLOWER} - Appended Indexed{index=37, entry=CommandEntry{term=1, timestamp=2018-06-05 09:46:32,338, session=2, sequence=32, operation=PrimitiveOperation{id=DefaultOperationId{id=write, type=COMMAND}, value=byte[]{length=17, hash=-1644578928}}}}
21:46:32.338 [raft-server-2] TRACE i.a.p.raft.roles.FollowerRole - RaftServer{2}{role=FOLLOWER} - Appended Indexed{index=37, entry=CommandEntry{term=1, timestamp=2018-06-05 09:46:32,338, session=2, sequence=32, operation=PrimitiveOperation{id=DefaultOperationId{id=write, type=COMMAND}, value=byte[]{length=17, hash=-1644578928}}}}
21:46:32.412 [raft-server-2] TRACE i.a.p.raft.roles.FollowerRole - RaftServer{2}{role=FOLLOWER} - Committed entries up to index 36
21:46:32.412 [raft-server-1] TRACE i.a.p.raft.roles.FollowerRole - RaftServer{1}{role=FOLLOWER} - Committed entries up to index 36
21:46:32.412 [raft-server-2] TRACE i.a.p.raft.roles.FollowerRole - RaftServer{2}{role=FOLLOWER} - Sending AppendResponse{status=OK, term=1, succeeded=true, lastLogIndex=37}
21:46:32.412 [raft-server-1] TRACE i.a.p.raft.roles.FollowerRole - RaftServer{1}{role=FOLLOWER} - Sending AppendResponse{status=OK, term=1, succeeded=true, lastLogIndex=37}
21:46:32.412 [raft-server-2-state] TRACE i.a.p.raft.impl.RaftServiceManager - RaftServer{2} - Applying Indexed{index=36, entry=CommandEntry{term=1, timestamp=2018-06-05 09:46:32,238, session=2, sequence=31, operation=PrimitiveOperation{id=DefaultOperationId{id=write, type=COMMAND}, value=byte[]{length=17, hash=-1644578928}}}}
21:46:32.412 [raft-server-1-state] TRACE i.a.p.raft.impl.RaftServiceManager - RaftServer{1} - Applying Indexed{index=36, entry=CommandEntry{term=1, timestamp=2018-06-05 09:46:32,238, session=2, sequence=31, operation=PrimitiveOperation{id=DefaultOperationId{id=write, type=COMMAND}, value=byte[]{length=17, hash=-1644578928}}}}
21:46:32.412 [raft-server-2-state] TRACE i.a.p.s.impl.DefaultServiceExecutor - PrimitiveService{2}{type=PrimitiveType{name=test}, name=test} - Executing DefaultCommit{index=36, session=RaftSession{RaftServiceContext{server=2, type=PrimitiveType{name=test}, name=test, id=2}, session=2, timestamp=2018-06-05 09:46:32,238}, time=2018-06-05 09:46:32,238, operation=DefaultOperationId{id=write, type=COMMAND}, value=byte[]{length=17, hash=-1644578928}}
21:46:32.412 [raft-server-1-state] TRACE i.a.p.s.impl.DefaultServiceExecutor - PrimitiveService{2}{type=PrimitiveType{name=test}, name=test} - Executing DefaultCommit{index=36, session=RaftSession{RaftServiceContext{server=1, type=PrimitiveType{name=test}, name=test, id=2}, session=2, timestamp=2018-06-05 09:46:32,238}, time=2018-06-05 09:46:32,238, operation=DefaultOperationId{id=write, type=COMMAND}, value=byte[]{length=17, hash=-1644578928}}
21:46:32.412 [raft-server-3] TRACE i.a.p.raft.roles.LeaderAppender - RaftServer{3} - Received AppendResponse{status=OK, term=1, succeeded=true, lastLogIndex=37} from 2
21:46:32.412 [raft-server-3] TRACE i.a.p.raft.roles.LeaderAppender - RaftServer{3} - Committed entries up to 37
21:46:32.450 [raft-server-3] TRACE i.a.p.raft.roles.LeaderAppender - RaftServer{3} - Sending AppendRequest{term=1, leader=3, prevLogIndex=37, prevLogTerm=1, entries=0, commitIndex=37} to 2
21:46:32.450 [raft-server-3] TRACE i.a.p.raft.roles.LeaderAppender - RaftServer{3} - Received AppendResponse{status=OK, term=1, succeeded=true, lastLogIndex=37} from 1
21:46:32.450 [raft-server-2] TRACE i.a.p.raft.roles.FollowerRole - RaftServer{2}{role=FOLLOWER} - Received AppendRequest{term=1, leader=3, prevLogIndex=37, prevLogTerm=1, entries=0, commitIndex=37}
21:46:32.450 [raft-server-2] TRACE i.a.p.raft.roles.FollowerRole - RaftServer{2}{role=FOLLOWER} - Committed entries up to index 37
21:46:32.450 [raft-server-3] TRACE i.a.p.raft.roles.LeaderAppender - RaftServer{3} - Sending AppendRequest{term=1, leader=3, prevLogIndex=37, prevLogTerm=1, entries=0, commitIndex=37} to 1
21:46:32.450 [raft-server-2] TRACE i.a.p.raft.roles.FollowerRole - RaftServer{2}{role=FOLLOWER} - Sending AppendResponse{status=OK, term=1, succeeded=true, lastLogIndex=37}
21:46:32.451 [raft-server-1] TRACE i.a.p.raft.roles.FollowerRole - RaftServer{1}{role=FOLLOWER} - Received AppendRequest{term=1, leader=3, prevLogIndex=37, prevLogTerm=1, entries=0, commitIndex=37}
21:46:32.451 [raft-server-3] TRACE i.a.p.raft.roles.LeaderAppender - RaftServer{3} - Received AppendResponse{status=OK, term=1, succeeded=true, lastLogIndex=37} from 2
21:46:32.451 [raft-server-1] TRACE i.a.p.raft.roles.FollowerRole - RaftServer{1}{role=FOLLOWER} - Committed entries up to index 37
21:46:32.451 [raft-server-3-state] TRACE i.a.p.raft.impl.RaftServiceManager - RaftServer{3} - Applying Indexed{index=37, entry=CommandEntry{term=1, timestamp=2018-06-05 09:46:32,338, session=2, sequence=32, operation=PrimitiveOperation{id=DefaultOperationId{id=write, type=COMMAND}, value=byte[]{length=17, hash=-1644578928}}}}
21:46:32.451 [raft-server-2-state] TRACE i.a.p.raft.impl.RaftServiceManager - RaftServer{2} - Applying Indexed{index=37, entry=CommandEntry{term=1, timestamp=2018-06-05 09:46:32,338, session=2, sequence=32, operation=PrimitiveOperation{id=DefaultOperationId{id=write, type=COMMAND}, value=byte[]{length=17, hash=-1644578928}}}}
21:46:32.451 [raft-server-1] TRACE i.a.p.raft.roles.FollowerRole - RaftServer{1}{role=FOLLOWER} - Sending AppendResponse{status=OK, term=1, succeeded=true, lastLogIndex=37}
21:46:32.451 [raft-server-3-state] TRACE i.a.p.s.impl.DefaultServiceExecutor - PrimitiveService{2}{type=PrimitiveType{name=test}, name=test} - Executing DefaultCommit{index=37, session=RaftSession{RaftServiceContext{server=3, type=PrimitiveType{name=test}, name=test, id=2}, session=2, timestamp=2018-06-05 09:46:32,338}, time=2018-06-05 09:46:32,338, operation=DefaultOperationId{id=write, type=COMMAND}, value=byte[]{length=17, hash=-1644578928}}
21:46:32.451 [raft-server-2-state] TRACE i.a.p.s.impl.DefaultServiceExecutor - PrimitiveService{2}{type=PrimitiveType{name=test}, name=test} - Executing DefaultCommit{index=37, session=RaftSession{RaftServiceContext{server=2, type=PrimitiveType{name=test}, name=test, id=2}, session=2, timestamp=2018-06-05 09:46:32,338}, time=2018-06-05 09:46:32,338, operation=DefaultOperationId{id=write, type=COMMAND}, value=byte[]{length=17, hash=-1644578928}}
21:46:32.451 [raft-server-3] TRACE i.a.p.raft.roles.LeaderAppender - RaftServer{3} - Received AppendResponse{status=OK, term=1, succeeded=true, lastLogIndex=37} from 1
21:46:32.451 [raft-server-1-state] TRACE i.a.p.raft.impl.RaftServiceManager - RaftServer{1} - Applying Indexed{index=37, entry=CommandEntry{term=1, timestamp=2018-06-05 09:46:32,338, session=2, sequence=32, operation=PrimitiveOperation{id=DefaultOperationId{id=write, type=COMMAND}, value=byte[]{length=17, hash=-1644578928}}}}
21:46:32.451 [raft-server-3-state] TRACE i.a.protocols.raft.roles.LeaderRole - RaftServer{3}{role=LEADER} - Sending CommandResponse{status=OK, index=37, eventIndex=2, result=byte[]{length=2, hash=1314}}
21:46:32.451 [raft-server-1-state] TRACE i.a.p.s.impl.DefaultServiceExecutor - PrimitiveService{2}{type=PrimitiveType{name=test}, name=test} - Executing DefaultCommit{index=37, session=RaftSession{RaftServiceContext{server=1, type=PrimitiveType{name=test}, name=test, id=2}, session=2, timestamp=2018-06-05 09:46:32,338}, time=2018-06-05 09:46:32,338, operation=DefaultOperationId{id=write, type=COMMAND}, value=byte[]{length=17, hash=-1644578928}}
21:46:32.451 [raft-server-2] TRACE i.a.p.raft.roles.FollowerRole - RaftServer{2}{role=FOLLOWER} - Sending CommandResponse{status=OK, index=37, eventIndex=2, result=byte[]{length=2, hash=1314}}
21:46:32.451 [raft-client-2f4c8c2a-86e3-4c0e-9770-cf34b8eb1c33-0] TRACE i.a.p.r.p.impl.RaftProxyConnection - PartitionProxy{2}{type=PrimitiveType{name=test}, name=test} - Received CommandResponse{status=OK, index=37, eventIndex=2, result=byte[]{length=2, hash=1314}} from 2
21:46:32.451 [raft-client-2f4c8c2a-86e3-4c0e-9770-cf34b8eb1c33-0] TRACE i.a.p.r.p.impl.RaftProxySequencer - PartitionProxy{2}{type=PrimitiveType{name=test}, name=test} - Completing response CommandResponse{status=OK, index=37, eventIndex=2, result=byte[]{length=2, hash=1314}}
21:46:32.452 [raft-client-2f4c8c2a-86e3-4c0e-9770-cf34b8eb1c33-5] TRACE i.a.p.r.p.impl.RaftProxyConnection - PartitionProxy{2}{type=PrimitiveType{name=test}, name=test} - Sending CommandRequest{session=2, sequence=33, operation=PrimitiveOperation{id=DefaultOperationId{id=write, type=COMMAND}, value=byte[]{length=17, hash=-1644578928}}} to 2
21:46:32.452 [raft-server-2] TRACE i.a.p.raft.roles.FollowerRole - RaftServer{2}{role=FOLLOWER} - Received CommandRequest{session=2, sequence=33, operation=PrimitiveOperation{id=DefaultOperationId{id=write, type=COMMAND}, value=byte[]{length=17, hash=-1644578928}}}
21:46:32.452 [raft-server-3] TRACE i.a.protocols.raft.roles.LeaderRole - RaftServer{3}{role=LEADER} - Received CommandRequest{session=2, sequence=33, operation=PrimitiveOperation{id=DefaultOperationId{id=write, type=COMMAND}, value=byte[]{length=17, hash=-1644578928}}}
21:46:32.452 [raft-server-3] TRACE i.a.protocols.raft.roles.LeaderRole - RaftServer{3}{role=LEADER} - Appended Indexed{index=38, entry=CommandEntry{term=1, timestamp=2018-06-05 09:46:32,452, session=2, sequence=33, operation=PrimitiveOperation{id=DefaultOperationId{id=write, type=COMMAND}, value=byte[]{length=17, hash=-1644578928}}}}
21:46:32.452 [raft-server-3] TRACE i.a.p.raft.roles.LeaderAppender - RaftServer{3} - Sending AppendRequest{term=1, leader=3, prevLogIndex=37, prevLogTerm=1, entries=1, commitIndex=37} to 2
21:46:32.452 [raft-server-3] TRACE i.a.p.raft.roles.LeaderAppender - RaftServer{3} - Sending AppendRequest{term=1, leader=3, prevLogIndex=37, prevLogTerm=1, entries=1, commitIndex=37} to 1
21:46:32.452 [raft-server-1] TRACE i.a.p.raft.roles.FollowerRole - RaftServer{1}{role=FOLLOWER} - Received AppendRequest{term=1, leader=3, prevLogIndex=37, prevLogTerm=1, entries=1, commitIndex=37}
21:46:32.452 [raft-server-2] TRACE i.a.p.raft.roles.FollowerRole - RaftServer{2}{role=FOLLOWER} - Received AppendRequest{term=1, leader=3, prevLogIndex=37, prevLogTerm=1, entries=1, commitIndex=37}
21:46:32.452 [raft-server-1] TRACE i.a.p.raft.roles.FollowerRole - RaftServer{1}{role=FOLLOWER} - Appended Indexed{index=38, entry=CommandEntry{term=1, timestamp=2018-06-05 09:46:32,452, session=2, sequence=33, operation=PrimitiveOperation{id=DefaultOperationId{id=write, type=COMMAND}, value=byte[]{length=17, hash=-1644578928}}}}
21:46:32.452 [raft-server-1] TRACE i.a.p.raft.roles.FollowerRole - RaftServer{1}{role=FOLLOWER} - Sending AppendResponse{status=OK, term=1, succeeded=true, lastLogIndex=38}
21:46:32.452 [raft-server-2] TRACE i.a.p.raft.roles.FollowerRole - RaftServer{2}{role=FOLLOWER} - Appended Indexed{index=38, entry=CommandEntry{term=1, timestamp=2018-06-05 09:46:32,452, session=2, sequence=33, operation=PrimitiveOperation{id=DefaultOperationId{id=write, type=COMMAND}, value=byte[]{length=17, hash=-1644578928}}}}
21:46:32.452 [raft-server-2] TRACE i.a.p.raft.roles.FollowerRole - RaftServer{2}{role=FOLLOWER} - Sending AppendResponse{status=OK, term=1, succeeded=true, lastLogIndex=38}
21:46:32.452 [raft-server-3] TRACE i.a.p.raft.roles.LeaderAppender - RaftServer{3} - Received AppendResponse{status=OK, term=1, succeeded=true, lastLogIndex=38} from 1
21:46:32.452 [raft-server-3] TRACE i.a.p.raft.roles.LeaderAppender - RaftServer{3} - Committed entries up to 38
21:46:32.487 [raft-server-3] TRACE i.a.p.raft.roles.LeaderAppender - RaftServer{3} - Received AppendResponse{status=OK, term=1, succeeded=true, lastLogIndex=38} from 2
21:46:32.487 [raft-server-3-state] TRACE i.a.p.raft.impl.RaftServiceManager - RaftServer{3} - Applying Indexed{index=38, entry=CommandEntry{term=1, timestamp=2018-06-05 09:46:32,452, session=2, sequence=33, operation=PrimitiveOperation{id=DefaultOperationId{id=write, type=COMMAND}, value=byte[]{length=17, hash=-1644578928}}}}
21:46:32.487 [raft-server-3-state] TRACE i.a.p.s.impl.DefaultServiceExecutor - PrimitiveService{2}{type=PrimitiveType{name=test}, name=test} - Executing DefaultCommit{index=38, session=RaftSession{RaftServiceContext{server=3, type=PrimitiveType{name=test}, name=test, id=2}, session=2, timestamp=2018-06-05 09:46:32,452}, time=2018-06-05 09:46:32,452, operation=DefaultOperationId{id=write, type=COMMAND}, value=byte[]{length=17, hash=-1644578928}}
21:46:32.487 [raft-server-3-state] TRACE i.a.protocols.raft.roles.LeaderRole - RaftServer{3}{role=LEADER} - Sending CommandResponse{status=OK, index=38, eventIndex=2, result=byte[]{length=2, hash=1316}}
21:46:32.487 [raft-server-2] TRACE i.a.p.raft.roles.FollowerRole - RaftServer{2}{role=FOLLOWER} - Sending CommandResponse{status=OK, index=38, eventIndex=2, result=byte[]{length=2, hash=1316}}
21:46:32.487 [raft-client-2f4c8c2a-86e3-4c0e-9770-cf34b8eb1c33-7] TRACE i.a.p.r.p.impl.RaftProxyConnection - PartitionProxy{2}{type=PrimitiveType{name=test}, name=test} - Received CommandResponse{status=OK, index=38, eventIndex=2, result=byte[]{length=2, hash=1316}} from 2
21:46:32.487 [raft-client-2f4c8c2a-86e3-4c0e-9770-cf34b8eb1c33-7] TRACE i.a.p.r.p.impl.RaftProxySequencer - PartitionProxy{2}{type=PrimitiveType{name=test}, name=test} - Completing response CommandResponse{status=OK, index=38, eventIndex=2, result=byte[]{length=2, hash=1316}}
21:46:32.487 [raft-client-2f4c8c2a-86e3-4c0e-9770-cf34b8eb1c33-7] TRACE i.a.p.r.p.impl.RaftProxyConnection - PartitionProxy{2}{type=PrimitiveType{name=test}, name=test} - Sending CommandRequest{session=2, sequence=34, operation=PrimitiveOperation{id=DefaultOperationId{id=write, type=COMMAND}, value=byte[]{length=17, hash=-1644578928}}} to 2
21:46:32.488 [raft-server-2] TRACE i.a.p.raft.roles.FollowerRole - RaftServer{2}{role=FOLLOWER} - Received CommandRequest{session=2, sequence=34, operation=PrimitiveOperation{id=DefaultOperationId{id=write, type=COMMAND}, value=byte[]{length=17, hash=-1644578928}}}
21:46:32.488 [raft-server-3] TRACE i.a.protocols.raft.roles.LeaderRole - RaftServer{3}{role=LEADER} - Received CommandRequest{session=2, sequence=34, operation=PrimitiveOperation{id=DefaultOperationId{id=write, type=COMMAND}, value=byte[]{length=17, hash=-1644578928}}}
21:46:32.488 [raft-server-3] TRACE i.a.protocols.raft.roles.LeaderRole - RaftServer{3}{role=LEADER} - Appended Indexed{index=39, entry=CommandEntry{term=1, timestamp=2018-06-05 09:46:32,488, session=2, sequence=34, operation=PrimitiveOperation{id=DefaultOperationId{id=write, type=COMMAND}, value=byte[]{length=17, hash=-1644578928}}}}
21:46:32.488 [raft-server-3] TRACE i.a.p.raft.roles.LeaderAppender - RaftServer{3} - Sending AppendRequest{term=1, leader=3, prevLogIndex=38, prevLogTerm=1, entries=1, commitIndex=38} to 2
21:46:32.488 [raft-server-2] TRACE i.a.p.raft.roles.FollowerRole - RaftServer{2}{role=FOLLOWER} - Received AppendRequest{term=1, leader=3, prevLogIndex=38, prevLogTerm=1, entries=1, commitIndex=38}
21:46:32.488 [raft-server-2] TRACE i.a.p.raft.roles.FollowerRole - RaftServer{2}{role=FOLLOWER} - Appended Indexed{index=39, entry=CommandEntry{term=1, timestamp=2018-06-05 09:46:32,488, session=2, sequence=34, operation=PrimitiveOperation{id=DefaultOperationId{id=write, type=COMMAND}, value=byte[]{length=17, hash=-1644578928}}}}
21:46:32.488 [raft-server-3] TRACE i.a.p.raft.roles.LeaderAppender - RaftServer{3} - Sending AppendRequest{term=1, leader=3, prevLogIndex=38, prevLogTerm=1, entries=1, commitIndex=38} to 1
21:46:32.488 [raft-server-1] TRACE i.a.p.raft.roles.FollowerRole - RaftServer{1}{role=FOLLOWER} - Received AppendRequest{term=1, leader=3, prevLogIndex=38, prevLogTerm=1, entries=1, commitIndex=38}
21:46:32.488 [raft-server-1] TRACE i.a.p.raft.roles.FollowerRole - RaftServer{1}{role=FOLLOWER} - Appended Indexed{index=39, entry=CommandEntry{term=1, timestamp=2018-06-05 09:46:32,488, session=2, sequence=34, operation=PrimitiveOperation{id=DefaultOperationId{id=write, type=COMMAND}, value=byte[]{length=17, hash=-1644578928}}}}
21:46:32.520 [raft-server-2] TRACE i.a.p.raft.roles.FollowerRole - RaftServer{2}{role=FOLLOWER} - Committed entries up to index 38
21:46:32.520 [raft-server-2] TRACE i.a.p.raft.roles.FollowerRole - RaftServer{2}{role=FOLLOWER} - Sending AppendResponse{status=OK, term=1, succeeded=true, lastLogIndex=39}
21:46:32.520 [raft-server-2-state] TRACE i.a.p.raft.impl.RaftServiceManager - RaftServer{2} - Applying Indexed{index=38, entry=CommandEntry{term=1, timestamp=2018-06-05 09:46:32,452, session=2, sequence=33, operation=PrimitiveOperation{id=DefaultOperationId{id=write, type=COMMAND}, value=byte[]{length=17, hash=-1644578928}}}}
21:46:32.520 [raft-server-2-state] TRACE i.a.p.s.impl.DefaultServiceExecutor - PrimitiveService{2}{type=PrimitiveType{name=test}, name=test} - Executing DefaultCommit{index=38, session=RaftSession{RaftServiceContext{server=2, type=PrimitiveType{name=test}, name=test, id=2}, session=2, timestamp=2018-06-05 09:46:32,452}, time=2018-06-05 09:46:32,452, operation=DefaultOperationId{id=write, type=COMMAND}, value=byte[]{length=17, hash=-1644578928}}
21:46:32.520 [raft-server-3] TRACE i.a.p.raft.roles.LeaderAppender - RaftServer{3} - Received AppendResponse{status=OK, term=1, succeeded=true, lastLogIndex=39} from 2
21:46:32.520 [raft-server-3] TRACE i.a.p.raft.roles.LeaderAppender - RaftServer{3} - Committed entries up to 39
21:46:32.553 [raft-server-1] TRACE i.a.p.raft.roles.FollowerRole - RaftServer{1}{role=FOLLOWER} - Committed entries up to index 38
21:46:32.553 [raft-server-1] TRACE i.a.p.raft.roles.FollowerRole - RaftServer{1}{role=FOLLOWER} - Sending AppendResponse{status=OK, term=1, succeeded=true, lastLogIndex=39}
21:46:32.553 [raft-server-1-state] TRACE i.a.p.raft.impl.RaftServiceManager - RaftServer{1} - Applying Indexed{index=38, entry=CommandEntry{term=1, timestamp=2018-06-05 09:46:32,452, session=2, sequence=33, operation=PrimitiveOperation{id=DefaultOperationId{id=write, type=COMMAND}, value=byte[]{length=17, hash=-1644578928}}}}
21:46:32.553 [raft-server-1-state] TRACE i.a.p.s.impl.DefaultServiceExecutor - PrimitiveService{2}{type=PrimitiveType{name=test}, name=test} - Executing DefaultCommit{index=38, session=RaftSession{RaftServiceContext{server=1, type=PrimitiveType{name=test}, name=test, id=2}, session=2, timestamp=2018-06-05 09:46:32,452}, time=2018-06-05 09:46:32,452, operation=DefaultOperationId{id=write, type=COMMAND}, value=byte[]{length=17, hash=-1644578928}}
21:46:32.606 [raft-server-3] TRACE i.a.p.raft.roles.LeaderAppender - RaftServer{3} - Received AppendResponse{status=OK, term=1, succeeded=true, lastLogIndex=39} from 1
21:46:32.606 [raft-server-3] TRACE i.a.p.raft.roles.LeaderAppender - RaftServer{3} - Sending AppendRequest{term=1, leader=3, prevLogIndex=39, prevLogTerm=1, entries=0, commitIndex=39} to 2
21:46:32.606 [raft-server-3] TRACE i.a.p.raft.roles.LeaderAppender - RaftServer{3} - Sending AppendRequest{term=1, leader=3, prevLogIndex=39, prevLogTerm=1, entries=0, commitIndex=39} to 1
21:46:32.606 [raft-server-1] TRACE i.a.p.raft.roles.FollowerRole - RaftServer{1}{role=FOLLOWER} - Received AppendRequest{term=1, leader=3, prevLogIndex=39, prevLogTerm=1, entries=0, commitIndex=39}
21:46:32.606 [raft-server-2] TRACE i.a.p.raft.roles.FollowerRole - RaftServer{2}{role=FOLLOWER} - Received AppendRequest{term=1, leader=3, prevLogIndex=39, prevLogTerm=1, entries=0, commitIndex=39}
21:46:32.606 [raft-server-3-state] TRACE i.a.p.raft.impl.RaftServiceManager - RaftServer{3} - Applying Indexed{index=39, entry=CommandEntry{term=1, timestamp=2018-06-05 09:46:32,488, session=2, sequence=34, operation=PrimitiveOperation{id=DefaultOperationId{id=write, type=COMMAND}, value=byte[]{length=17, hash=-1644578928}}}}
21:46:32.606 [raft-server-3-state] TRACE i.a.p.s.impl.DefaultServiceExecutor - PrimitiveService{2}{type=PrimitiveType{name=test}, name=test} - Executing DefaultCommit{index=39, session=RaftSession{RaftServiceContext{server=3, type=PrimitiveType{name=test}, name=test, id=2}, session=2, timestamp=2018-06-05 09:46:32,488}, time=2018-06-05 09:46:32,488, operation=DefaultOperationId{id=write, type=COMMAND}, value=byte[]{length=17, hash=-1644578928}}
21:46:32.606 [raft-server-3-state] TRACE i.a.protocols.raft.roles.LeaderRole - RaftServer{3}{role=LEADER} - Sending CommandResponse{status=OK, index=39, eventIndex=2, result=byte[]{length=2, hash=1318}}
21:46:32.706 [raft-server-1] TRACE i.a.p.raft.roles.FollowerRole - RaftServer{1}{role=FOLLOWER} - Committed entries up to index 39
21:46:32.706 [raft-server-2] TRACE i.a.p.raft.roles.FollowerRole - RaftServer{2}{role=FOLLOWER} - Committed entries up to index 39
21:46:32.706 [raft-server-1] TRACE i.a.p.raft.roles.FollowerRole - RaftServer{1}{role=FOLLOWER} - Sending AppendResponse{status=OK, term=1, succeeded=true, lastLogIndex=39}
21:46:32.706 [raft-server-2] TRACE i.a.p.raft.roles.FollowerRole - RaftServer{2}{role=FOLLOWER} - Sending AppendResponse{status=OK, term=1, succeeded=true, lastLogIndex=39}
21:46:32.706 [raft-server-3] TRACE i.a.p.raft.roles.LeaderAppender - RaftServer{3} - Received AppendResponse{status=OK, term=1, succeeded=true, lastLogIndex=39} from 1
21:46:32.706 [raft-server-2] TRACE i.a.p.raft.roles.FollowerRole - RaftServer{2}{role=FOLLOWER} - Sending CommandResponse{status=OK, index=39, eventIndex=2, result=byte[]{length=2, hash=1318}}
21:46:32.706 [raft-server-3] TRACE i.a.p.raft.roles.LeaderAppender - RaftServer{3} - Sending AppendRequest{term=1, leader=3, prevLogIndex=39, prevLogTerm=1, entries=0, commitIndex=39} to 1
21:46:32.706 [raft-server-1-state] TRACE i.a.p.raft.impl.RaftServiceManager - RaftServer{1} - Applying Indexed{index=39, entry=CommandEntry{term=1, timestamp=2018-06-05 09:46:32,488, session=2, sequence=34, operation=PrimitiveOperation{id=DefaultOperationId{id=write, type=COMMAND}, value=byte[]{length=17, hash=-1644578928}}}}
21:46:32.706 [raft-server-3] TRACE i.a.p.raft.roles.LeaderAppender - RaftServer{3} - Received AppendResponse{status=OK, term=1, succeeded=true, lastLogIndex=39} from 2
21:46:32.706 [raft-client-2f4c8c2a-86e3-4c0e-9770-cf34b8eb1c33-1] TRACE i.a.p.r.p.impl.RaftProxyConnection - PartitionProxy{2}{type=PrimitiveType{name=test}, name=test} - Received CommandResponse{status=OK, index=39, eventIndex=2, result=byte[]{length=2, hash=1318}} from 2
21:46:32.706 [raft-server-1] TRACE i.a.p.raft.roles.FollowerRole - RaftServer{1}{role=FOLLOWER} - Received AppendRequest{term=1, leader=3, prevLogIndex=39, prevLogTerm=1, entries=0, commitIndex=39}
21:46:32.706 [raft-server-2-state] TRACE i.a.p.raft.impl.RaftServiceManager - RaftServer{2} - Applying Indexed{index=39, entry=CommandEntry{term=1, timestamp=2018-06-05 09:46:32,488, session=2, sequence=34, operation=PrimitiveOperation{id=DefaultOperationId{id=write, type=COMMAND}, value=byte[]{length=17, hash=-1644578928}}}}
21:46:32.706 [raft-server-1-state] TRACE i.a.p.s.impl.DefaultServiceExecutor - PrimitiveService{2}{type=PrimitiveType{name=test}, name=test} - Executing DefaultCommit{index=39, session=RaftSession{RaftServiceContext{server=1, type=PrimitiveType{name=test}, name=test, id=2}, session=2, timestamp=2018-06-05 09:46:32,488}, time=2018-06-05 09:46:32,488, operation=DefaultOperationId{id=write, type=COMMAND}, value=byte[]{length=17, hash=-1644578928}}
21:46:32.706 [raft-server-3] TRACE i.a.p.raft.roles.LeaderAppender - RaftServer{3} - Sending AppendRequest{term=1, leader=3, prevLogIndex=39, prevLogTerm=1, entries=0, commitIndex=39} to 2
21:46:32.706 [raft-client-2f4c8c2a-86e3-4c0e-9770-cf34b8eb1c33-1] TRACE i.a.p.r.p.impl.RaftProxySequencer - PartitionProxy{2}{type=PrimitiveType{name=test}, name=test} - Completing response CommandResponse{status=OK, index=39, eventIndex=2, result=byte[]{length=2, hash=1318}}
21:46:32.706 [raft-server-1] TRACE i.a.p.raft.roles.FollowerRole - RaftServer{1}{role=FOLLOWER} - Sending AppendResponse{status=OK, term=1, succeeded=true, lastLogIndex=39}
21:46:32.706 [raft-server-2-state] TRACE i.a.p.s.impl.DefaultServiceExecutor - PrimitiveService{2}{type=PrimitiveType{name=test}, name=test} - Executing DefaultCommit{index=39, session=RaftSession{RaftServiceContext{server=2, type=PrimitiveType{name=test}, name=test, id=2}, session=2, timestamp=2018-06-05 09:46:32,488}, time=2018-06-05 09:46:32,488, operation=DefaultOperationId{id=write, type=COMMAND}, value=byte[]{length=17, hash=-1644578928}}
21:46:32.707 [raft-server-2] TRACE i.a.p.raft.roles.FollowerRole - RaftServer{2}{role=FOLLOWER} - Received AppendRequest{term=1, leader=3, prevLogIndex=39, prevLogTerm=1, entries=0, commitIndex=39}
21:46:32.707 [raft-server-2] TRACE i.a.p.raft.roles.FollowerRole - RaftServer{2}{role=FOLLOWER} - Sending AppendResponse{status=OK, term=1, succeeded=true, lastLogIndex=39}
21:46:32.707 [raft-server-3] TRACE i.a.p.raft.roles.LeaderAppender - RaftServer{3} - Received AppendResponse{status=OK, term=1, succeeded=true, lastLogIndex=39} from 1
21:46:32.707 [raft-server-3] TRACE i.a.p.raft.roles.LeaderAppender - RaftServer{3} - Received AppendResponse{status=OK, term=1, succeeded=true, lastLogIndex=39} from 2
21:46:32.707 [raft-client-2f4c8c2a-86e3-4c0e-9770-cf34b8eb1c33-3] TRACE i.a.p.r.p.impl.RaftProxyConnection - PartitionProxy{2}{type=PrimitiveType{name=test}, name=test} - Sending CommandRequest{session=2, sequence=35, operation=PrimitiveOperation{id=DefaultOperationId{id=write, type=COMMAND}, value=byte[]{length=17, hash=-1644578928}}} to 2
21:46:32.707 [raft-server-2] TRACE i.a.p.raft.roles.FollowerRole - RaftServer{2}{role=FOLLOWER} - Received CommandRequest{session=2, sequence=35, operation=PrimitiveOperation{id=DefaultOperationId{id=write, type=COMMAND}, value=byte[]{length=17, hash=-1644578928}}}
21:46:32.707 [raft-server-3] TRACE i.a.protocols.raft.roles.LeaderRole - RaftServer{3}{role=LEADER} - Received CommandRequest{session=2, sequence=35, operation=PrimitiveOperation{id=DefaultOperationId{id=write, type=COMMAND}, value=byte[]{length=17, hash=-1644578928}}}
21:46:32.707 [raft-server-3] TRACE i.a.protocols.raft.roles.LeaderRole - RaftServer{3}{role=LEADER} - Appended Indexed{index=40, entry=CommandEntry{term=1, timestamp=2018-06-05 09:46:32,707, session=2, sequence=35, operation=PrimitiveOperation{id=DefaultOperationId{id=write, type=COMMAND}, value=byte[]{length=17, hash=-1644578928}}}}
21:46:32.707 [raft-server-3] TRACE i.a.p.raft.roles.LeaderAppender - RaftServer{3} - Sending AppendRequest{term=1, leader=3, prevLogIndex=39, prevLogTerm=1, entries=1, commitIndex=39} to 2
21:46:32.707 [raft-server-2] TRACE i.a.p.raft.roles.FollowerRole - RaftServer{2}{role=FOLLOWER} - Received AppendRequest{term=1, leader=3, prevLogIndex=39, prevLogTerm=1, entries=1, commitIndex=39}
21:46:32.707 [raft-server-3] TRACE i.a.p.raft.roles.LeaderAppender - RaftServer{3} - Sending AppendRequest{term=1, leader=3, prevLogIndex=39, prevLogTerm=1, entries=1, commitIndex=39} to 1
21:46:32.707 [raft-server-1] TRACE i.a.p.raft.roles.FollowerRole - RaftServer{1}{role=FOLLOWER} - Received AppendRequest{term=1, leader=3, prevLogIndex=39, prevLogTerm=1, entries=1, commitIndex=39}
21:46:32.707 [raft-server-2] TRACE i.a.p.raft.roles.FollowerRole - RaftServer{2}{role=FOLLOWER} - Appended Indexed{index=40, entry=CommandEntry{term=1, timestamp=2018-06-05 09:46:32,707, session=2, sequence=35, operation=PrimitiveOperation{id=DefaultOperationId{id=write, type=COMMAND}, value=byte[]{length=17, hash=-1644578928}}}}
21:46:32.707 [raft-server-2] TRACE i.a.p.raft.roles.FollowerRole - RaftServer{2}{role=FOLLOWER} - Sending AppendResponse{status=OK, term=1, succeeded=true, lastLogIndex=40}
21:46:32.707 [raft-server-1] TRACE i.a.p.raft.roles.FollowerRole - RaftServer{1}{role=FOLLOWER} - Appended Indexed{index=40, entry=CommandEntry{term=1, timestamp=2018-06-05 09:46:32,707, session=2, sequence=35, operation=PrimitiveOperation{id=DefaultOperationId{id=write, type=COMMAND}, value=byte[]{length=17, hash=-1644578928}}}}
21:46:32.707 [raft-server-1] TRACE i.a.p.raft.roles.FollowerRole - RaftServer{1}{role=FOLLOWER} - Sending AppendResponse{status=OK, term=1, succeeded=true, lastLogIndex=40}
21:46:32.707 [raft-server-3] TRACE i.a.p.raft.roles.LeaderAppender - RaftServer{3} - Received AppendResponse{status=OK, term=1, succeeded=true, lastLogIndex=40} from 2
21:46:32.707 [raft-server-3] TRACE i.a.p.raft.roles.LeaderAppender - RaftServer{3} - Committed entries up to 40
21:46:33.059 [raft-server-3] TRACE i.a.p.raft.roles.LeaderAppender - RaftServer{3} - Received AppendResponse{status=OK, term=1, succeeded=true, lastLogIndex=40} from 1
21:46:33.059 [raft-server-3] TRACE i.a.p.raft.roles.LeaderAppender - RaftServer{3} - Sending AppendRequest{term=1, leader=3, prevLogIndex=40, prevLogTerm=1, entries=0, commitIndex=40} to 2
21:46:33.059 [raft-server-3] TRACE i.a.p.raft.roles.LeaderAppender - RaftServer{3} - Sending AppendRequest{term=1, leader=3, prevLogIndex=40, prevLogTerm=1, entries=0, commitIndex=40} to 1
21:46:33.059 [raft-server-2] TRACE i.a.p.raft.roles.FollowerRole - RaftServer{2}{role=FOLLOWER} - Received AppendRequest{term=1, leader=3, prevLogIndex=40, prevLogTerm=1, entries=0, commitIndex=40}
21:46:33.059 [raft-server-1] TRACE i.a.p.raft.roles.FollowerRole - RaftServer{1}{role=FOLLOWER} - Received AppendRequest{term=1, leader=3, prevLogIndex=40, prevLogTerm=1, entries=0, commitIndex=40}
21:46:33.059 [raft-server-3-state] TRACE i.a.p.raft.impl.RaftServiceManager - RaftServer{3} - Applying Indexed{index=40, entry=CommandEntry{term=1, timestamp=2018-06-05 09:46:32,707, session=2, sequence=35, operation=PrimitiveOperation{id=DefaultOperationId{id=write, type=COMMAND}, value=byte[]{length=17, hash=-1644578928}}}}
21:46:33.059 [raft-server-3-state] TRACE i.a.p.s.impl.DefaultServiceExecutor - PrimitiveService{2}{type=PrimitiveType{name=test}, name=test} - Executing DefaultCommit{index=40, session=RaftSession{RaftServiceContext{server=3, type=PrimitiveType{name=test}, name=test, id=2}, session=2, timestamp=2018-06-05 09:46:32,707}, time=2018-06-05 09:46:32,707, operation=DefaultOperationId{id=write, type=COMMAND}, value=byte[]{length=17, hash=-1644578928}}
21:46:33.059 [raft-server-3-state] TRACE i.a.protocols.raft.roles.LeaderRole - RaftServer{3}{role=LEADER} - Sending CommandResponse{status=OK, index=40, eventIndex=2, result=byte[]{length=2, hash=1320}}
21:46:33.453 [raft-server-1] TRACE i.a.p.raft.roles.FollowerRole - RaftServer{1}{role=FOLLOWER} - Committed entries up to index 40
21:46:33.453 [raft-server-2] TRACE i.a.p.raft.roles.FollowerRole - RaftServer{2}{role=FOLLOWER} - Committed entries up to index 40
21:46:33.453 [raft-server-1] TRACE i.a.p.raft.roles.FollowerRole - RaftServer{1}{role=FOLLOWER} - Sending AppendResponse{status=OK, term=1, succeeded=true, lastLogIndex=40}
21:46:33.453 [raft-server-2] TRACE i.a.p.raft.roles.FollowerRole - RaftServer{2}{role=FOLLOWER} - Sending AppendResponse{status=OK, term=1, succeeded=true, lastLogIndex=40}
21:46:33.453 [raft-server-2] TRACE i.a.p.raft.roles.FollowerRole - RaftServer{2}{role=FOLLOWER} - Sending CommandResponse{status=OK, index=40, eventIndex=2, result=byte[]{length=2, hash=1320}}
21:46:33.453 [raft-server-3] TRACE i.a.p.raft.roles.LeaderAppender - RaftServer{3} - Received AppendResponse{status=OK, term=1, succeeded=true, lastLogIndex=40} from 1
21:46:33.453 [raft-server-1-state] TRACE i.a.p.raft.impl.RaftServiceManager - RaftServer{1} - Applying Indexed{index=40, entry=CommandEntry{term=1, timestamp=2018-06-05 09:46:32,707, session=2, sequence=35, operation=PrimitiveOperation{id=DefaultOperationId{id=write, type=COMMAND}, value=byte[]{length=17, hash=-1644578928}}}}
21:46:33.453 [raft-server-3] TRACE i.a.p.raft.roles.LeaderAppender - RaftServer{3} - Sending AppendRequest{term=1, leader=3, prevLogIndex=40, prevLogTerm=1, entries=0, commitIndex=40} to 1
21:46:33.453 [raft-server-1-state] TRACE i.a.p.s.impl.DefaultServiceExecutor - PrimitiveService{2}{type=PrimitiveType{name=test}, name=test} - Executing DefaultCommit{index=40, session=RaftSession{RaftServiceContext{server=1, type=PrimitiveType{name=test}, name=test, id=2}, session=2, timestamp=2018-06-05 09:46:32,707}, time=2018-06-05 09:46:32,707, operation=DefaultOperationId{id=write, type=COMMAND}, value=byte[]{length=17, hash=-1644578928}}
21:46:33.453 [raft-server-3] TRACE i.a.p.raft.roles.LeaderAppender - RaftServer{3} - Received AppendResponse{status=OK, term=1, succeeded=true, lastLogIndex=40} from 2
21:46:33.454 [raft-server-3] TRACE i.a.p.raft.roles.LeaderAppender - RaftServer{3} - Sending AppendRequest{term=1, leader=3, prevLogIndex=40, prevLogTerm=1, entries=0, commitIndex=40} to 2
21:46:33.454 [raft-client-2f4c8c2a-86e3-4c0e-9770-cf34b8eb1c33-0] TRACE i.a.p.r.p.impl.RaftProxyConnection - PartitionProxy{2}{type=PrimitiveType{name=test}, name=test} - Received CommandResponse{status=OK, index=40, eventIndex=2, result=byte[]{length=2, hash=1320}} from 2
21:46:33.454 [raft-client-2f4c8c2a-86e3-4c0e-9770-cf34b8eb1c33-0] TRACE i.a.p.r.p.impl.RaftProxySequencer - PartitionProxy{2}{type=PrimitiveType{name=test}, name=test} - Completing response CommandResponse{status=OK, index=40, eventIndex=2, result=byte[]{length=2, hash=1320}}
21:46:33.454 [raft-server-1] TRACE i.a.p.raft.roles.FollowerRole - RaftServer{1}{role=FOLLOWER} - Received AppendRequest{term=1, leader=3, prevLogIndex=40, prevLogTerm=1, entries=0, commitIndex=40}
21:46:33.454 [raft-server-1] TRACE i.a.p.raft.roles.FollowerRole - RaftServer{1}{role=FOLLOWER} - Sending AppendResponse{status=OK, term=1, succeeded=true, lastLogIndex=40}
21:46:33.454 [raft-server-3] TRACE i.a.p.raft.roles.LeaderAppender - RaftServer{3} - Received AppendResponse{status=OK, term=1, succeeded=true, lastLogIndex=40} from 1
21:46:33.454 [raft-client-2f4c8c2a-86e3-4c0e-9770-cf34b8eb1c33-2] TRACE i.a.p.r.p.impl.RaftProxyConnection - PartitionProxy{2}{type=PrimitiveType{name=test}, name=test} - Sending CommandRequest{session=2, sequence=36, operation=PrimitiveOperation{id=DefaultOperationId{id=write, type=COMMAND}, value=byte[]{length=17, hash=-1644578928}}} to 2
21:46:33.454 [raft-server-2] TRACE i.a.p.raft.roles.FollowerRole - RaftServer{2}{role=FOLLOWER} - Received AppendRequest{term=1, leader=3, prevLogIndex=40, prevLogTerm=1, entries=0, commitIndex=40}
21:46:33.454 [raft-server-2-state] TRACE i.a.p.raft.impl.RaftServiceManager - RaftServer{2} - Applying Indexed{index=40, entry=CommandEntry{term=1, timestamp=2018-06-05 09:46:32,707, session=2, sequence=35, operation=PrimitiveOperation{id=DefaultOperationId{id=write, type=COMMAND}, value=byte[]{length=17, hash=-1644578928}}}}
21:46:33.454 [raft-server-2] TRACE i.a.p.raft.roles.FollowerRole - RaftServer{2}{role=FOLLOWER} - Sending AppendResponse{status=OK, term=1, succeeded=true, lastLogIndex=40}
21:46:33.454 [raft-server-2-state] TRACE i.a.p.s.impl.DefaultServiceExecutor - PrimitiveService{2}{type=PrimitiveType{name=test}, name=test} - Executing DefaultCommit{index=40, session=RaftSession{RaftServiceContext{server=2, type=PrimitiveType{name=test}, name=test, id=2}, session=2, timestamp=2018-06-05 09:46:32,707}, time=2018-06-05 09:46:32,707, operation=DefaultOperationId{id=write, type=COMMAND}, value=byte[]{length=17, hash=-1644578928}}
21:46:33.454 [raft-server-2] TRACE i.a.p.raft.roles.FollowerRole - RaftServer{2}{role=FOLLOWER} - Received CommandRequest{session=2, sequence=36, operation=PrimitiveOperation{id=DefaultOperationId{id=write, type=COMMAND}, value=byte[]{length=17, hash=-1644578928}}}
21:46:33.454 [raft-server-3] TRACE i.a.p.raft.roles.LeaderAppender - RaftServer{3} - Received AppendResponse{status=OK, term=1, succeeded=true, lastLogIndex=40} from 2
21:46:33.454 [raft-server-3] TRACE i.a.protocols.raft.roles.LeaderRole - RaftServer{3}{role=LEADER} - Received CommandRequest{session=2, sequence=36, operation=PrimitiveOperation{id=DefaultOperationId{id=write, type=COMMAND}, value=byte[]{length=17, hash=-1644578928}}}
21:46:33.517 [raft-server-3] DEBUG i.a.storage.journal.SegmentedJournal - Created disk segment: JournalSegment{id=5, version=1, index=41, size=64}
21:46:33.517 [raft-server-3] TRACE i.a.protocols.raft.roles.LeaderRole - RaftServer{3}{role=LEADER} - Appended Indexed{index=41, entry=CommandEntry{term=1, timestamp=2018-06-05 09:46:33,454, session=2, sequence=36, operation=PrimitiveOperation{id=DefaultOperationId{id=write, type=COMMAND}, value=byte[]{length=17, hash=-1644578928}}}}
21:46:33.517 [raft-server-3] TRACE i.a.p.raft.roles.LeaderAppender - RaftServer{3} - Sending AppendRequest{term=1, leader=3, prevLogIndex=40, prevLogTerm=1, entries=1, commitIndex=40} to 2
21:46:33.517 [raft-server-3] TRACE i.a.p.raft.roles.LeaderAppender - RaftServer{3} - Sending AppendRequest{term=1, leader=3, prevLogIndex=40, prevLogTerm=1, entries=1, commitIndex=40} to 1
21:46:33.517 [raft-server-1] TRACE i.a.p.raft.roles.FollowerRole - RaftServer{1}{role=FOLLOWER} - Received AppendRequest{term=1, leader=3, prevLogIndex=40, prevLogTerm=1, entries=1, commitIndex=40}
21:46:33.518 [raft-server-2] TRACE i.a.p.raft.roles.FollowerRole - RaftServer{2}{role=FOLLOWER} - Received AppendRequest{term=1, leader=3, prevLogIndex=40, prevLogTerm=1, entries=1, commitIndex=40}
21:46:33.836 [raft-client-2f4c8c2a-86e3-4c0e-9770-cf34b8eb1c33-0] TRACE i.a.p.r.proxy.impl.RaftProxyManager - RaftClient{2f4c8c2a-86e3-4c0e-9770-cf34b8eb1c33} - Keeping 1 sessions alive
21:46:33.836 [raft-client-2f4c8c2a-86e3-4c0e-9770-cf34b8eb1c33-0] TRACE i.a.p.r.p.impl.RaftProxyConnection - RaftClient{2f4c8c2a-86e3-4c0e-9770-cf34b8eb1c33} - Sending KeepAliveRequest{sessionIds=long[]{length=1, hash=33}, commandSequences=long[]{length=1, hash=66}, eventIndexes=long[]{length=1, hash=33}} to 3
21:46:33.836 [raft-server-3] TRACE i.a.protocols.raft.roles.LeaderRole - RaftServer{3}{role=LEADER} - Received KeepAliveRequest{sessionIds=long[]{length=1, hash=33}, commandSequences=long[]{length=1, hash=66}, eventIndexes=long[]{length=1, hash=33}}
21:46:33.920 [raft-server-3] TRACE i.a.protocols.raft.roles.LeaderRole - RaftServer{3}{role=LEADER} - Appended Indexed{index=42, entry=KeepAliveEntry{term=1, timestamp=2018-06-05 09:46:33,836, sessionIds=long[]{length=1, hash=33}, commandSequences=long[]{length=1, hash=66}, eventIndexes=long[]{length=1, hash=33}}}
21:46:33.920 [raft-server-3] TRACE i.a.p.raft.roles.LeaderAppender - RaftServer{3} - Sending AppendRequest{term=1, leader=3, prevLogIndex=41, prevLogTerm=1, entries=1, commitIndex=40} to 2
21:46:33.920 [raft-server-3] TRACE i.a.p.raft.roles.LeaderAppender - RaftServer{3} - Sending AppendRequest{term=1, leader=3, prevLogIndex=41, prevLogTerm=1, entries=1, commitIndex=40} to 1
21:46:34.062 [raft-server-1] DEBUG i.a.storage.journal.SegmentedJournal - Created disk segment: JournalSegment{id=5, version=1, index=41, size=64}
21:46:34.062 [raft-server-1] TRACE i.a.p.raft.roles.FollowerRole - RaftServer{1}{role=FOLLOWER} - Appended Indexed{index=41, entry=CommandEntry{term=1, timestamp=2018-06-05 09:46:33,454, session=2, sequence=36, operation=PrimitiveOperation{id=DefaultOperationId{id=write, type=COMMAND}, value=byte[]{length=17, hash=-1644578928}}}}
21:46:34.062 [raft-server-1] TRACE i.a.p.raft.roles.FollowerRole - RaftServer{1}{role=FOLLOWER} - Sending AppendResponse{status=OK, term=1, succeeded=true, lastLogIndex=41}
21:46:34.062 [raft-server-1] TRACE i.a.p.raft.roles.FollowerRole - RaftServer{1}{role=FOLLOWER} - Received AppendRequest{term=1, leader=3, prevLogIndex=41, prevLogTerm=1, entries=1, commitIndex=40}
21:46:34.062 [raft-server-3] TRACE i.a.p.raft.roles.LeaderAppender - RaftServer{3} - Received AppendResponse{status=OK, term=1, succeeded=true, lastLogIndex=41} from 1
21:46:34.062 [raft-server-3] TRACE i.a.p.raft.roles.LeaderAppender - RaftServer{3} - Committed entries up to 41
21:46:34.062 [raft-server-1] TRACE i.a.p.raft.roles.FollowerRole - RaftServer{1}{role=FOLLOWER} - Appended Indexed{index=42, entry=KeepAliveEntry{term=1, timestamp=2018-06-05 09:46:33,836, sessionIds=long[]{length=1, hash=33}, commandSequences=long[]{length=1, hash=66}, eventIndexes=long[]{length=1, hash=33}}}
21:46:34.062 [raft-server-1] TRACE i.a.p.raft.roles.FollowerRole - RaftServer{1}{role=FOLLOWER} - Sending AppendResponse{status=OK, term=1, succeeded=true, lastLogIndex=42}
21:46:34.095 [raft-server-2] DEBUG i.a.storage.journal.SegmentedJournal - Created disk segment: JournalSegment{id=5, version=1, index=41, size=64}
21:46:34.095 [raft-server-2] TRACE i.a.p.raft.roles.FollowerRole - RaftServer{2}{role=FOLLOWER} - Appended Indexed{index=41, entry=CommandEntry{term=1, timestamp=2018-06-05 09:46:33,454, session=2, sequence=36, operation=PrimitiveOperation{id=DefaultOperationId{id=write, type=COMMAND}, value=byte[]{length=17, hash=-1644578928}}}}
21:46:34.095 [raft-server-2] TRACE i.a.p.raft.roles.FollowerRole - RaftServer{2}{role=FOLLOWER} - Sending AppendResponse{status=OK, term=1, succeeded=true, lastLogIndex=41}
21:46:34.095 [raft-server-2] TRACE i.a.p.raft.roles.FollowerRole - RaftServer{2}{role=FOLLOWER} - Received AppendRequest{term=1, leader=3, prevLogIndex=41, prevLogTerm=1, entries=1, commitIndex=40}
21:46:34.095 [raft-server-2] TRACE i.a.p.raft.roles.FollowerRole - RaftServer{2}{role=FOLLOWER} - Appended Indexed{index=42, entry=KeepAliveEntry{term=1, timestamp=2018-06-05 09:46:33,836, sessionIds=long[]{length=1, hash=33}, commandSequences=long[]{length=1, hash=66}, eventIndexes=long[]{length=1, hash=33}}}
21:46:34.095 [raft-server-2] TRACE i.a.p.raft.roles.FollowerRole - RaftServer{2}{role=FOLLOWER} - Sending AppendResponse{status=OK, term=1, succeeded=true, lastLogIndex=42}
21:46:34.120 [raft-server-3] TRACE i.a.p.raft.roles.LeaderAppender - RaftServer{3} - Received AppendResponse{status=OK, term=1, succeeded=true, lastLogIndex=42} from 1
21:46:34.120 [raft-server-3] TRACE i.a.p.raft.roles.LeaderAppender - RaftServer{3} - Committed entries up to 42
21:46:34.145 [raft-server-3] TRACE i.a.p.raft.roles.LeaderAppender - RaftServer{3} - Sending AppendRequest{term=1, leader=3, prevLogIndex=42, prevLogTerm=1, entries=0, commitIndex=42} to 1
21:46:34.145 [raft-server-3] TRACE i.a.p.raft.roles.LeaderAppender - RaftServer{3} - Received AppendResponse{status=OK, term=1, succeeded=true, lastLogIndex=41} from 2
21:46:34.145 [raft-server-1] TRACE i.a.p.raft.roles.FollowerRole - RaftServer{1}{role=FOLLOWER} - Received AppendRequest{term=1, leader=3, prevLogIndex=42, prevLogTerm=1, entries=0, commitIndex=42}
21:46:34.145 [raft-server-3] TRACE i.a.p.raft.roles.LeaderAppender - RaftServer{3} - Received AppendResponse{status=OK, term=1, succeeded=true, lastLogIndex=42} from 2
21:46:34.145 [raft-server-3] TRACE i.a.p.raft.roles.LeaderAppender - RaftServer{3} - Sending AppendRequest{term=1, leader=3, prevLogIndex=42, prevLogTerm=1, entries=0, commitIndex=42} to 2
21:46:34.145 [raft-server-2] TRACE i.a.p.raft.roles.FollowerRole - RaftServer{2}{role=FOLLOWER} - Received AppendRequest{term=1, leader=3, prevLogIndex=42, prevLogTerm=1, entries=0, commitIndex=42}
21:46:34.145 [raft-server-3-state] TRACE i.a.p.raft.impl.RaftServiceManager - RaftServer{3} - Applying Indexed{index=41, entry=CommandEntry{term=1, timestamp=2018-06-05 09:46:33,454, session=2, sequence=36, operation=PrimitiveOperation{id=DefaultOperationId{id=write, type=COMMAND}, value=byte[]{length=17, hash=-1644578928}}}}
21:46:34.145 [raft-server-3-state] TRACE i.a.p.s.impl.DefaultServiceExecutor - PrimitiveService{2}{type=PrimitiveType{name=test}, name=test} - Executing DefaultCommit{index=41, session=RaftSession{RaftServiceContext{server=3, type=PrimitiveType{name=test}, name=test, id=2}, session=2, timestamp=2018-06-05 09:46:33,454}, time=2018-06-05 09:46:33,454, operation=DefaultOperationId{id=write, type=COMMAND}, value=byte[]{length=17, hash=-1644578928}}
21:46:34.146 [raft-server-3-state] TRACE i.a.protocols.raft.roles.LeaderRole - RaftServer{3}{role=LEADER} - Sending CommandResponse{status=OK, index=41, eventIndex=2, result=byte[]{length=2, hash=1322}}
21:46:34.146 [raft-server-3-state] TRACE i.a.p.raft.impl.RaftServiceManager - RaftServer{3} - Applying Indexed{index=42, entry=KeepAliveEntry{term=1, timestamp=2018-06-05 09:46:33,836, sessionIds=long[]{length=1, hash=33}, commandSequences=long[]{length=1, hash=66}, eventIndexes=long[]{length=1, hash=33}}}
21:46:34.146 [raft-server-3] TRACE i.a.protocols.raft.roles.LeaderRole - RaftServer{3}{role=LEADER} - Sending KeepAliveResponse{status=OK, leader=3, members=[2, 1, 3], sessionIds=long[]{length=1, hash=33}}
21:46:34.146 [raft-client-2f4c8c2a-86e3-4c0e-9770-cf34b8eb1c33-6] TRACE i.a.p.r.p.impl.RaftProxyConnection - RaftClient{2f4c8c2a-86e3-4c0e-9770-cf34b8eb1c33} - Received KeepAliveResponse{status=OK, leader=3, members=[2, 1, 3], sessionIds=long[]{length=1, hash=33}} from 3
21:46:34.178 [raft-server-1] TRACE i.a.p.raft.roles.FollowerRole - RaftServer{1}{role=FOLLOWER} - Committed entries up to index 42
21:46:34.178 [raft-server-2] TRACE i.a.p.raft.roles.FollowerRole - RaftServer{2}{role=FOLLOWER} - Committed entries up to index 42
21:46:34.178 [raft-server-1] TRACE i.a.p.raft.roles.FollowerRole - RaftServer{1}{role=FOLLOWER} - Sending AppendResponse{status=OK, term=1, succeeded=true, lastLogIndex=42}
21:46:34.178 [raft-server-2] TRACE i.a.p.raft.roles.FollowerRole - RaftServer{2}{role=FOLLOWER} - Sending AppendResponse{status=OK, term=1, succeeded=true, lastLogIndex=42}
21:46:34.178 [raft-server-3] TRACE i.a.p.raft.roles.LeaderAppender - RaftServer{3} - Received AppendResponse{status=OK, term=1, succeeded=true, lastLogIndex=42} from 1
21:46:34.178 [raft-server-2] TRACE i.a.p.raft.roles.FollowerRole - RaftServer{2}{role=FOLLOWER} - Sending CommandResponse{status=OK, index=41, eventIndex=2, result=byte[]{length=2, hash=1322}}
21:46:34.178 [raft-server-3] TRACE i.a.p.raft.roles.LeaderAppender - RaftServer{3} - Sending AppendRequest{term=1, leader=3, prevLogIndex=42, prevLogTerm=1, entries=0, commitIndex=42} to 1
21:46:34.178 [raft-server-1-state] TRACE i.a.p.raft.impl.RaftServiceManager - RaftServer{1} - Applying Indexed{index=41, entry=CommandEntry{term=1, timestamp=2018-06-05 09:46:33,454, session=2, sequence=36, operation=PrimitiveOperation{id=DefaultOperationId{id=write, type=COMMAND}, value=byte[]{length=17, hash=-1644578928}}}}
21:46:34.178 [raft-client-2f4c8c2a-86e3-4c0e-9770-cf34b8eb1c33-2] TRACE i.a.p.r.p.impl.RaftProxyConnection - PartitionProxy{2}{type=PrimitiveType{name=test}, name=test} - Received CommandResponse{status=OK, index=41, eventIndex=2, result=byte[]{length=2, hash=1322}} from 2
21:46:34.178 [raft-server-3] TRACE i.a.p.raft.roles.LeaderAppender - RaftServer{3} - Received AppendResponse{status=OK, term=1, succeeded=true, lastLogIndex=42} from 2
21:46:34.178 [raft-server-2-state] TRACE i.a.p.raft.impl.RaftServiceManager - RaftServer{2} - Applying Indexed{index=41, entry=CommandEntry{term=1, timestamp=2018-06-05 09:46:33,454, session=2, sequence=36, operation=PrimitiveOperation{id=DefaultOperationId{id=write, type=COMMAND}, value=byte[]{length=17, hash=-1644578928}}}}
21:46:34.179 [raft-server-1] TRACE i.a.p.raft.roles.FollowerRole - RaftServer{1}{role=FOLLOWER} - Received AppendRequest{term=1, leader=3, prevLogIndex=42, prevLogTerm=1, entries=0, commitIndex=42}
21:46:34.179 [raft-server-1-state] TRACE i.a.p.s.impl.DefaultServiceExecutor - PrimitiveService{2}{type=PrimitiveType{name=test}, name=test} - Executing DefaultCommit{index=41, session=RaftSession{RaftServiceContext{server=1, type=PrimitiveType{name=test}, name=test, id=2}, session=2, timestamp=2018-06-05 09:46:33,454}, time=2018-06-05 09:46:33,454, operation=DefaultOperationId{id=write, type=COMMAND}, value=byte[]{length=17, hash=-1644578928}}
21:46:34.179 [raft-client-2f4c8c2a-86e3-4c0e-9770-cf34b8eb1c33-2] TRACE i.a.p.r.p.impl.RaftProxySequencer - PartitionProxy{2}{type=PrimitiveType{name=test}, name=test} - Completing response CommandResponse{status=OK, index=41, eventIndex=2, result=byte[]{length=2, hash=1322}}
21:46:34.179 [raft-server-3] TRACE i.a.p.raft.roles.LeaderAppender - RaftServer{3} - Sending AppendRequest{term=1, leader=3, prevLogIndex=42, prevLogTerm=1, entries=0, commitIndex=42} to 2
21:46:34.179 [raft-server-2-state] TRACE i.a.p.s.impl.DefaultServiceExecutor - PrimitiveService{2}{type=PrimitiveType{name=test}, name=test} - Executing DefaultCommit{index=41, session=RaftSession{RaftServiceContext{server=2, type=PrimitiveType{name=test}, name=test, id=2}, session=2, timestamp=2018-06-05 09:46:33,454}, time=2018-06-05 09:46:33,454, operation=DefaultOperationId{id=write, type=COMMAND}, value=byte[]{length=17, hash=-1644578928}}
21:46:34.179 [raft-server-1] TRACE i.a.p.raft.roles.FollowerRole - RaftServer{1}{role=FOLLOWER} - Sending AppendResponse{status=OK, term=1, succeeded=true, lastLogIndex=42}
21:46:34.179 [raft-server-1-state] TRACE i.a.p.raft.impl.RaftServiceManager - RaftServer{1} - Applying Indexed{index=42, entry=KeepAliveEntry{term=1, timestamp=2018-06-05 09:46:33,836, sessionIds=long[]{length=1, hash=33}, commandSequences=long[]{length=1, hash=66}, eventIndexes=long[]{length=1, hash=33}}}
21:46:34.179 [raft-server-2] TRACE i.a.p.raft.roles.FollowerRole - RaftServer{2}{role=FOLLOWER} - Received AppendRequest{term=1, leader=3, prevLogIndex=42, prevLogTerm=1, entries=0, commitIndex=42}
21:46:34.179 [raft-server-2-state] TRACE i.a.p.raft.impl.RaftServiceManager - RaftServer{2} - Applying Indexed{index=42, entry=KeepAliveEntry{term=1, timestamp=2018-06-05 09:46:33,836, sessionIds=long[]{length=1, hash=33}, commandSequences=long[]{length=1, hash=66}, eventIndexes=long[]{length=1, hash=33}}}
21:46:34.179 [raft-server-3] TRACE i.a.p.raft.roles.LeaderAppender - RaftServer{3} - Received AppendResponse{status=OK, term=1, succeeded=true, lastLogIndex=42} from 1
21:46:34.179 [raft-client-2f4c8c2a-86e3-4c0e-9770-cf34b8eb1c33-5] TRACE i.a.p.r.p.impl.RaftProxyConnection - PartitionProxy{2}{type=PrimitiveType{name=test}, name=test} - Sending CommandRequest{session=2, sequence=37, operation=PrimitiveOperation{id=DefaultOperationId{id=write, type=COMMAND}, value=byte[]{length=17, hash=-1644578928}}} to 2
21:46:34.179 [raft-server-2] TRACE i.a.p.raft.roles.FollowerRole - RaftServer{2}{role=FOLLOWER} - Sending AppendResponse{status=OK, term=1, succeeded=true, lastLogIndex=42}
21:46:34.179 [raft-server-2] TRACE i.a.p.raft.roles.FollowerRole - RaftServer{2}{role=FOLLOWER} - Received CommandRequest{session=2, sequence=37, operation=PrimitiveOperation{id=DefaultOperationId{id=write, type=COMMAND}, value=byte[]{length=17, hash=-1644578928}}}
21:46:34.179 [raft-server-3] TRACE i.a.p.raft.roles.LeaderAppender - RaftServer{3} - Received AppendResponse{status=OK, term=1, succeeded=true, lastLogIndex=42} from 2
21:46:34.180 [raft-server-3] TRACE i.a.protocols.raft.roles.LeaderRole - RaftServer{3}{role=LEADER} - Received CommandRequest{session=2, sequence=37, operation=PrimitiveOperation{id=DefaultOperationId{id=write, type=COMMAND}, value=byte[]{length=17, hash=-1644578928}}}
21:46:34.180 [raft-server-3] TRACE i.a.protocols.raft.roles.LeaderRole - RaftServer{3}{role=LEADER} - Appended Indexed{index=43, entry=CommandEntry{term=1, timestamp=2018-06-05 09:46:34,180, session=2, sequence=37, operation=PrimitiveOperation{id=DefaultOperationId{id=write, type=COMMAND}, value=byte[]{length=17, hash=-1644578928}}}}
21:46:34.180 [raft-server-3] TRACE i.a.p.raft.roles.LeaderAppender - RaftServer{3} - Sending AppendRequest{term=1, leader=3, prevLogIndex=42, prevLogTerm=1, entries=1, commitIndex=42} to 2
21:46:34.180 [raft-server-2] TRACE i.a.p.raft.roles.FollowerRole - RaftServer{2}{role=FOLLOWER} - Received AppendRequest{term=1, leader=3, prevLogIndex=42, prevLogTerm=1, entries=1, commitIndex=42}
21:46:34.180 [raft-server-3] TRACE i.a.p.raft.roles.LeaderAppender - RaftServer{3} - Sending AppendRequest{term=1, leader=3, prevLogIndex=42, prevLogTerm=1, entries=1, commitIndex=42} to 1
21:46:34.180 [raft-server-1] TRACE i.a.p.raft.roles.FollowerRole - RaftServer{1}{role=FOLLOWER} - Received AppendRequest{term=1, leader=3, prevLogIndex=42, prevLogTerm=1, entries=1, commitIndex=42}
21:46:34.180 [raft-server-2] TRACE i.a.p.raft.roles.FollowerRole - RaftServer{2}{role=FOLLOWER} - Appended Indexed{index=43, entry=CommandEntry{term=1, timestamp=2018-06-05 09:46:34,180, session=2, sequence=37, operation=PrimitiveOperation{id=DefaultOperationId{id=write, type=COMMAND}, value=byte[]{length=17, hash=-1644578928}}}}
21:46:34.180 [raft-server-2] TRACE i.a.p.raft.roles.FollowerRole - RaftServer{2}{role=FOLLOWER} - Sending AppendResponse{status=OK, term=1, succeeded=true, lastLogIndex=43}
21:46:34.180 [raft-server-1] TRACE i.a.p.raft.roles.FollowerRole - RaftServer{1}{role=FOLLOWER} - Appended Indexed{index=43, entry=CommandEntry{term=1, timestamp=2018-06-05 09:46:34,180, session=2, sequence=37, operation=PrimitiveOperation{id=DefaultOperationId{id=write, type=COMMAND}, value=byte[]{length=17, hash=-1644578928}}}}
21:46:34.180 [raft-server-3] TRACE i.a.p.raft.roles.LeaderAppender - RaftServer{3} - Received AppendResponse{status=OK, term=1, succeeded=true, lastLogIndex=43} from 2
21:46:34.180 [raft-server-1] TRACE i.a.p.raft.roles.FollowerRole - RaftServer{1}{role=FOLLOWER} - Sending AppendResponse{status=OK, term=1, succeeded=true, lastLogIndex=43}
21:46:34.180 [raft-server-3] TRACE i.a.p.raft.roles.LeaderAppender - RaftServer{3} - Committed entries up to 43
21:46:34.211 [raft-server-3] TRACE i.a.p.raft.roles.LeaderAppender - RaftServer{3} - Received AppendResponse{status=OK, term=1, succeeded=true, lastLogIndex=43} from 1
21:46:34.212 [raft-server-3-state] TRACE i.a.p.raft.impl.RaftServiceManager - RaftServer{3} - Applying Indexed{index=43, entry=CommandEntry{term=1, timestamp=2018-06-05 09:46:34,180, session=2, sequence=37, operation=PrimitiveOperation{id=DefaultOperationId{id=write, type=COMMAND}, value=byte[]{length=17, hash=-1644578928}}}}
21:46:34.212 [raft-server-3-state] TRACE i.a.p.s.impl.DefaultServiceExecutor - PrimitiveService{2}{type=PrimitiveType{name=test}, name=test} - Executing DefaultCommit{index=43, session=RaftSession{RaftServiceContext{server=3, type=PrimitiveType{name=test}, name=test, id=2}, session=2, timestamp=2018-06-05 09:46:34,180}, time=2018-06-05 09:46:34,180, operation=DefaultOperationId{id=write, type=COMMAND}, value=byte[]{length=17, hash=-1644578928}}
21:46:34.212 [raft-server-3-state] TRACE i.a.protocols.raft.roles.LeaderRole - RaftServer{3}{role=LEADER} - Sending CommandResponse{status=OK, index=43, eventIndex=2, result=byte[]{length=2, hash=1326}}
21:46:34.212 [raft-server-2] TRACE i.a.p.raft.roles.FollowerRole - RaftServer{2}{role=FOLLOWER} - Sending CommandResponse{status=OK, index=43, eventIndex=2, result=byte[]{length=2, hash=1326}}
21:46:34.212 [raft-client-2f4c8c2a-86e3-4c0e-9770-cf34b8eb1c33-6] TRACE i.a.p.r.p.impl.RaftProxyConnection - PartitionProxy{2}{type=PrimitiveType{name=test}, name=test} - Received CommandResponse{status=OK, index=43, eventIndex=2, result=byte[]{length=2, hash=1326}} from 2
21:46:34.212 [raft-client-2f4c8c2a-86e3-4c0e-9770-cf34b8eb1c33-6] TRACE i.a.p.r.p.impl.RaftProxySequencer - PartitionProxy{2}{type=PrimitiveType{name=test}, name=test} - Completing response CommandResponse{status=OK, index=43, eventIndex=2, result=byte[]{length=2, hash=1326}}
21:46:34.212 [raft-client-2f4c8c2a-86e3-4c0e-9770-cf34b8eb1c33-4] TRACE i.a.p.r.p.impl.RaftProxyConnection - PartitionProxy{2}{type=PrimitiveType{name=test}, name=test} - Sending CommandRequest{session=2, sequence=38, operation=PrimitiveOperation{id=DefaultOperationId{id=write, type=COMMAND}, value=byte[]{length=17, hash=-1644578928}}} to 2
21:46:34.212 [raft-server-2] TRACE i.a.p.raft.roles.FollowerRole - RaftServer{2}{role=FOLLOWER} - Received CommandRequest{session=2, sequence=38, operation=PrimitiveOperation{id=DefaultOperationId{id=write, type=COMMAND}, value=byte[]{length=17, hash=-1644578928}}}
21:46:34.213 [raft-server-3] TRACE i.a.protocols.raft.roles.LeaderRole - RaftServer{3}{role=LEADER} - Received CommandRequest{session=2, sequence=38, operation=PrimitiveOperation{id=DefaultOperationId{id=write, type=COMMAND}, value=byte[]{length=17, hash=-1644578928}}}
21:46:34.213 [raft-server-3] TRACE i.a.protocols.raft.roles.LeaderRole - RaftServer{3}{role=LEADER} - Appended Indexed{index=44, entry=CommandEntry{term=1, timestamp=2018-06-05 09:46:34,213, session=2, sequence=38, operation=PrimitiveOperation{id=DefaultOperationId{id=write, type=COMMAND}, value=byte[]{length=17, hash=-1644578928}}}}
21:46:34.213 [raft-server-3] TRACE i.a.p.raft.roles.LeaderAppender - RaftServer{3} - Sending AppendRequest{term=1, leader=3, prevLogIndex=43, prevLogTerm=1, entries=1, commitIndex=43} to 2
21:46:34.213 [raft-server-2] TRACE i.a.p.raft.roles.FollowerRole - RaftServer{2}{role=FOLLOWER} - Received AppendRequest{term=1, leader=3, prevLogIndex=43, prevLogTerm=1, entries=1, commitIndex=43}
21:46:34.213 [raft-server-3] TRACE i.a.p.raft.roles.LeaderAppender - RaftServer{3} - Sending AppendRequest{term=1, leader=3, prevLogIndex=43, prevLogTerm=1, entries=1, commitIndex=43} to 1
21:46:34.213 [raft-server-1] TRACE i.a.p.raft.roles.FollowerRole - RaftServer{1}{role=FOLLOWER} - Received AppendRequest{term=1, leader=3, prevLogIndex=43, prevLogTerm=1, entries=1, commitIndex=43}
21:46:34.213 [raft-server-2] TRACE i.a.p.raft.roles.FollowerRole - RaftServer{2}{role=FOLLOWER} - Appended Indexed{index=44, entry=CommandEntry{term=1, timestamp=2018-06-05 09:46:34,213, session=2, sequence=38, operation=PrimitiveOperation{id=DefaultOperationId{id=write, type=COMMAND}, value=byte[]{length=17, hash=-1644578928}}}}
21:46:34.213 [raft-server-1] TRACE i.a.p.raft.roles.FollowerRole - RaftServer{1}{role=FOLLOWER} - Appended Indexed{index=44, entry=CommandEntry{term=1, timestamp=2018-06-05 09:46:34,213, session=2, sequence=38, operation=PrimitiveOperation{id=DefaultOperationId{id=write, type=COMMAND}, value=byte[]{length=17, hash=-1644578928}}}}
21:46:34.245 [raft-server-2] TRACE i.a.p.raft.roles.FollowerRole - RaftServer{2}{role=FOLLOWER} - Committed entries up to index 43
21:46:34.245 [raft-server-1] TRACE i.a.p.raft.roles.FollowerRole - RaftServer{1}{role=FOLLOWER} - Committed entries up to index 43
21:46:34.245 [raft-server-2] TRACE i.a.p.raft.roles.FollowerRole - RaftServer{2}{role=FOLLOWER} - Sending AppendResponse{status=OK, term=1, succeeded=true, lastLogIndex=44}
21:46:34.245 [raft-server-1] TRACE i.a.p.raft.roles.FollowerRole - RaftServer{1}{role=FOLLOWER} - Sending AppendResponse{status=OK, term=1, succeeded=true, lastLogIndex=44}
21:46:34.245 [raft-server-2-state] TRACE i.a.p.raft.impl.RaftServiceManager - RaftServer{2} - Applying Indexed{index=43, entry=CommandEntry{term=1, timestamp=2018-06-05 09:46:34,180, session=2, sequence=37, operation=PrimitiveOperation{id=DefaultOperationId{id=write, type=COMMAND}, value=byte[]{length=17, hash=-1644578928}}}}
21:46:34.245 [raft-server-1-state] TRACE i.a.p.raft.impl.RaftServiceManager - RaftServer{1} - Applying Indexed{index=43, entry=CommandEntry{term=1, timestamp=2018-06-05 09:46:34,180, session=2, sequence=37, operation=PrimitiveOperation{id=DefaultOperationId{id=write, type=COMMAND}, value=byte[]{length=17, hash=-1644578928}}}}
21:46:34.245 [raft-server-1-state] TRACE i.a.p.s.impl.DefaultServiceExecutor - PrimitiveService{2}{type=PrimitiveType{name=test}, name=test} - Executing DefaultCommit{index=43, session=RaftSession{RaftServiceContext{server=1, type=PrimitiveType{name=test}, name=test, id=2}, session=2, timestamp=2018-06-05 09:46:34,180}, time=2018-06-05 09:46:34,180, operation=DefaultOperationId{id=write, type=COMMAND}, value=byte[]{length=17, hash=-1644578928}}
21:46:34.245 [raft-server-2-state] TRACE i.a.p.s.impl.DefaultServiceExecutor - PrimitiveService{2}{type=PrimitiveType{name=test}, name=test} - Executing DefaultCommit{index=43, session=RaftSession{RaftServiceContext{server=2, type=PrimitiveType{name=test}, name=test, id=2}, session=2, timestamp=2018-06-05 09:46:34,180}, time=2018-06-05 09:46:34,180, operation=DefaultOperationId{id=write, type=COMMAND}, value=byte[]{length=17, hash=-1644578928}}
21:46:34.245 [raft-server-3] TRACE i.a.p.raft.roles.LeaderAppender - RaftServer{3} - Received AppendResponse{status=OK, term=1, succeeded=true, lastLogIndex=44} from 2
21:46:34.245 [raft-server-3] TRACE i.a.p.raft.roles.LeaderAppender - RaftServer{3} - Committed entries up to 44
21:46:34.278 [raft-server-3] TRACE i.a.p.raft.roles.LeaderAppender - RaftServer{3} - Received AppendResponse{status=OK, term=1, succeeded=true, lastLogIndex=44} from 1
21:46:34.278 [raft-server-3-state] TRACE i.a.p.raft.impl.RaftServiceManager - RaftServer{3} - Applying Indexed{index=44, entry=CommandEntry{term=1, timestamp=2018-06-05 09:46:34,213, session=2, sequence=38, operation=PrimitiveOperation{id=DefaultOperationId{id=write, type=COMMAND}, value=byte[]{length=17, hash=-1644578928}}}}
21:46:34.278 [raft-server-3-state] TRACE i.a.p.s.impl.DefaultServiceExecutor - PrimitiveService{2}{type=PrimitiveType{name=test}, name=test} - Executing DefaultCommit{index=44, session=RaftSession{RaftServiceContext{server=3, type=PrimitiveType{name=test}, name=test, id=2}, session=2, timestamp=2018-06-05 09:46:34,213}, time=2018-06-05 09:46:34,213, operation=DefaultOperationId{id=write, type=COMMAND}, value=byte[]{length=17, hash=-1644578928}}
21:46:34.279 [raft-server-3-state] TRACE i.a.protocols.raft.roles.LeaderRole - RaftServer{3}{role=LEADER} - Sending CommandResponse{status=OK, index=44, eventIndex=2, result=byte[]{length=2, hash=1328}}
21:46:34.279 [raft-server-2] TRACE i.a.p.raft.roles.FollowerRole - RaftServer{2}{role=FOLLOWER} - Sending CommandResponse{status=OK, index=44, eventIndex=2, result=byte[]{length=2, hash=1328}}
21:46:34.279 [raft-client-2f4c8c2a-86e3-4c0e-9770-cf34b8eb1c33-3] TRACE i.a.p.r.p.impl.RaftProxyConnection - PartitionProxy{2}{type=PrimitiveType{name=test}, name=test} - Received CommandResponse{status=OK, index=44, eventIndex=2, result=byte[]{length=2, hash=1328}} from 2
21:46:34.279 [raft-client-2f4c8c2a-86e3-4c0e-9770-cf34b8eb1c33-3] TRACE i.a.p.r.p.impl.RaftProxySequencer - PartitionProxy{2}{type=PrimitiveType{name=test}, name=test} - Completing response CommandResponse{status=OK, index=44, eventIndex=2, result=byte[]{length=2, hash=1328}}
21:46:34.279 [raft-client-2f4c8c2a-86e3-4c0e-9770-cf34b8eb1c33-3] TRACE i.a.p.r.p.impl.RaftProxyConnection - PartitionProxy{2}{type=PrimitiveType{name=test}, name=test} - Sending CommandRequest{session=2, sequence=39, operation=PrimitiveOperation{id=DefaultOperationId{id=write, type=COMMAND}, value=byte[]{length=17, hash=-1644578928}}} to 2
21:46:34.279 [raft-server-2] TRACE i.a.p.raft.roles.FollowerRole - RaftServer{2}{role=FOLLOWER} - Received CommandRequest{session=2, sequence=39, operation=PrimitiveOperation{id=DefaultOperationId{id=write, type=COMMAND}, value=byte[]{length=17, hash=-1644578928}}}
21:46:34.280 [raft-server-3] TRACE i.a.protocols.raft.roles.LeaderRole - RaftServer{3}{role=LEADER} - Received CommandRequest{session=2, sequence=39, operation=PrimitiveOperation{id=DefaultOperationId{id=write, type=COMMAND}, value=byte[]{length=17, hash=-1644578928}}}
21:46:34.280 [raft-server-3] TRACE i.a.protocols.raft.roles.LeaderRole - RaftServer{3}{role=LEADER} - Appended Indexed{index=45, entry=CommandEntry{term=1, timestamp=2018-06-05 09:46:34,280, session=2, sequence=39, operation=PrimitiveOperation{id=DefaultOperationId{id=write, type=COMMAND}, value=byte[]{length=17, hash=-1644578928}}}}
21:46:34.280 [raft-server-3] TRACE i.a.p.raft.roles.LeaderAppender - RaftServer{3} - Sending AppendRequest{term=1, leader=3, prevLogIndex=44, prevLogTerm=1, entries=1, commitIndex=44} to 2
21:46:34.280 [raft-server-2] TRACE i.a.p.raft.roles.FollowerRole - RaftServer{2}{role=FOLLOWER} - Received AppendRequest{term=1, leader=3, prevLogIndex=44, prevLogTerm=1, entries=1, commitIndex=44}
21:46:34.280 [raft-server-3] TRACE i.a.p.raft.roles.LeaderAppender - RaftServer{3} - Sending AppendRequest{term=1, leader=3, prevLogIndex=44, prevLogTerm=1, entries=1, commitIndex=44} to 1
21:46:34.280 [raft-server-1] TRACE i.a.p.raft.roles.FollowerRole - RaftServer{1}{role=FOLLOWER} - Received AppendRequest{term=1, leader=3, prevLogIndex=44, prevLogTerm=1, entries=1, commitIndex=44}
21:46:34.280 [raft-server-2] TRACE i.a.p.raft.roles.FollowerRole - RaftServer{2}{role=FOLLOWER} - Appended Indexed{index=45, entry=CommandEntry{term=1, timestamp=2018-06-05 09:46:34,280, session=2, sequence=39, operation=PrimitiveOperation{id=DefaultOperationId{id=write, type=COMMAND}, value=byte[]{length=17, hash=-1644578928}}}}
21:46:34.280 [raft-server-1] TRACE i.a.p.raft.roles.FollowerRole - RaftServer{1}{role=FOLLOWER} - Appended Indexed{index=45, entry=CommandEntry{term=1, timestamp=2018-06-05 09:46:34,280, session=2, sequence=39, operation=PrimitiveOperation{id=DefaultOperationId{id=write, type=COMMAND}, value=byte[]{length=17, hash=-1644578928}}}}
21:46:34.382 [raft-server-1] TRACE i.a.p.raft.roles.FollowerRole - RaftServer{1}{role=FOLLOWER} - Committed entries up to index 44
21:46:34.382 [raft-server-2] TRACE i.a.p.raft.roles.FollowerRole - RaftServer{2}{role=FOLLOWER} - Committed entries up to index 44
21:46:34.382 [raft-server-1] TRACE i.a.p.raft.roles.FollowerRole - RaftServer{1}{role=FOLLOWER} - Sending AppendResponse{status=OK, term=1, succeeded=true, lastLogIndex=45}
21:46:34.382 [raft-server-2] TRACE i.a.p.raft.roles.FollowerRole - RaftServer{2}{role=FOLLOWER} - Sending AppendResponse{status=OK, term=1, succeeded=true, lastLogIndex=45}
21:46:34.383 [raft-server-3] TRACE i.a.p.raft.roles.LeaderAppender - RaftServer{3} - Received AppendResponse{status=OK, term=1, succeeded=true, lastLogIndex=45} from 1
21:46:34.383 [raft-server-3] TRACE i.a.p.raft.roles.LeaderAppender - RaftServer{3} - Committed entries up to 45
21:46:34.383 [raft-server-1-state] TRACE i.a.p.raft.impl.RaftServiceManager - RaftServer{1} - Applying Indexed{index=44, entry=CommandEntry{term=1, timestamp=2018-06-05 09:46:34,213, session=2, sequence=38, operation=PrimitiveOperation{id=DefaultOperationId{id=write, type=COMMAND}, value=byte[]{length=17, hash=-1644578928}}}}
21:46:34.383 [raft-server-2-state] TRACE i.a.p.raft.impl.RaftServiceManager - RaftServer{2} - Applying Indexed{index=44, entry=CommandEntry{term=1, timestamp=2018-06-05 09:46:34,213, session=2, sequence=38, operation=PrimitiveOperation{id=DefaultOperationId{id=write, type=COMMAND}, value=byte[]{length=17, hash=-1644578928}}}}
21:46:34.383 [raft-server-1-state] TRACE i.a.p.s.impl.DefaultServiceExecutor - PrimitiveService{2}{type=PrimitiveType{name=test}, name=test} - Executing DefaultCommit{index=44, session=RaftSession{RaftServiceContext{server=1, type=PrimitiveType{name=test}, name=test, id=2}, session=2, timestamp=2018-06-05 09:46:34,213}, time=2018-06-05 09:46:34,213, operation=DefaultOperationId{id=write, type=COMMAND}, value=byte[]{length=17, hash=-1644578928}}
21:46:34.383 [raft-server-2-state] TRACE i.a.p.s.impl.DefaultServiceExecutor - PrimitiveService{2}{type=PrimitiveType{name=test}, name=test} - Executing DefaultCommit{index=44, session=RaftSession{RaftServiceContext{server=2, type=PrimitiveType{name=test}, name=test, id=2}, session=2, timestamp=2018-06-05 09:46:34,213}, time=2018-06-05 09:46:34,213, operation=DefaultOperationId{id=write, type=COMMAND}, value=byte[]{length=17, hash=-1644578928}}
21:46:34.503 [raft-server-3] TRACE i.a.p.raft.roles.LeaderAppender - RaftServer{3} - Sending AppendRequest{term=1, leader=3, prevLogIndex=45, prevLogTerm=1, entries=0, commitIndex=45} to 1
21:46:34.503 [raft-server-3] TRACE i.a.p.raft.roles.LeaderAppender - RaftServer{3} - Received AppendResponse{status=OK, term=1, succeeded=true, lastLogIndex=45} from 2
21:46:34.503 [raft-server-3] TRACE i.a.p.raft.roles.LeaderAppender - RaftServer{3} - Sending AppendRequest{term=1, leader=3, prevLogIndex=45, prevLogTerm=1, entries=0, commitIndex=45} to 2
21:46:34.503 [raft-server-2] TRACE i.a.p.raft.roles.FollowerRole - RaftServer{2}{role=FOLLOWER} - Received AppendRequest{term=1, leader=3, prevLogIndex=45, prevLogTerm=1, entries=0, commitIndex=45}
21:46:34.503 [raft-server-1] TRACE i.a.p.raft.roles.FollowerRole - RaftServer{1}{role=FOLLOWER} - Received AppendRequest{term=1, leader=3, prevLogIndex=45, prevLogTerm=1, entries=0, commitIndex=45}
21:46:34.503 [raft-server-2] TRACE i.a.p.raft.roles.FollowerRole - RaftServer{2}{role=FOLLOWER} - Committed entries up to index 45
21:46:34.503 [raft-server-3-state] TRACE i.a.p.raft.impl.RaftServiceManager - RaftServer{3} - Applying Indexed{index=45, entry=CommandEntry{term=1, timestamp=2018-06-05 09:46:34,280, session=2, sequence=39, operation=PrimitiveOperation{id=DefaultOperationId{id=write, type=COMMAND}, value=byte[]{length=17, hash=-1644578928}}}}
21:46:34.504 [raft-server-2] TRACE i.a.p.raft.roles.FollowerRole - RaftServer{2}{role=FOLLOWER} - Sending AppendResponse{status=OK, term=1, succeeded=true, lastLogIndex=45}
21:46:34.504 [raft-server-3-state] TRACE i.a.p.s.impl.DefaultServiceExecutor - PrimitiveService{2}{type=PrimitiveType{name=test}, name=test} - Executing DefaultCommit{index=45, session=RaftSession{RaftServiceContext{server=3, type=PrimitiveType{name=test}, name=test, id=2}, session=2, timestamp=2018-06-05 09:46:34,280}, time=2018-06-05 09:46:34,280, operation=DefaultOperationId{id=write, type=COMMAND}, value=byte[]{length=17, hash=-1644578928}}
21:46:34.504 [raft-server-2-state] TRACE i.a.p.raft.impl.RaftServiceManager - RaftServer{2} - Applying Indexed{index=45, entry=CommandEntry{term=1, timestamp=2018-06-05 09:46:34,280, session=2, sequence=39, operation=PrimitiveOperation{id=DefaultOperationId{id=write, type=COMMAND}, value=byte[]{length=17, hash=-1644578928}}}}
21:46:34.504 [raft-server-3-state] TRACE i.a.protocols.raft.roles.LeaderRole - RaftServer{3}{role=LEADER} - Sending CommandResponse{status=OK, index=45, eventIndex=2, result=byte[]{length=2, hash=1330}}
21:46:34.504 [raft-server-3] TRACE i.a.p.raft.roles.LeaderAppender - RaftServer{3} - Received AppendResponse{status=OK, term=1, succeeded=true, lastLogIndex=45} from 2
21:46:34.504 [raft-server-2-state] TRACE i.a.p.s.impl.DefaultServiceExecutor - PrimitiveService{2}{type=PrimitiveType{name=test}, name=test} - Executing DefaultCommit{index=45, session=RaftSession{RaftServiceContext{server=2, type=PrimitiveType{name=test}, name=test, id=2}, session=2, timestamp=2018-06-05 09:46:34,280}, time=2018-06-05 09:46:34,280, operation=DefaultOperationId{id=write, type=COMMAND}, value=byte[]{length=17, hash=-1644578928}}
21:46:34.504 [raft-server-2] TRACE i.a.p.raft.roles.FollowerRole - RaftServer{2}{role=FOLLOWER} - Sending CommandResponse{status=OK, index=45, eventIndex=2, result=byte[]{length=2, hash=1330}}
21:46:34.504 [raft-client-2f4c8c2a-86e3-4c0e-9770-cf34b8eb1c33-2] TRACE i.a.p.r.p.impl.RaftProxyConnection - PartitionProxy{2}{type=PrimitiveType{name=test}, name=test} - Received CommandResponse{status=OK, index=45, eventIndex=2, result=byte[]{length=2, hash=1330}} from 2
21:46:34.504 [raft-client-2f4c8c2a-86e3-4c0e-9770-cf34b8eb1c33-2] TRACE i.a.p.r.p.impl.RaftProxySequencer - PartitionProxy{2}{type=PrimitiveType{name=test}, name=test} - Completing response CommandResponse{status=OK, index=45, eventIndex=2, result=byte[]{length=2, hash=1330}}
21:46:34.504 [raft-client-2f4c8c2a-86e3-4c0e-9770-cf34b8eb1c33-7] TRACE i.a.p.r.p.impl.RaftProxyConnection - PartitionProxy{2}{type=PrimitiveType{name=test}, name=test} - Sending CommandRequest{session=2, sequence=40, operation=PrimitiveOperation{id=DefaultOperationId{id=write, type=COMMAND}, value=byte[]{length=17, hash=-1644578928}}} to 2
21:46:34.504 [raft-server-2] TRACE i.a.p.raft.roles.FollowerRole - RaftServer{2}{role=FOLLOWER} - Received CommandRequest{session=2, sequence=40, operation=PrimitiveOperation{id=DefaultOperationId{id=write, type=COMMAND}, value=byte[]{length=17, hash=-1644578928}}}
21:46:34.505 [raft-server-3] TRACE i.a.protocols.raft.roles.LeaderRole - RaftServer{3}{role=LEADER} - Received CommandRequest{session=2, sequence=40, operation=PrimitiveOperation{id=DefaultOperationId{id=write, type=COMMAND}, value=byte[]{length=17, hash=-1644578928}}}
21:46:34.505 [raft-server-3] TRACE i.a.protocols.raft.roles.LeaderRole - RaftServer{3}{role=LEADER} - Appended Indexed{index=46, entry=CommandEntry{term=1, timestamp=2018-06-05 09:46:34,505, session=2, sequence=40, operation=PrimitiveOperation{id=DefaultOperationId{id=write, type=COMMAND}, value=byte[]{length=17, hash=-1644578928}}}}
21:46:34.505 [raft-server-3] TRACE i.a.p.raft.roles.LeaderAppender - RaftServer{3} - Sending AppendRequest{term=1, leader=3, prevLogIndex=45, prevLogTerm=1, entries=1, commitIndex=45} to 2
21:46:34.505 [raft-server-2] TRACE i.a.p.raft.roles.FollowerRole - RaftServer{2}{role=FOLLOWER} - Received AppendRequest{term=1, leader=3, prevLogIndex=45, prevLogTerm=1, entries=1, commitIndex=45}
21:46:34.505 [raft-server-2] TRACE i.a.p.raft.roles.FollowerRole - RaftServer{2}{role=FOLLOWER} - Appended Indexed{index=46, entry=CommandEntry{term=1, timestamp=2018-06-05 09:46:34,505, session=2, sequence=40, operation=PrimitiveOperation{id=DefaultOperationId{id=write, type=COMMAND}, value=byte[]{length=17, hash=-1644578928}}}}
21:46:34.505 [raft-server-2] TRACE i.a.p.raft.roles.FollowerRole - RaftServer{2}{role=FOLLOWER} - Sending AppendResponse{status=OK, term=1, succeeded=true, lastLogIndex=46}
21:46:34.505 [raft-server-3] TRACE i.a.p.raft.roles.LeaderAppender - RaftServer{3} - Received AppendResponse{status=OK, term=1, succeeded=true, lastLogIndex=46} from 2
21:46:34.505 [raft-server-3] TRACE i.a.p.raft.roles.LeaderAppender - RaftServer{3} - Committed entries up to 46
21:46:34.634 [raft-server-1] TRACE i.a.p.raft.roles.FollowerRole - RaftServer{1}{role=FOLLOWER} - Committed entries up to index 45
21:46:34.634 [raft-server-1] TRACE i.a.p.raft.roles.FollowerRole - RaftServer{1}{role=FOLLOWER} - Sending AppendResponse{status=OK, term=1, succeeded=true, lastLogIndex=45}
21:46:34.634 [raft-server-1-state] TRACE i.a.p.raft.impl.RaftServiceManager - RaftServer{1} - Applying Indexed{index=45, entry=CommandEntry{term=1, timestamp=2018-06-05 09:46:34,280, session=2, sequence=39, operation=PrimitiveOperation{id=DefaultOperationId{id=write, type=COMMAND}, value=byte[]{length=17, hash=-1644578928}}}}
21:46:34.634 [raft-server-1-state] TRACE i.a.p.s.impl.DefaultServiceExecutor - PrimitiveService{2}{type=PrimitiveType{name=test}, name=test} - Executing DefaultCommit{index=45, session=RaftSession{RaftServiceContext{server=1, type=PrimitiveType{name=test}, name=test, id=2}, session=2, timestamp=2018-06-05 09:46:34,280}, time=2018-06-05 09:46:34,280, operation=DefaultOperationId{id=write, type=COMMAND}, value=byte[]{length=17, hash=-1644578928}}
21:46:34.736 [raft-server-3] TRACE i.a.p.raft.roles.LeaderAppender - RaftServer{3} - Sending AppendRequest{term=1, leader=3, prevLogIndex=46, prevLogTerm=1, entries=0, commitIndex=46} to 2
21:46:34.737 [raft-server-2] TRACE i.a.p.raft.roles.FollowerRole - RaftServer{2}{role=FOLLOWER} - Received AppendRequest{term=1, leader=3, prevLogIndex=46, prevLogTerm=1, entries=0, commitIndex=46}
21:46:34.737 [raft-server-3] TRACE i.a.p.raft.roles.LeaderAppender - RaftServer{3} - Sending AppendRequest{term=1, leader=3, prevLogIndex=45, prevLogTerm=1, entries=1, commitIndex=46} to 1
21:46:34.737 [raft-server-3] TRACE i.a.p.raft.roles.LeaderAppender - RaftServer{3} - Received AppendResponse{status=OK, term=1, succeeded=true, lastLogIndex=45} from 1
21:46:34.737 [raft-server-1] TRACE i.a.p.raft.roles.FollowerRole - RaftServer{1}{role=FOLLOWER} - Received AppendRequest{term=1, leader=3, prevLogIndex=45, prevLogTerm=1, entries=1, commitIndex=46}
21:46:34.737 [raft-server-3-state] TRACE i.a.p.raft.impl.RaftServiceManager - RaftServer{3} - Applying Indexed{index=46, entry=CommandEntry{term=1, timestamp=2018-06-05 09:46:34,505, session=2, sequence=40, operation=PrimitiveOperation{id=DefaultOperationId{id=write, type=COMMAND}, value=byte[]{length=17, hash=-1644578928}}}}
21:46:34.737 [raft-server-1] TRACE i.a.p.raft.roles.FollowerRole - RaftServer{1}{role=FOLLOWER} - Appended Indexed{index=46, entry=CommandEntry{term=1, timestamp=2018-06-05 09:46:34,505, session=2, sequence=40, operation=PrimitiveOperation{id=DefaultOperationId{id=write, type=COMMAND}, value=byte[]{length=17, hash=-1644578928}}}}
21:46:34.737 [raft-server-3-state] TRACE i.a.p.s.impl.DefaultServiceExecutor - PrimitiveService{2}{type=PrimitiveType{name=test}, name=test} - Executing DefaultCommit{index=46, session=RaftSession{RaftServiceContext{server=3, type=PrimitiveType{name=test}, name=test, id=2}, session=2, timestamp=2018-06-05 09:46:34,505}, time=2018-06-05 09:46:34,505, operation=DefaultOperationId{id=write, type=COMMAND}, value=byte[]{length=17, hash=-1644578928}}
21:46:34.737 [raft-server-3-state] TRACE i.a.protocols.raft.roles.LeaderRole - RaftServer{3}{role=LEADER} - Sending CommandResponse{status=OK, index=46, eventIndex=2, result=byte[]{length=2, hash=1332}}
21:46:34.870 [raft-server-2] TRACE i.a.p.raft.roles.FollowerRole - RaftServer{2}{role=FOLLOWER} - Committed entries up to index 46
21:46:34.870 [raft-server-2] TRACE i.a.p.raft.roles.FollowerRole - RaftServer{2}{role=FOLLOWER} - Sending AppendResponse{status=OK, term=1, succeeded=true, lastLogIndex=46}
21:46:34.870 [raft-server-2] TRACE i.a.p.raft.roles.FollowerRole - RaftServer{2}{role=FOLLOWER} - Sending CommandResponse{status=OK, index=46, eventIndex=2, result=byte[]{length=2, hash=1332}}
21:46:34.870 [raft-server-3] TRACE i.a.p.raft.roles.LeaderAppender - RaftServer{3} - Received AppendResponse{status=OK, term=1, succeeded=true, lastLogIndex=46} from 2
21:46:34.870 [raft-server-3] TRACE i.a.p.raft.roles.LeaderAppender - RaftServer{3} - Sending AppendRequest{term=1, leader=3, prevLogIndex=46, prevLogTerm=1, entries=0, commitIndex=46} to 2
21:46:34.870 [raft-client-2f4c8c2a-86e3-4c0e-9770-cf34b8eb1c33-3] TRACE i.a.p.r.p.impl.RaftProxyConnection - PartitionProxy{2}{type=PrimitiveType{name=test}, name=test} - Received CommandResponse{status=OK, index=46, eventIndex=2, result=byte[]{length=2, hash=1332}} from 2
21:46:34.870 [raft-server-2-state] TRACE i.a.p.raft.impl.RaftServiceManager - RaftServer{2} - Applying Indexed{index=46, entry=CommandEntry{term=1, timestamp=2018-06-05 09:46:34,505, session=2, sequence=40, operation=PrimitiveOperation{id=DefaultOperationId{id=write, type=COMMAND}, value=byte[]{length=17, hash=-1644578928}}}}
21:46:34.870 [raft-client-2f4c8c2a-86e3-4c0e-9770-cf34b8eb1c33-3] TRACE i.a.p.r.p.impl.RaftProxySequencer - PartitionProxy{2}{type=PrimitiveType{name=test}, name=test} - Completing response CommandResponse{status=OK, index=46, eventIndex=2, result=byte[]{length=2, hash=1332}}
21:46:34.870 [raft-server-2-state] TRACE i.a.p.s.impl.DefaultServiceExecutor - PrimitiveService{2}{type=PrimitiveType{name=test}, name=test} - Executing DefaultCommit{index=46, session=RaftSession{RaftServiceContext{server=2, type=PrimitiveType{name=test}, name=test, id=2}, session=2, timestamp=2018-06-05 09:46:34,505}, time=2018-06-05 09:46:34,505, operation=DefaultOperationId{id=write, type=COMMAND}, value=byte[]{length=17, hash=-1644578928}}
21:46:34.870 [raft-server-2] TRACE i.a.p.raft.roles.FollowerRole - RaftServer{2}{role=FOLLOWER} - Received AppendRequest{term=1, leader=3, prevLogIndex=46, prevLogTerm=1, entries=0, commitIndex=46}
21:46:34.870 [raft-server-2] TRACE i.a.p.raft.roles.FollowerRole - RaftServer{2}{role=FOLLOWER} - Sending AppendResponse{status=OK, term=1, succeeded=true, lastLogIndex=46}
21:46:34.870 [raft-client-2f4c8c2a-86e3-4c0e-9770-cf34b8eb1c33-1] TRACE i.a.p.r.p.impl.RaftProxyConnection - PartitionProxy{2}{type=PrimitiveType{name=test}, name=test} - Sending CommandRequest{session=2, sequence=41, operation=PrimitiveOperation{id=DefaultOperationId{id=write, type=COMMAND}, value=byte[]{length=17, hash=-1644578928}}} to 2
21:46:34.871 [raft-server-3] TRACE i.a.p.raft.roles.LeaderAppender - RaftServer{3} - Received AppendResponse{status=OK, term=1, succeeded=true, lastLogIndex=46} from 2
21:46:34.871 [raft-server-2] TRACE i.a.p.raft.roles.FollowerRole - RaftServer{2}{role=FOLLOWER} - Received CommandRequest{session=2, sequence=41, operation=PrimitiveOperation{id=DefaultOperationId{id=write, type=COMMAND}, value=byte[]{length=17, hash=-1644578928}}}
21:46:34.871 [raft-server-3] TRACE i.a.protocols.raft.roles.LeaderRole - RaftServer{3}{role=LEADER} - Received CommandRequest{session=2, sequence=41, operation=PrimitiveOperation{id=DefaultOperationId{id=write, type=COMMAND}, value=byte[]{length=17, hash=-1644578928}}}
21:46:34.871 [raft-server-3] TRACE i.a.protocols.raft.roles.LeaderRole - RaftServer{3}{role=LEADER} - Appended Indexed{index=47, entry=CommandEntry{term=1, timestamp=2018-06-05 09:46:34,871, session=2, sequence=41, operation=PrimitiveOperation{id=DefaultOperationId{id=write, type=COMMAND}, value=byte[]{length=17, hash=-1644578928}}}}
21:46:34.871 [raft-server-3] TRACE i.a.p.raft.roles.LeaderAppender - RaftServer{3} - Sending AppendRequest{term=1, leader=3, prevLogIndex=46, prevLogTerm=1, entries=1, commitIndex=46} to 2
21:46:34.871 [raft-server-2] TRACE i.a.p.raft.roles.FollowerRole - RaftServer{2}{role=FOLLOWER} - Received AppendRequest{term=1, leader=3, prevLogIndex=46, prevLogTerm=1, entries=1, commitIndex=46}
21:46:34.871 [raft-server-3] TRACE i.a.p.raft.roles.LeaderAppender - RaftServer{3} - Sending AppendRequest{term=1, leader=3, prevLogIndex=46, prevLogTerm=1, entries=1, commitIndex=46} to 1
21:46:34.871 [raft-server-2] TRACE i.a.p.raft.roles.FollowerRole - RaftServer{2}{role=FOLLOWER} - Appended Indexed{index=47, entry=CommandEntry{term=1, timestamp=2018-06-05 09:46:34,871, session=2, sequence=41, operation=PrimitiveOperation{id=DefaultOperationId{id=write, type=COMMAND}, value=byte[]{length=17, hash=-1644578928}}}}
21:46:34.871 [raft-server-2] TRACE i.a.p.raft.roles.FollowerRole - RaftServer{2}{role=FOLLOWER} - Sending AppendResponse{status=OK, term=1, succeeded=true, lastLogIndex=47}
21:46:34.871 [raft-server-3] TRACE i.a.p.raft.roles.LeaderAppender - RaftServer{3} - Received AppendResponse{status=OK, term=1, succeeded=true, lastLogIndex=47} from 2
21:46:34.871 [raft-server-3] TRACE i.a.p.raft.roles.LeaderAppender - RaftServer{3} - Committed entries up to 47
21:46:34.978 [raft-server-1] TRACE i.a.p.raft.roles.FollowerRole - RaftServer{1}{role=FOLLOWER} - Committed entries up to index 46
21:46:34.978 [raft-server-1] TRACE i.a.p.raft.roles.FollowerRole - RaftServer{1}{role=FOLLOWER} - Sending AppendResponse{status=OK, term=1, succeeded=true, lastLogIndex=46}
21:46:34.978 [raft-server-1] TRACE i.a.p.raft.roles.FollowerRole - RaftServer{1}{role=FOLLOWER} - Received AppendRequest{term=1, leader=3, prevLogIndex=46, prevLogTerm=1, entries=1, commitIndex=46}
21:46:34.978 [raft-server-1] TRACE i.a.p.raft.roles.FollowerRole - RaftServer{1}{role=FOLLOWER} - Appended Indexed{index=47, entry=CommandEntry{term=1, timestamp=2018-06-05 09:46:34,871, session=2, sequence=41, operation=PrimitiveOperation{id=DefaultOperationId{id=write, type=COMMAND}, value=byte[]{length=17, hash=-1644578928}}}}
21:46:34.979 [raft-server-1] TRACE i.a.p.raft.roles.FollowerRole - RaftServer{1}{role=FOLLOWER} - Sending AppendResponse{status=OK, term=1, succeeded=true, lastLogIndex=47}
21:46:34.979 [raft-server-1-state] TRACE i.a.p.raft.impl.RaftServiceManager - RaftServer{1} - Applying Indexed{index=46, entry=CommandEntry{term=1, timestamp=2018-06-05 09:46:34,505, session=2, sequence=40, operation=PrimitiveOperation{id=DefaultOperationId{id=write, type=COMMAND}, value=byte[]{length=17, hash=-1644578928}}}}
21:46:34.979 [raft-server-1-state] TRACE i.a.p.s.impl.DefaultServiceExecutor - PrimitiveService{2}{type=PrimitiveType{name=test}, name=test} - Executing DefaultCommit{index=46, session=RaftSession{RaftServiceContext{server=1, type=PrimitiveType{name=test}, name=test, id=2}, session=2, timestamp=2018-06-05 09:46:34,505}, time=2018-06-05 09:46:34,505, operation=DefaultOperationId{id=write, type=COMMAND}, value=byte[]{length=17, hash=-1644578928}}
21:46:35.103 [raft-server-3] TRACE i.a.p.raft.roles.LeaderAppender - RaftServer{3} - Received AppendResponse{status=OK, term=1, succeeded=true, lastLogIndex=46} from 1
21:46:35.103 [raft-server-3] TRACE i.a.p.raft.roles.LeaderAppender - RaftServer{3} - Received AppendResponse{status=OK, term=1, succeeded=true, lastLogIndex=47} from 1
21:46:35.103 [raft-server-3] TRACE i.a.p.raft.roles.LeaderAppender - RaftServer{3} - Sending AppendRequest{term=1, leader=3, prevLogIndex=47, prevLogTerm=1, entries=0, commitIndex=47} to 2
21:46:35.103 [raft-server-3] TRACE i.a.p.raft.roles.LeaderAppender - RaftServer{3} - Sending AppendRequest{term=1, leader=3, prevLogIndex=47, prevLogTerm=1, entries=0, commitIndex=47} to 1
21:46:35.103 [raft-server-2] TRACE i.a.p.raft.roles.FollowerRole - RaftServer{2}{role=FOLLOWER} - Received AppendRequest{term=1, leader=3, prevLogIndex=47, prevLogTerm=1, entries=0, commitIndex=47}
21:46:35.103 [raft-server-1] TRACE i.a.p.raft.roles.FollowerRole - RaftServer{1}{role=FOLLOWER} - Received AppendRequest{term=1, leader=3, prevLogIndex=47, prevLogTerm=1, entries=0, commitIndex=47}
21:46:35.103 [raft-server-3-state] TRACE i.a.p.raft.impl.RaftServiceManager - RaftServer{3} - Applying Indexed{index=47, entry=CommandEntry{term=1, timestamp=2018-06-05 09:46:34,871, session=2, sequence=41, operation=PrimitiveOperation{id=DefaultOperationId{id=write, type=COMMAND}, value=byte[]{length=17, hash=-1644578928}}}}
21:46:35.103 [raft-server-3-state] TRACE i.a.p.s.impl.DefaultServiceExecutor - PrimitiveService{2}{type=PrimitiveType{name=test}, name=test} - Executing DefaultCommit{index=47, session=RaftSession{RaftServiceContext{server=3, type=PrimitiveType{name=test}, name=test, id=2}, session=2, timestamp=2018-06-05 09:46:34,871}, time=2018-06-05 09:46:34,871, operation=DefaultOperationId{id=write, type=COMMAND}, value=byte[]{length=17, hash=-1644578928}}
21:46:35.104 [raft-server-3-state] TRACE i.a.protocols.raft.roles.LeaderRole - RaftServer{3}{role=LEADER} - Sending CommandResponse{status=OK, index=47, eventIndex=2, result=byte[]{length=2, hash=1334}}
21:46:35.220 [raft-server-2] TRACE i.a.p.raft.roles.FollowerRole - RaftServer{2}{role=FOLLOWER} - Committed entries up to index 47
21:46:35.220 [raft-server-2] TRACE i.a.p.raft.roles.FollowerRole - RaftServer{2}{role=FOLLOWER} - Sending AppendResponse{status=OK, term=1, succeeded=true, lastLogIndex=47}
21:46:35.220 [raft-server-1] TRACE i.a.p.raft.roles.FollowerRole - RaftServer{1}{role=FOLLOWER} - Committed entries up to index 47
21:46:35.220 [raft-server-1] TRACE i.a.p.raft.roles.FollowerRole - RaftServer{1}{role=FOLLOWER} - Sending AppendResponse{status=OK, term=1, succeeded=true, lastLogIndex=47}
21:46:35.220 [raft-server-2] TRACE i.a.p.raft.roles.FollowerRole - RaftServer{2}{role=FOLLOWER} - Sending CommandResponse{status=OK, index=47, eventIndex=2, result=byte[]{length=2, hash=1334}}
21:46:35.220 [raft-server-3] TRACE i.a.p.raft.roles.LeaderAppender - RaftServer{3} - Received AppendResponse{status=OK, term=1, succeeded=true, lastLogIndex=47} from 2
21:46:35.220 [raft-server-1-state] TRACE i.a.p.raft.impl.RaftServiceManager - RaftServer{1} - Applying Indexed{index=47, entry=CommandEntry{term=1, timestamp=2018-06-05 09:46:34,871, session=2, sequence=41, operation=PrimitiveOperation{id=DefaultOperationId{id=write, type=COMMAND}, value=byte[]{length=17, hash=-1644578928}}}}
21:46:35.220 [raft-client-2f4c8c2a-86e3-4c0e-9770-cf34b8eb1c33-0] TRACE i.a.p.r.p.impl.RaftProxyConnection - PartitionProxy{2}{type=PrimitiveType{name=test}, name=test} - Received CommandResponse{status=OK, index=47, eventIndex=2, result=byte[]{length=2, hash=1334}} from 2
21:46:35.220 [raft-server-3] TRACE i.a.p.raft.roles.LeaderAppender - RaftServer{3} - Sending AppendRequest{term=1, leader=3, prevLogIndex=47, prevLogTerm=1, entries=0, commitIndex=47} to 2
21:46:35.220 [raft-server-2-state] TRACE i.a.p.raft.impl.RaftServiceManager - RaftServer{2} - Applying Indexed{index=47, entry=CommandEntry{term=1, timestamp=2018-06-05 09:46:34,871, session=2, sequence=41, operation=PrimitiveOperation{id=DefaultOperationId{id=write, type=COMMAND}, value=byte[]{length=17, hash=-1644578928}}}}
21:46:35.220 [raft-server-1-state] TRACE i.a.p.s.impl.DefaultServiceExecutor - PrimitiveService{2}{type=PrimitiveType{name=test}, name=test} - Executing DefaultCommit{index=47, session=RaftSession{RaftServiceContext{server=1, type=PrimitiveType{name=test}, name=test, id=2}, session=2, timestamp=2018-06-05 09:46:34,871}, time=2018-06-05 09:46:34,871, operation=DefaultOperationId{id=write, type=COMMAND}, value=byte[]{length=17, hash=-1644578928}}
21:46:35.220 [raft-client-2f4c8c2a-86e3-4c0e-9770-cf34b8eb1c33-0] TRACE i.a.p.r.p.impl.RaftProxySequencer - PartitionProxy{2}{type=PrimitiveType{name=test}, name=test} - Completing response CommandResponse{status=OK, index=47, eventIndex=2, result=byte[]{length=2, hash=1334}}
21:46:35.220 [raft-server-3] TRACE i.a.p.raft.roles.LeaderAppender - RaftServer{3} - Received AppendResponse{status=OK, term=1, succeeded=true, lastLogIndex=47} from 1
21:46:35.220 [raft-server-2] TRACE i.a.p.raft.roles.FollowerRole - RaftServer{2}{role=FOLLOWER} - Received AppendRequest{term=1, leader=3, prevLogIndex=47, prevLogTerm=1, entries=0, commitIndex=47}
21:46:35.220 [raft-server-2-state] TRACE i.a.p.s.impl.DefaultServiceExecutor - PrimitiveService{2}{type=PrimitiveType{name=test}, name=test} - Executing DefaultCommit{index=47, session=RaftSession{RaftServiceContext{server=2, type=PrimitiveType{name=test}, name=test, id=2}, session=2, timestamp=2018-06-05 09:46:34,871}, time=2018-06-05 09:46:34,871, operation=DefaultOperationId{id=write, type=COMMAND}, value=byte[]{length=17, hash=-1644578928}}
21:46:35.221 [raft-server-2] TRACE i.a.p.raft.roles.FollowerRole - RaftServer{2}{role=FOLLOWER} - Sending AppendResponse{status=OK, term=1, succeeded=true, lastLogIndex=47}
21:46:35.221 [raft-server-3] TRACE i.a.p.raft.roles.LeaderAppender - RaftServer{3} - Sending AppendRequest{term=1, leader=3, prevLogIndex=47, prevLogTerm=1, entries=0, commitIndex=47} to 1
21:46:35.221 [raft-server-3] TRACE i.a.p.raft.roles.LeaderAppender - RaftServer{3} - Received AppendResponse{status=OK, term=1, succeeded=true, lastLogIndex=47} from 2
21:46:35.221 [raft-client-2f4c8c2a-86e3-4c0e-9770-cf34b8eb1c33-5] TRACE i.a.p.r.p.impl.RaftProxyConnection - PartitionProxy{2}{type=PrimitiveType{name=test}, name=test} - Sending CommandRequest{session=2, sequence=42, operation=PrimitiveOperation{id=DefaultOperationId{id=write, type=COMMAND}, value=byte[]{length=17, hash=-1644578928}}} to 2
21:46:35.221 [raft-server-1] TRACE i.a.p.raft.roles.FollowerRole - RaftServer{1}{role=FOLLOWER} - Received AppendRequest{term=1, leader=3, prevLogIndex=47, prevLogTerm=1, entries=0, commitIndex=47}
21:46:35.221 [raft-server-2] TRACE i.a.p.raft.roles.FollowerRole - RaftServer{2}{role=FOLLOWER} - Received CommandRequest{session=2, sequence=42, operation=PrimitiveOperation{id=DefaultOperationId{id=write, type=COMMAND}, value=byte[]{length=17, hash=-1644578928}}}
21:46:35.221 [raft-server-1] TRACE i.a.p.raft.roles.FollowerRole - RaftServer{1}{role=FOLLOWER} - Sending AppendResponse{status=OK, term=1, succeeded=true, lastLogIndex=47}
21:46:35.221 [raft-server-3] TRACE i.a.protocols.raft.roles.LeaderRole - RaftServer{3}{role=LEADER} - Received CommandRequest{session=2, sequence=42, operation=PrimitiveOperation{id=DefaultOperationId{id=write, type=COMMAND}, value=byte[]{length=17, hash=-1644578928}}}
21:46:35.221 [raft-server-3] TRACE i.a.protocols.raft.roles.LeaderRole - RaftServer{3}{role=LEADER} - Appended Indexed{index=48, entry=CommandEntry{term=1, timestamp=2018-06-05 09:46:35,221, session=2, sequence=42, operation=PrimitiveOperation{id=DefaultOperationId{id=write, type=COMMAND}, value=byte[]{length=17, hash=-1644578928}}}}
21:46:35.221 [raft-server-3] TRACE i.a.p.raft.roles.LeaderAppender - RaftServer{3} - Received AppendResponse{status=OK, term=1, succeeded=true, lastLogIndex=47} from 1
21:46:35.221 [raft-server-3] TRACE i.a.p.raft.roles.LeaderAppender - RaftServer{3} - Sending AppendRequest{term=1, leader=3, prevLogIndex=47, prevLogTerm=1, entries=1, commitIndex=47} to 1
21:46:35.221 [raft-server-1] TRACE i.a.p.raft.roles.FollowerRole - RaftServer{1}{role=FOLLOWER} - Received AppendRequest{term=1, leader=3, prevLogIndex=47, prevLogTerm=1, entries=1, commitIndex=47}
21:46:35.221 [raft-server-3] TRACE i.a.p.raft.roles.LeaderAppender - RaftServer{3} - Sending AppendRequest{term=1, leader=3, prevLogIndex=47, prevLogTerm=1, entries=1, commitIndex=47} to 2
21:46:35.221 [raft-server-2] TRACE i.a.p.raft.roles.FollowerRole - RaftServer{2}{role=FOLLOWER} - Received AppendRequest{term=1, leader=3, prevLogIndex=47, prevLogTerm=1, entries=1, commitIndex=47}
21:46:35.221 [raft-server-1] TRACE i.a.p.raft.roles.FollowerRole - RaftServer{1}{role=FOLLOWER} - Appended Indexed{index=48, entry=CommandEntry{term=1, timestamp=2018-06-05 09:46:35,221, session=2, sequence=42, operation=PrimitiveOperation{id=DefaultOperationId{id=write, type=COMMAND}, value=byte[]{length=17, hash=-1644578928}}}}
21:46:35.221 [raft-server-2] TRACE i.a.p.raft.roles.FollowerRole - RaftServer{2}{role=FOLLOWER} - Appended Indexed{index=48, entry=CommandEntry{term=1, timestamp=2018-06-05 09:46:35,221, session=2, sequence=42, operation=PrimitiveOperation{id=DefaultOperationId{id=write, type=COMMAND}, value=byte[]{length=17, hash=-1644578928}}}}
21:46:35.221 [raft-server-1] TRACE i.a.p.raft.roles.FollowerRole - RaftServer{1}{role=FOLLOWER} - Sending AppendResponse{status=OK, term=1, succeeded=true, lastLogIndex=48}
21:46:35.221 [raft-server-2] TRACE i.a.p.raft.roles.FollowerRole - RaftServer{2}{role=FOLLOWER} - Sending AppendResponse{status=OK, term=1, succeeded=true, lastLogIndex=48}
21:46:35.221 [raft-server-3] TRACE i.a.p.raft.roles.LeaderAppender - RaftServer{3} - Received AppendResponse{status=OK, term=1, succeeded=true, lastLogIndex=48} from 1
21:46:35.221 [raft-server-3] TRACE i.a.p.raft.roles.LeaderAppender - RaftServer{3} - Committed entries up to 48
21:46:35.337 [raft-server-3] TRACE i.a.p.raft.roles.LeaderAppender - RaftServer{3} - Received AppendResponse{status=OK, term=1, succeeded=true, lastLogIndex=48} from 2
21:46:35.337 [raft-server-3-state] TRACE i.a.p.raft.impl.RaftServiceManager - RaftServer{3} - Applying Indexed{index=48, entry=CommandEntry{term=1, timestamp=2018-06-05 09:46:35,221, session=2, sequence=42, operation=PrimitiveOperation{id=DefaultOperationId{id=write, type=COMMAND}, value=byte[]{length=17, hash=-1644578928}}}}
21:46:35.337 [raft-server-3-state] TRACE i.a.p.s.impl.DefaultServiceExecutor - PrimitiveService{2}{type=PrimitiveType{name=test}, name=test} - Executing DefaultCommit{index=48, session=RaftSession{RaftServiceContext{server=3, type=PrimitiveType{name=test}, name=test, id=2}, session=2, timestamp=2018-06-05 09:46:35,221}, time=2018-06-05 09:46:35,221, operation=DefaultOperationId{id=write, type=COMMAND}, value=byte[]{length=17, hash=-1644578928}}
21:46:35.337 [raft-server-3-state] TRACE i.a.protocols.raft.roles.LeaderRole - RaftServer{3}{role=LEADER} - Sending CommandResponse{status=OK, index=48, eventIndex=2, result=byte[]{length=2, hash=1336}}
21:46:35.337 [raft-server-2] TRACE i.a.p.raft.roles.FollowerRole - RaftServer{2}{role=FOLLOWER} - Sending CommandResponse{status=OK, index=48, eventIndex=2, result=byte[]{length=2, hash=1336}}
21:46:35.337 [raft-client-2f4c8c2a-86e3-4c0e-9770-cf34b8eb1c33-2] TRACE i.a.p.r.p.impl.RaftProxyConnection - PartitionProxy{2}{type=PrimitiveType{name=test}, name=test} - Received CommandResponse{status=OK, index=48, eventIndex=2, result=byte[]{length=2, hash=1336}} from 2
21:46:35.337 [raft-client-2f4c8c2a-86e3-4c0e-9770-cf34b8eb1c33-2] TRACE i.a.p.r.p.impl.RaftProxySequencer - PartitionProxy{2}{type=PrimitiveType{name=test}, name=test} - Completing response CommandResponse{status=OK, index=48, eventIndex=2, result=byte[]{length=2, hash=1336}}
21:46:35.337 [raft-client-2f4c8c2a-86e3-4c0e-9770-cf34b8eb1c33-2] TRACE i.a.p.r.p.impl.RaftProxyConnection - PartitionProxy{2}{type=PrimitiveType{name=test}, name=test} - Sending CommandRequest{session=2, sequence=43, operation=PrimitiveOperation{id=DefaultOperationId{id=write, type=COMMAND}, value=byte[]{length=17, hash=-1644578928}}} to 2
21:46:35.338 [raft-server-2] TRACE i.a.p.raft.roles.FollowerRole - RaftServer{2}{role=FOLLOWER} - Received CommandRequest{session=2, sequence=43, operation=PrimitiveOperation{id=DefaultOperationId{id=write, type=COMMAND}, value=byte[]{length=17, hash=-1644578928}}}
21:46:35.338 [raft-server-3] TRACE i.a.protocols.raft.roles.LeaderRole - RaftServer{3}{role=LEADER} - Received CommandRequest{session=2, sequence=43, operation=PrimitiveOperation{id=DefaultOperationId{id=write, type=COMMAND}, value=byte[]{length=17, hash=-1644578928}}}
21:46:35.338 [raft-server-3] TRACE i.a.protocols.raft.roles.LeaderRole - RaftServer{3}{role=LEADER} - Appended Indexed{index=49, entry=CommandEntry{term=1, timestamp=2018-06-05 09:46:35,338, session=2, sequence=43, operation=PrimitiveOperation{id=DefaultOperationId{id=write, type=COMMAND}, value=byte[]{length=17, hash=-1644578928}}}}
21:46:35.338 [raft-server-3] TRACE i.a.p.raft.roles.LeaderAppender - RaftServer{3} - Sending AppendRequest{term=1, leader=3, prevLogIndex=48, prevLogTerm=1, entries=1, commitIndex=48} to 2
21:46:35.338 [raft-server-2] TRACE i.a.p.raft.roles.FollowerRole - RaftServer{2}{role=FOLLOWER} - Received AppendRequest{term=1, leader=3, prevLogIndex=48, prevLogTerm=1, entries=1, commitIndex=48}
21:46:35.338 [raft-server-3] TRACE i.a.p.raft.roles.LeaderAppender - RaftServer{3} - Sending AppendRequest{term=1, leader=3, prevLogIndex=48, prevLogTerm=1, entries=1, commitIndex=48} to 1
21:46:35.338 [raft-server-1] TRACE i.a.p.raft.roles.FollowerRole - RaftServer{1}{role=FOLLOWER} - Received AppendRequest{term=1, leader=3, prevLogIndex=48, prevLogTerm=1, entries=1, commitIndex=48}
21:46:35.338 [raft-server-2] TRACE i.a.p.raft.roles.FollowerRole - RaftServer{2}{role=FOLLOWER} - Appended Indexed{index=49, entry=CommandEntry{term=1, timestamp=2018-06-05 09:46:35,338, session=2, sequence=43, operation=PrimitiveOperation{id=DefaultOperationId{id=write, type=COMMAND}, value=byte[]{length=17, hash=-1644578928}}}}
21:46:35.338 [raft-server-1] TRACE i.a.p.raft.roles.FollowerRole - RaftServer{1}{role=FOLLOWER} - Appended Indexed{index=49, entry=CommandEntry{term=1, timestamp=2018-06-05 09:46:35,338, session=2, sequence=43, operation=PrimitiveOperation{id=DefaultOperationId{id=write, type=COMMAND}, value=byte[]{length=17, hash=-1644578928}}}}
21:46:35.445 [raft-server-2] TRACE i.a.p.raft.roles.FollowerRole - RaftServer{2}{role=FOLLOWER} - Committed entries up to index 48
21:46:35.445 [raft-server-1] TRACE i.a.p.raft.roles.FollowerRole - RaftServer{1}{role=FOLLOWER} - Committed entries up to index 48
21:46:35.445 [raft-server-2] TRACE i.a.p.raft.roles.FollowerRole - RaftServer{2}{role=FOLLOWER} - Sending AppendResponse{status=OK, term=1, succeeded=true, lastLogIndex=49}
21:46:35.445 [raft-server-1] TRACE i.a.p.raft.roles.FollowerRole - RaftServer{1}{role=FOLLOWER} - Sending AppendResponse{status=OK, term=1, succeeded=true, lastLogIndex=49}
21:46:35.445 [raft-server-3] TRACE i.a.p.raft.roles.LeaderAppender - RaftServer{3} - Received AppendResponse{status=OK, term=1, succeeded=true, lastLogIndex=49} from 2
21:46:35.445 [raft-server-3] TRACE i.a.p.raft.roles.LeaderAppender - RaftServer{3} - Committed entries up to 49
21:46:35.445 [raft-server-2-state] TRACE i.a.p.raft.impl.RaftServiceManager - RaftServer{2} - Applying Indexed{index=48, entry=CommandEntry{term=1, timestamp=2018-06-05 09:46:35,221, session=2, sequence=42, operation=PrimitiveOperation{id=DefaultOperationId{id=write, type=COMMAND}, value=byte[]{length=17, hash=-1644578928}}}}
21:46:35.445 [raft-server-1-state] TRACE i.a.p.raft.impl.RaftServiceManager - RaftServer{1} - Applying Indexed{index=48, entry=CommandEntry{term=1, timestamp=2018-06-05 09:46:35,221, session=2, sequence=42, operation=PrimitiveOperation{id=DefaultOperationId{id=write, type=COMMAND}, value=byte[]{length=17, hash=-1644578928}}}}
21:46:35.445 [raft-server-2-state] TRACE i.a.p.s.impl.DefaultServiceExecutor - PrimitiveService{2}{type=PrimitiveType{name=test}, name=test} - Executing DefaultCommit{index=48, session=RaftSession{RaftServiceContext{server=2, type=PrimitiveType{name=test}, name=test, id=2}, session=2, timestamp=2018-06-05 09:46:35,221}, time=2018-06-05 09:46:35,221, operation=DefaultOperationId{id=write, type=COMMAND}, value=byte[]{length=17, hash=-1644578928}}
21:46:35.445 [raft-server-1-state] TRACE i.a.p.s.impl.DefaultServiceExecutor - PrimitiveService{2}{type=PrimitiveType{name=test}, name=test} - Executing DefaultCommit{index=48, session=RaftSession{RaftServiceContext{server=1, type=PrimitiveType{name=test}, name=test, id=2}, session=2, timestamp=2018-06-05 09:46:35,221}, time=2018-06-05 09:46:35,221, operation=DefaultOperationId{id=write, type=COMMAND}, value=byte[]{length=17, hash=-1644578928}}
21:46:35.478 [raft-server-3] TRACE i.a.p.raft.roles.LeaderAppender - RaftServer{3} - Sending AppendRequest{term=1, leader=3, prevLogIndex=49, prevLogTerm=1, entries=0, commitIndex=49} to 2
21:46:35.478 [raft-server-3] TRACE i.a.p.raft.roles.LeaderAppender - RaftServer{3} - Received AppendResponse{status=OK, term=1, succeeded=true, lastLogIndex=49} from 1
21:46:35.478 [raft-server-3] TRACE i.a.p.raft.roles.LeaderAppender - RaftServer{3} - Sending AppendRequest{term=1, leader=3, prevLogIndex=49, prevLogTerm=1, entries=0, commitIndex=49} to 1
21:46:35.478 [raft-server-2] TRACE i.a.p.raft.roles.FollowerRole - RaftServer{2}{role=FOLLOWER} - Received AppendRequest{term=1, leader=3, prevLogIndex=49, prevLogTerm=1, entries=0, commitIndex=49}
21:46:35.478 [raft-server-1] TRACE i.a.p.raft.roles.FollowerRole - RaftServer{1}{role=FOLLOWER} - Received AppendRequest{term=1, leader=3, prevLogIndex=49, prevLogTerm=1, entries=0, commitIndex=49}
21:46:35.478 [raft-server-3-state] TRACE i.a.p.raft.impl.RaftServiceManager - RaftServer{3} - Applying Indexed{index=49, entry=CommandEntry{term=1, timestamp=2018-06-05 09:46:35,338, session=2, sequence=43, operation=PrimitiveOperation{id=DefaultOperationId{id=write, type=COMMAND}, value=byte[]{length=17, hash=-1644578928}}}}
21:46:35.479 [raft-server-1] TRACE i.a.p.raft.roles.FollowerRole - RaftServer{1}{role=FOLLOWER} - Committed entries up to index 49
21:46:35.479 [raft-server-1] TRACE i.a.p.raft.roles.FollowerRole - RaftServer{1}{role=FOLLOWER} - Sending AppendResponse{status=OK, term=1, succeeded=true, lastLogIndex=49}
21:46:35.479 [raft-server-3-state] TRACE i.a.p.s.impl.DefaultServiceExecutor - PrimitiveService{2}{type=PrimitiveType{name=test}, name=test} - Executing DefaultCommit{index=49, session=RaftSession{RaftServiceContext{server=3, type=PrimitiveType{name=test}, name=test, id=2}, session=2, timestamp=2018-06-05 09:46:35,338}, time=2018-06-05 09:46:35,338, operation=DefaultOperationId{id=write, type=COMMAND}, value=byte[]{length=17, hash=-1644578928}}
21:46:35.479 [raft-server-3] TRACE i.a.p.raft.roles.LeaderAppender - RaftServer{3} - Received AppendResponse{status=OK, term=1, succeeded=true, lastLogIndex=49} from 1
21:46:35.479 [raft-server-1-state] TRACE i.a.p.raft.impl.RaftServiceManager - RaftServer{1} - Applying Indexed{index=49, entry=CommandEntry{term=1, timestamp=2018-06-05 09:46:35,338, session=2, sequence=43, operation=PrimitiveOperation{id=DefaultOperationId{id=write, type=COMMAND}, value=byte[]{length=17, hash=-1644578928}}}}
21:46:35.479 [raft-server-3-state] TRACE i.a.protocols.raft.roles.LeaderRole - RaftServer{3}{role=LEADER} - Sending CommandResponse{status=OK, index=49, eventIndex=2, result=byte[]{length=2, hash=1338}}
21:46:35.479 [raft-server-1-state] TRACE i.a.p.s.impl.DefaultServiceExecutor - PrimitiveService{2}{type=PrimitiveType{name=test}, name=test} - Executing DefaultCommit{index=49, session=RaftSession{RaftServiceContext{server=1, type=PrimitiveType{name=test}, name=test, id=2}, session=2, timestamp=2018-06-05 09:46:35,338}, time=2018-06-05 09:46:35,338, operation=DefaultOperationId{id=write, type=COMMAND}, value=byte[]{length=17, hash=-1644578928}}
21:46:35.503 [raft-server-2] TRACE i.a.p.raft.roles.FollowerRole - RaftServer{2}{role=FOLLOWER} - Committed entries up to index 49
21:46:35.503 [raft-server-2] TRACE i.a.p.raft.roles.FollowerRole - RaftServer{2}{role=FOLLOWER} - Sending AppendResponse{status=OK, term=1, succeeded=true, lastLogIndex=49}
21:46:35.503 [raft-server-2] TRACE i.a.p.raft.roles.FollowerRole - RaftServer{2}{role=FOLLOWER} - Sending CommandResponse{status=OK, index=49, eventIndex=2, result=byte[]{length=2, hash=1338}}
21:46:35.503 [raft-server-3] TRACE i.a.p.raft.roles.LeaderAppender - RaftServer{3} - Received AppendResponse{status=OK, term=1, succeeded=true, lastLogIndex=49} from 2
21:46:35.503 [raft-client-2f4c8c2a-86e3-4c0e-9770-cf34b8eb1c33-3] TRACE i.a.p.r.p.impl.RaftProxyConnection - PartitionProxy{2}{type=PrimitiveType{name=test}, name=test} - Received CommandResponse{status=OK, index=49, eventIndex=2, result=byte[]{length=2, hash=1338}} from 2
21:46:35.503 [raft-server-2-state] TRACE i.a.p.raft.impl.RaftServiceManager - RaftServer{2} - Applying Indexed{index=49, entry=CommandEntry{term=1, timestamp=2018-06-05 09:46:35,338, session=2, sequence=43, operation=PrimitiveOperation{id=DefaultOperationId{id=write, type=COMMAND}, value=byte[]{length=17, hash=-1644578928}}}}
21:46:35.503 [raft-client-2f4c8c2a-86e3-4c0e-9770-cf34b8eb1c33-3] TRACE i.a.p.r.p.impl.RaftProxySequencer - PartitionProxy{2}{type=PrimitiveType{name=test}, name=test} - Completing response CommandResponse{status=OK, index=49, eventIndex=2, result=byte[]{length=2, hash=1338}}
21:46:35.503 [raft-server-2-state] TRACE i.a.p.s.impl.DefaultServiceExecutor - PrimitiveService{2}{type=PrimitiveType{name=test}, name=test} - Executing DefaultCommit{index=49, session=RaftSession{RaftServiceContext{server=2, type=PrimitiveType{name=test}, name=test, id=2}, session=2, timestamp=2018-06-05 09:46:35,338}, time=2018-06-05 09:46:35,338, operation=DefaultOperationId{id=write, type=COMMAND}, value=byte[]{length=17, hash=-1644578928}}
21:46:35.504 [raft-client-2f4c8c2a-86e3-4c0e-9770-cf34b8eb1c33-3] TRACE i.a.p.r.p.impl.RaftProxyConnection - PartitionProxy{2}{type=PrimitiveType{name=test}, name=test} - Sending CommandRequest{session=2, sequence=44, operation=PrimitiveOperation{id=DefaultOperationId{id=write, type=COMMAND}, value=byte[]{length=17, hash=-1644578928}}} to 2
21:46:35.504 [raft-server-2] TRACE i.a.p.raft.roles.FollowerRole - RaftServer{2}{role=FOLLOWER} - Received CommandRequest{session=2, sequence=44, operation=PrimitiveOperation{id=DefaultOperationId{id=write, type=COMMAND}, value=byte[]{length=17, hash=-1644578928}}}
21:46:35.504 [raft-server-3] TRACE i.a.protocols.raft.roles.LeaderRole - RaftServer{3}{role=LEADER} - Received CommandRequest{session=2, sequence=44, operation=PrimitiveOperation{id=DefaultOperationId{id=write, type=COMMAND}, value=byte[]{length=17, hash=-1644578928}}}
21:46:35.504 [raft-server-3] TRACE i.a.protocols.raft.roles.LeaderRole - RaftServer{3}{role=LEADER} - Appended Indexed{index=50, entry=CommandEntry{term=1, timestamp=2018-06-05 09:46:35,504, session=2, sequence=44, operation=PrimitiveOperation{id=DefaultOperationId{id=write, type=COMMAND}, value=byte[]{length=17, hash=-1644578928}}}}
21:46:35.504 [raft-server-3] TRACE i.a.p.raft.roles.LeaderAppender - RaftServer{3} - Sending AppendRequest{term=1, leader=3, prevLogIndex=49, prevLogTerm=1, entries=1, commitIndex=49} to 2
21:46:35.504 [raft-server-2] TRACE i.a.p.raft.roles.FollowerRole - RaftServer{2}{role=FOLLOWER} - Received AppendRequest{term=1, leader=3, prevLogIndex=49, prevLogTerm=1, entries=1, commitIndex=49}
21:46:35.504 [raft-server-3] TRACE i.a.p.raft.roles.LeaderAppender - RaftServer{3} - Sending AppendRequest{term=1, leader=3, prevLogIndex=49, prevLogTerm=1, entries=1, commitIndex=49} to 1
21:46:35.504 [raft-server-1] TRACE i.a.p.raft.roles.FollowerRole - RaftServer{1}{role=FOLLOWER} - Received AppendRequest{term=1, leader=3, prevLogIndex=49, prevLogTerm=1, entries=1, commitIndex=49}
21:46:35.504 [raft-server-2] TRACE i.a.p.raft.roles.FollowerRole - RaftServer{2}{role=FOLLOWER} - Appended Indexed{index=50, entry=CommandEntry{term=1, timestamp=2018-06-05 09:46:35,504, session=2, sequence=44, operation=PrimitiveOperation{id=DefaultOperationId{id=write, type=COMMAND}, value=byte[]{length=17, hash=-1644578928}}}}
21:46:35.504 [raft-server-2] TRACE i.a.p.raft.roles.FollowerRole - RaftServer{2}{role=FOLLOWER} - Sending AppendResponse{status=OK, term=1, succeeded=true, lastLogIndex=50}
21:46:35.504 [raft-server-1] TRACE i.a.p.raft.roles.FollowerRole - RaftServer{1}{role=FOLLOWER} - Appended Indexed{index=50, entry=CommandEntry{term=1, timestamp=2018-06-05 09:46:35,504, session=2, sequence=44, operation=PrimitiveOperation{id=DefaultOperationId{id=write, type=COMMAND}, value=byte[]{length=17, hash=-1644578928}}}}
21:46:35.504 [raft-server-1] TRACE i.a.p.raft.roles.FollowerRole - RaftServer{1}{role=FOLLOWER} - Sending AppendResponse{status=OK, term=1, succeeded=true, lastLogIndex=50}
21:46:35.504 [raft-server-3] TRACE i.a.p.raft.roles.LeaderAppender - RaftServer{3} - Received AppendResponse{status=OK, term=1, succeeded=true, lastLogIndex=50} from 2
21:46:35.504 [raft-server-3] TRACE i.a.p.raft.roles.LeaderAppender - RaftServer{3} - Committed entries up to 50
21:46:35.533 [raft-server-3] TRACE i.a.p.raft.roles.LeaderAppender - RaftServer{3} - Received AppendResponse{status=OK, term=1, succeeded=true, lastLogIndex=50} from 1
21:46:35.534 [raft-server-3-state] TRACE i.a.p.raft.impl.RaftServiceManager - RaftServer{3} - Applying Indexed{index=50, entry=CommandEntry{term=1, timestamp=2018-06-05 09:46:35,504, session=2, sequence=44, operation=PrimitiveOperation{id=DefaultOperationId{id=write, type=COMMAND}, value=byte[]{length=17, hash=-1644578928}}}}
21:46:35.534 [raft-server-3-state] TRACE i.a.p.s.impl.DefaultServiceExecutor - PrimitiveService{2}{type=PrimitiveType{name=test}, name=test} - Executing DefaultCommit{index=50, session=RaftSession{RaftServiceContext{server=3, type=PrimitiveType{name=test}, name=test, id=2}, session=2, timestamp=2018-06-05 09:46:35,504}, time=2018-06-05 09:46:35,504, operation=DefaultOperationId{id=write, type=COMMAND}, value=byte[]{length=17, hash=-1644578928}}
21:46:35.534 [raft-server-3-state] TRACE i.a.protocols.raft.roles.LeaderRole - RaftServer{3}{role=LEADER} - Sending CommandResponse{status=OK, index=50, eventIndex=2, result=byte[]{length=2, hash=1340}}
21:46:35.534 [raft-server-2] TRACE i.a.p.raft.roles.FollowerRole - RaftServer{2}{role=FOLLOWER} - Sending CommandResponse{status=OK, index=50, eventIndex=2, result=byte[]{length=2, hash=1340}}
21:46:35.534 [raft-client-2f4c8c2a-86e3-4c0e-9770-cf34b8eb1c33-2] TRACE i.a.p.r.p.impl.RaftProxyConnection - PartitionProxy{2}{type=PrimitiveType{name=test}, name=test} - Received CommandResponse{status=OK, index=50, eventIndex=2, result=byte[]{length=2, hash=1340}} from 2
21:46:35.534 [raft-client-2f4c8c2a-86e3-4c0e-9770-cf34b8eb1c33-2] TRACE i.a.p.r.p.impl.RaftProxySequencer - PartitionProxy{2}{type=PrimitiveType{name=test}, name=test} - Completing response CommandResponse{status=OK, index=50, eventIndex=2, result=byte[]{length=2, hash=1340}}
21:46:35.535 [raft-client-2f4c8c2a-86e3-4c0e-9770-cf34b8eb1c33-7] TRACE i.a.p.r.p.impl.RaftProxyConnection - PartitionProxy{2}{type=PrimitiveType{name=test}, name=test} - Sending CommandRequest{session=2, sequence=45, operation=PrimitiveOperation{id=DefaultOperationId{id=write, type=COMMAND}, value=byte[]{length=17, hash=-1644578928}}} to 2
21:46:35.535 [raft-server-2] TRACE i.a.p.raft.roles.FollowerRole - RaftServer{2}{role=FOLLOWER} - Received CommandRequest{session=2, sequence=45, operation=PrimitiveOperation{id=DefaultOperationId{id=write, type=COMMAND}, value=byte[]{length=17, hash=-1644578928}}}
21:46:35.535 [raft-server-3] TRACE i.a.protocols.raft.roles.LeaderRole - RaftServer{3}{role=LEADER} - Received CommandRequest{session=2, sequence=45, operation=PrimitiveOperation{id=DefaultOperationId{id=write, type=COMMAND}, value=byte[]{length=17, hash=-1644578928}}}
21:46:35.595 [raft-server-3] DEBUG i.a.storage.journal.SegmentedJournal - Created disk segment: JournalSegment{id=6, version=1, index=51, size=64}
21:46:35.595 [raft-server-3] TRACE i.a.protocols.raft.roles.LeaderRole - RaftServer{3}{role=LEADER} - Appended Indexed{index=51, entry=CommandEntry{term=1, timestamp=2018-06-05 09:46:35,535, session=2, sequence=45, operation=PrimitiveOperation{id=DefaultOperationId{id=write, type=COMMAND}, value=byte[]{length=17, hash=-1644578928}}}}
21:46:35.595 [raft-server-3] TRACE i.a.p.raft.roles.LeaderAppender - RaftServer{3} - Sending AppendRequest{term=1, leader=3, prevLogIndex=50, prevLogTerm=1, entries=1, commitIndex=50} to 2
21:46:35.595 [raft-server-2] TRACE i.a.p.raft.roles.FollowerRole - RaftServer{2}{role=FOLLOWER} - Received AppendRequest{term=1, leader=3, prevLogIndex=50, prevLogTerm=1, entries=1, commitIndex=50}
21:46:35.595 [raft-server-3] TRACE i.a.p.raft.roles.LeaderAppender - RaftServer{3} - Sending AppendRequest{term=1, leader=3, prevLogIndex=50, prevLogTerm=1, entries=1, commitIndex=50} to 1
21:46:35.595 [raft-server-1] TRACE i.a.p.raft.roles.FollowerRole - RaftServer{1}{role=FOLLOWER} - Received AppendRequest{term=1, leader=3, prevLogIndex=50, prevLogTerm=1, entries=1, commitIndex=50}
21:46:35.661 [raft-server-1] DEBUG i.a.storage.journal.SegmentedJournal - Created disk segment: JournalSegment{id=6, version=1, index=51, size=64}
21:46:35.661 [raft-server-2] DEBUG i.a.storage.journal.SegmentedJournal - Created disk segment: JournalSegment{id=6, version=1, index=51, size=64}
21:46:35.662 [raft-server-1] TRACE i.a.p.raft.roles.FollowerRole - RaftServer{1}{role=FOLLOWER} - Appended Indexed{index=51, entry=CommandEntry{term=1, timestamp=2018-06-05 09:46:35,535, session=2, sequence=45, operation=PrimitiveOperation{id=DefaultOperationId{id=write, type=COMMAND}, value=byte[]{length=17, hash=-1644578928}}}}
21:46:35.662 [raft-server-2] TRACE i.a.p.raft.roles.FollowerRole - RaftServer{2}{role=FOLLOWER} - Appended Indexed{index=51, entry=CommandEntry{term=1, timestamp=2018-06-05 09:46:35,535, session=2, sequence=45, operation=PrimitiveOperation{id=DefaultOperationId{id=write, type=COMMAND}, value=byte[]{length=17, hash=-1644578928}}}}
21:46:35.695 [raft-server-1] TRACE i.a.p.raft.roles.FollowerRole - RaftServer{1}{role=FOLLOWER} - Committed entries up to index 50
21:46:35.695 [raft-server-2] TRACE i.a.p.raft.roles.FollowerRole - RaftServer{2}{role=FOLLOWER} - Committed entries up to index 50
21:46:35.695 [raft-server-1] TRACE i.a.p.raft.roles.FollowerRole - RaftServer{1}{role=FOLLOWER} - Sending AppendResponse{status=OK, term=1, succeeded=true, lastLogIndex=51}
21:46:35.695 [raft-server-2] TRACE i.a.p.raft.roles.FollowerRole - RaftServer{2}{role=FOLLOWER} - Sending AppendResponse{status=OK, term=1, succeeded=true, lastLogIndex=51}
21:46:35.695 [raft-server-3] TRACE i.a.p.raft.roles.LeaderAppender - RaftServer{3} - Received AppendResponse{status=OK, term=1, succeeded=true, lastLogIndex=51} from 1
21:46:35.695 [raft-server-3] TRACE i.a.p.raft.roles.LeaderAppender - RaftServer{3} - Committed entries up to 51
21:46:35.695 [raft-server-1-state] TRACE i.a.p.raft.impl.RaftServiceManager - RaftServer{1} - Applying Indexed{index=50, entry=CommandEntry{term=1, timestamp=2018-06-05 09:46:35,504, session=2, sequence=44, operation=PrimitiveOperation{id=DefaultOperationId{id=write, type=COMMAND}, value=byte[]{length=17, hash=-1644578928}}}}
21:46:35.695 [raft-server-2-state] TRACE i.a.p.raft.impl.RaftServiceManager - RaftServer{2} - Applying Indexed{index=50, entry=CommandEntry{term=1, timestamp=2018-06-05 09:46:35,504, session=2, sequence=44, operation=PrimitiveOperation{id=DefaultOperationId{id=write, type=COMMAND}, value=byte[]{length=17, hash=-1644578928}}}}
21:46:35.695 [raft-server-1-state] TRACE i.a.p.s.impl.DefaultServiceExecutor - PrimitiveService{2}{type=PrimitiveType{name=test}, name=test} - Executing DefaultCommit{index=50, session=RaftSession{RaftServiceContext{server=1, type=PrimitiveType{name=test}, name=test, id=2}, session=2, timestamp=2018-06-05 09:46:35,504}, time=2018-06-05 09:46:35,504, operation=DefaultOperationId{id=write, type=COMMAND}, value=byte[]{length=17, hash=-1644578928}}
21:46:35.695 [raft-server-2-state] TRACE i.a.p.s.impl.DefaultServiceExecutor - PrimitiveService{2}{type=PrimitiveType{name=test}, name=test} - Executing DefaultCommit{index=50, session=RaftSession{RaftServiceContext{server=2, type=PrimitiveType{name=test}, name=test, id=2}, session=2, timestamp=2018-06-05 09:46:35,504}, time=2018-06-05 09:46:35,504, operation=DefaultOperationId{id=write, type=COMMAND}, value=byte[]{length=17, hash=-1644578928}}
21:46:35.728 [raft-server-3] TRACE i.a.p.raft.roles.LeaderAppender - RaftServer{3} - Sending AppendRequest{term=1, leader=3, prevLogIndex=51, prevLogTerm=1, entries=0, commitIndex=51} to 1
21:46:35.728 [raft-server-3] TRACE i.a.p.raft.roles.LeaderAppender - RaftServer{3} - Received AppendResponse{status=OK, term=1, succeeded=true, lastLogIndex=51} from 2
21:46:35.728 [raft-server-1] TRACE i.a.p.raft.roles.FollowerRole - RaftServer{1}{role=FOLLOWER} - Received AppendRequest{term=1, leader=3, prevLogIndex=51, prevLogTerm=1, entries=0, commitIndex=51}
21:46:35.728 [raft-server-3] TRACE i.a.p.raft.roles.LeaderAppender - RaftServer{3} - Sending AppendRequest{term=1, leader=3, prevLogIndex=51, prevLogTerm=1, entries=0, commitIndex=51} to 2
21:46:35.728 [raft-server-2] TRACE i.a.p.raft.roles.FollowerRole - RaftServer{2}{role=FOLLOWER} - Received AppendRequest{term=1, leader=3, prevLogIndex=51, prevLogTerm=1, entries=0, commitIndex=51}
21:46:35.728 [raft-server-3-state] TRACE i.a.p.raft.impl.RaftServiceManager - RaftServer{3} - Applying Indexed{index=51, entry=CommandEntry{term=1, timestamp=2018-06-05 09:46:35,535, session=2, sequence=45, operation=PrimitiveOperation{id=DefaultOperationId{id=write, type=COMMAND}, value=byte[]{length=17, hash=-1644578928}}}}
21:46:35.729 [raft-server-3-state] TRACE i.a.p.s.impl.DefaultServiceExecutor - PrimitiveService{2}{type=PrimitiveType{name=test}, name=test} - Executing DefaultCommit{index=51, session=RaftSession{RaftServiceContext{server=3, type=PrimitiveType{name=test}, name=test, id=2}, session=2, timestamp=2018-06-05 09:46:35,535}, time=2018-06-05 09:46:35,535, operation=DefaultOperationId{id=write, type=COMMAND}, value=byte[]{length=17, hash=-1644578928}}
21:46:35.729 [raft-server-3-state] TRACE i.a.protocols.raft.roles.LeaderRole - RaftServer{3}{role=LEADER} - Sending CommandResponse{status=OK, index=51, eventIndex=2, result=byte[]{length=2, hash=1342}}
21:46:35.753 [raft-server-1] TRACE i.a.p.raft.roles.FollowerRole - RaftServer{1}{role=FOLLOWER} - Committed entries up to index 51
21:46:35.753 [raft-server-2] TRACE i.a.p.raft.roles.FollowerRole - RaftServer{2}{role=FOLLOWER} - Committed entries up to index 51
21:46:35.753 [raft-server-1] TRACE i.a.p.raft.roles.FollowerRole - RaftServer{1}{role=FOLLOWER} - Sending AppendResponse{status=OK, term=1, succeeded=true, lastLogIndex=51}
21:46:35.753 [raft-server-2] TRACE i.a.p.raft.roles.FollowerRole - RaftServer{2}{role=FOLLOWER} - Sending AppendResponse{status=OK, term=1, succeeded=true, lastLogIndex=51}
21:46:35.753 [raft-server-3] TRACE i.a.p.raft.roles.LeaderAppender - RaftServer{3} - Received AppendResponse{status=OK, term=1, succeeded=true, lastLogIndex=51} from 1
21:46:35.753 [raft-server-2] TRACE i.a.p.raft.roles.FollowerRole - RaftServer{2}{role=FOLLOWER} - Sending CommandResponse{status=OK, index=51, eventIndex=2, result=byte[]{length=2, hash=1342}}
21:46:35.753 [raft-server-3] TRACE i.a.p.raft.roles.LeaderAppender - RaftServer{3} - Received AppendResponse{status=OK, term=1, succeeded=true, lastLogIndex=51} from 2
21:46:35.753 [raft-server-1-state] TRACE i.a.p.raft.impl.RaftServiceManager - RaftServer{1} - Applying Indexed{index=51, entry=CommandEntry{term=1, timestamp=2018-06-05 09:46:35,535, session=2, sequence=45, operation=PrimitiveOperation{id=DefaultOperationId{id=write, type=COMMAND}, value=byte[]{length=17, hash=-1644578928}}}}
21:46:35.753 [raft-client-2f4c8c2a-86e3-4c0e-9770-cf34b8eb1c33-4] TRACE i.a.p.r.p.impl.RaftProxyConnection - PartitionProxy{2}{type=PrimitiveType{name=test}, name=test} - Received CommandResponse{status=OK, index=51, eventIndex=2, result=byte[]{length=2, hash=1342}} from 2
21:46:35.754 [raft-client-2f4c8c2a-86e3-4c0e-9770-cf34b8eb1c33-4] TRACE i.a.p.r.p.impl.RaftProxySequencer - PartitionProxy{2}{type=PrimitiveType{name=test}, name=test} - Completing response CommandResponse{status=OK, index=51, eventIndex=2, result=byte[]{length=2, hash=1342}}
21:46:35.754 [raft-server-1-state] TRACE i.a.p.s.impl.DefaultServiceExecutor - PrimitiveService{2}{type=PrimitiveType{name=test}, name=test} - Executing DefaultCommit{index=51, session=RaftSession{RaftServiceContext{server=1, type=PrimitiveType{name=test}, name=test, id=2}, session=2, timestamp=2018-06-05 09:46:35,535}, time=2018-06-05 09:46:35,535, operation=DefaultOperationId{id=write, type=COMMAND}, value=byte[]{length=17, hash=-1644578928}}
21:46:35.754 [raft-server-2-state] TRACE i.a.p.raft.impl.RaftServiceManager - RaftServer{2} - Applying Indexed{index=51, entry=CommandEntry{term=1, timestamp=2018-06-05 09:46:35,535, session=2, sequence=45, operation=PrimitiveOperation{id=DefaultOperationId{id=write, type=COMMAND}, value=byte[]{length=17, hash=-1644578928}}}}
21:46:35.754 [raft-server-2-state] TRACE i.a.p.s.impl.DefaultServiceExecutor - PrimitiveService{2}{type=PrimitiveType{name=test}, name=test} - Executing DefaultCommit{index=51, session=RaftSession{RaftServiceContext{server=2, type=PrimitiveType{name=test}, name=test, id=2}, session=2, timestamp=2018-06-05 09:46:35,535}, time=2018-06-05 09:46:35,535, operation=DefaultOperationId{id=write, type=COMMAND}, value=byte[]{length=17, hash=-1644578928}}
21:46:35.754 [raft-client-2f4c8c2a-86e3-4c0e-9770-cf34b8eb1c33-4] TRACE i.a.p.r.p.impl.RaftProxyConnection - PartitionProxy{2}{type=PrimitiveType{name=test}, name=test} - Sending CommandRequest{session=2, sequence=46, operation=PrimitiveOperation{id=DefaultOperationId{id=write, type=COMMAND}, value=byte[]{length=17, hash=-1644578928}}} to 2
21:46:35.754 [raft-server-2] TRACE i.a.p.raft.roles.FollowerRole - RaftServer{2}{role=FOLLOWER} - Received CommandRequest{session=2, sequence=46, operation=PrimitiveOperation{id=DefaultOperationId{id=write, type=COMMAND}, value=byte[]{length=17, hash=-1644578928}}}
21:46:35.754 [raft-server-3] TRACE i.a.protocols.raft.roles.LeaderRole - RaftServer{3}{role=LEADER} - Received CommandRequest{session=2, sequence=46, operation=PrimitiveOperation{id=DefaultOperationId{id=write, type=COMMAND}, value=byte[]{length=17, hash=-1644578928}}}
21:46:35.754 [raft-server-3] TRACE i.a.protocols.raft.roles.LeaderRole - RaftServer{3}{role=LEADER} - Appended Indexed{index=52, entry=CommandEntry{term=1, timestamp=2018-06-05 09:46:35,754, session=2, sequence=46, operation=PrimitiveOperation{id=DefaultOperationId{id=write, type=COMMAND}, value=byte[]{length=17, hash=-1644578928}}}}
21:46:35.754 [raft-server-3] TRACE i.a.p.raft.roles.LeaderAppender - RaftServer{3} - Sending AppendRequest{term=1, leader=3, prevLogIndex=51, prevLogTerm=1, entries=1, commitIndex=51} to 2
21:46:35.754 [raft-server-2] TRACE i.a.p.raft.roles.FollowerRole - RaftServer{2}{role=FOLLOWER} - Received AppendRequest{term=1, leader=3, prevLogIndex=51, prevLogTerm=1, entries=1, commitIndex=51}
21:46:35.754 [raft-server-3] TRACE i.a.p.raft.roles.LeaderAppender - RaftServer{3} - Sending AppendRequest{term=1, leader=3, prevLogIndex=51, prevLogTerm=1, entries=1, commitIndex=51} to 1
21:46:35.754 [raft-server-1] TRACE i.a.p.raft.roles.FollowerRole - RaftServer{1}{role=FOLLOWER} - Received AppendRequest{term=1, leader=3, prevLogIndex=51, prevLogTerm=1, entries=1, commitIndex=51}
21:46:35.755 [raft-server-2] TRACE i.a.p.raft.roles.FollowerRole - RaftServer{2}{role=FOLLOWER} - Appended Indexed{index=52, entry=CommandEntry{term=1, timestamp=2018-06-05 09:46:35,754, session=2, sequence=46, operation=PrimitiveOperation{id=DefaultOperationId{id=write, type=COMMAND}, value=byte[]{length=17, hash=-1644578928}}}}
21:46:35.755 [raft-server-2] TRACE i.a.p.raft.roles.FollowerRole - RaftServer{2}{role=FOLLOWER} - Sending AppendResponse{status=OK, term=1, succeeded=true, lastLogIndex=52}
21:46:35.755 [raft-server-1] TRACE i.a.p.raft.roles.FollowerRole - RaftServer{1}{role=FOLLOWER} - Appended Indexed{index=52, entry=CommandEntry{term=1, timestamp=2018-06-05 09:46:35,754, session=2, sequence=46, operation=PrimitiveOperation{id=DefaultOperationId{id=write, type=COMMAND}, value=byte[]{length=17, hash=-1644578928}}}}
21:46:35.755 [raft-server-3] TRACE i.a.p.raft.roles.LeaderAppender - RaftServer{3} - Received AppendResponse{status=OK, term=1, succeeded=true, lastLogIndex=52} from 2
21:46:35.755 [raft-server-1] TRACE i.a.p.raft.roles.FollowerRole - RaftServer{1}{role=FOLLOWER} - Sending AppendResponse{status=OK, term=1, succeeded=true, lastLogIndex=52}
21:46:35.755 [raft-server-3] TRACE i.a.p.raft.roles.LeaderAppender - RaftServer{3} - Committed entries up to 52
21:46:35.786 [raft-server-3] TRACE i.a.p.raft.roles.LeaderAppender - RaftServer{3} - Received AppendResponse{status=OK, term=1, succeeded=true, lastLogIndex=52} from 1
21:46:35.787 [raft-server-3-state] TRACE i.a.p.raft.impl.RaftServiceManager - RaftServer{3} - Applying Indexed{index=52, entry=CommandEntry{term=1, timestamp=2018-06-05 09:46:35,754, session=2, sequence=46, operation=PrimitiveOperation{id=DefaultOperationId{id=write, type=COMMAND}, value=byte[]{length=17, hash=-1644578928}}}}
21:46:35.787 [raft-server-3-state] TRACE i.a.p.s.impl.DefaultServiceExecutor - PrimitiveService{2}{type=PrimitiveType{name=test}, name=test} - Executing DefaultCommit{index=52, session=RaftSession{RaftServiceContext{server=3, type=PrimitiveType{name=test}, name=test, id=2}, session=2, timestamp=2018-06-05 09:46:35,754}, time=2018-06-05 09:46:35,754, operation=DefaultOperationId{id=write, type=COMMAND}, value=byte[]{length=17, hash=-1644578928}}
21:46:35.787 [raft-server-3-state] TRACE i.a.protocols.raft.roles.LeaderRole - RaftServer{3}{role=LEADER} - Sending CommandResponse{status=OK, index=52, eventIndex=2, result=byte[]{length=2, hash=1344}}
21:46:35.787 [raft-server-2] TRACE i.a.p.raft.roles.FollowerRole - RaftServer{2}{role=FOLLOWER} - Sending CommandResponse{status=OK, index=52, eventIndex=2, result=byte[]{length=2, hash=1344}}
21:46:35.787 [raft-client-2f4c8c2a-86e3-4c0e-9770-cf34b8eb1c33-6] TRACE i.a.p.r.p.impl.RaftProxyConnection - PartitionProxy{2}{type=PrimitiveType{name=test}, name=test} - Received CommandResponse{status=OK, index=52, eventIndex=2, result=byte[]{length=2, hash=1344}} from 2
21:46:35.787 [raft-client-2f4c8c2a-86e3-4c0e-9770-cf34b8eb1c33-6] TRACE i.a.p.r.p.impl.RaftProxySequencer - PartitionProxy{2}{type=PrimitiveType{name=test}, name=test} - Completing response CommandResponse{status=OK, index=52, eventIndex=2, result=byte[]{length=2, hash=1344}}
21:46:35.787 [raft-client-2f4c8c2a-86e3-4c0e-9770-cf34b8eb1c33-5] TRACE i.a.p.r.p.impl.RaftProxyConnection - PartitionProxy{2}{type=PrimitiveType{name=test}, name=test} - Sending CommandRequest{session=2, sequence=47, operation=PrimitiveOperation{id=DefaultOperationId{id=write, type=COMMAND}, value=byte[]{length=17, hash=-1644578928}}} to 2
21:46:35.787 [raft-server-2] TRACE i.a.p.raft.roles.FollowerRole - RaftServer{2}{role=FOLLOWER} - Received CommandRequest{session=2, sequence=47, operation=PrimitiveOperation{id=DefaultOperationId{id=write, type=COMMAND}, value=byte[]{length=17, hash=-1644578928}}}
21:46:35.787 [raft-server-3] TRACE i.a.protocols.raft.roles.LeaderRole - RaftServer{3}{role=LEADER} - Received CommandRequest{session=2, sequence=47, operation=PrimitiveOperation{id=DefaultOperationId{id=write, type=COMMAND}, value=byte[]{length=17, hash=-1644578928}}}
21:46:35.788 [raft-server-3] TRACE i.a.protocols.raft.roles.LeaderRole - RaftServer{3}{role=LEADER} - Appended Indexed{index=53, entry=CommandEntry{term=1, timestamp=2018-06-05 09:46:35,788, session=2, sequence=47, operation=PrimitiveOperation{id=DefaultOperationId{id=write, type=COMMAND}, value=byte[]{length=17, hash=-1644578928}}}}
21:46:35.788 [raft-server-3] TRACE i.a.p.raft.roles.LeaderAppender - RaftServer{3} - Sending AppendRequest{term=1, leader=3, prevLogIndex=52, prevLogTerm=1, entries=1, commitIndex=52} to 2
21:46:35.788 [raft-server-2] TRACE i.a.p.raft.roles.FollowerRole - RaftServer{2}{role=FOLLOWER} - Received AppendRequest{term=1, leader=3, prevLogIndex=52, prevLogTerm=1, entries=1, commitIndex=52}
21:46:35.788 [raft-server-3] TRACE i.a.p.raft.roles.LeaderAppender - RaftServer{3} - Sending AppendRequest{term=1, leader=3, prevLogIndex=52, prevLogTerm=1, entries=1, commitIndex=52} to 1
21:46:35.788 [raft-server-1] TRACE i.a.p.raft.roles.FollowerRole - RaftServer{1}{role=FOLLOWER} - Received AppendRequest{term=1, leader=3, prevLogIndex=52, prevLogTerm=1, entries=1, commitIndex=52}
21:46:35.788 [raft-server-2] TRACE i.a.p.raft.roles.FollowerRole - RaftServer{2}{role=FOLLOWER} - Appended Indexed{index=53, entry=CommandEntry{term=1, timestamp=2018-06-05 09:46:35,788, session=2, sequence=47, operation=PrimitiveOperation{id=DefaultOperationId{id=write, type=COMMAND}, value=byte[]{length=17, hash=-1644578928}}}}
21:46:35.788 [raft-server-1] TRACE i.a.p.raft.roles.FollowerRole - RaftServer{1}{role=FOLLOWER} - Appended Indexed{index=53, entry=CommandEntry{term=1, timestamp=2018-06-05 09:46:35,788, session=2, sequence=47, operation=PrimitiveOperation{id=DefaultOperationId{id=write, type=COMMAND}, value=byte[]{length=17, hash=-1644578928}}}}
21:46:35.820 [raft-server-2] TRACE i.a.p.raft.roles.FollowerRole - RaftServer{2}{role=FOLLOWER} - Committed entries up to index 52
21:46:35.820 [raft-server-1] TRACE i.a.p.raft.roles.FollowerRole - RaftServer{1}{role=FOLLOWER} - Committed entries up to index 52
21:46:35.820 [raft-server-2] TRACE i.a.p.raft.roles.FollowerRole - RaftServer{2}{role=FOLLOWER} - Sending AppendResponse{status=OK, term=1, succeeded=true, lastLogIndex=53}
21:46:35.820 [raft-server-1] TRACE i.a.p.raft.roles.FollowerRole - RaftServer{1}{role=FOLLOWER} - Sending AppendResponse{status=OK, term=1, succeeded=true, lastLogIndex=53}
21:46:35.820 [raft-server-3] TRACE i.a.p.raft.roles.LeaderAppender - RaftServer{3} - Received AppendResponse{status=OK, term=1, succeeded=true, lastLogIndex=53} from 2
21:46:35.820 [raft-server-3] TRACE i.a.p.raft.roles.LeaderAppender - RaftServer{3} - Committed entries up to 53
21:46:35.820 [raft-server-1-state] TRACE i.a.p.raft.impl.RaftServiceManager - RaftServer{1} - Applying Indexed{index=52, entry=CommandEntry{term=1, timestamp=2018-06-05 09:46:35,754, session=2, sequence=46, operation=PrimitiveOperation{id=DefaultOperationId{id=write, type=COMMAND}, value=byte[]{length=17, hash=-1644578928}}}}
21:46:35.820 [raft-server-1-state] TRACE i.a.p.s.impl.DefaultServiceExecutor - PrimitiveService{2}{type=PrimitiveType{name=test}, name=test} - Executing DefaultCommit{index=52, session=RaftSession{RaftServiceContext{server=1, type=PrimitiveType{name=test}, name=test, id=2}, session=2, timestamp=2018-06-05 09:46:35,754}, time=2018-06-05 09:46:35,754, operation=DefaultOperationId{id=write, type=COMMAND}, value=byte[]{length=17, hash=-1644578928}}
21:46:35.820 [raft-server-2-state] TRACE i.a.p.raft.impl.RaftServiceManager - RaftServer{2} - Applying Indexed{index=52, entry=CommandEntry{term=1, timestamp=2018-06-05 09:46:35,754, session=2, sequence=46, operation=PrimitiveOperation{id=DefaultOperationId{id=write, type=COMMAND}, value=byte[]{length=17, hash=-1644578928}}}}
21:46:35.820 [raft-server-2-state] TRACE i.a.p.s.impl.DefaultServiceExecutor - PrimitiveService{2}{type=PrimitiveType{name=test}, name=test} - Executing DefaultCommit{index=52, session=RaftSession{RaftServiceContext{server=2, type=PrimitiveType{name=test}, name=test, id=2}, session=2, timestamp=2018-06-05 09:46:35,754}, time=2018-06-05 09:46:35,754, operation=DefaultOperationId{id=write, type=COMMAND}, value=byte[]{length=17, hash=-1644578928}}
21:46:35.853 [raft-server-3] TRACE i.a.p.raft.roles.LeaderAppender - RaftServer{3} - Received AppendResponse{status=OK, term=1, succeeded=true, lastLogIndex=53} from 1
21:46:35.853 [raft-server-3] TRACE i.a.p.raft.roles.LeaderAppender - RaftServer{3} - Sending AppendRequest{term=1, leader=3, prevLogIndex=53, prevLogTerm=1, entries=0, commitIndex=53} to 2
21:46:35.853 [raft-server-3] TRACE i.a.p.raft.roles.LeaderAppender - RaftServer{3} - Sending AppendRequest{term=1, leader=3, prevLogIndex=53, prevLogTerm=1, entries=0, commitIndex=53} to 1
21:46:35.853 [raft-server-1] TRACE i.a.p.raft.roles.FollowerRole - RaftServer{1}{role=FOLLOWER} - Received AppendRequest{term=1, leader=3, prevLogIndex=53, prevLogTerm=1, entries=0, commitIndex=53}
21:46:35.853 [raft-server-2] TRACE i.a.p.raft.roles.FollowerRole - RaftServer{2}{role=FOLLOWER} - Received AppendRequest{term=1, leader=3, prevLogIndex=53, prevLogTerm=1, entries=0, commitIndex=53}
21:46:35.853 [raft-server-1] TRACE i.a.p.raft.roles.FollowerRole - RaftServer{1}{role=FOLLOWER} - Committed entries up to index 53
21:46:35.853 [raft-server-3-state] TRACE i.a.p.raft.impl.RaftServiceManager - RaftServer{3} - Applying Indexed{index=53, entry=CommandEntry{term=1, timestamp=2018-06-05 09:46:35,788, session=2, sequence=47, operation=PrimitiveOperation{id=DefaultOperationId{id=write, type=COMMAND}, value=byte[]{length=17, hash=-1644578928}}}}
21:46:35.853 [raft-server-1] TRACE i.a.p.raft.roles.FollowerRole - RaftServer{1}{role=FOLLOWER} - Sending AppendResponse{status=OK, term=1, succeeded=true, lastLogIndex=53}
21:46:35.854 [raft-server-3-state] TRACE i.a.p.s.impl.DefaultServiceExecutor - PrimitiveService{2}{type=PrimitiveType{name=test}, name=test} - Executing DefaultCommit{index=53, session=RaftSession{RaftServiceContext{server=3, type=PrimitiveType{name=test}, name=test, id=2}, session=2, timestamp=2018-06-05 09:46:35,788}, time=2018-06-05 09:46:35,788, operation=DefaultOperationId{id=write, type=COMMAND}, value=byte[]{length=17, hash=-1644578928}}
21:46:35.854 [raft-server-1-state] TRACE i.a.p.raft.impl.RaftServiceManager - RaftServer{1} - Applying Indexed{index=53, entry=CommandEntry{term=1, timestamp=2018-06-05 09:46:35,788, session=2, sequence=47, operation=PrimitiveOperation{id=DefaultOperationId{id=write, type=COMMAND}, value=byte[]{length=17, hash=-1644578928}}}}
21:46:35.854 [raft-server-3-state] TRACE i.a.protocols.raft.roles.LeaderRole - RaftServer{3}{role=LEADER} - Sending CommandResponse{status=OK, index=53, eventIndex=2, result=byte[]{length=2, hash=1346}}
21:46:35.854 [raft-server-3] TRACE i.a.p.raft.roles.LeaderAppender - RaftServer{3} - Received AppendResponse{status=OK, term=1, succeeded=true, lastLogIndex=53} from 1
21:46:35.854 [raft-server-1-state] TRACE i.a.p.s.impl.DefaultServiceExecutor - PrimitiveService{2}{type=PrimitiveType{name=test}, name=test} - Executing DefaultCommit{index=53, session=RaftSession{RaftServiceContext{server=1, type=PrimitiveType{name=test}, name=test, id=2}, session=2, timestamp=2018-06-05 09:46:35,788}, time=2018-06-05 09:46:35,788, operation=DefaultOperationId{id=write, type=COMMAND}, value=byte[]{length=17, hash=-1644578928}}
21:46:35.854 [raft-server-3] TRACE i.a.p.raft.roles.LeaderAppender - RaftServer{3} - Sending AppendRequest{term=1, leader=3, prevLogIndex=53, prevLogTerm=1, entries=0, commitIndex=53} to 1
21:46:35.854 [raft-server-1] TRACE i.a.p.raft.roles.FollowerRole - RaftServer{1}{role=FOLLOWER} - Received AppendRequest{term=1, leader=3, prevLogIndex=53, prevLogTerm=1, entries=0, commitIndex=53}
21:46:35.854 [raft-server-1] TRACE i.a.p.raft.roles.FollowerRole - RaftServer{1}{role=FOLLOWER} - Sending AppendResponse{status=OK, term=1, succeeded=true, lastLogIndex=53}
21:46:35.854 [raft-server-3] TRACE i.a.p.raft.roles.LeaderAppender - RaftServer{3} - Received AppendResponse{status=OK, term=1, succeeded=true, lastLogIndex=53} from 1
21:46:35.883 [raft-server-2] TRACE i.a.p.raft.roles.FollowerRole - RaftServer{2}{role=FOLLOWER} - Committed entries up to index 53
21:46:35.883 [raft-server-2] TRACE i.a.p.raft.roles.FollowerRole - RaftServer{2}{role=FOLLOWER} - Sending AppendResponse{status=OK, term=1, succeeded=true, lastLogIndex=53}
21:46:35.883 [raft-server-2] TRACE i.a.p.raft.roles.FollowerRole - RaftServer{2}{role=FOLLOWER} - Sending CommandResponse{status=OK, index=53, eventIndex=2, result=byte[]{length=2, hash=1346}}
21:46:35.883 [raft-server-3] TRACE i.a.p.raft.roles.LeaderAppender - RaftServer{3} - Received AppendResponse{status=OK, term=1, succeeded=true, lastLogIndex=53} from 2
21:46:35.884 [raft-client-2f4c8c2a-86e3-4c0e-9770-cf34b8eb1c33-2] TRACE i.a.p.r.p.impl.RaftProxyConnection - PartitionProxy{2}{type=PrimitiveType{name=test}, name=test} - Received CommandResponse{status=OK, index=53, eventIndex=2, result=byte[]{length=2, hash=1346}} from 2
21:46:35.884 [raft-server-2-state] TRACE i.a.p.raft.impl.RaftServiceManager - RaftServer{2} - Applying Indexed{index=53, entry=CommandEntry{term=1, timestamp=2018-06-05 09:46:35,788, session=2, sequence=47, operation=PrimitiveOperation{id=DefaultOperationId{id=write, type=COMMAND}, value=byte[]{length=17, hash=-1644578928}}}}
21:46:35.884 [raft-client-2f4c8c2a-86e3-4c0e-9770-cf34b8eb1c33-2] TRACE i.a.p.r.p.impl.RaftProxySequencer - PartitionProxy{2}{type=PrimitiveType{name=test}, name=test} - Completing response CommandResponse{status=OK, index=53, eventIndex=2, result=byte[]{length=2, hash=1346}}
21:46:35.884 [raft-server-2-state] TRACE i.a.p.s.impl.DefaultServiceExecutor - PrimitiveService{2}{type=PrimitiveType{name=test}, name=test} - Executing DefaultCommit{index=53, session=RaftSession{RaftServiceContext{server=2, type=PrimitiveType{name=test}, name=test, id=2}, session=2, timestamp=2018-06-05 09:46:35,788}, time=2018-06-05 09:46:35,788, operation=DefaultOperationId{id=write, type=COMMAND}, value=byte[]{length=17, hash=-1644578928}}
21:46:35.884 [raft-client-2f4c8c2a-86e3-4c0e-9770-cf34b8eb1c33-2] TRACE i.a.p.r.p.impl.RaftProxyConnection - PartitionProxy{2}{type=PrimitiveType{name=test}, name=test} - Sending CommandRequest{session=2, sequence=48, operation=PrimitiveOperation{id=DefaultOperationId{id=write, type=COMMAND}, value=byte[]{length=17, hash=-1644578928}}} to 2
21:46:35.884 [raft-server-2] TRACE i.a.p.raft.roles.FollowerRole - RaftServer{2}{role=FOLLOWER} - Received CommandRequest{session=2, sequence=48, operation=PrimitiveOperation{id=DefaultOperationId{id=write, type=COMMAND}, value=byte[]{length=17, hash=-1644578928}}}
21:46:35.884 [raft-server-3] TRACE i.a.protocols.raft.roles.LeaderRole - RaftServer{3}{role=LEADER} - Received CommandRequest{session=2, sequence=48, operation=PrimitiveOperation{id=DefaultOperationId{id=write, type=COMMAND}, value=byte[]{length=17, hash=-1644578928}}}
21:46:35.884 [raft-server-3] TRACE i.a.protocols.raft.roles.LeaderRole - RaftServer{3}{role=LEADER} - Appended Indexed{index=54, entry=CommandEntry{term=1, timestamp=2018-06-05 09:46:35,884, session=2, sequence=48, operation=PrimitiveOperation{id=DefaultOperationId{id=write, type=COMMAND}, value=byte[]{length=17, hash=-1644578928}}}}
21:46:35.884 [raft-server-3] TRACE i.a.p.raft.roles.LeaderAppender - RaftServer{3} - Sending AppendRequest{term=1, leader=3, prevLogIndex=53, prevLogTerm=1, entries=1, commitIndex=53} to 2
21:46:35.884 [raft-server-2] TRACE i.a.p.raft.roles.FollowerRole - RaftServer{2}{role=FOLLOWER} - Received AppendRequest{term=1, leader=3, prevLogIndex=53, prevLogTerm=1, entries=1, commitIndex=53}
21:46:35.884 [raft-server-3] TRACE i.a.p.raft.roles.LeaderAppender - RaftServer{3} - Sending AppendRequest{term=1, leader=3, prevLogIndex=53, prevLogTerm=1, entries=1, commitIndex=53} to 1
21:46:35.884 [raft-server-1] TRACE i.a.p.raft.roles.FollowerRole - RaftServer{1}{role=FOLLOWER} - Received AppendRequest{term=1, leader=3, prevLogIndex=53, prevLogTerm=1, entries=1, commitIndex=53}
21:46:35.884 [raft-server-2] TRACE i.a.p.raft.roles.FollowerRole - RaftServer{2}{role=FOLLOWER} - Appended Indexed{index=54, entry=CommandEntry{term=1, timestamp=2018-06-05 09:46:35,884, session=2, sequence=48, operation=PrimitiveOperation{id=DefaultOperationId{id=write, type=COMMAND}, value=byte[]{length=17, hash=-1644578928}}}}
21:46:35.885 [raft-server-2] TRACE i.a.p.raft.roles.FollowerRole - RaftServer{2}{role=FOLLOWER} - Sending AppendResponse{status=OK, term=1, succeeded=true, lastLogIndex=54}
21:46:35.885 [raft-server-1] TRACE i.a.p.raft.roles.FollowerRole - RaftServer{1}{role=FOLLOWER} - Appended Indexed{index=54, entry=CommandEntry{term=1, timestamp=2018-06-05 09:46:35,884, session=2, sequence=48, operation=PrimitiveOperation{id=DefaultOperationId{id=write, type=COMMAND}, value=byte[]{length=17, hash=-1644578928}}}}
21:46:35.885 [raft-server-3] TRACE i.a.p.raft.roles.LeaderAppender - RaftServer{3} - Received AppendResponse{status=OK, term=1, succeeded=true, lastLogIndex=54} from 2
21:46:35.885 [raft-server-1] TRACE i.a.p.raft.roles.FollowerRole - RaftServer{1}{role=FOLLOWER} - Sending AppendResponse{status=OK, term=1, succeeded=true, lastLogIndex=54}
21:46:35.885 [raft-server-3] TRACE i.a.p.raft.roles.LeaderAppender - RaftServer{3} - Committed entries up to 54
21:46:35.917 [raft-server-3] TRACE i.a.p.raft.roles.LeaderAppender - RaftServer{3} - Received AppendResponse{status=OK, term=1, succeeded=true, lastLogIndex=54} from 1
21:46:35.917 [raft-server-3-state] TRACE i.a.p.raft.impl.RaftServiceManager - RaftServer{3} - Applying Indexed{index=54, entry=CommandEntry{term=1, timestamp=2018-06-05 09:46:35,884, session=2, sequence=48, operation=PrimitiveOperation{id=DefaultOperationId{id=write, type=COMMAND}, value=byte[]{length=17, hash=-1644578928}}}}
21:46:35.917 [raft-server-3-state] TRACE i.a.p.s.impl.DefaultServiceExecutor - PrimitiveService{2}{type=PrimitiveType{name=test}, name=test} - Executing DefaultCommit{index=54, session=RaftSession{RaftServiceContext{server=3, type=PrimitiveType{name=test}, name=test, id=2}, session=2, timestamp=2018-06-05 09:46:35,884}, time=2018-06-05 09:46:35,884, operation=DefaultOperationId{id=write, type=COMMAND}, value=byte[]{length=17, hash=-1644578928}}
21:46:35.917 [raft-server-3-state] TRACE i.a.protocols.raft.roles.LeaderRole - RaftServer{3}{role=LEADER} - Sending CommandResponse{status=OK, index=54, eventIndex=2, result=byte[]{length=2, hash=1348}}
21:46:35.917 [raft-server-2] TRACE i.a.p.raft.roles.FollowerRole - RaftServer{2}{role=FOLLOWER} - Sending CommandResponse{status=OK, index=54, eventIndex=2, result=byte[]{length=2, hash=1348}}
21:46:35.917 [raft-client-2f4c8c2a-86e3-4c0e-9770-cf34b8eb1c33-1] TRACE i.a.p.r.p.impl.RaftProxyConnection - PartitionProxy{2}{type=PrimitiveType{name=test}, name=test} - Received CommandResponse{status=OK, index=54, eventIndex=2, result=byte[]{length=2, hash=1348}} from 2
21:46:35.917 [raft-client-2f4c8c2a-86e3-4c0e-9770-cf34b8eb1c33-1] TRACE i.a.p.r.p.impl.RaftProxySequencer - PartitionProxy{2}{type=PrimitiveType{name=test}, name=test} - Completing response CommandResponse{status=OK, index=54, eventIndex=2, result=byte[]{length=2, hash=1348}}
21:46:35.918 [raft-client-2f4c8c2a-86e3-4c0e-9770-cf34b8eb1c33-3] TRACE i.a.p.r.p.impl.RaftProxyConnection - PartitionProxy{2}{type=PrimitiveType{name=test}, name=test} - Sending CommandRequest{session=2, sequence=49, operation=PrimitiveOperation{id=DefaultOperationId{id=write, type=COMMAND}, value=byte[]{length=17, hash=-1644578928}}} to 2
21:46:35.918 [raft-server-2] TRACE i.a.p.raft.roles.FollowerRole - RaftServer{2}{role=FOLLOWER} - Received CommandRequest{session=2, sequence=49, operation=PrimitiveOperation{id=DefaultOperationId{id=write, type=COMMAND}, value=byte[]{length=17, hash=-1644578928}}}
21:46:35.918 [raft-server-3] TRACE i.a.protocols.raft.roles.LeaderRole - RaftServer{3}{role=LEADER} - Received CommandRequest{session=2, sequence=49, operation=PrimitiveOperation{id=DefaultOperationId{id=write, type=COMMAND}, value=byte[]{length=17, hash=-1644578928}}}
21:46:35.918 [raft-server-3] TRACE i.a.protocols.raft.roles.LeaderRole - RaftServer{3}{role=LEADER} - Appended Indexed{index=55, entry=CommandEntry{term=1, timestamp=2018-06-05 09:46:35,918, session=2, sequence=49, operation=PrimitiveOperation{id=DefaultOperationId{id=write, type=COMMAND}, value=byte[]{length=17, hash=-1644578928}}}}
21:46:35.918 [raft-server-3] TRACE i.a.p.raft.roles.LeaderAppender - RaftServer{3} - Sending AppendRequest{term=1, leader=3, prevLogIndex=54, prevLogTerm=1, entries=1, commitIndex=54} to 2
21:46:35.918 [raft-server-3] TRACE i.a.p.raft.roles.LeaderAppender - RaftServer{3} - Sending AppendRequest{term=1, leader=3, prevLogIndex=54, prevLogTerm=1, entries=1, commitIndex=54} to 1
21:46:35.918 [raft-server-2] TRACE i.a.p.raft.roles.FollowerRole - RaftServer{2}{role=FOLLOWER} - Received AppendRequest{term=1, leader=3, prevLogIndex=54, prevLogTerm=1, entries=1, commitIndex=54}
21:46:35.918 [raft-server-1] TRACE i.a.p.raft.roles.FollowerRole - RaftServer{1}{role=FOLLOWER} - Received AppendRequest{term=1, leader=3, prevLogIndex=54, prevLogTerm=1, entries=1, commitIndex=54}
21:46:35.918 [raft-server-2] TRACE i.a.p.raft.roles.FollowerRole - RaftServer{2}{role=FOLLOWER} - Appended Indexed{index=55, entry=CommandEntry{term=1, timestamp=2018-06-05 09:46:35,918, session=2, sequence=49, operation=PrimitiveOperation{id=DefaultOperationId{id=write, type=COMMAND}, value=byte[]{length=17, hash=-1644578928}}}}
21:46:35.918 [raft-server-1] TRACE i.a.p.raft.roles.FollowerRole - RaftServer{1}{role=FOLLOWER} - Appended Indexed{index=55, entry=CommandEntry{term=1, timestamp=2018-06-05 09:46:35,918, session=2, sequence=49, operation=PrimitiveOperation{id=DefaultOperationId{id=write, type=COMMAND}, value=byte[]{length=17, hash=-1644578928}}}}
21:46:35.950 [raft-server-2] TRACE i.a.p.raft.roles.FollowerRole - RaftServer{2}{role=FOLLOWER} - Committed entries up to index 54
21:46:35.950 [raft-server-1] TRACE i.a.p.raft.roles.FollowerRole - RaftServer{1}{role=FOLLOWER} - Committed entries up to index 54
21:46:35.950 [raft-server-2] TRACE i.a.p.raft.roles.FollowerRole - RaftServer{2}{role=FOLLOWER} - Sending AppendResponse{status=OK, term=1, succeeded=true, lastLogIndex=55}
21:46:35.950 [raft-server-1] TRACE i.a.p.raft.roles.FollowerRole - RaftServer{1}{role=FOLLOWER} - Sending AppendResponse{status=OK, term=1, succeeded=true, lastLogIndex=55}
21:46:35.950 [raft-server-3] TRACE i.a.p.raft.roles.LeaderAppender - RaftServer{3} - Received AppendResponse{status=OK, term=1, succeeded=true, lastLogIndex=55} from 2
21:46:35.950 [raft-server-2-state] TRACE i.a.p.raft.impl.RaftServiceManager - RaftServer{2} - Applying Indexed{index=54, entry=CommandEntry{term=1, timestamp=2018-06-05 09:46:35,884, session=2, sequence=48, operation=PrimitiveOperation{id=DefaultOperationId{id=write, type=COMMAND}, value=byte[]{length=17, hash=-1644578928}}}}
21:46:35.950 [raft-server-3] TRACE i.a.p.raft.roles.LeaderAppender - RaftServer{3} - Committed entries up to 55
21:46:35.950 [raft-server-1-state] TRACE i.a.p.raft.impl.RaftServiceManager - RaftServer{1} - Applying Indexed{index=54, entry=CommandEntry{term=1, timestamp=2018-06-05 09:46:35,884, session=2, sequence=48, operation=PrimitiveOperation{id=DefaultOperationId{id=write, type=COMMAND}, value=byte[]{length=17, hash=-1644578928}}}}
21:46:35.951 [raft-server-2-state] TRACE i.a.p.s.impl.DefaultServiceExecutor - PrimitiveService{2}{type=PrimitiveType{name=test}, name=test} - Executing DefaultCommit{index=54, session=RaftSession{RaftServiceContext{server=2, type=PrimitiveType{name=test}, name=test, id=2}, session=2, timestamp=2018-06-05 09:46:35,884}, time=2018-06-05 09:46:35,884, operation=DefaultOperationId{id=write, type=COMMAND}, value=byte[]{length=17, hash=-1644578928}}
21:46:35.951 [raft-server-1-state] TRACE i.a.p.s.impl.DefaultServiceExecutor - PrimitiveService{2}{type=PrimitiveType{name=test}, name=test} - Executing DefaultCommit{index=54, session=RaftSession{RaftServiceContext{server=1, type=PrimitiveType{name=test}, name=test, id=2}, session=2, timestamp=2018-06-05 09:46:35,884}, time=2018-06-05 09:46:35,884, operation=DefaultOperationId{id=write, type=COMMAND}, value=byte[]{length=17, hash=-1644578928}}
21:46:35.983 [raft-server-3] TRACE i.a.p.raft.roles.LeaderAppender - RaftServer{3} - Received AppendResponse{status=OK, term=1, succeeded=true, lastLogIndex=55} from 1
21:46:35.984 [raft-server-3-state] TRACE i.a.p.raft.impl.RaftServiceManager - RaftServer{3} - Applying Indexed{index=55, entry=CommandEntry{term=1, timestamp=2018-06-05 09:46:35,918, session=2, sequence=49, operation=PrimitiveOperation{id=DefaultOperationId{id=write, type=COMMAND}, value=byte[]{length=17, hash=-1644578928}}}}
21:46:35.984 [raft-server-3-state] TRACE i.a.p.s.impl.DefaultServiceExecutor - PrimitiveService{2}{type=PrimitiveType{name=test}, name=test} - Executing DefaultCommit{index=55, session=RaftSession{RaftServiceContext{server=3, type=PrimitiveType{name=test}, name=test, id=2}, session=2, timestamp=2018-06-05 09:46:35,918}, time=2018-06-05 09:46:35,918, operation=DefaultOperationId{id=write, type=COMMAND}, value=byte[]{length=17, hash=-1644578928}}
21:46:35.984 [raft-server-3-state] TRACE i.a.protocols.raft.roles.LeaderRole - RaftServer{3}{role=LEADER} - Sending CommandResponse{status=OK, index=55, eventIndex=2, result=byte[]{length=2, hash=1350}}
21:46:35.984 [raft-server-2] TRACE i.a.p.raft.roles.FollowerRole - RaftServer{2}{role=FOLLOWER} - Sending CommandResponse{status=OK, index=55, eventIndex=2, result=byte[]{length=2, hash=1350}}
21:46:35.984 [raft-client-2f4c8c2a-86e3-4c0e-9770-cf34b8eb1c33-6] TRACE i.a.p.r.p.impl.RaftProxyConnection - PartitionProxy{2}{type=PrimitiveType{name=test}, name=test} - Received CommandResponse{status=OK, index=55, eventIndex=2, result=byte[]{length=2, hash=1350}} from 2
21:46:35.984 [raft-client-2f4c8c2a-86e3-4c0e-9770-cf34b8eb1c33-6] TRACE i.a.p.r.p.impl.RaftProxySequencer - PartitionProxy{2}{type=PrimitiveType{name=test}, name=test} - Completing response CommandResponse{status=OK, index=55, eventIndex=2, result=byte[]{length=2, hash=1350}}
21:46:35.984 [raft-client-2f4c8c2a-86e3-4c0e-9770-cf34b8eb1c33-6] TRACE i.a.p.r.p.impl.RaftProxyConnection - PartitionProxy{2}{type=PrimitiveType{name=test}, name=test} - Sending CommandRequest{session=2, sequence=50, operation=PrimitiveOperation{id=DefaultOperationId{id=write, type=COMMAND}, value=byte[]{length=17, hash=-1644578928}}} to 2
21:46:35.984 [raft-server-2] TRACE i.a.p.raft.roles.FollowerRole - RaftServer{2}{role=FOLLOWER} - Received CommandRequest{session=2, sequence=50, operation=PrimitiveOperation{id=DefaultOperationId{id=write, type=COMMAND}, value=byte[]{length=17, hash=-1644578928}}}
21:46:35.985 [raft-server-3] TRACE i.a.protocols.raft.roles.LeaderRole - RaftServer{3}{role=LEADER} - Received CommandRequest{session=2, sequence=50, operation=PrimitiveOperation{id=DefaultOperationId{id=write, type=COMMAND}, value=byte[]{length=17, hash=-1644578928}}}
21:46:35.985 [raft-server-3] TRACE i.a.protocols.raft.roles.LeaderRole - RaftServer{3}{role=LEADER} - Appended Indexed{index=56, entry=CommandEntry{term=1, timestamp=2018-06-05 09:46:35,985, session=2, sequence=50, operation=PrimitiveOperation{id=DefaultOperationId{id=write, type=COMMAND}, value=byte[]{length=17, hash=-1644578928}}}}
21:46:35.985 [raft-server-3] TRACE i.a.p.raft.roles.LeaderAppender - RaftServer{3} - Sending AppendRequest{term=1, leader=3, prevLogIndex=55, prevLogTerm=1, entries=1, commitIndex=55} to 2
21:46:35.985 [raft-server-2] TRACE i.a.p.raft.roles.FollowerRole - RaftServer{2}{role=FOLLOWER} - Received AppendRequest{term=1, leader=3, prevLogIndex=55, prevLogTerm=1, entries=1, commitIndex=55}
21:46:35.985 [raft-server-3] TRACE i.a.p.raft.roles.LeaderAppender - RaftServer{3} - Sending AppendRequest{term=1, leader=3, prevLogIndex=55, prevLogTerm=1, entries=1, commitIndex=55} to 1
21:46:35.985 [raft-server-1] TRACE i.a.p.raft.roles.FollowerRole - RaftServer{1}{role=FOLLOWER} - Received AppendRequest{term=1, leader=3, prevLogIndex=55, prevLogTerm=1, entries=1, commitIndex=55}
21:46:35.985 [raft-server-2] TRACE i.a.p.raft.roles.FollowerRole - RaftServer{2}{role=FOLLOWER} - Appended Indexed{index=56, entry=CommandEntry{term=1, timestamp=2018-06-05 09:46:35,985, session=2, sequence=50, operation=PrimitiveOperation{id=DefaultOperationId{id=write, type=COMMAND}, value=byte[]{length=17, hash=-1644578928}}}}
21:46:35.985 [raft-server-1] TRACE i.a.p.raft.roles.FollowerRole - RaftServer{1}{role=FOLLOWER} - Appended Indexed{index=56, entry=CommandEntry{term=1, timestamp=2018-06-05 09:46:35,985, session=2, sequence=50, operation=PrimitiveOperation{id=DefaultOperationId{id=write, type=COMMAND}, value=byte[]{length=17, hash=-1644578928}}}}
21:46:36.017 [raft-server-2] TRACE i.a.p.raft.roles.FollowerRole - RaftServer{2}{role=FOLLOWER} - Committed entries up to index 55
21:46:36.017 [raft-server-1] TRACE i.a.p.raft.roles.FollowerRole - RaftServer{1}{role=FOLLOWER} - Committed entries up to index 55
21:46:36.017 [raft-server-2] TRACE i.a.p.raft.roles.FollowerRole - RaftServer{2}{role=FOLLOWER} - Sending AppendResponse{status=OK, term=1, succeeded=true, lastLogIndex=56}
21:46:36.017 [raft-server-1] TRACE i.a.p.raft.roles.FollowerRole - RaftServer{1}{role=FOLLOWER} - Sending AppendResponse{status=OK, term=1, succeeded=true, lastLogIndex=56}
21:46:36.017 [raft-server-3] TRACE i.a.p.raft.roles.LeaderAppender - RaftServer{3} - Received AppendResponse{status=OK, term=1, succeeded=true, lastLogIndex=56} from 2
21:46:36.017 [raft-server-3] TRACE i.a.p.raft.roles.LeaderAppender - RaftServer{3} - Committed entries up to 56
21:46:36.017 [raft-server-1-state] TRACE i.a.p.raft.impl.RaftServiceManager - RaftServer{1} - Applying Indexed{index=55, entry=CommandEntry{term=1, timestamp=2018-06-05 09:46:35,918, session=2, sequence=49, operation=PrimitiveOperation{id=DefaultOperationId{id=write, type=COMMAND}, value=byte[]{length=17, hash=-1644578928}}}}
21:46:36.017 [raft-server-2-state] TRACE i.a.p.raft.impl.RaftServiceManager - RaftServer{2} - Applying Indexed{index=55, entry=CommandEntry{term=1, timestamp=2018-06-05 09:46:35,918, session=2, sequence=49, operation=PrimitiveOperation{id=DefaultOperationId{id=write, type=COMMAND}, value=byte[]{length=17, hash=-1644578928}}}}
21:46:36.017 [raft-server-1-state] TRACE i.a.p.s.impl.DefaultServiceExecutor - PrimitiveService{2}{type=PrimitiveType{name=test}, name=test} - Executing DefaultCommit{index=55, session=RaftSession{RaftServiceContext{server=1, type=PrimitiveType{name=test}, name=test, id=2}, session=2, timestamp=2018-06-05 09:46:35,918}, time=2018-06-05 09:46:35,918, operation=DefaultOperationId{id=write, type=COMMAND}, value=byte[]{length=17, hash=-1644578928}}
21:46:36.017 [raft-server-2-state] TRACE i.a.p.s.impl.DefaultServiceExecutor - PrimitiveService{2}{type=PrimitiveType{name=test}, name=test} - Executing DefaultCommit{index=55, session=RaftSession{RaftServiceContext{server=2, type=PrimitiveType{name=test}, name=test, id=2}, session=2, timestamp=2018-06-05 09:46:35,918}, time=2018-06-05 09:46:35,918, operation=DefaultOperationId{id=write, type=COMMAND}, value=byte[]{length=17, hash=-1644578928}}
21:46:36.120 [raft-server-3] TRACE i.a.p.raft.roles.LeaderAppender - RaftServer{3} - Received AppendResponse{status=OK, term=1, succeeded=true, lastLogIndex=56} from 1
21:46:36.120 [raft-server-3] TRACE i.a.p.raft.roles.LeaderAppender - RaftServer{3} - Sending AppendRequest{term=1, leader=3, prevLogIndex=56, prevLogTerm=1, entries=0, commitIndex=56} to 2
21:46:36.120 [raft-server-2] TRACE i.a.p.raft.roles.FollowerRole - RaftServer{2}{role=FOLLOWER} - Received AppendRequest{term=1, leader=3, prevLogIndex=56, prevLogTerm=1, entries=0, commitIndex=56}
21:46:36.120 [raft-server-3] TRACE i.a.p.raft.roles.LeaderAppender - RaftServer{3} - Sending AppendRequest{term=1, leader=3, prevLogIndex=56, prevLogTerm=1, entries=0, commitIndex=56} to 1
21:46:36.120 [raft-server-1] TRACE i.a.p.raft.roles.FollowerRole - RaftServer{1}{role=FOLLOWER} - Received AppendRequest{term=1, leader=3, prevLogIndex=56, prevLogTerm=1, entries=0, commitIndex=56}
21:46:36.120 [raft-server-1] TRACE i.a.p.raft.roles.FollowerRole - RaftServer{1}{role=FOLLOWER} - Committed entries up to index 56
21:46:36.120 [raft-server-1] TRACE i.a.p.raft.roles.FollowerRole - RaftServer{1}{role=FOLLOWER} - Sending AppendResponse{status=OK, term=1, succeeded=true, lastLogIndex=56}
21:46:36.120 [raft-server-3-state] TRACE i.a.p.raft.impl.RaftServiceManager - RaftServer{3} - Applying Indexed{index=56, entry=CommandEntry{term=1, timestamp=2018-06-05 09:46:35,985, session=2, sequence=50, operation=PrimitiveOperation{id=DefaultOperationId{id=write, type=COMMAND}, value=byte[]{length=17, hash=-1644578928}}}}
21:46:36.121 [raft-server-3] TRACE i.a.p.raft.roles.LeaderAppender - RaftServer{3} - Received AppendResponse{status=OK, term=1, succeeded=true, lastLogIndex=56} from 1
21:46:36.121 [raft-server-1-state] TRACE i.a.p.raft.impl.RaftServiceManager - RaftServer{1} - Applying Indexed{index=56, entry=CommandEntry{term=1, timestamp=2018-06-05 09:46:35,985, session=2, sequence=50, operation=PrimitiveOperation{id=DefaultOperationId{id=write, type=COMMAND}, value=byte[]{length=17, hash=-1644578928}}}}
21:46:36.121 [raft-server-3-state] TRACE i.a.p.s.impl.DefaultServiceExecutor - PrimitiveService{2}{type=PrimitiveType{name=test}, name=test} - Executing DefaultCommit{index=56, session=RaftSession{RaftServiceContext{server=3, type=PrimitiveType{name=test}, name=test, id=2}, session=2, timestamp=2018-06-05 09:46:35,985}, time=2018-06-05 09:46:35,985, operation=DefaultOperationId{id=write, type=COMMAND}, value=byte[]{length=17, hash=-1644578928}}
21:46:36.121 [raft-server-3] TRACE i.a.p.raft.roles.LeaderAppender - RaftServer{3} - Sending AppendRequest{term=1, leader=3, prevLogIndex=56, prevLogTerm=1, entries=0, commitIndex=56} to 1
21:46:36.121 [raft-server-1-state] TRACE i.a.p.s.impl.DefaultServiceExecutor - PrimitiveService{2}{type=PrimitiveType{name=test}, name=test} - Executing DefaultCommit{index=56, session=RaftSession{RaftServiceContext{server=1, type=PrimitiveType{name=test}, name=test, id=2}, session=2, timestamp=2018-06-05 09:46:35,985}, time=2018-06-05 09:46:35,985, operation=DefaultOperationId{id=write, type=COMMAND}, value=byte[]{length=17, hash=-1644578928}}
21:46:36.121 [raft-server-1] TRACE i.a.p.raft.roles.FollowerRole - RaftServer{1}{role=FOLLOWER} - Received AppendRequest{term=1, leader=3, prevLogIndex=56, prevLogTerm=1, entries=0, commitIndex=56}
21:46:36.121 [raft-server-3-state] TRACE i.a.protocols.raft.roles.LeaderRole - RaftServer{3}{role=LEADER} - Sending CommandResponse{status=OK, index=56, eventIndex=2, result=byte[]{length=2, hash=1352}}
21:46:36.121 [raft-server-1] TRACE i.a.p.raft.roles.FollowerRole - RaftServer{1}{role=FOLLOWER} - Sending AppendResponse{status=OK, term=1, succeeded=true, lastLogIndex=56}
21:46:36.121 [raft-server-3] TRACE i.a.p.raft.roles.LeaderAppender - RaftServer{3} - Received AppendResponse{status=OK, term=1, succeeded=true, lastLogIndex=56} from 1
21:46:36.236 [raft-server-2] TRACE i.a.p.raft.roles.FollowerRole - RaftServer{2}{role=FOLLOWER} - Committed entries up to index 56
21:46:36.236 [raft-server-2] TRACE i.a.p.raft.roles.FollowerRole - RaftServer{2}{role=FOLLOWER} - Sending AppendResponse{status=OK, term=1, succeeded=true, lastLogIndex=56}
21:46:36.237 [raft-server-3] TRACE i.a.p.raft.roles.LeaderAppender - RaftServer{3} - Received AppendResponse{status=OK, term=1, succeeded=true, lastLogIndex=56} from 2
21:46:36.237 [raft-server-2] TRACE i.a.p.raft.roles.FollowerRole - RaftServer{2}{role=FOLLOWER} - Sending CommandResponse{status=OK, index=56, eventIndex=2, result=byte[]{length=2, hash=1352}}
21:46:36.237 [raft-client-2f4c8c2a-86e3-4c0e-9770-cf34b8eb1c33-0] TRACE i.a.p.r.p.impl.RaftProxyConnection - PartitionProxy{2}{type=PrimitiveType{name=test}, name=test} - Received CommandResponse{status=OK, index=56, eventIndex=2, result=byte[]{length=2, hash=1352}} from 2
21:46:36.237 [raft-client-2f4c8c2a-86e3-4c0e-9770-cf34b8eb1c33-0] TRACE i.a.p.r.p.impl.RaftProxySequencer - PartitionProxy{2}{type=PrimitiveType{name=test}, name=test} - Completing response CommandResponse{status=OK, index=56, eventIndex=2, result=byte[]{length=2, hash=1352}}
21:46:36.237 [raft-server-2-state] TRACE i.a.p.raft.impl.RaftServiceManager - RaftServer{2} - Applying Indexed{index=56, entry=CommandEntry{term=1, timestamp=2018-06-05 09:46:35,985, session=2, sequence=50, operation=PrimitiveOperation{id=DefaultOperationId{id=write, type=COMMAND}, value=byte[]{length=17, hash=-1644578928}}}}
21:46:36.237 [raft-server-2-state] TRACE i.a.p.s.impl.DefaultServiceExecutor - PrimitiveService{2}{type=PrimitiveType{name=test}, name=test} - Executing DefaultCommit{index=56, session=RaftSession{RaftServiceContext{server=2, type=PrimitiveType{name=test}, name=test, id=2}, session=2, timestamp=2018-06-05 09:46:35,985}, time=2018-06-05 09:46:35,985, operation=DefaultOperationId{id=write, type=COMMAND}, value=byte[]{length=17, hash=-1644578928}}
21:46:36.237 [raft-client-2f4c8c2a-86e3-4c0e-9770-cf34b8eb1c33-0] TRACE i.a.p.r.p.impl.RaftProxyConnection - PartitionProxy{2}{type=PrimitiveType{name=test}, name=test} - Sending CommandRequest{session=2, sequence=51, operation=PrimitiveOperation{id=DefaultOperationId{id=write, type=COMMAND}, value=byte[]{length=17, hash=-1644578928}}} to 2
21:46:36.237 [raft-server-2] TRACE i.a.p.raft.roles.FollowerRole - RaftServer{2}{role=FOLLOWER} - Received CommandRequest{session=2, sequence=51, operation=PrimitiveOperation{id=DefaultOperationId{id=write, type=COMMAND}, value=byte[]{length=17, hash=-1644578928}}}
21:46:36.237 [raft-server-3] TRACE i.a.protocols.raft.roles.LeaderRole - RaftServer{3}{role=LEADER} - Received CommandRequest{session=2, sequence=51, operation=PrimitiveOperation{id=DefaultOperationId{id=write, type=COMMAND}, value=byte[]{length=17, hash=-1644578928}}}
21:46:36.237 [raft-server-3] TRACE i.a.protocols.raft.roles.LeaderRole - RaftServer{3}{role=LEADER} - Appended Indexed{index=57, entry=CommandEntry{term=1, timestamp=2018-06-05 09:46:36,237, session=2, sequence=51, operation=PrimitiveOperation{id=DefaultOperationId{id=write, type=COMMAND}, value=byte[]{length=17, hash=-1644578928}}}}
21:46:36.237 [raft-server-3] TRACE i.a.p.raft.roles.LeaderAppender - RaftServer{3} - Sending AppendRequest{term=1, leader=3, prevLogIndex=56, prevLogTerm=1, entries=1, commitIndex=56} to 2
21:46:36.237 [raft-server-2] TRACE i.a.p.raft.roles.FollowerRole - RaftServer{2}{role=FOLLOWER} - Received AppendRequest{term=1, leader=3, prevLogIndex=56, prevLogTerm=1, entries=1, commitIndex=56}
21:46:36.237 [raft-server-3] TRACE i.a.p.raft.roles.LeaderAppender - RaftServer{3} - Sending AppendRequest{term=1, leader=3, prevLogIndex=56, prevLogTerm=1, entries=1, commitIndex=56} to 1
21:46:36.238 [raft-server-1] TRACE i.a.p.raft.roles.FollowerRole - RaftServer{1}{role=FOLLOWER} - Received AppendRequest{term=1, leader=3, prevLogIndex=56, prevLogTerm=1, entries=1, commitIndex=56}
21:46:36.238 [raft-server-2] TRACE i.a.p.raft.roles.FollowerRole - RaftServer{2}{role=FOLLOWER} - Appended Indexed{index=57, entry=CommandEntry{term=1, timestamp=2018-06-05 09:46:36,237, session=2, sequence=51, operation=PrimitiveOperation{id=DefaultOperationId{id=write, type=COMMAND}, value=byte[]{length=17, hash=-1644578928}}}}
21:46:36.238 [raft-server-2] TRACE i.a.p.raft.roles.FollowerRole - RaftServer{2}{role=FOLLOWER} - Sending AppendResponse{status=OK, term=1, succeeded=true, lastLogIndex=57}
21:46:36.238 [raft-server-3] TRACE i.a.p.raft.roles.LeaderAppender - RaftServer{3} - Received AppendResponse{status=OK, term=1, succeeded=true, lastLogIndex=57} from 2
21:46:36.238 [raft-server-3] TRACE i.a.p.raft.roles.LeaderAppender - RaftServer{3} - Committed entries up to 57
21:46:36.238 [raft-server-1] TRACE i.a.p.raft.roles.FollowerRole - RaftServer{1}{role=FOLLOWER} - Appended Indexed{index=57, entry=CommandEntry{term=1, timestamp=2018-06-05 09:46:36,237, session=2, sequence=51, operation=PrimitiveOperation{id=DefaultOperationId{id=write, type=COMMAND}, value=byte[]{length=17, hash=-1644578928}}}}
21:46:36.238 [raft-server-1] TRACE i.a.p.raft.roles.FollowerRole - RaftServer{1}{role=FOLLOWER} - Sending AppendResponse{status=OK, term=1, succeeded=true, lastLogIndex=57}
21:46:36.336 [raft-client-2f4c8c2a-86e3-4c0e-9770-cf34b8eb1c33-3] TRACE i.a.p.r.proxy.impl.RaftProxyManager - RaftClient{2f4c8c2a-86e3-4c0e-9770-cf34b8eb1c33} - Keeping 1 sessions alive
21:46:36.336 [raft-client-2f4c8c2a-86e3-4c0e-9770-cf34b8eb1c33-3] TRACE i.a.p.r.p.impl.RaftProxyConnection - RaftClient{2f4c8c2a-86e3-4c0e-9770-cf34b8eb1c33} - Sending KeepAliveRequest{sessionIds=long[]{length=1, hash=33}, commandSequences=long[]{length=1, hash=81}, eventIndexes=long[]{length=1, hash=33}} to 3
21:46:36.353 [raft-server-3] TRACE i.a.p.raft.roles.LeaderAppender - RaftServer{3} - Received AppendResponse{status=OK, term=1, succeeded=true, lastLogIndex=57} from 1
21:46:36.353 [raft-server-3] TRACE i.a.protocols.raft.roles.LeaderRole - RaftServer{3}{role=LEADER} - Received KeepAliveRequest{sessionIds=long[]{length=1, hash=33}, commandSequences=long[]{length=1, hash=81}, eventIndexes=long[]{length=1, hash=33}}
21:46:36.353 [raft-server-3] TRACE i.a.protocols.raft.roles.LeaderRole - RaftServer{3}{role=LEADER} - Appended Indexed{index=58, entry=KeepAliveEntry{term=1, timestamp=2018-06-05 09:46:36,353, sessionIds=long[]{length=1, hash=33}, commandSequences=long[]{length=1, hash=81}, eventIndexes=long[]{length=1, hash=33}}}
21:46:36.353 [raft-server-3] TRACE i.a.p.raft.roles.LeaderAppender - RaftServer{3} - Sending AppendRequest{term=1, leader=3, prevLogIndex=57, prevLogTerm=1, entries=1, commitIndex=57} to 2
21:46:36.354 [raft-server-2] TRACE i.a.p.raft.roles.FollowerRole - RaftServer{2}{role=FOLLOWER} - Received AppendRequest{term=1, leader=3, prevLogIndex=57, prevLogTerm=1, entries=1, commitIndex=57}
21:46:36.354 [raft-server-3] TRACE i.a.p.raft.roles.LeaderAppender - RaftServer{3} - Sending AppendRequest{term=1, leader=3, prevLogIndex=57, prevLogTerm=1, entries=1, commitIndex=57} to 1
21:46:36.354 [raft-server-1] TRACE i.a.p.raft.roles.FollowerRole - RaftServer{1}{role=FOLLOWER} - Received AppendRequest{term=1, leader=3, prevLogIndex=57, prevLogTerm=1, entries=1, commitIndex=57}
21:46:36.354 [raft-server-2] TRACE i.a.p.raft.roles.FollowerRole - RaftServer{2}{role=FOLLOWER} - Appended Indexed{index=58, entry=KeepAliveEntry{term=1, timestamp=2018-06-05 09:46:36,353, sessionIds=long[]{length=1, hash=33}, commandSequences=long[]{length=1, hash=81}, eventIndexes=long[]{length=1, hash=33}}}
21:46:36.354 [raft-server-3-state] TRACE i.a.p.raft.impl.RaftServiceManager - RaftServer{3} - Applying Indexed{index=57, entry=CommandEntry{term=1, timestamp=2018-06-05 09:46:36,237, session=2, sequence=51, operation=PrimitiveOperation{id=DefaultOperationId{id=write, type=COMMAND}, value=byte[]{length=17, hash=-1644578928}}}}
21:46:36.354 [raft-server-1] TRACE i.a.p.raft.roles.FollowerRole - RaftServer{1}{role=FOLLOWER} - Appended Indexed{index=58, entry=KeepAliveEntry{term=1, timestamp=2018-06-05 09:46:36,353, sessionIds=long[]{length=1, hash=33}, commandSequences=long[]{length=1, hash=81}, eventIndexes=long[]{length=1, hash=33}}}
21:46:36.354 [raft-server-3-state] TRACE i.a.p.s.impl.DefaultServiceExecutor - PrimitiveService{2}{type=PrimitiveType{name=test}, name=test} - Executing DefaultCommit{index=57, session=RaftSession{RaftServiceContext{server=3, type=PrimitiveType{name=test}, name=test, id=2}, session=2, timestamp=2018-06-05 09:46:36,237}, time=2018-06-05 09:46:36,237, operation=DefaultOperationId{id=write, type=COMMAND}, value=byte[]{length=17, hash=-1644578928}}
21:46:36.354 [raft-server-3-state] TRACE i.a.protocols.raft.roles.LeaderRole - RaftServer{3}{role=LEADER} - Sending CommandResponse{status=OK, index=57, eventIndex=2, result=byte[]{length=2, hash=1354}}
21:46:36.470 [raft-server-1] TRACE i.a.p.raft.roles.FollowerRole - RaftServer{1}{role=FOLLOWER} - Committed entries up to index 57
21:46:36.470 [raft-server-2] TRACE i.a.p.raft.roles.FollowerRole - RaftServer{2}{role=FOLLOWER} - Committed entries up to index 57
21:46:36.470 [raft-server-1] TRACE i.a.p.raft.roles.FollowerRole - RaftServer{1}{role=FOLLOWER} - Sending AppendResponse{status=OK, term=1, succeeded=true, lastLogIndex=58}
21:46:36.470 [raft-server-2] TRACE i.a.p.raft.roles.FollowerRole - RaftServer{2}{role=FOLLOWER} - Sending AppendResponse{status=OK, term=1, succeeded=true, lastLogIndex=58}
21:46:36.470 [raft-server-3] TRACE i.a.p.raft.roles.LeaderAppender - RaftServer{3} - Received AppendResponse{status=OK, term=1, succeeded=true, lastLogIndex=58} from 1
21:46:36.470 [raft-server-2] TRACE i.a.p.raft.roles.FollowerRole - RaftServer{2}{role=FOLLOWER} - Sending CommandResponse{status=OK, index=57, eventIndex=2, result=byte[]{length=2, hash=1354}}
21:46:36.470 [raft-server-3] TRACE i.a.p.raft.roles.LeaderAppender - RaftServer{3} - Committed entries up to 58
21:46:36.470 [raft-server-1-state] TRACE i.a.p.raft.impl.RaftServiceManager - RaftServer{1} - Applying Indexed{index=57, entry=CommandEntry{term=1, timestamp=2018-06-05 09:46:36,237, session=2, sequence=51, operation=PrimitiveOperation{id=DefaultOperationId{id=write, type=COMMAND}, value=byte[]{length=17, hash=-1644578928}}}}
21:46:36.470 [raft-client-2f4c8c2a-86e3-4c0e-9770-cf34b8eb1c33-5] TRACE i.a.p.r.p.impl.RaftProxyConnection - PartitionProxy{2}{type=PrimitiveType{name=test}, name=test} - Received CommandResponse{status=OK, index=57, eventIndex=2, result=byte[]{length=2, hash=1354}} from 2
21:46:36.470 [raft-server-2-state] TRACE i.a.p.raft.impl.RaftServiceManager - RaftServer{2} - Applying Indexed{index=57, entry=CommandEntry{term=1, timestamp=2018-06-05 09:46:36,237, session=2, sequence=51, operation=PrimitiveOperation{id=DefaultOperationId{id=write, type=COMMAND}, value=byte[]{length=17, hash=-1644578928}}}}
21:46:36.470 [raft-server-1-state] TRACE i.a.p.s.impl.DefaultServiceExecutor - PrimitiveService{2}{type=PrimitiveType{name=test}, name=test} - Executing DefaultCommit{index=57, session=RaftSession{RaftServiceContext{server=1, type=PrimitiveType{name=test}, name=test, id=2}, session=2, timestamp=2018-06-05 09:46:36,237}, time=2018-06-05 09:46:36,237, operation=DefaultOperationId{id=write, type=COMMAND}, value=byte[]{length=17, hash=-1644578928}}
21:46:36.470 [raft-client-2f4c8c2a-86e3-4c0e-9770-cf34b8eb1c33-5] TRACE i.a.p.r.p.impl.RaftProxySequencer - PartitionProxy{2}{type=PrimitiveType{name=test}, name=test} - Completing response CommandResponse{status=OK, index=57, eventIndex=2, result=byte[]{length=2, hash=1354}}
21:46:36.470 [raft-server-2-state] TRACE i.a.p.s.impl.DefaultServiceExecutor - PrimitiveService{2}{type=PrimitiveType{name=test}, name=test} - Executing DefaultCommit{index=57, session=RaftSession{RaftServiceContext{server=2, type=PrimitiveType{name=test}, name=test, id=2}, session=2, timestamp=2018-06-05 09:46:36,237}, time=2018-06-05 09:46:36,237, operation=DefaultOperationId{id=write, type=COMMAND}, value=byte[]{length=17, hash=-1644578928}}
21:46:36.471 [raft-client-2f4c8c2a-86e3-4c0e-9770-cf34b8eb1c33-0] TRACE i.a.p.r.p.impl.RaftProxyConnection - PartitionProxy{2}{type=PrimitiveType{name=test}, name=test} - Sending CommandRequest{session=2, sequence=52, operation=PrimitiveOperation{id=DefaultOperationId{id=write, type=COMMAND}, value=byte[]{length=17, hash=-1644578928}}} to 2
21:46:36.471 [raft-server-2] TRACE i.a.p.raft.roles.FollowerRole - RaftServer{2}{role=FOLLOWER} - Received CommandRequest{session=2, sequence=52, operation=PrimitiveOperation{id=DefaultOperationId{id=write, type=COMMAND}, value=byte[]{length=17, hash=-1644578928}}}
21:46:36.586 [raft-server-3] TRACE i.a.p.raft.roles.LeaderAppender - RaftServer{3} - Received AppendResponse{status=OK, term=1, succeeded=true, lastLogIndex=58} from 2
21:46:36.587 [raft-server-3] TRACE i.a.protocols.raft.roles.LeaderRole - RaftServer{3}{role=LEADER} - Received CommandRequest{session=2, sequence=52, operation=PrimitiveOperation{id=DefaultOperationId{id=write, type=COMMAND}, value=byte[]{length=17, hash=-1644578928}}}
21:46:36.587 [raft-server-3] TRACE i.a.protocols.raft.roles.LeaderRole - RaftServer{3}{role=LEADER} - Appended Indexed{index=59, entry=CommandEntry{term=1, timestamp=2018-06-05 09:46:36,587, session=2, sequence=52, operation=PrimitiveOperation{id=DefaultOperationId{id=write, type=COMMAND}, value=byte[]{length=17, hash=-1644578928}}}}
21:46:36.587 [raft-server-3] TRACE i.a.p.raft.roles.LeaderAppender - RaftServer{3} - Sending AppendRequest{term=1, leader=3, prevLogIndex=58, prevLogTerm=1, entries=1, commitIndex=58} to 2
21:46:36.587 [raft-server-3-state] TRACE i.a.p.raft.impl.RaftServiceManager - RaftServer{3} - Applying Indexed{index=58, entry=KeepAliveEntry{term=1, timestamp=2018-06-05 09:46:36,353, sessionIds=long[]{length=1, hash=33}, commandSequences=long[]{length=1, hash=81}, eventIndexes=long[]{length=1, hash=33}}}
21:46:36.587 [raft-server-2] TRACE i.a.p.raft.roles.FollowerRole - RaftServer{2}{role=FOLLOWER} - Received AppendRequest{term=1, leader=3, prevLogIndex=58, prevLogTerm=1, entries=1, commitIndex=58}
21:46:36.587 [raft-server-3] TRACE i.a.p.raft.roles.LeaderAppender - RaftServer{3} - Sending AppendRequest{term=1, leader=3, prevLogIndex=58, prevLogTerm=1, entries=1, commitIndex=58} to 1
21:46:36.587 [raft-server-1] TRACE i.a.p.raft.roles.FollowerRole - RaftServer{1}{role=FOLLOWER} - Received AppendRequest{term=1, leader=3, prevLogIndex=58, prevLogTerm=1, entries=1, commitIndex=58}
21:46:36.587 [raft-server-2] TRACE i.a.p.raft.roles.FollowerRole - RaftServer{2}{role=FOLLOWER} - Appended Indexed{index=59, entry=CommandEntry{term=1, timestamp=2018-06-05 09:46:36,587, session=2, sequence=52, operation=PrimitiveOperation{id=DefaultOperationId{id=write, type=COMMAND}, value=byte[]{length=17, hash=-1644578928}}}}
21:46:36.587 [raft-server-3] TRACE i.a.protocols.raft.roles.LeaderRole - RaftServer{3}{role=LEADER} - Sending KeepAliveResponse{status=OK, leader=3, members=[2, 1, 3], sessionIds=long[]{length=1, hash=33}}
21:46:36.587 [raft-server-1] TRACE i.a.p.raft.roles.FollowerRole - RaftServer{1}{role=FOLLOWER} - Appended Indexed{index=59, entry=CommandEntry{term=1, timestamp=2018-06-05 09:46:36,587, session=2, sequence=52, operation=PrimitiveOperation{id=DefaultOperationId{id=write, type=COMMAND}, value=byte[]{length=17, hash=-1644578928}}}}
21:46:36.587 [raft-client-2f4c8c2a-86e3-4c0e-9770-cf34b8eb1c33-4] TRACE i.a.p.r.p.impl.RaftProxyConnection - RaftClient{2f4c8c2a-86e3-4c0e-9770-cf34b8eb1c33} - Received KeepAliveResponse{status=OK, leader=3, members=[2, 1, 3], sessionIds=long[]{length=1, hash=33}} from 3
21:46:36.703 [raft-server-2] TRACE i.a.p.raft.roles.FollowerRole - RaftServer{2}{role=FOLLOWER} - Committed entries up to index 58
21:46:36.703 [raft-server-1] TRACE i.a.p.raft.roles.FollowerRole - RaftServer{1}{role=FOLLOWER} - Committed entries up to index 58
21:46:36.703 [raft-server-2] TRACE i.a.p.raft.roles.FollowerRole - RaftServer{2}{role=FOLLOWER} - Sending AppendResponse{status=OK, term=1, succeeded=true, lastLogIndex=59}
21:46:36.703 [raft-server-1] TRACE i.a.p.raft.roles.FollowerRole - RaftServer{1}{role=FOLLOWER} - Sending AppendResponse{status=OK, term=1, succeeded=true, lastLogIndex=59}
21:46:36.703 [raft-server-1-state] TRACE i.a.p.raft.impl.RaftServiceManager - RaftServer{1} - Applying Indexed{index=58, entry=KeepAliveEntry{term=1, timestamp=2018-06-05 09:46:36,353, sessionIds=long[]{length=1, hash=33}, commandSequences=long[]{length=1, hash=81}, eventIndexes=long[]{length=1, hash=33}}}
21:46:36.703 [raft-server-2-state] TRACE i.a.p.raft.impl.RaftServiceManager - RaftServer{2} - Applying Indexed{index=58, entry=KeepAliveEntry{term=1, timestamp=2018-06-05 09:46:36,353, sessionIds=long[]{length=1, hash=33}, commandSequences=long[]{length=1, hash=81}, eventIndexes=long[]{length=1, hash=33}}}
21:46:36.704 [raft-server-3] TRACE i.a.p.raft.roles.LeaderAppender - RaftServer{3} - Received AppendResponse{status=OK, term=1, succeeded=true, lastLogIndex=59} from 2
21:46:36.704 [raft-server-3] TRACE i.a.p.raft.roles.LeaderAppender - RaftServer{3} - Committed entries up to 59
21:46:36.820 [raft-server-3] TRACE i.a.p.raft.roles.LeaderAppender - RaftServer{3} - Sending AppendRequest{term=1, leader=3, prevLogIndex=59, prevLogTerm=1, entries=0, commitIndex=59} to 2
21:46:36.820 [raft-server-2] TRACE i.a.p.raft.roles.FollowerRole - RaftServer{2}{role=FOLLOWER} - Received AppendRequest{term=1, leader=3, prevLogIndex=59, prevLogTerm=1, entries=0, commitIndex=59}
21:46:36.820 [raft-server-3] TRACE i.a.p.raft.roles.LeaderAppender - RaftServer{3} - Received AppendResponse{status=OK, term=1, succeeded=true, lastLogIndex=59} from 1
21:46:36.820 [raft-server-2] TRACE i.a.p.raft.roles.FollowerRole - RaftServer{2}{role=FOLLOWER} - Committed entries up to index 59
21:46:36.820 [raft-server-2] TRACE i.a.p.raft.roles.FollowerRole - RaftServer{2}{role=FOLLOWER} - Sending AppendResponse{status=OK, term=1, succeeded=true, lastLogIndex=59}
21:46:36.820 [raft-server-3] TRACE i.a.p.raft.roles.LeaderAppender - RaftServer{3} - Sending AppendRequest{term=1, leader=3, prevLogIndex=59, prevLogTerm=1, entries=0, commitIndex=59} to 1
21:46:36.820 [raft-server-1] TRACE i.a.p.raft.roles.FollowerRole - RaftServer{1}{role=FOLLOWER} - Received AppendRequest{term=1, leader=3, prevLogIndex=59, prevLogTerm=1, entries=0, commitIndex=59}
21:46:36.820 [raft-server-3] TRACE i.a.p.raft.roles.LeaderAppender - RaftServer{3} - Received AppendResponse{status=OK, term=1, succeeded=true, lastLogIndex=59} from 2
21:46:36.820 [raft-server-2-state] TRACE i.a.p.raft.impl.RaftServiceManager - RaftServer{2} - Applying Indexed{index=59, entry=CommandEntry{term=1, timestamp=2018-06-05 09:46:36,587, session=2, sequence=52, operation=PrimitiveOperation{id=DefaultOperationId{id=write, type=COMMAND}, value=byte[]{length=17, hash=-1644578928}}}}
21:46:36.820 [raft-server-1] TRACE i.a.p.raft.roles.FollowerRole - RaftServer{1}{role=FOLLOWER} - Committed entries up to index 59
21:46:36.820 [raft-server-3-state] TRACE i.a.p.raft.impl.RaftServiceManager - RaftServer{3} - Applying Indexed{index=59, entry=CommandEntry{term=1, timestamp=2018-06-05 09:46:36,587, session=2, sequence=52, operation=PrimitiveOperation{id=DefaultOperationId{id=write, type=COMMAND}, value=byte[]{length=17, hash=-1644578928}}}}
21:46:36.820 [raft-server-1] TRACE i.a.p.raft.roles.FollowerRole - RaftServer{1}{role=FOLLOWER} - Sending AppendResponse{status=OK, term=1, succeeded=true, lastLogIndex=59}
21:46:36.820 [raft-server-2-state] TRACE i.a.p.s.impl.DefaultServiceExecutor - PrimitiveService{2}{type=PrimitiveType{name=test}, name=test} - Executing DefaultCommit{index=59, session=RaftSession{RaftServiceContext{server=2, type=PrimitiveType{name=test}, name=test, id=2}, session=2, timestamp=2018-06-05 09:46:36,587}, time=2018-06-05 09:46:36,587, operation=DefaultOperationId{id=write, type=COMMAND}, value=byte[]{length=17, hash=-1644578928}}
21:46:36.820 [raft-server-3-state] TRACE i.a.p.s.impl.DefaultServiceExecutor - PrimitiveService{2}{type=PrimitiveType{name=test}, name=test} - Executing DefaultCommit{index=59, session=RaftSession{RaftServiceContext{server=3, type=PrimitiveType{name=test}, name=test, id=2}, session=2, timestamp=2018-06-05 09:46:36,587}, time=2018-06-05 09:46:36,587, operation=DefaultOperationId{id=write, type=COMMAND}, value=byte[]{length=17, hash=-1644578928}}
21:46:36.821 [raft-server-3] TRACE i.a.p.raft.roles.LeaderAppender - RaftServer{3} - Received AppendResponse{status=OK, term=1, succeeded=true, lastLogIndex=59} from 1
21:46:36.821 [raft-server-1-state] TRACE i.a.p.raft.impl.RaftServiceManager - RaftServer{1} - Applying Indexed{index=59, entry=CommandEntry{term=1, timestamp=2018-06-05 09:46:36,587, session=2, sequence=52, operation=PrimitiveOperation{id=DefaultOperationId{id=write, type=COMMAND}, value=byte[]{length=17, hash=-1644578928}}}}
21:46:36.821 [raft-server-3-state] TRACE i.a.protocols.raft.roles.LeaderRole - RaftServer{3}{role=LEADER} - Sending CommandResponse{status=OK, index=59, eventIndex=2, result=byte[]{length=2, hash=1358}}
21:46:36.821 [raft-server-1-state] TRACE i.a.p.s.impl.DefaultServiceExecutor - PrimitiveService{2}{type=PrimitiveType{name=test}, name=test} - Executing DefaultCommit{index=59, session=RaftSession{RaftServiceContext{server=1, type=PrimitiveType{name=test}, name=test, id=2}, session=2, timestamp=2018-06-05 09:46:36,587}, time=2018-06-05 09:46:36,587, operation=DefaultOperationId{id=write, type=COMMAND}, value=byte[]{length=17, hash=-1644578928}}
21:46:36.821 [raft-server-2] TRACE i.a.p.raft.roles.FollowerRole - RaftServer{2}{role=FOLLOWER} - Sending CommandResponse{status=OK, index=59, eventIndex=2, result=byte[]{length=2, hash=1358}}
21:46:36.821 [raft-client-2f4c8c2a-86e3-4c0e-9770-cf34b8eb1c33-1] TRACE i.a.p.r.p.impl.RaftProxyConnection - PartitionProxy{2}{type=PrimitiveType{name=test}, name=test} - Received CommandResponse{status=OK, index=59, eventIndex=2, result=byte[]{length=2, hash=1358}} from 2
21:46:36.821 [raft-client-2f4c8c2a-86e3-4c0e-9770-cf34b8eb1c33-1] TRACE i.a.p.r.p.impl.RaftProxySequencer - PartitionProxy{2}{type=PrimitiveType{name=test}, name=test} - Completing response CommandResponse{status=OK, index=59, eventIndex=2, result=byte[]{length=2, hash=1358}}
21:46:36.821 [raft-client-2f4c8c2a-86e3-4c0e-9770-cf34b8eb1c33-5] TRACE i.a.p.r.p.impl.RaftProxyConnection - PartitionProxy{2}{type=PrimitiveType{name=test}, name=test} - Sending CommandRequest{session=2, sequence=53, operation=PrimitiveOperation{id=DefaultOperationId{id=write, type=COMMAND}, value=byte[]{length=17, hash=-1644578928}}} to 2
21:46:36.821 [raft-server-2] TRACE i.a.p.raft.roles.FollowerRole - RaftServer{2}{role=FOLLOWER} - Received CommandRequest{session=2, sequence=53, operation=PrimitiveOperation{id=DefaultOperationId{id=write, type=COMMAND}, value=byte[]{length=17, hash=-1644578928}}}
21:46:36.821 [raft-server-3] TRACE i.a.protocols.raft.roles.LeaderRole - RaftServer{3}{role=LEADER} - Received CommandRequest{session=2, sequence=53, operation=PrimitiveOperation{id=DefaultOperationId{id=write, type=COMMAND}, value=byte[]{length=17, hash=-1644578928}}}
21:46:36.821 [raft-server-3] TRACE i.a.protocols.raft.roles.LeaderRole - RaftServer{3}{role=LEADER} - Appended Indexed{index=60, entry=CommandEntry{term=1, timestamp=2018-06-05 09:46:36,821, session=2, sequence=53, operation=PrimitiveOperation{id=DefaultOperationId{id=write, type=COMMAND}, value=byte[]{length=17, hash=-1644578928}}}}
21:46:36.822 [raft-server-3] TRACE i.a.p.raft.roles.LeaderAppender - RaftServer{3} - Sending AppendRequest{term=1, leader=3, prevLogIndex=59, prevLogTerm=1, entries=1, commitIndex=59} to 2
21:46:36.822 [raft-server-2] TRACE i.a.p.raft.roles.FollowerRole - RaftServer{2}{role=FOLLOWER} - Received AppendRequest{term=1, leader=3, prevLogIndex=59, prevLogTerm=1, entries=1, commitIndex=59}
21:46:36.822 [raft-server-3] TRACE i.a.p.raft.roles.LeaderAppender - RaftServer{3} - Sending AppendRequest{term=1, leader=3, prevLogIndex=59, prevLogTerm=1, entries=1, commitIndex=59} to 1
21:46:36.822 [raft-server-1] TRACE i.a.p.raft.roles.FollowerRole - RaftServer{1}{role=FOLLOWER} - Received AppendRequest{term=1, leader=3, prevLogIndex=59, prevLogTerm=1, entries=1, commitIndex=59}
21:46:36.822 [raft-server-2] TRACE i.a.p.raft.roles.FollowerRole - RaftServer{2}{role=FOLLOWER} - Appended Indexed{index=60, entry=CommandEntry{term=1, timestamp=2018-06-05 09:46:36,821, session=2, sequence=53, operation=PrimitiveOperation{id=DefaultOperationId{id=write, type=COMMAND}, value=byte[]{length=17, hash=-1644578928}}}}
21:46:36.822 [raft-server-2] TRACE i.a.p.raft.roles.FollowerRole - RaftServer{2}{role=FOLLOWER} - Sending AppendResponse{status=OK, term=1, succeeded=true, lastLogIndex=60}
21:46:36.822 [raft-server-1] TRACE i.a.p.raft.roles.FollowerRole - RaftServer{1}{role=FOLLOWER} - Appended Indexed{index=60, entry=CommandEntry{term=1, timestamp=2018-06-05 09:46:36,821, session=2, sequence=53, operation=PrimitiveOperation{id=DefaultOperationId{id=write, type=COMMAND}, value=byte[]{length=17, hash=-1644578928}}}}
21:46:36.822 [raft-server-3] TRACE i.a.p.raft.roles.LeaderAppender - RaftServer{3} - Received AppendResponse{status=OK, term=1, succeeded=true, lastLogIndex=60} from 2
21:46:36.822 [raft-server-1] TRACE i.a.p.raft.roles.FollowerRole - RaftServer{1}{role=FOLLOWER} - Sending AppendResponse{status=OK, term=1, succeeded=true, lastLogIndex=60}
21:46:36.822 [raft-server-3] TRACE i.a.p.raft.roles.LeaderAppender - RaftServer{3} - Committed entries up to 60
21:46:36.928 [raft-server-3] TRACE i.a.p.raft.roles.LeaderAppender - RaftServer{3} - Received AppendResponse{status=OK, term=1, succeeded=true, lastLogIndex=60} from 1
21:46:36.928 [raft-server-3] TRACE i.a.p.raft.roles.LeaderAppender - RaftServer{3} - Sending AppendRequest{term=1, leader=3, prevLogIndex=60, prevLogTerm=1, entries=0, commitIndex=60} to 2
21:46:36.928 [raft-server-3] TRACE i.a.p.raft.roles.LeaderAppender - RaftServer{3} - Sending AppendRequest{term=1, leader=3, prevLogIndex=60, prevLogTerm=1, entries=0, commitIndex=60} to 1
21:46:36.928 [raft-server-2] TRACE i.a.p.raft.roles.FollowerRole - RaftServer{2}{role=FOLLOWER} - Received AppendRequest{term=1, leader=3, prevLogIndex=60, prevLogTerm=1, entries=0, commitIndex=60}
21:46:36.928 [raft-server-1] TRACE i.a.p.raft.roles.FollowerRole - RaftServer{1}{role=FOLLOWER} - Received AppendRequest{term=1, leader=3, prevLogIndex=60, prevLogTerm=1, entries=0, commitIndex=60}
21:46:36.928 [raft-server-3-state] TRACE i.a.p.raft.impl.RaftServiceManager - RaftServer{3} - Applying Indexed{index=60, entry=CommandEntry{term=1, timestamp=2018-06-05 09:46:36,821, session=2, sequence=53, operation=PrimitiveOperation{id=DefaultOperationId{id=write, type=COMMAND}, value=byte[]{length=17, hash=-1644578928}}}}
21:46:36.928 [raft-server-3-state] TRACE i.a.p.s.impl.DefaultServiceExecutor - PrimitiveService{2}{type=PrimitiveType{name=test}, name=test} - Executing DefaultCommit{index=60, session=RaftSession{RaftServiceContext{server=3, type=PrimitiveType{name=test}, name=test, id=2}, session=2, timestamp=2018-06-05 09:46:36,821}, time=2018-06-05 09:46:36,821, operation=DefaultOperationId{id=write, type=COMMAND}, value=byte[]{length=17, hash=-1644578928}}
21:46:36.929 [raft-server-3-state] TRACE i.a.protocols.raft.roles.LeaderRole - RaftServer{3}{role=LEADER} - Sending CommandResponse{status=OK, index=60, eventIndex=2, result=byte[]{length=2, hash=1360}}
21:46:37.061 [raft-server-2] TRACE i.a.p.raft.roles.FollowerRole - RaftServer{2}{role=FOLLOWER} - Committed entries up to index 60
21:46:37.061 [raft-server-2] TRACE i.a.p.raft.roles.FollowerRole - RaftServer{2}{role=FOLLOWER} - Sending AppendResponse{status=OK, term=1, succeeded=true, lastLogIndex=60}
21:46:37.061 [raft-server-1] TRACE i.a.p.raft.roles.FollowerRole - RaftServer{1}{role=FOLLOWER} - Committed entries up to index 60
21:46:37.061 [raft-server-2] TRACE i.a.p.raft.roles.FollowerRole - RaftServer{2}{role=FOLLOWER} - Sending CommandResponse{status=OK, index=60, eventIndex=2, result=byte[]{length=2, hash=1360}}
21:46:37.062 [raft-server-3] TRACE i.a.p.raft.roles.LeaderAppender - RaftServer{3} - Received AppendResponse{status=OK, term=1, succeeded=true, lastLogIndex=60} from 2
21:46:37.062 [raft-server-1] TRACE i.a.p.raft.roles.FollowerRole - RaftServer{1}{role=FOLLOWER} - Sending AppendResponse{status=OK, term=1, succeeded=true, lastLogIndex=60}
21:46:37.062 [raft-client-2f4c8c2a-86e3-4c0e-9770-cf34b8eb1c33-4] TRACE i.a.p.r.p.impl.RaftProxyConnection - PartitionProxy{2}{type=PrimitiveType{name=test}, name=test} - Received CommandResponse{status=OK, index=60, eventIndex=2, result=byte[]{length=2, hash=1360}} from 2
21:46:37.062 [raft-server-2-state] TRACE i.a.p.raft.impl.RaftServiceManager - RaftServer{2} - Applying Indexed{index=60, entry=CommandEntry{term=1, timestamp=2018-06-05 09:46:36,821, session=2, sequence=53, operation=PrimitiveOperation{id=DefaultOperationId{id=write, type=COMMAND}, value=byte[]{length=17, hash=-1644578928}}}}
21:46:37.062 [raft-server-3] TRACE i.a.p.raft.roles.LeaderAppender - RaftServer{3} - Sending AppendRequest{term=1, leader=3, prevLogIndex=60, prevLogTerm=1, entries=0, commitIndex=60} to 2
21:46:37.062 [raft-client-2f4c8c2a-86e3-4c0e-9770-cf34b8eb1c33-4] TRACE i.a.p.r.p.impl.RaftProxySequencer - PartitionProxy{2}{type=PrimitiveType{name=test}, name=test} - Completing response CommandResponse{status=OK, index=60, eventIndex=2, result=byte[]{length=2, hash=1360}}
21:46:37.062 [raft-server-1-state] TRACE i.a.p.raft.impl.RaftServiceManager - RaftServer{1} - Applying Indexed{index=60, entry=CommandEntry{term=1, timestamp=2018-06-05 09:46:36,821, session=2, sequence=53, operation=PrimitiveOperation{id=DefaultOperationId{id=write, type=COMMAND}, value=byte[]{length=17, hash=-1644578928}}}}
21:46:37.062 [raft-server-2-state] TRACE i.a.p.s.impl.DefaultServiceExecutor - PrimitiveService{2}{type=PrimitiveType{name=test}, name=test} - Executing DefaultCommit{index=60, session=RaftSession{RaftServiceContext{server=2, type=PrimitiveType{name=test}, name=test, id=2}, session=2, timestamp=2018-06-05 09:46:36,821}, time=2018-06-05 09:46:36,821, operation=DefaultOperationId{id=write, type=COMMAND}, value=byte[]{length=17, hash=-1644578928}}
21:46:37.062 [raft-server-2] TRACE i.a.p.raft.roles.FollowerRole - RaftServer{2}{role=FOLLOWER} - Received AppendRequest{term=1, leader=3, prevLogIndex=60, prevLogTerm=1, entries=0, commitIndex=60}
21:46:37.062 [raft-server-3] TRACE i.a.p.raft.roles.LeaderAppender - RaftServer{3} - Received AppendResponse{status=OK, term=1, succeeded=true, lastLogIndex=60} from 1
21:46:37.062 [raft-server-1-state] TRACE i.a.p.s.impl.DefaultServiceExecutor - PrimitiveService{2}{type=PrimitiveType{name=test}, name=test} - Executing DefaultCommit{index=60, session=RaftSession{RaftServiceContext{server=1, type=PrimitiveType{name=test}, name=test, id=2}, session=2, timestamp=2018-06-05 09:46:36,821}, time=2018-06-05 09:46:36,821, operation=DefaultOperationId{id=write, type=COMMAND}, value=byte[]{length=17, hash=-1644578928}}
21:46:37.062 [raft-server-2] TRACE i.a.p.raft.roles.FollowerRole - RaftServer{2}{role=FOLLOWER} - Sending AppendResponse{status=OK, term=1, succeeded=true, lastLogIndex=60}
21:46:37.062 [raft-client-2f4c8c2a-86e3-4c0e-9770-cf34b8eb1c33-7] TRACE i.a.p.r.p.impl.RaftProxyConnection - PartitionProxy{2}{type=PrimitiveType{name=test}, name=test} - Sending CommandRequest{session=2, sequence=54, operation=PrimitiveOperation{id=DefaultOperationId{id=write, type=COMMAND}, value=byte[]{length=17, hash=-1644578928}}} to 2
21:46:37.062 [raft-server-3] TRACE i.a.p.raft.roles.LeaderAppender - RaftServer{3} - Sending AppendRequest{term=1, leader=3, prevLogIndex=60, prevLogTerm=1, entries=0, commitIndex=60} to 1
21:46:37.062 [raft-server-3] TRACE i.a.p.raft.roles.LeaderAppender - RaftServer{3} - Received AppendResponse{status=OK, term=1, succeeded=true, lastLogIndex=60} from 2
21:46:37.062 [raft-server-1] TRACE i.a.p.raft.roles.FollowerRole - RaftServer{1}{role=FOLLOWER} - Received AppendRequest{term=1, leader=3, prevLogIndex=60, prevLogTerm=1, entries=0, commitIndex=60}
21:46:37.062 [raft-server-2] TRACE i.a.p.raft.roles.FollowerRole - RaftServer{2}{role=FOLLOWER} - Received CommandRequest{session=2, sequence=54, operation=PrimitiveOperation{id=DefaultOperationId{id=write, type=COMMAND}, value=byte[]{length=17, hash=-1644578928}}}
21:46:37.062 [raft-server-1] TRACE i.a.p.raft.roles.FollowerRole - RaftServer{1}{role=FOLLOWER} - Sending AppendResponse{status=OK, term=1, succeeded=true, lastLogIndex=60}
21:46:37.063 [raft-server-3] TRACE i.a.protocols.raft.roles.LeaderRole - RaftServer{3}{role=LEADER} - Received CommandRequest{session=2, sequence=54, operation=PrimitiveOperation{id=DefaultOperationId{id=write, type=COMMAND}, value=byte[]{length=17, hash=-1644578928}}}
21:46:37.151 [raft-server-1] DEBUG i.a.p.raft.impl.RaftServiceManager - RaftServer{1} - Snapshotting services
21:46:37.151 [raft-server-1-state] DEBUG i.a.p.r.s.snapshot.SnapshotStore - Created memory snapshot: MemorySnapshot{index=60}
21:46:37.152 [raft-server-1-state] DEBUG i.a.p.r.service.RaftServiceContext - PrimitiveService{2}{type=PrimitiveType{name=test}, name=test} - Taking snapshot 60
21:46:37.152 [raft-server-1-compaction] DEBUG i.a.p.r.s.snapshot.SnapshotStore - Created disk snapshot: FileSnapshot{index=60}
21:46:37.209 [raft-server-2] DEBUG i.a.p.raft.impl.RaftServiceManager - RaftServer{2} - Snapshotting services
21:46:37.210 [raft-server-2-state] DEBUG i.a.p.r.s.snapshot.SnapshotStore - Created memory snapshot: MemorySnapshot{index=60}
21:46:37.210 [raft-server-2-state] DEBUG i.a.p.r.service.RaftServiceContext - PrimitiveService{2}{type=PrimitiveType{name=test}, name=test} - Taking snapshot 60
21:46:37.210 [raft-server-2-compaction] DEBUG i.a.p.r.s.snapshot.SnapshotStore - Created disk snapshot: FileSnapshot{index=60}
21:46:37.545 [raft-server-3] DEBUG i.a.storage.journal.SegmentedJournal - Created disk segment: JournalSegment{id=7, version=1, index=61, size=64}
21:46:37.545 [raft-server-3] TRACE i.a.protocols.raft.roles.LeaderRole - RaftServer{3}{role=LEADER} - Appended Indexed{index=61, entry=CommandEntry{term=1, timestamp=2018-06-05 09:46:37,063, session=2, sequence=54, operation=PrimitiveOperation{id=DefaultOperationId{id=write, type=COMMAND}, value=byte[]{length=17, hash=-1644578928}}}}
21:46:37.545 [raft-server-3] TRACE i.a.p.raft.roles.LeaderAppender - RaftServer{3} - Received AppendResponse{status=OK, term=1, succeeded=true, lastLogIndex=60} from 1
21:46:37.545 [raft-server-3] TRACE i.a.p.raft.roles.LeaderAppender - RaftServer{3} - Sending AppendRequest{term=1, leader=3, prevLogIndex=60, prevLogTerm=1, entries=1, commitIndex=60} to 1
21:46:37.545 [raft-server-1] TRACE i.a.p.raft.roles.FollowerRole - RaftServer{1}{role=FOLLOWER} - Received AppendRequest{term=1, leader=3, prevLogIndex=60, prevLogTerm=1, entries=1, commitIndex=60}
21:46:37.545 [raft-server-3] TRACE i.a.p.raft.roles.LeaderAppender - RaftServer{3} - Sending AppendRequest{term=1, leader=3, prevLogIndex=60, prevLogTerm=1, entries=1, commitIndex=60} to 2
21:46:37.545 [raft-server-2] TRACE i.a.p.raft.roles.FollowerRole - RaftServer{2}{role=FOLLOWER} - Received AppendRequest{term=1, leader=3, prevLogIndex=60, prevLogTerm=1, entries=1, commitIndex=60}
21:46:37.545 [raft-server-3] DEBUG i.a.p.raft.impl.RaftServiceManager - RaftServer{3} - Snapshotting services
21:46:37.545 [raft-server-3-state] DEBUG i.a.p.r.s.snapshot.SnapshotStore - Created memory snapshot: MemorySnapshot{index=60}
21:46:37.545 [raft-server-3-state] DEBUG i.a.p.r.service.RaftServiceContext - PrimitiveService{2}{type=PrimitiveType{name=test}, name=test} - Taking snapshot 60
21:46:37.546 [raft-server-3-compaction] DEBUG i.a.p.r.s.snapshot.SnapshotStore - Created disk snapshot: FileSnapshot{index=60}
21:46:38.028 [raft-server-2] DEBUG i.a.storage.journal.SegmentedJournal - Created disk segment: JournalSegment{id=7, version=1, index=61, size=64}
21:46:38.028 [raft-server-1] DEBUG i.a.storage.journal.SegmentedJournal - Created disk segment: JournalSegment{id=7, version=1, index=61, size=64}
21:46:38.028 [raft-server-1] TRACE i.a.p.raft.roles.FollowerRole - RaftServer{1}{role=FOLLOWER} - Appended Indexed{index=61, entry=CommandEntry{term=1, timestamp=2018-06-05 09:46:37,063, session=2, sequence=54, operation=PrimitiveOperation{id=DefaultOperationId{id=write, type=COMMAND}, value=byte[]{length=17, hash=-1644578928}}}}
21:46:38.028 [raft-server-2] TRACE i.a.p.raft.roles.FollowerRole - RaftServer{2}{role=FOLLOWER} - Appended Indexed{index=61, entry=CommandEntry{term=1, timestamp=2018-06-05 09:46:37,063, session=2, sequence=54, operation=PrimitiveOperation{id=DefaultOperationId{id=write, type=COMMAND}, value=byte[]{length=17, hash=-1644578928}}}}
21:46:38.028 [raft-server-1] TRACE i.a.p.raft.roles.FollowerRole - RaftServer{1}{role=FOLLOWER} - Sending AppendResponse{status=OK, term=1, succeeded=true, lastLogIndex=61}
21:46:38.028 [raft-server-2] TRACE i.a.p.raft.roles.FollowerRole - RaftServer{2}{role=FOLLOWER} - Sending AppendResponse{status=OK, term=1, succeeded=true, lastLogIndex=61}
21:46:38.028 [raft-server-3] TRACE i.a.p.raft.roles.LeaderAppender - RaftServer{3} - Received AppendResponse{status=OK, term=1, succeeded=true, lastLogIndex=61} from 1
21:46:38.029 [raft-server-3] TRACE i.a.p.raft.roles.LeaderAppender - RaftServer{3} - Committed entries up to 61
21:46:38.063 [raft-server-2] TRACE i.a.p.raft.roles.FollowerRole - RaftServer{2}{role=FOLLOWER} - Sending CommandResponse{status=ERROR, error=RaftError{type=NO_LEADER, message=null}, lastSequence=0}
21:46:38.063 [raft-client-2f4c8c2a-86e3-4c0e-9770-cf34b8eb1c33-0] DEBUG i.a.p.r.p.impl.RaftProxyConnection - PartitionProxy{2}{type=PrimitiveType{name=test}, name=test} - CommandRequest{session=2, sequence=54, operation=PrimitiveOperation{id=DefaultOperationId{id=write, type=COMMAND}, value=byte[]{length=17, hash=-1644578928}}} failed! Reason: {}
java.util.concurrent.TimeoutException: null
	at io.atomix.protocols.raft.protocol.TestRaftProtocol.lambda$scheduleTimeout$0(TestRaftProtocol.java:48) ~[test-classes/:na]
	at java.util.concurrent.Executors$RunnableAdapter.call(Executors.java:511) ~[na:1.8.0_121]
	at java.util.concurrent.FutureTask.run(FutureTask.java:266) ~[na:1.8.0_121]
	at java.util.concurrent.ScheduledThreadPoolExecutor$ScheduledFutureTask.access$201(ScheduledThreadPoolExecutor.java:180) ~[na:1.8.0_121]
	at java.util.concurrent.ScheduledThreadPoolExecutor$ScheduledFutureTask.run(ScheduledThreadPoolExecutor.java:293) ~[na:1.8.0_121]
	at java.util.concurrent.ThreadPoolExecutor.runWorker(ThreadPoolExecutor.java:1142) ~[na:1.8.0_121]
	at java.util.concurrent.ThreadPoolExecutor$Worker.run(ThreadPoolExecutor.java:617) ~[na:1.8.0_121]
	at java.lang.Thread.run(Thread.java:745) ~[na:1.8.0_121]
21:46:38.064 [raft-client-2f4c8c2a-86e3-4c0e-9770-cf34b8eb1c33-0] TRACE i.a.p.r.p.impl.RaftProxyConnection - PartitionProxy{2}{type=PrimitiveType{name=test}, name=test} - Resetting connection. Reason: null
21:46:38.064 [raft-client-2f4c8c2a-86e3-4c0e-9770-cf34b8eb1c33-0] TRACE i.a.p.r.p.impl.RaftProxyConnection - PartitionProxy{2}{type=PrimitiveType{name=test}, name=test} - Sending CommandRequest{session=2, sequence=54, operation=PrimitiveOperation{id=DefaultOperationId{id=write, type=COMMAND}, value=byte[]{length=17, hash=-1644578928}}} to 3
21:46:38.136 [raft-server-3] TRACE i.a.p.raft.roles.LeaderAppender - RaftServer{3} - Sending AppendRequest{term=1, leader=3, prevLogIndex=61, prevLogTerm=1, entries=0, commitIndex=61} to 1
21:46:38.136 [raft-server-3] TRACE i.a.p.raft.roles.LeaderAppender - RaftServer{3} - Received AppendResponse{status=OK, term=1, succeeded=true, lastLogIndex=61} from 2
21:46:38.137 [raft-server-3] TRACE i.a.p.raft.roles.LeaderAppender - RaftServer{3} - Sending AppendRequest{term=1, leader=3, prevLogIndex=61, prevLogTerm=1, entries=0, commitIndex=61} to 2
21:46:38.137 [raft-server-1] TRACE i.a.p.raft.roles.FollowerRole - RaftServer{1}{role=FOLLOWER} - Received AppendRequest{term=1, leader=3, prevLogIndex=61, prevLogTerm=1, entries=0, commitIndex=61}
21:46:38.137 [raft-server-2] TRACE i.a.p.raft.roles.FollowerRole - RaftServer{2}{role=FOLLOWER} - Received AppendRequest{term=1, leader=3, prevLogIndex=61, prevLogTerm=1, entries=0, commitIndex=61}
21:46:38.137 [raft-server-3] TRACE i.a.protocols.raft.roles.LeaderRole - RaftServer{3}{role=LEADER} - Received CommandRequest{session=2, sequence=54, operation=PrimitiveOperation{id=DefaultOperationId{id=write, type=COMMAND}, value=byte[]{length=17, hash=-1644578928}}}
21:46:38.137 [raft-server-3] TRACE i.a.protocols.raft.roles.LeaderRole - RaftServer{3}{role=LEADER} - Appended Indexed{index=62, entry=CommandEntry{term=1, timestamp=2018-06-05 09:46:38,137, session=2, sequence=54, operation=PrimitiveOperation{id=DefaultOperationId{id=write, type=COMMAND}, value=byte[]{length=17, hash=-1644578928}}}}
21:46:38.137 [raft-server-3-state] TRACE i.a.p.raft.impl.RaftServiceManager - RaftServer{3} - Applying Indexed{index=61, entry=CommandEntry{term=1, timestamp=2018-06-05 09:46:37,063, session=2, sequence=54, operation=PrimitiveOperation{id=DefaultOperationId{id=write, type=COMMAND}, value=byte[]{length=17, hash=-1644578928}}}}
21:46:38.137 [raft-server-3-state] TRACE i.a.p.s.impl.DefaultServiceExecutor - PrimitiveService{2}{type=PrimitiveType{name=test}, name=test} - Executing DefaultCommit{index=61, session=RaftSession{RaftServiceContext{server=3, type=PrimitiveType{name=test}, name=test, id=2}, session=2, timestamp=2018-06-05 09:46:37,063}, time=2018-06-05 09:46:37,063, operation=DefaultOperationId{id=write, type=COMMAND}, value=byte[]{length=17, hash=-1644578928}}
21:46:38.137 [raft-server-3-state] TRACE i.a.protocols.raft.roles.LeaderRole - RaftServer{3}{role=LEADER} - Sending CommandResponse{status=OK, index=61, eventIndex=2, result=byte[]{length=2, hash=1362}}
21:46:38.236 [raft-server-1] TRACE i.a.p.raft.roles.FollowerRole - RaftServer{1}{role=FOLLOWER} - Committed entries up to index 61
21:46:38.236 [raft-server-2] TRACE i.a.p.raft.roles.FollowerRole - RaftServer{2}{role=FOLLOWER} - Committed entries up to index 61
21:46:38.236 [raft-server-1] TRACE i.a.p.raft.roles.FollowerRole - RaftServer{1}{role=FOLLOWER} - Sending AppendResponse{status=OK, term=1, succeeded=true, lastLogIndex=61}
21:46:38.236 [raft-server-2] TRACE i.a.p.raft.roles.FollowerRole - RaftServer{2}{role=FOLLOWER} - Sending AppendResponse{status=OK, term=1, succeeded=true, lastLogIndex=61}
21:46:38.237 [raft-server-3] TRACE i.a.p.raft.roles.LeaderAppender - RaftServer{3} - Received AppendResponse{status=OK, term=1, succeeded=true, lastLogIndex=61} from 1
21:46:38.237 [raft-server-1-state] TRACE i.a.p.raft.impl.RaftServiceManager - RaftServer{1} - Applying Indexed{index=61, entry=CommandEntry{term=1, timestamp=2018-06-05 09:46:37,063, session=2, sequence=54, operation=PrimitiveOperation{id=DefaultOperationId{id=write, type=COMMAND}, value=byte[]{length=17, hash=-1644578928}}}}
21:46:38.237 [raft-server-2-state] TRACE i.a.p.raft.impl.RaftServiceManager - RaftServer{2} - Applying Indexed{index=61, entry=CommandEntry{term=1, timestamp=2018-06-05 09:46:37,063, session=2, sequence=54, operation=PrimitiveOperation{id=DefaultOperationId{id=write, type=COMMAND}, value=byte[]{length=17, hash=-1644578928}}}}
21:46:38.237 [raft-server-3] TRACE i.a.p.raft.roles.LeaderAppender - RaftServer{3} - Sending AppendRequest{term=1, leader=3, prevLogIndex=61, prevLogTerm=1, entries=1, commitIndex=61} to 1
21:46:38.237 [raft-server-1-state] TRACE i.a.p.s.impl.DefaultServiceExecutor - PrimitiveService{2}{type=PrimitiveType{name=test}, name=test} - Executing DefaultCommit{index=61, session=RaftSession{RaftServiceContext{server=1, type=PrimitiveType{name=test}, name=test, id=2}, session=2, timestamp=2018-06-05 09:46:37,063}, time=2018-06-05 09:46:37,063, operation=DefaultOperationId{id=write, type=COMMAND}, value=byte[]{length=17, hash=-1644578928}}
21:46:38.237 [raft-server-2-state] TRACE i.a.p.s.impl.DefaultServiceExecutor - PrimitiveService{2}{type=PrimitiveType{name=test}, name=test} - Executing DefaultCommit{index=61, session=RaftSession{RaftServiceContext{server=2, type=PrimitiveType{name=test}, name=test, id=2}, session=2, timestamp=2018-06-05 09:46:37,063}, time=2018-06-05 09:46:37,063, operation=DefaultOperationId{id=write, type=COMMAND}, value=byte[]{length=17, hash=-1644578928}}
21:46:38.237 [raft-server-1] TRACE i.a.p.raft.roles.FollowerRole - RaftServer{1}{role=FOLLOWER} - Received AppendRequest{term=1, leader=3, prevLogIndex=61, prevLogTerm=1, entries=1, commitIndex=61}
21:46:38.237 [raft-server-3] TRACE i.a.p.raft.roles.LeaderAppender - RaftServer{3} - Sending AppendRequest{term=1, leader=3, prevLogIndex=61, prevLogTerm=1, entries=1, commitIndex=61} to 2
21:46:38.237 [raft-server-2] TRACE i.a.p.raft.roles.FollowerRole - RaftServer{2}{role=FOLLOWER} - Received AppendRequest{term=1, leader=3, prevLogIndex=61, prevLogTerm=1, entries=1, commitIndex=61}
21:46:38.237 [raft-server-3] TRACE i.a.p.raft.roles.LeaderAppender - RaftServer{3} - Received AppendResponse{status=OK, term=1, succeeded=true, lastLogIndex=61} from 2
21:46:38.237 [raft-server-1] TRACE i.a.p.raft.roles.FollowerRole - RaftServer{1}{role=FOLLOWER} - Appended Indexed{index=62, entry=CommandEntry{term=1, timestamp=2018-06-05 09:46:38,137, session=2, sequence=54, operation=PrimitiveOperation{id=DefaultOperationId{id=write, type=COMMAND}, value=byte[]{length=17, hash=-1644578928}}}}
21:46:38.237 [raft-server-1] TRACE i.a.p.raft.roles.FollowerRole - RaftServer{1}{role=FOLLOWER} - Sending AppendResponse{status=OK, term=1, succeeded=true, lastLogIndex=62}
21:46:38.237 [raft-server-2] TRACE i.a.p.raft.roles.FollowerRole - RaftServer{2}{role=FOLLOWER} - Appended Indexed{index=62, entry=CommandEntry{term=1, timestamp=2018-06-05 09:46:38,137, session=2, sequence=54, operation=PrimitiveOperation{id=DefaultOperationId{id=write, type=COMMAND}, value=byte[]{length=17, hash=-1644578928}}}}
21:46:38.237 [raft-server-2] TRACE i.a.p.raft.roles.FollowerRole - RaftServer{2}{role=FOLLOWER} - Sending AppendResponse{status=OK, term=1, succeeded=true, lastLogIndex=62}
21:46:38.237 [raft-server-3] TRACE i.a.p.raft.roles.LeaderAppender - RaftServer{3} - Received AppendResponse{status=OK, term=1, succeeded=true, lastLogIndex=62} from 1
21:46:38.237 [raft-server-3] TRACE i.a.p.raft.roles.LeaderAppender - RaftServer{3} - Committed entries up to 62
21:46:38.345 [raft-server-3] TRACE i.a.p.raft.roles.LeaderAppender - RaftServer{3} - Received AppendResponse{status=OK, term=1, succeeded=true, lastLogIndex=62} from 2
21:46:38.345 [raft-server-3-state] TRACE i.a.p.raft.impl.RaftServiceManager - RaftServer{3} - Applying Indexed{index=62, entry=CommandEntry{term=1, timestamp=2018-06-05 09:46:38,137, session=2, sequence=54, operation=PrimitiveOperation{id=DefaultOperationId{id=write, type=COMMAND}, value=byte[]{length=17, hash=-1644578928}}}}
21:46:38.345 [raft-server-3-state] TRACE i.a.p.r.service.RaftServiceContext - PrimitiveService{2}{type=PrimitiveType{name=test}, name=test} - Returning cached result for command with sequence number 54 < 55
21:46:38.345 [raft-server-3-state] TRACE i.a.protocols.raft.roles.LeaderRole - RaftServer{3}{role=LEADER} - Sending CommandResponse{status=OK, index=61, eventIndex=2, result=byte[]{length=2, hash=1362}}
21:46:38.345 [raft-client-2f4c8c2a-86e3-4c0e-9770-cf34b8eb1c33-2] TRACE i.a.p.r.p.impl.RaftProxyConnection - PartitionProxy{2}{type=PrimitiveType{name=test}, name=test} - Received CommandResponse{status=OK, index=61, eventIndex=2, result=byte[]{length=2, hash=1362}} from 3
21:46:38.345 [raft-client-2f4c8c2a-86e3-4c0e-9770-cf34b8eb1c33-2] TRACE i.a.p.r.p.impl.RaftProxySequencer - PartitionProxy{2}{type=PrimitiveType{name=test}, name=test} - Completing response CommandResponse{status=OK, index=61, eventIndex=2, result=byte[]{length=2, hash=1362}}
21:46:38.345 [raft-client-2f4c8c2a-86e3-4c0e-9770-cf34b8eb1c33-1] TRACE i.a.p.r.p.impl.RaftProxyConnection - PartitionProxy{2}{type=PrimitiveType{name=test}, name=test} - Sending CommandRequest{session=2, sequence=55, operation=PrimitiveOperation{id=DefaultOperationId{id=write, type=COMMAND}, value=byte[]{length=17, hash=-1644578928}}} to 3
21:46:38.346 [raft-server-3] TRACE i.a.protocols.raft.roles.LeaderRole - RaftServer{3}{role=LEADER} - Received CommandRequest{session=2, sequence=55, operation=PrimitiveOperation{id=DefaultOperationId{id=write, type=COMMAND}, value=byte[]{length=17, hash=-1644578928}}}
21:46:38.346 [raft-server-3] TRACE i.a.protocols.raft.roles.LeaderRole - RaftServer{3}{role=LEADER} - Appended Indexed{index=63, entry=CommandEntry{term=1, timestamp=2018-06-05 09:46:38,346, session=2, sequence=55, operation=PrimitiveOperation{id=DefaultOperationId{id=write, type=COMMAND}, value=byte[]{length=17, hash=-1644578928}}}}
21:46:38.346 [raft-server-3] TRACE i.a.p.raft.roles.LeaderAppender - RaftServer{3} - Sending AppendRequest{term=1, leader=3, prevLogIndex=62, prevLogTerm=1, entries=1, commitIndex=62} to 2
21:46:38.346 [raft-server-2] TRACE i.a.p.raft.roles.FollowerRole - RaftServer{2}{role=FOLLOWER} - Received AppendRequest{term=1, leader=3, prevLogIndex=62, prevLogTerm=1, entries=1, commitIndex=62}
21:46:38.346 [raft-server-3] TRACE i.a.p.raft.roles.LeaderAppender - RaftServer{3} - Sending AppendRequest{term=1, leader=3, prevLogIndex=62, prevLogTerm=1, entries=1, commitIndex=62} to 1
21:46:38.346 [raft-server-1] TRACE i.a.p.raft.roles.FollowerRole - RaftServer{1}{role=FOLLOWER} - Received AppendRequest{term=1, leader=3, prevLogIndex=62, prevLogTerm=1, entries=1, commitIndex=62}
21:46:38.346 [raft-server-2] TRACE i.a.p.raft.roles.FollowerRole - RaftServer{2}{role=FOLLOWER} - Appended Indexed{index=63, entry=CommandEntry{term=1, timestamp=2018-06-05 09:46:38,346, session=2, sequence=55, operation=PrimitiveOperation{id=DefaultOperationId{id=write, type=COMMAND}, value=byte[]{length=17, hash=-1644578928}}}}
21:46:38.346 [raft-server-1] TRACE i.a.p.raft.roles.FollowerRole - RaftServer{1}{role=FOLLOWER} - Appended Indexed{index=63, entry=CommandEntry{term=1, timestamp=2018-06-05 09:46:38,346, session=2, sequence=55, operation=PrimitiveOperation{id=DefaultOperationId{id=write, type=COMMAND}, value=byte[]{length=17, hash=-1644578928}}}}
21:46:38.461 [raft-server-2] TRACE i.a.p.raft.roles.FollowerRole - RaftServer{2}{role=FOLLOWER} - Committed entries up to index 62
21:46:38.461 [raft-server-2] TRACE i.a.p.raft.roles.FollowerRole - RaftServer{2}{role=FOLLOWER} - Sending AppendResponse{status=OK, term=1, succeeded=true, lastLogIndex=63}
21:46:38.461 [raft-server-1] TRACE i.a.p.raft.roles.FollowerRole - RaftServer{1}{role=FOLLOWER} - Committed entries up to index 62
21:46:38.461 [raft-server-1] TRACE i.a.p.raft.roles.FollowerRole - RaftServer{1}{role=FOLLOWER} - Sending AppendResponse{status=OK, term=1, succeeded=true, lastLogIndex=63}
21:46:38.462 [raft-server-3] TRACE i.a.p.raft.roles.LeaderAppender - RaftServer{3} - Received AppendResponse{status=OK, term=1, succeeded=true, lastLogIndex=63} from 2
21:46:38.462 [raft-server-1-state] TRACE i.a.p.raft.impl.RaftServiceManager - RaftServer{1} - Applying Indexed{index=62, entry=CommandEntry{term=1, timestamp=2018-06-05 09:46:38,137, session=2, sequence=54, operation=PrimitiveOperation{id=DefaultOperationId{id=write, type=COMMAND}, value=byte[]{length=17, hash=-1644578928}}}}
21:46:38.462 [raft-server-2-state] TRACE i.a.p.raft.impl.RaftServiceManager - RaftServer{2} - Applying Indexed{index=62, entry=CommandEntry{term=1, timestamp=2018-06-05 09:46:38,137, session=2, sequence=54, operation=PrimitiveOperation{id=DefaultOperationId{id=write, type=COMMAND}, value=byte[]{length=17, hash=-1644578928}}}}
21:46:38.462 [raft-server-3] TRACE i.a.p.raft.roles.LeaderAppender - RaftServer{3} - Committed entries up to 63
21:46:38.462 [raft-server-1-state] TRACE i.a.p.r.service.RaftServiceContext - PrimitiveService{2}{type=PrimitiveType{name=test}, name=test} - Returning cached result for command with sequence number 54 < 55
21:46:38.462 [raft-server-2-state] TRACE i.a.p.r.service.RaftServiceContext - PrimitiveService{2}{type=PrimitiveType{name=test}, name=test} - Returning cached result for command with sequence number 54 < 55
21:46:38.595 [raft-server-3] TRACE i.a.p.raft.roles.LeaderAppender - RaftServer{3} - Sending AppendRequest{term=1, leader=3, prevLogIndex=63, prevLogTerm=1, entries=0, commitIndex=63} to 2
21:46:38.595 [raft-server-2] TRACE i.a.p.raft.roles.FollowerRole - RaftServer{2}{role=FOLLOWER} - Received AppendRequest{term=1, leader=3, prevLogIndex=63, prevLogTerm=1, entries=0, commitIndex=63}
21:46:38.595 [raft-server-3] TRACE i.a.p.raft.roles.LeaderAppender - RaftServer{3} - Received AppendResponse{status=OK, term=1, succeeded=true, lastLogIndex=63} from 1
21:46:38.595 [raft-server-3] TRACE i.a.p.raft.roles.LeaderAppender - RaftServer{3} - Sending AppendRequest{term=1, leader=3, prevLogIndex=63, prevLogTerm=1, entries=0, commitIndex=63} to 1
21:46:38.595 [raft-server-1] TRACE i.a.p.raft.roles.FollowerRole - RaftServer{1}{role=FOLLOWER} - Received AppendRequest{term=1, leader=3, prevLogIndex=63, prevLogTerm=1, entries=0, commitIndex=63}
21:46:38.595 [raft-server-3-state] TRACE i.a.p.raft.impl.RaftServiceManager - RaftServer{3} - Applying Indexed{index=63, entry=CommandEntry{term=1, timestamp=2018-06-05 09:46:38,346, session=2, sequence=55, operation=PrimitiveOperation{id=DefaultOperationId{id=write, type=COMMAND}, value=byte[]{length=17, hash=-1644578928}}}}
21:46:38.595 [raft-server-3-state] TRACE i.a.p.s.impl.DefaultServiceExecutor - PrimitiveService{2}{type=PrimitiveType{name=test}, name=test} - Executing DefaultCommit{index=63, session=RaftSession{RaftServiceContext{server=3, type=PrimitiveType{name=test}, name=test, id=2}, session=2, timestamp=2018-06-05 09:46:38,346}, time=2018-06-05 09:46:38,346, operation=DefaultOperationId{id=write, type=COMMAND}, value=byte[]{length=17, hash=-1644578928}}
21:46:38.596 [raft-server-3-state] TRACE i.a.protocols.raft.roles.LeaderRole - RaftServer{3}{role=LEADER} - Sending CommandResponse{status=OK, index=63, eventIndex=2, result=byte[]{length=2, hash=1366}}
21:46:38.596 [raft-client-2f4c8c2a-86e3-4c0e-9770-cf34b8eb1c33-5] TRACE i.a.p.r.p.impl.RaftProxyConnection - PartitionProxy{2}{type=PrimitiveType{name=test}, name=test} - Received CommandResponse{status=OK, index=63, eventIndex=2, result=byte[]{length=2, hash=1366}} from 3
21:46:38.596 [raft-client-2f4c8c2a-86e3-4c0e-9770-cf34b8eb1c33-5] TRACE i.a.p.r.p.impl.RaftProxySequencer - PartitionProxy{2}{type=PrimitiveType{name=test}, name=test} - Completing response CommandResponse{status=OK, index=63, eventIndex=2, result=byte[]{length=2, hash=1366}}
21:46:38.596 [raft-client-2f4c8c2a-86e3-4c0e-9770-cf34b8eb1c33-4] TRACE i.a.p.r.p.impl.RaftProxyConnection - PartitionProxy{2}{type=PrimitiveType{name=test}, name=test} - Sending CommandRequest{session=2, sequence=56, operation=PrimitiveOperation{id=DefaultOperationId{id=write, type=COMMAND}, value=byte[]{length=17, hash=-1644578928}}} to 3
21:46:38.596 [raft-server-3] TRACE i.a.protocols.raft.roles.LeaderRole - RaftServer{3}{role=LEADER} - Received CommandRequest{session=2, sequence=56, operation=PrimitiveOperation{id=DefaultOperationId{id=write, type=COMMAND}, value=byte[]{length=17, hash=-1644578928}}}
21:46:38.596 [raft-server-3] TRACE i.a.protocols.raft.roles.LeaderRole - RaftServer{3}{role=LEADER} - Appended Indexed{index=64, entry=CommandEntry{term=1, timestamp=2018-06-05 09:46:38,596, session=2, sequence=56, operation=PrimitiveOperation{id=DefaultOperationId{id=write, type=COMMAND}, value=byte[]{length=17, hash=-1644578928}}}}
21:46:38.837 [raft-client-2f4c8c2a-86e3-4c0e-9770-cf34b8eb1c33-5] TRACE i.a.p.r.proxy.impl.RaftProxyManager - RaftClient{2f4c8c2a-86e3-4c0e-9770-cf34b8eb1c33} - Keeping 1 sessions alive
21:46:38.837 [raft-client-2f4c8c2a-86e3-4c0e-9770-cf34b8eb1c33-5] TRACE i.a.p.r.p.impl.RaftProxyConnection - RaftClient{2f4c8c2a-86e3-4c0e-9770-cf34b8eb1c33} - Sending KeepAliveRequest{sessionIds=long[]{length=1, hash=33}, commandSequences=long[]{length=1, hash=86}, eventIndexes=long[]{length=1, hash=33}} to 3
21:46:38.837 [raft-server-3] TRACE i.a.protocols.raft.roles.LeaderRole - RaftServer{3}{role=LEADER} - Received KeepAliveRequest{sessionIds=long[]{length=1, hash=33}, commandSequences=long[]{length=1, hash=86}, eventIndexes=long[]{length=1, hash=33}}
21:46:38.837 [raft-server-3] TRACE i.a.protocols.raft.roles.LeaderRole - RaftServer{3}{role=LEADER} - Appended Indexed{index=65, entry=KeepAliveEntry{term=1, timestamp=2018-06-05 09:46:38,837, sessionIds=long[]{length=1, hash=33}, commandSequences=long[]{length=1, hash=86}, eventIndexes=long[]{length=1, hash=33}}}
21:46:38.837 [raft-server-3] TRACE i.a.p.raft.roles.LeaderAppender - RaftServer{3} - Sending AppendRequest{term=1, leader=3, prevLogIndex=63, prevLogTerm=1, entries=2, commitIndex=63} to 2
21:46:38.837 [raft-server-3] TRACE i.a.p.raft.roles.LeaderAppender - RaftServer{3} - Sending AppendRequest{term=1, leader=3, prevLogIndex=63, prevLogTerm=1, entries=2, commitIndex=63} to 1
21:46:39.595 [raft-server-3] DEBUG i.a.p.raft.roles.LeaderAppender - RaftServer{3} - AppendRequest{term=1, leader=3, prevLogIndex=63, prevLogTerm=1, entries=0, commitIndex=63} to 2 failed: java.util.concurrent.TimeoutException
21:46:39.595 [raft-server-3] DEBUG i.a.p.raft.roles.LeaderAppender - RaftServer{3} - AppendRequest{term=1, leader=3, prevLogIndex=63, prevLogTerm=1, entries=0, commitIndex=63} to 1 failed: java.util.concurrent.TimeoutException
21:46:39.597 [raft-client-2f4c8c2a-86e3-4c0e-9770-cf34b8eb1c33-3] DEBUG i.a.p.r.p.impl.RaftProxyConnection - PartitionProxy{2}{type=PrimitiveType{name=test}, name=test} - CommandRequest{session=2, sequence=56, operation=PrimitiveOperation{id=DefaultOperationId{id=write, type=COMMAND}, value=byte[]{length=17, hash=-1644578928}}} failed! Reason: {}
java.util.concurrent.TimeoutException: null
	at io.atomix.protocols.raft.protocol.TestRaftProtocol.lambda$scheduleTimeout$0(TestRaftProtocol.java:48) ~[test-classes/:na]
	at java.util.concurrent.Executors$RunnableAdapter.call(Executors.java:511) ~[na:1.8.0_121]
	at java.util.concurrent.FutureTask.run(FutureTask.java:266) ~[na:1.8.0_121]
	at java.util.concurrent.ScheduledThreadPoolExecutor$ScheduledFutureTask.access$201(ScheduledThreadPoolExecutor.java:180) ~[na:1.8.0_121]
	at java.util.concurrent.ScheduledThreadPoolExecutor$ScheduledFutureTask.run(ScheduledThreadPoolExecutor.java:293) ~[na:1.8.0_121]
	at java.util.concurrent.ThreadPoolExecutor.runWorker(ThreadPoolExecutor.java:1142) ~[na:1.8.0_121]
	at java.util.concurrent.ThreadPoolExecutor$Worker.run(ThreadPoolExecutor.java:617) ~[na:1.8.0_121]
	at java.lang.Thread.run(Thread.java:745) ~[na:1.8.0_121]
21:46:39.597 [raft-client-2f4c8c2a-86e3-4c0e-9770-cf34b8eb1c33-3] TRACE i.a.p.r.p.impl.RaftProxyConnection - PartitionProxy{2}{type=PrimitiveType{name=test}, name=test} - Resetting connection. Reason: null
21:46:39.597 [raft-client-2f4c8c2a-86e3-4c0e-9770-cf34b8eb1c33-3] TRACE i.a.p.r.p.impl.RaftProxyConnection - PartitionProxy{2}{type=PrimitiveType{name=test}, name=test} - Sending CommandRequest{session=2, sequence=56, operation=PrimitiveOperation{id=DefaultOperationId{id=write, type=COMMAND}, value=byte[]{length=17, hash=-1644578928}}} to 3
21:46:39.597 [raft-server-3] TRACE i.a.protocols.raft.roles.LeaderRole - RaftServer{3}{role=LEADER} - Received CommandRequest{session=2, sequence=56, operation=PrimitiveOperation{id=DefaultOperationId{id=write, type=COMMAND}, value=byte[]{length=17, hash=-1644578928}}}
21:46:39.598 [raft-server-3] TRACE i.a.protocols.raft.roles.LeaderRole - RaftServer{3}{role=LEADER} - Appended Indexed{index=66, entry=CommandEntry{term=1, timestamp=2018-06-05 09:46:39,597, session=2, sequence=56, operation=PrimitiveOperation{id=DefaultOperationId{id=write, type=COMMAND}, value=byte[]{length=17, hash=-1644578928}}}}
21:46:39.838 [raft-server-3] DEBUG i.a.p.raft.roles.LeaderAppender - RaftServer{3} - AppendRequest{term=1, leader=3, prevLogIndex=63, prevLogTerm=1, entries=2, commitIndex=63} to 2 failed: java.util.concurrent.TimeoutException
21:46:39.838 [raft-server-3] DEBUG i.a.p.raft.roles.LeaderAppender - RaftServer{3} - AppendRequest{term=1, leader=3, prevLogIndex=63, prevLogTerm=1, entries=2, commitIndex=63} to 1 failed: java.util.concurrent.TimeoutException
21:46:39.838 [raft-client-2f4c8c2a-86e3-4c0e-9770-cf34b8eb1c33-2] DEBUG i.a.p.r.p.impl.RaftProxyConnection - RaftClient{2f4c8c2a-86e3-4c0e-9770-cf34b8eb1c33} - KeepAliveRequest{sessionIds=long[]{length=1, hash=33}, commandSequences=long[]{length=1, hash=86}, eventIndexes=long[]{length=1, hash=33}} failed! Reason: {}
java.util.concurrent.TimeoutException: null
	at io.atomix.protocols.raft.protocol.TestRaftProtocol.lambda$scheduleTimeout$0(TestRaftProtocol.java:48) ~[test-classes/:na]
	at java.util.concurrent.Executors$RunnableAdapter.call(Executors.java:511) ~[na:1.8.0_121]
	at java.util.concurrent.FutureTask.run(FutureTask.java:266) ~[na:1.8.0_121]
	at java.util.concurrent.ScheduledThreadPoolExecutor$ScheduledFutureTask.access$201(ScheduledThreadPoolExecutor.java:180) ~[na:1.8.0_121]
	at java.util.concurrent.ScheduledThreadPoolExecutor$ScheduledFutureTask.run(ScheduledThreadPoolExecutor.java:293) ~[na:1.8.0_121]
	at java.util.concurrent.ThreadPoolExecutor.runWorker(ThreadPoolExecutor.java:1142) ~[na:1.8.0_121]
	at java.util.concurrent.ThreadPoolExecutor$Worker.run(ThreadPoolExecutor.java:617) ~[na:1.8.0_121]
	at java.lang.Thread.run(Thread.java:745) ~[na:1.8.0_121]
21:46:39.838 [raft-client-2f4c8c2a-86e3-4c0e-9770-cf34b8eb1c33-2] TRACE i.a.p.r.p.impl.RaftProxyConnection - RaftClient{2f4c8c2a-86e3-4c0e-9770-cf34b8eb1c33} - Resetting connection. Reason: null
21:46:39.838 [raft-client-2f4c8c2a-86e3-4c0e-9770-cf34b8eb1c33-2] TRACE i.a.p.r.p.impl.RaftProxyConnection - RaftClient{2f4c8c2a-86e3-4c0e-9770-cf34b8eb1c33} - Sending KeepAliveRequest{sessionIds=long[]{length=1, hash=33}, commandSequences=long[]{length=1, hash=86}, eventIndexes=long[]{length=1, hash=33}} to 3
21:46:39.838 [raft-server-3] TRACE i.a.protocols.raft.roles.LeaderRole - RaftServer{3}{role=LEADER} - Received KeepAliveRequest{sessionIds=long[]{length=1, hash=33}, commandSequences=long[]{length=1, hash=86}, eventIndexes=long[]{length=1, hash=33}}
21:46:39.839 [raft-server-3] TRACE i.a.protocols.raft.roles.LeaderRole - RaftServer{3}{role=LEADER} - Appended Indexed{index=67, entry=KeepAliveEntry{term=1, timestamp=2018-06-05 09:46:39,838, sessionIds=long[]{length=1, hash=33}, commandSequences=long[]{length=1, hash=86}, eventIndexes=long[]{length=1, hash=33}}}
21:46:39.839 [raft-server-3] TRACE i.a.p.raft.roles.LeaderAppender - RaftServer{3} - Sending AppendRequest{term=1, leader=3, prevLogIndex=65, prevLogTerm=1, entries=0, commitIndex=63} to 2
21:46:39.839 [raft-server-3] TRACE i.a.p.raft.roles.LeaderAppender - RaftServer{3} - Sending AppendRequest{term=1, leader=3, prevLogIndex=65, prevLogTerm=1, entries=0, commitIndex=63} to 1
21:46:40.354 [raft-server-2] TRACE i.a.p.raft.roles.FollowerRole - RaftServer{2}{role=FOLLOWER} - Committed entries up to index 63
21:46:40.354 [raft-server-2] TRACE i.a.p.raft.roles.FollowerRole - RaftServer{2}{role=FOLLOWER} - Sending AppendResponse{status=OK, term=1, succeeded=true, lastLogIndex=63}
21:46:40.354 [raft-server-2] TRACE i.a.p.raft.roles.FollowerRole - RaftServer{2}{role=FOLLOWER} - Received AppendRequest{term=1, leader=3, prevLogIndex=63, prevLogTerm=1, entries=2, commitIndex=63}
21:46:40.354 [raft-server-2] TRACE i.a.p.raft.roles.FollowerRole - RaftServer{2}{role=FOLLOWER} - Appended Indexed{index=64, entry=CommandEntry{term=1, timestamp=2018-06-05 09:46:38,596, session=2, sequence=56, operation=PrimitiveOperation{id=DefaultOperationId{id=write, type=COMMAND}, value=byte[]{length=17, hash=-1644578928}}}}
21:46:40.354 [raft-server-2] TRACE i.a.p.raft.roles.FollowerRole - RaftServer{2}{role=FOLLOWER} - Appended Indexed{index=65, entry=KeepAliveEntry{term=1, timestamp=2018-06-05 09:46:38,837, sessionIds=long[]{length=1, hash=33}, commandSequences=long[]{length=1, hash=86}, eventIndexes=long[]{length=1, hash=33}}}
21:46:40.355 [raft-server-2] TRACE i.a.p.raft.roles.FollowerRole - RaftServer{2}{role=FOLLOWER} - Sending AppendResponse{status=OK, term=1, succeeded=true, lastLogIndex=65}
21:46:40.355 [raft-server-2] TRACE i.a.p.raft.roles.FollowerRole - RaftServer{2}{role=FOLLOWER} - Received AppendRequest{term=1, leader=3, prevLogIndex=65, prevLogTerm=1, entries=0, commitIndex=63}
21:46:40.355 [raft-server-2] TRACE i.a.p.raft.roles.FollowerRole - RaftServer{2}{role=FOLLOWER} - Sending AppendResponse{status=OK, term=1, succeeded=true, lastLogIndex=65}
21:46:40.355 [raft-server-3] TRACE i.a.p.raft.roles.LeaderAppender - RaftServer{3} - Received AppendResponse{status=OK, term=1, succeeded=true, lastLogIndex=65} from 2
21:46:40.355 [raft-server-2-state] TRACE i.a.p.raft.impl.RaftServiceManager - RaftServer{2} - Applying Indexed{index=63, entry=CommandEntry{term=1, timestamp=2018-06-05 09:46:38,346, session=2, sequence=55, operation=PrimitiveOperation{id=DefaultOperationId{id=write, type=COMMAND}, value=byte[]{length=17, hash=-1644578928}}}}
21:46:40.355 [raft-server-3] TRACE i.a.p.raft.roles.LeaderAppender - RaftServer{3} - Sending AppendRequest{term=1, leader=3, prevLogIndex=65, prevLogTerm=1, entries=2, commitIndex=63} to 2
21:46:40.355 [raft-server-2] TRACE i.a.p.raft.roles.FollowerRole - RaftServer{2}{role=FOLLOWER} - Received AppendRequest{term=1, leader=3, prevLogIndex=65, prevLogTerm=1, entries=2, commitIndex=63}
21:46:40.355 [raft-server-2-state] TRACE i.a.p.s.impl.DefaultServiceExecutor - PrimitiveService{2}{type=PrimitiveType{name=test}, name=test} - Executing DefaultCommit{index=63, session=RaftSession{RaftServiceContext{server=2, type=PrimitiveType{name=test}, name=test, id=2}, session=2, timestamp=2018-06-05 09:46:38,346}, time=2018-06-05 09:46:38,346, operation=DefaultOperationId{id=write, type=COMMAND}, value=byte[]{length=17, hash=-1644578928}}
21:46:40.355 [raft-server-2] TRACE i.a.p.raft.roles.FollowerRole - RaftServer{2}{role=FOLLOWER} - Appended Indexed{index=66, entry=CommandEntry{term=1, timestamp=2018-06-05 09:46:39,597, session=2, sequence=56, operation=PrimitiveOperation{id=DefaultOperationId{id=write, type=COMMAND}, value=byte[]{length=17, hash=-1644578928}}}}
21:46:40.355 [raft-server-2] TRACE i.a.p.raft.roles.FollowerRole - RaftServer{2}{role=FOLLOWER} - Appended Indexed{index=67, entry=KeepAliveEntry{term=1, timestamp=2018-06-05 09:46:39,838, sessionIds=long[]{length=1, hash=33}, commandSequences=long[]{length=1, hash=86}, eventIndexes=long[]{length=1, hash=33}}}
21:46:40.355 [raft-server-2] TRACE i.a.p.raft.roles.FollowerRole - RaftServer{2}{role=FOLLOWER} - Sending AppendResponse{status=OK, term=1, succeeded=true, lastLogIndex=67}
21:46:40.355 [raft-server-3] TRACE i.a.p.raft.roles.LeaderAppender - RaftServer{3} - Received AppendResponse{status=OK, term=1, succeeded=true, lastLogIndex=67} from 2
21:46:40.355 [raft-server-3] TRACE i.a.p.raft.roles.LeaderAppender - RaftServer{3} - Committed entries up to 67
21:46:40.470 [raft-server-1] TRACE i.a.p.raft.roles.FollowerRole - RaftServer{1}{role=FOLLOWER} - Committed entries up to index 63
21:46:40.470 [raft-server-1] TRACE i.a.p.raft.roles.FollowerRole - RaftServer{1}{role=FOLLOWER} - Sending AppendResponse{status=OK, term=1, succeeded=true, lastLogIndex=63}
21:46:40.470 [raft-server-1] TRACE i.a.p.raft.roles.FollowerRole - RaftServer{1}{role=FOLLOWER} - Received AppendRequest{term=1, leader=3, prevLogIndex=63, prevLogTerm=1, entries=2, commitIndex=63}
21:46:40.470 [raft-server-1] TRACE i.a.p.raft.roles.FollowerRole - RaftServer{1}{role=FOLLOWER} - Appended Indexed{index=64, entry=CommandEntry{term=1, timestamp=2018-06-05 09:46:38,596, session=2, sequence=56, operation=PrimitiveOperation{id=DefaultOperationId{id=write, type=COMMAND}, value=byte[]{length=17, hash=-1644578928}}}}
21:46:40.470 [raft-server-1] TRACE i.a.p.raft.roles.FollowerRole - RaftServer{1}{role=FOLLOWER} - Appended Indexed{index=65, entry=KeepAliveEntry{term=1, timestamp=2018-06-05 09:46:38,837, sessionIds=long[]{length=1, hash=33}, commandSequences=long[]{length=1, hash=86}, eventIndexes=long[]{length=1, hash=33}}}
21:46:40.470 [raft-server-1] TRACE i.a.p.raft.roles.FollowerRole - RaftServer{1}{role=FOLLOWER} - Sending AppendResponse{status=OK, term=1, succeeded=true, lastLogIndex=65}
21:46:40.470 [raft-server-1] TRACE i.a.p.raft.roles.FollowerRole - RaftServer{1}{role=FOLLOWER} - Received AppendRequest{term=1, leader=3, prevLogIndex=65, prevLogTerm=1, entries=0, commitIndex=63}
21:46:40.470 [raft-server-1] TRACE i.a.p.raft.roles.FollowerRole - RaftServer{1}{role=FOLLOWER} - Sending AppendResponse{status=OK, term=1, succeeded=true, lastLogIndex=65}
21:46:40.470 [raft-server-1-state] TRACE i.a.p.raft.impl.RaftServiceManager - RaftServer{1} - Applying Indexed{index=63, entry=CommandEntry{term=1, timestamp=2018-06-05 09:46:38,346, session=2, sequence=55, operation=PrimitiveOperation{id=DefaultOperationId{id=write, type=COMMAND}, value=byte[]{length=17, hash=-1644578928}}}}
21:46:40.470 [raft-server-1-state] TRACE i.a.p.s.impl.DefaultServiceExecutor - PrimitiveService{2}{type=PrimitiveType{name=test}, name=test} - Executing DefaultCommit{index=63, session=RaftSession{RaftServiceContext{server=1, type=PrimitiveType{name=test}, name=test, id=2}, session=2, timestamp=2018-06-05 09:46:38,346}, time=2018-06-05 09:46:38,346, operation=DefaultOperationId{id=write, type=COMMAND}, value=byte[]{length=17, hash=-1644578928}}
21:46:40.596 [raft-server-3] TRACE i.a.p.raft.roles.LeaderAppender - RaftServer{3} - Received AppendResponse{status=OK, term=1, succeeded=true, lastLogIndex=65} from 1
21:46:40.596 [raft-server-3] TRACE i.a.p.raft.roles.LeaderAppender - RaftServer{3} - Sending AppendRequest{term=1, leader=3, prevLogIndex=65, prevLogTerm=1, entries=2, commitIndex=67} to 1
21:46:40.596 [raft-server-1] TRACE i.a.p.raft.roles.FollowerRole - RaftServer{1}{role=FOLLOWER} - Received AppendRequest{term=1, leader=3, prevLogIndex=65, prevLogTerm=1, entries=2, commitIndex=67}
21:46:40.596 [raft-server-3-state] TRACE i.a.p.raft.impl.RaftServiceManager - RaftServer{3} - Applying Indexed{index=64, entry=CommandEntry{term=1, timestamp=2018-06-05 09:46:38,596, session=2, sequence=56, operation=PrimitiveOperation{id=DefaultOperationId{id=write, type=COMMAND}, value=byte[]{length=17, hash=-1644578928}}}}
21:46:40.596 [raft-server-3-state] TRACE i.a.p.s.impl.DefaultServiceExecutor - PrimitiveService{2}{type=PrimitiveType{name=test}, name=test} - Executing DefaultCommit{index=64, session=RaftSession{RaftServiceContext{server=3, type=PrimitiveType{name=test}, name=test, id=2}, session=2, timestamp=2018-06-05 09:46:38,596}, time=2018-06-05 09:46:38,596, operation=DefaultOperationId{id=write, type=COMMAND}, value=byte[]{length=17, hash=-1644578928}}
21:46:40.597 [raft-server-1] TRACE i.a.p.raft.roles.FollowerRole - RaftServer{1}{role=FOLLOWER} - Appended Indexed{index=66, entry=CommandEntry{term=1, timestamp=2018-06-05 09:46:39,597, session=2, sequence=56, operation=PrimitiveOperation{id=DefaultOperationId{id=write, type=COMMAND}, value=byte[]{length=17, hash=-1644578928}}}}
21:46:40.597 [raft-server-3-state] TRACE i.a.protocols.raft.roles.LeaderRole - RaftServer{3}{role=LEADER} - Sending CommandResponse{status=OK, index=64, eventIndex=2, result=byte[]{length=3, hash=34473}}
21:46:40.597 [raft-server-3-state] TRACE i.a.p.raft.impl.RaftServiceManager - RaftServer{3} - Applying Indexed{index=65, entry=KeepAliveEntry{term=1, timestamp=2018-06-05 09:46:38,837, sessionIds=long[]{length=1, hash=33}, commandSequences=long[]{length=1, hash=86}, eventIndexes=long[]{length=1, hash=33}}}
21:46:40.597 [raft-server-1] TRACE i.a.p.raft.roles.FollowerRole - RaftServer{1}{role=FOLLOWER} - Appended Indexed{index=67, entry=KeepAliveEntry{term=1, timestamp=2018-06-05 09:46:39,838, sessionIds=long[]{length=1, hash=33}, commandSequences=long[]{length=1, hash=86}, eventIndexes=long[]{length=1, hash=33}}}
21:46:40.597 [raft-server-3-state] TRACE i.a.p.raft.impl.RaftServiceManager - RaftServer{3} - Applying Indexed{index=66, entry=CommandEntry{term=1, timestamp=2018-06-05 09:46:39,597, session=2, sequence=56, operation=PrimitiveOperation{id=DefaultOperationId{id=write, type=COMMAND}, value=byte[]{length=17, hash=-1644578928}}}}
21:46:40.597 [raft-server-3-state] TRACE i.a.p.r.service.RaftServiceContext - PrimitiveService{2}{type=PrimitiveType{name=test}, name=test} - Returning cached result for command with sequence number 56 < 57
21:46:40.597 [raft-server-3-state] TRACE i.a.protocols.raft.roles.LeaderRole - RaftServer{3}{role=LEADER} - Sending CommandResponse{status=OK, index=64, eventIndex=2, result=byte[]{length=3, hash=34473}}
21:46:40.597 [raft-server-3] TRACE i.a.protocols.raft.roles.LeaderRole - RaftServer{3}{role=LEADER} - Sending KeepAliveResponse{status=OK, leader=3, members=[2, 1, 3], sessionIds=long[]{length=1, hash=33}}
21:46:40.597 [raft-server-3-state] TRACE i.a.p.raft.impl.RaftServiceManager - RaftServer{3} - Applying Indexed{index=67, entry=KeepAliveEntry{term=1, timestamp=2018-06-05 09:46:39,838, sessionIds=long[]{length=1, hash=33}, commandSequences=long[]{length=1, hash=86}, eventIndexes=long[]{length=1, hash=33}}}
21:46:40.597 [raft-client-2f4c8c2a-86e3-4c0e-9770-cf34b8eb1c33-4] TRACE i.a.p.r.p.impl.RaftProxyConnection - PartitionProxy{2}{type=PrimitiveType{name=test}, name=test} - Received CommandResponse{status=OK, index=64, eventIndex=2, result=byte[]{length=3, hash=34473}} from 3
21:46:40.597 [raft-client-2f4c8c2a-86e3-4c0e-9770-cf34b8eb1c33-4] TRACE i.a.p.r.p.impl.RaftProxySequencer - PartitionProxy{2}{type=PrimitiveType{name=test}, name=test} - Completing response CommandResponse{status=OK, index=64, eventIndex=2, result=byte[]{length=3, hash=34473}}
21:46:40.597 [raft-client-2f4c8c2a-86e3-4c0e-9770-cf34b8eb1c33-0] TRACE i.a.p.r.p.impl.RaftProxyConnection - PartitionProxy{2}{type=PrimitiveType{name=test}, name=test} - Sending CommandRequest{session=2, sequence=57, operation=PrimitiveOperation{id=DefaultOperationId{id=write, type=COMMAND}, value=byte[]{length=17, hash=-1644578928}}} to 3
21:46:40.597 [raft-server-3] TRACE i.a.protocols.raft.roles.LeaderRole - RaftServer{3}{role=LEADER} - Sending KeepAliveResponse{status=OK, leader=3, members=[2, 1, 3], sessionIds=long[]{length=1, hash=33}}
21:46:40.598 [raft-server-3] TRACE i.a.protocols.raft.roles.LeaderRole - RaftServer{3}{role=LEADER} - Received CommandRequest{session=2, sequence=57, operation=PrimitiveOperation{id=DefaultOperationId{id=write, type=COMMAND}, value=byte[]{length=17, hash=-1644578928}}}
21:46:40.598 [raft-client-2f4c8c2a-86e3-4c0e-9770-cf34b8eb1c33-7] TRACE i.a.p.r.p.impl.RaftProxyConnection - RaftClient{2f4c8c2a-86e3-4c0e-9770-cf34b8eb1c33} - Received KeepAliveResponse{status=OK, leader=3, members=[2, 1, 3], sessionIds=long[]{length=1, hash=33}} from 3
21:46:40.598 [raft-server-3] TRACE i.a.protocols.raft.roles.LeaderRole - RaftServer{3}{role=LEADER} - Appended Indexed{index=68, entry=CommandEntry{term=1, timestamp=2018-06-05 09:46:40,598, session=2, sequence=57, operation=PrimitiveOperation{id=DefaultOperationId{id=write, type=COMMAND}, value=byte[]{length=17, hash=-1644578928}}}}
21:46:40.598 [raft-server-3] TRACE i.a.p.raft.roles.LeaderAppender - RaftServer{3} - Sending AppendRequest{term=1, leader=3, prevLogIndex=67, prevLogTerm=1, entries=1, commitIndex=67} to 2
21:46:40.598 [raft-server-2] TRACE i.a.p.raft.roles.FollowerRole - RaftServer{2}{role=FOLLOWER} - Received AppendRequest{term=1, leader=3, prevLogIndex=67, prevLogTerm=1, entries=1, commitIndex=67}
21:46:40.598 [raft-server-2] TRACE i.a.p.raft.roles.FollowerRole - RaftServer{2}{role=FOLLOWER} - Appended Indexed{index=68, entry=CommandEntry{term=1, timestamp=2018-06-05 09:46:40,598, session=2, sequence=57, operation=PrimitiveOperation{id=DefaultOperationId{id=write, type=COMMAND}, value=byte[]{length=17, hash=-1644578928}}}}
21:46:40.711 [raft-server-1] TRACE i.a.p.raft.roles.FollowerRole - RaftServer{1}{role=FOLLOWER} - Committed entries up to index 67
21:46:40.711 [raft-server-1] TRACE i.a.p.raft.roles.FollowerRole - RaftServer{1}{role=FOLLOWER} - Sending AppendResponse{status=OK, term=1, succeeded=true, lastLogIndex=67}
21:46:40.711 [raft-server-1-state] TRACE i.a.p.raft.impl.RaftServiceManager - RaftServer{1} - Applying Indexed{index=64, entry=CommandEntry{term=1, timestamp=2018-06-05 09:46:38,596, session=2, sequence=56, operation=PrimitiveOperation{id=DefaultOperationId{id=write, type=COMMAND}, value=byte[]{length=17, hash=-1644578928}}}}
21:46:40.711 [raft-server-3] TRACE i.a.p.raft.roles.LeaderAppender - RaftServer{3} - Received AppendResponse{status=OK, term=1, succeeded=true, lastLogIndex=67} from 1
21:46:40.711 [raft-server-1-state] TRACE i.a.p.s.impl.DefaultServiceExecutor - PrimitiveService{2}{type=PrimitiveType{name=test}, name=test} - Executing DefaultCommit{index=64, session=RaftSession{RaftServiceContext{server=1, type=PrimitiveType{name=test}, name=test, id=2}, session=2, timestamp=2018-06-05 09:46:38,596}, time=2018-06-05 09:46:38,596, operation=DefaultOperationId{id=write, type=COMMAND}, value=byte[]{length=17, hash=-1644578928}}
21:46:40.712 [raft-server-3] TRACE i.a.p.raft.roles.LeaderAppender - RaftServer{3} - Sending AppendRequest{term=1, leader=3, prevLogIndex=67, prevLogTerm=1, entries=1, commitIndex=67} to 1
21:46:40.712 [raft-server-1] TRACE i.a.p.raft.roles.FollowerRole - RaftServer{1}{role=FOLLOWER} - Received AppendRequest{term=1, leader=3, prevLogIndex=67, prevLogTerm=1, entries=1, commitIndex=67}
21:46:40.712 [raft-server-1-state] TRACE i.a.p.raft.impl.RaftServiceManager - RaftServer{1} - Applying Indexed{index=65, entry=KeepAliveEntry{term=1, timestamp=2018-06-05 09:46:38,837, sessionIds=long[]{length=1, hash=33}, commandSequences=long[]{length=1, hash=86}, eventIndexes=long[]{length=1, hash=33}}}
21:46:40.712 [raft-server-1-state] TRACE i.a.p.raft.impl.RaftServiceManager - RaftServer{1} - Applying Indexed{index=66, entry=CommandEntry{term=1, timestamp=2018-06-05 09:46:39,597, session=2, sequence=56, operation=PrimitiveOperation{id=DefaultOperationId{id=write, type=COMMAND}, value=byte[]{length=17, hash=-1644578928}}}}
21:46:40.712 [raft-server-1] TRACE i.a.p.raft.roles.FollowerRole - RaftServer{1}{role=FOLLOWER} - Appended Indexed{index=68, entry=CommandEntry{term=1, timestamp=2018-06-05 09:46:40,598, session=2, sequence=57, operation=PrimitiveOperation{id=DefaultOperationId{id=write, type=COMMAND}, value=byte[]{length=17, hash=-1644578928}}}}
21:46:40.712 [raft-server-1-state] TRACE i.a.p.r.service.RaftServiceContext - PrimitiveService{2}{type=PrimitiveType{name=test}, name=test} - Returning cached result for command with sequence number 56 < 57
21:46:40.712 [raft-server-1] TRACE i.a.p.raft.roles.FollowerRole - RaftServer{1}{role=FOLLOWER} - Sending AppendResponse{status=OK, term=1, succeeded=true, lastLogIndex=68}
21:46:40.712 [raft-server-1-state] TRACE i.a.p.raft.impl.RaftServiceManager - RaftServer{1} - Applying Indexed{index=67, entry=KeepAliveEntry{term=1, timestamp=2018-06-05 09:46:39,838, sessionIds=long[]{length=1, hash=33}, commandSequences=long[]{length=1, hash=86}, eventIndexes=long[]{length=1, hash=33}}}
21:46:40.712 [raft-server-3] TRACE i.a.p.raft.roles.LeaderAppender - RaftServer{3} - Received AppendResponse{status=OK, term=1, succeeded=true, lastLogIndex=68} from 1
21:46:40.712 [raft-server-3] TRACE i.a.p.raft.roles.LeaderAppender - RaftServer{3} - Committed entries up to 68
21:46:40.820 [raft-server-2] TRACE i.a.p.raft.roles.FollowerRole - RaftServer{2}{role=FOLLOWER} - Committed entries up to index 67
21:46:40.820 [raft-server-2] TRACE i.a.p.raft.roles.FollowerRole - RaftServer{2}{role=FOLLOWER} - Sending AppendResponse{status=OK, term=1, succeeded=true, lastLogIndex=68}
21:46:40.820 [raft-server-2-state] TRACE i.a.p.raft.impl.RaftServiceManager - RaftServer{2} - Applying Indexed{index=64, entry=CommandEntry{term=1, timestamp=2018-06-05 09:46:38,596, session=2, sequence=56, operation=PrimitiveOperation{id=DefaultOperationId{id=write, type=COMMAND}, value=byte[]{length=17, hash=-1644578928}}}}
21:46:40.820 [raft-server-2-state] TRACE i.a.p.s.impl.DefaultServiceExecutor - PrimitiveService{2}{type=PrimitiveType{name=test}, name=test} - Executing DefaultCommit{index=64, session=RaftSession{RaftServiceContext{server=2, type=PrimitiveType{name=test}, name=test, id=2}, session=2, timestamp=2018-06-05 09:46:38,596}, time=2018-06-05 09:46:38,596, operation=DefaultOperationId{id=write, type=COMMAND}, value=byte[]{length=17, hash=-1644578928}}
21:46:40.820 [raft-server-2-state] TRACE i.a.p.raft.impl.RaftServiceManager - RaftServer{2} - Applying Indexed{index=65, entry=KeepAliveEntry{term=1, timestamp=2018-06-05 09:46:38,837, sessionIds=long[]{length=1, hash=33}, commandSequences=long[]{length=1, hash=86}, eventIndexes=long[]{length=1, hash=33}}}
21:46:40.820 [raft-server-2-state] TRACE i.a.p.raft.impl.RaftServiceManager - RaftServer{2} - Applying Indexed{index=66, entry=CommandEntry{term=1, timestamp=2018-06-05 09:46:39,597, session=2, sequence=56, operation=PrimitiveOperation{id=DefaultOperationId{id=write, type=COMMAND}, value=byte[]{length=17, hash=-1644578928}}}}
21:46:40.820 [raft-server-2-state] TRACE i.a.p.r.service.RaftServiceContext - PrimitiveService{2}{type=PrimitiveType{name=test}, name=test} - Returning cached result for command with sequence number 56 < 57
21:46:40.820 [raft-server-2-state] TRACE i.a.p.raft.impl.RaftServiceManager - RaftServer{2} - Applying Indexed{index=67, entry=KeepAliveEntry{term=1, timestamp=2018-06-05 09:46:39,838, sessionIds=long[]{length=1, hash=33}, commandSequences=long[]{length=1, hash=86}, eventIndexes=long[]{length=1, hash=33}}}
21:46:40.886 [raft-server-3] TRACE i.a.p.raft.roles.LeaderAppender - RaftServer{3} - Received AppendResponse{status=OK, term=1, succeeded=true, lastLogIndex=68} from 2
21:46:40.886 [raft-server-3] TRACE i.a.p.raft.roles.LeaderAppender - RaftServer{3} - Sending AppendRequest{term=1, leader=3, prevLogIndex=68, prevLogTerm=1, entries=0, commitIndex=68} to 2
21:46:40.886 [raft-server-3] TRACE i.a.p.raft.roles.LeaderAppender - RaftServer{3} - Sending AppendRequest{term=1, leader=3, prevLogIndex=68, prevLogTerm=1, entries=0, commitIndex=68} to 1
21:46:40.886 [raft-server-2] TRACE i.a.p.raft.roles.FollowerRole - RaftServer{2}{role=FOLLOWER} - Received AppendRequest{term=1, leader=3, prevLogIndex=68, prevLogTerm=1, entries=0, commitIndex=68}
21:46:40.887 [raft-server-1] TRACE i.a.p.raft.roles.FollowerRole - RaftServer{1}{role=FOLLOWER} - Received AppendRequest{term=1, leader=3, prevLogIndex=68, prevLogTerm=1, entries=0, commitIndex=68}
21:46:40.887 [raft-server-3-state] TRACE i.a.p.raft.impl.RaftServiceManager - RaftServer{3} - Applying Indexed{index=68, entry=CommandEntry{term=1, timestamp=2018-06-05 09:46:40,598, session=2, sequence=57, operation=PrimitiveOperation{id=DefaultOperationId{id=write, type=COMMAND}, value=byte[]{length=17, hash=-1644578928}}}}
21:46:40.887 [raft-server-3-state] TRACE i.a.p.s.impl.DefaultServiceExecutor - PrimitiveService{2}{type=PrimitiveType{name=test}, name=test} - Executing DefaultCommit{index=68, session=RaftSession{RaftServiceContext{server=3, type=PrimitiveType{name=test}, name=test, id=2}, session=2, timestamp=2018-06-05 09:46:40,598}, time=2018-06-05 09:46:40,598, operation=DefaultOperationId{id=write, type=COMMAND}, value=byte[]{length=17, hash=-1644578928}}
21:46:40.887 [raft-server-3-state] TRACE i.a.protocols.raft.roles.LeaderRole - RaftServer{3}{role=LEADER} - Sending CommandResponse{status=OK, index=68, eventIndex=2, result=byte[]{length=3, hash=34721}}
21:46:40.887 [raft-client-2f4c8c2a-86e3-4c0e-9770-cf34b8eb1c33-5] TRACE i.a.p.r.p.impl.RaftProxyConnection - PartitionProxy{2}{type=PrimitiveType{name=test}, name=test} - Received CommandResponse{status=OK, index=68, eventIndex=2, result=byte[]{length=3, hash=34721}} from 3
21:46:40.887 [raft-client-2f4c8c2a-86e3-4c0e-9770-cf34b8eb1c33-5] TRACE i.a.p.r.p.impl.RaftProxySequencer - PartitionProxy{2}{type=PrimitiveType{name=test}, name=test} - Completing response CommandResponse{status=OK, index=68, eventIndex=2, result=byte[]{length=3, hash=34721}}
21:46:40.887 [raft-client-2f4c8c2a-86e3-4c0e-9770-cf34b8eb1c33-6] TRACE i.a.p.r.p.impl.RaftProxyConnection - PartitionProxy{2}{type=PrimitiveType{name=test}, name=test} - Sending CommandRequest{session=2, sequence=58, operation=PrimitiveOperation{id=DefaultOperationId{id=write, type=COMMAND}, value=byte[]{length=17, hash=-1644578928}}} to 3
21:46:40.887 [raft-server-3] TRACE i.a.protocols.raft.roles.LeaderRole - RaftServer{3}{role=LEADER} - Received CommandRequest{session=2, sequence=58, operation=PrimitiveOperation{id=DefaultOperationId{id=write, type=COMMAND}, value=byte[]{length=17, hash=-1644578928}}}
21:46:40.888 [raft-server-3] TRACE i.a.protocols.raft.roles.LeaderRole - RaftServer{3}{role=LEADER} - Appended Indexed{index=69, entry=CommandEntry{term=1, timestamp=2018-06-05 09:46:40,887, session=2, sequence=58, operation=PrimitiveOperation{id=DefaultOperationId{id=write, type=COMMAND}, value=byte[]{length=17, hash=-1644578928}}}}
21:46:40.953 [raft-server-2] TRACE i.a.p.raft.roles.FollowerRole - RaftServer{2}{role=FOLLOWER} - Committed entries up to index 68
21:46:40.953 [raft-server-1] TRACE i.a.p.raft.roles.FollowerRole - RaftServer{1}{role=FOLLOWER} - Committed entries up to index 68
21:46:40.953 [raft-server-2] TRACE i.a.p.raft.roles.FollowerRole - RaftServer{2}{role=FOLLOWER} - Sending AppendResponse{status=OK, term=1, succeeded=true, lastLogIndex=68}
21:46:40.953 [raft-server-1] TRACE i.a.p.raft.roles.FollowerRole - RaftServer{1}{role=FOLLOWER} - Sending AppendResponse{status=OK, term=1, succeeded=true, lastLogIndex=68}
21:46:40.953 [raft-server-3] TRACE i.a.p.raft.roles.LeaderAppender - RaftServer{3} - Received AppendResponse{status=OK, term=1, succeeded=true, lastLogIndex=68} from 2
21:46:40.953 [raft-server-3] TRACE i.a.p.raft.roles.LeaderAppender - RaftServer{3} - Sending AppendRequest{term=1, leader=3, prevLogIndex=68, prevLogTerm=1, entries=1, commitIndex=68} to 2
21:46:40.953 [raft-server-2-state] TRACE i.a.p.raft.impl.RaftServiceManager - RaftServer{2} - Applying Indexed{index=68, entry=CommandEntry{term=1, timestamp=2018-06-05 09:46:40,598, session=2, sequence=57, operation=PrimitiveOperation{id=DefaultOperationId{id=write, type=COMMAND}, value=byte[]{length=17, hash=-1644578928}}}}
21:46:40.953 [raft-server-1-state] TRACE i.a.p.raft.impl.RaftServiceManager - RaftServer{1} - Applying Indexed{index=68, entry=CommandEntry{term=1, timestamp=2018-06-05 09:46:40,598, session=2, sequence=57, operation=PrimitiveOperation{id=DefaultOperationId{id=write, type=COMMAND}, value=byte[]{length=17, hash=-1644578928}}}}
21:46:40.953 [raft-server-2] TRACE i.a.p.raft.roles.FollowerRole - RaftServer{2}{role=FOLLOWER} - Received AppendRequest{term=1, leader=3, prevLogIndex=68, prevLogTerm=1, entries=1, commitIndex=68}
21:46:40.953 [raft-server-3] TRACE i.a.p.raft.roles.LeaderAppender - RaftServer{3} - Received AppendResponse{status=OK, term=1, succeeded=true, lastLogIndex=68} from 1
21:46:40.953 [raft-server-2-state] TRACE i.a.p.s.impl.DefaultServiceExecutor - PrimitiveService{2}{type=PrimitiveType{name=test}, name=test} - Executing DefaultCommit{index=68, session=RaftSession{RaftServiceContext{server=2, type=PrimitiveType{name=test}, name=test, id=2}, session=2, timestamp=2018-06-05 09:46:40,598}, time=2018-06-05 09:46:40,598, operation=DefaultOperationId{id=write, type=COMMAND}, value=byte[]{length=17, hash=-1644578928}}
21:46:40.953 [raft-server-1-state] TRACE i.a.p.s.impl.DefaultServiceExecutor - PrimitiveService{2}{type=PrimitiveType{name=test}, name=test} - Executing DefaultCommit{index=68, session=RaftSession{RaftServiceContext{server=1, type=PrimitiveType{name=test}, name=test, id=2}, session=2, timestamp=2018-06-05 09:46:40,598}, time=2018-06-05 09:46:40,598, operation=DefaultOperationId{id=write, type=COMMAND}, value=byte[]{length=17, hash=-1644578928}}
21:46:40.953 [raft-server-3] TRACE i.a.p.raft.roles.LeaderAppender - RaftServer{3} - Sending AppendRequest{term=1, leader=3, prevLogIndex=68, prevLogTerm=1, entries=1, commitIndex=68} to 1
21:46:40.953 [raft-server-2] TRACE i.a.p.raft.roles.FollowerRole - RaftServer{2}{role=FOLLOWER} - Appended Indexed{index=69, entry=CommandEntry{term=1, timestamp=2018-06-05 09:46:40,887, session=2, sequence=58, operation=PrimitiveOperation{id=DefaultOperationId{id=write, type=COMMAND}, value=byte[]{length=17, hash=-1644578928}}}}
21:46:40.953 [raft-server-2] TRACE i.a.p.raft.roles.FollowerRole - RaftServer{2}{role=FOLLOWER} - Sending AppendResponse{status=OK, term=1, succeeded=true, lastLogIndex=69}
21:46:40.953 [raft-server-1] TRACE i.a.p.raft.roles.FollowerRole - RaftServer{1}{role=FOLLOWER} - Received AppendRequest{term=1, leader=3, prevLogIndex=68, prevLogTerm=1, entries=1, commitIndex=68}
21:46:40.954 [raft-server-3] TRACE i.a.p.raft.roles.LeaderAppender - RaftServer{3} - Received AppendResponse{status=OK, term=1, succeeded=true, lastLogIndex=69} from 2
21:46:40.954 [raft-server-3] TRACE i.a.p.raft.roles.LeaderAppender - RaftServer{3} - Committed entries up to 69
21:46:40.954 [raft-server-1] TRACE i.a.p.raft.roles.FollowerRole - RaftServer{1}{role=FOLLOWER} - Appended Indexed{index=69, entry=CommandEntry{term=1, timestamp=2018-06-05 09:46:40,887, session=2, sequence=58, operation=PrimitiveOperation{id=DefaultOperationId{id=write, type=COMMAND}, value=byte[]{length=17, hash=-1644578928}}}}
21:46:40.954 [raft-server-1] TRACE i.a.p.raft.roles.FollowerRole - RaftServer{1}{role=FOLLOWER} - Sending AppendResponse{status=OK, term=1, succeeded=true, lastLogIndex=69}
21:46:41.086 [raft-server-3] TRACE i.a.p.raft.roles.LeaderAppender - RaftServer{3} - Received AppendResponse{status=OK, term=1, succeeded=true, lastLogIndex=69} from 1
21:46:41.087 [raft-server-3-state] TRACE i.a.p.raft.impl.RaftServiceManager - RaftServer{3} - Applying Indexed{index=69, entry=CommandEntry{term=1, timestamp=2018-06-05 09:46:40,887, session=2, sequence=58, operation=PrimitiveOperation{id=DefaultOperationId{id=write, type=COMMAND}, value=byte[]{length=17, hash=-1644578928}}}}
21:46:41.087 [raft-server-3-state] TRACE i.a.p.s.impl.DefaultServiceExecutor - PrimitiveService{2}{type=PrimitiveType{name=test}, name=test} - Executing DefaultCommit{index=69, session=RaftSession{RaftServiceContext{server=3, type=PrimitiveType{name=test}, name=test, id=2}, session=2, timestamp=2018-06-05 09:46:40,887}, time=2018-06-05 09:46:40,887, operation=DefaultOperationId{id=write, type=COMMAND}, value=byte[]{length=17, hash=-1644578928}}
21:46:41.087 [raft-server-3-state] TRACE i.a.protocols.raft.roles.LeaderRole - RaftServer{3}{role=LEADER} - Sending CommandResponse{status=OK, index=69, eventIndex=2, result=byte[]{length=3, hash=34783}}
21:46:41.087 [raft-client-2f4c8c2a-86e3-4c0e-9770-cf34b8eb1c33-1] TRACE i.a.p.r.p.impl.RaftProxyConnection - PartitionProxy{2}{type=PrimitiveType{name=test}, name=test} - Received CommandResponse{status=OK, index=69, eventIndex=2, result=byte[]{length=3, hash=34783}} from 3
21:46:41.087 [raft-client-2f4c8c2a-86e3-4c0e-9770-cf34b8eb1c33-1] TRACE i.a.p.r.p.impl.RaftProxySequencer - PartitionProxy{2}{type=PrimitiveType{name=test}, name=test} - Completing response CommandResponse{status=OK, index=69, eventIndex=2, result=byte[]{length=3, hash=34783}}
21:46:41.087 [raft-client-2f4c8c2a-86e3-4c0e-9770-cf34b8eb1c33-4] TRACE i.a.p.r.p.impl.RaftProxyConnection - PartitionProxy{2}{type=PrimitiveType{name=test}, name=test} - Sending CommandRequest{session=2, sequence=59, operation=PrimitiveOperation{id=DefaultOperationId{id=write, type=COMMAND}, value=byte[]{length=17, hash=-1644578928}}} to 3
21:46:41.087 [raft-server-3] TRACE i.a.protocols.raft.roles.LeaderRole - RaftServer{3}{role=LEADER} - Received CommandRequest{session=2, sequence=59, operation=PrimitiveOperation{id=DefaultOperationId{id=write, type=COMMAND}, value=byte[]{length=17, hash=-1644578928}}}
21:46:41.088 [raft-server-3] TRACE i.a.protocols.raft.roles.LeaderRole - RaftServer{3}{role=LEADER} - Appended Indexed{index=70, entry=CommandEntry{term=1, timestamp=2018-06-05 09:46:41,088, session=2, sequence=59, operation=PrimitiveOperation{id=DefaultOperationId{id=write, type=COMMAND}, value=byte[]{length=17, hash=-1644578928}}}}
21:46:41.088 [raft-server-3] TRACE i.a.p.raft.roles.LeaderAppender - RaftServer{3} - Sending AppendRequest{term=1, leader=3, prevLogIndex=69, prevLogTerm=1, entries=1, commitIndex=69} to 2
21:46:41.088 [raft-server-2] TRACE i.a.p.raft.roles.FollowerRole - RaftServer{2}{role=FOLLOWER} - Received AppendRequest{term=1, leader=3, prevLogIndex=69, prevLogTerm=1, entries=1, commitIndex=69}
21:46:41.088 [raft-server-3] TRACE i.a.p.raft.roles.LeaderAppender - RaftServer{3} - Sending AppendRequest{term=1, leader=3, prevLogIndex=69, prevLogTerm=1, entries=1, commitIndex=69} to 1
21:46:41.088 [raft-server-2] TRACE i.a.p.raft.roles.FollowerRole - RaftServer{2}{role=FOLLOWER} - Appended Indexed{index=70, entry=CommandEntry{term=1, timestamp=2018-06-05 09:46:41,088, session=2, sequence=59, operation=PrimitiveOperation{id=DefaultOperationId{id=write, type=COMMAND}, value=byte[]{length=17, hash=-1644578928}}}}
21:46:41.088 [raft-server-1] TRACE i.a.p.raft.roles.FollowerRole - RaftServer{1}{role=FOLLOWER} - Received AppendRequest{term=1, leader=3, prevLogIndex=69, prevLogTerm=1, entries=1, commitIndex=69}
21:46:41.088 [raft-server-1] TRACE i.a.p.raft.roles.FollowerRole - RaftServer{1}{role=FOLLOWER} - Appended Indexed{index=70, entry=CommandEntry{term=1, timestamp=2018-06-05 09:46:41,088, session=2, sequence=59, operation=PrimitiveOperation{id=DefaultOperationId{id=write, type=COMMAND}, value=byte[]{length=17, hash=-1644578928}}}}
21:46:41.236 [raft-server-1] TRACE i.a.p.raft.roles.FollowerRole - RaftServer{1}{role=FOLLOWER} - Committed entries up to index 69
21:46:41.236 [raft-server-2] TRACE i.a.p.raft.roles.FollowerRole - RaftServer{2}{role=FOLLOWER} - Committed entries up to index 69
21:46:41.236 [raft-server-1] TRACE i.a.p.raft.roles.FollowerRole - RaftServer{1}{role=FOLLOWER} - Sending AppendResponse{status=OK, term=1, succeeded=true, lastLogIndex=70}
21:46:41.236 [raft-server-2] TRACE i.a.p.raft.roles.FollowerRole - RaftServer{2}{role=FOLLOWER} - Sending AppendResponse{status=OK, term=1, succeeded=true, lastLogIndex=70}
21:46:41.236 [raft-server-3] TRACE i.a.p.raft.roles.LeaderAppender - RaftServer{3} - Received AppendResponse{status=OK, term=1, succeeded=true, lastLogIndex=70} from 1
21:46:41.236 [raft-server-3] TRACE i.a.p.raft.roles.LeaderAppender - RaftServer{3} - Committed entries up to 70
21:46:41.236 [raft-server-1-state] TRACE i.a.p.raft.impl.RaftServiceManager - RaftServer{1} - Applying Indexed{index=69, entry=CommandEntry{term=1, timestamp=2018-06-05 09:46:40,887, session=2, sequence=58, operation=PrimitiveOperation{id=DefaultOperationId{id=write, type=COMMAND}, value=byte[]{length=17, hash=-1644578928}}}}
21:46:41.237 [raft-server-1-state] TRACE i.a.p.s.impl.DefaultServiceExecutor - PrimitiveService{2}{type=PrimitiveType{name=test}, name=test} - Executing DefaultCommit{index=69, session=RaftSession{RaftServiceContext{server=1, type=PrimitiveType{name=test}, name=test, id=2}, session=2, timestamp=2018-06-05 09:46:40,887}, time=2018-06-05 09:46:40,887, operation=DefaultOperationId{id=write, type=COMMAND}, value=byte[]{length=17, hash=-1644578928}}
21:46:41.237 [raft-server-2-state] TRACE i.a.p.raft.impl.RaftServiceManager - RaftServer{2} - Applying Indexed{index=69, entry=CommandEntry{term=1, timestamp=2018-06-05 09:46:40,887, session=2, sequence=58, operation=PrimitiveOperation{id=DefaultOperationId{id=write, type=COMMAND}, value=byte[]{length=17, hash=-1644578928}}}}
21:46:41.237 [raft-server-2-state] TRACE i.a.p.s.impl.DefaultServiceExecutor - PrimitiveService{2}{type=PrimitiveType{name=test}, name=test} - Executing DefaultCommit{index=69, session=RaftSession{RaftServiceContext{server=2, type=PrimitiveType{name=test}, name=test, id=2}, session=2, timestamp=2018-06-05 09:46:40,887}, time=2018-06-05 09:46:40,887, operation=DefaultOperationId{id=write, type=COMMAND}, value=byte[]{length=17, hash=-1644578928}}
21:46:41.337 [raft-client-2f4c8c2a-86e3-4c0e-9770-cf34b8eb1c33-7] TRACE i.a.p.r.proxy.impl.RaftProxyManager - RaftClient{2f4c8c2a-86e3-4c0e-9770-cf34b8eb1c33} - Keeping 1 sessions alive
21:46:41.337 [raft-client-2f4c8c2a-86e3-4c0e-9770-cf34b8eb1c33-7] TRACE i.a.p.r.p.impl.RaftProxyConnection - RaftClient{2f4c8c2a-86e3-4c0e-9770-cf34b8eb1c33} - Sending KeepAliveRequest{sessionIds=long[]{length=1, hash=33}, commandSequences=long[]{length=1, hash=89}, eventIndexes=long[]{length=1, hash=33}} to 3
21:46:41.345 [raft-server-3] TRACE i.a.p.raft.roles.LeaderAppender - RaftServer{3} - Sending AppendRequest{term=1, leader=3, prevLogIndex=70, prevLogTerm=1, entries=0, commitIndex=70} to 1
21:46:41.345 [raft-server-3] TRACE i.a.p.raft.roles.LeaderAppender - RaftServer{3} - Received AppendResponse{status=OK, term=1, succeeded=true, lastLogIndex=70} from 2
21:46:41.345 [raft-server-3] TRACE i.a.p.raft.roles.LeaderAppender - RaftServer{3} - Sending AppendRequest{term=1, leader=3, prevLogIndex=70, prevLogTerm=1, entries=0, commitIndex=70} to 2
21:46:41.345 [raft-server-1] TRACE i.a.p.raft.roles.FollowerRole - RaftServer{1}{role=FOLLOWER} - Received AppendRequest{term=1, leader=3, prevLogIndex=70, prevLogTerm=1, entries=0, commitIndex=70}
21:46:41.345 [raft-server-3] TRACE i.a.protocols.raft.roles.LeaderRole - RaftServer{3}{role=LEADER} - Received KeepAliveRequest{sessionIds=long[]{length=1, hash=33}, commandSequences=long[]{length=1, hash=89}, eventIndexes=long[]{length=1, hash=33}}
21:46:41.345 [raft-server-2] TRACE i.a.p.raft.roles.FollowerRole - RaftServer{2}{role=FOLLOWER} - Received AppendRequest{term=1, leader=3, prevLogIndex=70, prevLogTerm=1, entries=0, commitIndex=70}
21:46:41.461 [raft-server-2] TRACE i.a.p.raft.roles.FollowerRole - RaftServer{2}{role=FOLLOWER} - Committed entries up to index 70
21:46:41.461 [raft-server-1] TRACE i.a.p.raft.roles.FollowerRole - RaftServer{1}{role=FOLLOWER} - Committed entries up to index 70
21:46:41.461 [raft-server-2] TRACE i.a.p.raft.roles.FollowerRole - RaftServer{2}{role=FOLLOWER} - Sending AppendResponse{status=OK, term=1, succeeded=true, lastLogIndex=70}
21:46:41.461 [raft-server-1] TRACE i.a.p.raft.roles.FollowerRole - RaftServer{1}{role=FOLLOWER} - Sending AppendResponse{status=OK, term=1, succeeded=true, lastLogIndex=70}
21:46:41.461 [raft-server-2-state] TRACE i.a.p.raft.impl.RaftServiceManager - RaftServer{2} - Applying Indexed{index=70, entry=CommandEntry{term=1, timestamp=2018-06-05 09:46:41,088, session=2, sequence=59, operation=PrimitiveOperation{id=DefaultOperationId{id=write, type=COMMAND}, value=byte[]{length=17, hash=-1644578928}}}}
21:46:41.462 [raft-server-1-state] TRACE i.a.p.raft.impl.RaftServiceManager - RaftServer{1} - Applying Indexed{index=70, entry=CommandEntry{term=1, timestamp=2018-06-05 09:46:41,088, session=2, sequence=59, operation=PrimitiveOperation{id=DefaultOperationId{id=write, type=COMMAND}, value=byte[]{length=17, hash=-1644578928}}}}
21:46:41.462 [raft-server-2-state] TRACE i.a.p.s.impl.DefaultServiceExecutor - PrimitiveService{2}{type=PrimitiveType{name=test}, name=test} - Executing DefaultCommit{index=70, session=RaftSession{RaftServiceContext{server=2, type=PrimitiveType{name=test}, name=test, id=2}, session=2, timestamp=2018-06-05 09:46:41,088}, time=2018-06-05 09:46:41,088, operation=DefaultOperationId{id=write, type=COMMAND}, value=byte[]{length=17, hash=-1644578928}}
21:46:41.462 [raft-server-1-state] TRACE i.a.p.s.impl.DefaultServiceExecutor - PrimitiveService{2}{type=PrimitiveType{name=test}, name=test} - Executing DefaultCommit{index=70, session=RaftSession{RaftServiceContext{server=1, type=PrimitiveType{name=test}, name=test, id=2}, session=2, timestamp=2018-06-05 09:46:41,088}, time=2018-06-05 09:46:41,088, operation=DefaultOperationId{id=write, type=COMMAND}, value=byte[]{length=17, hash=-1644578928}}
21:46:41.586 [raft-server-3] DEBUG i.a.storage.journal.SegmentedJournal - Created disk segment: JournalSegment{id=8, version=1, index=71, size=64}
21:46:41.586 [raft-server-3] TRACE i.a.protocols.raft.roles.LeaderRole - RaftServer{3}{role=LEADER} - Appended Indexed{index=71, entry=KeepAliveEntry{term=1, timestamp=2018-06-05 09:46:41,345, sessionIds=long[]{length=1, hash=33}, commandSequences=long[]{length=1, hash=89}, eventIndexes=long[]{length=1, hash=33}}}
21:46:41.587 [raft-server-3] TRACE i.a.p.raft.roles.LeaderAppender - RaftServer{3} - Sending AppendRequest{term=1, leader=3, prevLogIndex=70, prevLogTerm=1, entries=1, commitIndex=70} to 2
21:46:41.587 [raft-server-3-state] TRACE i.a.p.raft.impl.RaftServiceManager - RaftServer{3} - Applying Indexed{index=70, entry=CommandEntry{term=1, timestamp=2018-06-05 09:46:41,088, session=2, sequence=59, operation=PrimitiveOperation{id=DefaultOperationId{id=write, type=COMMAND}, value=byte[]{length=17, hash=-1644578928}}}}
21:46:41.587 [raft-server-2] TRACE i.a.p.raft.roles.FollowerRole - RaftServer{2}{role=FOLLOWER} - Received AppendRequest{term=1, leader=3, prevLogIndex=70, prevLogTerm=1, entries=1, commitIndex=70}
21:46:41.587 [raft-server-3] TRACE i.a.p.raft.roles.LeaderAppender - RaftServer{3} - Sending AppendRequest{term=1, leader=3, prevLogIndex=70, prevLogTerm=1, entries=1, commitIndex=70} to 1
21:46:41.587 [raft-server-3-state] TRACE i.a.p.s.impl.DefaultServiceExecutor - PrimitiveService{2}{type=PrimitiveType{name=test}, name=test} - Executing DefaultCommit{index=70, session=RaftSession{RaftServiceContext{server=3, type=PrimitiveType{name=test}, name=test, id=2}, session=2, timestamp=2018-06-05 09:46:41,088}, time=2018-06-05 09:46:41,088, operation=DefaultOperationId{id=write, type=COMMAND}, value=byte[]{length=17, hash=-1644578928}}
21:46:41.587 [raft-server-1] TRACE i.a.p.raft.roles.FollowerRole - RaftServer{1}{role=FOLLOWER} - Received AppendRequest{term=1, leader=3, prevLogIndex=70, prevLogTerm=1, entries=1, commitIndex=70}
21:46:41.587 [raft-server-3] TRACE i.a.p.raft.roles.LeaderAppender - RaftServer{3} - Received AppendResponse{status=OK, term=1, succeeded=true, lastLogIndex=70} from 2
21:46:41.587 [raft-server-3-state] TRACE i.a.protocols.raft.roles.LeaderRole - RaftServer{3}{role=LEADER} - Sending CommandResponse{status=OK, index=70, eventIndex=2, result=byte[]{length=3, hash=34845}}
21:46:41.587 [raft-server-3] TRACE i.a.p.raft.roles.LeaderAppender - RaftServer{3} - Received AppendResponse{status=OK, term=1, succeeded=true, lastLogIndex=70} from 1
21:46:41.587 [raft-client-2f4c8c2a-86e3-4c0e-9770-cf34b8eb1c33-2] TRACE i.a.p.r.p.impl.RaftProxyConnection - PartitionProxy{2}{type=PrimitiveType{name=test}, name=test} - Received CommandResponse{status=OK, index=70, eventIndex=2, result=byte[]{length=3, hash=34845}} from 3
21:46:41.587 [raft-client-2f4c8c2a-86e3-4c0e-9770-cf34b8eb1c33-2] TRACE i.a.p.r.p.impl.RaftProxySequencer - PartitionProxy{2}{type=PrimitiveType{name=test}, name=test} - Completing response CommandResponse{status=OK, index=70, eventIndex=2, result=byte[]{length=3, hash=34845}}
21:46:41.587 [raft-client-2f4c8c2a-86e3-4c0e-9770-cf34b8eb1c33-2] TRACE i.a.p.r.p.impl.RaftProxyConnection - PartitionProxy{2}{type=PrimitiveType{name=test}, name=test} - Sending CommandRequest{session=2, sequence=60, operation=PrimitiveOperation{id=DefaultOperationId{id=write, type=COMMAND}, value=byte[]{length=17, hash=-1644578928}}} to 3
21:46:41.587 [raft-server-3] TRACE i.a.protocols.raft.roles.LeaderRole - RaftServer{3}{role=LEADER} - Received CommandRequest{session=2, sequence=60, operation=PrimitiveOperation{id=DefaultOperationId{id=write, type=COMMAND}, value=byte[]{length=17, hash=-1644578928}}}
21:46:41.587 [raft-server-3] TRACE i.a.protocols.raft.roles.LeaderRole - RaftServer{3}{role=LEADER} - Appended Indexed{index=72, entry=CommandEntry{term=1, timestamp=2018-06-05 09:46:41,587, session=2, sequence=60, operation=PrimitiveOperation{id=DefaultOperationId{id=write, type=COMMAND}, value=byte[]{length=17, hash=-1644578928}}}}
21:46:41.803 [raft-server-2] DEBUG i.a.storage.journal.SegmentedJournal - Created disk segment: JournalSegment{id=8, version=1, index=71, size=64}
21:46:41.803 [raft-server-1] DEBUG i.a.storage.journal.SegmentedJournal - Created disk segment: JournalSegment{id=8, version=1, index=71, size=64}
21:46:41.803 [raft-server-2] TRACE i.a.p.raft.roles.FollowerRole - RaftServer{2}{role=FOLLOWER} - Appended Indexed{index=71, entry=KeepAliveEntry{term=1, timestamp=2018-06-05 09:46:41,345, sessionIds=long[]{length=1, hash=33}, commandSequences=long[]{length=1, hash=89}, eventIndexes=long[]{length=1, hash=33}}}
21:46:41.803 [raft-server-1] TRACE i.a.p.raft.roles.FollowerRole - RaftServer{1}{role=FOLLOWER} - Appended Indexed{index=71, entry=KeepAliveEntry{term=1, timestamp=2018-06-05 09:46:41,345, sessionIds=long[]{length=1, hash=33}, commandSequences=long[]{length=1, hash=89}, eventIndexes=long[]{length=1, hash=33}}}
21:46:41.803 [raft-server-2] TRACE i.a.p.raft.roles.FollowerRole - RaftServer{2}{role=FOLLOWER} - Sending AppendResponse{status=OK, term=1, succeeded=true, lastLogIndex=71}
21:46:41.803 [raft-server-1] TRACE i.a.p.raft.roles.FollowerRole - RaftServer{1}{role=FOLLOWER} - Sending AppendResponse{status=OK, term=1, succeeded=true, lastLogIndex=71}
21:46:41.803 [raft-server-3] TRACE i.a.p.raft.roles.LeaderAppender - RaftServer{3} - Received AppendResponse{status=OK, term=1, succeeded=true, lastLogIndex=71} from 2
21:46:41.803 [raft-server-3] TRACE i.a.p.raft.roles.LeaderAppender - RaftServer{3} - Committed entries up to 71
21:46:41.911 [raft-server-3] TRACE i.a.p.raft.roles.LeaderAppender - RaftServer{3} - Sending AppendRequest{term=1, leader=3, prevLogIndex=71, prevLogTerm=1, entries=1, commitIndex=71} to 2
21:46:41.911 [raft-server-3] TRACE i.a.p.raft.roles.LeaderAppender - RaftServer{3} - Sending AppendRequest{term=1, leader=3, prevLogIndex=71, prevLogTerm=1, entries=1, commitIndex=71} to 1
21:46:41.911 [raft-server-2] TRACE i.a.p.raft.roles.FollowerRole - RaftServer{2}{role=FOLLOWER} - Received AppendRequest{term=1, leader=3, prevLogIndex=71, prevLogTerm=1, entries=1, commitIndex=71}
21:46:41.911 [raft-server-3] TRACE i.a.p.raft.roles.LeaderAppender - RaftServer{3} - Received AppendResponse{status=OK, term=1, succeeded=true, lastLogIndex=71} from 1
21:46:41.911 [raft-server-1] TRACE i.a.p.raft.roles.FollowerRole - RaftServer{1}{role=FOLLOWER} - Received AppendRequest{term=1, leader=3, prevLogIndex=71, prevLogTerm=1, entries=1, commitIndex=71}
21:46:41.912 [raft-server-3-state] TRACE i.a.p.raft.impl.RaftServiceManager - RaftServer{3} - Applying Indexed{index=71, entry=KeepAliveEntry{term=1, timestamp=2018-06-05 09:46:41,345, sessionIds=long[]{length=1, hash=33}, commandSequences=long[]{length=1, hash=89}, eventIndexes=long[]{length=1, hash=33}}}
21:46:41.912 [raft-server-2] TRACE i.a.p.raft.roles.FollowerRole - RaftServer{2}{role=FOLLOWER} - Appended Indexed{index=72, entry=CommandEntry{term=1, timestamp=2018-06-05 09:46:41,587, session=2, sequence=60, operation=PrimitiveOperation{id=DefaultOperationId{id=write, type=COMMAND}, value=byte[]{length=17, hash=-1644578928}}}}
21:46:41.912 [raft-server-1] TRACE i.a.p.raft.roles.FollowerRole - RaftServer{1}{role=FOLLOWER} - Appended Indexed{index=72, entry=CommandEntry{term=1, timestamp=2018-06-05 09:46:41,587, session=2, sequence=60, operation=PrimitiveOperation{id=DefaultOperationId{id=write, type=COMMAND}, value=byte[]{length=17, hash=-1644578928}}}}
21:46:41.912 [raft-server-3] TRACE i.a.protocols.raft.roles.LeaderRole - RaftServer{3}{role=LEADER} - Sending KeepAliveResponse{status=OK, leader=3, members=[2, 1, 3], sessionIds=long[]{length=1, hash=33}}
21:46:41.912 [raft-client-2f4c8c2a-86e3-4c0e-9770-cf34b8eb1c33-0] TRACE i.a.p.r.p.impl.RaftProxyConnection - RaftClient{2f4c8c2a-86e3-4c0e-9770-cf34b8eb1c33} - Received KeepAliveResponse{status=OK, leader=3, members=[2, 1, 3], sessionIds=long[]{length=1, hash=33}} from 3
21:46:42.019 [raft-server-2] TRACE i.a.p.raft.roles.FollowerRole - RaftServer{2}{role=FOLLOWER} - Committed entries up to index 71
21:46:42.020 [raft-server-1] TRACE i.a.p.raft.roles.FollowerRole - RaftServer{1}{role=FOLLOWER} - Committed entries up to index 71
21:46:42.020 [raft-server-2] TRACE i.a.p.raft.roles.FollowerRole - RaftServer{2}{role=FOLLOWER} - Sending AppendResponse{status=OK, term=1, succeeded=true, lastLogIndex=72}
21:46:42.020 [raft-server-1] TRACE i.a.p.raft.roles.FollowerRole - RaftServer{1}{role=FOLLOWER} - Sending AppendResponse{status=OK, term=1, succeeded=true, lastLogIndex=72}
21:46:42.020 [raft-server-3] TRACE i.a.p.raft.roles.LeaderAppender - RaftServer{3} - Received AppendResponse{status=OK, term=1, succeeded=true, lastLogIndex=72} from 2
21:46:42.020 [raft-server-3] TRACE i.a.p.raft.roles.LeaderAppender - RaftServer{3} - Committed entries up to 72
21:46:42.020 [raft-server-2-state] TRACE i.a.p.raft.impl.RaftServiceManager - RaftServer{2} - Applying Indexed{index=71, entry=KeepAliveEntry{term=1, timestamp=2018-06-05 09:46:41,345, sessionIds=long[]{length=1, hash=33}, commandSequences=long[]{length=1, hash=89}, eventIndexes=long[]{length=1, hash=33}}}
21:46:42.020 [raft-server-1-state] TRACE i.a.p.raft.impl.RaftServiceManager - RaftServer{1} - Applying Indexed{index=71, entry=KeepAliveEntry{term=1, timestamp=2018-06-05 09:46:41,345, sessionIds=long[]{length=1, hash=33}, commandSequences=long[]{length=1, hash=89}, eventIndexes=long[]{length=1, hash=33}}}
21:46:42.128 [raft-server-3] TRACE i.a.p.raft.roles.LeaderAppender - RaftServer{3} - Sending AppendRequest{term=1, leader=3, prevLogIndex=72, prevLogTerm=1, entries=0, commitIndex=72} to 2
21:46:42.128 [raft-server-3] TRACE i.a.p.raft.roles.LeaderAppender - RaftServer{3} - Received AppendResponse{status=OK, term=1, succeeded=true, lastLogIndex=72} from 1
21:46:42.128 [raft-server-2] TRACE i.a.p.raft.roles.FollowerRole - RaftServer{2}{role=FOLLOWER} - Received AppendRequest{term=1, leader=3, prevLogIndex=72, prevLogTerm=1, entries=0, commitIndex=72}
21:46:42.128 [raft-server-3] TRACE i.a.p.raft.roles.LeaderAppender - RaftServer{3} - Sending AppendRequest{term=1, leader=3, prevLogIndex=72, prevLogTerm=1, entries=0, commitIndex=72} to 1
21:46:42.128 [raft-server-1] TRACE i.a.p.raft.roles.FollowerRole - RaftServer{1}{role=FOLLOWER} - Received AppendRequest{term=1, leader=3, prevLogIndex=72, prevLogTerm=1, entries=0, commitIndex=72}
21:46:42.128 [raft-server-1] TRACE i.a.p.raft.roles.FollowerRole - RaftServer{1}{role=FOLLOWER} - Committed entries up to index 72
21:46:42.128 [raft-server-1] TRACE i.a.p.raft.roles.FollowerRole - RaftServer{1}{role=FOLLOWER} - Sending AppendResponse{status=OK, term=1, succeeded=true, lastLogIndex=72}
21:46:42.128 [raft-server-3-state] TRACE i.a.p.raft.impl.RaftServiceManager - RaftServer{3} - Applying Indexed{index=72, entry=CommandEntry{term=1, timestamp=2018-06-05 09:46:41,587, session=2, sequence=60, operation=PrimitiveOperation{id=DefaultOperationId{id=write, type=COMMAND}, value=byte[]{length=17, hash=-1644578928}}}}
21:46:42.128 [raft-server-3] TRACE i.a.p.raft.roles.LeaderAppender - RaftServer{3} - Received AppendResponse{status=OK, term=1, succeeded=true, lastLogIndex=72} from 1
21:46:42.128 [raft-server-3] TRACE i.a.p.raft.roles.LeaderAppender - RaftServer{3} - Sending AppendRequest{term=1, leader=3, prevLogIndex=72, prevLogTerm=1, entries=0, commitIndex=72} to 1
21:46:42.128 [raft-server-3-state] TRACE i.a.p.s.impl.DefaultServiceExecutor - PrimitiveService{2}{type=PrimitiveType{name=test}, name=test} - Executing DefaultCommit{index=72, session=RaftSession{RaftServiceContext{server=3, type=PrimitiveType{name=test}, name=test, id=2}, session=2, timestamp=2018-06-05 09:46:41,587}, time=2018-06-05 09:46:41,587, operation=DefaultOperationId{id=write, type=COMMAND}, value=byte[]{length=17, hash=-1644578928}}
21:46:42.128 [raft-server-1-state] TRACE i.a.p.raft.impl.RaftServiceManager - RaftServer{1} - Applying Indexed{index=72, entry=CommandEntry{term=1, timestamp=2018-06-05 09:46:41,587, session=2, sequence=60, operation=PrimitiveOperation{id=DefaultOperationId{id=write, type=COMMAND}, value=byte[]{length=17, hash=-1644578928}}}}
21:46:42.129 [raft-server-1] TRACE i.a.p.raft.roles.FollowerRole - RaftServer{1}{role=FOLLOWER} - Received AppendRequest{term=1, leader=3, prevLogIndex=72, prevLogTerm=1, entries=0, commitIndex=72}
21:46:42.129 [raft-server-1-state] TRACE i.a.p.s.impl.DefaultServiceExecutor - PrimitiveService{2}{type=PrimitiveType{name=test}, name=test} - Executing DefaultCommit{index=72, session=RaftSession{RaftServiceContext{server=1, type=PrimitiveType{name=test}, name=test, id=2}, session=2, timestamp=2018-06-05 09:46:41,587}, time=2018-06-05 09:46:41,587, operation=DefaultOperationId{id=write, type=COMMAND}, value=byte[]{length=17, hash=-1644578928}}
21:46:42.129 [raft-server-3-state] TRACE i.a.protocols.raft.roles.LeaderRole - RaftServer{3}{role=LEADER} - Sending CommandResponse{status=OK, index=72, eventIndex=2, result=byte[]{length=3, hash=34969}}
21:46:42.129 [raft-server-1] TRACE i.a.p.raft.roles.FollowerRole - RaftServer{1}{role=FOLLOWER} - Sending AppendResponse{status=OK, term=1, succeeded=true, lastLogIndex=72}
21:46:42.129 [raft-client-2f4c8c2a-86e3-4c0e-9770-cf34b8eb1c33-3] TRACE i.a.p.r.p.impl.RaftProxyConnection - PartitionProxy{2}{type=PrimitiveType{name=test}, name=test} - Received CommandResponse{status=OK, index=72, eventIndex=2, result=byte[]{length=3, hash=34969}} from 3
21:46:42.129 [raft-client-2f4c8c2a-86e3-4c0e-9770-cf34b8eb1c33-3] TRACE i.a.p.r.p.impl.RaftProxySequencer - PartitionProxy{2}{type=PrimitiveType{name=test}, name=test} - Completing response CommandResponse{status=OK, index=72, eventIndex=2, result=byte[]{length=3, hash=34969}}
21:46:42.129 [raft-server-3] TRACE i.a.p.raft.roles.LeaderAppender - RaftServer{3} - Received AppendResponse{status=OK, term=1, succeeded=true, lastLogIndex=72} from 1
21:46:42.129 [raft-server-3] TRACE i.a.p.raft.roles.LeaderAppender - RaftServer{3} - Sending AppendRequest{term=1, leader=3, prevLogIndex=72, prevLogTerm=1, entries=0, commitIndex=72} to 1
21:46:42.129 [raft-server-1] TRACE i.a.p.raft.roles.FollowerRole - RaftServer{1}{role=FOLLOWER} - Received AppendRequest{term=1, leader=3, prevLogIndex=72, prevLogTerm=1, entries=0, commitIndex=72}
21:46:42.129 [raft-server-1] TRACE i.a.p.raft.roles.FollowerRole - RaftServer{1}{role=FOLLOWER} - Sending AppendResponse{status=OK, term=1, succeeded=true, lastLogIndex=72}
21:46:42.129 [raft-server-3] TRACE i.a.p.raft.roles.LeaderAppender - RaftServer{3} - Received AppendResponse{status=OK, term=1, succeeded=true, lastLogIndex=72} from 1
21:46:42.129 [raft-client-2f4c8c2a-86e3-4c0e-9770-cf34b8eb1c33-4] TRACE i.a.p.r.p.impl.RaftProxyConnection - PartitionProxy{2}{type=PrimitiveType{name=test}, name=test} - Sending CommandRequest{session=2, sequence=61, operation=PrimitiveOperation{id=DefaultOperationId{id=write, type=COMMAND}, value=byte[]{length=17, hash=-1644578928}}} to 3
21:46:42.129 [raft-server-3] TRACE i.a.protocols.raft.roles.LeaderRole - RaftServer{3}{role=LEADER} - Received CommandRequest{session=2, sequence=61, operation=PrimitiveOperation{id=DefaultOperationId{id=write, type=COMMAND}, value=byte[]{length=17, hash=-1644578928}}}
21:46:42.130 [raft-server-3] TRACE i.a.protocols.raft.roles.LeaderRole - RaftServer{3}{role=LEADER} - Appended Indexed{index=73, entry=CommandEntry{term=1, timestamp=2018-06-05 09:46:42,129, session=2, sequence=61, operation=PrimitiveOperation{id=DefaultOperationId{id=write, type=COMMAND}, value=byte[]{length=17, hash=-1644578928}}}}
21:46:42.130 [raft-server-3] TRACE i.a.p.raft.roles.LeaderAppender - RaftServer{3} - Sending AppendRequest{term=1, leader=3, prevLogIndex=72, prevLogTerm=1, entries=1, commitIndex=72} to 1
21:46:42.130 [raft-server-1] TRACE i.a.p.raft.roles.FollowerRole - RaftServer{1}{role=FOLLOWER} - Received AppendRequest{term=1, leader=3, prevLogIndex=72, prevLogTerm=1, entries=1, commitIndex=72}
21:46:42.130 [raft-server-1] TRACE i.a.p.raft.roles.FollowerRole - RaftServer{1}{role=FOLLOWER} - Appended Indexed{index=73, entry=CommandEntry{term=1, timestamp=2018-06-05 09:46:42,129, session=2, sequence=61, operation=PrimitiveOperation{id=DefaultOperationId{id=write, type=COMMAND}, value=byte[]{length=17, hash=-1644578928}}}}
21:46:42.130 [raft-server-1] TRACE i.a.p.raft.roles.FollowerRole - RaftServer{1}{role=FOLLOWER} - Sending AppendResponse{status=OK, term=1, succeeded=true, lastLogIndex=73}
21:46:42.130 [raft-server-3] TRACE i.a.p.raft.roles.LeaderAppender - RaftServer{3} - Received AppendResponse{status=OK, term=1, succeeded=true, lastLogIndex=73} from 1
21:46:42.130 [raft-server-3] TRACE i.a.p.raft.roles.LeaderAppender - RaftServer{3} - Committed entries up to 73
21:46:42.236 [raft-server-2] TRACE i.a.p.raft.roles.FollowerRole - RaftServer{2}{role=FOLLOWER} - Committed entries up to index 72
21:46:42.236 [raft-server-2] TRACE i.a.p.raft.roles.FollowerRole - RaftServer{2}{role=FOLLOWER} - Sending AppendResponse{status=OK, term=1, succeeded=true, lastLogIndex=72}
21:46:42.236 [raft-server-2-state] TRACE i.a.p.raft.impl.RaftServiceManager - RaftServer{2} - Applying Indexed{index=72, entry=CommandEntry{term=1, timestamp=2018-06-05 09:46:41,587, session=2, sequence=60, operation=PrimitiveOperation{id=DefaultOperationId{id=write, type=COMMAND}, value=byte[]{length=17, hash=-1644578928}}}}
21:46:42.236 [raft-server-2-state] TRACE i.a.p.s.impl.DefaultServiceExecutor - PrimitiveService{2}{type=PrimitiveType{name=test}, name=test} - Executing DefaultCommit{index=72, session=RaftSession{RaftServiceContext{server=2, type=PrimitiveType{name=test}, name=test, id=2}, session=2, timestamp=2018-06-05 09:46:41,587}, time=2018-06-05 09:46:41,587, operation=DefaultOperationId{id=write, type=COMMAND}, value=byte[]{length=17, hash=-1644578928}}
21:46:42.345 [raft-server-3] TRACE i.a.p.raft.roles.LeaderAppender - RaftServer{3} - Received AppendResponse{status=OK, term=1, succeeded=true, lastLogIndex=72} from 2
21:46:42.345 [raft-server-3] TRACE i.a.p.raft.roles.LeaderAppender - RaftServer{3} - Sending AppendRequest{term=1, leader=3, prevLogIndex=72, prevLogTerm=1, entries=1, commitIndex=73} to 2
21:46:42.345 [raft-server-2] TRACE i.a.p.raft.roles.FollowerRole - RaftServer{2}{role=FOLLOWER} - Received AppendRequest{term=1, leader=3, prevLogIndex=72, prevLogTerm=1, entries=1, commitIndex=73}
21:46:42.345 [raft-server-3-state] TRACE i.a.p.raft.impl.RaftServiceManager - RaftServer{3} - Applying Indexed{index=73, entry=CommandEntry{term=1, timestamp=2018-06-05 09:46:42,129, session=2, sequence=61, operation=PrimitiveOperation{id=DefaultOperationId{id=write, type=COMMAND}, value=byte[]{length=17, hash=-1644578928}}}}
21:46:42.345 [raft-server-3-state] TRACE i.a.p.s.impl.DefaultServiceExecutor - PrimitiveService{2}{type=PrimitiveType{name=test}, name=test} - Executing DefaultCommit{index=73, session=RaftSession{RaftServiceContext{server=3, type=PrimitiveType{name=test}, name=test, id=2}, session=2, timestamp=2018-06-05 09:46:42,129}, time=2018-06-05 09:46:42,129, operation=DefaultOperationId{id=write, type=COMMAND}, value=byte[]{length=17, hash=-1644578928}}
21:46:42.345 [raft-server-2] TRACE i.a.p.raft.roles.FollowerRole - RaftServer{2}{role=FOLLOWER} - Appended Indexed{index=73, entry=CommandEntry{term=1, timestamp=2018-06-05 09:46:42,129, session=2, sequence=61, operation=PrimitiveOperation{id=DefaultOperationId{id=write, type=COMMAND}, value=byte[]{length=17, hash=-1644578928}}}}
21:46:42.345 [raft-server-3-state] TRACE i.a.protocols.raft.roles.LeaderRole - RaftServer{3}{role=LEADER} - Sending CommandResponse{status=OK, index=73, eventIndex=2, result=byte[]{length=3, hash=35031}}
21:46:42.345 [raft-client-2f4c8c2a-86e3-4c0e-9770-cf34b8eb1c33-0] TRACE i.a.p.r.p.impl.RaftProxyConnection - PartitionProxy{2}{type=PrimitiveType{name=test}, name=test} - Received CommandResponse{status=OK, index=73, eventIndex=2, result=byte[]{length=3, hash=35031}} from 3
21:46:42.345 [raft-client-2f4c8c2a-86e3-4c0e-9770-cf34b8eb1c33-0] TRACE i.a.p.r.p.impl.RaftProxySequencer - PartitionProxy{2}{type=PrimitiveType{name=test}, name=test} - Completing response CommandResponse{status=OK, index=73, eventIndex=2, result=byte[]{length=3, hash=35031}}
21:46:42.346 [raft-client-2f4c8c2a-86e3-4c0e-9770-cf34b8eb1c33-5] TRACE i.a.p.r.p.impl.RaftProxyConnection - PartitionProxy{2}{type=PrimitiveType{name=test}, name=test} - Sending CommandRequest{session=2, sequence=62, operation=PrimitiveOperation{id=DefaultOperationId{id=write, type=COMMAND}, value=byte[]{length=17, hash=-1644578928}}} to 3
21:46:42.346 [raft-server-3] TRACE i.a.protocols.raft.roles.LeaderRole - RaftServer{3}{role=LEADER} - Received CommandRequest{session=2, sequence=62, operation=PrimitiveOperation{id=DefaultOperationId{id=write, type=COMMAND}, value=byte[]{length=17, hash=-1644578928}}}
21:46:42.346 [raft-server-3] TRACE i.a.protocols.raft.roles.LeaderRole - RaftServer{3}{role=LEADER} - Appended Indexed{index=74, entry=CommandEntry{term=1, timestamp=2018-06-05 09:46:42,346, session=2, sequence=62, operation=PrimitiveOperation{id=DefaultOperationId{id=write, type=COMMAND}, value=byte[]{length=17, hash=-1644578928}}}}
21:46:42.346 [raft-server-3] TRACE i.a.p.raft.roles.LeaderAppender - RaftServer{3} - Sending AppendRequest{term=1, leader=3, prevLogIndex=73, prevLogTerm=1, entries=1, commitIndex=73} to 1
21:46:42.346 [raft-server-1] TRACE i.a.p.raft.roles.FollowerRole - RaftServer{1}{role=FOLLOWER} - Received AppendRequest{term=1, leader=3, prevLogIndex=73, prevLogTerm=1, entries=1, commitIndex=73}
21:46:42.346 [raft-server-1] TRACE i.a.p.raft.roles.FollowerRole - RaftServer{1}{role=FOLLOWER} - Appended Indexed{index=74, entry=CommandEntry{term=1, timestamp=2018-06-05 09:46:42,346, session=2, sequence=62, operation=PrimitiveOperation{id=DefaultOperationId{id=write, type=COMMAND}, value=byte[]{length=17, hash=-1644578928}}}}
21:46:42.461 [raft-server-2] TRACE i.a.p.raft.roles.FollowerRole - RaftServer{2}{role=FOLLOWER} - Committed entries up to index 73
21:46:42.461 [raft-server-2] TRACE i.a.p.raft.roles.FollowerRole - RaftServer{2}{role=FOLLOWER} - Sending AppendResponse{status=OK, term=1, succeeded=true, lastLogIndex=73}
21:46:42.461 [raft-server-3] TRACE i.a.p.raft.roles.LeaderAppender - RaftServer{3} - Received AppendResponse{status=OK, term=1, succeeded=true, lastLogIndex=73} from 2
21:46:42.461 [raft-server-2-state] TRACE i.a.p.raft.impl.RaftServiceManager - RaftServer{2} - Applying Indexed{index=73, entry=CommandEntry{term=1, timestamp=2018-06-05 09:46:42,129, session=2, sequence=61, operation=PrimitiveOperation{id=DefaultOperationId{id=write, type=COMMAND}, value=byte[]{length=17, hash=-1644578928}}}}
21:46:42.461 [raft-server-3] TRACE i.a.p.raft.roles.LeaderAppender - RaftServer{3} - Sending AppendRequest{term=1, leader=3, prevLogIndex=73, prevLogTerm=1, entries=1, commitIndex=73} to 2
21:46:42.462 [raft-server-2-state] TRACE i.a.p.s.impl.DefaultServiceExecutor - PrimitiveService{2}{type=PrimitiveType{name=test}, name=test} - Executing DefaultCommit{index=73, session=RaftSession{RaftServiceContext{server=2, type=PrimitiveType{name=test}, name=test, id=2}, session=2, timestamp=2018-06-05 09:46:42,129}, time=2018-06-05 09:46:42,129, operation=DefaultOperationId{id=write, type=COMMAND}, value=byte[]{length=17, hash=-1644578928}}
21:46:42.462 [raft-server-2] TRACE i.a.p.raft.roles.FollowerRole - RaftServer{2}{role=FOLLOWER} - Received AppendRequest{term=1, leader=3, prevLogIndex=73, prevLogTerm=1, entries=1, commitIndex=73}
21:46:42.462 [raft-server-2] TRACE i.a.p.raft.roles.FollowerRole - RaftServer{2}{role=FOLLOWER} - Appended Indexed{index=74, entry=CommandEntry{term=1, timestamp=2018-06-05 09:46:42,346, session=2, sequence=62, operation=PrimitiveOperation{id=DefaultOperationId{id=write, type=COMMAND}, value=byte[]{length=17, hash=-1644578928}}}}
21:46:42.462 [raft-server-2] TRACE i.a.p.raft.roles.FollowerRole - RaftServer{2}{role=FOLLOWER} - Sending AppendResponse{status=OK, term=1, succeeded=true, lastLogIndex=74}
21:46:42.462 [raft-server-3] TRACE i.a.p.raft.roles.LeaderAppender - RaftServer{3} - Received AppendResponse{status=OK, term=1, succeeded=true, lastLogIndex=74} from 2
21:46:42.462 [raft-server-3] TRACE i.a.p.raft.roles.LeaderAppender - RaftServer{3} - Committed entries up to 74
21:46:42.578 [raft-server-1] TRACE i.a.p.raft.roles.FollowerRole - RaftServer{1}{role=FOLLOWER} - Committed entries up to index 73
21:46:42.578 [raft-server-1] TRACE i.a.p.raft.roles.FollowerRole - RaftServer{1}{role=FOLLOWER} - Sending AppendResponse{status=OK, term=1, succeeded=true, lastLogIndex=74}
21:46:42.578 [raft-server-1-state] TRACE i.a.p.raft.impl.RaftServiceManager - RaftServer{1} - Applying Indexed{index=73, entry=CommandEntry{term=1, timestamp=2018-06-05 09:46:42,129, session=2, sequence=61, operation=PrimitiveOperation{id=DefaultOperationId{id=write, type=COMMAND}, value=byte[]{length=17, hash=-1644578928}}}}
21:46:42.578 [raft-server-1-state] TRACE i.a.p.s.impl.DefaultServiceExecutor - PrimitiveService{2}{type=PrimitiveType{name=test}, name=test} - Executing DefaultCommit{index=73, session=RaftSession{RaftServiceContext{server=1, type=PrimitiveType{name=test}, name=test, id=2}, session=2, timestamp=2018-06-05 09:46:42,129}, time=2018-06-05 09:46:42,129, operation=DefaultOperationId{id=write, type=COMMAND}, value=byte[]{length=17, hash=-1644578928}}
21:46:42.678 [raft-server-3] TRACE i.a.p.raft.roles.LeaderAppender - RaftServer{3} - Received AppendResponse{status=OK, term=1, succeeded=true, lastLogIndex=74} from 1
21:46:42.678 [raft-server-3] TRACE i.a.p.raft.roles.LeaderAppender - RaftServer{3} - Sending AppendRequest{term=1, leader=3, prevLogIndex=74, prevLogTerm=1, entries=0, commitIndex=74} to 2
21:46:42.678 [raft-server-3] TRACE i.a.p.raft.roles.LeaderAppender - RaftServer{3} - Sending AppendRequest{term=1, leader=3, prevLogIndex=74, prevLogTerm=1, entries=0, commitIndex=74} to 1
21:46:42.678 [raft-server-2] TRACE i.a.p.raft.roles.FollowerRole - RaftServer{2}{role=FOLLOWER} - Received AppendRequest{term=1, leader=3, prevLogIndex=74, prevLogTerm=1, entries=0, commitIndex=74}
21:46:42.678 [raft-server-1] TRACE i.a.p.raft.roles.FollowerRole - RaftServer{1}{role=FOLLOWER} - Received AppendRequest{term=1, leader=3, prevLogIndex=74, prevLogTerm=1, entries=0, commitIndex=74}
21:46:42.678 [raft-server-3-state] TRACE i.a.p.raft.impl.RaftServiceManager - RaftServer{3} - Applying Indexed{index=74, entry=CommandEntry{term=1, timestamp=2018-06-05 09:46:42,346, session=2, sequence=62, operation=PrimitiveOperation{id=DefaultOperationId{id=write, type=COMMAND}, value=byte[]{length=17, hash=-1644578928}}}}
21:46:42.678 [raft-server-3-state] TRACE i.a.p.s.impl.DefaultServiceExecutor - PrimitiveService{2}{type=PrimitiveType{name=test}, name=test} - Executing DefaultCommit{index=74, session=RaftSession{RaftServiceContext{server=3, type=PrimitiveType{name=test}, name=test, id=2}, session=2, timestamp=2018-06-05 09:46:42,346}, time=2018-06-05 09:46:42,346, operation=DefaultOperationId{id=write, type=COMMAND}, value=byte[]{length=17, hash=-1644578928}}
21:46:42.678 [raft-server-3] TRACE i.a.protocols.raft.roles.LeaderRole - RaftServer{3}{role=LEADER} - Sending CommandResponse{status=OK, index=74, eventIndex=2, result=byte[]{length=3, hash=35093}}
21:46:42.679 [raft-client-2f4c8c2a-86e3-4c0e-9770-cf34b8eb1c33-2] TRACE i.a.p.r.p.impl.RaftProxyConnection - PartitionProxy{2}{type=PrimitiveType{name=test}, name=test} - Received CommandResponse{status=OK, index=74, eventIndex=2, result=byte[]{length=3, hash=35093}} from 3
21:46:42.679 [raft-client-2f4c8c2a-86e3-4c0e-9770-cf34b8eb1c33-2] TRACE i.a.p.r.p.impl.RaftProxySequencer - PartitionProxy{2}{type=PrimitiveType{name=test}, name=test} - Completing response CommandResponse{status=OK, index=74, eventIndex=2, result=byte[]{length=3, hash=35093}}
21:46:42.679 [raft-client-2f4c8c2a-86e3-4c0e-9770-cf34b8eb1c33-7] TRACE i.a.p.r.p.impl.RaftProxyConnection - PartitionProxy{2}{type=PrimitiveType{name=test}, name=test} - Sending CommandRequest{session=2, sequence=63, operation=PrimitiveOperation{id=DefaultOperationId{id=write, type=COMMAND}, value=byte[]{length=17, hash=-1644578928}}} to 3
21:46:42.679 [raft-server-3] TRACE i.a.protocols.raft.roles.LeaderRole - RaftServer{3}{role=LEADER} - Received CommandRequest{session=2, sequence=63, operation=PrimitiveOperation{id=DefaultOperationId{id=write, type=COMMAND}, value=byte[]{length=17, hash=-1644578928}}}
21:46:42.679 [raft-server-3] TRACE i.a.protocols.raft.roles.LeaderRole - RaftServer{3}{role=LEADER} - Appended Indexed{index=75, entry=CommandEntry{term=1, timestamp=2018-06-05 09:46:42,679, session=2, sequence=63, operation=PrimitiveOperation{id=DefaultOperationId{id=write, type=COMMAND}, value=byte[]{length=17, hash=-1644578928}}}}
21:46:42.794 [raft-server-1] TRACE i.a.p.raft.roles.FollowerRole - RaftServer{1}{role=FOLLOWER} - Committed entries up to index 74
21:46:42.795 [raft-server-2] TRACE i.a.p.raft.roles.FollowerRole - RaftServer{2}{role=FOLLOWER} - Committed entries up to index 74
21:46:42.795 [raft-server-1] TRACE i.a.p.raft.roles.FollowerRole - RaftServer{1}{role=FOLLOWER} - Sending AppendResponse{status=OK, term=1, succeeded=true, lastLogIndex=74}
21:46:42.795 [raft-server-2] TRACE i.a.p.raft.roles.FollowerRole - RaftServer{2}{role=FOLLOWER} - Sending AppendResponse{status=OK, term=1, succeeded=true, lastLogIndex=74}
21:46:42.795 [raft-server-3] TRACE i.a.p.raft.roles.LeaderAppender - RaftServer{3} - Received AppendResponse{status=OK, term=1, succeeded=true, lastLogIndex=74} from 1
21:46:42.795 [raft-server-1-state] TRACE i.a.p.raft.impl.RaftServiceManager - RaftServer{1} - Applying Indexed{index=74, entry=CommandEntry{term=1, timestamp=2018-06-05 09:46:42,346, session=2, sequence=62, operation=PrimitiveOperation{id=DefaultOperationId{id=write, type=COMMAND}, value=byte[]{length=17, hash=-1644578928}}}}
21:46:42.795 [raft-server-2-state] TRACE i.a.p.raft.impl.RaftServiceManager - RaftServer{2} - Applying Indexed{index=74, entry=CommandEntry{term=1, timestamp=2018-06-05 09:46:42,346, session=2, sequence=62, operation=PrimitiveOperation{id=DefaultOperationId{id=write, type=COMMAND}, value=byte[]{length=17, hash=-1644578928}}}}
21:46:42.795 [raft-server-3] TRACE i.a.p.raft.roles.LeaderAppender - RaftServer{3} - Sending AppendRequest{term=1, leader=3, prevLogIndex=74, prevLogTerm=1, entries=1, commitIndex=74} to 1
21:46:42.795 [raft-server-1-state] TRACE i.a.p.s.impl.DefaultServiceExecutor - PrimitiveService{2}{type=PrimitiveType{name=test}, name=test} - Executing DefaultCommit{index=74, session=RaftSession{RaftServiceContext{server=1, type=PrimitiveType{name=test}, name=test, id=2}, session=2, timestamp=2018-06-05 09:46:42,346}, time=2018-06-05 09:46:42,346, operation=DefaultOperationId{id=write, type=COMMAND}, value=byte[]{length=17, hash=-1644578928}}
21:46:42.795 [raft-server-2-state] TRACE i.a.p.s.impl.DefaultServiceExecutor - PrimitiveService{2}{type=PrimitiveType{name=test}, name=test} - Executing DefaultCommit{index=74, session=RaftSession{RaftServiceContext{server=2, type=PrimitiveType{name=test}, name=test, id=2}, session=2, timestamp=2018-06-05 09:46:42,346}, time=2018-06-05 09:46:42,346, operation=DefaultOperationId{id=write, type=COMMAND}, value=byte[]{length=17, hash=-1644578928}}
21:46:42.795 [raft-server-1] TRACE i.a.p.raft.roles.FollowerRole - RaftServer{1}{role=FOLLOWER} - Received AppendRequest{term=1, leader=3, prevLogIndex=74, prevLogTerm=1, entries=1, commitIndex=74}
21:46:42.795 [raft-server-3] TRACE i.a.p.raft.roles.LeaderAppender - RaftServer{3} - Sending AppendRequest{term=1, leader=3, prevLogIndex=74, prevLogTerm=1, entries=1, commitIndex=74} to 2
21:46:42.795 [raft-server-2] TRACE i.a.p.raft.roles.FollowerRole - RaftServer{2}{role=FOLLOWER} - Received AppendRequest{term=1, leader=3, prevLogIndex=74, prevLogTerm=1, entries=1, commitIndex=74}
21:46:42.795 [raft-server-3] TRACE i.a.p.raft.roles.LeaderAppender - RaftServer{3} - Received AppendResponse{status=OK, term=1, succeeded=true, lastLogIndex=74} from 2
21:46:42.795 [raft-server-1] TRACE i.a.p.raft.roles.FollowerRole - RaftServer{1}{role=FOLLOWER} - Appended Indexed{index=75, entry=CommandEntry{term=1, timestamp=2018-06-05 09:46:42,679, session=2, sequence=63, operation=PrimitiveOperation{id=DefaultOperationId{id=write, type=COMMAND}, value=byte[]{length=17, hash=-1644578928}}}}
21:46:42.795 [raft-server-1] TRACE i.a.p.raft.roles.FollowerRole - RaftServer{1}{role=FOLLOWER} - Sending AppendResponse{status=OK, term=1, succeeded=true, lastLogIndex=75}
21:46:42.795 [raft-server-3] TRACE i.a.p.raft.roles.LeaderAppender - RaftServer{3} - Received AppendResponse{status=OK, term=1, succeeded=true, lastLogIndex=75} from 1
21:46:42.795 [raft-server-2] TRACE i.a.p.raft.roles.FollowerRole - RaftServer{2}{role=FOLLOWER} - Appended Indexed{index=75, entry=CommandEntry{term=1, timestamp=2018-06-05 09:46:42,679, session=2, sequence=63, operation=PrimitiveOperation{id=DefaultOperationId{id=write, type=COMMAND}, value=byte[]{length=17, hash=-1644578928}}}}
21:46:42.795 [raft-server-3] TRACE i.a.p.raft.roles.LeaderAppender - RaftServer{3} - Committed entries up to 75
21:46:42.795 [raft-server-2] TRACE i.a.p.raft.roles.FollowerRole - RaftServer{2}{role=FOLLOWER} - Sending AppendResponse{status=OK, term=1, succeeded=true, lastLogIndex=75}
21:46:42.913 [raft-server-3] TRACE i.a.p.raft.roles.LeaderAppender - RaftServer{3} - Received AppendResponse{status=OK, term=1, succeeded=true, lastLogIndex=75} from 2
21:46:42.913 [raft-server-3] TRACE i.a.p.raft.roles.LeaderAppender - RaftServer{3} - Sending AppendRequest{term=1, leader=3, prevLogIndex=75, prevLogTerm=1, entries=0, commitIndex=75} to 2
21:46:42.913 [raft-server-3] TRACE i.a.p.raft.roles.LeaderAppender - RaftServer{3} - Sending AppendRequest{term=1, leader=3, prevLogIndex=75, prevLogTerm=1, entries=0, commitIndex=75} to 1
21:46:42.913 [raft-server-2] TRACE i.a.p.raft.roles.FollowerRole - RaftServer{2}{role=FOLLOWER} - Received AppendRequest{term=1, leader=3, prevLogIndex=75, prevLogTerm=1, entries=0, commitIndex=75}
21:46:42.913 [raft-server-1] TRACE i.a.p.raft.roles.FollowerRole - RaftServer{1}{role=FOLLOWER} - Received AppendRequest{term=1, leader=3, prevLogIndex=75, prevLogTerm=1, entries=0, commitIndex=75}
21:46:42.913 [raft-server-3-state] TRACE i.a.p.raft.impl.RaftServiceManager - RaftServer{3} - Applying Indexed{index=75, entry=CommandEntry{term=1, timestamp=2018-06-05 09:46:42,679, session=2, sequence=63, operation=PrimitiveOperation{id=DefaultOperationId{id=write, type=COMMAND}, value=byte[]{length=17, hash=-1644578928}}}}
21:46:42.913 [raft-server-3-state] TRACE i.a.p.s.impl.DefaultServiceExecutor - PrimitiveService{2}{type=PrimitiveType{name=test}, name=test} - Executing DefaultCommit{index=75, session=RaftSession{RaftServiceContext{server=3, type=PrimitiveType{name=test}, name=test, id=2}, session=2, timestamp=2018-06-05 09:46:42,679}, time=2018-06-05 09:46:42,679, operation=DefaultOperationId{id=write, type=COMMAND}, value=byte[]{length=17, hash=-1644578928}}
21:46:42.913 [raft-server-3-state] TRACE i.a.protocols.raft.roles.LeaderRole - RaftServer{3}{role=LEADER} - Sending CommandResponse{status=OK, index=75, eventIndex=2, result=byte[]{length=3, hash=35155}}
21:46:42.914 [raft-client-2f4c8c2a-86e3-4c0e-9770-cf34b8eb1c33-3] TRACE i.a.p.r.p.impl.RaftProxyConnection - PartitionProxy{2}{type=PrimitiveType{name=test}, name=test} - Received CommandResponse{status=OK, index=75, eventIndex=2, result=byte[]{length=3, hash=35155}} from 3
21:46:42.914 [raft-client-2f4c8c2a-86e3-4c0e-9770-cf34b8eb1c33-3] TRACE i.a.p.r.p.impl.RaftProxySequencer - PartitionProxy{2}{type=PrimitiveType{name=test}, name=test} - Completing response CommandResponse{status=OK, index=75, eventIndex=2, result=byte[]{length=3, hash=35155}}
21:46:42.914 [raft-client-2f4c8c2a-86e3-4c0e-9770-cf34b8eb1c33-6] TRACE i.a.p.r.p.impl.RaftProxyConnection - PartitionProxy{2}{type=PrimitiveType{name=test}, name=test} - Sending CommandRequest{session=2, sequence=64, operation=PrimitiveOperation{id=DefaultOperationId{id=write, type=COMMAND}, value=byte[]{length=17, hash=-1644578928}}} to 3
21:46:42.914 [raft-server-3] TRACE i.a.protocols.raft.roles.LeaderRole - RaftServer{3}{role=LEADER} - Received CommandRequest{session=2, sequence=64, operation=PrimitiveOperation{id=DefaultOperationId{id=write, type=COMMAND}, value=byte[]{length=17, hash=-1644578928}}}
21:46:42.914 [raft-server-3] TRACE i.a.protocols.raft.roles.LeaderRole - RaftServer{3}{role=LEADER} - Appended Indexed{index=76, entry=CommandEntry{term=1, timestamp=2018-06-05 09:46:42,914, session=2, sequence=64, operation=PrimitiveOperation{id=DefaultOperationId{id=write, type=COMMAND}, value=byte[]{length=17, hash=-1644578928}}}}
21:46:43.036 [raft-server-2] TRACE i.a.p.raft.roles.FollowerRole - RaftServer{2}{role=FOLLOWER} - Committed entries up to index 75
21:46:43.036 [raft-server-1] TRACE i.a.p.raft.roles.FollowerRole - RaftServer{1}{role=FOLLOWER} - Committed entries up to index 75
21:46:43.036 [raft-server-2] TRACE i.a.p.raft.roles.FollowerRole - RaftServer{2}{role=FOLLOWER} - Sending AppendResponse{status=OK, term=1, succeeded=true, lastLogIndex=75}
21:46:43.036 [raft-server-1] TRACE i.a.p.raft.roles.FollowerRole - RaftServer{1}{role=FOLLOWER} - Sending AppendResponse{status=OK, term=1, succeeded=true, lastLogIndex=75}
21:46:43.036 [raft-server-3] TRACE i.a.p.raft.roles.LeaderAppender - RaftServer{3} - Received AppendResponse{status=OK, term=1, succeeded=true, lastLogIndex=75} from 2
21:46:43.036 [raft-server-2-state] TRACE i.a.p.raft.impl.RaftServiceManager - RaftServer{2} - Applying Indexed{index=75, entry=CommandEntry{term=1, timestamp=2018-06-05 09:46:42,679, session=2, sequence=63, operation=PrimitiveOperation{id=DefaultOperationId{id=write, type=COMMAND}, value=byte[]{length=17, hash=-1644578928}}}}
21:46:43.036 [raft-server-1-state] TRACE i.a.p.raft.impl.RaftServiceManager - RaftServer{1} - Applying Indexed{index=75, entry=CommandEntry{term=1, timestamp=2018-06-05 09:46:42,679, session=2, sequence=63, operation=PrimitiveOperation{id=DefaultOperationId{id=write, type=COMMAND}, value=byte[]{length=17, hash=-1644578928}}}}
21:46:43.037 [raft-server-3] TRACE i.a.p.raft.roles.LeaderAppender - RaftServer{3} - Sending AppendRequest{term=1, leader=3, prevLogIndex=75, prevLogTerm=1, entries=1, commitIndex=75} to 2
21:46:43.037 [raft-server-2-state] TRACE i.a.p.s.impl.DefaultServiceExecutor - PrimitiveService{2}{type=PrimitiveType{name=test}, name=test} - Executing DefaultCommit{index=75, session=RaftSession{RaftServiceContext{server=2, type=PrimitiveType{name=test}, name=test, id=2}, session=2, timestamp=2018-06-05 09:46:42,679}, time=2018-06-05 09:46:42,679, operation=DefaultOperationId{id=write, type=COMMAND}, value=byte[]{length=17, hash=-1644578928}}
21:46:43.037 [raft-server-1-state] TRACE i.a.p.s.impl.DefaultServiceExecutor - PrimitiveService{2}{type=PrimitiveType{name=test}, name=test} - Executing DefaultCommit{index=75, session=RaftSession{RaftServiceContext{server=1, type=PrimitiveType{name=test}, name=test, id=2}, session=2, timestamp=2018-06-05 09:46:42,679}, time=2018-06-05 09:46:42,679, operation=DefaultOperationId{id=write, type=COMMAND}, value=byte[]{length=17, hash=-1644578928}}
21:46:43.037 [raft-server-2] TRACE i.a.p.raft.roles.FollowerRole - RaftServer{2}{role=FOLLOWER} - Received AppendRequest{term=1, leader=3, prevLogIndex=75, prevLogTerm=1, entries=1, commitIndex=75}
21:46:43.037 [raft-server-3] TRACE i.a.p.raft.roles.LeaderAppender - RaftServer{3} - Sending AppendRequest{term=1, leader=3, prevLogIndex=75, prevLogTerm=1, entries=1, commitIndex=75} to 1
21:46:43.037 [raft-server-3] TRACE i.a.p.raft.roles.LeaderAppender - RaftServer{3} - Received AppendResponse{status=OK, term=1, succeeded=true, lastLogIndex=75} from 1
21:46:43.037 [raft-server-1] TRACE i.a.p.raft.roles.FollowerRole - RaftServer{1}{role=FOLLOWER} - Received AppendRequest{term=1, leader=3, prevLogIndex=75, prevLogTerm=1, entries=1, commitIndex=75}
21:46:43.037 [raft-server-2] TRACE i.a.p.raft.roles.FollowerRole - RaftServer{2}{role=FOLLOWER} - Appended Indexed{index=76, entry=CommandEntry{term=1, timestamp=2018-06-05 09:46:42,914, session=2, sequence=64, operation=PrimitiveOperation{id=DefaultOperationId{id=write, type=COMMAND}, value=byte[]{length=17, hash=-1644578928}}}}
21:46:43.037 [raft-server-2] TRACE i.a.p.raft.roles.FollowerRole - RaftServer{2}{role=FOLLOWER} - Sending AppendResponse{status=OK, term=1, succeeded=true, lastLogIndex=76}
21:46:43.037 [raft-server-1] TRACE i.a.p.raft.roles.FollowerRole - RaftServer{1}{role=FOLLOWER} - Appended Indexed{index=76, entry=CommandEntry{term=1, timestamp=2018-06-05 09:46:42,914, session=2, sequence=64, operation=PrimitiveOperation{id=DefaultOperationId{id=write, type=COMMAND}, value=byte[]{length=17, hash=-1644578928}}}}
21:46:43.037 [raft-server-1] TRACE i.a.p.raft.roles.FollowerRole - RaftServer{1}{role=FOLLOWER} - Sending AppendResponse{status=OK, term=1, succeeded=true, lastLogIndex=76}
21:46:43.037 [raft-server-3] TRACE i.a.p.raft.roles.LeaderAppender - RaftServer{3} - Received AppendResponse{status=OK, term=1, succeeded=true, lastLogIndex=76} from 2
21:46:43.037 [raft-server-3] TRACE i.a.p.raft.roles.LeaderAppender - RaftServer{3} - Committed entries up to 76
21:46:43.145 [raft-server-3] TRACE i.a.p.raft.roles.LeaderAppender - RaftServer{3} - Received AppendResponse{status=OK, term=1, succeeded=true, lastLogIndex=76} from 1
21:46:43.145 [raft-server-3] TRACE i.a.p.raft.roles.LeaderAppender - RaftServer{3} - Sending AppendRequest{term=1, leader=3, prevLogIndex=76, prevLogTerm=1, entries=0, commitIndex=76} to 2
21:46:43.145 [raft-server-3] TRACE i.a.p.raft.roles.LeaderAppender - RaftServer{3} - Sending AppendRequest{term=1, leader=3, prevLogIndex=76, prevLogTerm=1, entries=0, commitIndex=76} to 1
21:46:43.145 [raft-server-2] TRACE i.a.p.raft.roles.FollowerRole - RaftServer{2}{role=FOLLOWER} - Received AppendRequest{term=1, leader=3, prevLogIndex=76, prevLogTerm=1, entries=0, commitIndex=76}
21:46:43.145 [raft-server-1] TRACE i.a.p.raft.roles.FollowerRole - RaftServer{1}{role=FOLLOWER} - Received AppendRequest{term=1, leader=3, prevLogIndex=76, prevLogTerm=1, entries=0, commitIndex=76}
21:46:43.145 [raft-server-3-state] TRACE i.a.p.raft.impl.RaftServiceManager - RaftServer{3} - Applying Indexed{index=76, entry=CommandEntry{term=1, timestamp=2018-06-05 09:46:42,914, session=2, sequence=64, operation=PrimitiveOperation{id=DefaultOperationId{id=write, type=COMMAND}, value=byte[]{length=17, hash=-1644578928}}}}
21:46:43.145 [raft-server-3-state] TRACE i.a.p.s.impl.DefaultServiceExecutor - PrimitiveService{2}{type=PrimitiveType{name=test}, name=test} - Executing DefaultCommit{index=76, session=RaftSession{RaftServiceContext{server=3, type=PrimitiveType{name=test}, name=test, id=2}, session=2, timestamp=2018-06-05 09:46:42,914}, time=2018-06-05 09:46:42,914, operation=DefaultOperationId{id=write, type=COMMAND}, value=byte[]{length=17, hash=-1644578928}}
21:46:43.145 [raft-server-3-state] TRACE i.a.protocols.raft.roles.LeaderRole - RaftServer{3}{role=LEADER} - Sending CommandResponse{status=OK, index=76, eventIndex=2, result=byte[]{length=3, hash=35217}}
21:46:43.145 [raft-client-2f4c8c2a-86e3-4c0e-9770-cf34b8eb1c33-0] TRACE i.a.p.r.p.impl.RaftProxyConnection - PartitionProxy{2}{type=PrimitiveType{name=test}, name=test} - Received CommandResponse{status=OK, index=76, eventIndex=2, result=byte[]{length=3, hash=35217}} from 3
21:46:43.145 [raft-client-2f4c8c2a-86e3-4c0e-9770-cf34b8eb1c33-0] TRACE i.a.p.r.p.impl.RaftProxySequencer - PartitionProxy{2}{type=PrimitiveType{name=test}, name=test} - Completing response CommandResponse{status=OK, index=76, eventIndex=2, result=byte[]{length=3, hash=35217}}
21:46:43.146 [raft-client-2f4c8c2a-86e3-4c0e-9770-cf34b8eb1c33-1] TRACE i.a.p.r.p.impl.RaftProxyConnection - PartitionProxy{2}{type=PrimitiveType{name=test}, name=test} - Sending CommandRequest{session=2, sequence=65, operation=PrimitiveOperation{id=DefaultOperationId{id=write, type=COMMAND}, value=byte[]{length=17, hash=-1644578928}}} to 3
21:46:43.146 [raft-server-3] TRACE i.a.protocols.raft.roles.LeaderRole - RaftServer{3}{role=LEADER} - Received CommandRequest{session=2, sequence=65, operation=PrimitiveOperation{id=DefaultOperationId{id=write, type=COMMAND}, value=byte[]{length=17, hash=-1644578928}}}
21:46:43.146 [raft-server-3] TRACE i.a.protocols.raft.roles.LeaderRole - RaftServer{3}{role=LEADER} - Appended Indexed{index=77, entry=CommandEntry{term=1, timestamp=2018-06-05 09:46:43,146, session=2, sequence=65, operation=PrimitiveOperation{id=DefaultOperationId{id=write, type=COMMAND}, value=byte[]{length=17, hash=-1644578928}}}}
21:46:43.270 [raft-server-2] TRACE i.a.p.raft.roles.FollowerRole - RaftServer{2}{role=FOLLOWER} - Committed entries up to index 76
21:46:43.270 [raft-server-1] TRACE i.a.p.raft.roles.FollowerRole - RaftServer{1}{role=FOLLOWER} - Committed entries up to index 76
21:46:43.270 [raft-server-2] TRACE i.a.p.raft.roles.FollowerRole - RaftServer{2}{role=FOLLOWER} - Sending AppendResponse{status=OK, term=1, succeeded=true, lastLogIndex=76}
21:46:43.270 [raft-server-1] TRACE i.a.p.raft.roles.FollowerRole - RaftServer{1}{role=FOLLOWER} - Sending AppendResponse{status=OK, term=1, succeeded=true, lastLogIndex=76}
21:46:43.270 [raft-server-2-state] TRACE i.a.p.raft.impl.RaftServiceManager - RaftServer{2} - Applying Indexed{index=76, entry=CommandEntry{term=1, timestamp=2018-06-05 09:46:42,914, session=2, sequence=64, operation=PrimitiveOperation{id=DefaultOperationId{id=write, type=COMMAND}, value=byte[]{length=17, hash=-1644578928}}}}
21:46:43.270 [raft-server-1-state] TRACE i.a.p.raft.impl.RaftServiceManager - RaftServer{1} - Applying Indexed{index=76, entry=CommandEntry{term=1, timestamp=2018-06-05 09:46:42,914, session=2, sequence=64, operation=PrimitiveOperation{id=DefaultOperationId{id=write, type=COMMAND}, value=byte[]{length=17, hash=-1644578928}}}}
21:46:43.270 [raft-server-2-state] TRACE i.a.p.s.impl.DefaultServiceExecutor - PrimitiveService{2}{type=PrimitiveType{name=test}, name=test} - Executing DefaultCommit{index=76, session=RaftSession{RaftServiceContext{server=2, type=PrimitiveType{name=test}, name=test, id=2}, session=2, timestamp=2018-06-05 09:46:42,914}, time=2018-06-05 09:46:42,914, operation=DefaultOperationId{id=write, type=COMMAND}, value=byte[]{length=17, hash=-1644578928}}
21:46:43.270 [raft-server-1-state] TRACE i.a.p.s.impl.DefaultServiceExecutor - PrimitiveService{2}{type=PrimitiveType{name=test}, name=test} - Executing DefaultCommit{index=76, session=RaftSession{RaftServiceContext{server=1, type=PrimitiveType{name=test}, name=test, id=2}, session=2, timestamp=2018-06-05 09:46:42,914}, time=2018-06-05 09:46:42,914, operation=DefaultOperationId{id=write, type=COMMAND}, value=byte[]{length=17, hash=-1644578928}}
21:46:43.270 [raft-server-3] TRACE i.a.p.raft.roles.LeaderAppender - RaftServer{3} - Received AppendResponse{status=OK, term=1, succeeded=true, lastLogIndex=76} from 2
21:46:43.270 [raft-server-3] TRACE i.a.p.raft.roles.LeaderAppender - RaftServer{3} - Sending AppendRequest{term=1, leader=3, prevLogIndex=76, prevLogTerm=1, entries=1, commitIndex=76} to 2
21:46:43.270 [raft-server-3] TRACE i.a.p.raft.roles.LeaderAppender - RaftServer{3} - Sending AppendRequest{term=1, leader=3, prevLogIndex=76, prevLogTerm=1, entries=1, commitIndex=76} to 1
21:46:43.270 [raft-server-2] TRACE i.a.p.raft.roles.FollowerRole - RaftServer{2}{role=FOLLOWER} - Received AppendRequest{term=1, leader=3, prevLogIndex=76, prevLogTerm=1, entries=1, commitIndex=76}
21:46:43.270 [raft-server-1] TRACE i.a.p.raft.roles.FollowerRole - RaftServer{1}{role=FOLLOWER} - Received AppendRequest{term=1, leader=3, prevLogIndex=76, prevLogTerm=1, entries=1, commitIndex=76}
21:46:43.270 [raft-server-3] TRACE i.a.p.raft.roles.LeaderAppender - RaftServer{3} - Received AppendResponse{status=OK, term=1, succeeded=true, lastLogIndex=76} from 1
21:46:43.270 [raft-server-2] TRACE i.a.p.raft.roles.FollowerRole - RaftServer{2}{role=FOLLOWER} - Appended Indexed{index=77, entry=CommandEntry{term=1, timestamp=2018-06-05 09:46:43,146, session=2, sequence=65, operation=PrimitiveOperation{id=DefaultOperationId{id=write, type=COMMAND}, value=byte[]{length=17, hash=-1644578928}}}}
21:46:43.270 [raft-server-2] TRACE i.a.p.raft.roles.FollowerRole - RaftServer{2}{role=FOLLOWER} - Sending AppendResponse{status=OK, term=1, succeeded=true, lastLogIndex=77}
21:46:43.270 [raft-server-1] TRACE i.a.p.raft.roles.FollowerRole - RaftServer{1}{role=FOLLOWER} - Appended Indexed{index=77, entry=CommandEntry{term=1, timestamp=2018-06-05 09:46:43,146, session=2, sequence=65, operation=PrimitiveOperation{id=DefaultOperationId{id=write, type=COMMAND}, value=byte[]{length=17, hash=-1644578928}}}}
21:46:43.270 [raft-server-3] TRACE i.a.p.raft.roles.LeaderAppender - RaftServer{3} - Received AppendResponse{status=OK, term=1, succeeded=true, lastLogIndex=77} from 2
21:46:43.270 [raft-server-1] TRACE i.a.p.raft.roles.FollowerRole - RaftServer{1}{role=FOLLOWER} - Sending AppendResponse{status=OK, term=1, succeeded=true, lastLogIndex=77}
21:46:43.270 [raft-server-3] TRACE i.a.p.raft.roles.LeaderAppender - RaftServer{3} - Committed entries up to 77
21:46:43.378 [raft-server-3] TRACE i.a.p.raft.roles.LeaderAppender - RaftServer{3} - Received AppendResponse{status=OK, term=1, succeeded=true, lastLogIndex=77} from 1
21:46:43.378 [raft-server-3] TRACE i.a.p.raft.roles.LeaderAppender - RaftServer{3} - Sending AppendRequest{term=1, leader=3, prevLogIndex=77, prevLogTerm=1, entries=0, commitIndex=77} to 2
21:46:43.378 [raft-server-3] TRACE i.a.p.raft.roles.LeaderAppender - RaftServer{3} - Sending AppendRequest{term=1, leader=3, prevLogIndex=77, prevLogTerm=1, entries=0, commitIndex=77} to 1
21:46:43.378 [raft-server-2] TRACE i.a.p.raft.roles.FollowerRole - RaftServer{2}{role=FOLLOWER} - Received AppendRequest{term=1, leader=3, prevLogIndex=77, prevLogTerm=1, entries=0, commitIndex=77}
21:46:43.378 [raft-server-1] TRACE i.a.p.raft.roles.FollowerRole - RaftServer{1}{role=FOLLOWER} - Received AppendRequest{term=1, leader=3, prevLogIndex=77, prevLogTerm=1, entries=0, commitIndex=77}
21:46:43.378 [raft-server-3-state] TRACE i.a.p.raft.impl.RaftServiceManager - RaftServer{3} - Applying Indexed{index=77, entry=CommandEntry{term=1, timestamp=2018-06-05 09:46:43,146, session=2, sequence=65, operation=PrimitiveOperation{id=DefaultOperationId{id=write, type=COMMAND}, value=byte[]{length=17, hash=-1644578928}}}}
21:46:43.378 [raft-server-3-state] TRACE i.a.p.s.impl.DefaultServiceExecutor - PrimitiveService{2}{type=PrimitiveType{name=test}, name=test} - Executing DefaultCommit{index=77, session=RaftSession{RaftServiceContext{server=3, type=PrimitiveType{name=test}, name=test, id=2}, session=2, timestamp=2018-06-05 09:46:43,146}, time=2018-06-05 09:46:43,146, operation=DefaultOperationId{id=write, type=COMMAND}, value=byte[]{length=17, hash=-1644578928}}
21:46:43.378 [raft-server-3-state] TRACE i.a.protocols.raft.roles.LeaderRole - RaftServer{3}{role=LEADER} - Sending CommandResponse{status=OK, index=77, eventIndex=2, result=byte[]{length=3, hash=35279}}
21:46:43.379 [raft-client-2f4c8c2a-86e3-4c0e-9770-cf34b8eb1c33-2] TRACE i.a.p.r.p.impl.RaftProxyConnection - PartitionProxy{2}{type=PrimitiveType{name=test}, name=test} - Received CommandResponse{status=OK, index=77, eventIndex=2, result=byte[]{length=3, hash=35279}} from 3
21:46:43.379 [raft-client-2f4c8c2a-86e3-4c0e-9770-cf34b8eb1c33-2] TRACE i.a.p.r.p.impl.RaftProxySequencer - PartitionProxy{2}{type=PrimitiveType{name=test}, name=test} - Completing response CommandResponse{status=OK, index=77, eventIndex=2, result=byte[]{length=3, hash=35279}}
21:46:43.379 [raft-client-2f4c8c2a-86e3-4c0e-9770-cf34b8eb1c33-4] TRACE i.a.p.r.p.impl.RaftProxyConnection - PartitionProxy{2}{type=PrimitiveType{name=test}, name=test} - Sending CommandRequest{session=2, sequence=66, operation=PrimitiveOperation{id=DefaultOperationId{id=write, type=COMMAND}, value=byte[]{length=17, hash=-1644578928}}} to 3
21:46:43.379 [raft-server-3] TRACE i.a.protocols.raft.roles.LeaderRole - RaftServer{3}{role=LEADER} - Received CommandRequest{session=2, sequence=66, operation=PrimitiveOperation{id=DefaultOperationId{id=write, type=COMMAND}, value=byte[]{length=17, hash=-1644578928}}}
21:46:43.379 [raft-server-3] TRACE i.a.protocols.raft.roles.LeaderRole - RaftServer{3}{role=LEADER} - Appended Indexed{index=78, entry=CommandEntry{term=1, timestamp=2018-06-05 09:46:43,379, session=2, sequence=66, operation=PrimitiveOperation{id=DefaultOperationId{id=write, type=COMMAND}, value=byte[]{length=17, hash=-1644578928}}}}
21:46:43.494 [raft-server-2] TRACE i.a.p.raft.roles.FollowerRole - RaftServer{2}{role=FOLLOWER} - Committed entries up to index 77
21:46:43.494 [raft-server-1] TRACE i.a.p.raft.roles.FollowerRole - RaftServer{1}{role=FOLLOWER} - Committed entries up to index 77
21:46:43.495 [raft-server-2] TRACE i.a.p.raft.roles.FollowerRole - RaftServer{2}{role=FOLLOWER} - Sending AppendResponse{status=OK, term=1, succeeded=true, lastLogIndex=77}
21:46:43.495 [raft-server-1] TRACE i.a.p.raft.roles.FollowerRole - RaftServer{1}{role=FOLLOWER} - Sending AppendResponse{status=OK, term=1, succeeded=true, lastLogIndex=77}
21:46:43.495 [raft-server-3] TRACE i.a.p.raft.roles.LeaderAppender - RaftServer{3} - Received AppendResponse{status=OK, term=1, succeeded=true, lastLogIndex=77} from 2
21:46:43.495 [raft-server-3] TRACE i.a.p.raft.roles.LeaderAppender - RaftServer{3} - Sending AppendRequest{term=1, leader=3, prevLogIndex=77, prevLogTerm=1, entries=1, commitIndex=77} to 2
21:46:43.495 [raft-server-2-state] TRACE i.a.p.raft.impl.RaftServiceManager - RaftServer{2} - Applying Indexed{index=77, entry=CommandEntry{term=1, timestamp=2018-06-05 09:46:43,146, session=2, sequence=65, operation=PrimitiveOperation{id=DefaultOperationId{id=write, type=COMMAND}, value=byte[]{length=17, hash=-1644578928}}}}
21:46:43.495 [raft-server-1-state] TRACE i.a.p.raft.impl.RaftServiceManager - RaftServer{1} - Applying Indexed{index=77, entry=CommandEntry{term=1, timestamp=2018-06-05 09:46:43,146, session=2, sequence=65, operation=PrimitiveOperation{id=DefaultOperationId{id=write, type=COMMAND}, value=byte[]{length=17, hash=-1644578928}}}}
21:46:43.495 [raft-server-2] TRACE i.a.p.raft.roles.FollowerRole - RaftServer{2}{role=FOLLOWER} - Received AppendRequest{term=1, leader=3, prevLogIndex=77, prevLogTerm=1, entries=1, commitIndex=77}
21:46:43.495 [raft-server-3] TRACE i.a.p.raft.roles.LeaderAppender - RaftServer{3} - Sending AppendRequest{term=1, leader=3, prevLogIndex=77, prevLogTerm=1, entries=1, commitIndex=77} to 1
21:46:43.495 [raft-server-2-state] TRACE i.a.p.s.impl.DefaultServiceExecutor - PrimitiveService{2}{type=PrimitiveType{name=test}, name=test} - Executing DefaultCommit{index=77, session=RaftSession{RaftServiceContext{server=2, type=PrimitiveType{name=test}, name=test, id=2}, session=2, timestamp=2018-06-05 09:46:43,146}, time=2018-06-05 09:46:43,146, operation=DefaultOperationId{id=write, type=COMMAND}, value=byte[]{length=17, hash=-1644578928}}
21:46:43.495 [raft-server-1-state] TRACE i.a.p.s.impl.DefaultServiceExecutor - PrimitiveService{2}{type=PrimitiveType{name=test}, name=test} - Executing DefaultCommit{index=77, session=RaftSession{RaftServiceContext{server=1, type=PrimitiveType{name=test}, name=test, id=2}, session=2, timestamp=2018-06-05 09:46:43,146}, time=2018-06-05 09:46:43,146, operation=DefaultOperationId{id=write, type=COMMAND}, value=byte[]{length=17, hash=-1644578928}}
21:46:43.495 [raft-server-3] TRACE i.a.p.raft.roles.LeaderAppender - RaftServer{3} - Received AppendResponse{status=OK, term=1, succeeded=true, lastLogIndex=77} from 1
21:46:43.495 [raft-server-1] TRACE i.a.p.raft.roles.FollowerRole - RaftServer{1}{role=FOLLOWER} - Received AppendRequest{term=1, leader=3, prevLogIndex=77, prevLogTerm=1, entries=1, commitIndex=77}
21:46:43.495 [raft-server-2] TRACE i.a.p.raft.roles.FollowerRole - RaftServer{2}{role=FOLLOWER} - Appended Indexed{index=78, entry=CommandEntry{term=1, timestamp=2018-06-05 09:46:43,379, session=2, sequence=66, operation=PrimitiveOperation{id=DefaultOperationId{id=write, type=COMMAND}, value=byte[]{length=17, hash=-1644578928}}}}
21:46:43.495 [raft-server-2] TRACE i.a.p.raft.roles.FollowerRole - RaftServer{2}{role=FOLLOWER} - Sending AppendResponse{status=OK, term=1, succeeded=true, lastLogIndex=78}
21:46:43.495 [raft-server-3] TRACE i.a.p.raft.roles.LeaderAppender - RaftServer{3} - Received AppendResponse{status=OK, term=1, succeeded=true, lastLogIndex=78} from 2
21:46:43.495 [raft-server-1] TRACE i.a.p.raft.roles.FollowerRole - RaftServer{1}{role=FOLLOWER} - Appended Indexed{index=78, entry=CommandEntry{term=1, timestamp=2018-06-05 09:46:43,379, session=2, sequence=66, operation=PrimitiveOperation{id=DefaultOperationId{id=write, type=COMMAND}, value=byte[]{length=17, hash=-1644578928}}}}
21:46:43.495 [raft-server-3] TRACE i.a.p.raft.roles.LeaderAppender - RaftServer{3} - Committed entries up to 78
21:46:43.495 [raft-server-1] TRACE i.a.p.raft.roles.FollowerRole - RaftServer{1}{role=FOLLOWER} - Sending AppendResponse{status=OK, term=1, succeeded=true, lastLogIndex=78}
21:46:43.603 [raft-server-3] TRACE i.a.p.raft.roles.LeaderAppender - RaftServer{3} - Received AppendResponse{status=OK, term=1, succeeded=true, lastLogIndex=78} from 1
21:46:43.603 [raft-server-3] TRACE i.a.p.raft.roles.LeaderAppender - RaftServer{3} - Sending AppendRequest{term=1, leader=3, prevLogIndex=78, prevLogTerm=1, entries=0, commitIndex=78} to 2
21:46:43.603 [raft-server-3] TRACE i.a.p.raft.roles.LeaderAppender - RaftServer{3} - Sending AppendRequest{term=1, leader=3, prevLogIndex=78, prevLogTerm=1, entries=0, commitIndex=78} to 1
21:46:43.603 [raft-server-2] TRACE i.a.p.raft.roles.FollowerRole - RaftServer{2}{role=FOLLOWER} - Received AppendRequest{term=1, leader=3, prevLogIndex=78, prevLogTerm=1, entries=0, commitIndex=78}
21:46:43.603 [raft-server-1] TRACE i.a.p.raft.roles.FollowerRole - RaftServer{1}{role=FOLLOWER} - Received AppendRequest{term=1, leader=3, prevLogIndex=78, prevLogTerm=1, entries=0, commitIndex=78}
21:46:43.603 [raft-server-3-state] TRACE i.a.p.raft.impl.RaftServiceManager - RaftServer{3} - Applying Indexed{index=78, entry=CommandEntry{term=1, timestamp=2018-06-05 09:46:43,379, session=2, sequence=66, operation=PrimitiveOperation{id=DefaultOperationId{id=write, type=COMMAND}, value=byte[]{length=17, hash=-1644578928}}}}
21:46:43.603 [raft-server-3-state] TRACE i.a.p.s.impl.DefaultServiceExecutor - PrimitiveService{2}{type=PrimitiveType{name=test}, name=test} - Executing DefaultCommit{index=78, session=RaftSession{RaftServiceContext{server=3, type=PrimitiveType{name=test}, name=test, id=2}, session=2, timestamp=2018-06-05 09:46:43,379}, time=2018-06-05 09:46:43,379, operation=DefaultOperationId{id=write, type=COMMAND}, value=byte[]{length=17, hash=-1644578928}}
21:46:43.603 [raft-server-3-state] TRACE i.a.protocols.raft.roles.LeaderRole - RaftServer{3}{role=LEADER} - Sending CommandResponse{status=OK, index=78, eventIndex=2, result=byte[]{length=3, hash=35341}}
21:46:43.603 [raft-client-2f4c8c2a-86e3-4c0e-9770-cf34b8eb1c33-3] TRACE i.a.p.r.p.impl.RaftProxyConnection - PartitionProxy{2}{type=PrimitiveType{name=test}, name=test} - Received CommandResponse{status=OK, index=78, eventIndex=2, result=byte[]{length=3, hash=35341}} from 3
21:46:43.603 [raft-client-2f4c8c2a-86e3-4c0e-9770-cf34b8eb1c33-3] TRACE i.a.p.r.p.impl.RaftProxySequencer - PartitionProxy{2}{type=PrimitiveType{name=test}, name=test} - Completing response CommandResponse{status=OK, index=78, eventIndex=2, result=byte[]{length=3, hash=35341}}
21:46:43.604 [raft-client-2f4c8c2a-86e3-4c0e-9770-cf34b8eb1c33-5] TRACE i.a.p.r.p.impl.RaftProxyConnection - PartitionProxy{2}{type=PrimitiveType{name=test}, name=test} - Sending CommandRequest{session=2, sequence=67, operation=PrimitiveOperation{id=DefaultOperationId{id=write, type=COMMAND}, value=byte[]{length=17, hash=-1644578928}}} to 3
21:46:43.604 [raft-server-3] TRACE i.a.protocols.raft.roles.LeaderRole - RaftServer{3}{role=LEADER} - Received CommandRequest{session=2, sequence=67, operation=PrimitiveOperation{id=DefaultOperationId{id=write, type=COMMAND}, value=byte[]{length=17, hash=-1644578928}}}
21:46:43.604 [raft-server-3] TRACE i.a.protocols.raft.roles.LeaderRole - RaftServer{3}{role=LEADER} - Appended Indexed{index=79, entry=CommandEntry{term=1, timestamp=2018-06-05 09:46:43,604, session=2, sequence=67, operation=PrimitiveOperation{id=DefaultOperationId{id=write, type=COMMAND}, value=byte[]{length=17, hash=-1644578928}}}}
21:46:43.719 [raft-server-1] TRACE i.a.p.raft.roles.FollowerRole - RaftServer{1}{role=FOLLOWER} - Committed entries up to index 78
21:46:43.719 [raft-server-2] TRACE i.a.p.raft.roles.FollowerRole - RaftServer{2}{role=FOLLOWER} - Committed entries up to index 78
21:46:43.720 [raft-server-1] TRACE i.a.p.raft.roles.FollowerRole - RaftServer{1}{role=FOLLOWER} - Sending AppendResponse{status=OK, term=1, succeeded=true, lastLogIndex=78}
21:46:43.720 [raft-server-2] TRACE i.a.p.raft.roles.FollowerRole - RaftServer{2}{role=FOLLOWER} - Sending AppendResponse{status=OK, term=1, succeeded=true, lastLogIndex=78}
21:46:43.720 [raft-server-3] TRACE i.a.p.raft.roles.LeaderAppender - RaftServer{3} - Received AppendResponse{status=OK, term=1, succeeded=true, lastLogIndex=78} from 1
21:46:43.720 [raft-server-3] TRACE i.a.p.raft.roles.LeaderAppender - RaftServer{3} - Sending AppendRequest{term=1, leader=3, prevLogIndex=78, prevLogTerm=1, entries=1, commitIndex=78} to 1
21:46:43.720 [raft-server-1-state] TRACE i.a.p.raft.impl.RaftServiceManager - RaftServer{1} - Applying Indexed{index=78, entry=CommandEntry{term=1, timestamp=2018-06-05 09:46:43,379, session=2, sequence=66, operation=PrimitiveOperation{id=DefaultOperationId{id=write, type=COMMAND}, value=byte[]{length=17, hash=-1644578928}}}}
21:46:43.720 [raft-server-1] TRACE i.a.p.raft.roles.FollowerRole - RaftServer{1}{role=FOLLOWER} - Received AppendRequest{term=1, leader=3, prevLogIndex=78, prevLogTerm=1, entries=1, commitIndex=78}
21:46:43.720 [raft-server-3] TRACE i.a.p.raft.roles.LeaderAppender - RaftServer{3} - Sending AppendRequest{term=1, leader=3, prevLogIndex=78, prevLogTerm=1, entries=1, commitIndex=78} to 2
21:46:43.720 [raft-server-2-state] TRACE i.a.p.raft.impl.RaftServiceManager - RaftServer{2} - Applying Indexed{index=78, entry=CommandEntry{term=1, timestamp=2018-06-05 09:46:43,379, session=2, sequence=66, operation=PrimitiveOperation{id=DefaultOperationId{id=write, type=COMMAND}, value=byte[]{length=17, hash=-1644578928}}}}
21:46:43.720 [raft-server-1-state] TRACE i.a.p.s.impl.DefaultServiceExecutor - PrimitiveService{2}{type=PrimitiveType{name=test}, name=test} - Executing DefaultCommit{index=78, session=RaftSession{RaftServiceContext{server=1, type=PrimitiveType{name=test}, name=test, id=2}, session=2, timestamp=2018-06-05 09:46:43,379}, time=2018-06-05 09:46:43,379, operation=DefaultOperationId{id=write, type=COMMAND}, value=byte[]{length=17, hash=-1644578928}}
21:46:43.720 [raft-server-3] TRACE i.a.p.raft.roles.LeaderAppender - RaftServer{3} - Received AppendResponse{status=OK, term=1, succeeded=true, lastLogIndex=78} from 2
21:46:43.720 [raft-server-2] TRACE i.a.p.raft.roles.FollowerRole - RaftServer{2}{role=FOLLOWER} - Received AppendRequest{term=1, leader=3, prevLogIndex=78, prevLogTerm=1, entries=1, commitIndex=78}
21:46:43.720 [raft-server-1] TRACE i.a.p.raft.roles.FollowerRole - RaftServer{1}{role=FOLLOWER} - Appended Indexed{index=79, entry=CommandEntry{term=1, timestamp=2018-06-05 09:46:43,604, session=2, sequence=67, operation=PrimitiveOperation{id=DefaultOperationId{id=write, type=COMMAND}, value=byte[]{length=17, hash=-1644578928}}}}
21:46:43.720 [raft-server-2-state] TRACE i.a.p.s.impl.DefaultServiceExecutor - PrimitiveService{2}{type=PrimitiveType{name=test}, name=test} - Executing DefaultCommit{index=78, session=RaftSession{RaftServiceContext{server=2, type=PrimitiveType{name=test}, name=test, id=2}, session=2, timestamp=2018-06-05 09:46:43,379}, time=2018-06-05 09:46:43,379, operation=DefaultOperationId{id=write, type=COMMAND}, value=byte[]{length=17, hash=-1644578928}}
21:46:43.720 [raft-server-1] TRACE i.a.p.raft.roles.FollowerRole - RaftServer{1}{role=FOLLOWER} - Sending AppendResponse{status=OK, term=1, succeeded=true, lastLogIndex=79}
21:46:43.720 [raft-server-2] TRACE i.a.p.raft.roles.FollowerRole - RaftServer{2}{role=FOLLOWER} - Appended Indexed{index=79, entry=CommandEntry{term=1, timestamp=2018-06-05 09:46:43,604, session=2, sequence=67, operation=PrimitiveOperation{id=DefaultOperationId{id=write, type=COMMAND}, value=byte[]{length=17, hash=-1644578928}}}}
21:46:43.720 [raft-server-2] TRACE i.a.p.raft.roles.FollowerRole - RaftServer{2}{role=FOLLOWER} - Sending AppendResponse{status=OK, term=1, succeeded=true, lastLogIndex=79}
21:46:43.720 [raft-server-3] TRACE i.a.p.raft.roles.LeaderAppender - RaftServer{3} - Received AppendResponse{status=OK, term=1, succeeded=true, lastLogIndex=79} from 1
21:46:43.720 [raft-server-3] TRACE i.a.p.raft.roles.LeaderAppender - RaftServer{3} - Committed entries up to 79
21:46:43.828 [raft-server-3] TRACE i.a.p.raft.roles.LeaderAppender - RaftServer{3} - Received AppendResponse{status=OK, term=1, succeeded=true, lastLogIndex=79} from 2
21:46:43.828 [raft-server-3-state] TRACE i.a.p.raft.impl.RaftServiceManager - RaftServer{3} - Applying Indexed{index=79, entry=CommandEntry{term=1, timestamp=2018-06-05 09:46:43,604, session=2, sequence=67, operation=PrimitiveOperation{id=DefaultOperationId{id=write, type=COMMAND}, value=byte[]{length=17, hash=-1644578928}}}}
21:46:43.828 [raft-server-3-state] TRACE i.a.p.s.impl.DefaultServiceExecutor - PrimitiveService{2}{type=PrimitiveType{name=test}, name=test} - Executing DefaultCommit{index=79, session=RaftSession{RaftServiceContext{server=3, type=PrimitiveType{name=test}, name=test, id=2}, session=2, timestamp=2018-06-05 09:46:43,604}, time=2018-06-05 09:46:43,604, operation=DefaultOperationId{id=write, type=COMMAND}, value=byte[]{length=17, hash=-1644578928}}
21:46:43.828 [raft-server-3-state] TRACE i.a.protocols.raft.roles.LeaderRole - RaftServer{3}{role=LEADER} - Sending CommandResponse{status=OK, index=79, eventIndex=2, result=byte[]{length=3, hash=35403}}
21:46:43.828 [raft-client-2f4c8c2a-86e3-4c0e-9770-cf34b8eb1c33-0] TRACE i.a.p.r.p.impl.RaftProxyConnection - PartitionProxy{2}{type=PrimitiveType{name=test}, name=test} - Received CommandResponse{status=OK, index=79, eventIndex=2, result=byte[]{length=3, hash=35403}} from 3
21:46:43.828 [raft-client-2f4c8c2a-86e3-4c0e-9770-cf34b8eb1c33-0] TRACE i.a.p.r.p.impl.RaftProxySequencer - PartitionProxy{2}{type=PrimitiveType{name=test}, name=test} - Completing response CommandResponse{status=OK, index=79, eventIndex=2, result=byte[]{length=3, hash=35403}}
21:46:43.829 [raft-client-2f4c8c2a-86e3-4c0e-9770-cf34b8eb1c33-7] TRACE i.a.p.r.p.impl.RaftProxyConnection - PartitionProxy{2}{type=PrimitiveType{name=test}, name=test} - Sending CommandRequest{session=2, sequence=68, operation=PrimitiveOperation{id=DefaultOperationId{id=write, type=COMMAND}, value=byte[]{length=17, hash=-1644578928}}} to 3
21:46:43.829 [raft-server-3] TRACE i.a.protocols.raft.roles.LeaderRole - RaftServer{3}{role=LEADER} - Received CommandRequest{session=2, sequence=68, operation=PrimitiveOperation{id=DefaultOperationId{id=write, type=COMMAND}, value=byte[]{length=17, hash=-1644578928}}}
21:46:43.829 [raft-server-3] TRACE i.a.protocols.raft.roles.LeaderRole - RaftServer{3}{role=LEADER} - Appended Indexed{index=80, entry=CommandEntry{term=1, timestamp=2018-06-05 09:46:43,829, session=2, sequence=68, operation=PrimitiveOperation{id=DefaultOperationId{id=write, type=COMMAND}, value=byte[]{length=17, hash=-1644578928}}}}
21:46:43.829 [raft-server-3] TRACE i.a.p.raft.roles.LeaderAppender - RaftServer{3} - Sending AppendRequest{term=1, leader=3, prevLogIndex=79, prevLogTerm=1, entries=1, commitIndex=79} to 2
21:46:43.829 [raft-server-2] TRACE i.a.p.raft.roles.FollowerRole - RaftServer{2}{role=FOLLOWER} - Received AppendRequest{term=1, leader=3, prevLogIndex=79, prevLogTerm=1, entries=1, commitIndex=79}
21:46:43.829 [raft-server-3] TRACE i.a.p.raft.roles.LeaderAppender - RaftServer{3} - Sending AppendRequest{term=1, leader=3, prevLogIndex=79, prevLogTerm=1, entries=1, commitIndex=79} to 1
21:46:43.829 [raft-server-1] TRACE i.a.p.raft.roles.FollowerRole - RaftServer{1}{role=FOLLOWER} - Received AppendRequest{term=1, leader=3, prevLogIndex=79, prevLogTerm=1, entries=1, commitIndex=79}
21:46:43.829 [raft-server-2] TRACE i.a.p.raft.roles.FollowerRole - RaftServer{2}{role=FOLLOWER} - Appended Indexed{index=80, entry=CommandEntry{term=1, timestamp=2018-06-05 09:46:43,829, session=2, sequence=68, operation=PrimitiveOperation{id=DefaultOperationId{id=write, type=COMMAND}, value=byte[]{length=17, hash=-1644578928}}}}
21:46:43.830 [raft-server-1] TRACE i.a.p.raft.roles.FollowerRole - RaftServer{1}{role=FOLLOWER} - Appended Indexed{index=80, entry=CommandEntry{term=1, timestamp=2018-06-05 09:46:43,829, session=2, sequence=68, operation=PrimitiveOperation{id=DefaultOperationId{id=write, type=COMMAND}, value=byte[]{length=17, hash=-1644578928}}}}
21:46:43.837 [raft-client-2f4c8c2a-86e3-4c0e-9770-cf34b8eb1c33-1] TRACE i.a.p.r.proxy.impl.RaftProxyManager - RaftClient{2f4c8c2a-86e3-4c0e-9770-cf34b8eb1c33} - Keeping 1 sessions alive
21:46:43.837 [raft-client-2f4c8c2a-86e3-4c0e-9770-cf34b8eb1c33-1] TRACE i.a.p.r.p.impl.RaftProxyConnection - RaftClient{2f4c8c2a-86e3-4c0e-9770-cf34b8eb1c33} - Sending KeepAliveRequest{sessionIds=long[]{length=1, hash=33}, commandSequences=long[]{length=1, hash=98}, eventIndexes=long[]{length=1, hash=33}} to 3
21:46:43.837 [raft-server-3] TRACE i.a.protocols.raft.roles.LeaderRole - RaftServer{3}{role=LEADER} - Received KeepAliveRequest{sessionIds=long[]{length=1, hash=33}, commandSequences=long[]{length=1, hash=98}, eventIndexes=long[]{length=1, hash=33}}
21:46:43.945 [raft-server-2] TRACE i.a.p.raft.roles.FollowerRole - RaftServer{2}{role=FOLLOWER} - Committed entries up to index 79
21:46:43.945 [raft-server-1] TRACE i.a.p.raft.roles.FollowerRole - RaftServer{1}{role=FOLLOWER} - Committed entries up to index 79
21:46:43.945 [raft-server-2] TRACE i.a.p.raft.roles.FollowerRole - RaftServer{2}{role=FOLLOWER} - Sending AppendResponse{status=OK, term=1, succeeded=true, lastLogIndex=80}
21:46:43.945 [raft-server-1] TRACE i.a.p.raft.roles.FollowerRole - RaftServer{1}{role=FOLLOWER} - Sending AppendResponse{status=OK, term=1, succeeded=true, lastLogIndex=80}
21:46:43.945 [raft-server-1] INFO  i.a.protocols.raft.impl.RaftContext - RaftServer{1} - Transitioning to INACTIVE
21:46:43.945 [raft-server-2-state] TRACE i.a.p.raft.impl.RaftServiceManager - RaftServer{2} - Applying Indexed{index=79, entry=CommandEntry{term=1, timestamp=2018-06-05 09:46:43,604, session=2, sequence=67, operation=PrimitiveOperation{id=DefaultOperationId{id=write, type=COMMAND}, value=byte[]{length=17, hash=-1644578928}}}}
21:46:43.945 [raft-server-1] TRACE i.a.p.raft.roles.FollowerRole - RaftServer{1}{role=FOLLOWER} - Cancelling heartbeat timer
21:46:43.945 [raft-server-2-state] TRACE i.a.p.s.impl.DefaultServiceExecutor - PrimitiveService{2}{type=PrimitiveType{name=test}, name=test} - Executing DefaultCommit{index=79, session=RaftSession{RaftServiceContext{server=2, type=PrimitiveType{name=test}, name=test, id=2}, session=2, timestamp=2018-06-05 09:46:43,604}, time=2018-06-05 09:46:43,604, operation=DefaultOperationId{id=write, type=COMMAND}, value=byte[]{length=17, hash=-1644578928}}
21:46:43.945 [ForkJoinPool.commonPool-worker-4] DEBUG i.a.storage.journal.SegmentedJournal - Closing segment: JournalSegment{id=1, version=1, index=1, size=500}
21:46:43.945 [raft-server-1-state] TRACE i.a.p.raft.impl.RaftServiceManager - RaftServer{1} - Applying Indexed{index=79, entry=CommandEntry{term=1, timestamp=2018-06-05 09:46:43,604, session=2, sequence=67, operation=PrimitiveOperation{id=DefaultOperationId{id=write, type=COMMAND}, value=byte[]{length=17, hash=-1644578928}}}}
21:46:43.945 [ForkJoinPool.commonPool-worker-4] DEBUG i.a.storage.journal.SegmentedJournal - Closing segment: JournalSegment{id=2, version=1, index=11, size=574}
21:46:43.946 [ForkJoinPool.commonPool-worker-4] DEBUG i.a.storage.journal.SegmentedJournal - Closing segment: JournalSegment{id=3, version=1, index=21, size=549}
21:46:43.945 [raft-server-1-state] TRACE i.a.p.s.impl.DefaultServiceExecutor - PrimitiveService{2}{type=PrimitiveType{name=test}, name=test} - Executing DefaultCommit{index=79, session=RaftSession{RaftServiceContext{server=1, type=PrimitiveType{name=test}, name=test, id=2}, session=2, timestamp=2018-06-05 09:46:43,604}, time=2018-06-05 09:46:43,604, operation=DefaultOperationId{id=write, type=COMMAND}, value=byte[]{length=17, hash=-1644578928}}
21:46:43.946 [ForkJoinPool.commonPool-worker-4] DEBUG i.a.storage.journal.SegmentedJournal - Closing segment: JournalSegment{id=4, version=1, index=31, size=574}
21:46:43.946 [ForkJoinPool.commonPool-worker-4] DEBUG i.a.storage.journal.SegmentedJournal - Closing segment: JournalSegment{id=5, version=1, index=41, size=549}
21:46:43.946 [ForkJoinPool.commonPool-worker-4] DEBUG i.a.storage.journal.SegmentedJournal - Closing segment: JournalSegment{id=6, version=1, index=51, size=549}
21:46:43.946 [ForkJoinPool.commonPool-worker-4] DEBUG i.a.storage.journal.SegmentedJournal - Closing segment: JournalSegment{id=7, version=1, index=61, size=524}
21:46:43.946 [ForkJoinPool.commonPool-worker-4] DEBUG i.a.storage.journal.SegmentedJournal - Closing segment: JournalSegment{id=8, version=1, index=71, size=554}
21:46:43.946 [raft-server-2] INFO  i.a.protocols.raft.impl.RaftContext - RaftServer{2} - Transitioning to INACTIVE
21:46:43.946 [raft-server-2] TRACE i.a.p.raft.roles.FollowerRole - RaftServer{2}{role=FOLLOWER} - Cancelling heartbeat timer
21:46:43.946 [ForkJoinPool.commonPool-worker-4] DEBUG i.a.storage.journal.SegmentedJournal - Closing segment: JournalSegment{id=1, version=1, index=1, size=500}
21:46:43.946 [ForkJoinPool.commonPool-worker-4] DEBUG i.a.storage.journal.SegmentedJournal - Closing segment: JournalSegment{id=2, version=1, index=11, size=574}
21:46:43.946 [ForkJoinPool.commonPool-worker-4] DEBUG i.a.storage.journal.SegmentedJournal - Closing segment: JournalSegment{id=3, version=1, index=21, size=549}
21:46:43.946 [ForkJoinPool.commonPool-worker-4] DEBUG i.a.storage.journal.SegmentedJournal - Closing segment: JournalSegment{id=4, version=1, index=31, size=574}
21:46:43.946 [ForkJoinPool.commonPool-worker-4] DEBUG i.a.storage.journal.SegmentedJournal - Closing segment: JournalSegment{id=5, version=1, index=41, size=549}
21:46:43.946 [ForkJoinPool.commonPool-worker-4] DEBUG i.a.storage.journal.SegmentedJournal - Closing segment: JournalSegment{id=6, version=1, index=51, size=549}
21:46:43.946 [ForkJoinPool.commonPool-worker-4] DEBUG i.a.storage.journal.SegmentedJournal - Closing segment: JournalSegment{id=7, version=1, index=61, size=524}
21:46:43.946 [ForkJoinPool.commonPool-worker-4] DEBUG i.a.storage.journal.SegmentedJournal - Closing segment: JournalSegment{id=8, version=1, index=71, size=554}
21:46:44.161 [raft-server-3] DEBUG i.a.storage.journal.SegmentedJournal - Created disk segment: JournalSegment{id=9, version=1, index=81, size=64}
21:46:44.161 [raft-server-3] TRACE i.a.protocols.raft.roles.LeaderRole - RaftServer{3}{role=LEADER} - Appended Indexed{index=81, entry=KeepAliveEntry{term=1, timestamp=2018-06-05 09:46:43,837, sessionIds=long[]{length=1, hash=33}, commandSequences=long[]{length=1, hash=98}, eventIndexes=long[]{length=1, hash=33}}}
21:46:44.161 [raft-server-3] TRACE i.a.p.raft.roles.LeaderAppender - RaftServer{3} - Sending AppendRequest{term=1, leader=3, prevLogIndex=80, prevLogTerm=1, entries=1, commitIndex=79} to 2
21:46:44.162 [raft-server-3] TRACE i.a.p.raft.roles.LeaderAppender - RaftServer{3} - Sending AppendRequest{term=1, leader=3, prevLogIndex=80, prevLogTerm=1, entries=1, commitIndex=79} to 1
21:46:44.162 [raft-server-3] TRACE i.a.p.raft.roles.LeaderAppender - RaftServer{3} - Received AppendResponse{status=OK, term=1, succeeded=true, lastLogIndex=80} from 2
21:46:44.162 [raft-server-3] TRACE i.a.p.raft.roles.LeaderAppender - RaftServer{3} - Committed entries up to 80
21:46:44.278 [raft-server-3] TRACE i.a.p.raft.roles.LeaderAppender - RaftServer{3} - Received AppendResponse{status=OK, term=1, succeeded=true, lastLogIndex=80} from 1
21:46:44.278 [raft-server-3] INFO  i.a.protocols.raft.impl.RaftContext - RaftServer{3} - Transitioning to INACTIVE
21:46:44.278 [raft-server-3] TRACE i.a.protocols.raft.roles.LeaderRole - RaftServer{3}{role=LEADER} - Cancelling append timer
21:46:44.278 [raft-server-3] TRACE i.a.p.raft.storage.system.MetaStore - Store vote null
21:46:44.386 [ForkJoinPool.commonPool-worker-4] DEBUG i.a.storage.journal.SegmentedJournal - Closing segment: JournalSegment{id=1, version=1, index=1, size=500}
21:46:44.386 [ForkJoinPool.commonPool-worker-4] DEBUG i.a.storage.journal.SegmentedJournal - Closing segment: JournalSegment{id=2, version=1, index=11, size=574}
21:46:44.386 [ForkJoinPool.commonPool-worker-4] DEBUG i.a.storage.journal.SegmentedJournal - Closing segment: JournalSegment{id=3, version=1, index=21, size=549}
21:46:44.386 [raft-server-3-state] TRACE i.a.p.raft.impl.RaftServiceManager - RaftServer{3} - Applying Indexed{index=80, entry=CommandEntry{term=1, timestamp=2018-06-05 09:46:43,829, session=2, sequence=68, operation=PrimitiveOperation{id=DefaultOperationId{id=write, type=COMMAND}, value=byte[]{length=17, hash=-1644578928}}}}
21:46:44.386 [ForkJoinPool.commonPool-worker-4] DEBUG i.a.storage.journal.SegmentedJournal - Closing segment: JournalSegment{id=4, version=1, index=31, size=574}
21:46:44.386 [raft-server-3-state] TRACE i.a.p.s.impl.DefaultServiceExecutor - PrimitiveService{2}{type=PrimitiveType{name=test}, name=test} - Executing DefaultCommit{index=80, session=RaftSession{RaftServiceContext{server=3, type=PrimitiveType{name=test}, name=test, id=2}, session=2, timestamp=2018-06-05 09:46:43,829}, time=2018-06-05 09:46:43,829, operation=DefaultOperationId{id=write, type=COMMAND}, value=byte[]{length=17, hash=-1644578928}}
21:46:44.387 [ForkJoinPool.commonPool-worker-4] DEBUG i.a.storage.journal.SegmentedJournal - Closing segment: JournalSegment{id=5, version=1, index=41, size=549}
21:46:44.387 [ForkJoinPool.commonPool-worker-4] DEBUG i.a.storage.journal.SegmentedJournal - Closing segment: JournalSegment{id=6, version=1, index=51, size=549}
21:46:44.387 [ForkJoinPool.commonPool-worker-4] DEBUG i.a.storage.journal.SegmentedJournal - Closing segment: JournalSegment{id=7, version=1, index=61, size=524}
21:46:44.387 [ForkJoinPool.commonPool-worker-4] DEBUG i.a.storage.journal.SegmentedJournal - Closing segment: JournalSegment{id=8, version=1, index=71, size=554}
21:46:44.387 [ForkJoinPool.commonPool-worker-4] DEBUG i.a.storage.journal.SegmentedJournal - Closing segment: JournalSegment{id=9, version=1, index=81, size=91}
21:46:44.387 [raft-server-3] TRACE i.a.protocols.raft.roles.LeaderRole - RaftServer{3}{role=LEADER} - Sending CommandResponse{status=OK, index=80, eventIndex=2, result=byte[]{length=3, hash=35465}}
]]></system-out>
  </testcase>
  <testcase name="testPassiveJoin" classname="io.atomix.protocols.raft.RaftTest" time="2.545"/>
  <testcase name="testFiveNodesManyEventsAfterLeaderShutdown" classname="io.atomix.protocols.raft.RaftTest" time="5.639"/>
  <testcase name="testFiveNodeSubmitCommand" classname="io.atomix.protocols.raft.RaftTest" time="2.123"/>
  <testcase name="testOneNodeExpireEvent" classname="io.atomix.protocols.raft.RaftTest" time="9.165"/>
  <testcase name="testFiveNodesEventsAfterLeaderKill" classname="io.atomix.protocols.raft.RaftTest" time="7.6"/>
  <testcase name="testTwoNodeSubmitCommand" classname="io.atomix.protocols.raft.RaftTest" time="1.979"/>
  <testcase name="testThreeNodeExpireEvent" classname="io.atomix.protocols.raft.RaftTest" time="10.838"/>
  <testcase name="testResize" classname="io.atomix.protocols.raft.RaftTest" time="3.514"/>
  <testcase name="testFiveNodeCloseEvent" classname="io.atomix.protocols.raft.RaftTest" time="2.423"/>
  <testcase name="testOneNodeSubmitQueryWithLinearizableConsistency" classname="io.atomix.protocols.raft.RaftTest" time="1.501"/>
  <testcase name="testThreeNodeSubmitQueryWithBoundedLinearizableConsistency" classname="io.atomix.protocols.raft.RaftTest" time="1.864"/>
  <testcase name="testLeaderLeave" classname="io.atomix.protocols.raft.RaftTest" time="1.838"/>
  <testcase name="testFiveNodesEventsAfterFollowerKill" classname="io.atomix.protocols.raft.RaftTest" time="4.873"/>
  <testcase name="testThreeNodesEventsAfterFollowerKill" classname="io.atomix.protocols.raft.RaftTest" time="3.844"/>
  <testcase name="testFiveNodeEvents" classname="io.atomix.protocols.raft.RaftTest" time="2.419"/>
</testsuite>