<?xml version="1.0" encoding="UTF-8"?>
<testsuite name="io.atomix.protocols.raft.RaftTest" time="421.979" tests="65" errors="2" skipped="1" failures="0">
  <properties>
    <property name="java.runtime.name" value="OpenJDK Runtime Environment"/>
    <property name="sun.boot.library.path" value="/usr/lib/jvm/java-8-openjdk-amd64/jre/lib/amd64"/>
    <property name="java.vm.version" value="25.121-b13"/>
    <property name="java.vm.vendor" value="Oracle Corporation"/>
    <property name="maven.multiModuleProjectDirectory" value="/root/workspace/atomix/atomix/389975445"/>
    <property name="java.vendor.url" value="http://java.oracle.com/"/>
    <property name="path.separator" value=":"/>
    <property name="guice.disable.misplaced.annotation.check" value="true"/>
    <property name="skip.gulp" value="true"/>
    <property name="java.vm.name" value="OpenJDK 64-Bit Server VM"/>
    <property name="file.encoding.pkg" value="sun.io"/>
    <property name="sun.java.launcher" value="SUN_STANDARD"/>
    <property name="sun.os.patch.level" value="unknown"/>
    <property name="findbugs.skip" value="true"/>
    <property name="java.vm.specification.name" value="Java Virtual Machine Specification"/>
    <property name="user.dir" value="/root/workspace/atomix/atomix/389975445"/>
    <property name="checkstyle.skip" value="true"/>
    <property name="java.runtime.version" value="1.8.0_121-8u121-b13-1~bpo8+1-b13"/>
    <property name="java.awt.graphicsenv" value="sun.awt.X11GraphicsEnvironment"/>
    <property name="skip.npm" value="true"/>
    <property name="java.endorsed.dirs" value="/usr/lib/jvm/java-8-openjdk-amd64/jre/lib/endorsed"/>
    <property name="os.arch" value="amd64"/>
    <property name="java.io.tmpdir" value="/tmp"/>
    <property name="gpg.skip" value="true"/>
    <property name="line.separator" value="&#10;"/>
    <property name="java.vm.specification.vendor" value="Oracle Corporation"/>
    <property name="cobertura.skip" value="true"/>
    <property name="os.name" value="Linux"/>
    <property name="classworlds.conf" value="/usr/share/maven/bin/m2.conf"/>
    <property name="sun.jnu.encoding" value="UTF-8"/>
    <property name="java.library.path" value="/usr/java/packages/lib/amd64:/usr/lib/x86_64-linux-gnu/jni:/lib/x86_64-linux-gnu:/usr/lib/x86_64-linux-gnu:/usr/lib/jni:/lib:/usr/lib"/>
    <property name="license.skip" value="true"/>
    <property name="java.specification.name" value="Java Platform API Specification"/>
    <property name="java.class.version" value="52.0"/>
    <property name="sun.management.compiler" value="HotSpot 64-Bit Tiered Compilers"/>
    <property name="skip.bower" value="true"/>
    <property name="maven.repo.local" value="/root/./workspace/atomix/atomix/389975445/.m2"/>
    <property name="os.version" value="3.10.0-862.3.2.el7.x86_64"/>
    <property name="user.home" value="/root"/>
    <property name="user.timezone" value="Europe/Paris"/>
    <property name="java.awt.printerjob" value="sun.print.PSPrinterJob"/>
    <property name="java.specification.version" value="1.8"/>
    <property name="file.encoding" value="UTF-8"/>
    <property name="user.name" value="root"/>
    <property name="java.class.path" value="/usr/share/maven/boot/plexus-classworlds-2.5.2.jar"/>
    <property name="skipITs" value="true"/>
    <property name="java.vm.specification.version" value="1.8"/>
    <property name="sun.arch.data.model" value="64"/>
    <property name="java.home" value="/usr/lib/jvm/java-8-openjdk-amd64/jre"/>
    <property name="sun.java.command" value="org.codehaus.plexus.classworlds.launcher.Launcher -B -D enforcer.skip=true -D dependency-check.skip=true -D skipITs=true -D cobertura.skip=true -D maven.repo.local=/root/./workspace/atomix/atomix/389975445/.m2 -D rat.skip=true -D findbugs.skip=true -D skip.bower=true -D gpg.skip=true -D checkstyle.skip=true -D skip.gulp=true -D license.skip=true -D skip.npm=true test"/>
    <property name="java.specification.vendor" value="Oracle Corporation"/>
    <property name="user.language" value="en"/>
    <property name="awt.toolkit" value="sun.awt.X11.XToolkit"/>
    <property name="dependency-check.skip" value="true"/>
    <property name="java.vm.info" value="mixed mode"/>
    <property name="java.version" value="1.8.0_121"/>
    <property name="java.ext.dirs" value="/usr/lib/jvm/java-8-openjdk-amd64/jre/lib/ext:/usr/java/packages/lib/ext"/>
    <property name="securerandom.source" value="file:/dev/./urandom"/>
    <property name="sun.boot.class.path" value="/usr/lib/jvm/java-8-openjdk-amd64/jre/lib/resources.jar:/usr/lib/jvm/java-8-openjdk-amd64/jre/lib/rt.jar:/usr/lib/jvm/java-8-openjdk-amd64/jre/lib/sunrsasign.jar:/usr/lib/jvm/java-8-openjdk-amd64/jre/lib/jsse.jar:/usr/lib/jvm/java-8-openjdk-amd64/jre/lib/jce.jar:/usr/lib/jvm/java-8-openjdk-amd64/jre/lib/charsets.jar:/usr/lib/jvm/java-8-openjdk-amd64/jre/lib/jfr.jar:/usr/lib/jvm/java-8-openjdk-amd64/jre/classes"/>
    <property name="java.vendor" value="Oracle Corporation"/>
    <property name="enforcer.skip" value="true"/>
    <property name="rat.skip" value="true"/>
    <property name="maven.home" value="/usr/share/maven"/>
    <property name="file.separator" value="/"/>
    <property name="java.vendor.url.bug" value="http://bugreport.sun.com/bugreport/"/>
    <property name="sun.cpu.endian" value="little"/>
    <property name="sun.io.unicode.encoding" value="UnicodeLittle"/>
    <property name="sun.cpu.isalist" value=""/>
  </properties>
  <testcase name="testFourNodeSequentialEvent" classname="io.atomix.protocols.raft.RaftTest" time="4.451"/>
  <testcase name="testCrashRecover" classname="io.atomix.protocols.raft.RaftTest" time="72.106"/>
  <testcase name="testSequenceBoundedLinearizableOperations" classname="io.atomix.protocols.raft.RaftTest" time="3.938"/>
  <testcase name="testThreeOfFourNodeSubmitCommand" classname="io.atomix.protocols.raft.RaftTest" time="2.637"/>
  <testcase name="testFourNodeSubmitQueryWithLinearizableConsistency" classname="io.atomix.protocols.raft.RaftTest" time="3.992"/>
  <testcase name="testOneNodeEvents" classname="io.atomix.protocols.raft.RaftTest" time="1.615"/>
  <testcase name="testThreeNodesManyEventsAfterLeaderShutdown" classname="io.atomix.protocols.raft.RaftTest" time="9.741"/>
  <testcase name="testClientKeepAlive" classname="io.atomix.protocols.raft.RaftTest" time="14.203"/>
  <testcase name="testFiveNodeManySessionsManyEvents" classname="io.atomix.protocols.raft.RaftTest" time="9.676"/>
  <testcase name="testFourNodeEvents" classname="io.atomix.protocols.raft.RaftTest" time="4.871"/>
  <testcase name="testPassiveJoinEvent" classname="io.atomix.protocols.raft.RaftTest" time="4.372"/>
  <testcase name="testSessionMetadata" classname="io.atomix.protocols.raft.RaftTest" time="3.082"/>
  <testcase name="testFiveNodeSequentialEvent" classname="io.atomix.protocols.raft.RaftTest" time="4.47"/>
  <testcase name="testServerLeave" classname="io.atomix.protocols.raft.RaftTest" time="4.033"/>
  <testcase name="testOneNodeSubmitQueryWithSequentialConsistency" classname="io.atomix.protocols.raft.RaftTest" time="1.849"/>
  <testcase name="testFourNodeSubmitQueryWithSequentialConsistency" classname="io.atomix.protocols.raft.RaftTest" time="3.649"/>
  <testcase name="testBlockOnEvent" classname="io.atomix.protocols.raft.RaftTest" time="2.766"/>
  <testcase name="testDemoteLeader" classname="io.atomix.protocols.raft.RaftTest" time="5.033"/>
  <testcase name="testTwoOfThreeNodeSubmitCommand" classname="io.atomix.protocols.raft.RaftTest" time="4.647"/>
  <testcase name="testOneNodeCloseEvent" classname="io.atomix.protocols.raft.RaftTest" time="2.214"/>
  <testcase name="testOneNodeSequentialEvent" classname="io.atomix.protocols.raft.RaftTest" time="2.703"/>
  <testcase name="testThreeNodeSubmitCommand" classname="io.atomix.protocols.raft.RaftTest" time="2.649"/>
  <testcase name="testActiveJoinLate" classname="io.atomix.protocols.raft.RaftTest" time="18.464">
    <error message="Test timed out while waiting for an expected result" type="java.util.concurrent.TimeoutException">java.util.concurrent.TimeoutException: Test timed out while waiting for an expected result
	at net.jodah.concurrentunit.Waiter.await(Waiter.java:168)
	at net.jodah.concurrentunit.Waiter.await(Waiter.java:115)
	at net.jodah.concurrentunit.ConcurrentTestCase.await(ConcurrentTestCase.java:98)
	at io.atomix.protocols.raft.RaftTest.testServerJoinLate(RaftTest.java:202)
	at io.atomix.protocols.raft.RaftTest.testActiveJoinLate(RaftTest.java:183)
</error>
    <system-out><![CDATA[02:53:12.596 [main] DEBUG i.a.storage.journal.SegmentedJournal - Created disk segment: JournalSegment{id=1, version=1, index=1, size=64}
02:53:12.597 [main] TRACE i.a.p.raft.storage.system.MetaStore - Store configuration Configuration{index=0, time=2018-06-09 02:53:12,597, members=[DefaultRaftMember{id=1, type=ACTIVE, updated=2018-06-09T00:53:12.597Z}, DefaultRaftMember{id=3, type=ACTIVE, updated=2018-06-09T00:53:12.597Z}, DefaultRaftMember{id=2, type=ACTIVE, updated=2018-06-09T00:53:12.597Z}]}
02:53:12.623 [raft-server-1] INFO  i.a.protocols.raft.impl.RaftContext - RaftServer{1} - Transitioning to FOLLOWER
02:53:12.624 [raft-server-1] DEBUG i.a.p.r.c.impl.RaftClusterContext - RaftServer{1} - Attempting to join via 3
02:53:12.624 [raft-server-1] TRACE i.a.p.r.c.impl.RaftClusterContext - RaftServer{1} - Cancelling join timeout
02:53:12.624 [raft-server-1] DEBUG i.a.p.r.c.impl.RaftClusterContext - RaftServer{1} - Failed to join 3
02:53:12.624 [raft-server-1] DEBUG i.a.p.r.c.impl.RaftClusterContext - RaftServer{1} - Attempting to join via 2
02:53:12.624 [raft-server-1] TRACE i.a.p.r.c.impl.RaftClusterContext - RaftServer{1} - Cancelling join timeout
02:53:12.624 [raft-server-1] DEBUG i.a.p.r.c.impl.RaftClusterContext - RaftServer{1} - Failed to join 2
02:53:12.624 [raft-server-1] DEBUG i.a.p.r.c.impl.RaftClusterContext - RaftServer{1} - Failed to join cluster, retrying...
02:53:12.908 [main] DEBUG i.a.storage.journal.SegmentedJournal - Created disk segment: JournalSegment{id=1, version=1, index=1, size=64}
02:53:12.909 [main] TRACE i.a.p.raft.storage.system.MetaStore - Store configuration Configuration{index=0, time=2018-06-09 02:53:12,909, members=[DefaultRaftMember{id=1, type=ACTIVE, updated=2018-06-09T00:53:12.909Z}, DefaultRaftMember{id=3, type=ACTIVE, updated=2018-06-09T00:53:12.909Z}, DefaultRaftMember{id=2, type=ACTIVE, updated=2018-06-09T00:53:12.909Z}]}
02:53:12.941 [raft-server-2] INFO  i.a.protocols.raft.impl.RaftContext - RaftServer{2} - Transitioning to FOLLOWER
02:53:12.942 [raft-server-2] DEBUG i.a.p.r.c.impl.RaftClusterContext - RaftServer{2} - Attempting to join via 1
02:53:12.942 [raft-server-1] TRACE i.a.p.raft.roles.FollowerRole - RaftServer{1}{role=FOLLOWER} - Received JoinRequest{member=DefaultRaftMember{id=2, type=ACTIVE, updated=2018-06-09T00:53:12.909Z}}
02:53:12.942 [raft-server-1] TRACE i.a.p.raft.roles.FollowerRole - RaftServer{1}{role=FOLLOWER} - Sending JoinResponse{status=ERROR, error=RaftError{type=NO_LEADER, message=null}}
02:53:12.942 [raft-server-2] TRACE i.a.p.r.c.impl.RaftClusterContext - RaftServer{2} - Cancelling join timeout
02:53:12.942 [raft-server-2] DEBUG i.a.p.r.c.impl.RaftClusterContext - RaftServer{2} - Failed to join 1
02:53:12.942 [raft-server-2] DEBUG i.a.p.r.c.impl.RaftClusterContext - RaftServer{2} - Attempting to join via 3
02:53:12.942 [raft-server-2] TRACE i.a.p.r.c.impl.RaftClusterContext - RaftServer{2} - Cancelling join timeout
02:53:12.942 [raft-server-2] DEBUG i.a.p.r.c.impl.RaftClusterContext - RaftServer{2} - Failed to join 3
02:53:12.942 [raft-server-2] DEBUG i.a.p.r.c.impl.RaftClusterContext - RaftServer{2} - Failed to join cluster, retrying...
02:53:13.205 [main] DEBUG i.a.storage.journal.SegmentedJournal - Created disk segment: JournalSegment{id=1, version=1, index=1, size=64}
02:53:13.205 [main] TRACE i.a.p.raft.storage.system.MetaStore - Store configuration Configuration{index=0, time=2018-06-09 02:53:13,205, members=[DefaultRaftMember{id=1, type=ACTIVE, updated=2018-06-09T00:53:13.205Z}, DefaultRaftMember{id=3, type=ACTIVE, updated=2018-06-09T00:53:13.205Z}, DefaultRaftMember{id=2, type=ACTIVE, updated=2018-06-09T00:53:13.205Z}]}
02:53:13.232 [raft-server-3] INFO  i.a.protocols.raft.impl.RaftContext - RaftServer{3} - Transitioning to FOLLOWER
02:53:13.232 [raft-server-3] DEBUG i.a.p.r.c.impl.RaftClusterContext - RaftServer{3} - Attempting to join via 1
02:53:13.233 [raft-server-1] TRACE i.a.p.raft.roles.FollowerRole - RaftServer{1}{role=FOLLOWER} - Received JoinRequest{member=DefaultRaftMember{id=3, type=ACTIVE, updated=2018-06-09T00:53:13.205Z}}
02:53:13.233 [raft-server-1] TRACE i.a.p.raft.roles.FollowerRole - RaftServer{1}{role=FOLLOWER} - Sending JoinResponse{status=ERROR, error=RaftError{type=NO_LEADER, message=null}}
02:53:13.233 [raft-server-3] TRACE i.a.p.r.c.impl.RaftClusterContext - RaftServer{3} - Cancelling join timeout
02:53:13.233 [raft-server-3] DEBUG i.a.p.r.c.impl.RaftClusterContext - RaftServer{3} - Failed to join 1
02:53:13.233 [raft-server-3] DEBUG i.a.p.r.c.impl.RaftClusterContext - RaftServer{3} - Attempting to join via 2
02:53:13.233 [raft-server-2] TRACE i.a.p.raft.roles.FollowerRole - RaftServer{2}{role=FOLLOWER} - Received JoinRequest{member=DefaultRaftMember{id=3, type=ACTIVE, updated=2018-06-09T00:53:13.205Z}}
02:53:13.233 [raft-server-2] TRACE i.a.p.raft.roles.FollowerRole - RaftServer{2}{role=FOLLOWER} - Sending JoinResponse{status=ERROR, error=RaftError{type=NO_LEADER, message=null}}
02:53:13.233 [raft-server-3] TRACE i.a.p.r.c.impl.RaftClusterContext - RaftServer{3} - Cancelling join timeout
02:53:13.233 [raft-server-3] DEBUG i.a.p.r.c.impl.RaftClusterContext - RaftServer{3} - Failed to join 2
02:53:13.233 [raft-server-3] DEBUG i.a.p.r.c.impl.RaftClusterContext - RaftServer{3} - Failed to join cluster, retrying...
02:53:13.825 [raft-server-1] DEBUG i.a.p.raft.roles.FollowerRole - RaftServer{1}{role=FOLLOWER} - Heartbeat timed out in PT1.201S
02:53:13.825 [raft-server-1] DEBUG i.a.p.raft.roles.FollowerRole - RaftServer{1}{role=FOLLOWER} - Polling members [DefaultRaftMember{id=3, type=ACTIVE, updated=2018-06-09T00:53:12.597Z}, DefaultRaftMember{id=2, type=ACTIVE, updated=2018-06-09T00:53:12.597Z}]
02:53:13.825 [raft-server-1] DEBUG i.a.p.raft.roles.FollowerRole - RaftServer{1}{role=FOLLOWER} - Polling DefaultRaftMember{id=3, type=ACTIVE, updated=2018-06-09T00:53:12.597Z} for next term 1
02:53:13.825 [raft-server-1] DEBUG i.a.p.raft.roles.FollowerRole - RaftServer{1}{role=FOLLOWER} - Polling DefaultRaftMember{id=2, type=ACTIVE, updated=2018-06-09T00:53:12.597Z} for next term 1
02:53:13.825 [raft-server-3] TRACE i.a.p.raft.roles.FollowerRole - RaftServer{3}{role=FOLLOWER} - Received PollRequest{term=0, candidate=1, lastLogIndex=0, lastLogTerm=0}
02:53:13.826 [raft-server-3] DEBUG i.a.p.raft.roles.FollowerRole - RaftServer{3}{role=FOLLOWER} - Accepted PollRequest{term=0, candidate=1, lastLogIndex=0, lastLogTerm=0}: candidate's log is up-to-date
02:53:13.826 [raft-server-2] TRACE i.a.p.raft.roles.FollowerRole - RaftServer{2}{role=FOLLOWER} - Received PollRequest{term=0, candidate=1, lastLogIndex=0, lastLogTerm=0}
02:53:13.826 [raft-server-3] TRACE i.a.p.raft.roles.FollowerRole - RaftServer{3}{role=FOLLOWER} - Sending PollResponse{status=OK, term=0, accepted=true}
02:53:13.826 [raft-server-2] DEBUG i.a.p.raft.roles.FollowerRole - RaftServer{2}{role=FOLLOWER} - Accepted PollRequest{term=0, candidate=1, lastLogIndex=0, lastLogTerm=0}: candidate's log is up-to-date
02:53:13.826 [raft-server-2] TRACE i.a.p.raft.roles.FollowerRole - RaftServer{2}{role=FOLLOWER} - Sending PollResponse{status=OK, term=0, accepted=true}
02:53:13.826 [raft-server-1] DEBUG i.a.p.raft.roles.FollowerRole - RaftServer{1}{role=FOLLOWER} - Received accepted poll from DefaultRaftMember{id=3, type=ACTIVE, updated=2018-06-09T00:53:12.597Z}
02:53:13.826 [raft-server-1] INFO  i.a.protocols.raft.impl.RaftContext - RaftServer{1} - Transitioning to CANDIDATE
02:53:13.826 [raft-server-1] TRACE i.a.p.raft.roles.FollowerRole - RaftServer{1}{role=FOLLOWER} - Cancelling heartbeat timer
02:53:13.826 [raft-server-1] INFO  i.a.p.raft.roles.CandidateRole - RaftServer{1}{role=CANDIDATE} - Starting election
02:53:13.826 [raft-server-1] TRACE i.a.p.raft.storage.system.MetaStore - Store term 1
02:53:13.848 [raft-server-1] TRACE i.a.p.raft.storage.system.MetaStore - Store vote null
02:53:13.873 [raft-server-1] DEBUG i.a.protocols.raft.impl.RaftContext - RaftServer{1} - Set term 1
02:53:13.873 [raft-server-1] TRACE i.a.p.raft.storage.system.MetaStore - Store vote 1
02:53:13.898 [raft-server-1] DEBUG i.a.protocols.raft.impl.RaftContext - RaftServer{1} - Voted for 1
02:53:13.899 [raft-server-1] DEBUG i.a.p.raft.roles.CandidateRole - RaftServer{1}{role=CANDIDATE} - Requesting votes for term 1
02:53:13.899 [raft-server-1] DEBUG i.a.p.raft.roles.CandidateRole - RaftServer{1}{role=CANDIDATE} - Requesting vote from DefaultRaftMember{id=3, type=ACTIVE, updated=2018-06-09T00:53:12.597Z} for term 1
02:53:13.899 [raft-server-1] DEBUG i.a.p.raft.roles.CandidateRole - RaftServer{1}{role=CANDIDATE} - Requesting vote from DefaultRaftMember{id=2, type=ACTIVE, updated=2018-06-09T00:53:12.597Z} for term 1
02:53:13.899 [raft-server-3] TRACE i.a.p.raft.roles.FollowerRole - RaftServer{3}{role=FOLLOWER} - Received VoteRequest{term=1, candidate=1, lastLogIndex=0, lastLogTerm=0}
02:53:13.899 [raft-server-2] TRACE i.a.p.raft.roles.FollowerRole - RaftServer{2}{role=FOLLOWER} - Received VoteRequest{term=1, candidate=1, lastLogIndex=0, lastLogTerm=0}
02:53:13.899 [raft-server-3] TRACE i.a.p.raft.storage.system.MetaStore - Store term 1
02:53:13.899 [raft-server-2] TRACE i.a.p.raft.storage.system.MetaStore - Store term 1
02:53:13.923 [raft-server-3] TRACE i.a.p.raft.storage.system.MetaStore - Store vote null
02:53:13.923 [raft-server-2] TRACE i.a.p.raft.storage.system.MetaStore - Store vote null
02:53:13.990 [raft-server-2] DEBUG i.a.protocols.raft.impl.RaftContext - RaftServer{2} - Set term 1
02:53:13.990 [raft-server-3] DEBUG i.a.protocols.raft.impl.RaftContext - RaftServer{3} - Set term 1
02:53:13.990 [raft-server-2] DEBUG i.a.p.raft.roles.FollowerRole - RaftServer{2}{role=FOLLOWER} - Accepted VoteRequest{term=1, candidate=1, lastLogIndex=0, lastLogTerm=0}: candidate's log is up-to-date
02:53:13.990 [raft-server-3] DEBUG i.a.p.raft.roles.FollowerRole - RaftServer{3}{role=FOLLOWER} - Accepted VoteRequest{term=1, candidate=1, lastLogIndex=0, lastLogTerm=0}: candidate's log is up-to-date
02:53:13.990 [raft-server-2] TRACE i.a.p.raft.storage.system.MetaStore - Store vote 1
02:53:13.991 [raft-server-3] TRACE i.a.p.raft.storage.system.MetaStore - Store vote 1
02:53:14.063 [raft-server-2] DEBUG i.a.protocols.raft.impl.RaftContext - RaftServer{2} - Voted for 1
02:53:14.063 [raft-server-3] DEBUG i.a.protocols.raft.impl.RaftContext - RaftServer{3} - Voted for 1
02:53:14.063 [raft-server-2] TRACE i.a.p.raft.roles.FollowerRole - RaftServer{2}{role=FOLLOWER} - Sending VoteResponse{status=OK, term=1, voted=true}
02:53:14.063 [raft-server-3] TRACE i.a.p.raft.roles.FollowerRole - RaftServer{3}{role=FOLLOWER} - Sending VoteResponse{status=OK, term=1, voted=true}
02:53:14.063 [raft-server-1] DEBUG i.a.p.raft.roles.CandidateRole - RaftServer{1}{role=CANDIDATE} - Received successful vote from DefaultRaftMember{id=2, type=ACTIVE, updated=2018-06-09T00:53:12.597Z}
02:53:14.063 [raft-server-1] INFO  i.a.protocols.raft.impl.RaftContext - RaftServer{1} - Transitioning to LEADER
02:53:14.063 [raft-server-1] DEBUG i.a.p.raft.roles.CandidateRole - RaftServer{1}{role=CANDIDATE} - Cancelling election
02:53:14.063 [raft-server-1] INFO  i.a.protocols.raft.impl.RaftContext - RaftServer{1} - Found leader 1
02:53:14.063 [raft-server-1] TRACE i.a.p.raft.storage.system.MetaStore - Store vote null
02:53:14.133 [raft-server-1] TRACE i.a.protocols.raft.roles.LeaderRole - RaftServer{1}{role=LEADER} - Appended Indexed{index=1, entry=InitializeEntry{term=1, timestamp=2018-06-09 02:53:14,063}}
02:53:14.133 [raft-server-1] DEBUG i.a.p.raft.roles.LeaderAppender - RaftServer{1} - Configuring 3
02:53:14.133 [raft-server-1] TRACE i.a.p.raft.roles.LeaderAppender - RaftServer{1} - Sending ConfigureRequest{term=1, leader=1, index=0, timestamp=1528505592597, members=[DefaultRaftMember{id=1, type=ACTIVE, updated=2018-06-09T00:53:12.597Z}, DefaultRaftMember{id=3, type=ACTIVE, updated=2018-06-09T00:53:12.597Z}, DefaultRaftMember{id=2, type=ACTIVE, updated=2018-06-09T00:53:12.597Z}]} to 3
02:53:14.133 [raft-server-1] DEBUG i.a.p.raft.roles.LeaderAppender - RaftServer{1} - Configuring 2
02:53:14.133 [raft-server-1] TRACE i.a.p.raft.roles.LeaderAppender - RaftServer{1} - Sending ConfigureRequest{term=1, leader=1, index=0, timestamp=1528505592597, members=[DefaultRaftMember{id=1, type=ACTIVE, updated=2018-06-09T00:53:12.597Z}, DefaultRaftMember{id=3, type=ACTIVE, updated=2018-06-09T00:53:12.597Z}, DefaultRaftMember{id=2, type=ACTIVE, updated=2018-06-09T00:53:12.597Z}]} to 2
02:53:14.133 [raft-server-3] TRACE i.a.p.raft.roles.FollowerRole - RaftServer{3}{role=FOLLOWER} - Received ConfigureRequest{term=1, leader=1, index=0, timestamp=1528505592597, members=[DefaultRaftMember{id=1, type=ACTIVE, updated=2018-06-09T00:53:12.597Z}, DefaultRaftMember{id=3, type=ACTIVE, updated=2018-06-09T00:53:12.597Z}, DefaultRaftMember{id=2, type=ACTIVE, updated=2018-06-09T00:53:12.597Z}]}
02:53:14.133 [raft-server-3] INFO  i.a.protocols.raft.impl.RaftContext - RaftServer{3} - Found leader 1
02:53:14.133 [raft-server-3] TRACE i.a.p.raft.storage.system.MetaStore - Store vote null
02:53:14.133 [raft-server-2] TRACE i.a.p.raft.roles.FollowerRole - RaftServer{2}{role=FOLLOWER} - Received ConfigureRequest{term=1, leader=1, index=0, timestamp=1528505592597, members=[DefaultRaftMember{id=1, type=ACTIVE, updated=2018-06-09T00:53:12.597Z}, DefaultRaftMember{id=3, type=ACTIVE, updated=2018-06-09T00:53:12.597Z}, DefaultRaftMember{id=2, type=ACTIVE, updated=2018-06-09T00:53:12.597Z}]}
02:53:14.133 [raft-server-2] INFO  i.a.protocols.raft.impl.RaftContext - RaftServer{2} - Found leader 1
02:53:14.133 [raft-server-1] TRACE i.a.protocols.raft.roles.LeaderRole - RaftServer{1}{role=LEADER} - Starting append timer
02:53:14.133 [raft-server-2] TRACE i.a.p.raft.storage.system.MetaStore - Store vote null
02:53:14.133 [raft-server-1] TRACE i.a.p.r.c.impl.RaftClusterContext - RaftServer{1} - Cancelling join timeout
02:53:14.133 [raft-server-1] DEBUG i.a.p.r.c.impl.RaftClusterContext - RaftServer{1} - Attempting to join via 3
02:53:14.134 [raft-server-1] TRACE i.a.p.raft.roles.LeaderAppender - RaftServer{1} - Sending AppendRequest{term=1, leader=1, prevLogIndex=0, prevLogTerm=0, entries=0, commitIndex=0} to 3
02:53:14.134 [raft-server-1] TRACE i.a.p.raft.roles.LeaderAppender - RaftServer{1} - Sending AppendRequest{term=1, leader=1, prevLogIndex=0, prevLogTerm=0, entries=0, commitIndex=0} to 2
02:53:14.199 [raft-server-3] TRACE i.a.p.raft.roles.FollowerRole - RaftServer{3}{role=FOLLOWER} - Sending ConfigureResponse{status=OK}
02:53:14.199 [raft-server-1] TRACE i.a.p.raft.roles.LeaderAppender - RaftServer{1} - Received ConfigureResponse{status=OK} from 3
02:53:14.199 [raft-server-3] TRACE i.a.p.raft.roles.FollowerRole - RaftServer{3}{role=FOLLOWER} - Received JoinRequest{member=DefaultRaftMember{id=1, type=ACTIVE, updated=2018-06-09T00:53:12.597Z}}
02:53:14.199 [raft-server-1] TRACE i.a.protocols.raft.roles.LeaderRole - RaftServer{1}{role=LEADER} - Received JoinRequest{member=DefaultRaftMember{id=1, type=ACTIVE, updated=2018-06-09T00:53:12.597Z}}
02:53:14.199 [raft-server-3] TRACE i.a.p.raft.roles.FollowerRole - RaftServer{3}{role=FOLLOWER} - Received AppendRequest{term=1, leader=1, prevLogIndex=0, prevLogTerm=0, entries=0, commitIndex=0}
02:53:14.199 [raft-server-1] TRACE i.a.protocols.raft.roles.LeaderRole - RaftServer{1}{role=LEADER} - Sending JoinResponse{status=ERROR, error=null}
02:53:14.199 [raft-server-3] TRACE i.a.p.raft.roles.FollowerRole - RaftServer{3}{role=FOLLOWER} - Sending AppendResponse{status=OK, term=1, succeeded=true, lastLogIndex=0}
02:53:14.199 [raft-server-1] TRACE i.a.p.raft.roles.LeaderAppender - RaftServer{1} - Received AppendResponse{status=OK, term=1, succeeded=true, lastLogIndex=0} from 3
02:53:14.199 [raft-server-3] TRACE i.a.p.raft.roles.FollowerRole - RaftServer{3}{role=FOLLOWER} - Sending JoinResponse{status=ERROR, error=null}
02:53:14.199 [raft-server-1] TRACE i.a.p.raft.roles.LeaderAppender - RaftServer{1} - Sending AppendRequest{term=1, leader=1, prevLogIndex=0, prevLogTerm=0, entries=1, commitIndex=0} to 3
02:53:14.199 [raft-server-3] TRACE i.a.p.raft.roles.FollowerRole - RaftServer{3}{role=FOLLOWER} - Received AppendRequest{term=1, leader=1, prevLogIndex=0, prevLogTerm=0, entries=1, commitIndex=0}
02:53:14.199 [raft-server-1] TRACE i.a.p.r.c.impl.RaftClusterContext - RaftServer{1} - Cancelling join timeout
02:53:14.199 [raft-server-3] DEBUG i.a.p.raft.roles.FollowerRole - RaftServer{3}{role=FOLLOWER} - Reset first index to 1
02:53:14.200 [raft-server-1] DEBUG i.a.p.r.c.impl.RaftClusterContext - RaftServer{1} - Failed to join 3
02:53:14.200 [raft-server-3] TRACE i.a.p.raft.roles.FollowerRole - RaftServer{3}{role=FOLLOWER} - Appended Indexed{index=1, entry=InitializeEntry{term=1, timestamp=2018-06-09 02:53:14,063}}
02:53:14.200 [raft-server-3] TRACE i.a.p.raft.roles.FollowerRole - RaftServer{3}{role=FOLLOWER} - Sending AppendResponse{status=OK, term=1, succeeded=true, lastLogIndex=1}
02:53:14.200 [raft-server-1] TRACE i.a.p.raft.roles.LeaderAppender - RaftServer{1} - Received AppendResponse{status=OK, term=1, succeeded=true, lastLogIndex=1} from 3
02:53:14.200 [raft-server-1] TRACE i.a.p.raft.roles.LeaderAppender - RaftServer{1} - Committed entries up to 1
02:53:14.274 [raft-server-2] TRACE i.a.p.raft.roles.FollowerRole - RaftServer{2}{role=FOLLOWER} - Sending ConfigureResponse{status=OK}
02:53:14.274 [raft-server-2] TRACE i.a.p.raft.roles.FollowerRole - RaftServer{2}{role=FOLLOWER} - Received AppendRequest{term=1, leader=1, prevLogIndex=0, prevLogTerm=0, entries=0, commitIndex=0}
02:53:14.274 [raft-server-2] TRACE i.a.p.raft.roles.FollowerRole - RaftServer{2}{role=FOLLOWER} - Sending AppendResponse{status=OK, term=1, succeeded=true, lastLogIndex=0}
02:53:14.332 [raft-server-1] TRACE i.a.p.raft.roles.LeaderAppender - RaftServer{1} - Received ConfigureResponse{status=OK} from 2
02:53:14.332 [raft-server-1] TRACE i.a.p.raft.roles.LeaderAppender - RaftServer{1} - Received AppendResponse{status=OK, term=1, succeeded=true, lastLogIndex=0} from 2
02:53:14.332 [raft-server-1] TRACE i.a.p.raft.roles.LeaderAppender - RaftServer{1} - Sending AppendRequest{term=1, leader=1, prevLogIndex=0, prevLogTerm=0, entries=1, commitIndex=1} to 2
02:53:14.332 [raft-server-2] TRACE i.a.p.raft.roles.FollowerRole - RaftServer{2}{role=FOLLOWER} - Received AppendRequest{term=1, leader=1, prevLogIndex=0, prevLogTerm=0, entries=1, commitIndex=1}
02:53:14.332 [raft-server-2] DEBUG i.a.p.raft.roles.FollowerRole - RaftServer{2}{role=FOLLOWER} - Reset first index to 1
02:53:14.332 [raft-server-1-state] TRACE i.a.p.raft.impl.RaftServiceManager - RaftServer{1} - Applying Indexed{index=1, entry=InitializeEntry{term=1, timestamp=2018-06-09 02:53:14,063}}
02:53:14.332 [raft-server-2] TRACE i.a.p.raft.roles.FollowerRole - RaftServer{2}{role=FOLLOWER} - Appended Indexed{index=1, entry=InitializeEntry{term=1, timestamp=2018-06-09 02:53:14,063}}
02:53:14.384 [raft-server-1] TRACE i.a.p.raft.roles.LeaderAppender - RaftServer{1} - Sending AppendRequest{term=1, leader=1, prevLogIndex=1, prevLogTerm=1, entries=0, commitIndex=1} to 3
02:53:14.384 [raft-server-3] TRACE i.a.p.raft.roles.FollowerRole - RaftServer{3}{role=FOLLOWER} - Received AppendRequest{term=1, leader=1, prevLogIndex=1, prevLogTerm=1, entries=0, commitIndex=1}
02:53:14.413 [raft-server-2] TRACE i.a.p.raft.roles.FollowerRole - RaftServer{2}{role=FOLLOWER} - Committed entries up to index 1
02:53:14.413 [raft-server-2] TRACE i.a.p.raft.roles.FollowerRole - RaftServer{2}{role=FOLLOWER} - Sending AppendResponse{status=OK, term=1, succeeded=true, lastLogIndex=1}
02:53:14.413 [raft-server-1] TRACE i.a.p.raft.roles.LeaderAppender - RaftServer{1} - Received AppendResponse{status=OK, term=1, succeeded=true, lastLogIndex=1} from 2
02:53:14.413 [raft-server-2-state] TRACE i.a.p.raft.impl.RaftServiceManager - RaftServer{2} - Applying Indexed{index=1, entry=InitializeEntry{term=1, timestamp=2018-06-09 02:53:14,063}}
02:53:14.413 [raft-server-1] TRACE i.a.p.raft.roles.LeaderAppender - RaftServer{1} - Sending AppendRequest{term=1, leader=1, prevLogIndex=1, prevLogTerm=1, entries=0, commitIndex=1} to 2
02:53:14.413 [raft-server-2] TRACE i.a.p.raft.roles.FollowerRole - RaftServer{2}{role=FOLLOWER} - Received AppendRequest{term=1, leader=1, prevLogIndex=1, prevLogTerm=1, entries=0, commitIndex=1}
02:53:14.413 [raft-server-2] TRACE i.a.p.raft.roles.FollowerRole - RaftServer{2}{role=FOLLOWER} - Sending AppendResponse{status=OK, term=1, succeeded=true, lastLogIndex=1}
02:53:14.414 [raft-server-1] TRACE i.a.p.raft.roles.LeaderAppender - RaftServer{1} - Received AppendResponse{status=OK, term=1, succeeded=true, lastLogIndex=1} from 2
02:53:14.442 [raft-server-2] TRACE i.a.p.r.c.impl.RaftClusterContext - RaftServer{2} - Cancelling join timeout
02:53:14.443 [raft-server-2] DEBUG i.a.p.r.c.impl.RaftClusterContext - RaftServer{2} - Attempting to join via 1
02:53:14.443 [raft-server-1] TRACE i.a.protocols.raft.roles.LeaderRole - RaftServer{1}{role=LEADER} - Received JoinRequest{member=DefaultRaftMember{id=2, type=ACTIVE, updated=2018-06-09T00:53:12.909Z}}
02:53:14.443 [raft-server-1] TRACE i.a.protocols.raft.roles.LeaderRole - RaftServer{1}{role=LEADER} - Sending JoinResponse{status=OK, index=0, term=0, timestamp=1528505592597, members=[DefaultRaftMember{id=1, type=ACTIVE, updated=2018-06-09T00:53:12.597Z}, DefaultRaftMember{id=3, type=ACTIVE, updated=2018-06-09T00:53:12.597Z}, DefaultRaftMember{id=2, type=ACTIVE, updated=2018-06-09T00:53:12.597Z}]}
02:53:14.443 [raft-server-2] TRACE i.a.p.r.c.impl.RaftClusterContext - RaftServer{2} - Cancelling join timeout
02:53:14.443 [raft-server-2] INFO  i.a.p.r.c.impl.RaftClusterContext - RaftServer{2} - Successfully joined via 1
02:53:14.443 [raft-server-2] INFO  i.a.p.raft.impl.DefaultRaftServer - RaftServer{2} - Server started successfully!
02:53:14.473 [raft-server-3] TRACE i.a.p.raft.roles.FollowerRole - RaftServer{3}{role=FOLLOWER} - Committed entries up to index 1
02:53:14.473 [raft-server-3] TRACE i.a.p.raft.roles.FollowerRole - RaftServer{3}{role=FOLLOWER} - Sending AppendResponse{status=OK, term=1, succeeded=true, lastLogIndex=1}
02:53:14.474 [raft-server-1] TRACE i.a.p.raft.roles.LeaderAppender - RaftServer{1} - Received AppendResponse{status=OK, term=1, succeeded=true, lastLogIndex=1} from 3
02:53:14.474 [raft-server-3-state] TRACE i.a.p.raft.impl.RaftServiceManager - RaftServer{3} - Applying Indexed{index=1, entry=InitializeEntry{term=1, timestamp=2018-06-09 02:53:14,063}}
02:53:14.634 [raft-server-1] TRACE i.a.p.raft.roles.LeaderAppender - RaftServer{1} - Sending AppendRequest{term=1, leader=1, prevLogIndex=1, prevLogTerm=1, entries=0, commitIndex=1} to 3
02:53:14.634 [raft-server-1] TRACE i.a.p.raft.roles.LeaderAppender - RaftServer{1} - Sending AppendRequest{term=1, leader=1, prevLogIndex=1, prevLogTerm=1, entries=0, commitIndex=1} to 2
02:53:14.634 [raft-server-2] TRACE i.a.p.raft.roles.FollowerRole - RaftServer{2}{role=FOLLOWER} - Received AppendRequest{term=1, leader=1, prevLogIndex=1, prevLogTerm=1, entries=0, commitIndex=1}
02:53:14.634 [raft-server-3] TRACE i.a.p.raft.roles.FollowerRole - RaftServer{3}{role=FOLLOWER} - Received AppendRequest{term=1, leader=1, prevLogIndex=1, prevLogTerm=1, entries=0, commitIndex=1}
02:53:14.634 [raft-server-2] TRACE i.a.p.raft.roles.FollowerRole - RaftServer{2}{role=FOLLOWER} - Sending AppendResponse{status=OK, term=1, succeeded=true, lastLogIndex=1}
02:53:14.634 [raft-server-3] TRACE i.a.p.raft.roles.FollowerRole - RaftServer{3}{role=FOLLOWER} - Sending AppendResponse{status=OK, term=1, succeeded=true, lastLogIndex=1}
02:53:14.634 [raft-server-1] TRACE i.a.p.raft.roles.LeaderAppender - RaftServer{1} - Received AppendResponse{status=OK, term=1, succeeded=true, lastLogIndex=1} from 2
02:53:14.634 [raft-server-1] TRACE i.a.p.raft.roles.LeaderAppender - RaftServer{1} - Sending AppendRequest{term=1, leader=1, prevLogIndex=1, prevLogTerm=1, entries=0, commitIndex=1} to 2
02:53:14.634 [raft-server-1] TRACE i.a.p.raft.roles.LeaderAppender - RaftServer{1} - Received AppendResponse{status=OK, term=1, succeeded=true, lastLogIndex=1} from 3
02:53:14.634 [raft-server-2] TRACE i.a.p.raft.roles.FollowerRole - RaftServer{2}{role=FOLLOWER} - Received AppendRequest{term=1, leader=1, prevLogIndex=1, prevLogTerm=1, entries=0, commitIndex=1}
02:53:14.634 [raft-server-1] TRACE i.a.p.raft.roles.LeaderAppender - RaftServer{1} - Sending AppendRequest{term=1, leader=1, prevLogIndex=1, prevLogTerm=1, entries=0, commitIndex=1} to 3
02:53:14.634 [raft-server-2] TRACE i.a.p.raft.roles.FollowerRole - RaftServer{2}{role=FOLLOWER} - Sending AppendResponse{status=OK, term=1, succeeded=true, lastLogIndex=1}
02:53:14.634 [raft-server-3] TRACE i.a.p.raft.roles.FollowerRole - RaftServer{3}{role=FOLLOWER} - Received AppendRequest{term=1, leader=1, prevLogIndex=1, prevLogTerm=1, entries=0, commitIndex=1}
02:53:14.634 [raft-server-1] TRACE i.a.p.raft.roles.LeaderAppender - RaftServer{1} - Received AppendResponse{status=OK, term=1, succeeded=true, lastLogIndex=1} from 2
02:53:14.634 [raft-server-3] TRACE i.a.p.raft.roles.FollowerRole - RaftServer{3}{role=FOLLOWER} - Sending AppendResponse{status=OK, term=1, succeeded=true, lastLogIndex=1}
02:53:14.634 [raft-server-1] TRACE i.a.p.raft.roles.LeaderAppender - RaftServer{1} - Sending AppendRequest{term=1, leader=1, prevLogIndex=1, prevLogTerm=1, entries=0, commitIndex=1} to 2
02:53:14.634 [raft-server-1] TRACE i.a.p.raft.roles.LeaderAppender - RaftServer{1} - Received AppendResponse{status=OK, term=1, succeeded=true, lastLogIndex=1} from 3
02:53:14.634 [raft-server-2] TRACE i.a.p.raft.roles.FollowerRole - RaftServer{2}{role=FOLLOWER} - Received AppendRequest{term=1, leader=1, prevLogIndex=1, prevLogTerm=1, entries=0, commitIndex=1}
02:53:14.634 [raft-server-1] TRACE i.a.p.raft.roles.LeaderAppender - RaftServer{1} - Sending AppendRequest{term=1, leader=1, prevLogIndex=1, prevLogTerm=1, entries=0, commitIndex=1} to 3
02:53:14.634 [raft-server-2] TRACE i.a.p.raft.roles.FollowerRole - RaftServer{2}{role=FOLLOWER} - Sending AppendResponse{status=OK, term=1, succeeded=true, lastLogIndex=1}
02:53:14.634 [raft-server-3] TRACE i.a.p.raft.roles.FollowerRole - RaftServer{3}{role=FOLLOWER} - Received AppendRequest{term=1, leader=1, prevLogIndex=1, prevLogTerm=1, entries=0, commitIndex=1}
02:53:14.634 [raft-server-1] TRACE i.a.p.raft.roles.LeaderAppender - RaftServer{1} - Received AppendResponse{status=OK, term=1, succeeded=true, lastLogIndex=1} from 2
02:53:14.634 [raft-server-3] TRACE i.a.p.raft.roles.FollowerRole - RaftServer{3}{role=FOLLOWER} - Sending AppendResponse{status=OK, term=1, succeeded=true, lastLogIndex=1}
02:53:14.634 [raft-server-1] TRACE i.a.p.raft.roles.LeaderAppender - RaftServer{1} - Sending AppendRequest{term=1, leader=1, prevLogIndex=1, prevLogTerm=1, entries=0, commitIndex=1} to 2
02:53:14.634 [raft-server-1] TRACE i.a.p.raft.roles.LeaderAppender - RaftServer{1} - Received AppendResponse{status=OK, term=1, succeeded=true, lastLogIndex=1} from 3
02:53:14.634 [raft-server-2] TRACE i.a.p.raft.roles.FollowerRole - RaftServer{2}{role=FOLLOWER} - Received AppendRequest{term=1, leader=1, prevLogIndex=1, prevLogTerm=1, entries=0, commitIndex=1}
02:53:14.635 [raft-server-1] TRACE i.a.p.raft.roles.LeaderAppender - RaftServer{1} - Sending AppendRequest{term=1, leader=1, prevLogIndex=1, prevLogTerm=1, entries=0, commitIndex=1} to 3
02:53:14.635 [raft-server-2] TRACE i.a.p.raft.roles.FollowerRole - RaftServer{2}{role=FOLLOWER} - Sending AppendResponse{status=OK, term=1, succeeded=true, lastLogIndex=1}
02:53:14.635 [raft-server-3] TRACE i.a.p.raft.roles.FollowerRole - RaftServer{3}{role=FOLLOWER} - Received AppendRequest{term=1, leader=1, prevLogIndex=1, prevLogTerm=1, entries=0, commitIndex=1}
02:53:14.635 [raft-server-1] TRACE i.a.p.raft.roles.LeaderAppender - RaftServer{1} - Received AppendResponse{status=OK, term=1, succeeded=true, lastLogIndex=1} from 2
02:53:14.635 [raft-server-3] TRACE i.a.p.raft.roles.FollowerRole - RaftServer{3}{role=FOLLOWER} - Sending AppendResponse{status=OK, term=1, succeeded=true, lastLogIndex=1}
02:53:14.635 [raft-server-1] TRACE i.a.p.raft.roles.LeaderAppender - RaftServer{1} - Sending AppendRequest{term=1, leader=1, prevLogIndex=1, prevLogTerm=1, entries=0, commitIndex=1} to 2
02:53:14.635 [raft-server-1] TRACE i.a.p.raft.roles.LeaderAppender - RaftServer{1} - Received AppendResponse{status=OK, term=1, succeeded=true, lastLogIndex=1} from 3
02:53:14.635 [raft-server-2] TRACE i.a.p.raft.roles.FollowerRole - RaftServer{2}{role=FOLLOWER} - Received AppendRequest{term=1, leader=1, prevLogIndex=1, prevLogTerm=1, entries=0, commitIndex=1}
02:53:14.635 [raft-server-2] TRACE i.a.p.raft.roles.FollowerRole - RaftServer{2}{role=FOLLOWER} - Sending AppendResponse{status=OK, term=1, succeeded=true, lastLogIndex=1}
02:53:14.635 [raft-server-1] TRACE i.a.p.raft.roles.LeaderAppender - RaftServer{1} - Received AppendResponse{status=OK, term=1, succeeded=true, lastLogIndex=1} from 2
02:53:14.733 [raft-server-3] TRACE i.a.p.r.c.impl.RaftClusterContext - RaftServer{3} - Cancelling join timeout
02:53:14.733 [raft-server-3] DEBUG i.a.p.r.c.impl.RaftClusterContext - RaftServer{3} - Attempting to join via 1
02:53:14.733 [raft-server-1] TRACE i.a.protocols.raft.roles.LeaderRole - RaftServer{1}{role=LEADER} - Received JoinRequest{member=DefaultRaftMember{id=3, type=ACTIVE, updated=2018-06-09T00:53:13.205Z}}
02:53:14.733 [raft-server-1] TRACE i.a.protocols.raft.roles.LeaderRole - RaftServer{1}{role=LEADER} - Sending JoinResponse{status=OK, index=0, term=0, timestamp=1528505592597, members=[DefaultRaftMember{id=1, type=ACTIVE, updated=2018-06-09T00:53:12.597Z}, DefaultRaftMember{id=3, type=ACTIVE, updated=2018-06-09T00:53:12.597Z}, DefaultRaftMember{id=2, type=ACTIVE, updated=2018-06-09T00:53:12.597Z}]}
02:53:14.733 [raft-server-3] TRACE i.a.p.r.c.impl.RaftClusterContext - RaftServer{3} - Cancelling join timeout
02:53:14.733 [raft-server-3] INFO  i.a.p.r.c.impl.RaftClusterContext - RaftServer{3} - Successfully joined via 1
02:53:14.734 [raft-server-3] INFO  i.a.p.raft.impl.DefaultRaftServer - RaftServer{3} - Server started successfully!
02:53:14.883 [raft-server-1] TRACE i.a.p.raft.roles.LeaderAppender - RaftServer{1} - Sending AppendRequest{term=1, leader=1, prevLogIndex=1, prevLogTerm=1, entries=0, commitIndex=1} to 3
02:53:14.884 [raft-server-1] TRACE i.a.p.raft.roles.LeaderAppender - RaftServer{1} - Sending AppendRequest{term=1, leader=1, prevLogIndex=1, prevLogTerm=1, entries=0, commitIndex=1} to 2
02:53:14.884 [raft-server-2] TRACE i.a.p.raft.roles.FollowerRole - RaftServer{2}{role=FOLLOWER} - Received AppendRequest{term=1, leader=1, prevLogIndex=1, prevLogTerm=1, entries=0, commitIndex=1}
02:53:14.884 [raft-server-3] TRACE i.a.p.raft.roles.FollowerRole - RaftServer{3}{role=FOLLOWER} - Received AppendRequest{term=1, leader=1, prevLogIndex=1, prevLogTerm=1, entries=0, commitIndex=1}
02:53:14.884 [raft-server-2] TRACE i.a.p.raft.roles.FollowerRole - RaftServer{2}{role=FOLLOWER} - Sending AppendResponse{status=OK, term=1, succeeded=true, lastLogIndex=1}
02:53:14.884 [raft-server-3] TRACE i.a.p.raft.roles.FollowerRole - RaftServer{3}{role=FOLLOWER} - Sending AppendResponse{status=OK, term=1, succeeded=true, lastLogIndex=1}
02:53:14.884 [raft-server-1] TRACE i.a.p.raft.roles.LeaderAppender - RaftServer{1} - Received AppendResponse{status=OK, term=1, succeeded=true, lastLogIndex=1} from 2
02:53:14.884 [raft-server-1] TRACE i.a.p.raft.roles.LeaderAppender - RaftServer{1} - Received AppendResponse{status=OK, term=1, succeeded=true, lastLogIndex=1} from 3
02:53:15.134 [raft-server-1] TRACE i.a.p.raft.roles.LeaderAppender - RaftServer{1} - Sending AppendRequest{term=1, leader=1, prevLogIndex=1, prevLogTerm=1, entries=0, commitIndex=1} to 3
02:53:15.134 [raft-server-1] TRACE i.a.p.raft.roles.LeaderAppender - RaftServer{1} - Sending AppendRequest{term=1, leader=1, prevLogIndex=1, prevLogTerm=1, entries=0, commitIndex=1} to 2
02:53:15.134 [raft-server-3] TRACE i.a.p.raft.roles.FollowerRole - RaftServer{3}{role=FOLLOWER} - Received AppendRequest{term=1, leader=1, prevLogIndex=1, prevLogTerm=1, entries=0, commitIndex=1}
02:53:15.134 [raft-server-3] TRACE i.a.p.raft.roles.FollowerRole - RaftServer{3}{role=FOLLOWER} - Sending AppendResponse{status=OK, term=1, succeeded=true, lastLogIndex=1}
02:53:15.134 [raft-server-2] TRACE i.a.p.raft.roles.FollowerRole - RaftServer{2}{role=FOLLOWER} - Received AppendRequest{term=1, leader=1, prevLogIndex=1, prevLogTerm=1, entries=0, commitIndex=1}
02:53:15.134 [raft-server-1] TRACE i.a.p.raft.roles.LeaderAppender - RaftServer{1} - Received AppendResponse{status=OK, term=1, succeeded=true, lastLogIndex=1} from 3
02:53:15.134 [raft-server-2] TRACE i.a.p.raft.roles.FollowerRole - RaftServer{2}{role=FOLLOWER} - Sending AppendResponse{status=OK, term=1, succeeded=true, lastLogIndex=1}
02:53:15.134 [raft-server-1] TRACE i.a.p.raft.roles.LeaderAppender - RaftServer{1} - Sending AppendRequest{term=1, leader=1, prevLogIndex=1, prevLogTerm=1, entries=0, commitIndex=1} to 3
02:53:15.134 [raft-server-1] TRACE i.a.p.raft.roles.LeaderAppender - RaftServer{1} - Received AppendResponse{status=OK, term=1, succeeded=true, lastLogIndex=1} from 2
02:53:15.134 [raft-server-3] TRACE i.a.p.raft.roles.FollowerRole - RaftServer{3}{role=FOLLOWER} - Received AppendRequest{term=1, leader=1, prevLogIndex=1, prevLogTerm=1, entries=0, commitIndex=1}
02:53:15.134 [raft-server-1] TRACE i.a.p.raft.roles.LeaderAppender - RaftServer{1} - Sending AppendRequest{term=1, leader=1, prevLogIndex=1, prevLogTerm=1, entries=0, commitIndex=1} to 2
02:53:15.134 [raft-server-3] TRACE i.a.p.raft.roles.FollowerRole - RaftServer{3}{role=FOLLOWER} - Sending AppendResponse{status=OK, term=1, succeeded=true, lastLogIndex=1}
02:53:15.134 [raft-server-2] TRACE i.a.p.raft.roles.FollowerRole - RaftServer{2}{role=FOLLOWER} - Received AppendRequest{term=1, leader=1, prevLogIndex=1, prevLogTerm=1, entries=0, commitIndex=1}
02:53:15.134 [raft-server-2] TRACE i.a.p.raft.roles.FollowerRole - RaftServer{2}{role=FOLLOWER} - Sending AppendResponse{status=OK, term=1, succeeded=true, lastLogIndex=1}
02:53:15.134 [raft-server-1] TRACE i.a.p.raft.roles.LeaderAppender - RaftServer{1} - Received AppendResponse{status=OK, term=1, succeeded=true, lastLogIndex=1} from 3
02:53:15.134 [raft-server-1] TRACE i.a.p.raft.roles.LeaderAppender - RaftServer{1} - Sending AppendRequest{term=1, leader=1, prevLogIndex=1, prevLogTerm=1, entries=0, commitIndex=1} to 3
02:53:15.134 [raft-server-1] TRACE i.a.p.raft.roles.LeaderAppender - RaftServer{1} - Received AppendResponse{status=OK, term=1, succeeded=true, lastLogIndex=1} from 2
02:53:15.134 [raft-server-3] TRACE i.a.p.raft.roles.FollowerRole - RaftServer{3}{role=FOLLOWER} - Received AppendRequest{term=1, leader=1, prevLogIndex=1, prevLogTerm=1, entries=0, commitIndex=1}
02:53:15.134 [raft-server-1] TRACE i.a.p.raft.roles.LeaderAppender - RaftServer{1} - Sending AppendRequest{term=1, leader=1, prevLogIndex=1, prevLogTerm=1, entries=0, commitIndex=1} to 2
02:53:15.134 [raft-server-3] TRACE i.a.p.raft.roles.FollowerRole - RaftServer{3}{role=FOLLOWER} - Sending AppendResponse{status=OK, term=1, succeeded=true, lastLogIndex=1}
02:53:15.134 [raft-server-2] TRACE i.a.p.raft.roles.FollowerRole - RaftServer{2}{role=FOLLOWER} - Received AppendRequest{term=1, leader=1, prevLogIndex=1, prevLogTerm=1, entries=0, commitIndex=1}
02:53:15.134 [raft-server-2] TRACE i.a.p.raft.roles.FollowerRole - RaftServer{2}{role=FOLLOWER} - Sending AppendResponse{status=OK, term=1, succeeded=true, lastLogIndex=1}
02:53:15.134 [raft-server-1] TRACE i.a.p.raft.roles.LeaderAppender - RaftServer{1} - Received AppendResponse{status=OK, term=1, succeeded=true, lastLogIndex=1} from 3
02:53:15.134 [raft-server-1] TRACE i.a.p.raft.roles.LeaderAppender - RaftServer{1} - Sending AppendRequest{term=1, leader=1, prevLogIndex=1, prevLogTerm=1, entries=0, commitIndex=1} to 3
02:53:15.134 [raft-server-1] TRACE i.a.p.raft.roles.LeaderAppender - RaftServer{1} - Received AppendResponse{status=OK, term=1, succeeded=true, lastLogIndex=1} from 2
02:53:15.135 [raft-server-3] TRACE i.a.p.raft.roles.FollowerRole - RaftServer{3}{role=FOLLOWER} - Received AppendRequest{term=1, leader=1, prevLogIndex=1, prevLogTerm=1, entries=0, commitIndex=1}
02:53:15.135 [raft-server-3] TRACE i.a.p.raft.roles.FollowerRole - RaftServer{3}{role=FOLLOWER} - Sending AppendResponse{status=OK, term=1, succeeded=true, lastLogIndex=1}
02:53:15.135 [raft-server-1] TRACE i.a.p.raft.roles.LeaderAppender - RaftServer{1} - Sending AppendRequest{term=1, leader=1, prevLogIndex=1, prevLogTerm=1, entries=0, commitIndex=1} to 2
02:53:15.135 [raft-server-1] TRACE i.a.p.raft.roles.LeaderAppender - RaftServer{1} - Received AppendResponse{status=OK, term=1, succeeded=true, lastLogIndex=1} from 3
02:53:15.135 [raft-server-2] TRACE i.a.p.raft.roles.FollowerRole - RaftServer{2}{role=FOLLOWER} - Received AppendRequest{term=1, leader=1, prevLogIndex=1, prevLogTerm=1, entries=0, commitIndex=1}
02:53:15.135 [raft-server-1] TRACE i.a.p.raft.roles.LeaderAppender - RaftServer{1} - Sending AppendRequest{term=1, leader=1, prevLogIndex=1, prevLogTerm=1, entries=0, commitIndex=1} to 3
02:53:15.135 [raft-server-2] TRACE i.a.p.raft.roles.FollowerRole - RaftServer{2}{role=FOLLOWER} - Sending AppendResponse{status=OK, term=1, succeeded=true, lastLogIndex=1}
02:53:15.135 [raft-server-3] TRACE i.a.p.raft.roles.FollowerRole - RaftServer{3}{role=FOLLOWER} - Received AppendRequest{term=1, leader=1, prevLogIndex=1, prevLogTerm=1, entries=0, commitIndex=1}
02:53:15.135 [raft-server-1] TRACE i.a.p.raft.roles.LeaderAppender - RaftServer{1} - Received AppendResponse{status=OK, term=1, succeeded=true, lastLogIndex=1} from 2
02:53:15.135 [raft-server-3] TRACE i.a.p.raft.roles.FollowerRole - RaftServer{3}{role=FOLLOWER} - Sending AppendResponse{status=OK, term=1, succeeded=true, lastLogIndex=1}
02:53:15.135 [raft-server-1] TRACE i.a.p.raft.roles.LeaderAppender - RaftServer{1} - Received AppendResponse{status=OK, term=1, succeeded=true, lastLogIndex=1} from 3
02:53:15.383 [raft-server-1] TRACE i.a.p.raft.roles.LeaderAppender - RaftServer{1} - Sending AppendRequest{term=1, leader=1, prevLogIndex=1, prevLogTerm=1, entries=0, commitIndex=1} to 3
02:53:15.384 [raft-server-1] TRACE i.a.p.raft.roles.LeaderAppender - RaftServer{1} - Sending AppendRequest{term=1, leader=1, prevLogIndex=1, prevLogTerm=1, entries=0, commitIndex=1} to 2
02:53:15.384 [raft-server-3] TRACE i.a.p.raft.roles.FollowerRole - RaftServer{3}{role=FOLLOWER} - Received AppendRequest{term=1, leader=1, prevLogIndex=1, prevLogTerm=1, entries=0, commitIndex=1}
02:53:15.384 [raft-server-2] TRACE i.a.p.raft.roles.FollowerRole - RaftServer{2}{role=FOLLOWER} - Received AppendRequest{term=1, leader=1, prevLogIndex=1, prevLogTerm=1, entries=0, commitIndex=1}
02:53:15.384 [raft-server-3] TRACE i.a.p.raft.roles.FollowerRole - RaftServer{3}{role=FOLLOWER} - Sending AppendResponse{status=OK, term=1, succeeded=true, lastLogIndex=1}
02:53:15.384 [raft-server-2] TRACE i.a.p.raft.roles.FollowerRole - RaftServer{2}{role=FOLLOWER} - Sending AppendResponse{status=OK, term=1, succeeded=true, lastLogIndex=1}
02:53:15.384 [raft-server-1] TRACE i.a.p.raft.roles.LeaderAppender - RaftServer{1} - Received AppendResponse{status=OK, term=1, succeeded=true, lastLogIndex=1} from 3
02:53:15.384 [raft-server-1] TRACE i.a.p.raft.roles.LeaderAppender - RaftServer{1} - Sending AppendRequest{term=1, leader=1, prevLogIndex=1, prevLogTerm=1, entries=0, commitIndex=1} to 3
02:53:15.384 [raft-server-1] TRACE i.a.p.raft.roles.LeaderAppender - RaftServer{1} - Received AppendResponse{status=OK, term=1, succeeded=true, lastLogIndex=1} from 2
02:53:15.384 [raft-server-3] TRACE i.a.p.raft.roles.FollowerRole - RaftServer{3}{role=FOLLOWER} - Received AppendRequest{term=1, leader=1, prevLogIndex=1, prevLogTerm=1, entries=0, commitIndex=1}
02:53:15.384 [raft-server-3] TRACE i.a.p.raft.roles.FollowerRole - RaftServer{3}{role=FOLLOWER} - Sending AppendResponse{status=OK, term=1, succeeded=true, lastLogIndex=1}
02:53:15.384 [raft-server-1] TRACE i.a.p.raft.roles.LeaderAppender - RaftServer{1} - Received AppendResponse{status=OK, term=1, succeeded=true, lastLogIndex=1} from 3
02:53:15.633 [raft-server-1] TRACE i.a.p.raft.roles.LeaderAppender - RaftServer{1} - Sending AppendRequest{term=1, leader=1, prevLogIndex=1, prevLogTerm=1, entries=0, commitIndex=1} to 3
02:53:15.634 [raft-server-1] TRACE i.a.p.raft.roles.LeaderAppender - RaftServer{1} - Sending AppendRequest{term=1, leader=1, prevLogIndex=1, prevLogTerm=1, entries=0, commitIndex=1} to 2
02:53:15.634 [raft-server-3] TRACE i.a.p.raft.roles.FollowerRole - RaftServer{3}{role=FOLLOWER} - Received AppendRequest{term=1, leader=1, prevLogIndex=1, prevLogTerm=1, entries=0, commitIndex=1}
02:53:15.634 [raft-server-2] TRACE i.a.p.raft.roles.FollowerRole - RaftServer{2}{role=FOLLOWER} - Received AppendRequest{term=1, leader=1, prevLogIndex=1, prevLogTerm=1, entries=0, commitIndex=1}
02:53:15.634 [raft-server-3] TRACE i.a.p.raft.roles.FollowerRole - RaftServer{3}{role=FOLLOWER} - Sending AppendResponse{status=OK, term=1, succeeded=true, lastLogIndex=1}
02:53:15.634 [raft-server-2] TRACE i.a.p.raft.roles.FollowerRole - RaftServer{2}{role=FOLLOWER} - Sending AppendResponse{status=OK, term=1, succeeded=true, lastLogIndex=1}
02:53:15.634 [raft-server-1] TRACE i.a.p.raft.roles.LeaderAppender - RaftServer{1} - Received AppendResponse{status=OK, term=1, succeeded=true, lastLogIndex=1} from 3
02:53:15.634 [raft-server-1] TRACE i.a.p.raft.roles.LeaderAppender - RaftServer{1} - Sending AppendRequest{term=1, leader=1, prevLogIndex=1, prevLogTerm=1, entries=0, commitIndex=1} to 3
02:53:15.634 [raft-server-1] TRACE i.a.p.raft.roles.LeaderAppender - RaftServer{1} - Received AppendResponse{status=OK, term=1, succeeded=true, lastLogIndex=1} from 2
02:53:15.634 [raft-server-3] TRACE i.a.p.raft.roles.FollowerRole - RaftServer{3}{role=FOLLOWER} - Received AppendRequest{term=1, leader=1, prevLogIndex=1, prevLogTerm=1, entries=0, commitIndex=1}
02:53:15.634 [raft-server-3] TRACE i.a.p.raft.roles.FollowerRole - RaftServer{3}{role=FOLLOWER} - Sending AppendResponse{status=OK, term=1, succeeded=true, lastLogIndex=1}
02:53:15.634 [raft-server-1] TRACE i.a.p.raft.roles.LeaderAppender - RaftServer{1} - Received AppendResponse{status=OK, term=1, succeeded=true, lastLogIndex=1} from 3
02:53:15.700 [raft-server-1] TRACE i.a.p.r.c.impl.RaftClusterContext - RaftServer{1} - Cancelling join timeout
02:53:15.700 [raft-server-1] DEBUG i.a.p.r.c.impl.RaftClusterContext - RaftServer{1} - Attempting to join via 3
02:53:15.700 [raft-server-3] TRACE i.a.p.raft.roles.FollowerRole - RaftServer{3}{role=FOLLOWER} - Received JoinRequest{member=DefaultRaftMember{id=1, type=ACTIVE, updated=2018-06-09T00:53:12.597Z}}
02:53:15.700 [raft-server-1] TRACE i.a.protocols.raft.roles.LeaderRole - RaftServer{1}{role=LEADER} - Received JoinRequest{member=DefaultRaftMember{id=1, type=ACTIVE, updated=2018-06-09T00:53:12.597Z}}
02:53:15.700 [raft-server-1] TRACE i.a.protocols.raft.roles.LeaderRole - RaftServer{1}{role=LEADER} - Sending JoinResponse{status=OK, index=0, term=0, timestamp=1528505592597, members=[DefaultRaftMember{id=1, type=ACTIVE, updated=2018-06-09T00:53:12.597Z}, DefaultRaftMember{id=3, type=ACTIVE, updated=2018-06-09T00:53:12.597Z}, DefaultRaftMember{id=2, type=ACTIVE, updated=2018-06-09T00:53:12.597Z}]}
02:53:15.700 [raft-server-3] TRACE i.a.p.raft.roles.FollowerRole - RaftServer{3}{role=FOLLOWER} - Sending JoinResponse{status=OK, index=0, term=0, timestamp=1528505592597, members=[DefaultRaftMember{id=1, type=ACTIVE, updated=2018-06-09T00:53:12.597Z}, DefaultRaftMember{id=3, type=ACTIVE, updated=2018-06-09T00:53:12.597Z}, DefaultRaftMember{id=2, type=ACTIVE, updated=2018-06-09T00:53:12.597Z}]}
02:53:15.700 [raft-server-1] TRACE i.a.p.r.c.impl.RaftClusterContext - RaftServer{1} - Cancelling join timeout
02:53:15.700 [raft-server-1] INFO  i.a.p.r.c.impl.RaftClusterContext - RaftServer{1} - Successfully joined via 3
02:53:15.701 [raft-server-1] INFO  i.a.p.raft.impl.DefaultRaftServer - RaftServer{1} - Server started successfully!
02:53:15.702 [main] DEBUG i.a.p.p.impl.RecoveringProxySession - ProxySession{02319fd7-5003-4fac-b562-689b946eac2b} - Opening proxy session
02:53:15.702 [main] DEBUG i.a.p.r.proxy.impl.RaftProxyManager - RaftClient{02319fd7-5003-4fac-b562-689b946eac2b} - Opening session; name: raft-test, type: io.atomix.protocols.raft.RaftTest$TestPrimitiveType@35bfa1bb
02:53:15.702 [main] TRACE i.a.utils.serializer.KryoNamespace - Creating Kryo instance for KryoNamespace{registeredBlocks=[RegistrationBlock{begin=16, types=[([Ljava.lang.Class;@6b321262,null), ([Ljava.lang.Class;@68b11545,null), ([Ljava.lang.Class;@7d0100ea,null), ([Ljava.lang.Class;@357bc488,null), ([Ljava.lang.Class;@4ea17147,io.atomix.utils.serializer.serializers.ImmutableListSerializer@2eda4eeb), ([Ljava.lang.Class;@5ba90d8a,io.atomix.utils.serializer.serializers.ImmutableSetSerializer@309dcdf3), ([Ljava.lang.Class;@7573b9ee,io.atomix.utils.serializer.serializers.ImmutableMapSerializer@9a20cbd), ([Ljava.lang.Class;@1af4955e,null), ([Ljava.lang.Class;@445821a6,null), ([Ljava.lang.Class;@2c0c4c0a,null), ([Ljava.lang.Class;@35d26ad2,null), ([Ljava.lang.Class;@bb25753,null), ([Ljava.lang.Class;@ee21292,null), ([Ljava.lang.Class;@40c06358,null), ([Ljava.lang.Class;@66e21568,null), ([Ljava.lang.Class;@7f73ce28,null), ([Ljava.lang.Class;@611b35d6,null), ([Ljava.lang.Class;@2282400e,null), ([Ljava.lang.Class;@543d5863,null), ([Ljava.lang.Class;@35dece42,null), ([Ljava.lang.Class;@dd3f8aa,io.atomix.utils.serializer.serializers.ArraysAsListSerializer@3d615b2e), ([Ljava.lang.Class;@3a1f2a1,null), ([Ljava.lang.Class;@40ce9049,null), ([Ljava.lang.Class;@52ca2652,null), ([Ljava.lang.Class;@65c5bf0e,null), ([Ljava.lang.Class;@697d6ded,null), ([Ljava.lang.Class;@5d05f453,null), ([Ljava.lang.Class;@5efeb117,null), ([Ljava.lang.Class;@160b4809,null), ([Ljava.lang.Class;@149b4d20,null), ([Ljava.lang.Class;@664e848c,null), ([Ljava.lang.Class;@4d93f75b,null), ([Ljava.lang.Class;@114a5e0,null), ([Ljava.lang.Class;@4f281aaf,null), ([Ljava.lang.Class;@5d508d22,null), ([Ljava.lang.Class;@f2b90fc,null)]}, RegistrationBlock{begin=52, types=[([Ljava.lang.Class;@7d133fb7,null)]}]}
02:53:15.702 [main] TRACE i.a.utils.serializer.KryoNamespace - class [B registered as 16
02:53:15.702 [main] TRACE i.a.utils.serializer.KryoNamespace - class java.util.concurrent.atomic.AtomicBoolean registered as 17
02:53:15.702 [main] TRACE i.a.utils.serializer.KryoNamespace - class java.util.concurrent.atomic.AtomicInteger registered as 18
02:53:15.702 [main] TRACE i.a.utils.serializer.KryoNamespace - class java.util.concurrent.atomic.AtomicLong registered as 19
02:53:15.702 [main] TRACE i.a.utils.serializer.KryoNamespace - class com.google.common.collect.ImmutableList registered as 20
02:53:15.702 [main] TRACE i.a.utils.serializer.KryoNamespace - class com.google.common.collect.RegularImmutableList registered as 20
02:53:15.702 [main] TRACE i.a.utils.serializer.KryoNamespace - class com.google.common.collect.RegularImmutableList registered as 20
02:53:15.702 [main] TRACE i.a.utils.serializer.KryoNamespace - class com.google.common.collect.ImmutableList$SubList registered as 20
02:53:15.702 [main] TRACE i.a.utils.serializer.KryoNamespace - class com.google.common.collect.ImmutableSet registered as 21
02:53:15.702 [main] TRACE i.a.utils.serializer.KryoNamespace - class com.google.common.collect.RegularImmutableSet registered as 21
02:53:15.702 [main] TRACE i.a.utils.serializer.KryoNamespace - class com.google.common.collect.SingletonImmutableSet registered as 21
02:53:15.702 [main] TRACE i.a.utils.serializer.KryoNamespace - class com.google.common.collect.RegularImmutableSet registered as 21
02:53:15.702 [main] TRACE i.a.utils.serializer.KryoNamespace - class com.google.common.collect.ImmutableMap registered as 22
02:53:15.702 [main] TRACE i.a.utils.serializer.KryoNamespace - class com.google.common.collect.RegularImmutableMap registered as 22
02:53:15.702 [main] TRACE i.a.utils.serializer.KryoNamespace - class com.google.common.collect.RegularImmutableMap registered as 22
02:53:15.702 [main] TRACE i.a.utils.serializer.KryoNamespace - class com.google.common.collect.RegularImmutableMap registered as 22
02:53:15.702 [main] TRACE i.a.utils.serializer.KryoNamespace - class java.util.Collections$UnmodifiableSet registered as 23
02:53:15.702 [main] TRACE i.a.utils.serializer.KryoNamespace - class java.util.HashMap registered as 24
02:53:15.702 [main] TRACE i.a.utils.serializer.KryoNamespace - class java.util.concurrent.ConcurrentHashMap registered as 25
02:53:15.702 [main] TRACE i.a.utils.serializer.KryoNamespace - class java.util.concurrent.CopyOnWriteArraySet registered as 26
02:53:15.702 [main] TRACE i.a.utils.serializer.KryoNamespace - class java.util.ArrayList registered as 27
02:53:15.702 [main] TRACE i.a.utils.serializer.KryoNamespace - class java.util.LinkedList registered as 28
02:53:15.702 [main] TRACE i.a.utils.serializer.KryoNamespace - class java.util.HashSet registered as 29
02:53:15.702 [main] TRACE i.a.utils.serializer.KryoNamespace - class java.util.LinkedHashSet registered as 30
02:53:15.702 [main] TRACE i.a.utils.serializer.KryoNamespace - class com.sun.jmx.remote.internal.ArrayQueue registered as 31
02:53:15.703 [main] TRACE i.a.utils.serializer.KryoNamespace - class java.util.ArrayDeque registered as 32
02:53:15.703 [main] TRACE i.a.utils.serializer.KryoNamespace - class com.google.common.collect.HashMultiset registered as 33
02:53:15.703 [main] TRACE i.a.utils.serializer.KryoNamespace - class com.google.common.collect.Sets registered as 34
02:53:15.703 [main] TRACE i.a.utils.serializer.KryoNamespace - class com.google.common.collect.ImmutableEntry registered as 35
02:53:15.703 [main] TRACE i.a.utils.serializer.KryoNamespace - class java.util.Arrays$ArrayList registered as 36
02:53:15.703 [main] TRACE i.a.utils.serializer.KryoNamespace - class java.util.Collections$SingletonList registered as 37
02:53:15.703 [main] TRACE i.a.utils.serializer.KryoNamespace - class java.time.Duration registered as 38
02:53:15.703 [main] TRACE i.a.utils.serializer.KryoNamespace - class java.util.Collections$EmptySet registered as 39
02:53:15.703 [main] TRACE i.a.utils.serializer.KryoNamespace - class java.util.Optional registered as 40
02:53:15.703 [main] TRACE i.a.utils.serializer.KryoNamespace - class java.util.Collections$EmptyList registered as 41
02:53:15.703 [main] TRACE i.a.utils.serializer.KryoNamespace - class java.util.Collections$SingletonSet registered as 42
02:53:15.703 [main] TRACE i.a.utils.serializer.KryoNamespace - class [I registered as 43
02:53:15.703 [main] TRACE i.a.utils.serializer.KryoNamespace - class [J registered as 44
02:53:15.703 [main] TRACE i.a.utils.serializer.KryoNamespace - class [S registered as 45
02:53:15.703 [main] TRACE i.a.utils.serializer.KryoNamespace - class [D registered as 46
02:53:15.703 [main] TRACE i.a.utils.serializer.KryoNamespace - class [F registered as 47
02:53:15.703 [main] TRACE i.a.utils.serializer.KryoNamespace - class [C registered as 48
02:53:15.703 [main] TRACE i.a.utils.serializer.KryoNamespace - class [Ljava.lang.String; registered as 49
02:53:15.703 [main] TRACE i.a.utils.serializer.KryoNamespace - class [Z registered as 50
02:53:15.703 [main] TRACE i.a.utils.serializer.KryoNamespace - class [Ljava.lang.Object; registered as 51
02:53:15.703 [main] TRACE i.a.utils.serializer.KryoNamespace - class io.atomix.primitive.service.ServiceConfig registered as 52
02:53:15.703 [raft-client-02319fd7-5003-4fac-b562-689b946eac2b-0] TRACE i.a.p.r.p.impl.RaftProxyConnection - RaftClient{02319fd7-5003-4fac-b562-689b946eac2b} - Sending OpenSessionRequest{node=4, serviceName=raft-test, serviceType=raft-test, readConsistency=LINEARIZABLE, minTimeout=250, maxTimeout=5000} to 1
02:53:15.703 [raft-server-1] TRACE i.a.protocols.raft.roles.LeaderRole - RaftServer{1}{role=LEADER} - Received OpenSessionRequest{node=4, serviceName=raft-test, serviceType=raft-test, readConsistency=LINEARIZABLE, minTimeout=250, maxTimeout=5000}
02:53:15.704 [raft-server-1] TRACE i.a.protocols.raft.roles.LeaderRole - RaftServer{1}{role=LEADER} - Appended Indexed{index=2, entry=OpenSessionEntry{term=1, timestamp=2018-06-09 02:53:15,703, node=4, serviceName=raft-test, serviceType=raft-test, serviceConfig=byte[]{length=2, hash=2636}, readConsistency=LINEARIZABLE, minTimeout=250, maxTimeout=5000}}
02:53:15.704 [raft-server-1] TRACE i.a.p.raft.roles.LeaderAppender - RaftServer{1} - Sending AppendRequest{term=1, leader=1, prevLogIndex=1, prevLogTerm=1, entries=1, commitIndex=1} to 3
02:53:15.704 [raft-server-3] TRACE i.a.p.raft.roles.FollowerRole - RaftServer{3}{role=FOLLOWER} - Received AppendRequest{term=1, leader=1, prevLogIndex=1, prevLogTerm=1, entries=1, commitIndex=1}
02:53:15.704 [raft-server-1] TRACE i.a.p.raft.roles.LeaderAppender - RaftServer{1} - Sending AppendRequest{term=1, leader=1, prevLogIndex=1, prevLogTerm=1, entries=1, commitIndex=1} to 2
02:53:15.704 [raft-server-2] TRACE i.a.p.raft.roles.FollowerRole - RaftServer{2}{role=FOLLOWER} - Received AppendRequest{term=1, leader=1, prevLogIndex=1, prevLogTerm=1, entries=1, commitIndex=1}
02:53:15.704 [raft-server-3] TRACE i.a.p.raft.roles.FollowerRole - RaftServer{3}{role=FOLLOWER} - Appended Indexed{index=2, entry=OpenSessionEntry{term=1, timestamp=2018-06-09 02:53:15,703, node=4, serviceName=raft-test, serviceType=raft-test, serviceConfig=byte[]{length=2, hash=2636}, readConsistency=LINEARIZABLE, minTimeout=250, maxTimeout=5000}}
02:53:15.704 [raft-server-3] TRACE i.a.p.raft.roles.FollowerRole - RaftServer{3}{role=FOLLOWER} - Sending AppendResponse{status=OK, term=1, succeeded=true, lastLogIndex=2}
02:53:15.704 [raft-server-2] TRACE i.a.p.raft.roles.FollowerRole - RaftServer{2}{role=FOLLOWER} - Appended Indexed{index=2, entry=OpenSessionEntry{term=1, timestamp=2018-06-09 02:53:15,703, node=4, serviceName=raft-test, serviceType=raft-test, serviceConfig=byte[]{length=2, hash=2636}, readConsistency=LINEARIZABLE, minTimeout=250, maxTimeout=5000}}
02:53:15.704 [raft-server-1] TRACE i.a.p.raft.roles.LeaderAppender - RaftServer{1} - Received AppendResponse{status=OK, term=1, succeeded=true, lastLogIndex=2} from 3
02:53:15.704 [raft-server-2] TRACE i.a.p.raft.roles.FollowerRole - RaftServer{2}{role=FOLLOWER} - Sending AppendResponse{status=OK, term=1, succeeded=true, lastLogIndex=2}
02:53:15.704 [raft-server-1] TRACE i.a.p.raft.roles.LeaderAppender - RaftServer{1} - Committed entries up to 2
02:53:15.738 [raft-server-1] TRACE i.a.p.raft.roles.LeaderAppender - RaftServer{1} - Received AppendResponse{status=OK, term=1, succeeded=true, lastLogIndex=2} from 2
02:53:15.738 [raft-server-1-state] TRACE i.a.p.raft.impl.RaftServiceManager - RaftServer{1} - Applying Indexed{index=2, entry=OpenSessionEntry{term=1, timestamp=2018-06-09 02:53:15,703, node=4, serviceName=raft-test, serviceType=raft-test, serviceConfig=byte[]{length=2, hash=2636}, readConsistency=LINEARIZABLE, minTimeout=250, maxTimeout=5000}}
02:53:15.738 [raft-server-1-state] TRACE i.a.utils.serializer.KryoNamespace - Creating Kryo instance for KryoNamespace{registeredBlocks=[RegistrationBlock{begin=16, types=[([Ljava.lang.Class;@6b321262,null), ([Ljava.lang.Class;@68b11545,null), ([Ljava.lang.Class;@7d0100ea,null), ([Ljava.lang.Class;@357bc488,null), ([Ljava.lang.Class;@4ea17147,io.atomix.utils.serializer.serializers.ImmutableListSerializer@2eda4eeb), ([Ljava.lang.Class;@5ba90d8a,io.atomix.utils.serializer.serializers.ImmutableSetSerializer@309dcdf3), ([Ljava.lang.Class;@7573b9ee,io.atomix.utils.serializer.serializers.ImmutableMapSerializer@9a20cbd), ([Ljava.lang.Class;@1af4955e,null), ([Ljava.lang.Class;@445821a6,null), ([Ljava.lang.Class;@2c0c4c0a,null), ([Ljava.lang.Class;@35d26ad2,null), ([Ljava.lang.Class;@bb25753,null), ([Ljava.lang.Class;@ee21292,null), ([Ljava.lang.Class;@40c06358,null), ([Ljava.lang.Class;@66e21568,null), ([Ljava.lang.Class;@7f73ce28,null), ([Ljava.lang.Class;@611b35d6,null), ([Ljava.lang.Class;@2282400e,null), ([Ljava.lang.Class;@543d5863,null), ([Ljava.lang.Class;@35dece42,null), ([Ljava.lang.Class;@dd3f8aa,io.atomix.utils.serializer.serializers.ArraysAsListSerializer@3d615b2e), ([Ljava.lang.Class;@3a1f2a1,null), ([Ljava.lang.Class;@40ce9049,null), ([Ljava.lang.Class;@52ca2652,null), ([Ljava.lang.Class;@65c5bf0e,null), ([Ljava.lang.Class;@697d6ded,null), ([Ljava.lang.Class;@5d05f453,null), ([Ljava.lang.Class;@5efeb117,null), ([Ljava.lang.Class;@160b4809,null), ([Ljava.lang.Class;@149b4d20,null), ([Ljava.lang.Class;@664e848c,null), ([Ljava.lang.Class;@4d93f75b,null), ([Ljava.lang.Class;@114a5e0,null), ([Ljava.lang.Class;@4f281aaf,null), ([Ljava.lang.Class;@5d508d22,null), ([Ljava.lang.Class;@f2b90fc,null)]}, RegistrationBlock{begin=52, types=[([Ljava.lang.Class;@ac38ae7,null)]}]}
02:53:15.738 [raft-server-1-state] TRACE i.a.utils.serializer.KryoNamespace - class [B registered as 16
02:53:15.738 [raft-server-1-state] TRACE i.a.utils.serializer.KryoNamespace - class java.util.concurrent.atomic.AtomicBoolean registered as 17
02:53:15.738 [raft-server-1-state] TRACE i.a.utils.serializer.KryoNamespace - class java.util.concurrent.atomic.AtomicInteger registered as 18
02:53:15.738 [raft-server-1-state] TRACE i.a.utils.serializer.KryoNamespace - class java.util.concurrent.atomic.AtomicLong registered as 19
02:53:15.738 [raft-server-1-state] TRACE i.a.utils.serializer.KryoNamespace - class com.google.common.collect.ImmutableList registered as 20
02:53:15.738 [raft-server-1-state] TRACE i.a.utils.serializer.KryoNamespace - class com.google.common.collect.RegularImmutableList registered as 20
02:53:15.738 [raft-server-1-state] TRACE i.a.utils.serializer.KryoNamespace - class com.google.common.collect.RegularImmutableList registered as 20
02:53:15.738 [raft-server-1-state] TRACE i.a.utils.serializer.KryoNamespace - class com.google.common.collect.ImmutableList$SubList registered as 20
02:53:15.738 [raft-server-1-state] TRACE i.a.utils.serializer.KryoNamespace - class com.google.common.collect.ImmutableSet registered as 21
02:53:15.738 [raft-server-1-state] TRACE i.a.utils.serializer.KryoNamespace - class com.google.common.collect.RegularImmutableSet registered as 21
02:53:15.738 [raft-server-1-state] TRACE i.a.utils.serializer.KryoNamespace - class com.google.common.collect.SingletonImmutableSet registered as 21
02:53:15.738 [raft-server-1-state] TRACE i.a.utils.serializer.KryoNamespace - class com.google.common.collect.RegularImmutableSet registered as 21
02:53:15.738 [raft-server-1-state] TRACE i.a.utils.serializer.KryoNamespace - class com.google.common.collect.ImmutableMap registered as 22
02:53:15.738 [raft-server-1-state] TRACE i.a.utils.serializer.KryoNamespace - class com.google.common.collect.RegularImmutableMap registered as 22
02:53:15.738 [raft-server-1-state] TRACE i.a.utils.serializer.KryoNamespace - class com.google.common.collect.RegularImmutableMap registered as 22
02:53:15.738 [raft-server-1-state] TRACE i.a.utils.serializer.KryoNamespace - class com.google.common.collect.RegularImmutableMap registered as 22
02:53:15.738 [raft-server-1-state] TRACE i.a.utils.serializer.KryoNamespace - class java.util.Collections$UnmodifiableSet registered as 23
02:53:15.739 [raft-server-1-state] TRACE i.a.utils.serializer.KryoNamespace - class java.util.HashMap registered as 24
02:53:15.739 [raft-server-1-state] TRACE i.a.utils.serializer.KryoNamespace - class java.util.concurrent.ConcurrentHashMap registered as 25
02:53:15.739 [raft-server-1-state] TRACE i.a.utils.serializer.KryoNamespace - class java.util.concurrent.CopyOnWriteArraySet registered as 26
02:53:15.739 [raft-server-1-state] TRACE i.a.utils.serializer.KryoNamespace - class java.util.ArrayList registered as 27
02:53:15.739 [raft-server-1-state] TRACE i.a.utils.serializer.KryoNamespace - class java.util.LinkedList registered as 28
02:53:15.739 [raft-server-1-state] TRACE i.a.utils.serializer.KryoNamespace - class java.util.HashSet registered as 29
02:53:15.739 [raft-server-1-state] TRACE i.a.utils.serializer.KryoNamespace - class java.util.LinkedHashSet registered as 30
02:53:15.739 [raft-server-1-state] TRACE i.a.utils.serializer.KryoNamespace - class com.sun.jmx.remote.internal.ArrayQueue registered as 31
02:53:15.739 [raft-server-1-state] TRACE i.a.utils.serializer.KryoNamespace - class java.util.ArrayDeque registered as 32
02:53:15.739 [raft-server-1-state] TRACE i.a.utils.serializer.KryoNamespace - class com.google.common.collect.HashMultiset registered as 33
02:53:15.739 [raft-server-1-state] TRACE i.a.utils.serializer.KryoNamespace - class com.google.common.collect.Sets registered as 34
02:53:15.739 [raft-server-1-state] TRACE i.a.utils.serializer.KryoNamespace - class com.google.common.collect.ImmutableEntry registered as 35
02:53:15.739 [raft-server-1-state] TRACE i.a.utils.serializer.KryoNamespace - class java.util.Arrays$ArrayList registered as 36
02:53:15.739 [raft-server-1-state] TRACE i.a.utils.serializer.KryoNamespace - class java.util.Collections$SingletonList registered as 37
02:53:15.739 [raft-server-1-state] TRACE i.a.utils.serializer.KryoNamespace - class java.time.Duration registered as 38
02:53:15.739 [raft-server-1-state] TRACE i.a.utils.serializer.KryoNamespace - class java.util.Collections$EmptySet registered as 39
02:53:15.739 [raft-server-1-state] TRACE i.a.utils.serializer.KryoNamespace - class java.util.Optional registered as 40
02:53:15.739 [raft-server-1-state] TRACE i.a.utils.serializer.KryoNamespace - class java.util.Collections$EmptyList registered as 41
02:53:15.739 [raft-server-1-state] TRACE i.a.utils.serializer.KryoNamespace - class java.util.Collections$SingletonSet registered as 42
02:53:15.739 [raft-server-1-state] TRACE i.a.utils.serializer.KryoNamespace - class [I registered as 43
02:53:15.739 [raft-server-1-state] TRACE i.a.utils.serializer.KryoNamespace - class [J registered as 44
02:53:15.739 [raft-server-1-state] TRACE i.a.utils.serializer.KryoNamespace - class [S registered as 45
02:53:15.739 [raft-server-1-state] TRACE i.a.utils.serializer.KryoNamespace - class [D registered as 46
02:53:15.739 [raft-server-1-state] TRACE i.a.utils.serializer.KryoNamespace - class [F registered as 47
02:53:15.739 [raft-server-1-state] TRACE i.a.utils.serializer.KryoNamespace - class [C registered as 48
02:53:15.739 [raft-server-1-state] TRACE i.a.utils.serializer.KryoNamespace - class [Ljava.lang.String; registered as 49
02:53:15.739 [raft-server-1-state] TRACE i.a.utils.serializer.KryoNamespace - class [Z registered as 50
02:53:15.739 [raft-server-1-state] TRACE i.a.utils.serializer.KryoNamespace - class [Ljava.lang.Object; registered as 51
02:53:15.739 [raft-server-1-state] TRACE i.a.utils.serializer.KryoNamespace - class io.atomix.primitive.service.ServiceConfig registered as 52
02:53:15.739 [raft-server-1-state] TRACE i.a.utils.serializer.KryoNamespace - Creating Kryo instance for KryoNamespace{registeredBlocks=[RegistrationBlock{begin=16, types=[([Ljava.lang.Class;@6b321262,null), ([Ljava.lang.Class;@68b11545,null), ([Ljava.lang.Class;@7d0100ea,null), ([Ljava.lang.Class;@357bc488,null), ([Ljava.lang.Class;@4ea17147,io.atomix.utils.serializer.serializers.ImmutableListSerializer@2eda4eeb), ([Ljava.lang.Class;@5ba90d8a,io.atomix.utils.serializer.serializers.ImmutableSetSerializer@309dcdf3), ([Ljava.lang.Class;@7573b9ee,io.atomix.utils.serializer.serializers.ImmutableMapSerializer@9a20cbd), ([Ljava.lang.Class;@1af4955e,null), ([Ljava.lang.Class;@445821a6,null), ([Ljava.lang.Class;@2c0c4c0a,null), ([Ljava.lang.Class;@35d26ad2,null), ([Ljava.lang.Class;@bb25753,null), ([Ljava.lang.Class;@ee21292,null), ([Ljava.lang.Class;@40c06358,null), ([Ljava.lang.Class;@66e21568,null), ([Ljava.lang.Class;@7f73ce28,null), ([Ljava.lang.Class;@611b35d6,null), ([Ljava.lang.Class;@2282400e,null), ([Ljava.lang.Class;@543d5863,null), ([Ljava.lang.Class;@35dece42,null), ([Ljava.lang.Class;@dd3f8aa,io.atomix.utils.serializer.serializers.ArraysAsListSerializer@3d615b2e), ([Ljava.lang.Class;@3a1f2a1,null), ([Ljava.lang.Class;@40ce9049,null), ([Ljava.lang.Class;@52ca2652,null), ([Ljava.lang.Class;@65c5bf0e,null), ([Ljava.lang.Class;@697d6ded,null), ([Ljava.lang.Class;@5d05f453,null), ([Ljava.lang.Class;@5efeb117,null), ([Ljava.lang.Class;@160b4809,null), ([Ljava.lang.Class;@149b4d20,null), ([Ljava.lang.Class;@664e848c,null), ([Ljava.lang.Class;@4d93f75b,null), ([Ljava.lang.Class;@114a5e0,null), ([Ljava.lang.Class;@4f281aaf,null), ([Ljava.lang.Class;@5d508d22,null), ([Ljava.lang.Class;@f2b90fc,null)]}, RegistrationBlock{begin=52, types=[([Ljava.lang.Class;@40475cf,null)]}]}
02:53:15.739 [raft-server-1-state] TRACE i.a.utils.serializer.KryoNamespace - class [B registered as 16
02:53:15.739 [raft-server-1-state] TRACE i.a.utils.serializer.KryoNamespace - class java.util.concurrent.atomic.AtomicBoolean registered as 17
02:53:15.739 [raft-server-1-state] TRACE i.a.utils.serializer.KryoNamespace - class java.util.concurrent.atomic.AtomicInteger registered as 18
02:53:15.739 [raft-server-1-state] TRACE i.a.utils.serializer.KryoNamespace - class java.util.concurrent.atomic.AtomicLong registered as 19
02:53:15.739 [raft-server-1-state] TRACE i.a.utils.serializer.KryoNamespace - class com.google.common.collect.ImmutableList registered as 20
02:53:15.740 [raft-server-1-state] TRACE i.a.utils.serializer.KryoNamespace - class com.google.common.collect.RegularImmutableList registered as 20
02:53:15.740 [raft-server-1-state] TRACE i.a.utils.serializer.KryoNamespace - class com.google.common.collect.RegularImmutableList registered as 20
02:53:15.740 [raft-server-1-state] TRACE i.a.utils.serializer.KryoNamespace - class com.google.common.collect.ImmutableList$SubList registered as 20
02:53:15.740 [raft-server-1-state] TRACE i.a.utils.serializer.KryoNamespace - class com.google.common.collect.ImmutableSet registered as 21
02:53:15.740 [raft-server-1-state] TRACE i.a.utils.serializer.KryoNamespace - class com.google.common.collect.RegularImmutableSet registered as 21
02:53:15.740 [raft-server-1-state] TRACE i.a.utils.serializer.KryoNamespace - class com.google.common.collect.SingletonImmutableSet registered as 21
02:53:15.740 [raft-server-1-state] TRACE i.a.utils.serializer.KryoNamespace - class com.google.common.collect.RegularImmutableSet registered as 21
02:53:15.740 [raft-server-1-state] TRACE i.a.utils.serializer.KryoNamespace - class com.google.common.collect.ImmutableMap registered as 22
02:53:15.740 [raft-server-1-state] TRACE i.a.utils.serializer.KryoNamespace - class com.google.common.collect.RegularImmutableMap registered as 22
02:53:15.740 [raft-server-1-state] TRACE i.a.utils.serializer.KryoNamespace - class com.google.common.collect.RegularImmutableMap registered as 22
02:53:15.740 [raft-server-1-state] TRACE i.a.utils.serializer.KryoNamespace - class com.google.common.collect.RegularImmutableMap registered as 22
02:53:15.740 [raft-server-1-state] TRACE i.a.utils.serializer.KryoNamespace - class java.util.Collections$UnmodifiableSet registered as 23
02:53:15.740 [raft-server-1-state] TRACE i.a.utils.serializer.KryoNamespace - class java.util.HashMap registered as 24
02:53:15.740 [raft-server-1-state] TRACE i.a.utils.serializer.KryoNamespace - class java.util.concurrent.ConcurrentHashMap registered as 25
02:53:15.740 [raft-server-1-state] TRACE i.a.utils.serializer.KryoNamespace - class java.util.concurrent.CopyOnWriteArraySet registered as 26
02:53:15.740 [raft-server-1-state] TRACE i.a.utils.serializer.KryoNamespace - class java.util.ArrayList registered as 27
02:53:15.740 [raft-server-1-state] TRACE i.a.utils.serializer.KryoNamespace - class java.util.LinkedList registered as 28
02:53:15.740 [raft-server-1-state] TRACE i.a.utils.serializer.KryoNamespace - class java.util.HashSet registered as 29
02:53:15.740 [raft-server-1-state] TRACE i.a.utils.serializer.KryoNamespace - class java.util.LinkedHashSet registered as 30
02:53:15.740 [raft-server-1-state] TRACE i.a.utils.serializer.KryoNamespace - class com.sun.jmx.remote.internal.ArrayQueue registered as 31
02:53:15.740 [raft-server-1-state] TRACE i.a.utils.serializer.KryoNamespace - class java.util.ArrayDeque registered as 32
02:53:15.740 [raft-server-1-state] TRACE i.a.utils.serializer.KryoNamespace - class com.google.common.collect.HashMultiset registered as 33
02:53:15.740 [raft-server-1-state] TRACE i.a.utils.serializer.KryoNamespace - class com.google.common.collect.Sets registered as 34
02:53:15.740 [raft-server-1-state] TRACE i.a.utils.serializer.KryoNamespace - class com.google.common.collect.ImmutableEntry registered as 35
02:53:15.740 [raft-server-1-state] TRACE i.a.utils.serializer.KryoNamespace - class java.util.Arrays$ArrayList registered as 36
02:53:15.740 [raft-server-1-state] TRACE i.a.utils.serializer.KryoNamespace - class java.util.Collections$SingletonList registered as 37
02:53:15.740 [raft-server-1-state] TRACE i.a.utils.serializer.KryoNamespace - class java.time.Duration registered as 38
02:53:15.740 [raft-server-1-state] TRACE i.a.utils.serializer.KryoNamespace - class java.util.Collections$EmptySet registered as 39
02:53:15.740 [raft-server-1-state] TRACE i.a.utils.serializer.KryoNamespace - class java.util.Optional registered as 40
02:53:15.740 [raft-server-1-state] TRACE i.a.utils.serializer.KryoNamespace - class java.util.Collections$EmptyList registered as 41
02:53:15.740 [raft-server-1-state] TRACE i.a.utils.serializer.KryoNamespace - class java.util.Collections$SingletonSet registered as 42
02:53:15.740 [raft-server-1-state] TRACE i.a.utils.serializer.KryoNamespace - class [I registered as 43
02:53:15.740 [raft-server-1-state] TRACE i.a.utils.serializer.KryoNamespace - class [J registered as 44
02:53:15.740 [raft-server-1-state] TRACE i.a.utils.serializer.KryoNamespace - class [S registered as 45
02:53:15.740 [raft-server-1-state] TRACE i.a.utils.serializer.KryoNamespace - class [D registered as 46
02:53:15.740 [raft-server-1-state] TRACE i.a.utils.serializer.KryoNamespace - class [F registered as 47
02:53:15.740 [raft-server-1-state] TRACE i.a.utils.serializer.KryoNamespace - class [C registered as 48
02:53:15.740 [raft-server-1-state] TRACE i.a.utils.serializer.KryoNamespace - class [Ljava.lang.String; registered as 49
02:53:15.740 [raft-server-1-state] TRACE i.a.utils.serializer.KryoNamespace - class [Z registered as 50
02:53:15.740 [raft-server-1-state] TRACE i.a.utils.serializer.KryoNamespace - class [Ljava.lang.Object; registered as 51
02:53:15.740 [raft-server-1-state] TRACE i.a.utils.serializer.KryoNamespace - class io.atomix.primitive.service.ServiceConfig registered as 52
02:53:15.740 [raft-server-1-state] TRACE i.a.utils.serializer.KryoNamespace - Creating Kryo instance for KryoNamespace{registeredBlocks=[RegistrationBlock{begin=16, types=[([Ljava.lang.Class;@6b321262,null), ([Ljava.lang.Class;@68b11545,null), ([Ljava.lang.Class;@7d0100ea,null), ([Ljava.lang.Class;@357bc488,null), ([Ljava.lang.Class;@4ea17147,io.atomix.utils.serializer.serializers.ImmutableListSerializer@2eda4eeb), ([Ljava.lang.Class;@5ba90d8a,io.atomix.utils.serializer.serializers.ImmutableSetSerializer@309dcdf3), ([Ljava.lang.Class;@7573b9ee,io.atomix.utils.serializer.serializers.ImmutableMapSerializer@9a20cbd), ([Ljava.lang.Class;@1af4955e,null), ([Ljava.lang.Class;@445821a6,null), ([Ljava.lang.Class;@2c0c4c0a,null), ([Ljava.lang.Class;@35d26ad2,null), ([Ljava.lang.Class;@bb25753,null), ([Ljava.lang.Class;@ee21292,null), ([Ljava.lang.Class;@40c06358,null), ([Ljava.lang.Class;@66e21568,null), ([Ljava.lang.Class;@7f73ce28,null), ([Ljava.lang.Class;@611b35d6,null), ([Ljava.lang.Class;@2282400e,null), ([Ljava.lang.Class;@543d5863,null), ([Ljava.lang.Class;@35dece42,null), ([Ljava.lang.Class;@dd3f8aa,io.atomix.utils.serializer.serializers.ArraysAsListSerializer@3d615b2e), ([Ljava.lang.Class;@3a1f2a1,null), ([Ljava.lang.Class;@40ce9049,null), ([Ljava.lang.Class;@52ca2652,null), ([Ljava.lang.Class;@65c5bf0e,null), ([Ljava.lang.Class;@697d6ded,null), ([Ljava.lang.Class;@5d05f453,null), ([Ljava.lang.Class;@5efeb117,null), ([Ljava.lang.Class;@160b4809,null), ([Ljava.lang.Class;@149b4d20,null), ([Ljava.lang.Class;@664e848c,null), ([Ljava.lang.Class;@4d93f75b,null), ([Ljava.lang.Class;@114a5e0,null), ([Ljava.lang.Class;@4f281aaf,null), ([Ljava.lang.Class;@5d508d22,null), ([Ljava.lang.Class;@f2b90fc,null)]}, RegistrationBlock{begin=52, types=[([Ljava.lang.Class;@3be197,null)]}]}
02:53:15.740 [raft-server-1-state] TRACE i.a.utils.serializer.KryoNamespace - class [B registered as 16
02:53:15.741 [raft-server-1-state] TRACE i.a.utils.serializer.KryoNamespace - class java.util.concurrent.atomic.AtomicBoolean registered as 17
02:53:15.741 [raft-server-1-state] TRACE i.a.utils.serializer.KryoNamespace - class java.util.concurrent.atomic.AtomicInteger registered as 18
02:53:15.741 [raft-server-1-state] TRACE i.a.utils.serializer.KryoNamespace - class java.util.concurrent.atomic.AtomicLong registered as 19
02:53:15.741 [raft-server-1-state] TRACE i.a.utils.serializer.KryoNamespace - class com.google.common.collect.ImmutableList registered as 20
02:53:15.741 [raft-server-1-state] TRACE i.a.utils.serializer.KryoNamespace - class com.google.common.collect.RegularImmutableList registered as 20
02:53:15.741 [raft-server-1-state] TRACE i.a.utils.serializer.KryoNamespace - class com.google.common.collect.RegularImmutableList registered as 20
02:53:15.741 [raft-server-1-state] TRACE i.a.utils.serializer.KryoNamespace - class com.google.common.collect.ImmutableList$SubList registered as 20
02:53:15.741 [raft-server-1-state] TRACE i.a.utils.serializer.KryoNamespace - class com.google.common.collect.ImmutableSet registered as 21
02:53:15.741 [raft-server-1-state] TRACE i.a.utils.serializer.KryoNamespace - class com.google.common.collect.RegularImmutableSet registered as 21
02:53:15.741 [raft-server-1-state] TRACE i.a.utils.serializer.KryoNamespace - class com.google.common.collect.SingletonImmutableSet registered as 21
02:53:15.741 [raft-server-1-state] TRACE i.a.utils.serializer.KryoNamespace - class com.google.common.collect.RegularImmutableSet registered as 21
02:53:15.741 [raft-server-1-state] TRACE i.a.utils.serializer.KryoNamespace - class com.google.common.collect.ImmutableMap registered as 22
02:53:15.741 [raft-server-1-state] TRACE i.a.utils.serializer.KryoNamespace - class com.google.common.collect.RegularImmutableMap registered as 22
02:53:15.741 [raft-server-1-state] TRACE i.a.utils.serializer.KryoNamespace - class com.google.common.collect.RegularImmutableMap registered as 22
02:53:15.741 [raft-server-1-state] TRACE i.a.utils.serializer.KryoNamespace - class com.google.common.collect.RegularImmutableMap registered as 22
02:53:15.741 [raft-server-1-state] TRACE i.a.utils.serializer.KryoNamespace - class java.util.Collections$UnmodifiableSet registered as 23
02:53:15.741 [raft-server-1-state] TRACE i.a.utils.serializer.KryoNamespace - class java.util.HashMap registered as 24
02:53:15.741 [raft-server-1-state] TRACE i.a.utils.serializer.KryoNamespace - class java.util.concurrent.ConcurrentHashMap registered as 25
02:53:15.741 [raft-server-1-state] TRACE i.a.utils.serializer.KryoNamespace - class java.util.concurrent.CopyOnWriteArraySet registered as 26
02:53:15.741 [raft-server-1-state] TRACE i.a.utils.serializer.KryoNamespace - class java.util.ArrayList registered as 27
02:53:15.741 [raft-server-1-state] TRACE i.a.utils.serializer.KryoNamespace - class java.util.LinkedList registered as 28
02:53:15.741 [raft-server-1-state] TRACE i.a.utils.serializer.KryoNamespace - class java.util.HashSet registered as 29
02:53:15.741 [raft-server-1-state] TRACE i.a.utils.serializer.KryoNamespace - class java.util.LinkedHashSet registered as 30
02:53:15.741 [raft-server-1-state] TRACE i.a.utils.serializer.KryoNamespace - class com.sun.jmx.remote.internal.ArrayQueue registered as 31
02:53:15.741 [raft-server-1-state] TRACE i.a.utils.serializer.KryoNamespace - class java.util.ArrayDeque registered as 32
02:53:15.741 [raft-server-1-state] TRACE i.a.utils.serializer.KryoNamespace - class com.google.common.collect.HashMultiset registered as 33
02:53:15.741 [raft-server-1-state] TRACE i.a.utils.serializer.KryoNamespace - class com.google.common.collect.Sets registered as 34
02:53:15.741 [raft-server-1-state] TRACE i.a.utils.serializer.KryoNamespace - class com.google.common.collect.ImmutableEntry registered as 35
02:53:15.741 [raft-server-1-state] TRACE i.a.utils.serializer.KryoNamespace - class java.util.Arrays$ArrayList registered as 36
02:53:15.741 [raft-server-1-state] TRACE i.a.utils.serializer.KryoNamespace - class java.util.Collections$SingletonList registered as 37
02:53:15.741 [raft-server-1-state] TRACE i.a.utils.serializer.KryoNamespace - class java.time.Duration registered as 38
02:53:15.741 [raft-server-1-state] TRACE i.a.utils.serializer.KryoNamespace - class java.util.Collections$EmptySet registered as 39
02:53:15.741 [raft-server-1-state] TRACE i.a.utils.serializer.KryoNamespace - class java.util.Optional registered as 40
02:53:15.741 [raft-server-1-state] TRACE i.a.utils.serializer.KryoNamespace - class java.util.Collections$EmptyList registered as 41
02:53:15.741 [raft-server-1-state] TRACE i.a.utils.serializer.KryoNamespace - class java.util.Collections$SingletonSet registered as 42
02:53:15.741 [raft-server-1-state] TRACE i.a.utils.serializer.KryoNamespace - class [I registered as 43
02:53:15.741 [raft-server-1-state] TRACE i.a.utils.serializer.KryoNamespace - class [J registered as 44
02:53:15.741 [raft-server-1-state] TRACE i.a.utils.serializer.KryoNamespace - class [S registered as 45
02:53:15.741 [raft-server-1-state] TRACE i.a.utils.serializer.KryoNamespace - class [D registered as 46
02:53:15.741 [raft-server-1-state] TRACE i.a.utils.serializer.KryoNamespace - class [F registered as 47
02:53:15.741 [raft-server-1-state] TRACE i.a.utils.serializer.KryoNamespace - class [C registered as 48
02:53:15.741 [raft-server-1-state] TRACE i.a.utils.serializer.KryoNamespace - class [Ljava.lang.String; registered as 49
02:53:15.741 [raft-server-1-state] TRACE i.a.utils.serializer.KryoNamespace - class [Z registered as 50
02:53:15.741 [raft-server-1-state] TRACE i.a.utils.serializer.KryoNamespace - class [Ljava.lang.Object; registered as 51
02:53:15.741 [raft-server-1-state] TRACE i.a.utils.serializer.KryoNamespace - class io.atomix.primitive.service.ServiceConfig registered as 52
02:53:15.742 [raft-server-1-state] DEBUG i.a.p.s.impl.DefaultServiceExecutor - PrimitiveService{2}{type=io.atomix.protocols.raft.RaftTest$TestPrimitiveType@45397ff4, name=raft-test} - Registered operation callback DefaultOperationId{id=sendEvent, type=COMMAND}
02:53:15.742 [raft-server-1-state] DEBUG i.a.p.s.impl.DefaultServiceExecutor - PrimitiveService{2}{type=io.atomix.protocols.raft.RaftTest$TestPrimitiveType@45397ff4, name=raft-test} - Registered operation callback DefaultOperationId{id=onClose, type=COMMAND}
02:53:15.742 [raft-server-1-state] DEBUG i.a.p.s.impl.DefaultServiceExecutor - PrimitiveService{2}{type=io.atomix.protocols.raft.RaftTest$TestPrimitiveType@45397ff4, name=raft-test} - Registered operation callback DefaultOperationId{id=read, type=QUERY}
02:53:15.742 [raft-server-1-state] DEBUG i.a.p.s.impl.DefaultServiceExecutor - PrimitiveService{2}{type=io.atomix.protocols.raft.RaftTest$TestPrimitiveType@45397ff4, name=raft-test} - Registered operation callback DefaultOperationId{id=onExpire, type=COMMAND}
02:53:15.742 [raft-server-1-state] DEBUG i.a.p.s.impl.DefaultServiceExecutor - PrimitiveService{2}{type=io.atomix.protocols.raft.RaftTest$TestPrimitiveType@45397ff4, name=raft-test} - Registered operation callback DefaultOperationId{id=write, type=COMMAND}
02:53:15.742 [raft-server-1-state] TRACE i.a.utils.serializer.KryoNamespace - Creating Kryo instance for KryoNamespace{registeredBlocks=[RegistrationBlock{begin=16, types=[([Ljava.lang.Class;@6b321262,null), ([Ljava.lang.Class;@68b11545,null), ([Ljava.lang.Class;@7d0100ea,null), ([Ljava.lang.Class;@357bc488,null), ([Ljava.lang.Class;@4ea17147,io.atomix.utils.serializer.serializers.ImmutableListSerializer@2eda4eeb), ([Ljava.lang.Class;@5ba90d8a,io.atomix.utils.serializer.serializers.ImmutableSetSerializer@309dcdf3), ([Ljava.lang.Class;@7573b9ee,io.atomix.utils.serializer.serializers.ImmutableMapSerializer@9a20cbd), ([Ljava.lang.Class;@1af4955e,null), ([Ljava.lang.Class;@445821a6,null), ([Ljava.lang.Class;@2c0c4c0a,null), ([Ljava.lang.Class;@35d26ad2,null), ([Ljava.lang.Class;@bb25753,null), ([Ljava.lang.Class;@ee21292,null), ([Ljava.lang.Class;@40c06358,null), ([Ljava.lang.Class;@66e21568,null), ([Ljava.lang.Class;@7f73ce28,null), ([Ljava.lang.Class;@611b35d6,null), ([Ljava.lang.Class;@2282400e,null), ([Ljava.lang.Class;@543d5863,null), ([Ljava.lang.Class;@35dece42,null), ([Ljava.lang.Class;@dd3f8aa,io.atomix.utils.serializer.serializers.ArraysAsListSerializer@3d615b2e), ([Ljava.lang.Class;@3a1f2a1,null), ([Ljava.lang.Class;@40ce9049,null), ([Ljava.lang.Class;@52ca2652,null), ([Ljava.lang.Class;@65c5bf0e,null), ([Ljava.lang.Class;@697d6ded,null), ([Ljava.lang.Class;@5d05f453,null), ([Ljava.lang.Class;@5efeb117,null), ([Ljava.lang.Class;@160b4809,null), ([Ljava.lang.Class;@149b4d20,null), ([Ljava.lang.Class;@664e848c,null), ([Ljava.lang.Class;@4d93f75b,null), ([Ljava.lang.Class;@114a5e0,null), ([Ljava.lang.Class;@4f281aaf,null), ([Ljava.lang.Class;@5d508d22,null), ([Ljava.lang.Class;@f2b90fc,null)]}, RegistrationBlock{begin=52, types=[([Ljava.lang.Class;@53bb4106,null)]}]}
02:53:15.742 [raft-server-1-state] TRACE i.a.utils.serializer.KryoNamespace - class [B registered as 16
02:53:15.742 [raft-server-1-state] TRACE i.a.utils.serializer.KryoNamespace - class java.util.concurrent.atomic.AtomicBoolean registered as 17
02:53:15.742 [raft-server-1-state] TRACE i.a.utils.serializer.KryoNamespace - class java.util.concurrent.atomic.AtomicInteger registered as 18
02:53:15.742 [raft-server-1-state] TRACE i.a.utils.serializer.KryoNamespace - class java.util.concurrent.atomic.AtomicLong registered as 19
02:53:15.742 [raft-server-1-state] TRACE i.a.utils.serializer.KryoNamespace - class com.google.common.collect.ImmutableList registered as 20
02:53:15.742 [raft-server-1-state] TRACE i.a.utils.serializer.KryoNamespace - class com.google.common.collect.RegularImmutableList registered as 20
02:53:15.742 [raft-server-1-state] TRACE i.a.utils.serializer.KryoNamespace - class com.google.common.collect.RegularImmutableList registered as 20
02:53:15.742 [raft-server-1-state] TRACE i.a.utils.serializer.KryoNamespace - class com.google.common.collect.ImmutableList$SubList registered as 20
02:53:15.742 [raft-server-1-state] TRACE i.a.utils.serializer.KryoNamespace - class com.google.common.collect.ImmutableSet registered as 21
02:53:15.742 [raft-server-1-state] TRACE i.a.utils.serializer.KryoNamespace - class com.google.common.collect.RegularImmutableSet registered as 21
02:53:15.742 [raft-server-1-state] TRACE i.a.utils.serializer.KryoNamespace - class com.google.common.collect.SingletonImmutableSet registered as 21
02:53:15.742 [raft-server-1-state] TRACE i.a.utils.serializer.KryoNamespace - class com.google.common.collect.RegularImmutableSet registered as 21
02:53:15.742 [raft-server-1-state] TRACE i.a.utils.serializer.KryoNamespace - class com.google.common.collect.ImmutableMap registered as 22
02:53:15.742 [raft-server-1-state] TRACE i.a.utils.serializer.KryoNamespace - class com.google.common.collect.RegularImmutableMap registered as 22
02:53:15.742 [raft-server-1-state] TRACE i.a.utils.serializer.KryoNamespace - class com.google.common.collect.RegularImmutableMap registered as 22
02:53:15.742 [raft-server-1-state] TRACE i.a.utils.serializer.KryoNamespace - class com.google.common.collect.RegularImmutableMap registered as 22
02:53:15.742 [raft-server-1-state] TRACE i.a.utils.serializer.KryoNamespace - class java.util.Collections$UnmodifiableSet registered as 23
02:53:15.742 [raft-server-1-state] TRACE i.a.utils.serializer.KryoNamespace - class java.util.HashMap registered as 24
02:53:15.742 [raft-server-1-state] TRACE i.a.utils.serializer.KryoNamespace - class java.util.concurrent.ConcurrentHashMap registered as 25
02:53:15.742 [raft-server-1-state] TRACE i.a.utils.serializer.KryoNamespace - class java.util.concurrent.CopyOnWriteArraySet registered as 26
02:53:15.742 [raft-server-1-state] TRACE i.a.utils.serializer.KryoNamespace - class java.util.ArrayList registered as 27
02:53:15.742 [raft-server-1-state] TRACE i.a.utils.serializer.KryoNamespace - class java.util.LinkedList registered as 28
02:53:15.742 [raft-server-1-state] TRACE i.a.utils.serializer.KryoNamespace - class java.util.HashSet registered as 29
02:53:15.742 [raft-server-1-state] TRACE i.a.utils.serializer.KryoNamespace - class java.util.LinkedHashSet registered as 30
02:53:15.742 [raft-server-1-state] TRACE i.a.utils.serializer.KryoNamespace - class com.sun.jmx.remote.internal.ArrayQueue registered as 31
02:53:15.742 [raft-server-1-state] TRACE i.a.utils.serializer.KryoNamespace - class java.util.ArrayDeque registered as 32
02:53:15.742 [raft-server-1-state] TRACE i.a.utils.serializer.KryoNamespace - class com.google.common.collect.HashMultiset registered as 33
02:53:15.742 [raft-server-1-state] TRACE i.a.utils.serializer.KryoNamespace - class com.google.common.collect.Sets registered as 34
02:53:15.742 [raft-server-1-state] TRACE i.a.utils.serializer.KryoNamespace - class com.google.common.collect.ImmutableEntry registered as 35
02:53:15.742 [raft-server-1-state] TRACE i.a.utils.serializer.KryoNamespace - class java.util.Arrays$ArrayList registered as 36
02:53:15.742 [raft-server-1-state] TRACE i.a.utils.serializer.KryoNamespace - class java.util.Collections$SingletonList registered as 37
02:53:15.742 [raft-server-1-state] TRACE i.a.utils.serializer.KryoNamespace - class java.time.Duration registered as 38
02:53:15.742 [raft-server-1-state] TRACE i.a.utils.serializer.KryoNamespace - class java.util.Collections$EmptySet registered as 39
02:53:15.742 [raft-server-1-state] TRACE i.a.utils.serializer.KryoNamespace - class java.util.Optional registered as 40
02:53:15.742 [raft-server-1-state] TRACE i.a.utils.serializer.KryoNamespace - class java.util.Collections$EmptyList registered as 41
02:53:15.742 [raft-server-1-state] TRACE i.a.utils.serializer.KryoNamespace - class java.util.Collections$SingletonSet registered as 42
02:53:15.742 [raft-server-1-state] TRACE i.a.utils.serializer.KryoNamespace - class [I registered as 43
02:53:15.742 [raft-server-1-state] TRACE i.a.utils.serializer.KryoNamespace - class [J registered as 44
02:53:15.743 [raft-server-1-state] TRACE i.a.utils.serializer.KryoNamespace - class [S registered as 45
02:53:15.743 [raft-server-1-state] TRACE i.a.utils.serializer.KryoNamespace - class [D registered as 46
02:53:15.743 [raft-server-1-state] TRACE i.a.utils.serializer.KryoNamespace - class [F registered as 47
02:53:15.743 [raft-server-1-state] TRACE i.a.utils.serializer.KryoNamespace - class [C registered as 48
02:53:15.743 [raft-server-1-state] TRACE i.a.utils.serializer.KryoNamespace - class [Ljava.lang.String; registered as 49
02:53:15.743 [raft-server-1-state] TRACE i.a.utils.serializer.KryoNamespace - class [Z registered as 50
02:53:15.743 [raft-server-1-state] TRACE i.a.utils.serializer.KryoNamespace - class [Ljava.lang.Object; registered as 51
02:53:15.743 [raft-server-1-state] TRACE i.a.utils.serializer.KryoNamespace - class io.atomix.primitive.service.ServiceConfig registered as 52
02:53:15.743 [raft-server-1-state] DEBUG i.a.p.r.service.RaftServiceContext - PrimitiveService{2}{type=io.atomix.protocols.raft.RaftTest$TestPrimitiveType@45397ff4, name=raft-test} - Opening session 2
02:53:15.743 [raft-server-1-state] DEBUG i.a.p.raft.session.RaftSession - Session{2}{type=io.atomix.protocols.raft.RaftTest$TestPrimitiveType@45397ff4, name=raft-test} - State changed: OPEN
02:53:15.743 [raft-server-1-state] TRACE i.a.protocols.raft.roles.LeaderRole - RaftServer{1}{role=LEADER} - Sending OpenSessionResponse{status=OK, session=2, timeout=5000}
02:53:15.743 [raft-client-02319fd7-5003-4fac-b562-689b946eac2b-1] TRACE i.a.p.r.p.impl.RaftProxyConnection - RaftClient{02319fd7-5003-4fac-b562-689b946eac2b} - Received OpenSessionResponse{status=OK, session=2, timeout=5000} from 1
02:53:15.743 [raft-client-02319fd7-5003-4fac-b562-689b946eac2b-0] TRACE i.a.p.r.proxy.impl.RaftProxyManager - RaftClient{02319fd7-5003-4fac-b562-689b946eac2b} - Keeping 1 sessions alive
02:53:15.744 [raft-client-02319fd7-5003-4fac-b562-689b946eac2b-2] TRACE i.a.p.r.p.impl.RaftProxyConnection - RaftClient{02319fd7-5003-4fac-b562-689b946eac2b} - Sending KeepAliveRequest{sessionIds=long[]{length=1, hash=33}, commandSequences=long[]{length=1, hash=31}, eventIndexes=long[]{length=1, hash=33}} to 1
02:53:15.744 [raft-client-02319fd7-5003-4fac-b562-689b946eac2b-0] DEBUG i.a.p.p.impl.RecoveringProxySession - ProxySession{2}{type=io.atomix.protocols.raft.RaftTest$TestPrimitiveType@35bfa1bb, name=raft-test} - State changed: CONNECTED
02:53:15.744 [raft-server-1] TRACE i.a.protocols.raft.roles.LeaderRole - RaftServer{1}{role=LEADER} - Received KeepAliveRequest{sessionIds=long[]{length=1, hash=33}, commandSequences=long[]{length=1, hash=31}, eventIndexes=long[]{length=1, hash=33}}
02:53:15.744 [raft-server-1] TRACE i.a.protocols.raft.roles.LeaderRole - RaftServer{1}{role=LEADER} - Appended Indexed{index=3, entry=KeepAliveEntry{term=1, timestamp=2018-06-09 02:53:15,744, sessionIds=long[]{length=1, hash=33}, commandSequences=long[]{length=1, hash=31}, eventIndexes=long[]{length=1, hash=33}}}
02:53:15.744 [raft-server-1] TRACE i.a.p.raft.roles.LeaderAppender - RaftServer{1} - Sending AppendRequest{term=1, leader=1, prevLogIndex=2, prevLogTerm=1, entries=1, commitIndex=2} to 3
02:53:15.744 [raft-server-3] TRACE i.a.p.raft.roles.FollowerRole - RaftServer{3}{role=FOLLOWER} - Received AppendRequest{term=1, leader=1, prevLogIndex=2, prevLogTerm=1, entries=1, commitIndex=2}
02:53:15.744 [raft-server-1] TRACE i.a.p.raft.roles.LeaderAppender - RaftServer{1} - Sending AppendRequest{term=1, leader=1, prevLogIndex=2, prevLogTerm=1, entries=1, commitIndex=2} to 2
02:53:15.744 [raft-server-2] TRACE i.a.p.raft.roles.FollowerRole - RaftServer{2}{role=FOLLOWER} - Received AppendRequest{term=1, leader=1, prevLogIndex=2, prevLogTerm=1, entries=1, commitIndex=2}
02:53:15.744 [raft-server-3] TRACE i.a.p.raft.roles.FollowerRole - RaftServer{3}{role=FOLLOWER} - Appended Indexed{index=3, entry=KeepAliveEntry{term=1, timestamp=2018-06-09 02:53:15,744, sessionIds=long[]{length=1, hash=33}, commandSequences=long[]{length=1, hash=31}, eventIndexes=long[]{length=1, hash=33}}}
02:53:15.744 [raft-server-2] TRACE i.a.p.raft.roles.FollowerRole - RaftServer{2}{role=FOLLOWER} - Appended Indexed{index=3, entry=KeepAliveEntry{term=1, timestamp=2018-06-09 02:53:15,744, sessionIds=long[]{length=1, hash=33}, commandSequences=long[]{length=1, hash=31}, eventIndexes=long[]{length=1, hash=33}}}
02:53:15.745 [main] TRACE i.a.utils.serializer.KryoNamespace - Creating Kryo instance for KryoNamespace{registeredBlocks=[RegistrationBlock{begin=16, types=[([Ljava.lang.Class;@6b321262,null), ([Ljava.lang.Class;@68b11545,null), ([Ljava.lang.Class;@7d0100ea,null), ([Ljava.lang.Class;@357bc488,null), ([Ljava.lang.Class;@4ea17147,io.atomix.utils.serializer.serializers.ImmutableListSerializer@2eda4eeb), ([Ljava.lang.Class;@5ba90d8a,io.atomix.utils.serializer.serializers.ImmutableSetSerializer@309dcdf3), ([Ljava.lang.Class;@7573b9ee,io.atomix.utils.serializer.serializers.ImmutableMapSerializer@9a20cbd), ([Ljava.lang.Class;@1af4955e,null), ([Ljava.lang.Class;@445821a6,null), ([Ljava.lang.Class;@2c0c4c0a,null), ([Ljava.lang.Class;@35d26ad2,null), ([Ljava.lang.Class;@bb25753,null), ([Ljava.lang.Class;@ee21292,null), ([Ljava.lang.Class;@40c06358,null), ([Ljava.lang.Class;@66e21568,null), ([Ljava.lang.Class;@7f73ce28,null), ([Ljava.lang.Class;@611b35d6,null), ([Ljava.lang.Class;@2282400e,null), ([Ljava.lang.Class;@543d5863,null), ([Ljava.lang.Class;@35dece42,null), ([Ljava.lang.Class;@dd3f8aa,io.atomix.utils.serializer.serializers.ArraysAsListSerializer@3d615b2e), ([Ljava.lang.Class;@3a1f2a1,null), ([Ljava.lang.Class;@40ce9049,null), ([Ljava.lang.Class;@52ca2652,null), ([Ljava.lang.Class;@65c5bf0e,null), ([Ljava.lang.Class;@697d6ded,null), ([Ljava.lang.Class;@5d05f453,null), ([Ljava.lang.Class;@5efeb117,null), ([Ljava.lang.Class;@160b4809,null), ([Ljava.lang.Class;@149b4d20,null), ([Ljava.lang.Class;@664e848c,null), ([Ljava.lang.Class;@4d93f75b,null), ([Ljava.lang.Class;@114a5e0,null), ([Ljava.lang.Class;@4f281aaf,null), ([Ljava.lang.Class;@5d508d22,null), ([Ljava.lang.Class;@f2b90fc,null)]}, RegistrationBlock{begin=52, types=[([Ljava.lang.Class;@6169be09,null)]}]}
02:53:15.745 [main] TRACE i.a.utils.serializer.KryoNamespace - class [B registered as 16
02:53:15.745 [main] TRACE i.a.utils.serializer.KryoNamespace - class java.util.concurrent.atomic.AtomicBoolean registered as 17
02:53:15.745 [main] TRACE i.a.utils.serializer.KryoNamespace - class java.util.concurrent.atomic.AtomicInteger registered as 18
02:53:15.745 [main] TRACE i.a.utils.serializer.KryoNamespace - class java.util.concurrent.atomic.AtomicLong registered as 19
02:53:15.745 [main] TRACE i.a.utils.serializer.KryoNamespace - class com.google.common.collect.ImmutableList registered as 20
02:53:15.745 [main] TRACE i.a.utils.serializer.KryoNamespace - class com.google.common.collect.RegularImmutableList registered as 20
02:53:15.745 [main] TRACE i.a.utils.serializer.KryoNamespace - class com.google.common.collect.RegularImmutableList registered as 20
02:53:15.745 [main] TRACE i.a.utils.serializer.KryoNamespace - class com.google.common.collect.ImmutableList$SubList registered as 20
02:53:15.745 [main] TRACE i.a.utils.serializer.KryoNamespace - class com.google.common.collect.ImmutableSet registered as 21
02:53:15.745 [main] TRACE i.a.utils.serializer.KryoNamespace - class com.google.common.collect.RegularImmutableSet registered as 21
02:53:15.745 [main] TRACE i.a.utils.serializer.KryoNamespace - class com.google.common.collect.SingletonImmutableSet registered as 21
02:53:15.745 [main] TRACE i.a.utils.serializer.KryoNamespace - class com.google.common.collect.RegularImmutableSet registered as 21
02:53:15.745 [main] TRACE i.a.utils.serializer.KryoNamespace - class com.google.common.collect.ImmutableMap registered as 22
02:53:15.745 [main] TRACE i.a.utils.serializer.KryoNamespace - class com.google.common.collect.RegularImmutableMap registered as 22
02:53:15.745 [main] TRACE i.a.utils.serializer.KryoNamespace - class com.google.common.collect.RegularImmutableMap registered as 22
02:53:15.745 [main] TRACE i.a.utils.serializer.KryoNamespace - class com.google.common.collect.RegularImmutableMap registered as 22
02:53:15.745 [main] TRACE i.a.utils.serializer.KryoNamespace - class java.util.Collections$UnmodifiableSet registered as 23
02:53:15.745 [main] TRACE i.a.utils.serializer.KryoNamespace - class java.util.HashMap registered as 24
02:53:15.745 [main] TRACE i.a.utils.serializer.KryoNamespace - class java.util.concurrent.ConcurrentHashMap registered as 25
02:53:15.745 [main] TRACE i.a.utils.serializer.KryoNamespace - class java.util.concurrent.CopyOnWriteArraySet registered as 26
02:53:15.745 [main] TRACE i.a.utils.serializer.KryoNamespace - class java.util.ArrayList registered as 27
02:53:15.745 [main] TRACE i.a.utils.serializer.KryoNamespace - class java.util.LinkedList registered as 28
02:53:15.745 [main] TRACE i.a.utils.serializer.KryoNamespace - class java.util.HashSet registered as 29
02:53:15.745 [main] TRACE i.a.utils.serializer.KryoNamespace - class java.util.LinkedHashSet registered as 30
02:53:15.745 [main] TRACE i.a.utils.serializer.KryoNamespace - class com.sun.jmx.remote.internal.ArrayQueue registered as 31
02:53:15.745 [main] TRACE i.a.utils.serializer.KryoNamespace - class java.util.ArrayDeque registered as 32
02:53:15.745 [main] TRACE i.a.utils.serializer.KryoNamespace - class com.google.common.collect.HashMultiset registered as 33
02:53:15.745 [main] TRACE i.a.utils.serializer.KryoNamespace - class com.google.common.collect.Sets registered as 34
02:53:15.745 [main] TRACE i.a.utils.serializer.KryoNamespace - class com.google.common.collect.ImmutableEntry registered as 35
02:53:15.745 [main] TRACE i.a.utils.serializer.KryoNamespace - class java.util.Arrays$ArrayList registered as 36
02:53:15.745 [main] TRACE i.a.utils.serializer.KryoNamespace - class java.util.Collections$SingletonList registered as 37
02:53:15.746 [main] TRACE i.a.utils.serializer.KryoNamespace - class java.time.Duration registered as 38
02:53:15.746 [main] TRACE i.a.utils.serializer.KryoNamespace - class java.util.Collections$EmptySet registered as 39
02:53:15.746 [main] TRACE i.a.utils.serializer.KryoNamespace - class java.util.Optional registered as 40
02:53:15.746 [main] TRACE i.a.utils.serializer.KryoNamespace - class java.util.Collections$EmptyList registered as 41
02:53:15.746 [main] TRACE i.a.utils.serializer.KryoNamespace - class java.util.Collections$SingletonSet registered as 42
02:53:15.746 [main] TRACE i.a.utils.serializer.KryoNamespace - class [I registered as 43
02:53:15.746 [main] TRACE i.a.utils.serializer.KryoNamespace - class [J registered as 44
02:53:15.746 [main] TRACE i.a.utils.serializer.KryoNamespace - class [S registered as 45
02:53:15.746 [main] TRACE i.a.utils.serializer.KryoNamespace - class [D registered as 46
02:53:15.746 [main] TRACE i.a.utils.serializer.KryoNamespace - class [F registered as 47
02:53:15.746 [main] TRACE i.a.utils.serializer.KryoNamespace - class [C registered as 48
02:53:15.746 [main] TRACE i.a.utils.serializer.KryoNamespace - class [Ljava.lang.String; registered as 49
02:53:15.746 [main] TRACE i.a.utils.serializer.KryoNamespace - class [Z registered as 50
02:53:15.746 [main] TRACE i.a.utils.serializer.KryoNamespace - class [Ljava.lang.Object; registered as 51
02:53:15.746 [main] TRACE i.a.utils.serializer.KryoNamespace - class io.atomix.primitive.service.ServiceConfig registered as 52
02:53:15.747 [raft-client-02319fd7-5003-4fac-b562-689b946eac2b-4] TRACE i.a.p.r.p.impl.RaftProxyConnection - ProxySession{2}{type=io.atomix.protocols.raft.RaftTest$TestPrimitiveType@35bfa1bb, name=raft-test} - Sending CommandRequest{session=2, sequence=1, operation=PrimitiveOperation{id=DefaultOperationId{id=write, type=COMMAND}, value=byte[]{length=17, hash=-1644578928}}} to 2
02:53:15.773 [raft-server-3] TRACE i.a.p.raft.roles.FollowerRole - RaftServer{3}{role=FOLLOWER} - Committed entries up to index 2
02:53:15.773 [raft-server-2] TRACE i.a.p.raft.roles.FollowerRole - RaftServer{2}{role=FOLLOWER} - Committed entries up to index 2
02:53:15.773 [raft-server-3] TRACE i.a.p.raft.roles.FollowerRole - RaftServer{3}{role=FOLLOWER} - Sending AppendResponse{status=OK, term=1, succeeded=true, lastLogIndex=3}
02:53:15.773 [raft-server-2] TRACE i.a.p.raft.roles.FollowerRole - RaftServer{2}{role=FOLLOWER} - Sending AppendResponse{status=OK, term=1, succeeded=true, lastLogIndex=3}
02:53:15.774 [raft-server-1] TRACE i.a.p.raft.roles.LeaderAppender - RaftServer{1} - Received AppendResponse{status=OK, term=1, succeeded=true, lastLogIndex=3} from 3
02:53:15.774 [raft-server-1] TRACE i.a.p.raft.roles.LeaderAppender - RaftServer{1} - Committed entries up to 3
02:53:15.774 [raft-server-2] TRACE i.a.p.raft.roles.FollowerRole - RaftServer{2}{role=FOLLOWER} - Received CommandRequest{session=2, sequence=1, operation=PrimitiveOperation{id=DefaultOperationId{id=write, type=COMMAND}, value=byte[]{length=17, hash=-1644578928}}}
02:53:15.774 [raft-server-3-state] TRACE i.a.p.raft.impl.RaftServiceManager - RaftServer{3} - Applying Indexed{index=2, entry=OpenSessionEntry{term=1, timestamp=2018-06-09 02:53:15,703, node=4, serviceName=raft-test, serviceType=raft-test, serviceConfig=byte[]{length=2, hash=2636}, readConsistency=LINEARIZABLE, minTimeout=250, maxTimeout=5000}}
02:53:15.774 [raft-server-3-state] TRACE i.a.utils.serializer.KryoNamespace - Creating Kryo instance for KryoNamespace{registeredBlocks=[RegistrationBlock{begin=16, types=[([Ljava.lang.Class;@6b321262,null), ([Ljava.lang.Class;@68b11545,null), ([Ljava.lang.Class;@7d0100ea,null), ([Ljava.lang.Class;@357bc488,null), ([Ljava.lang.Class;@4ea17147,io.atomix.utils.serializer.serializers.ImmutableListSerializer@2eda4eeb), ([Ljava.lang.Class;@5ba90d8a,io.atomix.utils.serializer.serializers.ImmutableSetSerializer@309dcdf3), ([Ljava.lang.Class;@7573b9ee,io.atomix.utils.serializer.serializers.ImmutableMapSerializer@9a20cbd), ([Ljava.lang.Class;@1af4955e,null), ([Ljava.lang.Class;@445821a6,null), ([Ljava.lang.Class;@2c0c4c0a,null), ([Ljava.lang.Class;@35d26ad2,null), ([Ljava.lang.Class;@bb25753,null), ([Ljava.lang.Class;@ee21292,null), ([Ljava.lang.Class;@40c06358,null), ([Ljava.lang.Class;@66e21568,null), ([Ljava.lang.Class;@7f73ce28,null), ([Ljava.lang.Class;@611b35d6,null), ([Ljava.lang.Class;@2282400e,null), ([Ljava.lang.Class;@543d5863,null), ([Ljava.lang.Class;@35dece42,null), ([Ljava.lang.Class;@dd3f8aa,io.atomix.utils.serializer.serializers.ArraysAsListSerializer@3d615b2e), ([Ljava.lang.Class;@3a1f2a1,null), ([Ljava.lang.Class;@40ce9049,null), ([Ljava.lang.Class;@52ca2652,null), ([Ljava.lang.Class;@65c5bf0e,null), ([Ljava.lang.Class;@697d6ded,null), ([Ljava.lang.Class;@5d05f453,null), ([Ljava.lang.Class;@5efeb117,null), ([Ljava.lang.Class;@160b4809,null), ([Ljava.lang.Class;@149b4d20,null), ([Ljava.lang.Class;@664e848c,null), ([Ljava.lang.Class;@4d93f75b,null), ([Ljava.lang.Class;@114a5e0,null), ([Ljava.lang.Class;@4f281aaf,null), ([Ljava.lang.Class;@5d508d22,null), ([Ljava.lang.Class;@f2b90fc,null)]}, RegistrationBlock{begin=52, types=[([Ljava.lang.Class;@7f121f52,null)]}]}
02:53:15.774 [raft-server-2-state] TRACE i.a.p.raft.impl.RaftServiceManager - RaftServer{2} - Applying Indexed{index=2, entry=OpenSessionEntry{term=1, timestamp=2018-06-09 02:53:15,703, node=4, serviceName=raft-test, serviceType=raft-test, serviceConfig=byte[]{length=2, hash=2636}, readConsistency=LINEARIZABLE, minTimeout=250, maxTimeout=5000}}
02:53:15.774 [raft-server-2-state] TRACE i.a.utils.serializer.KryoNamespace - Creating Kryo instance for KryoNamespace{registeredBlocks=[RegistrationBlock{begin=16, types=[([Ljava.lang.Class;@6b321262,null), ([Ljava.lang.Class;@68b11545,null), ([Ljava.lang.Class;@7d0100ea,null), ([Ljava.lang.Class;@357bc488,null), ([Ljava.lang.Class;@4ea17147,io.atomix.utils.serializer.serializers.ImmutableListSerializer@2eda4eeb), ([Ljava.lang.Class;@5ba90d8a,io.atomix.utils.serializer.serializers.ImmutableSetSerializer@309dcdf3), ([Ljava.lang.Class;@7573b9ee,io.atomix.utils.serializer.serializers.ImmutableMapSerializer@9a20cbd), ([Ljava.lang.Class;@1af4955e,null), ([Ljava.lang.Class;@445821a6,null), ([Ljava.lang.Class;@2c0c4c0a,null), ([Ljava.lang.Class;@35d26ad2,null), ([Ljava.lang.Class;@bb25753,null), ([Ljava.lang.Class;@ee21292,null), ([Ljava.lang.Class;@40c06358,null), ([Ljava.lang.Class;@66e21568,null), ([Ljava.lang.Class;@7f73ce28,null), ([Ljava.lang.Class;@611b35d6,null), ([Ljava.lang.Class;@2282400e,null), ([Ljava.lang.Class;@543d5863,null), ([Ljava.lang.Class;@35dece42,null), ([Ljava.lang.Class;@dd3f8aa,io.atomix.utils.serializer.serializers.ArraysAsListSerializer@3d615b2e), ([Ljava.lang.Class;@3a1f2a1,null), ([Ljava.lang.Class;@40ce9049,null), ([Ljava.lang.Class;@52ca2652,null), ([Ljava.lang.Class;@65c5bf0e,null), ([Ljava.lang.Class;@697d6ded,null), ([Ljava.lang.Class;@5d05f453,null), ([Ljava.lang.Class;@5efeb117,null), ([Ljava.lang.Class;@160b4809,null), ([Ljava.lang.Class;@149b4d20,null), ([Ljava.lang.Class;@664e848c,null), ([Ljava.lang.Class;@4d93f75b,null), ([Ljava.lang.Class;@114a5e0,null), ([Ljava.lang.Class;@4f281aaf,null), ([Ljava.lang.Class;@5d508d22,null), ([Ljava.lang.Class;@f2b90fc,null)]}, RegistrationBlock{begin=52, types=[([Ljava.lang.Class;@4e3e9259,null)]}]}
02:53:15.774 [raft-server-3-state] TRACE i.a.utils.serializer.KryoNamespace - class [B registered as 16
02:53:15.774 [raft-server-2-state] TRACE i.a.utils.serializer.KryoNamespace - class [B registered as 16
02:53:15.774 [raft-server-3-state] TRACE i.a.utils.serializer.KryoNamespace - class java.util.concurrent.atomic.AtomicBoolean registered as 17
02:53:15.774 [raft-server-2-state] TRACE i.a.utils.serializer.KryoNamespace - class java.util.concurrent.atomic.AtomicBoolean registered as 17
02:53:15.774 [raft-server-3-state] TRACE i.a.utils.serializer.KryoNamespace - class java.util.concurrent.atomic.AtomicInteger registered as 18
02:53:15.774 [raft-server-2-state] TRACE i.a.utils.serializer.KryoNamespace - class java.util.concurrent.atomic.AtomicInteger registered as 18
02:53:15.774 [raft-server-3-state] TRACE i.a.utils.serializer.KryoNamespace - class java.util.concurrent.atomic.AtomicLong registered as 19
02:53:15.774 [raft-server-2-state] TRACE i.a.utils.serializer.KryoNamespace - class java.util.concurrent.atomic.AtomicLong registered as 19
02:53:15.774 [raft-server-3-state] TRACE i.a.utils.serializer.KryoNamespace - class com.google.common.collect.ImmutableList registered as 20
02:53:15.774 [raft-server-2-state] TRACE i.a.utils.serializer.KryoNamespace - class com.google.common.collect.ImmutableList registered as 20
02:53:15.774 [raft-server-3-state] TRACE i.a.utils.serializer.KryoNamespace - class com.google.common.collect.RegularImmutableList registered as 20
02:53:15.774 [raft-server-2-state] TRACE i.a.utils.serializer.KryoNamespace - class com.google.common.collect.RegularImmutableList registered as 20
02:53:15.774 [raft-server-3-state] TRACE i.a.utils.serializer.KryoNamespace - class com.google.common.collect.RegularImmutableList registered as 20
02:53:15.774 [raft-server-2-state] TRACE i.a.utils.serializer.KryoNamespace - class com.google.common.collect.RegularImmutableList registered as 20
02:53:15.775 [raft-server-3-state] TRACE i.a.utils.serializer.KryoNamespace - class com.google.common.collect.ImmutableList$SubList registered as 20
02:53:15.775 [raft-server-2-state] TRACE i.a.utils.serializer.KryoNamespace - class com.google.common.collect.ImmutableList$SubList registered as 20
02:53:15.775 [raft-server-3-state] TRACE i.a.utils.serializer.KryoNamespace - class com.google.common.collect.ImmutableSet registered as 21
02:53:15.775 [raft-server-2-state] TRACE i.a.utils.serializer.KryoNamespace - class com.google.common.collect.ImmutableSet registered as 21
02:53:15.775 [raft-server-3-state] TRACE i.a.utils.serializer.KryoNamespace - class com.google.common.collect.RegularImmutableSet registered as 21
02:53:15.775 [raft-server-2-state] TRACE i.a.utils.serializer.KryoNamespace - class com.google.common.collect.RegularImmutableSet registered as 21
02:53:15.775 [raft-server-3-state] TRACE i.a.utils.serializer.KryoNamespace - class com.google.common.collect.SingletonImmutableSet registered as 21
02:53:15.775 [raft-server-2-state] TRACE i.a.utils.serializer.KryoNamespace - class com.google.common.collect.SingletonImmutableSet registered as 21
02:53:15.775 [raft-server-3-state] TRACE i.a.utils.serializer.KryoNamespace - class com.google.common.collect.RegularImmutableSet registered as 21
02:53:15.775 [raft-server-2-state] TRACE i.a.utils.serializer.KryoNamespace - class com.google.common.collect.RegularImmutableSet registered as 21
02:53:15.775 [raft-server-3-state] TRACE i.a.utils.serializer.KryoNamespace - class com.google.common.collect.ImmutableMap registered as 22
02:53:15.775 [raft-server-2-state] TRACE i.a.utils.serializer.KryoNamespace - class com.google.common.collect.ImmutableMap registered as 22
02:53:15.775 [raft-server-3-state] TRACE i.a.utils.serializer.KryoNamespace - class com.google.common.collect.RegularImmutableMap registered as 22
02:53:15.775 [raft-server-2-state] TRACE i.a.utils.serializer.KryoNamespace - class com.google.common.collect.RegularImmutableMap registered as 22
02:53:15.775 [raft-server-3-state] TRACE i.a.utils.serializer.KryoNamespace - class com.google.common.collect.RegularImmutableMap registered as 22
02:53:15.775 [raft-server-2-state] TRACE i.a.utils.serializer.KryoNamespace - class com.google.common.collect.RegularImmutableMap registered as 22
02:53:15.775 [raft-server-3-state] TRACE i.a.utils.serializer.KryoNamespace - class com.google.common.collect.RegularImmutableMap registered as 22
02:53:15.775 [raft-server-2-state] TRACE i.a.utils.serializer.KryoNamespace - class com.google.common.collect.RegularImmutableMap registered as 22
02:53:15.775 [raft-server-3-state] TRACE i.a.utils.serializer.KryoNamespace - class java.util.Collections$UnmodifiableSet registered as 23
02:53:15.775 [raft-server-2-state] TRACE i.a.utils.serializer.KryoNamespace - class java.util.Collections$UnmodifiableSet registered as 23
02:53:15.775 [raft-server-3-state] TRACE i.a.utils.serializer.KryoNamespace - class java.util.HashMap registered as 24
02:53:15.775 [raft-server-2-state] TRACE i.a.utils.serializer.KryoNamespace - class java.util.HashMap registered as 24
02:53:15.775 [raft-server-3-state] TRACE i.a.utils.serializer.KryoNamespace - class java.util.concurrent.ConcurrentHashMap registered as 25
02:53:15.775 [raft-server-2-state] TRACE i.a.utils.serializer.KryoNamespace - class java.util.concurrent.ConcurrentHashMap registered as 25
02:53:15.775 [raft-server-3-state] TRACE i.a.utils.serializer.KryoNamespace - class java.util.concurrent.CopyOnWriteArraySet registered as 26
02:53:15.775 [raft-server-2-state] TRACE i.a.utils.serializer.KryoNamespace - class java.util.concurrent.CopyOnWriteArraySet registered as 26
02:53:15.775 [raft-server-3-state] TRACE i.a.utils.serializer.KryoNamespace - class java.util.ArrayList registered as 27
02:53:15.775 [raft-server-2-state] TRACE i.a.utils.serializer.KryoNamespace - class java.util.ArrayList registered as 27
02:53:15.775 [raft-server-3-state] TRACE i.a.utils.serializer.KryoNamespace - class java.util.LinkedList registered as 28
02:53:15.775 [raft-server-2-state] TRACE i.a.utils.serializer.KryoNamespace - class java.util.LinkedList registered as 28
02:53:15.775 [raft-server-3-state] TRACE i.a.utils.serializer.KryoNamespace - class java.util.HashSet registered as 29
02:53:15.776 [raft-server-2-state] TRACE i.a.utils.serializer.KryoNamespace - class java.util.HashSet registered as 29
02:53:15.776 [raft-server-3-state] TRACE i.a.utils.serializer.KryoNamespace - class java.util.LinkedHashSet registered as 30
02:53:15.776 [raft-server-2-state] TRACE i.a.utils.serializer.KryoNamespace - class java.util.LinkedHashSet registered as 30
02:53:15.776 [raft-server-3-state] TRACE i.a.utils.serializer.KryoNamespace - class com.sun.jmx.remote.internal.ArrayQueue registered as 31
02:53:15.776 [raft-server-2-state] TRACE i.a.utils.serializer.KryoNamespace - class com.sun.jmx.remote.internal.ArrayQueue registered as 31
02:53:15.776 [raft-server-3-state] TRACE i.a.utils.serializer.KryoNamespace - class java.util.ArrayDeque registered as 32
02:53:15.776 [raft-server-2-state] TRACE i.a.utils.serializer.KryoNamespace - class java.util.ArrayDeque registered as 32
02:53:15.776 [raft-server-3-state] TRACE i.a.utils.serializer.KryoNamespace - class com.google.common.collect.HashMultiset registered as 33
02:53:15.776 [raft-server-2-state] TRACE i.a.utils.serializer.KryoNamespace - class com.google.common.collect.HashMultiset registered as 33
02:53:15.776 [raft-server-3-state] TRACE i.a.utils.serializer.KryoNamespace - class com.google.common.collect.Sets registered as 34
02:53:15.776 [raft-server-2-state] TRACE i.a.utils.serializer.KryoNamespace - class com.google.common.collect.Sets registered as 34
02:53:15.776 [raft-server-3-state] TRACE i.a.utils.serializer.KryoNamespace - class com.google.common.collect.ImmutableEntry registered as 35
02:53:15.776 [raft-server-2-state] TRACE i.a.utils.serializer.KryoNamespace - class com.google.common.collect.ImmutableEntry registered as 35
02:53:15.776 [raft-server-3-state] TRACE i.a.utils.serializer.KryoNamespace - class java.util.Arrays$ArrayList registered as 36
02:53:15.776 [raft-server-2-state] TRACE i.a.utils.serializer.KryoNamespace - class java.util.Arrays$ArrayList registered as 36
02:53:15.776 [raft-server-3-state] TRACE i.a.utils.serializer.KryoNamespace - class java.util.Collections$SingletonList registered as 37
02:53:15.776 [raft-server-2-state] TRACE i.a.utils.serializer.KryoNamespace - class java.util.Collections$SingletonList registered as 37
02:53:15.776 [raft-server-3-state] TRACE i.a.utils.serializer.KryoNamespace - class java.time.Duration registered as 38
02:53:15.776 [raft-server-2-state] TRACE i.a.utils.serializer.KryoNamespace - class java.time.Duration registered as 38
02:53:15.776 [raft-server-3-state] TRACE i.a.utils.serializer.KryoNamespace - class java.util.Collections$EmptySet registered as 39
02:53:15.776 [raft-server-2-state] TRACE i.a.utils.serializer.KryoNamespace - class java.util.Collections$EmptySet registered as 39
02:53:15.776 [raft-server-3-state] TRACE i.a.utils.serializer.KryoNamespace - class java.util.Optional registered as 40
02:53:15.776 [raft-server-2-state] TRACE i.a.utils.serializer.KryoNamespace - class java.util.Optional registered as 40
02:53:15.776 [raft-server-3-state] TRACE i.a.utils.serializer.KryoNamespace - class java.util.Collections$EmptyList registered as 41
02:53:15.776 [raft-server-2-state] TRACE i.a.utils.serializer.KryoNamespace - class java.util.Collections$EmptyList registered as 41
02:53:15.776 [raft-server-3-state] TRACE i.a.utils.serializer.KryoNamespace - class java.util.Collections$SingletonSet registered as 42
02:53:15.776 [raft-server-2-state] TRACE i.a.utils.serializer.KryoNamespace - class java.util.Collections$SingletonSet registered as 42
02:53:15.776 [raft-server-3-state] TRACE i.a.utils.serializer.KryoNamespace - class [I registered as 43
02:53:15.776 [raft-server-2-state] TRACE i.a.utils.serializer.KryoNamespace - class [I registered as 43
02:53:15.776 [raft-server-3-state] TRACE i.a.utils.serializer.KryoNamespace - class [J registered as 44
02:53:15.776 [raft-server-2-state] TRACE i.a.utils.serializer.KryoNamespace - class [J registered as 44
02:53:15.776 [raft-server-3-state] TRACE i.a.utils.serializer.KryoNamespace - class [S registered as 45
02:53:15.776 [raft-server-2-state] TRACE i.a.utils.serializer.KryoNamespace - class [S registered as 45
02:53:15.776 [raft-server-3-state] TRACE i.a.utils.serializer.KryoNamespace - class [D registered as 46
02:53:15.776 [raft-server-2-state] TRACE i.a.utils.serializer.KryoNamespace - class [D registered as 46
02:53:15.776 [raft-server-3-state] TRACE i.a.utils.serializer.KryoNamespace - class [F registered as 47
02:53:15.776 [raft-server-2-state] TRACE i.a.utils.serializer.KryoNamespace - class [F registered as 47
02:53:15.776 [raft-server-3-state] TRACE i.a.utils.serializer.KryoNamespace - class [C registered as 48
02:53:15.777 [raft-server-2-state] TRACE i.a.utils.serializer.KryoNamespace - class [C registered as 48
02:53:15.777 [raft-server-3-state] TRACE i.a.utils.serializer.KryoNamespace - class [Ljava.lang.String; registered as 49
02:53:15.777 [raft-server-2-state] TRACE i.a.utils.serializer.KryoNamespace - class [Ljava.lang.String; registered as 49
02:53:15.777 [raft-server-3-state] TRACE i.a.utils.serializer.KryoNamespace - class [Z registered as 50
02:53:15.777 [raft-server-2-state] TRACE i.a.utils.serializer.KryoNamespace - class [Z registered as 50
02:53:15.777 [raft-server-3-state] TRACE i.a.utils.serializer.KryoNamespace - class [Ljava.lang.Object; registered as 51
02:53:15.777 [raft-server-2-state] TRACE i.a.utils.serializer.KryoNamespace - class [Ljava.lang.Object; registered as 51
02:53:15.777 [raft-server-3-state] TRACE i.a.utils.serializer.KryoNamespace - class io.atomix.primitive.service.ServiceConfig registered as 52
02:53:15.777 [raft-server-2-state] TRACE i.a.utils.serializer.KryoNamespace - class io.atomix.primitive.service.ServiceConfig registered as 52
02:53:15.777 [raft-server-2-state] TRACE i.a.utils.serializer.KryoNamespace - Creating Kryo instance for KryoNamespace{registeredBlocks=[RegistrationBlock{begin=16, types=[([Ljava.lang.Class;@6b321262,null), ([Ljava.lang.Class;@68b11545,null), ([Ljava.lang.Class;@7d0100ea,null), ([Ljava.lang.Class;@357bc488,null), ([Ljava.lang.Class;@4ea17147,io.atomix.utils.serializer.serializers.ImmutableListSerializer@2eda4eeb), ([Ljava.lang.Class;@5ba90d8a,io.atomix.utils.serializer.serializers.ImmutableSetSerializer@309dcdf3), ([Ljava.lang.Class;@7573b9ee,io.atomix.utils.serializer.serializers.ImmutableMapSerializer@9a20cbd), ([Ljava.lang.Class;@1af4955e,null), ([Ljava.lang.Class;@445821a6,null), ([Ljava.lang.Class;@2c0c4c0a,null), ([Ljava.lang.Class;@35d26ad2,null), ([Ljava.lang.Class;@bb25753,null), ([Ljava.lang.Class;@ee21292,null), ([Ljava.lang.Class;@40c06358,null), ([Ljava.lang.Class;@66e21568,null), ([Ljava.lang.Class;@7f73ce28,null), ([Ljava.lang.Class;@611b35d6,null), ([Ljava.lang.Class;@2282400e,null), ([Ljava.lang.Class;@543d5863,null), ([Ljava.lang.Class;@35dece42,null), ([Ljava.lang.Class;@dd3f8aa,io.atomix.utils.serializer.serializers.ArraysAsListSerializer@3d615b2e), ([Ljava.lang.Class;@3a1f2a1,null), ([Ljava.lang.Class;@40ce9049,null), ([Ljava.lang.Class;@52ca2652,null), ([Ljava.lang.Class;@65c5bf0e,null), ([Ljava.lang.Class;@697d6ded,null), ([Ljava.lang.Class;@5d05f453,null), ([Ljava.lang.Class;@5efeb117,null), ([Ljava.lang.Class;@160b4809,null), ([Ljava.lang.Class;@149b4d20,null), ([Ljava.lang.Class;@664e848c,null), ([Ljava.lang.Class;@4d93f75b,null), ([Ljava.lang.Class;@114a5e0,null), ([Ljava.lang.Class;@4f281aaf,null), ([Ljava.lang.Class;@5d508d22,null), ([Ljava.lang.Class;@f2b90fc,null)]}, RegistrationBlock{begin=52, types=[([Ljava.lang.Class;@40f975ee,null)]}]}
02:53:15.777 [raft-server-3-state] TRACE i.a.utils.serializer.KryoNamespace - Creating Kryo instance for KryoNamespace{registeredBlocks=[RegistrationBlock{begin=16, types=[([Ljava.lang.Class;@6b321262,null), ([Ljava.lang.Class;@68b11545,null), ([Ljava.lang.Class;@7d0100ea,null), ([Ljava.lang.Class;@357bc488,null), ([Ljava.lang.Class;@4ea17147,io.atomix.utils.serializer.serializers.ImmutableListSerializer@2eda4eeb), ([Ljava.lang.Class;@5ba90d8a,io.atomix.utils.serializer.serializers.ImmutableSetSerializer@309dcdf3), ([Ljava.lang.Class;@7573b9ee,io.atomix.utils.serializer.serializers.ImmutableMapSerializer@9a20cbd), ([Ljava.lang.Class;@1af4955e,null), ([Ljava.lang.Class;@445821a6,null), ([Ljava.lang.Class;@2c0c4c0a,null), ([Ljava.lang.Class;@35d26ad2,null), ([Ljava.lang.Class;@bb25753,null), ([Ljava.lang.Class;@ee21292,null), ([Ljava.lang.Class;@40c06358,null), ([Ljava.lang.Class;@66e21568,null), ([Ljava.lang.Class;@7f73ce28,null), ([Ljava.lang.Class;@611b35d6,null), ([Ljava.lang.Class;@2282400e,null), ([Ljava.lang.Class;@543d5863,null), ([Ljava.lang.Class;@35dece42,null), ([Ljava.lang.Class;@dd3f8aa,io.atomix.utils.serializer.serializers.ArraysAsListSerializer@3d615b2e), ([Ljava.lang.Class;@3a1f2a1,null), ([Ljava.lang.Class;@40ce9049,null), ([Ljava.lang.Class;@52ca2652,null), ([Ljava.lang.Class;@65c5bf0e,null), ([Ljava.lang.Class;@697d6ded,null), ([Ljava.lang.Class;@5d05f453,null), ([Ljava.lang.Class;@5efeb117,null), ([Ljava.lang.Class;@160b4809,null), ([Ljava.lang.Class;@149b4d20,null), ([Ljava.lang.Class;@664e848c,null), ([Ljava.lang.Class;@4d93f75b,null), ([Ljava.lang.Class;@114a5e0,null), ([Ljava.lang.Class;@4f281aaf,null), ([Ljava.lang.Class;@5d508d22,null), ([Ljava.lang.Class;@f2b90fc,null)]}, RegistrationBlock{begin=52, types=[([Ljava.lang.Class;@71d5eec0,null)]}]}
02:53:15.777 [raft-server-2-state] TRACE i.a.utils.serializer.KryoNamespace - class [B registered as 16
02:53:15.777 [raft-server-2-state] TRACE i.a.utils.serializer.KryoNamespace - class java.util.concurrent.atomic.AtomicBoolean registered as 17
02:53:15.777 [raft-server-3-state] TRACE i.a.utils.serializer.KryoNamespace - class [B registered as 16
02:53:15.777 [raft-server-2-state] TRACE i.a.utils.serializer.KryoNamespace - class java.util.concurrent.atomic.AtomicInteger registered as 18
02:53:15.777 [raft-server-3-state] TRACE i.a.utils.serializer.KryoNamespace - class java.util.concurrent.atomic.AtomicBoolean registered as 17
02:53:15.777 [raft-server-2-state] TRACE i.a.utils.serializer.KryoNamespace - class java.util.concurrent.atomic.AtomicLong registered as 19
02:53:15.777 [raft-server-3-state] TRACE i.a.utils.serializer.KryoNamespace - class java.util.concurrent.atomic.AtomicInteger registered as 18
02:53:15.777 [raft-server-2-state] TRACE i.a.utils.serializer.KryoNamespace - class com.google.common.collect.ImmutableList registered as 20
02:53:15.777 [raft-server-3-state] TRACE i.a.utils.serializer.KryoNamespace - class java.util.concurrent.atomic.AtomicLong registered as 19
02:53:15.777 [raft-server-2-state] TRACE i.a.utils.serializer.KryoNamespace - class com.google.common.collect.RegularImmutableList registered as 20
02:53:15.777 [raft-server-3-state] TRACE i.a.utils.serializer.KryoNamespace - class com.google.common.collect.ImmutableList registered as 20
02:53:15.777 [raft-server-2-state] TRACE i.a.utils.serializer.KryoNamespace - class com.google.common.collect.RegularImmutableList registered as 20
02:53:15.777 [raft-server-3-state] TRACE i.a.utils.serializer.KryoNamespace - class com.google.common.collect.RegularImmutableList registered as 20
02:53:15.777 [raft-server-2-state] TRACE i.a.utils.serializer.KryoNamespace - class com.google.common.collect.ImmutableList$SubList registered as 20
02:53:15.777 [raft-server-3-state] TRACE i.a.utils.serializer.KryoNamespace - class com.google.common.collect.RegularImmutableList registered as 20
02:53:15.777 [raft-server-2-state] TRACE i.a.utils.serializer.KryoNamespace - class com.google.common.collect.ImmutableSet registered as 21
02:53:15.777 [raft-server-3-state] TRACE i.a.utils.serializer.KryoNamespace - class com.google.common.collect.ImmutableList$SubList registered as 20
02:53:15.778 [raft-server-2-state] TRACE i.a.utils.serializer.KryoNamespace - class com.google.common.collect.RegularImmutableSet registered as 21
02:53:15.778 [raft-server-3-state] TRACE i.a.utils.serializer.KryoNamespace - class com.google.common.collect.ImmutableSet registered as 21
02:53:15.778 [raft-server-2-state] TRACE i.a.utils.serializer.KryoNamespace - class com.google.common.collect.SingletonImmutableSet registered as 21
02:53:15.778 [raft-server-3-state] TRACE i.a.utils.serializer.KryoNamespace - class com.google.common.collect.RegularImmutableSet registered as 21
02:53:15.778 [raft-server-2-state] TRACE i.a.utils.serializer.KryoNamespace - class com.google.common.collect.RegularImmutableSet registered as 21
02:53:15.778 [raft-server-3-state] TRACE i.a.utils.serializer.KryoNamespace - class com.google.common.collect.SingletonImmutableSet registered as 21
02:53:15.778 [raft-server-2-state] TRACE i.a.utils.serializer.KryoNamespace - class com.google.common.collect.ImmutableMap registered as 22
02:53:15.778 [raft-server-3-state] TRACE i.a.utils.serializer.KryoNamespace - class com.google.common.collect.RegularImmutableSet registered as 21
02:53:15.778 [raft-server-2-state] TRACE i.a.utils.serializer.KryoNamespace - class com.google.common.collect.RegularImmutableMap registered as 22
02:53:15.778 [raft-server-3-state] TRACE i.a.utils.serializer.KryoNamespace - class com.google.common.collect.ImmutableMap registered as 22
02:53:15.778 [raft-server-2-state] TRACE i.a.utils.serializer.KryoNamespace - class com.google.common.collect.RegularImmutableMap registered as 22
02:53:15.778 [raft-server-3-state] TRACE i.a.utils.serializer.KryoNamespace - class com.google.common.collect.RegularImmutableMap registered as 22
02:53:15.778 [raft-server-2-state] TRACE i.a.utils.serializer.KryoNamespace - class com.google.common.collect.RegularImmutableMap registered as 22
02:53:15.778 [raft-server-3-state] TRACE i.a.utils.serializer.KryoNamespace - class com.google.common.collect.RegularImmutableMap registered as 22
02:53:15.778 [raft-server-3-state] TRACE i.a.utils.serializer.KryoNamespace - class com.google.common.collect.RegularImmutableMap registered as 22
02:53:15.778 [raft-server-2-state] TRACE i.a.utils.serializer.KryoNamespace - class java.util.Collections$UnmodifiableSet registered as 23
02:53:15.778 [raft-server-3-state] TRACE i.a.utils.serializer.KryoNamespace - class java.util.Collections$UnmodifiableSet registered as 23
02:53:15.778 [raft-server-2-state] TRACE i.a.utils.serializer.KryoNamespace - class java.util.HashMap registered as 24
02:53:15.778 [raft-server-3-state] TRACE i.a.utils.serializer.KryoNamespace - class java.util.HashMap registered as 24
02:53:15.778 [raft-server-2-state] TRACE i.a.utils.serializer.KryoNamespace - class java.util.concurrent.ConcurrentHashMap registered as 25
02:53:15.778 [raft-server-3-state] TRACE i.a.utils.serializer.KryoNamespace - class java.util.concurrent.ConcurrentHashMap registered as 25
02:53:15.778 [raft-server-2-state] TRACE i.a.utils.serializer.KryoNamespace - class java.util.concurrent.CopyOnWriteArraySet registered as 26
02:53:15.778 [raft-server-3-state] TRACE i.a.utils.serializer.KryoNamespace - class java.util.concurrent.CopyOnWriteArraySet registered as 26
02:53:15.778 [raft-server-2-state] TRACE i.a.utils.serializer.KryoNamespace - class java.util.ArrayList registered as 27
02:53:15.778 [raft-server-3-state] TRACE i.a.utils.serializer.KryoNamespace - class java.util.ArrayList registered as 27
02:53:15.778 [raft-server-2-state] TRACE i.a.utils.serializer.KryoNamespace - class java.util.LinkedList registered as 28
02:53:15.778 [raft-server-3-state] TRACE i.a.utils.serializer.KryoNamespace - class java.util.LinkedList registered as 28
02:53:15.778 [raft-server-2-state] TRACE i.a.utils.serializer.KryoNamespace - class java.util.HashSet registered as 29
02:53:15.778 [raft-server-3-state] TRACE i.a.utils.serializer.KryoNamespace - class java.util.HashSet registered as 29
02:53:15.778 [raft-server-2-state] TRACE i.a.utils.serializer.KryoNamespace - class java.util.LinkedHashSet registered as 30
02:53:15.778 [raft-server-3-state] TRACE i.a.utils.serializer.KryoNamespace - class java.util.LinkedHashSet registered as 30
02:53:15.778 [raft-server-2-state] TRACE i.a.utils.serializer.KryoNamespace - class com.sun.jmx.remote.internal.ArrayQueue registered as 31
02:53:15.778 [raft-server-3-state] TRACE i.a.utils.serializer.KryoNamespace - class com.sun.jmx.remote.internal.ArrayQueue registered as 31
02:53:15.778 [raft-server-2-state] TRACE i.a.utils.serializer.KryoNamespace - class java.util.ArrayDeque registered as 32
02:53:15.778 [raft-server-3-state] TRACE i.a.utils.serializer.KryoNamespace - class java.util.ArrayDeque registered as 32
02:53:15.779 [raft-server-2-state] TRACE i.a.utils.serializer.KryoNamespace - class com.google.common.collect.HashMultiset registered as 33
02:53:15.779 [raft-server-3-state] TRACE i.a.utils.serializer.KryoNamespace - class com.google.common.collect.HashMultiset registered as 33
02:53:15.779 [raft-server-2-state] TRACE i.a.utils.serializer.KryoNamespace - class com.google.common.collect.Sets registered as 34
02:53:15.779 [raft-server-3-state] TRACE i.a.utils.serializer.KryoNamespace - class com.google.common.collect.Sets registered as 34
02:53:15.779 [raft-server-2-state] TRACE i.a.utils.serializer.KryoNamespace - class com.google.common.collect.ImmutableEntry registered as 35
02:53:15.779 [raft-server-3-state] TRACE i.a.utils.serializer.KryoNamespace - class com.google.common.collect.ImmutableEntry registered as 35
02:53:15.779 [raft-server-2-state] TRACE i.a.utils.serializer.KryoNamespace - class java.util.Arrays$ArrayList registered as 36
02:53:15.779 [raft-server-3-state] TRACE i.a.utils.serializer.KryoNamespace - class java.util.Arrays$ArrayList registered as 36
02:53:15.779 [raft-server-2-state] TRACE i.a.utils.serializer.KryoNamespace - class java.util.Collections$SingletonList registered as 37
02:53:15.779 [raft-server-2-state] TRACE i.a.utils.serializer.KryoNamespace - class java.time.Duration registered as 38
02:53:15.779 [raft-server-3-state] TRACE i.a.utils.serializer.KryoNamespace - class java.util.Collections$SingletonList registered as 37
02:53:15.779 [raft-server-2-state] TRACE i.a.utils.serializer.KryoNamespace - class java.util.Collections$EmptySet registered as 39
02:53:15.779 [raft-server-3-state] TRACE i.a.utils.serializer.KryoNamespace - class java.time.Duration registered as 38
02:53:15.779 [raft-server-2-state] TRACE i.a.utils.serializer.KryoNamespace - class java.util.Optional registered as 40
02:53:15.779 [raft-server-3-state] TRACE i.a.utils.serializer.KryoNamespace - class java.util.Collections$EmptySet registered as 39
02:53:15.779 [raft-server-2-state] TRACE i.a.utils.serializer.KryoNamespace - class java.util.Collections$EmptyList registered as 41
02:53:15.779 [raft-server-3-state] TRACE i.a.utils.serializer.KryoNamespace - class java.util.Optional registered as 40
02:53:15.779 [raft-server-2-state] TRACE i.a.utils.serializer.KryoNamespace - class java.util.Collections$SingletonSet registered as 42
02:53:15.779 [raft-server-3-state] TRACE i.a.utils.serializer.KryoNamespace - class java.util.Collections$EmptyList registered as 41
02:53:15.779 [raft-server-2-state] TRACE i.a.utils.serializer.KryoNamespace - class [I registered as 43
02:53:15.779 [raft-server-3-state] TRACE i.a.utils.serializer.KryoNamespace - class java.util.Collections$SingletonSet registered as 42
02:53:15.779 [raft-server-2-state] TRACE i.a.utils.serializer.KryoNamespace - class [J registered as 44
02:53:15.779 [raft-server-3-state] TRACE i.a.utils.serializer.KryoNamespace - class [I registered as 43
02:53:15.779 [raft-server-2-state] TRACE i.a.utils.serializer.KryoNamespace - class [S registered as 45
02:53:15.779 [raft-server-3-state] TRACE i.a.utils.serializer.KryoNamespace - class [J registered as 44
02:53:15.779 [raft-server-2-state] TRACE i.a.utils.serializer.KryoNamespace - class [D registered as 46
02:53:15.779 [raft-server-3-state] TRACE i.a.utils.serializer.KryoNamespace - class [S registered as 45
02:53:15.779 [raft-server-2-state] TRACE i.a.utils.serializer.KryoNamespace - class [F registered as 47
02:53:15.779 [raft-server-3-state] TRACE i.a.utils.serializer.KryoNamespace - class [D registered as 46
02:53:15.779 [raft-server-2-state] TRACE i.a.utils.serializer.KryoNamespace - class [C registered as 48
02:53:15.779 [raft-server-3-state] TRACE i.a.utils.serializer.KryoNamespace - class [F registered as 47
02:53:15.779 [raft-server-2-state] TRACE i.a.utils.serializer.KryoNamespace - class [Ljava.lang.String; registered as 49
02:53:15.779 [raft-server-3-state] TRACE i.a.utils.serializer.KryoNamespace - class [C registered as 48
02:53:15.779 [raft-server-2-state] TRACE i.a.utils.serializer.KryoNamespace - class [Z registered as 50
02:53:15.779 [raft-server-2-state] TRACE i.a.utils.serializer.KryoNamespace - class [Ljava.lang.Object; registered as 51
02:53:15.779 [raft-server-3-state] TRACE i.a.utils.serializer.KryoNamespace - class [Ljava.lang.String; registered as 49
02:53:15.779 [raft-server-2-state] TRACE i.a.utils.serializer.KryoNamespace - class io.atomix.primitive.service.ServiceConfig registered as 52
02:53:15.780 [raft-server-3-state] TRACE i.a.utils.serializer.KryoNamespace - class [Z registered as 50
02:53:15.780 [raft-server-3-state] TRACE i.a.utils.serializer.KryoNamespace - class [Ljava.lang.Object; registered as 51
02:53:15.780 [raft-server-3-state] TRACE i.a.utils.serializer.KryoNamespace - class io.atomix.primitive.service.ServiceConfig registered as 52
02:53:15.780 [raft-server-2-state] TRACE i.a.utils.serializer.KryoNamespace - Creating Kryo instance for KryoNamespace{registeredBlocks=[RegistrationBlock{begin=16, types=[([Ljava.lang.Class;@6b321262,null), ([Ljava.lang.Class;@68b11545,null), ([Ljava.lang.Class;@7d0100ea,null), ([Ljava.lang.Class;@357bc488,null), ([Ljava.lang.Class;@4ea17147,io.atomix.utils.serializer.serializers.ImmutableListSerializer@2eda4eeb), ([Ljava.lang.Class;@5ba90d8a,io.atomix.utils.serializer.serializers.ImmutableSetSerializer@309dcdf3), ([Ljava.lang.Class;@7573b9ee,io.atomix.utils.serializer.serializers.ImmutableMapSerializer@9a20cbd), ([Ljava.lang.Class;@1af4955e,null), ([Ljava.lang.Class;@445821a6,null), ([Ljava.lang.Class;@2c0c4c0a,null), ([Ljava.lang.Class;@35d26ad2,null), ([Ljava.lang.Class;@bb25753,null), ([Ljava.lang.Class;@ee21292,null), ([Ljava.lang.Class;@40c06358,null), ([Ljava.lang.Class;@66e21568,null), ([Ljava.lang.Class;@7f73ce28,null), ([Ljava.lang.Class;@611b35d6,null), ([Ljava.lang.Class;@2282400e,null), ([Ljava.lang.Class;@543d5863,null), ([Ljava.lang.Class;@35dece42,null), ([Ljava.lang.Class;@dd3f8aa,io.atomix.utils.serializer.serializers.ArraysAsListSerializer@3d615b2e), ([Ljava.lang.Class;@3a1f2a1,null), ([Ljava.lang.Class;@40ce9049,null), ([Ljava.lang.Class;@52ca2652,null), ([Ljava.lang.Class;@65c5bf0e,null), ([Ljava.lang.Class;@697d6ded,null), ([Ljava.lang.Class;@5d05f453,null), ([Ljava.lang.Class;@5efeb117,null), ([Ljava.lang.Class;@160b4809,null), ([Ljava.lang.Class;@149b4d20,null), ([Ljava.lang.Class;@664e848c,null), ([Ljava.lang.Class;@4d93f75b,null), ([Ljava.lang.Class;@114a5e0,null), ([Ljava.lang.Class;@4f281aaf,null), ([Ljava.lang.Class;@5d508d22,null), ([Ljava.lang.Class;@f2b90fc,null)]}, RegistrationBlock{begin=52, types=[([Ljava.lang.Class;@44c6f929,null)]}]}
02:53:15.780 [raft-server-3-state] TRACE i.a.utils.serializer.KryoNamespace - Creating Kryo instance for KryoNamespace{registeredBlocks=[RegistrationBlock{begin=16, types=[([Ljava.lang.Class;@6b321262,null), ([Ljava.lang.Class;@68b11545,null), ([Ljava.lang.Class;@7d0100ea,null), ([Ljava.lang.Class;@357bc488,null), ([Ljava.lang.Class;@4ea17147,io.atomix.utils.serializer.serializers.ImmutableListSerializer@2eda4eeb), ([Ljava.lang.Class;@5ba90d8a,io.atomix.utils.serializer.serializers.ImmutableSetSerializer@309dcdf3), ([Ljava.lang.Class;@7573b9ee,io.atomix.utils.serializer.serializers.ImmutableMapSerializer@9a20cbd), ([Ljava.lang.Class;@1af4955e,null), ([Ljava.lang.Class;@445821a6,null), ([Ljava.lang.Class;@2c0c4c0a,null), ([Ljava.lang.Class;@35d26ad2,null), ([Ljava.lang.Class;@bb25753,null), ([Ljava.lang.Class;@ee21292,null), ([Ljava.lang.Class;@40c06358,null), ([Ljava.lang.Class;@66e21568,null), ([Ljava.lang.Class;@7f73ce28,null), ([Ljava.lang.Class;@611b35d6,null), ([Ljava.lang.Class;@2282400e,null), ([Ljava.lang.Class;@543d5863,null), ([Ljava.lang.Class;@35dece42,null), ([Ljava.lang.Class;@dd3f8aa,io.atomix.utils.serializer.serializers.ArraysAsListSerializer@3d615b2e), ([Ljava.lang.Class;@3a1f2a1,null), ([Ljava.lang.Class;@40ce9049,null), ([Ljava.lang.Class;@52ca2652,null), ([Ljava.lang.Class;@65c5bf0e,null), ([Ljava.lang.Class;@697d6ded,null), ([Ljava.lang.Class;@5d05f453,null), ([Ljava.lang.Class;@5efeb117,null), ([Ljava.lang.Class;@160b4809,null), ([Ljava.lang.Class;@149b4d20,null), ([Ljava.lang.Class;@664e848c,null), ([Ljava.lang.Class;@4d93f75b,null), ([Ljava.lang.Class;@114a5e0,null), ([Ljava.lang.Class;@4f281aaf,null), ([Ljava.lang.Class;@5d508d22,null), ([Ljava.lang.Class;@f2b90fc,null)]}, RegistrationBlock{begin=52, types=[([Ljava.lang.Class;@75ea7422,null)]}]}
02:53:15.780 [raft-server-2-state] TRACE i.a.utils.serializer.KryoNamespace - class [B registered as 16
02:53:15.780 [raft-server-2-state] TRACE i.a.utils.serializer.KryoNamespace - class java.util.concurrent.atomic.AtomicBoolean registered as 17
02:53:15.780 [raft-server-3-state] TRACE i.a.utils.serializer.KryoNamespace - class [B registered as 16
02:53:15.780 [raft-server-2-state] TRACE i.a.utils.serializer.KryoNamespace - class java.util.concurrent.atomic.AtomicInteger registered as 18
02:53:15.780 [raft-server-3-state] TRACE i.a.utils.serializer.KryoNamespace - class java.util.concurrent.atomic.AtomicBoolean registered as 17
02:53:15.780 [raft-server-2-state] TRACE i.a.utils.serializer.KryoNamespace - class java.util.concurrent.atomic.AtomicLong registered as 19
02:53:15.780 [raft-server-3-state] TRACE i.a.utils.serializer.KryoNamespace - class java.util.concurrent.atomic.AtomicInteger registered as 18
02:53:15.780 [raft-server-2-state] TRACE i.a.utils.serializer.KryoNamespace - class com.google.common.collect.ImmutableList registered as 20
02:53:15.780 [raft-server-3-state] TRACE i.a.utils.serializer.KryoNamespace - class java.util.concurrent.atomic.AtomicLong registered as 19
02:53:15.780 [raft-server-2-state] TRACE i.a.utils.serializer.KryoNamespace - class com.google.common.collect.RegularImmutableList registered as 20
02:53:15.780 [raft-server-3-state] TRACE i.a.utils.serializer.KryoNamespace - class com.google.common.collect.ImmutableList registered as 20
02:53:15.780 [raft-server-2-state] TRACE i.a.utils.serializer.KryoNamespace - class com.google.common.collect.RegularImmutableList registered as 20
02:53:15.780 [raft-server-3-state] TRACE i.a.utils.serializer.KryoNamespace - class com.google.common.collect.RegularImmutableList registered as 20
02:53:15.780 [raft-server-2-state] TRACE i.a.utils.serializer.KryoNamespace - class com.google.common.collect.ImmutableList$SubList registered as 20
02:53:15.780 [raft-server-3-state] TRACE i.a.utils.serializer.KryoNamespace - class com.google.common.collect.RegularImmutableList registered as 20
02:53:15.780 [raft-server-2-state] TRACE i.a.utils.serializer.KryoNamespace - class com.google.common.collect.ImmutableSet registered as 21
02:53:15.780 [raft-server-3-state] TRACE i.a.utils.serializer.KryoNamespace - class com.google.common.collect.ImmutableList$SubList registered as 20
02:53:15.780 [raft-server-2-state] TRACE i.a.utils.serializer.KryoNamespace - class com.google.common.collect.RegularImmutableSet registered as 21
02:53:15.780 [raft-server-3-state] TRACE i.a.utils.serializer.KryoNamespace - class com.google.common.collect.ImmutableSet registered as 21
02:53:15.780 [raft-server-2-state] TRACE i.a.utils.serializer.KryoNamespace - class com.google.common.collect.SingletonImmutableSet registered as 21
02:53:15.780 [raft-server-3-state] TRACE i.a.utils.serializer.KryoNamespace - class com.google.common.collect.RegularImmutableSet registered as 21
02:53:15.780 [raft-server-2-state] TRACE i.a.utils.serializer.KryoNamespace - class com.google.common.collect.RegularImmutableSet registered as 21
02:53:15.780 [raft-server-3-state] TRACE i.a.utils.serializer.KryoNamespace - class com.google.common.collect.SingletonImmutableSet registered as 21
02:53:15.780 [raft-server-2-state] TRACE i.a.utils.serializer.KryoNamespace - class com.google.common.collect.ImmutableMap registered as 22
02:53:15.780 [raft-server-3-state] TRACE i.a.utils.serializer.KryoNamespace - class com.google.common.collect.RegularImmutableSet registered as 21
02:53:15.780 [raft-server-2-state] TRACE i.a.utils.serializer.KryoNamespace - class com.google.common.collect.RegularImmutableMap registered as 22
02:53:15.781 [raft-server-3-state] TRACE i.a.utils.serializer.KryoNamespace - class com.google.common.collect.ImmutableMap registered as 22
02:53:15.781 [raft-server-2-state] TRACE i.a.utils.serializer.KryoNamespace - class com.google.common.collect.RegularImmutableMap registered as 22
02:53:15.781 [raft-server-3-state] TRACE i.a.utils.serializer.KryoNamespace - class com.google.common.collect.RegularImmutableMap registered as 22
02:53:15.781 [raft-server-2-state] TRACE i.a.utils.serializer.KryoNamespace - class com.google.common.collect.RegularImmutableMap registered as 22
02:53:15.781 [raft-server-3-state] TRACE i.a.utils.serializer.KryoNamespace - class com.google.common.collect.RegularImmutableMap registered as 22
02:53:15.781 [raft-server-3-state] TRACE i.a.utils.serializer.KryoNamespace - class com.google.common.collect.RegularImmutableMap registered as 22
02:53:15.781 [raft-server-2-state] TRACE i.a.utils.serializer.KryoNamespace - class java.util.Collections$UnmodifiableSet registered as 23
02:53:15.781 [raft-server-3-state] TRACE i.a.utils.serializer.KryoNamespace - class java.util.Collections$UnmodifiableSet registered as 23
02:53:15.781 [raft-server-2-state] TRACE i.a.utils.serializer.KryoNamespace - class java.util.HashMap registered as 24
02:53:15.781 [raft-server-3-state] TRACE i.a.utils.serializer.KryoNamespace - class java.util.HashMap registered as 24
02:53:15.781 [raft-server-2-state] TRACE i.a.utils.serializer.KryoNamespace - class java.util.concurrent.ConcurrentHashMap registered as 25
02:53:15.781 [raft-server-3-state] TRACE i.a.utils.serializer.KryoNamespace - class java.util.concurrent.ConcurrentHashMap registered as 25
02:53:15.781 [raft-server-2-state] TRACE i.a.utils.serializer.KryoNamespace - class java.util.concurrent.CopyOnWriteArraySet registered as 26
02:53:15.781 [raft-server-3-state] TRACE i.a.utils.serializer.KryoNamespace - class java.util.concurrent.CopyOnWriteArraySet registered as 26
02:53:15.781 [raft-server-2-state] TRACE i.a.utils.serializer.KryoNamespace - class java.util.ArrayList registered as 27
02:53:15.781 [raft-server-3-state] TRACE i.a.utils.serializer.KryoNamespace - class java.util.ArrayList registered as 27
02:53:15.781 [raft-server-2-state] TRACE i.a.utils.serializer.KryoNamespace - class java.util.LinkedList registered as 28
02:53:15.781 [raft-server-3-state] TRACE i.a.utils.serializer.KryoNamespace - class java.util.LinkedList registered as 28
02:53:15.781 [raft-server-2-state] TRACE i.a.utils.serializer.KryoNamespace - class java.util.HashSet registered as 29
02:53:15.781 [raft-server-3-state] TRACE i.a.utils.serializer.KryoNamespace - class java.util.HashSet registered as 29
02:53:15.781 [raft-server-2-state] TRACE i.a.utils.serializer.KryoNamespace - class java.util.LinkedHashSet registered as 30
02:53:15.781 [raft-server-3-state] TRACE i.a.utils.serializer.KryoNamespace - class java.util.LinkedHashSet registered as 30
02:53:15.781 [raft-server-2-state] TRACE i.a.utils.serializer.KryoNamespace - class com.sun.jmx.remote.internal.ArrayQueue registered as 31
02:53:15.781 [raft-server-3-state] TRACE i.a.utils.serializer.KryoNamespace - class com.sun.jmx.remote.internal.ArrayQueue registered as 31
02:53:15.781 [raft-server-2-state] TRACE i.a.utils.serializer.KryoNamespace - class java.util.ArrayDeque registered as 32
02:53:15.781 [raft-server-3-state] TRACE i.a.utils.serializer.KryoNamespace - class java.util.ArrayDeque registered as 32
02:53:15.781 [raft-server-2-state] TRACE i.a.utils.serializer.KryoNamespace - class com.google.common.collect.HashMultiset registered as 33
02:53:15.781 [raft-server-2-state] TRACE i.a.utils.serializer.KryoNamespace - class com.google.common.collect.Sets registered as 34
02:53:15.781 [raft-server-3-state] TRACE i.a.utils.serializer.KryoNamespace - class com.google.common.collect.HashMultiset registered as 33
02:53:15.781 [raft-server-2-state] TRACE i.a.utils.serializer.KryoNamespace - class com.google.common.collect.ImmutableEntry registered as 35
02:53:15.781 [raft-server-3-state] TRACE i.a.utils.serializer.KryoNamespace - class com.google.common.collect.Sets registered as 34
02:53:15.781 [raft-server-2-state] TRACE i.a.utils.serializer.KryoNamespace - class java.util.Arrays$ArrayList registered as 36
02:53:15.781 [raft-server-3-state] TRACE i.a.utils.serializer.KryoNamespace - class com.google.common.collect.ImmutableEntry registered as 35
02:53:15.781 [raft-server-3-state] TRACE i.a.utils.serializer.KryoNamespace - class java.util.Arrays$ArrayList registered as 36
02:53:15.781 [raft-server-2-state] TRACE i.a.utils.serializer.KryoNamespace - class java.util.Collections$SingletonList registered as 37
02:53:15.781 [raft-server-2-state] TRACE i.a.utils.serializer.KryoNamespace - class java.time.Duration registered as 38
02:53:15.781 [raft-server-3-state] TRACE i.a.utils.serializer.KryoNamespace - class java.util.Collections$SingletonList registered as 37
02:53:15.782 [raft-server-3-state] TRACE i.a.utils.serializer.KryoNamespace - class java.time.Duration registered as 38
02:53:15.782 [raft-server-2-state] TRACE i.a.utils.serializer.KryoNamespace - class java.util.Collections$EmptySet registered as 39
02:53:15.782 [raft-server-2-state] TRACE i.a.utils.serializer.KryoNamespace - class java.util.Optional registered as 40
02:53:15.782 [raft-server-3-state] TRACE i.a.utils.serializer.KryoNamespace - class java.util.Collections$EmptySet registered as 39
02:53:15.782 [raft-server-2-state] TRACE i.a.utils.serializer.KryoNamespace - class java.util.Collections$EmptyList registered as 41
02:53:15.782 [raft-server-3-state] TRACE i.a.utils.serializer.KryoNamespace - class java.util.Optional registered as 40
02:53:15.782 [raft-server-2-state] TRACE i.a.utils.serializer.KryoNamespace - class java.util.Collections$SingletonSet registered as 42
02:53:15.782 [raft-server-3-state] TRACE i.a.utils.serializer.KryoNamespace - class java.util.Collections$EmptyList registered as 41
02:53:15.782 [raft-server-2-state] TRACE i.a.utils.serializer.KryoNamespace - class [I registered as 43
02:53:15.782 [raft-server-3-state] TRACE i.a.utils.serializer.KryoNamespace - class java.util.Collections$SingletonSet registered as 42
02:53:15.782 [raft-server-2-state] TRACE i.a.utils.serializer.KryoNamespace - class [J registered as 44
02:53:15.782 [raft-server-3-state] TRACE i.a.utils.serializer.KryoNamespace - class [I registered as 43
02:53:15.782 [raft-server-2-state] TRACE i.a.utils.serializer.KryoNamespace - class [S registered as 45
02:53:15.782 [raft-server-3-state] TRACE i.a.utils.serializer.KryoNamespace - class [J registered as 44
02:53:15.782 [raft-server-2-state] TRACE i.a.utils.serializer.KryoNamespace - class [D registered as 46
02:53:15.782 [raft-server-3-state] TRACE i.a.utils.serializer.KryoNamespace - class [S registered as 45
02:53:15.782 [raft-server-2-state] TRACE i.a.utils.serializer.KryoNamespace - class [F registered as 47
02:53:15.782 [raft-server-3-state] TRACE i.a.utils.serializer.KryoNamespace - class [D registered as 46
02:53:15.782 [raft-server-2-state] TRACE i.a.utils.serializer.KryoNamespace - class [C registered as 48
02:53:15.782 [raft-server-3-state] TRACE i.a.utils.serializer.KryoNamespace - class [F registered as 47
02:53:15.782 [raft-server-2-state] TRACE i.a.utils.serializer.KryoNamespace - class [Ljava.lang.String; registered as 49
02:53:15.782 [raft-server-3-state] TRACE i.a.utils.serializer.KryoNamespace - class [C registered as 48
02:53:15.782 [raft-server-2-state] TRACE i.a.utils.serializer.KryoNamespace - class [Z registered as 50
02:53:15.782 [raft-server-2-state] TRACE i.a.utils.serializer.KryoNamespace - class [Ljava.lang.Object; registered as 51
02:53:15.782 [raft-server-3-state] TRACE i.a.utils.serializer.KryoNamespace - class [Ljava.lang.String; registered as 49
02:53:15.782 [raft-server-2-state] TRACE i.a.utils.serializer.KryoNamespace - class io.atomix.primitive.service.ServiceConfig registered as 52
02:53:15.782 [raft-server-3-state] TRACE i.a.utils.serializer.KryoNamespace - class [Z registered as 50
02:53:15.782 [raft-server-3-state] TRACE i.a.utils.serializer.KryoNamespace - class [Ljava.lang.Object; registered as 51
02:53:15.782 [raft-server-3-state] TRACE i.a.utils.serializer.KryoNamespace - class io.atomix.primitive.service.ServiceConfig registered as 52
02:53:15.782 [raft-server-2-state] DEBUG i.a.p.s.impl.DefaultServiceExecutor - PrimitiveService{2}{type=io.atomix.protocols.raft.RaftTest$TestPrimitiveType@1c47fd5, name=raft-test} - Registered operation callback DefaultOperationId{id=sendEvent, type=COMMAND}
02:53:15.782 [raft-server-3-state] DEBUG i.a.p.s.impl.DefaultServiceExecutor - PrimitiveService{2}{type=io.atomix.protocols.raft.RaftTest$TestPrimitiveType@30e8e4fb, name=raft-test} - Registered operation callback DefaultOperationId{id=sendEvent, type=COMMAND}
02:53:15.782 [raft-server-2-state] DEBUG i.a.p.s.impl.DefaultServiceExecutor - PrimitiveService{2}{type=io.atomix.protocols.raft.RaftTest$TestPrimitiveType@1c47fd5, name=raft-test} - Registered operation callback DefaultOperationId{id=onClose, type=COMMAND}
02:53:15.782 [raft-server-3-state] DEBUG i.a.p.s.impl.DefaultServiceExecutor - PrimitiveService{2}{type=io.atomix.protocols.raft.RaftTest$TestPrimitiveType@30e8e4fb, name=raft-test} - Registered operation callback DefaultOperationId{id=onClose, type=COMMAND}
02:53:15.782 [raft-server-2-state] DEBUG i.a.p.s.impl.DefaultServiceExecutor - PrimitiveService{2}{type=io.atomix.protocols.raft.RaftTest$TestPrimitiveType@1c47fd5, name=raft-test} - Registered operation callback DefaultOperationId{id=read, type=QUERY}
02:53:15.782 [raft-server-3-state] DEBUG i.a.p.s.impl.DefaultServiceExecutor - PrimitiveService{2}{type=io.atomix.protocols.raft.RaftTest$TestPrimitiveType@30e8e4fb, name=raft-test} - Registered operation callback DefaultOperationId{id=read, type=QUERY}
02:53:15.782 [raft-server-2-state] DEBUG i.a.p.s.impl.DefaultServiceExecutor - PrimitiveService{2}{type=io.atomix.protocols.raft.RaftTest$TestPrimitiveType@1c47fd5, name=raft-test} - Registered operation callback DefaultOperationId{id=onExpire, type=COMMAND}
02:53:15.783 [raft-server-3-state] DEBUG i.a.p.s.impl.DefaultServiceExecutor - PrimitiveService{2}{type=io.atomix.protocols.raft.RaftTest$TestPrimitiveType@30e8e4fb, name=raft-test} - Registered operation callback DefaultOperationId{id=onExpire, type=COMMAND}
02:53:15.783 [raft-server-2-state] DEBUG i.a.p.s.impl.DefaultServiceExecutor - PrimitiveService{2}{type=io.atomix.protocols.raft.RaftTest$TestPrimitiveType@1c47fd5, name=raft-test} - Registered operation callback DefaultOperationId{id=write, type=COMMAND}
02:53:15.783 [raft-server-3-state] DEBUG i.a.p.s.impl.DefaultServiceExecutor - PrimitiveService{2}{type=io.atomix.protocols.raft.RaftTest$TestPrimitiveType@30e8e4fb, name=raft-test} - Registered operation callback DefaultOperationId{id=write, type=COMMAND}
02:53:15.783 [raft-server-2-state] TRACE i.a.utils.serializer.KryoNamespace - Creating Kryo instance for KryoNamespace{registeredBlocks=[RegistrationBlock{begin=16, types=[([Ljava.lang.Class;@6b321262,null), ([Ljava.lang.Class;@68b11545,null), ([Ljava.lang.Class;@7d0100ea,null), ([Ljava.lang.Class;@357bc488,null), ([Ljava.lang.Class;@4ea17147,io.atomix.utils.serializer.serializers.ImmutableListSerializer@2eda4eeb), ([Ljava.lang.Class;@5ba90d8a,io.atomix.utils.serializer.serializers.ImmutableSetSerializer@309dcdf3), ([Ljava.lang.Class;@7573b9ee,io.atomix.utils.serializer.serializers.ImmutableMapSerializer@9a20cbd), ([Ljava.lang.Class;@1af4955e,null), ([Ljava.lang.Class;@445821a6,null), ([Ljava.lang.Class;@2c0c4c0a,null), ([Ljava.lang.Class;@35d26ad2,null), ([Ljava.lang.Class;@bb25753,null), ([Ljava.lang.Class;@ee21292,null), ([Ljava.lang.Class;@40c06358,null), ([Ljava.lang.Class;@66e21568,null), ([Ljava.lang.Class;@7f73ce28,null), ([Ljava.lang.Class;@611b35d6,null), ([Ljava.lang.Class;@2282400e,null), ([Ljava.lang.Class;@543d5863,null), ([Ljava.lang.Class;@35dece42,null), ([Ljava.lang.Class;@dd3f8aa,io.atomix.utils.serializer.serializers.ArraysAsListSerializer@3d615b2e), ([Ljava.lang.Class;@3a1f2a1,null), ([Ljava.lang.Class;@40ce9049,null), ([Ljava.lang.Class;@52ca2652,null), ([Ljava.lang.Class;@65c5bf0e,null), ([Ljava.lang.Class;@697d6ded,null), ([Ljava.lang.Class;@5d05f453,null), ([Ljava.lang.Class;@5efeb117,null), ([Ljava.lang.Class;@160b4809,null), ([Ljava.lang.Class;@149b4d20,null), ([Ljava.lang.Class;@664e848c,null), ([Ljava.lang.Class;@4d93f75b,null), ([Ljava.lang.Class;@114a5e0,null), ([Ljava.lang.Class;@4f281aaf,null), ([Ljava.lang.Class;@5d508d22,null), ([Ljava.lang.Class;@f2b90fc,null)]}, RegistrationBlock{begin=52, types=[([Ljava.lang.Class;@3b5289ee,null)]}]}
02:53:15.783 [raft-server-3-state] TRACE i.a.utils.serializer.KryoNamespace - Creating Kryo instance for KryoNamespace{registeredBlocks=[RegistrationBlock{begin=16, types=[([Ljava.lang.Class;@6b321262,null), ([Ljava.lang.Class;@68b11545,null), ([Ljava.lang.Class;@7d0100ea,null), ([Ljava.lang.Class;@357bc488,null), ([Ljava.lang.Class;@4ea17147,io.atomix.utils.serializer.serializers.ImmutableListSerializer@2eda4eeb), ([Ljava.lang.Class;@5ba90d8a,io.atomix.utils.serializer.serializers.ImmutableSetSerializer@309dcdf3), ([Ljava.lang.Class;@7573b9ee,io.atomix.utils.serializer.serializers.ImmutableMapSerializer@9a20cbd), ([Ljava.lang.Class;@1af4955e,null), ([Ljava.lang.Class;@445821a6,null), ([Ljava.lang.Class;@2c0c4c0a,null), ([Ljava.lang.Class;@35d26ad2,null), ([Ljava.lang.Class;@bb25753,null), ([Ljava.lang.Class;@ee21292,null), ([Ljava.lang.Class;@40c06358,null), ([Ljava.lang.Class;@66e21568,null), ([Ljava.lang.Class;@7f73ce28,null), ([Ljava.lang.Class;@611b35d6,null), ([Ljava.lang.Class;@2282400e,null), ([Ljava.lang.Class;@543d5863,null), ([Ljava.lang.Class;@35dece42,null), ([Ljava.lang.Class;@dd3f8aa,io.atomix.utils.serializer.serializers.ArraysAsListSerializer@3d615b2e), ([Ljava.lang.Class;@3a1f2a1,null), ([Ljava.lang.Class;@40ce9049,null), ([Ljava.lang.Class;@52ca2652,null), ([Ljava.lang.Class;@65c5bf0e,null), ([Ljava.lang.Class;@697d6ded,null), ([Ljava.lang.Class;@5d05f453,null), ([Ljava.lang.Class;@5efeb117,null), ([Ljava.lang.Class;@160b4809,null), ([Ljava.lang.Class;@149b4d20,null), ([Ljava.lang.Class;@664e848c,null), ([Ljava.lang.Class;@4d93f75b,null), ([Ljava.lang.Class;@114a5e0,null), ([Ljava.lang.Class;@4f281aaf,null), ([Ljava.lang.Class;@5d508d22,null), ([Ljava.lang.Class;@f2b90fc,null)]}, RegistrationBlock{begin=52, types=[([Ljava.lang.Class;@5fef953b,null)]}]}
02:53:15.783 [raft-server-2-state] TRACE i.a.utils.serializer.KryoNamespace - class [B registered as 16
02:53:15.783 [raft-server-2-state] TRACE i.a.utils.serializer.KryoNamespace - class java.util.concurrent.atomic.AtomicBoolean registered as 17
02:53:15.783 [raft-server-3-state] TRACE i.a.utils.serializer.KryoNamespace - class [B registered as 16
02:53:15.783 [raft-server-2-state] TRACE i.a.utils.serializer.KryoNamespace - class java.util.concurrent.atomic.AtomicInteger registered as 18
02:53:15.783 [raft-server-3-state] TRACE i.a.utils.serializer.KryoNamespace - class java.util.concurrent.atomic.AtomicBoolean registered as 17
02:53:15.783 [raft-server-2-state] TRACE i.a.utils.serializer.KryoNamespace - class java.util.concurrent.atomic.AtomicLong registered as 19
02:53:15.783 [raft-server-3-state] TRACE i.a.utils.serializer.KryoNamespace - class java.util.concurrent.atomic.AtomicInteger registered as 18
02:53:15.783 [raft-server-2-state] TRACE i.a.utils.serializer.KryoNamespace - class com.google.common.collect.ImmutableList registered as 20
02:53:15.783 [raft-server-3-state] TRACE i.a.utils.serializer.KryoNamespace - class java.util.concurrent.atomic.AtomicLong registered as 19
02:53:15.783 [raft-server-2-state] TRACE i.a.utils.serializer.KryoNamespace - class com.google.common.collect.RegularImmutableList registered as 20
02:53:15.783 [raft-server-3-state] TRACE i.a.utils.serializer.KryoNamespace - class com.google.common.collect.ImmutableList registered as 20
02:53:15.783 [raft-server-2-state] TRACE i.a.utils.serializer.KryoNamespace - class com.google.common.collect.RegularImmutableList registered as 20
02:53:15.783 [raft-server-3-state] TRACE i.a.utils.serializer.KryoNamespace - class com.google.common.collect.RegularImmutableList registered as 20
02:53:15.783 [raft-server-2-state] TRACE i.a.utils.serializer.KryoNamespace - class com.google.common.collect.ImmutableList$SubList registered as 20
02:53:15.783 [raft-server-3-state] TRACE i.a.utils.serializer.KryoNamespace - class com.google.common.collect.RegularImmutableList registered as 20
02:53:15.783 [raft-server-2-state] TRACE i.a.utils.serializer.KryoNamespace - class com.google.common.collect.ImmutableSet registered as 21
02:53:15.783 [raft-server-3-state] TRACE i.a.utils.serializer.KryoNamespace - class com.google.common.collect.ImmutableList$SubList registered as 20
02:53:15.783 [raft-server-2-state] TRACE i.a.utils.serializer.KryoNamespace - class com.google.common.collect.RegularImmutableSet registered as 21
02:53:15.783 [raft-server-3-state] TRACE i.a.utils.serializer.KryoNamespace - class com.google.common.collect.ImmutableSet registered as 21
02:53:15.783 [raft-server-2-state] TRACE i.a.utils.serializer.KryoNamespace - class com.google.common.collect.SingletonImmutableSet registered as 21
02:53:15.783 [raft-server-3-state] TRACE i.a.utils.serializer.KryoNamespace - class com.google.common.collect.RegularImmutableSet registered as 21
02:53:15.783 [raft-server-2-state] TRACE i.a.utils.serializer.KryoNamespace - class com.google.common.collect.RegularImmutableSet registered as 21
02:53:15.783 [raft-server-3-state] TRACE i.a.utils.serializer.KryoNamespace - class com.google.common.collect.SingletonImmutableSet registered as 21
02:53:15.783 [raft-server-2-state] TRACE i.a.utils.serializer.KryoNamespace - class com.google.common.collect.ImmutableMap registered as 22
02:53:15.784 [raft-server-3-state] TRACE i.a.utils.serializer.KryoNamespace - class com.google.common.collect.RegularImmutableSet registered as 21
02:53:15.784 [raft-server-2-state] TRACE i.a.utils.serializer.KryoNamespace - class com.google.common.collect.RegularImmutableMap registered as 22
02:53:15.784 [raft-server-3-state] TRACE i.a.utils.serializer.KryoNamespace - class com.google.common.collect.ImmutableMap registered as 22
02:53:15.784 [raft-server-2-state] TRACE i.a.utils.serializer.KryoNamespace - class com.google.common.collect.RegularImmutableMap registered as 22
02:53:15.784 [raft-server-3-state] TRACE i.a.utils.serializer.KryoNamespace - class com.google.common.collect.RegularImmutableMap registered as 22
02:53:15.784 [raft-server-2-state] TRACE i.a.utils.serializer.KryoNamespace - class com.google.common.collect.RegularImmutableMap registered as 22
02:53:15.784 [raft-server-3-state] TRACE i.a.utils.serializer.KryoNamespace - class com.google.common.collect.RegularImmutableMap registered as 22
02:53:15.784 [raft-server-3-state] TRACE i.a.utils.serializer.KryoNamespace - class com.google.common.collect.RegularImmutableMap registered as 22
02:53:15.784 [raft-server-2-state] TRACE i.a.utils.serializer.KryoNamespace - class java.util.Collections$UnmodifiableSet registered as 23
02:53:15.784 [raft-server-3-state] TRACE i.a.utils.serializer.KryoNamespace - class java.util.Collections$UnmodifiableSet registered as 23
02:53:15.784 [raft-server-2-state] TRACE i.a.utils.serializer.KryoNamespace - class java.util.HashMap registered as 24
02:53:15.784 [raft-server-3-state] TRACE i.a.utils.serializer.KryoNamespace - class java.util.HashMap registered as 24
02:53:15.784 [raft-server-2-state] TRACE i.a.utils.serializer.KryoNamespace - class java.util.concurrent.ConcurrentHashMap registered as 25
02:53:15.784 [raft-server-3-state] TRACE i.a.utils.serializer.KryoNamespace - class java.util.concurrent.ConcurrentHashMap registered as 25
02:53:15.784 [raft-server-2-state] TRACE i.a.utils.serializer.KryoNamespace - class java.util.concurrent.CopyOnWriteArraySet registered as 26
02:53:15.784 [raft-server-3-state] TRACE i.a.utils.serializer.KryoNamespace - class java.util.concurrent.CopyOnWriteArraySet registered as 26
02:53:15.784 [raft-server-2-state] TRACE i.a.utils.serializer.KryoNamespace - class java.util.ArrayList registered as 27
02:53:15.784 [raft-server-3-state] TRACE i.a.utils.serializer.KryoNamespace - class java.util.ArrayList registered as 27
02:53:15.784 [raft-server-2-state] TRACE i.a.utils.serializer.KryoNamespace - class java.util.LinkedList registered as 28
02:53:15.784 [raft-server-3-state] TRACE i.a.utils.serializer.KryoNamespace - class java.util.LinkedList registered as 28
02:53:15.784 [raft-server-2-state] TRACE i.a.utils.serializer.KryoNamespace - class java.util.HashSet registered as 29
02:53:15.784 [raft-server-3-state] TRACE i.a.utils.serializer.KryoNamespace - class java.util.HashSet registered as 29
02:53:15.784 [raft-server-2-state] TRACE i.a.utils.serializer.KryoNamespace - class java.util.LinkedHashSet registered as 30
02:53:15.784 [raft-server-3-state] TRACE i.a.utils.serializer.KryoNamespace - class java.util.LinkedHashSet registered as 30
02:53:15.784 [raft-server-2-state] TRACE i.a.utils.serializer.KryoNamespace - class com.sun.jmx.remote.internal.ArrayQueue registered as 31
02:53:15.784 [raft-server-3-state] TRACE i.a.utils.serializer.KryoNamespace - class com.sun.jmx.remote.internal.ArrayQueue registered as 31
02:53:15.784 [raft-server-2-state] TRACE i.a.utils.serializer.KryoNamespace - class java.util.ArrayDeque registered as 32
02:53:15.784 [raft-server-3-state] TRACE i.a.utils.serializer.KryoNamespace - class java.util.ArrayDeque registered as 32
02:53:15.784 [raft-server-2-state] TRACE i.a.utils.serializer.KryoNamespace - class com.google.common.collect.HashMultiset registered as 33
02:53:15.784 [raft-server-3-state] TRACE i.a.utils.serializer.KryoNamespace - class com.google.common.collect.HashMultiset registered as 33
02:53:15.784 [raft-server-2-state] TRACE i.a.utils.serializer.KryoNamespace - class com.google.common.collect.Sets registered as 34
02:53:15.784 [raft-server-3-state] TRACE i.a.utils.serializer.KryoNamespace - class com.google.common.collect.Sets registered as 34
02:53:15.784 [raft-server-2-state] TRACE i.a.utils.serializer.KryoNamespace - class com.google.common.collect.ImmutableEntry registered as 35
02:53:15.784 [raft-server-2-state] TRACE i.a.utils.serializer.KryoNamespace - class java.util.Arrays$ArrayList registered as 36
02:53:15.784 [raft-server-3-state] TRACE i.a.utils.serializer.KryoNamespace - class com.google.common.collect.ImmutableEntry registered as 35
02:53:15.784 [raft-server-3-state] TRACE i.a.utils.serializer.KryoNamespace - class java.util.Arrays$ArrayList registered as 36
02:53:15.784 [raft-server-2-state] TRACE i.a.utils.serializer.KryoNamespace - class java.util.Collections$SingletonList registered as 37
02:53:15.784 [raft-server-2-state] TRACE i.a.utils.serializer.KryoNamespace - class java.time.Duration registered as 38
02:53:15.784 [raft-server-3-state] TRACE i.a.utils.serializer.KryoNamespace - class java.util.Collections$SingletonList registered as 37
02:53:15.785 [raft-server-3-state] TRACE i.a.utils.serializer.KryoNamespace - class java.time.Duration registered as 38
02:53:15.785 [raft-server-2-state] TRACE i.a.utils.serializer.KryoNamespace - class java.util.Collections$EmptySet registered as 39
02:53:15.785 [raft-server-2-state] TRACE i.a.utils.serializer.KryoNamespace - class java.util.Optional registered as 40
02:53:15.785 [raft-server-3-state] TRACE i.a.utils.serializer.KryoNamespace - class java.util.Collections$EmptySet registered as 39
02:53:15.785 [raft-server-3-state] TRACE i.a.utils.serializer.KryoNamespace - class java.util.Optional registered as 40
02:53:15.785 [raft-server-2-state] TRACE i.a.utils.serializer.KryoNamespace - class java.util.Collections$EmptyList registered as 41
02:53:15.785 [raft-server-3-state] TRACE i.a.utils.serializer.KryoNamespace - class java.util.Collections$EmptyList registered as 41
02:53:15.785 [raft-server-2-state] TRACE i.a.utils.serializer.KryoNamespace - class java.util.Collections$SingletonSet registered as 42
02:53:15.785 [raft-server-3-state] TRACE i.a.utils.serializer.KryoNamespace - class java.util.Collections$SingletonSet registered as 42
02:53:15.785 [raft-server-2-state] TRACE i.a.utils.serializer.KryoNamespace - class [I registered as 43
02:53:15.785 [raft-server-3-state] TRACE i.a.utils.serializer.KryoNamespace - class [I registered as 43
02:53:15.785 [raft-server-2-state] TRACE i.a.utils.serializer.KryoNamespace - class [J registered as 44
02:53:15.785 [raft-server-3-state] TRACE i.a.utils.serializer.KryoNamespace - class [J registered as 44
02:53:15.785 [raft-server-2-state] TRACE i.a.utils.serializer.KryoNamespace - class [S registered as 45
02:53:15.785 [raft-server-3-state] TRACE i.a.utils.serializer.KryoNamespace - class [S registered as 45
02:53:15.785 [raft-server-2-state] TRACE i.a.utils.serializer.KryoNamespace - class [D registered as 46
02:53:15.785 [raft-server-3-state] TRACE i.a.utils.serializer.KryoNamespace - class [D registered as 46
02:53:15.785 [raft-server-2-state] TRACE i.a.utils.serializer.KryoNamespace - class [F registered as 47
02:53:15.785 [raft-server-3-state] TRACE i.a.utils.serializer.KryoNamespace - class [F registered as 47
02:53:15.785 [raft-server-2-state] TRACE i.a.utils.serializer.KryoNamespace - class [C registered as 48
02:53:15.785 [raft-server-3-state] TRACE i.a.utils.serializer.KryoNamespace - class [C registered as 48
02:53:15.785 [raft-server-2-state] TRACE i.a.utils.serializer.KryoNamespace - class [Ljava.lang.String; registered as 49
02:53:15.785 [raft-server-3-state] TRACE i.a.utils.serializer.KryoNamespace - class [Ljava.lang.String; registered as 49
02:53:15.785 [raft-server-2-state] TRACE i.a.utils.serializer.KryoNamespace - class [Z registered as 50
02:53:15.785 [raft-server-2-state] TRACE i.a.utils.serializer.KryoNamespace - class [Ljava.lang.Object; registered as 51
02:53:15.785 [raft-server-3-state] TRACE i.a.utils.serializer.KryoNamespace - class [Z registered as 50
02:53:15.785 [raft-server-2-state] TRACE i.a.utils.serializer.KryoNamespace - class io.atomix.primitive.service.ServiceConfig registered as 52
02:53:15.785 [raft-server-3-state] TRACE i.a.utils.serializer.KryoNamespace - class [Ljava.lang.Object; registered as 51
02:53:15.785 [raft-server-3-state] TRACE i.a.utils.serializer.KryoNamespace - class io.atomix.primitive.service.ServiceConfig registered as 52
02:53:15.785 [raft-server-2-state] DEBUG i.a.p.r.service.RaftServiceContext - PrimitiveService{2}{type=io.atomix.protocols.raft.RaftTest$TestPrimitiveType@1c47fd5, name=raft-test} - Opening session 2
02:53:15.785 [raft-server-2-state] DEBUG i.a.p.raft.session.RaftSession - Session{2}{type=io.atomix.protocols.raft.RaftTest$TestPrimitiveType@1c47fd5, name=raft-test} - State changed: OPEN
02:53:15.785 [raft-server-3-state] DEBUG i.a.p.r.service.RaftServiceContext - PrimitiveService{2}{type=io.atomix.protocols.raft.RaftTest$TestPrimitiveType@30e8e4fb, name=raft-test} - Opening session 2
02:53:15.785 [raft-server-3-state] DEBUG i.a.p.raft.session.RaftSession - Session{2}{type=io.atomix.protocols.raft.RaftTest$TestPrimitiveType@30e8e4fb, name=raft-test} - State changed: OPEN
02:53:15.807 [raft-server-1] TRACE i.a.p.raft.roles.LeaderAppender - RaftServer{1} - Received AppendResponse{status=OK, term=1, succeeded=true, lastLogIndex=3} from 2
02:53:15.807 [raft-server-1] TRACE i.a.protocols.raft.roles.LeaderRole - RaftServer{1}{role=LEADER} - Received CommandRequest{session=2, sequence=1, operation=PrimitiveOperation{id=DefaultOperationId{id=write, type=COMMAND}, value=byte[]{length=17, hash=-1644578928}}}
02:53:15.807 [raft-server-1] TRACE i.a.protocols.raft.roles.LeaderRole - RaftServer{1}{role=LEADER} - Appended Indexed{index=4, entry=CommandEntry{term=1, timestamp=2018-06-09 02:53:15,807, session=2, sequence=1, operation=PrimitiveOperation{id=DefaultOperationId{id=write, type=COMMAND}, value=byte[]{length=17, hash=-1644578928}}}}
02:53:15.807 [raft-server-1-state] TRACE i.a.p.raft.impl.RaftServiceManager - RaftServer{1} - Applying Indexed{index=3, entry=KeepAliveEntry{term=1, timestamp=2018-06-09 02:53:15,744, sessionIds=long[]{length=1, hash=33}, commandSequences=long[]{length=1, hash=31}, eventIndexes=long[]{length=1, hash=33}}}
02:53:15.807 [raft-server-1] TRACE i.a.p.raft.roles.LeaderAppender - RaftServer{1} - Sending AppendRequest{term=1, leader=1, prevLogIndex=3, prevLogTerm=1, entries=1, commitIndex=3} to 3
02:53:15.807 [raft-server-1] TRACE i.a.p.raft.roles.LeaderAppender - RaftServer{1} - Sending AppendRequest{term=1, leader=1, prevLogIndex=3, prevLogTerm=1, entries=1, commitIndex=3} to 2
02:53:15.807 [raft-server-3] TRACE i.a.p.raft.roles.FollowerRole - RaftServer{3}{role=FOLLOWER} - Received AppendRequest{term=1, leader=1, prevLogIndex=3, prevLogTerm=1, entries=1, commitIndex=3}
02:53:15.807 [raft-server-2] TRACE i.a.p.raft.roles.FollowerRole - RaftServer{2}{role=FOLLOWER} - Received AppendRequest{term=1, leader=1, prevLogIndex=3, prevLogTerm=1, entries=1, commitIndex=3}
02:53:15.808 [raft-server-1] TRACE i.a.protocols.raft.roles.LeaderRole - RaftServer{1}{role=LEADER} - Sending KeepAliveResponse{status=OK, leader=1, members=[1, 3, 2], sessionIds=long[]{length=1, hash=33}}
02:53:15.808 [raft-server-3] TRACE i.a.p.raft.roles.FollowerRole - RaftServer{3}{role=FOLLOWER} - Appended Indexed{index=4, entry=CommandEntry{term=1, timestamp=2018-06-09 02:53:15,807, session=2, sequence=1, operation=PrimitiveOperation{id=DefaultOperationId{id=write, type=COMMAND}, value=byte[]{length=17, hash=-1644578928}}}}
02:53:15.808 [raft-client-02319fd7-5003-4fac-b562-689b946eac2b-2] TRACE i.a.p.r.p.impl.RaftProxyConnection - RaftClient{02319fd7-5003-4fac-b562-689b946eac2b} - Received KeepAliveResponse{status=OK, leader=1, members=[1, 3, 2], sessionIds=long[]{length=1, hash=33}} from 1
02:53:15.808 [raft-server-2] TRACE i.a.p.raft.roles.FollowerRole - RaftServer{2}{role=FOLLOWER} - Appended Indexed{index=4, entry=CommandEntry{term=1, timestamp=2018-06-09 02:53:15,807, session=2, sequence=1, operation=PrimitiveOperation{id=DefaultOperationId{id=write, type=COMMAND}, value=byte[]{length=17, hash=-1644578928}}}}
02:53:15.808 [raft-client-02319fd7-5003-4fac-b562-689b946eac2b-0] TRACE i.a.p.r.p.impl.RaftProxyConnection - ProxySession{2}{type=io.atomix.protocols.raft.RaftTest$TestPrimitiveType@35bfa1bb, name=raft-test} - Sending CommandRequest{session=2, sequence=1, operation=PrimitiveOperation{id=DefaultOperationId{id=write, type=COMMAND}, value=byte[]{length=17, hash=-1644578928}}} to 2
02:53:15.846 [raft-server-3] TRACE i.a.p.raft.roles.FollowerRole - RaftServer{3}{role=FOLLOWER} - Committed entries up to index 3
02:53:15.846 [raft-server-2] TRACE i.a.p.raft.roles.FollowerRole - RaftServer{2}{role=FOLLOWER} - Committed entries up to index 3
02:53:15.846 [raft-server-3] TRACE i.a.p.raft.roles.FollowerRole - RaftServer{3}{role=FOLLOWER} - Sending AppendResponse{status=OK, term=1, succeeded=true, lastLogIndex=4}
02:53:15.846 [raft-server-2] TRACE i.a.p.raft.roles.FollowerRole - RaftServer{2}{role=FOLLOWER} - Sending AppendResponse{status=OK, term=1, succeeded=true, lastLogIndex=4}
02:53:15.846 [raft-server-1] TRACE i.a.p.raft.roles.LeaderAppender - RaftServer{1} - Received AppendResponse{status=OK, term=1, succeeded=true, lastLogIndex=4} from 3
02:53:15.846 [raft-server-2] TRACE i.a.p.raft.roles.FollowerRole - RaftServer{2}{role=FOLLOWER} - Received CommandRequest{session=2, sequence=1, operation=PrimitiveOperation{id=DefaultOperationId{id=write, type=COMMAND}, value=byte[]{length=17, hash=-1644578928}}}
02:53:15.846 [raft-server-1] TRACE i.a.p.raft.roles.LeaderAppender - RaftServer{1} - Committed entries up to 4
02:53:15.846 [raft-server-3-state] TRACE i.a.p.raft.impl.RaftServiceManager - RaftServer{3} - Applying Indexed{index=3, entry=KeepAliveEntry{term=1, timestamp=2018-06-09 02:53:15,744, sessionIds=long[]{length=1, hash=33}, commandSequences=long[]{length=1, hash=31}, eventIndexes=long[]{length=1, hash=33}}}
02:53:15.846 [raft-server-2-state] TRACE i.a.p.raft.impl.RaftServiceManager - RaftServer{2} - Applying Indexed{index=3, entry=KeepAliveEntry{term=1, timestamp=2018-06-09 02:53:15,744, sessionIds=long[]{length=1, hash=33}, commandSequences=long[]{length=1, hash=31}, eventIndexes=long[]{length=1, hash=33}}}
02:53:15.882 [raft-server-1] TRACE i.a.p.raft.roles.LeaderAppender - RaftServer{1} - Received AppendResponse{status=OK, term=1, succeeded=true, lastLogIndex=4} from 2
02:53:15.882 [raft-server-1] TRACE i.a.protocols.raft.roles.LeaderRole - RaftServer{1}{role=LEADER} - Received CommandRequest{session=2, sequence=1, operation=PrimitiveOperation{id=DefaultOperationId{id=write, type=COMMAND}, value=byte[]{length=17, hash=-1644578928}}}
02:53:15.882 [raft-server-1] TRACE i.a.protocols.raft.roles.LeaderRole - RaftServer{1}{role=LEADER} - Appended Indexed{index=5, entry=CommandEntry{term=1, timestamp=2018-06-09 02:53:15,882, session=2, sequence=1, operation=PrimitiveOperation{id=DefaultOperationId{id=write, type=COMMAND}, value=byte[]{length=17, hash=-1644578928}}}}
02:53:15.882 [raft-server-1-state] TRACE i.a.p.raft.impl.RaftServiceManager - RaftServer{1} - Applying Indexed{index=4, entry=CommandEntry{term=1, timestamp=2018-06-09 02:53:15,807, session=2, sequence=1, operation=PrimitiveOperation{id=DefaultOperationId{id=write, type=COMMAND}, value=byte[]{length=17, hash=-1644578928}}}}
02:53:15.882 [raft-server-1] TRACE i.a.p.raft.roles.LeaderAppender - RaftServer{1} - Sending AppendRequest{term=1, leader=1, prevLogIndex=4, prevLogTerm=1, entries=1, commitIndex=4} to 3
02:53:15.882 [raft-server-1-state] TRACE i.a.p.s.impl.DefaultServiceExecutor - PrimitiveService{2}{type=io.atomix.protocols.raft.RaftTest$TestPrimitiveType@45397ff4, name=raft-test} - Executing DefaultCommit{index=4, session=RaftSession{RaftServiceContext{server=1, type=io.atomix.protocols.raft.RaftTest$TestPrimitiveType@45397ff4, name=raft-test, id=2}, session=2, timestamp=2018-06-09 02:53:15,807}, time=2018-06-09 02:53:15,807, operation=DefaultOperationId{id=write, type=COMMAND}, value=byte[]{length=17, hash=-1644578928}}
02:53:15.882 [raft-server-1] TRACE i.a.p.raft.roles.LeaderAppender - RaftServer{1} - Sending AppendRequest{term=1, leader=1, prevLogIndex=4, prevLogTerm=1, entries=1, commitIndex=4} to 2
02:53:15.882 [raft-server-3] TRACE i.a.p.raft.roles.FollowerRole - RaftServer{3}{role=FOLLOWER} - Received AppendRequest{term=1, leader=1, prevLogIndex=4, prevLogTerm=1, entries=1, commitIndex=4}
02:53:15.882 [raft-server-2] TRACE i.a.p.raft.roles.FollowerRole - RaftServer{2}{role=FOLLOWER} - Received AppendRequest{term=1, leader=1, prevLogIndex=4, prevLogTerm=1, entries=1, commitIndex=4}
02:53:15.883 [raft-server-3] TRACE i.a.p.raft.roles.FollowerRole - RaftServer{3}{role=FOLLOWER} - Appended Indexed{index=5, entry=CommandEntry{term=1, timestamp=2018-06-09 02:53:15,882, session=2, sequence=1, operation=PrimitiveOperation{id=DefaultOperationId{id=write, type=COMMAND}, value=byte[]{length=17, hash=-1644578928}}}}
02:53:15.883 [raft-server-1-state] TRACE i.a.protocols.raft.roles.LeaderRole - RaftServer{1}{role=LEADER} - Sending CommandResponse{status=OK, index=4, eventIndex=2, result=byte[]{length=2, hash=1248}}
02:53:15.883 [raft-server-2] TRACE i.a.p.raft.roles.FollowerRole - RaftServer{2}{role=FOLLOWER} - Appended Indexed{index=5, entry=CommandEntry{term=1, timestamp=2018-06-09 02:53:15,882, session=2, sequence=1, operation=PrimitiveOperation{id=DefaultOperationId{id=write, type=COMMAND}, value=byte[]{length=17, hash=-1644578928}}}}
02:53:15.915 [raft-server-2] TRACE i.a.p.raft.roles.FollowerRole - RaftServer{2}{role=FOLLOWER} - Committed entries up to index 4
02:53:15.915 [raft-server-3] TRACE i.a.p.raft.roles.FollowerRole - RaftServer{3}{role=FOLLOWER} - Committed entries up to index 4
02:53:15.915 [raft-server-2] TRACE i.a.p.raft.roles.FollowerRole - RaftServer{2}{role=FOLLOWER} - Sending AppendResponse{status=OK, term=1, succeeded=true, lastLogIndex=5}
02:53:15.915 [raft-server-3] TRACE i.a.p.raft.roles.FollowerRole - RaftServer{3}{role=FOLLOWER} - Sending AppendResponse{status=OK, term=1, succeeded=true, lastLogIndex=5}
02:53:15.915 [raft-server-1] TRACE i.a.p.raft.roles.LeaderAppender - RaftServer{1} - Received AppendResponse{status=OK, term=1, succeeded=true, lastLogIndex=5} from 2
02:53:15.915 [raft-server-1] TRACE i.a.p.raft.roles.LeaderAppender - RaftServer{1} - Committed entries up to 5
02:53:15.915 [raft-server-3-state] TRACE i.a.p.raft.impl.RaftServiceManager - RaftServer{3} - Applying Indexed{index=4, entry=CommandEntry{term=1, timestamp=2018-06-09 02:53:15,807, session=2, sequence=1, operation=PrimitiveOperation{id=DefaultOperationId{id=write, type=COMMAND}, value=byte[]{length=17, hash=-1644578928}}}}
02:53:15.915 [raft-server-2] TRACE i.a.p.raft.roles.FollowerRole - RaftServer{2}{role=FOLLOWER} - Sending CommandResponse{status=OK, index=4, eventIndex=2, result=byte[]{length=2, hash=1248}}
02:53:15.915 [raft-server-3-state] TRACE i.a.p.s.impl.DefaultServiceExecutor - PrimitiveService{2}{type=io.atomix.protocols.raft.RaftTest$TestPrimitiveType@30e8e4fb, name=raft-test} - Executing DefaultCommit{index=4, session=RaftSession{RaftServiceContext{server=3, type=io.atomix.protocols.raft.RaftTest$TestPrimitiveType@30e8e4fb, name=raft-test, id=2}, session=2, timestamp=2018-06-09 02:53:15,807}, time=2018-06-09 02:53:15,807, operation=DefaultOperationId{id=write, type=COMMAND}, value=byte[]{length=17, hash=-1644578928}}
02:53:15.916 [raft-client-02319fd7-5003-4fac-b562-689b946eac2b-1] TRACE i.a.p.r.p.impl.RaftProxyConnection - ProxySession{2}{type=io.atomix.protocols.raft.RaftTest$TestPrimitiveType@35bfa1bb, name=raft-test} - Received CommandResponse{status=OK, index=4, eventIndex=2, result=byte[]{length=2, hash=1248}} from 2
02:53:15.916 [raft-client-02319fd7-5003-4fac-b562-689b946eac2b-1] TRACE i.a.p.r.p.impl.RaftProxySequencer - ProxySession{2}{type=io.atomix.protocols.raft.RaftTest$TestPrimitiveType@35bfa1bb, name=raft-test} - Completing response CommandResponse{status=OK, index=4, eventIndex=2, result=byte[]{length=2, hash=1248}}
02:53:15.916 [raft-server-2-state] TRACE i.a.p.raft.impl.RaftServiceManager - RaftServer{2} - Applying Indexed{index=4, entry=CommandEntry{term=1, timestamp=2018-06-09 02:53:15,807, session=2, sequence=1, operation=PrimitiveOperation{id=DefaultOperationId{id=write, type=COMMAND}, value=byte[]{length=17, hash=-1644578928}}}}
02:53:15.916 [raft-server-2-state] TRACE i.a.p.s.impl.DefaultServiceExecutor - PrimitiveService{2}{type=io.atomix.protocols.raft.RaftTest$TestPrimitiveType@1c47fd5, name=raft-test} - Executing DefaultCommit{index=4, session=RaftSession{RaftServiceContext{server=2, type=io.atomix.protocols.raft.RaftTest$TestPrimitiveType@1c47fd5, name=raft-test, id=2}, session=2, timestamp=2018-06-09 02:53:15,807}, time=2018-06-09 02:53:15,807, operation=DefaultOperationId{id=write, type=COMMAND}, value=byte[]{length=17, hash=-1644578928}}
02:53:15.917 [raft-client-02319fd7-5003-4fac-b562-689b946eac2b-4] TRACE i.a.p.r.p.impl.RaftProxyConnection - ProxySession{2}{type=io.atomix.protocols.raft.RaftTest$TestPrimitiveType@35bfa1bb, name=raft-test} - Sending CommandRequest{session=2, sequence=2, operation=PrimitiveOperation{id=DefaultOperationId{id=write, type=COMMAND}, value=byte[]{length=17, hash=-1644578928}}} to 2
02:53:15.917 [raft-server-2] TRACE i.a.p.raft.roles.FollowerRole - RaftServer{2}{role=FOLLOWER} - Received CommandRequest{session=2, sequence=2, operation=PrimitiveOperation{id=DefaultOperationId{id=write, type=COMMAND}, value=byte[]{length=17, hash=-1644578928}}}
02:53:15.949 [raft-server-1] TRACE i.a.p.raft.roles.LeaderAppender - RaftServer{1} - Sending AppendRequest{term=1, leader=1, prevLogIndex=5, prevLogTerm=1, entries=0, commitIndex=5} to 2
02:53:15.949 [raft-server-1] TRACE i.a.p.raft.roles.LeaderAppender - RaftServer{1} - Received AppendResponse{status=OK, term=1, succeeded=true, lastLogIndex=5} from 3
02:53:15.949 [raft-server-2] TRACE i.a.p.raft.roles.FollowerRole - RaftServer{2}{role=FOLLOWER} - Received AppendRequest{term=1, leader=1, prevLogIndex=5, prevLogTerm=1, entries=0, commitIndex=5}
02:53:15.949 [raft-server-1] TRACE i.a.p.raft.roles.LeaderAppender - RaftServer{1} - Sending AppendRequest{term=1, leader=1, prevLogIndex=5, prevLogTerm=1, entries=0, commitIndex=5} to 3
02:53:15.949 [raft-server-2] TRACE i.a.p.raft.roles.FollowerRole - RaftServer{2}{role=FOLLOWER} - Committed entries up to index 5
02:53:15.949 [raft-server-2] TRACE i.a.p.raft.roles.FollowerRole - RaftServer{2}{role=FOLLOWER} - Sending AppendResponse{status=OK, term=1, succeeded=true, lastLogIndex=5}
02:53:15.949 [raft-server-3] TRACE i.a.p.raft.roles.FollowerRole - RaftServer{3}{role=FOLLOWER} - Received AppendRequest{term=1, leader=1, prevLogIndex=5, prevLogTerm=1, entries=0, commitIndex=5}
02:53:15.949 [raft-server-1] TRACE i.a.protocols.raft.roles.LeaderRole - RaftServer{1}{role=LEADER} - Received CommandRequest{session=2, sequence=2, operation=PrimitiveOperation{id=DefaultOperationId{id=write, type=COMMAND}, value=byte[]{length=17, hash=-1644578928}}}
02:53:15.949 [raft-server-2-state] TRACE i.a.p.raft.impl.RaftServiceManager - RaftServer{2} - Applying Indexed{index=5, entry=CommandEntry{term=1, timestamp=2018-06-09 02:53:15,882, session=2, sequence=1, operation=PrimitiveOperation{id=DefaultOperationId{id=write, type=COMMAND}, value=byte[]{length=17, hash=-1644578928}}}}
02:53:15.949 [raft-server-2-state] TRACE i.a.p.r.service.RaftServiceContext - PrimitiveService{2}{type=io.atomix.protocols.raft.RaftTest$TestPrimitiveType@1c47fd5, name=raft-test} - Returning cached result for command with sequence number 1 < 2
02:53:15.949 [raft-server-1] TRACE i.a.protocols.raft.roles.LeaderRole - RaftServer{1}{role=LEADER} - Appended Indexed{index=6, entry=CommandEntry{term=1, timestamp=2018-06-09 02:53:15,949, session=2, sequence=2, operation=PrimitiveOperation{id=DefaultOperationId{id=write, type=COMMAND}, value=byte[]{length=17, hash=-1644578928}}}}
02:53:15.949 [raft-server-1] TRACE i.a.p.raft.roles.LeaderAppender - RaftServer{1} - Received AppendResponse{status=OK, term=1, succeeded=true, lastLogIndex=5} from 2
02:53:15.949 [raft-server-1-state] TRACE i.a.p.raft.impl.RaftServiceManager - RaftServer{1} - Applying Indexed{index=5, entry=CommandEntry{term=1, timestamp=2018-06-09 02:53:15,882, session=2, sequence=1, operation=PrimitiveOperation{id=DefaultOperationId{id=write, type=COMMAND}, value=byte[]{length=17, hash=-1644578928}}}}
02:53:15.949 [raft-server-1] TRACE i.a.p.raft.roles.LeaderAppender - RaftServer{1} - Sending AppendRequest{term=1, leader=1, prevLogIndex=5, prevLogTerm=1, entries=1, commitIndex=5} to 2
02:53:15.949 [raft-server-1-state] TRACE i.a.p.r.service.RaftServiceContext - PrimitiveService{2}{type=io.atomix.protocols.raft.RaftTest$TestPrimitiveType@45397ff4, name=raft-test} - Returning cached result for command with sequence number 1 < 2
02:53:15.949 [raft-server-1-state] TRACE i.a.protocols.raft.roles.LeaderRole - RaftServer{1}{role=LEADER} - Sending CommandResponse{status=OK, index=4, eventIndex=2, result=byte[]{length=2, hash=1248}}
02:53:15.949 [raft-server-2] TRACE i.a.p.raft.roles.FollowerRole - RaftServer{2}{role=FOLLOWER} - Received AppendRequest{term=1, leader=1, prevLogIndex=5, prevLogTerm=1, entries=1, commitIndex=5}
02:53:15.950 [raft-server-2] TRACE i.a.p.raft.roles.FollowerRole - RaftServer{2}{role=FOLLOWER} - Appended Indexed{index=6, entry=CommandEntry{term=1, timestamp=2018-06-09 02:53:15,949, session=2, sequence=2, operation=PrimitiveOperation{id=DefaultOperationId{id=write, type=COMMAND}, value=byte[]{length=17, hash=-1644578928}}}}
02:53:15.950 [raft-server-2] TRACE i.a.p.raft.roles.FollowerRole - RaftServer{2}{role=FOLLOWER} - Sending AppendResponse{status=OK, term=1, succeeded=true, lastLogIndex=6}
02:53:15.950 [raft-server-2] TRACE i.a.p.raft.roles.FollowerRole - RaftServer{2}{role=FOLLOWER} - Sending CommandResponse{status=OK, index=4, eventIndex=2, result=byte[]{length=2, hash=1248}}
02:53:15.950 [raft-server-1] TRACE i.a.p.raft.roles.LeaderAppender - RaftServer{1} - Received AppendResponse{status=OK, term=1, succeeded=true, lastLogIndex=6} from 2
02:53:15.950 [raft-server-1] TRACE i.a.p.raft.roles.LeaderAppender - RaftServer{1} - Committed entries up to 6
02:53:15.950 [raft-client-02319fd7-5003-4fac-b562-689b946eac2b-5] TRACE i.a.p.r.p.impl.RaftProxyConnection - ProxySession{2}{type=io.atomix.protocols.raft.RaftTest$TestPrimitiveType@35bfa1bb, name=raft-test} - Received CommandResponse{status=OK, index=4, eventIndex=2, result=byte[]{length=2, hash=1248}} from 2
02:53:16.023 [raft-server-3] TRACE i.a.p.raft.roles.FollowerRole - RaftServer{3}{role=FOLLOWER} - Committed entries up to index 5
02:53:16.024 [raft-server-3] TRACE i.a.p.raft.roles.FollowerRole - RaftServer{3}{role=FOLLOWER} - Sending AppendResponse{status=OK, term=1, succeeded=true, lastLogIndex=5}
02:53:16.024 [raft-server-3-state] TRACE i.a.p.raft.impl.RaftServiceManager - RaftServer{3} - Applying Indexed{index=5, entry=CommandEntry{term=1, timestamp=2018-06-09 02:53:15,882, session=2, sequence=1, operation=PrimitiveOperation{id=DefaultOperationId{id=write, type=COMMAND}, value=byte[]{length=17, hash=-1644578928}}}}
02:53:16.024 [raft-server-3-state] TRACE i.a.p.r.service.RaftServiceContext - PrimitiveService{2}{type=io.atomix.protocols.raft.RaftTest$TestPrimitiveType@30e8e4fb, name=raft-test} - Returning cached result for command with sequence number 1 < 2
02:53:16.057 [raft-server-1] TRACE i.a.p.raft.roles.LeaderAppender - RaftServer{1} - Received AppendResponse{status=OK, term=1, succeeded=true, lastLogIndex=5} from 3
02:53:16.057 [raft-server-1] TRACE i.a.p.raft.roles.LeaderAppender - RaftServer{1} - Sending AppendRequest{term=1, leader=1, prevLogIndex=5, prevLogTerm=1, entries=1, commitIndex=6} to 3
02:53:16.057 [raft-server-3] TRACE i.a.p.raft.roles.FollowerRole - RaftServer{3}{role=FOLLOWER} - Received AppendRequest{term=1, leader=1, prevLogIndex=5, prevLogTerm=1, entries=1, commitIndex=6}
02:53:16.057 [raft-server-3] TRACE i.a.p.raft.roles.FollowerRole - RaftServer{3}{role=FOLLOWER} - Appended Indexed{index=6, entry=CommandEntry{term=1, timestamp=2018-06-09 02:53:15,949, session=2, sequence=2, operation=PrimitiveOperation{id=DefaultOperationId{id=write, type=COMMAND}, value=byte[]{length=17, hash=-1644578928}}}}
02:53:16.057 [raft-server-1-state] TRACE i.a.p.raft.impl.RaftServiceManager - RaftServer{1} - Applying Indexed{index=6, entry=CommandEntry{term=1, timestamp=2018-06-09 02:53:15,949, session=2, sequence=2, operation=PrimitiveOperation{id=DefaultOperationId{id=write, type=COMMAND}, value=byte[]{length=17, hash=-1644578928}}}}
02:53:16.057 [raft-server-1-state] TRACE i.a.p.s.impl.DefaultServiceExecutor - PrimitiveService{2}{type=io.atomix.protocols.raft.RaftTest$TestPrimitiveType@45397ff4, name=raft-test} - Executing DefaultCommit{index=6, session=RaftSession{RaftServiceContext{server=1, type=io.atomix.protocols.raft.RaftTest$TestPrimitiveType@45397ff4, name=raft-test, id=2}, session=2, timestamp=2018-06-09 02:53:15,949}, time=2018-06-09 02:53:15,949, operation=DefaultOperationId{id=write, type=COMMAND}, value=byte[]{length=17, hash=-1644578928}}
02:53:16.057 [raft-server-1-state] TRACE i.a.protocols.raft.roles.LeaderRole - RaftServer{1}{role=LEADER} - Sending CommandResponse{status=OK, index=6, eventIndex=2, result=byte[]{length=2, hash=1252}}
02:53:16.057 [raft-server-2] TRACE i.a.p.raft.roles.FollowerRole - RaftServer{2}{role=FOLLOWER} - Sending CommandResponse{status=OK, index=6, eventIndex=2, result=byte[]{length=2, hash=1252}}
02:53:16.058 [raft-client-02319fd7-5003-4fac-b562-689b946eac2b-6] TRACE i.a.p.r.p.impl.RaftProxyConnection - ProxySession{2}{type=io.atomix.protocols.raft.RaftTest$TestPrimitiveType@35bfa1bb, name=raft-test} - Received CommandResponse{status=OK, index=6, eventIndex=2, result=byte[]{length=2, hash=1252}} from 2
02:53:16.058 [raft-client-02319fd7-5003-4fac-b562-689b946eac2b-6] TRACE i.a.p.r.p.impl.RaftProxySequencer - ProxySession{2}{type=io.atomix.protocols.raft.RaftTest$TestPrimitiveType@35bfa1bb, name=raft-test} - Completing response CommandResponse{status=OK, index=6, eventIndex=2, result=byte[]{length=2, hash=1252}}
02:53:16.058 [raft-client-02319fd7-5003-4fac-b562-689b946eac2b-2] TRACE i.a.p.r.p.impl.RaftProxyConnection - ProxySession{2}{type=io.atomix.protocols.raft.RaftTest$TestPrimitiveType@35bfa1bb, name=raft-test} - Sending CommandRequest{session=2, sequence=3, operation=PrimitiveOperation{id=DefaultOperationId{id=write, type=COMMAND}, value=byte[]{length=17, hash=-1644578928}}} to 2
02:53:16.058 [raft-server-2] TRACE i.a.p.raft.roles.FollowerRole - RaftServer{2}{role=FOLLOWER} - Received CommandRequest{session=2, sequence=3, operation=PrimitiveOperation{id=DefaultOperationId{id=write, type=COMMAND}, value=byte[]{length=17, hash=-1644578928}}}
02:53:16.059 [raft-server-1] TRACE i.a.protocols.raft.roles.LeaderRole - RaftServer{1}{role=LEADER} - Received CommandRequest{session=2, sequence=3, operation=PrimitiveOperation{id=DefaultOperationId{id=write, type=COMMAND}, value=byte[]{length=17, hash=-1644578928}}}
02:53:16.059 [raft-server-1] TRACE i.a.protocols.raft.roles.LeaderRole - RaftServer{1}{role=LEADER} - Appended Indexed{index=7, entry=CommandEntry{term=1, timestamp=2018-06-09 02:53:16,059, session=2, sequence=3, operation=PrimitiveOperation{id=DefaultOperationId{id=write, type=COMMAND}, value=byte[]{length=17, hash=-1644578928}}}}
02:53:16.059 [raft-server-1] TRACE i.a.p.raft.roles.LeaderAppender - RaftServer{1} - Sending AppendRequest{term=1, leader=1, prevLogIndex=6, prevLogTerm=1, entries=1, commitIndex=6} to 2
02:53:16.059 [raft-server-2] TRACE i.a.p.raft.roles.FollowerRole - RaftServer{2}{role=FOLLOWER} - Received AppendRequest{term=1, leader=1, prevLogIndex=6, prevLogTerm=1, entries=1, commitIndex=6}
02:53:16.059 [raft-server-2] TRACE i.a.p.raft.roles.FollowerRole - RaftServer{2}{role=FOLLOWER} - Appended Indexed{index=7, entry=CommandEntry{term=1, timestamp=2018-06-09 02:53:16,059, session=2, sequence=3, operation=PrimitiveOperation{id=DefaultOperationId{id=write, type=COMMAND}, value=byte[]{length=17, hash=-1644578928}}}}
02:53:16.125 [raft-server-3] TRACE i.a.p.raft.roles.FollowerRole - RaftServer{3}{role=FOLLOWER} - Committed entries up to index 6
02:53:16.125 [raft-server-2] TRACE i.a.p.raft.roles.FollowerRole - RaftServer{2}{role=FOLLOWER} - Committed entries up to index 6
02:53:16.125 [raft-server-3] TRACE i.a.p.raft.roles.FollowerRole - RaftServer{3}{role=FOLLOWER} - Sending AppendResponse{status=OK, term=1, succeeded=true, lastLogIndex=6}
02:53:16.125 [raft-server-2] TRACE i.a.p.raft.roles.FollowerRole - RaftServer{2}{role=FOLLOWER} - Sending AppendResponse{status=OK, term=1, succeeded=true, lastLogIndex=7}
02:53:16.126 [raft-server-1] TRACE i.a.p.raft.roles.LeaderAppender - RaftServer{1} - Received AppendResponse{status=OK, term=1, succeeded=true, lastLogIndex=6} from 3
02:53:16.126 [raft-server-1] TRACE i.a.p.raft.roles.LeaderAppender - RaftServer{1} - Sending AppendRequest{term=1, leader=1, prevLogIndex=6, prevLogTerm=1, entries=1, commitIndex=6} to 3
02:53:16.126 [raft-server-3-state] TRACE i.a.p.raft.impl.RaftServiceManager - RaftServer{3} - Applying Indexed{index=6, entry=CommandEntry{term=1, timestamp=2018-06-09 02:53:15,949, session=2, sequence=2, operation=PrimitiveOperation{id=DefaultOperationId{id=write, type=COMMAND}, value=byte[]{length=17, hash=-1644578928}}}}
02:53:16.126 [raft-server-2-state] TRACE i.a.p.raft.impl.RaftServiceManager - RaftServer{2} - Applying Indexed{index=6, entry=CommandEntry{term=1, timestamp=2018-06-09 02:53:15,949, session=2, sequence=2, operation=PrimitiveOperation{id=DefaultOperationId{id=write, type=COMMAND}, value=byte[]{length=17, hash=-1644578928}}}}
02:53:16.126 [raft-server-1] TRACE i.a.p.raft.roles.LeaderAppender - RaftServer{1} - Received AppendResponse{status=OK, term=1, succeeded=true, lastLogIndex=7} from 2
02:53:16.126 [raft-server-3] TRACE i.a.p.raft.roles.FollowerRole - RaftServer{3}{role=FOLLOWER} - Received AppendRequest{term=1, leader=1, prevLogIndex=6, prevLogTerm=1, entries=1, commitIndex=6}
02:53:16.126 [raft-server-3-state] TRACE i.a.p.s.impl.DefaultServiceExecutor - PrimitiveService{2}{type=io.atomix.protocols.raft.RaftTest$TestPrimitiveType@30e8e4fb, name=raft-test} - Executing DefaultCommit{index=6, session=RaftSession{RaftServiceContext{server=3, type=io.atomix.protocols.raft.RaftTest$TestPrimitiveType@30e8e4fb, name=raft-test, id=2}, session=2, timestamp=2018-06-09 02:53:15,949}, time=2018-06-09 02:53:15,949, operation=DefaultOperationId{id=write, type=COMMAND}, value=byte[]{length=17, hash=-1644578928}}
02:53:16.126 [raft-server-2-state] TRACE i.a.p.s.impl.DefaultServiceExecutor - PrimitiveService{2}{type=io.atomix.protocols.raft.RaftTest$TestPrimitiveType@1c47fd5, name=raft-test} - Executing DefaultCommit{index=6, session=RaftSession{RaftServiceContext{server=2, type=io.atomix.protocols.raft.RaftTest$TestPrimitiveType@1c47fd5, name=raft-test, id=2}, session=2, timestamp=2018-06-09 02:53:15,949}, time=2018-06-09 02:53:15,949, operation=DefaultOperationId{id=write, type=COMMAND}, value=byte[]{length=17, hash=-1644578928}}
02:53:16.126 [raft-server-1] TRACE i.a.p.raft.roles.LeaderAppender - RaftServer{1} - Committed entries up to 7
02:53:16.126 [raft-server-3] TRACE i.a.p.raft.roles.FollowerRole - RaftServer{3}{role=FOLLOWER} - Appended Indexed{index=7, entry=CommandEntry{term=1, timestamp=2018-06-09 02:53:16,059, session=2, sequence=3, operation=PrimitiveOperation{id=DefaultOperationId{id=write, type=COMMAND}, value=byte[]{length=17, hash=-1644578928}}}}
02:53:16.126 [raft-server-3] TRACE i.a.p.raft.roles.FollowerRole - RaftServer{3}{role=FOLLOWER} - Sending AppendResponse{status=OK, term=1, succeeded=true, lastLogIndex=7}
02:53:16.213 [raft-server-1] TRACE i.a.p.raft.roles.LeaderAppender - RaftServer{1} - Received AppendResponse{status=OK, term=1, succeeded=true, lastLogIndex=7} from 3
02:53:16.213 [raft-server-1] TRACE i.a.p.raft.roles.LeaderAppender - RaftServer{1} - Sending AppendRequest{term=1, leader=1, prevLogIndex=7, prevLogTerm=1, entries=0, commitIndex=7} to 3
02:53:16.213 [raft-server-3] TRACE i.a.p.raft.roles.FollowerRole - RaftServer{3}{role=FOLLOWER} - Received AppendRequest{term=1, leader=1, prevLogIndex=7, prevLogTerm=1, entries=0, commitIndex=7}
02:53:16.213 [raft-server-1] TRACE i.a.p.raft.roles.LeaderAppender - RaftServer{1} - Sending AppendRequest{term=1, leader=1, prevLogIndex=7, prevLogTerm=1, entries=0, commitIndex=7} to 2
02:53:16.213 [raft-server-2] TRACE i.a.p.raft.roles.FollowerRole - RaftServer{2}{role=FOLLOWER} - Received AppendRequest{term=1, leader=1, prevLogIndex=7, prevLogTerm=1, entries=0, commitIndex=7}
02:53:16.213 [raft-server-1-state] TRACE i.a.p.raft.impl.RaftServiceManager - RaftServer{1} - Applying Indexed{index=7, entry=CommandEntry{term=1, timestamp=2018-06-09 02:53:16,059, session=2, sequence=3, operation=PrimitiveOperation{id=DefaultOperationId{id=write, type=COMMAND}, value=byte[]{length=17, hash=-1644578928}}}}
02:53:16.213 [raft-server-1-state] TRACE i.a.p.s.impl.DefaultServiceExecutor - PrimitiveService{2}{type=io.atomix.protocols.raft.RaftTest$TestPrimitiveType@45397ff4, name=raft-test} - Executing DefaultCommit{index=7, session=RaftSession{RaftServiceContext{server=1, type=io.atomix.protocols.raft.RaftTest$TestPrimitiveType@45397ff4, name=raft-test, id=2}, session=2, timestamp=2018-06-09 02:53:16,059}, time=2018-06-09 02:53:16,059, operation=DefaultOperationId{id=write, type=COMMAND}, value=byte[]{length=17, hash=-1644578928}}
02:53:16.214 [raft-server-1-state] TRACE i.a.protocols.raft.roles.LeaderRole - RaftServer{1}{role=LEADER} - Sending CommandResponse{status=OK, index=7, eventIndex=2, result=byte[]{length=2, hash=1254}}
02:53:16.293 [raft-server-2] TRACE i.a.p.raft.roles.FollowerRole - RaftServer{2}{role=FOLLOWER} - Committed entries up to index 7
02:53:16.294 [raft-server-3] TRACE i.a.p.raft.roles.FollowerRole - RaftServer{3}{role=FOLLOWER} - Committed entries up to index 7
02:53:16.294 [raft-server-2] TRACE i.a.p.raft.roles.FollowerRole - RaftServer{2}{role=FOLLOWER} - Sending AppendResponse{status=OK, term=1, succeeded=true, lastLogIndex=7}
02:53:16.294 [raft-server-3] TRACE i.a.p.raft.roles.FollowerRole - RaftServer{3}{role=FOLLOWER} - Sending AppendResponse{status=OK, term=1, succeeded=true, lastLogIndex=7}
02:53:16.294 [raft-server-1] TRACE i.a.p.raft.roles.LeaderAppender - RaftServer{1} - Received AppendResponse{status=OK, term=1, succeeded=true, lastLogIndex=7} from 2
02:53:16.294 [raft-server-2] TRACE i.a.p.raft.roles.FollowerRole - RaftServer{2}{role=FOLLOWER} - Sending CommandResponse{status=OK, index=7, eventIndex=2, result=byte[]{length=2, hash=1254}}
02:53:16.294 [raft-server-1] TRACE i.a.p.raft.roles.LeaderAppender - RaftServer{1} - Sending AppendRequest{term=1, leader=1, prevLogIndex=7, prevLogTerm=1, entries=0, commitIndex=7} to 2
02:53:16.294 [raft-server-1] TRACE i.a.p.raft.roles.LeaderAppender - RaftServer{1} - Received AppendResponse{status=OK, term=1, succeeded=true, lastLogIndex=7} from 3
02:53:16.294 [raft-server-3-state] TRACE i.a.p.raft.impl.RaftServiceManager - RaftServer{3} - Applying Indexed{index=7, entry=CommandEntry{term=1, timestamp=2018-06-09 02:53:16,059, session=2, sequence=3, operation=PrimitiveOperation{id=DefaultOperationId{id=write, type=COMMAND}, value=byte[]{length=17, hash=-1644578928}}}}
02:53:16.294 [raft-server-1] TRACE i.a.p.raft.roles.LeaderAppender - RaftServer{1} - Sending AppendRequest{term=1, leader=1, prevLogIndex=7, prevLogTerm=1, entries=0, commitIndex=7} to 3
02:53:16.294 [raft-server-3] TRACE i.a.p.raft.roles.FollowerRole - RaftServer{3}{role=FOLLOWER} - Received AppendRequest{term=1, leader=1, prevLogIndex=7, prevLogTerm=1, entries=0, commitIndex=7}
02:53:16.294 [raft-server-3-state] TRACE i.a.p.s.impl.DefaultServiceExecutor - PrimitiveService{2}{type=io.atomix.protocols.raft.RaftTest$TestPrimitiveType@30e8e4fb, name=raft-test} - Executing DefaultCommit{index=7, session=RaftSession{RaftServiceContext{server=3, type=io.atomix.protocols.raft.RaftTest$TestPrimitiveType@30e8e4fb, name=raft-test, id=2}, session=2, timestamp=2018-06-09 02:53:16,059}, time=2018-06-09 02:53:16,059, operation=DefaultOperationId{id=write, type=COMMAND}, value=byte[]{length=17, hash=-1644578928}}
02:53:16.294 [raft-server-3] TRACE i.a.p.raft.roles.FollowerRole - RaftServer{3}{role=FOLLOWER} - Sending AppendResponse{status=OK, term=1, succeeded=true, lastLogIndex=7}
02:53:16.294 [raft-client-02319fd7-5003-4fac-b562-689b946eac2b-0] TRACE i.a.p.r.p.impl.RaftProxyConnection - ProxySession{2}{type=io.atomix.protocols.raft.RaftTest$TestPrimitiveType@35bfa1bb, name=raft-test} - Received CommandResponse{status=OK, index=7, eventIndex=2, result=byte[]{length=2, hash=1254}} from 2
02:53:16.294 [raft-server-1] TRACE i.a.p.raft.roles.LeaderAppender - RaftServer{1} - Received AppendResponse{status=OK, term=1, succeeded=true, lastLogIndex=7} from 3
02:53:16.294 [raft-server-2-state] TRACE i.a.p.raft.impl.RaftServiceManager - RaftServer{2} - Applying Indexed{index=7, entry=CommandEntry{term=1, timestamp=2018-06-09 02:53:16,059, session=2, sequence=3, operation=PrimitiveOperation{id=DefaultOperationId{id=write, type=COMMAND}, value=byte[]{length=17, hash=-1644578928}}}}
02:53:16.294 [raft-client-02319fd7-5003-4fac-b562-689b946eac2b-0] TRACE i.a.p.r.p.impl.RaftProxySequencer - ProxySession{2}{type=io.atomix.protocols.raft.RaftTest$TestPrimitiveType@35bfa1bb, name=raft-test} - Completing response CommandResponse{status=OK, index=7, eventIndex=2, result=byte[]{length=2, hash=1254}}
02:53:16.294 [raft-server-2] TRACE i.a.p.raft.roles.FollowerRole - RaftServer{2}{role=FOLLOWER} - Received AppendRequest{term=1, leader=1, prevLogIndex=7, prevLogTerm=1, entries=0, commitIndex=7}
02:53:16.294 [raft-server-2-state] TRACE i.a.p.s.impl.DefaultServiceExecutor - PrimitiveService{2}{type=io.atomix.protocols.raft.RaftTest$TestPrimitiveType@1c47fd5, name=raft-test} - Executing DefaultCommit{index=7, session=RaftSession{RaftServiceContext{server=2, type=io.atomix.protocols.raft.RaftTest$TestPrimitiveType@1c47fd5, name=raft-test, id=2}, session=2, timestamp=2018-06-09 02:53:16,059}, time=2018-06-09 02:53:16,059, operation=DefaultOperationId{id=write, type=COMMAND}, value=byte[]{length=17, hash=-1644578928}}
02:53:16.295 [raft-client-02319fd7-5003-4fac-b562-689b946eac2b-0] TRACE i.a.p.r.p.impl.RaftProxyConnection - ProxySession{2}{type=io.atomix.protocols.raft.RaftTest$TestPrimitiveType@35bfa1bb, name=raft-test} - Sending CommandRequest{session=2, sequence=4, operation=PrimitiveOperation{id=DefaultOperationId{id=write, type=COMMAND}, value=byte[]{length=17, hash=-1644578928}}} to 2
02:53:16.295 [raft-server-2] TRACE i.a.p.raft.roles.FollowerRole - RaftServer{2}{role=FOLLOWER} - Sending AppendResponse{status=OK, term=1, succeeded=true, lastLogIndex=7}
02:53:16.295 [raft-server-2] TRACE i.a.p.raft.roles.FollowerRole - RaftServer{2}{role=FOLLOWER} - Received CommandRequest{session=2, sequence=4, operation=PrimitiveOperation{id=DefaultOperationId{id=write, type=COMMAND}, value=byte[]{length=17, hash=-1644578928}}}
02:53:16.295 [raft-server-1] TRACE i.a.p.raft.roles.LeaderAppender - RaftServer{1} - Received AppendResponse{status=OK, term=1, succeeded=true, lastLogIndex=7} from 2
02:53:16.295 [raft-server-1] TRACE i.a.protocols.raft.roles.LeaderRole - RaftServer{1}{role=LEADER} - Received CommandRequest{session=2, sequence=4, operation=PrimitiveOperation{id=DefaultOperationId{id=write, type=COMMAND}, value=byte[]{length=17, hash=-1644578928}}}
02:53:16.295 [raft-server-1] TRACE i.a.protocols.raft.roles.LeaderRole - RaftServer{1}{role=LEADER} - Appended Indexed{index=8, entry=CommandEntry{term=1, timestamp=2018-06-09 02:53:16,295, session=2, sequence=4, operation=PrimitiveOperation{id=DefaultOperationId{id=write, type=COMMAND}, value=byte[]{length=17, hash=-1644578928}}}}
02:53:16.296 [raft-server-1] TRACE i.a.p.raft.roles.LeaderAppender - RaftServer{1} - Sending AppendRequest{term=1, leader=1, prevLogIndex=7, prevLogTerm=1, entries=1, commitIndex=7} to 3
02:53:16.296 [raft-server-3] TRACE i.a.p.raft.roles.FollowerRole - RaftServer{3}{role=FOLLOWER} - Received AppendRequest{term=1, leader=1, prevLogIndex=7, prevLogTerm=1, entries=1, commitIndex=7}
02:53:16.296 [raft-server-1] TRACE i.a.p.raft.roles.LeaderAppender - RaftServer{1} - Sending AppendRequest{term=1, leader=1, prevLogIndex=7, prevLogTerm=1, entries=1, commitIndex=7} to 2
02:53:16.296 [raft-server-2] TRACE i.a.p.raft.roles.FollowerRole - RaftServer{2}{role=FOLLOWER} - Received AppendRequest{term=1, leader=1, prevLogIndex=7, prevLogTerm=1, entries=1, commitIndex=7}
02:53:16.296 [raft-server-3] TRACE i.a.p.raft.roles.FollowerRole - RaftServer{3}{role=FOLLOWER} - Appended Indexed{index=8, entry=CommandEntry{term=1, timestamp=2018-06-09 02:53:16,295, session=2, sequence=4, operation=PrimitiveOperation{id=DefaultOperationId{id=write, type=COMMAND}, value=byte[]{length=17, hash=-1644578928}}}}
02:53:16.296 [raft-server-3] TRACE i.a.p.raft.roles.FollowerRole - RaftServer{3}{role=FOLLOWER} - Sending AppendResponse{status=OK, term=1, succeeded=true, lastLogIndex=8}
02:53:16.296 [raft-server-2] TRACE i.a.p.raft.roles.FollowerRole - RaftServer{2}{role=FOLLOWER} - Appended Indexed{index=8, entry=CommandEntry{term=1, timestamp=2018-06-09 02:53:16,295, session=2, sequence=4, operation=PrimitiveOperation{id=DefaultOperationId{id=write, type=COMMAND}, value=byte[]{length=17, hash=-1644578928}}}}
02:53:16.296 [raft-server-1] TRACE i.a.p.raft.roles.LeaderAppender - RaftServer{1} - Received AppendResponse{status=OK, term=1, succeeded=true, lastLogIndex=8} from 3
02:53:16.296 [raft-server-1] TRACE i.a.p.raft.roles.LeaderAppender - RaftServer{1} - Committed entries up to 8
02:53:16.296 [raft-server-2] TRACE i.a.p.raft.roles.FollowerRole - RaftServer{2}{role=FOLLOWER} - Sending AppendResponse{status=OK, term=1, succeeded=true, lastLogIndex=8}
02:53:16.382 [raft-server-1] TRACE i.a.p.raft.roles.LeaderAppender - RaftServer{1} - Received AppendResponse{status=OK, term=1, succeeded=true, lastLogIndex=8} from 2
02:53:16.382 [raft-server-1-state] TRACE i.a.p.raft.impl.RaftServiceManager - RaftServer{1} - Applying Indexed{index=8, entry=CommandEntry{term=1, timestamp=2018-06-09 02:53:16,295, session=2, sequence=4, operation=PrimitiveOperation{id=DefaultOperationId{id=write, type=COMMAND}, value=byte[]{length=17, hash=-1644578928}}}}
02:53:16.382 [raft-server-1-state] TRACE i.a.p.s.impl.DefaultServiceExecutor - PrimitiveService{2}{type=io.atomix.protocols.raft.RaftTest$TestPrimitiveType@45397ff4, name=raft-test} - Executing DefaultCommit{index=8, session=RaftSession{RaftServiceContext{server=1, type=io.atomix.protocols.raft.RaftTest$TestPrimitiveType@45397ff4, name=raft-test, id=2}, session=2, timestamp=2018-06-09 02:53:16,295}, time=2018-06-09 02:53:16,295, operation=DefaultOperationId{id=write, type=COMMAND}, value=byte[]{length=17, hash=-1644578928}}
02:53:16.382 [raft-server-1-state] TRACE i.a.protocols.raft.roles.LeaderRole - RaftServer{1}{role=LEADER} - Sending CommandResponse{status=OK, index=8, eventIndex=2, result=byte[]{length=2, hash=1256}}
02:53:16.382 [raft-server-2] TRACE i.a.p.raft.roles.FollowerRole - RaftServer{2}{role=FOLLOWER} - Sending CommandResponse{status=OK, index=8, eventIndex=2, result=byte[]{length=2, hash=1256}}
02:53:16.382 [raft-client-02319fd7-5003-4fac-b562-689b946eac2b-2] TRACE i.a.p.r.p.impl.RaftProxyConnection - ProxySession{2}{type=io.atomix.protocols.raft.RaftTest$TestPrimitiveType@35bfa1bb, name=raft-test} - Received CommandResponse{status=OK, index=8, eventIndex=2, result=byte[]{length=2, hash=1256}} from 2
02:53:16.382 [raft-client-02319fd7-5003-4fac-b562-689b946eac2b-2] TRACE i.a.p.r.p.impl.RaftProxySequencer - ProxySession{2}{type=io.atomix.protocols.raft.RaftTest$TestPrimitiveType@35bfa1bb, name=raft-test} - Completing response CommandResponse{status=OK, index=8, eventIndex=2, result=byte[]{length=2, hash=1256}}
02:53:16.383 [raft-client-02319fd7-5003-4fac-b562-689b946eac2b-2] TRACE i.a.p.r.p.impl.RaftProxyConnection - ProxySession{2}{type=io.atomix.protocols.raft.RaftTest$TestPrimitiveType@35bfa1bb, name=raft-test} - Sending CommandRequest{session=2, sequence=5, operation=PrimitiveOperation{id=DefaultOperationId{id=write, type=COMMAND}, value=byte[]{length=17, hash=-1644578928}}} to 2
02:53:16.383 [raft-server-2] TRACE i.a.p.raft.roles.FollowerRole - RaftServer{2}{role=FOLLOWER} - Received CommandRequest{session=2, sequence=5, operation=PrimitiveOperation{id=DefaultOperationId{id=write, type=COMMAND}, value=byte[]{length=17, hash=-1644578928}}}
02:53:16.383 [raft-server-1] TRACE i.a.protocols.raft.roles.LeaderRole - RaftServer{1}{role=LEADER} - Received CommandRequest{session=2, sequence=5, operation=PrimitiveOperation{id=DefaultOperationId{id=write, type=COMMAND}, value=byte[]{length=17, hash=-1644578928}}}
02:53:16.383 [raft-server-1] TRACE i.a.protocols.raft.roles.LeaderRole - RaftServer{1}{role=LEADER} - Appended Indexed{index=9, entry=CommandEntry{term=1, timestamp=2018-06-09 02:53:16,383, session=2, sequence=5, operation=PrimitiveOperation{id=DefaultOperationId{id=write, type=COMMAND}, value=byte[]{length=17, hash=-1644578928}}}}
02:53:16.383 [raft-server-1] TRACE i.a.p.raft.roles.LeaderAppender - RaftServer{1} - Sending AppendRequest{term=1, leader=1, prevLogIndex=8, prevLogTerm=1, entries=1, commitIndex=8} to 3
02:53:16.384 [raft-server-1] TRACE i.a.p.raft.roles.LeaderAppender - RaftServer{1} - Sending AppendRequest{term=1, leader=1, prevLogIndex=8, prevLogTerm=1, entries=1, commitIndex=8} to 2
02:53:16.384 [raft-server-3] TRACE i.a.p.raft.roles.FollowerRole - RaftServer{3}{role=FOLLOWER} - Received AppendRequest{term=1, leader=1, prevLogIndex=8, prevLogTerm=1, entries=1, commitIndex=8}
02:53:16.384 [raft-server-2] TRACE i.a.p.raft.roles.FollowerRole - RaftServer{2}{role=FOLLOWER} - Received AppendRequest{term=1, leader=1, prevLogIndex=8, prevLogTerm=1, entries=1, commitIndex=8}
02:53:16.384 [raft-server-2] TRACE i.a.p.raft.roles.FollowerRole - RaftServer{2}{role=FOLLOWER} - Appended Indexed{index=9, entry=CommandEntry{term=1, timestamp=2018-06-09 02:53:16,383, session=2, sequence=5, operation=PrimitiveOperation{id=DefaultOperationId{id=write, type=COMMAND}, value=byte[]{length=17, hash=-1644578928}}}}
02:53:16.384 [raft-server-3] TRACE i.a.p.raft.roles.FollowerRole - RaftServer{3}{role=FOLLOWER} - Appended Indexed{index=9, entry=CommandEntry{term=1, timestamp=2018-06-09 02:53:16,383, session=2, sequence=5, operation=PrimitiveOperation{id=DefaultOperationId{id=write, type=COMMAND}, value=byte[]{length=17, hash=-1644578928}}}}
02:53:16.448 [raft-server-3] TRACE i.a.p.raft.roles.FollowerRole - RaftServer{3}{role=FOLLOWER} - Committed entries up to index 8
02:53:16.448 [raft-server-2] TRACE i.a.p.raft.roles.FollowerRole - RaftServer{2}{role=FOLLOWER} - Committed entries up to index 8
02:53:16.448 [raft-server-3] TRACE i.a.p.raft.roles.FollowerRole - RaftServer{3}{role=FOLLOWER} - Sending AppendResponse{status=OK, term=1, succeeded=true, lastLogIndex=9}
02:53:16.448 [raft-server-2] TRACE i.a.p.raft.roles.FollowerRole - RaftServer{2}{role=FOLLOWER} - Sending AppendResponse{status=OK, term=1, succeeded=true, lastLogIndex=9}
02:53:16.448 [raft-server-1] TRACE i.a.p.raft.roles.LeaderAppender - RaftServer{1} - Received AppendResponse{status=OK, term=1, succeeded=true, lastLogIndex=9} from 3
02:53:16.448 [raft-server-1] TRACE i.a.p.raft.roles.LeaderAppender - RaftServer{1} - Committed entries up to 9
02:53:16.448 [raft-server-3-state] TRACE i.a.p.raft.impl.RaftServiceManager - RaftServer{3} - Applying Indexed{index=8, entry=CommandEntry{term=1, timestamp=2018-06-09 02:53:16,295, session=2, sequence=4, operation=PrimitiveOperation{id=DefaultOperationId{id=write, type=COMMAND}, value=byte[]{length=17, hash=-1644578928}}}}
02:53:16.448 [raft-server-2-state] TRACE i.a.p.raft.impl.RaftServiceManager - RaftServer{2} - Applying Indexed{index=8, entry=CommandEntry{term=1, timestamp=2018-06-09 02:53:16,295, session=2, sequence=4, operation=PrimitiveOperation{id=DefaultOperationId{id=write, type=COMMAND}, value=byte[]{length=17, hash=-1644578928}}}}
02:53:16.448 [raft-server-2-state] TRACE i.a.p.s.impl.DefaultServiceExecutor - PrimitiveService{2}{type=io.atomix.protocols.raft.RaftTest$TestPrimitiveType@1c47fd5, name=raft-test} - Executing DefaultCommit{index=8, session=RaftSession{RaftServiceContext{server=2, type=io.atomix.protocols.raft.RaftTest$TestPrimitiveType@1c47fd5, name=raft-test, id=2}, session=2, timestamp=2018-06-09 02:53:16,295}, time=2018-06-09 02:53:16,295, operation=DefaultOperationId{id=write, type=COMMAND}, value=byte[]{length=17, hash=-1644578928}}
02:53:16.448 [raft-server-3-state] TRACE i.a.p.s.impl.DefaultServiceExecutor - PrimitiveService{2}{type=io.atomix.protocols.raft.RaftTest$TestPrimitiveType@30e8e4fb, name=raft-test} - Executing DefaultCommit{index=8, session=RaftSession{RaftServiceContext{server=3, type=io.atomix.protocols.raft.RaftTest$TestPrimitiveType@30e8e4fb, name=raft-test, id=2}, session=2, timestamp=2018-06-09 02:53:16,295}, time=2018-06-09 02:53:16,295, operation=DefaultOperationId{id=write, type=COMMAND}, value=byte[]{length=17, hash=-1644578928}}
02:53:16.727 [raft-server-1] TRACE i.a.p.raft.roles.LeaderAppender - RaftServer{1} - Sending AppendRequest{term=1, leader=1, prevLogIndex=9, prevLogTerm=1, entries=0, commitIndex=9} to 3
02:53:16.727 [raft-server-3] TRACE i.a.p.raft.roles.FollowerRole - RaftServer{3}{role=FOLLOWER} - Received AppendRequest{term=1, leader=1, prevLogIndex=9, prevLogTerm=1, entries=0, commitIndex=9}
02:53:16.727 [raft-server-1] TRACE i.a.p.raft.roles.LeaderAppender - RaftServer{1} - Received AppendResponse{status=OK, term=1, succeeded=true, lastLogIndex=9} from 2
02:53:16.727 [raft-server-1] TRACE i.a.p.raft.roles.LeaderAppender - RaftServer{1} - Sending AppendRequest{term=1, leader=1, prevLogIndex=9, prevLogTerm=1, entries=0, commitIndex=9} to 2
02:53:16.727 [raft-server-2] TRACE i.a.p.raft.roles.FollowerRole - RaftServer{2}{role=FOLLOWER} - Received AppendRequest{term=1, leader=1, prevLogIndex=9, prevLogTerm=1, entries=0, commitIndex=9}
02:53:16.727 [raft-server-1-state] TRACE i.a.p.raft.impl.RaftServiceManager - RaftServer{1} - Applying Indexed{index=9, entry=CommandEntry{term=1, timestamp=2018-06-09 02:53:16,383, session=2, sequence=5, operation=PrimitiveOperation{id=DefaultOperationId{id=write, type=COMMAND}, value=byte[]{length=17, hash=-1644578928}}}}
02:53:16.727 [raft-server-1-state] TRACE i.a.p.s.impl.DefaultServiceExecutor - PrimitiveService{2}{type=io.atomix.protocols.raft.RaftTest$TestPrimitiveType@45397ff4, name=raft-test} - Executing DefaultCommit{index=9, session=RaftSession{RaftServiceContext{server=1, type=io.atomix.protocols.raft.RaftTest$TestPrimitiveType@45397ff4, name=raft-test, id=2}, session=2, timestamp=2018-06-09 02:53:16,383}, time=2018-06-09 02:53:16,383, operation=DefaultOperationId{id=write, type=COMMAND}, value=byte[]{length=17, hash=-1644578928}}
02:53:16.728 [raft-server-1-state] TRACE i.a.protocols.raft.roles.LeaderRole - RaftServer{1}{role=LEADER} - Sending CommandResponse{status=OK, index=9, eventIndex=2, result=byte[]{length=2, hash=1258}}
02:53:16.957 [raft-server-3] TRACE i.a.p.raft.roles.FollowerRole - RaftServer{3}{role=FOLLOWER} - Committed entries up to index 9
02:53:16.957 [raft-server-3] TRACE i.a.p.raft.roles.FollowerRole - RaftServer{3}{role=FOLLOWER} - Sending AppendResponse{status=OK, term=1, succeeded=true, lastLogIndex=9}
02:53:16.957 [raft-server-1] TRACE i.a.p.raft.roles.LeaderAppender - RaftServer{1} - Received AppendResponse{status=OK, term=1, succeeded=true, lastLogIndex=9} from 3
02:53:16.957 [raft-server-1] TRACE i.a.p.raft.roles.LeaderAppender - RaftServer{1} - Sending AppendRequest{term=1, leader=1, prevLogIndex=9, prevLogTerm=1, entries=0, commitIndex=9} to 3
02:53:16.957 [raft-server-3-state] TRACE i.a.p.raft.impl.RaftServiceManager - RaftServer{3} - Applying Indexed{index=9, entry=CommandEntry{term=1, timestamp=2018-06-09 02:53:16,383, session=2, sequence=5, operation=PrimitiveOperation{id=DefaultOperationId{id=write, type=COMMAND}, value=byte[]{length=17, hash=-1644578928}}}}
02:53:16.957 [raft-server-3] TRACE i.a.p.raft.roles.FollowerRole - RaftServer{3}{role=FOLLOWER} - Received AppendRequest{term=1, leader=1, prevLogIndex=9, prevLogTerm=1, entries=0, commitIndex=9}
02:53:16.957 [raft-server-3] TRACE i.a.p.raft.roles.FollowerRole - RaftServer{3}{role=FOLLOWER} - Sending AppendResponse{status=OK, term=1, succeeded=true, lastLogIndex=9}
02:53:16.957 [raft-server-3-state] TRACE i.a.p.s.impl.DefaultServiceExecutor - PrimitiveService{2}{type=io.atomix.protocols.raft.RaftTest$TestPrimitiveType@30e8e4fb, name=raft-test} - Executing DefaultCommit{index=9, session=RaftSession{RaftServiceContext{server=3, type=io.atomix.protocols.raft.RaftTest$TestPrimitiveType@30e8e4fb, name=raft-test, id=2}, session=2, timestamp=2018-06-09 02:53:16,383}, time=2018-06-09 02:53:16,383, operation=DefaultOperationId{id=write, type=COMMAND}, value=byte[]{length=17, hash=-1644578928}}
02:53:16.957 [raft-server-1] TRACE i.a.p.raft.roles.LeaderAppender - RaftServer{1} - Received AppendResponse{status=OK, term=1, succeeded=true, lastLogIndex=9} from 3
02:53:17.068 [raft-server-2] TRACE i.a.p.raft.roles.FollowerRole - RaftServer{2}{role=FOLLOWER} - Committed entries up to index 9
02:53:17.068 [raft-server-2] TRACE i.a.p.raft.roles.FollowerRole - RaftServer{2}{role=FOLLOWER} - Sending AppendResponse{status=OK, term=1, succeeded=true, lastLogIndex=9}
02:53:17.068 [raft-server-2] TRACE i.a.p.raft.roles.FollowerRole - RaftServer{2}{role=FOLLOWER} - Sending CommandResponse{status=OK, index=9, eventIndex=2, result=byte[]{length=2, hash=1258}}
02:53:17.068 [raft-server-1] TRACE i.a.p.raft.roles.LeaderAppender - RaftServer{1} - Received AppendResponse{status=OK, term=1, succeeded=true, lastLogIndex=9} from 2
02:53:17.068 [raft-client-02319fd7-5003-4fac-b562-689b946eac2b-6] TRACE i.a.p.r.p.impl.RaftProxyConnection - ProxySession{2}{type=io.atomix.protocols.raft.RaftTest$TestPrimitiveType@35bfa1bb, name=raft-test} - Received CommandResponse{status=OK, index=9, eventIndex=2, result=byte[]{length=2, hash=1258}} from 2
02:53:17.068 [raft-client-02319fd7-5003-4fac-b562-689b946eac2b-6] TRACE i.a.p.r.p.impl.RaftProxySequencer - ProxySession{2}{type=io.atomix.protocols.raft.RaftTest$TestPrimitiveType@35bfa1bb, name=raft-test} - Completing response CommandResponse{status=OK, index=9, eventIndex=2, result=byte[]{length=2, hash=1258}}
02:53:17.069 [raft-client-02319fd7-5003-4fac-b562-689b946eac2b-6] TRACE i.a.p.r.p.impl.RaftProxyConnection - ProxySession{2}{type=io.atomix.protocols.raft.RaftTest$TestPrimitiveType@35bfa1bb, name=raft-test} - Sending CommandRequest{session=2, sequence=6, operation=PrimitiveOperation{id=DefaultOperationId{id=write, type=COMMAND}, value=byte[]{length=17, hash=-1644578928}}} to 2
02:53:17.069 [raft-server-2] TRACE i.a.p.raft.roles.FollowerRole - RaftServer{2}{role=FOLLOWER} - Received CommandRequest{session=2, sequence=6, operation=PrimitiveOperation{id=DefaultOperationId{id=write, type=COMMAND}, value=byte[]{length=17, hash=-1644578928}}}
02:53:17.069 [raft-server-2-state] TRACE i.a.p.raft.impl.RaftServiceManager - RaftServer{2} - Applying Indexed{index=9, entry=CommandEntry{term=1, timestamp=2018-06-09 02:53:16,383, session=2, sequence=5, operation=PrimitiveOperation{id=DefaultOperationId{id=write, type=COMMAND}, value=byte[]{length=17, hash=-1644578928}}}}
02:53:17.069 [raft-server-2-state] TRACE i.a.p.s.impl.DefaultServiceExecutor - PrimitiveService{2}{type=io.atomix.protocols.raft.RaftTest$TestPrimitiveType@1c47fd5, name=raft-test} - Executing DefaultCommit{index=9, session=RaftSession{RaftServiceContext{server=2, type=io.atomix.protocols.raft.RaftTest$TestPrimitiveType@1c47fd5, name=raft-test, id=2}, session=2, timestamp=2018-06-09 02:53:16,383}, time=2018-06-09 02:53:16,383, operation=DefaultOperationId{id=write, type=COMMAND}, value=byte[]{length=17, hash=-1644578928}}
02:53:17.069 [raft-server-1] TRACE i.a.protocols.raft.roles.LeaderRole - RaftServer{1}{role=LEADER} - Received CommandRequest{session=2, sequence=6, operation=PrimitiveOperation{id=DefaultOperationId{id=write, type=COMMAND}, value=byte[]{length=17, hash=-1644578928}}}
02:53:17.069 [raft-server-1] TRACE i.a.protocols.raft.roles.LeaderRole - RaftServer{1}{role=LEADER} - Appended Indexed{index=10, entry=CommandEntry{term=1, timestamp=2018-06-09 02:53:17,069, session=2, sequence=6, operation=PrimitiveOperation{id=DefaultOperationId{id=write, type=COMMAND}, value=byte[]{length=17, hash=-1644578928}}}}
02:53:17.070 [raft-server-1] TRACE i.a.p.raft.roles.LeaderAppender - RaftServer{1} - Sending AppendRequest{term=1, leader=1, prevLogIndex=9, prevLogTerm=1, entries=1, commitIndex=9} to 3
02:53:17.070 [raft-server-3] TRACE i.a.p.raft.roles.FollowerRole - RaftServer{3}{role=FOLLOWER} - Received AppendRequest{term=1, leader=1, prevLogIndex=9, prevLogTerm=1, entries=1, commitIndex=9}
02:53:17.070 [raft-server-3] TRACE i.a.p.raft.roles.FollowerRole - RaftServer{3}{role=FOLLOWER} - Appended Indexed{index=10, entry=CommandEntry{term=1, timestamp=2018-06-09 02:53:17,069, session=2, sequence=6, operation=PrimitiveOperation{id=DefaultOperationId{id=write, type=COMMAND}, value=byte[]{length=17, hash=-1644578928}}}}
02:53:17.070 [raft-server-3] TRACE i.a.p.raft.roles.FollowerRole - RaftServer{3}{role=FOLLOWER} - Sending AppendResponse{status=OK, term=1, succeeded=true, lastLogIndex=10}
02:53:17.070 [raft-server-1] TRACE i.a.p.raft.roles.LeaderAppender - RaftServer{1} - Sending AppendRequest{term=1, leader=1, prevLogIndex=9, prevLogTerm=1, entries=1, commitIndex=9} to 2
02:53:17.070 [raft-server-1] TRACE i.a.p.raft.roles.LeaderAppender - RaftServer{1} - Received AppendResponse{status=OK, term=1, succeeded=true, lastLogIndex=10} from 3
02:53:17.070 [raft-server-1] TRACE i.a.p.raft.roles.LeaderAppender - RaftServer{1} - Committed entries up to 10
02:53:17.070 [raft-server-2] TRACE i.a.p.raft.roles.FollowerRole - RaftServer{2}{role=FOLLOWER} - Received AppendRequest{term=1, leader=1, prevLogIndex=9, prevLogTerm=1, entries=1, commitIndex=9}
02:53:17.070 [raft-server-2] TRACE i.a.p.raft.roles.FollowerRole - RaftServer{2}{role=FOLLOWER} - Appended Indexed{index=10, entry=CommandEntry{term=1, timestamp=2018-06-09 02:53:17,069, session=2, sequence=6, operation=PrimitiveOperation{id=DefaultOperationId{id=write, type=COMMAND}, value=byte[]{length=17, hash=-1644578928}}}}
02:53:17.070 [raft-server-2] TRACE i.a.p.raft.roles.FollowerRole - RaftServer{2}{role=FOLLOWER} - Sending AppendResponse{status=OK, term=1, succeeded=true, lastLogIndex=10}
02:53:17.307 [raft-server-1] TRACE i.a.p.raft.roles.LeaderAppender - RaftServer{1} - Received AppendResponse{status=OK, term=1, succeeded=true, lastLogIndex=10} from 2
02:53:17.307 [raft-server-1] TRACE i.a.p.raft.roles.LeaderAppender - RaftServer{1} - Sending AppendRequest{term=1, leader=1, prevLogIndex=10, prevLogTerm=1, entries=0, commitIndex=10} to 3
02:53:17.307 [raft-server-3] TRACE i.a.p.raft.roles.FollowerRole - RaftServer{3}{role=FOLLOWER} - Received AppendRequest{term=1, leader=1, prevLogIndex=10, prevLogTerm=1, entries=0, commitIndex=10}
02:53:17.307 [raft-server-1] TRACE i.a.p.raft.roles.LeaderAppender - RaftServer{1} - Sending AppendRequest{term=1, leader=1, prevLogIndex=10, prevLogTerm=1, entries=0, commitIndex=10} to 2
02:53:17.307 [raft-server-2] TRACE i.a.p.raft.roles.FollowerRole - RaftServer{2}{role=FOLLOWER} - Received AppendRequest{term=1, leader=1, prevLogIndex=10, prevLogTerm=1, entries=0, commitIndex=10}
02:53:17.307 [raft-server-1-state] TRACE i.a.p.raft.impl.RaftServiceManager - RaftServer{1} - Applying Indexed{index=10, entry=CommandEntry{term=1, timestamp=2018-06-09 02:53:17,069, session=2, sequence=6, operation=PrimitiveOperation{id=DefaultOperationId{id=write, type=COMMAND}, value=byte[]{length=17, hash=-1644578928}}}}
02:53:17.307 [raft-server-1-state] TRACE i.a.p.s.impl.DefaultServiceExecutor - PrimitiveService{2}{type=io.atomix.protocols.raft.RaftTest$TestPrimitiveType@45397ff4, name=raft-test} - Executing DefaultCommit{index=10, session=RaftSession{RaftServiceContext{server=1, type=io.atomix.protocols.raft.RaftTest$TestPrimitiveType@45397ff4, name=raft-test, id=2}, session=2, timestamp=2018-06-09 02:53:17,069}, time=2018-06-09 02:53:17,069, operation=DefaultOperationId{id=write, type=COMMAND}, value=byte[]{length=17, hash=-1644578928}}
02:53:17.308 [raft-server-1] TRACE i.a.protocols.raft.roles.LeaderRole - RaftServer{1}{role=LEADER} - Sending CommandResponse{status=OK, index=10, eventIndex=2, result=byte[]{length=2, hash=1260}}
02:53:17.455 [raft-server-3] TRACE i.a.p.raft.roles.FollowerRole - RaftServer{3}{role=FOLLOWER} - Committed entries up to index 10
02:53:17.455 [raft-server-3] TRACE i.a.p.raft.roles.FollowerRole - RaftServer{3}{role=FOLLOWER} - Sending AppendResponse{status=OK, term=1, succeeded=true, lastLogIndex=10}
02:53:17.455 [raft-server-3-state] TRACE i.a.p.raft.impl.RaftServiceManager - RaftServer{3} - Applying Indexed{index=10, entry=CommandEntry{term=1, timestamp=2018-06-09 02:53:17,069, session=2, sequence=6, operation=PrimitiveOperation{id=DefaultOperationId{id=write, type=COMMAND}, value=byte[]{length=17, hash=-1644578928}}}}
02:53:17.455 [raft-server-3-state] TRACE i.a.p.s.impl.DefaultServiceExecutor - PrimitiveService{2}{type=io.atomix.protocols.raft.RaftTest$TestPrimitiveType@30e8e4fb, name=raft-test} - Executing DefaultCommit{index=10, session=RaftSession{RaftServiceContext{server=3, type=io.atomix.protocols.raft.RaftTest$TestPrimitiveType@30e8e4fb, name=raft-test, id=2}, session=2, timestamp=2018-06-09 02:53:17,069}, time=2018-06-09 02:53:17,069, operation=DefaultOperationId{id=write, type=COMMAND}, value=byte[]{length=17, hash=-1644578928}}
02:53:17.455 [raft-server-2] TRACE i.a.p.raft.roles.FollowerRole - RaftServer{2}{role=FOLLOWER} - Committed entries up to index 10
02:53:17.455 [raft-server-2] TRACE i.a.p.raft.roles.FollowerRole - RaftServer{2}{role=FOLLOWER} - Sending AppendResponse{status=OK, term=1, succeeded=true, lastLogIndex=10}
02:53:17.455 [raft-server-2] TRACE i.a.p.raft.roles.FollowerRole - RaftServer{2}{role=FOLLOWER} - Sending CommandResponse{status=OK, index=10, eventIndex=2, result=byte[]{length=2, hash=1260}}
02:53:17.456 [raft-client-02319fd7-5003-4fac-b562-689b946eac2b-1] TRACE i.a.p.r.p.impl.RaftProxyConnection - ProxySession{2}{type=io.atomix.protocols.raft.RaftTest$TestPrimitiveType@35bfa1bb, name=raft-test} - Received CommandResponse{status=OK, index=10, eventIndex=2, result=byte[]{length=2, hash=1260}} from 2
02:53:17.456 [raft-client-02319fd7-5003-4fac-b562-689b946eac2b-1] TRACE i.a.p.r.p.impl.RaftProxySequencer - ProxySession{2}{type=io.atomix.protocols.raft.RaftTest$TestPrimitiveType@35bfa1bb, name=raft-test} - Completing response CommandResponse{status=OK, index=10, eventIndex=2, result=byte[]{length=2, hash=1260}}
02:53:17.456 [raft-client-02319fd7-5003-4fac-b562-689b946eac2b-1] TRACE i.a.p.r.p.impl.RaftProxyConnection - ProxySession{2}{type=io.atomix.protocols.raft.RaftTest$TestPrimitiveType@35bfa1bb, name=raft-test} - Sending CommandRequest{session=2, sequence=7, operation=PrimitiveOperation{id=DefaultOperationId{id=write, type=COMMAND}, value=byte[]{length=17, hash=-1644578928}}} to 2
02:53:17.456 [raft-server-2] TRACE i.a.p.raft.roles.FollowerRole - RaftServer{2}{role=FOLLOWER} - Received CommandRequest{session=2, sequence=7, operation=PrimitiveOperation{id=DefaultOperationId{id=write, type=COMMAND}, value=byte[]{length=17, hash=-1644578928}}}
02:53:17.456 [raft-server-2-state] TRACE i.a.p.raft.impl.RaftServiceManager - RaftServer{2} - Applying Indexed{index=10, entry=CommandEntry{term=1, timestamp=2018-06-09 02:53:17,069, session=2, sequence=6, operation=PrimitiveOperation{id=DefaultOperationId{id=write, type=COMMAND}, value=byte[]{length=17, hash=-1644578928}}}}
02:53:17.456 [raft-server-2-state] TRACE i.a.p.s.impl.DefaultServiceExecutor - PrimitiveService{2}{type=io.atomix.protocols.raft.RaftTest$TestPrimitiveType@1c47fd5, name=raft-test} - Executing DefaultCommit{index=10, session=RaftSession{RaftServiceContext{server=2, type=io.atomix.protocols.raft.RaftTest$TestPrimitiveType@1c47fd5, name=raft-test, id=2}, session=2, timestamp=2018-06-09 02:53:17,069}, time=2018-06-09 02:53:17,069, operation=DefaultOperationId{id=write, type=COMMAND}, value=byte[]{length=17, hash=-1644578928}}
02:53:17.457 [raft-server-1] TRACE i.a.p.raft.roles.LeaderAppender - RaftServer{1} - Received AppendResponse{status=OK, term=1, succeeded=true, lastLogIndex=10} from 3
02:53:17.457 [raft-server-1] TRACE i.a.p.raft.roles.LeaderAppender - RaftServer{1} - Sending AppendRequest{term=1, leader=1, prevLogIndex=10, prevLogTerm=1, entries=0, commitIndex=10} to 3
02:53:17.457 [raft-server-3] TRACE i.a.p.raft.roles.FollowerRole - RaftServer{3}{role=FOLLOWER} - Received AppendRequest{term=1, leader=1, prevLogIndex=10, prevLogTerm=1, entries=0, commitIndex=10}
02:53:17.457 [raft-server-3] TRACE i.a.p.raft.roles.FollowerRole - RaftServer{3}{role=FOLLOWER} - Sending AppendResponse{status=OK, term=1, succeeded=true, lastLogIndex=10}
02:53:17.457 [raft-server-1] TRACE i.a.p.raft.roles.LeaderAppender - RaftServer{1} - Received AppendResponse{status=OK, term=1, succeeded=true, lastLogIndex=10} from 2
02:53:17.457 [raft-server-1] TRACE i.a.p.raft.roles.LeaderAppender - RaftServer{1} - Sending AppendRequest{term=1, leader=1, prevLogIndex=10, prevLogTerm=1, entries=0, commitIndex=10} to 2
02:53:17.457 [raft-server-1] TRACE i.a.protocols.raft.roles.LeaderRole - RaftServer{1}{role=LEADER} - Received CommandRequest{session=2, sequence=7, operation=PrimitiveOperation{id=DefaultOperationId{id=write, type=COMMAND}, value=byte[]{length=17, hash=-1644578928}}}
02:53:17.457 [raft-server-2] TRACE i.a.p.raft.roles.FollowerRole - RaftServer{2}{role=FOLLOWER} - Received AppendRequest{term=1, leader=1, prevLogIndex=10, prevLogTerm=1, entries=0, commitIndex=10}
02:53:17.457 [raft-server-2] TRACE i.a.p.raft.roles.FollowerRole - RaftServer{2}{role=FOLLOWER} - Sending AppendResponse{status=OK, term=1, succeeded=true, lastLogIndex=10}
02:53:17.794 [raft-server-1] DEBUG i.a.storage.journal.SegmentedJournal - Created disk segment: JournalSegment{id=2, version=1, index=11, size=64}
02:53:17.794 [raft-server-1] TRACE i.a.protocols.raft.roles.LeaderRole - RaftServer{1}{role=LEADER} - Appended Indexed{index=11, entry=CommandEntry{term=1, timestamp=2018-06-09 02:53:17,457, session=2, sequence=7, operation=PrimitiveOperation{id=DefaultOperationId{id=write, type=COMMAND}, value=byte[]{length=17, hash=-1644578928}}}}
02:53:17.794 [raft-server-1] TRACE i.a.p.raft.roles.LeaderAppender - RaftServer{1} - Received AppendResponse{status=OK, term=1, succeeded=true, lastLogIndex=10} from 3
02:53:17.794 [raft-server-1] TRACE i.a.p.raft.roles.LeaderAppender - RaftServer{1} - Sending AppendRequest{term=1, leader=1, prevLogIndex=10, prevLogTerm=1, entries=1, commitIndex=10} to 3
02:53:17.795 [raft-server-3] TRACE i.a.p.raft.roles.FollowerRole - RaftServer{3}{role=FOLLOWER} - Received AppendRequest{term=1, leader=1, prevLogIndex=10, prevLogTerm=1, entries=1, commitIndex=10}
02:53:17.795 [raft-server-1] TRACE i.a.p.raft.roles.LeaderAppender - RaftServer{1} - Received AppendResponse{status=OK, term=1, succeeded=true, lastLogIndex=10} from 2
02:53:17.795 [raft-server-1] TRACE i.a.p.raft.roles.LeaderAppender - RaftServer{1} - Sending AppendRequest{term=1, leader=1, prevLogIndex=10, prevLogTerm=1, entries=1, commitIndex=10} to 2
02:53:17.795 [raft-server-2] TRACE i.a.p.raft.roles.FollowerRole - RaftServer{2}{role=FOLLOWER} - Received AppendRequest{term=1, leader=1, prevLogIndex=10, prevLogTerm=1, entries=1, commitIndex=10}
02:53:18.243 [raft-client-02319fd7-5003-4fac-b562-689b946eac2b-2] TRACE i.a.p.r.proxy.impl.RaftProxyManager - RaftClient{02319fd7-5003-4fac-b562-689b946eac2b} - Keeping 1 sessions alive
02:53:18.243 [raft-client-02319fd7-5003-4fac-b562-689b946eac2b-2] TRACE i.a.p.r.p.impl.RaftProxyConnection - RaftClient{02319fd7-5003-4fac-b562-689b946eac2b} - Sending KeepAliveRequest{sessionIds=long[]{length=1, hash=33}, commandSequences=long[]{length=1, hash=37}, eventIndexes=long[]{length=1, hash=33}} to 1
02:53:18.244 [raft-server-1] TRACE i.a.protocols.raft.roles.LeaderRole - RaftServer{1}{role=LEADER} - Received KeepAliveRequest{sessionIds=long[]{length=1, hash=33}, commandSequences=long[]{length=1, hash=37}, eventIndexes=long[]{length=1, hash=33}}
02:53:18.244 [raft-server-1] TRACE i.a.protocols.raft.roles.LeaderRole - RaftServer{1}{role=LEADER} - Appended Indexed{index=12, entry=KeepAliveEntry{term=1, timestamp=2018-06-09 02:53:18,244, sessionIds=long[]{length=1, hash=33}, commandSequences=long[]{length=1, hash=37}, eventIndexes=long[]{length=1, hash=33}}}
02:53:18.244 [raft-server-1] TRACE i.a.p.raft.roles.LeaderAppender - RaftServer{1} - Sending AppendRequest{term=1, leader=1, prevLogIndex=11, prevLogTerm=1, entries=1, commitIndex=10} to 3
02:53:18.244 [raft-server-1] TRACE i.a.p.raft.roles.LeaderAppender - RaftServer{1} - Sending AppendRequest{term=1, leader=1, prevLogIndex=11, prevLogTerm=1, entries=1, commitIndex=10} to 2
02:53:18.250 [raft-server-3] DEBUG i.a.storage.journal.SegmentedJournal - Created disk segment: JournalSegment{id=2, version=1, index=11, size=64}
02:53:18.250 [raft-server-3] TRACE i.a.p.raft.roles.FollowerRole - RaftServer{3}{role=FOLLOWER} - Appended Indexed{index=11, entry=CommandEntry{term=1, timestamp=2018-06-09 02:53:17,457, session=2, sequence=7, operation=PrimitiveOperation{id=DefaultOperationId{id=write, type=COMMAND}, value=byte[]{length=17, hash=-1644578928}}}}
02:53:18.250 [raft-server-3] TRACE i.a.p.raft.roles.FollowerRole - RaftServer{3}{role=FOLLOWER} - Sending AppendResponse{status=OK, term=1, succeeded=true, lastLogIndex=11}
02:53:18.250 [raft-server-3] TRACE i.a.p.raft.roles.FollowerRole - RaftServer{3}{role=FOLLOWER} - Received AppendRequest{term=1, leader=1, prevLogIndex=11, prevLogTerm=1, entries=1, commitIndex=10}
02:53:18.250 [raft-server-3] TRACE i.a.p.raft.roles.FollowerRole - RaftServer{3}{role=FOLLOWER} - Appended Indexed{index=12, entry=KeepAliveEntry{term=1, timestamp=2018-06-09 02:53:18,244, sessionIds=long[]{length=1, hash=33}, commandSequences=long[]{length=1, hash=37}, eventIndexes=long[]{length=1, hash=33}}}
02:53:18.250 [raft-server-3] TRACE i.a.p.raft.roles.FollowerRole - RaftServer{3}{role=FOLLOWER} - Sending AppendResponse{status=OK, term=1, succeeded=true, lastLogIndex=12}
02:53:18.251 [raft-server-1] TRACE i.a.p.raft.roles.LeaderAppender - RaftServer{1} - Received AppendResponse{status=OK, term=1, succeeded=true, lastLogIndex=11} from 3
02:53:18.251 [raft-server-1] TRACE i.a.p.raft.roles.LeaderAppender - RaftServer{1} - Committed entries up to 11
02:53:18.440 [raft-server-2] DEBUG i.a.storage.journal.SegmentedJournal - Created disk segment: JournalSegment{id=2, version=1, index=11, size=64}
02:53:18.440 [raft-server-2] TRACE i.a.p.raft.roles.FollowerRole - RaftServer{2}{role=FOLLOWER} - Appended Indexed{index=11, entry=CommandEntry{term=1, timestamp=2018-06-09 02:53:17,457, session=2, sequence=7, operation=PrimitiveOperation{id=DefaultOperationId{id=write, type=COMMAND}, value=byte[]{length=17, hash=-1644578928}}}}
02:53:18.440 [raft-server-2] TRACE i.a.p.raft.roles.FollowerRole - RaftServer{2}{role=FOLLOWER} - Sending AppendResponse{status=OK, term=1, succeeded=true, lastLogIndex=11}
02:53:18.440 [raft-server-2] TRACE i.a.p.raft.roles.FollowerRole - RaftServer{2}{role=FOLLOWER} - Received AppendRequest{term=1, leader=1, prevLogIndex=11, prevLogTerm=1, entries=1, commitIndex=10}
02:53:18.440 [raft-server-2] TRACE i.a.p.raft.roles.FollowerRole - RaftServer{2}{role=FOLLOWER} - Appended Indexed{index=12, entry=KeepAliveEntry{term=1, timestamp=2018-06-09 02:53:18,244, sessionIds=long[]{length=1, hash=33}, commandSequences=long[]{length=1, hash=37}, eventIndexes=long[]{length=1, hash=33}}}
02:53:18.440 [raft-server-2] TRACE i.a.p.raft.roles.FollowerRole - RaftServer{2}{role=FOLLOWER} - Sending AppendResponse{status=OK, term=1, succeeded=true, lastLogIndex=12}
02:53:18.457 [raft-client-02319fd7-5003-4fac-b562-689b946eac2b-0] DEBUG i.a.p.r.p.impl.RaftProxyConnection - ProxySession{2}{type=io.atomix.protocols.raft.RaftTest$TestPrimitiveType@35bfa1bb, name=raft-test} - CommandRequest{session=2, sequence=7, operation=PrimitiveOperation{id=DefaultOperationId{id=write, type=COMMAND}, value=byte[]{length=17, hash=-1644578928}}} failed! Reason: {}
java.util.concurrent.TimeoutException: null
	at io.atomix.protocols.raft.protocol.TestRaftProtocol.lambda$scheduleTimeout$0(TestRaftProtocol.java:48) ~[test-classes/:na]
	at java.util.concurrent.Executors$RunnableAdapter.call(Executors.java:511) ~[na:1.8.0_121]
	at java.util.concurrent.FutureTask.run(FutureTask.java:266) ~[na:1.8.0_121]
	at java.util.concurrent.ScheduledThreadPoolExecutor$ScheduledFutureTask.access$201(ScheduledThreadPoolExecutor.java:180) ~[na:1.8.0_121]
	at java.util.concurrent.ScheduledThreadPoolExecutor$ScheduledFutureTask.run(ScheduledThreadPoolExecutor.java:293) ~[na:1.8.0_121]
	at java.util.concurrent.ThreadPoolExecutor.runWorker(ThreadPoolExecutor.java:1142) ~[na:1.8.0_121]
	at java.util.concurrent.ThreadPoolExecutor$Worker.run(ThreadPoolExecutor.java:617) ~[na:1.8.0_121]
	at java.lang.Thread.run(Thread.java:745) ~[na:1.8.0_121]
02:53:18.457 [raft-client-02319fd7-5003-4fac-b562-689b946eac2b-0] TRACE i.a.p.r.p.impl.RaftProxyConnection - ProxySession{2}{type=io.atomix.protocols.raft.RaftTest$TestPrimitiveType@35bfa1bb, name=raft-test} - Resetting connection. Reason: null
02:53:18.457 [raft-client-02319fd7-5003-4fac-b562-689b946eac2b-0] TRACE i.a.p.r.p.impl.RaftProxyConnection - ProxySession{2}{type=io.atomix.protocols.raft.RaftTest$TestPrimitiveType@35bfa1bb, name=raft-test} - Sending CommandRequest{session=2, sequence=7, operation=PrimitiveOperation{id=DefaultOperationId{id=write, type=COMMAND}, value=byte[]{length=17, hash=-1644578928}}} to 1
02:53:18.457 [raft-server-2] TRACE i.a.p.raft.roles.FollowerRole - RaftServer{2}{role=FOLLOWER} - Sending CommandResponse{status=ERROR, error=RaftError{type=NO_LEADER, message=null}, lastSequence=0}
02:53:18.565 [raft-server-1] TRACE i.a.p.raft.roles.LeaderAppender - RaftServer{1} - Received AppendResponse{status=OK, term=1, succeeded=true, lastLogIndex=12} from 3
02:53:19.003 [raft-server-1] TRACE i.a.p.raft.roles.LeaderAppender - RaftServer{1} - Committed entries up to 12
02:53:19.073 [raft-server-1] TRACE i.a.p.raft.roles.LeaderAppender - RaftServer{1} - Sending AppendRequest{term=1, leader=1, prevLogIndex=12, prevLogTerm=1, entries=0, commitIndex=12} to 3
02:53:19.073 [raft-server-1] TRACE i.a.p.raft.roles.LeaderAppender - RaftServer{1} - Received AppendResponse{status=OK, term=1, succeeded=true, lastLogIndex=11} from 2
02:53:19.074 [raft-server-3] TRACE i.a.p.raft.roles.FollowerRole - RaftServer{3}{role=FOLLOWER} - Received AppendRequest{term=1, leader=1, prevLogIndex=12, prevLogTerm=1, entries=0, commitIndex=12}
02:53:19.074 [raft-server-1] TRACE i.a.p.raft.roles.LeaderAppender - RaftServer{1} - Received AppendResponse{status=OK, term=1, succeeded=true, lastLogIndex=12} from 2
02:53:19.074 [raft-server-1] TRACE i.a.p.raft.roles.LeaderAppender - RaftServer{1} - Sending AppendRequest{term=1, leader=1, prevLogIndex=12, prevLogTerm=1, entries=0, commitIndex=12} to 2
02:53:19.074 [raft-server-2] TRACE i.a.p.raft.roles.FollowerRole - RaftServer{2}{role=FOLLOWER} - Received AppendRequest{term=1, leader=1, prevLogIndex=12, prevLogTerm=1, entries=0, commitIndex=12}
02:53:19.074 [raft-server-1] TRACE i.a.protocols.raft.roles.LeaderRole - RaftServer{1}{role=LEADER} - Received CommandRequest{session=2, sequence=7, operation=PrimitiveOperation{id=DefaultOperationId{id=write, type=COMMAND}, value=byte[]{length=17, hash=-1644578928}}}
02:53:19.074 [raft-server-1] TRACE i.a.protocols.raft.roles.LeaderRole - RaftServer{1}{role=LEADER} - Appended Indexed{index=13, entry=CommandEntry{term=1, timestamp=2018-06-09 02:53:19,074, session=2, sequence=7, operation=PrimitiveOperation{id=DefaultOperationId{id=write, type=COMMAND}, value=byte[]{length=17, hash=-1644578928}}}}
02:53:19.074 [raft-server-1-state] TRACE i.a.p.raft.impl.RaftServiceManager - RaftServer{1} - Applying Indexed{index=11, entry=CommandEntry{term=1, timestamp=2018-06-09 02:53:17,457, session=2, sequence=7, operation=PrimitiveOperation{id=DefaultOperationId{id=write, type=COMMAND}, value=byte[]{length=17, hash=-1644578928}}}}
02:53:19.074 [raft-server-1-state] TRACE i.a.p.s.impl.DefaultServiceExecutor - PrimitiveService{2}{type=io.atomix.protocols.raft.RaftTest$TestPrimitiveType@45397ff4, name=raft-test} - Executing DefaultCommit{index=11, session=RaftSession{RaftServiceContext{server=1, type=io.atomix.protocols.raft.RaftTest$TestPrimitiveType@45397ff4, name=raft-test, id=2}, session=2, timestamp=2018-06-09 02:53:17,457}, time=2018-06-09 02:53:17,457, operation=DefaultOperationId{id=write, type=COMMAND}, value=byte[]{length=17, hash=-1644578928}}
02:53:19.075 [raft-server-1-state] TRACE i.a.protocols.raft.roles.LeaderRole - RaftServer{1}{role=LEADER} - Sending CommandResponse{status=OK, index=11, eventIndex=2, result=byte[]{length=2, hash=1262}}
02:53:19.075 [raft-server-1-state] TRACE i.a.p.raft.impl.RaftServiceManager - RaftServer{1} - Applying Indexed{index=12, entry=KeepAliveEntry{term=1, timestamp=2018-06-09 02:53:18,244, sessionIds=long[]{length=1, hash=33}, commandSequences=long[]{length=1, hash=37}, eventIndexes=long[]{length=1, hash=33}}}
02:53:19.075 [raft-server-1] TRACE i.a.protocols.raft.roles.LeaderRole - RaftServer{1}{role=LEADER} - Sending KeepAliveResponse{status=OK, leader=1, members=[1, 3, 2], sessionIds=long[]{length=1, hash=33}}
02:53:19.075 [raft-client-02319fd7-5003-4fac-b562-689b946eac2b-6] TRACE i.a.p.r.p.impl.RaftProxyConnection - RaftClient{02319fd7-5003-4fac-b562-689b946eac2b} - Received KeepAliveResponse{status=OK, leader=1, members=[1, 3, 2], sessionIds=long[]{length=1, hash=33}} from 1
02:53:19.140 [raft-server-3] TRACE i.a.p.raft.roles.FollowerRole - RaftServer{3}{role=FOLLOWER} - Committed entries up to index 12
02:53:19.140 [raft-server-2] TRACE i.a.p.raft.roles.FollowerRole - RaftServer{2}{role=FOLLOWER} - Committed entries up to index 12
02:53:19.140 [raft-server-3] TRACE i.a.p.raft.roles.FollowerRole - RaftServer{3}{role=FOLLOWER} - Sending AppendResponse{status=OK, term=1, succeeded=true, lastLogIndex=12}
02:53:19.140 [raft-server-2] TRACE i.a.p.raft.roles.FollowerRole - RaftServer{2}{role=FOLLOWER} - Sending AppendResponse{status=OK, term=1, succeeded=true, lastLogIndex=12}
02:53:19.140 [raft-server-1] TRACE i.a.p.raft.roles.LeaderAppender - RaftServer{1} - Received AppendResponse{status=OK, term=1, succeeded=true, lastLogIndex=12} from 3
02:53:19.140 [raft-server-1] TRACE i.a.p.raft.roles.LeaderAppender - RaftServer{1} - Sending AppendRequest{term=1, leader=1, prevLogIndex=12, prevLogTerm=1, entries=1, commitIndex=12} to 3
02:53:19.140 [raft-server-3] TRACE i.a.p.raft.roles.FollowerRole - RaftServer{3}{role=FOLLOWER} - Received AppendRequest{term=1, leader=1, prevLogIndex=12, prevLogTerm=1, entries=1, commitIndex=12}
02:53:19.140 [raft-server-1] TRACE i.a.p.raft.roles.LeaderAppender - RaftServer{1} - Received AppendResponse{status=OK, term=1, succeeded=true, lastLogIndex=12} from 2
02:53:19.140 [raft-server-2-state] TRACE i.a.p.raft.impl.RaftServiceManager - RaftServer{2} - Applying Indexed{index=11, entry=CommandEntry{term=1, timestamp=2018-06-09 02:53:17,457, session=2, sequence=7, operation=PrimitiveOperation{id=DefaultOperationId{id=write, type=COMMAND}, value=byte[]{length=17, hash=-1644578928}}}}
02:53:19.140 [raft-server-3-state] TRACE i.a.p.raft.impl.RaftServiceManager - RaftServer{3} - Applying Indexed{index=11, entry=CommandEntry{term=1, timestamp=2018-06-09 02:53:17,457, session=2, sequence=7, operation=PrimitiveOperation{id=DefaultOperationId{id=write, type=COMMAND}, value=byte[]{length=17, hash=-1644578928}}}}
02:53:19.140 [raft-server-1] TRACE i.a.p.raft.roles.LeaderAppender - RaftServer{1} - Sending AppendRequest{term=1, leader=1, prevLogIndex=12, prevLogTerm=1, entries=1, commitIndex=12} to 2
02:53:19.140 [raft-server-3] TRACE i.a.p.raft.roles.FollowerRole - RaftServer{3}{role=FOLLOWER} - Appended Indexed{index=13, entry=CommandEntry{term=1, timestamp=2018-06-09 02:53:19,074, session=2, sequence=7, operation=PrimitiveOperation{id=DefaultOperationId{id=write, type=COMMAND}, value=byte[]{length=17, hash=-1644578928}}}}
02:53:19.140 [raft-server-2-state] TRACE i.a.p.s.impl.DefaultServiceExecutor - PrimitiveService{2}{type=io.atomix.protocols.raft.RaftTest$TestPrimitiveType@1c47fd5, name=raft-test} - Executing DefaultCommit{index=11, session=RaftSession{RaftServiceContext{server=2, type=io.atomix.protocols.raft.RaftTest$TestPrimitiveType@1c47fd5, name=raft-test, id=2}, session=2, timestamp=2018-06-09 02:53:17,457}, time=2018-06-09 02:53:17,457, operation=DefaultOperationId{id=write, type=COMMAND}, value=byte[]{length=17, hash=-1644578928}}
02:53:19.141 [raft-server-3-state] TRACE i.a.p.s.impl.DefaultServiceExecutor - PrimitiveService{2}{type=io.atomix.protocols.raft.RaftTest$TestPrimitiveType@30e8e4fb, name=raft-test} - Executing DefaultCommit{index=11, session=RaftSession{RaftServiceContext{server=3, type=io.atomix.protocols.raft.RaftTest$TestPrimitiveType@30e8e4fb, name=raft-test, id=2}, session=2, timestamp=2018-06-09 02:53:17,457}, time=2018-06-09 02:53:17,457, operation=DefaultOperationId{id=write, type=COMMAND}, value=byte[]{length=17, hash=-1644578928}}
02:53:19.141 [raft-server-3] TRACE i.a.p.raft.roles.FollowerRole - RaftServer{3}{role=FOLLOWER} - Sending AppendResponse{status=OK, term=1, succeeded=true, lastLogIndex=13}
02:53:19.141 [raft-server-2] TRACE i.a.p.raft.roles.FollowerRole - RaftServer{2}{role=FOLLOWER} - Received AppendRequest{term=1, leader=1, prevLogIndex=12, prevLogTerm=1, entries=1, commitIndex=12}
02:53:19.141 [raft-server-1] TRACE i.a.p.raft.roles.LeaderAppender - RaftServer{1} - Received AppendResponse{status=OK, term=1, succeeded=true, lastLogIndex=13} from 3
02:53:19.141 [raft-server-2-state] TRACE i.a.p.raft.impl.RaftServiceManager - RaftServer{2} - Applying Indexed{index=12, entry=KeepAliveEntry{term=1, timestamp=2018-06-09 02:53:18,244, sessionIds=long[]{length=1, hash=33}, commandSequences=long[]{length=1, hash=37}, eventIndexes=long[]{length=1, hash=33}}}
02:53:19.141 [raft-server-3-state] TRACE i.a.p.raft.impl.RaftServiceManager - RaftServer{3} - Applying Indexed{index=12, entry=KeepAliveEntry{term=1, timestamp=2018-06-09 02:53:18,244, sessionIds=long[]{length=1, hash=33}, commandSequences=long[]{length=1, hash=37}, eventIndexes=long[]{length=1, hash=33}}}
02:53:19.141 [raft-server-1] TRACE i.a.p.raft.roles.LeaderAppender - RaftServer{1} - Committed entries up to 13
02:53:19.141 [raft-server-2] TRACE i.a.p.raft.roles.FollowerRole - RaftServer{2}{role=FOLLOWER} - Appended Indexed{index=13, entry=CommandEntry{term=1, timestamp=2018-06-09 02:53:19,074, session=2, sequence=7, operation=PrimitiveOperation{id=DefaultOperationId{id=write, type=COMMAND}, value=byte[]{length=17, hash=-1644578928}}}}
02:53:19.141 [raft-server-2] TRACE i.a.p.raft.roles.FollowerRole - RaftServer{2}{role=FOLLOWER} - Sending AppendResponse{status=OK, term=1, succeeded=true, lastLogIndex=13}
02:53:19.173 [raft-server-1] TRACE i.a.p.raft.roles.LeaderAppender - RaftServer{1} - Received AppendResponse{status=OK, term=1, succeeded=true, lastLogIndex=13} from 2
02:53:19.173 [raft-server-1-state] TRACE i.a.p.raft.impl.RaftServiceManager - RaftServer{1} - Applying Indexed{index=13, entry=CommandEntry{term=1, timestamp=2018-06-09 02:53:19,074, session=2, sequence=7, operation=PrimitiveOperation{id=DefaultOperationId{id=write, type=COMMAND}, value=byte[]{length=17, hash=-1644578928}}}}
02:53:19.174 [raft-server-1-state] TRACE i.a.p.r.service.RaftServiceContext - PrimitiveService{2}{type=io.atomix.protocols.raft.RaftTest$TestPrimitiveType@45397ff4, name=raft-test} - Returning cached result for command with sequence number 7 < 8
02:53:19.174 [raft-server-1-state] TRACE i.a.protocols.raft.roles.LeaderRole - RaftServer{1}{role=LEADER} - Sending CommandResponse{status=OK, index=11, eventIndex=2, result=byte[]{length=2, hash=1262}}
02:53:19.174 [raft-client-02319fd7-5003-4fac-b562-689b946eac2b-5] TRACE i.a.p.r.p.impl.RaftProxyConnection - ProxySession{2}{type=io.atomix.protocols.raft.RaftTest$TestPrimitiveType@35bfa1bb, name=raft-test} - Received CommandResponse{status=OK, index=11, eventIndex=2, result=byte[]{length=2, hash=1262}} from 1
02:53:19.174 [raft-client-02319fd7-5003-4fac-b562-689b946eac2b-5] TRACE i.a.p.r.p.impl.RaftProxySequencer - ProxySession{2}{type=io.atomix.protocols.raft.RaftTest$TestPrimitiveType@35bfa1bb, name=raft-test} - Completing response CommandResponse{status=OK, index=11, eventIndex=2, result=byte[]{length=2, hash=1262}}
02:53:19.175 [raft-client-02319fd7-5003-4fac-b562-689b946eac2b-5] TRACE i.a.p.r.p.impl.RaftProxyConnection - ProxySession{2}{type=io.atomix.protocols.raft.RaftTest$TestPrimitiveType@35bfa1bb, name=raft-test} - Sending CommandRequest{session=2, sequence=8, operation=PrimitiveOperation{id=DefaultOperationId{id=write, type=COMMAND}, value=byte[]{length=17, hash=-1644578928}}} to 1
02:53:19.175 [raft-server-1] TRACE i.a.protocols.raft.roles.LeaderRole - RaftServer{1}{role=LEADER} - Received CommandRequest{session=2, sequence=8, operation=PrimitiveOperation{id=DefaultOperationId{id=write, type=COMMAND}, value=byte[]{length=17, hash=-1644578928}}}
02:53:19.175 [raft-server-1] TRACE i.a.protocols.raft.roles.LeaderRole - RaftServer{1}{role=LEADER} - Appended Indexed{index=14, entry=CommandEntry{term=1, timestamp=2018-06-09 02:53:19,175, session=2, sequence=8, operation=PrimitiveOperation{id=DefaultOperationId{id=write, type=COMMAND}, value=byte[]{length=17, hash=-1644578928}}}}
02:53:19.175 [raft-server-1] TRACE i.a.p.raft.roles.LeaderAppender - RaftServer{1} - Sending AppendRequest{term=1, leader=1, prevLogIndex=13, prevLogTerm=1, entries=1, commitIndex=13} to 3
02:53:19.175 [raft-server-3] TRACE i.a.p.raft.roles.FollowerRole - RaftServer{3}{role=FOLLOWER} - Received AppendRequest{term=1, leader=1, prevLogIndex=13, prevLogTerm=1, entries=1, commitIndex=13}
02:53:19.175 [raft-server-1] TRACE i.a.p.raft.roles.LeaderAppender - RaftServer{1} - Sending AppendRequest{term=1, leader=1, prevLogIndex=13, prevLogTerm=1, entries=1, commitIndex=13} to 2
02:53:19.175 [raft-server-2] TRACE i.a.p.raft.roles.FollowerRole - RaftServer{2}{role=FOLLOWER} - Received AppendRequest{term=1, leader=1, prevLogIndex=13, prevLogTerm=1, entries=1, commitIndex=13}
02:53:19.175 [raft-server-3] TRACE i.a.p.raft.roles.FollowerRole - RaftServer{3}{role=FOLLOWER} - Appended Indexed{index=14, entry=CommandEntry{term=1, timestamp=2018-06-09 02:53:19,175, session=2, sequence=8, operation=PrimitiveOperation{id=DefaultOperationId{id=write, type=COMMAND}, value=byte[]{length=17, hash=-1644578928}}}}
02:53:19.176 [raft-server-2] TRACE i.a.p.raft.roles.FollowerRole - RaftServer{2}{role=FOLLOWER} - Appended Indexed{index=14, entry=CommandEntry{term=1, timestamp=2018-06-09 02:53:19,175, session=2, sequence=8, operation=PrimitiveOperation{id=DefaultOperationId{id=write, type=COMMAND}, value=byte[]{length=17, hash=-1644578928}}}}
02:53:19.207 [raft-server-3] TRACE i.a.p.raft.roles.FollowerRole - RaftServer{3}{role=FOLLOWER} - Committed entries up to index 13
02:53:19.207 [raft-server-2] TRACE i.a.p.raft.roles.FollowerRole - RaftServer{2}{role=FOLLOWER} - Committed entries up to index 13
02:53:19.207 [raft-server-3] TRACE i.a.p.raft.roles.FollowerRole - RaftServer{3}{role=FOLLOWER} - Sending AppendResponse{status=OK, term=1, succeeded=true, lastLogIndex=14}
02:53:19.207 [raft-server-2] TRACE i.a.p.raft.roles.FollowerRole - RaftServer{2}{role=FOLLOWER} - Sending AppendResponse{status=OK, term=1, succeeded=true, lastLogIndex=14}
02:53:19.207 [raft-server-1] TRACE i.a.p.raft.roles.LeaderAppender - RaftServer{1} - Received AppendResponse{status=OK, term=1, succeeded=true, lastLogIndex=14} from 3
02:53:19.207 [raft-server-1] TRACE i.a.p.raft.roles.LeaderAppender - RaftServer{1} - Committed entries up to 14
02:53:19.207 [raft-server-2-state] TRACE i.a.p.raft.impl.RaftServiceManager - RaftServer{2} - Applying Indexed{index=13, entry=CommandEntry{term=1, timestamp=2018-06-09 02:53:19,074, session=2, sequence=7, operation=PrimitiveOperation{id=DefaultOperationId{id=write, type=COMMAND}, value=byte[]{length=17, hash=-1644578928}}}}
02:53:19.207 [raft-server-3-state] TRACE i.a.p.raft.impl.RaftServiceManager - RaftServer{3} - Applying Indexed{index=13, entry=CommandEntry{term=1, timestamp=2018-06-09 02:53:19,074, session=2, sequence=7, operation=PrimitiveOperation{id=DefaultOperationId{id=write, type=COMMAND}, value=byte[]{length=17, hash=-1644578928}}}}
02:53:19.207 [raft-server-2-state] TRACE i.a.p.r.service.RaftServiceContext - PrimitiveService{2}{type=io.atomix.protocols.raft.RaftTest$TestPrimitiveType@1c47fd5, name=raft-test} - Returning cached result for command with sequence number 7 < 8
02:53:19.207 [raft-server-3-state] TRACE i.a.p.r.service.RaftServiceContext - PrimitiveService{2}{type=io.atomix.protocols.raft.RaftTest$TestPrimitiveType@30e8e4fb, name=raft-test} - Returning cached result for command with sequence number 7 < 8
02:53:19.240 [raft-server-1] TRACE i.a.p.raft.roles.LeaderAppender - RaftServer{1} - Received AppendResponse{status=OK, term=1, succeeded=true, lastLogIndex=14} from 2
02:53:19.240 [raft-server-1-state] TRACE i.a.p.raft.impl.RaftServiceManager - RaftServer{1} - Applying Indexed{index=14, entry=CommandEntry{term=1, timestamp=2018-06-09 02:53:19,175, session=2, sequence=8, operation=PrimitiveOperation{id=DefaultOperationId{id=write, type=COMMAND}, value=byte[]{length=17, hash=-1644578928}}}}
02:53:19.240 [raft-server-1-state] TRACE i.a.p.s.impl.DefaultServiceExecutor - PrimitiveService{2}{type=io.atomix.protocols.raft.RaftTest$TestPrimitiveType@45397ff4, name=raft-test} - Executing DefaultCommit{index=14, session=RaftSession{RaftServiceContext{server=1, type=io.atomix.protocols.raft.RaftTest$TestPrimitiveType@45397ff4, name=raft-test, id=2}, session=2, timestamp=2018-06-09 02:53:19,175}, time=2018-06-09 02:53:19,175, operation=DefaultOperationId{id=write, type=COMMAND}, value=byte[]{length=17, hash=-1644578928}}
02:53:19.240 [raft-server-1-state] TRACE i.a.protocols.raft.roles.LeaderRole - RaftServer{1}{role=LEADER} - Sending CommandResponse{status=OK, index=14, eventIndex=2, result=byte[]{length=2, hash=1268}}
02:53:19.241 [raft-client-02319fd7-5003-4fac-b562-689b946eac2b-6] TRACE i.a.p.r.p.impl.RaftProxyConnection - ProxySession{2}{type=io.atomix.protocols.raft.RaftTest$TestPrimitiveType@35bfa1bb, name=raft-test} - Received CommandResponse{status=OK, index=14, eventIndex=2, result=byte[]{length=2, hash=1268}} from 1
02:53:19.241 [raft-client-02319fd7-5003-4fac-b562-689b946eac2b-6] TRACE i.a.p.r.p.impl.RaftProxySequencer - ProxySession{2}{type=io.atomix.protocols.raft.RaftTest$TestPrimitiveType@35bfa1bb, name=raft-test} - Completing response CommandResponse{status=OK, index=14, eventIndex=2, result=byte[]{length=2, hash=1268}}
02:53:19.241 [raft-client-02319fd7-5003-4fac-b562-689b946eac2b-3] TRACE i.a.p.r.p.impl.RaftProxyConnection - ProxySession{2}{type=io.atomix.protocols.raft.RaftTest$TestPrimitiveType@35bfa1bb, name=raft-test} - Sending CommandRequest{session=2, sequence=9, operation=PrimitiveOperation{id=DefaultOperationId{id=write, type=COMMAND}, value=byte[]{length=17, hash=-1644578928}}} to 1
02:53:19.241 [raft-server-1] TRACE i.a.protocols.raft.roles.LeaderRole - RaftServer{1}{role=LEADER} - Received CommandRequest{session=2, sequence=9, operation=PrimitiveOperation{id=DefaultOperationId{id=write, type=COMMAND}, value=byte[]{length=17, hash=-1644578928}}}
02:53:19.241 [raft-server-1] TRACE i.a.protocols.raft.roles.LeaderRole - RaftServer{1}{role=LEADER} - Appended Indexed{index=15, entry=CommandEntry{term=1, timestamp=2018-06-09 02:53:19,241, session=2, sequence=9, operation=PrimitiveOperation{id=DefaultOperationId{id=write, type=COMMAND}, value=byte[]{length=17, hash=-1644578928}}}}
02:53:19.241 [raft-server-1] TRACE i.a.p.raft.roles.LeaderAppender - RaftServer{1} - Sending AppendRequest{term=1, leader=1, prevLogIndex=14, prevLogTerm=1, entries=1, commitIndex=14} to 3
02:53:19.241 [raft-server-1] TRACE i.a.p.raft.roles.LeaderAppender - RaftServer{1} - Sending AppendRequest{term=1, leader=1, prevLogIndex=14, prevLogTerm=1, entries=1, commitIndex=14} to 2
02:53:19.242 [raft-server-2] TRACE i.a.p.raft.roles.FollowerRole - RaftServer{2}{role=FOLLOWER} - Received AppendRequest{term=1, leader=1, prevLogIndex=14, prevLogTerm=1, entries=1, commitIndex=14}
02:53:19.242 [raft-server-3] TRACE i.a.p.raft.roles.FollowerRole - RaftServer{3}{role=FOLLOWER} - Received AppendRequest{term=1, leader=1, prevLogIndex=14, prevLogTerm=1, entries=1, commitIndex=14}
02:53:19.242 [raft-server-2] TRACE i.a.p.raft.roles.FollowerRole - RaftServer{2}{role=FOLLOWER} - Appended Indexed{index=15, entry=CommandEntry{term=1, timestamp=2018-06-09 02:53:19,241, session=2, sequence=9, operation=PrimitiveOperation{id=DefaultOperationId{id=write, type=COMMAND}, value=byte[]{length=17, hash=-1644578928}}}}
02:53:19.242 [raft-server-3] TRACE i.a.p.raft.roles.FollowerRole - RaftServer{3}{role=FOLLOWER} - Appended Indexed{index=15, entry=CommandEntry{term=1, timestamp=2018-06-09 02:53:19,241, session=2, sequence=9, operation=PrimitiveOperation{id=DefaultOperationId{id=write, type=COMMAND}, value=byte[]{length=17, hash=-1644578928}}}}
02:53:19.279 [raft-server-2] TRACE i.a.p.raft.roles.FollowerRole - RaftServer{2}{role=FOLLOWER} - Committed entries up to index 14
02:53:19.279 [raft-server-3] TRACE i.a.p.raft.roles.FollowerRole - RaftServer{3}{role=FOLLOWER} - Committed entries up to index 14
02:53:19.279 [raft-server-2] TRACE i.a.p.raft.roles.FollowerRole - RaftServer{2}{role=FOLLOWER} - Sending AppendResponse{status=OK, term=1, succeeded=true, lastLogIndex=15}
02:53:19.279 [raft-server-3] TRACE i.a.p.raft.roles.FollowerRole - RaftServer{3}{role=FOLLOWER} - Sending AppendResponse{status=OK, term=1, succeeded=true, lastLogIndex=15}
02:53:19.279 [raft-server-1] TRACE i.a.p.raft.roles.LeaderAppender - RaftServer{1} - Received AppendResponse{status=OK, term=1, succeeded=true, lastLogIndex=15} from 2
02:53:19.279 [raft-server-2-state] TRACE i.a.p.raft.impl.RaftServiceManager - RaftServer{2} - Applying Indexed{index=14, entry=CommandEntry{term=1, timestamp=2018-06-09 02:53:19,175, session=2, sequence=8, operation=PrimitiveOperation{id=DefaultOperationId{id=write, type=COMMAND}, value=byte[]{length=17, hash=-1644578928}}}}
02:53:19.280 [raft-server-3-state] TRACE i.a.p.raft.impl.RaftServiceManager - RaftServer{3} - Applying Indexed{index=14, entry=CommandEntry{term=1, timestamp=2018-06-09 02:53:19,175, session=2, sequence=8, operation=PrimitiveOperation{id=DefaultOperationId{id=write, type=COMMAND}, value=byte[]{length=17, hash=-1644578928}}}}
02:53:19.280 [raft-server-1] TRACE i.a.p.raft.roles.LeaderAppender - RaftServer{1} - Committed entries up to 15
02:53:19.280 [raft-server-2-state] TRACE i.a.p.s.impl.DefaultServiceExecutor - PrimitiveService{2}{type=io.atomix.protocols.raft.RaftTest$TestPrimitiveType@1c47fd5, name=raft-test} - Executing DefaultCommit{index=14, session=RaftSession{RaftServiceContext{server=2, type=io.atomix.protocols.raft.RaftTest$TestPrimitiveType@1c47fd5, name=raft-test, id=2}, session=2, timestamp=2018-06-09 02:53:19,175}, time=2018-06-09 02:53:19,175, operation=DefaultOperationId{id=write, type=COMMAND}, value=byte[]{length=17, hash=-1644578928}}
02:53:19.280 [raft-server-3-state] TRACE i.a.p.s.impl.DefaultServiceExecutor - PrimitiveService{2}{type=io.atomix.protocols.raft.RaftTest$TestPrimitiveType@30e8e4fb, name=raft-test} - Executing DefaultCommit{index=14, session=RaftSession{RaftServiceContext{server=3, type=io.atomix.protocols.raft.RaftTest$TestPrimitiveType@30e8e4fb, name=raft-test, id=2}, session=2, timestamp=2018-06-09 02:53:19,175}, time=2018-06-09 02:53:19,175, operation=DefaultOperationId{id=write, type=COMMAND}, value=byte[]{length=17, hash=-1644578928}}
02:53:19.346 [raft-server-1] TRACE i.a.p.raft.roles.LeaderAppender - RaftServer{1} - Received AppendResponse{status=OK, term=1, succeeded=true, lastLogIndex=15} from 3
02:53:19.346 [raft-server-1-state] TRACE i.a.p.raft.impl.RaftServiceManager - RaftServer{1} - Applying Indexed{index=15, entry=CommandEntry{term=1, timestamp=2018-06-09 02:53:19,241, session=2, sequence=9, operation=PrimitiveOperation{id=DefaultOperationId{id=write, type=COMMAND}, value=byte[]{length=17, hash=-1644578928}}}}
02:53:19.346 [raft-server-1-state] TRACE i.a.p.s.impl.DefaultServiceExecutor - PrimitiveService{2}{type=io.atomix.protocols.raft.RaftTest$TestPrimitiveType@45397ff4, name=raft-test} - Executing DefaultCommit{index=15, session=RaftSession{RaftServiceContext{server=1, type=io.atomix.protocols.raft.RaftTest$TestPrimitiveType@45397ff4, name=raft-test, id=2}, session=2, timestamp=2018-06-09 02:53:19,241}, time=2018-06-09 02:53:19,241, operation=DefaultOperationId{id=write, type=COMMAND}, value=byte[]{length=17, hash=-1644578928}}
02:53:19.346 [raft-server-1-state] TRACE i.a.protocols.raft.roles.LeaderRole - RaftServer{1}{role=LEADER} - Sending CommandResponse{status=OK, index=15, eventIndex=2, result=byte[]{length=2, hash=1270}}
02:53:19.347 [raft-client-02319fd7-5003-4fac-b562-689b946eac2b-1] TRACE i.a.p.r.p.impl.RaftProxyConnection - ProxySession{2}{type=io.atomix.protocols.raft.RaftTest$TestPrimitiveType@35bfa1bb, name=raft-test} - Received CommandResponse{status=OK, index=15, eventIndex=2, result=byte[]{length=2, hash=1270}} from 1
02:53:19.347 [raft-client-02319fd7-5003-4fac-b562-689b946eac2b-1] TRACE i.a.p.r.p.impl.RaftProxySequencer - ProxySession{2}{type=io.atomix.protocols.raft.RaftTest$TestPrimitiveType@35bfa1bb, name=raft-test} - Completing response CommandResponse{status=OK, index=15, eventIndex=2, result=byte[]{length=2, hash=1270}}
02:53:19.347 [raft-client-02319fd7-5003-4fac-b562-689b946eac2b-2] TRACE i.a.p.r.p.impl.RaftProxyConnection - ProxySession{2}{type=io.atomix.protocols.raft.RaftTest$TestPrimitiveType@35bfa1bb, name=raft-test} - Sending CommandRequest{session=2, sequence=10, operation=PrimitiveOperation{id=DefaultOperationId{id=write, type=COMMAND}, value=byte[]{length=17, hash=-1644578928}}} to 1
02:53:19.347 [raft-server-1] TRACE i.a.protocols.raft.roles.LeaderRole - RaftServer{1}{role=LEADER} - Received CommandRequest{session=2, sequence=10, operation=PrimitiveOperation{id=DefaultOperationId{id=write, type=COMMAND}, value=byte[]{length=17, hash=-1644578928}}}
02:53:19.347 [raft-server-1] TRACE i.a.protocols.raft.roles.LeaderRole - RaftServer{1}{role=LEADER} - Appended Indexed{index=16, entry=CommandEntry{term=1, timestamp=2018-06-09 02:53:19,347, session=2, sequence=10, operation=PrimitiveOperation{id=DefaultOperationId{id=write, type=COMMAND}, value=byte[]{length=17, hash=-1644578928}}}}
02:53:19.347 [raft-server-1] TRACE i.a.p.raft.roles.LeaderAppender - RaftServer{1} - Sending AppendRequest{term=1, leader=1, prevLogIndex=15, prevLogTerm=1, entries=1, commitIndex=15} to 3
02:53:19.347 [raft-server-3] TRACE i.a.p.raft.roles.FollowerRole - RaftServer{3}{role=FOLLOWER} - Received AppendRequest{term=1, leader=1, prevLogIndex=15, prevLogTerm=1, entries=1, commitIndex=15}
02:53:19.347 [raft-server-1] TRACE i.a.p.raft.roles.LeaderAppender - RaftServer{1} - Sending AppendRequest{term=1, leader=1, prevLogIndex=15, prevLogTerm=1, entries=1, commitIndex=15} to 2
02:53:19.348 [raft-server-2] TRACE i.a.p.raft.roles.FollowerRole - RaftServer{2}{role=FOLLOWER} - Received AppendRequest{term=1, leader=1, prevLogIndex=15, prevLogTerm=1, entries=1, commitIndex=15}
02:53:19.348 [raft-server-3] TRACE i.a.p.raft.roles.FollowerRole - RaftServer{3}{role=FOLLOWER} - Appended Indexed{index=16, entry=CommandEntry{term=1, timestamp=2018-06-09 02:53:19,347, session=2, sequence=10, operation=PrimitiveOperation{id=DefaultOperationId{id=write, type=COMMAND}, value=byte[]{length=17, hash=-1644578928}}}}
02:53:19.348 [raft-server-2] TRACE i.a.p.raft.roles.FollowerRole - RaftServer{2}{role=FOLLOWER} - Appended Indexed{index=16, entry=CommandEntry{term=1, timestamp=2018-06-09 02:53:19,347, session=2, sequence=10, operation=PrimitiveOperation{id=DefaultOperationId{id=write, type=COMMAND}, value=byte[]{length=17, hash=-1644578928}}}}
02:53:19.407 [raft-server-3] TRACE i.a.p.raft.roles.FollowerRole - RaftServer{3}{role=FOLLOWER} - Committed entries up to index 15
02:53:19.407 [raft-server-3] TRACE i.a.p.raft.roles.FollowerRole - RaftServer{3}{role=FOLLOWER} - Sending AppendResponse{status=OK, term=1, succeeded=true, lastLogIndex=16}
02:53:19.407 [raft-server-1] TRACE i.a.p.raft.roles.LeaderAppender - RaftServer{1} - Received AppendResponse{status=OK, term=1, succeeded=true, lastLogIndex=16} from 3
02:53:19.407 [raft-server-2] TRACE i.a.p.raft.roles.FollowerRole - RaftServer{2}{role=FOLLOWER} - Committed entries up to index 15
02:53:19.407 [raft-server-1] TRACE i.a.p.raft.roles.LeaderAppender - RaftServer{1} - Committed entries up to 16
02:53:19.407 [raft-server-3-state] TRACE i.a.p.raft.impl.RaftServiceManager - RaftServer{3} - Applying Indexed{index=15, entry=CommandEntry{term=1, timestamp=2018-06-09 02:53:19,241, session=2, sequence=9, operation=PrimitiveOperation{id=DefaultOperationId{id=write, type=COMMAND}, value=byte[]{length=17, hash=-1644578928}}}}
02:53:19.407 [raft-server-2] TRACE i.a.p.raft.roles.FollowerRole - RaftServer{2}{role=FOLLOWER} - Sending AppendResponse{status=OK, term=1, succeeded=true, lastLogIndex=16}
02:53:19.407 [raft-server-3-state] TRACE i.a.p.s.impl.DefaultServiceExecutor - PrimitiveService{2}{type=io.atomix.protocols.raft.RaftTest$TestPrimitiveType@30e8e4fb, name=raft-test} - Executing DefaultCommit{index=15, session=RaftSession{RaftServiceContext{server=3, type=io.atomix.protocols.raft.RaftTest$TestPrimitiveType@30e8e4fb, name=raft-test, id=2}, session=2, timestamp=2018-06-09 02:53:19,241}, time=2018-06-09 02:53:19,241, operation=DefaultOperationId{id=write, type=COMMAND}, value=byte[]{length=17, hash=-1644578928}}
02:53:19.407 [raft-server-2-state] TRACE i.a.p.raft.impl.RaftServiceManager - RaftServer{2} - Applying Indexed{index=15, entry=CommandEntry{term=1, timestamp=2018-06-09 02:53:19,241, session=2, sequence=9, operation=PrimitiveOperation{id=DefaultOperationId{id=write, type=COMMAND}, value=byte[]{length=17, hash=-1644578928}}}}
02:53:19.407 [raft-server-2-state] TRACE i.a.p.s.impl.DefaultServiceExecutor - PrimitiveService{2}{type=io.atomix.protocols.raft.RaftTest$TestPrimitiveType@1c47fd5, name=raft-test} - Executing DefaultCommit{index=15, session=RaftSession{RaftServiceContext{server=2, type=io.atomix.protocols.raft.RaftTest$TestPrimitiveType@1c47fd5, name=raft-test, id=2}, session=2, timestamp=2018-06-09 02:53:19,241}, time=2018-06-09 02:53:19,241, operation=DefaultOperationId{id=write, type=COMMAND}, value=byte[]{length=17, hash=-1644578928}}
02:53:19.438 [raft-server-1] TRACE i.a.p.raft.roles.LeaderAppender - RaftServer{1} - Sending AppendRequest{term=1, leader=1, prevLogIndex=16, prevLogTerm=1, entries=0, commitIndex=16} to 3
02:53:19.438 [raft-server-1] TRACE i.a.p.raft.roles.LeaderAppender - RaftServer{1} - Received AppendResponse{status=OK, term=1, succeeded=true, lastLogIndex=16} from 2
02:53:19.438 [raft-server-3] TRACE i.a.p.raft.roles.FollowerRole - RaftServer{3}{role=FOLLOWER} - Received AppendRequest{term=1, leader=1, prevLogIndex=16, prevLogTerm=1, entries=0, commitIndex=16}
02:53:19.438 [raft-server-1] TRACE i.a.p.raft.roles.LeaderAppender - RaftServer{1} - Sending AppendRequest{term=1, leader=1, prevLogIndex=16, prevLogTerm=1, entries=0, commitIndex=16} to 2
02:53:19.438 [raft-server-1-state] TRACE i.a.p.raft.impl.RaftServiceManager - RaftServer{1} - Applying Indexed{index=16, entry=CommandEntry{term=1, timestamp=2018-06-09 02:53:19,347, session=2, sequence=10, operation=PrimitiveOperation{id=DefaultOperationId{id=write, type=COMMAND}, value=byte[]{length=17, hash=-1644578928}}}}
02:53:19.438 [raft-server-1-state] TRACE i.a.p.s.impl.DefaultServiceExecutor - PrimitiveService{2}{type=io.atomix.protocols.raft.RaftTest$TestPrimitiveType@45397ff4, name=raft-test} - Executing DefaultCommit{index=16, session=RaftSession{RaftServiceContext{server=1, type=io.atomix.protocols.raft.RaftTest$TestPrimitiveType@45397ff4, name=raft-test, id=2}, session=2, timestamp=2018-06-09 02:53:19,347}, time=2018-06-09 02:53:19,347, operation=DefaultOperationId{id=write, type=COMMAND}, value=byte[]{length=17, hash=-1644578928}}
02:53:19.438 [raft-server-2] TRACE i.a.p.raft.roles.FollowerRole - RaftServer{2}{role=FOLLOWER} - Received AppendRequest{term=1, leader=1, prevLogIndex=16, prevLogTerm=1, entries=0, commitIndex=16}
02:53:19.438 [raft-server-2] TRACE i.a.p.raft.roles.FollowerRole - RaftServer{2}{role=FOLLOWER} - Committed entries up to index 16
02:53:19.438 [raft-server-2] TRACE i.a.p.raft.roles.FollowerRole - RaftServer{2}{role=FOLLOWER} - Sending AppendResponse{status=OK, term=1, succeeded=true, lastLogIndex=16}
02:53:19.438 [raft-server-1-state] TRACE i.a.protocols.raft.roles.LeaderRole - RaftServer{1}{role=LEADER} - Sending CommandResponse{status=OK, index=16, eventIndex=2, result=byte[]{length=2, hash=1272}}
02:53:19.438 [raft-server-1] TRACE i.a.p.raft.roles.LeaderAppender - RaftServer{1} - Received AppendResponse{status=OK, term=1, succeeded=true, lastLogIndex=16} from 2
02:53:19.438 [raft-server-2-state] TRACE i.a.p.raft.impl.RaftServiceManager - RaftServer{2} - Applying Indexed{index=16, entry=CommandEntry{term=1, timestamp=2018-06-09 02:53:19,347, session=2, sequence=10, operation=PrimitiveOperation{id=DefaultOperationId{id=write, type=COMMAND}, value=byte[]{length=17, hash=-1644578928}}}}
02:53:19.438 [raft-client-02319fd7-5003-4fac-b562-689b946eac2b-7] TRACE i.a.p.r.p.impl.RaftProxyConnection - ProxySession{2}{type=io.atomix.protocols.raft.RaftTest$TestPrimitiveType@35bfa1bb, name=raft-test} - Received CommandResponse{status=OK, index=16, eventIndex=2, result=byte[]{length=2, hash=1272}} from 1
02:53:19.439 [raft-server-2-state] TRACE i.a.p.s.impl.DefaultServiceExecutor - PrimitiveService{2}{type=io.atomix.protocols.raft.RaftTest$TestPrimitiveType@1c47fd5, name=raft-test} - Executing DefaultCommit{index=16, session=RaftSession{RaftServiceContext{server=2, type=io.atomix.protocols.raft.RaftTest$TestPrimitiveType@1c47fd5, name=raft-test, id=2}, session=2, timestamp=2018-06-09 02:53:19,347}, time=2018-06-09 02:53:19,347, operation=DefaultOperationId{id=write, type=COMMAND}, value=byte[]{length=17, hash=-1644578928}}
02:53:19.439 [raft-client-02319fd7-5003-4fac-b562-689b946eac2b-7] TRACE i.a.p.r.p.impl.RaftProxySequencer - ProxySession{2}{type=io.atomix.protocols.raft.RaftTest$TestPrimitiveType@35bfa1bb, name=raft-test} - Completing response CommandResponse{status=OK, index=16, eventIndex=2, result=byte[]{length=2, hash=1272}}
02:53:19.440 [raft-client-02319fd7-5003-4fac-b562-689b946eac2b-7] TRACE i.a.p.r.p.impl.RaftProxyConnection - ProxySession{2}{type=io.atomix.protocols.raft.RaftTest$TestPrimitiveType@35bfa1bb, name=raft-test} - Sending CommandRequest{session=2, sequence=11, operation=PrimitiveOperation{id=DefaultOperationId{id=write, type=COMMAND}, value=byte[]{length=17, hash=-1644578928}}} to 1
02:53:19.440 [raft-server-1] TRACE i.a.protocols.raft.roles.LeaderRole - RaftServer{1}{role=LEADER} - Received CommandRequest{session=2, sequence=11, operation=PrimitiveOperation{id=DefaultOperationId{id=write, type=COMMAND}, value=byte[]{length=17, hash=-1644578928}}}
02:53:19.440 [raft-server-1] TRACE i.a.protocols.raft.roles.LeaderRole - RaftServer{1}{role=LEADER} - Appended Indexed{index=17, entry=CommandEntry{term=1, timestamp=2018-06-09 02:53:19,440, session=2, sequence=11, operation=PrimitiveOperation{id=DefaultOperationId{id=write, type=COMMAND}, value=byte[]{length=17, hash=-1644578928}}}}
02:53:19.440 [raft-server-1] TRACE i.a.p.raft.roles.LeaderAppender - RaftServer{1} - Sending AppendRequest{term=1, leader=1, prevLogIndex=16, prevLogTerm=1, entries=1, commitIndex=16} to 2
02:53:19.441 [raft-server-2] TRACE i.a.p.raft.roles.FollowerRole - RaftServer{2}{role=FOLLOWER} - Received AppendRequest{term=1, leader=1, prevLogIndex=16, prevLogTerm=1, entries=1, commitIndex=16}
02:53:19.441 [raft-server-2] TRACE i.a.p.raft.roles.FollowerRole - RaftServer{2}{role=FOLLOWER} - Appended Indexed{index=17, entry=CommandEntry{term=1, timestamp=2018-06-09 02:53:19,440, session=2, sequence=11, operation=PrimitiveOperation{id=DefaultOperationId{id=write, type=COMMAND}, value=byte[]{length=17, hash=-1644578928}}}}
02:53:19.441 [raft-server-2] TRACE i.a.p.raft.roles.FollowerRole - RaftServer{2}{role=FOLLOWER} - Sending AppendResponse{status=OK, term=1, succeeded=true, lastLogIndex=17}
02:53:19.441 [raft-server-1] TRACE i.a.p.raft.roles.LeaderAppender - RaftServer{1} - Received AppendResponse{status=OK, term=1, succeeded=true, lastLogIndex=17} from 2
02:53:19.441 [raft-server-1] TRACE i.a.p.raft.roles.LeaderAppender - RaftServer{1} - Committed entries up to 17
02:53:19.475 [raft-server-3] TRACE i.a.p.raft.roles.FollowerRole - RaftServer{3}{role=FOLLOWER} - Committed entries up to index 16
02:53:19.475 [raft-server-3] TRACE i.a.p.raft.roles.FollowerRole - RaftServer{3}{role=FOLLOWER} - Sending AppendResponse{status=OK, term=1, succeeded=true, lastLogIndex=16}
02:53:19.475 [raft-server-3-state] TRACE i.a.p.raft.impl.RaftServiceManager - RaftServer{3} - Applying Indexed{index=16, entry=CommandEntry{term=1, timestamp=2018-06-09 02:53:19,347, session=2, sequence=10, operation=PrimitiveOperation{id=DefaultOperationId{id=write, type=COMMAND}, value=byte[]{length=17, hash=-1644578928}}}}
02:53:19.475 [raft-server-3-state] TRACE i.a.p.s.impl.DefaultServiceExecutor - PrimitiveService{2}{type=io.atomix.protocols.raft.RaftTest$TestPrimitiveType@30e8e4fb, name=raft-test} - Executing DefaultCommit{index=16, session=RaftSession{RaftServiceContext{server=3, type=io.atomix.protocols.raft.RaftTest$TestPrimitiveType@30e8e4fb, name=raft-test, id=2}, session=2, timestamp=2018-06-09 02:53:19,347}, time=2018-06-09 02:53:19,347, operation=DefaultOperationId{id=write, type=COMMAND}, value=byte[]{length=17, hash=-1644578928}}
02:53:19.498 [raft-server-1] TRACE i.a.p.raft.roles.LeaderAppender - RaftServer{1} - Received AppendResponse{status=OK, term=1, succeeded=true, lastLogIndex=16} from 3
02:53:19.498 [raft-server-1] TRACE i.a.p.raft.roles.LeaderAppender - RaftServer{1} - Sending AppendRequest{term=1, leader=1, prevLogIndex=16, prevLogTerm=1, entries=1, commitIndex=17} to 3
02:53:19.499 [raft-server-3] TRACE i.a.p.raft.roles.FollowerRole - RaftServer{3}{role=FOLLOWER} - Received AppendRequest{term=1, leader=1, prevLogIndex=16, prevLogTerm=1, entries=1, commitIndex=17}
02:53:19.499 [raft-server-1-state] TRACE i.a.p.raft.impl.RaftServiceManager - RaftServer{1} - Applying Indexed{index=17, entry=CommandEntry{term=1, timestamp=2018-06-09 02:53:19,440, session=2, sequence=11, operation=PrimitiveOperation{id=DefaultOperationId{id=write, type=COMMAND}, value=byte[]{length=17, hash=-1644578928}}}}
02:53:19.499 [raft-server-3] TRACE i.a.p.raft.roles.FollowerRole - RaftServer{3}{role=FOLLOWER} - Appended Indexed{index=17, entry=CommandEntry{term=1, timestamp=2018-06-09 02:53:19,440, session=2, sequence=11, operation=PrimitiveOperation{id=DefaultOperationId{id=write, type=COMMAND}, value=byte[]{length=17, hash=-1644578928}}}}
02:53:19.499 [raft-server-1-state] TRACE i.a.p.s.impl.DefaultServiceExecutor - PrimitiveService{2}{type=io.atomix.protocols.raft.RaftTest$TestPrimitiveType@45397ff4, name=raft-test} - Executing DefaultCommit{index=17, session=RaftSession{RaftServiceContext{server=1, type=io.atomix.protocols.raft.RaftTest$TestPrimitiveType@45397ff4, name=raft-test, id=2}, session=2, timestamp=2018-06-09 02:53:19,440}, time=2018-06-09 02:53:19,440, operation=DefaultOperationId{id=write, type=COMMAND}, value=byte[]{length=17, hash=-1644578928}}
02:53:19.499 [raft-server-1-state] TRACE i.a.protocols.raft.roles.LeaderRole - RaftServer{1}{role=LEADER} - Sending CommandResponse{status=OK, index=17, eventIndex=2, result=byte[]{length=2, hash=1274}}
02:53:19.499 [raft-client-02319fd7-5003-4fac-b562-689b946eac2b-6] TRACE i.a.p.r.p.impl.RaftProxyConnection - ProxySession{2}{type=io.atomix.protocols.raft.RaftTest$TestPrimitiveType@35bfa1bb, name=raft-test} - Received CommandResponse{status=OK, index=17, eventIndex=2, result=byte[]{length=2, hash=1274}} from 1
02:53:19.499 [raft-client-02319fd7-5003-4fac-b562-689b946eac2b-6] TRACE i.a.p.r.p.impl.RaftProxySequencer - ProxySession{2}{type=io.atomix.protocols.raft.RaftTest$TestPrimitiveType@35bfa1bb, name=raft-test} - Completing response CommandResponse{status=OK, index=17, eventIndex=2, result=byte[]{length=2, hash=1274}}
02:53:19.500 [raft-client-02319fd7-5003-4fac-b562-689b946eac2b-6] TRACE i.a.p.r.p.impl.RaftProxyConnection - ProxySession{2}{type=io.atomix.protocols.raft.RaftTest$TestPrimitiveType@35bfa1bb, name=raft-test} - Sending CommandRequest{session=2, sequence=12, operation=PrimitiveOperation{id=DefaultOperationId{id=write, type=COMMAND}, value=byte[]{length=17, hash=-1644578928}}} to 1
02:53:19.500 [raft-server-1] TRACE i.a.protocols.raft.roles.LeaderRole - RaftServer{1}{role=LEADER} - Received CommandRequest{session=2, sequence=12, operation=PrimitiveOperation{id=DefaultOperationId{id=write, type=COMMAND}, value=byte[]{length=17, hash=-1644578928}}}
02:53:19.500 [raft-server-1] TRACE i.a.protocols.raft.roles.LeaderRole - RaftServer{1}{role=LEADER} - Appended Indexed{index=18, entry=CommandEntry{term=1, timestamp=2018-06-09 02:53:19,500, session=2, sequence=12, operation=PrimitiveOperation{id=DefaultOperationId{id=write, type=COMMAND}, value=byte[]{length=17, hash=-1644578928}}}}
02:53:19.500 [raft-server-1] TRACE i.a.p.raft.roles.LeaderAppender - RaftServer{1} - Sending AppendRequest{term=1, leader=1, prevLogIndex=17, prevLogTerm=1, entries=1, commitIndex=17} to 2
02:53:19.500 [raft-server-2] TRACE i.a.p.raft.roles.FollowerRole - RaftServer{2}{role=FOLLOWER} - Received AppendRequest{term=1, leader=1, prevLogIndex=17, prevLogTerm=1, entries=1, commitIndex=17}
02:53:19.500 [raft-server-2] TRACE i.a.p.raft.roles.FollowerRole - RaftServer{2}{role=FOLLOWER} - Appended Indexed{index=18, entry=CommandEntry{term=1, timestamp=2018-06-09 02:53:19,500, session=2, sequence=12, operation=PrimitiveOperation{id=DefaultOperationId{id=write, type=COMMAND}, value=byte[]{length=17, hash=-1644578928}}}}
02:53:19.541 [raft-server-3] TRACE i.a.p.raft.roles.FollowerRole - RaftServer{3}{role=FOLLOWER} - Committed entries up to index 17
02:53:19.541 [raft-server-3] TRACE i.a.p.raft.roles.FollowerRole - RaftServer{3}{role=FOLLOWER} - Sending AppendResponse{status=OK, term=1, succeeded=true, lastLogIndex=17}
02:53:19.542 [raft-server-3-state] TRACE i.a.p.raft.impl.RaftServiceManager - RaftServer{3} - Applying Indexed{index=17, entry=CommandEntry{term=1, timestamp=2018-06-09 02:53:19,440, session=2, sequence=11, operation=PrimitiveOperation{id=DefaultOperationId{id=write, type=COMMAND}, value=byte[]{length=17, hash=-1644578928}}}}
02:53:19.542 [raft-server-3-state] TRACE i.a.p.s.impl.DefaultServiceExecutor - PrimitiveService{2}{type=io.atomix.protocols.raft.RaftTest$TestPrimitiveType@30e8e4fb, name=raft-test} - Executing DefaultCommit{index=17, session=RaftSession{RaftServiceContext{server=3, type=io.atomix.protocols.raft.RaftTest$TestPrimitiveType@30e8e4fb, name=raft-test, id=2}, session=2, timestamp=2018-06-09 02:53:19,440}, time=2018-06-09 02:53:19,440, operation=DefaultOperationId{id=write, type=COMMAND}, value=byte[]{length=17, hash=-1644578928}}
02:53:19.542 [raft-server-1] TRACE i.a.p.raft.roles.LeaderAppender - RaftServer{1} - Received AppendResponse{status=OK, term=1, succeeded=true, lastLogIndex=17} from 3
02:53:19.542 [raft-server-1] TRACE i.a.p.raft.roles.LeaderAppender - RaftServer{1} - Sending AppendRequest{term=1, leader=1, prevLogIndex=17, prevLogTerm=1, entries=1, commitIndex=17} to 3
02:53:19.542 [raft-server-3] TRACE i.a.p.raft.roles.FollowerRole - RaftServer{3}{role=FOLLOWER} - Received AppendRequest{term=1, leader=1, prevLogIndex=17, prevLogTerm=1, entries=1, commitIndex=17}
02:53:19.542 [raft-server-3] TRACE i.a.p.raft.roles.FollowerRole - RaftServer{3}{role=FOLLOWER} - Appended Indexed{index=18, entry=CommandEntry{term=1, timestamp=2018-06-09 02:53:19,500, session=2, sequence=12, operation=PrimitiveOperation{id=DefaultOperationId{id=write, type=COMMAND}, value=byte[]{length=17, hash=-1644578928}}}}
02:53:19.542 [raft-server-3] TRACE i.a.p.raft.roles.FollowerRole - RaftServer{3}{role=FOLLOWER} - Sending AppendResponse{status=OK, term=1, succeeded=true, lastLogIndex=18}
02:53:19.543 [raft-server-1] TRACE i.a.p.raft.roles.LeaderAppender - RaftServer{1} - Received AppendResponse{status=OK, term=1, succeeded=true, lastLogIndex=18} from 3
02:53:19.543 [raft-server-1] TRACE i.a.p.raft.roles.LeaderAppender - RaftServer{1} - Committed entries up to 18
02:53:19.575 [raft-server-2] TRACE i.a.p.raft.roles.FollowerRole - RaftServer{2}{role=FOLLOWER} - Committed entries up to index 17
02:53:19.576 [raft-server-2] TRACE i.a.p.raft.roles.FollowerRole - RaftServer{2}{role=FOLLOWER} - Sending AppendResponse{status=OK, term=1, succeeded=true, lastLogIndex=18}
02:53:19.576 [raft-server-2-state] TRACE i.a.p.raft.impl.RaftServiceManager - RaftServer{2} - Applying Indexed{index=17, entry=CommandEntry{term=1, timestamp=2018-06-09 02:53:19,440, session=2, sequence=11, operation=PrimitiveOperation{id=DefaultOperationId{id=write, type=COMMAND}, value=byte[]{length=17, hash=-1644578928}}}}
02:53:19.576 [raft-server-2-state] TRACE i.a.p.s.impl.DefaultServiceExecutor - PrimitiveService{2}{type=io.atomix.protocols.raft.RaftTest$TestPrimitiveType@1c47fd5, name=raft-test} - Executing DefaultCommit{index=17, session=RaftSession{RaftServiceContext{server=2, type=io.atomix.protocols.raft.RaftTest$TestPrimitiveType@1c47fd5, name=raft-test, id=2}, session=2, timestamp=2018-06-09 02:53:19,440}, time=2018-06-09 02:53:19,440, operation=DefaultOperationId{id=write, type=COMMAND}, value=byte[]{length=17, hash=-1644578928}}
02:53:19.598 [raft-server-1] TRACE i.a.p.raft.roles.LeaderAppender - RaftServer{1} - Received AppendResponse{status=OK, term=1, succeeded=true, lastLogIndex=18} from 2
02:53:19.598 [raft-server-1-state] TRACE i.a.p.raft.impl.RaftServiceManager - RaftServer{1} - Applying Indexed{index=18, entry=CommandEntry{term=1, timestamp=2018-06-09 02:53:19,500, session=2, sequence=12, operation=PrimitiveOperation{id=DefaultOperationId{id=write, type=COMMAND}, value=byte[]{length=17, hash=-1644578928}}}}
02:53:19.599 [raft-server-1-state] TRACE i.a.p.s.impl.DefaultServiceExecutor - PrimitiveService{2}{type=io.atomix.protocols.raft.RaftTest$TestPrimitiveType@45397ff4, name=raft-test} - Executing DefaultCommit{index=18, session=RaftSession{RaftServiceContext{server=1, type=io.atomix.protocols.raft.RaftTest$TestPrimitiveType@45397ff4, name=raft-test, id=2}, session=2, timestamp=2018-06-09 02:53:19,500}, time=2018-06-09 02:53:19,500, operation=DefaultOperationId{id=write, type=COMMAND}, value=byte[]{length=17, hash=-1644578928}}
02:53:19.599 [raft-server-1-state] TRACE i.a.protocols.raft.roles.LeaderRole - RaftServer{1}{role=LEADER} - Sending CommandResponse{status=OK, index=18, eventIndex=2, result=byte[]{length=2, hash=1276}}
02:53:19.599 [raft-client-02319fd7-5003-4fac-b562-689b946eac2b-5] TRACE i.a.p.r.p.impl.RaftProxyConnection - ProxySession{2}{type=io.atomix.protocols.raft.RaftTest$TestPrimitiveType@35bfa1bb, name=raft-test} - Received CommandResponse{status=OK, index=18, eventIndex=2, result=byte[]{length=2, hash=1276}} from 1
02:53:19.599 [raft-client-02319fd7-5003-4fac-b562-689b946eac2b-5] TRACE i.a.p.r.p.impl.RaftProxySequencer - ProxySession{2}{type=io.atomix.protocols.raft.RaftTest$TestPrimitiveType@35bfa1bb, name=raft-test} - Completing response CommandResponse{status=OK, index=18, eventIndex=2, result=byte[]{length=2, hash=1276}}
02:53:19.599 [raft-client-02319fd7-5003-4fac-b562-689b946eac2b-5] TRACE i.a.p.r.p.impl.RaftProxyConnection - ProxySession{2}{type=io.atomix.protocols.raft.RaftTest$TestPrimitiveType@35bfa1bb, name=raft-test} - Sending CommandRequest{session=2, sequence=13, operation=PrimitiveOperation{id=DefaultOperationId{id=write, type=COMMAND}, value=byte[]{length=17, hash=-1644578928}}} to 1
02:53:19.600 [raft-server-1] TRACE i.a.protocols.raft.roles.LeaderRole - RaftServer{1}{role=LEADER} - Received CommandRequest{session=2, sequence=13, operation=PrimitiveOperation{id=DefaultOperationId{id=write, type=COMMAND}, value=byte[]{length=17, hash=-1644578928}}}
02:53:19.600 [raft-server-1] TRACE i.a.protocols.raft.roles.LeaderRole - RaftServer{1}{role=LEADER} - Appended Indexed{index=19, entry=CommandEntry{term=1, timestamp=2018-06-09 02:53:19,600, session=2, sequence=13, operation=PrimitiveOperation{id=DefaultOperationId{id=write, type=COMMAND}, value=byte[]{length=17, hash=-1644578928}}}}
02:53:19.600 [raft-server-1] TRACE i.a.p.raft.roles.LeaderAppender - RaftServer{1} - Sending AppendRequest{term=1, leader=1, prevLogIndex=18, prevLogTerm=1, entries=1, commitIndex=18} to 3
02:53:19.600 [raft-server-3] TRACE i.a.p.raft.roles.FollowerRole - RaftServer{3}{role=FOLLOWER} - Received AppendRequest{term=1, leader=1, prevLogIndex=18, prevLogTerm=1, entries=1, commitIndex=18}
02:53:19.600 [raft-server-1] TRACE i.a.p.raft.roles.LeaderAppender - RaftServer{1} - Sending AppendRequest{term=1, leader=1, prevLogIndex=18, prevLogTerm=1, entries=1, commitIndex=18} to 2
02:53:19.600 [raft-server-2] TRACE i.a.p.raft.roles.FollowerRole - RaftServer{2}{role=FOLLOWER} - Received AppendRequest{term=1, leader=1, prevLogIndex=18, prevLogTerm=1, entries=1, commitIndex=18}
02:53:19.600 [raft-server-3] TRACE i.a.p.raft.roles.FollowerRole - RaftServer{3}{role=FOLLOWER} - Appended Indexed{index=19, entry=CommandEntry{term=1, timestamp=2018-06-09 02:53:19,600, session=2, sequence=13, operation=PrimitiveOperation{id=DefaultOperationId{id=write, type=COMMAND}, value=byte[]{length=17, hash=-1644578928}}}}
02:53:19.600 [raft-server-2] TRACE i.a.p.raft.roles.FollowerRole - RaftServer{2}{role=FOLLOWER} - Appended Indexed{index=19, entry=CommandEntry{term=1, timestamp=2018-06-09 02:53:19,600, session=2, sequence=13, operation=PrimitiveOperation{id=DefaultOperationId{id=write, type=COMMAND}, value=byte[]{length=17, hash=-1644578928}}}}
02:53:19.638 [raft-server-3] TRACE i.a.p.raft.roles.FollowerRole - RaftServer{3}{role=FOLLOWER} - Committed entries up to index 18
02:53:19.638 [raft-server-3] TRACE i.a.p.raft.roles.FollowerRole - RaftServer{3}{role=FOLLOWER} - Sending AppendResponse{status=OK, term=1, succeeded=true, lastLogIndex=19}
02:53:19.638 [raft-server-2] TRACE i.a.p.raft.roles.FollowerRole - RaftServer{2}{role=FOLLOWER} - Committed entries up to index 18
02:53:19.638 [raft-server-1] TRACE i.a.p.raft.roles.LeaderAppender - RaftServer{1} - Received AppendResponse{status=OK, term=1, succeeded=true, lastLogIndex=19} from 3
02:53:19.638 [raft-server-2] TRACE i.a.p.raft.roles.FollowerRole - RaftServer{2}{role=FOLLOWER} - Sending AppendResponse{status=OK, term=1, succeeded=true, lastLogIndex=19}
02:53:19.638 [raft-server-3-state] TRACE i.a.p.raft.impl.RaftServiceManager - RaftServer{3} - Applying Indexed{index=18, entry=CommandEntry{term=1, timestamp=2018-06-09 02:53:19,500, session=2, sequence=12, operation=PrimitiveOperation{id=DefaultOperationId{id=write, type=COMMAND}, value=byte[]{length=17, hash=-1644578928}}}}
02:53:19.638 [raft-server-1] TRACE i.a.p.raft.roles.LeaderAppender - RaftServer{1} - Committed entries up to 19
02:53:19.638 [raft-server-2-state] TRACE i.a.p.raft.impl.RaftServiceManager - RaftServer{2} - Applying Indexed{index=18, entry=CommandEntry{term=1, timestamp=2018-06-09 02:53:19,500, session=2, sequence=12, operation=PrimitiveOperation{id=DefaultOperationId{id=write, type=COMMAND}, value=byte[]{length=17, hash=-1644578928}}}}
02:53:19.638 [raft-server-3-state] TRACE i.a.p.s.impl.DefaultServiceExecutor - PrimitiveService{2}{type=io.atomix.protocols.raft.RaftTest$TestPrimitiveType@30e8e4fb, name=raft-test} - Executing DefaultCommit{index=18, session=RaftSession{RaftServiceContext{server=3, type=io.atomix.protocols.raft.RaftTest$TestPrimitiveType@30e8e4fb, name=raft-test, id=2}, session=2, timestamp=2018-06-09 02:53:19,500}, time=2018-06-09 02:53:19,500, operation=DefaultOperationId{id=write, type=COMMAND}, value=byte[]{length=17, hash=-1644578928}}
02:53:19.639 [raft-server-2-state] TRACE i.a.p.s.impl.DefaultServiceExecutor - PrimitiveService{2}{type=io.atomix.protocols.raft.RaftTest$TestPrimitiveType@1c47fd5, name=raft-test} - Executing DefaultCommit{index=18, session=RaftSession{RaftServiceContext{server=2, type=io.atomix.protocols.raft.RaftTest$TestPrimitiveType@1c47fd5, name=raft-test, id=2}, session=2, timestamp=2018-06-09 02:53:19,500}, time=2018-06-09 02:53:19,500, operation=DefaultOperationId{id=write, type=COMMAND}, value=byte[]{length=17, hash=-1644578928}}
02:53:19.673 [raft-server-1] TRACE i.a.p.raft.roles.LeaderAppender - RaftServer{1} - Sending AppendRequest{term=1, leader=1, prevLogIndex=19, prevLogTerm=1, entries=0, commitIndex=19} to 3
02:53:19.673 [raft-server-1] TRACE i.a.p.raft.roles.LeaderAppender - RaftServer{1} - Received AppendResponse{status=OK, term=1, succeeded=true, lastLogIndex=19} from 2
02:53:19.673 [raft-server-3] TRACE i.a.p.raft.roles.FollowerRole - RaftServer{3}{role=FOLLOWER} - Received AppendRequest{term=1, leader=1, prevLogIndex=19, prevLogTerm=1, entries=0, commitIndex=19}
02:53:19.673 [raft-server-1] TRACE i.a.p.raft.roles.LeaderAppender - RaftServer{1} - Sending AppendRequest{term=1, leader=1, prevLogIndex=19, prevLogTerm=1, entries=0, commitIndex=19} to 2
02:53:19.674 [raft-server-2] TRACE i.a.p.raft.roles.FollowerRole - RaftServer{2}{role=FOLLOWER} - Received AppendRequest{term=1, leader=1, prevLogIndex=19, prevLogTerm=1, entries=0, commitIndex=19}
02:53:19.674 [raft-server-1-state] TRACE i.a.p.raft.impl.RaftServiceManager - RaftServer{1} - Applying Indexed{index=19, entry=CommandEntry{term=1, timestamp=2018-06-09 02:53:19,600, session=2, sequence=13, operation=PrimitiveOperation{id=DefaultOperationId{id=write, type=COMMAND}, value=byte[]{length=17, hash=-1644578928}}}}
02:53:19.674 [raft-server-1-state] TRACE i.a.p.s.impl.DefaultServiceExecutor - PrimitiveService{2}{type=io.atomix.protocols.raft.RaftTest$TestPrimitiveType@45397ff4, name=raft-test} - Executing DefaultCommit{index=19, session=RaftSession{RaftServiceContext{server=1, type=io.atomix.protocols.raft.RaftTest$TestPrimitiveType@45397ff4, name=raft-test, id=2}, session=2, timestamp=2018-06-09 02:53:19,600}, time=2018-06-09 02:53:19,600, operation=DefaultOperationId{id=write, type=COMMAND}, value=byte[]{length=17, hash=-1644578928}}
02:53:19.674 [raft-server-1-state] TRACE i.a.protocols.raft.roles.LeaderRole - RaftServer{1}{role=LEADER} - Sending CommandResponse{status=OK, index=19, eventIndex=2, result=byte[]{length=2, hash=1278}}
02:53:19.674 [raft-client-02319fd7-5003-4fac-b562-689b946eac2b-4] TRACE i.a.p.r.p.impl.RaftProxyConnection - ProxySession{2}{type=io.atomix.protocols.raft.RaftTest$TestPrimitiveType@35bfa1bb, name=raft-test} - Received CommandResponse{status=OK, index=19, eventIndex=2, result=byte[]{length=2, hash=1278}} from 1
02:53:19.674 [raft-client-02319fd7-5003-4fac-b562-689b946eac2b-4] TRACE i.a.p.r.p.impl.RaftProxySequencer - ProxySession{2}{type=io.atomix.protocols.raft.RaftTest$TestPrimitiveType@35bfa1bb, name=raft-test} - Completing response CommandResponse{status=OK, index=19, eventIndex=2, result=byte[]{length=2, hash=1278}}
02:53:19.675 [raft-client-02319fd7-5003-4fac-b562-689b946eac2b-2] TRACE i.a.p.r.p.impl.RaftProxyConnection - ProxySession{2}{type=io.atomix.protocols.raft.RaftTest$TestPrimitiveType@35bfa1bb, name=raft-test} - Sending CommandRequest{session=2, sequence=14, operation=PrimitiveOperation{id=DefaultOperationId{id=write, type=COMMAND}, value=byte[]{length=17, hash=-1644578928}}} to 1
02:53:19.675 [raft-server-1] TRACE i.a.protocols.raft.roles.LeaderRole - RaftServer{1}{role=LEADER} - Received CommandRequest{session=2, sequence=14, operation=PrimitiveOperation{id=DefaultOperationId{id=write, type=COMMAND}, value=byte[]{length=17, hash=-1644578928}}}
02:53:19.675 [raft-server-1] TRACE i.a.protocols.raft.roles.LeaderRole - RaftServer{1}{role=LEADER} - Appended Indexed{index=20, entry=CommandEntry{term=1, timestamp=2018-06-09 02:53:19,675, session=2, sequence=14, operation=PrimitiveOperation{id=DefaultOperationId{id=write, type=COMMAND}, value=byte[]{length=17, hash=-1644578928}}}}
02:53:19.704 [raft-server-3] TRACE i.a.p.raft.roles.FollowerRole - RaftServer{3}{role=FOLLOWER} - Committed entries up to index 19
02:53:19.704 [raft-server-2] TRACE i.a.p.raft.roles.FollowerRole - RaftServer{2}{role=FOLLOWER} - Committed entries up to index 19
02:53:19.704 [raft-server-3] TRACE i.a.p.raft.roles.FollowerRole - RaftServer{3}{role=FOLLOWER} - Sending AppendResponse{status=OK, term=1, succeeded=true, lastLogIndex=19}
02:53:19.704 [raft-server-2] TRACE i.a.p.raft.roles.FollowerRole - RaftServer{2}{role=FOLLOWER} - Sending AppendResponse{status=OK, term=1, succeeded=true, lastLogIndex=19}
02:53:19.704 [raft-server-1] TRACE i.a.p.raft.roles.LeaderAppender - RaftServer{1} - Received AppendResponse{status=OK, term=1, succeeded=true, lastLogIndex=19} from 3
02:53:19.704 [raft-server-2-state] TRACE i.a.p.raft.impl.RaftServiceManager - RaftServer{2} - Applying Indexed{index=19, entry=CommandEntry{term=1, timestamp=2018-06-09 02:53:19,600, session=2, sequence=13, operation=PrimitiveOperation{id=DefaultOperationId{id=write, type=COMMAND}, value=byte[]{length=17, hash=-1644578928}}}}
02:53:19.704 [raft-server-3-state] TRACE i.a.p.raft.impl.RaftServiceManager - RaftServer{3} - Applying Indexed{index=19, entry=CommandEntry{term=1, timestamp=2018-06-09 02:53:19,600, session=2, sequence=13, operation=PrimitiveOperation{id=DefaultOperationId{id=write, type=COMMAND}, value=byte[]{length=17, hash=-1644578928}}}}
02:53:19.705 [raft-server-1] TRACE i.a.p.raft.roles.LeaderAppender - RaftServer{1} - Sending AppendRequest{term=1, leader=1, prevLogIndex=19, prevLogTerm=1, entries=1, commitIndex=19} to 3
02:53:19.705 [raft-server-3-state] TRACE i.a.p.s.impl.DefaultServiceExecutor - PrimitiveService{2}{type=io.atomix.protocols.raft.RaftTest$TestPrimitiveType@30e8e4fb, name=raft-test} - Executing DefaultCommit{index=19, session=RaftSession{RaftServiceContext{server=3, type=io.atomix.protocols.raft.RaftTest$TestPrimitiveType@30e8e4fb, name=raft-test, id=2}, session=2, timestamp=2018-06-09 02:53:19,600}, time=2018-06-09 02:53:19,600, operation=DefaultOperationId{id=write, type=COMMAND}, value=byte[]{length=17, hash=-1644578928}}
02:53:19.705 [raft-server-2-state] TRACE i.a.p.s.impl.DefaultServiceExecutor - PrimitiveService{2}{type=io.atomix.protocols.raft.RaftTest$TestPrimitiveType@1c47fd5, name=raft-test} - Executing DefaultCommit{index=19, session=RaftSession{RaftServiceContext{server=2, type=io.atomix.protocols.raft.RaftTest$TestPrimitiveType@1c47fd5, name=raft-test, id=2}, session=2, timestamp=2018-06-09 02:53:19,600}, time=2018-06-09 02:53:19,600, operation=DefaultOperationId{id=write, type=COMMAND}, value=byte[]{length=17, hash=-1644578928}}
02:53:19.705 [raft-server-1] TRACE i.a.p.raft.roles.LeaderAppender - RaftServer{1} - Received AppendResponse{status=OK, term=1, succeeded=true, lastLogIndex=19} from 2
02:53:19.705 [raft-server-3] TRACE i.a.p.raft.roles.FollowerRole - RaftServer{3}{role=FOLLOWER} - Received AppendRequest{term=1, leader=1, prevLogIndex=19, prevLogTerm=1, entries=1, commitIndex=19}
02:53:19.705 [raft-server-1] TRACE i.a.p.raft.roles.LeaderAppender - RaftServer{1} - Sending AppendRequest{term=1, leader=1, prevLogIndex=19, prevLogTerm=1, entries=1, commitIndex=19} to 2
02:53:19.705 [raft-server-2] TRACE i.a.p.raft.roles.FollowerRole - RaftServer{2}{role=FOLLOWER} - Received AppendRequest{term=1, leader=1, prevLogIndex=19, prevLogTerm=1, entries=1, commitIndex=19}
02:53:19.705 [raft-server-3] TRACE i.a.p.raft.roles.FollowerRole - RaftServer{3}{role=FOLLOWER} - Appended Indexed{index=20, entry=CommandEntry{term=1, timestamp=2018-06-09 02:53:19,675, session=2, sequence=14, operation=PrimitiveOperation{id=DefaultOperationId{id=write, type=COMMAND}, value=byte[]{length=17, hash=-1644578928}}}}
02:53:19.705 [raft-server-3] TRACE i.a.p.raft.roles.FollowerRole - RaftServer{3}{role=FOLLOWER} - Sending AppendResponse{status=OK, term=1, succeeded=true, lastLogIndex=20}
02:53:19.705 [raft-server-1] TRACE i.a.p.raft.roles.LeaderAppender - RaftServer{1} - Received AppendResponse{status=OK, term=1, succeeded=true, lastLogIndex=20} from 3
02:53:19.705 [raft-server-2] TRACE i.a.p.raft.roles.FollowerRole - RaftServer{2}{role=FOLLOWER} - Appended Indexed{index=20, entry=CommandEntry{term=1, timestamp=2018-06-09 02:53:19,675, session=2, sequence=14, operation=PrimitiveOperation{id=DefaultOperationId{id=write, type=COMMAND}, value=byte[]{length=17, hash=-1644578928}}}}
02:53:19.706 [raft-server-1] TRACE i.a.p.raft.roles.LeaderAppender - RaftServer{1} - Committed entries up to 20
02:53:19.706 [raft-server-2] TRACE i.a.p.raft.roles.FollowerRole - RaftServer{2}{role=FOLLOWER} - Sending AppendResponse{status=OK, term=1, succeeded=true, lastLogIndex=20}
02:53:19.740 [raft-server-1] TRACE i.a.p.raft.roles.LeaderAppender - RaftServer{1} - Received AppendResponse{status=OK, term=1, succeeded=true, lastLogIndex=20} from 2
02:53:19.740 [raft-server-1-state] TRACE i.a.p.raft.impl.RaftServiceManager - RaftServer{1} - Applying Indexed{index=20, entry=CommandEntry{term=1, timestamp=2018-06-09 02:53:19,675, session=2, sequence=14, operation=PrimitiveOperation{id=DefaultOperationId{id=write, type=COMMAND}, value=byte[]{length=17, hash=-1644578928}}}}
02:53:19.740 [raft-server-1-state] TRACE i.a.p.s.impl.DefaultServiceExecutor - PrimitiveService{2}{type=io.atomix.protocols.raft.RaftTest$TestPrimitiveType@45397ff4, name=raft-test} - Executing DefaultCommit{index=20, session=RaftSession{RaftServiceContext{server=1, type=io.atomix.protocols.raft.RaftTest$TestPrimitiveType@45397ff4, name=raft-test, id=2}, session=2, timestamp=2018-06-09 02:53:19,675}, time=2018-06-09 02:53:19,675, operation=DefaultOperationId{id=write, type=COMMAND}, value=byte[]{length=17, hash=-1644578928}}
02:53:19.740 [raft-server-1-state] TRACE i.a.protocols.raft.roles.LeaderRole - RaftServer{1}{role=LEADER} - Sending CommandResponse{status=OK, index=20, eventIndex=2, result=byte[]{length=2, hash=1280}}
02:53:19.741 [raft-client-02319fd7-5003-4fac-b562-689b946eac2b-0] TRACE i.a.p.r.p.impl.RaftProxyConnection - ProxySession{2}{type=io.atomix.protocols.raft.RaftTest$TestPrimitiveType@35bfa1bb, name=raft-test} - Received CommandResponse{status=OK, index=20, eventIndex=2, result=byte[]{length=2, hash=1280}} from 1
02:53:19.741 [raft-client-02319fd7-5003-4fac-b562-689b946eac2b-0] TRACE i.a.p.r.p.impl.RaftProxySequencer - ProxySession{2}{type=io.atomix.protocols.raft.RaftTest$TestPrimitiveType@35bfa1bb, name=raft-test} - Completing response CommandResponse{status=OK, index=20, eventIndex=2, result=byte[]{length=2, hash=1280}}
02:53:19.741 [raft-client-02319fd7-5003-4fac-b562-689b946eac2b-6] TRACE i.a.p.r.p.impl.RaftProxyConnection - ProxySession{2}{type=io.atomix.protocols.raft.RaftTest$TestPrimitiveType@35bfa1bb, name=raft-test} - Sending CommandRequest{session=2, sequence=15, operation=PrimitiveOperation{id=DefaultOperationId{id=write, type=COMMAND}, value=byte[]{length=17, hash=-1644578928}}} to 1
02:53:19.741 [raft-server-1] TRACE i.a.protocols.raft.roles.LeaderRole - RaftServer{1}{role=LEADER} - Received CommandRequest{session=2, sequence=15, operation=PrimitiveOperation{id=DefaultOperationId{id=write, type=COMMAND}, value=byte[]{length=17, hash=-1644578928}}}
02:53:19.807 [raft-server-1] DEBUG i.a.storage.journal.SegmentedJournal - Created disk segment: JournalSegment{id=3, version=1, index=21, size=64}
02:53:19.807 [raft-server-1] TRACE i.a.protocols.raft.roles.LeaderRole - RaftServer{1}{role=LEADER} - Appended Indexed{index=21, entry=CommandEntry{term=1, timestamp=2018-06-09 02:53:19,741, session=2, sequence=15, operation=PrimitiveOperation{id=DefaultOperationId{id=write, type=COMMAND}, value=byte[]{length=17, hash=-1644578928}}}}
02:53:19.807 [raft-server-1] TRACE i.a.p.raft.roles.LeaderAppender - RaftServer{1} - Sending AppendRequest{term=1, leader=1, prevLogIndex=20, prevLogTerm=1, entries=1, commitIndex=20} to 3
02:53:19.807 [raft-server-1] TRACE i.a.p.raft.roles.LeaderAppender - RaftServer{1} - Sending AppendRequest{term=1, leader=1, prevLogIndex=20, prevLogTerm=1, entries=1, commitIndex=20} to 2
02:53:19.807 [raft-server-3] TRACE i.a.p.raft.roles.FollowerRole - RaftServer{3}{role=FOLLOWER} - Received AppendRequest{term=1, leader=1, prevLogIndex=20, prevLogTerm=1, entries=1, commitIndex=20}
02:53:19.807 [raft-server-2] TRACE i.a.p.raft.roles.FollowerRole - RaftServer{2}{role=FOLLOWER} - Received AppendRequest{term=1, leader=1, prevLogIndex=20, prevLogTerm=1, entries=1, commitIndex=20}
02:53:19.957 [raft-server-2] DEBUG i.a.storage.journal.SegmentedJournal - Created disk segment: JournalSegment{id=3, version=1, index=21, size=64}
02:53:19.957 [raft-server-3] DEBUG i.a.storage.journal.SegmentedJournal - Created disk segment: JournalSegment{id=3, version=1, index=21, size=64}
02:53:19.957 [raft-server-2] TRACE i.a.p.raft.roles.FollowerRole - RaftServer{2}{role=FOLLOWER} - Appended Indexed{index=21, entry=CommandEntry{term=1, timestamp=2018-06-09 02:53:19,741, session=2, sequence=15, operation=PrimitiveOperation{id=DefaultOperationId{id=write, type=COMMAND}, value=byte[]{length=17, hash=-1644578928}}}}
02:53:19.957 [raft-server-3] TRACE i.a.p.raft.roles.FollowerRole - RaftServer{3}{role=FOLLOWER} - Appended Indexed{index=21, entry=CommandEntry{term=1, timestamp=2018-06-09 02:53:19,741, session=2, sequence=15, operation=PrimitiveOperation{id=DefaultOperationId{id=write, type=COMMAND}, value=byte[]{length=17, hash=-1644578928}}}}
02:53:20.021 [raft-server-3] TRACE i.a.p.raft.roles.FollowerRole - RaftServer{3}{role=FOLLOWER} - Committed entries up to index 20
02:53:20.021 [raft-server-2] TRACE i.a.p.raft.roles.FollowerRole - RaftServer{2}{role=FOLLOWER} - Committed entries up to index 20
02:53:20.021 [raft-server-3] TRACE i.a.p.raft.roles.FollowerRole - RaftServer{3}{role=FOLLOWER} - Sending AppendResponse{status=OK, term=1, succeeded=true, lastLogIndex=21}
02:53:20.021 [raft-server-2] TRACE i.a.p.raft.roles.FollowerRole - RaftServer{2}{role=FOLLOWER} - Sending AppendResponse{status=OK, term=1, succeeded=true, lastLogIndex=21}
02:53:20.021 [raft-server-1] TRACE i.a.p.raft.roles.LeaderAppender - RaftServer{1} - Received AppendResponse{status=OK, term=1, succeeded=true, lastLogIndex=21} from 3
02:53:20.021 [raft-server-1] TRACE i.a.p.raft.roles.LeaderAppender - RaftServer{1} - Committed entries up to 21
02:53:20.021 [raft-server-2-state] TRACE i.a.p.raft.impl.RaftServiceManager - RaftServer{2} - Applying Indexed{index=20, entry=CommandEntry{term=1, timestamp=2018-06-09 02:53:19,675, session=2, sequence=14, operation=PrimitiveOperation{id=DefaultOperationId{id=write, type=COMMAND}, value=byte[]{length=17, hash=-1644578928}}}}
02:53:20.021 [raft-server-2-state] TRACE i.a.p.s.impl.DefaultServiceExecutor - PrimitiveService{2}{type=io.atomix.protocols.raft.RaftTest$TestPrimitiveType@1c47fd5, name=raft-test} - Executing DefaultCommit{index=20, session=RaftSession{RaftServiceContext{server=2, type=io.atomix.protocols.raft.RaftTest$TestPrimitiveType@1c47fd5, name=raft-test, id=2}, session=2, timestamp=2018-06-09 02:53:19,675}, time=2018-06-09 02:53:19,675, operation=DefaultOperationId{id=write, type=COMMAND}, value=byte[]{length=17, hash=-1644578928}}
02:53:20.021 [raft-server-3-state] TRACE i.a.p.raft.impl.RaftServiceManager - RaftServer{3} - Applying Indexed{index=20, entry=CommandEntry{term=1, timestamp=2018-06-09 02:53:19,675, session=2, sequence=14, operation=PrimitiveOperation{id=DefaultOperationId{id=write, type=COMMAND}, value=byte[]{length=17, hash=-1644578928}}}}
02:53:20.022 [raft-server-3-state] TRACE i.a.p.s.impl.DefaultServiceExecutor - PrimitiveService{2}{type=io.atomix.protocols.raft.RaftTest$TestPrimitiveType@30e8e4fb, name=raft-test} - Executing DefaultCommit{index=20, session=RaftSession{RaftServiceContext{server=3, type=io.atomix.protocols.raft.RaftTest$TestPrimitiveType@30e8e4fb, name=raft-test, id=2}, session=2, timestamp=2018-06-09 02:53:19,675}, time=2018-06-09 02:53:19,675, operation=DefaultOperationId{id=write, type=COMMAND}, value=byte[]{length=17, hash=-1644578928}}
02:53:20.088 [raft-server-1] TRACE i.a.p.raft.roles.LeaderAppender - RaftServer{1} - Sending AppendRequest{term=1, leader=1, prevLogIndex=21, prevLogTerm=1, entries=0, commitIndex=21} to 3
02:53:20.088 [raft-server-1] TRACE i.a.p.raft.roles.LeaderAppender - RaftServer{1} - Received AppendResponse{status=OK, term=1, succeeded=true, lastLogIndex=21} from 2
02:53:20.088 [raft-server-3] TRACE i.a.p.raft.roles.FollowerRole - RaftServer{3}{role=FOLLOWER} - Received AppendRequest{term=1, leader=1, prevLogIndex=21, prevLogTerm=1, entries=0, commitIndex=21}
02:53:20.088 [raft-server-1] TRACE i.a.p.raft.roles.LeaderAppender - RaftServer{1} - Sending AppendRequest{term=1, leader=1, prevLogIndex=21, prevLogTerm=1, entries=0, commitIndex=21} to 2
02:53:20.088 [raft-server-2] TRACE i.a.p.raft.roles.FollowerRole - RaftServer{2}{role=FOLLOWER} - Received AppendRequest{term=1, leader=1, prevLogIndex=21, prevLogTerm=1, entries=0, commitIndex=21}
02:53:20.088 [raft-server-1-state] TRACE i.a.p.raft.impl.RaftServiceManager - RaftServer{1} - Applying Indexed{index=21, entry=CommandEntry{term=1, timestamp=2018-06-09 02:53:19,741, session=2, sequence=15, operation=PrimitiveOperation{id=DefaultOperationId{id=write, type=COMMAND}, value=byte[]{length=17, hash=-1644578928}}}}
02:53:20.088 [raft-server-1-state] TRACE i.a.p.s.impl.DefaultServiceExecutor - PrimitiveService{2}{type=io.atomix.protocols.raft.RaftTest$TestPrimitiveType@45397ff4, name=raft-test} - Executing DefaultCommit{index=21, session=RaftSession{RaftServiceContext{server=1, type=io.atomix.protocols.raft.RaftTest$TestPrimitiveType@45397ff4, name=raft-test, id=2}, session=2, timestamp=2018-06-09 02:53:19,741}, time=2018-06-09 02:53:19,741, operation=DefaultOperationId{id=write, type=COMMAND}, value=byte[]{length=17, hash=-1644578928}}
02:53:20.088 [raft-server-1-state] TRACE i.a.protocols.raft.roles.LeaderRole - RaftServer{1}{role=LEADER} - Sending CommandResponse{status=OK, index=21, eventIndex=2, result=byte[]{length=2, hash=1282}}
02:53:20.089 [raft-client-02319fd7-5003-4fac-b562-689b946eac2b-3] TRACE i.a.p.r.p.impl.RaftProxyConnection - ProxySession{2}{type=io.atomix.protocols.raft.RaftTest$TestPrimitiveType@35bfa1bb, name=raft-test} - Received CommandResponse{status=OK, index=21, eventIndex=2, result=byte[]{length=2, hash=1282}} from 1
02:53:20.089 [raft-client-02319fd7-5003-4fac-b562-689b946eac2b-3] TRACE i.a.p.r.p.impl.RaftProxySequencer - ProxySession{2}{type=io.atomix.protocols.raft.RaftTest$TestPrimitiveType@35bfa1bb, name=raft-test} - Completing response CommandResponse{status=OK, index=21, eventIndex=2, result=byte[]{length=2, hash=1282}}
02:53:20.089 [raft-client-02319fd7-5003-4fac-b562-689b946eac2b-1] TRACE i.a.p.r.p.impl.RaftProxyConnection - ProxySession{2}{type=io.atomix.protocols.raft.RaftTest$TestPrimitiveType@35bfa1bb, name=raft-test} - Sending CommandRequest{session=2, sequence=16, operation=PrimitiveOperation{id=DefaultOperationId{id=write, type=COMMAND}, value=byte[]{length=17, hash=-1644578928}}} to 1
02:53:20.089 [raft-server-1] TRACE i.a.protocols.raft.roles.LeaderRole - RaftServer{1}{role=LEADER} - Received CommandRequest{session=2, sequence=16, operation=PrimitiveOperation{id=DefaultOperationId{id=write, type=COMMAND}, value=byte[]{length=17, hash=-1644578928}}}
02:53:20.089 [raft-server-1] TRACE i.a.protocols.raft.roles.LeaderRole - RaftServer{1}{role=LEADER} - Appended Indexed{index=22, entry=CommandEntry{term=1, timestamp=2018-06-09 02:53:20,089, session=2, sequence=16, operation=PrimitiveOperation{id=DefaultOperationId{id=write, type=COMMAND}, value=byte[]{length=17, hash=-1644578928}}}}
02:53:20.134 [raft-server-1] TRACE i.a.p.raft.roles.LeaderAppender - RaftServer{1} - Sending AppendRequest{term=1, leader=1, prevLogIndex=21, prevLogTerm=1, entries=1, commitIndex=21} to 3
02:53:20.134 [raft-server-1] TRACE i.a.p.raft.roles.LeaderAppender - RaftServer{1} - Sending AppendRequest{term=1, leader=1, prevLogIndex=21, prevLogTerm=1, entries=1, commitIndex=21} to 2
02:53:20.157 [raft-server-3] TRACE i.a.p.raft.roles.FollowerRole - RaftServer{3}{role=FOLLOWER} - Committed entries up to index 21
02:53:20.157 [raft-server-3] TRACE i.a.p.raft.roles.FollowerRole - RaftServer{3}{role=FOLLOWER} - Sending AppendResponse{status=OK, term=1, succeeded=true, lastLogIndex=21}
02:53:20.157 [raft-server-3] TRACE i.a.p.raft.roles.FollowerRole - RaftServer{3}{role=FOLLOWER} - Received AppendRequest{term=1, leader=1, prevLogIndex=21, prevLogTerm=1, entries=1, commitIndex=21}
02:53:20.157 [raft-server-1] TRACE i.a.p.raft.roles.LeaderAppender - RaftServer{1} - Received AppendResponse{status=OK, term=1, succeeded=true, lastLogIndex=21} from 3
02:53:20.157 [raft-server-3] TRACE i.a.p.raft.roles.FollowerRole - RaftServer{3}{role=FOLLOWER} - Appended Indexed{index=22, entry=CommandEntry{term=1, timestamp=2018-06-09 02:53:20,089, session=2, sequence=16, operation=PrimitiveOperation{id=DefaultOperationId{id=write, type=COMMAND}, value=byte[]{length=17, hash=-1644578928}}}}
02:53:20.157 [raft-server-3] TRACE i.a.p.raft.roles.FollowerRole - RaftServer{3}{role=FOLLOWER} - Sending AppendResponse{status=OK, term=1, succeeded=true, lastLogIndex=22}
02:53:20.157 [raft-server-1] TRACE i.a.p.raft.roles.LeaderAppender - RaftServer{1} - Received AppendResponse{status=OK, term=1, succeeded=true, lastLogIndex=22} from 3
02:53:20.157 [raft-server-1] TRACE i.a.p.raft.roles.LeaderAppender - RaftServer{1} - Committed entries up to 22
02:53:20.157 [raft-server-3-state] TRACE i.a.p.raft.impl.RaftServiceManager - RaftServer{3} - Applying Indexed{index=21, entry=CommandEntry{term=1, timestamp=2018-06-09 02:53:19,741, session=2, sequence=15, operation=PrimitiveOperation{id=DefaultOperationId{id=write, type=COMMAND}, value=byte[]{length=17, hash=-1644578928}}}}
02:53:20.157 [raft-server-3-state] TRACE i.a.p.s.impl.DefaultServiceExecutor - PrimitiveService{2}{type=io.atomix.protocols.raft.RaftTest$TestPrimitiveType@30e8e4fb, name=raft-test} - Executing DefaultCommit{index=21, session=RaftSession{RaftServiceContext{server=3, type=io.atomix.protocols.raft.RaftTest$TestPrimitiveType@30e8e4fb, name=raft-test, id=2}, session=2, timestamp=2018-06-09 02:53:19,741}, time=2018-06-09 02:53:19,741, operation=DefaultOperationId{id=write, type=COMMAND}, value=byte[]{length=17, hash=-1644578928}}
02:53:20.215 [raft-server-2] TRACE i.a.p.raft.roles.FollowerRole - RaftServer{2}{role=FOLLOWER} - Committed entries up to index 21
02:53:20.215 [raft-server-2] TRACE i.a.p.raft.roles.FollowerRole - RaftServer{2}{role=FOLLOWER} - Sending AppendResponse{status=OK, term=1, succeeded=true, lastLogIndex=21}
02:53:20.215 [raft-server-2] TRACE i.a.p.raft.roles.FollowerRole - RaftServer{2}{role=FOLLOWER} - Received AppendRequest{term=1, leader=1, prevLogIndex=21, prevLogTerm=1, entries=1, commitIndex=21}
02:53:20.215 [raft-server-2] TRACE i.a.p.raft.roles.FollowerRole - RaftServer{2}{role=FOLLOWER} - Appended Indexed{index=22, entry=CommandEntry{term=1, timestamp=2018-06-09 02:53:20,089, session=2, sequence=16, operation=PrimitiveOperation{id=DefaultOperationId{id=write, type=COMMAND}, value=byte[]{length=17, hash=-1644578928}}}}
02:53:20.215 [raft-server-2] TRACE i.a.p.raft.roles.FollowerRole - RaftServer{2}{role=FOLLOWER} - Sending AppendResponse{status=OK, term=1, succeeded=true, lastLogIndex=22}
02:53:20.215 [raft-server-2-state] TRACE i.a.p.raft.impl.RaftServiceManager - RaftServer{2} - Applying Indexed{index=21, entry=CommandEntry{term=1, timestamp=2018-06-09 02:53:19,741, session=2, sequence=15, operation=PrimitiveOperation{id=DefaultOperationId{id=write, type=COMMAND}, value=byte[]{length=17, hash=-1644578928}}}}
02:53:20.215 [raft-server-2-state] TRACE i.a.p.s.impl.DefaultServiceExecutor - PrimitiveService{2}{type=io.atomix.protocols.raft.RaftTest$TestPrimitiveType@1c47fd5, name=raft-test} - Executing DefaultCommit{index=21, session=RaftSession{RaftServiceContext{server=2, type=io.atomix.protocols.raft.RaftTest$TestPrimitiveType@1c47fd5, name=raft-test, id=2}, session=2, timestamp=2018-06-09 02:53:19,741}, time=2018-06-09 02:53:19,741, operation=DefaultOperationId{id=write, type=COMMAND}, value=byte[]{length=17, hash=-1644578928}}
02:53:20.282 [raft-server-1] TRACE i.a.p.raft.roles.LeaderAppender - RaftServer{1} - Received AppendResponse{status=OK, term=1, succeeded=true, lastLogIndex=21} from 2
02:53:20.282 [raft-server-1] TRACE i.a.p.raft.roles.LeaderAppender - RaftServer{1} - Received AppendResponse{status=OK, term=1, succeeded=true, lastLogIndex=22} from 2
02:53:20.282 [raft-server-1-state] TRACE i.a.p.raft.impl.RaftServiceManager - RaftServer{1} - Applying Indexed{index=22, entry=CommandEntry{term=1, timestamp=2018-06-09 02:53:20,089, session=2, sequence=16, operation=PrimitiveOperation{id=DefaultOperationId{id=write, type=COMMAND}, value=byte[]{length=17, hash=-1644578928}}}}
02:53:20.282 [raft-server-1-state] TRACE i.a.p.s.impl.DefaultServiceExecutor - PrimitiveService{2}{type=io.atomix.protocols.raft.RaftTest$TestPrimitiveType@45397ff4, name=raft-test} - Executing DefaultCommit{index=22, session=RaftSession{RaftServiceContext{server=1, type=io.atomix.protocols.raft.RaftTest$TestPrimitiveType@45397ff4, name=raft-test, id=2}, session=2, timestamp=2018-06-09 02:53:20,089}, time=2018-06-09 02:53:20,089, operation=DefaultOperationId{id=write, type=COMMAND}, value=byte[]{length=17, hash=-1644578928}}
02:53:20.282 [raft-server-1] TRACE i.a.protocols.raft.roles.LeaderRole - RaftServer{1}{role=LEADER} - Sending CommandResponse{status=OK, index=22, eventIndex=2, result=byte[]{length=2, hash=1284}}
02:53:20.283 [raft-client-02319fd7-5003-4fac-b562-689b946eac2b-4] TRACE i.a.p.r.p.impl.RaftProxyConnection - ProxySession{2}{type=io.atomix.protocols.raft.RaftTest$TestPrimitiveType@35bfa1bb, name=raft-test} - Received CommandResponse{status=OK, index=22, eventIndex=2, result=byte[]{length=2, hash=1284}} from 1
02:53:20.283 [raft-client-02319fd7-5003-4fac-b562-689b946eac2b-4] TRACE i.a.p.r.p.impl.RaftProxySequencer - ProxySession{2}{type=io.atomix.protocols.raft.RaftTest$TestPrimitiveType@35bfa1bb, name=raft-test} - Completing response CommandResponse{status=OK, index=22, eventIndex=2, result=byte[]{length=2, hash=1284}}
02:53:20.283 [raft-client-02319fd7-5003-4fac-b562-689b946eac2b-7] TRACE i.a.p.r.p.impl.RaftProxyConnection - ProxySession{2}{type=io.atomix.protocols.raft.RaftTest$TestPrimitiveType@35bfa1bb, name=raft-test} - Sending CommandRequest{session=2, sequence=17, operation=PrimitiveOperation{id=DefaultOperationId{id=write, type=COMMAND}, value=byte[]{length=17, hash=-1644578928}}} to 1
02:53:20.283 [raft-server-1] TRACE i.a.protocols.raft.roles.LeaderRole - RaftServer{1}{role=LEADER} - Received CommandRequest{session=2, sequence=17, operation=PrimitiveOperation{id=DefaultOperationId{id=write, type=COMMAND}, value=byte[]{length=17, hash=-1644578928}}}
02:53:20.283 [raft-server-1] TRACE i.a.protocols.raft.roles.LeaderRole - RaftServer{1}{role=LEADER} - Appended Indexed{index=23, entry=CommandEntry{term=1, timestamp=2018-06-09 02:53:20,283, session=2, sequence=17, operation=PrimitiveOperation{id=DefaultOperationId{id=write, type=COMMAND}, value=byte[]{length=17, hash=-1644578928}}}}
02:53:20.283 [raft-server-1] TRACE i.a.p.raft.roles.LeaderAppender - RaftServer{1} - Sending AppendRequest{term=1, leader=1, prevLogIndex=22, prevLogTerm=1, entries=1, commitIndex=22} to 3
02:53:20.283 [raft-server-1] TRACE i.a.p.raft.roles.LeaderAppender - RaftServer{1} - Sending AppendRequest{term=1, leader=1, prevLogIndex=22, prevLogTerm=1, entries=1, commitIndex=22} to 2
02:53:20.285 [raft-server-2] TRACE i.a.p.raft.roles.FollowerRole - RaftServer{2}{role=FOLLOWER} - Received AppendRequest{term=1, leader=1, prevLogIndex=22, prevLogTerm=1, entries=1, commitIndex=22}
02:53:20.286 [raft-server-2] TRACE i.a.p.raft.roles.FollowerRole - RaftServer{2}{role=FOLLOWER} - Appended Indexed{index=23, entry=CommandEntry{term=1, timestamp=2018-06-09 02:53:20,283, session=2, sequence=17, operation=PrimitiveOperation{id=DefaultOperationId{id=write, type=COMMAND}, value=byte[]{length=17, hash=-1644578928}}}}
02:53:20.286 [raft-server-3] TRACE i.a.p.raft.roles.FollowerRole - RaftServer{3}{role=FOLLOWER} - Received AppendRequest{term=1, leader=1, prevLogIndex=22, prevLogTerm=1, entries=1, commitIndex=22}
02:53:20.286 [raft-server-3] TRACE i.a.p.raft.roles.FollowerRole - RaftServer{3}{role=FOLLOWER} - Appended Indexed{index=23, entry=CommandEntry{term=1, timestamp=2018-06-09 02:53:20,283, session=2, sequence=17, operation=PrimitiveOperation{id=DefaultOperationId{id=write, type=COMMAND}, value=byte[]{length=17, hash=-1644578928}}}}
02:53:20.340 [raft-server-3] TRACE i.a.p.raft.roles.FollowerRole - RaftServer{3}{role=FOLLOWER} - Committed entries up to index 22
02:53:20.340 [raft-server-2] TRACE i.a.p.raft.roles.FollowerRole - RaftServer{2}{role=FOLLOWER} - Committed entries up to index 22
02:53:20.340 [raft-server-3] TRACE i.a.p.raft.roles.FollowerRole - RaftServer{3}{role=FOLLOWER} - Sending AppendResponse{status=OK, term=1, succeeded=true, lastLogIndex=23}
02:53:20.340 [raft-server-2] TRACE i.a.p.raft.roles.FollowerRole - RaftServer{2}{role=FOLLOWER} - Sending AppendResponse{status=OK, term=1, succeeded=true, lastLogIndex=23}
02:53:20.340 [raft-server-1] TRACE i.a.p.raft.roles.LeaderAppender - RaftServer{1} - Received AppendResponse{status=OK, term=1, succeeded=true, lastLogIndex=23} from 3
02:53:20.340 [raft-server-3-state] TRACE i.a.p.raft.impl.RaftServiceManager - RaftServer{3} - Applying Indexed{index=22, entry=CommandEntry{term=1, timestamp=2018-06-09 02:53:20,089, session=2, sequence=16, operation=PrimitiveOperation{id=DefaultOperationId{id=write, type=COMMAND}, value=byte[]{length=17, hash=-1644578928}}}}
02:53:20.340 [raft-server-1] TRACE i.a.p.raft.roles.LeaderAppender - RaftServer{1} - Committed entries up to 23
02:53:20.340 [raft-server-2-state] TRACE i.a.p.raft.impl.RaftServiceManager - RaftServer{2} - Applying Indexed{index=22, entry=CommandEntry{term=1, timestamp=2018-06-09 02:53:20,089, session=2, sequence=16, operation=PrimitiveOperation{id=DefaultOperationId{id=write, type=COMMAND}, value=byte[]{length=17, hash=-1644578928}}}}
02:53:20.340 [raft-server-3-state] TRACE i.a.p.s.impl.DefaultServiceExecutor - PrimitiveService{2}{type=io.atomix.protocols.raft.RaftTest$TestPrimitiveType@30e8e4fb, name=raft-test} - Executing DefaultCommit{index=22, session=RaftSession{RaftServiceContext{server=3, type=io.atomix.protocols.raft.RaftTest$TestPrimitiveType@30e8e4fb, name=raft-test, id=2}, session=2, timestamp=2018-06-09 02:53:20,089}, time=2018-06-09 02:53:20,089, operation=DefaultOperationId{id=write, type=COMMAND}, value=byte[]{length=17, hash=-1644578928}}
02:53:20.340 [raft-server-2-state] TRACE i.a.p.s.impl.DefaultServiceExecutor - PrimitiveService{2}{type=io.atomix.protocols.raft.RaftTest$TestPrimitiveType@1c47fd5, name=raft-test} - Executing DefaultCommit{index=22, session=RaftSession{RaftServiceContext{server=2, type=io.atomix.protocols.raft.RaftTest$TestPrimitiveType@1c47fd5, name=raft-test, id=2}, session=2, timestamp=2018-06-09 02:53:20,089}, time=2018-06-09 02:53:20,089, operation=DefaultOperationId{id=write, type=COMMAND}, value=byte[]{length=17, hash=-1644578928}}
02:53:20.412 [raft-server-1] TRACE i.a.p.raft.roles.LeaderAppender - RaftServer{1} - Received AppendResponse{status=OK, term=1, succeeded=true, lastLogIndex=23} from 2
02:53:20.413 [raft-server-1] TRACE i.a.p.raft.roles.LeaderAppender - RaftServer{1} - Sending AppendRequest{term=1, leader=1, prevLogIndex=23, prevLogTerm=1, entries=0, commitIndex=23} to 3
02:53:20.413 [raft-server-3] TRACE i.a.p.raft.roles.FollowerRole - RaftServer{3}{role=FOLLOWER} - Received AppendRequest{term=1, leader=1, prevLogIndex=23, prevLogTerm=1, entries=0, commitIndex=23}
02:53:20.413 [raft-server-1] TRACE i.a.p.raft.roles.LeaderAppender - RaftServer{1} - Sending AppendRequest{term=1, leader=1, prevLogIndex=23, prevLogTerm=1, entries=0, commitIndex=23} to 2
02:53:20.413 [raft-server-2] TRACE i.a.p.raft.roles.FollowerRole - RaftServer{2}{role=FOLLOWER} - Received AppendRequest{term=1, leader=1, prevLogIndex=23, prevLogTerm=1, entries=0, commitIndex=23}
02:53:20.413 [raft-server-1-state] TRACE i.a.p.raft.impl.RaftServiceManager - RaftServer{1} - Applying Indexed{index=23, entry=CommandEntry{term=1, timestamp=2018-06-09 02:53:20,283, session=2, sequence=17, operation=PrimitiveOperation{id=DefaultOperationId{id=write, type=COMMAND}, value=byte[]{length=17, hash=-1644578928}}}}
02:53:20.413 [raft-server-1-state] TRACE i.a.p.s.impl.DefaultServiceExecutor - PrimitiveService{2}{type=io.atomix.protocols.raft.RaftTest$TestPrimitiveType@45397ff4, name=raft-test} - Executing DefaultCommit{index=23, session=RaftSession{RaftServiceContext{server=1, type=io.atomix.protocols.raft.RaftTest$TestPrimitiveType@45397ff4, name=raft-test, id=2}, session=2, timestamp=2018-06-09 02:53:20,283}, time=2018-06-09 02:53:20,283, operation=DefaultOperationId{id=write, type=COMMAND}, value=byte[]{length=17, hash=-1644578928}}
02:53:20.413 [raft-server-1-state] TRACE i.a.protocols.raft.roles.LeaderRole - RaftServer{1}{role=LEADER} - Sending CommandResponse{status=OK, index=23, eventIndex=2, result=byte[]{length=2, hash=1286}}
02:53:20.413 [raft-client-02319fd7-5003-4fac-b562-689b946eac2b-0] TRACE i.a.p.r.p.impl.RaftProxyConnection - ProxySession{2}{type=io.atomix.protocols.raft.RaftTest$TestPrimitiveType@35bfa1bb, name=raft-test} - Received CommandResponse{status=OK, index=23, eventIndex=2, result=byte[]{length=2, hash=1286}} from 1
02:53:20.413 [raft-client-02319fd7-5003-4fac-b562-689b946eac2b-0] TRACE i.a.p.r.p.impl.RaftProxySequencer - ProxySession{2}{type=io.atomix.protocols.raft.RaftTest$TestPrimitiveType@35bfa1bb, name=raft-test} - Completing response CommandResponse{status=OK, index=23, eventIndex=2, result=byte[]{length=2, hash=1286}}
02:53:20.414 [raft-client-02319fd7-5003-4fac-b562-689b946eac2b-6] TRACE i.a.p.r.p.impl.RaftProxyConnection - ProxySession{2}{type=io.atomix.protocols.raft.RaftTest$TestPrimitiveType@35bfa1bb, name=raft-test} - Sending CommandRequest{session=2, sequence=18, operation=PrimitiveOperation{id=DefaultOperationId{id=write, type=COMMAND}, value=byte[]{length=17, hash=-1644578928}}} to 1
02:53:20.414 [raft-server-1] TRACE i.a.protocols.raft.roles.LeaderRole - RaftServer{1}{role=LEADER} - Received CommandRequest{session=2, sequence=18, operation=PrimitiveOperation{id=DefaultOperationId{id=write, type=COMMAND}, value=byte[]{length=17, hash=-1644578928}}}
02:53:20.414 [raft-server-1] TRACE i.a.protocols.raft.roles.LeaderRole - RaftServer{1}{role=LEADER} - Appended Indexed{index=24, entry=CommandEntry{term=1, timestamp=2018-06-09 02:53:20,414, session=2, sequence=18, operation=PrimitiveOperation{id=DefaultOperationId{id=write, type=COMMAND}, value=byte[]{length=17, hash=-1644578928}}}}
02:53:20.479 [raft-server-3] TRACE i.a.p.raft.roles.FollowerRole - RaftServer{3}{role=FOLLOWER} - Committed entries up to index 23
02:53:20.479 [raft-server-3] TRACE i.a.p.raft.roles.FollowerRole - RaftServer{3}{role=FOLLOWER} - Sending AppendResponse{status=OK, term=1, succeeded=true, lastLogIndex=23}
02:53:20.479 [raft-server-1] TRACE i.a.p.raft.roles.LeaderAppender - RaftServer{1} - Received AppendResponse{status=OK, term=1, succeeded=true, lastLogIndex=23} from 3
02:53:20.479 [raft-server-1] TRACE i.a.p.raft.roles.LeaderAppender - RaftServer{1} - Sending AppendRequest{term=1, leader=1, prevLogIndex=23, prevLogTerm=1, entries=1, commitIndex=23} to 3
02:53:20.479 [raft-server-3-state] TRACE i.a.p.raft.impl.RaftServiceManager - RaftServer{3} - Applying Indexed{index=23, entry=CommandEntry{term=1, timestamp=2018-06-09 02:53:20,283, session=2, sequence=17, operation=PrimitiveOperation{id=DefaultOperationId{id=write, type=COMMAND}, value=byte[]{length=17, hash=-1644578928}}}}
02:53:20.480 [raft-server-3] TRACE i.a.p.raft.roles.FollowerRole - RaftServer{3}{role=FOLLOWER} - Received AppendRequest{term=1, leader=1, prevLogIndex=23, prevLogTerm=1, entries=1, commitIndex=23}
02:53:20.480 [raft-server-1] TRACE i.a.p.raft.roles.LeaderAppender - RaftServer{1} - Sending AppendRequest{term=1, leader=1, prevLogIndex=23, prevLogTerm=1, entries=1, commitIndex=23} to 2
02:53:20.480 [raft-server-3-state] TRACE i.a.p.s.impl.DefaultServiceExecutor - PrimitiveService{2}{type=io.atomix.protocols.raft.RaftTest$TestPrimitiveType@30e8e4fb, name=raft-test} - Executing DefaultCommit{index=23, session=RaftSession{RaftServiceContext{server=3, type=io.atomix.protocols.raft.RaftTest$TestPrimitiveType@30e8e4fb, name=raft-test, id=2}, session=2, timestamp=2018-06-09 02:53:20,283}, time=2018-06-09 02:53:20,283, operation=DefaultOperationId{id=write, type=COMMAND}, value=byte[]{length=17, hash=-1644578928}}
02:53:20.480 [raft-server-3] TRACE i.a.p.raft.roles.FollowerRole - RaftServer{3}{role=FOLLOWER} - Appended Indexed{index=24, entry=CommandEntry{term=1, timestamp=2018-06-09 02:53:20,414, session=2, sequence=18, operation=PrimitiveOperation{id=DefaultOperationId{id=write, type=COMMAND}, value=byte[]{length=17, hash=-1644578928}}}}
02:53:20.480 [raft-server-3] TRACE i.a.p.raft.roles.FollowerRole - RaftServer{3}{role=FOLLOWER} - Sending AppendResponse{status=OK, term=1, succeeded=true, lastLogIndex=24}
02:53:20.480 [raft-server-1] TRACE i.a.p.raft.roles.LeaderAppender - RaftServer{1} - Received AppendResponse{status=OK, term=1, succeeded=true, lastLogIndex=24} from 3
02:53:20.480 [raft-server-1] TRACE i.a.p.raft.roles.LeaderAppender - RaftServer{1} - Committed entries up to 24
02:53:20.554 [raft-server-2] TRACE i.a.p.raft.roles.FollowerRole - RaftServer{2}{role=FOLLOWER} - Committed entries up to index 23
02:53:20.554 [raft-server-2] TRACE i.a.p.raft.roles.FollowerRole - RaftServer{2}{role=FOLLOWER} - Sending AppendResponse{status=OK, term=1, succeeded=true, lastLogIndex=23}
02:53:20.554 [raft-server-2] TRACE i.a.p.raft.roles.FollowerRole - RaftServer{2}{role=FOLLOWER} - Received AppendRequest{term=1, leader=1, prevLogIndex=23, prevLogTerm=1, entries=1, commitIndex=23}
02:53:20.554 [raft-server-2] TRACE i.a.p.raft.roles.FollowerRole - RaftServer{2}{role=FOLLOWER} - Appended Indexed{index=24, entry=CommandEntry{term=1, timestamp=2018-06-09 02:53:20,414, session=2, sequence=18, operation=PrimitiveOperation{id=DefaultOperationId{id=write, type=COMMAND}, value=byte[]{length=17, hash=-1644578928}}}}
02:53:20.555 [raft-server-2] TRACE i.a.p.raft.roles.FollowerRole - RaftServer{2}{role=FOLLOWER} - Sending AppendResponse{status=OK, term=1, succeeded=true, lastLogIndex=24}
02:53:20.555 [raft-server-2-state] TRACE i.a.p.raft.impl.RaftServiceManager - RaftServer{2} - Applying Indexed{index=23, entry=CommandEntry{term=1, timestamp=2018-06-09 02:53:20,283, session=2, sequence=17, operation=PrimitiveOperation{id=DefaultOperationId{id=write, type=COMMAND}, value=byte[]{length=17, hash=-1644578928}}}}
02:53:20.555 [raft-server-2-state] TRACE i.a.p.s.impl.DefaultServiceExecutor - PrimitiveService{2}{type=io.atomix.protocols.raft.RaftTest$TestPrimitiveType@1c47fd5, name=raft-test} - Executing DefaultCommit{index=23, session=RaftSession{RaftServiceContext{server=2, type=io.atomix.protocols.raft.RaftTest$TestPrimitiveType@1c47fd5, name=raft-test, id=2}, session=2, timestamp=2018-06-09 02:53:20,283}, time=2018-06-09 02:53:20,283, operation=DefaultOperationId{id=write, type=COMMAND}, value=byte[]{length=17, hash=-1644578928}}
02:53:20.624 [raft-server-1] TRACE i.a.p.raft.roles.LeaderAppender - RaftServer{1} - Received AppendResponse{status=OK, term=1, succeeded=true, lastLogIndex=23} from 2
02:53:20.624 [raft-server-1] TRACE i.a.p.raft.roles.LeaderAppender - RaftServer{1} - Received AppendResponse{status=OK, term=1, succeeded=true, lastLogIndex=24} from 2
02:53:20.624 [raft-server-1-state] TRACE i.a.p.raft.impl.RaftServiceManager - RaftServer{1} - Applying Indexed{index=24, entry=CommandEntry{term=1, timestamp=2018-06-09 02:53:20,414, session=2, sequence=18, operation=PrimitiveOperation{id=DefaultOperationId{id=write, type=COMMAND}, value=byte[]{length=17, hash=-1644578928}}}}
02:53:20.624 [raft-server-1-state] TRACE i.a.p.s.impl.DefaultServiceExecutor - PrimitiveService{2}{type=io.atomix.protocols.raft.RaftTest$TestPrimitiveType@45397ff4, name=raft-test} - Executing DefaultCommit{index=24, session=RaftSession{RaftServiceContext{server=1, type=io.atomix.protocols.raft.RaftTest$TestPrimitiveType@45397ff4, name=raft-test, id=2}, session=2, timestamp=2018-06-09 02:53:20,414}, time=2018-06-09 02:53:20,414, operation=DefaultOperationId{id=write, type=COMMAND}, value=byte[]{length=17, hash=-1644578928}}
02:53:20.624 [raft-server-1-state] TRACE i.a.protocols.raft.roles.LeaderRole - RaftServer{1}{role=LEADER} - Sending CommandResponse{status=OK, index=24, eventIndex=2, result=byte[]{length=2, hash=1288}}
02:53:20.624 [raft-client-02319fd7-5003-4fac-b562-689b946eac2b-7] TRACE i.a.p.r.p.impl.RaftProxyConnection - ProxySession{2}{type=io.atomix.protocols.raft.RaftTest$TestPrimitiveType@35bfa1bb, name=raft-test} - Received CommandResponse{status=OK, index=24, eventIndex=2, result=byte[]{length=2, hash=1288}} from 1
02:53:20.624 [raft-client-02319fd7-5003-4fac-b562-689b946eac2b-7] TRACE i.a.p.r.p.impl.RaftProxySequencer - ProxySession{2}{type=io.atomix.protocols.raft.RaftTest$TestPrimitiveType@35bfa1bb, name=raft-test} - Completing response CommandResponse{status=OK, index=24, eventIndex=2, result=byte[]{length=2, hash=1288}}
02:53:20.625 [raft-client-02319fd7-5003-4fac-b562-689b946eac2b-2] TRACE i.a.p.r.p.impl.RaftProxyConnection - ProxySession{2}{type=io.atomix.protocols.raft.RaftTest$TestPrimitiveType@35bfa1bb, name=raft-test} - Sending CommandRequest{session=2, sequence=19, operation=PrimitiveOperation{id=DefaultOperationId{id=write, type=COMMAND}, value=byte[]{length=17, hash=-1644578928}}} to 1
02:53:20.625 [raft-server-1] TRACE i.a.protocols.raft.roles.LeaderRole - RaftServer{1}{role=LEADER} - Received CommandRequest{session=2, sequence=19, operation=PrimitiveOperation{id=DefaultOperationId{id=write, type=COMMAND}, value=byte[]{length=17, hash=-1644578928}}}
02:53:20.625 [raft-server-1] TRACE i.a.protocols.raft.roles.LeaderRole - RaftServer{1}{role=LEADER} - Appended Indexed{index=25, entry=CommandEntry{term=1, timestamp=2018-06-09 02:53:20,625, session=2, sequence=19, operation=PrimitiveOperation{id=DefaultOperationId{id=write, type=COMMAND}, value=byte[]{length=17, hash=-1644578928}}}}
02:53:20.625 [raft-server-1] TRACE i.a.p.raft.roles.LeaderAppender - RaftServer{1} - Sending AppendRequest{term=1, leader=1, prevLogIndex=24, prevLogTerm=1, entries=1, commitIndex=24} to 3
02:53:20.625 [raft-server-3] TRACE i.a.p.raft.roles.FollowerRole - RaftServer{3}{role=FOLLOWER} - Received AppendRequest{term=1, leader=1, prevLogIndex=24, prevLogTerm=1, entries=1, commitIndex=24}
02:53:20.625 [raft-server-1] TRACE i.a.p.raft.roles.LeaderAppender - RaftServer{1} - Sending AppendRequest{term=1, leader=1, prevLogIndex=24, prevLogTerm=1, entries=1, commitIndex=24} to 2
02:53:20.625 [raft-server-2] TRACE i.a.p.raft.roles.FollowerRole - RaftServer{2}{role=FOLLOWER} - Received AppendRequest{term=1, leader=1, prevLogIndex=24, prevLogTerm=1, entries=1, commitIndex=24}
02:53:20.625 [raft-server-3] TRACE i.a.p.raft.roles.FollowerRole - RaftServer{3}{role=FOLLOWER} - Appended Indexed{index=25, entry=CommandEntry{term=1, timestamp=2018-06-09 02:53:20,625, session=2, sequence=19, operation=PrimitiveOperation{id=DefaultOperationId{id=write, type=COMMAND}, value=byte[]{length=17, hash=-1644578928}}}}
02:53:20.625 [raft-server-2] TRACE i.a.p.raft.roles.FollowerRole - RaftServer{2}{role=FOLLOWER} - Appended Indexed{index=25, entry=CommandEntry{term=1, timestamp=2018-06-09 02:53:20,625, session=2, sequence=19, operation=PrimitiveOperation{id=DefaultOperationId{id=write, type=COMMAND}, value=byte[]{length=17, hash=-1644578928}}}}
02:53:20.687 [raft-server-2] TRACE i.a.p.raft.roles.FollowerRole - RaftServer{2}{role=FOLLOWER} - Committed entries up to index 24
02:53:20.688 [raft-server-3] TRACE i.a.p.raft.roles.FollowerRole - RaftServer{3}{role=FOLLOWER} - Committed entries up to index 24
02:53:20.688 [raft-server-2] TRACE i.a.p.raft.roles.FollowerRole - RaftServer{2}{role=FOLLOWER} - Sending AppendResponse{status=OK, term=1, succeeded=true, lastLogIndex=25}
02:53:20.688 [raft-server-3] TRACE i.a.p.raft.roles.FollowerRole - RaftServer{3}{role=FOLLOWER} - Sending AppendResponse{status=OK, term=1, succeeded=true, lastLogIndex=25}
02:53:20.688 [raft-server-1] TRACE i.a.p.raft.roles.LeaderAppender - RaftServer{1} - Received AppendResponse{status=OK, term=1, succeeded=true, lastLogIndex=25} from 2
02:53:20.688 [raft-server-1] TRACE i.a.p.raft.roles.LeaderAppender - RaftServer{1} - Committed entries up to 25
02:53:20.688 [raft-server-2-state] TRACE i.a.p.raft.impl.RaftServiceManager - RaftServer{2} - Applying Indexed{index=24, entry=CommandEntry{term=1, timestamp=2018-06-09 02:53:20,414, session=2, sequence=18, operation=PrimitiveOperation{id=DefaultOperationId{id=write, type=COMMAND}, value=byte[]{length=17, hash=-1644578928}}}}
02:53:20.688 [raft-server-3-state] TRACE i.a.p.raft.impl.RaftServiceManager - RaftServer{3} - Applying Indexed{index=24, entry=CommandEntry{term=1, timestamp=2018-06-09 02:53:20,414, session=2, sequence=18, operation=PrimitiveOperation{id=DefaultOperationId{id=write, type=COMMAND}, value=byte[]{length=17, hash=-1644578928}}}}
02:53:20.688 [raft-server-2-state] TRACE i.a.p.s.impl.DefaultServiceExecutor - PrimitiveService{2}{type=io.atomix.protocols.raft.RaftTest$TestPrimitiveType@1c47fd5, name=raft-test} - Executing DefaultCommit{index=24, session=RaftSession{RaftServiceContext{server=2, type=io.atomix.protocols.raft.RaftTest$TestPrimitiveType@1c47fd5, name=raft-test, id=2}, session=2, timestamp=2018-06-09 02:53:20,414}, time=2018-06-09 02:53:20,414, operation=DefaultOperationId{id=write, type=COMMAND}, value=byte[]{length=17, hash=-1644578928}}
02:53:20.688 [raft-server-3-state] TRACE i.a.p.s.impl.DefaultServiceExecutor - PrimitiveService{2}{type=io.atomix.protocols.raft.RaftTest$TestPrimitiveType@30e8e4fb, name=raft-test} - Executing DefaultCommit{index=24, session=RaftSession{RaftServiceContext{server=3, type=io.atomix.protocols.raft.RaftTest$TestPrimitiveType@30e8e4fb, name=raft-test, id=2}, session=2, timestamp=2018-06-09 02:53:20,414}, time=2018-06-09 02:53:20,414, operation=DefaultOperationId{id=write, type=COMMAND}, value=byte[]{length=17, hash=-1644578928}}
02:53:20.743 [raft-client-02319fd7-5003-4fac-b562-689b946eac2b-7] TRACE i.a.p.r.proxy.impl.RaftProxyManager - RaftClient{02319fd7-5003-4fac-b562-689b946eac2b} - Keeping 1 sessions alive
02:53:20.743 [raft-client-02319fd7-5003-4fac-b562-689b946eac2b-7] TRACE i.a.p.r.p.impl.RaftProxyConnection - RaftClient{02319fd7-5003-4fac-b562-689b946eac2b} - Sending KeepAliveRequest{sessionIds=long[]{length=1, hash=33}, commandSequences=long[]{length=1, hash=49}, eventIndexes=long[]{length=1, hash=33}} to 1
02:53:20.757 [raft-server-1] TRACE i.a.p.raft.roles.LeaderAppender - RaftServer{1} - Sending AppendRequest{term=1, leader=1, prevLogIndex=25, prevLogTerm=1, entries=0, commitIndex=25} to 2
02:53:20.757 [raft-server-1] TRACE i.a.p.raft.roles.LeaderAppender - RaftServer{1} - Received AppendResponse{status=OK, term=1, succeeded=true, lastLogIndex=25} from 3
02:53:20.757 [raft-server-2] TRACE i.a.p.raft.roles.FollowerRole - RaftServer{2}{role=FOLLOWER} - Received AppendRequest{term=1, leader=1, prevLogIndex=25, prevLogTerm=1, entries=0, commitIndex=25}
02:53:20.757 [raft-server-1] TRACE i.a.p.raft.roles.LeaderAppender - RaftServer{1} - Sending AppendRequest{term=1, leader=1, prevLogIndex=25, prevLogTerm=1, entries=0, commitIndex=25} to 3
02:53:20.757 [raft-server-1] TRACE i.a.protocols.raft.roles.LeaderRole - RaftServer{1}{role=LEADER} - Received KeepAliveRequest{sessionIds=long[]{length=1, hash=33}, commandSequences=long[]{length=1, hash=49}, eventIndexes=long[]{length=1, hash=33}}
02:53:20.757 [raft-server-3] TRACE i.a.p.raft.roles.FollowerRole - RaftServer{3}{role=FOLLOWER} - Received AppendRequest{term=1, leader=1, prevLogIndex=25, prevLogTerm=1, entries=0, commitIndex=25}
02:53:20.757 [raft-server-1] TRACE i.a.protocols.raft.roles.LeaderRole - RaftServer{1}{role=LEADER} - Appended Indexed{index=26, entry=KeepAliveEntry{term=1, timestamp=2018-06-09 02:53:20,757, sessionIds=long[]{length=1, hash=33}, commandSequences=long[]{length=1, hash=49}, eventIndexes=long[]{length=1, hash=33}}}
02:53:20.757 [raft-server-1-state] TRACE i.a.p.raft.impl.RaftServiceManager - RaftServer{1} - Applying Indexed{index=25, entry=CommandEntry{term=1, timestamp=2018-06-09 02:53:20,625, session=2, sequence=19, operation=PrimitiveOperation{id=DefaultOperationId{id=write, type=COMMAND}, value=byte[]{length=17, hash=-1644578928}}}}
02:53:20.757 [raft-server-1-state] TRACE i.a.p.s.impl.DefaultServiceExecutor - PrimitiveService{2}{type=io.atomix.protocols.raft.RaftTest$TestPrimitiveType@45397ff4, name=raft-test} - Executing DefaultCommit{index=25, session=RaftSession{RaftServiceContext{server=1, type=io.atomix.protocols.raft.RaftTest$TestPrimitiveType@45397ff4, name=raft-test, id=2}, session=2, timestamp=2018-06-09 02:53:20,625}, time=2018-06-09 02:53:20,625, operation=DefaultOperationId{id=write, type=COMMAND}, value=byte[]{length=17, hash=-1644578928}}
02:53:20.757 [raft-server-1-state] TRACE i.a.protocols.raft.roles.LeaderRole - RaftServer{1}{role=LEADER} - Sending CommandResponse{status=OK, index=25, eventIndex=2, result=byte[]{length=2, hash=1290}}
02:53:20.757 [raft-client-02319fd7-5003-4fac-b562-689b946eac2b-0] TRACE i.a.p.r.p.impl.RaftProxyConnection - ProxySession{2}{type=io.atomix.protocols.raft.RaftTest$TestPrimitiveType@35bfa1bb, name=raft-test} - Received CommandResponse{status=OK, index=25, eventIndex=2, result=byte[]{length=2, hash=1290}} from 1
02:53:20.758 [raft-client-02319fd7-5003-4fac-b562-689b946eac2b-0] TRACE i.a.p.r.p.impl.RaftProxySequencer - ProxySession{2}{type=io.atomix.protocols.raft.RaftTest$TestPrimitiveType@35bfa1bb, name=raft-test} - Completing response CommandResponse{status=OK, index=25, eventIndex=2, result=byte[]{length=2, hash=1290}}
02:53:20.758 [raft-client-02319fd7-5003-4fac-b562-689b946eac2b-0] TRACE i.a.p.r.p.impl.RaftProxyConnection - ProxySession{2}{type=io.atomix.protocols.raft.RaftTest$TestPrimitiveType@35bfa1bb, name=raft-test} - Sending CommandRequest{session=2, sequence=20, operation=PrimitiveOperation{id=DefaultOperationId{id=write, type=COMMAND}, value=byte[]{length=17, hash=-1644578928}}} to 1
02:53:20.758 [raft-server-1] TRACE i.a.protocols.raft.roles.LeaderRole - RaftServer{1}{role=LEADER} - Received CommandRequest{session=2, sequence=20, operation=PrimitiveOperation{id=DefaultOperationId{id=write, type=COMMAND}, value=byte[]{length=17, hash=-1644578928}}}
02:53:20.758 [raft-server-1] TRACE i.a.protocols.raft.roles.LeaderRole - RaftServer{1}{role=LEADER} - Appended Indexed{index=27, entry=CommandEntry{term=1, timestamp=2018-06-09 02:53:20,758, session=2, sequence=20, operation=PrimitiveOperation{id=DefaultOperationId{id=write, type=COMMAND}, value=byte[]{length=17, hash=-1644578928}}}}
02:53:20.823 [raft-server-2] TRACE i.a.p.raft.roles.FollowerRole - RaftServer{2}{role=FOLLOWER} - Committed entries up to index 25
02:53:20.823 [raft-server-3] TRACE i.a.p.raft.roles.FollowerRole - RaftServer{3}{role=FOLLOWER} - Committed entries up to index 25
02:53:20.823 [raft-server-2] TRACE i.a.p.raft.roles.FollowerRole - RaftServer{2}{role=FOLLOWER} - Sending AppendResponse{status=OK, term=1, succeeded=true, lastLogIndex=25}
02:53:20.823 [raft-server-3] TRACE i.a.p.raft.roles.FollowerRole - RaftServer{3}{role=FOLLOWER} - Sending AppendResponse{status=OK, term=1, succeeded=true, lastLogIndex=25}
02:53:20.823 [raft-server-1] TRACE i.a.p.raft.roles.LeaderAppender - RaftServer{1} - Received AppendResponse{status=OK, term=1, succeeded=true, lastLogIndex=25} from 2
02:53:20.823 [raft-server-1] TRACE i.a.p.raft.roles.LeaderAppender - RaftServer{1} - Sending AppendRequest{term=1, leader=1, prevLogIndex=25, prevLogTerm=1, entries=2, commitIndex=25} to 2
02:53:20.823 [raft-server-3-state] TRACE i.a.p.raft.impl.RaftServiceManager - RaftServer{3} - Applying Indexed{index=25, entry=CommandEntry{term=1, timestamp=2018-06-09 02:53:20,625, session=2, sequence=19, operation=PrimitiveOperation{id=DefaultOperationId{id=write, type=COMMAND}, value=byte[]{length=17, hash=-1644578928}}}}
02:53:20.823 [raft-server-2-state] TRACE i.a.p.raft.impl.RaftServiceManager - RaftServer{2} - Applying Indexed{index=25, entry=CommandEntry{term=1, timestamp=2018-06-09 02:53:20,625, session=2, sequence=19, operation=PrimitiveOperation{id=DefaultOperationId{id=write, type=COMMAND}, value=byte[]{length=17, hash=-1644578928}}}}
02:53:20.823 [raft-server-2] TRACE i.a.p.raft.roles.FollowerRole - RaftServer{2}{role=FOLLOWER} - Received AppendRequest{term=1, leader=1, prevLogIndex=25, prevLogTerm=1, entries=2, commitIndex=25}
02:53:20.824 [raft-server-1] TRACE i.a.p.raft.roles.LeaderAppender - RaftServer{1} - Received AppendResponse{status=OK, term=1, succeeded=true, lastLogIndex=25} from 3
02:53:20.824 [raft-server-3-state] TRACE i.a.p.s.impl.DefaultServiceExecutor - PrimitiveService{2}{type=io.atomix.protocols.raft.RaftTest$TestPrimitiveType@30e8e4fb, name=raft-test} - Executing DefaultCommit{index=25, session=RaftSession{RaftServiceContext{server=3, type=io.atomix.protocols.raft.RaftTest$TestPrimitiveType@30e8e4fb, name=raft-test, id=2}, session=2, timestamp=2018-06-09 02:53:20,625}, time=2018-06-09 02:53:20,625, operation=DefaultOperationId{id=write, type=COMMAND}, value=byte[]{length=17, hash=-1644578928}}
02:53:20.824 [raft-server-2-state] TRACE i.a.p.s.impl.DefaultServiceExecutor - PrimitiveService{2}{type=io.atomix.protocols.raft.RaftTest$TestPrimitiveType@1c47fd5, name=raft-test} - Executing DefaultCommit{index=25, session=RaftSession{RaftServiceContext{server=2, type=io.atomix.protocols.raft.RaftTest$TestPrimitiveType@1c47fd5, name=raft-test, id=2}, session=2, timestamp=2018-06-09 02:53:20,625}, time=2018-06-09 02:53:20,625, operation=DefaultOperationId{id=write, type=COMMAND}, value=byte[]{length=17, hash=-1644578928}}
02:53:20.824 [raft-server-1] TRACE i.a.p.raft.roles.LeaderAppender - RaftServer{1} - Sending AppendRequest{term=1, leader=1, prevLogIndex=25, prevLogTerm=1, entries=2, commitIndex=25} to 3
02:53:20.824 [raft-server-2] TRACE i.a.p.raft.roles.FollowerRole - RaftServer{2}{role=FOLLOWER} - Appended Indexed{index=26, entry=KeepAliveEntry{term=1, timestamp=2018-06-09 02:53:20,757, sessionIds=long[]{length=1, hash=33}, commandSequences=long[]{length=1, hash=49}, eventIndexes=long[]{length=1, hash=33}}}
02:53:20.824 [raft-server-3] TRACE i.a.p.raft.roles.FollowerRole - RaftServer{3}{role=FOLLOWER} - Received AppendRequest{term=1, leader=1, prevLogIndex=25, prevLogTerm=1, entries=2, commitIndex=25}
02:53:20.824 [raft-server-2] TRACE i.a.p.raft.roles.FollowerRole - RaftServer{2}{role=FOLLOWER} - Appended Indexed{index=27, entry=CommandEntry{term=1, timestamp=2018-06-09 02:53:20,758, session=2, sequence=20, operation=PrimitiveOperation{id=DefaultOperationId{id=write, type=COMMAND}, value=byte[]{length=17, hash=-1644578928}}}}
02:53:20.824 [raft-server-3] TRACE i.a.p.raft.roles.FollowerRole - RaftServer{3}{role=FOLLOWER} - Appended Indexed{index=26, entry=KeepAliveEntry{term=1, timestamp=2018-06-09 02:53:20,757, sessionIds=long[]{length=1, hash=33}, commandSequences=long[]{length=1, hash=49}, eventIndexes=long[]{length=1, hash=33}}}
02:53:20.824 [raft-server-2] TRACE i.a.p.raft.roles.FollowerRole - RaftServer{2}{role=FOLLOWER} - Sending AppendResponse{status=OK, term=1, succeeded=true, lastLogIndex=27}
02:53:20.824 [raft-server-1] TRACE i.a.p.raft.roles.LeaderAppender - RaftServer{1} - Received AppendResponse{status=OK, term=1, succeeded=true, lastLogIndex=27} from 2
02:53:20.824 [raft-server-1] TRACE i.a.p.raft.roles.LeaderAppender - RaftServer{1} - Committed entries up to 27
02:53:20.824 [raft-server-3] TRACE i.a.p.raft.roles.FollowerRole - RaftServer{3}{role=FOLLOWER} - Appended Indexed{index=27, entry=CommandEntry{term=1, timestamp=2018-06-09 02:53:20,758, session=2, sequence=20, operation=PrimitiveOperation{id=DefaultOperationId{id=write, type=COMMAND}, value=byte[]{length=17, hash=-1644578928}}}}
02:53:20.824 [raft-server-3] TRACE i.a.p.raft.roles.FollowerRole - RaftServer{3}{role=FOLLOWER} - Sending AppendResponse{status=OK, term=1, succeeded=true, lastLogIndex=27}
02:53:20.896 [raft-server-1] TRACE i.a.p.raft.roles.LeaderAppender - RaftServer{1} - Received AppendResponse{status=OK, term=1, succeeded=true, lastLogIndex=27} from 3
02:53:20.896 [raft-server-1] TRACE i.a.p.raft.roles.LeaderAppender - RaftServer{1} - Sending AppendRequest{term=1, leader=1, prevLogIndex=27, prevLogTerm=1, entries=0, commitIndex=27} to 3
02:53:20.896 [raft-server-1] TRACE i.a.p.raft.roles.LeaderAppender - RaftServer{1} - Sending AppendRequest{term=1, leader=1, prevLogIndex=27, prevLogTerm=1, entries=0, commitIndex=27} to 2
02:53:20.896 [raft-server-3] TRACE i.a.p.raft.roles.FollowerRole - RaftServer{3}{role=FOLLOWER} - Received AppendRequest{term=1, leader=1, prevLogIndex=27, prevLogTerm=1, entries=0, commitIndex=27}
02:53:20.896 [raft-server-2] TRACE i.a.p.raft.roles.FollowerRole - RaftServer{2}{role=FOLLOWER} - Received AppendRequest{term=1, leader=1, prevLogIndex=27, prevLogTerm=1, entries=0, commitIndex=27}
02:53:20.896 [raft-server-1-state] TRACE i.a.p.raft.impl.RaftServiceManager - RaftServer{1} - Applying Indexed{index=26, entry=KeepAliveEntry{term=1, timestamp=2018-06-09 02:53:20,757, sessionIds=long[]{length=1, hash=33}, commandSequences=long[]{length=1, hash=49}, eventIndexes=long[]{length=1, hash=33}}}
02:53:20.896 [raft-server-1-state] TRACE i.a.p.raft.impl.RaftServiceManager - RaftServer{1} - Applying Indexed{index=27, entry=CommandEntry{term=1, timestamp=2018-06-09 02:53:20,758, session=2, sequence=20, operation=PrimitiveOperation{id=DefaultOperationId{id=write, type=COMMAND}, value=byte[]{length=17, hash=-1644578928}}}}
02:53:20.896 [raft-server-1] TRACE i.a.protocols.raft.roles.LeaderRole - RaftServer{1}{role=LEADER} - Sending KeepAliveResponse{status=OK, leader=1, members=[1, 3, 2], sessionIds=long[]{length=1, hash=33}}
02:53:20.896 [raft-server-1-state] TRACE i.a.p.s.impl.DefaultServiceExecutor - PrimitiveService{2}{type=io.atomix.protocols.raft.RaftTest$TestPrimitiveType@45397ff4, name=raft-test} - Executing DefaultCommit{index=27, session=RaftSession{RaftServiceContext{server=1, type=io.atomix.protocols.raft.RaftTest$TestPrimitiveType@45397ff4, name=raft-test, id=2}, session=2, timestamp=2018-06-09 02:53:20,758}, time=2018-06-09 02:53:20,758, operation=DefaultOperationId{id=write, type=COMMAND}, value=byte[]{length=17, hash=-1644578928}}
02:53:20.897 [raft-client-02319fd7-5003-4fac-b562-689b946eac2b-4] TRACE i.a.p.r.p.impl.RaftProxyConnection - RaftClient{02319fd7-5003-4fac-b562-689b946eac2b} - Received KeepAliveResponse{status=OK, leader=1, members=[1, 3, 2], sessionIds=long[]{length=1, hash=33}} from 1
02:53:20.897 [raft-server-1-state] TRACE i.a.protocols.raft.roles.LeaderRole - RaftServer{1}{role=LEADER} - Sending CommandResponse{status=OK, index=27, eventIndex=2, result=byte[]{length=2, hash=1294}}
02:53:20.897 [raft-client-02319fd7-5003-4fac-b562-689b946eac2b-3] TRACE i.a.p.r.p.impl.RaftProxyConnection - ProxySession{2}{type=io.atomix.protocols.raft.RaftTest$TestPrimitiveType@35bfa1bb, name=raft-test} - Received CommandResponse{status=OK, index=27, eventIndex=2, result=byte[]{length=2, hash=1294}} from 1
02:53:20.897 [raft-client-02319fd7-5003-4fac-b562-689b946eac2b-3] TRACE i.a.p.r.p.impl.RaftProxySequencer - ProxySession{2}{type=io.atomix.protocols.raft.RaftTest$TestPrimitiveType@35bfa1bb, name=raft-test} - Completing response CommandResponse{status=OK, index=27, eventIndex=2, result=byte[]{length=2, hash=1294}}
02:53:20.897 [raft-client-02319fd7-5003-4fac-b562-689b946eac2b-2] TRACE i.a.p.r.p.impl.RaftProxyConnection - ProxySession{2}{type=io.atomix.protocols.raft.RaftTest$TestPrimitiveType@35bfa1bb, name=raft-test} - Sending CommandRequest{session=2, sequence=21, operation=PrimitiveOperation{id=DefaultOperationId{id=write, type=COMMAND}, value=byte[]{length=17, hash=-1644578928}}} to 1
02:53:20.898 [raft-server-1] TRACE i.a.protocols.raft.roles.LeaderRole - RaftServer{1}{role=LEADER} - Received CommandRequest{session=2, sequence=21, operation=PrimitiveOperation{id=DefaultOperationId{id=write, type=COMMAND}, value=byte[]{length=17, hash=-1644578928}}}
02:53:20.898 [raft-server-1] TRACE i.a.protocols.raft.roles.LeaderRole - RaftServer{1}{role=LEADER} - Appended Indexed{index=28, entry=CommandEntry{term=1, timestamp=2018-06-09 02:53:20,898, session=2, sequence=21, operation=PrimitiveOperation{id=DefaultOperationId{id=write, type=COMMAND}, value=byte[]{length=17, hash=-1644578928}}}}
02:53:20.965 [raft-server-3] TRACE i.a.p.raft.roles.FollowerRole - RaftServer{3}{role=FOLLOWER} - Committed entries up to index 27
02:53:20.965 [raft-server-3] TRACE i.a.p.raft.roles.FollowerRole - RaftServer{3}{role=FOLLOWER} - Sending AppendResponse{status=OK, term=1, succeeded=true, lastLogIndex=27}
02:53:20.965 [raft-server-2] TRACE i.a.p.raft.roles.FollowerRole - RaftServer{2}{role=FOLLOWER} - Committed entries up to index 27
02:53:20.965 [raft-server-2] TRACE i.a.p.raft.roles.FollowerRole - RaftServer{2}{role=FOLLOWER} - Sending AppendResponse{status=OK, term=1, succeeded=true, lastLogIndex=27}
02:53:20.965 [raft-server-1] TRACE i.a.p.raft.roles.LeaderAppender - RaftServer{1} - Received AppendResponse{status=OK, term=1, succeeded=true, lastLogIndex=27} from 3
02:53:20.965 [raft-server-3-state] TRACE i.a.p.raft.impl.RaftServiceManager - RaftServer{3} - Applying Indexed{index=26, entry=KeepAliveEntry{term=1, timestamp=2018-06-09 02:53:20,757, sessionIds=long[]{length=1, hash=33}, commandSequences=long[]{length=1, hash=49}, eventIndexes=long[]{length=1, hash=33}}}
02:53:20.965 [raft-server-2-state] TRACE i.a.p.raft.impl.RaftServiceManager - RaftServer{2} - Applying Indexed{index=26, entry=KeepAliveEntry{term=1, timestamp=2018-06-09 02:53:20,757, sessionIds=long[]{length=1, hash=33}, commandSequences=long[]{length=1, hash=49}, eventIndexes=long[]{length=1, hash=33}}}
02:53:20.965 [raft-server-1] TRACE i.a.p.raft.roles.LeaderAppender - RaftServer{1} - Sending AppendRequest{term=1, leader=1, prevLogIndex=27, prevLogTerm=1, entries=1, commitIndex=27} to 3
02:53:20.965 [raft-server-1] TRACE i.a.p.raft.roles.LeaderAppender - RaftServer{1} - Sending AppendRequest{term=1, leader=1, prevLogIndex=27, prevLogTerm=1, entries=1, commitIndex=27} to 2
02:53:20.965 [raft-server-2] TRACE i.a.p.raft.roles.FollowerRole - RaftServer{2}{role=FOLLOWER} - Received AppendRequest{term=1, leader=1, prevLogIndex=27, prevLogTerm=1, entries=1, commitIndex=27}
02:53:20.965 [raft-server-1] TRACE i.a.p.raft.roles.LeaderAppender - RaftServer{1} - Received AppendResponse{status=OK, term=1, succeeded=true, lastLogIndex=27} from 2
02:53:20.965 [raft-server-2-state] TRACE i.a.p.raft.impl.RaftServiceManager - RaftServer{2} - Applying Indexed{index=27, entry=CommandEntry{term=1, timestamp=2018-06-09 02:53:20,758, session=2, sequence=20, operation=PrimitiveOperation{id=DefaultOperationId{id=write, type=COMMAND}, value=byte[]{length=17, hash=-1644578928}}}}
02:53:20.965 [raft-server-2] TRACE i.a.p.raft.roles.FollowerRole - RaftServer{2}{role=FOLLOWER} - Appended Indexed{index=28, entry=CommandEntry{term=1, timestamp=2018-06-09 02:53:20,898, session=2, sequence=21, operation=PrimitiveOperation{id=DefaultOperationId{id=write, type=COMMAND}, value=byte[]{length=17, hash=-1644578928}}}}
02:53:20.965 [raft-server-3-state] TRACE i.a.p.raft.impl.RaftServiceManager - RaftServer{3} - Applying Indexed{index=27, entry=CommandEntry{term=1, timestamp=2018-06-09 02:53:20,758, session=2, sequence=20, operation=PrimitiveOperation{id=DefaultOperationId{id=write, type=COMMAND}, value=byte[]{length=17, hash=-1644578928}}}}
02:53:20.965 [raft-server-2-state] TRACE i.a.p.s.impl.DefaultServiceExecutor - PrimitiveService{2}{type=io.atomix.protocols.raft.RaftTest$TestPrimitiveType@1c47fd5, name=raft-test} - Executing DefaultCommit{index=27, session=RaftSession{RaftServiceContext{server=2, type=io.atomix.protocols.raft.RaftTest$TestPrimitiveType@1c47fd5, name=raft-test, id=2}, session=2, timestamp=2018-06-09 02:53:20,758}, time=2018-06-09 02:53:20,758, operation=DefaultOperationId{id=write, type=COMMAND}, value=byte[]{length=17, hash=-1644578928}}
02:53:20.966 [raft-server-3] TRACE i.a.p.raft.roles.FollowerRole - RaftServer{3}{role=FOLLOWER} - Received AppendRequest{term=1, leader=1, prevLogIndex=27, prevLogTerm=1, entries=1, commitIndex=27}
02:53:20.966 [raft-server-2] TRACE i.a.p.raft.roles.FollowerRole - RaftServer{2}{role=FOLLOWER} - Sending AppendResponse{status=OK, term=1, succeeded=true, lastLogIndex=28}
02:53:20.966 [raft-server-3-state] TRACE i.a.p.s.impl.DefaultServiceExecutor - PrimitiveService{2}{type=io.atomix.protocols.raft.RaftTest$TestPrimitiveType@30e8e4fb, name=raft-test} - Executing DefaultCommit{index=27, session=RaftSession{RaftServiceContext{server=3, type=io.atomix.protocols.raft.RaftTest$TestPrimitiveType@30e8e4fb, name=raft-test, id=2}, session=2, timestamp=2018-06-09 02:53:20,758}, time=2018-06-09 02:53:20,758, operation=DefaultOperationId{id=write, type=COMMAND}, value=byte[]{length=17, hash=-1644578928}}
02:53:20.966 [raft-server-1] TRACE i.a.p.raft.roles.LeaderAppender - RaftServer{1} - Received AppendResponse{status=OK, term=1, succeeded=true, lastLogIndex=28} from 2
02:53:20.966 [raft-server-1] TRACE i.a.p.raft.roles.LeaderAppender - RaftServer{1} - Committed entries up to 28
02:53:20.966 [raft-server-3] TRACE i.a.p.raft.roles.FollowerRole - RaftServer{3}{role=FOLLOWER} - Appended Indexed{index=28, entry=CommandEntry{term=1, timestamp=2018-06-09 02:53:20,898, session=2, sequence=21, operation=PrimitiveOperation{id=DefaultOperationId{id=write, type=COMMAND}, value=byte[]{length=17, hash=-1644578928}}}}
02:53:20.966 [raft-server-3] TRACE i.a.p.raft.roles.FollowerRole - RaftServer{3}{role=FOLLOWER} - Sending AppendResponse{status=OK, term=1, succeeded=true, lastLogIndex=28}
02:53:21.057 [raft-server-1] TRACE i.a.p.raft.roles.LeaderAppender - RaftServer{1} - Received AppendResponse{status=OK, term=1, succeeded=true, lastLogIndex=28} from 3
02:53:21.057 [raft-server-1-state] TRACE i.a.p.raft.impl.RaftServiceManager - RaftServer{1} - Applying Indexed{index=28, entry=CommandEntry{term=1, timestamp=2018-06-09 02:53:20,898, session=2, sequence=21, operation=PrimitiveOperation{id=DefaultOperationId{id=write, type=COMMAND}, value=byte[]{length=17, hash=-1644578928}}}}
02:53:21.057 [raft-server-1-state] TRACE i.a.p.s.impl.DefaultServiceExecutor - PrimitiveService{2}{type=io.atomix.protocols.raft.RaftTest$TestPrimitiveType@45397ff4, name=raft-test} - Executing DefaultCommit{index=28, session=RaftSession{RaftServiceContext{server=1, type=io.atomix.protocols.raft.RaftTest$TestPrimitiveType@45397ff4, name=raft-test, id=2}, session=2, timestamp=2018-06-09 02:53:20,898}, time=2018-06-09 02:53:20,898, operation=DefaultOperationId{id=write, type=COMMAND}, value=byte[]{length=17, hash=-1644578928}}
02:53:21.057 [raft-server-1-state] TRACE i.a.protocols.raft.roles.LeaderRole - RaftServer{1}{role=LEADER} - Sending CommandResponse{status=OK, index=28, eventIndex=2, result=byte[]{length=2, hash=1296}}
02:53:21.057 [raft-client-02319fd7-5003-4fac-b562-689b946eac2b-1] TRACE i.a.p.r.p.impl.RaftProxyConnection - ProxySession{2}{type=io.atomix.protocols.raft.RaftTest$TestPrimitiveType@35bfa1bb, name=raft-test} - Received CommandResponse{status=OK, index=28, eventIndex=2, result=byte[]{length=2, hash=1296}} from 1
02:53:21.057 [raft-client-02319fd7-5003-4fac-b562-689b946eac2b-1] TRACE i.a.p.r.p.impl.RaftProxySequencer - ProxySession{2}{type=io.atomix.protocols.raft.RaftTest$TestPrimitiveType@35bfa1bb, name=raft-test} - Completing response CommandResponse{status=OK, index=28, eventIndex=2, result=byte[]{length=2, hash=1296}}
02:53:21.058 [raft-client-02319fd7-5003-4fac-b562-689b946eac2b-5] TRACE i.a.p.r.p.impl.RaftProxyConnection - ProxySession{2}{type=io.atomix.protocols.raft.RaftTest$TestPrimitiveType@35bfa1bb, name=raft-test} - Sending CommandRequest{session=2, sequence=22, operation=PrimitiveOperation{id=DefaultOperationId{id=write, type=COMMAND}, value=byte[]{length=17, hash=-1644578928}}} to 1
02:53:21.058 [raft-server-1] TRACE i.a.protocols.raft.roles.LeaderRole - RaftServer{1}{role=LEADER} - Received CommandRequest{session=2, sequence=22, operation=PrimitiveOperation{id=DefaultOperationId{id=write, type=COMMAND}, value=byte[]{length=17, hash=-1644578928}}}
02:53:21.058 [raft-server-1] TRACE i.a.protocols.raft.roles.LeaderRole - RaftServer{1}{role=LEADER} - Appended Indexed{index=29, entry=CommandEntry{term=1, timestamp=2018-06-09 02:53:21,058, session=2, sequence=22, operation=PrimitiveOperation{id=DefaultOperationId{id=write, type=COMMAND}, value=byte[]{length=17, hash=-1644578928}}}}
02:53:21.058 [raft-server-1] TRACE i.a.p.raft.roles.LeaderAppender - RaftServer{1} - Sending AppendRequest{term=1, leader=1, prevLogIndex=28, prevLogTerm=1, entries=1, commitIndex=28} to 3
02:53:21.058 [raft-server-3] TRACE i.a.p.raft.roles.FollowerRole - RaftServer{3}{role=FOLLOWER} - Received AppendRequest{term=1, leader=1, prevLogIndex=28, prevLogTerm=1, entries=1, commitIndex=28}
02:53:21.058 [raft-server-1] TRACE i.a.p.raft.roles.LeaderAppender - RaftServer{1} - Sending AppendRequest{term=1, leader=1, prevLogIndex=28, prevLogTerm=1, entries=1, commitIndex=28} to 2
02:53:21.058 [raft-server-2] TRACE i.a.p.raft.roles.FollowerRole - RaftServer{2}{role=FOLLOWER} - Received AppendRequest{term=1, leader=1, prevLogIndex=28, prevLogTerm=1, entries=1, commitIndex=28}
02:53:21.058 [raft-server-3] TRACE i.a.p.raft.roles.FollowerRole - RaftServer{3}{role=FOLLOWER} - Appended Indexed{index=29, entry=CommandEntry{term=1, timestamp=2018-06-09 02:53:21,058, session=2, sequence=22, operation=PrimitiveOperation{id=DefaultOperationId{id=write, type=COMMAND}, value=byte[]{length=17, hash=-1644578928}}}}
02:53:21.058 [raft-server-2] TRACE i.a.p.raft.roles.FollowerRole - RaftServer{2}{role=FOLLOWER} - Appended Indexed{index=29, entry=CommandEntry{term=1, timestamp=2018-06-09 02:53:21,058, session=2, sequence=22, operation=PrimitiveOperation{id=DefaultOperationId{id=write, type=COMMAND}, value=byte[]{length=17, hash=-1644578928}}}}
02:53:21.137 [raft-server-3] TRACE i.a.p.raft.roles.FollowerRole - RaftServer{3}{role=FOLLOWER} - Committed entries up to index 28
02:53:21.138 [raft-server-2] TRACE i.a.p.raft.roles.FollowerRole - RaftServer{2}{role=FOLLOWER} - Committed entries up to index 28
02:53:21.138 [raft-server-3] TRACE i.a.p.raft.roles.FollowerRole - RaftServer{3}{role=FOLLOWER} - Sending AppendResponse{status=OK, term=1, succeeded=true, lastLogIndex=29}
02:53:21.138 [raft-server-2] TRACE i.a.p.raft.roles.FollowerRole - RaftServer{2}{role=FOLLOWER} - Sending AppendResponse{status=OK, term=1, succeeded=true, lastLogIndex=29}
02:53:21.138 [raft-server-1] TRACE i.a.p.raft.roles.LeaderAppender - RaftServer{1} - Received AppendResponse{status=OK, term=1, succeeded=true, lastLogIndex=29} from 3
02:53:21.138 [raft-server-1] TRACE i.a.p.raft.roles.LeaderAppender - RaftServer{1} - Committed entries up to 29
02:53:21.138 [raft-server-2-state] TRACE i.a.p.raft.impl.RaftServiceManager - RaftServer{2} - Applying Indexed{index=28, entry=CommandEntry{term=1, timestamp=2018-06-09 02:53:20,898, session=2, sequence=21, operation=PrimitiveOperation{id=DefaultOperationId{id=write, type=COMMAND}, value=byte[]{length=17, hash=-1644578928}}}}
02:53:21.138 [raft-server-3-state] TRACE i.a.p.raft.impl.RaftServiceManager - RaftServer{3} - Applying Indexed{index=28, entry=CommandEntry{term=1, timestamp=2018-06-09 02:53:20,898, session=2, sequence=21, operation=PrimitiveOperation{id=DefaultOperationId{id=write, type=COMMAND}, value=byte[]{length=17, hash=-1644578928}}}}
02:53:21.138 [raft-server-2-state] TRACE i.a.p.s.impl.DefaultServiceExecutor - PrimitiveService{2}{type=io.atomix.protocols.raft.RaftTest$TestPrimitiveType@1c47fd5, name=raft-test} - Executing DefaultCommit{index=28, session=RaftSession{RaftServiceContext{server=2, type=io.atomix.protocols.raft.RaftTest$TestPrimitiveType@1c47fd5, name=raft-test, id=2}, session=2, timestamp=2018-06-09 02:53:20,898}, time=2018-06-09 02:53:20,898, operation=DefaultOperationId{id=write, type=COMMAND}, value=byte[]{length=17, hash=-1644578928}}
02:53:21.138 [raft-server-3-state] TRACE i.a.p.s.impl.DefaultServiceExecutor - PrimitiveService{2}{type=io.atomix.protocols.raft.RaftTest$TestPrimitiveType@30e8e4fb, name=raft-test} - Executing DefaultCommit{index=28, session=RaftSession{RaftServiceContext{server=3, type=io.atomix.protocols.raft.RaftTest$TestPrimitiveType@30e8e4fb, name=raft-test, id=2}, session=2, timestamp=2018-06-09 02:53:20,898}, time=2018-06-09 02:53:20,898, operation=DefaultOperationId{id=write, type=COMMAND}, value=byte[]{length=17, hash=-1644578928}}
02:53:21.207 [raft-server-1] TRACE i.a.p.raft.roles.LeaderAppender - RaftServer{1} - Sending AppendRequest{term=1, leader=1, prevLogIndex=29, prevLogTerm=1, entries=0, commitIndex=29} to 3
02:53:21.207 [raft-server-1] TRACE i.a.p.raft.roles.LeaderAppender - RaftServer{1} - Received AppendResponse{status=OK, term=1, succeeded=true, lastLogIndex=29} from 2
02:53:21.207 [raft-server-1] TRACE i.a.p.raft.roles.LeaderAppender - RaftServer{1} - Sending AppendRequest{term=1, leader=1, prevLogIndex=29, prevLogTerm=1, entries=0, commitIndex=29} to 2
02:53:21.207 [raft-server-2] TRACE i.a.p.raft.roles.FollowerRole - RaftServer{2}{role=FOLLOWER} - Received AppendRequest{term=1, leader=1, prevLogIndex=29, prevLogTerm=1, entries=0, commitIndex=29}
02:53:21.207 [raft-server-3] TRACE i.a.p.raft.roles.FollowerRole - RaftServer{3}{role=FOLLOWER} - Received AppendRequest{term=1, leader=1, prevLogIndex=29, prevLogTerm=1, entries=0, commitIndex=29}
02:53:21.207 [raft-server-1-state] TRACE i.a.p.raft.impl.RaftServiceManager - RaftServer{1} - Applying Indexed{index=29, entry=CommandEntry{term=1, timestamp=2018-06-09 02:53:21,058, session=2, sequence=22, operation=PrimitiveOperation{id=DefaultOperationId{id=write, type=COMMAND}, value=byte[]{length=17, hash=-1644578928}}}}
02:53:21.207 [raft-server-1-state] TRACE i.a.p.s.impl.DefaultServiceExecutor - PrimitiveService{2}{type=io.atomix.protocols.raft.RaftTest$TestPrimitiveType@45397ff4, name=raft-test} - Executing DefaultCommit{index=29, session=RaftSession{RaftServiceContext{server=1, type=io.atomix.protocols.raft.RaftTest$TestPrimitiveType@45397ff4, name=raft-test, id=2}, session=2, timestamp=2018-06-09 02:53:21,058}, time=2018-06-09 02:53:21,058, operation=DefaultOperationId{id=write, type=COMMAND}, value=byte[]{length=17, hash=-1644578928}}
02:53:21.207 [raft-server-1-state] TRACE i.a.protocols.raft.roles.LeaderRole - RaftServer{1}{role=LEADER} - Sending CommandResponse{status=OK, index=29, eventIndex=2, result=byte[]{length=2, hash=1298}}
02:53:21.207 [raft-client-02319fd7-5003-4fac-b562-689b946eac2b-0] TRACE i.a.p.r.p.impl.RaftProxyConnection - ProxySession{2}{type=io.atomix.protocols.raft.RaftTest$TestPrimitiveType@35bfa1bb, name=raft-test} - Received CommandResponse{status=OK, index=29, eventIndex=2, result=byte[]{length=2, hash=1298}} from 1
02:53:21.207 [raft-client-02319fd7-5003-4fac-b562-689b946eac2b-0] TRACE i.a.p.r.p.impl.RaftProxySequencer - ProxySession{2}{type=io.atomix.protocols.raft.RaftTest$TestPrimitiveType@35bfa1bb, name=raft-test} - Completing response CommandResponse{status=OK, index=29, eventIndex=2, result=byte[]{length=2, hash=1298}}
02:53:21.208 [raft-client-02319fd7-5003-4fac-b562-689b946eac2b-7] TRACE i.a.p.r.p.impl.RaftProxyConnection - ProxySession{2}{type=io.atomix.protocols.raft.RaftTest$TestPrimitiveType@35bfa1bb, name=raft-test} - Sending CommandRequest{session=2, sequence=23, operation=PrimitiveOperation{id=DefaultOperationId{id=write, type=COMMAND}, value=byte[]{length=17, hash=-1644578928}}} to 1
02:53:21.208 [raft-server-1] TRACE i.a.protocols.raft.roles.LeaderRole - RaftServer{1}{role=LEADER} - Received CommandRequest{session=2, sequence=23, operation=PrimitiveOperation{id=DefaultOperationId{id=write, type=COMMAND}, value=byte[]{length=17, hash=-1644578928}}}
02:53:21.208 [raft-server-1] TRACE i.a.protocols.raft.roles.LeaderRole - RaftServer{1}{role=LEADER} - Appended Indexed{index=30, entry=CommandEntry{term=1, timestamp=2018-06-09 02:53:21,208, session=2, sequence=23, operation=PrimitiveOperation{id=DefaultOperationId{id=write, type=COMMAND}, value=byte[]{length=17, hash=-1644578928}}}}
02:53:21.265 [raft-server-2] TRACE i.a.p.raft.roles.FollowerRole - RaftServer{2}{role=FOLLOWER} - Committed entries up to index 29
02:53:21.265 [raft-server-3] TRACE i.a.p.raft.roles.FollowerRole - RaftServer{3}{role=FOLLOWER} - Committed entries up to index 29
02:53:21.265 [raft-server-2] TRACE i.a.p.raft.roles.FollowerRole - RaftServer{2}{role=FOLLOWER} - Sending AppendResponse{status=OK, term=1, succeeded=true, lastLogIndex=29}
02:53:21.265 [raft-server-3] TRACE i.a.p.raft.roles.FollowerRole - RaftServer{3}{role=FOLLOWER} - Sending AppendResponse{status=OK, term=1, succeeded=true, lastLogIndex=29}
02:53:21.265 [raft-server-1] TRACE i.a.p.raft.roles.LeaderAppender - RaftServer{1} - Received AppendResponse{status=OK, term=1, succeeded=true, lastLogIndex=29} from 2
02:53:21.265 [raft-server-3-state] TRACE i.a.p.raft.impl.RaftServiceManager - RaftServer{3} - Applying Indexed{index=29, entry=CommandEntry{term=1, timestamp=2018-06-09 02:53:21,058, session=2, sequence=22, operation=PrimitiveOperation{id=DefaultOperationId{id=write, type=COMMAND}, value=byte[]{length=17, hash=-1644578928}}}}
02:53:21.265 [raft-server-2-state] TRACE i.a.p.raft.impl.RaftServiceManager - RaftServer{2} - Applying Indexed{index=29, entry=CommandEntry{term=1, timestamp=2018-06-09 02:53:21,058, session=2, sequence=22, operation=PrimitiveOperation{id=DefaultOperationId{id=write, type=COMMAND}, value=byte[]{length=17, hash=-1644578928}}}}
02:53:21.265 [raft-server-3-state] TRACE i.a.p.s.impl.DefaultServiceExecutor - PrimitiveService{2}{type=io.atomix.protocols.raft.RaftTest$TestPrimitiveType@30e8e4fb, name=raft-test} - Executing DefaultCommit{index=29, session=RaftSession{RaftServiceContext{server=3, type=io.atomix.protocols.raft.RaftTest$TestPrimitiveType@30e8e4fb, name=raft-test, id=2}, session=2, timestamp=2018-06-09 02:53:21,058}, time=2018-06-09 02:53:21,058, operation=DefaultOperationId{id=write, type=COMMAND}, value=byte[]{length=17, hash=-1644578928}}
02:53:21.265 [raft-server-2-state] TRACE i.a.p.s.impl.DefaultServiceExecutor - PrimitiveService{2}{type=io.atomix.protocols.raft.RaftTest$TestPrimitiveType@1c47fd5, name=raft-test} - Executing DefaultCommit{index=29, session=RaftSession{RaftServiceContext{server=2, type=io.atomix.protocols.raft.RaftTest$TestPrimitiveType@1c47fd5, name=raft-test, id=2}, session=2, timestamp=2018-06-09 02:53:21,058}, time=2018-06-09 02:53:21,058, operation=DefaultOperationId{id=write, type=COMMAND}, value=byte[]{length=17, hash=-1644578928}}
02:53:21.265 [raft-server-1] TRACE i.a.p.raft.roles.LeaderAppender - RaftServer{1} - Sending AppendRequest{term=1, leader=1, prevLogIndex=29, prevLogTerm=1, entries=1, commitIndex=29} to 2
02:53:21.266 [raft-server-2] TRACE i.a.p.raft.roles.FollowerRole - RaftServer{2}{role=FOLLOWER} - Received AppendRequest{term=1, leader=1, prevLogIndex=29, prevLogTerm=1, entries=1, commitIndex=29}
02:53:21.266 [raft-server-1] TRACE i.a.p.raft.roles.LeaderAppender - RaftServer{1} - Received AppendResponse{status=OK, term=1, succeeded=true, lastLogIndex=29} from 3
02:53:21.266 [raft-server-1] TRACE i.a.p.raft.roles.LeaderAppender - RaftServer{1} - Sending AppendRequest{term=1, leader=1, prevLogIndex=29, prevLogTerm=1, entries=1, commitIndex=29} to 3
02:53:21.266 [raft-server-2] TRACE i.a.p.raft.roles.FollowerRole - RaftServer{2}{role=FOLLOWER} - Appended Indexed{index=30, entry=CommandEntry{term=1, timestamp=2018-06-09 02:53:21,208, session=2, sequence=23, operation=PrimitiveOperation{id=DefaultOperationId{id=write, type=COMMAND}, value=byte[]{length=17, hash=-1644578928}}}}
02:53:21.266 [raft-server-3] TRACE i.a.p.raft.roles.FollowerRole - RaftServer{3}{role=FOLLOWER} - Received AppendRequest{term=1, leader=1, prevLogIndex=29, prevLogTerm=1, entries=1, commitIndex=29}
02:53:21.266 [raft-server-2] TRACE i.a.p.raft.roles.FollowerRole - RaftServer{2}{role=FOLLOWER} - Sending AppendResponse{status=OK, term=1, succeeded=true, lastLogIndex=30}
02:53:21.266 [raft-server-1] TRACE i.a.p.raft.roles.LeaderAppender - RaftServer{1} - Received AppendResponse{status=OK, term=1, succeeded=true, lastLogIndex=30} from 2
02:53:21.266 [raft-server-1] TRACE i.a.p.raft.roles.LeaderAppender - RaftServer{1} - Committed entries up to 30
02:53:21.266 [raft-server-3] TRACE i.a.p.raft.roles.FollowerRole - RaftServer{3}{role=FOLLOWER} - Appended Indexed{index=30, entry=CommandEntry{term=1, timestamp=2018-06-09 02:53:21,208, session=2, sequence=23, operation=PrimitiveOperation{id=DefaultOperationId{id=write, type=COMMAND}, value=byte[]{length=17, hash=-1644578928}}}}
02:53:21.266 [raft-server-3] TRACE i.a.p.raft.roles.FollowerRole - RaftServer{3}{role=FOLLOWER} - Sending AppendResponse{status=OK, term=1, succeeded=true, lastLogIndex=30}
02:53:21.407 [raft-server-1] TRACE i.a.p.raft.roles.LeaderAppender - RaftServer{1} - Received AppendResponse{status=OK, term=1, succeeded=true, lastLogIndex=30} from 3
02:53:21.407 [raft-server-1] TRACE i.a.p.raft.roles.LeaderAppender - RaftServer{1} - Sending AppendRequest{term=1, leader=1, prevLogIndex=30, prevLogTerm=1, entries=0, commitIndex=30} to 3
02:53:21.407 [raft-server-1] TRACE i.a.p.raft.roles.LeaderAppender - RaftServer{1} - Sending AppendRequest{term=1, leader=1, prevLogIndex=30, prevLogTerm=1, entries=0, commitIndex=30} to 2
02:53:21.407 [raft-server-3] TRACE i.a.p.raft.roles.FollowerRole - RaftServer{3}{role=FOLLOWER} - Received AppendRequest{term=1, leader=1, prevLogIndex=30, prevLogTerm=1, entries=0, commitIndex=30}
02:53:21.407 [raft-server-2] TRACE i.a.p.raft.roles.FollowerRole - RaftServer{2}{role=FOLLOWER} - Received AppendRequest{term=1, leader=1, prevLogIndex=30, prevLogTerm=1, entries=0, commitIndex=30}
02:53:21.407 [raft-server-1-state] TRACE i.a.p.raft.impl.RaftServiceManager - RaftServer{1} - Applying Indexed{index=30, entry=CommandEntry{term=1, timestamp=2018-06-09 02:53:21,208, session=2, sequence=23, operation=PrimitiveOperation{id=DefaultOperationId{id=write, type=COMMAND}, value=byte[]{length=17, hash=-1644578928}}}}
02:53:21.407 [raft-server-1-state] TRACE i.a.p.s.impl.DefaultServiceExecutor - PrimitiveService{2}{type=io.atomix.protocols.raft.RaftTest$TestPrimitiveType@45397ff4, name=raft-test} - Executing DefaultCommit{index=30, session=RaftSession{RaftServiceContext{server=1, type=io.atomix.protocols.raft.RaftTest$TestPrimitiveType@45397ff4, name=raft-test, id=2}, session=2, timestamp=2018-06-09 02:53:21,208}, time=2018-06-09 02:53:21,208, operation=DefaultOperationId{id=write, type=COMMAND}, value=byte[]{length=17, hash=-1644578928}}
02:53:21.407 [raft-server-1-state] TRACE i.a.protocols.raft.roles.LeaderRole - RaftServer{1}{role=LEADER} - Sending CommandResponse{status=OK, index=30, eventIndex=2, result=byte[]{length=2, hash=1300}}
02:53:21.407 [raft-client-02319fd7-5003-4fac-b562-689b946eac2b-3] TRACE i.a.p.r.p.impl.RaftProxyConnection - ProxySession{2}{type=io.atomix.protocols.raft.RaftTest$TestPrimitiveType@35bfa1bb, name=raft-test} - Received CommandResponse{status=OK, index=30, eventIndex=2, result=byte[]{length=2, hash=1300}} from 1
02:53:21.407 [raft-client-02319fd7-5003-4fac-b562-689b946eac2b-3] TRACE i.a.p.r.p.impl.RaftProxySequencer - ProxySession{2}{type=io.atomix.protocols.raft.RaftTest$TestPrimitiveType@35bfa1bb, name=raft-test} - Completing response CommandResponse{status=OK, index=30, eventIndex=2, result=byte[]{length=2, hash=1300}}
02:53:21.408 [raft-client-02319fd7-5003-4fac-b562-689b946eac2b-6] TRACE i.a.p.r.p.impl.RaftProxyConnection - ProxySession{2}{type=io.atomix.protocols.raft.RaftTest$TestPrimitiveType@35bfa1bb, name=raft-test} - Sending CommandRequest{session=2, sequence=24, operation=PrimitiveOperation{id=DefaultOperationId{id=write, type=COMMAND}, value=byte[]{length=17, hash=-1644578928}}} to 1
02:53:21.408 [raft-server-1] TRACE i.a.protocols.raft.roles.LeaderRole - RaftServer{1}{role=LEADER} - Received CommandRequest{session=2, sequence=24, operation=PrimitiveOperation{id=DefaultOperationId{id=write, type=COMMAND}, value=byte[]{length=17, hash=-1644578928}}}
02:53:21.481 [raft-server-2] TRACE i.a.p.raft.roles.FollowerRole - RaftServer{2}{role=FOLLOWER} - Committed entries up to index 30
02:53:21.482 [raft-server-2] TRACE i.a.p.raft.roles.FollowerRole - RaftServer{2}{role=FOLLOWER} - Sending AppendResponse{status=OK, term=1, succeeded=true, lastLogIndex=30}
02:53:21.482 [raft-server-2-state] TRACE i.a.p.raft.impl.RaftServiceManager - RaftServer{2} - Applying Indexed{index=30, entry=CommandEntry{term=1, timestamp=2018-06-09 02:53:21,208, session=2, sequence=23, operation=PrimitiveOperation{id=DefaultOperationId{id=write, type=COMMAND}, value=byte[]{length=17, hash=-1644578928}}}}
02:53:21.482 [raft-server-2-state] TRACE i.a.p.s.impl.DefaultServiceExecutor - PrimitiveService{2}{type=io.atomix.protocols.raft.RaftTest$TestPrimitiveType@1c47fd5, name=raft-test} - Executing DefaultCommit{index=30, session=RaftSession{RaftServiceContext{server=2, type=io.atomix.protocols.raft.RaftTest$TestPrimitiveType@1c47fd5, name=raft-test, id=2}, session=2, timestamp=2018-06-09 02:53:21,208}, time=2018-06-09 02:53:21,208, operation=DefaultOperationId{id=write, type=COMMAND}, value=byte[]{length=17, hash=-1644578928}}
02:53:21.567 [raft-server-3] TRACE i.a.p.raft.roles.FollowerRole - RaftServer{3}{role=FOLLOWER} - Committed entries up to index 30
02:53:21.567 [raft-server-3] TRACE i.a.p.raft.roles.FollowerRole - RaftServer{3}{role=FOLLOWER} - Sending AppendResponse{status=OK, term=1, succeeded=true, lastLogIndex=30}
02:53:21.567 [raft-server-3-state] TRACE i.a.p.raft.impl.RaftServiceManager - RaftServer{3} - Applying Indexed{index=30, entry=CommandEntry{term=1, timestamp=2018-06-09 02:53:21,208, session=2, sequence=23, operation=PrimitiveOperation{id=DefaultOperationId{id=write, type=COMMAND}, value=byte[]{length=17, hash=-1644578928}}}}
02:53:21.567 [raft-server-3-state] TRACE i.a.p.s.impl.DefaultServiceExecutor - PrimitiveService{2}{type=io.atomix.protocols.raft.RaftTest$TestPrimitiveType@30e8e4fb, name=raft-test} - Executing DefaultCommit{index=30, session=RaftSession{RaftServiceContext{server=3, type=io.atomix.protocols.raft.RaftTest$TestPrimitiveType@30e8e4fb, name=raft-test, id=2}, session=2, timestamp=2018-06-09 02:53:21,208}, time=2018-06-09 02:53:21,208, operation=DefaultOperationId{id=write, type=COMMAND}, value=byte[]{length=17, hash=-1644578928}}
02:53:21.662 [raft-server-1] DEBUG i.a.storage.journal.SegmentedJournal - Created disk segment: JournalSegment{id=4, version=1, index=31, size=64}
02:53:21.663 [raft-server-1] TRACE i.a.protocols.raft.roles.LeaderRole - RaftServer{1}{role=LEADER} - Appended Indexed{index=31, entry=CommandEntry{term=1, timestamp=2018-06-09 02:53:21,408, session=2, sequence=24, operation=PrimitiveOperation{id=DefaultOperationId{id=write, type=COMMAND}, value=byte[]{length=17, hash=-1644578928}}}}
02:53:21.663 [raft-server-1] TRACE i.a.p.raft.roles.LeaderAppender - RaftServer{1} - Received AppendResponse{status=OK, term=1, succeeded=true, lastLogIndex=30} from 2
02:53:21.663 [raft-server-1] TRACE i.a.p.raft.roles.LeaderAppender - RaftServer{1} - Sending AppendRequest{term=1, leader=1, prevLogIndex=30, prevLogTerm=1, entries=1, commitIndex=30} to 2
02:53:21.663 [raft-server-2] TRACE i.a.p.raft.roles.FollowerRole - RaftServer{2}{role=FOLLOWER} - Received AppendRequest{term=1, leader=1, prevLogIndex=30, prevLogTerm=1, entries=1, commitIndex=30}
02:53:21.663 [raft-server-1] TRACE i.a.p.raft.roles.LeaderAppender - RaftServer{1} - Sending AppendRequest{term=1, leader=1, prevLogIndex=30, prevLogTerm=1, entries=1, commitIndex=30} to 3
02:53:21.663 [raft-server-1] TRACE i.a.p.raft.roles.LeaderAppender - RaftServer{1} - Received AppendResponse{status=OK, term=1, succeeded=true, lastLogIndex=30} from 3
02:53:21.663 [raft-server-3] TRACE i.a.p.raft.roles.FollowerRole - RaftServer{3}{role=FOLLOWER} - Received AppendRequest{term=1, leader=1, prevLogIndex=30, prevLogTerm=1, entries=1, commitIndex=30}
02:53:21.812 [raft-server-2] DEBUG i.a.storage.journal.SegmentedJournal - Created disk segment: JournalSegment{id=4, version=1, index=31, size=64}
02:53:21.813 [raft-server-2] TRACE i.a.p.raft.roles.FollowerRole - RaftServer{2}{role=FOLLOWER} - Appended Indexed{index=31, entry=CommandEntry{term=1, timestamp=2018-06-09 02:53:21,408, session=2, sequence=24, operation=PrimitiveOperation{id=DefaultOperationId{id=write, type=COMMAND}, value=byte[]{length=17, hash=-1644578928}}}}
02:53:21.813 [raft-server-2] TRACE i.a.p.raft.roles.FollowerRole - RaftServer{2}{role=FOLLOWER} - Sending AppendResponse{status=OK, term=1, succeeded=true, lastLogIndex=31}
02:53:21.813 [raft-server-1] TRACE i.a.p.raft.roles.LeaderAppender - RaftServer{1} - Received AppendResponse{status=OK, term=1, succeeded=true, lastLogIndex=31} from 2
02:53:21.813 [raft-server-1] TRACE i.a.p.raft.roles.LeaderAppender - RaftServer{1} - Committed entries up to 31
02:53:21.846 [raft-server-3] DEBUG i.a.storage.journal.SegmentedJournal - Created disk segment: JournalSegment{id=4, version=1, index=31, size=64}
02:53:21.846 [raft-server-3] TRACE i.a.p.raft.roles.FollowerRole - RaftServer{3}{role=FOLLOWER} - Appended Indexed{index=31, entry=CommandEntry{term=1, timestamp=2018-06-09 02:53:21,408, session=2, sequence=24, operation=PrimitiveOperation{id=DefaultOperationId{id=write, type=COMMAND}, value=byte[]{length=17, hash=-1644578928}}}}
02:53:21.846 [raft-server-3] TRACE i.a.p.raft.roles.FollowerRole - RaftServer{3}{role=FOLLOWER} - Sending AppendResponse{status=OK, term=1, succeeded=true, lastLogIndex=31}
02:53:21.873 [raft-server-1] TRACE i.a.p.raft.roles.LeaderAppender - RaftServer{1} - Sending AppendRequest{term=1, leader=1, prevLogIndex=31, prevLogTerm=1, entries=0, commitIndex=31} to 2
02:53:21.873 [raft-server-1] TRACE i.a.p.raft.roles.LeaderAppender - RaftServer{1} - Received AppendResponse{status=OK, term=1, succeeded=true, lastLogIndex=31} from 3
02:53:21.873 [raft-server-2] TRACE i.a.p.raft.roles.FollowerRole - RaftServer{2}{role=FOLLOWER} - Received AppendRequest{term=1, leader=1, prevLogIndex=31, prevLogTerm=1, entries=0, commitIndex=31}
02:53:21.873 [raft-server-1] TRACE i.a.p.raft.roles.LeaderAppender - RaftServer{1} - Sending AppendRequest{term=1, leader=1, prevLogIndex=31, prevLogTerm=1, entries=0, commitIndex=31} to 3
02:53:21.874 [raft-server-3] TRACE i.a.p.raft.roles.FollowerRole - RaftServer{3}{role=FOLLOWER} - Received AppendRequest{term=1, leader=1, prevLogIndex=31, prevLogTerm=1, entries=0, commitIndex=31}
02:53:21.874 [raft-server-1-state] TRACE i.a.p.raft.impl.RaftServiceManager - RaftServer{1} - Applying Indexed{index=31, entry=CommandEntry{term=1, timestamp=2018-06-09 02:53:21,408, session=2, sequence=24, operation=PrimitiveOperation{id=DefaultOperationId{id=write, type=COMMAND}, value=byte[]{length=17, hash=-1644578928}}}}
02:53:21.874 [raft-server-1-state] TRACE i.a.p.s.impl.DefaultServiceExecutor - PrimitiveService{2}{type=io.atomix.protocols.raft.RaftTest$TestPrimitiveType@45397ff4, name=raft-test} - Executing DefaultCommit{index=31, session=RaftSession{RaftServiceContext{server=1, type=io.atomix.protocols.raft.RaftTest$TestPrimitiveType@45397ff4, name=raft-test, id=2}, session=2, timestamp=2018-06-09 02:53:21,408}, time=2018-06-09 02:53:21,408, operation=DefaultOperationId{id=write, type=COMMAND}, value=byte[]{length=17, hash=-1644578928}}
02:53:21.874 [raft-server-1-state] TRACE i.a.protocols.raft.roles.LeaderRole - RaftServer{1}{role=LEADER} - Sending CommandResponse{status=OK, index=31, eventIndex=2, result=byte[]{length=2, hash=1302}}
02:53:21.874 [raft-client-02319fd7-5003-4fac-b562-689b946eac2b-1] TRACE i.a.p.r.p.impl.RaftProxyConnection - ProxySession{2}{type=io.atomix.protocols.raft.RaftTest$TestPrimitiveType@35bfa1bb, name=raft-test} - Received CommandResponse{status=OK, index=31, eventIndex=2, result=byte[]{length=2, hash=1302}} from 1
02:53:21.874 [raft-client-02319fd7-5003-4fac-b562-689b946eac2b-1] TRACE i.a.p.r.p.impl.RaftProxySequencer - ProxySession{2}{type=io.atomix.protocols.raft.RaftTest$TestPrimitiveType@35bfa1bb, name=raft-test} - Completing response CommandResponse{status=OK, index=31, eventIndex=2, result=byte[]{length=2, hash=1302}}
02:53:21.874 [raft-client-02319fd7-5003-4fac-b562-689b946eac2b-4] TRACE i.a.p.r.p.impl.RaftProxyConnection - ProxySession{2}{type=io.atomix.protocols.raft.RaftTest$TestPrimitiveType@35bfa1bb, name=raft-test} - Sending CommandRequest{session=2, sequence=25, operation=PrimitiveOperation{id=DefaultOperationId{id=write, type=COMMAND}, value=byte[]{length=17, hash=-1644578928}}} to 1
02:53:21.875 [raft-server-1] TRACE i.a.protocols.raft.roles.LeaderRole - RaftServer{1}{role=LEADER} - Received CommandRequest{session=2, sequence=25, operation=PrimitiveOperation{id=DefaultOperationId{id=write, type=COMMAND}, value=byte[]{length=17, hash=-1644578928}}}
02:53:21.875 [raft-server-1] TRACE i.a.protocols.raft.roles.LeaderRole - RaftServer{1}{role=LEADER} - Appended Indexed{index=32, entry=CommandEntry{term=1, timestamp=2018-06-09 02:53:21,875, session=2, sequence=25, operation=PrimitiveOperation{id=DefaultOperationId{id=write, type=COMMAND}, value=byte[]{length=17, hash=-1644578928}}}}
02:53:21.923 [raft-server-3] TRACE i.a.p.raft.roles.FollowerRole - RaftServer{3}{role=FOLLOWER} - Committed entries up to index 31
02:53:21.923 [raft-server-2] TRACE i.a.p.raft.roles.FollowerRole - RaftServer{2}{role=FOLLOWER} - Committed entries up to index 31
02:53:21.923 [raft-server-3] TRACE i.a.p.raft.roles.FollowerRole - RaftServer{3}{role=FOLLOWER} - Sending AppendResponse{status=OK, term=1, succeeded=true, lastLogIndex=31}
02:53:21.923 [raft-server-2] TRACE i.a.p.raft.roles.FollowerRole - RaftServer{2}{role=FOLLOWER} - Sending AppendResponse{status=OK, term=1, succeeded=true, lastLogIndex=31}
02:53:21.923 [raft-server-1] TRACE i.a.p.raft.roles.LeaderAppender - RaftServer{1} - Received AppendResponse{status=OK, term=1, succeeded=true, lastLogIndex=31} from 3
02:53:21.923 [raft-server-1] TRACE i.a.p.raft.roles.LeaderAppender - RaftServer{1} - Sending AppendRequest{term=1, leader=1, prevLogIndex=31, prevLogTerm=1, entries=1, commitIndex=31} to 3
02:53:21.923 [raft-server-2-state] TRACE i.a.p.raft.impl.RaftServiceManager - RaftServer{2} - Applying Indexed{index=31, entry=CommandEntry{term=1, timestamp=2018-06-09 02:53:21,408, session=2, sequence=24, operation=PrimitiveOperation{id=DefaultOperationId{id=write, type=COMMAND}, value=byte[]{length=17, hash=-1644578928}}}}
02:53:21.923 [raft-server-3-state] TRACE i.a.p.raft.impl.RaftServiceManager - RaftServer{3} - Applying Indexed{index=31, entry=CommandEntry{term=1, timestamp=2018-06-09 02:53:21,408, session=2, sequence=24, operation=PrimitiveOperation{id=DefaultOperationId{id=write, type=COMMAND}, value=byte[]{length=17, hash=-1644578928}}}}
02:53:21.923 [raft-server-3] TRACE i.a.p.raft.roles.FollowerRole - RaftServer{3}{role=FOLLOWER} - Received AppendRequest{term=1, leader=1, prevLogIndex=31, prevLogTerm=1, entries=1, commitIndex=31}
02:53:21.923 [raft-server-1] TRACE i.a.p.raft.roles.LeaderAppender - RaftServer{1} - Sending AppendRequest{term=1, leader=1, prevLogIndex=31, prevLogTerm=1, entries=1, commitIndex=31} to 2
02:53:21.924 [raft-server-2-state] TRACE i.a.p.s.impl.DefaultServiceExecutor - PrimitiveService{2}{type=io.atomix.protocols.raft.RaftTest$TestPrimitiveType@1c47fd5, name=raft-test} - Executing DefaultCommit{index=31, session=RaftSession{RaftServiceContext{server=2, type=io.atomix.protocols.raft.RaftTest$TestPrimitiveType@1c47fd5, name=raft-test, id=2}, session=2, timestamp=2018-06-09 02:53:21,408}, time=2018-06-09 02:53:21,408, operation=DefaultOperationId{id=write, type=COMMAND}, value=byte[]{length=17, hash=-1644578928}}
02:53:21.924 [raft-server-3-state] TRACE i.a.p.s.impl.DefaultServiceExecutor - PrimitiveService{2}{type=io.atomix.protocols.raft.RaftTest$TestPrimitiveType@30e8e4fb, name=raft-test} - Executing DefaultCommit{index=31, session=RaftSession{RaftServiceContext{server=3, type=io.atomix.protocols.raft.RaftTest$TestPrimitiveType@30e8e4fb, name=raft-test, id=2}, session=2, timestamp=2018-06-09 02:53:21,408}, time=2018-06-09 02:53:21,408, operation=DefaultOperationId{id=write, type=COMMAND}, value=byte[]{length=17, hash=-1644578928}}
02:53:21.924 [raft-server-1] TRACE i.a.p.raft.roles.LeaderAppender - RaftServer{1} - Received AppendResponse{status=OK, term=1, succeeded=true, lastLogIndex=31} from 2
02:53:21.924 [raft-server-3] TRACE i.a.p.raft.roles.FollowerRole - RaftServer{3}{role=FOLLOWER} - Appended Indexed{index=32, entry=CommandEntry{term=1, timestamp=2018-06-09 02:53:21,875, session=2, sequence=25, operation=PrimitiveOperation{id=DefaultOperationId{id=write, type=COMMAND}, value=byte[]{length=17, hash=-1644578928}}}}
02:53:21.924 [raft-server-2] TRACE i.a.p.raft.roles.FollowerRole - RaftServer{2}{role=FOLLOWER} - Received AppendRequest{term=1, leader=1, prevLogIndex=31, prevLogTerm=1, entries=1, commitIndex=31}
02:53:21.924 [raft-server-3] TRACE i.a.p.raft.roles.FollowerRole - RaftServer{3}{role=FOLLOWER} - Sending AppendResponse{status=OK, term=1, succeeded=true, lastLogIndex=32}
02:53:21.924 [raft-server-1] TRACE i.a.p.raft.roles.LeaderAppender - RaftServer{1} - Received AppendResponse{status=OK, term=1, succeeded=true, lastLogIndex=32} from 3
02:53:21.924 [raft-server-1] TRACE i.a.p.raft.roles.LeaderAppender - RaftServer{1} - Committed entries up to 32
02:53:21.924 [raft-server-2] TRACE i.a.p.raft.roles.FollowerRole - RaftServer{2}{role=FOLLOWER} - Appended Indexed{index=32, entry=CommandEntry{term=1, timestamp=2018-06-09 02:53:21,875, session=2, sequence=25, operation=PrimitiveOperation{id=DefaultOperationId{id=write, type=COMMAND}, value=byte[]{length=17, hash=-1644578928}}}}
02:53:21.924 [raft-server-2] TRACE i.a.p.raft.roles.FollowerRole - RaftServer{2}{role=FOLLOWER} - Sending AppendResponse{status=OK, term=1, succeeded=true, lastLogIndex=32}
02:53:21.971 [raft-server-1] TRACE i.a.p.raft.roles.LeaderAppender - RaftServer{1} - Received AppendResponse{status=OK, term=1, succeeded=true, lastLogIndex=32} from 2
02:53:21.971 [raft-server-1-state] TRACE i.a.p.raft.impl.RaftServiceManager - RaftServer{1} - Applying Indexed{index=32, entry=CommandEntry{term=1, timestamp=2018-06-09 02:53:21,875, session=2, sequence=25, operation=PrimitiveOperation{id=DefaultOperationId{id=write, type=COMMAND}, value=byte[]{length=17, hash=-1644578928}}}}
02:53:21.971 [raft-server-1-state] TRACE i.a.p.s.impl.DefaultServiceExecutor - PrimitiveService{2}{type=io.atomix.protocols.raft.RaftTest$TestPrimitiveType@45397ff4, name=raft-test} - Executing DefaultCommit{index=32, session=RaftSession{RaftServiceContext{server=1, type=io.atomix.protocols.raft.RaftTest$TestPrimitiveType@45397ff4, name=raft-test, id=2}, session=2, timestamp=2018-06-09 02:53:21,875}, time=2018-06-09 02:53:21,875, operation=DefaultOperationId{id=write, type=COMMAND}, value=byte[]{length=17, hash=-1644578928}}
02:53:21.971 [raft-server-1-state] TRACE i.a.protocols.raft.roles.LeaderRole - RaftServer{1}{role=LEADER} - Sending CommandResponse{status=OK, index=32, eventIndex=2, result=byte[]{length=2, hash=1304}}
02:53:21.971 [raft-client-02319fd7-5003-4fac-b562-689b946eac2b-0] TRACE i.a.p.r.p.impl.RaftProxyConnection - ProxySession{2}{type=io.atomix.protocols.raft.RaftTest$TestPrimitiveType@35bfa1bb, name=raft-test} - Received CommandResponse{status=OK, index=32, eventIndex=2, result=byte[]{length=2, hash=1304}} from 1
02:53:21.971 [raft-client-02319fd7-5003-4fac-b562-689b946eac2b-0] TRACE i.a.p.r.p.impl.RaftProxySequencer - ProxySession{2}{type=io.atomix.protocols.raft.RaftTest$TestPrimitiveType@35bfa1bb, name=raft-test} - Completing response CommandResponse{status=OK, index=32, eventIndex=2, result=byte[]{length=2, hash=1304}}
02:53:21.972 [raft-client-02319fd7-5003-4fac-b562-689b946eac2b-0] TRACE i.a.p.r.p.impl.RaftProxyConnection - ProxySession{2}{type=io.atomix.protocols.raft.RaftTest$TestPrimitiveType@35bfa1bb, name=raft-test} - Sending CommandRequest{session=2, sequence=26, operation=PrimitiveOperation{id=DefaultOperationId{id=write, type=COMMAND}, value=byte[]{length=17, hash=-1644578928}}} to 1
02:53:21.972 [raft-server-1] TRACE i.a.protocols.raft.roles.LeaderRole - RaftServer{1}{role=LEADER} - Received CommandRequest{session=2, sequence=26, operation=PrimitiveOperation{id=DefaultOperationId{id=write, type=COMMAND}, value=byte[]{length=17, hash=-1644578928}}}
02:53:21.972 [raft-server-1] TRACE i.a.protocols.raft.roles.LeaderRole - RaftServer{1}{role=LEADER} - Appended Indexed{index=33, entry=CommandEntry{term=1, timestamp=2018-06-09 02:53:21,972, session=2, sequence=26, operation=PrimitiveOperation{id=DefaultOperationId{id=write, type=COMMAND}, value=byte[]{length=17, hash=-1644578928}}}}
02:53:21.972 [raft-server-1] TRACE i.a.p.raft.roles.LeaderAppender - RaftServer{1} - Sending AppendRequest{term=1, leader=1, prevLogIndex=32, prevLogTerm=1, entries=1, commitIndex=32} to 3
02:53:21.972 [raft-server-1] TRACE i.a.p.raft.roles.LeaderAppender - RaftServer{1} - Sending AppendRequest{term=1, leader=1, prevLogIndex=32, prevLogTerm=1, entries=1, commitIndex=32} to 2
02:53:21.972 [raft-server-3] TRACE i.a.p.raft.roles.FollowerRole - RaftServer{3}{role=FOLLOWER} - Received AppendRequest{term=1, leader=1, prevLogIndex=32, prevLogTerm=1, entries=1, commitIndex=32}
02:53:21.972 [raft-server-2] TRACE i.a.p.raft.roles.FollowerRole - RaftServer{2}{role=FOLLOWER} - Received AppendRequest{term=1, leader=1, prevLogIndex=32, prevLogTerm=1, entries=1, commitIndex=32}
02:53:21.972 [raft-server-3] TRACE i.a.p.raft.roles.FollowerRole - RaftServer{3}{role=FOLLOWER} - Appended Indexed{index=33, entry=CommandEntry{term=1, timestamp=2018-06-09 02:53:21,972, session=2, sequence=26, operation=PrimitiveOperation{id=DefaultOperationId{id=write, type=COMMAND}, value=byte[]{length=17, hash=-1644578928}}}}
02:53:21.972 [raft-server-2] TRACE i.a.p.raft.roles.FollowerRole - RaftServer{2}{role=FOLLOWER} - Appended Indexed{index=33, entry=CommandEntry{term=1, timestamp=2018-06-09 02:53:21,972, session=2, sequence=26, operation=PrimitiveOperation{id=DefaultOperationId{id=write, type=COMMAND}, value=byte[]{length=17, hash=-1644578928}}}}
02:53:22.021 [raft-server-3] TRACE i.a.p.raft.roles.FollowerRole - RaftServer{3}{role=FOLLOWER} - Committed entries up to index 32
02:53:22.021 [raft-server-3] TRACE i.a.p.raft.roles.FollowerRole - RaftServer{3}{role=FOLLOWER} - Sending AppendResponse{status=OK, term=1, succeeded=true, lastLogIndex=33}
02:53:22.021 [raft-server-2] TRACE i.a.p.raft.roles.FollowerRole - RaftServer{2}{role=FOLLOWER} - Committed entries up to index 32
02:53:22.021 [raft-server-2] TRACE i.a.p.raft.roles.FollowerRole - RaftServer{2}{role=FOLLOWER} - Sending AppendResponse{status=OK, term=1, succeeded=true, lastLogIndex=33}
02:53:22.021 [raft-server-3-state] TRACE i.a.p.raft.impl.RaftServiceManager - RaftServer{3} - Applying Indexed{index=32, entry=CommandEntry{term=1, timestamp=2018-06-09 02:53:21,875, session=2, sequence=25, operation=PrimitiveOperation{id=DefaultOperationId{id=write, type=COMMAND}, value=byte[]{length=17, hash=-1644578928}}}}
02:53:22.021 [raft-server-2-state] TRACE i.a.p.raft.impl.RaftServiceManager - RaftServer{2} - Applying Indexed{index=32, entry=CommandEntry{term=1, timestamp=2018-06-09 02:53:21,875, session=2, sequence=25, operation=PrimitiveOperation{id=DefaultOperationId{id=write, type=COMMAND}, value=byte[]{length=17, hash=-1644578928}}}}
02:53:22.021 [raft-server-3-state] TRACE i.a.p.s.impl.DefaultServiceExecutor - PrimitiveService{2}{type=io.atomix.protocols.raft.RaftTest$TestPrimitiveType@30e8e4fb, name=raft-test} - Executing DefaultCommit{index=32, session=RaftSession{RaftServiceContext{server=3, type=io.atomix.protocols.raft.RaftTest$TestPrimitiveType@30e8e4fb, name=raft-test, id=2}, session=2, timestamp=2018-06-09 02:53:21,875}, time=2018-06-09 02:53:21,875, operation=DefaultOperationId{id=write, type=COMMAND}, value=byte[]{length=17, hash=-1644578928}}
02:53:22.021 [raft-server-2-state] TRACE i.a.p.s.impl.DefaultServiceExecutor - PrimitiveService{2}{type=io.atomix.protocols.raft.RaftTest$TestPrimitiveType@1c47fd5, name=raft-test} - Executing DefaultCommit{index=32, session=RaftSession{RaftServiceContext{server=2, type=io.atomix.protocols.raft.RaftTest$TestPrimitiveType@1c47fd5, name=raft-test, id=2}, session=2, timestamp=2018-06-09 02:53:21,875}, time=2018-06-09 02:53:21,875, operation=DefaultOperationId{id=write, type=COMMAND}, value=byte[]{length=17, hash=-1644578928}}
02:53:22.021 [raft-server-1] TRACE i.a.p.raft.roles.LeaderAppender - RaftServer{1} - Received AppendResponse{status=OK, term=1, succeeded=true, lastLogIndex=33} from 3
02:53:22.021 [raft-server-1] TRACE i.a.p.raft.roles.LeaderAppender - RaftServer{1} - Committed entries up to 33
02:53:22.057 [raft-server-1] TRACE i.a.p.raft.roles.LeaderAppender - RaftServer{1} - Received AppendResponse{status=OK, term=1, succeeded=true, lastLogIndex=33} from 2
02:53:22.057 [raft-server-1-state] TRACE i.a.p.raft.impl.RaftServiceManager - RaftServer{1} - Applying Indexed{index=33, entry=CommandEntry{term=1, timestamp=2018-06-09 02:53:21,972, session=2, sequence=26, operation=PrimitiveOperation{id=DefaultOperationId{id=write, type=COMMAND}, value=byte[]{length=17, hash=-1644578928}}}}
02:53:22.057 [raft-server-1-state] TRACE i.a.p.s.impl.DefaultServiceExecutor - PrimitiveService{2}{type=io.atomix.protocols.raft.RaftTest$TestPrimitiveType@45397ff4, name=raft-test} - Executing DefaultCommit{index=33, session=RaftSession{RaftServiceContext{server=1, type=io.atomix.protocols.raft.RaftTest$TestPrimitiveType@45397ff4, name=raft-test, id=2}, session=2, timestamp=2018-06-09 02:53:21,972}, time=2018-06-09 02:53:21,972, operation=DefaultOperationId{id=write, type=COMMAND}, value=byte[]{length=17, hash=-1644578928}}
02:53:22.057 [raft-server-1-state] TRACE i.a.protocols.raft.roles.LeaderRole - RaftServer{1}{role=LEADER} - Sending CommandResponse{status=OK, index=33, eventIndex=2, result=byte[]{length=2, hash=1306}}
02:53:22.057 [raft-client-02319fd7-5003-4fac-b562-689b946eac2b-3] TRACE i.a.p.r.p.impl.RaftProxyConnection - ProxySession{2}{type=io.atomix.protocols.raft.RaftTest$TestPrimitiveType@35bfa1bb, name=raft-test} - Received CommandResponse{status=OK, index=33, eventIndex=2, result=byte[]{length=2, hash=1306}} from 1
02:53:22.057 [raft-client-02319fd7-5003-4fac-b562-689b946eac2b-3] TRACE i.a.p.r.p.impl.RaftProxySequencer - ProxySession{2}{type=io.atomix.protocols.raft.RaftTest$TestPrimitiveType@35bfa1bb, name=raft-test} - Completing response CommandResponse{status=OK, index=33, eventIndex=2, result=byte[]{length=2, hash=1306}}
02:53:22.057 [raft-client-02319fd7-5003-4fac-b562-689b946eac2b-5] TRACE i.a.p.r.p.impl.RaftProxyConnection - ProxySession{2}{type=io.atomix.protocols.raft.RaftTest$TestPrimitiveType@35bfa1bb, name=raft-test} - Sending CommandRequest{session=2, sequence=27, operation=PrimitiveOperation{id=DefaultOperationId{id=write, type=COMMAND}, value=byte[]{length=17, hash=-1644578928}}} to 1
02:53:22.057 [raft-server-1] TRACE i.a.protocols.raft.roles.LeaderRole - RaftServer{1}{role=LEADER} - Received CommandRequest{session=2, sequence=27, operation=PrimitiveOperation{id=DefaultOperationId{id=write, type=COMMAND}, value=byte[]{length=17, hash=-1644578928}}}
02:53:22.058 [raft-server-1] TRACE i.a.protocols.raft.roles.LeaderRole - RaftServer{1}{role=LEADER} - Appended Indexed{index=34, entry=CommandEntry{term=1, timestamp=2018-06-09 02:53:22,058, session=2, sequence=27, operation=PrimitiveOperation{id=DefaultOperationId{id=write, type=COMMAND}, value=byte[]{length=17, hash=-1644578928}}}}
02:53:22.058 [raft-server-1] TRACE i.a.p.raft.roles.LeaderAppender - RaftServer{1} - Sending AppendRequest{term=1, leader=1, prevLogIndex=33, prevLogTerm=1, entries=1, commitIndex=33} to 3
02:53:22.058 [raft-server-3] TRACE i.a.p.raft.roles.FollowerRole - RaftServer{3}{role=FOLLOWER} - Received AppendRequest{term=1, leader=1, prevLogIndex=33, prevLogTerm=1, entries=1, commitIndex=33}
02:53:22.058 [raft-server-1] TRACE i.a.p.raft.roles.LeaderAppender - RaftServer{1} - Sending AppendRequest{term=1, leader=1, prevLogIndex=33, prevLogTerm=1, entries=1, commitIndex=33} to 2
02:53:22.058 [raft-server-2] TRACE i.a.p.raft.roles.FollowerRole - RaftServer{2}{role=FOLLOWER} - Received AppendRequest{term=1, leader=1, prevLogIndex=33, prevLogTerm=1, entries=1, commitIndex=33}
02:53:22.058 [raft-server-3] TRACE i.a.p.raft.roles.FollowerRole - RaftServer{3}{role=FOLLOWER} - Appended Indexed{index=34, entry=CommandEntry{term=1, timestamp=2018-06-09 02:53:22,058, session=2, sequence=27, operation=PrimitiveOperation{id=DefaultOperationId{id=write, type=COMMAND}, value=byte[]{length=17, hash=-1644578928}}}}
02:53:22.058 [raft-server-2] TRACE i.a.p.raft.roles.FollowerRole - RaftServer{2}{role=FOLLOWER} - Appended Indexed{index=34, entry=CommandEntry{term=1, timestamp=2018-06-09 02:53:22,058, session=2, sequence=27, operation=PrimitiveOperation{id=DefaultOperationId{id=write, type=COMMAND}, value=byte[]{length=17, hash=-1644578928}}}}
02:53:22.098 [raft-server-3] TRACE i.a.p.raft.roles.FollowerRole - RaftServer{3}{role=FOLLOWER} - Committed entries up to index 33
02:53:22.098 [raft-server-2] TRACE i.a.p.raft.roles.FollowerRole - RaftServer{2}{role=FOLLOWER} - Committed entries up to index 33
02:53:22.098 [raft-server-3] TRACE i.a.p.raft.roles.FollowerRole - RaftServer{3}{role=FOLLOWER} - Sending AppendResponse{status=OK, term=1, succeeded=true, lastLogIndex=34}
02:53:22.098 [raft-server-2] TRACE i.a.p.raft.roles.FollowerRole - RaftServer{2}{role=FOLLOWER} - Sending AppendResponse{status=OK, term=1, succeeded=true, lastLogIndex=34}
02:53:22.098 [raft-server-3-state] TRACE i.a.p.raft.impl.RaftServiceManager - RaftServer{3} - Applying Indexed{index=33, entry=CommandEntry{term=1, timestamp=2018-06-09 02:53:21,972, session=2, sequence=26, operation=PrimitiveOperation{id=DefaultOperationId{id=write, type=COMMAND}, value=byte[]{length=17, hash=-1644578928}}}}
02:53:22.098 [raft-server-2-state] TRACE i.a.p.raft.impl.RaftServiceManager - RaftServer{2} - Applying Indexed{index=33, entry=CommandEntry{term=1, timestamp=2018-06-09 02:53:21,972, session=2, sequence=26, operation=PrimitiveOperation{id=DefaultOperationId{id=write, type=COMMAND}, value=byte[]{length=17, hash=-1644578928}}}}
02:53:22.098 [raft-server-3-state] TRACE i.a.p.s.impl.DefaultServiceExecutor - PrimitiveService{2}{type=io.atomix.protocols.raft.RaftTest$TestPrimitiveType@30e8e4fb, name=raft-test} - Executing DefaultCommit{index=33, session=RaftSession{RaftServiceContext{server=3, type=io.atomix.protocols.raft.RaftTest$TestPrimitiveType@30e8e4fb, name=raft-test, id=2}, session=2, timestamp=2018-06-09 02:53:21,972}, time=2018-06-09 02:53:21,972, operation=DefaultOperationId{id=write, type=COMMAND}, value=byte[]{length=17, hash=-1644578928}}
02:53:22.098 [raft-server-2-state] TRACE i.a.p.s.impl.DefaultServiceExecutor - PrimitiveService{2}{type=io.atomix.protocols.raft.RaftTest$TestPrimitiveType@1c47fd5, name=raft-test} - Executing DefaultCommit{index=33, session=RaftSession{RaftServiceContext{server=2, type=io.atomix.protocols.raft.RaftTest$TestPrimitiveType@1c47fd5, name=raft-test, id=2}, session=2, timestamp=2018-06-09 02:53:21,972}, time=2018-06-09 02:53:21,972, operation=DefaultOperationId{id=write, type=COMMAND}, value=byte[]{length=17, hash=-1644578928}}
02:53:22.099 [raft-server-1] TRACE i.a.p.raft.roles.LeaderAppender - RaftServer{1} - Received AppendResponse{status=OK, term=1, succeeded=true, lastLogIndex=34} from 3
02:53:22.099 [raft-server-1] TRACE i.a.p.raft.roles.LeaderAppender - RaftServer{1} - Committed entries up to 34
02:53:22.132 [raft-server-1] TRACE i.a.p.raft.roles.LeaderAppender - RaftServer{1} - Received AppendResponse{status=OK, term=1, succeeded=true, lastLogIndex=34} from 2
02:53:22.132 [raft-server-1-state] TRACE i.a.p.raft.impl.RaftServiceManager - RaftServer{1} - Applying Indexed{index=34, entry=CommandEntry{term=1, timestamp=2018-06-09 02:53:22,058, session=2, sequence=27, operation=PrimitiveOperation{id=DefaultOperationId{id=write, type=COMMAND}, value=byte[]{length=17, hash=-1644578928}}}}
02:53:22.132 [raft-server-1-state] TRACE i.a.p.s.impl.DefaultServiceExecutor - PrimitiveService{2}{type=io.atomix.protocols.raft.RaftTest$TestPrimitiveType@45397ff4, name=raft-test} - Executing DefaultCommit{index=34, session=RaftSession{RaftServiceContext{server=1, type=io.atomix.protocols.raft.RaftTest$TestPrimitiveType@45397ff4, name=raft-test, id=2}, session=2, timestamp=2018-06-09 02:53:22,058}, time=2018-06-09 02:53:22,058, operation=DefaultOperationId{id=write, type=COMMAND}, value=byte[]{length=17, hash=-1644578928}}
02:53:22.132 [raft-server-1-state] TRACE i.a.protocols.raft.roles.LeaderRole - RaftServer{1}{role=LEADER} - Sending CommandResponse{status=OK, index=34, eventIndex=2, result=byte[]{length=2, hash=1308}}
02:53:22.132 [raft-client-02319fd7-5003-4fac-b562-689b946eac2b-0] TRACE i.a.p.r.p.impl.RaftProxyConnection - ProxySession{2}{type=io.atomix.protocols.raft.RaftTest$TestPrimitiveType@35bfa1bb, name=raft-test} - Received CommandResponse{status=OK, index=34, eventIndex=2, result=byte[]{length=2, hash=1308}} from 1
02:53:22.132 [raft-client-02319fd7-5003-4fac-b562-689b946eac2b-0] TRACE i.a.p.r.p.impl.RaftProxySequencer - ProxySession{2}{type=io.atomix.protocols.raft.RaftTest$TestPrimitiveType@35bfa1bb, name=raft-test} - Completing response CommandResponse{status=OK, index=34, eventIndex=2, result=byte[]{length=2, hash=1308}}
02:53:22.133 [raft-client-02319fd7-5003-4fac-b562-689b946eac2b-7] TRACE i.a.p.r.p.impl.RaftProxyConnection - ProxySession{2}{type=io.atomix.protocols.raft.RaftTest$TestPrimitiveType@35bfa1bb, name=raft-test} - Sending CommandRequest{session=2, sequence=28, operation=PrimitiveOperation{id=DefaultOperationId{id=write, type=COMMAND}, value=byte[]{length=17, hash=-1644578928}}} to 1
02:53:22.133 [raft-server-1] TRACE i.a.protocols.raft.roles.LeaderRole - RaftServer{1}{role=LEADER} - Received CommandRequest{session=2, sequence=28, operation=PrimitiveOperation{id=DefaultOperationId{id=write, type=COMMAND}, value=byte[]{length=17, hash=-1644578928}}}
02:53:22.133 [raft-server-1] TRACE i.a.protocols.raft.roles.LeaderRole - RaftServer{1}{role=LEADER} - Appended Indexed{index=35, entry=CommandEntry{term=1, timestamp=2018-06-09 02:53:22,133, session=2, sequence=28, operation=PrimitiveOperation{id=DefaultOperationId{id=write, type=COMMAND}, value=byte[]{length=17, hash=-1644578928}}}}
02:53:22.133 [raft-server-1] TRACE i.a.p.raft.roles.LeaderAppender - RaftServer{1} - Sending AppendRequest{term=1, leader=1, prevLogIndex=34, prevLogTerm=1, entries=1, commitIndex=34} to 3
02:53:22.133 [raft-server-1] TRACE i.a.p.raft.roles.LeaderAppender - RaftServer{1} - Sending AppendRequest{term=1, leader=1, prevLogIndex=34, prevLogTerm=1, entries=1, commitIndex=34} to 2
02:53:22.133 [raft-server-3] TRACE i.a.p.raft.roles.FollowerRole - RaftServer{3}{role=FOLLOWER} - Received AppendRequest{term=1, leader=1, prevLogIndex=34, prevLogTerm=1, entries=1, commitIndex=34}
02:53:22.133 [raft-server-2] TRACE i.a.p.raft.roles.FollowerRole - RaftServer{2}{role=FOLLOWER} - Received AppendRequest{term=1, leader=1, prevLogIndex=34, prevLogTerm=1, entries=1, commitIndex=34}
02:53:22.133 [raft-server-3] TRACE i.a.p.raft.roles.FollowerRole - RaftServer{3}{role=FOLLOWER} - Appended Indexed{index=35, entry=CommandEntry{term=1, timestamp=2018-06-09 02:53:22,133, session=2, sequence=28, operation=PrimitiveOperation{id=DefaultOperationId{id=write, type=COMMAND}, value=byte[]{length=17, hash=-1644578928}}}}
02:53:22.133 [raft-server-2] TRACE i.a.p.raft.roles.FollowerRole - RaftServer{2}{role=FOLLOWER} - Appended Indexed{index=35, entry=CommandEntry{term=1, timestamp=2018-06-09 02:53:22,133, session=2, sequence=28, operation=PrimitiveOperation{id=DefaultOperationId{id=write, type=COMMAND}, value=byte[]{length=17, hash=-1644578928}}}}
02:53:22.165 [raft-server-3] TRACE i.a.p.raft.roles.FollowerRole - RaftServer{3}{role=FOLLOWER} - Committed entries up to index 34
02:53:22.165 [raft-server-2] TRACE i.a.p.raft.roles.FollowerRole - RaftServer{2}{role=FOLLOWER} - Committed entries up to index 34
02:53:22.165 [raft-server-3] TRACE i.a.p.raft.roles.FollowerRole - RaftServer{3}{role=FOLLOWER} - Sending AppendResponse{status=OK, term=1, succeeded=true, lastLogIndex=35}
02:53:22.165 [raft-server-2] TRACE i.a.p.raft.roles.FollowerRole - RaftServer{2}{role=FOLLOWER} - Sending AppendResponse{status=OK, term=1, succeeded=true, lastLogIndex=35}
02:53:22.165 [raft-server-1] TRACE i.a.p.raft.roles.LeaderAppender - RaftServer{1} - Received AppendResponse{status=OK, term=1, succeeded=true, lastLogIndex=35} from 3
02:53:22.165 [raft-server-1] TRACE i.a.p.raft.roles.LeaderAppender - RaftServer{1} - Committed entries up to 35
02:53:22.165 [raft-server-3-state] TRACE i.a.p.raft.impl.RaftServiceManager - RaftServer{3} - Applying Indexed{index=34, entry=CommandEntry{term=1, timestamp=2018-06-09 02:53:22,058, session=2, sequence=27, operation=PrimitiveOperation{id=DefaultOperationId{id=write, type=COMMAND}, value=byte[]{length=17, hash=-1644578928}}}}
02:53:22.165 [raft-server-2-state] TRACE i.a.p.raft.impl.RaftServiceManager - RaftServer{2} - Applying Indexed{index=34, entry=CommandEntry{term=1, timestamp=2018-06-09 02:53:22,058, session=2, sequence=27, operation=PrimitiveOperation{id=DefaultOperationId{id=write, type=COMMAND}, value=byte[]{length=17, hash=-1644578928}}}}
02:53:22.165 [raft-server-3-state] TRACE i.a.p.s.impl.DefaultServiceExecutor - PrimitiveService{2}{type=io.atomix.protocols.raft.RaftTest$TestPrimitiveType@30e8e4fb, name=raft-test} - Executing DefaultCommit{index=34, session=RaftSession{RaftServiceContext{server=3, type=io.atomix.protocols.raft.RaftTest$TestPrimitiveType@30e8e4fb, name=raft-test, id=2}, session=2, timestamp=2018-06-09 02:53:22,058}, time=2018-06-09 02:53:22,058, operation=DefaultOperationId{id=write, type=COMMAND}, value=byte[]{length=17, hash=-1644578928}}
02:53:22.165 [raft-server-2-state] TRACE i.a.p.s.impl.DefaultServiceExecutor - PrimitiveService{2}{type=io.atomix.protocols.raft.RaftTest$TestPrimitiveType@1c47fd5, name=raft-test} - Executing DefaultCommit{index=34, session=RaftSession{RaftServiceContext{server=2, type=io.atomix.protocols.raft.RaftTest$TestPrimitiveType@1c47fd5, name=raft-test, id=2}, session=2, timestamp=2018-06-09 02:53:22,058}, time=2018-06-09 02:53:22,058, operation=DefaultOperationId{id=write, type=COMMAND}, value=byte[]{length=17, hash=-1644578928}}
02:53:22.221 [raft-server-1] TRACE i.a.p.raft.roles.LeaderAppender - RaftServer{1} - Sending AppendRequest{term=1, leader=1, prevLogIndex=35, prevLogTerm=1, entries=0, commitIndex=35} to 3
02:53:22.221 [raft-server-1] TRACE i.a.p.raft.roles.LeaderAppender - RaftServer{1} - Received AppendResponse{status=OK, term=1, succeeded=true, lastLogIndex=35} from 2
02:53:22.221 [raft-server-3] TRACE i.a.p.raft.roles.FollowerRole - RaftServer{3}{role=FOLLOWER} - Received AppendRequest{term=1, leader=1, prevLogIndex=35, prevLogTerm=1, entries=0, commitIndex=35}
02:53:22.221 [raft-server-1] TRACE i.a.p.raft.roles.LeaderAppender - RaftServer{1} - Sending AppendRequest{term=1, leader=1, prevLogIndex=35, prevLogTerm=1, entries=0, commitIndex=35} to 2
02:53:22.221 [raft-server-2] TRACE i.a.p.raft.roles.FollowerRole - RaftServer{2}{role=FOLLOWER} - Received AppendRequest{term=1, leader=1, prevLogIndex=35, prevLogTerm=1, entries=0, commitIndex=35}
02:53:22.221 [raft-server-1-state] TRACE i.a.p.raft.impl.RaftServiceManager - RaftServer{1} - Applying Indexed{index=35, entry=CommandEntry{term=1, timestamp=2018-06-09 02:53:22,133, session=2, sequence=28, operation=PrimitiveOperation{id=DefaultOperationId{id=write, type=COMMAND}, value=byte[]{length=17, hash=-1644578928}}}}
02:53:22.221 [raft-server-1-state] TRACE i.a.p.s.impl.DefaultServiceExecutor - PrimitiveService{2}{type=io.atomix.protocols.raft.RaftTest$TestPrimitiveType@45397ff4, name=raft-test} - Executing DefaultCommit{index=35, session=RaftSession{RaftServiceContext{server=1, type=io.atomix.protocols.raft.RaftTest$TestPrimitiveType@45397ff4, name=raft-test, id=2}, session=2, timestamp=2018-06-09 02:53:22,133}, time=2018-06-09 02:53:22,133, operation=DefaultOperationId{id=write, type=COMMAND}, value=byte[]{length=17, hash=-1644578928}}
02:53:22.222 [raft-server-1-state] TRACE i.a.protocols.raft.roles.LeaderRole - RaftServer{1}{role=LEADER} - Sending CommandResponse{status=OK, index=35, eventIndex=2, result=byte[]{length=2, hash=1310}}
02:53:22.222 [raft-client-02319fd7-5003-4fac-b562-689b946eac2b-2] TRACE i.a.p.r.p.impl.RaftProxyConnection - ProxySession{2}{type=io.atomix.protocols.raft.RaftTest$TestPrimitiveType@35bfa1bb, name=raft-test} - Received CommandResponse{status=OK, index=35, eventIndex=2, result=byte[]{length=2, hash=1310}} from 1
02:53:22.222 [raft-client-02319fd7-5003-4fac-b562-689b946eac2b-2] TRACE i.a.p.r.p.impl.RaftProxySequencer - ProxySession{2}{type=io.atomix.protocols.raft.RaftTest$TestPrimitiveType@35bfa1bb, name=raft-test} - Completing response CommandResponse{status=OK, index=35, eventIndex=2, result=byte[]{length=2, hash=1310}}
02:53:22.222 [raft-client-02319fd7-5003-4fac-b562-689b946eac2b-2] TRACE i.a.p.r.p.impl.RaftProxyConnection - ProxySession{2}{type=io.atomix.protocols.raft.RaftTest$TestPrimitiveType@35bfa1bb, name=raft-test} - Sending CommandRequest{session=2, sequence=29, operation=PrimitiveOperation{id=DefaultOperationId{id=write, type=COMMAND}, value=byte[]{length=17, hash=-1644578928}}} to 1
02:53:22.222 [raft-server-1] TRACE i.a.protocols.raft.roles.LeaderRole - RaftServer{1}{role=LEADER} - Received CommandRequest{session=2, sequence=29, operation=PrimitiveOperation{id=DefaultOperationId{id=write, type=COMMAND}, value=byte[]{length=17, hash=-1644578928}}}
02:53:22.222 [raft-server-1] TRACE i.a.protocols.raft.roles.LeaderRole - RaftServer{1}{role=LEADER} - Appended Indexed{index=36, entry=CommandEntry{term=1, timestamp=2018-06-09 02:53:22,222, session=2, sequence=29, operation=PrimitiveOperation{id=DefaultOperationId{id=write, type=COMMAND}, value=byte[]{length=17, hash=-1644578928}}}}
02:53:22.248 [raft-server-3] TRACE i.a.p.raft.roles.FollowerRole - RaftServer{3}{role=FOLLOWER} - Committed entries up to index 35
02:53:22.248 [raft-server-2] TRACE i.a.p.raft.roles.FollowerRole - RaftServer{2}{role=FOLLOWER} - Committed entries up to index 35
02:53:22.248 [raft-server-3] TRACE i.a.p.raft.roles.FollowerRole - RaftServer{3}{role=FOLLOWER} - Sending AppendResponse{status=OK, term=1, succeeded=true, lastLogIndex=35}
02:53:22.248 [raft-server-2] TRACE i.a.p.raft.roles.FollowerRole - RaftServer{2}{role=FOLLOWER} - Sending AppendResponse{status=OK, term=1, succeeded=true, lastLogIndex=35}
02:53:22.248 [raft-server-1] TRACE i.a.p.raft.roles.LeaderAppender - RaftServer{1} - Received AppendResponse{status=OK, term=1, succeeded=true, lastLogIndex=35} from 3
02:53:22.248 [raft-server-3-state] TRACE i.a.p.raft.impl.RaftServiceManager - RaftServer{3} - Applying Indexed{index=35, entry=CommandEntry{term=1, timestamp=2018-06-09 02:53:22,133, session=2, sequence=28, operation=PrimitiveOperation{id=DefaultOperationId{id=write, type=COMMAND}, value=byte[]{length=17, hash=-1644578928}}}}
02:53:22.248 [raft-server-2-state] TRACE i.a.p.raft.impl.RaftServiceManager - RaftServer{2} - Applying Indexed{index=35, entry=CommandEntry{term=1, timestamp=2018-06-09 02:53:22,133, session=2, sequence=28, operation=PrimitiveOperation{id=DefaultOperationId{id=write, type=COMMAND}, value=byte[]{length=17, hash=-1644578928}}}}
02:53:22.249 [raft-server-1] TRACE i.a.p.raft.roles.LeaderAppender - RaftServer{1} - Sending AppendRequest{term=1, leader=1, prevLogIndex=35, prevLogTerm=1, entries=1, commitIndex=35} to 3
02:53:22.249 [raft-server-3-state] TRACE i.a.p.s.impl.DefaultServiceExecutor - PrimitiveService{2}{type=io.atomix.protocols.raft.RaftTest$TestPrimitiveType@30e8e4fb, name=raft-test} - Executing DefaultCommit{index=35, session=RaftSession{RaftServiceContext{server=3, type=io.atomix.protocols.raft.RaftTest$TestPrimitiveType@30e8e4fb, name=raft-test, id=2}, session=2, timestamp=2018-06-09 02:53:22,133}, time=2018-06-09 02:53:22,133, operation=DefaultOperationId{id=write, type=COMMAND}, value=byte[]{length=17, hash=-1644578928}}
02:53:22.249 [raft-server-2-state] TRACE i.a.p.s.impl.DefaultServiceExecutor - PrimitiveService{2}{type=io.atomix.protocols.raft.RaftTest$TestPrimitiveType@1c47fd5, name=raft-test} - Executing DefaultCommit{index=35, session=RaftSession{RaftServiceContext{server=2, type=io.atomix.protocols.raft.RaftTest$TestPrimitiveType@1c47fd5, name=raft-test, id=2}, session=2, timestamp=2018-06-09 02:53:22,133}, time=2018-06-09 02:53:22,133, operation=DefaultOperationId{id=write, type=COMMAND}, value=byte[]{length=17, hash=-1644578928}}
02:53:22.249 [raft-server-3] TRACE i.a.p.raft.roles.FollowerRole - RaftServer{3}{role=FOLLOWER} - Received AppendRequest{term=1, leader=1, prevLogIndex=35, prevLogTerm=1, entries=1, commitIndex=35}
02:53:22.249 [raft-server-1] TRACE i.a.p.raft.roles.LeaderAppender - RaftServer{1} - Received AppendResponse{status=OK, term=1, succeeded=true, lastLogIndex=35} from 2
02:53:22.249 [raft-server-1] TRACE i.a.p.raft.roles.LeaderAppender - RaftServer{1} - Sending AppendRequest{term=1, leader=1, prevLogIndex=35, prevLogTerm=1, entries=1, commitIndex=35} to 2
02:53:22.249 [raft-server-2] TRACE i.a.p.raft.roles.FollowerRole - RaftServer{2}{role=FOLLOWER} - Received AppendRequest{term=1, leader=1, prevLogIndex=35, prevLogTerm=1, entries=1, commitIndex=35}
02:53:22.249 [raft-server-3] TRACE i.a.p.raft.roles.FollowerRole - RaftServer{3}{role=FOLLOWER} - Appended Indexed{index=36, entry=CommandEntry{term=1, timestamp=2018-06-09 02:53:22,222, session=2, sequence=29, operation=PrimitiveOperation{id=DefaultOperationId{id=write, type=COMMAND}, value=byte[]{length=17, hash=-1644578928}}}}
02:53:22.249 [raft-server-3] TRACE i.a.p.raft.roles.FollowerRole - RaftServer{3}{role=FOLLOWER} - Sending AppendResponse{status=OK, term=1, succeeded=true, lastLogIndex=36}
02:53:22.249 [raft-server-1] TRACE i.a.p.raft.roles.LeaderAppender - RaftServer{1} - Received AppendResponse{status=OK, term=1, succeeded=true, lastLogIndex=36} from 3
02:53:22.249 [raft-server-2] TRACE i.a.p.raft.roles.FollowerRole - RaftServer{2}{role=FOLLOWER} - Appended Indexed{index=36, entry=CommandEntry{term=1, timestamp=2018-06-09 02:53:22,222, session=2, sequence=29, operation=PrimitiveOperation{id=DefaultOperationId{id=write, type=COMMAND}, value=byte[]{length=17, hash=-1644578928}}}}
02:53:22.249 [raft-server-1] TRACE i.a.p.raft.roles.LeaderAppender - RaftServer{1} - Committed entries up to 36
02:53:22.249 [raft-server-2] TRACE i.a.p.raft.roles.FollowerRole - RaftServer{2}{role=FOLLOWER} - Sending AppendResponse{status=OK, term=1, succeeded=true, lastLogIndex=36}
02:53:22.315 [raft-server-1] TRACE i.a.p.raft.roles.LeaderAppender - RaftServer{1} - Received AppendResponse{status=OK, term=1, succeeded=true, lastLogIndex=36} from 2
02:53:22.315 [raft-server-1-state] TRACE i.a.p.raft.impl.RaftServiceManager - RaftServer{1} - Applying Indexed{index=36, entry=CommandEntry{term=1, timestamp=2018-06-09 02:53:22,222, session=2, sequence=29, operation=PrimitiveOperation{id=DefaultOperationId{id=write, type=COMMAND}, value=byte[]{length=17, hash=-1644578928}}}}
02:53:22.315 [raft-server-1-state] TRACE i.a.p.s.impl.DefaultServiceExecutor - PrimitiveService{2}{type=io.atomix.protocols.raft.RaftTest$TestPrimitiveType@45397ff4, name=raft-test} - Executing DefaultCommit{index=36, session=RaftSession{RaftServiceContext{server=1, type=io.atomix.protocols.raft.RaftTest$TestPrimitiveType@45397ff4, name=raft-test, id=2}, session=2, timestamp=2018-06-09 02:53:22,222}, time=2018-06-09 02:53:22,222, operation=DefaultOperationId{id=write, type=COMMAND}, value=byte[]{length=17, hash=-1644578928}}
02:53:22.315 [raft-server-1-state] TRACE i.a.protocols.raft.roles.LeaderRole - RaftServer{1}{role=LEADER} - Sending CommandResponse{status=OK, index=36, eventIndex=2, result=byte[]{length=2, hash=1312}}
02:53:22.315 [raft-client-02319fd7-5003-4fac-b562-689b946eac2b-3] TRACE i.a.p.r.p.impl.RaftProxyConnection - ProxySession{2}{type=io.atomix.protocols.raft.RaftTest$TestPrimitiveType@35bfa1bb, name=raft-test} - Received CommandResponse{status=OK, index=36, eventIndex=2, result=byte[]{length=2, hash=1312}} from 1
02:53:22.315 [raft-client-02319fd7-5003-4fac-b562-689b946eac2b-3] TRACE i.a.p.r.p.impl.RaftProxySequencer - ProxySession{2}{type=io.atomix.protocols.raft.RaftTest$TestPrimitiveType@35bfa1bb, name=raft-test} - Completing response CommandResponse{status=OK, index=36, eventIndex=2, result=byte[]{length=2, hash=1312}}
02:53:22.316 [raft-client-02319fd7-5003-4fac-b562-689b946eac2b-3] TRACE i.a.p.r.p.impl.RaftProxyConnection - ProxySession{2}{type=io.atomix.protocols.raft.RaftTest$TestPrimitiveType@35bfa1bb, name=raft-test} - Sending CommandRequest{session=2, sequence=30, operation=PrimitiveOperation{id=DefaultOperationId{id=write, type=COMMAND}, value=byte[]{length=17, hash=-1644578928}}} to 1
02:53:22.316 [raft-server-1] TRACE i.a.protocols.raft.roles.LeaderRole - RaftServer{1}{role=LEADER} - Received CommandRequest{session=2, sequence=30, operation=PrimitiveOperation{id=DefaultOperationId{id=write, type=COMMAND}, value=byte[]{length=17, hash=-1644578928}}}
02:53:22.316 [raft-server-1] TRACE i.a.protocols.raft.roles.LeaderRole - RaftServer{1}{role=LEADER} - Appended Indexed{index=37, entry=CommandEntry{term=1, timestamp=2018-06-09 02:53:22,316, session=2, sequence=30, operation=PrimitiveOperation{id=DefaultOperationId{id=write, type=COMMAND}, value=byte[]{length=17, hash=-1644578928}}}}
02:53:22.316 [raft-server-1] TRACE i.a.p.raft.roles.LeaderAppender - RaftServer{1} - Sending AppendRequest{term=1, leader=1, prevLogIndex=36, prevLogTerm=1, entries=1, commitIndex=36} to 3
02:53:22.316 [raft-server-1] TRACE i.a.p.raft.roles.LeaderAppender - RaftServer{1} - Sending AppendRequest{term=1, leader=1, prevLogIndex=36, prevLogTerm=1, entries=1, commitIndex=36} to 2
02:53:22.316 [raft-server-3] TRACE i.a.p.raft.roles.FollowerRole - RaftServer{3}{role=FOLLOWER} - Received AppendRequest{term=1, leader=1, prevLogIndex=36, prevLogTerm=1, entries=1, commitIndex=36}
02:53:22.316 [raft-server-2] TRACE i.a.p.raft.roles.FollowerRole - RaftServer{2}{role=FOLLOWER} - Received AppendRequest{term=1, leader=1, prevLogIndex=36, prevLogTerm=1, entries=1, commitIndex=36}
02:53:22.316 [raft-server-3] TRACE i.a.p.raft.roles.FollowerRole - RaftServer{3}{role=FOLLOWER} - Appended Indexed{index=37, entry=CommandEntry{term=1, timestamp=2018-06-09 02:53:22,316, session=2, sequence=30, operation=PrimitiveOperation{id=DefaultOperationId{id=write, type=COMMAND}, value=byte[]{length=17, hash=-1644578928}}}}
02:53:22.316 [raft-server-2] TRACE i.a.p.raft.roles.FollowerRole - RaftServer{2}{role=FOLLOWER} - Appended Indexed{index=37, entry=CommandEntry{term=1, timestamp=2018-06-09 02:53:22,316, session=2, sequence=30, operation=PrimitiveOperation{id=DefaultOperationId{id=write, type=COMMAND}, value=byte[]{length=17, hash=-1644578928}}}}
02:53:22.356 [raft-server-3] TRACE i.a.p.raft.roles.FollowerRole - RaftServer{3}{role=FOLLOWER} - Committed entries up to index 36
02:53:22.356 [raft-server-2] TRACE i.a.p.raft.roles.FollowerRole - RaftServer{2}{role=FOLLOWER} - Committed entries up to index 36
02:53:22.357 [raft-server-3] TRACE i.a.p.raft.roles.FollowerRole - RaftServer{3}{role=FOLLOWER} - Sending AppendResponse{status=OK, term=1, succeeded=true, lastLogIndex=37}
02:53:22.357 [raft-server-2] TRACE i.a.p.raft.roles.FollowerRole - RaftServer{2}{role=FOLLOWER} - Sending AppendResponse{status=OK, term=1, succeeded=true, lastLogIndex=37}
02:53:22.357 [raft-server-1] TRACE i.a.p.raft.roles.LeaderAppender - RaftServer{1} - Received AppendResponse{status=OK, term=1, succeeded=true, lastLogIndex=37} from 3
02:53:22.357 [raft-server-1] TRACE i.a.p.raft.roles.LeaderAppender - RaftServer{1} - Committed entries up to 37
02:53:22.357 [raft-server-2-state] TRACE i.a.p.raft.impl.RaftServiceManager - RaftServer{2} - Applying Indexed{index=36, entry=CommandEntry{term=1, timestamp=2018-06-09 02:53:22,222, session=2, sequence=29, operation=PrimitiveOperation{id=DefaultOperationId{id=write, type=COMMAND}, value=byte[]{length=17, hash=-1644578928}}}}
02:53:22.357 [raft-server-3-state] TRACE i.a.p.raft.impl.RaftServiceManager - RaftServer{3} - Applying Indexed{index=36, entry=CommandEntry{term=1, timestamp=2018-06-09 02:53:22,222, session=2, sequence=29, operation=PrimitiveOperation{id=DefaultOperationId{id=write, type=COMMAND}, value=byte[]{length=17, hash=-1644578928}}}}
02:53:22.357 [raft-server-2-state] TRACE i.a.p.s.impl.DefaultServiceExecutor - PrimitiveService{2}{type=io.atomix.protocols.raft.RaftTest$TestPrimitiveType@1c47fd5, name=raft-test} - Executing DefaultCommit{index=36, session=RaftSession{RaftServiceContext{server=2, type=io.atomix.protocols.raft.RaftTest$TestPrimitiveType@1c47fd5, name=raft-test, id=2}, session=2, timestamp=2018-06-09 02:53:22,222}, time=2018-06-09 02:53:22,222, operation=DefaultOperationId{id=write, type=COMMAND}, value=byte[]{length=17, hash=-1644578928}}
02:53:22.357 [raft-server-3-state] TRACE i.a.p.s.impl.DefaultServiceExecutor - PrimitiveService{2}{type=io.atomix.protocols.raft.RaftTest$TestPrimitiveType@30e8e4fb, name=raft-test} - Executing DefaultCommit{index=36, session=RaftSession{RaftServiceContext{server=3, type=io.atomix.protocols.raft.RaftTest$TestPrimitiveType@30e8e4fb, name=raft-test, id=2}, session=2, timestamp=2018-06-09 02:53:22,222}, time=2018-06-09 02:53:22,222, operation=DefaultOperationId{id=write, type=COMMAND}, value=byte[]{length=17, hash=-1644578928}}
02:53:22.441 [raft-server-1] TRACE i.a.p.raft.roles.LeaderAppender - RaftServer{1} - Received AppendResponse{status=OK, term=1, succeeded=true, lastLogIndex=37} from 2
02:53:22.441 [raft-server-1] TRACE i.a.p.raft.roles.LeaderAppender - RaftServer{1} - Sending AppendRequest{term=1, leader=1, prevLogIndex=37, prevLogTerm=1, entries=0, commitIndex=37} to 3
02:53:22.441 [raft-server-1] TRACE i.a.p.raft.roles.LeaderAppender - RaftServer{1} - Sending AppendRequest{term=1, leader=1, prevLogIndex=37, prevLogTerm=1, entries=0, commitIndex=37} to 2
02:53:22.441 [raft-server-3] TRACE i.a.p.raft.roles.FollowerRole - RaftServer{3}{role=FOLLOWER} - Received AppendRequest{term=1, leader=1, prevLogIndex=37, prevLogTerm=1, entries=0, commitIndex=37}
02:53:22.441 [raft-server-2] TRACE i.a.p.raft.roles.FollowerRole - RaftServer{2}{role=FOLLOWER} - Received AppendRequest{term=1, leader=1, prevLogIndex=37, prevLogTerm=1, entries=0, commitIndex=37}
02:53:22.441 [raft-server-1-state] TRACE i.a.p.raft.impl.RaftServiceManager - RaftServer{1} - Applying Indexed{index=37, entry=CommandEntry{term=1, timestamp=2018-06-09 02:53:22,316, session=2, sequence=30, operation=PrimitiveOperation{id=DefaultOperationId{id=write, type=COMMAND}, value=byte[]{length=17, hash=-1644578928}}}}
02:53:22.441 [raft-server-1-state] TRACE i.a.p.s.impl.DefaultServiceExecutor - PrimitiveService{2}{type=io.atomix.protocols.raft.RaftTest$TestPrimitiveType@45397ff4, name=raft-test} - Executing DefaultCommit{index=37, session=RaftSession{RaftServiceContext{server=1, type=io.atomix.protocols.raft.RaftTest$TestPrimitiveType@45397ff4, name=raft-test, id=2}, session=2, timestamp=2018-06-09 02:53:22,316}, time=2018-06-09 02:53:22,316, operation=DefaultOperationId{id=write, type=COMMAND}, value=byte[]{length=17, hash=-1644578928}}
02:53:22.441 [raft-server-1-state] TRACE i.a.protocols.raft.roles.LeaderRole - RaftServer{1}{role=LEADER} - Sending CommandResponse{status=OK, index=37, eventIndex=2, result=byte[]{length=2, hash=1314}}
02:53:22.441 [raft-client-02319fd7-5003-4fac-b562-689b946eac2b-2] TRACE i.a.p.r.p.impl.RaftProxyConnection - ProxySession{2}{type=io.atomix.protocols.raft.RaftTest$TestPrimitiveType@35bfa1bb, name=raft-test} - Received CommandResponse{status=OK, index=37, eventIndex=2, result=byte[]{length=2, hash=1314}} from 1
02:53:22.441 [raft-client-02319fd7-5003-4fac-b562-689b946eac2b-2] TRACE i.a.p.r.p.impl.RaftProxySequencer - ProxySession{2}{type=io.atomix.protocols.raft.RaftTest$TestPrimitiveType@35bfa1bb, name=raft-test} - Completing response CommandResponse{status=OK, index=37, eventIndex=2, result=byte[]{length=2, hash=1314}}
02:53:22.442 [raft-client-02319fd7-5003-4fac-b562-689b946eac2b-1] TRACE i.a.p.r.p.impl.RaftProxyConnection - ProxySession{2}{type=io.atomix.protocols.raft.RaftTest$TestPrimitiveType@35bfa1bb, name=raft-test} - Sending CommandRequest{session=2, sequence=31, operation=PrimitiveOperation{id=DefaultOperationId{id=write, type=COMMAND}, value=byte[]{length=17, hash=-1644578928}}} to 1
02:53:22.442 [raft-server-1] TRACE i.a.protocols.raft.roles.LeaderRole - RaftServer{1}{role=LEADER} - Received CommandRequest{session=2, sequence=31, operation=PrimitiveOperation{id=DefaultOperationId{id=write, type=COMMAND}, value=byte[]{length=17, hash=-1644578928}}}
02:53:22.442 [raft-server-1] TRACE i.a.protocols.raft.roles.LeaderRole - RaftServer{1}{role=LEADER} - Appended Indexed{index=38, entry=CommandEntry{term=1, timestamp=2018-06-09 02:53:22,442, session=2, sequence=31, operation=PrimitiveOperation{id=DefaultOperationId{id=write, type=COMMAND}, value=byte[]{length=17, hash=-1644578928}}}}
02:53:22.513 [raft-server-3] TRACE i.a.p.raft.roles.FollowerRole - RaftServer{3}{role=FOLLOWER} - Committed entries up to index 37
02:53:22.513 [raft-server-2] TRACE i.a.p.raft.roles.FollowerRole - RaftServer{2}{role=FOLLOWER} - Committed entries up to index 37
02:53:22.513 [raft-server-3] TRACE i.a.p.raft.roles.FollowerRole - RaftServer{3}{role=FOLLOWER} - Sending AppendResponse{status=OK, term=1, succeeded=true, lastLogIndex=37}
02:53:22.513 [raft-server-2] TRACE i.a.p.raft.roles.FollowerRole - RaftServer{2}{role=FOLLOWER} - Sending AppendResponse{status=OK, term=1, succeeded=true, lastLogIndex=37}
02:53:22.513 [raft-server-1] TRACE i.a.p.raft.roles.LeaderAppender - RaftServer{1} - Received AppendResponse{status=OK, term=1, succeeded=true, lastLogIndex=37} from 3
02:53:22.513 [raft-server-3-state] TRACE i.a.p.raft.impl.RaftServiceManager - RaftServer{3} - Applying Indexed{index=37, entry=CommandEntry{term=1, timestamp=2018-06-09 02:53:22,316, session=2, sequence=30, operation=PrimitiveOperation{id=DefaultOperationId{id=write, type=COMMAND}, value=byte[]{length=17, hash=-1644578928}}}}
02:53:22.513 [raft-server-1] TRACE i.a.p.raft.roles.LeaderAppender - RaftServer{1} - Sending AppendRequest{term=1, leader=1, prevLogIndex=37, prevLogTerm=1, entries=1, commitIndex=37} to 3
02:53:22.513 [raft-server-2-state] TRACE i.a.p.raft.impl.RaftServiceManager - RaftServer{2} - Applying Indexed{index=37, entry=CommandEntry{term=1, timestamp=2018-06-09 02:53:22,316, session=2, sequence=30, operation=PrimitiveOperation{id=DefaultOperationId{id=write, type=COMMAND}, value=byte[]{length=17, hash=-1644578928}}}}
02:53:22.513 [raft-server-3-state] TRACE i.a.p.s.impl.DefaultServiceExecutor - PrimitiveService{2}{type=io.atomix.protocols.raft.RaftTest$TestPrimitiveType@30e8e4fb, name=raft-test} - Executing DefaultCommit{index=37, session=RaftSession{RaftServiceContext{server=3, type=io.atomix.protocols.raft.RaftTest$TestPrimitiveType@30e8e4fb, name=raft-test, id=2}, session=2, timestamp=2018-06-09 02:53:22,316}, time=2018-06-09 02:53:22,316, operation=DefaultOperationId{id=write, type=COMMAND}, value=byte[]{length=17, hash=-1644578928}}
02:53:22.513 [raft-server-3] TRACE i.a.p.raft.roles.FollowerRole - RaftServer{3}{role=FOLLOWER} - Received AppendRequest{term=1, leader=1, prevLogIndex=37, prevLogTerm=1, entries=1, commitIndex=37}
02:53:22.513 [raft-server-1] TRACE i.a.p.raft.roles.LeaderAppender - RaftServer{1} - Sending AppendRequest{term=1, leader=1, prevLogIndex=37, prevLogTerm=1, entries=1, commitIndex=37} to 2
02:53:22.513 [raft-server-2-state] TRACE i.a.p.s.impl.DefaultServiceExecutor - PrimitiveService{2}{type=io.atomix.protocols.raft.RaftTest$TestPrimitiveType@1c47fd5, name=raft-test} - Executing DefaultCommit{index=37, session=RaftSession{RaftServiceContext{server=2, type=io.atomix.protocols.raft.RaftTest$TestPrimitiveType@1c47fd5, name=raft-test, id=2}, session=2, timestamp=2018-06-09 02:53:22,316}, time=2018-06-09 02:53:22,316, operation=DefaultOperationId{id=write, type=COMMAND}, value=byte[]{length=17, hash=-1644578928}}
02:53:22.513 [raft-server-1] TRACE i.a.p.raft.roles.LeaderAppender - RaftServer{1} - Received AppendResponse{status=OK, term=1, succeeded=true, lastLogIndex=37} from 2
02:53:22.513 [raft-server-2] TRACE i.a.p.raft.roles.FollowerRole - RaftServer{2}{role=FOLLOWER} - Received AppendRequest{term=1, leader=1, prevLogIndex=37, prevLogTerm=1, entries=1, commitIndex=37}
02:53:22.513 [raft-server-3] TRACE i.a.p.raft.roles.FollowerRole - RaftServer{3}{role=FOLLOWER} - Appended Indexed{index=38, entry=CommandEntry{term=1, timestamp=2018-06-09 02:53:22,442, session=2, sequence=31, operation=PrimitiveOperation{id=DefaultOperationId{id=write, type=COMMAND}, value=byte[]{length=17, hash=-1644578928}}}}
02:53:22.514 [raft-server-3] TRACE i.a.p.raft.roles.FollowerRole - RaftServer{3}{role=FOLLOWER} - Sending AppendResponse{status=OK, term=1, succeeded=true, lastLogIndex=38}
02:53:22.514 [raft-server-1] TRACE i.a.p.raft.roles.LeaderAppender - RaftServer{1} - Received AppendResponse{status=OK, term=1, succeeded=true, lastLogIndex=38} from 3
02:53:22.514 [raft-server-2] TRACE i.a.p.raft.roles.FollowerRole - RaftServer{2}{role=FOLLOWER} - Appended Indexed{index=38, entry=CommandEntry{term=1, timestamp=2018-06-09 02:53:22,442, session=2, sequence=31, operation=PrimitiveOperation{id=DefaultOperationId{id=write, type=COMMAND}, value=byte[]{length=17, hash=-1644578928}}}}
02:53:22.514 [raft-server-1] TRACE i.a.p.raft.roles.LeaderAppender - RaftServer{1} - Committed entries up to 38
02:53:22.514 [raft-server-2] TRACE i.a.p.raft.roles.FollowerRole - RaftServer{2}{role=FOLLOWER} - Sending AppendResponse{status=OK, term=1, succeeded=true, lastLogIndex=38}
02:53:22.596 [raft-server-1] TRACE i.a.p.raft.roles.LeaderAppender - RaftServer{1} - Received AppendResponse{status=OK, term=1, succeeded=true, lastLogIndex=38} from 2
02:53:22.596 [raft-server-1-state] TRACE i.a.p.raft.impl.RaftServiceManager - RaftServer{1} - Applying Indexed{index=38, entry=CommandEntry{term=1, timestamp=2018-06-09 02:53:22,442, session=2, sequence=31, operation=PrimitiveOperation{id=DefaultOperationId{id=write, type=COMMAND}, value=byte[]{length=17, hash=-1644578928}}}}
02:53:22.596 [raft-server-1-state] TRACE i.a.p.s.impl.DefaultServiceExecutor - PrimitiveService{2}{type=io.atomix.protocols.raft.RaftTest$TestPrimitiveType@45397ff4, name=raft-test} - Executing DefaultCommit{index=38, session=RaftSession{RaftServiceContext{server=1, type=io.atomix.protocols.raft.RaftTest$TestPrimitiveType@45397ff4, name=raft-test, id=2}, session=2, timestamp=2018-06-09 02:53:22,442}, time=2018-06-09 02:53:22,442, operation=DefaultOperationId{id=write, type=COMMAND}, value=byte[]{length=17, hash=-1644578928}}
02:53:22.596 [raft-server-1-state] TRACE i.a.protocols.raft.roles.LeaderRole - RaftServer{1}{role=LEADER} - Sending CommandResponse{status=OK, index=38, eventIndex=2, result=byte[]{length=2, hash=1316}}
02:53:22.596 [raft-client-02319fd7-5003-4fac-b562-689b946eac2b-6] TRACE i.a.p.r.p.impl.RaftProxyConnection - ProxySession{2}{type=io.atomix.protocols.raft.RaftTest$TestPrimitiveType@35bfa1bb, name=raft-test} - Received CommandResponse{status=OK, index=38, eventIndex=2, result=byte[]{length=2, hash=1316}} from 1
02:53:22.596 [raft-client-02319fd7-5003-4fac-b562-689b946eac2b-6] TRACE i.a.p.r.p.impl.RaftProxySequencer - ProxySession{2}{type=io.atomix.protocols.raft.RaftTest$TestPrimitiveType@35bfa1bb, name=raft-test} - Completing response CommandResponse{status=OK, index=38, eventIndex=2, result=byte[]{length=2, hash=1316}}
02:53:22.597 [raft-client-02319fd7-5003-4fac-b562-689b946eac2b-5] TRACE i.a.p.r.p.impl.RaftProxyConnection - ProxySession{2}{type=io.atomix.protocols.raft.RaftTest$TestPrimitiveType@35bfa1bb, name=raft-test} - Sending CommandRequest{session=2, sequence=32, operation=PrimitiveOperation{id=DefaultOperationId{id=write, type=COMMAND}, value=byte[]{length=17, hash=-1644578928}}} to 1
02:53:22.597 [raft-server-1] DEBUG i.a.p.raft.impl.RaftServiceManager - RaftServer{1} - Snapshotting services
02:53:22.597 [raft-server-1] TRACE i.a.protocols.raft.roles.LeaderRole - RaftServer{1}{role=LEADER} - Received CommandRequest{session=2, sequence=32, operation=PrimitiveOperation{id=DefaultOperationId{id=write, type=COMMAND}, value=byte[]{length=17, hash=-1644578928}}}
02:53:22.597 [raft-server-1-state] DEBUG i.a.p.r.s.snapshot.SnapshotStore - Created memory snapshot: MemorySnapshot{index=38}
02:53:22.597 [raft-server-1] TRACE i.a.protocols.raft.roles.LeaderRole - RaftServer{1}{role=LEADER} - Appended Indexed{index=39, entry=CommandEntry{term=1, timestamp=2018-06-09 02:53:22,597, session=2, sequence=32, operation=PrimitiveOperation{id=DefaultOperationId{id=write, type=COMMAND}, value=byte[]{length=17, hash=-1644578928}}}}
02:53:22.597 [raft-server-1-state] TRACE i.a.utils.serializer.KryoNamespace - Creating Kryo instance for KryoNamespace{registeredBlocks=[RegistrationBlock{begin=16, types=[([Ljava.lang.Class;@6b321262,null), ([Ljava.lang.Class;@68b11545,null), ([Ljava.lang.Class;@7d0100ea,null), ([Ljava.lang.Class;@357bc488,null), ([Ljava.lang.Class;@4ea17147,io.atomix.utils.serializer.serializers.ImmutableListSerializer@2eda4eeb), ([Ljava.lang.Class;@5ba90d8a,io.atomix.utils.serializer.serializers.ImmutableSetSerializer@309dcdf3), ([Ljava.lang.Class;@7573b9ee,io.atomix.utils.serializer.serializers.ImmutableMapSerializer@9a20cbd), ([Ljava.lang.Class;@1af4955e,null), ([Ljava.lang.Class;@445821a6,null), ([Ljava.lang.Class;@2c0c4c0a,null), ([Ljava.lang.Class;@35d26ad2,null), ([Ljava.lang.Class;@bb25753,null), ([Ljava.lang.Class;@ee21292,null), ([Ljava.lang.Class;@40c06358,null), ([Ljava.lang.Class;@66e21568,null), ([Ljava.lang.Class;@7f73ce28,null), ([Ljava.lang.Class;@611b35d6,null), ([Ljava.lang.Class;@2282400e,null), ([Ljava.lang.Class;@543d5863,null), ([Ljava.lang.Class;@35dece42,null), ([Ljava.lang.Class;@dd3f8aa,io.atomix.utils.serializer.serializers.ArraysAsListSerializer@3d615b2e), ([Ljava.lang.Class;@3a1f2a1,null), ([Ljava.lang.Class;@40ce9049,null), ([Ljava.lang.Class;@52ca2652,null), ([Ljava.lang.Class;@65c5bf0e,null), ([Ljava.lang.Class;@697d6ded,null), ([Ljava.lang.Class;@5d05f453,null), ([Ljava.lang.Class;@5efeb117,null), ([Ljava.lang.Class;@160b4809,null), ([Ljava.lang.Class;@149b4d20,null), ([Ljava.lang.Class;@664e848c,null), ([Ljava.lang.Class;@4d93f75b,null), ([Ljava.lang.Class;@114a5e0,null), ([Ljava.lang.Class;@4f281aaf,null), ([Ljava.lang.Class;@5d508d22,null), ([Ljava.lang.Class;@f2b90fc,null)]}, RegistrationBlock{begin=52, types=[([Ljava.lang.Class;@251680bb,null)]}]}
02:53:22.597 [raft-server-1] TRACE i.a.p.raft.roles.LeaderAppender - RaftServer{1} - Sending AppendRequest{term=1, leader=1, prevLogIndex=38, prevLogTerm=1, entries=1, commitIndex=38} to 3
02:53:22.597 [raft-server-3] TRACE i.a.p.raft.roles.FollowerRole - RaftServer{3}{role=FOLLOWER} - Received AppendRequest{term=1, leader=1, prevLogIndex=38, prevLogTerm=1, entries=1, commitIndex=38}
02:53:22.597 [raft-server-1-state] TRACE i.a.utils.serializer.KryoNamespace - class [B registered as 16
02:53:22.597 [raft-server-1] TRACE i.a.p.raft.roles.LeaderAppender - RaftServer{1} - Sending AppendRequest{term=1, leader=1, prevLogIndex=38, prevLogTerm=1, entries=1, commitIndex=38} to 2
02:53:22.597 [raft-server-1-state] TRACE i.a.utils.serializer.KryoNamespace - class java.util.concurrent.atomic.AtomicBoolean registered as 17
02:53:22.597 [raft-server-1-state] TRACE i.a.utils.serializer.KryoNamespace - class java.util.concurrent.atomic.AtomicInteger registered as 18
02:53:22.597 [raft-server-2] TRACE i.a.p.raft.roles.FollowerRole - RaftServer{2}{role=FOLLOWER} - Received AppendRequest{term=1, leader=1, prevLogIndex=38, prevLogTerm=1, entries=1, commitIndex=38}
02:53:22.597 [raft-server-3] TRACE i.a.p.raft.roles.FollowerRole - RaftServer{3}{role=FOLLOWER} - Appended Indexed{index=39, entry=CommandEntry{term=1, timestamp=2018-06-09 02:53:22,597, session=2, sequence=32, operation=PrimitiveOperation{id=DefaultOperationId{id=write, type=COMMAND}, value=byte[]{length=17, hash=-1644578928}}}}
02:53:22.597 [raft-server-1-state] TRACE i.a.utils.serializer.KryoNamespace - class java.util.concurrent.atomic.AtomicLong registered as 19
02:53:22.598 [raft-server-1-state] TRACE i.a.utils.serializer.KryoNamespace - class com.google.common.collect.ImmutableList registered as 20
02:53:22.598 [raft-server-1-state] TRACE i.a.utils.serializer.KryoNamespace - class com.google.common.collect.RegularImmutableList registered as 20
02:53:22.598 [raft-server-1-state] TRACE i.a.utils.serializer.KryoNamespace - class com.google.common.collect.RegularImmutableList registered as 20
02:53:22.598 [raft-server-2] TRACE i.a.p.raft.roles.FollowerRole - RaftServer{2}{role=FOLLOWER} - Appended Indexed{index=39, entry=CommandEntry{term=1, timestamp=2018-06-09 02:53:22,597, session=2, sequence=32, operation=PrimitiveOperation{id=DefaultOperationId{id=write, type=COMMAND}, value=byte[]{length=17, hash=-1644578928}}}}
02:53:22.598 [raft-server-1-state] TRACE i.a.utils.serializer.KryoNamespace - class com.google.common.collect.ImmutableList$SubList registered as 20
02:53:22.598 [raft-server-1-state] TRACE i.a.utils.serializer.KryoNamespace - class com.google.common.collect.ImmutableSet registered as 21
02:53:22.598 [raft-server-1-state] TRACE i.a.utils.serializer.KryoNamespace - class com.google.common.collect.RegularImmutableSet registered as 21
02:53:22.598 [raft-server-1-state] TRACE i.a.utils.serializer.KryoNamespace - class com.google.common.collect.SingletonImmutableSet registered as 21
02:53:22.598 [raft-server-1-state] TRACE i.a.utils.serializer.KryoNamespace - class com.google.common.collect.RegularImmutableSet registered as 21
02:53:22.598 [raft-server-1-state] TRACE i.a.utils.serializer.KryoNamespace - class com.google.common.collect.ImmutableMap registered as 22
02:53:22.598 [raft-server-1-state] TRACE i.a.utils.serializer.KryoNamespace - class com.google.common.collect.RegularImmutableMap registered as 22
02:53:22.598 [raft-server-1-state] TRACE i.a.utils.serializer.KryoNamespace - class com.google.common.collect.RegularImmutableMap registered as 22
02:53:22.598 [raft-server-1-state] TRACE i.a.utils.serializer.KryoNamespace - class com.google.common.collect.RegularImmutableMap registered as 22
02:53:22.598 [raft-server-1-state] TRACE i.a.utils.serializer.KryoNamespace - class java.util.Collections$UnmodifiableSet registered as 23
02:53:22.598 [raft-server-1-state] TRACE i.a.utils.serializer.KryoNamespace - class java.util.HashMap registered as 24
02:53:22.598 [raft-server-1-state] TRACE i.a.utils.serializer.KryoNamespace - class java.util.concurrent.ConcurrentHashMap registered as 25
02:53:22.598 [raft-server-1-state] TRACE i.a.utils.serializer.KryoNamespace - class java.util.concurrent.CopyOnWriteArraySet registered as 26
02:53:22.598 [raft-server-1-state] TRACE i.a.utils.serializer.KryoNamespace - class java.util.ArrayList registered as 27
02:53:22.598 [raft-server-1-state] TRACE i.a.utils.serializer.KryoNamespace - class java.util.LinkedList registered as 28
02:53:22.598 [raft-server-1-state] TRACE i.a.utils.serializer.KryoNamespace - class java.util.HashSet registered as 29
02:53:22.598 [raft-server-1-state] TRACE i.a.utils.serializer.KryoNamespace - class java.util.LinkedHashSet registered as 30
02:53:22.598 [raft-server-1-state] TRACE i.a.utils.serializer.KryoNamespace - class com.sun.jmx.remote.internal.ArrayQueue registered as 31
02:53:22.598 [raft-server-1-state] TRACE i.a.utils.serializer.KryoNamespace - class java.util.ArrayDeque registered as 32
02:53:22.598 [raft-server-1-state] TRACE i.a.utils.serializer.KryoNamespace - class com.google.common.collect.HashMultiset registered as 33
02:53:22.598 [raft-server-1-state] TRACE i.a.utils.serializer.KryoNamespace - class com.google.common.collect.Sets registered as 34
02:53:22.598 [raft-server-1-state] TRACE i.a.utils.serializer.KryoNamespace - class com.google.common.collect.ImmutableEntry registered as 35
02:53:22.598 [raft-server-1-state] TRACE i.a.utils.serializer.KryoNamespace - class java.util.Arrays$ArrayList registered as 36
02:53:22.598 [raft-server-1-state] TRACE i.a.utils.serializer.KryoNamespace - class java.util.Collections$SingletonList registered as 37
02:53:22.598 [raft-server-1-state] TRACE i.a.utils.serializer.KryoNamespace - class java.time.Duration registered as 38
02:53:22.598 [raft-server-1-state] TRACE i.a.utils.serializer.KryoNamespace - class java.util.Collections$EmptySet registered as 39
02:53:22.598 [raft-server-1-state] TRACE i.a.utils.serializer.KryoNamespace - class java.util.Optional registered as 40
02:53:22.598 [raft-server-1-state] TRACE i.a.utils.serializer.KryoNamespace - class java.util.Collections$EmptyList registered as 41
02:53:22.599 [raft-server-1-state] TRACE i.a.utils.serializer.KryoNamespace - class java.util.Collections$SingletonSet registered as 42
02:53:22.599 [raft-server-1-state] TRACE i.a.utils.serializer.KryoNamespace - class [I registered as 43
02:53:22.599 [raft-server-1-state] TRACE i.a.utils.serializer.KryoNamespace - class [J registered as 44
02:53:22.599 [raft-server-1-state] TRACE i.a.utils.serializer.KryoNamespace - class [S registered as 45
02:53:22.599 [raft-server-1-state] TRACE i.a.utils.serializer.KryoNamespace - class [D registered as 46
02:53:22.599 [raft-server-1-state] TRACE i.a.utils.serializer.KryoNamespace - class [F registered as 47
02:53:22.599 [raft-server-1-state] TRACE i.a.utils.serializer.KryoNamespace - class [C registered as 48
02:53:22.599 [raft-server-1-state] TRACE i.a.utils.serializer.KryoNamespace - class [Ljava.lang.String; registered as 49
02:53:22.599 [raft-server-1-state] TRACE i.a.utils.serializer.KryoNamespace - class [Z registered as 50
02:53:22.599 [raft-server-1-state] TRACE i.a.utils.serializer.KryoNamespace - class [Ljava.lang.Object; registered as 51
02:53:22.599 [raft-server-1-state] TRACE i.a.utils.serializer.KryoNamespace - class io.atomix.primitive.service.ServiceConfig registered as 52
02:53:22.599 [raft-server-1-state] DEBUG i.a.p.r.service.RaftServiceContext - PrimitiveService{2}{type=io.atomix.protocols.raft.RaftTest$TestPrimitiveType@45397ff4, name=raft-test} - Taking snapshot 38
02:53:22.599 [raft-server-1-state] TRACE i.a.utils.serializer.KryoNamespace - Creating Kryo instance for KryoNamespace{registeredBlocks=[RegistrationBlock{begin=16, types=[([Ljava.lang.Class;@6b321262,null), ([Ljava.lang.Class;@68b11545,null), ([Ljava.lang.Class;@7d0100ea,null), ([Ljava.lang.Class;@357bc488,null), ([Ljava.lang.Class;@4ea17147,io.atomix.utils.serializer.serializers.ImmutableListSerializer@2eda4eeb), ([Ljava.lang.Class;@5ba90d8a,io.atomix.utils.serializer.serializers.ImmutableSetSerializer@309dcdf3), ([Ljava.lang.Class;@7573b9ee,io.atomix.utils.serializer.serializers.ImmutableMapSerializer@9a20cbd), ([Ljava.lang.Class;@1af4955e,null), ([Ljava.lang.Class;@445821a6,null), ([Ljava.lang.Class;@2c0c4c0a,null), ([Ljava.lang.Class;@35d26ad2,null), ([Ljava.lang.Class;@bb25753,null), ([Ljava.lang.Class;@ee21292,null), ([Ljava.lang.Class;@40c06358,null), ([Ljava.lang.Class;@66e21568,null), ([Ljava.lang.Class;@7f73ce28,null), ([Ljava.lang.Class;@611b35d6,null), ([Ljava.lang.Class;@2282400e,null), ([Ljava.lang.Class;@543d5863,null), ([Ljava.lang.Class;@35dece42,null), ([Ljava.lang.Class;@dd3f8aa,io.atomix.utils.serializer.serializers.ArraysAsListSerializer@3d615b2e), ([Ljava.lang.Class;@3a1f2a1,null), ([Ljava.lang.Class;@40ce9049,null), ([Ljava.lang.Class;@52ca2652,null), ([Ljava.lang.Class;@65c5bf0e,null), ([Ljava.lang.Class;@697d6ded,null), ([Ljava.lang.Class;@5d05f453,null), ([Ljava.lang.Class;@5efeb117,null), ([Ljava.lang.Class;@160b4809,null), ([Ljava.lang.Class;@149b4d20,null), ([Ljava.lang.Class;@664e848c,null), ([Ljava.lang.Class;@4d93f75b,null), ([Ljava.lang.Class;@114a5e0,null), ([Ljava.lang.Class;@4f281aaf,null), ([Ljava.lang.Class;@5d508d22,null), ([Ljava.lang.Class;@f2b90fc,null)]}, RegistrationBlock{begin=52, types=[([Ljava.lang.Class;@6f3c742c,null)]}]}
02:53:22.599 [raft-server-1-state] TRACE i.a.utils.serializer.KryoNamespace - class [B registered as 16
02:53:22.599 [raft-server-1-state] TRACE i.a.utils.serializer.KryoNamespace - class java.util.concurrent.atomic.AtomicBoolean registered as 17
02:53:22.599 [raft-server-1-state] TRACE i.a.utils.serializer.KryoNamespace - class java.util.concurrent.atomic.AtomicInteger registered as 18
02:53:22.599 [raft-server-1-state] TRACE i.a.utils.serializer.KryoNamespace - class java.util.concurrent.atomic.AtomicLong registered as 19
02:53:22.599 [raft-server-1-state] TRACE i.a.utils.serializer.KryoNamespace - class com.google.common.collect.ImmutableList registered as 20
02:53:22.599 [raft-server-1-state] TRACE i.a.utils.serializer.KryoNamespace - class com.google.common.collect.RegularImmutableList registered as 20
02:53:22.599 [raft-server-1-state] TRACE i.a.utils.serializer.KryoNamespace - class com.google.common.collect.RegularImmutableList registered as 20
02:53:22.599 [raft-server-1-state] TRACE i.a.utils.serializer.KryoNamespace - class com.google.common.collect.ImmutableList$SubList registered as 20
02:53:22.599 [raft-server-1-state] TRACE i.a.utils.serializer.KryoNamespace - class com.google.common.collect.ImmutableSet registered as 21
02:53:22.599 [raft-server-1-state] TRACE i.a.utils.serializer.KryoNamespace - class com.google.common.collect.RegularImmutableSet registered as 21
02:53:22.599 [raft-server-1-state] TRACE i.a.utils.serializer.KryoNamespace - class com.google.common.collect.SingletonImmutableSet registered as 21
02:53:22.599 [raft-server-1-state] TRACE i.a.utils.serializer.KryoNamespace - class com.google.common.collect.RegularImmutableSet registered as 21
02:53:22.599 [raft-server-1-state] TRACE i.a.utils.serializer.KryoNamespace - class com.google.common.collect.ImmutableMap registered as 22
02:53:22.599 [raft-server-1-state] TRACE i.a.utils.serializer.KryoNamespace - class com.google.common.collect.RegularImmutableMap registered as 22
02:53:22.599 [raft-server-1-state] TRACE i.a.utils.serializer.KryoNamespace - class com.google.common.collect.RegularImmutableMap registered as 22
02:53:22.599 [raft-server-1-state] TRACE i.a.utils.serializer.KryoNamespace - class com.google.common.collect.RegularImmutableMap registered as 22
02:53:22.599 [raft-server-1-state] TRACE i.a.utils.serializer.KryoNamespace - class java.util.Collections$UnmodifiableSet registered as 23
02:53:22.599 [raft-server-1-state] TRACE i.a.utils.serializer.KryoNamespace - class java.util.HashMap registered as 24
02:53:22.600 [raft-server-1-state] TRACE i.a.utils.serializer.KryoNamespace - class java.util.concurrent.ConcurrentHashMap registered as 25
02:53:22.600 [raft-server-1-state] TRACE i.a.utils.serializer.KryoNamespace - class java.util.concurrent.CopyOnWriteArraySet registered as 26
02:53:22.600 [raft-server-1-state] TRACE i.a.utils.serializer.KryoNamespace - class java.util.ArrayList registered as 27
02:53:22.600 [raft-server-1-state] TRACE i.a.utils.serializer.KryoNamespace - class java.util.LinkedList registered as 28
02:53:22.600 [raft-server-1-state] TRACE i.a.utils.serializer.KryoNamespace - class java.util.HashSet registered as 29
02:53:22.600 [raft-server-1-state] TRACE i.a.utils.serializer.KryoNamespace - class java.util.LinkedHashSet registered as 30
02:53:22.600 [raft-server-1-state] TRACE i.a.utils.serializer.KryoNamespace - class com.sun.jmx.remote.internal.ArrayQueue registered as 31
02:53:22.600 [raft-server-1-state] TRACE i.a.utils.serializer.KryoNamespace - class java.util.ArrayDeque registered as 32
02:53:22.600 [raft-server-1-state] TRACE i.a.utils.serializer.KryoNamespace - class com.google.common.collect.HashMultiset registered as 33
02:53:22.600 [raft-server-1-state] TRACE i.a.utils.serializer.KryoNamespace - class com.google.common.collect.Sets registered as 34
02:53:22.600 [raft-server-1-state] TRACE i.a.utils.serializer.KryoNamespace - class com.google.common.collect.ImmutableEntry registered as 35
02:53:22.600 [raft-server-1-state] TRACE i.a.utils.serializer.KryoNamespace - class java.util.Arrays$ArrayList registered as 36
02:53:22.600 [raft-server-1-state] TRACE i.a.utils.serializer.KryoNamespace - class java.util.Collections$SingletonList registered as 37
02:53:22.600 [raft-server-1-state] TRACE i.a.utils.serializer.KryoNamespace - class java.time.Duration registered as 38
02:53:22.600 [raft-server-1-state] TRACE i.a.utils.serializer.KryoNamespace - class java.util.Collections$EmptySet registered as 39
02:53:22.600 [raft-server-1-state] TRACE i.a.utils.serializer.KryoNamespace - class java.util.Optional registered as 40
02:53:22.600 [raft-server-1-state] TRACE i.a.utils.serializer.KryoNamespace - class java.util.Collections$EmptyList registered as 41
02:53:22.600 [raft-server-1-state] TRACE i.a.utils.serializer.KryoNamespace - class java.util.Collections$SingletonSet registered as 42
02:53:22.600 [raft-server-1-state] TRACE i.a.utils.serializer.KryoNamespace - class [I registered as 43
02:53:22.600 [raft-server-1-state] TRACE i.a.utils.serializer.KryoNamespace - class [J registered as 44
02:53:22.600 [raft-server-1-state] TRACE i.a.utils.serializer.KryoNamespace - class [S registered as 45
02:53:22.600 [raft-server-1-state] TRACE i.a.utils.serializer.KryoNamespace - class [D registered as 46
02:53:22.600 [raft-server-1-state] TRACE i.a.utils.serializer.KryoNamespace - class [F registered as 47
02:53:22.600 [raft-server-1-state] TRACE i.a.utils.serializer.KryoNamespace - class [C registered as 48
02:53:22.600 [raft-server-1-state] TRACE i.a.utils.serializer.KryoNamespace - class [Ljava.lang.String; registered as 49
02:53:22.600 [raft-server-1-state] TRACE i.a.utils.serializer.KryoNamespace - class [Z registered as 50
02:53:22.600 [raft-server-1-state] TRACE i.a.utils.serializer.KryoNamespace - class [Ljava.lang.Object; registered as 51
02:53:22.600 [raft-server-1-state] TRACE i.a.utils.serializer.KryoNamespace - class io.atomix.primitive.service.ServiceConfig registered as 52
02:53:22.601 [raft-server-1-compaction] DEBUG i.a.p.r.s.snapshot.SnapshotStore - Created disk snapshot: FileSnapshot{index=38}
02:53:22.673 [raft-server-3] TRACE i.a.p.raft.roles.FollowerRole - RaftServer{3}{role=FOLLOWER} - Committed entries up to index 38
02:53:22.673 [raft-server-2] TRACE i.a.p.raft.roles.FollowerRole - RaftServer{2}{role=FOLLOWER} - Committed entries up to index 38
02:53:22.673 [raft-server-3] TRACE i.a.p.raft.roles.FollowerRole - RaftServer{3}{role=FOLLOWER} - Sending AppendResponse{status=OK, term=1, succeeded=true, lastLogIndex=39}
02:53:22.673 [raft-server-2] TRACE i.a.p.raft.roles.FollowerRole - RaftServer{2}{role=FOLLOWER} - Sending AppendResponse{status=OK, term=1, succeeded=true, lastLogIndex=39}
02:53:22.673 [raft-server-1] TRACE i.a.p.raft.roles.LeaderAppender - RaftServer{1} - Received AppendResponse{status=OK, term=1, succeeded=true, lastLogIndex=39} from 3
02:53:22.674 [raft-server-1] TRACE i.a.p.raft.roles.LeaderAppender - RaftServer{1} - Committed entries up to 39
02:53:22.673 [raft-server-3-state] TRACE i.a.p.raft.impl.RaftServiceManager - RaftServer{3} - Applying Indexed{index=38, entry=CommandEntry{term=1, timestamp=2018-06-09 02:53:22,442, session=2, sequence=31, operation=PrimitiveOperation{id=DefaultOperationId{id=write, type=COMMAND}, value=byte[]{length=17, hash=-1644578928}}}}
02:53:22.673 [raft-server-2-state] TRACE i.a.p.raft.impl.RaftServiceManager - RaftServer{2} - Applying Indexed{index=38, entry=CommandEntry{term=1, timestamp=2018-06-09 02:53:22,442, session=2, sequence=31, operation=PrimitiveOperation{id=DefaultOperationId{id=write, type=COMMAND}, value=byte[]{length=17, hash=-1644578928}}}}
02:53:22.674 [raft-server-3-state] TRACE i.a.p.s.impl.DefaultServiceExecutor - PrimitiveService{2}{type=io.atomix.protocols.raft.RaftTest$TestPrimitiveType@30e8e4fb, name=raft-test} - Executing DefaultCommit{index=38, session=RaftSession{RaftServiceContext{server=3, type=io.atomix.protocols.raft.RaftTest$TestPrimitiveType@30e8e4fb, name=raft-test, id=2}, session=2, timestamp=2018-06-09 02:53:22,442}, time=2018-06-09 02:53:22,442, operation=DefaultOperationId{id=write, type=COMMAND}, value=byte[]{length=17, hash=-1644578928}}
02:53:22.674 [raft-server-2-state] TRACE i.a.p.s.impl.DefaultServiceExecutor - PrimitiveService{2}{type=io.atomix.protocols.raft.RaftTest$TestPrimitiveType@1c47fd5, name=raft-test} - Executing DefaultCommit{index=38, session=RaftSession{RaftServiceContext{server=2, type=io.atomix.protocols.raft.RaftTest$TestPrimitiveType@1c47fd5, name=raft-test, id=2}, session=2, timestamp=2018-06-09 02:53:22,442}, time=2018-06-09 02:53:22,442, operation=DefaultOperationId{id=write, type=COMMAND}, value=byte[]{length=17, hash=-1644578928}}
02:53:22.754 [raft-server-1] TRACE i.a.p.raft.roles.LeaderAppender - RaftServer{1} - Sending AppendRequest{term=1, leader=1, prevLogIndex=39, prevLogTerm=1, entries=0, commitIndex=39} to 3
02:53:22.755 [raft-server-1] TRACE i.a.p.raft.roles.LeaderAppender - RaftServer{1} - Received AppendResponse{status=OK, term=1, succeeded=true, lastLogIndex=39} from 2
02:53:22.755 [raft-server-3] TRACE i.a.p.raft.roles.FollowerRole - RaftServer{3}{role=FOLLOWER} - Received AppendRequest{term=1, leader=1, prevLogIndex=39, prevLogTerm=1, entries=0, commitIndex=39}
02:53:22.755 [raft-server-1] TRACE i.a.p.raft.roles.LeaderAppender - RaftServer{1} - Sending AppendRequest{term=1, leader=1, prevLogIndex=39, prevLogTerm=1, entries=0, commitIndex=39} to 2
02:53:22.755 [raft-server-2] TRACE i.a.p.raft.roles.FollowerRole - RaftServer{2}{role=FOLLOWER} - Received AppendRequest{term=1, leader=1, prevLogIndex=39, prevLogTerm=1, entries=0, commitIndex=39}
02:53:22.755 [raft-server-1-state] TRACE i.a.p.raft.impl.RaftServiceManager - RaftServer{1} - Applying Indexed{index=39, entry=CommandEntry{term=1, timestamp=2018-06-09 02:53:22,597, session=2, sequence=32, operation=PrimitiveOperation{id=DefaultOperationId{id=write, type=COMMAND}, value=byte[]{length=17, hash=-1644578928}}}}
02:53:22.755 [raft-server-1-state] TRACE i.a.p.s.impl.DefaultServiceExecutor - PrimitiveService{2}{type=io.atomix.protocols.raft.RaftTest$TestPrimitiveType@45397ff4, name=raft-test} - Executing DefaultCommit{index=39, session=RaftSession{RaftServiceContext{server=1, type=io.atomix.protocols.raft.RaftTest$TestPrimitiveType@45397ff4, name=raft-test, id=2}, session=2, timestamp=2018-06-09 02:53:22,597}, time=2018-06-09 02:53:22,597, operation=DefaultOperationId{id=write, type=COMMAND}, value=byte[]{length=17, hash=-1644578928}}
02:53:22.755 [raft-server-1-state] TRACE i.a.protocols.raft.roles.LeaderRole - RaftServer{1}{role=LEADER} - Sending CommandResponse{status=OK, index=39, eventIndex=2, result=byte[]{length=2, hash=1318}}
02:53:22.755 [raft-client-02319fd7-5003-4fac-b562-689b946eac2b-4] TRACE i.a.p.r.p.impl.RaftProxyConnection - ProxySession{2}{type=io.atomix.protocols.raft.RaftTest$TestPrimitiveType@35bfa1bb, name=raft-test} - Received CommandResponse{status=OK, index=39, eventIndex=2, result=byte[]{length=2, hash=1318}} from 1
02:53:22.755 [raft-client-02319fd7-5003-4fac-b562-689b946eac2b-4] TRACE i.a.p.r.p.impl.RaftProxySequencer - ProxySession{2}{type=io.atomix.protocols.raft.RaftTest$TestPrimitiveType@35bfa1bb, name=raft-test} - Completing response CommandResponse{status=OK, index=39, eventIndex=2, result=byte[]{length=2, hash=1318}}
02:53:22.756 [raft-client-02319fd7-5003-4fac-b562-689b946eac2b-4] TRACE i.a.p.r.p.impl.RaftProxyConnection - ProxySession{2}{type=io.atomix.protocols.raft.RaftTest$TestPrimitiveType@35bfa1bb, name=raft-test} - Sending CommandRequest{session=2, sequence=33, operation=PrimitiveOperation{id=DefaultOperationId{id=write, type=COMMAND}, value=byte[]{length=17, hash=-1644578928}}} to 1
02:53:22.756 [raft-server-1] TRACE i.a.protocols.raft.roles.LeaderRole - RaftServer{1}{role=LEADER} - Received CommandRequest{session=2, sequence=33, operation=PrimitiveOperation{id=DefaultOperationId{id=write, type=COMMAND}, value=byte[]{length=17, hash=-1644578928}}}
02:53:22.756 [raft-server-1] TRACE i.a.protocols.raft.roles.LeaderRole - RaftServer{1}{role=LEADER} - Appended Indexed{index=40, entry=CommandEntry{term=1, timestamp=2018-06-09 02:53:22,756, session=2, sequence=33, operation=PrimitiveOperation{id=DefaultOperationId{id=write, type=COMMAND}, value=byte[]{length=17, hash=-1644578928}}}}
02:53:22.884 [raft-server-1] TRACE i.a.p.raft.roles.LeaderAppender - RaftServer{1} - Sending AppendRequest{term=1, leader=1, prevLogIndex=39, prevLogTerm=1, entries=1, commitIndex=39} to 3
02:53:22.884 [raft-server-1] TRACE i.a.p.raft.roles.LeaderAppender - RaftServer{1} - Sending AppendRequest{term=1, leader=1, prevLogIndex=39, prevLogTerm=1, entries=1, commitIndex=39} to 2
02:53:22.898 [raft-server-3] TRACE i.a.p.raft.roles.FollowerRole - RaftServer{3}{role=FOLLOWER} - Committed entries up to index 39
02:53:22.898 [raft-server-2] TRACE i.a.p.raft.roles.FollowerRole - RaftServer{2}{role=FOLLOWER} - Committed entries up to index 39
02:53:22.898 [raft-server-3] TRACE i.a.p.raft.roles.FollowerRole - RaftServer{3}{role=FOLLOWER} - Sending AppendResponse{status=OK, term=1, succeeded=true, lastLogIndex=39}
02:53:22.898 [raft-server-2] TRACE i.a.p.raft.roles.FollowerRole - RaftServer{2}{role=FOLLOWER} - Sending AppendResponse{status=OK, term=1, succeeded=true, lastLogIndex=39}
02:53:22.898 [raft-server-3] TRACE i.a.p.raft.roles.FollowerRole - RaftServer{3}{role=FOLLOWER} - Received AppendRequest{term=1, leader=1, prevLogIndex=39, prevLogTerm=1, entries=1, commitIndex=39}
02:53:22.898 [raft-server-1] TRACE i.a.p.raft.roles.LeaderAppender - RaftServer{1} - Received AppendResponse{status=OK, term=1, succeeded=true, lastLogIndex=39} from 3
02:53:22.902 [raft-server-2] TRACE i.a.p.raft.roles.FollowerRole - RaftServer{2}{role=FOLLOWER} - Received AppendRequest{term=1, leader=1, prevLogIndex=39, prevLogTerm=1, entries=1, commitIndex=39}
02:53:22.902 [raft-server-1] TRACE i.a.p.raft.roles.LeaderAppender - RaftServer{1} - Received AppendResponse{status=OK, term=1, succeeded=true, lastLogIndex=39} from 2
02:53:22.902 [raft-server-3] TRACE i.a.p.raft.roles.FollowerRole - RaftServer{3}{role=FOLLOWER} - Appended Indexed{index=40, entry=CommandEntry{term=1, timestamp=2018-06-09 02:53:22,756, session=2, sequence=33, operation=PrimitiveOperation{id=DefaultOperationId{id=write, type=COMMAND}, value=byte[]{length=17, hash=-1644578928}}}}
02:53:22.903 [raft-server-2] TRACE i.a.p.raft.roles.FollowerRole - RaftServer{2}{role=FOLLOWER} - Appended Indexed{index=40, entry=CommandEntry{term=1, timestamp=2018-06-09 02:53:22,756, session=2, sequence=33, operation=PrimitiveOperation{id=DefaultOperationId{id=write, type=COMMAND}, value=byte[]{length=17, hash=-1644578928}}}}
02:53:22.903 [raft-server-3] TRACE i.a.p.raft.roles.FollowerRole - RaftServer{3}{role=FOLLOWER} - Sending AppendResponse{status=OK, term=1, succeeded=true, lastLogIndex=40}
02:53:22.903 [raft-server-2] TRACE i.a.p.raft.roles.FollowerRole - RaftServer{2}{role=FOLLOWER} - Sending AppendResponse{status=OK, term=1, succeeded=true, lastLogIndex=40}
02:53:22.903 [raft-server-1] TRACE i.a.p.raft.roles.LeaderAppender - RaftServer{1} - Received AppendResponse{status=OK, term=1, succeeded=true, lastLogIndex=40} from 3
02:53:22.903 [raft-server-3-state] TRACE i.a.p.raft.impl.RaftServiceManager - RaftServer{3} - Applying Indexed{index=39, entry=CommandEntry{term=1, timestamp=2018-06-09 02:53:22,597, session=2, sequence=32, operation=PrimitiveOperation{id=DefaultOperationId{id=write, type=COMMAND}, value=byte[]{length=17, hash=-1644578928}}}}
02:53:22.903 [raft-server-1] TRACE i.a.p.raft.roles.LeaderAppender - RaftServer{1} - Committed entries up to 40
02:53:22.903 [raft-server-2-state] TRACE i.a.p.raft.impl.RaftServiceManager - RaftServer{2} - Applying Indexed{index=39, entry=CommandEntry{term=1, timestamp=2018-06-09 02:53:22,597, session=2, sequence=32, operation=PrimitiveOperation{id=DefaultOperationId{id=write, type=COMMAND}, value=byte[]{length=17, hash=-1644578928}}}}
02:53:22.903 [raft-server-3-state] TRACE i.a.p.s.impl.DefaultServiceExecutor - PrimitiveService{2}{type=io.atomix.protocols.raft.RaftTest$TestPrimitiveType@30e8e4fb, name=raft-test} - Executing DefaultCommit{index=39, session=RaftSession{RaftServiceContext{server=3, type=io.atomix.protocols.raft.RaftTest$TestPrimitiveType@30e8e4fb, name=raft-test, id=2}, session=2, timestamp=2018-06-09 02:53:22,597}, time=2018-06-09 02:53:22,597, operation=DefaultOperationId{id=write, type=COMMAND}, value=byte[]{length=17, hash=-1644578928}}
02:53:22.903 [raft-server-2-state] TRACE i.a.p.s.impl.DefaultServiceExecutor - PrimitiveService{2}{type=io.atomix.protocols.raft.RaftTest$TestPrimitiveType@1c47fd5, name=raft-test} - Executing DefaultCommit{index=39, session=RaftSession{RaftServiceContext{server=2, type=io.atomix.protocols.raft.RaftTest$TestPrimitiveType@1c47fd5, name=raft-test, id=2}, session=2, timestamp=2018-06-09 02:53:22,597}, time=2018-06-09 02:53:22,597, operation=DefaultOperationId{id=write, type=COMMAND}, value=byte[]{length=17, hash=-1644578928}}
02:53:22.909 [raft-server-2] DEBUG i.a.p.raft.impl.RaftServiceManager - RaftServer{2} - Snapshotting services
02:53:22.909 [raft-server-2-state] DEBUG i.a.p.r.s.snapshot.SnapshotStore - Created memory snapshot: MemorySnapshot{index=39}
02:53:22.909 [raft-server-2-state] TRACE i.a.utils.serializer.KryoNamespace - Creating Kryo instance for KryoNamespace{registeredBlocks=[RegistrationBlock{begin=16, types=[([Ljava.lang.Class;@6b321262,null), ([Ljava.lang.Class;@68b11545,null), ([Ljava.lang.Class;@7d0100ea,null), ([Ljava.lang.Class;@357bc488,null), ([Ljava.lang.Class;@4ea17147,io.atomix.utils.serializer.serializers.ImmutableListSerializer@2eda4eeb), ([Ljava.lang.Class;@5ba90d8a,io.atomix.utils.serializer.serializers.ImmutableSetSerializer@309dcdf3), ([Ljava.lang.Class;@7573b9ee,io.atomix.utils.serializer.serializers.ImmutableMapSerializer@9a20cbd), ([Ljava.lang.Class;@1af4955e,null), ([Ljava.lang.Class;@445821a6,null), ([Ljava.lang.Class;@2c0c4c0a,null), ([Ljava.lang.Class;@35d26ad2,null), ([Ljava.lang.Class;@bb25753,null), ([Ljava.lang.Class;@ee21292,null), ([Ljava.lang.Class;@40c06358,null), ([Ljava.lang.Class;@66e21568,null), ([Ljava.lang.Class;@7f73ce28,null), ([Ljava.lang.Class;@611b35d6,null), ([Ljava.lang.Class;@2282400e,null), ([Ljava.lang.Class;@543d5863,null), ([Ljava.lang.Class;@35dece42,null), ([Ljava.lang.Class;@dd3f8aa,io.atomix.utils.serializer.serializers.ArraysAsListSerializer@3d615b2e), ([Ljava.lang.Class;@3a1f2a1,null), ([Ljava.lang.Class;@40ce9049,null), ([Ljava.lang.Class;@52ca2652,null), ([Ljava.lang.Class;@65c5bf0e,null), ([Ljava.lang.Class;@697d6ded,null), ([Ljava.lang.Class;@5d05f453,null), ([Ljava.lang.Class;@5efeb117,null), ([Ljava.lang.Class;@160b4809,null), ([Ljava.lang.Class;@149b4d20,null), ([Ljava.lang.Class;@664e848c,null), ([Ljava.lang.Class;@4d93f75b,null), ([Ljava.lang.Class;@114a5e0,null), ([Ljava.lang.Class;@4f281aaf,null), ([Ljava.lang.Class;@5d508d22,null), ([Ljava.lang.Class;@f2b90fc,null)]}, RegistrationBlock{begin=52, types=[([Ljava.lang.Class;@43f375e6,null)]}]}
02:53:22.909 [raft-server-2-state] TRACE i.a.utils.serializer.KryoNamespace - class [B registered as 16
02:53:22.909 [raft-server-2-state] TRACE i.a.utils.serializer.KryoNamespace - class java.util.concurrent.atomic.AtomicBoolean registered as 17
02:53:22.909 [raft-server-2-state] TRACE i.a.utils.serializer.KryoNamespace - class java.util.concurrent.atomic.AtomicInteger registered as 18
02:53:22.910 [raft-server-2-state] TRACE i.a.utils.serializer.KryoNamespace - class java.util.concurrent.atomic.AtomicLong registered as 19
02:53:22.910 [raft-server-2-state] TRACE i.a.utils.serializer.KryoNamespace - class com.google.common.collect.ImmutableList registered as 20
02:53:22.910 [raft-server-2-state] TRACE i.a.utils.serializer.KryoNamespace - class com.google.common.collect.RegularImmutableList registered as 20
02:53:22.910 [raft-server-2-state] TRACE i.a.utils.serializer.KryoNamespace - class com.google.common.collect.RegularImmutableList registered as 20
02:53:22.910 [raft-server-2-state] TRACE i.a.utils.serializer.KryoNamespace - class com.google.common.collect.ImmutableList$SubList registered as 20
02:53:22.910 [raft-server-2-state] TRACE i.a.utils.serializer.KryoNamespace - class com.google.common.collect.ImmutableSet registered as 21
02:53:22.910 [raft-server-2-state] TRACE i.a.utils.serializer.KryoNamespace - class com.google.common.collect.RegularImmutableSet registered as 21
02:53:22.910 [raft-server-2-state] TRACE i.a.utils.serializer.KryoNamespace - class com.google.common.collect.SingletonImmutableSet registered as 21
02:53:22.910 [raft-server-2-state] TRACE i.a.utils.serializer.KryoNamespace - class com.google.common.collect.RegularImmutableSet registered as 21
02:53:22.910 [raft-server-2-state] TRACE i.a.utils.serializer.KryoNamespace - class com.google.common.collect.ImmutableMap registered as 22
02:53:22.910 [raft-server-2-state] TRACE i.a.utils.serializer.KryoNamespace - class com.google.common.collect.RegularImmutableMap registered as 22
02:53:22.910 [raft-server-2-state] TRACE i.a.utils.serializer.KryoNamespace - class com.google.common.collect.RegularImmutableMap registered as 22
02:53:22.910 [raft-server-2-state] TRACE i.a.utils.serializer.KryoNamespace - class com.google.common.collect.RegularImmutableMap registered as 22
02:53:22.910 [raft-server-2-state] TRACE i.a.utils.serializer.KryoNamespace - class java.util.Collections$UnmodifiableSet registered as 23
02:53:22.910 [raft-server-2-state] TRACE i.a.utils.serializer.KryoNamespace - class java.util.HashMap registered as 24
02:53:22.910 [raft-server-2-state] TRACE i.a.utils.serializer.KryoNamespace - class java.util.concurrent.ConcurrentHashMap registered as 25
02:53:22.910 [raft-server-2-state] TRACE i.a.utils.serializer.KryoNamespace - class java.util.concurrent.CopyOnWriteArraySet registered as 26
02:53:22.910 [raft-server-2-state] TRACE i.a.utils.serializer.KryoNamespace - class java.util.ArrayList registered as 27
02:53:22.910 [raft-server-2-state] TRACE i.a.utils.serializer.KryoNamespace - class java.util.LinkedList registered as 28
02:53:22.910 [raft-server-2-state] TRACE i.a.utils.serializer.KryoNamespace - class java.util.HashSet registered as 29
02:53:22.910 [raft-server-2-state] TRACE i.a.utils.serializer.KryoNamespace - class java.util.LinkedHashSet registered as 30
02:53:22.910 [raft-server-2-state] TRACE i.a.utils.serializer.KryoNamespace - class com.sun.jmx.remote.internal.ArrayQueue registered as 31
02:53:22.910 [raft-server-2-state] TRACE i.a.utils.serializer.KryoNamespace - class java.util.ArrayDeque registered as 32
02:53:22.910 [raft-server-2-state] TRACE i.a.utils.serializer.KryoNamespace - class com.google.common.collect.HashMultiset registered as 33
02:53:22.910 [raft-server-2-state] TRACE i.a.utils.serializer.KryoNamespace - class com.google.common.collect.Sets registered as 34
02:53:22.910 [raft-server-2-state] TRACE i.a.utils.serializer.KryoNamespace - class com.google.common.collect.ImmutableEntry registered as 35
02:53:22.910 [raft-server-2-state] TRACE i.a.utils.serializer.KryoNamespace - class java.util.Arrays$ArrayList registered as 36
02:53:22.910 [raft-server-2-state] TRACE i.a.utils.serializer.KryoNamespace - class java.util.Collections$SingletonList registered as 37
02:53:22.910 [raft-server-2-state] TRACE i.a.utils.serializer.KryoNamespace - class java.time.Duration registered as 38
02:53:22.910 [raft-server-2-state] TRACE i.a.utils.serializer.KryoNamespace - class java.util.Collections$EmptySet registered as 39
02:53:22.910 [raft-server-2-state] TRACE i.a.utils.serializer.KryoNamespace - class java.util.Optional registered as 40
02:53:22.911 [raft-server-2-state] TRACE i.a.utils.serializer.KryoNamespace - class java.util.Collections$EmptyList registered as 41
02:53:22.911 [raft-server-2-state] TRACE i.a.utils.serializer.KryoNamespace - class java.util.Collections$SingletonSet registered as 42
02:53:22.911 [raft-server-2-state] TRACE i.a.utils.serializer.KryoNamespace - class [I registered as 43
02:53:22.911 [raft-server-2-state] TRACE i.a.utils.serializer.KryoNamespace - class [J registered as 44
02:53:22.911 [raft-server-2-state] TRACE i.a.utils.serializer.KryoNamespace - class [S registered as 45
02:53:22.911 [raft-server-2-state] TRACE i.a.utils.serializer.KryoNamespace - class [D registered as 46
02:53:22.911 [raft-server-2-state] TRACE i.a.utils.serializer.KryoNamespace - class [F registered as 47
02:53:22.911 [raft-server-2-state] TRACE i.a.utils.serializer.KryoNamespace - class [C registered as 48
02:53:22.911 [raft-server-2-state] TRACE i.a.utils.serializer.KryoNamespace - class [Ljava.lang.String; registered as 49
02:53:22.911 [raft-server-2-state] TRACE i.a.utils.serializer.KryoNamespace - class [Z registered as 50
02:53:22.911 [raft-server-2-state] TRACE i.a.utils.serializer.KryoNamespace - class [Ljava.lang.Object; registered as 51
02:53:22.911 [raft-server-2-state] TRACE i.a.utils.serializer.KryoNamespace - class io.atomix.primitive.service.ServiceConfig registered as 52
02:53:22.911 [raft-server-2-state] DEBUG i.a.p.r.service.RaftServiceContext - PrimitiveService{2}{type=io.atomix.protocols.raft.RaftTest$TestPrimitiveType@1c47fd5, name=raft-test} - Taking snapshot 39
02:53:22.911 [raft-server-2-state] TRACE i.a.utils.serializer.KryoNamespace - Creating Kryo instance for KryoNamespace{registeredBlocks=[RegistrationBlock{begin=16, types=[([Ljava.lang.Class;@6b321262,null), ([Ljava.lang.Class;@68b11545,null), ([Ljava.lang.Class;@7d0100ea,null), ([Ljava.lang.Class;@357bc488,null), ([Ljava.lang.Class;@4ea17147,io.atomix.utils.serializer.serializers.ImmutableListSerializer@2eda4eeb), ([Ljava.lang.Class;@5ba90d8a,io.atomix.utils.serializer.serializers.ImmutableSetSerializer@309dcdf3), ([Ljava.lang.Class;@7573b9ee,io.atomix.utils.serializer.serializers.ImmutableMapSerializer@9a20cbd), ([Ljava.lang.Class;@1af4955e,null), ([Ljava.lang.Class;@445821a6,null), ([Ljava.lang.Class;@2c0c4c0a,null), ([Ljava.lang.Class;@35d26ad2,null), ([Ljava.lang.Class;@bb25753,null), ([Ljava.lang.Class;@ee21292,null), ([Ljava.lang.Class;@40c06358,null), ([Ljava.lang.Class;@66e21568,null), ([Ljava.lang.Class;@7f73ce28,null), ([Ljava.lang.Class;@611b35d6,null), ([Ljava.lang.Class;@2282400e,null), ([Ljava.lang.Class;@543d5863,null), ([Ljava.lang.Class;@35dece42,null), ([Ljava.lang.Class;@dd3f8aa,io.atomix.utils.serializer.serializers.ArraysAsListSerializer@3d615b2e), ([Ljava.lang.Class;@3a1f2a1,null), ([Ljava.lang.Class;@40ce9049,null), ([Ljava.lang.Class;@52ca2652,null), ([Ljava.lang.Class;@65c5bf0e,null), ([Ljava.lang.Class;@697d6ded,null), ([Ljava.lang.Class;@5d05f453,null), ([Ljava.lang.Class;@5efeb117,null), ([Ljava.lang.Class;@160b4809,null), ([Ljava.lang.Class;@149b4d20,null), ([Ljava.lang.Class;@664e848c,null), ([Ljava.lang.Class;@4d93f75b,null), ([Ljava.lang.Class;@114a5e0,null), ([Ljava.lang.Class;@4f281aaf,null), ([Ljava.lang.Class;@5d508d22,null), ([Ljava.lang.Class;@f2b90fc,null)]}, RegistrationBlock{begin=52, types=[([Ljava.lang.Class;@4e5978b0,null)]}]}
02:53:22.911 [raft-server-2-state] TRACE i.a.utils.serializer.KryoNamespace - class [B registered as 16
02:53:22.912 [raft-server-2-state] TRACE i.a.utils.serializer.KryoNamespace - class java.util.concurrent.atomic.AtomicBoolean registered as 17
02:53:22.912 [raft-server-2-state] TRACE i.a.utils.serializer.KryoNamespace - class java.util.concurrent.atomic.AtomicInteger registered as 18
02:53:22.912 [raft-server-2-state] TRACE i.a.utils.serializer.KryoNamespace - class java.util.concurrent.atomic.AtomicLong registered as 19
02:53:22.912 [raft-server-2-state] TRACE i.a.utils.serializer.KryoNamespace - class com.google.common.collect.ImmutableList registered as 20
02:53:22.912 [raft-server-2-state] TRACE i.a.utils.serializer.KryoNamespace - class com.google.common.collect.RegularImmutableList registered as 20
02:53:22.912 [raft-server-2-state] TRACE i.a.utils.serializer.KryoNamespace - class com.google.common.collect.RegularImmutableList registered as 20
02:53:22.912 [raft-server-2-state] TRACE i.a.utils.serializer.KryoNamespace - class com.google.common.collect.ImmutableList$SubList registered as 20
02:53:22.912 [raft-server-2-state] TRACE i.a.utils.serializer.KryoNamespace - class com.google.common.collect.ImmutableSet registered as 21
02:53:22.912 [raft-server-2-state] TRACE i.a.utils.serializer.KryoNamespace - class com.google.common.collect.RegularImmutableSet registered as 21
02:53:22.912 [raft-server-2-state] TRACE i.a.utils.serializer.KryoNamespace - class com.google.common.collect.SingletonImmutableSet registered as 21
02:53:22.912 [raft-server-2-state] TRACE i.a.utils.serializer.KryoNamespace - class com.google.common.collect.RegularImmutableSet registered as 21
02:53:22.912 [raft-server-2-state] TRACE i.a.utils.serializer.KryoNamespace - class com.google.common.collect.ImmutableMap registered as 22
02:53:22.912 [raft-server-2-state] TRACE i.a.utils.serializer.KryoNamespace - class com.google.common.collect.RegularImmutableMap registered as 22
02:53:22.912 [raft-server-2-state] TRACE i.a.utils.serializer.KryoNamespace - class com.google.common.collect.RegularImmutableMap registered as 22
02:53:22.912 [raft-server-2-state] TRACE i.a.utils.serializer.KryoNamespace - class com.google.common.collect.RegularImmutableMap registered as 22
02:53:22.912 [raft-server-2-state] TRACE i.a.utils.serializer.KryoNamespace - class java.util.Collections$UnmodifiableSet registered as 23
02:53:22.912 [raft-server-2-state] TRACE i.a.utils.serializer.KryoNamespace - class java.util.HashMap registered as 24
02:53:22.912 [raft-server-2-state] TRACE i.a.utils.serializer.KryoNamespace - class java.util.concurrent.ConcurrentHashMap registered as 25
02:53:22.912 [raft-server-2-state] TRACE i.a.utils.serializer.KryoNamespace - class java.util.concurrent.CopyOnWriteArraySet registered as 26
02:53:22.912 [raft-server-2-state] TRACE i.a.utils.serializer.KryoNamespace - class java.util.ArrayList registered as 27
02:53:22.912 [raft-server-2-state] TRACE i.a.utils.serializer.KryoNamespace - class java.util.LinkedList registered as 28
02:53:22.912 [raft-server-2-state] TRACE i.a.utils.serializer.KryoNamespace - class java.util.HashSet registered as 29
02:53:22.912 [raft-server-2-state] TRACE i.a.utils.serializer.KryoNamespace - class java.util.LinkedHashSet registered as 30
02:53:22.912 [raft-server-2-state] TRACE i.a.utils.serializer.KryoNamespace - class com.sun.jmx.remote.internal.ArrayQueue registered as 31
02:53:22.912 [raft-server-2-state] TRACE i.a.utils.serializer.KryoNamespace - class java.util.ArrayDeque registered as 32
02:53:22.912 [raft-server-2-state] TRACE i.a.utils.serializer.KryoNamespace - class com.google.common.collect.HashMultiset registered as 33
02:53:22.912 [raft-server-2-state] TRACE i.a.utils.serializer.KryoNamespace - class com.google.common.collect.Sets registered as 34
02:53:22.912 [raft-server-2-state] TRACE i.a.utils.serializer.KryoNamespace - class com.google.common.collect.ImmutableEntry registered as 35
02:53:22.912 [raft-server-2-state] TRACE i.a.utils.serializer.KryoNamespace - class java.util.Arrays$ArrayList registered as 36
02:53:22.912 [raft-server-2-state] TRACE i.a.utils.serializer.KryoNamespace - class java.util.Collections$SingletonList registered as 37
02:53:22.912 [raft-server-2-state] TRACE i.a.utils.serializer.KryoNamespace - class java.time.Duration registered as 38
02:53:22.912 [raft-server-2-state] TRACE i.a.utils.serializer.KryoNamespace - class java.util.Collections$EmptySet registered as 39
02:53:22.913 [raft-server-2-state] TRACE i.a.utils.serializer.KryoNamespace - class java.util.Optional registered as 40
02:53:22.913 [raft-server-2-state] TRACE i.a.utils.serializer.KryoNamespace - class java.util.Collections$EmptyList registered as 41
02:53:22.913 [raft-server-2-state] TRACE i.a.utils.serializer.KryoNamespace - class java.util.Collections$SingletonSet registered as 42
02:53:22.913 [raft-server-2-state] TRACE i.a.utils.serializer.KryoNamespace - class [I registered as 43
02:53:22.913 [raft-server-2-state] TRACE i.a.utils.serializer.KryoNamespace - class [J registered as 44
02:53:22.913 [raft-server-2-state] TRACE i.a.utils.serializer.KryoNamespace - class [S registered as 45
02:53:22.913 [raft-server-2-state] TRACE i.a.utils.serializer.KryoNamespace - class [D registered as 46
02:53:22.913 [raft-server-2-state] TRACE i.a.utils.serializer.KryoNamespace - class [F registered as 47
02:53:22.913 [raft-server-2-state] TRACE i.a.utils.serializer.KryoNamespace - class [C registered as 48
02:53:22.913 [raft-server-2-state] TRACE i.a.utils.serializer.KryoNamespace - class [Ljava.lang.String; registered as 49
02:53:22.913 [raft-server-2-state] TRACE i.a.utils.serializer.KryoNamespace - class [Z registered as 50
02:53:22.913 [raft-server-2-state] TRACE i.a.utils.serializer.KryoNamespace - class [Ljava.lang.Object; registered as 51
02:53:22.913 [raft-server-2-state] TRACE i.a.utils.serializer.KryoNamespace - class io.atomix.primitive.service.ServiceConfig registered as 52
02:53:22.913 [raft-server-2-compaction] DEBUG i.a.p.r.s.snapshot.SnapshotStore - Created disk snapshot: FileSnapshot{index=39}
02:53:23.057 [raft-server-1] TRACE i.a.p.raft.roles.LeaderAppender - RaftServer{1} - Received AppendResponse{status=OK, term=1, succeeded=true, lastLogIndex=40} from 2
02:53:23.057 [raft-server-1-state] TRACE i.a.p.raft.impl.RaftServiceManager - RaftServer{1} - Applying Indexed{index=40, entry=CommandEntry{term=1, timestamp=2018-06-09 02:53:22,756, session=2, sequence=33, operation=PrimitiveOperation{id=DefaultOperationId{id=write, type=COMMAND}, value=byte[]{length=17, hash=-1644578928}}}}
02:53:23.057 [raft-server-1-state] TRACE i.a.p.s.impl.DefaultServiceExecutor - PrimitiveService{2}{type=io.atomix.protocols.raft.RaftTest$TestPrimitiveType@45397ff4, name=raft-test} - Executing DefaultCommit{index=40, session=RaftSession{RaftServiceContext{server=1, type=io.atomix.protocols.raft.RaftTest$TestPrimitiveType@45397ff4, name=raft-test, id=2}, session=2, timestamp=2018-06-09 02:53:22,756}, time=2018-06-09 02:53:22,756, operation=DefaultOperationId{id=write, type=COMMAND}, value=byte[]{length=17, hash=-1644578928}}
02:53:23.057 [raft-server-1-state] TRACE i.a.protocols.raft.roles.LeaderRole - RaftServer{1}{role=LEADER} - Sending CommandResponse{status=OK, index=40, eventIndex=2, result=byte[]{length=2, hash=1320}}
02:53:23.057 [raft-client-02319fd7-5003-4fac-b562-689b946eac2b-2] TRACE i.a.p.r.p.impl.RaftProxyConnection - ProxySession{2}{type=io.atomix.protocols.raft.RaftTest$TestPrimitiveType@35bfa1bb, name=raft-test} - Received CommandResponse{status=OK, index=40, eventIndex=2, result=byte[]{length=2, hash=1320}} from 1
02:53:23.057 [raft-client-02319fd7-5003-4fac-b562-689b946eac2b-2] TRACE i.a.p.r.p.impl.RaftProxySequencer - ProxySession{2}{type=io.atomix.protocols.raft.RaftTest$TestPrimitiveType@35bfa1bb, name=raft-test} - Completing response CommandResponse{status=OK, index=40, eventIndex=2, result=byte[]{length=2, hash=1320}}
02:53:23.057 [raft-client-02319fd7-5003-4fac-b562-689b946eac2b-2] TRACE i.a.p.r.p.impl.RaftProxyConnection - ProxySession{2}{type=io.atomix.protocols.raft.RaftTest$TestPrimitiveType@35bfa1bb, name=raft-test} - Sending CommandRequest{session=2, sequence=34, operation=PrimitiveOperation{id=DefaultOperationId{id=write, type=COMMAND}, value=byte[]{length=17, hash=-1644578928}}} to 1
02:53:23.058 [raft-server-1] TRACE i.a.protocols.raft.roles.LeaderRole - RaftServer{1}{role=LEADER} - Received CommandRequest{session=2, sequence=34, operation=PrimitiveOperation{id=DefaultOperationId{id=write, type=COMMAND}, value=byte[]{length=17, hash=-1644578928}}}
02:53:23.205 [raft-server-3] DEBUG i.a.p.raft.impl.RaftServiceManager - RaftServer{3} - Snapshotting services
02:53:23.205 [raft-server-3-state] DEBUG i.a.p.r.s.snapshot.SnapshotStore - Created memory snapshot: MemorySnapshot{index=39}
02:53:23.205 [raft-server-3-state] TRACE i.a.utils.serializer.KryoNamespace - Creating Kryo instance for KryoNamespace{registeredBlocks=[RegistrationBlock{begin=16, types=[([Ljava.lang.Class;@6b321262,null), ([Ljava.lang.Class;@68b11545,null), ([Ljava.lang.Class;@7d0100ea,null), ([Ljava.lang.Class;@357bc488,null), ([Ljava.lang.Class;@4ea17147,io.atomix.utils.serializer.serializers.ImmutableListSerializer@2eda4eeb), ([Ljava.lang.Class;@5ba90d8a,io.atomix.utils.serializer.serializers.ImmutableSetSerializer@309dcdf3), ([Ljava.lang.Class;@7573b9ee,io.atomix.utils.serializer.serializers.ImmutableMapSerializer@9a20cbd), ([Ljava.lang.Class;@1af4955e,null), ([Ljava.lang.Class;@445821a6,null), ([Ljava.lang.Class;@2c0c4c0a,null), ([Ljava.lang.Class;@35d26ad2,null), ([Ljava.lang.Class;@bb25753,null), ([Ljava.lang.Class;@ee21292,null), ([Ljava.lang.Class;@40c06358,null), ([Ljava.lang.Class;@66e21568,null), ([Ljava.lang.Class;@7f73ce28,null), ([Ljava.lang.Class;@611b35d6,null), ([Ljava.lang.Class;@2282400e,null), ([Ljava.lang.Class;@543d5863,null), ([Ljava.lang.Class;@35dece42,null), ([Ljava.lang.Class;@dd3f8aa,io.atomix.utils.serializer.serializers.ArraysAsListSerializer@3d615b2e), ([Ljava.lang.Class;@3a1f2a1,null), ([Ljava.lang.Class;@40ce9049,null), ([Ljava.lang.Class;@52ca2652,null), ([Ljava.lang.Class;@65c5bf0e,null), ([Ljava.lang.Class;@697d6ded,null), ([Ljava.lang.Class;@5d05f453,null), ([Ljava.lang.Class;@5efeb117,null), ([Ljava.lang.Class;@160b4809,null), ([Ljava.lang.Class;@149b4d20,null), ([Ljava.lang.Class;@664e848c,null), ([Ljava.lang.Class;@4d93f75b,null), ([Ljava.lang.Class;@114a5e0,null), ([Ljava.lang.Class;@4f281aaf,null), ([Ljava.lang.Class;@5d508d22,null), ([Ljava.lang.Class;@f2b90fc,null)]}, RegistrationBlock{begin=52, types=[([Ljava.lang.Class;@27fffc8c,null)]}]}
02:53:23.206 [raft-server-3-state] TRACE i.a.utils.serializer.KryoNamespace - class [B registered as 16
02:53:23.206 [raft-server-3-state] TRACE i.a.utils.serializer.KryoNamespace - class java.util.concurrent.atomic.AtomicBoolean registered as 17
02:53:23.206 [raft-server-3-state] TRACE i.a.utils.serializer.KryoNamespace - class java.util.concurrent.atomic.AtomicInteger registered as 18
02:53:23.206 [raft-server-3-state] TRACE i.a.utils.serializer.KryoNamespace - class java.util.concurrent.atomic.AtomicLong registered as 19
02:53:23.206 [raft-server-3-state] TRACE i.a.utils.serializer.KryoNamespace - class com.google.common.collect.ImmutableList registered as 20
02:53:23.206 [raft-server-3-state] TRACE i.a.utils.serializer.KryoNamespace - class com.google.common.collect.RegularImmutableList registered as 20
02:53:23.206 [raft-server-3-state] TRACE i.a.utils.serializer.KryoNamespace - class com.google.common.collect.RegularImmutableList registered as 20
02:53:23.206 [raft-server-3-state] TRACE i.a.utils.serializer.KryoNamespace - class com.google.common.collect.ImmutableList$SubList registered as 20
02:53:23.206 [raft-server-3-state] TRACE i.a.utils.serializer.KryoNamespace - class com.google.common.collect.ImmutableSet registered as 21
02:53:23.206 [raft-server-3-state] TRACE i.a.utils.serializer.KryoNamespace - class com.google.common.collect.RegularImmutableSet registered as 21
02:53:23.206 [raft-server-3-state] TRACE i.a.utils.serializer.KryoNamespace - class com.google.common.collect.SingletonImmutableSet registered as 21
02:53:23.206 [raft-server-3-state] TRACE i.a.utils.serializer.KryoNamespace - class com.google.common.collect.RegularImmutableSet registered as 21
02:53:23.206 [raft-server-3-state] TRACE i.a.utils.serializer.KryoNamespace - class com.google.common.collect.ImmutableMap registered as 22
02:53:23.206 [raft-server-3-state] TRACE i.a.utils.serializer.KryoNamespace - class com.google.common.collect.RegularImmutableMap registered as 22
02:53:23.206 [raft-server-3-state] TRACE i.a.utils.serializer.KryoNamespace - class com.google.common.collect.RegularImmutableMap registered as 22
02:53:23.206 [raft-server-3-state] TRACE i.a.utils.serializer.KryoNamespace - class com.google.common.collect.RegularImmutableMap registered as 22
02:53:23.206 [raft-server-3-state] TRACE i.a.utils.serializer.KryoNamespace - class java.util.Collections$UnmodifiableSet registered as 23
02:53:23.206 [raft-server-3-state] TRACE i.a.utils.serializer.KryoNamespace - class java.util.HashMap registered as 24
02:53:23.206 [raft-server-3-state] TRACE i.a.utils.serializer.KryoNamespace - class java.util.concurrent.ConcurrentHashMap registered as 25
02:53:23.206 [raft-server-3-state] TRACE i.a.utils.serializer.KryoNamespace - class java.util.concurrent.CopyOnWriteArraySet registered as 26
02:53:23.206 [raft-server-3-state] TRACE i.a.utils.serializer.KryoNamespace - class java.util.ArrayList registered as 27
02:53:23.206 [raft-server-3-state] TRACE i.a.utils.serializer.KryoNamespace - class java.util.LinkedList registered as 28
02:53:23.206 [raft-server-3-state] TRACE i.a.utils.serializer.KryoNamespace - class java.util.HashSet registered as 29
02:53:23.206 [raft-server-3-state] TRACE i.a.utils.serializer.KryoNamespace - class java.util.LinkedHashSet registered as 30
02:53:23.206 [raft-server-3-state] TRACE i.a.utils.serializer.KryoNamespace - class com.sun.jmx.remote.internal.ArrayQueue registered as 31
02:53:23.206 [raft-server-3-state] TRACE i.a.utils.serializer.KryoNamespace - class java.util.ArrayDeque registered as 32
02:53:23.206 [raft-server-3-state] TRACE i.a.utils.serializer.KryoNamespace - class com.google.common.collect.HashMultiset registered as 33
02:53:23.206 [raft-server-3-state] TRACE i.a.utils.serializer.KryoNamespace - class com.google.common.collect.Sets registered as 34
02:53:23.206 [raft-server-3-state] TRACE i.a.utils.serializer.KryoNamespace - class com.google.common.collect.ImmutableEntry registered as 35
02:53:23.206 [raft-server-3-state] TRACE i.a.utils.serializer.KryoNamespace - class java.util.Arrays$ArrayList registered as 36
02:53:23.206 [raft-server-3-state] TRACE i.a.utils.serializer.KryoNamespace - class java.util.Collections$SingletonList registered as 37
02:53:23.206 [raft-server-3-state] TRACE i.a.utils.serializer.KryoNamespace - class java.time.Duration registered as 38
02:53:23.206 [raft-server-3-state] TRACE i.a.utils.serializer.KryoNamespace - class java.util.Collections$EmptySet registered as 39
02:53:23.206 [raft-server-3-state] TRACE i.a.utils.serializer.KryoNamespace - class java.util.Optional registered as 40
02:53:23.206 [raft-server-3-state] TRACE i.a.utils.serializer.KryoNamespace - class java.util.Collections$EmptyList registered as 41
02:53:23.206 [raft-server-3-state] TRACE i.a.utils.serializer.KryoNamespace - class java.util.Collections$SingletonSet registered as 42
02:53:23.206 [raft-server-3-state] TRACE i.a.utils.serializer.KryoNamespace - class [I registered as 43
02:53:23.207 [raft-server-3-state] TRACE i.a.utils.serializer.KryoNamespace - class [J registered as 44
02:53:23.207 [raft-server-3-state] TRACE i.a.utils.serializer.KryoNamespace - class [S registered as 45
02:53:23.207 [raft-server-3-state] TRACE i.a.utils.serializer.KryoNamespace - class [D registered as 46
02:53:23.207 [raft-server-3-state] TRACE i.a.utils.serializer.KryoNamespace - class [F registered as 47
02:53:23.207 [raft-server-3-state] TRACE i.a.utils.serializer.KryoNamespace - class [C registered as 48
02:53:23.207 [raft-server-3-state] TRACE i.a.utils.serializer.KryoNamespace - class [Ljava.lang.String; registered as 49
02:53:23.207 [raft-server-3-state] TRACE i.a.utils.serializer.KryoNamespace - class [Z registered as 50
02:53:23.207 [raft-server-3-state] TRACE i.a.utils.serializer.KryoNamespace - class [Ljava.lang.Object; registered as 51
02:53:23.207 [raft-server-3-state] TRACE i.a.utils.serializer.KryoNamespace - class io.atomix.primitive.service.ServiceConfig registered as 52
02:53:23.207 [raft-server-3-state] DEBUG i.a.p.r.service.RaftServiceContext - PrimitiveService{2}{type=io.atomix.protocols.raft.RaftTest$TestPrimitiveType@30e8e4fb, name=raft-test} - Taking snapshot 39
02:53:23.207 [raft-server-3-state] TRACE i.a.utils.serializer.KryoNamespace - Creating Kryo instance for KryoNamespace{registeredBlocks=[RegistrationBlock{begin=16, types=[([Ljava.lang.Class;@6b321262,null), ([Ljava.lang.Class;@68b11545,null), ([Ljava.lang.Class;@7d0100ea,null), ([Ljava.lang.Class;@357bc488,null), ([Ljava.lang.Class;@4ea17147,io.atomix.utils.serializer.serializers.ImmutableListSerializer@2eda4eeb), ([Ljava.lang.Class;@5ba90d8a,io.atomix.utils.serializer.serializers.ImmutableSetSerializer@309dcdf3), ([Ljava.lang.Class;@7573b9ee,io.atomix.utils.serializer.serializers.ImmutableMapSerializer@9a20cbd), ([Ljava.lang.Class;@1af4955e,null), ([Ljava.lang.Class;@445821a6,null), ([Ljava.lang.Class;@2c0c4c0a,null), ([Ljava.lang.Class;@35d26ad2,null), ([Ljava.lang.Class;@bb25753,null), ([Ljava.lang.Class;@ee21292,null), ([Ljava.lang.Class;@40c06358,null), ([Ljava.lang.Class;@66e21568,null), ([Ljava.lang.Class;@7f73ce28,null), ([Ljava.lang.Class;@611b35d6,null), ([Ljava.lang.Class;@2282400e,null), ([Ljava.lang.Class;@543d5863,null), ([Ljava.lang.Class;@35dece42,null), ([Ljava.lang.Class;@dd3f8aa,io.atomix.utils.serializer.serializers.ArraysAsListSerializer@3d615b2e), ([Ljava.lang.Class;@3a1f2a1,null), ([Ljava.lang.Class;@40ce9049,null), ([Ljava.lang.Class;@52ca2652,null), ([Ljava.lang.Class;@65c5bf0e,null), ([Ljava.lang.Class;@697d6ded,null), ([Ljava.lang.Class;@5d05f453,null), ([Ljava.lang.Class;@5efeb117,null), ([Ljava.lang.Class;@160b4809,null), ([Ljava.lang.Class;@149b4d20,null), ([Ljava.lang.Class;@664e848c,null), ([Ljava.lang.Class;@4d93f75b,null), ([Ljava.lang.Class;@114a5e0,null), ([Ljava.lang.Class;@4f281aaf,null), ([Ljava.lang.Class;@5d508d22,null), ([Ljava.lang.Class;@f2b90fc,null)]}, RegistrationBlock{begin=52, types=[([Ljava.lang.Class;@73a21ada,null)]}]}
02:53:23.207 [raft-server-3-state] TRACE i.a.utils.serializer.KryoNamespace - class [B registered as 16
02:53:23.207 [raft-server-3-state] TRACE i.a.utils.serializer.KryoNamespace - class java.util.concurrent.atomic.AtomicBoolean registered as 17
02:53:23.207 [raft-server-3-state] TRACE i.a.utils.serializer.KryoNamespace - class java.util.concurrent.atomic.AtomicInteger registered as 18
02:53:23.207 [raft-server-3-state] TRACE i.a.utils.serializer.KryoNamespace - class java.util.concurrent.atomic.AtomicLong registered as 19
02:53:23.207 [raft-server-3-state] TRACE i.a.utils.serializer.KryoNamespace - class com.google.common.collect.ImmutableList registered as 20
02:53:23.207 [raft-server-3-state] TRACE i.a.utils.serializer.KryoNamespace - class com.google.common.collect.RegularImmutableList registered as 20
02:53:23.207 [raft-server-3-state] TRACE i.a.utils.serializer.KryoNamespace - class com.google.common.collect.RegularImmutableList registered as 20
02:53:23.207 [raft-server-3-state] TRACE i.a.utils.serializer.KryoNamespace - class com.google.common.collect.ImmutableList$SubList registered as 20
02:53:23.207 [raft-server-3-state] TRACE i.a.utils.serializer.KryoNamespace - class com.google.common.collect.ImmutableSet registered as 21
02:53:23.207 [raft-server-3-state] TRACE i.a.utils.serializer.KryoNamespace - class com.google.common.collect.RegularImmutableSet registered as 21
02:53:23.207 [raft-server-3-state] TRACE i.a.utils.serializer.KryoNamespace - class com.google.common.collect.SingletonImmutableSet registered as 21
02:53:23.207 [raft-server-3-state] TRACE i.a.utils.serializer.KryoNamespace - class com.google.common.collect.RegularImmutableSet registered as 21
02:53:23.207 [raft-server-3-state] TRACE i.a.utils.serializer.KryoNamespace - class com.google.common.collect.ImmutableMap registered as 22
02:53:23.207 [raft-server-3-state] TRACE i.a.utils.serializer.KryoNamespace - class com.google.common.collect.RegularImmutableMap registered as 22
02:53:23.207 [raft-server-3-state] TRACE i.a.utils.serializer.KryoNamespace - class com.google.common.collect.RegularImmutableMap registered as 22
02:53:23.207 [raft-server-3-state] TRACE i.a.utils.serializer.KryoNamespace - class com.google.common.collect.RegularImmutableMap registered as 22
02:53:23.207 [raft-server-3-state] TRACE i.a.utils.serializer.KryoNamespace - class java.util.Collections$UnmodifiableSet registered as 23
02:53:23.207 [raft-server-3-state] TRACE i.a.utils.serializer.KryoNamespace - class java.util.HashMap registered as 24
02:53:23.207 [raft-server-3-state] TRACE i.a.utils.serializer.KryoNamespace - class java.util.concurrent.ConcurrentHashMap registered as 25
02:53:23.207 [raft-server-3-state] TRACE i.a.utils.serializer.KryoNamespace - class java.util.concurrent.CopyOnWriteArraySet registered as 26
02:53:23.207 [raft-server-3-state] TRACE i.a.utils.serializer.KryoNamespace - class java.util.ArrayList registered as 27
02:53:23.207 [raft-server-3-state] TRACE i.a.utils.serializer.KryoNamespace - class java.util.LinkedList registered as 28
02:53:23.207 [raft-server-3-state] TRACE i.a.utils.serializer.KryoNamespace - class java.util.HashSet registered as 29
02:53:23.208 [raft-server-3-state] TRACE i.a.utils.serializer.KryoNamespace - class java.util.LinkedHashSet registered as 30
02:53:23.208 [raft-server-3-state] TRACE i.a.utils.serializer.KryoNamespace - class com.sun.jmx.remote.internal.ArrayQueue registered as 31
02:53:23.208 [raft-server-3-state] TRACE i.a.utils.serializer.KryoNamespace - class java.util.ArrayDeque registered as 32
02:53:23.208 [raft-server-3-state] TRACE i.a.utils.serializer.KryoNamespace - class com.google.common.collect.HashMultiset registered as 33
02:53:23.208 [raft-server-3-state] TRACE i.a.utils.serializer.KryoNamespace - class com.google.common.collect.Sets registered as 34
02:53:23.208 [raft-server-3-state] TRACE i.a.utils.serializer.KryoNamespace - class com.google.common.collect.ImmutableEntry registered as 35
02:53:23.208 [raft-server-3-state] TRACE i.a.utils.serializer.KryoNamespace - class java.util.Arrays$ArrayList registered as 36
02:53:23.208 [raft-server-3-state] TRACE i.a.utils.serializer.KryoNamespace - class java.util.Collections$SingletonList registered as 37
02:53:23.208 [raft-server-3-state] TRACE i.a.utils.serializer.KryoNamespace - class java.time.Duration registered as 38
02:53:23.208 [raft-server-3-state] TRACE i.a.utils.serializer.KryoNamespace - class java.util.Collections$EmptySet registered as 39
02:53:23.208 [raft-server-3-state] TRACE i.a.utils.serializer.KryoNamespace - class java.util.Optional registered as 40
02:53:23.208 [raft-server-3-state] TRACE i.a.utils.serializer.KryoNamespace - class java.util.Collections$EmptyList registered as 41
02:53:23.208 [raft-server-3-state] TRACE i.a.utils.serializer.KryoNamespace - class java.util.Collections$SingletonSet registered as 42
02:53:23.208 [raft-server-3-state] TRACE i.a.utils.serializer.KryoNamespace - class [I registered as 43
02:53:23.208 [raft-server-3-state] TRACE i.a.utils.serializer.KryoNamespace - class [J registered as 44
02:53:23.208 [raft-server-3-state] TRACE i.a.utils.serializer.KryoNamespace - class [S registered as 45
02:53:23.208 [raft-server-3-state] TRACE i.a.utils.serializer.KryoNamespace - class [D registered as 46
02:53:23.208 [raft-server-3-state] TRACE i.a.utils.serializer.KryoNamespace - class [F registered as 47
02:53:23.208 [raft-server-3-state] TRACE i.a.utils.serializer.KryoNamespace - class [C registered as 48
02:53:23.208 [raft-server-3-state] TRACE i.a.utils.serializer.KryoNamespace - class [Ljava.lang.String; registered as 49
02:53:23.208 [raft-server-3-state] TRACE i.a.utils.serializer.KryoNamespace - class [Z registered as 50
02:53:23.208 [raft-server-3-state] TRACE i.a.utils.serializer.KryoNamespace - class [Ljava.lang.Object; registered as 51
02:53:23.208 [raft-server-3-state] TRACE i.a.utils.serializer.KryoNamespace - class io.atomix.primitive.service.ServiceConfig registered as 52
02:53:23.208 [raft-server-3-compaction] DEBUG i.a.p.r.s.snapshot.SnapshotStore - Created disk snapshot: FileSnapshot{index=39}
02:53:23.243 [raft-client-02319fd7-5003-4fac-b562-689b946eac2b-5] TRACE i.a.p.r.proxy.impl.RaftProxyManager - RaftClient{02319fd7-5003-4fac-b562-689b946eac2b} - Keeping 1 sessions alive
02:53:23.243 [raft-client-02319fd7-5003-4fac-b562-689b946eac2b-5] TRACE i.a.p.r.p.impl.RaftProxyConnection - RaftClient{02319fd7-5003-4fac-b562-689b946eac2b} - Sending KeepAliveRequest{sessionIds=long[]{length=1, hash=33}, commandSequences=long[]{length=1, hash=64}, eventIndexes=long[]{length=1, hash=33}} to 1
02:53:23.315 [raft-server-1] DEBUG i.a.storage.journal.SegmentedJournal - Created disk segment: JournalSegment{id=5, version=1, index=41, size=64}
02:53:23.315 [raft-server-1] TRACE i.a.protocols.raft.roles.LeaderRole - RaftServer{1}{role=LEADER} - Appended Indexed{index=41, entry=CommandEntry{term=1, timestamp=2018-06-09 02:53:23,058, session=2, sequence=34, operation=PrimitiveOperation{id=DefaultOperationId{id=write, type=COMMAND}, value=byte[]{length=17, hash=-1644578928}}}}
02:53:23.315 [raft-server-1] TRACE i.a.p.raft.roles.LeaderAppender - RaftServer{1} - Sending AppendRequest{term=1, leader=1, prevLogIndex=40, prevLogTerm=1, entries=1, commitIndex=40} to 3
02:53:23.315 [raft-server-3] TRACE i.a.p.raft.roles.FollowerRole - RaftServer{3}{role=FOLLOWER} - Received AppendRequest{term=1, leader=1, prevLogIndex=40, prevLogTerm=1, entries=1, commitIndex=40}
02:53:23.315 [raft-server-1] TRACE i.a.p.raft.roles.LeaderAppender - RaftServer{1} - Sending AppendRequest{term=1, leader=1, prevLogIndex=40, prevLogTerm=1, entries=1, commitIndex=40} to 2
02:53:23.316 [raft-server-1] TRACE i.a.protocols.raft.roles.LeaderRole - RaftServer{1}{role=LEADER} - Received KeepAliveRequest{sessionIds=long[]{length=1, hash=33}, commandSequences=long[]{length=1, hash=64}, eventIndexes=long[]{length=1, hash=33}}
02:53:23.316 [raft-server-1] TRACE i.a.protocols.raft.roles.LeaderRole - RaftServer{1}{role=LEADER} - Appended Indexed{index=42, entry=KeepAliveEntry{term=1, timestamp=2018-06-09 02:53:23,316, sessionIds=long[]{length=1, hash=33}, commandSequences=long[]{length=1, hash=64}, eventIndexes=long[]{length=1, hash=33}}}
02:53:23.316 [raft-server-2] TRACE i.a.p.raft.roles.FollowerRole - RaftServer{2}{role=FOLLOWER} - Received AppendRequest{term=1, leader=1, prevLogIndex=40, prevLogTerm=1, entries=1, commitIndex=40}
02:53:23.384 [raft-server-1] TRACE i.a.p.raft.roles.LeaderAppender - RaftServer{1} - Sending AppendRequest{term=1, leader=1, prevLogIndex=41, prevLogTerm=1, entries=1, commitIndex=40} to 3
02:53:23.384 [raft-server-1] TRACE i.a.p.raft.roles.LeaderAppender - RaftServer{1} - Sending AppendRequest{term=1, leader=1, prevLogIndex=41, prevLogTerm=1, entries=1, commitIndex=40} to 2
02:53:23.581 [raft-server-2] DEBUG i.a.storage.journal.SegmentedJournal - Created disk segment: JournalSegment{id=5, version=1, index=41, size=64}
02:53:23.582 [raft-server-2] TRACE i.a.p.raft.roles.FollowerRole - RaftServer{2}{role=FOLLOWER} - Appended Indexed{index=41, entry=CommandEntry{term=1, timestamp=2018-06-09 02:53:23,058, session=2, sequence=34, operation=PrimitiveOperation{id=DefaultOperationId{id=write, type=COMMAND}, value=byte[]{length=17, hash=-1644578928}}}}
02:53:23.631 [raft-server-3] DEBUG i.a.storage.journal.SegmentedJournal - Created disk segment: JournalSegment{id=5, version=1, index=41, size=64}
02:53:23.632 [raft-server-3] TRACE i.a.p.raft.roles.FollowerRole - RaftServer{3}{role=FOLLOWER} - Appended Indexed{index=41, entry=CommandEntry{term=1, timestamp=2018-06-09 02:53:23,058, session=2, sequence=34, operation=PrimitiveOperation{id=DefaultOperationId{id=write, type=COMMAND}, value=byte[]{length=17, hash=-1644578928}}}}
02:53:23.853 [raft-server-2] TRACE i.a.p.raft.roles.FollowerRole - RaftServer{2}{role=FOLLOWER} - Committed entries up to index 40
02:53:23.853 [raft-server-2] TRACE i.a.p.raft.roles.FollowerRole - RaftServer{2}{role=FOLLOWER} - Sending AppendResponse{status=OK, term=1, succeeded=true, lastLogIndex=41}
02:53:23.853 [raft-server-2] TRACE i.a.p.raft.roles.FollowerRole - RaftServer{2}{role=FOLLOWER} - Received AppendRequest{term=1, leader=1, prevLogIndex=41, prevLogTerm=1, entries=1, commitIndex=40}
02:53:23.853 [raft-server-1] TRACE i.a.p.raft.roles.LeaderAppender - RaftServer{1} - Received AppendResponse{status=OK, term=1, succeeded=true, lastLogIndex=41} from 2
02:53:23.853 [raft-server-1] TRACE i.a.p.raft.roles.LeaderAppender - RaftServer{1} - Committed entries up to 41
02:53:23.854 [raft-server-2] TRACE i.a.p.raft.roles.FollowerRole - RaftServer{2}{role=FOLLOWER} - Appended Indexed{index=42, entry=KeepAliveEntry{term=1, timestamp=2018-06-09 02:53:23,316, sessionIds=long[]{length=1, hash=33}, commandSequences=long[]{length=1, hash=64}, eventIndexes=long[]{length=1, hash=33}}}
02:53:23.854 [raft-server-2] TRACE i.a.p.raft.roles.FollowerRole - RaftServer{2}{role=FOLLOWER} - Sending AppendResponse{status=OK, term=1, succeeded=true, lastLogIndex=42}
02:53:23.854 [raft-server-2-state] TRACE i.a.p.raft.impl.RaftServiceManager - RaftServer{2} - Applying Indexed{index=40, entry=CommandEntry{term=1, timestamp=2018-06-09 02:53:22,756, session=2, sequence=33, operation=PrimitiveOperation{id=DefaultOperationId{id=write, type=COMMAND}, value=byte[]{length=17, hash=-1644578928}}}}
02:53:23.854 [raft-server-2-state] TRACE i.a.p.s.impl.DefaultServiceExecutor - PrimitiveService{2}{type=io.atomix.protocols.raft.RaftTest$TestPrimitiveType@1c47fd5, name=raft-test} - Executing DefaultCommit{index=40, session=RaftSession{RaftServiceContext{server=2, type=io.atomix.protocols.raft.RaftTest$TestPrimitiveType@1c47fd5, name=raft-test, id=2}, session=2, timestamp=2018-06-09 02:53:22,756}, time=2018-06-09 02:53:22,756, operation=DefaultOperationId{id=write, type=COMMAND}, value=byte[]{length=17, hash=-1644578928}}
02:53:23.932 [raft-server-3] TRACE i.a.p.raft.roles.FollowerRole - RaftServer{3}{role=FOLLOWER} - Committed entries up to index 40
02:53:23.932 [raft-server-3] TRACE i.a.p.raft.roles.FollowerRole - RaftServer{3}{role=FOLLOWER} - Sending AppendResponse{status=OK, term=1, succeeded=true, lastLogIndex=41}
02:53:23.932 [raft-server-3] TRACE i.a.p.raft.roles.FollowerRole - RaftServer{3}{role=FOLLOWER} - Received AppendRequest{term=1, leader=1, prevLogIndex=41, prevLogTerm=1, entries=1, commitIndex=40}
02:53:23.932 [raft-server-3] TRACE i.a.p.raft.roles.FollowerRole - RaftServer{3}{role=FOLLOWER} - Appended Indexed{index=42, entry=KeepAliveEntry{term=1, timestamp=2018-06-09 02:53:23,316, sessionIds=long[]{length=1, hash=33}, commandSequences=long[]{length=1, hash=64}, eventIndexes=long[]{length=1, hash=33}}}
02:53:23.932 [raft-server-3] TRACE i.a.p.raft.roles.FollowerRole - RaftServer{3}{role=FOLLOWER} - Sending AppendResponse{status=OK, term=1, succeeded=true, lastLogIndex=42}
02:53:23.932 [raft-server-3-state] TRACE i.a.p.raft.impl.RaftServiceManager - RaftServer{3} - Applying Indexed{index=40, entry=CommandEntry{term=1, timestamp=2018-06-09 02:53:22,756, session=2, sequence=33, operation=PrimitiveOperation{id=DefaultOperationId{id=write, type=COMMAND}, value=byte[]{length=17, hash=-1644578928}}}}
02:53:23.932 [raft-server-3-state] TRACE i.a.p.s.impl.DefaultServiceExecutor - PrimitiveService{2}{type=io.atomix.protocols.raft.RaftTest$TestPrimitiveType@30e8e4fb, name=raft-test} - Executing DefaultCommit{index=40, session=RaftSession{RaftServiceContext{server=3, type=io.atomix.protocols.raft.RaftTest$TestPrimitiveType@30e8e4fb, name=raft-test, id=2}, session=2, timestamp=2018-06-09 02:53:22,756}, time=2018-06-09 02:53:22,756, operation=DefaultOperationId{id=write, type=COMMAND}, value=byte[]{length=17, hash=-1644578928}}
02:53:24.059 [raft-client-02319fd7-5003-4fac-b562-689b946eac2b-3] DEBUG i.a.p.r.p.impl.RaftProxyConnection - ProxySession{2}{type=io.atomix.protocols.raft.RaftTest$TestPrimitiveType@35bfa1bb, name=raft-test} - CommandRequest{session=2, sequence=34, operation=PrimitiveOperation{id=DefaultOperationId{id=write, type=COMMAND}, value=byte[]{length=17, hash=-1644578928}}} failed! Reason: {}
java.util.concurrent.TimeoutException: null
	at io.atomix.protocols.raft.protocol.TestRaftProtocol.lambda$scheduleTimeout$0(TestRaftProtocol.java:48) ~[test-classes/:na]
	at java.util.concurrent.Executors$RunnableAdapter.call(Executors.java:511) ~[na:1.8.0_121]
	at java.util.concurrent.FutureTask.run(FutureTask.java:266) ~[na:1.8.0_121]
	at java.util.concurrent.ScheduledThreadPoolExecutor$ScheduledFutureTask.access$201(ScheduledThreadPoolExecutor.java:180) ~[na:1.8.0_121]
	at java.util.concurrent.ScheduledThreadPoolExecutor$ScheduledFutureTask.run(ScheduledThreadPoolExecutor.java:293) ~[na:1.8.0_121]
	at java.util.concurrent.ThreadPoolExecutor.runWorker(ThreadPoolExecutor.java:1142) ~[na:1.8.0_121]
	at java.util.concurrent.ThreadPoolExecutor$Worker.run(ThreadPoolExecutor.java:617) ~[na:1.8.0_121]
	at java.lang.Thread.run(Thread.java:745) ~[na:1.8.0_121]
02:53:24.059 [raft-client-02319fd7-5003-4fac-b562-689b946eac2b-3] TRACE i.a.p.r.p.impl.RaftProxyConnection - ProxySession{2}{type=io.atomix.protocols.raft.RaftTest$TestPrimitiveType@35bfa1bb, name=raft-test} - Resetting connection. Reason: null
02:53:24.059 [raft-client-02319fd7-5003-4fac-b562-689b946eac2b-3] TRACE i.a.p.r.p.impl.RaftProxyConnection - ProxySession{2}{type=io.atomix.protocols.raft.RaftTest$TestPrimitiveType@35bfa1bb, name=raft-test} - Sending CommandRequest{session=2, sequence=34, operation=PrimitiveOperation{id=DefaultOperationId{id=write, type=COMMAND}, value=byte[]{length=17, hash=-1644578928}}} to 1
02:53:24.092 [raft-server-1] TRACE i.a.p.raft.roles.LeaderAppender - RaftServer{1} - Received AppendResponse{status=OK, term=1, succeeded=true, lastLogIndex=42} from 2
02:53:24.092 [raft-server-1] TRACE i.a.p.raft.roles.LeaderAppender - RaftServer{1} - Committed entries up to 42
02:53:24.177 [raft-server-1] TRACE i.a.p.raft.roles.LeaderAppender - RaftServer{1} - Sending AppendRequest{term=1, leader=1, prevLogIndex=42, prevLogTerm=1, entries=0, commitIndex=42} to 2
02:53:24.177 [raft-server-1] TRACE i.a.p.raft.roles.LeaderAppender - RaftServer{1} - Received AppendResponse{status=OK, term=1, succeeded=true, lastLogIndex=41} from 3
02:53:24.177 [raft-server-2] TRACE i.a.p.raft.roles.FollowerRole - RaftServer{2}{role=FOLLOWER} - Received AppendRequest{term=1, leader=1, prevLogIndex=42, prevLogTerm=1, entries=0, commitIndex=42}
02:53:24.177 [raft-server-1] TRACE i.a.p.raft.roles.LeaderAppender - RaftServer{1} - Received AppendResponse{status=OK, term=1, succeeded=true, lastLogIndex=42} from 3
02:53:24.177 [raft-server-1] TRACE i.a.p.raft.roles.LeaderAppender - RaftServer{1} - Sending AppendRequest{term=1, leader=1, prevLogIndex=42, prevLogTerm=1, entries=0, commitIndex=42} to 3
02:53:24.177 [raft-server-3] TRACE i.a.p.raft.roles.FollowerRole - RaftServer{3}{role=FOLLOWER} - Received AppendRequest{term=1, leader=1, prevLogIndex=42, prevLogTerm=1, entries=0, commitIndex=42}
02:53:24.177 [raft-server-1] TRACE i.a.protocols.raft.roles.LeaderRole - RaftServer{1}{role=LEADER} - Received CommandRequest{session=2, sequence=34, operation=PrimitiveOperation{id=DefaultOperationId{id=write, type=COMMAND}, value=byte[]{length=17, hash=-1644578928}}}
02:53:24.177 [raft-server-1] TRACE i.a.protocols.raft.roles.LeaderRole - RaftServer{1}{role=LEADER} - Appended Indexed{index=43, entry=CommandEntry{term=1, timestamp=2018-06-09 02:53:24,177, session=2, sequence=34, operation=PrimitiveOperation{id=DefaultOperationId{id=write, type=COMMAND}, value=byte[]{length=17, hash=-1644578928}}}}
02:53:24.178 [raft-server-1-state] TRACE i.a.p.raft.impl.RaftServiceManager - RaftServer{1} - Applying Indexed{index=41, entry=CommandEntry{term=1, timestamp=2018-06-09 02:53:23,058, session=2, sequence=34, operation=PrimitiveOperation{id=DefaultOperationId{id=write, type=COMMAND}, value=byte[]{length=17, hash=-1644578928}}}}
02:53:24.178 [raft-server-1-state] TRACE i.a.p.s.impl.DefaultServiceExecutor - PrimitiveService{2}{type=io.atomix.protocols.raft.RaftTest$TestPrimitiveType@45397ff4, name=raft-test} - Executing DefaultCommit{index=41, session=RaftSession{RaftServiceContext{server=1, type=io.atomix.protocols.raft.RaftTest$TestPrimitiveType@45397ff4, name=raft-test, id=2}, session=2, timestamp=2018-06-09 02:53:23,058}, time=2018-06-09 02:53:23,058, operation=DefaultOperationId{id=write, type=COMMAND}, value=byte[]{length=17, hash=-1644578928}}
02:53:24.178 [raft-server-1-state] TRACE i.a.protocols.raft.roles.LeaderRole - RaftServer{1}{role=LEADER} - Sending CommandResponse{status=OK, index=41, eventIndex=2, result=byte[]{length=2, hash=1322}}
02:53:24.178 [raft-server-1-state] TRACE i.a.p.raft.impl.RaftServiceManager - RaftServer{1} - Applying Indexed{index=42, entry=KeepAliveEntry{term=1, timestamp=2018-06-09 02:53:23,316, sessionIds=long[]{length=1, hash=33}, commandSequences=long[]{length=1, hash=64}, eventIndexes=long[]{length=1, hash=33}}}
02:53:24.178 [raft-server-1] TRACE i.a.protocols.raft.roles.LeaderRole - RaftServer{1}{role=LEADER} - Sending KeepAliveResponse{status=OK, leader=1, members=[1, 3, 2], sessionIds=long[]{length=1, hash=33}}
02:53:24.178 [raft-client-02319fd7-5003-4fac-b562-689b946eac2b-7] TRACE i.a.p.r.p.impl.RaftProxyConnection - RaftClient{02319fd7-5003-4fac-b562-689b946eac2b} - Received KeepAliveResponse{status=OK, leader=1, members=[1, 3, 2], sessionIds=long[]{length=1, hash=33}} from 1
02:53:24.254 [raft-server-3] TRACE i.a.p.raft.roles.FollowerRole - RaftServer{3}{role=FOLLOWER} - Committed entries up to index 42
02:53:24.254 [raft-server-2] TRACE i.a.p.raft.roles.FollowerRole - RaftServer{2}{role=FOLLOWER} - Committed entries up to index 42
02:53:24.254 [raft-server-3] TRACE i.a.p.raft.roles.FollowerRole - RaftServer{3}{role=FOLLOWER} - Sending AppendResponse{status=OK, term=1, succeeded=true, lastLogIndex=42}
02:53:24.254 [raft-server-2] TRACE i.a.p.raft.roles.FollowerRole - RaftServer{2}{role=FOLLOWER} - Sending AppendResponse{status=OK, term=1, succeeded=true, lastLogIndex=42}
02:53:24.254 [raft-server-1] TRACE i.a.p.raft.roles.LeaderAppender - RaftServer{1} - Received AppendResponse{status=OK, term=1, succeeded=true, lastLogIndex=42} from 3
02:53:24.254 [raft-server-2-state] TRACE i.a.p.raft.impl.RaftServiceManager - RaftServer{2} - Applying Indexed{index=41, entry=CommandEntry{term=1, timestamp=2018-06-09 02:53:23,058, session=2, sequence=34, operation=PrimitiveOperation{id=DefaultOperationId{id=write, type=COMMAND}, value=byte[]{length=17, hash=-1644578928}}}}
02:53:24.254 [raft-server-3-state] TRACE i.a.p.raft.impl.RaftServiceManager - RaftServer{3} - Applying Indexed{index=41, entry=CommandEntry{term=1, timestamp=2018-06-09 02:53:23,058, session=2, sequence=34, operation=PrimitiveOperation{id=DefaultOperationId{id=write, type=COMMAND}, value=byte[]{length=17, hash=-1644578928}}}}
02:53:24.254 [raft-server-1] TRACE i.a.p.raft.roles.LeaderAppender - RaftServer{1} - Sending AppendRequest{term=1, leader=1, prevLogIndex=42, prevLogTerm=1, entries=1, commitIndex=42} to 3
02:53:24.254 [raft-server-2-state] TRACE i.a.p.s.impl.DefaultServiceExecutor - PrimitiveService{2}{type=io.atomix.protocols.raft.RaftTest$TestPrimitiveType@1c47fd5, name=raft-test} - Executing DefaultCommit{index=41, session=RaftSession{RaftServiceContext{server=2, type=io.atomix.protocols.raft.RaftTest$TestPrimitiveType@1c47fd5, name=raft-test, id=2}, session=2, timestamp=2018-06-09 02:53:23,058}, time=2018-06-09 02:53:23,058, operation=DefaultOperationId{id=write, type=COMMAND}, value=byte[]{length=17, hash=-1644578928}}
02:53:24.254 [raft-server-3-state] TRACE i.a.p.s.impl.DefaultServiceExecutor - PrimitiveService{2}{type=io.atomix.protocols.raft.RaftTest$TestPrimitiveType@30e8e4fb, name=raft-test} - Executing DefaultCommit{index=41, session=RaftSession{RaftServiceContext{server=3, type=io.atomix.protocols.raft.RaftTest$TestPrimitiveType@30e8e4fb, name=raft-test, id=2}, session=2, timestamp=2018-06-09 02:53:23,058}, time=2018-06-09 02:53:23,058, operation=DefaultOperationId{id=write, type=COMMAND}, value=byte[]{length=17, hash=-1644578928}}
02:53:24.255 [raft-server-1] TRACE i.a.p.raft.roles.LeaderAppender - RaftServer{1} - Received AppendResponse{status=OK, term=1, succeeded=true, lastLogIndex=42} from 2
02:53:24.255 [raft-server-3] TRACE i.a.p.raft.roles.FollowerRole - RaftServer{3}{role=FOLLOWER} - Received AppendRequest{term=1, leader=1, prevLogIndex=42, prevLogTerm=1, entries=1, commitIndex=42}
02:53:24.255 [raft-server-1] TRACE i.a.p.raft.roles.LeaderAppender - RaftServer{1} - Sending AppendRequest{term=1, leader=1, prevLogIndex=42, prevLogTerm=1, entries=1, commitIndex=42} to 2
02:53:24.255 [raft-server-3-state] TRACE i.a.p.raft.impl.RaftServiceManager - RaftServer{3} - Applying Indexed{index=42, entry=KeepAliveEntry{term=1, timestamp=2018-06-09 02:53:23,316, sessionIds=long[]{length=1, hash=33}, commandSequences=long[]{length=1, hash=64}, eventIndexes=long[]{length=1, hash=33}}}
02:53:24.255 [raft-server-2-state] TRACE i.a.p.raft.impl.RaftServiceManager - RaftServer{2} - Applying Indexed{index=42, entry=KeepAliveEntry{term=1, timestamp=2018-06-09 02:53:23,316, sessionIds=long[]{length=1, hash=33}, commandSequences=long[]{length=1, hash=64}, eventIndexes=long[]{length=1, hash=33}}}
02:53:24.255 [raft-server-2] TRACE i.a.p.raft.roles.FollowerRole - RaftServer{2}{role=FOLLOWER} - Received AppendRequest{term=1, leader=1, prevLogIndex=42, prevLogTerm=1, entries=1, commitIndex=42}
02:53:24.255 [raft-server-3] TRACE i.a.p.raft.roles.FollowerRole - RaftServer{3}{role=FOLLOWER} - Appended Indexed{index=43, entry=CommandEntry{term=1, timestamp=2018-06-09 02:53:24,177, session=2, sequence=34, operation=PrimitiveOperation{id=DefaultOperationId{id=write, type=COMMAND}, value=byte[]{length=17, hash=-1644578928}}}}
02:53:24.255 [raft-server-3] TRACE i.a.p.raft.roles.FollowerRole - RaftServer{3}{role=FOLLOWER} - Sending AppendResponse{status=OK, term=1, succeeded=true, lastLogIndex=43}
02:53:24.255 [raft-server-1] TRACE i.a.p.raft.roles.LeaderAppender - RaftServer{1} - Received AppendResponse{status=OK, term=1, succeeded=true, lastLogIndex=43} from 3
02:53:24.255 [raft-server-2] TRACE i.a.p.raft.roles.FollowerRole - RaftServer{2}{role=FOLLOWER} - Appended Indexed{index=43, entry=CommandEntry{term=1, timestamp=2018-06-09 02:53:24,177, session=2, sequence=34, operation=PrimitiveOperation{id=DefaultOperationId{id=write, type=COMMAND}, value=byte[]{length=17, hash=-1644578928}}}}
02:53:24.255 [raft-server-1] TRACE i.a.p.raft.roles.LeaderAppender - RaftServer{1} - Committed entries up to 43
02:53:24.255 [raft-server-2] TRACE i.a.p.raft.roles.FollowerRole - RaftServer{2}{role=FOLLOWER} - Sending AppendResponse{status=OK, term=1, succeeded=true, lastLogIndex=43}
02:53:24.337 [raft-server-1] TRACE i.a.p.raft.roles.LeaderAppender - RaftServer{1} - Received AppendResponse{status=OK, term=1, succeeded=true, lastLogIndex=43} from 2
02:53:24.337 [raft-server-1-state] TRACE i.a.p.raft.impl.RaftServiceManager - RaftServer{1} - Applying Indexed{index=43, entry=CommandEntry{term=1, timestamp=2018-06-09 02:53:24,177, session=2, sequence=34, operation=PrimitiveOperation{id=DefaultOperationId{id=write, type=COMMAND}, value=byte[]{length=17, hash=-1644578928}}}}
02:53:24.338 [raft-server-1-state] TRACE i.a.p.r.service.RaftServiceContext - PrimitiveService{2}{type=io.atomix.protocols.raft.RaftTest$TestPrimitiveType@45397ff4, name=raft-test} - Returning cached result for command with sequence number 34 < 35
02:53:24.338 [raft-server-1-state] TRACE i.a.protocols.raft.roles.LeaderRole - RaftServer{1}{role=LEADER} - Sending CommandResponse{status=OK, index=41, eventIndex=2, result=byte[]{length=2, hash=1322}}
02:53:24.338 [raft-client-02319fd7-5003-4fac-b562-689b946eac2b-0] TRACE i.a.p.r.p.impl.RaftProxyConnection - ProxySession{2}{type=io.atomix.protocols.raft.RaftTest$TestPrimitiveType@35bfa1bb, name=raft-test} - Received CommandResponse{status=OK, index=41, eventIndex=2, result=byte[]{length=2, hash=1322}} from 1
02:53:24.338 [raft-client-02319fd7-5003-4fac-b562-689b946eac2b-0] TRACE i.a.p.r.p.impl.RaftProxySequencer - ProxySession{2}{type=io.atomix.protocols.raft.RaftTest$TestPrimitiveType@35bfa1bb, name=raft-test} - Completing response CommandResponse{status=OK, index=41, eventIndex=2, result=byte[]{length=2, hash=1322}}
02:53:24.338 [raft-client-02319fd7-5003-4fac-b562-689b946eac2b-5] TRACE i.a.p.r.p.impl.RaftProxyConnection - ProxySession{2}{type=io.atomix.protocols.raft.RaftTest$TestPrimitiveType@35bfa1bb, name=raft-test} - Sending CommandRequest{session=2, sequence=35, operation=PrimitiveOperation{id=DefaultOperationId{id=write, type=COMMAND}, value=byte[]{length=17, hash=-1644578928}}} to 1
02:53:24.338 [raft-server-1] TRACE i.a.protocols.raft.roles.LeaderRole - RaftServer{1}{role=LEADER} - Received CommandRequest{session=2, sequence=35, operation=PrimitiveOperation{id=DefaultOperationId{id=write, type=COMMAND}, value=byte[]{length=17, hash=-1644578928}}}
02:53:24.338 [raft-server-1] TRACE i.a.protocols.raft.roles.LeaderRole - RaftServer{1}{role=LEADER} - Appended Indexed{index=44, entry=CommandEntry{term=1, timestamp=2018-06-09 02:53:24,338, session=2, sequence=35, operation=PrimitiveOperation{id=DefaultOperationId{id=write, type=COMMAND}, value=byte[]{length=17, hash=-1644578928}}}}
02:53:24.339 [raft-server-1] TRACE i.a.p.raft.roles.LeaderAppender - RaftServer{1} - Sending AppendRequest{term=1, leader=1, prevLogIndex=43, prevLogTerm=1, entries=1, commitIndex=43} to 3
02:53:24.339 [raft-server-1] TRACE i.a.p.raft.roles.LeaderAppender - RaftServer{1} - Sending AppendRequest{term=1, leader=1, prevLogIndex=43, prevLogTerm=1, entries=1, commitIndex=43} to 2
02:53:24.339 [raft-server-3] TRACE i.a.p.raft.roles.FollowerRole - RaftServer{3}{role=FOLLOWER} - Received AppendRequest{term=1, leader=1, prevLogIndex=43, prevLogTerm=1, entries=1, commitIndex=43}
02:53:24.339 [raft-server-2] TRACE i.a.p.raft.roles.FollowerRole - RaftServer{2}{role=FOLLOWER} - Received AppendRequest{term=1, leader=1, prevLogIndex=43, prevLogTerm=1, entries=1, commitIndex=43}
02:53:24.339 [raft-server-3] TRACE i.a.p.raft.roles.FollowerRole - RaftServer{3}{role=FOLLOWER} - Appended Indexed{index=44, entry=CommandEntry{term=1, timestamp=2018-06-09 02:53:24,338, session=2, sequence=35, operation=PrimitiveOperation{id=DefaultOperationId{id=write, type=COMMAND}, value=byte[]{length=17, hash=-1644578928}}}}
02:53:24.339 [raft-server-2] TRACE i.a.p.raft.roles.FollowerRole - RaftServer{2}{role=FOLLOWER} - Appended Indexed{index=44, entry=CommandEntry{term=1, timestamp=2018-06-09 02:53:24,338, session=2, sequence=35, operation=PrimitiveOperation{id=DefaultOperationId{id=write, type=COMMAND}, value=byte[]{length=17, hash=-1644578928}}}}
02:53:24.415 [raft-server-3] TRACE i.a.p.raft.roles.FollowerRole - RaftServer{3}{role=FOLLOWER} - Committed entries up to index 43
02:53:24.415 [raft-server-2] TRACE i.a.p.raft.roles.FollowerRole - RaftServer{2}{role=FOLLOWER} - Committed entries up to index 43
02:53:24.415 [raft-server-3] TRACE i.a.p.raft.roles.FollowerRole - RaftServer{3}{role=FOLLOWER} - Sending AppendResponse{status=OK, term=1, succeeded=true, lastLogIndex=44}
02:53:24.415 [raft-server-2] TRACE i.a.p.raft.roles.FollowerRole - RaftServer{2}{role=FOLLOWER} - Sending AppendResponse{status=OK, term=1, succeeded=true, lastLogIndex=44}
02:53:24.415 [raft-server-1] TRACE i.a.p.raft.roles.LeaderAppender - RaftServer{1} - Received AppendResponse{status=OK, term=1, succeeded=true, lastLogIndex=44} from 3
02:53:24.415 [raft-server-1] TRACE i.a.p.raft.roles.LeaderAppender - RaftServer{1} - Committed entries up to 44
02:53:24.415 [raft-server-2-state] TRACE i.a.p.raft.impl.RaftServiceManager - RaftServer{2} - Applying Indexed{index=43, entry=CommandEntry{term=1, timestamp=2018-06-09 02:53:24,177, session=2, sequence=34, operation=PrimitiveOperation{id=DefaultOperationId{id=write, type=COMMAND}, value=byte[]{length=17, hash=-1644578928}}}}
02:53:24.415 [raft-server-3-state] TRACE i.a.p.raft.impl.RaftServiceManager - RaftServer{3} - Applying Indexed{index=43, entry=CommandEntry{term=1, timestamp=2018-06-09 02:53:24,177, session=2, sequence=34, operation=PrimitiveOperation{id=DefaultOperationId{id=write, type=COMMAND}, value=byte[]{length=17, hash=-1644578928}}}}
02:53:24.415 [raft-server-2-state] TRACE i.a.p.r.service.RaftServiceContext - PrimitiveService{2}{type=io.atomix.protocols.raft.RaftTest$TestPrimitiveType@1c47fd5, name=raft-test} - Returning cached result for command with sequence number 34 < 35
02:53:24.415 [raft-server-3-state] TRACE i.a.p.r.service.RaftServiceContext - PrimitiveService{2}{type=io.atomix.protocols.raft.RaftTest$TestPrimitiveType@30e8e4fb, name=raft-test} - Returning cached result for command with sequence number 34 < 35
02:53:24.490 [raft-server-1] TRACE i.a.p.raft.roles.LeaderAppender - RaftServer{1} - Sending AppendRequest{term=1, leader=1, prevLogIndex=44, prevLogTerm=1, entries=0, commitIndex=44} to 3
02:53:24.490 [raft-server-1] TRACE i.a.p.raft.roles.LeaderAppender - RaftServer{1} - Received AppendResponse{status=OK, term=1, succeeded=true, lastLogIndex=44} from 2
02:53:24.490 [raft-server-1] TRACE i.a.p.raft.roles.LeaderAppender - RaftServer{1} - Sending AppendRequest{term=1, leader=1, prevLogIndex=44, prevLogTerm=1, entries=0, commitIndex=44} to 2
02:53:24.490 [raft-server-3] TRACE i.a.p.raft.roles.FollowerRole - RaftServer{3}{role=FOLLOWER} - Received AppendRequest{term=1, leader=1, prevLogIndex=44, prevLogTerm=1, entries=0, commitIndex=44}
02:53:24.490 [raft-server-2] TRACE i.a.p.raft.roles.FollowerRole - RaftServer{2}{role=FOLLOWER} - Received AppendRequest{term=1, leader=1, prevLogIndex=44, prevLogTerm=1, entries=0, commitIndex=44}
02:53:24.490 [raft-server-1-state] TRACE i.a.p.raft.impl.RaftServiceManager - RaftServer{1} - Applying Indexed{index=44, entry=CommandEntry{term=1, timestamp=2018-06-09 02:53:24,338, session=2, sequence=35, operation=PrimitiveOperation{id=DefaultOperationId{id=write, type=COMMAND}, value=byte[]{length=17, hash=-1644578928}}}}
02:53:24.490 [raft-server-1-state] TRACE i.a.p.s.impl.DefaultServiceExecutor - PrimitiveService{2}{type=io.atomix.protocols.raft.RaftTest$TestPrimitiveType@45397ff4, name=raft-test} - Executing DefaultCommit{index=44, session=RaftSession{RaftServiceContext{server=1, type=io.atomix.protocols.raft.RaftTest$TestPrimitiveType@45397ff4, name=raft-test, id=2}, session=2, timestamp=2018-06-09 02:53:24,338}, time=2018-06-09 02:53:24,338, operation=DefaultOperationId{id=write, type=COMMAND}, value=byte[]{length=17, hash=-1644578928}}
02:53:24.490 [raft-server-1-state] TRACE i.a.protocols.raft.roles.LeaderRole - RaftServer{1}{role=LEADER} - Sending CommandResponse{status=OK, index=44, eventIndex=2, result=byte[]{length=2, hash=1328}}
02:53:24.490 [raft-client-02319fd7-5003-4fac-b562-689b946eac2b-7] TRACE i.a.p.r.p.impl.RaftProxyConnection - ProxySession{2}{type=io.atomix.protocols.raft.RaftTest$TestPrimitiveType@35bfa1bb, name=raft-test} - Received CommandResponse{status=OK, index=44, eventIndex=2, result=byte[]{length=2, hash=1328}} from 1
02:53:24.491 [raft-client-02319fd7-5003-4fac-b562-689b946eac2b-7] TRACE i.a.p.r.p.impl.RaftProxySequencer - ProxySession{2}{type=io.atomix.protocols.raft.RaftTest$TestPrimitiveType@35bfa1bb, name=raft-test} - Completing response CommandResponse{status=OK, index=44, eventIndex=2, result=byte[]{length=2, hash=1328}}
02:53:24.491 [raft-client-02319fd7-5003-4fac-b562-689b946eac2b-0] TRACE i.a.p.r.p.impl.RaftProxyConnection - ProxySession{2}{type=io.atomix.protocols.raft.RaftTest$TestPrimitiveType@35bfa1bb, name=raft-test} - Sending CommandRequest{session=2, sequence=36, operation=PrimitiveOperation{id=DefaultOperationId{id=write, type=COMMAND}, value=byte[]{length=17, hash=-1644578928}}} to 1
02:53:24.491 [raft-server-1] TRACE i.a.protocols.raft.roles.LeaderRole - RaftServer{1}{role=LEADER} - Received CommandRequest{session=2, sequence=36, operation=PrimitiveOperation{id=DefaultOperationId{id=write, type=COMMAND}, value=byte[]{length=17, hash=-1644578928}}}
02:53:24.491 [raft-server-1] TRACE i.a.protocols.raft.roles.LeaderRole - RaftServer{1}{role=LEADER} - Appended Indexed{index=45, entry=CommandEntry{term=1, timestamp=2018-06-09 02:53:24,491, session=2, sequence=36, operation=PrimitiveOperation{id=DefaultOperationId{id=write, type=COMMAND}, value=byte[]{length=17, hash=-1644578928}}}}
02:53:24.565 [raft-server-3] TRACE i.a.p.raft.roles.FollowerRole - RaftServer{3}{role=FOLLOWER} - Committed entries up to index 44
02:53:24.565 [raft-server-3] TRACE i.a.p.raft.roles.FollowerRole - RaftServer{3}{role=FOLLOWER} - Sending AppendResponse{status=OK, term=1, succeeded=true, lastLogIndex=44}
02:53:24.565 [raft-server-1] TRACE i.a.p.raft.roles.LeaderAppender - RaftServer{1} - Received AppendResponse{status=OK, term=1, succeeded=true, lastLogIndex=44} from 3
02:53:24.565 [raft-server-3-state] TRACE i.a.p.raft.impl.RaftServiceManager - RaftServer{3} - Applying Indexed{index=44, entry=CommandEntry{term=1, timestamp=2018-06-09 02:53:24,338, session=2, sequence=35, operation=PrimitiveOperation{id=DefaultOperationId{id=write, type=COMMAND}, value=byte[]{length=17, hash=-1644578928}}}}
02:53:24.565 [raft-server-1] TRACE i.a.p.raft.roles.LeaderAppender - RaftServer{1} - Sending AppendRequest{term=1, leader=1, prevLogIndex=44, prevLogTerm=1, entries=1, commitIndex=44} to 3
02:53:24.565 [raft-server-3] TRACE i.a.p.raft.roles.FollowerRole - RaftServer{3}{role=FOLLOWER} - Received AppendRequest{term=1, leader=1, prevLogIndex=44, prevLogTerm=1, entries=1, commitIndex=44}
02:53:24.565 [raft-server-3-state] TRACE i.a.p.s.impl.DefaultServiceExecutor - PrimitiveService{2}{type=io.atomix.protocols.raft.RaftTest$TestPrimitiveType@30e8e4fb, name=raft-test} - Executing DefaultCommit{index=44, session=RaftSession{RaftServiceContext{server=3, type=io.atomix.protocols.raft.RaftTest$TestPrimitiveType@30e8e4fb, name=raft-test, id=2}, session=2, timestamp=2018-06-09 02:53:24,338}, time=2018-06-09 02:53:24,338, operation=DefaultOperationId{id=write, type=COMMAND}, value=byte[]{length=17, hash=-1644578928}}
02:53:24.566 [raft-server-3] TRACE i.a.p.raft.roles.FollowerRole - RaftServer{3}{role=FOLLOWER} - Appended Indexed{index=45, entry=CommandEntry{term=1, timestamp=2018-06-09 02:53:24,491, session=2, sequence=36, operation=PrimitiveOperation{id=DefaultOperationId{id=write, type=COMMAND}, value=byte[]{length=17, hash=-1644578928}}}}
02:53:24.566 [raft-server-3] TRACE i.a.p.raft.roles.FollowerRole - RaftServer{3}{role=FOLLOWER} - Sending AppendResponse{status=OK, term=1, succeeded=true, lastLogIndex=45}
02:53:24.566 [raft-server-1] TRACE i.a.p.raft.roles.LeaderAppender - RaftServer{1} - Received AppendResponse{status=OK, term=1, succeeded=true, lastLogIndex=45} from 3
02:53:24.566 [raft-server-1] TRACE i.a.p.raft.roles.LeaderAppender - RaftServer{1} - Committed entries up to 45
02:53:24.631 [raft-server-2] TRACE i.a.p.raft.roles.FollowerRole - RaftServer{2}{role=FOLLOWER} - Committed entries up to index 44
02:53:24.631 [raft-server-2] TRACE i.a.p.raft.roles.FollowerRole - RaftServer{2}{role=FOLLOWER} - Sending AppendResponse{status=OK, term=1, succeeded=true, lastLogIndex=44}
02:53:24.632 [raft-server-2-state] TRACE i.a.p.raft.impl.RaftServiceManager - RaftServer{2} - Applying Indexed{index=44, entry=CommandEntry{term=1, timestamp=2018-06-09 02:53:24,338, session=2, sequence=35, operation=PrimitiveOperation{id=DefaultOperationId{id=write, type=COMMAND}, value=byte[]{length=17, hash=-1644578928}}}}
02:53:24.632 [raft-server-2-state] TRACE i.a.p.s.impl.DefaultServiceExecutor - PrimitiveService{2}{type=io.atomix.protocols.raft.RaftTest$TestPrimitiveType@1c47fd5, name=raft-test} - Executing DefaultCommit{index=44, session=RaftSession{RaftServiceContext{server=2, type=io.atomix.protocols.raft.RaftTest$TestPrimitiveType@1c47fd5, name=raft-test, id=2}, session=2, timestamp=2018-06-09 02:53:24,338}, time=2018-06-09 02:53:24,338, operation=DefaultOperationId{id=write, type=COMMAND}, value=byte[]{length=17, hash=-1644578928}}
02:53:24.696 [raft-server-1] TRACE i.a.p.raft.roles.LeaderAppender - RaftServer{1} - Received AppendResponse{status=OK, term=1, succeeded=true, lastLogIndex=44} from 2
02:53:24.696 [raft-server-1] TRACE i.a.p.raft.roles.LeaderAppender - RaftServer{1} - Sending AppendRequest{term=1, leader=1, prevLogIndex=44, prevLogTerm=1, entries=1, commitIndex=45} to 2
02:53:24.696 [raft-server-1] TRACE i.a.p.raft.roles.LeaderAppender - RaftServer{1} - Sending AppendRequest{term=1, leader=1, prevLogIndex=45, prevLogTerm=1, entries=0, commitIndex=45} to 3
02:53:24.696 [raft-server-2] TRACE i.a.p.raft.roles.FollowerRole - RaftServer{2}{role=FOLLOWER} - Received AppendRequest{term=1, leader=1, prevLogIndex=44, prevLogTerm=1, entries=1, commitIndex=45}
02:53:24.696 [raft-server-3] TRACE i.a.p.raft.roles.FollowerRole - RaftServer{3}{role=FOLLOWER} - Received AppendRequest{term=1, leader=1, prevLogIndex=45, prevLogTerm=1, entries=0, commitIndex=45}
02:53:24.696 [raft-server-1-state] TRACE i.a.p.raft.impl.RaftServiceManager - RaftServer{1} - Applying Indexed{index=45, entry=CommandEntry{term=1, timestamp=2018-06-09 02:53:24,491, session=2, sequence=36, operation=PrimitiveOperation{id=DefaultOperationId{id=write, type=COMMAND}, value=byte[]{length=17, hash=-1644578928}}}}
02:53:24.696 [raft-server-2] TRACE i.a.p.raft.roles.FollowerRole - RaftServer{2}{role=FOLLOWER} - Appended Indexed{index=45, entry=CommandEntry{term=1, timestamp=2018-06-09 02:53:24,491, session=2, sequence=36, operation=PrimitiveOperation{id=DefaultOperationId{id=write, type=COMMAND}, value=byte[]{length=17, hash=-1644578928}}}}
02:53:24.696 [raft-server-1-state] TRACE i.a.p.s.impl.DefaultServiceExecutor - PrimitiveService{2}{type=io.atomix.protocols.raft.RaftTest$TestPrimitiveType@45397ff4, name=raft-test} - Executing DefaultCommit{index=45, session=RaftSession{RaftServiceContext{server=1, type=io.atomix.protocols.raft.RaftTest$TestPrimitiveType@45397ff4, name=raft-test, id=2}, session=2, timestamp=2018-06-09 02:53:24,491}, time=2018-06-09 02:53:24,491, operation=DefaultOperationId{id=write, type=COMMAND}, value=byte[]{length=17, hash=-1644578928}}
02:53:24.696 [raft-server-1-state] TRACE i.a.protocols.raft.roles.LeaderRole - RaftServer{1}{role=LEADER} - Sending CommandResponse{status=OK, index=45, eventIndex=2, result=byte[]{length=2, hash=1330}}
02:53:24.696 [raft-client-02319fd7-5003-4fac-b562-689b946eac2b-5] TRACE i.a.p.r.p.impl.RaftProxyConnection - ProxySession{2}{type=io.atomix.protocols.raft.RaftTest$TestPrimitiveType@35bfa1bb, name=raft-test} - Received CommandResponse{status=OK, index=45, eventIndex=2, result=byte[]{length=2, hash=1330}} from 1
02:53:24.696 [raft-client-02319fd7-5003-4fac-b562-689b946eac2b-5] TRACE i.a.p.r.p.impl.RaftProxySequencer - ProxySession{2}{type=io.atomix.protocols.raft.RaftTest$TestPrimitiveType@35bfa1bb, name=raft-test} - Completing response CommandResponse{status=OK, index=45, eventIndex=2, result=byte[]{length=2, hash=1330}}
02:53:24.697 [raft-client-02319fd7-5003-4fac-b562-689b946eac2b-5] TRACE i.a.p.r.p.impl.RaftProxyConnection - ProxySession{2}{type=io.atomix.protocols.raft.RaftTest$TestPrimitiveType@35bfa1bb, name=raft-test} - Sending CommandRequest{session=2, sequence=37, operation=PrimitiveOperation{id=DefaultOperationId{id=write, type=COMMAND}, value=byte[]{length=17, hash=-1644578928}}} to 1
02:53:24.697 [raft-server-1] TRACE i.a.protocols.raft.roles.LeaderRole - RaftServer{1}{role=LEADER} - Received CommandRequest{session=2, sequence=37, operation=PrimitiveOperation{id=DefaultOperationId{id=write, type=COMMAND}, value=byte[]{length=17, hash=-1644578928}}}
02:53:24.697 [raft-server-1] TRACE i.a.protocols.raft.roles.LeaderRole - RaftServer{1}{role=LEADER} - Appended Indexed{index=46, entry=CommandEntry{term=1, timestamp=2018-06-09 02:53:24,697, session=2, sequence=37, operation=PrimitiveOperation{id=DefaultOperationId{id=write, type=COMMAND}, value=byte[]{length=17, hash=-1644578928}}}}
02:53:24.771 [raft-server-3] TRACE i.a.p.raft.roles.FollowerRole - RaftServer{3}{role=FOLLOWER} - Committed entries up to index 45
02:53:24.771 [raft-server-2] TRACE i.a.p.raft.roles.FollowerRole - RaftServer{2}{role=FOLLOWER} - Committed entries up to index 45
02:53:24.771 [raft-server-3] TRACE i.a.p.raft.roles.FollowerRole - RaftServer{3}{role=FOLLOWER} - Sending AppendResponse{status=OK, term=1, succeeded=true, lastLogIndex=45}
02:53:24.771 [raft-server-2] TRACE i.a.p.raft.roles.FollowerRole - RaftServer{2}{role=FOLLOWER} - Sending AppendResponse{status=OK, term=1, succeeded=true, lastLogIndex=45}
02:53:24.771 [raft-server-1] TRACE i.a.p.raft.roles.LeaderAppender - RaftServer{1} - Received AppendResponse{status=OK, term=1, succeeded=true, lastLogIndex=45} from 3
02:53:24.771 [raft-server-1] TRACE i.a.p.raft.roles.LeaderAppender - RaftServer{1} - Sending AppendRequest{term=1, leader=1, prevLogIndex=45, prevLogTerm=1, entries=1, commitIndex=45} to 3
02:53:24.771 [raft-server-3] TRACE i.a.p.raft.roles.FollowerRole - RaftServer{3}{role=FOLLOWER} - Received AppendRequest{term=1, leader=1, prevLogIndex=45, prevLogTerm=1, entries=1, commitIndex=45}
02:53:24.771 [raft-server-2-state] TRACE i.a.p.raft.impl.RaftServiceManager - RaftServer{2} - Applying Indexed{index=45, entry=CommandEntry{term=1, timestamp=2018-06-09 02:53:24,491, session=2, sequence=36, operation=PrimitiveOperation{id=DefaultOperationId{id=write, type=COMMAND}, value=byte[]{length=17, hash=-1644578928}}}}
02:53:24.771 [raft-server-3-state] TRACE i.a.p.raft.impl.RaftServiceManager - RaftServer{3} - Applying Indexed{index=45, entry=CommandEntry{term=1, timestamp=2018-06-09 02:53:24,491, session=2, sequence=36, operation=PrimitiveOperation{id=DefaultOperationId{id=write, type=COMMAND}, value=byte[]{length=17, hash=-1644578928}}}}
02:53:24.771 [raft-server-1] TRACE i.a.p.raft.roles.LeaderAppender - RaftServer{1} - Received AppendResponse{status=OK, term=1, succeeded=true, lastLogIndex=45} from 2
02:53:24.771 [raft-server-2-state] TRACE i.a.p.s.impl.DefaultServiceExecutor - PrimitiveService{2}{type=io.atomix.protocols.raft.RaftTest$TestPrimitiveType@1c47fd5, name=raft-test} - Executing DefaultCommit{index=45, session=RaftSession{RaftServiceContext{server=2, type=io.atomix.protocols.raft.RaftTest$TestPrimitiveType@1c47fd5, name=raft-test, id=2}, session=2, timestamp=2018-06-09 02:53:24,491}, time=2018-06-09 02:53:24,491, operation=DefaultOperationId{id=write, type=COMMAND}, value=byte[]{length=17, hash=-1644578928}}
02:53:24.771 [raft-server-3] TRACE i.a.p.raft.roles.FollowerRole - RaftServer{3}{role=FOLLOWER} - Appended Indexed{index=46, entry=CommandEntry{term=1, timestamp=2018-06-09 02:53:24,697, session=2, sequence=37, operation=PrimitiveOperation{id=DefaultOperationId{id=write, type=COMMAND}, value=byte[]{length=17, hash=-1644578928}}}}
02:53:24.771 [raft-server-3-state] TRACE i.a.p.s.impl.DefaultServiceExecutor - PrimitiveService{2}{type=io.atomix.protocols.raft.RaftTest$TestPrimitiveType@30e8e4fb, name=raft-test} - Executing DefaultCommit{index=45, session=RaftSession{RaftServiceContext{server=3, type=io.atomix.protocols.raft.RaftTest$TestPrimitiveType@30e8e4fb, name=raft-test, id=2}, session=2, timestamp=2018-06-09 02:53:24,491}, time=2018-06-09 02:53:24,491, operation=DefaultOperationId{id=write, type=COMMAND}, value=byte[]{length=17, hash=-1644578928}}
02:53:24.771 [raft-server-1] TRACE i.a.p.raft.roles.LeaderAppender - RaftServer{1} - Sending AppendRequest{term=1, leader=1, prevLogIndex=45, prevLogTerm=1, entries=1, commitIndex=45} to 2
02:53:24.771 [raft-server-3] TRACE i.a.p.raft.roles.FollowerRole - RaftServer{3}{role=FOLLOWER} - Sending AppendResponse{status=OK, term=1, succeeded=true, lastLogIndex=46}
02:53:24.771 [raft-server-2] TRACE i.a.p.raft.roles.FollowerRole - RaftServer{2}{role=FOLLOWER} - Received AppendRequest{term=1, leader=1, prevLogIndex=45, prevLogTerm=1, entries=1, commitIndex=45}
02:53:24.771 [raft-server-1] TRACE i.a.p.raft.roles.LeaderAppender - RaftServer{1} - Received AppendResponse{status=OK, term=1, succeeded=true, lastLogIndex=46} from 3
02:53:24.771 [raft-server-1] TRACE i.a.p.raft.roles.LeaderAppender - RaftServer{1} - Committed entries up to 46
02:53:24.771 [raft-server-2] TRACE i.a.p.raft.roles.FollowerRole - RaftServer{2}{role=FOLLOWER} - Appended Indexed{index=46, entry=CommandEntry{term=1, timestamp=2018-06-09 02:53:24,697, session=2, sequence=37, operation=PrimitiveOperation{id=DefaultOperationId{id=write, type=COMMAND}, value=byte[]{length=17, hash=-1644578928}}}}
02:53:24.771 [raft-server-2] TRACE i.a.p.raft.roles.FollowerRole - RaftServer{2}{role=FOLLOWER} - Sending AppendResponse{status=OK, term=1, succeeded=true, lastLogIndex=46}
02:53:24.838 [raft-server-1] TRACE i.a.p.raft.roles.LeaderAppender - RaftServer{1} - Received AppendResponse{status=OK, term=1, succeeded=true, lastLogIndex=46} from 2
02:53:24.838 [raft-server-1-state] TRACE i.a.p.raft.impl.RaftServiceManager - RaftServer{1} - Applying Indexed{index=46, entry=CommandEntry{term=1, timestamp=2018-06-09 02:53:24,697, session=2, sequence=37, operation=PrimitiveOperation{id=DefaultOperationId{id=write, type=COMMAND}, value=byte[]{length=17, hash=-1644578928}}}}
02:53:24.838 [raft-server-1-state] TRACE i.a.p.s.impl.DefaultServiceExecutor - PrimitiveService{2}{type=io.atomix.protocols.raft.RaftTest$TestPrimitiveType@45397ff4, name=raft-test} - Executing DefaultCommit{index=46, session=RaftSession{RaftServiceContext{server=1, type=io.atomix.protocols.raft.RaftTest$TestPrimitiveType@45397ff4, name=raft-test, id=2}, session=2, timestamp=2018-06-09 02:53:24,697}, time=2018-06-09 02:53:24,697, operation=DefaultOperationId{id=write, type=COMMAND}, value=byte[]{length=17, hash=-1644578928}}
02:53:24.838 [raft-server-1-state] TRACE i.a.protocols.raft.roles.LeaderRole - RaftServer{1}{role=LEADER} - Sending CommandResponse{status=OK, index=46, eventIndex=2, result=byte[]{length=2, hash=1332}}
02:53:24.838 [raft-client-02319fd7-5003-4fac-b562-689b946eac2b-6] TRACE i.a.p.r.p.impl.RaftProxyConnection - ProxySession{2}{type=io.atomix.protocols.raft.RaftTest$TestPrimitiveType@35bfa1bb, name=raft-test} - Received CommandResponse{status=OK, index=46, eventIndex=2, result=byte[]{length=2, hash=1332}} from 1
02:53:24.838 [raft-client-02319fd7-5003-4fac-b562-689b946eac2b-6] TRACE i.a.p.r.p.impl.RaftProxySequencer - ProxySession{2}{type=io.atomix.protocols.raft.RaftTest$TestPrimitiveType@35bfa1bb, name=raft-test} - Completing response CommandResponse{status=OK, index=46, eventIndex=2, result=byte[]{length=2, hash=1332}}
02:53:24.839 [raft-client-02319fd7-5003-4fac-b562-689b946eac2b-1] TRACE i.a.p.r.p.impl.RaftProxyConnection - ProxySession{2}{type=io.atomix.protocols.raft.RaftTest$TestPrimitiveType@35bfa1bb, name=raft-test} - Sending CommandRequest{session=2, sequence=38, operation=PrimitiveOperation{id=DefaultOperationId{id=write, type=COMMAND}, value=byte[]{length=17, hash=-1644578928}}} to 1
02:53:24.839 [raft-server-1] TRACE i.a.protocols.raft.roles.LeaderRole - RaftServer{1}{role=LEADER} - Received CommandRequest{session=2, sequence=38, operation=PrimitiveOperation{id=DefaultOperationId{id=write, type=COMMAND}, value=byte[]{length=17, hash=-1644578928}}}
02:53:24.839 [raft-server-1] TRACE i.a.protocols.raft.roles.LeaderRole - RaftServer{1}{role=LEADER} - Appended Indexed{index=47, entry=CommandEntry{term=1, timestamp=2018-06-09 02:53:24,839, session=2, sequence=38, operation=PrimitiveOperation{id=DefaultOperationId{id=write, type=COMMAND}, value=byte[]{length=17, hash=-1644578928}}}}
02:53:24.839 [raft-server-1] TRACE i.a.p.raft.roles.LeaderAppender - RaftServer{1} - Sending AppendRequest{term=1, leader=1, prevLogIndex=46, prevLogTerm=1, entries=1, commitIndex=46} to 3
02:53:24.839 [raft-server-3] TRACE i.a.p.raft.roles.FollowerRole - RaftServer{3}{role=FOLLOWER} - Received AppendRequest{term=1, leader=1, prevLogIndex=46, prevLogTerm=1, entries=1, commitIndex=46}
02:53:24.839 [raft-server-1] TRACE i.a.p.raft.roles.LeaderAppender - RaftServer{1} - Sending AppendRequest{term=1, leader=1, prevLogIndex=46, prevLogTerm=1, entries=1, commitIndex=46} to 2
02:53:24.839 [raft-server-2] TRACE i.a.p.raft.roles.FollowerRole - RaftServer{2}{role=FOLLOWER} - Received AppendRequest{term=1, leader=1, prevLogIndex=46, prevLogTerm=1, entries=1, commitIndex=46}
02:53:24.839 [raft-server-3] TRACE i.a.p.raft.roles.FollowerRole - RaftServer{3}{role=FOLLOWER} - Appended Indexed{index=47, entry=CommandEntry{term=1, timestamp=2018-06-09 02:53:24,839, session=2, sequence=38, operation=PrimitiveOperation{id=DefaultOperationId{id=write, type=COMMAND}, value=byte[]{length=17, hash=-1644578928}}}}
02:53:24.839 [raft-server-2] TRACE i.a.p.raft.roles.FollowerRole - RaftServer{2}{role=FOLLOWER} - Appended Indexed{index=47, entry=CommandEntry{term=1, timestamp=2018-06-09 02:53:24,839, session=2, sequence=38, operation=PrimitiveOperation{id=DefaultOperationId{id=write, type=COMMAND}, value=byte[]{length=17, hash=-1644578928}}}}
02:53:24.920 [raft-server-2] TRACE i.a.p.raft.roles.FollowerRole - RaftServer{2}{role=FOLLOWER} - Committed entries up to index 46
02:53:24.921 [raft-server-3] TRACE i.a.p.raft.roles.FollowerRole - RaftServer{3}{role=FOLLOWER} - Committed entries up to index 46
02:53:24.921 [raft-server-2] TRACE i.a.p.raft.roles.FollowerRole - RaftServer{2}{role=FOLLOWER} - Sending AppendResponse{status=OK, term=1, succeeded=true, lastLogIndex=47}
02:53:24.921 [raft-server-3] TRACE i.a.p.raft.roles.FollowerRole - RaftServer{3}{role=FOLLOWER} - Sending AppendResponse{status=OK, term=1, succeeded=true, lastLogIndex=47}
02:53:24.921 [raft-server-1] TRACE i.a.p.raft.roles.LeaderAppender - RaftServer{1} - Received AppendResponse{status=OK, term=1, succeeded=true, lastLogIndex=47} from 2
02:53:24.921 [raft-server-1] TRACE i.a.p.raft.roles.LeaderAppender - RaftServer{1} - Committed entries up to 47
02:53:24.921 [raft-server-2-state] TRACE i.a.p.raft.impl.RaftServiceManager - RaftServer{2} - Applying Indexed{index=46, entry=CommandEntry{term=1, timestamp=2018-06-09 02:53:24,697, session=2, sequence=37, operation=PrimitiveOperation{id=DefaultOperationId{id=write, type=COMMAND}, value=byte[]{length=17, hash=-1644578928}}}}
02:53:24.921 [raft-server-2-state] TRACE i.a.p.s.impl.DefaultServiceExecutor - PrimitiveService{2}{type=io.atomix.protocols.raft.RaftTest$TestPrimitiveType@1c47fd5, name=raft-test} - Executing DefaultCommit{index=46, session=RaftSession{RaftServiceContext{server=2, type=io.atomix.protocols.raft.RaftTest$TestPrimitiveType@1c47fd5, name=raft-test, id=2}, session=2, timestamp=2018-06-09 02:53:24,697}, time=2018-06-09 02:53:24,697, operation=DefaultOperationId{id=write, type=COMMAND}, value=byte[]{length=17, hash=-1644578928}}
02:53:24.921 [raft-server-3-state] TRACE i.a.p.raft.impl.RaftServiceManager - RaftServer{3} - Applying Indexed{index=46, entry=CommandEntry{term=1, timestamp=2018-06-09 02:53:24,697, session=2, sequence=37, operation=PrimitiveOperation{id=DefaultOperationId{id=write, type=COMMAND}, value=byte[]{length=17, hash=-1644578928}}}}
02:53:24.921 [raft-server-3-state] TRACE i.a.p.s.impl.DefaultServiceExecutor - PrimitiveService{2}{type=io.atomix.protocols.raft.RaftTest$TestPrimitiveType@30e8e4fb, name=raft-test} - Executing DefaultCommit{index=46, session=RaftSession{RaftServiceContext{server=3, type=io.atomix.protocols.raft.RaftTest$TestPrimitiveType@30e8e4fb, name=raft-test, id=2}, session=2, timestamp=2018-06-09 02:53:24,697}, time=2018-06-09 02:53:24,697, operation=DefaultOperationId{id=write, type=COMMAND}, value=byte[]{length=17, hash=-1644578928}}
02:53:24.990 [raft-server-1] TRACE i.a.p.raft.roles.LeaderAppender - RaftServer{1} - Sending AppendRequest{term=1, leader=1, prevLogIndex=47, prevLogTerm=1, entries=0, commitIndex=47} to 2
02:53:24.990 [raft-server-2] TRACE i.a.p.raft.roles.FollowerRole - RaftServer{2}{role=FOLLOWER} - Received AppendRequest{term=1, leader=1, prevLogIndex=47, prevLogTerm=1, entries=0, commitIndex=47}
02:53:24.990 [raft-server-1] TRACE i.a.p.raft.roles.LeaderAppender - RaftServer{1} - Received AppendResponse{status=OK, term=1, succeeded=true, lastLogIndex=47} from 3
02:53:24.990 [raft-server-1] TRACE i.a.p.raft.roles.LeaderAppender - RaftServer{1} - Sending AppendRequest{term=1, leader=1, prevLogIndex=47, prevLogTerm=1, entries=0, commitIndex=47} to 3
02:53:24.990 [raft-server-3] TRACE i.a.p.raft.roles.FollowerRole - RaftServer{3}{role=FOLLOWER} - Received AppendRequest{term=1, leader=1, prevLogIndex=47, prevLogTerm=1, entries=0, commitIndex=47}
02:53:24.990 [raft-server-1-state] TRACE i.a.p.raft.impl.RaftServiceManager - RaftServer{1} - Applying Indexed{index=47, entry=CommandEntry{term=1, timestamp=2018-06-09 02:53:24,839, session=2, sequence=38, operation=PrimitiveOperation{id=DefaultOperationId{id=write, type=COMMAND}, value=byte[]{length=17, hash=-1644578928}}}}
02:53:24.990 [raft-server-1-state] TRACE i.a.p.s.impl.DefaultServiceExecutor - PrimitiveService{2}{type=io.atomix.protocols.raft.RaftTest$TestPrimitiveType@45397ff4, name=raft-test} - Executing DefaultCommit{index=47, session=RaftSession{RaftServiceContext{server=1, type=io.atomix.protocols.raft.RaftTest$TestPrimitiveType@45397ff4, name=raft-test, id=2}, session=2, timestamp=2018-06-09 02:53:24,839}, time=2018-06-09 02:53:24,839, operation=DefaultOperationId{id=write, type=COMMAND}, value=byte[]{length=17, hash=-1644578928}}
02:53:24.991 [raft-server-1-state] TRACE i.a.protocols.raft.roles.LeaderRole - RaftServer{1}{role=LEADER} - Sending CommandResponse{status=OK, index=47, eventIndex=2, result=byte[]{length=2, hash=1334}}
02:53:24.991 [raft-client-02319fd7-5003-4fac-b562-689b946eac2b-7] TRACE i.a.p.r.p.impl.RaftProxyConnection - ProxySession{2}{type=io.atomix.protocols.raft.RaftTest$TestPrimitiveType@35bfa1bb, name=raft-test} - Received CommandResponse{status=OK, index=47, eventIndex=2, result=byte[]{length=2, hash=1334}} from 1
02:53:24.991 [raft-client-02319fd7-5003-4fac-b562-689b946eac2b-7] TRACE i.a.p.r.p.impl.RaftProxySequencer - ProxySession{2}{type=io.atomix.protocols.raft.RaftTest$TestPrimitiveType@35bfa1bb, name=raft-test} - Completing response CommandResponse{status=OK, index=47, eventIndex=2, result=byte[]{length=2, hash=1334}}
02:53:24.991 [raft-client-02319fd7-5003-4fac-b562-689b946eac2b-7] TRACE i.a.p.r.p.impl.RaftProxyConnection - ProxySession{2}{type=io.atomix.protocols.raft.RaftTest$TestPrimitiveType@35bfa1bb, name=raft-test} - Sending CommandRequest{session=2, sequence=39, operation=PrimitiveOperation{id=DefaultOperationId{id=write, type=COMMAND}, value=byte[]{length=17, hash=-1644578928}}} to 1
02:53:24.991 [raft-server-1] TRACE i.a.protocols.raft.roles.LeaderRole - RaftServer{1}{role=LEADER} - Received CommandRequest{session=2, sequence=39, operation=PrimitiveOperation{id=DefaultOperationId{id=write, type=COMMAND}, value=byte[]{length=17, hash=-1644578928}}}
02:53:24.991 [raft-server-1] TRACE i.a.protocols.raft.roles.LeaderRole - RaftServer{1}{role=LEADER} - Appended Indexed{index=48, entry=CommandEntry{term=1, timestamp=2018-06-09 02:53:24,991, session=2, sequence=39, operation=PrimitiveOperation{id=DefaultOperationId{id=write, type=COMMAND}, value=byte[]{length=17, hash=-1644578928}}}}
02:53:25.054 [raft-server-2] TRACE i.a.p.raft.roles.FollowerRole - RaftServer{2}{role=FOLLOWER} - Committed entries up to index 47
02:53:25.054 [raft-server-2] TRACE i.a.p.raft.roles.FollowerRole - RaftServer{2}{role=FOLLOWER} - Sending AppendResponse{status=OK, term=1, succeeded=true, lastLogIndex=47}
02:53:25.054 [raft-server-1] TRACE i.a.p.raft.roles.LeaderAppender - RaftServer{1} - Received AppendResponse{status=OK, term=1, succeeded=true, lastLogIndex=47} from 2
02:53:25.054 [raft-server-2-state] TRACE i.a.p.raft.impl.RaftServiceManager - RaftServer{2} - Applying Indexed{index=47, entry=CommandEntry{term=1, timestamp=2018-06-09 02:53:24,839, session=2, sequence=38, operation=PrimitiveOperation{id=DefaultOperationId{id=write, type=COMMAND}, value=byte[]{length=17, hash=-1644578928}}}}
02:53:25.055 [raft-server-2-state] TRACE i.a.p.s.impl.DefaultServiceExecutor - PrimitiveService{2}{type=io.atomix.protocols.raft.RaftTest$TestPrimitiveType@1c47fd5, name=raft-test} - Executing DefaultCommit{index=47, session=RaftSession{RaftServiceContext{server=2, type=io.atomix.protocols.raft.RaftTest$TestPrimitiveType@1c47fd5, name=raft-test, id=2}, session=2, timestamp=2018-06-09 02:53:24,839}, time=2018-06-09 02:53:24,839, operation=DefaultOperationId{id=write, type=COMMAND}, value=byte[]{length=17, hash=-1644578928}}
02:53:25.055 [raft-server-1] TRACE i.a.p.raft.roles.LeaderAppender - RaftServer{1} - Sending AppendRequest{term=1, leader=1, prevLogIndex=47, prevLogTerm=1, entries=1, commitIndex=47} to 2
02:53:25.055 [raft-server-2] TRACE i.a.p.raft.roles.FollowerRole - RaftServer{2}{role=FOLLOWER} - Received AppendRequest{term=1, leader=1, prevLogIndex=47, prevLogTerm=1, entries=1, commitIndex=47}
02:53:25.055 [raft-server-2] TRACE i.a.p.raft.roles.FollowerRole - RaftServer{2}{role=FOLLOWER} - Appended Indexed{index=48, entry=CommandEntry{term=1, timestamp=2018-06-09 02:53:24,991, session=2, sequence=39, operation=PrimitiveOperation{id=DefaultOperationId{id=write, type=COMMAND}, value=byte[]{length=17, hash=-1644578928}}}}
02:53:25.055 [raft-server-2] TRACE i.a.p.raft.roles.FollowerRole - RaftServer{2}{role=FOLLOWER} - Sending AppendResponse{status=OK, term=1, succeeded=true, lastLogIndex=48}
02:53:25.055 [raft-server-1] TRACE i.a.p.raft.roles.LeaderAppender - RaftServer{1} - Received AppendResponse{status=OK, term=1, succeeded=true, lastLogIndex=48} from 2
02:53:25.055 [raft-server-1] TRACE i.a.p.raft.roles.LeaderAppender - RaftServer{1} - Committed entries up to 48
02:53:25.131 [raft-server-3] TRACE i.a.p.raft.roles.FollowerRole - RaftServer{3}{role=FOLLOWER} - Committed entries up to index 47
02:53:25.131 [raft-server-3] TRACE i.a.p.raft.roles.FollowerRole - RaftServer{3}{role=FOLLOWER} - Sending AppendResponse{status=OK, term=1, succeeded=true, lastLogIndex=47}
02:53:25.132 [raft-server-3-state] TRACE i.a.p.raft.impl.RaftServiceManager - RaftServer{3} - Applying Indexed{index=47, entry=CommandEntry{term=1, timestamp=2018-06-09 02:53:24,839, session=2, sequence=38, operation=PrimitiveOperation{id=DefaultOperationId{id=write, type=COMMAND}, value=byte[]{length=17, hash=-1644578928}}}}
02:53:25.132 [raft-server-3-state] TRACE i.a.p.s.impl.DefaultServiceExecutor - PrimitiveService{2}{type=io.atomix.protocols.raft.RaftTest$TestPrimitiveType@30e8e4fb, name=raft-test} - Executing DefaultCommit{index=47, session=RaftSession{RaftServiceContext{server=3, type=io.atomix.protocols.raft.RaftTest$TestPrimitiveType@30e8e4fb, name=raft-test, id=2}, session=2, timestamp=2018-06-09 02:53:24,839}, time=2018-06-09 02:53:24,839, operation=DefaultOperationId{id=write, type=COMMAND}, value=byte[]{length=17, hash=-1644578928}}
02:53:25.187 [raft-server-1] TRACE i.a.p.raft.roles.LeaderAppender - RaftServer{1} - Received AppendResponse{status=OK, term=1, succeeded=true, lastLogIndex=47} from 3
02:53:25.187 [raft-server-1] TRACE i.a.p.raft.roles.LeaderAppender - RaftServer{1} - Sending AppendRequest{term=1, leader=1, prevLogIndex=47, prevLogTerm=1, entries=1, commitIndex=48} to 3
02:53:25.188 [raft-server-3] TRACE i.a.p.raft.roles.FollowerRole - RaftServer{3}{role=FOLLOWER} - Received AppendRequest{term=1, leader=1, prevLogIndex=47, prevLogTerm=1, entries=1, commitIndex=48}
02:53:25.188 [raft-server-1] TRACE i.a.p.raft.roles.LeaderAppender - RaftServer{1} - Sending AppendRequest{term=1, leader=1, prevLogIndex=48, prevLogTerm=1, entries=0, commitIndex=48} to 2
02:53:25.188 [raft-server-2] TRACE i.a.p.raft.roles.FollowerRole - RaftServer{2}{role=FOLLOWER} - Received AppendRequest{term=1, leader=1, prevLogIndex=48, prevLogTerm=1, entries=0, commitIndex=48}
02:53:25.188 [raft-server-1-state] TRACE i.a.p.raft.impl.RaftServiceManager - RaftServer{1} - Applying Indexed{index=48, entry=CommandEntry{term=1, timestamp=2018-06-09 02:53:24,991, session=2, sequence=39, operation=PrimitiveOperation{id=DefaultOperationId{id=write, type=COMMAND}, value=byte[]{length=17, hash=-1644578928}}}}
02:53:25.188 [raft-server-1-state] TRACE i.a.p.s.impl.DefaultServiceExecutor - PrimitiveService{2}{type=io.atomix.protocols.raft.RaftTest$TestPrimitiveType@45397ff4, name=raft-test} - Executing DefaultCommit{index=48, session=RaftSession{RaftServiceContext{server=1, type=io.atomix.protocols.raft.RaftTest$TestPrimitiveType@45397ff4, name=raft-test, id=2}, session=2, timestamp=2018-06-09 02:53:24,991}, time=2018-06-09 02:53:24,991, operation=DefaultOperationId{id=write, type=COMMAND}, value=byte[]{length=17, hash=-1644578928}}
02:53:25.188 [raft-server-1-state] TRACE i.a.protocols.raft.roles.LeaderRole - RaftServer{1}{role=LEADER} - Sending CommandResponse{status=OK, index=48, eventIndex=2, result=byte[]{length=2, hash=1336}}
02:53:25.188 [raft-client-02319fd7-5003-4fac-b562-689b946eac2b-4] TRACE i.a.p.r.p.impl.RaftProxyConnection - ProxySession{2}{type=io.atomix.protocols.raft.RaftTest$TestPrimitiveType@35bfa1bb, name=raft-test} - Received CommandResponse{status=OK, index=48, eventIndex=2, result=byte[]{length=2, hash=1336}} from 1
02:53:25.188 [raft-server-3] TRACE i.a.p.raft.roles.FollowerRole - RaftServer{3}{role=FOLLOWER} - Appended Indexed{index=48, entry=CommandEntry{term=1, timestamp=2018-06-09 02:53:24,991, session=2, sequence=39, operation=PrimitiveOperation{id=DefaultOperationId{id=write, type=COMMAND}, value=byte[]{length=17, hash=-1644578928}}}}
02:53:25.188 [raft-client-02319fd7-5003-4fac-b562-689b946eac2b-4] TRACE i.a.p.r.p.impl.RaftProxySequencer - ProxySession{2}{type=io.atomix.protocols.raft.RaftTest$TestPrimitiveType@35bfa1bb, name=raft-test} - Completing response CommandResponse{status=OK, index=48, eventIndex=2, result=byte[]{length=2, hash=1336}}
02:53:25.189 [raft-client-02319fd7-5003-4fac-b562-689b946eac2b-7] TRACE i.a.p.r.p.impl.RaftProxyConnection - ProxySession{2}{type=io.atomix.protocols.raft.RaftTest$TestPrimitiveType@35bfa1bb, name=raft-test} - Sending CommandRequest{session=2, sequence=40, operation=PrimitiveOperation{id=DefaultOperationId{id=write, type=COMMAND}, value=byte[]{length=17, hash=-1644578928}}} to 1
02:53:25.189 [raft-server-1] TRACE i.a.protocols.raft.roles.LeaderRole - RaftServer{1}{role=LEADER} - Received CommandRequest{session=2, sequence=40, operation=PrimitiveOperation{id=DefaultOperationId{id=write, type=COMMAND}, value=byte[]{length=17, hash=-1644578928}}}
02:53:25.189 [raft-server-1] TRACE i.a.protocols.raft.roles.LeaderRole - RaftServer{1}{role=LEADER} - Appended Indexed{index=49, entry=CommandEntry{term=1, timestamp=2018-06-09 02:53:25,189, session=2, sequence=40, operation=PrimitiveOperation{id=DefaultOperationId{id=write, type=COMMAND}, value=byte[]{length=17, hash=-1644578928}}}}
02:53:25.273 [raft-server-2] TRACE i.a.p.raft.roles.FollowerRole - RaftServer{2}{role=FOLLOWER} - Committed entries up to index 48
02:53:25.273 [raft-server-2] TRACE i.a.p.raft.roles.FollowerRole - RaftServer{2}{role=FOLLOWER} - Sending AppendResponse{status=OK, term=1, succeeded=true, lastLogIndex=48}
02:53:25.273 [raft-server-1] TRACE i.a.p.raft.roles.LeaderAppender - RaftServer{1} - Received AppendResponse{status=OK, term=1, succeeded=true, lastLogIndex=48} from 2
02:53:25.273 [raft-server-2-state] TRACE i.a.p.raft.impl.RaftServiceManager - RaftServer{2} - Applying Indexed{index=48, entry=CommandEntry{term=1, timestamp=2018-06-09 02:53:24,991, session=2, sequence=39, operation=PrimitiveOperation{id=DefaultOperationId{id=write, type=COMMAND}, value=byte[]{length=17, hash=-1644578928}}}}
02:53:25.273 [raft-server-1] TRACE i.a.p.raft.roles.LeaderAppender - RaftServer{1} - Sending AppendRequest{term=1, leader=1, prevLogIndex=48, prevLogTerm=1, entries=1, commitIndex=48} to 2
02:53:25.273 [raft-server-2-state] TRACE i.a.p.s.impl.DefaultServiceExecutor - PrimitiveService{2}{type=io.atomix.protocols.raft.RaftTest$TestPrimitiveType@1c47fd5, name=raft-test} - Executing DefaultCommit{index=48, session=RaftSession{RaftServiceContext{server=2, type=io.atomix.protocols.raft.RaftTest$TestPrimitiveType@1c47fd5, name=raft-test, id=2}, session=2, timestamp=2018-06-09 02:53:24,991}, time=2018-06-09 02:53:24,991, operation=DefaultOperationId{id=write, type=COMMAND}, value=byte[]{length=17, hash=-1644578928}}
02:53:25.273 [raft-server-2] TRACE i.a.p.raft.roles.FollowerRole - RaftServer{2}{role=FOLLOWER} - Received AppendRequest{term=1, leader=1, prevLogIndex=48, prevLogTerm=1, entries=1, commitIndex=48}
02:53:25.274 [raft-server-2] TRACE i.a.p.raft.roles.FollowerRole - RaftServer{2}{role=FOLLOWER} - Appended Indexed{index=49, entry=CommandEntry{term=1, timestamp=2018-06-09 02:53:25,189, session=2, sequence=40, operation=PrimitiveOperation{id=DefaultOperationId{id=write, type=COMMAND}, value=byte[]{length=17, hash=-1644578928}}}}
02:53:25.274 [raft-server-2] TRACE i.a.p.raft.roles.FollowerRole - RaftServer{2}{role=FOLLOWER} - Sending AppendResponse{status=OK, term=1, succeeded=true, lastLogIndex=49}
02:53:25.274 [raft-server-1] TRACE i.a.p.raft.roles.LeaderAppender - RaftServer{1} - Received AppendResponse{status=OK, term=1, succeeded=true, lastLogIndex=49} from 2
02:53:25.274 [raft-server-1] TRACE i.a.p.raft.roles.LeaderAppender - RaftServer{1} - Committed entries up to 49
02:53:25.340 [raft-server-3] TRACE i.a.p.raft.roles.FollowerRole - RaftServer{3}{role=FOLLOWER} - Committed entries up to index 48
02:53:25.340 [raft-server-3] TRACE i.a.p.raft.roles.FollowerRole - RaftServer{3}{role=FOLLOWER} - Sending AppendResponse{status=OK, term=1, succeeded=true, lastLogIndex=48}
02:53:25.340 [raft-server-3-state] TRACE i.a.p.raft.impl.RaftServiceManager - RaftServer{3} - Applying Indexed{index=48, entry=CommandEntry{term=1, timestamp=2018-06-09 02:53:24,991, session=2, sequence=39, operation=PrimitiveOperation{id=DefaultOperationId{id=write, type=COMMAND}, value=byte[]{length=17, hash=-1644578928}}}}
02:53:25.340 [raft-server-3-state] TRACE i.a.p.s.impl.DefaultServiceExecutor - PrimitiveService{2}{type=io.atomix.protocols.raft.RaftTest$TestPrimitiveType@30e8e4fb, name=raft-test} - Executing DefaultCommit{index=48, session=RaftSession{RaftServiceContext{server=3, type=io.atomix.protocols.raft.RaftTest$TestPrimitiveType@30e8e4fb, name=raft-test, id=2}, session=2, timestamp=2018-06-09 02:53:24,991}, time=2018-06-09 02:53:24,991, operation=DefaultOperationId{id=write, type=COMMAND}, value=byte[]{length=17, hash=-1644578928}}
02:53:25.404 [raft-server-1] TRACE i.a.p.raft.roles.LeaderAppender - RaftServer{1} - Received AppendResponse{status=OK, term=1, succeeded=true, lastLogIndex=48} from 3
02:53:25.404 [raft-server-1] TRACE i.a.p.raft.roles.LeaderAppender - RaftServer{1} - Sending AppendRequest{term=1, leader=1, prevLogIndex=48, prevLogTerm=1, entries=1, commitIndex=49} to 3
02:53:25.404 [raft-server-3] TRACE i.a.p.raft.roles.FollowerRole - RaftServer{3}{role=FOLLOWER} - Received AppendRequest{term=1, leader=1, prevLogIndex=48, prevLogTerm=1, entries=1, commitIndex=49}
02:53:25.404 [raft-server-1] TRACE i.a.p.raft.roles.LeaderAppender - RaftServer{1} - Sending AppendRequest{term=1, leader=1, prevLogIndex=49, prevLogTerm=1, entries=0, commitIndex=49} to 2
02:53:25.404 [raft-server-2] TRACE i.a.p.raft.roles.FollowerRole - RaftServer{2}{role=FOLLOWER} - Received AppendRequest{term=1, leader=1, prevLogIndex=49, prevLogTerm=1, entries=0, commitIndex=49}
02:53:25.404 [raft-server-3] TRACE i.a.p.raft.roles.FollowerRole - RaftServer{3}{role=FOLLOWER} - Appended Indexed{index=49, entry=CommandEntry{term=1, timestamp=2018-06-09 02:53:25,189, session=2, sequence=40, operation=PrimitiveOperation{id=DefaultOperationId{id=write, type=COMMAND}, value=byte[]{length=17, hash=-1644578928}}}}
02:53:25.405 [raft-server-1-state] TRACE i.a.p.raft.impl.RaftServiceManager - RaftServer{1} - Applying Indexed{index=49, entry=CommandEntry{term=1, timestamp=2018-06-09 02:53:25,189, session=2, sequence=40, operation=PrimitiveOperation{id=DefaultOperationId{id=write, type=COMMAND}, value=byte[]{length=17, hash=-1644578928}}}}
02:53:25.405 [raft-server-1-state] TRACE i.a.p.s.impl.DefaultServiceExecutor - PrimitiveService{2}{type=io.atomix.protocols.raft.RaftTest$TestPrimitiveType@45397ff4, name=raft-test} - Executing DefaultCommit{index=49, session=RaftSession{RaftServiceContext{server=1, type=io.atomix.protocols.raft.RaftTest$TestPrimitiveType@45397ff4, name=raft-test, id=2}, session=2, timestamp=2018-06-09 02:53:25,189}, time=2018-06-09 02:53:25,189, operation=DefaultOperationId{id=write, type=COMMAND}, value=byte[]{length=17, hash=-1644578928}}
02:53:25.405 [raft-server-1] TRACE i.a.protocols.raft.roles.LeaderRole - RaftServer{1}{role=LEADER} - Sending CommandResponse{status=OK, index=49, eventIndex=2, result=byte[]{length=2, hash=1338}}
02:53:25.405 [raft-client-02319fd7-5003-4fac-b562-689b946eac2b-2] TRACE i.a.p.r.p.impl.RaftProxyConnection - ProxySession{2}{type=io.atomix.protocols.raft.RaftTest$TestPrimitiveType@35bfa1bb, name=raft-test} - Received CommandResponse{status=OK, index=49, eventIndex=2, result=byte[]{length=2, hash=1338}} from 1
02:53:25.405 [raft-client-02319fd7-5003-4fac-b562-689b946eac2b-2] TRACE i.a.p.r.p.impl.RaftProxySequencer - ProxySession{2}{type=io.atomix.protocols.raft.RaftTest$TestPrimitiveType@35bfa1bb, name=raft-test} - Completing response CommandResponse{status=OK, index=49, eventIndex=2, result=byte[]{length=2, hash=1338}}
02:53:25.405 [raft-client-02319fd7-5003-4fac-b562-689b946eac2b-0] TRACE i.a.p.r.p.impl.RaftProxyConnection - ProxySession{2}{type=io.atomix.protocols.raft.RaftTest$TestPrimitiveType@35bfa1bb, name=raft-test} - Sending CommandRequest{session=2, sequence=41, operation=PrimitiveOperation{id=DefaultOperationId{id=write, type=COMMAND}, value=byte[]{length=17, hash=-1644578928}}} to 1
02:53:25.406 [raft-server-1] TRACE i.a.protocols.raft.roles.LeaderRole - RaftServer{1}{role=LEADER} - Received CommandRequest{session=2, sequence=41, operation=PrimitiveOperation{id=DefaultOperationId{id=write, type=COMMAND}, value=byte[]{length=17, hash=-1644578928}}}
02:53:25.406 [raft-server-1] TRACE i.a.protocols.raft.roles.LeaderRole - RaftServer{1}{role=LEADER} - Appended Indexed{index=50, entry=CommandEntry{term=1, timestamp=2018-06-09 02:53:25,406, session=2, sequence=41, operation=PrimitiveOperation{id=DefaultOperationId{id=write, type=COMMAND}, value=byte[]{length=17, hash=-1644578928}}}}
02:53:25.479 [raft-server-3] TRACE i.a.p.raft.roles.FollowerRole - RaftServer{3}{role=FOLLOWER} - Committed entries up to index 49
02:53:25.479 [raft-server-2] TRACE i.a.p.raft.roles.FollowerRole - RaftServer{2}{role=FOLLOWER} - Committed entries up to index 49
02:53:25.479 [raft-server-3] TRACE i.a.p.raft.roles.FollowerRole - RaftServer{3}{role=FOLLOWER} - Sending AppendResponse{status=OK, term=1, succeeded=true, lastLogIndex=49}
02:53:25.479 [raft-server-2] TRACE i.a.p.raft.roles.FollowerRole - RaftServer{2}{role=FOLLOWER} - Sending AppendResponse{status=OK, term=1, succeeded=true, lastLogIndex=49}
02:53:25.479 [raft-server-2-state] TRACE i.a.p.raft.impl.RaftServiceManager - RaftServer{2} - Applying Indexed{index=49, entry=CommandEntry{term=1, timestamp=2018-06-09 02:53:25,189, session=2, sequence=40, operation=PrimitiveOperation{id=DefaultOperationId{id=write, type=COMMAND}, value=byte[]{length=17, hash=-1644578928}}}}
02:53:25.479 [raft-server-3-state] TRACE i.a.p.raft.impl.RaftServiceManager - RaftServer{3} - Applying Indexed{index=49, entry=CommandEntry{term=1, timestamp=2018-06-09 02:53:25,189, session=2, sequence=40, operation=PrimitiveOperation{id=DefaultOperationId{id=write, type=COMMAND}, value=byte[]{length=17, hash=-1644578928}}}}
02:53:25.479 [raft-server-1] TRACE i.a.p.raft.roles.LeaderAppender - RaftServer{1} - Received AppendResponse{status=OK, term=1, succeeded=true, lastLogIndex=49} from 3
02:53:25.479 [raft-server-2-state] TRACE i.a.p.s.impl.DefaultServiceExecutor - PrimitiveService{2}{type=io.atomix.protocols.raft.RaftTest$TestPrimitiveType@1c47fd5, name=raft-test} - Executing DefaultCommit{index=49, session=RaftSession{RaftServiceContext{server=2, type=io.atomix.protocols.raft.RaftTest$TestPrimitiveType@1c47fd5, name=raft-test, id=2}, session=2, timestamp=2018-06-09 02:53:25,189}, time=2018-06-09 02:53:25,189, operation=DefaultOperationId{id=write, type=COMMAND}, value=byte[]{length=17, hash=-1644578928}}
02:53:25.479 [raft-server-3-state] TRACE i.a.p.s.impl.DefaultServiceExecutor - PrimitiveService{2}{type=io.atomix.protocols.raft.RaftTest$TestPrimitiveType@30e8e4fb, name=raft-test} - Executing DefaultCommit{index=49, session=RaftSession{RaftServiceContext{server=3, type=io.atomix.protocols.raft.RaftTest$TestPrimitiveType@30e8e4fb, name=raft-test, id=2}, session=2, timestamp=2018-06-09 02:53:25,189}, time=2018-06-09 02:53:25,189, operation=DefaultOperationId{id=write, type=COMMAND}, value=byte[]{length=17, hash=-1644578928}}
02:53:25.479 [raft-server-1] TRACE i.a.p.raft.roles.LeaderAppender - RaftServer{1} - Sending AppendRequest{term=1, leader=1, prevLogIndex=49, prevLogTerm=1, entries=1, commitIndex=49} to 3
02:53:25.480 [raft-server-1] TRACE i.a.p.raft.roles.LeaderAppender - RaftServer{1} - Sending AppendRequest{term=1, leader=1, prevLogIndex=49, prevLogTerm=1, entries=1, commitIndex=49} to 2
02:53:25.480 [raft-server-1] TRACE i.a.p.raft.roles.LeaderAppender - RaftServer{1} - Received AppendResponse{status=OK, term=1, succeeded=true, lastLogIndex=49} from 2
02:53:25.480 [raft-server-2] TRACE i.a.p.raft.roles.FollowerRole - RaftServer{2}{role=FOLLOWER} - Received AppendRequest{term=1, leader=1, prevLogIndex=49, prevLogTerm=1, entries=1, commitIndex=49}
02:53:25.480 [raft-server-3] TRACE i.a.p.raft.roles.FollowerRole - RaftServer{3}{role=FOLLOWER} - Received AppendRequest{term=1, leader=1, prevLogIndex=49, prevLogTerm=1, entries=1, commitIndex=49}
02:53:25.480 [raft-server-3] TRACE i.a.p.raft.roles.FollowerRole - RaftServer{3}{role=FOLLOWER} - Appended Indexed{index=50, entry=CommandEntry{term=1, timestamp=2018-06-09 02:53:25,406, session=2, sequence=41, operation=PrimitiveOperation{id=DefaultOperationId{id=write, type=COMMAND}, value=byte[]{length=17, hash=-1644578928}}}}
02:53:25.480 [raft-server-3] TRACE i.a.p.raft.roles.FollowerRole - RaftServer{3}{role=FOLLOWER} - Sending AppendResponse{status=OK, term=1, succeeded=true, lastLogIndex=50}
02:53:25.480 [raft-server-1] TRACE i.a.p.raft.roles.LeaderAppender - RaftServer{1} - Received AppendResponse{status=OK, term=1, succeeded=true, lastLogIndex=50} from 3
02:53:25.480 [raft-server-1] TRACE i.a.p.raft.roles.LeaderAppender - RaftServer{1} - Committed entries up to 50
02:53:25.481 [raft-server-2] TRACE i.a.p.raft.roles.FollowerRole - RaftServer{2}{role=FOLLOWER} - Appended Indexed{index=50, entry=CommandEntry{term=1, timestamp=2018-06-09 02:53:25,406, session=2, sequence=41, operation=PrimitiveOperation{id=DefaultOperationId{id=write, type=COMMAND}, value=byte[]{length=17, hash=-1644578928}}}}
02:53:25.481 [raft-server-2] TRACE i.a.p.raft.roles.FollowerRole - RaftServer{2}{role=FOLLOWER} - Sending AppendResponse{status=OK, term=1, succeeded=true, lastLogIndex=50}
02:53:25.562 [raft-server-1] TRACE i.a.p.raft.roles.LeaderAppender - RaftServer{1} - Received AppendResponse{status=OK, term=1, succeeded=true, lastLogIndex=50} from 2
02:53:25.562 [raft-server-1-state] TRACE i.a.p.raft.impl.RaftServiceManager - RaftServer{1} - Applying Indexed{index=50, entry=CommandEntry{term=1, timestamp=2018-06-09 02:53:25,406, session=2, sequence=41, operation=PrimitiveOperation{id=DefaultOperationId{id=write, type=COMMAND}, value=byte[]{length=17, hash=-1644578928}}}}
02:53:25.563 [raft-server-1-state] TRACE i.a.p.s.impl.DefaultServiceExecutor - PrimitiveService{2}{type=io.atomix.protocols.raft.RaftTest$TestPrimitiveType@45397ff4, name=raft-test} - Executing DefaultCommit{index=50, session=RaftSession{RaftServiceContext{server=1, type=io.atomix.protocols.raft.RaftTest$TestPrimitiveType@45397ff4, name=raft-test, id=2}, session=2, timestamp=2018-06-09 02:53:25,406}, time=2018-06-09 02:53:25,406, operation=DefaultOperationId{id=write, type=COMMAND}, value=byte[]{length=17, hash=-1644578928}}
02:53:25.563 [raft-server-1-state] TRACE i.a.protocols.raft.roles.LeaderRole - RaftServer{1}{role=LEADER} - Sending CommandResponse{status=OK, index=50, eventIndex=2, result=byte[]{length=2, hash=1340}}
02:53:25.563 [raft-client-02319fd7-5003-4fac-b562-689b946eac2b-3] TRACE i.a.p.r.p.impl.RaftProxyConnection - ProxySession{2}{type=io.atomix.protocols.raft.RaftTest$TestPrimitiveType@35bfa1bb, name=raft-test} - Received CommandResponse{status=OK, index=50, eventIndex=2, result=byte[]{length=2, hash=1340}} from 1
02:53:25.563 [raft-client-02319fd7-5003-4fac-b562-689b946eac2b-3] TRACE i.a.p.r.p.impl.RaftProxySequencer - ProxySession{2}{type=io.atomix.protocols.raft.RaftTest$TestPrimitiveType@35bfa1bb, name=raft-test} - Completing response CommandResponse{status=OK, index=50, eventIndex=2, result=byte[]{length=2, hash=1340}}
02:53:25.563 [raft-client-02319fd7-5003-4fac-b562-689b946eac2b-3] TRACE i.a.p.r.p.impl.RaftProxyConnection - ProxySession{2}{type=io.atomix.protocols.raft.RaftTest$TestPrimitiveType@35bfa1bb, name=raft-test} - Sending CommandRequest{session=2, sequence=42, operation=PrimitiveOperation{id=DefaultOperationId{id=write, type=COMMAND}, value=byte[]{length=17, hash=-1644578928}}} to 1
02:53:25.563 [raft-server-1] TRACE i.a.protocols.raft.roles.LeaderRole - RaftServer{1}{role=LEADER} - Received CommandRequest{session=2, sequence=42, operation=PrimitiveOperation{id=DefaultOperationId{id=write, type=COMMAND}, value=byte[]{length=17, hash=-1644578928}}}
02:53:25.743 [raft-client-02319fd7-5003-4fac-b562-689b946eac2b-7] TRACE i.a.p.r.proxy.impl.RaftProxyManager - RaftClient{02319fd7-5003-4fac-b562-689b946eac2b} - Keeping 1 sessions alive
02:53:25.744 [raft-client-02319fd7-5003-4fac-b562-689b946eac2b-7] TRACE i.a.p.r.p.impl.RaftProxyConnection - RaftClient{02319fd7-5003-4fac-b562-689b946eac2b} - Sending KeepAliveRequest{sessionIds=long[]{length=1, hash=33}, commandSequences=long[]{length=1, hash=72}, eventIndexes=long[]{length=1, hash=33}} to 1
02:53:25.746 [raft-server-1] DEBUG i.a.storage.journal.SegmentedJournal - Created disk segment: JournalSegment{id=6, version=1, index=51, size=64}
02:53:25.746 [raft-server-1] TRACE i.a.protocols.raft.roles.LeaderRole - RaftServer{1}{role=LEADER} - Appended Indexed{index=51, entry=CommandEntry{term=1, timestamp=2018-06-09 02:53:25,563, session=2, sequence=42, operation=PrimitiveOperation{id=DefaultOperationId{id=write, type=COMMAND}, value=byte[]{length=17, hash=-1644578928}}}}
02:53:25.746 [raft-server-1] TRACE i.a.p.raft.roles.LeaderAppender - RaftServer{1} - Sending AppendRequest{term=1, leader=1, prevLogIndex=50, prevLogTerm=1, entries=1, commitIndex=50} to 3
02:53:25.746 [raft-server-3] TRACE i.a.p.raft.roles.FollowerRole - RaftServer{3}{role=FOLLOWER} - Received AppendRequest{term=1, leader=1, prevLogIndex=50, prevLogTerm=1, entries=1, commitIndex=50}
02:53:25.746 [raft-server-1] TRACE i.a.p.raft.roles.LeaderAppender - RaftServer{1} - Sending AppendRequest{term=1, leader=1, prevLogIndex=50, prevLogTerm=1, entries=1, commitIndex=50} to 2
02:53:25.746 [raft-server-2] TRACE i.a.p.raft.roles.FollowerRole - RaftServer{2}{role=FOLLOWER} - Received AppendRequest{term=1, leader=1, prevLogIndex=50, prevLogTerm=1, entries=1, commitIndex=50}
02:53:25.746 [raft-server-1] TRACE i.a.protocols.raft.roles.LeaderRole - RaftServer{1}{role=LEADER} - Received KeepAliveRequest{sessionIds=long[]{length=1, hash=33}, commandSequences=long[]{length=1, hash=72}, eventIndexes=long[]{length=1, hash=33}}
02:53:25.746 [raft-server-1] TRACE i.a.protocols.raft.roles.LeaderRole - RaftServer{1}{role=LEADER} - Appended Indexed{index=52, entry=KeepAliveEntry{term=1, timestamp=2018-06-09 02:53:25,746, sessionIds=long[]{length=1, hash=33}, commandSequences=long[]{length=1, hash=72}, eventIndexes=long[]{length=1, hash=33}}}
02:53:25.884 [raft-server-1] TRACE i.a.p.raft.roles.LeaderAppender - RaftServer{1} - Sending AppendRequest{term=1, leader=1, prevLogIndex=51, prevLogTerm=1, entries=1, commitIndex=50} to 3
02:53:25.884 [raft-server-1] TRACE i.a.p.raft.roles.LeaderAppender - RaftServer{1} - Sending AppendRequest{term=1, leader=1, prevLogIndex=51, prevLogTerm=1, entries=1, commitIndex=50} to 2
02:53:25.912 [raft-server-3] DEBUG i.a.storage.journal.SegmentedJournal - Created disk segment: JournalSegment{id=6, version=1, index=51, size=64}
02:53:25.912 [raft-server-2] DEBUG i.a.storage.journal.SegmentedJournal - Created disk segment: JournalSegment{id=6, version=1, index=51, size=64}
02:53:25.912 [raft-server-2] TRACE i.a.p.raft.roles.FollowerRole - RaftServer{2}{role=FOLLOWER} - Appended Indexed{index=51, entry=CommandEntry{term=1, timestamp=2018-06-09 02:53:25,563, session=2, sequence=42, operation=PrimitiveOperation{id=DefaultOperationId{id=write, type=COMMAND}, value=byte[]{length=17, hash=-1644578928}}}}
02:53:25.912 [raft-server-3] TRACE i.a.p.raft.roles.FollowerRole - RaftServer{3}{role=FOLLOWER} - Appended Indexed{index=51, entry=CommandEntry{term=1, timestamp=2018-06-09 02:53:25,563, session=2, sequence=42, operation=PrimitiveOperation{id=DefaultOperationId{id=write, type=COMMAND}, value=byte[]{length=17, hash=-1644578928}}}}
02:53:26.015 [raft-server-3] TRACE i.a.p.raft.roles.FollowerRole - RaftServer{3}{role=FOLLOWER} - Committed entries up to index 50
02:53:26.015 [raft-server-2] TRACE i.a.p.raft.roles.FollowerRole - RaftServer{2}{role=FOLLOWER} - Committed entries up to index 50
02:53:26.015 [raft-server-3] TRACE i.a.p.raft.roles.FollowerRole - RaftServer{3}{role=FOLLOWER} - Sending AppendResponse{status=OK, term=1, succeeded=true, lastLogIndex=51}
02:53:26.015 [raft-server-2] TRACE i.a.p.raft.roles.FollowerRole - RaftServer{2}{role=FOLLOWER} - Sending AppendResponse{status=OK, term=1, succeeded=true, lastLogIndex=51}
02:53:26.015 [raft-server-3] TRACE i.a.p.raft.roles.FollowerRole - RaftServer{3}{role=FOLLOWER} - Received AppendRequest{term=1, leader=1, prevLogIndex=51, prevLogTerm=1, entries=1, commitIndex=50}
02:53:26.015 [raft-server-2] TRACE i.a.p.raft.roles.FollowerRole - RaftServer{2}{role=FOLLOWER} - Received AppendRequest{term=1, leader=1, prevLogIndex=51, prevLogTerm=1, entries=1, commitIndex=50}
02:53:26.015 [raft-server-1] TRACE i.a.p.raft.roles.LeaderAppender - RaftServer{1} - Received AppendResponse{status=OK, term=1, succeeded=true, lastLogIndex=51} from 3
02:53:26.015 [raft-server-1] TRACE i.a.p.raft.roles.LeaderAppender - RaftServer{1} - Committed entries up to 51
02:53:26.015 [raft-server-3] TRACE i.a.p.raft.roles.FollowerRole - RaftServer{3}{role=FOLLOWER} - Appended Indexed{index=52, entry=KeepAliveEntry{term=1, timestamp=2018-06-09 02:53:25,746, sessionIds=long[]{length=1, hash=33}, commandSequences=long[]{length=1, hash=72}, eventIndexes=long[]{length=1, hash=33}}}
02:53:26.015 [raft-server-2] TRACE i.a.p.raft.roles.FollowerRole - RaftServer{2}{role=FOLLOWER} - Appended Indexed{index=52, entry=KeepAliveEntry{term=1, timestamp=2018-06-09 02:53:25,746, sessionIds=long[]{length=1, hash=33}, commandSequences=long[]{length=1, hash=72}, eventIndexes=long[]{length=1, hash=33}}}
02:53:26.015 [raft-server-3] TRACE i.a.p.raft.roles.FollowerRole - RaftServer{3}{role=FOLLOWER} - Sending AppendResponse{status=OK, term=1, succeeded=true, lastLogIndex=52}
02:53:26.015 [raft-server-2] TRACE i.a.p.raft.roles.FollowerRole - RaftServer{2}{role=FOLLOWER} - Sending AppendResponse{status=OK, term=1, succeeded=true, lastLogIndex=52}
02:53:26.015 [raft-server-3-state] TRACE i.a.p.raft.impl.RaftServiceManager - RaftServer{3} - Applying Indexed{index=50, entry=CommandEntry{term=1, timestamp=2018-06-09 02:53:25,406, session=2, sequence=41, operation=PrimitiveOperation{id=DefaultOperationId{id=write, type=COMMAND}, value=byte[]{length=17, hash=-1644578928}}}}
02:53:26.015 [raft-server-2-state] TRACE i.a.p.raft.impl.RaftServiceManager - RaftServer{2} - Applying Indexed{index=50, entry=CommandEntry{term=1, timestamp=2018-06-09 02:53:25,406, session=2, sequence=41, operation=PrimitiveOperation{id=DefaultOperationId{id=write, type=COMMAND}, value=byte[]{length=17, hash=-1644578928}}}}
02:53:26.015 [raft-server-2-state] TRACE i.a.p.s.impl.DefaultServiceExecutor - PrimitiveService{2}{type=io.atomix.protocols.raft.RaftTest$TestPrimitiveType@1c47fd5, name=raft-test} - Executing DefaultCommit{index=50, session=RaftSession{RaftServiceContext{server=2, type=io.atomix.protocols.raft.RaftTest$TestPrimitiveType@1c47fd5, name=raft-test, id=2}, session=2, timestamp=2018-06-09 02:53:25,406}, time=2018-06-09 02:53:25,406, operation=DefaultOperationId{id=write, type=COMMAND}, value=byte[]{length=17, hash=-1644578928}}
02:53:26.015 [raft-server-3-state] TRACE i.a.p.s.impl.DefaultServiceExecutor - PrimitiveService{2}{type=io.atomix.protocols.raft.RaftTest$TestPrimitiveType@30e8e4fb, name=raft-test} - Executing DefaultCommit{index=50, session=RaftSession{RaftServiceContext{server=3, type=io.atomix.protocols.raft.RaftTest$TestPrimitiveType@30e8e4fb, name=raft-test, id=2}, session=2, timestamp=2018-06-09 02:53:25,406}, time=2018-06-09 02:53:25,406, operation=DefaultOperationId{id=write, type=COMMAND}, value=byte[]{length=17, hash=-1644578928}}
02:53:26.106 [raft-server-1] TRACE i.a.p.raft.roles.LeaderAppender - RaftServer{1} - Received AppendResponse{status=OK, term=1, succeeded=true, lastLogIndex=51} from 2
02:53:26.107 [raft-server-1] TRACE i.a.p.raft.roles.LeaderAppender - RaftServer{1} - Received AppendResponse{status=OK, term=1, succeeded=true, lastLogIndex=52} from 3
02:53:26.107 [raft-server-1] TRACE i.a.p.raft.roles.LeaderAppender - RaftServer{1} - Committed entries up to 52
02:53:26.173 [raft-server-1] TRACE i.a.p.raft.roles.LeaderAppender - RaftServer{1} - Received AppendResponse{status=OK, term=1, succeeded=true, lastLogIndex=52} from 2
02:53:26.173 [raft-server-1] TRACE i.a.p.raft.roles.LeaderAppender - RaftServer{1} - Sending AppendRequest{term=1, leader=1, prevLogIndex=52, prevLogTerm=1, entries=0, commitIndex=52} to 3
02:53:26.173 [raft-server-1] TRACE i.a.p.raft.roles.LeaderAppender - RaftServer{1} - Sending AppendRequest{term=1, leader=1, prevLogIndex=52, prevLogTerm=1, entries=0, commitIndex=52} to 2
02:53:26.173 [raft-server-3] TRACE i.a.p.raft.roles.FollowerRole - RaftServer{3}{role=FOLLOWER} - Received AppendRequest{term=1, leader=1, prevLogIndex=52, prevLogTerm=1, entries=0, commitIndex=52}
02:53:26.173 [raft-server-2] TRACE i.a.p.raft.roles.FollowerRole - RaftServer{2}{role=FOLLOWER} - Received AppendRequest{term=1, leader=1, prevLogIndex=52, prevLogTerm=1, entries=0, commitIndex=52}
02:53:26.173 [raft-server-1-state] TRACE i.a.p.raft.impl.RaftServiceManager - RaftServer{1} - Applying Indexed{index=51, entry=CommandEntry{term=1, timestamp=2018-06-09 02:53:25,563, session=2, sequence=42, operation=PrimitiveOperation{id=DefaultOperationId{id=write, type=COMMAND}, value=byte[]{length=17, hash=-1644578928}}}}
02:53:26.173 [raft-server-1-state] TRACE i.a.p.s.impl.DefaultServiceExecutor - PrimitiveService{2}{type=io.atomix.protocols.raft.RaftTest$TestPrimitiveType@45397ff4, name=raft-test} - Executing DefaultCommit{index=51, session=RaftSession{RaftServiceContext{server=1, type=io.atomix.protocols.raft.RaftTest$TestPrimitiveType@45397ff4, name=raft-test, id=2}, session=2, timestamp=2018-06-09 02:53:25,563}, time=2018-06-09 02:53:25,563, operation=DefaultOperationId{id=write, type=COMMAND}, value=byte[]{length=17, hash=-1644578928}}
02:53:26.174 [raft-server-1-state] TRACE i.a.protocols.raft.roles.LeaderRole - RaftServer{1}{role=LEADER} - Sending CommandResponse{status=OK, index=51, eventIndex=2, result=byte[]{length=2, hash=1342}}
02:53:26.174 [raft-client-02319fd7-5003-4fac-b562-689b946eac2b-1] TRACE i.a.p.r.p.impl.RaftProxyConnection - ProxySession{2}{type=io.atomix.protocols.raft.RaftTest$TestPrimitiveType@35bfa1bb, name=raft-test} - Received CommandResponse{status=OK, index=51, eventIndex=2, result=byte[]{length=2, hash=1342}} from 1
02:53:26.174 [raft-server-1-state] TRACE i.a.p.raft.impl.RaftServiceManager - RaftServer{1} - Applying Indexed{index=52, entry=KeepAliveEntry{term=1, timestamp=2018-06-09 02:53:25,746, sessionIds=long[]{length=1, hash=33}, commandSequences=long[]{length=1, hash=72}, eventIndexes=long[]{length=1, hash=33}}}
02:53:26.174 [raft-client-02319fd7-5003-4fac-b562-689b946eac2b-1] TRACE i.a.p.r.p.impl.RaftProxySequencer - ProxySession{2}{type=io.atomix.protocols.raft.RaftTest$TestPrimitiveType@35bfa1bb, name=raft-test} - Completing response CommandResponse{status=OK, index=51, eventIndex=2, result=byte[]{length=2, hash=1342}}
02:53:26.174 [raft-server-1] TRACE i.a.protocols.raft.roles.LeaderRole - RaftServer{1}{role=LEADER} - Sending KeepAliveResponse{status=OK, leader=1, members=[1, 3, 2], sessionIds=long[]{length=1, hash=33}}
02:53:26.174 [raft-client-02319fd7-5003-4fac-b562-689b946eac2b-3] TRACE i.a.p.r.p.impl.RaftProxyConnection - RaftClient{02319fd7-5003-4fac-b562-689b946eac2b} - Received KeepAliveResponse{status=OK, leader=1, members=[1, 3, 2], sessionIds=long[]{length=1, hash=33}} from 1
02:53:26.174 [raft-client-02319fd7-5003-4fac-b562-689b946eac2b-1] TRACE i.a.p.r.p.impl.RaftProxyConnection - ProxySession{2}{type=io.atomix.protocols.raft.RaftTest$TestPrimitiveType@35bfa1bb, name=raft-test} - Sending CommandRequest{session=2, sequence=43, operation=PrimitiveOperation{id=DefaultOperationId{id=write, type=COMMAND}, value=byte[]{length=17, hash=-1644578928}}} to 1
02:53:26.174 [raft-server-1] TRACE i.a.protocols.raft.roles.LeaderRole - RaftServer{1}{role=LEADER} - Received CommandRequest{session=2, sequence=43, operation=PrimitiveOperation{id=DefaultOperationId{id=write, type=COMMAND}, value=byte[]{length=17, hash=-1644578928}}}
02:53:26.174 [raft-server-1] TRACE i.a.protocols.raft.roles.LeaderRole - RaftServer{1}{role=LEADER} - Appended Indexed{index=53, entry=CommandEntry{term=1, timestamp=2018-06-09 02:53:26,174, session=2, sequence=43, operation=PrimitiveOperation{id=DefaultOperationId{id=write, type=COMMAND}, value=byte[]{length=17, hash=-1644578928}}}}
02:53:26.266 [raft-server-2] TRACE i.a.p.raft.roles.FollowerRole - RaftServer{2}{role=FOLLOWER} - Committed entries up to index 52
02:53:26.266 [raft-server-3] TRACE i.a.p.raft.roles.FollowerRole - RaftServer{3}{role=FOLLOWER} - Committed entries up to index 52
02:53:26.266 [raft-server-2] TRACE i.a.p.raft.roles.FollowerRole - RaftServer{2}{role=FOLLOWER} - Sending AppendResponse{status=OK, term=1, succeeded=true, lastLogIndex=52}
02:53:26.266 [raft-server-3] TRACE i.a.p.raft.roles.FollowerRole - RaftServer{3}{role=FOLLOWER} - Sending AppendResponse{status=OK, term=1, succeeded=true, lastLogIndex=52}
02:53:26.266 [raft-server-1] TRACE i.a.p.raft.roles.LeaderAppender - RaftServer{1} - Received AppendResponse{status=OK, term=1, succeeded=true, lastLogIndex=52} from 2
02:53:26.266 [raft-server-1] TRACE i.a.p.raft.roles.LeaderAppender - RaftServer{1} - Sending AppendRequest{term=1, leader=1, prevLogIndex=52, prevLogTerm=1, entries=1, commitIndex=52} to 2
02:53:26.266 [raft-server-2-state] TRACE i.a.p.raft.impl.RaftServiceManager - RaftServer{2} - Applying Indexed{index=51, entry=CommandEntry{term=1, timestamp=2018-06-09 02:53:25,563, session=2, sequence=42, operation=PrimitiveOperation{id=DefaultOperationId{id=write, type=COMMAND}, value=byte[]{length=17, hash=-1644578928}}}}
02:53:26.266 [raft-server-3-state] TRACE i.a.p.raft.impl.RaftServiceManager - RaftServer{3} - Applying Indexed{index=51, entry=CommandEntry{term=1, timestamp=2018-06-09 02:53:25,563, session=2, sequence=42, operation=PrimitiveOperation{id=DefaultOperationId{id=write, type=COMMAND}, value=byte[]{length=17, hash=-1644578928}}}}
02:53:26.266 [raft-server-2-state] TRACE i.a.p.s.impl.DefaultServiceExecutor - PrimitiveService{2}{type=io.atomix.protocols.raft.RaftTest$TestPrimitiveType@1c47fd5, name=raft-test} - Executing DefaultCommit{index=51, session=RaftSession{RaftServiceContext{server=2, type=io.atomix.protocols.raft.RaftTest$TestPrimitiveType@1c47fd5, name=raft-test, id=2}, session=2, timestamp=2018-06-09 02:53:25,563}, time=2018-06-09 02:53:25,563, operation=DefaultOperationId{id=write, type=COMMAND}, value=byte[]{length=17, hash=-1644578928}}
02:53:26.266 [raft-server-3-state] TRACE i.a.p.s.impl.DefaultServiceExecutor - PrimitiveService{2}{type=io.atomix.protocols.raft.RaftTest$TestPrimitiveType@30e8e4fb, name=raft-test} - Executing DefaultCommit{index=51, session=RaftSession{RaftServiceContext{server=3, type=io.atomix.protocols.raft.RaftTest$TestPrimitiveType@30e8e4fb, name=raft-test, id=2}, session=2, timestamp=2018-06-09 02:53:25,563}, time=2018-06-09 02:53:25,563, operation=DefaultOperationId{id=write, type=COMMAND}, value=byte[]{length=17, hash=-1644578928}}
02:53:26.266 [raft-server-2] TRACE i.a.p.raft.roles.FollowerRole - RaftServer{2}{role=FOLLOWER} - Received AppendRequest{term=1, leader=1, prevLogIndex=52, prevLogTerm=1, entries=1, commitIndex=52}
02:53:26.266 [raft-server-2-state] TRACE i.a.p.raft.impl.RaftServiceManager - RaftServer{2} - Applying Indexed{index=52, entry=KeepAliveEntry{term=1, timestamp=2018-06-09 02:53:25,746, sessionIds=long[]{length=1, hash=33}, commandSequences=long[]{length=1, hash=72}, eventIndexes=long[]{length=1, hash=33}}}
02:53:26.266 [raft-server-3-state] TRACE i.a.p.raft.impl.RaftServiceManager - RaftServer{3} - Applying Indexed{index=52, entry=KeepAliveEntry{term=1, timestamp=2018-06-09 02:53:25,746, sessionIds=long[]{length=1, hash=33}, commandSequences=long[]{length=1, hash=72}, eventIndexes=long[]{length=1, hash=33}}}
02:53:26.266 [raft-server-2] TRACE i.a.p.raft.roles.FollowerRole - RaftServer{2}{role=FOLLOWER} - Appended Indexed{index=53, entry=CommandEntry{term=1, timestamp=2018-06-09 02:53:26,174, session=2, sequence=43, operation=PrimitiveOperation{id=DefaultOperationId{id=write, type=COMMAND}, value=byte[]{length=17, hash=-1644578928}}}}
02:53:26.266 [raft-server-2] TRACE i.a.p.raft.roles.FollowerRole - RaftServer{2}{role=FOLLOWER} - Sending AppendResponse{status=OK, term=1, succeeded=true, lastLogIndex=53}
02:53:26.267 [raft-server-1] TRACE i.a.p.raft.roles.LeaderAppender - RaftServer{1} - Sending AppendRequest{term=1, leader=1, prevLogIndex=52, prevLogTerm=1, entries=1, commitIndex=52} to 3
02:53:26.268 [raft-server-3] TRACE i.a.p.raft.roles.FollowerRole - RaftServer{3}{role=FOLLOWER} - Received AppendRequest{term=1, leader=1, prevLogIndex=52, prevLogTerm=1, entries=1, commitIndex=52}
02:53:26.268 [raft-server-1] TRACE i.a.p.raft.roles.LeaderAppender - RaftServer{1} - Received AppendResponse{status=OK, term=1, succeeded=true, lastLogIndex=52} from 3
02:53:26.268 [raft-server-1] TRACE i.a.p.raft.roles.LeaderAppender - RaftServer{1} - Received AppendResponse{status=OK, term=1, succeeded=true, lastLogIndex=53} from 2
02:53:26.268 [raft-server-1] TRACE i.a.p.raft.roles.LeaderAppender - RaftServer{1} - Committed entries up to 53
02:53:26.268 [raft-server-3] TRACE i.a.p.raft.roles.FollowerRole - RaftServer{3}{role=FOLLOWER} - Appended Indexed{index=53, entry=CommandEntry{term=1, timestamp=2018-06-09 02:53:26,174, session=2, sequence=43, operation=PrimitiveOperation{id=DefaultOperationId{id=write, type=COMMAND}, value=byte[]{length=17, hash=-1644578928}}}}
02:53:26.268 [raft-server-3] TRACE i.a.p.raft.roles.FollowerRole - RaftServer{3}{role=FOLLOWER} - Sending AppendResponse{status=OK, term=1, succeeded=true, lastLogIndex=53}
02:53:26.371 [raft-server-1] TRACE i.a.p.raft.roles.LeaderAppender - RaftServer{1} - Received AppendResponse{status=OK, term=1, succeeded=true, lastLogIndex=53} from 3
02:53:26.371 [raft-server-1-state] TRACE i.a.p.raft.impl.RaftServiceManager - RaftServer{1} - Applying Indexed{index=53, entry=CommandEntry{term=1, timestamp=2018-06-09 02:53:26,174, session=2, sequence=43, operation=PrimitiveOperation{id=DefaultOperationId{id=write, type=COMMAND}, value=byte[]{length=17, hash=-1644578928}}}}
02:53:26.371 [raft-server-1-state] TRACE i.a.p.s.impl.DefaultServiceExecutor - PrimitiveService{2}{type=io.atomix.protocols.raft.RaftTest$TestPrimitiveType@45397ff4, name=raft-test} - Executing DefaultCommit{index=53, session=RaftSession{RaftServiceContext{server=1, type=io.atomix.protocols.raft.RaftTest$TestPrimitiveType@45397ff4, name=raft-test, id=2}, session=2, timestamp=2018-06-09 02:53:26,174}, time=2018-06-09 02:53:26,174, operation=DefaultOperationId{id=write, type=COMMAND}, value=byte[]{length=17, hash=-1644578928}}
02:53:26.371 [raft-server-1-state] TRACE i.a.protocols.raft.roles.LeaderRole - RaftServer{1}{role=LEADER} - Sending CommandResponse{status=OK, index=53, eventIndex=2, result=byte[]{length=2, hash=1346}}
02:53:26.371 [raft-client-02319fd7-5003-4fac-b562-689b946eac2b-5] TRACE i.a.p.r.p.impl.RaftProxyConnection - ProxySession{2}{type=io.atomix.protocols.raft.RaftTest$TestPrimitiveType@35bfa1bb, name=raft-test} - Received CommandResponse{status=OK, index=53, eventIndex=2, result=byte[]{length=2, hash=1346}} from 1
02:53:26.371 [raft-client-02319fd7-5003-4fac-b562-689b946eac2b-5] TRACE i.a.p.r.p.impl.RaftProxySequencer - ProxySession{2}{type=io.atomix.protocols.raft.RaftTest$TestPrimitiveType@35bfa1bb, name=raft-test} - Completing response CommandResponse{status=OK, index=53, eventIndex=2, result=byte[]{length=2, hash=1346}}
02:53:26.372 [raft-client-02319fd7-5003-4fac-b562-689b946eac2b-3] TRACE i.a.p.r.p.impl.RaftProxyConnection - ProxySession{2}{type=io.atomix.protocols.raft.RaftTest$TestPrimitiveType@35bfa1bb, name=raft-test} - Sending CommandRequest{session=2, sequence=44, operation=PrimitiveOperation{id=DefaultOperationId{id=write, type=COMMAND}, value=byte[]{length=17, hash=-1644578928}}} to 1
02:53:26.372 [raft-server-1] TRACE i.a.protocols.raft.roles.LeaderRole - RaftServer{1}{role=LEADER} - Received CommandRequest{session=2, sequence=44, operation=PrimitiveOperation{id=DefaultOperationId{id=write, type=COMMAND}, value=byte[]{length=17, hash=-1644578928}}}
02:53:26.372 [raft-server-1] TRACE i.a.protocols.raft.roles.LeaderRole - RaftServer{1}{role=LEADER} - Appended Indexed{index=54, entry=CommandEntry{term=1, timestamp=2018-06-09 02:53:26,372, session=2, sequence=44, operation=PrimitiveOperation{id=DefaultOperationId{id=write, type=COMMAND}, value=byte[]{length=17, hash=-1644578928}}}}
02:53:26.372 [raft-server-1] TRACE i.a.p.raft.roles.LeaderAppender - RaftServer{1} - Sending AppendRequest{term=1, leader=1, prevLogIndex=53, prevLogTerm=1, entries=1, commitIndex=53} to 3
02:53:26.372 [raft-server-3] TRACE i.a.p.raft.roles.FollowerRole - RaftServer{3}{role=FOLLOWER} - Received AppendRequest{term=1, leader=1, prevLogIndex=53, prevLogTerm=1, entries=1, commitIndex=53}
02:53:26.372 [raft-server-1] TRACE i.a.p.raft.roles.LeaderAppender - RaftServer{1} - Sending AppendRequest{term=1, leader=1, prevLogIndex=53, prevLogTerm=1, entries=1, commitIndex=53} to 2
02:53:26.372 [raft-server-2] TRACE i.a.p.raft.roles.FollowerRole - RaftServer{2}{role=FOLLOWER} - Received AppendRequest{term=1, leader=1, prevLogIndex=53, prevLogTerm=1, entries=1, commitIndex=53}
02:53:26.372 [raft-server-3] TRACE i.a.p.raft.roles.FollowerRole - RaftServer{3}{role=FOLLOWER} - Appended Indexed{index=54, entry=CommandEntry{term=1, timestamp=2018-06-09 02:53:26,372, session=2, sequence=44, operation=PrimitiveOperation{id=DefaultOperationId{id=write, type=COMMAND}, value=byte[]{length=17, hash=-1644578928}}}}
02:53:26.372 [raft-server-2] TRACE i.a.p.raft.roles.FollowerRole - RaftServer{2}{role=FOLLOWER} - Appended Indexed{index=54, entry=CommandEntry{term=1, timestamp=2018-06-09 02:53:26,372, session=2, sequence=44, operation=PrimitiveOperation{id=DefaultOperationId{id=write, type=COMMAND}, value=byte[]{length=17, hash=-1644578928}}}}
02:53:26.431 [raft-server-3] TRACE i.a.p.raft.roles.FollowerRole - RaftServer{3}{role=FOLLOWER} - Committed entries up to index 53
02:53:26.431 [raft-server-2] TRACE i.a.p.raft.roles.FollowerRole - RaftServer{2}{role=FOLLOWER} - Committed entries up to index 53
02:53:26.431 [raft-server-3] TRACE i.a.p.raft.roles.FollowerRole - RaftServer{3}{role=FOLLOWER} - Sending AppendResponse{status=OK, term=1, succeeded=true, lastLogIndex=54}
02:53:26.431 [raft-server-2] TRACE i.a.p.raft.roles.FollowerRole - RaftServer{2}{role=FOLLOWER} - Sending AppendResponse{status=OK, term=1, succeeded=true, lastLogIndex=54}
02:53:26.432 [raft-server-1] TRACE i.a.p.raft.roles.LeaderAppender - RaftServer{1} - Received AppendResponse{status=OK, term=1, succeeded=true, lastLogIndex=54} from 3
02:53:26.432 [raft-server-1] TRACE i.a.p.raft.roles.LeaderAppender - RaftServer{1} - Committed entries up to 54
02:53:26.432 [raft-server-2-state] TRACE i.a.p.raft.impl.RaftServiceManager - RaftServer{2} - Applying Indexed{index=53, entry=CommandEntry{term=1, timestamp=2018-06-09 02:53:26,174, session=2, sequence=43, operation=PrimitiveOperation{id=DefaultOperationId{id=write, type=COMMAND}, value=byte[]{length=17, hash=-1644578928}}}}
02:53:26.432 [raft-server-3-state] TRACE i.a.p.raft.impl.RaftServiceManager - RaftServer{3} - Applying Indexed{index=53, entry=CommandEntry{term=1, timestamp=2018-06-09 02:53:26,174, session=2, sequence=43, operation=PrimitiveOperation{id=DefaultOperationId{id=write, type=COMMAND}, value=byte[]{length=17, hash=-1644578928}}}}
02:53:26.432 [raft-server-2-state] TRACE i.a.p.s.impl.DefaultServiceExecutor - PrimitiveService{2}{type=io.atomix.protocols.raft.RaftTest$TestPrimitiveType@1c47fd5, name=raft-test} - Executing DefaultCommit{index=53, session=RaftSession{RaftServiceContext{server=2, type=io.atomix.protocols.raft.RaftTest$TestPrimitiveType@1c47fd5, name=raft-test, id=2}, session=2, timestamp=2018-06-09 02:53:26,174}, time=2018-06-09 02:53:26,174, operation=DefaultOperationId{id=write, type=COMMAND}, value=byte[]{length=17, hash=-1644578928}}
02:53:26.432 [raft-server-3-state] TRACE i.a.p.s.impl.DefaultServiceExecutor - PrimitiveService{2}{type=io.atomix.protocols.raft.RaftTest$TestPrimitiveType@30e8e4fb, name=raft-test} - Executing DefaultCommit{index=53, session=RaftSession{RaftServiceContext{server=3, type=io.atomix.protocols.raft.RaftTest$TestPrimitiveType@30e8e4fb, name=raft-test, id=2}, session=2, timestamp=2018-06-09 02:53:26,174}, time=2018-06-09 02:53:26,174, operation=DefaultOperationId{id=write, type=COMMAND}, value=byte[]{length=17, hash=-1644578928}}
02:53:26.504 [raft-server-1] TRACE i.a.p.raft.roles.LeaderAppender - RaftServer{1} - Sending AppendRequest{term=1, leader=1, prevLogIndex=54, prevLogTerm=1, entries=0, commitIndex=54} to 3
02:53:26.504 [raft-server-1] TRACE i.a.p.raft.roles.LeaderAppender - RaftServer{1} - Received AppendResponse{status=OK, term=1, succeeded=true, lastLogIndex=54} from 2
02:53:26.504 [raft-server-3] TRACE i.a.p.raft.roles.FollowerRole - RaftServer{3}{role=FOLLOWER} - Received AppendRequest{term=1, leader=1, prevLogIndex=54, prevLogTerm=1, entries=0, commitIndex=54}
02:53:26.504 [raft-server-1] TRACE i.a.p.raft.roles.LeaderAppender - RaftServer{1} - Sending AppendRequest{term=1, leader=1, prevLogIndex=54, prevLogTerm=1, entries=0, commitIndex=54} to 2
02:53:26.504 [raft-server-2] TRACE i.a.p.raft.roles.FollowerRole - RaftServer{2}{role=FOLLOWER} - Received AppendRequest{term=1, leader=1, prevLogIndex=54, prevLogTerm=1, entries=0, commitIndex=54}
02:53:26.504 [raft-server-1-state] TRACE i.a.p.raft.impl.RaftServiceManager - RaftServer{1} - Applying Indexed{index=54, entry=CommandEntry{term=1, timestamp=2018-06-09 02:53:26,372, session=2, sequence=44, operation=PrimitiveOperation{id=DefaultOperationId{id=write, type=COMMAND}, value=byte[]{length=17, hash=-1644578928}}}}
02:53:26.504 [raft-server-1-state] TRACE i.a.p.s.impl.DefaultServiceExecutor - PrimitiveService{2}{type=io.atomix.protocols.raft.RaftTest$TestPrimitiveType@45397ff4, name=raft-test} - Executing DefaultCommit{index=54, session=RaftSession{RaftServiceContext{server=1, type=io.atomix.protocols.raft.RaftTest$TestPrimitiveType@45397ff4, name=raft-test, id=2}, session=2, timestamp=2018-06-09 02:53:26,372}, time=2018-06-09 02:53:26,372, operation=DefaultOperationId{id=write, type=COMMAND}, value=byte[]{length=17, hash=-1644578928}}
02:53:26.505 [raft-server-1-state] TRACE i.a.protocols.raft.roles.LeaderRole - RaftServer{1}{role=LEADER} - Sending CommandResponse{status=OK, index=54, eventIndex=2, result=byte[]{length=2, hash=1348}}
02:53:26.505 [raft-client-02319fd7-5003-4fac-b562-689b946eac2b-6] TRACE i.a.p.r.p.impl.RaftProxyConnection - ProxySession{2}{type=io.atomix.protocols.raft.RaftTest$TestPrimitiveType@35bfa1bb, name=raft-test} - Received CommandResponse{status=OK, index=54, eventIndex=2, result=byte[]{length=2, hash=1348}} from 1
02:53:26.505 [raft-client-02319fd7-5003-4fac-b562-689b946eac2b-6] TRACE i.a.p.r.p.impl.RaftProxySequencer - ProxySession{2}{type=io.atomix.protocols.raft.RaftTest$TestPrimitiveType@35bfa1bb, name=raft-test} - Completing response CommandResponse{status=OK, index=54, eventIndex=2, result=byte[]{length=2, hash=1348}}
02:53:26.505 [raft-client-02319fd7-5003-4fac-b562-689b946eac2b-2] TRACE i.a.p.r.p.impl.RaftProxyConnection - ProxySession{2}{type=io.atomix.protocols.raft.RaftTest$TestPrimitiveType@35bfa1bb, name=raft-test} - Sending CommandRequest{session=2, sequence=45, operation=PrimitiveOperation{id=DefaultOperationId{id=write, type=COMMAND}, value=byte[]{length=17, hash=-1644578928}}} to 1
02:53:26.505 [raft-server-1] TRACE i.a.protocols.raft.roles.LeaderRole - RaftServer{1}{role=LEADER} - Received CommandRequest{session=2, sequence=45, operation=PrimitiveOperation{id=DefaultOperationId{id=write, type=COMMAND}, value=byte[]{length=17, hash=-1644578928}}}
02:53:26.505 [raft-server-1] TRACE i.a.protocols.raft.roles.LeaderRole - RaftServer{1}{role=LEADER} - Appended Indexed{index=55, entry=CommandEntry{term=1, timestamp=2018-06-09 02:53:26,505, session=2, sequence=45, operation=PrimitiveOperation{id=DefaultOperationId{id=write, type=COMMAND}, value=byte[]{length=17, hash=-1644578928}}}}
02:53:26.583 [raft-server-3] TRACE i.a.p.raft.roles.FollowerRole - RaftServer{3}{role=FOLLOWER} - Committed entries up to index 54
02:53:26.583 [raft-server-3] TRACE i.a.p.raft.roles.FollowerRole - RaftServer{3}{role=FOLLOWER} - Sending AppendResponse{status=OK, term=1, succeeded=true, lastLogIndex=54}
02:53:26.583 [raft-server-2] TRACE i.a.p.raft.roles.FollowerRole - RaftServer{2}{role=FOLLOWER} - Committed entries up to index 54
02:53:26.583 [raft-server-2] TRACE i.a.p.raft.roles.FollowerRole - RaftServer{2}{role=FOLLOWER} - Sending AppendResponse{status=OK, term=1, succeeded=true, lastLogIndex=54}
02:53:26.583 [raft-server-1] TRACE i.a.p.raft.roles.LeaderAppender - RaftServer{1} - Received AppendResponse{status=OK, term=1, succeeded=true, lastLogIndex=54} from 3
02:53:26.584 [raft-server-1] TRACE i.a.p.raft.roles.LeaderAppender - RaftServer{1} - Sending AppendRequest{term=1, leader=1, prevLogIndex=54, prevLogTerm=1, entries=1, commitIndex=54} to 3
02:53:26.584 [raft-server-3-state] TRACE i.a.p.raft.impl.RaftServiceManager - RaftServer{3} - Applying Indexed{index=54, entry=CommandEntry{term=1, timestamp=2018-06-09 02:53:26,372, session=2, sequence=44, operation=PrimitiveOperation{id=DefaultOperationId{id=write, type=COMMAND}, value=byte[]{length=17, hash=-1644578928}}}}
02:53:26.584 [raft-server-2-state] TRACE i.a.p.raft.impl.RaftServiceManager - RaftServer{2} - Applying Indexed{index=54, entry=CommandEntry{term=1, timestamp=2018-06-09 02:53:26,372, session=2, sequence=44, operation=PrimitiveOperation{id=DefaultOperationId{id=write, type=COMMAND}, value=byte[]{length=17, hash=-1644578928}}}}
02:53:26.584 [raft-server-1] TRACE i.a.p.raft.roles.LeaderAppender - RaftServer{1} - Received AppendResponse{status=OK, term=1, succeeded=true, lastLogIndex=54} from 2
02:53:26.584 [raft-server-3] TRACE i.a.p.raft.roles.FollowerRole - RaftServer{3}{role=FOLLOWER} - Received AppendRequest{term=1, leader=1, prevLogIndex=54, prevLogTerm=1, entries=1, commitIndex=54}
02:53:26.584 [raft-server-3-state] TRACE i.a.p.s.impl.DefaultServiceExecutor - PrimitiveService{2}{type=io.atomix.protocols.raft.RaftTest$TestPrimitiveType@30e8e4fb, name=raft-test} - Executing DefaultCommit{index=54, session=RaftSession{RaftServiceContext{server=3, type=io.atomix.protocols.raft.RaftTest$TestPrimitiveType@30e8e4fb, name=raft-test, id=2}, session=2, timestamp=2018-06-09 02:53:26,372}, time=2018-06-09 02:53:26,372, operation=DefaultOperationId{id=write, type=COMMAND}, value=byte[]{length=17, hash=-1644578928}}
02:53:26.584 [raft-server-2-state] TRACE i.a.p.s.impl.DefaultServiceExecutor - PrimitiveService{2}{type=io.atomix.protocols.raft.RaftTest$TestPrimitiveType@1c47fd5, name=raft-test} - Executing DefaultCommit{index=54, session=RaftSession{RaftServiceContext{server=2, type=io.atomix.protocols.raft.RaftTest$TestPrimitiveType@1c47fd5, name=raft-test, id=2}, session=2, timestamp=2018-06-09 02:53:26,372}, time=2018-06-09 02:53:26,372, operation=DefaultOperationId{id=write, type=COMMAND}, value=byte[]{length=17, hash=-1644578928}}
02:53:26.584 [raft-server-1] TRACE i.a.p.raft.roles.LeaderAppender - RaftServer{1} - Sending AppendRequest{term=1, leader=1, prevLogIndex=54, prevLogTerm=1, entries=1, commitIndex=54} to 2
02:53:26.584 [raft-server-3] TRACE i.a.p.raft.roles.FollowerRole - RaftServer{3}{role=FOLLOWER} - Appended Indexed{index=55, entry=CommandEntry{term=1, timestamp=2018-06-09 02:53:26,505, session=2, sequence=45, operation=PrimitiveOperation{id=DefaultOperationId{id=write, type=COMMAND}, value=byte[]{length=17, hash=-1644578928}}}}
02:53:26.584 [raft-server-3] TRACE i.a.p.raft.roles.FollowerRole - RaftServer{3}{role=FOLLOWER} - Sending AppendResponse{status=OK, term=1, succeeded=true, lastLogIndex=55}
02:53:26.584 [raft-server-2] TRACE i.a.p.raft.roles.FollowerRole - RaftServer{2}{role=FOLLOWER} - Received AppendRequest{term=1, leader=1, prevLogIndex=54, prevLogTerm=1, entries=1, commitIndex=54}
02:53:26.584 [raft-server-2] TRACE i.a.p.raft.roles.FollowerRole - RaftServer{2}{role=FOLLOWER} - Appended Indexed{index=55, entry=CommandEntry{term=1, timestamp=2018-06-09 02:53:26,505, session=2, sequence=45, operation=PrimitiveOperation{id=DefaultOperationId{id=write, type=COMMAND}, value=byte[]{length=17, hash=-1644578928}}}}
02:53:26.584 [raft-server-2] TRACE i.a.p.raft.roles.FollowerRole - RaftServer{2}{role=FOLLOWER} - Sending AppendResponse{status=OK, term=1, succeeded=true, lastLogIndex=55}
02:53:26.584 [raft-server-1] TRACE i.a.p.raft.roles.LeaderAppender - RaftServer{1} - Received AppendResponse{status=OK, term=1, succeeded=true, lastLogIndex=55} from 3
02:53:26.584 [raft-server-1] TRACE i.a.p.raft.roles.LeaderAppender - RaftServer{1} - Committed entries up to 55
02:53:26.656 [raft-server-1] TRACE i.a.p.raft.roles.LeaderAppender - RaftServer{1} - Received AppendResponse{status=OK, term=1, succeeded=true, lastLogIndex=55} from 2
02:53:26.656 [raft-server-1] TRACE i.a.p.raft.roles.LeaderAppender - RaftServer{1} - Sending AppendRequest{term=1, leader=1, prevLogIndex=55, prevLogTerm=1, entries=0, commitIndex=55} to 3
02:53:26.657 [raft-server-1] TRACE i.a.p.raft.roles.LeaderAppender - RaftServer{1} - Sending AppendRequest{term=1, leader=1, prevLogIndex=55, prevLogTerm=1, entries=0, commitIndex=55} to 2
02:53:26.657 [raft-server-3] TRACE i.a.p.raft.roles.FollowerRole - RaftServer{3}{role=FOLLOWER} - Received AppendRequest{term=1, leader=1, prevLogIndex=55, prevLogTerm=1, entries=0, commitIndex=55}
02:53:26.657 [raft-server-2] TRACE i.a.p.raft.roles.FollowerRole - RaftServer{2}{role=FOLLOWER} - Received AppendRequest{term=1, leader=1, prevLogIndex=55, prevLogTerm=1, entries=0, commitIndex=55}
02:53:26.657 [raft-server-1-state] TRACE i.a.p.raft.impl.RaftServiceManager - RaftServer{1} - Applying Indexed{index=55, entry=CommandEntry{term=1, timestamp=2018-06-09 02:53:26,505, session=2, sequence=45, operation=PrimitiveOperation{id=DefaultOperationId{id=write, type=COMMAND}, value=byte[]{length=17, hash=-1644578928}}}}
02:53:26.657 [raft-server-1-state] TRACE i.a.p.s.impl.DefaultServiceExecutor - PrimitiveService{2}{type=io.atomix.protocols.raft.RaftTest$TestPrimitiveType@45397ff4, name=raft-test} - Executing DefaultCommit{index=55, session=RaftSession{RaftServiceContext{server=1, type=io.atomix.protocols.raft.RaftTest$TestPrimitiveType@45397ff4, name=raft-test, id=2}, session=2, timestamp=2018-06-09 02:53:26,505}, time=2018-06-09 02:53:26,505, operation=DefaultOperationId{id=write, type=COMMAND}, value=byte[]{length=17, hash=-1644578928}}
02:53:26.657 [raft-server-1-state] TRACE i.a.protocols.raft.roles.LeaderRole - RaftServer{1}{role=LEADER} - Sending CommandResponse{status=OK, index=55, eventIndex=2, result=byte[]{length=2, hash=1350}}
02:53:26.657 [raft-client-02319fd7-5003-4fac-b562-689b946eac2b-4] TRACE i.a.p.r.p.impl.RaftProxyConnection - ProxySession{2}{type=io.atomix.protocols.raft.RaftTest$TestPrimitiveType@35bfa1bb, name=raft-test} - Received CommandResponse{status=OK, index=55, eventIndex=2, result=byte[]{length=2, hash=1350}} from 1
02:53:26.657 [raft-client-02319fd7-5003-4fac-b562-689b946eac2b-4] TRACE i.a.p.r.p.impl.RaftProxySequencer - ProxySession{2}{type=io.atomix.protocols.raft.RaftTest$TestPrimitiveType@35bfa1bb, name=raft-test} - Completing response CommandResponse{status=OK, index=55, eventIndex=2, result=byte[]{length=2, hash=1350}}
02:53:26.657 [raft-client-02319fd7-5003-4fac-b562-689b946eac2b-4] TRACE i.a.p.r.p.impl.RaftProxyConnection - ProxySession{2}{type=io.atomix.protocols.raft.RaftTest$TestPrimitiveType@35bfa1bb, name=raft-test} - Sending CommandRequest{session=2, sequence=46, operation=PrimitiveOperation{id=DefaultOperationId{id=write, type=COMMAND}, value=byte[]{length=17, hash=-1644578928}}} to 1
02:53:26.658 [raft-server-1] TRACE i.a.protocols.raft.roles.LeaderRole - RaftServer{1}{role=LEADER} - Received CommandRequest{session=2, sequence=46, operation=PrimitiveOperation{id=DefaultOperationId{id=write, type=COMMAND}, value=byte[]{length=17, hash=-1644578928}}}
02:53:26.658 [raft-server-1] TRACE i.a.protocols.raft.roles.LeaderRole - RaftServer{1}{role=LEADER} - Appended Indexed{index=56, entry=CommandEntry{term=1, timestamp=2018-06-09 02:53:26,658, session=2, sequence=46, operation=PrimitiveOperation{id=DefaultOperationId{id=write, type=COMMAND}, value=byte[]{length=17, hash=-1644578928}}}}
02:53:26.720 [raft-server-3] TRACE i.a.p.raft.roles.FollowerRole - RaftServer{3}{role=FOLLOWER} - Committed entries up to index 55
02:53:26.720 [raft-server-2] TRACE i.a.p.raft.roles.FollowerRole - RaftServer{2}{role=FOLLOWER} - Committed entries up to index 55
02:53:26.721 [raft-server-3] TRACE i.a.p.raft.roles.FollowerRole - RaftServer{3}{role=FOLLOWER} - Sending AppendResponse{status=OK, term=1, succeeded=true, lastLogIndex=55}
02:53:26.721 [raft-server-2] TRACE i.a.p.raft.roles.FollowerRole - RaftServer{2}{role=FOLLOWER} - Sending AppendResponse{status=OK, term=1, succeeded=true, lastLogIndex=55}
02:53:26.721 [raft-server-1] TRACE i.a.p.raft.roles.LeaderAppender - RaftServer{1} - Received AppendResponse{status=OK, term=1, succeeded=true, lastLogIndex=55} from 3
02:53:26.721 [raft-server-1] TRACE i.a.p.raft.roles.LeaderAppender - RaftServer{1} - Sending AppendRequest{term=1, leader=1, prevLogIndex=55, prevLogTerm=1, entries=1, commitIndex=55} to 3
02:53:26.721 [raft-server-3-state] TRACE i.a.p.raft.impl.RaftServiceManager - RaftServer{3} - Applying Indexed{index=55, entry=CommandEntry{term=1, timestamp=2018-06-09 02:53:26,505, session=2, sequence=45, operation=PrimitiveOperation{id=DefaultOperationId{id=write, type=COMMAND}, value=byte[]{length=17, hash=-1644578928}}}}
02:53:26.721 [raft-server-2-state] TRACE i.a.p.raft.impl.RaftServiceManager - RaftServer{2} - Applying Indexed{index=55, entry=CommandEntry{term=1, timestamp=2018-06-09 02:53:26,505, session=2, sequence=45, operation=PrimitiveOperation{id=DefaultOperationId{id=write, type=COMMAND}, value=byte[]{length=17, hash=-1644578928}}}}
02:53:26.721 [raft-server-3] TRACE i.a.p.raft.roles.FollowerRole - RaftServer{3}{role=FOLLOWER} - Received AppendRequest{term=1, leader=1, prevLogIndex=55, prevLogTerm=1, entries=1, commitIndex=55}
02:53:26.721 [raft-server-1] TRACE i.a.p.raft.roles.LeaderAppender - RaftServer{1} - Sending AppendRequest{term=1, leader=1, prevLogIndex=55, prevLogTerm=1, entries=1, commitIndex=55} to 2
02:53:26.721 [raft-server-3-state] TRACE i.a.p.s.impl.DefaultServiceExecutor - PrimitiveService{2}{type=io.atomix.protocols.raft.RaftTest$TestPrimitiveType@30e8e4fb, name=raft-test} - Executing DefaultCommit{index=55, session=RaftSession{RaftServiceContext{server=3, type=io.atomix.protocols.raft.RaftTest$TestPrimitiveType@30e8e4fb, name=raft-test, id=2}, session=2, timestamp=2018-06-09 02:53:26,505}, time=2018-06-09 02:53:26,505, operation=DefaultOperationId{id=write, type=COMMAND}, value=byte[]{length=17, hash=-1644578928}}
02:53:26.721 [raft-server-2-state] TRACE i.a.p.s.impl.DefaultServiceExecutor - PrimitiveService{2}{type=io.atomix.protocols.raft.RaftTest$TestPrimitiveType@1c47fd5, name=raft-test} - Executing DefaultCommit{index=55, session=RaftSession{RaftServiceContext{server=2, type=io.atomix.protocols.raft.RaftTest$TestPrimitiveType@1c47fd5, name=raft-test, id=2}, session=2, timestamp=2018-06-09 02:53:26,505}, time=2018-06-09 02:53:26,505, operation=DefaultOperationId{id=write, type=COMMAND}, value=byte[]{length=17, hash=-1644578928}}
02:53:26.721 [raft-server-1] TRACE i.a.p.raft.roles.LeaderAppender - RaftServer{1} - Received AppendResponse{status=OK, term=1, succeeded=true, lastLogIndex=55} from 2
02:53:26.721 [raft-server-2] TRACE i.a.p.raft.roles.FollowerRole - RaftServer{2}{role=FOLLOWER} - Received AppendRequest{term=1, leader=1, prevLogIndex=55, prevLogTerm=1, entries=1, commitIndex=55}
02:53:26.721 [raft-server-3] TRACE i.a.p.raft.roles.FollowerRole - RaftServer{3}{role=FOLLOWER} - Appended Indexed{index=56, entry=CommandEntry{term=1, timestamp=2018-06-09 02:53:26,658, session=2, sequence=46, operation=PrimitiveOperation{id=DefaultOperationId{id=write, type=COMMAND}, value=byte[]{length=17, hash=-1644578928}}}}
02:53:26.721 [raft-server-2] TRACE i.a.p.raft.roles.FollowerRole - RaftServer{2}{role=FOLLOWER} - Appended Indexed{index=56, entry=CommandEntry{term=1, timestamp=2018-06-09 02:53:26,658, session=2, sequence=46, operation=PrimitiveOperation{id=DefaultOperationId{id=write, type=COMMAND}, value=byte[]{length=17, hash=-1644578928}}}}
02:53:26.721 [raft-server-3] TRACE i.a.p.raft.roles.FollowerRole - RaftServer{3}{role=FOLLOWER} - Sending AppendResponse{status=OK, term=1, succeeded=true, lastLogIndex=56}
02:53:26.721 [raft-server-2] TRACE i.a.p.raft.roles.FollowerRole - RaftServer{2}{role=FOLLOWER} - Sending AppendResponse{status=OK, term=1, succeeded=true, lastLogIndex=56}
02:53:26.721 [raft-server-1] TRACE i.a.p.raft.roles.LeaderAppender - RaftServer{1} - Received AppendResponse{status=OK, term=1, succeeded=true, lastLogIndex=56} from 3
02:53:26.721 [raft-server-1] TRACE i.a.p.raft.roles.LeaderAppender - RaftServer{1} - Committed entries up to 56
02:53:26.795 [raft-server-1] TRACE i.a.p.raft.roles.LeaderAppender - RaftServer{1} - Received AppendResponse{status=OK, term=1, succeeded=true, lastLogIndex=56} from 2
02:53:26.796 [raft-server-1-state] TRACE i.a.p.raft.impl.RaftServiceManager - RaftServer{1} - Applying Indexed{index=56, entry=CommandEntry{term=1, timestamp=2018-06-09 02:53:26,658, session=2, sequence=46, operation=PrimitiveOperation{id=DefaultOperationId{id=write, type=COMMAND}, value=byte[]{length=17, hash=-1644578928}}}}
02:53:26.796 [raft-server-1-state] TRACE i.a.p.s.impl.DefaultServiceExecutor - PrimitiveService{2}{type=io.atomix.protocols.raft.RaftTest$TestPrimitiveType@45397ff4, name=raft-test} - Executing DefaultCommit{index=56, session=RaftSession{RaftServiceContext{server=1, type=io.atomix.protocols.raft.RaftTest$TestPrimitiveType@45397ff4, name=raft-test, id=2}, session=2, timestamp=2018-06-09 02:53:26,658}, time=2018-06-09 02:53:26,658, operation=DefaultOperationId{id=write, type=COMMAND}, value=byte[]{length=17, hash=-1644578928}}
02:53:26.796 [raft-server-1-state] TRACE i.a.protocols.raft.roles.LeaderRole - RaftServer{1}{role=LEADER} - Sending CommandResponse{status=OK, index=56, eventIndex=2, result=byte[]{length=2, hash=1352}}
02:53:26.796 [raft-client-02319fd7-5003-4fac-b562-689b946eac2b-5] TRACE i.a.p.r.p.impl.RaftProxyConnection - ProxySession{2}{type=io.atomix.protocols.raft.RaftTest$TestPrimitiveType@35bfa1bb, name=raft-test} - Received CommandResponse{status=OK, index=56, eventIndex=2, result=byte[]{length=2, hash=1352}} from 1
02:53:26.796 [raft-client-02319fd7-5003-4fac-b562-689b946eac2b-5] TRACE i.a.p.r.p.impl.RaftProxySequencer - ProxySession{2}{type=io.atomix.protocols.raft.RaftTest$TestPrimitiveType@35bfa1bb, name=raft-test} - Completing response CommandResponse{status=OK, index=56, eventIndex=2, result=byte[]{length=2, hash=1352}}
02:53:26.796 [raft-client-02319fd7-5003-4fac-b562-689b946eac2b-5] TRACE i.a.p.r.p.impl.RaftProxyConnection - ProxySession{2}{type=io.atomix.protocols.raft.RaftTest$TestPrimitiveType@35bfa1bb, name=raft-test} - Sending CommandRequest{session=2, sequence=47, operation=PrimitiveOperation{id=DefaultOperationId{id=write, type=COMMAND}, value=byte[]{length=17, hash=-1644578928}}} to 1
02:53:26.797 [raft-server-1] TRACE i.a.protocols.raft.roles.LeaderRole - RaftServer{1}{role=LEADER} - Received CommandRequest{session=2, sequence=47, operation=PrimitiveOperation{id=DefaultOperationId{id=write, type=COMMAND}, value=byte[]{length=17, hash=-1644578928}}}
02:53:26.797 [raft-server-1] TRACE i.a.protocols.raft.roles.LeaderRole - RaftServer{1}{role=LEADER} - Appended Indexed{index=57, entry=CommandEntry{term=1, timestamp=2018-06-09 02:53:26,797, session=2, sequence=47, operation=PrimitiveOperation{id=DefaultOperationId{id=write, type=COMMAND}, value=byte[]{length=17, hash=-1644578928}}}}
02:53:26.797 [raft-server-1] TRACE i.a.p.raft.roles.LeaderAppender - RaftServer{1} - Sending AppendRequest{term=1, leader=1, prevLogIndex=56, prevLogTerm=1, entries=1, commitIndex=56} to 3
02:53:26.797 [raft-server-3] TRACE i.a.p.raft.roles.FollowerRole - RaftServer{3}{role=FOLLOWER} - Received AppendRequest{term=1, leader=1, prevLogIndex=56, prevLogTerm=1, entries=1, commitIndex=56}
02:53:26.797 [raft-server-1] TRACE i.a.p.raft.roles.LeaderAppender - RaftServer{1} - Sending AppendRequest{term=1, leader=1, prevLogIndex=56, prevLogTerm=1, entries=1, commitIndex=56} to 2
02:53:26.797 [raft-server-2] TRACE i.a.p.raft.roles.FollowerRole - RaftServer{2}{role=FOLLOWER} - Received AppendRequest{term=1, leader=1, prevLogIndex=56, prevLogTerm=1, entries=1, commitIndex=56}
02:53:26.797 [raft-server-3] TRACE i.a.p.raft.roles.FollowerRole - RaftServer{3}{role=FOLLOWER} - Appended Indexed{index=57, entry=CommandEntry{term=1, timestamp=2018-06-09 02:53:26,797, session=2, sequence=47, operation=PrimitiveOperation{id=DefaultOperationId{id=write, type=COMMAND}, value=byte[]{length=17, hash=-1644578928}}}}
02:53:26.797 [raft-server-2] TRACE i.a.p.raft.roles.FollowerRole - RaftServer{2}{role=FOLLOWER} - Appended Indexed{index=57, entry=CommandEntry{term=1, timestamp=2018-06-09 02:53:26,797, session=2, sequence=47, operation=PrimitiveOperation{id=DefaultOperationId{id=write, type=COMMAND}, value=byte[]{length=17, hash=-1644578928}}}}
02:53:26.865 [raft-server-3] TRACE i.a.p.raft.roles.FollowerRole - RaftServer{3}{role=FOLLOWER} - Committed entries up to index 56
02:53:26.865 [raft-server-2] TRACE i.a.p.raft.roles.FollowerRole - RaftServer{2}{role=FOLLOWER} - Committed entries up to index 56
02:53:26.865 [raft-server-3] TRACE i.a.p.raft.roles.FollowerRole - RaftServer{3}{role=FOLLOWER} - Sending AppendResponse{status=OK, term=1, succeeded=true, lastLogIndex=57}
02:53:26.865 [raft-server-2] TRACE i.a.p.raft.roles.FollowerRole - RaftServer{2}{role=FOLLOWER} - Sending AppendResponse{status=OK, term=1, succeeded=true, lastLogIndex=57}
02:53:26.865 [raft-server-1] TRACE i.a.p.raft.roles.LeaderAppender - RaftServer{1} - Received AppendResponse{status=OK, term=1, succeeded=true, lastLogIndex=57} from 3
02:53:26.865 [raft-server-1] TRACE i.a.p.raft.roles.LeaderAppender - RaftServer{1} - Committed entries up to 57
02:53:26.865 [raft-server-2-state] TRACE i.a.p.raft.impl.RaftServiceManager - RaftServer{2} - Applying Indexed{index=56, entry=CommandEntry{term=1, timestamp=2018-06-09 02:53:26,658, session=2, sequence=46, operation=PrimitiveOperation{id=DefaultOperationId{id=write, type=COMMAND}, value=byte[]{length=17, hash=-1644578928}}}}
02:53:26.865 [raft-server-2-state] TRACE i.a.p.s.impl.DefaultServiceExecutor - PrimitiveService{2}{type=io.atomix.protocols.raft.RaftTest$TestPrimitiveType@1c47fd5, name=raft-test} - Executing DefaultCommit{index=56, session=RaftSession{RaftServiceContext{server=2, type=io.atomix.protocols.raft.RaftTest$TestPrimitiveType@1c47fd5, name=raft-test, id=2}, session=2, timestamp=2018-06-09 02:53:26,658}, time=2018-06-09 02:53:26,658, operation=DefaultOperationId{id=write, type=COMMAND}, value=byte[]{length=17, hash=-1644578928}}
02:53:26.866 [raft-server-3-state] TRACE i.a.p.raft.impl.RaftServiceManager - RaftServer{3} - Applying Indexed{index=56, entry=CommandEntry{term=1, timestamp=2018-06-09 02:53:26,658, session=2, sequence=46, operation=PrimitiveOperation{id=DefaultOperationId{id=write, type=COMMAND}, value=byte[]{length=17, hash=-1644578928}}}}
02:53:26.866 [raft-server-3-state] TRACE i.a.p.s.impl.DefaultServiceExecutor - PrimitiveService{2}{type=io.atomix.protocols.raft.RaftTest$TestPrimitiveType@30e8e4fb, name=raft-test} - Executing DefaultCommit{index=56, session=RaftSession{RaftServiceContext{server=3, type=io.atomix.protocols.raft.RaftTest$TestPrimitiveType@30e8e4fb, name=raft-test, id=2}, session=2, timestamp=2018-06-09 02:53:26,658}, time=2018-06-09 02:53:26,658, operation=DefaultOperationId{id=write, type=COMMAND}, value=byte[]{length=17, hash=-1644578928}}
02:53:26.950 [raft-server-1] TRACE i.a.p.raft.roles.LeaderAppender - RaftServer{1} - Received AppendResponse{status=OK, term=1, succeeded=true, lastLogIndex=57} from 2
02:53:26.950 [raft-server-1] TRACE i.a.p.raft.roles.LeaderAppender - RaftServer{1} - Sending AppendRequest{term=1, leader=1, prevLogIndex=57, prevLogTerm=1, entries=0, commitIndex=57} to 3
02:53:26.950 [raft-server-1] TRACE i.a.p.raft.roles.LeaderAppender - RaftServer{1} - Sending AppendRequest{term=1, leader=1, prevLogIndex=57, prevLogTerm=1, entries=0, commitIndex=57} to 2
02:53:26.951 [raft-server-2] TRACE i.a.p.raft.roles.FollowerRole - RaftServer{2}{role=FOLLOWER} - Received AppendRequest{term=1, leader=1, prevLogIndex=57, prevLogTerm=1, entries=0, commitIndex=57}
02:53:26.951 [raft-server-3] TRACE i.a.p.raft.roles.FollowerRole - RaftServer{3}{role=FOLLOWER} - Received AppendRequest{term=1, leader=1, prevLogIndex=57, prevLogTerm=1, entries=0, commitIndex=57}
02:53:26.951 [raft-server-2] TRACE i.a.p.raft.roles.FollowerRole - RaftServer{2}{role=FOLLOWER} - Committed entries up to index 57
02:53:26.951 [raft-server-3] TRACE i.a.p.raft.roles.FollowerRole - RaftServer{3}{role=FOLLOWER} - Committed entries up to index 57
02:53:26.951 [raft-server-1-state] TRACE i.a.p.raft.impl.RaftServiceManager - RaftServer{1} - Applying Indexed{index=57, entry=CommandEntry{term=1, timestamp=2018-06-09 02:53:26,797, session=2, sequence=47, operation=PrimitiveOperation{id=DefaultOperationId{id=write, type=COMMAND}, value=byte[]{length=17, hash=-1644578928}}}}
02:53:26.951 [raft-server-2] TRACE i.a.p.raft.roles.FollowerRole - RaftServer{2}{role=FOLLOWER} - Sending AppendResponse{status=OK, term=1, succeeded=true, lastLogIndex=57}
02:53:26.951 [raft-server-3] TRACE i.a.p.raft.roles.FollowerRole - RaftServer{3}{role=FOLLOWER} - Sending AppendResponse{status=OK, term=1, succeeded=true, lastLogIndex=57}
02:53:26.951 [raft-server-1-state] TRACE i.a.p.s.impl.DefaultServiceExecutor - PrimitiveService{2}{type=io.atomix.protocols.raft.RaftTest$TestPrimitiveType@45397ff4, name=raft-test} - Executing DefaultCommit{index=57, session=RaftSession{RaftServiceContext{server=1, type=io.atomix.protocols.raft.RaftTest$TestPrimitiveType@45397ff4, name=raft-test, id=2}, session=2, timestamp=2018-06-09 02:53:26,797}, time=2018-06-09 02:53:26,797, operation=DefaultOperationId{id=write, type=COMMAND}, value=byte[]{length=17, hash=-1644578928}}
02:53:26.951 [raft-server-2-state] TRACE i.a.p.raft.impl.RaftServiceManager - RaftServer{2} - Applying Indexed{index=57, entry=CommandEntry{term=1, timestamp=2018-06-09 02:53:26,797, session=2, sequence=47, operation=PrimitiveOperation{id=DefaultOperationId{id=write, type=COMMAND}, value=byte[]{length=17, hash=-1644578928}}}}
02:53:26.951 [raft-server-2-state] TRACE i.a.p.s.impl.DefaultServiceExecutor - PrimitiveService{2}{type=io.atomix.protocols.raft.RaftTest$TestPrimitiveType@1c47fd5, name=raft-test} - Executing DefaultCommit{index=57, session=RaftSession{RaftServiceContext{server=2, type=io.atomix.protocols.raft.RaftTest$TestPrimitiveType@1c47fd5, name=raft-test, id=2}, session=2, timestamp=2018-06-09 02:53:26,797}, time=2018-06-09 02:53:26,797, operation=DefaultOperationId{id=write, type=COMMAND}, value=byte[]{length=17, hash=-1644578928}}
02:53:26.951 [raft-server-1-state] TRACE i.a.protocols.raft.roles.LeaderRole - RaftServer{1}{role=LEADER} - Sending CommandResponse{status=OK, index=57, eventIndex=2, result=byte[]{length=2, hash=1354}}
02:53:26.951 [raft-server-3-state] TRACE i.a.p.raft.impl.RaftServiceManager - RaftServer{3} - Applying Indexed{index=57, entry=CommandEntry{term=1, timestamp=2018-06-09 02:53:26,797, session=2, sequence=47, operation=PrimitiveOperation{id=DefaultOperationId{id=write, type=COMMAND}, value=byte[]{length=17, hash=-1644578928}}}}
02:53:26.951 [raft-server-3-state] TRACE i.a.p.s.impl.DefaultServiceExecutor - PrimitiveService{2}{type=io.atomix.protocols.raft.RaftTest$TestPrimitiveType@30e8e4fb, name=raft-test} - Executing DefaultCommit{index=57, session=RaftSession{RaftServiceContext{server=3, type=io.atomix.protocols.raft.RaftTest$TestPrimitiveType@30e8e4fb, name=raft-test, id=2}, session=2, timestamp=2018-06-09 02:53:26,797}, time=2018-06-09 02:53:26,797, operation=DefaultOperationId{id=write, type=COMMAND}, value=byte[]{length=17, hash=-1644578928}}
02:53:26.951 [raft-client-02319fd7-5003-4fac-b562-689b946eac2b-6] TRACE i.a.p.r.p.impl.RaftProxyConnection - ProxySession{2}{type=io.atomix.protocols.raft.RaftTest$TestPrimitiveType@35bfa1bb, name=raft-test} - Received CommandResponse{status=OK, index=57, eventIndex=2, result=byte[]{length=2, hash=1354}} from 1
02:53:26.951 [raft-client-02319fd7-5003-4fac-b562-689b946eac2b-6] TRACE i.a.p.r.p.impl.RaftProxySequencer - ProxySession{2}{type=io.atomix.protocols.raft.RaftTest$TestPrimitiveType@35bfa1bb, name=raft-test} - Completing response CommandResponse{status=OK, index=57, eventIndex=2, result=byte[]{length=2, hash=1354}}
02:53:26.952 [raft-server-1] TRACE i.a.p.raft.roles.LeaderAppender - RaftServer{1} - Received AppendResponse{status=OK, term=1, succeeded=true, lastLogIndex=57} from 2
02:53:26.952 [raft-server-1] TRACE i.a.p.raft.roles.LeaderAppender - RaftServer{1} - Sending AppendRequest{term=1, leader=1, prevLogIndex=57, prevLogTerm=1, entries=0, commitIndex=57} to 2
02:53:26.952 [raft-server-1] TRACE i.a.p.raft.roles.LeaderAppender - RaftServer{1} - Received AppendResponse{status=OK, term=1, succeeded=true, lastLogIndex=57} from 3
02:53:26.952 [raft-server-2] TRACE i.a.p.raft.roles.FollowerRole - RaftServer{2}{role=FOLLOWER} - Received AppendRequest{term=1, leader=1, prevLogIndex=57, prevLogTerm=1, entries=0, commitIndex=57}
02:53:26.952 [raft-server-1] TRACE i.a.p.raft.roles.LeaderAppender - RaftServer{1} - Sending AppendRequest{term=1, leader=1, prevLogIndex=57, prevLogTerm=1, entries=0, commitIndex=57} to 3
02:53:26.952 [raft-server-2] TRACE i.a.p.raft.roles.FollowerRole - RaftServer{2}{role=FOLLOWER} - Sending AppendResponse{status=OK, term=1, succeeded=true, lastLogIndex=57}
02:53:26.952 [raft-server-3] TRACE i.a.p.raft.roles.FollowerRole - RaftServer{3}{role=FOLLOWER} - Received AppendRequest{term=1, leader=1, prevLogIndex=57, prevLogTerm=1, entries=0, commitIndex=57}
02:53:26.952 [raft-client-02319fd7-5003-4fac-b562-689b946eac2b-5] TRACE i.a.p.r.p.impl.RaftProxyConnection - ProxySession{2}{type=io.atomix.protocols.raft.RaftTest$TestPrimitiveType@35bfa1bb, name=raft-test} - Sending CommandRequest{session=2, sequence=48, operation=PrimitiveOperation{id=DefaultOperationId{id=write, type=COMMAND}, value=byte[]{length=17, hash=-1644578928}}} to 1
02:53:26.952 [raft-server-3] TRACE i.a.p.raft.roles.FollowerRole - RaftServer{3}{role=FOLLOWER} - Sending AppendResponse{status=OK, term=1, succeeded=true, lastLogIndex=57}
02:53:26.952 [raft-server-1] TRACE i.a.p.raft.roles.LeaderAppender - RaftServer{1} - Received AppendResponse{status=OK, term=1, succeeded=true, lastLogIndex=57} from 2
02:53:26.953 [raft-server-1] TRACE i.a.protocols.raft.roles.LeaderRole - RaftServer{1}{role=LEADER} - Received CommandRequest{session=2, sequence=48, operation=PrimitiveOperation{id=DefaultOperationId{id=write, type=COMMAND}, value=byte[]{length=17, hash=-1644578928}}}
02:53:26.953 [raft-server-1] TRACE i.a.protocols.raft.roles.LeaderRole - RaftServer{1}{role=LEADER} - Appended Indexed{index=58, entry=CommandEntry{term=1, timestamp=2018-06-09 02:53:26,953, session=2, sequence=48, operation=PrimitiveOperation{id=DefaultOperationId{id=write, type=COMMAND}, value=byte[]{length=17, hash=-1644578928}}}}
02:53:26.953 [raft-server-1] TRACE i.a.p.raft.roles.LeaderAppender - RaftServer{1} - Received AppendResponse{status=OK, term=1, succeeded=true, lastLogIndex=57} from 3
02:53:26.953 [raft-server-1] TRACE i.a.p.raft.roles.LeaderAppender - RaftServer{1} - Sending AppendRequest{term=1, leader=1, prevLogIndex=57, prevLogTerm=1, entries=1, commitIndex=57} to 3
02:53:26.953 [raft-server-1] TRACE i.a.p.raft.roles.LeaderAppender - RaftServer{1} - Sending AppendRequest{term=1, leader=1, prevLogIndex=57, prevLogTerm=1, entries=1, commitIndex=57} to 2
02:53:26.953 [raft-server-3] TRACE i.a.p.raft.roles.FollowerRole - RaftServer{3}{role=FOLLOWER} - Received AppendRequest{term=1, leader=1, prevLogIndex=57, prevLogTerm=1, entries=1, commitIndex=57}
02:53:26.953 [raft-server-2] TRACE i.a.p.raft.roles.FollowerRole - RaftServer{2}{role=FOLLOWER} - Received AppendRequest{term=1, leader=1, prevLogIndex=57, prevLogTerm=1, entries=1, commitIndex=57}
02:53:26.953 [raft-server-3] TRACE i.a.p.raft.roles.FollowerRole - RaftServer{3}{role=FOLLOWER} - Appended Indexed{index=58, entry=CommandEntry{term=1, timestamp=2018-06-09 02:53:26,953, session=2, sequence=48, operation=PrimitiveOperation{id=DefaultOperationId{id=write, type=COMMAND}, value=byte[]{length=17, hash=-1644578928}}}}
02:53:26.953 [raft-server-2] TRACE i.a.p.raft.roles.FollowerRole - RaftServer{2}{role=FOLLOWER} - Appended Indexed{index=58, entry=CommandEntry{term=1, timestamp=2018-06-09 02:53:26,953, session=2, sequence=48, operation=PrimitiveOperation{id=DefaultOperationId{id=write, type=COMMAND}, value=byte[]{length=17, hash=-1644578928}}}}
02:53:26.953 [raft-server-3] TRACE i.a.p.raft.roles.FollowerRole - RaftServer{3}{role=FOLLOWER} - Sending AppendResponse{status=OK, term=1, succeeded=true, lastLogIndex=58}
02:53:26.953 [raft-server-2] TRACE i.a.p.raft.roles.FollowerRole - RaftServer{2}{role=FOLLOWER} - Sending AppendResponse{status=OK, term=1, succeeded=true, lastLogIndex=58}
02:53:26.953 [raft-server-1] TRACE i.a.p.raft.roles.LeaderAppender - RaftServer{1} - Received AppendResponse{status=OK, term=1, succeeded=true, lastLogIndex=58} from 3
02:53:26.953 [raft-server-1] TRACE i.a.p.raft.roles.LeaderAppender - RaftServer{1} - Committed entries up to 58
02:53:27.023 [raft-server-1] TRACE i.a.p.raft.roles.LeaderAppender - RaftServer{1} - Received AppendResponse{status=OK, term=1, succeeded=true, lastLogIndex=58} from 2
02:53:27.023 [raft-server-1-state] TRACE i.a.p.raft.impl.RaftServiceManager - RaftServer{1} - Applying Indexed{index=58, entry=CommandEntry{term=1, timestamp=2018-06-09 02:53:26,953, session=2, sequence=48, operation=PrimitiveOperation{id=DefaultOperationId{id=write, type=COMMAND}, value=byte[]{length=17, hash=-1644578928}}}}
02:53:27.023 [raft-server-1-state] TRACE i.a.p.s.impl.DefaultServiceExecutor - PrimitiveService{2}{type=io.atomix.protocols.raft.RaftTest$TestPrimitiveType@45397ff4, name=raft-test} - Executing DefaultCommit{index=58, session=RaftSession{RaftServiceContext{server=1, type=io.atomix.protocols.raft.RaftTest$TestPrimitiveType@45397ff4, name=raft-test, id=2}, session=2, timestamp=2018-06-09 02:53:26,953}, time=2018-06-09 02:53:26,953, operation=DefaultOperationId{id=write, type=COMMAND}, value=byte[]{length=17, hash=-1644578928}}
02:53:27.023 [raft-server-1-state] TRACE i.a.protocols.raft.roles.LeaderRole - RaftServer{1}{role=LEADER} - Sending CommandResponse{status=OK, index=58, eventIndex=2, result=byte[]{length=2, hash=1356}}
02:53:27.024 [raft-client-02319fd7-5003-4fac-b562-689b946eac2b-0] TRACE i.a.p.r.p.impl.RaftProxyConnection - ProxySession{2}{type=io.atomix.protocols.raft.RaftTest$TestPrimitiveType@35bfa1bb, name=raft-test} - Received CommandResponse{status=OK, index=58, eventIndex=2, result=byte[]{length=2, hash=1356}} from 1
02:53:27.024 [raft-client-02319fd7-5003-4fac-b562-689b946eac2b-0] TRACE i.a.p.r.p.impl.RaftProxySequencer - ProxySession{2}{type=io.atomix.protocols.raft.RaftTest$TestPrimitiveType@35bfa1bb, name=raft-test} - Completing response CommandResponse{status=OK, index=58, eventIndex=2, result=byte[]{length=2, hash=1356}}
02:53:27.024 [raft-client-02319fd7-5003-4fac-b562-689b946eac2b-3] TRACE i.a.p.r.p.impl.RaftProxyConnection - ProxySession{2}{type=io.atomix.protocols.raft.RaftTest$TestPrimitiveType@35bfa1bb, name=raft-test} - Sending CommandRequest{session=2, sequence=49, operation=PrimitiveOperation{id=DefaultOperationId{id=write, type=COMMAND}, value=byte[]{length=17, hash=-1644578928}}} to 1
02:53:27.024 [raft-server-1] TRACE i.a.protocols.raft.roles.LeaderRole - RaftServer{1}{role=LEADER} - Received CommandRequest{session=2, sequence=49, operation=PrimitiveOperation{id=DefaultOperationId{id=write, type=COMMAND}, value=byte[]{length=17, hash=-1644578928}}}
02:53:27.024 [raft-server-1] TRACE i.a.protocols.raft.roles.LeaderRole - RaftServer{1}{role=LEADER} - Appended Indexed{index=59, entry=CommandEntry{term=1, timestamp=2018-06-09 02:53:27,024, session=2, sequence=49, operation=PrimitiveOperation{id=DefaultOperationId{id=write, type=COMMAND}, value=byte[]{length=17, hash=-1644578928}}}}
02:53:27.024 [raft-server-1] TRACE i.a.p.raft.roles.LeaderAppender - RaftServer{1} - Sending AppendRequest{term=1, leader=1, prevLogIndex=58, prevLogTerm=1, entries=1, commitIndex=58} to 3
02:53:27.025 [raft-server-3] TRACE i.a.p.raft.roles.FollowerRole - RaftServer{3}{role=FOLLOWER} - Received AppendRequest{term=1, leader=1, prevLogIndex=58, prevLogTerm=1, entries=1, commitIndex=58}
02:53:27.025 [raft-server-1] TRACE i.a.p.raft.roles.LeaderAppender - RaftServer{1} - Sending AppendRequest{term=1, leader=1, prevLogIndex=58, prevLogTerm=1, entries=1, commitIndex=58} to 2
02:53:27.025 [raft-server-3] TRACE i.a.p.raft.roles.FollowerRole - RaftServer{3}{role=FOLLOWER} - Appended Indexed{index=59, entry=CommandEntry{term=1, timestamp=2018-06-09 02:53:27,024, session=2, sequence=49, operation=PrimitiveOperation{id=DefaultOperationId{id=write, type=COMMAND}, value=byte[]{length=17, hash=-1644578928}}}}
02:53:27.025 [raft-server-2] TRACE i.a.p.raft.roles.FollowerRole - RaftServer{2}{role=FOLLOWER} - Received AppendRequest{term=1, leader=1, prevLogIndex=58, prevLogTerm=1, entries=1, commitIndex=58}
02:53:27.025 [raft-server-2] TRACE i.a.p.raft.roles.FollowerRole - RaftServer{2}{role=FOLLOWER} - Appended Indexed{index=59, entry=CommandEntry{term=1, timestamp=2018-06-09 02:53:27,024, session=2, sequence=49, operation=PrimitiveOperation{id=DefaultOperationId{id=write, type=COMMAND}, value=byte[]{length=17, hash=-1644578928}}}}
02:53:27.098 [raft-server-3] TRACE i.a.p.raft.roles.FollowerRole - RaftServer{3}{role=FOLLOWER} - Committed entries up to index 58
02:53:27.098 [raft-server-2] TRACE i.a.p.raft.roles.FollowerRole - RaftServer{2}{role=FOLLOWER} - Committed entries up to index 58
02:53:27.098 [raft-server-3] TRACE i.a.p.raft.roles.FollowerRole - RaftServer{3}{role=FOLLOWER} - Sending AppendResponse{status=OK, term=1, succeeded=true, lastLogIndex=59}
02:53:27.098 [raft-server-2] TRACE i.a.p.raft.roles.FollowerRole - RaftServer{2}{role=FOLLOWER} - Sending AppendResponse{status=OK, term=1, succeeded=true, lastLogIndex=59}
02:53:27.098 [raft-server-1] TRACE i.a.p.raft.roles.LeaderAppender - RaftServer{1} - Received AppendResponse{status=OK, term=1, succeeded=true, lastLogIndex=59} from 3
02:53:27.098 [raft-server-3-state] TRACE i.a.p.raft.impl.RaftServiceManager - RaftServer{3} - Applying Indexed{index=58, entry=CommandEntry{term=1, timestamp=2018-06-09 02:53:26,953, session=2, sequence=48, operation=PrimitiveOperation{id=DefaultOperationId{id=write, type=COMMAND}, value=byte[]{length=17, hash=-1644578928}}}}
02:53:27.098 [raft-server-1] TRACE i.a.p.raft.roles.LeaderAppender - RaftServer{1} - Committed entries up to 59
02:53:27.098 [raft-server-2-state] TRACE i.a.p.raft.impl.RaftServiceManager - RaftServer{2} - Applying Indexed{index=58, entry=CommandEntry{term=1, timestamp=2018-06-09 02:53:26,953, session=2, sequence=48, operation=PrimitiveOperation{id=DefaultOperationId{id=write, type=COMMAND}, value=byte[]{length=17, hash=-1644578928}}}}
02:53:27.098 [raft-server-3-state] TRACE i.a.p.s.impl.DefaultServiceExecutor - PrimitiveService{2}{type=io.atomix.protocols.raft.RaftTest$TestPrimitiveType@30e8e4fb, name=raft-test} - Executing DefaultCommit{index=58, session=RaftSession{RaftServiceContext{server=3, type=io.atomix.protocols.raft.RaftTest$TestPrimitiveType@30e8e4fb, name=raft-test, id=2}, session=2, timestamp=2018-06-09 02:53:26,953}, time=2018-06-09 02:53:26,953, operation=DefaultOperationId{id=write, type=COMMAND}, value=byte[]{length=17, hash=-1644578928}}
02:53:27.099 [raft-server-2-state] TRACE i.a.p.s.impl.DefaultServiceExecutor - PrimitiveService{2}{type=io.atomix.protocols.raft.RaftTest$TestPrimitiveType@1c47fd5, name=raft-test} - Executing DefaultCommit{index=58, session=RaftSession{RaftServiceContext{server=2, type=io.atomix.protocols.raft.RaftTest$TestPrimitiveType@1c47fd5, name=raft-test, id=2}, session=2, timestamp=2018-06-09 02:53:26,953}, time=2018-06-09 02:53:26,953, operation=DefaultOperationId{id=write, type=COMMAND}, value=byte[]{length=17, hash=-1644578928}}
02:53:27.173 [raft-server-1] TRACE i.a.p.raft.roles.LeaderAppender - RaftServer{1} - Received AppendResponse{status=OK, term=1, succeeded=true, lastLogIndex=59} from 2
02:53:27.173 [raft-server-1] TRACE i.a.p.raft.roles.LeaderAppender - RaftServer{1} - Sending AppendRequest{term=1, leader=1, prevLogIndex=59, prevLogTerm=1, entries=0, commitIndex=59} to 3
02:53:27.173 [raft-server-1] TRACE i.a.p.raft.roles.LeaderAppender - RaftServer{1} - Sending AppendRequest{term=1, leader=1, prevLogIndex=59, prevLogTerm=1, entries=0, commitIndex=59} to 2
02:53:27.173 [raft-server-3] TRACE i.a.p.raft.roles.FollowerRole - RaftServer{3}{role=FOLLOWER} - Received AppendRequest{term=1, leader=1, prevLogIndex=59, prevLogTerm=1, entries=0, commitIndex=59}
02:53:27.173 [raft-server-2] TRACE i.a.p.raft.roles.FollowerRole - RaftServer{2}{role=FOLLOWER} - Received AppendRequest{term=1, leader=1, prevLogIndex=59, prevLogTerm=1, entries=0, commitIndex=59}
02:53:27.173 [raft-server-1-state] TRACE i.a.p.raft.impl.RaftServiceManager - RaftServer{1} - Applying Indexed{index=59, entry=CommandEntry{term=1, timestamp=2018-06-09 02:53:27,024, session=2, sequence=49, operation=PrimitiveOperation{id=DefaultOperationId{id=write, type=COMMAND}, value=byte[]{length=17, hash=-1644578928}}}}
02:53:27.173 [raft-server-1-state] TRACE i.a.p.s.impl.DefaultServiceExecutor - PrimitiveService{2}{type=io.atomix.protocols.raft.RaftTest$TestPrimitiveType@45397ff4, name=raft-test} - Executing DefaultCommit{index=59, session=RaftSession{RaftServiceContext{server=1, type=io.atomix.protocols.raft.RaftTest$TestPrimitiveType@45397ff4, name=raft-test, id=2}, session=2, timestamp=2018-06-09 02:53:27,024}, time=2018-06-09 02:53:27,024, operation=DefaultOperationId{id=write, type=COMMAND}, value=byte[]{length=17, hash=-1644578928}}
02:53:27.174 [raft-server-1-state] TRACE i.a.protocols.raft.roles.LeaderRole - RaftServer{1}{role=LEADER} - Sending CommandResponse{status=OK, index=59, eventIndex=2, result=byte[]{length=2, hash=1358}}
02:53:27.174 [raft-client-02319fd7-5003-4fac-b562-689b946eac2b-1] TRACE i.a.p.r.p.impl.RaftProxyConnection - ProxySession{2}{type=io.atomix.protocols.raft.RaftTest$TestPrimitiveType@35bfa1bb, name=raft-test} - Received CommandResponse{status=OK, index=59, eventIndex=2, result=byte[]{length=2, hash=1358}} from 1
02:53:27.174 [raft-client-02319fd7-5003-4fac-b562-689b946eac2b-1] TRACE i.a.p.r.p.impl.RaftProxySequencer - ProxySession{2}{type=io.atomix.protocols.raft.RaftTest$TestPrimitiveType@35bfa1bb, name=raft-test} - Completing response CommandResponse{status=OK, index=59, eventIndex=2, result=byte[]{length=2, hash=1358}}
02:53:27.174 [raft-client-02319fd7-5003-4fac-b562-689b946eac2b-1] TRACE i.a.p.r.p.impl.RaftProxyConnection - ProxySession{2}{type=io.atomix.protocols.raft.RaftTest$TestPrimitiveType@35bfa1bb, name=raft-test} - Sending CommandRequest{session=2, sequence=50, operation=PrimitiveOperation{id=DefaultOperationId{id=write, type=COMMAND}, value=byte[]{length=17, hash=-1644578928}}} to 1
02:53:27.174 [raft-server-1] TRACE i.a.protocols.raft.roles.LeaderRole - RaftServer{1}{role=LEADER} - Received CommandRequest{session=2, sequence=50, operation=PrimitiveOperation{id=DefaultOperationId{id=write, type=COMMAND}, value=byte[]{length=17, hash=-1644578928}}}
02:53:27.174 [raft-server-1] TRACE i.a.protocols.raft.roles.LeaderRole - RaftServer{1}{role=LEADER} - Appended Indexed{index=60, entry=CommandEntry{term=1, timestamp=2018-06-09 02:53:27,174, session=2, sequence=50, operation=PrimitiveOperation{id=DefaultOperationId{id=write, type=COMMAND}, value=byte[]{length=17, hash=-1644578928}}}}
02:53:27.240 [raft-server-3] TRACE i.a.p.raft.roles.FollowerRole - RaftServer{3}{role=FOLLOWER} - Committed entries up to index 59
02:53:27.240 [raft-server-2] TRACE i.a.p.raft.roles.FollowerRole - RaftServer{2}{role=FOLLOWER} - Committed entries up to index 59
02:53:27.240 [raft-server-3] TRACE i.a.p.raft.roles.FollowerRole - RaftServer{3}{role=FOLLOWER} - Sending AppendResponse{status=OK, term=1, succeeded=true, lastLogIndex=59}
02:53:27.240 [raft-server-2] TRACE i.a.p.raft.roles.FollowerRole - RaftServer{2}{role=FOLLOWER} - Sending AppendResponse{status=OK, term=1, succeeded=true, lastLogIndex=59}
02:53:27.240 [raft-server-1] TRACE i.a.p.raft.roles.LeaderAppender - RaftServer{1} - Received AppendResponse{status=OK, term=1, succeeded=true, lastLogIndex=59} from 3
02:53:27.240 [raft-server-1] TRACE i.a.p.raft.roles.LeaderAppender - RaftServer{1} - Sending AppendRequest{term=1, leader=1, prevLogIndex=59, prevLogTerm=1, entries=1, commitIndex=59} to 3
02:53:27.240 [raft-server-2-state] TRACE i.a.p.raft.impl.RaftServiceManager - RaftServer{2} - Applying Indexed{index=59, entry=CommandEntry{term=1, timestamp=2018-06-09 02:53:27,024, session=2, sequence=49, operation=PrimitiveOperation{id=DefaultOperationId{id=write, type=COMMAND}, value=byte[]{length=17, hash=-1644578928}}}}
02:53:27.240 [raft-server-3-state] TRACE i.a.p.raft.impl.RaftServiceManager - RaftServer{3} - Applying Indexed{index=59, entry=CommandEntry{term=1, timestamp=2018-06-09 02:53:27,024, session=2, sequence=49, operation=PrimitiveOperation{id=DefaultOperationId{id=write, type=COMMAND}, value=byte[]{length=17, hash=-1644578928}}}}
02:53:27.240 [raft-server-3] TRACE i.a.p.raft.roles.FollowerRole - RaftServer{3}{role=FOLLOWER} - Received AppendRequest{term=1, leader=1, prevLogIndex=59, prevLogTerm=1, entries=1, commitIndex=59}
02:53:27.240 [raft-server-1] TRACE i.a.p.raft.roles.LeaderAppender - RaftServer{1} - Sending AppendRequest{term=1, leader=1, prevLogIndex=59, prevLogTerm=1, entries=1, commitIndex=59} to 2
02:53:27.240 [raft-server-2-state] TRACE i.a.p.s.impl.DefaultServiceExecutor - PrimitiveService{2}{type=io.atomix.protocols.raft.RaftTest$TestPrimitiveType@1c47fd5, name=raft-test} - Executing DefaultCommit{index=59, session=RaftSession{RaftServiceContext{server=2, type=io.atomix.protocols.raft.RaftTest$TestPrimitiveType@1c47fd5, name=raft-test, id=2}, session=2, timestamp=2018-06-09 02:53:27,024}, time=2018-06-09 02:53:27,024, operation=DefaultOperationId{id=write, type=COMMAND}, value=byte[]{length=17, hash=-1644578928}}
02:53:27.240 [raft-server-3-state] TRACE i.a.p.s.impl.DefaultServiceExecutor - PrimitiveService{2}{type=io.atomix.protocols.raft.RaftTest$TestPrimitiveType@30e8e4fb, name=raft-test} - Executing DefaultCommit{index=59, session=RaftSession{RaftServiceContext{server=3, type=io.atomix.protocols.raft.RaftTest$TestPrimitiveType@30e8e4fb, name=raft-test, id=2}, session=2, timestamp=2018-06-09 02:53:27,024}, time=2018-06-09 02:53:27,024, operation=DefaultOperationId{id=write, type=COMMAND}, value=byte[]{length=17, hash=-1644578928}}
02:53:27.240 [raft-server-2] TRACE i.a.p.raft.roles.FollowerRole - RaftServer{2}{role=FOLLOWER} - Received AppendRequest{term=1, leader=1, prevLogIndex=59, prevLogTerm=1, entries=1, commitIndex=59}
02:53:27.240 [raft-server-1] TRACE i.a.p.raft.roles.LeaderAppender - RaftServer{1} - Received AppendResponse{status=OK, term=1, succeeded=true, lastLogIndex=59} from 2
02:53:27.240 [raft-server-3] TRACE i.a.p.raft.roles.FollowerRole - RaftServer{3}{role=FOLLOWER} - Appended Indexed{index=60, entry=CommandEntry{term=1, timestamp=2018-06-09 02:53:27,174, session=2, sequence=50, operation=PrimitiveOperation{id=DefaultOperationId{id=write, type=COMMAND}, value=byte[]{length=17, hash=-1644578928}}}}
02:53:27.240 [raft-server-3] TRACE i.a.p.raft.roles.FollowerRole - RaftServer{3}{role=FOLLOWER} - Sending AppendResponse{status=OK, term=1, succeeded=true, lastLogIndex=60}
02:53:27.240 [raft-server-2] TRACE i.a.p.raft.roles.FollowerRole - RaftServer{2}{role=FOLLOWER} - Appended Indexed{index=60, entry=CommandEntry{term=1, timestamp=2018-06-09 02:53:27,174, session=2, sequence=50, operation=PrimitiveOperation{id=DefaultOperationId{id=write, type=COMMAND}, value=byte[]{length=17, hash=-1644578928}}}}
02:53:27.240 [raft-server-2] TRACE i.a.p.raft.roles.FollowerRole - RaftServer{2}{role=FOLLOWER} - Sending AppendResponse{status=OK, term=1, succeeded=true, lastLogIndex=60}
02:53:27.240 [raft-server-1] TRACE i.a.p.raft.roles.LeaderAppender - RaftServer{1} - Received AppendResponse{status=OK, term=1, succeeded=true, lastLogIndex=60} from 3
02:53:27.240 [raft-server-1] TRACE i.a.p.raft.roles.LeaderAppender - RaftServer{1} - Committed entries up to 60
02:53:27.298 [raft-server-1] TRACE i.a.p.raft.roles.LeaderAppender - RaftServer{1} - Received AppendResponse{status=OK, term=1, succeeded=true, lastLogIndex=60} from 2
02:53:27.298 [raft-server-1-state] TRACE i.a.p.raft.impl.RaftServiceManager - RaftServer{1} - Applying Indexed{index=60, entry=CommandEntry{term=1, timestamp=2018-06-09 02:53:27,174, session=2, sequence=50, operation=PrimitiveOperation{id=DefaultOperationId{id=write, type=COMMAND}, value=byte[]{length=17, hash=-1644578928}}}}
02:53:27.298 [raft-server-1-state] TRACE i.a.p.s.impl.DefaultServiceExecutor - PrimitiveService{2}{type=io.atomix.protocols.raft.RaftTest$TestPrimitiveType@45397ff4, name=raft-test} - Executing DefaultCommit{index=60, session=RaftSession{RaftServiceContext{server=1, type=io.atomix.protocols.raft.RaftTest$TestPrimitiveType@45397ff4, name=raft-test, id=2}, session=2, timestamp=2018-06-09 02:53:27,174}, time=2018-06-09 02:53:27,174, operation=DefaultOperationId{id=write, type=COMMAND}, value=byte[]{length=17, hash=-1644578928}}
02:53:27.298 [raft-server-1-state] TRACE i.a.protocols.raft.roles.LeaderRole - RaftServer{1}{role=LEADER} - Sending CommandResponse{status=OK, index=60, eventIndex=2, result=byte[]{length=2, hash=1360}}
02:53:27.299 [raft-client-02319fd7-5003-4fac-b562-689b946eac2b-6] TRACE i.a.p.r.p.impl.RaftProxyConnection - ProxySession{2}{type=io.atomix.protocols.raft.RaftTest$TestPrimitiveType@35bfa1bb, name=raft-test} - Received CommandResponse{status=OK, index=60, eventIndex=2, result=byte[]{length=2, hash=1360}} from 1
02:53:27.299 [raft-client-02319fd7-5003-4fac-b562-689b946eac2b-6] TRACE i.a.p.r.p.impl.RaftProxySequencer - ProxySession{2}{type=io.atomix.protocols.raft.RaftTest$TestPrimitiveType@35bfa1bb, name=raft-test} - Completing response CommandResponse{status=OK, index=60, eventIndex=2, result=byte[]{length=2, hash=1360}}
02:53:27.299 [raft-client-02319fd7-5003-4fac-b562-689b946eac2b-4] TRACE i.a.p.r.p.impl.RaftProxyConnection - ProxySession{2}{type=io.atomix.protocols.raft.RaftTest$TestPrimitiveType@35bfa1bb, name=raft-test} - Sending CommandRequest{session=2, sequence=51, operation=PrimitiveOperation{id=DefaultOperationId{id=write, type=COMMAND}, value=byte[]{length=17, hash=-1644578928}}} to 1
02:53:27.299 [raft-server-1] TRACE i.a.protocols.raft.roles.LeaderRole - RaftServer{1}{role=LEADER} - Received CommandRequest{session=2, sequence=51, operation=PrimitiveOperation{id=DefaultOperationId{id=write, type=COMMAND}, value=byte[]{length=17, hash=-1644578928}}}
02:53:27.440 [raft-server-1] DEBUG i.a.storage.journal.SegmentedJournal - Created disk segment: JournalSegment{id=7, version=1, index=61, size=64}
02:53:27.440 [raft-server-1] TRACE i.a.protocols.raft.roles.LeaderRole - RaftServer{1}{role=LEADER} - Appended Indexed{index=61, entry=CommandEntry{term=1, timestamp=2018-06-09 02:53:27,299, session=2, sequence=51, operation=PrimitiveOperation{id=DefaultOperationId{id=write, type=COMMAND}, value=byte[]{length=17, hash=-1644578928}}}}
02:53:27.440 [raft-server-1] TRACE i.a.p.raft.roles.LeaderAppender - RaftServer{1} - Sending AppendRequest{term=1, leader=1, prevLogIndex=60, prevLogTerm=1, entries=1, commitIndex=60} to 3
02:53:27.440 [raft-server-3] TRACE i.a.p.raft.roles.FollowerRole - RaftServer{3}{role=FOLLOWER} - Received AppendRequest{term=1, leader=1, prevLogIndex=60, prevLogTerm=1, entries=1, commitIndex=60}
02:53:27.440 [raft-server-1] TRACE i.a.p.raft.roles.LeaderAppender - RaftServer{1} - Sending AppendRequest{term=1, leader=1, prevLogIndex=60, prevLogTerm=1, entries=1, commitIndex=60} to 2
02:53:27.440 [raft-server-2] TRACE i.a.p.raft.roles.FollowerRole - RaftServer{2}{role=FOLLOWER} - Received AppendRequest{term=1, leader=1, prevLogIndex=60, prevLogTerm=1, entries=1, commitIndex=60}
02:53:27.570 [raft-server-3] DEBUG i.a.storage.journal.SegmentedJournal - Created disk segment: JournalSegment{id=7, version=1, index=61, size=64}
02:53:27.571 [raft-server-2] DEBUG i.a.storage.journal.SegmentedJournal - Created disk segment: JournalSegment{id=7, version=1, index=61, size=64}
02:53:27.571 [raft-server-3] TRACE i.a.p.raft.roles.FollowerRole - RaftServer{3}{role=FOLLOWER} - Appended Indexed{index=61, entry=CommandEntry{term=1, timestamp=2018-06-09 02:53:27,299, session=2, sequence=51, operation=PrimitiveOperation{id=DefaultOperationId{id=write, type=COMMAND}, value=byte[]{length=17, hash=-1644578928}}}}
02:53:27.571 [raft-server-2] TRACE i.a.p.raft.roles.FollowerRole - RaftServer{2}{role=FOLLOWER} - Appended Indexed{index=61, entry=CommandEntry{term=1, timestamp=2018-06-09 02:53:27,299, session=2, sequence=51, operation=PrimitiveOperation{id=DefaultOperationId{id=write, type=COMMAND}, value=byte[]{length=17, hash=-1644578928}}}}
02:53:27.640 [raft-server-3] TRACE i.a.p.raft.roles.FollowerRole - RaftServer{3}{role=FOLLOWER} - Committed entries up to index 60
02:53:27.640 [raft-server-2] TRACE i.a.p.raft.roles.FollowerRole - RaftServer{2}{role=FOLLOWER} - Committed entries up to index 60
02:53:27.640 [raft-server-3] TRACE i.a.p.raft.roles.FollowerRole - RaftServer{3}{role=FOLLOWER} - Sending AppendResponse{status=OK, term=1, succeeded=true, lastLogIndex=61}
02:53:27.640 [raft-server-2] TRACE i.a.p.raft.roles.FollowerRole - RaftServer{2}{role=FOLLOWER} - Sending AppendResponse{status=OK, term=1, succeeded=true, lastLogIndex=61}
02:53:27.640 [raft-server-1] TRACE i.a.p.raft.roles.LeaderAppender - RaftServer{1} - Received AppendResponse{status=OK, term=1, succeeded=true, lastLogIndex=61} from 3
02:53:27.640 [raft-server-1] TRACE i.a.p.raft.roles.LeaderAppender - RaftServer{1} - Committed entries up to 61
02:53:27.640 [raft-server-3-state] TRACE i.a.p.raft.impl.RaftServiceManager - RaftServer{3} - Applying Indexed{index=60, entry=CommandEntry{term=1, timestamp=2018-06-09 02:53:27,174, session=2, sequence=50, operation=PrimitiveOperation{id=DefaultOperationId{id=write, type=COMMAND}, value=byte[]{length=17, hash=-1644578928}}}}
02:53:27.640 [raft-server-2-state] TRACE i.a.p.raft.impl.RaftServiceManager - RaftServer{2} - Applying Indexed{index=60, entry=CommandEntry{term=1, timestamp=2018-06-09 02:53:27,174, session=2, sequence=50, operation=PrimitiveOperation{id=DefaultOperationId{id=write, type=COMMAND}, value=byte[]{length=17, hash=-1644578928}}}}
02:53:27.640 [raft-server-3-state] TRACE i.a.p.s.impl.DefaultServiceExecutor - PrimitiveService{2}{type=io.atomix.protocols.raft.RaftTest$TestPrimitiveType@30e8e4fb, name=raft-test} - Executing DefaultCommit{index=60, session=RaftSession{RaftServiceContext{server=3, type=io.atomix.protocols.raft.RaftTest$TestPrimitiveType@30e8e4fb, name=raft-test, id=2}, session=2, timestamp=2018-06-09 02:53:27,174}, time=2018-06-09 02:53:27,174, operation=DefaultOperationId{id=write, type=COMMAND}, value=byte[]{length=17, hash=-1644578928}}
02:53:27.640 [raft-server-2-state] TRACE i.a.p.s.impl.DefaultServiceExecutor - PrimitiveService{2}{type=io.atomix.protocols.raft.RaftTest$TestPrimitiveType@1c47fd5, name=raft-test} - Executing DefaultCommit{index=60, session=RaftSession{RaftServiceContext{server=2, type=io.atomix.protocols.raft.RaftTest$TestPrimitiveType@1c47fd5, name=raft-test, id=2}, session=2, timestamp=2018-06-09 02:53:27,174}, time=2018-06-09 02:53:27,174, operation=DefaultOperationId{id=write, type=COMMAND}, value=byte[]{length=17, hash=-1644578928}}
02:53:27.732 [raft-server-1] TRACE i.a.p.raft.roles.LeaderAppender - RaftServer{1} - Sending AppendRequest{term=1, leader=1, prevLogIndex=61, prevLogTerm=1, entries=0, commitIndex=61} to 3
02:53:27.732 [raft-server-3] TRACE i.a.p.raft.roles.FollowerRole - RaftServer{3}{role=FOLLOWER} - Received AppendRequest{term=1, leader=1, prevLogIndex=61, prevLogTerm=1, entries=0, commitIndex=61}
02:53:27.732 [raft-server-1] TRACE i.a.p.raft.roles.LeaderAppender - RaftServer{1} - Received AppendResponse{status=OK, term=1, succeeded=true, lastLogIndex=61} from 2
02:53:27.732 [raft-server-1] TRACE i.a.p.raft.roles.LeaderAppender - RaftServer{1} - Sending AppendRequest{term=1, leader=1, prevLogIndex=61, prevLogTerm=1, entries=0, commitIndex=61} to 2
02:53:27.732 [raft-server-2] TRACE i.a.p.raft.roles.FollowerRole - RaftServer{2}{role=FOLLOWER} - Received AppendRequest{term=1, leader=1, prevLogIndex=61, prevLogTerm=1, entries=0, commitIndex=61}
02:53:27.732 [raft-server-2] TRACE i.a.p.raft.roles.FollowerRole - RaftServer{2}{role=FOLLOWER} - Committed entries up to index 61
02:53:27.732 [raft-server-2] TRACE i.a.p.raft.roles.FollowerRole - RaftServer{2}{role=FOLLOWER} - Sending AppendResponse{status=OK, term=1, succeeded=true, lastLogIndex=61}
02:53:27.732 [raft-server-1] TRACE i.a.p.raft.roles.LeaderAppender - RaftServer{1} - Received AppendResponse{status=OK, term=1, succeeded=true, lastLogIndex=61} from 2
02:53:27.732 [raft-server-1-state] TRACE i.a.p.raft.impl.RaftServiceManager - RaftServer{1} - Applying Indexed{index=61, entry=CommandEntry{term=1, timestamp=2018-06-09 02:53:27,299, session=2, sequence=51, operation=PrimitiveOperation{id=DefaultOperationId{id=write, type=COMMAND}, value=byte[]{length=17, hash=-1644578928}}}}
02:53:27.732 [raft-server-2-state] TRACE i.a.p.raft.impl.RaftServiceManager - RaftServer{2} - Applying Indexed{index=61, entry=CommandEntry{term=1, timestamp=2018-06-09 02:53:27,299, session=2, sequence=51, operation=PrimitiveOperation{id=DefaultOperationId{id=write, type=COMMAND}, value=byte[]{length=17, hash=-1644578928}}}}
02:53:27.732 [raft-server-2-state] TRACE i.a.p.s.impl.DefaultServiceExecutor - PrimitiveService{2}{type=io.atomix.protocols.raft.RaftTest$TestPrimitiveType@1c47fd5, name=raft-test} - Executing DefaultCommit{index=61, session=RaftSession{RaftServiceContext{server=2, type=io.atomix.protocols.raft.RaftTest$TestPrimitiveType@1c47fd5, name=raft-test, id=2}, session=2, timestamp=2018-06-09 02:53:27,299}, time=2018-06-09 02:53:27,299, operation=DefaultOperationId{id=write, type=COMMAND}, value=byte[]{length=17, hash=-1644578928}}
02:53:27.732 [raft-server-1-state] TRACE i.a.p.s.impl.DefaultServiceExecutor - PrimitiveService{2}{type=io.atomix.protocols.raft.RaftTest$TestPrimitiveType@45397ff4, name=raft-test} - Executing DefaultCommit{index=61, session=RaftSession{RaftServiceContext{server=1, type=io.atomix.protocols.raft.RaftTest$TestPrimitiveType@45397ff4, name=raft-test, id=2}, session=2, timestamp=2018-06-09 02:53:27,299}, time=2018-06-09 02:53:27,299, operation=DefaultOperationId{id=write, type=COMMAND}, value=byte[]{length=17, hash=-1644578928}}
02:53:27.733 [raft-server-1-state] TRACE i.a.protocols.raft.roles.LeaderRole - RaftServer{1}{role=LEADER} - Sending CommandResponse{status=OK, index=61, eventIndex=2, result=byte[]{length=2, hash=1362}}
02:53:27.733 [raft-client-02319fd7-5003-4fac-b562-689b946eac2b-0] TRACE i.a.p.r.p.impl.RaftProxyConnection - ProxySession{2}{type=io.atomix.protocols.raft.RaftTest$TestPrimitiveType@35bfa1bb, name=raft-test} - Received CommandResponse{status=OK, index=61, eventIndex=2, result=byte[]{length=2, hash=1362}} from 1
02:53:27.733 [raft-client-02319fd7-5003-4fac-b562-689b946eac2b-0] TRACE i.a.p.r.p.impl.RaftProxySequencer - ProxySession{2}{type=io.atomix.protocols.raft.RaftTest$TestPrimitiveType@35bfa1bb, name=raft-test} - Completing response CommandResponse{status=OK, index=61, eventIndex=2, result=byte[]{length=2, hash=1362}}
02:53:27.733 [raft-client-02319fd7-5003-4fac-b562-689b946eac2b-7] TRACE i.a.p.r.p.impl.RaftProxyConnection - ProxySession{2}{type=io.atomix.protocols.raft.RaftTest$TestPrimitiveType@35bfa1bb, name=raft-test} - Sending CommandRequest{session=2, sequence=52, operation=PrimitiveOperation{id=DefaultOperationId{id=write, type=COMMAND}, value=byte[]{length=17, hash=-1644578928}}} to 1
02:53:27.733 [raft-server-1] TRACE i.a.protocols.raft.roles.LeaderRole - RaftServer{1}{role=LEADER} - Received CommandRequest{session=2, sequence=52, operation=PrimitiveOperation{id=DefaultOperationId{id=write, type=COMMAND}, value=byte[]{length=17, hash=-1644578928}}}
02:53:27.733 [raft-server-1] TRACE i.a.protocols.raft.roles.LeaderRole - RaftServer{1}{role=LEADER} - Appended Indexed{index=62, entry=CommandEntry{term=1, timestamp=2018-06-09 02:53:27,733, session=2, sequence=52, operation=PrimitiveOperation{id=DefaultOperationId{id=write, type=COMMAND}, value=byte[]{length=17, hash=-1644578928}}}}
02:53:27.733 [raft-server-1] TRACE i.a.p.raft.roles.LeaderAppender - RaftServer{1} - Sending AppendRequest{term=1, leader=1, prevLogIndex=61, prevLogTerm=1, entries=1, commitIndex=61} to 2
02:53:27.733 [raft-server-2] TRACE i.a.p.raft.roles.FollowerRole - RaftServer{2}{role=FOLLOWER} - Received AppendRequest{term=1, leader=1, prevLogIndex=61, prevLogTerm=1, entries=1, commitIndex=61}
02:53:27.734 [raft-server-2] TRACE i.a.p.raft.roles.FollowerRole - RaftServer{2}{role=FOLLOWER} - Appended Indexed{index=62, entry=CommandEntry{term=1, timestamp=2018-06-09 02:53:27,733, session=2, sequence=52, operation=PrimitiveOperation{id=DefaultOperationId{id=write, type=COMMAND}, value=byte[]{length=17, hash=-1644578928}}}}
02:53:27.734 [raft-server-2] TRACE i.a.p.raft.roles.FollowerRole - RaftServer{2}{role=FOLLOWER} - Sending AppendResponse{status=OK, term=1, succeeded=true, lastLogIndex=62}
02:53:27.734 [raft-server-1] TRACE i.a.p.raft.roles.LeaderAppender - RaftServer{1} - Received AppendResponse{status=OK, term=1, succeeded=true, lastLogIndex=62} from 2
02:53:27.734 [raft-server-1] TRACE i.a.p.raft.roles.LeaderAppender - RaftServer{1} - Committed entries up to 62
02:53:27.798 [raft-server-3] TRACE i.a.p.raft.roles.FollowerRole - RaftServer{3}{role=FOLLOWER} - Committed entries up to index 61
02:53:27.798 [raft-server-3] TRACE i.a.p.raft.roles.FollowerRole - RaftServer{3}{role=FOLLOWER} - Sending AppendResponse{status=OK, term=1, succeeded=true, lastLogIndex=61}
02:53:27.798 [raft-server-3-state] TRACE i.a.p.raft.impl.RaftServiceManager - RaftServer{3} - Applying Indexed{index=61, entry=CommandEntry{term=1, timestamp=2018-06-09 02:53:27,299, session=2, sequence=51, operation=PrimitiveOperation{id=DefaultOperationId{id=write, type=COMMAND}, value=byte[]{length=17, hash=-1644578928}}}}
02:53:27.798 [raft-server-3-state] TRACE i.a.p.s.impl.DefaultServiceExecutor - PrimitiveService{2}{type=io.atomix.protocols.raft.RaftTest$TestPrimitiveType@30e8e4fb, name=raft-test} - Executing DefaultCommit{index=61, session=RaftSession{RaftServiceContext{server=3, type=io.atomix.protocols.raft.RaftTest$TestPrimitiveType@30e8e4fb, name=raft-test, id=2}, session=2, timestamp=2018-06-09 02:53:27,299}, time=2018-06-09 02:53:27,299, operation=DefaultOperationId{id=write, type=COMMAND}, value=byte[]{length=17, hash=-1644578928}}
02:53:27.854 [raft-server-1] TRACE i.a.p.raft.roles.LeaderAppender - RaftServer{1} - Received AppendResponse{status=OK, term=1, succeeded=true, lastLogIndex=61} from 3
02:53:27.854 [raft-server-1] TRACE i.a.p.raft.roles.LeaderAppender - RaftServer{1} - Sending AppendRequest{term=1, leader=1, prevLogIndex=61, prevLogTerm=1, entries=1, commitIndex=62} to 3
02:53:27.854 [raft-server-3] TRACE i.a.p.raft.roles.FollowerRole - RaftServer{3}{role=FOLLOWER} - Received AppendRequest{term=1, leader=1, prevLogIndex=61, prevLogTerm=1, entries=1, commitIndex=62}
02:53:27.854 [raft-server-1-state] TRACE i.a.p.raft.impl.RaftServiceManager - RaftServer{1} - Applying Indexed{index=62, entry=CommandEntry{term=1, timestamp=2018-06-09 02:53:27,733, session=2, sequence=52, operation=PrimitiveOperation{id=DefaultOperationId{id=write, type=COMMAND}, value=byte[]{length=17, hash=-1644578928}}}}
02:53:27.854 [raft-server-1-state] TRACE i.a.p.s.impl.DefaultServiceExecutor - PrimitiveService{2}{type=io.atomix.protocols.raft.RaftTest$TestPrimitiveType@45397ff4, name=raft-test} - Executing DefaultCommit{index=62, session=RaftSession{RaftServiceContext{server=1, type=io.atomix.protocols.raft.RaftTest$TestPrimitiveType@45397ff4, name=raft-test, id=2}, session=2, timestamp=2018-06-09 02:53:27,733}, time=2018-06-09 02:53:27,733, operation=DefaultOperationId{id=write, type=COMMAND}, value=byte[]{length=17, hash=-1644578928}}
02:53:27.854 [raft-server-3] TRACE i.a.p.raft.roles.FollowerRole - RaftServer{3}{role=FOLLOWER} - Appended Indexed{index=62, entry=CommandEntry{term=1, timestamp=2018-06-09 02:53:27,733, session=2, sequence=52, operation=PrimitiveOperation{id=DefaultOperationId{id=write, type=COMMAND}, value=byte[]{length=17, hash=-1644578928}}}}
02:53:27.854 [raft-server-1-state] TRACE i.a.protocols.raft.roles.LeaderRole - RaftServer{1}{role=LEADER} - Sending CommandResponse{status=OK, index=62, eventIndex=2, result=byte[]{length=2, hash=1364}}
02:53:27.854 [raft-client-02319fd7-5003-4fac-b562-689b946eac2b-6] TRACE i.a.p.r.p.impl.RaftProxyConnection - ProxySession{2}{type=io.atomix.protocols.raft.RaftTest$TestPrimitiveType@35bfa1bb, name=raft-test} - Received CommandResponse{status=OK, index=62, eventIndex=2, result=byte[]{length=2, hash=1364}} from 1
02:53:27.854 [raft-client-02319fd7-5003-4fac-b562-689b946eac2b-6] TRACE i.a.p.r.p.impl.RaftProxySequencer - ProxySession{2}{type=io.atomix.protocols.raft.RaftTest$TestPrimitiveType@35bfa1bb, name=raft-test} - Completing response CommandResponse{status=OK, index=62, eventIndex=2, result=byte[]{length=2, hash=1364}}
02:53:27.855 [raft-client-02319fd7-5003-4fac-b562-689b946eac2b-5] TRACE i.a.p.r.p.impl.RaftProxyConnection - ProxySession{2}{type=io.atomix.protocols.raft.RaftTest$TestPrimitiveType@35bfa1bb, name=raft-test} - Sending CommandRequest{session=2, sequence=53, operation=PrimitiveOperation{id=DefaultOperationId{id=write, type=COMMAND}, value=byte[]{length=17, hash=-1644578928}}} to 1
02:53:27.855 [raft-server-1] TRACE i.a.protocols.raft.roles.LeaderRole - RaftServer{1}{role=LEADER} - Received CommandRequest{session=2, sequence=53, operation=PrimitiveOperation{id=DefaultOperationId{id=write, type=COMMAND}, value=byte[]{length=17, hash=-1644578928}}}
02:53:27.855 [raft-server-1] TRACE i.a.protocols.raft.roles.LeaderRole - RaftServer{1}{role=LEADER} - Appended Indexed{index=63, entry=CommandEntry{term=1, timestamp=2018-06-09 02:53:27,855, session=2, sequence=53, operation=PrimitiveOperation{id=DefaultOperationId{id=write, type=COMMAND}, value=byte[]{length=17, hash=-1644578928}}}}
02:53:27.855 [raft-server-1] TRACE i.a.p.raft.roles.LeaderAppender - RaftServer{1} - Sending AppendRequest{term=1, leader=1, prevLogIndex=62, prevLogTerm=1, entries=1, commitIndex=62} to 2
02:53:27.855 [raft-server-2] TRACE i.a.p.raft.roles.FollowerRole - RaftServer{2}{role=FOLLOWER} - Received AppendRequest{term=1, leader=1, prevLogIndex=62, prevLogTerm=1, entries=1, commitIndex=62}
02:53:27.855 [raft-server-2] TRACE i.a.p.raft.roles.FollowerRole - RaftServer{2}{role=FOLLOWER} - Appended Indexed{index=63, entry=CommandEntry{term=1, timestamp=2018-06-09 02:53:27,855, session=2, sequence=53, operation=PrimitiveOperation{id=DefaultOperationId{id=write, type=COMMAND}, value=byte[]{length=17, hash=-1644578928}}}}
02:53:27.884 [raft-server-1] TRACE i.a.p.raft.roles.LeaderAppender - RaftServer{1} - Sending AppendRequest{term=1, leader=1, prevLogIndex=62, prevLogTerm=1, entries=1, commitIndex=62} to 3
02:53:27.929 [raft-server-3] TRACE i.a.p.raft.roles.FollowerRole - RaftServer{3}{role=FOLLOWER} - Committed entries up to index 62
02:53:27.929 [raft-server-3] TRACE i.a.p.raft.roles.FollowerRole - RaftServer{3}{role=FOLLOWER} - Sending AppendResponse{status=OK, term=1, succeeded=true, lastLogIndex=62}
02:53:27.929 [raft-server-3] TRACE i.a.p.raft.roles.FollowerRole - RaftServer{3}{role=FOLLOWER} - Received AppendRequest{term=1, leader=1, prevLogIndex=62, prevLogTerm=1, entries=1, commitIndex=62}
02:53:27.929 [raft-server-1] TRACE i.a.p.raft.roles.LeaderAppender - RaftServer{1} - Received AppendResponse{status=OK, term=1, succeeded=true, lastLogIndex=62} from 3
02:53:27.929 [raft-server-3] TRACE i.a.p.raft.roles.FollowerRole - RaftServer{3}{role=FOLLOWER} - Appended Indexed{index=63, entry=CommandEntry{term=1, timestamp=2018-06-09 02:53:27,855, session=2, sequence=53, operation=PrimitiveOperation{id=DefaultOperationId{id=write, type=COMMAND}, value=byte[]{length=17, hash=-1644578928}}}}
02:53:27.929 [raft-server-3] TRACE i.a.p.raft.roles.FollowerRole - RaftServer{3}{role=FOLLOWER} - Sending AppendResponse{status=OK, term=1, succeeded=true, lastLogIndex=63}
02:53:27.929 [raft-server-1] TRACE i.a.p.raft.roles.LeaderAppender - RaftServer{1} - Received AppendResponse{status=OK, term=1, succeeded=true, lastLogIndex=63} from 3
02:53:27.929 [raft-server-1] TRACE i.a.p.raft.roles.LeaderAppender - RaftServer{1} - Committed entries up to 63
02:53:27.929 [raft-server-3-state] TRACE i.a.p.raft.impl.RaftServiceManager - RaftServer{3} - Applying Indexed{index=62, entry=CommandEntry{term=1, timestamp=2018-06-09 02:53:27,733, session=2, sequence=52, operation=PrimitiveOperation{id=DefaultOperationId{id=write, type=COMMAND}, value=byte[]{length=17, hash=-1644578928}}}}
02:53:27.929 [raft-server-3-state] TRACE i.a.p.s.impl.DefaultServiceExecutor - PrimitiveService{2}{type=io.atomix.protocols.raft.RaftTest$TestPrimitiveType@30e8e4fb, name=raft-test} - Executing DefaultCommit{index=62, session=RaftSession{RaftServiceContext{server=3, type=io.atomix.protocols.raft.RaftTest$TestPrimitiveType@30e8e4fb, name=raft-test, id=2}, session=2, timestamp=2018-06-09 02:53:27,733}, time=2018-06-09 02:53:27,733, operation=DefaultOperationId{id=write, type=COMMAND}, value=byte[]{length=17, hash=-1644578928}}
02:53:27.981 [raft-server-2] TRACE i.a.p.raft.roles.FollowerRole - RaftServer{2}{role=FOLLOWER} - Committed entries up to index 62
02:53:27.981 [raft-server-2] TRACE i.a.p.raft.roles.FollowerRole - RaftServer{2}{role=FOLLOWER} - Sending AppendResponse{status=OK, term=1, succeeded=true, lastLogIndex=63}
02:53:27.981 [raft-server-2-state] TRACE i.a.p.raft.impl.RaftServiceManager - RaftServer{2} - Applying Indexed{index=62, entry=CommandEntry{term=1, timestamp=2018-06-09 02:53:27,733, session=2, sequence=52, operation=PrimitiveOperation{id=DefaultOperationId{id=write, type=COMMAND}, value=byte[]{length=17, hash=-1644578928}}}}
02:53:27.982 [raft-server-2-state] TRACE i.a.p.s.impl.DefaultServiceExecutor - PrimitiveService{2}{type=io.atomix.protocols.raft.RaftTest$TestPrimitiveType@1c47fd5, name=raft-test} - Executing DefaultCommit{index=62, session=RaftSession{RaftServiceContext{server=2, type=io.atomix.protocols.raft.RaftTest$TestPrimitiveType@1c47fd5, name=raft-test, id=2}, session=2, timestamp=2018-06-09 02:53:27,733}, time=2018-06-09 02:53:27,733, operation=DefaultOperationId{id=write, type=COMMAND}, value=byte[]{length=17, hash=-1644578928}}
02:53:28.048 [raft-server-1] TRACE i.a.p.raft.roles.LeaderAppender - RaftServer{1} - Sending AppendRequest{term=1, leader=1, prevLogIndex=63, prevLogTerm=1, entries=0, commitIndex=63} to 3
02:53:28.048 [raft-server-3] TRACE i.a.p.raft.roles.FollowerRole - RaftServer{3}{role=FOLLOWER} - Received AppendRequest{term=1, leader=1, prevLogIndex=63, prevLogTerm=1, entries=0, commitIndex=63}
02:53:28.048 [raft-server-1] TRACE i.a.p.raft.roles.LeaderAppender - RaftServer{1} - Received AppendResponse{status=OK, term=1, succeeded=true, lastLogIndex=63} from 2
02:53:28.048 [raft-server-1] TRACE i.a.p.raft.roles.LeaderAppender - RaftServer{1} - Sending AppendRequest{term=1, leader=1, prevLogIndex=63, prevLogTerm=1, entries=0, commitIndex=63} to 2
02:53:28.048 [raft-server-2] TRACE i.a.p.raft.roles.FollowerRole - RaftServer{2}{role=FOLLOWER} - Received AppendRequest{term=1, leader=1, prevLogIndex=63, prevLogTerm=1, entries=0, commitIndex=63}
02:53:28.048 [raft-server-1-state] TRACE i.a.p.raft.impl.RaftServiceManager - RaftServer{1} - Applying Indexed{index=63, entry=CommandEntry{term=1, timestamp=2018-06-09 02:53:27,855, session=2, sequence=53, operation=PrimitiveOperation{id=DefaultOperationId{id=write, type=COMMAND}, value=byte[]{length=17, hash=-1644578928}}}}
02:53:28.049 [raft-server-1-state] TRACE i.a.p.s.impl.DefaultServiceExecutor - PrimitiveService{2}{type=io.atomix.protocols.raft.RaftTest$TestPrimitiveType@45397ff4, name=raft-test} - Executing DefaultCommit{index=63, session=RaftSession{RaftServiceContext{server=1, type=io.atomix.protocols.raft.RaftTest$TestPrimitiveType@45397ff4, name=raft-test, id=2}, session=2, timestamp=2018-06-09 02:53:27,855}, time=2018-06-09 02:53:27,855, operation=DefaultOperationId{id=write, type=COMMAND}, value=byte[]{length=17, hash=-1644578928}}
02:53:28.049 [raft-server-1-state] TRACE i.a.protocols.raft.roles.LeaderRole - RaftServer{1}{role=LEADER} - Sending CommandResponse{status=OK, index=63, eventIndex=2, result=byte[]{length=2, hash=1366}}
02:53:28.049 [raft-client-02319fd7-5003-4fac-b562-689b946eac2b-2] TRACE i.a.p.r.p.impl.RaftProxyConnection - ProxySession{2}{type=io.atomix.protocols.raft.RaftTest$TestPrimitiveType@35bfa1bb, name=raft-test} - Received CommandResponse{status=OK, index=63, eventIndex=2, result=byte[]{length=2, hash=1366}} from 1
02:53:28.049 [raft-client-02319fd7-5003-4fac-b562-689b946eac2b-2] TRACE i.a.p.r.p.impl.RaftProxySequencer - ProxySession{2}{type=io.atomix.protocols.raft.RaftTest$TestPrimitiveType@35bfa1bb, name=raft-test} - Completing response CommandResponse{status=OK, index=63, eventIndex=2, result=byte[]{length=2, hash=1366}}
02:53:28.049 [raft-client-02319fd7-5003-4fac-b562-689b946eac2b-3] TRACE i.a.p.r.p.impl.RaftProxyConnection - ProxySession{2}{type=io.atomix.protocols.raft.RaftTest$TestPrimitiveType@35bfa1bb, name=raft-test} - Sending CommandRequest{session=2, sequence=54, operation=PrimitiveOperation{id=DefaultOperationId{id=write, type=COMMAND}, value=byte[]{length=17, hash=-1644578928}}} to 1
02:53:28.049 [raft-server-1] TRACE i.a.protocols.raft.roles.LeaderRole - RaftServer{1}{role=LEADER} - Received CommandRequest{session=2, sequence=54, operation=PrimitiveOperation{id=DefaultOperationId{id=write, type=COMMAND}, value=byte[]{length=17, hash=-1644578928}}}
02:53:28.049 [raft-server-1] TRACE i.a.protocols.raft.roles.LeaderRole - RaftServer{1}{role=LEADER} - Appended Indexed{index=64, entry=CommandEntry{term=1, timestamp=2018-06-09 02:53:28,049, session=2, sequence=54, operation=PrimitiveOperation{id=DefaultOperationId{id=write, type=COMMAND}, value=byte[]{length=17, hash=-1644578928}}}}
02:53:28.131 [raft-server-3] TRACE i.a.p.raft.roles.FollowerRole - RaftServer{3}{role=FOLLOWER} - Committed entries up to index 63
02:53:28.131 [raft-server-2] TRACE i.a.p.raft.roles.FollowerRole - RaftServer{2}{role=FOLLOWER} - Committed entries up to index 63
02:53:28.131 [raft-server-3] TRACE i.a.p.raft.roles.FollowerRole - RaftServer{3}{role=FOLLOWER} - Sending AppendResponse{status=OK, term=1, succeeded=true, lastLogIndex=63}
02:53:28.131 [raft-server-2] TRACE i.a.p.raft.roles.FollowerRole - RaftServer{2}{role=FOLLOWER} - Sending AppendResponse{status=OK, term=1, succeeded=true, lastLogIndex=63}
02:53:28.132 [raft-server-1] TRACE i.a.p.raft.roles.LeaderAppender - RaftServer{1} - Received AppendResponse{status=OK, term=1, succeeded=true, lastLogIndex=63} from 3
02:53:28.132 [raft-server-1] TRACE i.a.p.raft.roles.LeaderAppender - RaftServer{1} - Sending AppendRequest{term=1, leader=1, prevLogIndex=63, prevLogTerm=1, entries=1, commitIndex=63} to 3
02:53:28.132 [raft-server-2-state] TRACE i.a.p.raft.impl.RaftServiceManager - RaftServer{2} - Applying Indexed{index=63, entry=CommandEntry{term=1, timestamp=2018-06-09 02:53:27,855, session=2, sequence=53, operation=PrimitiveOperation{id=DefaultOperationId{id=write, type=COMMAND}, value=byte[]{length=17, hash=-1644578928}}}}
02:53:28.132 [raft-server-3-state] TRACE i.a.p.raft.impl.RaftServiceManager - RaftServer{3} - Applying Indexed{index=63, entry=CommandEntry{term=1, timestamp=2018-06-09 02:53:27,855, session=2, sequence=53, operation=PrimitiveOperation{id=DefaultOperationId{id=write, type=COMMAND}, value=byte[]{length=17, hash=-1644578928}}}}
02:53:28.132 [raft-server-3] TRACE i.a.p.raft.roles.FollowerRole - RaftServer{3}{role=FOLLOWER} - Received AppendRequest{term=1, leader=1, prevLogIndex=63, prevLogTerm=1, entries=1, commitIndex=63}
02:53:28.132 [raft-server-1] TRACE i.a.p.raft.roles.LeaderAppender - RaftServer{1} - Received AppendResponse{status=OK, term=1, succeeded=true, lastLogIndex=63} from 2
02:53:28.132 [raft-server-2-state] TRACE i.a.p.s.impl.DefaultServiceExecutor - PrimitiveService{2}{type=io.atomix.protocols.raft.RaftTest$TestPrimitiveType@1c47fd5, name=raft-test} - Executing DefaultCommit{index=63, session=RaftSession{RaftServiceContext{server=2, type=io.atomix.protocols.raft.RaftTest$TestPrimitiveType@1c47fd5, name=raft-test, id=2}, session=2, timestamp=2018-06-09 02:53:27,855}, time=2018-06-09 02:53:27,855, operation=DefaultOperationId{id=write, type=COMMAND}, value=byte[]{length=17, hash=-1644578928}}
02:53:28.132 [raft-server-3-state] TRACE i.a.p.s.impl.DefaultServiceExecutor - PrimitiveService{2}{type=io.atomix.protocols.raft.RaftTest$TestPrimitiveType@30e8e4fb, name=raft-test} - Executing DefaultCommit{index=63, session=RaftSession{RaftServiceContext{server=3, type=io.atomix.protocols.raft.RaftTest$TestPrimitiveType@30e8e4fb, name=raft-test, id=2}, session=2, timestamp=2018-06-09 02:53:27,855}, time=2018-06-09 02:53:27,855, operation=DefaultOperationId{id=write, type=COMMAND}, value=byte[]{length=17, hash=-1644578928}}
02:53:28.132 [raft-server-3] TRACE i.a.p.raft.roles.FollowerRole - RaftServer{3}{role=FOLLOWER} - Appended Indexed{index=64, entry=CommandEntry{term=1, timestamp=2018-06-09 02:53:28,049, session=2, sequence=54, operation=PrimitiveOperation{id=DefaultOperationId{id=write, type=COMMAND}, value=byte[]{length=17, hash=-1644578928}}}}
02:53:28.132 [raft-server-1] TRACE i.a.p.raft.roles.LeaderAppender - RaftServer{1} - Sending AppendRequest{term=1, leader=1, prevLogIndex=63, prevLogTerm=1, entries=1, commitIndex=63} to 2
02:53:28.132 [raft-server-3] TRACE i.a.p.raft.roles.FollowerRole - RaftServer{3}{role=FOLLOWER} - Sending AppendResponse{status=OK, term=1, succeeded=true, lastLogIndex=64}
02:53:28.132 [raft-server-2] TRACE i.a.p.raft.roles.FollowerRole - RaftServer{2}{role=FOLLOWER} - Received AppendRequest{term=1, leader=1, prevLogIndex=63, prevLogTerm=1, entries=1, commitIndex=63}
02:53:28.132 [raft-server-1] TRACE i.a.p.raft.roles.LeaderAppender - RaftServer{1} - Received AppendResponse{status=OK, term=1, succeeded=true, lastLogIndex=64} from 3
02:53:28.132 [raft-server-1] TRACE i.a.p.raft.roles.LeaderAppender - RaftServer{1} - Committed entries up to 64
02:53:28.132 [raft-server-2] TRACE i.a.p.raft.roles.FollowerRole - RaftServer{2}{role=FOLLOWER} - Appended Indexed{index=64, entry=CommandEntry{term=1, timestamp=2018-06-09 02:53:28,049, session=2, sequence=54, operation=PrimitiveOperation{id=DefaultOperationId{id=write, type=COMMAND}, value=byte[]{length=17, hash=-1644578928}}}}
02:53:28.132 [raft-server-2] TRACE i.a.p.raft.roles.FollowerRole - RaftServer{2}{role=FOLLOWER} - Sending AppendResponse{status=OK, term=1, succeeded=true, lastLogIndex=64}
02:53:28.215 [raft-server-1] TRACE i.a.p.raft.roles.LeaderAppender - RaftServer{1} - Received AppendResponse{status=OK, term=1, succeeded=true, lastLogIndex=64} from 2
02:53:28.215 [raft-server-1] TRACE i.a.p.raft.roles.LeaderAppender - RaftServer{1} - Sending AppendRequest{term=1, leader=1, prevLogIndex=64, prevLogTerm=1, entries=0, commitIndex=64} to 3
02:53:28.215 [raft-server-1] TRACE i.a.p.raft.roles.LeaderAppender - RaftServer{1} - Sending AppendRequest{term=1, leader=1, prevLogIndex=64, prevLogTerm=1, entries=0, commitIndex=64} to 2
02:53:28.215 [raft-server-2] TRACE i.a.p.raft.roles.FollowerRole - RaftServer{2}{role=FOLLOWER} - Received AppendRequest{term=1, leader=1, prevLogIndex=64, prevLogTerm=1, entries=0, commitIndex=64}
02:53:28.215 [raft-server-3] TRACE i.a.p.raft.roles.FollowerRole - RaftServer{3}{role=FOLLOWER} - Received AppendRequest{term=1, leader=1, prevLogIndex=64, prevLogTerm=1, entries=0, commitIndex=64}
02:53:28.215 [raft-server-1-state] TRACE i.a.p.raft.impl.RaftServiceManager - RaftServer{1} - Applying Indexed{index=64, entry=CommandEntry{term=1, timestamp=2018-06-09 02:53:28,049, session=2, sequence=54, operation=PrimitiveOperation{id=DefaultOperationId{id=write, type=COMMAND}, value=byte[]{length=17, hash=-1644578928}}}}
02:53:28.215 [raft-server-1-state] TRACE i.a.p.s.impl.DefaultServiceExecutor - PrimitiveService{2}{type=io.atomix.protocols.raft.RaftTest$TestPrimitiveType@45397ff4, name=raft-test} - Executing DefaultCommit{index=64, session=RaftSession{RaftServiceContext{server=1, type=io.atomix.protocols.raft.RaftTest$TestPrimitiveType@45397ff4, name=raft-test, id=2}, session=2, timestamp=2018-06-09 02:53:28,049}, time=2018-06-09 02:53:28,049, operation=DefaultOperationId{id=write, type=COMMAND}, value=byte[]{length=17, hash=-1644578928}}
02:53:28.215 [raft-server-1-state] TRACE i.a.protocols.raft.roles.LeaderRole - RaftServer{1}{role=LEADER} - Sending CommandResponse{status=OK, index=64, eventIndex=2, result=byte[]{length=3, hash=34473}}
02:53:28.215 [raft-client-02319fd7-5003-4fac-b562-689b946eac2b-0] TRACE i.a.p.r.p.impl.RaftProxyConnection - ProxySession{2}{type=io.atomix.protocols.raft.RaftTest$TestPrimitiveType@35bfa1bb, name=raft-test} - Received CommandResponse{status=OK, index=64, eventIndex=2, result=byte[]{length=3, hash=34473}} from 1
02:53:28.215 [raft-client-02319fd7-5003-4fac-b562-689b946eac2b-0] TRACE i.a.p.r.p.impl.RaftProxySequencer - ProxySession{2}{type=io.atomix.protocols.raft.RaftTest$TestPrimitiveType@35bfa1bb, name=raft-test} - Completing response CommandResponse{status=OK, index=64, eventIndex=2, result=byte[]{length=3, hash=34473}}
02:53:28.216 [raft-client-02319fd7-5003-4fac-b562-689b946eac2b-1] TRACE i.a.p.r.p.impl.RaftProxyConnection - ProxySession{2}{type=io.atomix.protocols.raft.RaftTest$TestPrimitiveType@35bfa1bb, name=raft-test} - Sending CommandRequest{session=2, sequence=55, operation=PrimitiveOperation{id=DefaultOperationId{id=write, type=COMMAND}, value=byte[]{length=17, hash=-1644578928}}} to 1
02:53:28.216 [raft-server-1] TRACE i.a.protocols.raft.roles.LeaderRole - RaftServer{1}{role=LEADER} - Received CommandRequest{session=2, sequence=55, operation=PrimitiveOperation{id=DefaultOperationId{id=write, type=COMMAND}, value=byte[]{length=17, hash=-1644578928}}}
02:53:28.216 [raft-server-1] TRACE i.a.protocols.raft.roles.LeaderRole - RaftServer{1}{role=LEADER} - Appended Indexed{index=65, entry=CommandEntry{term=1, timestamp=2018-06-09 02:53:28,216, session=2, sequence=55, operation=PrimitiveOperation{id=DefaultOperationId{id=write, type=COMMAND}, value=byte[]{length=17, hash=-1644578928}}}}
02:53:28.243 [raft-client-02319fd7-5003-4fac-b562-689b946eac2b-2] TRACE i.a.p.r.proxy.impl.RaftProxyManager - RaftClient{02319fd7-5003-4fac-b562-689b946eac2b} - Keeping 1 sessions alive
02:53:28.243 [raft-client-02319fd7-5003-4fac-b562-689b946eac2b-2] TRACE i.a.p.r.p.impl.RaftProxyConnection - RaftClient{02319fd7-5003-4fac-b562-689b946eac2b} - Sending KeepAliveRequest{sessionIds=long[]{length=1, hash=33}, commandSequences=long[]{length=1, hash=85}, eventIndexes=long[]{length=1, hash=33}} to 1
02:53:28.243 [raft-server-1] TRACE i.a.protocols.raft.roles.LeaderRole - RaftServer{1}{role=LEADER} - Received KeepAliveRequest{sessionIds=long[]{length=1, hash=33}, commandSequences=long[]{length=1, hash=85}, eventIndexes=long[]{length=1, hash=33}}
02:53:28.244 [raft-server-1] TRACE i.a.protocols.raft.roles.LeaderRole - RaftServer{1}{role=LEADER} - Appended Indexed{index=66, entry=KeepAliveEntry{term=1, timestamp=2018-06-09 02:53:28,243, sessionIds=long[]{length=1, hash=33}, commandSequences=long[]{length=1, hash=85}, eventIndexes=long[]{length=1, hash=33}}}
02:53:28.244 [raft-server-1] TRACE i.a.p.raft.roles.LeaderAppender - RaftServer{1} - Sending AppendRequest{term=1, leader=1, prevLogIndex=64, prevLogTerm=1, entries=2, commitIndex=64} to 3
02:53:28.279 [raft-server-3] TRACE i.a.p.raft.roles.FollowerRole - RaftServer{3}{role=FOLLOWER} - Committed entries up to index 64
02:53:28.279 [raft-server-2] TRACE i.a.p.raft.roles.FollowerRole - RaftServer{2}{role=FOLLOWER} - Committed entries up to index 64
02:53:28.279 [raft-server-3] TRACE i.a.p.raft.roles.FollowerRole - RaftServer{3}{role=FOLLOWER} - Sending AppendResponse{status=OK, term=1, succeeded=true, lastLogIndex=64}
02:53:28.279 [raft-server-2] TRACE i.a.p.raft.roles.FollowerRole - RaftServer{2}{role=FOLLOWER} - Sending AppendResponse{status=OK, term=1, succeeded=true, lastLogIndex=64}
02:53:28.279 [raft-server-3] TRACE i.a.p.raft.roles.FollowerRole - RaftServer{3}{role=FOLLOWER} - Received AppendRequest{term=1, leader=1, prevLogIndex=64, prevLogTerm=1, entries=2, commitIndex=64}
02:53:28.279 [raft-server-1] TRACE i.a.p.raft.roles.LeaderAppender - RaftServer{1} - Received AppendResponse{status=OK, term=1, succeeded=true, lastLogIndex=64} from 3
02:53:28.279 [raft-server-1] TRACE i.a.p.raft.roles.LeaderAppender - RaftServer{1} - Sending AppendRequest{term=1, leader=1, prevLogIndex=64, prevLogTerm=1, entries=2, commitIndex=64} to 2
02:53:28.279 [raft-server-3] TRACE i.a.p.raft.roles.FollowerRole - RaftServer{3}{role=FOLLOWER} - Appended Indexed{index=65, entry=CommandEntry{term=1, timestamp=2018-06-09 02:53:28,216, session=2, sequence=55, operation=PrimitiveOperation{id=DefaultOperationId{id=write, type=COMMAND}, value=byte[]{length=17, hash=-1644578928}}}}
02:53:28.279 [raft-server-2-state] TRACE i.a.p.raft.impl.RaftServiceManager - RaftServer{2} - Applying Indexed{index=64, entry=CommandEntry{term=1, timestamp=2018-06-09 02:53:28,049, session=2, sequence=54, operation=PrimitiveOperation{id=DefaultOperationId{id=write, type=COMMAND}, value=byte[]{length=17, hash=-1644578928}}}}
02:53:28.279 [raft-server-2] TRACE i.a.p.raft.roles.FollowerRole - RaftServer{2}{role=FOLLOWER} - Received AppendRequest{term=1, leader=1, prevLogIndex=64, prevLogTerm=1, entries=2, commitIndex=64}
02:53:28.279 [raft-server-1] TRACE i.a.p.raft.roles.LeaderAppender - RaftServer{1} - Received AppendResponse{status=OK, term=1, succeeded=true, lastLogIndex=64} from 2
02:53:28.279 [raft-server-3] TRACE i.a.p.raft.roles.FollowerRole - RaftServer{3}{role=FOLLOWER} - Appended Indexed{index=66, entry=KeepAliveEntry{term=1, timestamp=2018-06-09 02:53:28,243, sessionIds=long[]{length=1, hash=33}, commandSequences=long[]{length=1, hash=85}, eventIndexes=long[]{length=1, hash=33}}}
02:53:28.279 [raft-server-2-state] TRACE i.a.p.s.impl.DefaultServiceExecutor - PrimitiveService{2}{type=io.atomix.protocols.raft.RaftTest$TestPrimitiveType@1c47fd5, name=raft-test} - Executing DefaultCommit{index=64, session=RaftSession{RaftServiceContext{server=2, type=io.atomix.protocols.raft.RaftTest$TestPrimitiveType@1c47fd5, name=raft-test, id=2}, session=2, timestamp=2018-06-09 02:53:28,049}, time=2018-06-09 02:53:28,049, operation=DefaultOperationId{id=write, type=COMMAND}, value=byte[]{length=17, hash=-1644578928}}
02:53:28.279 [raft-server-2] TRACE i.a.p.raft.roles.FollowerRole - RaftServer{2}{role=FOLLOWER} - Appended Indexed{index=65, entry=CommandEntry{term=1, timestamp=2018-06-09 02:53:28,216, session=2, sequence=55, operation=PrimitiveOperation{id=DefaultOperationId{id=write, type=COMMAND}, value=byte[]{length=17, hash=-1644578928}}}}
02:53:28.279 [raft-server-3] TRACE i.a.p.raft.roles.FollowerRole - RaftServer{3}{role=FOLLOWER} - Sending AppendResponse{status=OK, term=1, succeeded=true, lastLogIndex=66}
02:53:28.280 [raft-server-2] TRACE i.a.p.raft.roles.FollowerRole - RaftServer{2}{role=FOLLOWER} - Appended Indexed{index=66, entry=KeepAliveEntry{term=1, timestamp=2018-06-09 02:53:28,243, sessionIds=long[]{length=1, hash=33}, commandSequences=long[]{length=1, hash=85}, eventIndexes=long[]{length=1, hash=33}}}
02:53:28.280 [raft-server-3-state] TRACE i.a.p.raft.impl.RaftServiceManager - RaftServer{3} - Applying Indexed{index=64, entry=CommandEntry{term=1, timestamp=2018-06-09 02:53:28,049, session=2, sequence=54, operation=PrimitiveOperation{id=DefaultOperationId{id=write, type=COMMAND}, value=byte[]{length=17, hash=-1644578928}}}}
02:53:28.280 [raft-server-1] TRACE i.a.p.raft.roles.LeaderAppender - RaftServer{1} - Received AppendResponse{status=OK, term=1, succeeded=true, lastLogIndex=66} from 3
02:53:28.280 [raft-server-2] TRACE i.a.p.raft.roles.FollowerRole - RaftServer{2}{role=FOLLOWER} - Sending AppendResponse{status=OK, term=1, succeeded=true, lastLogIndex=66}
02:53:28.280 [raft-server-3-state] TRACE i.a.p.s.impl.DefaultServiceExecutor - PrimitiveService{2}{type=io.atomix.protocols.raft.RaftTest$TestPrimitiveType@30e8e4fb, name=raft-test} - Executing DefaultCommit{index=64, session=RaftSession{RaftServiceContext{server=3, type=io.atomix.protocols.raft.RaftTest$TestPrimitiveType@30e8e4fb, name=raft-test, id=2}, session=2, timestamp=2018-06-09 02:53:28,049}, time=2018-06-09 02:53:28,049, operation=DefaultOperationId{id=write, type=COMMAND}, value=byte[]{length=17, hash=-1644578928}}
02:53:28.280 [raft-server-1] TRACE i.a.p.raft.roles.LeaderAppender - RaftServer{1} - Committed entries up to 66
02:53:28.349 [raft-server-1] TRACE i.a.p.raft.roles.LeaderAppender - RaftServer{1} - Received AppendResponse{status=OK, term=1, succeeded=true, lastLogIndex=66} from 2
02:53:28.350 [raft-server-1-state] TRACE i.a.p.raft.impl.RaftServiceManager - RaftServer{1} - Applying Indexed{index=65, entry=CommandEntry{term=1, timestamp=2018-06-09 02:53:28,216, session=2, sequence=55, operation=PrimitiveOperation{id=DefaultOperationId{id=write, type=COMMAND}, value=byte[]{length=17, hash=-1644578928}}}}
02:53:28.350 [raft-server-1-state] TRACE i.a.p.s.impl.DefaultServiceExecutor - PrimitiveService{2}{type=io.atomix.protocols.raft.RaftTest$TestPrimitiveType@45397ff4, name=raft-test} - Executing DefaultCommit{index=65, session=RaftSession{RaftServiceContext{server=1, type=io.atomix.protocols.raft.RaftTest$TestPrimitiveType@45397ff4, name=raft-test, id=2}, session=2, timestamp=2018-06-09 02:53:28,216}, time=2018-06-09 02:53:28,216, operation=DefaultOperationId{id=write, type=COMMAND}, value=byte[]{length=17, hash=-1644578928}}
02:53:28.350 [raft-server-1-state] TRACE i.a.protocols.raft.roles.LeaderRole - RaftServer{1}{role=LEADER} - Sending CommandResponse{status=OK, index=65, eventIndex=2, result=byte[]{length=3, hash=34535}}
02:53:28.350 [raft-server-1-state] TRACE i.a.p.raft.impl.RaftServiceManager - RaftServer{1} - Applying Indexed{index=66, entry=KeepAliveEntry{term=1, timestamp=2018-06-09 02:53:28,243, sessionIds=long[]{length=1, hash=33}, commandSequences=long[]{length=1, hash=85}, eventIndexes=long[]{length=1, hash=33}}}
02:53:28.350 [raft-client-02319fd7-5003-4fac-b562-689b946eac2b-4] TRACE i.a.p.r.p.impl.RaftProxyConnection - ProxySession{2}{type=io.atomix.protocols.raft.RaftTest$TestPrimitiveType@35bfa1bb, name=raft-test} - Received CommandResponse{status=OK, index=65, eventIndex=2, result=byte[]{length=3, hash=34535}} from 1
02:53:28.350 [raft-client-02319fd7-5003-4fac-b562-689b946eac2b-4] TRACE i.a.p.r.p.impl.RaftProxySequencer - ProxySession{2}{type=io.atomix.protocols.raft.RaftTest$TestPrimitiveType@35bfa1bb, name=raft-test} - Completing response CommandResponse{status=OK, index=65, eventIndex=2, result=byte[]{length=3, hash=34535}}
02:53:28.350 [raft-server-1] TRACE i.a.protocols.raft.roles.LeaderRole - RaftServer{1}{role=LEADER} - Sending KeepAliveResponse{status=OK, leader=1, members=[1, 3, 2], sessionIds=long[]{length=1, hash=33}}
02:53:28.350 [raft-client-02319fd7-5003-4fac-b562-689b946eac2b-1] TRACE i.a.p.r.p.impl.RaftProxyConnection - RaftClient{02319fd7-5003-4fac-b562-689b946eac2b} - Received KeepAliveResponse{status=OK, leader=1, members=[1, 3, 2], sessionIds=long[]{length=1, hash=33}} from 1
02:53:28.350 [raft-client-02319fd7-5003-4fac-b562-689b946eac2b-6] TRACE i.a.p.r.p.impl.RaftProxyConnection - ProxySession{2}{type=io.atomix.protocols.raft.RaftTest$TestPrimitiveType@35bfa1bb, name=raft-test} - Sending CommandRequest{session=2, sequence=56, operation=PrimitiveOperation{id=DefaultOperationId{id=write, type=COMMAND}, value=byte[]{length=17, hash=-1644578928}}} to 1
02:53:28.350 [raft-server-1] TRACE i.a.protocols.raft.roles.LeaderRole - RaftServer{1}{role=LEADER} - Received CommandRequest{session=2, sequence=56, operation=PrimitiveOperation{id=DefaultOperationId{id=write, type=COMMAND}, value=byte[]{length=17, hash=-1644578928}}}
02:53:28.351 [raft-server-1] TRACE i.a.protocols.raft.roles.LeaderRole - RaftServer{1}{role=LEADER} - Appended Indexed{index=67, entry=CommandEntry{term=1, timestamp=2018-06-09 02:53:28,350, session=2, sequence=56, operation=PrimitiveOperation{id=DefaultOperationId{id=write, type=COMMAND}, value=byte[]{length=17, hash=-1644578928}}}}
02:53:28.351 [raft-server-1] TRACE i.a.p.raft.roles.LeaderAppender - RaftServer{1} - Sending AppendRequest{term=1, leader=1, prevLogIndex=66, prevLogTerm=1, entries=1, commitIndex=66} to 3
02:53:28.351 [raft-server-3] TRACE i.a.p.raft.roles.FollowerRole - RaftServer{3}{role=FOLLOWER} - Received AppendRequest{term=1, leader=1, prevLogIndex=66, prevLogTerm=1, entries=1, commitIndex=66}
02:53:28.351 [raft-server-1] TRACE i.a.p.raft.roles.LeaderAppender - RaftServer{1} - Sending AppendRequest{term=1, leader=1, prevLogIndex=66, prevLogTerm=1, entries=1, commitIndex=66} to 2
02:53:28.351 [raft-server-2] TRACE i.a.p.raft.roles.FollowerRole - RaftServer{2}{role=FOLLOWER} - Received AppendRequest{term=1, leader=1, prevLogIndex=66, prevLogTerm=1, entries=1, commitIndex=66}
02:53:28.351 [raft-server-3] TRACE i.a.p.raft.roles.FollowerRole - RaftServer{3}{role=FOLLOWER} - Appended Indexed{index=67, entry=CommandEntry{term=1, timestamp=2018-06-09 02:53:28,350, session=2, sequence=56, operation=PrimitiveOperation{id=DefaultOperationId{id=write, type=COMMAND}, value=byte[]{length=17, hash=-1644578928}}}}
02:53:28.351 [raft-server-2] TRACE i.a.p.raft.roles.FollowerRole - RaftServer{2}{role=FOLLOWER} - Appended Indexed{index=67, entry=CommandEntry{term=1, timestamp=2018-06-09 02:53:28,350, session=2, sequence=56, operation=PrimitiveOperation{id=DefaultOperationId{id=write, type=COMMAND}, value=byte[]{length=17, hash=-1644578928}}}}
02:53:28.473 [raft-server-3] TRACE i.a.p.raft.roles.FollowerRole - RaftServer{3}{role=FOLLOWER} - Committed entries up to index 66
02:53:28.473 [raft-server-2] TRACE i.a.p.raft.roles.FollowerRole - RaftServer{2}{role=FOLLOWER} - Committed entries up to index 66
02:53:28.474 [raft-server-3] TRACE i.a.p.raft.roles.FollowerRole - RaftServer{3}{role=FOLLOWER} - Sending AppendResponse{status=OK, term=1, succeeded=true, lastLogIndex=67}
02:53:28.474 [raft-server-2] TRACE i.a.p.raft.roles.FollowerRole - RaftServer{2}{role=FOLLOWER} - Sending AppendResponse{status=OK, term=1, succeeded=true, lastLogIndex=67}
02:53:28.474 [raft-server-1] TRACE i.a.p.raft.roles.LeaderAppender - RaftServer{1} - Received AppendResponse{status=OK, term=1, succeeded=true, lastLogIndex=67} from 3
02:53:28.474 [raft-server-1] TRACE i.a.p.raft.roles.LeaderAppender - RaftServer{1} - Committed entries up to 67
02:53:28.474 [raft-server-3-state] TRACE i.a.p.raft.impl.RaftServiceManager - RaftServer{3} - Applying Indexed{index=65, entry=CommandEntry{term=1, timestamp=2018-06-09 02:53:28,216, session=2, sequence=55, operation=PrimitiveOperation{id=DefaultOperationId{id=write, type=COMMAND}, value=byte[]{length=17, hash=-1644578928}}}}
02:53:28.474 [raft-server-2-state] TRACE i.a.p.raft.impl.RaftServiceManager - RaftServer{2} - Applying Indexed{index=65, entry=CommandEntry{term=1, timestamp=2018-06-09 02:53:28,216, session=2, sequence=55, operation=PrimitiveOperation{id=DefaultOperationId{id=write, type=COMMAND}, value=byte[]{length=17, hash=-1644578928}}}}
02:53:28.474 [raft-server-3-state] TRACE i.a.p.s.impl.DefaultServiceExecutor - PrimitiveService{2}{type=io.atomix.protocols.raft.RaftTest$TestPrimitiveType@30e8e4fb, name=raft-test} - Executing DefaultCommit{index=65, session=RaftSession{RaftServiceContext{server=3, type=io.atomix.protocols.raft.RaftTest$TestPrimitiveType@30e8e4fb, name=raft-test, id=2}, session=2, timestamp=2018-06-09 02:53:28,216}, time=2018-06-09 02:53:28,216, operation=DefaultOperationId{id=write, type=COMMAND}, value=byte[]{length=17, hash=-1644578928}}
02:53:28.474 [raft-server-2-state] TRACE i.a.p.s.impl.DefaultServiceExecutor - PrimitiveService{2}{type=io.atomix.protocols.raft.RaftTest$TestPrimitiveType@1c47fd5, name=raft-test} - Executing DefaultCommit{index=65, session=RaftSession{RaftServiceContext{server=2, type=io.atomix.protocols.raft.RaftTest$TestPrimitiveType@1c47fd5, name=raft-test, id=2}, session=2, timestamp=2018-06-09 02:53:28,216}, time=2018-06-09 02:53:28,216, operation=DefaultOperationId{id=write, type=COMMAND}, value=byte[]{length=17, hash=-1644578928}}
02:53:28.474 [raft-server-3-state] TRACE i.a.p.raft.impl.RaftServiceManager - RaftServer{3} - Applying Indexed{index=66, entry=KeepAliveEntry{term=1, timestamp=2018-06-09 02:53:28,243, sessionIds=long[]{length=1, hash=33}, commandSequences=long[]{length=1, hash=85}, eventIndexes=long[]{length=1, hash=33}}}
02:53:28.474 [raft-server-2-state] TRACE i.a.p.raft.impl.RaftServiceManager - RaftServer{2} - Applying Indexed{index=66, entry=KeepAliveEntry{term=1, timestamp=2018-06-09 02:53:28,243, sessionIds=long[]{length=1, hash=33}, commandSequences=long[]{length=1, hash=85}, eventIndexes=long[]{length=1, hash=33}}}
02:53:28.581 [raft-server-1] TRACE i.a.p.raft.roles.LeaderAppender - RaftServer{1} - Sending AppendRequest{term=1, leader=1, prevLogIndex=67, prevLogTerm=1, entries=0, commitIndex=67} to 3
02:53:28.581 [raft-server-1] TRACE i.a.p.raft.roles.LeaderAppender - RaftServer{1} - Received AppendResponse{status=OK, term=1, succeeded=true, lastLogIndex=67} from 2
02:53:28.581 [raft-server-3] TRACE i.a.p.raft.roles.FollowerRole - RaftServer{3}{role=FOLLOWER} - Received AppendRequest{term=1, leader=1, prevLogIndex=67, prevLogTerm=1, entries=0, commitIndex=67}
02:53:28.582 [raft-server-1] TRACE i.a.p.raft.roles.LeaderAppender - RaftServer{1} - Sending AppendRequest{term=1, leader=1, prevLogIndex=67, prevLogTerm=1, entries=0, commitIndex=67} to 2
02:53:28.582 [raft-server-2] TRACE i.a.p.raft.roles.FollowerRole - RaftServer{2}{role=FOLLOWER} - Received AppendRequest{term=1, leader=1, prevLogIndex=67, prevLogTerm=1, entries=0, commitIndex=67}
02:53:28.582 [raft-server-1-state] TRACE i.a.p.raft.impl.RaftServiceManager - RaftServer{1} - Applying Indexed{index=67, entry=CommandEntry{term=1, timestamp=2018-06-09 02:53:28,350, session=2, sequence=56, operation=PrimitiveOperation{id=DefaultOperationId{id=write, type=COMMAND}, value=byte[]{length=17, hash=-1644578928}}}}
02:53:28.582 [raft-server-1-state] TRACE i.a.p.s.impl.DefaultServiceExecutor - PrimitiveService{2}{type=io.atomix.protocols.raft.RaftTest$TestPrimitiveType@45397ff4, name=raft-test} - Executing DefaultCommit{index=67, session=RaftSession{RaftServiceContext{server=1, type=io.atomix.protocols.raft.RaftTest$TestPrimitiveType@45397ff4, name=raft-test, id=2}, session=2, timestamp=2018-06-09 02:53:28,350}, time=2018-06-09 02:53:28,350, operation=DefaultOperationId{id=write, type=COMMAND}, value=byte[]{length=17, hash=-1644578928}}
02:53:28.582 [raft-server-1-state] TRACE i.a.protocols.raft.roles.LeaderRole - RaftServer{1}{role=LEADER} - Sending CommandResponse{status=OK, index=67, eventIndex=2, result=byte[]{length=3, hash=34659}}
02:53:28.582 [raft-client-02319fd7-5003-4fac-b562-689b946eac2b-7] TRACE i.a.p.r.p.impl.RaftProxyConnection - ProxySession{2}{type=io.atomix.protocols.raft.RaftTest$TestPrimitiveType@35bfa1bb, name=raft-test} - Received CommandResponse{status=OK, index=67, eventIndex=2, result=byte[]{length=3, hash=34659}} from 1
02:53:28.582 [raft-client-02319fd7-5003-4fac-b562-689b946eac2b-7] TRACE i.a.p.r.p.impl.RaftProxySequencer - ProxySession{2}{type=io.atomix.protocols.raft.RaftTest$TestPrimitiveType@35bfa1bb, name=raft-test} - Completing response CommandResponse{status=OK, index=67, eventIndex=2, result=byte[]{length=3, hash=34659}}
02:53:28.583 [raft-client-02319fd7-5003-4fac-b562-689b946eac2b-4] TRACE i.a.p.r.p.impl.RaftProxyConnection - ProxySession{2}{type=io.atomix.protocols.raft.RaftTest$TestPrimitiveType@35bfa1bb, name=raft-test} - Sending CommandRequest{session=2, sequence=57, operation=PrimitiveOperation{id=DefaultOperationId{id=write, type=COMMAND}, value=byte[]{length=17, hash=-1644578928}}} to 1
02:53:28.583 [raft-server-1] TRACE i.a.protocols.raft.roles.LeaderRole - RaftServer{1}{role=LEADER} - Received CommandRequest{session=2, sequence=57, operation=PrimitiveOperation{id=DefaultOperationId{id=write, type=COMMAND}, value=byte[]{length=17, hash=-1644578928}}}
02:53:28.583 [raft-server-1] TRACE i.a.protocols.raft.roles.LeaderRole - RaftServer{1}{role=LEADER} - Appended Indexed{index=68, entry=CommandEntry{term=1, timestamp=2018-06-09 02:53:28,583, session=2, sequence=57, operation=PrimitiveOperation{id=DefaultOperationId{id=write, type=COMMAND}, value=byte[]{length=17, hash=-1644578928}}}}
02:53:28.634 [raft-server-1] TRACE i.a.p.raft.roles.LeaderAppender - RaftServer{1} - Sending AppendRequest{term=1, leader=1, prevLogIndex=67, prevLogTerm=1, entries=1, commitIndex=67} to 3
02:53:28.754 [raft-server-3] TRACE i.a.p.raft.roles.FollowerRole - RaftServer{3}{role=FOLLOWER} - Committed entries up to index 67
02:53:28.754 [raft-server-3] TRACE i.a.p.raft.roles.FollowerRole - RaftServer{3}{role=FOLLOWER} - Sending AppendResponse{status=OK, term=1, succeeded=true, lastLogIndex=67}
02:53:28.754 [raft-server-3] TRACE i.a.p.raft.roles.FollowerRole - RaftServer{3}{role=FOLLOWER} - Received AppendRequest{term=1, leader=1, prevLogIndex=67, prevLogTerm=1, entries=1, commitIndex=67}
02:53:28.754 [raft-server-1] TRACE i.a.p.raft.roles.LeaderAppender - RaftServer{1} - Received AppendResponse{status=OK, term=1, succeeded=true, lastLogIndex=67} from 3
02:53:28.754 [raft-server-1] TRACE i.a.p.raft.roles.LeaderAppender - RaftServer{1} - Sending AppendRequest{term=1, leader=1, prevLogIndex=67, prevLogTerm=1, entries=1, commitIndex=67} to 2
02:53:28.754 [raft-server-3] TRACE i.a.p.raft.roles.FollowerRole - RaftServer{3}{role=FOLLOWER} - Appended Indexed{index=68, entry=CommandEntry{term=1, timestamp=2018-06-09 02:53:28,583, session=2, sequence=57, operation=PrimitiveOperation{id=DefaultOperationId{id=write, type=COMMAND}, value=byte[]{length=17, hash=-1644578928}}}}
02:53:28.754 [raft-server-3] TRACE i.a.p.raft.roles.FollowerRole - RaftServer{3}{role=FOLLOWER} - Sending AppendResponse{status=OK, term=1, succeeded=true, lastLogIndex=68}
02:53:28.754 [raft-server-1] TRACE i.a.p.raft.roles.LeaderAppender - RaftServer{1} - Received AppendResponse{status=OK, term=1, succeeded=true, lastLogIndex=68} from 3
02:53:28.754 [raft-server-3-state] TRACE i.a.p.raft.impl.RaftServiceManager - RaftServer{3} - Applying Indexed{index=67, entry=CommandEntry{term=1, timestamp=2018-06-09 02:53:28,350, session=2, sequence=56, operation=PrimitiveOperation{id=DefaultOperationId{id=write, type=COMMAND}, value=byte[]{length=17, hash=-1644578928}}}}
02:53:28.754 [raft-server-1] TRACE i.a.p.raft.roles.LeaderAppender - RaftServer{1} - Committed entries up to 68
02:53:28.754 [raft-server-3-state] TRACE i.a.p.s.impl.DefaultServiceExecutor - PrimitiveService{2}{type=io.atomix.protocols.raft.RaftTest$TestPrimitiveType@30e8e4fb, name=raft-test} - Executing DefaultCommit{index=67, session=RaftSession{RaftServiceContext{server=3, type=io.atomix.protocols.raft.RaftTest$TestPrimitiveType@30e8e4fb, name=raft-test, id=2}, session=2, timestamp=2018-06-09 02:53:28,350}, time=2018-06-09 02:53:28,350, operation=DefaultOperationId{id=write, type=COMMAND}, value=byte[]{length=17, hash=-1644578928}}
02:53:28.837 [raft-server-2] TRACE i.a.p.raft.roles.FollowerRole - RaftServer{2}{role=FOLLOWER} - Committed entries up to index 67
02:53:28.837 [raft-server-2] TRACE i.a.p.raft.roles.FollowerRole - RaftServer{2}{role=FOLLOWER} - Sending AppendResponse{status=OK, term=1, succeeded=true, lastLogIndex=67}
02:53:28.837 [raft-server-2] TRACE i.a.p.raft.roles.FollowerRole - RaftServer{2}{role=FOLLOWER} - Received AppendRequest{term=1, leader=1, prevLogIndex=67, prevLogTerm=1, entries=1, commitIndex=67}
02:53:28.837 [raft-server-2] TRACE i.a.p.raft.roles.FollowerRole - RaftServer{2}{role=FOLLOWER} - Appended Indexed{index=68, entry=CommandEntry{term=1, timestamp=2018-06-09 02:53:28,583, session=2, sequence=57, operation=PrimitiveOperation{id=DefaultOperationId{id=write, type=COMMAND}, value=byte[]{length=17, hash=-1644578928}}}}
02:53:28.837 [raft-server-2] TRACE i.a.p.raft.roles.FollowerRole - RaftServer{2}{role=FOLLOWER} - Sending AppendResponse{status=OK, term=1, succeeded=true, lastLogIndex=68}
02:53:28.838 [raft-server-2-state] TRACE i.a.p.raft.impl.RaftServiceManager - RaftServer{2} - Applying Indexed{index=67, entry=CommandEntry{term=1, timestamp=2018-06-09 02:53:28,350, session=2, sequence=56, operation=PrimitiveOperation{id=DefaultOperationId{id=write, type=COMMAND}, value=byte[]{length=17, hash=-1644578928}}}}
02:53:28.838 [raft-server-2-state] TRACE i.a.p.s.impl.DefaultServiceExecutor - PrimitiveService{2}{type=io.atomix.protocols.raft.RaftTest$TestPrimitiveType@1c47fd5, name=raft-test} - Executing DefaultCommit{index=67, session=RaftSession{RaftServiceContext{server=2, type=io.atomix.protocols.raft.RaftTest$TestPrimitiveType@1c47fd5, name=raft-test, id=2}, session=2, timestamp=2018-06-09 02:53:28,350}, time=2018-06-09 02:53:28,350, operation=DefaultOperationId{id=write, type=COMMAND}, value=byte[]{length=17, hash=-1644578928}}
02:53:28.920 [raft-server-1] TRACE i.a.p.raft.roles.LeaderAppender - RaftServer{1} - Sending AppendRequest{term=1, leader=1, prevLogIndex=68, prevLogTerm=1, entries=0, commitIndex=68} to 3
02:53:28.920 [raft-server-1] TRACE i.a.p.raft.roles.LeaderAppender - RaftServer{1} - Received AppendResponse{status=OK, term=1, succeeded=true, lastLogIndex=67} from 2
02:53:28.920 [raft-server-3] TRACE i.a.p.raft.roles.FollowerRole - RaftServer{3}{role=FOLLOWER} - Received AppendRequest{term=1, leader=1, prevLogIndex=68, prevLogTerm=1, entries=0, commitIndex=68}
02:53:28.921 [raft-server-1] TRACE i.a.p.raft.roles.LeaderAppender - RaftServer{1} - Received AppendResponse{status=OK, term=1, succeeded=true, lastLogIndex=68} from 2
02:53:28.921 [raft-server-1] TRACE i.a.p.raft.roles.LeaderAppender - RaftServer{1} - Sending AppendRequest{term=1, leader=1, prevLogIndex=68, prevLogTerm=1, entries=0, commitIndex=68} to 2
02:53:28.921 [raft-server-2] TRACE i.a.p.raft.roles.FollowerRole - RaftServer{2}{role=FOLLOWER} - Received AppendRequest{term=1, leader=1, prevLogIndex=68, prevLogTerm=1, entries=0, commitIndex=68}
02:53:28.921 [raft-server-1-state] TRACE i.a.p.raft.impl.RaftServiceManager - RaftServer{1} - Applying Indexed{index=68, entry=CommandEntry{term=1, timestamp=2018-06-09 02:53:28,583, session=2, sequence=57, operation=PrimitiveOperation{id=DefaultOperationId{id=write, type=COMMAND}, value=byte[]{length=17, hash=-1644578928}}}}
02:53:28.921 [raft-server-1-state] TRACE i.a.p.s.impl.DefaultServiceExecutor - PrimitiveService{2}{type=io.atomix.protocols.raft.RaftTest$TestPrimitiveType@45397ff4, name=raft-test} - Executing DefaultCommit{index=68, session=RaftSession{RaftServiceContext{server=1, type=io.atomix.protocols.raft.RaftTest$TestPrimitiveType@45397ff4, name=raft-test, id=2}, session=2, timestamp=2018-06-09 02:53:28,583}, time=2018-06-09 02:53:28,583, operation=DefaultOperationId{id=write, type=COMMAND}, value=byte[]{length=17, hash=-1644578928}}
02:53:28.921 [raft-server-1-state] TRACE i.a.protocols.raft.roles.LeaderRole - RaftServer{1}{role=LEADER} - Sending CommandResponse{status=OK, index=68, eventIndex=2, result=byte[]{length=3, hash=34721}}
02:53:28.921 [raft-client-02319fd7-5003-4fac-b562-689b946eac2b-5] TRACE i.a.p.r.p.impl.RaftProxyConnection - ProxySession{2}{type=io.atomix.protocols.raft.RaftTest$TestPrimitiveType@35bfa1bb, name=raft-test} - Received CommandResponse{status=OK, index=68, eventIndex=2, result=byte[]{length=3, hash=34721}} from 1
02:53:28.921 [raft-client-02319fd7-5003-4fac-b562-689b946eac2b-5] TRACE i.a.p.r.p.impl.RaftProxySequencer - ProxySession{2}{type=io.atomix.protocols.raft.RaftTest$TestPrimitiveType@35bfa1bb, name=raft-test} - Completing response CommandResponse{status=OK, index=68, eventIndex=2, result=byte[]{length=3, hash=34721}}
02:53:28.922 [raft-client-02319fd7-5003-4fac-b562-689b946eac2b-0] TRACE i.a.p.r.p.impl.RaftProxyConnection - ProxySession{2}{type=io.atomix.protocols.raft.RaftTest$TestPrimitiveType@35bfa1bb, name=raft-test} - Sending CommandRequest{session=2, sequence=58, operation=PrimitiveOperation{id=DefaultOperationId{id=write, type=COMMAND}, value=byte[]{length=17, hash=-1644578928}}} to 1
02:53:28.922 [raft-server-1] TRACE i.a.protocols.raft.roles.LeaderRole - RaftServer{1}{role=LEADER} - Received CommandRequest{session=2, sequence=58, operation=PrimitiveOperation{id=DefaultOperationId{id=write, type=COMMAND}, value=byte[]{length=17, hash=-1644578928}}}
02:53:28.922 [raft-server-1] TRACE i.a.protocols.raft.roles.LeaderRole - RaftServer{1}{role=LEADER} - Appended Indexed{index=69, entry=CommandEntry{term=1, timestamp=2018-06-09 02:53:28,922, session=2, sequence=58, operation=PrimitiveOperation{id=DefaultOperationId{id=write, type=COMMAND}, value=byte[]{length=17, hash=-1644578928}}}}
02:53:29.006 [raft-server-3] TRACE i.a.p.raft.roles.FollowerRole - RaftServer{3}{role=FOLLOWER} - Committed entries up to index 68
02:53:29.006 [raft-server-2] TRACE i.a.p.raft.roles.FollowerRole - RaftServer{2}{role=FOLLOWER} - Committed entries up to index 68
02:53:29.006 [raft-server-3] TRACE i.a.p.raft.roles.FollowerRole - RaftServer{3}{role=FOLLOWER} - Sending AppendResponse{status=OK, term=1, succeeded=true, lastLogIndex=68}
02:53:29.006 [raft-server-2] TRACE i.a.p.raft.roles.FollowerRole - RaftServer{2}{role=FOLLOWER} - Sending AppendResponse{status=OK, term=1, succeeded=true, lastLogIndex=68}
02:53:29.006 [raft-server-1] TRACE i.a.p.raft.roles.LeaderAppender - RaftServer{1} - Received AppendResponse{status=OK, term=1, succeeded=true, lastLogIndex=68} from 3
02:53:29.007 [raft-server-1] TRACE i.a.p.raft.roles.LeaderAppender - RaftServer{1} - Sending AppendRequest{term=1, leader=1, prevLogIndex=68, prevLogTerm=1, entries=1, commitIndex=68} to 3
02:53:29.007 [raft-server-2-state] TRACE i.a.p.raft.impl.RaftServiceManager - RaftServer{2} - Applying Indexed{index=68, entry=CommandEntry{term=1, timestamp=2018-06-09 02:53:28,583, session=2, sequence=57, operation=PrimitiveOperation{id=DefaultOperationId{id=write, type=COMMAND}, value=byte[]{length=17, hash=-1644578928}}}}
02:53:29.007 [raft-server-3-state] TRACE i.a.p.raft.impl.RaftServiceManager - RaftServer{3} - Applying Indexed{index=68, entry=CommandEntry{term=1, timestamp=2018-06-09 02:53:28,583, session=2, sequence=57, operation=PrimitiveOperation{id=DefaultOperationId{id=write, type=COMMAND}, value=byte[]{length=17, hash=-1644578928}}}}
02:53:29.007 [raft-server-1] TRACE i.a.p.raft.roles.LeaderAppender - RaftServer{1} - Sending AppendRequest{term=1, leader=1, prevLogIndex=68, prevLogTerm=1, entries=1, commitIndex=68} to 2
02:53:29.007 [raft-server-2-state] TRACE i.a.p.s.impl.DefaultServiceExecutor - PrimitiveService{2}{type=io.atomix.protocols.raft.RaftTest$TestPrimitiveType@1c47fd5, name=raft-test} - Executing DefaultCommit{index=68, session=RaftSession{RaftServiceContext{server=2, type=io.atomix.protocols.raft.RaftTest$TestPrimitiveType@1c47fd5, name=raft-test, id=2}, session=2, timestamp=2018-06-09 02:53:28,583}, time=2018-06-09 02:53:28,583, operation=DefaultOperationId{id=write, type=COMMAND}, value=byte[]{length=17, hash=-1644578928}}
02:53:29.007 [raft-server-1] TRACE i.a.p.raft.roles.LeaderAppender - RaftServer{1} - Received AppendResponse{status=OK, term=1, succeeded=true, lastLogIndex=68} from 2
02:53:29.007 [raft-server-3-state] TRACE i.a.p.s.impl.DefaultServiceExecutor - PrimitiveService{2}{type=io.atomix.protocols.raft.RaftTest$TestPrimitiveType@30e8e4fb, name=raft-test} - Executing DefaultCommit{index=68, session=RaftSession{RaftServiceContext{server=3, type=io.atomix.protocols.raft.RaftTest$TestPrimitiveType@30e8e4fb, name=raft-test, id=2}, session=2, timestamp=2018-06-09 02:53:28,583}, time=2018-06-09 02:53:28,583, operation=DefaultOperationId{id=write, type=COMMAND}, value=byte[]{length=17, hash=-1644578928}}
02:53:29.007 [raft-server-2] TRACE i.a.p.raft.roles.FollowerRole - RaftServer{2}{role=FOLLOWER} - Received AppendRequest{term=1, leader=1, prevLogIndex=68, prevLogTerm=1, entries=1, commitIndex=68}
02:53:29.007 [raft-server-3] TRACE i.a.p.raft.roles.FollowerRole - RaftServer{3}{role=FOLLOWER} - Received AppendRequest{term=1, leader=1, prevLogIndex=68, prevLogTerm=1, entries=1, commitIndex=68}
02:53:29.007 [raft-server-2] TRACE i.a.p.raft.roles.FollowerRole - RaftServer{2}{role=FOLLOWER} - Appended Indexed{index=69, entry=CommandEntry{term=1, timestamp=2018-06-09 02:53:28,922, session=2, sequence=58, operation=PrimitiveOperation{id=DefaultOperationId{id=write, type=COMMAND}, value=byte[]{length=17, hash=-1644578928}}}}
02:53:29.007 [raft-server-3] TRACE i.a.p.raft.roles.FollowerRole - RaftServer{3}{role=FOLLOWER} - Appended Indexed{index=69, entry=CommandEntry{term=1, timestamp=2018-06-09 02:53:28,922, session=2, sequence=58, operation=PrimitiveOperation{id=DefaultOperationId{id=write, type=COMMAND}, value=byte[]{length=17, hash=-1644578928}}}}
02:53:29.007 [raft-server-2] TRACE i.a.p.raft.roles.FollowerRole - RaftServer{2}{role=FOLLOWER} - Sending AppendResponse{status=OK, term=1, succeeded=true, lastLogIndex=69}
02:53:29.007 [raft-server-3] TRACE i.a.p.raft.roles.FollowerRole - RaftServer{3}{role=FOLLOWER} - Sending AppendResponse{status=OK, term=1, succeeded=true, lastLogIndex=69}
02:53:29.007 [raft-server-1] TRACE i.a.p.raft.roles.LeaderAppender - RaftServer{1} - Received AppendResponse{status=OK, term=1, succeeded=true, lastLogIndex=69} from 2
02:53:29.007 [raft-server-1] TRACE i.a.p.raft.roles.LeaderAppender - RaftServer{1} - Committed entries up to 69
02:53:29.080 [raft-server-1] TRACE i.a.p.raft.roles.LeaderAppender - RaftServer{1} - Received AppendResponse{status=OK, term=1, succeeded=true, lastLogIndex=69} from 3
02:53:29.080 [raft-server-1-state] TRACE i.a.p.raft.impl.RaftServiceManager - RaftServer{1} - Applying Indexed{index=69, entry=CommandEntry{term=1, timestamp=2018-06-09 02:53:28,922, session=2, sequence=58, operation=PrimitiveOperation{id=DefaultOperationId{id=write, type=COMMAND}, value=byte[]{length=17, hash=-1644578928}}}}
02:53:29.081 [raft-server-1-state] TRACE i.a.p.s.impl.DefaultServiceExecutor - PrimitiveService{2}{type=io.atomix.protocols.raft.RaftTest$TestPrimitiveType@45397ff4, name=raft-test} - Executing DefaultCommit{index=69, session=RaftSession{RaftServiceContext{server=1, type=io.atomix.protocols.raft.RaftTest$TestPrimitiveType@45397ff4, name=raft-test, id=2}, session=2, timestamp=2018-06-09 02:53:28,922}, time=2018-06-09 02:53:28,922, operation=DefaultOperationId{id=write, type=COMMAND}, value=byte[]{length=17, hash=-1644578928}}
02:53:29.081 [raft-server-1-state] TRACE i.a.protocols.raft.roles.LeaderRole - RaftServer{1}{role=LEADER} - Sending CommandResponse{status=OK, index=69, eventIndex=2, result=byte[]{length=3, hash=34783}}
02:53:29.081 [raft-client-02319fd7-5003-4fac-b562-689b946eac2b-1] TRACE i.a.p.r.p.impl.RaftProxyConnection - ProxySession{2}{type=io.atomix.protocols.raft.RaftTest$TestPrimitiveType@35bfa1bb, name=raft-test} - Received CommandResponse{status=OK, index=69, eventIndex=2, result=byte[]{length=3, hash=34783}} from 1
02:53:29.081 [raft-client-02319fd7-5003-4fac-b562-689b946eac2b-1] TRACE i.a.p.r.p.impl.RaftProxySequencer - ProxySession{2}{type=io.atomix.protocols.raft.RaftTest$TestPrimitiveType@35bfa1bb, name=raft-test} - Completing response CommandResponse{status=OK, index=69, eventIndex=2, result=byte[]{length=3, hash=34783}}
02:53:29.081 [raft-client-02319fd7-5003-4fac-b562-689b946eac2b-2] TRACE i.a.p.r.p.impl.RaftProxyConnection - ProxySession{2}{type=io.atomix.protocols.raft.RaftTest$TestPrimitiveType@35bfa1bb, name=raft-test} - Sending CommandRequest{session=2, sequence=59, operation=PrimitiveOperation{id=DefaultOperationId{id=write, type=COMMAND}, value=byte[]{length=17, hash=-1644578928}}} to 1
02:53:29.081 [raft-server-1] TRACE i.a.protocols.raft.roles.LeaderRole - RaftServer{1}{role=LEADER} - Received CommandRequest{session=2, sequence=59, operation=PrimitiveOperation{id=DefaultOperationId{id=write, type=COMMAND}, value=byte[]{length=17, hash=-1644578928}}}
02:53:29.081 [raft-server-1] TRACE i.a.protocols.raft.roles.LeaderRole - RaftServer{1}{role=LEADER} - Appended Indexed{index=70, entry=CommandEntry{term=1, timestamp=2018-06-09 02:53:29,081, session=2, sequence=59, operation=PrimitiveOperation{id=DefaultOperationId{id=write, type=COMMAND}, value=byte[]{length=17, hash=-1644578928}}}}
02:53:29.082 [raft-server-1] TRACE i.a.p.raft.roles.LeaderAppender - RaftServer{1} - Sending AppendRequest{term=1, leader=1, prevLogIndex=69, prevLogTerm=1, entries=1, commitIndex=69} to 3
02:53:29.082 [raft-server-3] TRACE i.a.p.raft.roles.FollowerRole - RaftServer{3}{role=FOLLOWER} - Received AppendRequest{term=1, leader=1, prevLogIndex=69, prevLogTerm=1, entries=1, commitIndex=69}
02:53:29.082 [raft-server-1] TRACE i.a.p.raft.roles.LeaderAppender - RaftServer{1} - Sending AppendRequest{term=1, leader=1, prevLogIndex=69, prevLogTerm=1, entries=1, commitIndex=69} to 2
02:53:29.082 [raft-server-2] TRACE i.a.p.raft.roles.FollowerRole - RaftServer{2}{role=FOLLOWER} - Received AppendRequest{term=1, leader=1, prevLogIndex=69, prevLogTerm=1, entries=1, commitIndex=69}
02:53:29.082 [raft-server-3] TRACE i.a.p.raft.roles.FollowerRole - RaftServer{3}{role=FOLLOWER} - Appended Indexed{index=70, entry=CommandEntry{term=1, timestamp=2018-06-09 02:53:29,081, session=2, sequence=59, operation=PrimitiveOperation{id=DefaultOperationId{id=write, type=COMMAND}, value=byte[]{length=17, hash=-1644578928}}}}
02:53:29.082 [raft-server-2] TRACE i.a.p.raft.roles.FollowerRole - RaftServer{2}{role=FOLLOWER} - Appended Indexed{index=70, entry=CommandEntry{term=1, timestamp=2018-06-09 02:53:29,081, session=2, sequence=59, operation=PrimitiveOperation{id=DefaultOperationId{id=write, type=COMMAND}, value=byte[]{length=17, hash=-1644578928}}}}
02:53:29.154 [raft-server-2] TRACE i.a.p.raft.roles.FollowerRole - RaftServer{2}{role=FOLLOWER} - Committed entries up to index 69
02:53:29.154 [raft-server-2] TRACE i.a.p.raft.roles.FollowerRole - RaftServer{2}{role=FOLLOWER} - Sending AppendResponse{status=OK, term=1, succeeded=true, lastLogIndex=70}
02:53:29.154 [raft-server-1] TRACE i.a.p.raft.roles.LeaderAppender - RaftServer{1} - Received AppendResponse{status=OK, term=1, succeeded=true, lastLogIndex=70} from 2
02:53:29.154 [raft-server-1] TRACE i.a.p.raft.roles.LeaderAppender - RaftServer{1} - Committed entries up to 70
02:53:29.154 [raft-server-3] TRACE i.a.p.raft.roles.FollowerRole - RaftServer{3}{role=FOLLOWER} - Committed entries up to index 69
02:53:29.154 [raft-server-3] TRACE i.a.p.raft.roles.FollowerRole - RaftServer{3}{role=FOLLOWER} - Sending AppendResponse{status=OK, term=1, succeeded=true, lastLogIndex=70}
02:53:29.154 [raft-server-2-state] TRACE i.a.p.raft.impl.RaftServiceManager - RaftServer{2} - Applying Indexed{index=69, entry=CommandEntry{term=1, timestamp=2018-06-09 02:53:28,922, session=2, sequence=58, operation=PrimitiveOperation{id=DefaultOperationId{id=write, type=COMMAND}, value=byte[]{length=17, hash=-1644578928}}}}
02:53:29.154 [raft-server-3-state] TRACE i.a.p.raft.impl.RaftServiceManager - RaftServer{3} - Applying Indexed{index=69, entry=CommandEntry{term=1, timestamp=2018-06-09 02:53:28,922, session=2, sequence=58, operation=PrimitiveOperation{id=DefaultOperationId{id=write, type=COMMAND}, value=byte[]{length=17, hash=-1644578928}}}}
02:53:29.154 [raft-server-2-state] TRACE i.a.p.s.impl.DefaultServiceExecutor - PrimitiveService{2}{type=io.atomix.protocols.raft.RaftTest$TestPrimitiveType@1c47fd5, name=raft-test} - Executing DefaultCommit{index=69, session=RaftSession{RaftServiceContext{server=2, type=io.atomix.protocols.raft.RaftTest$TestPrimitiveType@1c47fd5, name=raft-test, id=2}, session=2, timestamp=2018-06-09 02:53:28,922}, time=2018-06-09 02:53:28,922, operation=DefaultOperationId{id=write, type=COMMAND}, value=byte[]{length=17, hash=-1644578928}}
02:53:29.154 [raft-server-3-state] TRACE i.a.p.s.impl.DefaultServiceExecutor - PrimitiveService{2}{type=io.atomix.protocols.raft.RaftTest$TestPrimitiveType@30e8e4fb, name=raft-test} - Executing DefaultCommit{index=69, session=RaftSession{RaftServiceContext{server=3, type=io.atomix.protocols.raft.RaftTest$TestPrimitiveType@30e8e4fb, name=raft-test, id=2}, session=2, timestamp=2018-06-09 02:53:28,922}, time=2018-06-09 02:53:28,922, operation=DefaultOperationId{id=write, type=COMMAND}, value=byte[]{length=17, hash=-1644578928}}
02:53:29.230 [raft-server-1] TRACE i.a.p.raft.roles.LeaderAppender - RaftServer{1} - Sending AppendRequest{term=1, leader=1, prevLogIndex=70, prevLogTerm=1, entries=0, commitIndex=70} to 2
02:53:29.231 [raft-server-1] TRACE i.a.p.raft.roles.LeaderAppender - RaftServer{1} - Received AppendResponse{status=OK, term=1, succeeded=true, lastLogIndex=70} from 3
02:53:29.231 [raft-server-2] TRACE i.a.p.raft.roles.FollowerRole - RaftServer{2}{role=FOLLOWER} - Received AppendRequest{term=1, leader=1, prevLogIndex=70, prevLogTerm=1, entries=0, commitIndex=70}
02:53:29.231 [raft-server-1] TRACE i.a.p.raft.roles.LeaderAppender - RaftServer{1} - Sending AppendRequest{term=1, leader=1, prevLogIndex=70, prevLogTerm=1, entries=0, commitIndex=70} to 3
02:53:29.231 [raft-server-3] TRACE i.a.p.raft.roles.FollowerRole - RaftServer{3}{role=FOLLOWER} - Received AppendRequest{term=1, leader=1, prevLogIndex=70, prevLogTerm=1, entries=0, commitIndex=70}
02:53:29.231 [raft-server-3] TRACE i.a.p.raft.roles.FollowerRole - RaftServer{3}{role=FOLLOWER} - Committed entries up to index 70
02:53:29.231 [raft-server-3] TRACE i.a.p.raft.roles.FollowerRole - RaftServer{3}{role=FOLLOWER} - Sending AppendResponse{status=OK, term=1, succeeded=true, lastLogIndex=70}
02:53:29.231 [raft-server-1-state] TRACE i.a.p.raft.impl.RaftServiceManager - RaftServer{1} - Applying Indexed{index=70, entry=CommandEntry{term=1, timestamp=2018-06-09 02:53:29,081, session=2, sequence=59, operation=PrimitiveOperation{id=DefaultOperationId{id=write, type=COMMAND}, value=byte[]{length=17, hash=-1644578928}}}}
02:53:29.231 [raft-server-1] TRACE i.a.p.raft.roles.LeaderAppender - RaftServer{1} - Received AppendResponse{status=OK, term=1, succeeded=true, lastLogIndex=70} from 3
02:53:29.231 [raft-server-1-state] TRACE i.a.p.s.impl.DefaultServiceExecutor - PrimitiveService{2}{type=io.atomix.protocols.raft.RaftTest$TestPrimitiveType@45397ff4, name=raft-test} - Executing DefaultCommit{index=70, session=RaftSession{RaftServiceContext{server=1, type=io.atomix.protocols.raft.RaftTest$TestPrimitiveType@45397ff4, name=raft-test, id=2}, session=2, timestamp=2018-06-09 02:53:29,081}, time=2018-06-09 02:53:29,081, operation=DefaultOperationId{id=write, type=COMMAND}, value=byte[]{length=17, hash=-1644578928}}
02:53:29.231 [raft-server-3-state] TRACE i.a.p.raft.impl.RaftServiceManager - RaftServer{3} - Applying Indexed{index=70, entry=CommandEntry{term=1, timestamp=2018-06-09 02:53:29,081, session=2, sequence=59, operation=PrimitiveOperation{id=DefaultOperationId{id=write, type=COMMAND}, value=byte[]{length=17, hash=-1644578928}}}}
02:53:29.231 [raft-server-3-state] TRACE i.a.p.s.impl.DefaultServiceExecutor - PrimitiveService{2}{type=io.atomix.protocols.raft.RaftTest$TestPrimitiveType@30e8e4fb, name=raft-test} - Executing DefaultCommit{index=70, session=RaftSession{RaftServiceContext{server=3, type=io.atomix.protocols.raft.RaftTest$TestPrimitiveType@30e8e4fb, name=raft-test, id=2}, session=2, timestamp=2018-06-09 02:53:29,081}, time=2018-06-09 02:53:29,081, operation=DefaultOperationId{id=write, type=COMMAND}, value=byte[]{length=17, hash=-1644578928}}
02:53:29.231 [raft-server-1-state] TRACE i.a.protocols.raft.roles.LeaderRole - RaftServer{1}{role=LEADER} - Sending CommandResponse{status=OK, index=70, eventIndex=2, result=byte[]{length=3, hash=34845}}
02:53:29.231 [raft-client-02319fd7-5003-4fac-b562-689b946eac2b-7] TRACE i.a.p.r.p.impl.RaftProxyConnection - ProxySession{2}{type=io.atomix.protocols.raft.RaftTest$TestPrimitiveType@35bfa1bb, name=raft-test} - Received CommandResponse{status=OK, index=70, eventIndex=2, result=byte[]{length=3, hash=34845}} from 1
02:53:29.231 [raft-client-02319fd7-5003-4fac-b562-689b946eac2b-7] TRACE i.a.p.r.p.impl.RaftProxySequencer - ProxySession{2}{type=io.atomix.protocols.raft.RaftTest$TestPrimitiveType@35bfa1bb, name=raft-test} - Completing response CommandResponse{status=OK, index=70, eventIndex=2, result=byte[]{length=3, hash=34845}}
02:53:29.232 [raft-client-02319fd7-5003-4fac-b562-689b946eac2b-3] TRACE i.a.p.r.p.impl.RaftProxyConnection - ProxySession{2}{type=io.atomix.protocols.raft.RaftTest$TestPrimitiveType@35bfa1bb, name=raft-test} - Sending CommandRequest{session=2, sequence=60, operation=PrimitiveOperation{id=DefaultOperationId{id=write, type=COMMAND}, value=byte[]{length=17, hash=-1644578928}}} to 1
02:53:29.232 [raft-server-1] TRACE i.a.protocols.raft.roles.LeaderRole - RaftServer{1}{role=LEADER} - Received CommandRequest{session=2, sequence=60, operation=PrimitiveOperation{id=DefaultOperationId{id=write, type=COMMAND}, value=byte[]{length=17, hash=-1644578928}}}
02:53:29.398 [raft-server-2] TRACE i.a.p.raft.roles.FollowerRole - RaftServer{2}{role=FOLLOWER} - Committed entries up to index 70
02:53:29.398 [raft-server-2] TRACE i.a.p.raft.roles.FollowerRole - RaftServer{2}{role=FOLLOWER} - Sending AppendResponse{status=OK, term=1, succeeded=true, lastLogIndex=70}
02:53:29.398 [raft-server-2-state] TRACE i.a.p.raft.impl.RaftServiceManager - RaftServer{2} - Applying Indexed{index=70, entry=CommandEntry{term=1, timestamp=2018-06-09 02:53:29,081, session=2, sequence=59, operation=PrimitiveOperation{id=DefaultOperationId{id=write, type=COMMAND}, value=byte[]{length=17, hash=-1644578928}}}}
02:53:29.398 [raft-server-2-state] TRACE i.a.p.s.impl.DefaultServiceExecutor - PrimitiveService{2}{type=io.atomix.protocols.raft.RaftTest$TestPrimitiveType@1c47fd5, name=raft-test} - Executing DefaultCommit{index=70, session=RaftSession{RaftServiceContext{server=2, type=io.atomix.protocols.raft.RaftTest$TestPrimitiveType@1c47fd5, name=raft-test, id=2}, session=2, timestamp=2018-06-09 02:53:29,081}, time=2018-06-09 02:53:29,081, operation=DefaultOperationId{id=write, type=COMMAND}, value=byte[]{length=17, hash=-1644578928}}
02:53:29.587 [raft-server-1] DEBUG i.a.storage.journal.SegmentedJournal - Created disk segment: JournalSegment{id=8, version=1, index=71, size=64}
02:53:29.587 [raft-server-1] TRACE i.a.protocols.raft.roles.LeaderRole - RaftServer{1}{role=LEADER} - Appended Indexed{index=71, entry=CommandEntry{term=1, timestamp=2018-06-09 02:53:29,232, session=2, sequence=60, operation=PrimitiveOperation{id=DefaultOperationId{id=write, type=COMMAND}, value=byte[]{length=17, hash=-1644578928}}}}
02:53:29.588 [raft-server-1] TRACE i.a.p.raft.roles.LeaderAppender - RaftServer{1} - Sending AppendRequest{term=1, leader=1, prevLogIndex=70, prevLogTerm=1, entries=1, commitIndex=70} to 3
02:53:29.588 [raft-server-3] TRACE i.a.p.raft.roles.FollowerRole - RaftServer{3}{role=FOLLOWER} - Received AppendRequest{term=1, leader=1, prevLogIndex=70, prevLogTerm=1, entries=1, commitIndex=70}
02:53:29.588 [raft-server-1] TRACE i.a.p.raft.roles.LeaderAppender - RaftServer{1} - Sending AppendRequest{term=1, leader=1, prevLogIndex=70, prevLogTerm=1, entries=1, commitIndex=70} to 2
02:53:29.588 [raft-server-1] TRACE i.a.p.raft.roles.LeaderAppender - RaftServer{1} - Received AppendResponse{status=OK, term=1, succeeded=true, lastLogIndex=70} from 2
02:53:29.588 [raft-server-2] TRACE i.a.p.raft.roles.FollowerRole - RaftServer{2}{role=FOLLOWER} - Received AppendRequest{term=1, leader=1, prevLogIndex=70, prevLogTerm=1, entries=1, commitIndex=70}
02:53:29.723 [raft-server-2] DEBUG i.a.storage.journal.SegmentedJournal - Created disk segment: JournalSegment{id=8, version=1, index=71, size=64}
02:53:29.723 [raft-server-3] DEBUG i.a.storage.journal.SegmentedJournal - Created disk segment: JournalSegment{id=8, version=1, index=71, size=64}
02:53:29.723 [raft-server-3] TRACE i.a.p.raft.roles.FollowerRole - RaftServer{3}{role=FOLLOWER} - Appended Indexed{index=71, entry=CommandEntry{term=1, timestamp=2018-06-09 02:53:29,232, session=2, sequence=60, operation=PrimitiveOperation{id=DefaultOperationId{id=write, type=COMMAND}, value=byte[]{length=17, hash=-1644578928}}}}
02:53:29.723 [raft-server-3] TRACE i.a.p.raft.roles.FollowerRole - RaftServer{3}{role=FOLLOWER} - Sending AppendResponse{status=OK, term=1, succeeded=true, lastLogIndex=71}
02:53:29.724 [raft-server-1] TRACE i.a.p.raft.roles.LeaderAppender - RaftServer{1} - Received AppendResponse{status=OK, term=1, succeeded=true, lastLogIndex=71} from 3
02:53:29.724 [raft-server-1] TRACE i.a.p.raft.roles.LeaderAppender - RaftServer{1} - Committed entries up to 71
02:53:29.723 [raft-server-2] TRACE i.a.p.raft.roles.FollowerRole - RaftServer{2}{role=FOLLOWER} - Appended Indexed{index=71, entry=CommandEntry{term=1, timestamp=2018-06-09 02:53:29,232, session=2, sequence=60, operation=PrimitiveOperation{id=DefaultOperationId{id=write, type=COMMAND}, value=byte[]{length=17, hash=-1644578928}}}}
02:53:29.726 [raft-server-2] TRACE i.a.p.raft.roles.FollowerRole - RaftServer{2}{role=FOLLOWER} - Sending AppendResponse{status=OK, term=1, succeeded=true, lastLogIndex=71}
02:53:29.790 [raft-server-1] TRACE i.a.p.raft.roles.LeaderAppender - RaftServer{1} - Sending AppendRequest{term=1, leader=1, prevLogIndex=71, prevLogTerm=1, entries=0, commitIndex=71} to 3
02:53:29.790 [raft-server-1] TRACE i.a.p.raft.roles.LeaderAppender - RaftServer{1} - Received AppendResponse{status=OK, term=1, succeeded=true, lastLogIndex=71} from 2
02:53:29.790 [raft-server-3] TRACE i.a.p.raft.roles.FollowerRole - RaftServer{3}{role=FOLLOWER} - Received AppendRequest{term=1, leader=1, prevLogIndex=71, prevLogTerm=1, entries=0, commitIndex=71}
02:53:29.790 [raft-server-1] TRACE i.a.p.raft.roles.LeaderAppender - RaftServer{1} - Sending AppendRequest{term=1, leader=1, prevLogIndex=71, prevLogTerm=1, entries=0, commitIndex=71} to 2
02:53:29.790 [raft-server-2] TRACE i.a.p.raft.roles.FollowerRole - RaftServer{2}{role=FOLLOWER} - Received AppendRequest{term=1, leader=1, prevLogIndex=71, prevLogTerm=1, entries=0, commitIndex=71}
02:53:29.790 [raft-server-1-state] TRACE i.a.p.raft.impl.RaftServiceManager - RaftServer{1} - Applying Indexed{index=71, entry=CommandEntry{term=1, timestamp=2018-06-09 02:53:29,232, session=2, sequence=60, operation=PrimitiveOperation{id=DefaultOperationId{id=write, type=COMMAND}, value=byte[]{length=17, hash=-1644578928}}}}
02:53:29.790 [raft-server-1-state] TRACE i.a.p.s.impl.DefaultServiceExecutor - PrimitiveService{2}{type=io.atomix.protocols.raft.RaftTest$TestPrimitiveType@45397ff4, name=raft-test} - Executing DefaultCommit{index=71, session=RaftSession{RaftServiceContext{server=1, type=io.atomix.protocols.raft.RaftTest$TestPrimitiveType@45397ff4, name=raft-test, id=2}, session=2, timestamp=2018-06-09 02:53:29,232}, time=2018-06-09 02:53:29,232, operation=DefaultOperationId{id=write, type=COMMAND}, value=byte[]{length=17, hash=-1644578928}}
02:53:29.790 [raft-server-1-state] TRACE i.a.protocols.raft.roles.LeaderRole - RaftServer{1}{role=LEADER} - Sending CommandResponse{status=OK, index=71, eventIndex=2, result=byte[]{length=3, hash=34907}}
02:53:29.790 [raft-client-02319fd7-5003-4fac-b562-689b946eac2b-5] TRACE i.a.p.r.p.impl.RaftProxyConnection - ProxySession{2}{type=io.atomix.protocols.raft.RaftTest$TestPrimitiveType@35bfa1bb, name=raft-test} - Received CommandResponse{status=OK, index=71, eventIndex=2, result=byte[]{length=3, hash=34907}} from 1
02:53:29.790 [raft-client-02319fd7-5003-4fac-b562-689b946eac2b-5] TRACE i.a.p.r.p.impl.RaftProxySequencer - ProxySession{2}{type=io.atomix.protocols.raft.RaftTest$TestPrimitiveType@35bfa1bb, name=raft-test} - Completing response CommandResponse{status=OK, index=71, eventIndex=2, result=byte[]{length=3, hash=34907}}
02:53:29.791 [raft-client-02319fd7-5003-4fac-b562-689b946eac2b-6] TRACE i.a.p.r.p.impl.RaftProxyConnection - ProxySession{2}{type=io.atomix.protocols.raft.RaftTest$TestPrimitiveType@35bfa1bb, name=raft-test} - Sending CommandRequest{session=2, sequence=61, operation=PrimitiveOperation{id=DefaultOperationId{id=write, type=COMMAND}, value=byte[]{length=17, hash=-1644578928}}} to 1
02:53:29.791 [raft-server-1] TRACE i.a.protocols.raft.roles.LeaderRole - RaftServer{1}{role=LEADER} - Received CommandRequest{session=2, sequence=61, operation=PrimitiveOperation{id=DefaultOperationId{id=write, type=COMMAND}, value=byte[]{length=17, hash=-1644578928}}}
02:53:29.791 [raft-server-1] TRACE i.a.protocols.raft.roles.LeaderRole - RaftServer{1}{role=LEADER} - Appended Indexed{index=72, entry=CommandEntry{term=1, timestamp=2018-06-09 02:53:29,791, session=2, sequence=61, operation=PrimitiveOperation{id=DefaultOperationId{id=write, type=COMMAND}, value=byte[]{length=17, hash=-1644578928}}}}
02:53:29.873 [raft-server-3] TRACE i.a.p.raft.roles.FollowerRole - RaftServer{3}{role=FOLLOWER} - Committed entries up to index 71
02:53:29.873 [raft-server-2] TRACE i.a.p.raft.roles.FollowerRole - RaftServer{2}{role=FOLLOWER} - Committed entries up to index 71
02:53:29.873 [raft-server-3] TRACE i.a.p.raft.roles.FollowerRole - RaftServer{3}{role=FOLLOWER} - Sending AppendResponse{status=OK, term=1, succeeded=true, lastLogIndex=71}
02:53:29.873 [raft-server-2] TRACE i.a.p.raft.roles.FollowerRole - RaftServer{2}{role=FOLLOWER} - Sending AppendResponse{status=OK, term=1, succeeded=true, lastLogIndex=71}
02:53:29.873 [raft-server-1] TRACE i.a.p.raft.roles.LeaderAppender - RaftServer{1} - Received AppendResponse{status=OK, term=1, succeeded=true, lastLogIndex=71} from 3
02:53:29.873 [raft-server-1] TRACE i.a.p.raft.roles.LeaderAppender - RaftServer{1} - Sending AppendRequest{term=1, leader=1, prevLogIndex=71, prevLogTerm=1, entries=1, commitIndex=71} to 3
02:53:29.873 [raft-server-2-state] TRACE i.a.p.raft.impl.RaftServiceManager - RaftServer{2} - Applying Indexed{index=71, entry=CommandEntry{term=1, timestamp=2018-06-09 02:53:29,232, session=2, sequence=60, operation=PrimitiveOperation{id=DefaultOperationId{id=write, type=COMMAND}, value=byte[]{length=17, hash=-1644578928}}}}
02:53:29.873 [raft-server-1] TRACE i.a.p.raft.roles.LeaderAppender - RaftServer{1} - Received AppendResponse{status=OK, term=1, succeeded=true, lastLogIndex=71} from 2
02:53:29.873 [raft-server-3-state] TRACE i.a.p.raft.impl.RaftServiceManager - RaftServer{3} - Applying Indexed{index=71, entry=CommandEntry{term=1, timestamp=2018-06-09 02:53:29,232, session=2, sequence=60, operation=PrimitiveOperation{id=DefaultOperationId{id=write, type=COMMAND}, value=byte[]{length=17, hash=-1644578928}}}}
02:53:29.873 [raft-server-3] TRACE i.a.p.raft.roles.FollowerRole - RaftServer{3}{role=FOLLOWER} - Received AppendRequest{term=1, leader=1, prevLogIndex=71, prevLogTerm=1, entries=1, commitIndex=71}
02:53:29.873 [raft-server-1] TRACE i.a.p.raft.roles.LeaderAppender - RaftServer{1} - Sending AppendRequest{term=1, leader=1, prevLogIndex=71, prevLogTerm=1, entries=1, commitIndex=71} to 2
02:53:29.873 [raft-server-2-state] TRACE i.a.p.s.impl.DefaultServiceExecutor - PrimitiveService{2}{type=io.atomix.protocols.raft.RaftTest$TestPrimitiveType@1c47fd5, name=raft-test} - Executing DefaultCommit{index=71, session=RaftSession{RaftServiceContext{server=2, type=io.atomix.protocols.raft.RaftTest$TestPrimitiveType@1c47fd5, name=raft-test, id=2}, session=2, timestamp=2018-06-09 02:53:29,232}, time=2018-06-09 02:53:29,232, operation=DefaultOperationId{id=write, type=COMMAND}, value=byte[]{length=17, hash=-1644578928}}
02:53:29.873 [raft-server-3-state] TRACE i.a.p.s.impl.DefaultServiceExecutor - PrimitiveService{2}{type=io.atomix.protocols.raft.RaftTest$TestPrimitiveType@30e8e4fb, name=raft-test} - Executing DefaultCommit{index=71, session=RaftSession{RaftServiceContext{server=3, type=io.atomix.protocols.raft.RaftTest$TestPrimitiveType@30e8e4fb, name=raft-test, id=2}, session=2, timestamp=2018-06-09 02:53:29,232}, time=2018-06-09 02:53:29,232, operation=DefaultOperationId{id=write, type=COMMAND}, value=byte[]{length=17, hash=-1644578928}}
02:53:29.873 [raft-server-3] TRACE i.a.p.raft.roles.FollowerRole - RaftServer{3}{role=FOLLOWER} - Appended Indexed{index=72, entry=CommandEntry{term=1, timestamp=2018-06-09 02:53:29,791, session=2, sequence=61, operation=PrimitiveOperation{id=DefaultOperationId{id=write, type=COMMAND}, value=byte[]{length=17, hash=-1644578928}}}}
02:53:29.874 [raft-server-2] TRACE i.a.p.raft.roles.FollowerRole - RaftServer{2}{role=FOLLOWER} - Received AppendRequest{term=1, leader=1, prevLogIndex=71, prevLogTerm=1, entries=1, commitIndex=71}
02:53:29.874 [raft-server-3] TRACE i.a.p.raft.roles.FollowerRole - RaftServer{3}{role=FOLLOWER} - Sending AppendResponse{status=OK, term=1, succeeded=true, lastLogIndex=72}
02:53:29.874 [raft-server-2] TRACE i.a.p.raft.roles.FollowerRole - RaftServer{2}{role=FOLLOWER} - Appended Indexed{index=72, entry=CommandEntry{term=1, timestamp=2018-06-09 02:53:29,791, session=2, sequence=61, operation=PrimitiveOperation{id=DefaultOperationId{id=write, type=COMMAND}, value=byte[]{length=17, hash=-1644578928}}}}
02:53:29.875 [raft-server-2] TRACE i.a.p.raft.roles.FollowerRole - RaftServer{2}{role=FOLLOWER} - Sending AppendResponse{status=OK, term=1, succeeded=true, lastLogIndex=72}
02:53:29.875 [raft-server-1] TRACE i.a.p.raft.roles.LeaderAppender - RaftServer{1} - Received AppendResponse{status=OK, term=1, succeeded=true, lastLogIndex=72} from 3
02:53:29.875 [raft-server-1] TRACE i.a.p.raft.roles.LeaderAppender - RaftServer{1} - Committed entries up to 72
02:53:29.948 [raft-server-1] TRACE i.a.p.raft.roles.LeaderAppender - RaftServer{1} - Received AppendResponse{status=OK, term=1, succeeded=true, lastLogIndex=72} from 2
02:53:29.948 [raft-server-1] TRACE i.a.p.raft.roles.LeaderAppender - RaftServer{1} - Sending AppendRequest{term=1, leader=1, prevLogIndex=72, prevLogTerm=1, entries=0, commitIndex=72} to 3
02:53:29.948 [raft-server-3] TRACE i.a.p.raft.roles.FollowerRole - RaftServer{3}{role=FOLLOWER} - Received AppendRequest{term=1, leader=1, prevLogIndex=72, prevLogTerm=1, entries=0, commitIndex=72}
02:53:29.948 [raft-server-1] TRACE i.a.p.raft.roles.LeaderAppender - RaftServer{1} - Sending AppendRequest{term=1, leader=1, prevLogIndex=72, prevLogTerm=1, entries=0, commitIndex=72} to 2
02:53:29.948 [raft-server-2] TRACE i.a.p.raft.roles.FollowerRole - RaftServer{2}{role=FOLLOWER} - Received AppendRequest{term=1, leader=1, prevLogIndex=72, prevLogTerm=1, entries=0, commitIndex=72}
02:53:29.948 [raft-server-1-state] TRACE i.a.p.raft.impl.RaftServiceManager - RaftServer{1} - Applying Indexed{index=72, entry=CommandEntry{term=1, timestamp=2018-06-09 02:53:29,791, session=2, sequence=61, operation=PrimitiveOperation{id=DefaultOperationId{id=write, type=COMMAND}, value=byte[]{length=17, hash=-1644578928}}}}
02:53:29.949 [raft-server-1-state] TRACE i.a.p.s.impl.DefaultServiceExecutor - PrimitiveService{2}{type=io.atomix.protocols.raft.RaftTest$TestPrimitiveType@45397ff4, name=raft-test} - Executing DefaultCommit{index=72, session=RaftSession{RaftServiceContext{server=1, type=io.atomix.protocols.raft.RaftTest$TestPrimitiveType@45397ff4, name=raft-test, id=2}, session=2, timestamp=2018-06-09 02:53:29,791}, time=2018-06-09 02:53:29,791, operation=DefaultOperationId{id=write, type=COMMAND}, value=byte[]{length=17, hash=-1644578928}}
02:53:29.949 [raft-server-1] TRACE i.a.protocols.raft.roles.LeaderRole - RaftServer{1}{role=LEADER} - Sending CommandResponse{status=OK, index=72, eventIndex=2, result=byte[]{length=3, hash=34969}}
02:53:29.949 [raft-client-02319fd7-5003-4fac-b562-689b946eac2b-7] TRACE i.a.p.r.p.impl.RaftProxyConnection - ProxySession{2}{type=io.atomix.protocols.raft.RaftTest$TestPrimitiveType@35bfa1bb, name=raft-test} - Received CommandResponse{status=OK, index=72, eventIndex=2, result=byte[]{length=3, hash=34969}} from 1
02:53:29.949 [raft-client-02319fd7-5003-4fac-b562-689b946eac2b-7] TRACE i.a.p.r.p.impl.RaftProxySequencer - ProxySession{2}{type=io.atomix.protocols.raft.RaftTest$TestPrimitiveType@35bfa1bb, name=raft-test} - Completing response CommandResponse{status=OK, index=72, eventIndex=2, result=byte[]{length=3, hash=34969}}
02:53:29.949 [raft-client-02319fd7-5003-4fac-b562-689b946eac2b-7] TRACE i.a.p.r.p.impl.RaftProxyConnection - ProxySession{2}{type=io.atomix.protocols.raft.RaftTest$TestPrimitiveType@35bfa1bb, name=raft-test} - Sending CommandRequest{session=2, sequence=62, operation=PrimitiveOperation{id=DefaultOperationId{id=write, type=COMMAND}, value=byte[]{length=17, hash=-1644578928}}} to 1
02:53:29.949 [raft-server-1] TRACE i.a.protocols.raft.roles.LeaderRole - RaftServer{1}{role=LEADER} - Received CommandRequest{session=2, sequence=62, operation=PrimitiveOperation{id=DefaultOperationId{id=write, type=COMMAND}, value=byte[]{length=17, hash=-1644578928}}}
02:53:29.949 [raft-server-1] TRACE i.a.protocols.raft.roles.LeaderRole - RaftServer{1}{role=LEADER} - Appended Indexed{index=73, entry=CommandEntry{term=1, timestamp=2018-06-09 02:53:29,949, session=2, sequence=62, operation=PrimitiveOperation{id=DefaultOperationId{id=write, type=COMMAND}, value=byte[]{length=17, hash=-1644578928}}}}
02:53:30.006 [raft-server-2] TRACE i.a.p.raft.roles.FollowerRole - RaftServer{2}{role=FOLLOWER} - Committed entries up to index 72
02:53:30.006 [raft-server-3] TRACE i.a.p.raft.roles.FollowerRole - RaftServer{3}{role=FOLLOWER} - Committed entries up to index 72
02:53:30.006 [raft-server-2] TRACE i.a.p.raft.roles.FollowerRole - RaftServer{2}{role=FOLLOWER} - Sending AppendResponse{status=OK, term=1, succeeded=true, lastLogIndex=72}
02:53:30.006 [raft-server-3] TRACE i.a.p.raft.roles.FollowerRole - RaftServer{3}{role=FOLLOWER} - Sending AppendResponse{status=OK, term=1, succeeded=true, lastLogIndex=72}
02:53:30.006 [raft-server-1] TRACE i.a.p.raft.roles.LeaderAppender - RaftServer{1} - Received AppendResponse{status=OK, term=1, succeeded=true, lastLogIndex=72} from 2
02:53:30.006 [raft-server-2-state] TRACE i.a.p.raft.impl.RaftServiceManager - RaftServer{2} - Applying Indexed{index=72, entry=CommandEntry{term=1, timestamp=2018-06-09 02:53:29,791, session=2, sequence=61, operation=PrimitiveOperation{id=DefaultOperationId{id=write, type=COMMAND}, value=byte[]{length=17, hash=-1644578928}}}}
02:53:30.007 [raft-server-3-state] TRACE i.a.p.raft.impl.RaftServiceManager - RaftServer{3} - Applying Indexed{index=72, entry=CommandEntry{term=1, timestamp=2018-06-09 02:53:29,791, session=2, sequence=61, operation=PrimitiveOperation{id=DefaultOperationId{id=write, type=COMMAND}, value=byte[]{length=17, hash=-1644578928}}}}
02:53:30.007 [raft-server-2-state] TRACE i.a.p.s.impl.DefaultServiceExecutor - PrimitiveService{2}{type=io.atomix.protocols.raft.RaftTest$TestPrimitiveType@1c47fd5, name=raft-test} - Executing DefaultCommit{index=72, session=RaftSession{RaftServiceContext{server=2, type=io.atomix.protocols.raft.RaftTest$TestPrimitiveType@1c47fd5, name=raft-test, id=2}, session=2, timestamp=2018-06-09 02:53:29,791}, time=2018-06-09 02:53:29,791, operation=DefaultOperationId{id=write, type=COMMAND}, value=byte[]{length=17, hash=-1644578928}}
02:53:30.007 [raft-server-3-state] TRACE i.a.p.s.impl.DefaultServiceExecutor - PrimitiveService{2}{type=io.atomix.protocols.raft.RaftTest$TestPrimitiveType@30e8e4fb, name=raft-test} - Executing DefaultCommit{index=72, session=RaftSession{RaftServiceContext{server=3, type=io.atomix.protocols.raft.RaftTest$TestPrimitiveType@30e8e4fb, name=raft-test, id=2}, session=2, timestamp=2018-06-09 02:53:29,791}, time=2018-06-09 02:53:29,791, operation=DefaultOperationId{id=write, type=COMMAND}, value=byte[]{length=17, hash=-1644578928}}
02:53:30.007 [raft-server-1] TRACE i.a.p.raft.roles.LeaderAppender - RaftServer{1} - Sending AppendRequest{term=1, leader=1, prevLogIndex=72, prevLogTerm=1, entries=1, commitIndex=72} to 2
02:53:30.007 [raft-server-1] TRACE i.a.p.raft.roles.LeaderAppender - RaftServer{1} - Sending AppendRequest{term=1, leader=1, prevLogIndex=72, prevLogTerm=1, entries=1, commitIndex=72} to 3
02:53:30.007 [raft-server-1] TRACE i.a.p.raft.roles.LeaderAppender - RaftServer{1} - Received AppendResponse{status=OK, term=1, succeeded=true, lastLogIndex=72} from 3
02:53:30.007 [raft-server-3] TRACE i.a.p.raft.roles.FollowerRole - RaftServer{3}{role=FOLLOWER} - Received AppendRequest{term=1, leader=1, prevLogIndex=72, prevLogTerm=1, entries=1, commitIndex=72}
02:53:30.007 [raft-server-2] TRACE i.a.p.raft.roles.FollowerRole - RaftServer{2}{role=FOLLOWER} - Received AppendRequest{term=1, leader=1, prevLogIndex=72, prevLogTerm=1, entries=1, commitIndex=72}
02:53:30.008 [raft-server-3] TRACE i.a.p.raft.roles.FollowerRole - RaftServer{3}{role=FOLLOWER} - Appended Indexed{index=73, entry=CommandEntry{term=1, timestamp=2018-06-09 02:53:29,949, session=2, sequence=62, operation=PrimitiveOperation{id=DefaultOperationId{id=write, type=COMMAND}, value=byte[]{length=17, hash=-1644578928}}}}
02:53:30.008 [raft-server-3] TRACE i.a.p.raft.roles.FollowerRole - RaftServer{3}{role=FOLLOWER} - Sending AppendResponse{status=OK, term=1, succeeded=true, lastLogIndex=73}
02:53:30.008 [raft-server-2] TRACE i.a.p.raft.roles.FollowerRole - RaftServer{2}{role=FOLLOWER} - Appended Indexed{index=73, entry=CommandEntry{term=1, timestamp=2018-06-09 02:53:29,949, session=2, sequence=62, operation=PrimitiveOperation{id=DefaultOperationId{id=write, type=COMMAND}, value=byte[]{length=17, hash=-1644578928}}}}
02:53:30.008 [raft-server-2] TRACE i.a.p.raft.roles.FollowerRole - RaftServer{2}{role=FOLLOWER} - Sending AppendResponse{status=OK, term=1, succeeded=true, lastLogIndex=73}
02:53:30.008 [raft-server-1] TRACE i.a.p.raft.roles.LeaderAppender - RaftServer{1} - Received AppendResponse{status=OK, term=1, succeeded=true, lastLogIndex=73} from 3
02:53:30.008 [raft-server-1] TRACE i.a.p.raft.roles.LeaderAppender - RaftServer{1} - Committed entries up to 73
02:53:30.045 [raft-server-1] TRACE i.a.p.raft.roles.LeaderAppender - RaftServer{1} - Received AppendResponse{status=OK, term=1, succeeded=true, lastLogIndex=73} from 2
02:53:30.046 [raft-server-1-state] TRACE i.a.p.raft.impl.RaftServiceManager - RaftServer{1} - Applying Indexed{index=73, entry=CommandEntry{term=1, timestamp=2018-06-09 02:53:29,949, session=2, sequence=62, operation=PrimitiveOperation{id=DefaultOperationId{id=write, type=COMMAND}, value=byte[]{length=17, hash=-1644578928}}}}
02:53:30.046 [raft-server-1-state] TRACE i.a.p.s.impl.DefaultServiceExecutor - PrimitiveService{2}{type=io.atomix.protocols.raft.RaftTest$TestPrimitiveType@45397ff4, name=raft-test} - Executing DefaultCommit{index=73, session=RaftSession{RaftServiceContext{server=1, type=io.atomix.protocols.raft.RaftTest$TestPrimitiveType@45397ff4, name=raft-test, id=2}, session=2, timestamp=2018-06-09 02:53:29,949}, time=2018-06-09 02:53:29,949, operation=DefaultOperationId{id=write, type=COMMAND}, value=byte[]{length=17, hash=-1644578928}}
02:53:30.046 [raft-server-1] TRACE i.a.protocols.raft.roles.LeaderRole - RaftServer{1}{role=LEADER} - Sending CommandResponse{status=OK, index=73, eventIndex=2, result=byte[]{length=3, hash=35031}}
02:53:30.046 [raft-client-02319fd7-5003-4fac-b562-689b946eac2b-1] TRACE i.a.p.r.p.impl.RaftProxyConnection - ProxySession{2}{type=io.atomix.protocols.raft.RaftTest$TestPrimitiveType@35bfa1bb, name=raft-test} - Received CommandResponse{status=OK, index=73, eventIndex=2, result=byte[]{length=3, hash=35031}} from 1
02:53:30.046 [raft-client-02319fd7-5003-4fac-b562-689b946eac2b-1] TRACE i.a.p.r.p.impl.RaftProxySequencer - ProxySession{2}{type=io.atomix.protocols.raft.RaftTest$TestPrimitiveType@35bfa1bb, name=raft-test} - Completing response CommandResponse{status=OK, index=73, eventIndex=2, result=byte[]{length=3, hash=35031}}
02:53:30.046 [raft-client-02319fd7-5003-4fac-b562-689b946eac2b-1] TRACE i.a.p.r.p.impl.RaftProxyConnection - ProxySession{2}{type=io.atomix.protocols.raft.RaftTest$TestPrimitiveType@35bfa1bb, name=raft-test} - Sending CommandRequest{session=2, sequence=63, operation=PrimitiveOperation{id=DefaultOperationId{id=write, type=COMMAND}, value=byte[]{length=17, hash=-1644578928}}} to 1
02:53:30.046 [raft-server-1] TRACE i.a.protocols.raft.roles.LeaderRole - RaftServer{1}{role=LEADER} - Received CommandRequest{session=2, sequence=63, operation=PrimitiveOperation{id=DefaultOperationId{id=write, type=COMMAND}, value=byte[]{length=17, hash=-1644578928}}}
02:53:30.047 [raft-server-1] TRACE i.a.protocols.raft.roles.LeaderRole - RaftServer{1}{role=LEADER} - Appended Indexed{index=74, entry=CommandEntry{term=1, timestamp=2018-06-09 02:53:30,047, session=2, sequence=63, operation=PrimitiveOperation{id=DefaultOperationId{id=write, type=COMMAND}, value=byte[]{length=17, hash=-1644578928}}}}
02:53:30.047 [raft-server-1] TRACE i.a.p.raft.roles.LeaderAppender - RaftServer{1} - Sending AppendRequest{term=1, leader=1, prevLogIndex=73, prevLogTerm=1, entries=1, commitIndex=73} to 3
02:53:30.047 [raft-server-3] TRACE i.a.p.raft.roles.FollowerRole - RaftServer{3}{role=FOLLOWER} - Received AppendRequest{term=1, leader=1, prevLogIndex=73, prevLogTerm=1, entries=1, commitIndex=73}
02:53:30.047 [raft-server-1] TRACE i.a.p.raft.roles.LeaderAppender - RaftServer{1} - Sending AppendRequest{term=1, leader=1, prevLogIndex=73, prevLogTerm=1, entries=1, commitIndex=73} to 2
02:53:30.047 [raft-server-2] TRACE i.a.p.raft.roles.FollowerRole - RaftServer{2}{role=FOLLOWER} - Received AppendRequest{term=1, leader=1, prevLogIndex=73, prevLogTerm=1, entries=1, commitIndex=73}
02:53:30.047 [raft-server-3] TRACE i.a.p.raft.roles.FollowerRole - RaftServer{3}{role=FOLLOWER} - Appended Indexed{index=74, entry=CommandEntry{term=1, timestamp=2018-06-09 02:53:30,047, session=2, sequence=63, operation=PrimitiveOperation{id=DefaultOperationId{id=write, type=COMMAND}, value=byte[]{length=17, hash=-1644578928}}}}
02:53:30.047 [raft-server-2] TRACE i.a.p.raft.roles.FollowerRole - RaftServer{2}{role=FOLLOWER} - Appended Indexed{index=74, entry=CommandEntry{term=1, timestamp=2018-06-09 02:53:30,047, session=2, sequence=63, operation=PrimitiveOperation{id=DefaultOperationId{id=write, type=COMMAND}, value=byte[]{length=17, hash=-1644578928}}}}
02:53:30.081 [raft-server-3] TRACE i.a.p.raft.roles.FollowerRole - RaftServer{3}{role=FOLLOWER} - Committed entries up to index 73
02:53:30.081 [raft-server-2] TRACE i.a.p.raft.roles.FollowerRole - RaftServer{2}{role=FOLLOWER} - Committed entries up to index 73
02:53:30.081 [raft-server-3] TRACE i.a.p.raft.roles.FollowerRole - RaftServer{3}{role=FOLLOWER} - Sending AppendResponse{status=OK, term=1, succeeded=true, lastLogIndex=74}
02:53:30.081 [raft-server-2] TRACE i.a.p.raft.roles.FollowerRole - RaftServer{2}{role=FOLLOWER} - Sending AppendResponse{status=OK, term=1, succeeded=true, lastLogIndex=74}
02:53:30.081 [raft-server-1] TRACE i.a.p.raft.roles.LeaderAppender - RaftServer{1} - Received AppendResponse{status=OK, term=1, succeeded=true, lastLogIndex=74} from 3
02:53:30.081 [raft-server-1] TRACE i.a.p.raft.roles.LeaderAppender - RaftServer{1} - Committed entries up to 74
02:53:30.081 [raft-server-2-state] TRACE i.a.p.raft.impl.RaftServiceManager - RaftServer{2} - Applying Indexed{index=73, entry=CommandEntry{term=1, timestamp=2018-06-09 02:53:29,949, session=2, sequence=62, operation=PrimitiveOperation{id=DefaultOperationId{id=write, type=COMMAND}, value=byte[]{length=17, hash=-1644578928}}}}
02:53:30.081 [raft-server-3-state] TRACE i.a.p.raft.impl.RaftServiceManager - RaftServer{3} - Applying Indexed{index=73, entry=CommandEntry{term=1, timestamp=2018-06-09 02:53:29,949, session=2, sequence=62, operation=PrimitiveOperation{id=DefaultOperationId{id=write, type=COMMAND}, value=byte[]{length=17, hash=-1644578928}}}}
02:53:30.082 [raft-server-2-state] TRACE i.a.p.s.impl.DefaultServiceExecutor - PrimitiveService{2}{type=io.atomix.protocols.raft.RaftTest$TestPrimitiveType@1c47fd5, name=raft-test} - Executing DefaultCommit{index=73, session=RaftSession{RaftServiceContext{server=2, type=io.atomix.protocols.raft.RaftTest$TestPrimitiveType@1c47fd5, name=raft-test, id=2}, session=2, timestamp=2018-06-09 02:53:29,949}, time=2018-06-09 02:53:29,949, operation=DefaultOperationId{id=write, type=COMMAND}, value=byte[]{length=17, hash=-1644578928}}
02:53:30.082 [raft-server-3-state] TRACE i.a.p.s.impl.DefaultServiceExecutor - PrimitiveService{2}{type=io.atomix.protocols.raft.RaftTest$TestPrimitiveType@30e8e4fb, name=raft-test} - Executing DefaultCommit{index=73, session=RaftSession{RaftServiceContext{server=3, type=io.atomix.protocols.raft.RaftTest$TestPrimitiveType@30e8e4fb, name=raft-test, id=2}, session=2, timestamp=2018-06-09 02:53:29,949}, time=2018-06-09 02:53:29,949, operation=DefaultOperationId{id=write, type=COMMAND}, value=byte[]{length=17, hash=-1644578928}}
02:53:30.115 [raft-server-1] TRACE i.a.p.raft.roles.LeaderAppender - RaftServer{1} - Received AppendResponse{status=OK, term=1, succeeded=true, lastLogIndex=74} from 2
02:53:30.115 [raft-server-1-state] TRACE i.a.p.raft.impl.RaftServiceManager - RaftServer{1} - Applying Indexed{index=74, entry=CommandEntry{term=1, timestamp=2018-06-09 02:53:30,047, session=2, sequence=63, operation=PrimitiveOperation{id=DefaultOperationId{id=write, type=COMMAND}, value=byte[]{length=17, hash=-1644578928}}}}
02:53:30.115 [raft-server-1-state] TRACE i.a.p.s.impl.DefaultServiceExecutor - PrimitiveService{2}{type=io.atomix.protocols.raft.RaftTest$TestPrimitiveType@45397ff4, name=raft-test} - Executing DefaultCommit{index=74, session=RaftSession{RaftServiceContext{server=1, type=io.atomix.protocols.raft.RaftTest$TestPrimitiveType@45397ff4, name=raft-test, id=2}, session=2, timestamp=2018-06-09 02:53:30,047}, time=2018-06-09 02:53:30,047, operation=DefaultOperationId{id=write, type=COMMAND}, value=byte[]{length=17, hash=-1644578928}}
02:53:30.115 [raft-server-1-state] TRACE i.a.protocols.raft.roles.LeaderRole - RaftServer{1}{role=LEADER} - Sending CommandResponse{status=OK, index=74, eventIndex=2, result=byte[]{length=3, hash=35093}}
02:53:30.115 [raft-client-02319fd7-5003-4fac-b562-689b946eac2b-5] TRACE i.a.p.r.p.impl.RaftProxyConnection - ProxySession{2}{type=io.atomix.protocols.raft.RaftTest$TestPrimitiveType@35bfa1bb, name=raft-test} - Received CommandResponse{status=OK, index=74, eventIndex=2, result=byte[]{length=3, hash=35093}} from 1
02:53:30.115 [raft-client-02319fd7-5003-4fac-b562-689b946eac2b-5] TRACE i.a.p.r.p.impl.RaftProxySequencer - ProxySession{2}{type=io.atomix.protocols.raft.RaftTest$TestPrimitiveType@35bfa1bb, name=raft-test} - Completing response CommandResponse{status=OK, index=74, eventIndex=2, result=byte[]{length=3, hash=35093}}
02:53:30.116 [raft-client-02319fd7-5003-4fac-b562-689b946eac2b-2] TRACE i.a.p.r.p.impl.RaftProxyConnection - ProxySession{2}{type=io.atomix.protocols.raft.RaftTest$TestPrimitiveType@35bfa1bb, name=raft-test} - Sending CommandRequest{session=2, sequence=64, operation=PrimitiveOperation{id=DefaultOperationId{id=write, type=COMMAND}, value=byte[]{length=17, hash=-1644578928}}} to 1
02:53:30.116 [raft-server-1] TRACE i.a.protocols.raft.roles.LeaderRole - RaftServer{1}{role=LEADER} - Received CommandRequest{session=2, sequence=64, operation=PrimitiveOperation{id=DefaultOperationId{id=write, type=COMMAND}, value=byte[]{length=17, hash=-1644578928}}}
02:53:30.116 [raft-server-1] TRACE i.a.protocols.raft.roles.LeaderRole - RaftServer{1}{role=LEADER} - Appended Indexed{index=75, entry=CommandEntry{term=1, timestamp=2018-06-09 02:53:30,116, session=2, sequence=64, operation=PrimitiveOperation{id=DefaultOperationId{id=write, type=COMMAND}, value=byte[]{length=17, hash=-1644578928}}}}
02:53:30.116 [raft-server-1] TRACE i.a.p.raft.roles.LeaderAppender - RaftServer{1} - Sending AppendRequest{term=1, leader=1, prevLogIndex=74, prevLogTerm=1, entries=1, commitIndex=74} to 3
02:53:30.116 [raft-server-3] TRACE i.a.p.raft.roles.FollowerRole - RaftServer{3}{role=FOLLOWER} - Received AppendRequest{term=1, leader=1, prevLogIndex=74, prevLogTerm=1, entries=1, commitIndex=74}
02:53:30.116 [raft-server-1] TRACE i.a.p.raft.roles.LeaderAppender - RaftServer{1} - Sending AppendRequest{term=1, leader=1, prevLogIndex=74, prevLogTerm=1, entries=1, commitIndex=74} to 2
02:53:30.116 [raft-server-2] TRACE i.a.p.raft.roles.FollowerRole - RaftServer{2}{role=FOLLOWER} - Received AppendRequest{term=1, leader=1, prevLogIndex=74, prevLogTerm=1, entries=1, commitIndex=74}
02:53:30.116 [raft-server-3] TRACE i.a.p.raft.roles.FollowerRole - RaftServer{3}{role=FOLLOWER} - Appended Indexed{index=75, entry=CommandEntry{term=1, timestamp=2018-06-09 02:53:30,116, session=2, sequence=64, operation=PrimitiveOperation{id=DefaultOperationId{id=write, type=COMMAND}, value=byte[]{length=17, hash=-1644578928}}}}
02:53:30.116 [raft-server-2] TRACE i.a.p.raft.roles.FollowerRole - RaftServer{2}{role=FOLLOWER} - Appended Indexed{index=75, entry=CommandEntry{term=1, timestamp=2018-06-09 02:53:30,116, session=2, sequence=64, operation=PrimitiveOperation{id=DefaultOperationId{id=write, type=COMMAND}, value=byte[]{length=17, hash=-1644578928}}}}
02:53:30.189 [raft-server-3] TRACE i.a.p.raft.roles.FollowerRole - RaftServer{3}{role=FOLLOWER} - Committed entries up to index 74
02:53:30.189 [raft-server-2] TRACE i.a.p.raft.roles.FollowerRole - RaftServer{2}{role=FOLLOWER} - Committed entries up to index 74
02:53:30.190 [raft-server-3] TRACE i.a.p.raft.roles.FollowerRole - RaftServer{3}{role=FOLLOWER} - Sending AppendResponse{status=OK, term=1, succeeded=true, lastLogIndex=75}
02:53:30.190 [raft-server-2] TRACE i.a.p.raft.roles.FollowerRole - RaftServer{2}{role=FOLLOWER} - Sending AppendResponse{status=OK, term=1, succeeded=true, lastLogIndex=75}
02:53:30.190 [raft-server-1] TRACE i.a.p.raft.roles.LeaderAppender - RaftServer{1} - Received AppendResponse{status=OK, term=1, succeeded=true, lastLogIndex=75} from 3
02:53:30.190 [raft-server-1] TRACE i.a.p.raft.roles.LeaderAppender - RaftServer{1} - Committed entries up to 75
02:53:30.190 [raft-server-3-state] TRACE i.a.p.raft.impl.RaftServiceManager - RaftServer{3} - Applying Indexed{index=74, entry=CommandEntry{term=1, timestamp=2018-06-09 02:53:30,047, session=2, sequence=63, operation=PrimitiveOperation{id=DefaultOperationId{id=write, type=COMMAND}, value=byte[]{length=17, hash=-1644578928}}}}
02:53:30.190 [raft-server-2-state] TRACE i.a.p.raft.impl.RaftServiceManager - RaftServer{2} - Applying Indexed{index=74, entry=CommandEntry{term=1, timestamp=2018-06-09 02:53:30,047, session=2, sequence=63, operation=PrimitiveOperation{id=DefaultOperationId{id=write, type=COMMAND}, value=byte[]{length=17, hash=-1644578928}}}}
02:53:30.190 [raft-server-3-state] TRACE i.a.p.s.impl.DefaultServiceExecutor - PrimitiveService{2}{type=io.atomix.protocols.raft.RaftTest$TestPrimitiveType@30e8e4fb, name=raft-test} - Executing DefaultCommit{index=74, session=RaftSession{RaftServiceContext{server=3, type=io.atomix.protocols.raft.RaftTest$TestPrimitiveType@30e8e4fb, name=raft-test, id=2}, session=2, timestamp=2018-06-09 02:53:30,047}, time=2018-06-09 02:53:30,047, operation=DefaultOperationId{id=write, type=COMMAND}, value=byte[]{length=17, hash=-1644578928}}
02:53:30.190 [raft-server-2-state] TRACE i.a.p.s.impl.DefaultServiceExecutor - PrimitiveService{2}{type=io.atomix.protocols.raft.RaftTest$TestPrimitiveType@1c47fd5, name=raft-test} - Executing DefaultCommit{index=74, session=RaftSession{RaftServiceContext{server=2, type=io.atomix.protocols.raft.RaftTest$TestPrimitiveType@1c47fd5, name=raft-test, id=2}, session=2, timestamp=2018-06-09 02:53:30,047}, time=2018-06-09 02:53:30,047, operation=DefaultOperationId{id=write, type=COMMAND}, value=byte[]{length=17, hash=-1644578928}}
02:53:30.487 [raft-server-1] TRACE i.a.p.raft.roles.LeaderAppender - RaftServer{1} - Sending AppendRequest{term=1, leader=1, prevLogIndex=75, prevLogTerm=1, entries=0, commitIndex=75} to 3
02:53:30.487 [raft-server-1] TRACE i.a.p.raft.roles.LeaderAppender - RaftServer{1} - Received AppendResponse{status=OK, term=1, succeeded=true, lastLogIndex=75} from 2
02:53:30.487 [raft-server-3] TRACE i.a.p.raft.roles.FollowerRole - RaftServer{3}{role=FOLLOWER} - Received AppendRequest{term=1, leader=1, prevLogIndex=75, prevLogTerm=1, entries=0, commitIndex=75}
02:53:30.487 [raft-server-1] TRACE i.a.p.raft.roles.LeaderAppender - RaftServer{1} - Sending AppendRequest{term=1, leader=1, prevLogIndex=75, prevLogTerm=1, entries=0, commitIndex=75} to 2
02:53:30.487 [raft-server-3] TRACE i.a.p.raft.roles.FollowerRole - RaftServer{3}{role=FOLLOWER} - Committed entries up to index 75
02:53:30.487 [raft-server-3] TRACE i.a.p.raft.roles.FollowerRole - RaftServer{3}{role=FOLLOWER} - Sending AppendResponse{status=OK, term=1, succeeded=true, lastLogIndex=75}
02:53:30.487 [raft-server-2] TRACE i.a.p.raft.roles.FollowerRole - RaftServer{2}{role=FOLLOWER} - Received AppendRequest{term=1, leader=1, prevLogIndex=75, prevLogTerm=1, entries=0, commitIndex=75}
02:53:30.487 [raft-server-1] TRACE i.a.p.raft.roles.LeaderAppender - RaftServer{1} - Received AppendResponse{status=OK, term=1, succeeded=true, lastLogIndex=75} from 3
02:53:30.487 [raft-server-2] TRACE i.a.p.raft.roles.FollowerRole - RaftServer{2}{role=FOLLOWER} - Committed entries up to index 75
02:53:30.487 [raft-server-2] TRACE i.a.p.raft.roles.FollowerRole - RaftServer{2}{role=FOLLOWER} - Sending AppendResponse{status=OK, term=1, succeeded=true, lastLogIndex=75}
02:53:30.487 [raft-server-1] TRACE i.a.p.raft.roles.LeaderAppender - RaftServer{1} - Sending AppendRequest{term=1, leader=1, prevLogIndex=75, prevLogTerm=1, entries=0, commitIndex=75} to 3
02:53:30.487 [raft-server-1-state] TRACE i.a.p.raft.impl.RaftServiceManager - RaftServer{1} - Applying Indexed{index=75, entry=CommandEntry{term=1, timestamp=2018-06-09 02:53:30,116, session=2, sequence=64, operation=PrimitiveOperation{id=DefaultOperationId{id=write, type=COMMAND}, value=byte[]{length=17, hash=-1644578928}}}}
02:53:30.487 [raft-server-3-state] TRACE i.a.p.raft.impl.RaftServiceManager - RaftServer{3} - Applying Indexed{index=75, entry=CommandEntry{term=1, timestamp=2018-06-09 02:53:30,116, session=2, sequence=64, operation=PrimitiveOperation{id=DefaultOperationId{id=write, type=COMMAND}, value=byte[]{length=17, hash=-1644578928}}}}
02:53:30.487 [raft-server-2-state] TRACE i.a.p.raft.impl.RaftServiceManager - RaftServer{2} - Applying Indexed{index=75, entry=CommandEntry{term=1, timestamp=2018-06-09 02:53:30,116, session=2, sequence=64, operation=PrimitiveOperation{id=DefaultOperationId{id=write, type=COMMAND}, value=byte[]{length=17, hash=-1644578928}}}}
02:53:30.487 [raft-server-1] TRACE i.a.p.raft.roles.LeaderAppender - RaftServer{1} - Received AppendResponse{status=OK, term=1, succeeded=true, lastLogIndex=75} from 2
02:53:30.488 [raft-server-3] TRACE i.a.p.raft.roles.FollowerRole - RaftServer{3}{role=FOLLOWER} - Received AppendRequest{term=1, leader=1, prevLogIndex=75, prevLogTerm=1, entries=0, commitIndex=75}
02:53:30.488 [raft-server-1-state] TRACE i.a.p.s.impl.DefaultServiceExecutor - PrimitiveService{2}{type=io.atomix.protocols.raft.RaftTest$TestPrimitiveType@45397ff4, name=raft-test} - Executing DefaultCommit{index=75, session=RaftSession{RaftServiceContext{server=1, type=io.atomix.protocols.raft.RaftTest$TestPrimitiveType@45397ff4, name=raft-test, id=2}, session=2, timestamp=2018-06-09 02:53:30,116}, time=2018-06-09 02:53:30,116, operation=DefaultOperationId{id=write, type=COMMAND}, value=byte[]{length=17, hash=-1644578928}}
02:53:30.488 [raft-server-3-state] TRACE i.a.p.s.impl.DefaultServiceExecutor - PrimitiveService{2}{type=io.atomix.protocols.raft.RaftTest$TestPrimitiveType@30e8e4fb, name=raft-test} - Executing DefaultCommit{index=75, session=RaftSession{RaftServiceContext{server=3, type=io.atomix.protocols.raft.RaftTest$TestPrimitiveType@30e8e4fb, name=raft-test, id=2}, session=2, timestamp=2018-06-09 02:53:30,116}, time=2018-06-09 02:53:30,116, operation=DefaultOperationId{id=write, type=COMMAND}, value=byte[]{length=17, hash=-1644578928}}
02:53:30.488 [raft-server-2-state] TRACE i.a.p.s.impl.DefaultServiceExecutor - PrimitiveService{2}{type=io.atomix.protocols.raft.RaftTest$TestPrimitiveType@1c47fd5, name=raft-test} - Executing DefaultCommit{index=75, session=RaftSession{RaftServiceContext{server=2, type=io.atomix.protocols.raft.RaftTest$TestPrimitiveType@1c47fd5, name=raft-test, id=2}, session=2, timestamp=2018-06-09 02:53:30,116}, time=2018-06-09 02:53:30,116, operation=DefaultOperationId{id=write, type=COMMAND}, value=byte[]{length=17, hash=-1644578928}}
02:53:30.488 [raft-server-1] TRACE i.a.p.raft.roles.LeaderAppender - RaftServer{1} - Sending AppendRequest{term=1, leader=1, prevLogIndex=75, prevLogTerm=1, entries=0, commitIndex=75} to 2
02:53:30.488 [raft-server-3] TRACE i.a.p.raft.roles.FollowerRole - RaftServer{3}{role=FOLLOWER} - Sending AppendResponse{status=OK, term=1, succeeded=true, lastLogIndex=75}
02:53:30.488 [raft-server-1-state] TRACE i.a.protocols.raft.roles.LeaderRole - RaftServer{1}{role=LEADER} - Sending CommandResponse{status=OK, index=75, eventIndex=2, result=byte[]{length=3, hash=35155}}
02:53:30.488 [raft-server-2] TRACE i.a.p.raft.roles.FollowerRole - RaftServer{2}{role=FOLLOWER} - Received AppendRequest{term=1, leader=1, prevLogIndex=75, prevLogTerm=1, entries=0, commitIndex=75}
02:53:30.488 [raft-server-1] TRACE i.a.p.raft.roles.LeaderAppender - RaftServer{1} - Received AppendResponse{status=OK, term=1, succeeded=true, lastLogIndex=75} from 3
02:53:30.488 [raft-server-2] TRACE i.a.p.raft.roles.FollowerRole - RaftServer{2}{role=FOLLOWER} - Sending AppendResponse{status=OK, term=1, succeeded=true, lastLogIndex=75}
02:53:30.488 [raft-client-02319fd7-5003-4fac-b562-689b946eac2b-0] TRACE i.a.p.r.p.impl.RaftProxyConnection - ProxySession{2}{type=io.atomix.protocols.raft.RaftTest$TestPrimitiveType@35bfa1bb, name=raft-test} - Received CommandResponse{status=OK, index=75, eventIndex=2, result=byte[]{length=3, hash=35155}} from 1
02:53:30.488 [raft-server-1] TRACE i.a.p.raft.roles.LeaderAppender - RaftServer{1} - Sending AppendRequest{term=1, leader=1, prevLogIndex=75, prevLogTerm=1, entries=0, commitIndex=75} to 3
02:53:30.488 [raft-client-02319fd7-5003-4fac-b562-689b946eac2b-0] TRACE i.a.p.r.p.impl.RaftProxySequencer - ProxySession{2}{type=io.atomix.protocols.raft.RaftTest$TestPrimitiveType@35bfa1bb, name=raft-test} - Completing response CommandResponse{status=OK, index=75, eventIndex=2, result=byte[]{length=3, hash=35155}}
02:53:30.488 [raft-server-1] TRACE i.a.p.raft.roles.LeaderAppender - RaftServer{1} - Received AppendResponse{status=OK, term=1, succeeded=true, lastLogIndex=75} from 2
02:53:30.488 [raft-server-3] TRACE i.a.p.raft.roles.FollowerRole - RaftServer{3}{role=FOLLOWER} - Received AppendRequest{term=1, leader=1, prevLogIndex=75, prevLogTerm=1, entries=0, commitIndex=75}
02:53:30.488 [raft-server-3] TRACE i.a.p.raft.roles.FollowerRole - RaftServer{3}{role=FOLLOWER} - Sending AppendResponse{status=OK, term=1, succeeded=true, lastLogIndex=75}
02:53:30.488 [raft-server-1] TRACE i.a.p.raft.roles.LeaderAppender - RaftServer{1} - Received AppendResponse{status=OK, term=1, succeeded=true, lastLogIndex=75} from 3
02:53:30.489 [raft-client-02319fd7-5003-4fac-b562-689b946eac2b-0] TRACE i.a.p.r.p.impl.RaftProxyConnection - ProxySession{2}{type=io.atomix.protocols.raft.RaftTest$TestPrimitiveType@35bfa1bb, name=raft-test} - Sending CommandRequest{session=2, sequence=65, operation=PrimitiveOperation{id=DefaultOperationId{id=write, type=COMMAND}, value=byte[]{length=17, hash=-1644578928}}} to 1
02:53:30.489 [raft-server-1] TRACE i.a.protocols.raft.roles.LeaderRole - RaftServer{1}{role=LEADER} - Received CommandRequest{session=2, sequence=65, operation=PrimitiveOperation{id=DefaultOperationId{id=write, type=COMMAND}, value=byte[]{length=17, hash=-1644578928}}}
02:53:30.489 [raft-server-1] TRACE i.a.protocols.raft.roles.LeaderRole - RaftServer{1}{role=LEADER} - Appended Indexed{index=76, entry=CommandEntry{term=1, timestamp=2018-06-09 02:53:30,489, session=2, sequence=65, operation=PrimitiveOperation{id=DefaultOperationId{id=write, type=COMMAND}, value=byte[]{length=17, hash=-1644578928}}}}
02:53:30.489 [raft-server-1] TRACE i.a.p.raft.roles.LeaderAppender - RaftServer{1} - Sending AppendRequest{term=1, leader=1, prevLogIndex=75, prevLogTerm=1, entries=1, commitIndex=75} to 3
02:53:30.489 [raft-server-3] TRACE i.a.p.raft.roles.FollowerRole - RaftServer{3}{role=FOLLOWER} - Received AppendRequest{term=1, leader=1, prevLogIndex=75, prevLogTerm=1, entries=1, commitIndex=75}
02:53:30.489 [raft-server-1] TRACE i.a.p.raft.roles.LeaderAppender - RaftServer{1} - Sending AppendRequest{term=1, leader=1, prevLogIndex=75, prevLogTerm=1, entries=1, commitIndex=75} to 2
02:53:30.489 [raft-server-3] TRACE i.a.p.raft.roles.FollowerRole - RaftServer{3}{role=FOLLOWER} - Appended Indexed{index=76, entry=CommandEntry{term=1, timestamp=2018-06-09 02:53:30,489, session=2, sequence=65, operation=PrimitiveOperation{id=DefaultOperationId{id=write, type=COMMAND}, value=byte[]{length=17, hash=-1644578928}}}}
02:53:30.489 [raft-server-3] TRACE i.a.p.raft.roles.FollowerRole - RaftServer{3}{role=FOLLOWER} - Sending AppendResponse{status=OK, term=1, succeeded=true, lastLogIndex=76}
02:53:30.489 [raft-server-2] TRACE i.a.p.raft.roles.FollowerRole - RaftServer{2}{role=FOLLOWER} - Received AppendRequest{term=1, leader=1, prevLogIndex=75, prevLogTerm=1, entries=1, commitIndex=75}
02:53:30.489 [raft-server-1] TRACE i.a.p.raft.roles.LeaderAppender - RaftServer{1} - Received AppendResponse{status=OK, term=1, succeeded=true, lastLogIndex=76} from 3
02:53:30.489 [raft-server-1] TRACE i.a.p.raft.roles.LeaderAppender - RaftServer{1} - Committed entries up to 76
02:53:30.489 [raft-server-2] TRACE i.a.p.raft.roles.FollowerRole - RaftServer{2}{role=FOLLOWER} - Appended Indexed{index=76, entry=CommandEntry{term=1, timestamp=2018-06-09 02:53:30,489, session=2, sequence=65, operation=PrimitiveOperation{id=DefaultOperationId{id=write, type=COMMAND}, value=byte[]{length=17, hash=-1644578928}}}}
02:53:30.489 [raft-server-2] TRACE i.a.p.raft.roles.FollowerRole - RaftServer{2}{role=FOLLOWER} - Sending AppendResponse{status=OK, term=1, succeeded=true, lastLogIndex=76}
02:53:30.554 [raft-server-1] TRACE i.a.p.raft.roles.LeaderAppender - RaftServer{1} - Received AppendResponse{status=OK, term=1, succeeded=true, lastLogIndex=76} from 2
02:53:30.554 [raft-server-1-state] TRACE i.a.p.raft.impl.RaftServiceManager - RaftServer{1} - Applying Indexed{index=76, entry=CommandEntry{term=1, timestamp=2018-06-09 02:53:30,489, session=2, sequence=65, operation=PrimitiveOperation{id=DefaultOperationId{id=write, type=COMMAND}, value=byte[]{length=17, hash=-1644578928}}}}
02:53:30.554 [raft-server-1-state] TRACE i.a.p.s.impl.DefaultServiceExecutor - PrimitiveService{2}{type=io.atomix.protocols.raft.RaftTest$TestPrimitiveType@45397ff4, name=raft-test} - Executing DefaultCommit{index=76, session=RaftSession{RaftServiceContext{server=1, type=io.atomix.protocols.raft.RaftTest$TestPrimitiveType@45397ff4, name=raft-test, id=2}, session=2, timestamp=2018-06-09 02:53:30,489}, time=2018-06-09 02:53:30,489, operation=DefaultOperationId{id=write, type=COMMAND}, value=byte[]{length=17, hash=-1644578928}}
02:53:30.554 [raft-server-1-state] TRACE i.a.protocols.raft.roles.LeaderRole - RaftServer{1}{role=LEADER} - Sending CommandResponse{status=OK, index=76, eventIndex=2, result=byte[]{length=3, hash=35217}}
02:53:30.554 [raft-client-02319fd7-5003-4fac-b562-689b946eac2b-1] TRACE i.a.p.r.p.impl.RaftProxyConnection - ProxySession{2}{type=io.atomix.protocols.raft.RaftTest$TestPrimitiveType@35bfa1bb, name=raft-test} - Received CommandResponse{status=OK, index=76, eventIndex=2, result=byte[]{length=3, hash=35217}} from 1
02:53:30.554 [raft-client-02319fd7-5003-4fac-b562-689b946eac2b-1] TRACE i.a.p.r.p.impl.RaftProxySequencer - ProxySession{2}{type=io.atomix.protocols.raft.RaftTest$TestPrimitiveType@35bfa1bb, name=raft-test} - Completing response CommandResponse{status=OK, index=76, eventIndex=2, result=byte[]{length=3, hash=35217}}
02:53:30.555 [raft-client-02319fd7-5003-4fac-b562-689b946eac2b-0] TRACE i.a.p.r.p.impl.RaftProxyConnection - ProxySession{2}{type=io.atomix.protocols.raft.RaftTest$TestPrimitiveType@35bfa1bb, name=raft-test} - Sending CommandRequest{session=2, sequence=66, operation=PrimitiveOperation{id=DefaultOperationId{id=write, type=COMMAND}, value=byte[]{length=17, hash=-1644578928}}} to 1
02:53:30.555 [raft-server-1] TRACE i.a.protocols.raft.roles.LeaderRole - RaftServer{1}{role=LEADER} - Received CommandRequest{session=2, sequence=66, operation=PrimitiveOperation{id=DefaultOperationId{id=write, type=COMMAND}, value=byte[]{length=17, hash=-1644578928}}}
02:53:30.555 [raft-server-1] TRACE i.a.protocols.raft.roles.LeaderRole - RaftServer{1}{role=LEADER} - Appended Indexed{index=77, entry=CommandEntry{term=1, timestamp=2018-06-09 02:53:30,555, session=2, sequence=66, operation=PrimitiveOperation{id=DefaultOperationId{id=write, type=COMMAND}, value=byte[]{length=17, hash=-1644578928}}}}
02:53:30.555 [raft-server-1] TRACE i.a.p.raft.roles.LeaderAppender - RaftServer{1} - Sending AppendRequest{term=1, leader=1, prevLogIndex=76, prevLogTerm=1, entries=1, commitIndex=76} to 3
02:53:30.555 [raft-server-3] TRACE i.a.p.raft.roles.FollowerRole - RaftServer{3}{role=FOLLOWER} - Received AppendRequest{term=1, leader=1, prevLogIndex=76, prevLogTerm=1, entries=1, commitIndex=76}
02:53:30.555 [raft-server-1] TRACE i.a.p.raft.roles.LeaderAppender - RaftServer{1} - Sending AppendRequest{term=1, leader=1, prevLogIndex=76, prevLogTerm=1, entries=1, commitIndex=76} to 2
02:53:30.555 [raft-server-2] TRACE i.a.p.raft.roles.FollowerRole - RaftServer{2}{role=FOLLOWER} - Received AppendRequest{term=1, leader=1, prevLogIndex=76, prevLogTerm=1, entries=1, commitIndex=76}
02:53:30.555 [raft-server-3] TRACE i.a.p.raft.roles.FollowerRole - RaftServer{3}{role=FOLLOWER} - Appended Indexed{index=77, entry=CommandEntry{term=1, timestamp=2018-06-09 02:53:30,555, session=2, sequence=66, operation=PrimitiveOperation{id=DefaultOperationId{id=write, type=COMMAND}, value=byte[]{length=17, hash=-1644578928}}}}
02:53:30.555 [raft-server-2] TRACE i.a.p.raft.roles.FollowerRole - RaftServer{2}{role=FOLLOWER} - Appended Indexed{index=77, entry=CommandEntry{term=1, timestamp=2018-06-09 02:53:30,555, session=2, sequence=66, operation=PrimitiveOperation{id=DefaultOperationId{id=write, type=COMMAND}, value=byte[]{length=17, hash=-1644578928}}}}
02:53:30.612 [raft-server-3] TRACE i.a.p.raft.roles.FollowerRole - RaftServer{3}{role=FOLLOWER} - Committed entries up to index 76
02:53:30.612 [raft-server-3] TRACE i.a.p.raft.roles.FollowerRole - RaftServer{3}{role=FOLLOWER} - Sending AppendResponse{status=OK, term=1, succeeded=true, lastLogIndex=77}
02:53:30.612 [raft-server-1] TRACE i.a.p.raft.roles.LeaderAppender - RaftServer{1} - Received AppendResponse{status=OK, term=1, succeeded=true, lastLogIndex=77} from 3
02:53:30.612 [raft-server-3-state] TRACE i.a.p.raft.impl.RaftServiceManager - RaftServer{3} - Applying Indexed{index=76, entry=CommandEntry{term=1, timestamp=2018-06-09 02:53:30,489, session=2, sequence=65, operation=PrimitiveOperation{id=DefaultOperationId{id=write, type=COMMAND}, value=byte[]{length=17, hash=-1644578928}}}}
02:53:30.612 [raft-server-1] TRACE i.a.p.raft.roles.LeaderAppender - RaftServer{1} - Committed entries up to 77
02:53:30.612 [raft-server-3-state] TRACE i.a.p.s.impl.DefaultServiceExecutor - PrimitiveService{2}{type=io.atomix.protocols.raft.RaftTest$TestPrimitiveType@30e8e4fb, name=raft-test} - Executing DefaultCommit{index=76, session=RaftSession{RaftServiceContext{server=3, type=io.atomix.protocols.raft.RaftTest$TestPrimitiveType@30e8e4fb, name=raft-test, id=2}, session=2, timestamp=2018-06-09 02:53:30,489}, time=2018-06-09 02:53:30,489, operation=DefaultOperationId{id=write, type=COMMAND}, value=byte[]{length=17, hash=-1644578928}}
02:53:30.612 [raft-server-2] TRACE i.a.p.raft.roles.FollowerRole - RaftServer{2}{role=FOLLOWER} - Committed entries up to index 76
02:53:30.613 [raft-server-2] TRACE i.a.p.raft.roles.FollowerRole - RaftServer{2}{role=FOLLOWER} - Sending AppendResponse{status=OK, term=1, succeeded=true, lastLogIndex=77}
02:53:30.613 [raft-server-2-state] TRACE i.a.p.raft.impl.RaftServiceManager - RaftServer{2} - Applying Indexed{index=76, entry=CommandEntry{term=1, timestamp=2018-06-09 02:53:30,489, session=2, sequence=65, operation=PrimitiveOperation{id=DefaultOperationId{id=write, type=COMMAND}, value=byte[]{length=17, hash=-1644578928}}}}
02:53:30.613 [raft-server-2-state] TRACE i.a.p.s.impl.DefaultServiceExecutor - PrimitiveService{2}{type=io.atomix.protocols.raft.RaftTest$TestPrimitiveType@1c47fd5, name=raft-test} - Executing DefaultCommit{index=76, session=RaftSession{RaftServiceContext{server=2, type=io.atomix.protocols.raft.RaftTest$TestPrimitiveType@1c47fd5, name=raft-test, id=2}, session=2, timestamp=2018-06-09 02:53:30,489}, time=2018-06-09 02:53:30,489, operation=DefaultOperationId{id=write, type=COMMAND}, value=byte[]{length=17, hash=-1644578928}}
02:53:30.673 [raft-server-1] TRACE i.a.p.raft.roles.LeaderAppender - RaftServer{1} - Received AppendResponse{status=OK, term=1, succeeded=true, lastLogIndex=77} from 2
02:53:30.673 [raft-server-1] TRACE i.a.p.raft.roles.LeaderAppender - RaftServer{1} - Sending AppendRequest{term=1, leader=1, prevLogIndex=77, prevLogTerm=1, entries=0, commitIndex=77} to 3
02:53:30.673 [raft-server-1] TRACE i.a.p.raft.roles.LeaderAppender - RaftServer{1} - Sending AppendRequest{term=1, leader=1, prevLogIndex=77, prevLogTerm=1, entries=0, commitIndex=77} to 2
02:53:30.673 [raft-server-3] TRACE i.a.p.raft.roles.FollowerRole - RaftServer{3}{role=FOLLOWER} - Received AppendRequest{term=1, leader=1, prevLogIndex=77, prevLogTerm=1, entries=0, commitIndex=77}
02:53:30.673 [raft-server-1-state] TRACE i.a.p.raft.impl.RaftServiceManager - RaftServer{1} - Applying Indexed{index=77, entry=CommandEntry{term=1, timestamp=2018-06-09 02:53:30,555, session=2, sequence=66, operation=PrimitiveOperation{id=DefaultOperationId{id=write, type=COMMAND}, value=byte[]{length=17, hash=-1644578928}}}}
02:53:30.673 [raft-server-1-state] TRACE i.a.p.s.impl.DefaultServiceExecutor - PrimitiveService{2}{type=io.atomix.protocols.raft.RaftTest$TestPrimitiveType@45397ff4, name=raft-test} - Executing DefaultCommit{index=77, session=RaftSession{RaftServiceContext{server=1, type=io.atomix.protocols.raft.RaftTest$TestPrimitiveType@45397ff4, name=raft-test, id=2}, session=2, timestamp=2018-06-09 02:53:30,555}, time=2018-06-09 02:53:30,555, operation=DefaultOperationId{id=write, type=COMMAND}, value=byte[]{length=17, hash=-1644578928}}
02:53:30.673 [raft-server-1-state] TRACE i.a.protocols.raft.roles.LeaderRole - RaftServer{1}{role=LEADER} - Sending CommandResponse{status=OK, index=77, eventIndex=2, result=byte[]{length=3, hash=35279}}
02:53:30.674 [raft-client-02319fd7-5003-4fac-b562-689b946eac2b-3] TRACE i.a.p.r.p.impl.RaftProxyConnection - ProxySession{2}{type=io.atomix.protocols.raft.RaftTest$TestPrimitiveType@35bfa1bb, name=raft-test} - Received CommandResponse{status=OK, index=77, eventIndex=2, result=byte[]{length=3, hash=35279}} from 1
02:53:30.674 [raft-client-02319fd7-5003-4fac-b562-689b946eac2b-3] TRACE i.a.p.r.p.impl.RaftProxySequencer - ProxySession{2}{type=io.atomix.protocols.raft.RaftTest$TestPrimitiveType@35bfa1bb, name=raft-test} - Completing response CommandResponse{status=OK, index=77, eventIndex=2, result=byte[]{length=3, hash=35279}}
02:53:30.674 [raft-server-2] TRACE i.a.p.raft.roles.FollowerRole - RaftServer{2}{role=FOLLOWER} - Received AppendRequest{term=1, leader=1, prevLogIndex=77, prevLogTerm=1, entries=0, commitIndex=77}
02:53:30.674 [raft-client-02319fd7-5003-4fac-b562-689b946eac2b-7] TRACE i.a.p.r.p.impl.RaftProxyConnection - ProxySession{2}{type=io.atomix.protocols.raft.RaftTest$TestPrimitiveType@35bfa1bb, name=raft-test} - Sending CommandRequest{session=2, sequence=67, operation=PrimitiveOperation{id=DefaultOperationId{id=write, type=COMMAND}, value=byte[]{length=17, hash=-1644578928}}} to 1
02:53:30.674 [raft-server-1] TRACE i.a.protocols.raft.roles.LeaderRole - RaftServer{1}{role=LEADER} - Received CommandRequest{session=2, sequence=67, operation=PrimitiveOperation{id=DefaultOperationId{id=write, type=COMMAND}, value=byte[]{length=17, hash=-1644578928}}}
02:53:30.674 [raft-server-1] TRACE i.a.protocols.raft.roles.LeaderRole - RaftServer{1}{role=LEADER} - Appended Indexed{index=78, entry=CommandEntry{term=1, timestamp=2018-06-09 02:53:30,674, session=2, sequence=67, operation=PrimitiveOperation{id=DefaultOperationId{id=write, type=COMMAND}, value=byte[]{length=17, hash=-1644578928}}}}
02:53:30.744 [raft-client-02319fd7-5003-4fac-b562-689b946eac2b-3] TRACE i.a.p.r.proxy.impl.RaftProxyManager - RaftClient{02319fd7-5003-4fac-b562-689b946eac2b} - Keeping 1 sessions alive
02:53:30.744 [raft-client-02319fd7-5003-4fac-b562-689b946eac2b-3] TRACE i.a.p.r.p.impl.RaftProxyConnection - RaftClient{02319fd7-5003-4fac-b562-689b946eac2b} - Sending KeepAliveRequest{sessionIds=long[]{length=1, hash=33}, commandSequences=long[]{length=1, hash=97}, eventIndexes=long[]{length=1, hash=33}} to 1
02:53:30.744 [raft-server-1] TRACE i.a.protocols.raft.roles.LeaderRole - RaftServer{1}{role=LEADER} - Received KeepAliveRequest{sessionIds=long[]{length=1, hash=33}, commandSequences=long[]{length=1, hash=97}, eventIndexes=long[]{length=1, hash=33}}
02:53:30.744 [raft-server-1] TRACE i.a.protocols.raft.roles.LeaderRole - RaftServer{1}{role=LEADER} - Appended Indexed{index=79, entry=KeepAliveEntry{term=1, timestamp=2018-06-09 02:53:30,744, sessionIds=long[]{length=1, hash=33}, commandSequences=long[]{length=1, hash=97}, eventIndexes=long[]{length=1, hash=33}}}
02:53:30.744 [raft-server-1] TRACE i.a.p.raft.roles.LeaderAppender - RaftServer{1} - Sending AppendRequest{term=1, leader=1, prevLogIndex=77, prevLogTerm=1, entries=2, commitIndex=77} to 3
02:53:30.744 [raft-server-1] TRACE i.a.p.raft.roles.LeaderAppender - RaftServer{1} - Sending AppendRequest{term=1, leader=1, prevLogIndex=77, prevLogTerm=1, entries=2, commitIndex=77} to 2
02:53:30.748 [raft-server-1] INFO  i.a.protocols.raft.impl.RaftContext - RaftServer{1} - Transitioning to INACTIVE
02:53:30.748 [raft-server-1] TRACE i.a.protocols.raft.roles.LeaderRole - RaftServer{1}{role=LEADER} - Sending CommandResponse{status=ERROR, error=RaftError{type=COMMAND_FAILURE, message=null}, lastSequence=0}
02:53:30.748 [raft-server-1] TRACE i.a.protocols.raft.roles.LeaderRole - RaftServer{1}{role=LEADER} - Sending KeepAliveResponse{status=ERROR, error=RaftError{type=ILLEGAL_MEMBER_STATE, message=null}}
02:53:30.748 [raft-server-1] TRACE i.a.protocols.raft.roles.LeaderRole - RaftServer{1}{role=LEADER} - Cancelling append timer
02:53:30.748 [raft-server-1] TRACE i.a.p.raft.storage.system.MetaStore - Store vote null
02:53:30.749 [raft-server-3] TRACE i.a.p.raft.roles.FollowerRole - RaftServer{3}{role=FOLLOWER} - Committed entries up to index 77
02:53:30.749 [raft-server-3] TRACE i.a.p.raft.roles.FollowerRole - RaftServer{3}{role=FOLLOWER} - Sending AppendResponse{status=OK, term=1, succeeded=true, lastLogIndex=77}
02:53:30.749 [raft-server-3] TRACE i.a.p.raft.roles.FollowerRole - RaftServer{3}{role=FOLLOWER} - Received AppendRequest{term=1, leader=1, prevLogIndex=77, prevLogTerm=1, entries=2, commitIndex=77}
02:53:30.750 [raft-server-3] TRACE i.a.p.raft.roles.FollowerRole - RaftServer{3}{role=FOLLOWER} - Appended Indexed{index=78, entry=CommandEntry{term=1, timestamp=2018-06-09 02:53:30,674, session=2, sequence=67, operation=PrimitiveOperation{id=DefaultOperationId{id=write, type=COMMAND}, value=byte[]{length=17, hash=-1644578928}}}}
02:53:30.750 [raft-server-3] TRACE i.a.p.raft.roles.FollowerRole - RaftServer{3}{role=FOLLOWER} - Appended Indexed{index=79, entry=KeepAliveEntry{term=1, timestamp=2018-06-09 02:53:30,744, sessionIds=long[]{length=1, hash=33}, commandSequences=long[]{length=1, hash=97}, eventIndexes=long[]{length=1, hash=33}}}
02:53:30.750 [raft-server-3] TRACE i.a.p.raft.roles.FollowerRole - RaftServer{3}{role=FOLLOWER} - Sending AppendResponse{status=OK, term=1, succeeded=true, lastLogIndex=79}
02:53:30.750 [raft-server-3-state] TRACE i.a.p.raft.impl.RaftServiceManager - RaftServer{3} - Applying Indexed{index=77, entry=CommandEntry{term=1, timestamp=2018-06-09 02:53:30,555, session=2, sequence=66, operation=PrimitiveOperation{id=DefaultOperationId{id=write, type=COMMAND}, value=byte[]{length=17, hash=-1644578928}}}}
02:53:30.750 [raft-server-3-state] TRACE i.a.p.s.impl.DefaultServiceExecutor - PrimitiveService{2}{type=io.atomix.protocols.raft.RaftTest$TestPrimitiveType@30e8e4fb, name=raft-test} - Executing DefaultCommit{index=77, session=RaftSession{RaftServiceContext{server=3, type=io.atomix.protocols.raft.RaftTest$TestPrimitiveType@30e8e4fb, name=raft-test, id=2}, session=2, timestamp=2018-06-09 02:53:30,555}, time=2018-06-09 02:53:30,555, operation=DefaultOperationId{id=write, type=COMMAND}, value=byte[]{length=17, hash=-1644578928}}
02:53:30.840 [raft-server-2] TRACE i.a.p.raft.roles.FollowerRole - RaftServer{2}{role=FOLLOWER} - Committed entries up to index 77
02:53:30.840 [raft-server-2] TRACE i.a.p.raft.roles.FollowerRole - RaftServer{2}{role=FOLLOWER} - Sending AppendResponse{status=OK, term=1, succeeded=true, lastLogIndex=77}
02:53:30.840 [raft-server-2] TRACE i.a.p.raft.roles.FollowerRole - RaftServer{2}{role=FOLLOWER} - Received AppendRequest{term=1, leader=1, prevLogIndex=77, prevLogTerm=1, entries=2, commitIndex=77}
02:53:30.840 [ForkJoinPool.commonPool-worker-5] DEBUG i.a.storage.journal.SegmentedJournal - Closing segment: JournalSegment{id=1, version=1, index=1, size=505}
02:53:30.840 [ForkJoinPool.commonPool-worker-5] DEBUG i.a.storage.journal.SegmentedJournal - Closing segment: JournalSegment{id=2, version=1, index=11, size=549}
02:53:30.840 [ForkJoinPool.commonPool-worker-5] DEBUG i.a.storage.journal.SegmentedJournal - Closing segment: JournalSegment{id=3, version=1, index=21, size=549}
02:53:30.840 [raft-server-2] TRACE i.a.p.raft.roles.FollowerRole - RaftServer{2}{role=FOLLOWER} - Appended Indexed{index=78, entry=CommandEntry{term=1, timestamp=2018-06-09 02:53:30,674, session=2, sequence=67, operation=PrimitiveOperation{id=DefaultOperationId{id=write, type=COMMAND}, value=byte[]{length=17, hash=-1644578928}}}}
02:53:30.840 [ForkJoinPool.commonPool-worker-5] DEBUG i.a.storage.journal.SegmentedJournal - Closing segment: JournalSegment{id=4, version=1, index=31, size=574}
02:53:30.840 [ForkJoinPool.commonPool-worker-5] DEBUG i.a.storage.journal.SegmentedJournal - Closing segment: JournalSegment{id=5, version=1, index=41, size=549}
02:53:30.840 [raft-server-2] TRACE i.a.p.raft.roles.FollowerRole - RaftServer{2}{role=FOLLOWER} - Appended Indexed{index=79, entry=KeepAliveEntry{term=1, timestamp=2018-06-09 02:53:30,744, sessionIds=long[]{length=1, hash=33}, commandSequences=long[]{length=1, hash=97}, eventIndexes=long[]{length=1, hash=33}}}
02:53:30.840 [ForkJoinPool.commonPool-worker-5] DEBUG i.a.storage.journal.SegmentedJournal - Closing segment: JournalSegment{id=6, version=1, index=51, size=549}
02:53:30.840 [raft-server-2] TRACE i.a.p.raft.roles.FollowerRole - RaftServer{2}{role=FOLLOWER} - Sending AppendResponse{status=OK, term=1, succeeded=true, lastLogIndex=79}
02:53:30.841 [ForkJoinPool.commonPool-worker-5] DEBUG i.a.storage.journal.SegmentedJournal - Closing segment: JournalSegment{id=7, version=1, index=61, size=549}
02:53:30.841 [ForkJoinPool.commonPool-worker-5] DEBUG i.a.storage.journal.SegmentedJournal - Closing segment: JournalSegment{id=8, version=1, index=71, size=503}
02:53:30.841 [raft-server-2-state] TRACE i.a.p.raft.impl.RaftServiceManager - RaftServer{2} - Applying Indexed{index=77, entry=CommandEntry{term=1, timestamp=2018-06-09 02:53:30,555, session=2, sequence=66, operation=PrimitiveOperation{id=DefaultOperationId{id=write, type=COMMAND}, value=byte[]{length=17, hash=-1644578928}}}}
02:53:30.841 [raft-server-2-state] TRACE i.a.p.s.impl.DefaultServiceExecutor - PrimitiveService{2}{type=io.atomix.protocols.raft.RaftTest$TestPrimitiveType@1c47fd5, name=raft-test} - Executing DefaultCommit{index=77, session=RaftSession{RaftServiceContext{server=2, type=io.atomix.protocols.raft.RaftTest$TestPrimitiveType@1c47fd5, name=raft-test, id=2}, session=2, timestamp=2018-06-09 02:53:30,555}, time=2018-06-09 02:53:30,555, operation=DefaultOperationId{id=write, type=COMMAND}, value=byte[]{length=17, hash=-1644578928}}
02:53:30.841 [raft-server-2] INFO  i.a.protocols.raft.impl.RaftContext - RaftServer{2} - Transitioning to INACTIVE
02:53:30.842 [raft-server-2] TRACE i.a.p.raft.roles.FollowerRole - RaftServer{2}{role=FOLLOWER} - Cancelling heartbeat timer
02:53:30.842 [ForkJoinPool.commonPool-worker-5] DEBUG i.a.storage.journal.SegmentedJournal - Closing segment: JournalSegment{id=1, version=1, index=1, size=505}
02:53:30.842 [ForkJoinPool.commonPool-worker-5] DEBUG i.a.storage.journal.SegmentedJournal - Closing segment: JournalSegment{id=2, version=1, index=11, size=549}
02:53:30.842 [ForkJoinPool.commonPool-worker-5] DEBUG i.a.storage.journal.SegmentedJournal - Closing segment: JournalSegment{id=3, version=1, index=21, size=549}
02:53:30.842 [ForkJoinPool.commonPool-worker-5] DEBUG i.a.storage.journal.SegmentedJournal - Closing segment: JournalSegment{id=4, version=1, index=31, size=574}
02:53:30.842 [ForkJoinPool.commonPool-worker-5] DEBUG i.a.storage.journal.SegmentedJournal - Closing segment: JournalSegment{id=5, version=1, index=41, size=549}
02:53:30.842 [ForkJoinPool.commonPool-worker-5] DEBUG i.a.storage.journal.SegmentedJournal - Closing segment: JournalSegment{id=6, version=1, index=51, size=549}
02:53:30.842 [ForkJoinPool.commonPool-worker-5] DEBUG i.a.storage.journal.SegmentedJournal - Closing segment: JournalSegment{id=7, version=1, index=61, size=549}
02:53:30.842 [ForkJoinPool.commonPool-worker-5] DEBUG i.a.storage.journal.SegmentedJournal - Closing segment: JournalSegment{id=8, version=1, index=71, size=503}
02:53:30.842 [raft-server-3] INFO  i.a.protocols.raft.impl.RaftContext - RaftServer{3} - Transitioning to INACTIVE
02:53:30.842 [raft-server-3] TRACE i.a.p.raft.roles.FollowerRole - RaftServer{3}{role=FOLLOWER} - Cancelling heartbeat timer
02:53:30.842 [ForkJoinPool.commonPool-worker-5] DEBUG i.a.storage.journal.SegmentedJournal - Closing segment: JournalSegment{id=1, version=1, index=1, size=505}
02:53:30.842 [ForkJoinPool.commonPool-worker-5] DEBUG i.a.storage.journal.SegmentedJournal - Closing segment: JournalSegment{id=2, version=1, index=11, size=549}
02:53:30.842 [ForkJoinPool.commonPool-worker-5] DEBUG i.a.storage.journal.SegmentedJournal - Closing segment: JournalSegment{id=3, version=1, index=21, size=549}
02:53:30.842 [ForkJoinPool.commonPool-worker-5] DEBUG i.a.storage.journal.SegmentedJournal - Closing segment: JournalSegment{id=4, version=1, index=31, size=574}
02:53:30.842 [ForkJoinPool.commonPool-worker-5] DEBUG i.a.storage.journal.SegmentedJournal - Closing segment: JournalSegment{id=5, version=1, index=41, size=549}
02:53:30.842 [ForkJoinPool.commonPool-worker-5] DEBUG i.a.storage.journal.SegmentedJournal - Closing segment: JournalSegment{id=6, version=1, index=51, size=549}
02:53:30.842 [ForkJoinPool.commonPool-worker-5] DEBUG i.a.storage.journal.SegmentedJournal - Closing segment: JournalSegment{id=7, version=1, index=61, size=549}
02:53:30.842 [ForkJoinPool.commonPool-worker-5] DEBUG i.a.storage.journal.SegmentedJournal - Closing segment: JournalSegment{id=8, version=1, index=71, size=503}
]]></system-out>
  </testcase>
  <testcase name="testThreeNodeSubmitQueryWithSequentialConsistency" classname="io.atomix.protocols.raft.RaftTest" time="2.845"/>
  <testcase name="testFiveNodeSubmitQueryWithBoundedLinearizableConsistency" classname="io.atomix.protocols.raft.RaftTest" time="3.613"/>
  <testcase name="testTwoNodeSubmitQueryWithBoundedLinearizableConsistency" classname="io.atomix.protocols.raft.RaftTest" time="3.456"/>
  <testcase name="testThreeOfFiveNodeSubmitCommand" classname="io.atomix.protocols.raft.RaftTest" time="2.731"/>
  <testcase name="testTwoNodeSubmitQueryWithSequentialConsistency" classname="io.atomix.protocols.raft.RaftTest" time="2.508"/>
  <testcase name="testActiveJoinEvent" classname="io.atomix.protocols.raft.RaftTest" time="4.368"/>
  <testcase name="testOneNodeSubmitCommand" classname="io.atomix.protocols.raft.RaftTest" time="2.078"/>
  <testcase name="testFourNodeSubmitCommand" classname="io.atomix.protocols.raft.RaftTest" time="4.819"/>
  <testcase name="testTwoNodeSequentialEvent" classname="io.atomix.protocols.raft.RaftTest" time="4.741"/>
  <testcase name="testThreeNodeCloseEvent" classname="io.atomix.protocols.raft.RaftTest" time="5.041"/>
  <testcase name="testFourNodeSubmitQueryWithBoundedLinearizableConsistency" classname="io.atomix.protocols.raft.RaftTest" time="3.901"/>
  <testcase name="testFiveNodeSubmitQueryWithLinearizableConsistency" classname="io.atomix.protocols.raft.RaftTest" time="3.714"/>
  <testcase name="testSequenceSequentialOperations" classname="io.atomix.protocols.raft.RaftTest" time="3.416"/>
  <testcase name="testSingleMemberStart" classname="io.atomix.protocols.raft.RaftTest" time="4.643"/>
  <testcase name="testThreeNodeEvents" classname="io.atomix.protocols.raft.RaftTest" time="3.311"/>
  <testcase name="testSequenceLinearizableOperations" classname="io.atomix.protocols.raft.RaftTest" time="3.481"/>
  <testcase name="testThreeNodeSubmitQueryWithLinearizableConsistency" classname="io.atomix.protocols.raft.RaftTest" time="2.966"/>
  <testcase name="testFiveNodeManyEvents" classname="io.atomix.protocols.raft.RaftTest" time="4.373"/>
  <testcase name="testOneNodeSubmitQueryWithBoundedLinearizableConsistency" classname="io.atomix.protocols.raft.RaftTest" time="1.701"/>
  <testcase name="testFiveNodeExpireEvent" classname="io.atomix.protocols.raft.RaftTest" time="11.123"/>
  <testcase name="testFiveNodeSubmitQueryWithSequentialConsistency" classname="io.atomix.protocols.raft.RaftTest" time="3.076"/>
  <testcase name="testTransferLeadership" classname="io.atomix.protocols.raft.RaftTest" time="3.077">
    <skipped/>
  </testcase>
  <testcase name="testTwoNodeSubmitQueryWithLinearizableConsistency" classname="io.atomix.protocols.raft.RaftTest" time="2.564"/>
  <testcase name="testThreeNodeSequentialEvent" classname="io.atomix.protocols.raft.RaftTest" time="2.821"/>
  <testcase name="testTwoNodeEvents" classname="io.atomix.protocols.raft.RaftTest" time="3.258"/>
  <testcase name="testActiveJoin" classname="io.atomix.protocols.raft.RaftTest" time="5.909"/>
  <testcase name="testPassiveJoinLate" classname="io.atomix.protocols.raft.RaftTest" time="18.928">
    <error message="Test timed out while waiting for an expected result" type="java.util.concurrent.TimeoutException">java.util.concurrent.TimeoutException: Test timed out while waiting for an expected result
	at net.jodah.concurrentunit.Waiter.await(Waiter.java:168)
	at net.jodah.concurrentunit.Waiter.await(Waiter.java:115)
	at net.jodah.concurrentunit.ConcurrentTestCase.await(ConcurrentTestCase.java:98)
	at io.atomix.protocols.raft.RaftTest.testServerJoinLate(RaftTest.java:202)
	at io.atomix.protocols.raft.RaftTest.testPassiveJoinLate(RaftTest.java:191)
</error>
    <system-out><![CDATA[02:55:07.653 [main] DEBUG i.a.storage.journal.SegmentedJournal - Created disk segment: JournalSegment{id=1, version=1, index=1, size=64}
02:55:07.653 [main] TRACE i.a.p.raft.storage.system.MetaStore - Store configuration Configuration{index=0, time=2018-06-09 02:55:07,653, members=[DefaultRaftMember{id=1, type=ACTIVE, updated=2018-06-09T00:55:07.653Z}, DefaultRaftMember{id=3, type=ACTIVE, updated=2018-06-09T00:55:07.653Z}, DefaultRaftMember{id=2, type=ACTIVE, updated=2018-06-09T00:55:07.653Z}]}
02:55:07.678 [raft-server-1] INFO  i.a.protocols.raft.impl.RaftContext - RaftServer{1} - Transitioning to FOLLOWER
02:55:07.678 [raft-server-1] DEBUG i.a.p.r.c.impl.RaftClusterContext - RaftServer{1} - Attempting to join via 3
02:55:07.678 [raft-server-1] TRACE i.a.p.r.c.impl.RaftClusterContext - RaftServer{1} - Cancelling join timeout
02:55:07.678 [raft-server-1] DEBUG i.a.p.r.c.impl.RaftClusterContext - RaftServer{1} - Failed to join 3
02:55:07.678 [raft-server-1] DEBUG i.a.p.r.c.impl.RaftClusterContext - RaftServer{1} - Attempting to join via 2
02:55:07.679 [raft-server-1] TRACE i.a.p.r.c.impl.RaftClusterContext - RaftServer{1} - Cancelling join timeout
02:55:07.679 [raft-server-1] DEBUG i.a.p.r.c.impl.RaftClusterContext - RaftServer{1} - Failed to join 2
02:55:07.679 [raft-server-1] DEBUG i.a.p.r.c.impl.RaftClusterContext - RaftServer{1} - Failed to join cluster, retrying...
02:55:07.944 [main] DEBUG i.a.storage.journal.SegmentedJournal - Created disk segment: JournalSegment{id=1, version=1, index=1, size=64}
02:55:07.945 [main] TRACE i.a.p.raft.storage.system.MetaStore - Store configuration Configuration{index=0, time=2018-06-09 02:55:07,945, members=[DefaultRaftMember{id=1, type=ACTIVE, updated=2018-06-09T00:55:07.945Z}, DefaultRaftMember{id=3, type=ACTIVE, updated=2018-06-09T00:55:07.945Z}, DefaultRaftMember{id=2, type=ACTIVE, updated=2018-06-09T00:55:07.945Z}]}
02:55:07.978 [raft-server-2] INFO  i.a.protocols.raft.impl.RaftContext - RaftServer{2} - Transitioning to FOLLOWER
02:55:07.978 [raft-server-2] DEBUG i.a.p.r.c.impl.RaftClusterContext - RaftServer{2} - Attempting to join via 1
02:55:07.979 [raft-server-1] TRACE i.a.p.raft.roles.FollowerRole - RaftServer{1}{role=FOLLOWER} - Received JoinRequest{member=DefaultRaftMember{id=2, type=ACTIVE, updated=2018-06-09T00:55:07.945Z}}
02:55:07.979 [raft-server-1] TRACE i.a.p.raft.roles.FollowerRole - RaftServer{1}{role=FOLLOWER} - Sending JoinResponse{status=ERROR, error=RaftError{type=NO_LEADER, message=null}}
02:55:07.980 [raft-server-2] TRACE i.a.p.r.c.impl.RaftClusterContext - RaftServer{2} - Cancelling join timeout
02:55:07.980 [raft-server-2] DEBUG i.a.p.r.c.impl.RaftClusterContext - RaftServer{2} - Failed to join 1
02:55:07.980 [raft-server-2] DEBUG i.a.p.r.c.impl.RaftClusterContext - RaftServer{2} - Attempting to join via 3
02:55:07.980 [raft-server-2] TRACE i.a.p.r.c.impl.RaftClusterContext - RaftServer{2} - Cancelling join timeout
02:55:07.980 [raft-server-2] DEBUG i.a.p.r.c.impl.RaftClusterContext - RaftServer{2} - Failed to join 3
02:55:07.980 [raft-server-2] DEBUG i.a.p.r.c.impl.RaftClusterContext - RaftServer{2} - Failed to join cluster, retrying...
02:55:08.374 [main] DEBUG i.a.storage.journal.SegmentedJournal - Created disk segment: JournalSegment{id=1, version=1, index=1, size=64}
02:55:08.374 [main] TRACE i.a.p.raft.storage.system.MetaStore - Store configuration Configuration{index=0, time=2018-06-09 02:55:08,374, members=[DefaultRaftMember{id=1, type=ACTIVE, updated=2018-06-09T00:55:08.374Z}, DefaultRaftMember{id=3, type=ACTIVE, updated=2018-06-09T00:55:08.374Z}, DefaultRaftMember{id=2, type=ACTIVE, updated=2018-06-09T00:55:08.374Z}]}
02:55:08.403 [raft-server-3] INFO  i.a.protocols.raft.impl.RaftContext - RaftServer{3} - Transitioning to FOLLOWER
02:55:08.403 [raft-server-3] DEBUG i.a.p.r.c.impl.RaftClusterContext - RaftServer{3} - Attempting to join via 1
02:55:08.403 [raft-server-1] TRACE i.a.p.raft.roles.FollowerRole - RaftServer{1}{role=FOLLOWER} - Received JoinRequest{member=DefaultRaftMember{id=3, type=ACTIVE, updated=2018-06-09T00:55:08.374Z}}
02:55:08.403 [raft-server-1] TRACE i.a.p.raft.roles.FollowerRole - RaftServer{1}{role=FOLLOWER} - Sending JoinResponse{status=ERROR, error=RaftError{type=NO_LEADER, message=null}}
02:55:08.403 [raft-server-3] TRACE i.a.p.r.c.impl.RaftClusterContext - RaftServer{3} - Cancelling join timeout
02:55:08.404 [raft-server-3] DEBUG i.a.p.r.c.impl.RaftClusterContext - RaftServer{3} - Failed to join 1
02:55:08.404 [raft-server-3] DEBUG i.a.p.r.c.impl.RaftClusterContext - RaftServer{3} - Attempting to join via 2
02:55:08.404 [raft-server-2] TRACE i.a.p.raft.roles.FollowerRole - RaftServer{2}{role=FOLLOWER} - Received JoinRequest{member=DefaultRaftMember{id=3, type=ACTIVE, updated=2018-06-09T00:55:08.374Z}}
02:55:08.404 [raft-server-2] TRACE i.a.p.raft.roles.FollowerRole - RaftServer{2}{role=FOLLOWER} - Sending JoinResponse{status=ERROR, error=RaftError{type=NO_LEADER, message=null}}
02:55:08.404 [raft-server-3] TRACE i.a.p.r.c.impl.RaftClusterContext - RaftServer{3} - Cancelling join timeout
02:55:08.404 [raft-server-3] DEBUG i.a.p.r.c.impl.RaftClusterContext - RaftServer{3} - Failed to join 2
02:55:08.404 [raft-server-3] DEBUG i.a.p.r.c.impl.RaftClusterContext - RaftServer{3} - Failed to join cluster, retrying...
02:55:08.647 [raft-server-1] DEBUG i.a.p.raft.roles.FollowerRole - RaftServer{1}{role=FOLLOWER} - Heartbeat timed out in PT0.969S
02:55:08.648 [raft-server-1] DEBUG i.a.p.raft.roles.FollowerRole - RaftServer{1}{role=FOLLOWER} - Polling members [DefaultRaftMember{id=3, type=ACTIVE, updated=2018-06-09T00:55:07.653Z}, DefaultRaftMember{id=2, type=ACTIVE, updated=2018-06-09T00:55:07.653Z}]
02:55:08.648 [raft-server-1] DEBUG i.a.p.raft.roles.FollowerRole - RaftServer{1}{role=FOLLOWER} - Polling DefaultRaftMember{id=3, type=ACTIVE, updated=2018-06-09T00:55:07.653Z} for next term 1
02:55:08.648 [raft-server-1] DEBUG i.a.p.raft.roles.FollowerRole - RaftServer{1}{role=FOLLOWER} - Polling DefaultRaftMember{id=2, type=ACTIVE, updated=2018-06-09T00:55:07.653Z} for next term 1
02:55:08.648 [raft-server-2] TRACE i.a.p.raft.roles.FollowerRole - RaftServer{2}{role=FOLLOWER} - Received PollRequest{term=0, candidate=1, lastLogIndex=0, lastLogTerm=0}
02:55:08.648 [raft-server-3] TRACE i.a.p.raft.roles.FollowerRole - RaftServer{3}{role=FOLLOWER} - Received PollRequest{term=0, candidate=1, lastLogIndex=0, lastLogTerm=0}
02:55:08.648 [raft-server-2] DEBUG i.a.p.raft.roles.FollowerRole - RaftServer{2}{role=FOLLOWER} - Accepted PollRequest{term=0, candidate=1, lastLogIndex=0, lastLogTerm=0}: candidate's log is up-to-date
02:55:08.648 [raft-server-3] DEBUG i.a.p.raft.roles.FollowerRole - RaftServer{3}{role=FOLLOWER} - Accepted PollRequest{term=0, candidate=1, lastLogIndex=0, lastLogTerm=0}: candidate's log is up-to-date
02:55:08.648 [raft-server-2] TRACE i.a.p.raft.roles.FollowerRole - RaftServer{2}{role=FOLLOWER} - Sending PollResponse{status=OK, term=0, accepted=true}
02:55:08.648 [raft-server-3] TRACE i.a.p.raft.roles.FollowerRole - RaftServer{3}{role=FOLLOWER} - Sending PollResponse{status=OK, term=0, accepted=true}
02:55:08.648 [raft-server-1] DEBUG i.a.p.raft.roles.FollowerRole - RaftServer{1}{role=FOLLOWER} - Received accepted poll from DefaultRaftMember{id=2, type=ACTIVE, updated=2018-06-09T00:55:07.653Z}
02:55:08.648 [raft-server-1] INFO  i.a.protocols.raft.impl.RaftContext - RaftServer{1} - Transitioning to CANDIDATE
02:55:08.648 [raft-server-1] TRACE i.a.p.raft.roles.FollowerRole - RaftServer{1}{role=FOLLOWER} - Cancelling heartbeat timer
02:55:08.648 [raft-server-1] INFO  i.a.p.raft.roles.CandidateRole - RaftServer{1}{role=CANDIDATE} - Starting election
02:55:08.648 [raft-server-1] TRACE i.a.p.raft.storage.system.MetaStore - Store term 1
02:55:08.704 [raft-server-1] TRACE i.a.p.raft.storage.system.MetaStore - Store vote null
02:55:08.766 [raft-server-1] DEBUG i.a.protocols.raft.impl.RaftContext - RaftServer{1} - Set term 1
02:55:08.766 [raft-server-1] TRACE i.a.p.raft.storage.system.MetaStore - Store vote 1
02:55:08.804 [raft-server-2] DEBUG i.a.p.raft.roles.FollowerRole - RaftServer{2}{role=FOLLOWER} - Heartbeat timed out in PT0.825S
02:55:08.804 [raft-server-2] DEBUG i.a.p.raft.roles.FollowerRole - RaftServer{2}{role=FOLLOWER} - Polling members [DefaultRaftMember{id=1, type=ACTIVE, updated=2018-06-09T00:55:07.945Z}, DefaultRaftMember{id=3, type=ACTIVE, updated=2018-06-09T00:55:07.945Z}]
02:55:08.804 [raft-server-2] DEBUG i.a.p.raft.roles.FollowerRole - RaftServer{2}{role=FOLLOWER} - Polling DefaultRaftMember{id=1, type=ACTIVE, updated=2018-06-09T00:55:07.945Z} for next term 1
02:55:08.804 [raft-server-2] DEBUG i.a.p.raft.roles.FollowerRole - RaftServer{2}{role=FOLLOWER} - Polling DefaultRaftMember{id=3, type=ACTIVE, updated=2018-06-09T00:55:07.945Z} for next term 1
02:55:08.804 [raft-server-3] TRACE i.a.p.raft.roles.FollowerRole - RaftServer{3}{role=FOLLOWER} - Received PollRequest{term=0, candidate=2, lastLogIndex=0, lastLogTerm=0}
02:55:08.804 [raft-server-3] DEBUG i.a.p.raft.roles.FollowerRole - RaftServer{3}{role=FOLLOWER} - Accepted PollRequest{term=0, candidate=2, lastLogIndex=0, lastLogTerm=0}: candidate's log is up-to-date
02:55:08.804 [raft-server-3] TRACE i.a.p.raft.roles.FollowerRole - RaftServer{3}{role=FOLLOWER} - Sending PollResponse{status=OK, term=0, accepted=true}
02:55:08.804 [raft-server-2] DEBUG i.a.p.raft.roles.FollowerRole - RaftServer{2}{role=FOLLOWER} - Received accepted poll from DefaultRaftMember{id=3, type=ACTIVE, updated=2018-06-09T00:55:07.945Z}
02:55:08.804 [raft-server-2] INFO  i.a.protocols.raft.impl.RaftContext - RaftServer{2} - Transitioning to CANDIDATE
02:55:08.804 [raft-server-2] TRACE i.a.p.raft.roles.FollowerRole - RaftServer{2}{role=FOLLOWER} - Cancelling heartbeat timer
02:55:08.805 [raft-server-2] INFO  i.a.p.raft.roles.CandidateRole - RaftServer{2}{role=CANDIDATE} - Starting election
02:55:08.805 [raft-server-2] TRACE i.a.p.raft.storage.system.MetaStore - Store term 1
02:55:08.824 [raft-server-1] DEBUG i.a.protocols.raft.impl.RaftContext - RaftServer{1} - Voted for 1
02:55:08.824 [raft-server-1] DEBUG i.a.p.raft.roles.CandidateRole - RaftServer{1}{role=CANDIDATE} - Requesting votes for term 1
02:55:08.824 [raft-server-1] DEBUG i.a.p.raft.roles.CandidateRole - RaftServer{1}{role=CANDIDATE} - Requesting vote from DefaultRaftMember{id=3, type=ACTIVE, updated=2018-06-09T00:55:07.653Z} for term 1
02:55:08.825 [raft-server-1] DEBUG i.a.p.raft.roles.CandidateRole - RaftServer{1}{role=CANDIDATE} - Requesting vote from DefaultRaftMember{id=2, type=ACTIVE, updated=2018-06-09T00:55:07.653Z} for term 1
02:55:08.825 [raft-server-1] TRACE i.a.p.raft.roles.CandidateRole - RaftServer{1}{role=CANDIDATE} - Received PollRequest{term=0, candidate=2, lastLogIndex=0, lastLogTerm=0}
02:55:08.825 [raft-server-1] DEBUG i.a.p.raft.roles.CandidateRole - RaftServer{1}{role=CANDIDATE} - Rejected PollRequest{term=0, candidate=2, lastLogIndex=0, lastLogTerm=0}: candidate's term is less than the current term
02:55:08.825 [raft-server-1] TRACE i.a.p.raft.roles.CandidateRole - RaftServer{1}{role=CANDIDATE} - Sending PollResponse{status=OK, term=1, accepted=false}
02:55:08.825 [raft-server-3] TRACE i.a.p.raft.roles.FollowerRole - RaftServer{3}{role=FOLLOWER} - Received VoteRequest{term=1, candidate=1, lastLogIndex=0, lastLogTerm=0}
02:55:08.825 [raft-server-3] TRACE i.a.p.raft.storage.system.MetaStore - Store term 1
02:55:08.890 [raft-server-2] TRACE i.a.p.raft.storage.system.MetaStore - Store vote null
02:55:08.920 [raft-server-3] TRACE i.a.p.raft.storage.system.MetaStore - Store vote null
02:55:09.011 [raft-server-2] DEBUG i.a.protocols.raft.impl.RaftContext - RaftServer{2} - Set term 1
02:55:09.011 [raft-server-2] TRACE i.a.p.raft.storage.system.MetaStore - Store vote 2
02:55:09.049 [raft-server-3] DEBUG i.a.protocols.raft.impl.RaftContext - RaftServer{3} - Set term 1
02:55:09.049 [raft-server-3] DEBUG i.a.p.raft.roles.FollowerRole - RaftServer{3}{role=FOLLOWER} - Accepted VoteRequest{term=1, candidate=1, lastLogIndex=0, lastLogTerm=0}: candidate's log is up-to-date
02:55:09.049 [raft-server-3] TRACE i.a.p.raft.storage.system.MetaStore - Store vote 1
02:55:09.103 [raft-server-2] DEBUG i.a.protocols.raft.impl.RaftContext - RaftServer{2} - Voted for 2
02:55:09.103 [raft-server-2] DEBUG i.a.p.raft.roles.CandidateRole - RaftServer{2}{role=CANDIDATE} - Requesting votes for term 1
02:55:09.103 [raft-server-2] DEBUG i.a.p.raft.roles.CandidateRole - RaftServer{2}{role=CANDIDATE} - Requesting vote from DefaultRaftMember{id=1, type=ACTIVE, updated=2018-06-09T00:55:07.945Z} for term 1
02:55:09.103 [raft-server-2] DEBUG i.a.p.raft.roles.CandidateRole - RaftServer{2}{role=CANDIDATE} - Requesting vote from DefaultRaftMember{id=3, type=ACTIVE, updated=2018-06-09T00:55:07.945Z} for term 1
02:55:09.103 [raft-server-1] TRACE i.a.p.raft.roles.CandidateRole - RaftServer{1}{role=CANDIDATE} - Received VoteRequest{term=1, candidate=2, lastLogIndex=0, lastLogTerm=0}
02:55:09.103 [raft-server-1] TRACE i.a.p.raft.roles.CandidateRole - RaftServer{1}{role=CANDIDATE} - Sending VoteResponse{status=OK, term=1, voted=false}
02:55:09.103 [raft-server-2] TRACE i.a.p.raft.roles.CandidateRole - RaftServer{2}{role=CANDIDATE} - Received VoteRequest{term=1, candidate=1, lastLogIndex=0, lastLogTerm=0}
02:55:09.103 [raft-server-2] TRACE i.a.p.raft.roles.CandidateRole - RaftServer{2}{role=CANDIDATE} - Sending VoteResponse{status=OK, term=1, voted=false}
02:55:09.103 [raft-server-2] DEBUG i.a.p.raft.roles.CandidateRole - RaftServer{2}{role=CANDIDATE} - Received rejected vote from DefaultRaftMember{id=1, type=ACTIVE, updated=2018-06-09T00:55:07.945Z}
02:55:09.103 [raft-server-1] DEBUG i.a.p.raft.roles.CandidateRole - RaftServer{1}{role=CANDIDATE} - Received rejected vote from DefaultRaftMember{id=2, type=ACTIVE, updated=2018-06-09T00:55:07.653Z}
02:55:09.153 [raft-server-3] DEBUG i.a.protocols.raft.impl.RaftContext - RaftServer{3} - Voted for 1
02:55:09.153 [raft-server-3] TRACE i.a.p.raft.roles.FollowerRole - RaftServer{3}{role=FOLLOWER} - Sending VoteResponse{status=OK, term=1, voted=true}
02:55:09.153 [raft-server-3] TRACE i.a.p.raft.roles.FollowerRole - RaftServer{3}{role=FOLLOWER} - Received VoteRequest{term=1, candidate=2, lastLogIndex=0, lastLogTerm=0}
02:55:09.153 [raft-server-1] DEBUG i.a.p.raft.roles.CandidateRole - RaftServer{1}{role=CANDIDATE} - Received successful vote from DefaultRaftMember{id=3, type=ACTIVE, updated=2018-06-09T00:55:07.653Z}
02:55:09.153 [raft-server-1] INFO  i.a.protocols.raft.impl.RaftContext - RaftServer{1} - Transitioning to LEADER
02:55:09.153 [raft-server-3] DEBUG i.a.p.raft.roles.FollowerRole - RaftServer{3}{role=FOLLOWER} - Rejected VoteRequest{term=1, candidate=2, lastLogIndex=0, lastLogTerm=0}: already voted for 1
02:55:09.153 [raft-server-1] DEBUG i.a.p.raft.roles.CandidateRole - RaftServer{1}{role=CANDIDATE} - Cancelling election
02:55:09.153 [raft-server-3] TRACE i.a.p.raft.roles.FollowerRole - RaftServer{3}{role=FOLLOWER} - Sending VoteResponse{status=OK, term=1, voted=false}
02:55:09.153 [raft-server-1] INFO  i.a.protocols.raft.impl.RaftContext - RaftServer{1} - Found leader 1
02:55:09.153 [raft-server-1] TRACE i.a.p.raft.storage.system.MetaStore - Store vote null
02:55:09.153 [raft-server-2] DEBUG i.a.p.raft.roles.CandidateRole - RaftServer{2}{role=CANDIDATE} - Received rejected vote from DefaultRaftMember{id=3, type=ACTIVE, updated=2018-06-09T00:55:07.945Z}
02:55:09.153 [raft-server-2] INFO  i.a.protocols.raft.impl.RaftContext - RaftServer{2} - Transitioning to FOLLOWER
02:55:09.153 [raft-server-2] DEBUG i.a.p.raft.roles.CandidateRole - RaftServer{2}{role=CANDIDATE} - Cancelling election
02:55:09.220 [raft-server-1] TRACE i.a.protocols.raft.roles.LeaderRole - RaftServer{1}{role=LEADER} - Appended Indexed{index=1, entry=InitializeEntry{term=1, timestamp=2018-06-09 02:55:09,153}}
02:55:09.220 [raft-server-1] DEBUG i.a.p.raft.roles.LeaderAppender - RaftServer{1} - Configuring 3
02:55:09.220 [raft-server-1] TRACE i.a.p.raft.roles.LeaderAppender - RaftServer{1} - Sending ConfigureRequest{term=1, leader=1, index=0, timestamp=1528505707653, members=[DefaultRaftMember{id=1, type=ACTIVE, updated=2018-06-09T00:55:07.653Z}, DefaultRaftMember{id=3, type=ACTIVE, updated=2018-06-09T00:55:07.653Z}, DefaultRaftMember{id=2, type=ACTIVE, updated=2018-06-09T00:55:07.653Z}]} to 3
02:55:09.221 [raft-server-1] DEBUG i.a.p.raft.roles.LeaderAppender - RaftServer{1} - Configuring 2
02:55:09.221 [raft-server-3] TRACE i.a.p.raft.roles.FollowerRole - RaftServer{3}{role=FOLLOWER} - Received ConfigureRequest{term=1, leader=1, index=0, timestamp=1528505707653, members=[DefaultRaftMember{id=1, type=ACTIVE, updated=2018-06-09T00:55:07.653Z}, DefaultRaftMember{id=3, type=ACTIVE, updated=2018-06-09T00:55:07.653Z}, DefaultRaftMember{id=2, type=ACTIVE, updated=2018-06-09T00:55:07.653Z}]}
02:55:09.221 [raft-server-1] TRACE i.a.p.raft.roles.LeaderAppender - RaftServer{1} - Sending ConfigureRequest{term=1, leader=1, index=0, timestamp=1528505707653, members=[DefaultRaftMember{id=1, type=ACTIVE, updated=2018-06-09T00:55:07.653Z}, DefaultRaftMember{id=3, type=ACTIVE, updated=2018-06-09T00:55:07.653Z}, DefaultRaftMember{id=2, type=ACTIVE, updated=2018-06-09T00:55:07.653Z}]} to 2
02:55:09.221 [raft-server-3] INFO  i.a.protocols.raft.impl.RaftContext - RaftServer{3} - Found leader 1
02:55:09.221 [raft-server-3] TRACE i.a.p.raft.storage.system.MetaStore - Store vote null
02:55:09.221 [raft-server-2] TRACE i.a.p.raft.roles.FollowerRole - RaftServer{2}{role=FOLLOWER} - Received ConfigureRequest{term=1, leader=1, index=0, timestamp=1528505707653, members=[DefaultRaftMember{id=1, type=ACTIVE, updated=2018-06-09T00:55:07.653Z}, DefaultRaftMember{id=3, type=ACTIVE, updated=2018-06-09T00:55:07.653Z}, DefaultRaftMember{id=2, type=ACTIVE, updated=2018-06-09T00:55:07.653Z}]}
02:55:09.221 [raft-server-2] INFO  i.a.protocols.raft.impl.RaftContext - RaftServer{2} - Found leader 1
02:55:09.221 [raft-server-2] TRACE i.a.p.raft.storage.system.MetaStore - Store vote null
02:55:09.221 [raft-server-1] TRACE i.a.protocols.raft.roles.LeaderRole - RaftServer{1}{role=LEADER} - Starting append timer
02:55:09.221 [raft-server-1] TRACE i.a.p.r.c.impl.RaftClusterContext - RaftServer{1} - Cancelling join timeout
02:55:09.221 [raft-server-1] DEBUG i.a.p.r.c.impl.RaftClusterContext - RaftServer{1} - Attempting to join via 3
02:55:09.221 [raft-server-1] TRACE i.a.p.raft.roles.LeaderAppender - RaftServer{1} - Sending AppendRequest{term=1, leader=1, prevLogIndex=0, prevLogTerm=0, entries=0, commitIndex=0} to 3
02:55:09.221 [raft-server-1] TRACE i.a.p.raft.roles.LeaderAppender - RaftServer{1} - Sending AppendRequest{term=1, leader=1, prevLogIndex=0, prevLogTerm=0, entries=0, commitIndex=0} to 2
02:55:09.295 [raft-server-3] TRACE i.a.p.raft.roles.FollowerRole - RaftServer{3}{role=FOLLOWER} - Sending ConfigureResponse{status=OK}
02:55:09.295 [raft-server-1] TRACE i.a.p.raft.roles.LeaderAppender - RaftServer{1} - Received ConfigureResponse{status=OK} from 3
02:55:09.295 [raft-server-3] TRACE i.a.p.raft.roles.FollowerRole - RaftServer{3}{role=FOLLOWER} - Received JoinRequest{member=DefaultRaftMember{id=1, type=ACTIVE, updated=2018-06-09T00:55:07.653Z}}
02:55:09.295 [raft-server-2] TRACE i.a.p.raft.roles.FollowerRole - RaftServer{2}{role=FOLLOWER} - Sending ConfigureResponse{status=OK}
02:55:09.295 [raft-server-1] TRACE i.a.protocols.raft.roles.LeaderRole - RaftServer{1}{role=LEADER} - Received JoinRequest{member=DefaultRaftMember{id=1, type=ACTIVE, updated=2018-06-09T00:55:07.653Z}}
02:55:09.295 [raft-server-3] TRACE i.a.p.raft.roles.FollowerRole - RaftServer{3}{role=FOLLOWER} - Received AppendRequest{term=1, leader=1, prevLogIndex=0, prevLogTerm=0, entries=0, commitIndex=0}
02:55:09.295 [raft-server-2] TRACE i.a.p.raft.roles.FollowerRole - RaftServer{2}{role=FOLLOWER} - Received AppendRequest{term=1, leader=1, prevLogIndex=0, prevLogTerm=0, entries=0, commitIndex=0}
02:55:09.295 [raft-server-1] TRACE i.a.protocols.raft.roles.LeaderRole - RaftServer{1}{role=LEADER} - Sending JoinResponse{status=ERROR, error=null}
02:55:09.295 [raft-server-3] TRACE i.a.p.raft.roles.FollowerRole - RaftServer{3}{role=FOLLOWER} - Sending AppendResponse{status=OK, term=1, succeeded=true, lastLogIndex=0}
02:55:09.295 [raft-server-2] TRACE i.a.p.raft.roles.FollowerRole - RaftServer{2}{role=FOLLOWER} - Sending AppendResponse{status=OK, term=1, succeeded=true, lastLogIndex=0}
02:55:09.295 [raft-server-1] TRACE i.a.p.raft.roles.LeaderAppender - RaftServer{1} - Received ConfigureResponse{status=OK} from 2
02:55:09.295 [raft-server-3] TRACE i.a.p.raft.roles.FollowerRole - RaftServer{3}{role=FOLLOWER} - Sending JoinResponse{status=ERROR, error=null}
02:55:09.295 [raft-server-1] TRACE i.a.p.raft.roles.LeaderAppender - RaftServer{1} - Received AppendResponse{status=OK, term=1, succeeded=true, lastLogIndex=0} from 3
02:55:09.295 [raft-server-1] TRACE i.a.p.raft.roles.LeaderAppender - RaftServer{1} - Sending AppendRequest{term=1, leader=1, prevLogIndex=0, prevLogTerm=0, entries=1, commitIndex=0} to 3
02:55:09.295 [raft-server-3] TRACE i.a.p.raft.roles.FollowerRole - RaftServer{3}{role=FOLLOWER} - Received AppendRequest{term=1, leader=1, prevLogIndex=0, prevLogTerm=0, entries=1, commitIndex=0}
02:55:09.295 [raft-server-1] TRACE i.a.p.raft.roles.LeaderAppender - RaftServer{1} - Received AppendResponse{status=OK, term=1, succeeded=true, lastLogIndex=0} from 2
02:55:09.295 [raft-server-3] DEBUG i.a.p.raft.roles.FollowerRole - RaftServer{3}{role=FOLLOWER} - Reset first index to 1
02:55:09.295 [raft-server-1] TRACE i.a.p.raft.roles.LeaderAppender - RaftServer{1} - Sending AppendRequest{term=1, leader=1, prevLogIndex=0, prevLogTerm=0, entries=1, commitIndex=0} to 2
02:55:09.295 [raft-server-2] TRACE i.a.p.raft.roles.FollowerRole - RaftServer{2}{role=FOLLOWER} - Received AppendRequest{term=1, leader=1, prevLogIndex=0, prevLogTerm=0, entries=1, commitIndex=0}
02:55:09.295 [raft-server-1] TRACE i.a.p.r.c.impl.RaftClusterContext - RaftServer{1} - Cancelling join timeout
02:55:09.296 [raft-server-2] DEBUG i.a.p.raft.roles.FollowerRole - RaftServer{2}{role=FOLLOWER} - Reset first index to 1
02:55:09.296 [raft-server-1] DEBUG i.a.p.r.c.impl.RaftClusterContext - RaftServer{1} - Failed to join 3
02:55:09.296 [raft-server-3] TRACE i.a.p.raft.roles.FollowerRole - RaftServer{3}{role=FOLLOWER} - Appended Indexed{index=1, entry=InitializeEntry{term=1, timestamp=2018-06-09 02:55:09,153}}
02:55:09.296 [raft-server-3] TRACE i.a.p.raft.roles.FollowerRole - RaftServer{3}{role=FOLLOWER} - Sending AppendResponse{status=OK, term=1, succeeded=true, lastLogIndex=1}
02:55:09.296 [raft-server-2] TRACE i.a.p.raft.roles.FollowerRole - RaftServer{2}{role=FOLLOWER} - Appended Indexed{index=1, entry=InitializeEntry{term=1, timestamp=2018-06-09 02:55:09,153}}
02:55:09.296 [raft-server-1] TRACE i.a.p.raft.roles.LeaderAppender - RaftServer{1} - Received AppendResponse{status=OK, term=1, succeeded=true, lastLogIndex=1} from 3
02:55:09.296 [raft-server-2] TRACE i.a.p.raft.roles.FollowerRole - RaftServer{2}{role=FOLLOWER} - Sending AppendResponse{status=OK, term=1, succeeded=true, lastLogIndex=1}
02:55:09.296 [raft-server-1] TRACE i.a.p.raft.roles.LeaderAppender - RaftServer{1} - Committed entries up to 1
02:55:09.406 [raft-server-1] TRACE i.a.p.raft.roles.LeaderAppender - RaftServer{1} - Received AppendResponse{status=OK, term=1, succeeded=true, lastLogIndex=1} from 2
02:55:09.406 [raft-server-1-state] TRACE i.a.p.raft.impl.RaftServiceManager - RaftServer{1} - Applying Indexed{index=1, entry=InitializeEntry{term=1, timestamp=2018-06-09 02:55:09,153}}
02:55:09.471 [raft-server-1] TRACE i.a.p.raft.roles.LeaderAppender - RaftServer{1} - Sending AppendRequest{term=1, leader=1, prevLogIndex=1, prevLogTerm=1, entries=0, commitIndex=1} to 3
02:55:09.471 [raft-server-1] TRACE i.a.p.raft.roles.LeaderAppender - RaftServer{1} - Sending AppendRequest{term=1, leader=1, prevLogIndex=1, prevLogTerm=1, entries=0, commitIndex=1} to 2
02:55:09.471 [raft-server-3] TRACE i.a.p.raft.roles.FollowerRole - RaftServer{3}{role=FOLLOWER} - Received AppendRequest{term=1, leader=1, prevLogIndex=1, prevLogTerm=1, entries=0, commitIndex=1}
02:55:09.471 [raft-server-2] TRACE i.a.p.raft.roles.FollowerRole - RaftServer{2}{role=FOLLOWER} - Received AppendRequest{term=1, leader=1, prevLogIndex=1, prevLogTerm=1, entries=0, commitIndex=1}
02:55:09.532 [raft-server-3] TRACE i.a.p.raft.roles.FollowerRole - RaftServer{3}{role=FOLLOWER} - Committed entries up to index 1
02:55:09.532 [raft-server-2] TRACE i.a.p.raft.roles.FollowerRole - RaftServer{2}{role=FOLLOWER} - Committed entries up to index 1
02:55:09.532 [raft-server-3] TRACE i.a.p.raft.roles.FollowerRole - RaftServer{3}{role=FOLLOWER} - Sending AppendResponse{status=OK, term=1, succeeded=true, lastLogIndex=1}
02:55:09.532 [raft-server-2] TRACE i.a.p.raft.roles.FollowerRole - RaftServer{2}{role=FOLLOWER} - Sending AppendResponse{status=OK, term=1, succeeded=true, lastLogIndex=1}
02:55:09.532 [raft-server-1] TRACE i.a.p.raft.roles.LeaderAppender - RaftServer{1} - Received AppendResponse{status=OK, term=1, succeeded=true, lastLogIndex=1} from 3
02:55:09.532 [raft-server-2] TRACE i.a.p.r.c.impl.RaftClusterContext - RaftServer{2} - Cancelling join timeout
02:55:09.532 [raft-server-2] DEBUG i.a.p.r.c.impl.RaftClusterContext - RaftServer{2} - Attempting to join via 1
02:55:09.532 [raft-server-1] TRACE i.a.p.raft.roles.LeaderAppender - RaftServer{1} - Sending AppendRequest{term=1, leader=1, prevLogIndex=1, prevLogTerm=1, entries=0, commitIndex=1} to 3
02:55:09.532 [raft-server-1] TRACE i.a.p.raft.roles.LeaderAppender - RaftServer{1} - Received AppendResponse{status=OK, term=1, succeeded=true, lastLogIndex=1} from 2
02:55:09.532 [raft-server-1] TRACE i.a.p.raft.roles.LeaderAppender - RaftServer{1} - Sending AppendRequest{term=1, leader=1, prevLogIndex=1, prevLogTerm=1, entries=0, commitIndex=1} to 2
02:55:09.532 [raft-server-2-state] TRACE i.a.p.raft.impl.RaftServiceManager - RaftServer{2} - Applying Indexed{index=1, entry=InitializeEntry{term=1, timestamp=2018-06-09 02:55:09,153}}
02:55:09.533 [raft-server-2] TRACE i.a.p.raft.roles.FollowerRole - RaftServer{2}{role=FOLLOWER} - Received AppendRequest{term=1, leader=1, prevLogIndex=1, prevLogTerm=1, entries=0, commitIndex=1}
02:55:09.533 [raft-server-1] TRACE i.a.protocols.raft.roles.LeaderRole - RaftServer{1}{role=LEADER} - Received JoinRequest{member=DefaultRaftMember{id=2, type=ACTIVE, updated=2018-06-09T00:55:07.945Z}}
02:55:09.533 [raft-server-3] TRACE i.a.p.raft.roles.FollowerRole - RaftServer{3}{role=FOLLOWER} - Received AppendRequest{term=1, leader=1, prevLogIndex=1, prevLogTerm=1, entries=0, commitIndex=1}
02:55:09.533 [raft-server-2] TRACE i.a.p.raft.roles.FollowerRole - RaftServer{2}{role=FOLLOWER} - Sending AppendResponse{status=OK, term=1, succeeded=true, lastLogIndex=1}
02:55:09.533 [raft-server-3-state] TRACE i.a.p.raft.impl.RaftServiceManager - RaftServer{3} - Applying Indexed{index=1, entry=InitializeEntry{term=1, timestamp=2018-06-09 02:55:09,153}}
02:55:09.534 [raft-server-1] TRACE i.a.protocols.raft.roles.LeaderRole - RaftServer{1}{role=LEADER} - Sending JoinResponse{status=OK, index=0, term=0, timestamp=1528505707653, members=[DefaultRaftMember{id=1, type=ACTIVE, updated=2018-06-09T00:55:07.653Z}, DefaultRaftMember{id=3, type=ACTIVE, updated=2018-06-09T00:55:07.653Z}, DefaultRaftMember{id=2, type=ACTIVE, updated=2018-06-09T00:55:07.653Z}]}
02:55:09.534 [raft-server-3] TRACE i.a.p.raft.roles.FollowerRole - RaftServer{3}{role=FOLLOWER} - Sending AppendResponse{status=OK, term=1, succeeded=true, lastLogIndex=1}
02:55:09.535 [raft-server-1] TRACE i.a.p.raft.roles.LeaderAppender - RaftServer{1} - Received AppendResponse{status=OK, term=1, succeeded=true, lastLogIndex=1} from 2
02:55:09.535 [raft-server-2] TRACE i.a.p.r.c.impl.RaftClusterContext - RaftServer{2} - Cancelling join timeout
02:55:09.535 [raft-server-1] TRACE i.a.p.raft.roles.LeaderAppender - RaftServer{1} - Received AppendResponse{status=OK, term=1, succeeded=true, lastLogIndex=1} from 3
02:55:09.535 [raft-server-2] INFO  i.a.p.r.c.impl.RaftClusterContext - RaftServer{2} - Successfully joined via 1
02:55:09.536 [raft-server-2] INFO  i.a.p.raft.impl.DefaultRaftServer - RaftServer{2} - Server started successfully!
02:55:09.721 [raft-server-1] TRACE i.a.p.raft.roles.LeaderAppender - RaftServer{1} - Sending AppendRequest{term=1, leader=1, prevLogIndex=1, prevLogTerm=1, entries=0, commitIndex=1} to 3
02:55:09.721 [raft-server-1] TRACE i.a.p.raft.roles.LeaderAppender - RaftServer{1} - Sending AppendRequest{term=1, leader=1, prevLogIndex=1, prevLogTerm=1, entries=0, commitIndex=1} to 2
02:55:09.721 [raft-server-3] TRACE i.a.p.raft.roles.FollowerRole - RaftServer{3}{role=FOLLOWER} - Received AppendRequest{term=1, leader=1, prevLogIndex=1, prevLogTerm=1, entries=0, commitIndex=1}
02:55:09.721 [raft-server-2] TRACE i.a.p.raft.roles.FollowerRole - RaftServer{2}{role=FOLLOWER} - Received AppendRequest{term=1, leader=1, prevLogIndex=1, prevLogTerm=1, entries=0, commitIndex=1}
02:55:09.721 [raft-server-3] TRACE i.a.p.raft.roles.FollowerRole - RaftServer{3}{role=FOLLOWER} - Sending AppendResponse{status=OK, term=1, succeeded=true, lastLogIndex=1}
02:55:09.721 [raft-server-2] TRACE i.a.p.raft.roles.FollowerRole - RaftServer{2}{role=FOLLOWER} - Sending AppendResponse{status=OK, term=1, succeeded=true, lastLogIndex=1}
02:55:09.722 [raft-server-1] TRACE i.a.p.raft.roles.LeaderAppender - RaftServer{1} - Received AppendResponse{status=OK, term=1, succeeded=true, lastLogIndex=1} from 3
02:55:09.722 [raft-server-1] TRACE i.a.p.raft.roles.LeaderAppender - RaftServer{1} - Sending AppendRequest{term=1, leader=1, prevLogIndex=1, prevLogTerm=1, entries=0, commitIndex=1} to 3
02:55:09.722 [raft-server-1] TRACE i.a.p.raft.roles.LeaderAppender - RaftServer{1} - Received AppendResponse{status=OK, term=1, succeeded=true, lastLogIndex=1} from 2
02:55:09.722 [raft-server-3] TRACE i.a.p.raft.roles.FollowerRole - RaftServer{3}{role=FOLLOWER} - Received AppendRequest{term=1, leader=1, prevLogIndex=1, prevLogTerm=1, entries=0, commitIndex=1}
02:55:09.722 [raft-server-3] TRACE i.a.p.raft.roles.FollowerRole - RaftServer{3}{role=FOLLOWER} - Sending AppendResponse{status=OK, term=1, succeeded=true, lastLogIndex=1}
02:55:09.722 [raft-server-1] TRACE i.a.p.raft.roles.LeaderAppender - RaftServer{1} - Sending AppendRequest{term=1, leader=1, prevLogIndex=1, prevLogTerm=1, entries=0, commitIndex=1} to 2
02:55:09.722 [raft-server-1] TRACE i.a.p.raft.roles.LeaderAppender - RaftServer{1} - Received AppendResponse{status=OK, term=1, succeeded=true, lastLogIndex=1} from 3
02:55:09.722 [raft-server-2] TRACE i.a.p.raft.roles.FollowerRole - RaftServer{2}{role=FOLLOWER} - Received AppendRequest{term=1, leader=1, prevLogIndex=1, prevLogTerm=1, entries=0, commitIndex=1}
02:55:09.722 [raft-server-2] TRACE i.a.p.raft.roles.FollowerRole - RaftServer{2}{role=FOLLOWER} - Sending AppendResponse{status=OK, term=1, succeeded=true, lastLogIndex=1}
02:55:09.722 [raft-server-1] TRACE i.a.p.raft.roles.LeaderAppender - RaftServer{1} - Received AppendResponse{status=OK, term=1, succeeded=true, lastLogIndex=1} from 2
02:55:09.904 [raft-server-3] TRACE i.a.p.r.c.impl.RaftClusterContext - RaftServer{3} - Cancelling join timeout
02:55:09.904 [raft-server-3] DEBUG i.a.p.r.c.impl.RaftClusterContext - RaftServer{3} - Attempting to join via 1
02:55:09.904 [raft-server-1] TRACE i.a.protocols.raft.roles.LeaderRole - RaftServer{1}{role=LEADER} - Received JoinRequest{member=DefaultRaftMember{id=3, type=ACTIVE, updated=2018-06-09T00:55:08.374Z}}
02:55:09.904 [raft-server-1] TRACE i.a.protocols.raft.roles.LeaderRole - RaftServer{1}{role=LEADER} - Sending JoinResponse{status=OK, index=0, term=0, timestamp=1528505707653, members=[DefaultRaftMember{id=1, type=ACTIVE, updated=2018-06-09T00:55:07.653Z}, DefaultRaftMember{id=3, type=ACTIVE, updated=2018-06-09T00:55:07.653Z}, DefaultRaftMember{id=2, type=ACTIVE, updated=2018-06-09T00:55:07.653Z}]}
02:55:09.904 [raft-server-3] TRACE i.a.p.r.c.impl.RaftClusterContext - RaftServer{3} - Cancelling join timeout
02:55:09.904 [raft-server-3] INFO  i.a.p.r.c.impl.RaftClusterContext - RaftServer{3} - Successfully joined via 1
02:55:09.904 [raft-server-3] INFO  i.a.p.raft.impl.DefaultRaftServer - RaftServer{3} - Server started successfully!
02:55:09.971 [raft-server-1] TRACE i.a.p.raft.roles.LeaderAppender - RaftServer{1} - Sending AppendRequest{term=1, leader=1, prevLogIndex=1, prevLogTerm=1, entries=0, commitIndex=1} to 3
02:55:09.971 [raft-server-1] TRACE i.a.p.raft.roles.LeaderAppender - RaftServer{1} - Sending AppendRequest{term=1, leader=1, prevLogIndex=1, prevLogTerm=1, entries=0, commitIndex=1} to 2
02:55:09.971 [raft-server-3] TRACE i.a.p.raft.roles.FollowerRole - RaftServer{3}{role=FOLLOWER} - Received AppendRequest{term=1, leader=1, prevLogIndex=1, prevLogTerm=1, entries=0, commitIndex=1}
02:55:09.971 [raft-server-2] TRACE i.a.p.raft.roles.FollowerRole - RaftServer{2}{role=FOLLOWER} - Received AppendRequest{term=1, leader=1, prevLogIndex=1, prevLogTerm=1, entries=0, commitIndex=1}
02:55:09.971 [raft-server-3] TRACE i.a.p.raft.roles.FollowerRole - RaftServer{3}{role=FOLLOWER} - Sending AppendResponse{status=OK, term=1, succeeded=true, lastLogIndex=1}
02:55:09.971 [raft-server-2] TRACE i.a.p.raft.roles.FollowerRole - RaftServer{2}{role=FOLLOWER} - Sending AppendResponse{status=OK, term=1, succeeded=true, lastLogIndex=1}
02:55:09.971 [raft-server-1] TRACE i.a.p.raft.roles.LeaderAppender - RaftServer{1} - Received AppendResponse{status=OK, term=1, succeeded=true, lastLogIndex=1} from 3
02:55:09.971 [raft-server-1] TRACE i.a.p.raft.roles.LeaderAppender - RaftServer{1} - Sending AppendRequest{term=1, leader=1, prevLogIndex=1, prevLogTerm=1, entries=0, commitIndex=1} to 3
02:55:09.971 [raft-server-1] TRACE i.a.p.raft.roles.LeaderAppender - RaftServer{1} - Received AppendResponse{status=OK, term=1, succeeded=true, lastLogIndex=1} from 2
02:55:09.972 [raft-server-3] TRACE i.a.p.raft.roles.FollowerRole - RaftServer{3}{role=FOLLOWER} - Received AppendRequest{term=1, leader=1, prevLogIndex=1, prevLogTerm=1, entries=0, commitIndex=1}
02:55:09.972 [raft-server-3] TRACE i.a.p.raft.roles.FollowerRole - RaftServer{3}{role=FOLLOWER} - Sending AppendResponse{status=OK, term=1, succeeded=true, lastLogIndex=1}
02:55:09.972 [raft-server-1] TRACE i.a.p.raft.roles.LeaderAppender - RaftServer{1} - Sending AppendRequest{term=1, leader=1, prevLogIndex=1, prevLogTerm=1, entries=0, commitIndex=1} to 2
02:55:09.972 [raft-server-1] TRACE i.a.p.raft.roles.LeaderAppender - RaftServer{1} - Received AppendResponse{status=OK, term=1, succeeded=true, lastLogIndex=1} from 3
02:55:09.972 [raft-server-2] TRACE i.a.p.raft.roles.FollowerRole - RaftServer{2}{role=FOLLOWER} - Received AppendRequest{term=1, leader=1, prevLogIndex=1, prevLogTerm=1, entries=0, commitIndex=1}
02:55:09.972 [raft-server-2] TRACE i.a.p.raft.roles.FollowerRole - RaftServer{2}{role=FOLLOWER} - Sending AppendResponse{status=OK, term=1, succeeded=true, lastLogIndex=1}
02:55:09.972 [raft-server-1] TRACE i.a.p.raft.roles.LeaderAppender - RaftServer{1} - Sending AppendRequest{term=1, leader=1, prevLogIndex=1, prevLogTerm=1, entries=0, commitIndex=1} to 3
02:55:09.972 [raft-server-1] TRACE i.a.p.raft.roles.LeaderAppender - RaftServer{1} - Received AppendResponse{status=OK, term=1, succeeded=true, lastLogIndex=1} from 2
02:55:09.972 [raft-server-3] TRACE i.a.p.raft.roles.FollowerRole - RaftServer{3}{role=FOLLOWER} - Received AppendRequest{term=1, leader=1, prevLogIndex=1, prevLogTerm=1, entries=0, commitIndex=1}
02:55:09.972 [raft-server-3] TRACE i.a.p.raft.roles.FollowerRole - RaftServer{3}{role=FOLLOWER} - Sending AppendResponse{status=OK, term=1, succeeded=true, lastLogIndex=1}
02:55:09.972 [raft-server-1] TRACE i.a.p.raft.roles.LeaderAppender - RaftServer{1} - Received AppendResponse{status=OK, term=1, succeeded=true, lastLogIndex=1} from 3
02:55:10.221 [raft-server-1] TRACE i.a.p.raft.roles.LeaderAppender - RaftServer{1} - Sending AppendRequest{term=1, leader=1, prevLogIndex=1, prevLogTerm=1, entries=0, commitIndex=1} to 3
02:55:10.221 [raft-server-1] TRACE i.a.p.raft.roles.LeaderAppender - RaftServer{1} - Sending AppendRequest{term=1, leader=1, prevLogIndex=1, prevLogTerm=1, entries=0, commitIndex=1} to 2
02:55:10.221 [raft-server-2] TRACE i.a.p.raft.roles.FollowerRole - RaftServer{2}{role=FOLLOWER} - Received AppendRequest{term=1, leader=1, prevLogIndex=1, prevLogTerm=1, entries=0, commitIndex=1}
02:55:10.221 [raft-server-3] TRACE i.a.p.raft.roles.FollowerRole - RaftServer{3}{role=FOLLOWER} - Received AppendRequest{term=1, leader=1, prevLogIndex=1, prevLogTerm=1, entries=0, commitIndex=1}
02:55:10.221 [raft-server-2] TRACE i.a.p.raft.roles.FollowerRole - RaftServer{2}{role=FOLLOWER} - Sending AppendResponse{status=OK, term=1, succeeded=true, lastLogIndex=1}
02:55:10.221 [raft-server-3] TRACE i.a.p.raft.roles.FollowerRole - RaftServer{3}{role=FOLLOWER} - Sending AppendResponse{status=OK, term=1, succeeded=true, lastLogIndex=1}
02:55:10.222 [raft-server-1] TRACE i.a.p.raft.roles.LeaderAppender - RaftServer{1} - Received AppendResponse{status=OK, term=1, succeeded=true, lastLogIndex=1} from 2
02:55:10.222 [raft-server-1] TRACE i.a.p.raft.roles.LeaderAppender - RaftServer{1} - Sending AppendRequest{term=1, leader=1, prevLogIndex=1, prevLogTerm=1, entries=0, commitIndex=1} to 2
02:55:10.222 [raft-server-1] TRACE i.a.p.raft.roles.LeaderAppender - RaftServer{1} - Received AppendResponse{status=OK, term=1, succeeded=true, lastLogIndex=1} from 3
02:55:10.222 [raft-server-2] TRACE i.a.p.raft.roles.FollowerRole - RaftServer{2}{role=FOLLOWER} - Received AppendRequest{term=1, leader=1, prevLogIndex=1, prevLogTerm=1, entries=0, commitIndex=1}
02:55:10.222 [raft-server-1] TRACE i.a.p.raft.roles.LeaderAppender - RaftServer{1} - Sending AppendRequest{term=1, leader=1, prevLogIndex=1, prevLogTerm=1, entries=0, commitIndex=1} to 3
02:55:10.222 [raft-server-2] TRACE i.a.p.raft.roles.FollowerRole - RaftServer{2}{role=FOLLOWER} - Sending AppendResponse{status=OK, term=1, succeeded=true, lastLogIndex=1}
02:55:10.222 [raft-server-3] TRACE i.a.p.raft.roles.FollowerRole - RaftServer{3}{role=FOLLOWER} - Received AppendRequest{term=1, leader=1, prevLogIndex=1, prevLogTerm=1, entries=0, commitIndex=1}
02:55:10.222 [raft-server-1] TRACE i.a.p.raft.roles.LeaderAppender - RaftServer{1} - Received AppendResponse{status=OK, term=1, succeeded=true, lastLogIndex=1} from 2
02:55:10.222 [raft-server-3] TRACE i.a.p.raft.roles.FollowerRole - RaftServer{3}{role=FOLLOWER} - Sending AppendResponse{status=OK, term=1, succeeded=true, lastLogIndex=1}
02:55:10.222 [raft-server-1] TRACE i.a.p.raft.roles.LeaderAppender - RaftServer{1} - Received AppendResponse{status=OK, term=1, succeeded=true, lastLogIndex=1} from 3
02:55:10.471 [raft-server-1] TRACE i.a.p.raft.roles.LeaderAppender - RaftServer{1} - Sending AppendRequest{term=1, leader=1, prevLogIndex=1, prevLogTerm=1, entries=0, commitIndex=1} to 3
02:55:10.471 [raft-server-1] TRACE i.a.p.raft.roles.LeaderAppender - RaftServer{1} - Sending AppendRequest{term=1, leader=1, prevLogIndex=1, prevLogTerm=1, entries=0, commitIndex=1} to 2
02:55:10.471 [raft-server-2] TRACE i.a.p.raft.roles.FollowerRole - RaftServer{2}{role=FOLLOWER} - Received AppendRequest{term=1, leader=1, prevLogIndex=1, prevLogTerm=1, entries=0, commitIndex=1}
02:55:10.471 [raft-server-3] TRACE i.a.p.raft.roles.FollowerRole - RaftServer{3}{role=FOLLOWER} - Received AppendRequest{term=1, leader=1, prevLogIndex=1, prevLogTerm=1, entries=0, commitIndex=1}
02:55:10.471 [raft-server-2] TRACE i.a.p.raft.roles.FollowerRole - RaftServer{2}{role=FOLLOWER} - Sending AppendResponse{status=OK, term=1, succeeded=true, lastLogIndex=1}
02:55:10.471 [raft-server-3] TRACE i.a.p.raft.roles.FollowerRole - RaftServer{3}{role=FOLLOWER} - Sending AppendResponse{status=OK, term=1, succeeded=true, lastLogIndex=1}
02:55:10.472 [raft-server-1] TRACE i.a.p.raft.roles.LeaderAppender - RaftServer{1} - Received AppendResponse{status=OK, term=1, succeeded=true, lastLogIndex=1} from 2
02:55:10.472 [raft-server-1] TRACE i.a.p.raft.roles.LeaderAppender - RaftServer{1} - Sending AppendRequest{term=1, leader=1, prevLogIndex=1, prevLogTerm=1, entries=0, commitIndex=1} to 2
02:55:10.472 [raft-server-1] TRACE i.a.p.raft.roles.LeaderAppender - RaftServer{1} - Received AppendResponse{status=OK, term=1, succeeded=true, lastLogIndex=1} from 3
02:55:10.472 [raft-server-2] TRACE i.a.p.raft.roles.FollowerRole - RaftServer{2}{role=FOLLOWER} - Received AppendRequest{term=1, leader=1, prevLogIndex=1, prevLogTerm=1, entries=0, commitIndex=1}
02:55:10.472 [raft-server-2] TRACE i.a.p.raft.roles.FollowerRole - RaftServer{2}{role=FOLLOWER} - Sending AppendResponse{status=OK, term=1, succeeded=true, lastLogIndex=1}
02:55:10.472 [raft-server-1] TRACE i.a.p.raft.roles.LeaderAppender - RaftServer{1} - Sending AppendRequest{term=1, leader=1, prevLogIndex=1, prevLogTerm=1, entries=0, commitIndex=1} to 3
02:55:10.472 [raft-server-1] TRACE i.a.p.raft.roles.LeaderAppender - RaftServer{1} - Received AppendResponse{status=OK, term=1, succeeded=true, lastLogIndex=1} from 2
02:55:10.472 [raft-server-3] TRACE i.a.p.raft.roles.FollowerRole - RaftServer{3}{role=FOLLOWER} - Received AppendRequest{term=1, leader=1, prevLogIndex=1, prevLogTerm=1, entries=0, commitIndex=1}
02:55:10.472 [raft-server-3] TRACE i.a.p.raft.roles.FollowerRole - RaftServer{3}{role=FOLLOWER} - Sending AppendResponse{status=OK, term=1, succeeded=true, lastLogIndex=1}
02:55:10.472 [raft-server-1] TRACE i.a.p.raft.roles.LeaderAppender - RaftServer{1} - Received AppendResponse{status=OK, term=1, succeeded=true, lastLogIndex=1} from 3
02:55:10.721 [raft-server-1] TRACE i.a.p.raft.roles.LeaderAppender - RaftServer{1} - Sending AppendRequest{term=1, leader=1, prevLogIndex=1, prevLogTerm=1, entries=0, commitIndex=1} to 3
02:55:10.721 [raft-server-1] TRACE i.a.p.raft.roles.LeaderAppender - RaftServer{1} - Sending AppendRequest{term=1, leader=1, prevLogIndex=1, prevLogTerm=1, entries=0, commitIndex=1} to 2
02:55:10.721 [raft-server-3] TRACE i.a.p.raft.roles.FollowerRole - RaftServer{3}{role=FOLLOWER} - Received AppendRequest{term=1, leader=1, prevLogIndex=1, prevLogTerm=1, entries=0, commitIndex=1}
02:55:10.721 [raft-server-2] TRACE i.a.p.raft.roles.FollowerRole - RaftServer{2}{role=FOLLOWER} - Received AppendRequest{term=1, leader=1, prevLogIndex=1, prevLogTerm=1, entries=0, commitIndex=1}
02:55:10.721 [raft-server-3] TRACE i.a.p.raft.roles.FollowerRole - RaftServer{3}{role=FOLLOWER} - Sending AppendResponse{status=OK, term=1, succeeded=true, lastLogIndex=1}
02:55:10.721 [raft-server-2] TRACE i.a.p.raft.roles.FollowerRole - RaftServer{2}{role=FOLLOWER} - Sending AppendResponse{status=OK, term=1, succeeded=true, lastLogIndex=1}
02:55:10.722 [raft-server-1] TRACE i.a.p.raft.roles.LeaderAppender - RaftServer{1} - Received AppendResponse{status=OK, term=1, succeeded=true, lastLogIndex=1} from 3
02:55:10.722 [raft-server-1] TRACE i.a.p.raft.roles.LeaderAppender - RaftServer{1} - Sending AppendRequest{term=1, leader=1, prevLogIndex=1, prevLogTerm=1, entries=0, commitIndex=1} to 3
02:55:10.722 [raft-server-1] TRACE i.a.p.raft.roles.LeaderAppender - RaftServer{1} - Received AppendResponse{status=OK, term=1, succeeded=true, lastLogIndex=1} from 2
02:55:10.722 [raft-server-3] TRACE i.a.p.raft.roles.FollowerRole - RaftServer{3}{role=FOLLOWER} - Received AppendRequest{term=1, leader=1, prevLogIndex=1, prevLogTerm=1, entries=0, commitIndex=1}
02:55:10.722 [raft-server-1] TRACE i.a.p.raft.roles.LeaderAppender - RaftServer{1} - Sending AppendRequest{term=1, leader=1, prevLogIndex=1, prevLogTerm=1, entries=0, commitIndex=1} to 2
02:55:10.722 [raft-server-3] TRACE i.a.p.raft.roles.FollowerRole - RaftServer{3}{role=FOLLOWER} - Sending AppendResponse{status=OK, term=1, succeeded=true, lastLogIndex=1}
02:55:10.722 [raft-server-2] TRACE i.a.p.raft.roles.FollowerRole - RaftServer{2}{role=FOLLOWER} - Received AppendRequest{term=1, leader=1, prevLogIndex=1, prevLogTerm=1, entries=0, commitIndex=1}
02:55:10.722 [raft-server-2] TRACE i.a.p.raft.roles.FollowerRole - RaftServer{2}{role=FOLLOWER} - Sending AppendResponse{status=OK, term=1, succeeded=true, lastLogIndex=1}
02:55:10.722 [raft-server-1] TRACE i.a.p.raft.roles.LeaderAppender - RaftServer{1} - Received AppendResponse{status=OK, term=1, succeeded=true, lastLogIndex=1} from 3
02:55:10.722 [raft-server-1] TRACE i.a.p.raft.roles.LeaderAppender - RaftServer{1} - Received AppendResponse{status=OK, term=1, succeeded=true, lastLogIndex=1} from 2
02:55:10.796 [raft-server-1] TRACE i.a.p.r.c.impl.RaftClusterContext - RaftServer{1} - Cancelling join timeout
02:55:10.796 [raft-server-1] DEBUG i.a.p.r.c.impl.RaftClusterContext - RaftServer{1} - Attempting to join via 3
02:55:10.796 [raft-server-3] TRACE i.a.p.raft.roles.FollowerRole - RaftServer{3}{role=FOLLOWER} - Received JoinRequest{member=DefaultRaftMember{id=1, type=ACTIVE, updated=2018-06-09T00:55:07.653Z}}
02:55:10.796 [raft-server-1] TRACE i.a.protocols.raft.roles.LeaderRole - RaftServer{1}{role=LEADER} - Received JoinRequest{member=DefaultRaftMember{id=1, type=ACTIVE, updated=2018-06-09T00:55:07.653Z}}
02:55:10.796 [raft-server-1] TRACE i.a.protocols.raft.roles.LeaderRole - RaftServer{1}{role=LEADER} - Sending JoinResponse{status=OK, index=0, term=0, timestamp=1528505707653, members=[DefaultRaftMember{id=1, type=ACTIVE, updated=2018-06-09T00:55:07.653Z}, DefaultRaftMember{id=3, type=ACTIVE, updated=2018-06-09T00:55:07.653Z}, DefaultRaftMember{id=2, type=ACTIVE, updated=2018-06-09T00:55:07.653Z}]}
02:55:10.796 [raft-server-3] TRACE i.a.p.raft.roles.FollowerRole - RaftServer{3}{role=FOLLOWER} - Sending JoinResponse{status=OK, index=0, term=0, timestamp=1528505707653, members=[DefaultRaftMember{id=1, type=ACTIVE, updated=2018-06-09T00:55:07.653Z}, DefaultRaftMember{id=3, type=ACTIVE, updated=2018-06-09T00:55:07.653Z}, DefaultRaftMember{id=2, type=ACTIVE, updated=2018-06-09T00:55:07.653Z}]}
02:55:10.797 [raft-server-1] TRACE i.a.p.r.c.impl.RaftClusterContext - RaftServer{1} - Cancelling join timeout
02:55:10.797 [raft-server-1] INFO  i.a.p.r.c.impl.RaftClusterContext - RaftServer{1} - Successfully joined via 3
02:55:10.797 [raft-server-1] INFO  i.a.p.raft.impl.DefaultRaftServer - RaftServer{1} - Server started successfully!
02:55:10.798 [main] DEBUG i.a.p.p.impl.RecoveringProxySession - ProxySession{6c0a1bb2-986e-47f7-86e2-6a736c947544} - Opening proxy session
02:55:10.798 [main] DEBUG i.a.p.r.proxy.impl.RaftProxyManager - RaftClient{6c0a1bb2-986e-47f7-86e2-6a736c947544} - Opening session; name: raft-test, type: io.atomix.protocols.raft.RaftTest$TestPrimitiveType@35bfa1bb
02:55:10.798 [main] TRACE i.a.utils.serializer.KryoNamespace - Creating Kryo instance for KryoNamespace{registeredBlocks=[RegistrationBlock{begin=16, types=[([Ljava.lang.Class;@6b321262,null), ([Ljava.lang.Class;@68b11545,null), ([Ljava.lang.Class;@7d0100ea,null), ([Ljava.lang.Class;@357bc488,null), ([Ljava.lang.Class;@4ea17147,io.atomix.utils.serializer.serializers.ImmutableListSerializer@2eda4eeb), ([Ljava.lang.Class;@5ba90d8a,io.atomix.utils.serializer.serializers.ImmutableSetSerializer@309dcdf3), ([Ljava.lang.Class;@7573b9ee,io.atomix.utils.serializer.serializers.ImmutableMapSerializer@9a20cbd), ([Ljava.lang.Class;@1af4955e,null), ([Ljava.lang.Class;@445821a6,null), ([Ljava.lang.Class;@2c0c4c0a,null), ([Ljava.lang.Class;@35d26ad2,null), ([Ljava.lang.Class;@bb25753,null), ([Ljava.lang.Class;@ee21292,null), ([Ljava.lang.Class;@40c06358,null), ([Ljava.lang.Class;@66e21568,null), ([Ljava.lang.Class;@7f73ce28,null), ([Ljava.lang.Class;@611b35d6,null), ([Ljava.lang.Class;@2282400e,null), ([Ljava.lang.Class;@543d5863,null), ([Ljava.lang.Class;@35dece42,null), ([Ljava.lang.Class;@dd3f8aa,io.atomix.utils.serializer.serializers.ArraysAsListSerializer@3d615b2e), ([Ljava.lang.Class;@3a1f2a1,null), ([Ljava.lang.Class;@40ce9049,null), ([Ljava.lang.Class;@52ca2652,null), ([Ljava.lang.Class;@65c5bf0e,null), ([Ljava.lang.Class;@697d6ded,null), ([Ljava.lang.Class;@5d05f453,null), ([Ljava.lang.Class;@5efeb117,null), ([Ljava.lang.Class;@160b4809,null), ([Ljava.lang.Class;@149b4d20,null), ([Ljava.lang.Class;@664e848c,null), ([Ljava.lang.Class;@4d93f75b,null), ([Ljava.lang.Class;@114a5e0,null), ([Ljava.lang.Class;@4f281aaf,null), ([Ljava.lang.Class;@5d508d22,null), ([Ljava.lang.Class;@f2b90fc,null)]}, RegistrationBlock{begin=52, types=[([Ljava.lang.Class;@6d7b2319,null)]}]}
02:55:10.798 [main] TRACE i.a.utils.serializer.KryoNamespace - class [B registered as 16
02:55:10.798 [main] TRACE i.a.utils.serializer.KryoNamespace - class java.util.concurrent.atomic.AtomicBoolean registered as 17
02:55:10.798 [main] TRACE i.a.utils.serializer.KryoNamespace - class java.util.concurrent.atomic.AtomicInteger registered as 18
02:55:10.798 [main] TRACE i.a.utils.serializer.KryoNamespace - class java.util.concurrent.atomic.AtomicLong registered as 19
02:55:10.798 [main] TRACE i.a.utils.serializer.KryoNamespace - class com.google.common.collect.ImmutableList registered as 20
02:55:10.798 [main] TRACE i.a.utils.serializer.KryoNamespace - class com.google.common.collect.RegularImmutableList registered as 20
02:55:10.798 [main] TRACE i.a.utils.serializer.KryoNamespace - class com.google.common.collect.RegularImmutableList registered as 20
02:55:10.799 [main] TRACE i.a.utils.serializer.KryoNamespace - class com.google.common.collect.ImmutableList$SubList registered as 20
02:55:10.799 [main] TRACE i.a.utils.serializer.KryoNamespace - class com.google.common.collect.ImmutableSet registered as 21
02:55:10.799 [main] TRACE i.a.utils.serializer.KryoNamespace - class com.google.common.collect.RegularImmutableSet registered as 21
02:55:10.799 [main] TRACE i.a.utils.serializer.KryoNamespace - class com.google.common.collect.SingletonImmutableSet registered as 21
02:55:10.799 [main] TRACE i.a.utils.serializer.KryoNamespace - class com.google.common.collect.RegularImmutableSet registered as 21
02:55:10.799 [main] TRACE i.a.utils.serializer.KryoNamespace - class com.google.common.collect.ImmutableMap registered as 22
02:55:10.799 [main] TRACE i.a.utils.serializer.KryoNamespace - class com.google.common.collect.RegularImmutableMap registered as 22
02:55:10.799 [main] TRACE i.a.utils.serializer.KryoNamespace - class com.google.common.collect.RegularImmutableMap registered as 22
02:55:10.799 [main] TRACE i.a.utils.serializer.KryoNamespace - class com.google.common.collect.RegularImmutableMap registered as 22
02:55:10.799 [main] TRACE i.a.utils.serializer.KryoNamespace - class java.util.Collections$UnmodifiableSet registered as 23
02:55:10.799 [main] TRACE i.a.utils.serializer.KryoNamespace - class java.util.HashMap registered as 24
02:55:10.799 [main] TRACE i.a.utils.serializer.KryoNamespace - class java.util.concurrent.ConcurrentHashMap registered as 25
02:55:10.799 [main] TRACE i.a.utils.serializer.KryoNamespace - class java.util.concurrent.CopyOnWriteArraySet registered as 26
02:55:10.799 [main] TRACE i.a.utils.serializer.KryoNamespace - class java.util.ArrayList registered as 27
02:55:10.799 [main] TRACE i.a.utils.serializer.KryoNamespace - class java.util.LinkedList registered as 28
02:55:10.799 [main] TRACE i.a.utils.serializer.KryoNamespace - class java.util.HashSet registered as 29
02:55:10.799 [main] TRACE i.a.utils.serializer.KryoNamespace - class java.util.LinkedHashSet registered as 30
02:55:10.799 [main] TRACE i.a.utils.serializer.KryoNamespace - class com.sun.jmx.remote.internal.ArrayQueue registered as 31
02:55:10.799 [main] TRACE i.a.utils.serializer.KryoNamespace - class java.util.ArrayDeque registered as 32
02:55:10.799 [main] TRACE i.a.utils.serializer.KryoNamespace - class com.google.common.collect.HashMultiset registered as 33
02:55:10.799 [main] TRACE i.a.utils.serializer.KryoNamespace - class com.google.common.collect.Sets registered as 34
02:55:10.799 [main] TRACE i.a.utils.serializer.KryoNamespace - class com.google.common.collect.ImmutableEntry registered as 35
02:55:10.799 [main] TRACE i.a.utils.serializer.KryoNamespace - class java.util.Arrays$ArrayList registered as 36
02:55:10.799 [main] TRACE i.a.utils.serializer.KryoNamespace - class java.util.Collections$SingletonList registered as 37
02:55:10.799 [main] TRACE i.a.utils.serializer.KryoNamespace - class java.time.Duration registered as 38
02:55:10.799 [main] TRACE i.a.utils.serializer.KryoNamespace - class java.util.Collections$EmptySet registered as 39
02:55:10.799 [main] TRACE i.a.utils.serializer.KryoNamespace - class java.util.Optional registered as 40
02:55:10.799 [main] TRACE i.a.utils.serializer.KryoNamespace - class java.util.Collections$EmptyList registered as 41
02:55:10.800 [main] TRACE i.a.utils.serializer.KryoNamespace - class java.util.Collections$SingletonSet registered as 42
02:55:10.800 [main] TRACE i.a.utils.serializer.KryoNamespace - class [I registered as 43
02:55:10.800 [main] TRACE i.a.utils.serializer.KryoNamespace - class [J registered as 44
02:55:10.800 [main] TRACE i.a.utils.serializer.KryoNamespace - class [S registered as 45
02:55:10.800 [main] TRACE i.a.utils.serializer.KryoNamespace - class [D registered as 46
02:55:10.800 [main] TRACE i.a.utils.serializer.KryoNamespace - class [F registered as 47
02:55:10.800 [main] TRACE i.a.utils.serializer.KryoNamespace - class [C registered as 48
02:55:10.800 [main] TRACE i.a.utils.serializer.KryoNamespace - class [Ljava.lang.String; registered as 49
02:55:10.800 [main] TRACE i.a.utils.serializer.KryoNamespace - class [Z registered as 50
02:55:10.800 [main] TRACE i.a.utils.serializer.KryoNamespace - class [Ljava.lang.Object; registered as 51
02:55:10.800 [main] TRACE i.a.utils.serializer.KryoNamespace - class io.atomix.primitive.service.ServiceConfig registered as 52
02:55:10.800 [raft-client-6c0a1bb2-986e-47f7-86e2-6a736c947544-0] TRACE i.a.p.r.p.impl.RaftProxyConnection - RaftClient{6c0a1bb2-986e-47f7-86e2-6a736c947544} - Sending OpenSessionRequest{node=4, serviceName=raft-test, serviceType=raft-test, readConsistency=LINEARIZABLE, minTimeout=250, maxTimeout=5000} to 2
02:55:10.800 [raft-server-2] TRACE i.a.p.raft.roles.FollowerRole - RaftServer{2}{role=FOLLOWER} - Received OpenSessionRequest{node=4, serviceName=raft-test, serviceType=raft-test, readConsistency=LINEARIZABLE, minTimeout=250, maxTimeout=5000}
02:55:10.800 [raft-server-1] TRACE i.a.protocols.raft.roles.LeaderRole - RaftServer{1}{role=LEADER} - Received OpenSessionRequest{node=4, serviceName=raft-test, serviceType=raft-test, readConsistency=LINEARIZABLE, minTimeout=250, maxTimeout=5000}
02:55:10.801 [raft-server-1] TRACE i.a.protocols.raft.roles.LeaderRole - RaftServer{1}{role=LEADER} - Appended Indexed{index=2, entry=OpenSessionEntry{term=1, timestamp=2018-06-09 02:55:10,800, node=4, serviceName=raft-test, serviceType=raft-test, serviceConfig=byte[]{length=2, hash=2636}, readConsistency=LINEARIZABLE, minTimeout=250, maxTimeout=5000}}
02:55:10.801 [raft-server-1] TRACE i.a.p.raft.roles.LeaderAppender - RaftServer{1} - Sending AppendRequest{term=1, leader=1, prevLogIndex=1, prevLogTerm=1, entries=1, commitIndex=1} to 3
02:55:10.801 [raft-server-3] TRACE i.a.p.raft.roles.FollowerRole - RaftServer{3}{role=FOLLOWER} - Received AppendRequest{term=1, leader=1, prevLogIndex=1, prevLogTerm=1, entries=1, commitIndex=1}
02:55:10.801 [raft-server-1] TRACE i.a.p.raft.roles.LeaderAppender - RaftServer{1} - Sending AppendRequest{term=1, leader=1, prevLogIndex=1, prevLogTerm=1, entries=1, commitIndex=1} to 2
02:55:10.801 [raft-server-2] TRACE i.a.p.raft.roles.FollowerRole - RaftServer{2}{role=FOLLOWER} - Received AppendRequest{term=1, leader=1, prevLogIndex=1, prevLogTerm=1, entries=1, commitIndex=1}
02:55:10.801 [raft-server-3] TRACE i.a.p.raft.roles.FollowerRole - RaftServer{3}{role=FOLLOWER} - Appended Indexed{index=2, entry=OpenSessionEntry{term=1, timestamp=2018-06-09 02:55:10,800, node=4, serviceName=raft-test, serviceType=raft-test, serviceConfig=byte[]{length=2, hash=2636}, readConsistency=LINEARIZABLE, minTimeout=250, maxTimeout=5000}}
02:55:10.801 [raft-server-3] TRACE i.a.p.raft.roles.FollowerRole - RaftServer{3}{role=FOLLOWER} - Sending AppendResponse{status=OK, term=1, succeeded=true, lastLogIndex=2}
02:55:10.801 [raft-server-1] TRACE i.a.p.raft.roles.LeaderAppender - RaftServer{1} - Received AppendResponse{status=OK, term=1, succeeded=true, lastLogIndex=2} from 3
02:55:10.801 [raft-server-2] TRACE i.a.p.raft.roles.FollowerRole - RaftServer{2}{role=FOLLOWER} - Appended Indexed{index=2, entry=OpenSessionEntry{term=1, timestamp=2018-06-09 02:55:10,800, node=4, serviceName=raft-test, serviceType=raft-test, serviceConfig=byte[]{length=2, hash=2636}, readConsistency=LINEARIZABLE, minTimeout=250, maxTimeout=5000}}
02:55:10.801 [raft-server-1] TRACE i.a.p.raft.roles.LeaderAppender - RaftServer{1} - Committed entries up to 2
02:55:10.801 [raft-server-2] TRACE i.a.p.raft.roles.FollowerRole - RaftServer{2}{role=FOLLOWER} - Sending AppendResponse{status=OK, term=1, succeeded=true, lastLogIndex=2}
02:55:10.849 [raft-server-1] TRACE i.a.p.raft.roles.LeaderAppender - RaftServer{1} - Received AppendResponse{status=OK, term=1, succeeded=true, lastLogIndex=2} from 2
02:55:10.849 [raft-server-1-state] TRACE i.a.p.raft.impl.RaftServiceManager - RaftServer{1} - Applying Indexed{index=2, entry=OpenSessionEntry{term=1, timestamp=2018-06-09 02:55:10,800, node=4, serviceName=raft-test, serviceType=raft-test, serviceConfig=byte[]{length=2, hash=2636}, readConsistency=LINEARIZABLE, minTimeout=250, maxTimeout=5000}}
02:55:10.849 [raft-server-1-state] TRACE i.a.utils.serializer.KryoNamespace - Creating Kryo instance for KryoNamespace{registeredBlocks=[RegistrationBlock{begin=16, types=[([Ljava.lang.Class;@6b321262,null), ([Ljava.lang.Class;@68b11545,null), ([Ljava.lang.Class;@7d0100ea,null), ([Ljava.lang.Class;@357bc488,null), ([Ljava.lang.Class;@4ea17147,io.atomix.utils.serializer.serializers.ImmutableListSerializer@2eda4eeb), ([Ljava.lang.Class;@5ba90d8a,io.atomix.utils.serializer.serializers.ImmutableSetSerializer@309dcdf3), ([Ljava.lang.Class;@7573b9ee,io.atomix.utils.serializer.serializers.ImmutableMapSerializer@9a20cbd), ([Ljava.lang.Class;@1af4955e,null), ([Ljava.lang.Class;@445821a6,null), ([Ljava.lang.Class;@2c0c4c0a,null), ([Ljava.lang.Class;@35d26ad2,null), ([Ljava.lang.Class;@bb25753,null), ([Ljava.lang.Class;@ee21292,null), ([Ljava.lang.Class;@40c06358,null), ([Ljava.lang.Class;@66e21568,null), ([Ljava.lang.Class;@7f73ce28,null), ([Ljava.lang.Class;@611b35d6,null), ([Ljava.lang.Class;@2282400e,null), ([Ljava.lang.Class;@543d5863,null), ([Ljava.lang.Class;@35dece42,null), ([Ljava.lang.Class;@dd3f8aa,io.atomix.utils.serializer.serializers.ArraysAsListSerializer@3d615b2e), ([Ljava.lang.Class;@3a1f2a1,null), ([Ljava.lang.Class;@40ce9049,null), ([Ljava.lang.Class;@52ca2652,null), ([Ljava.lang.Class;@65c5bf0e,null), ([Ljava.lang.Class;@697d6ded,null), ([Ljava.lang.Class;@5d05f453,null), ([Ljava.lang.Class;@5efeb117,null), ([Ljava.lang.Class;@160b4809,null), ([Ljava.lang.Class;@149b4d20,null), ([Ljava.lang.Class;@664e848c,null), ([Ljava.lang.Class;@4d93f75b,null), ([Ljava.lang.Class;@114a5e0,null), ([Ljava.lang.Class;@4f281aaf,null), ([Ljava.lang.Class;@5d508d22,null), ([Ljava.lang.Class;@f2b90fc,null)]}, RegistrationBlock{begin=52, types=[([Ljava.lang.Class;@49f62eb9,null)]}]}
02:55:10.849 [raft-server-1-state] TRACE i.a.utils.serializer.KryoNamespace - class [B registered as 16
02:55:10.849 [raft-server-1-state] TRACE i.a.utils.serializer.KryoNamespace - class java.util.concurrent.atomic.AtomicBoolean registered as 17
02:55:10.849 [raft-server-1-state] TRACE i.a.utils.serializer.KryoNamespace - class java.util.concurrent.atomic.AtomicInteger registered as 18
02:55:10.849 [raft-server-1-state] TRACE i.a.utils.serializer.KryoNamespace - class java.util.concurrent.atomic.AtomicLong registered as 19
02:55:10.849 [raft-server-1-state] TRACE i.a.utils.serializer.KryoNamespace - class com.google.common.collect.ImmutableList registered as 20
02:55:10.849 [raft-server-1-state] TRACE i.a.utils.serializer.KryoNamespace - class com.google.common.collect.RegularImmutableList registered as 20
02:55:10.849 [raft-server-1-state] TRACE i.a.utils.serializer.KryoNamespace - class com.google.common.collect.RegularImmutableList registered as 20
02:55:10.849 [raft-server-1-state] TRACE i.a.utils.serializer.KryoNamespace - class com.google.common.collect.ImmutableList$SubList registered as 20
02:55:10.849 [raft-server-1-state] TRACE i.a.utils.serializer.KryoNamespace - class com.google.common.collect.ImmutableSet registered as 21
02:55:10.849 [raft-server-1-state] TRACE i.a.utils.serializer.KryoNamespace - class com.google.common.collect.RegularImmutableSet registered as 21
02:55:10.849 [raft-server-1-state] TRACE i.a.utils.serializer.KryoNamespace - class com.google.common.collect.SingletonImmutableSet registered as 21
02:55:10.849 [raft-server-1-state] TRACE i.a.utils.serializer.KryoNamespace - class com.google.common.collect.RegularImmutableSet registered as 21
02:55:10.849 [raft-server-1-state] TRACE i.a.utils.serializer.KryoNamespace - class com.google.common.collect.ImmutableMap registered as 22
02:55:10.849 [raft-server-1-state] TRACE i.a.utils.serializer.KryoNamespace - class com.google.common.collect.RegularImmutableMap registered as 22
02:55:10.849 [raft-server-1-state] TRACE i.a.utils.serializer.KryoNamespace - class com.google.common.collect.RegularImmutableMap registered as 22
02:55:10.850 [raft-server-1-state] TRACE i.a.utils.serializer.KryoNamespace - class com.google.common.collect.RegularImmutableMap registered as 22
02:55:10.850 [raft-server-1-state] TRACE i.a.utils.serializer.KryoNamespace - class java.util.Collections$UnmodifiableSet registered as 23
02:55:10.850 [raft-server-1-state] TRACE i.a.utils.serializer.KryoNamespace - class java.util.HashMap registered as 24
02:55:10.850 [raft-server-1-state] TRACE i.a.utils.serializer.KryoNamespace - class java.util.concurrent.ConcurrentHashMap registered as 25
02:55:10.850 [raft-server-1-state] TRACE i.a.utils.serializer.KryoNamespace - class java.util.concurrent.CopyOnWriteArraySet registered as 26
02:55:10.850 [raft-server-1-state] TRACE i.a.utils.serializer.KryoNamespace - class java.util.ArrayList registered as 27
02:55:10.850 [raft-server-1-state] TRACE i.a.utils.serializer.KryoNamespace - class java.util.LinkedList registered as 28
02:55:10.850 [raft-server-1-state] TRACE i.a.utils.serializer.KryoNamespace - class java.util.HashSet registered as 29
02:55:10.850 [raft-server-1-state] TRACE i.a.utils.serializer.KryoNamespace - class java.util.LinkedHashSet registered as 30
02:55:10.850 [raft-server-1-state] TRACE i.a.utils.serializer.KryoNamespace - class com.sun.jmx.remote.internal.ArrayQueue registered as 31
02:55:10.850 [raft-server-1-state] TRACE i.a.utils.serializer.KryoNamespace - class java.util.ArrayDeque registered as 32
02:55:10.850 [raft-server-1-state] TRACE i.a.utils.serializer.KryoNamespace - class com.google.common.collect.HashMultiset registered as 33
02:55:10.850 [raft-server-1-state] TRACE i.a.utils.serializer.KryoNamespace - class com.google.common.collect.Sets registered as 34
02:55:10.850 [raft-server-1-state] TRACE i.a.utils.serializer.KryoNamespace - class com.google.common.collect.ImmutableEntry registered as 35
02:55:10.850 [raft-server-1-state] TRACE i.a.utils.serializer.KryoNamespace - class java.util.Arrays$ArrayList registered as 36
02:55:10.850 [raft-server-1-state] TRACE i.a.utils.serializer.KryoNamespace - class java.util.Collections$SingletonList registered as 37
02:55:10.850 [raft-server-1-state] TRACE i.a.utils.serializer.KryoNamespace - class java.time.Duration registered as 38
02:55:10.850 [raft-server-1-state] TRACE i.a.utils.serializer.KryoNamespace - class java.util.Collections$EmptySet registered as 39
02:55:10.850 [raft-server-1-state] TRACE i.a.utils.serializer.KryoNamespace - class java.util.Optional registered as 40
02:55:10.850 [raft-server-1-state] TRACE i.a.utils.serializer.KryoNamespace - class java.util.Collections$EmptyList registered as 41
02:55:10.850 [raft-server-1-state] TRACE i.a.utils.serializer.KryoNamespace - class java.util.Collections$SingletonSet registered as 42
02:55:10.851 [raft-server-1-state] TRACE i.a.utils.serializer.KryoNamespace - class [I registered as 43
02:55:10.851 [raft-server-1-state] TRACE i.a.utils.serializer.KryoNamespace - class [J registered as 44
02:55:10.851 [raft-server-1-state] TRACE i.a.utils.serializer.KryoNamespace - class [S registered as 45
02:55:10.851 [raft-server-1-state] TRACE i.a.utils.serializer.KryoNamespace - class [D registered as 46
02:55:10.851 [raft-server-1-state] TRACE i.a.utils.serializer.KryoNamespace - class [F registered as 47
02:55:10.851 [raft-server-1-state] TRACE i.a.utils.serializer.KryoNamespace - class [C registered as 48
02:55:10.851 [raft-server-1-state] TRACE i.a.utils.serializer.KryoNamespace - class [Ljava.lang.String; registered as 49
02:55:10.851 [raft-server-1-state] TRACE i.a.utils.serializer.KryoNamespace - class [Z registered as 50
02:55:10.851 [raft-server-1-state] TRACE i.a.utils.serializer.KryoNamespace - class [Ljava.lang.Object; registered as 51
02:55:10.851 [raft-server-1-state] TRACE i.a.utils.serializer.KryoNamespace - class io.atomix.primitive.service.ServiceConfig registered as 52
02:55:10.851 [raft-server-1-state] TRACE i.a.utils.serializer.KryoNamespace - Creating Kryo instance for KryoNamespace{registeredBlocks=[RegistrationBlock{begin=16, types=[([Ljava.lang.Class;@6b321262,null), ([Ljava.lang.Class;@68b11545,null), ([Ljava.lang.Class;@7d0100ea,null), ([Ljava.lang.Class;@357bc488,null), ([Ljava.lang.Class;@4ea17147,io.atomix.utils.serializer.serializers.ImmutableListSerializer@2eda4eeb), ([Ljava.lang.Class;@5ba90d8a,io.atomix.utils.serializer.serializers.ImmutableSetSerializer@309dcdf3), ([Ljava.lang.Class;@7573b9ee,io.atomix.utils.serializer.serializers.ImmutableMapSerializer@9a20cbd), ([Ljava.lang.Class;@1af4955e,null), ([Ljava.lang.Class;@445821a6,null), ([Ljava.lang.Class;@2c0c4c0a,null), ([Ljava.lang.Class;@35d26ad2,null), ([Ljava.lang.Class;@bb25753,null), ([Ljava.lang.Class;@ee21292,null), ([Ljava.lang.Class;@40c06358,null), ([Ljava.lang.Class;@66e21568,null), ([Ljava.lang.Class;@7f73ce28,null), ([Ljava.lang.Class;@611b35d6,null), ([Ljava.lang.Class;@2282400e,null), ([Ljava.lang.Class;@543d5863,null), ([Ljava.lang.Class;@35dece42,null), ([Ljava.lang.Class;@dd3f8aa,io.atomix.utils.serializer.serializers.ArraysAsListSerializer@3d615b2e), ([Ljava.lang.Class;@3a1f2a1,null), ([Ljava.lang.Class;@40ce9049,null), ([Ljava.lang.Class;@52ca2652,null), ([Ljava.lang.Class;@65c5bf0e,null), ([Ljava.lang.Class;@697d6ded,null), ([Ljava.lang.Class;@5d05f453,null), ([Ljava.lang.Class;@5efeb117,null), ([Ljava.lang.Class;@160b4809,null), ([Ljava.lang.Class;@149b4d20,null), ([Ljava.lang.Class;@664e848c,null), ([Ljava.lang.Class;@4d93f75b,null), ([Ljava.lang.Class;@114a5e0,null), ([Ljava.lang.Class;@4f281aaf,null), ([Ljava.lang.Class;@5d508d22,null), ([Ljava.lang.Class;@f2b90fc,null)]}, RegistrationBlock{begin=52, types=[([Ljava.lang.Class;@4731d9f7,null)]}]}
02:55:10.851 [raft-server-1-state] TRACE i.a.utils.serializer.KryoNamespace - class [B registered as 16
02:55:10.851 [raft-server-1-state] TRACE i.a.utils.serializer.KryoNamespace - class java.util.concurrent.atomic.AtomicBoolean registered as 17
02:55:10.852 [raft-server-1-state] TRACE i.a.utils.serializer.KryoNamespace - class java.util.concurrent.atomic.AtomicInteger registered as 18
02:55:10.852 [raft-server-1-state] TRACE i.a.utils.serializer.KryoNamespace - class java.util.concurrent.atomic.AtomicLong registered as 19
02:55:10.852 [raft-server-1-state] TRACE i.a.utils.serializer.KryoNamespace - class com.google.common.collect.ImmutableList registered as 20
02:55:10.852 [raft-server-1-state] TRACE i.a.utils.serializer.KryoNamespace - class com.google.common.collect.RegularImmutableList registered as 20
02:55:10.852 [raft-server-1-state] TRACE i.a.utils.serializer.KryoNamespace - class com.google.common.collect.RegularImmutableList registered as 20
02:55:10.852 [raft-server-1-state] TRACE i.a.utils.serializer.KryoNamespace - class com.google.common.collect.ImmutableList$SubList registered as 20
02:55:10.852 [raft-server-1-state] TRACE i.a.utils.serializer.KryoNamespace - class com.google.common.collect.ImmutableSet registered as 21
02:55:10.852 [raft-server-1-state] TRACE i.a.utils.serializer.KryoNamespace - class com.google.common.collect.RegularImmutableSet registered as 21
02:55:10.852 [raft-server-1-state] TRACE i.a.utils.serializer.KryoNamespace - class com.google.common.collect.SingletonImmutableSet registered as 21
02:55:10.852 [raft-server-1-state] TRACE i.a.utils.serializer.KryoNamespace - class com.google.common.collect.RegularImmutableSet registered as 21
02:55:10.852 [raft-server-1-state] TRACE i.a.utils.serializer.KryoNamespace - class com.google.common.collect.ImmutableMap registered as 22
02:55:10.852 [raft-server-1-state] TRACE i.a.utils.serializer.KryoNamespace - class com.google.common.collect.RegularImmutableMap registered as 22
02:55:10.852 [raft-server-1-state] TRACE i.a.utils.serializer.KryoNamespace - class com.google.common.collect.RegularImmutableMap registered as 22
02:55:10.852 [raft-server-1-state] TRACE i.a.utils.serializer.KryoNamespace - class com.google.common.collect.RegularImmutableMap registered as 22
02:55:10.852 [raft-server-1-state] TRACE i.a.utils.serializer.KryoNamespace - class java.util.Collections$UnmodifiableSet registered as 23
02:55:10.852 [raft-server-1-state] TRACE i.a.utils.serializer.KryoNamespace - class java.util.HashMap registered as 24
02:55:10.852 [raft-server-1-state] TRACE i.a.utils.serializer.KryoNamespace - class java.util.concurrent.ConcurrentHashMap registered as 25
02:55:10.852 [raft-server-1-state] TRACE i.a.utils.serializer.KryoNamespace - class java.util.concurrent.CopyOnWriteArraySet registered as 26
02:55:10.852 [raft-server-1-state] TRACE i.a.utils.serializer.KryoNamespace - class java.util.ArrayList registered as 27
02:55:10.852 [raft-server-1-state] TRACE i.a.utils.serializer.KryoNamespace - class java.util.LinkedList registered as 28
02:55:10.852 [raft-server-1-state] TRACE i.a.utils.serializer.KryoNamespace - class java.util.HashSet registered as 29
02:55:10.852 [raft-server-1-state] TRACE i.a.utils.serializer.KryoNamespace - class java.util.LinkedHashSet registered as 30
02:55:10.852 [raft-server-1-state] TRACE i.a.utils.serializer.KryoNamespace - class com.sun.jmx.remote.internal.ArrayQueue registered as 31
02:55:10.853 [raft-server-1-state] TRACE i.a.utils.serializer.KryoNamespace - class java.util.ArrayDeque registered as 32
02:55:10.853 [raft-server-1-state] TRACE i.a.utils.serializer.KryoNamespace - class com.google.common.collect.HashMultiset registered as 33
02:55:10.853 [raft-server-1-state] TRACE i.a.utils.serializer.KryoNamespace - class com.google.common.collect.Sets registered as 34
02:55:10.853 [raft-server-1-state] TRACE i.a.utils.serializer.KryoNamespace - class com.google.common.collect.ImmutableEntry registered as 35
02:55:10.853 [raft-server-1-state] TRACE i.a.utils.serializer.KryoNamespace - class java.util.Arrays$ArrayList registered as 36
02:55:10.853 [raft-server-1-state] TRACE i.a.utils.serializer.KryoNamespace - class java.util.Collections$SingletonList registered as 37
02:55:10.853 [raft-server-1-state] TRACE i.a.utils.serializer.KryoNamespace - class java.time.Duration registered as 38
02:55:10.853 [raft-server-1-state] TRACE i.a.utils.serializer.KryoNamespace - class java.util.Collections$EmptySet registered as 39
02:55:10.853 [raft-server-1-state] TRACE i.a.utils.serializer.KryoNamespace - class java.util.Optional registered as 40
02:55:10.853 [raft-server-1-state] TRACE i.a.utils.serializer.KryoNamespace - class java.util.Collections$EmptyList registered as 41
02:55:10.853 [raft-server-1-state] TRACE i.a.utils.serializer.KryoNamespace - class java.util.Collections$SingletonSet registered as 42
02:55:10.853 [raft-server-1-state] TRACE i.a.utils.serializer.KryoNamespace - class [I registered as 43
02:55:10.853 [raft-server-1-state] TRACE i.a.utils.serializer.KryoNamespace - class [J registered as 44
02:55:10.853 [raft-server-1-state] TRACE i.a.utils.serializer.KryoNamespace - class [S registered as 45
02:55:10.853 [raft-server-1-state] TRACE i.a.utils.serializer.KryoNamespace - class [D registered as 46
02:55:10.853 [raft-server-1-state] TRACE i.a.utils.serializer.KryoNamespace - class [F registered as 47
02:55:10.854 [raft-server-1-state] TRACE i.a.utils.serializer.KryoNamespace - class [C registered as 48
02:55:10.854 [raft-server-1-state] TRACE i.a.utils.serializer.KryoNamespace - class [Ljava.lang.String; registered as 49
02:55:10.854 [raft-server-1-state] TRACE i.a.utils.serializer.KryoNamespace - class [Z registered as 50
02:55:10.854 [raft-server-1-state] TRACE i.a.utils.serializer.KryoNamespace - class [Ljava.lang.Object; registered as 51
02:55:10.854 [raft-server-1-state] TRACE i.a.utils.serializer.KryoNamespace - class io.atomix.primitive.service.ServiceConfig registered as 52
02:55:10.854 [raft-server-1-state] TRACE i.a.utils.serializer.KryoNamespace - Creating Kryo instance for KryoNamespace{registeredBlocks=[RegistrationBlock{begin=16, types=[([Ljava.lang.Class;@6b321262,null), ([Ljava.lang.Class;@68b11545,null), ([Ljava.lang.Class;@7d0100ea,null), ([Ljava.lang.Class;@357bc488,null), ([Ljava.lang.Class;@4ea17147,io.atomix.utils.serializer.serializers.ImmutableListSerializer@2eda4eeb), ([Ljava.lang.Class;@5ba90d8a,io.atomix.utils.serializer.serializers.ImmutableSetSerializer@309dcdf3), ([Ljava.lang.Class;@7573b9ee,io.atomix.utils.serializer.serializers.ImmutableMapSerializer@9a20cbd), ([Ljava.lang.Class;@1af4955e,null), ([Ljava.lang.Class;@445821a6,null), ([Ljava.lang.Class;@2c0c4c0a,null), ([Ljava.lang.Class;@35d26ad2,null), ([Ljava.lang.Class;@bb25753,null), ([Ljava.lang.Class;@ee21292,null), ([Ljava.lang.Class;@40c06358,null), ([Ljava.lang.Class;@66e21568,null), ([Ljava.lang.Class;@7f73ce28,null), ([Ljava.lang.Class;@611b35d6,null), ([Ljava.lang.Class;@2282400e,null), ([Ljava.lang.Class;@543d5863,null), ([Ljava.lang.Class;@35dece42,null), ([Ljava.lang.Class;@dd3f8aa,io.atomix.utils.serializer.serializers.ArraysAsListSerializer@3d615b2e), ([Ljava.lang.Class;@3a1f2a1,null), ([Ljava.lang.Class;@40ce9049,null), ([Ljava.lang.Class;@52ca2652,null), ([Ljava.lang.Class;@65c5bf0e,null), ([Ljava.lang.Class;@697d6ded,null), ([Ljava.lang.Class;@5d05f453,null), ([Ljava.lang.Class;@5efeb117,null), ([Ljava.lang.Class;@160b4809,null), ([Ljava.lang.Class;@149b4d20,null), ([Ljava.lang.Class;@664e848c,null), ([Ljava.lang.Class;@4d93f75b,null), ([Ljava.lang.Class;@114a5e0,null), ([Ljava.lang.Class;@4f281aaf,null), ([Ljava.lang.Class;@5d508d22,null), ([Ljava.lang.Class;@f2b90fc,null)]}, RegistrationBlock{begin=52, types=[([Ljava.lang.Class;@430e45c9,null)]}]}
02:55:10.854 [raft-server-1-state] TRACE i.a.utils.serializer.KryoNamespace - class [B registered as 16
02:55:10.854 [raft-server-1-state] TRACE i.a.utils.serializer.KryoNamespace - class java.util.concurrent.atomic.AtomicBoolean registered as 17
02:55:10.854 [raft-server-1-state] TRACE i.a.utils.serializer.KryoNamespace - class java.util.concurrent.atomic.AtomicInteger registered as 18
02:55:10.854 [raft-server-1-state] TRACE i.a.utils.serializer.KryoNamespace - class java.util.concurrent.atomic.AtomicLong registered as 19
02:55:10.854 [raft-server-1-state] TRACE i.a.utils.serializer.KryoNamespace - class com.google.common.collect.ImmutableList registered as 20
02:55:10.854 [raft-server-1-state] TRACE i.a.utils.serializer.KryoNamespace - class com.google.common.collect.RegularImmutableList registered as 20
02:55:10.854 [raft-server-1-state] TRACE i.a.utils.serializer.KryoNamespace - class com.google.common.collect.RegularImmutableList registered as 20
02:55:10.854 [raft-server-1-state] TRACE i.a.utils.serializer.KryoNamespace - class com.google.common.collect.ImmutableList$SubList registered as 20
02:55:10.854 [raft-server-1-state] TRACE i.a.utils.serializer.KryoNamespace - class com.google.common.collect.ImmutableSet registered as 21
02:55:10.854 [raft-server-1-state] TRACE i.a.utils.serializer.KryoNamespace - class com.google.common.collect.RegularImmutableSet registered as 21
02:55:10.854 [raft-server-1-state] TRACE i.a.utils.serializer.KryoNamespace - class com.google.common.collect.SingletonImmutableSet registered as 21
02:55:10.854 [raft-server-1-state] TRACE i.a.utils.serializer.KryoNamespace - class com.google.common.collect.RegularImmutableSet registered as 21
02:55:10.854 [raft-server-1-state] TRACE i.a.utils.serializer.KryoNamespace - class com.google.common.collect.ImmutableMap registered as 22
02:55:10.854 [raft-server-1-state] TRACE i.a.utils.serializer.KryoNamespace - class com.google.common.collect.RegularImmutableMap registered as 22
02:55:10.854 [raft-server-1-state] TRACE i.a.utils.serializer.KryoNamespace - class com.google.common.collect.RegularImmutableMap registered as 22
02:55:10.854 [raft-server-1-state] TRACE i.a.utils.serializer.KryoNamespace - class com.google.common.collect.RegularImmutableMap registered as 22
02:55:10.854 [raft-server-1-state] TRACE i.a.utils.serializer.KryoNamespace - class java.util.Collections$UnmodifiableSet registered as 23
02:55:10.855 [raft-server-1-state] TRACE i.a.utils.serializer.KryoNamespace - class java.util.HashMap registered as 24
02:55:10.855 [raft-server-1-state] TRACE i.a.utils.serializer.KryoNamespace - class java.util.concurrent.ConcurrentHashMap registered as 25
02:55:10.855 [raft-server-1-state] TRACE i.a.utils.serializer.KryoNamespace - class java.util.concurrent.CopyOnWriteArraySet registered as 26
02:55:10.855 [raft-server-1-state] TRACE i.a.utils.serializer.KryoNamespace - class java.util.ArrayList registered as 27
02:55:10.855 [raft-server-1-state] TRACE i.a.utils.serializer.KryoNamespace - class java.util.LinkedList registered as 28
02:55:10.855 [raft-server-1-state] TRACE i.a.utils.serializer.KryoNamespace - class java.util.HashSet registered as 29
02:55:10.855 [raft-server-1-state] TRACE i.a.utils.serializer.KryoNamespace - class java.util.LinkedHashSet registered as 30
02:55:10.855 [raft-server-1-state] TRACE i.a.utils.serializer.KryoNamespace - class com.sun.jmx.remote.internal.ArrayQueue registered as 31
02:55:10.855 [raft-server-1-state] TRACE i.a.utils.serializer.KryoNamespace - class java.util.ArrayDeque registered as 32
02:55:10.855 [raft-server-1-state] TRACE i.a.utils.serializer.KryoNamespace - class com.google.common.collect.HashMultiset registered as 33
02:55:10.855 [raft-server-1-state] TRACE i.a.utils.serializer.KryoNamespace - class com.google.common.collect.Sets registered as 34
02:55:10.855 [raft-server-1-state] TRACE i.a.utils.serializer.KryoNamespace - class com.google.common.collect.ImmutableEntry registered as 35
02:55:10.855 [raft-server-1-state] TRACE i.a.utils.serializer.KryoNamespace - class java.util.Arrays$ArrayList registered as 36
02:55:10.855 [raft-server-1-state] TRACE i.a.utils.serializer.KryoNamespace - class java.util.Collections$SingletonList registered as 37
02:55:10.855 [raft-server-1-state] TRACE i.a.utils.serializer.KryoNamespace - class java.time.Duration registered as 38
02:55:10.855 [raft-server-1-state] TRACE i.a.utils.serializer.KryoNamespace - class java.util.Collections$EmptySet registered as 39
02:55:10.855 [raft-server-1-state] TRACE i.a.utils.serializer.KryoNamespace - class java.util.Optional registered as 40
02:55:10.856 [raft-server-1-state] TRACE i.a.utils.serializer.KryoNamespace - class java.util.Collections$EmptyList registered as 41
02:55:10.856 [raft-server-1-state] TRACE i.a.utils.serializer.KryoNamespace - class java.util.Collections$SingletonSet registered as 42
02:55:10.856 [raft-server-1-state] TRACE i.a.utils.serializer.KryoNamespace - class [I registered as 43
02:55:10.856 [raft-server-1-state] TRACE i.a.utils.serializer.KryoNamespace - class [J registered as 44
02:55:10.856 [raft-server-1-state] TRACE i.a.utils.serializer.KryoNamespace - class [S registered as 45
02:55:10.856 [raft-server-1-state] TRACE i.a.utils.serializer.KryoNamespace - class [D registered as 46
02:55:10.856 [raft-server-1-state] TRACE i.a.utils.serializer.KryoNamespace - class [F registered as 47
02:55:10.856 [raft-server-1-state] TRACE i.a.utils.serializer.KryoNamespace - class [C registered as 48
02:55:10.856 [raft-server-1-state] TRACE i.a.utils.serializer.KryoNamespace - class [Ljava.lang.String; registered as 49
02:55:10.856 [raft-server-1-state] TRACE i.a.utils.serializer.KryoNamespace - class [Z registered as 50
02:55:10.856 [raft-server-1-state] TRACE i.a.utils.serializer.KryoNamespace - class [Ljava.lang.Object; registered as 51
02:55:10.856 [raft-server-1-state] TRACE i.a.utils.serializer.KryoNamespace - class io.atomix.primitive.service.ServiceConfig registered as 52
02:55:10.856 [raft-server-1-state] DEBUG i.a.p.s.impl.DefaultServiceExecutor - PrimitiveService{2}{type=io.atomix.protocols.raft.RaftTest$TestPrimitiveType@60cd3cc, name=raft-test} - Registered operation callback DefaultOperationId{id=sendEvent, type=COMMAND}
02:55:10.856 [raft-server-1-state] DEBUG i.a.p.s.impl.DefaultServiceExecutor - PrimitiveService{2}{type=io.atomix.protocols.raft.RaftTest$TestPrimitiveType@60cd3cc, name=raft-test} - Registered operation callback DefaultOperationId{id=onClose, type=COMMAND}
02:55:10.856 [raft-server-1-state] DEBUG i.a.p.s.impl.DefaultServiceExecutor - PrimitiveService{2}{type=io.atomix.protocols.raft.RaftTest$TestPrimitiveType@60cd3cc, name=raft-test} - Registered operation callback DefaultOperationId{id=read, type=QUERY}
02:55:10.857 [raft-server-1-state] DEBUG i.a.p.s.impl.DefaultServiceExecutor - PrimitiveService{2}{type=io.atomix.protocols.raft.RaftTest$TestPrimitiveType@60cd3cc, name=raft-test} - Registered operation callback DefaultOperationId{id=onExpire, type=COMMAND}
02:55:10.857 [raft-server-1-state] DEBUG i.a.p.s.impl.DefaultServiceExecutor - PrimitiveService{2}{type=io.atomix.protocols.raft.RaftTest$TestPrimitiveType@60cd3cc, name=raft-test} - Registered operation callback DefaultOperationId{id=write, type=COMMAND}
02:55:10.857 [raft-server-1-state] TRACE i.a.utils.serializer.KryoNamespace - Creating Kryo instance for KryoNamespace{registeredBlocks=[RegistrationBlock{begin=16, types=[([Ljava.lang.Class;@6b321262,null), ([Ljava.lang.Class;@68b11545,null), ([Ljava.lang.Class;@7d0100ea,null), ([Ljava.lang.Class;@357bc488,null), ([Ljava.lang.Class;@4ea17147,io.atomix.utils.serializer.serializers.ImmutableListSerializer@2eda4eeb), ([Ljava.lang.Class;@5ba90d8a,io.atomix.utils.serializer.serializers.ImmutableSetSerializer@309dcdf3), ([Ljava.lang.Class;@7573b9ee,io.atomix.utils.serializer.serializers.ImmutableMapSerializer@9a20cbd), ([Ljava.lang.Class;@1af4955e,null), ([Ljava.lang.Class;@445821a6,null), ([Ljava.lang.Class;@2c0c4c0a,null), ([Ljava.lang.Class;@35d26ad2,null), ([Ljava.lang.Class;@bb25753,null), ([Ljava.lang.Class;@ee21292,null), ([Ljava.lang.Class;@40c06358,null), ([Ljava.lang.Class;@66e21568,null), ([Ljava.lang.Class;@7f73ce28,null), ([Ljava.lang.Class;@611b35d6,null), ([Ljava.lang.Class;@2282400e,null), ([Ljava.lang.Class;@543d5863,null), ([Ljava.lang.Class;@35dece42,null), ([Ljava.lang.Class;@dd3f8aa,io.atomix.utils.serializer.serializers.ArraysAsListSerializer@3d615b2e), ([Ljava.lang.Class;@3a1f2a1,null), ([Ljava.lang.Class;@40ce9049,null), ([Ljava.lang.Class;@52ca2652,null), ([Ljava.lang.Class;@65c5bf0e,null), ([Ljava.lang.Class;@697d6ded,null), ([Ljava.lang.Class;@5d05f453,null), ([Ljava.lang.Class;@5efeb117,null), ([Ljava.lang.Class;@160b4809,null), ([Ljava.lang.Class;@149b4d20,null), ([Ljava.lang.Class;@664e848c,null), ([Ljava.lang.Class;@4d93f75b,null), ([Ljava.lang.Class;@114a5e0,null), ([Ljava.lang.Class;@4f281aaf,null), ([Ljava.lang.Class;@5d508d22,null), ([Ljava.lang.Class;@f2b90fc,null)]}, RegistrationBlock{begin=52, types=[([Ljava.lang.Class;@7e77a652,null)]}]}
02:55:10.857 [raft-server-1-state] TRACE i.a.utils.serializer.KryoNamespace - class [B registered as 16
02:55:10.857 [raft-server-1-state] TRACE i.a.utils.serializer.KryoNamespace - class java.util.concurrent.atomic.AtomicBoolean registered as 17
02:55:10.857 [raft-server-1-state] TRACE i.a.utils.serializer.KryoNamespace - class java.util.concurrent.atomic.AtomicInteger registered as 18
02:55:10.857 [raft-server-1-state] TRACE i.a.utils.serializer.KryoNamespace - class java.util.concurrent.atomic.AtomicLong registered as 19
02:55:10.857 [raft-server-1-state] TRACE i.a.utils.serializer.KryoNamespace - class com.google.common.collect.ImmutableList registered as 20
02:55:10.857 [raft-server-1-state] TRACE i.a.utils.serializer.KryoNamespace - class com.google.common.collect.RegularImmutableList registered as 20
02:55:10.857 [raft-server-1-state] TRACE i.a.utils.serializer.KryoNamespace - class com.google.common.collect.RegularImmutableList registered as 20
02:55:10.857 [raft-server-1-state] TRACE i.a.utils.serializer.KryoNamespace - class com.google.common.collect.ImmutableList$SubList registered as 20
02:55:10.857 [raft-server-1-state] TRACE i.a.utils.serializer.KryoNamespace - class com.google.common.collect.ImmutableSet registered as 21
02:55:10.857 [raft-server-1-state] TRACE i.a.utils.serializer.KryoNamespace - class com.google.common.collect.RegularImmutableSet registered as 21
02:55:10.857 [raft-server-1-state] TRACE i.a.utils.serializer.KryoNamespace - class com.google.common.collect.SingletonImmutableSet registered as 21
02:55:10.857 [raft-server-1-state] TRACE i.a.utils.serializer.KryoNamespace - class com.google.common.collect.RegularImmutableSet registered as 21
02:55:10.857 [raft-server-1-state] TRACE i.a.utils.serializer.KryoNamespace - class com.google.common.collect.ImmutableMap registered as 22
02:55:10.857 [raft-server-1-state] TRACE i.a.utils.serializer.KryoNamespace - class com.google.common.collect.RegularImmutableMap registered as 22
02:55:10.857 [raft-server-1-state] TRACE i.a.utils.serializer.KryoNamespace - class com.google.common.collect.RegularImmutableMap registered as 22
02:55:10.857 [raft-server-1-state] TRACE i.a.utils.serializer.KryoNamespace - class com.google.common.collect.RegularImmutableMap registered as 22
02:55:10.857 [raft-server-1-state] TRACE i.a.utils.serializer.KryoNamespace - class java.util.Collections$UnmodifiableSet registered as 23
02:55:10.857 [raft-server-1-state] TRACE i.a.utils.serializer.KryoNamespace - class java.util.HashMap registered as 24
02:55:10.857 [raft-server-1-state] TRACE i.a.utils.serializer.KryoNamespace - class java.util.concurrent.ConcurrentHashMap registered as 25
02:55:10.858 [raft-server-1-state] TRACE i.a.utils.serializer.KryoNamespace - class java.util.concurrent.CopyOnWriteArraySet registered as 26
02:55:10.858 [raft-server-1-state] TRACE i.a.utils.serializer.KryoNamespace - class java.util.ArrayList registered as 27
02:55:10.858 [raft-server-1-state] TRACE i.a.utils.serializer.KryoNamespace - class java.util.LinkedList registered as 28
02:55:10.858 [raft-server-1-state] TRACE i.a.utils.serializer.KryoNamespace - class java.util.HashSet registered as 29
02:55:10.858 [raft-server-1-state] TRACE i.a.utils.serializer.KryoNamespace - class java.util.LinkedHashSet registered as 30
02:55:10.858 [raft-server-1-state] TRACE i.a.utils.serializer.KryoNamespace - class com.sun.jmx.remote.internal.ArrayQueue registered as 31
02:55:10.858 [raft-server-1-state] TRACE i.a.utils.serializer.KryoNamespace - class java.util.ArrayDeque registered as 32
02:55:10.858 [raft-server-1-state] TRACE i.a.utils.serializer.KryoNamespace - class com.google.common.collect.HashMultiset registered as 33
02:55:10.858 [raft-server-1-state] TRACE i.a.utils.serializer.KryoNamespace - class com.google.common.collect.Sets registered as 34
02:55:10.858 [raft-server-1-state] TRACE i.a.utils.serializer.KryoNamespace - class com.google.common.collect.ImmutableEntry registered as 35
02:55:10.858 [raft-server-1-state] TRACE i.a.utils.serializer.KryoNamespace - class java.util.Arrays$ArrayList registered as 36
02:55:10.858 [raft-server-1-state] TRACE i.a.utils.serializer.KryoNamespace - class java.util.Collections$SingletonList registered as 37
02:55:10.858 [raft-server-1-state] TRACE i.a.utils.serializer.KryoNamespace - class java.time.Duration registered as 38
02:55:10.858 [raft-server-1-state] TRACE i.a.utils.serializer.KryoNamespace - class java.util.Collections$EmptySet registered as 39
02:55:10.858 [raft-server-1-state] TRACE i.a.utils.serializer.KryoNamespace - class java.util.Optional registered as 40
02:55:10.858 [raft-server-1-state] TRACE i.a.utils.serializer.KryoNamespace - class java.util.Collections$EmptyList registered as 41
02:55:10.858 [raft-server-1-state] TRACE i.a.utils.serializer.KryoNamespace - class java.util.Collections$SingletonSet registered as 42
02:55:10.859 [raft-server-1-state] TRACE i.a.utils.serializer.KryoNamespace - class [I registered as 43
02:55:10.859 [raft-server-1-state] TRACE i.a.utils.serializer.KryoNamespace - class [J registered as 44
02:55:10.859 [raft-server-1-state] TRACE i.a.utils.serializer.KryoNamespace - class [S registered as 45
02:55:10.859 [raft-server-1-state] TRACE i.a.utils.serializer.KryoNamespace - class [D registered as 46
02:55:10.859 [raft-server-1-state] TRACE i.a.utils.serializer.KryoNamespace - class [F registered as 47
02:55:10.859 [raft-server-1-state] TRACE i.a.utils.serializer.KryoNamespace - class [C registered as 48
02:55:10.859 [raft-server-1-state] TRACE i.a.utils.serializer.KryoNamespace - class [Ljava.lang.String; registered as 49
02:55:10.859 [raft-server-1-state] TRACE i.a.utils.serializer.KryoNamespace - class [Z registered as 50
02:55:10.859 [raft-server-1-state] TRACE i.a.utils.serializer.KryoNamespace - class [Ljava.lang.Object; registered as 51
02:55:10.859 [raft-server-1-state] TRACE i.a.utils.serializer.KryoNamespace - class io.atomix.primitive.service.ServiceConfig registered as 52
02:55:10.859 [raft-server-1-state] DEBUG i.a.p.r.service.RaftServiceContext - PrimitiveService{2}{type=io.atomix.protocols.raft.RaftTest$TestPrimitiveType@60cd3cc, name=raft-test} - Opening session 2
02:55:10.859 [raft-server-1-state] DEBUG i.a.p.raft.session.RaftSession - Session{2}{type=io.atomix.protocols.raft.RaftTest$TestPrimitiveType@60cd3cc, name=raft-test} - State changed: OPEN
02:55:10.859 [raft-server-1-state] TRACE i.a.protocols.raft.roles.LeaderRole - RaftServer{1}{role=LEADER} - Sending OpenSessionResponse{status=OK, session=2, timeout=5000}
02:55:10.859 [raft-server-2] TRACE i.a.p.raft.roles.FollowerRole - RaftServer{2}{role=FOLLOWER} - Sending OpenSessionResponse{status=OK, session=2, timeout=5000}
02:55:10.860 [raft-client-6c0a1bb2-986e-47f7-86e2-6a736c947544-1] TRACE i.a.p.r.p.impl.RaftProxyConnection - RaftClient{6c0a1bb2-986e-47f7-86e2-6a736c947544} - Received OpenSessionResponse{status=OK, session=2, timeout=5000} from 2
02:55:10.860 [raft-client-6c0a1bb2-986e-47f7-86e2-6a736c947544-0] TRACE i.a.p.r.proxy.impl.RaftProxyManager - RaftClient{6c0a1bb2-986e-47f7-86e2-6a736c947544} - Keeping 1 sessions alive
02:55:10.861 [raft-client-6c0a1bb2-986e-47f7-86e2-6a736c947544-2] TRACE i.a.p.r.p.impl.RaftProxyConnection - RaftClient{6c0a1bb2-986e-47f7-86e2-6a736c947544} - Sending KeepAliveRequest{sessionIds=long[]{length=1, hash=33}, commandSequences=long[]{length=1, hash=31}, eventIndexes=long[]{length=1, hash=33}} to 2
02:55:10.861 [raft-client-6c0a1bb2-986e-47f7-86e2-6a736c947544-0] DEBUG i.a.p.p.impl.RecoveringProxySession - ProxySession{2}{type=io.atomix.protocols.raft.RaftTest$TestPrimitiveType@35bfa1bb, name=raft-test} - State changed: CONNECTED
02:55:10.861 [raft-server-2] TRACE i.a.p.raft.roles.FollowerRole - RaftServer{2}{role=FOLLOWER} - Received KeepAliveRequest{sessionIds=long[]{length=1, hash=33}, commandSequences=long[]{length=1, hash=31}, eventIndexes=long[]{length=1, hash=33}}
02:55:10.861 [raft-server-1] TRACE i.a.protocols.raft.roles.LeaderRole - RaftServer{1}{role=LEADER} - Received KeepAliveRequest{sessionIds=long[]{length=1, hash=33}, commandSequences=long[]{length=1, hash=31}, eventIndexes=long[]{length=1, hash=33}}
02:55:10.862 [raft-server-1] TRACE i.a.protocols.raft.roles.LeaderRole - RaftServer{1}{role=LEADER} - Appended Indexed{index=3, entry=KeepAliveEntry{term=1, timestamp=2018-06-09 02:55:10,861, sessionIds=long[]{length=1, hash=33}, commandSequences=long[]{length=1, hash=31}, eventIndexes=long[]{length=1, hash=33}}}
02:55:10.862 [raft-server-1] TRACE i.a.p.raft.roles.LeaderAppender - RaftServer{1} - Sending AppendRequest{term=1, leader=1, prevLogIndex=2, prevLogTerm=1, entries=1, commitIndex=2} to 3
02:55:10.862 [raft-server-1] TRACE i.a.p.raft.roles.LeaderAppender - RaftServer{1} - Sending AppendRequest{term=1, leader=1, prevLogIndex=2, prevLogTerm=1, entries=1, commitIndex=2} to 2
02:55:10.862 [raft-server-3] TRACE i.a.p.raft.roles.FollowerRole - RaftServer{3}{role=FOLLOWER} - Received AppendRequest{term=1, leader=1, prevLogIndex=2, prevLogTerm=1, entries=1, commitIndex=2}
02:55:10.862 [raft-server-2] TRACE i.a.p.raft.roles.FollowerRole - RaftServer{2}{role=FOLLOWER} - Received AppendRequest{term=1, leader=1, prevLogIndex=2, prevLogTerm=1, entries=1, commitIndex=2}
02:55:10.862 [raft-server-2] TRACE i.a.p.raft.roles.FollowerRole - RaftServer{2}{role=FOLLOWER} - Appended Indexed{index=3, entry=KeepAliveEntry{term=1, timestamp=2018-06-09 02:55:10,861, sessionIds=long[]{length=1, hash=33}, commandSequences=long[]{length=1, hash=31}, eventIndexes=long[]{length=1, hash=33}}}
02:55:10.862 [main] TRACE i.a.utils.serializer.KryoNamespace - Creating Kryo instance for KryoNamespace{registeredBlocks=[RegistrationBlock{begin=16, types=[([Ljava.lang.Class;@6b321262,null), ([Ljava.lang.Class;@68b11545,null), ([Ljava.lang.Class;@7d0100ea,null), ([Ljava.lang.Class;@357bc488,null), ([Ljava.lang.Class;@4ea17147,io.atomix.utils.serializer.serializers.ImmutableListSerializer@2eda4eeb), ([Ljava.lang.Class;@5ba90d8a,io.atomix.utils.serializer.serializers.ImmutableSetSerializer@309dcdf3), ([Ljava.lang.Class;@7573b9ee,io.atomix.utils.serializer.serializers.ImmutableMapSerializer@9a20cbd), ([Ljava.lang.Class;@1af4955e,null), ([Ljava.lang.Class;@445821a6,null), ([Ljava.lang.Class;@2c0c4c0a,null), ([Ljava.lang.Class;@35d26ad2,null), ([Ljava.lang.Class;@bb25753,null), ([Ljava.lang.Class;@ee21292,null), ([Ljava.lang.Class;@40c06358,null), ([Ljava.lang.Class;@66e21568,null), ([Ljava.lang.Class;@7f73ce28,null), ([Ljava.lang.Class;@611b35d6,null), ([Ljava.lang.Class;@2282400e,null), ([Ljava.lang.Class;@543d5863,null), ([Ljava.lang.Class;@35dece42,null), ([Ljava.lang.Class;@dd3f8aa,io.atomix.utils.serializer.serializers.ArraysAsListSerializer@3d615b2e), ([Ljava.lang.Class;@3a1f2a1,null), ([Ljava.lang.Class;@40ce9049,null), ([Ljava.lang.Class;@52ca2652,null), ([Ljava.lang.Class;@65c5bf0e,null), ([Ljava.lang.Class;@697d6ded,null), ([Ljava.lang.Class;@5d05f453,null), ([Ljava.lang.Class;@5efeb117,null), ([Ljava.lang.Class;@160b4809,null), ([Ljava.lang.Class;@149b4d20,null), ([Ljava.lang.Class;@664e848c,null), ([Ljava.lang.Class;@4d93f75b,null), ([Ljava.lang.Class;@114a5e0,null), ([Ljava.lang.Class;@4f281aaf,null), ([Ljava.lang.Class;@5d508d22,null), ([Ljava.lang.Class;@f2b90fc,null)]}, RegistrationBlock{begin=52, types=[([Ljava.lang.Class;@3ac0a14b,null)]}]}
02:55:10.863 [main] TRACE i.a.utils.serializer.KryoNamespace - class [B registered as 16
02:55:10.863 [main] TRACE i.a.utils.serializer.KryoNamespace - class java.util.concurrent.atomic.AtomicBoolean registered as 17
02:55:10.863 [raft-server-3] TRACE i.a.p.raft.roles.FollowerRole - RaftServer{3}{role=FOLLOWER} - Appended Indexed{index=3, entry=KeepAliveEntry{term=1, timestamp=2018-06-09 02:55:10,861, sessionIds=long[]{length=1, hash=33}, commandSequences=long[]{length=1, hash=31}, eventIndexes=long[]{length=1, hash=33}}}
02:55:10.863 [main] TRACE i.a.utils.serializer.KryoNamespace - class java.util.concurrent.atomic.AtomicInteger registered as 18
02:55:10.863 [main] TRACE i.a.utils.serializer.KryoNamespace - class java.util.concurrent.atomic.AtomicLong registered as 19
02:55:10.863 [main] TRACE i.a.utils.serializer.KryoNamespace - class com.google.common.collect.ImmutableList registered as 20
02:55:10.863 [main] TRACE i.a.utils.serializer.KryoNamespace - class com.google.common.collect.RegularImmutableList registered as 20
02:55:10.863 [main] TRACE i.a.utils.serializer.KryoNamespace - class com.google.common.collect.RegularImmutableList registered as 20
02:55:10.863 [main] TRACE i.a.utils.serializer.KryoNamespace - class com.google.common.collect.ImmutableList$SubList registered as 20
02:55:10.863 [main] TRACE i.a.utils.serializer.KryoNamespace - class com.google.common.collect.ImmutableSet registered as 21
02:55:10.863 [main] TRACE i.a.utils.serializer.KryoNamespace - class com.google.common.collect.RegularImmutableSet registered as 21
02:55:10.863 [main] TRACE i.a.utils.serializer.KryoNamespace - class com.google.common.collect.SingletonImmutableSet registered as 21
02:55:10.863 [main] TRACE i.a.utils.serializer.KryoNamespace - class com.google.common.collect.RegularImmutableSet registered as 21
02:55:10.863 [main] TRACE i.a.utils.serializer.KryoNamespace - class com.google.common.collect.ImmutableMap registered as 22
02:55:10.863 [main] TRACE i.a.utils.serializer.KryoNamespace - class com.google.common.collect.RegularImmutableMap registered as 22
02:55:10.863 [main] TRACE i.a.utils.serializer.KryoNamespace - class com.google.common.collect.RegularImmutableMap registered as 22
02:55:10.863 [main] TRACE i.a.utils.serializer.KryoNamespace - class com.google.common.collect.RegularImmutableMap registered as 22
02:55:10.863 [main] TRACE i.a.utils.serializer.KryoNamespace - class java.util.Collections$UnmodifiableSet registered as 23
02:55:10.863 [main] TRACE i.a.utils.serializer.KryoNamespace - class java.util.HashMap registered as 24
02:55:10.863 [main] TRACE i.a.utils.serializer.KryoNamespace - class java.util.concurrent.ConcurrentHashMap registered as 25
02:55:10.863 [main] TRACE i.a.utils.serializer.KryoNamespace - class java.util.concurrent.CopyOnWriteArraySet registered as 26
02:55:10.863 [main] TRACE i.a.utils.serializer.KryoNamespace - class java.util.ArrayList registered as 27
02:55:10.863 [main] TRACE i.a.utils.serializer.KryoNamespace - class java.util.LinkedList registered as 28
02:55:10.863 [main] TRACE i.a.utils.serializer.KryoNamespace - class java.util.HashSet registered as 29
02:55:10.864 [main] TRACE i.a.utils.serializer.KryoNamespace - class java.util.LinkedHashSet registered as 30
02:55:10.864 [main] TRACE i.a.utils.serializer.KryoNamespace - class com.sun.jmx.remote.internal.ArrayQueue registered as 31
02:55:10.864 [main] TRACE i.a.utils.serializer.KryoNamespace - class java.util.ArrayDeque registered as 32
02:55:10.864 [main] TRACE i.a.utils.serializer.KryoNamespace - class com.google.common.collect.HashMultiset registered as 33
02:55:10.864 [main] TRACE i.a.utils.serializer.KryoNamespace - class com.google.common.collect.Sets registered as 34
02:55:10.864 [main] TRACE i.a.utils.serializer.KryoNamespace - class com.google.common.collect.ImmutableEntry registered as 35
02:55:10.864 [main] TRACE i.a.utils.serializer.KryoNamespace - class java.util.Arrays$ArrayList registered as 36
02:55:10.864 [main] TRACE i.a.utils.serializer.KryoNamespace - class java.util.Collections$SingletonList registered as 37
02:55:10.864 [main] TRACE i.a.utils.serializer.KryoNamespace - class java.time.Duration registered as 38
02:55:10.864 [main] TRACE i.a.utils.serializer.KryoNamespace - class java.util.Collections$EmptySet registered as 39
02:55:10.864 [main] TRACE i.a.utils.serializer.KryoNamespace - class java.util.Optional registered as 40
02:55:10.864 [main] TRACE i.a.utils.serializer.KryoNamespace - class java.util.Collections$EmptyList registered as 41
02:55:10.864 [main] TRACE i.a.utils.serializer.KryoNamespace - class java.util.Collections$SingletonSet registered as 42
02:55:10.864 [main] TRACE i.a.utils.serializer.KryoNamespace - class [I registered as 43
02:55:10.864 [main] TRACE i.a.utils.serializer.KryoNamespace - class [J registered as 44
02:55:10.864 [main] TRACE i.a.utils.serializer.KryoNamespace - class [S registered as 45
02:55:10.864 [main] TRACE i.a.utils.serializer.KryoNamespace - class [D registered as 46
02:55:10.864 [main] TRACE i.a.utils.serializer.KryoNamespace - class [F registered as 47
02:55:10.864 [main] TRACE i.a.utils.serializer.KryoNamespace - class [C registered as 48
02:55:10.864 [main] TRACE i.a.utils.serializer.KryoNamespace - class [Ljava.lang.String; registered as 49
02:55:10.865 [main] TRACE i.a.utils.serializer.KryoNamespace - class [Z registered as 50
02:55:10.865 [main] TRACE i.a.utils.serializer.KryoNamespace - class [Ljava.lang.Object; registered as 51
02:55:10.865 [main] TRACE i.a.utils.serializer.KryoNamespace - class io.atomix.primitive.service.ServiceConfig registered as 52
02:55:10.866 [raft-client-6c0a1bb2-986e-47f7-86e2-6a736c947544-4] TRACE i.a.p.r.p.impl.RaftProxyConnection - ProxySession{2}{type=io.atomix.protocols.raft.RaftTest$TestPrimitiveType@35bfa1bb, name=raft-test} - Sending CommandRequest{session=2, sequence=1, operation=PrimitiveOperation{id=DefaultOperationId{id=write, type=COMMAND}, value=byte[]{length=17, hash=-1644578928}}} to 1
02:55:10.866 [raft-server-1] TRACE i.a.protocols.raft.roles.LeaderRole - RaftServer{1}{role=LEADER} - Received CommandRequest{session=2, sequence=1, operation=PrimitiveOperation{id=DefaultOperationId{id=write, type=COMMAND}, value=byte[]{length=17, hash=-1644578928}}}
02:55:10.866 [raft-server-1] TRACE i.a.protocols.raft.roles.LeaderRole - RaftServer{1}{role=LEADER} - Appended Indexed{index=4, entry=CommandEntry{term=1, timestamp=2018-06-09 02:55:10,866, session=2, sequence=1, operation=PrimitiveOperation{id=DefaultOperationId{id=write, type=COMMAND}, value=byte[]{length=17, hash=-1644578928}}}}
02:55:10.866 [raft-server-1] TRACE i.a.p.raft.roles.LeaderAppender - RaftServer{1} - Sending AppendRequest{term=1, leader=1, prevLogIndex=3, prevLogTerm=1, entries=1, commitIndex=2} to 3
02:55:10.969 [raft-server-3] TRACE i.a.p.raft.roles.FollowerRole - RaftServer{3}{role=FOLLOWER} - Committed entries up to index 2
02:55:10.969 [raft-server-2] TRACE i.a.p.raft.roles.FollowerRole - RaftServer{2}{role=FOLLOWER} - Committed entries up to index 2
02:55:10.969 [raft-server-3] TRACE i.a.p.raft.roles.FollowerRole - RaftServer{3}{role=FOLLOWER} - Sending AppendResponse{status=OK, term=1, succeeded=true, lastLogIndex=3}
02:55:10.969 [raft-server-2] TRACE i.a.p.raft.roles.FollowerRole - RaftServer{2}{role=FOLLOWER} - Sending AppendResponse{status=OK, term=1, succeeded=true, lastLogIndex=3}
02:55:10.970 [raft-server-3] TRACE i.a.p.raft.roles.FollowerRole - RaftServer{3}{role=FOLLOWER} - Received AppendRequest{term=1, leader=1, prevLogIndex=3, prevLogTerm=1, entries=1, commitIndex=2}
02:55:10.970 [raft-server-1] TRACE i.a.p.raft.roles.LeaderAppender - RaftServer{1} - Received AppendResponse{status=OK, term=1, succeeded=true, lastLogIndex=3} from 3
02:55:10.970 [raft-server-2-state] TRACE i.a.p.raft.impl.RaftServiceManager - RaftServer{2} - Applying Indexed{index=2, entry=OpenSessionEntry{term=1, timestamp=2018-06-09 02:55:10,800, node=4, serviceName=raft-test, serviceType=raft-test, serviceConfig=byte[]{length=2, hash=2636}, readConsistency=LINEARIZABLE, minTimeout=250, maxTimeout=5000}}
02:55:10.970 [raft-server-1] TRACE i.a.p.raft.roles.LeaderAppender - RaftServer{1} - Committed entries up to 3
02:55:10.970 [raft-server-3] TRACE i.a.p.raft.roles.FollowerRole - RaftServer{3}{role=FOLLOWER} - Appended Indexed{index=4, entry=CommandEntry{term=1, timestamp=2018-06-09 02:55:10,866, session=2, sequence=1, operation=PrimitiveOperation{id=DefaultOperationId{id=write, type=COMMAND}, value=byte[]{length=17, hash=-1644578928}}}}
02:55:10.970 [raft-server-3] TRACE i.a.p.raft.roles.FollowerRole - RaftServer{3}{role=FOLLOWER} - Sending AppendResponse{status=OK, term=1, succeeded=true, lastLogIndex=4}
02:55:10.970 [raft-server-2-state] TRACE i.a.utils.serializer.KryoNamespace - Creating Kryo instance for KryoNamespace{registeredBlocks=[RegistrationBlock{begin=16, types=[([Ljava.lang.Class;@6b321262,null), ([Ljava.lang.Class;@68b11545,null), ([Ljava.lang.Class;@7d0100ea,null), ([Ljava.lang.Class;@357bc488,null), ([Ljava.lang.Class;@4ea17147,io.atomix.utils.serializer.serializers.ImmutableListSerializer@2eda4eeb), ([Ljava.lang.Class;@5ba90d8a,io.atomix.utils.serializer.serializers.ImmutableSetSerializer@309dcdf3), ([Ljava.lang.Class;@7573b9ee,io.atomix.utils.serializer.serializers.ImmutableMapSerializer@9a20cbd), ([Ljava.lang.Class;@1af4955e,null), ([Ljava.lang.Class;@445821a6,null), ([Ljava.lang.Class;@2c0c4c0a,null), ([Ljava.lang.Class;@35d26ad2,null), ([Ljava.lang.Class;@bb25753,null), ([Ljava.lang.Class;@ee21292,null), ([Ljava.lang.Class;@40c06358,null), ([Ljava.lang.Class;@66e21568,null), ([Ljava.lang.Class;@7f73ce28,null), ([Ljava.lang.Class;@611b35d6,null), ([Ljava.lang.Class;@2282400e,null), ([Ljava.lang.Class;@543d5863,null), ([Ljava.lang.Class;@35dece42,null), ([Ljava.lang.Class;@dd3f8aa,io.atomix.utils.serializer.serializers.ArraysAsListSerializer@3d615b2e), ([Ljava.lang.Class;@3a1f2a1,null), ([Ljava.lang.Class;@40ce9049,null), ([Ljava.lang.Class;@52ca2652,null), ([Ljava.lang.Class;@65c5bf0e,null), ([Ljava.lang.Class;@697d6ded,null), ([Ljava.lang.Class;@5d05f453,null), ([Ljava.lang.Class;@5efeb117,null), ([Ljava.lang.Class;@160b4809,null), ([Ljava.lang.Class;@149b4d20,null), ([Ljava.lang.Class;@664e848c,null), ([Ljava.lang.Class;@4d93f75b,null), ([Ljava.lang.Class;@114a5e0,null), ([Ljava.lang.Class;@4f281aaf,null), ([Ljava.lang.Class;@5d508d22,null), ([Ljava.lang.Class;@f2b90fc,null)]}, RegistrationBlock{begin=52, types=[([Ljava.lang.Class;@6ee26fe0,null)]}]}
02:55:10.970 [raft-server-3-state] TRACE i.a.p.raft.impl.RaftServiceManager - RaftServer{3} - Applying Indexed{index=2, entry=OpenSessionEntry{term=1, timestamp=2018-06-09 02:55:10,800, node=4, serviceName=raft-test, serviceType=raft-test, serviceConfig=byte[]{length=2, hash=2636}, readConsistency=LINEARIZABLE, minTimeout=250, maxTimeout=5000}}
02:55:10.970 [raft-server-2-state] TRACE i.a.utils.serializer.KryoNamespace - class [B registered as 16
02:55:10.970 [raft-server-3-state] TRACE i.a.utils.serializer.KryoNamespace - Creating Kryo instance for KryoNamespace{registeredBlocks=[RegistrationBlock{begin=16, types=[([Ljava.lang.Class;@6b321262,null), ([Ljava.lang.Class;@68b11545,null), ([Ljava.lang.Class;@7d0100ea,null), ([Ljava.lang.Class;@357bc488,null), ([Ljava.lang.Class;@4ea17147,io.atomix.utils.serializer.serializers.ImmutableListSerializer@2eda4eeb), ([Ljava.lang.Class;@5ba90d8a,io.atomix.utils.serializer.serializers.ImmutableSetSerializer@309dcdf3), ([Ljava.lang.Class;@7573b9ee,io.atomix.utils.serializer.serializers.ImmutableMapSerializer@9a20cbd), ([Ljava.lang.Class;@1af4955e,null), ([Ljava.lang.Class;@445821a6,null), ([Ljava.lang.Class;@2c0c4c0a,null), ([Ljava.lang.Class;@35d26ad2,null), ([Ljava.lang.Class;@bb25753,null), ([Ljava.lang.Class;@ee21292,null), ([Ljava.lang.Class;@40c06358,null), ([Ljava.lang.Class;@66e21568,null), ([Ljava.lang.Class;@7f73ce28,null), ([Ljava.lang.Class;@611b35d6,null), ([Ljava.lang.Class;@2282400e,null), ([Ljava.lang.Class;@543d5863,null), ([Ljava.lang.Class;@35dece42,null), ([Ljava.lang.Class;@dd3f8aa,io.atomix.utils.serializer.serializers.ArraysAsListSerializer@3d615b2e), ([Ljava.lang.Class;@3a1f2a1,null), ([Ljava.lang.Class;@40ce9049,null), ([Ljava.lang.Class;@52ca2652,null), ([Ljava.lang.Class;@65c5bf0e,null), ([Ljava.lang.Class;@697d6ded,null), ([Ljava.lang.Class;@5d05f453,null), ([Ljava.lang.Class;@5efeb117,null), ([Ljava.lang.Class;@160b4809,null), ([Ljava.lang.Class;@149b4d20,null), ([Ljava.lang.Class;@664e848c,null), ([Ljava.lang.Class;@4d93f75b,null), ([Ljava.lang.Class;@114a5e0,null), ([Ljava.lang.Class;@4f281aaf,null), ([Ljava.lang.Class;@5d508d22,null), ([Ljava.lang.Class;@f2b90fc,null)]}, RegistrationBlock{begin=52, types=[([Ljava.lang.Class;@7b423d21,null)]}]}
02:55:10.970 [raft-server-2-state] TRACE i.a.utils.serializer.KryoNamespace - class java.util.concurrent.atomic.AtomicBoolean registered as 17
02:55:10.970 [raft-server-3-state] TRACE i.a.utils.serializer.KryoNamespace - class [B registered as 16
02:55:10.970 [raft-server-2-state] TRACE i.a.utils.serializer.KryoNamespace - class java.util.concurrent.atomic.AtomicInteger registered as 18
02:55:10.970 [raft-server-3-state] TRACE i.a.utils.serializer.KryoNamespace - class java.util.concurrent.atomic.AtomicBoolean registered as 17
02:55:10.970 [raft-server-2-state] TRACE i.a.utils.serializer.KryoNamespace - class java.util.concurrent.atomic.AtomicLong registered as 19
02:55:10.971 [raft-server-3-state] TRACE i.a.utils.serializer.KryoNamespace - class java.util.concurrent.atomic.AtomicInteger registered as 18
02:55:10.971 [raft-server-2-state] TRACE i.a.utils.serializer.KryoNamespace - class com.google.common.collect.ImmutableList registered as 20
02:55:10.971 [raft-server-3-state] TRACE i.a.utils.serializer.KryoNamespace - class java.util.concurrent.atomic.AtomicLong registered as 19
02:55:10.971 [raft-server-2-state] TRACE i.a.utils.serializer.KryoNamespace - class com.google.common.collect.RegularImmutableList registered as 20
02:55:10.971 [raft-server-3-state] TRACE i.a.utils.serializer.KryoNamespace - class com.google.common.collect.ImmutableList registered as 20
02:55:10.971 [raft-server-2-state] TRACE i.a.utils.serializer.KryoNamespace - class com.google.common.collect.RegularImmutableList registered as 20
02:55:10.971 [raft-server-3-state] TRACE i.a.utils.serializer.KryoNamespace - class com.google.common.collect.RegularImmutableList registered as 20
02:55:10.971 [raft-server-2-state] TRACE i.a.utils.serializer.KryoNamespace - class com.google.common.collect.ImmutableList$SubList registered as 20
02:55:10.971 [raft-server-3-state] TRACE i.a.utils.serializer.KryoNamespace - class com.google.common.collect.RegularImmutableList registered as 20
02:55:10.971 [raft-server-2-state] TRACE i.a.utils.serializer.KryoNamespace - class com.google.common.collect.ImmutableSet registered as 21
02:55:10.971 [raft-server-3-state] TRACE i.a.utils.serializer.KryoNamespace - class com.google.common.collect.ImmutableList$SubList registered as 20
02:55:10.971 [raft-server-2-state] TRACE i.a.utils.serializer.KryoNamespace - class com.google.common.collect.RegularImmutableSet registered as 21
02:55:10.971 [raft-server-3-state] TRACE i.a.utils.serializer.KryoNamespace - class com.google.common.collect.ImmutableSet registered as 21
02:55:10.971 [raft-server-2-state] TRACE i.a.utils.serializer.KryoNamespace - class com.google.common.collect.SingletonImmutableSet registered as 21
02:55:10.971 [raft-server-3-state] TRACE i.a.utils.serializer.KryoNamespace - class com.google.common.collect.RegularImmutableSet registered as 21
02:55:10.971 [raft-server-2-state] TRACE i.a.utils.serializer.KryoNamespace - class com.google.common.collect.RegularImmutableSet registered as 21
02:55:10.971 [raft-server-3-state] TRACE i.a.utils.serializer.KryoNamespace - class com.google.common.collect.SingletonImmutableSet registered as 21
02:55:10.971 [raft-server-2-state] TRACE i.a.utils.serializer.KryoNamespace - class com.google.common.collect.ImmutableMap registered as 22
02:55:10.971 [raft-server-3-state] TRACE i.a.utils.serializer.KryoNamespace - class com.google.common.collect.RegularImmutableSet registered as 21
02:55:10.971 [raft-server-2-state] TRACE i.a.utils.serializer.KryoNamespace - class com.google.common.collect.RegularImmutableMap registered as 22
02:55:10.971 [raft-server-3-state] TRACE i.a.utils.serializer.KryoNamespace - class com.google.common.collect.ImmutableMap registered as 22
02:55:10.971 [raft-server-2-state] TRACE i.a.utils.serializer.KryoNamespace - class com.google.common.collect.RegularImmutableMap registered as 22
02:55:10.972 [raft-server-3-state] TRACE i.a.utils.serializer.KryoNamespace - class com.google.common.collect.RegularImmutableMap registered as 22
02:55:10.972 [raft-server-2-state] TRACE i.a.utils.serializer.KryoNamespace - class com.google.common.collect.RegularImmutableMap registered as 22
02:55:10.972 [raft-server-3-state] TRACE i.a.utils.serializer.KryoNamespace - class com.google.common.collect.RegularImmutableMap registered as 22
02:55:10.972 [raft-server-3-state] TRACE i.a.utils.serializer.KryoNamespace - class com.google.common.collect.RegularImmutableMap registered as 22
02:55:10.972 [raft-server-2-state] TRACE i.a.utils.serializer.KryoNamespace - class java.util.Collections$UnmodifiableSet registered as 23
02:55:10.972 [raft-server-3-state] TRACE i.a.utils.serializer.KryoNamespace - class java.util.Collections$UnmodifiableSet registered as 23
02:55:10.972 [raft-server-2-state] TRACE i.a.utils.serializer.KryoNamespace - class java.util.HashMap registered as 24
02:55:10.972 [raft-server-3-state] TRACE i.a.utils.serializer.KryoNamespace - class java.util.HashMap registered as 24
02:55:10.972 [raft-server-2-state] TRACE i.a.utils.serializer.KryoNamespace - class java.util.concurrent.ConcurrentHashMap registered as 25
02:55:10.972 [raft-server-3-state] TRACE i.a.utils.serializer.KryoNamespace - class java.util.concurrent.ConcurrentHashMap registered as 25
02:55:10.972 [raft-server-2-state] TRACE i.a.utils.serializer.KryoNamespace - class java.util.concurrent.CopyOnWriteArraySet registered as 26
02:55:10.972 [raft-server-3-state] TRACE i.a.utils.serializer.KryoNamespace - class java.util.concurrent.CopyOnWriteArraySet registered as 26
02:55:10.972 [raft-server-2-state] TRACE i.a.utils.serializer.KryoNamespace - class java.util.ArrayList registered as 27
02:55:10.972 [raft-server-3-state] TRACE i.a.utils.serializer.KryoNamespace - class java.util.ArrayList registered as 27
02:55:10.972 [raft-server-2-state] TRACE i.a.utils.serializer.KryoNamespace - class java.util.LinkedList registered as 28
02:55:10.972 [raft-server-3-state] TRACE i.a.utils.serializer.KryoNamespace - class java.util.LinkedList registered as 28
02:55:10.972 [raft-server-2-state] TRACE i.a.utils.serializer.KryoNamespace - class java.util.HashSet registered as 29
02:55:10.972 [raft-server-3-state] TRACE i.a.utils.serializer.KryoNamespace - class java.util.HashSet registered as 29
02:55:10.972 [raft-server-2-state] TRACE i.a.utils.serializer.KryoNamespace - class java.util.LinkedHashSet registered as 30
02:55:10.972 [raft-server-3-state] TRACE i.a.utils.serializer.KryoNamespace - class java.util.LinkedHashSet registered as 30
02:55:10.972 [raft-server-2-state] TRACE i.a.utils.serializer.KryoNamespace - class com.sun.jmx.remote.internal.ArrayQueue registered as 31
02:55:10.972 [raft-server-3-state] TRACE i.a.utils.serializer.KryoNamespace - class com.sun.jmx.remote.internal.ArrayQueue registered as 31
02:55:10.972 [raft-server-2-state] TRACE i.a.utils.serializer.KryoNamespace - class java.util.ArrayDeque registered as 32
02:55:10.972 [raft-server-3-state] TRACE i.a.utils.serializer.KryoNamespace - class java.util.ArrayDeque registered as 32
02:55:10.972 [raft-server-2-state] TRACE i.a.utils.serializer.KryoNamespace - class com.google.common.collect.HashMultiset registered as 33
02:55:10.972 [raft-server-3-state] TRACE i.a.utils.serializer.KryoNamespace - class com.google.common.collect.HashMultiset registered as 33
02:55:10.973 [raft-server-2-state] TRACE i.a.utils.serializer.KryoNamespace - class com.google.common.collect.Sets registered as 34
02:55:10.973 [raft-server-3-state] TRACE i.a.utils.serializer.KryoNamespace - class com.google.common.collect.Sets registered as 34
02:55:10.973 [raft-server-2-state] TRACE i.a.utils.serializer.KryoNamespace - class com.google.common.collect.ImmutableEntry registered as 35
02:55:10.973 [raft-server-3-state] TRACE i.a.utils.serializer.KryoNamespace - class com.google.common.collect.ImmutableEntry registered as 35
02:55:10.973 [raft-server-2-state] TRACE i.a.utils.serializer.KryoNamespace - class java.util.Arrays$ArrayList registered as 36
02:55:10.973 [raft-server-3-state] TRACE i.a.utils.serializer.KryoNamespace - class java.util.Arrays$ArrayList registered as 36
02:55:10.973 [raft-server-2-state] TRACE i.a.utils.serializer.KryoNamespace - class java.util.Collections$SingletonList registered as 37
02:55:10.973 [raft-server-3-state] TRACE i.a.utils.serializer.KryoNamespace - class java.util.Collections$SingletonList registered as 37
02:55:10.973 [raft-server-2-state] TRACE i.a.utils.serializer.KryoNamespace - class java.time.Duration registered as 38
02:55:10.973 [raft-server-3-state] TRACE i.a.utils.serializer.KryoNamespace - class java.time.Duration registered as 38
02:55:10.973 [raft-server-2-state] TRACE i.a.utils.serializer.KryoNamespace - class java.util.Collections$EmptySet registered as 39
02:55:10.973 [raft-server-3-state] TRACE i.a.utils.serializer.KryoNamespace - class java.util.Collections$EmptySet registered as 39
02:55:10.973 [raft-server-2-state] TRACE i.a.utils.serializer.KryoNamespace - class java.util.Optional registered as 40
02:55:10.973 [raft-server-3-state] TRACE i.a.utils.serializer.KryoNamespace - class java.util.Optional registered as 40
02:55:10.973 [raft-server-2-state] TRACE i.a.utils.serializer.KryoNamespace - class java.util.Collections$EmptyList registered as 41
02:55:10.973 [raft-server-3-state] TRACE i.a.utils.serializer.KryoNamespace - class java.util.Collections$EmptyList registered as 41
02:55:10.973 [raft-server-2-state] TRACE i.a.utils.serializer.KryoNamespace - class java.util.Collections$SingletonSet registered as 42
02:55:10.973 [raft-server-3-state] TRACE i.a.utils.serializer.KryoNamespace - class java.util.Collections$SingletonSet registered as 42
02:55:10.973 [raft-server-2-state] TRACE i.a.utils.serializer.KryoNamespace - class [I registered as 43
02:55:10.973 [raft-server-3-state] TRACE i.a.utils.serializer.KryoNamespace - class [I registered as 43
02:55:10.973 [raft-server-2-state] TRACE i.a.utils.serializer.KryoNamespace - class [J registered as 44
02:55:10.973 [raft-server-3-state] TRACE i.a.utils.serializer.KryoNamespace - class [J registered as 44
02:55:10.973 [raft-server-2-state] TRACE i.a.utils.serializer.KryoNamespace - class [S registered as 45
02:55:10.973 [raft-server-3-state] TRACE i.a.utils.serializer.KryoNamespace - class [S registered as 45
02:55:10.973 [raft-server-2-state] TRACE i.a.utils.serializer.KryoNamespace - class [D registered as 46
02:55:10.973 [raft-server-3-state] TRACE i.a.utils.serializer.KryoNamespace - class [D registered as 46
02:55:10.973 [raft-server-2-state] TRACE i.a.utils.serializer.KryoNamespace - class [F registered as 47
02:55:10.973 [raft-server-3-state] TRACE i.a.utils.serializer.KryoNamespace - class [F registered as 47
02:55:10.974 [raft-server-2-state] TRACE i.a.utils.serializer.KryoNamespace - class [C registered as 48
02:55:10.974 [raft-server-3-state] TRACE i.a.utils.serializer.KryoNamespace - class [C registered as 48
02:55:10.974 [raft-server-2-state] TRACE i.a.utils.serializer.KryoNamespace - class [Ljava.lang.String; registered as 49
02:55:10.974 [raft-server-3-state] TRACE i.a.utils.serializer.KryoNamespace - class [Ljava.lang.String; registered as 49
02:55:10.974 [raft-server-2-state] TRACE i.a.utils.serializer.KryoNamespace - class [Z registered as 50
02:55:10.974 [raft-server-3-state] TRACE i.a.utils.serializer.KryoNamespace - class [Z registered as 50
02:55:10.974 [raft-server-2-state] TRACE i.a.utils.serializer.KryoNamespace - class [Ljava.lang.Object; registered as 51
02:55:10.974 [raft-server-3-state] TRACE i.a.utils.serializer.KryoNamespace - class [Ljava.lang.Object; registered as 51
02:55:10.974 [raft-server-2-state] TRACE i.a.utils.serializer.KryoNamespace - class io.atomix.primitive.service.ServiceConfig registered as 52
02:55:10.974 [raft-server-3-state] TRACE i.a.utils.serializer.KryoNamespace - class io.atomix.primitive.service.ServiceConfig registered as 52
02:55:10.974 [raft-server-2-state] TRACE i.a.utils.serializer.KryoNamespace - Creating Kryo instance for KryoNamespace{registeredBlocks=[RegistrationBlock{begin=16, types=[([Ljava.lang.Class;@6b321262,null), ([Ljava.lang.Class;@68b11545,null), ([Ljava.lang.Class;@7d0100ea,null), ([Ljava.lang.Class;@357bc488,null), ([Ljava.lang.Class;@4ea17147,io.atomix.utils.serializer.serializers.ImmutableListSerializer@2eda4eeb), ([Ljava.lang.Class;@5ba90d8a,io.atomix.utils.serializer.serializers.ImmutableSetSerializer@309dcdf3), ([Ljava.lang.Class;@7573b9ee,io.atomix.utils.serializer.serializers.ImmutableMapSerializer@9a20cbd), ([Ljava.lang.Class;@1af4955e,null), ([Ljava.lang.Class;@445821a6,null), ([Ljava.lang.Class;@2c0c4c0a,null), ([Ljava.lang.Class;@35d26ad2,null), ([Ljava.lang.Class;@bb25753,null), ([Ljava.lang.Class;@ee21292,null), ([Ljava.lang.Class;@40c06358,null), ([Ljava.lang.Class;@66e21568,null), ([Ljava.lang.Class;@7f73ce28,null), ([Ljava.lang.Class;@611b35d6,null), ([Ljava.lang.Class;@2282400e,null), ([Ljava.lang.Class;@543d5863,null), ([Ljava.lang.Class;@35dece42,null), ([Ljava.lang.Class;@dd3f8aa,io.atomix.utils.serializer.serializers.ArraysAsListSerializer@3d615b2e), ([Ljava.lang.Class;@3a1f2a1,null), ([Ljava.lang.Class;@40ce9049,null), ([Ljava.lang.Class;@52ca2652,null), ([Ljava.lang.Class;@65c5bf0e,null), ([Ljava.lang.Class;@697d6ded,null), ([Ljava.lang.Class;@5d05f453,null), ([Ljava.lang.Class;@5efeb117,null), ([Ljava.lang.Class;@160b4809,null), ([Ljava.lang.Class;@149b4d20,null), ([Ljava.lang.Class;@664e848c,null), ([Ljava.lang.Class;@4d93f75b,null), ([Ljava.lang.Class;@114a5e0,null), ([Ljava.lang.Class;@4f281aaf,null), ([Ljava.lang.Class;@5d508d22,null), ([Ljava.lang.Class;@f2b90fc,null)]}, RegistrationBlock{begin=52, types=[([Ljava.lang.Class;@60259c4c,null)]}]}
02:55:10.974 [raft-server-3-state] TRACE i.a.utils.serializer.KryoNamespace - Creating Kryo instance for KryoNamespace{registeredBlocks=[RegistrationBlock{begin=16, types=[([Ljava.lang.Class;@6b321262,null), ([Ljava.lang.Class;@68b11545,null), ([Ljava.lang.Class;@7d0100ea,null), ([Ljava.lang.Class;@357bc488,null), ([Ljava.lang.Class;@4ea17147,io.atomix.utils.serializer.serializers.ImmutableListSerializer@2eda4eeb), ([Ljava.lang.Class;@5ba90d8a,io.atomix.utils.serializer.serializers.ImmutableSetSerializer@309dcdf3), ([Ljava.lang.Class;@7573b9ee,io.atomix.utils.serializer.serializers.ImmutableMapSerializer@9a20cbd), ([Ljava.lang.Class;@1af4955e,null), ([Ljava.lang.Class;@445821a6,null), ([Ljava.lang.Class;@2c0c4c0a,null), ([Ljava.lang.Class;@35d26ad2,null), ([Ljava.lang.Class;@bb25753,null), ([Ljava.lang.Class;@ee21292,null), ([Ljava.lang.Class;@40c06358,null), ([Ljava.lang.Class;@66e21568,null), ([Ljava.lang.Class;@7f73ce28,null), ([Ljava.lang.Class;@611b35d6,null), ([Ljava.lang.Class;@2282400e,null), ([Ljava.lang.Class;@543d5863,null), ([Ljava.lang.Class;@35dece42,null), ([Ljava.lang.Class;@dd3f8aa,io.atomix.utils.serializer.serializers.ArraysAsListSerializer@3d615b2e), ([Ljava.lang.Class;@3a1f2a1,null), ([Ljava.lang.Class;@40ce9049,null), ([Ljava.lang.Class;@52ca2652,null), ([Ljava.lang.Class;@65c5bf0e,null), ([Ljava.lang.Class;@697d6ded,null), ([Ljava.lang.Class;@5d05f453,null), ([Ljava.lang.Class;@5efeb117,null), ([Ljava.lang.Class;@160b4809,null), ([Ljava.lang.Class;@149b4d20,null), ([Ljava.lang.Class;@664e848c,null), ([Ljava.lang.Class;@4d93f75b,null), ([Ljava.lang.Class;@114a5e0,null), ([Ljava.lang.Class;@4f281aaf,null), ([Ljava.lang.Class;@5d508d22,null), ([Ljava.lang.Class;@f2b90fc,null)]}, RegistrationBlock{begin=52, types=[([Ljava.lang.Class;@7585cc39,null)]}]}
02:55:10.974 [raft-server-2-state] TRACE i.a.utils.serializer.KryoNamespace - class [B registered as 16
02:55:10.974 [raft-server-3-state] TRACE i.a.utils.serializer.KryoNamespace - class [B registered as 16
02:55:10.974 [raft-server-2-state] TRACE i.a.utils.serializer.KryoNamespace - class java.util.concurrent.atomic.AtomicBoolean registered as 17
02:55:10.974 [raft-server-3-state] TRACE i.a.utils.serializer.KryoNamespace - class java.util.concurrent.atomic.AtomicBoolean registered as 17
02:55:10.974 [raft-server-2-state] TRACE i.a.utils.serializer.KryoNamespace - class java.util.concurrent.atomic.AtomicInteger registered as 18
02:55:10.974 [raft-server-3-state] TRACE i.a.utils.serializer.KryoNamespace - class java.util.concurrent.atomic.AtomicInteger registered as 18
02:55:10.974 [raft-server-2-state] TRACE i.a.utils.serializer.KryoNamespace - class java.util.concurrent.atomic.AtomicLong registered as 19
02:55:10.974 [raft-server-3-state] TRACE i.a.utils.serializer.KryoNamespace - class java.util.concurrent.atomic.AtomicLong registered as 19
02:55:10.974 [raft-server-2-state] TRACE i.a.utils.serializer.KryoNamespace - class com.google.common.collect.ImmutableList registered as 20
02:55:10.974 [raft-server-3-state] TRACE i.a.utils.serializer.KryoNamespace - class com.google.common.collect.ImmutableList registered as 20
02:55:10.975 [raft-server-2-state] TRACE i.a.utils.serializer.KryoNamespace - class com.google.common.collect.RegularImmutableList registered as 20
02:55:10.975 [raft-server-3-state] TRACE i.a.utils.serializer.KryoNamespace - class com.google.common.collect.RegularImmutableList registered as 20
02:55:10.975 [raft-server-2-state] TRACE i.a.utils.serializer.KryoNamespace - class com.google.common.collect.RegularImmutableList registered as 20
02:55:10.975 [raft-server-3-state] TRACE i.a.utils.serializer.KryoNamespace - class com.google.common.collect.RegularImmutableList registered as 20
02:55:10.975 [raft-server-2-state] TRACE i.a.utils.serializer.KryoNamespace - class com.google.common.collect.ImmutableList$SubList registered as 20
02:55:10.975 [raft-server-3-state] TRACE i.a.utils.serializer.KryoNamespace - class com.google.common.collect.ImmutableList$SubList registered as 20
02:55:10.975 [raft-server-2-state] TRACE i.a.utils.serializer.KryoNamespace - class com.google.common.collect.ImmutableSet registered as 21
02:55:10.975 [raft-server-3-state] TRACE i.a.utils.serializer.KryoNamespace - class com.google.common.collect.ImmutableSet registered as 21
02:55:10.975 [raft-server-2-state] TRACE i.a.utils.serializer.KryoNamespace - class com.google.common.collect.RegularImmutableSet registered as 21
02:55:10.975 [raft-server-3-state] TRACE i.a.utils.serializer.KryoNamespace - class com.google.common.collect.RegularImmutableSet registered as 21
02:55:10.975 [raft-server-2-state] TRACE i.a.utils.serializer.KryoNamespace - class com.google.common.collect.SingletonImmutableSet registered as 21
02:55:10.975 [raft-server-3-state] TRACE i.a.utils.serializer.KryoNamespace - class com.google.common.collect.SingletonImmutableSet registered as 21
02:55:10.975 [raft-server-2-state] TRACE i.a.utils.serializer.KryoNamespace - class com.google.common.collect.RegularImmutableSet registered as 21
02:55:10.975 [raft-server-3-state] TRACE i.a.utils.serializer.KryoNamespace - class com.google.common.collect.RegularImmutableSet registered as 21
02:55:10.975 [raft-server-2-state] TRACE i.a.utils.serializer.KryoNamespace - class com.google.common.collect.ImmutableMap registered as 22
02:55:10.975 [raft-server-3-state] TRACE i.a.utils.serializer.KryoNamespace - class com.google.common.collect.ImmutableMap registered as 22
02:55:10.975 [raft-server-2-state] TRACE i.a.utils.serializer.KryoNamespace - class com.google.common.collect.RegularImmutableMap registered as 22
02:55:10.975 [raft-server-3-state] TRACE i.a.utils.serializer.KryoNamespace - class com.google.common.collect.RegularImmutableMap registered as 22
02:55:10.975 [raft-server-2-state] TRACE i.a.utils.serializer.KryoNamespace - class com.google.common.collect.RegularImmutableMap registered as 22
02:55:10.975 [raft-server-3-state] TRACE i.a.utils.serializer.KryoNamespace - class com.google.common.collect.RegularImmutableMap registered as 22
02:55:10.975 [raft-server-2-state] TRACE i.a.utils.serializer.KryoNamespace - class com.google.common.collect.RegularImmutableMap registered as 22
02:55:10.975 [raft-server-3-state] TRACE i.a.utils.serializer.KryoNamespace - class com.google.common.collect.RegularImmutableMap registered as 22
02:55:10.975 [raft-server-2-state] TRACE i.a.utils.serializer.KryoNamespace - class java.util.Collections$UnmodifiableSet registered as 23
02:55:10.975 [raft-server-3-state] TRACE i.a.utils.serializer.KryoNamespace - class java.util.Collections$UnmodifiableSet registered as 23
02:55:10.975 [raft-server-2-state] TRACE i.a.utils.serializer.KryoNamespace - class java.util.HashMap registered as 24
02:55:10.975 [raft-server-3-state] TRACE i.a.utils.serializer.KryoNamespace - class java.util.HashMap registered as 24
02:55:10.976 [raft-server-2-state] TRACE i.a.utils.serializer.KryoNamespace - class java.util.concurrent.ConcurrentHashMap registered as 25
02:55:10.976 [raft-server-3-state] TRACE i.a.utils.serializer.KryoNamespace - class java.util.concurrent.ConcurrentHashMap registered as 25
02:55:10.976 [raft-server-2-state] TRACE i.a.utils.serializer.KryoNamespace - class java.util.concurrent.CopyOnWriteArraySet registered as 26
02:55:10.976 [raft-server-3-state] TRACE i.a.utils.serializer.KryoNamespace - class java.util.concurrent.CopyOnWriteArraySet registered as 26
02:55:10.976 [raft-server-2-state] TRACE i.a.utils.serializer.KryoNamespace - class java.util.ArrayList registered as 27
02:55:10.976 [raft-server-3-state] TRACE i.a.utils.serializer.KryoNamespace - class java.util.ArrayList registered as 27
02:55:10.976 [raft-server-2-state] TRACE i.a.utils.serializer.KryoNamespace - class java.util.LinkedList registered as 28
02:55:10.976 [raft-server-3-state] TRACE i.a.utils.serializer.KryoNamespace - class java.util.LinkedList registered as 28
02:55:10.976 [raft-server-2-state] TRACE i.a.utils.serializer.KryoNamespace - class java.util.HashSet registered as 29
02:55:10.976 [raft-server-3-state] TRACE i.a.utils.serializer.KryoNamespace - class java.util.HashSet registered as 29
02:55:10.976 [raft-server-2-state] TRACE i.a.utils.serializer.KryoNamespace - class java.util.LinkedHashSet registered as 30
02:55:10.976 [raft-server-3-state] TRACE i.a.utils.serializer.KryoNamespace - class java.util.LinkedHashSet registered as 30
02:55:10.976 [raft-server-2-state] TRACE i.a.utils.serializer.KryoNamespace - class com.sun.jmx.remote.internal.ArrayQueue registered as 31
02:55:10.976 [raft-server-3-state] TRACE i.a.utils.serializer.KryoNamespace - class com.sun.jmx.remote.internal.ArrayQueue registered as 31
02:55:10.976 [raft-server-2-state] TRACE i.a.utils.serializer.KryoNamespace - class java.util.ArrayDeque registered as 32
02:55:10.976 [raft-server-3-state] TRACE i.a.utils.serializer.KryoNamespace - class java.util.ArrayDeque registered as 32
02:55:10.976 [raft-server-2-state] TRACE i.a.utils.serializer.KryoNamespace - class com.google.common.collect.HashMultiset registered as 33
02:55:10.976 [raft-server-3-state] TRACE i.a.utils.serializer.KryoNamespace - class com.google.common.collect.HashMultiset registered as 33
02:55:10.976 [raft-server-2-state] TRACE i.a.utils.serializer.KryoNamespace - class com.google.common.collect.Sets registered as 34
02:55:10.976 [raft-server-3-state] TRACE i.a.utils.serializer.KryoNamespace - class com.google.common.collect.Sets registered as 34
02:55:10.976 [raft-server-2-state] TRACE i.a.utils.serializer.KryoNamespace - class com.google.common.collect.ImmutableEntry registered as 35
02:55:10.976 [raft-server-3-state] TRACE i.a.utils.serializer.KryoNamespace - class com.google.common.collect.ImmutableEntry registered as 35
02:55:10.976 [raft-server-2-state] TRACE i.a.utils.serializer.KryoNamespace - class java.util.Arrays$ArrayList registered as 36
02:55:10.976 [raft-server-3-state] TRACE i.a.utils.serializer.KryoNamespace - class java.util.Arrays$ArrayList registered as 36
02:55:10.976 [raft-server-2-state] TRACE i.a.utils.serializer.KryoNamespace - class java.util.Collections$SingletonList registered as 37
02:55:10.976 [raft-server-3-state] TRACE i.a.utils.serializer.KryoNamespace - class java.util.Collections$SingletonList registered as 37
02:55:10.976 [raft-server-2-state] TRACE i.a.utils.serializer.KryoNamespace - class java.time.Duration registered as 38
02:55:10.976 [raft-server-3-state] TRACE i.a.utils.serializer.KryoNamespace - class java.time.Duration registered as 38
02:55:10.977 [raft-server-2-state] TRACE i.a.utils.serializer.KryoNamespace - class java.util.Collections$EmptySet registered as 39
02:55:10.977 [raft-server-3-state] TRACE i.a.utils.serializer.KryoNamespace - class java.util.Collections$EmptySet registered as 39
02:55:10.977 [raft-server-2-state] TRACE i.a.utils.serializer.KryoNamespace - class java.util.Optional registered as 40
02:55:10.977 [raft-server-3-state] TRACE i.a.utils.serializer.KryoNamespace - class java.util.Optional registered as 40
02:55:10.977 [raft-server-2-state] TRACE i.a.utils.serializer.KryoNamespace - class java.util.Collections$EmptyList registered as 41
02:55:10.977 [raft-server-3-state] TRACE i.a.utils.serializer.KryoNamespace - class java.util.Collections$EmptyList registered as 41
02:55:10.977 [raft-server-2-state] TRACE i.a.utils.serializer.KryoNamespace - class java.util.Collections$SingletonSet registered as 42
02:55:10.977 [raft-server-3-state] TRACE i.a.utils.serializer.KryoNamespace - class java.util.Collections$SingletonSet registered as 42
02:55:10.977 [raft-server-2-state] TRACE i.a.utils.serializer.KryoNamespace - class [I registered as 43
02:55:10.977 [raft-server-3-state] TRACE i.a.utils.serializer.KryoNamespace - class [I registered as 43
02:55:10.977 [raft-server-2-state] TRACE i.a.utils.serializer.KryoNamespace - class [J registered as 44
02:55:10.977 [raft-server-3-state] TRACE i.a.utils.serializer.KryoNamespace - class [J registered as 44
02:55:10.977 [raft-server-2-state] TRACE i.a.utils.serializer.KryoNamespace - class [S registered as 45
02:55:10.977 [raft-server-3-state] TRACE i.a.utils.serializer.KryoNamespace - class [S registered as 45
02:55:10.977 [raft-server-2-state] TRACE i.a.utils.serializer.KryoNamespace - class [D registered as 46
02:55:10.977 [raft-server-3-state] TRACE i.a.utils.serializer.KryoNamespace - class [D registered as 46
02:55:10.977 [raft-server-2-state] TRACE i.a.utils.serializer.KryoNamespace - class [F registered as 47
02:55:10.977 [raft-server-3-state] TRACE i.a.utils.serializer.KryoNamespace - class [F registered as 47
02:55:10.977 [raft-server-2-state] TRACE i.a.utils.serializer.KryoNamespace - class [C registered as 48
02:55:10.977 [raft-server-3-state] TRACE i.a.utils.serializer.KryoNamespace - class [C registered as 48
02:55:10.977 [raft-server-2-state] TRACE i.a.utils.serializer.KryoNamespace - class [Ljava.lang.String; registered as 49
02:55:10.977 [raft-server-3-state] TRACE i.a.utils.serializer.KryoNamespace - class [Ljava.lang.String; registered as 49
02:55:10.977 [raft-server-2-state] TRACE i.a.utils.serializer.KryoNamespace - class [Z registered as 50
02:55:10.977 [raft-server-3-state] TRACE i.a.utils.serializer.KryoNamespace - class [Z registered as 50
02:55:10.977 [raft-server-2-state] TRACE i.a.utils.serializer.KryoNamespace - class [Ljava.lang.Object; registered as 51
02:55:10.977 [raft-server-3-state] TRACE i.a.utils.serializer.KryoNamespace - class [Ljava.lang.Object; registered as 51
02:55:10.978 [raft-server-2-state] TRACE i.a.utils.serializer.KryoNamespace - class io.atomix.primitive.service.ServiceConfig registered as 52
02:55:10.978 [raft-server-3-state] TRACE i.a.utils.serializer.KryoNamespace - class io.atomix.primitive.service.ServiceConfig registered as 52
02:55:10.978 [raft-server-3-state] TRACE i.a.utils.serializer.KryoNamespace - Creating Kryo instance for KryoNamespace{registeredBlocks=[RegistrationBlock{begin=16, types=[([Ljava.lang.Class;@6b321262,null), ([Ljava.lang.Class;@68b11545,null), ([Ljava.lang.Class;@7d0100ea,null), ([Ljava.lang.Class;@357bc488,null), ([Ljava.lang.Class;@4ea17147,io.atomix.utils.serializer.serializers.ImmutableListSerializer@2eda4eeb), ([Ljava.lang.Class;@5ba90d8a,io.atomix.utils.serializer.serializers.ImmutableSetSerializer@309dcdf3), ([Ljava.lang.Class;@7573b9ee,io.atomix.utils.serializer.serializers.ImmutableMapSerializer@9a20cbd), ([Ljava.lang.Class;@1af4955e,null), ([Ljava.lang.Class;@445821a6,null), ([Ljava.lang.Class;@2c0c4c0a,null), ([Ljava.lang.Class;@35d26ad2,null), ([Ljava.lang.Class;@bb25753,null), ([Ljava.lang.Class;@ee21292,null), ([Ljava.lang.Class;@40c06358,null), ([Ljava.lang.Class;@66e21568,null), ([Ljava.lang.Class;@7f73ce28,null), ([Ljava.lang.Class;@611b35d6,null), ([Ljava.lang.Class;@2282400e,null), ([Ljava.lang.Class;@543d5863,null), ([Ljava.lang.Class;@35dece42,null), ([Ljava.lang.Class;@dd3f8aa,io.atomix.utils.serializer.serializers.ArraysAsListSerializer@3d615b2e), ([Ljava.lang.Class;@3a1f2a1,null), ([Ljava.lang.Class;@40ce9049,null), ([Ljava.lang.Class;@52ca2652,null), ([Ljava.lang.Class;@65c5bf0e,null), ([Ljava.lang.Class;@697d6ded,null), ([Ljava.lang.Class;@5d05f453,null), ([Ljava.lang.Class;@5efeb117,null), ([Ljava.lang.Class;@160b4809,null), ([Ljava.lang.Class;@149b4d20,null), ([Ljava.lang.Class;@664e848c,null), ([Ljava.lang.Class;@4d93f75b,null), ([Ljava.lang.Class;@114a5e0,null), ([Ljava.lang.Class;@4f281aaf,null), ([Ljava.lang.Class;@5d508d22,null), ([Ljava.lang.Class;@f2b90fc,null)]}, RegistrationBlock{begin=52, types=[([Ljava.lang.Class;@71ba5651,null)]}]}
02:55:10.978 [raft-server-2-state] TRACE i.a.utils.serializer.KryoNamespace - Creating Kryo instance for KryoNamespace{registeredBlocks=[RegistrationBlock{begin=16, types=[([Ljava.lang.Class;@6b321262,null), ([Ljava.lang.Class;@68b11545,null), ([Ljava.lang.Class;@7d0100ea,null), ([Ljava.lang.Class;@357bc488,null), ([Ljava.lang.Class;@4ea17147,io.atomix.utils.serializer.serializers.ImmutableListSerializer@2eda4eeb), ([Ljava.lang.Class;@5ba90d8a,io.atomix.utils.serializer.serializers.ImmutableSetSerializer@309dcdf3), ([Ljava.lang.Class;@7573b9ee,io.atomix.utils.serializer.serializers.ImmutableMapSerializer@9a20cbd), ([Ljava.lang.Class;@1af4955e,null), ([Ljava.lang.Class;@445821a6,null), ([Ljava.lang.Class;@2c0c4c0a,null), ([Ljava.lang.Class;@35d26ad2,null), ([Ljava.lang.Class;@bb25753,null), ([Ljava.lang.Class;@ee21292,null), ([Ljava.lang.Class;@40c06358,null), ([Ljava.lang.Class;@66e21568,null), ([Ljava.lang.Class;@7f73ce28,null), ([Ljava.lang.Class;@611b35d6,null), ([Ljava.lang.Class;@2282400e,null), ([Ljava.lang.Class;@543d5863,null), ([Ljava.lang.Class;@35dece42,null), ([Ljava.lang.Class;@dd3f8aa,io.atomix.utils.serializer.serializers.ArraysAsListSerializer@3d615b2e), ([Ljava.lang.Class;@3a1f2a1,null), ([Ljava.lang.Class;@40ce9049,null), ([Ljava.lang.Class;@52ca2652,null), ([Ljava.lang.Class;@65c5bf0e,null), ([Ljava.lang.Class;@697d6ded,null), ([Ljava.lang.Class;@5d05f453,null), ([Ljava.lang.Class;@5efeb117,null), ([Ljava.lang.Class;@160b4809,null), ([Ljava.lang.Class;@149b4d20,null), ([Ljava.lang.Class;@664e848c,null), ([Ljava.lang.Class;@4d93f75b,null), ([Ljava.lang.Class;@114a5e0,null), ([Ljava.lang.Class;@4f281aaf,null), ([Ljava.lang.Class;@5d508d22,null), ([Ljava.lang.Class;@f2b90fc,null)]}, RegistrationBlock{begin=52, types=[([Ljava.lang.Class;@641a0490,null)]}]}
02:55:10.978 [raft-server-3-state] TRACE i.a.utils.serializer.KryoNamespace - class [B registered as 16
02:55:10.978 [raft-server-3-state] TRACE i.a.utils.serializer.KryoNamespace - class java.util.concurrent.atomic.AtomicBoolean registered as 17
02:55:10.978 [raft-server-3-state] TRACE i.a.utils.serializer.KryoNamespace - class java.util.concurrent.atomic.AtomicInteger registered as 18
02:55:10.978 [raft-server-2-state] TRACE i.a.utils.serializer.KryoNamespace - class [B registered as 16
02:55:10.978 [raft-server-3-state] TRACE i.a.utils.serializer.KryoNamespace - class java.util.concurrent.atomic.AtomicLong registered as 19
02:55:10.978 [raft-server-2-state] TRACE i.a.utils.serializer.KryoNamespace - class java.util.concurrent.atomic.AtomicBoolean registered as 17
02:55:10.978 [raft-server-3-state] TRACE i.a.utils.serializer.KryoNamespace - class com.google.common.collect.ImmutableList registered as 20
02:55:10.978 [raft-server-2-state] TRACE i.a.utils.serializer.KryoNamespace - class java.util.concurrent.atomic.AtomicInteger registered as 18
02:55:10.978 [raft-server-3-state] TRACE i.a.utils.serializer.KryoNamespace - class com.google.common.collect.RegularImmutableList registered as 20
02:55:10.978 [raft-server-2-state] TRACE i.a.utils.serializer.KryoNamespace - class java.util.concurrent.atomic.AtomicLong registered as 19
02:55:10.978 [raft-server-3-state] TRACE i.a.utils.serializer.KryoNamespace - class com.google.common.collect.RegularImmutableList registered as 20
02:55:10.978 [raft-server-2-state] TRACE i.a.utils.serializer.KryoNamespace - class com.google.common.collect.ImmutableList registered as 20
02:55:10.978 [raft-server-3-state] TRACE i.a.utils.serializer.KryoNamespace - class com.google.common.collect.ImmutableList$SubList registered as 20
02:55:10.978 [raft-server-2-state] TRACE i.a.utils.serializer.KryoNamespace - class com.google.common.collect.RegularImmutableList registered as 20
02:55:10.978 [raft-server-3-state] TRACE i.a.utils.serializer.KryoNamespace - class com.google.common.collect.ImmutableSet registered as 21
02:55:10.978 [raft-server-2-state] TRACE i.a.utils.serializer.KryoNamespace - class com.google.common.collect.RegularImmutableList registered as 20
02:55:10.978 [raft-server-3-state] TRACE i.a.utils.serializer.KryoNamespace - class com.google.common.collect.RegularImmutableSet registered as 21
02:55:10.978 [raft-server-2-state] TRACE i.a.utils.serializer.KryoNamespace - class com.google.common.collect.ImmutableList$SubList registered as 20
02:55:10.978 [raft-server-3-state] TRACE i.a.utils.serializer.KryoNamespace - class com.google.common.collect.SingletonImmutableSet registered as 21
02:55:10.978 [raft-server-2-state] TRACE i.a.utils.serializer.KryoNamespace - class com.google.common.collect.ImmutableSet registered as 21
02:55:10.978 [raft-server-3-state] TRACE i.a.utils.serializer.KryoNamespace - class com.google.common.collect.RegularImmutableSet registered as 21
02:55:10.979 [raft-server-2-state] TRACE i.a.utils.serializer.KryoNamespace - class com.google.common.collect.RegularImmutableSet registered as 21
02:55:10.979 [raft-server-3-state] TRACE i.a.utils.serializer.KryoNamespace - class com.google.common.collect.ImmutableMap registered as 22
02:55:10.979 [raft-server-2-state] TRACE i.a.utils.serializer.KryoNamespace - class com.google.common.collect.SingletonImmutableSet registered as 21
02:55:10.979 [raft-server-3-state] TRACE i.a.utils.serializer.KryoNamespace - class com.google.common.collect.RegularImmutableMap registered as 22
02:55:10.979 [raft-server-2-state] TRACE i.a.utils.serializer.KryoNamespace - class com.google.common.collect.RegularImmutableSet registered as 21
02:55:10.979 [raft-server-3-state] TRACE i.a.utils.serializer.KryoNamespace - class com.google.common.collect.RegularImmutableMap registered as 22
02:55:10.979 [raft-server-2-state] TRACE i.a.utils.serializer.KryoNamespace - class com.google.common.collect.ImmutableMap registered as 22
02:55:10.979 [raft-server-3-state] TRACE i.a.utils.serializer.KryoNamespace - class com.google.common.collect.RegularImmutableMap registered as 22
02:55:10.979 [raft-server-2-state] TRACE i.a.utils.serializer.KryoNamespace - class com.google.common.collect.RegularImmutableMap registered as 22
02:55:10.979 [raft-server-3-state] TRACE i.a.utils.serializer.KryoNamespace - class java.util.Collections$UnmodifiableSet registered as 23
02:55:10.979 [raft-server-2-state] TRACE i.a.utils.serializer.KryoNamespace - class com.google.common.collect.RegularImmutableMap registered as 22
02:55:10.979 [raft-server-3-state] TRACE i.a.utils.serializer.KryoNamespace - class java.util.HashMap registered as 24
02:55:10.979 [raft-server-2-state] TRACE i.a.utils.serializer.KryoNamespace - class com.google.common.collect.RegularImmutableMap registered as 22
02:55:10.979 [raft-server-3-state] TRACE i.a.utils.serializer.KryoNamespace - class java.util.concurrent.ConcurrentHashMap registered as 25
02:55:10.979 [raft-server-3-state] TRACE i.a.utils.serializer.KryoNamespace - class java.util.concurrent.CopyOnWriteArraySet registered as 26
02:55:10.979 [raft-server-2-state] TRACE i.a.utils.serializer.KryoNamespace - class java.util.Collections$UnmodifiableSet registered as 23
02:55:10.979 [raft-server-3-state] TRACE i.a.utils.serializer.KryoNamespace - class java.util.ArrayList registered as 27
02:55:10.979 [raft-server-2-state] TRACE i.a.utils.serializer.KryoNamespace - class java.util.HashMap registered as 24
02:55:10.979 [raft-server-3-state] TRACE i.a.utils.serializer.KryoNamespace - class java.util.LinkedList registered as 28
02:55:10.979 [raft-server-2-state] TRACE i.a.utils.serializer.KryoNamespace - class java.util.concurrent.ConcurrentHashMap registered as 25
02:55:10.979 [raft-server-3-state] TRACE i.a.utils.serializer.KryoNamespace - class java.util.HashSet registered as 29
02:55:10.979 [raft-server-2-state] TRACE i.a.utils.serializer.KryoNamespace - class java.util.concurrent.CopyOnWriteArraySet registered as 26
02:55:10.979 [raft-server-3-state] TRACE i.a.utils.serializer.KryoNamespace - class java.util.LinkedHashSet registered as 30
02:55:10.979 [raft-server-2-state] TRACE i.a.utils.serializer.KryoNamespace - class java.util.ArrayList registered as 27
02:55:10.979 [raft-server-3-state] TRACE i.a.utils.serializer.KryoNamespace - class com.sun.jmx.remote.internal.ArrayQueue registered as 31
02:55:10.979 [raft-server-2-state] TRACE i.a.utils.serializer.KryoNamespace - class java.util.LinkedList registered as 28
02:55:10.979 [raft-server-3-state] TRACE i.a.utils.serializer.KryoNamespace - class java.util.ArrayDeque registered as 32
02:55:10.980 [raft-server-2-state] TRACE i.a.utils.serializer.KryoNamespace - class java.util.HashSet registered as 29
02:55:10.980 [raft-server-3-state] TRACE i.a.utils.serializer.KryoNamespace - class com.google.common.collect.HashMultiset registered as 33
02:55:10.980 [raft-server-3-state] TRACE i.a.utils.serializer.KryoNamespace - class com.google.common.collect.Sets registered as 34
02:55:10.980 [raft-server-2-state] TRACE i.a.utils.serializer.KryoNamespace - class java.util.LinkedHashSet registered as 30
02:55:10.980 [raft-server-3-state] TRACE i.a.utils.serializer.KryoNamespace - class com.google.common.collect.ImmutableEntry registered as 35
02:55:10.980 [raft-server-3-state] TRACE i.a.utils.serializer.KryoNamespace - class java.util.Arrays$ArrayList registered as 36
02:55:10.980 [raft-server-2-state] TRACE i.a.utils.serializer.KryoNamespace - class com.sun.jmx.remote.internal.ArrayQueue registered as 31
02:55:10.980 [raft-server-3-state] TRACE i.a.utils.serializer.KryoNamespace - class java.util.Collections$SingletonList registered as 37
02:55:10.980 [raft-server-3-state] TRACE i.a.utils.serializer.KryoNamespace - class java.time.Duration registered as 38
02:55:10.980 [raft-server-2-state] TRACE i.a.utils.serializer.KryoNamespace - class java.util.ArrayDeque registered as 32
02:55:10.980 [raft-server-3-state] TRACE i.a.utils.serializer.KryoNamespace - class java.util.Collections$EmptySet registered as 39
02:55:10.980 [raft-server-3-state] TRACE i.a.utils.serializer.KryoNamespace - class java.util.Optional registered as 40
02:55:10.980 [raft-server-2-state] TRACE i.a.utils.serializer.KryoNamespace - class com.google.common.collect.HashMultiset registered as 33
02:55:10.980 [raft-server-3-state] TRACE i.a.utils.serializer.KryoNamespace - class java.util.Collections$EmptyList registered as 41
02:55:10.980 [raft-server-2-state] TRACE i.a.utils.serializer.KryoNamespace - class com.google.common.collect.Sets registered as 34
02:55:10.980 [raft-server-3-state] TRACE i.a.utils.serializer.KryoNamespace - class java.util.Collections$SingletonSet registered as 42
02:55:10.980 [raft-server-2-state] TRACE i.a.utils.serializer.KryoNamespace - class com.google.common.collect.ImmutableEntry registered as 35
02:55:10.980 [raft-server-3-state] TRACE i.a.utils.serializer.KryoNamespace - class [I registered as 43
02:55:10.980 [raft-server-2-state] TRACE i.a.utils.serializer.KryoNamespace - class java.util.Arrays$ArrayList registered as 36
02:55:10.980 [raft-server-3-state] TRACE i.a.utils.serializer.KryoNamespace - class [J registered as 44
02:55:10.980 [raft-server-3-state] TRACE i.a.utils.serializer.KryoNamespace - class [S registered as 45
02:55:10.980 [raft-server-2-state] TRACE i.a.utils.serializer.KryoNamespace - class java.util.Collections$SingletonList registered as 37
02:55:10.980 [raft-server-3-state] TRACE i.a.utils.serializer.KryoNamespace - class [D registered as 46
02:55:10.980 [raft-server-2-state] TRACE i.a.utils.serializer.KryoNamespace - class java.time.Duration registered as 38
02:55:10.980 [raft-server-3-state] TRACE i.a.utils.serializer.KryoNamespace - class [F registered as 47
02:55:10.980 [raft-server-2-state] TRACE i.a.utils.serializer.KryoNamespace - class java.util.Collections$EmptySet registered as 39
02:55:10.980 [raft-server-3-state] TRACE i.a.utils.serializer.KryoNamespace - class [C registered as 48
02:55:10.980 [raft-server-2-state] TRACE i.a.utils.serializer.KryoNamespace - class java.util.Optional registered as 40
02:55:10.980 [raft-server-3-state] TRACE i.a.utils.serializer.KryoNamespace - class [Ljava.lang.String; registered as 49
02:55:10.981 [raft-server-2-state] TRACE i.a.utils.serializer.KryoNamespace - class java.util.Collections$EmptyList registered as 41
02:55:10.981 [raft-server-3-state] TRACE i.a.utils.serializer.KryoNamespace - class [Z registered as 50
02:55:10.981 [raft-server-3-state] TRACE i.a.utils.serializer.KryoNamespace - class [Ljava.lang.Object; registered as 51
02:55:10.981 [raft-server-2-state] TRACE i.a.utils.serializer.KryoNamespace - class java.util.Collections$SingletonSet registered as 42
02:55:10.981 [raft-server-3-state] TRACE i.a.utils.serializer.KryoNamespace - class io.atomix.primitive.service.ServiceConfig registered as 52
02:55:10.981 [raft-server-2-state] TRACE i.a.utils.serializer.KryoNamespace - class [I registered as 43
02:55:10.981 [raft-server-2-state] TRACE i.a.utils.serializer.KryoNamespace - class [J registered as 44
02:55:10.981 [raft-server-3-state] DEBUG i.a.p.s.impl.DefaultServiceExecutor - PrimitiveService{2}{type=io.atomix.protocols.raft.RaftTest$TestPrimitiveType@34b8c602, name=raft-test} - Registered operation callback DefaultOperationId{id=sendEvent, type=COMMAND}
02:55:10.981 [raft-server-2-state] TRACE i.a.utils.serializer.KryoNamespace - class [S registered as 45
02:55:10.981 [raft-server-3-state] DEBUG i.a.p.s.impl.DefaultServiceExecutor - PrimitiveService{2}{type=io.atomix.protocols.raft.RaftTest$TestPrimitiveType@34b8c602, name=raft-test} - Registered operation callback DefaultOperationId{id=onClose, type=COMMAND}
02:55:10.981 [raft-server-2-state] TRACE i.a.utils.serializer.KryoNamespace - class [D registered as 46
02:55:10.981 [raft-server-3-state] DEBUG i.a.p.s.impl.DefaultServiceExecutor - PrimitiveService{2}{type=io.atomix.protocols.raft.RaftTest$TestPrimitiveType@34b8c602, name=raft-test} - Registered operation callback DefaultOperationId{id=read, type=QUERY}
02:55:10.981 [raft-server-3-state] DEBUG i.a.p.s.impl.DefaultServiceExecutor - PrimitiveService{2}{type=io.atomix.protocols.raft.RaftTest$TestPrimitiveType@34b8c602, name=raft-test} - Registered operation callback DefaultOperationId{id=onExpire, type=COMMAND}
02:55:10.981 [raft-server-2-state] TRACE i.a.utils.serializer.KryoNamespace - class [F registered as 47
02:55:10.981 [raft-server-3-state] DEBUG i.a.p.s.impl.DefaultServiceExecutor - PrimitiveService{2}{type=io.atomix.protocols.raft.RaftTest$TestPrimitiveType@34b8c602, name=raft-test} - Registered operation callback DefaultOperationId{id=write, type=COMMAND}
02:55:10.981 [raft-server-2-state] TRACE i.a.utils.serializer.KryoNamespace - class [C registered as 48
02:55:10.981 [raft-server-2-state] TRACE i.a.utils.serializer.KryoNamespace - class [Ljava.lang.String; registered as 49
02:55:10.981 [raft-server-3-state] TRACE i.a.utils.serializer.KryoNamespace - Creating Kryo instance for KryoNamespace{registeredBlocks=[RegistrationBlock{begin=16, types=[([Ljava.lang.Class;@6b321262,null), ([Ljava.lang.Class;@68b11545,null), ([Ljava.lang.Class;@7d0100ea,null), ([Ljava.lang.Class;@357bc488,null), ([Ljava.lang.Class;@4ea17147,io.atomix.utils.serializer.serializers.ImmutableListSerializer@2eda4eeb), ([Ljava.lang.Class;@5ba90d8a,io.atomix.utils.serializer.serializers.ImmutableSetSerializer@309dcdf3), ([Ljava.lang.Class;@7573b9ee,io.atomix.utils.serializer.serializers.ImmutableMapSerializer@9a20cbd), ([Ljava.lang.Class;@1af4955e,null), ([Ljava.lang.Class;@445821a6,null), ([Ljava.lang.Class;@2c0c4c0a,null), ([Ljava.lang.Class;@35d26ad2,null), ([Ljava.lang.Class;@bb25753,null), ([Ljava.lang.Class;@ee21292,null), ([Ljava.lang.Class;@40c06358,null), ([Ljava.lang.Class;@66e21568,null), ([Ljava.lang.Class;@7f73ce28,null), ([Ljava.lang.Class;@611b35d6,null), ([Ljava.lang.Class;@2282400e,null), ([Ljava.lang.Class;@543d5863,null), ([Ljava.lang.Class;@35dece42,null), ([Ljava.lang.Class;@dd3f8aa,io.atomix.utils.serializer.serializers.ArraysAsListSerializer@3d615b2e), ([Ljava.lang.Class;@3a1f2a1,null), ([Ljava.lang.Class;@40ce9049,null), ([Ljava.lang.Class;@52ca2652,null), ([Ljava.lang.Class;@65c5bf0e,null), ([Ljava.lang.Class;@697d6ded,null), ([Ljava.lang.Class;@5d05f453,null), ([Ljava.lang.Class;@5efeb117,null), ([Ljava.lang.Class;@160b4809,null), ([Ljava.lang.Class;@149b4d20,null), ([Ljava.lang.Class;@664e848c,null), ([Ljava.lang.Class;@4d93f75b,null), ([Ljava.lang.Class;@114a5e0,null), ([Ljava.lang.Class;@4f281aaf,null), ([Ljava.lang.Class;@5d508d22,null), ([Ljava.lang.Class;@f2b90fc,null)]}, RegistrationBlock{begin=52, types=[([Ljava.lang.Class;@5e794e81,null)]}]}
02:55:10.981 [raft-server-2-state] TRACE i.a.utils.serializer.KryoNamespace - class [Z registered as 50
02:55:10.981 [raft-server-2-state] TRACE i.a.utils.serializer.KryoNamespace - class [Ljava.lang.Object; registered as 51
02:55:10.981 [raft-server-3-state] TRACE i.a.utils.serializer.KryoNamespace - class [B registered as 16
02:55:10.981 [raft-server-2-state] TRACE i.a.utils.serializer.KryoNamespace - class io.atomix.primitive.service.ServiceConfig registered as 52
02:55:10.981 [raft-server-3-state] TRACE i.a.utils.serializer.KryoNamespace - class java.util.concurrent.atomic.AtomicBoolean registered as 17
02:55:10.981 [raft-server-3-state] TRACE i.a.utils.serializer.KryoNamespace - class java.util.concurrent.atomic.AtomicInteger registered as 18
02:55:10.981 [raft-server-3-state] TRACE i.a.utils.serializer.KryoNamespace - class java.util.concurrent.atomic.AtomicLong registered as 19
02:55:10.981 [raft-server-3-state] TRACE i.a.utils.serializer.KryoNamespace - class com.google.common.collect.ImmutableList registered as 20
02:55:10.981 [raft-server-3-state] TRACE i.a.utils.serializer.KryoNamespace - class com.google.common.collect.RegularImmutableList registered as 20
02:55:10.981 [raft-server-3-state] TRACE i.a.utils.serializer.KryoNamespace - class com.google.common.collect.RegularImmutableList registered as 20
02:55:10.981 [raft-server-3-state] TRACE i.a.utils.serializer.KryoNamespace - class com.google.common.collect.ImmutableList$SubList registered as 20
02:55:10.981 [raft-server-2-state] DEBUG i.a.p.s.impl.DefaultServiceExecutor - PrimitiveService{2}{type=io.atomix.protocols.raft.RaftTest$TestPrimitiveType@21189677, name=raft-test} - Registered operation callback DefaultOperationId{id=sendEvent, type=COMMAND}
02:55:10.982 [raft-server-3-state] TRACE i.a.utils.serializer.KryoNamespace - class com.google.common.collect.ImmutableSet registered as 21
02:55:10.982 [raft-server-2-state] DEBUG i.a.p.s.impl.DefaultServiceExecutor - PrimitiveService{2}{type=io.atomix.protocols.raft.RaftTest$TestPrimitiveType@21189677, name=raft-test} - Registered operation callback DefaultOperationId{id=onClose, type=COMMAND}
02:55:10.982 [raft-server-3-state] TRACE i.a.utils.serializer.KryoNamespace - class com.google.common.collect.RegularImmutableSet registered as 21
02:55:10.982 [raft-server-2-state] DEBUG i.a.p.s.impl.DefaultServiceExecutor - PrimitiveService{2}{type=io.atomix.protocols.raft.RaftTest$TestPrimitiveType@21189677, name=raft-test} - Registered operation callback DefaultOperationId{id=read, type=QUERY}
02:55:10.982 [raft-server-3-state] TRACE i.a.utils.serializer.KryoNamespace - class com.google.common.collect.SingletonImmutableSet registered as 21
02:55:10.982 [raft-server-2-state] DEBUG i.a.p.s.impl.DefaultServiceExecutor - PrimitiveService{2}{type=io.atomix.protocols.raft.RaftTest$TestPrimitiveType@21189677, name=raft-test} - Registered operation callback DefaultOperationId{id=onExpire, type=COMMAND}
02:55:10.982 [raft-server-3-state] TRACE i.a.utils.serializer.KryoNamespace - class com.google.common.collect.RegularImmutableSet registered as 21
02:55:10.982 [raft-server-2-state] DEBUG i.a.p.s.impl.DefaultServiceExecutor - PrimitiveService{2}{type=io.atomix.protocols.raft.RaftTest$TestPrimitiveType@21189677, name=raft-test} - Registered operation callback DefaultOperationId{id=write, type=COMMAND}
02:55:10.982 [raft-server-3-state] TRACE i.a.utils.serializer.KryoNamespace - class com.google.common.collect.ImmutableMap registered as 22
02:55:10.982 [raft-server-3-state] TRACE i.a.utils.serializer.KryoNamespace - class com.google.common.collect.RegularImmutableMap registered as 22
02:55:10.982 [raft-server-3-state] TRACE i.a.utils.serializer.KryoNamespace - class com.google.common.collect.RegularImmutableMap registered as 22
02:55:10.982 [raft-server-3-state] TRACE i.a.utils.serializer.KryoNamespace - class com.google.common.collect.RegularImmutableMap registered as 22
02:55:10.982 [raft-server-2-state] TRACE i.a.utils.serializer.KryoNamespace - Creating Kryo instance for KryoNamespace{registeredBlocks=[RegistrationBlock{begin=16, types=[([Ljava.lang.Class;@6b321262,null), ([Ljava.lang.Class;@68b11545,null), ([Ljava.lang.Class;@7d0100ea,null), ([Ljava.lang.Class;@357bc488,null), ([Ljava.lang.Class;@4ea17147,io.atomix.utils.serializer.serializers.ImmutableListSerializer@2eda4eeb), ([Ljava.lang.Class;@5ba90d8a,io.atomix.utils.serializer.serializers.ImmutableSetSerializer@309dcdf3), ([Ljava.lang.Class;@7573b9ee,io.atomix.utils.serializer.serializers.ImmutableMapSerializer@9a20cbd), ([Ljava.lang.Class;@1af4955e,null), ([Ljava.lang.Class;@445821a6,null), ([Ljava.lang.Class;@2c0c4c0a,null), ([Ljava.lang.Class;@35d26ad2,null), ([Ljava.lang.Class;@bb25753,null), ([Ljava.lang.Class;@ee21292,null), ([Ljava.lang.Class;@40c06358,null), ([Ljava.lang.Class;@66e21568,null), ([Ljava.lang.Class;@7f73ce28,null), ([Ljava.lang.Class;@611b35d6,null), ([Ljava.lang.Class;@2282400e,null), ([Ljava.lang.Class;@543d5863,null), ([Ljava.lang.Class;@35dece42,null), ([Ljava.lang.Class;@dd3f8aa,io.atomix.utils.serializer.serializers.ArraysAsListSerializer@3d615b2e), ([Ljava.lang.Class;@3a1f2a1,null), ([Ljava.lang.Class;@40ce9049,null), ([Ljava.lang.Class;@52ca2652,null), ([Ljava.lang.Class;@65c5bf0e,null), ([Ljava.lang.Class;@697d6ded,null), ([Ljava.lang.Class;@5d05f453,null), ([Ljava.lang.Class;@5efeb117,null), ([Ljava.lang.Class;@160b4809,null), ([Ljava.lang.Class;@149b4d20,null), ([Ljava.lang.Class;@664e848c,null), ([Ljava.lang.Class;@4d93f75b,null), ([Ljava.lang.Class;@114a5e0,null), ([Ljava.lang.Class;@4f281aaf,null), ([Ljava.lang.Class;@5d508d22,null), ([Ljava.lang.Class;@f2b90fc,null)]}, RegistrationBlock{begin=52, types=[([Ljava.lang.Class;@5cf870db,null)]}]}
02:55:10.982 [raft-server-3-state] TRACE i.a.utils.serializer.KryoNamespace - class java.util.Collections$UnmodifiableSet registered as 23
02:55:10.982 [raft-server-3-state] TRACE i.a.utils.serializer.KryoNamespace - class java.util.HashMap registered as 24
02:55:10.982 [raft-server-3-state] TRACE i.a.utils.serializer.KryoNamespace - class java.util.concurrent.ConcurrentHashMap registered as 25
02:55:10.982 [raft-server-3-state] TRACE i.a.utils.serializer.KryoNamespace - class java.util.concurrent.CopyOnWriteArraySet registered as 26
02:55:10.982 [raft-server-3-state] TRACE i.a.utils.serializer.KryoNamespace - class java.util.ArrayList registered as 27
02:55:10.982 [raft-server-3-state] TRACE i.a.utils.serializer.KryoNamespace - class java.util.LinkedList registered as 28
02:55:10.982 [raft-server-3-state] TRACE i.a.utils.serializer.KryoNamespace - class java.util.HashSet registered as 29
02:55:10.982 [raft-server-3-state] TRACE i.a.utils.serializer.KryoNamespace - class java.util.LinkedHashSet registered as 30
02:55:10.982 [raft-server-3-state] TRACE i.a.utils.serializer.KryoNamespace - class com.sun.jmx.remote.internal.ArrayQueue registered as 31
02:55:10.983 [raft-server-3-state] TRACE i.a.utils.serializer.KryoNamespace - class java.util.ArrayDeque registered as 32
02:55:10.983 [raft-server-2-state] TRACE i.a.utils.serializer.KryoNamespace - class [B registered as 16
02:55:10.983 [raft-server-3-state] TRACE i.a.utils.serializer.KryoNamespace - class com.google.common.collect.HashMultiset registered as 33
02:55:10.983 [raft-server-2-state] TRACE i.a.utils.serializer.KryoNamespace - class java.util.concurrent.atomic.AtomicBoolean registered as 17
02:55:10.983 [raft-server-3-state] TRACE i.a.utils.serializer.KryoNamespace - class com.google.common.collect.Sets registered as 34
02:55:10.983 [raft-server-2-state] TRACE i.a.utils.serializer.KryoNamespace - class java.util.concurrent.atomic.AtomicInteger registered as 18
02:55:10.983 [raft-server-3-state] TRACE i.a.utils.serializer.KryoNamespace - class com.google.common.collect.ImmutableEntry registered as 35
02:55:10.983 [raft-server-2-state] TRACE i.a.utils.serializer.KryoNamespace - class java.util.concurrent.atomic.AtomicLong registered as 19
02:55:10.983 [raft-server-3-state] TRACE i.a.utils.serializer.KryoNamespace - class java.util.Arrays$ArrayList registered as 36
02:55:10.983 [raft-server-2-state] TRACE i.a.utils.serializer.KryoNamespace - class com.google.common.collect.ImmutableList registered as 20
02:55:10.983 [raft-server-3-state] TRACE i.a.utils.serializer.KryoNamespace - class java.util.Collections$SingletonList registered as 37
02:55:10.983 [raft-server-2-state] TRACE i.a.utils.serializer.KryoNamespace - class com.google.common.collect.RegularImmutableList registered as 20
02:55:10.983 [raft-server-3-state] TRACE i.a.utils.serializer.KryoNamespace - class java.time.Duration registered as 38
02:55:10.983 [raft-server-2-state] TRACE i.a.utils.serializer.KryoNamespace - class com.google.common.collect.RegularImmutableList registered as 20
02:55:10.983 [raft-server-3-state] TRACE i.a.utils.serializer.KryoNamespace - class java.util.Collections$EmptySet registered as 39
02:55:10.983 [raft-server-2-state] TRACE i.a.utils.serializer.KryoNamespace - class com.google.common.collect.ImmutableList$SubList registered as 20
02:55:10.983 [raft-server-3-state] TRACE i.a.utils.serializer.KryoNamespace - class java.util.Optional registered as 40
02:55:10.983 [raft-server-2-state] TRACE i.a.utils.serializer.KryoNamespace - class com.google.common.collect.ImmutableSet registered as 21
02:55:10.983 [raft-server-2-state] TRACE i.a.utils.serializer.KryoNamespace - class com.google.common.collect.RegularImmutableSet registered as 21
02:55:10.983 [raft-server-3-state] TRACE i.a.utils.serializer.KryoNamespace - class java.util.Collections$EmptyList registered as 41
02:55:10.983 [raft-server-2-state] TRACE i.a.utils.serializer.KryoNamespace - class com.google.common.collect.SingletonImmutableSet registered as 21
02:55:10.983 [raft-server-2-state] TRACE i.a.utils.serializer.KryoNamespace - class com.google.common.collect.RegularImmutableSet registered as 21
02:55:10.983 [raft-server-3-state] TRACE i.a.utils.serializer.KryoNamespace - class java.util.Collections$SingletonSet registered as 42
02:55:10.983 [raft-server-2-state] TRACE i.a.utils.serializer.KryoNamespace - class com.google.common.collect.ImmutableMap registered as 22
02:55:10.983 [raft-server-2-state] TRACE i.a.utils.serializer.KryoNamespace - class com.google.common.collect.RegularImmutableMap registered as 22
02:55:10.983 [raft-server-3-state] TRACE i.a.utils.serializer.KryoNamespace - class [I registered as 43
02:55:10.983 [raft-server-2-state] TRACE i.a.utils.serializer.KryoNamespace - class com.google.common.collect.RegularImmutableMap registered as 22
02:55:10.983 [raft-server-3-state] TRACE i.a.utils.serializer.KryoNamespace - class [J registered as 44
02:55:10.983 [raft-server-2-state] TRACE i.a.utils.serializer.KryoNamespace - class com.google.common.collect.RegularImmutableMap registered as 22
02:55:10.984 [raft-server-3-state] TRACE i.a.utils.serializer.KryoNamespace - class [S registered as 45
02:55:10.984 [raft-server-2-state] TRACE i.a.utils.serializer.KryoNamespace - class java.util.Collections$UnmodifiableSet registered as 23
02:55:10.984 [raft-server-3-state] TRACE i.a.utils.serializer.KryoNamespace - class [D registered as 46
02:55:10.984 [raft-server-2-state] TRACE i.a.utils.serializer.KryoNamespace - class java.util.HashMap registered as 24
02:55:10.984 [raft-server-3-state] TRACE i.a.utils.serializer.KryoNamespace - class [F registered as 47
02:55:10.984 [raft-server-2-state] TRACE i.a.utils.serializer.KryoNamespace - class java.util.concurrent.ConcurrentHashMap registered as 25
02:55:10.984 [raft-server-3-state] TRACE i.a.utils.serializer.KryoNamespace - class [C registered as 48
02:55:10.984 [raft-server-2-state] TRACE i.a.utils.serializer.KryoNamespace - class java.util.concurrent.CopyOnWriteArraySet registered as 26
02:55:10.984 [raft-server-3-state] TRACE i.a.utils.serializer.KryoNamespace - class [Ljava.lang.String; registered as 49
02:55:10.984 [raft-server-2-state] TRACE i.a.utils.serializer.KryoNamespace - class java.util.ArrayList registered as 27
02:55:10.984 [raft-server-3-state] TRACE i.a.utils.serializer.KryoNamespace - class [Z registered as 50
02:55:10.984 [raft-server-2-state] TRACE i.a.utils.serializer.KryoNamespace - class java.util.LinkedList registered as 28
02:55:10.984 [raft-server-3-state] TRACE i.a.utils.serializer.KryoNamespace - class [Ljava.lang.Object; registered as 51
02:55:10.984 [raft-server-2-state] TRACE i.a.utils.serializer.KryoNamespace - class java.util.HashSet registered as 29
02:55:10.984 [raft-server-3-state] TRACE i.a.utils.serializer.KryoNamespace - class io.atomix.primitive.service.ServiceConfig registered as 52
02:55:10.984 [raft-server-2-state] TRACE i.a.utils.serializer.KryoNamespace - class java.util.LinkedHashSet registered as 30
02:55:10.984 [raft-server-3-state] DEBUG i.a.p.r.service.RaftServiceContext - PrimitiveService{2}{type=io.atomix.protocols.raft.RaftTest$TestPrimitiveType@34b8c602, name=raft-test} - Opening session 2
02:55:10.984 [raft-server-2-state] TRACE i.a.utils.serializer.KryoNamespace - class com.sun.jmx.remote.internal.ArrayQueue registered as 31
02:55:10.984 [raft-server-3-state] DEBUG i.a.p.raft.session.RaftSession - Session{2}{type=io.atomix.protocols.raft.RaftTest$TestPrimitiveType@34b8c602, name=raft-test} - State changed: OPEN
02:55:10.984 [raft-server-2-state] TRACE i.a.utils.serializer.KryoNamespace - class java.util.ArrayDeque registered as 32
02:55:10.984 [raft-server-2-state] TRACE i.a.utils.serializer.KryoNamespace - class com.google.common.collect.HashMultiset registered as 33
02:55:10.984 [raft-server-2-state] TRACE i.a.utils.serializer.KryoNamespace - class com.google.common.collect.Sets registered as 34
02:55:10.984 [raft-server-2-state] TRACE i.a.utils.serializer.KryoNamespace - class com.google.common.collect.ImmutableEntry registered as 35
02:55:10.984 [raft-server-2-state] TRACE i.a.utils.serializer.KryoNamespace - class java.util.Arrays$ArrayList registered as 36
02:55:10.984 [raft-server-2-state] TRACE i.a.utils.serializer.KryoNamespace - class java.util.Collections$SingletonList registered as 37
02:55:10.984 [raft-server-2-state] TRACE i.a.utils.serializer.KryoNamespace - class java.time.Duration registered as 38
02:55:10.984 [raft-server-2-state] TRACE i.a.utils.serializer.KryoNamespace - class java.util.Collections$EmptySet registered as 39
02:55:10.984 [raft-server-2-state] TRACE i.a.utils.serializer.KryoNamespace - class java.util.Optional registered as 40
02:55:10.984 [raft-server-2-state] TRACE i.a.utils.serializer.KryoNamespace - class java.util.Collections$EmptyList registered as 41
02:55:10.984 [raft-server-2-state] TRACE i.a.utils.serializer.KryoNamespace - class java.util.Collections$SingletonSet registered as 42
02:55:10.984 [raft-server-2-state] TRACE i.a.utils.serializer.KryoNamespace - class [I registered as 43
02:55:10.984 [raft-server-2-state] TRACE i.a.utils.serializer.KryoNamespace - class [J registered as 44
02:55:10.984 [raft-server-2-state] TRACE i.a.utils.serializer.KryoNamespace - class [S registered as 45
02:55:10.984 [raft-server-2-state] TRACE i.a.utils.serializer.KryoNamespace - class [D registered as 46
02:55:10.985 [raft-server-2-state] TRACE i.a.utils.serializer.KryoNamespace - class [F registered as 47
02:55:10.985 [raft-server-2-state] TRACE i.a.utils.serializer.KryoNamespace - class [C registered as 48
02:55:10.985 [raft-server-2-state] TRACE i.a.utils.serializer.KryoNamespace - class [Ljava.lang.String; registered as 49
02:55:10.985 [raft-server-2-state] TRACE i.a.utils.serializer.KryoNamespace - class [Z registered as 50
02:55:10.985 [raft-server-2-state] TRACE i.a.utils.serializer.KryoNamespace - class [Ljava.lang.Object; registered as 51
02:55:10.985 [raft-server-2-state] TRACE i.a.utils.serializer.KryoNamespace - class io.atomix.primitive.service.ServiceConfig registered as 52
02:55:10.985 [raft-server-2-state] DEBUG i.a.p.r.service.RaftServiceContext - PrimitiveService{2}{type=io.atomix.protocols.raft.RaftTest$TestPrimitiveType@21189677, name=raft-test} - Opening session 2
02:55:10.985 [raft-server-2-state] DEBUG i.a.p.raft.session.RaftSession - Session{2}{type=io.atomix.protocols.raft.RaftTest$TestPrimitiveType@21189677, name=raft-test} - State changed: OPEN
02:55:11.074 [raft-server-1] TRACE i.a.p.raft.roles.LeaderAppender - RaftServer{1} - Received AppendResponse{status=OK, term=1, succeeded=true, lastLogIndex=3} from 2
02:55:11.074 [raft-server-1] TRACE i.a.p.raft.roles.LeaderAppender - RaftServer{1} - Sending AppendRequest{term=1, leader=1, prevLogIndex=3, prevLogTerm=1, entries=1, commitIndex=3} to 2
02:55:11.074 [raft-server-2] TRACE i.a.p.raft.roles.FollowerRole - RaftServer{2}{role=FOLLOWER} - Received AppendRequest{term=1, leader=1, prevLogIndex=3, prevLogTerm=1, entries=1, commitIndex=3}
02:55:11.074 [raft-server-1] TRACE i.a.p.raft.roles.LeaderAppender - RaftServer{1} - Received AppendResponse{status=OK, term=1, succeeded=true, lastLogIndex=4} from 3
02:55:11.074 [raft-server-1] TRACE i.a.p.raft.roles.LeaderAppender - RaftServer{1} - Committed entries up to 4
02:55:11.074 [raft-server-2] TRACE i.a.p.raft.roles.FollowerRole - RaftServer{2}{role=FOLLOWER} - Appended Indexed{index=4, entry=CommandEntry{term=1, timestamp=2018-06-09 02:55:10,866, session=2, sequence=1, operation=PrimitiveOperation{id=DefaultOperationId{id=write, type=COMMAND}, value=byte[]{length=17, hash=-1644578928}}}}
02:55:11.157 [raft-server-1] TRACE i.a.p.raft.roles.LeaderAppender - RaftServer{1} - Sending AppendRequest{term=1, leader=1, prevLogIndex=4, prevLogTerm=1, entries=0, commitIndex=4} to 3
02:55:11.157 [raft-server-3] TRACE i.a.p.raft.roles.FollowerRole - RaftServer{3}{role=FOLLOWER} - Received AppendRequest{term=1, leader=1, prevLogIndex=4, prevLogTerm=1, entries=0, commitIndex=4}
02:55:11.157 [raft-server-1-state] TRACE i.a.p.raft.impl.RaftServiceManager - RaftServer{1} - Applying Indexed{index=3, entry=KeepAliveEntry{term=1, timestamp=2018-06-09 02:55:10,861, sessionIds=long[]{length=1, hash=33}, commandSequences=long[]{length=1, hash=31}, eventIndexes=long[]{length=1, hash=33}}}
02:55:11.157 [raft-server-1-state] TRACE i.a.p.raft.impl.RaftServiceManager - RaftServer{1} - Applying Indexed{index=4, entry=CommandEntry{term=1, timestamp=2018-06-09 02:55:10,866, session=2, sequence=1, operation=PrimitiveOperation{id=DefaultOperationId{id=write, type=COMMAND}, value=byte[]{length=17, hash=-1644578928}}}}
02:55:11.158 [raft-server-1-state] TRACE i.a.p.s.impl.DefaultServiceExecutor - PrimitiveService{2}{type=io.atomix.protocols.raft.RaftTest$TestPrimitiveType@60cd3cc, name=raft-test} - Executing DefaultCommit{index=4, session=RaftSession{RaftServiceContext{server=1, type=io.atomix.protocols.raft.RaftTest$TestPrimitiveType@60cd3cc, name=raft-test, id=2}, session=2, timestamp=2018-06-09 02:55:10,866}, time=2018-06-09 02:55:10,866, operation=DefaultOperationId{id=write, type=COMMAND}, value=byte[]{length=17, hash=-1644578928}}
02:55:11.158 [raft-server-1] TRACE i.a.protocols.raft.roles.LeaderRole - RaftServer{1}{role=LEADER} - Sending KeepAliveResponse{status=OK, leader=1, members=[1, 3, 2], sessionIds=long[]{length=1, hash=33}}
02:55:11.158 [raft-server-1-state] TRACE i.a.protocols.raft.roles.LeaderRole - RaftServer{1}{role=LEADER} - Sending CommandResponse{status=OK, index=4, eventIndex=2, result=byte[]{length=2, hash=1248}}
02:55:11.158 [raft-client-6c0a1bb2-986e-47f7-86e2-6a736c947544-2] TRACE i.a.p.r.p.impl.RaftProxyConnection - ProxySession{2}{type=io.atomix.protocols.raft.RaftTest$TestPrimitiveType@35bfa1bb, name=raft-test} - Received CommandResponse{status=OK, index=4, eventIndex=2, result=byte[]{length=2, hash=1248}} from 1
02:55:11.158 [raft-client-6c0a1bb2-986e-47f7-86e2-6a736c947544-2] TRACE i.a.p.r.p.impl.RaftProxySequencer - ProxySession{2}{type=io.atomix.protocols.raft.RaftTest$TestPrimitiveType@35bfa1bb, name=raft-test} - Completing response CommandResponse{status=OK, index=4, eventIndex=2, result=byte[]{length=2, hash=1248}}
02:55:11.160 [raft-client-6c0a1bb2-986e-47f7-86e2-6a736c947544-0] TRACE i.a.p.r.p.impl.RaftProxyConnection - ProxySession{2}{type=io.atomix.protocols.raft.RaftTest$TestPrimitiveType@35bfa1bb, name=raft-test} - Sending CommandRequest{session=2, sequence=2, operation=PrimitiveOperation{id=DefaultOperationId{id=write, type=COMMAND}, value=byte[]{length=17, hash=-1644578928}}} to 1
02:55:11.160 [raft-server-1] TRACE i.a.protocols.raft.roles.LeaderRole - RaftServer{1}{role=LEADER} - Received CommandRequest{session=2, sequence=2, operation=PrimitiveOperation{id=DefaultOperationId{id=write, type=COMMAND}, value=byte[]{length=17, hash=-1644578928}}}
02:55:11.160 [raft-server-1] TRACE i.a.protocols.raft.roles.LeaderRole - RaftServer{1}{role=LEADER} - Appended Indexed{index=5, entry=CommandEntry{term=1, timestamp=2018-06-09 02:55:11,160, session=2, sequence=2, operation=PrimitiveOperation{id=DefaultOperationId{id=write, type=COMMAND}, value=byte[]{length=17, hash=-1644578928}}}}
02:55:11.160 [raft-server-1] TRACE i.a.p.raft.roles.LeaderAppender - RaftServer{1} - Sending AppendRequest{term=1, leader=1, prevLogIndex=4, prevLogTerm=1, entries=1, commitIndex=4} to 2
02:55:11.219 [raft-server-2] TRACE i.a.p.raft.roles.FollowerRole - RaftServer{2}{role=FOLLOWER} - Committed entries up to index 3
02:55:11.219 [raft-server-2] TRACE i.a.p.raft.roles.FollowerRole - RaftServer{2}{role=FOLLOWER} - Sending AppendResponse{status=OK, term=1, succeeded=true, lastLogIndex=4}
02:55:11.219 [raft-server-1] TRACE i.a.p.raft.roles.LeaderAppender - RaftServer{1} - Received AppendResponse{status=OK, term=1, succeeded=true, lastLogIndex=4} from 2
02:55:11.219 [raft-server-2] TRACE i.a.p.raft.roles.FollowerRole - RaftServer{2}{role=FOLLOWER} - Sending KeepAliveResponse{status=OK, leader=1, members=[1, 3, 2], sessionIds=long[]{length=1, hash=33}}
02:55:11.220 [raft-server-2] TRACE i.a.p.raft.roles.FollowerRole - RaftServer{2}{role=FOLLOWER} - Received AppendRequest{term=1, leader=1, prevLogIndex=4, prevLogTerm=1, entries=1, commitIndex=4}
02:55:11.220 [raft-client-6c0a1bb2-986e-47f7-86e2-6a736c947544-5] TRACE i.a.p.r.p.impl.RaftProxyConnection - RaftClient{6c0a1bb2-986e-47f7-86e2-6a736c947544} - Received KeepAliveResponse{status=OK, leader=1, members=[1, 3, 2], sessionIds=long[]{length=1, hash=33}} from 2
02:55:11.220 [raft-server-2] TRACE i.a.p.raft.roles.FollowerRole - RaftServer{2}{role=FOLLOWER} - Appended Indexed{index=5, entry=CommandEntry{term=1, timestamp=2018-06-09 02:55:11,160, session=2, sequence=2, operation=PrimitiveOperation{id=DefaultOperationId{id=write, type=COMMAND}, value=byte[]{length=17, hash=-1644578928}}}}
02:55:11.220 [raft-client-6c0a1bb2-986e-47f7-86e2-6a736c947544-6] TRACE i.a.p.r.p.impl.RaftProxyConnection - ProxySession{2}{type=io.atomix.protocols.raft.RaftTest$TestPrimitiveType@35bfa1bb, name=raft-test} - Sending CommandRequest{session=2, sequence=2, operation=PrimitiveOperation{id=DefaultOperationId{id=write, type=COMMAND}, value=byte[]{length=17, hash=-1644578928}}} to 1
02:55:11.238 [raft-server-1] TRACE i.a.p.raft.roles.LeaderAppender - RaftServer{1} - Sending AppendRequest{term=1, leader=1, prevLogIndex=4, prevLogTerm=1, entries=1, commitIndex=4} to 3
02:55:11.238 [raft-server-1] TRACE i.a.protocols.raft.roles.LeaderRole - RaftServer{1}{role=LEADER} - Received CommandRequest{session=2, sequence=2, operation=PrimitiveOperation{id=DefaultOperationId{id=write, type=COMMAND}, value=byte[]{length=17, hash=-1644578928}}}
02:55:11.238 [raft-server-1] TRACE i.a.protocols.raft.roles.LeaderRole - RaftServer{1}{role=LEADER} - Appended Indexed{index=6, entry=CommandEntry{term=1, timestamp=2018-06-09 02:55:11,238, session=2, sequence=2, operation=PrimitiveOperation{id=DefaultOperationId{id=write, type=COMMAND}, value=byte[]{length=17, hash=-1644578928}}}}
02:55:11.286 [raft-server-3] TRACE i.a.p.raft.roles.FollowerRole - RaftServer{3}{role=FOLLOWER} - Committed entries up to index 4
02:55:11.286 [raft-server-3] TRACE i.a.p.raft.roles.FollowerRole - RaftServer{3}{role=FOLLOWER} - Sending AppendResponse{status=OK, term=1, succeeded=true, lastLogIndex=4}
02:55:11.286 [raft-server-3] TRACE i.a.p.raft.roles.FollowerRole - RaftServer{3}{role=FOLLOWER} - Received AppendRequest{term=1, leader=1, prevLogIndex=4, prevLogTerm=1, entries=1, commitIndex=4}
02:55:11.286 [raft-server-3] TRACE i.a.p.raft.roles.FollowerRole - RaftServer{3}{role=FOLLOWER} - Appended Indexed{index=5, entry=CommandEntry{term=1, timestamp=2018-06-09 02:55:11,160, session=2, sequence=2, operation=PrimitiveOperation{id=DefaultOperationId{id=write, type=COMMAND}, value=byte[]{length=17, hash=-1644578928}}}}
02:55:11.286 [raft-server-3] TRACE i.a.p.raft.roles.FollowerRole - RaftServer{3}{role=FOLLOWER} - Sending AppendResponse{status=OK, term=1, succeeded=true, lastLogIndex=5}
02:55:11.286 [raft-server-3-state] TRACE i.a.p.raft.impl.RaftServiceManager - RaftServer{3} - Applying Indexed{index=3, entry=KeepAliveEntry{term=1, timestamp=2018-06-09 02:55:10,861, sessionIds=long[]{length=1, hash=33}, commandSequences=long[]{length=1, hash=31}, eventIndexes=long[]{length=1, hash=33}}}
02:55:11.287 [raft-server-3-state] TRACE i.a.p.raft.impl.RaftServiceManager - RaftServer{3} - Applying Indexed{index=4, entry=CommandEntry{term=1, timestamp=2018-06-09 02:55:10,866, session=2, sequence=1, operation=PrimitiveOperation{id=DefaultOperationId{id=write, type=COMMAND}, value=byte[]{length=17, hash=-1644578928}}}}
02:55:11.287 [raft-server-3-state] TRACE i.a.p.s.impl.DefaultServiceExecutor - PrimitiveService{2}{type=io.atomix.protocols.raft.RaftTest$TestPrimitiveType@34b8c602, name=raft-test} - Executing DefaultCommit{index=4, session=RaftSession{RaftServiceContext{server=3, type=io.atomix.protocols.raft.RaftTest$TestPrimitiveType@34b8c602, name=raft-test, id=2}, session=2, timestamp=2018-06-09 02:55:10,866}, time=2018-06-09 02:55:10,866, operation=DefaultOperationId{id=write, type=COMMAND}, value=byte[]{length=17, hash=-1644578928}}
02:55:11.323 [raft-server-2] TRACE i.a.p.raft.roles.FollowerRole - RaftServer{2}{role=FOLLOWER} - Committed entries up to index 4
02:55:11.324 [raft-server-2] TRACE i.a.p.raft.roles.FollowerRole - RaftServer{2}{role=FOLLOWER} - Sending AppendResponse{status=OK, term=1, succeeded=true, lastLogIndex=5}
02:55:11.324 [raft-server-2-state] TRACE i.a.p.raft.impl.RaftServiceManager - RaftServer{2} - Applying Indexed{index=3, entry=KeepAliveEntry{term=1, timestamp=2018-06-09 02:55:10,861, sessionIds=long[]{length=1, hash=33}, commandSequences=long[]{length=1, hash=31}, eventIndexes=long[]{length=1, hash=33}}}
02:55:11.324 [raft-server-2-state] TRACE i.a.p.raft.impl.RaftServiceManager - RaftServer{2} - Applying Indexed{index=4, entry=CommandEntry{term=1, timestamp=2018-06-09 02:55:10,866, session=2, sequence=1, operation=PrimitiveOperation{id=DefaultOperationId{id=write, type=COMMAND}, value=byte[]{length=17, hash=-1644578928}}}}
02:55:11.324 [raft-server-2-state] TRACE i.a.p.s.impl.DefaultServiceExecutor - PrimitiveService{2}{type=io.atomix.protocols.raft.RaftTest$TestPrimitiveType@21189677, name=raft-test} - Executing DefaultCommit{index=4, session=RaftSession{RaftServiceContext{server=2, type=io.atomix.protocols.raft.RaftTest$TestPrimitiveType@21189677, name=raft-test, id=2}, session=2, timestamp=2018-06-09 02:55:10,866}, time=2018-06-09 02:55:10,866, operation=DefaultOperationId{id=write, type=COMMAND}, value=byte[]{length=17, hash=-1644578928}}
02:55:11.329 [raft-server-1] TRACE i.a.p.raft.roles.LeaderAppender - RaftServer{1} - Sending AppendRequest{term=1, leader=1, prevLogIndex=5, prevLogTerm=1, entries=1, commitIndex=4} to 2
02:55:11.329 [raft-server-1] TRACE i.a.p.raft.roles.LeaderAppender - RaftServer{1} - Received AppendResponse{status=OK, term=1, succeeded=true, lastLogIndex=4} from 3
02:55:11.329 [raft-server-2] TRACE i.a.p.raft.roles.FollowerRole - RaftServer{2}{role=FOLLOWER} - Received AppendRequest{term=1, leader=1, prevLogIndex=5, prevLogTerm=1, entries=1, commitIndex=4}
02:55:11.329 [raft-server-1] TRACE i.a.p.raft.roles.LeaderAppender - RaftServer{1} - Sending AppendRequest{term=1, leader=1, prevLogIndex=5, prevLogTerm=1, entries=1, commitIndex=4} to 3
02:55:11.329 [raft-server-3] TRACE i.a.p.raft.roles.FollowerRole - RaftServer{3}{role=FOLLOWER} - Received AppendRequest{term=1, leader=1, prevLogIndex=5, prevLogTerm=1, entries=1, commitIndex=4}
02:55:11.329 [raft-server-1] TRACE i.a.p.raft.roles.LeaderAppender - RaftServer{1} - Received AppendResponse{status=OK, term=1, succeeded=true, lastLogIndex=5} from 3
02:55:11.329 [raft-server-2] TRACE i.a.p.raft.roles.FollowerRole - RaftServer{2}{role=FOLLOWER} - Appended Indexed{index=6, entry=CommandEntry{term=1, timestamp=2018-06-09 02:55:11,238, session=2, sequence=2, operation=PrimitiveOperation{id=DefaultOperationId{id=write, type=COMMAND}, value=byte[]{length=17, hash=-1644578928}}}}
02:55:11.329 [raft-server-1] TRACE i.a.p.raft.roles.LeaderAppender - RaftServer{1} - Committed entries up to 5
02:55:11.329 [raft-server-2] TRACE i.a.p.raft.roles.FollowerRole - RaftServer{2}{role=FOLLOWER} - Sending AppendResponse{status=OK, term=1, succeeded=true, lastLogIndex=6}
02:55:11.329 [raft-server-3] TRACE i.a.p.raft.roles.FollowerRole - RaftServer{3}{role=FOLLOWER} - Appended Indexed{index=6, entry=CommandEntry{term=1, timestamp=2018-06-09 02:55:11,238, session=2, sequence=2, operation=PrimitiveOperation{id=DefaultOperationId{id=write, type=COMMAND}, value=byte[]{length=17, hash=-1644578928}}}}
02:55:11.330 [raft-server-3] TRACE i.a.p.raft.roles.FollowerRole - RaftServer{3}{role=FOLLOWER} - Sending AppendResponse{status=OK, term=1, succeeded=true, lastLogIndex=6}
02:55:11.462 [raft-server-1] TRACE i.a.p.raft.roles.LeaderAppender - RaftServer{1} - Received AppendResponse{status=OK, term=1, succeeded=true, lastLogIndex=5} from 2
02:55:11.462 [raft-server-1] TRACE i.a.p.raft.roles.LeaderAppender - RaftServer{1} - Received AppendResponse{status=OK, term=1, succeeded=true, lastLogIndex=6} from 2
02:55:11.462 [raft-server-1] TRACE i.a.p.raft.roles.LeaderAppender - RaftServer{1} - Committed entries up to 6
02:55:11.557 [raft-server-1] TRACE i.a.p.raft.roles.LeaderAppender - RaftServer{1} - Received AppendResponse{status=OK, term=1, succeeded=true, lastLogIndex=6} from 3
02:55:11.557 [raft-server-1] TRACE i.a.p.raft.roles.LeaderAppender - RaftServer{1} - Sending AppendRequest{term=1, leader=1, prevLogIndex=6, prevLogTerm=1, entries=0, commitIndex=6} to 3
02:55:11.557 [raft-server-1-state] TRACE i.a.p.raft.impl.RaftServiceManager - RaftServer{1} - Applying Indexed{index=5, entry=CommandEntry{term=1, timestamp=2018-06-09 02:55:11,160, session=2, sequence=2, operation=PrimitiveOperation{id=DefaultOperationId{id=write, type=COMMAND}, value=byte[]{length=17, hash=-1644578928}}}}
02:55:11.557 [raft-server-1] TRACE i.a.p.raft.roles.LeaderAppender - RaftServer{1} - Sending AppendRequest{term=1, leader=1, prevLogIndex=6, prevLogTerm=1, entries=0, commitIndex=6} to 2
02:55:11.557 [raft-server-3] TRACE i.a.p.raft.roles.FollowerRole - RaftServer{3}{role=FOLLOWER} - Received AppendRequest{term=1, leader=1, prevLogIndex=6, prevLogTerm=1, entries=0, commitIndex=6}
02:55:11.557 [raft-server-1-state] TRACE i.a.p.s.impl.DefaultServiceExecutor - PrimitiveService{2}{type=io.atomix.protocols.raft.RaftTest$TestPrimitiveType@60cd3cc, name=raft-test} - Executing DefaultCommit{index=5, session=RaftSession{RaftServiceContext{server=1, type=io.atomix.protocols.raft.RaftTest$TestPrimitiveType@60cd3cc, name=raft-test, id=2}, session=2, timestamp=2018-06-09 02:55:11,160}, time=2018-06-09 02:55:11,160, operation=DefaultOperationId{id=write, type=COMMAND}, value=byte[]{length=17, hash=-1644578928}}
02:55:11.557 [raft-server-2] TRACE i.a.p.raft.roles.FollowerRole - RaftServer{2}{role=FOLLOWER} - Received AppendRequest{term=1, leader=1, prevLogIndex=6, prevLogTerm=1, entries=0, commitIndex=6}
02:55:11.557 [raft-server-1-state] TRACE i.a.protocols.raft.roles.LeaderRole - RaftServer{1}{role=LEADER} - Sending CommandResponse{status=OK, index=5, eventIndex=2, result=byte[]{length=2, hash=1250}}
02:55:11.557 [raft-server-1-state] TRACE i.a.p.raft.impl.RaftServiceManager - RaftServer{1} - Applying Indexed{index=6, entry=CommandEntry{term=1, timestamp=2018-06-09 02:55:11,238, session=2, sequence=2, operation=PrimitiveOperation{id=DefaultOperationId{id=write, type=COMMAND}, value=byte[]{length=17, hash=-1644578928}}}}
02:55:11.558 [raft-server-1-state] TRACE i.a.p.r.service.RaftServiceContext - PrimitiveService{2}{type=io.atomix.protocols.raft.RaftTest$TestPrimitiveType@60cd3cc, name=raft-test} - Returning cached result for command with sequence number 2 < 3
02:55:11.558 [raft-server-1-state] TRACE i.a.protocols.raft.roles.LeaderRole - RaftServer{1}{role=LEADER} - Sending CommandResponse{status=OK, index=5, eventIndex=2, result=byte[]{length=2, hash=1250}}
02:55:11.558 [raft-client-6c0a1bb2-986e-47f7-86e2-6a736c947544-7] TRACE i.a.p.r.p.impl.RaftProxyConnection - ProxySession{2}{type=io.atomix.protocols.raft.RaftTest$TestPrimitiveType@35bfa1bb, name=raft-test} - Received CommandResponse{status=OK, index=5, eventIndex=2, result=byte[]{length=2, hash=1250}} from 1
02:55:11.558 [raft-client-6c0a1bb2-986e-47f7-86e2-6a736c947544-7] TRACE i.a.p.r.p.impl.RaftProxySequencer - ProxySession{2}{type=io.atomix.protocols.raft.RaftTest$TestPrimitiveType@35bfa1bb, name=raft-test} - Completing response CommandResponse{status=OK, index=5, eventIndex=2, result=byte[]{length=2, hash=1250}}
02:55:11.558 [raft-client-6c0a1bb2-986e-47f7-86e2-6a736c947544-7] TRACE i.a.p.r.p.impl.RaftProxyConnection - ProxySession{2}{type=io.atomix.protocols.raft.RaftTest$TestPrimitiveType@35bfa1bb, name=raft-test} - Received CommandResponse{status=OK, index=5, eventIndex=2, result=byte[]{length=2, hash=1250}} from 1
02:55:11.559 [raft-client-6c0a1bb2-986e-47f7-86e2-6a736c947544-1] TRACE i.a.p.r.p.impl.RaftProxyConnection - ProxySession{2}{type=io.atomix.protocols.raft.RaftTest$TestPrimitiveType@35bfa1bb, name=raft-test} - Sending CommandRequest{session=2, sequence=3, operation=PrimitiveOperation{id=DefaultOperationId{id=write, type=COMMAND}, value=byte[]{length=17, hash=-1644578928}}} to 1
02:55:11.559 [raft-server-1] TRACE i.a.protocols.raft.roles.LeaderRole - RaftServer{1}{role=LEADER} - Received CommandRequest{session=2, sequence=3, operation=PrimitiveOperation{id=DefaultOperationId{id=write, type=COMMAND}, value=byte[]{length=17, hash=-1644578928}}}
02:55:11.559 [raft-server-1] TRACE i.a.protocols.raft.roles.LeaderRole - RaftServer{1}{role=LEADER} - Appended Indexed{index=7, entry=CommandEntry{term=1, timestamp=2018-06-09 02:55:11,559, session=2, sequence=3, operation=PrimitiveOperation{id=DefaultOperationId{id=write, type=COMMAND}, value=byte[]{length=17, hash=-1644578928}}}}
02:55:11.644 [raft-server-2] TRACE i.a.p.raft.roles.FollowerRole - RaftServer{2}{role=FOLLOWER} - Committed entries up to index 6
02:55:11.644 [raft-server-3] TRACE i.a.p.raft.roles.FollowerRole - RaftServer{3}{role=FOLLOWER} - Committed entries up to index 6
02:55:11.644 [raft-server-2] TRACE i.a.p.raft.roles.FollowerRole - RaftServer{2}{role=FOLLOWER} - Sending AppendResponse{status=OK, term=1, succeeded=true, lastLogIndex=6}
02:55:11.644 [raft-server-3] TRACE i.a.p.raft.roles.FollowerRole - RaftServer{3}{role=FOLLOWER} - Sending AppendResponse{status=OK, term=1, succeeded=true, lastLogIndex=6}
02:55:11.644 [raft-server-1] TRACE i.a.p.raft.roles.LeaderAppender - RaftServer{1} - Received AppendResponse{status=OK, term=1, succeeded=true, lastLogIndex=6} from 2
02:55:11.644 [raft-server-2-state] TRACE i.a.p.raft.impl.RaftServiceManager - RaftServer{2} - Applying Indexed{index=5, entry=CommandEntry{term=1, timestamp=2018-06-09 02:55:11,160, session=2, sequence=2, operation=PrimitiveOperation{id=DefaultOperationId{id=write, type=COMMAND}, value=byte[]{length=17, hash=-1644578928}}}}
02:55:11.645 [raft-server-3-state] TRACE i.a.p.raft.impl.RaftServiceManager - RaftServer{3} - Applying Indexed{index=5, entry=CommandEntry{term=1, timestamp=2018-06-09 02:55:11,160, session=2, sequence=2, operation=PrimitiveOperation{id=DefaultOperationId{id=write, type=COMMAND}, value=byte[]{length=17, hash=-1644578928}}}}
02:55:11.645 [raft-server-2-state] TRACE i.a.p.s.impl.DefaultServiceExecutor - PrimitiveService{2}{type=io.atomix.protocols.raft.RaftTest$TestPrimitiveType@21189677, name=raft-test} - Executing DefaultCommit{index=5, session=RaftSession{RaftServiceContext{server=2, type=io.atomix.protocols.raft.RaftTest$TestPrimitiveType@21189677, name=raft-test, id=2}, session=2, timestamp=2018-06-09 02:55:11,160}, time=2018-06-09 02:55:11,160, operation=DefaultOperationId{id=write, type=COMMAND}, value=byte[]{length=17, hash=-1644578928}}
02:55:11.645 [raft-server-3-state] TRACE i.a.p.s.impl.DefaultServiceExecutor - PrimitiveService{2}{type=io.atomix.protocols.raft.RaftTest$TestPrimitiveType@34b8c602, name=raft-test} - Executing DefaultCommit{index=5, session=RaftSession{RaftServiceContext{server=3, type=io.atomix.protocols.raft.RaftTest$TestPrimitiveType@34b8c602, name=raft-test, id=2}, session=2, timestamp=2018-06-09 02:55:11,160}, time=2018-06-09 02:55:11,160, operation=DefaultOperationId{id=write, type=COMMAND}, value=byte[]{length=17, hash=-1644578928}}
02:55:11.709 [raft-server-2-state] TRACE i.a.p.raft.impl.RaftServiceManager - RaftServer{2} - Applying Indexed{index=6, entry=CommandEntry{term=1, timestamp=2018-06-09 02:55:11,238, session=2, sequence=2, operation=PrimitiveOperation{id=DefaultOperationId{id=write, type=COMMAND}, value=byte[]{length=17, hash=-1644578928}}}}
02:55:11.709 [raft-server-3-state] TRACE i.a.p.raft.impl.RaftServiceManager - RaftServer{3} - Applying Indexed{index=6, entry=CommandEntry{term=1, timestamp=2018-06-09 02:55:11,238, session=2, sequence=2, operation=PrimitiveOperation{id=DefaultOperationId{id=write, type=COMMAND}, value=byte[]{length=17, hash=-1644578928}}}}
02:55:11.709 [raft-server-2-state] TRACE i.a.p.r.service.RaftServiceContext - PrimitiveService{2}{type=io.atomix.protocols.raft.RaftTest$TestPrimitiveType@21189677, name=raft-test} - Returning cached result for command with sequence number 2 < 3
02:55:11.709 [raft-server-3-state] TRACE i.a.p.r.service.RaftServiceContext - PrimitiveService{2}{type=io.atomix.protocols.raft.RaftTest$TestPrimitiveType@34b8c602, name=raft-test} - Returning cached result for command with sequence number 2 < 3
02:55:11.709 [raft-server-1] TRACE i.a.p.raft.roles.LeaderAppender - RaftServer{1} - Sending AppendRequest{term=1, leader=1, prevLogIndex=6, prevLogTerm=1, entries=1, commitIndex=6} to 2
02:55:11.709 [raft-server-2] TRACE i.a.p.raft.roles.FollowerRole - RaftServer{2}{role=FOLLOWER} - Received AppendRequest{term=1, leader=1, prevLogIndex=6, prevLogTerm=1, entries=1, commitIndex=6}
02:55:11.709 [raft-server-2] TRACE i.a.p.raft.roles.FollowerRole - RaftServer{2}{role=FOLLOWER} - Appended Indexed{index=7, entry=CommandEntry{term=1, timestamp=2018-06-09 02:55:11,559, session=2, sequence=3, operation=PrimitiveOperation{id=DefaultOperationId{id=write, type=COMMAND}, value=byte[]{length=17, hash=-1644578928}}}}
02:55:11.709 [raft-server-2] TRACE i.a.p.raft.roles.FollowerRole - RaftServer{2}{role=FOLLOWER} - Sending AppendResponse{status=OK, term=1, succeeded=true, lastLogIndex=7}
02:55:11.710 [raft-server-1] TRACE i.a.p.raft.roles.LeaderAppender - RaftServer{1} - Sending AppendRequest{term=1, leader=1, prevLogIndex=6, prevLogTerm=1, entries=1, commitIndex=6} to 3
02:55:11.710 [raft-server-1] TRACE i.a.p.raft.roles.LeaderAppender - RaftServer{1} - Received AppendResponse{status=OK, term=1, succeeded=true, lastLogIndex=6} from 3
02:55:11.710 [raft-server-1] TRACE i.a.p.raft.roles.LeaderAppender - RaftServer{1} - Received AppendResponse{status=OK, term=1, succeeded=true, lastLogIndex=7} from 2
02:55:11.710 [raft-server-1] TRACE i.a.p.raft.roles.LeaderAppender - RaftServer{1} - Committed entries up to 7
02:55:11.710 [raft-server-3] TRACE i.a.p.raft.roles.FollowerRole - RaftServer{3}{role=FOLLOWER} - Received AppendRequest{term=1, leader=1, prevLogIndex=6, prevLogTerm=1, entries=1, commitIndex=6}
02:55:11.710 [raft-server-3] TRACE i.a.p.raft.roles.FollowerRole - RaftServer{3}{role=FOLLOWER} - Appended Indexed{index=7, entry=CommandEntry{term=1, timestamp=2018-06-09 02:55:11,559, session=2, sequence=3, operation=PrimitiveOperation{id=DefaultOperationId{id=write, type=COMMAND}, value=byte[]{length=17, hash=-1644578928}}}}
02:55:11.710 [raft-server-3] TRACE i.a.p.raft.roles.FollowerRole - RaftServer{3}{role=FOLLOWER} - Sending AppendResponse{status=OK, term=1, succeeded=true, lastLogIndex=7}
02:55:11.778 [raft-server-1] TRACE i.a.p.raft.roles.LeaderAppender - RaftServer{1} - Received AppendResponse{status=OK, term=1, succeeded=true, lastLogIndex=7} from 3
02:55:11.778 [raft-server-1] TRACE i.a.p.raft.roles.LeaderAppender - RaftServer{1} - Sending AppendRequest{term=1, leader=1, prevLogIndex=7, prevLogTerm=1, entries=0, commitIndex=7} to 3
02:55:11.778 [raft-server-1] TRACE i.a.p.raft.roles.LeaderAppender - RaftServer{1} - Sending AppendRequest{term=1, leader=1, prevLogIndex=7, prevLogTerm=1, entries=0, commitIndex=7} to 2
02:55:11.778 [raft-server-2] TRACE i.a.p.raft.roles.FollowerRole - RaftServer{2}{role=FOLLOWER} - Received AppendRequest{term=1, leader=1, prevLogIndex=7, prevLogTerm=1, entries=0, commitIndex=7}
02:55:11.778 [raft-server-1-state] TRACE i.a.p.raft.impl.RaftServiceManager - RaftServer{1} - Applying Indexed{index=7, entry=CommandEntry{term=1, timestamp=2018-06-09 02:55:11,559, session=2, sequence=3, operation=PrimitiveOperation{id=DefaultOperationId{id=write, type=COMMAND}, value=byte[]{length=17, hash=-1644578928}}}}
02:55:11.778 [raft-server-3] TRACE i.a.p.raft.roles.FollowerRole - RaftServer{3}{role=FOLLOWER} - Received AppendRequest{term=1, leader=1, prevLogIndex=7, prevLogTerm=1, entries=0, commitIndex=7}
02:55:11.778 [raft-server-1-state] TRACE i.a.p.s.impl.DefaultServiceExecutor - PrimitiveService{2}{type=io.atomix.protocols.raft.RaftTest$TestPrimitiveType@60cd3cc, name=raft-test} - Executing DefaultCommit{index=7, session=RaftSession{RaftServiceContext{server=1, type=io.atomix.protocols.raft.RaftTest$TestPrimitiveType@60cd3cc, name=raft-test, id=2}, session=2, timestamp=2018-06-09 02:55:11,559}, time=2018-06-09 02:55:11,559, operation=DefaultOperationId{id=write, type=COMMAND}, value=byte[]{length=17, hash=-1644578928}}
02:55:11.778 [raft-server-1-state] TRACE i.a.protocols.raft.roles.LeaderRole - RaftServer{1}{role=LEADER} - Sending CommandResponse{status=OK, index=7, eventIndex=2, result=byte[]{length=2, hash=1254}}
02:55:11.778 [raft-client-6c0a1bb2-986e-47f7-86e2-6a736c947544-3] TRACE i.a.p.r.p.impl.RaftProxyConnection - ProxySession{2}{type=io.atomix.protocols.raft.RaftTest$TestPrimitiveType@35bfa1bb, name=raft-test} - Received CommandResponse{status=OK, index=7, eventIndex=2, result=byte[]{length=2, hash=1254}} from 1
02:55:11.778 [raft-client-6c0a1bb2-986e-47f7-86e2-6a736c947544-3] TRACE i.a.p.r.p.impl.RaftProxySequencer - ProxySession{2}{type=io.atomix.protocols.raft.RaftTest$TestPrimitiveType@35bfa1bb, name=raft-test} - Completing response CommandResponse{status=OK, index=7, eventIndex=2, result=byte[]{length=2, hash=1254}}
02:55:11.779 [raft-client-6c0a1bb2-986e-47f7-86e2-6a736c947544-3] TRACE i.a.p.r.p.impl.RaftProxyConnection - ProxySession{2}{type=io.atomix.protocols.raft.RaftTest$TestPrimitiveType@35bfa1bb, name=raft-test} - Sending CommandRequest{session=2, sequence=4, operation=PrimitiveOperation{id=DefaultOperationId{id=write, type=COMMAND}, value=byte[]{length=17, hash=-1644578928}}} to 1
02:55:11.779 [raft-server-1] TRACE i.a.protocols.raft.roles.LeaderRole - RaftServer{1}{role=LEADER} - Received CommandRequest{session=2, sequence=4, operation=PrimitiveOperation{id=DefaultOperationId{id=write, type=COMMAND}, value=byte[]{length=17, hash=-1644578928}}}
02:55:11.779 [raft-server-1] TRACE i.a.protocols.raft.roles.LeaderRole - RaftServer{1}{role=LEADER} - Appended Indexed{index=8, entry=CommandEntry{term=1, timestamp=2018-06-09 02:55:11,779, session=2, sequence=4, operation=PrimitiveOperation{id=DefaultOperationId{id=write, type=COMMAND}, value=byte[]{length=17, hash=-1644578928}}}}
02:55:11.828 [raft-server-2] TRACE i.a.p.raft.roles.FollowerRole - RaftServer{2}{role=FOLLOWER} - Committed entries up to index 7
02:55:11.828 [raft-server-2] TRACE i.a.p.raft.roles.FollowerRole - RaftServer{2}{role=FOLLOWER} - Sending AppendResponse{status=OK, term=1, succeeded=true, lastLogIndex=7}
02:55:11.828 [raft-server-1] TRACE i.a.p.raft.roles.LeaderAppender - RaftServer{1} - Received AppendResponse{status=OK, term=1, succeeded=true, lastLogIndex=7} from 2
02:55:11.828 [raft-server-1] TRACE i.a.p.raft.roles.LeaderAppender - RaftServer{1} - Sending AppendRequest{term=1, leader=1, prevLogIndex=7, prevLogTerm=1, entries=1, commitIndex=7} to 2
02:55:11.828 [raft-server-2-state] TRACE i.a.p.raft.impl.RaftServiceManager - RaftServer{2} - Applying Indexed{index=7, entry=CommandEntry{term=1, timestamp=2018-06-09 02:55:11,559, session=2, sequence=3, operation=PrimitiveOperation{id=DefaultOperationId{id=write, type=COMMAND}, value=byte[]{length=17, hash=-1644578928}}}}
02:55:11.828 [raft-server-2] TRACE i.a.p.raft.roles.FollowerRole - RaftServer{2}{role=FOLLOWER} - Received AppendRequest{term=1, leader=1, prevLogIndex=7, prevLogTerm=1, entries=1, commitIndex=7}
02:55:11.828 [raft-server-2-state] TRACE i.a.p.s.impl.DefaultServiceExecutor - PrimitiveService{2}{type=io.atomix.protocols.raft.RaftTest$TestPrimitiveType@21189677, name=raft-test} - Executing DefaultCommit{index=7, session=RaftSession{RaftServiceContext{server=2, type=io.atomix.protocols.raft.RaftTest$TestPrimitiveType@21189677, name=raft-test, id=2}, session=2, timestamp=2018-06-09 02:55:11,559}, time=2018-06-09 02:55:11,559, operation=DefaultOperationId{id=write, type=COMMAND}, value=byte[]{length=17, hash=-1644578928}}
02:55:11.828 [raft-server-2] TRACE i.a.p.raft.roles.FollowerRole - RaftServer{2}{role=FOLLOWER} - Appended Indexed{index=8, entry=CommandEntry{term=1, timestamp=2018-06-09 02:55:11,779, session=2, sequence=4, operation=PrimitiveOperation{id=DefaultOperationId{id=write, type=COMMAND}, value=byte[]{length=17, hash=-1644578928}}}}
02:55:11.828 [raft-server-2] TRACE i.a.p.raft.roles.FollowerRole - RaftServer{2}{role=FOLLOWER} - Sending AppendResponse{status=OK, term=1, succeeded=true, lastLogIndex=8}
02:55:11.828 [raft-server-1] TRACE i.a.p.raft.roles.LeaderAppender - RaftServer{1} - Received AppendResponse{status=OK, term=1, succeeded=true, lastLogIndex=8} from 2
02:55:11.828 [raft-server-1] TRACE i.a.p.raft.roles.LeaderAppender - RaftServer{1} - Committed entries up to 8
02:55:11.874 [raft-server-3] TRACE i.a.p.raft.roles.FollowerRole - RaftServer{3}{role=FOLLOWER} - Committed entries up to index 7
02:55:11.874 [raft-server-3] TRACE i.a.p.raft.roles.FollowerRole - RaftServer{3}{role=FOLLOWER} - Sending AppendResponse{status=OK, term=1, succeeded=true, lastLogIndex=7}
02:55:11.874 [raft-server-3-state] TRACE i.a.p.raft.impl.RaftServiceManager - RaftServer{3} - Applying Indexed{index=7, entry=CommandEntry{term=1, timestamp=2018-06-09 02:55:11,559, session=2, sequence=3, operation=PrimitiveOperation{id=DefaultOperationId{id=write, type=COMMAND}, value=byte[]{length=17, hash=-1644578928}}}}
02:55:11.874 [raft-server-3-state] TRACE i.a.p.s.impl.DefaultServiceExecutor - PrimitiveService{2}{type=io.atomix.protocols.raft.RaftTest$TestPrimitiveType@34b8c602, name=raft-test} - Executing DefaultCommit{index=7, session=RaftSession{RaftServiceContext{server=3, type=io.atomix.protocols.raft.RaftTest$TestPrimitiveType@34b8c602, name=raft-test, id=2}, session=2, timestamp=2018-06-09 02:55:11,559}, time=2018-06-09 02:55:11,559, operation=DefaultOperationId{id=write, type=COMMAND}, value=byte[]{length=17, hash=-1644578928}}
02:55:11.908 [raft-server-1] TRACE i.a.p.raft.roles.LeaderAppender - RaftServer{1} - Received AppendResponse{status=OK, term=1, succeeded=true, lastLogIndex=7} from 3
02:55:11.909 [raft-server-1] TRACE i.a.p.raft.roles.LeaderAppender - RaftServer{1} - Sending AppendRequest{term=1, leader=1, prevLogIndex=7, prevLogTerm=1, entries=1, commitIndex=8} to 3
02:55:11.909 [raft-server-3] TRACE i.a.p.raft.roles.FollowerRole - RaftServer{3}{role=FOLLOWER} - Received AppendRequest{term=1, leader=1, prevLogIndex=7, prevLogTerm=1, entries=1, commitIndex=8}
02:55:11.909 [raft-server-1-state] TRACE i.a.p.raft.impl.RaftServiceManager - RaftServer{1} - Applying Indexed{index=8, entry=CommandEntry{term=1, timestamp=2018-06-09 02:55:11,779, session=2, sequence=4, operation=PrimitiveOperation{id=DefaultOperationId{id=write, type=COMMAND}, value=byte[]{length=17, hash=-1644578928}}}}
02:55:11.909 [raft-server-3] TRACE i.a.p.raft.roles.FollowerRole - RaftServer{3}{role=FOLLOWER} - Appended Indexed{index=8, entry=CommandEntry{term=1, timestamp=2018-06-09 02:55:11,779, session=2, sequence=4, operation=PrimitiveOperation{id=DefaultOperationId{id=write, type=COMMAND}, value=byte[]{length=17, hash=-1644578928}}}}
02:55:11.909 [raft-server-1-state] TRACE i.a.p.s.impl.DefaultServiceExecutor - PrimitiveService{2}{type=io.atomix.protocols.raft.RaftTest$TestPrimitiveType@60cd3cc, name=raft-test} - Executing DefaultCommit{index=8, session=RaftSession{RaftServiceContext{server=1, type=io.atomix.protocols.raft.RaftTest$TestPrimitiveType@60cd3cc, name=raft-test, id=2}, session=2, timestamp=2018-06-09 02:55:11,779}, time=2018-06-09 02:55:11,779, operation=DefaultOperationId{id=write, type=COMMAND}, value=byte[]{length=17, hash=-1644578928}}
02:55:11.909 [raft-server-1-state] TRACE i.a.protocols.raft.roles.LeaderRole - RaftServer{1}{role=LEADER} - Sending CommandResponse{status=OK, index=8, eventIndex=2, result=byte[]{length=2, hash=1256}}
02:55:11.909 [raft-client-6c0a1bb2-986e-47f7-86e2-6a736c947544-5] TRACE i.a.p.r.p.impl.RaftProxyConnection - ProxySession{2}{type=io.atomix.protocols.raft.RaftTest$TestPrimitiveType@35bfa1bb, name=raft-test} - Received CommandResponse{status=OK, index=8, eventIndex=2, result=byte[]{length=2, hash=1256}} from 1
02:55:11.909 [raft-client-6c0a1bb2-986e-47f7-86e2-6a736c947544-5] TRACE i.a.p.r.p.impl.RaftProxySequencer - ProxySession{2}{type=io.atomix.protocols.raft.RaftTest$TestPrimitiveType@35bfa1bb, name=raft-test} - Completing response CommandResponse{status=OK, index=8, eventIndex=2, result=byte[]{length=2, hash=1256}}
02:55:11.910 [raft-client-6c0a1bb2-986e-47f7-86e2-6a736c947544-5] TRACE i.a.p.r.p.impl.RaftProxyConnection - ProxySession{2}{type=io.atomix.protocols.raft.RaftTest$TestPrimitiveType@35bfa1bb, name=raft-test} - Sending CommandRequest{session=2, sequence=5, operation=PrimitiveOperation{id=DefaultOperationId{id=write, type=COMMAND}, value=byte[]{length=17, hash=-1644578928}}} to 1
02:55:11.910 [raft-server-1] TRACE i.a.protocols.raft.roles.LeaderRole - RaftServer{1}{role=LEADER} - Received CommandRequest{session=2, sequence=5, operation=PrimitiveOperation{id=DefaultOperationId{id=write, type=COMMAND}, value=byte[]{length=17, hash=-1644578928}}}
02:55:11.910 [raft-server-1] TRACE i.a.protocols.raft.roles.LeaderRole - RaftServer{1}{role=LEADER} - Appended Indexed{index=9, entry=CommandEntry{term=1, timestamp=2018-06-09 02:55:11,910, session=2, sequence=5, operation=PrimitiveOperation{id=DefaultOperationId{id=write, type=COMMAND}, value=byte[]{length=17, hash=-1644578928}}}}
02:55:11.910 [raft-server-1] TRACE i.a.p.raft.roles.LeaderAppender - RaftServer{1} - Sending AppendRequest{term=1, leader=1, prevLogIndex=8, prevLogTerm=1, entries=1, commitIndex=8} to 2
02:55:11.910 [raft-server-2] TRACE i.a.p.raft.roles.FollowerRole - RaftServer{2}{role=FOLLOWER} - Received AppendRequest{term=1, leader=1, prevLogIndex=8, prevLogTerm=1, entries=1, commitIndex=8}
02:55:11.911 [raft-server-2] TRACE i.a.p.raft.roles.FollowerRole - RaftServer{2}{role=FOLLOWER} - Appended Indexed{index=9, entry=CommandEntry{term=1, timestamp=2018-06-09 02:55:11,910, session=2, sequence=5, operation=PrimitiveOperation{id=DefaultOperationId{id=write, type=COMMAND}, value=byte[]{length=17, hash=-1644578928}}}}
02:55:11.971 [raft-server-1] TRACE i.a.p.raft.roles.LeaderAppender - RaftServer{1} - Sending AppendRequest{term=1, leader=1, prevLogIndex=8, prevLogTerm=1, entries=1, commitIndex=8} to 3
02:55:12.008 [raft-server-3] TRACE i.a.p.raft.roles.FollowerRole - RaftServer{3}{role=FOLLOWER} - Committed entries up to index 8
02:55:12.008 [raft-server-3] TRACE i.a.p.raft.roles.FollowerRole - RaftServer{3}{role=FOLLOWER} - Sending AppendResponse{status=OK, term=1, succeeded=true, lastLogIndex=8}
02:55:12.009 [raft-server-3] TRACE i.a.p.raft.roles.FollowerRole - RaftServer{3}{role=FOLLOWER} - Received AppendRequest{term=1, leader=1, prevLogIndex=8, prevLogTerm=1, entries=1, commitIndex=8}
02:55:12.009 [raft-server-1] TRACE i.a.p.raft.roles.LeaderAppender - RaftServer{1} - Received AppendResponse{status=OK, term=1, succeeded=true, lastLogIndex=8} from 3
02:55:12.009 [raft-server-3] TRACE i.a.p.raft.roles.FollowerRole - RaftServer{3}{role=FOLLOWER} - Appended Indexed{index=9, entry=CommandEntry{term=1, timestamp=2018-06-09 02:55:11,910, session=2, sequence=5, operation=PrimitiveOperation{id=DefaultOperationId{id=write, type=COMMAND}, value=byte[]{length=17, hash=-1644578928}}}}
02:55:12.009 [raft-server-3] TRACE i.a.p.raft.roles.FollowerRole - RaftServer{3}{role=FOLLOWER} - Sending AppendResponse{status=OK, term=1, succeeded=true, lastLogIndex=9}
02:55:12.009 [raft-server-1] TRACE i.a.p.raft.roles.LeaderAppender - RaftServer{1} - Received AppendResponse{status=OK, term=1, succeeded=true, lastLogIndex=9} from 3
02:55:12.009 [raft-server-1] TRACE i.a.p.raft.roles.LeaderAppender - RaftServer{1} - Committed entries up to 9
02:55:12.009 [raft-server-3-state] TRACE i.a.p.raft.impl.RaftServiceManager - RaftServer{3} - Applying Indexed{index=8, entry=CommandEntry{term=1, timestamp=2018-06-09 02:55:11,779, session=2, sequence=4, operation=PrimitiveOperation{id=DefaultOperationId{id=write, type=COMMAND}, value=byte[]{length=17, hash=-1644578928}}}}
02:55:12.009 [raft-server-3-state] TRACE i.a.p.s.impl.DefaultServiceExecutor - PrimitiveService{2}{type=io.atomix.protocols.raft.RaftTest$TestPrimitiveType@34b8c602, name=raft-test} - Executing DefaultCommit{index=8, session=RaftSession{RaftServiceContext{server=3, type=io.atomix.protocols.raft.RaftTest$TestPrimitiveType@34b8c602, name=raft-test, id=2}, session=2, timestamp=2018-06-09 02:55:11,779}, time=2018-06-09 02:55:11,779, operation=DefaultOperationId{id=write, type=COMMAND}, value=byte[]{length=17, hash=-1644578928}}
02:55:12.111 [raft-server-2] TRACE i.a.p.raft.roles.FollowerRole - RaftServer{2}{role=FOLLOWER} - Committed entries up to index 8
02:55:12.111 [raft-server-2] TRACE i.a.p.raft.roles.FollowerRole - RaftServer{2}{role=FOLLOWER} - Sending AppendResponse{status=OK, term=1, succeeded=true, lastLogIndex=9}
02:55:12.111 [raft-server-2-state] TRACE i.a.p.raft.impl.RaftServiceManager - RaftServer{2} - Applying Indexed{index=8, entry=CommandEntry{term=1, timestamp=2018-06-09 02:55:11,779, session=2, sequence=4, operation=PrimitiveOperation{id=DefaultOperationId{id=write, type=COMMAND}, value=byte[]{length=17, hash=-1644578928}}}}
02:55:12.111 [raft-server-2-state] TRACE i.a.p.s.impl.DefaultServiceExecutor - PrimitiveService{2}{type=io.atomix.protocols.raft.RaftTest$TestPrimitiveType@21189677, name=raft-test} - Executing DefaultCommit{index=8, session=RaftSession{RaftServiceContext{server=2, type=io.atomix.protocols.raft.RaftTest$TestPrimitiveType@21189677, name=raft-test, id=2}, session=2, timestamp=2018-06-09 02:55:11,779}, time=2018-06-09 02:55:11,779, operation=DefaultOperationId{id=write, type=COMMAND}, value=byte[]{length=17, hash=-1644578928}}
02:55:12.228 [raft-server-1] TRACE i.a.p.raft.roles.LeaderAppender - RaftServer{1} - Sending AppendRequest{term=1, leader=1, prevLogIndex=9, prevLogTerm=1, entries=0, commitIndex=9} to 3
02:55:12.228 [raft-server-1] TRACE i.a.p.raft.roles.LeaderAppender - RaftServer{1} - Received AppendResponse{status=OK, term=1, succeeded=true, lastLogIndex=9} from 2
02:55:12.228 [raft-server-3] TRACE i.a.p.raft.roles.FollowerRole - RaftServer{3}{role=FOLLOWER} - Received AppendRequest{term=1, leader=1, prevLogIndex=9, prevLogTerm=1, entries=0, commitIndex=9}
02:55:12.228 [raft-server-1] TRACE i.a.p.raft.roles.LeaderAppender - RaftServer{1} - Sending AppendRequest{term=1, leader=1, prevLogIndex=9, prevLogTerm=1, entries=0, commitIndex=9} to 2
02:55:12.228 [raft-server-2] TRACE i.a.p.raft.roles.FollowerRole - RaftServer{2}{role=FOLLOWER} - Received AppendRequest{term=1, leader=1, prevLogIndex=9, prevLogTerm=1, entries=0, commitIndex=9}
02:55:12.228 [raft-server-1-state] TRACE i.a.p.raft.impl.RaftServiceManager - RaftServer{1} - Applying Indexed{index=9, entry=CommandEntry{term=1, timestamp=2018-06-09 02:55:11,910, session=2, sequence=5, operation=PrimitiveOperation{id=DefaultOperationId{id=write, type=COMMAND}, value=byte[]{length=17, hash=-1644578928}}}}
02:55:12.228 [raft-server-1-state] TRACE i.a.p.s.impl.DefaultServiceExecutor - PrimitiveService{2}{type=io.atomix.protocols.raft.RaftTest$TestPrimitiveType@60cd3cc, name=raft-test} - Executing DefaultCommit{index=9, session=RaftSession{RaftServiceContext{server=1, type=io.atomix.protocols.raft.RaftTest$TestPrimitiveType@60cd3cc, name=raft-test, id=2}, session=2, timestamp=2018-06-09 02:55:11,910}, time=2018-06-09 02:55:11,910, operation=DefaultOperationId{id=write, type=COMMAND}, value=byte[]{length=17, hash=-1644578928}}
02:55:12.229 [raft-server-1-state] TRACE i.a.protocols.raft.roles.LeaderRole - RaftServer{1}{role=LEADER} - Sending CommandResponse{status=OK, index=9, eventIndex=2, result=byte[]{length=2, hash=1258}}
02:55:12.229 [raft-client-6c0a1bb2-986e-47f7-86e2-6a736c947544-7] TRACE i.a.p.r.p.impl.RaftProxyConnection - ProxySession{2}{type=io.atomix.protocols.raft.RaftTest$TestPrimitiveType@35bfa1bb, name=raft-test} - Received CommandResponse{status=OK, index=9, eventIndex=2, result=byte[]{length=2, hash=1258}} from 1
02:55:12.229 [raft-client-6c0a1bb2-986e-47f7-86e2-6a736c947544-7] TRACE i.a.p.r.p.impl.RaftProxySequencer - ProxySession{2}{type=io.atomix.protocols.raft.RaftTest$TestPrimitiveType@35bfa1bb, name=raft-test} - Completing response CommandResponse{status=OK, index=9, eventIndex=2, result=byte[]{length=2, hash=1258}}
02:55:12.230 [raft-client-6c0a1bb2-986e-47f7-86e2-6a736c947544-7] TRACE i.a.p.r.p.impl.RaftProxyConnection - ProxySession{2}{type=io.atomix.protocols.raft.RaftTest$TestPrimitiveType@35bfa1bb, name=raft-test} - Sending CommandRequest{session=2, sequence=6, operation=PrimitiveOperation{id=DefaultOperationId{id=write, type=COMMAND}, value=byte[]{length=17, hash=-1644578928}}} to 1
02:55:12.230 [raft-server-1] TRACE i.a.protocols.raft.roles.LeaderRole - RaftServer{1}{role=LEADER} - Received CommandRequest{session=2, sequence=6, operation=PrimitiveOperation{id=DefaultOperationId{id=write, type=COMMAND}, value=byte[]{length=17, hash=-1644578928}}}
02:55:12.230 [raft-server-1] TRACE i.a.protocols.raft.roles.LeaderRole - RaftServer{1}{role=LEADER} - Appended Indexed{index=10, entry=CommandEntry{term=1, timestamp=2018-06-09 02:55:12,230, session=2, sequence=6, operation=PrimitiveOperation{id=DefaultOperationId{id=write, type=COMMAND}, value=byte[]{length=17, hash=-1644578928}}}}
02:55:12.320 [raft-server-2] TRACE i.a.p.raft.roles.FollowerRole - RaftServer{2}{role=FOLLOWER} - Committed entries up to index 9
02:55:12.320 [raft-server-3] TRACE i.a.p.raft.roles.FollowerRole - RaftServer{3}{role=FOLLOWER} - Committed entries up to index 9
02:55:12.320 [raft-server-2] TRACE i.a.p.raft.roles.FollowerRole - RaftServer{2}{role=FOLLOWER} - Sending AppendResponse{status=OK, term=1, succeeded=true, lastLogIndex=9}
02:55:12.320 [raft-server-3] TRACE i.a.p.raft.roles.FollowerRole - RaftServer{3}{role=FOLLOWER} - Sending AppendResponse{status=OK, term=1, succeeded=true, lastLogIndex=9}
02:55:12.320 [raft-server-1] TRACE i.a.p.raft.roles.LeaderAppender - RaftServer{1} - Received AppendResponse{status=OK, term=1, succeeded=true, lastLogIndex=9} from 2
02:55:12.321 [raft-server-1] TRACE i.a.p.raft.roles.LeaderAppender - RaftServer{1} - Sending AppendRequest{term=1, leader=1, prevLogIndex=9, prevLogTerm=1, entries=1, commitIndex=9} to 2
02:55:12.321 [raft-server-2-state] TRACE i.a.p.raft.impl.RaftServiceManager - RaftServer{2} - Applying Indexed{index=9, entry=CommandEntry{term=1, timestamp=2018-06-09 02:55:11,910, session=2, sequence=5, operation=PrimitiveOperation{id=DefaultOperationId{id=write, type=COMMAND}, value=byte[]{length=17, hash=-1644578928}}}}
02:55:12.321 [raft-server-3-state] TRACE i.a.p.raft.impl.RaftServiceManager - RaftServer{3} - Applying Indexed{index=9, entry=CommandEntry{term=1, timestamp=2018-06-09 02:55:11,910, session=2, sequence=5, operation=PrimitiveOperation{id=DefaultOperationId{id=write, type=COMMAND}, value=byte[]{length=17, hash=-1644578928}}}}
02:55:12.321 [raft-server-2] TRACE i.a.p.raft.roles.FollowerRole - RaftServer{2}{role=FOLLOWER} - Received AppendRequest{term=1, leader=1, prevLogIndex=9, prevLogTerm=1, entries=1, commitIndex=9}
02:55:12.321 [raft-server-1] TRACE i.a.p.raft.roles.LeaderAppender - RaftServer{1} - Sending AppendRequest{term=1, leader=1, prevLogIndex=9, prevLogTerm=1, entries=1, commitIndex=9} to 3
02:55:12.321 [raft-server-2-state] TRACE i.a.p.s.impl.DefaultServiceExecutor - PrimitiveService{2}{type=io.atomix.protocols.raft.RaftTest$TestPrimitiveType@21189677, name=raft-test} - Executing DefaultCommit{index=9, session=RaftSession{RaftServiceContext{server=2, type=io.atomix.protocols.raft.RaftTest$TestPrimitiveType@21189677, name=raft-test, id=2}, session=2, timestamp=2018-06-09 02:55:11,910}, time=2018-06-09 02:55:11,910, operation=DefaultOperationId{id=write, type=COMMAND}, value=byte[]{length=17, hash=-1644578928}}
02:55:12.321 [raft-server-3-state] TRACE i.a.p.s.impl.DefaultServiceExecutor - PrimitiveService{2}{type=io.atomix.protocols.raft.RaftTest$TestPrimitiveType@34b8c602, name=raft-test} - Executing DefaultCommit{index=9, session=RaftSession{RaftServiceContext{server=3, type=io.atomix.protocols.raft.RaftTest$TestPrimitiveType@34b8c602, name=raft-test, id=2}, session=2, timestamp=2018-06-09 02:55:11,910}, time=2018-06-09 02:55:11,910, operation=DefaultOperationId{id=write, type=COMMAND}, value=byte[]{length=17, hash=-1644578928}}
02:55:12.321 [raft-server-1] TRACE i.a.p.raft.roles.LeaderAppender - RaftServer{1} - Received AppendResponse{status=OK, term=1, succeeded=true, lastLogIndex=9} from 3
02:55:12.321 [raft-server-3] TRACE i.a.p.raft.roles.FollowerRole - RaftServer{3}{role=FOLLOWER} - Received AppendRequest{term=1, leader=1, prevLogIndex=9, prevLogTerm=1, entries=1, commitIndex=9}
02:55:12.321 [raft-server-2] TRACE i.a.p.raft.roles.FollowerRole - RaftServer{2}{role=FOLLOWER} - Appended Indexed{index=10, entry=CommandEntry{term=1, timestamp=2018-06-09 02:55:12,230, session=2, sequence=6, operation=PrimitiveOperation{id=DefaultOperationId{id=write, type=COMMAND}, value=byte[]{length=17, hash=-1644578928}}}}
02:55:12.321 [raft-server-2] TRACE i.a.p.raft.roles.FollowerRole - RaftServer{2}{role=FOLLOWER} - Sending AppendResponse{status=OK, term=1, succeeded=true, lastLogIndex=10}
02:55:12.321 [raft-server-1] TRACE i.a.p.raft.roles.LeaderAppender - RaftServer{1} - Received AppendResponse{status=OK, term=1, succeeded=true, lastLogIndex=10} from 2
02:55:12.321 [raft-server-3] TRACE i.a.p.raft.roles.FollowerRole - RaftServer{3}{role=FOLLOWER} - Appended Indexed{index=10, entry=CommandEntry{term=1, timestamp=2018-06-09 02:55:12,230, session=2, sequence=6, operation=PrimitiveOperation{id=DefaultOperationId{id=write, type=COMMAND}, value=byte[]{length=17, hash=-1644578928}}}}
02:55:12.321 [raft-server-1] TRACE i.a.p.raft.roles.LeaderAppender - RaftServer{1} - Committed entries up to 10
02:55:12.321 [raft-server-3] TRACE i.a.p.raft.roles.FollowerRole - RaftServer{3}{role=FOLLOWER} - Sending AppendResponse{status=OK, term=1, succeeded=true, lastLogIndex=10}
02:55:12.411 [raft-server-1] TRACE i.a.p.raft.roles.LeaderAppender - RaftServer{1} - Received AppendResponse{status=OK, term=1, succeeded=true, lastLogIndex=10} from 3
02:55:12.411 [raft-server-1-state] TRACE i.a.p.raft.impl.RaftServiceManager - RaftServer{1} - Applying Indexed{index=10, entry=CommandEntry{term=1, timestamp=2018-06-09 02:55:12,230, session=2, sequence=6, operation=PrimitiveOperation{id=DefaultOperationId{id=write, type=COMMAND}, value=byte[]{length=17, hash=-1644578928}}}}
02:55:12.411 [raft-server-1-state] TRACE i.a.p.s.impl.DefaultServiceExecutor - PrimitiveService{2}{type=io.atomix.protocols.raft.RaftTest$TestPrimitiveType@60cd3cc, name=raft-test} - Executing DefaultCommit{index=10, session=RaftSession{RaftServiceContext{server=1, type=io.atomix.protocols.raft.RaftTest$TestPrimitiveType@60cd3cc, name=raft-test, id=2}, session=2, timestamp=2018-06-09 02:55:12,230}, time=2018-06-09 02:55:12,230, operation=DefaultOperationId{id=write, type=COMMAND}, value=byte[]{length=17, hash=-1644578928}}
02:55:12.412 [raft-server-1-state] TRACE i.a.protocols.raft.roles.LeaderRole - RaftServer{1}{role=LEADER} - Sending CommandResponse{status=OK, index=10, eventIndex=2, result=byte[]{length=2, hash=1260}}
02:55:12.412 [raft-client-6c0a1bb2-986e-47f7-86e2-6a736c947544-3] TRACE i.a.p.r.p.impl.RaftProxyConnection - ProxySession{2}{type=io.atomix.protocols.raft.RaftTest$TestPrimitiveType@35bfa1bb, name=raft-test} - Received CommandResponse{status=OK, index=10, eventIndex=2, result=byte[]{length=2, hash=1260}} from 1
02:55:12.412 [raft-client-6c0a1bb2-986e-47f7-86e2-6a736c947544-3] TRACE i.a.p.r.p.impl.RaftProxySequencer - ProxySession{2}{type=io.atomix.protocols.raft.RaftTest$TestPrimitiveType@35bfa1bb, name=raft-test} - Completing response CommandResponse{status=OK, index=10, eventIndex=2, result=byte[]{length=2, hash=1260}}
02:55:12.412 [raft-client-6c0a1bb2-986e-47f7-86e2-6a736c947544-3] TRACE i.a.p.r.p.impl.RaftProxyConnection - ProxySession{2}{type=io.atomix.protocols.raft.RaftTest$TestPrimitiveType@35bfa1bb, name=raft-test} - Sending CommandRequest{session=2, sequence=7, operation=PrimitiveOperation{id=DefaultOperationId{id=write, type=COMMAND}, value=byte[]{length=17, hash=-1644578928}}} to 1
02:55:12.412 [raft-server-1] TRACE i.a.protocols.raft.roles.LeaderRole - RaftServer{1}{role=LEADER} - Received CommandRequest{session=2, sequence=7, operation=PrimitiveOperation{id=DefaultOperationId{id=write, type=COMMAND}, value=byte[]{length=17, hash=-1644578928}}}
02:55:12.507 [raft-server-1] DEBUG i.a.storage.journal.SegmentedJournal - Created disk segment: JournalSegment{id=2, version=1, index=11, size=64}
02:55:12.508 [raft-server-1] TRACE i.a.protocols.raft.roles.LeaderRole - RaftServer{1}{role=LEADER} - Appended Indexed{index=11, entry=CommandEntry{term=1, timestamp=2018-06-09 02:55:12,412, session=2, sequence=7, operation=PrimitiveOperation{id=DefaultOperationId{id=write, type=COMMAND}, value=byte[]{length=17, hash=-1644578928}}}}
02:55:12.508 [raft-server-1] TRACE i.a.p.raft.roles.LeaderAppender - RaftServer{1} - Sending AppendRequest{term=1, leader=1, prevLogIndex=10, prevLogTerm=1, entries=1, commitIndex=10} to 3
02:55:12.508 [raft-server-3] TRACE i.a.p.raft.roles.FollowerRole - RaftServer{3}{role=FOLLOWER} - Received AppendRequest{term=1, leader=1, prevLogIndex=10, prevLogTerm=1, entries=1, commitIndex=10}
02:55:12.508 [raft-server-1] TRACE i.a.p.raft.roles.LeaderAppender - RaftServer{1} - Sending AppendRequest{term=1, leader=1, prevLogIndex=10, prevLogTerm=1, entries=1, commitIndex=10} to 2
02:55:12.508 [raft-server-2] TRACE i.a.p.raft.roles.FollowerRole - RaftServer{2}{role=FOLLOWER} - Received AppendRequest{term=1, leader=1, prevLogIndex=10, prevLogTerm=1, entries=1, commitIndex=10}
02:55:12.693 [raft-server-2] DEBUG i.a.storage.journal.SegmentedJournal - Created disk segment: JournalSegment{id=2, version=1, index=11, size=64}
02:55:12.693 [raft-server-3] DEBUG i.a.storage.journal.SegmentedJournal - Created disk segment: JournalSegment{id=2, version=1, index=11, size=64}
02:55:12.694 [raft-server-3] TRACE i.a.p.raft.roles.FollowerRole - RaftServer{3}{role=FOLLOWER} - Appended Indexed{index=11, entry=CommandEntry{term=1, timestamp=2018-06-09 02:55:12,412, session=2, sequence=7, operation=PrimitiveOperation{id=DefaultOperationId{id=write, type=COMMAND}, value=byte[]{length=17, hash=-1644578928}}}}
02:55:12.694 [raft-server-2] TRACE i.a.p.raft.roles.FollowerRole - RaftServer{2}{role=FOLLOWER} - Appended Indexed{index=11, entry=CommandEntry{term=1, timestamp=2018-06-09 02:55:12,412, session=2, sequence=7, operation=PrimitiveOperation{id=DefaultOperationId{id=write, type=COMMAND}, value=byte[]{length=17, hash=-1644578928}}}}
02:55:12.799 [raft-server-3] TRACE i.a.p.raft.roles.FollowerRole - RaftServer{3}{role=FOLLOWER} - Committed entries up to index 10
02:55:12.799 [raft-server-3] TRACE i.a.p.raft.roles.FollowerRole - RaftServer{3}{role=FOLLOWER} - Sending AppendResponse{status=OK, term=1, succeeded=true, lastLogIndex=11}
02:55:12.799 [raft-server-2] TRACE i.a.p.raft.roles.FollowerRole - RaftServer{2}{role=FOLLOWER} - Committed entries up to index 10
02:55:12.799 [raft-server-2] TRACE i.a.p.raft.roles.FollowerRole - RaftServer{2}{role=FOLLOWER} - Sending AppendResponse{status=OK, term=1, succeeded=true, lastLogIndex=11}
02:55:12.799 [raft-server-1] TRACE i.a.p.raft.roles.LeaderAppender - RaftServer{1} - Received AppendResponse{status=OK, term=1, succeeded=true, lastLogIndex=11} from 3
02:55:12.799 [raft-server-1] TRACE i.a.p.raft.roles.LeaderAppender - RaftServer{1} - Committed entries up to 11
02:55:12.799 [raft-server-3-state] TRACE i.a.p.raft.impl.RaftServiceManager - RaftServer{3} - Applying Indexed{index=10, entry=CommandEntry{term=1, timestamp=2018-06-09 02:55:12,230, session=2, sequence=6, operation=PrimitiveOperation{id=DefaultOperationId{id=write, type=COMMAND}, value=byte[]{length=17, hash=-1644578928}}}}
02:55:12.799 [raft-server-2-state] TRACE i.a.p.raft.impl.RaftServiceManager - RaftServer{2} - Applying Indexed{index=10, entry=CommandEntry{term=1, timestamp=2018-06-09 02:55:12,230, session=2, sequence=6, operation=PrimitiveOperation{id=DefaultOperationId{id=write, type=COMMAND}, value=byte[]{length=17, hash=-1644578928}}}}
02:55:12.799 [raft-server-3-state] TRACE i.a.p.s.impl.DefaultServiceExecutor - PrimitiveService{2}{type=io.atomix.protocols.raft.RaftTest$TestPrimitiveType@34b8c602, name=raft-test} - Executing DefaultCommit{index=10, session=RaftSession{RaftServiceContext{server=3, type=io.atomix.protocols.raft.RaftTest$TestPrimitiveType@34b8c602, name=raft-test, id=2}, session=2, timestamp=2018-06-09 02:55:12,230}, time=2018-06-09 02:55:12,230, operation=DefaultOperationId{id=write, type=COMMAND}, value=byte[]{length=17, hash=-1644578928}}
02:55:12.799 [raft-server-2-state] TRACE i.a.p.s.impl.DefaultServiceExecutor - PrimitiveService{2}{type=io.atomix.protocols.raft.RaftTest$TestPrimitiveType@21189677, name=raft-test} - Executing DefaultCommit{index=10, session=RaftSession{RaftServiceContext{server=2, type=io.atomix.protocols.raft.RaftTest$TestPrimitiveType@21189677, name=raft-test, id=2}, session=2, timestamp=2018-06-09 02:55:12,230}, time=2018-06-09 02:55:12,230, operation=DefaultOperationId{id=write, type=COMMAND}, value=byte[]{length=17, hash=-1644578928}}
02:55:12.907 [raft-server-1] TRACE i.a.p.raft.roles.LeaderAppender - RaftServer{1} - Sending AppendRequest{term=1, leader=1, prevLogIndex=11, prevLogTerm=1, entries=0, commitIndex=11} to 3
02:55:12.907 [raft-server-3] TRACE i.a.p.raft.roles.FollowerRole - RaftServer{3}{role=FOLLOWER} - Received AppendRequest{term=1, leader=1, prevLogIndex=11, prevLogTerm=1, entries=0, commitIndex=11}
02:55:12.907 [raft-server-1] TRACE i.a.p.raft.roles.LeaderAppender - RaftServer{1} - Received AppendResponse{status=OK, term=1, succeeded=true, lastLogIndex=11} from 2
02:55:12.907 [raft-server-1] TRACE i.a.p.raft.roles.LeaderAppender - RaftServer{1} - Sending AppendRequest{term=1, leader=1, prevLogIndex=11, prevLogTerm=1, entries=0, commitIndex=11} to 2
02:55:12.907 [raft-server-2] TRACE i.a.p.raft.roles.FollowerRole - RaftServer{2}{role=FOLLOWER} - Received AppendRequest{term=1, leader=1, prevLogIndex=11, prevLogTerm=1, entries=0, commitIndex=11}
02:55:12.907 [raft-server-2] TRACE i.a.p.raft.roles.FollowerRole - RaftServer{2}{role=FOLLOWER} - Committed entries up to index 11
02:55:12.907 [raft-server-2] TRACE i.a.p.raft.roles.FollowerRole - RaftServer{2}{role=FOLLOWER} - Sending AppendResponse{status=OK, term=1, succeeded=true, lastLogIndex=11}
02:55:12.907 [raft-server-1-state] TRACE i.a.p.raft.impl.RaftServiceManager - RaftServer{1} - Applying Indexed{index=11, entry=CommandEntry{term=1, timestamp=2018-06-09 02:55:12,412, session=2, sequence=7, operation=PrimitiveOperation{id=DefaultOperationId{id=write, type=COMMAND}, value=byte[]{length=17, hash=-1644578928}}}}
02:55:12.907 [raft-server-1] TRACE i.a.p.raft.roles.LeaderAppender - RaftServer{1} - Received AppendResponse{status=OK, term=1, succeeded=true, lastLogIndex=11} from 2
02:55:12.907 [raft-server-1-state] TRACE i.a.p.s.impl.DefaultServiceExecutor - PrimitiveService{2}{type=io.atomix.protocols.raft.RaftTest$TestPrimitiveType@60cd3cc, name=raft-test} - Executing DefaultCommit{index=11, session=RaftSession{RaftServiceContext{server=1, type=io.atomix.protocols.raft.RaftTest$TestPrimitiveType@60cd3cc, name=raft-test, id=2}, session=2, timestamp=2018-06-09 02:55:12,412}, time=2018-06-09 02:55:12,412, operation=DefaultOperationId{id=write, type=COMMAND}, value=byte[]{length=17, hash=-1644578928}}
02:55:12.907 [raft-server-2-state] TRACE i.a.p.raft.impl.RaftServiceManager - RaftServer{2} - Applying Indexed{index=11, entry=CommandEntry{term=1, timestamp=2018-06-09 02:55:12,412, session=2, sequence=7, operation=PrimitiveOperation{id=DefaultOperationId{id=write, type=COMMAND}, value=byte[]{length=17, hash=-1644578928}}}}
02:55:12.908 [raft-server-2-state] TRACE i.a.p.s.impl.DefaultServiceExecutor - PrimitiveService{2}{type=io.atomix.protocols.raft.RaftTest$TestPrimitiveType@21189677, name=raft-test} - Executing DefaultCommit{index=11, session=RaftSession{RaftServiceContext{server=2, type=io.atomix.protocols.raft.RaftTest$TestPrimitiveType@21189677, name=raft-test, id=2}, session=2, timestamp=2018-06-09 02:55:12,412}, time=2018-06-09 02:55:12,412, operation=DefaultOperationId{id=write, type=COMMAND}, value=byte[]{length=17, hash=-1644578928}}
02:55:12.908 [raft-server-1-state] TRACE i.a.protocols.raft.roles.LeaderRole - RaftServer{1}{role=LEADER} - Sending CommandResponse{status=OK, index=11, eventIndex=2, result=byte[]{length=2, hash=1262}}
02:55:12.908 [raft-client-6c0a1bb2-986e-47f7-86e2-6a736c947544-0] TRACE i.a.p.r.p.impl.RaftProxyConnection - ProxySession{2}{type=io.atomix.protocols.raft.RaftTest$TestPrimitiveType@35bfa1bb, name=raft-test} - Received CommandResponse{status=OK, index=11, eventIndex=2, result=byte[]{length=2, hash=1262}} from 1
02:55:12.908 [raft-client-6c0a1bb2-986e-47f7-86e2-6a736c947544-0] TRACE i.a.p.r.p.impl.RaftProxySequencer - ProxySession{2}{type=io.atomix.protocols.raft.RaftTest$TestPrimitiveType@35bfa1bb, name=raft-test} - Completing response CommandResponse{status=OK, index=11, eventIndex=2, result=byte[]{length=2, hash=1262}}
02:55:12.908 [raft-client-6c0a1bb2-986e-47f7-86e2-6a736c947544-0] TRACE i.a.p.r.p.impl.RaftProxyConnection - ProxySession{2}{type=io.atomix.protocols.raft.RaftTest$TestPrimitiveType@35bfa1bb, name=raft-test} - Sending CommandRequest{session=2, sequence=8, operation=PrimitiveOperation{id=DefaultOperationId{id=write, type=COMMAND}, value=byte[]{length=17, hash=-1644578928}}} to 1
02:55:12.908 [raft-server-1] TRACE i.a.protocols.raft.roles.LeaderRole - RaftServer{1}{role=LEADER} - Received CommandRequest{session=2, sequence=8, operation=PrimitiveOperation{id=DefaultOperationId{id=write, type=COMMAND}, value=byte[]{length=17, hash=-1644578928}}}
02:55:12.909 [raft-server-1] TRACE i.a.protocols.raft.roles.LeaderRole - RaftServer{1}{role=LEADER} - Appended Indexed{index=12, entry=CommandEntry{term=1, timestamp=2018-06-09 02:55:12,909, session=2, sequence=8, operation=PrimitiveOperation{id=DefaultOperationId{id=write, type=COMMAND}, value=byte[]{length=17, hash=-1644578928}}}}
02:55:12.909 [raft-server-1] TRACE i.a.p.raft.roles.LeaderAppender - RaftServer{1} - Sending AppendRequest{term=1, leader=1, prevLogIndex=11, prevLogTerm=1, entries=1, commitIndex=11} to 2
02:55:12.909 [raft-server-2] TRACE i.a.p.raft.roles.FollowerRole - RaftServer{2}{role=FOLLOWER} - Received AppendRequest{term=1, leader=1, prevLogIndex=11, prevLogTerm=1, entries=1, commitIndex=11}
02:55:12.909 [raft-server-2] TRACE i.a.p.raft.roles.FollowerRole - RaftServer{2}{role=FOLLOWER} - Appended Indexed{index=12, entry=CommandEntry{term=1, timestamp=2018-06-09 02:55:12,909, session=2, sequence=8, operation=PrimitiveOperation{id=DefaultOperationId{id=write, type=COMMAND}, value=byte[]{length=17, hash=-1644578928}}}}
02:55:12.909 [raft-server-2] TRACE i.a.p.raft.roles.FollowerRole - RaftServer{2}{role=FOLLOWER} - Sending AppendResponse{status=OK, term=1, succeeded=true, lastLogIndex=12}
02:55:12.909 [raft-server-1] TRACE i.a.p.raft.roles.LeaderAppender - RaftServer{1} - Received AppendResponse{status=OK, term=1, succeeded=true, lastLogIndex=12} from 2
02:55:12.909 [raft-server-1] TRACE i.a.p.raft.roles.LeaderAppender - RaftServer{1} - Committed entries up to 12
02:55:13.050 [raft-server-3] TRACE i.a.p.raft.roles.FollowerRole - RaftServer{3}{role=FOLLOWER} - Committed entries up to index 11
02:55:13.050 [raft-server-3] TRACE i.a.p.raft.roles.FollowerRole - RaftServer{3}{role=FOLLOWER} - Sending AppendResponse{status=OK, term=1, succeeded=true, lastLogIndex=11}
02:55:13.050 [raft-server-3-state] TRACE i.a.p.raft.impl.RaftServiceManager - RaftServer{3} - Applying Indexed{index=11, entry=CommandEntry{term=1, timestamp=2018-06-09 02:55:12,412, session=2, sequence=7, operation=PrimitiveOperation{id=DefaultOperationId{id=write, type=COMMAND}, value=byte[]{length=17, hash=-1644578928}}}}
02:55:13.050 [raft-server-3-state] TRACE i.a.p.s.impl.DefaultServiceExecutor - PrimitiveService{2}{type=io.atomix.protocols.raft.RaftTest$TestPrimitiveType@34b8c602, name=raft-test} - Executing DefaultCommit{index=11, session=RaftSession{RaftServiceContext{server=3, type=io.atomix.protocols.raft.RaftTest$TestPrimitiveType@34b8c602, name=raft-test, id=2}, session=2, timestamp=2018-06-09 02:55:12,412}, time=2018-06-09 02:55:12,412, operation=DefaultOperationId{id=write, type=COMMAND}, value=byte[]{length=17, hash=-1644578928}}
02:55:13.181 [raft-server-1] TRACE i.a.p.raft.roles.LeaderAppender - RaftServer{1} - Sending AppendRequest{term=1, leader=1, prevLogIndex=11, prevLogTerm=1, entries=1, commitIndex=12} to 3
02:55:13.181 [raft-server-3] TRACE i.a.p.raft.roles.FollowerRole - RaftServer{3}{role=FOLLOWER} - Received AppendRequest{term=1, leader=1, prevLogIndex=11, prevLogTerm=1, entries=1, commitIndex=12}
02:55:13.181 [raft-server-1] TRACE i.a.p.raft.roles.LeaderAppender - RaftServer{1} - Sending AppendRequest{term=1, leader=1, prevLogIndex=12, prevLogTerm=1, entries=0, commitIndex=12} to 2
02:55:13.181 [raft-server-1] TRACE i.a.p.raft.roles.LeaderAppender - RaftServer{1} - Received AppendResponse{status=OK, term=1, succeeded=true, lastLogIndex=11} from 3
02:55:13.181 [raft-server-2] TRACE i.a.p.raft.roles.FollowerRole - RaftServer{2}{role=FOLLOWER} - Received AppendRequest{term=1, leader=1, prevLogIndex=12, prevLogTerm=1, entries=0, commitIndex=12}
02:55:13.181 [raft-server-3] TRACE i.a.p.raft.roles.FollowerRole - RaftServer{3}{role=FOLLOWER} - Appended Indexed{index=12, entry=CommandEntry{term=1, timestamp=2018-06-09 02:55:12,909, session=2, sequence=8, operation=PrimitiveOperation{id=DefaultOperationId{id=write, type=COMMAND}, value=byte[]{length=17, hash=-1644578928}}}}
02:55:13.181 [raft-server-1-state] TRACE i.a.p.raft.impl.RaftServiceManager - RaftServer{1} - Applying Indexed{index=12, entry=CommandEntry{term=1, timestamp=2018-06-09 02:55:12,909, session=2, sequence=8, operation=PrimitiveOperation{id=DefaultOperationId{id=write, type=COMMAND}, value=byte[]{length=17, hash=-1644578928}}}}
02:55:13.181 [raft-server-1-state] TRACE i.a.p.s.impl.DefaultServiceExecutor - PrimitiveService{2}{type=io.atomix.protocols.raft.RaftTest$TestPrimitiveType@60cd3cc, name=raft-test} - Executing DefaultCommit{index=12, session=RaftSession{RaftServiceContext{server=1, type=io.atomix.protocols.raft.RaftTest$TestPrimitiveType@60cd3cc, name=raft-test, id=2}, session=2, timestamp=2018-06-09 02:55:12,909}, time=2018-06-09 02:55:12,909, operation=DefaultOperationId{id=write, type=COMMAND}, value=byte[]{length=17, hash=-1644578928}}
02:55:13.182 [raft-server-1-state] TRACE i.a.protocols.raft.roles.LeaderRole - RaftServer{1}{role=LEADER} - Sending CommandResponse{status=OK, index=12, eventIndex=2, result=byte[]{length=2, hash=1264}}
02:55:13.182 [raft-client-6c0a1bb2-986e-47f7-86e2-6a736c947544-3] TRACE i.a.p.r.p.impl.RaftProxyConnection - ProxySession{2}{type=io.atomix.protocols.raft.RaftTest$TestPrimitiveType@35bfa1bb, name=raft-test} - Received CommandResponse{status=OK, index=12, eventIndex=2, result=byte[]{length=2, hash=1264}} from 1
02:55:13.182 [raft-client-6c0a1bb2-986e-47f7-86e2-6a736c947544-3] TRACE i.a.p.r.p.impl.RaftProxySequencer - ProxySession{2}{type=io.atomix.protocols.raft.RaftTest$TestPrimitiveType@35bfa1bb, name=raft-test} - Completing response CommandResponse{status=OK, index=12, eventIndex=2, result=byte[]{length=2, hash=1264}}
02:55:13.182 [raft-client-6c0a1bb2-986e-47f7-86e2-6a736c947544-3] TRACE i.a.p.r.p.impl.RaftProxyConnection - ProxySession{2}{type=io.atomix.protocols.raft.RaftTest$TestPrimitiveType@35bfa1bb, name=raft-test} - Sending CommandRequest{session=2, sequence=9, operation=PrimitiveOperation{id=DefaultOperationId{id=write, type=COMMAND}, value=byte[]{length=17, hash=-1644578928}}} to 1
02:55:13.182 [raft-server-1] TRACE i.a.protocols.raft.roles.LeaderRole - RaftServer{1}{role=LEADER} - Received CommandRequest{session=2, sequence=9, operation=PrimitiveOperation{id=DefaultOperationId{id=write, type=COMMAND}, value=byte[]{length=17, hash=-1644578928}}}
02:55:13.183 [raft-server-1] TRACE i.a.protocols.raft.roles.LeaderRole - RaftServer{1}{role=LEADER} - Appended Indexed{index=13, entry=CommandEntry{term=1, timestamp=2018-06-09 02:55:13,182, session=2, sequence=9, operation=PrimitiveOperation{id=DefaultOperationId{id=write, type=COMMAND}, value=byte[]{length=17, hash=-1644578928}}}}
02:55:13.303 [raft-server-2] TRACE i.a.p.raft.roles.FollowerRole - RaftServer{2}{role=FOLLOWER} - Committed entries up to index 12
02:55:13.303 [raft-server-2] TRACE i.a.p.raft.roles.FollowerRole - RaftServer{2}{role=FOLLOWER} - Sending AppendResponse{status=OK, term=1, succeeded=true, lastLogIndex=12}
02:55:13.303 [raft-server-3] TRACE i.a.p.raft.roles.FollowerRole - RaftServer{3}{role=FOLLOWER} - Committed entries up to index 12
02:55:13.303 [raft-server-3] TRACE i.a.p.raft.roles.FollowerRole - RaftServer{3}{role=FOLLOWER} - Sending AppendResponse{status=OK, term=1, succeeded=true, lastLogIndex=12}
02:55:13.303 [raft-server-1] TRACE i.a.p.raft.roles.LeaderAppender - RaftServer{1} - Received AppendResponse{status=OK, term=1, succeeded=true, lastLogIndex=12} from 2
02:55:13.303 [raft-server-2-state] TRACE i.a.p.raft.impl.RaftServiceManager - RaftServer{2} - Applying Indexed{index=12, entry=CommandEntry{term=1, timestamp=2018-06-09 02:55:12,909, session=2, sequence=8, operation=PrimitiveOperation{id=DefaultOperationId{id=write, type=COMMAND}, value=byte[]{length=17, hash=-1644578928}}}}
02:55:13.303 [raft-server-1] TRACE i.a.p.raft.roles.LeaderAppender - RaftServer{1} - Sending AppendRequest{term=1, leader=1, prevLogIndex=12, prevLogTerm=1, entries=1, commitIndex=12} to 2
02:55:13.303 [raft-server-3-state] TRACE i.a.p.raft.impl.RaftServiceManager - RaftServer{3} - Applying Indexed{index=12, entry=CommandEntry{term=1, timestamp=2018-06-09 02:55:12,909, session=2, sequence=8, operation=PrimitiveOperation{id=DefaultOperationId{id=write, type=COMMAND}, value=byte[]{length=17, hash=-1644578928}}}}
02:55:13.303 [raft-server-2-state] TRACE i.a.p.s.impl.DefaultServiceExecutor - PrimitiveService{2}{type=io.atomix.protocols.raft.RaftTest$TestPrimitiveType@21189677, name=raft-test} - Executing DefaultCommit{index=12, session=RaftSession{RaftServiceContext{server=2, type=io.atomix.protocols.raft.RaftTest$TestPrimitiveType@21189677, name=raft-test, id=2}, session=2, timestamp=2018-06-09 02:55:12,909}, time=2018-06-09 02:55:12,909, operation=DefaultOperationId{id=write, type=COMMAND}, value=byte[]{length=17, hash=-1644578928}}
02:55:13.303 [raft-server-2] TRACE i.a.p.raft.roles.FollowerRole - RaftServer{2}{role=FOLLOWER} - Received AppendRequest{term=1, leader=1, prevLogIndex=12, prevLogTerm=1, entries=1, commitIndex=12}
02:55:13.303 [raft-server-1] TRACE i.a.p.raft.roles.LeaderAppender - RaftServer{1} - Sending AppendRequest{term=1, leader=1, prevLogIndex=12, prevLogTerm=1, entries=1, commitIndex=12} to 3
02:55:13.303 [raft-server-3-state] TRACE i.a.p.s.impl.DefaultServiceExecutor - PrimitiveService{2}{type=io.atomix.protocols.raft.RaftTest$TestPrimitiveType@34b8c602, name=raft-test} - Executing DefaultCommit{index=12, session=RaftSession{RaftServiceContext{server=3, type=io.atomix.protocols.raft.RaftTest$TestPrimitiveType@34b8c602, name=raft-test, id=2}, session=2, timestamp=2018-06-09 02:55:12,909}, time=2018-06-09 02:55:12,909, operation=DefaultOperationId{id=write, type=COMMAND}, value=byte[]{length=17, hash=-1644578928}}
02:55:13.303 [raft-server-1] TRACE i.a.p.raft.roles.LeaderAppender - RaftServer{1} - Received AppendResponse{status=OK, term=1, succeeded=true, lastLogIndex=12} from 3
02:55:13.303 [raft-server-2] TRACE i.a.p.raft.roles.FollowerRole - RaftServer{2}{role=FOLLOWER} - Appended Indexed{index=13, entry=CommandEntry{term=1, timestamp=2018-06-09 02:55:13,182, session=2, sequence=9, operation=PrimitiveOperation{id=DefaultOperationId{id=write, type=COMMAND}, value=byte[]{length=17, hash=-1644578928}}}}
02:55:13.303 [raft-server-3] TRACE i.a.p.raft.roles.FollowerRole - RaftServer{3}{role=FOLLOWER} - Received AppendRequest{term=1, leader=1, prevLogIndex=12, prevLogTerm=1, entries=1, commitIndex=12}
02:55:13.303 [raft-server-2] TRACE i.a.p.raft.roles.FollowerRole - RaftServer{2}{role=FOLLOWER} - Sending AppendResponse{status=OK, term=1, succeeded=true, lastLogIndex=13}
02:55:13.304 [raft-server-1] TRACE i.a.p.raft.roles.LeaderAppender - RaftServer{1} - Received AppendResponse{status=OK, term=1, succeeded=true, lastLogIndex=13} from 2
02:55:13.304 [raft-server-1] TRACE i.a.p.raft.roles.LeaderAppender - RaftServer{1} - Committed entries up to 13
02:55:13.304 [raft-server-3] TRACE i.a.p.raft.roles.FollowerRole - RaftServer{3}{role=FOLLOWER} - Appended Indexed{index=13, entry=CommandEntry{term=1, timestamp=2018-06-09 02:55:13,182, session=2, sequence=9, operation=PrimitiveOperation{id=DefaultOperationId{id=write, type=COMMAND}, value=byte[]{length=17, hash=-1644578928}}}}
02:55:13.304 [raft-server-3] TRACE i.a.p.raft.roles.FollowerRole - RaftServer{3}{role=FOLLOWER} - Sending AppendResponse{status=OK, term=1, succeeded=true, lastLogIndex=13}
02:55:13.361 [raft-client-6c0a1bb2-986e-47f7-86e2-6a736c947544-2] TRACE i.a.p.r.proxy.impl.RaftProxyManager - RaftClient{6c0a1bb2-986e-47f7-86e2-6a736c947544} - Keeping 1 sessions alive
02:55:13.361 [raft-client-6c0a1bb2-986e-47f7-86e2-6a736c947544-2] TRACE i.a.p.r.p.impl.RaftProxyConnection - RaftClient{6c0a1bb2-986e-47f7-86e2-6a736c947544} - Sending KeepAliveRequest{sessionIds=long[]{length=1, hash=33}, commandSequences=long[]{length=1, hash=39}, eventIndexes=long[]{length=1, hash=33}} to 2
02:55:13.361 [raft-server-2] TRACE i.a.p.raft.roles.FollowerRole - RaftServer{2}{role=FOLLOWER} - Received KeepAliveRequest{sessionIds=long[]{length=1, hash=33}, commandSequences=long[]{length=1, hash=39}, eventIndexes=long[]{length=1, hash=33}}
02:55:13.386 [raft-server-1] TRACE i.a.p.raft.roles.LeaderAppender - RaftServer{1} - Received AppendResponse{status=OK, term=1, succeeded=true, lastLogIndex=13} from 3
02:55:13.386 [raft-server-1] TRACE i.a.protocols.raft.roles.LeaderRole - RaftServer{1}{role=LEADER} - Received KeepAliveRequest{sessionIds=long[]{length=1, hash=33}, commandSequences=long[]{length=1, hash=39}, eventIndexes=long[]{length=1, hash=33}}
02:55:13.386 [raft-server-1] TRACE i.a.protocols.raft.roles.LeaderRole - RaftServer{1}{role=LEADER} - Appended Indexed{index=14, entry=KeepAliveEntry{term=1, timestamp=2018-06-09 02:55:13,386, sessionIds=long[]{length=1, hash=33}, commandSequences=long[]{length=1, hash=39}, eventIndexes=long[]{length=1, hash=33}}}
02:55:13.386 [raft-server-1] TRACE i.a.p.raft.roles.LeaderAppender - RaftServer{1} - Sending AppendRequest{term=1, leader=1, prevLogIndex=13, prevLogTerm=1, entries=1, commitIndex=13} to 3
02:55:13.386 [raft-server-1-state] TRACE i.a.p.raft.impl.RaftServiceManager - RaftServer{1} - Applying Indexed{index=13, entry=CommandEntry{term=1, timestamp=2018-06-09 02:55:13,182, session=2, sequence=9, operation=PrimitiveOperation{id=DefaultOperationId{id=write, type=COMMAND}, value=byte[]{length=17, hash=-1644578928}}}}
02:55:13.386 [raft-server-3] TRACE i.a.p.raft.roles.FollowerRole - RaftServer{3}{role=FOLLOWER} - Received AppendRequest{term=1, leader=1, prevLogIndex=13, prevLogTerm=1, entries=1, commitIndex=13}
02:55:13.386 [raft-server-1] TRACE i.a.p.raft.roles.LeaderAppender - RaftServer{1} - Sending AppendRequest{term=1, leader=1, prevLogIndex=13, prevLogTerm=1, entries=1, commitIndex=13} to 2
02:55:13.386 [raft-server-1-state] TRACE i.a.p.s.impl.DefaultServiceExecutor - PrimitiveService{2}{type=io.atomix.protocols.raft.RaftTest$TestPrimitiveType@60cd3cc, name=raft-test} - Executing DefaultCommit{index=13, session=RaftSession{RaftServiceContext{server=1, type=io.atomix.protocols.raft.RaftTest$TestPrimitiveType@60cd3cc, name=raft-test, id=2}, session=2, timestamp=2018-06-09 02:55:13,182}, time=2018-06-09 02:55:13,182, operation=DefaultOperationId{id=write, type=COMMAND}, value=byte[]{length=17, hash=-1644578928}}
02:55:13.386 [raft-server-2] TRACE i.a.p.raft.roles.FollowerRole - RaftServer{2}{role=FOLLOWER} - Received AppendRequest{term=1, leader=1, prevLogIndex=13, prevLogTerm=1, entries=1, commitIndex=13}
02:55:13.387 [raft-server-3] TRACE i.a.p.raft.roles.FollowerRole - RaftServer{3}{role=FOLLOWER} - Appended Indexed{index=14, entry=KeepAliveEntry{term=1, timestamp=2018-06-09 02:55:13,386, sessionIds=long[]{length=1, hash=33}, commandSequences=long[]{length=1, hash=39}, eventIndexes=long[]{length=1, hash=33}}}
02:55:13.387 [raft-server-1-state] TRACE i.a.protocols.raft.roles.LeaderRole - RaftServer{1}{role=LEADER} - Sending CommandResponse{status=OK, index=13, eventIndex=2, result=byte[]{length=2, hash=1266}}
02:55:13.387 [raft-server-2] TRACE i.a.p.raft.roles.FollowerRole - RaftServer{2}{role=FOLLOWER} - Appended Indexed{index=14, entry=KeepAliveEntry{term=1, timestamp=2018-06-09 02:55:13,386, sessionIds=long[]{length=1, hash=33}, commandSequences=long[]{length=1, hash=39}, eventIndexes=long[]{length=1, hash=33}}}
02:55:13.387 [raft-client-6c0a1bb2-986e-47f7-86e2-6a736c947544-5] TRACE i.a.p.r.p.impl.RaftProxyConnection - ProxySession{2}{type=io.atomix.protocols.raft.RaftTest$TestPrimitiveType@35bfa1bb, name=raft-test} - Received CommandResponse{status=OK, index=13, eventIndex=2, result=byte[]{length=2, hash=1266}} from 1
02:55:13.387 [raft-client-6c0a1bb2-986e-47f7-86e2-6a736c947544-5] TRACE i.a.p.r.p.impl.RaftProxySequencer - ProxySession{2}{type=io.atomix.protocols.raft.RaftTest$TestPrimitiveType@35bfa1bb, name=raft-test} - Completing response CommandResponse{status=OK, index=13, eventIndex=2, result=byte[]{length=2, hash=1266}}
02:55:13.387 [raft-client-6c0a1bb2-986e-47f7-86e2-6a736c947544-3] TRACE i.a.p.r.p.impl.RaftProxyConnection - ProxySession{2}{type=io.atomix.protocols.raft.RaftTest$TestPrimitiveType@35bfa1bb, name=raft-test} - Sending CommandRequest{session=2, sequence=10, operation=PrimitiveOperation{id=DefaultOperationId{id=write, type=COMMAND}, value=byte[]{length=17, hash=-1644578928}}} to 1
02:55:13.387 [raft-server-1] TRACE i.a.protocols.raft.roles.LeaderRole - RaftServer{1}{role=LEADER} - Received CommandRequest{session=2, sequence=10, operation=PrimitiveOperation{id=DefaultOperationId{id=write, type=COMMAND}, value=byte[]{length=17, hash=-1644578928}}}
02:55:13.387 [raft-server-1] TRACE i.a.protocols.raft.roles.LeaderRole - RaftServer{1}{role=LEADER} - Appended Indexed{index=15, entry=CommandEntry{term=1, timestamp=2018-06-09 02:55:13,387, session=2, sequence=10, operation=PrimitiveOperation{id=DefaultOperationId{id=write, type=COMMAND}, value=byte[]{length=17, hash=-1644578928}}}}
02:55:13.471 [raft-server-1] TRACE i.a.p.raft.roles.LeaderAppender - RaftServer{1} - Sending AppendRequest{term=1, leader=1, prevLogIndex=14, prevLogTerm=1, entries=1, commitIndex=13} to 3
02:55:13.471 [raft-server-1] TRACE i.a.p.raft.roles.LeaderAppender - RaftServer{1} - Sending AppendRequest{term=1, leader=1, prevLogIndex=14, prevLogTerm=1, entries=1, commitIndex=13} to 2
02:55:13.486 [raft-server-3] TRACE i.a.p.raft.roles.FollowerRole - RaftServer{3}{role=FOLLOWER} - Committed entries up to index 13
02:55:13.486 [raft-server-3] TRACE i.a.p.raft.roles.FollowerRole - RaftServer{3}{role=FOLLOWER} - Sending AppendResponse{status=OK, term=1, succeeded=true, lastLogIndex=14}
02:55:13.486 [raft-server-2] TRACE i.a.p.raft.roles.FollowerRole - RaftServer{2}{role=FOLLOWER} - Committed entries up to index 13
02:55:13.486 [raft-server-3] TRACE i.a.p.raft.roles.FollowerRole - RaftServer{3}{role=FOLLOWER} - Received AppendRequest{term=1, leader=1, prevLogIndex=14, prevLogTerm=1, entries=1, commitIndex=13}
02:55:13.486 [raft-server-1] TRACE i.a.p.raft.roles.LeaderAppender - RaftServer{1} - Received AppendResponse{status=OK, term=1, succeeded=true, lastLogIndex=14} from 3
02:55:13.486 [raft-server-2] TRACE i.a.p.raft.roles.FollowerRole - RaftServer{2}{role=FOLLOWER} - Sending AppendResponse{status=OK, term=1, succeeded=true, lastLogIndex=14}
02:55:13.486 [raft-server-1] TRACE i.a.p.raft.roles.LeaderAppender - RaftServer{1} - Committed entries up to 14
02:55:13.486 [raft-server-2] TRACE i.a.p.raft.roles.FollowerRole - RaftServer{2}{role=FOLLOWER} - Received AppendRequest{term=1, leader=1, prevLogIndex=14, prevLogTerm=1, entries=1, commitIndex=13}
02:55:13.486 [raft-server-3] TRACE i.a.p.raft.roles.FollowerRole - RaftServer{3}{role=FOLLOWER} - Appended Indexed{index=15, entry=CommandEntry{term=1, timestamp=2018-06-09 02:55:13,387, session=2, sequence=10, operation=PrimitiveOperation{id=DefaultOperationId{id=write, type=COMMAND}, value=byte[]{length=17, hash=-1644578928}}}}
02:55:13.487 [raft-server-2] TRACE i.a.p.raft.roles.FollowerRole - RaftServer{2}{role=FOLLOWER} - Appended Indexed{index=15, entry=CommandEntry{term=1, timestamp=2018-06-09 02:55:13,387, session=2, sequence=10, operation=PrimitiveOperation{id=DefaultOperationId{id=write, type=COMMAND}, value=byte[]{length=17, hash=-1644578928}}}}
02:55:13.487 [raft-server-3] TRACE i.a.p.raft.roles.FollowerRole - RaftServer{3}{role=FOLLOWER} - Sending AppendResponse{status=OK, term=1, succeeded=true, lastLogIndex=15}
02:55:13.487 [raft-server-2] TRACE i.a.p.raft.roles.FollowerRole - RaftServer{2}{role=FOLLOWER} - Sending AppendResponse{status=OK, term=1, succeeded=true, lastLogIndex=15}
02:55:13.487 [raft-server-3-state] TRACE i.a.p.raft.impl.RaftServiceManager - RaftServer{3} - Applying Indexed{index=13, entry=CommandEntry{term=1, timestamp=2018-06-09 02:55:13,182, session=2, sequence=9, operation=PrimitiveOperation{id=DefaultOperationId{id=write, type=COMMAND}, value=byte[]{length=17, hash=-1644578928}}}}
02:55:13.487 [raft-server-2-state] TRACE i.a.p.raft.impl.RaftServiceManager - RaftServer{2} - Applying Indexed{index=13, entry=CommandEntry{term=1, timestamp=2018-06-09 02:55:13,182, session=2, sequence=9, operation=PrimitiveOperation{id=DefaultOperationId{id=write, type=COMMAND}, value=byte[]{length=17, hash=-1644578928}}}}
02:55:13.487 [raft-server-3-state] TRACE i.a.p.s.impl.DefaultServiceExecutor - PrimitiveService{2}{type=io.atomix.protocols.raft.RaftTest$TestPrimitiveType@34b8c602, name=raft-test} - Executing DefaultCommit{index=13, session=RaftSession{RaftServiceContext{server=3, type=io.atomix.protocols.raft.RaftTest$TestPrimitiveType@34b8c602, name=raft-test, id=2}, session=2, timestamp=2018-06-09 02:55:13,182}, time=2018-06-09 02:55:13,182, operation=DefaultOperationId{id=write, type=COMMAND}, value=byte[]{length=17, hash=-1644578928}}
02:55:13.487 [raft-server-2-state] TRACE i.a.p.s.impl.DefaultServiceExecutor - PrimitiveService{2}{type=io.atomix.protocols.raft.RaftTest$TestPrimitiveType@21189677, name=raft-test} - Executing DefaultCommit{index=13, session=RaftSession{RaftServiceContext{server=2, type=io.atomix.protocols.raft.RaftTest$TestPrimitiveType@21189677, name=raft-test, id=2}, session=2, timestamp=2018-06-09 02:55:13,182}, time=2018-06-09 02:55:13,182, operation=DefaultOperationId{id=write, type=COMMAND}, value=byte[]{length=17, hash=-1644578928}}
02:55:13.619 [raft-server-1] TRACE i.a.p.raft.roles.LeaderAppender - RaftServer{1} - Received AppendResponse{status=OK, term=1, succeeded=true, lastLogIndex=14} from 2
02:55:13.620 [raft-server-1] TRACE i.a.p.raft.roles.LeaderAppender - RaftServer{1} - Received AppendResponse{status=OK, term=1, succeeded=true, lastLogIndex=15} from 3
02:55:13.620 [raft-server-1] TRACE i.a.p.raft.roles.LeaderAppender - RaftServer{1} - Committed entries up to 15
02:55:13.717 [raft-server-1] TRACE i.a.p.raft.roles.LeaderAppender - RaftServer{1} - Sending AppendRequest{term=1, leader=1, prevLogIndex=15, prevLogTerm=1, entries=0, commitIndex=15} to 3
02:55:13.717 [raft-server-1] TRACE i.a.p.raft.roles.LeaderAppender - RaftServer{1} - Received AppendResponse{status=OK, term=1, succeeded=true, lastLogIndex=15} from 2
02:55:13.717 [raft-server-3] TRACE i.a.p.raft.roles.FollowerRole - RaftServer{3}{role=FOLLOWER} - Received AppendRequest{term=1, leader=1, prevLogIndex=15, prevLogTerm=1, entries=0, commitIndex=15}
02:55:13.717 [raft-server-1] TRACE i.a.p.raft.roles.LeaderAppender - RaftServer{1} - Sending AppendRequest{term=1, leader=1, prevLogIndex=15, prevLogTerm=1, entries=0, commitIndex=15} to 2
02:55:13.717 [raft-server-2] TRACE i.a.p.raft.roles.FollowerRole - RaftServer{2}{role=FOLLOWER} - Received AppendRequest{term=1, leader=1, prevLogIndex=15, prevLogTerm=1, entries=0, commitIndex=15}
02:55:13.717 [raft-server-1-state] TRACE i.a.p.raft.impl.RaftServiceManager - RaftServer{1} - Applying Indexed{index=14, entry=KeepAliveEntry{term=1, timestamp=2018-06-09 02:55:13,386, sessionIds=long[]{length=1, hash=33}, commandSequences=long[]{length=1, hash=39}, eventIndexes=long[]{length=1, hash=33}}}
02:55:13.717 [raft-server-1-state] TRACE i.a.p.raft.impl.RaftServiceManager - RaftServer{1} - Applying Indexed{index=15, entry=CommandEntry{term=1, timestamp=2018-06-09 02:55:13,387, session=2, sequence=10, operation=PrimitiveOperation{id=DefaultOperationId{id=write, type=COMMAND}, value=byte[]{length=17, hash=-1644578928}}}}
02:55:13.717 [raft-server-1-state] TRACE i.a.p.s.impl.DefaultServiceExecutor - PrimitiveService{2}{type=io.atomix.protocols.raft.RaftTest$TestPrimitiveType@60cd3cc, name=raft-test} - Executing DefaultCommit{index=15, session=RaftSession{RaftServiceContext{server=1, type=io.atomix.protocols.raft.RaftTest$TestPrimitiveType@60cd3cc, name=raft-test, id=2}, session=2, timestamp=2018-06-09 02:55:13,387}, time=2018-06-09 02:55:13,387, operation=DefaultOperationId{id=write, type=COMMAND}, value=byte[]{length=17, hash=-1644578928}}
02:55:13.717 [raft-server-1-state] TRACE i.a.protocols.raft.roles.LeaderRole - RaftServer{1}{role=LEADER} - Sending CommandResponse{status=OK, index=15, eventIndex=2, result=byte[]{length=2, hash=1270}}
02:55:13.718 [raft-client-6c0a1bb2-986e-47f7-86e2-6a736c947544-4] TRACE i.a.p.r.p.impl.RaftProxyConnection - ProxySession{2}{type=io.atomix.protocols.raft.RaftTest$TestPrimitiveType@35bfa1bb, name=raft-test} - Received CommandResponse{status=OK, index=15, eventIndex=2, result=byte[]{length=2, hash=1270}} from 1
02:55:13.718 [raft-client-6c0a1bb2-986e-47f7-86e2-6a736c947544-4] TRACE i.a.p.r.p.impl.RaftProxySequencer - ProxySession{2}{type=io.atomix.protocols.raft.RaftTest$TestPrimitiveType@35bfa1bb, name=raft-test} - Completing response CommandResponse{status=OK, index=15, eventIndex=2, result=byte[]{length=2, hash=1270}}
02:55:13.718 [raft-server-1] TRACE i.a.protocols.raft.roles.LeaderRole - RaftServer{1}{role=LEADER} - Sending KeepAliveResponse{status=OK, leader=1, members=[1, 3, 2], sessionIds=long[]{length=1, hash=33}}
02:55:13.719 [raft-client-6c0a1bb2-986e-47f7-86e2-6a736c947544-4] TRACE i.a.p.r.p.impl.RaftProxyConnection - ProxySession{2}{type=io.atomix.protocols.raft.RaftTest$TestPrimitiveType@35bfa1bb, name=raft-test} - Sending CommandRequest{session=2, sequence=11, operation=PrimitiveOperation{id=DefaultOperationId{id=write, type=COMMAND}, value=byte[]{length=17, hash=-1644578928}}} to 1
02:55:13.719 [raft-server-1] TRACE i.a.protocols.raft.roles.LeaderRole - RaftServer{1}{role=LEADER} - Received CommandRequest{session=2, sequence=11, operation=PrimitiveOperation{id=DefaultOperationId{id=write, type=COMMAND}, value=byte[]{length=17, hash=-1644578928}}}
02:55:13.719 [raft-server-1] TRACE i.a.protocols.raft.roles.LeaderRole - RaftServer{1}{role=LEADER} - Appended Indexed{index=16, entry=CommandEntry{term=1, timestamp=2018-06-09 02:55:13,719, session=2, sequence=11, operation=PrimitiveOperation{id=DefaultOperationId{id=write, type=COMMAND}, value=byte[]{length=17, hash=-1644578928}}}}
02:55:13.819 [raft-server-3] TRACE i.a.p.raft.roles.FollowerRole - RaftServer{3}{role=FOLLOWER} - Committed entries up to index 15
02:55:13.819 [raft-server-2] TRACE i.a.p.raft.roles.FollowerRole - RaftServer{2}{role=FOLLOWER} - Committed entries up to index 15
02:55:13.819 [raft-server-3] TRACE i.a.p.raft.roles.FollowerRole - RaftServer{3}{role=FOLLOWER} - Sending AppendResponse{status=OK, term=1, succeeded=true, lastLogIndex=15}
02:55:13.819 [raft-server-2] TRACE i.a.p.raft.roles.FollowerRole - RaftServer{2}{role=FOLLOWER} - Sending AppendResponse{status=OK, term=1, succeeded=true, lastLogIndex=15}
02:55:13.820 [raft-server-2] TRACE i.a.p.raft.roles.FollowerRole - RaftServer{2}{role=FOLLOWER} - Sending KeepAliveResponse{status=OK, leader=1, members=[1, 3, 2], sessionIds=long[]{length=1, hash=33}}
02:55:13.820 [raft-server-3-state] TRACE i.a.p.raft.impl.RaftServiceManager - RaftServer{3} - Applying Indexed{index=14, entry=KeepAliveEntry{term=1, timestamp=2018-06-09 02:55:13,386, sessionIds=long[]{length=1, hash=33}, commandSequences=long[]{length=1, hash=39}, eventIndexes=long[]{length=1, hash=33}}}
02:55:13.820 [raft-server-1] TRACE i.a.p.raft.roles.LeaderAppender - RaftServer{1} - Received AppendResponse{status=OK, term=1, succeeded=true, lastLogIndex=15} from 3
02:55:13.820 [raft-client-6c0a1bb2-986e-47f7-86e2-6a736c947544-2] TRACE i.a.p.r.p.impl.RaftProxyConnection - RaftClient{6c0a1bb2-986e-47f7-86e2-6a736c947544} - Received KeepAliveResponse{status=OK, leader=1, members=[1, 3, 2], sessionIds=long[]{length=1, hash=33}} from 2
02:55:13.820 [raft-server-2-state] TRACE i.a.p.raft.impl.RaftServiceManager - RaftServer{2} - Applying Indexed{index=14, entry=KeepAliveEntry{term=1, timestamp=2018-06-09 02:55:13,386, sessionIds=long[]{length=1, hash=33}, commandSequences=long[]{length=1, hash=39}, eventIndexes=long[]{length=1, hash=33}}}
02:55:13.820 [raft-server-1] TRACE i.a.p.raft.roles.LeaderAppender - RaftServer{1} - Sending AppendRequest{term=1, leader=1, prevLogIndex=15, prevLogTerm=1, entries=1, commitIndex=15} to 3
02:55:13.820 [raft-server-3-state] TRACE i.a.p.raft.impl.RaftServiceManager - RaftServer{3} - Applying Indexed{index=15, entry=CommandEntry{term=1, timestamp=2018-06-09 02:55:13,387, session=2, sequence=10, operation=PrimitiveOperation{id=DefaultOperationId{id=write, type=COMMAND}, value=byte[]{length=17, hash=-1644578928}}}}
02:55:13.820 [raft-server-3] TRACE i.a.p.raft.roles.FollowerRole - RaftServer{3}{role=FOLLOWER} - Received AppendRequest{term=1, leader=1, prevLogIndex=15, prevLogTerm=1, entries=1, commitIndex=15}
02:55:13.820 [raft-server-2-state] TRACE i.a.p.raft.impl.RaftServiceManager - RaftServer{2} - Applying Indexed{index=15, entry=CommandEntry{term=1, timestamp=2018-06-09 02:55:13,387, session=2, sequence=10, operation=PrimitiveOperation{id=DefaultOperationId{id=write, type=COMMAND}, value=byte[]{length=17, hash=-1644578928}}}}
02:55:13.820 [raft-server-1] TRACE i.a.p.raft.roles.LeaderAppender - RaftServer{1} - Sending AppendRequest{term=1, leader=1, prevLogIndex=15, prevLogTerm=1, entries=1, commitIndex=15} to 2
02:55:13.820 [raft-server-3-state] TRACE i.a.p.s.impl.DefaultServiceExecutor - PrimitiveService{2}{type=io.atomix.protocols.raft.RaftTest$TestPrimitiveType@34b8c602, name=raft-test} - Executing DefaultCommit{index=15, session=RaftSession{RaftServiceContext{server=3, type=io.atomix.protocols.raft.RaftTest$TestPrimitiveType@34b8c602, name=raft-test, id=2}, session=2, timestamp=2018-06-09 02:55:13,387}, time=2018-06-09 02:55:13,387, operation=DefaultOperationId{id=write, type=COMMAND}, value=byte[]{length=17, hash=-1644578928}}
02:55:13.820 [raft-server-2-state] TRACE i.a.p.s.impl.DefaultServiceExecutor - PrimitiveService{2}{type=io.atomix.protocols.raft.RaftTest$TestPrimitiveType@21189677, name=raft-test} - Executing DefaultCommit{index=15, session=RaftSession{RaftServiceContext{server=2, type=io.atomix.protocols.raft.RaftTest$TestPrimitiveType@21189677, name=raft-test, id=2}, session=2, timestamp=2018-06-09 02:55:13,387}, time=2018-06-09 02:55:13,387, operation=DefaultOperationId{id=write, type=COMMAND}, value=byte[]{length=17, hash=-1644578928}}
02:55:13.820 [raft-server-2] TRACE i.a.p.raft.roles.FollowerRole - RaftServer{2}{role=FOLLOWER} - Received AppendRequest{term=1, leader=1, prevLogIndex=15, prevLogTerm=1, entries=1, commitIndex=15}
02:55:13.820 [raft-server-1] TRACE i.a.p.raft.roles.LeaderAppender - RaftServer{1} - Received AppendResponse{status=OK, term=1, succeeded=true, lastLogIndex=15} from 2
02:55:13.820 [raft-server-3] TRACE i.a.p.raft.roles.FollowerRole - RaftServer{3}{role=FOLLOWER} - Appended Indexed{index=16, entry=CommandEntry{term=1, timestamp=2018-06-09 02:55:13,719, session=2, sequence=11, operation=PrimitiveOperation{id=DefaultOperationId{id=write, type=COMMAND}, value=byte[]{length=17, hash=-1644578928}}}}
02:55:13.821 [raft-server-2] TRACE i.a.p.raft.roles.FollowerRole - RaftServer{2}{role=FOLLOWER} - Appended Indexed{index=16, entry=CommandEntry{term=1, timestamp=2018-06-09 02:55:13,719, session=2, sequence=11, operation=PrimitiveOperation{id=DefaultOperationId{id=write, type=COMMAND}, value=byte[]{length=17, hash=-1644578928}}}}
02:55:13.821 [raft-server-3] TRACE i.a.p.raft.roles.FollowerRole - RaftServer{3}{role=FOLLOWER} - Sending AppendResponse{status=OK, term=1, succeeded=true, lastLogIndex=16}
02:55:13.821 [raft-server-2] TRACE i.a.p.raft.roles.FollowerRole - RaftServer{2}{role=FOLLOWER} - Sending AppendResponse{status=OK, term=1, succeeded=true, lastLogIndex=16}
02:55:13.821 [raft-server-1] TRACE i.a.p.raft.roles.LeaderAppender - RaftServer{1} - Received AppendResponse{status=OK, term=1, succeeded=true, lastLogIndex=16} from 3
02:55:13.821 [raft-server-1] TRACE i.a.p.raft.roles.LeaderAppender - RaftServer{1} - Committed entries up to 16
02:55:13.916 [raft-server-1] TRACE i.a.p.raft.roles.LeaderAppender - RaftServer{1} - Received AppendResponse{status=OK, term=1, succeeded=true, lastLogIndex=16} from 2
02:55:13.916 [raft-server-1-state] TRACE i.a.p.raft.impl.RaftServiceManager - RaftServer{1} - Applying Indexed{index=16, entry=CommandEntry{term=1, timestamp=2018-06-09 02:55:13,719, session=2, sequence=11, operation=PrimitiveOperation{id=DefaultOperationId{id=write, type=COMMAND}, value=byte[]{length=17, hash=-1644578928}}}}
02:55:13.916 [raft-server-1-state] TRACE i.a.p.s.impl.DefaultServiceExecutor - PrimitiveService{2}{type=io.atomix.protocols.raft.RaftTest$TestPrimitiveType@60cd3cc, name=raft-test} - Executing DefaultCommit{index=16, session=RaftSession{RaftServiceContext{server=1, type=io.atomix.protocols.raft.RaftTest$TestPrimitiveType@60cd3cc, name=raft-test, id=2}, session=2, timestamp=2018-06-09 02:55:13,719}, time=2018-06-09 02:55:13,719, operation=DefaultOperationId{id=write, type=COMMAND}, value=byte[]{length=17, hash=-1644578928}}
02:55:13.916 [raft-server-1-state] TRACE i.a.protocols.raft.roles.LeaderRole - RaftServer{1}{role=LEADER} - Sending CommandResponse{status=OK, index=16, eventIndex=2, result=byte[]{length=2, hash=1272}}
02:55:13.916 [raft-client-6c0a1bb2-986e-47f7-86e2-6a736c947544-1] TRACE i.a.p.r.p.impl.RaftProxyConnection - ProxySession{2}{type=io.atomix.protocols.raft.RaftTest$TestPrimitiveType@35bfa1bb, name=raft-test} - Received CommandResponse{status=OK, index=16, eventIndex=2, result=byte[]{length=2, hash=1272}} from 1
02:55:13.917 [raft-client-6c0a1bb2-986e-47f7-86e2-6a736c947544-1] TRACE i.a.p.r.p.impl.RaftProxySequencer - ProxySession{2}{type=io.atomix.protocols.raft.RaftTest$TestPrimitiveType@35bfa1bb, name=raft-test} - Completing response CommandResponse{status=OK, index=16, eventIndex=2, result=byte[]{length=2, hash=1272}}
02:55:13.917 [raft-client-6c0a1bb2-986e-47f7-86e2-6a736c947544-7] TRACE i.a.p.r.p.impl.RaftProxyConnection - ProxySession{2}{type=io.atomix.protocols.raft.RaftTest$TestPrimitiveType@35bfa1bb, name=raft-test} - Sending CommandRequest{session=2, sequence=12, operation=PrimitiveOperation{id=DefaultOperationId{id=write, type=COMMAND}, value=byte[]{length=17, hash=-1644578928}}} to 1
02:55:13.917 [raft-server-1] TRACE i.a.protocols.raft.roles.LeaderRole - RaftServer{1}{role=LEADER} - Received CommandRequest{session=2, sequence=12, operation=PrimitiveOperation{id=DefaultOperationId{id=write, type=COMMAND}, value=byte[]{length=17, hash=-1644578928}}}
02:55:13.918 [raft-server-1] TRACE i.a.protocols.raft.roles.LeaderRole - RaftServer{1}{role=LEADER} - Appended Indexed{index=17, entry=CommandEntry{term=1, timestamp=2018-06-09 02:55:13,918, session=2, sequence=12, operation=PrimitiveOperation{id=DefaultOperationId{id=write, type=COMMAND}, value=byte[]{length=17, hash=-1644578928}}}}
02:55:13.918 [raft-server-1] TRACE i.a.p.raft.roles.LeaderAppender - RaftServer{1} - Sending AppendRequest{term=1, leader=1, prevLogIndex=16, prevLogTerm=1, entries=1, commitIndex=16} to 3
02:55:13.918 [raft-server-1] TRACE i.a.p.raft.roles.LeaderAppender - RaftServer{1} - Sending AppendRequest{term=1, leader=1, prevLogIndex=16, prevLogTerm=1, entries=1, commitIndex=16} to 2
02:55:13.918 [raft-server-2] TRACE i.a.p.raft.roles.FollowerRole - RaftServer{2}{role=FOLLOWER} - Received AppendRequest{term=1, leader=1, prevLogIndex=16, prevLogTerm=1, entries=1, commitIndex=16}
02:55:13.918 [raft-server-2] TRACE i.a.p.raft.roles.FollowerRole - RaftServer{2}{role=FOLLOWER} - Appended Indexed{index=17, entry=CommandEntry{term=1, timestamp=2018-06-09 02:55:13,918, session=2, sequence=12, operation=PrimitiveOperation{id=DefaultOperationId{id=write, type=COMMAND}, value=byte[]{length=17, hash=-1644578928}}}}
02:55:13.918 [raft-server-3] TRACE i.a.p.raft.roles.FollowerRole - RaftServer{3}{role=FOLLOWER} - Received AppendRequest{term=1, leader=1, prevLogIndex=16, prevLogTerm=1, entries=1, commitIndex=16}
02:55:13.919 [raft-server-3] TRACE i.a.p.raft.roles.FollowerRole - RaftServer{3}{role=FOLLOWER} - Appended Indexed{index=17, entry=CommandEntry{term=1, timestamp=2018-06-09 02:55:13,918, session=2, sequence=12, operation=PrimitiveOperation{id=DefaultOperationId{id=write, type=COMMAND}, value=byte[]{length=17, hash=-1644578928}}}}
02:55:14.007 [raft-server-2] TRACE i.a.p.raft.roles.FollowerRole - RaftServer{2}{role=FOLLOWER} - Committed entries up to index 16
02:55:14.007 [raft-server-3] TRACE i.a.p.raft.roles.FollowerRole - RaftServer{3}{role=FOLLOWER} - Committed entries up to index 16
02:55:14.007 [raft-server-2] TRACE i.a.p.raft.roles.FollowerRole - RaftServer{2}{role=FOLLOWER} - Sending AppendResponse{status=OK, term=1, succeeded=true, lastLogIndex=17}
02:55:14.007 [raft-server-3] TRACE i.a.p.raft.roles.FollowerRole - RaftServer{3}{role=FOLLOWER} - Sending AppendResponse{status=OK, term=1, succeeded=true, lastLogIndex=17}
02:55:14.007 [raft-server-1] TRACE i.a.p.raft.roles.LeaderAppender - RaftServer{1} - Received AppendResponse{status=OK, term=1, succeeded=true, lastLogIndex=17} from 2
02:55:14.007 [raft-server-2-state] TRACE i.a.p.raft.impl.RaftServiceManager - RaftServer{2} - Applying Indexed{index=16, entry=CommandEntry{term=1, timestamp=2018-06-09 02:55:13,719, session=2, sequence=11, operation=PrimitiveOperation{id=DefaultOperationId{id=write, type=COMMAND}, value=byte[]{length=17, hash=-1644578928}}}}
02:55:14.007 [raft-server-1] TRACE i.a.p.raft.roles.LeaderAppender - RaftServer{1} - Committed entries up to 17
02:55:14.008 [raft-server-2-state] TRACE i.a.p.s.impl.DefaultServiceExecutor - PrimitiveService{2}{type=io.atomix.protocols.raft.RaftTest$TestPrimitiveType@21189677, name=raft-test} - Executing DefaultCommit{index=16, session=RaftSession{RaftServiceContext{server=2, type=io.atomix.protocols.raft.RaftTest$TestPrimitiveType@21189677, name=raft-test, id=2}, session=2, timestamp=2018-06-09 02:55:13,719}, time=2018-06-09 02:55:13,719, operation=DefaultOperationId{id=write, type=COMMAND}, value=byte[]{length=17, hash=-1644578928}}
02:55:14.008 [raft-server-3-state] TRACE i.a.p.raft.impl.RaftServiceManager - RaftServer{3} - Applying Indexed{index=16, entry=CommandEntry{term=1, timestamp=2018-06-09 02:55:13,719, session=2, sequence=11, operation=PrimitiveOperation{id=DefaultOperationId{id=write, type=COMMAND}, value=byte[]{length=17, hash=-1644578928}}}}
02:55:14.008 [raft-server-3-state] TRACE i.a.p.s.impl.DefaultServiceExecutor - PrimitiveService{2}{type=io.atomix.protocols.raft.RaftTest$TestPrimitiveType@34b8c602, name=raft-test} - Executing DefaultCommit{index=16, session=RaftSession{RaftServiceContext{server=3, type=io.atomix.protocols.raft.RaftTest$TestPrimitiveType@34b8c602, name=raft-test, id=2}, session=2, timestamp=2018-06-09 02:55:13,719}, time=2018-06-09 02:55:13,719, operation=DefaultOperationId{id=write, type=COMMAND}, value=byte[]{length=17, hash=-1644578928}}
02:55:14.119 [raft-server-1] TRACE i.a.p.raft.roles.LeaderAppender - RaftServer{1} - Sending AppendRequest{term=1, leader=1, prevLogIndex=17, prevLogTerm=1, entries=0, commitIndex=17} to 2
02:55:14.119 [raft-server-1] TRACE i.a.p.raft.roles.LeaderAppender - RaftServer{1} - Received AppendResponse{status=OK, term=1, succeeded=true, lastLogIndex=17} from 3
02:55:14.120 [raft-server-1] TRACE i.a.p.raft.roles.LeaderAppender - RaftServer{1} - Sending AppendRequest{term=1, leader=1, prevLogIndex=17, prevLogTerm=1, entries=0, commitIndex=17} to 3
02:55:14.120 [raft-server-3] TRACE i.a.p.raft.roles.FollowerRole - RaftServer{3}{role=FOLLOWER} - Received AppendRequest{term=1, leader=1, prevLogIndex=17, prevLogTerm=1, entries=0, commitIndex=17}
02:55:14.120 [raft-server-2] TRACE i.a.p.raft.roles.FollowerRole - RaftServer{2}{role=FOLLOWER} - Received AppendRequest{term=1, leader=1, prevLogIndex=17, prevLogTerm=1, entries=0, commitIndex=17}
02:55:14.120 [raft-server-3] TRACE i.a.p.raft.roles.FollowerRole - RaftServer{3}{role=FOLLOWER} - Committed entries up to index 17
02:55:14.120 [raft-server-1-state] TRACE i.a.p.raft.impl.RaftServiceManager - RaftServer{1} - Applying Indexed{index=17, entry=CommandEntry{term=1, timestamp=2018-06-09 02:55:13,918, session=2, sequence=12, operation=PrimitiveOperation{id=DefaultOperationId{id=write, type=COMMAND}, value=byte[]{length=17, hash=-1644578928}}}}
02:55:14.120 [raft-server-3] TRACE i.a.p.raft.roles.FollowerRole - RaftServer{3}{role=FOLLOWER} - Sending AppendResponse{status=OK, term=1, succeeded=true, lastLogIndex=17}
02:55:14.120 [raft-server-1-state] TRACE i.a.p.s.impl.DefaultServiceExecutor - PrimitiveService{2}{type=io.atomix.protocols.raft.RaftTest$TestPrimitiveType@60cd3cc, name=raft-test} - Executing DefaultCommit{index=17, session=RaftSession{RaftServiceContext{server=1, type=io.atomix.protocols.raft.RaftTest$TestPrimitiveType@60cd3cc, name=raft-test, id=2}, session=2, timestamp=2018-06-09 02:55:13,918}, time=2018-06-09 02:55:13,918, operation=DefaultOperationId{id=write, type=COMMAND}, value=byte[]{length=17, hash=-1644578928}}
02:55:14.121 [raft-server-3-state] TRACE i.a.p.raft.impl.RaftServiceManager - RaftServer{3} - Applying Indexed{index=17, entry=CommandEntry{term=1, timestamp=2018-06-09 02:55:13,918, session=2, sequence=12, operation=PrimitiveOperation{id=DefaultOperationId{id=write, type=COMMAND}, value=byte[]{length=17, hash=-1644578928}}}}
02:55:14.121 [raft-server-3-state] TRACE i.a.p.s.impl.DefaultServiceExecutor - PrimitiveService{2}{type=io.atomix.protocols.raft.RaftTest$TestPrimitiveType@34b8c602, name=raft-test} - Executing DefaultCommit{index=17, session=RaftSession{RaftServiceContext{server=3, type=io.atomix.protocols.raft.RaftTest$TestPrimitiveType@34b8c602, name=raft-test, id=2}, session=2, timestamp=2018-06-09 02:55:13,918}, time=2018-06-09 02:55:13,918, operation=DefaultOperationId{id=write, type=COMMAND}, value=byte[]{length=17, hash=-1644578928}}
02:55:14.121 [raft-server-1-state] TRACE i.a.protocols.raft.roles.LeaderRole - RaftServer{1}{role=LEADER} - Sending CommandResponse{status=OK, index=17, eventIndex=2, result=byte[]{length=2, hash=1274}}
02:55:14.121 [raft-client-6c0a1bb2-986e-47f7-86e2-6a736c947544-2] TRACE i.a.p.r.p.impl.RaftProxyConnection - ProxySession{2}{type=io.atomix.protocols.raft.RaftTest$TestPrimitiveType@35bfa1bb, name=raft-test} - Received CommandResponse{status=OK, index=17, eventIndex=2, result=byte[]{length=2, hash=1274}} from 1
02:55:14.121 [raft-client-6c0a1bb2-986e-47f7-86e2-6a736c947544-2] TRACE i.a.p.r.p.impl.RaftProxySequencer - ProxySession{2}{type=io.atomix.protocols.raft.RaftTest$TestPrimitiveType@35bfa1bb, name=raft-test} - Completing response CommandResponse{status=OK, index=17, eventIndex=2, result=byte[]{length=2, hash=1274}}
02:55:14.122 [raft-client-6c0a1bb2-986e-47f7-86e2-6a736c947544-6] TRACE i.a.p.r.p.impl.RaftProxyConnection - ProxySession{2}{type=io.atomix.protocols.raft.RaftTest$TestPrimitiveType@35bfa1bb, name=raft-test} - Sending CommandRequest{session=2, sequence=13, operation=PrimitiveOperation{id=DefaultOperationId{id=write, type=COMMAND}, value=byte[]{length=17, hash=-1644578928}}} to 1
02:55:14.122 [raft-server-1] TRACE i.a.p.raft.roles.LeaderAppender - RaftServer{1} - Received AppendResponse{status=OK, term=1, succeeded=true, lastLogIndex=17} from 3
02:55:14.122 [raft-server-1] TRACE i.a.protocols.raft.roles.LeaderRole - RaftServer{1}{role=LEADER} - Received CommandRequest{session=2, sequence=13, operation=PrimitiveOperation{id=DefaultOperationId{id=write, type=COMMAND}, value=byte[]{length=17, hash=-1644578928}}}
02:55:14.122 [raft-server-1] TRACE i.a.protocols.raft.roles.LeaderRole - RaftServer{1}{role=LEADER} - Appended Indexed{index=18, entry=CommandEntry{term=1, timestamp=2018-06-09 02:55:14,122, session=2, sequence=13, operation=PrimitiveOperation{id=DefaultOperationId{id=write, type=COMMAND}, value=byte[]{length=17, hash=-1644578928}}}}
02:55:14.122 [raft-server-1] TRACE i.a.p.raft.roles.LeaderAppender - RaftServer{1} - Sending AppendRequest{term=1, leader=1, prevLogIndex=17, prevLogTerm=1, entries=1, commitIndex=17} to 3
02:55:14.122 [raft-server-3] TRACE i.a.p.raft.roles.FollowerRole - RaftServer{3}{role=FOLLOWER} - Received AppendRequest{term=1, leader=1, prevLogIndex=17, prevLogTerm=1, entries=1, commitIndex=17}
02:55:14.122 [raft-server-3] TRACE i.a.p.raft.roles.FollowerRole - RaftServer{3}{role=FOLLOWER} - Appended Indexed{index=18, entry=CommandEntry{term=1, timestamp=2018-06-09 02:55:14,122, session=2, sequence=13, operation=PrimitiveOperation{id=DefaultOperationId{id=write, type=COMMAND}, value=byte[]{length=17, hash=-1644578928}}}}
02:55:14.122 [raft-server-3] TRACE i.a.p.raft.roles.FollowerRole - RaftServer{3}{role=FOLLOWER} - Sending AppendResponse{status=OK, term=1, succeeded=true, lastLogIndex=18}
02:55:14.123 [raft-server-1] TRACE i.a.p.raft.roles.LeaderAppender - RaftServer{1} - Received AppendResponse{status=OK, term=1, succeeded=true, lastLogIndex=18} from 3
02:55:14.123 [raft-server-1] TRACE i.a.p.raft.roles.LeaderAppender - RaftServer{1} - Committed entries up to 18
02:55:14.186 [raft-server-2] TRACE i.a.p.raft.roles.FollowerRole - RaftServer{2}{role=FOLLOWER} - Committed entries up to index 17
02:55:14.186 [raft-server-2] TRACE i.a.p.raft.roles.FollowerRole - RaftServer{2}{role=FOLLOWER} - Sending AppendResponse{status=OK, term=1, succeeded=true, lastLogIndex=17}
02:55:14.186 [raft-server-2-state] TRACE i.a.p.raft.impl.RaftServiceManager - RaftServer{2} - Applying Indexed{index=17, entry=CommandEntry{term=1, timestamp=2018-06-09 02:55:13,918, session=2, sequence=12, operation=PrimitiveOperation{id=DefaultOperationId{id=write, type=COMMAND}, value=byte[]{length=17, hash=-1644578928}}}}
02:55:14.186 [raft-server-2-state] TRACE i.a.p.s.impl.DefaultServiceExecutor - PrimitiveService{2}{type=io.atomix.protocols.raft.RaftTest$TestPrimitiveType@21189677, name=raft-test} - Executing DefaultCommit{index=17, session=RaftSession{RaftServiceContext{server=2, type=io.atomix.protocols.raft.RaftTest$TestPrimitiveType@21189677, name=raft-test, id=2}, session=2, timestamp=2018-06-09 02:55:13,918}, time=2018-06-09 02:55:13,918, operation=DefaultOperationId{id=write, type=COMMAND}, value=byte[]{length=17, hash=-1644578928}}
02:55:14.437 [raft-server-1] TRACE i.a.p.raft.roles.LeaderAppender - RaftServer{1} - Received AppendResponse{status=OK, term=1, succeeded=true, lastLogIndex=17} from 2
02:55:14.437 [raft-server-1] TRACE i.a.p.raft.roles.LeaderAppender - RaftServer{1} - Sending AppendRequest{term=1, leader=1, prevLogIndex=17, prevLogTerm=1, entries=1, commitIndex=18} to 2
02:55:14.437 [raft-server-2] TRACE i.a.p.raft.roles.FollowerRole - RaftServer{2}{role=FOLLOWER} - Received AppendRequest{term=1, leader=1, prevLogIndex=17, prevLogTerm=1, entries=1, commitIndex=18}
02:55:14.437 [raft-server-1] TRACE i.a.p.raft.roles.LeaderAppender - RaftServer{1} - Sending AppendRequest{term=1, leader=1, prevLogIndex=18, prevLogTerm=1, entries=0, commitIndex=18} to 3
02:55:14.437 [raft-server-3] TRACE i.a.p.raft.roles.FollowerRole - RaftServer{3}{role=FOLLOWER} - Received AppendRequest{term=1, leader=1, prevLogIndex=18, prevLogTerm=1, entries=0, commitIndex=18}
02:55:14.437 [raft-server-2] TRACE i.a.p.raft.roles.FollowerRole - RaftServer{2}{role=FOLLOWER} - Appended Indexed{index=18, entry=CommandEntry{term=1, timestamp=2018-06-09 02:55:14,122, session=2, sequence=13, operation=PrimitiveOperation{id=DefaultOperationId{id=write, type=COMMAND}, value=byte[]{length=17, hash=-1644578928}}}}
02:55:14.437 [raft-server-1-state] TRACE i.a.p.raft.impl.RaftServiceManager - RaftServer{1} - Applying Indexed{index=18, entry=CommandEntry{term=1, timestamp=2018-06-09 02:55:14,122, session=2, sequence=13, operation=PrimitiveOperation{id=DefaultOperationId{id=write, type=COMMAND}, value=byte[]{length=17, hash=-1644578928}}}}
02:55:14.438 [raft-server-1-state] TRACE i.a.p.s.impl.DefaultServiceExecutor - PrimitiveService{2}{type=io.atomix.protocols.raft.RaftTest$TestPrimitiveType@60cd3cc, name=raft-test} - Executing DefaultCommit{index=18, session=RaftSession{RaftServiceContext{server=1, type=io.atomix.protocols.raft.RaftTest$TestPrimitiveType@60cd3cc, name=raft-test, id=2}, session=2, timestamp=2018-06-09 02:55:14,122}, time=2018-06-09 02:55:14,122, operation=DefaultOperationId{id=write, type=COMMAND}, value=byte[]{length=17, hash=-1644578928}}
02:55:14.438 [raft-server-1-state] TRACE i.a.protocols.raft.roles.LeaderRole - RaftServer{1}{role=LEADER} - Sending CommandResponse{status=OK, index=18, eventIndex=2, result=byte[]{length=2, hash=1276}}
02:55:14.438 [raft-client-6c0a1bb2-986e-47f7-86e2-6a736c947544-4] TRACE i.a.p.r.p.impl.RaftProxyConnection - ProxySession{2}{type=io.atomix.protocols.raft.RaftTest$TestPrimitiveType@35bfa1bb, name=raft-test} - Received CommandResponse{status=OK, index=18, eventIndex=2, result=byte[]{length=2, hash=1276}} from 1
02:55:14.438 [raft-client-6c0a1bb2-986e-47f7-86e2-6a736c947544-4] TRACE i.a.p.r.p.impl.RaftProxySequencer - ProxySession{2}{type=io.atomix.protocols.raft.RaftTest$TestPrimitiveType@35bfa1bb, name=raft-test} - Completing response CommandResponse{status=OK, index=18, eventIndex=2, result=byte[]{length=2, hash=1276}}
02:55:14.438 [raft-client-6c0a1bb2-986e-47f7-86e2-6a736c947544-3] TRACE i.a.p.r.p.impl.RaftProxyConnection - ProxySession{2}{type=io.atomix.protocols.raft.RaftTest$TestPrimitiveType@35bfa1bb, name=raft-test} - Sending CommandRequest{session=2, sequence=14, operation=PrimitiveOperation{id=DefaultOperationId{id=write, type=COMMAND}, value=byte[]{length=17, hash=-1644578928}}} to 1
02:55:14.438 [raft-server-1] TRACE i.a.protocols.raft.roles.LeaderRole - RaftServer{1}{role=LEADER} - Received CommandRequest{session=2, sequence=14, operation=PrimitiveOperation{id=DefaultOperationId{id=write, type=COMMAND}, value=byte[]{length=17, hash=-1644578928}}}
02:55:14.438 [raft-server-1] TRACE i.a.protocols.raft.roles.LeaderRole - RaftServer{1}{role=LEADER} - Appended Indexed{index=19, entry=CommandEntry{term=1, timestamp=2018-06-09 02:55:14,438, session=2, sequence=14, operation=PrimitiveOperation{id=DefaultOperationId{id=write, type=COMMAND}, value=byte[]{length=17, hash=-1644578928}}}}
02:55:14.546 [raft-server-2] TRACE i.a.p.raft.roles.FollowerRole - RaftServer{2}{role=FOLLOWER} - Committed entries up to index 18
02:55:14.546 [raft-server-3] TRACE i.a.p.raft.roles.FollowerRole - RaftServer{3}{role=FOLLOWER} - Committed entries up to index 18
02:55:14.546 [raft-server-2] TRACE i.a.p.raft.roles.FollowerRole - RaftServer{2}{role=FOLLOWER} - Sending AppendResponse{status=OK, term=1, succeeded=true, lastLogIndex=18}
02:55:14.546 [raft-server-3] TRACE i.a.p.raft.roles.FollowerRole - RaftServer{3}{role=FOLLOWER} - Sending AppendResponse{status=OK, term=1, succeeded=true, lastLogIndex=18}
02:55:14.547 [raft-server-1] TRACE i.a.p.raft.roles.LeaderAppender - RaftServer{1} - Received AppendResponse{status=OK, term=1, succeeded=true, lastLogIndex=18} from 2
02:55:14.547 [raft-server-3-state] TRACE i.a.p.raft.impl.RaftServiceManager - RaftServer{3} - Applying Indexed{index=18, entry=CommandEntry{term=1, timestamp=2018-06-09 02:55:14,122, session=2, sequence=13, operation=PrimitiveOperation{id=DefaultOperationId{id=write, type=COMMAND}, value=byte[]{length=17, hash=-1644578928}}}}
02:55:14.547 [raft-server-2-state] TRACE i.a.p.raft.impl.RaftServiceManager - RaftServer{2} - Applying Indexed{index=18, entry=CommandEntry{term=1, timestamp=2018-06-09 02:55:14,122, session=2, sequence=13, operation=PrimitiveOperation{id=DefaultOperationId{id=write, type=COMMAND}, value=byte[]{length=17, hash=-1644578928}}}}
02:55:14.547 [raft-server-1] TRACE i.a.p.raft.roles.LeaderAppender - RaftServer{1} - Sending AppendRequest{term=1, leader=1, prevLogIndex=18, prevLogTerm=1, entries=1, commitIndex=18} to 2
02:55:14.547 [raft-server-3-state] TRACE i.a.p.s.impl.DefaultServiceExecutor - PrimitiveService{2}{type=io.atomix.protocols.raft.RaftTest$TestPrimitiveType@34b8c602, name=raft-test} - Executing DefaultCommit{index=18, session=RaftSession{RaftServiceContext{server=3, type=io.atomix.protocols.raft.RaftTest$TestPrimitiveType@34b8c602, name=raft-test, id=2}, session=2, timestamp=2018-06-09 02:55:14,122}, time=2018-06-09 02:55:14,122, operation=DefaultOperationId{id=write, type=COMMAND}, value=byte[]{length=17, hash=-1644578928}}
02:55:14.547 [raft-server-2-state] TRACE i.a.p.s.impl.DefaultServiceExecutor - PrimitiveService{2}{type=io.atomix.protocols.raft.RaftTest$TestPrimitiveType@21189677, name=raft-test} - Executing DefaultCommit{index=18, session=RaftSession{RaftServiceContext{server=2, type=io.atomix.protocols.raft.RaftTest$TestPrimitiveType@21189677, name=raft-test, id=2}, session=2, timestamp=2018-06-09 02:55:14,122}, time=2018-06-09 02:55:14,122, operation=DefaultOperationId{id=write, type=COMMAND}, value=byte[]{length=17, hash=-1644578928}}
02:55:14.547 [raft-server-2] TRACE i.a.p.raft.roles.FollowerRole - RaftServer{2}{role=FOLLOWER} - Received AppendRequest{term=1, leader=1, prevLogIndex=18, prevLogTerm=1, entries=1, commitIndex=18}
02:55:14.547 [raft-server-1] TRACE i.a.p.raft.roles.LeaderAppender - RaftServer{1} - Sending AppendRequest{term=1, leader=1, prevLogIndex=18, prevLogTerm=1, entries=1, commitIndex=18} to 3
02:55:14.547 [raft-server-1] TRACE i.a.p.raft.roles.LeaderAppender - RaftServer{1} - Received AppendResponse{status=OK, term=1, succeeded=true, lastLogIndex=18} from 3
02:55:14.547 [raft-server-3] TRACE i.a.p.raft.roles.FollowerRole - RaftServer{3}{role=FOLLOWER} - Received AppendRequest{term=1, leader=1, prevLogIndex=18, prevLogTerm=1, entries=1, commitIndex=18}
02:55:14.547 [raft-server-2] TRACE i.a.p.raft.roles.FollowerRole - RaftServer{2}{role=FOLLOWER} - Appended Indexed{index=19, entry=CommandEntry{term=1, timestamp=2018-06-09 02:55:14,438, session=2, sequence=14, operation=PrimitiveOperation{id=DefaultOperationId{id=write, type=COMMAND}, value=byte[]{length=17, hash=-1644578928}}}}
02:55:14.547 [raft-server-2] TRACE i.a.p.raft.roles.FollowerRole - RaftServer{2}{role=FOLLOWER} - Sending AppendResponse{status=OK, term=1, succeeded=true, lastLogIndex=19}
02:55:14.547 [raft-server-1] TRACE i.a.p.raft.roles.LeaderAppender - RaftServer{1} - Received AppendResponse{status=OK, term=1, succeeded=true, lastLogIndex=19} from 2
02:55:14.547 [raft-server-3] TRACE i.a.p.raft.roles.FollowerRole - RaftServer{3}{role=FOLLOWER} - Appended Indexed{index=19, entry=CommandEntry{term=1, timestamp=2018-06-09 02:55:14,438, session=2, sequence=14, operation=PrimitiveOperation{id=DefaultOperationId{id=write, type=COMMAND}, value=byte[]{length=17, hash=-1644578928}}}}
02:55:14.547 [raft-server-1] TRACE i.a.p.raft.roles.LeaderAppender - RaftServer{1} - Committed entries up to 19
02:55:14.547 [raft-server-3] TRACE i.a.p.raft.roles.FollowerRole - RaftServer{3}{role=FOLLOWER} - Sending AppendResponse{status=OK, term=1, succeeded=true, lastLogIndex=19}
02:55:14.697 [raft-server-1] TRACE i.a.p.raft.roles.LeaderAppender - RaftServer{1} - Received AppendResponse{status=OK, term=1, succeeded=true, lastLogIndex=19} from 3
02:55:14.697 [raft-server-1-state] TRACE i.a.p.raft.impl.RaftServiceManager - RaftServer{1} - Applying Indexed{index=19, entry=CommandEntry{term=1, timestamp=2018-06-09 02:55:14,438, session=2, sequence=14, operation=PrimitiveOperation{id=DefaultOperationId{id=write, type=COMMAND}, value=byte[]{length=17, hash=-1644578928}}}}
02:55:14.697 [raft-server-1-state] TRACE i.a.p.s.impl.DefaultServiceExecutor - PrimitiveService{2}{type=io.atomix.protocols.raft.RaftTest$TestPrimitiveType@60cd3cc, name=raft-test} - Executing DefaultCommit{index=19, session=RaftSession{RaftServiceContext{server=1, type=io.atomix.protocols.raft.RaftTest$TestPrimitiveType@60cd3cc, name=raft-test, id=2}, session=2, timestamp=2018-06-09 02:55:14,438}, time=2018-06-09 02:55:14,438, operation=DefaultOperationId{id=write, type=COMMAND}, value=byte[]{length=17, hash=-1644578928}}
02:55:14.697 [raft-server-1-state] TRACE i.a.protocols.raft.roles.LeaderRole - RaftServer{1}{role=LEADER} - Sending CommandResponse{status=OK, index=19, eventIndex=2, result=byte[]{length=2, hash=1278}}
02:55:14.697 [raft-client-6c0a1bb2-986e-47f7-86e2-6a736c947544-1] TRACE i.a.p.r.p.impl.RaftProxyConnection - ProxySession{2}{type=io.atomix.protocols.raft.RaftTest$TestPrimitiveType@35bfa1bb, name=raft-test} - Received CommandResponse{status=OK, index=19, eventIndex=2, result=byte[]{length=2, hash=1278}} from 1
02:55:14.697 [raft-client-6c0a1bb2-986e-47f7-86e2-6a736c947544-1] TRACE i.a.p.r.p.impl.RaftProxySequencer - ProxySession{2}{type=io.atomix.protocols.raft.RaftTest$TestPrimitiveType@35bfa1bb, name=raft-test} - Completing response CommandResponse{status=OK, index=19, eventIndex=2, result=byte[]{length=2, hash=1278}}
02:55:14.698 [raft-client-6c0a1bb2-986e-47f7-86e2-6a736c947544-5] TRACE i.a.p.r.p.impl.RaftProxyConnection - ProxySession{2}{type=io.atomix.protocols.raft.RaftTest$TestPrimitiveType@35bfa1bb, name=raft-test} - Sending CommandRequest{session=2, sequence=15, operation=PrimitiveOperation{id=DefaultOperationId{id=write, type=COMMAND}, value=byte[]{length=17, hash=-1644578928}}} to 1
02:55:14.698 [raft-server-1] TRACE i.a.protocols.raft.roles.LeaderRole - RaftServer{1}{role=LEADER} - Received CommandRequest{session=2, sequence=15, operation=PrimitiveOperation{id=DefaultOperationId{id=write, type=COMMAND}, value=byte[]{length=17, hash=-1644578928}}}
02:55:14.698 [raft-server-1] TRACE i.a.protocols.raft.roles.LeaderRole - RaftServer{1}{role=LEADER} - Appended Indexed{index=20, entry=CommandEntry{term=1, timestamp=2018-06-09 02:55:14,698, session=2, sequence=15, operation=PrimitiveOperation{id=DefaultOperationId{id=write, type=COMMAND}, value=byte[]{length=17, hash=-1644578928}}}}
02:55:14.698 [raft-server-1] TRACE i.a.p.raft.roles.LeaderAppender - RaftServer{1} - Sending AppendRequest{term=1, leader=1, prevLogIndex=19, prevLogTerm=1, entries=1, commitIndex=19} to 3
02:55:14.698 [raft-server-3] TRACE i.a.p.raft.roles.FollowerRole - RaftServer{3}{role=FOLLOWER} - Received AppendRequest{term=1, leader=1, prevLogIndex=19, prevLogTerm=1, entries=1, commitIndex=19}
02:55:14.698 [raft-server-1] TRACE i.a.p.raft.roles.LeaderAppender - RaftServer{1} - Sending AppendRequest{term=1, leader=1, prevLogIndex=19, prevLogTerm=1, entries=1, commitIndex=19} to 2
02:55:14.698 [raft-server-2] TRACE i.a.p.raft.roles.FollowerRole - RaftServer{2}{role=FOLLOWER} - Received AppendRequest{term=1, leader=1, prevLogIndex=19, prevLogTerm=1, entries=1, commitIndex=19}
02:55:14.698 [raft-server-3] TRACE i.a.p.raft.roles.FollowerRole - RaftServer{3}{role=FOLLOWER} - Appended Indexed{index=20, entry=CommandEntry{term=1, timestamp=2018-06-09 02:55:14,698, session=2, sequence=15, operation=PrimitiveOperation{id=DefaultOperationId{id=write, type=COMMAND}, value=byte[]{length=17, hash=-1644578928}}}}
02:55:14.698 [raft-server-2] TRACE i.a.p.raft.roles.FollowerRole - RaftServer{2}{role=FOLLOWER} - Appended Indexed{index=20, entry=CommandEntry{term=1, timestamp=2018-06-09 02:55:14,698, session=2, sequence=15, operation=PrimitiveOperation{id=DefaultOperationId{id=write, type=COMMAND}, value=byte[]{length=17, hash=-1644578928}}}}
02:55:14.799 [raft-server-2] TRACE i.a.p.raft.roles.FollowerRole - RaftServer{2}{role=FOLLOWER} - Committed entries up to index 19
02:55:14.799 [raft-server-3] TRACE i.a.p.raft.roles.FollowerRole - RaftServer{3}{role=FOLLOWER} - Committed entries up to index 19
02:55:14.800 [raft-server-2] TRACE i.a.p.raft.roles.FollowerRole - RaftServer{2}{role=FOLLOWER} - Sending AppendResponse{status=OK, term=1, succeeded=true, lastLogIndex=20}
02:55:14.800 [raft-server-3] TRACE i.a.p.raft.roles.FollowerRole - RaftServer{3}{role=FOLLOWER} - Sending AppendResponse{status=OK, term=1, succeeded=true, lastLogIndex=20}
02:55:14.800 [raft-server-1] TRACE i.a.p.raft.roles.LeaderAppender - RaftServer{1} - Received AppendResponse{status=OK, term=1, succeeded=true, lastLogIndex=20} from 2
02:55:14.800 [raft-server-2-state] TRACE i.a.p.raft.impl.RaftServiceManager - RaftServer{2} - Applying Indexed{index=19, entry=CommandEntry{term=1, timestamp=2018-06-09 02:55:14,438, session=2, sequence=14, operation=PrimitiveOperation{id=DefaultOperationId{id=write, type=COMMAND}, value=byte[]{length=17, hash=-1644578928}}}}
02:55:14.800 [raft-server-3-state] TRACE i.a.p.raft.impl.RaftServiceManager - RaftServer{3} - Applying Indexed{index=19, entry=CommandEntry{term=1, timestamp=2018-06-09 02:55:14,438, session=2, sequence=14, operation=PrimitiveOperation{id=DefaultOperationId{id=write, type=COMMAND}, value=byte[]{length=17, hash=-1644578928}}}}
02:55:14.800 [raft-server-1] TRACE i.a.p.raft.roles.LeaderAppender - RaftServer{1} - Committed entries up to 20
02:55:14.800 [raft-server-2-state] TRACE i.a.p.s.impl.DefaultServiceExecutor - PrimitiveService{2}{type=io.atomix.protocols.raft.RaftTest$TestPrimitiveType@21189677, name=raft-test} - Executing DefaultCommit{index=19, session=RaftSession{RaftServiceContext{server=2, type=io.atomix.protocols.raft.RaftTest$TestPrimitiveType@21189677, name=raft-test, id=2}, session=2, timestamp=2018-06-09 02:55:14,438}, time=2018-06-09 02:55:14,438, operation=DefaultOperationId{id=write, type=COMMAND}, value=byte[]{length=17, hash=-1644578928}}
02:55:14.800 [raft-server-3-state] TRACE i.a.p.s.impl.DefaultServiceExecutor - PrimitiveService{2}{type=io.atomix.protocols.raft.RaftTest$TestPrimitiveType@34b8c602, name=raft-test} - Executing DefaultCommit{index=19, session=RaftSession{RaftServiceContext{server=3, type=io.atomix.protocols.raft.RaftTest$TestPrimitiveType@34b8c602, name=raft-test, id=2}, session=2, timestamp=2018-06-09 02:55:14,438}, time=2018-06-09 02:55:14,438, operation=DefaultOperationId{id=write, type=COMMAND}, value=byte[]{length=17, hash=-1644578928}}
02:55:14.953 [raft-server-1] TRACE i.a.p.raft.roles.LeaderAppender - RaftServer{1} - Sending AppendRequest{term=1, leader=1, prevLogIndex=20, prevLogTerm=1, entries=0, commitIndex=20} to 2
02:55:14.953 [raft-server-1] TRACE i.a.p.raft.roles.LeaderAppender - RaftServer{1} - Received AppendResponse{status=OK, term=1, succeeded=true, lastLogIndex=20} from 3
02:55:14.953 [raft-server-1] TRACE i.a.p.raft.roles.LeaderAppender - RaftServer{1} - Sending AppendRequest{term=1, leader=1, prevLogIndex=20, prevLogTerm=1, entries=0, commitIndex=20} to 3
02:55:14.953 [raft-server-2] TRACE i.a.p.raft.roles.FollowerRole - RaftServer{2}{role=FOLLOWER} - Received AppendRequest{term=1, leader=1, prevLogIndex=20, prevLogTerm=1, entries=0, commitIndex=20}
02:55:14.953 [raft-server-3] TRACE i.a.p.raft.roles.FollowerRole - RaftServer{3}{role=FOLLOWER} - Received AppendRequest{term=1, leader=1, prevLogIndex=20, prevLogTerm=1, entries=0, commitIndex=20}
02:55:14.953 [raft-server-1-state] TRACE i.a.p.raft.impl.RaftServiceManager - RaftServer{1} - Applying Indexed{index=20, entry=CommandEntry{term=1, timestamp=2018-06-09 02:55:14,698, session=2, sequence=15, operation=PrimitiveOperation{id=DefaultOperationId{id=write, type=COMMAND}, value=byte[]{length=17, hash=-1644578928}}}}
02:55:14.953 [raft-server-1-state] TRACE i.a.p.s.impl.DefaultServiceExecutor - PrimitiveService{2}{type=io.atomix.protocols.raft.RaftTest$TestPrimitiveType@60cd3cc, name=raft-test} - Executing DefaultCommit{index=20, session=RaftSession{RaftServiceContext{server=1, type=io.atomix.protocols.raft.RaftTest$TestPrimitiveType@60cd3cc, name=raft-test, id=2}, session=2, timestamp=2018-06-09 02:55:14,698}, time=2018-06-09 02:55:14,698, operation=DefaultOperationId{id=write, type=COMMAND}, value=byte[]{length=17, hash=-1644578928}}
02:55:14.953 [raft-server-1-state] TRACE i.a.protocols.raft.roles.LeaderRole - RaftServer{1}{role=LEADER} - Sending CommandResponse{status=OK, index=20, eventIndex=2, result=byte[]{length=2, hash=1280}}
02:55:14.953 [raft-client-6c0a1bb2-986e-47f7-86e2-6a736c947544-2] TRACE i.a.p.r.p.impl.RaftProxyConnection - ProxySession{2}{type=io.atomix.protocols.raft.RaftTest$TestPrimitiveType@35bfa1bb, name=raft-test} - Received CommandResponse{status=OK, index=20, eventIndex=2, result=byte[]{length=2, hash=1280}} from 1
02:55:14.953 [raft-client-6c0a1bb2-986e-47f7-86e2-6a736c947544-2] TRACE i.a.p.r.p.impl.RaftProxySequencer - ProxySession{2}{type=io.atomix.protocols.raft.RaftTest$TestPrimitiveType@35bfa1bb, name=raft-test} - Completing response CommandResponse{status=OK, index=20, eventIndex=2, result=byte[]{length=2, hash=1280}}
02:55:14.954 [raft-client-6c0a1bb2-986e-47f7-86e2-6a736c947544-0] TRACE i.a.p.r.p.impl.RaftProxyConnection - ProxySession{2}{type=io.atomix.protocols.raft.RaftTest$TestPrimitiveType@35bfa1bb, name=raft-test} - Sending CommandRequest{session=2, sequence=16, operation=PrimitiveOperation{id=DefaultOperationId{id=write, type=COMMAND}, value=byte[]{length=17, hash=-1644578928}}} to 1
02:55:14.954 [raft-server-1] TRACE i.a.protocols.raft.roles.LeaderRole - RaftServer{1}{role=LEADER} - Received CommandRequest{session=2, sequence=16, operation=PrimitiveOperation{id=DefaultOperationId{id=write, type=COMMAND}, value=byte[]{length=17, hash=-1644578928}}}
02:55:15.194 [raft-server-2] TRACE i.a.p.raft.roles.FollowerRole - RaftServer{2}{role=FOLLOWER} - Committed entries up to index 20
02:55:15.194 [raft-server-3] TRACE i.a.p.raft.roles.FollowerRole - RaftServer{3}{role=FOLLOWER} - Committed entries up to index 20
02:55:15.194 [raft-server-2] TRACE i.a.p.raft.roles.FollowerRole - RaftServer{2}{role=FOLLOWER} - Sending AppendResponse{status=OK, term=1, succeeded=true, lastLogIndex=20}
02:55:15.194 [raft-server-3] TRACE i.a.p.raft.roles.FollowerRole - RaftServer{3}{role=FOLLOWER} - Sending AppendResponse{status=OK, term=1, succeeded=true, lastLogIndex=20}
02:55:15.195 [raft-server-3-state] TRACE i.a.p.raft.impl.RaftServiceManager - RaftServer{3} - Applying Indexed{index=20, entry=CommandEntry{term=1, timestamp=2018-06-09 02:55:14,698, session=2, sequence=15, operation=PrimitiveOperation{id=DefaultOperationId{id=write, type=COMMAND}, value=byte[]{length=17, hash=-1644578928}}}}
02:55:15.195 [raft-server-2-state] TRACE i.a.p.raft.impl.RaftServiceManager - RaftServer{2} - Applying Indexed{index=20, entry=CommandEntry{term=1, timestamp=2018-06-09 02:55:14,698, session=2, sequence=15, operation=PrimitiveOperation{id=DefaultOperationId{id=write, type=COMMAND}, value=byte[]{length=17, hash=-1644578928}}}}
02:55:15.195 [raft-server-3-state] TRACE i.a.p.s.impl.DefaultServiceExecutor - PrimitiveService{2}{type=io.atomix.protocols.raft.RaftTest$TestPrimitiveType@34b8c602, name=raft-test} - Executing DefaultCommit{index=20, session=RaftSession{RaftServiceContext{server=3, type=io.atomix.protocols.raft.RaftTest$TestPrimitiveType@34b8c602, name=raft-test, id=2}, session=2, timestamp=2018-06-09 02:55:14,698}, time=2018-06-09 02:55:14,698, operation=DefaultOperationId{id=write, type=COMMAND}, value=byte[]{length=17, hash=-1644578928}}
02:55:15.195 [raft-server-2-state] TRACE i.a.p.s.impl.DefaultServiceExecutor - PrimitiveService{2}{type=io.atomix.protocols.raft.RaftTest$TestPrimitiveType@21189677, name=raft-test} - Executing DefaultCommit{index=20, session=RaftSession{RaftServiceContext{server=2, type=io.atomix.protocols.raft.RaftTest$TestPrimitiveType@21189677, name=raft-test, id=2}, session=2, timestamp=2018-06-09 02:55:14,698}, time=2018-06-09 02:55:14,698, operation=DefaultOperationId{id=write, type=COMMAND}, value=byte[]{length=17, hash=-1644578928}}
02:55:15.290 [raft-server-1] DEBUG i.a.storage.journal.SegmentedJournal - Created disk segment: JournalSegment{id=3, version=1, index=21, size=64}
02:55:15.291 [raft-server-1] TRACE i.a.protocols.raft.roles.LeaderRole - RaftServer{1}{role=LEADER} - Appended Indexed{index=21, entry=CommandEntry{term=1, timestamp=2018-06-09 02:55:14,954, session=2, sequence=16, operation=PrimitiveOperation{id=DefaultOperationId{id=write, type=COMMAND}, value=byte[]{length=17, hash=-1644578928}}}}
02:55:15.291 [raft-server-1] TRACE i.a.p.raft.roles.LeaderAppender - RaftServer{1} - Sending AppendRequest{term=1, leader=1, prevLogIndex=20, prevLogTerm=1, entries=1, commitIndex=20} to 3
02:55:15.291 [raft-server-3] TRACE i.a.p.raft.roles.FollowerRole - RaftServer{3}{role=FOLLOWER} - Received AppendRequest{term=1, leader=1, prevLogIndex=20, prevLogTerm=1, entries=1, commitIndex=20}
02:55:15.291 [raft-server-1] TRACE i.a.p.raft.roles.LeaderAppender - RaftServer{1} - Sending AppendRequest{term=1, leader=1, prevLogIndex=20, prevLogTerm=1, entries=1, commitIndex=20} to 2
02:55:15.291 [raft-server-2] TRACE i.a.p.raft.roles.FollowerRole - RaftServer{2}{role=FOLLOWER} - Received AppendRequest{term=1, leader=1, prevLogIndex=20, prevLogTerm=1, entries=1, commitIndex=20}
02:55:15.291 [raft-server-1] TRACE i.a.p.raft.roles.LeaderAppender - RaftServer{1} - Received AppendResponse{status=OK, term=1, succeeded=true, lastLogIndex=20} from 2
02:55:15.291 [raft-server-1] TRACE i.a.p.raft.roles.LeaderAppender - RaftServer{1} - Received AppendResponse{status=OK, term=1, succeeded=true, lastLogIndex=20} from 3
02:55:15.503 [raft-server-2] DEBUG i.a.storage.journal.SegmentedJournal - Created disk segment: JournalSegment{id=3, version=1, index=21, size=64}
02:55:15.503 [raft-server-3] DEBUG i.a.storage.journal.SegmentedJournal - Created disk segment: JournalSegment{id=3, version=1, index=21, size=64}
02:55:15.503 [raft-server-2] TRACE i.a.p.raft.roles.FollowerRole - RaftServer{2}{role=FOLLOWER} - Appended Indexed{index=21, entry=CommandEntry{term=1, timestamp=2018-06-09 02:55:14,954, session=2, sequence=16, operation=PrimitiveOperation{id=DefaultOperationId{id=write, type=COMMAND}, value=byte[]{length=17, hash=-1644578928}}}}
02:55:15.503 [raft-server-2] TRACE i.a.p.raft.roles.FollowerRole - RaftServer{2}{role=FOLLOWER} - Sending AppendResponse{status=OK, term=1, succeeded=true, lastLogIndex=21}
02:55:15.503 [raft-server-3] TRACE i.a.p.raft.roles.FollowerRole - RaftServer{3}{role=FOLLOWER} - Appended Indexed{index=21, entry=CommandEntry{term=1, timestamp=2018-06-09 02:55:14,954, session=2, sequence=16, operation=PrimitiveOperation{id=DefaultOperationId{id=write, type=COMMAND}, value=byte[]{length=17, hash=-1644578928}}}}
02:55:15.503 [raft-server-3] TRACE i.a.p.raft.roles.FollowerRole - RaftServer{3}{role=FOLLOWER} - Sending AppendResponse{status=OK, term=1, succeeded=true, lastLogIndex=21}
02:55:15.503 [raft-server-1] TRACE i.a.p.raft.roles.LeaderAppender - RaftServer{1} - Received AppendResponse{status=OK, term=1, succeeded=true, lastLogIndex=21} from 2
02:55:15.503 [raft-server-1] TRACE i.a.p.raft.roles.LeaderAppender - RaftServer{1} - Committed entries up to 21
02:55:15.582 [raft-server-1] TRACE i.a.p.raft.roles.LeaderAppender - RaftServer{1} - Sending AppendRequest{term=1, leader=1, prevLogIndex=21, prevLogTerm=1, entries=0, commitIndex=21} to 2
02:55:15.582 [raft-server-2] TRACE i.a.p.raft.roles.FollowerRole - RaftServer{2}{role=FOLLOWER} - Received AppendRequest{term=1, leader=1, prevLogIndex=21, prevLogTerm=1, entries=0, commitIndex=21}
02:55:15.582 [raft-server-1] TRACE i.a.p.raft.roles.LeaderAppender - RaftServer{1} - Received AppendResponse{status=OK, term=1, succeeded=true, lastLogIndex=21} from 3
02:55:15.582 [raft-server-1] TRACE i.a.p.raft.roles.LeaderAppender - RaftServer{1} - Sending AppendRequest{term=1, leader=1, prevLogIndex=21, prevLogTerm=1, entries=0, commitIndex=21} to 3
02:55:15.582 [raft-server-3] TRACE i.a.p.raft.roles.FollowerRole - RaftServer{3}{role=FOLLOWER} - Received AppendRequest{term=1, leader=1, prevLogIndex=21, prevLogTerm=1, entries=0, commitIndex=21}
02:55:15.582 [raft-server-1-state] TRACE i.a.p.raft.impl.RaftServiceManager - RaftServer{1} - Applying Indexed{index=21, entry=CommandEntry{term=1, timestamp=2018-06-09 02:55:14,954, session=2, sequence=16, operation=PrimitiveOperation{id=DefaultOperationId{id=write, type=COMMAND}, value=byte[]{length=17, hash=-1644578928}}}}
02:55:15.582 [raft-server-1-state] TRACE i.a.p.s.impl.DefaultServiceExecutor - PrimitiveService{2}{type=io.atomix.protocols.raft.RaftTest$TestPrimitiveType@60cd3cc, name=raft-test} - Executing DefaultCommit{index=21, session=RaftSession{RaftServiceContext{server=1, type=io.atomix.protocols.raft.RaftTest$TestPrimitiveType@60cd3cc, name=raft-test, id=2}, session=2, timestamp=2018-06-09 02:55:14,954}, time=2018-06-09 02:55:14,954, operation=DefaultOperationId{id=write, type=COMMAND}, value=byte[]{length=17, hash=-1644578928}}
02:55:15.582 [raft-server-1-state] TRACE i.a.protocols.raft.roles.LeaderRole - RaftServer{1}{role=LEADER} - Sending CommandResponse{status=OK, index=21, eventIndex=2, result=byte[]{length=2, hash=1282}}
02:55:15.582 [raft-client-6c0a1bb2-986e-47f7-86e2-6a736c947544-4] TRACE i.a.p.r.p.impl.RaftProxyConnection - ProxySession{2}{type=io.atomix.protocols.raft.RaftTest$TestPrimitiveType@35bfa1bb, name=raft-test} - Received CommandResponse{status=OK, index=21, eventIndex=2, result=byte[]{length=2, hash=1282}} from 1
02:55:15.583 [raft-client-6c0a1bb2-986e-47f7-86e2-6a736c947544-4] TRACE i.a.p.r.p.impl.RaftProxySequencer - ProxySession{2}{type=io.atomix.protocols.raft.RaftTest$TestPrimitiveType@35bfa1bb, name=raft-test} - Completing response CommandResponse{status=OK, index=21, eventIndex=2, result=byte[]{length=2, hash=1282}}
02:55:15.583 [raft-client-6c0a1bb2-986e-47f7-86e2-6a736c947544-7] TRACE i.a.p.r.p.impl.RaftProxyConnection - ProxySession{2}{type=io.atomix.protocols.raft.RaftTest$TestPrimitiveType@35bfa1bb, name=raft-test} - Sending CommandRequest{session=2, sequence=17, operation=PrimitiveOperation{id=DefaultOperationId{id=write, type=COMMAND}, value=byte[]{length=17, hash=-1644578928}}} to 1
02:55:15.583 [raft-server-1] TRACE i.a.protocols.raft.roles.LeaderRole - RaftServer{1}{role=LEADER} - Received CommandRequest{session=2, sequence=17, operation=PrimitiveOperation{id=DefaultOperationId{id=write, type=COMMAND}, value=byte[]{length=17, hash=-1644578928}}}
02:55:15.583 [raft-server-1] TRACE i.a.protocols.raft.roles.LeaderRole - RaftServer{1}{role=LEADER} - Appended Indexed{index=22, entry=CommandEntry{term=1, timestamp=2018-06-09 02:55:15,583, session=2, sequence=17, operation=PrimitiveOperation{id=DefaultOperationId{id=write, type=COMMAND}, value=byte[]{length=17, hash=-1644578928}}}}
02:55:15.669 [raft-server-2] TRACE i.a.p.raft.roles.FollowerRole - RaftServer{2}{role=FOLLOWER} - Committed entries up to index 21
02:55:15.670 [raft-server-2] TRACE i.a.p.raft.roles.FollowerRole - RaftServer{2}{role=FOLLOWER} - Sending AppendResponse{status=OK, term=1, succeeded=true, lastLogIndex=21}
02:55:15.670 [raft-server-3] TRACE i.a.p.raft.roles.FollowerRole - RaftServer{3}{role=FOLLOWER} - Committed entries up to index 21
02:55:15.670 [raft-server-1] TRACE i.a.p.raft.roles.LeaderAppender - RaftServer{1} - Received AppendResponse{status=OK, term=1, succeeded=true, lastLogIndex=21} from 2
02:55:15.670 [raft-server-3] TRACE i.a.p.raft.roles.FollowerRole - RaftServer{3}{role=FOLLOWER} - Sending AppendResponse{status=OK, term=1, succeeded=true, lastLogIndex=21}
02:55:15.670 [raft-server-2-state] TRACE i.a.p.raft.impl.RaftServiceManager - RaftServer{2} - Applying Indexed{index=21, entry=CommandEntry{term=1, timestamp=2018-06-09 02:55:14,954, session=2, sequence=16, operation=PrimitiveOperation{id=DefaultOperationId{id=write, type=COMMAND}, value=byte[]{length=17, hash=-1644578928}}}}
02:55:15.670 [raft-server-1] TRACE i.a.p.raft.roles.LeaderAppender - RaftServer{1} - Sending AppendRequest{term=1, leader=1, prevLogIndex=21, prevLogTerm=1, entries=1, commitIndex=21} to 2
02:55:15.670 [raft-server-2-state] TRACE i.a.p.s.impl.DefaultServiceExecutor - PrimitiveService{2}{type=io.atomix.protocols.raft.RaftTest$TestPrimitiveType@21189677, name=raft-test} - Executing DefaultCommit{index=21, session=RaftSession{RaftServiceContext{server=2, type=io.atomix.protocols.raft.RaftTest$TestPrimitiveType@21189677, name=raft-test, id=2}, session=2, timestamp=2018-06-09 02:55:14,954}, time=2018-06-09 02:55:14,954, operation=DefaultOperationId{id=write, type=COMMAND}, value=byte[]{length=17, hash=-1644578928}}
02:55:15.670 [raft-server-3-state] TRACE i.a.p.raft.impl.RaftServiceManager - RaftServer{3} - Applying Indexed{index=21, entry=CommandEntry{term=1, timestamp=2018-06-09 02:55:14,954, session=2, sequence=16, operation=PrimitiveOperation{id=DefaultOperationId{id=write, type=COMMAND}, value=byte[]{length=17, hash=-1644578928}}}}
02:55:15.670 [raft-server-2] TRACE i.a.p.raft.roles.FollowerRole - RaftServer{2}{role=FOLLOWER} - Received AppendRequest{term=1, leader=1, prevLogIndex=21, prevLogTerm=1, entries=1, commitIndex=21}
02:55:15.670 [raft-server-1] TRACE i.a.p.raft.roles.LeaderAppender - RaftServer{1} - Received AppendResponse{status=OK, term=1, succeeded=true, lastLogIndex=21} from 3
02:55:15.670 [raft-server-3-state] TRACE i.a.p.s.impl.DefaultServiceExecutor - PrimitiveService{2}{type=io.atomix.protocols.raft.RaftTest$TestPrimitiveType@34b8c602, name=raft-test} - Executing DefaultCommit{index=21, session=RaftSession{RaftServiceContext{server=3, type=io.atomix.protocols.raft.RaftTest$TestPrimitiveType@34b8c602, name=raft-test, id=2}, session=2, timestamp=2018-06-09 02:55:14,954}, time=2018-06-09 02:55:14,954, operation=DefaultOperationId{id=write, type=COMMAND}, value=byte[]{length=17, hash=-1644578928}}
02:55:15.670 [raft-server-1] TRACE i.a.p.raft.roles.LeaderAppender - RaftServer{1} - Sending AppendRequest{term=1, leader=1, prevLogIndex=21, prevLogTerm=1, entries=1, commitIndex=21} to 3
02:55:15.670 [raft-server-3] TRACE i.a.p.raft.roles.FollowerRole - RaftServer{3}{role=FOLLOWER} - Received AppendRequest{term=1, leader=1, prevLogIndex=21, prevLogTerm=1, entries=1, commitIndex=21}
02:55:15.670 [raft-server-2] TRACE i.a.p.raft.roles.FollowerRole - RaftServer{2}{role=FOLLOWER} - Appended Indexed{index=22, entry=CommandEntry{term=1, timestamp=2018-06-09 02:55:15,583, session=2, sequence=17, operation=PrimitiveOperation{id=DefaultOperationId{id=write, type=COMMAND}, value=byte[]{length=17, hash=-1644578928}}}}
02:55:15.670 [raft-server-2] TRACE i.a.p.raft.roles.FollowerRole - RaftServer{2}{role=FOLLOWER} - Sending AppendResponse{status=OK, term=1, succeeded=true, lastLogIndex=22}
02:55:15.670 [raft-server-1] TRACE i.a.p.raft.roles.LeaderAppender - RaftServer{1} - Received AppendResponse{status=OK, term=1, succeeded=true, lastLogIndex=22} from 2
02:55:15.670 [raft-server-3] TRACE i.a.p.raft.roles.FollowerRole - RaftServer{3}{role=FOLLOWER} - Appended Indexed{index=22, entry=CommandEntry{term=1, timestamp=2018-06-09 02:55:15,583, session=2, sequence=17, operation=PrimitiveOperation{id=DefaultOperationId{id=write, type=COMMAND}, value=byte[]{length=17, hash=-1644578928}}}}
02:55:15.670 [raft-server-1] TRACE i.a.p.raft.roles.LeaderAppender - RaftServer{1} - Committed entries up to 22
02:55:15.670 [raft-server-3] TRACE i.a.p.raft.roles.FollowerRole - RaftServer{3}{role=FOLLOWER} - Sending AppendResponse{status=OK, term=1, succeeded=true, lastLogIndex=22}
02:55:15.778 [raft-server-1] TRACE i.a.p.raft.roles.LeaderAppender - RaftServer{1} - Received AppendResponse{status=OK, term=1, succeeded=true, lastLogIndex=22} from 3
02:55:15.778 [raft-server-1] TRACE i.a.p.raft.roles.LeaderAppender - RaftServer{1} - Sending AppendRequest{term=1, leader=1, prevLogIndex=22, prevLogTerm=1, entries=0, commitIndex=22} to 3
02:55:15.778 [raft-server-3] TRACE i.a.p.raft.roles.FollowerRole - RaftServer{3}{role=FOLLOWER} - Received AppendRequest{term=1, leader=1, prevLogIndex=22, prevLogTerm=1, entries=0, commitIndex=22}
02:55:15.778 [raft-server-1] TRACE i.a.p.raft.roles.LeaderAppender - RaftServer{1} - Sending AppendRequest{term=1, leader=1, prevLogIndex=22, prevLogTerm=1, entries=0, commitIndex=22} to 2
02:55:15.778 [raft-server-2] TRACE i.a.p.raft.roles.FollowerRole - RaftServer{2}{role=FOLLOWER} - Received AppendRequest{term=1, leader=1, prevLogIndex=22, prevLogTerm=1, entries=0, commitIndex=22}
02:55:15.778 [raft-server-1-state] TRACE i.a.p.raft.impl.RaftServiceManager - RaftServer{1} - Applying Indexed{index=22, entry=CommandEntry{term=1, timestamp=2018-06-09 02:55:15,583, session=2, sequence=17, operation=PrimitiveOperation{id=DefaultOperationId{id=write, type=COMMAND}, value=byte[]{length=17, hash=-1644578928}}}}
02:55:15.779 [raft-server-1-state] TRACE i.a.p.s.impl.DefaultServiceExecutor - PrimitiveService{2}{type=io.atomix.protocols.raft.RaftTest$TestPrimitiveType@60cd3cc, name=raft-test} - Executing DefaultCommit{index=22, session=RaftSession{RaftServiceContext{server=1, type=io.atomix.protocols.raft.RaftTest$TestPrimitiveType@60cd3cc, name=raft-test, id=2}, session=2, timestamp=2018-06-09 02:55:15,583}, time=2018-06-09 02:55:15,583, operation=DefaultOperationId{id=write, type=COMMAND}, value=byte[]{length=17, hash=-1644578928}}
02:55:15.779 [raft-server-1-state] TRACE i.a.protocols.raft.roles.LeaderRole - RaftServer{1}{role=LEADER} - Sending CommandResponse{status=OK, index=22, eventIndex=2, result=byte[]{length=2, hash=1284}}
02:55:15.779 [raft-client-6c0a1bb2-986e-47f7-86e2-6a736c947544-1] TRACE i.a.p.r.p.impl.RaftProxyConnection - ProxySession{2}{type=io.atomix.protocols.raft.RaftTest$TestPrimitiveType@35bfa1bb, name=raft-test} - Received CommandResponse{status=OK, index=22, eventIndex=2, result=byte[]{length=2, hash=1284}} from 1
02:55:15.779 [raft-client-6c0a1bb2-986e-47f7-86e2-6a736c947544-1] TRACE i.a.p.r.p.impl.RaftProxySequencer - ProxySession{2}{type=io.atomix.protocols.raft.RaftTest$TestPrimitiveType@35bfa1bb, name=raft-test} - Completing response CommandResponse{status=OK, index=22, eventIndex=2, result=byte[]{length=2, hash=1284}}
02:55:15.779 [raft-client-6c0a1bb2-986e-47f7-86e2-6a736c947544-1] TRACE i.a.p.r.p.impl.RaftProxyConnection - ProxySession{2}{type=io.atomix.protocols.raft.RaftTest$TestPrimitiveType@35bfa1bb, name=raft-test} - Sending CommandRequest{session=2, sequence=18, operation=PrimitiveOperation{id=DefaultOperationId{id=write, type=COMMAND}, value=byte[]{length=17, hash=-1644578928}}} to 1
02:55:15.779 [raft-server-1] TRACE i.a.protocols.raft.roles.LeaderRole - RaftServer{1}{role=LEADER} - Received CommandRequest{session=2, sequence=18, operation=PrimitiveOperation{id=DefaultOperationId{id=write, type=COMMAND}, value=byte[]{length=17, hash=-1644578928}}}
02:55:15.780 [raft-server-1] TRACE i.a.protocols.raft.roles.LeaderRole - RaftServer{1}{role=LEADER} - Appended Indexed{index=23, entry=CommandEntry{term=1, timestamp=2018-06-09 02:55:15,780, session=2, sequence=18, operation=PrimitiveOperation{id=DefaultOperationId{id=write, type=COMMAND}, value=byte[]{length=17, hash=-1644578928}}}}
02:55:15.861 [raft-client-6c0a1bb2-986e-47f7-86e2-6a736c947544-0] TRACE i.a.p.r.proxy.impl.RaftProxyManager - RaftClient{6c0a1bb2-986e-47f7-86e2-6a736c947544} - Keeping 1 sessions alive
02:55:15.861 [raft-client-6c0a1bb2-986e-47f7-86e2-6a736c947544-0] TRACE i.a.p.r.p.impl.RaftProxyConnection - RaftClient{6c0a1bb2-986e-47f7-86e2-6a736c947544} - Sending KeepAliveRequest{sessionIds=long[]{length=1, hash=33}, commandSequences=long[]{length=1, hash=48}, eventIndexes=long[]{length=1, hash=33}} to 2
02:55:15.877 [raft-server-3] TRACE i.a.p.raft.roles.FollowerRole - RaftServer{3}{role=FOLLOWER} - Committed entries up to index 22
02:55:15.877 [raft-server-2] TRACE i.a.p.raft.roles.FollowerRole - RaftServer{2}{role=FOLLOWER} - Committed entries up to index 22
02:55:15.878 [raft-server-3] TRACE i.a.p.raft.roles.FollowerRole - RaftServer{3}{role=FOLLOWER} - Sending AppendResponse{status=OK, term=1, succeeded=true, lastLogIndex=22}
02:55:15.878 [raft-server-2] TRACE i.a.p.raft.roles.FollowerRole - RaftServer{2}{role=FOLLOWER} - Sending AppendResponse{status=OK, term=1, succeeded=true, lastLogIndex=22}
02:55:15.878 [raft-server-1] TRACE i.a.p.raft.roles.LeaderAppender - RaftServer{1} - Received AppendResponse{status=OK, term=1, succeeded=true, lastLogIndex=22} from 3
02:55:15.878 [raft-server-2] TRACE i.a.p.raft.roles.FollowerRole - RaftServer{2}{role=FOLLOWER} - Received KeepAliveRequest{sessionIds=long[]{length=1, hash=33}, commandSequences=long[]{length=1, hash=48}, eventIndexes=long[]{length=1, hash=33}}
02:55:15.878 [raft-server-1] TRACE i.a.p.raft.roles.LeaderAppender - RaftServer{1} - Sending AppendRequest{term=1, leader=1, prevLogIndex=22, prevLogTerm=1, entries=1, commitIndex=22} to 3
02:55:15.878 [raft-server-3-state] TRACE i.a.p.raft.impl.RaftServiceManager - RaftServer{3} - Applying Indexed{index=22, entry=CommandEntry{term=1, timestamp=2018-06-09 02:55:15,583, session=2, sequence=17, operation=PrimitiveOperation{id=DefaultOperationId{id=write, type=COMMAND}, value=byte[]{length=17, hash=-1644578928}}}}
02:55:15.878 [raft-server-1] TRACE i.a.p.raft.roles.LeaderAppender - RaftServer{1} - Sending AppendRequest{term=1, leader=1, prevLogIndex=22, prevLogTerm=1, entries=1, commitIndex=22} to 2
02:55:15.878 [raft-server-2-state] TRACE i.a.p.raft.impl.RaftServiceManager - RaftServer{2} - Applying Indexed{index=22, entry=CommandEntry{term=1, timestamp=2018-06-09 02:55:15,583, session=2, sequence=17, operation=PrimitiveOperation{id=DefaultOperationId{id=write, type=COMMAND}, value=byte[]{length=17, hash=-1644578928}}}}
02:55:15.878 [raft-server-1] TRACE i.a.p.raft.roles.LeaderAppender - RaftServer{1} - Received AppendResponse{status=OK, term=1, succeeded=true, lastLogIndex=22} from 2
02:55:15.878 [raft-server-3-state] TRACE i.a.p.s.impl.DefaultServiceExecutor - PrimitiveService{2}{type=io.atomix.protocols.raft.RaftTest$TestPrimitiveType@34b8c602, name=raft-test} - Executing DefaultCommit{index=22, session=RaftSession{RaftServiceContext{server=3, type=io.atomix.protocols.raft.RaftTest$TestPrimitiveType@34b8c602, name=raft-test, id=2}, session=2, timestamp=2018-06-09 02:55:15,583}, time=2018-06-09 02:55:15,583, operation=DefaultOperationId{id=write, type=COMMAND}, value=byte[]{length=17, hash=-1644578928}}
02:55:15.878 [raft-server-2] TRACE i.a.p.raft.roles.FollowerRole - RaftServer{2}{role=FOLLOWER} - Received AppendRequest{term=1, leader=1, prevLogIndex=22, prevLogTerm=1, entries=1, commitIndex=22}
02:55:15.878 [raft-server-2-state] TRACE i.a.p.s.impl.DefaultServiceExecutor - PrimitiveService{2}{type=io.atomix.protocols.raft.RaftTest$TestPrimitiveType@21189677, name=raft-test} - Executing DefaultCommit{index=22, session=RaftSession{RaftServiceContext{server=2, type=io.atomix.protocols.raft.RaftTest$TestPrimitiveType@21189677, name=raft-test, id=2}, session=2, timestamp=2018-06-09 02:55:15,583}, time=2018-06-09 02:55:15,583, operation=DefaultOperationId{id=write, type=COMMAND}, value=byte[]{length=17, hash=-1644578928}}
02:55:15.878 [raft-server-1] TRACE i.a.protocols.raft.roles.LeaderRole - RaftServer{1}{role=LEADER} - Received KeepAliveRequest{sessionIds=long[]{length=1, hash=33}, commandSequences=long[]{length=1, hash=48}, eventIndexes=long[]{length=1, hash=33}}
02:55:15.878 [raft-server-2] TRACE i.a.p.raft.roles.FollowerRole - RaftServer{2}{role=FOLLOWER} - Appended Indexed{index=23, entry=CommandEntry{term=1, timestamp=2018-06-09 02:55:15,780, session=2, sequence=18, operation=PrimitiveOperation{id=DefaultOperationId{id=write, type=COMMAND}, value=byte[]{length=17, hash=-1644578928}}}}
02:55:15.879 [raft-server-3] TRACE i.a.p.raft.roles.FollowerRole - RaftServer{3}{role=FOLLOWER} - Received AppendRequest{term=1, leader=1, prevLogIndex=22, prevLogTerm=1, entries=1, commitIndex=22}
02:55:15.879 [raft-server-2] TRACE i.a.p.raft.roles.FollowerRole - RaftServer{2}{role=FOLLOWER} - Sending AppendResponse{status=OK, term=1, succeeded=true, lastLogIndex=23}
02:55:15.878 [raft-server-1] TRACE i.a.protocols.raft.roles.LeaderRole - RaftServer{1}{role=LEADER} - Appended Indexed{index=24, entry=KeepAliveEntry{term=1, timestamp=2018-06-09 02:55:15,878, sessionIds=long[]{length=1, hash=33}, commandSequences=long[]{length=1, hash=48}, eventIndexes=long[]{length=1, hash=33}}}
02:55:15.879 [raft-server-1] TRACE i.a.p.raft.roles.LeaderAppender - RaftServer{1} - Received AppendResponse{status=OK, term=1, succeeded=true, lastLogIndex=23} from 2
02:55:15.879 [raft-server-3] TRACE i.a.p.raft.roles.FollowerRole - RaftServer{3}{role=FOLLOWER} - Appended Indexed{index=23, entry=CommandEntry{term=1, timestamp=2018-06-09 02:55:15,780, session=2, sequence=18, operation=PrimitiveOperation{id=DefaultOperationId{id=write, type=COMMAND}, value=byte[]{length=17, hash=-1644578928}}}}
02:55:15.879 [raft-server-1] TRACE i.a.p.raft.roles.LeaderAppender - RaftServer{1} - Committed entries up to 23
02:55:15.879 [raft-server-3] TRACE i.a.p.raft.roles.FollowerRole - RaftServer{3}{role=FOLLOWER} - Sending AppendResponse{status=OK, term=1, succeeded=true, lastLogIndex=23}
02:55:15.973 [raft-server-1] TRACE i.a.p.raft.roles.LeaderAppender - RaftServer{1} - Sending AppendRequest{term=1, leader=1, prevLogIndex=23, prevLogTerm=1, entries=1, commitIndex=23} to 2
02:55:15.973 [raft-server-2] TRACE i.a.p.raft.roles.FollowerRole - RaftServer{2}{role=FOLLOWER} - Received AppendRequest{term=1, leader=1, prevLogIndex=23, prevLogTerm=1, entries=1, commitIndex=23}
02:55:15.974 [raft-server-1] TRACE i.a.p.raft.roles.LeaderAppender - RaftServer{1} - Sending AppendRequest{term=1, leader=1, prevLogIndex=23, prevLogTerm=1, entries=1, commitIndex=23} to 3
02:55:15.974 [raft-server-3] TRACE i.a.p.raft.roles.FollowerRole - RaftServer{3}{role=FOLLOWER} - Received AppendRequest{term=1, leader=1, prevLogIndex=23, prevLogTerm=1, entries=1, commitIndex=23}
02:55:15.974 [raft-server-1] TRACE i.a.p.raft.roles.LeaderAppender - RaftServer{1} - Received AppendResponse{status=OK, term=1, succeeded=true, lastLogIndex=23} from 3
02:55:15.974 [raft-server-2] TRACE i.a.p.raft.roles.FollowerRole - RaftServer{2}{role=FOLLOWER} - Appended Indexed{index=24, entry=KeepAliveEntry{term=1, timestamp=2018-06-09 02:55:15,878, sessionIds=long[]{length=1, hash=33}, commandSequences=long[]{length=1, hash=48}, eventIndexes=long[]{length=1, hash=33}}}
02:55:15.974 [raft-server-3] TRACE i.a.p.raft.roles.FollowerRole - RaftServer{3}{role=FOLLOWER} - Appended Indexed{index=24, entry=KeepAliveEntry{term=1, timestamp=2018-06-09 02:55:15,878, sessionIds=long[]{length=1, hash=33}, commandSequences=long[]{length=1, hash=48}, eventIndexes=long[]{length=1, hash=33}}}
02:55:15.974 [raft-server-1-state] TRACE i.a.p.raft.impl.RaftServiceManager - RaftServer{1} - Applying Indexed{index=23, entry=CommandEntry{term=1, timestamp=2018-06-09 02:55:15,780, session=2, sequence=18, operation=PrimitiveOperation{id=DefaultOperationId{id=write, type=COMMAND}, value=byte[]{length=17, hash=-1644578928}}}}
02:55:15.974 [raft-server-1-state] TRACE i.a.p.s.impl.DefaultServiceExecutor - PrimitiveService{2}{type=io.atomix.protocols.raft.RaftTest$TestPrimitiveType@60cd3cc, name=raft-test} - Executing DefaultCommit{index=23, session=RaftSession{RaftServiceContext{server=1, type=io.atomix.protocols.raft.RaftTest$TestPrimitiveType@60cd3cc, name=raft-test, id=2}, session=2, timestamp=2018-06-09 02:55:15,780}, time=2018-06-09 02:55:15,780, operation=DefaultOperationId{id=write, type=COMMAND}, value=byte[]{length=17, hash=-1644578928}}
02:55:15.974 [raft-server-1-state] TRACE i.a.protocols.raft.roles.LeaderRole - RaftServer{1}{role=LEADER} - Sending CommandResponse{status=OK, index=23, eventIndex=2, result=byte[]{length=2, hash=1286}}
02:55:15.974 [raft-client-6c0a1bb2-986e-47f7-86e2-6a736c947544-3] TRACE i.a.p.r.p.impl.RaftProxyConnection - ProxySession{2}{type=io.atomix.protocols.raft.RaftTest$TestPrimitiveType@35bfa1bb, name=raft-test} - Received CommandResponse{status=OK, index=23, eventIndex=2, result=byte[]{length=2, hash=1286}} from 1
02:55:15.974 [raft-client-6c0a1bb2-986e-47f7-86e2-6a736c947544-3] TRACE i.a.p.r.p.impl.RaftProxySequencer - ProxySession{2}{type=io.atomix.protocols.raft.RaftTest$TestPrimitiveType@35bfa1bb, name=raft-test} - Completing response CommandResponse{status=OK, index=23, eventIndex=2, result=byte[]{length=2, hash=1286}}
02:55:15.975 [raft-client-6c0a1bb2-986e-47f7-86e2-6a736c947544-1] TRACE i.a.p.r.p.impl.RaftProxyConnection - ProxySession{2}{type=io.atomix.protocols.raft.RaftTest$TestPrimitiveType@35bfa1bb, name=raft-test} - Sending CommandRequest{session=2, sequence=19, operation=PrimitiveOperation{id=DefaultOperationId{id=write, type=COMMAND}, value=byte[]{length=17, hash=-1644578928}}} to 1
02:55:15.975 [raft-server-1] TRACE i.a.protocols.raft.roles.LeaderRole - RaftServer{1}{role=LEADER} - Received CommandRequest{session=2, sequence=19, operation=PrimitiveOperation{id=DefaultOperationId{id=write, type=COMMAND}, value=byte[]{length=17, hash=-1644578928}}}
02:55:15.975 [raft-server-1] TRACE i.a.protocols.raft.roles.LeaderRole - RaftServer{1}{role=LEADER} - Appended Indexed{index=25, entry=CommandEntry{term=1, timestamp=2018-06-09 02:55:15,975, session=2, sequence=19, operation=PrimitiveOperation{id=DefaultOperationId{id=write, type=COMMAND}, value=byte[]{length=17, hash=-1644578928}}}}
02:55:16.090 [raft-server-3] TRACE i.a.p.raft.roles.FollowerRole - RaftServer{3}{role=FOLLOWER} - Committed entries up to index 23
02:55:16.090 [raft-server-2] TRACE i.a.p.raft.roles.FollowerRole - RaftServer{2}{role=FOLLOWER} - Committed entries up to index 23
02:55:16.090 [raft-server-3] TRACE i.a.p.raft.roles.FollowerRole - RaftServer{3}{role=FOLLOWER} - Sending AppendResponse{status=OK, term=1, succeeded=true, lastLogIndex=24}
02:55:16.090 [raft-server-2] TRACE i.a.p.raft.roles.FollowerRole - RaftServer{2}{role=FOLLOWER} - Sending AppendResponse{status=OK, term=1, succeeded=true, lastLogIndex=24}
02:55:16.090 [raft-server-1] TRACE i.a.p.raft.roles.LeaderAppender - RaftServer{1} - Received AppendResponse{status=OK, term=1, succeeded=true, lastLogIndex=24} from 3
02:55:16.090 [raft-server-3-state] TRACE i.a.p.raft.impl.RaftServiceManager - RaftServer{3} - Applying Indexed{index=23, entry=CommandEntry{term=1, timestamp=2018-06-09 02:55:15,780, session=2, sequence=18, operation=PrimitiveOperation{id=DefaultOperationId{id=write, type=COMMAND}, value=byte[]{length=17, hash=-1644578928}}}}
02:55:16.090 [raft-server-1] TRACE i.a.p.raft.roles.LeaderAppender - RaftServer{1} - Committed entries up to 24
02:55:16.090 [raft-server-2-state] TRACE i.a.p.raft.impl.RaftServiceManager - RaftServer{2} - Applying Indexed{index=23, entry=CommandEntry{term=1, timestamp=2018-06-09 02:55:15,780, session=2, sequence=18, operation=PrimitiveOperation{id=DefaultOperationId{id=write, type=COMMAND}, value=byte[]{length=17, hash=-1644578928}}}}
02:55:16.090 [raft-server-3-state] TRACE i.a.p.s.impl.DefaultServiceExecutor - PrimitiveService{2}{type=io.atomix.protocols.raft.RaftTest$TestPrimitiveType@34b8c602, name=raft-test} - Executing DefaultCommit{index=23, session=RaftSession{RaftServiceContext{server=3, type=io.atomix.protocols.raft.RaftTest$TestPrimitiveType@34b8c602, name=raft-test, id=2}, session=2, timestamp=2018-06-09 02:55:15,780}, time=2018-06-09 02:55:15,780, operation=DefaultOperationId{id=write, type=COMMAND}, value=byte[]{length=17, hash=-1644578928}}
02:55:16.091 [raft-server-2-state] TRACE i.a.p.s.impl.DefaultServiceExecutor - PrimitiveService{2}{type=io.atomix.protocols.raft.RaftTest$TestPrimitiveType@21189677, name=raft-test} - Executing DefaultCommit{index=23, session=RaftSession{RaftServiceContext{server=2, type=io.atomix.protocols.raft.RaftTest$TestPrimitiveType@21189677, name=raft-test, id=2}, session=2, timestamp=2018-06-09 02:55:15,780}, time=2018-06-09 02:55:15,780, operation=DefaultOperationId{id=write, type=COMMAND}, value=byte[]{length=17, hash=-1644578928}}
02:55:16.182 [raft-server-1] TRACE i.a.p.raft.roles.LeaderAppender - RaftServer{1} - Sending AppendRequest{term=1, leader=1, prevLogIndex=24, prevLogTerm=1, entries=1, commitIndex=24} to 3
02:55:16.182 [raft-server-3] TRACE i.a.p.raft.roles.FollowerRole - RaftServer{3}{role=FOLLOWER} - Received AppendRequest{term=1, leader=1, prevLogIndex=24, prevLogTerm=1, entries=1, commitIndex=24}
02:55:16.182 [raft-server-1] TRACE i.a.p.raft.roles.LeaderAppender - RaftServer{1} - Sending AppendRequest{term=1, leader=1, prevLogIndex=24, prevLogTerm=1, entries=1, commitIndex=24} to 2
02:55:16.182 [raft-server-1] TRACE i.a.p.raft.roles.LeaderAppender - RaftServer{1} - Received AppendResponse{status=OK, term=1, succeeded=true, lastLogIndex=24} from 2
02:55:16.182 [raft-server-2] TRACE i.a.p.raft.roles.FollowerRole - RaftServer{2}{role=FOLLOWER} - Received AppendRequest{term=1, leader=1, prevLogIndex=24, prevLogTerm=1, entries=1, commitIndex=24}
02:55:16.182 [raft-server-3] TRACE i.a.p.raft.roles.FollowerRole - RaftServer{3}{role=FOLLOWER} - Appended Indexed{index=25, entry=CommandEntry{term=1, timestamp=2018-06-09 02:55:15,975, session=2, sequence=19, operation=PrimitiveOperation{id=DefaultOperationId{id=write, type=COMMAND}, value=byte[]{length=17, hash=-1644578928}}}}
02:55:16.182 [raft-server-2] TRACE i.a.p.raft.roles.FollowerRole - RaftServer{2}{role=FOLLOWER} - Appended Indexed{index=25, entry=CommandEntry{term=1, timestamp=2018-06-09 02:55:15,975, session=2, sequence=19, operation=PrimitiveOperation{id=DefaultOperationId{id=write, type=COMMAND}, value=byte[]{length=17, hash=-1644578928}}}}
02:55:16.182 [raft-server-1-state] TRACE i.a.p.raft.impl.RaftServiceManager - RaftServer{1} - Applying Indexed{index=24, entry=KeepAliveEntry{term=1, timestamp=2018-06-09 02:55:15,878, sessionIds=long[]{length=1, hash=33}, commandSequences=long[]{length=1, hash=48}, eventIndexes=long[]{length=1, hash=33}}}
02:55:16.183 [raft-server-1] TRACE i.a.protocols.raft.roles.LeaderRole - RaftServer{1}{role=LEADER} - Sending KeepAliveResponse{status=OK, leader=1, members=[1, 3, 2], sessionIds=long[]{length=1, hash=33}}
02:55:16.285 [raft-server-3] TRACE i.a.p.raft.roles.FollowerRole - RaftServer{3}{role=FOLLOWER} - Committed entries up to index 24
02:55:16.285 [raft-server-2] TRACE i.a.p.raft.roles.FollowerRole - RaftServer{2}{role=FOLLOWER} - Committed entries up to index 24
02:55:16.285 [raft-server-3] TRACE i.a.p.raft.roles.FollowerRole - RaftServer{3}{role=FOLLOWER} - Sending AppendResponse{status=OK, term=1, succeeded=true, lastLogIndex=25}
02:55:16.285 [raft-server-2] TRACE i.a.p.raft.roles.FollowerRole - RaftServer{2}{role=FOLLOWER} - Sending AppendResponse{status=OK, term=1, succeeded=true, lastLogIndex=25}
02:55:16.286 [raft-server-1] TRACE i.a.p.raft.roles.LeaderAppender - RaftServer{1} - Received AppendResponse{status=OK, term=1, succeeded=true, lastLogIndex=25} from 3
02:55:16.286 [raft-server-1] TRACE i.a.p.raft.roles.LeaderAppender - RaftServer{1} - Committed entries up to 25
02:55:16.286 [raft-server-2] TRACE i.a.p.raft.roles.FollowerRole - RaftServer{2}{role=FOLLOWER} - Sending KeepAliveResponse{status=OK, leader=1, members=[1, 3, 2], sessionIds=long[]{length=1, hash=33}}
02:55:16.286 [raft-server-3-state] TRACE i.a.p.raft.impl.RaftServiceManager - RaftServer{3} - Applying Indexed{index=24, entry=KeepAliveEntry{term=1, timestamp=2018-06-09 02:55:15,878, sessionIds=long[]{length=1, hash=33}, commandSequences=long[]{length=1, hash=48}, eventIndexes=long[]{length=1, hash=33}}}
02:55:16.286 [raft-client-6c0a1bb2-986e-47f7-86e2-6a736c947544-5] TRACE i.a.p.r.p.impl.RaftProxyConnection - RaftClient{6c0a1bb2-986e-47f7-86e2-6a736c947544} - Received KeepAliveResponse{status=OK, leader=1, members=[1, 3, 2], sessionIds=long[]{length=1, hash=33}} from 2
02:55:16.286 [raft-server-2-state] TRACE i.a.p.raft.impl.RaftServiceManager - RaftServer{2} - Applying Indexed{index=24, entry=KeepAliveEntry{term=1, timestamp=2018-06-09 02:55:15,878, sessionIds=long[]{length=1, hash=33}, commandSequences=long[]{length=1, hash=48}, eventIndexes=long[]{length=1, hash=33}}}
02:55:16.376 [raft-server-1] TRACE i.a.p.raft.roles.LeaderAppender - RaftServer{1} - Sending AppendRequest{term=1, leader=1, prevLogIndex=25, prevLogTerm=1, entries=0, commitIndex=25} to 3
02:55:16.376 [raft-server-1] TRACE i.a.p.raft.roles.LeaderAppender - RaftServer{1} - Received AppendResponse{status=OK, term=1, succeeded=true, lastLogIndex=25} from 2
02:55:16.376 [raft-server-1] TRACE i.a.p.raft.roles.LeaderAppender - RaftServer{1} - Sending AppendRequest{term=1, leader=1, prevLogIndex=25, prevLogTerm=1, entries=0, commitIndex=25} to 2
02:55:16.376 [raft-server-3] TRACE i.a.p.raft.roles.FollowerRole - RaftServer{3}{role=FOLLOWER} - Received AppendRequest{term=1, leader=1, prevLogIndex=25, prevLogTerm=1, entries=0, commitIndex=25}
02:55:16.376 [raft-server-2] TRACE i.a.p.raft.roles.FollowerRole - RaftServer{2}{role=FOLLOWER} - Received AppendRequest{term=1, leader=1, prevLogIndex=25, prevLogTerm=1, entries=0, commitIndex=25}
02:55:16.376 [raft-server-2] TRACE i.a.p.raft.roles.FollowerRole - RaftServer{2}{role=FOLLOWER} - Committed entries up to index 25
02:55:16.376 [raft-server-2] TRACE i.a.p.raft.roles.FollowerRole - RaftServer{2}{role=FOLLOWER} - Sending AppendResponse{status=OK, term=1, succeeded=true, lastLogIndex=25}
02:55:16.376 [raft-server-1-state] TRACE i.a.p.raft.impl.RaftServiceManager - RaftServer{1} - Applying Indexed{index=25, entry=CommandEntry{term=1, timestamp=2018-06-09 02:55:15,975, session=2, sequence=19, operation=PrimitiveOperation{id=DefaultOperationId{id=write, type=COMMAND}, value=byte[]{length=17, hash=-1644578928}}}}
02:55:16.376 [raft-server-1] TRACE i.a.p.raft.roles.LeaderAppender - RaftServer{1} - Received AppendResponse{status=OK, term=1, succeeded=true, lastLogIndex=25} from 2
02:55:16.376 [raft-server-2-state] TRACE i.a.p.raft.impl.RaftServiceManager - RaftServer{2} - Applying Indexed{index=25, entry=CommandEntry{term=1, timestamp=2018-06-09 02:55:15,975, session=2, sequence=19, operation=PrimitiveOperation{id=DefaultOperationId{id=write, type=COMMAND}, value=byte[]{length=17, hash=-1644578928}}}}
02:55:16.376 [raft-server-1-state] TRACE i.a.p.s.impl.DefaultServiceExecutor - PrimitiveService{2}{type=io.atomix.protocols.raft.RaftTest$TestPrimitiveType@60cd3cc, name=raft-test} - Executing DefaultCommit{index=25, session=RaftSession{RaftServiceContext{server=1, type=io.atomix.protocols.raft.RaftTest$TestPrimitiveType@60cd3cc, name=raft-test, id=2}, session=2, timestamp=2018-06-09 02:55:15,975}, time=2018-06-09 02:55:15,975, operation=DefaultOperationId{id=write, type=COMMAND}, value=byte[]{length=17, hash=-1644578928}}
02:55:16.376 [raft-server-2-state] TRACE i.a.p.s.impl.DefaultServiceExecutor - PrimitiveService{2}{type=io.atomix.protocols.raft.RaftTest$TestPrimitiveType@21189677, name=raft-test} - Executing DefaultCommit{index=25, session=RaftSession{RaftServiceContext{server=2, type=io.atomix.protocols.raft.RaftTest$TestPrimitiveType@21189677, name=raft-test, id=2}, session=2, timestamp=2018-06-09 02:55:15,975}, time=2018-06-09 02:55:15,975, operation=DefaultOperationId{id=write, type=COMMAND}, value=byte[]{length=17, hash=-1644578928}}
02:55:16.376 [raft-server-1-state] TRACE i.a.protocols.raft.roles.LeaderRole - RaftServer{1}{role=LEADER} - Sending CommandResponse{status=OK, index=25, eventIndex=2, result=byte[]{length=2, hash=1290}}
02:55:16.376 [raft-client-6c0a1bb2-986e-47f7-86e2-6a736c947544-2] TRACE i.a.p.r.p.impl.RaftProxyConnection - ProxySession{2}{type=io.atomix.protocols.raft.RaftTest$TestPrimitiveType@35bfa1bb, name=raft-test} - Received CommandResponse{status=OK, index=25, eventIndex=2, result=byte[]{length=2, hash=1290}} from 1
02:55:16.376 [raft-client-6c0a1bb2-986e-47f7-86e2-6a736c947544-2] TRACE i.a.p.r.p.impl.RaftProxySequencer - ProxySession{2}{type=io.atomix.protocols.raft.RaftTest$TestPrimitiveType@35bfa1bb, name=raft-test} - Completing response CommandResponse{status=OK, index=25, eventIndex=2, result=byte[]{length=2, hash=1290}}
02:55:16.377 [raft-client-6c0a1bb2-986e-47f7-86e2-6a736c947544-2] TRACE i.a.p.r.p.impl.RaftProxyConnection - ProxySession{2}{type=io.atomix.protocols.raft.RaftTest$TestPrimitiveType@35bfa1bb, name=raft-test} - Sending CommandRequest{session=2, sequence=20, operation=PrimitiveOperation{id=DefaultOperationId{id=write, type=COMMAND}, value=byte[]{length=17, hash=-1644578928}}} to 1
02:55:16.378 [raft-server-1] TRACE i.a.protocols.raft.roles.LeaderRole - RaftServer{1}{role=LEADER} - Received CommandRequest{session=2, sequence=20, operation=PrimitiveOperation{id=DefaultOperationId{id=write, type=COMMAND}, value=byte[]{length=17, hash=-1644578928}}}
02:55:16.378 [raft-server-1] TRACE i.a.protocols.raft.roles.LeaderRole - RaftServer{1}{role=LEADER} - Appended Indexed{index=26, entry=CommandEntry{term=1, timestamp=2018-06-09 02:55:16,378, session=2, sequence=20, operation=PrimitiveOperation{id=DefaultOperationId{id=write, type=COMMAND}, value=byte[]{length=17, hash=-1644578928}}}}
02:55:16.379 [raft-server-1] TRACE i.a.p.raft.roles.LeaderAppender - RaftServer{1} - Sending AppendRequest{term=1, leader=1, prevLogIndex=25, prevLogTerm=1, entries=1, commitIndex=25} to 2
02:55:16.379 [raft-server-2] TRACE i.a.p.raft.roles.FollowerRole - RaftServer{2}{role=FOLLOWER} - Received AppendRequest{term=1, leader=1, prevLogIndex=25, prevLogTerm=1, entries=1, commitIndex=25}
02:55:16.379 [raft-server-2] TRACE i.a.p.raft.roles.FollowerRole - RaftServer{2}{role=FOLLOWER} - Appended Indexed{index=26, entry=CommandEntry{term=1, timestamp=2018-06-09 02:55:16,378, session=2, sequence=20, operation=PrimitiveOperation{id=DefaultOperationId{id=write, type=COMMAND}, value=byte[]{length=17, hash=-1644578928}}}}
02:55:16.379 [raft-server-2] TRACE i.a.p.raft.roles.FollowerRole - RaftServer{2}{role=FOLLOWER} - Sending AppendResponse{status=OK, term=1, succeeded=true, lastLogIndex=26}
02:55:16.379 [raft-server-1] TRACE i.a.p.raft.roles.LeaderAppender - RaftServer{1} - Received AppendResponse{status=OK, term=1, succeeded=true, lastLogIndex=26} from 2
02:55:16.379 [raft-server-1] TRACE i.a.p.raft.roles.LeaderAppender - RaftServer{1} - Committed entries up to 26
02:55:16.490 [raft-server-3] TRACE i.a.p.raft.roles.FollowerRole - RaftServer{3}{role=FOLLOWER} - Committed entries up to index 25
02:55:16.490 [raft-server-3] TRACE i.a.p.raft.roles.FollowerRole - RaftServer{3}{role=FOLLOWER} - Sending AppendResponse{status=OK, term=1, succeeded=true, lastLogIndex=25}
02:55:16.490 [raft-server-3-state] TRACE i.a.p.raft.impl.RaftServiceManager - RaftServer{3} - Applying Indexed{index=25, entry=CommandEntry{term=1, timestamp=2018-06-09 02:55:15,975, session=2, sequence=19, operation=PrimitiveOperation{id=DefaultOperationId{id=write, type=COMMAND}, value=byte[]{length=17, hash=-1644578928}}}}
02:55:16.490 [raft-server-3-state] TRACE i.a.p.s.impl.DefaultServiceExecutor - PrimitiveService{2}{type=io.atomix.protocols.raft.RaftTest$TestPrimitiveType@34b8c602, name=raft-test} - Executing DefaultCommit{index=25, session=RaftSession{RaftServiceContext{server=3, type=io.atomix.protocols.raft.RaftTest$TestPrimitiveType@34b8c602, name=raft-test, id=2}, session=2, timestamp=2018-06-09 02:55:15,975}, time=2018-06-09 02:55:15,975, operation=DefaultOperationId{id=write, type=COMMAND}, value=byte[]{length=17, hash=-1644578928}}
02:55:16.657 [raft-server-1] TRACE i.a.p.raft.roles.LeaderAppender - RaftServer{1} - Sending AppendRequest{term=1, leader=1, prevLogIndex=25, prevLogTerm=1, entries=1, commitIndex=26} to 3
02:55:16.657 [raft-server-3] TRACE i.a.p.raft.roles.FollowerRole - RaftServer{3}{role=FOLLOWER} - Received AppendRequest{term=1, leader=1, prevLogIndex=25, prevLogTerm=1, entries=1, commitIndex=26}
02:55:16.657 [raft-server-1] TRACE i.a.p.raft.roles.LeaderAppender - RaftServer{1} - Sending AppendRequest{term=1, leader=1, prevLogIndex=26, prevLogTerm=1, entries=0, commitIndex=26} to 2
02:55:16.657 [raft-server-1] TRACE i.a.p.raft.roles.LeaderAppender - RaftServer{1} - Received AppendResponse{status=OK, term=1, succeeded=true, lastLogIndex=25} from 3
02:55:16.657 [raft-server-2] TRACE i.a.p.raft.roles.FollowerRole - RaftServer{2}{role=FOLLOWER} - Received AppendRequest{term=1, leader=1, prevLogIndex=26, prevLogTerm=1, entries=0, commitIndex=26}
02:55:16.657 [raft-server-3] TRACE i.a.p.raft.roles.FollowerRole - RaftServer{3}{role=FOLLOWER} - Appended Indexed{index=26, entry=CommandEntry{term=1, timestamp=2018-06-09 02:55:16,378, session=2, sequence=20, operation=PrimitiveOperation{id=DefaultOperationId{id=write, type=COMMAND}, value=byte[]{length=17, hash=-1644578928}}}}
02:55:16.657 [raft-server-1-state] TRACE i.a.p.raft.impl.RaftServiceManager - RaftServer{1} - Applying Indexed{index=26, entry=CommandEntry{term=1, timestamp=2018-06-09 02:55:16,378, session=2, sequence=20, operation=PrimitiveOperation{id=DefaultOperationId{id=write, type=COMMAND}, value=byte[]{length=17, hash=-1644578928}}}}
02:55:16.657 [raft-server-1-state] TRACE i.a.p.s.impl.DefaultServiceExecutor - PrimitiveService{2}{type=io.atomix.protocols.raft.RaftTest$TestPrimitiveType@60cd3cc, name=raft-test} - Executing DefaultCommit{index=26, session=RaftSession{RaftServiceContext{server=1, type=io.atomix.protocols.raft.RaftTest$TestPrimitiveType@60cd3cc, name=raft-test, id=2}, session=2, timestamp=2018-06-09 02:55:16,378}, time=2018-06-09 02:55:16,378, operation=DefaultOperationId{id=write, type=COMMAND}, value=byte[]{length=17, hash=-1644578928}}
02:55:16.657 [raft-server-1-state] TRACE i.a.protocols.raft.roles.LeaderRole - RaftServer{1}{role=LEADER} - Sending CommandResponse{status=OK, index=26, eventIndex=2, result=byte[]{length=2, hash=1292}}
02:55:16.658 [raft-client-6c0a1bb2-986e-47f7-86e2-6a736c947544-5] TRACE i.a.p.r.p.impl.RaftProxyConnection - ProxySession{2}{type=io.atomix.protocols.raft.RaftTest$TestPrimitiveType@35bfa1bb, name=raft-test} - Received CommandResponse{status=OK, index=26, eventIndex=2, result=byte[]{length=2, hash=1292}} from 1
02:55:16.658 [raft-client-6c0a1bb2-986e-47f7-86e2-6a736c947544-5] TRACE i.a.p.r.p.impl.RaftProxySequencer - ProxySession{2}{type=io.atomix.protocols.raft.RaftTest$TestPrimitiveType@35bfa1bb, name=raft-test} - Completing response CommandResponse{status=OK, index=26, eventIndex=2, result=byte[]{length=2, hash=1292}}
02:55:16.658 [raft-client-6c0a1bb2-986e-47f7-86e2-6a736c947544-4] TRACE i.a.p.r.p.impl.RaftProxyConnection - ProxySession{2}{type=io.atomix.protocols.raft.RaftTest$TestPrimitiveType@35bfa1bb, name=raft-test} - Sending CommandRequest{session=2, sequence=21, operation=PrimitiveOperation{id=DefaultOperationId{id=write, type=COMMAND}, value=byte[]{length=17, hash=-1644578928}}} to 1
02:55:16.658 [raft-server-1] TRACE i.a.protocols.raft.roles.LeaderRole - RaftServer{1}{role=LEADER} - Received CommandRequest{session=2, sequence=21, operation=PrimitiveOperation{id=DefaultOperationId{id=write, type=COMMAND}, value=byte[]{length=17, hash=-1644578928}}}
02:55:16.658 [raft-server-1] TRACE i.a.protocols.raft.roles.LeaderRole - RaftServer{1}{role=LEADER} - Appended Indexed{index=27, entry=CommandEntry{term=1, timestamp=2018-06-09 02:55:16,658, session=2, sequence=21, operation=PrimitiveOperation{id=DefaultOperationId{id=write, type=COMMAND}, value=byte[]{length=17, hash=-1644578928}}}}
02:55:16.721 [raft-server-1] TRACE i.a.p.raft.roles.LeaderAppender - RaftServer{1} - Sending AppendRequest{term=1, leader=1, prevLogIndex=26, prevLogTerm=1, entries=1, commitIndex=26} to 2
02:55:16.811 [raft-server-3] TRACE i.a.p.raft.roles.FollowerRole - RaftServer{3}{role=FOLLOWER} - Committed entries up to index 26
02:55:16.811 [raft-server-2] TRACE i.a.p.raft.roles.FollowerRole - RaftServer{2}{role=FOLLOWER} - Committed entries up to index 26
02:55:16.811 [raft-server-3] TRACE i.a.p.raft.roles.FollowerRole - RaftServer{3}{role=FOLLOWER} - Sending AppendResponse{status=OK, term=1, succeeded=true, lastLogIndex=26}
02:55:16.811 [raft-server-2] TRACE i.a.p.raft.roles.FollowerRole - RaftServer{2}{role=FOLLOWER} - Sending AppendResponse{status=OK, term=1, succeeded=true, lastLogIndex=26}
02:55:16.811 [raft-server-2] TRACE i.a.p.raft.roles.FollowerRole - RaftServer{2}{role=FOLLOWER} - Received AppendRequest{term=1, leader=1, prevLogIndex=26, prevLogTerm=1, entries=1, commitIndex=26}
02:55:16.811 [raft-server-3-state] TRACE i.a.p.raft.impl.RaftServiceManager - RaftServer{3} - Applying Indexed{index=26, entry=CommandEntry{term=1, timestamp=2018-06-09 02:55:16,378, session=2, sequence=20, operation=PrimitiveOperation{id=DefaultOperationId{id=write, type=COMMAND}, value=byte[]{length=17, hash=-1644578928}}}}
02:55:16.811 [raft-server-2] TRACE i.a.p.raft.roles.FollowerRole - RaftServer{2}{role=FOLLOWER} - Appended Indexed{index=27, entry=CommandEntry{term=1, timestamp=2018-06-09 02:55:16,658, session=2, sequence=21, operation=PrimitiveOperation{id=DefaultOperationId{id=write, type=COMMAND}, value=byte[]{length=17, hash=-1644578928}}}}
02:55:16.811 [raft-server-3-state] TRACE i.a.p.s.impl.DefaultServiceExecutor - PrimitiveService{2}{type=io.atomix.protocols.raft.RaftTest$TestPrimitiveType@34b8c602, name=raft-test} - Executing DefaultCommit{index=26, session=RaftSession{RaftServiceContext{server=3, type=io.atomix.protocols.raft.RaftTest$TestPrimitiveType@34b8c602, name=raft-test, id=2}, session=2, timestamp=2018-06-09 02:55:16,378}, time=2018-06-09 02:55:16,378, operation=DefaultOperationId{id=write, type=COMMAND}, value=byte[]{length=17, hash=-1644578928}}
02:55:16.812 [raft-server-2] TRACE i.a.p.raft.roles.FollowerRole - RaftServer{2}{role=FOLLOWER} - Sending AppendResponse{status=OK, term=1, succeeded=true, lastLogIndex=27}
02:55:16.812 [raft-server-1] TRACE i.a.p.raft.roles.LeaderAppender - RaftServer{1} - Received AppendResponse{status=OK, term=1, succeeded=true, lastLogIndex=26} from 3
02:55:16.812 [raft-server-2-state] TRACE i.a.p.raft.impl.RaftServiceManager - RaftServer{2} - Applying Indexed{index=26, entry=CommandEntry{term=1, timestamp=2018-06-09 02:55:16,378, session=2, sequence=20, operation=PrimitiveOperation{id=DefaultOperationId{id=write, type=COMMAND}, value=byte[]{length=17, hash=-1644578928}}}}
02:55:16.812 [raft-server-1] TRACE i.a.p.raft.roles.LeaderAppender - RaftServer{1} - Sending AppendRequest{term=1, leader=1, prevLogIndex=26, prevLogTerm=1, entries=1, commitIndex=26} to 3
02:55:16.812 [raft-server-3] TRACE i.a.p.raft.roles.FollowerRole - RaftServer{3}{role=FOLLOWER} - Received AppendRequest{term=1, leader=1, prevLogIndex=26, prevLogTerm=1, entries=1, commitIndex=26}
02:55:16.812 [raft-server-1] TRACE i.a.p.raft.roles.LeaderAppender - RaftServer{1} - Received AppendResponse{status=OK, term=1, succeeded=true, lastLogIndex=26} from 2
02:55:16.812 [raft-server-1] TRACE i.a.p.raft.roles.LeaderAppender - RaftServer{1} - Received AppendResponse{status=OK, term=1, succeeded=true, lastLogIndex=27} from 2
02:55:16.812 [raft-server-1] TRACE i.a.p.raft.roles.LeaderAppender - RaftServer{1} - Committed entries up to 27
02:55:16.812 [raft-server-3] TRACE i.a.p.raft.roles.FollowerRole - RaftServer{3}{role=FOLLOWER} - Appended Indexed{index=27, entry=CommandEntry{term=1, timestamp=2018-06-09 02:55:16,658, session=2, sequence=21, operation=PrimitiveOperation{id=DefaultOperationId{id=write, type=COMMAND}, value=byte[]{length=17, hash=-1644578928}}}}
02:55:16.812 [raft-server-3] TRACE i.a.p.raft.roles.FollowerRole - RaftServer{3}{role=FOLLOWER} - Sending AppendResponse{status=OK, term=1, succeeded=true, lastLogIndex=27}
02:55:16.812 [raft-server-2-state] TRACE i.a.p.s.impl.DefaultServiceExecutor - PrimitiveService{2}{type=io.atomix.protocols.raft.RaftTest$TestPrimitiveType@21189677, name=raft-test} - Executing DefaultCommit{index=26, session=RaftSession{RaftServiceContext{server=2, type=io.atomix.protocols.raft.RaftTest$TestPrimitiveType@21189677, name=raft-test, id=2}, session=2, timestamp=2018-06-09 02:55:16,378}, time=2018-06-09 02:55:16,378, operation=DefaultOperationId{id=write, type=COMMAND}, value=byte[]{length=17, hash=-1644578928}}
02:55:17.003 [raft-server-1] TRACE i.a.p.raft.roles.LeaderAppender - RaftServer{1} - Sending AppendRequest{term=1, leader=1, prevLogIndex=27, prevLogTerm=1, entries=0, commitIndex=27} to 2
02:55:17.003 [raft-server-1] TRACE i.a.p.raft.roles.LeaderAppender - RaftServer{1} - Received AppendResponse{status=OK, term=1, succeeded=true, lastLogIndex=27} from 3
02:55:17.003 [raft-server-2] TRACE i.a.p.raft.roles.FollowerRole - RaftServer{2}{role=FOLLOWER} - Received AppendRequest{term=1, leader=1, prevLogIndex=27, prevLogTerm=1, entries=0, commitIndex=27}
02:55:17.003 [raft-server-1] TRACE i.a.p.raft.roles.LeaderAppender - RaftServer{1} - Sending AppendRequest{term=1, leader=1, prevLogIndex=27, prevLogTerm=1, entries=0, commitIndex=27} to 3
02:55:17.004 [raft-server-3] TRACE i.a.p.raft.roles.FollowerRole - RaftServer{3}{role=FOLLOWER} - Received AppendRequest{term=1, leader=1, prevLogIndex=27, prevLogTerm=1, entries=0, commitIndex=27}
02:55:17.004 [raft-server-1-state] TRACE i.a.p.raft.impl.RaftServiceManager - RaftServer{1} - Applying Indexed{index=27, entry=CommandEntry{term=1, timestamp=2018-06-09 02:55:16,658, session=2, sequence=21, operation=PrimitiveOperation{id=DefaultOperationId{id=write, type=COMMAND}, value=byte[]{length=17, hash=-1644578928}}}}
02:55:17.004 [raft-server-1-state] TRACE i.a.p.s.impl.DefaultServiceExecutor - PrimitiveService{2}{type=io.atomix.protocols.raft.RaftTest$TestPrimitiveType@60cd3cc, name=raft-test} - Executing DefaultCommit{index=27, session=RaftSession{RaftServiceContext{server=1, type=io.atomix.protocols.raft.RaftTest$TestPrimitiveType@60cd3cc, name=raft-test, id=2}, session=2, timestamp=2018-06-09 02:55:16,658}, time=2018-06-09 02:55:16,658, operation=DefaultOperationId{id=write, type=COMMAND}, value=byte[]{length=17, hash=-1644578928}}
02:55:17.004 [raft-server-1-state] TRACE i.a.protocols.raft.roles.LeaderRole - RaftServer{1}{role=LEADER} - Sending CommandResponse{status=OK, index=27, eventIndex=2, result=byte[]{length=2, hash=1294}}
02:55:17.004 [raft-client-6c0a1bb2-986e-47f7-86e2-6a736c947544-3] TRACE i.a.p.r.p.impl.RaftProxyConnection - ProxySession{2}{type=io.atomix.protocols.raft.RaftTest$TestPrimitiveType@35bfa1bb, name=raft-test} - Received CommandResponse{status=OK, index=27, eventIndex=2, result=byte[]{length=2, hash=1294}} from 1
02:55:17.004 [raft-client-6c0a1bb2-986e-47f7-86e2-6a736c947544-3] TRACE i.a.p.r.p.impl.RaftProxySequencer - ProxySession{2}{type=io.atomix.protocols.raft.RaftTest$TestPrimitiveType@35bfa1bb, name=raft-test} - Completing response CommandResponse{status=OK, index=27, eventIndex=2, result=byte[]{length=2, hash=1294}}
02:55:17.005 [raft-client-6c0a1bb2-986e-47f7-86e2-6a736c947544-7] TRACE i.a.p.r.p.impl.RaftProxyConnection - ProxySession{2}{type=io.atomix.protocols.raft.RaftTest$TestPrimitiveType@35bfa1bb, name=raft-test} - Sending CommandRequest{session=2, sequence=22, operation=PrimitiveOperation{id=DefaultOperationId{id=write, type=COMMAND}, value=byte[]{length=17, hash=-1644578928}}} to 1
02:55:17.005 [raft-server-1] TRACE i.a.protocols.raft.roles.LeaderRole - RaftServer{1}{role=LEADER} - Received CommandRequest{session=2, sequence=22, operation=PrimitiveOperation{id=DefaultOperationId{id=write, type=COMMAND}, value=byte[]{length=17, hash=-1644578928}}}
02:55:17.005 [raft-server-1] TRACE i.a.protocols.raft.roles.LeaderRole - RaftServer{1}{role=LEADER} - Appended Indexed{index=28, entry=CommandEntry{term=1, timestamp=2018-06-09 02:55:17,005, session=2, sequence=22, operation=PrimitiveOperation{id=DefaultOperationId{id=write, type=COMMAND}, value=byte[]{length=17, hash=-1644578928}}}}
02:55:17.120 [raft-server-3] TRACE i.a.p.raft.roles.FollowerRole - RaftServer{3}{role=FOLLOWER} - Committed entries up to index 27
02:55:17.120 [raft-server-2] TRACE i.a.p.raft.roles.FollowerRole - RaftServer{2}{role=FOLLOWER} - Committed entries up to index 27
02:55:17.120 [raft-server-3] TRACE i.a.p.raft.roles.FollowerRole - RaftServer{3}{role=FOLLOWER} - Sending AppendResponse{status=OK, term=1, succeeded=true, lastLogIndex=27}
02:55:17.120 [raft-server-2] TRACE i.a.p.raft.roles.FollowerRole - RaftServer{2}{role=FOLLOWER} - Sending AppendResponse{status=OK, term=1, succeeded=true, lastLogIndex=27}
02:55:17.120 [raft-server-1] TRACE i.a.p.raft.roles.LeaderAppender - RaftServer{1} - Received AppendResponse{status=OK, term=1, succeeded=true, lastLogIndex=27} from 3
02:55:17.120 [raft-server-2-state] TRACE i.a.p.raft.impl.RaftServiceManager - RaftServer{2} - Applying Indexed{index=27, entry=CommandEntry{term=1, timestamp=2018-06-09 02:55:16,658, session=2, sequence=21, operation=PrimitiveOperation{id=DefaultOperationId{id=write, type=COMMAND}, value=byte[]{length=17, hash=-1644578928}}}}
02:55:17.121 [raft-server-1] TRACE i.a.p.raft.roles.LeaderAppender - RaftServer{1} - Sending AppendRequest{term=1, leader=1, prevLogIndex=27, prevLogTerm=1, entries=1, commitIndex=27} to 3
02:55:17.121 [raft-server-3-state] TRACE i.a.p.raft.impl.RaftServiceManager - RaftServer{3} - Applying Indexed{index=27, entry=CommandEntry{term=1, timestamp=2018-06-09 02:55:16,658, session=2, sequence=21, operation=PrimitiveOperation{id=DefaultOperationId{id=write, type=COMMAND}, value=byte[]{length=17, hash=-1644578928}}}}
02:55:17.121 [raft-server-2-state] TRACE i.a.p.s.impl.DefaultServiceExecutor - PrimitiveService{2}{type=io.atomix.protocols.raft.RaftTest$TestPrimitiveType@21189677, name=raft-test} - Executing DefaultCommit{index=27, session=RaftSession{RaftServiceContext{server=2, type=io.atomix.protocols.raft.RaftTest$TestPrimitiveType@21189677, name=raft-test, id=2}, session=2, timestamp=2018-06-09 02:55:16,658}, time=2018-06-09 02:55:16,658, operation=DefaultOperationId{id=write, type=COMMAND}, value=byte[]{length=17, hash=-1644578928}}
02:55:17.121 [raft-server-3] TRACE i.a.p.raft.roles.FollowerRole - RaftServer{3}{role=FOLLOWER} - Received AppendRequest{term=1, leader=1, prevLogIndex=27, prevLogTerm=1, entries=1, commitIndex=27}
02:55:17.121 [raft-server-1] TRACE i.a.p.raft.roles.LeaderAppender - RaftServer{1} - Sending AppendRequest{term=1, leader=1, prevLogIndex=27, prevLogTerm=1, entries=1, commitIndex=27} to 2
02:55:17.121 [raft-server-3-state] TRACE i.a.p.s.impl.DefaultServiceExecutor - PrimitiveService{2}{type=io.atomix.protocols.raft.RaftTest$TestPrimitiveType@34b8c602, name=raft-test} - Executing DefaultCommit{index=27, session=RaftSession{RaftServiceContext{server=3, type=io.atomix.protocols.raft.RaftTest$TestPrimitiveType@34b8c602, name=raft-test, id=2}, session=2, timestamp=2018-06-09 02:55:16,658}, time=2018-06-09 02:55:16,658, operation=DefaultOperationId{id=write, type=COMMAND}, value=byte[]{length=17, hash=-1644578928}}
02:55:17.121 [raft-server-2] TRACE i.a.p.raft.roles.FollowerRole - RaftServer{2}{role=FOLLOWER} - Received AppendRequest{term=1, leader=1, prevLogIndex=27, prevLogTerm=1, entries=1, commitIndex=27}
02:55:17.121 [raft-server-1] TRACE i.a.p.raft.roles.LeaderAppender - RaftServer{1} - Received AppendResponse{status=OK, term=1, succeeded=true, lastLogIndex=27} from 2
02:55:17.121 [raft-server-3] TRACE i.a.p.raft.roles.FollowerRole - RaftServer{3}{role=FOLLOWER} - Appended Indexed{index=28, entry=CommandEntry{term=1, timestamp=2018-06-09 02:55:17,005, session=2, sequence=22, operation=PrimitiveOperation{id=DefaultOperationId{id=write, type=COMMAND}, value=byte[]{length=17, hash=-1644578928}}}}
02:55:17.121 [raft-server-3] TRACE i.a.p.raft.roles.FollowerRole - RaftServer{3}{role=FOLLOWER} - Sending AppendResponse{status=OK, term=1, succeeded=true, lastLogIndex=28}
02:55:17.121 [raft-server-2] TRACE i.a.p.raft.roles.FollowerRole - RaftServer{2}{role=FOLLOWER} - Appended Indexed{index=28, entry=CommandEntry{term=1, timestamp=2018-06-09 02:55:17,005, session=2, sequence=22, operation=PrimitiveOperation{id=DefaultOperationId{id=write, type=COMMAND}, value=byte[]{length=17, hash=-1644578928}}}}
02:55:17.121 [raft-server-1] TRACE i.a.p.raft.roles.LeaderAppender - RaftServer{1} - Received AppendResponse{status=OK, term=1, succeeded=true, lastLogIndex=28} from 3
02:55:17.121 [raft-server-2] TRACE i.a.p.raft.roles.FollowerRole - RaftServer{2}{role=FOLLOWER} - Sending AppendResponse{status=OK, term=1, succeeded=true, lastLogIndex=28}
02:55:17.121 [raft-server-1] TRACE i.a.p.raft.roles.LeaderAppender - RaftServer{1} - Committed entries up to 28
02:55:17.211 [raft-server-1] TRACE i.a.p.raft.roles.LeaderAppender - RaftServer{1} - Received AppendResponse{status=OK, term=1, succeeded=true, lastLogIndex=28} from 2
02:55:17.211 [raft-server-1-state] TRACE i.a.p.raft.impl.RaftServiceManager - RaftServer{1} - Applying Indexed{index=28, entry=CommandEntry{term=1, timestamp=2018-06-09 02:55:17,005, session=2, sequence=22, operation=PrimitiveOperation{id=DefaultOperationId{id=write, type=COMMAND}, value=byte[]{length=17, hash=-1644578928}}}}
02:55:17.211 [raft-server-1-state] TRACE i.a.p.s.impl.DefaultServiceExecutor - PrimitiveService{2}{type=io.atomix.protocols.raft.RaftTest$TestPrimitiveType@60cd3cc, name=raft-test} - Executing DefaultCommit{index=28, session=RaftSession{RaftServiceContext{server=1, type=io.atomix.protocols.raft.RaftTest$TestPrimitiveType@60cd3cc, name=raft-test, id=2}, session=2, timestamp=2018-06-09 02:55:17,005}, time=2018-06-09 02:55:17,005, operation=DefaultOperationId{id=write, type=COMMAND}, value=byte[]{length=17, hash=-1644578928}}
02:55:17.211 [raft-server-1-state] TRACE i.a.protocols.raft.roles.LeaderRole - RaftServer{1}{role=LEADER} - Sending CommandResponse{status=OK, index=28, eventIndex=2, result=byte[]{length=2, hash=1296}}
02:55:17.212 [raft-client-6c0a1bb2-986e-47f7-86e2-6a736c947544-2] TRACE i.a.p.r.p.impl.RaftProxyConnection - ProxySession{2}{type=io.atomix.protocols.raft.RaftTest$TestPrimitiveType@35bfa1bb, name=raft-test} - Received CommandResponse{status=OK, index=28, eventIndex=2, result=byte[]{length=2, hash=1296}} from 1
02:55:17.212 [raft-client-6c0a1bb2-986e-47f7-86e2-6a736c947544-2] TRACE i.a.p.r.p.impl.RaftProxySequencer - ProxySession{2}{type=io.atomix.protocols.raft.RaftTest$TestPrimitiveType@35bfa1bb, name=raft-test} - Completing response CommandResponse{status=OK, index=28, eventIndex=2, result=byte[]{length=2, hash=1296}}
02:55:17.212 [raft-client-6c0a1bb2-986e-47f7-86e2-6a736c947544-6] TRACE i.a.p.r.p.impl.RaftProxyConnection - ProxySession{2}{type=io.atomix.protocols.raft.RaftTest$TestPrimitiveType@35bfa1bb, name=raft-test} - Sending CommandRequest{session=2, sequence=23, operation=PrimitiveOperation{id=DefaultOperationId{id=write, type=COMMAND}, value=byte[]{length=17, hash=-1644578928}}} to 1
02:55:17.212 [raft-server-1] TRACE i.a.protocols.raft.roles.LeaderRole - RaftServer{1}{role=LEADER} - Received CommandRequest{session=2, sequence=23, operation=PrimitiveOperation{id=DefaultOperationId{id=write, type=COMMAND}, value=byte[]{length=17, hash=-1644578928}}}
02:55:17.213 [raft-server-1] TRACE i.a.protocols.raft.roles.LeaderRole - RaftServer{1}{role=LEADER} - Appended Indexed{index=29, entry=CommandEntry{term=1, timestamp=2018-06-09 02:55:17,212, session=2, sequence=23, operation=PrimitiveOperation{id=DefaultOperationId{id=write, type=COMMAND}, value=byte[]{length=17, hash=-1644578928}}}}
02:55:17.213 [raft-server-1] TRACE i.a.p.raft.roles.LeaderAppender - RaftServer{1} - Sending AppendRequest{term=1, leader=1, prevLogIndex=28, prevLogTerm=1, entries=1, commitIndex=28} to 3
02:55:17.213 [raft-server-3] TRACE i.a.p.raft.roles.FollowerRole - RaftServer{3}{role=FOLLOWER} - Received AppendRequest{term=1, leader=1, prevLogIndex=28, prevLogTerm=1, entries=1, commitIndex=28}
02:55:17.213 [raft-server-1] TRACE i.a.p.raft.roles.LeaderAppender - RaftServer{1} - Sending AppendRequest{term=1, leader=1, prevLogIndex=28, prevLogTerm=1, entries=1, commitIndex=28} to 2
02:55:17.213 [raft-server-2] TRACE i.a.p.raft.roles.FollowerRole - RaftServer{2}{role=FOLLOWER} - Received AppendRequest{term=1, leader=1, prevLogIndex=28, prevLogTerm=1, entries=1, commitIndex=28}
02:55:17.213 [raft-server-3] TRACE i.a.p.raft.roles.FollowerRole - RaftServer{3}{role=FOLLOWER} - Appended Indexed{index=29, entry=CommandEntry{term=1, timestamp=2018-06-09 02:55:17,212, session=2, sequence=23, operation=PrimitiveOperation{id=DefaultOperationId{id=write, type=COMMAND}, value=byte[]{length=17, hash=-1644578928}}}}
02:55:17.213 [raft-server-2] TRACE i.a.p.raft.roles.FollowerRole - RaftServer{2}{role=FOLLOWER} - Appended Indexed{index=29, entry=CommandEntry{term=1, timestamp=2018-06-09 02:55:17,212, session=2, sequence=23, operation=PrimitiveOperation{id=DefaultOperationId{id=write, type=COMMAND}, value=byte[]{length=17, hash=-1644578928}}}}
02:55:17.327 [raft-server-2] TRACE i.a.p.raft.roles.FollowerRole - RaftServer{2}{role=FOLLOWER} - Committed entries up to index 28
02:55:17.328 [raft-server-3] TRACE i.a.p.raft.roles.FollowerRole - RaftServer{3}{role=FOLLOWER} - Committed entries up to index 28
02:55:17.328 [raft-server-2] TRACE i.a.p.raft.roles.FollowerRole - RaftServer{2}{role=FOLLOWER} - Sending AppendResponse{status=OK, term=1, succeeded=true, lastLogIndex=29}
02:55:17.328 [raft-server-3] TRACE i.a.p.raft.roles.FollowerRole - RaftServer{3}{role=FOLLOWER} - Sending AppendResponse{status=OK, term=1, succeeded=true, lastLogIndex=29}
02:55:17.328 [raft-server-1] TRACE i.a.p.raft.roles.LeaderAppender - RaftServer{1} - Received AppendResponse{status=OK, term=1, succeeded=true, lastLogIndex=29} from 2
02:55:17.328 [raft-server-1] TRACE i.a.p.raft.roles.LeaderAppender - RaftServer{1} - Committed entries up to 29
02:55:17.328 [raft-server-3-state] TRACE i.a.p.raft.impl.RaftServiceManager - RaftServer{3} - Applying Indexed{index=28, entry=CommandEntry{term=1, timestamp=2018-06-09 02:55:17,005, session=2, sequence=22, operation=PrimitiveOperation{id=DefaultOperationId{id=write, type=COMMAND}, value=byte[]{length=17, hash=-1644578928}}}}
02:55:17.328 [raft-server-2-state] TRACE i.a.p.raft.impl.RaftServiceManager - RaftServer{2} - Applying Indexed{index=28, entry=CommandEntry{term=1, timestamp=2018-06-09 02:55:17,005, session=2, sequence=22, operation=PrimitiveOperation{id=DefaultOperationId{id=write, type=COMMAND}, value=byte[]{length=17, hash=-1644578928}}}}
02:55:17.328 [raft-server-3-state] TRACE i.a.p.s.impl.DefaultServiceExecutor - PrimitiveService{2}{type=io.atomix.protocols.raft.RaftTest$TestPrimitiveType@34b8c602, name=raft-test} - Executing DefaultCommit{index=28, session=RaftSession{RaftServiceContext{server=3, type=io.atomix.protocols.raft.RaftTest$TestPrimitiveType@34b8c602, name=raft-test, id=2}, session=2, timestamp=2018-06-09 02:55:17,005}, time=2018-06-09 02:55:17,005, operation=DefaultOperationId{id=write, type=COMMAND}, value=byte[]{length=17, hash=-1644578928}}
02:55:17.328 [raft-server-2-state] TRACE i.a.p.s.impl.DefaultServiceExecutor - PrimitiveService{2}{type=io.atomix.protocols.raft.RaftTest$TestPrimitiveType@21189677, name=raft-test} - Executing DefaultCommit{index=28, session=RaftSession{RaftServiceContext{server=2, type=io.atomix.protocols.raft.RaftTest$TestPrimitiveType@21189677, name=raft-test, id=2}, session=2, timestamp=2018-06-09 02:55:17,005}, time=2018-06-09 02:55:17,005, operation=DefaultOperationId{id=write, type=COMMAND}, value=byte[]{length=17, hash=-1644578928}}
02:55:17.466 [raft-server-1] TRACE i.a.p.raft.roles.LeaderAppender - RaftServer{1} - Sending AppendRequest{term=1, leader=1, prevLogIndex=29, prevLogTerm=1, entries=0, commitIndex=29} to 2
02:55:17.466 [raft-server-2] TRACE i.a.p.raft.roles.FollowerRole - RaftServer{2}{role=FOLLOWER} - Received AppendRequest{term=1, leader=1, prevLogIndex=29, prevLogTerm=1, entries=0, commitIndex=29}
02:55:17.466 [raft-server-1] TRACE i.a.p.raft.roles.LeaderAppender - RaftServer{1} - Received AppendResponse{status=OK, term=1, succeeded=true, lastLogIndex=29} from 3
02:55:17.466 [raft-server-1] TRACE i.a.p.raft.roles.LeaderAppender - RaftServer{1} - Sending AppendRequest{term=1, leader=1, prevLogIndex=29, prevLogTerm=1, entries=0, commitIndex=29} to 3
02:55:17.467 [raft-server-3] TRACE i.a.p.raft.roles.FollowerRole - RaftServer{3}{role=FOLLOWER} - Received AppendRequest{term=1, leader=1, prevLogIndex=29, prevLogTerm=1, entries=0, commitIndex=29}
02:55:17.467 [raft-server-3] TRACE i.a.p.raft.roles.FollowerRole - RaftServer{3}{role=FOLLOWER} - Committed entries up to index 29
02:55:17.467 [raft-server-3] TRACE i.a.p.raft.roles.FollowerRole - RaftServer{3}{role=FOLLOWER} - Sending AppendResponse{status=OK, term=1, succeeded=true, lastLogIndex=29}
02:55:17.467 [raft-server-1-state] TRACE i.a.p.raft.impl.RaftServiceManager - RaftServer{1} - Applying Indexed{index=29, entry=CommandEntry{term=1, timestamp=2018-06-09 02:55:17,212, session=2, sequence=23, operation=PrimitiveOperation{id=DefaultOperationId{id=write, type=COMMAND}, value=byte[]{length=17, hash=-1644578928}}}}
02:55:17.467 [raft-server-3-state] TRACE i.a.p.raft.impl.RaftServiceManager - RaftServer{3} - Applying Indexed{index=29, entry=CommandEntry{term=1, timestamp=2018-06-09 02:55:17,212, session=2, sequence=23, operation=PrimitiveOperation{id=DefaultOperationId{id=write, type=COMMAND}, value=byte[]{length=17, hash=-1644578928}}}}
02:55:17.467 [raft-server-1-state] TRACE i.a.p.s.impl.DefaultServiceExecutor - PrimitiveService{2}{type=io.atomix.protocols.raft.RaftTest$TestPrimitiveType@60cd3cc, name=raft-test} - Executing DefaultCommit{index=29, session=RaftSession{RaftServiceContext{server=1, type=io.atomix.protocols.raft.RaftTest$TestPrimitiveType@60cd3cc, name=raft-test, id=2}, session=2, timestamp=2018-06-09 02:55:17,212}, time=2018-06-09 02:55:17,212, operation=DefaultOperationId{id=write, type=COMMAND}, value=byte[]{length=17, hash=-1644578928}}
02:55:17.467 [raft-server-3-state] TRACE i.a.p.s.impl.DefaultServiceExecutor - PrimitiveService{2}{type=io.atomix.protocols.raft.RaftTest$TestPrimitiveType@34b8c602, name=raft-test} - Executing DefaultCommit{index=29, session=RaftSession{RaftServiceContext{server=3, type=io.atomix.protocols.raft.RaftTest$TestPrimitiveType@34b8c602, name=raft-test, id=2}, session=2, timestamp=2018-06-09 02:55:17,212}, time=2018-06-09 02:55:17,212, operation=DefaultOperationId{id=write, type=COMMAND}, value=byte[]{length=17, hash=-1644578928}}
02:55:17.467 [raft-server-1-state] TRACE i.a.protocols.raft.roles.LeaderRole - RaftServer{1}{role=LEADER} - Sending CommandResponse{status=OK, index=29, eventIndex=2, result=byte[]{length=2, hash=1298}}
02:55:17.467 [raft-client-6c0a1bb2-986e-47f7-86e2-6a736c947544-7] TRACE i.a.p.r.p.impl.RaftProxyConnection - ProxySession{2}{type=io.atomix.protocols.raft.RaftTest$TestPrimitiveType@35bfa1bb, name=raft-test} - Received CommandResponse{status=OK, index=29, eventIndex=2, result=byte[]{length=2, hash=1298}} from 1
02:55:17.467 [raft-client-6c0a1bb2-986e-47f7-86e2-6a736c947544-7] TRACE i.a.p.r.p.impl.RaftProxySequencer - ProxySession{2}{type=io.atomix.protocols.raft.RaftTest$TestPrimitiveType@35bfa1bb, name=raft-test} - Completing response CommandResponse{status=OK, index=29, eventIndex=2, result=byte[]{length=2, hash=1298}}
02:55:17.468 [raft-server-1] TRACE i.a.p.raft.roles.LeaderAppender - RaftServer{1} - Received AppendResponse{status=OK, term=1, succeeded=true, lastLogIndex=29} from 3
02:55:17.468 [raft-client-6c0a1bb2-986e-47f7-86e2-6a736c947544-7] TRACE i.a.p.r.p.impl.RaftProxyConnection - ProxySession{2}{type=io.atomix.protocols.raft.RaftTest$TestPrimitiveType@35bfa1bb, name=raft-test} - Sending CommandRequest{session=2, sequence=24, operation=PrimitiveOperation{id=DefaultOperationId{id=write, type=COMMAND}, value=byte[]{length=17, hash=-1644578928}}} to 1
02:55:17.468 [raft-server-1] TRACE i.a.protocols.raft.roles.LeaderRole - RaftServer{1}{role=LEADER} - Received CommandRequest{session=2, sequence=24, operation=PrimitiveOperation{id=DefaultOperationId{id=write, type=COMMAND}, value=byte[]{length=17, hash=-1644578928}}}
02:55:17.468 [raft-server-1] TRACE i.a.protocols.raft.roles.LeaderRole - RaftServer{1}{role=LEADER} - Appended Indexed{index=30, entry=CommandEntry{term=1, timestamp=2018-06-09 02:55:17,468, session=2, sequence=24, operation=PrimitiveOperation{id=DefaultOperationId{id=write, type=COMMAND}, value=byte[]{length=17, hash=-1644578928}}}}
02:55:17.468 [raft-server-1] TRACE i.a.p.raft.roles.LeaderAppender - RaftServer{1} - Sending AppendRequest{term=1, leader=1, prevLogIndex=29, prevLogTerm=1, entries=1, commitIndex=29} to 3
02:55:17.469 [raft-server-3] TRACE i.a.p.raft.roles.FollowerRole - RaftServer{3}{role=FOLLOWER} - Received AppendRequest{term=1, leader=1, prevLogIndex=29, prevLogTerm=1, entries=1, commitIndex=29}
02:55:17.469 [raft-server-3] TRACE i.a.p.raft.roles.FollowerRole - RaftServer{3}{role=FOLLOWER} - Appended Indexed{index=30, entry=CommandEntry{term=1, timestamp=2018-06-09 02:55:17,468, session=2, sequence=24, operation=PrimitiveOperation{id=DefaultOperationId{id=write, type=COMMAND}, value=byte[]{length=17, hash=-1644578928}}}}
02:55:17.469 [raft-server-3] TRACE i.a.p.raft.roles.FollowerRole - RaftServer{3}{role=FOLLOWER} - Sending AppendResponse{status=OK, term=1, succeeded=true, lastLogIndex=30}
02:55:17.469 [raft-server-1] TRACE i.a.p.raft.roles.LeaderAppender - RaftServer{1} - Received AppendResponse{status=OK, term=1, succeeded=true, lastLogIndex=30} from 3
02:55:17.469 [raft-server-1] TRACE i.a.p.raft.roles.LeaderAppender - RaftServer{1} - Committed entries up to 30
02:55:17.548 [raft-server-2] TRACE i.a.p.raft.roles.FollowerRole - RaftServer{2}{role=FOLLOWER} - Committed entries up to index 29
02:55:17.548 [raft-server-2] TRACE i.a.p.raft.roles.FollowerRole - RaftServer{2}{role=FOLLOWER} - Sending AppendResponse{status=OK, term=1, succeeded=true, lastLogIndex=29}
02:55:17.548 [raft-server-2-state] TRACE i.a.p.raft.impl.RaftServiceManager - RaftServer{2} - Applying Indexed{index=29, entry=CommandEntry{term=1, timestamp=2018-06-09 02:55:17,212, session=2, sequence=23, operation=PrimitiveOperation{id=DefaultOperationId{id=write, type=COMMAND}, value=byte[]{length=17, hash=-1644578928}}}}
02:55:17.549 [raft-server-2-state] TRACE i.a.p.s.impl.DefaultServiceExecutor - PrimitiveService{2}{type=io.atomix.protocols.raft.RaftTest$TestPrimitiveType@21189677, name=raft-test} - Executing DefaultCommit{index=29, session=RaftSession{RaftServiceContext{server=2, type=io.atomix.protocols.raft.RaftTest$TestPrimitiveType@21189677, name=raft-test, id=2}, session=2, timestamp=2018-06-09 02:55:17,212}, time=2018-06-09 02:55:17,212, operation=DefaultOperationId{id=write, type=COMMAND}, value=byte[]{length=17, hash=-1644578928}}
02:55:17.628 [raft-server-1] TRACE i.a.p.raft.roles.LeaderAppender - RaftServer{1} - Sending AppendRequest{term=1, leader=1, prevLogIndex=30, prevLogTerm=1, entries=0, commitIndex=30} to 3
02:55:17.628 [raft-server-3] TRACE i.a.p.raft.roles.FollowerRole - RaftServer{3}{role=FOLLOWER} - Received AppendRequest{term=1, leader=1, prevLogIndex=30, prevLogTerm=1, entries=0, commitIndex=30}
02:55:17.628 [raft-server-1] TRACE i.a.p.raft.roles.LeaderAppender - RaftServer{1} - Sending AppendRequest{term=1, leader=1, prevLogIndex=29, prevLogTerm=1, entries=1, commitIndex=30} to 2
02:55:17.628 [raft-server-2] TRACE i.a.p.raft.roles.FollowerRole - RaftServer{2}{role=FOLLOWER} - Received AppendRequest{term=1, leader=1, prevLogIndex=29, prevLogTerm=1, entries=1, commitIndex=30}
02:55:17.628 [raft-server-1] TRACE i.a.p.raft.roles.LeaderAppender - RaftServer{1} - Received AppendResponse{status=OK, term=1, succeeded=true, lastLogIndex=29} from 2
02:55:17.628 [raft-server-2] TRACE i.a.p.raft.roles.FollowerRole - RaftServer{2}{role=FOLLOWER} - Appended Indexed{index=30, entry=CommandEntry{term=1, timestamp=2018-06-09 02:55:17,468, session=2, sequence=24, operation=PrimitiveOperation{id=DefaultOperationId{id=write, type=COMMAND}, value=byte[]{length=17, hash=-1644578928}}}}
02:55:17.628 [raft-server-1-state] TRACE i.a.p.raft.impl.RaftServiceManager - RaftServer{1} - Applying Indexed{index=30, entry=CommandEntry{term=1, timestamp=2018-06-09 02:55:17,468, session=2, sequence=24, operation=PrimitiveOperation{id=DefaultOperationId{id=write, type=COMMAND}, value=byte[]{length=17, hash=-1644578928}}}}
02:55:17.629 [raft-server-1-state] TRACE i.a.p.s.impl.DefaultServiceExecutor - PrimitiveService{2}{type=io.atomix.protocols.raft.RaftTest$TestPrimitiveType@60cd3cc, name=raft-test} - Executing DefaultCommit{index=30, session=RaftSession{RaftServiceContext{server=1, type=io.atomix.protocols.raft.RaftTest$TestPrimitiveType@60cd3cc, name=raft-test, id=2}, session=2, timestamp=2018-06-09 02:55:17,468}, time=2018-06-09 02:55:17,468, operation=DefaultOperationId{id=write, type=COMMAND}, value=byte[]{length=17, hash=-1644578928}}
02:55:17.629 [raft-server-1-state] TRACE i.a.protocols.raft.roles.LeaderRole - RaftServer{1}{role=LEADER} - Sending CommandResponse{status=OK, index=30, eventIndex=2, result=byte[]{length=2, hash=1300}}
02:55:17.629 [raft-client-6c0a1bb2-986e-47f7-86e2-6a736c947544-3] TRACE i.a.p.r.p.impl.RaftProxyConnection - ProxySession{2}{type=io.atomix.protocols.raft.RaftTest$TestPrimitiveType@35bfa1bb, name=raft-test} - Received CommandResponse{status=OK, index=30, eventIndex=2, result=byte[]{length=2, hash=1300}} from 1
02:55:17.630 [raft-client-6c0a1bb2-986e-47f7-86e2-6a736c947544-3] TRACE i.a.p.r.p.impl.RaftProxySequencer - ProxySession{2}{type=io.atomix.protocols.raft.RaftTest$TestPrimitiveType@35bfa1bb, name=raft-test} - Completing response CommandResponse{status=OK, index=30, eventIndex=2, result=byte[]{length=2, hash=1300}}
02:55:17.630 [raft-client-6c0a1bb2-986e-47f7-86e2-6a736c947544-5] TRACE i.a.p.r.p.impl.RaftProxyConnection - ProxySession{2}{type=io.atomix.protocols.raft.RaftTest$TestPrimitiveType@35bfa1bb, name=raft-test} - Sending CommandRequest{session=2, sequence=25, operation=PrimitiveOperation{id=DefaultOperationId{id=write, type=COMMAND}, value=byte[]{length=17, hash=-1644578928}}} to 1
02:55:17.631 [raft-server-1] TRACE i.a.protocols.raft.roles.LeaderRole - RaftServer{1}{role=LEADER} - Received CommandRequest{session=2, sequence=25, operation=PrimitiveOperation{id=DefaultOperationId{id=write, type=COMMAND}, value=byte[]{length=17, hash=-1644578928}}}
02:55:17.736 [raft-server-3] TRACE i.a.p.raft.roles.FollowerRole - RaftServer{3}{role=FOLLOWER} - Committed entries up to index 30
02:55:17.736 [raft-server-3] TRACE i.a.p.raft.roles.FollowerRole - RaftServer{3}{role=FOLLOWER} - Sending AppendResponse{status=OK, term=1, succeeded=true, lastLogIndex=30}
02:55:17.736 [raft-server-3-state] TRACE i.a.p.raft.impl.RaftServiceManager - RaftServer{3} - Applying Indexed{index=30, entry=CommandEntry{term=1, timestamp=2018-06-09 02:55:17,468, session=2, sequence=24, operation=PrimitiveOperation{id=DefaultOperationId{id=write, type=COMMAND}, value=byte[]{length=17, hash=-1644578928}}}}
02:55:17.736 [raft-server-3-state] TRACE i.a.p.s.impl.DefaultServiceExecutor - PrimitiveService{2}{type=io.atomix.protocols.raft.RaftTest$TestPrimitiveType@34b8c602, name=raft-test} - Executing DefaultCommit{index=30, session=RaftSession{RaftServiceContext{server=3, type=io.atomix.protocols.raft.RaftTest$TestPrimitiveType@34b8c602, name=raft-test, id=2}, session=2, timestamp=2018-06-09 02:55:17,468}, time=2018-06-09 02:55:17,468, operation=DefaultOperationId{id=write, type=COMMAND}, value=byte[]{length=17, hash=-1644578928}}
02:55:17.823 [raft-server-2] TRACE i.a.p.raft.roles.FollowerRole - RaftServer{2}{role=FOLLOWER} - Committed entries up to index 30
02:55:17.823 [raft-server-2] TRACE i.a.p.raft.roles.FollowerRole - RaftServer{2}{role=FOLLOWER} - Sending AppendResponse{status=OK, term=1, succeeded=true, lastLogIndex=30}
02:55:17.824 [raft-server-2-state] TRACE i.a.p.raft.impl.RaftServiceManager - RaftServer{2} - Applying Indexed{index=30, entry=CommandEntry{term=1, timestamp=2018-06-09 02:55:17,468, session=2, sequence=24, operation=PrimitiveOperation{id=DefaultOperationId{id=write, type=COMMAND}, value=byte[]{length=17, hash=-1644578928}}}}
02:55:17.824 [raft-server-2-state] TRACE i.a.p.s.impl.DefaultServiceExecutor - PrimitiveService{2}{type=io.atomix.protocols.raft.RaftTest$TestPrimitiveType@21189677, name=raft-test} - Executing DefaultCommit{index=30, session=RaftSession{RaftServiceContext{server=2, type=io.atomix.protocols.raft.RaftTest$TestPrimitiveType@21189677, name=raft-test, id=2}, session=2, timestamp=2018-06-09 02:55:17,468}, time=2018-06-09 02:55:17,468, operation=DefaultOperationId{id=write, type=COMMAND}, value=byte[]{length=17, hash=-1644578928}}
02:55:17.865 [raft-server-1] DEBUG i.a.storage.journal.SegmentedJournal - Created disk segment: JournalSegment{id=4, version=1, index=31, size=64}
02:55:17.865 [raft-server-1] TRACE i.a.protocols.raft.roles.LeaderRole - RaftServer{1}{role=LEADER} - Appended Indexed{index=31, entry=CommandEntry{term=1, timestamp=2018-06-09 02:55:17,632, session=2, sequence=25, operation=PrimitiveOperation{id=DefaultOperationId{id=write, type=COMMAND}, value=byte[]{length=17, hash=-1644578928}}}}
02:55:17.865 [raft-server-1] DEBUG i.a.p.raft.impl.RaftServiceManager - RaftServer{1} - Snapshotting services
02:55:17.866 [raft-server-1] TRACE i.a.p.raft.roles.LeaderAppender - RaftServer{1} - Sending AppendRequest{term=1, leader=1, prevLogIndex=30, prevLogTerm=1, entries=1, commitIndex=30} to 3
02:55:17.866 [raft-server-1-state] DEBUG i.a.p.r.s.snapshot.SnapshotStore - Created memory snapshot: MemorySnapshot{index=30}
02:55:17.866 [raft-server-3] TRACE i.a.p.raft.roles.FollowerRole - RaftServer{3}{role=FOLLOWER} - Received AppendRequest{term=1, leader=1, prevLogIndex=30, prevLogTerm=1, entries=1, commitIndex=30}
02:55:17.866 [raft-server-1] TRACE i.a.p.raft.roles.LeaderAppender - RaftServer{1} - Sending AppendRequest{term=1, leader=1, prevLogIndex=30, prevLogTerm=1, entries=1, commitIndex=30} to 2
02:55:17.866 [raft-server-2] TRACE i.a.p.raft.roles.FollowerRole - RaftServer{2}{role=FOLLOWER} - Received AppendRequest{term=1, leader=1, prevLogIndex=30, prevLogTerm=1, entries=1, commitIndex=30}
02:55:17.866 [raft-server-1] TRACE i.a.p.raft.roles.LeaderAppender - RaftServer{1} - Received AppendResponse{status=OK, term=1, succeeded=true, lastLogIndex=30} from 3
02:55:17.866 [raft-server-1] TRACE i.a.p.raft.roles.LeaderAppender - RaftServer{1} - Received AppendResponse{status=OK, term=1, succeeded=true, lastLogIndex=30} from 2
02:55:17.866 [raft-server-1-state] TRACE i.a.utils.serializer.KryoNamespace - Creating Kryo instance for KryoNamespace{registeredBlocks=[RegistrationBlock{begin=16, types=[([Ljava.lang.Class;@6b321262,null), ([Ljava.lang.Class;@68b11545,null), ([Ljava.lang.Class;@7d0100ea,null), ([Ljava.lang.Class;@357bc488,null), ([Ljava.lang.Class;@4ea17147,io.atomix.utils.serializer.serializers.ImmutableListSerializer@2eda4eeb), ([Ljava.lang.Class;@5ba90d8a,io.atomix.utils.serializer.serializers.ImmutableSetSerializer@309dcdf3), ([Ljava.lang.Class;@7573b9ee,io.atomix.utils.serializer.serializers.ImmutableMapSerializer@9a20cbd), ([Ljava.lang.Class;@1af4955e,null), ([Ljava.lang.Class;@445821a6,null), ([Ljava.lang.Class;@2c0c4c0a,null), ([Ljava.lang.Class;@35d26ad2,null), ([Ljava.lang.Class;@bb25753,null), ([Ljava.lang.Class;@ee21292,null), ([Ljava.lang.Class;@40c06358,null), ([Ljava.lang.Class;@66e21568,null), ([Ljava.lang.Class;@7f73ce28,null), ([Ljava.lang.Class;@611b35d6,null), ([Ljava.lang.Class;@2282400e,null), ([Ljava.lang.Class;@543d5863,null), ([Ljava.lang.Class;@35dece42,null), ([Ljava.lang.Class;@dd3f8aa,io.atomix.utils.serializer.serializers.ArraysAsListSerializer@3d615b2e), ([Ljava.lang.Class;@3a1f2a1,null), ([Ljava.lang.Class;@40ce9049,null), ([Ljava.lang.Class;@52ca2652,null), ([Ljava.lang.Class;@65c5bf0e,null), ([Ljava.lang.Class;@697d6ded,null), ([Ljava.lang.Class;@5d05f453,null), ([Ljava.lang.Class;@5efeb117,null), ([Ljava.lang.Class;@160b4809,null), ([Ljava.lang.Class;@149b4d20,null), ([Ljava.lang.Class;@664e848c,null), ([Ljava.lang.Class;@4d93f75b,null), ([Ljava.lang.Class;@114a5e0,null), ([Ljava.lang.Class;@4f281aaf,null), ([Ljava.lang.Class;@5d508d22,null), ([Ljava.lang.Class;@f2b90fc,null)]}, RegistrationBlock{begin=52, types=[([Ljava.lang.Class;@6511d36,null)]}]}
02:55:17.866 [raft-server-1-state] TRACE i.a.utils.serializer.KryoNamespace - class [B registered as 16
02:55:17.866 [raft-server-1-state] TRACE i.a.utils.serializer.KryoNamespace - class java.util.concurrent.atomic.AtomicBoolean registered as 17
02:55:17.866 [raft-server-1-state] TRACE i.a.utils.serializer.KryoNamespace - class java.util.concurrent.atomic.AtomicInteger registered as 18
02:55:17.866 [raft-server-1-state] TRACE i.a.utils.serializer.KryoNamespace - class java.util.concurrent.atomic.AtomicLong registered as 19
02:55:17.866 [raft-server-1-state] TRACE i.a.utils.serializer.KryoNamespace - class com.google.common.collect.ImmutableList registered as 20
02:55:17.866 [raft-server-1-state] TRACE i.a.utils.serializer.KryoNamespace - class com.google.common.collect.RegularImmutableList registered as 20
02:55:17.866 [raft-server-1-state] TRACE i.a.utils.serializer.KryoNamespace - class com.google.common.collect.RegularImmutableList registered as 20
02:55:17.866 [raft-server-1-state] TRACE i.a.utils.serializer.KryoNamespace - class com.google.common.collect.ImmutableList$SubList registered as 20
02:55:17.866 [raft-server-1-state] TRACE i.a.utils.serializer.KryoNamespace - class com.google.common.collect.ImmutableSet registered as 21
02:55:17.866 [raft-server-1-state] TRACE i.a.utils.serializer.KryoNamespace - class com.google.common.collect.RegularImmutableSet registered as 21
02:55:17.866 [raft-server-1-state] TRACE i.a.utils.serializer.KryoNamespace - class com.google.common.collect.SingletonImmutableSet registered as 21
02:55:17.866 [raft-server-1-state] TRACE i.a.utils.serializer.KryoNamespace - class com.google.common.collect.RegularImmutableSet registered as 21
02:55:17.866 [raft-server-1-state] TRACE i.a.utils.serializer.KryoNamespace - class com.google.common.collect.ImmutableMap registered as 22
02:55:17.866 [raft-server-1-state] TRACE i.a.utils.serializer.KryoNamespace - class com.google.common.collect.RegularImmutableMap registered as 22
02:55:17.866 [raft-server-1-state] TRACE i.a.utils.serializer.KryoNamespace - class com.google.common.collect.RegularImmutableMap registered as 22
02:55:17.866 [raft-server-1-state] TRACE i.a.utils.serializer.KryoNamespace - class com.google.common.collect.RegularImmutableMap registered as 22
02:55:17.867 [raft-server-1-state] TRACE i.a.utils.serializer.KryoNamespace - class java.util.Collections$UnmodifiableSet registered as 23
02:55:17.867 [raft-server-1-state] TRACE i.a.utils.serializer.KryoNamespace - class java.util.HashMap registered as 24
02:55:17.867 [raft-server-1-state] TRACE i.a.utils.serializer.KryoNamespace - class java.util.concurrent.ConcurrentHashMap registered as 25
02:55:17.867 [raft-server-1-state] TRACE i.a.utils.serializer.KryoNamespace - class java.util.concurrent.CopyOnWriteArraySet registered as 26
02:55:17.867 [raft-server-1-state] TRACE i.a.utils.serializer.KryoNamespace - class java.util.ArrayList registered as 27
02:55:17.867 [raft-server-1-state] TRACE i.a.utils.serializer.KryoNamespace - class java.util.LinkedList registered as 28
02:55:17.867 [raft-server-1-state] TRACE i.a.utils.serializer.KryoNamespace - class java.util.HashSet registered as 29
02:55:17.867 [raft-server-1-state] TRACE i.a.utils.serializer.KryoNamespace - class java.util.LinkedHashSet registered as 30
02:55:17.867 [raft-server-1-state] TRACE i.a.utils.serializer.KryoNamespace - class com.sun.jmx.remote.internal.ArrayQueue registered as 31
02:55:17.867 [raft-server-1-state] TRACE i.a.utils.serializer.KryoNamespace - class java.util.ArrayDeque registered as 32
02:55:17.867 [raft-server-1-state] TRACE i.a.utils.serializer.KryoNamespace - class com.google.common.collect.HashMultiset registered as 33
02:55:17.867 [raft-server-1-state] TRACE i.a.utils.serializer.KryoNamespace - class com.google.common.collect.Sets registered as 34
02:55:17.867 [raft-server-1-state] TRACE i.a.utils.serializer.KryoNamespace - class com.google.common.collect.ImmutableEntry registered as 35
02:55:17.867 [raft-server-1-state] TRACE i.a.utils.serializer.KryoNamespace - class java.util.Arrays$ArrayList registered as 36
02:55:17.867 [raft-server-1-state] TRACE i.a.utils.serializer.KryoNamespace - class java.util.Collections$SingletonList registered as 37
02:55:17.867 [raft-server-1-state] TRACE i.a.utils.serializer.KryoNamespace - class java.time.Duration registered as 38
02:55:17.867 [raft-server-1-state] TRACE i.a.utils.serializer.KryoNamespace - class java.util.Collections$EmptySet registered as 39
02:55:17.867 [raft-server-1-state] TRACE i.a.utils.serializer.KryoNamespace - class java.util.Optional registered as 40
02:55:17.867 [raft-server-1-state] TRACE i.a.utils.serializer.KryoNamespace - class java.util.Collections$EmptyList registered as 41
02:55:17.867 [raft-server-1-state] TRACE i.a.utils.serializer.KryoNamespace - class java.util.Collections$SingletonSet registered as 42
02:55:17.867 [raft-server-1-state] TRACE i.a.utils.serializer.KryoNamespace - class [I registered as 43
02:55:17.867 [raft-server-1-state] TRACE i.a.utils.serializer.KryoNamespace - class [J registered as 44
02:55:17.867 [raft-server-1-state] TRACE i.a.utils.serializer.KryoNamespace - class [S registered as 45
02:55:17.867 [raft-server-1-state] TRACE i.a.utils.serializer.KryoNamespace - class [D registered as 46
02:55:17.867 [raft-server-1-state] TRACE i.a.utils.serializer.KryoNamespace - class [F registered as 47
02:55:17.867 [raft-server-1-state] TRACE i.a.utils.serializer.KryoNamespace - class [C registered as 48
02:55:17.867 [raft-server-1-state] TRACE i.a.utils.serializer.KryoNamespace - class [Ljava.lang.String; registered as 49
02:55:17.867 [raft-server-1-state] TRACE i.a.utils.serializer.KryoNamespace - class [Z registered as 50
02:55:17.867 [raft-server-1-state] TRACE i.a.utils.serializer.KryoNamespace - class [Ljava.lang.Object; registered as 51
02:55:17.867 [raft-server-1-state] TRACE i.a.utils.serializer.KryoNamespace - class io.atomix.primitive.service.ServiceConfig registered as 52
02:55:17.868 [raft-server-1-state] DEBUG i.a.p.r.service.RaftServiceContext - PrimitiveService{2}{type=io.atomix.protocols.raft.RaftTest$TestPrimitiveType@60cd3cc, name=raft-test} - Taking snapshot 30
02:55:17.868 [raft-server-1-state] TRACE i.a.utils.serializer.KryoNamespace - Creating Kryo instance for KryoNamespace{registeredBlocks=[RegistrationBlock{begin=16, types=[([Ljava.lang.Class;@6b321262,null), ([Ljava.lang.Class;@68b11545,null), ([Ljava.lang.Class;@7d0100ea,null), ([Ljava.lang.Class;@357bc488,null), ([Ljava.lang.Class;@4ea17147,io.atomix.utils.serializer.serializers.ImmutableListSerializer@2eda4eeb), ([Ljava.lang.Class;@5ba90d8a,io.atomix.utils.serializer.serializers.ImmutableSetSerializer@309dcdf3), ([Ljava.lang.Class;@7573b9ee,io.atomix.utils.serializer.serializers.ImmutableMapSerializer@9a20cbd), ([Ljava.lang.Class;@1af4955e,null), ([Ljava.lang.Class;@445821a6,null), ([Ljava.lang.Class;@2c0c4c0a,null), ([Ljava.lang.Class;@35d26ad2,null), ([Ljava.lang.Class;@bb25753,null), ([Ljava.lang.Class;@ee21292,null), ([Ljava.lang.Class;@40c06358,null), ([Ljava.lang.Class;@66e21568,null), ([Ljava.lang.Class;@7f73ce28,null), ([Ljava.lang.Class;@611b35d6,null), ([Ljava.lang.Class;@2282400e,null), ([Ljava.lang.Class;@543d5863,null), ([Ljava.lang.Class;@35dece42,null), ([Ljava.lang.Class;@dd3f8aa,io.atomix.utils.serializer.serializers.ArraysAsListSerializer@3d615b2e), ([Ljava.lang.Class;@3a1f2a1,null), ([Ljava.lang.Class;@40ce9049,null), ([Ljava.lang.Class;@52ca2652,null), ([Ljava.lang.Class;@65c5bf0e,null), ([Ljava.lang.Class;@697d6ded,null), ([Ljava.lang.Class;@5d05f453,null), ([Ljava.lang.Class;@5efeb117,null), ([Ljava.lang.Class;@160b4809,null), ([Ljava.lang.Class;@149b4d20,null), ([Ljava.lang.Class;@664e848c,null), ([Ljava.lang.Class;@4d93f75b,null), ([Ljava.lang.Class;@114a5e0,null), ([Ljava.lang.Class;@4f281aaf,null), ([Ljava.lang.Class;@5d508d22,null), ([Ljava.lang.Class;@f2b90fc,null)]}, RegistrationBlock{begin=52, types=[([Ljava.lang.Class;@25a55323,null)]}]}
02:55:17.868 [raft-server-1-state] TRACE i.a.utils.serializer.KryoNamespace - class [B registered as 16
02:55:17.868 [raft-server-1-state] TRACE i.a.utils.serializer.KryoNamespace - class java.util.concurrent.atomic.AtomicBoolean registered as 17
02:55:17.868 [raft-server-1-state] TRACE i.a.utils.serializer.KryoNamespace - class java.util.concurrent.atomic.AtomicInteger registered as 18
02:55:17.868 [raft-server-1-state] TRACE i.a.utils.serializer.KryoNamespace - class java.util.concurrent.atomic.AtomicLong registered as 19
02:55:17.868 [raft-server-1-state] TRACE i.a.utils.serializer.KryoNamespace - class com.google.common.collect.ImmutableList registered as 20
02:55:17.868 [raft-server-1-state] TRACE i.a.utils.serializer.KryoNamespace - class com.google.common.collect.RegularImmutableList registered as 20
02:55:17.868 [raft-server-1-state] TRACE i.a.utils.serializer.KryoNamespace - class com.google.common.collect.RegularImmutableList registered as 20
02:55:17.868 [raft-server-1-state] TRACE i.a.utils.serializer.KryoNamespace - class com.google.common.collect.ImmutableList$SubList registered as 20
02:55:17.868 [raft-server-1-state] TRACE i.a.utils.serializer.KryoNamespace - class com.google.common.collect.ImmutableSet registered as 21
02:55:17.868 [raft-server-1-state] TRACE i.a.utils.serializer.KryoNamespace - class com.google.common.collect.RegularImmutableSet registered as 21
02:55:17.868 [raft-server-1-state] TRACE i.a.utils.serializer.KryoNamespace - class com.google.common.collect.SingletonImmutableSet registered as 21
02:55:17.868 [raft-server-1-state] TRACE i.a.utils.serializer.KryoNamespace - class com.google.common.collect.RegularImmutableSet registered as 21
02:55:17.868 [raft-server-1-state] TRACE i.a.utils.serializer.KryoNamespace - class com.google.common.collect.ImmutableMap registered as 22
02:55:17.868 [raft-server-1-state] TRACE i.a.utils.serializer.KryoNamespace - class com.google.common.collect.RegularImmutableMap registered as 22
02:55:17.868 [raft-server-1-state] TRACE i.a.utils.serializer.KryoNamespace - class com.google.common.collect.RegularImmutableMap registered as 22
02:55:17.868 [raft-server-1-state] TRACE i.a.utils.serializer.KryoNamespace - class com.google.common.collect.RegularImmutableMap registered as 22
02:55:17.868 [raft-server-1-state] TRACE i.a.utils.serializer.KryoNamespace - class java.util.Collections$UnmodifiableSet registered as 23
02:55:17.868 [raft-server-1-state] TRACE i.a.utils.serializer.KryoNamespace - class java.util.HashMap registered as 24
02:55:17.868 [raft-server-1-state] TRACE i.a.utils.serializer.KryoNamespace - class java.util.concurrent.ConcurrentHashMap registered as 25
02:55:17.868 [raft-server-1-state] TRACE i.a.utils.serializer.KryoNamespace - class java.util.concurrent.CopyOnWriteArraySet registered as 26
02:55:17.868 [raft-server-1-state] TRACE i.a.utils.serializer.KryoNamespace - class java.util.ArrayList registered as 27
02:55:17.868 [raft-server-1-state] TRACE i.a.utils.serializer.KryoNamespace - class java.util.LinkedList registered as 28
02:55:17.868 [raft-server-1-state] TRACE i.a.utils.serializer.KryoNamespace - class java.util.HashSet registered as 29
02:55:17.868 [raft-server-1-state] TRACE i.a.utils.serializer.KryoNamespace - class java.util.LinkedHashSet registered as 30
02:55:17.868 [raft-server-1-state] TRACE i.a.utils.serializer.KryoNamespace - class com.sun.jmx.remote.internal.ArrayQueue registered as 31
02:55:17.868 [raft-server-1-state] TRACE i.a.utils.serializer.KryoNamespace - class java.util.ArrayDeque registered as 32
02:55:17.868 [raft-server-1-state] TRACE i.a.utils.serializer.KryoNamespace - class com.google.common.collect.HashMultiset registered as 33
02:55:17.868 [raft-server-1-state] TRACE i.a.utils.serializer.KryoNamespace - class com.google.common.collect.Sets registered as 34
02:55:17.868 [raft-server-1-state] TRACE i.a.utils.serializer.KryoNamespace - class com.google.common.collect.ImmutableEntry registered as 35
02:55:17.868 [raft-server-1-state] TRACE i.a.utils.serializer.KryoNamespace - class java.util.Arrays$ArrayList registered as 36
02:55:17.869 [raft-server-1-state] TRACE i.a.utils.serializer.KryoNamespace - class java.util.Collections$SingletonList registered as 37
02:55:17.869 [raft-server-1-state] TRACE i.a.utils.serializer.KryoNamespace - class java.time.Duration registered as 38
02:55:17.869 [raft-server-1-state] TRACE i.a.utils.serializer.KryoNamespace - class java.util.Collections$EmptySet registered as 39
02:55:17.869 [raft-server-1-state] TRACE i.a.utils.serializer.KryoNamespace - class java.util.Optional registered as 40
02:55:17.869 [raft-server-1-state] TRACE i.a.utils.serializer.KryoNamespace - class java.util.Collections$EmptyList registered as 41
02:55:17.869 [raft-server-1-state] TRACE i.a.utils.serializer.KryoNamespace - class java.util.Collections$SingletonSet registered as 42
02:55:17.869 [raft-server-1-state] TRACE i.a.utils.serializer.KryoNamespace - class [I registered as 43
02:55:17.869 [raft-server-1-state] TRACE i.a.utils.serializer.KryoNamespace - class [J registered as 44
02:55:17.869 [raft-server-1-state] TRACE i.a.utils.serializer.KryoNamespace - class [S registered as 45
02:55:17.869 [raft-server-1-state] TRACE i.a.utils.serializer.KryoNamespace - class [D registered as 46
02:55:17.869 [raft-server-1-state] TRACE i.a.utils.serializer.KryoNamespace - class [F registered as 47
02:55:17.869 [raft-server-1-state] TRACE i.a.utils.serializer.KryoNamespace - class [C registered as 48
02:55:17.869 [raft-server-1-state] TRACE i.a.utils.serializer.KryoNamespace - class [Ljava.lang.String; registered as 49
02:55:17.869 [raft-server-1-state] TRACE i.a.utils.serializer.KryoNamespace - class [Z registered as 50
02:55:17.869 [raft-server-1-state] TRACE i.a.utils.serializer.KryoNamespace - class [Ljava.lang.Object; registered as 51
02:55:17.869 [raft-server-1-state] TRACE i.a.utils.serializer.KryoNamespace - class io.atomix.primitive.service.ServiceConfig registered as 52
02:55:17.869 [raft-server-1-compaction] DEBUG i.a.p.r.s.snapshot.SnapshotStore - Created disk snapshot: FileSnapshot{index=30}
02:55:18.154 [raft-server-3] DEBUG i.a.storage.journal.SegmentedJournal - Created disk segment: JournalSegment{id=4, version=1, index=31, size=64}
02:55:18.154 [raft-server-2] DEBUG i.a.storage.journal.SegmentedJournal - Created disk segment: JournalSegment{id=4, version=1, index=31, size=64}
02:55:18.154 [raft-server-2] TRACE i.a.p.raft.roles.FollowerRole - RaftServer{2}{role=FOLLOWER} - Appended Indexed{index=31, entry=CommandEntry{term=1, timestamp=2018-06-09 02:55:17,632, session=2, sequence=25, operation=PrimitiveOperation{id=DefaultOperationId{id=write, type=COMMAND}, value=byte[]{length=17, hash=-1644578928}}}}
02:55:18.154 [raft-server-3] TRACE i.a.p.raft.roles.FollowerRole - RaftServer{3}{role=FOLLOWER} - Appended Indexed{index=31, entry=CommandEntry{term=1, timestamp=2018-06-09 02:55:17,632, session=2, sequence=25, operation=PrimitiveOperation{id=DefaultOperationId{id=write, type=COMMAND}, value=byte[]{length=17, hash=-1644578928}}}}
02:55:18.154 [raft-server-2] TRACE i.a.p.raft.roles.FollowerRole - RaftServer{2}{role=FOLLOWER} - Sending AppendResponse{status=OK, term=1, succeeded=true, lastLogIndex=31}
02:55:18.154 [raft-server-3] TRACE i.a.p.raft.roles.FollowerRole - RaftServer{3}{role=FOLLOWER} - Sending AppendResponse{status=OK, term=1, succeeded=true, lastLogIndex=31}
02:55:18.155 [raft-server-1] TRACE i.a.p.raft.roles.LeaderAppender - RaftServer{1} - Received AppendResponse{status=OK, term=1, succeeded=true, lastLogIndex=31} from 2
02:55:18.155 [raft-server-1] TRACE i.a.p.raft.roles.LeaderAppender - RaftServer{1} - Committed entries up to 31
02:55:18.155 [raft-server-2] DEBUG i.a.p.raft.impl.RaftServiceManager - RaftServer{2} - Snapshotting services
02:55:18.155 [raft-server-2-state] DEBUG i.a.p.r.s.snapshot.SnapshotStore - Created memory snapshot: MemorySnapshot{index=30}
02:55:18.155 [raft-server-2-state] TRACE i.a.utils.serializer.KryoNamespace - Creating Kryo instance for KryoNamespace{registeredBlocks=[RegistrationBlock{begin=16, types=[([Ljava.lang.Class;@6b321262,null), ([Ljava.lang.Class;@68b11545,null), ([Ljava.lang.Class;@7d0100ea,null), ([Ljava.lang.Class;@357bc488,null), ([Ljava.lang.Class;@4ea17147,io.atomix.utils.serializer.serializers.ImmutableListSerializer@2eda4eeb), ([Ljava.lang.Class;@5ba90d8a,io.atomix.utils.serializer.serializers.ImmutableSetSerializer@309dcdf3), ([Ljava.lang.Class;@7573b9ee,io.atomix.utils.serializer.serializers.ImmutableMapSerializer@9a20cbd), ([Ljava.lang.Class;@1af4955e,null), ([Ljava.lang.Class;@445821a6,null), ([Ljava.lang.Class;@2c0c4c0a,null), ([Ljava.lang.Class;@35d26ad2,null), ([Ljava.lang.Class;@bb25753,null), ([Ljava.lang.Class;@ee21292,null), ([Ljava.lang.Class;@40c06358,null), ([Ljava.lang.Class;@66e21568,null), ([Ljava.lang.Class;@7f73ce28,null), ([Ljava.lang.Class;@611b35d6,null), ([Ljava.lang.Class;@2282400e,null), ([Ljava.lang.Class;@543d5863,null), ([Ljava.lang.Class;@35dece42,null), ([Ljava.lang.Class;@dd3f8aa,io.atomix.utils.serializer.serializers.ArraysAsListSerializer@3d615b2e), ([Ljava.lang.Class;@3a1f2a1,null), ([Ljava.lang.Class;@40ce9049,null), ([Ljava.lang.Class;@52ca2652,null), ([Ljava.lang.Class;@65c5bf0e,null), ([Ljava.lang.Class;@697d6ded,null), ([Ljava.lang.Class;@5d05f453,null), ([Ljava.lang.Class;@5efeb117,null), ([Ljava.lang.Class;@160b4809,null), ([Ljava.lang.Class;@149b4d20,null), ([Ljava.lang.Class;@664e848c,null), ([Ljava.lang.Class;@4d93f75b,null), ([Ljava.lang.Class;@114a5e0,null), ([Ljava.lang.Class;@4f281aaf,null), ([Ljava.lang.Class;@5d508d22,null), ([Ljava.lang.Class;@f2b90fc,null)]}, RegistrationBlock{begin=52, types=[([Ljava.lang.Class;@24f9e8fe,null)]}]}
02:55:18.155 [raft-server-2-state] TRACE i.a.utils.serializer.KryoNamespace - class [B registered as 16
02:55:18.155 [raft-server-2-state] TRACE i.a.utils.serializer.KryoNamespace - class java.util.concurrent.atomic.AtomicBoolean registered as 17
02:55:18.155 [raft-server-2-state] TRACE i.a.utils.serializer.KryoNamespace - class java.util.concurrent.atomic.AtomicInteger registered as 18
02:55:18.155 [raft-server-2-state] TRACE i.a.utils.serializer.KryoNamespace - class java.util.concurrent.atomic.AtomicLong registered as 19
02:55:18.155 [raft-server-2-state] TRACE i.a.utils.serializer.KryoNamespace - class com.google.common.collect.ImmutableList registered as 20
02:55:18.155 [raft-server-2-state] TRACE i.a.utils.serializer.KryoNamespace - class com.google.common.collect.RegularImmutableList registered as 20
02:55:18.155 [raft-server-2-state] TRACE i.a.utils.serializer.KryoNamespace - class com.google.common.collect.RegularImmutableList registered as 20
02:55:18.156 [raft-server-2-state] TRACE i.a.utils.serializer.KryoNamespace - class com.google.common.collect.ImmutableList$SubList registered as 20
02:55:18.156 [raft-server-2-state] TRACE i.a.utils.serializer.KryoNamespace - class com.google.common.collect.ImmutableSet registered as 21
02:55:18.156 [raft-server-2-state] TRACE i.a.utils.serializer.KryoNamespace - class com.google.common.collect.RegularImmutableSet registered as 21
02:55:18.156 [raft-server-2-state] TRACE i.a.utils.serializer.KryoNamespace - class com.google.common.collect.SingletonImmutableSet registered as 21
02:55:18.156 [raft-server-2-state] TRACE i.a.utils.serializer.KryoNamespace - class com.google.common.collect.RegularImmutableSet registered as 21
02:55:18.156 [raft-server-2-state] TRACE i.a.utils.serializer.KryoNamespace - class com.google.common.collect.ImmutableMap registered as 22
02:55:18.156 [raft-server-2-state] TRACE i.a.utils.serializer.KryoNamespace - class com.google.common.collect.RegularImmutableMap registered as 22
02:55:18.156 [raft-server-2-state] TRACE i.a.utils.serializer.KryoNamespace - class com.google.common.collect.RegularImmutableMap registered as 22
02:55:18.156 [raft-server-2-state] TRACE i.a.utils.serializer.KryoNamespace - class com.google.common.collect.RegularImmutableMap registered as 22
02:55:18.156 [raft-server-2-state] TRACE i.a.utils.serializer.KryoNamespace - class java.util.Collections$UnmodifiableSet registered as 23
02:55:18.156 [raft-server-2-state] TRACE i.a.utils.serializer.KryoNamespace - class java.util.HashMap registered as 24
02:55:18.156 [raft-server-2-state] TRACE i.a.utils.serializer.KryoNamespace - class java.util.concurrent.ConcurrentHashMap registered as 25
02:55:18.156 [raft-server-2-state] TRACE i.a.utils.serializer.KryoNamespace - class java.util.concurrent.CopyOnWriteArraySet registered as 26
02:55:18.156 [raft-server-2-state] TRACE i.a.utils.serializer.KryoNamespace - class java.util.ArrayList registered as 27
02:55:18.156 [raft-server-2-state] TRACE i.a.utils.serializer.KryoNamespace - class java.util.LinkedList registered as 28
02:55:18.156 [raft-server-2-state] TRACE i.a.utils.serializer.KryoNamespace - class java.util.HashSet registered as 29
02:55:18.156 [raft-server-2-state] TRACE i.a.utils.serializer.KryoNamespace - class java.util.LinkedHashSet registered as 30
02:55:18.156 [raft-server-2-state] TRACE i.a.utils.serializer.KryoNamespace - class com.sun.jmx.remote.internal.ArrayQueue registered as 31
02:55:18.156 [raft-server-2-state] TRACE i.a.utils.serializer.KryoNamespace - class java.util.ArrayDeque registered as 32
02:55:18.156 [raft-server-2-state] TRACE i.a.utils.serializer.KryoNamespace - class com.google.common.collect.HashMultiset registered as 33
02:55:18.156 [raft-server-2-state] TRACE i.a.utils.serializer.KryoNamespace - class com.google.common.collect.Sets registered as 34
02:55:18.156 [raft-server-2-state] TRACE i.a.utils.serializer.KryoNamespace - class com.google.common.collect.ImmutableEntry registered as 35
02:55:18.156 [raft-server-2-state] TRACE i.a.utils.serializer.KryoNamespace - class java.util.Arrays$ArrayList registered as 36
02:55:18.156 [raft-server-2-state] TRACE i.a.utils.serializer.KryoNamespace - class java.util.Collections$SingletonList registered as 37
02:55:18.156 [raft-server-2-state] TRACE i.a.utils.serializer.KryoNamespace - class java.time.Duration registered as 38
02:55:18.156 [raft-server-2-state] TRACE i.a.utils.serializer.KryoNamespace - class java.util.Collections$EmptySet registered as 39
02:55:18.156 [raft-server-2-state] TRACE i.a.utils.serializer.KryoNamespace - class java.util.Optional registered as 40
02:55:18.156 [raft-server-2-state] TRACE i.a.utils.serializer.KryoNamespace - class java.util.Collections$EmptyList registered as 41
02:55:18.156 [raft-server-2-state] TRACE i.a.utils.serializer.KryoNamespace - class java.util.Collections$SingletonSet registered as 42
02:55:18.157 [raft-server-2-state] TRACE i.a.utils.serializer.KryoNamespace - class [I registered as 43
02:55:18.157 [raft-server-2-state] TRACE i.a.utils.serializer.KryoNamespace - class [J registered as 44
02:55:18.157 [raft-server-2-state] TRACE i.a.utils.serializer.KryoNamespace - class [S registered as 45
02:55:18.157 [raft-server-2-state] TRACE i.a.utils.serializer.KryoNamespace - class [D registered as 46
02:55:18.157 [raft-server-2-state] TRACE i.a.utils.serializer.KryoNamespace - class [F registered as 47
02:55:18.157 [raft-server-2-state] TRACE i.a.utils.serializer.KryoNamespace - class [C registered as 48
02:55:18.157 [raft-server-2-state] TRACE i.a.utils.serializer.KryoNamespace - class [Ljava.lang.String; registered as 49
02:55:18.157 [raft-server-2-state] TRACE i.a.utils.serializer.KryoNamespace - class [Z registered as 50
02:55:18.157 [raft-server-2-state] TRACE i.a.utils.serializer.KryoNamespace - class [Ljava.lang.Object; registered as 51
02:55:18.157 [raft-server-2-state] TRACE i.a.utils.serializer.KryoNamespace - class io.atomix.primitive.service.ServiceConfig registered as 52
02:55:18.157 [raft-server-2-state] DEBUG i.a.p.r.service.RaftServiceContext - PrimitiveService{2}{type=io.atomix.protocols.raft.RaftTest$TestPrimitiveType@21189677, name=raft-test} - Taking snapshot 30
02:55:18.157 [raft-server-2-state] TRACE i.a.utils.serializer.KryoNamespace - Creating Kryo instance for KryoNamespace{registeredBlocks=[RegistrationBlock{begin=16, types=[([Ljava.lang.Class;@6b321262,null), ([Ljava.lang.Class;@68b11545,null), ([Ljava.lang.Class;@7d0100ea,null), ([Ljava.lang.Class;@357bc488,null), ([Ljava.lang.Class;@4ea17147,io.atomix.utils.serializer.serializers.ImmutableListSerializer@2eda4eeb), ([Ljava.lang.Class;@5ba90d8a,io.atomix.utils.serializer.serializers.ImmutableSetSerializer@309dcdf3), ([Ljava.lang.Class;@7573b9ee,io.atomix.utils.serializer.serializers.ImmutableMapSerializer@9a20cbd), ([Ljava.lang.Class;@1af4955e,null), ([Ljava.lang.Class;@445821a6,null), ([Ljava.lang.Class;@2c0c4c0a,null), ([Ljava.lang.Class;@35d26ad2,null), ([Ljava.lang.Class;@bb25753,null), ([Ljava.lang.Class;@ee21292,null), ([Ljava.lang.Class;@40c06358,null), ([Ljava.lang.Class;@66e21568,null), ([Ljava.lang.Class;@7f73ce28,null), ([Ljava.lang.Class;@611b35d6,null), ([Ljava.lang.Class;@2282400e,null), ([Ljava.lang.Class;@543d5863,null), ([Ljava.lang.Class;@35dece42,null), ([Ljava.lang.Class;@dd3f8aa,io.atomix.utils.serializer.serializers.ArraysAsListSerializer@3d615b2e), ([Ljava.lang.Class;@3a1f2a1,null), ([Ljava.lang.Class;@40ce9049,null), ([Ljava.lang.Class;@52ca2652,null), ([Ljava.lang.Class;@65c5bf0e,null), ([Ljava.lang.Class;@697d6ded,null), ([Ljava.lang.Class;@5d05f453,null), ([Ljava.lang.Class;@5efeb117,null), ([Ljava.lang.Class;@160b4809,null), ([Ljava.lang.Class;@149b4d20,null), ([Ljava.lang.Class;@664e848c,null), ([Ljava.lang.Class;@4d93f75b,null), ([Ljava.lang.Class;@114a5e0,null), ([Ljava.lang.Class;@4f281aaf,null), ([Ljava.lang.Class;@5d508d22,null), ([Ljava.lang.Class;@f2b90fc,null)]}, RegistrationBlock{begin=52, types=[([Ljava.lang.Class;@5e56b76d,null)]}]}
02:55:18.157 [raft-server-2-state] TRACE i.a.utils.serializer.KryoNamespace - class [B registered as 16
02:55:18.157 [raft-server-2-state] TRACE i.a.utils.serializer.KryoNamespace - class java.util.concurrent.atomic.AtomicBoolean registered as 17
02:55:18.157 [raft-server-2-state] TRACE i.a.utils.serializer.KryoNamespace - class java.util.concurrent.atomic.AtomicInteger registered as 18
02:55:18.157 [raft-server-2-state] TRACE i.a.utils.serializer.KryoNamespace - class java.util.concurrent.atomic.AtomicLong registered as 19
02:55:18.157 [raft-server-2-state] TRACE i.a.utils.serializer.KryoNamespace - class com.google.common.collect.ImmutableList registered as 20
02:55:18.157 [raft-server-2-state] TRACE i.a.utils.serializer.KryoNamespace - class com.google.common.collect.RegularImmutableList registered as 20
02:55:18.157 [raft-server-2-state] TRACE i.a.utils.serializer.KryoNamespace - class com.google.common.collect.RegularImmutableList registered as 20
02:55:18.157 [raft-server-2-state] TRACE i.a.utils.serializer.KryoNamespace - class com.google.common.collect.ImmutableList$SubList registered as 20
02:55:18.157 [raft-server-2-state] TRACE i.a.utils.serializer.KryoNamespace - class com.google.common.collect.ImmutableSet registered as 21
02:55:18.157 [raft-server-2-state] TRACE i.a.utils.serializer.KryoNamespace - class com.google.common.collect.RegularImmutableSet registered as 21
02:55:18.157 [raft-server-2-state] TRACE i.a.utils.serializer.KryoNamespace - class com.google.common.collect.SingletonImmutableSet registered as 21
02:55:18.157 [raft-server-2-state] TRACE i.a.utils.serializer.KryoNamespace - class com.google.common.collect.RegularImmutableSet registered as 21
02:55:18.157 [raft-server-2-state] TRACE i.a.utils.serializer.KryoNamespace - class com.google.common.collect.ImmutableMap registered as 22
02:55:18.157 [raft-server-2-state] TRACE i.a.utils.serializer.KryoNamespace - class com.google.common.collect.RegularImmutableMap registered as 22
02:55:18.157 [raft-server-2-state] TRACE i.a.utils.serializer.KryoNamespace - class com.google.common.collect.RegularImmutableMap registered as 22
02:55:18.158 [raft-server-2-state] TRACE i.a.utils.serializer.KryoNamespace - class com.google.common.collect.RegularImmutableMap registered as 22
02:55:18.158 [raft-server-2-state] TRACE i.a.utils.serializer.KryoNamespace - class java.util.Collections$UnmodifiableSet registered as 23
02:55:18.158 [raft-server-2-state] TRACE i.a.utils.serializer.KryoNamespace - class java.util.HashMap registered as 24
02:55:18.158 [raft-server-2-state] TRACE i.a.utils.serializer.KryoNamespace - class java.util.concurrent.ConcurrentHashMap registered as 25
02:55:18.158 [raft-server-2-state] TRACE i.a.utils.serializer.KryoNamespace - class java.util.concurrent.CopyOnWriteArraySet registered as 26
02:55:18.158 [raft-server-2-state] TRACE i.a.utils.serializer.KryoNamespace - class java.util.ArrayList registered as 27
02:55:18.158 [raft-server-2-state] TRACE i.a.utils.serializer.KryoNamespace - class java.util.LinkedList registered as 28
02:55:18.158 [raft-server-2-state] TRACE i.a.utils.serializer.KryoNamespace - class java.util.HashSet registered as 29
02:55:18.158 [raft-server-2-state] TRACE i.a.utils.serializer.KryoNamespace - class java.util.LinkedHashSet registered as 30
02:55:18.158 [raft-server-2-state] TRACE i.a.utils.serializer.KryoNamespace - class com.sun.jmx.remote.internal.ArrayQueue registered as 31
02:55:18.158 [raft-server-2-state] TRACE i.a.utils.serializer.KryoNamespace - class java.util.ArrayDeque registered as 32
02:55:18.158 [raft-server-2-state] TRACE i.a.utils.serializer.KryoNamespace - class com.google.common.collect.HashMultiset registered as 33
02:55:18.158 [raft-server-2-state] TRACE i.a.utils.serializer.KryoNamespace - class com.google.common.collect.Sets registered as 34
02:55:18.158 [raft-server-2-state] TRACE i.a.utils.serializer.KryoNamespace - class com.google.common.collect.ImmutableEntry registered as 35
02:55:18.158 [raft-server-2-state] TRACE i.a.utils.serializer.KryoNamespace - class java.util.Arrays$ArrayList registered as 36
02:55:18.158 [raft-server-2-state] TRACE i.a.utils.serializer.KryoNamespace - class java.util.Collections$SingletonList registered as 37
02:55:18.158 [raft-server-2-state] TRACE i.a.utils.serializer.KryoNamespace - class java.time.Duration registered as 38
02:55:18.158 [raft-server-2-state] TRACE i.a.utils.serializer.KryoNamespace - class java.util.Collections$EmptySet registered as 39
02:55:18.158 [raft-server-2-state] TRACE i.a.utils.serializer.KryoNamespace - class java.util.Optional registered as 40
02:55:18.158 [raft-server-2-state] TRACE i.a.utils.serializer.KryoNamespace - class java.util.Collections$EmptyList registered as 41
02:55:18.158 [raft-server-2-state] TRACE i.a.utils.serializer.KryoNamespace - class java.util.Collections$SingletonSet registered as 42
02:55:18.158 [raft-server-2-state] TRACE i.a.utils.serializer.KryoNamespace - class [I registered as 43
02:55:18.158 [raft-server-2-state] TRACE i.a.utils.serializer.KryoNamespace - class [J registered as 44
02:55:18.158 [raft-server-2-state] TRACE i.a.utils.serializer.KryoNamespace - class [S registered as 45
02:55:18.159 [raft-server-2-state] TRACE i.a.utils.serializer.KryoNamespace - class [D registered as 46
02:55:18.159 [raft-server-2-state] TRACE i.a.utils.serializer.KryoNamespace - class [F registered as 47
02:55:18.159 [raft-server-2-state] TRACE i.a.utils.serializer.KryoNamespace - class [C registered as 48
02:55:18.159 [raft-server-2-state] TRACE i.a.utils.serializer.KryoNamespace - class [Ljava.lang.String; registered as 49
02:55:18.159 [raft-server-2-state] TRACE i.a.utils.serializer.KryoNamespace - class [Z registered as 50
02:55:18.159 [raft-server-2-state] TRACE i.a.utils.serializer.KryoNamespace - class [Ljava.lang.Object; registered as 51
02:55:18.159 [raft-server-2-state] TRACE i.a.utils.serializer.KryoNamespace - class io.atomix.primitive.service.ServiceConfig registered as 52
02:55:18.159 [raft-server-2-compaction] DEBUG i.a.p.r.s.snapshot.SnapshotStore - Created disk snapshot: FileSnapshot{index=30}
02:55:18.344 [raft-server-1] TRACE i.a.p.raft.roles.LeaderAppender - RaftServer{1} - Sending AppendRequest{term=1, leader=1, prevLogIndex=31, prevLogTerm=1, entries=0, commitIndex=31} to 2
02:55:18.344 [raft-server-1] TRACE i.a.p.raft.roles.LeaderAppender - RaftServer{1} - Received AppendResponse{status=OK, term=1, succeeded=true, lastLogIndex=31} from 3
02:55:18.344 [raft-server-2] TRACE i.a.p.raft.roles.FollowerRole - RaftServer{2}{role=FOLLOWER} - Received AppendRequest{term=1, leader=1, prevLogIndex=31, prevLogTerm=1, entries=0, commitIndex=31}
02:55:18.344 [raft-server-1] TRACE i.a.p.raft.roles.LeaderAppender - RaftServer{1} - Sending AppendRequest{term=1, leader=1, prevLogIndex=31, prevLogTerm=1, entries=0, commitIndex=31} to 3
02:55:18.345 [raft-server-3] TRACE i.a.p.raft.roles.FollowerRole - RaftServer{3}{role=FOLLOWER} - Received AppendRequest{term=1, leader=1, prevLogIndex=31, prevLogTerm=1, entries=0, commitIndex=31}
02:55:18.345 [raft-server-1-state] TRACE i.a.p.raft.impl.RaftServiceManager - RaftServer{1} - Applying Indexed{index=31, entry=CommandEntry{term=1, timestamp=2018-06-09 02:55:17,632, session=2, sequence=25, operation=PrimitiveOperation{id=DefaultOperationId{id=write, type=COMMAND}, value=byte[]{length=17, hash=-1644578928}}}}
02:55:18.345 [raft-server-1-state] TRACE i.a.p.s.impl.DefaultServiceExecutor - PrimitiveService{2}{type=io.atomix.protocols.raft.RaftTest$TestPrimitiveType@60cd3cc, name=raft-test} - Executing DefaultCommit{index=31, session=RaftSession{RaftServiceContext{server=1, type=io.atomix.protocols.raft.RaftTest$TestPrimitiveType@60cd3cc, name=raft-test, id=2}, session=2, timestamp=2018-06-09 02:55:17,632}, time=2018-06-09 02:55:17,632, operation=DefaultOperationId{id=write, type=COMMAND}, value=byte[]{length=17, hash=-1644578928}}
02:55:18.345 [raft-server-1-state] TRACE i.a.protocols.raft.roles.LeaderRole - RaftServer{1}{role=LEADER} - Sending CommandResponse{status=OK, index=31, eventIndex=2, result=byte[]{length=2, hash=1302}}
02:55:18.345 [raft-client-6c0a1bb2-986e-47f7-86e2-6a736c947544-7] TRACE i.a.p.r.p.impl.RaftProxyConnection - ProxySession{2}{type=io.atomix.protocols.raft.RaftTest$TestPrimitiveType@35bfa1bb, name=raft-test} - Received CommandResponse{status=OK, index=31, eventIndex=2, result=byte[]{length=2, hash=1302}} from 1
02:55:18.345 [raft-client-6c0a1bb2-986e-47f7-86e2-6a736c947544-7] TRACE i.a.p.r.p.impl.RaftProxySequencer - ProxySession{2}{type=io.atomix.protocols.raft.RaftTest$TestPrimitiveType@35bfa1bb, name=raft-test} - Completing response CommandResponse{status=OK, index=31, eventIndex=2, result=byte[]{length=2, hash=1302}}
02:55:18.346 [raft-client-6c0a1bb2-986e-47f7-86e2-6a736c947544-7] TRACE i.a.p.r.p.impl.RaftProxyConnection - ProxySession{2}{type=io.atomix.protocols.raft.RaftTest$TestPrimitiveType@35bfa1bb, name=raft-test} - Sending CommandRequest{session=2, sequence=26, operation=PrimitiveOperation{id=DefaultOperationId{id=write, type=COMMAND}, value=byte[]{length=17, hash=-1644578928}}} to 1
02:55:18.346 [raft-server-1] TRACE i.a.protocols.raft.roles.LeaderRole - RaftServer{1}{role=LEADER} - Received CommandRequest{session=2, sequence=26, operation=PrimitiveOperation{id=DefaultOperationId{id=write, type=COMMAND}, value=byte[]{length=17, hash=-1644578928}}}
02:55:18.346 [raft-server-1] TRACE i.a.protocols.raft.roles.LeaderRole - RaftServer{1}{role=LEADER} - Appended Indexed{index=32, entry=CommandEntry{term=1, timestamp=2018-06-09 02:55:18,346, session=2, sequence=26, operation=PrimitiveOperation{id=DefaultOperationId{id=write, type=COMMAND}, value=byte[]{length=17, hash=-1644578928}}}}
02:55:18.361 [raft-client-6c0a1bb2-986e-47f7-86e2-6a736c947544-0] TRACE i.a.p.r.proxy.impl.RaftProxyManager - RaftClient{6c0a1bb2-986e-47f7-86e2-6a736c947544} - Keeping 1 sessions alive
02:55:18.361 [raft-client-6c0a1bb2-986e-47f7-86e2-6a736c947544-0] TRACE i.a.p.r.p.impl.RaftProxyConnection - RaftClient{6c0a1bb2-986e-47f7-86e2-6a736c947544} - Sending KeepAliveRequest{sessionIds=long[]{length=1, hash=33}, commandSequences=long[]{length=1, hash=56}, eventIndexes=long[]{length=1, hash=33}} to 2
02:55:18.416 [raft-server-3] TRACE i.a.p.raft.roles.FollowerRole - RaftServer{3}{role=FOLLOWER} - Committed entries up to index 31
02:55:18.416 [raft-server-2] TRACE i.a.p.raft.roles.FollowerRole - RaftServer{2}{role=FOLLOWER} - Committed entries up to index 31
02:55:18.416 [raft-server-3] TRACE i.a.p.raft.roles.FollowerRole - RaftServer{3}{role=FOLLOWER} - Sending AppendResponse{status=OK, term=1, succeeded=true, lastLogIndex=31}
02:55:18.416 [raft-server-2] TRACE i.a.p.raft.roles.FollowerRole - RaftServer{2}{role=FOLLOWER} - Sending AppendResponse{status=OK, term=1, succeeded=true, lastLogIndex=31}
02:55:18.416 [raft-server-1] TRACE i.a.p.raft.roles.LeaderAppender - RaftServer{1} - Received AppendResponse{status=OK, term=1, succeeded=true, lastLogIndex=31} from 3
02:55:18.416 [raft-server-2] TRACE i.a.p.raft.roles.FollowerRole - RaftServer{2}{role=FOLLOWER} - Received KeepAliveRequest{sessionIds=long[]{length=1, hash=33}, commandSequences=long[]{length=1, hash=56}, eventIndexes=long[]{length=1, hash=33}}
02:55:18.417 [raft-server-3] DEBUG i.a.p.raft.impl.RaftServiceManager - RaftServer{3} - Snapshotting services
02:55:18.417 [raft-server-1] TRACE i.a.p.raft.roles.LeaderAppender - RaftServer{1} - Sending AppendRequest{term=1, leader=1, prevLogIndex=31, prevLogTerm=1, entries=1, commitIndex=31} to 3
02:55:18.417 [raft-server-3-state] DEBUG i.a.p.r.s.snapshot.SnapshotStore - Created memory snapshot: MemorySnapshot{index=30}
02:55:18.417 [raft-server-1] TRACE i.a.p.raft.roles.LeaderAppender - RaftServer{1} - Received AppendResponse{status=OK, term=1, succeeded=true, lastLogIndex=31} from 2
02:55:18.417 [raft-server-3] TRACE i.a.p.raft.roles.FollowerRole - RaftServer{3}{role=FOLLOWER} - Received AppendRequest{term=1, leader=1, prevLogIndex=31, prevLogTerm=1, entries=1, commitIndex=31}
02:55:18.417 [raft-server-2-state] TRACE i.a.p.raft.impl.RaftServiceManager - RaftServer{2} - Applying Indexed{index=31, entry=CommandEntry{term=1, timestamp=2018-06-09 02:55:17,632, session=2, sequence=25, operation=PrimitiveOperation{id=DefaultOperationId{id=write, type=COMMAND}, value=byte[]{length=17, hash=-1644578928}}}}
02:55:18.417 [raft-server-1] TRACE i.a.p.raft.roles.LeaderAppender - RaftServer{1} - Sending AppendRequest{term=1, leader=1, prevLogIndex=31, prevLogTerm=1, entries=1, commitIndex=31} to 2
02:55:18.417 [raft-server-3-state] TRACE i.a.utils.serializer.KryoNamespace - Creating Kryo instance for KryoNamespace{registeredBlocks=[RegistrationBlock{begin=16, types=[([Ljava.lang.Class;@6b321262,null), ([Ljava.lang.Class;@68b11545,null), ([Ljava.lang.Class;@7d0100ea,null), ([Ljava.lang.Class;@357bc488,null), ([Ljava.lang.Class;@4ea17147,io.atomix.utils.serializer.serializers.ImmutableListSerializer@2eda4eeb), ([Ljava.lang.Class;@5ba90d8a,io.atomix.utils.serializer.serializers.ImmutableSetSerializer@309dcdf3), ([Ljava.lang.Class;@7573b9ee,io.atomix.utils.serializer.serializers.ImmutableMapSerializer@9a20cbd), ([Ljava.lang.Class;@1af4955e,null), ([Ljava.lang.Class;@445821a6,null), ([Ljava.lang.Class;@2c0c4c0a,null), ([Ljava.lang.Class;@35d26ad2,null), ([Ljava.lang.Class;@bb25753,null), ([Ljava.lang.Class;@ee21292,null), ([Ljava.lang.Class;@40c06358,null), ([Ljava.lang.Class;@66e21568,null), ([Ljava.lang.Class;@7f73ce28,null), ([Ljava.lang.Class;@611b35d6,null), ([Ljava.lang.Class;@2282400e,null), ([Ljava.lang.Class;@543d5863,null), ([Ljava.lang.Class;@35dece42,null), ([Ljava.lang.Class;@dd3f8aa,io.atomix.utils.serializer.serializers.ArraysAsListSerializer@3d615b2e), ([Ljava.lang.Class;@3a1f2a1,null), ([Ljava.lang.Class;@40ce9049,null), ([Ljava.lang.Class;@52ca2652,null), ([Ljava.lang.Class;@65c5bf0e,null), ([Ljava.lang.Class;@697d6ded,null), ([Ljava.lang.Class;@5d05f453,null), ([Ljava.lang.Class;@5efeb117,null), ([Ljava.lang.Class;@160b4809,null), ([Ljava.lang.Class;@149b4d20,null), ([Ljava.lang.Class;@664e848c,null), ([Ljava.lang.Class;@4d93f75b,null), ([Ljava.lang.Class;@114a5e0,null), ([Ljava.lang.Class;@4f281aaf,null), ([Ljava.lang.Class;@5d508d22,null), ([Ljava.lang.Class;@f2b90fc,null)]}, RegistrationBlock{begin=52, types=[([Ljava.lang.Class;@266d6354,null)]}]}
02:55:18.417 [raft-server-2-state] TRACE i.a.p.s.impl.DefaultServiceExecutor - PrimitiveService{2}{type=io.atomix.protocols.raft.RaftTest$TestPrimitiveType@21189677, name=raft-test} - Executing DefaultCommit{index=31, session=RaftSession{RaftServiceContext{server=2, type=io.atomix.protocols.raft.RaftTest$TestPrimitiveType@21189677, name=raft-test, id=2}, session=2, timestamp=2018-06-09 02:55:17,632}, time=2018-06-09 02:55:17,632, operation=DefaultOperationId{id=write, type=COMMAND}, value=byte[]{length=17, hash=-1644578928}}
02:55:18.417 [raft-server-2] TRACE i.a.p.raft.roles.FollowerRole - RaftServer{2}{role=FOLLOWER} - Received AppendRequest{term=1, leader=1, prevLogIndex=31, prevLogTerm=1, entries=1, commitIndex=31}
02:55:18.417 [raft-server-1] TRACE i.a.protocols.raft.roles.LeaderRole - RaftServer{1}{role=LEADER} - Received KeepAliveRequest{sessionIds=long[]{length=1, hash=33}, commandSequences=long[]{length=1, hash=56}, eventIndexes=long[]{length=1, hash=33}}
02:55:18.417 [raft-server-3] TRACE i.a.p.raft.roles.FollowerRole - RaftServer{3}{role=FOLLOWER} - Appended Indexed{index=32, entry=CommandEntry{term=1, timestamp=2018-06-09 02:55:18,346, session=2, sequence=26, operation=PrimitiveOperation{id=DefaultOperationId{id=write, type=COMMAND}, value=byte[]{length=17, hash=-1644578928}}}}
02:55:18.417 [raft-server-3-state] TRACE i.a.utils.serializer.KryoNamespace - class [B registered as 16
02:55:18.417 [raft-server-3] TRACE i.a.p.raft.roles.FollowerRole - RaftServer{3}{role=FOLLOWER} - Sending AppendResponse{status=OK, term=1, succeeded=true, lastLogIndex=32}
02:55:18.417 [raft-server-2] TRACE i.a.p.raft.roles.FollowerRole - RaftServer{2}{role=FOLLOWER} - Appended Indexed{index=32, entry=CommandEntry{term=1, timestamp=2018-06-09 02:55:18,346, session=2, sequence=26, operation=PrimitiveOperation{id=DefaultOperationId{id=write, type=COMMAND}, value=byte[]{length=17, hash=-1644578928}}}}
02:55:18.418 [raft-server-3-state] TRACE i.a.utils.serializer.KryoNamespace - class java.util.concurrent.atomic.AtomicBoolean registered as 17
02:55:18.418 [raft-server-1] TRACE i.a.protocols.raft.roles.LeaderRole - RaftServer{1}{role=LEADER} - Appended Indexed{index=33, entry=KeepAliveEntry{term=1, timestamp=2018-06-09 02:55:18,417, sessionIds=long[]{length=1, hash=33}, commandSequences=long[]{length=1, hash=56}, eventIndexes=long[]{length=1, hash=33}}}
02:55:18.418 [raft-server-2] TRACE i.a.p.raft.roles.FollowerRole - RaftServer{2}{role=FOLLOWER} - Sending AppendResponse{status=OK, term=1, succeeded=true, lastLogIndex=32}
02:55:18.418 [raft-server-3-state] TRACE i.a.utils.serializer.KryoNamespace - class java.util.concurrent.atomic.AtomicInteger registered as 18
02:55:18.418 [raft-server-1] TRACE i.a.p.raft.roles.LeaderAppender - RaftServer{1} - Received AppendResponse{status=OK, term=1, succeeded=true, lastLogIndex=32} from 3
02:55:18.418 [raft-server-3-state] TRACE i.a.utils.serializer.KryoNamespace - class java.util.concurrent.atomic.AtomicLong registered as 19
02:55:18.418 [raft-server-1] TRACE i.a.p.raft.roles.LeaderAppender - RaftServer{1} - Committed entries up to 32
02:55:18.418 [raft-server-3-state] TRACE i.a.utils.serializer.KryoNamespace - class com.google.common.collect.ImmutableList registered as 20
02:55:18.418 [raft-server-3-state] TRACE i.a.utils.serializer.KryoNamespace - class com.google.common.collect.RegularImmutableList registered as 20
02:55:18.418 [raft-server-3-state] TRACE i.a.utils.serializer.KryoNamespace - class com.google.common.collect.RegularImmutableList registered as 20
02:55:18.418 [raft-server-3-state] TRACE i.a.utils.serializer.KryoNamespace - class com.google.common.collect.ImmutableList$SubList registered as 20
02:55:18.418 [raft-server-3-state] TRACE i.a.utils.serializer.KryoNamespace - class com.google.common.collect.ImmutableSet registered as 21
02:55:18.418 [raft-server-3-state] TRACE i.a.utils.serializer.KryoNamespace - class com.google.common.collect.RegularImmutableSet registered as 21
02:55:18.418 [raft-server-3-state] TRACE i.a.utils.serializer.KryoNamespace - class com.google.common.collect.SingletonImmutableSet registered as 21
02:55:18.418 [raft-server-3-state] TRACE i.a.utils.serializer.KryoNamespace - class com.google.common.collect.RegularImmutableSet registered as 21
02:55:18.418 [raft-server-3-state] TRACE i.a.utils.serializer.KryoNamespace - class com.google.common.collect.ImmutableMap registered as 22
02:55:18.418 [raft-server-3-state] TRACE i.a.utils.serializer.KryoNamespace - class com.google.common.collect.RegularImmutableMap registered as 22
02:55:18.418 [raft-server-3-state] TRACE i.a.utils.serializer.KryoNamespace - class com.google.common.collect.RegularImmutableMap registered as 22
02:55:18.418 [raft-server-3-state] TRACE i.a.utils.serializer.KryoNamespace - class com.google.common.collect.RegularImmutableMap registered as 22
02:55:18.418 [raft-server-3-state] TRACE i.a.utils.serializer.KryoNamespace - class java.util.Collections$UnmodifiableSet registered as 23
02:55:18.418 [raft-server-3-state] TRACE i.a.utils.serializer.KryoNamespace - class java.util.HashMap registered as 24
02:55:18.418 [raft-server-3-state] TRACE i.a.utils.serializer.KryoNamespace - class java.util.concurrent.ConcurrentHashMap registered as 25
02:55:18.418 [raft-server-3-state] TRACE i.a.utils.serializer.KryoNamespace - class java.util.concurrent.CopyOnWriteArraySet registered as 26
02:55:18.418 [raft-server-3-state] TRACE i.a.utils.serializer.KryoNamespace - class java.util.ArrayList registered as 27
02:55:18.418 [raft-server-3-state] TRACE i.a.utils.serializer.KryoNamespace - class java.util.LinkedList registered as 28
02:55:18.418 [raft-server-3-state] TRACE i.a.utils.serializer.KryoNamespace - class java.util.HashSet registered as 29
02:55:18.418 [raft-server-3-state] TRACE i.a.utils.serializer.KryoNamespace - class java.util.LinkedHashSet registered as 30
02:55:18.418 [raft-server-3-state] TRACE i.a.utils.serializer.KryoNamespace - class com.sun.jmx.remote.internal.ArrayQueue registered as 31
02:55:18.419 [raft-server-3-state] TRACE i.a.utils.serializer.KryoNamespace - class java.util.ArrayDeque registered as 32
02:55:18.419 [raft-server-3-state] TRACE i.a.utils.serializer.KryoNamespace - class com.google.common.collect.HashMultiset registered as 33
02:55:18.419 [raft-server-3-state] TRACE i.a.utils.serializer.KryoNamespace - class com.google.common.collect.Sets registered as 34
02:55:18.419 [raft-server-3-state] TRACE i.a.utils.serializer.KryoNamespace - class com.google.common.collect.ImmutableEntry registered as 35
02:55:18.419 [raft-server-3-state] TRACE i.a.utils.serializer.KryoNamespace - class java.util.Arrays$ArrayList registered as 36
02:55:18.419 [raft-server-3-state] TRACE i.a.utils.serializer.KryoNamespace - class java.util.Collections$SingletonList registered as 37
02:55:18.419 [raft-server-3-state] TRACE i.a.utils.serializer.KryoNamespace - class java.time.Duration registered as 38
02:55:18.419 [raft-server-3-state] TRACE i.a.utils.serializer.KryoNamespace - class java.util.Collections$EmptySet registered as 39
02:55:18.419 [raft-server-3-state] TRACE i.a.utils.serializer.KryoNamespace - class java.util.Optional registered as 40
02:55:18.419 [raft-server-3-state] TRACE i.a.utils.serializer.KryoNamespace - class java.util.Collections$EmptyList registered as 41
02:55:18.419 [raft-server-3-state] TRACE i.a.utils.serializer.KryoNamespace - class java.util.Collections$SingletonSet registered as 42
02:55:18.419 [raft-server-3-state] TRACE i.a.utils.serializer.KryoNamespace - class [I registered as 43
02:55:18.419 [raft-server-3-state] TRACE i.a.utils.serializer.KryoNamespace - class [J registered as 44
02:55:18.419 [raft-server-3-state] TRACE i.a.utils.serializer.KryoNamespace - class [S registered as 45
02:55:18.419 [raft-server-3-state] TRACE i.a.utils.serializer.KryoNamespace - class [D registered as 46
02:55:18.419 [raft-server-3-state] TRACE i.a.utils.serializer.KryoNamespace - class [F registered as 47
02:55:18.419 [raft-server-3-state] TRACE i.a.utils.serializer.KryoNamespace - class [C registered as 48
02:55:18.419 [raft-server-3-state] TRACE i.a.utils.serializer.KryoNamespace - class [Ljava.lang.String; registered as 49
02:55:18.419 [raft-server-3-state] TRACE i.a.utils.serializer.KryoNamespace - class [Z registered as 50
02:55:18.419 [raft-server-3-state] TRACE i.a.utils.serializer.KryoNamespace - class [Ljava.lang.Object; registered as 51
02:55:18.419 [raft-server-3-state] TRACE i.a.utils.serializer.KryoNamespace - class io.atomix.primitive.service.ServiceConfig registered as 52
02:55:18.419 [raft-server-3-state] DEBUG i.a.p.r.service.RaftServiceContext - PrimitiveService{2}{type=io.atomix.protocols.raft.RaftTest$TestPrimitiveType@34b8c602, name=raft-test} - Taking snapshot 30
02:55:18.419 [raft-server-3-state] TRACE i.a.utils.serializer.KryoNamespace - Creating Kryo instance for KryoNamespace{registeredBlocks=[RegistrationBlock{begin=16, types=[([Ljava.lang.Class;@6b321262,null), ([Ljava.lang.Class;@68b11545,null), ([Ljava.lang.Class;@7d0100ea,null), ([Ljava.lang.Class;@357bc488,null), ([Ljava.lang.Class;@4ea17147,io.atomix.utils.serializer.serializers.ImmutableListSerializer@2eda4eeb), ([Ljava.lang.Class;@5ba90d8a,io.atomix.utils.serializer.serializers.ImmutableSetSerializer@309dcdf3), ([Ljava.lang.Class;@7573b9ee,io.atomix.utils.serializer.serializers.ImmutableMapSerializer@9a20cbd), ([Ljava.lang.Class;@1af4955e,null), ([Ljava.lang.Class;@445821a6,null), ([Ljava.lang.Class;@2c0c4c0a,null), ([Ljava.lang.Class;@35d26ad2,null), ([Ljava.lang.Class;@bb25753,null), ([Ljava.lang.Class;@ee21292,null), ([Ljava.lang.Class;@40c06358,null), ([Ljava.lang.Class;@66e21568,null), ([Ljava.lang.Class;@7f73ce28,null), ([Ljava.lang.Class;@611b35d6,null), ([Ljava.lang.Class;@2282400e,null), ([Ljava.lang.Class;@543d5863,null), ([Ljava.lang.Class;@35dece42,null), ([Ljava.lang.Class;@dd3f8aa,io.atomix.utils.serializer.serializers.ArraysAsListSerializer@3d615b2e), ([Ljava.lang.Class;@3a1f2a1,null), ([Ljava.lang.Class;@40ce9049,null), ([Ljava.lang.Class;@52ca2652,null), ([Ljava.lang.Class;@65c5bf0e,null), ([Ljava.lang.Class;@697d6ded,null), ([Ljava.lang.Class;@5d05f453,null), ([Ljava.lang.Class;@5efeb117,null), ([Ljava.lang.Class;@160b4809,null), ([Ljava.lang.Class;@149b4d20,null), ([Ljava.lang.Class;@664e848c,null), ([Ljava.lang.Class;@4d93f75b,null), ([Ljava.lang.Class;@114a5e0,null), ([Ljava.lang.Class;@4f281aaf,null), ([Ljava.lang.Class;@5d508d22,null), ([Ljava.lang.Class;@f2b90fc,null)]}, RegistrationBlock{begin=52, types=[([Ljava.lang.Class;@408e7818,null)]}]}
02:55:18.419 [raft-server-3-state] TRACE i.a.utils.serializer.KryoNamespace - class [B registered as 16
02:55:18.419 [raft-server-3-state] TRACE i.a.utils.serializer.KryoNamespace - class java.util.concurrent.atomic.AtomicBoolean registered as 17
02:55:18.420 [raft-server-3-state] TRACE i.a.utils.serializer.KryoNamespace - class java.util.concurrent.atomic.AtomicInteger registered as 18
02:55:18.420 [raft-server-3-state] TRACE i.a.utils.serializer.KryoNamespace - class java.util.concurrent.atomic.AtomicLong registered as 19
02:55:18.420 [raft-server-3-state] TRACE i.a.utils.serializer.KryoNamespace - class com.google.common.collect.ImmutableList registered as 20
02:55:18.420 [raft-server-3-state] TRACE i.a.utils.serializer.KryoNamespace - class com.google.common.collect.RegularImmutableList registered as 20
02:55:18.420 [raft-server-3-state] TRACE i.a.utils.serializer.KryoNamespace - class com.google.common.collect.RegularImmutableList registered as 20
02:55:18.420 [raft-server-3-state] TRACE i.a.utils.serializer.KryoNamespace - class com.google.common.collect.ImmutableList$SubList registered as 20
02:55:18.420 [raft-server-3-state] TRACE i.a.utils.serializer.KryoNamespace - class com.google.common.collect.ImmutableSet registered as 21
02:55:18.420 [raft-server-3-state] TRACE i.a.utils.serializer.KryoNamespace - class com.google.common.collect.RegularImmutableSet registered as 21
02:55:18.420 [raft-server-3-state] TRACE i.a.utils.serializer.KryoNamespace - class com.google.common.collect.SingletonImmutableSet registered as 21
02:55:18.420 [raft-server-3-state] TRACE i.a.utils.serializer.KryoNamespace - class com.google.common.collect.RegularImmutableSet registered as 21
02:55:18.420 [raft-server-3-state] TRACE i.a.utils.serializer.KryoNamespace - class com.google.common.collect.ImmutableMap registered as 22
02:55:18.420 [raft-server-3-state] TRACE i.a.utils.serializer.KryoNamespace - class com.google.common.collect.RegularImmutableMap registered as 22
02:55:18.420 [raft-server-3-state] TRACE i.a.utils.serializer.KryoNamespace - class com.google.common.collect.RegularImmutableMap registered as 22
02:55:18.420 [raft-server-3-state] TRACE i.a.utils.serializer.KryoNamespace - class com.google.common.collect.RegularImmutableMap registered as 22
02:55:18.420 [raft-server-3-state] TRACE i.a.utils.serializer.KryoNamespace - class java.util.Collections$UnmodifiableSet registered as 23
02:55:18.420 [raft-server-3-state] TRACE i.a.utils.serializer.KryoNamespace - class java.util.HashMap registered as 24
02:55:18.420 [raft-server-3-state] TRACE i.a.utils.serializer.KryoNamespace - class java.util.concurrent.ConcurrentHashMap registered as 25
02:55:18.420 [raft-server-3-state] TRACE i.a.utils.serializer.KryoNamespace - class java.util.concurrent.CopyOnWriteArraySet registered as 26
02:55:18.420 [raft-server-3-state] TRACE i.a.utils.serializer.KryoNamespace - class java.util.ArrayList registered as 27
02:55:18.420 [raft-server-3-state] TRACE i.a.utils.serializer.KryoNamespace - class java.util.LinkedList registered as 28
02:55:18.420 [raft-server-3-state] TRACE i.a.utils.serializer.KryoNamespace - class java.util.HashSet registered as 29
02:55:18.420 [raft-server-3-state] TRACE i.a.utils.serializer.KryoNamespace - class java.util.LinkedHashSet registered as 30
02:55:18.420 [raft-server-3-state] TRACE i.a.utils.serializer.KryoNamespace - class com.sun.jmx.remote.internal.ArrayQueue registered as 31
02:55:18.420 [raft-server-3-state] TRACE i.a.utils.serializer.KryoNamespace - class java.util.ArrayDeque registered as 32
02:55:18.420 [raft-server-3-state] TRACE i.a.utils.serializer.KryoNamespace - class com.google.common.collect.HashMultiset registered as 33
02:55:18.420 [raft-server-3-state] TRACE i.a.utils.serializer.KryoNamespace - class com.google.common.collect.Sets registered as 34
02:55:18.420 [raft-server-3-state] TRACE i.a.utils.serializer.KryoNamespace - class com.google.common.collect.ImmutableEntry registered as 35
02:55:18.420 [raft-server-3-state] TRACE i.a.utils.serializer.KryoNamespace - class java.util.Arrays$ArrayList registered as 36
02:55:18.420 [raft-server-3-state] TRACE i.a.utils.serializer.KryoNamespace - class java.util.Collections$SingletonList registered as 37
02:55:18.420 [raft-server-3-state] TRACE i.a.utils.serializer.KryoNamespace - class java.time.Duration registered as 38
02:55:18.420 [raft-server-3-state] TRACE i.a.utils.serializer.KryoNamespace - class java.util.Collections$EmptySet registered as 39
02:55:18.420 [raft-server-3-state] TRACE i.a.utils.serializer.KryoNamespace - class java.util.Optional registered as 40
02:55:18.420 [raft-server-3-state] TRACE i.a.utils.serializer.KryoNamespace - class java.util.Collections$EmptyList registered as 41
02:55:18.420 [raft-server-3-state] TRACE i.a.utils.serializer.KryoNamespace - class java.util.Collections$SingletonSet registered as 42
02:55:18.420 [raft-server-3-state] TRACE i.a.utils.serializer.KryoNamespace - class [I registered as 43
02:55:18.420 [raft-server-3-state] TRACE i.a.utils.serializer.KryoNamespace - class [J registered as 44
02:55:18.420 [raft-server-3-state] TRACE i.a.utils.serializer.KryoNamespace - class [S registered as 45
02:55:18.421 [raft-server-3-state] TRACE i.a.utils.serializer.KryoNamespace - class [D registered as 46
02:55:18.421 [raft-server-3-state] TRACE i.a.utils.serializer.KryoNamespace - class [F registered as 47
02:55:18.421 [raft-server-3-state] TRACE i.a.utils.serializer.KryoNamespace - class [C registered as 48
02:55:18.421 [raft-server-3-state] TRACE i.a.utils.serializer.KryoNamespace - class [Ljava.lang.String; registered as 49
02:55:18.421 [raft-server-3-state] TRACE i.a.utils.serializer.KryoNamespace - class [Z registered as 50
02:55:18.421 [raft-server-3-state] TRACE i.a.utils.serializer.KryoNamespace - class [Ljava.lang.Object; registered as 51
02:55:18.421 [raft-server-3-state] TRACE i.a.utils.serializer.KryoNamespace - class io.atomix.primitive.service.ServiceConfig registered as 52
02:55:18.421 [raft-server-3-state] TRACE i.a.p.raft.impl.RaftServiceManager - RaftServer{3} - Applying Indexed{index=31, entry=CommandEntry{term=1, timestamp=2018-06-09 02:55:17,632, session=2, sequence=25, operation=PrimitiveOperation{id=DefaultOperationId{id=write, type=COMMAND}, value=byte[]{length=17, hash=-1644578928}}}}
02:55:18.421 [raft-server-3-state] TRACE i.a.p.s.impl.DefaultServiceExecutor - PrimitiveService{2}{type=io.atomix.protocols.raft.RaftTest$TestPrimitiveType@34b8c602, name=raft-test} - Executing DefaultCommit{index=31, session=RaftSession{RaftServiceContext{server=3, type=io.atomix.protocols.raft.RaftTest$TestPrimitiveType@34b8c602, name=raft-test, id=2}, session=2, timestamp=2018-06-09 02:55:17,632}, time=2018-06-09 02:55:17,632, operation=DefaultOperationId{id=write, type=COMMAND}, value=byte[]{length=17, hash=-1644578928}}
02:55:18.421 [raft-server-3-compaction] DEBUG i.a.p.r.s.snapshot.SnapshotStore - Created disk snapshot: FileSnapshot{index=30}
02:55:18.621 [raft-server-1] TRACE i.a.p.raft.roles.LeaderAppender - RaftServer{1} - Sending AppendRequest{term=1, leader=1, prevLogIndex=32, prevLogTerm=1, entries=1, commitIndex=32} to 3
02:55:18.621 [raft-server-3] TRACE i.a.p.raft.roles.FollowerRole - RaftServer{3}{role=FOLLOWER} - Received AppendRequest{term=1, leader=1, prevLogIndex=32, prevLogTerm=1, entries=1, commitIndex=32}
02:55:18.621 [raft-server-1] TRACE i.a.p.raft.roles.LeaderAppender - RaftServer{1} - Sending AppendRequest{term=1, leader=1, prevLogIndex=32, prevLogTerm=1, entries=1, commitIndex=32} to 2
02:55:18.621 [raft-server-2] TRACE i.a.p.raft.roles.FollowerRole - RaftServer{2}{role=FOLLOWER} - Received AppendRequest{term=1, leader=1, prevLogIndex=32, prevLogTerm=1, entries=1, commitIndex=32}
02:55:18.621 [raft-server-1] TRACE i.a.p.raft.roles.LeaderAppender - RaftServer{1} - Received AppendResponse{status=OK, term=1, succeeded=true, lastLogIndex=32} from 2
02:55:18.621 [raft-server-3] TRACE i.a.p.raft.roles.FollowerRole - RaftServer{3}{role=FOLLOWER} - Appended Indexed{index=33, entry=KeepAliveEntry{term=1, timestamp=2018-06-09 02:55:18,417, sessionIds=long[]{length=1, hash=33}, commandSequences=long[]{length=1, hash=56}, eventIndexes=long[]{length=1, hash=33}}}
02:55:18.622 [raft-server-2] TRACE i.a.p.raft.roles.FollowerRole - RaftServer{2}{role=FOLLOWER} - Appended Indexed{index=33, entry=KeepAliveEntry{term=1, timestamp=2018-06-09 02:55:18,417, sessionIds=long[]{length=1, hash=33}, commandSequences=long[]{length=1, hash=56}, eventIndexes=long[]{length=1, hash=33}}}
02:55:18.622 [raft-server-1-state] TRACE i.a.p.raft.impl.RaftServiceManager - RaftServer{1} - Applying Indexed{index=32, entry=CommandEntry{term=1, timestamp=2018-06-09 02:55:18,346, session=2, sequence=26, operation=PrimitiveOperation{id=DefaultOperationId{id=write, type=COMMAND}, value=byte[]{length=17, hash=-1644578928}}}}
02:55:18.622 [raft-server-1-state] TRACE i.a.p.s.impl.DefaultServiceExecutor - PrimitiveService{2}{type=io.atomix.protocols.raft.RaftTest$TestPrimitiveType@60cd3cc, name=raft-test} - Executing DefaultCommit{index=32, session=RaftSession{RaftServiceContext{server=1, type=io.atomix.protocols.raft.RaftTest$TestPrimitiveType@60cd3cc, name=raft-test, id=2}, session=2, timestamp=2018-06-09 02:55:18,346}, time=2018-06-09 02:55:18,346, operation=DefaultOperationId{id=write, type=COMMAND}, value=byte[]{length=17, hash=-1644578928}}
02:55:18.622 [raft-server-1-state] TRACE i.a.protocols.raft.roles.LeaderRole - RaftServer{1}{role=LEADER} - Sending CommandResponse{status=OK, index=32, eventIndex=2, result=byte[]{length=2, hash=1304}}
02:55:18.622 [raft-client-6c0a1bb2-986e-47f7-86e2-6a736c947544-6] TRACE i.a.p.r.p.impl.RaftProxyConnection - ProxySession{2}{type=io.atomix.protocols.raft.RaftTest$TestPrimitiveType@35bfa1bb, name=raft-test} - Received CommandResponse{status=OK, index=32, eventIndex=2, result=byte[]{length=2, hash=1304}} from 1
02:55:18.622 [raft-client-6c0a1bb2-986e-47f7-86e2-6a736c947544-6] TRACE i.a.p.r.p.impl.RaftProxySequencer - ProxySession{2}{type=io.atomix.protocols.raft.RaftTest$TestPrimitiveType@35bfa1bb, name=raft-test} - Completing response CommandResponse{status=OK, index=32, eventIndex=2, result=byte[]{length=2, hash=1304}}
02:55:18.623 [raft-client-6c0a1bb2-986e-47f7-86e2-6a736c947544-4] TRACE i.a.p.r.p.impl.RaftProxyConnection - ProxySession{2}{type=io.atomix.protocols.raft.RaftTest$TestPrimitiveType@35bfa1bb, name=raft-test} - Sending CommandRequest{session=2, sequence=27, operation=PrimitiveOperation{id=DefaultOperationId{id=write, type=COMMAND}, value=byte[]{length=17, hash=-1644578928}}} to 1
02:55:18.623 [raft-server-1] TRACE i.a.protocols.raft.roles.LeaderRole - RaftServer{1}{role=LEADER} - Received CommandRequest{session=2, sequence=27, operation=PrimitiveOperation{id=DefaultOperationId{id=write, type=COMMAND}, value=byte[]{length=17, hash=-1644578928}}}
02:55:18.623 [raft-server-1] TRACE i.a.protocols.raft.roles.LeaderRole - RaftServer{1}{role=LEADER} - Appended Indexed{index=34, entry=CommandEntry{term=1, timestamp=2018-06-09 02:55:18,623, session=2, sequence=27, operation=PrimitiveOperation{id=DefaultOperationId{id=write, type=COMMAND}, value=byte[]{length=17, hash=-1644578928}}}}
02:55:18.721 [raft-server-1] TRACE i.a.p.raft.roles.LeaderAppender - RaftServer{1} - Sending AppendRequest{term=1, leader=1, prevLogIndex=33, prevLogTerm=1, entries=1, commitIndex=32} to 3
02:55:18.721 [raft-server-1] TRACE i.a.p.raft.roles.LeaderAppender - RaftServer{1} - Sending AppendRequest{term=1, leader=1, prevLogIndex=33, prevLogTerm=1, entries=1, commitIndex=32} to 2
02:55:18.831 [raft-server-3] TRACE i.a.p.raft.roles.FollowerRole - RaftServer{3}{role=FOLLOWER} - Committed entries up to index 32
02:55:18.832 [raft-server-2] TRACE i.a.p.raft.roles.FollowerRole - RaftServer{2}{role=FOLLOWER} - Committed entries up to index 32
02:55:18.832 [raft-server-3] TRACE i.a.p.raft.roles.FollowerRole - RaftServer{3}{role=FOLLOWER} - Sending AppendResponse{status=OK, term=1, succeeded=true, lastLogIndex=33}
02:55:18.832 [raft-server-2] TRACE i.a.p.raft.roles.FollowerRole - RaftServer{2}{role=FOLLOWER} - Sending AppendResponse{status=OK, term=1, succeeded=true, lastLogIndex=33}
02:55:18.832 [raft-server-3] TRACE i.a.p.raft.roles.FollowerRole - RaftServer{3}{role=FOLLOWER} - Received AppendRequest{term=1, leader=1, prevLogIndex=33, prevLogTerm=1, entries=1, commitIndex=32}
02:55:18.832 [raft-server-2] TRACE i.a.p.raft.roles.FollowerRole - RaftServer{2}{role=FOLLOWER} - Received AppendRequest{term=1, leader=1, prevLogIndex=33, prevLogTerm=1, entries=1, commitIndex=32}
02:55:18.832 [raft-server-1] TRACE i.a.p.raft.roles.LeaderAppender - RaftServer{1} - Received AppendResponse{status=OK, term=1, succeeded=true, lastLogIndex=33} from 3
02:55:18.832 [raft-server-1] TRACE i.a.p.raft.roles.LeaderAppender - RaftServer{1} - Committed entries up to 33
02:55:18.832 [raft-server-2] TRACE i.a.p.raft.roles.FollowerRole - RaftServer{2}{role=FOLLOWER} - Appended Indexed{index=34, entry=CommandEntry{term=1, timestamp=2018-06-09 02:55:18,623, session=2, sequence=27, operation=PrimitiveOperation{id=DefaultOperationId{id=write, type=COMMAND}, value=byte[]{length=17, hash=-1644578928}}}}
02:55:18.832 [raft-server-3] TRACE i.a.p.raft.roles.FollowerRole - RaftServer{3}{role=FOLLOWER} - Appended Indexed{index=34, entry=CommandEntry{term=1, timestamp=2018-06-09 02:55:18,623, session=2, sequence=27, operation=PrimitiveOperation{id=DefaultOperationId{id=write, type=COMMAND}, value=byte[]{length=17, hash=-1644578928}}}}
02:55:18.832 [raft-server-2] TRACE i.a.p.raft.roles.FollowerRole - RaftServer{2}{role=FOLLOWER} - Sending AppendResponse{status=OK, term=1, succeeded=true, lastLogIndex=34}
02:55:18.832 [raft-server-3] TRACE i.a.p.raft.roles.FollowerRole - RaftServer{3}{role=FOLLOWER} - Sending AppendResponse{status=OK, term=1, succeeded=true, lastLogIndex=34}
02:55:18.832 [raft-server-2-state] TRACE i.a.p.raft.impl.RaftServiceManager - RaftServer{2} - Applying Indexed{index=32, entry=CommandEntry{term=1, timestamp=2018-06-09 02:55:18,346, session=2, sequence=26, operation=PrimitiveOperation{id=DefaultOperationId{id=write, type=COMMAND}, value=byte[]{length=17, hash=-1644578928}}}}
02:55:18.832 [raft-server-3-state] TRACE i.a.p.raft.impl.RaftServiceManager - RaftServer{3} - Applying Indexed{index=32, entry=CommandEntry{term=1, timestamp=2018-06-09 02:55:18,346, session=2, sequence=26, operation=PrimitiveOperation{id=DefaultOperationId{id=write, type=COMMAND}, value=byte[]{length=17, hash=-1644578928}}}}
02:55:18.832 [raft-server-2-state] TRACE i.a.p.s.impl.DefaultServiceExecutor - PrimitiveService{2}{type=io.atomix.protocols.raft.RaftTest$TestPrimitiveType@21189677, name=raft-test} - Executing DefaultCommit{index=32, session=RaftSession{RaftServiceContext{server=2, type=io.atomix.protocols.raft.RaftTest$TestPrimitiveType@21189677, name=raft-test, id=2}, session=2, timestamp=2018-06-09 02:55:18,346}, time=2018-06-09 02:55:18,346, operation=DefaultOperationId{id=write, type=COMMAND}, value=byte[]{length=17, hash=-1644578928}}
02:55:18.832 [raft-server-3-state] TRACE i.a.p.s.impl.DefaultServiceExecutor - PrimitiveService{2}{type=io.atomix.protocols.raft.RaftTest$TestPrimitiveType@34b8c602, name=raft-test} - Executing DefaultCommit{index=32, session=RaftSession{RaftServiceContext{server=3, type=io.atomix.protocols.raft.RaftTest$TestPrimitiveType@34b8c602, name=raft-test, id=2}, session=2, timestamp=2018-06-09 02:55:18,346}, time=2018-06-09 02:55:18,346, operation=DefaultOperationId{id=write, type=COMMAND}, value=byte[]{length=17, hash=-1644578928}}
02:55:18.944 [raft-server-1] TRACE i.a.p.raft.roles.LeaderAppender - RaftServer{1} - Received AppendResponse{status=OK, term=1, succeeded=true, lastLogIndex=33} from 2
02:55:18.944 [raft-server-1] TRACE i.a.p.raft.roles.LeaderAppender - RaftServer{1} - Received AppendResponse{status=OK, term=1, succeeded=true, lastLogIndex=34} from 2
02:55:18.944 [raft-server-1] TRACE i.a.p.raft.roles.LeaderAppender - RaftServer{1} - Committed entries up to 34
02:55:19.057 [raft-server-1] TRACE i.a.p.raft.roles.LeaderAppender - RaftServer{1} - Sending AppendRequest{term=1, leader=1, prevLogIndex=34, prevLogTerm=1, entries=0, commitIndex=34} to 2
02:55:19.057 [raft-server-1] TRACE i.a.p.raft.roles.LeaderAppender - RaftServer{1} - Received AppendResponse{status=OK, term=1, succeeded=true, lastLogIndex=34} from 3
02:55:19.057 [raft-server-2] TRACE i.a.p.raft.roles.FollowerRole - RaftServer{2}{role=FOLLOWER} - Received AppendRequest{term=1, leader=1, prevLogIndex=34, prevLogTerm=1, entries=0, commitIndex=34}
02:55:19.057 [raft-server-1] TRACE i.a.p.raft.roles.LeaderAppender - RaftServer{1} - Sending AppendRequest{term=1, leader=1, prevLogIndex=34, prevLogTerm=1, entries=0, commitIndex=34} to 3
02:55:19.057 [raft-server-3] TRACE i.a.p.raft.roles.FollowerRole - RaftServer{3}{role=FOLLOWER} - Received AppendRequest{term=1, leader=1, prevLogIndex=34, prevLogTerm=1, entries=0, commitIndex=34}
02:55:19.057 [raft-server-1-state] TRACE i.a.p.raft.impl.RaftServiceManager - RaftServer{1} - Applying Indexed{index=33, entry=KeepAliveEntry{term=1, timestamp=2018-06-09 02:55:18,417, sessionIds=long[]{length=1, hash=33}, commandSequences=long[]{length=1, hash=56}, eventIndexes=long[]{length=1, hash=33}}}
02:55:19.057 [raft-server-1-state] TRACE i.a.p.raft.impl.RaftServiceManager - RaftServer{1} - Applying Indexed{index=34, entry=CommandEntry{term=1, timestamp=2018-06-09 02:55:18,623, session=2, sequence=27, operation=PrimitiveOperation{id=DefaultOperationId{id=write, type=COMMAND}, value=byte[]{length=17, hash=-1644578928}}}}
02:55:19.057 [raft-server-1-state] TRACE i.a.p.s.impl.DefaultServiceExecutor - PrimitiveService{2}{type=io.atomix.protocols.raft.RaftTest$TestPrimitiveType@60cd3cc, name=raft-test} - Executing DefaultCommit{index=34, session=RaftSession{RaftServiceContext{server=1, type=io.atomix.protocols.raft.RaftTest$TestPrimitiveType@60cd3cc, name=raft-test, id=2}, session=2, timestamp=2018-06-09 02:55:18,623}, time=2018-06-09 02:55:18,623, operation=DefaultOperationId{id=write, type=COMMAND}, value=byte[]{length=17, hash=-1644578928}}
02:55:19.057 [raft-server-1] TRACE i.a.protocols.raft.roles.LeaderRole - RaftServer{1}{role=LEADER} - Sending KeepAliveResponse{status=OK, leader=1, members=[1, 3, 2], sessionIds=long[]{length=1, hash=33}}
02:55:19.057 [raft-server-1-state] TRACE i.a.protocols.raft.roles.LeaderRole - RaftServer{1}{role=LEADER} - Sending CommandResponse{status=OK, index=34, eventIndex=2, result=byte[]{length=2, hash=1308}}
02:55:19.057 [raft-client-6c0a1bb2-986e-47f7-86e2-6a736c947544-3] TRACE i.a.p.r.p.impl.RaftProxyConnection - ProxySession{2}{type=io.atomix.protocols.raft.RaftTest$TestPrimitiveType@35bfa1bb, name=raft-test} - Received CommandResponse{status=OK, index=34, eventIndex=2, result=byte[]{length=2, hash=1308}} from 1
02:55:19.057 [raft-client-6c0a1bb2-986e-47f7-86e2-6a736c947544-3] TRACE i.a.p.r.p.impl.RaftProxySequencer - ProxySession{2}{type=io.atomix.protocols.raft.RaftTest$TestPrimitiveType@35bfa1bb, name=raft-test} - Completing response CommandResponse{status=OK, index=34, eventIndex=2, result=byte[]{length=2, hash=1308}}
02:55:19.058 [raft-client-6c0a1bb2-986e-47f7-86e2-6a736c947544-3] TRACE i.a.p.r.p.impl.RaftProxyConnection - ProxySession{2}{type=io.atomix.protocols.raft.RaftTest$TestPrimitiveType@35bfa1bb, name=raft-test} - Sending CommandRequest{session=2, sequence=28, operation=PrimitiveOperation{id=DefaultOperationId{id=write, type=COMMAND}, value=byte[]{length=17, hash=-1644578928}}} to 1
02:55:19.058 [raft-server-1] TRACE i.a.protocols.raft.roles.LeaderRole - RaftServer{1}{role=LEADER} - Received CommandRequest{session=2, sequence=28, operation=PrimitiveOperation{id=DefaultOperationId{id=write, type=COMMAND}, value=byte[]{length=17, hash=-1644578928}}}
02:55:19.058 [raft-server-1] TRACE i.a.protocols.raft.roles.LeaderRole - RaftServer{1}{role=LEADER} - Appended Indexed{index=35, entry=CommandEntry{term=1, timestamp=2018-06-09 02:55:19,058, session=2, sequence=28, operation=PrimitiveOperation{id=DefaultOperationId{id=write, type=COMMAND}, value=byte[]{length=17, hash=-1644578928}}}}
02:55:19.165 [raft-server-2] TRACE i.a.p.raft.roles.FollowerRole - RaftServer{2}{role=FOLLOWER} - Committed entries up to index 34
02:55:19.165 [raft-server-3] TRACE i.a.p.raft.roles.FollowerRole - RaftServer{3}{role=FOLLOWER} - Committed entries up to index 34
02:55:19.165 [raft-server-2] TRACE i.a.p.raft.roles.FollowerRole - RaftServer{2}{role=FOLLOWER} - Sending AppendResponse{status=OK, term=1, succeeded=true, lastLogIndex=34}
02:55:19.165 [raft-server-3] TRACE i.a.p.raft.roles.FollowerRole - RaftServer{3}{role=FOLLOWER} - Sending AppendResponse{status=OK, term=1, succeeded=true, lastLogIndex=34}
02:55:19.165 [raft-server-1] TRACE i.a.p.raft.roles.LeaderAppender - RaftServer{1} - Received AppendResponse{status=OK, term=1, succeeded=true, lastLogIndex=34} from 2
02:55:19.165 [raft-server-2] TRACE i.a.p.raft.roles.FollowerRole - RaftServer{2}{role=FOLLOWER} - Sending KeepAliveResponse{status=OK, leader=1, members=[1, 3, 2], sessionIds=long[]{length=1, hash=33}}
02:55:19.165 [raft-server-1] TRACE i.a.p.raft.roles.LeaderAppender - RaftServer{1} - Sending AppendRequest{term=1, leader=1, prevLogIndex=34, prevLogTerm=1, entries=1, commitIndex=34} to 2
02:55:19.165 [raft-server-3-state] TRACE i.a.p.raft.impl.RaftServiceManager - RaftServer{3} - Applying Indexed{index=33, entry=KeepAliveEntry{term=1, timestamp=2018-06-09 02:55:18,417, sessionIds=long[]{length=1, hash=33}, commandSequences=long[]{length=1, hash=56}, eventIndexes=long[]{length=1, hash=33}}}
02:55:19.165 [raft-server-2] TRACE i.a.p.raft.roles.FollowerRole - RaftServer{2}{role=FOLLOWER} - Received AppendRequest{term=1, leader=1, prevLogIndex=34, prevLogTerm=1, entries=1, commitIndex=34}
02:55:19.165 [raft-client-6c0a1bb2-986e-47f7-86e2-6a736c947544-2] TRACE i.a.p.r.p.impl.RaftProxyConnection - RaftClient{6c0a1bb2-986e-47f7-86e2-6a736c947544} - Received KeepAliveResponse{status=OK, leader=1, members=[1, 3, 2], sessionIds=long[]{length=1, hash=33}} from 2
02:55:19.165 [raft-server-2-state] TRACE i.a.p.raft.impl.RaftServiceManager - RaftServer{2} - Applying Indexed{index=33, entry=KeepAliveEntry{term=1, timestamp=2018-06-09 02:55:18,417, sessionIds=long[]{length=1, hash=33}, commandSequences=long[]{length=1, hash=56}, eventIndexes=long[]{length=1, hash=33}}}
02:55:19.165 [raft-server-1] TRACE i.a.p.raft.roles.LeaderAppender - RaftServer{1} - Sending AppendRequest{term=1, leader=1, prevLogIndex=34, prevLogTerm=1, entries=1, commitIndex=34} to 3
02:55:19.165 [raft-server-3-state] TRACE i.a.p.raft.impl.RaftServiceManager - RaftServer{3} - Applying Indexed{index=34, entry=CommandEntry{term=1, timestamp=2018-06-09 02:55:18,623, session=2, sequence=27, operation=PrimitiveOperation{id=DefaultOperationId{id=write, type=COMMAND}, value=byte[]{length=17, hash=-1644578928}}}}
02:55:19.166 [raft-server-2] TRACE i.a.p.raft.roles.FollowerRole - RaftServer{2}{role=FOLLOWER} - Appended Indexed{index=35, entry=CommandEntry{term=1, timestamp=2018-06-09 02:55:19,058, session=2, sequence=28, operation=PrimitiveOperation{id=DefaultOperationId{id=write, type=COMMAND}, value=byte[]{length=17, hash=-1644578928}}}}
02:55:19.166 [raft-server-2-state] TRACE i.a.p.raft.impl.RaftServiceManager - RaftServer{2} - Applying Indexed{index=34, entry=CommandEntry{term=1, timestamp=2018-06-09 02:55:18,623, session=2, sequence=27, operation=PrimitiveOperation{id=DefaultOperationId{id=write, type=COMMAND}, value=byte[]{length=17, hash=-1644578928}}}}
02:55:19.166 [raft-server-3] TRACE i.a.p.raft.roles.FollowerRole - RaftServer{3}{role=FOLLOWER} - Received AppendRequest{term=1, leader=1, prevLogIndex=34, prevLogTerm=1, entries=1, commitIndex=34}
02:55:19.166 [raft-server-1] TRACE i.a.p.raft.roles.LeaderAppender - RaftServer{1} - Received AppendResponse{status=OK, term=1, succeeded=true, lastLogIndex=34} from 3
02:55:19.166 [raft-server-3-state] TRACE i.a.p.s.impl.DefaultServiceExecutor - PrimitiveService{2}{type=io.atomix.protocols.raft.RaftTest$TestPrimitiveType@34b8c602, name=raft-test} - Executing DefaultCommit{index=34, session=RaftSession{RaftServiceContext{server=3, type=io.atomix.protocols.raft.RaftTest$TestPrimitiveType@34b8c602, name=raft-test, id=2}, session=2, timestamp=2018-06-09 02:55:18,623}, time=2018-06-09 02:55:18,623, operation=DefaultOperationId{id=write, type=COMMAND}, value=byte[]{length=17, hash=-1644578928}}
02:55:19.166 [raft-server-2] TRACE i.a.p.raft.roles.FollowerRole - RaftServer{2}{role=FOLLOWER} - Sending AppendResponse{status=OK, term=1, succeeded=true, lastLogIndex=35}
02:55:19.166 [raft-server-2-state] TRACE i.a.p.s.impl.DefaultServiceExecutor - PrimitiveService{2}{type=io.atomix.protocols.raft.RaftTest$TestPrimitiveType@21189677, name=raft-test} - Executing DefaultCommit{index=34, session=RaftSession{RaftServiceContext{server=2, type=io.atomix.protocols.raft.RaftTest$TestPrimitiveType@21189677, name=raft-test, id=2}, session=2, timestamp=2018-06-09 02:55:18,623}, time=2018-06-09 02:55:18,623, operation=DefaultOperationId{id=write, type=COMMAND}, value=byte[]{length=17, hash=-1644578928}}
02:55:19.166 [raft-server-3] TRACE i.a.p.raft.roles.FollowerRole - RaftServer{3}{role=FOLLOWER} - Appended Indexed{index=35, entry=CommandEntry{term=1, timestamp=2018-06-09 02:55:19,058, session=2, sequence=28, operation=PrimitiveOperation{id=DefaultOperationId{id=write, type=COMMAND}, value=byte[]{length=17, hash=-1644578928}}}}
02:55:19.166 [raft-server-1] TRACE i.a.p.raft.roles.LeaderAppender - RaftServer{1} - Received AppendResponse{status=OK, term=1, succeeded=true, lastLogIndex=35} from 2
02:55:19.166 [raft-server-3] TRACE i.a.p.raft.roles.FollowerRole - RaftServer{3}{role=FOLLOWER} - Sending AppendResponse{status=OK, term=1, succeeded=true, lastLogIndex=35}
02:55:19.166 [raft-server-1] TRACE i.a.p.raft.roles.LeaderAppender - RaftServer{1} - Committed entries up to 35
02:55:19.245 [raft-server-1] TRACE i.a.p.raft.roles.LeaderAppender - RaftServer{1} - Received AppendResponse{status=OK, term=1, succeeded=true, lastLogIndex=35} from 3
02:55:19.245 [raft-server-1] TRACE i.a.p.raft.roles.LeaderAppender - RaftServer{1} - Sending AppendRequest{term=1, leader=1, prevLogIndex=35, prevLogTerm=1, entries=0, commitIndex=35} to 3
02:55:19.245 [raft-server-1] TRACE i.a.p.raft.roles.LeaderAppender - RaftServer{1} - Sending AppendRequest{term=1, leader=1, prevLogIndex=35, prevLogTerm=1, entries=0, commitIndex=35} to 2
02:55:19.245 [raft-server-2] TRACE i.a.p.raft.roles.FollowerRole - RaftServer{2}{role=FOLLOWER} - Received AppendRequest{term=1, leader=1, prevLogIndex=35, prevLogTerm=1, entries=0, commitIndex=35}
02:55:19.245 [raft-server-3] TRACE i.a.p.raft.roles.FollowerRole - RaftServer{3}{role=FOLLOWER} - Received AppendRequest{term=1, leader=1, prevLogIndex=35, prevLogTerm=1, entries=0, commitIndex=35}
02:55:19.245 [raft-server-1-state] TRACE i.a.p.raft.impl.RaftServiceManager - RaftServer{1} - Applying Indexed{index=35, entry=CommandEntry{term=1, timestamp=2018-06-09 02:55:19,058, session=2, sequence=28, operation=PrimitiveOperation{id=DefaultOperationId{id=write, type=COMMAND}, value=byte[]{length=17, hash=-1644578928}}}}
02:55:19.245 [raft-server-1-state] TRACE i.a.p.s.impl.DefaultServiceExecutor - PrimitiveService{2}{type=io.atomix.protocols.raft.RaftTest$TestPrimitiveType@60cd3cc, name=raft-test} - Executing DefaultCommit{index=35, session=RaftSession{RaftServiceContext{server=1, type=io.atomix.protocols.raft.RaftTest$TestPrimitiveType@60cd3cc, name=raft-test, id=2}, session=2, timestamp=2018-06-09 02:55:19,058}, time=2018-06-09 02:55:19,058, operation=DefaultOperationId{id=write, type=COMMAND}, value=byte[]{length=17, hash=-1644578928}}
02:55:19.246 [raft-server-1-state] TRACE i.a.protocols.raft.roles.LeaderRole - RaftServer{1}{role=LEADER} - Sending CommandResponse{status=OK, index=35, eventIndex=2, result=byte[]{length=2, hash=1310}}
02:55:19.246 [raft-client-6c0a1bb2-986e-47f7-86e2-6a736c947544-5] TRACE i.a.p.r.p.impl.RaftProxyConnection - ProxySession{2}{type=io.atomix.protocols.raft.RaftTest$TestPrimitiveType@35bfa1bb, name=raft-test} - Received CommandResponse{status=OK, index=35, eventIndex=2, result=byte[]{length=2, hash=1310}} from 1
02:55:19.246 [raft-client-6c0a1bb2-986e-47f7-86e2-6a736c947544-5] TRACE i.a.p.r.p.impl.RaftProxySequencer - ProxySession{2}{type=io.atomix.protocols.raft.RaftTest$TestPrimitiveType@35bfa1bb, name=raft-test} - Completing response CommandResponse{status=OK, index=35, eventIndex=2, result=byte[]{length=2, hash=1310}}
02:55:19.246 [raft-client-6c0a1bb2-986e-47f7-86e2-6a736c947544-7] TRACE i.a.p.r.p.impl.RaftProxyConnection - ProxySession{2}{type=io.atomix.protocols.raft.RaftTest$TestPrimitiveType@35bfa1bb, name=raft-test} - Sending CommandRequest{session=2, sequence=29, operation=PrimitiveOperation{id=DefaultOperationId{id=write, type=COMMAND}, value=byte[]{length=17, hash=-1644578928}}} to 1
02:55:19.246 [raft-server-1] TRACE i.a.protocols.raft.roles.LeaderRole - RaftServer{1}{role=LEADER} - Received CommandRequest{session=2, sequence=29, operation=PrimitiveOperation{id=DefaultOperationId{id=write, type=COMMAND}, value=byte[]{length=17, hash=-1644578928}}}
02:55:19.247 [raft-server-1] TRACE i.a.protocols.raft.roles.LeaderRole - RaftServer{1}{role=LEADER} - Appended Indexed{index=36, entry=CommandEntry{term=1, timestamp=2018-06-09 02:55:19,246, session=2, sequence=29, operation=PrimitiveOperation{id=DefaultOperationId{id=write, type=COMMAND}, value=byte[]{length=17, hash=-1644578928}}}}
02:55:19.365 [raft-server-2] TRACE i.a.p.raft.roles.FollowerRole - RaftServer{2}{role=FOLLOWER} - Committed entries up to index 35
02:55:19.365 [raft-server-3] TRACE i.a.p.raft.roles.FollowerRole - RaftServer{3}{role=FOLLOWER} - Committed entries up to index 35
02:55:19.365 [raft-server-2] TRACE i.a.p.raft.roles.FollowerRole - RaftServer{2}{role=FOLLOWER} - Sending AppendResponse{status=OK, term=1, succeeded=true, lastLogIndex=35}
02:55:19.365 [raft-server-3] TRACE i.a.p.raft.roles.FollowerRole - RaftServer{3}{role=FOLLOWER} - Sending AppendResponse{status=OK, term=1, succeeded=true, lastLogIndex=35}
02:55:19.365 [raft-server-1] TRACE i.a.p.raft.roles.LeaderAppender - RaftServer{1} - Received AppendResponse{status=OK, term=1, succeeded=true, lastLogIndex=35} from 2
02:55:19.365 [raft-server-2-state] TRACE i.a.p.raft.impl.RaftServiceManager - RaftServer{2} - Applying Indexed{index=35, entry=CommandEntry{term=1, timestamp=2018-06-09 02:55:19,058, session=2, sequence=28, operation=PrimitiveOperation{id=DefaultOperationId{id=write, type=COMMAND}, value=byte[]{length=17, hash=-1644578928}}}}
02:55:19.366 [raft-server-3-state] TRACE i.a.p.raft.impl.RaftServiceManager - RaftServer{3} - Applying Indexed{index=35, entry=CommandEntry{term=1, timestamp=2018-06-09 02:55:19,058, session=2, sequence=28, operation=PrimitiveOperation{id=DefaultOperationId{id=write, type=COMMAND}, value=byte[]{length=17, hash=-1644578928}}}}
02:55:19.366 [raft-server-1] TRACE i.a.p.raft.roles.LeaderAppender - RaftServer{1} - Sending AppendRequest{term=1, leader=1, prevLogIndex=35, prevLogTerm=1, entries=1, commitIndex=35} to 2
02:55:19.366 [raft-server-2-state] TRACE i.a.p.s.impl.DefaultServiceExecutor - PrimitiveService{2}{type=io.atomix.protocols.raft.RaftTest$TestPrimitiveType@21189677, name=raft-test} - Executing DefaultCommit{index=35, session=RaftSession{RaftServiceContext{server=2, type=io.atomix.protocols.raft.RaftTest$TestPrimitiveType@21189677, name=raft-test, id=2}, session=2, timestamp=2018-06-09 02:55:19,058}, time=2018-06-09 02:55:19,058, operation=DefaultOperationId{id=write, type=COMMAND}, value=byte[]{length=17, hash=-1644578928}}
02:55:19.366 [raft-server-3-state] TRACE i.a.p.s.impl.DefaultServiceExecutor - PrimitiveService{2}{type=io.atomix.protocols.raft.RaftTest$TestPrimitiveType@34b8c602, name=raft-test} - Executing DefaultCommit{index=35, session=RaftSession{RaftServiceContext{server=3, type=io.atomix.protocols.raft.RaftTest$TestPrimitiveType@34b8c602, name=raft-test, id=2}, session=2, timestamp=2018-06-09 02:55:19,058}, time=2018-06-09 02:55:19,058, operation=DefaultOperationId{id=write, type=COMMAND}, value=byte[]{length=17, hash=-1644578928}}
02:55:19.366 [raft-server-2] TRACE i.a.p.raft.roles.FollowerRole - RaftServer{2}{role=FOLLOWER} - Received AppendRequest{term=1, leader=1, prevLogIndex=35, prevLogTerm=1, entries=1, commitIndex=35}
02:55:19.366 [raft-server-1] TRACE i.a.p.raft.roles.LeaderAppender - RaftServer{1} - Sending AppendRequest{term=1, leader=1, prevLogIndex=35, prevLogTerm=1, entries=1, commitIndex=35} to 3
02:55:19.366 [raft-server-3] TRACE i.a.p.raft.roles.FollowerRole - RaftServer{3}{role=FOLLOWER} - Received AppendRequest{term=1, leader=1, prevLogIndex=35, prevLogTerm=1, entries=1, commitIndex=35}
02:55:19.366 [raft-server-1] TRACE i.a.p.raft.roles.LeaderAppender - RaftServer{1} - Received AppendResponse{status=OK, term=1, succeeded=true, lastLogIndex=35} from 3
02:55:19.366 [raft-server-2] TRACE i.a.p.raft.roles.FollowerRole - RaftServer{2}{role=FOLLOWER} - Appended Indexed{index=36, entry=CommandEntry{term=1, timestamp=2018-06-09 02:55:19,246, session=2, sequence=29, operation=PrimitiveOperation{id=DefaultOperationId{id=write, type=COMMAND}, value=byte[]{length=17, hash=-1644578928}}}}
02:55:19.366 [raft-server-2] TRACE i.a.p.raft.roles.FollowerRole - RaftServer{2}{role=FOLLOWER} - Sending AppendResponse{status=OK, term=1, succeeded=true, lastLogIndex=36}
02:55:19.366 [raft-server-3] TRACE i.a.p.raft.roles.FollowerRole - RaftServer{3}{role=FOLLOWER} - Appended Indexed{index=36, entry=CommandEntry{term=1, timestamp=2018-06-09 02:55:19,246, session=2, sequence=29, operation=PrimitiveOperation{id=DefaultOperationId{id=write, type=COMMAND}, value=byte[]{length=17, hash=-1644578928}}}}
02:55:19.366 [raft-server-1] TRACE i.a.p.raft.roles.LeaderAppender - RaftServer{1} - Received AppendResponse{status=OK, term=1, succeeded=true, lastLogIndex=36} from 2
02:55:19.366 [raft-server-3] TRACE i.a.p.raft.roles.FollowerRole - RaftServer{3}{role=FOLLOWER} - Sending AppendResponse{status=OK, term=1, succeeded=true, lastLogIndex=36}
02:55:19.366 [raft-server-1] TRACE i.a.p.raft.roles.LeaderAppender - RaftServer{1} - Committed entries up to 36
02:55:19.449 [raft-server-1] TRACE i.a.p.raft.roles.LeaderAppender - RaftServer{1} - Received AppendResponse{status=OK, term=1, succeeded=true, lastLogIndex=36} from 3
02:55:19.449 [raft-server-1-state] TRACE i.a.p.raft.impl.RaftServiceManager - RaftServer{1} - Applying Indexed{index=36, entry=CommandEntry{term=1, timestamp=2018-06-09 02:55:19,246, session=2, sequence=29, operation=PrimitiveOperation{id=DefaultOperationId{id=write, type=COMMAND}, value=byte[]{length=17, hash=-1644578928}}}}
02:55:19.449 [raft-server-1-state] TRACE i.a.p.s.impl.DefaultServiceExecutor - PrimitiveService{2}{type=io.atomix.protocols.raft.RaftTest$TestPrimitiveType@60cd3cc, name=raft-test} - Executing DefaultCommit{index=36, session=RaftSession{RaftServiceContext{server=1, type=io.atomix.protocols.raft.RaftTest$TestPrimitiveType@60cd3cc, name=raft-test, id=2}, session=2, timestamp=2018-06-09 02:55:19,246}, time=2018-06-09 02:55:19,246, operation=DefaultOperationId{id=write, type=COMMAND}, value=byte[]{length=17, hash=-1644578928}}
02:55:19.449 [raft-server-1-state] TRACE i.a.protocols.raft.roles.LeaderRole - RaftServer{1}{role=LEADER} - Sending CommandResponse{status=OK, index=36, eventIndex=2, result=byte[]{length=2, hash=1312}}
02:55:19.450 [raft-client-6c0a1bb2-986e-47f7-86e2-6a736c947544-2] TRACE i.a.p.r.p.impl.RaftProxyConnection - ProxySession{2}{type=io.atomix.protocols.raft.RaftTest$TestPrimitiveType@35bfa1bb, name=raft-test} - Received CommandResponse{status=OK, index=36, eventIndex=2, result=byte[]{length=2, hash=1312}} from 1
02:55:19.450 [raft-client-6c0a1bb2-986e-47f7-86e2-6a736c947544-2] TRACE i.a.p.r.p.impl.RaftProxySequencer - ProxySession{2}{type=io.atomix.protocols.raft.RaftTest$TestPrimitiveType@35bfa1bb, name=raft-test} - Completing response CommandResponse{status=OK, index=36, eventIndex=2, result=byte[]{length=2, hash=1312}}
02:55:19.450 [raft-client-6c0a1bb2-986e-47f7-86e2-6a736c947544-1] TRACE i.a.p.r.p.impl.RaftProxyConnection - ProxySession{2}{type=io.atomix.protocols.raft.RaftTest$TestPrimitiveType@35bfa1bb, name=raft-test} - Sending CommandRequest{session=2, sequence=30, operation=PrimitiveOperation{id=DefaultOperationId{id=write, type=COMMAND}, value=byte[]{length=17, hash=-1644578928}}} to 1
02:55:19.450 [raft-server-1] TRACE i.a.protocols.raft.roles.LeaderRole - RaftServer{1}{role=LEADER} - Received CommandRequest{session=2, sequence=30, operation=PrimitiveOperation{id=DefaultOperationId{id=write, type=COMMAND}, value=byte[]{length=17, hash=-1644578928}}}
02:55:19.450 [raft-server-1] TRACE i.a.protocols.raft.roles.LeaderRole - RaftServer{1}{role=LEADER} - Appended Indexed{index=37, entry=CommandEntry{term=1, timestamp=2018-06-09 02:55:19,450, session=2, sequence=30, operation=PrimitiveOperation{id=DefaultOperationId{id=write, type=COMMAND}, value=byte[]{length=17, hash=-1644578928}}}}
02:55:19.450 [raft-server-1] TRACE i.a.p.raft.roles.LeaderAppender - RaftServer{1} - Sending AppendRequest{term=1, leader=1, prevLogIndex=36, prevLogTerm=1, entries=1, commitIndex=36} to 3
02:55:19.451 [raft-server-3] TRACE i.a.p.raft.roles.FollowerRole - RaftServer{3}{role=FOLLOWER} - Received AppendRequest{term=1, leader=1, prevLogIndex=36, prevLogTerm=1, entries=1, commitIndex=36}
02:55:19.451 [raft-server-1] TRACE i.a.p.raft.roles.LeaderAppender - RaftServer{1} - Sending AppendRequest{term=1, leader=1, prevLogIndex=36, prevLogTerm=1, entries=1, commitIndex=36} to 2
02:55:19.451 [raft-server-2] TRACE i.a.p.raft.roles.FollowerRole - RaftServer{2}{role=FOLLOWER} - Received AppendRequest{term=1, leader=1, prevLogIndex=36, prevLogTerm=1, entries=1, commitIndex=36}
02:55:19.451 [raft-server-3] TRACE i.a.p.raft.roles.FollowerRole - RaftServer{3}{role=FOLLOWER} - Appended Indexed{index=37, entry=CommandEntry{term=1, timestamp=2018-06-09 02:55:19,450, session=2, sequence=30, operation=PrimitiveOperation{id=DefaultOperationId{id=write, type=COMMAND}, value=byte[]{length=17, hash=-1644578928}}}}
02:55:19.451 [raft-server-2] TRACE i.a.p.raft.roles.FollowerRole - RaftServer{2}{role=FOLLOWER} - Appended Indexed{index=37, entry=CommandEntry{term=1, timestamp=2018-06-09 02:55:19,450, session=2, sequence=30, operation=PrimitiveOperation{id=DefaultOperationId{id=write, type=COMMAND}, value=byte[]{length=17, hash=-1644578928}}}}
02:55:19.610 [raft-server-3] TRACE i.a.p.raft.roles.FollowerRole - RaftServer{3}{role=FOLLOWER} - Committed entries up to index 36
02:55:19.610 [raft-server-2] TRACE i.a.p.raft.roles.FollowerRole - RaftServer{2}{role=FOLLOWER} - Committed entries up to index 36
02:55:19.610 [raft-server-3] TRACE i.a.p.raft.roles.FollowerRole - RaftServer{3}{role=FOLLOWER} - Sending AppendResponse{status=OK, term=1, succeeded=true, lastLogIndex=37}
02:55:19.610 [raft-server-2] TRACE i.a.p.raft.roles.FollowerRole - RaftServer{2}{role=FOLLOWER} - Sending AppendResponse{status=OK, term=1, succeeded=true, lastLogIndex=37}
02:55:19.610 [raft-server-1] TRACE i.a.p.raft.roles.LeaderAppender - RaftServer{1} - Received AppendResponse{status=OK, term=1, succeeded=true, lastLogIndex=37} from 3
02:55:19.610 [raft-server-1] TRACE i.a.p.raft.roles.LeaderAppender - RaftServer{1} - Committed entries up to 37
02:55:19.610 [raft-server-3-state] TRACE i.a.p.raft.impl.RaftServiceManager - RaftServer{3} - Applying Indexed{index=36, entry=CommandEntry{term=1, timestamp=2018-06-09 02:55:19,246, session=2, sequence=29, operation=PrimitiveOperation{id=DefaultOperationId{id=write, type=COMMAND}, value=byte[]{length=17, hash=-1644578928}}}}
02:55:19.610 [raft-server-2-state] TRACE i.a.p.raft.impl.RaftServiceManager - RaftServer{2} - Applying Indexed{index=36, entry=CommandEntry{term=1, timestamp=2018-06-09 02:55:19,246, session=2, sequence=29, operation=PrimitiveOperation{id=DefaultOperationId{id=write, type=COMMAND}, value=byte[]{length=17, hash=-1644578928}}}}
02:55:19.610 [raft-server-3-state] TRACE i.a.p.s.impl.DefaultServiceExecutor - PrimitiveService{2}{type=io.atomix.protocols.raft.RaftTest$TestPrimitiveType@34b8c602, name=raft-test} - Executing DefaultCommit{index=36, session=RaftSession{RaftServiceContext{server=3, type=io.atomix.protocols.raft.RaftTest$TestPrimitiveType@34b8c602, name=raft-test, id=2}, session=2, timestamp=2018-06-09 02:55:19,246}, time=2018-06-09 02:55:19,246, operation=DefaultOperationId{id=write, type=COMMAND}, value=byte[]{length=17, hash=-1644578928}}
02:55:19.610 [raft-server-2-state] TRACE i.a.p.s.impl.DefaultServiceExecutor - PrimitiveService{2}{type=io.atomix.protocols.raft.RaftTest$TestPrimitiveType@21189677, name=raft-test} - Executing DefaultCommit{index=36, session=RaftSession{RaftServiceContext{server=2, type=io.atomix.protocols.raft.RaftTest$TestPrimitiveType@21189677, name=raft-test, id=2}, session=2, timestamp=2018-06-09 02:55:19,246}, time=2018-06-09 02:55:19,246, operation=DefaultOperationId{id=write, type=COMMAND}, value=byte[]{length=17, hash=-1644578928}}
02:55:19.712 [raft-server-1] TRACE i.a.p.raft.roles.LeaderAppender - RaftServer{1} - Sending AppendRequest{term=1, leader=1, prevLogIndex=37, prevLogTerm=1, entries=0, commitIndex=37} to 3
02:55:19.712 [raft-server-3] TRACE i.a.p.raft.roles.FollowerRole - RaftServer{3}{role=FOLLOWER} - Received AppendRequest{term=1, leader=1, prevLogIndex=37, prevLogTerm=1, entries=0, commitIndex=37}
02:55:19.712 [raft-server-1] TRACE i.a.p.raft.roles.LeaderAppender - RaftServer{1} - Received AppendResponse{status=OK, term=1, succeeded=true, lastLogIndex=37} from 2
02:55:19.713 [raft-server-1] TRACE i.a.p.raft.roles.LeaderAppender - RaftServer{1} - Sending AppendRequest{term=1, leader=1, prevLogIndex=37, prevLogTerm=1, entries=0, commitIndex=37} to 2
02:55:19.713 [raft-server-1-state] TRACE i.a.p.raft.impl.RaftServiceManager - RaftServer{1} - Applying Indexed{index=37, entry=CommandEntry{term=1, timestamp=2018-06-09 02:55:19,450, session=2, sequence=30, operation=PrimitiveOperation{id=DefaultOperationId{id=write, type=COMMAND}, value=byte[]{length=17, hash=-1644578928}}}}
02:55:19.713 [raft-server-2] TRACE i.a.p.raft.roles.FollowerRole - RaftServer{2}{role=FOLLOWER} - Received AppendRequest{term=1, leader=1, prevLogIndex=37, prevLogTerm=1, entries=0, commitIndex=37}
02:55:19.713 [raft-server-1-state] TRACE i.a.p.s.impl.DefaultServiceExecutor - PrimitiveService{2}{type=io.atomix.protocols.raft.RaftTest$TestPrimitiveType@60cd3cc, name=raft-test} - Executing DefaultCommit{index=37, session=RaftSession{RaftServiceContext{server=1, type=io.atomix.protocols.raft.RaftTest$TestPrimitiveType@60cd3cc, name=raft-test, id=2}, session=2, timestamp=2018-06-09 02:55:19,450}, time=2018-06-09 02:55:19,450, operation=DefaultOperationId{id=write, type=COMMAND}, value=byte[]{length=17, hash=-1644578928}}
02:55:19.713 [raft-server-1-state] TRACE i.a.protocols.raft.roles.LeaderRole - RaftServer{1}{role=LEADER} - Sending CommandResponse{status=OK, index=37, eventIndex=2, result=byte[]{length=2, hash=1314}}
02:55:19.713 [raft-client-6c0a1bb2-986e-47f7-86e2-6a736c947544-3] TRACE i.a.p.r.p.impl.RaftProxyConnection - ProxySession{2}{type=io.atomix.protocols.raft.RaftTest$TestPrimitiveType@35bfa1bb, name=raft-test} - Received CommandResponse{status=OK, index=37, eventIndex=2, result=byte[]{length=2, hash=1314}} from 1
02:55:19.713 [raft-client-6c0a1bb2-986e-47f7-86e2-6a736c947544-3] TRACE i.a.p.r.p.impl.RaftProxySequencer - ProxySession{2}{type=io.atomix.protocols.raft.RaftTest$TestPrimitiveType@35bfa1bb, name=raft-test} - Completing response CommandResponse{status=OK, index=37, eventIndex=2, result=byte[]{length=2, hash=1314}}
02:55:19.714 [raft-client-6c0a1bb2-986e-47f7-86e2-6a736c947544-4] TRACE i.a.p.r.p.impl.RaftProxyConnection - ProxySession{2}{type=io.atomix.protocols.raft.RaftTest$TestPrimitiveType@35bfa1bb, name=raft-test} - Sending CommandRequest{session=2, sequence=31, operation=PrimitiveOperation{id=DefaultOperationId{id=write, type=COMMAND}, value=byte[]{length=17, hash=-1644578928}}} to 1
02:55:19.714 [raft-server-1] TRACE i.a.protocols.raft.roles.LeaderRole - RaftServer{1}{role=LEADER} - Received CommandRequest{session=2, sequence=31, operation=PrimitiveOperation{id=DefaultOperationId{id=write, type=COMMAND}, value=byte[]{length=17, hash=-1644578928}}}
02:55:19.714 [raft-server-1] TRACE i.a.protocols.raft.roles.LeaderRole - RaftServer{1}{role=LEADER} - Appended Indexed{index=38, entry=CommandEntry{term=1, timestamp=2018-06-09 02:55:19,714, session=2, sequence=31, operation=PrimitiveOperation{id=DefaultOperationId{id=write, type=COMMAND}, value=byte[]{length=17, hash=-1644578928}}}}
02:55:19.827 [raft-server-3] TRACE i.a.p.raft.roles.FollowerRole - RaftServer{3}{role=FOLLOWER} - Committed entries up to index 37
02:55:19.827 [raft-server-3] TRACE i.a.p.raft.roles.FollowerRole - RaftServer{3}{role=FOLLOWER} - Sending AppendResponse{status=OK, term=1, succeeded=true, lastLogIndex=37}
02:55:19.828 [raft-server-1] TRACE i.a.p.raft.roles.LeaderAppender - RaftServer{1} - Received AppendResponse{status=OK, term=1, succeeded=true, lastLogIndex=37} from 3
02:55:19.828 [raft-server-3-state] TRACE i.a.p.raft.impl.RaftServiceManager - RaftServer{3} - Applying Indexed{index=37, entry=CommandEntry{term=1, timestamp=2018-06-09 02:55:19,450, session=2, sequence=30, operation=PrimitiveOperation{id=DefaultOperationId{id=write, type=COMMAND}, value=byte[]{length=17, hash=-1644578928}}}}
02:55:19.828 [raft-server-1] TRACE i.a.p.raft.roles.LeaderAppender - RaftServer{1} - Sending AppendRequest{term=1, leader=1, prevLogIndex=37, prevLogTerm=1, entries=1, commitIndex=37} to 3
02:55:19.828 [raft-server-3-state] TRACE i.a.p.s.impl.DefaultServiceExecutor - PrimitiveService{2}{type=io.atomix.protocols.raft.RaftTest$TestPrimitiveType@34b8c602, name=raft-test} - Executing DefaultCommit{index=37, session=RaftSession{RaftServiceContext{server=3, type=io.atomix.protocols.raft.RaftTest$TestPrimitiveType@34b8c602, name=raft-test, id=2}, session=2, timestamp=2018-06-09 02:55:19,450}, time=2018-06-09 02:55:19,450, operation=DefaultOperationId{id=write, type=COMMAND}, value=byte[]{length=17, hash=-1644578928}}
02:55:19.828 [raft-server-3] TRACE i.a.p.raft.roles.FollowerRole - RaftServer{3}{role=FOLLOWER} - Received AppendRequest{term=1, leader=1, prevLogIndex=37, prevLogTerm=1, entries=1, commitIndex=37}
02:55:19.828 [raft-server-1] TRACE i.a.p.raft.roles.LeaderAppender - RaftServer{1} - Sending AppendRequest{term=1, leader=1, prevLogIndex=37, prevLogTerm=1, entries=1, commitIndex=37} to 2
02:55:19.828 [raft-server-3] TRACE i.a.p.raft.roles.FollowerRole - RaftServer{3}{role=FOLLOWER} - Appended Indexed{index=38, entry=CommandEntry{term=1, timestamp=2018-06-09 02:55:19,714, session=2, sequence=31, operation=PrimitiveOperation{id=DefaultOperationId{id=write, type=COMMAND}, value=byte[]{length=17, hash=-1644578928}}}}
02:55:19.828 [raft-server-3] TRACE i.a.p.raft.roles.FollowerRole - RaftServer{3}{role=FOLLOWER} - Sending AppendResponse{status=OK, term=1, succeeded=true, lastLogIndex=38}
02:55:19.828 [raft-server-1] TRACE i.a.p.raft.roles.LeaderAppender - RaftServer{1} - Received AppendResponse{status=OK, term=1, succeeded=true, lastLogIndex=38} from 3
02:55:19.828 [raft-server-1] TRACE i.a.p.raft.roles.LeaderAppender - RaftServer{1} - Committed entries up to 38
02:55:19.934 [raft-server-2] TRACE i.a.p.raft.roles.FollowerRole - RaftServer{2}{role=FOLLOWER} - Committed entries up to index 37
02:55:19.934 [raft-server-2] TRACE i.a.p.raft.roles.FollowerRole - RaftServer{2}{role=FOLLOWER} - Sending AppendResponse{status=OK, term=1, succeeded=true, lastLogIndex=37}
02:55:19.934 [raft-server-2] TRACE i.a.p.raft.roles.FollowerRole - RaftServer{2}{role=FOLLOWER} - Received AppendRequest{term=1, leader=1, prevLogIndex=37, prevLogTerm=1, entries=1, commitIndex=37}
02:55:19.934 [raft-server-2] TRACE i.a.p.raft.roles.FollowerRole - RaftServer{2}{role=FOLLOWER} - Appended Indexed{index=38, entry=CommandEntry{term=1, timestamp=2018-06-09 02:55:19,714, session=2, sequence=31, operation=PrimitiveOperation{id=DefaultOperationId{id=write, type=COMMAND}, value=byte[]{length=17, hash=-1644578928}}}}
02:55:19.935 [raft-server-2] TRACE i.a.p.raft.roles.FollowerRole - RaftServer{2}{role=FOLLOWER} - Sending AppendResponse{status=OK, term=1, succeeded=true, lastLogIndex=38}
02:55:19.935 [raft-server-2-state] TRACE i.a.p.raft.impl.RaftServiceManager - RaftServer{2} - Applying Indexed{index=37, entry=CommandEntry{term=1, timestamp=2018-06-09 02:55:19,450, session=2, sequence=30, operation=PrimitiveOperation{id=DefaultOperationId{id=write, type=COMMAND}, value=byte[]{length=17, hash=-1644578928}}}}
02:55:19.935 [raft-server-2-state] TRACE i.a.p.s.impl.DefaultServiceExecutor - PrimitiveService{2}{type=io.atomix.protocols.raft.RaftTest$TestPrimitiveType@21189677, name=raft-test} - Executing DefaultCommit{index=37, session=RaftSession{RaftServiceContext{server=2, type=io.atomix.protocols.raft.RaftTest$TestPrimitiveType@21189677, name=raft-test, id=2}, session=2, timestamp=2018-06-09 02:55:19,450}, time=2018-06-09 02:55:19,450, operation=DefaultOperationId{id=write, type=COMMAND}, value=byte[]{length=17, hash=-1644578928}}
02:55:20.054 [raft-server-1] TRACE i.a.p.raft.roles.LeaderAppender - RaftServer{1} - Received AppendResponse{status=OK, term=1, succeeded=true, lastLogIndex=37} from 2
02:55:20.055 [raft-server-1] TRACE i.a.p.raft.roles.LeaderAppender - RaftServer{1} - Received AppendResponse{status=OK, term=1, succeeded=true, lastLogIndex=38} from 2
02:55:20.055 [raft-server-1] TRACE i.a.p.raft.roles.LeaderAppender - RaftServer{1} - Sending AppendRequest{term=1, leader=1, prevLogIndex=38, prevLogTerm=1, entries=0, commitIndex=38} to 3
02:55:20.055 [raft-server-1] TRACE i.a.p.raft.roles.LeaderAppender - RaftServer{1} - Sending AppendRequest{term=1, leader=1, prevLogIndex=38, prevLogTerm=1, entries=0, commitIndex=38} to 2
02:55:20.055 [raft-server-3] TRACE i.a.p.raft.roles.FollowerRole - RaftServer{3}{role=FOLLOWER} - Received AppendRequest{term=1, leader=1, prevLogIndex=38, prevLogTerm=1, entries=0, commitIndex=38}
02:55:20.055 [raft-server-2] TRACE i.a.p.raft.roles.FollowerRole - RaftServer{2}{role=FOLLOWER} - Received AppendRequest{term=1, leader=1, prevLogIndex=38, prevLogTerm=1, entries=0, commitIndex=38}
02:55:20.055 [raft-server-1-state] TRACE i.a.p.raft.impl.RaftServiceManager - RaftServer{1} - Applying Indexed{index=38, entry=CommandEntry{term=1, timestamp=2018-06-09 02:55:19,714, session=2, sequence=31, operation=PrimitiveOperation{id=DefaultOperationId{id=write, type=COMMAND}, value=byte[]{length=17, hash=-1644578928}}}}
02:55:20.055 [raft-server-1-state] TRACE i.a.p.s.impl.DefaultServiceExecutor - PrimitiveService{2}{type=io.atomix.protocols.raft.RaftTest$TestPrimitiveType@60cd3cc, name=raft-test} - Executing DefaultCommit{index=38, session=RaftSession{RaftServiceContext{server=1, type=io.atomix.protocols.raft.RaftTest$TestPrimitiveType@60cd3cc, name=raft-test, id=2}, session=2, timestamp=2018-06-09 02:55:19,714}, time=2018-06-09 02:55:19,714, operation=DefaultOperationId{id=write, type=COMMAND}, value=byte[]{length=17, hash=-1644578928}}
02:55:20.055 [raft-server-1-state] TRACE i.a.protocols.raft.roles.LeaderRole - RaftServer{1}{role=LEADER} - Sending CommandResponse{status=OK, index=38, eventIndex=2, result=byte[]{length=2, hash=1316}}
02:55:20.055 [raft-client-6c0a1bb2-986e-47f7-86e2-6a736c947544-5] TRACE i.a.p.r.p.impl.RaftProxyConnection - ProxySession{2}{type=io.atomix.protocols.raft.RaftTest$TestPrimitiveType@35bfa1bb, name=raft-test} - Received CommandResponse{status=OK, index=38, eventIndex=2, result=byte[]{length=2, hash=1316}} from 1
02:55:20.055 [raft-client-6c0a1bb2-986e-47f7-86e2-6a736c947544-5] TRACE i.a.p.r.p.impl.RaftProxySequencer - ProxySession{2}{type=io.atomix.protocols.raft.RaftTest$TestPrimitiveType@35bfa1bb, name=raft-test} - Completing response CommandResponse{status=OK, index=38, eventIndex=2, result=byte[]{length=2, hash=1316}}
02:55:20.056 [raft-client-6c0a1bb2-986e-47f7-86e2-6a736c947544-6] TRACE i.a.p.r.p.impl.RaftProxyConnection - ProxySession{2}{type=io.atomix.protocols.raft.RaftTest$TestPrimitiveType@35bfa1bb, name=raft-test} - Sending CommandRequest{session=2, sequence=32, operation=PrimitiveOperation{id=DefaultOperationId{id=write, type=COMMAND}, value=byte[]{length=17, hash=-1644578928}}} to 1
02:55:20.056 [raft-server-1] TRACE i.a.protocols.raft.roles.LeaderRole - RaftServer{1}{role=LEADER} - Received CommandRequest{session=2, sequence=32, operation=PrimitiveOperation{id=DefaultOperationId{id=write, type=COMMAND}, value=byte[]{length=17, hash=-1644578928}}}
02:55:20.056 [raft-server-1] TRACE i.a.protocols.raft.roles.LeaderRole - RaftServer{1}{role=LEADER} - Appended Indexed{index=39, entry=CommandEntry{term=1, timestamp=2018-06-09 02:55:20,056, session=2, sequence=32, operation=PrimitiveOperation{id=DefaultOperationId{id=write, type=COMMAND}, value=byte[]{length=17, hash=-1644578928}}}}
02:55:20.182 [raft-server-2] TRACE i.a.p.raft.roles.FollowerRole - RaftServer{2}{role=FOLLOWER} - Committed entries up to index 38
02:55:20.182 [raft-server-2] TRACE i.a.p.raft.roles.FollowerRole - RaftServer{2}{role=FOLLOWER} - Sending AppendResponse{status=OK, term=1, succeeded=true, lastLogIndex=38}
02:55:20.182 [raft-server-3] TRACE i.a.p.raft.roles.FollowerRole - RaftServer{3}{role=FOLLOWER} - Committed entries up to index 38
02:55:20.182 [raft-server-3] TRACE i.a.p.raft.roles.FollowerRole - RaftServer{3}{role=FOLLOWER} - Sending AppendResponse{status=OK, term=1, succeeded=true, lastLogIndex=38}
02:55:20.182 [raft-server-1] TRACE i.a.p.raft.roles.LeaderAppender - RaftServer{1} - Received AppendResponse{status=OK, term=1, succeeded=true, lastLogIndex=38} from 2
02:55:20.182 [raft-server-2-state] TRACE i.a.p.raft.impl.RaftServiceManager - RaftServer{2} - Applying Indexed{index=38, entry=CommandEntry{term=1, timestamp=2018-06-09 02:55:19,714, session=2, sequence=31, operation=PrimitiveOperation{id=DefaultOperationId{id=write, type=COMMAND}, value=byte[]{length=17, hash=-1644578928}}}}
02:55:20.182 [raft-server-1] TRACE i.a.p.raft.roles.LeaderAppender - RaftServer{1} - Sending AppendRequest{term=1, leader=1, prevLogIndex=38, prevLogTerm=1, entries=1, commitIndex=38} to 2
02:55:20.182 [raft-server-3-state] TRACE i.a.p.raft.impl.RaftServiceManager - RaftServer{3} - Applying Indexed{index=38, entry=CommandEntry{term=1, timestamp=2018-06-09 02:55:19,714, session=2, sequence=31, operation=PrimitiveOperation{id=DefaultOperationId{id=write, type=COMMAND}, value=byte[]{length=17, hash=-1644578928}}}}
02:55:20.182 [raft-server-2-state] TRACE i.a.p.s.impl.DefaultServiceExecutor - PrimitiveService{2}{type=io.atomix.protocols.raft.RaftTest$TestPrimitiveType@21189677, name=raft-test} - Executing DefaultCommit{index=38, session=RaftSession{RaftServiceContext{server=2, type=io.atomix.protocols.raft.RaftTest$TestPrimitiveType@21189677, name=raft-test, id=2}, session=2, timestamp=2018-06-09 02:55:19,714}, time=2018-06-09 02:55:19,714, operation=DefaultOperationId{id=write, type=COMMAND}, value=byte[]{length=17, hash=-1644578928}}
02:55:20.182 [raft-server-2] TRACE i.a.p.raft.roles.FollowerRole - RaftServer{2}{role=FOLLOWER} - Received AppendRequest{term=1, leader=1, prevLogIndex=38, prevLogTerm=1, entries=1, commitIndex=38}
02:55:20.182 [raft-server-1] TRACE i.a.p.raft.roles.LeaderAppender - RaftServer{1} - Sending AppendRequest{term=1, leader=1, prevLogIndex=38, prevLogTerm=1, entries=1, commitIndex=38} to 3
02:55:20.182 [raft-server-3-state] TRACE i.a.p.s.impl.DefaultServiceExecutor - PrimitiveService{2}{type=io.atomix.protocols.raft.RaftTest$TestPrimitiveType@34b8c602, name=raft-test} - Executing DefaultCommit{index=38, session=RaftSession{RaftServiceContext{server=3, type=io.atomix.protocols.raft.RaftTest$TestPrimitiveType@34b8c602, name=raft-test, id=2}, session=2, timestamp=2018-06-09 02:55:19,714}, time=2018-06-09 02:55:19,714, operation=DefaultOperationId{id=write, type=COMMAND}, value=byte[]{length=17, hash=-1644578928}}
02:55:20.183 [raft-server-3] TRACE i.a.p.raft.roles.FollowerRole - RaftServer{3}{role=FOLLOWER} - Received AppendRequest{term=1, leader=1, prevLogIndex=38, prevLogTerm=1, entries=1, commitIndex=38}
02:55:20.183 [raft-server-1] TRACE i.a.p.raft.roles.LeaderAppender - RaftServer{1} - Received AppendResponse{status=OK, term=1, succeeded=true, lastLogIndex=38} from 3
02:55:20.183 [raft-server-2] TRACE i.a.p.raft.roles.FollowerRole - RaftServer{2}{role=FOLLOWER} - Appended Indexed{index=39, entry=CommandEntry{term=1, timestamp=2018-06-09 02:55:20,056, session=2, sequence=32, operation=PrimitiveOperation{id=DefaultOperationId{id=write, type=COMMAND}, value=byte[]{length=17, hash=-1644578928}}}}
02:55:20.183 [raft-server-2] TRACE i.a.p.raft.roles.FollowerRole - RaftServer{2}{role=FOLLOWER} - Sending AppendResponse{status=OK, term=1, succeeded=true, lastLogIndex=39}
02:55:20.183 [raft-server-3] TRACE i.a.p.raft.roles.FollowerRole - RaftServer{3}{role=FOLLOWER} - Appended Indexed{index=39, entry=CommandEntry{term=1, timestamp=2018-06-09 02:55:20,056, session=2, sequence=32, operation=PrimitiveOperation{id=DefaultOperationId{id=write, type=COMMAND}, value=byte[]{length=17, hash=-1644578928}}}}
02:55:20.183 [raft-server-3] TRACE i.a.p.raft.roles.FollowerRole - RaftServer{3}{role=FOLLOWER} - Sending AppendResponse{status=OK, term=1, succeeded=true, lastLogIndex=39}
02:55:20.183 [raft-server-1] TRACE i.a.p.raft.roles.LeaderAppender - RaftServer{1} - Received AppendResponse{status=OK, term=1, succeeded=true, lastLogIndex=39} from 2
02:55:20.183 [raft-server-1] TRACE i.a.p.raft.roles.LeaderAppender - RaftServer{1} - Committed entries up to 39
02:55:20.323 [raft-server-1] TRACE i.a.p.raft.roles.LeaderAppender - RaftServer{1} - Received AppendResponse{status=OK, term=1, succeeded=true, lastLogIndex=39} from 3
02:55:20.324 [raft-server-1] TRACE i.a.p.raft.roles.LeaderAppender - RaftServer{1} - Sending AppendRequest{term=1, leader=1, prevLogIndex=39, prevLogTerm=1, entries=0, commitIndex=39} to 3
02:55:20.324 [raft-server-3] TRACE i.a.p.raft.roles.FollowerRole - RaftServer{3}{role=FOLLOWER} - Received AppendRequest{term=1, leader=1, prevLogIndex=39, prevLogTerm=1, entries=0, commitIndex=39}
02:55:20.324 [raft-server-1] TRACE i.a.p.raft.roles.LeaderAppender - RaftServer{1} - Sending AppendRequest{term=1, leader=1, prevLogIndex=39, prevLogTerm=1, entries=0, commitIndex=39} to 2
02:55:20.324 [raft-server-2] TRACE i.a.p.raft.roles.FollowerRole - RaftServer{2}{role=FOLLOWER} - Received AppendRequest{term=1, leader=1, prevLogIndex=39, prevLogTerm=1, entries=0, commitIndex=39}
02:55:20.324 [raft-server-1-state] TRACE i.a.p.raft.impl.RaftServiceManager - RaftServer{1} - Applying Indexed{index=39, entry=CommandEntry{term=1, timestamp=2018-06-09 02:55:20,056, session=2, sequence=32, operation=PrimitiveOperation{id=DefaultOperationId{id=write, type=COMMAND}, value=byte[]{length=17, hash=-1644578928}}}}
02:55:20.324 [raft-server-1-state] TRACE i.a.p.s.impl.DefaultServiceExecutor - PrimitiveService{2}{type=io.atomix.protocols.raft.RaftTest$TestPrimitiveType@60cd3cc, name=raft-test} - Executing DefaultCommit{index=39, session=RaftSession{RaftServiceContext{server=1, type=io.atomix.protocols.raft.RaftTest$TestPrimitiveType@60cd3cc, name=raft-test, id=2}, session=2, timestamp=2018-06-09 02:55:20,056}, time=2018-06-09 02:55:20,056, operation=DefaultOperationId{id=write, type=COMMAND}, value=byte[]{length=17, hash=-1644578928}}
02:55:20.324 [raft-server-1-state] TRACE i.a.protocols.raft.roles.LeaderRole - RaftServer{1}{role=LEADER} - Sending CommandResponse{status=OK, index=39, eventIndex=2, result=byte[]{length=2, hash=1318}}
02:55:20.324 [raft-client-6c0a1bb2-986e-47f7-86e2-6a736c947544-2] TRACE i.a.p.r.p.impl.RaftProxyConnection - ProxySession{2}{type=io.atomix.protocols.raft.RaftTest$TestPrimitiveType@35bfa1bb, name=raft-test} - Received CommandResponse{status=OK, index=39, eventIndex=2, result=byte[]{length=2, hash=1318}} from 1
02:55:20.324 [raft-client-6c0a1bb2-986e-47f7-86e2-6a736c947544-2] TRACE i.a.p.r.p.impl.RaftProxySequencer - ProxySession{2}{type=io.atomix.protocols.raft.RaftTest$TestPrimitiveType@35bfa1bb, name=raft-test} - Completing response CommandResponse{status=OK, index=39, eventIndex=2, result=byte[]{length=2, hash=1318}}
02:55:20.325 [raft-client-6c0a1bb2-986e-47f7-86e2-6a736c947544-0] TRACE i.a.p.r.p.impl.RaftProxyConnection - ProxySession{2}{type=io.atomix.protocols.raft.RaftTest$TestPrimitiveType@35bfa1bb, name=raft-test} - Sending CommandRequest{session=2, sequence=33, operation=PrimitiveOperation{id=DefaultOperationId{id=write, type=COMMAND}, value=byte[]{length=17, hash=-1644578928}}} to 1
02:55:20.325 [raft-server-1] TRACE i.a.protocols.raft.roles.LeaderRole - RaftServer{1}{role=LEADER} - Received CommandRequest{session=2, sequence=33, operation=PrimitiveOperation{id=DefaultOperationId{id=write, type=COMMAND}, value=byte[]{length=17, hash=-1644578928}}}
02:55:20.325 [raft-server-1] TRACE i.a.protocols.raft.roles.LeaderRole - RaftServer{1}{role=LEADER} - Appended Indexed{index=40, entry=CommandEntry{term=1, timestamp=2018-06-09 02:55:20,325, session=2, sequence=33, operation=PrimitiveOperation{id=DefaultOperationId{id=write, type=COMMAND}, value=byte[]{length=17, hash=-1644578928}}}}
02:55:20.427 [raft-server-3] TRACE i.a.p.raft.roles.FollowerRole - RaftServer{3}{role=FOLLOWER} - Committed entries up to index 39
02:55:20.427 [raft-server-2] TRACE i.a.p.raft.roles.FollowerRole - RaftServer{2}{role=FOLLOWER} - Committed entries up to index 39
02:55:20.427 [raft-server-3] TRACE i.a.p.raft.roles.FollowerRole - RaftServer{3}{role=FOLLOWER} - Sending AppendResponse{status=OK, term=1, succeeded=true, lastLogIndex=39}
02:55:20.427 [raft-server-2] TRACE i.a.p.raft.roles.FollowerRole - RaftServer{2}{role=FOLLOWER} - Sending AppendResponse{status=OK, term=1, succeeded=true, lastLogIndex=39}
02:55:20.428 [raft-server-1] TRACE i.a.p.raft.roles.LeaderAppender - RaftServer{1} - Received AppendResponse{status=OK, term=1, succeeded=true, lastLogIndex=39} from 3
02:55:20.428 [raft-server-3-state] TRACE i.a.p.raft.impl.RaftServiceManager - RaftServer{3} - Applying Indexed{index=39, entry=CommandEntry{term=1, timestamp=2018-06-09 02:55:20,056, session=2, sequence=32, operation=PrimitiveOperation{id=DefaultOperationId{id=write, type=COMMAND}, value=byte[]{length=17, hash=-1644578928}}}}
02:55:20.428 [raft-server-1] TRACE i.a.p.raft.roles.LeaderAppender - RaftServer{1} - Sending AppendRequest{term=1, leader=1, prevLogIndex=39, prevLogTerm=1, entries=1, commitIndex=39} to 3
02:55:20.428 [raft-server-2-state] TRACE i.a.p.raft.impl.RaftServiceManager - RaftServer{2} - Applying Indexed{index=39, entry=CommandEntry{term=1, timestamp=2018-06-09 02:55:20,056, session=2, sequence=32, operation=PrimitiveOperation{id=DefaultOperationId{id=write, type=COMMAND}, value=byte[]{length=17, hash=-1644578928}}}}
02:55:20.428 [raft-server-3-state] TRACE i.a.p.s.impl.DefaultServiceExecutor - PrimitiveService{2}{type=io.atomix.protocols.raft.RaftTest$TestPrimitiveType@34b8c602, name=raft-test} - Executing DefaultCommit{index=39, session=RaftSession{RaftServiceContext{server=3, type=io.atomix.protocols.raft.RaftTest$TestPrimitiveType@34b8c602, name=raft-test, id=2}, session=2, timestamp=2018-06-09 02:55:20,056}, time=2018-06-09 02:55:20,056, operation=DefaultOperationId{id=write, type=COMMAND}, value=byte[]{length=17, hash=-1644578928}}
02:55:20.428 [raft-server-3] TRACE i.a.p.raft.roles.FollowerRole - RaftServer{3}{role=FOLLOWER} - Received AppendRequest{term=1, leader=1, prevLogIndex=39, prevLogTerm=1, entries=1, commitIndex=39}
02:55:20.428 [raft-server-1] TRACE i.a.p.raft.roles.LeaderAppender - RaftServer{1} - Received AppendResponse{status=OK, term=1, succeeded=true, lastLogIndex=39} from 2
02:55:20.428 [raft-server-2-state] TRACE i.a.p.s.impl.DefaultServiceExecutor - PrimitiveService{2}{type=io.atomix.protocols.raft.RaftTest$TestPrimitiveType@21189677, name=raft-test} - Executing DefaultCommit{index=39, session=RaftSession{RaftServiceContext{server=2, type=io.atomix.protocols.raft.RaftTest$TestPrimitiveType@21189677, name=raft-test, id=2}, session=2, timestamp=2018-06-09 02:55:20,056}, time=2018-06-09 02:55:20,056, operation=DefaultOperationId{id=write, type=COMMAND}, value=byte[]{length=17, hash=-1644578928}}
02:55:20.428 [raft-server-1] TRACE i.a.p.raft.roles.LeaderAppender - RaftServer{1} - Sending AppendRequest{term=1, leader=1, prevLogIndex=39, prevLogTerm=1, entries=1, commitIndex=39} to 2
02:55:20.428 [raft-server-2] TRACE i.a.p.raft.roles.FollowerRole - RaftServer{2}{role=FOLLOWER} - Received AppendRequest{term=1, leader=1, prevLogIndex=39, prevLogTerm=1, entries=1, commitIndex=39}
02:55:20.428 [raft-server-3] TRACE i.a.p.raft.roles.FollowerRole - RaftServer{3}{role=FOLLOWER} - Appended Indexed{index=40, entry=CommandEntry{term=1, timestamp=2018-06-09 02:55:20,325, session=2, sequence=33, operation=PrimitiveOperation{id=DefaultOperationId{id=write, type=COMMAND}, value=byte[]{length=17, hash=-1644578928}}}}
02:55:20.428 [raft-server-3] TRACE i.a.p.raft.roles.FollowerRole - RaftServer{3}{role=FOLLOWER} - Sending AppendResponse{status=OK, term=1, succeeded=true, lastLogIndex=40}
02:55:20.428 [raft-server-1] TRACE i.a.p.raft.roles.LeaderAppender - RaftServer{1} - Received AppendResponse{status=OK, term=1, succeeded=true, lastLogIndex=40} from 3
02:55:20.428 [raft-server-1] TRACE i.a.p.raft.roles.LeaderAppender - RaftServer{1} - Committed entries up to 40
02:55:20.428 [raft-server-2] TRACE i.a.p.raft.roles.FollowerRole - RaftServer{2}{role=FOLLOWER} - Appended Indexed{index=40, entry=CommandEntry{term=1, timestamp=2018-06-09 02:55:20,325, session=2, sequence=33, operation=PrimitiveOperation{id=DefaultOperationId{id=write, type=COMMAND}, value=byte[]{length=17, hash=-1644578928}}}}
02:55:20.428 [raft-server-2] TRACE i.a.p.raft.roles.FollowerRole - RaftServer{2}{role=FOLLOWER} - Sending AppendResponse{status=OK, term=1, succeeded=true, lastLogIndex=40}
02:55:20.544 [raft-server-1] TRACE i.a.p.raft.roles.LeaderAppender - RaftServer{1} - Received AppendResponse{status=OK, term=1, succeeded=true, lastLogIndex=40} from 2
02:55:20.545 [raft-server-1] TRACE i.a.p.raft.roles.LeaderAppender - RaftServer{1} - Sending AppendRequest{term=1, leader=1, prevLogIndex=40, prevLogTerm=1, entries=0, commitIndex=40} to 3
02:55:20.545 [raft-server-1] TRACE i.a.p.raft.roles.LeaderAppender - RaftServer{1} - Sending AppendRequest{term=1, leader=1, prevLogIndex=40, prevLogTerm=1, entries=0, commitIndex=40} to 2
02:55:20.545 [raft-server-3] TRACE i.a.p.raft.roles.FollowerRole - RaftServer{3}{role=FOLLOWER} - Received AppendRequest{term=1, leader=1, prevLogIndex=40, prevLogTerm=1, entries=0, commitIndex=40}
02:55:20.545 [raft-server-2] TRACE i.a.p.raft.roles.FollowerRole - RaftServer{2}{role=FOLLOWER} - Received AppendRequest{term=1, leader=1, prevLogIndex=40, prevLogTerm=1, entries=0, commitIndex=40}
02:55:20.545 [raft-server-1-state] TRACE i.a.p.raft.impl.RaftServiceManager - RaftServer{1} - Applying Indexed{index=40, entry=CommandEntry{term=1, timestamp=2018-06-09 02:55:20,325, session=2, sequence=33, operation=PrimitiveOperation{id=DefaultOperationId{id=write, type=COMMAND}, value=byte[]{length=17, hash=-1644578928}}}}
02:55:20.545 [raft-server-1-state] TRACE i.a.p.s.impl.DefaultServiceExecutor - PrimitiveService{2}{type=io.atomix.protocols.raft.RaftTest$TestPrimitiveType@60cd3cc, name=raft-test} - Executing DefaultCommit{index=40, session=RaftSession{RaftServiceContext{server=1, type=io.atomix.protocols.raft.RaftTest$TestPrimitiveType@60cd3cc, name=raft-test, id=2}, session=2, timestamp=2018-06-09 02:55:20,325}, time=2018-06-09 02:55:20,325, operation=DefaultOperationId{id=write, type=COMMAND}, value=byte[]{length=17, hash=-1644578928}}
02:55:20.545 [raft-server-1-state] TRACE i.a.protocols.raft.roles.LeaderRole - RaftServer{1}{role=LEADER} - Sending CommandResponse{status=OK, index=40, eventIndex=2, result=byte[]{length=2, hash=1320}}
02:55:20.545 [raft-client-6c0a1bb2-986e-47f7-86e2-6a736c947544-3] TRACE i.a.p.r.p.impl.RaftProxyConnection - ProxySession{2}{type=io.atomix.protocols.raft.RaftTest$TestPrimitiveType@35bfa1bb, name=raft-test} - Received CommandResponse{status=OK, index=40, eventIndex=2, result=byte[]{length=2, hash=1320}} from 1
02:55:20.545 [raft-client-6c0a1bb2-986e-47f7-86e2-6a736c947544-3] TRACE i.a.p.r.p.impl.RaftProxySequencer - ProxySession{2}{type=io.atomix.protocols.raft.RaftTest$TestPrimitiveType@35bfa1bb, name=raft-test} - Completing response CommandResponse{status=OK, index=40, eventIndex=2, result=byte[]{length=2, hash=1320}}
02:55:20.546 [raft-client-6c0a1bb2-986e-47f7-86e2-6a736c947544-7] TRACE i.a.p.r.p.impl.RaftProxyConnection - ProxySession{2}{type=io.atomix.protocols.raft.RaftTest$TestPrimitiveType@35bfa1bb, name=raft-test} - Sending CommandRequest{session=2, sequence=34, operation=PrimitiveOperation{id=DefaultOperationId{id=write, type=COMMAND}, value=byte[]{length=17, hash=-1644578928}}} to 1
02:55:20.546 [raft-server-1] TRACE i.a.protocols.raft.roles.LeaderRole - RaftServer{1}{role=LEADER} - Received CommandRequest{session=2, sequence=34, operation=PrimitiveOperation{id=DefaultOperationId{id=write, type=COMMAND}, value=byte[]{length=17, hash=-1644578928}}}
02:55:20.695 [raft-server-2] TRACE i.a.p.raft.roles.FollowerRole - RaftServer{2}{role=FOLLOWER} - Committed entries up to index 40
02:55:20.695 [raft-server-3] TRACE i.a.p.raft.roles.FollowerRole - RaftServer{3}{role=FOLLOWER} - Committed entries up to index 40
02:55:20.695 [raft-server-2] TRACE i.a.p.raft.roles.FollowerRole - RaftServer{2}{role=FOLLOWER} - Sending AppendResponse{status=OK, term=1, succeeded=true, lastLogIndex=40}
02:55:20.695 [raft-server-3] TRACE i.a.p.raft.roles.FollowerRole - RaftServer{3}{role=FOLLOWER} - Sending AppendResponse{status=OK, term=1, succeeded=true, lastLogIndex=40}
02:55:20.695 [raft-server-2-state] TRACE i.a.p.raft.impl.RaftServiceManager - RaftServer{2} - Applying Indexed{index=40, entry=CommandEntry{term=1, timestamp=2018-06-09 02:55:20,325, session=2, sequence=33, operation=PrimitiveOperation{id=DefaultOperationId{id=write, type=COMMAND}, value=byte[]{length=17, hash=-1644578928}}}}
02:55:20.695 [raft-server-3-state] TRACE i.a.p.raft.impl.RaftServiceManager - RaftServer{3} - Applying Indexed{index=40, entry=CommandEntry{term=1, timestamp=2018-06-09 02:55:20,325, session=2, sequence=33, operation=PrimitiveOperation{id=DefaultOperationId{id=write, type=COMMAND}, value=byte[]{length=17, hash=-1644578928}}}}
02:55:20.695 [raft-server-2-state] TRACE i.a.p.s.impl.DefaultServiceExecutor - PrimitiveService{2}{type=io.atomix.protocols.raft.RaftTest$TestPrimitiveType@21189677, name=raft-test} - Executing DefaultCommit{index=40, session=RaftSession{RaftServiceContext{server=2, type=io.atomix.protocols.raft.RaftTest$TestPrimitiveType@21189677, name=raft-test, id=2}, session=2, timestamp=2018-06-09 02:55:20,325}, time=2018-06-09 02:55:20,325, operation=DefaultOperationId{id=write, type=COMMAND}, value=byte[]{length=17, hash=-1644578928}}
02:55:20.695 [raft-server-3-state] TRACE i.a.p.s.impl.DefaultServiceExecutor - PrimitiveService{2}{type=io.atomix.protocols.raft.RaftTest$TestPrimitiveType@34b8c602, name=raft-test} - Executing DefaultCommit{index=40, session=RaftSession{RaftServiceContext{server=3, type=io.atomix.protocols.raft.RaftTest$TestPrimitiveType@34b8c602, name=raft-test, id=2}, session=2, timestamp=2018-06-09 02:55:20,325}, time=2018-06-09 02:55:20,325, operation=DefaultOperationId{id=write, type=COMMAND}, value=byte[]{length=17, hash=-1644578928}}
02:55:20.782 [raft-server-1] DEBUG i.a.storage.journal.SegmentedJournal - Created disk segment: JournalSegment{id=5, version=1, index=41, size=64}
02:55:20.782 [raft-server-1] TRACE i.a.protocols.raft.roles.LeaderRole - RaftServer{1}{role=LEADER} - Appended Indexed{index=41, entry=CommandEntry{term=1, timestamp=2018-06-09 02:55:20,546, session=2, sequence=34, operation=PrimitiveOperation{id=DefaultOperationId{id=write, type=COMMAND}, value=byte[]{length=17, hash=-1644578928}}}}
02:55:20.782 [raft-server-1] TRACE i.a.p.raft.roles.LeaderAppender - RaftServer{1} - Received AppendResponse{status=OK, term=1, succeeded=true, lastLogIndex=40} from 2
02:55:20.782 [raft-server-1] TRACE i.a.p.raft.roles.LeaderAppender - RaftServer{1} - Sending AppendRequest{term=1, leader=1, prevLogIndex=40, prevLogTerm=1, entries=1, commitIndex=40} to 2
02:55:20.782 [raft-server-1] TRACE i.a.p.raft.roles.LeaderAppender - RaftServer{1} - Sending AppendRequest{term=1, leader=1, prevLogIndex=40, prevLogTerm=1, entries=1, commitIndex=40} to 3
02:55:20.782 [raft-server-2] TRACE i.a.p.raft.roles.FollowerRole - RaftServer{2}{role=FOLLOWER} - Received AppendRequest{term=1, leader=1, prevLogIndex=40, prevLogTerm=1, entries=1, commitIndex=40}
02:55:20.782 [raft-server-1] TRACE i.a.p.raft.roles.LeaderAppender - RaftServer{1} - Received AppendResponse{status=OK, term=1, succeeded=true, lastLogIndex=40} from 3
02:55:20.782 [raft-server-3] TRACE i.a.p.raft.roles.FollowerRole - RaftServer{3}{role=FOLLOWER} - Received AppendRequest{term=1, leader=1, prevLogIndex=40, prevLogTerm=1, entries=1, commitIndex=40}
02:55:20.861 [raft-client-6c0a1bb2-986e-47f7-86e2-6a736c947544-4] TRACE i.a.p.r.proxy.impl.RaftProxyManager - RaftClient{6c0a1bb2-986e-47f7-86e2-6a736c947544} - Keeping 1 sessions alive
02:55:20.861 [raft-client-6c0a1bb2-986e-47f7-86e2-6a736c947544-4] TRACE i.a.p.r.p.impl.RaftProxyConnection - RaftClient{6c0a1bb2-986e-47f7-86e2-6a736c947544} - Sending KeepAliveRequest{sessionIds=long[]{length=1, hash=33}, commandSequences=long[]{length=1, hash=64}, eventIndexes=long[]{length=1, hash=33}} to 2
02:55:21.040 [raft-server-2] DEBUG i.a.storage.journal.SegmentedJournal - Created disk segment: JournalSegment{id=5, version=1, index=41, size=64}
02:55:21.040 [raft-server-3] DEBUG i.a.storage.journal.SegmentedJournal - Created disk segment: JournalSegment{id=5, version=1, index=41, size=64}
02:55:21.040 [raft-server-3] TRACE i.a.p.raft.roles.FollowerRole - RaftServer{3}{role=FOLLOWER} - Appended Indexed{index=41, entry=CommandEntry{term=1, timestamp=2018-06-09 02:55:20,546, session=2, sequence=34, operation=PrimitiveOperation{id=DefaultOperationId{id=write, type=COMMAND}, value=byte[]{length=17, hash=-1644578928}}}}
02:55:21.040 [raft-server-3] TRACE i.a.p.raft.roles.FollowerRole - RaftServer{3}{role=FOLLOWER} - Sending AppendResponse{status=OK, term=1, succeeded=true, lastLogIndex=41}
02:55:21.040 [raft-server-2] TRACE i.a.p.raft.roles.FollowerRole - RaftServer{2}{role=FOLLOWER} - Appended Indexed{index=41, entry=CommandEntry{term=1, timestamp=2018-06-09 02:55:20,546, session=2, sequence=34, operation=PrimitiveOperation{id=DefaultOperationId{id=write, type=COMMAND}, value=byte[]{length=17, hash=-1644578928}}}}
02:55:21.040 [raft-server-2] TRACE i.a.p.raft.roles.FollowerRole - RaftServer{2}{role=FOLLOWER} - Sending AppendResponse{status=OK, term=1, succeeded=true, lastLogIndex=41}
02:55:21.040 [raft-server-2] TRACE i.a.p.raft.roles.FollowerRole - RaftServer{2}{role=FOLLOWER} - Received KeepAliveRequest{sessionIds=long[]{length=1, hash=33}, commandSequences=long[]{length=1, hash=64}, eventIndexes=long[]{length=1, hash=33}}
02:55:21.040 [raft-server-1] TRACE i.a.p.raft.roles.LeaderAppender - RaftServer{1} - Received AppendResponse{status=OK, term=1, succeeded=true, lastLogIndex=41} from 3
02:55:21.040 [raft-server-1] TRACE i.a.p.raft.roles.LeaderAppender - RaftServer{1} - Committed entries up to 41
02:55:21.154 [raft-server-1] TRACE i.a.p.raft.roles.LeaderAppender - RaftServer{1} - Sending AppendRequest{term=1, leader=1, prevLogIndex=41, prevLogTerm=1, entries=0, commitIndex=41} to 3
02:55:21.154 [raft-server-3] TRACE i.a.p.raft.roles.FollowerRole - RaftServer{3}{role=FOLLOWER} - Received AppendRequest{term=1, leader=1, prevLogIndex=41, prevLogTerm=1, entries=0, commitIndex=41}
02:55:21.154 [raft-server-1] TRACE i.a.p.raft.roles.LeaderAppender - RaftServer{1} - Received AppendResponse{status=OK, term=1, succeeded=true, lastLogIndex=41} from 2
02:55:21.154 [raft-server-1] TRACE i.a.p.raft.roles.LeaderAppender - RaftServer{1} - Sending AppendRequest{term=1, leader=1, prevLogIndex=41, prevLogTerm=1, entries=0, commitIndex=41} to 2
02:55:21.154 [raft-server-1] TRACE i.a.protocols.raft.roles.LeaderRole - RaftServer{1}{role=LEADER} - Received KeepAliveRequest{sessionIds=long[]{length=1, hash=33}, commandSequences=long[]{length=1, hash=64}, eventIndexes=long[]{length=1, hash=33}}
02:55:21.154 [raft-server-2] TRACE i.a.p.raft.roles.FollowerRole - RaftServer{2}{role=FOLLOWER} - Received AppendRequest{term=1, leader=1, prevLogIndex=41, prevLogTerm=1, entries=0, commitIndex=41}
02:55:21.154 [raft-server-1] TRACE i.a.protocols.raft.roles.LeaderRole - RaftServer{1}{role=LEADER} - Appended Indexed{index=42, entry=KeepAliveEntry{term=1, timestamp=2018-06-09 02:55:21,154, sessionIds=long[]{length=1, hash=33}, commandSequences=long[]{length=1, hash=64}, eventIndexes=long[]{length=1, hash=33}}}
02:55:21.154 [raft-server-1-state] TRACE i.a.p.raft.impl.RaftServiceManager - RaftServer{1} - Applying Indexed{index=41, entry=CommandEntry{term=1, timestamp=2018-06-09 02:55:20,546, session=2, sequence=34, operation=PrimitiveOperation{id=DefaultOperationId{id=write, type=COMMAND}, value=byte[]{length=17, hash=-1644578928}}}}
02:55:21.155 [raft-server-1-state] TRACE i.a.p.s.impl.DefaultServiceExecutor - PrimitiveService{2}{type=io.atomix.protocols.raft.RaftTest$TestPrimitiveType@60cd3cc, name=raft-test} - Executing DefaultCommit{index=41, session=RaftSession{RaftServiceContext{server=1, type=io.atomix.protocols.raft.RaftTest$TestPrimitiveType@60cd3cc, name=raft-test, id=2}, session=2, timestamp=2018-06-09 02:55:20,546}, time=2018-06-09 02:55:20,546, operation=DefaultOperationId{id=write, type=COMMAND}, value=byte[]{length=17, hash=-1644578928}}
02:55:21.155 [raft-server-1-state] TRACE i.a.protocols.raft.roles.LeaderRole - RaftServer{1}{role=LEADER} - Sending CommandResponse{status=OK, index=41, eventIndex=2, result=byte[]{length=2, hash=1322}}
02:55:21.155 [raft-client-6c0a1bb2-986e-47f7-86e2-6a736c947544-1] TRACE i.a.p.r.p.impl.RaftProxyConnection - ProxySession{2}{type=io.atomix.protocols.raft.RaftTest$TestPrimitiveType@35bfa1bb, name=raft-test} - Received CommandResponse{status=OK, index=41, eventIndex=2, result=byte[]{length=2, hash=1322}} from 1
02:55:21.155 [raft-client-6c0a1bb2-986e-47f7-86e2-6a736c947544-1] TRACE i.a.p.r.p.impl.RaftProxySequencer - ProxySession{2}{type=io.atomix.protocols.raft.RaftTest$TestPrimitiveType@35bfa1bb, name=raft-test} - Completing response CommandResponse{status=OK, index=41, eventIndex=2, result=byte[]{length=2, hash=1322}}
02:55:21.155 [raft-client-6c0a1bb2-986e-47f7-86e2-6a736c947544-1] TRACE i.a.p.r.p.impl.RaftProxyConnection - ProxySession{2}{type=io.atomix.protocols.raft.RaftTest$TestPrimitiveType@35bfa1bb, name=raft-test} - Sending CommandRequest{session=2, sequence=35, operation=PrimitiveOperation{id=DefaultOperationId{id=write, type=COMMAND}, value=byte[]{length=17, hash=-1644578928}}} to 1
02:55:21.155 [raft-server-1] TRACE i.a.protocols.raft.roles.LeaderRole - RaftServer{1}{role=LEADER} - Received CommandRequest{session=2, sequence=35, operation=PrimitiveOperation{id=DefaultOperationId{id=write, type=COMMAND}, value=byte[]{length=17, hash=-1644578928}}}
02:55:21.156 [raft-server-1] TRACE i.a.protocols.raft.roles.LeaderRole - RaftServer{1}{role=LEADER} - Appended Indexed{index=43, entry=CommandEntry{term=1, timestamp=2018-06-09 02:55:21,155, session=2, sequence=35, operation=PrimitiveOperation{id=DefaultOperationId{id=write, type=COMMAND}, value=byte[]{length=17, hash=-1644578928}}}}
02:55:21.221 [raft-server-1] TRACE i.a.p.raft.roles.LeaderAppender - RaftServer{1} - Sending AppendRequest{term=1, leader=1, prevLogIndex=41, prevLogTerm=1, entries=2, commitIndex=41} to 3
02:55:21.283 [raft-server-3] TRACE i.a.p.raft.roles.FollowerRole - RaftServer{3}{role=FOLLOWER} - Committed entries up to index 41
02:55:21.283 [raft-server-3] TRACE i.a.p.raft.roles.FollowerRole - RaftServer{3}{role=FOLLOWER} - Sending AppendResponse{status=OK, term=1, succeeded=true, lastLogIndex=41}
02:55:21.283 [raft-server-3] TRACE i.a.p.raft.roles.FollowerRole - RaftServer{3}{role=FOLLOWER} - Received AppendRequest{term=1, leader=1, prevLogIndex=41, prevLogTerm=1, entries=2, commitIndex=41}
02:55:21.283 [raft-server-1] TRACE i.a.p.raft.roles.LeaderAppender - RaftServer{1} - Received AppendResponse{status=OK, term=1, succeeded=true, lastLogIndex=41} from 3
02:55:21.283 [raft-server-3] TRACE i.a.p.raft.roles.FollowerRole - RaftServer{3}{role=FOLLOWER} - Appended Indexed{index=42, entry=KeepAliveEntry{term=1, timestamp=2018-06-09 02:55:21,154, sessionIds=long[]{length=1, hash=33}, commandSequences=long[]{length=1, hash=64}, eventIndexes=long[]{length=1, hash=33}}}
02:55:21.283 [raft-server-1] TRACE i.a.p.raft.roles.LeaderAppender - RaftServer{1} - Sending AppendRequest{term=1, leader=1, prevLogIndex=41, prevLogTerm=1, entries=2, commitIndex=41} to 2
02:55:21.283 [raft-server-3] TRACE i.a.p.raft.roles.FollowerRole - RaftServer{3}{role=FOLLOWER} - Appended Indexed{index=43, entry=CommandEntry{term=1, timestamp=2018-06-09 02:55:21,155, session=2, sequence=35, operation=PrimitiveOperation{id=DefaultOperationId{id=write, type=COMMAND}, value=byte[]{length=17, hash=-1644578928}}}}
02:55:21.283 [raft-server-3] TRACE i.a.p.raft.roles.FollowerRole - RaftServer{3}{role=FOLLOWER} - Sending AppendResponse{status=OK, term=1, succeeded=true, lastLogIndex=43}
02:55:21.283 [raft-server-1] TRACE i.a.p.raft.roles.LeaderAppender - RaftServer{1} - Received AppendResponse{status=OK, term=1, succeeded=true, lastLogIndex=43} from 3
02:55:21.284 [raft-server-1] TRACE i.a.p.raft.roles.LeaderAppender - RaftServer{1} - Committed entries up to 43
02:55:21.284 [raft-server-3-state] TRACE i.a.p.raft.impl.RaftServiceManager - RaftServer{3} - Applying Indexed{index=41, entry=CommandEntry{term=1, timestamp=2018-06-09 02:55:20,546, session=2, sequence=34, operation=PrimitiveOperation{id=DefaultOperationId{id=write, type=COMMAND}, value=byte[]{length=17, hash=-1644578928}}}}
02:55:21.284 [raft-server-3-state] TRACE i.a.p.s.impl.DefaultServiceExecutor - PrimitiveService{2}{type=io.atomix.protocols.raft.RaftTest$TestPrimitiveType@34b8c602, name=raft-test} - Executing DefaultCommit{index=41, session=RaftSession{RaftServiceContext{server=3, type=io.atomix.protocols.raft.RaftTest$TestPrimitiveType@34b8c602, name=raft-test, id=2}, session=2, timestamp=2018-06-09 02:55:20,546}, time=2018-06-09 02:55:20,546, operation=DefaultOperationId{id=write, type=COMMAND}, value=byte[]{length=17, hash=-1644578928}}
02:55:21.386 [raft-server-2] TRACE i.a.p.raft.roles.FollowerRole - RaftServer{2}{role=FOLLOWER} - Committed entries up to index 41
02:55:21.386 [raft-server-2] TRACE i.a.p.raft.roles.FollowerRole - RaftServer{2}{role=FOLLOWER} - Sending AppendResponse{status=OK, term=1, succeeded=true, lastLogIndex=41}
02:55:21.386 [raft-server-2] TRACE i.a.p.raft.roles.FollowerRole - RaftServer{2}{role=FOLLOWER} - Received AppendRequest{term=1, leader=1, prevLogIndex=41, prevLogTerm=1, entries=2, commitIndex=41}
02:55:21.386 [raft-server-2] TRACE i.a.p.raft.roles.FollowerRole - RaftServer{2}{role=FOLLOWER} - Appended Indexed{index=42, entry=KeepAliveEntry{term=1, timestamp=2018-06-09 02:55:21,154, sessionIds=long[]{length=1, hash=33}, commandSequences=long[]{length=1, hash=64}, eventIndexes=long[]{length=1, hash=33}}}
02:55:21.387 [raft-server-2] TRACE i.a.p.raft.roles.FollowerRole - RaftServer{2}{role=FOLLOWER} - Appended Indexed{index=43, entry=CommandEntry{term=1, timestamp=2018-06-09 02:55:21,155, session=2, sequence=35, operation=PrimitiveOperation{id=DefaultOperationId{id=write, type=COMMAND}, value=byte[]{length=17, hash=-1644578928}}}}
02:55:21.387 [raft-server-2] TRACE i.a.p.raft.roles.FollowerRole - RaftServer{2}{role=FOLLOWER} - Sending AppendResponse{status=OK, term=1, succeeded=true, lastLogIndex=43}
02:55:21.387 [raft-server-2-state] TRACE i.a.p.raft.impl.RaftServiceManager - RaftServer{2} - Applying Indexed{index=41, entry=CommandEntry{term=1, timestamp=2018-06-09 02:55:20,546, session=2, sequence=34, operation=PrimitiveOperation{id=DefaultOperationId{id=write, type=COMMAND}, value=byte[]{length=17, hash=-1644578928}}}}
02:55:21.387 [raft-server-2-state] TRACE i.a.p.s.impl.DefaultServiceExecutor - PrimitiveService{2}{type=io.atomix.protocols.raft.RaftTest$TestPrimitiveType@21189677, name=raft-test} - Executing DefaultCommit{index=41, session=RaftSession{RaftServiceContext{server=2, type=io.atomix.protocols.raft.RaftTest$TestPrimitiveType@21189677, name=raft-test, id=2}, session=2, timestamp=2018-06-09 02:55:20,546}, time=2018-06-09 02:55:20,546, operation=DefaultOperationId{id=write, type=COMMAND}, value=byte[]{length=17, hash=-1644578928}}
02:55:21.473 [raft-server-1] TRACE i.a.p.raft.roles.LeaderAppender - RaftServer{1} - Sending AppendRequest{term=1, leader=1, prevLogIndex=43, prevLogTerm=1, entries=0, commitIndex=43} to 3
02:55:21.473 [raft-server-1] TRACE i.a.p.raft.roles.LeaderAppender - RaftServer{1} - Received AppendResponse{status=OK, term=1, succeeded=true, lastLogIndex=41} from 2
02:55:21.473 [raft-server-3] TRACE i.a.p.raft.roles.FollowerRole - RaftServer{3}{role=FOLLOWER} - Received AppendRequest{term=1, leader=1, prevLogIndex=43, prevLogTerm=1, entries=0, commitIndex=43}
02:55:21.473 [raft-server-1] TRACE i.a.p.raft.roles.LeaderAppender - RaftServer{1} - Received AppendResponse{status=OK, term=1, succeeded=true, lastLogIndex=43} from 2
02:55:21.473 [raft-server-1] TRACE i.a.p.raft.roles.LeaderAppender - RaftServer{1} - Sending AppendRequest{term=1, leader=1, prevLogIndex=43, prevLogTerm=1, entries=0, commitIndex=43} to 2
02:55:21.473 [raft-server-2] TRACE i.a.p.raft.roles.FollowerRole - RaftServer{2}{role=FOLLOWER} - Received AppendRequest{term=1, leader=1, prevLogIndex=43, prevLogTerm=1, entries=0, commitIndex=43}
02:55:21.473 [raft-server-1-state] TRACE i.a.p.raft.impl.RaftServiceManager - RaftServer{1} - Applying Indexed{index=42, entry=KeepAliveEntry{term=1, timestamp=2018-06-09 02:55:21,154, sessionIds=long[]{length=1, hash=33}, commandSequences=long[]{length=1, hash=64}, eventIndexes=long[]{length=1, hash=33}}}
02:55:21.474 [raft-server-1-state] TRACE i.a.p.raft.impl.RaftServiceManager - RaftServer{1} - Applying Indexed{index=43, entry=CommandEntry{term=1, timestamp=2018-06-09 02:55:21,155, session=2, sequence=35, operation=PrimitiveOperation{id=DefaultOperationId{id=write, type=COMMAND}, value=byte[]{length=17, hash=-1644578928}}}}
02:55:21.474 [raft-server-1] TRACE i.a.protocols.raft.roles.LeaderRole - RaftServer{1}{role=LEADER} - Sending KeepAliveResponse{status=OK, leader=1, members=[1, 3, 2], sessionIds=long[]{length=1, hash=33}}
02:55:21.474 [raft-server-1-state] TRACE i.a.p.s.impl.DefaultServiceExecutor - PrimitiveService{2}{type=io.atomix.protocols.raft.RaftTest$TestPrimitiveType@60cd3cc, name=raft-test} - Executing DefaultCommit{index=43, session=RaftSession{RaftServiceContext{server=1, type=io.atomix.protocols.raft.RaftTest$TestPrimitiveType@60cd3cc, name=raft-test, id=2}, session=2, timestamp=2018-06-09 02:55:21,155}, time=2018-06-09 02:55:21,155, operation=DefaultOperationId{id=write, type=COMMAND}, value=byte[]{length=17, hash=-1644578928}}
02:55:21.474 [raft-server-1-state] TRACE i.a.protocols.raft.roles.LeaderRole - RaftServer{1}{role=LEADER} - Sending CommandResponse{status=OK, index=43, eventIndex=2, result=byte[]{length=2, hash=1326}}
02:55:21.474 [raft-client-6c0a1bb2-986e-47f7-86e2-6a736c947544-2] TRACE i.a.p.r.p.impl.RaftProxyConnection - ProxySession{2}{type=io.atomix.protocols.raft.RaftTest$TestPrimitiveType@35bfa1bb, name=raft-test} - Received CommandResponse{status=OK, index=43, eventIndex=2, result=byte[]{length=2, hash=1326}} from 1
02:55:21.474 [raft-client-6c0a1bb2-986e-47f7-86e2-6a736c947544-2] TRACE i.a.p.r.p.impl.RaftProxySequencer - ProxySession{2}{type=io.atomix.protocols.raft.RaftTest$TestPrimitiveType@35bfa1bb, name=raft-test} - Completing response CommandResponse{status=OK, index=43, eventIndex=2, result=byte[]{length=2, hash=1326}}
02:55:21.474 [raft-client-6c0a1bb2-986e-47f7-86e2-6a736c947544-3] TRACE i.a.p.r.p.impl.RaftProxyConnection - ProxySession{2}{type=io.atomix.protocols.raft.RaftTest$TestPrimitiveType@35bfa1bb, name=raft-test} - Sending CommandRequest{session=2, sequence=36, operation=PrimitiveOperation{id=DefaultOperationId{id=write, type=COMMAND}, value=byte[]{length=17, hash=-1644578928}}} to 1
02:55:21.474 [raft-server-1] TRACE i.a.protocols.raft.roles.LeaderRole - RaftServer{1}{role=LEADER} - Received CommandRequest{session=2, sequence=36, operation=PrimitiveOperation{id=DefaultOperationId{id=write, type=COMMAND}, value=byte[]{length=17, hash=-1644578928}}}
02:55:21.475 [raft-server-1] TRACE i.a.protocols.raft.roles.LeaderRole - RaftServer{1}{role=LEADER} - Appended Indexed{index=44, entry=CommandEntry{term=1, timestamp=2018-06-09 02:55:21,474, session=2, sequence=36, operation=PrimitiveOperation{id=DefaultOperationId{id=write, type=COMMAND}, value=byte[]{length=17, hash=-1644578928}}}}
02:55:21.598 [raft-server-3] TRACE i.a.p.raft.roles.FollowerRole - RaftServer{3}{role=FOLLOWER} - Committed entries up to index 43
02:55:21.598 [raft-server-2] TRACE i.a.p.raft.roles.FollowerRole - RaftServer{2}{role=FOLLOWER} - Committed entries up to index 43
02:55:21.598 [raft-server-3] TRACE i.a.p.raft.roles.FollowerRole - RaftServer{3}{role=FOLLOWER} - Sending AppendResponse{status=OK, term=1, succeeded=true, lastLogIndex=43}
02:55:21.598 [raft-server-2] TRACE i.a.p.raft.roles.FollowerRole - RaftServer{2}{role=FOLLOWER} - Sending AppendResponse{status=OK, term=1, succeeded=true, lastLogIndex=43}
02:55:21.598 [raft-server-1] TRACE i.a.p.raft.roles.LeaderAppender - RaftServer{1} - Received AppendResponse{status=OK, term=1, succeeded=true, lastLogIndex=43} from 3
02:55:21.598 [raft-server-2] TRACE i.a.p.raft.roles.FollowerRole - RaftServer{2}{role=FOLLOWER} - Sending KeepAliveResponse{status=OK, leader=1, members=[1, 3, 2], sessionIds=long[]{length=1, hash=33}}
02:55:21.598 [raft-server-3-state] TRACE i.a.p.raft.impl.RaftServiceManager - RaftServer{3} - Applying Indexed{index=42, entry=KeepAliveEntry{term=1, timestamp=2018-06-09 02:55:21,154, sessionIds=long[]{length=1, hash=33}, commandSequences=long[]{length=1, hash=64}, eventIndexes=long[]{length=1, hash=33}}}
02:55:21.598 [raft-server-1] TRACE i.a.p.raft.roles.LeaderAppender - RaftServer{1} - Sending AppendRequest{term=1, leader=1, prevLogIndex=43, prevLogTerm=1, entries=1, commitIndex=43} to 3
02:55:21.598 [raft-client-6c0a1bb2-986e-47f7-86e2-6a736c947544-0] TRACE i.a.p.r.p.impl.RaftProxyConnection - RaftClient{6c0a1bb2-986e-47f7-86e2-6a736c947544} - Received KeepAliveResponse{status=OK, leader=1, members=[1, 3, 2], sessionIds=long[]{length=1, hash=33}} from 2
02:55:21.598 [raft-server-2-state] TRACE i.a.p.raft.impl.RaftServiceManager - RaftServer{2} - Applying Indexed{index=42, entry=KeepAliveEntry{term=1, timestamp=2018-06-09 02:55:21,154, sessionIds=long[]{length=1, hash=33}, commandSequences=long[]{length=1, hash=64}, eventIndexes=long[]{length=1, hash=33}}}
02:55:21.599 [raft-server-3] TRACE i.a.p.raft.roles.FollowerRole - RaftServer{3}{role=FOLLOWER} - Received AppendRequest{term=1, leader=1, prevLogIndex=43, prevLogTerm=1, entries=1, commitIndex=43}
02:55:21.599 [raft-server-3-state] TRACE i.a.p.raft.impl.RaftServiceManager - RaftServer{3} - Applying Indexed{index=43, entry=CommandEntry{term=1, timestamp=2018-06-09 02:55:21,155, session=2, sequence=35, operation=PrimitiveOperation{id=DefaultOperationId{id=write, type=COMMAND}, value=byte[]{length=17, hash=-1644578928}}}}
02:55:21.599 [raft-server-1] TRACE i.a.p.raft.roles.LeaderAppender - RaftServer{1} - Sending AppendRequest{term=1, leader=1, prevLogIndex=43, prevLogTerm=1, entries=1, commitIndex=43} to 2
02:55:21.599 [raft-server-2-state] TRACE i.a.p.raft.impl.RaftServiceManager - RaftServer{2} - Applying Indexed{index=43, entry=CommandEntry{term=1, timestamp=2018-06-09 02:55:21,155, session=2, sequence=35, operation=PrimitiveOperation{id=DefaultOperationId{id=write, type=COMMAND}, value=byte[]{length=17, hash=-1644578928}}}}
02:55:21.599 [raft-server-3-state] TRACE i.a.p.s.impl.DefaultServiceExecutor - PrimitiveService{2}{type=io.atomix.protocols.raft.RaftTest$TestPrimitiveType@34b8c602, name=raft-test} - Executing DefaultCommit{index=43, session=RaftSession{RaftServiceContext{server=3, type=io.atomix.protocols.raft.RaftTest$TestPrimitiveType@34b8c602, name=raft-test, id=2}, session=2, timestamp=2018-06-09 02:55:21,155}, time=2018-06-09 02:55:21,155, operation=DefaultOperationId{id=write, type=COMMAND}, value=byte[]{length=17, hash=-1644578928}}
02:55:21.599 [raft-server-2] TRACE i.a.p.raft.roles.FollowerRole - RaftServer{2}{role=FOLLOWER} - Received AppendRequest{term=1, leader=1, prevLogIndex=43, prevLogTerm=1, entries=1, commitIndex=43}
02:55:21.599 [raft-server-1] TRACE i.a.p.raft.roles.LeaderAppender - RaftServer{1} - Received AppendResponse{status=OK, term=1, succeeded=true, lastLogIndex=43} from 2
02:55:21.599 [raft-server-3] TRACE i.a.p.raft.roles.FollowerRole - RaftServer{3}{role=FOLLOWER} - Appended Indexed{index=44, entry=CommandEntry{term=1, timestamp=2018-06-09 02:55:21,474, session=2, sequence=36, operation=PrimitiveOperation{id=DefaultOperationId{id=write, type=COMMAND}, value=byte[]{length=17, hash=-1644578928}}}}
02:55:21.599 [raft-server-2-state] TRACE i.a.p.s.impl.DefaultServiceExecutor - PrimitiveService{2}{type=io.atomix.protocols.raft.RaftTest$TestPrimitiveType@21189677, name=raft-test} - Executing DefaultCommit{index=43, session=RaftSession{RaftServiceContext{server=2, type=io.atomix.protocols.raft.RaftTest$TestPrimitiveType@21189677, name=raft-test, id=2}, session=2, timestamp=2018-06-09 02:55:21,155}, time=2018-06-09 02:55:21,155, operation=DefaultOperationId{id=write, type=COMMAND}, value=byte[]{length=17, hash=-1644578928}}
02:55:21.599 [raft-server-3] TRACE i.a.p.raft.roles.FollowerRole - RaftServer{3}{role=FOLLOWER} - Sending AppendResponse{status=OK, term=1, succeeded=true, lastLogIndex=44}
02:55:21.599 [raft-server-2] TRACE i.a.p.raft.roles.FollowerRole - RaftServer{2}{role=FOLLOWER} - Appended Indexed{index=44, entry=CommandEntry{term=1, timestamp=2018-06-09 02:55:21,474, session=2, sequence=36, operation=PrimitiveOperation{id=DefaultOperationId{id=write, type=COMMAND}, value=byte[]{length=17, hash=-1644578928}}}}
02:55:21.599 [raft-server-1] TRACE i.a.p.raft.roles.LeaderAppender - RaftServer{1} - Received AppendResponse{status=OK, term=1, succeeded=true, lastLogIndex=44} from 3
02:55:21.599 [raft-server-2] TRACE i.a.p.raft.roles.FollowerRole - RaftServer{2}{role=FOLLOWER} - Sending AppendResponse{status=OK, term=1, succeeded=true, lastLogIndex=44}
02:55:21.599 [raft-server-1] TRACE i.a.p.raft.roles.LeaderAppender - RaftServer{1} - Committed entries up to 44
02:55:21.686 [raft-server-1] TRACE i.a.p.raft.roles.LeaderAppender - RaftServer{1} - Received AppendResponse{status=OK, term=1, succeeded=true, lastLogIndex=44} from 2
02:55:21.686 [raft-server-1-state] TRACE i.a.p.raft.impl.RaftServiceManager - RaftServer{1} - Applying Indexed{index=44, entry=CommandEntry{term=1, timestamp=2018-06-09 02:55:21,474, session=2, sequence=36, operation=PrimitiveOperation{id=DefaultOperationId{id=write, type=COMMAND}, value=byte[]{length=17, hash=-1644578928}}}}
02:55:21.686 [raft-server-1-state] TRACE i.a.p.s.impl.DefaultServiceExecutor - PrimitiveService{2}{type=io.atomix.protocols.raft.RaftTest$TestPrimitiveType@60cd3cc, name=raft-test} - Executing DefaultCommit{index=44, session=RaftSession{RaftServiceContext{server=1, type=io.atomix.protocols.raft.RaftTest$TestPrimitiveType@60cd3cc, name=raft-test, id=2}, session=2, timestamp=2018-06-09 02:55:21,474}, time=2018-06-09 02:55:21,474, operation=DefaultOperationId{id=write, type=COMMAND}, value=byte[]{length=17, hash=-1644578928}}
02:55:21.686 [raft-server-1-state] TRACE i.a.protocols.raft.roles.LeaderRole - RaftServer{1}{role=LEADER} - Sending CommandResponse{status=OK, index=44, eventIndex=2, result=byte[]{length=2, hash=1328}}
02:55:21.686 [raft-client-6c0a1bb2-986e-47f7-86e2-6a736c947544-5] TRACE i.a.p.r.p.impl.RaftProxyConnection - ProxySession{2}{type=io.atomix.protocols.raft.RaftTest$TestPrimitiveType@35bfa1bb, name=raft-test} - Received CommandResponse{status=OK, index=44, eventIndex=2, result=byte[]{length=2, hash=1328}} from 1
02:55:21.686 [raft-client-6c0a1bb2-986e-47f7-86e2-6a736c947544-5] TRACE i.a.p.r.p.impl.RaftProxySequencer - ProxySession{2}{type=io.atomix.protocols.raft.RaftTest$TestPrimitiveType@35bfa1bb, name=raft-test} - Completing response CommandResponse{status=OK, index=44, eventIndex=2, result=byte[]{length=2, hash=1328}}
02:55:21.687 [raft-client-6c0a1bb2-986e-47f7-86e2-6a736c947544-5] TRACE i.a.p.r.p.impl.RaftProxyConnection - ProxySession{2}{type=io.atomix.protocols.raft.RaftTest$TestPrimitiveType@35bfa1bb, name=raft-test} - Sending CommandRequest{session=2, sequence=37, operation=PrimitiveOperation{id=DefaultOperationId{id=write, type=COMMAND}, value=byte[]{length=17, hash=-1644578928}}} to 1
02:55:21.687 [raft-server-1] TRACE i.a.protocols.raft.roles.LeaderRole - RaftServer{1}{role=LEADER} - Received CommandRequest{session=2, sequence=37, operation=PrimitiveOperation{id=DefaultOperationId{id=write, type=COMMAND}, value=byte[]{length=17, hash=-1644578928}}}
02:55:21.687 [raft-server-1] TRACE i.a.protocols.raft.roles.LeaderRole - RaftServer{1}{role=LEADER} - Appended Indexed{index=45, entry=CommandEntry{term=1, timestamp=2018-06-09 02:55:21,687, session=2, sequence=37, operation=PrimitiveOperation{id=DefaultOperationId{id=write, type=COMMAND}, value=byte[]{length=17, hash=-1644578928}}}}
02:55:21.687 [raft-server-1] TRACE i.a.p.raft.roles.LeaderAppender - RaftServer{1} - Sending AppendRequest{term=1, leader=1, prevLogIndex=44, prevLogTerm=1, entries=1, commitIndex=44} to 3
02:55:21.687 [raft-server-1] TRACE i.a.p.raft.roles.LeaderAppender - RaftServer{1} - Sending AppendRequest{term=1, leader=1, prevLogIndex=44, prevLogTerm=1, entries=1, commitIndex=44} to 2
02:55:21.687 [raft-server-3] TRACE i.a.p.raft.roles.FollowerRole - RaftServer{3}{role=FOLLOWER} - Received AppendRequest{term=1, leader=1, prevLogIndex=44, prevLogTerm=1, entries=1, commitIndex=44}
02:55:21.687 [raft-server-2] TRACE i.a.p.raft.roles.FollowerRole - RaftServer{2}{role=FOLLOWER} - Received AppendRequest{term=1, leader=1, prevLogIndex=44, prevLogTerm=1, entries=1, commitIndex=44}
02:55:21.687 [raft-server-3] TRACE i.a.p.raft.roles.FollowerRole - RaftServer{3}{role=FOLLOWER} - Appended Indexed{index=45, entry=CommandEntry{term=1, timestamp=2018-06-09 02:55:21,687, session=2, sequence=37, operation=PrimitiveOperation{id=DefaultOperationId{id=write, type=COMMAND}, value=byte[]{length=17, hash=-1644578928}}}}
02:55:21.687 [raft-server-2] TRACE i.a.p.raft.roles.FollowerRole - RaftServer{2}{role=FOLLOWER} - Appended Indexed{index=45, entry=CommandEntry{term=1, timestamp=2018-06-09 02:55:21,687, session=2, sequence=37, operation=PrimitiveOperation{id=DefaultOperationId{id=write, type=COMMAND}, value=byte[]{length=17, hash=-1644578928}}}}
02:55:21.790 [raft-server-3] TRACE i.a.p.raft.roles.FollowerRole - RaftServer{3}{role=FOLLOWER} - Committed entries up to index 44
02:55:21.790 [raft-server-2] TRACE i.a.p.raft.roles.FollowerRole - RaftServer{2}{role=FOLLOWER} - Committed entries up to index 44
02:55:21.790 [raft-server-3] TRACE i.a.p.raft.roles.FollowerRole - RaftServer{3}{role=FOLLOWER} - Sending AppendResponse{status=OK, term=1, succeeded=true, lastLogIndex=45}
02:55:21.790 [raft-server-2] TRACE i.a.p.raft.roles.FollowerRole - RaftServer{2}{role=FOLLOWER} - Sending AppendResponse{status=OK, term=1, succeeded=true, lastLogIndex=45}
02:55:21.790 [raft-server-1] TRACE i.a.p.raft.roles.LeaderAppender - RaftServer{1} - Received AppendResponse{status=OK, term=1, succeeded=true, lastLogIndex=45} from 3
02:55:21.790 [raft-server-1] TRACE i.a.p.raft.roles.LeaderAppender - RaftServer{1} - Committed entries up to 45
02:55:21.790 [raft-server-2-state] TRACE i.a.p.raft.impl.RaftServiceManager - RaftServer{2} - Applying Indexed{index=44, entry=CommandEntry{term=1, timestamp=2018-06-09 02:55:21,474, session=2, sequence=36, operation=PrimitiveOperation{id=DefaultOperationId{id=write, type=COMMAND}, value=byte[]{length=17, hash=-1644578928}}}}
02:55:21.790 [raft-server-3-state] TRACE i.a.p.raft.impl.RaftServiceManager - RaftServer{3} - Applying Indexed{index=44, entry=CommandEntry{term=1, timestamp=2018-06-09 02:55:21,474, session=2, sequence=36, operation=PrimitiveOperation{id=DefaultOperationId{id=write, type=COMMAND}, value=byte[]{length=17, hash=-1644578928}}}}
02:55:21.790 [raft-server-2-state] TRACE i.a.p.s.impl.DefaultServiceExecutor - PrimitiveService{2}{type=io.atomix.protocols.raft.RaftTest$TestPrimitiveType@21189677, name=raft-test} - Executing DefaultCommit{index=44, session=RaftSession{RaftServiceContext{server=2, type=io.atomix.protocols.raft.RaftTest$TestPrimitiveType@21189677, name=raft-test, id=2}, session=2, timestamp=2018-06-09 02:55:21,474}, time=2018-06-09 02:55:21,474, operation=DefaultOperationId{id=write, type=COMMAND}, value=byte[]{length=17, hash=-1644578928}}
02:55:21.790 [raft-server-3-state] TRACE i.a.p.s.impl.DefaultServiceExecutor - PrimitiveService{2}{type=io.atomix.protocols.raft.RaftTest$TestPrimitiveType@34b8c602, name=raft-test} - Executing DefaultCommit{index=44, session=RaftSession{RaftServiceContext{server=3, type=io.atomix.protocols.raft.RaftTest$TestPrimitiveType@34b8c602, name=raft-test, id=2}, session=2, timestamp=2018-06-09 02:55:21,474}, time=2018-06-09 02:55:21,474, operation=DefaultOperationId{id=write, type=COMMAND}, value=byte[]{length=17, hash=-1644578928}}
02:55:21.890 [raft-server-1] TRACE i.a.p.raft.roles.LeaderAppender - RaftServer{1} - Sending AppendRequest{term=1, leader=1, prevLogIndex=45, prevLogTerm=1, entries=0, commitIndex=45} to 3
02:55:21.890 [raft-server-1] TRACE i.a.p.raft.roles.LeaderAppender - RaftServer{1} - Received AppendResponse{status=OK, term=1, succeeded=true, lastLogIndex=45} from 2
02:55:21.891 [raft-server-1] TRACE i.a.p.raft.roles.LeaderAppender - RaftServer{1} - Sending AppendRequest{term=1, leader=1, prevLogIndex=45, prevLogTerm=1, entries=0, commitIndex=45} to 2
02:55:21.891 [raft-server-3] TRACE i.a.p.raft.roles.FollowerRole - RaftServer{3}{role=FOLLOWER} - Received AppendRequest{term=1, leader=1, prevLogIndex=45, prevLogTerm=1, entries=0, commitIndex=45}
02:55:21.891 [raft-server-2] TRACE i.a.p.raft.roles.FollowerRole - RaftServer{2}{role=FOLLOWER} - Received AppendRequest{term=1, leader=1, prevLogIndex=45, prevLogTerm=1, entries=0, commitIndex=45}
02:55:21.891 [raft-server-1-state] TRACE i.a.p.raft.impl.RaftServiceManager - RaftServer{1} - Applying Indexed{index=45, entry=CommandEntry{term=1, timestamp=2018-06-09 02:55:21,687, session=2, sequence=37, operation=PrimitiveOperation{id=DefaultOperationId{id=write, type=COMMAND}, value=byte[]{length=17, hash=-1644578928}}}}
02:55:21.891 [raft-server-2] TRACE i.a.p.raft.roles.FollowerRole - RaftServer{2}{role=FOLLOWER} - Committed entries up to index 45
02:55:21.891 [raft-server-2] TRACE i.a.p.raft.roles.FollowerRole - RaftServer{2}{role=FOLLOWER} - Sending AppendResponse{status=OK, term=1, succeeded=true, lastLogIndex=45}
02:55:21.891 [raft-server-1-state] TRACE i.a.p.s.impl.DefaultServiceExecutor - PrimitiveService{2}{type=io.atomix.protocols.raft.RaftTest$TestPrimitiveType@60cd3cc, name=raft-test} - Executing DefaultCommit{index=45, session=RaftSession{RaftServiceContext{server=1, type=io.atomix.protocols.raft.RaftTest$TestPrimitiveType@60cd3cc, name=raft-test, id=2}, session=2, timestamp=2018-06-09 02:55:21,687}, time=2018-06-09 02:55:21,687, operation=DefaultOperationId{id=write, type=COMMAND}, value=byte[]{length=17, hash=-1644578928}}
02:55:21.891 [raft-server-1] TRACE i.a.p.raft.roles.LeaderAppender - RaftServer{1} - Received AppendResponse{status=OK, term=1, succeeded=true, lastLogIndex=45} from 2
02:55:21.891 [raft-server-2-state] TRACE i.a.p.raft.impl.RaftServiceManager - RaftServer{2} - Applying Indexed{index=45, entry=CommandEntry{term=1, timestamp=2018-06-09 02:55:21,687, session=2, sequence=37, operation=PrimitiveOperation{id=DefaultOperationId{id=write, type=COMMAND}, value=byte[]{length=17, hash=-1644578928}}}}
02:55:21.891 [raft-server-1-state] TRACE i.a.protocols.raft.roles.LeaderRole - RaftServer{1}{role=LEADER} - Sending CommandResponse{status=OK, index=45, eventIndex=2, result=byte[]{length=2, hash=1330}}
02:55:21.891 [raft-server-2-state] TRACE i.a.p.s.impl.DefaultServiceExecutor - PrimitiveService{2}{type=io.atomix.protocols.raft.RaftTest$TestPrimitiveType@21189677, name=raft-test} - Executing DefaultCommit{index=45, session=RaftSession{RaftServiceContext{server=2, type=io.atomix.protocols.raft.RaftTest$TestPrimitiveType@21189677, name=raft-test, id=2}, session=2, timestamp=2018-06-09 02:55:21,687}, time=2018-06-09 02:55:21,687, operation=DefaultOperationId{id=write, type=COMMAND}, value=byte[]{length=17, hash=-1644578928}}
02:55:21.891 [raft-client-6c0a1bb2-986e-47f7-86e2-6a736c947544-0] TRACE i.a.p.r.p.impl.RaftProxyConnection - ProxySession{2}{type=io.atomix.protocols.raft.RaftTest$TestPrimitiveType@35bfa1bb, name=raft-test} - Received CommandResponse{status=OK, index=45, eventIndex=2, result=byte[]{length=2, hash=1330}} from 1
02:55:21.891 [raft-client-6c0a1bb2-986e-47f7-86e2-6a736c947544-0] TRACE i.a.p.r.p.impl.RaftProxySequencer - ProxySession{2}{type=io.atomix.protocols.raft.RaftTest$TestPrimitiveType@35bfa1bb, name=raft-test} - Completing response CommandResponse{status=OK, index=45, eventIndex=2, result=byte[]{length=2, hash=1330}}
02:55:21.892 [raft-client-6c0a1bb2-986e-47f7-86e2-6a736c947544-6] TRACE i.a.p.r.p.impl.RaftProxyConnection - ProxySession{2}{type=io.atomix.protocols.raft.RaftTest$TestPrimitiveType@35bfa1bb, name=raft-test} - Sending CommandRequest{session=2, sequence=38, operation=PrimitiveOperation{id=DefaultOperationId{id=write, type=COMMAND}, value=byte[]{length=17, hash=-1644578928}}} to 1
02:55:21.892 [raft-server-1] TRACE i.a.protocols.raft.roles.LeaderRole - RaftServer{1}{role=LEADER} - Received CommandRequest{session=2, sequence=38, operation=PrimitiveOperation{id=DefaultOperationId{id=write, type=COMMAND}, value=byte[]{length=17, hash=-1644578928}}}
02:55:21.892 [raft-server-1] TRACE i.a.protocols.raft.roles.LeaderRole - RaftServer{1}{role=LEADER} - Appended Indexed{index=46, entry=CommandEntry{term=1, timestamp=2018-06-09 02:55:21,892, session=2, sequence=38, operation=PrimitiveOperation{id=DefaultOperationId{id=write, type=COMMAND}, value=byte[]{length=17, hash=-1644578928}}}}
02:55:21.892 [raft-server-1] TRACE i.a.p.raft.roles.LeaderAppender - RaftServer{1} - Sending AppendRequest{term=1, leader=1, prevLogIndex=45, prevLogTerm=1, entries=1, commitIndex=45} to 2
02:55:21.892 [raft-server-2] TRACE i.a.p.raft.roles.FollowerRole - RaftServer{2}{role=FOLLOWER} - Received AppendRequest{term=1, leader=1, prevLogIndex=45, prevLogTerm=1, entries=1, commitIndex=45}
02:55:21.892 [raft-server-2] TRACE i.a.p.raft.roles.FollowerRole - RaftServer{2}{role=FOLLOWER} - Appended Indexed{index=46, entry=CommandEntry{term=1, timestamp=2018-06-09 02:55:21,892, session=2, sequence=38, operation=PrimitiveOperation{id=DefaultOperationId{id=write, type=COMMAND}, value=byte[]{length=17, hash=-1644578928}}}}
02:55:21.892 [raft-server-2] TRACE i.a.p.raft.roles.FollowerRole - RaftServer{2}{role=FOLLOWER} - Sending AppendResponse{status=OK, term=1, succeeded=true, lastLogIndex=46}
02:55:21.892 [raft-server-1] TRACE i.a.p.raft.roles.LeaderAppender - RaftServer{1} - Received AppendResponse{status=OK, term=1, succeeded=true, lastLogIndex=46} from 2
02:55:21.892 [raft-server-1] TRACE i.a.p.raft.roles.LeaderAppender - RaftServer{1} - Committed entries up to 46
02:55:21.986 [raft-server-3] TRACE i.a.p.raft.roles.FollowerRole - RaftServer{3}{role=FOLLOWER} - Committed entries up to index 45
02:55:21.986 [raft-server-3] TRACE i.a.p.raft.roles.FollowerRole - RaftServer{3}{role=FOLLOWER} - Sending AppendResponse{status=OK, term=1, succeeded=true, lastLogIndex=45}
02:55:21.986 [raft-server-3-state] TRACE i.a.p.raft.impl.RaftServiceManager - RaftServer{3} - Applying Indexed{index=45, entry=CommandEntry{term=1, timestamp=2018-06-09 02:55:21,687, session=2, sequence=37, operation=PrimitiveOperation{id=DefaultOperationId{id=write, type=COMMAND}, value=byte[]{length=17, hash=-1644578928}}}}
02:55:21.986 [raft-server-3-state] TRACE i.a.p.s.impl.DefaultServiceExecutor - PrimitiveService{2}{type=io.atomix.protocols.raft.RaftTest$TestPrimitiveType@34b8c602, name=raft-test} - Executing DefaultCommit{index=45, session=RaftSession{RaftServiceContext{server=3, type=io.atomix.protocols.raft.RaftTest$TestPrimitiveType@34b8c602, name=raft-test, id=2}, session=2, timestamp=2018-06-09 02:55:21,687}, time=2018-06-09 02:55:21,687, operation=DefaultOperationId{id=write, type=COMMAND}, value=byte[]{length=17, hash=-1644578928}}
02:55:22.078 [raft-server-1] TRACE i.a.p.raft.roles.LeaderAppender - RaftServer{1} - Sending AppendRequest{term=1, leader=1, prevLogIndex=45, prevLogTerm=1, entries=1, commitIndex=46} to 3
02:55:22.078 [raft-server-3] TRACE i.a.p.raft.roles.FollowerRole - RaftServer{3}{role=FOLLOWER} - Received AppendRequest{term=1, leader=1, prevLogIndex=45, prevLogTerm=1, entries=1, commitIndex=46}
02:55:22.078 [raft-server-1] TRACE i.a.p.raft.roles.LeaderAppender - RaftServer{1} - Sending AppendRequest{term=1, leader=1, prevLogIndex=46, prevLogTerm=1, entries=0, commitIndex=46} to 2
02:55:22.078 [raft-server-1] TRACE i.a.p.raft.roles.LeaderAppender - RaftServer{1} - Received AppendResponse{status=OK, term=1, succeeded=true, lastLogIndex=45} from 3
02:55:22.078 [raft-server-2] TRACE i.a.p.raft.roles.FollowerRole - RaftServer{2}{role=FOLLOWER} - Received AppendRequest{term=1, leader=1, prevLogIndex=46, prevLogTerm=1, entries=0, commitIndex=46}
02:55:22.078 [raft-server-3] TRACE i.a.p.raft.roles.FollowerRole - RaftServer{3}{role=FOLLOWER} - Appended Indexed{index=46, entry=CommandEntry{term=1, timestamp=2018-06-09 02:55:21,892, session=2, sequence=38, operation=PrimitiveOperation{id=DefaultOperationId{id=write, type=COMMAND}, value=byte[]{length=17, hash=-1644578928}}}}
02:55:22.078 [raft-server-1-state] TRACE i.a.p.raft.impl.RaftServiceManager - RaftServer{1} - Applying Indexed{index=46, entry=CommandEntry{term=1, timestamp=2018-06-09 02:55:21,892, session=2, sequence=38, operation=PrimitiveOperation{id=DefaultOperationId{id=write, type=COMMAND}, value=byte[]{length=17, hash=-1644578928}}}}
02:55:22.078 [raft-server-1-state] TRACE i.a.p.s.impl.DefaultServiceExecutor - PrimitiveService{2}{type=io.atomix.protocols.raft.RaftTest$TestPrimitiveType@60cd3cc, name=raft-test} - Executing DefaultCommit{index=46, session=RaftSession{RaftServiceContext{server=1, type=io.atomix.protocols.raft.RaftTest$TestPrimitiveType@60cd3cc, name=raft-test, id=2}, session=2, timestamp=2018-06-09 02:55:21,892}, time=2018-06-09 02:55:21,892, operation=DefaultOperationId{id=write, type=COMMAND}, value=byte[]{length=17, hash=-1644578928}}
02:55:22.079 [raft-server-1-state] TRACE i.a.protocols.raft.roles.LeaderRole - RaftServer{1}{role=LEADER} - Sending CommandResponse{status=OK, index=46, eventIndex=2, result=byte[]{length=2, hash=1332}}
02:55:22.079 [raft-client-6c0a1bb2-986e-47f7-86e2-6a736c947544-3] TRACE i.a.p.r.p.impl.RaftProxyConnection - ProxySession{2}{type=io.atomix.protocols.raft.RaftTest$TestPrimitiveType@35bfa1bb, name=raft-test} - Received CommandResponse{status=OK, index=46, eventIndex=2, result=byte[]{length=2, hash=1332}} from 1
02:55:22.079 [raft-client-6c0a1bb2-986e-47f7-86e2-6a736c947544-3] TRACE i.a.p.r.p.impl.RaftProxySequencer - ProxySession{2}{type=io.atomix.protocols.raft.RaftTest$TestPrimitiveType@35bfa1bb, name=raft-test} - Completing response CommandResponse{status=OK, index=46, eventIndex=2, result=byte[]{length=2, hash=1332}}
02:55:22.079 [raft-client-6c0a1bb2-986e-47f7-86e2-6a736c947544-3] TRACE i.a.p.r.p.impl.RaftProxyConnection - ProxySession{2}{type=io.atomix.protocols.raft.RaftTest$TestPrimitiveType@35bfa1bb, name=raft-test} - Sending CommandRequest{session=2, sequence=39, operation=PrimitiveOperation{id=DefaultOperationId{id=write, type=COMMAND}, value=byte[]{length=17, hash=-1644578928}}} to 1
02:55:22.079 [raft-server-1] TRACE i.a.protocols.raft.roles.LeaderRole - RaftServer{1}{role=LEADER} - Received CommandRequest{session=2, sequence=39, operation=PrimitiveOperation{id=DefaultOperationId{id=write, type=COMMAND}, value=byte[]{length=17, hash=-1644578928}}}
02:55:22.079 [raft-server-1] TRACE i.a.protocols.raft.roles.LeaderRole - RaftServer{1}{role=LEADER} - Appended Indexed{index=47, entry=CommandEntry{term=1, timestamp=2018-06-09 02:55:22,079, session=2, sequence=39, operation=PrimitiveOperation{id=DefaultOperationId{id=write, type=COMMAND}, value=byte[]{length=17, hash=-1644578928}}}}
02:55:22.173 [raft-server-2] TRACE i.a.p.raft.roles.FollowerRole - RaftServer{2}{role=FOLLOWER} - Committed entries up to index 46
02:55:22.173 [raft-server-3] TRACE i.a.p.raft.roles.FollowerRole - RaftServer{3}{role=FOLLOWER} - Committed entries up to index 46
02:55:22.173 [raft-server-2] TRACE i.a.p.raft.roles.FollowerRole - RaftServer{2}{role=FOLLOWER} - Sending AppendResponse{status=OK, term=1, succeeded=true, lastLogIndex=46}
02:55:22.173 [raft-server-3] TRACE i.a.p.raft.roles.FollowerRole - RaftServer{3}{role=FOLLOWER} - Sending AppendResponse{status=OK, term=1, succeeded=true, lastLogIndex=46}
02:55:22.173 [raft-server-1] TRACE i.a.p.raft.roles.LeaderAppender - RaftServer{1} - Received AppendResponse{status=OK, term=1, succeeded=true, lastLogIndex=46} from 2
02:55:22.173 [raft-server-1] TRACE i.a.p.raft.roles.LeaderAppender - RaftServer{1} - Sending AppendRequest{term=1, leader=1, prevLogIndex=46, prevLogTerm=1, entries=1, commitIndex=46} to 2
02:55:22.173 [raft-server-2-state] TRACE i.a.p.raft.impl.RaftServiceManager - RaftServer{2} - Applying Indexed{index=46, entry=CommandEntry{term=1, timestamp=2018-06-09 02:55:21,892, session=2, sequence=38, operation=PrimitiveOperation{id=DefaultOperationId{id=write, type=COMMAND}, value=byte[]{length=17, hash=-1644578928}}}}
02:55:22.173 [raft-server-3-state] TRACE i.a.p.raft.impl.RaftServiceManager - RaftServer{3} - Applying Indexed{index=46, entry=CommandEntry{term=1, timestamp=2018-06-09 02:55:21,892, session=2, sequence=38, operation=PrimitiveOperation{id=DefaultOperationId{id=write, type=COMMAND}, value=byte[]{length=17, hash=-1644578928}}}}
02:55:22.174 [raft-server-1] TRACE i.a.p.raft.roles.LeaderAppender - RaftServer{1} - Sending AppendRequest{term=1, leader=1, prevLogIndex=46, prevLogTerm=1, entries=1, commitIndex=46} to 3
02:55:22.174 [raft-server-2-state] TRACE i.a.p.s.impl.DefaultServiceExecutor - PrimitiveService{2}{type=io.atomix.protocols.raft.RaftTest$TestPrimitiveType@21189677, name=raft-test} - Executing DefaultCommit{index=46, session=RaftSession{RaftServiceContext{server=2, type=io.atomix.protocols.raft.RaftTest$TestPrimitiveType@21189677, name=raft-test, id=2}, session=2, timestamp=2018-06-09 02:55:21,892}, time=2018-06-09 02:55:21,892, operation=DefaultOperationId{id=write, type=COMMAND}, value=byte[]{length=17, hash=-1644578928}}
02:55:22.174 [raft-server-3-state] TRACE i.a.p.s.impl.DefaultServiceExecutor - PrimitiveService{2}{type=io.atomix.protocols.raft.RaftTest$TestPrimitiveType@34b8c602, name=raft-test} - Executing DefaultCommit{index=46, session=RaftSession{RaftServiceContext{server=3, type=io.atomix.protocols.raft.RaftTest$TestPrimitiveType@34b8c602, name=raft-test, id=2}, session=2, timestamp=2018-06-09 02:55:21,892}, time=2018-06-09 02:55:21,892, operation=DefaultOperationId{id=write, type=COMMAND}, value=byte[]{length=17, hash=-1644578928}}
02:55:22.174 [raft-server-2] TRACE i.a.p.raft.roles.FollowerRole - RaftServer{2}{role=FOLLOWER} - Received AppendRequest{term=1, leader=1, prevLogIndex=46, prevLogTerm=1, entries=1, commitIndex=46}
02:55:22.174 [raft-server-3] TRACE i.a.p.raft.roles.FollowerRole - RaftServer{3}{role=FOLLOWER} - Received AppendRequest{term=1, leader=1, prevLogIndex=46, prevLogTerm=1, entries=1, commitIndex=46}
02:55:22.174 [raft-server-1] TRACE i.a.p.raft.roles.LeaderAppender - RaftServer{1} - Received AppendResponse{status=OK, term=1, succeeded=true, lastLogIndex=46} from 3
02:55:22.174 [raft-server-2] TRACE i.a.p.raft.roles.FollowerRole - RaftServer{2}{role=FOLLOWER} - Appended Indexed{index=47, entry=CommandEntry{term=1, timestamp=2018-06-09 02:55:22,079, session=2, sequence=39, operation=PrimitiveOperation{id=DefaultOperationId{id=write, type=COMMAND}, value=byte[]{length=17, hash=-1644578928}}}}
02:55:22.174 [raft-server-3] TRACE i.a.p.raft.roles.FollowerRole - RaftServer{3}{role=FOLLOWER} - Appended Indexed{index=47, entry=CommandEntry{term=1, timestamp=2018-06-09 02:55:22,079, session=2, sequence=39, operation=PrimitiveOperation{id=DefaultOperationId{id=write, type=COMMAND}, value=byte[]{length=17, hash=-1644578928}}}}
02:55:22.174 [raft-server-2] TRACE i.a.p.raft.roles.FollowerRole - RaftServer{2}{role=FOLLOWER} - Sending AppendResponse{status=OK, term=1, succeeded=true, lastLogIndex=47}
02:55:22.174 [raft-server-3] TRACE i.a.p.raft.roles.FollowerRole - RaftServer{3}{role=FOLLOWER} - Sending AppendResponse{status=OK, term=1, succeeded=true, lastLogIndex=47}
02:55:22.174 [raft-server-1] TRACE i.a.p.raft.roles.LeaderAppender - RaftServer{1} - Received AppendResponse{status=OK, term=1, succeeded=true, lastLogIndex=47} from 2
02:55:22.174 [raft-server-1] TRACE i.a.p.raft.roles.LeaderAppender - RaftServer{1} - Committed entries up to 47
02:55:22.261 [raft-server-1] TRACE i.a.p.raft.roles.LeaderAppender - RaftServer{1} - Received AppendResponse{status=OK, term=1, succeeded=true, lastLogIndex=47} from 3
02:55:22.261 [raft-server-1] TRACE i.a.p.raft.roles.LeaderAppender - RaftServer{1} - Sending AppendRequest{term=1, leader=1, prevLogIndex=47, prevLogTerm=1, entries=0, commitIndex=47} to 3
02:55:22.261 [raft-server-3] TRACE i.a.p.raft.roles.FollowerRole - RaftServer{3}{role=FOLLOWER} - Received AppendRequest{term=1, leader=1, prevLogIndex=47, prevLogTerm=1, entries=0, commitIndex=47}
02:55:22.261 [raft-server-1] TRACE i.a.p.raft.roles.LeaderAppender - RaftServer{1} - Sending AppendRequest{term=1, leader=1, prevLogIndex=47, prevLogTerm=1, entries=0, commitIndex=47} to 2
02:55:22.262 [raft-server-2] TRACE i.a.p.raft.roles.FollowerRole - RaftServer{2}{role=FOLLOWER} - Received AppendRequest{term=1, leader=1, prevLogIndex=47, prevLogTerm=1, entries=0, commitIndex=47}
02:55:22.262 [raft-server-1-state] TRACE i.a.p.raft.impl.RaftServiceManager - RaftServer{1} - Applying Indexed{index=47, entry=CommandEntry{term=1, timestamp=2018-06-09 02:55:22,079, session=2, sequence=39, operation=PrimitiveOperation{id=DefaultOperationId{id=write, type=COMMAND}, value=byte[]{length=17, hash=-1644578928}}}}
02:55:22.262 [raft-server-1-state] TRACE i.a.p.s.impl.DefaultServiceExecutor - PrimitiveService{2}{type=io.atomix.protocols.raft.RaftTest$TestPrimitiveType@60cd3cc, name=raft-test} - Executing DefaultCommit{index=47, session=RaftSession{RaftServiceContext{server=1, type=io.atomix.protocols.raft.RaftTest$TestPrimitiveType@60cd3cc, name=raft-test, id=2}, session=2, timestamp=2018-06-09 02:55:22,079}, time=2018-06-09 02:55:22,079, operation=DefaultOperationId{id=write, type=COMMAND}, value=byte[]{length=17, hash=-1644578928}}
02:55:22.262 [raft-server-1-state] TRACE i.a.protocols.raft.roles.LeaderRole - RaftServer{1}{role=LEADER} - Sending CommandResponse{status=OK, index=47, eventIndex=2, result=byte[]{length=2, hash=1334}}
02:55:22.262 [raft-client-6c0a1bb2-986e-47f7-86e2-6a736c947544-2] TRACE i.a.p.r.p.impl.RaftProxyConnection - ProxySession{2}{type=io.atomix.protocols.raft.RaftTest$TestPrimitiveType@35bfa1bb, name=raft-test} - Received CommandResponse{status=OK, index=47, eventIndex=2, result=byte[]{length=2, hash=1334}} from 1
02:55:22.262 [raft-client-6c0a1bb2-986e-47f7-86e2-6a736c947544-2] TRACE i.a.p.r.p.impl.RaftProxySequencer - ProxySession{2}{type=io.atomix.protocols.raft.RaftTest$TestPrimitiveType@35bfa1bb, name=raft-test} - Completing response CommandResponse{status=OK, index=47, eventIndex=2, result=byte[]{length=2, hash=1334}}
02:55:22.262 [raft-client-6c0a1bb2-986e-47f7-86e2-6a736c947544-7] TRACE i.a.p.r.p.impl.RaftProxyConnection - ProxySession{2}{type=io.atomix.protocols.raft.RaftTest$TestPrimitiveType@35bfa1bb, name=raft-test} - Sending CommandRequest{session=2, sequence=40, operation=PrimitiveOperation{id=DefaultOperationId{id=write, type=COMMAND}, value=byte[]{length=17, hash=-1644578928}}} to 1
02:55:22.263 [raft-server-1] TRACE i.a.protocols.raft.roles.LeaderRole - RaftServer{1}{role=LEADER} - Received CommandRequest{session=2, sequence=40, operation=PrimitiveOperation{id=DefaultOperationId{id=write, type=COMMAND}, value=byte[]{length=17, hash=-1644578928}}}
02:55:22.263 [raft-server-1] TRACE i.a.protocols.raft.roles.LeaderRole - RaftServer{1}{role=LEADER} - Appended Indexed{index=48, entry=CommandEntry{term=1, timestamp=2018-06-09 02:55:22,263, session=2, sequence=40, operation=PrimitiveOperation{id=DefaultOperationId{id=write, type=COMMAND}, value=byte[]{length=17, hash=-1644578928}}}}
02:55:22.381 [raft-server-3] TRACE i.a.p.raft.roles.FollowerRole - RaftServer{3}{role=FOLLOWER} - Committed entries up to index 47
02:55:22.381 [raft-server-2] TRACE i.a.p.raft.roles.FollowerRole - RaftServer{2}{role=FOLLOWER} - Committed entries up to index 47
02:55:22.381 [raft-server-3] TRACE i.a.p.raft.roles.FollowerRole - RaftServer{3}{role=FOLLOWER} - Sending AppendResponse{status=OK, term=1, succeeded=true, lastLogIndex=47}
02:55:22.381 [raft-server-2] TRACE i.a.p.raft.roles.FollowerRole - RaftServer{2}{role=FOLLOWER} - Sending AppendResponse{status=OK, term=1, succeeded=true, lastLogIndex=47}
02:55:22.382 [raft-server-1] TRACE i.a.p.raft.roles.LeaderAppender - RaftServer{1} - Received AppendResponse{status=OK, term=1, succeeded=true, lastLogIndex=47} from 3
02:55:22.382 [raft-server-3-state] TRACE i.a.p.raft.impl.RaftServiceManager - RaftServer{3} - Applying Indexed{index=47, entry=CommandEntry{term=1, timestamp=2018-06-09 02:55:22,079, session=2, sequence=39, operation=PrimitiveOperation{id=DefaultOperationId{id=write, type=COMMAND}, value=byte[]{length=17, hash=-1644578928}}}}
02:55:22.382 [raft-server-2-state] TRACE i.a.p.raft.impl.RaftServiceManager - RaftServer{2} - Applying Indexed{index=47, entry=CommandEntry{term=1, timestamp=2018-06-09 02:55:22,079, session=2, sequence=39, operation=PrimitiveOperation{id=DefaultOperationId{id=write, type=COMMAND}, value=byte[]{length=17, hash=-1644578928}}}}
02:55:22.382 [raft-server-1] TRACE i.a.p.raft.roles.LeaderAppender - RaftServer{1} - Sending AppendRequest{term=1, leader=1, prevLogIndex=47, prevLogTerm=1, entries=1, commitIndex=47} to 3
02:55:22.382 [raft-server-3-state] TRACE i.a.p.s.impl.DefaultServiceExecutor - PrimitiveService{2}{type=io.atomix.protocols.raft.RaftTest$TestPrimitiveType@34b8c602, name=raft-test} - Executing DefaultCommit{index=47, session=RaftSession{RaftServiceContext{server=3, type=io.atomix.protocols.raft.RaftTest$TestPrimitiveType@34b8c602, name=raft-test, id=2}, session=2, timestamp=2018-06-09 02:55:22,079}, time=2018-06-09 02:55:22,079, operation=DefaultOperationId{id=write, type=COMMAND}, value=byte[]{length=17, hash=-1644578928}}
02:55:22.382 [raft-server-2-state] TRACE i.a.p.s.impl.DefaultServiceExecutor - PrimitiveService{2}{type=io.atomix.protocols.raft.RaftTest$TestPrimitiveType@21189677, name=raft-test} - Executing DefaultCommit{index=47, session=RaftSession{RaftServiceContext{server=2, type=io.atomix.protocols.raft.RaftTest$TestPrimitiveType@21189677, name=raft-test, id=2}, session=2, timestamp=2018-06-09 02:55:22,079}, time=2018-06-09 02:55:22,079, operation=DefaultOperationId{id=write, type=COMMAND}, value=byte[]{length=17, hash=-1644578928}}
02:55:22.382 [raft-server-3] TRACE i.a.p.raft.roles.FollowerRole - RaftServer{3}{role=FOLLOWER} - Received AppendRequest{term=1, leader=1, prevLogIndex=47, prevLogTerm=1, entries=1, commitIndex=47}
02:55:22.382 [raft-server-1] TRACE i.a.p.raft.roles.LeaderAppender - RaftServer{1} - Sending AppendRequest{term=1, leader=1, prevLogIndex=47, prevLogTerm=1, entries=1, commitIndex=47} to 2
02:55:22.382 [raft-server-1] TRACE i.a.p.raft.roles.LeaderAppender - RaftServer{1} - Received AppendResponse{status=OK, term=1, succeeded=true, lastLogIndex=47} from 2
02:55:22.382 [raft-server-2] TRACE i.a.p.raft.roles.FollowerRole - RaftServer{2}{role=FOLLOWER} - Received AppendRequest{term=1, leader=1, prevLogIndex=47, prevLogTerm=1, entries=1, commitIndex=47}
02:55:22.382 [raft-server-3] TRACE i.a.p.raft.roles.FollowerRole - RaftServer{3}{role=FOLLOWER} - Appended Indexed{index=48, entry=CommandEntry{term=1, timestamp=2018-06-09 02:55:22,263, session=2, sequence=40, operation=PrimitiveOperation{id=DefaultOperationId{id=write, type=COMMAND}, value=byte[]{length=17, hash=-1644578928}}}}
02:55:22.382 [raft-server-3] TRACE i.a.p.raft.roles.FollowerRole - RaftServer{3}{role=FOLLOWER} - Sending AppendResponse{status=OK, term=1, succeeded=true, lastLogIndex=48}
02:55:22.382 [raft-server-2] TRACE i.a.p.raft.roles.FollowerRole - RaftServer{2}{role=FOLLOWER} - Appended Indexed{index=48, entry=CommandEntry{term=1, timestamp=2018-06-09 02:55:22,263, session=2, sequence=40, operation=PrimitiveOperation{id=DefaultOperationId{id=write, type=COMMAND}, value=byte[]{length=17, hash=-1644578928}}}}
02:55:22.382 [raft-server-1] TRACE i.a.p.raft.roles.LeaderAppender - RaftServer{1} - Received AppendResponse{status=OK, term=1, succeeded=true, lastLogIndex=48} from 3
02:55:22.382 [raft-server-2] TRACE i.a.p.raft.roles.FollowerRole - RaftServer{2}{role=FOLLOWER} - Sending AppendResponse{status=OK, term=1, succeeded=true, lastLogIndex=48}
02:55:22.382 [raft-server-1] TRACE i.a.p.raft.roles.LeaderAppender - RaftServer{1} - Committed entries up to 48
02:55:22.678 [raft-server-1] TRACE i.a.p.raft.roles.LeaderAppender - RaftServer{1} - Received AppendResponse{status=OK, term=1, succeeded=true, lastLogIndex=48} from 2
02:55:22.678 [raft-server-1] TRACE i.a.p.raft.roles.LeaderAppender - RaftServer{1} - Sending AppendRequest{term=1, leader=1, prevLogIndex=48, prevLogTerm=1, entries=0, commitIndex=48} to 3
02:55:22.678 [raft-server-1] TRACE i.a.p.raft.roles.LeaderAppender - RaftServer{1} - Sending AppendRequest{term=1, leader=1, prevLogIndex=48, prevLogTerm=1, entries=0, commitIndex=48} to 2
02:55:22.678 [raft-server-3] TRACE i.a.p.raft.roles.FollowerRole - RaftServer{3}{role=FOLLOWER} - Received AppendRequest{term=1, leader=1, prevLogIndex=48, prevLogTerm=1, entries=0, commitIndex=48}
02:55:22.678 [raft-server-2] TRACE i.a.p.raft.roles.FollowerRole - RaftServer{2}{role=FOLLOWER} - Received AppendRequest{term=1, leader=1, prevLogIndex=48, prevLogTerm=1, entries=0, commitIndex=48}
02:55:22.678 [raft-server-1-state] TRACE i.a.p.raft.impl.RaftServiceManager - RaftServer{1} - Applying Indexed{index=48, entry=CommandEntry{term=1, timestamp=2018-06-09 02:55:22,263, session=2, sequence=40, operation=PrimitiveOperation{id=DefaultOperationId{id=write, type=COMMAND}, value=byte[]{length=17, hash=-1644578928}}}}
02:55:22.678 [raft-server-1-state] TRACE i.a.p.s.impl.DefaultServiceExecutor - PrimitiveService{2}{type=io.atomix.protocols.raft.RaftTest$TestPrimitiveType@60cd3cc, name=raft-test} - Executing DefaultCommit{index=48, session=RaftSession{RaftServiceContext{server=1, type=io.atomix.protocols.raft.RaftTest$TestPrimitiveType@60cd3cc, name=raft-test, id=2}, session=2, timestamp=2018-06-09 02:55:22,263}, time=2018-06-09 02:55:22,263, operation=DefaultOperationId{id=write, type=COMMAND}, value=byte[]{length=17, hash=-1644578928}}
02:55:22.679 [raft-server-1-state] TRACE i.a.protocols.raft.roles.LeaderRole - RaftServer{1}{role=LEADER} - Sending CommandResponse{status=OK, index=48, eventIndex=2, result=byte[]{length=2, hash=1336}}
02:55:22.679 [raft-client-6c0a1bb2-986e-47f7-86e2-6a736c947544-0] TRACE i.a.p.r.p.impl.RaftProxyConnection - ProxySession{2}{type=io.atomix.protocols.raft.RaftTest$TestPrimitiveType@35bfa1bb, name=raft-test} - Received CommandResponse{status=OK, index=48, eventIndex=2, result=byte[]{length=2, hash=1336}} from 1
02:55:22.679 [raft-client-6c0a1bb2-986e-47f7-86e2-6a736c947544-0] TRACE i.a.p.r.p.impl.RaftProxySequencer - ProxySession{2}{type=io.atomix.protocols.raft.RaftTest$TestPrimitiveType@35bfa1bb, name=raft-test} - Completing response CommandResponse{status=OK, index=48, eventIndex=2, result=byte[]{length=2, hash=1336}}
02:55:22.679 [raft-client-6c0a1bb2-986e-47f7-86e2-6a736c947544-4] TRACE i.a.p.r.p.impl.RaftProxyConnection - ProxySession{2}{type=io.atomix.protocols.raft.RaftTest$TestPrimitiveType@35bfa1bb, name=raft-test} - Sending CommandRequest{session=2, sequence=41, operation=PrimitiveOperation{id=DefaultOperationId{id=write, type=COMMAND}, value=byte[]{length=17, hash=-1644578928}}} to 1
02:55:22.679 [raft-server-1] TRACE i.a.protocols.raft.roles.LeaderRole - RaftServer{1}{role=LEADER} - Received CommandRequest{session=2, sequence=41, operation=PrimitiveOperation{id=DefaultOperationId{id=write, type=COMMAND}, value=byte[]{length=17, hash=-1644578928}}}
02:55:22.679 [raft-server-1] TRACE i.a.protocols.raft.roles.LeaderRole - RaftServer{1}{role=LEADER} - Appended Indexed{index=49, entry=CommandEntry{term=1, timestamp=2018-06-09 02:55:22,679, session=2, sequence=41, operation=PrimitiveOperation{id=DefaultOperationId{id=write, type=COMMAND}, value=byte[]{length=17, hash=-1644578928}}}}
02:55:22.721 [raft-server-1] TRACE i.a.p.raft.roles.LeaderAppender - RaftServer{1} - Sending AppendRequest{term=1, leader=1, prevLogIndex=48, prevLogTerm=1, entries=1, commitIndex=48} to 3
02:55:22.790 [raft-server-3] TRACE i.a.p.raft.roles.FollowerRole - RaftServer{3}{role=FOLLOWER} - Committed entries up to index 48
02:55:22.790 [raft-server-2] TRACE i.a.p.raft.roles.FollowerRole - RaftServer{2}{role=FOLLOWER} - Committed entries up to index 48
02:55:22.790 [raft-server-3] TRACE i.a.p.raft.roles.FollowerRole - RaftServer{3}{role=FOLLOWER} - Sending AppendResponse{status=OK, term=1, succeeded=true, lastLogIndex=48}
02:55:22.790 [raft-server-2] TRACE i.a.p.raft.roles.FollowerRole - RaftServer{2}{role=FOLLOWER} - Sending AppendResponse{status=OK, term=1, succeeded=true, lastLogIndex=48}
02:55:22.790 [raft-server-3] TRACE i.a.p.raft.roles.FollowerRole - RaftServer{3}{role=FOLLOWER} - Received AppendRequest{term=1, leader=1, prevLogIndex=48, prevLogTerm=1, entries=1, commitIndex=48}
02:55:22.790 [raft-server-1] TRACE i.a.p.raft.roles.LeaderAppender - RaftServer{1} - Received AppendResponse{status=OK, term=1, succeeded=true, lastLogIndex=48} from 3
02:55:22.790 [raft-server-2-state] TRACE i.a.p.raft.impl.RaftServiceManager - RaftServer{2} - Applying Indexed{index=48, entry=CommandEntry{term=1, timestamp=2018-06-09 02:55:22,263, session=2, sequence=40, operation=PrimitiveOperation{id=DefaultOperationId{id=write, type=COMMAND}, value=byte[]{length=17, hash=-1644578928}}}}
02:55:22.790 [raft-server-1] TRACE i.a.p.raft.roles.LeaderAppender - RaftServer{1} - Sending AppendRequest{term=1, leader=1, prevLogIndex=48, prevLogTerm=1, entries=1, commitIndex=48} to 2
02:55:22.790 [raft-server-3] TRACE i.a.p.raft.roles.FollowerRole - RaftServer{3}{role=FOLLOWER} - Appended Indexed{index=49, entry=CommandEntry{term=1, timestamp=2018-06-09 02:55:22,679, session=2, sequence=41, operation=PrimitiveOperation{id=DefaultOperationId{id=write, type=COMMAND}, value=byte[]{length=17, hash=-1644578928}}}}
02:55:22.790 [raft-server-2-state] TRACE i.a.p.s.impl.DefaultServiceExecutor - PrimitiveService{2}{type=io.atomix.protocols.raft.RaftTest$TestPrimitiveType@21189677, name=raft-test} - Executing DefaultCommit{index=48, session=RaftSession{RaftServiceContext{server=2, type=io.atomix.protocols.raft.RaftTest$TestPrimitiveType@21189677, name=raft-test, id=2}, session=2, timestamp=2018-06-09 02:55:22,263}, time=2018-06-09 02:55:22,263, operation=DefaultOperationId{id=write, type=COMMAND}, value=byte[]{length=17, hash=-1644578928}}
02:55:22.790 [raft-server-2] TRACE i.a.p.raft.roles.FollowerRole - RaftServer{2}{role=FOLLOWER} - Received AppendRequest{term=1, leader=1, prevLogIndex=48, prevLogTerm=1, entries=1, commitIndex=48}
02:55:22.790 [raft-server-1] TRACE i.a.p.raft.roles.LeaderAppender - RaftServer{1} - Received AppendResponse{status=OK, term=1, succeeded=true, lastLogIndex=48} from 2
02:55:22.790 [raft-server-3] TRACE i.a.p.raft.roles.FollowerRole - RaftServer{3}{role=FOLLOWER} - Sending AppendResponse{status=OK, term=1, succeeded=true, lastLogIndex=49}
02:55:22.791 [raft-server-1] TRACE i.a.p.raft.roles.LeaderAppender - RaftServer{1} - Received AppendResponse{status=OK, term=1, succeeded=true, lastLogIndex=49} from 3
02:55:22.791 [raft-server-2] TRACE i.a.p.raft.roles.FollowerRole - RaftServer{2}{role=FOLLOWER} - Appended Indexed{index=49, entry=CommandEntry{term=1, timestamp=2018-06-09 02:55:22,679, session=2, sequence=41, operation=PrimitiveOperation{id=DefaultOperationId{id=write, type=COMMAND}, value=byte[]{length=17, hash=-1644578928}}}}
02:55:22.791 [raft-server-3-state] TRACE i.a.p.raft.impl.RaftServiceManager - RaftServer{3} - Applying Indexed{index=48, entry=CommandEntry{term=1, timestamp=2018-06-09 02:55:22,263, session=2, sequence=40, operation=PrimitiveOperation{id=DefaultOperationId{id=write, type=COMMAND}, value=byte[]{length=17, hash=-1644578928}}}}
02:55:22.791 [raft-server-1] TRACE i.a.p.raft.roles.LeaderAppender - RaftServer{1} - Committed entries up to 49
02:55:22.791 [raft-server-2] TRACE i.a.p.raft.roles.FollowerRole - RaftServer{2}{role=FOLLOWER} - Sending AppendResponse{status=OK, term=1, succeeded=true, lastLogIndex=49}
02:55:22.791 [raft-server-3-state] TRACE i.a.p.s.impl.DefaultServiceExecutor - PrimitiveService{2}{type=io.atomix.protocols.raft.RaftTest$TestPrimitiveType@34b8c602, name=raft-test} - Executing DefaultCommit{index=48, session=RaftSession{RaftServiceContext{server=3, type=io.atomix.protocols.raft.RaftTest$TestPrimitiveType@34b8c602, name=raft-test, id=2}, session=2, timestamp=2018-06-09 02:55:22,263}, time=2018-06-09 02:55:22,263, operation=DefaultOperationId{id=write, type=COMMAND}, value=byte[]{length=17, hash=-1644578928}}
02:55:22.878 [raft-server-1] TRACE i.a.p.raft.roles.LeaderAppender - RaftServer{1} - Sending AppendRequest{term=1, leader=1, prevLogIndex=49, prevLogTerm=1, entries=0, commitIndex=49} to 3
02:55:22.878 [raft-server-1] TRACE i.a.p.raft.roles.LeaderAppender - RaftServer{1} - Received AppendResponse{status=OK, term=1, succeeded=true, lastLogIndex=49} from 2
02:55:22.879 [raft-server-3] TRACE i.a.p.raft.roles.FollowerRole - RaftServer{3}{role=FOLLOWER} - Received AppendRequest{term=1, leader=1, prevLogIndex=49, prevLogTerm=1, entries=0, commitIndex=49}
02:55:22.879 [raft-server-1-state] TRACE i.a.p.raft.impl.RaftServiceManager - RaftServer{1} - Applying Indexed{index=49, entry=CommandEntry{term=1, timestamp=2018-06-09 02:55:22,679, session=2, sequence=41, operation=PrimitiveOperation{id=DefaultOperationId{id=write, type=COMMAND}, value=byte[]{length=17, hash=-1644578928}}}}
02:55:22.879 [raft-server-1-state] TRACE i.a.p.s.impl.DefaultServiceExecutor - PrimitiveService{2}{type=io.atomix.protocols.raft.RaftTest$TestPrimitiveType@60cd3cc, name=raft-test} - Executing DefaultCommit{index=49, session=RaftSession{RaftServiceContext{server=1, type=io.atomix.protocols.raft.RaftTest$TestPrimitiveType@60cd3cc, name=raft-test, id=2}, session=2, timestamp=2018-06-09 02:55:22,679}, time=2018-06-09 02:55:22,679, operation=DefaultOperationId{id=write, type=COMMAND}, value=byte[]{length=17, hash=-1644578928}}
02:55:22.879 [raft-server-1-state] TRACE i.a.protocols.raft.roles.LeaderRole - RaftServer{1}{role=LEADER} - Sending CommandResponse{status=OK, index=49, eventIndex=2, result=byte[]{length=2, hash=1338}}
02:55:22.879 [raft-client-6c0a1bb2-986e-47f7-86e2-6a736c947544-1] TRACE i.a.p.r.p.impl.RaftProxyConnection - ProxySession{2}{type=io.atomix.protocols.raft.RaftTest$TestPrimitiveType@35bfa1bb, name=raft-test} - Received CommandResponse{status=OK, index=49, eventIndex=2, result=byte[]{length=2, hash=1338}} from 1
02:55:22.879 [raft-client-6c0a1bb2-986e-47f7-86e2-6a736c947544-1] TRACE i.a.p.r.p.impl.RaftProxySequencer - ProxySession{2}{type=io.atomix.protocols.raft.RaftTest$TestPrimitiveType@35bfa1bb, name=raft-test} - Completing response CommandResponse{status=OK, index=49, eventIndex=2, result=byte[]{length=2, hash=1338}}
02:55:22.879 [raft-client-6c0a1bb2-986e-47f7-86e2-6a736c947544-5] TRACE i.a.p.r.p.impl.RaftProxyConnection - ProxySession{2}{type=io.atomix.protocols.raft.RaftTest$TestPrimitiveType@35bfa1bb, name=raft-test} - Sending CommandRequest{session=2, sequence=42, operation=PrimitiveOperation{id=DefaultOperationId{id=write, type=COMMAND}, value=byte[]{length=17, hash=-1644578928}}} to 1
02:55:22.880 [raft-server-1] TRACE i.a.protocols.raft.roles.LeaderRole - RaftServer{1}{role=LEADER} - Received CommandRequest{session=2, sequence=42, operation=PrimitiveOperation{id=DefaultOperationId{id=write, type=COMMAND}, value=byte[]{length=17, hash=-1644578928}}}
02:55:22.880 [raft-server-1] TRACE i.a.protocols.raft.roles.LeaderRole - RaftServer{1}{role=LEADER} - Appended Indexed{index=50, entry=CommandEntry{term=1, timestamp=2018-06-09 02:55:22,880, session=2, sequence=42, operation=PrimitiveOperation{id=DefaultOperationId{id=write, type=COMMAND}, value=byte[]{length=17, hash=-1644578928}}}}
02:55:22.880 [raft-server-1] TRACE i.a.p.raft.roles.LeaderAppender - RaftServer{1} - Sending AppendRequest{term=1, leader=1, prevLogIndex=49, prevLogTerm=1, entries=1, commitIndex=49} to 2
02:55:22.880 [raft-server-2] TRACE i.a.p.raft.roles.FollowerRole - RaftServer{2}{role=FOLLOWER} - Received AppendRequest{term=1, leader=1, prevLogIndex=49, prevLogTerm=1, entries=1, commitIndex=49}
02:55:22.880 [raft-server-2] TRACE i.a.p.raft.roles.FollowerRole - RaftServer{2}{role=FOLLOWER} - Appended Indexed{index=50, entry=CommandEntry{term=1, timestamp=2018-06-09 02:55:22,880, session=2, sequence=42, operation=PrimitiveOperation{id=DefaultOperationId{id=write, type=COMMAND}, value=byte[]{length=17, hash=-1644578928}}}}
02:55:22.955 [raft-server-2] TRACE i.a.p.raft.roles.FollowerRole - RaftServer{2}{role=FOLLOWER} - Committed entries up to index 49
02:55:22.955 [raft-server-2] TRACE i.a.p.raft.roles.FollowerRole - RaftServer{2}{role=FOLLOWER} - Sending AppendResponse{status=OK, term=1, succeeded=true, lastLogIndex=50}
02:55:22.955 [raft-server-3] TRACE i.a.p.raft.roles.FollowerRole - RaftServer{3}{role=FOLLOWER} - Committed entries up to index 49
02:55:22.955 [raft-server-3] TRACE i.a.p.raft.roles.FollowerRole - RaftServer{3}{role=FOLLOWER} - Sending AppendResponse{status=OK, term=1, succeeded=true, lastLogIndex=49}
02:55:22.955 [raft-server-1] TRACE i.a.p.raft.roles.LeaderAppender - RaftServer{1} - Received AppendResponse{status=OK, term=1, succeeded=true, lastLogIndex=50} from 2
02:55:22.955 [raft-server-2-state] TRACE i.a.p.raft.impl.RaftServiceManager - RaftServer{2} - Applying Indexed{index=49, entry=CommandEntry{term=1, timestamp=2018-06-09 02:55:22,679, session=2, sequence=41, operation=PrimitiveOperation{id=DefaultOperationId{id=write, type=COMMAND}, value=byte[]{length=17, hash=-1644578928}}}}
02:55:22.955 [raft-server-1] TRACE i.a.p.raft.roles.LeaderAppender - RaftServer{1} - Committed entries up to 50
02:55:22.955 [raft-server-3-state] TRACE i.a.p.raft.impl.RaftServiceManager - RaftServer{3} - Applying Indexed{index=49, entry=CommandEntry{term=1, timestamp=2018-06-09 02:55:22,679, session=2, sequence=41, operation=PrimitiveOperation{id=DefaultOperationId{id=write, type=COMMAND}, value=byte[]{length=17, hash=-1644578928}}}}
02:55:22.955 [raft-server-2-state] TRACE i.a.p.s.impl.DefaultServiceExecutor - PrimitiveService{2}{type=io.atomix.protocols.raft.RaftTest$TestPrimitiveType@21189677, name=raft-test} - Executing DefaultCommit{index=49, session=RaftSession{RaftServiceContext{server=2, type=io.atomix.protocols.raft.RaftTest$TestPrimitiveType@21189677, name=raft-test, id=2}, session=2, timestamp=2018-06-09 02:55:22,679}, time=2018-06-09 02:55:22,679, operation=DefaultOperationId{id=write, type=COMMAND}, value=byte[]{length=17, hash=-1644578928}}
02:55:22.956 [raft-server-3-state] TRACE i.a.p.s.impl.DefaultServiceExecutor - PrimitiveService{2}{type=io.atomix.protocols.raft.RaftTest$TestPrimitiveType@34b8c602, name=raft-test} - Executing DefaultCommit{index=49, session=RaftSession{RaftServiceContext{server=3, type=io.atomix.protocols.raft.RaftTest$TestPrimitiveType@34b8c602, name=raft-test, id=2}, session=2, timestamp=2018-06-09 02:55:22,679}, time=2018-06-09 02:55:22,679, operation=DefaultOperationId{id=write, type=COMMAND}, value=byte[]{length=17, hash=-1644578928}}
02:55:23.044 [raft-server-1] TRACE i.a.p.raft.roles.LeaderAppender - RaftServer{1} - Received AppendResponse{status=OK, term=1, succeeded=true, lastLogIndex=49} from 3
02:55:23.044 [raft-server-1] TRACE i.a.p.raft.roles.LeaderAppender - RaftServer{1} - Sending AppendRequest{term=1, leader=1, prevLogIndex=49, prevLogTerm=1, entries=1, commitIndex=50} to 3
02:55:23.045 [raft-server-3] TRACE i.a.p.raft.roles.FollowerRole - RaftServer{3}{role=FOLLOWER} - Received AppendRequest{term=1, leader=1, prevLogIndex=49, prevLogTerm=1, entries=1, commitIndex=50}
02:55:23.045 [raft-server-1] TRACE i.a.p.raft.roles.LeaderAppender - RaftServer{1} - Sending AppendRequest{term=1, leader=1, prevLogIndex=50, prevLogTerm=1, entries=0, commitIndex=50} to 2
02:55:23.045 [raft-server-2] TRACE i.a.p.raft.roles.FollowerRole - RaftServer{2}{role=FOLLOWER} - Received AppendRequest{term=1, leader=1, prevLogIndex=50, prevLogTerm=1, entries=0, commitIndex=50}
02:55:23.045 [raft-server-2] TRACE i.a.p.raft.roles.FollowerRole - RaftServer{2}{role=FOLLOWER} - Committed entries up to index 50
02:55:23.045 [raft-server-2] TRACE i.a.p.raft.roles.FollowerRole - RaftServer{2}{role=FOLLOWER} - Sending AppendResponse{status=OK, term=1, succeeded=true, lastLogIndex=50}
02:55:23.045 [raft-server-3] TRACE i.a.p.raft.roles.FollowerRole - RaftServer{3}{role=FOLLOWER} - Appended Indexed{index=50, entry=CommandEntry{term=1, timestamp=2018-06-09 02:55:22,880, session=2, sequence=42, operation=PrimitiveOperation{id=DefaultOperationId{id=write, type=COMMAND}, value=byte[]{length=17, hash=-1644578928}}}}
02:55:23.045 [raft-server-1-state] TRACE i.a.p.raft.impl.RaftServiceManager - RaftServer{1} - Applying Indexed{index=50, entry=CommandEntry{term=1, timestamp=2018-06-09 02:55:22,880, session=2, sequence=42, operation=PrimitiveOperation{id=DefaultOperationId{id=write, type=COMMAND}, value=byte[]{length=17, hash=-1644578928}}}}
02:55:23.045 [raft-server-1] TRACE i.a.p.raft.roles.LeaderAppender - RaftServer{1} - Received AppendResponse{status=OK, term=1, succeeded=true, lastLogIndex=50} from 2
02:55:23.045 [raft-server-2-state] TRACE i.a.p.raft.impl.RaftServiceManager - RaftServer{2} - Applying Indexed{index=50, entry=CommandEntry{term=1, timestamp=2018-06-09 02:55:22,880, session=2, sequence=42, operation=PrimitiveOperation{id=DefaultOperationId{id=write, type=COMMAND}, value=byte[]{length=17, hash=-1644578928}}}}
02:55:23.045 [raft-server-1-state] TRACE i.a.p.s.impl.DefaultServiceExecutor - PrimitiveService{2}{type=io.atomix.protocols.raft.RaftTest$TestPrimitiveType@60cd3cc, name=raft-test} - Executing DefaultCommit{index=50, session=RaftSession{RaftServiceContext{server=1, type=io.atomix.protocols.raft.RaftTest$TestPrimitiveType@60cd3cc, name=raft-test, id=2}, session=2, timestamp=2018-06-09 02:55:22,880}, time=2018-06-09 02:55:22,880, operation=DefaultOperationId{id=write, type=COMMAND}, value=byte[]{length=17, hash=-1644578928}}
02:55:23.045 [raft-server-1] TRACE i.a.p.raft.roles.LeaderAppender - RaftServer{1} - Sending AppendRequest{term=1, leader=1, prevLogIndex=50, prevLogTerm=1, entries=0, commitIndex=50} to 2
02:55:23.045 [raft-server-2-state] TRACE i.a.p.s.impl.DefaultServiceExecutor - PrimitiveService{2}{type=io.atomix.protocols.raft.RaftTest$TestPrimitiveType@21189677, name=raft-test} - Executing DefaultCommit{index=50, session=RaftSession{RaftServiceContext{server=2, type=io.atomix.protocols.raft.RaftTest$TestPrimitiveType@21189677, name=raft-test, id=2}, session=2, timestamp=2018-06-09 02:55:22,880}, time=2018-06-09 02:55:22,880, operation=DefaultOperationId{id=write, type=COMMAND}, value=byte[]{length=17, hash=-1644578928}}
02:55:23.045 [raft-server-1-state] TRACE i.a.protocols.raft.roles.LeaderRole - RaftServer{1}{role=LEADER} - Sending CommandResponse{status=OK, index=50, eventIndex=2, result=byte[]{length=2, hash=1340}}
02:55:23.045 [raft-server-2] TRACE i.a.p.raft.roles.FollowerRole - RaftServer{2}{role=FOLLOWER} - Received AppendRequest{term=1, leader=1, prevLogIndex=50, prevLogTerm=1, entries=0, commitIndex=50}
02:55:23.046 [raft-client-6c0a1bb2-986e-47f7-86e2-6a736c947544-2] TRACE i.a.p.r.p.impl.RaftProxyConnection - ProxySession{2}{type=io.atomix.protocols.raft.RaftTest$TestPrimitiveType@35bfa1bb, name=raft-test} - Received CommandResponse{status=OK, index=50, eventIndex=2, result=byte[]{length=2, hash=1340}} from 1
02:55:23.046 [raft-server-2] TRACE i.a.p.raft.roles.FollowerRole - RaftServer{2}{role=FOLLOWER} - Sending AppendResponse{status=OK, term=1, succeeded=true, lastLogIndex=50}
02:55:23.046 [raft-client-6c0a1bb2-986e-47f7-86e2-6a736c947544-2] TRACE i.a.p.r.p.impl.RaftProxySequencer - ProxySession{2}{type=io.atomix.protocols.raft.RaftTest$TestPrimitiveType@35bfa1bb, name=raft-test} - Completing response CommandResponse{status=OK, index=50, eventIndex=2, result=byte[]{length=2, hash=1340}}
02:55:23.046 [raft-server-1] TRACE i.a.p.raft.roles.LeaderAppender - RaftServer{1} - Received AppendResponse{status=OK, term=1, succeeded=true, lastLogIndex=50} from 2
02:55:23.046 [raft-server-1] TRACE i.a.p.raft.roles.LeaderAppender - RaftServer{1} - Sending AppendRequest{term=1, leader=1, prevLogIndex=50, prevLogTerm=1, entries=0, commitIndex=50} to 2
02:55:23.046 [raft-server-2] TRACE i.a.p.raft.roles.FollowerRole - RaftServer{2}{role=FOLLOWER} - Received AppendRequest{term=1, leader=1, prevLogIndex=50, prevLogTerm=1, entries=0, commitIndex=50}
02:55:23.046 [raft-server-2] TRACE i.a.p.raft.roles.FollowerRole - RaftServer{2}{role=FOLLOWER} - Sending AppendResponse{status=OK, term=1, succeeded=true, lastLogIndex=50}
02:55:23.046 [raft-server-1] TRACE i.a.p.raft.roles.LeaderAppender - RaftServer{1} - Received AppendResponse{status=OK, term=1, succeeded=true, lastLogIndex=50} from 2
02:55:23.046 [raft-client-6c0a1bb2-986e-47f7-86e2-6a736c947544-6] TRACE i.a.p.r.p.impl.RaftProxyConnection - ProxySession{2}{type=io.atomix.protocols.raft.RaftTest$TestPrimitiveType@35bfa1bb, name=raft-test} - Sending CommandRequest{session=2, sequence=43, operation=PrimitiveOperation{id=DefaultOperationId{id=write, type=COMMAND}, value=byte[]{length=17, hash=-1644578928}}} to 1
02:55:23.046 [raft-server-1] TRACE i.a.protocols.raft.roles.LeaderRole - RaftServer{1}{role=LEADER} - Received CommandRequest{session=2, sequence=43, operation=PrimitiveOperation{id=DefaultOperationId{id=write, type=COMMAND}, value=byte[]{length=17, hash=-1644578928}}}
02:55:23.152 [raft-server-3] TRACE i.a.p.raft.roles.FollowerRole - RaftServer{3}{role=FOLLOWER} - Committed entries up to index 50
02:55:23.152 [raft-server-3] TRACE i.a.p.raft.roles.FollowerRole - RaftServer{3}{role=FOLLOWER} - Sending AppendResponse{status=OK, term=1, succeeded=true, lastLogIndex=50}
02:55:23.152 [raft-server-3-state] TRACE i.a.p.raft.impl.RaftServiceManager - RaftServer{3} - Applying Indexed{index=50, entry=CommandEntry{term=1, timestamp=2018-06-09 02:55:22,880, session=2, sequence=42, operation=PrimitiveOperation{id=DefaultOperationId{id=write, type=COMMAND}, value=byte[]{length=17, hash=-1644578928}}}}
02:55:23.153 [raft-server-3-state] TRACE i.a.p.s.impl.DefaultServiceExecutor - PrimitiveService{2}{type=io.atomix.protocols.raft.RaftTest$TestPrimitiveType@34b8c602, name=raft-test} - Executing DefaultCommit{index=50, session=RaftSession{RaftServiceContext{server=3, type=io.atomix.protocols.raft.RaftTest$TestPrimitiveType@34b8c602, name=raft-test, id=2}, session=2, timestamp=2018-06-09 02:55:22,880}, time=2018-06-09 02:55:22,880, operation=DefaultOperationId{id=write, type=COMMAND}, value=byte[]{length=17, hash=-1644578928}}
02:55:23.240 [raft-server-1] DEBUG i.a.storage.journal.SegmentedJournal - Created disk segment: JournalSegment{id=6, version=1, index=51, size=64}
02:55:23.240 [raft-server-1] TRACE i.a.protocols.raft.roles.LeaderRole - RaftServer{1}{role=LEADER} - Appended Indexed{index=51, entry=CommandEntry{term=1, timestamp=2018-06-09 02:55:23,046, session=2, sequence=43, operation=PrimitiveOperation{id=DefaultOperationId{id=write, type=COMMAND}, value=byte[]{length=17, hash=-1644578928}}}}
02:55:23.240 [raft-server-1] TRACE i.a.p.raft.roles.LeaderAppender - RaftServer{1} - Received AppendResponse{status=OK, term=1, succeeded=true, lastLogIndex=50} from 3
02:55:23.240 [raft-server-1] TRACE i.a.p.raft.roles.LeaderAppender - RaftServer{1} - Sending AppendRequest{term=1, leader=1, prevLogIndex=50, prevLogTerm=1, entries=1, commitIndex=50} to 3
02:55:23.240 [raft-server-3] TRACE i.a.p.raft.roles.FollowerRole - RaftServer{3}{role=FOLLOWER} - Received AppendRequest{term=1, leader=1, prevLogIndex=50, prevLogTerm=1, entries=1, commitIndex=50}
02:55:23.240 [raft-server-1] TRACE i.a.p.raft.roles.LeaderAppender - RaftServer{1} - Sending AppendRequest{term=1, leader=1, prevLogIndex=50, prevLogTerm=1, entries=1, commitIndex=50} to 2
02:55:23.241 [raft-server-2] TRACE i.a.p.raft.roles.FollowerRole - RaftServer{2}{role=FOLLOWER} - Received AppendRequest{term=1, leader=1, prevLogIndex=50, prevLogTerm=1, entries=1, commitIndex=50}
02:55:23.361 [raft-client-6c0a1bb2-986e-47f7-86e2-6a736c947544-7] TRACE i.a.p.r.proxy.impl.RaftProxyManager - RaftClient{6c0a1bb2-986e-47f7-86e2-6a736c947544} - Keeping 1 sessions alive
02:55:23.361 [raft-client-6c0a1bb2-986e-47f7-86e2-6a736c947544-7] TRACE i.a.p.r.p.impl.RaftProxyConnection - RaftClient{6c0a1bb2-986e-47f7-86e2-6a736c947544} - Sending KeepAliveRequest{sessionIds=long[]{length=1, hash=33}, commandSequences=long[]{length=1, hash=73}, eventIndexes=long[]{length=1, hash=33}} to 2
02:55:23.445 [raft-server-3] DEBUG i.a.storage.journal.SegmentedJournal - Created disk segment: JournalSegment{id=6, version=1, index=51, size=64}
02:55:23.445 [raft-server-3] TRACE i.a.p.raft.roles.FollowerRole - RaftServer{3}{role=FOLLOWER} - Appended Indexed{index=51, entry=CommandEntry{term=1, timestamp=2018-06-09 02:55:23,046, session=2, sequence=43, operation=PrimitiveOperation{id=DefaultOperationId{id=write, type=COMMAND}, value=byte[]{length=17, hash=-1644578928}}}}
02:55:23.445 [raft-server-3] TRACE i.a.p.raft.roles.FollowerRole - RaftServer{3}{role=FOLLOWER} - Sending AppendResponse{status=OK, term=1, succeeded=true, lastLogIndex=51}
02:55:23.445 [raft-server-1] TRACE i.a.p.raft.roles.LeaderAppender - RaftServer{1} - Received AppendResponse{status=OK, term=1, succeeded=true, lastLogIndex=51} from 3
02:55:23.445 [raft-server-1] TRACE i.a.p.raft.roles.LeaderAppender - RaftServer{1} - Committed entries up to 51
02:55:23.554 [raft-server-2] DEBUG i.a.storage.journal.SegmentedJournal - Created disk segment: JournalSegment{id=6, version=1, index=51, size=64}
02:55:23.555 [raft-server-2] TRACE i.a.p.raft.roles.FollowerRole - RaftServer{2}{role=FOLLOWER} - Appended Indexed{index=51, entry=CommandEntry{term=1, timestamp=2018-06-09 02:55:23,046, session=2, sequence=43, operation=PrimitiveOperation{id=DefaultOperationId{id=write, type=COMMAND}, value=byte[]{length=17, hash=-1644578928}}}}
02:55:23.555 [raft-server-2] TRACE i.a.p.raft.roles.FollowerRole - RaftServer{2}{role=FOLLOWER} - Sending AppendResponse{status=OK, term=1, succeeded=true, lastLogIndex=51}
02:55:23.555 [raft-server-2] TRACE i.a.p.raft.roles.FollowerRole - RaftServer{2}{role=FOLLOWER} - Received KeepAliveRequest{sessionIds=long[]{length=1, hash=33}, commandSequences=long[]{length=1, hash=73}, eventIndexes=long[]{length=1, hash=33}}
02:55:23.648 [raft-server-1] TRACE i.a.p.raft.roles.LeaderAppender - RaftServer{1} - Sending AppendRequest{term=1, leader=1, prevLogIndex=51, prevLogTerm=1, entries=0, commitIndex=51} to 3
02:55:23.648 [raft-server-3] TRACE i.a.p.raft.roles.FollowerRole - RaftServer{3}{role=FOLLOWER} - Received AppendRequest{term=1, leader=1, prevLogIndex=51, prevLogTerm=1, entries=0, commitIndex=51}
02:55:23.648 [raft-server-1] TRACE i.a.p.raft.roles.LeaderAppender - RaftServer{1} - Received AppendResponse{status=OK, term=1, succeeded=true, lastLogIndex=51} from 2
02:55:23.648 [raft-server-1] TRACE i.a.p.raft.roles.LeaderAppender - RaftServer{1} - Sending AppendRequest{term=1, leader=1, prevLogIndex=51, prevLogTerm=1, entries=0, commitIndex=51} to 2
02:55:23.648 [raft-server-2] TRACE i.a.p.raft.roles.FollowerRole - RaftServer{2}{role=FOLLOWER} - Received AppendRequest{term=1, leader=1, prevLogIndex=51, prevLogTerm=1, entries=0, commitIndex=51}
02:55:23.648 [raft-server-1] TRACE i.a.protocols.raft.roles.LeaderRole - RaftServer{1}{role=LEADER} - Received KeepAliveRequest{sessionIds=long[]{length=1, hash=33}, commandSequences=long[]{length=1, hash=73}, eventIndexes=long[]{length=1, hash=33}}
02:55:23.649 [raft-server-1] TRACE i.a.protocols.raft.roles.LeaderRole - RaftServer{1}{role=LEADER} - Appended Indexed{index=52, entry=KeepAliveEntry{term=1, timestamp=2018-06-09 02:55:23,648, sessionIds=long[]{length=1, hash=33}, commandSequences=long[]{length=1, hash=73}, eventIndexes=long[]{length=1, hash=33}}}
02:55:23.649 [raft-server-1-state] TRACE i.a.p.raft.impl.RaftServiceManager - RaftServer{1} - Applying Indexed{index=51, entry=CommandEntry{term=1, timestamp=2018-06-09 02:55:23,046, session=2, sequence=43, operation=PrimitiveOperation{id=DefaultOperationId{id=write, type=COMMAND}, value=byte[]{length=17, hash=-1644578928}}}}
02:55:23.649 [raft-server-1-state] TRACE i.a.p.s.impl.DefaultServiceExecutor - PrimitiveService{2}{type=io.atomix.protocols.raft.RaftTest$TestPrimitiveType@60cd3cc, name=raft-test} - Executing DefaultCommit{index=51, session=RaftSession{RaftServiceContext{server=1, type=io.atomix.protocols.raft.RaftTest$TestPrimitiveType@60cd3cc, name=raft-test, id=2}, session=2, timestamp=2018-06-09 02:55:23,046}, time=2018-06-09 02:55:23,046, operation=DefaultOperationId{id=write, type=COMMAND}, value=byte[]{length=17, hash=-1644578928}}
02:55:23.649 [raft-server-1-state] TRACE i.a.protocols.raft.roles.LeaderRole - RaftServer{1}{role=LEADER} - Sending CommandResponse{status=OK, index=51, eventIndex=2, result=byte[]{length=2, hash=1342}}
02:55:23.649 [raft-client-6c0a1bb2-986e-47f7-86e2-6a736c947544-3] TRACE i.a.p.r.p.impl.RaftProxyConnection - ProxySession{2}{type=io.atomix.protocols.raft.RaftTest$TestPrimitiveType@35bfa1bb, name=raft-test} - Received CommandResponse{status=OK, index=51, eventIndex=2, result=byte[]{length=2, hash=1342}} from 1
02:55:23.649 [raft-client-6c0a1bb2-986e-47f7-86e2-6a736c947544-3] TRACE i.a.p.r.p.impl.RaftProxySequencer - ProxySession{2}{type=io.atomix.protocols.raft.RaftTest$TestPrimitiveType@35bfa1bb, name=raft-test} - Completing response CommandResponse{status=OK, index=51, eventIndex=2, result=byte[]{length=2, hash=1342}}
02:55:23.650 [raft-client-6c0a1bb2-986e-47f7-86e2-6a736c947544-3] TRACE i.a.p.r.p.impl.RaftProxyConnection - ProxySession{2}{type=io.atomix.protocols.raft.RaftTest$TestPrimitiveType@35bfa1bb, name=raft-test} - Sending CommandRequest{session=2, sequence=44, operation=PrimitiveOperation{id=DefaultOperationId{id=write, type=COMMAND}, value=byte[]{length=17, hash=-1644578928}}} to 1
02:55:23.650 [raft-server-1] TRACE i.a.protocols.raft.roles.LeaderRole - RaftServer{1}{role=LEADER} - Received CommandRequest{session=2, sequence=44, operation=PrimitiveOperation{id=DefaultOperationId{id=write, type=COMMAND}, value=byte[]{length=17, hash=-1644578928}}}
02:55:23.650 [raft-server-1] TRACE i.a.protocols.raft.roles.LeaderRole - RaftServer{1}{role=LEADER} - Appended Indexed{index=53, entry=CommandEntry{term=1, timestamp=2018-06-09 02:55:23,650, session=2, sequence=44, operation=PrimitiveOperation{id=DefaultOperationId{id=write, type=COMMAND}, value=byte[]{length=17, hash=-1644578928}}}}
02:55:23.721 [raft-server-1] TRACE i.a.p.raft.roles.LeaderAppender - RaftServer{1} - Sending AppendRequest{term=1, leader=1, prevLogIndex=51, prevLogTerm=1, entries=2, commitIndex=51} to 3
02:55:23.721 [raft-server-1] TRACE i.a.p.raft.roles.LeaderAppender - RaftServer{1} - Sending AppendRequest{term=1, leader=1, prevLogIndex=51, prevLogTerm=1, entries=2, commitIndex=51} to 2
02:55:23.740 [raft-server-3] TRACE i.a.p.raft.roles.FollowerRole - RaftServer{3}{role=FOLLOWER} - Committed entries up to index 51
02:55:23.740 [raft-server-3] TRACE i.a.p.raft.roles.FollowerRole - RaftServer{3}{role=FOLLOWER} - Sending AppendResponse{status=OK, term=1, succeeded=true, lastLogIndex=51}
02:55:23.740 [raft-server-2] TRACE i.a.p.raft.roles.FollowerRole - RaftServer{2}{role=FOLLOWER} - Committed entries up to index 51
02:55:23.740 [raft-server-3] TRACE i.a.p.raft.roles.FollowerRole - RaftServer{3}{role=FOLLOWER} - Received AppendRequest{term=1, leader=1, prevLogIndex=51, prevLogTerm=1, entries=2, commitIndex=51}
02:55:23.740 [raft-server-1] TRACE i.a.p.raft.roles.LeaderAppender - RaftServer{1} - Received AppendResponse{status=OK, term=1, succeeded=true, lastLogIndex=51} from 3
02:55:23.740 [raft-server-2] TRACE i.a.p.raft.roles.FollowerRole - RaftServer{2}{role=FOLLOWER} - Sending AppendResponse{status=OK, term=1, succeeded=true, lastLogIndex=51}
02:55:23.740 [raft-server-2] TRACE i.a.p.raft.roles.FollowerRole - RaftServer{2}{role=FOLLOWER} - Received AppendRequest{term=1, leader=1, prevLogIndex=51, prevLogTerm=1, entries=2, commitIndex=51}
02:55:23.740 [raft-server-1] TRACE i.a.p.raft.roles.LeaderAppender - RaftServer{1} - Received AppendResponse{status=OK, term=1, succeeded=true, lastLogIndex=51} from 2
02:55:23.740 [raft-server-3] TRACE i.a.p.raft.roles.FollowerRole - RaftServer{3}{role=FOLLOWER} - Appended Indexed{index=52, entry=KeepAliveEntry{term=1, timestamp=2018-06-09 02:55:23,648, sessionIds=long[]{length=1, hash=33}, commandSequences=long[]{length=1, hash=73}, eventIndexes=long[]{length=1, hash=33}}}
02:55:23.740 [raft-server-2] TRACE i.a.p.raft.roles.FollowerRole - RaftServer{2}{role=FOLLOWER} - Appended Indexed{index=52, entry=KeepAliveEntry{term=1, timestamp=2018-06-09 02:55:23,648, sessionIds=long[]{length=1, hash=33}, commandSequences=long[]{length=1, hash=73}, eventIndexes=long[]{length=1, hash=33}}}
02:55:23.740 [raft-server-3] TRACE i.a.p.raft.roles.FollowerRole - RaftServer{3}{role=FOLLOWER} - Appended Indexed{index=53, entry=CommandEntry{term=1, timestamp=2018-06-09 02:55:23,650, session=2, sequence=44, operation=PrimitiveOperation{id=DefaultOperationId{id=write, type=COMMAND}, value=byte[]{length=17, hash=-1644578928}}}}
02:55:23.740 [raft-server-2] TRACE i.a.p.raft.roles.FollowerRole - RaftServer{2}{role=FOLLOWER} - Appended Indexed{index=53, entry=CommandEntry{term=1, timestamp=2018-06-09 02:55:23,650, session=2, sequence=44, operation=PrimitiveOperation{id=DefaultOperationId{id=write, type=COMMAND}, value=byte[]{length=17, hash=-1644578928}}}}
02:55:23.740 [raft-server-3] TRACE i.a.p.raft.roles.FollowerRole - RaftServer{3}{role=FOLLOWER} - Sending AppendResponse{status=OK, term=1, succeeded=true, lastLogIndex=53}
02:55:23.740 [raft-server-2] TRACE i.a.p.raft.roles.FollowerRole - RaftServer{2}{role=FOLLOWER} - Sending AppendResponse{status=OK, term=1, succeeded=true, lastLogIndex=53}
02:55:23.740 [raft-server-1] TRACE i.a.p.raft.roles.LeaderAppender - RaftServer{1} - Received AppendResponse{status=OK, term=1, succeeded=true, lastLogIndex=53} from 3
02:55:23.740 [raft-server-1] TRACE i.a.p.raft.roles.LeaderAppender - RaftServer{1} - Committed entries up to 53
02:55:23.740 [raft-server-3-state] TRACE i.a.p.raft.impl.RaftServiceManager - RaftServer{3} - Applying Indexed{index=51, entry=CommandEntry{term=1, timestamp=2018-06-09 02:55:23,046, session=2, sequence=43, operation=PrimitiveOperation{id=DefaultOperationId{id=write, type=COMMAND}, value=byte[]{length=17, hash=-1644578928}}}}
02:55:23.740 [raft-server-2-state] TRACE i.a.p.raft.impl.RaftServiceManager - RaftServer{2} - Applying Indexed{index=51, entry=CommandEntry{term=1, timestamp=2018-06-09 02:55:23,046, session=2, sequence=43, operation=PrimitiveOperation{id=DefaultOperationId{id=write, type=COMMAND}, value=byte[]{length=17, hash=-1644578928}}}}
02:55:23.740 [raft-server-2-state] TRACE i.a.p.s.impl.DefaultServiceExecutor - PrimitiveService{2}{type=io.atomix.protocols.raft.RaftTest$TestPrimitiveType@21189677, name=raft-test} - Executing DefaultCommit{index=51, session=RaftSession{RaftServiceContext{server=2, type=io.atomix.protocols.raft.RaftTest$TestPrimitiveType@21189677, name=raft-test, id=2}, session=2, timestamp=2018-06-09 02:55:23,046}, time=2018-06-09 02:55:23,046, operation=DefaultOperationId{id=write, type=COMMAND}, value=byte[]{length=17, hash=-1644578928}}
02:55:23.740 [raft-server-3-state] TRACE i.a.p.s.impl.DefaultServiceExecutor - PrimitiveService{2}{type=io.atomix.protocols.raft.RaftTest$TestPrimitiveType@34b8c602, name=raft-test} - Executing DefaultCommit{index=51, session=RaftSession{RaftServiceContext{server=3, type=io.atomix.protocols.raft.RaftTest$TestPrimitiveType@34b8c602, name=raft-test, id=2}, session=2, timestamp=2018-06-09 02:55:23,046}, time=2018-06-09 02:55:23,046, operation=DefaultOperationId{id=write, type=COMMAND}, value=byte[]{length=17, hash=-1644578928}}
02:55:23.831 [raft-server-1] TRACE i.a.p.raft.roles.LeaderAppender - RaftServer{1} - Sending AppendRequest{term=1, leader=1, prevLogIndex=53, prevLogTerm=1, entries=0, commitIndex=53} to 3
02:55:23.831 [raft-server-3] TRACE i.a.p.raft.roles.FollowerRole - RaftServer{3}{role=FOLLOWER} - Received AppendRequest{term=1, leader=1, prevLogIndex=53, prevLogTerm=1, entries=0, commitIndex=53}
02:55:23.831 [raft-server-1] TRACE i.a.p.raft.roles.LeaderAppender - RaftServer{1} - Received AppendResponse{status=OK, term=1, succeeded=true, lastLogIndex=53} from 2
02:55:23.832 [raft-server-1] TRACE i.a.p.raft.roles.LeaderAppender - RaftServer{1} - Sending AppendRequest{term=1, leader=1, prevLogIndex=53, prevLogTerm=1, entries=0, commitIndex=53} to 2
02:55:23.832 [raft-server-2] TRACE i.a.p.raft.roles.FollowerRole - RaftServer{2}{role=FOLLOWER} - Received AppendRequest{term=1, leader=1, prevLogIndex=53, prevLogTerm=1, entries=0, commitIndex=53}
02:55:23.832 [raft-server-1-state] TRACE i.a.p.raft.impl.RaftServiceManager - RaftServer{1} - Applying Indexed{index=52, entry=KeepAliveEntry{term=1, timestamp=2018-06-09 02:55:23,648, sessionIds=long[]{length=1, hash=33}, commandSequences=long[]{length=1, hash=73}, eventIndexes=long[]{length=1, hash=33}}}
02:55:23.832 [raft-server-1-state] TRACE i.a.p.raft.impl.RaftServiceManager - RaftServer{1} - Applying Indexed{index=53, entry=CommandEntry{term=1, timestamp=2018-06-09 02:55:23,650, session=2, sequence=44, operation=PrimitiveOperation{id=DefaultOperationId{id=write, type=COMMAND}, value=byte[]{length=17, hash=-1644578928}}}}
02:55:23.832 [raft-server-1] TRACE i.a.protocols.raft.roles.LeaderRole - RaftServer{1}{role=LEADER} - Sending KeepAliveResponse{status=OK, leader=1, members=[1, 3, 2], sessionIds=long[]{length=1, hash=33}}
02:55:23.832 [raft-server-1-state] TRACE i.a.p.s.impl.DefaultServiceExecutor - PrimitiveService{2}{type=io.atomix.protocols.raft.RaftTest$TestPrimitiveType@60cd3cc, name=raft-test} - Executing DefaultCommit{index=53, session=RaftSession{RaftServiceContext{server=1, type=io.atomix.protocols.raft.RaftTest$TestPrimitiveType@60cd3cc, name=raft-test, id=2}, session=2, timestamp=2018-06-09 02:55:23,650}, time=2018-06-09 02:55:23,650, operation=DefaultOperationId{id=write, type=COMMAND}, value=byte[]{length=17, hash=-1644578928}}
02:55:23.832 [raft-server-1-state] TRACE i.a.protocols.raft.roles.LeaderRole - RaftServer{1}{role=LEADER} - Sending CommandResponse{status=OK, index=53, eventIndex=2, result=byte[]{length=2, hash=1346}}
02:55:23.832 [raft-client-6c0a1bb2-986e-47f7-86e2-6a736c947544-0] TRACE i.a.p.r.p.impl.RaftProxyConnection - ProxySession{2}{type=io.atomix.protocols.raft.RaftTest$TestPrimitiveType@35bfa1bb, name=raft-test} - Received CommandResponse{status=OK, index=53, eventIndex=2, result=byte[]{length=2, hash=1346}} from 1
02:55:23.832 [raft-client-6c0a1bb2-986e-47f7-86e2-6a736c947544-0] TRACE i.a.p.r.p.impl.RaftProxySequencer - ProxySession{2}{type=io.atomix.protocols.raft.RaftTest$TestPrimitiveType@35bfa1bb, name=raft-test} - Completing response CommandResponse{status=OK, index=53, eventIndex=2, result=byte[]{length=2, hash=1346}}
02:55:23.833 [raft-client-6c0a1bb2-986e-47f7-86e2-6a736c947544-2] TRACE i.a.p.r.p.impl.RaftProxyConnection - ProxySession{2}{type=io.atomix.protocols.raft.RaftTest$TestPrimitiveType@35bfa1bb, name=raft-test} - Sending CommandRequest{session=2, sequence=45, operation=PrimitiveOperation{id=DefaultOperationId{id=write, type=COMMAND}, value=byte[]{length=17, hash=-1644578928}}} to 1
02:55:23.833 [raft-server-1] TRACE i.a.protocols.raft.roles.LeaderRole - RaftServer{1}{role=LEADER} - Received CommandRequest{session=2, sequence=45, operation=PrimitiveOperation{id=DefaultOperationId{id=write, type=COMMAND}, value=byte[]{length=17, hash=-1644578928}}}
02:55:23.833 [raft-server-1] TRACE i.a.protocols.raft.roles.LeaderRole - RaftServer{1}{role=LEADER} - Appended Indexed{index=54, entry=CommandEntry{term=1, timestamp=2018-06-09 02:55:23,833, session=2, sequence=45, operation=PrimitiveOperation{id=DefaultOperationId{id=write, type=COMMAND}, value=byte[]{length=17, hash=-1644578928}}}}
02:55:23.931 [raft-server-3] TRACE i.a.p.raft.roles.FollowerRole - RaftServer{3}{role=FOLLOWER} - Committed entries up to index 53
02:55:23.931 [raft-server-3] TRACE i.a.p.raft.roles.FollowerRole - RaftServer{3}{role=FOLLOWER} - Sending AppendResponse{status=OK, term=1, succeeded=true, lastLogIndex=53}
02:55:23.931 [raft-server-2] TRACE i.a.p.raft.roles.FollowerRole - RaftServer{2}{role=FOLLOWER} - Committed entries up to index 53
02:55:23.931 [raft-server-2] TRACE i.a.p.raft.roles.FollowerRole - RaftServer{2}{role=FOLLOWER} - Sending AppendResponse{status=OK, term=1, succeeded=true, lastLogIndex=53}
02:55:23.931 [raft-server-1] TRACE i.a.p.raft.roles.LeaderAppender - RaftServer{1} - Received AppendResponse{status=OK, term=1, succeeded=true, lastLogIndex=53} from 3
02:55:23.931 [raft-server-2] TRACE i.a.p.raft.roles.FollowerRole - RaftServer{2}{role=FOLLOWER} - Sending KeepAliveResponse{status=OK, leader=1, members=[1, 3, 2], sessionIds=long[]{length=1, hash=33}}
02:55:23.931 [raft-server-3-state] TRACE i.a.p.raft.impl.RaftServiceManager - RaftServer{3} - Applying Indexed{index=52, entry=KeepAliveEntry{term=1, timestamp=2018-06-09 02:55:23,648, sessionIds=long[]{length=1, hash=33}, commandSequences=long[]{length=1, hash=73}, eventIndexes=long[]{length=1, hash=33}}}
02:55:23.932 [raft-server-1] TRACE i.a.p.raft.roles.LeaderAppender - RaftServer{1} - Sending AppendRequest{term=1, leader=1, prevLogIndex=53, prevLogTerm=1, entries=1, commitIndex=53} to 3
02:55:23.932 [raft-client-6c0a1bb2-986e-47f7-86e2-6a736c947544-5] TRACE i.a.p.r.p.impl.RaftProxyConnection - RaftClient{6c0a1bb2-986e-47f7-86e2-6a736c947544} - Received KeepAliveResponse{status=OK, leader=1, members=[1, 3, 2], sessionIds=long[]{length=1, hash=33}} from 2
02:55:23.932 [raft-server-2-state] TRACE i.a.p.raft.impl.RaftServiceManager - RaftServer{2} - Applying Indexed{index=52, entry=KeepAliveEntry{term=1, timestamp=2018-06-09 02:55:23,648, sessionIds=long[]{length=1, hash=33}, commandSequences=long[]{length=1, hash=73}, eventIndexes=long[]{length=1, hash=33}}}
02:55:23.932 [raft-server-3-state] TRACE i.a.p.raft.impl.RaftServiceManager - RaftServer{3} - Applying Indexed{index=53, entry=CommandEntry{term=1, timestamp=2018-06-09 02:55:23,650, session=2, sequence=44, operation=PrimitiveOperation{id=DefaultOperationId{id=write, type=COMMAND}, value=byte[]{length=17, hash=-1644578928}}}}
02:55:23.932 [raft-server-1] TRACE i.a.p.raft.roles.LeaderAppender - RaftServer{1} - Received AppendResponse{status=OK, term=1, succeeded=true, lastLogIndex=53} from 2
02:55:23.932 [raft-server-3] TRACE i.a.p.raft.roles.FollowerRole - RaftServer{3}{role=FOLLOWER} - Received AppendRequest{term=1, leader=1, prevLogIndex=53, prevLogTerm=1, entries=1, commitIndex=53}
02:55:23.932 [raft-server-2-state] TRACE i.a.p.raft.impl.RaftServiceManager - RaftServer{2} - Applying Indexed{index=53, entry=CommandEntry{term=1, timestamp=2018-06-09 02:55:23,650, session=2, sequence=44, operation=PrimitiveOperation{id=DefaultOperationId{id=write, type=COMMAND}, value=byte[]{length=17, hash=-1644578928}}}}
02:55:23.932 [raft-server-3-state] TRACE i.a.p.s.impl.DefaultServiceExecutor - PrimitiveService{2}{type=io.atomix.protocols.raft.RaftTest$TestPrimitiveType@34b8c602, name=raft-test} - Executing DefaultCommit{index=53, session=RaftSession{RaftServiceContext{server=3, type=io.atomix.protocols.raft.RaftTest$TestPrimitiveType@34b8c602, name=raft-test, id=2}, session=2, timestamp=2018-06-09 02:55:23,650}, time=2018-06-09 02:55:23,650, operation=DefaultOperationId{id=write, type=COMMAND}, value=byte[]{length=17, hash=-1644578928}}
02:55:23.932 [raft-server-1] TRACE i.a.p.raft.roles.LeaderAppender - RaftServer{1} - Sending AppendRequest{term=1, leader=1, prevLogIndex=53, prevLogTerm=1, entries=1, commitIndex=53} to 2
02:55:23.932 [raft-server-2-state] TRACE i.a.p.s.impl.DefaultServiceExecutor - PrimitiveService{2}{type=io.atomix.protocols.raft.RaftTest$TestPrimitiveType@21189677, name=raft-test} - Executing DefaultCommit{index=53, session=RaftSession{RaftServiceContext{server=2, type=io.atomix.protocols.raft.RaftTest$TestPrimitiveType@21189677, name=raft-test, id=2}, session=2, timestamp=2018-06-09 02:55:23,650}, time=2018-06-09 02:55:23,650, operation=DefaultOperationId{id=write, type=COMMAND}, value=byte[]{length=17, hash=-1644578928}}
02:55:23.932 [raft-server-3] TRACE i.a.p.raft.roles.FollowerRole - RaftServer{3}{role=FOLLOWER} - Appended Indexed{index=54, entry=CommandEntry{term=1, timestamp=2018-06-09 02:55:23,833, session=2, sequence=45, operation=PrimitiveOperation{id=DefaultOperationId{id=write, type=COMMAND}, value=byte[]{length=17, hash=-1644578928}}}}
02:55:23.932 [raft-server-2] TRACE i.a.p.raft.roles.FollowerRole - RaftServer{2}{role=FOLLOWER} - Received AppendRequest{term=1, leader=1, prevLogIndex=53, prevLogTerm=1, entries=1, commitIndex=53}
02:55:23.932 [raft-server-3] TRACE i.a.p.raft.roles.FollowerRole - RaftServer{3}{role=FOLLOWER} - Sending AppendResponse{status=OK, term=1, succeeded=true, lastLogIndex=54}
02:55:23.933 [raft-server-1] TRACE i.a.p.raft.roles.LeaderAppender - RaftServer{1} - Received AppendResponse{status=OK, term=1, succeeded=true, lastLogIndex=54} from 3
02:55:23.933 [raft-server-2] TRACE i.a.p.raft.roles.FollowerRole - RaftServer{2}{role=FOLLOWER} - Appended Indexed{index=54, entry=CommandEntry{term=1, timestamp=2018-06-09 02:55:23,833, session=2, sequence=45, operation=PrimitiveOperation{id=DefaultOperationId{id=write, type=COMMAND}, value=byte[]{length=17, hash=-1644578928}}}}
02:55:23.933 [raft-server-1] TRACE i.a.p.raft.roles.LeaderAppender - RaftServer{1} - Committed entries up to 54
02:55:23.933 [raft-server-2] TRACE i.a.p.raft.roles.FollowerRole - RaftServer{2}{role=FOLLOWER} - Sending AppendResponse{status=OK, term=1, succeeded=true, lastLogIndex=54}
02:55:24.041 [raft-server-1] TRACE i.a.p.raft.roles.LeaderAppender - RaftServer{1} - Received AppendResponse{status=OK, term=1, succeeded=true, lastLogIndex=54} from 2
02:55:24.041 [raft-server-1] TRACE i.a.p.raft.roles.LeaderAppender - RaftServer{1} - Sending AppendRequest{term=1, leader=1, prevLogIndex=54, prevLogTerm=1, entries=0, commitIndex=54} to 3
02:55:24.041 [raft-server-1] TRACE i.a.p.raft.roles.LeaderAppender - RaftServer{1} - Sending AppendRequest{term=1, leader=1, prevLogIndex=54, prevLogTerm=1, entries=0, commitIndex=54} to 2
02:55:24.041 [raft-server-3] TRACE i.a.p.raft.roles.FollowerRole - RaftServer{3}{role=FOLLOWER} - Received AppendRequest{term=1, leader=1, prevLogIndex=54, prevLogTerm=1, entries=0, commitIndex=54}
02:55:24.042 [raft-server-2] TRACE i.a.p.raft.roles.FollowerRole - RaftServer{2}{role=FOLLOWER} - Received AppendRequest{term=1, leader=1, prevLogIndex=54, prevLogTerm=1, entries=0, commitIndex=54}
02:55:24.042 [raft-server-1-state] TRACE i.a.p.raft.impl.RaftServiceManager - RaftServer{1} - Applying Indexed{index=54, entry=CommandEntry{term=1, timestamp=2018-06-09 02:55:23,833, session=2, sequence=45, operation=PrimitiveOperation{id=DefaultOperationId{id=write, type=COMMAND}, value=byte[]{length=17, hash=-1644578928}}}}
02:55:24.042 [raft-server-1-state] TRACE i.a.p.s.impl.DefaultServiceExecutor - PrimitiveService{2}{type=io.atomix.protocols.raft.RaftTest$TestPrimitiveType@60cd3cc, name=raft-test} - Executing DefaultCommit{index=54, session=RaftSession{RaftServiceContext{server=1, type=io.atomix.protocols.raft.RaftTest$TestPrimitiveType@60cd3cc, name=raft-test, id=2}, session=2, timestamp=2018-06-09 02:55:23,833}, time=2018-06-09 02:55:23,833, operation=DefaultOperationId{id=write, type=COMMAND}, value=byte[]{length=17, hash=-1644578928}}
02:55:24.042 [raft-server-1] TRACE i.a.protocols.raft.roles.LeaderRole - RaftServer{1}{role=LEADER} - Sending CommandResponse{status=OK, index=54, eventIndex=2, result=byte[]{length=2, hash=1348}}
02:55:24.042 [raft-client-6c0a1bb2-986e-47f7-86e2-6a736c947544-1] TRACE i.a.p.r.p.impl.RaftProxyConnection - ProxySession{2}{type=io.atomix.protocols.raft.RaftTest$TestPrimitiveType@35bfa1bb, name=raft-test} - Received CommandResponse{status=OK, index=54, eventIndex=2, result=byte[]{length=2, hash=1348}} from 1
02:55:24.042 [raft-client-6c0a1bb2-986e-47f7-86e2-6a736c947544-1] TRACE i.a.p.r.p.impl.RaftProxySequencer - ProxySession{2}{type=io.atomix.protocols.raft.RaftTest$TestPrimitiveType@35bfa1bb, name=raft-test} - Completing response CommandResponse{status=OK, index=54, eventIndex=2, result=byte[]{length=2, hash=1348}}
02:55:24.043 [raft-client-6c0a1bb2-986e-47f7-86e2-6a736c947544-0] TRACE i.a.p.r.p.impl.RaftProxyConnection - ProxySession{2}{type=io.atomix.protocols.raft.RaftTest$TestPrimitiveType@35bfa1bb, name=raft-test} - Sending CommandRequest{session=2, sequence=46, operation=PrimitiveOperation{id=DefaultOperationId{id=write, type=COMMAND}, value=byte[]{length=17, hash=-1644578928}}} to 1
02:55:24.043 [raft-server-1] TRACE i.a.protocols.raft.roles.LeaderRole - RaftServer{1}{role=LEADER} - Received CommandRequest{session=2, sequence=46, operation=PrimitiveOperation{id=DefaultOperationId{id=write, type=COMMAND}, value=byte[]{length=17, hash=-1644578928}}}
02:55:24.043 [raft-server-1] TRACE i.a.protocols.raft.roles.LeaderRole - RaftServer{1}{role=LEADER} - Appended Indexed{index=55, entry=CommandEntry{term=1, timestamp=2018-06-09 02:55:24,043, session=2, sequence=46, operation=PrimitiveOperation{id=DefaultOperationId{id=write, type=COMMAND}, value=byte[]{length=17, hash=-1644578928}}}}
02:55:24.169 [raft-server-3] TRACE i.a.p.raft.roles.FollowerRole - RaftServer{3}{role=FOLLOWER} - Committed entries up to index 54
02:55:24.169 [raft-server-2] TRACE i.a.p.raft.roles.FollowerRole - RaftServer{2}{role=FOLLOWER} - Committed entries up to index 54
02:55:24.169 [raft-server-3] TRACE i.a.p.raft.roles.FollowerRole - RaftServer{3}{role=FOLLOWER} - Sending AppendResponse{status=OK, term=1, succeeded=true, lastLogIndex=54}
02:55:24.169 [raft-server-2] TRACE i.a.p.raft.roles.FollowerRole - RaftServer{2}{role=FOLLOWER} - Sending AppendResponse{status=OK, term=1, succeeded=true, lastLogIndex=54}
02:55:24.170 [raft-server-1] TRACE i.a.p.raft.roles.LeaderAppender - RaftServer{1} - Received AppendResponse{status=OK, term=1, succeeded=true, lastLogIndex=54} from 3
02:55:24.170 [raft-server-1] TRACE i.a.p.raft.roles.LeaderAppender - RaftServer{1} - Sending AppendRequest{term=1, leader=1, prevLogIndex=54, prevLogTerm=1, entries=1, commitIndex=54} to 3
02:55:24.170 [raft-server-2-state] TRACE i.a.p.raft.impl.RaftServiceManager - RaftServer{2} - Applying Indexed{index=54, entry=CommandEntry{term=1, timestamp=2018-06-09 02:55:23,833, session=2, sequence=45, operation=PrimitiveOperation{id=DefaultOperationId{id=write, type=COMMAND}, value=byte[]{length=17, hash=-1644578928}}}}
02:55:24.170 [raft-server-3-state] TRACE i.a.p.raft.impl.RaftServiceManager - RaftServer{3} - Applying Indexed{index=54, entry=CommandEntry{term=1, timestamp=2018-06-09 02:55:23,833, session=2, sequence=45, operation=PrimitiveOperation{id=DefaultOperationId{id=write, type=COMMAND}, value=byte[]{length=17, hash=-1644578928}}}}
02:55:24.170 [raft-server-3] TRACE i.a.p.raft.roles.FollowerRole - RaftServer{3}{role=FOLLOWER} - Received AppendRequest{term=1, leader=1, prevLogIndex=54, prevLogTerm=1, entries=1, commitIndex=54}
02:55:24.170 [raft-server-1] TRACE i.a.p.raft.roles.LeaderAppender - RaftServer{1} - Sending AppendRequest{term=1, leader=1, prevLogIndex=54, prevLogTerm=1, entries=1, commitIndex=54} to 2
02:55:24.170 [raft-server-2-state] TRACE i.a.p.s.impl.DefaultServiceExecutor - PrimitiveService{2}{type=io.atomix.protocols.raft.RaftTest$TestPrimitiveType@21189677, name=raft-test} - Executing DefaultCommit{index=54, session=RaftSession{RaftServiceContext{server=2, type=io.atomix.protocols.raft.RaftTest$TestPrimitiveType@21189677, name=raft-test, id=2}, session=2, timestamp=2018-06-09 02:55:23,833}, time=2018-06-09 02:55:23,833, operation=DefaultOperationId{id=write, type=COMMAND}, value=byte[]{length=17, hash=-1644578928}}
02:55:24.170 [raft-server-3-state] TRACE i.a.p.s.impl.DefaultServiceExecutor - PrimitiveService{2}{type=io.atomix.protocols.raft.RaftTest$TestPrimitiveType@34b8c602, name=raft-test} - Executing DefaultCommit{index=54, session=RaftSession{RaftServiceContext{server=3, type=io.atomix.protocols.raft.RaftTest$TestPrimitiveType@34b8c602, name=raft-test, id=2}, session=2, timestamp=2018-06-09 02:55:23,833}, time=2018-06-09 02:55:23,833, operation=DefaultOperationId{id=write, type=COMMAND}, value=byte[]{length=17, hash=-1644578928}}
02:55:24.170 [raft-server-3] TRACE i.a.p.raft.roles.FollowerRole - RaftServer{3}{role=FOLLOWER} - Appended Indexed{index=55, entry=CommandEntry{term=1, timestamp=2018-06-09 02:55:24,043, session=2, sequence=46, operation=PrimitiveOperation{id=DefaultOperationId{id=write, type=COMMAND}, value=byte[]{length=17, hash=-1644578928}}}}
02:55:24.170 [raft-server-1] TRACE i.a.p.raft.roles.LeaderAppender - RaftServer{1} - Received AppendResponse{status=OK, term=1, succeeded=true, lastLogIndex=54} from 2
02:55:24.170 [raft-server-2] TRACE i.a.p.raft.roles.FollowerRole - RaftServer{2}{role=FOLLOWER} - Received AppendRequest{term=1, leader=1, prevLogIndex=54, prevLogTerm=1, entries=1, commitIndex=54}
02:55:24.170 [raft-server-3] TRACE i.a.p.raft.roles.FollowerRole - RaftServer{3}{role=FOLLOWER} - Sending AppendResponse{status=OK, term=1, succeeded=true, lastLogIndex=55}
02:55:24.171 [raft-server-2] TRACE i.a.p.raft.roles.FollowerRole - RaftServer{2}{role=FOLLOWER} - Appended Indexed{index=55, entry=CommandEntry{term=1, timestamp=2018-06-09 02:55:24,043, session=2, sequence=46, operation=PrimitiveOperation{id=DefaultOperationId{id=write, type=COMMAND}, value=byte[]{length=17, hash=-1644578928}}}}
02:55:24.171 [raft-server-1] TRACE i.a.p.raft.roles.LeaderAppender - RaftServer{1} - Received AppendResponse{status=OK, term=1, succeeded=true, lastLogIndex=55} from 3
02:55:24.171 [raft-server-2] TRACE i.a.p.raft.roles.FollowerRole - RaftServer{2}{role=FOLLOWER} - Sending AppendResponse{status=OK, term=1, succeeded=true, lastLogIndex=55}
02:55:24.171 [raft-server-1] TRACE i.a.p.raft.roles.LeaderAppender - RaftServer{1} - Committed entries up to 55
02:55:24.273 [raft-server-1] TRACE i.a.p.raft.roles.LeaderAppender - RaftServer{1} - Received AppendResponse{status=OK, term=1, succeeded=true, lastLogIndex=55} from 2
02:55:24.273 [raft-server-1] TRACE i.a.p.raft.roles.LeaderAppender - RaftServer{1} - Sending AppendRequest{term=1, leader=1, prevLogIndex=55, prevLogTerm=1, entries=0, commitIndex=55} to 3
02:55:24.273 [raft-server-3] TRACE i.a.p.raft.roles.FollowerRole - RaftServer{3}{role=FOLLOWER} - Received AppendRequest{term=1, leader=1, prevLogIndex=55, prevLogTerm=1, entries=0, commitIndex=55}
02:55:24.273 [raft-server-1] TRACE i.a.p.raft.roles.LeaderAppender - RaftServer{1} - Sending AppendRequest{term=1, leader=1, prevLogIndex=55, prevLogTerm=1, entries=0, commitIndex=55} to 2
02:55:24.274 [raft-server-2] TRACE i.a.p.raft.roles.FollowerRole - RaftServer{2}{role=FOLLOWER} - Received AppendRequest{term=1, leader=1, prevLogIndex=55, prevLogTerm=1, entries=0, commitIndex=55}
02:55:24.274 [raft-server-1-state] TRACE i.a.p.raft.impl.RaftServiceManager - RaftServer{1} - Applying Indexed{index=55, entry=CommandEntry{term=1, timestamp=2018-06-09 02:55:24,043, session=2, sequence=46, operation=PrimitiveOperation{id=DefaultOperationId{id=write, type=COMMAND}, value=byte[]{length=17, hash=-1644578928}}}}
02:55:24.274 [raft-server-1-state] TRACE i.a.p.s.impl.DefaultServiceExecutor - PrimitiveService{2}{type=io.atomix.protocols.raft.RaftTest$TestPrimitiveType@60cd3cc, name=raft-test} - Executing DefaultCommit{index=55, session=RaftSession{RaftServiceContext{server=1, type=io.atomix.protocols.raft.RaftTest$TestPrimitiveType@60cd3cc, name=raft-test, id=2}, session=2, timestamp=2018-06-09 02:55:24,043}, time=2018-06-09 02:55:24,043, operation=DefaultOperationId{id=write, type=COMMAND}, value=byte[]{length=17, hash=-1644578928}}
02:55:24.274 [raft-server-1-state] TRACE i.a.protocols.raft.roles.LeaderRole - RaftServer{1}{role=LEADER} - Sending CommandResponse{status=OK, index=55, eventIndex=2, result=byte[]{length=2, hash=1350}}
02:55:24.274 [raft-client-6c0a1bb2-986e-47f7-86e2-6a736c947544-5] TRACE i.a.p.r.p.impl.RaftProxyConnection - ProxySession{2}{type=io.atomix.protocols.raft.RaftTest$TestPrimitiveType@35bfa1bb, name=raft-test} - Received CommandResponse{status=OK, index=55, eventIndex=2, result=byte[]{length=2, hash=1350}} from 1
02:55:24.274 [raft-client-6c0a1bb2-986e-47f7-86e2-6a736c947544-5] TRACE i.a.p.r.p.impl.RaftProxySequencer - ProxySession{2}{type=io.atomix.protocols.raft.RaftTest$TestPrimitiveType@35bfa1bb, name=raft-test} - Completing response CommandResponse{status=OK, index=55, eventIndex=2, result=byte[]{length=2, hash=1350}}
02:55:24.274 [raft-client-6c0a1bb2-986e-47f7-86e2-6a736c947544-5] TRACE i.a.p.r.p.impl.RaftProxyConnection - ProxySession{2}{type=io.atomix.protocols.raft.RaftTest$TestPrimitiveType@35bfa1bb, name=raft-test} - Sending CommandRequest{session=2, sequence=47, operation=PrimitiveOperation{id=DefaultOperationId{id=write, type=COMMAND}, value=byte[]{length=17, hash=-1644578928}}} to 1
02:55:24.275 [raft-server-1] TRACE i.a.protocols.raft.roles.LeaderRole - RaftServer{1}{role=LEADER} - Received CommandRequest{session=2, sequence=47, operation=PrimitiveOperation{id=DefaultOperationId{id=write, type=COMMAND}, value=byte[]{length=17, hash=-1644578928}}}
02:55:24.275 [raft-server-1] TRACE i.a.protocols.raft.roles.LeaderRole - RaftServer{1}{role=LEADER} - Appended Indexed{index=56, entry=CommandEntry{term=1, timestamp=2018-06-09 02:55:24,275, session=2, sequence=47, operation=PrimitiveOperation{id=DefaultOperationId{id=write, type=COMMAND}, value=byte[]{length=17, hash=-1644578928}}}}
02:55:24.340 [raft-server-3] TRACE i.a.p.raft.roles.FollowerRole - RaftServer{3}{role=FOLLOWER} - Committed entries up to index 55
02:55:24.340 [raft-server-3] TRACE i.a.p.raft.roles.FollowerRole - RaftServer{3}{role=FOLLOWER} - Sending AppendResponse{status=OK, term=1, succeeded=true, lastLogIndex=55}
02:55:24.340 [raft-server-2] TRACE i.a.p.raft.roles.FollowerRole - RaftServer{2}{role=FOLLOWER} - Committed entries up to index 55
02:55:24.340 [raft-server-2] TRACE i.a.p.raft.roles.FollowerRole - RaftServer{2}{role=FOLLOWER} - Sending AppendResponse{status=OK, term=1, succeeded=true, lastLogIndex=55}
02:55:24.340 [raft-server-1] TRACE i.a.p.raft.roles.LeaderAppender - RaftServer{1} - Received AppendResponse{status=OK, term=1, succeeded=true, lastLogIndex=55} from 3
02:55:24.340 [raft-server-3-state] TRACE i.a.p.raft.impl.RaftServiceManager - RaftServer{3} - Applying Indexed{index=55, entry=CommandEntry{term=1, timestamp=2018-06-09 02:55:24,043, session=2, sequence=46, operation=PrimitiveOperation{id=DefaultOperationId{id=write, type=COMMAND}, value=byte[]{length=17, hash=-1644578928}}}}
02:55:24.340 [raft-server-2-state] TRACE i.a.p.raft.impl.RaftServiceManager - RaftServer{2} - Applying Indexed{index=55, entry=CommandEntry{term=1, timestamp=2018-06-09 02:55:24,043, session=2, sequence=46, operation=PrimitiveOperation{id=DefaultOperationId{id=write, type=COMMAND}, value=byte[]{length=17, hash=-1644578928}}}}
02:55:24.340 [raft-server-2-state] TRACE i.a.p.s.impl.DefaultServiceExecutor - PrimitiveService{2}{type=io.atomix.protocols.raft.RaftTest$TestPrimitiveType@21189677, name=raft-test} - Executing DefaultCommit{index=55, session=RaftSession{RaftServiceContext{server=2, type=io.atomix.protocols.raft.RaftTest$TestPrimitiveType@21189677, name=raft-test, id=2}, session=2, timestamp=2018-06-09 02:55:24,043}, time=2018-06-09 02:55:24,043, operation=DefaultOperationId{id=write, type=COMMAND}, value=byte[]{length=17, hash=-1644578928}}
02:55:24.340 [raft-server-3-state] TRACE i.a.p.s.impl.DefaultServiceExecutor - PrimitiveService{2}{type=io.atomix.protocols.raft.RaftTest$TestPrimitiveType@34b8c602, name=raft-test} - Executing DefaultCommit{index=55, session=RaftSession{RaftServiceContext{server=3, type=io.atomix.protocols.raft.RaftTest$TestPrimitiveType@34b8c602, name=raft-test, id=2}, session=2, timestamp=2018-06-09 02:55:24,043}, time=2018-06-09 02:55:24,043, operation=DefaultOperationId{id=write, type=COMMAND}, value=byte[]{length=17, hash=-1644578928}}
02:55:24.340 [raft-server-1] TRACE i.a.p.raft.roles.LeaderAppender - RaftServer{1} - Sending AppendRequest{term=1, leader=1, prevLogIndex=55, prevLogTerm=1, entries=1, commitIndex=55} to 3
02:55:24.340 [raft-server-1] TRACE i.a.p.raft.roles.LeaderAppender - RaftServer{1} - Received AppendResponse{status=OK, term=1, succeeded=true, lastLogIndex=55} from 2
02:55:24.340 [raft-server-3] TRACE i.a.p.raft.roles.FollowerRole - RaftServer{3}{role=FOLLOWER} - Received AppendRequest{term=1, leader=1, prevLogIndex=55, prevLogTerm=1, entries=1, commitIndex=55}
02:55:24.340 [raft-server-1] TRACE i.a.p.raft.roles.LeaderAppender - RaftServer{1} - Sending AppendRequest{term=1, leader=1, prevLogIndex=55, prevLogTerm=1, entries=1, commitIndex=55} to 2
02:55:24.341 [raft-server-2] TRACE i.a.p.raft.roles.FollowerRole - RaftServer{2}{role=FOLLOWER} - Received AppendRequest{term=1, leader=1, prevLogIndex=55, prevLogTerm=1, entries=1, commitIndex=55}
02:55:24.341 [raft-server-3] TRACE i.a.p.raft.roles.FollowerRole - RaftServer{3}{role=FOLLOWER} - Appended Indexed{index=56, entry=CommandEntry{term=1, timestamp=2018-06-09 02:55:24,275, session=2, sequence=47, operation=PrimitiveOperation{id=DefaultOperationId{id=write, type=COMMAND}, value=byte[]{length=17, hash=-1644578928}}}}
02:55:24.341 [raft-server-3] TRACE i.a.p.raft.roles.FollowerRole - RaftServer{3}{role=FOLLOWER} - Sending AppendResponse{status=OK, term=1, succeeded=true, lastLogIndex=56}
02:55:24.341 [raft-server-2] TRACE i.a.p.raft.roles.FollowerRole - RaftServer{2}{role=FOLLOWER} - Appended Indexed{index=56, entry=CommandEntry{term=1, timestamp=2018-06-09 02:55:24,275, session=2, sequence=47, operation=PrimitiveOperation{id=DefaultOperationId{id=write, type=COMMAND}, value=byte[]{length=17, hash=-1644578928}}}}
02:55:24.341 [raft-server-1] TRACE i.a.p.raft.roles.LeaderAppender - RaftServer{1} - Received AppendResponse{status=OK, term=1, succeeded=true, lastLogIndex=56} from 3
02:55:24.341 [raft-server-2] TRACE i.a.p.raft.roles.FollowerRole - RaftServer{2}{role=FOLLOWER} - Sending AppendResponse{status=OK, term=1, succeeded=true, lastLogIndex=56}
02:55:24.341 [raft-server-1] TRACE i.a.p.raft.roles.LeaderAppender - RaftServer{1} - Committed entries up to 56
02:55:24.471 [raft-server-1] TRACE i.a.p.raft.roles.LeaderAppender - RaftServer{1} - Received AppendResponse{status=OK, term=1, succeeded=true, lastLogIndex=56} from 2
02:55:24.471 [raft-server-1-state] TRACE i.a.p.raft.impl.RaftServiceManager - RaftServer{1} - Applying Indexed{index=56, entry=CommandEntry{term=1, timestamp=2018-06-09 02:55:24,275, session=2, sequence=47, operation=PrimitiveOperation{id=DefaultOperationId{id=write, type=COMMAND}, value=byte[]{length=17, hash=-1644578928}}}}
02:55:24.471 [raft-server-1-state] TRACE i.a.p.s.impl.DefaultServiceExecutor - PrimitiveService{2}{type=io.atomix.protocols.raft.RaftTest$TestPrimitiveType@60cd3cc, name=raft-test} - Executing DefaultCommit{index=56, session=RaftSession{RaftServiceContext{server=1, type=io.atomix.protocols.raft.RaftTest$TestPrimitiveType@60cd3cc, name=raft-test, id=2}, session=2, timestamp=2018-06-09 02:55:24,275}, time=2018-06-09 02:55:24,275, operation=DefaultOperationId{id=write, type=COMMAND}, value=byte[]{length=17, hash=-1644578928}}
02:55:24.471 [raft-server-1] TRACE i.a.p.raft.roles.LeaderAppender - RaftServer{1} - Sending AppendRequest{term=1, leader=1, prevLogIndex=56, prevLogTerm=1, entries=0, commitIndex=56} to 3
02:55:24.471 [raft-server-1] TRACE i.a.p.raft.roles.LeaderAppender - RaftServer{1} - Sending AppendRequest{term=1, leader=1, prevLogIndex=56, prevLogTerm=1, entries=0, commitIndex=56} to 2
02:55:24.471 [raft-server-1-state] TRACE i.a.protocols.raft.roles.LeaderRole - RaftServer{1}{role=LEADER} - Sending CommandResponse{status=OK, index=56, eventIndex=2, result=byte[]{length=2, hash=1352}}
02:55:24.471 [raft-server-3] TRACE i.a.p.raft.roles.FollowerRole - RaftServer{3}{role=FOLLOWER} - Received AppendRequest{term=1, leader=1, prevLogIndex=56, prevLogTerm=1, entries=0, commitIndex=56}
02:55:24.471 [raft-server-2] TRACE i.a.p.raft.roles.FollowerRole - RaftServer{2}{role=FOLLOWER} - Received AppendRequest{term=1, leader=1, prevLogIndex=56, prevLogTerm=1, entries=0, commitIndex=56}
02:55:24.471 [raft-client-6c0a1bb2-986e-47f7-86e2-6a736c947544-1] TRACE i.a.p.r.p.impl.RaftProxyConnection - ProxySession{2}{type=io.atomix.protocols.raft.RaftTest$TestPrimitiveType@35bfa1bb, name=raft-test} - Received CommandResponse{status=OK, index=56, eventIndex=2, result=byte[]{length=2, hash=1352}} from 1
02:55:24.471 [raft-client-6c0a1bb2-986e-47f7-86e2-6a736c947544-1] TRACE i.a.p.r.p.impl.RaftProxySequencer - ProxySession{2}{type=io.atomix.protocols.raft.RaftTest$TestPrimitiveType@35bfa1bb, name=raft-test} - Completing response CommandResponse{status=OK, index=56, eventIndex=2, result=byte[]{length=2, hash=1352}}
02:55:24.472 [raft-client-6c0a1bb2-986e-47f7-86e2-6a736c947544-3] TRACE i.a.p.r.p.impl.RaftProxyConnection - ProxySession{2}{type=io.atomix.protocols.raft.RaftTest$TestPrimitiveType@35bfa1bb, name=raft-test} - Sending CommandRequest{session=2, sequence=48, operation=PrimitiveOperation{id=DefaultOperationId{id=write, type=COMMAND}, value=byte[]{length=17, hash=-1644578928}}} to 1
02:55:24.472 [raft-server-1] TRACE i.a.protocols.raft.roles.LeaderRole - RaftServer{1}{role=LEADER} - Received CommandRequest{session=2, sequence=48, operation=PrimitiveOperation{id=DefaultOperationId{id=write, type=COMMAND}, value=byte[]{length=17, hash=-1644578928}}}
02:55:24.472 [raft-server-1] TRACE i.a.protocols.raft.roles.LeaderRole - RaftServer{1}{role=LEADER} - Appended Indexed{index=57, entry=CommandEntry{term=1, timestamp=2018-06-09 02:55:24,472, session=2, sequence=48, operation=PrimitiveOperation{id=DefaultOperationId{id=write, type=COMMAND}, value=byte[]{length=17, hash=-1644578928}}}}
02:55:24.583 [raft-server-3] TRACE i.a.p.raft.roles.FollowerRole - RaftServer{3}{role=FOLLOWER} - Committed entries up to index 56
02:55:24.583 [raft-server-2] TRACE i.a.p.raft.roles.FollowerRole - RaftServer{2}{role=FOLLOWER} - Committed entries up to index 56
02:55:24.583 [raft-server-3] TRACE i.a.p.raft.roles.FollowerRole - RaftServer{3}{role=FOLLOWER} - Sending AppendResponse{status=OK, term=1, succeeded=true, lastLogIndex=56}
02:55:24.583 [raft-server-2] TRACE i.a.p.raft.roles.FollowerRole - RaftServer{2}{role=FOLLOWER} - Sending AppendResponse{status=OK, term=1, succeeded=true, lastLogIndex=56}
02:55:24.583 [raft-server-1] TRACE i.a.p.raft.roles.LeaderAppender - RaftServer{1} - Received AppendResponse{status=OK, term=1, succeeded=true, lastLogIndex=56} from 3
02:55:24.583 [raft-server-3-state] TRACE i.a.p.raft.impl.RaftServiceManager - RaftServer{3} - Applying Indexed{index=56, entry=CommandEntry{term=1, timestamp=2018-06-09 02:55:24,275, session=2, sequence=47, operation=PrimitiveOperation{id=DefaultOperationId{id=write, type=COMMAND}, value=byte[]{length=17, hash=-1644578928}}}}
02:55:24.583 [raft-server-1] TRACE i.a.p.raft.roles.LeaderAppender - RaftServer{1} - Sending AppendRequest{term=1, leader=1, prevLogIndex=56, prevLogTerm=1, entries=1, commitIndex=56} to 3
02:55:24.583 [raft-server-2-state] TRACE i.a.p.raft.impl.RaftServiceManager - RaftServer{2} - Applying Indexed{index=56, entry=CommandEntry{term=1, timestamp=2018-06-09 02:55:24,275, session=2, sequence=47, operation=PrimitiveOperation{id=DefaultOperationId{id=write, type=COMMAND}, value=byte[]{length=17, hash=-1644578928}}}}
02:55:24.583 [raft-server-3-state] TRACE i.a.p.s.impl.DefaultServiceExecutor - PrimitiveService{2}{type=io.atomix.protocols.raft.RaftTest$TestPrimitiveType@34b8c602, name=raft-test} - Executing DefaultCommit{index=56, session=RaftSession{RaftServiceContext{server=3, type=io.atomix.protocols.raft.RaftTest$TestPrimitiveType@34b8c602, name=raft-test, id=2}, session=2, timestamp=2018-06-09 02:55:24,275}, time=2018-06-09 02:55:24,275, operation=DefaultOperationId{id=write, type=COMMAND}, value=byte[]{length=17, hash=-1644578928}}
02:55:24.583 [raft-server-1] TRACE i.a.p.raft.roles.LeaderAppender - RaftServer{1} - Sending AppendRequest{term=1, leader=1, prevLogIndex=56, prevLogTerm=1, entries=1, commitIndex=56} to 2
02:55:24.583 [raft-server-3] TRACE i.a.p.raft.roles.FollowerRole - RaftServer{3}{role=FOLLOWER} - Received AppendRequest{term=1, leader=1, prevLogIndex=56, prevLogTerm=1, entries=1, commitIndex=56}
02:55:24.583 [raft-server-2-state] TRACE i.a.p.s.impl.DefaultServiceExecutor - PrimitiveService{2}{type=io.atomix.protocols.raft.RaftTest$TestPrimitiveType@21189677, name=raft-test} - Executing DefaultCommit{index=56, session=RaftSession{RaftServiceContext{server=2, type=io.atomix.protocols.raft.RaftTest$TestPrimitiveType@21189677, name=raft-test, id=2}, session=2, timestamp=2018-06-09 02:55:24,275}, time=2018-06-09 02:55:24,275, operation=DefaultOperationId{id=write, type=COMMAND}, value=byte[]{length=17, hash=-1644578928}}
02:55:24.584 [raft-server-2] TRACE i.a.p.raft.roles.FollowerRole - RaftServer{2}{role=FOLLOWER} - Received AppendRequest{term=1, leader=1, prevLogIndex=56, prevLogTerm=1, entries=1, commitIndex=56}
02:55:24.584 [raft-server-1] TRACE i.a.p.raft.roles.LeaderAppender - RaftServer{1} - Received AppendResponse{status=OK, term=1, succeeded=true, lastLogIndex=56} from 2
02:55:24.584 [raft-server-3] TRACE i.a.p.raft.roles.FollowerRole - RaftServer{3}{role=FOLLOWER} - Appended Indexed{index=57, entry=CommandEntry{term=1, timestamp=2018-06-09 02:55:24,472, session=2, sequence=48, operation=PrimitiveOperation{id=DefaultOperationId{id=write, type=COMMAND}, value=byte[]{length=17, hash=-1644578928}}}}
02:55:24.584 [raft-server-2] TRACE i.a.p.raft.roles.FollowerRole - RaftServer{2}{role=FOLLOWER} - Appended Indexed{index=57, entry=CommandEntry{term=1, timestamp=2018-06-09 02:55:24,472, session=2, sequence=48, operation=PrimitiveOperation{id=DefaultOperationId{id=write, type=COMMAND}, value=byte[]{length=17, hash=-1644578928}}}}
02:55:24.584 [raft-server-3] TRACE i.a.p.raft.roles.FollowerRole - RaftServer{3}{role=FOLLOWER} - Sending AppendResponse{status=OK, term=1, succeeded=true, lastLogIndex=57}
02:55:24.584 [raft-server-2] TRACE i.a.p.raft.roles.FollowerRole - RaftServer{2}{role=FOLLOWER} - Sending AppendResponse{status=OK, term=1, succeeded=true, lastLogIndex=57}
02:55:24.584 [raft-server-1] TRACE i.a.p.raft.roles.LeaderAppender - RaftServer{1} - Received AppendResponse{status=OK, term=1, succeeded=true, lastLogIndex=57} from 3
02:55:24.584 [raft-server-1] TRACE i.a.p.raft.roles.LeaderAppender - RaftServer{1} - Committed entries up to 57
02:55:24.721 [raft-server-1] TRACE i.a.p.raft.roles.LeaderAppender - RaftServer{1} - Received AppendResponse{status=OK, term=1, succeeded=true, lastLogIndex=57} from 2
02:55:24.721 [raft-server-1-state] TRACE i.a.p.raft.impl.RaftServiceManager - RaftServer{1} - Applying Indexed{index=57, entry=CommandEntry{term=1, timestamp=2018-06-09 02:55:24,472, session=2, sequence=48, operation=PrimitiveOperation{id=DefaultOperationId{id=write, type=COMMAND}, value=byte[]{length=17, hash=-1644578928}}}}
02:55:24.721 [raft-server-1-state] TRACE i.a.p.s.impl.DefaultServiceExecutor - PrimitiveService{2}{type=io.atomix.protocols.raft.RaftTest$TestPrimitiveType@60cd3cc, name=raft-test} - Executing DefaultCommit{index=57, session=RaftSession{RaftServiceContext{server=1, type=io.atomix.protocols.raft.RaftTest$TestPrimitiveType@60cd3cc, name=raft-test, id=2}, session=2, timestamp=2018-06-09 02:55:24,472}, time=2018-06-09 02:55:24,472, operation=DefaultOperationId{id=write, type=COMMAND}, value=byte[]{length=17, hash=-1644578928}}
02:55:24.721 [raft-server-1] TRACE i.a.p.raft.roles.LeaderAppender - RaftServer{1} - Sending AppendRequest{term=1, leader=1, prevLogIndex=57, prevLogTerm=1, entries=0, commitIndex=57} to 3
02:55:24.721 [raft-server-3] TRACE i.a.p.raft.roles.FollowerRole - RaftServer{3}{role=FOLLOWER} - Received AppendRequest{term=1, leader=1, prevLogIndex=57, prevLogTerm=1, entries=0, commitIndex=57}
02:55:24.721 [raft-server-1] TRACE i.a.p.raft.roles.LeaderAppender - RaftServer{1} - Sending AppendRequest{term=1, leader=1, prevLogIndex=57, prevLogTerm=1, entries=0, commitIndex=57} to 2
02:55:24.721 [raft-server-1-state] TRACE i.a.protocols.raft.roles.LeaderRole - RaftServer{1}{role=LEADER} - Sending CommandResponse{status=OK, index=57, eventIndex=2, result=byte[]{length=2, hash=1354}}
02:55:24.721 [raft-server-2] TRACE i.a.p.raft.roles.FollowerRole - RaftServer{2}{role=FOLLOWER} - Received AppendRequest{term=1, leader=1, prevLogIndex=57, prevLogTerm=1, entries=0, commitIndex=57}
02:55:24.721 [raft-client-6c0a1bb2-986e-47f7-86e2-6a736c947544-2] TRACE i.a.p.r.p.impl.RaftProxyConnection - ProxySession{2}{type=io.atomix.protocols.raft.RaftTest$TestPrimitiveType@35bfa1bb, name=raft-test} - Received CommandResponse{status=OK, index=57, eventIndex=2, result=byte[]{length=2, hash=1354}} from 1
02:55:24.721 [raft-client-6c0a1bb2-986e-47f7-86e2-6a736c947544-2] TRACE i.a.p.r.p.impl.RaftProxySequencer - ProxySession{2}{type=io.atomix.protocols.raft.RaftTest$TestPrimitiveType@35bfa1bb, name=raft-test} - Completing response CommandResponse{status=OK, index=57, eventIndex=2, result=byte[]{length=2, hash=1354}}
02:55:24.722 [raft-client-6c0a1bb2-986e-47f7-86e2-6a736c947544-6] TRACE i.a.p.r.p.impl.RaftProxyConnection - ProxySession{2}{type=io.atomix.protocols.raft.RaftTest$TestPrimitiveType@35bfa1bb, name=raft-test} - Sending CommandRequest{session=2, sequence=49, operation=PrimitiveOperation{id=DefaultOperationId{id=write, type=COMMAND}, value=byte[]{length=17, hash=-1644578928}}} to 1
02:55:24.722 [raft-server-1] TRACE i.a.protocols.raft.roles.LeaderRole - RaftServer{1}{role=LEADER} - Received CommandRequest{session=2, sequence=49, operation=PrimitiveOperation{id=DefaultOperationId{id=write, type=COMMAND}, value=byte[]{length=17, hash=-1644578928}}}
02:55:24.722 [raft-server-1] TRACE i.a.protocols.raft.roles.LeaderRole - RaftServer{1}{role=LEADER} - Appended Indexed{index=58, entry=CommandEntry{term=1, timestamp=2018-06-09 02:55:24,722, session=2, sequence=49, operation=PrimitiveOperation{id=DefaultOperationId{id=write, type=COMMAND}, value=byte[]{length=17, hash=-1644578928}}}}
02:55:24.823 [raft-server-3] TRACE i.a.p.raft.roles.FollowerRole - RaftServer{3}{role=FOLLOWER} - Committed entries up to index 57
02:55:24.823 [raft-server-3] TRACE i.a.p.raft.roles.FollowerRole - RaftServer{3}{role=FOLLOWER} - Sending AppendResponse{status=OK, term=1, succeeded=true, lastLogIndex=57}
02:55:24.823 [raft-server-2] TRACE i.a.p.raft.roles.FollowerRole - RaftServer{2}{role=FOLLOWER} - Committed entries up to index 57
02:55:24.823 [raft-server-2] TRACE i.a.p.raft.roles.FollowerRole - RaftServer{2}{role=FOLLOWER} - Sending AppendResponse{status=OK, term=1, succeeded=true, lastLogIndex=57}
02:55:24.823 [raft-server-1] TRACE i.a.p.raft.roles.LeaderAppender - RaftServer{1} - Received AppendResponse{status=OK, term=1, succeeded=true, lastLogIndex=57} from 3
02:55:24.823 [raft-server-3-state] TRACE i.a.p.raft.impl.RaftServiceManager - RaftServer{3} - Applying Indexed{index=57, entry=CommandEntry{term=1, timestamp=2018-06-09 02:55:24,472, session=2, sequence=48, operation=PrimitiveOperation{id=DefaultOperationId{id=write, type=COMMAND}, value=byte[]{length=17, hash=-1644578928}}}}
02:55:24.823 [raft-server-2-state] TRACE i.a.p.raft.impl.RaftServiceManager - RaftServer{2} - Applying Indexed{index=57, entry=CommandEntry{term=1, timestamp=2018-06-09 02:55:24,472, session=2, sequence=48, operation=PrimitiveOperation{id=DefaultOperationId{id=write, type=COMMAND}, value=byte[]{length=17, hash=-1644578928}}}}
02:55:24.823 [raft-server-1] TRACE i.a.p.raft.roles.LeaderAppender - RaftServer{1} - Sending AppendRequest{term=1, leader=1, prevLogIndex=57, prevLogTerm=1, entries=1, commitIndex=57} to 3
02:55:24.823 [raft-server-3-state] TRACE i.a.p.s.impl.DefaultServiceExecutor - PrimitiveService{2}{type=io.atomix.protocols.raft.RaftTest$TestPrimitiveType@34b8c602, name=raft-test} - Executing DefaultCommit{index=57, session=RaftSession{RaftServiceContext{server=3, type=io.atomix.protocols.raft.RaftTest$TestPrimitiveType@34b8c602, name=raft-test, id=2}, session=2, timestamp=2018-06-09 02:55:24,472}, time=2018-06-09 02:55:24,472, operation=DefaultOperationId{id=write, type=COMMAND}, value=byte[]{length=17, hash=-1644578928}}
02:55:24.823 [raft-server-2-state] TRACE i.a.p.s.impl.DefaultServiceExecutor - PrimitiveService{2}{type=io.atomix.protocols.raft.RaftTest$TestPrimitiveType@21189677, name=raft-test} - Executing DefaultCommit{index=57, session=RaftSession{RaftServiceContext{server=2, type=io.atomix.protocols.raft.RaftTest$TestPrimitiveType@21189677, name=raft-test, id=2}, session=2, timestamp=2018-06-09 02:55:24,472}, time=2018-06-09 02:55:24,472, operation=DefaultOperationId{id=write, type=COMMAND}, value=byte[]{length=17, hash=-1644578928}}
02:55:24.823 [raft-server-3] TRACE i.a.p.raft.roles.FollowerRole - RaftServer{3}{role=FOLLOWER} - Received AppendRequest{term=1, leader=1, prevLogIndex=57, prevLogTerm=1, entries=1, commitIndex=57}
02:55:24.823 [raft-server-1] TRACE i.a.p.raft.roles.LeaderAppender - RaftServer{1} - Sending AppendRequest{term=1, leader=1, prevLogIndex=57, prevLogTerm=1, entries=1, commitIndex=57} to 2
02:55:24.824 [raft-server-2] TRACE i.a.p.raft.roles.FollowerRole - RaftServer{2}{role=FOLLOWER} - Received AppendRequest{term=1, leader=1, prevLogIndex=57, prevLogTerm=1, entries=1, commitIndex=57}
02:55:24.824 [raft-server-1] TRACE i.a.p.raft.roles.LeaderAppender - RaftServer{1} - Received AppendResponse{status=OK, term=1, succeeded=true, lastLogIndex=57} from 2
02:55:24.824 [raft-server-3] TRACE i.a.p.raft.roles.FollowerRole - RaftServer{3}{role=FOLLOWER} - Appended Indexed{index=58, entry=CommandEntry{term=1, timestamp=2018-06-09 02:55:24,722, session=2, sequence=49, operation=PrimitiveOperation{id=DefaultOperationId{id=write, type=COMMAND}, value=byte[]{length=17, hash=-1644578928}}}}
02:55:24.824 [raft-server-3] TRACE i.a.p.raft.roles.FollowerRole - RaftServer{3}{role=FOLLOWER} - Sending AppendResponse{status=OK, term=1, succeeded=true, lastLogIndex=58}
02:55:24.824 [raft-server-2] TRACE i.a.p.raft.roles.FollowerRole - RaftServer{2}{role=FOLLOWER} - Appended Indexed{index=58, entry=CommandEntry{term=1, timestamp=2018-06-09 02:55:24,722, session=2, sequence=49, operation=PrimitiveOperation{id=DefaultOperationId{id=write, type=COMMAND}, value=byte[]{length=17, hash=-1644578928}}}}
02:55:24.824 [raft-server-2] TRACE i.a.p.raft.roles.FollowerRole - RaftServer{2}{role=FOLLOWER} - Sending AppendResponse{status=OK, term=1, succeeded=true, lastLogIndex=58}
02:55:24.824 [raft-server-1] TRACE i.a.p.raft.roles.LeaderAppender - RaftServer{1} - Received AppendResponse{status=OK, term=1, succeeded=true, lastLogIndex=58} from 3
02:55:24.824 [raft-server-1] TRACE i.a.p.raft.roles.LeaderAppender - RaftServer{1} - Committed entries up to 58
02:55:24.940 [raft-server-1] TRACE i.a.p.raft.roles.LeaderAppender - RaftServer{1} - Received AppendResponse{status=OK, term=1, succeeded=true, lastLogIndex=58} from 2
02:55:24.940 [raft-server-1-state] TRACE i.a.p.raft.impl.RaftServiceManager - RaftServer{1} - Applying Indexed{index=58, entry=CommandEntry{term=1, timestamp=2018-06-09 02:55:24,722, session=2, sequence=49, operation=PrimitiveOperation{id=DefaultOperationId{id=write, type=COMMAND}, value=byte[]{length=17, hash=-1644578928}}}}
02:55:24.940 [raft-server-1-state] TRACE i.a.p.s.impl.DefaultServiceExecutor - PrimitiveService{2}{type=io.atomix.protocols.raft.RaftTest$TestPrimitiveType@60cd3cc, name=raft-test} - Executing DefaultCommit{index=58, session=RaftSession{RaftServiceContext{server=1, type=io.atomix.protocols.raft.RaftTest$TestPrimitiveType@60cd3cc, name=raft-test, id=2}, session=2, timestamp=2018-06-09 02:55:24,722}, time=2018-06-09 02:55:24,722, operation=DefaultOperationId{id=write, type=COMMAND}, value=byte[]{length=17, hash=-1644578928}}
02:55:24.941 [raft-server-1-state] TRACE i.a.protocols.raft.roles.LeaderRole - RaftServer{1}{role=LEADER} - Sending CommandResponse{status=OK, index=58, eventIndex=2, result=byte[]{length=2, hash=1356}}
02:55:24.941 [raft-client-6c0a1bb2-986e-47f7-86e2-6a736c947544-4] TRACE i.a.p.r.p.impl.RaftProxyConnection - ProxySession{2}{type=io.atomix.protocols.raft.RaftTest$TestPrimitiveType@35bfa1bb, name=raft-test} - Received CommandResponse{status=OK, index=58, eventIndex=2, result=byte[]{length=2, hash=1356}} from 1
02:55:24.941 [raft-client-6c0a1bb2-986e-47f7-86e2-6a736c947544-4] TRACE i.a.p.r.p.impl.RaftProxySequencer - ProxySession{2}{type=io.atomix.protocols.raft.RaftTest$TestPrimitiveType@35bfa1bb, name=raft-test} - Completing response CommandResponse{status=OK, index=58, eventIndex=2, result=byte[]{length=2, hash=1356}}
02:55:24.941 [raft-client-6c0a1bb2-986e-47f7-86e2-6a736c947544-4] TRACE i.a.p.r.p.impl.RaftProxyConnection - ProxySession{2}{type=io.atomix.protocols.raft.RaftTest$TestPrimitiveType@35bfa1bb, name=raft-test} - Sending CommandRequest{session=2, sequence=50, operation=PrimitiveOperation{id=DefaultOperationId{id=write, type=COMMAND}, value=byte[]{length=17, hash=-1644578928}}} to 1
02:55:24.941 [raft-server-1] TRACE i.a.protocols.raft.roles.LeaderRole - RaftServer{1}{role=LEADER} - Received CommandRequest{session=2, sequence=50, operation=PrimitiveOperation{id=DefaultOperationId{id=write, type=COMMAND}, value=byte[]{length=17, hash=-1644578928}}}
02:55:24.941 [raft-server-1] TRACE i.a.protocols.raft.roles.LeaderRole - RaftServer{1}{role=LEADER} - Appended Indexed{index=59, entry=CommandEntry{term=1, timestamp=2018-06-09 02:55:24,941, session=2, sequence=50, operation=PrimitiveOperation{id=DefaultOperationId{id=write, type=COMMAND}, value=byte[]{length=17, hash=-1644578928}}}}
02:55:24.942 [raft-server-1] TRACE i.a.p.raft.roles.LeaderAppender - RaftServer{1} - Sending AppendRequest{term=1, leader=1, prevLogIndex=58, prevLogTerm=1, entries=1, commitIndex=58} to 3
02:55:24.942 [raft-server-3] TRACE i.a.p.raft.roles.FollowerRole - RaftServer{3}{role=FOLLOWER} - Received AppendRequest{term=1, leader=1, prevLogIndex=58, prevLogTerm=1, entries=1, commitIndex=58}
02:55:24.942 [raft-server-1] TRACE i.a.p.raft.roles.LeaderAppender - RaftServer{1} - Sending AppendRequest{term=1, leader=1, prevLogIndex=58, prevLogTerm=1, entries=1, commitIndex=58} to 2
02:55:24.942 [raft-server-2] TRACE i.a.p.raft.roles.FollowerRole - RaftServer{2}{role=FOLLOWER} - Received AppendRequest{term=1, leader=1, prevLogIndex=58, prevLogTerm=1, entries=1, commitIndex=58}
02:55:24.942 [raft-server-3] TRACE i.a.p.raft.roles.FollowerRole - RaftServer{3}{role=FOLLOWER} - Appended Indexed{index=59, entry=CommandEntry{term=1, timestamp=2018-06-09 02:55:24,941, session=2, sequence=50, operation=PrimitiveOperation{id=DefaultOperationId{id=write, type=COMMAND}, value=byte[]{length=17, hash=-1644578928}}}}
02:55:24.942 [raft-server-2] TRACE i.a.p.raft.roles.FollowerRole - RaftServer{2}{role=FOLLOWER} - Appended Indexed{index=59, entry=CommandEntry{term=1, timestamp=2018-06-09 02:55:24,941, session=2, sequence=50, operation=PrimitiveOperation{id=DefaultOperationId{id=write, type=COMMAND}, value=byte[]{length=17, hash=-1644578928}}}}
02:55:25.050 [raft-server-3] TRACE i.a.p.raft.roles.FollowerRole - RaftServer{3}{role=FOLLOWER} - Committed entries up to index 58
02:55:25.050 [raft-server-3] TRACE i.a.p.raft.roles.FollowerRole - RaftServer{3}{role=FOLLOWER} - Sending AppendResponse{status=OK, term=1, succeeded=true, lastLogIndex=59}
02:55:25.050 [raft-server-1] TRACE i.a.p.raft.roles.LeaderAppender - RaftServer{1} - Received AppendResponse{status=OK, term=1, succeeded=true, lastLogIndex=59} from 3
02:55:25.050 [raft-server-1] TRACE i.a.p.raft.roles.LeaderAppender - RaftServer{1} - Committed entries up to 59
02:55:25.050 [raft-server-3-state] TRACE i.a.p.raft.impl.RaftServiceManager - RaftServer{3} - Applying Indexed{index=58, entry=CommandEntry{term=1, timestamp=2018-06-09 02:55:24,722, session=2, sequence=49, operation=PrimitiveOperation{id=DefaultOperationId{id=write, type=COMMAND}, value=byte[]{length=17, hash=-1644578928}}}}
02:55:25.050 [raft-server-2] TRACE i.a.p.raft.roles.FollowerRole - RaftServer{2}{role=FOLLOWER} - Committed entries up to index 58
02:55:25.050 [raft-server-2] TRACE i.a.p.raft.roles.FollowerRole - RaftServer{2}{role=FOLLOWER} - Sending AppendResponse{status=OK, term=1, succeeded=true, lastLogIndex=59}
02:55:25.050 [raft-server-3-state] TRACE i.a.p.s.impl.DefaultServiceExecutor - PrimitiveService{2}{type=io.atomix.protocols.raft.RaftTest$TestPrimitiveType@34b8c602, name=raft-test} - Executing DefaultCommit{index=58, session=RaftSession{RaftServiceContext{server=3, type=io.atomix.protocols.raft.RaftTest$TestPrimitiveType@34b8c602, name=raft-test, id=2}, session=2, timestamp=2018-06-09 02:55:24,722}, time=2018-06-09 02:55:24,722, operation=DefaultOperationId{id=write, type=COMMAND}, value=byte[]{length=17, hash=-1644578928}}
02:55:25.051 [raft-server-2-state] TRACE i.a.p.raft.impl.RaftServiceManager - RaftServer{2} - Applying Indexed{index=58, entry=CommandEntry{term=1, timestamp=2018-06-09 02:55:24,722, session=2, sequence=49, operation=PrimitiveOperation{id=DefaultOperationId{id=write, type=COMMAND}, value=byte[]{length=17, hash=-1644578928}}}}
02:55:25.051 [raft-server-2-state] TRACE i.a.p.s.impl.DefaultServiceExecutor - PrimitiveService{2}{type=io.atomix.protocols.raft.RaftTest$TestPrimitiveType@21189677, name=raft-test} - Executing DefaultCommit{index=58, session=RaftSession{RaftServiceContext{server=2, type=io.atomix.protocols.raft.RaftTest$TestPrimitiveType@21189677, name=raft-test, id=2}, session=2, timestamp=2018-06-09 02:55:24,722}, time=2018-06-09 02:55:24,722, operation=DefaultOperationId{id=write, type=COMMAND}, value=byte[]{length=17, hash=-1644578928}}
02:55:25.136 [raft-server-1] TRACE i.a.p.raft.roles.LeaderAppender - RaftServer{1} - Sending AppendRequest{term=1, leader=1, prevLogIndex=59, prevLogTerm=1, entries=0, commitIndex=59} to 3
02:55:25.136 [raft-server-1] TRACE i.a.p.raft.roles.LeaderAppender - RaftServer{1} - Received AppendResponse{status=OK, term=1, succeeded=true, lastLogIndex=59} from 2
02:55:25.136 [raft-server-3] TRACE i.a.p.raft.roles.FollowerRole - RaftServer{3}{role=FOLLOWER} - Received AppendRequest{term=1, leader=1, prevLogIndex=59, prevLogTerm=1, entries=0, commitIndex=59}
02:55:25.136 [raft-server-1] TRACE i.a.p.raft.roles.LeaderAppender - RaftServer{1} - Sending AppendRequest{term=1, leader=1, prevLogIndex=59, prevLogTerm=1, entries=0, commitIndex=59} to 2
02:55:25.136 [raft-server-2] TRACE i.a.p.raft.roles.FollowerRole - RaftServer{2}{role=FOLLOWER} - Received AppendRequest{term=1, leader=1, prevLogIndex=59, prevLogTerm=1, entries=0, commitIndex=59}
02:55:25.136 [raft-server-1-state] TRACE i.a.p.raft.impl.RaftServiceManager - RaftServer{1} - Applying Indexed{index=59, entry=CommandEntry{term=1, timestamp=2018-06-09 02:55:24,941, session=2, sequence=50, operation=PrimitiveOperation{id=DefaultOperationId{id=write, type=COMMAND}, value=byte[]{length=17, hash=-1644578928}}}}
02:55:25.137 [raft-server-1-state] TRACE i.a.p.s.impl.DefaultServiceExecutor - PrimitiveService{2}{type=io.atomix.protocols.raft.RaftTest$TestPrimitiveType@60cd3cc, name=raft-test} - Executing DefaultCommit{index=59, session=RaftSession{RaftServiceContext{server=1, type=io.atomix.protocols.raft.RaftTest$TestPrimitiveType@60cd3cc, name=raft-test, id=2}, session=2, timestamp=2018-06-09 02:55:24,941}, time=2018-06-09 02:55:24,941, operation=DefaultOperationId{id=write, type=COMMAND}, value=byte[]{length=17, hash=-1644578928}}
02:55:25.137 [raft-server-1-state] TRACE i.a.protocols.raft.roles.LeaderRole - RaftServer{1}{role=LEADER} - Sending CommandResponse{status=OK, index=59, eventIndex=2, result=byte[]{length=2, hash=1358}}
02:55:25.137 [raft-client-6c0a1bb2-986e-47f7-86e2-6a736c947544-1] TRACE i.a.p.r.p.impl.RaftProxyConnection - ProxySession{2}{type=io.atomix.protocols.raft.RaftTest$TestPrimitiveType@35bfa1bb, name=raft-test} - Received CommandResponse{status=OK, index=59, eventIndex=2, result=byte[]{length=2, hash=1358}} from 1
02:55:25.137 [raft-client-6c0a1bb2-986e-47f7-86e2-6a736c947544-1] TRACE i.a.p.r.p.impl.RaftProxySequencer - ProxySession{2}{type=io.atomix.protocols.raft.RaftTest$TestPrimitiveType@35bfa1bb, name=raft-test} - Completing response CommandResponse{status=OK, index=59, eventIndex=2, result=byte[]{length=2, hash=1358}}
02:55:25.137 [raft-client-6c0a1bb2-986e-47f7-86e2-6a736c947544-0] TRACE i.a.p.r.p.impl.RaftProxyConnection - ProxySession{2}{type=io.atomix.protocols.raft.RaftTest$TestPrimitiveType@35bfa1bb, name=raft-test} - Sending CommandRequest{session=2, sequence=51, operation=PrimitiveOperation{id=DefaultOperationId{id=write, type=COMMAND}, value=byte[]{length=17, hash=-1644578928}}} to 1
02:55:25.137 [raft-server-1] TRACE i.a.protocols.raft.roles.LeaderRole - RaftServer{1}{role=LEADER} - Received CommandRequest{session=2, sequence=51, operation=PrimitiveOperation{id=DefaultOperationId{id=write, type=COMMAND}, value=byte[]{length=17, hash=-1644578928}}}
02:55:25.138 [raft-server-1] TRACE i.a.protocols.raft.roles.LeaderRole - RaftServer{1}{role=LEADER} - Appended Indexed{index=60, entry=CommandEntry{term=1, timestamp=2018-06-09 02:55:25,137, session=2, sequence=51, operation=PrimitiveOperation{id=DefaultOperationId{id=write, type=COMMAND}, value=byte[]{length=17, hash=-1644578928}}}}
02:55:25.221 [raft-server-1] TRACE i.a.p.raft.roles.LeaderAppender - RaftServer{1} - Sending AppendRequest{term=1, leader=1, prevLogIndex=59, prevLogTerm=1, entries=1, commitIndex=59} to 3
02:55:25.221 [raft-server-1] TRACE i.a.p.raft.roles.LeaderAppender - RaftServer{1} - Sending AppendRequest{term=1, leader=1, prevLogIndex=59, prevLogTerm=1, entries=1, commitIndex=59} to 2
02:55:25.404 [raft-server-2] TRACE i.a.p.raft.roles.FollowerRole - RaftServer{2}{role=FOLLOWER} - Committed entries up to index 59
02:55:25.404 [raft-server-3] TRACE i.a.p.raft.roles.FollowerRole - RaftServer{3}{role=FOLLOWER} - Committed entries up to index 59
02:55:25.404 [raft-server-2] TRACE i.a.p.raft.roles.FollowerRole - RaftServer{2}{role=FOLLOWER} - Sending AppendResponse{status=OK, term=1, succeeded=true, lastLogIndex=59}
02:55:25.404 [raft-server-3] TRACE i.a.p.raft.roles.FollowerRole - RaftServer{3}{role=FOLLOWER} - Sending AppendResponse{status=OK, term=1, succeeded=true, lastLogIndex=59}
02:55:25.405 [raft-server-2] TRACE i.a.p.raft.roles.FollowerRole - RaftServer{2}{role=FOLLOWER} - Received AppendRequest{term=1, leader=1, prevLogIndex=59, prevLogTerm=1, entries=1, commitIndex=59}
02:55:25.405 [raft-server-3] TRACE i.a.p.raft.roles.FollowerRole - RaftServer{3}{role=FOLLOWER} - Received AppendRequest{term=1, leader=1, prevLogIndex=59, prevLogTerm=1, entries=1, commitIndex=59}
02:55:25.405 [raft-server-1] TRACE i.a.p.raft.roles.LeaderAppender - RaftServer{1} - Received AppendResponse{status=OK, term=1, succeeded=true, lastLogIndex=59} from 2
02:55:25.405 [raft-server-1] TRACE i.a.p.raft.roles.LeaderAppender - RaftServer{1} - Received AppendResponse{status=OK, term=1, succeeded=true, lastLogIndex=59} from 3
02:55:25.405 [raft-server-2] TRACE i.a.p.raft.roles.FollowerRole - RaftServer{2}{role=FOLLOWER} - Appended Indexed{index=60, entry=CommandEntry{term=1, timestamp=2018-06-09 02:55:25,137, session=2, sequence=51, operation=PrimitiveOperation{id=DefaultOperationId{id=write, type=COMMAND}, value=byte[]{length=17, hash=-1644578928}}}}
02:55:25.405 [raft-server-3] TRACE i.a.p.raft.roles.FollowerRole - RaftServer{3}{role=FOLLOWER} - Appended Indexed{index=60, entry=CommandEntry{term=1, timestamp=2018-06-09 02:55:25,137, session=2, sequence=51, operation=PrimitiveOperation{id=DefaultOperationId{id=write, type=COMMAND}, value=byte[]{length=17, hash=-1644578928}}}}
02:55:25.405 [raft-server-2] TRACE i.a.p.raft.roles.FollowerRole - RaftServer{2}{role=FOLLOWER} - Sending AppendResponse{status=OK, term=1, succeeded=true, lastLogIndex=60}
02:55:25.405 [raft-server-3] TRACE i.a.p.raft.roles.FollowerRole - RaftServer{3}{role=FOLLOWER} - Sending AppendResponse{status=OK, term=1, succeeded=true, lastLogIndex=60}
02:55:25.406 [raft-server-1] TRACE i.a.p.raft.roles.LeaderAppender - RaftServer{1} - Received AppendResponse{status=OK, term=1, succeeded=true, lastLogIndex=60} from 2
02:55:25.406 [raft-server-1] TRACE i.a.p.raft.roles.LeaderAppender - RaftServer{1} - Committed entries up to 60
02:55:25.406 [raft-server-2-state] TRACE i.a.p.raft.impl.RaftServiceManager - RaftServer{2} - Applying Indexed{index=59, entry=CommandEntry{term=1, timestamp=2018-06-09 02:55:24,941, session=2, sequence=50, operation=PrimitiveOperation{id=DefaultOperationId{id=write, type=COMMAND}, value=byte[]{length=17, hash=-1644578928}}}}
02:55:25.406 [raft-server-3-state] TRACE i.a.p.raft.impl.RaftServiceManager - RaftServer{3} - Applying Indexed{index=59, entry=CommandEntry{term=1, timestamp=2018-06-09 02:55:24,941, session=2, sequence=50, operation=PrimitiveOperation{id=DefaultOperationId{id=write, type=COMMAND}, value=byte[]{length=17, hash=-1644578928}}}}
02:55:25.406 [raft-server-2-state] TRACE i.a.p.s.impl.DefaultServiceExecutor - PrimitiveService{2}{type=io.atomix.protocols.raft.RaftTest$TestPrimitiveType@21189677, name=raft-test} - Executing DefaultCommit{index=59, session=RaftSession{RaftServiceContext{server=2, type=io.atomix.protocols.raft.RaftTest$TestPrimitiveType@21189677, name=raft-test, id=2}, session=2, timestamp=2018-06-09 02:55:24,941}, time=2018-06-09 02:55:24,941, operation=DefaultOperationId{id=write, type=COMMAND}, value=byte[]{length=17, hash=-1644578928}}
02:55:25.406 [raft-server-3-state] TRACE i.a.p.s.impl.DefaultServiceExecutor - PrimitiveService{2}{type=io.atomix.protocols.raft.RaftTest$TestPrimitiveType@34b8c602, name=raft-test} - Executing DefaultCommit{index=59, session=RaftSession{RaftServiceContext{server=3, type=io.atomix.protocols.raft.RaftTest$TestPrimitiveType@34b8c602, name=raft-test, id=2}, session=2, timestamp=2018-06-09 02:55:24,941}, time=2018-06-09 02:55:24,941, operation=DefaultOperationId{id=write, type=COMMAND}, value=byte[]{length=17, hash=-1644578928}}
02:55:25.481 [raft-server-1] TRACE i.a.p.raft.roles.LeaderAppender - RaftServer{1} - Sending AppendRequest{term=1, leader=1, prevLogIndex=60, prevLogTerm=1, entries=0, commitIndex=60} to 2
02:55:25.482 [raft-server-2] TRACE i.a.p.raft.roles.FollowerRole - RaftServer{2}{role=FOLLOWER} - Received AppendRequest{term=1, leader=1, prevLogIndex=60, prevLogTerm=1, entries=0, commitIndex=60}
02:55:25.482 [raft-server-1] TRACE i.a.p.raft.roles.LeaderAppender - RaftServer{1} - Received AppendResponse{status=OK, term=1, succeeded=true, lastLogIndex=60} from 3
02:55:25.482 [raft-server-1] TRACE i.a.p.raft.roles.LeaderAppender - RaftServer{1} - Sending AppendRequest{term=1, leader=1, prevLogIndex=60, prevLogTerm=1, entries=0, commitIndex=60} to 3
02:55:25.482 [raft-server-3] TRACE i.a.p.raft.roles.FollowerRole - RaftServer{3}{role=FOLLOWER} - Received AppendRequest{term=1, leader=1, prevLogIndex=60, prevLogTerm=1, entries=0, commitIndex=60}
02:55:25.482 [raft-server-1-state] TRACE i.a.p.raft.impl.RaftServiceManager - RaftServer{1} - Applying Indexed{index=60, entry=CommandEntry{term=1, timestamp=2018-06-09 02:55:25,137, session=2, sequence=51, operation=PrimitiveOperation{id=DefaultOperationId{id=write, type=COMMAND}, value=byte[]{length=17, hash=-1644578928}}}}
02:55:25.482 [raft-server-1-state] TRACE i.a.p.s.impl.DefaultServiceExecutor - PrimitiveService{2}{type=io.atomix.protocols.raft.RaftTest$TestPrimitiveType@60cd3cc, name=raft-test} - Executing DefaultCommit{index=60, session=RaftSession{RaftServiceContext{server=1, type=io.atomix.protocols.raft.RaftTest$TestPrimitiveType@60cd3cc, name=raft-test, id=2}, session=2, timestamp=2018-06-09 02:55:25,137}, time=2018-06-09 02:55:25,137, operation=DefaultOperationId{id=write, type=COMMAND}, value=byte[]{length=17, hash=-1644578928}}
02:55:25.482 [raft-server-1-state] TRACE i.a.protocols.raft.roles.LeaderRole - RaftServer{1}{role=LEADER} - Sending CommandResponse{status=OK, index=60, eventIndex=2, result=byte[]{length=2, hash=1360}}
02:55:25.482 [raft-client-6c0a1bb2-986e-47f7-86e2-6a736c947544-2] TRACE i.a.p.r.p.impl.RaftProxyConnection - ProxySession{2}{type=io.atomix.protocols.raft.RaftTest$TestPrimitiveType@35bfa1bb, name=raft-test} - Received CommandResponse{status=OK, index=60, eventIndex=2, result=byte[]{length=2, hash=1360}} from 1
02:55:25.482 [raft-client-6c0a1bb2-986e-47f7-86e2-6a736c947544-2] TRACE i.a.p.r.p.impl.RaftProxySequencer - ProxySession{2}{type=io.atomix.protocols.raft.RaftTest$TestPrimitiveType@35bfa1bb, name=raft-test} - Completing response CommandResponse{status=OK, index=60, eventIndex=2, result=byte[]{length=2, hash=1360}}
02:55:25.483 [raft-client-6c0a1bb2-986e-47f7-86e2-6a736c947544-5] TRACE i.a.p.r.p.impl.RaftProxyConnection - ProxySession{2}{type=io.atomix.protocols.raft.RaftTest$TestPrimitiveType@35bfa1bb, name=raft-test} - Sending CommandRequest{session=2, sequence=52, operation=PrimitiveOperation{id=DefaultOperationId{id=write, type=COMMAND}, value=byte[]{length=17, hash=-1644578928}}} to 1
02:55:25.483 [raft-server-1] TRACE i.a.protocols.raft.roles.LeaderRole - RaftServer{1}{role=LEADER} - Received CommandRequest{session=2, sequence=52, operation=PrimitiveOperation{id=DefaultOperationId{id=write, type=COMMAND}, value=byte[]{length=17, hash=-1644578928}}}
02:55:25.602 [raft-server-2] TRACE i.a.p.raft.roles.FollowerRole - RaftServer{2}{role=FOLLOWER} - Committed entries up to index 60
02:55:25.602 [raft-server-2] TRACE i.a.p.raft.roles.FollowerRole - RaftServer{2}{role=FOLLOWER} - Sending AppendResponse{status=OK, term=1, succeeded=true, lastLogIndex=60}
02:55:25.602 [raft-server-2-state] TRACE i.a.p.raft.impl.RaftServiceManager - RaftServer{2} - Applying Indexed{index=60, entry=CommandEntry{term=1, timestamp=2018-06-09 02:55:25,137, session=2, sequence=51, operation=PrimitiveOperation{id=DefaultOperationId{id=write, type=COMMAND}, value=byte[]{length=17, hash=-1644578928}}}}
02:55:25.603 [raft-server-2-state] TRACE i.a.p.s.impl.DefaultServiceExecutor - PrimitiveService{2}{type=io.atomix.protocols.raft.RaftTest$TestPrimitiveType@21189677, name=raft-test} - Executing DefaultCommit{index=60, session=RaftSession{RaftServiceContext{server=2, type=io.atomix.protocols.raft.RaftTest$TestPrimitiveType@21189677, name=raft-test, id=2}, session=2, timestamp=2018-06-09 02:55:25,137}, time=2018-06-09 02:55:25,137, operation=DefaultOperationId{id=write, type=COMMAND}, value=byte[]{length=17, hash=-1644578928}}
02:55:25.707 [raft-server-3] TRACE i.a.p.raft.roles.FollowerRole - RaftServer{3}{role=FOLLOWER} - Committed entries up to index 60
02:55:25.707 [raft-server-3] TRACE i.a.p.raft.roles.FollowerRole - RaftServer{3}{role=FOLLOWER} - Sending AppendResponse{status=OK, term=1, succeeded=true, lastLogIndex=60}
02:55:25.707 [raft-server-3-state] TRACE i.a.p.raft.impl.RaftServiceManager - RaftServer{3} - Applying Indexed{index=60, entry=CommandEntry{term=1, timestamp=2018-06-09 02:55:25,137, session=2, sequence=51, operation=PrimitiveOperation{id=DefaultOperationId{id=write, type=COMMAND}, value=byte[]{length=17, hash=-1644578928}}}}
02:55:25.707 [raft-server-3-state] TRACE i.a.p.s.impl.DefaultServiceExecutor - PrimitiveService{2}{type=io.atomix.protocols.raft.RaftTest$TestPrimitiveType@34b8c602, name=raft-test} - Executing DefaultCommit{index=60, session=RaftSession{RaftServiceContext{server=3, type=io.atomix.protocols.raft.RaftTest$TestPrimitiveType@34b8c602, name=raft-test, id=2}, session=2, timestamp=2018-06-09 02:55:25,137}, time=2018-06-09 02:55:25,137, operation=DefaultOperationId{id=write, type=COMMAND}, value=byte[]{length=17, hash=-1644578928}}
02:55:25.857 [raft-server-1] DEBUG i.a.storage.journal.SegmentedJournal - Created disk segment: JournalSegment{id=7, version=1, index=61, size=64}
02:55:25.857 [raft-server-1] TRACE i.a.protocols.raft.roles.LeaderRole - RaftServer{1}{role=LEADER} - Appended Indexed{index=61, entry=CommandEntry{term=1, timestamp=2018-06-09 02:55:25,483, session=2, sequence=52, operation=PrimitiveOperation{id=DefaultOperationId{id=write, type=COMMAND}, value=byte[]{length=17, hash=-1644578928}}}}
02:55:25.857 [raft-server-1] TRACE i.a.p.raft.roles.LeaderAppender - RaftServer{1} - Received AppendResponse{status=OK, term=1, succeeded=true, lastLogIndex=60} from 2
02:55:25.857 [raft-server-1] TRACE i.a.p.raft.roles.LeaderAppender - RaftServer{1} - Sending AppendRequest{term=1, leader=1, prevLogIndex=60, prevLogTerm=1, entries=1, commitIndex=60} to 2
02:55:25.857 [raft-server-2] TRACE i.a.p.raft.roles.FollowerRole - RaftServer{2}{role=FOLLOWER} - Received AppendRequest{term=1, leader=1, prevLogIndex=60, prevLogTerm=1, entries=1, commitIndex=60}
02:55:25.857 [raft-server-1] TRACE i.a.p.raft.roles.LeaderAppender - RaftServer{1} - Sending AppendRequest{term=1, leader=1, prevLogIndex=60, prevLogTerm=1, entries=1, commitIndex=60} to 3
02:55:25.857 [raft-server-1] TRACE i.a.p.raft.roles.LeaderAppender - RaftServer{1} - Received AppendResponse{status=OK, term=1, succeeded=true, lastLogIndex=60} from 3
02:55:25.857 [raft-server-3] TRACE i.a.p.raft.roles.FollowerRole - RaftServer{3}{role=FOLLOWER} - Received AppendRequest{term=1, leader=1, prevLogIndex=60, prevLogTerm=1, entries=1, commitIndex=60}
02:55:25.861 [raft-client-6c0a1bb2-986e-47f7-86e2-6a736c947544-2] TRACE i.a.p.r.proxy.impl.RaftProxyManager - RaftClient{6c0a1bb2-986e-47f7-86e2-6a736c947544} - Keeping 1 sessions alive
02:55:25.861 [raft-client-6c0a1bb2-986e-47f7-86e2-6a736c947544-2] TRACE i.a.p.r.p.impl.RaftProxyConnection - RaftClient{6c0a1bb2-986e-47f7-86e2-6a736c947544} - Sending KeepAliveRequest{sessionIds=long[]{length=1, hash=33}, commandSequences=long[]{length=1, hash=82}, eventIndexes=long[]{length=1, hash=33}} to 2
02:55:25.867 [raft-server-1] INFO  i.a.protocols.raft.impl.RaftContext - RaftServer{1} - Transitioning to INACTIVE
02:55:25.867 [raft-server-1] TRACE i.a.protocols.raft.roles.LeaderRole - RaftServer{1}{role=LEADER} - Sending CommandResponse{status=ERROR, error=RaftError{type=COMMAND_FAILURE, message=null}, lastSequence=0}
02:55:25.867 [raft-server-1] TRACE i.a.protocols.raft.roles.LeaderRole - RaftServer{1}{role=LEADER} - Cancelling append timer
02:55:25.867 [raft-server-1] TRACE i.a.p.raft.storage.system.MetaStore - Store vote null
02:55:26.056 [ForkJoinPool.commonPool-worker-6] DEBUG i.a.storage.journal.SegmentedJournal - Closing segment: JournalSegment{id=1, version=1, index=1, size=505}
02:55:26.057 [ForkJoinPool.commonPool-worker-6] DEBUG i.a.storage.journal.SegmentedJournal - Closing segment: JournalSegment{id=2, version=1, index=11, size=549}
02:55:26.057 [ForkJoinPool.commonPool-worker-6] DEBUG i.a.storage.journal.SegmentedJournal - Closing segment: JournalSegment{id=3, version=1, index=21, size=549}
02:55:26.057 [ForkJoinPool.commonPool-worker-6] DEBUG i.a.storage.journal.SegmentedJournal - Closing segment: JournalSegment{id=4, version=1, index=31, size=549}
02:55:26.057 [ForkJoinPool.commonPool-worker-6] DEBUG i.a.storage.journal.SegmentedJournal - Closing segment: JournalSegment{id=5, version=1, index=41, size=549}
02:55:26.057 [ForkJoinPool.commonPool-worker-6] DEBUG i.a.storage.journal.SegmentedJournal - Closing segment: JournalSegment{id=6, version=1, index=51, size=549}
02:55:26.057 [ForkJoinPool.commonPool-worker-6] DEBUG i.a.storage.journal.SegmentedJournal - Closing segment: JournalSegment{id=7, version=1, index=61, size=115}
02:55:26.169 [raft-server-2] DEBUG i.a.storage.journal.SegmentedJournal - Created disk segment: JournalSegment{id=7, version=1, index=61, size=64}
02:55:26.169 [raft-server-2] TRACE i.a.p.raft.roles.FollowerRole - RaftServer{2}{role=FOLLOWER} - Appended Indexed{index=61, entry=CommandEntry{term=1, timestamp=2018-06-09 02:55:25,483, session=2, sequence=52, operation=PrimitiveOperation{id=DefaultOperationId{id=write, type=COMMAND}, value=byte[]{length=17, hash=-1644578928}}}}
02:55:26.169 [raft-server-2] TRACE i.a.p.raft.roles.FollowerRole - RaftServer{2}{role=FOLLOWER} - Sending AppendResponse{status=OK, term=1, succeeded=true, lastLogIndex=61}
02:55:26.169 [raft-server-2] TRACE i.a.p.raft.roles.FollowerRole - RaftServer{2}{role=FOLLOWER} - Received KeepAliveRequest{sessionIds=long[]{length=1, hash=33}, commandSequences=long[]{length=1, hash=82}, eventIndexes=long[]{length=1, hash=33}}
02:55:26.170 [raft-server-2] INFO  i.a.protocols.raft.impl.RaftContext - RaftServer{2} - Transitioning to INACTIVE
02:55:26.170 [raft-server-2] TRACE i.a.p.raft.roles.FollowerRole - RaftServer{2}{role=FOLLOWER} - Cancelling heartbeat timer
02:55:26.170 [raft-server-2] TRACE i.a.p.raft.roles.FollowerRole - RaftServer{2}{role=FOLLOWER} - Sending KeepAliveResponse{status=ERROR, error=RaftError{type=NO_LEADER, message=null}}
02:55:26.170 [ForkJoinPool.commonPool-worker-6] DEBUG i.a.storage.journal.SegmentedJournal - Closing segment: JournalSegment{id=1, version=1, index=1, size=505}
02:55:26.170 [ForkJoinPool.commonPool-worker-6] DEBUG i.a.storage.journal.SegmentedJournal - Closing segment: JournalSegment{id=2, version=1, index=11, size=549}
02:55:26.170 [ForkJoinPool.commonPool-worker-6] DEBUG i.a.storage.journal.SegmentedJournal - Closing segment: JournalSegment{id=3, version=1, index=21, size=549}
02:55:26.170 [ForkJoinPool.commonPool-worker-6] DEBUG i.a.storage.journal.SegmentedJournal - Closing segment: JournalSegment{id=4, version=1, index=31, size=549}
02:55:26.170 [ForkJoinPool.commonPool-worker-6] DEBUG i.a.storage.journal.SegmentedJournal - Closing segment: JournalSegment{id=5, version=1, index=41, size=549}
02:55:26.170 [ForkJoinPool.commonPool-worker-6] DEBUG i.a.storage.journal.SegmentedJournal - Closing segment: JournalSegment{id=6, version=1, index=51, size=549}
02:55:26.170 [ForkJoinPool.commonPool-worker-6] DEBUG i.a.storage.journal.SegmentedJournal - Closing segment: JournalSegment{id=7, version=1, index=61, size=115}
02:55:26.267 [raft-server-3] DEBUG i.a.storage.journal.SegmentedJournal - Created disk segment: JournalSegment{id=7, version=1, index=61, size=64}
02:55:26.267 [raft-server-3] TRACE i.a.p.raft.roles.FollowerRole - RaftServer{3}{role=FOLLOWER} - Appended Indexed{index=61, entry=CommandEntry{term=1, timestamp=2018-06-09 02:55:25,483, session=2, sequence=52, operation=PrimitiveOperation{id=DefaultOperationId{id=write, type=COMMAND}, value=byte[]{length=17, hash=-1644578928}}}}
02:55:26.267 [raft-server-3] TRACE i.a.p.raft.roles.FollowerRole - RaftServer{3}{role=FOLLOWER} - Sending AppendResponse{status=OK, term=1, succeeded=true, lastLogIndex=61}
02:55:26.268 [raft-server-3] INFO  i.a.protocols.raft.impl.RaftContext - RaftServer{3} - Transitioning to INACTIVE
02:55:26.268 [raft-server-3] TRACE i.a.p.raft.roles.FollowerRole - RaftServer{3}{role=FOLLOWER} - Cancelling heartbeat timer
02:55:26.268 [ForkJoinPool.commonPool-worker-6] DEBUG i.a.storage.journal.SegmentedJournal - Closing segment: JournalSegment{id=1, version=1, index=1, size=505}
02:55:26.268 [ForkJoinPool.commonPool-worker-6] DEBUG i.a.storage.journal.SegmentedJournal - Closing segment: JournalSegment{id=2, version=1, index=11, size=549}
02:55:26.268 [ForkJoinPool.commonPool-worker-6] DEBUG i.a.storage.journal.SegmentedJournal - Closing segment: JournalSegment{id=3, version=1, index=21, size=549}
02:55:26.268 [ForkJoinPool.commonPool-worker-6] DEBUG i.a.storage.journal.SegmentedJournal - Closing segment: JournalSegment{id=4, version=1, index=31, size=549}
02:55:26.268 [ForkJoinPool.commonPool-worker-6] DEBUG i.a.storage.journal.SegmentedJournal - Closing segment: JournalSegment{id=5, version=1, index=41, size=549}
02:55:26.268 [ForkJoinPool.commonPool-worker-6] DEBUG i.a.storage.journal.SegmentedJournal - Closing segment: JournalSegment{id=6, version=1, index=51, size=549}
02:55:26.268 [ForkJoinPool.commonPool-worker-6] DEBUG i.a.storage.journal.SegmentedJournal - Closing segment: JournalSegment{id=7, version=1, index=61, size=115}
]]></system-out>
  </testcase>
  <testcase name="testPassiveJoin" classname="io.atomix.protocols.raft.RaftTest" time="4.321"/>
  <testcase name="testFiveNodesManyEventsAfterLeaderShutdown" classname="io.atomix.protocols.raft.RaftTest" time="14.22"/>
  <testcase name="testFiveNodeSubmitCommand" classname="io.atomix.protocols.raft.RaftTest" time="4.916"/>
  <testcase name="testOneNodeExpireEvent" classname="io.atomix.protocols.raft.RaftTest" time="9.906"/>
  <testcase name="testFiveNodesEventsAfterLeaderKill" classname="io.atomix.protocols.raft.RaftTest" time="17.799"/>
  <testcase name="testTwoNodeSubmitCommand" classname="io.atomix.protocols.raft.RaftTest" time="3.776"/>
  <testcase name="testThreeNodeExpireEvent" classname="io.atomix.protocols.raft.RaftTest" time="11.453"/>
  <testcase name="testResize" classname="io.atomix.protocols.raft.RaftTest" time="2.338"/>
  <testcase name="testFiveNodeCloseEvent" classname="io.atomix.protocols.raft.RaftTest" time="3.319"/>
  <testcase name="testOneNodeSubmitQueryWithLinearizableConsistency" classname="io.atomix.protocols.raft.RaftTest" time="1.891"/>
  <testcase name="testThreeNodeSubmitQueryWithBoundedLinearizableConsistency" classname="io.atomix.protocols.raft.RaftTest" time="9.466"/>
  <testcase name="testLeaderLeave" classname="io.atomix.protocols.raft.RaftTest" time="0.647"/>
  <testcase name="testFiveNodesEventsAfterFollowerKill" classname="io.atomix.protocols.raft.RaftTest" time="25.225"/>
  <testcase name="testThreeNodesEventsAfterFollowerKill" classname="io.atomix.protocols.raft.RaftTest" time="3.63"/>
  <testcase name="testFiveNodeEvents" classname="io.atomix.protocols.raft.RaftTest" time="3.449"/>
</testsuite>