<?xml version="1.0" encoding="UTF-8"?>
<testsuite name="io.atomix.protocols.raft.RaftTest" time="328.592" tests="65" errors="1" skipped="1" failures="0">
  <properties>
    <property name="java.runtime.name" value="OpenJDK Runtime Environment"/>
    <property name="sun.boot.library.path" value="/usr/lib/jvm/java-8-openjdk-amd64/jre/lib/amd64"/>
    <property name="java.vm.version" value="25.121-b13"/>
    <property name="java.vm.vendor" value="Oracle Corporation"/>
    <property name="maven.multiModuleProjectDirectory" value="/root/workspace/atomix/atomix/390229606"/>
    <property name="java.vendor.url" value="http://java.oracle.com/"/>
    <property name="path.separator" value=":"/>
    <property name="guice.disable.misplaced.annotation.check" value="true"/>
    <property name="skip.gulp" value="true"/>
    <property name="java.vm.name" value="OpenJDK 64-Bit Server VM"/>
    <property name="file.encoding.pkg" value="sun.io"/>
    <property name="sun.java.launcher" value="SUN_STANDARD"/>
    <property name="sun.os.patch.level" value="unknown"/>
    <property name="findbugs.skip" value="true"/>
    <property name="java.vm.specification.name" value="Java Virtual Machine Specification"/>
    <property name="user.dir" value="/root/workspace/atomix/atomix/390229606"/>
    <property name="checkstyle.skip" value="true"/>
    <property name="java.runtime.version" value="1.8.0_121-8u121-b13-1~bpo8+1-b13"/>
    <property name="java.awt.graphicsenv" value="sun.awt.X11GraphicsEnvironment"/>
    <property name="skip.npm" value="true"/>
    <property name="java.endorsed.dirs" value="/usr/lib/jvm/java-8-openjdk-amd64/jre/lib/endorsed"/>
    <property name="os.arch" value="amd64"/>
    <property name="java.io.tmpdir" value="/tmp"/>
    <property name="gpg.skip" value="true"/>
    <property name="line.separator" value="&#10;"/>
    <property name="java.vm.specification.vendor" value="Oracle Corporation"/>
    <property name="cobertura.skip" value="true"/>
    <property name="os.name" value="Linux"/>
    <property name="classworlds.conf" value="/usr/share/maven/bin/m2.conf"/>
    <property name="sun.jnu.encoding" value="UTF-8"/>
    <property name="java.library.path" value="/usr/java/packages/lib/amd64:/usr/lib/x86_64-linux-gnu/jni:/lib/x86_64-linux-gnu:/usr/lib/x86_64-linux-gnu:/usr/lib/jni:/lib:/usr/lib"/>
    <property name="license.skip" value="true"/>
    <property name="java.specification.name" value="Java Platform API Specification"/>
    <property name="java.class.version" value="52.0"/>
    <property name="sun.management.compiler" value="HotSpot 64-Bit Tiered Compilers"/>
    <property name="skip.bower" value="true"/>
    <property name="maven.repo.local" value="/root/./workspace/atomix/atomix/390229606/.m2"/>
    <property name="os.version" value="3.10.0-862.3.2.el7.x86_64"/>
    <property name="user.home" value="/root"/>
    <property name="user.timezone" value="Europe/Paris"/>
    <property name="java.awt.printerjob" value="sun.print.PSPrinterJob"/>
    <property name="java.specification.version" value="1.8"/>
    <property name="file.encoding" value="UTF-8"/>
    <property name="user.name" value="root"/>
    <property name="java.class.path" value="/usr/share/maven/boot/plexus-classworlds-2.5.2.jar"/>
    <property name="skipITs" value="true"/>
    <property name="java.vm.specification.version" value="1.8"/>
    <property name="sun.arch.data.model" value="64"/>
    <property name="java.home" value="/usr/lib/jvm/java-8-openjdk-amd64/jre"/>
    <property name="sun.java.command" value="org.codehaus.plexus.classworlds.launcher.Launcher -B -D enforcer.skip=true -D dependency-check.skip=true -D skipITs=true -D cobertura.skip=true -D maven.repo.local=/root/./workspace/atomix/atomix/390229606/.m2 -D rat.skip=true -D findbugs.skip=true -D skip.bower=true -D gpg.skip=true -D checkstyle.skip=true -D skip.gulp=true -D license.skip=true -D skip.npm=true test"/>
    <property name="java.specification.vendor" value="Oracle Corporation"/>
    <property name="user.language" value="en"/>
    <property name="awt.toolkit" value="sun.awt.X11.XToolkit"/>
    <property name="dependency-check.skip" value="true"/>
    <property name="java.vm.info" value="mixed mode"/>
    <property name="java.version" value="1.8.0_121"/>
    <property name="java.ext.dirs" value="/usr/lib/jvm/java-8-openjdk-amd64/jre/lib/ext:/usr/java/packages/lib/ext"/>
    <property name="securerandom.source" value="file:/dev/./urandom"/>
    <property name="sun.boot.class.path" value="/usr/lib/jvm/java-8-openjdk-amd64/jre/lib/resources.jar:/usr/lib/jvm/java-8-openjdk-amd64/jre/lib/rt.jar:/usr/lib/jvm/java-8-openjdk-amd64/jre/lib/sunrsasign.jar:/usr/lib/jvm/java-8-openjdk-amd64/jre/lib/jsse.jar:/usr/lib/jvm/java-8-openjdk-amd64/jre/lib/jce.jar:/usr/lib/jvm/java-8-openjdk-amd64/jre/lib/charsets.jar:/usr/lib/jvm/java-8-openjdk-amd64/jre/lib/jfr.jar:/usr/lib/jvm/java-8-openjdk-amd64/jre/classes"/>
    <property name="java.vendor" value="Oracle Corporation"/>
    <property name="enforcer.skip" value="true"/>
    <property name="rat.skip" value="true"/>
    <property name="maven.home" value="/usr/share/maven"/>
    <property name="file.separator" value="/"/>
    <property name="java.vendor.url.bug" value="http://bugreport.sun.com/bugreport/"/>
    <property name="sun.cpu.endian" value="little"/>
    <property name="sun.io.unicode.encoding" value="UnicodeLittle"/>
    <property name="sun.cpu.isalist" value=""/>
  </properties>
  <testcase name="testFourNodeSequentialEvent" classname="io.atomix.protocols.raft.RaftTest" time="4.019"/>
  <testcase name="testCrashRecover" classname="io.atomix.protocols.raft.RaftTest" time="38.846"/>
  <testcase name="testSequenceBoundedLinearizableOperations" classname="io.atomix.protocols.raft.RaftTest" time="3.103"/>
  <testcase name="testThreeOfFourNodeSubmitCommand" classname="io.atomix.protocols.raft.RaftTest" time="4.008"/>
  <testcase name="testFourNodeSubmitQueryWithLinearizableConsistency" classname="io.atomix.protocols.raft.RaftTest" time="3.736"/>
  <testcase name="testOneNodeEvents" classname="io.atomix.protocols.raft.RaftTest" time="2.047"/>
  <testcase name="testThreeNodesManyEventsAfterLeaderShutdown" classname="io.atomix.protocols.raft.RaftTest" time="5.701"/>
  <testcase name="testClientKeepAlive" classname="io.atomix.protocols.raft.RaftTest" time="13.478"/>
  <testcase name="testFiveNodeManySessionsManyEvents" classname="io.atomix.protocols.raft.RaftTest" time="5.164"/>
  <testcase name="testFourNodeEvents" classname="io.atomix.protocols.raft.RaftTest" time="4.614"/>
  <testcase name="testPassiveJoinEvent" classname="io.atomix.protocols.raft.RaftTest" time="2.851"/>
  <testcase name="testSessionMetadata" classname="io.atomix.protocols.raft.RaftTest" time="4.234"/>
  <testcase name="testFiveNodeSequentialEvent" classname="io.atomix.protocols.raft.RaftTest" time="3.705"/>
  <testcase name="testServerLeave" classname="io.atomix.protocols.raft.RaftTest" time="2.613"/>
  <testcase name="testOneNodeSubmitQueryWithSequentialConsistency" classname="io.atomix.protocols.raft.RaftTest" time="1.471"/>
  <testcase name="testFourNodeSubmitQueryWithSequentialConsistency" classname="io.atomix.protocols.raft.RaftTest" time="3.06"/>
  <testcase name="testBlockOnEvent" classname="io.atomix.protocols.raft.RaftTest" time="4.62"/>
  <testcase name="testDemoteLeader" classname="io.atomix.protocols.raft.RaftTest" time="5.598"/>
  <testcase name="testTwoOfThreeNodeSubmitCommand" classname="io.atomix.protocols.raft.RaftTest" time="2.333"/>
  <testcase name="testOneNodeCloseEvent" classname="io.atomix.protocols.raft.RaftTest" time="1.891"/>
  <testcase name="testOneNodeSequentialEvent" classname="io.atomix.protocols.raft.RaftTest" time="1.518"/>
  <testcase name="testThreeNodeSubmitCommand" classname="io.atomix.protocols.raft.RaftTest" time="3.593"/>
  <testcase name="testActiveJoinLate" classname="io.atomix.protocols.raft.RaftTest" time="24.795"/>
  <testcase name="testThreeNodeSubmitQueryWithSequentialConsistency" classname="io.atomix.protocols.raft.RaftTest" time="2.501"/>
  <testcase name="testFiveNodeSubmitQueryWithBoundedLinearizableConsistency" classname="io.atomix.protocols.raft.RaftTest" time="2.671"/>
  <testcase name="testTwoNodeSubmitQueryWithBoundedLinearizableConsistency" classname="io.atomix.protocols.raft.RaftTest" time="3.655"/>
  <testcase name="testThreeOfFiveNodeSubmitCommand" classname="io.atomix.protocols.raft.RaftTest" time="3.403"/>
  <testcase name="testTwoNodeSubmitQueryWithSequentialConsistency" classname="io.atomix.protocols.raft.RaftTest" time="2.074"/>
  <testcase name="testActiveJoinEvent" classname="io.atomix.protocols.raft.RaftTest" time="3.126"/>
  <testcase name="testOneNodeSubmitCommand" classname="io.atomix.protocols.raft.RaftTest" time="1.448"/>
  <testcase name="testFourNodeSubmitCommand" classname="io.atomix.protocols.raft.RaftTest" time="2.918"/>
  <testcase name="testTwoNodeSequentialEvent" classname="io.atomix.protocols.raft.RaftTest" time="2.273"/>
  <testcase name="testThreeNodeCloseEvent" classname="io.atomix.protocols.raft.RaftTest" time="3.747"/>
  <testcase name="testFourNodeSubmitQueryWithBoundedLinearizableConsistency" classname="io.atomix.protocols.raft.RaftTest" time="4.099"/>
  <testcase name="testFiveNodeSubmitQueryWithLinearizableConsistency" classname="io.atomix.protocols.raft.RaftTest" time="3.595"/>
  <testcase name="testSequenceSequentialOperations" classname="io.atomix.protocols.raft.RaftTest" time="3.43"/>
  <testcase name="testSingleMemberStart" classname="io.atomix.protocols.raft.RaftTest" time="4.031"/>
  <testcase name="testThreeNodeEvents" classname="io.atomix.protocols.raft.RaftTest" time="3.025"/>
  <testcase name="testSequenceLinearizableOperations" classname="io.atomix.protocols.raft.RaftTest" time="3.723"/>
  <testcase name="testThreeNodeSubmitQueryWithLinearizableConsistency" classname="io.atomix.protocols.raft.RaftTest" time="3.016"/>
  <testcase name="testFiveNodeManyEvents" classname="io.atomix.protocols.raft.RaftTest" time="5.659"/>
  <testcase name="testOneNodeSubmitQueryWithBoundedLinearizableConsistency" classname="io.atomix.protocols.raft.RaftTest" time="1.809"/>
  <testcase name="testFiveNodeExpireEvent" classname="io.atomix.protocols.raft.RaftTest" time="10.936"/>
  <testcase name="testFiveNodeSubmitQueryWithSequentialConsistency" classname="io.atomix.protocols.raft.RaftTest" time="4.02"/>
  <testcase name="testTransferLeadership" classname="io.atomix.protocols.raft.RaftTest" time="4.023">
    <skipped/>
  </testcase>
  <testcase name="testTwoNodeSubmitQueryWithLinearizableConsistency" classname="io.atomix.protocols.raft.RaftTest" time="2.277"/>
  <testcase name="testThreeNodeSequentialEvent" classname="io.atomix.protocols.raft.RaftTest" time="3.643"/>
  <testcase name="testTwoNodeEvents" classname="io.atomix.protocols.raft.RaftTest" time="2.898"/>
  <testcase name="testActiveJoin" classname="io.atomix.protocols.raft.RaftTest" time="4.853"/>
  <testcase name="testPassiveJoinLate" classname="io.atomix.protocols.raft.RaftTest" time="19.06">
    <error message="Test timed out while waiting for an expected result" type="java.util.concurrent.TimeoutException">java.util.concurrent.TimeoutException: Test timed out while waiting for an expected result
	at net.jodah.concurrentunit.Waiter.await(Waiter.java:168)
	at net.jodah.concurrentunit.Waiter.await(Waiter.java:115)
	at net.jodah.concurrentunit.ConcurrentTestCase.await(ConcurrentTestCase.java:98)
	at io.atomix.protocols.raft.RaftTest.testServerJoinLate(RaftTest.java:204)
	at io.atomix.protocols.raft.RaftTest.testPassiveJoinLate(RaftTest.java:193)
</error>
    <system-out><![CDATA[00:27:41.515 [main] DEBUG i.a.storage.journal.SegmentedJournal - Created disk segment: JournalSegment{id=1, version=1, index=1, size=64}
00:27:41.515 [main] TRACE i.a.p.raft.storage.system.MetaStore - Store configuration Configuration{index=0, time=2018-06-10 12:27:41,515, members=[DefaultRaftMember{id=3, type=ACTIVE, updated=2018-06-09T22:27:41.515Z}, DefaultRaftMember{id=1, type=ACTIVE, updated=2018-06-09T22:27:41.515Z}, DefaultRaftMember{id=2, type=ACTIVE, updated=2018-06-09T22:27:41.515Z}]}
00:27:41.548 [raft-server-1] INFO  i.a.protocols.raft.impl.RaftContext - RaftServer{1} - Transitioning to FOLLOWER
00:27:41.548 [raft-server-1] DEBUG i.a.p.r.c.impl.RaftClusterContext - RaftServer{1} - Attempting to join via 3
00:27:41.549 [raft-server-1] TRACE i.a.p.r.c.impl.RaftClusterContext - RaftServer{1} - Cancelling join timeout
00:27:41.549 [raft-server-1] DEBUG i.a.p.r.c.impl.RaftClusterContext - RaftServer{1} - Failed to join 3
00:27:41.549 [raft-server-1] DEBUG i.a.p.r.c.impl.RaftClusterContext - RaftServer{1} - Attempting to join via 2
00:27:41.549 [raft-server-1] TRACE i.a.p.r.c.impl.RaftClusterContext - RaftServer{1} - Cancelling join timeout
00:27:41.549 [raft-server-1] DEBUG i.a.p.r.c.impl.RaftClusterContext - RaftServer{1} - Failed to join 2
00:27:41.549 [raft-server-1] DEBUG i.a.p.r.c.impl.RaftClusterContext - RaftServer{1} - Failed to join cluster, retrying...
00:27:41.738 [main] DEBUG i.a.storage.journal.SegmentedJournal - Created disk segment: JournalSegment{id=1, version=1, index=1, size=64}
00:27:41.739 [main] TRACE i.a.p.raft.storage.system.MetaStore - Store configuration Configuration{index=0, time=2018-06-10 12:27:41,738, members=[DefaultRaftMember{id=3, type=ACTIVE, updated=2018-06-09T22:27:41.738Z}, DefaultRaftMember{id=1, type=ACTIVE, updated=2018-06-09T22:27:41.738Z}, DefaultRaftMember{id=2, type=ACTIVE, updated=2018-06-09T22:27:41.738Z}]}
00:27:41.773 [raft-server-2] INFO  i.a.protocols.raft.impl.RaftContext - RaftServer{2} - Transitioning to FOLLOWER
00:27:41.773 [raft-server-2] DEBUG i.a.p.r.c.impl.RaftClusterContext - RaftServer{2} - Attempting to join via 3
00:27:41.773 [raft-server-2] TRACE i.a.p.r.c.impl.RaftClusterContext - RaftServer{2} - Cancelling join timeout
00:27:41.773 [raft-server-2] DEBUG i.a.p.r.c.impl.RaftClusterContext - RaftServer{2} - Failed to join 3
00:27:41.773 [raft-server-2] DEBUG i.a.p.r.c.impl.RaftClusterContext - RaftServer{2} - Attempting to join via 1
00:27:41.774 [raft-server-1] TRACE i.a.p.raft.roles.FollowerRole - RaftServer{1}{role=FOLLOWER} - Received JoinRequest{member=DefaultRaftMember{id=2, type=ACTIVE, updated=2018-06-09T22:27:41.738Z}}
00:27:41.774 [raft-server-1] TRACE i.a.p.raft.roles.FollowerRole - RaftServer{1}{role=FOLLOWER} - Sending JoinResponse{status=ERROR, error=RaftError{type=NO_LEADER, message=null}}
00:27:41.774 [raft-server-2] TRACE i.a.p.r.c.impl.RaftClusterContext - RaftServer{2} - Cancelling join timeout
00:27:41.774 [raft-server-2] DEBUG i.a.p.r.c.impl.RaftClusterContext - RaftServer{2} - Failed to join 1
00:27:41.774 [raft-server-2] DEBUG i.a.p.r.c.impl.RaftClusterContext - RaftServer{2} - Failed to join cluster, retrying...
00:27:41.956 [main] DEBUG i.a.storage.journal.SegmentedJournal - Created disk segment: JournalSegment{id=1, version=1, index=1, size=64}
00:27:41.957 [main] TRACE i.a.p.raft.storage.system.MetaStore - Store configuration Configuration{index=0, time=2018-06-10 12:27:41,956, members=[DefaultRaftMember{id=3, type=ACTIVE, updated=2018-06-09T22:27:41.956Z}, DefaultRaftMember{id=1, type=ACTIVE, updated=2018-06-09T22:27:41.956Z}, DefaultRaftMember{id=2, type=ACTIVE, updated=2018-06-09T22:27:41.956Z}]}
00:27:41.988 [raft-server-3] INFO  i.a.protocols.raft.impl.RaftContext - RaftServer{3} - Transitioning to FOLLOWER
00:27:41.988 [raft-server-3] DEBUG i.a.p.r.c.impl.RaftClusterContext - RaftServer{3} - Attempting to join via 1
00:27:41.989 [raft-server-1] TRACE i.a.p.raft.roles.FollowerRole - RaftServer{1}{role=FOLLOWER} - Received JoinRequest{member=DefaultRaftMember{id=3, type=ACTIVE, updated=2018-06-09T22:27:41.956Z}}
00:27:41.989 [raft-server-1] TRACE i.a.p.raft.roles.FollowerRole - RaftServer{1}{role=FOLLOWER} - Sending JoinResponse{status=ERROR, error=RaftError{type=NO_LEADER, message=null}}
00:27:41.989 [raft-server-3] TRACE i.a.p.r.c.impl.RaftClusterContext - RaftServer{3} - Cancelling join timeout
00:27:41.989 [raft-server-3] DEBUG i.a.p.r.c.impl.RaftClusterContext - RaftServer{3} - Failed to join 1
00:27:41.989 [raft-server-3] DEBUG i.a.p.r.c.impl.RaftClusterContext - RaftServer{3} - Attempting to join via 2
00:27:41.989 [raft-server-2] TRACE i.a.p.raft.roles.FollowerRole - RaftServer{2}{role=FOLLOWER} - Received JoinRequest{member=DefaultRaftMember{id=3, type=ACTIVE, updated=2018-06-09T22:27:41.956Z}}
00:27:41.989 [raft-server-2] TRACE i.a.p.raft.roles.FollowerRole - RaftServer{2}{role=FOLLOWER} - Sending JoinResponse{status=ERROR, error=RaftError{type=NO_LEADER, message=null}}
00:27:41.989 [raft-server-3] TRACE i.a.p.r.c.impl.RaftClusterContext - RaftServer{3} - Cancelling join timeout
00:27:41.989 [raft-server-3] DEBUG i.a.p.r.c.impl.RaftClusterContext - RaftServer{3} - Failed to join 2
00:27:41.989 [raft-server-3] DEBUG i.a.p.r.c.impl.RaftClusterContext - RaftServer{3} - Failed to join cluster, retrying...
00:27:42.897 [raft-server-1] DEBUG i.a.p.raft.roles.FollowerRole - RaftServer{1}{role=FOLLOWER} - Heartbeat timed out in PT1.348S
00:27:42.897 [raft-server-1] DEBUG i.a.p.raft.roles.FollowerRole - RaftServer{1}{role=FOLLOWER} - Polling members [DefaultRaftMember{id=3, type=ACTIVE, updated=2018-06-09T22:27:41.515Z}, DefaultRaftMember{id=2, type=ACTIVE, updated=2018-06-09T22:27:41.515Z}]
00:27:42.897 [raft-server-1] DEBUG i.a.p.raft.roles.FollowerRole - RaftServer{1}{role=FOLLOWER} - Polling DefaultRaftMember{id=3, type=ACTIVE, updated=2018-06-09T22:27:41.515Z} for next term 1
00:27:42.897 [raft-server-1] DEBUG i.a.p.raft.roles.FollowerRole - RaftServer{1}{role=FOLLOWER} - Polling DefaultRaftMember{id=2, type=ACTIVE, updated=2018-06-09T22:27:41.515Z} for next term 1
00:27:42.897 [raft-server-3] TRACE i.a.p.raft.roles.FollowerRole - RaftServer{3}{role=FOLLOWER} - Received PollRequest{term=0, candidate=1, lastLogIndex=0, lastLogTerm=0}
00:27:42.897 [raft-server-3] DEBUG i.a.p.raft.roles.FollowerRole - RaftServer{3}{role=FOLLOWER} - Accepted PollRequest{term=0, candidate=1, lastLogIndex=0, lastLogTerm=0}: candidate's log is up-to-date
00:27:42.897 [raft-server-2] TRACE i.a.p.raft.roles.FollowerRole - RaftServer{2}{role=FOLLOWER} - Received PollRequest{term=0, candidate=1, lastLogIndex=0, lastLogTerm=0}
00:27:42.897 [raft-server-3] TRACE i.a.p.raft.roles.FollowerRole - RaftServer{3}{role=FOLLOWER} - Sending PollResponse{status=OK, term=0, accepted=true}
00:27:42.897 [raft-server-2] DEBUG i.a.p.raft.roles.FollowerRole - RaftServer{2}{role=FOLLOWER} - Accepted PollRequest{term=0, candidate=1, lastLogIndex=0, lastLogTerm=0}: candidate's log is up-to-date
00:27:42.897 [raft-server-1] DEBUG i.a.p.raft.roles.FollowerRole - RaftServer{1}{role=FOLLOWER} - Received accepted poll from DefaultRaftMember{id=3, type=ACTIVE, updated=2018-06-09T22:27:41.515Z}
00:27:42.897 [raft-server-2] TRACE i.a.p.raft.roles.FollowerRole - RaftServer{2}{role=FOLLOWER} - Sending PollResponse{status=OK, term=0, accepted=true}
00:27:42.897 [raft-server-1] INFO  i.a.protocols.raft.impl.RaftContext - RaftServer{1} - Transitioning to CANDIDATE
00:27:42.898 [raft-server-1] TRACE i.a.p.raft.roles.FollowerRole - RaftServer{1}{role=FOLLOWER} - Cancelling heartbeat timer
00:27:42.898 [raft-server-1] INFO  i.a.p.raft.roles.CandidateRole - RaftServer{1}{role=CANDIDATE} - Starting election
00:27:42.898 [raft-server-1] TRACE i.a.p.raft.storage.system.MetaStore - Store term 1
00:27:43.012 [raft-server-2] DEBUG i.a.p.raft.roles.FollowerRole - RaftServer{2}{role=FOLLOWER} - Heartbeat timed out in PT1.238S
00:27:43.012 [raft-server-2] DEBUG i.a.p.raft.roles.FollowerRole - RaftServer{2}{role=FOLLOWER} - Polling members [DefaultRaftMember{id=3, type=ACTIVE, updated=2018-06-09T22:27:41.738Z}, DefaultRaftMember{id=1, type=ACTIVE, updated=2018-06-09T22:27:41.738Z}]
00:27:43.012 [raft-server-2] DEBUG i.a.p.raft.roles.FollowerRole - RaftServer{2}{role=FOLLOWER} - Polling DefaultRaftMember{id=3, type=ACTIVE, updated=2018-06-09T22:27:41.738Z} for next term 1
00:27:43.012 [raft-server-2] DEBUG i.a.p.raft.roles.FollowerRole - RaftServer{2}{role=FOLLOWER} - Polling DefaultRaftMember{id=1, type=ACTIVE, updated=2018-06-09T22:27:41.738Z} for next term 1
00:27:43.012 [raft-server-3] TRACE i.a.p.raft.roles.FollowerRole - RaftServer{3}{role=FOLLOWER} - Received PollRequest{term=0, candidate=2, lastLogIndex=0, lastLogTerm=0}
00:27:43.012 [raft-server-3] DEBUG i.a.p.raft.roles.FollowerRole - RaftServer{3}{role=FOLLOWER} - Accepted PollRequest{term=0, candidate=2, lastLogIndex=0, lastLogTerm=0}: candidate's log is up-to-date
00:27:43.012 [raft-server-3] TRACE i.a.p.raft.roles.FollowerRole - RaftServer{3}{role=FOLLOWER} - Sending PollResponse{status=OK, term=0, accepted=true}
00:27:43.012 [raft-server-2] DEBUG i.a.p.raft.roles.FollowerRole - RaftServer{2}{role=FOLLOWER} - Received accepted poll from DefaultRaftMember{id=3, type=ACTIVE, updated=2018-06-09T22:27:41.738Z}
00:27:43.012 [raft-server-2] INFO  i.a.protocols.raft.impl.RaftContext - RaftServer{2} - Transitioning to CANDIDATE
00:27:43.012 [raft-server-2] TRACE i.a.p.raft.roles.FollowerRole - RaftServer{2}{role=FOLLOWER} - Cancelling heartbeat timer
00:27:43.012 [raft-server-2] INFO  i.a.p.raft.roles.CandidateRole - RaftServer{2}{role=CANDIDATE} - Starting election
00:27:43.013 [raft-server-2] TRACE i.a.p.raft.storage.system.MetaStore - Store term 1
00:27:43.148 [raft-server-1] TRACE i.a.p.raft.storage.system.MetaStore - Store vote null
00:27:43.173 [raft-server-2] TRACE i.a.p.raft.storage.system.MetaStore - Store vote null
00:27:43.198 [raft-server-1] DEBUG i.a.protocols.raft.impl.RaftContext - RaftServer{1} - Set term 1
00:27:43.198 [raft-server-1] TRACE i.a.p.raft.storage.system.MetaStore - Store vote 1
00:27:43.223 [raft-server-2] DEBUG i.a.protocols.raft.impl.RaftContext - RaftServer{2} - Set term 1
00:27:43.223 [raft-server-2] TRACE i.a.p.raft.storage.system.MetaStore - Store vote 2
00:27:43.248 [raft-server-1] DEBUG i.a.protocols.raft.impl.RaftContext - RaftServer{1} - Voted for 1
00:27:43.248 [raft-server-1] DEBUG i.a.p.raft.roles.CandidateRole - RaftServer{1}{role=CANDIDATE} - Requesting votes for term 1
00:27:43.248 [raft-server-1] DEBUG i.a.p.raft.roles.CandidateRole - RaftServer{1}{role=CANDIDATE} - Requesting vote from DefaultRaftMember{id=3, type=ACTIVE, updated=2018-06-09T22:27:41.515Z} for term 1
00:27:43.248 [raft-server-1] DEBUG i.a.p.raft.roles.CandidateRole - RaftServer{1}{role=CANDIDATE} - Requesting vote from DefaultRaftMember{id=2, type=ACTIVE, updated=2018-06-09T22:27:41.515Z} for term 1
00:27:43.248 [raft-server-3] TRACE i.a.p.raft.roles.FollowerRole - RaftServer{3}{role=FOLLOWER} - Received VoteRequest{term=1, candidate=1, lastLogIndex=0, lastLogTerm=0}
00:27:43.248 [raft-server-3] TRACE i.a.p.raft.storage.system.MetaStore - Store term 1
00:27:43.248 [raft-server-1] TRACE i.a.p.raft.roles.CandidateRole - RaftServer{1}{role=CANDIDATE} - Received PollRequest{term=0, candidate=2, lastLogIndex=0, lastLogTerm=0}
00:27:43.248 [raft-server-1] DEBUG i.a.p.raft.roles.CandidateRole - RaftServer{1}{role=CANDIDATE} - Rejected PollRequest{term=0, candidate=2, lastLogIndex=0, lastLogTerm=0}: candidate's term is less than the current term
00:27:43.248 [raft-server-1] TRACE i.a.p.raft.roles.CandidateRole - RaftServer{1}{role=CANDIDATE} - Sending PollResponse{status=OK, term=1, accepted=false}
00:27:43.248 [raft-server-1] TRACE i.a.p.r.c.impl.RaftClusterContext - RaftServer{1} - Cancelling join timeout
00:27:43.248 [raft-server-1] DEBUG i.a.p.r.c.impl.RaftClusterContext - RaftServer{1} - Attempting to join via 3
00:27:43.273 [raft-server-2] DEBUG i.a.protocols.raft.impl.RaftContext - RaftServer{2} - Voted for 2
00:27:43.273 [raft-server-2] DEBUG i.a.p.raft.roles.CandidateRole - RaftServer{2}{role=CANDIDATE} - Requesting votes for term 1
00:27:43.273 [raft-server-2] DEBUG i.a.p.raft.roles.CandidateRole - RaftServer{2}{role=CANDIDATE} - Requesting vote from DefaultRaftMember{id=3, type=ACTIVE, updated=2018-06-09T22:27:41.738Z} for term 1
00:27:43.273 [raft-server-2] DEBUG i.a.p.raft.roles.CandidateRole - RaftServer{2}{role=CANDIDATE} - Requesting vote from DefaultRaftMember{id=1, type=ACTIVE, updated=2018-06-09T22:27:41.738Z} for term 1
00:27:43.273 [raft-server-2] TRACE i.a.p.raft.roles.CandidateRole - RaftServer{2}{role=CANDIDATE} - Received VoteRequest{term=1, candidate=1, lastLogIndex=0, lastLogTerm=0}
00:27:43.273 [raft-server-1] TRACE i.a.p.raft.roles.CandidateRole - RaftServer{1}{role=CANDIDATE} - Received VoteRequest{term=1, candidate=2, lastLogIndex=0, lastLogTerm=0}
00:27:43.273 [raft-server-1] TRACE i.a.p.raft.roles.CandidateRole - RaftServer{1}{role=CANDIDATE} - Sending VoteResponse{status=OK, term=1, voted=false}
00:27:43.273 [raft-server-2] TRACE i.a.p.raft.roles.CandidateRole - RaftServer{2}{role=CANDIDATE} - Sending VoteResponse{status=OK, term=1, voted=false}
00:27:43.273 [raft-server-2] DEBUG i.a.p.raft.roles.CandidateRole - RaftServer{2}{role=CANDIDATE} - Received rejected vote from DefaultRaftMember{id=1, type=ACTIVE, updated=2018-06-09T22:27:41.738Z}
00:27:43.273 [raft-server-1] DEBUG i.a.p.raft.roles.CandidateRole - RaftServer{1}{role=CANDIDATE} - Received rejected vote from DefaultRaftMember{id=2, type=ACTIVE, updated=2018-06-09T22:27:41.515Z}
00:27:43.274 [raft-server-2] TRACE i.a.p.r.c.impl.RaftClusterContext - RaftServer{2} - Cancelling join timeout
00:27:43.274 [raft-server-2] DEBUG i.a.p.r.c.impl.RaftClusterContext - RaftServer{2} - Attempting to join via 3
00:27:43.306 [raft-server-3] TRACE i.a.p.raft.storage.system.MetaStore - Store vote null
00:27:43.339 [raft-server-3] DEBUG i.a.protocols.raft.impl.RaftContext - RaftServer{3} - Set term 1
00:27:43.340 [raft-server-3] DEBUG i.a.p.raft.roles.FollowerRole - RaftServer{3}{role=FOLLOWER} - Accepted VoteRequest{term=1, candidate=1, lastLogIndex=0, lastLogTerm=0}: candidate's log is up-to-date
00:27:43.340 [raft-server-3] TRACE i.a.p.raft.storage.system.MetaStore - Store vote 1
00:27:43.379 [raft-server-3] DEBUG i.a.protocols.raft.impl.RaftContext - RaftServer{3} - Voted for 1
00:27:43.379 [raft-server-3] TRACE i.a.p.raft.roles.FollowerRole - RaftServer{3}{role=FOLLOWER} - Sending VoteResponse{status=OK, term=1, voted=true}
00:27:43.380 [raft-server-3] TRACE i.a.p.raft.roles.FollowerRole - RaftServer{3}{role=FOLLOWER} - Received JoinRequest{member=DefaultRaftMember{id=1, type=ACTIVE, updated=2018-06-09T22:27:41.515Z}}
00:27:43.380 [raft-server-3] TRACE i.a.p.raft.roles.FollowerRole - RaftServer{3}{role=FOLLOWER} - Sending JoinResponse{status=ERROR, error=RaftError{type=NO_LEADER, message=null}}
00:27:43.380 [raft-server-1] DEBUG i.a.p.raft.roles.CandidateRole - RaftServer{1}{role=CANDIDATE} - Received successful vote from DefaultRaftMember{id=3, type=ACTIVE, updated=2018-06-09T22:27:41.515Z}
00:27:43.380 [raft-server-3] TRACE i.a.p.raft.roles.FollowerRole - RaftServer{3}{role=FOLLOWER} - Received VoteRequest{term=1, candidate=2, lastLogIndex=0, lastLogTerm=0}
00:27:43.380 [raft-server-1] INFO  i.a.protocols.raft.impl.RaftContext - RaftServer{1} - Transitioning to LEADER
00:27:43.380 [raft-server-3] DEBUG i.a.p.raft.roles.FollowerRole - RaftServer{3}{role=FOLLOWER} - Rejected VoteRequest{term=1, candidate=2, lastLogIndex=0, lastLogTerm=0}: already voted for 1
00:27:43.380 [raft-server-1] DEBUG i.a.p.raft.roles.CandidateRole - RaftServer{1}{role=CANDIDATE} - Cancelling election
00:27:43.380 [raft-server-3] TRACE i.a.p.raft.roles.FollowerRole - RaftServer{3}{role=FOLLOWER} - Sending VoteResponse{status=OK, term=1, voted=false}
00:27:43.380 [raft-server-1] INFO  i.a.protocols.raft.impl.RaftContext - RaftServer{1} - Found leader 1
00:27:43.380 [raft-server-1] TRACE i.a.p.raft.storage.system.MetaStore - Store vote null
00:27:43.380 [raft-server-3] TRACE i.a.p.raft.roles.FollowerRole - RaftServer{3}{role=FOLLOWER} - Received JoinRequest{member=DefaultRaftMember{id=2, type=ACTIVE, updated=2018-06-09T22:27:41.738Z}}
00:27:43.380 [raft-server-2] DEBUG i.a.p.raft.roles.CandidateRole - RaftServer{2}{role=CANDIDATE} - Received rejected vote from DefaultRaftMember{id=3, type=ACTIVE, updated=2018-06-09T22:27:41.738Z}
00:27:43.380 [raft-server-3] TRACE i.a.p.raft.roles.FollowerRole - RaftServer{3}{role=FOLLOWER} - Sending JoinResponse{status=ERROR, error=RaftError{type=NO_LEADER, message=null}}
00:27:43.380 [raft-server-2] INFO  i.a.protocols.raft.impl.RaftContext - RaftServer{2} - Transitioning to FOLLOWER
00:27:43.380 [raft-server-2] DEBUG i.a.p.raft.roles.CandidateRole - RaftServer{2}{role=CANDIDATE} - Cancelling election
00:27:43.380 [raft-server-2] TRACE i.a.p.r.c.impl.RaftClusterContext - RaftServer{2} - Cancelling join timeout
00:27:43.380 [raft-server-2] DEBUG i.a.p.r.c.impl.RaftClusterContext - RaftServer{2} - Failed to join 3
00:27:43.380 [raft-server-2] DEBUG i.a.p.r.c.impl.RaftClusterContext - RaftServer{2} - Attempting to join via 1
00:27:43.407 [raft-server-1] TRACE i.a.protocols.raft.roles.LeaderRole - RaftServer{1}{role=LEADER} - Appended Indexed{index=1, entry=InitializeEntry{term=1, timestamp=2018-06-10 12:27:43,380}}
00:27:43.407 [raft-server-1] DEBUG i.a.p.raft.roles.LeaderAppender - RaftServer{1} - Configuring 3
00:27:43.407 [raft-server-1] TRACE i.a.p.raft.roles.LeaderAppender - RaftServer{1} - Sending ConfigureRequest{term=1, leader=1, index=0, timestamp=1528583261515, members=[DefaultRaftMember{id=3, type=ACTIVE, updated=2018-06-09T22:27:41.515Z}, DefaultRaftMember{id=1, type=ACTIVE, updated=2018-06-09T22:27:41.515Z}, DefaultRaftMember{id=2, type=ACTIVE, updated=2018-06-09T22:27:41.515Z}]} to 3
00:27:43.407 [raft-server-1] DEBUG i.a.p.raft.roles.LeaderAppender - RaftServer{1} - Configuring 2
00:27:43.407 [raft-server-1] TRACE i.a.p.raft.roles.LeaderAppender - RaftServer{1} - Sending ConfigureRequest{term=1, leader=1, index=0, timestamp=1528583261515, members=[DefaultRaftMember{id=3, type=ACTIVE, updated=2018-06-09T22:27:41.515Z}, DefaultRaftMember{id=1, type=ACTIVE, updated=2018-06-09T22:27:41.515Z}, DefaultRaftMember{id=2, type=ACTIVE, updated=2018-06-09T22:27:41.515Z}]} to 2
00:27:43.407 [raft-server-3] TRACE i.a.p.raft.roles.FollowerRole - RaftServer{3}{role=FOLLOWER} - Received ConfigureRequest{term=1, leader=1, index=0, timestamp=1528583261515, members=[DefaultRaftMember{id=3, type=ACTIVE, updated=2018-06-09T22:27:41.515Z}, DefaultRaftMember{id=1, type=ACTIVE, updated=2018-06-09T22:27:41.515Z}, DefaultRaftMember{id=2, type=ACTIVE, updated=2018-06-09T22:27:41.515Z}]}
00:27:43.407 [raft-server-3] INFO  i.a.protocols.raft.impl.RaftContext - RaftServer{3} - Found leader 1
00:27:43.407 [raft-server-3] TRACE i.a.p.raft.storage.system.MetaStore - Store vote null
00:27:43.407 [raft-server-2] TRACE i.a.p.raft.roles.FollowerRole - RaftServer{2}{role=FOLLOWER} - Received ConfigureRequest{term=1, leader=1, index=0, timestamp=1528583261515, members=[DefaultRaftMember{id=3, type=ACTIVE, updated=2018-06-09T22:27:41.515Z}, DefaultRaftMember{id=1, type=ACTIVE, updated=2018-06-09T22:27:41.515Z}, DefaultRaftMember{id=2, type=ACTIVE, updated=2018-06-09T22:27:41.515Z}]}
00:27:43.407 [raft-server-1] TRACE i.a.protocols.raft.roles.LeaderRole - RaftServer{1}{role=LEADER} - Starting append timer
00:27:43.407 [raft-server-2] INFO  i.a.protocols.raft.impl.RaftContext - RaftServer{2} - Found leader 1
00:27:43.407 [raft-server-1] TRACE i.a.p.r.c.impl.RaftClusterContext - RaftServer{1} - Cancelling join timeout
00:27:43.407 [raft-server-2] TRACE i.a.p.raft.storage.system.MetaStore - Store vote null
00:27:43.407 [raft-server-1] DEBUG i.a.p.r.c.impl.RaftClusterContext - RaftServer{1} - Failed to join 3
00:27:43.407 [raft-server-1] DEBUG i.a.p.r.c.impl.RaftClusterContext - RaftServer{1} - Attempting to join via 2
00:27:43.407 [raft-server-1] TRACE i.a.protocols.raft.roles.LeaderRole - RaftServer{1}{role=LEADER} - Received JoinRequest{member=DefaultRaftMember{id=2, type=ACTIVE, updated=2018-06-09T22:27:41.738Z}}
00:27:43.407 [raft-server-1] TRACE i.a.protocols.raft.roles.LeaderRole - RaftServer{1}{role=LEADER} - Sending JoinResponse{status=ERROR, error=null}
00:27:43.407 [raft-server-1] TRACE i.a.p.raft.roles.LeaderAppender - RaftServer{1} - Sending AppendRequest{term=1, leader=1, prevLogIndex=0, prevLogTerm=0, entries=0, commitIndex=0} to 3
00:27:43.407 [raft-server-1] TRACE i.a.p.raft.roles.LeaderAppender - RaftServer{1} - Sending AppendRequest{term=1, leader=1, prevLogIndex=0, prevLogTerm=0, entries=0, commitIndex=0} to 2
00:27:43.431 [raft-server-3] TRACE i.a.p.raft.roles.FollowerRole - RaftServer{3}{role=FOLLOWER} - Sending ConfigureResponse{status=OK}
00:27:43.431 [raft-server-3] TRACE i.a.p.raft.roles.FollowerRole - RaftServer{3}{role=FOLLOWER} - Received AppendRequest{term=1, leader=1, prevLogIndex=0, prevLogTerm=0, entries=0, commitIndex=0}
00:27:43.431 [raft-server-3] TRACE i.a.p.raft.roles.FollowerRole - RaftServer{3}{role=FOLLOWER} - Sending AppendResponse{status=OK, term=1, succeeded=true, lastLogIndex=0}
00:27:43.431 [raft-server-1] TRACE i.a.p.raft.roles.LeaderAppender - RaftServer{1} - Received ConfigureResponse{status=OK} from 3
00:27:43.431 [raft-server-1] TRACE i.a.p.raft.roles.LeaderAppender - RaftServer{1} - Received AppendResponse{status=OK, term=1, succeeded=true, lastLogIndex=0} from 3
00:27:43.431 [raft-server-1] TRACE i.a.p.raft.roles.LeaderAppender - RaftServer{1} - Sending AppendRequest{term=1, leader=1, prevLogIndex=0, prevLogTerm=0, entries=1, commitIndex=0} to 3
00:27:43.431 [raft-server-3] TRACE i.a.p.raft.roles.FollowerRole - RaftServer{3}{role=FOLLOWER} - Received AppendRequest{term=1, leader=1, prevLogIndex=0, prevLogTerm=0, entries=1, commitIndex=0}
00:27:43.431 [raft-server-3] DEBUG i.a.p.raft.roles.FollowerRole - RaftServer{3}{role=FOLLOWER} - Reset first index to 1
00:27:43.432 [raft-server-3] TRACE i.a.p.raft.roles.FollowerRole - RaftServer{3}{role=FOLLOWER} - Appended Indexed{index=1, entry=InitializeEntry{term=1, timestamp=2018-06-10 12:27:43,380}}
00:27:43.432 [raft-server-3] TRACE i.a.p.raft.roles.FollowerRole - RaftServer{3}{role=FOLLOWER} - Sending AppendResponse{status=OK, term=1, succeeded=true, lastLogIndex=1}
00:27:43.432 [raft-server-1] TRACE i.a.p.raft.roles.LeaderAppender - RaftServer{1} - Received AppendResponse{status=OK, term=1, succeeded=true, lastLogIndex=1} from 3
00:27:43.432 [raft-server-1] TRACE i.a.p.raft.roles.LeaderAppender - RaftServer{1} - Committed entries up to 1
00:27:43.465 [raft-server-2] TRACE i.a.p.raft.roles.FollowerRole - RaftServer{2}{role=FOLLOWER} - Sending ConfigureResponse{status=OK}
00:27:43.465 [raft-server-2] TRACE i.a.p.raft.roles.FollowerRole - RaftServer{2}{role=FOLLOWER} - Received JoinRequest{member=DefaultRaftMember{id=1, type=ACTIVE, updated=2018-06-09T22:27:41.515Z}}
00:27:43.465 [raft-server-2] TRACE i.a.p.r.c.impl.RaftClusterContext - RaftServer{2} - Cancelling join timeout
00:27:43.465 [raft-server-2] DEBUG i.a.p.r.c.impl.RaftClusterContext - RaftServer{2} - Failed to join 1
00:27:43.465 [raft-server-2] TRACE i.a.p.raft.roles.FollowerRole - RaftServer{2}{role=FOLLOWER} - Received AppendRequest{term=1, leader=1, prevLogIndex=0, prevLogTerm=0, entries=0, commitIndex=0}
00:27:43.465 [raft-server-2] TRACE i.a.p.raft.roles.FollowerRole - RaftServer{2}{role=FOLLOWER} - Sending AppendResponse{status=OK, term=1, succeeded=true, lastLogIndex=0}
00:27:43.488 [raft-server-1] TRACE i.a.p.raft.roles.LeaderAppender - RaftServer{1} - Received ConfigureResponse{status=OK} from 2
00:27:43.488 [raft-server-1] TRACE i.a.protocols.raft.roles.LeaderRole - RaftServer{1}{role=LEADER} - Received JoinRequest{member=DefaultRaftMember{id=1, type=ACTIVE, updated=2018-06-09T22:27:41.515Z}}
00:27:43.488 [raft-server-1] TRACE i.a.protocols.raft.roles.LeaderRole - RaftServer{1}{role=LEADER} - Sending JoinResponse{status=OK, index=0, term=0, timestamp=1528583261515, members=[DefaultRaftMember{id=3, type=ACTIVE, updated=2018-06-09T22:27:41.515Z}, DefaultRaftMember{id=1, type=ACTIVE, updated=2018-06-09T22:27:41.515Z}, DefaultRaftMember{id=2, type=ACTIVE, updated=2018-06-09T22:27:41.515Z}]}
00:27:43.488 [raft-server-1] TRACE i.a.p.raft.roles.LeaderAppender - RaftServer{1} - Received AppendResponse{status=OK, term=1, succeeded=true, lastLogIndex=0} from 2
00:27:43.488 [raft-server-2] TRACE i.a.p.raft.roles.FollowerRole - RaftServer{2}{role=FOLLOWER} - Sending JoinResponse{status=OK, index=0, term=0, timestamp=1528583261515, members=[DefaultRaftMember{id=3, type=ACTIVE, updated=2018-06-09T22:27:41.515Z}, DefaultRaftMember{id=1, type=ACTIVE, updated=2018-06-09T22:27:41.515Z}, DefaultRaftMember{id=2, type=ACTIVE, updated=2018-06-09T22:27:41.515Z}]}
00:27:43.488 [raft-server-1] TRACE i.a.p.raft.roles.LeaderAppender - RaftServer{1} - Sending AppendRequest{term=1, leader=1, prevLogIndex=0, prevLogTerm=0, entries=1, commitIndex=1} to 2
00:27:43.488 [raft-server-2] TRACE i.a.p.raft.roles.FollowerRole - RaftServer{2}{role=FOLLOWER} - Received AppendRequest{term=1, leader=1, prevLogIndex=0, prevLogTerm=0, entries=1, commitIndex=1}
00:27:43.488 [raft-server-2] DEBUG i.a.p.raft.roles.FollowerRole - RaftServer{2}{role=FOLLOWER} - Reset first index to 1
00:27:43.488 [raft-server-1] TRACE i.a.p.r.c.impl.RaftClusterContext - RaftServer{1} - Cancelling join timeout
00:27:43.488 [raft-server-1] INFO  i.a.p.r.c.impl.RaftClusterContext - RaftServer{1} - Successfully joined via 2
00:27:43.488 [raft-server-1-state] TRACE i.a.p.raft.impl.RaftServiceManager - RaftServer{1} - Applying Indexed{index=1, entry=InitializeEntry{term=1, timestamp=2018-06-10 12:27:43,380}}
00:27:43.488 [raft-server-2] TRACE i.a.p.raft.roles.FollowerRole - RaftServer{2}{role=FOLLOWER} - Appended Indexed{index=1, entry=InitializeEntry{term=1, timestamp=2018-06-10 12:27:43,380}}
00:27:43.489 [raft-server-1] INFO  i.a.p.raft.impl.DefaultRaftServer - RaftServer{1} - Server started successfully!
00:27:43.489 [raft-server-3] TRACE i.a.p.r.c.impl.RaftClusterContext - RaftServer{3} - Cancelling join timeout
00:27:43.489 [raft-server-3] DEBUG i.a.p.r.c.impl.RaftClusterContext - RaftServer{3} - Attempting to join via 1
00:27:43.489 [raft-server-1] TRACE i.a.protocols.raft.roles.LeaderRole - RaftServer{1}{role=LEADER} - Received JoinRequest{member=DefaultRaftMember{id=3, type=ACTIVE, updated=2018-06-09T22:27:41.956Z}}
00:27:43.489 [raft-server-1] TRACE i.a.protocols.raft.roles.LeaderRole - RaftServer{1}{role=LEADER} - Sending JoinResponse{status=OK, index=0, term=0, timestamp=1528583261515, members=[DefaultRaftMember{id=3, type=ACTIVE, updated=2018-06-09T22:27:41.515Z}, DefaultRaftMember{id=1, type=ACTIVE, updated=2018-06-09T22:27:41.515Z}, DefaultRaftMember{id=2, type=ACTIVE, updated=2018-06-09T22:27:41.515Z}]}
00:27:43.489 [raft-server-3] TRACE i.a.p.r.c.impl.RaftClusterContext - RaftServer{3} - Cancelling join timeout
00:27:43.489 [raft-server-3] INFO  i.a.p.r.c.impl.RaftClusterContext - RaftServer{3} - Successfully joined via 1
00:27:43.523 [raft-server-2] TRACE i.a.p.raft.roles.FollowerRole - RaftServer{2}{role=FOLLOWER} - Committed entries up to index 1
00:27:43.523 [raft-server-2] TRACE i.a.p.raft.roles.FollowerRole - RaftServer{2}{role=FOLLOWER} - Sending AppendResponse{status=OK, term=1, succeeded=true, lastLogIndex=1}
00:27:43.523 [raft-server-1] TRACE i.a.p.raft.roles.LeaderAppender - RaftServer{1} - Received AppendResponse{status=OK, term=1, succeeded=true, lastLogIndex=1} from 2
00:27:43.523 [raft-server-2-state] TRACE i.a.p.raft.impl.RaftServiceManager - RaftServer{2} - Applying Indexed{index=1, entry=InitializeEntry{term=1, timestamp=2018-06-10 12:27:43,380}}
00:27:43.657 [raft-server-1] TRACE i.a.p.raft.roles.LeaderAppender - RaftServer{1} - Sending AppendRequest{term=1, leader=1, prevLogIndex=1, prevLogTerm=1, entries=0, commitIndex=1} to 3
00:27:43.657 [raft-server-1] TRACE i.a.p.raft.roles.LeaderAppender - RaftServer{1} - Sending AppendRequest{term=1, leader=1, prevLogIndex=1, prevLogTerm=1, entries=0, commitIndex=1} to 2
00:27:43.657 [raft-server-3] TRACE i.a.p.raft.roles.FollowerRole - RaftServer{3}{role=FOLLOWER} - Received AppendRequest{term=1, leader=1, prevLogIndex=1, prevLogTerm=1, entries=0, commitIndex=1}
00:27:43.658 [raft-server-2] TRACE i.a.p.raft.roles.FollowerRole - RaftServer{2}{role=FOLLOWER} - Received AppendRequest{term=1, leader=1, prevLogIndex=1, prevLogTerm=1, entries=0, commitIndex=1}
00:27:43.658 [raft-server-2] TRACE i.a.p.raft.roles.FollowerRole - RaftServer{2}{role=FOLLOWER} - Sending AppendResponse{status=OK, term=1, succeeded=true, lastLogIndex=1}
00:27:43.658 [raft-server-1] TRACE i.a.p.raft.roles.LeaderAppender - RaftServer{1} - Received AppendResponse{status=OK, term=1, succeeded=true, lastLogIndex=1} from 2
00:27:43.658 [raft-server-1] TRACE i.a.p.raft.roles.LeaderAppender - RaftServer{1} - Sending AppendRequest{term=1, leader=1, prevLogIndex=1, prevLogTerm=1, entries=0, commitIndex=1} to 2
00:27:43.658 [raft-server-2] TRACE i.a.p.raft.roles.FollowerRole - RaftServer{2}{role=FOLLOWER} - Received AppendRequest{term=1, leader=1, prevLogIndex=1, prevLogTerm=1, entries=0, commitIndex=1}
00:27:43.658 [raft-server-2] TRACE i.a.p.raft.roles.FollowerRole - RaftServer{2}{role=FOLLOWER} - Sending AppendResponse{status=OK, term=1, succeeded=true, lastLogIndex=1}
00:27:43.658 [raft-server-1] TRACE i.a.p.raft.roles.LeaderAppender - RaftServer{1} - Received AppendResponse{status=OK, term=1, succeeded=true, lastLogIndex=1} from 2
00:27:43.723 [raft-server-3] TRACE i.a.p.raft.roles.FollowerRole - RaftServer{3}{role=FOLLOWER} - Committed entries up to index 1
00:27:43.723 [raft-server-3] TRACE i.a.p.raft.roles.FollowerRole - RaftServer{3}{role=FOLLOWER} - Sending AppendResponse{status=OK, term=1, succeeded=true, lastLogIndex=1}
00:27:43.723 [raft-server-3] INFO  i.a.p.raft.impl.DefaultRaftServer - RaftServer{3} - Server started successfully!
00:27:43.723 [raft-server-1] TRACE i.a.p.raft.roles.LeaderAppender - RaftServer{1} - Received AppendResponse{status=OK, term=1, succeeded=true, lastLogIndex=1} from 3
00:27:43.723 [raft-server-3-state] TRACE i.a.p.raft.impl.RaftServiceManager - RaftServer{3} - Applying Indexed{index=1, entry=InitializeEntry{term=1, timestamp=2018-06-10 12:27:43,380}}
00:27:43.907 [raft-server-1] TRACE i.a.p.raft.roles.LeaderAppender - RaftServer{1} - Sending AppendRequest{term=1, leader=1, prevLogIndex=1, prevLogTerm=1, entries=0, commitIndex=1} to 3
00:27:43.907 [raft-server-1] TRACE i.a.p.raft.roles.LeaderAppender - RaftServer{1} - Sending AppendRequest{term=1, leader=1, prevLogIndex=1, prevLogTerm=1, entries=0, commitIndex=1} to 2
00:27:43.907 [raft-server-3] TRACE i.a.p.raft.roles.FollowerRole - RaftServer{3}{role=FOLLOWER} - Received AppendRequest{term=1, leader=1, prevLogIndex=1, prevLogTerm=1, entries=0, commitIndex=1}
00:27:43.907 [raft-server-3] TRACE i.a.p.raft.roles.FollowerRole - RaftServer{3}{role=FOLLOWER} - Sending AppendResponse{status=OK, term=1, succeeded=true, lastLogIndex=1}
00:27:43.908 [raft-server-2] TRACE i.a.p.raft.roles.FollowerRole - RaftServer{2}{role=FOLLOWER} - Received AppendRequest{term=1, leader=1, prevLogIndex=1, prevLogTerm=1, entries=0, commitIndex=1}
00:27:43.908 [raft-server-1] TRACE i.a.p.raft.roles.LeaderAppender - RaftServer{1} - Received AppendResponse{status=OK, term=1, succeeded=true, lastLogIndex=1} from 3
00:27:43.908 [raft-server-2] TRACE i.a.p.raft.roles.FollowerRole - RaftServer{2}{role=FOLLOWER} - Sending AppendResponse{status=OK, term=1, succeeded=true, lastLogIndex=1}
00:27:43.908 [raft-server-1] TRACE i.a.p.raft.roles.LeaderAppender - RaftServer{1} - Sending AppendRequest{term=1, leader=1, prevLogIndex=1, prevLogTerm=1, entries=0, commitIndex=1} to 3
00:27:43.908 [raft-server-1] TRACE i.a.p.raft.roles.LeaderAppender - RaftServer{1} - Received AppendResponse{status=OK, term=1, succeeded=true, lastLogIndex=1} from 2
00:27:43.908 [raft-server-3] TRACE i.a.p.raft.roles.FollowerRole - RaftServer{3}{role=FOLLOWER} - Received AppendRequest{term=1, leader=1, prevLogIndex=1, prevLogTerm=1, entries=0, commitIndex=1}
00:27:43.908 [raft-server-1] TRACE i.a.p.raft.roles.LeaderAppender - RaftServer{1} - Sending AppendRequest{term=1, leader=1, prevLogIndex=1, prevLogTerm=1, entries=0, commitIndex=1} to 2
00:27:43.908 [raft-server-3] TRACE i.a.p.raft.roles.FollowerRole - RaftServer{3}{role=FOLLOWER} - Sending AppendResponse{status=OK, term=1, succeeded=true, lastLogIndex=1}
00:27:43.908 [raft-server-2] TRACE i.a.p.raft.roles.FollowerRole - RaftServer{2}{role=FOLLOWER} - Received AppendRequest{term=1, leader=1, prevLogIndex=1, prevLogTerm=1, entries=0, commitIndex=1}
00:27:43.908 [raft-server-1] TRACE i.a.p.raft.roles.LeaderAppender - RaftServer{1} - Received AppendResponse{status=OK, term=1, succeeded=true, lastLogIndex=1} from 3
00:27:43.908 [raft-server-2] TRACE i.a.p.raft.roles.FollowerRole - RaftServer{2}{role=FOLLOWER} - Sending AppendResponse{status=OK, term=1, succeeded=true, lastLogIndex=1}
00:27:43.908 [raft-server-1] TRACE i.a.p.raft.roles.LeaderAppender - RaftServer{1} - Received AppendResponse{status=OK, term=1, succeeded=true, lastLogIndex=1} from 2
00:27:44.157 [raft-server-1] TRACE i.a.p.raft.roles.LeaderAppender - RaftServer{1} - Sending AppendRequest{term=1, leader=1, prevLogIndex=1, prevLogTerm=1, entries=0, commitIndex=1} to 3
00:27:44.158 [raft-server-1] TRACE i.a.p.raft.roles.LeaderAppender - RaftServer{1} - Sending AppendRequest{term=1, leader=1, prevLogIndex=1, prevLogTerm=1, entries=0, commitIndex=1} to 2
00:27:44.158 [raft-server-3] TRACE i.a.p.raft.roles.FollowerRole - RaftServer{3}{role=FOLLOWER} - Received AppendRequest{term=1, leader=1, prevLogIndex=1, prevLogTerm=1, entries=0, commitIndex=1}
00:27:44.158 [raft-server-3] TRACE i.a.p.raft.roles.FollowerRole - RaftServer{3}{role=FOLLOWER} - Sending AppendResponse{status=OK, term=1, succeeded=true, lastLogIndex=1}
00:27:44.158 [raft-server-2] TRACE i.a.p.raft.roles.FollowerRole - RaftServer{2}{role=FOLLOWER} - Received AppendRequest{term=1, leader=1, prevLogIndex=1, prevLogTerm=1, entries=0, commitIndex=1}
00:27:44.158 [raft-server-1] TRACE i.a.p.raft.roles.LeaderAppender - RaftServer{1} - Received AppendResponse{status=OK, term=1, succeeded=true, lastLogIndex=1} from 3
00:27:44.158 [raft-server-2] TRACE i.a.p.raft.roles.FollowerRole - RaftServer{2}{role=FOLLOWER} - Sending AppendResponse{status=OK, term=1, succeeded=true, lastLogIndex=1}
00:27:44.158 [raft-server-1] TRACE i.a.p.raft.roles.LeaderAppender - RaftServer{1} - Sending AppendRequest{term=1, leader=1, prevLogIndex=1, prevLogTerm=1, entries=0, commitIndex=1} to 3
00:27:44.158 [raft-server-1] TRACE i.a.p.raft.roles.LeaderAppender - RaftServer{1} - Received AppendResponse{status=OK, term=1, succeeded=true, lastLogIndex=1} from 2
00:27:44.158 [raft-server-3] TRACE i.a.p.raft.roles.FollowerRole - RaftServer{3}{role=FOLLOWER} - Received AppendRequest{term=1, leader=1, prevLogIndex=1, prevLogTerm=1, entries=0, commitIndex=1}
00:27:44.158 [raft-server-3] TRACE i.a.p.raft.roles.FollowerRole - RaftServer{3}{role=FOLLOWER} - Sending AppendResponse{status=OK, term=1, succeeded=true, lastLogIndex=1}
00:27:44.158 [raft-server-1] TRACE i.a.p.raft.roles.LeaderAppender - RaftServer{1} - Received AppendResponse{status=OK, term=1, succeeded=true, lastLogIndex=1} from 3
00:27:44.407 [raft-server-1] TRACE i.a.p.raft.roles.LeaderAppender - RaftServer{1} - Sending AppendRequest{term=1, leader=1, prevLogIndex=1, prevLogTerm=1, entries=0, commitIndex=1} to 3
00:27:44.408 [raft-server-1] TRACE i.a.p.raft.roles.LeaderAppender - RaftServer{1} - Sending AppendRequest{term=1, leader=1, prevLogIndex=1, prevLogTerm=1, entries=0, commitIndex=1} to 2
00:27:44.408 [raft-server-3] TRACE i.a.p.raft.roles.FollowerRole - RaftServer{3}{role=FOLLOWER} - Received AppendRequest{term=1, leader=1, prevLogIndex=1, prevLogTerm=1, entries=0, commitIndex=1}
00:27:44.408 [raft-server-3] TRACE i.a.p.raft.roles.FollowerRole - RaftServer{3}{role=FOLLOWER} - Sending AppendResponse{status=OK, term=1, succeeded=true, lastLogIndex=1}
00:27:44.408 [raft-server-2] TRACE i.a.p.raft.roles.FollowerRole - RaftServer{2}{role=FOLLOWER} - Received AppendRequest{term=1, leader=1, prevLogIndex=1, prevLogTerm=1, entries=0, commitIndex=1}
00:27:44.408 [raft-server-1] TRACE i.a.p.raft.roles.LeaderAppender - RaftServer{1} - Received AppendResponse{status=OK, term=1, succeeded=true, lastLogIndex=1} from 3
00:27:44.408 [raft-server-2] TRACE i.a.p.raft.roles.FollowerRole - RaftServer{2}{role=FOLLOWER} - Sending AppendResponse{status=OK, term=1, succeeded=true, lastLogIndex=1}
00:27:44.408 [raft-server-1] TRACE i.a.p.raft.roles.LeaderAppender - RaftServer{1} - Sending AppendRequest{term=1, leader=1, prevLogIndex=1, prevLogTerm=1, entries=0, commitIndex=1} to 3
00:27:44.408 [raft-server-1] TRACE i.a.p.raft.roles.LeaderAppender - RaftServer{1} - Received AppendResponse{status=OK, term=1, succeeded=true, lastLogIndex=1} from 2
00:27:44.408 [raft-server-3] TRACE i.a.p.raft.roles.FollowerRole - RaftServer{3}{role=FOLLOWER} - Received AppendRequest{term=1, leader=1, prevLogIndex=1, prevLogTerm=1, entries=0, commitIndex=1}
00:27:44.408 [raft-server-3] TRACE i.a.p.raft.roles.FollowerRole - RaftServer{3}{role=FOLLOWER} - Sending AppendResponse{status=OK, term=1, succeeded=true, lastLogIndex=1}
00:27:44.408 [raft-server-1] TRACE i.a.p.raft.roles.LeaderAppender - RaftServer{1} - Received AppendResponse{status=OK, term=1, succeeded=true, lastLogIndex=1} from 3
00:27:44.657 [raft-server-1] TRACE i.a.p.raft.roles.LeaderAppender - RaftServer{1} - Sending AppendRequest{term=1, leader=1, prevLogIndex=1, prevLogTerm=1, entries=0, commitIndex=1} to 3
00:27:44.657 [raft-server-1] TRACE i.a.p.raft.roles.LeaderAppender - RaftServer{1} - Sending AppendRequest{term=1, leader=1, prevLogIndex=1, prevLogTerm=1, entries=0, commitIndex=1} to 2
00:27:44.657 [raft-server-3] TRACE i.a.p.raft.roles.FollowerRole - RaftServer{3}{role=FOLLOWER} - Received AppendRequest{term=1, leader=1, prevLogIndex=1, prevLogTerm=1, entries=0, commitIndex=1}
00:27:44.657 [raft-server-3] TRACE i.a.p.raft.roles.FollowerRole - RaftServer{3}{role=FOLLOWER} - Sending AppendResponse{status=OK, term=1, succeeded=true, lastLogIndex=1}
00:27:44.658 [raft-server-2] TRACE i.a.p.raft.roles.FollowerRole - RaftServer{2}{role=FOLLOWER} - Received AppendRequest{term=1, leader=1, prevLogIndex=1, prevLogTerm=1, entries=0, commitIndex=1}
00:27:44.658 [raft-server-1] TRACE i.a.p.raft.roles.LeaderAppender - RaftServer{1} - Received AppendResponse{status=OK, term=1, succeeded=true, lastLogIndex=1} from 3
00:27:44.658 [raft-server-2] TRACE i.a.p.raft.roles.FollowerRole - RaftServer{2}{role=FOLLOWER} - Sending AppendResponse{status=OK, term=1, succeeded=true, lastLogIndex=1}
00:27:44.658 [raft-server-1] TRACE i.a.p.raft.roles.LeaderAppender - RaftServer{1} - Sending AppendRequest{term=1, leader=1, prevLogIndex=1, prevLogTerm=1, entries=0, commitIndex=1} to 3
00:27:44.658 [raft-server-1] TRACE i.a.p.raft.roles.LeaderAppender - RaftServer{1} - Received AppendResponse{status=OK, term=1, succeeded=true, lastLogIndex=1} from 2
00:27:44.658 [raft-server-3] TRACE i.a.p.raft.roles.FollowerRole - RaftServer{3}{role=FOLLOWER} - Received AppendRequest{term=1, leader=1, prevLogIndex=1, prevLogTerm=1, entries=0, commitIndex=1}
00:27:44.658 [raft-server-1] TRACE i.a.p.raft.roles.LeaderAppender - RaftServer{1} - Sending AppendRequest{term=1, leader=1, prevLogIndex=1, prevLogTerm=1, entries=0, commitIndex=1} to 2
00:27:44.658 [raft-server-3] TRACE i.a.p.raft.roles.FollowerRole - RaftServer{3}{role=FOLLOWER} - Sending AppendResponse{status=OK, term=1, succeeded=true, lastLogIndex=1}
00:27:44.658 [raft-server-2] TRACE i.a.p.raft.roles.FollowerRole - RaftServer{2}{role=FOLLOWER} - Received AppendRequest{term=1, leader=1, prevLogIndex=1, prevLogTerm=1, entries=0, commitIndex=1}
00:27:44.658 [raft-server-1] TRACE i.a.p.raft.roles.LeaderAppender - RaftServer{1} - Received AppendResponse{status=OK, term=1, succeeded=true, lastLogIndex=1} from 3
00:27:44.658 [raft-server-2] TRACE i.a.p.raft.roles.FollowerRole - RaftServer{2}{role=FOLLOWER} - Sending AppendResponse{status=OK, term=1, succeeded=true, lastLogIndex=1}
00:27:44.658 [raft-server-1] TRACE i.a.p.raft.roles.LeaderAppender - RaftServer{1} - Received AppendResponse{status=OK, term=1, succeeded=true, lastLogIndex=1} from 2
00:27:44.907 [raft-server-1] TRACE i.a.p.raft.roles.LeaderAppender - RaftServer{1} - Sending AppendRequest{term=1, leader=1, prevLogIndex=1, prevLogTerm=1, entries=0, commitIndex=1} to 3
00:27:44.907 [raft-server-1] TRACE i.a.p.raft.roles.LeaderAppender - RaftServer{1} - Sending AppendRequest{term=1, leader=1, prevLogIndex=1, prevLogTerm=1, entries=0, commitIndex=1} to 2
00:27:44.908 [raft-server-3] TRACE i.a.p.raft.roles.FollowerRole - RaftServer{3}{role=FOLLOWER} - Received AppendRequest{term=1, leader=1, prevLogIndex=1, prevLogTerm=1, entries=0, commitIndex=1}
00:27:44.908 [raft-server-2] TRACE i.a.p.raft.roles.FollowerRole - RaftServer{2}{role=FOLLOWER} - Received AppendRequest{term=1, leader=1, prevLogIndex=1, prevLogTerm=1, entries=0, commitIndex=1}
00:27:44.908 [raft-server-3] TRACE i.a.p.raft.roles.FollowerRole - RaftServer{3}{role=FOLLOWER} - Sending AppendResponse{status=OK, term=1, succeeded=true, lastLogIndex=1}
00:27:44.908 [raft-server-2] TRACE i.a.p.raft.roles.FollowerRole - RaftServer{2}{role=FOLLOWER} - Sending AppendResponse{status=OK, term=1, succeeded=true, lastLogIndex=1}
00:27:44.908 [raft-server-1] TRACE i.a.p.raft.roles.LeaderAppender - RaftServer{1} - Received AppendResponse{status=OK, term=1, succeeded=true, lastLogIndex=1} from 3
00:27:44.908 [raft-server-1] TRACE i.a.p.raft.roles.LeaderAppender - RaftServer{1} - Sending AppendRequest{term=1, leader=1, prevLogIndex=1, prevLogTerm=1, entries=0, commitIndex=1} to 3
00:27:44.908 [raft-server-1] TRACE i.a.p.raft.roles.LeaderAppender - RaftServer{1} - Received AppendResponse{status=OK, term=1, succeeded=true, lastLogIndex=1} from 2
00:27:44.908 [raft-server-3] TRACE i.a.p.raft.roles.FollowerRole - RaftServer{3}{role=FOLLOWER} - Received AppendRequest{term=1, leader=1, prevLogIndex=1, prevLogTerm=1, entries=0, commitIndex=1}
00:27:44.908 [raft-server-3] TRACE i.a.p.raft.roles.FollowerRole - RaftServer{3}{role=FOLLOWER} - Sending AppendResponse{status=OK, term=1, succeeded=true, lastLogIndex=1}
00:27:44.908 [raft-server-1] TRACE i.a.p.raft.roles.LeaderAppender - RaftServer{1} - Sending AppendRequest{term=1, leader=1, prevLogIndex=1, prevLogTerm=1, entries=0, commitIndex=1} to 2
00:27:44.908 [raft-server-1] TRACE i.a.p.raft.roles.LeaderAppender - RaftServer{1} - Received AppendResponse{status=OK, term=1, succeeded=true, lastLogIndex=1} from 3
00:27:44.908 [raft-server-2] TRACE i.a.p.raft.roles.FollowerRole - RaftServer{2}{role=FOLLOWER} - Received AppendRequest{term=1, leader=1, prevLogIndex=1, prevLogTerm=1, entries=0, commitIndex=1}
00:27:44.908 [raft-server-2] TRACE i.a.p.raft.roles.FollowerRole - RaftServer{2}{role=FOLLOWER} - Sending AppendResponse{status=OK, term=1, succeeded=true, lastLogIndex=1}
00:27:44.908 [raft-server-1] TRACE i.a.p.raft.roles.LeaderAppender - RaftServer{1} - Received AppendResponse{status=OK, term=1, succeeded=true, lastLogIndex=1} from 2
00:27:44.965 [raft-server-2] TRACE i.a.p.r.c.impl.RaftClusterContext - RaftServer{2} - Cancelling join timeout
00:27:44.965 [raft-server-2] DEBUG i.a.p.r.c.impl.RaftClusterContext - RaftServer{2} - Attempting to join via 3
00:27:44.965 [raft-server-3] TRACE i.a.p.raft.roles.FollowerRole - RaftServer{3}{role=FOLLOWER} - Received JoinRequest{member=DefaultRaftMember{id=2, type=ACTIVE, updated=2018-06-09T22:27:41.738Z}}
00:27:44.966 [raft-server-1] TRACE i.a.protocols.raft.roles.LeaderRole - RaftServer{1}{role=LEADER} - Received JoinRequest{member=DefaultRaftMember{id=2, type=ACTIVE, updated=2018-06-09T22:27:41.738Z}}
00:27:44.966 [raft-server-1] TRACE i.a.protocols.raft.roles.LeaderRole - RaftServer{1}{role=LEADER} - Sending JoinResponse{status=OK, index=0, term=0, timestamp=1528583261515, members=[DefaultRaftMember{id=3, type=ACTIVE, updated=2018-06-09T22:27:41.515Z}, DefaultRaftMember{id=1, type=ACTIVE, updated=2018-06-09T22:27:41.515Z}, DefaultRaftMember{id=2, type=ACTIVE, updated=2018-06-09T22:27:41.515Z}]}
00:27:44.966 [raft-server-3] TRACE i.a.p.raft.roles.FollowerRole - RaftServer{3}{role=FOLLOWER} - Sending JoinResponse{status=OK, index=0, term=0, timestamp=1528583261515, members=[DefaultRaftMember{id=3, type=ACTIVE, updated=2018-06-09T22:27:41.515Z}, DefaultRaftMember{id=1, type=ACTIVE, updated=2018-06-09T22:27:41.515Z}, DefaultRaftMember{id=2, type=ACTIVE, updated=2018-06-09T22:27:41.515Z}]}
00:27:44.966 [raft-server-2] TRACE i.a.p.r.c.impl.RaftClusterContext - RaftServer{2} - Cancelling join timeout
00:27:44.966 [raft-server-2] INFO  i.a.p.r.c.impl.RaftClusterContext - RaftServer{2} - Successfully joined via 3
00:27:44.966 [raft-server-2] INFO  i.a.p.raft.impl.DefaultRaftServer - RaftServer{2} - Server started successfully!
00:27:44.967 [main] DEBUG i.a.p.s.impl.RecoveringSessionClient - SessionClient{1f73cd99-b88c-4b59-9944-86684dacc85c} - Opening proxy session
00:27:44.967 [main] DEBUG i.a.p.r.s.impl.RaftSessionManager - RaftClient{1f73cd99-b88c-4b59-9944-86684dacc85c} - Opening session; name: raft-test, type: io.atomix.protocols.raft.RaftTest$TestPrimitiveType@7d0100ea
00:27:44.967 [main] TRACE i.a.utils.serializer.KryoNamespace - Creating Kryo instance for KryoNamespace{registeredBlocks=[RegistrationBlock{begin=16, types=[([Ljava.lang.Class;@357bc488,null), ([Ljava.lang.Class;@4ea17147,null), ([Ljava.lang.Class;@2eda4eeb,null), ([Ljava.lang.Class;@5ba90d8a,null), ([Ljava.lang.Class;@309dcdf3,io.atomix.utils.serializer.serializers.ImmutableListSerializer@7573b9ee), ([Ljava.lang.Class;@9a20cbd,io.atomix.utils.serializer.serializers.ImmutableSetSerializer@1af4955e), ([Ljava.lang.Class;@445821a6,io.atomix.utils.serializer.serializers.ImmutableMapSerializer@2c0c4c0a), ([Ljava.lang.Class;@35d26ad2,null), ([Ljava.lang.Class;@bb25753,null), ([Ljava.lang.Class;@ee21292,null), ([Ljava.lang.Class;@40c06358,null), ([Ljava.lang.Class;@66e21568,null), ([Ljava.lang.Class;@7f73ce28,null), ([Ljava.lang.Class;@611b35d6,null), ([Ljava.lang.Class;@2282400e,null), ([Ljava.lang.Class;@543d5863,null), ([Ljava.lang.Class;@35dece42,null), ([Ljava.lang.Class;@dd3f8aa,null), ([Ljava.lang.Class;@3d615b2e,null), ([Ljava.lang.Class;@3a1f2a1,null), ([Ljava.lang.Class;@40ce9049,io.atomix.utils.serializer.serializers.ArraysAsListSerializer@52ca2652), ([Ljava.lang.Class;@65c5bf0e,null), ([Ljava.lang.Class;@697d6ded,null), ([Ljava.lang.Class;@5d05f453,null), ([Ljava.lang.Class;@5efeb117,null), ([Ljava.lang.Class;@160b4809,null), ([Ljava.lang.Class;@149b4d20,null), ([Ljava.lang.Class;@664e848c,null), ([Ljava.lang.Class;@4d93f75b,null), ([Ljava.lang.Class;@114a5e0,null), ([Ljava.lang.Class;@4f281aaf,null), ([Ljava.lang.Class;@5d508d22,null), ([Ljava.lang.Class;@f2b90fc,null), ([Ljava.lang.Class;@2bb41f5c,null), ([Ljava.lang.Class;@24c685e7,null), ([Ljava.lang.Class;@7da635c0,null)]}, RegistrationBlock{begin=52, types=[([Ljava.lang.Class;@1f45db49,null)]}]}
00:27:44.968 [main] TRACE i.a.utils.serializer.KryoNamespace - class [B registered as 16
00:27:44.968 [main] TRACE i.a.utils.serializer.KryoNamespace - class java.util.concurrent.atomic.AtomicBoolean registered as 17
00:27:44.968 [main] TRACE i.a.utils.serializer.KryoNamespace - class java.util.concurrent.atomic.AtomicInteger registered as 18
00:27:44.968 [main] TRACE i.a.utils.serializer.KryoNamespace - class java.util.concurrent.atomic.AtomicLong registered as 19
00:27:44.968 [main] TRACE i.a.utils.serializer.KryoNamespace - class com.google.common.collect.ImmutableList registered as 20
00:27:44.968 [main] TRACE i.a.utils.serializer.KryoNamespace - class com.google.common.collect.RegularImmutableList registered as 20
00:27:44.968 [main] TRACE i.a.utils.serializer.KryoNamespace - class com.google.common.collect.RegularImmutableList registered as 20
00:27:44.968 [main] TRACE i.a.utils.serializer.KryoNamespace - class com.google.common.collect.ImmutableList$SubList registered as 20
00:27:44.968 [main] TRACE i.a.utils.serializer.KryoNamespace - class com.google.common.collect.ImmutableSet registered as 21
00:27:44.968 [main] TRACE i.a.utils.serializer.KryoNamespace - class com.google.common.collect.RegularImmutableSet registered as 21
00:27:44.968 [main] TRACE i.a.utils.serializer.KryoNamespace - class com.google.common.collect.SingletonImmutableSet registered as 21
00:27:44.968 [main] TRACE i.a.utils.serializer.KryoNamespace - class com.google.common.collect.RegularImmutableSet registered as 21
00:27:44.968 [main] TRACE i.a.utils.serializer.KryoNamespace - class com.google.common.collect.ImmutableMap registered as 22
00:27:44.968 [main] TRACE i.a.utils.serializer.KryoNamespace - class com.google.common.collect.RegularImmutableMap registered as 22
00:27:44.968 [main] TRACE i.a.utils.serializer.KryoNamespace - class com.google.common.collect.RegularImmutableMap registered as 22
00:27:44.968 [main] TRACE i.a.utils.serializer.KryoNamespace - class com.google.common.collect.RegularImmutableMap registered as 22
00:27:44.968 [main] TRACE i.a.utils.serializer.KryoNamespace - class java.util.Collections$UnmodifiableSet registered as 23
00:27:44.968 [main] TRACE i.a.utils.serializer.KryoNamespace - class java.util.HashMap registered as 24
00:27:44.968 [main] TRACE i.a.utils.serializer.KryoNamespace - class java.util.concurrent.ConcurrentHashMap registered as 25
00:27:44.968 [main] TRACE i.a.utils.serializer.KryoNamespace - class java.util.concurrent.CopyOnWriteArraySet registered as 26
00:27:44.968 [main] TRACE i.a.utils.serializer.KryoNamespace - class java.util.ArrayList registered as 27
00:27:44.968 [main] TRACE i.a.utils.serializer.KryoNamespace - class java.util.LinkedList registered as 28
00:27:44.968 [main] TRACE i.a.utils.serializer.KryoNamespace - class java.util.HashSet registered as 29
00:27:44.968 [main] TRACE i.a.utils.serializer.KryoNamespace - class java.util.LinkedHashSet registered as 30
00:27:44.968 [main] TRACE i.a.utils.serializer.KryoNamespace - class com.sun.jmx.remote.internal.ArrayQueue registered as 31
00:27:44.968 [main] TRACE i.a.utils.serializer.KryoNamespace - class java.util.ArrayDeque registered as 32
00:27:44.969 [main] TRACE i.a.utils.serializer.KryoNamespace - class com.google.common.collect.HashMultiset registered as 33
00:27:44.969 [main] TRACE i.a.utils.serializer.KryoNamespace - class com.google.common.collect.Sets registered as 34
00:27:44.969 [main] TRACE i.a.utils.serializer.KryoNamespace - class com.google.common.collect.ImmutableEntry registered as 35
00:27:44.969 [main] TRACE i.a.utils.serializer.KryoNamespace - class java.util.Arrays$ArrayList registered as 36
00:27:44.969 [main] TRACE i.a.utils.serializer.KryoNamespace - class java.util.Collections$SingletonList registered as 37
00:27:44.969 [main] TRACE i.a.utils.serializer.KryoNamespace - class java.time.Duration registered as 38
00:27:44.969 [main] TRACE i.a.utils.serializer.KryoNamespace - class java.util.Collections$EmptySet registered as 39
00:27:44.969 [main] TRACE i.a.utils.serializer.KryoNamespace - class java.util.Optional registered as 40
00:27:44.969 [main] TRACE i.a.utils.serializer.KryoNamespace - class java.util.Collections$EmptyList registered as 41
00:27:44.969 [main] TRACE i.a.utils.serializer.KryoNamespace - class java.util.Collections$SingletonSet registered as 42
00:27:44.969 [main] TRACE i.a.utils.serializer.KryoNamespace - class [I registered as 43
00:27:44.969 [main] TRACE i.a.utils.serializer.KryoNamespace - class [J registered as 44
00:27:44.969 [main] TRACE i.a.utils.serializer.KryoNamespace - class [S registered as 45
00:27:44.969 [main] TRACE i.a.utils.serializer.KryoNamespace - class [D registered as 46
00:27:44.969 [main] TRACE i.a.utils.serializer.KryoNamespace - class [F registered as 47
00:27:44.969 [main] TRACE i.a.utils.serializer.KryoNamespace - class [C registered as 48
00:27:44.969 [main] TRACE i.a.utils.serializer.KryoNamespace - class [Ljava.lang.String; registered as 49
00:27:44.969 [main] TRACE i.a.utils.serializer.KryoNamespace - class [Z registered as 50
00:27:44.969 [main] TRACE i.a.utils.serializer.KryoNamespace - class [Ljava.lang.Object; registered as 51
00:27:44.969 [main] TRACE i.a.utils.serializer.KryoNamespace - class io.atomix.primitive.service.ServiceConfig registered as 52
00:27:44.970 [raft-client-1f73cd99-b88c-4b59-9944-86684dacc85c-0] TRACE i.a.p.r.s.impl.RaftSessionConnection - RaftClient{1f73cd99-b88c-4b59-9944-86684dacc85c} - Sending OpenSessionRequest{node=4, serviceName=raft-test, serviceType=raft-test, readConsistency=LINEARIZABLE, minTimeout=250, maxTimeout=5000} to 3
00:27:44.970 [raft-server-3] TRACE i.a.p.raft.roles.FollowerRole - RaftServer{3}{role=FOLLOWER} - Received OpenSessionRequest{node=4, serviceName=raft-test, serviceType=raft-test, readConsistency=LINEARIZABLE, minTimeout=250, maxTimeout=5000}
00:27:44.970 [raft-server-1] TRACE i.a.protocols.raft.roles.LeaderRole - RaftServer{1}{role=LEADER} - Received OpenSessionRequest{node=4, serviceName=raft-test, serviceType=raft-test, readConsistency=LINEARIZABLE, minTimeout=250, maxTimeout=5000}
00:27:44.970 [raft-server-1] TRACE i.a.protocols.raft.roles.LeaderRole - RaftServer{1}{role=LEADER} - Appended Indexed{index=2, entry=OpenSessionEntry{term=1, timestamp=2018-06-10 12:27:44,970, node=4, serviceName=raft-test, serviceType=raft-test, serviceConfig=byte[]{length=2, hash=2636}, readConsistency=LINEARIZABLE, minTimeout=250, maxTimeout=5000}}
00:27:44.970 [raft-server-1] TRACE i.a.p.raft.roles.LeaderAppender - RaftServer{1} - Sending AppendRequest{term=1, leader=1, prevLogIndex=1, prevLogTerm=1, entries=1, commitIndex=1} to 3
00:27:44.970 [raft-server-3] TRACE i.a.p.raft.roles.FollowerRole - RaftServer{3}{role=FOLLOWER} - Received AppendRequest{term=1, leader=1, prevLogIndex=1, prevLogTerm=1, entries=1, commitIndex=1}
00:27:44.970 [raft-server-1] TRACE i.a.p.raft.roles.LeaderAppender - RaftServer{1} - Sending AppendRequest{term=1, leader=1, prevLogIndex=1, prevLogTerm=1, entries=1, commitIndex=1} to 2
00:27:44.971 [raft-server-2] TRACE i.a.p.raft.roles.FollowerRole - RaftServer{2}{role=FOLLOWER} - Received AppendRequest{term=1, leader=1, prevLogIndex=1, prevLogTerm=1, entries=1, commitIndex=1}
00:27:44.971 [raft-server-3] TRACE i.a.p.raft.roles.FollowerRole - RaftServer{3}{role=FOLLOWER} - Appended Indexed{index=2, entry=OpenSessionEntry{term=1, timestamp=2018-06-10 12:27:44,970, node=4, serviceName=raft-test, serviceType=raft-test, serviceConfig=byte[]{length=2, hash=2636}, readConsistency=LINEARIZABLE, minTimeout=250, maxTimeout=5000}}
00:27:44.971 [raft-server-3] TRACE i.a.p.raft.roles.FollowerRole - RaftServer{3}{role=FOLLOWER} - Sending AppendResponse{status=OK, term=1, succeeded=true, lastLogIndex=2}
00:27:44.971 [raft-server-1] TRACE i.a.p.raft.roles.LeaderAppender - RaftServer{1} - Received AppendResponse{status=OK, term=1, succeeded=true, lastLogIndex=2} from 3
00:27:44.971 [raft-server-2] TRACE i.a.p.raft.roles.FollowerRole - RaftServer{2}{role=FOLLOWER} - Appended Indexed{index=2, entry=OpenSessionEntry{term=1, timestamp=2018-06-10 12:27:44,970, node=4, serviceName=raft-test, serviceType=raft-test, serviceConfig=byte[]{length=2, hash=2636}, readConsistency=LINEARIZABLE, minTimeout=250, maxTimeout=5000}}
00:27:44.971 [raft-server-1] TRACE i.a.p.raft.roles.LeaderAppender - RaftServer{1} - Committed entries up to 2
00:27:44.971 [raft-server-2] TRACE i.a.p.raft.roles.FollowerRole - RaftServer{2}{role=FOLLOWER} - Sending AppendResponse{status=OK, term=1, succeeded=true, lastLogIndex=2}
00:27:45.104 [raft-server-1] TRACE i.a.p.raft.roles.LeaderAppender - RaftServer{1} - Received AppendResponse{status=OK, term=1, succeeded=true, lastLogIndex=2} from 2
00:27:45.105 [raft-server-1-state] TRACE i.a.p.raft.impl.RaftServiceManager - RaftServer{1} - Applying Indexed{index=2, entry=OpenSessionEntry{term=1, timestamp=2018-06-10 12:27:44,970, node=4, serviceName=raft-test, serviceType=raft-test, serviceConfig=byte[]{length=2, hash=2636}, readConsistency=LINEARIZABLE, minTimeout=250, maxTimeout=5000}}
00:27:45.105 [raft-server-1-state] TRACE i.a.utils.serializer.KryoNamespace - Creating Kryo instance for KryoNamespace{registeredBlocks=[RegistrationBlock{begin=16, types=[([Ljava.lang.Class;@357bc488,null), ([Ljava.lang.Class;@4ea17147,null), ([Ljava.lang.Class;@2eda4eeb,null), ([Ljava.lang.Class;@5ba90d8a,null), ([Ljava.lang.Class;@309dcdf3,io.atomix.utils.serializer.serializers.ImmutableListSerializer@7573b9ee), ([Ljava.lang.Class;@9a20cbd,io.atomix.utils.serializer.serializers.ImmutableSetSerializer@1af4955e), ([Ljava.lang.Class;@445821a6,io.atomix.utils.serializer.serializers.ImmutableMapSerializer@2c0c4c0a), ([Ljava.lang.Class;@35d26ad2,null), ([Ljava.lang.Class;@bb25753,null), ([Ljava.lang.Class;@ee21292,null), ([Ljava.lang.Class;@40c06358,null), ([Ljava.lang.Class;@66e21568,null), ([Ljava.lang.Class;@7f73ce28,null), ([Ljava.lang.Class;@611b35d6,null), ([Ljava.lang.Class;@2282400e,null), ([Ljava.lang.Class;@543d5863,null), ([Ljava.lang.Class;@35dece42,null), ([Ljava.lang.Class;@dd3f8aa,null), ([Ljava.lang.Class;@3d615b2e,null), ([Ljava.lang.Class;@3a1f2a1,null), ([Ljava.lang.Class;@40ce9049,io.atomix.utils.serializer.serializers.ArraysAsListSerializer@52ca2652), ([Ljava.lang.Class;@65c5bf0e,null), ([Ljava.lang.Class;@697d6ded,null), ([Ljava.lang.Class;@5d05f453,null), ([Ljava.lang.Class;@5efeb117,null), ([Ljava.lang.Class;@160b4809,null), ([Ljava.lang.Class;@149b4d20,null), ([Ljava.lang.Class;@664e848c,null), ([Ljava.lang.Class;@4d93f75b,null), ([Ljava.lang.Class;@114a5e0,null), ([Ljava.lang.Class;@4f281aaf,null), ([Ljava.lang.Class;@5d508d22,null), ([Ljava.lang.Class;@f2b90fc,null), ([Ljava.lang.Class;@2bb41f5c,null), ([Ljava.lang.Class;@24c685e7,null), ([Ljava.lang.Class;@7da635c0,null)]}, RegistrationBlock{begin=52, types=[([Ljava.lang.Class;@40edffdf,null)]}]}
00:27:45.105 [raft-server-1-state] TRACE i.a.utils.serializer.KryoNamespace - class [B registered as 16
00:27:45.105 [raft-server-1-state] TRACE i.a.utils.serializer.KryoNamespace - class java.util.concurrent.atomic.AtomicBoolean registered as 17
00:27:45.105 [raft-server-1-state] TRACE i.a.utils.serializer.KryoNamespace - class java.util.concurrent.atomic.AtomicInteger registered as 18
00:27:45.105 [raft-server-1-state] TRACE i.a.utils.serializer.KryoNamespace - class java.util.concurrent.atomic.AtomicLong registered as 19
00:27:45.105 [raft-server-1-state] TRACE i.a.utils.serializer.KryoNamespace - class com.google.common.collect.ImmutableList registered as 20
00:27:45.105 [raft-server-1-state] TRACE i.a.utils.serializer.KryoNamespace - class com.google.common.collect.RegularImmutableList registered as 20
00:27:45.105 [raft-server-1-state] TRACE i.a.utils.serializer.KryoNamespace - class com.google.common.collect.RegularImmutableList registered as 20
00:27:45.105 [raft-server-1-state] TRACE i.a.utils.serializer.KryoNamespace - class com.google.common.collect.ImmutableList$SubList registered as 20
00:27:45.105 [raft-server-1-state] TRACE i.a.utils.serializer.KryoNamespace - class com.google.common.collect.ImmutableSet registered as 21
00:27:45.105 [raft-server-1-state] TRACE i.a.utils.serializer.KryoNamespace - class com.google.common.collect.RegularImmutableSet registered as 21
00:27:45.105 [raft-server-1-state] TRACE i.a.utils.serializer.KryoNamespace - class com.google.common.collect.SingletonImmutableSet registered as 21
00:27:45.105 [raft-server-1-state] TRACE i.a.utils.serializer.KryoNamespace - class com.google.common.collect.RegularImmutableSet registered as 21
00:27:45.105 [raft-server-1-state] TRACE i.a.utils.serializer.KryoNamespace - class com.google.common.collect.ImmutableMap registered as 22
00:27:45.105 [raft-server-1-state] TRACE i.a.utils.serializer.KryoNamespace - class com.google.common.collect.RegularImmutableMap registered as 22
00:27:45.105 [raft-server-1-state] TRACE i.a.utils.serializer.KryoNamespace - class com.google.common.collect.RegularImmutableMap registered as 22
00:27:45.105 [raft-server-1-state] TRACE i.a.utils.serializer.KryoNamespace - class com.google.common.collect.RegularImmutableMap registered as 22
00:27:45.106 [raft-server-1-state] TRACE i.a.utils.serializer.KryoNamespace - class java.util.Collections$UnmodifiableSet registered as 23
00:27:45.106 [raft-server-1-state] TRACE i.a.utils.serializer.KryoNamespace - class java.util.HashMap registered as 24
00:27:45.106 [raft-server-1-state] TRACE i.a.utils.serializer.KryoNamespace - class java.util.concurrent.ConcurrentHashMap registered as 25
00:27:45.106 [raft-server-1-state] TRACE i.a.utils.serializer.KryoNamespace - class java.util.concurrent.CopyOnWriteArraySet registered as 26
00:27:45.106 [raft-server-1-state] TRACE i.a.utils.serializer.KryoNamespace - class java.util.ArrayList registered as 27
00:27:45.106 [raft-server-1-state] TRACE i.a.utils.serializer.KryoNamespace - class java.util.LinkedList registered as 28
00:27:45.106 [raft-server-1-state] TRACE i.a.utils.serializer.KryoNamespace - class java.util.HashSet registered as 29
00:27:45.106 [raft-server-1-state] TRACE i.a.utils.serializer.KryoNamespace - class java.util.LinkedHashSet registered as 30
00:27:45.106 [raft-server-1-state] TRACE i.a.utils.serializer.KryoNamespace - class com.sun.jmx.remote.internal.ArrayQueue registered as 31
00:27:45.106 [raft-server-1-state] TRACE i.a.utils.serializer.KryoNamespace - class java.util.ArrayDeque registered as 32
00:27:45.106 [raft-server-1-state] TRACE i.a.utils.serializer.KryoNamespace - class com.google.common.collect.HashMultiset registered as 33
00:27:45.106 [raft-server-1-state] TRACE i.a.utils.serializer.KryoNamespace - class com.google.common.collect.Sets registered as 34
00:27:45.106 [raft-server-1-state] TRACE i.a.utils.serializer.KryoNamespace - class com.google.common.collect.ImmutableEntry registered as 35
00:27:45.106 [raft-server-1-state] TRACE i.a.utils.serializer.KryoNamespace - class java.util.Arrays$ArrayList registered as 36
00:27:45.106 [raft-server-1-state] TRACE i.a.utils.serializer.KryoNamespace - class java.util.Collections$SingletonList registered as 37
00:27:45.106 [raft-server-1-state] TRACE i.a.utils.serializer.KryoNamespace - class java.time.Duration registered as 38
00:27:45.106 [raft-server-1-state] TRACE i.a.utils.serializer.KryoNamespace - class java.util.Collections$EmptySet registered as 39
00:27:45.106 [raft-server-1-state] TRACE i.a.utils.serializer.KryoNamespace - class java.util.Optional registered as 40
00:27:45.107 [raft-server-1-state] TRACE i.a.utils.serializer.KryoNamespace - class java.util.Collections$EmptyList registered as 41
00:27:45.107 [raft-server-1-state] TRACE i.a.utils.serializer.KryoNamespace - class java.util.Collections$SingletonSet registered as 42
00:27:45.107 [raft-server-1-state] TRACE i.a.utils.serializer.KryoNamespace - class [I registered as 43
00:27:45.107 [raft-server-1-state] TRACE i.a.utils.serializer.KryoNamespace - class [J registered as 44
00:27:45.107 [raft-server-1-state] TRACE i.a.utils.serializer.KryoNamespace - class [S registered as 45
00:27:45.107 [raft-server-1-state] TRACE i.a.utils.serializer.KryoNamespace - class [D registered as 46
00:27:45.107 [raft-server-1-state] TRACE i.a.utils.serializer.KryoNamespace - class [F registered as 47
00:27:45.107 [raft-server-1-state] TRACE i.a.utils.serializer.KryoNamespace - class [C registered as 48
00:27:45.107 [raft-server-1-state] TRACE i.a.utils.serializer.KryoNamespace - class [Ljava.lang.String; registered as 49
00:27:45.107 [raft-server-1-state] TRACE i.a.utils.serializer.KryoNamespace - class [Z registered as 50
00:27:45.107 [raft-server-1-state] TRACE i.a.utils.serializer.KryoNamespace - class [Ljava.lang.Object; registered as 51
00:27:45.107 [raft-server-1-state] TRACE i.a.utils.serializer.KryoNamespace - class io.atomix.primitive.service.ServiceConfig registered as 52
00:27:45.107 [raft-server-1-state] TRACE i.a.utils.serializer.KryoNamespace - Creating Kryo instance for KryoNamespace{registeredBlocks=[RegistrationBlock{begin=16, types=[([Ljava.lang.Class;@357bc488,null), ([Ljava.lang.Class;@4ea17147,null), ([Ljava.lang.Class;@2eda4eeb,null), ([Ljava.lang.Class;@5ba90d8a,null), ([Ljava.lang.Class;@309dcdf3,io.atomix.utils.serializer.serializers.ImmutableListSerializer@7573b9ee), ([Ljava.lang.Class;@9a20cbd,io.atomix.utils.serializer.serializers.ImmutableSetSerializer@1af4955e), ([Ljava.lang.Class;@445821a6,io.atomix.utils.serializer.serializers.ImmutableMapSerializer@2c0c4c0a), ([Ljava.lang.Class;@35d26ad2,null), ([Ljava.lang.Class;@bb25753,null), ([Ljava.lang.Class;@ee21292,null), ([Ljava.lang.Class;@40c06358,null), ([Ljava.lang.Class;@66e21568,null), ([Ljava.lang.Class;@7f73ce28,null), ([Ljava.lang.Class;@611b35d6,null), ([Ljava.lang.Class;@2282400e,null), ([Ljava.lang.Class;@543d5863,null), ([Ljava.lang.Class;@35dece42,null), ([Ljava.lang.Class;@dd3f8aa,null), ([Ljava.lang.Class;@3d615b2e,null), ([Ljava.lang.Class;@3a1f2a1,null), ([Ljava.lang.Class;@40ce9049,io.atomix.utils.serializer.serializers.ArraysAsListSerializer@52ca2652), ([Ljava.lang.Class;@65c5bf0e,null), ([Ljava.lang.Class;@697d6ded,null), ([Ljava.lang.Class;@5d05f453,null), ([Ljava.lang.Class;@5efeb117,null), ([Ljava.lang.Class;@160b4809,null), ([Ljava.lang.Class;@149b4d20,null), ([Ljava.lang.Class;@664e848c,null), ([Ljava.lang.Class;@4d93f75b,null), ([Ljava.lang.Class;@114a5e0,null), ([Ljava.lang.Class;@4f281aaf,null), ([Ljava.lang.Class;@5d508d22,null), ([Ljava.lang.Class;@f2b90fc,null), ([Ljava.lang.Class;@2bb41f5c,null), ([Ljava.lang.Class;@24c685e7,null), ([Ljava.lang.Class;@7da635c0,null)]}, RegistrationBlock{begin=52, types=[([Ljava.lang.Class;@4e2a09b2,null)]}]}
00:27:45.108 [raft-server-1-state] TRACE i.a.utils.serializer.KryoNamespace - class [B registered as 16
00:27:45.108 [raft-server-1-state] TRACE i.a.utils.serializer.KryoNamespace - class java.util.concurrent.atomic.AtomicBoolean registered as 17
00:27:45.108 [raft-server-1-state] TRACE i.a.utils.serializer.KryoNamespace - class java.util.concurrent.atomic.AtomicInteger registered as 18
00:27:45.108 [raft-server-1-state] TRACE i.a.utils.serializer.KryoNamespace - class java.util.concurrent.atomic.AtomicLong registered as 19
00:27:45.108 [raft-server-1-state] TRACE i.a.utils.serializer.KryoNamespace - class com.google.common.collect.ImmutableList registered as 20
00:27:45.108 [raft-server-1-state] TRACE i.a.utils.serializer.KryoNamespace - class com.google.common.collect.RegularImmutableList registered as 20
00:27:45.108 [raft-server-1-state] TRACE i.a.utils.serializer.KryoNamespace - class com.google.common.collect.RegularImmutableList registered as 20
00:27:45.108 [raft-server-1-state] TRACE i.a.utils.serializer.KryoNamespace - class com.google.common.collect.ImmutableList$SubList registered as 20
00:27:45.108 [raft-server-1-state] TRACE i.a.utils.serializer.KryoNamespace - class com.google.common.collect.ImmutableSet registered as 21
00:27:45.108 [raft-server-1-state] TRACE i.a.utils.serializer.KryoNamespace - class com.google.common.collect.RegularImmutableSet registered as 21
00:27:45.108 [raft-server-1-state] TRACE i.a.utils.serializer.KryoNamespace - class com.google.common.collect.SingletonImmutableSet registered as 21
00:27:45.108 [raft-server-1-state] TRACE i.a.utils.serializer.KryoNamespace - class com.google.common.collect.RegularImmutableSet registered as 21
00:27:45.108 [raft-server-1-state] TRACE i.a.utils.serializer.KryoNamespace - class com.google.common.collect.ImmutableMap registered as 22
00:27:45.108 [raft-server-1-state] TRACE i.a.utils.serializer.KryoNamespace - class com.google.common.collect.RegularImmutableMap registered as 22
00:27:45.108 [raft-server-1-state] TRACE i.a.utils.serializer.KryoNamespace - class com.google.common.collect.RegularImmutableMap registered as 22
00:27:45.108 [raft-server-1-state] TRACE i.a.utils.serializer.KryoNamespace - class com.google.common.collect.RegularImmutableMap registered as 22
00:27:45.108 [raft-server-1-state] TRACE i.a.utils.serializer.KryoNamespace - class java.util.Collections$UnmodifiableSet registered as 23
00:27:45.108 [raft-server-1-state] TRACE i.a.utils.serializer.KryoNamespace - class java.util.HashMap registered as 24
00:27:45.108 [raft-server-1-state] TRACE i.a.utils.serializer.KryoNamespace - class java.util.concurrent.ConcurrentHashMap registered as 25
00:27:45.108 [raft-server-1-state] TRACE i.a.utils.serializer.KryoNamespace - class java.util.concurrent.CopyOnWriteArraySet registered as 26
00:27:45.108 [raft-server-1-state] TRACE i.a.utils.serializer.KryoNamespace - class java.util.ArrayList registered as 27
00:27:45.108 [raft-server-1-state] TRACE i.a.utils.serializer.KryoNamespace - class java.util.LinkedList registered as 28
00:27:45.108 [raft-server-1-state] TRACE i.a.utils.serializer.KryoNamespace - class java.util.HashSet registered as 29
00:27:45.108 [raft-server-1-state] TRACE i.a.utils.serializer.KryoNamespace - class java.util.LinkedHashSet registered as 30
00:27:45.109 [raft-server-1-state] TRACE i.a.utils.serializer.KryoNamespace - class com.sun.jmx.remote.internal.ArrayQueue registered as 31
00:27:45.109 [raft-server-1-state] TRACE i.a.utils.serializer.KryoNamespace - class java.util.ArrayDeque registered as 32
00:27:45.109 [raft-server-1-state] TRACE i.a.utils.serializer.KryoNamespace - class com.google.common.collect.HashMultiset registered as 33
00:27:45.109 [raft-server-1-state] TRACE i.a.utils.serializer.KryoNamespace - class com.google.common.collect.Sets registered as 34
00:27:45.109 [raft-server-1-state] TRACE i.a.utils.serializer.KryoNamespace - class com.google.common.collect.ImmutableEntry registered as 35
00:27:45.109 [raft-server-1-state] TRACE i.a.utils.serializer.KryoNamespace - class java.util.Arrays$ArrayList registered as 36
00:27:45.109 [raft-server-1-state] TRACE i.a.utils.serializer.KryoNamespace - class java.util.Collections$SingletonList registered as 37
00:27:45.109 [raft-server-1-state] TRACE i.a.utils.serializer.KryoNamespace - class java.time.Duration registered as 38
00:27:45.109 [raft-server-1-state] TRACE i.a.utils.serializer.KryoNamespace - class java.util.Collections$EmptySet registered as 39
00:27:45.109 [raft-server-1-state] TRACE i.a.utils.serializer.KryoNamespace - class java.util.Optional registered as 40
00:27:45.109 [raft-server-1-state] TRACE i.a.utils.serializer.KryoNamespace - class java.util.Collections$EmptyList registered as 41
00:27:45.109 [raft-server-1-state] TRACE i.a.utils.serializer.KryoNamespace - class java.util.Collections$SingletonSet registered as 42
00:27:45.109 [raft-server-1-state] TRACE i.a.utils.serializer.KryoNamespace - class [I registered as 43
00:27:45.109 [raft-server-1-state] TRACE i.a.utils.serializer.KryoNamespace - class [J registered as 44
00:27:45.109 [raft-server-1-state] TRACE i.a.utils.serializer.KryoNamespace - class [S registered as 45
00:27:45.109 [raft-server-1-state] TRACE i.a.utils.serializer.KryoNamespace - class [D registered as 46
00:27:45.109 [raft-server-1-state] TRACE i.a.utils.serializer.KryoNamespace - class [F registered as 47
00:27:45.109 [raft-server-1-state] TRACE i.a.utils.serializer.KryoNamespace - class [C registered as 48
00:27:45.109 [raft-server-1-state] TRACE i.a.utils.serializer.KryoNamespace - class [Ljava.lang.String; registered as 49
00:27:45.110 [raft-server-1-state] TRACE i.a.utils.serializer.KryoNamespace - class [Z registered as 50
00:27:45.110 [raft-server-1-state] TRACE i.a.utils.serializer.KryoNamespace - class [Ljava.lang.Object; registered as 51
00:27:45.110 [raft-server-1-state] TRACE i.a.utils.serializer.KryoNamespace - class io.atomix.primitive.service.ServiceConfig registered as 52
00:27:45.110 [raft-server-1-state] TRACE i.a.utils.serializer.KryoNamespace - Creating Kryo instance for KryoNamespace{registeredBlocks=[RegistrationBlock{begin=16, types=[([Ljava.lang.Class;@357bc488,null), ([Ljava.lang.Class;@4ea17147,null), ([Ljava.lang.Class;@2eda4eeb,null), ([Ljava.lang.Class;@5ba90d8a,null), ([Ljava.lang.Class;@309dcdf3,io.atomix.utils.serializer.serializers.ImmutableListSerializer@7573b9ee), ([Ljava.lang.Class;@9a20cbd,io.atomix.utils.serializer.serializers.ImmutableSetSerializer@1af4955e), ([Ljava.lang.Class;@445821a6,io.atomix.utils.serializer.serializers.ImmutableMapSerializer@2c0c4c0a), ([Ljava.lang.Class;@35d26ad2,null), ([Ljava.lang.Class;@bb25753,null), ([Ljava.lang.Class;@ee21292,null), ([Ljava.lang.Class;@40c06358,null), ([Ljava.lang.Class;@66e21568,null), ([Ljava.lang.Class;@7f73ce28,null), ([Ljava.lang.Class;@611b35d6,null), ([Ljava.lang.Class;@2282400e,null), ([Ljava.lang.Class;@543d5863,null), ([Ljava.lang.Class;@35dece42,null), ([Ljava.lang.Class;@dd3f8aa,null), ([Ljava.lang.Class;@3d615b2e,null), ([Ljava.lang.Class;@3a1f2a1,null), ([Ljava.lang.Class;@40ce9049,io.atomix.utils.serializer.serializers.ArraysAsListSerializer@52ca2652), ([Ljava.lang.Class;@65c5bf0e,null), ([Ljava.lang.Class;@697d6ded,null), ([Ljava.lang.Class;@5d05f453,null), ([Ljava.lang.Class;@5efeb117,null), ([Ljava.lang.Class;@160b4809,null), ([Ljava.lang.Class;@149b4d20,null), ([Ljava.lang.Class;@664e848c,null), ([Ljava.lang.Class;@4d93f75b,null), ([Ljava.lang.Class;@114a5e0,null), ([Ljava.lang.Class;@4f281aaf,null), ([Ljava.lang.Class;@5d508d22,null), ([Ljava.lang.Class;@f2b90fc,null), ([Ljava.lang.Class;@2bb41f5c,null), ([Ljava.lang.Class;@24c685e7,null), ([Ljava.lang.Class;@7da635c0,null)]}, RegistrationBlock{begin=52, types=[([Ljava.lang.Class;@4a1594af,null)]}]}
00:27:45.110 [raft-server-1-state] TRACE i.a.utils.serializer.KryoNamespace - class [B registered as 16
00:27:45.110 [raft-server-1-state] TRACE i.a.utils.serializer.KryoNamespace - class java.util.concurrent.atomic.AtomicBoolean registered as 17
00:27:45.110 [raft-server-1-state] TRACE i.a.utils.serializer.KryoNamespace - class java.util.concurrent.atomic.AtomicInteger registered as 18
00:27:45.110 [raft-server-1-state] TRACE i.a.utils.serializer.KryoNamespace - class java.util.concurrent.atomic.AtomicLong registered as 19
00:27:45.110 [raft-server-1-state] TRACE i.a.utils.serializer.KryoNamespace - class com.google.common.collect.ImmutableList registered as 20
00:27:45.110 [raft-server-1-state] TRACE i.a.utils.serializer.KryoNamespace - class com.google.common.collect.RegularImmutableList registered as 20
00:27:45.110 [raft-server-1-state] TRACE i.a.utils.serializer.KryoNamespace - class com.google.common.collect.RegularImmutableList registered as 20
00:27:45.110 [raft-server-1-state] TRACE i.a.utils.serializer.KryoNamespace - class com.google.common.collect.ImmutableList$SubList registered as 20
00:27:45.110 [raft-server-1-state] TRACE i.a.utils.serializer.KryoNamespace - class com.google.common.collect.ImmutableSet registered as 21
00:27:45.110 [raft-server-1-state] TRACE i.a.utils.serializer.KryoNamespace - class com.google.common.collect.RegularImmutableSet registered as 21
00:27:45.110 [raft-server-1-state] TRACE i.a.utils.serializer.KryoNamespace - class com.google.common.collect.SingletonImmutableSet registered as 21
00:27:45.110 [raft-server-1-state] TRACE i.a.utils.serializer.KryoNamespace - class com.google.common.collect.RegularImmutableSet registered as 21
00:27:45.110 [raft-server-1-state] TRACE i.a.utils.serializer.KryoNamespace - class com.google.common.collect.ImmutableMap registered as 22
00:27:45.110 [raft-server-1-state] TRACE i.a.utils.serializer.KryoNamespace - class com.google.common.collect.RegularImmutableMap registered as 22
00:27:45.110 [raft-server-1-state] TRACE i.a.utils.serializer.KryoNamespace - class com.google.common.collect.RegularImmutableMap registered as 22
00:27:45.110 [raft-server-1-state] TRACE i.a.utils.serializer.KryoNamespace - class com.google.common.collect.RegularImmutableMap registered as 22
00:27:45.110 [raft-server-1-state] TRACE i.a.utils.serializer.KryoNamespace - class java.util.Collections$UnmodifiableSet registered as 23
00:27:45.110 [raft-server-1-state] TRACE i.a.utils.serializer.KryoNamespace - class java.util.HashMap registered as 24
00:27:45.110 [raft-server-1-state] TRACE i.a.utils.serializer.KryoNamespace - class java.util.concurrent.ConcurrentHashMap registered as 25
00:27:45.111 [raft-server-1-state] TRACE i.a.utils.serializer.KryoNamespace - class java.util.concurrent.CopyOnWriteArraySet registered as 26
00:27:45.111 [raft-server-1-state] TRACE i.a.utils.serializer.KryoNamespace - class java.util.ArrayList registered as 27
00:27:45.111 [raft-server-1-state] TRACE i.a.utils.serializer.KryoNamespace - class java.util.LinkedList registered as 28
00:27:45.111 [raft-server-1-state] TRACE i.a.utils.serializer.KryoNamespace - class java.util.HashSet registered as 29
00:27:45.111 [raft-server-1-state] TRACE i.a.utils.serializer.KryoNamespace - class java.util.LinkedHashSet registered as 30
00:27:45.111 [raft-server-1-state] TRACE i.a.utils.serializer.KryoNamespace - class com.sun.jmx.remote.internal.ArrayQueue registered as 31
00:27:45.111 [raft-server-1-state] TRACE i.a.utils.serializer.KryoNamespace - class java.util.ArrayDeque registered as 32
00:27:45.111 [raft-server-1-state] TRACE i.a.utils.serializer.KryoNamespace - class com.google.common.collect.HashMultiset registered as 33
00:27:45.111 [raft-server-1-state] TRACE i.a.utils.serializer.KryoNamespace - class com.google.common.collect.Sets registered as 34
00:27:45.111 [raft-server-1-state] TRACE i.a.utils.serializer.KryoNamespace - class com.google.common.collect.ImmutableEntry registered as 35
00:27:45.111 [raft-server-1-state] TRACE i.a.utils.serializer.KryoNamespace - class java.util.Arrays$ArrayList registered as 36
00:27:45.111 [raft-server-1-state] TRACE i.a.utils.serializer.KryoNamespace - class java.util.Collections$SingletonList registered as 37
00:27:45.111 [raft-server-1-state] TRACE i.a.utils.serializer.KryoNamespace - class java.time.Duration registered as 38
00:27:45.111 [raft-server-1-state] TRACE i.a.utils.serializer.KryoNamespace - class java.util.Collections$EmptySet registered as 39
00:27:45.111 [raft-server-1-state] TRACE i.a.utils.serializer.KryoNamespace - class java.util.Optional registered as 40
00:27:45.111 [raft-server-1-state] TRACE i.a.utils.serializer.KryoNamespace - class java.util.Collections$EmptyList registered as 41
00:27:45.111 [raft-server-1-state] TRACE i.a.utils.serializer.KryoNamespace - class java.util.Collections$SingletonSet registered as 42
00:27:45.111 [raft-server-1-state] TRACE i.a.utils.serializer.KryoNamespace - class [I registered as 43
00:27:45.112 [raft-server-1-state] TRACE i.a.utils.serializer.KryoNamespace - class [J registered as 44
00:27:45.112 [raft-server-1-state] TRACE i.a.utils.serializer.KryoNamespace - class [S registered as 45
00:27:45.112 [raft-server-1-state] TRACE i.a.utils.serializer.KryoNamespace - class [D registered as 46
00:27:45.112 [raft-server-1-state] TRACE i.a.utils.serializer.KryoNamespace - class [F registered as 47
00:27:45.112 [raft-server-1-state] TRACE i.a.utils.serializer.KryoNamespace - class [C registered as 48
00:27:45.112 [raft-server-1-state] TRACE i.a.utils.serializer.KryoNamespace - class [Ljava.lang.String; registered as 49
00:27:45.112 [raft-server-1-state] TRACE i.a.utils.serializer.KryoNamespace - class [Z registered as 50
00:27:45.112 [raft-server-1-state] TRACE i.a.utils.serializer.KryoNamespace - class [Ljava.lang.Object; registered as 51
00:27:45.112 [raft-server-1-state] TRACE i.a.utils.serializer.KryoNamespace - class io.atomix.primitive.service.ServiceConfig registered as 52
00:27:45.112 [raft-server-1-state] DEBUG i.a.p.s.impl.DefaultServiceExecutor - PrimitiveService{2}{type=io.atomix.protocols.raft.RaftTest$TestPrimitiveType@f170389, name=raft-test} - Registered operation callback DefaultOperationId{id=sendEvent, type=COMMAND}
00:27:45.112 [raft-server-1-state] DEBUG i.a.p.s.impl.DefaultServiceExecutor - PrimitiveService{2}{type=io.atomix.protocols.raft.RaftTest$TestPrimitiveType@f170389, name=raft-test} - Registered operation callback DefaultOperationId{id=onClose, type=COMMAND}
00:27:45.112 [raft-server-1-state] DEBUG i.a.p.s.impl.DefaultServiceExecutor - PrimitiveService{2}{type=io.atomix.protocols.raft.RaftTest$TestPrimitiveType@f170389, name=raft-test} - Registered operation callback DefaultOperationId{id=read, type=QUERY}
00:27:45.112 [raft-server-1-state] DEBUG i.a.p.s.impl.DefaultServiceExecutor - PrimitiveService{2}{type=io.atomix.protocols.raft.RaftTest$TestPrimitiveType@f170389, name=raft-test} - Registered operation callback DefaultOperationId{id=onExpire, type=COMMAND}
00:27:45.112 [raft-server-1-state] DEBUG i.a.p.s.impl.DefaultServiceExecutor - PrimitiveService{2}{type=io.atomix.protocols.raft.RaftTest$TestPrimitiveType@f170389, name=raft-test} - Registered operation callback DefaultOperationId{id=write, type=COMMAND}
00:27:45.112 [raft-server-1-state] TRACE i.a.utils.serializer.KryoNamespace - Creating Kryo instance for KryoNamespace{registeredBlocks=[RegistrationBlock{begin=16, types=[([Ljava.lang.Class;@357bc488,null), ([Ljava.lang.Class;@4ea17147,null), ([Ljava.lang.Class;@2eda4eeb,null), ([Ljava.lang.Class;@5ba90d8a,null), ([Ljava.lang.Class;@309dcdf3,io.atomix.utils.serializer.serializers.ImmutableListSerializer@7573b9ee), ([Ljava.lang.Class;@9a20cbd,io.atomix.utils.serializer.serializers.ImmutableSetSerializer@1af4955e), ([Ljava.lang.Class;@445821a6,io.atomix.utils.serializer.serializers.ImmutableMapSerializer@2c0c4c0a), ([Ljava.lang.Class;@35d26ad2,null), ([Ljava.lang.Class;@bb25753,null), ([Ljava.lang.Class;@ee21292,null), ([Ljava.lang.Class;@40c06358,null), ([Ljava.lang.Class;@66e21568,null), ([Ljava.lang.Class;@7f73ce28,null), ([Ljava.lang.Class;@611b35d6,null), ([Ljava.lang.Class;@2282400e,null), ([Ljava.lang.Class;@543d5863,null), ([Ljava.lang.Class;@35dece42,null), ([Ljava.lang.Class;@dd3f8aa,null), ([Ljava.lang.Class;@3d615b2e,null), ([Ljava.lang.Class;@3a1f2a1,null), ([Ljava.lang.Class;@40ce9049,io.atomix.utils.serializer.serializers.ArraysAsListSerializer@52ca2652), ([Ljava.lang.Class;@65c5bf0e,null), ([Ljava.lang.Class;@697d6ded,null), ([Ljava.lang.Class;@5d05f453,null), ([Ljava.lang.Class;@5efeb117,null), ([Ljava.lang.Class;@160b4809,null), ([Ljava.lang.Class;@149b4d20,null), ([Ljava.lang.Class;@664e848c,null), ([Ljava.lang.Class;@4d93f75b,null), ([Ljava.lang.Class;@114a5e0,null), ([Ljava.lang.Class;@4f281aaf,null), ([Ljava.lang.Class;@5d508d22,null), ([Ljava.lang.Class;@f2b90fc,null), ([Ljava.lang.Class;@2bb41f5c,null), ([Ljava.lang.Class;@24c685e7,null), ([Ljava.lang.Class;@7da635c0,null)]}, RegistrationBlock{begin=52, types=[([Ljava.lang.Class;@202b06b3,null)]}]}
00:27:45.113 [raft-server-1-state] TRACE i.a.utils.serializer.KryoNamespace - class [B registered as 16
00:27:45.113 [raft-server-1-state] TRACE i.a.utils.serializer.KryoNamespace - class java.util.concurrent.atomic.AtomicBoolean registered as 17
00:27:45.113 [raft-server-1-state] TRACE i.a.utils.serializer.KryoNamespace - class java.util.concurrent.atomic.AtomicInteger registered as 18
00:27:45.113 [raft-server-1-state] TRACE i.a.utils.serializer.KryoNamespace - class java.util.concurrent.atomic.AtomicLong registered as 19
00:27:45.113 [raft-server-1-state] TRACE i.a.utils.serializer.KryoNamespace - class com.google.common.collect.ImmutableList registered as 20
00:27:45.113 [raft-server-1-state] TRACE i.a.utils.serializer.KryoNamespace - class com.google.common.collect.RegularImmutableList registered as 20
00:27:45.113 [raft-server-1-state] TRACE i.a.utils.serializer.KryoNamespace - class com.google.common.collect.RegularImmutableList registered as 20
00:27:45.113 [raft-server-1-state] TRACE i.a.utils.serializer.KryoNamespace - class com.google.common.collect.ImmutableList$SubList registered as 20
00:27:45.113 [raft-server-1-state] TRACE i.a.utils.serializer.KryoNamespace - class com.google.common.collect.ImmutableSet registered as 21
00:27:45.113 [raft-server-1-state] TRACE i.a.utils.serializer.KryoNamespace - class com.google.common.collect.RegularImmutableSet registered as 21
00:27:45.113 [raft-server-1-state] TRACE i.a.utils.serializer.KryoNamespace - class com.google.common.collect.SingletonImmutableSet registered as 21
00:27:45.113 [raft-server-1-state] TRACE i.a.utils.serializer.KryoNamespace - class com.google.common.collect.RegularImmutableSet registered as 21
00:27:45.113 [raft-server-1-state] TRACE i.a.utils.serializer.KryoNamespace - class com.google.common.collect.ImmutableMap registered as 22
00:27:45.113 [raft-server-1-state] TRACE i.a.utils.serializer.KryoNamespace - class com.google.common.collect.RegularImmutableMap registered as 22
00:27:45.113 [raft-server-1-state] TRACE i.a.utils.serializer.KryoNamespace - class com.google.common.collect.RegularImmutableMap registered as 22
00:27:45.113 [raft-server-1-state] TRACE i.a.utils.serializer.KryoNamespace - class com.google.common.collect.RegularImmutableMap registered as 22
00:27:45.113 [raft-server-1-state] TRACE i.a.utils.serializer.KryoNamespace - class java.util.Collections$UnmodifiableSet registered as 23
00:27:45.113 [raft-server-1-state] TRACE i.a.utils.serializer.KryoNamespace - class java.util.HashMap registered as 24
00:27:45.113 [raft-server-1-state] TRACE i.a.utils.serializer.KryoNamespace - class java.util.concurrent.ConcurrentHashMap registered as 25
00:27:45.113 [raft-server-1-state] TRACE i.a.utils.serializer.KryoNamespace - class java.util.concurrent.CopyOnWriteArraySet registered as 26
00:27:45.113 [raft-server-1-state] TRACE i.a.utils.serializer.KryoNamespace - class java.util.ArrayList registered as 27
00:27:45.113 [raft-server-1-state] TRACE i.a.utils.serializer.KryoNamespace - class java.util.LinkedList registered as 28
00:27:45.113 [raft-server-1-state] TRACE i.a.utils.serializer.KryoNamespace - class java.util.HashSet registered as 29
00:27:45.114 [raft-server-1-state] TRACE i.a.utils.serializer.KryoNamespace - class java.util.LinkedHashSet registered as 30
00:27:45.114 [raft-server-1-state] TRACE i.a.utils.serializer.KryoNamespace - class com.sun.jmx.remote.internal.ArrayQueue registered as 31
00:27:45.114 [raft-server-1-state] TRACE i.a.utils.serializer.KryoNamespace - class java.util.ArrayDeque registered as 32
00:27:45.114 [raft-server-1-state] TRACE i.a.utils.serializer.KryoNamespace - class com.google.common.collect.HashMultiset registered as 33
00:27:45.114 [raft-server-1-state] TRACE i.a.utils.serializer.KryoNamespace - class com.google.common.collect.Sets registered as 34
00:27:45.114 [raft-server-1-state] TRACE i.a.utils.serializer.KryoNamespace - class com.google.common.collect.ImmutableEntry registered as 35
00:27:45.114 [raft-server-1-state] TRACE i.a.utils.serializer.KryoNamespace - class java.util.Arrays$ArrayList registered as 36
00:27:45.114 [raft-server-1-state] TRACE i.a.utils.serializer.KryoNamespace - class java.util.Collections$SingletonList registered as 37
00:27:45.114 [raft-server-1-state] TRACE i.a.utils.serializer.KryoNamespace - class java.time.Duration registered as 38
00:27:45.114 [raft-server-1-state] TRACE i.a.utils.serializer.KryoNamespace - class java.util.Collections$EmptySet registered as 39
00:27:45.114 [raft-server-1-state] TRACE i.a.utils.serializer.KryoNamespace - class java.util.Optional registered as 40
00:27:45.114 [raft-server-1-state] TRACE i.a.utils.serializer.KryoNamespace - class java.util.Collections$EmptyList registered as 41
00:27:45.114 [raft-server-1-state] TRACE i.a.utils.serializer.KryoNamespace - class java.util.Collections$SingletonSet registered as 42
00:27:45.114 [raft-server-1-state] TRACE i.a.utils.serializer.KryoNamespace - class [I registered as 43
00:27:45.114 [raft-server-1-state] TRACE i.a.utils.serializer.KryoNamespace - class [J registered as 44
00:27:45.114 [raft-server-1-state] TRACE i.a.utils.serializer.KryoNamespace - class [S registered as 45
00:27:45.114 [raft-server-1-state] TRACE i.a.utils.serializer.KryoNamespace - class [D registered as 46
00:27:45.114 [raft-server-1-state] TRACE i.a.utils.serializer.KryoNamespace - class [F registered as 47
00:27:45.115 [raft-server-1-state] TRACE i.a.utils.serializer.KryoNamespace - class [C registered as 48
00:27:45.115 [raft-server-1-state] TRACE i.a.utils.serializer.KryoNamespace - class [Ljava.lang.String; registered as 49
00:27:45.115 [raft-server-1-state] TRACE i.a.utils.serializer.KryoNamespace - class [Z registered as 50
00:27:45.115 [raft-server-1-state] TRACE i.a.utils.serializer.KryoNamespace - class [Ljava.lang.Object; registered as 51
00:27:45.115 [raft-server-1-state] TRACE i.a.utils.serializer.KryoNamespace - class io.atomix.primitive.service.ServiceConfig registered as 52
00:27:45.115 [raft-server-1-state] DEBUG i.a.p.r.service.RaftServiceContext - PrimitiveService{2}{type=io.atomix.protocols.raft.RaftTest$TestPrimitiveType@f170389, name=raft-test} - Opening session 2
00:27:45.115 [raft-server-1-state] DEBUG i.a.p.raft.session.RaftSession - Session{2}{type=io.atomix.protocols.raft.RaftTest$TestPrimitiveType@f170389, name=raft-test} - State changed: OPEN
00:27:45.115 [raft-server-1-state] TRACE i.a.protocols.raft.roles.LeaderRole - RaftServer{1}{role=LEADER} - Sending OpenSessionResponse{status=OK, session=2, timeout=5000}
00:27:45.115 [raft-server-3] TRACE i.a.p.raft.roles.FollowerRole - RaftServer{3}{role=FOLLOWER} - Sending OpenSessionResponse{status=OK, session=2, timeout=5000}
00:27:45.115 [raft-client-1f73cd99-b88c-4b59-9944-86684dacc85c-1] TRACE i.a.p.r.s.impl.RaftSessionConnection - RaftClient{1f73cd99-b88c-4b59-9944-86684dacc85c} - Received OpenSessionResponse{status=OK, session=2, timeout=5000} from 3
00:27:45.116 [raft-client-1f73cd99-b88c-4b59-9944-86684dacc85c-0] TRACE i.a.p.r.s.impl.RaftSessionManager - RaftClient{1f73cd99-b88c-4b59-9944-86684dacc85c} - Keeping 1 sessions alive
00:27:45.116 [raft-client-1f73cd99-b88c-4b59-9944-86684dacc85c-2] TRACE i.a.p.r.s.impl.RaftSessionConnection - RaftClient{1f73cd99-b88c-4b59-9944-86684dacc85c} - Sending KeepAliveRequest{sessionIds=long[]{length=1, hash=33}, commandSequences=long[]{length=1, hash=31}, eventIndexes=long[]{length=1, hash=33}} to 3
00:27:45.117 [raft-client-1f73cd99-b88c-4b59-9944-86684dacc85c-0] DEBUG i.a.p.s.impl.RecoveringSessionClient - SessionClient{2}{type=io.atomix.protocols.raft.RaftTest$TestPrimitiveType@7d0100ea, name=raft-test} - State changed: CONNECTED
00:27:45.117 [raft-server-3] TRACE i.a.p.raft.roles.FollowerRole - RaftServer{3}{role=FOLLOWER} - Received KeepAliveRequest{sessionIds=long[]{length=1, hash=33}, commandSequences=long[]{length=1, hash=31}, eventIndexes=long[]{length=1, hash=33}}
00:27:45.117 [raft-server-1] TRACE i.a.protocols.raft.roles.LeaderRole - RaftServer{1}{role=LEADER} - Received KeepAliveRequest{sessionIds=long[]{length=1, hash=33}, commandSequences=long[]{length=1, hash=31}, eventIndexes=long[]{length=1, hash=33}}
00:27:45.117 [raft-server-1] TRACE i.a.protocols.raft.roles.LeaderRole - RaftServer{1}{role=LEADER} - Appended Indexed{index=3, entry=KeepAliveEntry{term=1, timestamp=2018-06-10 12:27:45,117, sessionIds=long[]{length=1, hash=33}, commandSequences=long[]{length=1, hash=31}, eventIndexes=long[]{length=1, hash=33}}}
00:27:45.117 [raft-server-1] TRACE i.a.p.raft.roles.LeaderAppender - RaftServer{1} - Sending AppendRequest{term=1, leader=1, prevLogIndex=2, prevLogTerm=1, entries=1, commitIndex=2} to 3
00:27:45.117 [main] TRACE i.a.utils.serializer.KryoNamespace - Creating Kryo instance for KryoNamespace{registeredBlocks=[RegistrationBlock{begin=16, types=[([Ljava.lang.Class;@357bc488,null), ([Ljava.lang.Class;@4ea17147,null), ([Ljava.lang.Class;@2eda4eeb,null), ([Ljava.lang.Class;@5ba90d8a,null), ([Ljava.lang.Class;@309dcdf3,io.atomix.utils.serializer.serializers.ImmutableListSerializer@7573b9ee), ([Ljava.lang.Class;@9a20cbd,io.atomix.utils.serializer.serializers.ImmutableSetSerializer@1af4955e), ([Ljava.lang.Class;@445821a6,io.atomix.utils.serializer.serializers.ImmutableMapSerializer@2c0c4c0a), ([Ljava.lang.Class;@35d26ad2,null), ([Ljava.lang.Class;@bb25753,null), ([Ljava.lang.Class;@ee21292,null), ([Ljava.lang.Class;@40c06358,null), ([Ljava.lang.Class;@66e21568,null), ([Ljava.lang.Class;@7f73ce28,null), ([Ljava.lang.Class;@611b35d6,null), ([Ljava.lang.Class;@2282400e,null), ([Ljava.lang.Class;@543d5863,null), ([Ljava.lang.Class;@35dece42,null), ([Ljava.lang.Class;@dd3f8aa,null), ([Ljava.lang.Class;@3d615b2e,null), ([Ljava.lang.Class;@3a1f2a1,null), ([Ljava.lang.Class;@40ce9049,io.atomix.utils.serializer.serializers.ArraysAsListSerializer@52ca2652), ([Ljava.lang.Class;@65c5bf0e,null), ([Ljava.lang.Class;@697d6ded,null), ([Ljava.lang.Class;@5d05f453,null), ([Ljava.lang.Class;@5efeb117,null), ([Ljava.lang.Class;@160b4809,null), ([Ljava.lang.Class;@149b4d20,null), ([Ljava.lang.Class;@664e848c,null), ([Ljava.lang.Class;@4d93f75b,null), ([Ljava.lang.Class;@114a5e0,null), ([Ljava.lang.Class;@4f281aaf,null), ([Ljava.lang.Class;@5d508d22,null), ([Ljava.lang.Class;@f2b90fc,null), ([Ljava.lang.Class;@2bb41f5c,null), ([Ljava.lang.Class;@24c685e7,null), ([Ljava.lang.Class;@7da635c0,null)]}, RegistrationBlock{begin=52, types=[([Ljava.lang.Class;@5e24592e,null)]}]}
00:27:45.117 [raft-server-3] TRACE i.a.p.raft.roles.FollowerRole - RaftServer{3}{role=FOLLOWER} - Received AppendRequest{term=1, leader=1, prevLogIndex=2, prevLogTerm=1, entries=1, commitIndex=2}
00:27:45.117 [raft-server-1] TRACE i.a.p.raft.roles.LeaderAppender - RaftServer{1} - Sending AppendRequest{term=1, leader=1, prevLogIndex=2, prevLogTerm=1, entries=1, commitIndex=2} to 2
00:27:45.118 [main] TRACE i.a.utils.serializer.KryoNamespace - class [B registered as 16
00:27:45.118 [raft-server-2] TRACE i.a.p.raft.roles.FollowerRole - RaftServer{2}{role=FOLLOWER} - Received AppendRequest{term=1, leader=1, prevLogIndex=2, prevLogTerm=1, entries=1, commitIndex=2}
00:27:45.118 [main] TRACE i.a.utils.serializer.KryoNamespace - class java.util.concurrent.atomic.AtomicBoolean registered as 17
00:27:45.118 [raft-server-3] TRACE i.a.p.raft.roles.FollowerRole - RaftServer{3}{role=FOLLOWER} - Appended Indexed{index=3, entry=KeepAliveEntry{term=1, timestamp=2018-06-10 12:27:45,117, sessionIds=long[]{length=1, hash=33}, commandSequences=long[]{length=1, hash=31}, eventIndexes=long[]{length=1, hash=33}}}
00:27:45.118 [main] TRACE i.a.utils.serializer.KryoNamespace - class java.util.concurrent.atomic.AtomicInteger registered as 18
00:27:45.118 [main] TRACE i.a.utils.serializer.KryoNamespace - class java.util.concurrent.atomic.AtomicLong registered as 19
00:27:45.118 [main] TRACE i.a.utils.serializer.KryoNamespace - class com.google.common.collect.ImmutableList registered as 20
00:27:45.118 [raft-server-2] TRACE i.a.p.raft.roles.FollowerRole - RaftServer{2}{role=FOLLOWER} - Appended Indexed{index=3, entry=KeepAliveEntry{term=1, timestamp=2018-06-10 12:27:45,117, sessionIds=long[]{length=1, hash=33}, commandSequences=long[]{length=1, hash=31}, eventIndexes=long[]{length=1, hash=33}}}
00:27:45.118 [main] TRACE i.a.utils.serializer.KryoNamespace - class com.google.common.collect.RegularImmutableList registered as 20
00:27:45.118 [main] TRACE i.a.utils.serializer.KryoNamespace - class com.google.common.collect.RegularImmutableList registered as 20
00:27:45.118 [main] TRACE i.a.utils.serializer.KryoNamespace - class com.google.common.collect.ImmutableList$SubList registered as 20
00:27:45.118 [main] TRACE i.a.utils.serializer.KryoNamespace - class com.google.common.collect.ImmutableSet registered as 21
00:27:45.118 [main] TRACE i.a.utils.serializer.KryoNamespace - class com.google.common.collect.RegularImmutableSet registered as 21
00:27:45.118 [main] TRACE i.a.utils.serializer.KryoNamespace - class com.google.common.collect.SingletonImmutableSet registered as 21
00:27:45.118 [main] TRACE i.a.utils.serializer.KryoNamespace - class com.google.common.collect.RegularImmutableSet registered as 21
00:27:45.118 [main] TRACE i.a.utils.serializer.KryoNamespace - class com.google.common.collect.ImmutableMap registered as 22
00:27:45.118 [main] TRACE i.a.utils.serializer.KryoNamespace - class com.google.common.collect.RegularImmutableMap registered as 22
00:27:45.118 [main] TRACE i.a.utils.serializer.KryoNamespace - class com.google.common.collect.RegularImmutableMap registered as 22
00:27:45.118 [main] TRACE i.a.utils.serializer.KryoNamespace - class com.google.common.collect.RegularImmutableMap registered as 22
00:27:45.118 [main] TRACE i.a.utils.serializer.KryoNamespace - class java.util.Collections$UnmodifiableSet registered as 23
00:27:45.118 [main] TRACE i.a.utils.serializer.KryoNamespace - class java.util.HashMap registered as 24
00:27:45.118 [main] TRACE i.a.utils.serializer.KryoNamespace - class java.util.concurrent.ConcurrentHashMap registered as 25
00:27:45.118 [main] TRACE i.a.utils.serializer.KryoNamespace - class java.util.concurrent.CopyOnWriteArraySet registered as 26
00:27:45.119 [main] TRACE i.a.utils.serializer.KryoNamespace - class java.util.ArrayList registered as 27
00:27:45.119 [main] TRACE i.a.utils.serializer.KryoNamespace - class java.util.LinkedList registered as 28
00:27:45.119 [main] TRACE i.a.utils.serializer.KryoNamespace - class java.util.HashSet registered as 29
00:27:45.119 [main] TRACE i.a.utils.serializer.KryoNamespace - class java.util.LinkedHashSet registered as 30
00:27:45.119 [main] TRACE i.a.utils.serializer.KryoNamespace - class com.sun.jmx.remote.internal.ArrayQueue registered as 31
00:27:45.119 [main] TRACE i.a.utils.serializer.KryoNamespace - class java.util.ArrayDeque registered as 32
00:27:45.119 [main] TRACE i.a.utils.serializer.KryoNamespace - class com.google.common.collect.HashMultiset registered as 33
00:27:45.119 [main] TRACE i.a.utils.serializer.KryoNamespace - class com.google.common.collect.Sets registered as 34
00:27:45.119 [main] TRACE i.a.utils.serializer.KryoNamespace - class com.google.common.collect.ImmutableEntry registered as 35
00:27:45.119 [main] TRACE i.a.utils.serializer.KryoNamespace - class java.util.Arrays$ArrayList registered as 36
00:27:45.119 [main] TRACE i.a.utils.serializer.KryoNamespace - class java.util.Collections$SingletonList registered as 37
00:27:45.119 [main] TRACE i.a.utils.serializer.KryoNamespace - class java.time.Duration registered as 38
00:27:45.119 [main] TRACE i.a.utils.serializer.KryoNamespace - class java.util.Collections$EmptySet registered as 39
00:27:45.119 [main] TRACE i.a.utils.serializer.KryoNamespace - class java.util.Optional registered as 40
00:27:45.119 [main] TRACE i.a.utils.serializer.KryoNamespace - class java.util.Collections$EmptyList registered as 41
00:27:45.119 [main] TRACE i.a.utils.serializer.KryoNamespace - class java.util.Collections$SingletonSet registered as 42
00:27:45.119 [main] TRACE i.a.utils.serializer.KryoNamespace - class [I registered as 43
00:27:45.119 [main] TRACE i.a.utils.serializer.KryoNamespace - class [J registered as 44
00:27:45.119 [main] TRACE i.a.utils.serializer.KryoNamespace - class [S registered as 45
00:27:45.120 [main] TRACE i.a.utils.serializer.KryoNamespace - class [D registered as 46
00:27:45.120 [main] TRACE i.a.utils.serializer.KryoNamespace - class [F registered as 47
00:27:45.120 [main] TRACE i.a.utils.serializer.KryoNamespace - class [C registered as 48
00:27:45.120 [main] TRACE i.a.utils.serializer.KryoNamespace - class [Ljava.lang.String; registered as 49
00:27:45.120 [main] TRACE i.a.utils.serializer.KryoNamespace - class [Z registered as 50
00:27:45.120 [main] TRACE i.a.utils.serializer.KryoNamespace - class [Ljava.lang.Object; registered as 51
00:27:45.120 [main] TRACE i.a.utils.serializer.KryoNamespace - class io.atomix.primitive.service.ServiceConfig registered as 52
00:27:45.121 [raft-client-1f73cd99-b88c-4b59-9944-86684dacc85c-3] TRACE i.a.p.r.s.impl.RaftSessionConnection - SessionClient{2}{type=io.atomix.protocols.raft.RaftTest$TestPrimitiveType@7d0100ea, name=raft-test} - Sending CommandRequest{session=2, sequence=1, operation=PrimitiveOperation{id=DefaultOperationId{id=write, type=COMMAND}, value=byte[]{length=17, hash=-1644578928}}} to 3
00:27:45.238 [raft-server-3] TRACE i.a.p.raft.roles.FollowerRole - RaftServer{3}{role=FOLLOWER} - Committed entries up to index 2
00:27:45.238 [raft-server-2] TRACE i.a.p.raft.roles.FollowerRole - RaftServer{2}{role=FOLLOWER} - Committed entries up to index 2
00:27:45.238 [raft-server-3] TRACE i.a.p.raft.roles.FollowerRole - RaftServer{3}{role=FOLLOWER} - Sending AppendResponse{status=OK, term=1, succeeded=true, lastLogIndex=3}
00:27:45.238 [raft-server-2] TRACE i.a.p.raft.roles.FollowerRole - RaftServer{2}{role=FOLLOWER} - Sending AppendResponse{status=OK, term=1, succeeded=true, lastLogIndex=3}
00:27:45.238 [raft-server-1] TRACE i.a.p.raft.roles.LeaderAppender - RaftServer{1} - Received AppendResponse{status=OK, term=1, succeeded=true, lastLogIndex=3} from 3
00:27:45.238 [raft-server-3] TRACE i.a.p.raft.roles.FollowerRole - RaftServer{3}{role=FOLLOWER} - Received CommandRequest{session=2, sequence=1, operation=PrimitiveOperation{id=DefaultOperationId{id=write, type=COMMAND}, value=byte[]{length=17, hash=-1644578928}}}
00:27:45.238 [raft-server-1] TRACE i.a.p.raft.roles.LeaderAppender - RaftServer{1} - Committed entries up to 3
00:27:45.238 [raft-server-2-state] TRACE i.a.p.raft.impl.RaftServiceManager - RaftServer{2} - Applying Indexed{index=2, entry=OpenSessionEntry{term=1, timestamp=2018-06-10 12:27:44,970, node=4, serviceName=raft-test, serviceType=raft-test, serviceConfig=byte[]{length=2, hash=2636}, readConsistency=LINEARIZABLE, minTimeout=250, maxTimeout=5000}}
00:27:45.238 [raft-server-2-state] TRACE i.a.utils.serializer.KryoNamespace - Creating Kryo instance for KryoNamespace{registeredBlocks=[RegistrationBlock{begin=16, types=[([Ljava.lang.Class;@357bc488,null), ([Ljava.lang.Class;@4ea17147,null), ([Ljava.lang.Class;@2eda4eeb,null), ([Ljava.lang.Class;@5ba90d8a,null), ([Ljava.lang.Class;@309dcdf3,io.atomix.utils.serializer.serializers.ImmutableListSerializer@7573b9ee), ([Ljava.lang.Class;@9a20cbd,io.atomix.utils.serializer.serializers.ImmutableSetSerializer@1af4955e), ([Ljava.lang.Class;@445821a6,io.atomix.utils.serializer.serializers.ImmutableMapSerializer@2c0c4c0a), ([Ljava.lang.Class;@35d26ad2,null), ([Ljava.lang.Class;@bb25753,null), ([Ljava.lang.Class;@ee21292,null), ([Ljava.lang.Class;@40c06358,null), ([Ljava.lang.Class;@66e21568,null), ([Ljava.lang.Class;@7f73ce28,null), ([Ljava.lang.Class;@611b35d6,null), ([Ljava.lang.Class;@2282400e,null), ([Ljava.lang.Class;@543d5863,null), ([Ljava.lang.Class;@35dece42,null), ([Ljava.lang.Class;@dd3f8aa,null), ([Ljava.lang.Class;@3d615b2e,null), ([Ljava.lang.Class;@3a1f2a1,null), ([Ljava.lang.Class;@40ce9049,io.atomix.utils.serializer.serializers.ArraysAsListSerializer@52ca2652), ([Ljava.lang.Class;@65c5bf0e,null), ([Ljava.lang.Class;@697d6ded,null), ([Ljava.lang.Class;@5d05f453,null), ([Ljava.lang.Class;@5efeb117,null), ([Ljava.lang.Class;@160b4809,null), ([Ljava.lang.Class;@149b4d20,null), ([Ljava.lang.Class;@664e848c,null), ([Ljava.lang.Class;@4d93f75b,null), ([Ljava.lang.Class;@114a5e0,null), ([Ljava.lang.Class;@4f281aaf,null), ([Ljava.lang.Class;@5d508d22,null), ([Ljava.lang.Class;@f2b90fc,null), ([Ljava.lang.Class;@2bb41f5c,null), ([Ljava.lang.Class;@24c685e7,null), ([Ljava.lang.Class;@7da635c0,null)]}, RegistrationBlock{begin=52, types=[([Ljava.lang.Class;@49711499,null)]}]}
00:27:45.238 [raft-server-3-state] TRACE i.a.p.raft.impl.RaftServiceManager - RaftServer{3} - Applying Indexed{index=2, entry=OpenSessionEntry{term=1, timestamp=2018-06-10 12:27:44,970, node=4, serviceName=raft-test, serviceType=raft-test, serviceConfig=byte[]{length=2, hash=2636}, readConsistency=LINEARIZABLE, minTimeout=250, maxTimeout=5000}}
00:27:45.238 [raft-server-2-state] TRACE i.a.utils.serializer.KryoNamespace - class [B registered as 16
00:27:45.238 [raft-server-3-state] TRACE i.a.utils.serializer.KryoNamespace - Creating Kryo instance for KryoNamespace{registeredBlocks=[RegistrationBlock{begin=16, types=[([Ljava.lang.Class;@357bc488,null), ([Ljava.lang.Class;@4ea17147,null), ([Ljava.lang.Class;@2eda4eeb,null), ([Ljava.lang.Class;@5ba90d8a,null), ([Ljava.lang.Class;@309dcdf3,io.atomix.utils.serializer.serializers.ImmutableListSerializer@7573b9ee), ([Ljava.lang.Class;@9a20cbd,io.atomix.utils.serializer.serializers.ImmutableSetSerializer@1af4955e), ([Ljava.lang.Class;@445821a6,io.atomix.utils.serializer.serializers.ImmutableMapSerializer@2c0c4c0a), ([Ljava.lang.Class;@35d26ad2,null), ([Ljava.lang.Class;@bb25753,null), ([Ljava.lang.Class;@ee21292,null), ([Ljava.lang.Class;@40c06358,null), ([Ljava.lang.Class;@66e21568,null), ([Ljava.lang.Class;@7f73ce28,null), ([Ljava.lang.Class;@611b35d6,null), ([Ljava.lang.Class;@2282400e,null), ([Ljava.lang.Class;@543d5863,null), ([Ljava.lang.Class;@35dece42,null), ([Ljava.lang.Class;@dd3f8aa,null), ([Ljava.lang.Class;@3d615b2e,null), ([Ljava.lang.Class;@3a1f2a1,null), ([Ljava.lang.Class;@40ce9049,io.atomix.utils.serializer.serializers.ArraysAsListSerializer@52ca2652), ([Ljava.lang.Class;@65c5bf0e,null), ([Ljava.lang.Class;@697d6ded,null), ([Ljava.lang.Class;@5d05f453,null), ([Ljava.lang.Class;@5efeb117,null), ([Ljava.lang.Class;@160b4809,null), ([Ljava.lang.Class;@149b4d20,null), ([Ljava.lang.Class;@664e848c,null), ([Ljava.lang.Class;@4d93f75b,null), ([Ljava.lang.Class;@114a5e0,null), ([Ljava.lang.Class;@4f281aaf,null), ([Ljava.lang.Class;@5d508d22,null), ([Ljava.lang.Class;@f2b90fc,null), ([Ljava.lang.Class;@2bb41f5c,null), ([Ljava.lang.Class;@24c685e7,null), ([Ljava.lang.Class;@7da635c0,null)]}, RegistrationBlock{begin=52, types=[([Ljava.lang.Class;@56d1d7d1,null)]}]}
00:27:45.239 [raft-server-2-state] TRACE i.a.utils.serializer.KryoNamespace - class java.util.concurrent.atomic.AtomicBoolean registered as 17
00:27:45.239 [raft-server-2-state] TRACE i.a.utils.serializer.KryoNamespace - class java.util.concurrent.atomic.AtomicInteger registered as 18
00:27:45.239 [raft-server-3-state] TRACE i.a.utils.serializer.KryoNamespace - class [B registered as 16
00:27:45.239 [raft-server-2-state] TRACE i.a.utils.serializer.KryoNamespace - class java.util.concurrent.atomic.AtomicLong registered as 19
00:27:45.239 [raft-server-3-state] TRACE i.a.utils.serializer.KryoNamespace - class java.util.concurrent.atomic.AtomicBoolean registered as 17
00:27:45.239 [raft-server-2-state] TRACE i.a.utils.serializer.KryoNamespace - class com.google.common.collect.ImmutableList registered as 20
00:27:45.239 [raft-server-3-state] TRACE i.a.utils.serializer.KryoNamespace - class java.util.concurrent.atomic.AtomicInteger registered as 18
00:27:45.239 [raft-server-2-state] TRACE i.a.utils.serializer.KryoNamespace - class com.google.common.collect.RegularImmutableList registered as 20
00:27:45.239 [raft-server-2-state] TRACE i.a.utils.serializer.KryoNamespace - class com.google.common.collect.RegularImmutableList registered as 20
00:27:45.239 [raft-server-3-state] TRACE i.a.utils.serializer.KryoNamespace - class java.util.concurrent.atomic.AtomicLong registered as 19
00:27:45.239 [raft-server-2-state] TRACE i.a.utils.serializer.KryoNamespace - class com.google.common.collect.ImmutableList$SubList registered as 20
00:27:45.239 [raft-server-3-state] TRACE i.a.utils.serializer.KryoNamespace - class com.google.common.collect.ImmutableList registered as 20
00:27:45.239 [raft-server-2-state] TRACE i.a.utils.serializer.KryoNamespace - class com.google.common.collect.ImmutableSet registered as 21
00:27:45.239 [raft-server-3-state] TRACE i.a.utils.serializer.KryoNamespace - class com.google.common.collect.RegularImmutableList registered as 20
00:27:45.239 [raft-server-2-state] TRACE i.a.utils.serializer.KryoNamespace - class com.google.common.collect.RegularImmutableSet registered as 21
00:27:45.239 [raft-server-3-state] TRACE i.a.utils.serializer.KryoNamespace - class com.google.common.collect.RegularImmutableList registered as 20
00:27:45.239 [raft-server-2-state] TRACE i.a.utils.serializer.KryoNamespace - class com.google.common.collect.SingletonImmutableSet registered as 21
00:27:45.239 [raft-server-3-state] TRACE i.a.utils.serializer.KryoNamespace - class com.google.common.collect.ImmutableList$SubList registered as 20
00:27:45.239 [raft-server-2-state] TRACE i.a.utils.serializer.KryoNamespace - class com.google.common.collect.RegularImmutableSet registered as 21
00:27:45.239 [raft-server-3-state] TRACE i.a.utils.serializer.KryoNamespace - class com.google.common.collect.ImmutableSet registered as 21
00:27:45.239 [raft-server-2-state] TRACE i.a.utils.serializer.KryoNamespace - class com.google.common.collect.ImmutableMap registered as 22
00:27:45.240 [raft-server-3-state] TRACE i.a.utils.serializer.KryoNamespace - class com.google.common.collect.RegularImmutableSet registered as 21
00:27:45.240 [raft-server-2-state] TRACE i.a.utils.serializer.KryoNamespace - class com.google.common.collect.RegularImmutableMap registered as 22
00:27:45.240 [raft-server-3-state] TRACE i.a.utils.serializer.KryoNamespace - class com.google.common.collect.SingletonImmutableSet registered as 21
00:27:45.240 [raft-server-2-state] TRACE i.a.utils.serializer.KryoNamespace - class com.google.common.collect.RegularImmutableMap registered as 22
00:27:45.240 [raft-server-3-state] TRACE i.a.utils.serializer.KryoNamespace - class com.google.common.collect.RegularImmutableSet registered as 21
00:27:45.240 [raft-server-2-state] TRACE i.a.utils.serializer.KryoNamespace - class com.google.common.collect.RegularImmutableMap registered as 22
00:27:45.240 [raft-server-3-state] TRACE i.a.utils.serializer.KryoNamespace - class com.google.common.collect.ImmutableMap registered as 22
00:27:45.240 [raft-server-2-state] TRACE i.a.utils.serializer.KryoNamespace - class java.util.Collections$UnmodifiableSet registered as 23
00:27:45.240 [raft-server-3-state] TRACE i.a.utils.serializer.KryoNamespace - class com.google.common.collect.RegularImmutableMap registered as 22
00:27:45.240 [raft-server-2-state] TRACE i.a.utils.serializer.KryoNamespace - class java.util.HashMap registered as 24
00:27:45.240 [raft-server-3-state] TRACE i.a.utils.serializer.KryoNamespace - class com.google.common.collect.RegularImmutableMap registered as 22
00:27:45.240 [raft-server-2-state] TRACE i.a.utils.serializer.KryoNamespace - class java.util.concurrent.ConcurrentHashMap registered as 25
00:27:45.240 [raft-server-3-state] TRACE i.a.utils.serializer.KryoNamespace - class com.google.common.collect.RegularImmutableMap registered as 22
00:27:45.240 [raft-server-2-state] TRACE i.a.utils.serializer.KryoNamespace - class java.util.concurrent.CopyOnWriteArraySet registered as 26
00:27:45.240 [raft-server-2-state] TRACE i.a.utils.serializer.KryoNamespace - class java.util.ArrayList registered as 27
00:27:45.240 [raft-server-3-state] TRACE i.a.utils.serializer.KryoNamespace - class java.util.Collections$UnmodifiableSet registered as 23
00:27:45.240 [raft-server-2-state] TRACE i.a.utils.serializer.KryoNamespace - class java.util.LinkedList registered as 28
00:27:45.240 [raft-server-3-state] TRACE i.a.utils.serializer.KryoNamespace - class java.util.HashMap registered as 24
00:27:45.240 [raft-server-2-state] TRACE i.a.utils.serializer.KryoNamespace - class java.util.HashSet registered as 29
00:27:45.240 [raft-server-3-state] TRACE i.a.utils.serializer.KryoNamespace - class java.util.concurrent.ConcurrentHashMap registered as 25
00:27:45.240 [raft-server-2-state] TRACE i.a.utils.serializer.KryoNamespace - class java.util.LinkedHashSet registered as 30
00:27:45.240 [raft-server-3-state] TRACE i.a.utils.serializer.KryoNamespace - class java.util.concurrent.CopyOnWriteArraySet registered as 26
00:27:45.241 [raft-server-2-state] TRACE i.a.utils.serializer.KryoNamespace - class com.sun.jmx.remote.internal.ArrayQueue registered as 31
00:27:45.241 [raft-server-3-state] TRACE i.a.utils.serializer.KryoNamespace - class java.util.ArrayList registered as 27
00:27:45.241 [raft-server-2-state] TRACE i.a.utils.serializer.KryoNamespace - class java.util.ArrayDeque registered as 32
00:27:45.241 [raft-server-3-state] TRACE i.a.utils.serializer.KryoNamespace - class java.util.LinkedList registered as 28
00:27:45.241 [raft-server-2-state] TRACE i.a.utils.serializer.KryoNamespace - class com.google.common.collect.HashMultiset registered as 33
00:27:45.241 [raft-server-2-state] TRACE i.a.utils.serializer.KryoNamespace - class com.google.common.collect.Sets registered as 34
00:27:45.241 [raft-server-3-state] TRACE i.a.utils.serializer.KryoNamespace - class java.util.HashSet registered as 29
00:27:45.241 [raft-server-2-state] TRACE i.a.utils.serializer.KryoNamespace - class com.google.common.collect.ImmutableEntry registered as 35
00:27:45.241 [raft-server-2-state] TRACE i.a.utils.serializer.KryoNamespace - class java.util.Arrays$ArrayList registered as 36
00:27:45.241 [raft-server-3-state] TRACE i.a.utils.serializer.KryoNamespace - class java.util.LinkedHashSet registered as 30
00:27:45.241 [raft-server-2-state] TRACE i.a.utils.serializer.KryoNamespace - class java.util.Collections$SingletonList registered as 37
00:27:45.241 [raft-server-2-state] TRACE i.a.utils.serializer.KryoNamespace - class java.time.Duration registered as 38
00:27:45.241 [raft-server-3-state] TRACE i.a.utils.serializer.KryoNamespace - class com.sun.jmx.remote.internal.ArrayQueue registered as 31
00:27:45.241 [raft-server-2-state] TRACE i.a.utils.serializer.KryoNamespace - class java.util.Collections$EmptySet registered as 39
00:27:45.241 [raft-server-2-state] TRACE i.a.utils.serializer.KryoNamespace - class java.util.Optional registered as 40
00:27:45.241 [raft-server-3-state] TRACE i.a.utils.serializer.KryoNamespace - class java.util.ArrayDeque registered as 32
00:27:45.241 [raft-server-2-state] TRACE i.a.utils.serializer.KryoNamespace - class java.util.Collections$EmptyList registered as 41
00:27:45.241 [raft-server-3-state] TRACE i.a.utils.serializer.KryoNamespace - class com.google.common.collect.HashMultiset registered as 33
00:27:45.241 [raft-server-2-state] TRACE i.a.utils.serializer.KryoNamespace - class java.util.Collections$SingletonSet registered as 42
00:27:45.241 [raft-server-3-state] TRACE i.a.utils.serializer.KryoNamespace - class com.google.common.collect.Sets registered as 34
00:27:45.241 [raft-server-2-state] TRACE i.a.utils.serializer.KryoNamespace - class [I registered as 43
00:27:45.241 [raft-server-3-state] TRACE i.a.utils.serializer.KryoNamespace - class com.google.common.collect.ImmutableEntry registered as 35
00:27:45.241 [raft-server-2-state] TRACE i.a.utils.serializer.KryoNamespace - class [J registered as 44
00:27:45.241 [raft-server-3-state] TRACE i.a.utils.serializer.KryoNamespace - class java.util.Arrays$ArrayList registered as 36
00:27:45.241 [raft-server-2-state] TRACE i.a.utils.serializer.KryoNamespace - class [S registered as 45
00:27:45.241 [raft-server-3-state] TRACE i.a.utils.serializer.KryoNamespace - class java.util.Collections$SingletonList registered as 37
00:27:45.241 [raft-server-2-state] TRACE i.a.utils.serializer.KryoNamespace - class [D registered as 46
00:27:45.241 [raft-server-3-state] TRACE i.a.utils.serializer.KryoNamespace - class java.time.Duration registered as 38
00:27:45.242 [raft-server-2-state] TRACE i.a.utils.serializer.KryoNamespace - class [F registered as 47
00:27:45.242 [raft-server-3-state] TRACE i.a.utils.serializer.KryoNamespace - class java.util.Collections$EmptySet registered as 39
00:27:45.242 [raft-server-2-state] TRACE i.a.utils.serializer.KryoNamespace - class [C registered as 48
00:27:45.242 [raft-server-3-state] TRACE i.a.utils.serializer.KryoNamespace - class java.util.Optional registered as 40
00:27:45.242 [raft-server-2-state] TRACE i.a.utils.serializer.KryoNamespace - class [Ljava.lang.String; registered as 49
00:27:45.242 [raft-server-3-state] TRACE i.a.utils.serializer.KryoNamespace - class java.util.Collections$EmptyList registered as 41
00:27:45.242 [raft-server-2-state] TRACE i.a.utils.serializer.KryoNamespace - class [Z registered as 50
00:27:45.242 [raft-server-2-state] TRACE i.a.utils.serializer.KryoNamespace - class [Ljava.lang.Object; registered as 51
00:27:45.242 [raft-server-3-state] TRACE i.a.utils.serializer.KryoNamespace - class java.util.Collections$SingletonSet registered as 42
00:27:45.242 [raft-server-2-state] TRACE i.a.utils.serializer.KryoNamespace - class io.atomix.primitive.service.ServiceConfig registered as 52
00:27:45.242 [raft-server-3-state] TRACE i.a.utils.serializer.KryoNamespace - class [I registered as 43
00:27:45.242 [raft-server-3-state] TRACE i.a.utils.serializer.KryoNamespace - class [J registered as 44
00:27:45.242 [raft-server-2-state] TRACE i.a.utils.serializer.KryoNamespace - Creating Kryo instance for KryoNamespace{registeredBlocks=[RegistrationBlock{begin=16, types=[([Ljava.lang.Class;@357bc488,null), ([Ljava.lang.Class;@4ea17147,null), ([Ljava.lang.Class;@2eda4eeb,null), ([Ljava.lang.Class;@5ba90d8a,null), ([Ljava.lang.Class;@309dcdf3,io.atomix.utils.serializer.serializers.ImmutableListSerializer@7573b9ee), ([Ljava.lang.Class;@9a20cbd,io.atomix.utils.serializer.serializers.ImmutableSetSerializer@1af4955e), ([Ljava.lang.Class;@445821a6,io.atomix.utils.serializer.serializers.ImmutableMapSerializer@2c0c4c0a), ([Ljava.lang.Class;@35d26ad2,null), ([Ljava.lang.Class;@bb25753,null), ([Ljava.lang.Class;@ee21292,null), ([Ljava.lang.Class;@40c06358,null), ([Ljava.lang.Class;@66e21568,null), ([Ljava.lang.Class;@7f73ce28,null), ([Ljava.lang.Class;@611b35d6,null), ([Ljava.lang.Class;@2282400e,null), ([Ljava.lang.Class;@543d5863,null), ([Ljava.lang.Class;@35dece42,null), ([Ljava.lang.Class;@dd3f8aa,null), ([Ljava.lang.Class;@3d615b2e,null), ([Ljava.lang.Class;@3a1f2a1,null), ([Ljava.lang.Class;@40ce9049,io.atomix.utils.serializer.serializers.ArraysAsListSerializer@52ca2652), ([Ljava.lang.Class;@65c5bf0e,null), ([Ljava.lang.Class;@697d6ded,null), ([Ljava.lang.Class;@5d05f453,null), ([Ljava.lang.Class;@5efeb117,null), ([Ljava.lang.Class;@160b4809,null), ([Ljava.lang.Class;@149b4d20,null), ([Ljava.lang.Class;@664e848c,null), ([Ljava.lang.Class;@4d93f75b,null), ([Ljava.lang.Class;@114a5e0,null), ([Ljava.lang.Class;@4f281aaf,null), ([Ljava.lang.Class;@5d508d22,null), ([Ljava.lang.Class;@f2b90fc,null), ([Ljava.lang.Class;@2bb41f5c,null), ([Ljava.lang.Class;@24c685e7,null), ([Ljava.lang.Class;@7da635c0,null)]}, RegistrationBlock{begin=52, types=[([Ljava.lang.Class;@47b6e3c7,null)]}]}
00:27:45.242 [raft-server-3-state] TRACE i.a.utils.serializer.KryoNamespace - class [S registered as 45
00:27:45.242 [raft-server-2-state] TRACE i.a.utils.serializer.KryoNamespace - class [B registered as 16
00:27:45.242 [raft-server-3-state] TRACE i.a.utils.serializer.KryoNamespace - class [D registered as 46
00:27:45.242 [raft-server-2-state] TRACE i.a.utils.serializer.KryoNamespace - class java.util.concurrent.atomic.AtomicBoolean registered as 17
00:27:45.242 [raft-server-2-state] TRACE i.a.utils.serializer.KryoNamespace - class java.util.concurrent.atomic.AtomicInteger registered as 18
00:27:45.242 [raft-server-3-state] TRACE i.a.utils.serializer.KryoNamespace - class [F registered as 47
00:27:45.242 [raft-server-2-state] TRACE i.a.utils.serializer.KryoNamespace - class java.util.concurrent.atomic.AtomicLong registered as 19
00:27:45.242 [raft-server-2-state] TRACE i.a.utils.serializer.KryoNamespace - class com.google.common.collect.ImmutableList registered as 20
00:27:45.242 [raft-server-2-state] TRACE i.a.utils.serializer.KryoNamespace - class com.google.common.collect.RegularImmutableList registered as 20
00:27:45.242 [raft-server-3-state] TRACE i.a.utils.serializer.KryoNamespace - class [C registered as 48
00:27:45.242 [raft-server-2-state] TRACE i.a.utils.serializer.KryoNamespace - class com.google.common.collect.RegularImmutableList registered as 20
00:27:45.243 [raft-server-2-state] TRACE i.a.utils.serializer.KryoNamespace - class com.google.common.collect.ImmutableList$SubList registered as 20
00:27:45.243 [raft-server-3-state] TRACE i.a.utils.serializer.KryoNamespace - class [Ljava.lang.String; registered as 49
00:27:45.243 [raft-server-2-state] TRACE i.a.utils.serializer.KryoNamespace - class com.google.common.collect.ImmutableSet registered as 21
00:27:45.243 [raft-server-2-state] TRACE i.a.utils.serializer.KryoNamespace - class com.google.common.collect.RegularImmutableSet registered as 21
00:27:45.243 [raft-server-2-state] TRACE i.a.utils.serializer.KryoNamespace - class com.google.common.collect.SingletonImmutableSet registered as 21
00:27:45.243 [raft-server-3-state] TRACE i.a.utils.serializer.KryoNamespace - class [Z registered as 50
00:27:45.243 [raft-server-2-state] TRACE i.a.utils.serializer.KryoNamespace - class com.google.common.collect.RegularImmutableSet registered as 21
00:27:45.243 [raft-server-3-state] TRACE i.a.utils.serializer.KryoNamespace - class [Ljava.lang.Object; registered as 51
00:27:45.243 [raft-server-2-state] TRACE i.a.utils.serializer.KryoNamespace - class com.google.common.collect.ImmutableMap registered as 22
00:27:45.243 [raft-server-3-state] TRACE i.a.utils.serializer.KryoNamespace - class io.atomix.primitive.service.ServiceConfig registered as 52
00:27:45.243 [raft-server-2-state] TRACE i.a.utils.serializer.KryoNamespace - class com.google.common.collect.RegularImmutableMap registered as 22
00:27:45.243 [raft-server-2-state] TRACE i.a.utils.serializer.KryoNamespace - class com.google.common.collect.RegularImmutableMap registered as 22
00:27:45.243 [raft-server-2-state] TRACE i.a.utils.serializer.KryoNamespace - class com.google.common.collect.RegularImmutableMap registered as 22
00:27:45.243 [raft-server-2-state] TRACE i.a.utils.serializer.KryoNamespace - class java.util.Collections$UnmodifiableSet registered as 23
00:27:45.243 [raft-server-2-state] TRACE i.a.utils.serializer.KryoNamespace - class java.util.HashMap registered as 24
00:27:45.243 [raft-server-3-state] TRACE i.a.utils.serializer.KryoNamespace - Creating Kryo instance for KryoNamespace{registeredBlocks=[RegistrationBlock{begin=16, types=[([Ljava.lang.Class;@357bc488,null), ([Ljava.lang.Class;@4ea17147,null), ([Ljava.lang.Class;@2eda4eeb,null), ([Ljava.lang.Class;@5ba90d8a,null), ([Ljava.lang.Class;@309dcdf3,io.atomix.utils.serializer.serializers.ImmutableListSerializer@7573b9ee), ([Ljava.lang.Class;@9a20cbd,io.atomix.utils.serializer.serializers.ImmutableSetSerializer@1af4955e), ([Ljava.lang.Class;@445821a6,io.atomix.utils.serializer.serializers.ImmutableMapSerializer@2c0c4c0a), ([Ljava.lang.Class;@35d26ad2,null), ([Ljava.lang.Class;@bb25753,null), ([Ljava.lang.Class;@ee21292,null), ([Ljava.lang.Class;@40c06358,null), ([Ljava.lang.Class;@66e21568,null), ([Ljava.lang.Class;@7f73ce28,null), ([Ljava.lang.Class;@611b35d6,null), ([Ljava.lang.Class;@2282400e,null), ([Ljava.lang.Class;@543d5863,null), ([Ljava.lang.Class;@35dece42,null), ([Ljava.lang.Class;@dd3f8aa,null), ([Ljava.lang.Class;@3d615b2e,null), ([Ljava.lang.Class;@3a1f2a1,null), ([Ljava.lang.Class;@40ce9049,io.atomix.utils.serializer.serializers.ArraysAsListSerializer@52ca2652), ([Ljava.lang.Class;@65c5bf0e,null), ([Ljava.lang.Class;@697d6ded,null), ([Ljava.lang.Class;@5d05f453,null), ([Ljava.lang.Class;@5efeb117,null), ([Ljava.lang.Class;@160b4809,null), ([Ljava.lang.Class;@149b4d20,null), ([Ljava.lang.Class;@664e848c,null), ([Ljava.lang.Class;@4d93f75b,null), ([Ljava.lang.Class;@114a5e0,null), ([Ljava.lang.Class;@4f281aaf,null), ([Ljava.lang.Class;@5d508d22,null), ([Ljava.lang.Class;@f2b90fc,null), ([Ljava.lang.Class;@2bb41f5c,null), ([Ljava.lang.Class;@24c685e7,null), ([Ljava.lang.Class;@7da635c0,null)]}, RegistrationBlock{begin=52, types=[([Ljava.lang.Class;@5816337b,null)]}]}
00:27:45.243 [raft-server-2-state] TRACE i.a.utils.serializer.KryoNamespace - class java.util.concurrent.ConcurrentHashMap registered as 25
00:27:45.243 [raft-server-2-state] TRACE i.a.utils.serializer.KryoNamespace - class java.util.concurrent.CopyOnWriteArraySet registered as 26
00:27:45.243 [raft-server-3-state] TRACE i.a.utils.serializer.KryoNamespace - class [B registered as 16
00:27:45.243 [raft-server-2-state] TRACE i.a.utils.serializer.KryoNamespace - class java.util.ArrayList registered as 27
00:27:45.243 [raft-server-3-state] TRACE i.a.utils.serializer.KryoNamespace - class java.util.concurrent.atomic.AtomicBoolean registered as 17
00:27:45.243 [raft-server-2-state] TRACE i.a.utils.serializer.KryoNamespace - class java.util.LinkedList registered as 28
00:27:45.243 [raft-server-3-state] TRACE i.a.utils.serializer.KryoNamespace - class java.util.concurrent.atomic.AtomicInteger registered as 18
00:27:45.243 [raft-server-2-state] TRACE i.a.utils.serializer.KryoNamespace - class java.util.HashSet registered as 29
00:27:45.243 [raft-server-3-state] TRACE i.a.utils.serializer.KryoNamespace - class java.util.concurrent.atomic.AtomicLong registered as 19
00:27:45.243 [raft-server-2-state] TRACE i.a.utils.serializer.KryoNamespace - class java.util.LinkedHashSet registered as 30
00:27:45.244 [raft-server-3-state] TRACE i.a.utils.serializer.KryoNamespace - class com.google.common.collect.ImmutableList registered as 20
00:27:45.244 [raft-server-2-state] TRACE i.a.utils.serializer.KryoNamespace - class com.sun.jmx.remote.internal.ArrayQueue registered as 31
00:27:45.244 [raft-server-3-state] TRACE i.a.utils.serializer.KryoNamespace - class com.google.common.collect.RegularImmutableList registered as 20
00:27:45.244 [raft-server-2-state] TRACE i.a.utils.serializer.KryoNamespace - class java.util.ArrayDeque registered as 32
00:27:45.244 [raft-server-3-state] TRACE i.a.utils.serializer.KryoNamespace - class com.google.common.collect.RegularImmutableList registered as 20
00:27:45.244 [raft-server-2-state] TRACE i.a.utils.serializer.KryoNamespace - class com.google.common.collect.HashMultiset registered as 33
00:27:45.244 [raft-server-3-state] TRACE i.a.utils.serializer.KryoNamespace - class com.google.common.collect.ImmutableList$SubList registered as 20
00:27:45.244 [raft-server-2-state] TRACE i.a.utils.serializer.KryoNamespace - class com.google.common.collect.Sets registered as 34
00:27:45.244 [raft-server-3-state] TRACE i.a.utils.serializer.KryoNamespace - class com.google.common.collect.ImmutableSet registered as 21
00:27:45.244 [raft-server-2-state] TRACE i.a.utils.serializer.KryoNamespace - class com.google.common.collect.ImmutableEntry registered as 35
00:27:45.244 [raft-server-3-state] TRACE i.a.utils.serializer.KryoNamespace - class com.google.common.collect.RegularImmutableSet registered as 21
00:27:45.244 [raft-server-2-state] TRACE i.a.utils.serializer.KryoNamespace - class java.util.Arrays$ArrayList registered as 36
00:27:45.244 [raft-server-3-state] TRACE i.a.utils.serializer.KryoNamespace - class com.google.common.collect.SingletonImmutableSet registered as 21
00:27:45.244 [raft-server-2-state] TRACE i.a.utils.serializer.KryoNamespace - class java.util.Collections$SingletonList registered as 37
00:27:45.244 [raft-server-3-state] TRACE i.a.utils.serializer.KryoNamespace - class com.google.common.collect.RegularImmutableSet registered as 21
00:27:45.244 [raft-server-2-state] TRACE i.a.utils.serializer.KryoNamespace - class java.time.Duration registered as 38
00:27:45.244 [raft-server-3-state] TRACE i.a.utils.serializer.KryoNamespace - class com.google.common.collect.ImmutableMap registered as 22
00:27:45.244 [raft-server-2-state] TRACE i.a.utils.serializer.KryoNamespace - class java.util.Collections$EmptySet registered as 39
00:27:45.244 [raft-server-3-state] TRACE i.a.utils.serializer.KryoNamespace - class com.google.common.collect.RegularImmutableMap registered as 22
00:27:45.244 [raft-server-2-state] TRACE i.a.utils.serializer.KryoNamespace - class java.util.Optional registered as 40
00:27:45.244 [raft-server-3-state] TRACE i.a.utils.serializer.KryoNamespace - class com.google.common.collect.RegularImmutableMap registered as 22
00:27:45.244 [raft-server-2-state] TRACE i.a.utils.serializer.KryoNamespace - class java.util.Collections$EmptyList registered as 41
00:27:45.244 [raft-server-3-state] TRACE i.a.utils.serializer.KryoNamespace - class com.google.common.collect.RegularImmutableMap registered as 22
00:27:45.245 [raft-server-2-state] TRACE i.a.utils.serializer.KryoNamespace - class java.util.Collections$SingletonSet registered as 42
00:27:45.245 [raft-server-3-state] TRACE i.a.utils.serializer.KryoNamespace - class java.util.Collections$UnmodifiableSet registered as 23
00:27:45.245 [raft-server-2-state] TRACE i.a.utils.serializer.KryoNamespace - class [I registered as 43
00:27:45.245 [raft-server-3-state] TRACE i.a.utils.serializer.KryoNamespace - class java.util.HashMap registered as 24
00:27:45.245 [raft-server-2-state] TRACE i.a.utils.serializer.KryoNamespace - class [J registered as 44
00:27:45.245 [raft-server-3-state] TRACE i.a.utils.serializer.KryoNamespace - class java.util.concurrent.ConcurrentHashMap registered as 25
00:27:45.245 [raft-server-2-state] TRACE i.a.utils.serializer.KryoNamespace - class [S registered as 45
00:27:45.245 [raft-server-3-state] TRACE i.a.utils.serializer.KryoNamespace - class java.util.concurrent.CopyOnWriteArraySet registered as 26
00:27:45.245 [raft-server-2-state] TRACE i.a.utils.serializer.KryoNamespace - class [D registered as 46
00:27:45.245 [raft-server-3-state] TRACE i.a.utils.serializer.KryoNamespace - class java.util.ArrayList registered as 27
00:27:45.245 [raft-server-2-state] TRACE i.a.utils.serializer.KryoNamespace - class [F registered as 47
00:27:45.245 [raft-server-3-state] TRACE i.a.utils.serializer.KryoNamespace - class java.util.LinkedList registered as 28
00:27:45.245 [raft-server-2-state] TRACE i.a.utils.serializer.KryoNamespace - class [C registered as 48
00:27:45.245 [raft-server-3-state] TRACE i.a.utils.serializer.KryoNamespace - class java.util.HashSet registered as 29
00:27:45.245 [raft-server-2-state] TRACE i.a.utils.serializer.KryoNamespace - class [Ljava.lang.String; registered as 49
00:27:45.245 [raft-server-3-state] TRACE i.a.utils.serializer.KryoNamespace - class java.util.LinkedHashSet registered as 30
00:27:45.245 [raft-server-2-state] TRACE i.a.utils.serializer.KryoNamespace - class [Z registered as 50
00:27:45.245 [raft-server-2-state] TRACE i.a.utils.serializer.KryoNamespace - class [Ljava.lang.Object; registered as 51
00:27:45.245 [raft-server-3-state] TRACE i.a.utils.serializer.KryoNamespace - class com.sun.jmx.remote.internal.ArrayQueue registered as 31
00:27:45.245 [raft-server-2-state] TRACE i.a.utils.serializer.KryoNamespace - class io.atomix.primitive.service.ServiceConfig registered as 52
00:27:45.245 [raft-server-3-state] TRACE i.a.utils.serializer.KryoNamespace - class java.util.ArrayDeque registered as 32
00:27:45.245 [raft-server-2-state] TRACE i.a.utils.serializer.KryoNamespace - Creating Kryo instance for KryoNamespace{registeredBlocks=[RegistrationBlock{begin=16, types=[([Ljava.lang.Class;@357bc488,null), ([Ljava.lang.Class;@4ea17147,null), ([Ljava.lang.Class;@2eda4eeb,null), ([Ljava.lang.Class;@5ba90d8a,null), ([Ljava.lang.Class;@309dcdf3,io.atomix.utils.serializer.serializers.ImmutableListSerializer@7573b9ee), ([Ljava.lang.Class;@9a20cbd,io.atomix.utils.serializer.serializers.ImmutableSetSerializer@1af4955e), ([Ljava.lang.Class;@445821a6,io.atomix.utils.serializer.serializers.ImmutableMapSerializer@2c0c4c0a), ([Ljava.lang.Class;@35d26ad2,null), ([Ljava.lang.Class;@bb25753,null), ([Ljava.lang.Class;@ee21292,null), ([Ljava.lang.Class;@40c06358,null), ([Ljava.lang.Class;@66e21568,null), ([Ljava.lang.Class;@7f73ce28,null), ([Ljava.lang.Class;@611b35d6,null), ([Ljava.lang.Class;@2282400e,null), ([Ljava.lang.Class;@543d5863,null), ([Ljava.lang.Class;@35dece42,null), ([Ljava.lang.Class;@dd3f8aa,null), ([Ljava.lang.Class;@3d615b2e,null), ([Ljava.lang.Class;@3a1f2a1,null), ([Ljava.lang.Class;@40ce9049,io.atomix.utils.serializer.serializers.ArraysAsListSerializer@52ca2652), ([Ljava.lang.Class;@65c5bf0e,null), ([Ljava.lang.Class;@697d6ded,null), ([Ljava.lang.Class;@5d05f453,null), ([Ljava.lang.Class;@5efeb117,null), ([Ljava.lang.Class;@160b4809,null), ([Ljava.lang.Class;@149b4d20,null), ([Ljava.lang.Class;@664e848c,null), ([Ljava.lang.Class;@4d93f75b,null), ([Ljava.lang.Class;@114a5e0,null), ([Ljava.lang.Class;@4f281aaf,null), ([Ljava.lang.Class;@5d508d22,null), ([Ljava.lang.Class;@f2b90fc,null), ([Ljava.lang.Class;@2bb41f5c,null), ([Ljava.lang.Class;@24c685e7,null), ([Ljava.lang.Class;@7da635c0,null)]}, RegistrationBlock{begin=52, types=[([Ljava.lang.Class;@43897fe9,null)]}]}
00:27:45.245 [raft-server-3-state] TRACE i.a.utils.serializer.KryoNamespace - class com.google.common.collect.HashMultiset registered as 33
00:27:45.246 [raft-server-2-state] TRACE i.a.utils.serializer.KryoNamespace - class [B registered as 16
00:27:45.246 [raft-server-3-state] TRACE i.a.utils.serializer.KryoNamespace - class com.google.common.collect.Sets registered as 34
00:27:45.246 [raft-server-2-state] TRACE i.a.utils.serializer.KryoNamespace - class java.util.concurrent.atomic.AtomicBoolean registered as 17
00:27:45.246 [raft-server-3-state] TRACE i.a.utils.serializer.KryoNamespace - class com.google.common.collect.ImmutableEntry registered as 35
00:27:45.246 [raft-server-2-state] TRACE i.a.utils.serializer.KryoNamespace - class java.util.concurrent.atomic.AtomicInteger registered as 18
00:27:45.246 [raft-server-3-state] TRACE i.a.utils.serializer.KryoNamespace - class java.util.Arrays$ArrayList registered as 36
00:27:45.246 [raft-server-2-state] TRACE i.a.utils.serializer.KryoNamespace - class java.util.concurrent.atomic.AtomicLong registered as 19
00:27:45.246 [raft-server-2-state] TRACE i.a.utils.serializer.KryoNamespace - class com.google.common.collect.ImmutableList registered as 20
00:27:45.246 [raft-server-3-state] TRACE i.a.utils.serializer.KryoNamespace - class java.util.Collections$SingletonList registered as 37
00:27:45.246 [raft-server-2-state] TRACE i.a.utils.serializer.KryoNamespace - class com.google.common.collect.RegularImmutableList registered as 20
00:27:45.246 [raft-server-3-state] TRACE i.a.utils.serializer.KryoNamespace - class java.time.Duration registered as 38
00:27:45.246 [raft-server-2-state] TRACE i.a.utils.serializer.KryoNamespace - class com.google.common.collect.RegularImmutableList registered as 20
00:27:45.246 [raft-server-2-state] TRACE i.a.utils.serializer.KryoNamespace - class com.google.common.collect.ImmutableList$SubList registered as 20
00:27:45.246 [raft-server-2-state] TRACE i.a.utils.serializer.KryoNamespace - class com.google.common.collect.ImmutableSet registered as 21
00:27:45.246 [raft-server-3-state] TRACE i.a.utils.serializer.KryoNamespace - class java.util.Collections$EmptySet registered as 39
00:27:45.246 [raft-server-2-state] TRACE i.a.utils.serializer.KryoNamespace - class com.google.common.collect.RegularImmutableSet registered as 21
00:27:45.246 [raft-server-3-state] TRACE i.a.utils.serializer.KryoNamespace - class java.util.Optional registered as 40
00:27:45.246 [raft-server-2-state] TRACE i.a.utils.serializer.KryoNamespace - class com.google.common.collect.SingletonImmutableSet registered as 21
00:27:45.246 [raft-server-2-state] TRACE i.a.utils.serializer.KryoNamespace - class com.google.common.collect.RegularImmutableSet registered as 21
00:27:45.246 [raft-server-2-state] TRACE i.a.utils.serializer.KryoNamespace - class com.google.common.collect.ImmutableMap registered as 22
00:27:45.246 [raft-server-3-state] TRACE i.a.utils.serializer.KryoNamespace - class java.util.Collections$EmptyList registered as 41
00:27:45.246 [raft-server-2-state] TRACE i.a.utils.serializer.KryoNamespace - class com.google.common.collect.RegularImmutableMap registered as 22
00:27:45.246 [raft-server-2-state] TRACE i.a.utils.serializer.KryoNamespace - class com.google.common.collect.RegularImmutableMap registered as 22
00:27:45.246 [raft-server-2-state] TRACE i.a.utils.serializer.KryoNamespace - class com.google.common.collect.RegularImmutableMap registered as 22
00:27:45.246 [raft-server-3-state] TRACE i.a.utils.serializer.KryoNamespace - class java.util.Collections$SingletonSet registered as 42
00:27:45.246 [raft-server-2-state] TRACE i.a.utils.serializer.KryoNamespace - class java.util.Collections$UnmodifiableSet registered as 23
00:27:45.246 [raft-server-3-state] TRACE i.a.utils.serializer.KryoNamespace - class [I registered as 43
00:27:45.246 [raft-server-2-state] TRACE i.a.utils.serializer.KryoNamespace - class java.util.HashMap registered as 24
00:27:45.247 [raft-server-3-state] TRACE i.a.utils.serializer.KryoNamespace - class [J registered as 44
00:27:45.247 [raft-server-2-state] TRACE i.a.utils.serializer.KryoNamespace - class java.util.concurrent.ConcurrentHashMap registered as 25
00:27:45.247 [raft-server-3-state] TRACE i.a.utils.serializer.KryoNamespace - class [S registered as 45
00:27:45.247 [raft-server-2-state] TRACE i.a.utils.serializer.KryoNamespace - class java.util.concurrent.CopyOnWriteArraySet registered as 26
00:27:45.247 [raft-server-3-state] TRACE i.a.utils.serializer.KryoNamespace - class [D registered as 46
00:27:45.247 [raft-server-2-state] TRACE i.a.utils.serializer.KryoNamespace - class java.util.ArrayList registered as 27
00:27:45.247 [raft-server-3-state] TRACE i.a.utils.serializer.KryoNamespace - class [F registered as 47
00:27:45.247 [raft-server-2-state] TRACE i.a.utils.serializer.KryoNamespace - class java.util.LinkedList registered as 28
00:27:45.247 [raft-server-3-state] TRACE i.a.utils.serializer.KryoNamespace - class [C registered as 48
00:27:45.247 [raft-server-2-state] TRACE i.a.utils.serializer.KryoNamespace - class java.util.HashSet registered as 29
00:27:45.247 [raft-server-3-state] TRACE i.a.utils.serializer.KryoNamespace - class [Ljava.lang.String; registered as 49
00:27:45.247 [raft-server-2-state] TRACE i.a.utils.serializer.KryoNamespace - class java.util.LinkedHashSet registered as 30
00:27:45.247 [raft-server-3-state] TRACE i.a.utils.serializer.KryoNamespace - class [Z registered as 50
00:27:45.247 [raft-server-2-state] TRACE i.a.utils.serializer.KryoNamespace - class com.sun.jmx.remote.internal.ArrayQueue registered as 31
00:27:45.247 [raft-server-3-state] TRACE i.a.utils.serializer.KryoNamespace - class [Ljava.lang.Object; registered as 51
00:27:45.247 [raft-server-2-state] TRACE i.a.utils.serializer.KryoNamespace - class java.util.ArrayDeque registered as 32
00:27:45.247 [raft-server-3-state] TRACE i.a.utils.serializer.KryoNamespace - class io.atomix.primitive.service.ServiceConfig registered as 52
00:27:45.247 [raft-server-2-state] TRACE i.a.utils.serializer.KryoNamespace - class com.google.common.collect.HashMultiset registered as 33
00:27:45.247 [raft-server-2-state] TRACE i.a.utils.serializer.KryoNamespace - class com.google.common.collect.Sets registered as 34
00:27:45.247 [raft-server-2-state] TRACE i.a.utils.serializer.KryoNamespace - class com.google.common.collect.ImmutableEntry registered as 35
00:27:45.247 [raft-server-3-state] TRACE i.a.utils.serializer.KryoNamespace - Creating Kryo instance for KryoNamespace{registeredBlocks=[RegistrationBlock{begin=16, types=[([Ljava.lang.Class;@357bc488,null), ([Ljava.lang.Class;@4ea17147,null), ([Ljava.lang.Class;@2eda4eeb,null), ([Ljava.lang.Class;@5ba90d8a,null), ([Ljava.lang.Class;@309dcdf3,io.atomix.utils.serializer.serializers.ImmutableListSerializer@7573b9ee), ([Ljava.lang.Class;@9a20cbd,io.atomix.utils.serializer.serializers.ImmutableSetSerializer@1af4955e), ([Ljava.lang.Class;@445821a6,io.atomix.utils.serializer.serializers.ImmutableMapSerializer@2c0c4c0a), ([Ljava.lang.Class;@35d26ad2,null), ([Ljava.lang.Class;@bb25753,null), ([Ljava.lang.Class;@ee21292,null), ([Ljava.lang.Class;@40c06358,null), ([Ljava.lang.Class;@66e21568,null), ([Ljava.lang.Class;@7f73ce28,null), ([Ljava.lang.Class;@611b35d6,null), ([Ljava.lang.Class;@2282400e,null), ([Ljava.lang.Class;@543d5863,null), ([Ljava.lang.Class;@35dece42,null), ([Ljava.lang.Class;@dd3f8aa,null), ([Ljava.lang.Class;@3d615b2e,null), ([Ljava.lang.Class;@3a1f2a1,null), ([Ljava.lang.Class;@40ce9049,io.atomix.utils.serializer.serializers.ArraysAsListSerializer@52ca2652), ([Ljava.lang.Class;@65c5bf0e,null), ([Ljava.lang.Class;@697d6ded,null), ([Ljava.lang.Class;@5d05f453,null), ([Ljava.lang.Class;@5efeb117,null), ([Ljava.lang.Class;@160b4809,null), ([Ljava.lang.Class;@149b4d20,null), ([Ljava.lang.Class;@664e848c,null), ([Ljava.lang.Class;@4d93f75b,null), ([Ljava.lang.Class;@114a5e0,null), ([Ljava.lang.Class;@4f281aaf,null), ([Ljava.lang.Class;@5d508d22,null), ([Ljava.lang.Class;@f2b90fc,null), ([Ljava.lang.Class;@2bb41f5c,null), ([Ljava.lang.Class;@24c685e7,null), ([Ljava.lang.Class;@7da635c0,null)]}, RegistrationBlock{begin=52, types=[([Ljava.lang.Class;@5c29bca1,null)]}]}
00:27:45.247 [raft-server-2-state] TRACE i.a.utils.serializer.KryoNamespace - class java.util.Arrays$ArrayList registered as 36
00:27:45.247 [raft-server-2-state] TRACE i.a.utils.serializer.KryoNamespace - class java.util.Collections$SingletonList registered as 37
00:27:45.248 [raft-server-3-state] TRACE i.a.utils.serializer.KryoNamespace - class [B registered as 16
00:27:45.248 [raft-server-2-state] TRACE i.a.utils.serializer.KryoNamespace - class java.time.Duration registered as 38
00:27:45.248 [raft-server-3-state] TRACE i.a.utils.serializer.KryoNamespace - class java.util.concurrent.atomic.AtomicBoolean registered as 17
00:27:45.248 [raft-server-2-state] TRACE i.a.utils.serializer.KryoNamespace - class java.util.Collections$EmptySet registered as 39
00:27:45.248 [raft-server-2-state] TRACE i.a.utils.serializer.KryoNamespace - class java.util.Optional registered as 40
00:27:45.248 [raft-server-3-state] TRACE i.a.utils.serializer.KryoNamespace - class java.util.concurrent.atomic.AtomicInteger registered as 18
00:27:45.248 [raft-server-2-state] TRACE i.a.utils.serializer.KryoNamespace - class java.util.Collections$EmptyList registered as 41
00:27:45.248 [raft-server-3-state] TRACE i.a.utils.serializer.KryoNamespace - class java.util.concurrent.atomic.AtomicLong registered as 19
00:27:45.248 [raft-server-2-state] TRACE i.a.utils.serializer.KryoNamespace - class java.util.Collections$SingletonSet registered as 42
00:27:45.248 [raft-server-3-state] TRACE i.a.utils.serializer.KryoNamespace - class com.google.common.collect.ImmutableList registered as 20
00:27:45.248 [raft-server-2-state] TRACE i.a.utils.serializer.KryoNamespace - class [I registered as 43
00:27:45.248 [raft-server-3-state] TRACE i.a.utils.serializer.KryoNamespace - class com.google.common.collect.RegularImmutableList registered as 20
00:27:45.248 [raft-server-2-state] TRACE i.a.utils.serializer.KryoNamespace - class [J registered as 44
00:27:45.248 [raft-server-3-state] TRACE i.a.utils.serializer.KryoNamespace - class com.google.common.collect.RegularImmutableList registered as 20
00:27:45.248 [raft-server-2-state] TRACE i.a.utils.serializer.KryoNamespace - class [S registered as 45
00:27:45.248 [raft-server-3-state] TRACE i.a.utils.serializer.KryoNamespace - class com.google.common.collect.ImmutableList$SubList registered as 20
00:27:45.248 [raft-server-2-state] TRACE i.a.utils.serializer.KryoNamespace - class [D registered as 46
00:27:45.248 [raft-server-3-state] TRACE i.a.utils.serializer.KryoNamespace - class com.google.common.collect.ImmutableSet registered as 21
00:27:45.248 [raft-server-2-state] TRACE i.a.utils.serializer.KryoNamespace - class [F registered as 47
00:27:45.248 [raft-server-3-state] TRACE i.a.utils.serializer.KryoNamespace - class com.google.common.collect.RegularImmutableSet registered as 21
00:27:45.248 [raft-server-2-state] TRACE i.a.utils.serializer.KryoNamespace - class [C registered as 48
00:27:45.248 [raft-server-3-state] TRACE i.a.utils.serializer.KryoNamespace - class com.google.common.collect.SingletonImmutableSet registered as 21
00:27:45.248 [raft-server-2-state] TRACE i.a.utils.serializer.KryoNamespace - class [Ljava.lang.String; registered as 49
00:27:45.248 [raft-server-3-state] TRACE i.a.utils.serializer.KryoNamespace - class com.google.common.collect.RegularImmutableSet registered as 21
00:27:45.248 [raft-server-2-state] TRACE i.a.utils.serializer.KryoNamespace - class [Z registered as 50
00:27:45.248 [raft-server-3-state] TRACE i.a.utils.serializer.KryoNamespace - class com.google.common.collect.ImmutableMap registered as 22
00:27:45.248 [raft-server-2-state] TRACE i.a.utils.serializer.KryoNamespace - class [Ljava.lang.Object; registered as 51
00:27:45.249 [raft-server-3-state] TRACE i.a.utils.serializer.KryoNamespace - class com.google.common.collect.RegularImmutableMap registered as 22
00:27:45.249 [raft-server-2-state] TRACE i.a.utils.serializer.KryoNamespace - class io.atomix.primitive.service.ServiceConfig registered as 52
00:27:45.249 [raft-server-3-state] TRACE i.a.utils.serializer.KryoNamespace - class com.google.common.collect.RegularImmutableMap registered as 22
00:27:45.249 [raft-server-3-state] TRACE i.a.utils.serializer.KryoNamespace - class com.google.common.collect.RegularImmutableMap registered as 22
00:27:45.249 [raft-server-3-state] TRACE i.a.utils.serializer.KryoNamespace - class java.util.Collections$UnmodifiableSet registered as 23
00:27:45.249 [raft-server-2-state] DEBUG i.a.p.s.impl.DefaultServiceExecutor - PrimitiveService{2}{type=io.atomix.protocols.raft.RaftTest$TestPrimitiveType@68be9fc, name=raft-test} - Registered operation callback DefaultOperationId{id=sendEvent, type=COMMAND}
00:27:45.249 [raft-server-3-state] TRACE i.a.utils.serializer.KryoNamespace - class java.util.HashMap registered as 24
00:27:45.249 [raft-server-2-state] DEBUG i.a.p.s.impl.DefaultServiceExecutor - PrimitiveService{2}{type=io.atomix.protocols.raft.RaftTest$TestPrimitiveType@68be9fc, name=raft-test} - Registered operation callback DefaultOperationId{id=onClose, type=COMMAND}
00:27:45.249 [raft-server-3-state] TRACE i.a.utils.serializer.KryoNamespace - class java.util.concurrent.ConcurrentHashMap registered as 25
00:27:45.249 [raft-server-2-state] DEBUG i.a.p.s.impl.DefaultServiceExecutor - PrimitiveService{2}{type=io.atomix.protocols.raft.RaftTest$TestPrimitiveType@68be9fc, name=raft-test} - Registered operation callback DefaultOperationId{id=read, type=QUERY}
00:27:45.249 [raft-server-3-state] TRACE i.a.utils.serializer.KryoNamespace - class java.util.concurrent.CopyOnWriteArraySet registered as 26
00:27:45.249 [raft-server-2-state] DEBUG i.a.p.s.impl.DefaultServiceExecutor - PrimitiveService{2}{type=io.atomix.protocols.raft.RaftTest$TestPrimitiveType@68be9fc, name=raft-test} - Registered operation callback DefaultOperationId{id=onExpire, type=COMMAND}
00:27:45.249 [raft-server-3-state] TRACE i.a.utils.serializer.KryoNamespace - class java.util.ArrayList registered as 27
00:27:45.249 [raft-server-2-state] DEBUG i.a.p.s.impl.DefaultServiceExecutor - PrimitiveService{2}{type=io.atomix.protocols.raft.RaftTest$TestPrimitiveType@68be9fc, name=raft-test} - Registered operation callback DefaultOperationId{id=write, type=COMMAND}
00:27:45.249 [raft-server-3-state] TRACE i.a.utils.serializer.KryoNamespace - class java.util.LinkedList registered as 28
00:27:45.249 [raft-server-3-state] TRACE i.a.utils.serializer.KryoNamespace - class java.util.HashSet registered as 29
00:27:45.249 [raft-server-2-state] TRACE i.a.utils.serializer.KryoNamespace - Creating Kryo instance for KryoNamespace{registeredBlocks=[RegistrationBlock{begin=16, types=[([Ljava.lang.Class;@357bc488,null), ([Ljava.lang.Class;@4ea17147,null), ([Ljava.lang.Class;@2eda4eeb,null), ([Ljava.lang.Class;@5ba90d8a,null), ([Ljava.lang.Class;@309dcdf3,io.atomix.utils.serializer.serializers.ImmutableListSerializer@7573b9ee), ([Ljava.lang.Class;@9a20cbd,io.atomix.utils.serializer.serializers.ImmutableSetSerializer@1af4955e), ([Ljava.lang.Class;@445821a6,io.atomix.utils.serializer.serializers.ImmutableMapSerializer@2c0c4c0a), ([Ljava.lang.Class;@35d26ad2,null), ([Ljava.lang.Class;@bb25753,null), ([Ljava.lang.Class;@ee21292,null), ([Ljava.lang.Class;@40c06358,null), ([Ljava.lang.Class;@66e21568,null), ([Ljava.lang.Class;@7f73ce28,null), ([Ljava.lang.Class;@611b35d6,null), ([Ljava.lang.Class;@2282400e,null), ([Ljava.lang.Class;@543d5863,null), ([Ljava.lang.Class;@35dece42,null), ([Ljava.lang.Class;@dd3f8aa,null), ([Ljava.lang.Class;@3d615b2e,null), ([Ljava.lang.Class;@3a1f2a1,null), ([Ljava.lang.Class;@40ce9049,io.atomix.utils.serializer.serializers.ArraysAsListSerializer@52ca2652), ([Ljava.lang.Class;@65c5bf0e,null), ([Ljava.lang.Class;@697d6ded,null), ([Ljava.lang.Class;@5d05f453,null), ([Ljava.lang.Class;@5efeb117,null), ([Ljava.lang.Class;@160b4809,null), ([Ljava.lang.Class;@149b4d20,null), ([Ljava.lang.Class;@664e848c,null), ([Ljava.lang.Class;@4d93f75b,null), ([Ljava.lang.Class;@114a5e0,null), ([Ljava.lang.Class;@4f281aaf,null), ([Ljava.lang.Class;@5d508d22,null), ([Ljava.lang.Class;@f2b90fc,null), ([Ljava.lang.Class;@2bb41f5c,null), ([Ljava.lang.Class;@24c685e7,null), ([Ljava.lang.Class;@7da635c0,null)]}, RegistrationBlock{begin=52, types=[([Ljava.lang.Class;@479ff068,null)]}]}
00:27:45.249 [raft-server-3-state] TRACE i.a.utils.serializer.KryoNamespace - class java.util.LinkedHashSet registered as 30
00:27:45.249 [raft-server-2-state] TRACE i.a.utils.serializer.KryoNamespace - class [B registered as 16
00:27:45.249 [raft-server-2-state] TRACE i.a.utils.serializer.KryoNamespace - class java.util.concurrent.atomic.AtomicBoolean registered as 17
00:27:45.249 [raft-server-3-state] TRACE i.a.utils.serializer.KryoNamespace - class com.sun.jmx.remote.internal.ArrayQueue registered as 31
00:27:45.249 [raft-server-2-state] TRACE i.a.utils.serializer.KryoNamespace - class java.util.concurrent.atomic.AtomicInteger registered as 18
00:27:45.250 [raft-server-2-state] TRACE i.a.utils.serializer.KryoNamespace - class java.util.concurrent.atomic.AtomicLong registered as 19
00:27:45.250 [raft-server-3-state] TRACE i.a.utils.serializer.KryoNamespace - class java.util.ArrayDeque registered as 32
00:27:45.250 [raft-server-2-state] TRACE i.a.utils.serializer.KryoNamespace - class com.google.common.collect.ImmutableList registered as 20
00:27:45.250 [raft-server-2-state] TRACE i.a.utils.serializer.KryoNamespace - class com.google.common.collect.RegularImmutableList registered as 20
00:27:45.250 [raft-server-2-state] TRACE i.a.utils.serializer.KryoNamespace - class com.google.common.collect.RegularImmutableList registered as 20
00:27:45.250 [raft-server-3-state] TRACE i.a.utils.serializer.KryoNamespace - class com.google.common.collect.HashMultiset registered as 33
00:27:45.250 [raft-server-2-state] TRACE i.a.utils.serializer.KryoNamespace - class com.google.common.collect.ImmutableList$SubList registered as 20
00:27:45.250 [raft-server-3-state] TRACE i.a.utils.serializer.KryoNamespace - class com.google.common.collect.Sets registered as 34
00:27:45.250 [raft-server-2-state] TRACE i.a.utils.serializer.KryoNamespace - class com.google.common.collect.ImmutableSet registered as 21
00:27:45.250 [raft-server-3-state] TRACE i.a.utils.serializer.KryoNamespace - class com.google.common.collect.ImmutableEntry registered as 35
00:27:45.250 [raft-server-2-state] TRACE i.a.utils.serializer.KryoNamespace - class com.google.common.collect.RegularImmutableSet registered as 21
00:27:45.250 [raft-server-3-state] TRACE i.a.utils.serializer.KryoNamespace - class java.util.Arrays$ArrayList registered as 36
00:27:45.250 [raft-server-2-state] TRACE i.a.utils.serializer.KryoNamespace - class com.google.common.collect.SingletonImmutableSet registered as 21
00:27:45.250 [raft-server-2-state] TRACE i.a.utils.serializer.KryoNamespace - class com.google.common.collect.RegularImmutableSet registered as 21
00:27:45.250 [raft-server-2-state] TRACE i.a.utils.serializer.KryoNamespace - class com.google.common.collect.ImmutableMap registered as 22
00:27:45.250 [raft-server-3-state] TRACE i.a.utils.serializer.KryoNamespace - class java.util.Collections$SingletonList registered as 37
00:27:45.250 [raft-server-2-state] TRACE i.a.utils.serializer.KryoNamespace - class com.google.common.collect.RegularImmutableMap registered as 22
00:27:45.250 [raft-server-3-state] TRACE i.a.utils.serializer.KryoNamespace - class java.time.Duration registered as 38
00:27:45.250 [raft-server-2-state] TRACE i.a.utils.serializer.KryoNamespace - class com.google.common.collect.RegularImmutableMap registered as 22
00:27:45.250 [raft-server-2-state] TRACE i.a.utils.serializer.KryoNamespace - class com.google.common.collect.RegularImmutableMap registered as 22
00:27:45.250 [raft-server-3-state] TRACE i.a.utils.serializer.KryoNamespace - class java.util.Collections$EmptySet registered as 39
00:27:45.250 [raft-server-2-state] TRACE i.a.utils.serializer.KryoNamespace - class java.util.Collections$UnmodifiableSet registered as 23
00:27:45.250 [raft-server-3-state] TRACE i.a.utils.serializer.KryoNamespace - class java.util.Optional registered as 40
00:27:45.250 [raft-server-2-state] TRACE i.a.utils.serializer.KryoNamespace - class java.util.HashMap registered as 24
00:27:45.250 [raft-server-3-state] TRACE i.a.utils.serializer.KryoNamespace - class java.util.Collections$EmptyList registered as 41
00:27:45.250 [raft-server-2-state] TRACE i.a.utils.serializer.KryoNamespace - class java.util.concurrent.ConcurrentHashMap registered as 25
00:27:45.250 [raft-server-3-state] TRACE i.a.utils.serializer.KryoNamespace - class java.util.Collections$SingletonSet registered as 42
00:27:45.250 [raft-server-2-state] TRACE i.a.utils.serializer.KryoNamespace - class java.util.concurrent.CopyOnWriteArraySet registered as 26
00:27:45.251 [raft-server-3-state] TRACE i.a.utils.serializer.KryoNamespace - class [I registered as 43
00:27:45.251 [raft-server-2-state] TRACE i.a.utils.serializer.KryoNamespace - class java.util.ArrayList registered as 27
00:27:45.251 [raft-server-3-state] TRACE i.a.utils.serializer.KryoNamespace - class [J registered as 44
00:27:45.251 [raft-server-2-state] TRACE i.a.utils.serializer.KryoNamespace - class java.util.LinkedList registered as 28
00:27:45.251 [raft-server-3-state] TRACE i.a.utils.serializer.KryoNamespace - class [S registered as 45
00:27:45.251 [raft-server-2-state] TRACE i.a.utils.serializer.KryoNamespace - class java.util.HashSet registered as 29
00:27:45.251 [raft-server-3-state] TRACE i.a.utils.serializer.KryoNamespace - class [D registered as 46
00:27:45.251 [raft-server-2-state] TRACE i.a.utils.serializer.KryoNamespace - class java.util.LinkedHashSet registered as 30
00:27:45.251 [raft-server-3-state] TRACE i.a.utils.serializer.KryoNamespace - class [F registered as 47
00:27:45.251 [raft-server-2-state] TRACE i.a.utils.serializer.KryoNamespace - class com.sun.jmx.remote.internal.ArrayQueue registered as 31
00:27:45.251 [raft-server-3-state] TRACE i.a.utils.serializer.KryoNamespace - class [C registered as 48
00:27:45.251 [raft-server-2-state] TRACE i.a.utils.serializer.KryoNamespace - class java.util.ArrayDeque registered as 32
00:27:45.251 [raft-server-3-state] TRACE i.a.utils.serializer.KryoNamespace - class [Ljava.lang.String; registered as 49
00:27:45.251 [raft-server-2-state] TRACE i.a.utils.serializer.KryoNamespace - class com.google.common.collect.HashMultiset registered as 33
00:27:45.251 [raft-server-2-state] TRACE i.a.utils.serializer.KryoNamespace - class com.google.common.collect.Sets registered as 34
00:27:45.251 [raft-server-3-state] TRACE i.a.utils.serializer.KryoNamespace - class [Z registered as 50
00:27:45.251 [raft-server-2-state] TRACE i.a.utils.serializer.KryoNamespace - class com.google.common.collect.ImmutableEntry registered as 35
00:27:45.251 [raft-server-3-state] TRACE i.a.utils.serializer.KryoNamespace - class [Ljava.lang.Object; registered as 51
00:27:45.251 [raft-server-2-state] TRACE i.a.utils.serializer.KryoNamespace - class java.util.Arrays$ArrayList registered as 36
00:27:45.251 [raft-server-3-state] TRACE i.a.utils.serializer.KryoNamespace - class io.atomix.primitive.service.ServiceConfig registered as 52
00:27:45.251 [raft-server-2-state] TRACE i.a.utils.serializer.KryoNamespace - class java.util.Collections$SingletonList registered as 37
00:27:45.251 [raft-server-2-state] TRACE i.a.utils.serializer.KryoNamespace - class java.time.Duration registered as 38
00:27:45.251 [raft-server-2-state] TRACE i.a.utils.serializer.KryoNamespace - class java.util.Collections$EmptySet registered as 39
00:27:45.251 [raft-server-2-state] TRACE i.a.utils.serializer.KryoNamespace - class java.util.Optional registered as 40
00:27:45.252 [raft-server-2-state] TRACE i.a.utils.serializer.KryoNamespace - class java.util.Collections$EmptyList registered as 41
00:27:45.252 [raft-server-3-state] DEBUG i.a.p.s.impl.DefaultServiceExecutor - PrimitiveService{2}{type=io.atomix.protocols.raft.RaftTest$TestPrimitiveType@192b3940, name=raft-test} - Registered operation callback DefaultOperationId{id=sendEvent, type=COMMAND}
00:27:45.252 [raft-server-2-state] TRACE i.a.utils.serializer.KryoNamespace - class java.util.Collections$SingletonSet registered as 42
00:27:45.252 [raft-server-3-state] DEBUG i.a.p.s.impl.DefaultServiceExecutor - PrimitiveService{2}{type=io.atomix.protocols.raft.RaftTest$TestPrimitiveType@192b3940, name=raft-test} - Registered operation callback DefaultOperationId{id=onClose, type=COMMAND}
00:27:45.252 [raft-server-2-state] TRACE i.a.utils.serializer.KryoNamespace - class [I registered as 43
00:27:45.252 [raft-server-3-state] DEBUG i.a.p.s.impl.DefaultServiceExecutor - PrimitiveService{2}{type=io.atomix.protocols.raft.RaftTest$TestPrimitiveType@192b3940, name=raft-test} - Registered operation callback DefaultOperationId{id=read, type=QUERY}
00:27:45.252 [raft-server-2-state] TRACE i.a.utils.serializer.KryoNamespace - class [J registered as 44
00:27:45.252 [raft-server-3-state] DEBUG i.a.p.s.impl.DefaultServiceExecutor - PrimitiveService{2}{type=io.atomix.protocols.raft.RaftTest$TestPrimitiveType@192b3940, name=raft-test} - Registered operation callback DefaultOperationId{id=onExpire, type=COMMAND}
00:27:45.252 [raft-server-2-state] TRACE i.a.utils.serializer.KryoNamespace - class [S registered as 45
00:27:45.252 [raft-server-3-state] DEBUG i.a.p.s.impl.DefaultServiceExecutor - PrimitiveService{2}{type=io.atomix.protocols.raft.RaftTest$TestPrimitiveType@192b3940, name=raft-test} - Registered operation callback DefaultOperationId{id=write, type=COMMAND}
00:27:45.252 [raft-server-2-state] TRACE i.a.utils.serializer.KryoNamespace - class [D registered as 46
00:27:45.252 [raft-server-2-state] TRACE i.a.utils.serializer.KryoNamespace - class [F registered as 47
00:27:45.252 [raft-server-3-state] TRACE i.a.utils.serializer.KryoNamespace - Creating Kryo instance for KryoNamespace{registeredBlocks=[RegistrationBlock{begin=16, types=[([Ljava.lang.Class;@357bc488,null), ([Ljava.lang.Class;@4ea17147,null), ([Ljava.lang.Class;@2eda4eeb,null), ([Ljava.lang.Class;@5ba90d8a,null), ([Ljava.lang.Class;@309dcdf3,io.atomix.utils.serializer.serializers.ImmutableListSerializer@7573b9ee), ([Ljava.lang.Class;@9a20cbd,io.atomix.utils.serializer.serializers.ImmutableSetSerializer@1af4955e), ([Ljava.lang.Class;@445821a6,io.atomix.utils.serializer.serializers.ImmutableMapSerializer@2c0c4c0a), ([Ljava.lang.Class;@35d26ad2,null), ([Ljava.lang.Class;@bb25753,null), ([Ljava.lang.Class;@ee21292,null), ([Ljava.lang.Class;@40c06358,null), ([Ljava.lang.Class;@66e21568,null), ([Ljava.lang.Class;@7f73ce28,null), ([Ljava.lang.Class;@611b35d6,null), ([Ljava.lang.Class;@2282400e,null), ([Ljava.lang.Class;@543d5863,null), ([Ljava.lang.Class;@35dece42,null), ([Ljava.lang.Class;@dd3f8aa,null), ([Ljava.lang.Class;@3d615b2e,null), ([Ljava.lang.Class;@3a1f2a1,null), ([Ljava.lang.Class;@40ce9049,io.atomix.utils.serializer.serializers.ArraysAsListSerializer@52ca2652), ([Ljava.lang.Class;@65c5bf0e,null), ([Ljava.lang.Class;@697d6ded,null), ([Ljava.lang.Class;@5d05f453,null), ([Ljava.lang.Class;@5efeb117,null), ([Ljava.lang.Class;@160b4809,null), ([Ljava.lang.Class;@149b4d20,null), ([Ljava.lang.Class;@664e848c,null), ([Ljava.lang.Class;@4d93f75b,null), ([Ljava.lang.Class;@114a5e0,null), ([Ljava.lang.Class;@4f281aaf,null), ([Ljava.lang.Class;@5d508d22,null), ([Ljava.lang.Class;@f2b90fc,null), ([Ljava.lang.Class;@2bb41f5c,null), ([Ljava.lang.Class;@24c685e7,null), ([Ljava.lang.Class;@7da635c0,null)]}, RegistrationBlock{begin=52, types=[([Ljava.lang.Class;@411c0aeb,null)]}]}
00:27:45.252 [raft-server-2-state] TRACE i.a.utils.serializer.KryoNamespace - class [C registered as 48
00:27:45.252 [raft-server-2-state] TRACE i.a.utils.serializer.KryoNamespace - class [Ljava.lang.String; registered as 49
00:27:45.252 [raft-server-3-state] TRACE i.a.utils.serializer.KryoNamespace - class [B registered as 16
00:27:45.252 [raft-server-2-state] TRACE i.a.utils.serializer.KryoNamespace - class [Z registered as 50
00:27:45.252 [raft-server-2-state] TRACE i.a.utils.serializer.KryoNamespace - class [Ljava.lang.Object; registered as 51
00:27:45.252 [raft-server-3-state] TRACE i.a.utils.serializer.KryoNamespace - class java.util.concurrent.atomic.AtomicBoolean registered as 17
00:27:45.252 [raft-server-2-state] TRACE i.a.utils.serializer.KryoNamespace - class io.atomix.primitive.service.ServiceConfig registered as 52
00:27:45.252 [raft-server-3-state] TRACE i.a.utils.serializer.KryoNamespace - class java.util.concurrent.atomic.AtomicInteger registered as 18
00:27:45.252 [raft-server-2-state] DEBUG i.a.p.r.service.RaftServiceContext - PrimitiveService{2}{type=io.atomix.protocols.raft.RaftTest$TestPrimitiveType@68be9fc, name=raft-test} - Opening session 2
00:27:45.252 [raft-server-3-state] TRACE i.a.utils.serializer.KryoNamespace - class java.util.concurrent.atomic.AtomicLong registered as 19
00:27:45.252 [raft-server-2-state] DEBUG i.a.p.raft.session.RaftSession - Session{2}{type=io.atomix.protocols.raft.RaftTest$TestPrimitiveType@68be9fc, name=raft-test} - State changed: OPEN
00:27:45.252 [raft-server-3-state] TRACE i.a.utils.serializer.KryoNamespace - class com.google.common.collect.ImmutableList registered as 20
00:27:45.253 [raft-server-3-state] TRACE i.a.utils.serializer.KryoNamespace - class com.google.common.collect.RegularImmutableList registered as 20
00:27:45.253 [raft-server-3-state] TRACE i.a.utils.serializer.KryoNamespace - class com.google.common.collect.RegularImmutableList registered as 20
00:27:45.253 [raft-server-3-state] TRACE i.a.utils.serializer.KryoNamespace - class com.google.common.collect.ImmutableList$SubList registered as 20
00:27:45.253 [raft-server-3-state] TRACE i.a.utils.serializer.KryoNamespace - class com.google.common.collect.ImmutableSet registered as 21
00:27:45.253 [raft-server-3-state] TRACE i.a.utils.serializer.KryoNamespace - class com.google.common.collect.RegularImmutableSet registered as 21
00:27:45.253 [raft-server-3-state] TRACE i.a.utils.serializer.KryoNamespace - class com.google.common.collect.SingletonImmutableSet registered as 21
00:27:45.253 [raft-server-3-state] TRACE i.a.utils.serializer.KryoNamespace - class com.google.common.collect.RegularImmutableSet registered as 21
00:27:45.253 [raft-server-3-state] TRACE i.a.utils.serializer.KryoNamespace - class com.google.common.collect.ImmutableMap registered as 22
00:27:45.253 [raft-server-3-state] TRACE i.a.utils.serializer.KryoNamespace - class com.google.common.collect.RegularImmutableMap registered as 22
00:27:45.253 [raft-server-3-state] TRACE i.a.utils.serializer.KryoNamespace - class com.google.common.collect.RegularImmutableMap registered as 22
00:27:45.253 [raft-server-3-state] TRACE i.a.utils.serializer.KryoNamespace - class com.google.common.collect.RegularImmutableMap registered as 22
00:27:45.253 [raft-server-3-state] TRACE i.a.utils.serializer.KryoNamespace - class java.util.Collections$UnmodifiableSet registered as 23
00:27:45.253 [raft-server-3-state] TRACE i.a.utils.serializer.KryoNamespace - class java.util.HashMap registered as 24
00:27:45.253 [raft-server-3-state] TRACE i.a.utils.serializer.KryoNamespace - class java.util.concurrent.ConcurrentHashMap registered as 25
00:27:45.253 [raft-server-3-state] TRACE i.a.utils.serializer.KryoNamespace - class java.util.concurrent.CopyOnWriteArraySet registered as 26
00:27:45.253 [raft-server-3-state] TRACE i.a.utils.serializer.KryoNamespace - class java.util.ArrayList registered as 27
00:27:45.253 [raft-server-3-state] TRACE i.a.utils.serializer.KryoNamespace - class java.util.LinkedList registered as 28
00:27:45.253 [raft-server-3-state] TRACE i.a.utils.serializer.KryoNamespace - class java.util.HashSet registered as 29
00:27:45.253 [raft-server-3-state] TRACE i.a.utils.serializer.KryoNamespace - class java.util.LinkedHashSet registered as 30
00:27:45.253 [raft-server-3-state] TRACE i.a.utils.serializer.KryoNamespace - class com.sun.jmx.remote.internal.ArrayQueue registered as 31
00:27:45.253 [raft-server-3-state] TRACE i.a.utils.serializer.KryoNamespace - class java.util.ArrayDeque registered as 32
00:27:45.253 [raft-server-3-state] TRACE i.a.utils.serializer.KryoNamespace - class com.google.common.collect.HashMultiset registered as 33
00:27:45.254 [raft-server-3-state] TRACE i.a.utils.serializer.KryoNamespace - class com.google.common.collect.Sets registered as 34
00:27:45.254 [raft-server-3-state] TRACE i.a.utils.serializer.KryoNamespace - class com.google.common.collect.ImmutableEntry registered as 35
00:27:45.254 [raft-server-3-state] TRACE i.a.utils.serializer.KryoNamespace - class java.util.Arrays$ArrayList registered as 36
00:27:45.254 [raft-server-3-state] TRACE i.a.utils.serializer.KryoNamespace - class java.util.Collections$SingletonList registered as 37
00:27:45.254 [raft-server-3-state] TRACE i.a.utils.serializer.KryoNamespace - class java.time.Duration registered as 38
00:27:45.254 [raft-server-3-state] TRACE i.a.utils.serializer.KryoNamespace - class java.util.Collections$EmptySet registered as 39
00:27:45.254 [raft-server-3-state] TRACE i.a.utils.serializer.KryoNamespace - class java.util.Optional registered as 40
00:27:45.254 [raft-server-3-state] TRACE i.a.utils.serializer.KryoNamespace - class java.util.Collections$EmptyList registered as 41
00:27:45.254 [raft-server-3-state] TRACE i.a.utils.serializer.KryoNamespace - class java.util.Collections$SingletonSet registered as 42
00:27:45.254 [raft-server-3-state] TRACE i.a.utils.serializer.KryoNamespace - class [I registered as 43
00:27:45.254 [raft-server-3-state] TRACE i.a.utils.serializer.KryoNamespace - class [J registered as 44
00:27:45.254 [raft-server-3-state] TRACE i.a.utils.serializer.KryoNamespace - class [S registered as 45
00:27:45.254 [raft-server-3-state] TRACE i.a.utils.serializer.KryoNamespace - class [D registered as 46
00:27:45.254 [raft-server-3-state] TRACE i.a.utils.serializer.KryoNamespace - class [F registered as 47
00:27:45.254 [raft-server-3-state] TRACE i.a.utils.serializer.KryoNamespace - class [C registered as 48
00:27:45.254 [raft-server-3-state] TRACE i.a.utils.serializer.KryoNamespace - class [Ljava.lang.String; registered as 49
00:27:45.254 [raft-server-3-state] TRACE i.a.utils.serializer.KryoNamespace - class [Z registered as 50
00:27:45.254 [raft-server-3-state] TRACE i.a.utils.serializer.KryoNamespace - class [Ljava.lang.Object; registered as 51
00:27:45.254 [raft-server-3-state] TRACE i.a.utils.serializer.KryoNamespace - class io.atomix.primitive.service.ServiceConfig registered as 52
00:27:45.255 [raft-server-3-state] DEBUG i.a.p.r.service.RaftServiceContext - PrimitiveService{2}{type=io.atomix.protocols.raft.RaftTest$TestPrimitiveType@192b3940, name=raft-test} - Opening session 2
00:27:45.255 [raft-server-3-state] DEBUG i.a.p.raft.session.RaftSession - Session{2}{type=io.atomix.protocols.raft.RaftTest$TestPrimitiveType@192b3940, name=raft-test} - State changed: OPEN
00:27:45.329 [raft-server-1] TRACE i.a.p.raft.roles.LeaderAppender - RaftServer{1} - Sending AppendRequest{term=1, leader=1, prevLogIndex=3, prevLogTerm=1, entries=0, commitIndex=3} to 3
00:27:45.329 [raft-server-1] TRACE i.a.p.raft.roles.LeaderAppender - RaftServer{1} - Received AppendResponse{status=OK, term=1, succeeded=true, lastLogIndex=3} from 2
00:27:45.330 [raft-server-1] TRACE i.a.p.raft.roles.LeaderAppender - RaftServer{1} - Sending AppendRequest{term=1, leader=1, prevLogIndex=3, prevLogTerm=1, entries=0, commitIndex=3} to 2
00:27:45.330 [raft-server-3] TRACE i.a.p.raft.roles.FollowerRole - RaftServer{3}{role=FOLLOWER} - Received AppendRequest{term=1, leader=1, prevLogIndex=3, prevLogTerm=1, entries=0, commitIndex=3}
00:27:45.330 [raft-server-1] TRACE i.a.protocols.raft.roles.LeaderRole - RaftServer{1}{role=LEADER} - Received CommandRequest{session=2, sequence=1, operation=PrimitiveOperation{id=DefaultOperationId{id=write, type=COMMAND}, value=byte[]{length=17, hash=-1644578928}}}
00:27:45.330 [raft-server-2] TRACE i.a.p.raft.roles.FollowerRole - RaftServer{2}{role=FOLLOWER} - Received AppendRequest{term=1, leader=1, prevLogIndex=3, prevLogTerm=1, entries=0, commitIndex=3}
00:27:45.330 [raft-server-1] TRACE i.a.protocols.raft.roles.LeaderRole - RaftServer{1}{role=LEADER} - Appended Indexed{index=4, entry=CommandEntry{term=1, timestamp=2018-06-10 12:27:45,330, session=2, sequence=1, operation=PrimitiveOperation{id=DefaultOperationId{id=write, type=COMMAND}, value=byte[]{length=17, hash=-1644578928}}}}
00:27:45.330 [raft-server-1-state] TRACE i.a.p.raft.impl.RaftServiceManager - RaftServer{1} - Applying Indexed{index=3, entry=KeepAliveEntry{term=1, timestamp=2018-06-10 12:27:45,117, sessionIds=long[]{length=1, hash=33}, commandSequences=long[]{length=1, hash=31}, eventIndexes=long[]{length=1, hash=33}}}
00:27:45.330 [raft-server-1] TRACE i.a.protocols.raft.roles.LeaderRole - RaftServer{1}{role=LEADER} - Sending KeepAliveResponse{status=OK, leader=1, members=[3, 1, 2], sessionIds=long[]{length=1, hash=33}}
00:27:45.371 [raft-server-3] TRACE i.a.p.raft.roles.FollowerRole - RaftServer{3}{role=FOLLOWER} - Committed entries up to index 3
00:27:45.371 [raft-server-3] TRACE i.a.p.raft.roles.FollowerRole - RaftServer{3}{role=FOLLOWER} - Sending AppendResponse{status=OK, term=1, succeeded=true, lastLogIndex=3}
00:27:45.371 [raft-server-2] TRACE i.a.p.raft.roles.FollowerRole - RaftServer{2}{role=FOLLOWER} - Committed entries up to index 3
00:27:45.371 [raft-server-3] TRACE i.a.p.raft.roles.FollowerRole - RaftServer{3}{role=FOLLOWER} - Sending KeepAliveResponse{status=OK, leader=1, members=[3, 1, 2], sessionIds=long[]{length=1, hash=33}}
00:27:45.371 [raft-server-2] TRACE i.a.p.raft.roles.FollowerRole - RaftServer{2}{role=FOLLOWER} - Sending AppendResponse{status=OK, term=1, succeeded=true, lastLogIndex=3}
00:27:45.371 [raft-server-1] TRACE i.a.p.raft.roles.LeaderAppender - RaftServer{1} - Received AppendResponse{status=OK, term=1, succeeded=true, lastLogIndex=3} from 3
00:27:45.371 [raft-server-2-state] TRACE i.a.p.raft.impl.RaftServiceManager - RaftServer{2} - Applying Indexed{index=3, entry=KeepAliveEntry{term=1, timestamp=2018-06-10 12:27:45,117, sessionIds=long[]{length=1, hash=33}, commandSequences=long[]{length=1, hash=31}, eventIndexes=long[]{length=1, hash=33}}}
00:27:45.371 [raft-server-1] TRACE i.a.p.raft.roles.LeaderAppender - RaftServer{1} - Sending AppendRequest{term=1, leader=1, prevLogIndex=3, prevLogTerm=1, entries=1, commitIndex=3} to 3
00:27:45.371 [raft-server-1] TRACE i.a.p.raft.roles.LeaderAppender - RaftServer{1} - Received AppendResponse{status=OK, term=1, succeeded=true, lastLogIndex=3} from 2
00:27:45.372 [raft-server-3] TRACE i.a.p.raft.roles.FollowerRole - RaftServer{3}{role=FOLLOWER} - Received AppendRequest{term=1, leader=1, prevLogIndex=3, prevLogTerm=1, entries=1, commitIndex=3}
00:27:45.372 [raft-server-3-state] TRACE i.a.p.raft.impl.RaftServiceManager - RaftServer{3} - Applying Indexed{index=3, entry=KeepAliveEntry{term=1, timestamp=2018-06-10 12:27:45,117, sessionIds=long[]{length=1, hash=33}, commandSequences=long[]{length=1, hash=31}, eventIndexes=long[]{length=1, hash=33}}}
00:27:45.372 [raft-server-1] TRACE i.a.p.raft.roles.LeaderAppender - RaftServer{1} - Sending AppendRequest{term=1, leader=1, prevLogIndex=3, prevLogTerm=1, entries=1, commitIndex=3} to 2
00:27:45.371 [raft-client-1f73cd99-b88c-4b59-9944-86684dacc85c-4] TRACE i.a.p.r.s.impl.RaftSessionConnection - RaftClient{1f73cd99-b88c-4b59-9944-86684dacc85c} - Received KeepAliveResponse{status=OK, leader=1, members=[3, 1, 2], sessionIds=long[]{length=1, hash=33}} from 3
00:27:45.372 [raft-server-3] TRACE i.a.p.raft.roles.FollowerRole - RaftServer{3}{role=FOLLOWER} - Appended Indexed{index=4, entry=CommandEntry{term=1, timestamp=2018-06-10 12:27:45,330, session=2, sequence=1, operation=PrimitiveOperation{id=DefaultOperationId{id=write, type=COMMAND}, value=byte[]{length=17, hash=-1644578928}}}}
00:27:45.372 [raft-server-2] TRACE i.a.p.raft.roles.FollowerRole - RaftServer{2}{role=FOLLOWER} - Received AppendRequest{term=1, leader=1, prevLogIndex=3, prevLogTerm=1, entries=1, commitIndex=3}
00:27:45.372 [raft-server-3] TRACE i.a.p.raft.roles.FollowerRole - RaftServer{3}{role=FOLLOWER} - Sending AppendResponse{status=OK, term=1, succeeded=true, lastLogIndex=4}
00:27:45.373 [raft-server-1] TRACE i.a.p.raft.roles.LeaderAppender - RaftServer{1} - Received AppendResponse{status=OK, term=1, succeeded=true, lastLogIndex=4} from 3
00:27:45.372 [raft-client-1f73cd99-b88c-4b59-9944-86684dacc85c-2] TRACE i.a.p.r.s.impl.RaftSessionConnection - SessionClient{2}{type=io.atomix.protocols.raft.RaftTest$TestPrimitiveType@7d0100ea, name=raft-test} - Sending CommandRequest{session=2, sequence=1, operation=PrimitiveOperation{id=DefaultOperationId{id=write, type=COMMAND}, value=byte[]{length=17, hash=-1644578928}}} to 3
00:27:45.373 [raft-server-1] TRACE i.a.p.raft.roles.LeaderAppender - RaftServer{1} - Committed entries up to 4
00:27:45.373 [raft-server-2] TRACE i.a.p.raft.roles.FollowerRole - RaftServer{2}{role=FOLLOWER} - Appended Indexed{index=4, entry=CommandEntry{term=1, timestamp=2018-06-10 12:27:45,330, session=2, sequence=1, operation=PrimitiveOperation{id=DefaultOperationId{id=write, type=COMMAND}, value=byte[]{length=17, hash=-1644578928}}}}
00:27:45.373 [raft-server-3] TRACE i.a.p.raft.roles.FollowerRole - RaftServer{3}{role=FOLLOWER} - Received CommandRequest{session=2, sequence=1, operation=PrimitiveOperation{id=DefaultOperationId{id=write, type=COMMAND}, value=byte[]{length=17, hash=-1644578928}}}
00:27:45.373 [raft-server-2] TRACE i.a.p.raft.roles.FollowerRole - RaftServer{2}{role=FOLLOWER} - Sending AppendResponse{status=OK, term=1, succeeded=true, lastLogIndex=4}
00:27:45.414 [raft-server-1] TRACE i.a.protocols.raft.roles.LeaderRole - RaftServer{1}{role=LEADER} - Received CommandRequest{session=2, sequence=1, operation=PrimitiveOperation{id=DefaultOperationId{id=write, type=COMMAND}, value=byte[]{length=17, hash=-1644578928}}}
00:27:45.414 [raft-server-1] TRACE i.a.protocols.raft.roles.LeaderRole - RaftServer{1}{role=LEADER} - Appended Indexed{index=5, entry=CommandEntry{term=1, timestamp=2018-06-10 12:27:45,414, session=2, sequence=1, operation=PrimitiveOperation{id=DefaultOperationId{id=write, type=COMMAND}, value=byte[]{length=17, hash=-1644578928}}}}
00:27:45.415 [raft-server-1] TRACE i.a.p.raft.roles.LeaderAppender - RaftServer{1} - Received AppendResponse{status=OK, term=1, succeeded=true, lastLogIndex=4} from 2
00:27:45.415 [raft-server-1] TRACE i.a.p.raft.roles.LeaderAppender - RaftServer{1} - Sending AppendRequest{term=1, leader=1, prevLogIndex=4, prevLogTerm=1, entries=1, commitIndex=4} to 2
00:27:45.415 [raft-server-2] TRACE i.a.p.raft.roles.FollowerRole - RaftServer{2}{role=FOLLOWER} - Received AppendRequest{term=1, leader=1, prevLogIndex=4, prevLogTerm=1, entries=1, commitIndex=4}
00:27:45.415 [raft-server-1] TRACE i.a.p.raft.roles.LeaderAppender - RaftServer{1} - Sending AppendRequest{term=1, leader=1, prevLogIndex=4, prevLogTerm=1, entries=1, commitIndex=4} to 3
00:27:45.415 [raft-server-3] TRACE i.a.p.raft.roles.FollowerRole - RaftServer{3}{role=FOLLOWER} - Received AppendRequest{term=1, leader=1, prevLogIndex=4, prevLogTerm=1, entries=1, commitIndex=4}
00:27:45.415 [raft-server-2] TRACE i.a.p.raft.roles.FollowerRole - RaftServer{2}{role=FOLLOWER} - Appended Indexed{index=5, entry=CommandEntry{term=1, timestamp=2018-06-10 12:27:45,414, session=2, sequence=1, operation=PrimitiveOperation{id=DefaultOperationId{id=write, type=COMMAND}, value=byte[]{length=17, hash=-1644578928}}}}
00:27:45.415 [raft-server-1-state] TRACE i.a.p.raft.impl.RaftServiceManager - RaftServer{1} - Applying Indexed{index=4, entry=CommandEntry{term=1, timestamp=2018-06-10 12:27:45,330, session=2, sequence=1, operation=PrimitiveOperation{id=DefaultOperationId{id=write, type=COMMAND}, value=byte[]{length=17, hash=-1644578928}}}}
00:27:45.415 [raft-server-3] TRACE i.a.p.raft.roles.FollowerRole - RaftServer{3}{role=FOLLOWER} - Appended Indexed{index=5, entry=CommandEntry{term=1, timestamp=2018-06-10 12:27:45,414, session=2, sequence=1, operation=PrimitiveOperation{id=DefaultOperationId{id=write, type=COMMAND}, value=byte[]{length=17, hash=-1644578928}}}}
00:27:45.415 [raft-server-1-state] TRACE i.a.p.s.impl.DefaultServiceExecutor - PrimitiveService{2}{type=io.atomix.protocols.raft.RaftTest$TestPrimitiveType@f170389, name=raft-test} - Executing DefaultCommit{index=4, session=RaftSession{RaftServiceContext{server=1, type=io.atomix.protocols.raft.RaftTest$TestPrimitiveType@f170389, name=raft-test, id=2}, session=2, timestamp=2018-06-10 12:27:45,330}, time=2018-06-10 12:27:45,330, operation=DefaultOperationId{id=write, type=COMMAND}, value=byte[]{length=17, hash=-1644578928}}
00:27:45.415 [raft-server-1-state] TRACE i.a.protocols.raft.roles.LeaderRole - RaftServer{1}{role=LEADER} - Sending CommandResponse{status=OK, index=4, eventIndex=2, result=byte[]{length=2, hash=1248}}
00:27:45.464 [raft-server-2] TRACE i.a.p.raft.roles.FollowerRole - RaftServer{2}{role=FOLLOWER} - Committed entries up to index 4
00:27:45.464 [raft-server-2] TRACE i.a.p.raft.roles.FollowerRole - RaftServer{2}{role=FOLLOWER} - Sending AppendResponse{status=OK, term=1, succeeded=true, lastLogIndex=5}
00:27:45.464 [raft-server-3] TRACE i.a.p.raft.roles.FollowerRole - RaftServer{3}{role=FOLLOWER} - Committed entries up to index 4
00:27:45.464 [raft-server-3] TRACE i.a.p.raft.roles.FollowerRole - RaftServer{3}{role=FOLLOWER} - Sending AppendResponse{status=OK, term=1, succeeded=true, lastLogIndex=5}
00:27:45.464 [raft-server-1] TRACE i.a.p.raft.roles.LeaderAppender - RaftServer{1} - Received AppendResponse{status=OK, term=1, succeeded=true, lastLogIndex=5} from 2
00:27:45.464 [raft-server-3] TRACE i.a.p.raft.roles.FollowerRole - RaftServer{3}{role=FOLLOWER} - Sending CommandResponse{status=OK, index=4, eventIndex=2, result=byte[]{length=2, hash=1248}}
00:27:45.464 [raft-server-2-state] TRACE i.a.p.raft.impl.RaftServiceManager - RaftServer{2} - Applying Indexed{index=4, entry=CommandEntry{term=1, timestamp=2018-06-10 12:27:45,330, session=2, sequence=1, operation=PrimitiveOperation{id=DefaultOperationId{id=write, type=COMMAND}, value=byte[]{length=17, hash=-1644578928}}}}
00:27:45.465 [raft-server-1] TRACE i.a.p.raft.roles.LeaderAppender - RaftServer{1} - Committed entries up to 5
00:27:45.465 [raft-client-1f73cd99-b88c-4b59-9944-86684dacc85c-1] TRACE i.a.p.r.s.impl.RaftSessionConnection - SessionClient{2}{type=io.atomix.protocols.raft.RaftTest$TestPrimitiveType@7d0100ea, name=raft-test} - Received CommandResponse{status=OK, index=4, eventIndex=2, result=byte[]{length=2, hash=1248}} from 3
00:27:45.465 [raft-server-2-state] TRACE i.a.p.s.impl.DefaultServiceExecutor - PrimitiveService{2}{type=io.atomix.protocols.raft.RaftTest$TestPrimitiveType@68be9fc, name=raft-test} - Executing DefaultCommit{index=4, session=RaftSession{RaftServiceContext{server=2, type=io.atomix.protocols.raft.RaftTest$TestPrimitiveType@68be9fc, name=raft-test, id=2}, session=2, timestamp=2018-06-10 12:27:45,330}, time=2018-06-10 12:27:45,330, operation=DefaultOperationId{id=write, type=COMMAND}, value=byte[]{length=17, hash=-1644578928}}
00:27:45.465 [raft-client-1f73cd99-b88c-4b59-9944-86684dacc85c-1] TRACE i.a.p.r.s.impl.RaftSessionSequencer - SessionClient{2}{type=io.atomix.protocols.raft.RaftTest$TestPrimitiveType@7d0100ea, name=raft-test} - Completing response CommandResponse{status=OK, index=4, eventIndex=2, result=byte[]{length=2, hash=1248}}
00:27:45.465 [raft-server-3-state] TRACE i.a.p.raft.impl.RaftServiceManager - RaftServer{3} - Applying Indexed{index=4, entry=CommandEntry{term=1, timestamp=2018-06-10 12:27:45,330, session=2, sequence=1, operation=PrimitiveOperation{id=DefaultOperationId{id=write, type=COMMAND}, value=byte[]{length=17, hash=-1644578928}}}}
00:27:45.465 [raft-server-3-state] TRACE i.a.p.s.impl.DefaultServiceExecutor - PrimitiveService{2}{type=io.atomix.protocols.raft.RaftTest$TestPrimitiveType@192b3940, name=raft-test} - Executing DefaultCommit{index=4, session=RaftSession{RaftServiceContext{server=3, type=io.atomix.protocols.raft.RaftTest$TestPrimitiveType@192b3940, name=raft-test, id=2}, session=2, timestamp=2018-06-10 12:27:45,330}, time=2018-06-10 12:27:45,330, operation=DefaultOperationId{id=write, type=COMMAND}, value=byte[]{length=17, hash=-1644578928}}
00:27:45.466 [raft-client-1f73cd99-b88c-4b59-9944-86684dacc85c-1] TRACE i.a.p.r.s.impl.RaftSessionConnection - SessionClient{2}{type=io.atomix.protocols.raft.RaftTest$TestPrimitiveType@7d0100ea, name=raft-test} - Sending CommandRequest{session=2, sequence=2, operation=PrimitiveOperation{id=DefaultOperationId{id=write, type=COMMAND}, value=byte[]{length=17, hash=-1644578928}}} to 3
00:27:45.466 [raft-server-3] TRACE i.a.p.raft.roles.FollowerRole - RaftServer{3}{role=FOLLOWER} - Received CommandRequest{session=2, sequence=2, operation=PrimitiveOperation{id=DefaultOperationId{id=write, type=COMMAND}, value=byte[]{length=17, hash=-1644578928}}}
00:27:45.514 [raft-server-1] TRACE i.a.p.raft.roles.LeaderAppender - RaftServer{1} - Sending AppendRequest{term=1, leader=1, prevLogIndex=5, prevLogTerm=1, entries=0, commitIndex=5} to 2
00:27:45.514 [raft-server-1] TRACE i.a.p.raft.roles.LeaderAppender - RaftServer{1} - Received AppendResponse{status=OK, term=1, succeeded=true, lastLogIndex=5} from 3
00:27:45.514 [raft-server-2] TRACE i.a.p.raft.roles.FollowerRole - RaftServer{2}{role=FOLLOWER} - Received AppendRequest{term=1, leader=1, prevLogIndex=5, prevLogTerm=1, entries=0, commitIndex=5}
00:27:45.515 [raft-server-1] TRACE i.a.p.raft.roles.LeaderAppender - RaftServer{1} - Sending AppendRequest{term=1, leader=1, prevLogIndex=5, prevLogTerm=1, entries=0, commitIndex=5} to 3
00:27:45.515 [raft-server-1] TRACE i.a.protocols.raft.roles.LeaderRole - RaftServer{1}{role=LEADER} - Received CommandRequest{session=2, sequence=2, operation=PrimitiveOperation{id=DefaultOperationId{id=write, type=COMMAND}, value=byte[]{length=17, hash=-1644578928}}}
00:27:45.515 [raft-server-3] TRACE i.a.p.raft.roles.FollowerRole - RaftServer{3}{role=FOLLOWER} - Received AppendRequest{term=1, leader=1, prevLogIndex=5, prevLogTerm=1, entries=0, commitIndex=5}
00:27:45.515 [raft-server-1] TRACE i.a.protocols.raft.roles.LeaderRole - RaftServer{1}{role=LEADER} - Appended Indexed{index=6, entry=CommandEntry{term=1, timestamp=2018-06-10 12:27:45,515, session=2, sequence=2, operation=PrimitiveOperation{id=DefaultOperationId{id=write, type=COMMAND}, value=byte[]{length=17, hash=-1644578928}}}}
00:27:45.515 [raft-server-1-state] TRACE i.a.p.raft.impl.RaftServiceManager - RaftServer{1} - Applying Indexed{index=5, entry=CommandEntry{term=1, timestamp=2018-06-10 12:27:45,414, session=2, sequence=1, operation=PrimitiveOperation{id=DefaultOperationId{id=write, type=COMMAND}, value=byte[]{length=17, hash=-1644578928}}}}
00:27:45.515 [raft-server-1-state] TRACE i.a.p.r.service.RaftServiceContext - PrimitiveService{2}{type=io.atomix.protocols.raft.RaftTest$TestPrimitiveType@f170389, name=raft-test} - Returning cached result for command with sequence number 1 < 2
00:27:45.515 [raft-server-1-state] TRACE i.a.protocols.raft.roles.LeaderRole - RaftServer{1}{role=LEADER} - Sending CommandResponse{status=OK, index=4, eventIndex=2, result=byte[]{length=2, hash=1248}}
00:27:45.554 [raft-server-2] TRACE i.a.p.raft.roles.FollowerRole - RaftServer{2}{role=FOLLOWER} - Committed entries up to index 5
00:27:45.554 [raft-server-2] TRACE i.a.p.raft.roles.FollowerRole - RaftServer{2}{role=FOLLOWER} - Sending AppendResponse{status=OK, term=1, succeeded=true, lastLogIndex=5}
00:27:45.555 [raft-server-1] TRACE i.a.p.raft.roles.LeaderAppender - RaftServer{1} - Received AppendResponse{status=OK, term=1, succeeded=true, lastLogIndex=5} from 2
00:27:45.555 [raft-server-1] TRACE i.a.p.raft.roles.LeaderAppender - RaftServer{1} - Sending AppendRequest{term=1, leader=1, prevLogIndex=5, prevLogTerm=1, entries=1, commitIndex=5} to 2
00:27:45.555 [raft-server-2-state] TRACE i.a.p.raft.impl.RaftServiceManager - RaftServer{2} - Applying Indexed{index=5, entry=CommandEntry{term=1, timestamp=2018-06-10 12:27:45,414, session=2, sequence=1, operation=PrimitiveOperation{id=DefaultOperationId{id=write, type=COMMAND}, value=byte[]{length=17, hash=-1644578928}}}}
00:27:45.555 [raft-server-2] TRACE i.a.p.raft.roles.FollowerRole - RaftServer{2}{role=FOLLOWER} - Received AppendRequest{term=1, leader=1, prevLogIndex=5, prevLogTerm=1, entries=1, commitIndex=5}
00:27:45.555 [raft-server-2-state] TRACE i.a.p.r.service.RaftServiceContext - PrimitiveService{2}{type=io.atomix.protocols.raft.RaftTest$TestPrimitiveType@68be9fc, name=raft-test} - Returning cached result for command with sequence number 1 < 2
00:27:45.555 [raft-server-2] TRACE i.a.p.raft.roles.FollowerRole - RaftServer{2}{role=FOLLOWER} - Appended Indexed{index=6, entry=CommandEntry{term=1, timestamp=2018-06-10 12:27:45,515, session=2, sequence=2, operation=PrimitiveOperation{id=DefaultOperationId{id=write, type=COMMAND}, value=byte[]{length=17, hash=-1644578928}}}}
00:27:45.555 [raft-server-2] TRACE i.a.p.raft.roles.FollowerRole - RaftServer{2}{role=FOLLOWER} - Sending AppendResponse{status=OK, term=1, succeeded=true, lastLogIndex=6}
00:27:45.555 [raft-server-1] TRACE i.a.p.raft.roles.LeaderAppender - RaftServer{1} - Received AppendResponse{status=OK, term=1, succeeded=true, lastLogIndex=6} from 2
00:27:45.555 [raft-server-1] TRACE i.a.p.raft.roles.LeaderAppender - RaftServer{1} - Committed entries up to 6
00:27:45.596 [raft-server-3] TRACE i.a.p.raft.roles.FollowerRole - RaftServer{3}{role=FOLLOWER} - Committed entries up to index 5
00:27:45.596 [raft-server-3] TRACE i.a.p.raft.roles.FollowerRole - RaftServer{3}{role=FOLLOWER} - Sending AppendResponse{status=OK, term=1, succeeded=true, lastLogIndex=5}
00:27:45.596 [raft-server-3] TRACE i.a.p.raft.roles.FollowerRole - RaftServer{3}{role=FOLLOWER} - Sending CommandResponse{status=OK, index=4, eventIndex=2, result=byte[]{length=2, hash=1248}}
00:27:45.596 [raft-client-1f73cd99-b88c-4b59-9944-86684dacc85c-0] TRACE i.a.p.r.s.impl.RaftSessionConnection - SessionClient{2}{type=io.atomix.protocols.raft.RaftTest$TestPrimitiveType@7d0100ea, name=raft-test} - Received CommandResponse{status=OK, index=4, eventIndex=2, result=byte[]{length=2, hash=1248}} from 3
00:27:45.596 [raft-server-3-state] TRACE i.a.p.raft.impl.RaftServiceManager - RaftServer{3} - Applying Indexed{index=5, entry=CommandEntry{term=1, timestamp=2018-06-10 12:27:45,414, session=2, sequence=1, operation=PrimitiveOperation{id=DefaultOperationId{id=write, type=COMMAND}, value=byte[]{length=17, hash=-1644578928}}}}
00:27:45.596 [raft-server-3-state] TRACE i.a.p.r.service.RaftServiceContext - PrimitiveService{2}{type=io.atomix.protocols.raft.RaftTest$TestPrimitiveType@192b3940, name=raft-test} - Returning cached result for command with sequence number 1 < 2
00:27:45.631 [raft-server-1] TRACE i.a.p.raft.roles.LeaderAppender - RaftServer{1} - Received AppendResponse{status=OK, term=1, succeeded=true, lastLogIndex=5} from 3
00:27:45.631 [raft-server-1] TRACE i.a.p.raft.roles.LeaderAppender - RaftServer{1} - Sending AppendRequest{term=1, leader=1, prevLogIndex=5, prevLogTerm=1, entries=1, commitIndex=6} to 3
00:27:45.631 [raft-server-3] TRACE i.a.p.raft.roles.FollowerRole - RaftServer{3}{role=FOLLOWER} - Received AppendRequest{term=1, leader=1, prevLogIndex=5, prevLogTerm=1, entries=1, commitIndex=6}
00:27:45.631 [raft-server-1-state] TRACE i.a.p.raft.impl.RaftServiceManager - RaftServer{1} - Applying Indexed{index=6, entry=CommandEntry{term=1, timestamp=2018-06-10 12:27:45,515, session=2, sequence=2, operation=PrimitiveOperation{id=DefaultOperationId{id=write, type=COMMAND}, value=byte[]{length=17, hash=-1644578928}}}}
00:27:45.631 [raft-server-1-state] TRACE i.a.p.s.impl.DefaultServiceExecutor - PrimitiveService{2}{type=io.atomix.protocols.raft.RaftTest$TestPrimitiveType@f170389, name=raft-test} - Executing DefaultCommit{index=6, session=RaftSession{RaftServiceContext{server=1, type=io.atomix.protocols.raft.RaftTest$TestPrimitiveType@f170389, name=raft-test, id=2}, session=2, timestamp=2018-06-10 12:27:45,515}, time=2018-06-10 12:27:45,515, operation=DefaultOperationId{id=write, type=COMMAND}, value=byte[]{length=17, hash=-1644578928}}
00:27:45.631 [raft-server-3] TRACE i.a.p.raft.roles.FollowerRole - RaftServer{3}{role=FOLLOWER} - Appended Indexed{index=6, entry=CommandEntry{term=1, timestamp=2018-06-10 12:27:45,515, session=2, sequence=2, operation=PrimitiveOperation{id=DefaultOperationId{id=write, type=COMMAND}, value=byte[]{length=17, hash=-1644578928}}}}
00:27:45.632 [raft-server-1-state] TRACE i.a.protocols.raft.roles.LeaderRole - RaftServer{1}{role=LEADER} - Sending CommandResponse{status=OK, index=6, eventIndex=2, result=byte[]{length=2, hash=1252}}
00:27:45.657 [raft-server-1] TRACE i.a.p.raft.roles.LeaderAppender - RaftServer{1} - Sending AppendRequest{term=1, leader=1, prevLogIndex=6, prevLogTerm=1, entries=0, commitIndex=6} to 2
00:27:45.658 [raft-server-2] TRACE i.a.p.raft.roles.FollowerRole - RaftServer{2}{role=FOLLOWER} - Received AppendRequest{term=1, leader=1, prevLogIndex=6, prevLogTerm=1, entries=0, commitIndex=6}
00:27:45.664 [raft-server-3] TRACE i.a.p.raft.roles.FollowerRole - RaftServer{3}{role=FOLLOWER} - Committed entries up to index 6
00:27:45.664 [raft-server-3] TRACE i.a.p.raft.roles.FollowerRole - RaftServer{3}{role=FOLLOWER} - Sending AppendResponse{status=OK, term=1, succeeded=true, lastLogIndex=6}
00:27:45.664 [raft-server-3] TRACE i.a.p.raft.roles.FollowerRole - RaftServer{3}{role=FOLLOWER} - Sending CommandResponse{status=OK, index=6, eventIndex=2, result=byte[]{length=2, hash=1252}}
00:27:45.664 [raft-server-1] TRACE i.a.p.raft.roles.LeaderAppender - RaftServer{1} - Received AppendResponse{status=OK, term=1, succeeded=true, lastLogIndex=6} from 3
00:27:45.665 [raft-client-1f73cd99-b88c-4b59-9944-86684dacc85c-5] TRACE i.a.p.r.s.impl.RaftSessionConnection - SessionClient{2}{type=io.atomix.protocols.raft.RaftTest$TestPrimitiveType@7d0100ea, name=raft-test} - Received CommandResponse{status=OK, index=6, eventIndex=2, result=byte[]{length=2, hash=1252}} from 3
00:27:45.665 [raft-server-1] TRACE i.a.p.raft.roles.LeaderAppender - RaftServer{1} - Sending AppendRequest{term=1, leader=1, prevLogIndex=6, prevLogTerm=1, entries=0, commitIndex=6} to 3
00:27:45.665 [raft-server-3-state] TRACE i.a.p.raft.impl.RaftServiceManager - RaftServer{3} - Applying Indexed{index=6, entry=CommandEntry{term=1, timestamp=2018-06-10 12:27:45,515, session=2, sequence=2, operation=PrimitiveOperation{id=DefaultOperationId{id=write, type=COMMAND}, value=byte[]{length=17, hash=-1644578928}}}}
00:27:45.665 [raft-client-1f73cd99-b88c-4b59-9944-86684dacc85c-5] TRACE i.a.p.r.s.impl.RaftSessionSequencer - SessionClient{2}{type=io.atomix.protocols.raft.RaftTest$TestPrimitiveType@7d0100ea, name=raft-test} - Completing response CommandResponse{status=OK, index=6, eventIndex=2, result=byte[]{length=2, hash=1252}}
00:27:45.665 [raft-server-3] TRACE i.a.p.raft.roles.FollowerRole - RaftServer{3}{role=FOLLOWER} - Received AppendRequest{term=1, leader=1, prevLogIndex=6, prevLogTerm=1, entries=0, commitIndex=6}
00:27:45.665 [raft-server-3-state] TRACE i.a.p.s.impl.DefaultServiceExecutor - PrimitiveService{2}{type=io.atomix.protocols.raft.RaftTest$TestPrimitiveType@192b3940, name=raft-test} - Executing DefaultCommit{index=6, session=RaftSession{RaftServiceContext{server=3, type=io.atomix.protocols.raft.RaftTest$TestPrimitiveType@192b3940, name=raft-test, id=2}, session=2, timestamp=2018-06-10 12:27:45,515}, time=2018-06-10 12:27:45,515, operation=DefaultOperationId{id=write, type=COMMAND}, value=byte[]{length=17, hash=-1644578928}}
00:27:45.665 [raft-server-3] TRACE i.a.p.raft.roles.FollowerRole - RaftServer{3}{role=FOLLOWER} - Sending AppendResponse{status=OK, term=1, succeeded=true, lastLogIndex=6}
00:27:45.665 [raft-server-1] TRACE i.a.p.raft.roles.LeaderAppender - RaftServer{1} - Received AppendResponse{status=OK, term=1, succeeded=true, lastLogIndex=6} from 3
00:27:45.665 [raft-client-1f73cd99-b88c-4b59-9944-86684dacc85c-4] TRACE i.a.p.r.s.impl.RaftSessionConnection - SessionClient{2}{type=io.atomix.protocols.raft.RaftTest$TestPrimitiveType@7d0100ea, name=raft-test} - Sending CommandRequest{session=2, sequence=3, operation=PrimitiveOperation{id=DefaultOperationId{id=write, type=COMMAND}, value=byte[]{length=17, hash=-1644578928}}} to 3
00:27:45.665 [raft-server-3] TRACE i.a.p.raft.roles.FollowerRole - RaftServer{3}{role=FOLLOWER} - Received CommandRequest{session=2, sequence=3, operation=PrimitiveOperation{id=DefaultOperationId{id=write, type=COMMAND}, value=byte[]{length=17, hash=-1644578928}}}
00:27:45.665 [raft-server-1] TRACE i.a.protocols.raft.roles.LeaderRole - RaftServer{1}{role=LEADER} - Received CommandRequest{session=2, sequence=3, operation=PrimitiveOperation{id=DefaultOperationId{id=write, type=COMMAND}, value=byte[]{length=17, hash=-1644578928}}}
00:27:45.665 [raft-server-1] TRACE i.a.protocols.raft.roles.LeaderRole - RaftServer{1}{role=LEADER} - Appended Indexed{index=7, entry=CommandEntry{term=1, timestamp=2018-06-10 12:27:45,665, session=2, sequence=3, operation=PrimitiveOperation{id=DefaultOperationId{id=write, type=COMMAND}, value=byte[]{length=17, hash=-1644578928}}}}
00:27:45.665 [raft-server-1] TRACE i.a.p.raft.roles.LeaderAppender - RaftServer{1} - Sending AppendRequest{term=1, leader=1, prevLogIndex=6, prevLogTerm=1, entries=1, commitIndex=6} to 3
00:27:45.665 [raft-server-3] TRACE i.a.p.raft.roles.FollowerRole - RaftServer{3}{role=FOLLOWER} - Received AppendRequest{term=1, leader=1, prevLogIndex=6, prevLogTerm=1, entries=1, commitIndex=6}
00:27:45.666 [raft-server-3] TRACE i.a.p.raft.roles.FollowerRole - RaftServer{3}{role=FOLLOWER} - Appended Indexed{index=7, entry=CommandEntry{term=1, timestamp=2018-06-10 12:27:45,665, session=2, sequence=3, operation=PrimitiveOperation{id=DefaultOperationId{id=write, type=COMMAND}, value=byte[]{length=17, hash=-1644578928}}}}
00:27:45.666 [raft-server-3] TRACE i.a.p.raft.roles.FollowerRole - RaftServer{3}{role=FOLLOWER} - Sending AppendResponse{status=OK, term=1, succeeded=true, lastLogIndex=7}
00:27:45.666 [raft-server-1] TRACE i.a.p.raft.roles.LeaderAppender - RaftServer{1} - Received AppendResponse{status=OK, term=1, succeeded=true, lastLogIndex=7} from 3
00:27:45.666 [raft-server-1] TRACE i.a.p.raft.roles.LeaderAppender - RaftServer{1} - Committed entries up to 7
00:27:45.721 [raft-server-2] TRACE i.a.p.raft.roles.FollowerRole - RaftServer{2}{role=FOLLOWER} - Committed entries up to index 6
00:27:45.721 [raft-server-2] TRACE i.a.p.raft.roles.FollowerRole - RaftServer{2}{role=FOLLOWER} - Sending AppendResponse{status=OK, term=1, succeeded=true, lastLogIndex=6}
00:27:45.721 [raft-server-2-state] TRACE i.a.p.raft.impl.RaftServiceManager - RaftServer{2} - Applying Indexed{index=6, entry=CommandEntry{term=1, timestamp=2018-06-10 12:27:45,515, session=2, sequence=2, operation=PrimitiveOperation{id=DefaultOperationId{id=write, type=COMMAND}, value=byte[]{length=17, hash=-1644578928}}}}
00:27:45.721 [raft-server-2-state] TRACE i.a.p.s.impl.DefaultServiceExecutor - PrimitiveService{2}{type=io.atomix.protocols.raft.RaftTest$TestPrimitiveType@68be9fc, name=raft-test} - Executing DefaultCommit{index=6, session=RaftSession{RaftServiceContext{server=2, type=io.atomix.protocols.raft.RaftTest$TestPrimitiveType@68be9fc, name=raft-test, id=2}, session=2, timestamp=2018-06-10 12:27:45,515}, time=2018-06-10 12:27:45,515, operation=DefaultOperationId{id=write, type=COMMAND}, value=byte[]{length=17, hash=-1644578928}}
00:27:45.771 [raft-server-1] TRACE i.a.p.raft.roles.LeaderAppender - RaftServer{1} - Received AppendResponse{status=OK, term=1, succeeded=true, lastLogIndex=6} from 2
00:27:45.771 [raft-server-1] TRACE i.a.p.raft.roles.LeaderAppender - RaftServer{1} - Sending AppendRequest{term=1, leader=1, prevLogIndex=6, prevLogTerm=1, entries=1, commitIndex=7} to 2
00:27:45.771 [raft-server-2] TRACE i.a.p.raft.roles.FollowerRole - RaftServer{2}{role=FOLLOWER} - Received AppendRequest{term=1, leader=1, prevLogIndex=6, prevLogTerm=1, entries=1, commitIndex=7}
00:27:45.771 [raft-server-1-state] TRACE i.a.p.raft.impl.RaftServiceManager - RaftServer{1} - Applying Indexed{index=7, entry=CommandEntry{term=1, timestamp=2018-06-10 12:27:45,665, session=2, sequence=3, operation=PrimitiveOperation{id=DefaultOperationId{id=write, type=COMMAND}, value=byte[]{length=17, hash=-1644578928}}}}
00:27:45.771 [raft-server-1-state] TRACE i.a.p.s.impl.DefaultServiceExecutor - PrimitiveService{2}{type=io.atomix.protocols.raft.RaftTest$TestPrimitiveType@f170389, name=raft-test} - Executing DefaultCommit{index=7, session=RaftSession{RaftServiceContext{server=1, type=io.atomix.protocols.raft.RaftTest$TestPrimitiveType@f170389, name=raft-test, id=2}, session=2, timestamp=2018-06-10 12:27:45,665}, time=2018-06-10 12:27:45,665, operation=DefaultOperationId{id=write, type=COMMAND}, value=byte[]{length=17, hash=-1644578928}}
00:27:45.772 [raft-server-2] TRACE i.a.p.raft.roles.FollowerRole - RaftServer{2}{role=FOLLOWER} - Appended Indexed{index=7, entry=CommandEntry{term=1, timestamp=2018-06-10 12:27:45,665, session=2, sequence=3, operation=PrimitiveOperation{id=DefaultOperationId{id=write, type=COMMAND}, value=byte[]{length=17, hash=-1644578928}}}}
00:27:45.772 [raft-server-1-state] TRACE i.a.protocols.raft.roles.LeaderRole - RaftServer{1}{role=LEADER} - Sending CommandResponse{status=OK, index=7, eventIndex=2, result=byte[]{length=2, hash=1254}}
00:27:45.772 [raft-server-3] TRACE i.a.p.raft.roles.FollowerRole - RaftServer{3}{role=FOLLOWER} - Sending CommandResponse{status=OK, index=7, eventIndex=2, result=byte[]{length=2, hash=1254}}
00:27:45.772 [raft-client-1f73cd99-b88c-4b59-9944-86684dacc85c-2] TRACE i.a.p.r.s.impl.RaftSessionConnection - SessionClient{2}{type=io.atomix.protocols.raft.RaftTest$TestPrimitiveType@7d0100ea, name=raft-test} - Received CommandResponse{status=OK, index=7, eventIndex=2, result=byte[]{length=2, hash=1254}} from 3
00:27:45.772 [raft-client-1f73cd99-b88c-4b59-9944-86684dacc85c-2] TRACE i.a.p.r.s.impl.RaftSessionSequencer - SessionClient{2}{type=io.atomix.protocols.raft.RaftTest$TestPrimitiveType@7d0100ea, name=raft-test} - Completing response CommandResponse{status=OK, index=7, eventIndex=2, result=byte[]{length=2, hash=1254}}
00:27:45.772 [raft-client-1f73cd99-b88c-4b59-9944-86684dacc85c-2] TRACE i.a.p.r.s.impl.RaftSessionConnection - SessionClient{2}{type=io.atomix.protocols.raft.RaftTest$TestPrimitiveType@7d0100ea, name=raft-test} - Sending CommandRequest{session=2, sequence=4, operation=PrimitiveOperation{id=DefaultOperationId{id=write, type=COMMAND}, value=byte[]{length=17, hash=-1644578928}}} to 3
00:27:45.772 [raft-server-3] TRACE i.a.p.raft.roles.FollowerRole - RaftServer{3}{role=FOLLOWER} - Received CommandRequest{session=2, sequence=4, operation=PrimitiveOperation{id=DefaultOperationId{id=write, type=COMMAND}, value=byte[]{length=17, hash=-1644578928}}}
00:27:45.772 [raft-server-1] TRACE i.a.protocols.raft.roles.LeaderRole - RaftServer{1}{role=LEADER} - Received CommandRequest{session=2, sequence=4, operation=PrimitiveOperation{id=DefaultOperationId{id=write, type=COMMAND}, value=byte[]{length=17, hash=-1644578928}}}
00:27:45.773 [raft-server-1] TRACE i.a.protocols.raft.roles.LeaderRole - RaftServer{1}{role=LEADER} - Appended Indexed{index=8, entry=CommandEntry{term=1, timestamp=2018-06-10 12:27:45,772, session=2, sequence=4, operation=PrimitiveOperation{id=DefaultOperationId{id=write, type=COMMAND}, value=byte[]{length=17, hash=-1644578928}}}}
00:27:45.773 [raft-server-1] TRACE i.a.p.raft.roles.LeaderAppender - RaftServer{1} - Sending AppendRequest{term=1, leader=1, prevLogIndex=7, prevLogTerm=1, entries=1, commitIndex=7} to 3
00:27:45.773 [raft-server-3] TRACE i.a.p.raft.roles.FollowerRole - RaftServer{3}{role=FOLLOWER} - Received AppendRequest{term=1, leader=1, prevLogIndex=7, prevLogTerm=1, entries=1, commitIndex=7}
00:27:45.773 [raft-server-3] TRACE i.a.p.raft.roles.FollowerRole - RaftServer{3}{role=FOLLOWER} - Appended Indexed{index=8, entry=CommandEntry{term=1, timestamp=2018-06-10 12:27:45,772, session=2, sequence=4, operation=PrimitiveOperation{id=DefaultOperationId{id=write, type=COMMAND}, value=byte[]{length=17, hash=-1644578928}}}}
00:27:45.814 [raft-server-2] TRACE i.a.p.raft.roles.FollowerRole - RaftServer{2}{role=FOLLOWER} - Committed entries up to index 7
00:27:45.814 [raft-server-2] TRACE i.a.p.raft.roles.FollowerRole - RaftServer{2}{role=FOLLOWER} - Sending AppendResponse{status=OK, term=1, succeeded=true, lastLogIndex=7}
00:27:45.814 [raft-server-1] TRACE i.a.p.raft.roles.LeaderAppender - RaftServer{1} - Received AppendResponse{status=OK, term=1, succeeded=true, lastLogIndex=7} from 2
00:27:45.814 [raft-server-2-state] TRACE i.a.p.raft.impl.RaftServiceManager - RaftServer{2} - Applying Indexed{index=7, entry=CommandEntry{term=1, timestamp=2018-06-10 12:27:45,665, session=2, sequence=3, operation=PrimitiveOperation{id=DefaultOperationId{id=write, type=COMMAND}, value=byte[]{length=17, hash=-1644578928}}}}
00:27:45.814 [raft-server-1] TRACE i.a.p.raft.roles.LeaderAppender - RaftServer{1} - Sending AppendRequest{term=1, leader=1, prevLogIndex=7, prevLogTerm=1, entries=1, commitIndex=7} to 2
00:27:45.814 [raft-server-2-state] TRACE i.a.p.s.impl.DefaultServiceExecutor - PrimitiveService{2}{type=io.atomix.protocols.raft.RaftTest$TestPrimitiveType@68be9fc, name=raft-test} - Executing DefaultCommit{index=7, session=RaftSession{RaftServiceContext{server=2, type=io.atomix.protocols.raft.RaftTest$TestPrimitiveType@68be9fc, name=raft-test, id=2}, session=2, timestamp=2018-06-10 12:27:45,665}, time=2018-06-10 12:27:45,665, operation=DefaultOperationId{id=write, type=COMMAND}, value=byte[]{length=17, hash=-1644578928}}
00:27:45.815 [raft-server-2] TRACE i.a.p.raft.roles.FollowerRole - RaftServer{2}{role=FOLLOWER} - Received AppendRequest{term=1, leader=1, prevLogIndex=7, prevLogTerm=1, entries=1, commitIndex=7}
00:27:45.815 [raft-server-2] TRACE i.a.p.raft.roles.FollowerRole - RaftServer{2}{role=FOLLOWER} - Appended Indexed{index=8, entry=CommandEntry{term=1, timestamp=2018-06-10 12:27:45,772, session=2, sequence=4, operation=PrimitiveOperation{id=DefaultOperationId{id=write, type=COMMAND}, value=byte[]{length=17, hash=-1644578928}}}}
00:27:45.815 [raft-server-2] TRACE i.a.p.raft.roles.FollowerRole - RaftServer{2}{role=FOLLOWER} - Sending AppendResponse{status=OK, term=1, succeeded=true, lastLogIndex=8}
00:27:45.815 [raft-server-1] TRACE i.a.p.raft.roles.LeaderAppender - RaftServer{1} - Received AppendResponse{status=OK, term=1, succeeded=true, lastLogIndex=8} from 2
00:27:45.815 [raft-server-1] TRACE i.a.p.raft.roles.LeaderAppender - RaftServer{1} - Committed entries up to 8
00:27:45.848 [raft-server-3] TRACE i.a.p.raft.roles.FollowerRole - RaftServer{3}{role=FOLLOWER} - Committed entries up to index 7
00:27:45.848 [raft-server-3] TRACE i.a.p.raft.roles.FollowerRole - RaftServer{3}{role=FOLLOWER} - Sending AppendResponse{status=OK, term=1, succeeded=true, lastLogIndex=8}
00:27:45.848 [raft-server-3-state] TRACE i.a.p.raft.impl.RaftServiceManager - RaftServer{3} - Applying Indexed{index=7, entry=CommandEntry{term=1, timestamp=2018-06-10 12:27:45,665, session=2, sequence=3, operation=PrimitiveOperation{id=DefaultOperationId{id=write, type=COMMAND}, value=byte[]{length=17, hash=-1644578928}}}}
00:27:45.848 [raft-server-3-state] TRACE i.a.p.s.impl.DefaultServiceExecutor - PrimitiveService{2}{type=io.atomix.protocols.raft.RaftTest$TestPrimitiveType@192b3940, name=raft-test} - Executing DefaultCommit{index=7, session=RaftSession{RaftServiceContext{server=3, type=io.atomix.protocols.raft.RaftTest$TestPrimitiveType@192b3940, name=raft-test, id=2}, session=2, timestamp=2018-06-10 12:27:45,665}, time=2018-06-10 12:27:45,665, operation=DefaultOperationId{id=write, type=COMMAND}, value=byte[]{length=17, hash=-1644578928}}
00:27:45.881 [raft-server-1] TRACE i.a.p.raft.roles.LeaderAppender - RaftServer{1} - Received AppendResponse{status=OK, term=1, succeeded=true, lastLogIndex=8} from 3
00:27:45.881 [raft-server-1-state] TRACE i.a.p.raft.impl.RaftServiceManager - RaftServer{1} - Applying Indexed{index=8, entry=CommandEntry{term=1, timestamp=2018-06-10 12:27:45,772, session=2, sequence=4, operation=PrimitiveOperation{id=DefaultOperationId{id=write, type=COMMAND}, value=byte[]{length=17, hash=-1644578928}}}}
00:27:45.881 [raft-server-1-state] TRACE i.a.p.s.impl.DefaultServiceExecutor - PrimitiveService{2}{type=io.atomix.protocols.raft.RaftTest$TestPrimitiveType@f170389, name=raft-test} - Executing DefaultCommit{index=8, session=RaftSession{RaftServiceContext{server=1, type=io.atomix.protocols.raft.RaftTest$TestPrimitiveType@f170389, name=raft-test, id=2}, session=2, timestamp=2018-06-10 12:27:45,772}, time=2018-06-10 12:27:45,772, operation=DefaultOperationId{id=write, type=COMMAND}, value=byte[]{length=17, hash=-1644578928}}
00:27:45.881 [raft-server-1-state] TRACE i.a.protocols.raft.roles.LeaderRole - RaftServer{1}{role=LEADER} - Sending CommandResponse{status=OK, index=8, eventIndex=2, result=byte[]{length=2, hash=1256}}
00:27:45.882 [raft-server-3] TRACE i.a.p.raft.roles.FollowerRole - RaftServer{3}{role=FOLLOWER} - Sending CommandResponse{status=OK, index=8, eventIndex=2, result=byte[]{length=2, hash=1256}}
00:27:45.882 [raft-client-1f73cd99-b88c-4b59-9944-86684dacc85c-1] TRACE i.a.p.r.s.impl.RaftSessionConnection - SessionClient{2}{type=io.atomix.protocols.raft.RaftTest$TestPrimitiveType@7d0100ea, name=raft-test} - Received CommandResponse{status=OK, index=8, eventIndex=2, result=byte[]{length=2, hash=1256}} from 3
00:27:45.882 [raft-client-1f73cd99-b88c-4b59-9944-86684dacc85c-1] TRACE i.a.p.r.s.impl.RaftSessionSequencer - SessionClient{2}{type=io.atomix.protocols.raft.RaftTest$TestPrimitiveType@7d0100ea, name=raft-test} - Completing response CommandResponse{status=OK, index=8, eventIndex=2, result=byte[]{length=2, hash=1256}}
00:27:45.882 [raft-client-1f73cd99-b88c-4b59-9944-86684dacc85c-1] TRACE i.a.p.r.s.impl.RaftSessionConnection - SessionClient{2}{type=io.atomix.protocols.raft.RaftTest$TestPrimitiveType@7d0100ea, name=raft-test} - Sending CommandRequest{session=2, sequence=5, operation=PrimitiveOperation{id=DefaultOperationId{id=write, type=COMMAND}, value=byte[]{length=17, hash=-1644578928}}} to 3
00:27:45.882 [raft-server-3] TRACE i.a.p.raft.roles.FollowerRole - RaftServer{3}{role=FOLLOWER} - Received CommandRequest{session=2, sequence=5, operation=PrimitiveOperation{id=DefaultOperationId{id=write, type=COMMAND}, value=byte[]{length=17, hash=-1644578928}}}
00:27:45.882 [raft-server-1] TRACE i.a.protocols.raft.roles.LeaderRole - RaftServer{1}{role=LEADER} - Received CommandRequest{session=2, sequence=5, operation=PrimitiveOperation{id=DefaultOperationId{id=write, type=COMMAND}, value=byte[]{length=17, hash=-1644578928}}}
00:27:45.882 [raft-server-1] TRACE i.a.protocols.raft.roles.LeaderRole - RaftServer{1}{role=LEADER} - Appended Indexed{index=9, entry=CommandEntry{term=1, timestamp=2018-06-10 12:27:45,882, session=2, sequence=5, operation=PrimitiveOperation{id=DefaultOperationId{id=write, type=COMMAND}, value=byte[]{length=17, hash=-1644578928}}}}
00:27:45.882 [raft-server-1] TRACE i.a.p.raft.roles.LeaderAppender - RaftServer{1} - Sending AppendRequest{term=1, leader=1, prevLogIndex=8, prevLogTerm=1, entries=1, commitIndex=8} to 3
00:27:45.883 [raft-server-3] TRACE i.a.p.raft.roles.FollowerRole - RaftServer{3}{role=FOLLOWER} - Received AppendRequest{term=1, leader=1, prevLogIndex=8, prevLogTerm=1, entries=1, commitIndex=8}
00:27:45.883 [raft-server-1] TRACE i.a.p.raft.roles.LeaderAppender - RaftServer{1} - Sending AppendRequest{term=1, leader=1, prevLogIndex=8, prevLogTerm=1, entries=1, commitIndex=8} to 2
00:27:45.883 [raft-server-2] TRACE i.a.p.raft.roles.FollowerRole - RaftServer{2}{role=FOLLOWER} - Received AppendRequest{term=1, leader=1, prevLogIndex=8, prevLogTerm=1, entries=1, commitIndex=8}
00:27:45.883 [raft-server-3] TRACE i.a.p.raft.roles.FollowerRole - RaftServer{3}{role=FOLLOWER} - Appended Indexed{index=9, entry=CommandEntry{term=1, timestamp=2018-06-10 12:27:45,882, session=2, sequence=5, operation=PrimitiveOperation{id=DefaultOperationId{id=write, type=COMMAND}, value=byte[]{length=17, hash=-1644578928}}}}
00:27:45.883 [raft-server-2] TRACE i.a.p.raft.roles.FollowerRole - RaftServer{2}{role=FOLLOWER} - Appended Indexed{index=9, entry=CommandEntry{term=1, timestamp=2018-06-10 12:27:45,882, session=2, sequence=5, operation=PrimitiveOperation{id=DefaultOperationId{id=write, type=COMMAND}, value=byte[]{length=17, hash=-1644578928}}}}
00:27:45.923 [raft-server-3] TRACE i.a.p.raft.roles.FollowerRole - RaftServer{3}{role=FOLLOWER} - Committed entries up to index 8
00:27:45.923 [raft-server-2] TRACE i.a.p.raft.roles.FollowerRole - RaftServer{2}{role=FOLLOWER} - Committed entries up to index 8
00:27:45.923 [raft-server-3] TRACE i.a.p.raft.roles.FollowerRole - RaftServer{3}{role=FOLLOWER} - Sending AppendResponse{status=OK, term=1, succeeded=true, lastLogIndex=9}
00:27:45.923 [raft-server-2] TRACE i.a.p.raft.roles.FollowerRole - RaftServer{2}{role=FOLLOWER} - Sending AppendResponse{status=OK, term=1, succeeded=true, lastLogIndex=9}
00:27:45.923 [raft-server-1] TRACE i.a.p.raft.roles.LeaderAppender - RaftServer{1} - Received AppendResponse{status=OK, term=1, succeeded=true, lastLogIndex=9} from 3
00:27:45.923 [raft-server-3-state] TRACE i.a.p.raft.impl.RaftServiceManager - RaftServer{3} - Applying Indexed{index=8, entry=CommandEntry{term=1, timestamp=2018-06-10 12:27:45,772, session=2, sequence=4, operation=PrimitiveOperation{id=DefaultOperationId{id=write, type=COMMAND}, value=byte[]{length=17, hash=-1644578928}}}}
00:27:45.923 [raft-server-1] TRACE i.a.p.raft.roles.LeaderAppender - RaftServer{1} - Committed entries up to 9
00:27:45.923 [raft-server-2-state] TRACE i.a.p.raft.impl.RaftServiceManager - RaftServer{2} - Applying Indexed{index=8, entry=CommandEntry{term=1, timestamp=2018-06-10 12:27:45,772, session=2, sequence=4, operation=PrimitiveOperation{id=DefaultOperationId{id=write, type=COMMAND}, value=byte[]{length=17, hash=-1644578928}}}}
00:27:45.923 [raft-server-3-state] TRACE i.a.p.s.impl.DefaultServiceExecutor - PrimitiveService{2}{type=io.atomix.protocols.raft.RaftTest$TestPrimitiveType@192b3940, name=raft-test} - Executing DefaultCommit{index=8, session=RaftSession{RaftServiceContext{server=3, type=io.atomix.protocols.raft.RaftTest$TestPrimitiveType@192b3940, name=raft-test, id=2}, session=2, timestamp=2018-06-10 12:27:45,772}, time=2018-06-10 12:27:45,772, operation=DefaultOperationId{id=write, type=COMMAND}, value=byte[]{length=17, hash=-1644578928}}
00:27:45.923 [raft-server-2-state] TRACE i.a.p.s.impl.DefaultServiceExecutor - PrimitiveService{2}{type=io.atomix.protocols.raft.RaftTest$TestPrimitiveType@68be9fc, name=raft-test} - Executing DefaultCommit{index=8, session=RaftSession{RaftServiceContext{server=2, type=io.atomix.protocols.raft.RaftTest$TestPrimitiveType@68be9fc, name=raft-test, id=2}, session=2, timestamp=2018-06-10 12:27:45,772}, time=2018-06-10 12:27:45,772, operation=DefaultOperationId{id=write, type=COMMAND}, value=byte[]{length=17, hash=-1644578928}}
00:27:45.956 [raft-server-1] TRACE i.a.p.raft.roles.LeaderAppender - RaftServer{1} - Sending AppendRequest{term=1, leader=1, prevLogIndex=9, prevLogTerm=1, entries=0, commitIndex=9} to 3
00:27:45.956 [raft-server-1] TRACE i.a.p.raft.roles.LeaderAppender - RaftServer{1} - Received AppendResponse{status=OK, term=1, succeeded=true, lastLogIndex=9} from 2
00:27:45.956 [raft-server-3] TRACE i.a.p.raft.roles.FollowerRole - RaftServer{3}{role=FOLLOWER} - Received AppendRequest{term=1, leader=1, prevLogIndex=9, prevLogTerm=1, entries=0, commitIndex=9}
00:27:45.956 [raft-server-1] TRACE i.a.p.raft.roles.LeaderAppender - RaftServer{1} - Sending AppendRequest{term=1, leader=1, prevLogIndex=9, prevLogTerm=1, entries=0, commitIndex=9} to 2
00:27:45.956 [raft-server-2] TRACE i.a.p.raft.roles.FollowerRole - RaftServer{2}{role=FOLLOWER} - Received AppendRequest{term=1, leader=1, prevLogIndex=9, prevLogTerm=1, entries=0, commitIndex=9}
00:27:45.956 [raft-server-1-state] TRACE i.a.p.raft.impl.RaftServiceManager - RaftServer{1} - Applying Indexed{index=9, entry=CommandEntry{term=1, timestamp=2018-06-10 12:27:45,882, session=2, sequence=5, operation=PrimitiveOperation{id=DefaultOperationId{id=write, type=COMMAND}, value=byte[]{length=17, hash=-1644578928}}}}
00:27:45.956 [raft-server-1-state] TRACE i.a.p.s.impl.DefaultServiceExecutor - PrimitiveService{2}{type=io.atomix.protocols.raft.RaftTest$TestPrimitiveType@f170389, name=raft-test} - Executing DefaultCommit{index=9, session=RaftSession{RaftServiceContext{server=1, type=io.atomix.protocols.raft.RaftTest$TestPrimitiveType@f170389, name=raft-test, id=2}, session=2, timestamp=2018-06-10 12:27:45,882}, time=2018-06-10 12:27:45,882, operation=DefaultOperationId{id=write, type=COMMAND}, value=byte[]{length=17, hash=-1644578928}}
00:27:45.957 [raft-server-1-state] TRACE i.a.protocols.raft.roles.LeaderRole - RaftServer{1}{role=LEADER} - Sending CommandResponse{status=OK, index=9, eventIndex=2, result=byte[]{length=2, hash=1258}}
00:27:45.981 [raft-server-2] TRACE i.a.p.raft.roles.FollowerRole - RaftServer{2}{role=FOLLOWER} - Committed entries up to index 9
00:27:45.981 [raft-server-2] TRACE i.a.p.raft.roles.FollowerRole - RaftServer{2}{role=FOLLOWER} - Sending AppendResponse{status=OK, term=1, succeeded=true, lastLogIndex=9}
00:27:45.981 [raft-server-3] TRACE i.a.p.raft.roles.FollowerRole - RaftServer{3}{role=FOLLOWER} - Committed entries up to index 9
00:27:45.981 [raft-server-3] TRACE i.a.p.raft.roles.FollowerRole - RaftServer{3}{role=FOLLOWER} - Sending AppendResponse{status=OK, term=1, succeeded=true, lastLogIndex=9}
00:27:45.981 [raft-server-1] TRACE i.a.p.raft.roles.LeaderAppender - RaftServer{1} - Received AppendResponse{status=OK, term=1, succeeded=true, lastLogIndex=9} from 2
00:27:45.981 [raft-server-3] TRACE i.a.p.raft.roles.FollowerRole - RaftServer{3}{role=FOLLOWER} - Sending CommandResponse{status=OK, index=9, eventIndex=2, result=byte[]{length=2, hash=1258}}
00:27:45.981 [raft-server-2-state] TRACE i.a.p.raft.impl.RaftServiceManager - RaftServer{2} - Applying Indexed{index=9, entry=CommandEntry{term=1, timestamp=2018-06-10 12:27:45,882, session=2, sequence=5, operation=PrimitiveOperation{id=DefaultOperationId{id=write, type=COMMAND}, value=byte[]{length=17, hash=-1644578928}}}}
00:27:45.981 [raft-server-1] TRACE i.a.p.raft.roles.LeaderAppender - RaftServer{1} - Received AppendResponse{status=OK, term=1, succeeded=true, lastLogIndex=9} from 3
00:27:45.981 [raft-client-1f73cd99-b88c-4b59-9944-86684dacc85c-5] TRACE i.a.p.r.s.impl.RaftSessionConnection - SessionClient{2}{type=io.atomix.protocols.raft.RaftTest$TestPrimitiveType@7d0100ea, name=raft-test} - Received CommandResponse{status=OK, index=9, eventIndex=2, result=byte[]{length=2, hash=1258}} from 3
00:27:45.981 [raft-server-2-state] TRACE i.a.p.s.impl.DefaultServiceExecutor - PrimitiveService{2}{type=io.atomix.protocols.raft.RaftTest$TestPrimitiveType@68be9fc, name=raft-test} - Executing DefaultCommit{index=9, session=RaftSession{RaftServiceContext{server=2, type=io.atomix.protocols.raft.RaftTest$TestPrimitiveType@68be9fc, name=raft-test, id=2}, session=2, timestamp=2018-06-10 12:27:45,882}, time=2018-06-10 12:27:45,882, operation=DefaultOperationId{id=write, type=COMMAND}, value=byte[]{length=17, hash=-1644578928}}
00:27:45.981 [raft-server-3-state] TRACE i.a.p.raft.impl.RaftServiceManager - RaftServer{3} - Applying Indexed{index=9, entry=CommandEntry{term=1, timestamp=2018-06-10 12:27:45,882, session=2, sequence=5, operation=PrimitiveOperation{id=DefaultOperationId{id=write, type=COMMAND}, value=byte[]{length=17, hash=-1644578928}}}}
00:27:45.981 [raft-client-1f73cd99-b88c-4b59-9944-86684dacc85c-5] TRACE i.a.p.r.s.impl.RaftSessionSequencer - SessionClient{2}{type=io.atomix.protocols.raft.RaftTest$TestPrimitiveType@7d0100ea, name=raft-test} - Completing response CommandResponse{status=OK, index=9, eventIndex=2, result=byte[]{length=2, hash=1258}}
00:27:45.981 [raft-server-3-state] TRACE i.a.p.s.impl.DefaultServiceExecutor - PrimitiveService{2}{type=io.atomix.protocols.raft.RaftTest$TestPrimitiveType@192b3940, name=raft-test} - Executing DefaultCommit{index=9, session=RaftSession{RaftServiceContext{server=3, type=io.atomix.protocols.raft.RaftTest$TestPrimitiveType@192b3940, name=raft-test, id=2}, session=2, timestamp=2018-06-10 12:27:45,882}, time=2018-06-10 12:27:45,882, operation=DefaultOperationId{id=write, type=COMMAND}, value=byte[]{length=17, hash=-1644578928}}
00:27:45.982 [raft-client-1f73cd99-b88c-4b59-9944-86684dacc85c-6] TRACE i.a.p.r.s.impl.RaftSessionConnection - SessionClient{2}{type=io.atomix.protocols.raft.RaftTest$TestPrimitiveType@7d0100ea, name=raft-test} - Sending CommandRequest{session=2, sequence=6, operation=PrimitiveOperation{id=DefaultOperationId{id=write, type=COMMAND}, value=byte[]{length=17, hash=-1644578928}}} to 3
00:27:45.982 [raft-server-3] TRACE i.a.p.raft.roles.FollowerRole - RaftServer{3}{role=FOLLOWER} - Received CommandRequest{session=2, sequence=6, operation=PrimitiveOperation{id=DefaultOperationId{id=write, type=COMMAND}, value=byte[]{length=17, hash=-1644578928}}}
00:27:45.982 [raft-server-1] TRACE i.a.protocols.raft.roles.LeaderRole - RaftServer{1}{role=LEADER} - Received CommandRequest{session=2, sequence=6, operation=PrimitiveOperation{id=DefaultOperationId{id=write, type=COMMAND}, value=byte[]{length=17, hash=-1644578928}}}
00:27:45.982 [raft-server-1] TRACE i.a.protocols.raft.roles.LeaderRole - RaftServer{1}{role=LEADER} - Appended Indexed{index=10, entry=CommandEntry{term=1, timestamp=2018-06-10 12:27:45,982, session=2, sequence=6, operation=PrimitiveOperation{id=DefaultOperationId{id=write, type=COMMAND}, value=byte[]{length=17, hash=-1644578928}}}}
00:27:45.982 [raft-server-1] TRACE i.a.p.raft.roles.LeaderAppender - RaftServer{1} - Sending AppendRequest{term=1, leader=1, prevLogIndex=9, prevLogTerm=1, entries=1, commitIndex=9} to 3
00:27:45.982 [raft-server-3] TRACE i.a.p.raft.roles.FollowerRole - RaftServer{3}{role=FOLLOWER} - Received AppendRequest{term=1, leader=1, prevLogIndex=9, prevLogTerm=1, entries=1, commitIndex=9}
00:27:45.982 [raft-server-1] TRACE i.a.p.raft.roles.LeaderAppender - RaftServer{1} - Sending AppendRequest{term=1, leader=1, prevLogIndex=9, prevLogTerm=1, entries=1, commitIndex=9} to 2
00:27:45.982 [raft-server-2] TRACE i.a.p.raft.roles.FollowerRole - RaftServer{2}{role=FOLLOWER} - Received AppendRequest{term=1, leader=1, prevLogIndex=9, prevLogTerm=1, entries=1, commitIndex=9}
00:27:45.982 [raft-server-3] TRACE i.a.p.raft.roles.FollowerRole - RaftServer{3}{role=FOLLOWER} - Appended Indexed{index=10, entry=CommandEntry{term=1, timestamp=2018-06-10 12:27:45,982, session=2, sequence=6, operation=PrimitiveOperation{id=DefaultOperationId{id=write, type=COMMAND}, value=byte[]{length=17, hash=-1644578928}}}}
00:27:45.982 [raft-server-3] TRACE i.a.p.raft.roles.FollowerRole - RaftServer{3}{role=FOLLOWER} - Sending AppendResponse{status=OK, term=1, succeeded=true, lastLogIndex=10}
00:27:45.982 [raft-server-2] TRACE i.a.p.raft.roles.FollowerRole - RaftServer{2}{role=FOLLOWER} - Appended Indexed{index=10, entry=CommandEntry{term=1, timestamp=2018-06-10 12:27:45,982, session=2, sequence=6, operation=PrimitiveOperation{id=DefaultOperationId{id=write, type=COMMAND}, value=byte[]{length=17, hash=-1644578928}}}}
00:27:45.982 [raft-server-1] TRACE i.a.p.raft.roles.LeaderAppender - RaftServer{1} - Received AppendResponse{status=OK, term=1, succeeded=true, lastLogIndex=10} from 3
00:27:45.982 [raft-server-2] TRACE i.a.p.raft.roles.FollowerRole - RaftServer{2}{role=FOLLOWER} - Sending AppendResponse{status=OK, term=1, succeeded=true, lastLogIndex=10}
00:27:45.982 [raft-server-1] TRACE i.a.p.raft.roles.LeaderAppender - RaftServer{1} - Committed entries up to 10
00:27:46.014 [raft-server-1] TRACE i.a.p.raft.roles.LeaderAppender - RaftServer{1} - Received AppendResponse{status=OK, term=1, succeeded=true, lastLogIndex=10} from 2
00:27:46.014 [raft-server-1-state] TRACE i.a.p.raft.impl.RaftServiceManager - RaftServer{1} - Applying Indexed{index=10, entry=CommandEntry{term=1, timestamp=2018-06-10 12:27:45,982, session=2, sequence=6, operation=PrimitiveOperation{id=DefaultOperationId{id=write, type=COMMAND}, value=byte[]{length=17, hash=-1644578928}}}}
00:27:46.014 [raft-server-1-state] TRACE i.a.p.s.impl.DefaultServiceExecutor - PrimitiveService{2}{type=io.atomix.protocols.raft.RaftTest$TestPrimitiveType@f170389, name=raft-test} - Executing DefaultCommit{index=10, session=RaftSession{RaftServiceContext{server=1, type=io.atomix.protocols.raft.RaftTest$TestPrimitiveType@f170389, name=raft-test, id=2}, session=2, timestamp=2018-06-10 12:27:45,982}, time=2018-06-10 12:27:45,982, operation=DefaultOperationId{id=write, type=COMMAND}, value=byte[]{length=17, hash=-1644578928}}
00:27:46.015 [raft-server-1-state] TRACE i.a.protocols.raft.roles.LeaderRole - RaftServer{1}{role=LEADER} - Sending CommandResponse{status=OK, index=10, eventIndex=2, result=byte[]{length=2, hash=1260}}
00:27:46.015 [raft-server-3] TRACE i.a.p.raft.roles.FollowerRole - RaftServer{3}{role=FOLLOWER} - Sending CommandResponse{status=OK, index=10, eventIndex=2, result=byte[]{length=2, hash=1260}}
00:27:46.015 [raft-client-1f73cd99-b88c-4b59-9944-86684dacc85c-7] TRACE i.a.p.r.s.impl.RaftSessionConnection - SessionClient{2}{type=io.atomix.protocols.raft.RaftTest$TestPrimitiveType@7d0100ea, name=raft-test} - Received CommandResponse{status=OK, index=10, eventIndex=2, result=byte[]{length=2, hash=1260}} from 3
00:27:46.015 [raft-client-1f73cd99-b88c-4b59-9944-86684dacc85c-7] TRACE i.a.p.r.s.impl.RaftSessionSequencer - SessionClient{2}{type=io.atomix.protocols.raft.RaftTest$TestPrimitiveType@7d0100ea, name=raft-test} - Completing response CommandResponse{status=OK, index=10, eventIndex=2, result=byte[]{length=2, hash=1260}}
00:27:46.015 [raft-client-1f73cd99-b88c-4b59-9944-86684dacc85c-0] TRACE i.a.p.r.s.impl.RaftSessionConnection - SessionClient{2}{type=io.atomix.protocols.raft.RaftTest$TestPrimitiveType@7d0100ea, name=raft-test} - Sending CommandRequest{session=2, sequence=7, operation=PrimitiveOperation{id=DefaultOperationId{id=write, type=COMMAND}, value=byte[]{length=17, hash=-1644578928}}} to 3
00:27:46.015 [raft-server-3] TRACE i.a.p.raft.roles.FollowerRole - RaftServer{3}{role=FOLLOWER} - Received CommandRequest{session=2, sequence=7, operation=PrimitiveOperation{id=DefaultOperationId{id=write, type=COMMAND}, value=byte[]{length=17, hash=-1644578928}}}
00:27:46.015 [raft-server-1] TRACE i.a.protocols.raft.roles.LeaderRole - RaftServer{1}{role=LEADER} - Received CommandRequest{session=2, sequence=7, operation=PrimitiveOperation{id=DefaultOperationId{id=write, type=COMMAND}, value=byte[]{length=17, hash=-1644578928}}}
00:27:46.114 [raft-server-1] DEBUG i.a.storage.journal.SegmentedJournal - Created disk segment: JournalSegment{id=2, version=1, index=11, size=64}
00:27:46.114 [raft-server-1] TRACE i.a.protocols.raft.roles.LeaderRole - RaftServer{1}{role=LEADER} - Appended Indexed{index=11, entry=CommandEntry{term=1, timestamp=2018-06-10 12:27:46,015, session=2, sequence=7, operation=PrimitiveOperation{id=DefaultOperationId{id=write, type=COMMAND}, value=byte[]{length=17, hash=-1644578928}}}}
00:27:46.115 [raft-server-1] TRACE i.a.p.raft.roles.LeaderAppender - RaftServer{1} - Sending AppendRequest{term=1, leader=1, prevLogIndex=10, prevLogTerm=1, entries=1, commitIndex=10} to 3
00:27:46.115 [raft-server-3] TRACE i.a.p.raft.roles.FollowerRole - RaftServer{3}{role=FOLLOWER} - Received AppendRequest{term=1, leader=1, prevLogIndex=10, prevLogTerm=1, entries=1, commitIndex=10}
00:27:46.115 [raft-server-1] TRACE i.a.p.raft.roles.LeaderAppender - RaftServer{1} - Sending AppendRequest{term=1, leader=1, prevLogIndex=10, prevLogTerm=1, entries=1, commitIndex=10} to 2
00:27:46.115 [raft-server-2] TRACE i.a.p.raft.roles.FollowerRole - RaftServer{2}{role=FOLLOWER} - Received AppendRequest{term=1, leader=1, prevLogIndex=10, prevLogTerm=1, entries=1, commitIndex=10}
00:27:46.181 [raft-server-2] DEBUG i.a.storage.journal.SegmentedJournal - Created disk segment: JournalSegment{id=2, version=1, index=11, size=64}
00:27:46.181 [raft-server-3] DEBUG i.a.storage.journal.SegmentedJournal - Created disk segment: JournalSegment{id=2, version=1, index=11, size=64}
00:27:46.201 [raft-server-2] TRACE i.a.p.raft.roles.FollowerRole - RaftServer{2}{role=FOLLOWER} - Appended Indexed{index=11, entry=CommandEntry{term=1, timestamp=2018-06-10 12:27:46,015, session=2, sequence=7, operation=PrimitiveOperation{id=DefaultOperationId{id=write, type=COMMAND}, value=byte[]{length=17, hash=-1644578928}}}}
00:27:46.201 [raft-server-3] TRACE i.a.p.raft.roles.FollowerRole - RaftServer{3}{role=FOLLOWER} - Appended Indexed{index=11, entry=CommandEntry{term=1, timestamp=2018-06-10 12:27:46,015, session=2, sequence=7, operation=PrimitiveOperation{id=DefaultOperationId{id=write, type=COMMAND}, value=byte[]{length=17, hash=-1644578928}}}}
00:27:47.017 [raft-client-1f73cd99-b88c-4b59-9944-86684dacc85c-3] DEBUG i.a.p.r.s.impl.RaftSessionConnection - SessionClient{2}{type=io.atomix.protocols.raft.RaftTest$TestPrimitiveType@7d0100ea, name=raft-test} - CommandRequest{session=2, sequence=7, operation=PrimitiveOperation{id=DefaultOperationId{id=write, type=COMMAND}, value=byte[]{length=17, hash=-1644578928}}} failed! Reason: {}
java.util.concurrent.TimeoutException: null
	at io.atomix.protocols.raft.protocol.TestRaftProtocol.lambda$scheduleTimeout$0(TestRaftProtocol.java:48) ~[test-classes/:na]
	at java.util.concurrent.Executors$RunnableAdapter.call(Executors.java:511) ~[na:1.8.0_121]
	at java.util.concurrent.FutureTask.run(FutureTask.java:266) ~[na:1.8.0_121]
	at java.util.concurrent.ScheduledThreadPoolExecutor$ScheduledFutureTask.access$201(ScheduledThreadPoolExecutor.java:180) ~[na:1.8.0_121]
	at java.util.concurrent.ScheduledThreadPoolExecutor$ScheduledFutureTask.run(ScheduledThreadPoolExecutor.java:293) ~[na:1.8.0_121]
	at java.util.concurrent.ThreadPoolExecutor.runWorker(ThreadPoolExecutor.java:1142) ~[na:1.8.0_121]
	at java.util.concurrent.ThreadPoolExecutor$Worker.run(ThreadPoolExecutor.java:617) ~[na:1.8.0_121]
	at java.lang.Thread.run(Thread.java:745) ~[na:1.8.0_121]
00:27:47.017 [raft-client-1f73cd99-b88c-4b59-9944-86684dacc85c-3] TRACE i.a.p.r.s.impl.RaftSessionConnection - SessionClient{2}{type=io.atomix.protocols.raft.RaftTest$TestPrimitiveType@7d0100ea, name=raft-test} - Resetting connection. Reason: null
00:27:47.017 [raft-client-1f73cd99-b88c-4b59-9944-86684dacc85c-3] TRACE i.a.p.r.s.impl.RaftSessionConnection - SessionClient{2}{type=io.atomix.protocols.raft.RaftTest$TestPrimitiveType@7d0100ea, name=raft-test} - Sending CommandRequest{session=2, sequence=7, operation=PrimitiveOperation{id=DefaultOperationId{id=write, type=COMMAND}, value=byte[]{length=17, hash=-1644578928}}} to 1
00:27:47.017 [raft-server-1] TRACE i.a.protocols.raft.roles.LeaderRole - RaftServer{1}{role=LEADER} - Received CommandRequest{session=2, sequence=7, operation=PrimitiveOperation{id=DefaultOperationId{id=write, type=COMMAND}, value=byte[]{length=17, hash=-1644578928}}}
00:27:47.017 [raft-server-1] TRACE i.a.protocols.raft.roles.LeaderRole - RaftServer{1}{role=LEADER} - Appended Indexed{index=12, entry=CommandEntry{term=1, timestamp=2018-06-10 12:27:47,017, session=2, sequence=7, operation=PrimitiveOperation{id=DefaultOperationId{id=write, type=COMMAND}, value=byte[]{length=17, hash=-1644578928}}}}
00:27:47.017 [raft-server-1] TRACE i.a.p.raft.roles.LeaderAppender - RaftServer{1} - Sending AppendRequest{term=1, leader=1, prevLogIndex=11, prevLogTerm=1, entries=1, commitIndex=10} to 3
00:27:47.018 [raft-server-1] TRACE i.a.p.raft.roles.LeaderAppender - RaftServer{1} - Sending AppendRequest{term=1, leader=1, prevLogIndex=11, prevLogTerm=1, entries=1, commitIndex=10} to 2
00:27:47.052 [raft-server-2] TRACE i.a.p.raft.roles.FollowerRole - RaftServer{2}{role=FOLLOWER} - Committed entries up to index 10
00:27:47.052 [raft-server-3] TRACE i.a.p.raft.roles.FollowerRole - RaftServer{3}{role=FOLLOWER} - Committed entries up to index 10
00:27:47.052 [raft-server-2] TRACE i.a.p.raft.roles.FollowerRole - RaftServer{2}{role=FOLLOWER} - Sending AppendResponse{status=OK, term=1, succeeded=true, lastLogIndex=11}
00:27:47.052 [raft-server-3] TRACE i.a.p.raft.roles.FollowerRole - RaftServer{3}{role=FOLLOWER} - Sending AppendResponse{status=OK, term=1, succeeded=true, lastLogIndex=11}
00:27:47.052 [raft-server-2] TRACE i.a.p.raft.roles.FollowerRole - RaftServer{2}{role=FOLLOWER} - Received AppendRequest{term=1, leader=1, prevLogIndex=11, prevLogTerm=1, entries=1, commitIndex=10}
00:27:47.052 [raft-server-1] TRACE i.a.p.raft.roles.LeaderAppender - RaftServer{1} - Received AppendResponse{status=OK, term=1, succeeded=true, lastLogIndex=11} from 2
00:27:47.052 [raft-server-3] TRACE i.a.p.raft.roles.FollowerRole - RaftServer{3}{role=FOLLOWER} - Sending CommandResponse{status=ERROR, error=RaftError{type=NO_LEADER, message=null}, lastSequence=0}
00:27:47.052 [raft-server-1] TRACE i.a.p.raft.roles.LeaderAppender - RaftServer{1} - Committed entries up to 11
00:27:47.052 [raft-server-3] TRACE i.a.p.raft.roles.FollowerRole - RaftServer{3}{role=FOLLOWER} - Received AppendRequest{term=1, leader=1, prevLogIndex=11, prevLogTerm=1, entries=1, commitIndex=10}
00:27:47.052 [raft-server-2] TRACE i.a.p.raft.roles.FollowerRole - RaftServer{2}{role=FOLLOWER} - Appended Indexed{index=12, entry=CommandEntry{term=1, timestamp=2018-06-10 12:27:47,017, session=2, sequence=7, operation=PrimitiveOperation{id=DefaultOperationId{id=write, type=COMMAND}, value=byte[]{length=17, hash=-1644578928}}}}
00:27:47.053 [raft-server-2] TRACE i.a.p.raft.roles.FollowerRole - RaftServer{2}{role=FOLLOWER} - Sending AppendResponse{status=OK, term=1, succeeded=true, lastLogIndex=12}
00:27:47.053 [raft-server-3] TRACE i.a.p.raft.roles.FollowerRole - RaftServer{3}{role=FOLLOWER} - Appended Indexed{index=12, entry=CommandEntry{term=1, timestamp=2018-06-10 12:27:47,017, session=2, sequence=7, operation=PrimitiveOperation{id=DefaultOperationId{id=write, type=COMMAND}, value=byte[]{length=17, hash=-1644578928}}}}
00:27:47.053 [raft-server-3] TRACE i.a.p.raft.roles.FollowerRole - RaftServer{3}{role=FOLLOWER} - Sending AppendResponse{status=OK, term=1, succeeded=true, lastLogIndex=12}
00:27:47.053 [raft-server-2-state] TRACE i.a.p.raft.impl.RaftServiceManager - RaftServer{2} - Applying Indexed{index=10, entry=CommandEntry{term=1, timestamp=2018-06-10 12:27:45,982, session=2, sequence=6, operation=PrimitiveOperation{id=DefaultOperationId{id=write, type=COMMAND}, value=byte[]{length=17, hash=-1644578928}}}}
00:27:47.053 [raft-server-2-state] TRACE i.a.p.s.impl.DefaultServiceExecutor - PrimitiveService{2}{type=io.atomix.protocols.raft.RaftTest$TestPrimitiveType@68be9fc, name=raft-test} - Executing DefaultCommit{index=10, session=RaftSession{RaftServiceContext{server=2, type=io.atomix.protocols.raft.RaftTest$TestPrimitiveType@68be9fc, name=raft-test, id=2}, session=2, timestamp=2018-06-10 12:27:45,982}, time=2018-06-10 12:27:45,982, operation=DefaultOperationId{id=write, type=COMMAND}, value=byte[]{length=17, hash=-1644578928}}
00:27:47.053 [raft-server-3-state] TRACE i.a.p.raft.impl.RaftServiceManager - RaftServer{3} - Applying Indexed{index=10, entry=CommandEntry{term=1, timestamp=2018-06-10 12:27:45,982, session=2, sequence=6, operation=PrimitiveOperation{id=DefaultOperationId{id=write, type=COMMAND}, value=byte[]{length=17, hash=-1644578928}}}}
00:27:47.053 [raft-server-3-state] TRACE i.a.p.s.impl.DefaultServiceExecutor - PrimitiveService{2}{type=io.atomix.protocols.raft.RaftTest$TestPrimitiveType@192b3940, name=raft-test} - Executing DefaultCommit{index=10, session=RaftSession{RaftServiceContext{server=3, type=io.atomix.protocols.raft.RaftTest$TestPrimitiveType@192b3940, name=raft-test, id=2}, session=2, timestamp=2018-06-10 12:27:45,982}, time=2018-06-10 12:27:45,982, operation=DefaultOperationId{id=write, type=COMMAND}, value=byte[]{length=17, hash=-1644578928}}
00:27:47.139 [raft-server-1] TRACE i.a.p.raft.roles.LeaderAppender - RaftServer{1} - Received AppendResponse{status=OK, term=1, succeeded=true, lastLogIndex=11} from 3
00:27:47.139 [raft-server-1] TRACE i.a.p.raft.roles.LeaderAppender - RaftServer{1} - Received AppendResponse{status=OK, term=1, succeeded=true, lastLogIndex=12} from 2
00:27:47.139 [raft-server-1] TRACE i.a.p.raft.roles.LeaderAppender - RaftServer{1} - Committed entries up to 12
00:27:47.363 [raft-server-1] TRACE i.a.p.raft.roles.LeaderAppender - RaftServer{1} - Received AppendResponse{status=OK, term=1, succeeded=true, lastLogIndex=12} from 3
00:27:47.363 [raft-server-1] TRACE i.a.p.raft.roles.LeaderAppender - RaftServer{1} - Sending AppendRequest{term=1, leader=1, prevLogIndex=12, prevLogTerm=1, entries=0, commitIndex=12} to 3
00:27:47.363 [raft-server-1-state] TRACE i.a.p.raft.impl.RaftServiceManager - RaftServer{1} - Applying Indexed{index=11, entry=CommandEntry{term=1, timestamp=2018-06-10 12:27:46,015, session=2, sequence=7, operation=PrimitiveOperation{id=DefaultOperationId{id=write, type=COMMAND}, value=byte[]{length=17, hash=-1644578928}}}}
00:27:47.363 [raft-server-1] TRACE i.a.p.raft.roles.LeaderAppender - RaftServer{1} - Sending AppendRequest{term=1, leader=1, prevLogIndex=12, prevLogTerm=1, entries=0, commitIndex=12} to 2
00:27:47.363 [raft-server-3] TRACE i.a.p.raft.roles.FollowerRole - RaftServer{3}{role=FOLLOWER} - Received AppendRequest{term=1, leader=1, prevLogIndex=12, prevLogTerm=1, entries=0, commitIndex=12}
00:27:47.363 [raft-server-1-state] TRACE i.a.p.s.impl.DefaultServiceExecutor - PrimitiveService{2}{type=io.atomix.protocols.raft.RaftTest$TestPrimitiveType@f170389, name=raft-test} - Executing DefaultCommit{index=11, session=RaftSession{RaftServiceContext{server=1, type=io.atomix.protocols.raft.RaftTest$TestPrimitiveType@f170389, name=raft-test, id=2}, session=2, timestamp=2018-06-10 12:27:46,015}, time=2018-06-10 12:27:46,015, operation=DefaultOperationId{id=write, type=COMMAND}, value=byte[]{length=17, hash=-1644578928}}
00:27:47.363 [raft-server-2] TRACE i.a.p.raft.roles.FollowerRole - RaftServer{2}{role=FOLLOWER} - Received AppendRequest{term=1, leader=1, prevLogIndex=12, prevLogTerm=1, entries=0, commitIndex=12}
00:27:47.363 [raft-server-1-state] TRACE i.a.protocols.raft.roles.LeaderRole - RaftServer{1}{role=LEADER} - Sending CommandResponse{status=OK, index=11, eventIndex=2, result=byte[]{length=2, hash=1262}}
00:27:47.363 [raft-server-1-state] TRACE i.a.p.raft.impl.RaftServiceManager - RaftServer{1} - Applying Indexed{index=12, entry=CommandEntry{term=1, timestamp=2018-06-10 12:27:47,017, session=2, sequence=7, operation=PrimitiveOperation{id=DefaultOperationId{id=write, type=COMMAND}, value=byte[]{length=17, hash=-1644578928}}}}
00:27:47.363 [raft-server-1-state] TRACE i.a.p.r.service.RaftServiceContext - PrimitiveService{2}{type=io.atomix.protocols.raft.RaftTest$TestPrimitiveType@f170389, name=raft-test} - Returning cached result for command with sequence number 7 < 8
00:27:47.363 [raft-server-1-state] TRACE i.a.protocols.raft.roles.LeaderRole - RaftServer{1}{role=LEADER} - Sending CommandResponse{status=OK, index=11, eventIndex=2, result=byte[]{length=2, hash=1262}}
00:27:47.363 [raft-client-1f73cd99-b88c-4b59-9944-86684dacc85c-1] TRACE i.a.p.r.s.impl.RaftSessionConnection - SessionClient{2}{type=io.atomix.protocols.raft.RaftTest$TestPrimitiveType@7d0100ea, name=raft-test} - Received CommandResponse{status=OK, index=11, eventIndex=2, result=byte[]{length=2, hash=1262}} from 1
00:27:47.363 [raft-client-1f73cd99-b88c-4b59-9944-86684dacc85c-1] TRACE i.a.p.r.s.impl.RaftSessionSequencer - SessionClient{2}{type=io.atomix.protocols.raft.RaftTest$TestPrimitiveType@7d0100ea, name=raft-test} - Completing response CommandResponse{status=OK, index=11, eventIndex=2, result=byte[]{length=2, hash=1262}}
00:27:47.364 [raft-client-1f73cd99-b88c-4b59-9944-86684dacc85c-5] TRACE i.a.p.r.s.impl.RaftSessionConnection - SessionClient{2}{type=io.atomix.protocols.raft.RaftTest$TestPrimitiveType@7d0100ea, name=raft-test} - Sending CommandRequest{session=2, sequence=8, operation=PrimitiveOperation{id=DefaultOperationId{id=write, type=COMMAND}, value=byte[]{length=17, hash=-1644578928}}} to 1
00:27:47.364 [raft-server-1] TRACE i.a.protocols.raft.roles.LeaderRole - RaftServer{1}{role=LEADER} - Received CommandRequest{session=2, sequence=8, operation=PrimitiveOperation{id=DefaultOperationId{id=write, type=COMMAND}, value=byte[]{length=17, hash=-1644578928}}}
00:27:47.364 [raft-server-1] TRACE i.a.protocols.raft.roles.LeaderRole - RaftServer{1}{role=LEADER} - Appended Indexed{index=13, entry=CommandEntry{term=1, timestamp=2018-06-10 12:27:47,364, session=2, sequence=8, operation=PrimitiveOperation{id=DefaultOperationId{id=write, type=COMMAND}, value=byte[]{length=17, hash=-1644578928}}}}
00:27:47.421 [raft-server-3] TRACE i.a.p.raft.roles.FollowerRole - RaftServer{3}{role=FOLLOWER} - Committed entries up to index 12
00:27:47.421 [raft-server-2] TRACE i.a.p.raft.roles.FollowerRole - RaftServer{2}{role=FOLLOWER} - Committed entries up to index 12
00:27:47.421 [raft-server-3] TRACE i.a.p.raft.roles.FollowerRole - RaftServer{3}{role=FOLLOWER} - Sending AppendResponse{status=OK, term=1, succeeded=true, lastLogIndex=12}
00:27:47.421 [raft-server-2] TRACE i.a.p.raft.roles.FollowerRole - RaftServer{2}{role=FOLLOWER} - Sending AppendResponse{status=OK, term=1, succeeded=true, lastLogIndex=12}
00:27:47.421 [raft-server-1] TRACE i.a.p.raft.roles.LeaderAppender - RaftServer{1} - Received AppendResponse{status=OK, term=1, succeeded=true, lastLogIndex=12} from 3
00:27:47.421 [raft-server-3-state] TRACE i.a.p.raft.impl.RaftServiceManager - RaftServer{3} - Applying Indexed{index=11, entry=CommandEntry{term=1, timestamp=2018-06-10 12:27:46,015, session=2, sequence=7, operation=PrimitiveOperation{id=DefaultOperationId{id=write, type=COMMAND}, value=byte[]{length=17, hash=-1644578928}}}}
00:27:47.421 [raft-server-2-state] TRACE i.a.p.raft.impl.RaftServiceManager - RaftServer{2} - Applying Indexed{index=11, entry=CommandEntry{term=1, timestamp=2018-06-10 12:27:46,015, session=2, sequence=7, operation=PrimitiveOperation{id=DefaultOperationId{id=write, type=COMMAND}, value=byte[]{length=17, hash=-1644578928}}}}
00:27:47.421 [raft-server-1] TRACE i.a.p.raft.roles.LeaderAppender - RaftServer{1} - Sending AppendRequest{term=1, leader=1, prevLogIndex=12, prevLogTerm=1, entries=1, commitIndex=12} to 3
00:27:47.421 [raft-server-3-state] TRACE i.a.p.s.impl.DefaultServiceExecutor - PrimitiveService{2}{type=io.atomix.protocols.raft.RaftTest$TestPrimitiveType@192b3940, name=raft-test} - Executing DefaultCommit{index=11, session=RaftSession{RaftServiceContext{server=3, type=io.atomix.protocols.raft.RaftTest$TestPrimitiveType@192b3940, name=raft-test, id=2}, session=2, timestamp=2018-06-10 12:27:46,015}, time=2018-06-10 12:27:46,015, operation=DefaultOperationId{id=write, type=COMMAND}, value=byte[]{length=17, hash=-1644578928}}
00:27:47.421 [raft-server-2-state] TRACE i.a.p.s.impl.DefaultServiceExecutor - PrimitiveService{2}{type=io.atomix.protocols.raft.RaftTest$TestPrimitiveType@68be9fc, name=raft-test} - Executing DefaultCommit{index=11, session=RaftSession{RaftServiceContext{server=2, type=io.atomix.protocols.raft.RaftTest$TestPrimitiveType@68be9fc, name=raft-test, id=2}, session=2, timestamp=2018-06-10 12:27:46,015}, time=2018-06-10 12:27:46,015, operation=DefaultOperationId{id=write, type=COMMAND}, value=byte[]{length=17, hash=-1644578928}}
00:27:47.421 [raft-server-1] TRACE i.a.p.raft.roles.LeaderAppender - RaftServer{1} - Received AppendResponse{status=OK, term=1, succeeded=true, lastLogIndex=12} from 2
00:27:47.421 [raft-server-3] TRACE i.a.p.raft.roles.FollowerRole - RaftServer{3}{role=FOLLOWER} - Received AppendRequest{term=1, leader=1, prevLogIndex=12, prevLogTerm=1, entries=1, commitIndex=12}
00:27:47.422 [raft-server-3-state] TRACE i.a.p.raft.impl.RaftServiceManager - RaftServer{3} - Applying Indexed{index=12, entry=CommandEntry{term=1, timestamp=2018-06-10 12:27:47,017, session=2, sequence=7, operation=PrimitiveOperation{id=DefaultOperationId{id=write, type=COMMAND}, value=byte[]{length=17, hash=-1644578928}}}}
00:27:47.422 [raft-server-2-state] TRACE i.a.p.raft.impl.RaftServiceManager - RaftServer{2} - Applying Indexed{index=12, entry=CommandEntry{term=1, timestamp=2018-06-10 12:27:47,017, session=2, sequence=7, operation=PrimitiveOperation{id=DefaultOperationId{id=write, type=COMMAND}, value=byte[]{length=17, hash=-1644578928}}}}
00:27:47.422 [raft-server-1] TRACE i.a.p.raft.roles.LeaderAppender - RaftServer{1} - Sending AppendRequest{term=1, leader=1, prevLogIndex=12, prevLogTerm=1, entries=1, commitIndex=12} to 2
00:27:47.422 [raft-server-3-state] TRACE i.a.p.r.service.RaftServiceContext - PrimitiveService{2}{type=io.atomix.protocols.raft.RaftTest$TestPrimitiveType@192b3940, name=raft-test} - Returning cached result for command with sequence number 7 < 8
00:27:47.422 [raft-server-3] TRACE i.a.p.raft.roles.FollowerRole - RaftServer{3}{role=FOLLOWER} - Appended Indexed{index=13, entry=CommandEntry{term=1, timestamp=2018-06-10 12:27:47,364, session=2, sequence=8, operation=PrimitiveOperation{id=DefaultOperationId{id=write, type=COMMAND}, value=byte[]{length=17, hash=-1644578928}}}}
00:27:47.422 [raft-server-2-state] TRACE i.a.p.r.service.RaftServiceContext - PrimitiveService{2}{type=io.atomix.protocols.raft.RaftTest$TestPrimitiveType@68be9fc, name=raft-test} - Returning cached result for command with sequence number 7 < 8
00:27:47.422 [raft-server-2] TRACE i.a.p.raft.roles.FollowerRole - RaftServer{2}{role=FOLLOWER} - Received AppendRequest{term=1, leader=1, prevLogIndex=12, prevLogTerm=1, entries=1, commitIndex=12}
00:27:47.422 [raft-server-3] TRACE i.a.p.raft.roles.FollowerRole - RaftServer{3}{role=FOLLOWER} - Sending AppendResponse{status=OK, term=1, succeeded=true, lastLogIndex=13}
00:27:47.422 [raft-server-2] TRACE i.a.p.raft.roles.FollowerRole - RaftServer{2}{role=FOLLOWER} - Appended Indexed{index=13, entry=CommandEntry{term=1, timestamp=2018-06-10 12:27:47,364, session=2, sequence=8, operation=PrimitiveOperation{id=DefaultOperationId{id=write, type=COMMAND}, value=byte[]{length=17, hash=-1644578928}}}}
00:27:47.422 [raft-server-1] TRACE i.a.p.raft.roles.LeaderAppender - RaftServer{1} - Received AppendResponse{status=OK, term=1, succeeded=true, lastLogIndex=13} from 3
00:27:47.422 [raft-server-2] TRACE i.a.p.raft.roles.FollowerRole - RaftServer{2}{role=FOLLOWER} - Sending AppendResponse{status=OK, term=1, succeeded=true, lastLogIndex=13}
00:27:47.422 [raft-server-1] TRACE i.a.p.raft.roles.LeaderAppender - RaftServer{1} - Committed entries up to 13
00:27:47.463 [raft-server-1] TRACE i.a.p.raft.roles.LeaderAppender - RaftServer{1} - Received AppendResponse{status=OK, term=1, succeeded=true, lastLogIndex=13} from 2
00:27:47.463 [raft-server-1-state] TRACE i.a.p.raft.impl.RaftServiceManager - RaftServer{1} - Applying Indexed{index=13, entry=CommandEntry{term=1, timestamp=2018-06-10 12:27:47,364, session=2, sequence=8, operation=PrimitiveOperation{id=DefaultOperationId{id=write, type=COMMAND}, value=byte[]{length=17, hash=-1644578928}}}}
00:27:47.463 [raft-server-1-state] TRACE i.a.p.s.impl.DefaultServiceExecutor - PrimitiveService{2}{type=io.atomix.protocols.raft.RaftTest$TestPrimitiveType@f170389, name=raft-test} - Executing DefaultCommit{index=13, session=RaftSession{RaftServiceContext{server=1, type=io.atomix.protocols.raft.RaftTest$TestPrimitiveType@f170389, name=raft-test, id=2}, session=2, timestamp=2018-06-10 12:27:47,364}, time=2018-06-10 12:27:47,364, operation=DefaultOperationId{id=write, type=COMMAND}, value=byte[]{length=17, hash=-1644578928}}
00:27:47.463 [raft-server-1-state] TRACE i.a.protocols.raft.roles.LeaderRole - RaftServer{1}{role=LEADER} - Sending CommandResponse{status=OK, index=13, eventIndex=2, result=byte[]{length=2, hash=1266}}
00:27:47.463 [raft-client-1f73cd99-b88c-4b59-9944-86684dacc85c-6] TRACE i.a.p.r.s.impl.RaftSessionConnection - SessionClient{2}{type=io.atomix.protocols.raft.RaftTest$TestPrimitiveType@7d0100ea, name=raft-test} - Received CommandResponse{status=OK, index=13, eventIndex=2, result=byte[]{length=2, hash=1266}} from 1
00:27:47.463 [raft-client-1f73cd99-b88c-4b59-9944-86684dacc85c-6] TRACE i.a.p.r.s.impl.RaftSessionSequencer - SessionClient{2}{type=io.atomix.protocols.raft.RaftTest$TestPrimitiveType@7d0100ea, name=raft-test} - Completing response CommandResponse{status=OK, index=13, eventIndex=2, result=byte[]{length=2, hash=1266}}
00:27:47.463 [raft-client-1f73cd99-b88c-4b59-9944-86684dacc85c-4] TRACE i.a.p.r.s.impl.RaftSessionConnection - SessionClient{2}{type=io.atomix.protocols.raft.RaftTest$TestPrimitiveType@7d0100ea, name=raft-test} - Sending CommandRequest{session=2, sequence=9, operation=PrimitiveOperation{id=DefaultOperationId{id=write, type=COMMAND}, value=byte[]{length=17, hash=-1644578928}}} to 1
00:27:47.464 [raft-server-1] TRACE i.a.protocols.raft.roles.LeaderRole - RaftServer{1}{role=LEADER} - Received CommandRequest{session=2, sequence=9, operation=PrimitiveOperation{id=DefaultOperationId{id=write, type=COMMAND}, value=byte[]{length=17, hash=-1644578928}}}
00:27:47.464 [raft-server-1] TRACE i.a.protocols.raft.roles.LeaderRole - RaftServer{1}{role=LEADER} - Appended Indexed{index=14, entry=CommandEntry{term=1, timestamp=2018-06-10 12:27:47,464, session=2, sequence=9, operation=PrimitiveOperation{id=DefaultOperationId{id=write, type=COMMAND}, value=byte[]{length=17, hash=-1644578928}}}}
00:27:47.464 [raft-server-1] TRACE i.a.p.raft.roles.LeaderAppender - RaftServer{1} - Sending AppendRequest{term=1, leader=1, prevLogIndex=13, prevLogTerm=1, entries=1, commitIndex=13} to 3
00:27:47.464 [raft-server-3] TRACE i.a.p.raft.roles.FollowerRole - RaftServer{3}{role=FOLLOWER} - Received AppendRequest{term=1, leader=1, prevLogIndex=13, prevLogTerm=1, entries=1, commitIndex=13}
00:27:47.464 [raft-server-1] TRACE i.a.p.raft.roles.LeaderAppender - RaftServer{1} - Sending AppendRequest{term=1, leader=1, prevLogIndex=13, prevLogTerm=1, entries=1, commitIndex=13} to 2
00:27:47.464 [raft-server-2] TRACE i.a.p.raft.roles.FollowerRole - RaftServer{2}{role=FOLLOWER} - Received AppendRequest{term=1, leader=1, prevLogIndex=13, prevLogTerm=1, entries=1, commitIndex=13}
00:27:47.464 [raft-server-3] TRACE i.a.p.raft.roles.FollowerRole - RaftServer{3}{role=FOLLOWER} - Appended Indexed{index=14, entry=CommandEntry{term=1, timestamp=2018-06-10 12:27:47,464, session=2, sequence=9, operation=PrimitiveOperation{id=DefaultOperationId{id=write, type=COMMAND}, value=byte[]{length=17, hash=-1644578928}}}}
00:27:47.464 [raft-server-2] TRACE i.a.p.raft.roles.FollowerRole - RaftServer{2}{role=FOLLOWER} - Appended Indexed{index=14, entry=CommandEntry{term=1, timestamp=2018-06-10 12:27:47,464, session=2, sequence=9, operation=PrimitiveOperation{id=DefaultOperationId{id=write, type=COMMAND}, value=byte[]{length=17, hash=-1644578928}}}}
00:27:47.506 [raft-server-3] TRACE i.a.p.raft.roles.FollowerRole - RaftServer{3}{role=FOLLOWER} - Committed entries up to index 13
00:27:47.506 [raft-server-3] TRACE i.a.p.raft.roles.FollowerRole - RaftServer{3}{role=FOLLOWER} - Sending AppendResponse{status=OK, term=1, succeeded=true, lastLogIndex=14}
00:27:47.506 [raft-server-2] TRACE i.a.p.raft.roles.FollowerRole - RaftServer{2}{role=FOLLOWER} - Committed entries up to index 13
00:27:47.506 [raft-server-2] TRACE i.a.p.raft.roles.FollowerRole - RaftServer{2}{role=FOLLOWER} - Sending AppendResponse{status=OK, term=1, succeeded=true, lastLogIndex=14}
00:27:47.506 [raft-server-1] TRACE i.a.p.raft.roles.LeaderAppender - RaftServer{1} - Received AppendResponse{status=OK, term=1, succeeded=true, lastLogIndex=14} from 3
00:27:47.506 [raft-server-3-state] TRACE i.a.p.raft.impl.RaftServiceManager - RaftServer{3} - Applying Indexed{index=13, entry=CommandEntry{term=1, timestamp=2018-06-10 12:27:47,364, session=2, sequence=8, operation=PrimitiveOperation{id=DefaultOperationId{id=write, type=COMMAND}, value=byte[]{length=17, hash=-1644578928}}}}
00:27:47.506 [raft-server-1] TRACE i.a.p.raft.roles.LeaderAppender - RaftServer{1} - Committed entries up to 14
00:27:47.506 [raft-server-2-state] TRACE i.a.p.raft.impl.RaftServiceManager - RaftServer{2} - Applying Indexed{index=13, entry=CommandEntry{term=1, timestamp=2018-06-10 12:27:47,364, session=2, sequence=8, operation=PrimitiveOperation{id=DefaultOperationId{id=write, type=COMMAND}, value=byte[]{length=17, hash=-1644578928}}}}
00:27:47.506 [raft-server-3-state] TRACE i.a.p.s.impl.DefaultServiceExecutor - PrimitiveService{2}{type=io.atomix.protocols.raft.RaftTest$TestPrimitiveType@192b3940, name=raft-test} - Executing DefaultCommit{index=13, session=RaftSession{RaftServiceContext{server=3, type=io.atomix.protocols.raft.RaftTest$TestPrimitiveType@192b3940, name=raft-test, id=2}, session=2, timestamp=2018-06-10 12:27:47,364}, time=2018-06-10 12:27:47,364, operation=DefaultOperationId{id=write, type=COMMAND}, value=byte[]{length=17, hash=-1644578928}}
00:27:47.506 [raft-server-2-state] TRACE i.a.p.s.impl.DefaultServiceExecutor - PrimitiveService{2}{type=io.atomix.protocols.raft.RaftTest$TestPrimitiveType@68be9fc, name=raft-test} - Executing DefaultCommit{index=13, session=RaftSession{RaftServiceContext{server=2, type=io.atomix.protocols.raft.RaftTest$TestPrimitiveType@68be9fc, name=raft-test, id=2}, session=2, timestamp=2018-06-10 12:27:47,364}, time=2018-06-10 12:27:47,364, operation=DefaultOperationId{id=write, type=COMMAND}, value=byte[]{length=17, hash=-1644578928}}
00:27:47.556 [raft-server-1] TRACE i.a.p.raft.roles.LeaderAppender - RaftServer{1} - Received AppendResponse{status=OK, term=1, succeeded=true, lastLogIndex=14} from 2
00:27:47.556 [raft-server-1-state] TRACE i.a.p.raft.impl.RaftServiceManager - RaftServer{1} - Applying Indexed{index=14, entry=CommandEntry{term=1, timestamp=2018-06-10 12:27:47,464, session=2, sequence=9, operation=PrimitiveOperation{id=DefaultOperationId{id=write, type=COMMAND}, value=byte[]{length=17, hash=-1644578928}}}}
00:27:47.556 [raft-server-1-state] TRACE i.a.p.s.impl.DefaultServiceExecutor - PrimitiveService{2}{type=io.atomix.protocols.raft.RaftTest$TestPrimitiveType@f170389, name=raft-test} - Executing DefaultCommit{index=14, session=RaftSession{RaftServiceContext{server=1, type=io.atomix.protocols.raft.RaftTest$TestPrimitiveType@f170389, name=raft-test, id=2}, session=2, timestamp=2018-06-10 12:27:47,464}, time=2018-06-10 12:27:47,464, operation=DefaultOperationId{id=write, type=COMMAND}, value=byte[]{length=17, hash=-1644578928}}
00:27:47.556 [raft-server-1-state] TRACE i.a.protocols.raft.roles.LeaderRole - RaftServer{1}{role=LEADER} - Sending CommandResponse{status=OK, index=14, eventIndex=2, result=byte[]{length=2, hash=1268}}
00:27:47.556 [raft-client-1f73cd99-b88c-4b59-9944-86684dacc85c-0] TRACE i.a.p.r.s.impl.RaftSessionConnection - SessionClient{2}{type=io.atomix.protocols.raft.RaftTest$TestPrimitiveType@7d0100ea, name=raft-test} - Received CommandResponse{status=OK, index=14, eventIndex=2, result=byte[]{length=2, hash=1268}} from 1
00:27:47.556 [raft-client-1f73cd99-b88c-4b59-9944-86684dacc85c-0] TRACE i.a.p.r.s.impl.RaftSessionSequencer - SessionClient{2}{type=io.atomix.protocols.raft.RaftTest$TestPrimitiveType@7d0100ea, name=raft-test} - Completing response CommandResponse{status=OK, index=14, eventIndex=2, result=byte[]{length=2, hash=1268}}
00:27:47.557 [raft-client-1f73cd99-b88c-4b59-9944-86684dacc85c-0] TRACE i.a.p.r.s.impl.RaftSessionConnection - SessionClient{2}{type=io.atomix.protocols.raft.RaftTest$TestPrimitiveType@7d0100ea, name=raft-test} - Sending CommandRequest{session=2, sequence=10, operation=PrimitiveOperation{id=DefaultOperationId{id=write, type=COMMAND}, value=byte[]{length=17, hash=-1644578928}}} to 1
00:27:47.557 [raft-server-1] TRACE i.a.protocols.raft.roles.LeaderRole - RaftServer{1}{role=LEADER} - Received CommandRequest{session=2, sequence=10, operation=PrimitiveOperation{id=DefaultOperationId{id=write, type=COMMAND}, value=byte[]{length=17, hash=-1644578928}}}
00:27:47.557 [raft-server-1] TRACE i.a.protocols.raft.roles.LeaderRole - RaftServer{1}{role=LEADER} - Appended Indexed{index=15, entry=CommandEntry{term=1, timestamp=2018-06-10 12:27:47,557, session=2, sequence=10, operation=PrimitiveOperation{id=DefaultOperationId{id=write, type=COMMAND}, value=byte[]{length=17, hash=-1644578928}}}}
00:27:47.557 [raft-server-1] TRACE i.a.p.raft.roles.LeaderAppender - RaftServer{1} - Sending AppendRequest{term=1, leader=1, prevLogIndex=14, prevLogTerm=1, entries=1, commitIndex=14} to 3
00:27:47.557 [raft-server-3] TRACE i.a.p.raft.roles.FollowerRole - RaftServer{3}{role=FOLLOWER} - Received AppendRequest{term=1, leader=1, prevLogIndex=14, prevLogTerm=1, entries=1, commitIndex=14}
00:27:47.557 [raft-server-1] TRACE i.a.p.raft.roles.LeaderAppender - RaftServer{1} - Sending AppendRequest{term=1, leader=1, prevLogIndex=14, prevLogTerm=1, entries=1, commitIndex=14} to 2
00:27:47.557 [raft-server-2] TRACE i.a.p.raft.roles.FollowerRole - RaftServer{2}{role=FOLLOWER} - Received AppendRequest{term=1, leader=1, prevLogIndex=14, prevLogTerm=1, entries=1, commitIndex=14}
00:27:47.557 [raft-server-3] TRACE i.a.p.raft.roles.FollowerRole - RaftServer{3}{role=FOLLOWER} - Appended Indexed{index=15, entry=CommandEntry{term=1, timestamp=2018-06-10 12:27:47,557, session=2, sequence=10, operation=PrimitiveOperation{id=DefaultOperationId{id=write, type=COMMAND}, value=byte[]{length=17, hash=-1644578928}}}}
00:27:47.557 [raft-server-2] TRACE i.a.p.raft.roles.FollowerRole - RaftServer{2}{role=FOLLOWER} - Appended Indexed{index=15, entry=CommandEntry{term=1, timestamp=2018-06-10 12:27:47,557, session=2, sequence=10, operation=PrimitiveOperation{id=DefaultOperationId{id=write, type=COMMAND}, value=byte[]{length=17, hash=-1644578928}}}}
00:27:47.613 [raft-server-3] TRACE i.a.p.raft.roles.FollowerRole - RaftServer{3}{role=FOLLOWER} - Committed entries up to index 14
00:27:47.613 [raft-server-3] TRACE i.a.p.raft.roles.FollowerRole - RaftServer{3}{role=FOLLOWER} - Sending AppendResponse{status=OK, term=1, succeeded=true, lastLogIndex=15}
00:27:47.613 [raft-server-2] TRACE i.a.p.raft.roles.FollowerRole - RaftServer{2}{role=FOLLOWER} - Committed entries up to index 14
00:27:47.613 [raft-server-2] TRACE i.a.p.raft.roles.FollowerRole - RaftServer{2}{role=FOLLOWER} - Sending AppendResponse{status=OK, term=1, succeeded=true, lastLogIndex=15}
00:27:47.613 [raft-server-1] TRACE i.a.p.raft.roles.LeaderAppender - RaftServer{1} - Received AppendResponse{status=OK, term=1, succeeded=true, lastLogIndex=15} from 3
00:27:47.613 [raft-server-3-state] TRACE i.a.p.raft.impl.RaftServiceManager - RaftServer{3} - Applying Indexed{index=14, entry=CommandEntry{term=1, timestamp=2018-06-10 12:27:47,464, session=2, sequence=9, operation=PrimitiveOperation{id=DefaultOperationId{id=write, type=COMMAND}, value=byte[]{length=17, hash=-1644578928}}}}
00:27:47.613 [raft-server-1] TRACE i.a.p.raft.roles.LeaderAppender - RaftServer{1} - Committed entries up to 15
00:27:47.613 [raft-server-2-state] TRACE i.a.p.raft.impl.RaftServiceManager - RaftServer{2} - Applying Indexed{index=14, entry=CommandEntry{term=1, timestamp=2018-06-10 12:27:47,464, session=2, sequence=9, operation=PrimitiveOperation{id=DefaultOperationId{id=write, type=COMMAND}, value=byte[]{length=17, hash=-1644578928}}}}
00:27:47.613 [raft-server-3-state] TRACE i.a.p.s.impl.DefaultServiceExecutor - PrimitiveService{2}{type=io.atomix.protocols.raft.RaftTest$TestPrimitiveType@192b3940, name=raft-test} - Executing DefaultCommit{index=14, session=RaftSession{RaftServiceContext{server=3, type=io.atomix.protocols.raft.RaftTest$TestPrimitiveType@192b3940, name=raft-test, id=2}, session=2, timestamp=2018-06-10 12:27:47,464}, time=2018-06-10 12:27:47,464, operation=DefaultOperationId{id=write, type=COMMAND}, value=byte[]{length=17, hash=-1644578928}}
00:27:47.613 [raft-server-2-state] TRACE i.a.p.s.impl.DefaultServiceExecutor - PrimitiveService{2}{type=io.atomix.protocols.raft.RaftTest$TestPrimitiveType@68be9fc, name=raft-test} - Executing DefaultCommit{index=14, session=RaftSession{RaftServiceContext{server=2, type=io.atomix.protocols.raft.RaftTest$TestPrimitiveType@68be9fc, name=raft-test, id=2}, session=2, timestamp=2018-06-10 12:27:47,464}, time=2018-06-10 12:27:47,464, operation=DefaultOperationId{id=write, type=COMMAND}, value=byte[]{length=17, hash=-1644578928}}
00:27:47.617 [raft-client-1f73cd99-b88c-4b59-9944-86684dacc85c-5] TRACE i.a.p.r.s.impl.RaftSessionManager - RaftClient{1f73cd99-b88c-4b59-9944-86684dacc85c} - Keeping 1 sessions alive
00:27:47.617 [raft-client-1f73cd99-b88c-4b59-9944-86684dacc85c-5] TRACE i.a.p.r.s.impl.RaftSessionConnection - RaftClient{1f73cd99-b88c-4b59-9944-86684dacc85c} - Sending KeepAliveRequest{sessionIds=long[]{length=1, hash=33}, commandSequences=long[]{length=1, hash=40}, eventIndexes=long[]{length=1, hash=33}} to 3
00:27:47.617 [raft-server-3] TRACE i.a.p.raft.roles.FollowerRole - RaftServer{3}{role=FOLLOWER} - Received KeepAliveRequest{sessionIds=long[]{length=1, hash=33}, commandSequences=long[]{length=1, hash=40}, eventIndexes=long[]{length=1, hash=33}}
00:27:47.664 [raft-server-1] TRACE i.a.p.raft.roles.LeaderAppender - RaftServer{1} - Received AppendResponse{status=OK, term=1, succeeded=true, lastLogIndex=15} from 2
00:27:47.664 [raft-server-1] TRACE i.a.protocols.raft.roles.LeaderRole - RaftServer{1}{role=LEADER} - Received KeepAliveRequest{sessionIds=long[]{length=1, hash=33}, commandSequences=long[]{length=1, hash=40}, eventIndexes=long[]{length=1, hash=33}}
00:27:47.664 [raft-server-1] TRACE i.a.protocols.raft.roles.LeaderRole - RaftServer{1}{role=LEADER} - Appended Indexed{index=16, entry=KeepAliveEntry{term=1, timestamp=2018-06-10 12:27:47,664, sessionIds=long[]{length=1, hash=33}, commandSequences=long[]{length=1, hash=40}, eventIndexes=long[]{length=1, hash=33}}}
00:27:47.665 [raft-server-1] TRACE i.a.p.raft.roles.LeaderAppender - RaftServer{1} - Sending AppendRequest{term=1, leader=1, prevLogIndex=15, prevLogTerm=1, entries=1, commitIndex=15} to 3
00:27:47.665 [raft-server-1] TRACE i.a.p.raft.roles.LeaderAppender - RaftServer{1} - Sending AppendRequest{term=1, leader=1, prevLogIndex=15, prevLogTerm=1, entries=1, commitIndex=15} to 2
00:27:47.665 [raft-server-3] TRACE i.a.p.raft.roles.FollowerRole - RaftServer{3}{role=FOLLOWER} - Received AppendRequest{term=1, leader=1, prevLogIndex=15, prevLogTerm=1, entries=1, commitIndex=15}
00:27:47.665 [raft-server-2] TRACE i.a.p.raft.roles.FollowerRole - RaftServer{2}{role=FOLLOWER} - Received AppendRequest{term=1, leader=1, prevLogIndex=15, prevLogTerm=1, entries=1, commitIndex=15}
00:27:47.665 [raft-server-1-state] TRACE i.a.p.raft.impl.RaftServiceManager - RaftServer{1} - Applying Indexed{index=15, entry=CommandEntry{term=1, timestamp=2018-06-10 12:27:47,557, session=2, sequence=10, operation=PrimitiveOperation{id=DefaultOperationId{id=write, type=COMMAND}, value=byte[]{length=17, hash=-1644578928}}}}
00:27:47.665 [raft-server-1-state] TRACE i.a.p.s.impl.DefaultServiceExecutor - PrimitiveService{2}{type=io.atomix.protocols.raft.RaftTest$TestPrimitiveType@f170389, name=raft-test} - Executing DefaultCommit{index=15, session=RaftSession{RaftServiceContext{server=1, type=io.atomix.protocols.raft.RaftTest$TestPrimitiveType@f170389, name=raft-test, id=2}, session=2, timestamp=2018-06-10 12:27:47,557}, time=2018-06-10 12:27:47,557, operation=DefaultOperationId{id=write, type=COMMAND}, value=byte[]{length=17, hash=-1644578928}}
00:27:47.665 [raft-server-3] TRACE i.a.p.raft.roles.FollowerRole - RaftServer{3}{role=FOLLOWER} - Appended Indexed{index=16, entry=KeepAliveEntry{term=1, timestamp=2018-06-10 12:27:47,664, sessionIds=long[]{length=1, hash=33}, commandSequences=long[]{length=1, hash=40}, eventIndexes=long[]{length=1, hash=33}}}
00:27:47.665 [raft-server-2] TRACE i.a.p.raft.roles.FollowerRole - RaftServer{2}{role=FOLLOWER} - Appended Indexed{index=16, entry=KeepAliveEntry{term=1, timestamp=2018-06-10 12:27:47,664, sessionIds=long[]{length=1, hash=33}, commandSequences=long[]{length=1, hash=40}, eventIndexes=long[]{length=1, hash=33}}}
00:27:47.665 [raft-server-1-state] TRACE i.a.protocols.raft.roles.LeaderRole - RaftServer{1}{role=LEADER} - Sending CommandResponse{status=OK, index=15, eventIndex=2, result=byte[]{length=2, hash=1270}}
00:27:47.665 [raft-client-1f73cd99-b88c-4b59-9944-86684dacc85c-6] TRACE i.a.p.r.s.impl.RaftSessionConnection - SessionClient{2}{type=io.atomix.protocols.raft.RaftTest$TestPrimitiveType@7d0100ea, name=raft-test} - Received CommandResponse{status=OK, index=15, eventIndex=2, result=byte[]{length=2, hash=1270}} from 1
00:27:47.665 [raft-client-1f73cd99-b88c-4b59-9944-86684dacc85c-6] TRACE i.a.p.r.s.impl.RaftSessionSequencer - SessionClient{2}{type=io.atomix.protocols.raft.RaftTest$TestPrimitiveType@7d0100ea, name=raft-test} - Completing response CommandResponse{status=OK, index=15, eventIndex=2, result=byte[]{length=2, hash=1270}}
00:27:47.666 [raft-client-1f73cd99-b88c-4b59-9944-86684dacc85c-7] TRACE i.a.p.r.s.impl.RaftSessionConnection - SessionClient{2}{type=io.atomix.protocols.raft.RaftTest$TestPrimitiveType@7d0100ea, name=raft-test} - Sending CommandRequest{session=2, sequence=11, operation=PrimitiveOperation{id=DefaultOperationId{id=write, type=COMMAND}, value=byte[]{length=17, hash=-1644578928}}} to 1
00:27:47.666 [raft-server-1] TRACE i.a.protocols.raft.roles.LeaderRole - RaftServer{1}{role=LEADER} - Received CommandRequest{session=2, sequence=11, operation=PrimitiveOperation{id=DefaultOperationId{id=write, type=COMMAND}, value=byte[]{length=17, hash=-1644578928}}}
00:27:47.666 [raft-server-1] TRACE i.a.protocols.raft.roles.LeaderRole - RaftServer{1}{role=LEADER} - Appended Indexed{index=17, entry=CommandEntry{term=1, timestamp=2018-06-10 12:27:47,666, session=2, sequence=11, operation=PrimitiveOperation{id=DefaultOperationId{id=write, type=COMMAND}, value=byte[]{length=17, hash=-1644578928}}}}
00:27:47.721 [raft-server-3] TRACE i.a.p.raft.roles.FollowerRole - RaftServer{3}{role=FOLLOWER} - Committed entries up to index 15
00:27:47.721 [raft-server-3] TRACE i.a.p.raft.roles.FollowerRole - RaftServer{3}{role=FOLLOWER} - Sending AppendResponse{status=OK, term=1, succeeded=true, lastLogIndex=16}
00:27:47.721 [raft-server-2] TRACE i.a.p.raft.roles.FollowerRole - RaftServer{2}{role=FOLLOWER} - Committed entries up to index 15
00:27:47.721 [raft-server-2] TRACE i.a.p.raft.roles.FollowerRole - RaftServer{2}{role=FOLLOWER} - Sending AppendResponse{status=OK, term=1, succeeded=true, lastLogIndex=16}
00:27:47.721 [raft-server-1] TRACE i.a.p.raft.roles.LeaderAppender - RaftServer{1} - Received AppendResponse{status=OK, term=1, succeeded=true, lastLogIndex=16} from 3
00:27:47.721 [raft-server-3-state] TRACE i.a.p.raft.impl.RaftServiceManager - RaftServer{3} - Applying Indexed{index=15, entry=CommandEntry{term=1, timestamp=2018-06-10 12:27:47,557, session=2, sequence=10, operation=PrimitiveOperation{id=DefaultOperationId{id=write, type=COMMAND}, value=byte[]{length=17, hash=-1644578928}}}}
00:27:47.721 [raft-server-2-state] TRACE i.a.p.raft.impl.RaftServiceManager - RaftServer{2} - Applying Indexed{index=15, entry=CommandEntry{term=1, timestamp=2018-06-10 12:27:47,557, session=2, sequence=10, operation=PrimitiveOperation{id=DefaultOperationId{id=write, type=COMMAND}, value=byte[]{length=17, hash=-1644578928}}}}
00:27:47.721 [raft-server-1] TRACE i.a.p.raft.roles.LeaderAppender - RaftServer{1} - Committed entries up to 16
00:27:47.721 [raft-server-3-state] TRACE i.a.p.s.impl.DefaultServiceExecutor - PrimitiveService{2}{type=io.atomix.protocols.raft.RaftTest$TestPrimitiveType@192b3940, name=raft-test} - Executing DefaultCommit{index=15, session=RaftSession{RaftServiceContext{server=3, type=io.atomix.protocols.raft.RaftTest$TestPrimitiveType@192b3940, name=raft-test, id=2}, session=2, timestamp=2018-06-10 12:27:47,557}, time=2018-06-10 12:27:47,557, operation=DefaultOperationId{id=write, type=COMMAND}, value=byte[]{length=17, hash=-1644578928}}
00:27:47.721 [raft-server-2-state] TRACE i.a.p.s.impl.DefaultServiceExecutor - PrimitiveService{2}{type=io.atomix.protocols.raft.RaftTest$TestPrimitiveType@68be9fc, name=raft-test} - Executing DefaultCommit{index=15, session=RaftSession{RaftServiceContext{server=2, type=io.atomix.protocols.raft.RaftTest$TestPrimitiveType@68be9fc, name=raft-test, id=2}, session=2, timestamp=2018-06-10 12:27:47,557}, time=2018-06-10 12:27:47,557, operation=DefaultOperationId{id=write, type=COMMAND}, value=byte[]{length=17, hash=-1644578928}}
00:27:47.771 [raft-server-1] TRACE i.a.p.raft.roles.LeaderAppender - RaftServer{1} - Sending AppendRequest{term=1, leader=1, prevLogIndex=16, prevLogTerm=1, entries=1, commitIndex=16} to 3
00:27:47.771 [raft-server-1] TRACE i.a.p.raft.roles.LeaderAppender - RaftServer{1} - Sending AppendRequest{term=1, leader=1, prevLogIndex=16, prevLogTerm=1, entries=1, commitIndex=16} to 2
00:27:47.771 [raft-server-3] TRACE i.a.p.raft.roles.FollowerRole - RaftServer{3}{role=FOLLOWER} - Received AppendRequest{term=1, leader=1, prevLogIndex=16, prevLogTerm=1, entries=1, commitIndex=16}
00:27:47.771 [raft-server-1] TRACE i.a.p.raft.roles.LeaderAppender - RaftServer{1} - Received AppendResponse{status=OK, term=1, succeeded=true, lastLogIndex=16} from 2
00:27:47.771 [raft-server-2] TRACE i.a.p.raft.roles.FollowerRole - RaftServer{2}{role=FOLLOWER} - Received AppendRequest{term=1, leader=1, prevLogIndex=16, prevLogTerm=1, entries=1, commitIndex=16}
00:27:47.771 [raft-server-1-state] TRACE i.a.p.raft.impl.RaftServiceManager - RaftServer{1} - Applying Indexed{index=16, entry=KeepAliveEntry{term=1, timestamp=2018-06-10 12:27:47,664, sessionIds=long[]{length=1, hash=33}, commandSequences=long[]{length=1, hash=40}, eventIndexes=long[]{length=1, hash=33}}}
00:27:47.771 [raft-server-3] TRACE i.a.p.raft.roles.FollowerRole - RaftServer{3}{role=FOLLOWER} - Appended Indexed{index=17, entry=CommandEntry{term=1, timestamp=2018-06-10 12:27:47,666, session=2, sequence=11, operation=PrimitiveOperation{id=DefaultOperationId{id=write, type=COMMAND}, value=byte[]{length=17, hash=-1644578928}}}}
00:27:47.771 [raft-server-2] TRACE i.a.p.raft.roles.FollowerRole - RaftServer{2}{role=FOLLOWER} - Appended Indexed{index=17, entry=CommandEntry{term=1, timestamp=2018-06-10 12:27:47,666, session=2, sequence=11, operation=PrimitiveOperation{id=DefaultOperationId{id=write, type=COMMAND}, value=byte[]{length=17, hash=-1644578928}}}}
00:27:47.772 [raft-server-1] TRACE i.a.protocols.raft.roles.LeaderRole - RaftServer{1}{role=LEADER} - Sending KeepAliveResponse{status=OK, leader=1, members=[3, 1, 2], sessionIds=long[]{length=1, hash=33}}
00:27:47.814 [raft-server-3] TRACE i.a.p.raft.roles.FollowerRole - RaftServer{3}{role=FOLLOWER} - Committed entries up to index 16
00:27:47.814 [raft-server-2] TRACE i.a.p.raft.roles.FollowerRole - RaftServer{2}{role=FOLLOWER} - Committed entries up to index 16
00:27:47.814 [raft-server-3] TRACE i.a.p.raft.roles.FollowerRole - RaftServer{3}{role=FOLLOWER} - Sending AppendResponse{status=OK, term=1, succeeded=true, lastLogIndex=17}
00:27:47.814 [raft-server-2] TRACE i.a.p.raft.roles.FollowerRole - RaftServer{2}{role=FOLLOWER} - Sending AppendResponse{status=OK, term=1, succeeded=true, lastLogIndex=17}
00:27:47.814 [raft-server-3] TRACE i.a.p.raft.roles.FollowerRole - RaftServer{3}{role=FOLLOWER} - Sending KeepAliveResponse{status=OK, leader=1, members=[3, 1, 2], sessionIds=long[]{length=1, hash=33}}
00:27:47.814 [raft-server-1] TRACE i.a.p.raft.roles.LeaderAppender - RaftServer{1} - Received AppendResponse{status=OK, term=1, succeeded=true, lastLogIndex=17} from 3
00:27:47.814 [raft-server-2-state] TRACE i.a.p.raft.impl.RaftServiceManager - RaftServer{2} - Applying Indexed{index=16, entry=KeepAliveEntry{term=1, timestamp=2018-06-10 12:27:47,664, sessionIds=long[]{length=1, hash=33}, commandSequences=long[]{length=1, hash=40}, eventIndexes=long[]{length=1, hash=33}}}
00:27:47.815 [raft-client-1f73cd99-b88c-4b59-9944-86684dacc85c-2] TRACE i.a.p.r.s.impl.RaftSessionConnection - RaftClient{1f73cd99-b88c-4b59-9944-86684dacc85c} - Received KeepAliveResponse{status=OK, leader=1, members=[3, 1, 2], sessionIds=long[]{length=1, hash=33}} from 3
00:27:47.815 [raft-server-3-state] TRACE i.a.p.raft.impl.RaftServiceManager - RaftServer{3} - Applying Indexed{index=16, entry=KeepAliveEntry{term=1, timestamp=2018-06-10 12:27:47,664, sessionIds=long[]{length=1, hash=33}, commandSequences=long[]{length=1, hash=40}, eventIndexes=long[]{length=1, hash=33}}}
00:27:47.815 [raft-server-1] TRACE i.a.p.raft.roles.LeaderAppender - RaftServer{1} - Committed entries up to 17
00:27:47.854 [raft-server-1] TRACE i.a.p.raft.roles.LeaderAppender - RaftServer{1} - Received AppendResponse{status=OK, term=1, succeeded=true, lastLogIndex=17} from 2
00:27:47.854 [raft-server-1-state] TRACE i.a.p.raft.impl.RaftServiceManager - RaftServer{1} - Applying Indexed{index=17, entry=CommandEntry{term=1, timestamp=2018-06-10 12:27:47,666, session=2, sequence=11, operation=PrimitiveOperation{id=DefaultOperationId{id=write, type=COMMAND}, value=byte[]{length=17, hash=-1644578928}}}}
00:27:47.855 [raft-server-1-state] TRACE i.a.p.s.impl.DefaultServiceExecutor - PrimitiveService{2}{type=io.atomix.protocols.raft.RaftTest$TestPrimitiveType@f170389, name=raft-test} - Executing DefaultCommit{index=17, session=RaftSession{RaftServiceContext{server=1, type=io.atomix.protocols.raft.RaftTest$TestPrimitiveType@f170389, name=raft-test, id=2}, session=2, timestamp=2018-06-10 12:27:47,666}, time=2018-06-10 12:27:47,666, operation=DefaultOperationId{id=write, type=COMMAND}, value=byte[]{length=17, hash=-1644578928}}
00:27:47.855 [raft-server-1-state] TRACE i.a.protocols.raft.roles.LeaderRole - RaftServer{1}{role=LEADER} - Sending CommandResponse{status=OK, index=17, eventIndex=2, result=byte[]{length=2, hash=1274}}
00:27:47.855 [raft-client-1f73cd99-b88c-4b59-9944-86684dacc85c-5] TRACE i.a.p.r.s.impl.RaftSessionConnection - SessionClient{2}{type=io.atomix.protocols.raft.RaftTest$TestPrimitiveType@7d0100ea, name=raft-test} - Received CommandResponse{status=OK, index=17, eventIndex=2, result=byte[]{length=2, hash=1274}} from 1
00:27:47.855 [raft-client-1f73cd99-b88c-4b59-9944-86684dacc85c-5] TRACE i.a.p.r.s.impl.RaftSessionSequencer - SessionClient{2}{type=io.atomix.protocols.raft.RaftTest$TestPrimitiveType@7d0100ea, name=raft-test} - Completing response CommandResponse{status=OK, index=17, eventIndex=2, result=byte[]{length=2, hash=1274}}
00:27:47.855 [raft-client-1f73cd99-b88c-4b59-9944-86684dacc85c-5] TRACE i.a.p.r.s.impl.RaftSessionConnection - SessionClient{2}{type=io.atomix.protocols.raft.RaftTest$TestPrimitiveType@7d0100ea, name=raft-test} - Sending CommandRequest{session=2, sequence=12, operation=PrimitiveOperation{id=DefaultOperationId{id=write, type=COMMAND}, value=byte[]{length=17, hash=-1644578928}}} to 1
00:27:47.855 [raft-server-1] TRACE i.a.protocols.raft.roles.LeaderRole - RaftServer{1}{role=LEADER} - Received CommandRequest{session=2, sequence=12, operation=PrimitiveOperation{id=DefaultOperationId{id=write, type=COMMAND}, value=byte[]{length=17, hash=-1644578928}}}
00:27:47.855 [raft-server-1] TRACE i.a.protocols.raft.roles.LeaderRole - RaftServer{1}{role=LEADER} - Appended Indexed{index=18, entry=CommandEntry{term=1, timestamp=2018-06-10 12:27:47,855, session=2, sequence=12, operation=PrimitiveOperation{id=DefaultOperationId{id=write, type=COMMAND}, value=byte[]{length=17, hash=-1644578928}}}}
00:27:47.855 [raft-server-1] TRACE i.a.p.raft.roles.LeaderAppender - RaftServer{1} - Sending AppendRequest{term=1, leader=1, prevLogIndex=17, prevLogTerm=1, entries=1, commitIndex=17} to 3
00:27:47.856 [raft-server-3] TRACE i.a.p.raft.roles.FollowerRole - RaftServer{3}{role=FOLLOWER} - Received AppendRequest{term=1, leader=1, prevLogIndex=17, prevLogTerm=1, entries=1, commitIndex=17}
00:27:47.856 [raft-server-1] TRACE i.a.p.raft.roles.LeaderAppender - RaftServer{1} - Sending AppendRequest{term=1, leader=1, prevLogIndex=17, prevLogTerm=1, entries=1, commitIndex=17} to 2
00:27:47.856 [raft-server-2] TRACE i.a.p.raft.roles.FollowerRole - RaftServer{2}{role=FOLLOWER} - Received AppendRequest{term=1, leader=1, prevLogIndex=17, prevLogTerm=1, entries=1, commitIndex=17}
00:27:47.856 [raft-server-3] TRACE i.a.p.raft.roles.FollowerRole - RaftServer{3}{role=FOLLOWER} - Appended Indexed{index=18, entry=CommandEntry{term=1, timestamp=2018-06-10 12:27:47,855, session=2, sequence=12, operation=PrimitiveOperation{id=DefaultOperationId{id=write, type=COMMAND}, value=byte[]{length=17, hash=-1644578928}}}}
00:27:47.856 [raft-server-2] TRACE i.a.p.raft.roles.FollowerRole - RaftServer{2}{role=FOLLOWER} - Appended Indexed{index=18, entry=CommandEntry{term=1, timestamp=2018-06-10 12:27:47,855, session=2, sequence=12, operation=PrimitiveOperation{id=DefaultOperationId{id=write, type=COMMAND}, value=byte[]{length=17, hash=-1644578928}}}}
00:27:47.913 [raft-server-3] TRACE i.a.p.raft.roles.FollowerRole - RaftServer{3}{role=FOLLOWER} - Committed entries up to index 17
00:27:47.913 [raft-server-2] TRACE i.a.p.raft.roles.FollowerRole - RaftServer{2}{role=FOLLOWER} - Committed entries up to index 17
00:27:47.913 [raft-server-3] TRACE i.a.p.raft.roles.FollowerRole - RaftServer{3}{role=FOLLOWER} - Sending AppendResponse{status=OK, term=1, succeeded=true, lastLogIndex=18}
00:27:47.913 [raft-server-2] TRACE i.a.p.raft.roles.FollowerRole - RaftServer{2}{role=FOLLOWER} - Sending AppendResponse{status=OK, term=1, succeeded=true, lastLogIndex=18}
00:27:47.913 [raft-server-1] TRACE i.a.p.raft.roles.LeaderAppender - RaftServer{1} - Received AppendResponse{status=OK, term=1, succeeded=true, lastLogIndex=18} from 3
00:27:47.913 [raft-server-3-state] TRACE i.a.p.raft.impl.RaftServiceManager - RaftServer{3} - Applying Indexed{index=17, entry=CommandEntry{term=1, timestamp=2018-06-10 12:27:47,666, session=2, sequence=11, operation=PrimitiveOperation{id=DefaultOperationId{id=write, type=COMMAND}, value=byte[]{length=17, hash=-1644578928}}}}
00:27:47.913 [raft-server-2-state] TRACE i.a.p.raft.impl.RaftServiceManager - RaftServer{2} - Applying Indexed{index=17, entry=CommandEntry{term=1, timestamp=2018-06-10 12:27:47,666, session=2, sequence=11, operation=PrimitiveOperation{id=DefaultOperationId{id=write, type=COMMAND}, value=byte[]{length=17, hash=-1644578928}}}}
00:27:47.913 [raft-server-1] TRACE i.a.p.raft.roles.LeaderAppender - RaftServer{1} - Committed entries up to 18
00:27:47.913 [raft-server-3-state] TRACE i.a.p.s.impl.DefaultServiceExecutor - PrimitiveService{2}{type=io.atomix.protocols.raft.RaftTest$TestPrimitiveType@192b3940, name=raft-test} - Executing DefaultCommit{index=17, session=RaftSession{RaftServiceContext{server=3, type=io.atomix.protocols.raft.RaftTest$TestPrimitiveType@192b3940, name=raft-test, id=2}, session=2, timestamp=2018-06-10 12:27:47,666}, time=2018-06-10 12:27:47,666, operation=DefaultOperationId{id=write, type=COMMAND}, value=byte[]{length=17, hash=-1644578928}}
00:27:47.913 [raft-server-2-state] TRACE i.a.p.s.impl.DefaultServiceExecutor - PrimitiveService{2}{type=io.atomix.protocols.raft.RaftTest$TestPrimitiveType@68be9fc, name=raft-test} - Executing DefaultCommit{index=17, session=RaftSession{RaftServiceContext{server=2, type=io.atomix.protocols.raft.RaftTest$TestPrimitiveType@68be9fc, name=raft-test, id=2}, session=2, timestamp=2018-06-10 12:27:47,666}, time=2018-06-10 12:27:47,666, operation=DefaultOperationId{id=write, type=COMMAND}, value=byte[]{length=17, hash=-1644578928}}
00:27:47.954 [raft-server-1] TRACE i.a.p.raft.roles.LeaderAppender - RaftServer{1} - Sending AppendRequest{term=1, leader=1, prevLogIndex=18, prevLogTerm=1, entries=0, commitIndex=18} to 3
00:27:47.954 [raft-server-1] TRACE i.a.p.raft.roles.LeaderAppender - RaftServer{1} - Received AppendResponse{status=OK, term=1, succeeded=true, lastLogIndex=18} from 2
00:27:47.954 [raft-server-3] TRACE i.a.p.raft.roles.FollowerRole - RaftServer{3}{role=FOLLOWER} - Received AppendRequest{term=1, leader=1, prevLogIndex=18, prevLogTerm=1, entries=0, commitIndex=18}
00:27:47.954 [raft-server-1] TRACE i.a.p.raft.roles.LeaderAppender - RaftServer{1} - Sending AppendRequest{term=1, leader=1, prevLogIndex=18, prevLogTerm=1, entries=0, commitIndex=18} to 2
00:27:47.955 [raft-server-2] TRACE i.a.p.raft.roles.FollowerRole - RaftServer{2}{role=FOLLOWER} - Received AppendRequest{term=1, leader=1, prevLogIndex=18, prevLogTerm=1, entries=0, commitIndex=18}
00:27:47.955 [raft-server-2] TRACE i.a.p.raft.roles.FollowerRole - RaftServer{2}{role=FOLLOWER} - Committed entries up to index 18
00:27:47.955 [raft-server-1-state] TRACE i.a.p.raft.impl.RaftServiceManager - RaftServer{1} - Applying Indexed{index=18, entry=CommandEntry{term=1, timestamp=2018-06-10 12:27:47,855, session=2, sequence=12, operation=PrimitiveOperation{id=DefaultOperationId{id=write, type=COMMAND}, value=byte[]{length=17, hash=-1644578928}}}}
00:27:47.955 [raft-server-2] TRACE i.a.p.raft.roles.FollowerRole - RaftServer{2}{role=FOLLOWER} - Sending AppendResponse{status=OK, term=1, succeeded=true, lastLogIndex=18}
00:27:47.955 [raft-server-1-state] TRACE i.a.p.s.impl.DefaultServiceExecutor - PrimitiveService{2}{type=io.atomix.protocols.raft.RaftTest$TestPrimitiveType@f170389, name=raft-test} - Executing DefaultCommit{index=18, session=RaftSession{RaftServiceContext{server=1, type=io.atomix.protocols.raft.RaftTest$TestPrimitiveType@f170389, name=raft-test, id=2}, session=2, timestamp=2018-06-10 12:27:47,855}, time=2018-06-10 12:27:47,855, operation=DefaultOperationId{id=write, type=COMMAND}, value=byte[]{length=17, hash=-1644578928}}
00:27:47.955 [raft-server-1] TRACE i.a.p.raft.roles.LeaderAppender - RaftServer{1} - Received AppendResponse{status=OK, term=1, succeeded=true, lastLogIndex=18} from 2
00:27:47.955 [raft-server-2-state] TRACE i.a.p.raft.impl.RaftServiceManager - RaftServer{2} - Applying Indexed{index=18, entry=CommandEntry{term=1, timestamp=2018-06-10 12:27:47,855, session=2, sequence=12, operation=PrimitiveOperation{id=DefaultOperationId{id=write, type=COMMAND}, value=byte[]{length=17, hash=-1644578928}}}}
00:27:47.955 [raft-server-1-state] TRACE i.a.protocols.raft.roles.LeaderRole - RaftServer{1}{role=LEADER} - Sending CommandResponse{status=OK, index=18, eventIndex=2, result=byte[]{length=2, hash=1276}}
00:27:47.955 [raft-server-2-state] TRACE i.a.p.s.impl.DefaultServiceExecutor - PrimitiveService{2}{type=io.atomix.protocols.raft.RaftTest$TestPrimitiveType@68be9fc, name=raft-test} - Executing DefaultCommit{index=18, session=RaftSession{RaftServiceContext{server=2, type=io.atomix.protocols.raft.RaftTest$TestPrimitiveType@68be9fc, name=raft-test, id=2}, session=2, timestamp=2018-06-10 12:27:47,855}, time=2018-06-10 12:27:47,855, operation=DefaultOperationId{id=write, type=COMMAND}, value=byte[]{length=17, hash=-1644578928}}
00:27:47.955 [raft-client-1f73cd99-b88c-4b59-9944-86684dacc85c-2] TRACE i.a.p.r.s.impl.RaftSessionConnection - SessionClient{2}{type=io.atomix.protocols.raft.RaftTest$TestPrimitiveType@7d0100ea, name=raft-test} - Received CommandResponse{status=OK, index=18, eventIndex=2, result=byte[]{length=2, hash=1276}} from 1
00:27:47.955 [raft-client-1f73cd99-b88c-4b59-9944-86684dacc85c-2] TRACE i.a.p.r.s.impl.RaftSessionSequencer - SessionClient{2}{type=io.atomix.protocols.raft.RaftTest$TestPrimitiveType@7d0100ea, name=raft-test} - Completing response CommandResponse{status=OK, index=18, eventIndex=2, result=byte[]{length=2, hash=1276}}
00:27:47.956 [raft-client-1f73cd99-b88c-4b59-9944-86684dacc85c-4] TRACE i.a.p.r.s.impl.RaftSessionConnection - SessionClient{2}{type=io.atomix.protocols.raft.RaftTest$TestPrimitiveType@7d0100ea, name=raft-test} - Sending CommandRequest{session=2, sequence=13, operation=PrimitiveOperation{id=DefaultOperationId{id=write, type=COMMAND}, value=byte[]{length=17, hash=-1644578928}}} to 1
00:27:47.956 [raft-server-1] TRACE i.a.protocols.raft.roles.LeaderRole - RaftServer{1}{role=LEADER} - Received CommandRequest{session=2, sequence=13, operation=PrimitiveOperation{id=DefaultOperationId{id=write, type=COMMAND}, value=byte[]{length=17, hash=-1644578928}}}
00:27:47.956 [raft-server-1] TRACE i.a.protocols.raft.roles.LeaderRole - RaftServer{1}{role=LEADER} - Appended Indexed{index=19, entry=CommandEntry{term=1, timestamp=2018-06-10 12:27:47,956, session=2, sequence=13, operation=PrimitiveOperation{id=DefaultOperationId{id=write, type=COMMAND}, value=byte[]{length=17, hash=-1644578928}}}}
00:27:47.956 [raft-server-1] TRACE i.a.p.raft.roles.LeaderAppender - RaftServer{1} - Sending AppendRequest{term=1, leader=1, prevLogIndex=18, prevLogTerm=1, entries=1, commitIndex=18} to 2
00:27:47.956 [raft-server-2] TRACE i.a.p.raft.roles.FollowerRole - RaftServer{2}{role=FOLLOWER} - Received AppendRequest{term=1, leader=1, prevLogIndex=18, prevLogTerm=1, entries=1, commitIndex=18}
00:27:47.956 [raft-server-2] TRACE i.a.p.raft.roles.FollowerRole - RaftServer{2}{role=FOLLOWER} - Appended Indexed{index=19, entry=CommandEntry{term=1, timestamp=2018-06-10 12:27:47,956, session=2, sequence=13, operation=PrimitiveOperation{id=DefaultOperationId{id=write, type=COMMAND}, value=byte[]{length=17, hash=-1644578928}}}}
00:27:47.956 [raft-server-2] TRACE i.a.p.raft.roles.FollowerRole - RaftServer{2}{role=FOLLOWER} - Sending AppendResponse{status=OK, term=1, succeeded=true, lastLogIndex=19}
00:27:47.957 [raft-server-1] TRACE i.a.p.raft.roles.LeaderAppender - RaftServer{1} - Received AppendResponse{status=OK, term=1, succeeded=true, lastLogIndex=19} from 2
00:27:47.957 [raft-server-1] TRACE i.a.p.raft.roles.LeaderAppender - RaftServer{1} - Committed entries up to 19
00:27:47.989 [raft-server-3] TRACE i.a.p.raft.roles.FollowerRole - RaftServer{3}{role=FOLLOWER} - Committed entries up to index 18
00:27:47.989 [raft-server-3] TRACE i.a.p.raft.roles.FollowerRole - RaftServer{3}{role=FOLLOWER} - Sending AppendResponse{status=OK, term=1, succeeded=true, lastLogIndex=18}
00:27:47.989 [raft-server-3-state] TRACE i.a.p.raft.impl.RaftServiceManager - RaftServer{3} - Applying Indexed{index=18, entry=CommandEntry{term=1, timestamp=2018-06-10 12:27:47,855, session=2, sequence=12, operation=PrimitiveOperation{id=DefaultOperationId{id=write, type=COMMAND}, value=byte[]{length=17, hash=-1644578928}}}}
00:27:47.989 [raft-server-3-state] TRACE i.a.p.s.impl.DefaultServiceExecutor - PrimitiveService{2}{type=io.atomix.protocols.raft.RaftTest$TestPrimitiveType@192b3940, name=raft-test} - Executing DefaultCommit{index=18, session=RaftSession{RaftServiceContext{server=3, type=io.atomix.protocols.raft.RaftTest$TestPrimitiveType@192b3940, name=raft-test, id=2}, session=2, timestamp=2018-06-10 12:27:47,855}, time=2018-06-10 12:27:47,855, operation=DefaultOperationId{id=write, type=COMMAND}, value=byte[]{length=17, hash=-1644578928}}
00:27:48.029 [raft-server-1] TRACE i.a.p.raft.roles.LeaderAppender - RaftServer{1} - Received AppendResponse{status=OK, term=1, succeeded=true, lastLogIndex=18} from 3
00:27:48.029 [raft-server-1] TRACE i.a.p.raft.roles.LeaderAppender - RaftServer{1} - Sending AppendRequest{term=1, leader=1, prevLogIndex=18, prevLogTerm=1, entries=1, commitIndex=19} to 3
00:27:48.029 [raft-server-3] TRACE i.a.p.raft.roles.FollowerRole - RaftServer{3}{role=FOLLOWER} - Received AppendRequest{term=1, leader=1, prevLogIndex=18, prevLogTerm=1, entries=1, commitIndex=19}
00:27:48.029 [raft-server-1-state] TRACE i.a.p.raft.impl.RaftServiceManager - RaftServer{1} - Applying Indexed{index=19, entry=CommandEntry{term=1, timestamp=2018-06-10 12:27:47,956, session=2, sequence=13, operation=PrimitiveOperation{id=DefaultOperationId{id=write, type=COMMAND}, value=byte[]{length=17, hash=-1644578928}}}}
00:27:48.030 [raft-server-1-state] TRACE i.a.p.s.impl.DefaultServiceExecutor - PrimitiveService{2}{type=io.atomix.protocols.raft.RaftTest$TestPrimitiveType@f170389, name=raft-test} - Executing DefaultCommit{index=19, session=RaftSession{RaftServiceContext{server=1, type=io.atomix.protocols.raft.RaftTest$TestPrimitiveType@f170389, name=raft-test, id=2}, session=2, timestamp=2018-06-10 12:27:47,956}, time=2018-06-10 12:27:47,956, operation=DefaultOperationId{id=write, type=COMMAND}, value=byte[]{length=17, hash=-1644578928}}
00:27:48.030 [raft-server-3] TRACE i.a.p.raft.roles.FollowerRole - RaftServer{3}{role=FOLLOWER} - Appended Indexed{index=19, entry=CommandEntry{term=1, timestamp=2018-06-10 12:27:47,956, session=2, sequence=13, operation=PrimitiveOperation{id=DefaultOperationId{id=write, type=COMMAND}, value=byte[]{length=17, hash=-1644578928}}}}
00:27:48.030 [raft-server-1-state] TRACE i.a.protocols.raft.roles.LeaderRole - RaftServer{1}{role=LEADER} - Sending CommandResponse{status=OK, index=19, eventIndex=2, result=byte[]{length=2, hash=1278}}
00:27:48.030 [raft-client-1f73cd99-b88c-4b59-9944-86684dacc85c-7] TRACE i.a.p.r.s.impl.RaftSessionConnection - SessionClient{2}{type=io.atomix.protocols.raft.RaftTest$TestPrimitiveType@7d0100ea, name=raft-test} - Received CommandResponse{status=OK, index=19, eventIndex=2, result=byte[]{length=2, hash=1278}} from 1
00:27:48.030 [raft-client-1f73cd99-b88c-4b59-9944-86684dacc85c-7] TRACE i.a.p.r.s.impl.RaftSessionSequencer - SessionClient{2}{type=io.atomix.protocols.raft.RaftTest$TestPrimitiveType@7d0100ea, name=raft-test} - Completing response CommandResponse{status=OK, index=19, eventIndex=2, result=byte[]{length=2, hash=1278}}
00:27:48.030 [raft-client-1f73cd99-b88c-4b59-9944-86684dacc85c-7] TRACE i.a.p.r.s.impl.RaftSessionConnection - SessionClient{2}{type=io.atomix.protocols.raft.RaftTest$TestPrimitiveType@7d0100ea, name=raft-test} - Sending CommandRequest{session=2, sequence=14, operation=PrimitiveOperation{id=DefaultOperationId{id=write, type=COMMAND}, value=byte[]{length=17, hash=-1644578928}}} to 1
00:27:48.030 [raft-server-1] TRACE i.a.protocols.raft.roles.LeaderRole - RaftServer{1}{role=LEADER} - Received CommandRequest{session=2, sequence=14, operation=PrimitiveOperation{id=DefaultOperationId{id=write, type=COMMAND}, value=byte[]{length=17, hash=-1644578928}}}
00:27:48.030 [raft-server-1] TRACE i.a.protocols.raft.roles.LeaderRole - RaftServer{1}{role=LEADER} - Appended Indexed{index=20, entry=CommandEntry{term=1, timestamp=2018-06-10 12:27:48,030, session=2, sequence=14, operation=PrimitiveOperation{id=DefaultOperationId{id=write, type=COMMAND}, value=byte[]{length=17, hash=-1644578928}}}}
00:27:48.031 [raft-server-1] TRACE i.a.p.raft.roles.LeaderAppender - RaftServer{1} - Sending AppendRequest{term=1, leader=1, prevLogIndex=19, prevLogTerm=1, entries=1, commitIndex=19} to 2
00:27:48.031 [raft-server-2] TRACE i.a.p.raft.roles.FollowerRole - RaftServer{2}{role=FOLLOWER} - Received AppendRequest{term=1, leader=1, prevLogIndex=19, prevLogTerm=1, entries=1, commitIndex=19}
00:27:48.031 [raft-server-2] TRACE i.a.p.raft.roles.FollowerRole - RaftServer{2}{role=FOLLOWER} - Appended Indexed{index=20, entry=CommandEntry{term=1, timestamp=2018-06-10 12:27:48,030, session=2, sequence=14, operation=PrimitiveOperation{id=DefaultOperationId{id=write, type=COMMAND}, value=byte[]{length=17, hash=-1644578928}}}}
00:27:48.079 [raft-server-3] TRACE i.a.p.raft.roles.FollowerRole - RaftServer{3}{role=FOLLOWER} - Committed entries up to index 19
00:27:48.079 [raft-server-3] TRACE i.a.p.raft.roles.FollowerRole - RaftServer{3}{role=FOLLOWER} - Sending AppendResponse{status=OK, term=1, succeeded=true, lastLogIndex=19}
00:27:48.079 [raft-server-1] TRACE i.a.p.raft.roles.LeaderAppender - RaftServer{1} - Received AppendResponse{status=OK, term=1, succeeded=true, lastLogIndex=19} from 3
00:27:48.079 [raft-server-3-state] TRACE i.a.p.raft.impl.RaftServiceManager - RaftServer{3} - Applying Indexed{index=19, entry=CommandEntry{term=1, timestamp=2018-06-10 12:27:47,956, session=2, sequence=13, operation=PrimitiveOperation{id=DefaultOperationId{id=write, type=COMMAND}, value=byte[]{length=17, hash=-1644578928}}}}
00:27:48.080 [raft-server-1] TRACE i.a.p.raft.roles.LeaderAppender - RaftServer{1} - Sending AppendRequest{term=1, leader=1, prevLogIndex=19, prevLogTerm=1, entries=1, commitIndex=19} to 3
00:27:48.080 [raft-server-3-state] TRACE i.a.p.s.impl.DefaultServiceExecutor - PrimitiveService{2}{type=io.atomix.protocols.raft.RaftTest$TestPrimitiveType@192b3940, name=raft-test} - Executing DefaultCommit{index=19, session=RaftSession{RaftServiceContext{server=3, type=io.atomix.protocols.raft.RaftTest$TestPrimitiveType@192b3940, name=raft-test, id=2}, session=2, timestamp=2018-06-10 12:27:47,956}, time=2018-06-10 12:27:47,956, operation=DefaultOperationId{id=write, type=COMMAND}, value=byte[]{length=17, hash=-1644578928}}
00:27:48.080 [raft-server-3] TRACE i.a.p.raft.roles.FollowerRole - RaftServer{3}{role=FOLLOWER} - Received AppendRequest{term=1, leader=1, prevLogIndex=19, prevLogTerm=1, entries=1, commitIndex=19}
00:27:48.080 [raft-server-3] TRACE i.a.p.raft.roles.FollowerRole - RaftServer{3}{role=FOLLOWER} - Appended Indexed{index=20, entry=CommandEntry{term=1, timestamp=2018-06-10 12:27:48,030, session=2, sequence=14, operation=PrimitiveOperation{id=DefaultOperationId{id=write, type=COMMAND}, value=byte[]{length=17, hash=-1644578928}}}}
00:27:48.080 [raft-server-3] TRACE i.a.p.raft.roles.FollowerRole - RaftServer{3}{role=FOLLOWER} - Sending AppendResponse{status=OK, term=1, succeeded=true, lastLogIndex=20}
00:27:48.080 [raft-server-1] TRACE i.a.p.raft.roles.LeaderAppender - RaftServer{1} - Received AppendResponse{status=OK, term=1, succeeded=true, lastLogIndex=20} from 3
00:27:48.080 [raft-server-1] TRACE i.a.p.raft.roles.LeaderAppender - RaftServer{1} - Committed entries up to 20
00:27:48.129 [raft-server-2] TRACE i.a.p.raft.roles.FollowerRole - RaftServer{2}{role=FOLLOWER} - Committed entries up to index 19
00:27:48.129 [raft-server-2] TRACE i.a.p.raft.roles.FollowerRole - RaftServer{2}{role=FOLLOWER} - Sending AppendResponse{status=OK, term=1, succeeded=true, lastLogIndex=20}
00:27:48.129 [raft-server-2-state] TRACE i.a.p.raft.impl.RaftServiceManager - RaftServer{2} - Applying Indexed{index=19, entry=CommandEntry{term=1, timestamp=2018-06-10 12:27:47,956, session=2, sequence=13, operation=PrimitiveOperation{id=DefaultOperationId{id=write, type=COMMAND}, value=byte[]{length=17, hash=-1644578928}}}}
00:27:48.129 [raft-server-2-state] TRACE i.a.p.s.impl.DefaultServiceExecutor - PrimitiveService{2}{type=io.atomix.protocols.raft.RaftTest$TestPrimitiveType@68be9fc, name=raft-test} - Executing DefaultCommit{index=19, session=RaftSession{RaftServiceContext{server=2, type=io.atomix.protocols.raft.RaftTest$TestPrimitiveType@68be9fc, name=raft-test, id=2}, session=2, timestamp=2018-06-10 12:27:47,956}, time=2018-06-10 12:27:47,956, operation=DefaultOperationId{id=write, type=COMMAND}, value=byte[]{length=17, hash=-1644578928}}
00:27:48.171 [raft-server-1] TRACE i.a.p.raft.roles.LeaderAppender - RaftServer{1} - Received AppendResponse{status=OK, term=1, succeeded=true, lastLogIndex=20} from 2
00:27:48.171 [raft-server-1] TRACE i.a.p.raft.roles.LeaderAppender - RaftServer{1} - Sending AppendRequest{term=1, leader=1, prevLogIndex=20, prevLogTerm=1, entries=0, commitIndex=20} to 3
00:27:48.171 [raft-server-3] TRACE i.a.p.raft.roles.FollowerRole - RaftServer{3}{role=FOLLOWER} - Received AppendRequest{term=1, leader=1, prevLogIndex=20, prevLogTerm=1, entries=0, commitIndex=20}
00:27:48.171 [raft-server-1] TRACE i.a.p.raft.roles.LeaderAppender - RaftServer{1} - Sending AppendRequest{term=1, leader=1, prevLogIndex=20, prevLogTerm=1, entries=0, commitIndex=20} to 2
00:27:48.171 [raft-server-2] TRACE i.a.p.raft.roles.FollowerRole - RaftServer{2}{role=FOLLOWER} - Received AppendRequest{term=1, leader=1, prevLogIndex=20, prevLogTerm=1, entries=0, commitIndex=20}
00:27:48.171 [raft-server-1-state] TRACE i.a.p.raft.impl.RaftServiceManager - RaftServer{1} - Applying Indexed{index=20, entry=CommandEntry{term=1, timestamp=2018-06-10 12:27:48,030, session=2, sequence=14, operation=PrimitiveOperation{id=DefaultOperationId{id=write, type=COMMAND}, value=byte[]{length=17, hash=-1644578928}}}}
00:27:48.171 [raft-server-1-state] TRACE i.a.p.s.impl.DefaultServiceExecutor - PrimitiveService{2}{type=io.atomix.protocols.raft.RaftTest$TestPrimitiveType@f170389, name=raft-test} - Executing DefaultCommit{index=20, session=RaftSession{RaftServiceContext{server=1, type=io.atomix.protocols.raft.RaftTest$TestPrimitiveType@f170389, name=raft-test, id=2}, session=2, timestamp=2018-06-10 12:27:48,030}, time=2018-06-10 12:27:48,030, operation=DefaultOperationId{id=write, type=COMMAND}, value=byte[]{length=17, hash=-1644578928}}
00:27:48.172 [raft-server-1-state] TRACE i.a.protocols.raft.roles.LeaderRole - RaftServer{1}{role=LEADER} - Sending CommandResponse{status=OK, index=20, eventIndex=2, result=byte[]{length=2, hash=1280}}
00:27:48.172 [raft-client-1f73cd99-b88c-4b59-9944-86684dacc85c-6] TRACE i.a.p.r.s.impl.RaftSessionConnection - SessionClient{2}{type=io.atomix.protocols.raft.RaftTest$TestPrimitiveType@7d0100ea, name=raft-test} - Received CommandResponse{status=OK, index=20, eventIndex=2, result=byte[]{length=2, hash=1280}} from 1
00:27:48.172 [raft-client-1f73cd99-b88c-4b59-9944-86684dacc85c-6] TRACE i.a.p.r.s.impl.RaftSessionSequencer - SessionClient{2}{type=io.atomix.protocols.raft.RaftTest$TestPrimitiveType@7d0100ea, name=raft-test} - Completing response CommandResponse{status=OK, index=20, eventIndex=2, result=byte[]{length=2, hash=1280}}
00:27:48.172 [raft-client-1f73cd99-b88c-4b59-9944-86684dacc85c-3] TRACE i.a.p.r.s.impl.RaftSessionConnection - SessionClient{2}{type=io.atomix.protocols.raft.RaftTest$TestPrimitiveType@7d0100ea, name=raft-test} - Sending CommandRequest{session=2, sequence=15, operation=PrimitiveOperation{id=DefaultOperationId{id=write, type=COMMAND}, value=byte[]{length=17, hash=-1644578928}}} to 1
00:27:48.172 [raft-server-1] TRACE i.a.protocols.raft.roles.LeaderRole - RaftServer{1}{role=LEADER} - Received CommandRequest{session=2, sequence=15, operation=PrimitiveOperation{id=DefaultOperationId{id=write, type=COMMAND}, value=byte[]{length=17, hash=-1644578928}}}
00:27:48.213 [raft-server-2] TRACE i.a.p.raft.roles.FollowerRole - RaftServer{2}{role=FOLLOWER} - Committed entries up to index 20
00:27:48.213 [raft-server-3] TRACE i.a.p.raft.roles.FollowerRole - RaftServer{3}{role=FOLLOWER} - Committed entries up to index 20
00:27:48.213 [raft-server-2] TRACE i.a.p.raft.roles.FollowerRole - RaftServer{2}{role=FOLLOWER} - Sending AppendResponse{status=OK, term=1, succeeded=true, lastLogIndex=20}
00:27:48.213 [raft-server-3] TRACE i.a.p.raft.roles.FollowerRole - RaftServer{3}{role=FOLLOWER} - Sending AppendResponse{status=OK, term=1, succeeded=true, lastLogIndex=20}
00:27:48.213 [raft-server-2-state] TRACE i.a.p.raft.impl.RaftServiceManager - RaftServer{2} - Applying Indexed{index=20, entry=CommandEntry{term=1, timestamp=2018-06-10 12:27:48,030, session=2, sequence=14, operation=PrimitiveOperation{id=DefaultOperationId{id=write, type=COMMAND}, value=byte[]{length=17, hash=-1644578928}}}}
00:27:48.213 [raft-server-3-state] TRACE i.a.p.raft.impl.RaftServiceManager - RaftServer{3} - Applying Indexed{index=20, entry=CommandEntry{term=1, timestamp=2018-06-10 12:27:48,030, session=2, sequence=14, operation=PrimitiveOperation{id=DefaultOperationId{id=write, type=COMMAND}, value=byte[]{length=17, hash=-1644578928}}}}
00:27:48.213 [raft-server-2-state] TRACE i.a.p.s.impl.DefaultServiceExecutor - PrimitiveService{2}{type=io.atomix.protocols.raft.RaftTest$TestPrimitiveType@68be9fc, name=raft-test} - Executing DefaultCommit{index=20, session=RaftSession{RaftServiceContext{server=2, type=io.atomix.protocols.raft.RaftTest$TestPrimitiveType@68be9fc, name=raft-test, id=2}, session=2, timestamp=2018-06-10 12:27:48,030}, time=2018-06-10 12:27:48,030, operation=DefaultOperationId{id=write, type=COMMAND}, value=byte[]{length=17, hash=-1644578928}}
00:27:48.213 [raft-server-3-state] TRACE i.a.p.s.impl.DefaultServiceExecutor - PrimitiveService{2}{type=io.atomix.protocols.raft.RaftTest$TestPrimitiveType@192b3940, name=raft-test} - Executing DefaultCommit{index=20, session=RaftSession{RaftServiceContext{server=3, type=io.atomix.protocols.raft.RaftTest$TestPrimitiveType@192b3940, name=raft-test, id=2}, session=2, timestamp=2018-06-10 12:27:48,030}, time=2018-06-10 12:27:48,030, operation=DefaultOperationId{id=write, type=COMMAND}, value=byte[]{length=17, hash=-1644578928}}
00:27:48.296 [raft-server-1] DEBUG i.a.storage.journal.SegmentedJournal - Created disk segment: JournalSegment{id=3, version=1, index=21, size=64}
00:27:48.296 [raft-server-1] TRACE i.a.protocols.raft.roles.LeaderRole - RaftServer{1}{role=LEADER} - Appended Indexed{index=21, entry=CommandEntry{term=1, timestamp=2018-06-10 12:27:48,172, session=2, sequence=15, operation=PrimitiveOperation{id=DefaultOperationId{id=write, type=COMMAND}, value=byte[]{length=17, hash=-1644578928}}}}
00:27:48.296 [raft-server-1] TRACE i.a.p.raft.roles.LeaderAppender - RaftServer{1} - Received AppendResponse{status=OK, term=1, succeeded=true, lastLogIndex=20} from 2
00:27:48.296 [raft-server-1] TRACE i.a.p.raft.roles.LeaderAppender - RaftServer{1} - Sending AppendRequest{term=1, leader=1, prevLogIndex=20, prevLogTerm=1, entries=1, commitIndex=20} to 2
00:27:48.296 [raft-server-2] TRACE i.a.p.raft.roles.FollowerRole - RaftServer{2}{role=FOLLOWER} - Received AppendRequest{term=1, leader=1, prevLogIndex=20, prevLogTerm=1, entries=1, commitIndex=20}
00:27:48.296 [raft-server-1] TRACE i.a.p.raft.roles.LeaderAppender - RaftServer{1} - Sending AppendRequest{term=1, leader=1, prevLogIndex=20, prevLogTerm=1, entries=1, commitIndex=20} to 3
00:27:48.297 [raft-server-1] TRACE i.a.p.raft.roles.LeaderAppender - RaftServer{1} - Received AppendResponse{status=OK, term=1, succeeded=true, lastLogIndex=20} from 3
00:27:48.297 [raft-server-3] TRACE i.a.p.raft.roles.FollowerRole - RaftServer{3}{role=FOLLOWER} - Received AppendRequest{term=1, leader=1, prevLogIndex=20, prevLogTerm=1, entries=1, commitIndex=20}
00:27:48.414 [raft-server-2] DEBUG i.a.storage.journal.SegmentedJournal - Created disk segment: JournalSegment{id=3, version=1, index=21, size=64}
00:27:48.414 [raft-server-2] TRACE i.a.p.raft.roles.FollowerRole - RaftServer{2}{role=FOLLOWER} - Appended Indexed{index=21, entry=CommandEntry{term=1, timestamp=2018-06-10 12:27:48,172, session=2, sequence=15, operation=PrimitiveOperation{id=DefaultOperationId{id=write, type=COMMAND}, value=byte[]{length=17, hash=-1644578928}}}}
00:27:48.414 [raft-server-2] TRACE i.a.p.raft.roles.FollowerRole - RaftServer{2}{role=FOLLOWER} - Sending AppendResponse{status=OK, term=1, succeeded=true, lastLogIndex=21}
00:27:48.414 [raft-server-1] TRACE i.a.p.raft.roles.LeaderAppender - RaftServer{1} - Received AppendResponse{status=OK, term=1, succeeded=true, lastLogIndex=21} from 2
00:27:48.415 [raft-server-1] TRACE i.a.p.raft.roles.LeaderAppender - RaftServer{1} - Committed entries up to 21
00:27:48.456 [raft-server-3] DEBUG i.a.storage.journal.SegmentedJournal - Created disk segment: JournalSegment{id=3, version=1, index=21, size=64}
00:27:48.456 [raft-server-3] TRACE i.a.p.raft.roles.FollowerRole - RaftServer{3}{role=FOLLOWER} - Appended Indexed{index=21, entry=CommandEntry{term=1, timestamp=2018-06-10 12:27:48,172, session=2, sequence=15, operation=PrimitiveOperation{id=DefaultOperationId{id=write, type=COMMAND}, value=byte[]{length=17, hash=-1644578928}}}}
00:27:48.456 [raft-server-3] TRACE i.a.p.raft.roles.FollowerRole - RaftServer{3}{role=FOLLOWER} - Sending AppendResponse{status=OK, term=1, succeeded=true, lastLogIndex=21}
00:27:48.481 [raft-server-1] TRACE i.a.p.raft.roles.LeaderAppender - RaftServer{1} - Sending AppendRequest{term=1, leader=1, prevLogIndex=21, prevLogTerm=1, entries=0, commitIndex=21} to 2
00:27:48.481 [raft-server-1] TRACE i.a.p.raft.roles.LeaderAppender - RaftServer{1} - Received AppendResponse{status=OK, term=1, succeeded=true, lastLogIndex=21} from 3
00:27:48.481 [raft-server-1] TRACE i.a.p.raft.roles.LeaderAppender - RaftServer{1} - Sending AppendRequest{term=1, leader=1, prevLogIndex=21, prevLogTerm=1, entries=0, commitIndex=21} to 3
00:27:48.481 [raft-server-2] TRACE i.a.p.raft.roles.FollowerRole - RaftServer{2}{role=FOLLOWER} - Received AppendRequest{term=1, leader=1, prevLogIndex=21, prevLogTerm=1, entries=0, commitIndex=21}
00:27:48.481 [raft-server-3] TRACE i.a.p.raft.roles.FollowerRole - RaftServer{3}{role=FOLLOWER} - Received AppendRequest{term=1, leader=1, prevLogIndex=21, prevLogTerm=1, entries=0, commitIndex=21}
00:27:48.481 [raft-server-1-state] TRACE i.a.p.raft.impl.RaftServiceManager - RaftServer{1} - Applying Indexed{index=21, entry=CommandEntry{term=1, timestamp=2018-06-10 12:27:48,172, session=2, sequence=15, operation=PrimitiveOperation{id=DefaultOperationId{id=write, type=COMMAND}, value=byte[]{length=17, hash=-1644578928}}}}
00:27:48.481 [raft-server-1-state] TRACE i.a.p.s.impl.DefaultServiceExecutor - PrimitiveService{2}{type=io.atomix.protocols.raft.RaftTest$TestPrimitiveType@f170389, name=raft-test} - Executing DefaultCommit{index=21, session=RaftSession{RaftServiceContext{server=1, type=io.atomix.protocols.raft.RaftTest$TestPrimitiveType@f170389, name=raft-test, id=2}, session=2, timestamp=2018-06-10 12:27:48,172}, time=2018-06-10 12:27:48,172, operation=DefaultOperationId{id=write, type=COMMAND}, value=byte[]{length=17, hash=-1644578928}}
00:27:48.481 [raft-server-1-state] TRACE i.a.protocols.raft.roles.LeaderRole - RaftServer{1}{role=LEADER} - Sending CommandResponse{status=OK, index=21, eventIndex=2, result=byte[]{length=2, hash=1282}}
00:27:48.482 [raft-client-1f73cd99-b88c-4b59-9944-86684dacc85c-7] TRACE i.a.p.r.s.impl.RaftSessionConnection - SessionClient{2}{type=io.atomix.protocols.raft.RaftTest$TestPrimitiveType@7d0100ea, name=raft-test} - Received CommandResponse{status=OK, index=21, eventIndex=2, result=byte[]{length=2, hash=1282}} from 1
00:27:48.482 [raft-client-1f73cd99-b88c-4b59-9944-86684dacc85c-7] TRACE i.a.p.r.s.impl.RaftSessionSequencer - SessionClient{2}{type=io.atomix.protocols.raft.RaftTest$TestPrimitiveType@7d0100ea, name=raft-test} - Completing response CommandResponse{status=OK, index=21, eventIndex=2, result=byte[]{length=2, hash=1282}}
00:27:48.482 [raft-client-1f73cd99-b88c-4b59-9944-86684dacc85c-1] TRACE i.a.p.r.s.impl.RaftSessionConnection - SessionClient{2}{type=io.atomix.protocols.raft.RaftTest$TestPrimitiveType@7d0100ea, name=raft-test} - Sending CommandRequest{session=2, sequence=16, operation=PrimitiveOperation{id=DefaultOperationId{id=write, type=COMMAND}, value=byte[]{length=17, hash=-1644578928}}} to 1
00:27:48.482 [raft-server-1] TRACE i.a.protocols.raft.roles.LeaderRole - RaftServer{1}{role=LEADER} - Received CommandRequest{session=2, sequence=16, operation=PrimitiveOperation{id=DefaultOperationId{id=write, type=COMMAND}, value=byte[]{length=17, hash=-1644578928}}}
00:27:48.482 [raft-server-1] TRACE i.a.protocols.raft.roles.LeaderRole - RaftServer{1}{role=LEADER} - Appended Indexed{index=22, entry=CommandEntry{term=1, timestamp=2018-06-10 12:27:48,482, session=2, sequence=16, operation=PrimitiveOperation{id=DefaultOperationId{id=write, type=COMMAND}, value=byte[]{length=17, hash=-1644578928}}}}
00:27:48.531 [raft-server-2] TRACE i.a.p.raft.roles.FollowerRole - RaftServer{2}{role=FOLLOWER} - Committed entries up to index 21
00:27:48.531 [raft-server-3] TRACE i.a.p.raft.roles.FollowerRole - RaftServer{3}{role=FOLLOWER} - Committed entries up to index 21
00:27:48.531 [raft-server-2] TRACE i.a.p.raft.roles.FollowerRole - RaftServer{2}{role=FOLLOWER} - Sending AppendResponse{status=OK, term=1, succeeded=true, lastLogIndex=21}
00:27:48.531 [raft-server-3] TRACE i.a.p.raft.roles.FollowerRole - RaftServer{3}{role=FOLLOWER} - Sending AppendResponse{status=OK, term=1, succeeded=true, lastLogIndex=21}
00:27:48.531 [raft-server-1] TRACE i.a.p.raft.roles.LeaderAppender - RaftServer{1} - Received AppendResponse{status=OK, term=1, succeeded=true, lastLogIndex=21} from 2
00:27:48.531 [raft-server-1] TRACE i.a.p.raft.roles.LeaderAppender - RaftServer{1} - Sending AppendRequest{term=1, leader=1, prevLogIndex=21, prevLogTerm=1, entries=1, commitIndex=21} to 2
00:27:48.531 [raft-server-3-state] TRACE i.a.p.raft.impl.RaftServiceManager - RaftServer{3} - Applying Indexed{index=21, entry=CommandEntry{term=1, timestamp=2018-06-10 12:27:48,172, session=2, sequence=15, operation=PrimitiveOperation{id=DefaultOperationId{id=write, type=COMMAND}, value=byte[]{length=17, hash=-1644578928}}}}
00:27:48.531 [raft-server-2-state] TRACE i.a.p.raft.impl.RaftServiceManager - RaftServer{2} - Applying Indexed{index=21, entry=CommandEntry{term=1, timestamp=2018-06-10 12:27:48,172, session=2, sequence=15, operation=PrimitiveOperation{id=DefaultOperationId{id=write, type=COMMAND}, value=byte[]{length=17, hash=-1644578928}}}}
00:27:48.531 [raft-server-2] TRACE i.a.p.raft.roles.FollowerRole - RaftServer{2}{role=FOLLOWER} - Received AppendRequest{term=1, leader=1, prevLogIndex=21, prevLogTerm=1, entries=1, commitIndex=21}
00:27:48.531 [raft-server-1] TRACE i.a.p.raft.roles.LeaderAppender - RaftServer{1} - Received AppendResponse{status=OK, term=1, succeeded=true, lastLogIndex=21} from 3
00:27:48.531 [raft-server-3-state] TRACE i.a.p.s.impl.DefaultServiceExecutor - PrimitiveService{2}{type=io.atomix.protocols.raft.RaftTest$TestPrimitiveType@192b3940, name=raft-test} - Executing DefaultCommit{index=21, session=RaftSession{RaftServiceContext{server=3, type=io.atomix.protocols.raft.RaftTest$TestPrimitiveType@192b3940, name=raft-test, id=2}, session=2, timestamp=2018-06-10 12:27:48,172}, time=2018-06-10 12:27:48,172, operation=DefaultOperationId{id=write, type=COMMAND}, value=byte[]{length=17, hash=-1644578928}}
00:27:48.531 [raft-server-2-state] TRACE i.a.p.s.impl.DefaultServiceExecutor - PrimitiveService{2}{type=io.atomix.protocols.raft.RaftTest$TestPrimitiveType@68be9fc, name=raft-test} - Executing DefaultCommit{index=21, session=RaftSession{RaftServiceContext{server=2, type=io.atomix.protocols.raft.RaftTest$TestPrimitiveType@68be9fc, name=raft-test, id=2}, session=2, timestamp=2018-06-10 12:27:48,172}, time=2018-06-10 12:27:48,172, operation=DefaultOperationId{id=write, type=COMMAND}, value=byte[]{length=17, hash=-1644578928}}
00:27:48.531 [raft-server-1] TRACE i.a.p.raft.roles.LeaderAppender - RaftServer{1} - Sending AppendRequest{term=1, leader=1, prevLogIndex=21, prevLogTerm=1, entries=1, commitIndex=21} to 3
00:27:48.531 [raft-server-2] TRACE i.a.p.raft.roles.FollowerRole - RaftServer{2}{role=FOLLOWER} - Appended Indexed{index=22, entry=CommandEntry{term=1, timestamp=2018-06-10 12:27:48,482, session=2, sequence=16, operation=PrimitiveOperation{id=DefaultOperationId{id=write, type=COMMAND}, value=byte[]{length=17, hash=-1644578928}}}}
00:27:48.532 [raft-server-3] TRACE i.a.p.raft.roles.FollowerRole - RaftServer{3}{role=FOLLOWER} - Received AppendRequest{term=1, leader=1, prevLogIndex=21, prevLogTerm=1, entries=1, commitIndex=21}
00:27:48.532 [raft-server-2] TRACE i.a.p.raft.roles.FollowerRole - RaftServer{2}{role=FOLLOWER} - Sending AppendResponse{status=OK, term=1, succeeded=true, lastLogIndex=22}
00:27:48.532 [raft-server-1] TRACE i.a.p.raft.roles.LeaderAppender - RaftServer{1} - Received AppendResponse{status=OK, term=1, succeeded=true, lastLogIndex=22} from 2
00:27:48.532 [raft-server-3] TRACE i.a.p.raft.roles.FollowerRole - RaftServer{3}{role=FOLLOWER} - Appended Indexed{index=22, entry=CommandEntry{term=1, timestamp=2018-06-10 12:27:48,482, session=2, sequence=16, operation=PrimitiveOperation{id=DefaultOperationId{id=write, type=COMMAND}, value=byte[]{length=17, hash=-1644578928}}}}
00:27:48.532 [raft-server-1] TRACE i.a.p.raft.roles.LeaderAppender - RaftServer{1} - Committed entries up to 22
00:27:48.532 [raft-server-3] TRACE i.a.p.raft.roles.FollowerRole - RaftServer{3}{role=FOLLOWER} - Sending AppendResponse{status=OK, term=1, succeeded=true, lastLogIndex=22}
00:27:48.572 [raft-server-1] TRACE i.a.p.raft.roles.LeaderAppender - RaftServer{1} - Received AppendResponse{status=OK, term=1, succeeded=true, lastLogIndex=22} from 3
00:27:48.573 [raft-server-1-state] TRACE i.a.p.raft.impl.RaftServiceManager - RaftServer{1} - Applying Indexed{index=22, entry=CommandEntry{term=1, timestamp=2018-06-10 12:27:48,482, session=2, sequence=16, operation=PrimitiveOperation{id=DefaultOperationId{id=write, type=COMMAND}, value=byte[]{length=17, hash=-1644578928}}}}
00:27:48.573 [raft-server-1-state] TRACE i.a.p.s.impl.DefaultServiceExecutor - PrimitiveService{2}{type=io.atomix.protocols.raft.RaftTest$TestPrimitiveType@f170389, name=raft-test} - Executing DefaultCommit{index=22, session=RaftSession{RaftServiceContext{server=1, type=io.atomix.protocols.raft.RaftTest$TestPrimitiveType@f170389, name=raft-test, id=2}, session=2, timestamp=2018-06-10 12:27:48,482}, time=2018-06-10 12:27:48,482, operation=DefaultOperationId{id=write, type=COMMAND}, value=byte[]{length=17, hash=-1644578928}}
00:27:48.573 [raft-server-1-state] TRACE i.a.protocols.raft.roles.LeaderRole - RaftServer{1}{role=LEADER} - Sending CommandResponse{status=OK, index=22, eventIndex=2, result=byte[]{length=2, hash=1284}}
00:27:48.573 [raft-client-1f73cd99-b88c-4b59-9944-86684dacc85c-2] TRACE i.a.p.r.s.impl.RaftSessionConnection - SessionClient{2}{type=io.atomix.protocols.raft.RaftTest$TestPrimitiveType@7d0100ea, name=raft-test} - Received CommandResponse{status=OK, index=22, eventIndex=2, result=byte[]{length=2, hash=1284}} from 1
00:27:48.573 [raft-client-1f73cd99-b88c-4b59-9944-86684dacc85c-2] TRACE i.a.p.r.s.impl.RaftSessionSequencer - SessionClient{2}{type=io.atomix.protocols.raft.RaftTest$TestPrimitiveType@7d0100ea, name=raft-test} - Completing response CommandResponse{status=OK, index=22, eventIndex=2, result=byte[]{length=2, hash=1284}}
00:27:48.573 [raft-client-1f73cd99-b88c-4b59-9944-86684dacc85c-4] TRACE i.a.p.r.s.impl.RaftSessionConnection - SessionClient{2}{type=io.atomix.protocols.raft.RaftTest$TestPrimitiveType@7d0100ea, name=raft-test} - Sending CommandRequest{session=2, sequence=17, operation=PrimitiveOperation{id=DefaultOperationId{id=write, type=COMMAND}, value=byte[]{length=17, hash=-1644578928}}} to 1
00:27:48.573 [raft-server-1] TRACE i.a.protocols.raft.roles.LeaderRole - RaftServer{1}{role=LEADER} - Received CommandRequest{session=2, sequence=17, operation=PrimitiveOperation{id=DefaultOperationId{id=write, type=COMMAND}, value=byte[]{length=17, hash=-1644578928}}}
00:27:48.573 [raft-server-1] TRACE i.a.protocols.raft.roles.LeaderRole - RaftServer{1}{role=LEADER} - Appended Indexed{index=23, entry=CommandEntry{term=1, timestamp=2018-06-10 12:27:48,573, session=2, sequence=17, operation=PrimitiveOperation{id=DefaultOperationId{id=write, type=COMMAND}, value=byte[]{length=17, hash=-1644578928}}}}
00:27:48.574 [raft-server-1] TRACE i.a.p.raft.roles.LeaderAppender - RaftServer{1} - Sending AppendRequest{term=1, leader=1, prevLogIndex=22, prevLogTerm=1, entries=1, commitIndex=22} to 3
00:27:48.574 [raft-server-3] TRACE i.a.p.raft.roles.FollowerRole - RaftServer{3}{role=FOLLOWER} - Received AppendRequest{term=1, leader=1, prevLogIndex=22, prevLogTerm=1, entries=1, commitIndex=22}
00:27:48.574 [raft-server-1] TRACE i.a.p.raft.roles.LeaderAppender - RaftServer{1} - Sending AppendRequest{term=1, leader=1, prevLogIndex=22, prevLogTerm=1, entries=1, commitIndex=22} to 2
00:27:48.574 [raft-server-2] TRACE i.a.p.raft.roles.FollowerRole - RaftServer{2}{role=FOLLOWER} - Received AppendRequest{term=1, leader=1, prevLogIndex=22, prevLogTerm=1, entries=1, commitIndex=22}
00:27:48.574 [raft-server-3] TRACE i.a.p.raft.roles.FollowerRole - RaftServer{3}{role=FOLLOWER} - Appended Indexed{index=23, entry=CommandEntry{term=1, timestamp=2018-06-10 12:27:48,573, session=2, sequence=17, operation=PrimitiveOperation{id=DefaultOperationId{id=write, type=COMMAND}, value=byte[]{length=17, hash=-1644578928}}}}
00:27:48.574 [raft-server-2] TRACE i.a.p.raft.roles.FollowerRole - RaftServer{2}{role=FOLLOWER} - Appended Indexed{index=23, entry=CommandEntry{term=1, timestamp=2018-06-10 12:27:48,573, session=2, sequence=17, operation=PrimitiveOperation{id=DefaultOperationId{id=write, type=COMMAND}, value=byte[]{length=17, hash=-1644578928}}}}
00:27:48.622 [raft-server-3] TRACE i.a.p.raft.roles.FollowerRole - RaftServer{3}{role=FOLLOWER} - Committed entries up to index 22
00:27:48.622 [raft-server-3] TRACE i.a.p.raft.roles.FollowerRole - RaftServer{3}{role=FOLLOWER} - Sending AppendResponse{status=OK, term=1, succeeded=true, lastLogIndex=23}
00:27:48.622 [raft-server-2] TRACE i.a.p.raft.roles.FollowerRole - RaftServer{2}{role=FOLLOWER} - Committed entries up to index 22
00:27:48.623 [raft-server-2] TRACE i.a.p.raft.roles.FollowerRole - RaftServer{2}{role=FOLLOWER} - Sending AppendResponse{status=OK, term=1, succeeded=true, lastLogIndex=23}
00:27:48.623 [raft-server-1] TRACE i.a.p.raft.roles.LeaderAppender - RaftServer{1} - Received AppendResponse{status=OK, term=1, succeeded=true, lastLogIndex=23} from 3
00:27:48.623 [raft-server-3-state] TRACE i.a.p.raft.impl.RaftServiceManager - RaftServer{3} - Applying Indexed{index=22, entry=CommandEntry{term=1, timestamp=2018-06-10 12:27:48,482, session=2, sequence=16, operation=PrimitiveOperation{id=DefaultOperationId{id=write, type=COMMAND}, value=byte[]{length=17, hash=-1644578928}}}}
00:27:48.623 [raft-server-1] TRACE i.a.p.raft.roles.LeaderAppender - RaftServer{1} - Committed entries up to 23
00:27:48.623 [raft-server-2-state] TRACE i.a.p.raft.impl.RaftServiceManager - RaftServer{2} - Applying Indexed{index=22, entry=CommandEntry{term=1, timestamp=2018-06-10 12:27:48,482, session=2, sequence=16, operation=PrimitiveOperation{id=DefaultOperationId{id=write, type=COMMAND}, value=byte[]{length=17, hash=-1644578928}}}}
00:27:48.623 [raft-server-3-state] TRACE i.a.p.s.impl.DefaultServiceExecutor - PrimitiveService{2}{type=io.atomix.protocols.raft.RaftTest$TestPrimitiveType@192b3940, name=raft-test} - Executing DefaultCommit{index=22, session=RaftSession{RaftServiceContext{server=3, type=io.atomix.protocols.raft.RaftTest$TestPrimitiveType@192b3940, name=raft-test, id=2}, session=2, timestamp=2018-06-10 12:27:48,482}, time=2018-06-10 12:27:48,482, operation=DefaultOperationId{id=write, type=COMMAND}, value=byte[]{length=17, hash=-1644578928}}
00:27:48.623 [raft-server-2-state] TRACE i.a.p.s.impl.DefaultServiceExecutor - PrimitiveService{2}{type=io.atomix.protocols.raft.RaftTest$TestPrimitiveType@68be9fc, name=raft-test} - Executing DefaultCommit{index=22, session=RaftSession{RaftServiceContext{server=2, type=io.atomix.protocols.raft.RaftTest$TestPrimitiveType@68be9fc, name=raft-test, id=2}, session=2, timestamp=2018-06-10 12:27:48,482}, time=2018-06-10 12:27:48,482, operation=DefaultOperationId{id=write, type=COMMAND}, value=byte[]{length=17, hash=-1644578928}}
00:27:48.656 [raft-server-1] TRACE i.a.p.raft.roles.LeaderAppender - RaftServer{1} - Received AppendResponse{status=OK, term=1, succeeded=true, lastLogIndex=23} from 2
00:27:48.656 [raft-server-1-state] TRACE i.a.p.raft.impl.RaftServiceManager - RaftServer{1} - Applying Indexed{index=23, entry=CommandEntry{term=1, timestamp=2018-06-10 12:27:48,573, session=2, sequence=17, operation=PrimitiveOperation{id=DefaultOperationId{id=write, type=COMMAND}, value=byte[]{length=17, hash=-1644578928}}}}
00:27:48.656 [raft-server-1-state] TRACE i.a.p.s.impl.DefaultServiceExecutor - PrimitiveService{2}{type=io.atomix.protocols.raft.RaftTest$TestPrimitiveType@f170389, name=raft-test} - Executing DefaultCommit{index=23, session=RaftSession{RaftServiceContext{server=1, type=io.atomix.protocols.raft.RaftTest$TestPrimitiveType@f170389, name=raft-test, id=2}, session=2, timestamp=2018-06-10 12:27:48,573}, time=2018-06-10 12:27:48,573, operation=DefaultOperationId{id=write, type=COMMAND}, value=byte[]{length=17, hash=-1644578928}}
00:27:48.656 [raft-server-1-state] TRACE i.a.protocols.raft.roles.LeaderRole - RaftServer{1}{role=LEADER} - Sending CommandResponse{status=OK, index=23, eventIndex=2, result=byte[]{length=2, hash=1286}}
00:27:48.656 [raft-client-1f73cd99-b88c-4b59-9944-86684dacc85c-6] TRACE i.a.p.r.s.impl.RaftSessionConnection - SessionClient{2}{type=io.atomix.protocols.raft.RaftTest$TestPrimitiveType@7d0100ea, name=raft-test} - Received CommandResponse{status=OK, index=23, eventIndex=2, result=byte[]{length=2, hash=1286}} from 1
00:27:48.656 [raft-client-1f73cd99-b88c-4b59-9944-86684dacc85c-6] TRACE i.a.p.r.s.impl.RaftSessionSequencer - SessionClient{2}{type=io.atomix.protocols.raft.RaftTest$TestPrimitiveType@7d0100ea, name=raft-test} - Completing response CommandResponse{status=OK, index=23, eventIndex=2, result=byte[]{length=2, hash=1286}}
00:27:48.657 [raft-client-1f73cd99-b88c-4b59-9944-86684dacc85c-2] TRACE i.a.p.r.s.impl.RaftSessionConnection - SessionClient{2}{type=io.atomix.protocols.raft.RaftTest$TestPrimitiveType@7d0100ea, name=raft-test} - Sending CommandRequest{session=2, sequence=18, operation=PrimitiveOperation{id=DefaultOperationId{id=write, type=COMMAND}, value=byte[]{length=17, hash=-1644578928}}} to 1
00:27:48.657 [raft-server-1] TRACE i.a.protocols.raft.roles.LeaderRole - RaftServer{1}{role=LEADER} - Received CommandRequest{session=2, sequence=18, operation=PrimitiveOperation{id=DefaultOperationId{id=write, type=COMMAND}, value=byte[]{length=17, hash=-1644578928}}}
00:27:48.657 [raft-server-1] TRACE i.a.protocols.raft.roles.LeaderRole - RaftServer{1}{role=LEADER} - Appended Indexed{index=24, entry=CommandEntry{term=1, timestamp=2018-06-10 12:27:48,657, session=2, sequence=18, operation=PrimitiveOperation{id=DefaultOperationId{id=write, type=COMMAND}, value=byte[]{length=17, hash=-1644578928}}}}
00:27:48.657 [raft-server-1] TRACE i.a.p.raft.roles.LeaderAppender - RaftServer{1} - Sending AppendRequest{term=1, leader=1, prevLogIndex=23, prevLogTerm=1, entries=1, commitIndex=23} to 3
00:27:48.657 [raft-server-3] TRACE i.a.p.raft.roles.FollowerRole - RaftServer{3}{role=FOLLOWER} - Received AppendRequest{term=1, leader=1, prevLogIndex=23, prevLogTerm=1, entries=1, commitIndex=23}
00:27:48.657 [raft-server-1] TRACE i.a.p.raft.roles.LeaderAppender - RaftServer{1} - Sending AppendRequest{term=1, leader=1, prevLogIndex=23, prevLogTerm=1, entries=1, commitIndex=23} to 2
00:27:48.657 [raft-server-2] TRACE i.a.p.raft.roles.FollowerRole - RaftServer{2}{role=FOLLOWER} - Received AppendRequest{term=1, leader=1, prevLogIndex=23, prevLogTerm=1, entries=1, commitIndex=23}
00:27:48.657 [raft-server-3] TRACE i.a.p.raft.roles.FollowerRole - RaftServer{3}{role=FOLLOWER} - Appended Indexed{index=24, entry=CommandEntry{term=1, timestamp=2018-06-10 12:27:48,657, session=2, sequence=18, operation=PrimitiveOperation{id=DefaultOperationId{id=write, type=COMMAND}, value=byte[]{length=17, hash=-1644578928}}}}
00:27:48.657 [raft-server-2] TRACE i.a.p.raft.roles.FollowerRole - RaftServer{2}{role=FOLLOWER} - Appended Indexed{index=24, entry=CommandEntry{term=1, timestamp=2018-06-10 12:27:48,657, session=2, sequence=18, operation=PrimitiveOperation{id=DefaultOperationId{id=write, type=COMMAND}, value=byte[]{length=17, hash=-1644578928}}}}
00:27:48.697 [raft-server-3] TRACE i.a.p.raft.roles.FollowerRole - RaftServer{3}{role=FOLLOWER} - Committed entries up to index 23
00:27:48.697 [raft-server-3] TRACE i.a.p.raft.roles.FollowerRole - RaftServer{3}{role=FOLLOWER} - Sending AppendResponse{status=OK, term=1, succeeded=true, lastLogIndex=24}
00:27:48.697 [raft-server-2] TRACE i.a.p.raft.roles.FollowerRole - RaftServer{2}{role=FOLLOWER} - Committed entries up to index 23
00:27:48.698 [raft-server-2] TRACE i.a.p.raft.roles.FollowerRole - RaftServer{2}{role=FOLLOWER} - Sending AppendResponse{status=OK, term=1, succeeded=true, lastLogIndex=24}
00:27:48.698 [raft-server-1] TRACE i.a.p.raft.roles.LeaderAppender - RaftServer{1} - Received AppendResponse{status=OK, term=1, succeeded=true, lastLogIndex=24} from 3
00:27:48.698 [raft-server-3-state] TRACE i.a.p.raft.impl.RaftServiceManager - RaftServer{3} - Applying Indexed{index=23, entry=CommandEntry{term=1, timestamp=2018-06-10 12:27:48,573, session=2, sequence=17, operation=PrimitiveOperation{id=DefaultOperationId{id=write, type=COMMAND}, value=byte[]{length=17, hash=-1644578928}}}}
00:27:48.698 [raft-server-1] TRACE i.a.p.raft.roles.LeaderAppender - RaftServer{1} - Committed entries up to 24
00:27:48.698 [raft-server-2-state] TRACE i.a.p.raft.impl.RaftServiceManager - RaftServer{2} - Applying Indexed{index=23, entry=CommandEntry{term=1, timestamp=2018-06-10 12:27:48,573, session=2, sequence=17, operation=PrimitiveOperation{id=DefaultOperationId{id=write, type=COMMAND}, value=byte[]{length=17, hash=-1644578928}}}}
00:27:48.698 [raft-server-3-state] TRACE i.a.p.s.impl.DefaultServiceExecutor - PrimitiveService{2}{type=io.atomix.protocols.raft.RaftTest$TestPrimitiveType@192b3940, name=raft-test} - Executing DefaultCommit{index=23, session=RaftSession{RaftServiceContext{server=3, type=io.atomix.protocols.raft.RaftTest$TestPrimitiveType@192b3940, name=raft-test, id=2}, session=2, timestamp=2018-06-10 12:27:48,573}, time=2018-06-10 12:27:48,573, operation=DefaultOperationId{id=write, type=COMMAND}, value=byte[]{length=17, hash=-1644578928}}
00:27:48.698 [raft-server-2-state] TRACE i.a.p.s.impl.DefaultServiceExecutor - PrimitiveService{2}{type=io.atomix.protocols.raft.RaftTest$TestPrimitiveType@68be9fc, name=raft-test} - Executing DefaultCommit{index=23, session=RaftSession{RaftServiceContext{server=2, type=io.atomix.protocols.raft.RaftTest$TestPrimitiveType@68be9fc, name=raft-test, id=2}, session=2, timestamp=2018-06-10 12:27:48,573}, time=2018-06-10 12:27:48,573, operation=DefaultOperationId{id=write, type=COMMAND}, value=byte[]{length=17, hash=-1644578928}}
00:27:48.739 [raft-server-1] TRACE i.a.p.raft.roles.LeaderAppender - RaftServer{1} - Sending AppendRequest{term=1, leader=1, prevLogIndex=24, prevLogTerm=1, entries=0, commitIndex=24} to 3
00:27:48.739 [raft-server-1] TRACE i.a.p.raft.roles.LeaderAppender - RaftServer{1} - Received AppendResponse{status=OK, term=1, succeeded=true, lastLogIndex=24} from 2
00:27:48.739 [raft-server-3] TRACE i.a.p.raft.roles.FollowerRole - RaftServer{3}{role=FOLLOWER} - Received AppendRequest{term=1, leader=1, prevLogIndex=24, prevLogTerm=1, entries=0, commitIndex=24}
00:27:48.739 [raft-server-1] TRACE i.a.p.raft.roles.LeaderAppender - RaftServer{1} - Sending AppendRequest{term=1, leader=1, prevLogIndex=24, prevLogTerm=1, entries=0, commitIndex=24} to 2
00:27:48.739 [raft-server-2] TRACE i.a.p.raft.roles.FollowerRole - RaftServer{2}{role=FOLLOWER} - Received AppendRequest{term=1, leader=1, prevLogIndex=24, prevLogTerm=1, entries=0, commitIndex=24}
00:27:48.740 [raft-server-1-state] TRACE i.a.p.raft.impl.RaftServiceManager - RaftServer{1} - Applying Indexed{index=24, entry=CommandEntry{term=1, timestamp=2018-06-10 12:27:48,657, session=2, sequence=18, operation=PrimitiveOperation{id=DefaultOperationId{id=write, type=COMMAND}, value=byte[]{length=17, hash=-1644578928}}}}
00:27:48.740 [raft-server-1-state] TRACE i.a.p.s.impl.DefaultServiceExecutor - PrimitiveService{2}{type=io.atomix.protocols.raft.RaftTest$TestPrimitiveType@f170389, name=raft-test} - Executing DefaultCommit{index=24, session=RaftSession{RaftServiceContext{server=1, type=io.atomix.protocols.raft.RaftTest$TestPrimitiveType@f170389, name=raft-test, id=2}, session=2, timestamp=2018-06-10 12:27:48,657}, time=2018-06-10 12:27:48,657, operation=DefaultOperationId{id=write, type=COMMAND}, value=byte[]{length=17, hash=-1644578928}}
00:27:48.740 [raft-server-1-state] TRACE i.a.protocols.raft.roles.LeaderRole - RaftServer{1}{role=LEADER} - Sending CommandResponse{status=OK, index=24, eventIndex=2, result=byte[]{length=2, hash=1288}}
00:27:48.740 [raft-client-1f73cd99-b88c-4b59-9944-86684dacc85c-4] TRACE i.a.p.r.s.impl.RaftSessionConnection - SessionClient{2}{type=io.atomix.protocols.raft.RaftTest$TestPrimitiveType@7d0100ea, name=raft-test} - Received CommandResponse{status=OK, index=24, eventIndex=2, result=byte[]{length=2, hash=1288}} from 1
00:27:48.740 [raft-client-1f73cd99-b88c-4b59-9944-86684dacc85c-4] TRACE i.a.p.r.s.impl.RaftSessionSequencer - SessionClient{2}{type=io.atomix.protocols.raft.RaftTest$TestPrimitiveType@7d0100ea, name=raft-test} - Completing response CommandResponse{status=OK, index=24, eventIndex=2, result=byte[]{length=2, hash=1288}}
00:27:48.740 [raft-client-1f73cd99-b88c-4b59-9944-86684dacc85c-0] TRACE i.a.p.r.s.impl.RaftSessionConnection - SessionClient{2}{type=io.atomix.protocols.raft.RaftTest$TestPrimitiveType@7d0100ea, name=raft-test} - Sending CommandRequest{session=2, sequence=19, operation=PrimitiveOperation{id=DefaultOperationId{id=write, type=COMMAND}, value=byte[]{length=17, hash=-1644578928}}} to 1
00:27:48.740 [raft-server-1] TRACE i.a.protocols.raft.roles.LeaderRole - RaftServer{1}{role=LEADER} - Received CommandRequest{session=2, sequence=19, operation=PrimitiveOperation{id=DefaultOperationId{id=write, type=COMMAND}, value=byte[]{length=17, hash=-1644578928}}}
00:27:48.740 [raft-server-1] TRACE i.a.protocols.raft.roles.LeaderRole - RaftServer{1}{role=LEADER} - Appended Indexed{index=25, entry=CommandEntry{term=1, timestamp=2018-06-10 12:27:48,740, session=2, sequence=19, operation=PrimitiveOperation{id=DefaultOperationId{id=write, type=COMMAND}, value=byte[]{length=17, hash=-1644578928}}}}
00:27:48.779 [raft-server-3] TRACE i.a.p.raft.roles.FollowerRole - RaftServer{3}{role=FOLLOWER} - Committed entries up to index 24
00:27:48.779 [raft-server-3] TRACE i.a.p.raft.roles.FollowerRole - RaftServer{3}{role=FOLLOWER} - Sending AppendResponse{status=OK, term=1, succeeded=true, lastLogIndex=24}
00:27:48.779 [raft-server-1] TRACE i.a.p.raft.roles.LeaderAppender - RaftServer{1} - Received AppendResponse{status=OK, term=1, succeeded=true, lastLogIndex=24} from 3
00:27:48.779 [raft-server-3-state] TRACE i.a.p.raft.impl.RaftServiceManager - RaftServer{3} - Applying Indexed{index=24, entry=CommandEntry{term=1, timestamp=2018-06-10 12:27:48,657, session=2, sequence=18, operation=PrimitiveOperation{id=DefaultOperationId{id=write, type=COMMAND}, value=byte[]{length=17, hash=-1644578928}}}}
00:27:48.780 [raft-server-1] TRACE i.a.p.raft.roles.LeaderAppender - RaftServer{1} - Sending AppendRequest{term=1, leader=1, prevLogIndex=24, prevLogTerm=1, entries=1, commitIndex=24} to 3
00:27:48.780 [raft-server-3-state] TRACE i.a.p.s.impl.DefaultServiceExecutor - PrimitiveService{2}{type=io.atomix.protocols.raft.RaftTest$TestPrimitiveType@192b3940, name=raft-test} - Executing DefaultCommit{index=24, session=RaftSession{RaftServiceContext{server=3, type=io.atomix.protocols.raft.RaftTest$TestPrimitiveType@192b3940, name=raft-test, id=2}, session=2, timestamp=2018-06-10 12:27:48,657}, time=2018-06-10 12:27:48,657, operation=DefaultOperationId{id=write, type=COMMAND}, value=byte[]{length=17, hash=-1644578928}}
00:27:48.780 [raft-server-3] TRACE i.a.p.raft.roles.FollowerRole - RaftServer{3}{role=FOLLOWER} - Received AppendRequest{term=1, leader=1, prevLogIndex=24, prevLogTerm=1, entries=1, commitIndex=24}
00:27:48.780 [raft-server-3] TRACE i.a.p.raft.roles.FollowerRole - RaftServer{3}{role=FOLLOWER} - Appended Indexed{index=25, entry=CommandEntry{term=1, timestamp=2018-06-10 12:27:48,740, session=2, sequence=19, operation=PrimitiveOperation{id=DefaultOperationId{id=write, type=COMMAND}, value=byte[]{length=17, hash=-1644578928}}}}
00:27:48.780 [raft-server-3] TRACE i.a.p.raft.roles.FollowerRole - RaftServer{3}{role=FOLLOWER} - Sending AppendResponse{status=OK, term=1, succeeded=true, lastLogIndex=25}
00:27:48.780 [raft-server-1] TRACE i.a.p.raft.roles.LeaderAppender - RaftServer{1} - Received AppendResponse{status=OK, term=1, succeeded=true, lastLogIndex=25} from 3
00:27:48.780 [raft-server-1] TRACE i.a.p.raft.roles.LeaderAppender - RaftServer{1} - Committed entries up to 25
00:27:48.814 [raft-server-2] TRACE i.a.p.raft.roles.FollowerRole - RaftServer{2}{role=FOLLOWER} - Committed entries up to index 24
00:27:48.814 [raft-server-2] TRACE i.a.p.raft.roles.FollowerRole - RaftServer{2}{role=FOLLOWER} - Sending AppendResponse{status=OK, term=1, succeeded=true, lastLogIndex=24}
00:27:48.814 [raft-server-2-state] TRACE i.a.p.raft.impl.RaftServiceManager - RaftServer{2} - Applying Indexed{index=24, entry=CommandEntry{term=1, timestamp=2018-06-10 12:27:48,657, session=2, sequence=18, operation=PrimitiveOperation{id=DefaultOperationId{id=write, type=COMMAND}, value=byte[]{length=17, hash=-1644578928}}}}
00:27:48.814 [raft-server-2-state] TRACE i.a.p.s.impl.DefaultServiceExecutor - PrimitiveService{2}{type=io.atomix.protocols.raft.RaftTest$TestPrimitiveType@68be9fc, name=raft-test} - Executing DefaultCommit{index=24, session=RaftSession{RaftServiceContext{server=2, type=io.atomix.protocols.raft.RaftTest$TestPrimitiveType@68be9fc, name=raft-test, id=2}, session=2, timestamp=2018-06-10 12:27:48,657}, time=2018-06-10 12:27:48,657, operation=DefaultOperationId{id=write, type=COMMAND}, value=byte[]{length=17, hash=-1644578928}}
00:27:48.846 [raft-server-1] TRACE i.a.p.raft.roles.LeaderAppender - RaftServer{1} - Received AppendResponse{status=OK, term=1, succeeded=true, lastLogIndex=24} from 2
00:27:48.846 [raft-server-1] TRACE i.a.p.raft.roles.LeaderAppender - RaftServer{1} - Sending AppendRequest{term=1, leader=1, prevLogIndex=24, prevLogTerm=1, entries=1, commitIndex=25} to 2
00:27:48.846 [raft-server-2] TRACE i.a.p.raft.roles.FollowerRole - RaftServer{2}{role=FOLLOWER} - Received AppendRequest{term=1, leader=1, prevLogIndex=24, prevLogTerm=1, entries=1, commitIndex=25}
00:27:48.846 [raft-server-1-state] TRACE i.a.p.raft.impl.RaftServiceManager - RaftServer{1} - Applying Indexed{index=25, entry=CommandEntry{term=1, timestamp=2018-06-10 12:27:48,740, session=2, sequence=19, operation=PrimitiveOperation{id=DefaultOperationId{id=write, type=COMMAND}, value=byte[]{length=17, hash=-1644578928}}}}
00:27:48.846 [raft-server-1-state] TRACE i.a.p.s.impl.DefaultServiceExecutor - PrimitiveService{2}{type=io.atomix.protocols.raft.RaftTest$TestPrimitiveType@f170389, name=raft-test} - Executing DefaultCommit{index=25, session=RaftSession{RaftServiceContext{server=1, type=io.atomix.protocols.raft.RaftTest$TestPrimitiveType@f170389, name=raft-test, id=2}, session=2, timestamp=2018-06-10 12:27:48,740}, time=2018-06-10 12:27:48,740, operation=DefaultOperationId{id=write, type=COMMAND}, value=byte[]{length=17, hash=-1644578928}}
00:27:48.846 [raft-server-2] TRACE i.a.p.raft.roles.FollowerRole - RaftServer{2}{role=FOLLOWER} - Appended Indexed{index=25, entry=CommandEntry{term=1, timestamp=2018-06-10 12:27:48,740, session=2, sequence=19, operation=PrimitiveOperation{id=DefaultOperationId{id=write, type=COMMAND}, value=byte[]{length=17, hash=-1644578928}}}}
00:27:48.846 [raft-server-1-state] TRACE i.a.protocols.raft.roles.LeaderRole - RaftServer{1}{role=LEADER} - Sending CommandResponse{status=OK, index=25, eventIndex=2, result=byte[]{length=2, hash=1290}}
00:27:48.846 [raft-client-1f73cd99-b88c-4b59-9944-86684dacc85c-5] TRACE i.a.p.r.s.impl.RaftSessionConnection - SessionClient{2}{type=io.atomix.protocols.raft.RaftTest$TestPrimitiveType@7d0100ea, name=raft-test} - Received CommandResponse{status=OK, index=25, eventIndex=2, result=byte[]{length=2, hash=1290}} from 1
00:27:48.847 [raft-client-1f73cd99-b88c-4b59-9944-86684dacc85c-5] TRACE i.a.p.r.s.impl.RaftSessionSequencer - SessionClient{2}{type=io.atomix.protocols.raft.RaftTest$TestPrimitiveType@7d0100ea, name=raft-test} - Completing response CommandResponse{status=OK, index=25, eventIndex=2, result=byte[]{length=2, hash=1290}}
00:27:48.847 [raft-client-1f73cd99-b88c-4b59-9944-86684dacc85c-7] TRACE i.a.p.r.s.impl.RaftSessionConnection - SessionClient{2}{type=io.atomix.protocols.raft.RaftTest$TestPrimitiveType@7d0100ea, name=raft-test} - Sending CommandRequest{session=2, sequence=20, operation=PrimitiveOperation{id=DefaultOperationId{id=write, type=COMMAND}, value=byte[]{length=17, hash=-1644578928}}} to 1
00:27:48.847 [raft-server-1] TRACE i.a.protocols.raft.roles.LeaderRole - RaftServer{1}{role=LEADER} - Received CommandRequest{session=2, sequence=20, operation=PrimitiveOperation{id=DefaultOperationId{id=write, type=COMMAND}, value=byte[]{length=17, hash=-1644578928}}}
00:27:48.847 [raft-server-1] TRACE i.a.protocols.raft.roles.LeaderRole - RaftServer{1}{role=LEADER} - Appended Indexed{index=26, entry=CommandEntry{term=1, timestamp=2018-06-10 12:27:48,847, session=2, sequence=20, operation=PrimitiveOperation{id=DefaultOperationId{id=write, type=COMMAND}, value=byte[]{length=17, hash=-1644578928}}}}
00:27:48.847 [raft-server-1] TRACE i.a.p.raft.roles.LeaderAppender - RaftServer{1} - Sending AppendRequest{term=1, leader=1, prevLogIndex=25, prevLogTerm=1, entries=1, commitIndex=25} to 3
00:27:48.847 [raft-server-3] TRACE i.a.p.raft.roles.FollowerRole - RaftServer{3}{role=FOLLOWER} - Received AppendRequest{term=1, leader=1, prevLogIndex=25, prevLogTerm=1, entries=1, commitIndex=25}
00:27:48.847 [raft-server-3] TRACE i.a.p.raft.roles.FollowerRole - RaftServer{3}{role=FOLLOWER} - Appended Indexed{index=26, entry=CommandEntry{term=1, timestamp=2018-06-10 12:27:48,847, session=2, sequence=20, operation=PrimitiveOperation{id=DefaultOperationId{id=write, type=COMMAND}, value=byte[]{length=17, hash=-1644578928}}}}
00:27:48.893 [raft-server-2] TRACE i.a.p.raft.roles.FollowerRole - RaftServer{2}{role=FOLLOWER} - Committed entries up to index 25
00:27:48.893 [raft-server-2] TRACE i.a.p.raft.roles.FollowerRole - RaftServer{2}{role=FOLLOWER} - Sending AppendResponse{status=OK, term=1, succeeded=true, lastLogIndex=25}
00:27:48.893 [raft-server-1] TRACE i.a.p.raft.roles.LeaderAppender - RaftServer{1} - Received AppendResponse{status=OK, term=1, succeeded=true, lastLogIndex=25} from 2
00:27:48.893 [raft-server-2-state] TRACE i.a.p.raft.impl.RaftServiceManager - RaftServer{2} - Applying Indexed{index=25, entry=CommandEntry{term=1, timestamp=2018-06-10 12:27:48,740, session=2, sequence=19, operation=PrimitiveOperation{id=DefaultOperationId{id=write, type=COMMAND}, value=byte[]{length=17, hash=-1644578928}}}}
00:27:48.893 [raft-server-1] TRACE i.a.p.raft.roles.LeaderAppender - RaftServer{1} - Sending AppendRequest{term=1, leader=1, prevLogIndex=25, prevLogTerm=1, entries=1, commitIndex=25} to 2
00:27:48.893 [raft-server-2-state] TRACE i.a.p.s.impl.DefaultServiceExecutor - PrimitiveService{2}{type=io.atomix.protocols.raft.RaftTest$TestPrimitiveType@68be9fc, name=raft-test} - Executing DefaultCommit{index=25, session=RaftSession{RaftServiceContext{server=2, type=io.atomix.protocols.raft.RaftTest$TestPrimitiveType@68be9fc, name=raft-test, id=2}, session=2, timestamp=2018-06-10 12:27:48,740}, time=2018-06-10 12:27:48,740, operation=DefaultOperationId{id=write, type=COMMAND}, value=byte[]{length=17, hash=-1644578928}}
00:27:48.893 [raft-server-2] TRACE i.a.p.raft.roles.FollowerRole - RaftServer{2}{role=FOLLOWER} - Received AppendRequest{term=1, leader=1, prevLogIndex=25, prevLogTerm=1, entries=1, commitIndex=25}
00:27:48.894 [raft-server-2] TRACE i.a.p.raft.roles.FollowerRole - RaftServer{2}{role=FOLLOWER} - Appended Indexed{index=26, entry=CommandEntry{term=1, timestamp=2018-06-10 12:27:48,847, session=2, sequence=20, operation=PrimitiveOperation{id=DefaultOperationId{id=write, type=COMMAND}, value=byte[]{length=17, hash=-1644578928}}}}
00:27:48.894 [raft-server-2] TRACE i.a.p.raft.roles.FollowerRole - RaftServer{2}{role=FOLLOWER} - Sending AppendResponse{status=OK, term=1, succeeded=true, lastLogIndex=26}
00:27:48.894 [raft-server-1] TRACE i.a.p.raft.roles.LeaderAppender - RaftServer{1} - Received AppendResponse{status=OK, term=1, succeeded=true, lastLogIndex=26} from 2
00:27:48.894 [raft-server-1] TRACE i.a.p.raft.roles.LeaderAppender - RaftServer{1} - Committed entries up to 26
00:27:48.939 [raft-server-3] TRACE i.a.p.raft.roles.FollowerRole - RaftServer{3}{role=FOLLOWER} - Committed entries up to index 25
00:27:48.939 [raft-server-3] TRACE i.a.p.raft.roles.FollowerRole - RaftServer{3}{role=FOLLOWER} - Sending AppendResponse{status=OK, term=1, succeeded=true, lastLogIndex=26}
00:27:48.939 [raft-server-3-state] TRACE i.a.p.raft.impl.RaftServiceManager - RaftServer{3} - Applying Indexed{index=25, entry=CommandEntry{term=1, timestamp=2018-06-10 12:27:48,740, session=2, sequence=19, operation=PrimitiveOperation{id=DefaultOperationId{id=write, type=COMMAND}, value=byte[]{length=17, hash=-1644578928}}}}
00:27:48.939 [raft-server-3-state] TRACE i.a.p.s.impl.DefaultServiceExecutor - PrimitiveService{2}{type=io.atomix.protocols.raft.RaftTest$TestPrimitiveType@192b3940, name=raft-test} - Executing DefaultCommit{index=25, session=RaftSession{RaftServiceContext{server=3, type=io.atomix.protocols.raft.RaftTest$TestPrimitiveType@192b3940, name=raft-test, id=2}, session=2, timestamp=2018-06-10 12:27:48,740}, time=2018-06-10 12:27:48,740, operation=DefaultOperationId{id=write, type=COMMAND}, value=byte[]{length=17, hash=-1644578928}}
00:27:48.971 [raft-server-1] TRACE i.a.p.raft.roles.LeaderAppender - RaftServer{1} - Sending AppendRequest{term=1, leader=1, prevLogIndex=26, prevLogTerm=1, entries=0, commitIndex=26} to 2
00:27:48.971 [raft-server-1] TRACE i.a.p.raft.roles.LeaderAppender - RaftServer{1} - Received AppendResponse{status=OK, term=1, succeeded=true, lastLogIndex=26} from 3
00:27:48.971 [raft-server-1] TRACE i.a.p.raft.roles.LeaderAppender - RaftServer{1} - Sending AppendRequest{term=1, leader=1, prevLogIndex=26, prevLogTerm=1, entries=0, commitIndex=26} to 3
00:27:48.971 [raft-server-2] TRACE i.a.p.raft.roles.FollowerRole - RaftServer{2}{role=FOLLOWER} - Received AppendRequest{term=1, leader=1, prevLogIndex=26, prevLogTerm=1, entries=0, commitIndex=26}
00:27:48.971 [raft-server-3] TRACE i.a.p.raft.roles.FollowerRole - RaftServer{3}{role=FOLLOWER} - Received AppendRequest{term=1, leader=1, prevLogIndex=26, prevLogTerm=1, entries=0, commitIndex=26}
00:27:48.971 [raft-server-1-state] TRACE i.a.p.raft.impl.RaftServiceManager - RaftServer{1} - Applying Indexed{index=26, entry=CommandEntry{term=1, timestamp=2018-06-10 12:27:48,847, session=2, sequence=20, operation=PrimitiveOperation{id=DefaultOperationId{id=write, type=COMMAND}, value=byte[]{length=17, hash=-1644578928}}}}
00:27:48.971 [raft-server-1-state] TRACE i.a.p.s.impl.DefaultServiceExecutor - PrimitiveService{2}{type=io.atomix.protocols.raft.RaftTest$TestPrimitiveType@f170389, name=raft-test} - Executing DefaultCommit{index=26, session=RaftSession{RaftServiceContext{server=1, type=io.atomix.protocols.raft.RaftTest$TestPrimitiveType@f170389, name=raft-test, id=2}, session=2, timestamp=2018-06-10 12:27:48,847}, time=2018-06-10 12:27:48,847, operation=DefaultOperationId{id=write, type=COMMAND}, value=byte[]{length=17, hash=-1644578928}}
00:27:48.971 [raft-server-1-state] TRACE i.a.protocols.raft.roles.LeaderRole - RaftServer{1}{role=LEADER} - Sending CommandResponse{status=OK, index=26, eventIndex=2, result=byte[]{length=2, hash=1292}}
00:27:48.972 [raft-client-1f73cd99-b88c-4b59-9944-86684dacc85c-6] TRACE i.a.p.r.s.impl.RaftSessionConnection - SessionClient{2}{type=io.atomix.protocols.raft.RaftTest$TestPrimitiveType@7d0100ea, name=raft-test} - Received CommandResponse{status=OK, index=26, eventIndex=2, result=byte[]{length=2, hash=1292}} from 1
00:27:48.972 [raft-client-1f73cd99-b88c-4b59-9944-86684dacc85c-6] TRACE i.a.p.r.s.impl.RaftSessionSequencer - SessionClient{2}{type=io.atomix.protocols.raft.RaftTest$TestPrimitiveType@7d0100ea, name=raft-test} - Completing response CommandResponse{status=OK, index=26, eventIndex=2, result=byte[]{length=2, hash=1292}}
00:27:48.972 [raft-client-1f73cd99-b88c-4b59-9944-86684dacc85c-6] TRACE i.a.p.r.s.impl.RaftSessionConnection - SessionClient{2}{type=io.atomix.protocols.raft.RaftTest$TestPrimitiveType@7d0100ea, name=raft-test} - Sending CommandRequest{session=2, sequence=21, operation=PrimitiveOperation{id=DefaultOperationId{id=write, type=COMMAND}, value=byte[]{length=17, hash=-1644578928}}} to 1
00:27:48.972 [raft-server-1] TRACE i.a.protocols.raft.roles.LeaderRole - RaftServer{1}{role=LEADER} - Received CommandRequest{session=2, sequence=21, operation=PrimitiveOperation{id=DefaultOperationId{id=write, type=COMMAND}, value=byte[]{length=17, hash=-1644578928}}}
00:27:48.972 [raft-server-1] TRACE i.a.protocols.raft.roles.LeaderRole - RaftServer{1}{role=LEADER} - Appended Indexed{index=27, entry=CommandEntry{term=1, timestamp=2018-06-10 12:27:48,972, session=2, sequence=21, operation=PrimitiveOperation{id=DefaultOperationId{id=write, type=COMMAND}, value=byte[]{length=17, hash=-1644578928}}}}
00:27:49.013 [raft-server-3] TRACE i.a.p.raft.roles.FollowerRole - RaftServer{3}{role=FOLLOWER} - Committed entries up to index 26
00:27:49.013 [raft-server-3] TRACE i.a.p.raft.roles.FollowerRole - RaftServer{3}{role=FOLLOWER} - Sending AppendResponse{status=OK, term=1, succeeded=true, lastLogIndex=26}
00:27:49.013 [raft-server-2] TRACE i.a.p.raft.roles.FollowerRole - RaftServer{2}{role=FOLLOWER} - Committed entries up to index 26
00:27:49.013 [raft-server-1] TRACE i.a.p.raft.roles.LeaderAppender - RaftServer{1} - Received AppendResponse{status=OK, term=1, succeeded=true, lastLogIndex=26} from 3
00:27:49.013 [raft-server-2] TRACE i.a.p.raft.roles.FollowerRole - RaftServer{2}{role=FOLLOWER} - Sending AppendResponse{status=OK, term=1, succeeded=true, lastLogIndex=26}
00:27:49.013 [raft-server-3-state] TRACE i.a.p.raft.impl.RaftServiceManager - RaftServer{3} - Applying Indexed{index=26, entry=CommandEntry{term=1, timestamp=2018-06-10 12:27:48,847, session=2, sequence=20, operation=PrimitiveOperation{id=DefaultOperationId{id=write, type=COMMAND}, value=byte[]{length=17, hash=-1644578928}}}}
00:27:49.013 [raft-server-1] TRACE i.a.p.raft.roles.LeaderAppender - RaftServer{1} - Sending AppendRequest{term=1, leader=1, prevLogIndex=26, prevLogTerm=1, entries=1, commitIndex=26} to 3
00:27:49.013 [raft-server-3-state] TRACE i.a.p.s.impl.DefaultServiceExecutor - PrimitiveService{2}{type=io.atomix.protocols.raft.RaftTest$TestPrimitiveType@192b3940, name=raft-test} - Executing DefaultCommit{index=26, session=RaftSession{RaftServiceContext{server=3, type=io.atomix.protocols.raft.RaftTest$TestPrimitiveType@192b3940, name=raft-test, id=2}, session=2, timestamp=2018-06-10 12:27:48,847}, time=2018-06-10 12:27:48,847, operation=DefaultOperationId{id=write, type=COMMAND}, value=byte[]{length=17, hash=-1644578928}}
00:27:49.013 [raft-server-2-state] TRACE i.a.p.raft.impl.RaftServiceManager - RaftServer{2} - Applying Indexed{index=26, entry=CommandEntry{term=1, timestamp=2018-06-10 12:27:48,847, session=2, sequence=20, operation=PrimitiveOperation{id=DefaultOperationId{id=write, type=COMMAND}, value=byte[]{length=17, hash=-1644578928}}}}
00:27:49.013 [raft-server-3] TRACE i.a.p.raft.roles.FollowerRole - RaftServer{3}{role=FOLLOWER} - Received AppendRequest{term=1, leader=1, prevLogIndex=26, prevLogTerm=1, entries=1, commitIndex=26}
00:27:49.013 [raft-server-1] TRACE i.a.p.raft.roles.LeaderAppender - RaftServer{1} - Sending AppendRequest{term=1, leader=1, prevLogIndex=26, prevLogTerm=1, entries=1, commitIndex=26} to 2
00:27:49.013 [raft-server-2-state] TRACE i.a.p.s.impl.DefaultServiceExecutor - PrimitiveService{2}{type=io.atomix.protocols.raft.RaftTest$TestPrimitiveType@68be9fc, name=raft-test} - Executing DefaultCommit{index=26, session=RaftSession{RaftServiceContext{server=2, type=io.atomix.protocols.raft.RaftTest$TestPrimitiveType@68be9fc, name=raft-test, id=2}, session=2, timestamp=2018-06-10 12:27:48,847}, time=2018-06-10 12:27:48,847, operation=DefaultOperationId{id=write, type=COMMAND}, value=byte[]{length=17, hash=-1644578928}}
00:27:49.013 [raft-server-2] TRACE i.a.p.raft.roles.FollowerRole - RaftServer{2}{role=FOLLOWER} - Received AppendRequest{term=1, leader=1, prevLogIndex=26, prevLogTerm=1, entries=1, commitIndex=26}
00:27:49.013 [raft-server-1] TRACE i.a.p.raft.roles.LeaderAppender - RaftServer{1} - Received AppendResponse{status=OK, term=1, succeeded=true, lastLogIndex=26} from 2
00:27:49.013 [raft-server-3] TRACE i.a.p.raft.roles.FollowerRole - RaftServer{3}{role=FOLLOWER} - Appended Indexed{index=27, entry=CommandEntry{term=1, timestamp=2018-06-10 12:27:48,972, session=2, sequence=21, operation=PrimitiveOperation{id=DefaultOperationId{id=write, type=COMMAND}, value=byte[]{length=17, hash=-1644578928}}}}
00:27:49.013 [raft-server-3] TRACE i.a.p.raft.roles.FollowerRole - RaftServer{3}{role=FOLLOWER} - Sending AppendResponse{status=OK, term=1, succeeded=true, lastLogIndex=27}
00:27:49.013 [raft-server-2] TRACE i.a.p.raft.roles.FollowerRole - RaftServer{2}{role=FOLLOWER} - Appended Indexed{index=27, entry=CommandEntry{term=1, timestamp=2018-06-10 12:27:48,972, session=2, sequence=21, operation=PrimitiveOperation{id=DefaultOperationId{id=write, type=COMMAND}, value=byte[]{length=17, hash=-1644578928}}}}
00:27:49.014 [raft-server-1] TRACE i.a.p.raft.roles.LeaderAppender - RaftServer{1} - Received AppendResponse{status=OK, term=1, succeeded=true, lastLogIndex=27} from 3
00:27:49.014 [raft-server-2] TRACE i.a.p.raft.roles.FollowerRole - RaftServer{2}{role=FOLLOWER} - Sending AppendResponse{status=OK, term=1, succeeded=true, lastLogIndex=27}
00:27:49.014 [raft-server-1] TRACE i.a.p.raft.roles.LeaderAppender - RaftServer{1} - Committed entries up to 27
00:27:49.056 [raft-server-1] TRACE i.a.p.raft.roles.LeaderAppender - RaftServer{1} - Received AppendResponse{status=OK, term=1, succeeded=true, lastLogIndex=27} from 2
00:27:49.056 [raft-server-1-state] TRACE i.a.p.raft.impl.RaftServiceManager - RaftServer{1} - Applying Indexed{index=27, entry=CommandEntry{term=1, timestamp=2018-06-10 12:27:48,972, session=2, sequence=21, operation=PrimitiveOperation{id=DefaultOperationId{id=write, type=COMMAND}, value=byte[]{length=17, hash=-1644578928}}}}
00:27:49.056 [raft-server-1-state] TRACE i.a.p.s.impl.DefaultServiceExecutor - PrimitiveService{2}{type=io.atomix.protocols.raft.RaftTest$TestPrimitiveType@f170389, name=raft-test} - Executing DefaultCommit{index=27, session=RaftSession{RaftServiceContext{server=1, type=io.atomix.protocols.raft.RaftTest$TestPrimitiveType@f170389, name=raft-test, id=2}, session=2, timestamp=2018-06-10 12:27:48,972}, time=2018-06-10 12:27:48,972, operation=DefaultOperationId{id=write, type=COMMAND}, value=byte[]{length=17, hash=-1644578928}}
00:27:49.056 [raft-server-1-state] TRACE i.a.protocols.raft.roles.LeaderRole - RaftServer{1}{role=LEADER} - Sending CommandResponse{status=OK, index=27, eventIndex=2, result=byte[]{length=2, hash=1294}}
00:27:49.056 [raft-client-1f73cd99-b88c-4b59-9944-86684dacc85c-4] TRACE i.a.p.r.s.impl.RaftSessionConnection - SessionClient{2}{type=io.atomix.protocols.raft.RaftTest$TestPrimitiveType@7d0100ea, name=raft-test} - Received CommandResponse{status=OK, index=27, eventIndex=2, result=byte[]{length=2, hash=1294}} from 1
00:27:49.056 [raft-client-1f73cd99-b88c-4b59-9944-86684dacc85c-4] TRACE i.a.p.r.s.impl.RaftSessionSequencer - SessionClient{2}{type=io.atomix.protocols.raft.RaftTest$TestPrimitiveType@7d0100ea, name=raft-test} - Completing response CommandResponse{status=OK, index=27, eventIndex=2, result=byte[]{length=2, hash=1294}}
00:27:49.057 [raft-client-1f73cd99-b88c-4b59-9944-86684dacc85c-5] TRACE i.a.p.r.s.impl.RaftSessionConnection - SessionClient{2}{type=io.atomix.protocols.raft.RaftTest$TestPrimitiveType@7d0100ea, name=raft-test} - Sending CommandRequest{session=2, sequence=22, operation=PrimitiveOperation{id=DefaultOperationId{id=write, type=COMMAND}, value=byte[]{length=17, hash=-1644578928}}} to 1
00:27:49.057 [raft-server-1] TRACE i.a.protocols.raft.roles.LeaderRole - RaftServer{1}{role=LEADER} - Received CommandRequest{session=2, sequence=22, operation=PrimitiveOperation{id=DefaultOperationId{id=write, type=COMMAND}, value=byte[]{length=17, hash=-1644578928}}}
00:27:49.057 [raft-server-1] TRACE i.a.protocols.raft.roles.LeaderRole - RaftServer{1}{role=LEADER} - Appended Indexed{index=28, entry=CommandEntry{term=1, timestamp=2018-06-10 12:27:49,057, session=2, sequence=22, operation=PrimitiveOperation{id=DefaultOperationId{id=write, type=COMMAND}, value=byte[]{length=17, hash=-1644578928}}}}
00:27:49.057 [raft-server-1] TRACE i.a.p.raft.roles.LeaderAppender - RaftServer{1} - Sending AppendRequest{term=1, leader=1, prevLogIndex=27, prevLogTerm=1, entries=1, commitIndex=27} to 3
00:27:49.057 [raft-server-3] TRACE i.a.p.raft.roles.FollowerRole - RaftServer{3}{role=FOLLOWER} - Received AppendRequest{term=1, leader=1, prevLogIndex=27, prevLogTerm=1, entries=1, commitIndex=27}
00:27:49.057 [raft-server-1] TRACE i.a.p.raft.roles.LeaderAppender - RaftServer{1} - Sending AppendRequest{term=1, leader=1, prevLogIndex=27, prevLogTerm=1, entries=1, commitIndex=27} to 2
00:27:49.057 [raft-server-2] TRACE i.a.p.raft.roles.FollowerRole - RaftServer{2}{role=FOLLOWER} - Received AppendRequest{term=1, leader=1, prevLogIndex=27, prevLogTerm=1, entries=1, commitIndex=27}
00:27:49.057 [raft-server-3] TRACE i.a.p.raft.roles.FollowerRole - RaftServer{3}{role=FOLLOWER} - Appended Indexed{index=28, entry=CommandEntry{term=1, timestamp=2018-06-10 12:27:49,057, session=2, sequence=22, operation=PrimitiveOperation{id=DefaultOperationId{id=write, type=COMMAND}, value=byte[]{length=17, hash=-1644578928}}}}
00:27:49.057 [raft-server-2] TRACE i.a.p.raft.roles.FollowerRole - RaftServer{2}{role=FOLLOWER} - Appended Indexed{index=28, entry=CommandEntry{term=1, timestamp=2018-06-10 12:27:49,057, session=2, sequence=22, operation=PrimitiveOperation{id=DefaultOperationId{id=write, type=COMMAND}, value=byte[]{length=17, hash=-1644578928}}}}
00:27:49.097 [raft-server-3] TRACE i.a.p.raft.roles.FollowerRole - RaftServer{3}{role=FOLLOWER} - Committed entries up to index 27
00:27:49.097 [raft-server-2] TRACE i.a.p.raft.roles.FollowerRole - RaftServer{2}{role=FOLLOWER} - Committed entries up to index 27
00:27:49.097 [raft-server-3] TRACE i.a.p.raft.roles.FollowerRole - RaftServer{3}{role=FOLLOWER} - Sending AppendResponse{status=OK, term=1, succeeded=true, lastLogIndex=28}
00:27:49.098 [raft-server-2] TRACE i.a.p.raft.roles.FollowerRole - RaftServer{2}{role=FOLLOWER} - Sending AppendResponse{status=OK, term=1, succeeded=true, lastLogIndex=28}
00:27:49.098 [raft-server-3-state] TRACE i.a.p.raft.impl.RaftServiceManager - RaftServer{3} - Applying Indexed{index=27, entry=CommandEntry{term=1, timestamp=2018-06-10 12:27:48,972, session=2, sequence=21, operation=PrimitiveOperation{id=DefaultOperationId{id=write, type=COMMAND}, value=byte[]{length=17, hash=-1644578928}}}}
00:27:49.098 [raft-server-2-state] TRACE i.a.p.raft.impl.RaftServiceManager - RaftServer{2} - Applying Indexed{index=27, entry=CommandEntry{term=1, timestamp=2018-06-10 12:27:48,972, session=2, sequence=21, operation=PrimitiveOperation{id=DefaultOperationId{id=write, type=COMMAND}, value=byte[]{length=17, hash=-1644578928}}}}
00:27:49.098 [raft-server-1] TRACE i.a.p.raft.roles.LeaderAppender - RaftServer{1} - Received AppendResponse{status=OK, term=1, succeeded=true, lastLogIndex=28} from 3
00:27:49.098 [raft-server-3-state] TRACE i.a.p.s.impl.DefaultServiceExecutor - PrimitiveService{2}{type=io.atomix.protocols.raft.RaftTest$TestPrimitiveType@192b3940, name=raft-test} - Executing DefaultCommit{index=27, session=RaftSession{RaftServiceContext{server=3, type=io.atomix.protocols.raft.RaftTest$TestPrimitiveType@192b3940, name=raft-test, id=2}, session=2, timestamp=2018-06-10 12:27:48,972}, time=2018-06-10 12:27:48,972, operation=DefaultOperationId{id=write, type=COMMAND}, value=byte[]{length=17, hash=-1644578928}}
00:27:49.098 [raft-server-2-state] TRACE i.a.p.s.impl.DefaultServiceExecutor - PrimitiveService{2}{type=io.atomix.protocols.raft.RaftTest$TestPrimitiveType@68be9fc, name=raft-test} - Executing DefaultCommit{index=27, session=RaftSession{RaftServiceContext{server=2, type=io.atomix.protocols.raft.RaftTest$TestPrimitiveType@68be9fc, name=raft-test, id=2}, session=2, timestamp=2018-06-10 12:27:48,972}, time=2018-06-10 12:27:48,972, operation=DefaultOperationId{id=write, type=COMMAND}, value=byte[]{length=17, hash=-1644578928}}
00:27:49.098 [raft-server-1] TRACE i.a.p.raft.roles.LeaderAppender - RaftServer{1} - Committed entries up to 28
00:27:49.139 [raft-server-1] TRACE i.a.p.raft.roles.LeaderAppender - RaftServer{1} - Received AppendResponse{status=OK, term=1, succeeded=true, lastLogIndex=28} from 2
00:27:49.139 [raft-server-1-state] TRACE i.a.p.raft.impl.RaftServiceManager - RaftServer{1} - Applying Indexed{index=28, entry=CommandEntry{term=1, timestamp=2018-06-10 12:27:49,057, session=2, sequence=22, operation=PrimitiveOperation{id=DefaultOperationId{id=write, type=COMMAND}, value=byte[]{length=17, hash=-1644578928}}}}
00:27:49.139 [raft-server-1-state] TRACE i.a.p.s.impl.DefaultServiceExecutor - PrimitiveService{2}{type=io.atomix.protocols.raft.RaftTest$TestPrimitiveType@f170389, name=raft-test} - Executing DefaultCommit{index=28, session=RaftSession{RaftServiceContext{server=1, type=io.atomix.protocols.raft.RaftTest$TestPrimitiveType@f170389, name=raft-test, id=2}, session=2, timestamp=2018-06-10 12:27:49,057}, time=2018-06-10 12:27:49,057, operation=DefaultOperationId{id=write, type=COMMAND}, value=byte[]{length=17, hash=-1644578928}}
00:27:49.140 [raft-server-1-state] TRACE i.a.protocols.raft.roles.LeaderRole - RaftServer{1}{role=LEADER} - Sending CommandResponse{status=OK, index=28, eventIndex=2, result=byte[]{length=2, hash=1296}}
00:27:49.140 [raft-client-1f73cd99-b88c-4b59-9944-86684dacc85c-6] TRACE i.a.p.r.s.impl.RaftSessionConnection - SessionClient{2}{type=io.atomix.protocols.raft.RaftTest$TestPrimitiveType@7d0100ea, name=raft-test} - Received CommandResponse{status=OK, index=28, eventIndex=2, result=byte[]{length=2, hash=1296}} from 1
00:27:49.140 [raft-client-1f73cd99-b88c-4b59-9944-86684dacc85c-6] TRACE i.a.p.r.s.impl.RaftSessionSequencer - SessionClient{2}{type=io.atomix.protocols.raft.RaftTest$TestPrimitiveType@7d0100ea, name=raft-test} - Completing response CommandResponse{status=OK, index=28, eventIndex=2, result=byte[]{length=2, hash=1296}}
00:27:49.140 [raft-client-1f73cd99-b88c-4b59-9944-86684dacc85c-6] TRACE i.a.p.r.s.impl.RaftSessionConnection - SessionClient{2}{type=io.atomix.protocols.raft.RaftTest$TestPrimitiveType@7d0100ea, name=raft-test} - Sending CommandRequest{session=2, sequence=23, operation=PrimitiveOperation{id=DefaultOperationId{id=write, type=COMMAND}, value=byte[]{length=17, hash=-1644578928}}} to 1
00:27:49.140 [raft-server-1] TRACE i.a.protocols.raft.roles.LeaderRole - RaftServer{1}{role=LEADER} - Received CommandRequest{session=2, sequence=23, operation=PrimitiveOperation{id=DefaultOperationId{id=write, type=COMMAND}, value=byte[]{length=17, hash=-1644578928}}}
00:27:49.140 [raft-server-1] TRACE i.a.protocols.raft.roles.LeaderRole - RaftServer{1}{role=LEADER} - Appended Indexed{index=29, entry=CommandEntry{term=1, timestamp=2018-06-10 12:27:49,140, session=2, sequence=23, operation=PrimitiveOperation{id=DefaultOperationId{id=write, type=COMMAND}, value=byte[]{length=17, hash=-1644578928}}}}
00:27:49.140 [raft-server-1] TRACE i.a.p.raft.roles.LeaderAppender - RaftServer{1} - Sending AppendRequest{term=1, leader=1, prevLogIndex=28, prevLogTerm=1, entries=1, commitIndex=28} to 3
00:27:49.140 [raft-server-1] TRACE i.a.p.raft.roles.LeaderAppender - RaftServer{1} - Sending AppendRequest{term=1, leader=1, prevLogIndex=28, prevLogTerm=1, entries=1, commitIndex=28} to 2
00:27:49.140 [raft-server-3] TRACE i.a.p.raft.roles.FollowerRole - RaftServer{3}{role=FOLLOWER} - Received AppendRequest{term=1, leader=1, prevLogIndex=28, prevLogTerm=1, entries=1, commitIndex=28}
00:27:49.140 [raft-server-2] TRACE i.a.p.raft.roles.FollowerRole - RaftServer{2}{role=FOLLOWER} - Received AppendRequest{term=1, leader=1, prevLogIndex=28, prevLogTerm=1, entries=1, commitIndex=28}
00:27:49.141 [raft-server-2] TRACE i.a.p.raft.roles.FollowerRole - RaftServer{2}{role=FOLLOWER} - Appended Indexed{index=29, entry=CommandEntry{term=1, timestamp=2018-06-10 12:27:49,140, session=2, sequence=23, operation=PrimitiveOperation{id=DefaultOperationId{id=write, type=COMMAND}, value=byte[]{length=17, hash=-1644578928}}}}
00:27:49.141 [raft-server-3] TRACE i.a.p.raft.roles.FollowerRole - RaftServer{3}{role=FOLLOWER} - Appended Indexed{index=29, entry=CommandEntry{term=1, timestamp=2018-06-10 12:27:49,140, session=2, sequence=23, operation=PrimitiveOperation{id=DefaultOperationId{id=write, type=COMMAND}, value=byte[]{length=17, hash=-1644578928}}}}
00:27:49.189 [raft-server-2] TRACE i.a.p.raft.roles.FollowerRole - RaftServer{2}{role=FOLLOWER} - Committed entries up to index 28
00:27:49.189 [raft-server-3] TRACE i.a.p.raft.roles.FollowerRole - RaftServer{3}{role=FOLLOWER} - Committed entries up to index 28
00:27:49.189 [raft-server-2] TRACE i.a.p.raft.roles.FollowerRole - RaftServer{2}{role=FOLLOWER} - Sending AppendResponse{status=OK, term=1, succeeded=true, lastLogIndex=29}
00:27:49.189 [raft-server-3] TRACE i.a.p.raft.roles.FollowerRole - RaftServer{3}{role=FOLLOWER} - Sending AppendResponse{status=OK, term=1, succeeded=true, lastLogIndex=29}
00:27:49.189 [raft-server-2-state] TRACE i.a.p.raft.impl.RaftServiceManager - RaftServer{2} - Applying Indexed{index=28, entry=CommandEntry{term=1, timestamp=2018-06-10 12:27:49,057, session=2, sequence=22, operation=PrimitiveOperation{id=DefaultOperationId{id=write, type=COMMAND}, value=byte[]{length=17, hash=-1644578928}}}}
00:27:49.189 [raft-server-1] TRACE i.a.p.raft.roles.LeaderAppender - RaftServer{1} - Received AppendResponse{status=OK, term=1, succeeded=true, lastLogIndex=29} from 2
00:27:49.189 [raft-server-3-state] TRACE i.a.p.raft.impl.RaftServiceManager - RaftServer{3} - Applying Indexed{index=28, entry=CommandEntry{term=1, timestamp=2018-06-10 12:27:49,057, session=2, sequence=22, operation=PrimitiveOperation{id=DefaultOperationId{id=write, type=COMMAND}, value=byte[]{length=17, hash=-1644578928}}}}
00:27:49.189 [raft-server-2-state] TRACE i.a.p.s.impl.DefaultServiceExecutor - PrimitiveService{2}{type=io.atomix.protocols.raft.RaftTest$TestPrimitiveType@68be9fc, name=raft-test} - Executing DefaultCommit{index=28, session=RaftSession{RaftServiceContext{server=2, type=io.atomix.protocols.raft.RaftTest$TestPrimitiveType@68be9fc, name=raft-test, id=2}, session=2, timestamp=2018-06-10 12:27:49,057}, time=2018-06-10 12:27:49,057, operation=DefaultOperationId{id=write, type=COMMAND}, value=byte[]{length=17, hash=-1644578928}}
00:27:49.190 [raft-server-1] TRACE i.a.p.raft.roles.LeaderAppender - RaftServer{1} - Committed entries up to 29
00:27:49.190 [raft-server-3-state] TRACE i.a.p.s.impl.DefaultServiceExecutor - PrimitiveService{2}{type=io.atomix.protocols.raft.RaftTest$TestPrimitiveType@192b3940, name=raft-test} - Executing DefaultCommit{index=28, session=RaftSession{RaftServiceContext{server=3, type=io.atomix.protocols.raft.RaftTest$TestPrimitiveType@192b3940, name=raft-test, id=2}, session=2, timestamp=2018-06-10 12:27:49,057}, time=2018-06-10 12:27:49,057, operation=DefaultOperationId{id=write, type=COMMAND}, value=byte[]{length=17, hash=-1644578928}}
00:27:49.239 [raft-server-1] TRACE i.a.p.raft.roles.LeaderAppender - RaftServer{1} - Sending AppendRequest{term=1, leader=1, prevLogIndex=29, prevLogTerm=1, entries=0, commitIndex=29} to 2
00:27:49.239 [raft-server-1] TRACE i.a.p.raft.roles.LeaderAppender - RaftServer{1} - Received AppendResponse{status=OK, term=1, succeeded=true, lastLogIndex=29} from 3
00:27:49.239 [raft-server-1] TRACE i.a.p.raft.roles.LeaderAppender - RaftServer{1} - Sending AppendRequest{term=1, leader=1, prevLogIndex=29, prevLogTerm=1, entries=0, commitIndex=29} to 3
00:27:49.239 [raft-server-2] TRACE i.a.p.raft.roles.FollowerRole - RaftServer{2}{role=FOLLOWER} - Received AppendRequest{term=1, leader=1, prevLogIndex=29, prevLogTerm=1, entries=0, commitIndex=29}
00:27:49.240 [raft-server-3] TRACE i.a.p.raft.roles.FollowerRole - RaftServer{3}{role=FOLLOWER} - Received AppendRequest{term=1, leader=1, prevLogIndex=29, prevLogTerm=1, entries=0, commitIndex=29}
00:27:49.240 [raft-server-1-state] TRACE i.a.p.raft.impl.RaftServiceManager - RaftServer{1} - Applying Indexed{index=29, entry=CommandEntry{term=1, timestamp=2018-06-10 12:27:49,140, session=2, sequence=23, operation=PrimitiveOperation{id=DefaultOperationId{id=write, type=COMMAND}, value=byte[]{length=17, hash=-1644578928}}}}
00:27:49.240 [raft-server-3] TRACE i.a.p.raft.roles.FollowerRole - RaftServer{3}{role=FOLLOWER} - Committed entries up to index 29
00:27:49.240 [raft-server-3] TRACE i.a.p.raft.roles.FollowerRole - RaftServer{3}{role=FOLLOWER} - Sending AppendResponse{status=OK, term=1, succeeded=true, lastLogIndex=29}
00:27:49.240 [raft-server-1-state] TRACE i.a.p.s.impl.DefaultServiceExecutor - PrimitiveService{2}{type=io.atomix.protocols.raft.RaftTest$TestPrimitiveType@f170389, name=raft-test} - Executing DefaultCommit{index=29, session=RaftSession{RaftServiceContext{server=1, type=io.atomix.protocols.raft.RaftTest$TestPrimitiveType@f170389, name=raft-test, id=2}, session=2, timestamp=2018-06-10 12:27:49,140}, time=2018-06-10 12:27:49,140, operation=DefaultOperationId{id=write, type=COMMAND}, value=byte[]{length=17, hash=-1644578928}}
00:27:49.240 [raft-server-1] TRACE i.a.p.raft.roles.LeaderAppender - RaftServer{1} - Received AppendResponse{status=OK, term=1, succeeded=true, lastLogIndex=29} from 3
00:27:49.240 [raft-server-3-state] TRACE i.a.p.raft.impl.RaftServiceManager - RaftServer{3} - Applying Indexed{index=29, entry=CommandEntry{term=1, timestamp=2018-06-10 12:27:49,140, session=2, sequence=23, operation=PrimitiveOperation{id=DefaultOperationId{id=write, type=COMMAND}, value=byte[]{length=17, hash=-1644578928}}}}
00:27:49.240 [raft-server-1-state] TRACE i.a.protocols.raft.roles.LeaderRole - RaftServer{1}{role=LEADER} - Sending CommandResponse{status=OK, index=29, eventIndex=2, result=byte[]{length=2, hash=1298}}
00:27:49.240 [raft-server-3-state] TRACE i.a.p.s.impl.DefaultServiceExecutor - PrimitiveService{2}{type=io.atomix.protocols.raft.RaftTest$TestPrimitiveType@192b3940, name=raft-test} - Executing DefaultCommit{index=29, session=RaftSession{RaftServiceContext{server=3, type=io.atomix.protocols.raft.RaftTest$TestPrimitiveType@192b3940, name=raft-test, id=2}, session=2, timestamp=2018-06-10 12:27:49,140}, time=2018-06-10 12:27:49,140, operation=DefaultOperationId{id=write, type=COMMAND}, value=byte[]{length=17, hash=-1644578928}}
00:27:49.240 [raft-client-1f73cd99-b88c-4b59-9944-86684dacc85c-1] TRACE i.a.p.r.s.impl.RaftSessionConnection - SessionClient{2}{type=io.atomix.protocols.raft.RaftTest$TestPrimitiveType@7d0100ea, name=raft-test} - Received CommandResponse{status=OK, index=29, eventIndex=2, result=byte[]{length=2, hash=1298}} from 1
00:27:49.240 [raft-client-1f73cd99-b88c-4b59-9944-86684dacc85c-1] TRACE i.a.p.r.s.impl.RaftSessionSequencer - SessionClient{2}{type=io.atomix.protocols.raft.RaftTest$TestPrimitiveType@7d0100ea, name=raft-test} - Completing response CommandResponse{status=OK, index=29, eventIndex=2, result=byte[]{length=2, hash=1298}}
00:27:49.240 [raft-client-1f73cd99-b88c-4b59-9944-86684dacc85c-0] TRACE i.a.p.r.s.impl.RaftSessionConnection - SessionClient{2}{type=io.atomix.protocols.raft.RaftTest$TestPrimitiveType@7d0100ea, name=raft-test} - Sending CommandRequest{session=2, sequence=24, operation=PrimitiveOperation{id=DefaultOperationId{id=write, type=COMMAND}, value=byte[]{length=17, hash=-1644578928}}} to 1
00:27:49.241 [raft-server-1] TRACE i.a.protocols.raft.roles.LeaderRole - RaftServer{1}{role=LEADER} - Received CommandRequest{session=2, sequence=24, operation=PrimitiveOperation{id=DefaultOperationId{id=write, type=COMMAND}, value=byte[]{length=17, hash=-1644578928}}}
00:27:49.241 [raft-server-1] TRACE i.a.protocols.raft.roles.LeaderRole - RaftServer{1}{role=LEADER} - Appended Indexed{index=30, entry=CommandEntry{term=1, timestamp=2018-06-10 12:27:49,241, session=2, sequence=24, operation=PrimitiveOperation{id=DefaultOperationId{id=write, type=COMMAND}, value=byte[]{length=17, hash=-1644578928}}}}
00:27:49.241 [raft-server-1] TRACE i.a.p.raft.roles.LeaderAppender - RaftServer{1} - Sending AppendRequest{term=1, leader=1, prevLogIndex=29, prevLogTerm=1, entries=1, commitIndex=29} to 3
00:27:49.241 [raft-server-3] TRACE i.a.p.raft.roles.FollowerRole - RaftServer{3}{role=FOLLOWER} - Received AppendRequest{term=1, leader=1, prevLogIndex=29, prevLogTerm=1, entries=1, commitIndex=29}
00:27:49.241 [raft-server-3] TRACE i.a.p.raft.roles.FollowerRole - RaftServer{3}{role=FOLLOWER} - Appended Indexed{index=30, entry=CommandEntry{term=1, timestamp=2018-06-10 12:27:49,241, session=2, sequence=24, operation=PrimitiveOperation{id=DefaultOperationId{id=write, type=COMMAND}, value=byte[]{length=17, hash=-1644578928}}}}
00:27:49.241 [raft-server-3] TRACE i.a.p.raft.roles.FollowerRole - RaftServer{3}{role=FOLLOWER} - Sending AppendResponse{status=OK, term=1, succeeded=true, lastLogIndex=30}
00:27:49.241 [raft-server-1] TRACE i.a.p.raft.roles.LeaderAppender - RaftServer{1} - Received AppendResponse{status=OK, term=1, succeeded=true, lastLogIndex=30} from 3
00:27:49.241 [raft-server-1] TRACE i.a.p.raft.roles.LeaderAppender - RaftServer{1} - Committed entries up to 30
00:27:49.281 [raft-server-2] TRACE i.a.p.raft.roles.FollowerRole - RaftServer{2}{role=FOLLOWER} - Committed entries up to index 29
00:27:49.281 [raft-server-2] TRACE i.a.p.raft.roles.FollowerRole - RaftServer{2}{role=FOLLOWER} - Sending AppendResponse{status=OK, term=1, succeeded=true, lastLogIndex=29}
00:27:49.281 [raft-server-2-state] TRACE i.a.p.raft.impl.RaftServiceManager - RaftServer{2} - Applying Indexed{index=29, entry=CommandEntry{term=1, timestamp=2018-06-10 12:27:49,140, session=2, sequence=23, operation=PrimitiveOperation{id=DefaultOperationId{id=write, type=COMMAND}, value=byte[]{length=17, hash=-1644578928}}}}
00:27:49.281 [raft-server-2-state] TRACE i.a.p.s.impl.DefaultServiceExecutor - PrimitiveService{2}{type=io.atomix.protocols.raft.RaftTest$TestPrimitiveType@68be9fc, name=raft-test} - Executing DefaultCommit{index=29, session=RaftSession{RaftServiceContext{server=2, type=io.atomix.protocols.raft.RaftTest$TestPrimitiveType@68be9fc, name=raft-test, id=2}, session=2, timestamp=2018-06-10 12:27:49,140}, time=2018-06-10 12:27:49,140, operation=DefaultOperationId{id=write, type=COMMAND}, value=byte[]{length=17, hash=-1644578928}}
00:27:49.306 [raft-server-1] TRACE i.a.p.raft.roles.LeaderAppender - RaftServer{1} - Received AppendResponse{status=OK, term=1, succeeded=true, lastLogIndex=29} from 2
00:27:49.306 [raft-server-1] TRACE i.a.p.raft.roles.LeaderAppender - RaftServer{1} - Sending AppendRequest{term=1, leader=1, prevLogIndex=29, prevLogTerm=1, entries=1, commitIndex=30} to 2
00:27:49.306 [raft-server-2] TRACE i.a.p.raft.roles.FollowerRole - RaftServer{2}{role=FOLLOWER} - Received AppendRequest{term=1, leader=1, prevLogIndex=29, prevLogTerm=1, entries=1, commitIndex=30}
00:27:49.306 [raft-server-1-state] TRACE i.a.p.raft.impl.RaftServiceManager - RaftServer{1} - Applying Indexed{index=30, entry=CommandEntry{term=1, timestamp=2018-06-10 12:27:49,241, session=2, sequence=24, operation=PrimitiveOperation{id=DefaultOperationId{id=write, type=COMMAND}, value=byte[]{length=17, hash=-1644578928}}}}
00:27:49.306 [raft-server-1-state] TRACE i.a.p.s.impl.DefaultServiceExecutor - PrimitiveService{2}{type=io.atomix.protocols.raft.RaftTest$TestPrimitiveType@f170389, name=raft-test} - Executing DefaultCommit{index=30, session=RaftSession{RaftServiceContext{server=1, type=io.atomix.protocols.raft.RaftTest$TestPrimitiveType@f170389, name=raft-test, id=2}, session=2, timestamp=2018-06-10 12:27:49,241}, time=2018-06-10 12:27:49,241, operation=DefaultOperationId{id=write, type=COMMAND}, value=byte[]{length=17, hash=-1644578928}}
00:27:49.306 [raft-server-2] TRACE i.a.p.raft.roles.FollowerRole - RaftServer{2}{role=FOLLOWER} - Appended Indexed{index=30, entry=CommandEntry{term=1, timestamp=2018-06-10 12:27:49,241, session=2, sequence=24, operation=PrimitiveOperation{id=DefaultOperationId{id=write, type=COMMAND}, value=byte[]{length=17, hash=-1644578928}}}}
00:27:49.306 [raft-server-1-state] TRACE i.a.protocols.raft.roles.LeaderRole - RaftServer{1}{role=LEADER} - Sending CommandResponse{status=OK, index=30, eventIndex=2, result=byte[]{length=2, hash=1300}}
00:27:49.306 [raft-client-1f73cd99-b88c-4b59-9944-86684dacc85c-2] TRACE i.a.p.r.s.impl.RaftSessionConnection - SessionClient{2}{type=io.atomix.protocols.raft.RaftTest$TestPrimitiveType@7d0100ea, name=raft-test} - Received CommandResponse{status=OK, index=30, eventIndex=2, result=byte[]{length=2, hash=1300}} from 1
00:27:49.307 [raft-client-1f73cd99-b88c-4b59-9944-86684dacc85c-2] TRACE i.a.p.r.s.impl.RaftSessionSequencer - SessionClient{2}{type=io.atomix.protocols.raft.RaftTest$TestPrimitiveType@7d0100ea, name=raft-test} - Completing response CommandResponse{status=OK, index=30, eventIndex=2, result=byte[]{length=2, hash=1300}}
00:27:49.307 [raft-client-1f73cd99-b88c-4b59-9944-86684dacc85c-7] TRACE i.a.p.r.s.impl.RaftSessionConnection - SessionClient{2}{type=io.atomix.protocols.raft.RaftTest$TestPrimitiveType@7d0100ea, name=raft-test} - Sending CommandRequest{session=2, sequence=25, operation=PrimitiveOperation{id=DefaultOperationId{id=write, type=COMMAND}, value=byte[]{length=17, hash=-1644578928}}} to 1
00:27:49.307 [raft-server-1] TRACE i.a.protocols.raft.roles.LeaderRole - RaftServer{1}{role=LEADER} - Received CommandRequest{session=2, sequence=25, operation=PrimitiveOperation{id=DefaultOperationId{id=write, type=COMMAND}, value=byte[]{length=17, hash=-1644578928}}}
00:27:49.347 [raft-server-2] TRACE i.a.p.raft.roles.FollowerRole - RaftServer{2}{role=FOLLOWER} - Committed entries up to index 30
00:27:49.347 [raft-server-2] TRACE i.a.p.raft.roles.FollowerRole - RaftServer{2}{role=FOLLOWER} - Sending AppendResponse{status=OK, term=1, succeeded=true, lastLogIndex=30}
00:27:49.348 [raft-server-2-state] TRACE i.a.p.raft.impl.RaftServiceManager - RaftServer{2} - Applying Indexed{index=30, entry=CommandEntry{term=1, timestamp=2018-06-10 12:27:49,241, session=2, sequence=24, operation=PrimitiveOperation{id=DefaultOperationId{id=write, type=COMMAND}, value=byte[]{length=17, hash=-1644578928}}}}
00:27:49.348 [raft-server-2-state] TRACE i.a.p.s.impl.DefaultServiceExecutor - PrimitiveService{2}{type=io.atomix.protocols.raft.RaftTest$TestPrimitiveType@68be9fc, name=raft-test} - Executing DefaultCommit{index=30, session=RaftSession{RaftServiceContext{server=2, type=io.atomix.protocols.raft.RaftTest$TestPrimitiveType@68be9fc, name=raft-test, id=2}, session=2, timestamp=2018-06-10 12:27:49,241}, time=2018-06-10 12:27:49,241, operation=DefaultOperationId{id=write, type=COMMAND}, value=byte[]{length=17, hash=-1644578928}}
00:27:49.414 [raft-server-1] DEBUG i.a.storage.journal.SegmentedJournal - Created disk segment: JournalSegment{id=4, version=1, index=31, size=64}
00:27:49.414 [raft-server-1] TRACE i.a.protocols.raft.roles.LeaderRole - RaftServer{1}{role=LEADER} - Appended Indexed{index=31, entry=CommandEntry{term=1, timestamp=2018-06-10 12:27:49,307, session=2, sequence=25, operation=PrimitiveOperation{id=DefaultOperationId{id=write, type=COMMAND}, value=byte[]{length=17, hash=-1644578928}}}}
00:27:49.414 [raft-server-1] TRACE i.a.p.raft.roles.LeaderAppender - RaftServer{1} - Received AppendResponse{status=OK, term=1, succeeded=true, lastLogIndex=30} from 2
00:27:49.415 [raft-server-1] TRACE i.a.p.raft.roles.LeaderAppender - RaftServer{1} - Sending AppendRequest{term=1, leader=1, prevLogIndex=30, prevLogTerm=1, entries=1, commitIndex=30} to 2
00:27:49.415 [raft-server-1] TRACE i.a.p.raft.roles.LeaderAppender - RaftServer{1} - Sending AppendRequest{term=1, leader=1, prevLogIndex=30, prevLogTerm=1, entries=1, commitIndex=30} to 3
00:27:49.415 [raft-server-2] TRACE i.a.p.raft.roles.FollowerRole - RaftServer{2}{role=FOLLOWER} - Received AppendRequest{term=1, leader=1, prevLogIndex=30, prevLogTerm=1, entries=1, commitIndex=30}
00:27:49.415 [raft-server-3] TRACE i.a.p.raft.roles.FollowerRole - RaftServer{3}{role=FOLLOWER} - Received AppendRequest{term=1, leader=1, prevLogIndex=30, prevLogTerm=1, entries=1, commitIndex=30}
00:27:49.481 [raft-server-2] DEBUG i.a.storage.journal.SegmentedJournal - Created disk segment: JournalSegment{id=4, version=1, index=31, size=64}
00:27:49.481 [raft-server-3] DEBUG i.a.storage.journal.SegmentedJournal - Created disk segment: JournalSegment{id=4, version=1, index=31, size=64}
00:27:49.481 [raft-server-2] TRACE i.a.p.raft.roles.FollowerRole - RaftServer{2}{role=FOLLOWER} - Appended Indexed{index=31, entry=CommandEntry{term=1, timestamp=2018-06-10 12:27:49,307, session=2, sequence=25, operation=PrimitiveOperation{id=DefaultOperationId{id=write, type=COMMAND}, value=byte[]{length=17, hash=-1644578928}}}}
00:27:49.481 [raft-server-2] TRACE i.a.p.raft.roles.FollowerRole - RaftServer{2}{role=FOLLOWER} - Sending AppendResponse{status=OK, term=1, succeeded=true, lastLogIndex=31}
00:27:49.481 [raft-server-3] TRACE i.a.p.raft.roles.FollowerRole - RaftServer{3}{role=FOLLOWER} - Appended Indexed{index=31, entry=CommandEntry{term=1, timestamp=2018-06-10 12:27:49,307, session=2, sequence=25, operation=PrimitiveOperation{id=DefaultOperationId{id=write, type=COMMAND}, value=byte[]{length=17, hash=-1644578928}}}}
00:27:49.481 [raft-server-1] TRACE i.a.p.raft.roles.LeaderAppender - RaftServer{1} - Received AppendResponse{status=OK, term=1, succeeded=true, lastLogIndex=31} from 2
00:27:49.481 [raft-server-1] TRACE i.a.p.raft.roles.LeaderAppender - RaftServer{1} - Committed entries up to 31
00:27:49.529 [raft-server-3] TRACE i.a.p.raft.roles.FollowerRole - RaftServer{3}{role=FOLLOWER} - Committed entries up to index 30
00:27:49.529 [raft-server-3] TRACE i.a.p.raft.roles.FollowerRole - RaftServer{3}{role=FOLLOWER} - Sending AppendResponse{status=OK, term=1, succeeded=true, lastLogIndex=31}
00:27:49.529 [raft-server-1] TRACE i.a.p.raft.roles.LeaderAppender - RaftServer{1} - Sending AppendRequest{term=1, leader=1, prevLogIndex=31, prevLogTerm=1, entries=0, commitIndex=31} to 2
00:27:49.529 [raft-server-2] TRACE i.a.p.raft.roles.FollowerRole - RaftServer{2}{role=FOLLOWER} - Received AppendRequest{term=1, leader=1, prevLogIndex=31, prevLogTerm=1, entries=0, commitIndex=31}
00:27:49.529 [raft-server-1] TRACE i.a.p.raft.roles.LeaderAppender - RaftServer{1} - Received AppendResponse{status=OK, term=1, succeeded=true, lastLogIndex=31} from 3
00:27:49.529 [raft-server-3-state] TRACE i.a.p.raft.impl.RaftServiceManager - RaftServer{3} - Applying Indexed{index=30, entry=CommandEntry{term=1, timestamp=2018-06-10 12:27:49,241, session=2, sequence=24, operation=PrimitiveOperation{id=DefaultOperationId{id=write, type=COMMAND}, value=byte[]{length=17, hash=-1644578928}}}}
00:27:49.529 [raft-server-1-state] TRACE i.a.p.raft.impl.RaftServiceManager - RaftServer{1} - Applying Indexed{index=31, entry=CommandEntry{term=1, timestamp=2018-06-10 12:27:49,307, session=2, sequence=25, operation=PrimitiveOperation{id=DefaultOperationId{id=write, type=COMMAND}, value=byte[]{length=17, hash=-1644578928}}}}
00:27:49.529 [raft-server-1] TRACE i.a.p.raft.roles.LeaderAppender - RaftServer{1} - Sending AppendRequest{term=1, leader=1, prevLogIndex=31, prevLogTerm=1, entries=0, commitIndex=31} to 3
00:27:49.529 [raft-server-3-state] TRACE i.a.p.s.impl.DefaultServiceExecutor - PrimitiveService{2}{type=io.atomix.protocols.raft.RaftTest$TestPrimitiveType@192b3940, name=raft-test} - Executing DefaultCommit{index=30, session=RaftSession{RaftServiceContext{server=3, type=io.atomix.protocols.raft.RaftTest$TestPrimitiveType@192b3940, name=raft-test, id=2}, session=2, timestamp=2018-06-10 12:27:49,241}, time=2018-06-10 12:27:49,241, operation=DefaultOperationId{id=write, type=COMMAND}, value=byte[]{length=17, hash=-1644578928}}
00:27:49.530 [raft-server-1-state] TRACE i.a.p.s.impl.DefaultServiceExecutor - PrimitiveService{2}{type=io.atomix.protocols.raft.RaftTest$TestPrimitiveType@f170389, name=raft-test} - Executing DefaultCommit{index=31, session=RaftSession{RaftServiceContext{server=1, type=io.atomix.protocols.raft.RaftTest$TestPrimitiveType@f170389, name=raft-test, id=2}, session=2, timestamp=2018-06-10 12:27:49,307}, time=2018-06-10 12:27:49,307, operation=DefaultOperationId{id=write, type=COMMAND}, value=byte[]{length=17, hash=-1644578928}}
00:27:49.530 [raft-server-3] TRACE i.a.p.raft.roles.FollowerRole - RaftServer{3}{role=FOLLOWER} - Received AppendRequest{term=1, leader=1, prevLogIndex=31, prevLogTerm=1, entries=0, commitIndex=31}
00:27:49.530 [raft-server-1-state] TRACE i.a.protocols.raft.roles.LeaderRole - RaftServer{1}{role=LEADER} - Sending CommandResponse{status=OK, index=31, eventIndex=2, result=byte[]{length=2, hash=1302}}
00:27:49.530 [raft-client-1f73cd99-b88c-4b59-9944-86684dacc85c-6] TRACE i.a.p.r.s.impl.RaftSessionConnection - SessionClient{2}{type=io.atomix.protocols.raft.RaftTest$TestPrimitiveType@7d0100ea, name=raft-test} - Received CommandResponse{status=OK, index=31, eventIndex=2, result=byte[]{length=2, hash=1302}} from 1
00:27:49.530 [raft-client-1f73cd99-b88c-4b59-9944-86684dacc85c-6] TRACE i.a.p.r.s.impl.RaftSessionSequencer - SessionClient{2}{type=io.atomix.protocols.raft.RaftTest$TestPrimitiveType@7d0100ea, name=raft-test} - Completing response CommandResponse{status=OK, index=31, eventIndex=2, result=byte[]{length=2, hash=1302}}
00:27:49.530 [raft-client-1f73cd99-b88c-4b59-9944-86684dacc85c-5] TRACE i.a.p.r.s.impl.RaftSessionConnection - SessionClient{2}{type=io.atomix.protocols.raft.RaftTest$TestPrimitiveType@7d0100ea, name=raft-test} - Sending CommandRequest{session=2, sequence=26, operation=PrimitiveOperation{id=DefaultOperationId{id=write, type=COMMAND}, value=byte[]{length=17, hash=-1644578928}}} to 1
00:27:49.530 [raft-server-1] TRACE i.a.protocols.raft.roles.LeaderRole - RaftServer{1}{role=LEADER} - Received CommandRequest{session=2, sequence=26, operation=PrimitiveOperation{id=DefaultOperationId{id=write, type=COMMAND}, value=byte[]{length=17, hash=-1644578928}}}
00:27:49.531 [raft-server-1] TRACE i.a.protocols.raft.roles.LeaderRole - RaftServer{1}{role=LEADER} - Appended Indexed{index=32, entry=CommandEntry{term=1, timestamp=2018-06-10 12:27:49,530, session=2, sequence=26, operation=PrimitiveOperation{id=DefaultOperationId{id=write, type=COMMAND}, value=byte[]{length=17, hash=-1644578928}}}}
00:27:49.571 [raft-server-2] TRACE i.a.p.raft.roles.FollowerRole - RaftServer{2}{role=FOLLOWER} - Committed entries up to index 31
00:27:49.571 [raft-server-2] TRACE i.a.p.raft.roles.FollowerRole - RaftServer{2}{role=FOLLOWER} - Sending AppendResponse{status=OK, term=1, succeeded=true, lastLogIndex=31}
00:27:49.571 [raft-server-1] TRACE i.a.p.raft.roles.LeaderAppender - RaftServer{1} - Received AppendResponse{status=OK, term=1, succeeded=true, lastLogIndex=31} from 2
00:27:49.571 [raft-server-2-state] TRACE i.a.p.raft.impl.RaftServiceManager - RaftServer{2} - Applying Indexed{index=31, entry=CommandEntry{term=1, timestamp=2018-06-10 12:27:49,307, session=2, sequence=25, operation=PrimitiveOperation{id=DefaultOperationId{id=write, type=COMMAND}, value=byte[]{length=17, hash=-1644578928}}}}
00:27:49.571 [raft-server-1] TRACE i.a.p.raft.roles.LeaderAppender - RaftServer{1} - Sending AppendRequest{term=1, leader=1, prevLogIndex=31, prevLogTerm=1, entries=1, commitIndex=31} to 2
00:27:49.571 [raft-server-2-state] TRACE i.a.p.s.impl.DefaultServiceExecutor - PrimitiveService{2}{type=io.atomix.protocols.raft.RaftTest$TestPrimitiveType@68be9fc, name=raft-test} - Executing DefaultCommit{index=31, session=RaftSession{RaftServiceContext{server=2, type=io.atomix.protocols.raft.RaftTest$TestPrimitiveType@68be9fc, name=raft-test, id=2}, session=2, timestamp=2018-06-10 12:27:49,307}, time=2018-06-10 12:27:49,307, operation=DefaultOperationId{id=write, type=COMMAND}, value=byte[]{length=17, hash=-1644578928}}
00:27:49.571 [raft-server-2] TRACE i.a.p.raft.roles.FollowerRole - RaftServer{2}{role=FOLLOWER} - Received AppendRequest{term=1, leader=1, prevLogIndex=31, prevLogTerm=1, entries=1, commitIndex=31}
00:27:49.571 [raft-server-2] TRACE i.a.p.raft.roles.FollowerRole - RaftServer{2}{role=FOLLOWER} - Appended Indexed{index=32, entry=CommandEntry{term=1, timestamp=2018-06-10 12:27:49,530, session=2, sequence=26, operation=PrimitiveOperation{id=DefaultOperationId{id=write, type=COMMAND}, value=byte[]{length=17, hash=-1644578928}}}}
00:27:49.572 [raft-server-2] TRACE i.a.p.raft.roles.FollowerRole - RaftServer{2}{role=FOLLOWER} - Sending AppendResponse{status=OK, term=1, succeeded=true, lastLogIndex=32}
00:27:49.572 [raft-server-1] TRACE i.a.p.raft.roles.LeaderAppender - RaftServer{1} - Received AppendResponse{status=OK, term=1, succeeded=true, lastLogIndex=32} from 2
00:27:49.572 [raft-server-1] TRACE i.a.p.raft.roles.LeaderAppender - RaftServer{1} - Committed entries up to 32
00:27:49.614 [raft-server-3] TRACE i.a.p.raft.roles.FollowerRole - RaftServer{3}{role=FOLLOWER} - Committed entries up to index 31
00:27:49.614 [raft-server-3] TRACE i.a.p.raft.roles.FollowerRole - RaftServer{3}{role=FOLLOWER} - Sending AppendResponse{status=OK, term=1, succeeded=true, lastLogIndex=31}
00:27:49.614 [raft-server-3-state] TRACE i.a.p.raft.impl.RaftServiceManager - RaftServer{3} - Applying Indexed{index=31, entry=CommandEntry{term=1, timestamp=2018-06-10 12:27:49,307, session=2, sequence=25, operation=PrimitiveOperation{id=DefaultOperationId{id=write, type=COMMAND}, value=byte[]{length=17, hash=-1644578928}}}}
00:27:49.614 [raft-server-3-state] TRACE i.a.p.s.impl.DefaultServiceExecutor - PrimitiveService{2}{type=io.atomix.protocols.raft.RaftTest$TestPrimitiveType@192b3940, name=raft-test} - Executing DefaultCommit{index=31, session=RaftSession{RaftServiceContext{server=3, type=io.atomix.protocols.raft.RaftTest$TestPrimitiveType@192b3940, name=raft-test, id=2}, session=2, timestamp=2018-06-10 12:27:49,307}, time=2018-06-10 12:27:49,307, operation=DefaultOperationId{id=write, type=COMMAND}, value=byte[]{length=17, hash=-1644578928}}
00:27:49.646 [raft-server-1] TRACE i.a.p.raft.roles.LeaderAppender - RaftServer{1} - Received AppendResponse{status=OK, term=1, succeeded=true, lastLogIndex=31} from 3
00:27:49.646 [raft-server-1] TRACE i.a.p.raft.roles.LeaderAppender - RaftServer{1} - Sending AppendRequest{term=1, leader=1, prevLogIndex=31, prevLogTerm=1, entries=1, commitIndex=32} to 3
00:27:49.646 [raft-server-3] TRACE i.a.p.raft.roles.FollowerRole - RaftServer{3}{role=FOLLOWER} - Received AppendRequest{term=1, leader=1, prevLogIndex=31, prevLogTerm=1, entries=1, commitIndex=32}
00:27:49.646 [raft-server-1-state] TRACE i.a.p.raft.impl.RaftServiceManager - RaftServer{1} - Applying Indexed{index=32, entry=CommandEntry{term=1, timestamp=2018-06-10 12:27:49,530, session=2, sequence=26, operation=PrimitiveOperation{id=DefaultOperationId{id=write, type=COMMAND}, value=byte[]{length=17, hash=-1644578928}}}}
00:27:49.646 [raft-server-1-state] TRACE i.a.p.s.impl.DefaultServiceExecutor - PrimitiveService{2}{type=io.atomix.protocols.raft.RaftTest$TestPrimitiveType@f170389, name=raft-test} - Executing DefaultCommit{index=32, session=RaftSession{RaftServiceContext{server=1, type=io.atomix.protocols.raft.RaftTest$TestPrimitiveType@f170389, name=raft-test, id=2}, session=2, timestamp=2018-06-10 12:27:49,530}, time=2018-06-10 12:27:49,530, operation=DefaultOperationId{id=write, type=COMMAND}, value=byte[]{length=17, hash=-1644578928}}
00:27:49.646 [raft-server-3] TRACE i.a.p.raft.roles.FollowerRole - RaftServer{3}{role=FOLLOWER} - Appended Indexed{index=32, entry=CommandEntry{term=1, timestamp=2018-06-10 12:27:49,530, session=2, sequence=26, operation=PrimitiveOperation{id=DefaultOperationId{id=write, type=COMMAND}, value=byte[]{length=17, hash=-1644578928}}}}
00:27:49.646 [raft-server-1-state] TRACE i.a.protocols.raft.roles.LeaderRole - RaftServer{1}{role=LEADER} - Sending CommandResponse{status=OK, index=32, eventIndex=2, result=byte[]{length=2, hash=1304}}
00:27:49.647 [raft-client-1f73cd99-b88c-4b59-9944-86684dacc85c-1] TRACE i.a.p.r.s.impl.RaftSessionConnection - SessionClient{2}{type=io.atomix.protocols.raft.RaftTest$TestPrimitiveType@7d0100ea, name=raft-test} - Received CommandResponse{status=OK, index=32, eventIndex=2, result=byte[]{length=2, hash=1304}} from 1
00:27:49.647 [raft-client-1f73cd99-b88c-4b59-9944-86684dacc85c-1] TRACE i.a.p.r.s.impl.RaftSessionSequencer - SessionClient{2}{type=io.atomix.protocols.raft.RaftTest$TestPrimitiveType@7d0100ea, name=raft-test} - Completing response CommandResponse{status=OK, index=32, eventIndex=2, result=byte[]{length=2, hash=1304}}
00:27:49.647 [raft-client-1f73cd99-b88c-4b59-9944-86684dacc85c-4] TRACE i.a.p.r.s.impl.RaftSessionConnection - SessionClient{2}{type=io.atomix.protocols.raft.RaftTest$TestPrimitiveType@7d0100ea, name=raft-test} - Sending CommandRequest{session=2, sequence=27, operation=PrimitiveOperation{id=DefaultOperationId{id=write, type=COMMAND}, value=byte[]{length=17, hash=-1644578928}}} to 1
00:27:49.647 [raft-server-1] TRACE i.a.protocols.raft.roles.LeaderRole - RaftServer{1}{role=LEADER} - Received CommandRequest{session=2, sequence=27, operation=PrimitiveOperation{id=DefaultOperationId{id=write, type=COMMAND}, value=byte[]{length=17, hash=-1644578928}}}
00:27:49.647 [raft-server-1] TRACE i.a.protocols.raft.roles.LeaderRole - RaftServer{1}{role=LEADER} - Appended Indexed{index=33, entry=CommandEntry{term=1, timestamp=2018-06-10 12:27:49,647, session=2, sequence=27, operation=PrimitiveOperation{id=DefaultOperationId{id=write, type=COMMAND}, value=byte[]{length=17, hash=-1644578928}}}}
00:27:49.647 [raft-server-1] TRACE i.a.p.raft.roles.LeaderAppender - RaftServer{1} - Sending AppendRequest{term=1, leader=1, prevLogIndex=32, prevLogTerm=1, entries=1, commitIndex=32} to 2
00:27:49.647 [raft-server-2] TRACE i.a.p.raft.roles.FollowerRole - RaftServer{2}{role=FOLLOWER} - Received AppendRequest{term=1, leader=1, prevLogIndex=32, prevLogTerm=1, entries=1, commitIndex=32}
00:27:49.647 [raft-server-2] TRACE i.a.p.raft.roles.FollowerRole - RaftServer{2}{role=FOLLOWER} - Appended Indexed{index=33, entry=CommandEntry{term=1, timestamp=2018-06-10 12:27:49,647, session=2, sequence=27, operation=PrimitiveOperation{id=DefaultOperationId{id=write, type=COMMAND}, value=byte[]{length=17, hash=-1644578928}}}}
00:27:49.693 [raft-server-3] TRACE i.a.p.raft.roles.FollowerRole - RaftServer{3}{role=FOLLOWER} - Committed entries up to index 32
00:27:49.693 [raft-server-3] TRACE i.a.p.raft.roles.FollowerRole - RaftServer{3}{role=FOLLOWER} - Sending AppendResponse{status=OK, term=1, succeeded=true, lastLogIndex=32}
00:27:49.693 [raft-server-1] TRACE i.a.p.raft.roles.LeaderAppender - RaftServer{1} - Received AppendResponse{status=OK, term=1, succeeded=true, lastLogIndex=32} from 3
00:27:49.693 [raft-server-3-state] TRACE i.a.p.raft.impl.RaftServiceManager - RaftServer{3} - Applying Indexed{index=32, entry=CommandEntry{term=1, timestamp=2018-06-10 12:27:49,530, session=2, sequence=26, operation=PrimitiveOperation{id=DefaultOperationId{id=write, type=COMMAND}, value=byte[]{length=17, hash=-1644578928}}}}
00:27:49.693 [raft-server-1] TRACE i.a.p.raft.roles.LeaderAppender - RaftServer{1} - Sending AppendRequest{term=1, leader=1, prevLogIndex=32, prevLogTerm=1, entries=1, commitIndex=32} to 3
00:27:49.693 [raft-server-3-state] TRACE i.a.p.s.impl.DefaultServiceExecutor - PrimitiveService{2}{type=io.atomix.protocols.raft.RaftTest$TestPrimitiveType@192b3940, name=raft-test} - Executing DefaultCommit{index=32, session=RaftSession{RaftServiceContext{server=3, type=io.atomix.protocols.raft.RaftTest$TestPrimitiveType@192b3940, name=raft-test, id=2}, session=2, timestamp=2018-06-10 12:27:49,530}, time=2018-06-10 12:27:49,530, operation=DefaultOperationId{id=write, type=COMMAND}, value=byte[]{length=17, hash=-1644578928}}
00:27:49.694 [raft-server-3] TRACE i.a.p.raft.roles.FollowerRole - RaftServer{3}{role=FOLLOWER} - Received AppendRequest{term=1, leader=1, prevLogIndex=32, prevLogTerm=1, entries=1, commitIndex=32}
00:27:49.694 [raft-server-3] TRACE i.a.p.raft.roles.FollowerRole - RaftServer{3}{role=FOLLOWER} - Appended Indexed{index=33, entry=CommandEntry{term=1, timestamp=2018-06-10 12:27:49,647, session=2, sequence=27, operation=PrimitiveOperation{id=DefaultOperationId{id=write, type=COMMAND}, value=byte[]{length=17, hash=-1644578928}}}}
00:27:49.694 [raft-server-3] TRACE i.a.p.raft.roles.FollowerRole - RaftServer{3}{role=FOLLOWER} - Sending AppendResponse{status=OK, term=1, succeeded=true, lastLogIndex=33}
00:27:49.694 [raft-server-1] TRACE i.a.p.raft.roles.LeaderAppender - RaftServer{1} - Received AppendResponse{status=OK, term=1, succeeded=true, lastLogIndex=33} from 3
00:27:49.694 [raft-server-1] TRACE i.a.p.raft.roles.LeaderAppender - RaftServer{1} - Committed entries up to 33
00:27:49.756 [raft-server-2] TRACE i.a.p.raft.roles.FollowerRole - RaftServer{2}{role=FOLLOWER} - Committed entries up to index 32
00:27:49.756 [raft-server-2] TRACE i.a.p.raft.roles.FollowerRole - RaftServer{2}{role=FOLLOWER} - Sending AppendResponse{status=OK, term=1, succeeded=true, lastLogIndex=33}
00:27:49.756 [raft-server-2-state] TRACE i.a.p.raft.impl.RaftServiceManager - RaftServer{2} - Applying Indexed{index=32, entry=CommandEntry{term=1, timestamp=2018-06-10 12:27:49,530, session=2, sequence=26, operation=PrimitiveOperation{id=DefaultOperationId{id=write, type=COMMAND}, value=byte[]{length=17, hash=-1644578928}}}}
00:27:49.756 [raft-server-2-state] TRACE i.a.p.s.impl.DefaultServiceExecutor - PrimitiveService{2}{type=io.atomix.protocols.raft.RaftTest$TestPrimitiveType@68be9fc, name=raft-test} - Executing DefaultCommit{index=32, session=RaftSession{RaftServiceContext{server=2, type=io.atomix.protocols.raft.RaftTest$TestPrimitiveType@68be9fc, name=raft-test, id=2}, session=2, timestamp=2018-06-10 12:27:49,530}, time=2018-06-10 12:27:49,530, operation=DefaultOperationId{id=write, type=COMMAND}, value=byte[]{length=17, hash=-1644578928}}
00:27:49.788 [raft-server-1] TRACE i.a.p.raft.roles.LeaderAppender - RaftServer{1} - Received AppendResponse{status=OK, term=1, succeeded=true, lastLogIndex=33} from 2
00:27:49.788 [raft-server-1-state] TRACE i.a.p.raft.impl.RaftServiceManager - RaftServer{1} - Applying Indexed{index=33, entry=CommandEntry{term=1, timestamp=2018-06-10 12:27:49,647, session=2, sequence=27, operation=PrimitiveOperation{id=DefaultOperationId{id=write, type=COMMAND}, value=byte[]{length=17, hash=-1644578928}}}}
00:27:49.788 [raft-server-1-state] TRACE i.a.p.s.impl.DefaultServiceExecutor - PrimitiveService{2}{type=io.atomix.protocols.raft.RaftTest$TestPrimitiveType@f170389, name=raft-test} - Executing DefaultCommit{index=33, session=RaftSession{RaftServiceContext{server=1, type=io.atomix.protocols.raft.RaftTest$TestPrimitiveType@f170389, name=raft-test, id=2}, session=2, timestamp=2018-06-10 12:27:49,647}, time=2018-06-10 12:27:49,647, operation=DefaultOperationId{id=write, type=COMMAND}, value=byte[]{length=17, hash=-1644578928}}
00:27:49.788 [raft-server-1-state] TRACE i.a.protocols.raft.roles.LeaderRole - RaftServer{1}{role=LEADER} - Sending CommandResponse{status=OK, index=33, eventIndex=2, result=byte[]{length=2, hash=1306}}
00:27:49.788 [raft-client-1f73cd99-b88c-4b59-9944-86684dacc85c-2] TRACE i.a.p.r.s.impl.RaftSessionConnection - SessionClient{2}{type=io.atomix.protocols.raft.RaftTest$TestPrimitiveType@7d0100ea, name=raft-test} - Received CommandResponse{status=OK, index=33, eventIndex=2, result=byte[]{length=2, hash=1306}} from 1
00:27:49.788 [raft-client-1f73cd99-b88c-4b59-9944-86684dacc85c-2] TRACE i.a.p.r.s.impl.RaftSessionSequencer - SessionClient{2}{type=io.atomix.protocols.raft.RaftTest$TestPrimitiveType@7d0100ea, name=raft-test} - Completing response CommandResponse{status=OK, index=33, eventIndex=2, result=byte[]{length=2, hash=1306}}
00:27:49.788 [raft-client-1f73cd99-b88c-4b59-9944-86684dacc85c-2] TRACE i.a.p.r.s.impl.RaftSessionConnection - SessionClient{2}{type=io.atomix.protocols.raft.RaftTest$TestPrimitiveType@7d0100ea, name=raft-test} - Sending CommandRequest{session=2, sequence=28, operation=PrimitiveOperation{id=DefaultOperationId{id=write, type=COMMAND}, value=byte[]{length=17, hash=-1644578928}}} to 1
00:27:49.788 [raft-server-1] TRACE i.a.protocols.raft.roles.LeaderRole - RaftServer{1}{role=LEADER} - Received CommandRequest{session=2, sequence=28, operation=PrimitiveOperation{id=DefaultOperationId{id=write, type=COMMAND}, value=byte[]{length=17, hash=-1644578928}}}
00:27:49.789 [raft-server-1] TRACE i.a.protocols.raft.roles.LeaderRole - RaftServer{1}{role=LEADER} - Appended Indexed{index=34, entry=CommandEntry{term=1, timestamp=2018-06-10 12:27:49,788, session=2, sequence=28, operation=PrimitiveOperation{id=DefaultOperationId{id=write, type=COMMAND}, value=byte[]{length=17, hash=-1644578928}}}}
00:27:49.789 [raft-server-1] TRACE i.a.p.raft.roles.LeaderAppender - RaftServer{1} - Sending AppendRequest{term=1, leader=1, prevLogIndex=33, prevLogTerm=1, entries=1, commitIndex=33} to 3
00:27:49.789 [raft-server-1] TRACE i.a.p.raft.roles.LeaderAppender - RaftServer{1} - Sending AppendRequest{term=1, leader=1, prevLogIndex=33, prevLogTerm=1, entries=1, commitIndex=33} to 2
00:27:49.789 [raft-server-3] TRACE i.a.p.raft.roles.FollowerRole - RaftServer{3}{role=FOLLOWER} - Received AppendRequest{term=1, leader=1, prevLogIndex=33, prevLogTerm=1, entries=1, commitIndex=33}
00:27:49.789 [raft-server-2] TRACE i.a.p.raft.roles.FollowerRole - RaftServer{2}{role=FOLLOWER} - Received AppendRequest{term=1, leader=1, prevLogIndex=33, prevLogTerm=1, entries=1, commitIndex=33}
00:27:49.789 [raft-server-3] TRACE i.a.p.raft.roles.FollowerRole - RaftServer{3}{role=FOLLOWER} - Appended Indexed{index=34, entry=CommandEntry{term=1, timestamp=2018-06-10 12:27:49,788, session=2, sequence=28, operation=PrimitiveOperation{id=DefaultOperationId{id=write, type=COMMAND}, value=byte[]{length=17, hash=-1644578928}}}}
00:27:49.789 [raft-server-2] TRACE i.a.p.raft.roles.FollowerRole - RaftServer{2}{role=FOLLOWER} - Appended Indexed{index=34, entry=CommandEntry{term=1, timestamp=2018-06-10 12:27:49,788, session=2, sequence=28, operation=PrimitiveOperation{id=DefaultOperationId{id=write, type=COMMAND}, value=byte[]{length=17, hash=-1644578928}}}}
00:27:49.831 [raft-server-3] TRACE i.a.p.raft.roles.FollowerRole - RaftServer{3}{role=FOLLOWER} - Committed entries up to index 33
00:27:49.831 [raft-server-2] TRACE i.a.p.raft.roles.FollowerRole - RaftServer{2}{role=FOLLOWER} - Committed entries up to index 33
00:27:49.831 [raft-server-3] TRACE i.a.p.raft.roles.FollowerRole - RaftServer{3}{role=FOLLOWER} - Sending AppendResponse{status=OK, term=1, succeeded=true, lastLogIndex=34}
00:27:49.831 [raft-server-2] TRACE i.a.p.raft.roles.FollowerRole - RaftServer{2}{role=FOLLOWER} - Sending AppendResponse{status=OK, term=1, succeeded=true, lastLogIndex=34}
00:27:49.831 [raft-server-1] TRACE i.a.p.raft.roles.LeaderAppender - RaftServer{1} - Received AppendResponse{status=OK, term=1, succeeded=true, lastLogIndex=34} from 3
00:27:49.831 [raft-server-2-state] TRACE i.a.p.raft.impl.RaftServiceManager - RaftServer{2} - Applying Indexed{index=33, entry=CommandEntry{term=1, timestamp=2018-06-10 12:27:49,647, session=2, sequence=27, operation=PrimitiveOperation{id=DefaultOperationId{id=write, type=COMMAND}, value=byte[]{length=17, hash=-1644578928}}}}
00:27:49.831 [raft-server-3-state] TRACE i.a.p.raft.impl.RaftServiceManager - RaftServer{3} - Applying Indexed{index=33, entry=CommandEntry{term=1, timestamp=2018-06-10 12:27:49,647, session=2, sequence=27, operation=PrimitiveOperation{id=DefaultOperationId{id=write, type=COMMAND}, value=byte[]{length=17, hash=-1644578928}}}}
00:27:49.831 [raft-server-1] TRACE i.a.p.raft.roles.LeaderAppender - RaftServer{1} - Committed entries up to 34
00:27:49.831 [raft-server-2-state] TRACE i.a.p.s.impl.DefaultServiceExecutor - PrimitiveService{2}{type=io.atomix.protocols.raft.RaftTest$TestPrimitiveType@68be9fc, name=raft-test} - Executing DefaultCommit{index=33, session=RaftSession{RaftServiceContext{server=2, type=io.atomix.protocols.raft.RaftTest$TestPrimitiveType@68be9fc, name=raft-test, id=2}, session=2, timestamp=2018-06-10 12:27:49,647}, time=2018-06-10 12:27:49,647, operation=DefaultOperationId{id=write, type=COMMAND}, value=byte[]{length=17, hash=-1644578928}}
00:27:49.831 [raft-server-3-state] TRACE i.a.p.s.impl.DefaultServiceExecutor - PrimitiveService{2}{type=io.atomix.protocols.raft.RaftTest$TestPrimitiveType@192b3940, name=raft-test} - Executing DefaultCommit{index=33, session=RaftSession{RaftServiceContext{server=3, type=io.atomix.protocols.raft.RaftTest$TestPrimitiveType@192b3940, name=raft-test, id=2}, session=2, timestamp=2018-06-10 12:27:49,647}, time=2018-06-10 12:27:49,647, operation=DefaultOperationId{id=write, type=COMMAND}, value=byte[]{length=17, hash=-1644578928}}
00:27:49.872 [raft-server-1] TRACE i.a.p.raft.roles.LeaderAppender - RaftServer{1} - Received AppendResponse{status=OK, term=1, succeeded=true, lastLogIndex=34} from 2
00:27:49.873 [raft-server-1-state] TRACE i.a.p.raft.impl.RaftServiceManager - RaftServer{1} - Applying Indexed{index=34, entry=CommandEntry{term=1, timestamp=2018-06-10 12:27:49,788, session=2, sequence=28, operation=PrimitiveOperation{id=DefaultOperationId{id=write, type=COMMAND}, value=byte[]{length=17, hash=-1644578928}}}}
00:27:49.873 [raft-server-1-state] TRACE i.a.p.s.impl.DefaultServiceExecutor - PrimitiveService{2}{type=io.atomix.protocols.raft.RaftTest$TestPrimitiveType@f170389, name=raft-test} - Executing DefaultCommit{index=34, session=RaftSession{RaftServiceContext{server=1, type=io.atomix.protocols.raft.RaftTest$TestPrimitiveType@f170389, name=raft-test, id=2}, session=2, timestamp=2018-06-10 12:27:49,788}, time=2018-06-10 12:27:49,788, operation=DefaultOperationId{id=write, type=COMMAND}, value=byte[]{length=17, hash=-1644578928}}
00:27:49.873 [raft-server-1-state] TRACE i.a.protocols.raft.roles.LeaderRole - RaftServer{1}{role=LEADER} - Sending CommandResponse{status=OK, index=34, eventIndex=2, result=byte[]{length=2, hash=1308}}
00:27:49.873 [raft-client-1f73cd99-b88c-4b59-9944-86684dacc85c-4] TRACE i.a.p.r.s.impl.RaftSessionConnection - SessionClient{2}{type=io.atomix.protocols.raft.RaftTest$TestPrimitiveType@7d0100ea, name=raft-test} - Received CommandResponse{status=OK, index=34, eventIndex=2, result=byte[]{length=2, hash=1308}} from 1
00:27:49.873 [raft-client-1f73cd99-b88c-4b59-9944-86684dacc85c-4] TRACE i.a.p.r.s.impl.RaftSessionSequencer - SessionClient{2}{type=io.atomix.protocols.raft.RaftTest$TestPrimitiveType@7d0100ea, name=raft-test} - Completing response CommandResponse{status=OK, index=34, eventIndex=2, result=byte[]{length=2, hash=1308}}
00:27:49.873 [raft-client-1f73cd99-b88c-4b59-9944-86684dacc85c-4] TRACE i.a.p.r.s.impl.RaftSessionConnection - SessionClient{2}{type=io.atomix.protocols.raft.RaftTest$TestPrimitiveType@7d0100ea, name=raft-test} - Sending CommandRequest{session=2, sequence=29, operation=PrimitiveOperation{id=DefaultOperationId{id=write, type=COMMAND}, value=byte[]{length=17, hash=-1644578928}}} to 1
00:27:49.873 [raft-server-1] TRACE i.a.protocols.raft.roles.LeaderRole - RaftServer{1}{role=LEADER} - Received CommandRequest{session=2, sequence=29, operation=PrimitiveOperation{id=DefaultOperationId{id=write, type=COMMAND}, value=byte[]{length=17, hash=-1644578928}}}
00:27:49.873 [raft-server-1] TRACE i.a.protocols.raft.roles.LeaderRole - RaftServer{1}{role=LEADER} - Appended Indexed{index=35, entry=CommandEntry{term=1, timestamp=2018-06-10 12:27:49,873, session=2, sequence=29, operation=PrimitiveOperation{id=DefaultOperationId{id=write, type=COMMAND}, value=byte[]{length=17, hash=-1644578928}}}}
00:27:49.874 [raft-server-1] TRACE i.a.p.raft.roles.LeaderAppender - RaftServer{1} - Sending AppendRequest{term=1, leader=1, prevLogIndex=34, prevLogTerm=1, entries=1, commitIndex=34} to 3
00:27:49.874 [raft-server-3] TRACE i.a.p.raft.roles.FollowerRole - RaftServer{3}{role=FOLLOWER} - Received AppendRequest{term=1, leader=1, prevLogIndex=34, prevLogTerm=1, entries=1, commitIndex=34}
00:27:49.874 [raft-server-1] TRACE i.a.p.raft.roles.LeaderAppender - RaftServer{1} - Sending AppendRequest{term=1, leader=1, prevLogIndex=34, prevLogTerm=1, entries=1, commitIndex=34} to 2
00:27:49.874 [raft-server-2] TRACE i.a.p.raft.roles.FollowerRole - RaftServer{2}{role=FOLLOWER} - Received AppendRequest{term=1, leader=1, prevLogIndex=34, prevLogTerm=1, entries=1, commitIndex=34}
00:27:49.874 [raft-server-3] TRACE i.a.p.raft.roles.FollowerRole - RaftServer{3}{role=FOLLOWER} - Appended Indexed{index=35, entry=CommandEntry{term=1, timestamp=2018-06-10 12:27:49,873, session=2, sequence=29, operation=PrimitiveOperation{id=DefaultOperationId{id=write, type=COMMAND}, value=byte[]{length=17, hash=-1644578928}}}}
00:27:49.874 [raft-server-2] TRACE i.a.p.raft.roles.FollowerRole - RaftServer{2}{role=FOLLOWER} - Appended Indexed{index=35, entry=CommandEntry{term=1, timestamp=2018-06-10 12:27:49,873, session=2, sequence=29, operation=PrimitiveOperation{id=DefaultOperationId{id=write, type=COMMAND}, value=byte[]{length=17, hash=-1644578928}}}}
00:27:49.922 [raft-server-3] TRACE i.a.p.raft.roles.FollowerRole - RaftServer{3}{role=FOLLOWER} - Committed entries up to index 34
00:27:49.922 [raft-server-2] TRACE i.a.p.raft.roles.FollowerRole - RaftServer{2}{role=FOLLOWER} - Committed entries up to index 34
00:27:49.922 [raft-server-3] TRACE i.a.p.raft.roles.FollowerRole - RaftServer{3}{role=FOLLOWER} - Sending AppendResponse{status=OK, term=1, succeeded=true, lastLogIndex=35}
00:27:49.922 [raft-server-2] TRACE i.a.p.raft.roles.FollowerRole - RaftServer{2}{role=FOLLOWER} - Sending AppendResponse{status=OK, term=1, succeeded=true, lastLogIndex=35}
00:27:49.923 [raft-server-1] TRACE i.a.p.raft.roles.LeaderAppender - RaftServer{1} - Received AppendResponse{status=OK, term=1, succeeded=true, lastLogIndex=35} from 3
00:27:49.923 [raft-server-2-state] TRACE i.a.p.raft.impl.RaftServiceManager - RaftServer{2} - Applying Indexed{index=34, entry=CommandEntry{term=1, timestamp=2018-06-10 12:27:49,788, session=2, sequence=28, operation=PrimitiveOperation{id=DefaultOperationId{id=write, type=COMMAND}, value=byte[]{length=17, hash=-1644578928}}}}
00:27:49.923 [raft-server-3-state] TRACE i.a.p.raft.impl.RaftServiceManager - RaftServer{3} - Applying Indexed{index=34, entry=CommandEntry{term=1, timestamp=2018-06-10 12:27:49,788, session=2, sequence=28, operation=PrimitiveOperation{id=DefaultOperationId{id=write, type=COMMAND}, value=byte[]{length=17, hash=-1644578928}}}}
00:27:49.923 [raft-server-1] TRACE i.a.p.raft.roles.LeaderAppender - RaftServer{1} - Committed entries up to 35
00:27:49.923 [raft-server-2-state] TRACE i.a.p.s.impl.DefaultServiceExecutor - PrimitiveService{2}{type=io.atomix.protocols.raft.RaftTest$TestPrimitiveType@68be9fc, name=raft-test} - Executing DefaultCommit{index=34, session=RaftSession{RaftServiceContext{server=2, type=io.atomix.protocols.raft.RaftTest$TestPrimitiveType@68be9fc, name=raft-test, id=2}, session=2, timestamp=2018-06-10 12:27:49,788}, time=2018-06-10 12:27:49,788, operation=DefaultOperationId{id=write, type=COMMAND}, value=byte[]{length=17, hash=-1644578928}}
00:27:49.923 [raft-server-3-state] TRACE i.a.p.s.impl.DefaultServiceExecutor - PrimitiveService{2}{type=io.atomix.protocols.raft.RaftTest$TestPrimitiveType@192b3940, name=raft-test} - Executing DefaultCommit{index=34, session=RaftSession{RaftServiceContext{server=3, type=io.atomix.protocols.raft.RaftTest$TestPrimitiveType@192b3940, name=raft-test, id=2}, session=2, timestamp=2018-06-10 12:27:49,788}, time=2018-06-10 12:27:49,788, operation=DefaultOperationId{id=write, type=COMMAND}, value=byte[]{length=17, hash=-1644578928}}
00:27:49.972 [raft-server-1] TRACE i.a.p.raft.roles.LeaderAppender - RaftServer{1} - Sending AppendRequest{term=1, leader=1, prevLogIndex=35, prevLogTerm=1, entries=0, commitIndex=35} to 3
00:27:49.972 [raft-server-1] TRACE i.a.p.raft.roles.LeaderAppender - RaftServer{1} - Received AppendResponse{status=OK, term=1, succeeded=true, lastLogIndex=35} from 2
00:27:49.973 [raft-server-1] TRACE i.a.p.raft.roles.LeaderAppender - RaftServer{1} - Sending AppendRequest{term=1, leader=1, prevLogIndex=35, prevLogTerm=1, entries=0, commitIndex=35} to 2
00:27:49.973 [raft-server-3] TRACE i.a.p.raft.roles.FollowerRole - RaftServer{3}{role=FOLLOWER} - Received AppendRequest{term=1, leader=1, prevLogIndex=35, prevLogTerm=1, entries=0, commitIndex=35}
00:27:49.973 [raft-server-2] TRACE i.a.p.raft.roles.FollowerRole - RaftServer{2}{role=FOLLOWER} - Received AppendRequest{term=1, leader=1, prevLogIndex=35, prevLogTerm=1, entries=0, commitIndex=35}
00:27:49.973 [raft-server-2] TRACE i.a.p.raft.roles.FollowerRole - RaftServer{2}{role=FOLLOWER} - Committed entries up to index 35
00:27:49.973 [raft-server-1-state] TRACE i.a.p.raft.impl.RaftServiceManager - RaftServer{1} - Applying Indexed{index=35, entry=CommandEntry{term=1, timestamp=2018-06-10 12:27:49,873, session=2, sequence=29, operation=PrimitiveOperation{id=DefaultOperationId{id=write, type=COMMAND}, value=byte[]{length=17, hash=-1644578928}}}}
00:27:49.973 [raft-server-2] TRACE i.a.p.raft.roles.FollowerRole - RaftServer{2}{role=FOLLOWER} - Sending AppendResponse{status=OK, term=1, succeeded=true, lastLogIndex=35}
00:27:49.973 [raft-server-1-state] TRACE i.a.p.s.impl.DefaultServiceExecutor - PrimitiveService{2}{type=io.atomix.protocols.raft.RaftTest$TestPrimitiveType@f170389, name=raft-test} - Executing DefaultCommit{index=35, session=RaftSession{RaftServiceContext{server=1, type=io.atomix.protocols.raft.RaftTest$TestPrimitiveType@f170389, name=raft-test, id=2}, session=2, timestamp=2018-06-10 12:27:49,873}, time=2018-06-10 12:27:49,873, operation=DefaultOperationId{id=write, type=COMMAND}, value=byte[]{length=17, hash=-1644578928}}
00:27:49.973 [raft-server-1] TRACE i.a.p.raft.roles.LeaderAppender - RaftServer{1} - Received AppendResponse{status=OK, term=1, succeeded=true, lastLogIndex=35} from 2
00:27:49.973 [raft-server-2-state] TRACE i.a.p.raft.impl.RaftServiceManager - RaftServer{2} - Applying Indexed{index=35, entry=CommandEntry{term=1, timestamp=2018-06-10 12:27:49,873, session=2, sequence=29, operation=PrimitiveOperation{id=DefaultOperationId{id=write, type=COMMAND}, value=byte[]{length=17, hash=-1644578928}}}}
00:27:49.973 [raft-server-1-state] TRACE i.a.protocols.raft.roles.LeaderRole - RaftServer{1}{role=LEADER} - Sending CommandResponse{status=OK, index=35, eventIndex=2, result=byte[]{length=2, hash=1310}}
00:27:49.973 [raft-server-2-state] TRACE i.a.p.s.impl.DefaultServiceExecutor - PrimitiveService{2}{type=io.atomix.protocols.raft.RaftTest$TestPrimitiveType@68be9fc, name=raft-test} - Executing DefaultCommit{index=35, session=RaftSession{RaftServiceContext{server=2, type=io.atomix.protocols.raft.RaftTest$TestPrimitiveType@68be9fc, name=raft-test, id=2}, session=2, timestamp=2018-06-10 12:27:49,873}, time=2018-06-10 12:27:49,873, operation=DefaultOperationId{id=write, type=COMMAND}, value=byte[]{length=17, hash=-1644578928}}
00:27:49.973 [raft-client-1f73cd99-b88c-4b59-9944-86684dacc85c-6] TRACE i.a.p.r.s.impl.RaftSessionConnection - SessionClient{2}{type=io.atomix.protocols.raft.RaftTest$TestPrimitiveType@7d0100ea, name=raft-test} - Received CommandResponse{status=OK, index=35, eventIndex=2, result=byte[]{length=2, hash=1310}} from 1
00:27:49.973 [raft-client-1f73cd99-b88c-4b59-9944-86684dacc85c-6] TRACE i.a.p.r.s.impl.RaftSessionSequencer - SessionClient{2}{type=io.atomix.protocols.raft.RaftTest$TestPrimitiveType@7d0100ea, name=raft-test} - Completing response CommandResponse{status=OK, index=35, eventIndex=2, result=byte[]{length=2, hash=1310}}
00:27:49.973 [raft-client-1f73cd99-b88c-4b59-9944-86684dacc85c-7] TRACE i.a.p.r.s.impl.RaftSessionConnection - SessionClient{2}{type=io.atomix.protocols.raft.RaftTest$TestPrimitiveType@7d0100ea, name=raft-test} - Sending CommandRequest{session=2, sequence=30, operation=PrimitiveOperation{id=DefaultOperationId{id=write, type=COMMAND}, value=byte[]{length=17, hash=-1644578928}}} to 1
00:27:49.973 [raft-server-1] TRACE i.a.protocols.raft.roles.LeaderRole - RaftServer{1}{role=LEADER} - Received CommandRequest{session=2, sequence=30, operation=PrimitiveOperation{id=DefaultOperationId{id=write, type=COMMAND}, value=byte[]{length=17, hash=-1644578928}}}
00:27:49.974 [raft-server-1] TRACE i.a.protocols.raft.roles.LeaderRole - RaftServer{1}{role=LEADER} - Appended Indexed{index=36, entry=CommandEntry{term=1, timestamp=2018-06-10 12:27:49,974, session=2, sequence=30, operation=PrimitiveOperation{id=DefaultOperationId{id=write, type=COMMAND}, value=byte[]{length=17, hash=-1644578928}}}}
00:27:49.974 [raft-server-1] TRACE i.a.p.raft.roles.LeaderAppender - RaftServer{1} - Sending AppendRequest{term=1, leader=1, prevLogIndex=35, prevLogTerm=1, entries=1, commitIndex=35} to 2
00:27:49.974 [raft-server-2] TRACE i.a.p.raft.roles.FollowerRole - RaftServer{2}{role=FOLLOWER} - Received AppendRequest{term=1, leader=1, prevLogIndex=35, prevLogTerm=1, entries=1, commitIndex=35}
00:27:49.974 [raft-server-2] TRACE i.a.p.raft.roles.FollowerRole - RaftServer{2}{role=FOLLOWER} - Appended Indexed{index=36, entry=CommandEntry{term=1, timestamp=2018-06-10 12:27:49,974, session=2, sequence=30, operation=PrimitiveOperation{id=DefaultOperationId{id=write, type=COMMAND}, value=byte[]{length=17, hash=-1644578928}}}}
00:27:49.974 [raft-server-2] TRACE i.a.p.raft.roles.FollowerRole - RaftServer{2}{role=FOLLOWER} - Sending AppendResponse{status=OK, term=1, succeeded=true, lastLogIndex=36}
00:27:49.974 [raft-server-1] TRACE i.a.p.raft.roles.LeaderAppender - RaftServer{1} - Received AppendResponse{status=OK, term=1, succeeded=true, lastLogIndex=36} from 2
00:27:49.974 [raft-server-1] TRACE i.a.p.raft.roles.LeaderAppender - RaftServer{1} - Committed entries up to 36
00:27:50.027 [raft-server-3] TRACE i.a.p.raft.roles.FollowerRole - RaftServer{3}{role=FOLLOWER} - Committed entries up to index 35
00:27:50.027 [raft-server-3] TRACE i.a.p.raft.roles.FollowerRole - RaftServer{3}{role=FOLLOWER} - Sending AppendResponse{status=OK, term=1, succeeded=true, lastLogIndex=35}
00:27:50.027 [raft-server-3-state] TRACE i.a.p.raft.impl.RaftServiceManager - RaftServer{3} - Applying Indexed{index=35, entry=CommandEntry{term=1, timestamp=2018-06-10 12:27:49,873, session=2, sequence=29, operation=PrimitiveOperation{id=DefaultOperationId{id=write, type=COMMAND}, value=byte[]{length=17, hash=-1644578928}}}}
00:27:50.027 [raft-server-3-state] TRACE i.a.p.s.impl.DefaultServiceExecutor - PrimitiveService{2}{type=io.atomix.protocols.raft.RaftTest$TestPrimitiveType@192b3940, name=raft-test} - Executing DefaultCommit{index=35, session=RaftSession{RaftServiceContext{server=3, type=io.atomix.protocols.raft.RaftTest$TestPrimitiveType@192b3940, name=raft-test, id=2}, session=2, timestamp=2018-06-10 12:27:49,873}, time=2018-06-10 12:27:49,873, operation=DefaultOperationId{id=write, type=COMMAND}, value=byte[]{length=17, hash=-1644578928}}
00:27:50.063 [raft-server-1] TRACE i.a.p.raft.roles.LeaderAppender - RaftServer{1} - Received AppendResponse{status=OK, term=1, succeeded=true, lastLogIndex=35} from 3
00:27:50.063 [raft-server-1] TRACE i.a.p.raft.roles.LeaderAppender - RaftServer{1} - Sending AppendRequest{term=1, leader=1, prevLogIndex=35, prevLogTerm=1, entries=1, commitIndex=36} to 3
00:27:50.063 [raft-server-3] TRACE i.a.p.raft.roles.FollowerRole - RaftServer{3}{role=FOLLOWER} - Received AppendRequest{term=1, leader=1, prevLogIndex=35, prevLogTerm=1, entries=1, commitIndex=36}
00:27:50.063 [raft-server-1-state] TRACE i.a.p.raft.impl.RaftServiceManager - RaftServer{1} - Applying Indexed{index=36, entry=CommandEntry{term=1, timestamp=2018-06-10 12:27:49,974, session=2, sequence=30, operation=PrimitiveOperation{id=DefaultOperationId{id=write, type=COMMAND}, value=byte[]{length=17, hash=-1644578928}}}}
00:27:50.063 [raft-server-3] TRACE i.a.p.raft.roles.FollowerRole - RaftServer{3}{role=FOLLOWER} - Appended Indexed{index=36, entry=CommandEntry{term=1, timestamp=2018-06-10 12:27:49,974, session=2, sequence=30, operation=PrimitiveOperation{id=DefaultOperationId{id=write, type=COMMAND}, value=byte[]{length=17, hash=-1644578928}}}}
00:27:50.063 [raft-server-1-state] TRACE i.a.p.s.impl.DefaultServiceExecutor - PrimitiveService{2}{type=io.atomix.protocols.raft.RaftTest$TestPrimitiveType@f170389, name=raft-test} - Executing DefaultCommit{index=36, session=RaftSession{RaftServiceContext{server=1, type=io.atomix.protocols.raft.RaftTest$TestPrimitiveType@f170389, name=raft-test, id=2}, session=2, timestamp=2018-06-10 12:27:49,974}, time=2018-06-10 12:27:49,974, operation=DefaultOperationId{id=write, type=COMMAND}, value=byte[]{length=17, hash=-1644578928}}
00:27:50.063 [raft-server-1-state] TRACE i.a.protocols.raft.roles.LeaderRole - RaftServer{1}{role=LEADER} - Sending CommandResponse{status=OK, index=36, eventIndex=2, result=byte[]{length=2, hash=1312}}
00:27:50.063 [raft-client-1f73cd99-b88c-4b59-9944-86684dacc85c-4] TRACE i.a.p.r.s.impl.RaftSessionConnection - SessionClient{2}{type=io.atomix.protocols.raft.RaftTest$TestPrimitiveType@7d0100ea, name=raft-test} - Received CommandResponse{status=OK, index=36, eventIndex=2, result=byte[]{length=2, hash=1312}} from 1
00:27:50.063 [raft-client-1f73cd99-b88c-4b59-9944-86684dacc85c-4] TRACE i.a.p.r.s.impl.RaftSessionSequencer - SessionClient{2}{type=io.atomix.protocols.raft.RaftTest$TestPrimitiveType@7d0100ea, name=raft-test} - Completing response CommandResponse{status=OK, index=36, eventIndex=2, result=byte[]{length=2, hash=1312}}
00:27:50.063 [raft-client-1f73cd99-b88c-4b59-9944-86684dacc85c-5] TRACE i.a.p.r.s.impl.RaftSessionConnection - SessionClient{2}{type=io.atomix.protocols.raft.RaftTest$TestPrimitiveType@7d0100ea, name=raft-test} - Sending CommandRequest{session=2, sequence=31, operation=PrimitiveOperation{id=DefaultOperationId{id=write, type=COMMAND}, value=byte[]{length=17, hash=-1644578928}}} to 1
00:27:50.064 [raft-server-1] TRACE i.a.protocols.raft.roles.LeaderRole - RaftServer{1}{role=LEADER} - Received CommandRequest{session=2, sequence=31, operation=PrimitiveOperation{id=DefaultOperationId{id=write, type=COMMAND}, value=byte[]{length=17, hash=-1644578928}}}
00:27:50.064 [raft-server-1] TRACE i.a.protocols.raft.roles.LeaderRole - RaftServer{1}{role=LEADER} - Appended Indexed{index=37, entry=CommandEntry{term=1, timestamp=2018-06-10 12:27:50,064, session=2, sequence=31, operation=PrimitiveOperation{id=DefaultOperationId{id=write, type=COMMAND}, value=byte[]{length=17, hash=-1644578928}}}}
00:27:50.064 [raft-server-1] TRACE i.a.p.raft.roles.LeaderAppender - RaftServer{1} - Sending AppendRequest{term=1, leader=1, prevLogIndex=36, prevLogTerm=1, entries=1, commitIndex=36} to 2
00:27:50.064 [raft-server-2] TRACE i.a.p.raft.roles.FollowerRole - RaftServer{2}{role=FOLLOWER} - Received AppendRequest{term=1, leader=1, prevLogIndex=36, prevLogTerm=1, entries=1, commitIndex=36}
00:27:50.064 [raft-server-2] TRACE i.a.p.raft.roles.FollowerRole - RaftServer{2}{role=FOLLOWER} - Appended Indexed{index=37, entry=CommandEntry{term=1, timestamp=2018-06-10 12:27:50,064, session=2, sequence=31, operation=PrimitiveOperation{id=DefaultOperationId{id=write, type=COMMAND}, value=byte[]{length=17, hash=-1644578928}}}}
00:27:50.110 [raft-server-3] TRACE i.a.p.raft.roles.FollowerRole - RaftServer{3}{role=FOLLOWER} - Committed entries up to index 36
00:27:50.110 [raft-server-3] TRACE i.a.p.raft.roles.FollowerRole - RaftServer{3}{role=FOLLOWER} - Sending AppendResponse{status=OK, term=1, succeeded=true, lastLogIndex=36}
00:27:50.110 [raft-server-1] TRACE i.a.p.raft.roles.LeaderAppender - RaftServer{1} - Received AppendResponse{status=OK, term=1, succeeded=true, lastLogIndex=36} from 3
00:27:50.110 [raft-server-3-state] TRACE i.a.p.raft.impl.RaftServiceManager - RaftServer{3} - Applying Indexed{index=36, entry=CommandEntry{term=1, timestamp=2018-06-10 12:27:49,974, session=2, sequence=30, operation=PrimitiveOperation{id=DefaultOperationId{id=write, type=COMMAND}, value=byte[]{length=17, hash=-1644578928}}}}
00:27:50.110 [raft-server-1] TRACE i.a.p.raft.roles.LeaderAppender - RaftServer{1} - Sending AppendRequest{term=1, leader=1, prevLogIndex=36, prevLogTerm=1, entries=1, commitIndex=36} to 3
00:27:50.110 [raft-server-3-state] TRACE i.a.p.s.impl.DefaultServiceExecutor - PrimitiveService{2}{type=io.atomix.protocols.raft.RaftTest$TestPrimitiveType@192b3940, name=raft-test} - Executing DefaultCommit{index=36, session=RaftSession{RaftServiceContext{server=3, type=io.atomix.protocols.raft.RaftTest$TestPrimitiveType@192b3940, name=raft-test, id=2}, session=2, timestamp=2018-06-10 12:27:49,974}, time=2018-06-10 12:27:49,974, operation=DefaultOperationId{id=write, type=COMMAND}, value=byte[]{length=17, hash=-1644578928}}
00:27:50.110 [raft-server-3] TRACE i.a.p.raft.roles.FollowerRole - RaftServer{3}{role=FOLLOWER} - Received AppendRequest{term=1, leader=1, prevLogIndex=36, prevLogTerm=1, entries=1, commitIndex=36}
00:27:50.110 [raft-server-3] TRACE i.a.p.raft.roles.FollowerRole - RaftServer{3}{role=FOLLOWER} - Appended Indexed{index=37, entry=CommandEntry{term=1, timestamp=2018-06-10 12:27:50,064, session=2, sequence=31, operation=PrimitiveOperation{id=DefaultOperationId{id=write, type=COMMAND}, value=byte[]{length=17, hash=-1644578928}}}}
00:27:50.111 [raft-server-3] TRACE i.a.p.raft.roles.FollowerRole - RaftServer{3}{role=FOLLOWER} - Sending AppendResponse{status=OK, term=1, succeeded=true, lastLogIndex=37}
00:27:50.111 [raft-server-1] TRACE i.a.p.raft.roles.LeaderAppender - RaftServer{1} - Received AppendResponse{status=OK, term=1, succeeded=true, lastLogIndex=37} from 3
00:27:50.111 [raft-server-1] TRACE i.a.p.raft.roles.LeaderAppender - RaftServer{1} - Committed entries up to 37
00:27:50.117 [raft-client-1f73cd99-b88c-4b59-9944-86684dacc85c-4] TRACE i.a.p.r.s.impl.RaftSessionManager - RaftClient{1f73cd99-b88c-4b59-9944-86684dacc85c} - Keeping 1 sessions alive
00:27:50.117 [raft-client-1f73cd99-b88c-4b59-9944-86684dacc85c-4] TRACE i.a.p.r.s.impl.RaftSessionConnection - RaftClient{1f73cd99-b88c-4b59-9944-86684dacc85c} - Sending KeepAliveRequest{sessionIds=long[]{length=1, hash=33}, commandSequences=long[]{length=1, hash=61}, eventIndexes=long[]{length=1, hash=33}} to 3
00:27:50.117 [raft-server-3] TRACE i.a.p.raft.roles.FollowerRole - RaftServer{3}{role=FOLLOWER} - Received KeepAliveRequest{sessionIds=long[]{length=1, hash=33}, commandSequences=long[]{length=1, hash=61}, eventIndexes=long[]{length=1, hash=33}}
00:27:50.164 [raft-server-2] TRACE i.a.p.raft.roles.FollowerRole - RaftServer{2}{role=FOLLOWER} - Committed entries up to index 36
00:27:50.164 [raft-server-2] TRACE i.a.p.raft.roles.FollowerRole - RaftServer{2}{role=FOLLOWER} - Sending AppendResponse{status=OK, term=1, succeeded=true, lastLogIndex=37}
00:27:50.164 [raft-server-2-state] TRACE i.a.p.raft.impl.RaftServiceManager - RaftServer{2} - Applying Indexed{index=36, entry=CommandEntry{term=1, timestamp=2018-06-10 12:27:49,974, session=2, sequence=30, operation=PrimitiveOperation{id=DefaultOperationId{id=write, type=COMMAND}, value=byte[]{length=17, hash=-1644578928}}}}
00:27:50.164 [raft-server-2-state] TRACE i.a.p.s.impl.DefaultServiceExecutor - PrimitiveService{2}{type=io.atomix.protocols.raft.RaftTest$TestPrimitiveType@68be9fc, name=raft-test} - Executing DefaultCommit{index=36, session=RaftSession{RaftServiceContext{server=2, type=io.atomix.protocols.raft.RaftTest$TestPrimitiveType@68be9fc, name=raft-test, id=2}, session=2, timestamp=2018-06-10 12:27:49,974}, time=2018-06-10 12:27:49,974, operation=DefaultOperationId{id=write, type=COMMAND}, value=byte[]{length=17, hash=-1644578928}}
00:27:50.206 [raft-server-1] TRACE i.a.protocols.raft.roles.LeaderRole - RaftServer{1}{role=LEADER} - Received KeepAliveRequest{sessionIds=long[]{length=1, hash=33}, commandSequences=long[]{length=1, hash=61}, eventIndexes=long[]{length=1, hash=33}}
00:27:50.206 [raft-server-1] TRACE i.a.protocols.raft.roles.LeaderRole - RaftServer{1}{role=LEADER} - Appended Indexed{index=38, entry=KeepAliveEntry{term=1, timestamp=2018-06-10 12:27:50,206, sessionIds=long[]{length=1, hash=33}, commandSequences=long[]{length=1, hash=61}, eventIndexes=long[]{length=1, hash=33}}}
00:27:50.206 [raft-server-1] TRACE i.a.p.raft.roles.LeaderAppender - RaftServer{1} - Sending AppendRequest{term=1, leader=1, prevLogIndex=37, prevLogTerm=1, entries=1, commitIndex=37} to 3
00:27:50.206 [raft-server-1] TRACE i.a.p.raft.roles.LeaderAppender - RaftServer{1} - Sending AppendRequest{term=1, leader=1, prevLogIndex=37, prevLogTerm=1, entries=1, commitIndex=37} to 2
00:27:50.206 [raft-server-3] TRACE i.a.p.raft.roles.FollowerRole - RaftServer{3}{role=FOLLOWER} - Received AppendRequest{term=1, leader=1, prevLogIndex=37, prevLogTerm=1, entries=1, commitIndex=37}
00:27:50.206 [raft-server-2] TRACE i.a.p.raft.roles.FollowerRole - RaftServer{2}{role=FOLLOWER} - Received AppendRequest{term=1, leader=1, prevLogIndex=37, prevLogTerm=1, entries=1, commitIndex=37}
00:27:50.206 [raft-server-1] TRACE i.a.p.raft.roles.LeaderAppender - RaftServer{1} - Received AppendResponse{status=OK, term=1, succeeded=true, lastLogIndex=37} from 2
00:27:50.206 [raft-server-3] TRACE i.a.p.raft.roles.FollowerRole - RaftServer{3}{role=FOLLOWER} - Appended Indexed{index=38, entry=KeepAliveEntry{term=1, timestamp=2018-06-10 12:27:50,206, sessionIds=long[]{length=1, hash=33}, commandSequences=long[]{length=1, hash=61}, eventIndexes=long[]{length=1, hash=33}}}
00:27:50.207 [raft-server-2] TRACE i.a.p.raft.roles.FollowerRole - RaftServer{2}{role=FOLLOWER} - Appended Indexed{index=38, entry=KeepAliveEntry{term=1, timestamp=2018-06-10 12:27:50,206, sessionIds=long[]{length=1, hash=33}, commandSequences=long[]{length=1, hash=61}, eventIndexes=long[]{length=1, hash=33}}}
00:27:50.206 [raft-server-1-state] TRACE i.a.p.raft.impl.RaftServiceManager - RaftServer{1} - Applying Indexed{index=37, entry=CommandEntry{term=1, timestamp=2018-06-10 12:27:50,064, session=2, sequence=31, operation=PrimitiveOperation{id=DefaultOperationId{id=write, type=COMMAND}, value=byte[]{length=17, hash=-1644578928}}}}
00:27:50.207 [raft-server-1-state] TRACE i.a.p.s.impl.DefaultServiceExecutor - PrimitiveService{2}{type=io.atomix.protocols.raft.RaftTest$TestPrimitiveType@f170389, name=raft-test} - Executing DefaultCommit{index=37, session=RaftSession{RaftServiceContext{server=1, type=io.atomix.protocols.raft.RaftTest$TestPrimitiveType@f170389, name=raft-test, id=2}, session=2, timestamp=2018-06-10 12:27:50,064}, time=2018-06-10 12:27:50,064, operation=DefaultOperationId{id=write, type=COMMAND}, value=byte[]{length=17, hash=-1644578928}}
00:27:50.207 [raft-server-1-state] TRACE i.a.protocols.raft.roles.LeaderRole - RaftServer{1}{role=LEADER} - Sending CommandResponse{status=OK, index=37, eventIndex=2, result=byte[]{length=2, hash=1314}}
00:27:50.207 [raft-client-1f73cd99-b88c-4b59-9944-86684dacc85c-3] TRACE i.a.p.r.s.impl.RaftSessionConnection - SessionClient{2}{type=io.atomix.protocols.raft.RaftTest$TestPrimitiveType@7d0100ea, name=raft-test} - Received CommandResponse{status=OK, index=37, eventIndex=2, result=byte[]{length=2, hash=1314}} from 1
00:27:50.207 [raft-client-1f73cd99-b88c-4b59-9944-86684dacc85c-3] TRACE i.a.p.r.s.impl.RaftSessionSequencer - SessionClient{2}{type=io.atomix.protocols.raft.RaftTest$TestPrimitiveType@7d0100ea, name=raft-test} - Completing response CommandResponse{status=OK, index=37, eventIndex=2, result=byte[]{length=2, hash=1314}}
00:27:50.207 [raft-client-1f73cd99-b88c-4b59-9944-86684dacc85c-3] TRACE i.a.p.r.s.impl.RaftSessionConnection - SessionClient{2}{type=io.atomix.protocols.raft.RaftTest$TestPrimitiveType@7d0100ea, name=raft-test} - Sending CommandRequest{session=2, sequence=32, operation=PrimitiveOperation{id=DefaultOperationId{id=write, type=COMMAND}, value=byte[]{length=17, hash=-1644578928}}} to 1
00:27:50.207 [raft-server-1] TRACE i.a.protocols.raft.roles.LeaderRole - RaftServer{1}{role=LEADER} - Received CommandRequest{session=2, sequence=32, operation=PrimitiveOperation{id=DefaultOperationId{id=write, type=COMMAND}, value=byte[]{length=17, hash=-1644578928}}}
00:27:50.208 [raft-server-1] TRACE i.a.protocols.raft.roles.LeaderRole - RaftServer{1}{role=LEADER} - Appended Indexed{index=39, entry=CommandEntry{term=1, timestamp=2018-06-10 12:27:50,207, session=2, sequence=32, operation=PrimitiveOperation{id=DefaultOperationId{id=write, type=COMMAND}, value=byte[]{length=17, hash=-1644578928}}}}
00:27:50.254 [raft-server-2] TRACE i.a.p.raft.roles.FollowerRole - RaftServer{2}{role=FOLLOWER} - Committed entries up to index 37
00:27:50.254 [raft-server-3] TRACE i.a.p.raft.roles.FollowerRole - RaftServer{3}{role=FOLLOWER} - Committed entries up to index 37
00:27:50.254 [raft-server-2] TRACE i.a.p.raft.roles.FollowerRole - RaftServer{2}{role=FOLLOWER} - Sending AppendResponse{status=OK, term=1, succeeded=true, lastLogIndex=38}
00:27:50.254 [raft-server-3] TRACE i.a.p.raft.roles.FollowerRole - RaftServer{3}{role=FOLLOWER} - Sending AppendResponse{status=OK, term=1, succeeded=true, lastLogIndex=38}
00:27:50.254 [raft-server-1] TRACE i.a.p.raft.roles.LeaderAppender - RaftServer{1} - Received AppendResponse{status=OK, term=1, succeeded=true, lastLogIndex=38} from 2
00:27:50.254 [raft-server-1] TRACE i.a.p.raft.roles.LeaderAppender - RaftServer{1} - Committed entries up to 38
00:27:50.254 [raft-server-2-state] TRACE i.a.p.raft.impl.RaftServiceManager - RaftServer{2} - Applying Indexed{index=37, entry=CommandEntry{term=1, timestamp=2018-06-10 12:27:50,064, session=2, sequence=31, operation=PrimitiveOperation{id=DefaultOperationId{id=write, type=COMMAND}, value=byte[]{length=17, hash=-1644578928}}}}
00:27:50.254 [raft-server-3-state] TRACE i.a.p.raft.impl.RaftServiceManager - RaftServer{3} - Applying Indexed{index=37, entry=CommandEntry{term=1, timestamp=2018-06-10 12:27:50,064, session=2, sequence=31, operation=PrimitiveOperation{id=DefaultOperationId{id=write, type=COMMAND}, value=byte[]{length=17, hash=-1644578928}}}}
00:27:50.254 [raft-server-2-state] TRACE i.a.p.s.impl.DefaultServiceExecutor - PrimitiveService{2}{type=io.atomix.protocols.raft.RaftTest$TestPrimitiveType@68be9fc, name=raft-test} - Executing DefaultCommit{index=37, session=RaftSession{RaftServiceContext{server=2, type=io.atomix.protocols.raft.RaftTest$TestPrimitiveType@68be9fc, name=raft-test, id=2}, session=2, timestamp=2018-06-10 12:27:50,064}, time=2018-06-10 12:27:50,064, operation=DefaultOperationId{id=write, type=COMMAND}, value=byte[]{length=17, hash=-1644578928}}
00:27:50.255 [raft-server-3-state] TRACE i.a.p.s.impl.DefaultServiceExecutor - PrimitiveService{2}{type=io.atomix.protocols.raft.RaftTest$TestPrimitiveType@192b3940, name=raft-test} - Executing DefaultCommit{index=37, session=RaftSession{RaftServiceContext{server=3, type=io.atomix.protocols.raft.RaftTest$TestPrimitiveType@192b3940, name=raft-test, id=2}, session=2, timestamp=2018-06-10 12:27:50,064}, time=2018-06-10 12:27:50,064, operation=DefaultOperationId{id=write, type=COMMAND}, value=byte[]{length=17, hash=-1644578928}}
00:27:50.288 [raft-server-1] TRACE i.a.p.raft.roles.LeaderAppender - RaftServer{1} - Sending AppendRequest{term=1, leader=1, prevLogIndex=38, prevLogTerm=1, entries=1, commitIndex=38} to 2
00:27:50.288 [raft-server-1] TRACE i.a.p.raft.roles.LeaderAppender - RaftServer{1} - Sending AppendRequest{term=1, leader=1, prevLogIndex=38, prevLogTerm=1, entries=1, commitIndex=38} to 3
00:27:50.288 [raft-server-1] TRACE i.a.p.raft.roles.LeaderAppender - RaftServer{1} - Received AppendResponse{status=OK, term=1, succeeded=true, lastLogIndex=38} from 3
00:27:50.288 [raft-server-2] TRACE i.a.p.raft.roles.FollowerRole - RaftServer{2}{role=FOLLOWER} - Received AppendRequest{term=1, leader=1, prevLogIndex=38, prevLogTerm=1, entries=1, commitIndex=38}
00:27:50.288 [raft-server-3] TRACE i.a.p.raft.roles.FollowerRole - RaftServer{3}{role=FOLLOWER} - Received AppendRequest{term=1, leader=1, prevLogIndex=38, prevLogTerm=1, entries=1, commitIndex=38}
00:27:50.288 [raft-server-1-state] TRACE i.a.p.raft.impl.RaftServiceManager - RaftServer{1} - Applying Indexed{index=38, entry=KeepAliveEntry{term=1, timestamp=2018-06-10 12:27:50,206, sessionIds=long[]{length=1, hash=33}, commandSequences=long[]{length=1, hash=61}, eventIndexes=long[]{length=1, hash=33}}}
00:27:50.288 [raft-server-2] TRACE i.a.p.raft.roles.FollowerRole - RaftServer{2}{role=FOLLOWER} - Appended Indexed{index=39, entry=CommandEntry{term=1, timestamp=2018-06-10 12:27:50,207, session=2, sequence=32, operation=PrimitiveOperation{id=DefaultOperationId{id=write, type=COMMAND}, value=byte[]{length=17, hash=-1644578928}}}}
00:27:50.288 [raft-server-3] TRACE i.a.p.raft.roles.FollowerRole - RaftServer{3}{role=FOLLOWER} - Appended Indexed{index=39, entry=CommandEntry{term=1, timestamp=2018-06-10 12:27:50,207, session=2, sequence=32, operation=PrimitiveOperation{id=DefaultOperationId{id=write, type=COMMAND}, value=byte[]{length=17, hash=-1644578928}}}}
00:27:50.288 [raft-server-1] TRACE i.a.protocols.raft.roles.LeaderRole - RaftServer{1}{role=LEADER} - Sending KeepAliveResponse{status=OK, leader=1, members=[3, 1, 2], sessionIds=long[]{length=1, hash=33}}
00:27:50.322 [raft-server-2] TRACE i.a.p.raft.roles.FollowerRole - RaftServer{2}{role=FOLLOWER} - Committed entries up to index 38
00:27:50.322 [raft-server-2] TRACE i.a.p.raft.roles.FollowerRole - RaftServer{2}{role=FOLLOWER} - Sending AppendResponse{status=OK, term=1, succeeded=true, lastLogIndex=39}
00:27:50.322 [raft-server-3] TRACE i.a.p.raft.roles.FollowerRole - RaftServer{3}{role=FOLLOWER} - Committed entries up to index 38
00:27:50.322 [raft-server-3] TRACE i.a.p.raft.roles.FollowerRole - RaftServer{3}{role=FOLLOWER} - Sending AppendResponse{status=OK, term=1, succeeded=true, lastLogIndex=39}
00:27:50.322 [raft-server-2-state] TRACE i.a.p.raft.impl.RaftServiceManager - RaftServer{2} - Applying Indexed{index=38, entry=KeepAliveEntry{term=1, timestamp=2018-06-10 12:27:50,206, sessionIds=long[]{length=1, hash=33}, commandSequences=long[]{length=1, hash=61}, eventIndexes=long[]{length=1, hash=33}}}
00:27:50.323 [raft-server-1] TRACE i.a.p.raft.roles.LeaderAppender - RaftServer{1} - Received AppendResponse{status=OK, term=1, succeeded=true, lastLogIndex=39} from 2
00:27:50.323 [raft-server-3] TRACE i.a.p.raft.roles.FollowerRole - RaftServer{3}{role=FOLLOWER} - Sending KeepAliveResponse{status=OK, leader=1, members=[3, 1, 2], sessionIds=long[]{length=1, hash=33}}
00:27:50.323 [raft-server-1] TRACE i.a.p.raft.roles.LeaderAppender - RaftServer{1} - Committed entries up to 39
00:27:50.323 [raft-client-1f73cd99-b88c-4b59-9944-86684dacc85c-2] TRACE i.a.p.r.s.impl.RaftSessionConnection - RaftClient{1f73cd99-b88c-4b59-9944-86684dacc85c} - Received KeepAliveResponse{status=OK, leader=1, members=[3, 1, 2], sessionIds=long[]{length=1, hash=33}} from 3
00:27:50.323 [raft-server-3-state] TRACE i.a.p.raft.impl.RaftServiceManager - RaftServer{3} - Applying Indexed{index=38, entry=KeepAliveEntry{term=1, timestamp=2018-06-10 12:27:50,206, sessionIds=long[]{length=1, hash=33}, commandSequences=long[]{length=1, hash=61}, eventIndexes=long[]{length=1, hash=33}}}
00:27:50.364 [raft-server-1] TRACE i.a.p.raft.roles.LeaderAppender - RaftServer{1} - Received AppendResponse{status=OK, term=1, succeeded=true, lastLogIndex=39} from 3
00:27:50.364 [raft-server-1-state] TRACE i.a.p.raft.impl.RaftServiceManager - RaftServer{1} - Applying Indexed{index=39, entry=CommandEntry{term=1, timestamp=2018-06-10 12:27:50,207, session=2, sequence=32, operation=PrimitiveOperation{id=DefaultOperationId{id=write, type=COMMAND}, value=byte[]{length=17, hash=-1644578928}}}}
00:27:50.364 [raft-server-1-state] TRACE i.a.p.s.impl.DefaultServiceExecutor - PrimitiveService{2}{type=io.atomix.protocols.raft.RaftTest$TestPrimitiveType@f170389, name=raft-test} - Executing DefaultCommit{index=39, session=RaftSession{RaftServiceContext{server=1, type=io.atomix.protocols.raft.RaftTest$TestPrimitiveType@f170389, name=raft-test, id=2}, session=2, timestamp=2018-06-10 12:27:50,207}, time=2018-06-10 12:27:50,207, operation=DefaultOperationId{id=write, type=COMMAND}, value=byte[]{length=17, hash=-1644578928}}
00:27:50.364 [raft-server-1-state] TRACE i.a.protocols.raft.roles.LeaderRole - RaftServer{1}{role=LEADER} - Sending CommandResponse{status=OK, index=39, eventIndex=2, result=byte[]{length=2, hash=1318}}
00:27:50.365 [raft-client-1f73cd99-b88c-4b59-9944-86684dacc85c-1] TRACE i.a.p.r.s.impl.RaftSessionConnection - SessionClient{2}{type=io.atomix.protocols.raft.RaftTest$TestPrimitiveType@7d0100ea, name=raft-test} - Received CommandResponse{status=OK, index=39, eventIndex=2, result=byte[]{length=2, hash=1318}} from 1
00:27:50.365 [raft-client-1f73cd99-b88c-4b59-9944-86684dacc85c-1] TRACE i.a.p.r.s.impl.RaftSessionSequencer - SessionClient{2}{type=io.atomix.protocols.raft.RaftTest$TestPrimitiveType@7d0100ea, name=raft-test} - Completing response CommandResponse{status=OK, index=39, eventIndex=2, result=byte[]{length=2, hash=1318}}
00:27:50.365 [raft-client-1f73cd99-b88c-4b59-9944-86684dacc85c-1] TRACE i.a.p.r.s.impl.RaftSessionConnection - SessionClient{2}{type=io.atomix.protocols.raft.RaftTest$TestPrimitiveType@7d0100ea, name=raft-test} - Sending CommandRequest{session=2, sequence=33, operation=PrimitiveOperation{id=DefaultOperationId{id=write, type=COMMAND}, value=byte[]{length=17, hash=-1644578928}}} to 1
00:27:50.365 [raft-server-1] TRACE i.a.protocols.raft.roles.LeaderRole - RaftServer{1}{role=LEADER} - Received CommandRequest{session=2, sequence=33, operation=PrimitiveOperation{id=DefaultOperationId{id=write, type=COMMAND}, value=byte[]{length=17, hash=-1644578928}}}
00:27:50.365 [raft-server-1] TRACE i.a.protocols.raft.roles.LeaderRole - RaftServer{1}{role=LEADER} - Appended Indexed{index=40, entry=CommandEntry{term=1, timestamp=2018-06-10 12:27:50,365, session=2, sequence=33, operation=PrimitiveOperation{id=DefaultOperationId{id=write, type=COMMAND}, value=byte[]{length=17, hash=-1644578928}}}}
00:27:50.365 [raft-server-1] TRACE i.a.p.raft.roles.LeaderAppender - RaftServer{1} - Sending AppendRequest{term=1, leader=1, prevLogIndex=39, prevLogTerm=1, entries=1, commitIndex=39} to 3
00:27:50.365 [raft-server-1] TRACE i.a.p.raft.roles.LeaderAppender - RaftServer{1} - Sending AppendRequest{term=1, leader=1, prevLogIndex=39, prevLogTerm=1, entries=1, commitIndex=39} to 2
00:27:50.365 [raft-server-3] TRACE i.a.p.raft.roles.FollowerRole - RaftServer{3}{role=FOLLOWER} - Received AppendRequest{term=1, leader=1, prevLogIndex=39, prevLogTerm=1, entries=1, commitIndex=39}
00:27:50.365 [raft-server-2] TRACE i.a.p.raft.roles.FollowerRole - RaftServer{2}{role=FOLLOWER} - Received AppendRequest{term=1, leader=1, prevLogIndex=39, prevLogTerm=1, entries=1, commitIndex=39}
00:27:50.365 [raft-server-3] TRACE i.a.p.raft.roles.FollowerRole - RaftServer{3}{role=FOLLOWER} - Appended Indexed{index=40, entry=CommandEntry{term=1, timestamp=2018-06-10 12:27:50,365, session=2, sequence=33, operation=PrimitiveOperation{id=DefaultOperationId{id=write, type=COMMAND}, value=byte[]{length=17, hash=-1644578928}}}}
00:27:50.366 [raft-server-2] TRACE i.a.p.raft.roles.FollowerRole - RaftServer{2}{role=FOLLOWER} - Appended Indexed{index=40, entry=CommandEntry{term=1, timestamp=2018-06-10 12:27:50,365, session=2, sequence=33, operation=PrimitiveOperation{id=DefaultOperationId{id=write, type=COMMAND}, value=byte[]{length=17, hash=-1644578928}}}}
00:27:50.404 [raft-server-2] TRACE i.a.p.raft.roles.FollowerRole - RaftServer{2}{role=FOLLOWER} - Committed entries up to index 39
00:27:50.404 [raft-server-2] TRACE i.a.p.raft.roles.FollowerRole - RaftServer{2}{role=FOLLOWER} - Sending AppendResponse{status=OK, term=1, succeeded=true, lastLogIndex=40}
00:27:50.404 [raft-server-3] TRACE i.a.p.raft.roles.FollowerRole - RaftServer{3}{role=FOLLOWER} - Committed entries up to index 39
00:27:50.404 [raft-server-3] TRACE i.a.p.raft.roles.FollowerRole - RaftServer{3}{role=FOLLOWER} - Sending AppendResponse{status=OK, term=1, succeeded=true, lastLogIndex=40}
00:27:50.404 [raft-server-2-state] TRACE i.a.p.raft.impl.RaftServiceManager - RaftServer{2} - Applying Indexed{index=39, entry=CommandEntry{term=1, timestamp=2018-06-10 12:27:50,207, session=2, sequence=32, operation=PrimitiveOperation{id=DefaultOperationId{id=write, type=COMMAND}, value=byte[]{length=17, hash=-1644578928}}}}
00:27:50.404 [raft-server-1] TRACE i.a.p.raft.roles.LeaderAppender - RaftServer{1} - Received AppendResponse{status=OK, term=1, succeeded=true, lastLogIndex=40} from 2
00:27:50.404 [raft-server-2-state] TRACE i.a.p.s.impl.DefaultServiceExecutor - PrimitiveService{2}{type=io.atomix.protocols.raft.RaftTest$TestPrimitiveType@68be9fc, name=raft-test} - Executing DefaultCommit{index=39, session=RaftSession{RaftServiceContext{server=2, type=io.atomix.protocols.raft.RaftTest$TestPrimitiveType@68be9fc, name=raft-test, id=2}, session=2, timestamp=2018-06-10 12:27:50,207}, time=2018-06-10 12:27:50,207, operation=DefaultOperationId{id=write, type=COMMAND}, value=byte[]{length=17, hash=-1644578928}}
00:27:50.404 [raft-server-3-state] TRACE i.a.p.raft.impl.RaftServiceManager - RaftServer{3} - Applying Indexed{index=39, entry=CommandEntry{term=1, timestamp=2018-06-10 12:27:50,207, session=2, sequence=32, operation=PrimitiveOperation{id=DefaultOperationId{id=write, type=COMMAND}, value=byte[]{length=17, hash=-1644578928}}}}
00:27:50.404 [raft-server-1] TRACE i.a.p.raft.roles.LeaderAppender - RaftServer{1} - Committed entries up to 40
00:27:50.405 [raft-server-3-state] TRACE i.a.p.s.impl.DefaultServiceExecutor - PrimitiveService{2}{type=io.atomix.protocols.raft.RaftTest$TestPrimitiveType@192b3940, name=raft-test} - Executing DefaultCommit{index=39, session=RaftSession{RaftServiceContext{server=3, type=io.atomix.protocols.raft.RaftTest$TestPrimitiveType@192b3940, name=raft-test, id=2}, session=2, timestamp=2018-06-10 12:27:50,207}, time=2018-06-10 12:27:50,207, operation=DefaultOperationId{id=write, type=COMMAND}, value=byte[]{length=17, hash=-1644578928}}
00:27:50.463 [raft-server-1] TRACE i.a.p.raft.roles.LeaderAppender - RaftServer{1} - Received AppendResponse{status=OK, term=1, succeeded=true, lastLogIndex=40} from 3
00:27:50.463 [raft-server-1] TRACE i.a.p.raft.roles.LeaderAppender - RaftServer{1} - Sending AppendRequest{term=1, leader=1, prevLogIndex=40, prevLogTerm=1, entries=0, commitIndex=40} to 3
00:27:50.463 [raft-server-1] TRACE i.a.p.raft.roles.LeaderAppender - RaftServer{1} - Sending AppendRequest{term=1, leader=1, prevLogIndex=40, prevLogTerm=1, entries=0, commitIndex=40} to 2
00:27:50.463 [raft-server-2] TRACE i.a.p.raft.roles.FollowerRole - RaftServer{2}{role=FOLLOWER} - Received AppendRequest{term=1, leader=1, prevLogIndex=40, prevLogTerm=1, entries=0, commitIndex=40}
00:27:50.463 [raft-server-3] TRACE i.a.p.raft.roles.FollowerRole - RaftServer{3}{role=FOLLOWER} - Received AppendRequest{term=1, leader=1, prevLogIndex=40, prevLogTerm=1, entries=0, commitIndex=40}
00:27:50.463 [raft-server-1-state] TRACE i.a.p.raft.impl.RaftServiceManager - RaftServer{1} - Applying Indexed{index=40, entry=CommandEntry{term=1, timestamp=2018-06-10 12:27:50,365, session=2, sequence=33, operation=PrimitiveOperation{id=DefaultOperationId{id=write, type=COMMAND}, value=byte[]{length=17, hash=-1644578928}}}}
00:27:50.463 [raft-server-1-state] TRACE i.a.p.s.impl.DefaultServiceExecutor - PrimitiveService{2}{type=io.atomix.protocols.raft.RaftTest$TestPrimitiveType@f170389, name=raft-test} - Executing DefaultCommit{index=40, session=RaftSession{RaftServiceContext{server=1, type=io.atomix.protocols.raft.RaftTest$TestPrimitiveType@f170389, name=raft-test, id=2}, session=2, timestamp=2018-06-10 12:27:50,365}, time=2018-06-10 12:27:50,365, operation=DefaultOperationId{id=write, type=COMMAND}, value=byte[]{length=17, hash=-1644578928}}
00:27:50.463 [raft-server-1-state] TRACE i.a.protocols.raft.roles.LeaderRole - RaftServer{1}{role=LEADER} - Sending CommandResponse{status=OK, index=40, eventIndex=2, result=byte[]{length=2, hash=1320}}
00:27:50.463 [raft-client-1f73cd99-b88c-4b59-9944-86684dacc85c-2] TRACE i.a.p.r.s.impl.RaftSessionConnection - SessionClient{2}{type=io.atomix.protocols.raft.RaftTest$TestPrimitiveType@7d0100ea, name=raft-test} - Received CommandResponse{status=OK, index=40, eventIndex=2, result=byte[]{length=2, hash=1320}} from 1
00:27:50.463 [raft-client-1f73cd99-b88c-4b59-9944-86684dacc85c-2] TRACE i.a.p.r.s.impl.RaftSessionSequencer - SessionClient{2}{type=io.atomix.protocols.raft.RaftTest$TestPrimitiveType@7d0100ea, name=raft-test} - Completing response CommandResponse{status=OK, index=40, eventIndex=2, result=byte[]{length=2, hash=1320}}
00:27:50.463 [raft-client-1f73cd99-b88c-4b59-9944-86684dacc85c-7] TRACE i.a.p.r.s.impl.RaftSessionConnection - SessionClient{2}{type=io.atomix.protocols.raft.RaftTest$TestPrimitiveType@7d0100ea, name=raft-test} - Sending CommandRequest{session=2, sequence=34, operation=PrimitiveOperation{id=DefaultOperationId{id=write, type=COMMAND}, value=byte[]{length=17, hash=-1644578928}}} to 1
00:27:50.464 [raft-server-1] TRACE i.a.protocols.raft.roles.LeaderRole - RaftServer{1}{role=LEADER} - Received CommandRequest{session=2, sequence=34, operation=PrimitiveOperation{id=DefaultOperationId{id=write, type=COMMAND}, value=byte[]{length=17, hash=-1644578928}}}
00:27:50.489 [raft-server-2] TRACE i.a.p.raft.roles.FollowerRole - RaftServer{2}{role=FOLLOWER} - Committed entries up to index 40
00:27:50.489 [raft-server-2] TRACE i.a.p.raft.roles.FollowerRole - RaftServer{2}{role=FOLLOWER} - Sending AppendResponse{status=OK, term=1, succeeded=true, lastLogIndex=40}
00:27:50.489 [raft-server-3] TRACE i.a.p.raft.roles.FollowerRole - RaftServer{3}{role=FOLLOWER} - Committed entries up to index 40
00:27:50.489 [raft-server-3] TRACE i.a.p.raft.roles.FollowerRole - RaftServer{3}{role=FOLLOWER} - Sending AppendResponse{status=OK, term=1, succeeded=true, lastLogIndex=40}
00:27:50.489 [raft-server-2-state] TRACE i.a.p.raft.impl.RaftServiceManager - RaftServer{2} - Applying Indexed{index=40, entry=CommandEntry{term=1, timestamp=2018-06-10 12:27:50,365, session=2, sequence=33, operation=PrimitiveOperation{id=DefaultOperationId{id=write, type=COMMAND}, value=byte[]{length=17, hash=-1644578928}}}}
00:27:50.489 [raft-server-2-state] TRACE i.a.p.s.impl.DefaultServiceExecutor - PrimitiveService{2}{type=io.atomix.protocols.raft.RaftTest$TestPrimitiveType@68be9fc, name=raft-test} - Executing DefaultCommit{index=40, session=RaftSession{RaftServiceContext{server=2, type=io.atomix.protocols.raft.RaftTest$TestPrimitiveType@68be9fc, name=raft-test, id=2}, session=2, timestamp=2018-06-10 12:27:50,365}, time=2018-06-10 12:27:50,365, operation=DefaultOperationId{id=write, type=COMMAND}, value=byte[]{length=17, hash=-1644578928}}
00:27:50.489 [raft-server-3-state] TRACE i.a.p.raft.impl.RaftServiceManager - RaftServer{3} - Applying Indexed{index=40, entry=CommandEntry{term=1, timestamp=2018-06-10 12:27:50,365, session=2, sequence=33, operation=PrimitiveOperation{id=DefaultOperationId{id=write, type=COMMAND}, value=byte[]{length=17, hash=-1644578928}}}}
00:27:50.489 [raft-server-3-state] TRACE i.a.p.s.impl.DefaultServiceExecutor - PrimitiveService{2}{type=io.atomix.protocols.raft.RaftTest$TestPrimitiveType@192b3940, name=raft-test} - Executing DefaultCommit{index=40, session=RaftSession{RaftServiceContext{server=3, type=io.atomix.protocols.raft.RaftTest$TestPrimitiveType@192b3940, name=raft-test, id=2}, session=2, timestamp=2018-06-10 12:27:50,365}, time=2018-06-10 12:27:50,365, operation=DefaultOperationId{id=write, type=COMMAND}, value=byte[]{length=17, hash=-1644578928}}
00:27:50.531 [raft-server-1] DEBUG i.a.storage.journal.SegmentedJournal - Created disk segment: JournalSegment{id=5, version=1, index=41, size=64}
00:27:50.531 [raft-server-1] TRACE i.a.protocols.raft.roles.LeaderRole - RaftServer{1}{role=LEADER} - Appended Indexed{index=41, entry=CommandEntry{term=1, timestamp=2018-06-10 12:27:50,464, session=2, sequence=34, operation=PrimitiveOperation{id=DefaultOperationId{id=write, type=COMMAND}, value=byte[]{length=17, hash=-1644578928}}}}
00:27:50.531 [raft-server-1] TRACE i.a.p.raft.roles.LeaderAppender - RaftServer{1} - Received AppendResponse{status=OK, term=1, succeeded=true, lastLogIndex=40} from 2
00:27:50.531 [raft-server-1] TRACE i.a.p.raft.roles.LeaderAppender - RaftServer{1} - Sending AppendRequest{term=1, leader=1, prevLogIndex=40, prevLogTerm=1, entries=1, commitIndex=40} to 2
00:27:50.531 [raft-server-2] TRACE i.a.p.raft.roles.FollowerRole - RaftServer{2}{role=FOLLOWER} - Received AppendRequest{term=1, leader=1, prevLogIndex=40, prevLogTerm=1, entries=1, commitIndex=40}
00:27:50.531 [raft-server-1] TRACE i.a.p.raft.roles.LeaderAppender - RaftServer{1} - Sending AppendRequest{term=1, leader=1, prevLogIndex=40, prevLogTerm=1, entries=1, commitIndex=40} to 3
00:27:50.531 [raft-server-3] TRACE i.a.p.raft.roles.FollowerRole - RaftServer{3}{role=FOLLOWER} - Received AppendRequest{term=1, leader=1, prevLogIndex=40, prevLogTerm=1, entries=1, commitIndex=40}
00:27:50.531 [raft-server-1] TRACE i.a.p.raft.roles.LeaderAppender - RaftServer{1} - Received AppendResponse{status=OK, term=1, succeeded=true, lastLogIndex=40} from 3
00:27:50.679 [raft-server-2] DEBUG i.a.storage.journal.SegmentedJournal - Created disk segment: JournalSegment{id=5, version=1, index=41, size=64}
00:27:50.679 [raft-server-2] TRACE i.a.p.raft.roles.FollowerRole - RaftServer{2}{role=FOLLOWER} - Appended Indexed{index=41, entry=CommandEntry{term=1, timestamp=2018-06-10 12:27:50,464, session=2, sequence=34, operation=PrimitiveOperation{id=DefaultOperationId{id=write, type=COMMAND}, value=byte[]{length=17, hash=-1644578928}}}}
00:27:50.679 [raft-server-2] TRACE i.a.p.raft.roles.FollowerRole - RaftServer{2}{role=FOLLOWER} - Sending AppendResponse{status=OK, term=1, succeeded=true, lastLogIndex=41}
00:27:50.680 [raft-server-1] TRACE i.a.p.raft.roles.LeaderAppender - RaftServer{1} - Received AppendResponse{status=OK, term=1, succeeded=true, lastLogIndex=41} from 2
00:27:50.680 [raft-server-1] TRACE i.a.p.raft.roles.LeaderAppender - RaftServer{1} - Committed entries up to 41
00:27:50.713 [raft-server-3] DEBUG i.a.storage.journal.SegmentedJournal - Created disk segment: JournalSegment{id=5, version=1, index=41, size=64}
00:27:50.713 [raft-server-3] TRACE i.a.p.raft.roles.FollowerRole - RaftServer{3}{role=FOLLOWER} - Appended Indexed{index=41, entry=CommandEntry{term=1, timestamp=2018-06-10 12:27:50,464, session=2, sequence=34, operation=PrimitiveOperation{id=DefaultOperationId{id=write, type=COMMAND}, value=byte[]{length=17, hash=-1644578928}}}}
00:27:50.713 [raft-server-3] TRACE i.a.p.raft.roles.FollowerRole - RaftServer{3}{role=FOLLOWER} - Sending AppendResponse{status=OK, term=1, succeeded=true, lastLogIndex=41}
00:27:50.747 [raft-server-1] TRACE i.a.p.raft.roles.LeaderAppender - RaftServer{1} - Sending AppendRequest{term=1, leader=1, prevLogIndex=41, prevLogTerm=1, entries=0, commitIndex=41} to 2
00:27:50.748 [raft-server-1] TRACE i.a.p.raft.roles.LeaderAppender - RaftServer{1} - Received AppendResponse{status=OK, term=1, succeeded=true, lastLogIndex=41} from 3
00:27:50.748 [raft-server-2] TRACE i.a.p.raft.roles.FollowerRole - RaftServer{2}{role=FOLLOWER} - Received AppendRequest{term=1, leader=1, prevLogIndex=41, prevLogTerm=1, entries=0, commitIndex=41}
00:27:50.748 [raft-server-1] TRACE i.a.p.raft.roles.LeaderAppender - RaftServer{1} - Sending AppendRequest{term=1, leader=1, prevLogIndex=41, prevLogTerm=1, entries=0, commitIndex=41} to 3
00:27:50.748 [raft-server-3] TRACE i.a.p.raft.roles.FollowerRole - RaftServer{3}{role=FOLLOWER} - Received AppendRequest{term=1, leader=1, prevLogIndex=41, prevLogTerm=1, entries=0, commitIndex=41}
00:27:50.748 [raft-server-1-state] TRACE i.a.p.raft.impl.RaftServiceManager - RaftServer{1} - Applying Indexed{index=41, entry=CommandEntry{term=1, timestamp=2018-06-10 12:27:50,464, session=2, sequence=34, operation=PrimitiveOperation{id=DefaultOperationId{id=write, type=COMMAND}, value=byte[]{length=17, hash=-1644578928}}}}
00:27:50.748 [raft-server-1-state] TRACE i.a.p.s.impl.DefaultServiceExecutor - PrimitiveService{2}{type=io.atomix.protocols.raft.RaftTest$TestPrimitiveType@f170389, name=raft-test} - Executing DefaultCommit{index=41, session=RaftSession{RaftServiceContext{server=1, type=io.atomix.protocols.raft.RaftTest$TestPrimitiveType@f170389, name=raft-test, id=2}, session=2, timestamp=2018-06-10 12:27:50,464}, time=2018-06-10 12:27:50,464, operation=DefaultOperationId{id=write, type=COMMAND}, value=byte[]{length=17, hash=-1644578928}}
00:27:50.748 [raft-server-1-state] TRACE i.a.protocols.raft.roles.LeaderRole - RaftServer{1}{role=LEADER} - Sending CommandResponse{status=OK, index=41, eventIndex=2, result=byte[]{length=2, hash=1322}}
00:27:50.748 [raft-client-1f73cd99-b88c-4b59-9944-86684dacc85c-1] TRACE i.a.p.r.s.impl.RaftSessionConnection - SessionClient{2}{type=io.atomix.protocols.raft.RaftTest$TestPrimitiveType@7d0100ea, name=raft-test} - Received CommandResponse{status=OK, index=41, eventIndex=2, result=byte[]{length=2, hash=1322}} from 1
00:27:50.748 [raft-client-1f73cd99-b88c-4b59-9944-86684dacc85c-1] TRACE i.a.p.r.s.impl.RaftSessionSequencer - SessionClient{2}{type=io.atomix.protocols.raft.RaftTest$TestPrimitiveType@7d0100ea, name=raft-test} - Completing response CommandResponse{status=OK, index=41, eventIndex=2, result=byte[]{length=2, hash=1322}}
00:27:50.748 [raft-client-1f73cd99-b88c-4b59-9944-86684dacc85c-4] TRACE i.a.p.r.s.impl.RaftSessionConnection - SessionClient{2}{type=io.atomix.protocols.raft.RaftTest$TestPrimitiveType@7d0100ea, name=raft-test} - Sending CommandRequest{session=2, sequence=35, operation=PrimitiveOperation{id=DefaultOperationId{id=write, type=COMMAND}, value=byte[]{length=17, hash=-1644578928}}} to 1
00:27:50.749 [raft-server-1] TRACE i.a.protocols.raft.roles.LeaderRole - RaftServer{1}{role=LEADER} - Received CommandRequest{session=2, sequence=35, operation=PrimitiveOperation{id=DefaultOperationId{id=write, type=COMMAND}, value=byte[]{length=17, hash=-1644578928}}}
00:27:50.749 [raft-server-1] TRACE i.a.protocols.raft.roles.LeaderRole - RaftServer{1}{role=LEADER} - Appended Indexed{index=42, entry=CommandEntry{term=1, timestamp=2018-06-10 12:27:50,749, session=2, sequence=35, operation=PrimitiveOperation{id=DefaultOperationId{id=write, type=COMMAND}, value=byte[]{length=17, hash=-1644578928}}}}
00:27:50.781 [raft-server-2] TRACE i.a.p.raft.roles.FollowerRole - RaftServer{2}{role=FOLLOWER} - Committed entries up to index 41
00:27:50.781 [raft-server-3] TRACE i.a.p.raft.roles.FollowerRole - RaftServer{3}{role=FOLLOWER} - Committed entries up to index 41
00:27:50.781 [raft-server-2] TRACE i.a.p.raft.roles.FollowerRole - RaftServer{2}{role=FOLLOWER} - Sending AppendResponse{status=OK, term=1, succeeded=true, lastLogIndex=41}
00:27:50.781 [raft-server-3] TRACE i.a.p.raft.roles.FollowerRole - RaftServer{3}{role=FOLLOWER} - Sending AppendResponse{status=OK, term=1, succeeded=true, lastLogIndex=41}
00:27:50.781 [raft-server-1] TRACE i.a.p.raft.roles.LeaderAppender - RaftServer{1} - Received AppendResponse{status=OK, term=1, succeeded=true, lastLogIndex=41} from 2
00:27:50.781 [raft-server-2-state] TRACE i.a.p.raft.impl.RaftServiceManager - RaftServer{2} - Applying Indexed{index=41, entry=CommandEntry{term=1, timestamp=2018-06-10 12:27:50,464, session=2, sequence=34, operation=PrimitiveOperation{id=DefaultOperationId{id=write, type=COMMAND}, value=byte[]{length=17, hash=-1644578928}}}}
00:27:50.781 [raft-server-3-state] TRACE i.a.p.raft.impl.RaftServiceManager - RaftServer{3} - Applying Indexed{index=41, entry=CommandEntry{term=1, timestamp=2018-06-10 12:27:50,464, session=2, sequence=34, operation=PrimitiveOperation{id=DefaultOperationId{id=write, type=COMMAND}, value=byte[]{length=17, hash=-1644578928}}}}
00:27:50.781 [raft-server-1] TRACE i.a.p.raft.roles.LeaderAppender - RaftServer{1} - Sending AppendRequest{term=1, leader=1, prevLogIndex=41, prevLogTerm=1, entries=1, commitIndex=41} to 2
00:27:50.781 [raft-server-2-state] TRACE i.a.p.s.impl.DefaultServiceExecutor - PrimitiveService{2}{type=io.atomix.protocols.raft.RaftTest$TestPrimitiveType@68be9fc, name=raft-test} - Executing DefaultCommit{index=41, session=RaftSession{RaftServiceContext{server=2, type=io.atomix.protocols.raft.RaftTest$TestPrimitiveType@68be9fc, name=raft-test, id=2}, session=2, timestamp=2018-06-10 12:27:50,464}, time=2018-06-10 12:27:50,464, operation=DefaultOperationId{id=write, type=COMMAND}, value=byte[]{length=17, hash=-1644578928}}
00:27:50.781 [raft-server-3-state] TRACE i.a.p.s.impl.DefaultServiceExecutor - PrimitiveService{2}{type=io.atomix.protocols.raft.RaftTest$TestPrimitiveType@192b3940, name=raft-test} - Executing DefaultCommit{index=41, session=RaftSession{RaftServiceContext{server=3, type=io.atomix.protocols.raft.RaftTest$TestPrimitiveType@192b3940, name=raft-test, id=2}, session=2, timestamp=2018-06-10 12:27:50,464}, time=2018-06-10 12:27:50,464, operation=DefaultOperationId{id=write, type=COMMAND}, value=byte[]{length=17, hash=-1644578928}}
00:27:50.781 [raft-server-2] TRACE i.a.p.raft.roles.FollowerRole - RaftServer{2}{role=FOLLOWER} - Received AppendRequest{term=1, leader=1, prevLogIndex=41, prevLogTerm=1, entries=1, commitIndex=41}
00:27:50.781 [raft-server-1] TRACE i.a.p.raft.roles.LeaderAppender - RaftServer{1} - Received AppendResponse{status=OK, term=1, succeeded=true, lastLogIndex=41} from 3
00:27:50.781 [raft-server-1] TRACE i.a.p.raft.roles.LeaderAppender - RaftServer{1} - Sending AppendRequest{term=1, leader=1, prevLogIndex=41, prevLogTerm=1, entries=1, commitIndex=41} to 3
00:27:50.781 [raft-server-2] TRACE i.a.p.raft.roles.FollowerRole - RaftServer{2}{role=FOLLOWER} - Appended Indexed{index=42, entry=CommandEntry{term=1, timestamp=2018-06-10 12:27:50,749, session=2, sequence=35, operation=PrimitiveOperation{id=DefaultOperationId{id=write, type=COMMAND}, value=byte[]{length=17, hash=-1644578928}}}}
00:27:50.782 [raft-server-3] TRACE i.a.p.raft.roles.FollowerRole - RaftServer{3}{role=FOLLOWER} - Received AppendRequest{term=1, leader=1, prevLogIndex=41, prevLogTerm=1, entries=1, commitIndex=41}
00:27:50.782 [raft-server-2] TRACE i.a.p.raft.roles.FollowerRole - RaftServer{2}{role=FOLLOWER} - Sending AppendResponse{status=OK, term=1, succeeded=true, lastLogIndex=42}
00:27:50.782 [raft-server-1] TRACE i.a.p.raft.roles.LeaderAppender - RaftServer{1} - Received AppendResponse{status=OK, term=1, succeeded=true, lastLogIndex=42} from 2
00:27:50.782 [raft-server-1] TRACE i.a.p.raft.roles.LeaderAppender - RaftServer{1} - Committed entries up to 42
00:27:50.782 [raft-server-3] TRACE i.a.p.raft.roles.FollowerRole - RaftServer{3}{role=FOLLOWER} - Appended Indexed{index=42, entry=CommandEntry{term=1, timestamp=2018-06-10 12:27:50,749, session=2, sequence=35, operation=PrimitiveOperation{id=DefaultOperationId{id=write, type=COMMAND}, value=byte[]{length=17, hash=-1644578928}}}}
00:27:50.782 [raft-server-3] TRACE i.a.p.raft.roles.FollowerRole - RaftServer{3}{role=FOLLOWER} - Sending AppendResponse{status=OK, term=1, succeeded=true, lastLogIndex=42}
00:27:50.831 [raft-server-1] TRACE i.a.p.raft.roles.LeaderAppender - RaftServer{1} - Received AppendResponse{status=OK, term=1, succeeded=true, lastLogIndex=42} from 3
00:27:50.831 [raft-server-1-state] TRACE i.a.p.raft.impl.RaftServiceManager - RaftServer{1} - Applying Indexed{index=42, entry=CommandEntry{term=1, timestamp=2018-06-10 12:27:50,749, session=2, sequence=35, operation=PrimitiveOperation{id=DefaultOperationId{id=write, type=COMMAND}, value=byte[]{length=17, hash=-1644578928}}}}
00:27:50.831 [raft-server-1-state] TRACE i.a.p.s.impl.DefaultServiceExecutor - PrimitiveService{2}{type=io.atomix.protocols.raft.RaftTest$TestPrimitiveType@f170389, name=raft-test} - Executing DefaultCommit{index=42, session=RaftSession{RaftServiceContext{server=1, type=io.atomix.protocols.raft.RaftTest$TestPrimitiveType@f170389, name=raft-test, id=2}, session=2, timestamp=2018-06-10 12:27:50,749}, time=2018-06-10 12:27:50,749, operation=DefaultOperationId{id=write, type=COMMAND}, value=byte[]{length=17, hash=-1644578928}}
00:27:50.831 [raft-server-1-state] TRACE i.a.protocols.raft.roles.LeaderRole - RaftServer{1}{role=LEADER} - Sending CommandResponse{status=OK, index=42, eventIndex=2, result=byte[]{length=2, hash=1324}}
00:27:50.831 [raft-client-1f73cd99-b88c-4b59-9944-86684dacc85c-5] TRACE i.a.p.r.s.impl.RaftSessionConnection - SessionClient{2}{type=io.atomix.protocols.raft.RaftTest$TestPrimitiveType@7d0100ea, name=raft-test} - Received CommandResponse{status=OK, index=42, eventIndex=2, result=byte[]{length=2, hash=1324}} from 1
00:27:50.831 [raft-client-1f73cd99-b88c-4b59-9944-86684dacc85c-5] TRACE i.a.p.r.s.impl.RaftSessionSequencer - SessionClient{2}{type=io.atomix.protocols.raft.RaftTest$TestPrimitiveType@7d0100ea, name=raft-test} - Completing response CommandResponse{status=OK, index=42, eventIndex=2, result=byte[]{length=2, hash=1324}}
00:27:50.831 [raft-client-1f73cd99-b88c-4b59-9944-86684dacc85c-5] TRACE i.a.p.r.s.impl.RaftSessionConnection - SessionClient{2}{type=io.atomix.protocols.raft.RaftTest$TestPrimitiveType@7d0100ea, name=raft-test} - Sending CommandRequest{session=2, sequence=36, operation=PrimitiveOperation{id=DefaultOperationId{id=write, type=COMMAND}, value=byte[]{length=17, hash=-1644578928}}} to 1
00:27:50.831 [raft-server-1] TRACE i.a.protocols.raft.roles.LeaderRole - RaftServer{1}{role=LEADER} - Received CommandRequest{session=2, sequence=36, operation=PrimitiveOperation{id=DefaultOperationId{id=write, type=COMMAND}, value=byte[]{length=17, hash=-1644578928}}}
00:27:50.832 [raft-server-1] TRACE i.a.protocols.raft.roles.LeaderRole - RaftServer{1}{role=LEADER} - Appended Indexed{index=43, entry=CommandEntry{term=1, timestamp=2018-06-10 12:27:50,832, session=2, sequence=36, operation=PrimitiveOperation{id=DefaultOperationId{id=write, type=COMMAND}, value=byte[]{length=17, hash=-1644578928}}}}
00:27:50.832 [raft-server-1] TRACE i.a.p.raft.roles.LeaderAppender - RaftServer{1} - Sending AppendRequest{term=1, leader=1, prevLogIndex=42, prevLogTerm=1, entries=1, commitIndex=42} to 3
00:27:50.832 [raft-server-3] TRACE i.a.p.raft.roles.FollowerRole - RaftServer{3}{role=FOLLOWER} - Received AppendRequest{term=1, leader=1, prevLogIndex=42, prevLogTerm=1, entries=1, commitIndex=42}
00:27:50.832 [raft-server-1] TRACE i.a.p.raft.roles.LeaderAppender - RaftServer{1} - Sending AppendRequest{term=1, leader=1, prevLogIndex=42, prevLogTerm=1, entries=1, commitIndex=42} to 2
00:27:50.832 [raft-server-2] TRACE i.a.p.raft.roles.FollowerRole - RaftServer{2}{role=FOLLOWER} - Received AppendRequest{term=1, leader=1, prevLogIndex=42, prevLogTerm=1, entries=1, commitIndex=42}
00:27:50.832 [raft-server-3] TRACE i.a.p.raft.roles.FollowerRole - RaftServer{3}{role=FOLLOWER} - Appended Indexed{index=43, entry=CommandEntry{term=1, timestamp=2018-06-10 12:27:50,832, session=2, sequence=36, operation=PrimitiveOperation{id=DefaultOperationId{id=write, type=COMMAND}, value=byte[]{length=17, hash=-1644578928}}}}
00:27:50.832 [raft-server-2] TRACE i.a.p.raft.roles.FollowerRole - RaftServer{2}{role=FOLLOWER} - Appended Indexed{index=43, entry=CommandEntry{term=1, timestamp=2018-06-10 12:27:50,832, session=2, sequence=36, operation=PrimitiveOperation{id=DefaultOperationId{id=write, type=COMMAND}, value=byte[]{length=17, hash=-1644578928}}}}
00:27:50.881 [raft-server-2] TRACE i.a.p.raft.roles.FollowerRole - RaftServer{2}{role=FOLLOWER} - Committed entries up to index 42
00:27:50.881 [raft-server-3] TRACE i.a.p.raft.roles.FollowerRole - RaftServer{3}{role=FOLLOWER} - Committed entries up to index 42
00:27:50.881 [raft-server-2] TRACE i.a.p.raft.roles.FollowerRole - RaftServer{2}{role=FOLLOWER} - Sending AppendResponse{status=OK, term=1, succeeded=true, lastLogIndex=43}
00:27:50.881 [raft-server-3] TRACE i.a.p.raft.roles.FollowerRole - RaftServer{3}{role=FOLLOWER} - Sending AppendResponse{status=OK, term=1, succeeded=true, lastLogIndex=43}
00:27:50.881 [raft-server-2-state] TRACE i.a.p.raft.impl.RaftServiceManager - RaftServer{2} - Applying Indexed{index=42, entry=CommandEntry{term=1, timestamp=2018-06-10 12:27:50,749, session=2, sequence=35, operation=PrimitiveOperation{id=DefaultOperationId{id=write, type=COMMAND}, value=byte[]{length=17, hash=-1644578928}}}}
00:27:50.881 [raft-server-1] TRACE i.a.p.raft.roles.LeaderAppender - RaftServer{1} - Received AppendResponse{status=OK, term=1, succeeded=true, lastLogIndex=43} from 2
00:27:50.881 [raft-server-3-state] TRACE i.a.p.raft.impl.RaftServiceManager - RaftServer{3} - Applying Indexed{index=42, entry=CommandEntry{term=1, timestamp=2018-06-10 12:27:50,749, session=2, sequence=35, operation=PrimitiveOperation{id=DefaultOperationId{id=write, type=COMMAND}, value=byte[]{length=17, hash=-1644578928}}}}
00:27:50.881 [raft-server-2-state] TRACE i.a.p.s.impl.DefaultServiceExecutor - PrimitiveService{2}{type=io.atomix.protocols.raft.RaftTest$TestPrimitiveType@68be9fc, name=raft-test} - Executing DefaultCommit{index=42, session=RaftSession{RaftServiceContext{server=2, type=io.atomix.protocols.raft.RaftTest$TestPrimitiveType@68be9fc, name=raft-test, id=2}, session=2, timestamp=2018-06-10 12:27:50,749}, time=2018-06-10 12:27:50,749, operation=DefaultOperationId{id=write, type=COMMAND}, value=byte[]{length=17, hash=-1644578928}}
00:27:50.881 [raft-server-1] TRACE i.a.p.raft.roles.LeaderAppender - RaftServer{1} - Committed entries up to 43
00:27:50.881 [raft-server-3-state] TRACE i.a.p.s.impl.DefaultServiceExecutor - PrimitiveService{2}{type=io.atomix.protocols.raft.RaftTest$TestPrimitiveType@192b3940, name=raft-test} - Executing DefaultCommit{index=42, session=RaftSession{RaftServiceContext{server=3, type=io.atomix.protocols.raft.RaftTest$TestPrimitiveType@192b3940, name=raft-test, id=2}, session=2, timestamp=2018-06-10 12:27:50,749}, time=2018-06-10 12:27:50,749, operation=DefaultOperationId{id=write, type=COMMAND}, value=byte[]{length=17, hash=-1644578928}}
00:27:50.937 [raft-server-1] TRACE i.a.p.raft.roles.LeaderAppender - RaftServer{1} - Received AppendResponse{status=OK, term=1, succeeded=true, lastLogIndex=43} from 3
00:27:50.938 [raft-server-1] TRACE i.a.p.raft.roles.LeaderAppender - RaftServer{1} - Sending AppendRequest{term=1, leader=1, prevLogIndex=43, prevLogTerm=1, entries=0, commitIndex=43} to 3
00:27:50.938 [raft-server-1] TRACE i.a.p.raft.roles.LeaderAppender - RaftServer{1} - Sending AppendRequest{term=1, leader=1, prevLogIndex=43, prevLogTerm=1, entries=0, commitIndex=43} to 2
00:27:50.938 [raft-server-3] TRACE i.a.p.raft.roles.FollowerRole - RaftServer{3}{role=FOLLOWER} - Received AppendRequest{term=1, leader=1, prevLogIndex=43, prevLogTerm=1, entries=0, commitIndex=43}
00:27:50.938 [raft-server-2] TRACE i.a.p.raft.roles.FollowerRole - RaftServer{2}{role=FOLLOWER} - Received AppendRequest{term=1, leader=1, prevLogIndex=43, prevLogTerm=1, entries=0, commitIndex=43}
00:27:50.938 [raft-server-3] TRACE i.a.p.raft.roles.FollowerRole - RaftServer{3}{role=FOLLOWER} - Committed entries up to index 43
00:27:50.938 [raft-server-1-state] TRACE i.a.p.raft.impl.RaftServiceManager - RaftServer{1} - Applying Indexed{index=43, entry=CommandEntry{term=1, timestamp=2018-06-10 12:27:50,832, session=2, sequence=36, operation=PrimitiveOperation{id=DefaultOperationId{id=write, type=COMMAND}, value=byte[]{length=17, hash=-1644578928}}}}
00:27:50.938 [raft-server-3] TRACE i.a.p.raft.roles.FollowerRole - RaftServer{3}{role=FOLLOWER} - Sending AppendResponse{status=OK, term=1, succeeded=true, lastLogIndex=43}
00:27:50.938 [raft-server-1-state] TRACE i.a.p.s.impl.DefaultServiceExecutor - PrimitiveService{2}{type=io.atomix.protocols.raft.RaftTest$TestPrimitiveType@f170389, name=raft-test} - Executing DefaultCommit{index=43, session=RaftSession{RaftServiceContext{server=1, type=io.atomix.protocols.raft.RaftTest$TestPrimitiveType@f170389, name=raft-test, id=2}, session=2, timestamp=2018-06-10 12:27:50,832}, time=2018-06-10 12:27:50,832, operation=DefaultOperationId{id=write, type=COMMAND}, value=byte[]{length=17, hash=-1644578928}}
00:27:50.938 [raft-server-1] TRACE i.a.p.raft.roles.LeaderAppender - RaftServer{1} - Received AppendResponse{status=OK, term=1, succeeded=true, lastLogIndex=43} from 3
00:27:50.938 [raft-server-1-state] TRACE i.a.protocols.raft.roles.LeaderRole - RaftServer{1}{role=LEADER} - Sending CommandResponse{status=OK, index=43, eventIndex=2, result=byte[]{length=2, hash=1326}}
00:27:50.938 [raft-server-3-state] TRACE i.a.p.raft.impl.RaftServiceManager - RaftServer{3} - Applying Indexed{index=43, entry=CommandEntry{term=1, timestamp=2018-06-10 12:27:50,832, session=2, sequence=36, operation=PrimitiveOperation{id=DefaultOperationId{id=write, type=COMMAND}, value=byte[]{length=17, hash=-1644578928}}}}
00:27:50.938 [raft-server-1] TRACE i.a.p.raft.roles.LeaderAppender - RaftServer{1} - Sending AppendRequest{term=1, leader=1, prevLogIndex=43, prevLogTerm=1, entries=0, commitIndex=43} to 3
00:27:50.938 [raft-client-1f73cd99-b88c-4b59-9944-86684dacc85c-6] TRACE i.a.p.r.s.impl.RaftSessionConnection - SessionClient{2}{type=io.atomix.protocols.raft.RaftTest$TestPrimitiveType@7d0100ea, name=raft-test} - Received CommandResponse{status=OK, index=43, eventIndex=2, result=byte[]{length=2, hash=1326}} from 1
00:27:50.938 [raft-server-3-state] TRACE i.a.p.s.impl.DefaultServiceExecutor - PrimitiveService{2}{type=io.atomix.protocols.raft.RaftTest$TestPrimitiveType@192b3940, name=raft-test} - Executing DefaultCommit{index=43, session=RaftSession{RaftServiceContext{server=3, type=io.atomix.protocols.raft.RaftTest$TestPrimitiveType@192b3940, name=raft-test, id=2}, session=2, timestamp=2018-06-10 12:27:50,832}, time=2018-06-10 12:27:50,832, operation=DefaultOperationId{id=write, type=COMMAND}, value=byte[]{length=17, hash=-1644578928}}
00:27:50.938 [raft-server-3] TRACE i.a.p.raft.roles.FollowerRole - RaftServer{3}{role=FOLLOWER} - Received AppendRequest{term=1, leader=1, prevLogIndex=43, prevLogTerm=1, entries=0, commitIndex=43}
00:27:50.938 [raft-client-1f73cd99-b88c-4b59-9944-86684dacc85c-6] TRACE i.a.p.r.s.impl.RaftSessionSequencer - SessionClient{2}{type=io.atomix.protocols.raft.RaftTest$TestPrimitiveType@7d0100ea, name=raft-test} - Completing response CommandResponse{status=OK, index=43, eventIndex=2, result=byte[]{length=2, hash=1326}}
00:27:50.939 [raft-server-3] TRACE i.a.p.raft.roles.FollowerRole - RaftServer{3}{role=FOLLOWER} - Sending AppendResponse{status=OK, term=1, succeeded=true, lastLogIndex=43}
00:27:50.939 [raft-server-1] TRACE i.a.p.raft.roles.LeaderAppender - RaftServer{1} - Received AppendResponse{status=OK, term=1, succeeded=true, lastLogIndex=43} from 3
00:27:50.939 [raft-client-1f73cd99-b88c-4b59-9944-86684dacc85c-7] TRACE i.a.p.r.s.impl.RaftSessionConnection - SessionClient{2}{type=io.atomix.protocols.raft.RaftTest$TestPrimitiveType@7d0100ea, name=raft-test} - Sending CommandRequest{session=2, sequence=37, operation=PrimitiveOperation{id=DefaultOperationId{id=write, type=COMMAND}, value=byte[]{length=17, hash=-1644578928}}} to 1
00:27:50.939 [raft-server-1] TRACE i.a.p.raft.roles.LeaderAppender - RaftServer{1} - Sending AppendRequest{term=1, leader=1, prevLogIndex=43, prevLogTerm=1, entries=0, commitIndex=43} to 3
00:27:50.939 [raft-server-1] TRACE i.a.protocols.raft.roles.LeaderRole - RaftServer{1}{role=LEADER} - Received CommandRequest{session=2, sequence=37, operation=PrimitiveOperation{id=DefaultOperationId{id=write, type=COMMAND}, value=byte[]{length=17, hash=-1644578928}}}
00:27:50.939 [raft-server-3] TRACE i.a.p.raft.roles.FollowerRole - RaftServer{3}{role=FOLLOWER} - Received AppendRequest{term=1, leader=1, prevLogIndex=43, prevLogTerm=1, entries=0, commitIndex=43}
00:27:50.939 [raft-server-3] TRACE i.a.p.raft.roles.FollowerRole - RaftServer{3}{role=FOLLOWER} - Sending AppendResponse{status=OK, term=1, succeeded=true, lastLogIndex=43}
00:27:50.939 [raft-server-1] TRACE i.a.protocols.raft.roles.LeaderRole - RaftServer{1}{role=LEADER} - Appended Indexed{index=44, entry=CommandEntry{term=1, timestamp=2018-06-10 12:27:50,939, session=2, sequence=37, operation=PrimitiveOperation{id=DefaultOperationId{id=write, type=COMMAND}, value=byte[]{length=17, hash=-1644578928}}}}
00:27:50.939 [raft-server-1] TRACE i.a.p.raft.roles.LeaderAppender - RaftServer{1} - Received AppendResponse{status=OK, term=1, succeeded=true, lastLogIndex=43} from 3
00:27:50.939 [raft-server-1] TRACE i.a.p.raft.roles.LeaderAppender - RaftServer{1} - Sending AppendRequest{term=1, leader=1, prevLogIndex=43, prevLogTerm=1, entries=1, commitIndex=43} to 3
00:27:50.939 [raft-server-3] TRACE i.a.p.raft.roles.FollowerRole - RaftServer{3}{role=FOLLOWER} - Received AppendRequest{term=1, leader=1, prevLogIndex=43, prevLogTerm=1, entries=1, commitIndex=43}
00:27:50.939 [raft-server-3] TRACE i.a.p.raft.roles.FollowerRole - RaftServer{3}{role=FOLLOWER} - Appended Indexed{index=44, entry=CommandEntry{term=1, timestamp=2018-06-10 12:27:50,939, session=2, sequence=37, operation=PrimitiveOperation{id=DefaultOperationId{id=write, type=COMMAND}, value=byte[]{length=17, hash=-1644578928}}}}
00:27:50.940 [raft-server-3] TRACE i.a.p.raft.roles.FollowerRole - RaftServer{3}{role=FOLLOWER} - Sending AppendResponse{status=OK, term=1, succeeded=true, lastLogIndex=44}
00:27:50.940 [raft-server-1] TRACE i.a.p.raft.roles.LeaderAppender - RaftServer{1} - Received AppendResponse{status=OK, term=1, succeeded=true, lastLogIndex=44} from 3
00:27:50.940 [raft-server-1] TRACE i.a.p.raft.roles.LeaderAppender - RaftServer{1} - Committed entries up to 44
00:27:50.972 [raft-server-2] TRACE i.a.p.raft.roles.FollowerRole - RaftServer{2}{role=FOLLOWER} - Committed entries up to index 43
00:27:50.972 [raft-server-2] TRACE i.a.p.raft.roles.FollowerRole - RaftServer{2}{role=FOLLOWER} - Sending AppendResponse{status=OK, term=1, succeeded=true, lastLogIndex=43}
00:27:50.972 [raft-server-2-state] TRACE i.a.p.raft.impl.RaftServiceManager - RaftServer{2} - Applying Indexed{index=43, entry=CommandEntry{term=1, timestamp=2018-06-10 12:27:50,832, session=2, sequence=36, operation=PrimitiveOperation{id=DefaultOperationId{id=write, type=COMMAND}, value=byte[]{length=17, hash=-1644578928}}}}
00:27:50.973 [raft-server-2-state] TRACE i.a.p.s.impl.DefaultServiceExecutor - PrimitiveService{2}{type=io.atomix.protocols.raft.RaftTest$TestPrimitiveType@68be9fc, name=raft-test} - Executing DefaultCommit{index=43, session=RaftSession{RaftServiceContext{server=2, type=io.atomix.protocols.raft.RaftTest$TestPrimitiveType@68be9fc, name=raft-test, id=2}, session=2, timestamp=2018-06-10 12:27:50,832}, time=2018-06-10 12:27:50,832, operation=DefaultOperationId{id=write, type=COMMAND}, value=byte[]{length=17, hash=-1644578928}}
00:27:50.997 [raft-server-1] TRACE i.a.p.raft.roles.LeaderAppender - RaftServer{1} - Received AppendResponse{status=OK, term=1, succeeded=true, lastLogIndex=43} from 2
00:27:50.997 [raft-server-1] TRACE i.a.p.raft.roles.LeaderAppender - RaftServer{1} - Sending AppendRequest{term=1, leader=1, prevLogIndex=43, prevLogTerm=1, entries=1, commitIndex=44} to 2
00:27:50.998 [raft-server-2] TRACE i.a.p.raft.roles.FollowerRole - RaftServer{2}{role=FOLLOWER} - Received AppendRequest{term=1, leader=1, prevLogIndex=43, prevLogTerm=1, entries=1, commitIndex=44}
00:27:50.998 [raft-server-1-state] TRACE i.a.p.raft.impl.RaftServiceManager - RaftServer{1} - Applying Indexed{index=44, entry=CommandEntry{term=1, timestamp=2018-06-10 12:27:50,939, session=2, sequence=37, operation=PrimitiveOperation{id=DefaultOperationId{id=write, type=COMMAND}, value=byte[]{length=17, hash=-1644578928}}}}
00:27:50.998 [raft-server-1-state] TRACE i.a.p.s.impl.DefaultServiceExecutor - PrimitiveService{2}{type=io.atomix.protocols.raft.RaftTest$TestPrimitiveType@f170389, name=raft-test} - Executing DefaultCommit{index=44, session=RaftSession{RaftServiceContext{server=1, type=io.atomix.protocols.raft.RaftTest$TestPrimitiveType@f170389, name=raft-test, id=2}, session=2, timestamp=2018-06-10 12:27:50,939}, time=2018-06-10 12:27:50,939, operation=DefaultOperationId{id=write, type=COMMAND}, value=byte[]{length=17, hash=-1644578928}}
00:27:50.998 [raft-server-2] TRACE i.a.p.raft.roles.FollowerRole - RaftServer{2}{role=FOLLOWER} - Appended Indexed{index=44, entry=CommandEntry{term=1, timestamp=2018-06-10 12:27:50,939, session=2, sequence=37, operation=PrimitiveOperation{id=DefaultOperationId{id=write, type=COMMAND}, value=byte[]{length=17, hash=-1644578928}}}}
00:27:50.998 [raft-server-1-state] TRACE i.a.protocols.raft.roles.LeaderRole - RaftServer{1}{role=LEADER} - Sending CommandResponse{status=OK, index=44, eventIndex=2, result=byte[]{length=2, hash=1328}}
00:27:50.998 [raft-client-1f73cd99-b88c-4b59-9944-86684dacc85c-5] TRACE i.a.p.r.s.impl.RaftSessionConnection - SessionClient{2}{type=io.atomix.protocols.raft.RaftTest$TestPrimitiveType@7d0100ea, name=raft-test} - Received CommandResponse{status=OK, index=44, eventIndex=2, result=byte[]{length=2, hash=1328}} from 1
00:27:50.998 [raft-client-1f73cd99-b88c-4b59-9944-86684dacc85c-5] TRACE i.a.p.r.s.impl.RaftSessionSequencer - SessionClient{2}{type=io.atomix.protocols.raft.RaftTest$TestPrimitiveType@7d0100ea, name=raft-test} - Completing response CommandResponse{status=OK, index=44, eventIndex=2, result=byte[]{length=2, hash=1328}}
00:27:50.998 [raft-client-1f73cd99-b88c-4b59-9944-86684dacc85c-5] TRACE i.a.p.r.s.impl.RaftSessionConnection - SessionClient{2}{type=io.atomix.protocols.raft.RaftTest$TestPrimitiveType@7d0100ea, name=raft-test} - Sending CommandRequest{session=2, sequence=38, operation=PrimitiveOperation{id=DefaultOperationId{id=write, type=COMMAND}, value=byte[]{length=17, hash=-1644578928}}} to 1
00:27:50.998 [raft-server-1] TRACE i.a.protocols.raft.roles.LeaderRole - RaftServer{1}{role=LEADER} - Received CommandRequest{session=2, sequence=38, operation=PrimitiveOperation{id=DefaultOperationId{id=write, type=COMMAND}, value=byte[]{length=17, hash=-1644578928}}}
00:27:50.999 [raft-server-1] TRACE i.a.protocols.raft.roles.LeaderRole - RaftServer{1}{role=LEADER} - Appended Indexed{index=45, entry=CommandEntry{term=1, timestamp=2018-06-10 12:27:50,998, session=2, sequence=38, operation=PrimitiveOperation{id=DefaultOperationId{id=write, type=COMMAND}, value=byte[]{length=17, hash=-1644578928}}}}
00:27:50.999 [raft-server-1] TRACE i.a.p.raft.roles.LeaderAppender - RaftServer{1} - Sending AppendRequest{term=1, leader=1, prevLogIndex=44, prevLogTerm=1, entries=1, commitIndex=44} to 3
00:27:50.999 [raft-server-3] TRACE i.a.p.raft.roles.FollowerRole - RaftServer{3}{role=FOLLOWER} - Received AppendRequest{term=1, leader=1, prevLogIndex=44, prevLogTerm=1, entries=1, commitIndex=44}
00:27:50.999 [raft-server-3] TRACE i.a.p.raft.roles.FollowerRole - RaftServer{3}{role=FOLLOWER} - Appended Indexed{index=45, entry=CommandEntry{term=1, timestamp=2018-06-10 12:27:50,998, session=2, sequence=38, operation=PrimitiveOperation{id=DefaultOperationId{id=write, type=COMMAND}, value=byte[]{length=17, hash=-1644578928}}}}
00:27:51.046 [raft-server-2] TRACE i.a.p.raft.roles.FollowerRole - RaftServer{2}{role=FOLLOWER} - Committed entries up to index 44
00:27:51.046 [raft-server-2] TRACE i.a.p.raft.roles.FollowerRole - RaftServer{2}{role=FOLLOWER} - Sending AppendResponse{status=OK, term=1, succeeded=true, lastLogIndex=44}
00:27:51.046 [raft-server-1] TRACE i.a.p.raft.roles.LeaderAppender - RaftServer{1} - Received AppendResponse{status=OK, term=1, succeeded=true, lastLogIndex=44} from 2
00:27:51.046 [raft-server-2-state] TRACE i.a.p.raft.impl.RaftServiceManager - RaftServer{2} - Applying Indexed{index=44, entry=CommandEntry{term=1, timestamp=2018-06-10 12:27:50,939, session=2, sequence=37, operation=PrimitiveOperation{id=DefaultOperationId{id=write, type=COMMAND}, value=byte[]{length=17, hash=-1644578928}}}}
00:27:51.046 [raft-server-1] TRACE i.a.p.raft.roles.LeaderAppender - RaftServer{1} - Sending AppendRequest{term=1, leader=1, prevLogIndex=44, prevLogTerm=1, entries=1, commitIndex=44} to 2
00:27:51.046 [raft-server-2-state] TRACE i.a.p.s.impl.DefaultServiceExecutor - PrimitiveService{2}{type=io.atomix.protocols.raft.RaftTest$TestPrimitiveType@68be9fc, name=raft-test} - Executing DefaultCommit{index=44, session=RaftSession{RaftServiceContext{server=2, type=io.atomix.protocols.raft.RaftTest$TestPrimitiveType@68be9fc, name=raft-test, id=2}, session=2, timestamp=2018-06-10 12:27:50,939}, time=2018-06-10 12:27:50,939, operation=DefaultOperationId{id=write, type=COMMAND}, value=byte[]{length=17, hash=-1644578928}}
00:27:51.046 [raft-server-2] TRACE i.a.p.raft.roles.FollowerRole - RaftServer{2}{role=FOLLOWER} - Received AppendRequest{term=1, leader=1, prevLogIndex=44, prevLogTerm=1, entries=1, commitIndex=44}
00:27:51.046 [raft-server-2] TRACE i.a.p.raft.roles.FollowerRole - RaftServer{2}{role=FOLLOWER} - Appended Indexed{index=45, entry=CommandEntry{term=1, timestamp=2018-06-10 12:27:50,998, session=2, sequence=38, operation=PrimitiveOperation{id=DefaultOperationId{id=write, type=COMMAND}, value=byte[]{length=17, hash=-1644578928}}}}
00:27:51.047 [raft-server-2] TRACE i.a.p.raft.roles.FollowerRole - RaftServer{2}{role=FOLLOWER} - Sending AppendResponse{status=OK, term=1, succeeded=true, lastLogIndex=45}
00:27:51.047 [raft-server-1] TRACE i.a.p.raft.roles.LeaderAppender - RaftServer{1} - Received AppendResponse{status=OK, term=1, succeeded=true, lastLogIndex=45} from 2
00:27:51.047 [raft-server-1] TRACE i.a.p.raft.roles.LeaderAppender - RaftServer{1} - Committed entries up to 45
00:27:51.079 [raft-server-3] TRACE i.a.p.raft.roles.FollowerRole - RaftServer{3}{role=FOLLOWER} - Committed entries up to index 44
00:27:51.079 [raft-server-3] TRACE i.a.p.raft.roles.FollowerRole - RaftServer{3}{role=FOLLOWER} - Sending AppendResponse{status=OK, term=1, succeeded=true, lastLogIndex=45}
00:27:51.079 [raft-server-3-state] TRACE i.a.p.raft.impl.RaftServiceManager - RaftServer{3} - Applying Indexed{index=44, entry=CommandEntry{term=1, timestamp=2018-06-10 12:27:50,939, session=2, sequence=37, operation=PrimitiveOperation{id=DefaultOperationId{id=write, type=COMMAND}, value=byte[]{length=17, hash=-1644578928}}}}
00:27:51.080 [raft-server-3-state] TRACE i.a.p.s.impl.DefaultServiceExecutor - PrimitiveService{2}{type=io.atomix.protocols.raft.RaftTest$TestPrimitiveType@192b3940, name=raft-test} - Executing DefaultCommit{index=44, session=RaftSession{RaftServiceContext{server=3, type=io.atomix.protocols.raft.RaftTest$TestPrimitiveType@192b3940, name=raft-test, id=2}, session=2, timestamp=2018-06-10 12:27:50,939}, time=2018-06-10 12:27:50,939, operation=DefaultOperationId{id=write, type=COMMAND}, value=byte[]{length=17, hash=-1644578928}}
00:27:51.129 [raft-server-1] TRACE i.a.p.raft.roles.LeaderAppender - RaftServer{1} - Received AppendResponse{status=OK, term=1, succeeded=true, lastLogIndex=45} from 3
00:27:51.129 [raft-server-1-state] TRACE i.a.p.raft.impl.RaftServiceManager - RaftServer{1} - Applying Indexed{index=45, entry=CommandEntry{term=1, timestamp=2018-06-10 12:27:50,998, session=2, sequence=38, operation=PrimitiveOperation{id=DefaultOperationId{id=write, type=COMMAND}, value=byte[]{length=17, hash=-1644578928}}}}
00:27:51.129 [raft-server-1-state] TRACE i.a.p.s.impl.DefaultServiceExecutor - PrimitiveService{2}{type=io.atomix.protocols.raft.RaftTest$TestPrimitiveType@f170389, name=raft-test} - Executing DefaultCommit{index=45, session=RaftSession{RaftServiceContext{server=1, type=io.atomix.protocols.raft.RaftTest$TestPrimitiveType@f170389, name=raft-test, id=2}, session=2, timestamp=2018-06-10 12:27:50,998}, time=2018-06-10 12:27:50,998, operation=DefaultOperationId{id=write, type=COMMAND}, value=byte[]{length=17, hash=-1644578928}}
00:27:51.130 [raft-server-1-state] TRACE i.a.protocols.raft.roles.LeaderRole - RaftServer{1}{role=LEADER} - Sending CommandResponse{status=OK, index=45, eventIndex=2, result=byte[]{length=2, hash=1330}}
00:27:51.130 [raft-client-1f73cd99-b88c-4b59-9944-86684dacc85c-2] TRACE i.a.p.r.s.impl.RaftSessionConnection - SessionClient{2}{type=io.atomix.protocols.raft.RaftTest$TestPrimitiveType@7d0100ea, name=raft-test} - Received CommandResponse{status=OK, index=45, eventIndex=2, result=byte[]{length=2, hash=1330}} from 1
00:27:51.130 [raft-client-1f73cd99-b88c-4b59-9944-86684dacc85c-2] TRACE i.a.p.r.s.impl.RaftSessionSequencer - SessionClient{2}{type=io.atomix.protocols.raft.RaftTest$TestPrimitiveType@7d0100ea, name=raft-test} - Completing response CommandResponse{status=OK, index=45, eventIndex=2, result=byte[]{length=2, hash=1330}}
00:27:51.130 [raft-client-1f73cd99-b88c-4b59-9944-86684dacc85c-2] TRACE i.a.p.r.s.impl.RaftSessionConnection - SessionClient{2}{type=io.atomix.protocols.raft.RaftTest$TestPrimitiveType@7d0100ea, name=raft-test} - Sending CommandRequest{session=2, sequence=39, operation=PrimitiveOperation{id=DefaultOperationId{id=write, type=COMMAND}, value=byte[]{length=17, hash=-1644578928}}} to 1
00:27:51.130 [raft-server-1] TRACE i.a.protocols.raft.roles.LeaderRole - RaftServer{1}{role=LEADER} - Received CommandRequest{session=2, sequence=39, operation=PrimitiveOperation{id=DefaultOperationId{id=write, type=COMMAND}, value=byte[]{length=17, hash=-1644578928}}}
00:27:51.130 [raft-server-1] TRACE i.a.protocols.raft.roles.LeaderRole - RaftServer{1}{role=LEADER} - Appended Indexed{index=46, entry=CommandEntry{term=1, timestamp=2018-06-10 12:27:51,130, session=2, sequence=39, operation=PrimitiveOperation{id=DefaultOperationId{id=write, type=COMMAND}, value=byte[]{length=17, hash=-1644578928}}}}
00:27:51.130 [raft-server-1] TRACE i.a.p.raft.roles.LeaderAppender - RaftServer{1} - Sending AppendRequest{term=1, leader=1, prevLogIndex=45, prevLogTerm=1, entries=1, commitIndex=45} to 3
00:27:51.130 [raft-server-1] TRACE i.a.p.raft.roles.LeaderAppender - RaftServer{1} - Sending AppendRequest{term=1, leader=1, prevLogIndex=45, prevLogTerm=1, entries=1, commitIndex=45} to 2
00:27:51.130 [raft-server-3] TRACE i.a.p.raft.roles.FollowerRole - RaftServer{3}{role=FOLLOWER} - Received AppendRequest{term=1, leader=1, prevLogIndex=45, prevLogTerm=1, entries=1, commitIndex=45}
00:27:51.131 [raft-server-2] TRACE i.a.p.raft.roles.FollowerRole - RaftServer{2}{role=FOLLOWER} - Received AppendRequest{term=1, leader=1, prevLogIndex=45, prevLogTerm=1, entries=1, commitIndex=45}
00:27:51.131 [raft-server-3] TRACE i.a.p.raft.roles.FollowerRole - RaftServer{3}{role=FOLLOWER} - Appended Indexed{index=46, entry=CommandEntry{term=1, timestamp=2018-06-10 12:27:51,130, session=2, sequence=39, operation=PrimitiveOperation{id=DefaultOperationId{id=write, type=COMMAND}, value=byte[]{length=17, hash=-1644578928}}}}
00:27:51.131 [raft-server-2] TRACE i.a.p.raft.roles.FollowerRole - RaftServer{2}{role=FOLLOWER} - Appended Indexed{index=46, entry=CommandEntry{term=1, timestamp=2018-06-10 12:27:51,130, session=2, sequence=39, operation=PrimitiveOperation{id=DefaultOperationId{id=write, type=COMMAND}, value=byte[]{length=17, hash=-1644578928}}}}
00:27:51.181 [raft-server-3] TRACE i.a.p.raft.roles.FollowerRole - RaftServer{3}{role=FOLLOWER} - Committed entries up to index 45
00:27:51.181 [raft-server-2] TRACE i.a.p.raft.roles.FollowerRole - RaftServer{2}{role=FOLLOWER} - Committed entries up to index 45
00:27:51.181 [raft-server-3] TRACE i.a.p.raft.roles.FollowerRole - RaftServer{3}{role=FOLLOWER} - Sending AppendResponse{status=OK, term=1, succeeded=true, lastLogIndex=46}
00:27:51.181 [raft-server-2] TRACE i.a.p.raft.roles.FollowerRole - RaftServer{2}{role=FOLLOWER} - Sending AppendResponse{status=OK, term=1, succeeded=true, lastLogIndex=46}
00:27:51.181 [raft-server-3-state] TRACE i.a.p.raft.impl.RaftServiceManager - RaftServer{3} - Applying Indexed{index=45, entry=CommandEntry{term=1, timestamp=2018-06-10 12:27:50,998, session=2, sequence=38, operation=PrimitiveOperation{id=DefaultOperationId{id=write, type=COMMAND}, value=byte[]{length=17, hash=-1644578928}}}}
00:27:51.181 [raft-server-2-state] TRACE i.a.p.raft.impl.RaftServiceManager - RaftServer{2} - Applying Indexed{index=45, entry=CommandEntry{term=1, timestamp=2018-06-10 12:27:50,998, session=2, sequence=38, operation=PrimitiveOperation{id=DefaultOperationId{id=write, type=COMMAND}, value=byte[]{length=17, hash=-1644578928}}}}
00:27:51.181 [raft-server-3-state] TRACE i.a.p.s.impl.DefaultServiceExecutor - PrimitiveService{2}{type=io.atomix.protocols.raft.RaftTest$TestPrimitiveType@192b3940, name=raft-test} - Executing DefaultCommit{index=45, session=RaftSession{RaftServiceContext{server=3, type=io.atomix.protocols.raft.RaftTest$TestPrimitiveType@192b3940, name=raft-test, id=2}, session=2, timestamp=2018-06-10 12:27:50,998}, time=2018-06-10 12:27:50,998, operation=DefaultOperationId{id=write, type=COMMAND}, value=byte[]{length=17, hash=-1644578928}}
00:27:51.181 [raft-server-2-state] TRACE i.a.p.s.impl.DefaultServiceExecutor - PrimitiveService{2}{type=io.atomix.protocols.raft.RaftTest$TestPrimitiveType@68be9fc, name=raft-test} - Executing DefaultCommit{index=45, session=RaftSession{RaftServiceContext{server=2, type=io.atomix.protocols.raft.RaftTest$TestPrimitiveType@68be9fc, name=raft-test, id=2}, session=2, timestamp=2018-06-10 12:27:50,998}, time=2018-06-10 12:27:50,998, operation=DefaultOperationId{id=write, type=COMMAND}, value=byte[]{length=17, hash=-1644578928}}
00:27:51.181 [raft-server-1] TRACE i.a.p.raft.roles.LeaderAppender - RaftServer{1} - Received AppendResponse{status=OK, term=1, succeeded=true, lastLogIndex=46} from 3
00:27:51.181 [raft-server-1] TRACE i.a.p.raft.roles.LeaderAppender - RaftServer{1} - Committed entries up to 46
00:27:51.214 [raft-server-1] TRACE i.a.p.raft.roles.LeaderAppender - RaftServer{1} - Sending AppendRequest{term=1, leader=1, prevLogIndex=46, prevLogTerm=1, entries=0, commitIndex=46} to 3
00:27:51.214 [raft-server-1] TRACE i.a.p.raft.roles.LeaderAppender - RaftServer{1} - Received AppendResponse{status=OK, term=1, succeeded=true, lastLogIndex=46} from 2
00:27:51.214 [raft-server-1] TRACE i.a.p.raft.roles.LeaderAppender - RaftServer{1} - Sending AppendRequest{term=1, leader=1, prevLogIndex=46, prevLogTerm=1, entries=0, commitIndex=46} to 2
00:27:51.214 [raft-server-3] TRACE i.a.p.raft.roles.FollowerRole - RaftServer{3}{role=FOLLOWER} - Received AppendRequest{term=1, leader=1, prevLogIndex=46, prevLogTerm=1, entries=0, commitIndex=46}
00:27:51.214 [raft-server-2] TRACE i.a.p.raft.roles.FollowerRole - RaftServer{2}{role=FOLLOWER} - Received AppendRequest{term=1, leader=1, prevLogIndex=46, prevLogTerm=1, entries=0, commitIndex=46}
00:27:51.214 [raft-server-1-state] TRACE i.a.p.raft.impl.RaftServiceManager - RaftServer{1} - Applying Indexed{index=46, entry=CommandEntry{term=1, timestamp=2018-06-10 12:27:51,130, session=2, sequence=39, operation=PrimitiveOperation{id=DefaultOperationId{id=write, type=COMMAND}, value=byte[]{length=17, hash=-1644578928}}}}
00:27:51.214 [raft-server-2] TRACE i.a.p.raft.roles.FollowerRole - RaftServer{2}{role=FOLLOWER} - Committed entries up to index 46
00:27:51.214 [raft-server-2] TRACE i.a.p.raft.roles.FollowerRole - RaftServer{2}{role=FOLLOWER} - Sending AppendResponse{status=OK, term=1, succeeded=true, lastLogIndex=46}
00:27:51.214 [raft-server-1-state] TRACE i.a.p.s.impl.DefaultServiceExecutor - PrimitiveService{2}{type=io.atomix.protocols.raft.RaftTest$TestPrimitiveType@f170389, name=raft-test} - Executing DefaultCommit{index=46, session=RaftSession{RaftServiceContext{server=1, type=io.atomix.protocols.raft.RaftTest$TestPrimitiveType@f170389, name=raft-test, id=2}, session=2, timestamp=2018-06-10 12:27:51,130}, time=2018-06-10 12:27:51,130, operation=DefaultOperationId{id=write, type=COMMAND}, value=byte[]{length=17, hash=-1644578928}}
00:27:51.215 [raft-server-1] TRACE i.a.p.raft.roles.LeaderAppender - RaftServer{1} - Received AppendResponse{status=OK, term=1, succeeded=true, lastLogIndex=46} from 2
00:27:51.215 [raft-server-2-state] TRACE i.a.p.raft.impl.RaftServiceManager - RaftServer{2} - Applying Indexed{index=46, entry=CommandEntry{term=1, timestamp=2018-06-10 12:27:51,130, session=2, sequence=39, operation=PrimitiveOperation{id=DefaultOperationId{id=write, type=COMMAND}, value=byte[]{length=17, hash=-1644578928}}}}
00:27:51.215 [raft-server-1-state] TRACE i.a.protocols.raft.roles.LeaderRole - RaftServer{1}{role=LEADER} - Sending CommandResponse{status=OK, index=46, eventIndex=2, result=byte[]{length=2, hash=1332}}
00:27:51.215 [raft-server-2-state] TRACE i.a.p.s.impl.DefaultServiceExecutor - PrimitiveService{2}{type=io.atomix.protocols.raft.RaftTest$TestPrimitiveType@68be9fc, name=raft-test} - Executing DefaultCommit{index=46, session=RaftSession{RaftServiceContext{server=2, type=io.atomix.protocols.raft.RaftTest$TestPrimitiveType@68be9fc, name=raft-test, id=2}, session=2, timestamp=2018-06-10 12:27:51,130}, time=2018-06-10 12:27:51,130, operation=DefaultOperationId{id=write, type=COMMAND}, value=byte[]{length=17, hash=-1644578928}}
00:27:51.215 [raft-client-1f73cd99-b88c-4b59-9944-86684dacc85c-0] TRACE i.a.p.r.s.impl.RaftSessionConnection - SessionClient{2}{type=io.atomix.protocols.raft.RaftTest$TestPrimitiveType@7d0100ea, name=raft-test} - Received CommandResponse{status=OK, index=46, eventIndex=2, result=byte[]{length=2, hash=1332}} from 1
00:27:51.215 [raft-client-1f73cd99-b88c-4b59-9944-86684dacc85c-0] TRACE i.a.p.r.s.impl.RaftSessionSequencer - SessionClient{2}{type=io.atomix.protocols.raft.RaftTest$TestPrimitiveType@7d0100ea, name=raft-test} - Completing response CommandResponse{status=OK, index=46, eventIndex=2, result=byte[]{length=2, hash=1332}}
00:27:51.215 [raft-client-1f73cd99-b88c-4b59-9944-86684dacc85c-4] TRACE i.a.p.r.s.impl.RaftSessionConnection - SessionClient{2}{type=io.atomix.protocols.raft.RaftTest$TestPrimitiveType@7d0100ea, name=raft-test} - Sending CommandRequest{session=2, sequence=40, operation=PrimitiveOperation{id=DefaultOperationId{id=write, type=COMMAND}, value=byte[]{length=17, hash=-1644578928}}} to 1
00:27:51.215 [raft-server-1] TRACE i.a.protocols.raft.roles.LeaderRole - RaftServer{1}{role=LEADER} - Received CommandRequest{session=2, sequence=40, operation=PrimitiveOperation{id=DefaultOperationId{id=write, type=COMMAND}, value=byte[]{length=17, hash=-1644578928}}}
00:27:51.215 [raft-server-1] TRACE i.a.protocols.raft.roles.LeaderRole - RaftServer{1}{role=LEADER} - Appended Indexed{index=47, entry=CommandEntry{term=1, timestamp=2018-06-10 12:27:51,215, session=2, sequence=40, operation=PrimitiveOperation{id=DefaultOperationId{id=write, type=COMMAND}, value=byte[]{length=17, hash=-1644578928}}}}
00:27:51.215 [raft-server-1] TRACE i.a.p.raft.roles.LeaderAppender - RaftServer{1} - Sending AppendRequest{term=1, leader=1, prevLogIndex=46, prevLogTerm=1, entries=1, commitIndex=46} to 2
00:27:51.216 [raft-server-2] TRACE i.a.p.raft.roles.FollowerRole - RaftServer{2}{role=FOLLOWER} - Received AppendRequest{term=1, leader=1, prevLogIndex=46, prevLogTerm=1, entries=1, commitIndex=46}
00:27:51.216 [raft-server-2] TRACE i.a.p.raft.roles.FollowerRole - RaftServer{2}{role=FOLLOWER} - Appended Indexed{index=47, entry=CommandEntry{term=1, timestamp=2018-06-10 12:27:51,215, session=2, sequence=40, operation=PrimitiveOperation{id=DefaultOperationId{id=write, type=COMMAND}, value=byte[]{length=17, hash=-1644578928}}}}
00:27:51.216 [raft-server-2] TRACE i.a.p.raft.roles.FollowerRole - RaftServer{2}{role=FOLLOWER} - Sending AppendResponse{status=OK, term=1, succeeded=true, lastLogIndex=47}
00:27:51.216 [raft-server-1] TRACE i.a.p.raft.roles.LeaderAppender - RaftServer{1} - Received AppendResponse{status=OK, term=1, succeeded=true, lastLogIndex=47} from 2
00:27:51.216 [raft-server-1] TRACE i.a.p.raft.roles.LeaderAppender - RaftServer{1} - Committed entries up to 47
00:27:51.256 [raft-server-3] TRACE i.a.p.raft.roles.FollowerRole - RaftServer{3}{role=FOLLOWER} - Committed entries up to index 46
00:27:51.256 [raft-server-3] TRACE i.a.p.raft.roles.FollowerRole - RaftServer{3}{role=FOLLOWER} - Sending AppendResponse{status=OK, term=1, succeeded=true, lastLogIndex=46}
00:27:51.256 [raft-server-3-state] TRACE i.a.p.raft.impl.RaftServiceManager - RaftServer{3} - Applying Indexed{index=46, entry=CommandEntry{term=1, timestamp=2018-06-10 12:27:51,130, session=2, sequence=39, operation=PrimitiveOperation{id=DefaultOperationId{id=write, type=COMMAND}, value=byte[]{length=17, hash=-1644578928}}}}
00:27:51.256 [raft-server-3-state] TRACE i.a.p.s.impl.DefaultServiceExecutor - PrimitiveService{2}{type=io.atomix.protocols.raft.RaftTest$TestPrimitiveType@192b3940, name=raft-test} - Executing DefaultCommit{index=46, session=RaftSession{RaftServiceContext{server=3, type=io.atomix.protocols.raft.RaftTest$TestPrimitiveType@192b3940, name=raft-test, id=2}, session=2, timestamp=2018-06-10 12:27:51,130}, time=2018-06-10 12:27:51,130, operation=DefaultOperationId{id=write, type=COMMAND}, value=byte[]{length=17, hash=-1644578928}}
00:27:51.289 [raft-server-1] TRACE i.a.p.raft.roles.LeaderAppender - RaftServer{1} - Received AppendResponse{status=OK, term=1, succeeded=true, lastLogIndex=46} from 3
00:27:51.289 [raft-server-1] TRACE i.a.p.raft.roles.LeaderAppender - RaftServer{1} - Sending AppendRequest{term=1, leader=1, prevLogIndex=46, prevLogTerm=1, entries=1, commitIndex=47} to 3
00:27:51.289 [raft-server-3] TRACE i.a.p.raft.roles.FollowerRole - RaftServer{3}{role=FOLLOWER} - Received AppendRequest{term=1, leader=1, prevLogIndex=46, prevLogTerm=1, entries=1, commitIndex=47}
00:27:51.289 [raft-server-1-state] TRACE i.a.p.raft.impl.RaftServiceManager - RaftServer{1} - Applying Indexed{index=47, entry=CommandEntry{term=1, timestamp=2018-06-10 12:27:51,215, session=2, sequence=40, operation=PrimitiveOperation{id=DefaultOperationId{id=write, type=COMMAND}, value=byte[]{length=17, hash=-1644578928}}}}
00:27:51.289 [raft-server-1-state] TRACE i.a.p.s.impl.DefaultServiceExecutor - PrimitiveService{2}{type=io.atomix.protocols.raft.RaftTest$TestPrimitiveType@f170389, name=raft-test} - Executing DefaultCommit{index=47, session=RaftSession{RaftServiceContext{server=1, type=io.atomix.protocols.raft.RaftTest$TestPrimitiveType@f170389, name=raft-test, id=2}, session=2, timestamp=2018-06-10 12:27:51,215}, time=2018-06-10 12:27:51,215, operation=DefaultOperationId{id=write, type=COMMAND}, value=byte[]{length=17, hash=-1644578928}}
00:27:51.289 [raft-server-3] TRACE i.a.p.raft.roles.FollowerRole - RaftServer{3}{role=FOLLOWER} - Appended Indexed{index=47, entry=CommandEntry{term=1, timestamp=2018-06-10 12:27:51,215, session=2, sequence=40, operation=PrimitiveOperation{id=DefaultOperationId{id=write, type=COMMAND}, value=byte[]{length=17, hash=-1644578928}}}}
00:27:51.289 [raft-server-1-state] TRACE i.a.protocols.raft.roles.LeaderRole - RaftServer{1}{role=LEADER} - Sending CommandResponse{status=OK, index=47, eventIndex=2, result=byte[]{length=2, hash=1334}}
00:27:51.290 [raft-client-1f73cd99-b88c-4b59-9944-86684dacc85c-2] TRACE i.a.p.r.s.impl.RaftSessionConnection - SessionClient{2}{type=io.atomix.protocols.raft.RaftTest$TestPrimitiveType@7d0100ea, name=raft-test} - Received CommandResponse{status=OK, index=47, eventIndex=2, result=byte[]{length=2, hash=1334}} from 1
00:27:51.290 [raft-client-1f73cd99-b88c-4b59-9944-86684dacc85c-2] TRACE i.a.p.r.s.impl.RaftSessionSequencer - SessionClient{2}{type=io.atomix.protocols.raft.RaftTest$TestPrimitiveType@7d0100ea, name=raft-test} - Completing response CommandResponse{status=OK, index=47, eventIndex=2, result=byte[]{length=2, hash=1334}}
00:27:51.290 [raft-client-1f73cd99-b88c-4b59-9944-86684dacc85c-1] TRACE i.a.p.r.s.impl.RaftSessionConnection - SessionClient{2}{type=io.atomix.protocols.raft.RaftTest$TestPrimitiveType@7d0100ea, name=raft-test} - Sending CommandRequest{session=2, sequence=41, operation=PrimitiveOperation{id=DefaultOperationId{id=write, type=COMMAND}, value=byte[]{length=17, hash=-1644578928}}} to 1
00:27:51.290 [raft-server-1] TRACE i.a.protocols.raft.roles.LeaderRole - RaftServer{1}{role=LEADER} - Received CommandRequest{session=2, sequence=41, operation=PrimitiveOperation{id=DefaultOperationId{id=write, type=COMMAND}, value=byte[]{length=17, hash=-1644578928}}}
00:27:51.290 [raft-server-1] TRACE i.a.protocols.raft.roles.LeaderRole - RaftServer{1}{role=LEADER} - Appended Indexed{index=48, entry=CommandEntry{term=1, timestamp=2018-06-10 12:27:51,290, session=2, sequence=41, operation=PrimitiveOperation{id=DefaultOperationId{id=write, type=COMMAND}, value=byte[]{length=17, hash=-1644578928}}}}
00:27:51.290 [raft-server-1] TRACE i.a.p.raft.roles.LeaderAppender - RaftServer{1} - Sending AppendRequest{term=1, leader=1, prevLogIndex=47, prevLogTerm=1, entries=1, commitIndex=47} to 2
00:27:51.290 [raft-server-2] TRACE i.a.p.raft.roles.FollowerRole - RaftServer{2}{role=FOLLOWER} - Received AppendRequest{term=1, leader=1, prevLogIndex=47, prevLogTerm=1, entries=1, commitIndex=47}
00:27:51.291 [raft-server-2] TRACE i.a.p.raft.roles.FollowerRole - RaftServer{2}{role=FOLLOWER} - Appended Indexed{index=48, entry=CommandEntry{term=1, timestamp=2018-06-10 12:27:51,290, session=2, sequence=41, operation=PrimitiveOperation{id=DefaultOperationId{id=write, type=COMMAND}, value=byte[]{length=17, hash=-1644578928}}}}
00:27:51.338 [raft-server-3] TRACE i.a.p.raft.roles.FollowerRole - RaftServer{3}{role=FOLLOWER} - Committed entries up to index 47
00:27:51.338 [raft-server-3] TRACE i.a.p.raft.roles.FollowerRole - RaftServer{3}{role=FOLLOWER} - Sending AppendResponse{status=OK, term=1, succeeded=true, lastLogIndex=47}
00:27:51.338 [raft-server-1] TRACE i.a.p.raft.roles.LeaderAppender - RaftServer{1} - Received AppendResponse{status=OK, term=1, succeeded=true, lastLogIndex=47} from 3
00:27:51.338 [raft-server-3-state] TRACE i.a.p.raft.impl.RaftServiceManager - RaftServer{3} - Applying Indexed{index=47, entry=CommandEntry{term=1, timestamp=2018-06-10 12:27:51,215, session=2, sequence=40, operation=PrimitiveOperation{id=DefaultOperationId{id=write, type=COMMAND}, value=byte[]{length=17, hash=-1644578928}}}}
00:27:51.338 [raft-server-1] TRACE i.a.p.raft.roles.LeaderAppender - RaftServer{1} - Sending AppendRequest{term=1, leader=1, prevLogIndex=47, prevLogTerm=1, entries=1, commitIndex=47} to 3
00:27:51.338 [raft-server-3-state] TRACE i.a.p.s.impl.DefaultServiceExecutor - PrimitiveService{2}{type=io.atomix.protocols.raft.RaftTest$TestPrimitiveType@192b3940, name=raft-test} - Executing DefaultCommit{index=47, session=RaftSession{RaftServiceContext{server=3, type=io.atomix.protocols.raft.RaftTest$TestPrimitiveType@192b3940, name=raft-test, id=2}, session=2, timestamp=2018-06-10 12:27:51,215}, time=2018-06-10 12:27:51,215, operation=DefaultOperationId{id=write, type=COMMAND}, value=byte[]{length=17, hash=-1644578928}}
00:27:51.338 [raft-server-3] TRACE i.a.p.raft.roles.FollowerRole - RaftServer{3}{role=FOLLOWER} - Received AppendRequest{term=1, leader=1, prevLogIndex=47, prevLogTerm=1, entries=1, commitIndex=47}
00:27:51.338 [raft-server-3] TRACE i.a.p.raft.roles.FollowerRole - RaftServer{3}{role=FOLLOWER} - Appended Indexed{index=48, entry=CommandEntry{term=1, timestamp=2018-06-10 12:27:51,290, session=2, sequence=41, operation=PrimitiveOperation{id=DefaultOperationId{id=write, type=COMMAND}, value=byte[]{length=17, hash=-1644578928}}}}
00:27:51.338 [raft-server-3] TRACE i.a.p.raft.roles.FollowerRole - RaftServer{3}{role=FOLLOWER} - Sending AppendResponse{status=OK, term=1, succeeded=true, lastLogIndex=48}
00:27:51.338 [raft-server-1] TRACE i.a.p.raft.roles.LeaderAppender - RaftServer{1} - Received AppendResponse{status=OK, term=1, succeeded=true, lastLogIndex=48} from 3
00:27:51.339 [raft-server-1] TRACE i.a.p.raft.roles.LeaderAppender - RaftServer{1} - Committed entries up to 48
00:27:51.372 [raft-server-2] TRACE i.a.p.raft.roles.FollowerRole - RaftServer{2}{role=FOLLOWER} - Committed entries up to index 47
00:27:51.372 [raft-server-2] TRACE i.a.p.raft.roles.FollowerRole - RaftServer{2}{role=FOLLOWER} - Sending AppendResponse{status=OK, term=1, succeeded=true, lastLogIndex=48}
00:27:51.372 [raft-server-2-state] TRACE i.a.p.raft.impl.RaftServiceManager - RaftServer{2} - Applying Indexed{index=47, entry=CommandEntry{term=1, timestamp=2018-06-10 12:27:51,215, session=2, sequence=40, operation=PrimitiveOperation{id=DefaultOperationId{id=write, type=COMMAND}, value=byte[]{length=17, hash=-1644578928}}}}
00:27:51.373 [raft-server-2-state] TRACE i.a.p.s.impl.DefaultServiceExecutor - PrimitiveService{2}{type=io.atomix.protocols.raft.RaftTest$TestPrimitiveType@68be9fc, name=raft-test} - Executing DefaultCommit{index=47, session=RaftSession{RaftServiceContext{server=2, type=io.atomix.protocols.raft.RaftTest$TestPrimitiveType@68be9fc, name=raft-test, id=2}, session=2, timestamp=2018-06-10 12:27:51,215}, time=2018-06-10 12:27:51,215, operation=DefaultOperationId{id=write, type=COMMAND}, value=byte[]{length=17, hash=-1644578928}}
00:27:51.421 [raft-server-1] TRACE i.a.p.raft.roles.LeaderAppender - RaftServer{1} - Received AppendResponse{status=OK, term=1, succeeded=true, lastLogIndex=48} from 2
00:27:51.421 [raft-server-1] TRACE i.a.p.raft.roles.LeaderAppender - RaftServer{1} - Sending AppendRequest{term=1, leader=1, prevLogIndex=48, prevLogTerm=1, entries=0, commitIndex=48} to 3
00:27:51.421 [raft-server-1] TRACE i.a.p.raft.roles.LeaderAppender - RaftServer{1} - Sending AppendRequest{term=1, leader=1, prevLogIndex=48, prevLogTerm=1, entries=0, commitIndex=48} to 2
00:27:51.421 [raft-server-3] TRACE i.a.p.raft.roles.FollowerRole - RaftServer{3}{role=FOLLOWER} - Received AppendRequest{term=1, leader=1, prevLogIndex=48, prevLogTerm=1, entries=0, commitIndex=48}
00:27:51.421 [raft-server-2] TRACE i.a.p.raft.roles.FollowerRole - RaftServer{2}{role=FOLLOWER} - Received AppendRequest{term=1, leader=1, prevLogIndex=48, prevLogTerm=1, entries=0, commitIndex=48}
00:27:51.421 [raft-server-1-state] TRACE i.a.p.raft.impl.RaftServiceManager - RaftServer{1} - Applying Indexed{index=48, entry=CommandEntry{term=1, timestamp=2018-06-10 12:27:51,290, session=2, sequence=41, operation=PrimitiveOperation{id=DefaultOperationId{id=write, type=COMMAND}, value=byte[]{length=17, hash=-1644578928}}}}
00:27:51.421 [raft-server-1-state] TRACE i.a.p.s.impl.DefaultServiceExecutor - PrimitiveService{2}{type=io.atomix.protocols.raft.RaftTest$TestPrimitiveType@f170389, name=raft-test} - Executing DefaultCommit{index=48, session=RaftSession{RaftServiceContext{server=1, type=io.atomix.protocols.raft.RaftTest$TestPrimitiveType@f170389, name=raft-test, id=2}, session=2, timestamp=2018-06-10 12:27:51,290}, time=2018-06-10 12:27:51,290, operation=DefaultOperationId{id=write, type=COMMAND}, value=byte[]{length=17, hash=-1644578928}}
00:27:51.421 [raft-server-1-state] TRACE i.a.protocols.raft.roles.LeaderRole - RaftServer{1}{role=LEADER} - Sending CommandResponse{status=OK, index=48, eventIndex=2, result=byte[]{length=2, hash=1336}}
00:27:51.422 [raft-client-1f73cd99-b88c-4b59-9944-86684dacc85c-6] TRACE i.a.p.r.s.impl.RaftSessionConnection - SessionClient{2}{type=io.atomix.protocols.raft.RaftTest$TestPrimitiveType@7d0100ea, name=raft-test} - Received CommandResponse{status=OK, index=48, eventIndex=2, result=byte[]{length=2, hash=1336}} from 1
00:27:51.422 [raft-client-1f73cd99-b88c-4b59-9944-86684dacc85c-6] TRACE i.a.p.r.s.impl.RaftSessionSequencer - SessionClient{2}{type=io.atomix.protocols.raft.RaftTest$TestPrimitiveType@7d0100ea, name=raft-test} - Completing response CommandResponse{status=OK, index=48, eventIndex=2, result=byte[]{length=2, hash=1336}}
00:27:51.422 [raft-client-1f73cd99-b88c-4b59-9944-86684dacc85c-6] TRACE i.a.p.r.s.impl.RaftSessionConnection - SessionClient{2}{type=io.atomix.protocols.raft.RaftTest$TestPrimitiveType@7d0100ea, name=raft-test} - Sending CommandRequest{session=2, sequence=42, operation=PrimitiveOperation{id=DefaultOperationId{id=write, type=COMMAND}, value=byte[]{length=17, hash=-1644578928}}} to 1
00:27:51.422 [raft-server-1] TRACE i.a.protocols.raft.roles.LeaderRole - RaftServer{1}{role=LEADER} - Received CommandRequest{session=2, sequence=42, operation=PrimitiveOperation{id=DefaultOperationId{id=write, type=COMMAND}, value=byte[]{length=17, hash=-1644578928}}}
00:27:51.422 [raft-server-1] TRACE i.a.protocols.raft.roles.LeaderRole - RaftServer{1}{role=LEADER} - Appended Indexed{index=49, entry=CommandEntry{term=1, timestamp=2018-06-10 12:27:51,422, session=2, sequence=42, operation=PrimitiveOperation{id=DefaultOperationId{id=write, type=COMMAND}, value=byte[]{length=17, hash=-1644578928}}}}
00:27:51.464 [raft-server-2] TRACE i.a.p.raft.roles.FollowerRole - RaftServer{2}{role=FOLLOWER} - Committed entries up to index 48
00:27:51.464 [raft-server-2] TRACE i.a.p.raft.roles.FollowerRole - RaftServer{2}{role=FOLLOWER} - Sending AppendResponse{status=OK, term=1, succeeded=true, lastLogIndex=48}
00:27:51.464 [raft-server-3] TRACE i.a.p.raft.roles.FollowerRole - RaftServer{3}{role=FOLLOWER} - Committed entries up to index 48
00:27:51.464 [raft-server-3] TRACE i.a.p.raft.roles.FollowerRole - RaftServer{3}{role=FOLLOWER} - Sending AppendResponse{status=OK, term=1, succeeded=true, lastLogIndex=48}
00:27:51.464 [raft-server-2-state] TRACE i.a.p.raft.impl.RaftServiceManager - RaftServer{2} - Applying Indexed{index=48, entry=CommandEntry{term=1, timestamp=2018-06-10 12:27:51,290, session=2, sequence=41, operation=PrimitiveOperation{id=DefaultOperationId{id=write, type=COMMAND}, value=byte[]{length=17, hash=-1644578928}}}}
00:27:51.464 [raft-server-1] TRACE i.a.p.raft.roles.LeaderAppender - RaftServer{1} - Received AppendResponse{status=OK, term=1, succeeded=true, lastLogIndex=48} from 2
00:27:51.464 [raft-server-3-state] TRACE i.a.p.raft.impl.RaftServiceManager - RaftServer{3} - Applying Indexed{index=48, entry=CommandEntry{term=1, timestamp=2018-06-10 12:27:51,290, session=2, sequence=41, operation=PrimitiveOperation{id=DefaultOperationId{id=write, type=COMMAND}, value=byte[]{length=17, hash=-1644578928}}}}
00:27:51.464 [raft-server-2-state] TRACE i.a.p.s.impl.DefaultServiceExecutor - PrimitiveService{2}{type=io.atomix.protocols.raft.RaftTest$TestPrimitiveType@68be9fc, name=raft-test} - Executing DefaultCommit{index=48, session=RaftSession{RaftServiceContext{server=2, type=io.atomix.protocols.raft.RaftTest$TestPrimitiveType@68be9fc, name=raft-test, id=2}, session=2, timestamp=2018-06-10 12:27:51,290}, time=2018-06-10 12:27:51,290, operation=DefaultOperationId{id=write, type=COMMAND}, value=byte[]{length=17, hash=-1644578928}}
00:27:51.464 [raft-server-1] TRACE i.a.p.raft.roles.LeaderAppender - RaftServer{1} - Sending AppendRequest{term=1, leader=1, prevLogIndex=48, prevLogTerm=1, entries=1, commitIndex=48} to 2
00:27:51.464 [raft-server-3-state] TRACE i.a.p.s.impl.DefaultServiceExecutor - PrimitiveService{2}{type=io.atomix.protocols.raft.RaftTest$TestPrimitiveType@192b3940, name=raft-test} - Executing DefaultCommit{index=48, session=RaftSession{RaftServiceContext{server=3, type=io.atomix.protocols.raft.RaftTest$TestPrimitiveType@192b3940, name=raft-test, id=2}, session=2, timestamp=2018-06-10 12:27:51,290}, time=2018-06-10 12:27:51,290, operation=DefaultOperationId{id=write, type=COMMAND}, value=byte[]{length=17, hash=-1644578928}}
00:27:51.465 [raft-server-2] TRACE i.a.p.raft.roles.FollowerRole - RaftServer{2}{role=FOLLOWER} - Received AppendRequest{term=1, leader=1, prevLogIndex=48, prevLogTerm=1, entries=1, commitIndex=48}
00:27:51.465 [raft-server-1] TRACE i.a.p.raft.roles.LeaderAppender - RaftServer{1} - Sending AppendRequest{term=1, leader=1, prevLogIndex=48, prevLogTerm=1, entries=1, commitIndex=48} to 3
00:27:51.465 [raft-server-3] TRACE i.a.p.raft.roles.FollowerRole - RaftServer{3}{role=FOLLOWER} - Received AppendRequest{term=1, leader=1, prevLogIndex=48, prevLogTerm=1, entries=1, commitIndex=48}
00:27:51.465 [raft-server-1] TRACE i.a.p.raft.roles.LeaderAppender - RaftServer{1} - Received AppendResponse{status=OK, term=1, succeeded=true, lastLogIndex=48} from 3
00:27:51.465 [raft-server-2] TRACE i.a.p.raft.roles.FollowerRole - RaftServer{2}{role=FOLLOWER} - Appended Indexed{index=49, entry=CommandEntry{term=1, timestamp=2018-06-10 12:27:51,422, session=2, sequence=42, operation=PrimitiveOperation{id=DefaultOperationId{id=write, type=COMMAND}, value=byte[]{length=17, hash=-1644578928}}}}
00:27:51.465 [raft-server-2] TRACE i.a.p.raft.roles.FollowerRole - RaftServer{2}{role=FOLLOWER} - Sending AppendResponse{status=OK, term=1, succeeded=true, lastLogIndex=49}
00:27:51.465 [raft-server-1] TRACE i.a.p.raft.roles.LeaderAppender - RaftServer{1} - Received AppendResponse{status=OK, term=1, succeeded=true, lastLogIndex=49} from 2
00:27:51.465 [raft-server-3] TRACE i.a.p.raft.roles.FollowerRole - RaftServer{3}{role=FOLLOWER} - Appended Indexed{index=49, entry=CommandEntry{term=1, timestamp=2018-06-10 12:27:51,422, session=2, sequence=42, operation=PrimitiveOperation{id=DefaultOperationId{id=write, type=COMMAND}, value=byte[]{length=17, hash=-1644578928}}}}
00:27:51.465 [raft-server-1] TRACE i.a.p.raft.roles.LeaderAppender - RaftServer{1} - Committed entries up to 49
00:27:51.465 [raft-server-3] TRACE i.a.p.raft.roles.FollowerRole - RaftServer{3}{role=FOLLOWER} - Sending AppendResponse{status=OK, term=1, succeeded=true, lastLogIndex=49}
00:27:51.506 [raft-server-1] TRACE i.a.p.raft.roles.LeaderAppender - RaftServer{1} - Received AppendResponse{status=OK, term=1, succeeded=true, lastLogIndex=49} from 3
00:27:51.506 [raft-server-1-state] TRACE i.a.p.raft.impl.RaftServiceManager - RaftServer{1} - Applying Indexed{index=49, entry=CommandEntry{term=1, timestamp=2018-06-10 12:27:51,422, session=2, sequence=42, operation=PrimitiveOperation{id=DefaultOperationId{id=write, type=COMMAND}, value=byte[]{length=17, hash=-1644578928}}}}
00:27:51.506 [raft-server-1-state] TRACE i.a.p.s.impl.DefaultServiceExecutor - PrimitiveService{2}{type=io.atomix.protocols.raft.RaftTest$TestPrimitiveType@f170389, name=raft-test} - Executing DefaultCommit{index=49, session=RaftSession{RaftServiceContext{server=1, type=io.atomix.protocols.raft.RaftTest$TestPrimitiveType@f170389, name=raft-test, id=2}, session=2, timestamp=2018-06-10 12:27:51,422}, time=2018-06-10 12:27:51,422, operation=DefaultOperationId{id=write, type=COMMAND}, value=byte[]{length=17, hash=-1644578928}}
00:27:51.506 [raft-server-1-state] TRACE i.a.protocols.raft.roles.LeaderRole - RaftServer{1}{role=LEADER} - Sending CommandResponse{status=OK, index=49, eventIndex=2, result=byte[]{length=2, hash=1338}}
00:27:51.506 [raft-client-1f73cd99-b88c-4b59-9944-86684dacc85c-0] TRACE i.a.p.r.s.impl.RaftSessionConnection - SessionClient{2}{type=io.atomix.protocols.raft.RaftTest$TestPrimitiveType@7d0100ea, name=raft-test} - Received CommandResponse{status=OK, index=49, eventIndex=2, result=byte[]{length=2, hash=1338}} from 1
00:27:51.506 [raft-client-1f73cd99-b88c-4b59-9944-86684dacc85c-0] TRACE i.a.p.r.s.impl.RaftSessionSequencer - SessionClient{2}{type=io.atomix.protocols.raft.RaftTest$TestPrimitiveType@7d0100ea, name=raft-test} - Completing response CommandResponse{status=OK, index=49, eventIndex=2, result=byte[]{length=2, hash=1338}}
00:27:51.506 [raft-client-1f73cd99-b88c-4b59-9944-86684dacc85c-3] TRACE i.a.p.r.s.impl.RaftSessionConnection - SessionClient{2}{type=io.atomix.protocols.raft.RaftTest$TestPrimitiveType@7d0100ea, name=raft-test} - Sending CommandRequest{session=2, sequence=43, operation=PrimitiveOperation{id=DefaultOperationId{id=write, type=COMMAND}, value=byte[]{length=17, hash=-1644578928}}} to 1
00:27:51.507 [raft-server-1] TRACE i.a.protocols.raft.roles.LeaderRole - RaftServer{1}{role=LEADER} - Received CommandRequest{session=2, sequence=43, operation=PrimitiveOperation{id=DefaultOperationId{id=write, type=COMMAND}, value=byte[]{length=17, hash=-1644578928}}}
00:27:51.507 [raft-server-1] TRACE i.a.protocols.raft.roles.LeaderRole - RaftServer{1}{role=LEADER} - Appended Indexed{index=50, entry=CommandEntry{term=1, timestamp=2018-06-10 12:27:51,507, session=2, sequence=43, operation=PrimitiveOperation{id=DefaultOperationId{id=write, type=COMMAND}, value=byte[]{length=17, hash=-1644578928}}}}
00:27:51.507 [raft-server-1] TRACE i.a.p.raft.roles.LeaderAppender - RaftServer{1} - Sending AppendRequest{term=1, leader=1, prevLogIndex=49, prevLogTerm=1, entries=1, commitIndex=49} to 3
00:27:51.507 [raft-server-3] TRACE i.a.p.raft.roles.FollowerRole - RaftServer{3}{role=FOLLOWER} - Received AppendRequest{term=1, leader=1, prevLogIndex=49, prevLogTerm=1, entries=1, commitIndex=49}
00:27:51.507 [raft-server-1] TRACE i.a.p.raft.roles.LeaderAppender - RaftServer{1} - Sending AppendRequest{term=1, leader=1, prevLogIndex=49, prevLogTerm=1, entries=1, commitIndex=49} to 2
00:27:51.507 [raft-server-3] TRACE i.a.p.raft.roles.FollowerRole - RaftServer{3}{role=FOLLOWER} - Appended Indexed{index=50, entry=CommandEntry{term=1, timestamp=2018-06-10 12:27:51,507, session=2, sequence=43, operation=PrimitiveOperation{id=DefaultOperationId{id=write, type=COMMAND}, value=byte[]{length=17, hash=-1644578928}}}}
00:27:51.507 [raft-server-2] TRACE i.a.p.raft.roles.FollowerRole - RaftServer{2}{role=FOLLOWER} - Received AppendRequest{term=1, leader=1, prevLogIndex=49, prevLogTerm=1, entries=1, commitIndex=49}
00:27:51.507 [raft-server-2] TRACE i.a.p.raft.roles.FollowerRole - RaftServer{2}{role=FOLLOWER} - Appended Indexed{index=50, entry=CommandEntry{term=1, timestamp=2018-06-10 12:27:51,507, session=2, sequence=43, operation=PrimitiveOperation{id=DefaultOperationId{id=write, type=COMMAND}, value=byte[]{length=17, hash=-1644578928}}}}
00:27:51.515 [raft-server-1] DEBUG i.a.p.raft.impl.RaftServiceManager - RaftServer{1} - Snapshotting services
00:27:51.515 [raft-server-1-state] DEBUG i.a.p.r.s.snapshot.SnapshotStore - Created memory snapshot: MemorySnapshot{index=49}
00:27:51.515 [raft-server-1-state] TRACE i.a.utils.serializer.KryoNamespace - Creating Kryo instance for KryoNamespace{registeredBlocks=[RegistrationBlock{begin=16, types=[([Ljava.lang.Class;@357bc488,null), ([Ljava.lang.Class;@4ea17147,null), ([Ljava.lang.Class;@2eda4eeb,null), ([Ljava.lang.Class;@5ba90d8a,null), ([Ljava.lang.Class;@309dcdf3,io.atomix.utils.serializer.serializers.ImmutableListSerializer@7573b9ee), ([Ljava.lang.Class;@9a20cbd,io.atomix.utils.serializer.serializers.ImmutableSetSerializer@1af4955e), ([Ljava.lang.Class;@445821a6,io.atomix.utils.serializer.serializers.ImmutableMapSerializer@2c0c4c0a), ([Ljava.lang.Class;@35d26ad2,null), ([Ljava.lang.Class;@bb25753,null), ([Ljava.lang.Class;@ee21292,null), ([Ljava.lang.Class;@40c06358,null), ([Ljava.lang.Class;@66e21568,null), ([Ljava.lang.Class;@7f73ce28,null), ([Ljava.lang.Class;@611b35d6,null), ([Ljava.lang.Class;@2282400e,null), ([Ljava.lang.Class;@543d5863,null), ([Ljava.lang.Class;@35dece42,null), ([Ljava.lang.Class;@dd3f8aa,null), ([Ljava.lang.Class;@3d615b2e,null), ([Ljava.lang.Class;@3a1f2a1,null), ([Ljava.lang.Class;@40ce9049,io.atomix.utils.serializer.serializers.ArraysAsListSerializer@52ca2652), ([Ljava.lang.Class;@65c5bf0e,null), ([Ljava.lang.Class;@697d6ded,null), ([Ljava.lang.Class;@5d05f453,null), ([Ljava.lang.Class;@5efeb117,null), ([Ljava.lang.Class;@160b4809,null), ([Ljava.lang.Class;@149b4d20,null), ([Ljava.lang.Class;@664e848c,null), ([Ljava.lang.Class;@4d93f75b,null), ([Ljava.lang.Class;@114a5e0,null), ([Ljava.lang.Class;@4f281aaf,null), ([Ljava.lang.Class;@5d508d22,null), ([Ljava.lang.Class;@f2b90fc,null), ([Ljava.lang.Class;@2bb41f5c,null), ([Ljava.lang.Class;@24c685e7,null), ([Ljava.lang.Class;@7da635c0,null)]}, RegistrationBlock{begin=52, types=[([Ljava.lang.Class;@5804b704,null)]}]}
00:27:51.516 [raft-server-1-state] TRACE i.a.utils.serializer.KryoNamespace - class [B registered as 16
00:27:51.516 [raft-server-1-state] TRACE i.a.utils.serializer.KryoNamespace - class java.util.concurrent.atomic.AtomicBoolean registered as 17
00:27:51.516 [raft-server-1-state] TRACE i.a.utils.serializer.KryoNamespace - class java.util.concurrent.atomic.AtomicInteger registered as 18
00:27:51.516 [raft-server-1-state] TRACE i.a.utils.serializer.KryoNamespace - class java.util.concurrent.atomic.AtomicLong registered as 19
00:27:51.516 [raft-server-1-state] TRACE i.a.utils.serializer.KryoNamespace - class com.google.common.collect.ImmutableList registered as 20
00:27:51.516 [raft-server-1-state] TRACE i.a.utils.serializer.KryoNamespace - class com.google.common.collect.RegularImmutableList registered as 20
00:27:51.516 [raft-server-1-state] TRACE i.a.utils.serializer.KryoNamespace - class com.google.common.collect.RegularImmutableList registered as 20
00:27:51.516 [raft-server-1-state] TRACE i.a.utils.serializer.KryoNamespace - class com.google.common.collect.ImmutableList$SubList registered as 20
00:27:51.516 [raft-server-1-state] TRACE i.a.utils.serializer.KryoNamespace - class com.google.common.collect.ImmutableSet registered as 21
00:27:51.516 [raft-server-1-state] TRACE i.a.utils.serializer.KryoNamespace - class com.google.common.collect.RegularImmutableSet registered as 21
00:27:51.516 [raft-server-1-state] TRACE i.a.utils.serializer.KryoNamespace - class com.google.common.collect.SingletonImmutableSet registered as 21
00:27:51.516 [raft-server-1-state] TRACE i.a.utils.serializer.KryoNamespace - class com.google.common.collect.RegularImmutableSet registered as 21
00:27:51.516 [raft-server-1-state] TRACE i.a.utils.serializer.KryoNamespace - class com.google.common.collect.ImmutableMap registered as 22
00:27:51.516 [raft-server-1-state] TRACE i.a.utils.serializer.KryoNamespace - class com.google.common.collect.RegularImmutableMap registered as 22
00:27:51.516 [raft-server-1-state] TRACE i.a.utils.serializer.KryoNamespace - class com.google.common.collect.RegularImmutableMap registered as 22
00:27:51.516 [raft-server-1-state] TRACE i.a.utils.serializer.KryoNamespace - class com.google.common.collect.RegularImmutableMap registered as 22
00:27:51.516 [raft-server-1-state] TRACE i.a.utils.serializer.KryoNamespace - class java.util.Collections$UnmodifiableSet registered as 23
00:27:51.516 [raft-server-1-state] TRACE i.a.utils.serializer.KryoNamespace - class java.util.HashMap registered as 24
00:27:51.516 [raft-server-1-state] TRACE i.a.utils.serializer.KryoNamespace - class java.util.concurrent.ConcurrentHashMap registered as 25
00:27:51.516 [raft-server-1-state] TRACE i.a.utils.serializer.KryoNamespace - class java.util.concurrent.CopyOnWriteArraySet registered as 26
00:27:51.516 [raft-server-1-state] TRACE i.a.utils.serializer.KryoNamespace - class java.util.ArrayList registered as 27
00:27:51.516 [raft-server-1-state] TRACE i.a.utils.serializer.KryoNamespace - class java.util.LinkedList registered as 28
00:27:51.516 [raft-server-1-state] TRACE i.a.utils.serializer.KryoNamespace - class java.util.HashSet registered as 29
00:27:51.516 [raft-server-1-state] TRACE i.a.utils.serializer.KryoNamespace - class java.util.LinkedHashSet registered as 30
00:27:51.516 [raft-server-1-state] TRACE i.a.utils.serializer.KryoNamespace - class com.sun.jmx.remote.internal.ArrayQueue registered as 31
00:27:51.516 [raft-server-1-state] TRACE i.a.utils.serializer.KryoNamespace - class java.util.ArrayDeque registered as 32
00:27:51.516 [raft-server-1-state] TRACE i.a.utils.serializer.KryoNamespace - class com.google.common.collect.HashMultiset registered as 33
00:27:51.517 [raft-server-1-state] TRACE i.a.utils.serializer.KryoNamespace - class com.google.common.collect.Sets registered as 34
00:27:51.517 [raft-server-1-state] TRACE i.a.utils.serializer.KryoNamespace - class com.google.common.collect.ImmutableEntry registered as 35
00:27:51.517 [raft-server-1-state] TRACE i.a.utils.serializer.KryoNamespace - class java.util.Arrays$ArrayList registered as 36
00:27:51.517 [raft-server-1-state] TRACE i.a.utils.serializer.KryoNamespace - class java.util.Collections$SingletonList registered as 37
00:27:51.517 [raft-server-1-state] TRACE i.a.utils.serializer.KryoNamespace - class java.time.Duration registered as 38
00:27:51.517 [raft-server-1-state] TRACE i.a.utils.serializer.KryoNamespace - class java.util.Collections$EmptySet registered as 39
00:27:51.517 [raft-server-1-state] TRACE i.a.utils.serializer.KryoNamespace - class java.util.Optional registered as 40
00:27:51.517 [raft-server-1-state] TRACE i.a.utils.serializer.KryoNamespace - class java.util.Collections$EmptyList registered as 41
00:27:51.517 [raft-server-1-state] TRACE i.a.utils.serializer.KryoNamespace - class java.util.Collections$SingletonSet registered as 42
00:27:51.517 [raft-server-1-state] TRACE i.a.utils.serializer.KryoNamespace - class [I registered as 43
00:27:51.517 [raft-server-1-state] TRACE i.a.utils.serializer.KryoNamespace - class [J registered as 44
00:27:51.517 [raft-server-1-state] TRACE i.a.utils.serializer.KryoNamespace - class [S registered as 45
00:27:51.517 [raft-server-1-state] TRACE i.a.utils.serializer.KryoNamespace - class [D registered as 46
00:27:51.517 [raft-server-1-state] TRACE i.a.utils.serializer.KryoNamespace - class [F registered as 47
00:27:51.517 [raft-server-1-state] TRACE i.a.utils.serializer.KryoNamespace - class [C registered as 48
00:27:51.517 [raft-server-1-state] TRACE i.a.utils.serializer.KryoNamespace - class [Ljava.lang.String; registered as 49
00:27:51.517 [raft-server-1-state] TRACE i.a.utils.serializer.KryoNamespace - class [Z registered as 50
00:27:51.517 [raft-server-1-state] TRACE i.a.utils.serializer.KryoNamespace - class [Ljava.lang.Object; registered as 51
00:27:51.517 [raft-server-1-state] TRACE i.a.utils.serializer.KryoNamespace - class io.atomix.primitive.service.ServiceConfig registered as 52
00:27:51.517 [raft-server-1-state] DEBUG i.a.p.r.service.RaftServiceContext - PrimitiveService{2}{type=io.atomix.protocols.raft.RaftTest$TestPrimitiveType@f170389, name=raft-test} - Taking snapshot 49
00:27:51.517 [raft-server-1-state] TRACE i.a.utils.serializer.KryoNamespace - Creating Kryo instance for KryoNamespace{registeredBlocks=[RegistrationBlock{begin=16, types=[([Ljava.lang.Class;@357bc488,null), ([Ljava.lang.Class;@4ea17147,null), ([Ljava.lang.Class;@2eda4eeb,null), ([Ljava.lang.Class;@5ba90d8a,null), ([Ljava.lang.Class;@309dcdf3,io.atomix.utils.serializer.serializers.ImmutableListSerializer@7573b9ee), ([Ljava.lang.Class;@9a20cbd,io.atomix.utils.serializer.serializers.ImmutableSetSerializer@1af4955e), ([Ljava.lang.Class;@445821a6,io.atomix.utils.serializer.serializers.ImmutableMapSerializer@2c0c4c0a), ([Ljava.lang.Class;@35d26ad2,null), ([Ljava.lang.Class;@bb25753,null), ([Ljava.lang.Class;@ee21292,null), ([Ljava.lang.Class;@40c06358,null), ([Ljava.lang.Class;@66e21568,null), ([Ljava.lang.Class;@7f73ce28,null), ([Ljava.lang.Class;@611b35d6,null), ([Ljava.lang.Class;@2282400e,null), ([Ljava.lang.Class;@543d5863,null), ([Ljava.lang.Class;@35dece42,null), ([Ljava.lang.Class;@dd3f8aa,null), ([Ljava.lang.Class;@3d615b2e,null), ([Ljava.lang.Class;@3a1f2a1,null), ([Ljava.lang.Class;@40ce9049,io.atomix.utils.serializer.serializers.ArraysAsListSerializer@52ca2652), ([Ljava.lang.Class;@65c5bf0e,null), ([Ljava.lang.Class;@697d6ded,null), ([Ljava.lang.Class;@5d05f453,null), ([Ljava.lang.Class;@5efeb117,null), ([Ljava.lang.Class;@160b4809,null), ([Ljava.lang.Class;@149b4d20,null), ([Ljava.lang.Class;@664e848c,null), ([Ljava.lang.Class;@4d93f75b,null), ([Ljava.lang.Class;@114a5e0,null), ([Ljava.lang.Class;@4f281aaf,null), ([Ljava.lang.Class;@5d508d22,null), ([Ljava.lang.Class;@f2b90fc,null), ([Ljava.lang.Class;@2bb41f5c,null), ([Ljava.lang.Class;@24c685e7,null), ([Ljava.lang.Class;@7da635c0,null)]}, RegistrationBlock{begin=52, types=[([Ljava.lang.Class;@17de710c,null)]}]}
00:27:51.518 [raft-server-1-state] TRACE i.a.utils.serializer.KryoNamespace - class [B registered as 16
00:27:51.518 [raft-server-1-state] TRACE i.a.utils.serializer.KryoNamespace - class java.util.concurrent.atomic.AtomicBoolean registered as 17
00:27:51.518 [raft-server-1-state] TRACE i.a.utils.serializer.KryoNamespace - class java.util.concurrent.atomic.AtomicInteger registered as 18
00:27:51.518 [raft-server-1-state] TRACE i.a.utils.serializer.KryoNamespace - class java.util.concurrent.atomic.AtomicLong registered as 19
00:27:51.518 [raft-server-1-state] TRACE i.a.utils.serializer.KryoNamespace - class com.google.common.collect.ImmutableList registered as 20
00:27:51.518 [raft-server-1-state] TRACE i.a.utils.serializer.KryoNamespace - class com.google.common.collect.RegularImmutableList registered as 20
00:27:51.518 [raft-server-1-state] TRACE i.a.utils.serializer.KryoNamespace - class com.google.common.collect.RegularImmutableList registered as 20
00:27:51.518 [raft-server-1-state] TRACE i.a.utils.serializer.KryoNamespace - class com.google.common.collect.ImmutableList$SubList registered as 20
00:27:51.518 [raft-server-1-state] TRACE i.a.utils.serializer.KryoNamespace - class com.google.common.collect.ImmutableSet registered as 21
00:27:51.518 [raft-server-1-state] TRACE i.a.utils.serializer.KryoNamespace - class com.google.common.collect.RegularImmutableSet registered as 21
00:27:51.518 [raft-server-1-state] TRACE i.a.utils.serializer.KryoNamespace - class com.google.common.collect.SingletonImmutableSet registered as 21
00:27:51.518 [raft-server-1-state] TRACE i.a.utils.serializer.KryoNamespace - class com.google.common.collect.RegularImmutableSet registered as 21
00:27:51.518 [raft-server-1-state] TRACE i.a.utils.serializer.KryoNamespace - class com.google.common.collect.ImmutableMap registered as 22
00:27:51.518 [raft-server-1-state] TRACE i.a.utils.serializer.KryoNamespace - class com.google.common.collect.RegularImmutableMap registered as 22
00:27:51.518 [raft-server-1-state] TRACE i.a.utils.serializer.KryoNamespace - class com.google.common.collect.RegularImmutableMap registered as 22
00:27:51.518 [raft-server-1-state] TRACE i.a.utils.serializer.KryoNamespace - class com.google.common.collect.RegularImmutableMap registered as 22
00:27:51.518 [raft-server-1-state] TRACE i.a.utils.serializer.KryoNamespace - class java.util.Collections$UnmodifiableSet registered as 23
00:27:51.518 [raft-server-1-state] TRACE i.a.utils.serializer.KryoNamespace - class java.util.HashMap registered as 24
00:27:51.518 [raft-server-1-state] TRACE i.a.utils.serializer.KryoNamespace - class java.util.concurrent.ConcurrentHashMap registered as 25
00:27:51.518 [raft-server-1-state] TRACE i.a.utils.serializer.KryoNamespace - class java.util.concurrent.CopyOnWriteArraySet registered as 26
00:27:51.518 [raft-server-1-state] TRACE i.a.utils.serializer.KryoNamespace - class java.util.ArrayList registered as 27
00:27:51.518 [raft-server-1-state] TRACE i.a.utils.serializer.KryoNamespace - class java.util.LinkedList registered as 28
00:27:51.518 [raft-server-1-state] TRACE i.a.utils.serializer.KryoNamespace - class java.util.HashSet registered as 29
00:27:51.518 [raft-server-1-state] TRACE i.a.utils.serializer.KryoNamespace - class java.util.LinkedHashSet registered as 30
00:27:51.518 [raft-server-1-state] TRACE i.a.utils.serializer.KryoNamespace - class com.sun.jmx.remote.internal.ArrayQueue registered as 31
00:27:51.518 [raft-server-1-state] TRACE i.a.utils.serializer.KryoNamespace - class java.util.ArrayDeque registered as 32
00:27:51.518 [raft-server-1-state] TRACE i.a.utils.serializer.KryoNamespace - class com.google.common.collect.HashMultiset registered as 33
00:27:51.518 [raft-server-1-state] TRACE i.a.utils.serializer.KryoNamespace - class com.google.common.collect.Sets registered as 34
00:27:51.518 [raft-server-1-state] TRACE i.a.utils.serializer.KryoNamespace - class com.google.common.collect.ImmutableEntry registered as 35
00:27:51.518 [raft-server-1-state] TRACE i.a.utils.serializer.KryoNamespace - class java.util.Arrays$ArrayList registered as 36
00:27:51.519 [raft-server-1-state] TRACE i.a.utils.serializer.KryoNamespace - class java.util.Collections$SingletonList registered as 37
00:27:51.519 [raft-server-1-state] TRACE i.a.utils.serializer.KryoNamespace - class java.time.Duration registered as 38
00:27:51.519 [raft-server-1-state] TRACE i.a.utils.serializer.KryoNamespace - class java.util.Collections$EmptySet registered as 39
00:27:51.519 [raft-server-1-state] TRACE i.a.utils.serializer.KryoNamespace - class java.util.Optional registered as 40
00:27:51.519 [raft-server-1-state] TRACE i.a.utils.serializer.KryoNamespace - class java.util.Collections$EmptyList registered as 41
00:27:51.519 [raft-server-1-state] TRACE i.a.utils.serializer.KryoNamespace - class java.util.Collections$SingletonSet registered as 42
00:27:51.519 [raft-server-1-state] TRACE i.a.utils.serializer.KryoNamespace - class [I registered as 43
00:27:51.519 [raft-server-1-state] TRACE i.a.utils.serializer.KryoNamespace - class [J registered as 44
00:27:51.519 [raft-server-1-state] TRACE i.a.utils.serializer.KryoNamespace - class [S registered as 45
00:27:51.519 [raft-server-1-state] TRACE i.a.utils.serializer.KryoNamespace - class [D registered as 46
00:27:51.519 [raft-server-1-state] TRACE i.a.utils.serializer.KryoNamespace - class [F registered as 47
00:27:51.519 [raft-server-1-state] TRACE i.a.utils.serializer.KryoNamespace - class [C registered as 48
00:27:51.519 [raft-server-1-state] TRACE i.a.utils.serializer.KryoNamespace - class [Ljava.lang.String; registered as 49
00:27:51.519 [raft-server-1-state] TRACE i.a.utils.serializer.KryoNamespace - class [Z registered as 50
00:27:51.519 [raft-server-1-state] TRACE i.a.utils.serializer.KryoNamespace - class [Ljava.lang.Object; registered as 51
00:27:51.519 [raft-server-1-state] TRACE i.a.utils.serializer.KryoNamespace - class io.atomix.primitive.service.ServiceConfig registered as 52
00:27:51.519 [raft-server-1-compaction] DEBUG i.a.p.r.s.snapshot.SnapshotStore - Created disk snapshot: FileSnapshot{index=49}
00:27:51.554 [raft-server-3] TRACE i.a.p.raft.roles.FollowerRole - RaftServer{3}{role=FOLLOWER} - Committed entries up to index 49
00:27:51.554 [raft-server-3] TRACE i.a.p.raft.roles.FollowerRole - RaftServer{3}{role=FOLLOWER} - Sending AppendResponse{status=OK, term=1, succeeded=true, lastLogIndex=50}
00:27:51.554 [raft-server-2] TRACE i.a.p.raft.roles.FollowerRole - RaftServer{2}{role=FOLLOWER} - Committed entries up to index 49
00:27:51.554 [raft-server-1] TRACE i.a.p.raft.roles.LeaderAppender - RaftServer{1} - Received AppendResponse{status=OK, term=1, succeeded=true, lastLogIndex=50} from 3
00:27:51.554 [raft-server-3-state] TRACE i.a.p.raft.impl.RaftServiceManager - RaftServer{3} - Applying Indexed{index=49, entry=CommandEntry{term=1, timestamp=2018-06-10 12:27:51,422, session=2, sequence=42, operation=PrimitiveOperation{id=DefaultOperationId{id=write, type=COMMAND}, value=byte[]{length=17, hash=-1644578928}}}}
00:27:51.554 [raft-server-2] TRACE i.a.p.raft.roles.FollowerRole - RaftServer{2}{role=FOLLOWER} - Sending AppendResponse{status=OK, term=1, succeeded=true, lastLogIndex=50}
00:27:51.554 [raft-server-1] TRACE i.a.p.raft.roles.LeaderAppender - RaftServer{1} - Committed entries up to 50
00:27:51.554 [raft-server-3-state] TRACE i.a.p.s.impl.DefaultServiceExecutor - PrimitiveService{2}{type=io.atomix.protocols.raft.RaftTest$TestPrimitiveType@192b3940, name=raft-test} - Executing DefaultCommit{index=49, session=RaftSession{RaftServiceContext{server=3, type=io.atomix.protocols.raft.RaftTest$TestPrimitiveType@192b3940, name=raft-test, id=2}, session=2, timestamp=2018-06-10 12:27:51,422}, time=2018-06-10 12:27:51,422, operation=DefaultOperationId{id=write, type=COMMAND}, value=byte[]{length=17, hash=-1644578928}}
00:27:51.555 [raft-server-2-state] TRACE i.a.p.raft.impl.RaftServiceManager - RaftServer{2} - Applying Indexed{index=49, entry=CommandEntry{term=1, timestamp=2018-06-10 12:27:51,422, session=2, sequence=42, operation=PrimitiveOperation{id=DefaultOperationId{id=write, type=COMMAND}, value=byte[]{length=17, hash=-1644578928}}}}
00:27:51.555 [raft-server-2-state] TRACE i.a.p.s.impl.DefaultServiceExecutor - PrimitiveService{2}{type=io.atomix.protocols.raft.RaftTest$TestPrimitiveType@68be9fc, name=raft-test} - Executing DefaultCommit{index=49, session=RaftSession{RaftServiceContext{server=2, type=io.atomix.protocols.raft.RaftTest$TestPrimitiveType@68be9fc, name=raft-test, id=2}, session=2, timestamp=2018-06-10 12:27:51,422}, time=2018-06-10 12:27:51,422, operation=DefaultOperationId{id=write, type=COMMAND}, value=byte[]{length=17, hash=-1644578928}}
00:27:51.631 [raft-server-1] TRACE i.a.p.raft.roles.LeaderAppender - RaftServer{1} - Received AppendResponse{status=OK, term=1, succeeded=true, lastLogIndex=50} from 2
00:27:51.631 [raft-server-1-state] TRACE i.a.p.raft.impl.RaftServiceManager - RaftServer{1} - Applying Indexed{index=50, entry=CommandEntry{term=1, timestamp=2018-06-10 12:27:51,507, session=2, sequence=43, operation=PrimitiveOperation{id=DefaultOperationId{id=write, type=COMMAND}, value=byte[]{length=17, hash=-1644578928}}}}
00:27:51.631 [raft-server-1-state] TRACE i.a.p.s.impl.DefaultServiceExecutor - PrimitiveService{2}{type=io.atomix.protocols.raft.RaftTest$TestPrimitiveType@f170389, name=raft-test} - Executing DefaultCommit{index=50, session=RaftSession{RaftServiceContext{server=1, type=io.atomix.protocols.raft.RaftTest$TestPrimitiveType@f170389, name=raft-test, id=2}, session=2, timestamp=2018-06-10 12:27:51,507}, time=2018-06-10 12:27:51,507, operation=DefaultOperationId{id=write, type=COMMAND}, value=byte[]{length=17, hash=-1644578928}}
00:27:51.631 [raft-server-1-state] TRACE i.a.protocols.raft.roles.LeaderRole - RaftServer{1}{role=LEADER} - Sending CommandResponse{status=OK, index=50, eventIndex=2, result=byte[]{length=2, hash=1340}}
00:27:51.631 [raft-client-1f73cd99-b88c-4b59-9944-86684dacc85c-2] TRACE i.a.p.r.s.impl.RaftSessionConnection - SessionClient{2}{type=io.atomix.protocols.raft.RaftTest$TestPrimitiveType@7d0100ea, name=raft-test} - Received CommandResponse{status=OK, index=50, eventIndex=2, result=byte[]{length=2, hash=1340}} from 1
00:27:51.631 [raft-client-1f73cd99-b88c-4b59-9944-86684dacc85c-2] TRACE i.a.p.r.s.impl.RaftSessionSequencer - SessionClient{2}{type=io.atomix.protocols.raft.RaftTest$TestPrimitiveType@7d0100ea, name=raft-test} - Completing response CommandResponse{status=OK, index=50, eventIndex=2, result=byte[]{length=2, hash=1340}}
00:27:51.631 [raft-client-1f73cd99-b88c-4b59-9944-86684dacc85c-2] TRACE i.a.p.r.s.impl.RaftSessionConnection - SessionClient{2}{type=io.atomix.protocols.raft.RaftTest$TestPrimitiveType@7d0100ea, name=raft-test} - Sending CommandRequest{session=2, sequence=44, operation=PrimitiveOperation{id=DefaultOperationId{id=write, type=COMMAND}, value=byte[]{length=17, hash=-1644578928}}} to 1
00:27:51.632 [raft-server-1] TRACE i.a.protocols.raft.roles.LeaderRole - RaftServer{1}{role=LEADER} - Received CommandRequest{session=2, sequence=44, operation=PrimitiveOperation{id=DefaultOperationId{id=write, type=COMMAND}, value=byte[]{length=17, hash=-1644578928}}}
00:27:51.738 [raft-server-2] DEBUG i.a.p.raft.impl.RaftServiceManager - RaftServer{2} - Snapshotting services
00:27:51.739 [raft-server-2-state] DEBUG i.a.p.r.s.snapshot.SnapshotStore - Created memory snapshot: MemorySnapshot{index=49}
00:27:51.739 [raft-server-2-state] TRACE i.a.utils.serializer.KryoNamespace - Creating Kryo instance for KryoNamespace{registeredBlocks=[RegistrationBlock{begin=16, types=[([Ljava.lang.Class;@357bc488,null), ([Ljava.lang.Class;@4ea17147,null), ([Ljava.lang.Class;@2eda4eeb,null), ([Ljava.lang.Class;@5ba90d8a,null), ([Ljava.lang.Class;@309dcdf3,io.atomix.utils.serializer.serializers.ImmutableListSerializer@7573b9ee), ([Ljava.lang.Class;@9a20cbd,io.atomix.utils.serializer.serializers.ImmutableSetSerializer@1af4955e), ([Ljava.lang.Class;@445821a6,io.atomix.utils.serializer.serializers.ImmutableMapSerializer@2c0c4c0a), ([Ljava.lang.Class;@35d26ad2,null), ([Ljava.lang.Class;@bb25753,null), ([Ljava.lang.Class;@ee21292,null), ([Ljava.lang.Class;@40c06358,null), ([Ljava.lang.Class;@66e21568,null), ([Ljava.lang.Class;@7f73ce28,null), ([Ljava.lang.Class;@611b35d6,null), ([Ljava.lang.Class;@2282400e,null), ([Ljava.lang.Class;@543d5863,null), ([Ljava.lang.Class;@35dece42,null), ([Ljava.lang.Class;@dd3f8aa,null), ([Ljava.lang.Class;@3d615b2e,null), ([Ljava.lang.Class;@3a1f2a1,null), ([Ljava.lang.Class;@40ce9049,io.atomix.utils.serializer.serializers.ArraysAsListSerializer@52ca2652), ([Ljava.lang.Class;@65c5bf0e,null), ([Ljava.lang.Class;@697d6ded,null), ([Ljava.lang.Class;@5d05f453,null), ([Ljava.lang.Class;@5efeb117,null), ([Ljava.lang.Class;@160b4809,null), ([Ljava.lang.Class;@149b4d20,null), ([Ljava.lang.Class;@664e848c,null), ([Ljava.lang.Class;@4d93f75b,null), ([Ljava.lang.Class;@114a5e0,null), ([Ljava.lang.Class;@4f281aaf,null), ([Ljava.lang.Class;@5d508d22,null), ([Ljava.lang.Class;@f2b90fc,null), ([Ljava.lang.Class;@2bb41f5c,null), ([Ljava.lang.Class;@24c685e7,null), ([Ljava.lang.Class;@7da635c0,null)]}, RegistrationBlock{begin=52, types=[([Ljava.lang.Class;@3fb9ccb1,null)]}]}
00:27:51.739 [raft-server-2-state] TRACE i.a.utils.serializer.KryoNamespace - class [B registered as 16
00:27:51.739 [raft-server-2-state] TRACE i.a.utils.serializer.KryoNamespace - class java.util.concurrent.atomic.AtomicBoolean registered as 17
00:27:51.739 [raft-server-2-state] TRACE i.a.utils.serializer.KryoNamespace - class java.util.concurrent.atomic.AtomicInteger registered as 18
00:27:51.739 [raft-server-2-state] TRACE i.a.utils.serializer.KryoNamespace - class java.util.concurrent.atomic.AtomicLong registered as 19
00:27:51.739 [raft-server-2-state] TRACE i.a.utils.serializer.KryoNamespace - class com.google.common.collect.ImmutableList registered as 20
00:27:51.739 [raft-server-2-state] TRACE i.a.utils.serializer.KryoNamespace - class com.google.common.collect.RegularImmutableList registered as 20
00:27:51.739 [raft-server-2-state] TRACE i.a.utils.serializer.KryoNamespace - class com.google.common.collect.RegularImmutableList registered as 20
00:27:51.739 [raft-server-2-state] TRACE i.a.utils.serializer.KryoNamespace - class com.google.common.collect.ImmutableList$SubList registered as 20
00:27:51.739 [raft-server-2-state] TRACE i.a.utils.serializer.KryoNamespace - class com.google.common.collect.ImmutableSet registered as 21
00:27:51.739 [raft-server-2-state] TRACE i.a.utils.serializer.KryoNamespace - class com.google.common.collect.RegularImmutableSet registered as 21
00:27:51.739 [raft-server-2-state] TRACE i.a.utils.serializer.KryoNamespace - class com.google.common.collect.SingletonImmutableSet registered as 21
00:27:51.739 [raft-server-2-state] TRACE i.a.utils.serializer.KryoNamespace - class com.google.common.collect.RegularImmutableSet registered as 21
00:27:51.739 [raft-server-2-state] TRACE i.a.utils.serializer.KryoNamespace - class com.google.common.collect.ImmutableMap registered as 22
00:27:51.739 [raft-server-2-state] TRACE i.a.utils.serializer.KryoNamespace - class com.google.common.collect.RegularImmutableMap registered as 22
00:27:51.739 [raft-server-2-state] TRACE i.a.utils.serializer.KryoNamespace - class com.google.common.collect.RegularImmutableMap registered as 22
00:27:51.739 [raft-server-2-state] TRACE i.a.utils.serializer.KryoNamespace - class com.google.common.collect.RegularImmutableMap registered as 22
00:27:51.739 [raft-server-2-state] TRACE i.a.utils.serializer.KryoNamespace - class java.util.Collections$UnmodifiableSet registered as 23
00:27:51.739 [raft-server-2-state] TRACE i.a.utils.serializer.KryoNamespace - class java.util.HashMap registered as 24
00:27:51.739 [raft-server-2-state] TRACE i.a.utils.serializer.KryoNamespace - class java.util.concurrent.ConcurrentHashMap registered as 25
00:27:51.739 [raft-server-2-state] TRACE i.a.utils.serializer.KryoNamespace - class java.util.concurrent.CopyOnWriteArraySet registered as 26
00:27:51.739 [raft-server-2-state] TRACE i.a.utils.serializer.KryoNamespace - class java.util.ArrayList registered as 27
00:27:51.740 [raft-server-2-state] TRACE i.a.utils.serializer.KryoNamespace - class java.util.LinkedList registered as 28
00:27:51.740 [raft-server-2-state] TRACE i.a.utils.serializer.KryoNamespace - class java.util.HashSet registered as 29
00:27:51.740 [raft-server-2-state] TRACE i.a.utils.serializer.KryoNamespace - class java.util.LinkedHashSet registered as 30
00:27:51.740 [raft-server-2-state] TRACE i.a.utils.serializer.KryoNamespace - class com.sun.jmx.remote.internal.ArrayQueue registered as 31
00:27:51.740 [raft-server-2-state] TRACE i.a.utils.serializer.KryoNamespace - class java.util.ArrayDeque registered as 32
00:27:51.740 [raft-server-2-state] TRACE i.a.utils.serializer.KryoNamespace - class com.google.common.collect.HashMultiset registered as 33
00:27:51.740 [raft-server-2-state] TRACE i.a.utils.serializer.KryoNamespace - class com.google.common.collect.Sets registered as 34
00:27:51.740 [raft-server-2-state] TRACE i.a.utils.serializer.KryoNamespace - class com.google.common.collect.ImmutableEntry registered as 35
00:27:51.740 [raft-server-2-state] TRACE i.a.utils.serializer.KryoNamespace - class java.util.Arrays$ArrayList registered as 36
00:27:51.740 [raft-server-2-state] TRACE i.a.utils.serializer.KryoNamespace - class java.util.Collections$SingletonList registered as 37
00:27:51.740 [raft-server-2-state] TRACE i.a.utils.serializer.KryoNamespace - class java.time.Duration registered as 38
00:27:51.740 [raft-server-2-state] TRACE i.a.utils.serializer.KryoNamespace - class java.util.Collections$EmptySet registered as 39
00:27:51.740 [raft-server-2-state] TRACE i.a.utils.serializer.KryoNamespace - class java.util.Optional registered as 40
00:27:51.740 [raft-server-2-state] TRACE i.a.utils.serializer.KryoNamespace - class java.util.Collections$EmptyList registered as 41
00:27:51.740 [raft-server-2-state] TRACE i.a.utils.serializer.KryoNamespace - class java.util.Collections$SingletonSet registered as 42
00:27:51.740 [raft-server-2-state] TRACE i.a.utils.serializer.KryoNamespace - class [I registered as 43
00:27:51.740 [raft-server-2-state] TRACE i.a.utils.serializer.KryoNamespace - class [J registered as 44
00:27:51.740 [raft-server-2-state] TRACE i.a.utils.serializer.KryoNamespace - class [S registered as 45
00:27:51.740 [raft-server-2-state] TRACE i.a.utils.serializer.KryoNamespace - class [D registered as 46
00:27:51.740 [raft-server-2-state] TRACE i.a.utils.serializer.KryoNamespace - class [F registered as 47
00:27:51.740 [raft-server-2-state] TRACE i.a.utils.serializer.KryoNamespace - class [C registered as 48
00:27:51.740 [raft-server-2-state] TRACE i.a.utils.serializer.KryoNamespace - class [Ljava.lang.String; registered as 49
00:27:51.740 [raft-server-2-state] TRACE i.a.utils.serializer.KryoNamespace - class [Z registered as 50
00:27:51.740 [raft-server-2-state] TRACE i.a.utils.serializer.KryoNamespace - class [Ljava.lang.Object; registered as 51
00:27:51.741 [raft-server-2-state] TRACE i.a.utils.serializer.KryoNamespace - class io.atomix.primitive.service.ServiceConfig registered as 52
00:27:51.741 [raft-server-2-state] DEBUG i.a.p.r.service.RaftServiceContext - PrimitiveService{2}{type=io.atomix.protocols.raft.RaftTest$TestPrimitiveType@68be9fc, name=raft-test} - Taking snapshot 49
00:27:51.741 [raft-server-2-state] TRACE i.a.utils.serializer.KryoNamespace - Creating Kryo instance for KryoNamespace{registeredBlocks=[RegistrationBlock{begin=16, types=[([Ljava.lang.Class;@357bc488,null), ([Ljava.lang.Class;@4ea17147,null), ([Ljava.lang.Class;@2eda4eeb,null), ([Ljava.lang.Class;@5ba90d8a,null), ([Ljava.lang.Class;@309dcdf3,io.atomix.utils.serializer.serializers.ImmutableListSerializer@7573b9ee), ([Ljava.lang.Class;@9a20cbd,io.atomix.utils.serializer.serializers.ImmutableSetSerializer@1af4955e), ([Ljava.lang.Class;@445821a6,io.atomix.utils.serializer.serializers.ImmutableMapSerializer@2c0c4c0a), ([Ljava.lang.Class;@35d26ad2,null), ([Ljava.lang.Class;@bb25753,null), ([Ljava.lang.Class;@ee21292,null), ([Ljava.lang.Class;@40c06358,null), ([Ljava.lang.Class;@66e21568,null), ([Ljava.lang.Class;@7f73ce28,null), ([Ljava.lang.Class;@611b35d6,null), ([Ljava.lang.Class;@2282400e,null), ([Ljava.lang.Class;@543d5863,null), ([Ljava.lang.Class;@35dece42,null), ([Ljava.lang.Class;@dd3f8aa,null), ([Ljava.lang.Class;@3d615b2e,null), ([Ljava.lang.Class;@3a1f2a1,null), ([Ljava.lang.Class;@40ce9049,io.atomix.utils.serializer.serializers.ArraysAsListSerializer@52ca2652), ([Ljava.lang.Class;@65c5bf0e,null), ([Ljava.lang.Class;@697d6ded,null), ([Ljava.lang.Class;@5d05f453,null), ([Ljava.lang.Class;@5efeb117,null), ([Ljava.lang.Class;@160b4809,null), ([Ljava.lang.Class;@149b4d20,null), ([Ljava.lang.Class;@664e848c,null), ([Ljava.lang.Class;@4d93f75b,null), ([Ljava.lang.Class;@114a5e0,null), ([Ljava.lang.Class;@4f281aaf,null), ([Ljava.lang.Class;@5d508d22,null), ([Ljava.lang.Class;@f2b90fc,null), ([Ljava.lang.Class;@2bb41f5c,null), ([Ljava.lang.Class;@24c685e7,null), ([Ljava.lang.Class;@7da635c0,null)]}, RegistrationBlock{begin=52, types=[([Ljava.lang.Class;@5e00b6bf,null)]}]}
00:27:51.741 [raft-server-2-state] TRACE i.a.utils.serializer.KryoNamespace - class [B registered as 16
00:27:51.741 [raft-server-2-state] TRACE i.a.utils.serializer.KryoNamespace - class java.util.concurrent.atomic.AtomicBoolean registered as 17
00:27:51.741 [raft-server-2-state] TRACE i.a.utils.serializer.KryoNamespace - class java.util.concurrent.atomic.AtomicInteger registered as 18
00:27:51.741 [raft-server-2-state] TRACE i.a.utils.serializer.KryoNamespace - class java.util.concurrent.atomic.AtomicLong registered as 19
00:27:51.741 [raft-server-2-state] TRACE i.a.utils.serializer.KryoNamespace - class com.google.common.collect.ImmutableList registered as 20
00:27:51.741 [raft-server-2-state] TRACE i.a.utils.serializer.KryoNamespace - class com.google.common.collect.RegularImmutableList registered as 20
00:27:51.741 [raft-server-2-state] TRACE i.a.utils.serializer.KryoNamespace - class com.google.common.collect.RegularImmutableList registered as 20
00:27:51.741 [raft-server-2-state] TRACE i.a.utils.serializer.KryoNamespace - class com.google.common.collect.ImmutableList$SubList registered as 20
00:27:51.741 [raft-server-2-state] TRACE i.a.utils.serializer.KryoNamespace - class com.google.common.collect.ImmutableSet registered as 21
00:27:51.741 [raft-server-2-state] TRACE i.a.utils.serializer.KryoNamespace - class com.google.common.collect.RegularImmutableSet registered as 21
00:27:51.741 [raft-server-2-state] TRACE i.a.utils.serializer.KryoNamespace - class com.google.common.collect.SingletonImmutableSet registered as 21
00:27:51.741 [raft-server-2-state] TRACE i.a.utils.serializer.KryoNamespace - class com.google.common.collect.RegularImmutableSet registered as 21
00:27:51.741 [raft-server-2-state] TRACE i.a.utils.serializer.KryoNamespace - class com.google.common.collect.ImmutableMap registered as 22
00:27:51.741 [raft-server-2-state] TRACE i.a.utils.serializer.KryoNamespace - class com.google.common.collect.RegularImmutableMap registered as 22
00:27:51.741 [raft-server-2-state] TRACE i.a.utils.serializer.KryoNamespace - class com.google.common.collect.RegularImmutableMap registered as 22
00:27:51.741 [raft-server-2-state] TRACE i.a.utils.serializer.KryoNamespace - class com.google.common.collect.RegularImmutableMap registered as 22
00:27:51.741 [raft-server-2-state] TRACE i.a.utils.serializer.KryoNamespace - class java.util.Collections$UnmodifiableSet registered as 23
00:27:51.741 [raft-server-2-state] TRACE i.a.utils.serializer.KryoNamespace - class java.util.HashMap registered as 24
00:27:51.741 [raft-server-2-state] TRACE i.a.utils.serializer.KryoNamespace - class java.util.concurrent.ConcurrentHashMap registered as 25
00:27:51.741 [raft-server-2-state] TRACE i.a.utils.serializer.KryoNamespace - class java.util.concurrent.CopyOnWriteArraySet registered as 26
00:27:51.741 [raft-server-2-state] TRACE i.a.utils.serializer.KryoNamespace - class java.util.ArrayList registered as 27
00:27:51.741 [raft-server-2-state] TRACE i.a.utils.serializer.KryoNamespace - class java.util.LinkedList registered as 28
00:27:51.742 [raft-server-2-state] TRACE i.a.utils.serializer.KryoNamespace - class java.util.HashSet registered as 29
00:27:51.742 [raft-server-2-state] TRACE i.a.utils.serializer.KryoNamespace - class java.util.LinkedHashSet registered as 30
00:27:51.742 [raft-server-2-state] TRACE i.a.utils.serializer.KryoNamespace - class com.sun.jmx.remote.internal.ArrayQueue registered as 31
00:27:51.742 [raft-server-2-state] TRACE i.a.utils.serializer.KryoNamespace - class java.util.ArrayDeque registered as 32
00:27:51.742 [raft-server-2-state] TRACE i.a.utils.serializer.KryoNamespace - class com.google.common.collect.HashMultiset registered as 33
00:27:51.742 [raft-server-2-state] TRACE i.a.utils.serializer.KryoNamespace - class com.google.common.collect.Sets registered as 34
00:27:51.742 [raft-server-2-state] TRACE i.a.utils.serializer.KryoNamespace - class com.google.common.collect.ImmutableEntry registered as 35
00:27:51.742 [raft-server-2-state] TRACE i.a.utils.serializer.KryoNamespace - class java.util.Arrays$ArrayList registered as 36
00:27:51.742 [raft-server-2-state] TRACE i.a.utils.serializer.KryoNamespace - class java.util.Collections$SingletonList registered as 37
00:27:51.742 [raft-server-2-state] TRACE i.a.utils.serializer.KryoNamespace - class java.time.Duration registered as 38
00:27:51.742 [raft-server-2-state] TRACE i.a.utils.serializer.KryoNamespace - class java.util.Collections$EmptySet registered as 39
00:27:51.742 [raft-server-2-state] TRACE i.a.utils.serializer.KryoNamespace - class java.util.Optional registered as 40
00:27:51.742 [raft-server-2-state] TRACE i.a.utils.serializer.KryoNamespace - class java.util.Collections$EmptyList registered as 41
00:27:51.742 [raft-server-2-state] TRACE i.a.utils.serializer.KryoNamespace - class java.util.Collections$SingletonSet registered as 42
00:27:51.742 [raft-server-2-state] TRACE i.a.utils.serializer.KryoNamespace - class [I registered as 43
00:27:51.742 [raft-server-2-state] TRACE i.a.utils.serializer.KryoNamespace - class [J registered as 44
00:27:51.742 [raft-server-2-state] TRACE i.a.utils.serializer.KryoNamespace - class [S registered as 45
00:27:51.742 [raft-server-2-state] TRACE i.a.utils.serializer.KryoNamespace - class [D registered as 46
00:27:51.742 [raft-server-2-state] TRACE i.a.utils.serializer.KryoNamespace - class [F registered as 47
00:27:51.742 [raft-server-2-state] TRACE i.a.utils.serializer.KryoNamespace - class [C registered as 48
00:27:51.742 [raft-server-2-state] TRACE i.a.utils.serializer.KryoNamespace - class [Ljava.lang.String; registered as 49
00:27:51.742 [raft-server-2-state] TRACE i.a.utils.serializer.KryoNamespace - class [Z registered as 50
00:27:51.742 [raft-server-2-state] TRACE i.a.utils.serializer.KryoNamespace - class [Ljava.lang.Object; registered as 51
00:27:51.742 [raft-server-2-state] TRACE i.a.utils.serializer.KryoNamespace - class io.atomix.primitive.service.ServiceConfig registered as 52
00:27:51.743 [raft-server-2-compaction] DEBUG i.a.p.r.s.snapshot.SnapshotStore - Created disk snapshot: FileSnapshot{index=49}
00:27:51.781 [raft-server-1] DEBUG i.a.storage.journal.SegmentedJournal - Created disk segment: JournalSegment{id=6, version=1, index=51, size=64}
00:27:51.781 [raft-server-1] TRACE i.a.protocols.raft.roles.LeaderRole - RaftServer{1}{role=LEADER} - Appended Indexed{index=51, entry=CommandEntry{term=1, timestamp=2018-06-10 12:27:51,632, session=2, sequence=44, operation=PrimitiveOperation{id=DefaultOperationId{id=write, type=COMMAND}, value=byte[]{length=17, hash=-1644578928}}}}
00:27:51.781 [raft-server-1] TRACE i.a.p.raft.roles.LeaderAppender - RaftServer{1} - Sending AppendRequest{term=1, leader=1, prevLogIndex=50, prevLogTerm=1, entries=1, commitIndex=50} to 3
00:27:51.781 [raft-server-3] TRACE i.a.p.raft.roles.FollowerRole - RaftServer{3}{role=FOLLOWER} - Received AppendRequest{term=1, leader=1, prevLogIndex=50, prevLogTerm=1, entries=1, commitIndex=50}
00:27:51.781 [raft-server-1] TRACE i.a.p.raft.roles.LeaderAppender - RaftServer{1} - Sending AppendRequest{term=1, leader=1, prevLogIndex=50, prevLogTerm=1, entries=1, commitIndex=50} to 2
00:27:51.781 [raft-server-2] TRACE i.a.p.raft.roles.FollowerRole - RaftServer{2}{role=FOLLOWER} - Received AppendRequest{term=1, leader=1, prevLogIndex=50, prevLogTerm=1, entries=1, commitIndex=50}
00:27:51.881 [raft-server-2] DEBUG i.a.storage.journal.SegmentedJournal - Created disk segment: JournalSegment{id=6, version=1, index=51, size=64}
00:27:51.881 [raft-server-3] DEBUG i.a.storage.journal.SegmentedJournal - Created disk segment: JournalSegment{id=6, version=1, index=51, size=64}
00:27:51.881 [raft-server-3] TRACE i.a.p.raft.roles.FollowerRole - RaftServer{3}{role=FOLLOWER} - Appended Indexed{index=51, entry=CommandEntry{term=1, timestamp=2018-06-10 12:27:51,632, session=2, sequence=44, operation=PrimitiveOperation{id=DefaultOperationId{id=write, type=COMMAND}, value=byte[]{length=17, hash=-1644578928}}}}
00:27:51.881 [raft-server-2] TRACE i.a.p.raft.roles.FollowerRole - RaftServer{2}{role=FOLLOWER} - Appended Indexed{index=51, entry=CommandEntry{term=1, timestamp=2018-06-10 12:27:51,632, session=2, sequence=44, operation=PrimitiveOperation{id=DefaultOperationId{id=write, type=COMMAND}, value=byte[]{length=17, hash=-1644578928}}}}
00:27:51.921 [raft-server-3] TRACE i.a.p.raft.roles.FollowerRole - RaftServer{3}{role=FOLLOWER} - Committed entries up to index 50
00:27:51.921 [raft-server-2] TRACE i.a.p.raft.roles.FollowerRole - RaftServer{2}{role=FOLLOWER} - Committed entries up to index 50
00:27:51.921 [raft-server-3] TRACE i.a.p.raft.roles.FollowerRole - RaftServer{3}{role=FOLLOWER} - Sending AppendResponse{status=OK, term=1, succeeded=true, lastLogIndex=51}
00:27:51.921 [raft-server-2] TRACE i.a.p.raft.roles.FollowerRole - RaftServer{2}{role=FOLLOWER} - Sending AppendResponse{status=OK, term=1, succeeded=true, lastLogIndex=51}
00:27:51.921 [raft-server-1] TRACE i.a.p.raft.roles.LeaderAppender - RaftServer{1} - Received AppendResponse{status=OK, term=1, succeeded=true, lastLogIndex=51} from 3
00:27:51.921 [raft-server-1] TRACE i.a.p.raft.roles.LeaderAppender - RaftServer{1} - Committed entries up to 51
00:27:51.921 [raft-server-2-state] TRACE i.a.p.raft.impl.RaftServiceManager - RaftServer{2} - Applying Indexed{index=50, entry=CommandEntry{term=1, timestamp=2018-06-10 12:27:51,507, session=2, sequence=43, operation=PrimitiveOperation{id=DefaultOperationId{id=write, type=COMMAND}, value=byte[]{length=17, hash=-1644578928}}}}
00:27:51.921 [raft-server-2-state] TRACE i.a.p.s.impl.DefaultServiceExecutor - PrimitiveService{2}{type=io.atomix.protocols.raft.RaftTest$TestPrimitiveType@68be9fc, name=raft-test} - Executing DefaultCommit{index=50, session=RaftSession{RaftServiceContext{server=2, type=io.atomix.protocols.raft.RaftTest$TestPrimitiveType@68be9fc, name=raft-test, id=2}, session=2, timestamp=2018-06-10 12:27:51,507}, time=2018-06-10 12:27:51,507, operation=DefaultOperationId{id=write, type=COMMAND}, value=byte[]{length=17, hash=-1644578928}}
00:27:51.921 [raft-server-3-state] TRACE i.a.p.raft.impl.RaftServiceManager - RaftServer{3} - Applying Indexed{index=50, entry=CommandEntry{term=1, timestamp=2018-06-10 12:27:51,507, session=2, sequence=43, operation=PrimitiveOperation{id=DefaultOperationId{id=write, type=COMMAND}, value=byte[]{length=17, hash=-1644578928}}}}
00:27:51.921 [raft-server-3-state] TRACE i.a.p.s.impl.DefaultServiceExecutor - PrimitiveService{2}{type=io.atomix.protocols.raft.RaftTest$TestPrimitiveType@192b3940, name=raft-test} - Executing DefaultCommit{index=50, session=RaftSession{RaftServiceContext{server=3, type=io.atomix.protocols.raft.RaftTest$TestPrimitiveType@192b3940, name=raft-test, id=2}, session=2, timestamp=2018-06-10 12:27:51,507}, time=2018-06-10 12:27:51,507, operation=DefaultOperationId{id=write, type=COMMAND}, value=byte[]{length=17, hash=-1644578928}}
00:27:51.956 [raft-server-1] TRACE i.a.p.raft.roles.LeaderAppender - RaftServer{1} - Sending AppendRequest{term=1, leader=1, prevLogIndex=51, prevLogTerm=1, entries=0, commitIndex=51} to 3
00:27:51.956 [raft-server-1] TRACE i.a.p.raft.roles.LeaderAppender - RaftServer{1} - Received AppendResponse{status=OK, term=1, succeeded=true, lastLogIndex=51} from 2
00:27:51.956 [raft-server-3] TRACE i.a.p.raft.roles.FollowerRole - RaftServer{3}{role=FOLLOWER} - Received AppendRequest{term=1, leader=1, prevLogIndex=51, prevLogTerm=1, entries=0, commitIndex=51}
00:27:51.956 [raft-server-1] TRACE i.a.p.raft.roles.LeaderAppender - RaftServer{1} - Sending AppendRequest{term=1, leader=1, prevLogIndex=51, prevLogTerm=1, entries=0, commitIndex=51} to 2
00:27:51.956 [raft-server-2] TRACE i.a.p.raft.roles.FollowerRole - RaftServer{2}{role=FOLLOWER} - Received AppendRequest{term=1, leader=1, prevLogIndex=51, prevLogTerm=1, entries=0, commitIndex=51}
00:27:51.956 [raft-server-1-state] TRACE i.a.p.raft.impl.RaftServiceManager - RaftServer{1} - Applying Indexed{index=51, entry=CommandEntry{term=1, timestamp=2018-06-10 12:27:51,632, session=2, sequence=44, operation=PrimitiveOperation{id=DefaultOperationId{id=write, type=COMMAND}, value=byte[]{length=17, hash=-1644578928}}}}
00:27:51.956 [raft-server-1-state] TRACE i.a.p.s.impl.DefaultServiceExecutor - PrimitiveService{2}{type=io.atomix.protocols.raft.RaftTest$TestPrimitiveType@f170389, name=raft-test} - Executing DefaultCommit{index=51, session=RaftSession{RaftServiceContext{server=1, type=io.atomix.protocols.raft.RaftTest$TestPrimitiveType@f170389, name=raft-test, id=2}, session=2, timestamp=2018-06-10 12:27:51,632}, time=2018-06-10 12:27:51,632, operation=DefaultOperationId{id=write, type=COMMAND}, value=byte[]{length=17, hash=-1644578928}}
00:27:51.956 [raft-server-1-state] TRACE i.a.protocols.raft.roles.LeaderRole - RaftServer{1}{role=LEADER} - Sending CommandResponse{status=OK, index=51, eventIndex=2, result=byte[]{length=2, hash=1342}}
00:27:51.956 [raft-client-1f73cd99-b88c-4b59-9944-86684dacc85c-3] TRACE i.a.p.r.s.impl.RaftSessionConnection - SessionClient{2}{type=io.atomix.protocols.raft.RaftTest$TestPrimitiveType@7d0100ea, name=raft-test} - Received CommandResponse{status=OK, index=51, eventIndex=2, result=byte[]{length=2, hash=1342}} from 1
00:27:51.956 [raft-client-1f73cd99-b88c-4b59-9944-86684dacc85c-3] TRACE i.a.p.r.s.impl.RaftSessionSequencer - SessionClient{2}{type=io.atomix.protocols.raft.RaftTest$TestPrimitiveType@7d0100ea, name=raft-test} - Completing response CommandResponse{status=OK, index=51, eventIndex=2, result=byte[]{length=2, hash=1342}}
00:27:51.957 [raft-client-1f73cd99-b88c-4b59-9944-86684dacc85c-1] TRACE i.a.p.r.s.impl.RaftSessionConnection - SessionClient{2}{type=io.atomix.protocols.raft.RaftTest$TestPrimitiveType@7d0100ea, name=raft-test} - Sending CommandRequest{session=2, sequence=45, operation=PrimitiveOperation{id=DefaultOperationId{id=write, type=COMMAND}, value=byte[]{length=17, hash=-1644578928}}} to 1
00:27:51.957 [raft-server-1] TRACE i.a.protocols.raft.roles.LeaderRole - RaftServer{1}{role=LEADER} - Received CommandRequest{session=2, sequence=45, operation=PrimitiveOperation{id=DefaultOperationId{id=write, type=COMMAND}, value=byte[]{length=17, hash=-1644578928}}}
00:27:51.957 [raft-server-1] TRACE i.a.protocols.raft.roles.LeaderRole - RaftServer{1}{role=LEADER} - Appended Indexed{index=52, entry=CommandEntry{term=1, timestamp=2018-06-10 12:27:51,957, session=2, sequence=45, operation=PrimitiveOperation{id=DefaultOperationId{id=write, type=COMMAND}, value=byte[]{length=17, hash=-1644578928}}}}
00:27:51.972 [raft-server-3] TRACE i.a.p.raft.roles.FollowerRole - RaftServer{3}{role=FOLLOWER} - Committed entries up to index 51
00:27:51.972 [raft-server-3] TRACE i.a.p.raft.roles.FollowerRole - RaftServer{3}{role=FOLLOWER} - Sending AppendResponse{status=OK, term=1, succeeded=true, lastLogIndex=51}
00:27:51.972 [raft-server-1] TRACE i.a.p.raft.roles.LeaderAppender - RaftServer{1} - Received AppendResponse{status=OK, term=1, succeeded=true, lastLogIndex=51} from 3
00:27:51.973 [raft-server-3] DEBUG i.a.p.raft.impl.RaftServiceManager - RaftServer{3} - Snapshotting services
00:27:51.973 [raft-server-1] TRACE i.a.p.raft.roles.LeaderAppender - RaftServer{1} - Sending AppendRequest{term=1, leader=1, prevLogIndex=51, prevLogTerm=1, entries=1, commitIndex=51} to 3
00:27:51.973 [raft-server-3-state] DEBUG i.a.p.r.s.snapshot.SnapshotStore - Created memory snapshot: MemorySnapshot{index=50}
00:27:51.973 [raft-server-3] TRACE i.a.p.raft.roles.FollowerRole - RaftServer{3}{role=FOLLOWER} - Received AppendRequest{term=1, leader=1, prevLogIndex=51, prevLogTerm=1, entries=1, commitIndex=51}
00:27:51.973 [raft-server-3-state] TRACE i.a.utils.serializer.KryoNamespace - Creating Kryo instance for KryoNamespace{registeredBlocks=[RegistrationBlock{begin=16, types=[([Ljava.lang.Class;@357bc488,null), ([Ljava.lang.Class;@4ea17147,null), ([Ljava.lang.Class;@2eda4eeb,null), ([Ljava.lang.Class;@5ba90d8a,null), ([Ljava.lang.Class;@309dcdf3,io.atomix.utils.serializer.serializers.ImmutableListSerializer@7573b9ee), ([Ljava.lang.Class;@9a20cbd,io.atomix.utils.serializer.serializers.ImmutableSetSerializer@1af4955e), ([Ljava.lang.Class;@445821a6,io.atomix.utils.serializer.serializers.ImmutableMapSerializer@2c0c4c0a), ([Ljava.lang.Class;@35d26ad2,null), ([Ljava.lang.Class;@bb25753,null), ([Ljava.lang.Class;@ee21292,null), ([Ljava.lang.Class;@40c06358,null), ([Ljava.lang.Class;@66e21568,null), ([Ljava.lang.Class;@7f73ce28,null), ([Ljava.lang.Class;@611b35d6,null), ([Ljava.lang.Class;@2282400e,null), ([Ljava.lang.Class;@543d5863,null), ([Ljava.lang.Class;@35dece42,null), ([Ljava.lang.Class;@dd3f8aa,null), ([Ljava.lang.Class;@3d615b2e,null), ([Ljava.lang.Class;@3a1f2a1,null), ([Ljava.lang.Class;@40ce9049,io.atomix.utils.serializer.serializers.ArraysAsListSerializer@52ca2652), ([Ljava.lang.Class;@65c5bf0e,null), ([Ljava.lang.Class;@697d6ded,null), ([Ljava.lang.Class;@5d05f453,null), ([Ljava.lang.Class;@5efeb117,null), ([Ljava.lang.Class;@160b4809,null), ([Ljava.lang.Class;@149b4d20,null), ([Ljava.lang.Class;@664e848c,null), ([Ljava.lang.Class;@4d93f75b,null), ([Ljava.lang.Class;@114a5e0,null), ([Ljava.lang.Class;@4f281aaf,null), ([Ljava.lang.Class;@5d508d22,null), ([Ljava.lang.Class;@f2b90fc,null), ([Ljava.lang.Class;@2bb41f5c,null), ([Ljava.lang.Class;@24c685e7,null), ([Ljava.lang.Class;@7da635c0,null)]}, RegistrationBlock{begin=52, types=[([Ljava.lang.Class;@39a50942,null)]}]}
00:27:51.973 [raft-server-3] TRACE i.a.p.raft.roles.FollowerRole - RaftServer{3}{role=FOLLOWER} - Appended Indexed{index=52, entry=CommandEntry{term=1, timestamp=2018-06-10 12:27:51,957, session=2, sequence=45, operation=PrimitiveOperation{id=DefaultOperationId{id=write, type=COMMAND}, value=byte[]{length=17, hash=-1644578928}}}}
00:27:51.973 [raft-server-3] TRACE i.a.p.raft.roles.FollowerRole - RaftServer{3}{role=FOLLOWER} - Sending AppendResponse{status=OK, term=1, succeeded=true, lastLogIndex=52}
00:27:51.973 [raft-server-3-state] TRACE i.a.utils.serializer.KryoNamespace - class [B registered as 16
00:27:51.973 [raft-server-3-state] TRACE i.a.utils.serializer.KryoNamespace - class java.util.concurrent.atomic.AtomicBoolean registered as 17
00:27:51.973 [raft-server-1] TRACE i.a.p.raft.roles.LeaderAppender - RaftServer{1} - Received AppendResponse{status=OK, term=1, succeeded=true, lastLogIndex=52} from 3
00:27:51.973 [raft-server-3-state] TRACE i.a.utils.serializer.KryoNamespace - class java.util.concurrent.atomic.AtomicInteger registered as 18
00:27:51.973 [raft-server-1] TRACE i.a.p.raft.roles.LeaderAppender - RaftServer{1} - Committed entries up to 52
00:27:51.973 [raft-server-3-state] TRACE i.a.utils.serializer.KryoNamespace - class java.util.concurrent.atomic.AtomicLong registered as 19
00:27:51.974 [raft-server-3-state] TRACE i.a.utils.serializer.KryoNamespace - class com.google.common.collect.ImmutableList registered as 20
00:27:51.974 [raft-server-3-state] TRACE i.a.utils.serializer.KryoNamespace - class com.google.common.collect.RegularImmutableList registered as 20
00:27:51.974 [raft-server-3-state] TRACE i.a.utils.serializer.KryoNamespace - class com.google.common.collect.RegularImmutableList registered as 20
00:27:51.974 [raft-server-3-state] TRACE i.a.utils.serializer.KryoNamespace - class com.google.common.collect.ImmutableList$SubList registered as 20
00:27:51.974 [raft-server-3-state] TRACE i.a.utils.serializer.KryoNamespace - class com.google.common.collect.ImmutableSet registered as 21
00:27:51.974 [raft-server-3-state] TRACE i.a.utils.serializer.KryoNamespace - class com.google.common.collect.RegularImmutableSet registered as 21
00:27:51.974 [raft-server-3-state] TRACE i.a.utils.serializer.KryoNamespace - class com.google.common.collect.SingletonImmutableSet registered as 21
00:27:51.974 [raft-server-3-state] TRACE i.a.utils.serializer.KryoNamespace - class com.google.common.collect.RegularImmutableSet registered as 21
00:27:51.974 [raft-server-3-state] TRACE i.a.utils.serializer.KryoNamespace - class com.google.common.collect.ImmutableMap registered as 22
00:27:51.974 [raft-server-3-state] TRACE i.a.utils.serializer.KryoNamespace - class com.google.common.collect.RegularImmutableMap registered as 22
00:27:51.974 [raft-server-3-state] TRACE i.a.utils.serializer.KryoNamespace - class com.google.common.collect.RegularImmutableMap registered as 22
00:27:51.974 [raft-server-3-state] TRACE i.a.utils.serializer.KryoNamespace - class com.google.common.collect.RegularImmutableMap registered as 22
00:27:51.974 [raft-server-3-state] TRACE i.a.utils.serializer.KryoNamespace - class java.util.Collections$UnmodifiableSet registered as 23
00:27:51.974 [raft-server-3-state] TRACE i.a.utils.serializer.KryoNamespace - class java.util.HashMap registered as 24
00:27:51.974 [raft-server-3-state] TRACE i.a.utils.serializer.KryoNamespace - class java.util.concurrent.ConcurrentHashMap registered as 25
00:27:51.974 [raft-server-3-state] TRACE i.a.utils.serializer.KryoNamespace - class java.util.concurrent.CopyOnWriteArraySet registered as 26
00:27:51.974 [raft-server-3-state] TRACE i.a.utils.serializer.KryoNamespace - class java.util.ArrayList registered as 27
00:27:51.974 [raft-server-3-state] TRACE i.a.utils.serializer.KryoNamespace - class java.util.LinkedList registered as 28
00:27:51.974 [raft-server-3-state] TRACE i.a.utils.serializer.KryoNamespace - class java.util.HashSet registered as 29
00:27:51.974 [raft-server-3-state] TRACE i.a.utils.serializer.KryoNamespace - class java.util.LinkedHashSet registered as 30
00:27:51.974 [raft-server-3-state] TRACE i.a.utils.serializer.KryoNamespace - class com.sun.jmx.remote.internal.ArrayQueue registered as 31
00:27:51.974 [raft-server-3-state] TRACE i.a.utils.serializer.KryoNamespace - class java.util.ArrayDeque registered as 32
00:27:51.974 [raft-server-3-state] TRACE i.a.utils.serializer.KryoNamespace - class com.google.common.collect.HashMultiset registered as 33
00:27:51.974 [raft-server-3-state] TRACE i.a.utils.serializer.KryoNamespace - class com.google.common.collect.Sets registered as 34
00:27:51.974 [raft-server-3-state] TRACE i.a.utils.serializer.KryoNamespace - class com.google.common.collect.ImmutableEntry registered as 35
00:27:51.974 [raft-server-3-state] TRACE i.a.utils.serializer.KryoNamespace - class java.util.Arrays$ArrayList registered as 36
00:27:51.974 [raft-server-3-state] TRACE i.a.utils.serializer.KryoNamespace - class java.util.Collections$SingletonList registered as 37
00:27:51.974 [raft-server-3-state] TRACE i.a.utils.serializer.KryoNamespace - class java.time.Duration registered as 38
00:27:51.974 [raft-server-3-state] TRACE i.a.utils.serializer.KryoNamespace - class java.util.Collections$EmptySet registered as 39
00:27:51.974 [raft-server-3-state] TRACE i.a.utils.serializer.KryoNamespace - class java.util.Optional registered as 40
00:27:51.974 [raft-server-3-state] TRACE i.a.utils.serializer.KryoNamespace - class java.util.Collections$EmptyList registered as 41
00:27:51.975 [raft-server-3-state] TRACE i.a.utils.serializer.KryoNamespace - class java.util.Collections$SingletonSet registered as 42
00:27:51.975 [raft-server-3-state] TRACE i.a.utils.serializer.KryoNamespace - class [I registered as 43
00:27:51.975 [raft-server-3-state] TRACE i.a.utils.serializer.KryoNamespace - class [J registered as 44
00:27:51.975 [raft-server-3-state] TRACE i.a.utils.serializer.KryoNamespace - class [S registered as 45
00:27:51.975 [raft-server-3-state] TRACE i.a.utils.serializer.KryoNamespace - class [D registered as 46
00:27:51.975 [raft-server-3-state] TRACE i.a.utils.serializer.KryoNamespace - class [F registered as 47
00:27:51.975 [raft-server-3-state] TRACE i.a.utils.serializer.KryoNamespace - class [C registered as 48
00:27:51.975 [raft-server-3-state] TRACE i.a.utils.serializer.KryoNamespace - class [Ljava.lang.String; registered as 49
00:27:51.975 [raft-server-3-state] TRACE i.a.utils.serializer.KryoNamespace - class [Z registered as 50
00:27:51.975 [raft-server-3-state] TRACE i.a.utils.serializer.KryoNamespace - class [Ljava.lang.Object; registered as 51
00:27:51.975 [raft-server-3-state] TRACE i.a.utils.serializer.KryoNamespace - class io.atomix.primitive.service.ServiceConfig registered as 52
00:27:51.975 [raft-server-3-state] DEBUG i.a.p.r.service.RaftServiceContext - PrimitiveService{2}{type=io.atomix.protocols.raft.RaftTest$TestPrimitiveType@192b3940, name=raft-test} - Taking snapshot 50
00:27:51.975 [raft-server-3-state] TRACE i.a.utils.serializer.KryoNamespace - Creating Kryo instance for KryoNamespace{registeredBlocks=[RegistrationBlock{begin=16, types=[([Ljava.lang.Class;@357bc488,null), ([Ljava.lang.Class;@4ea17147,null), ([Ljava.lang.Class;@2eda4eeb,null), ([Ljava.lang.Class;@5ba90d8a,null), ([Ljava.lang.Class;@309dcdf3,io.atomix.utils.serializer.serializers.ImmutableListSerializer@7573b9ee), ([Ljava.lang.Class;@9a20cbd,io.atomix.utils.serializer.serializers.ImmutableSetSerializer@1af4955e), ([Ljava.lang.Class;@445821a6,io.atomix.utils.serializer.serializers.ImmutableMapSerializer@2c0c4c0a), ([Ljava.lang.Class;@35d26ad2,null), ([Ljava.lang.Class;@bb25753,null), ([Ljava.lang.Class;@ee21292,null), ([Ljava.lang.Class;@40c06358,null), ([Ljava.lang.Class;@66e21568,null), ([Ljava.lang.Class;@7f73ce28,null), ([Ljava.lang.Class;@611b35d6,null), ([Ljava.lang.Class;@2282400e,null), ([Ljava.lang.Class;@543d5863,null), ([Ljava.lang.Class;@35dece42,null), ([Ljava.lang.Class;@dd3f8aa,null), ([Ljava.lang.Class;@3d615b2e,null), ([Ljava.lang.Class;@3a1f2a1,null), ([Ljava.lang.Class;@40ce9049,io.atomix.utils.serializer.serializers.ArraysAsListSerializer@52ca2652), ([Ljava.lang.Class;@65c5bf0e,null), ([Ljava.lang.Class;@697d6ded,null), ([Ljava.lang.Class;@5d05f453,null), ([Ljava.lang.Class;@5efeb117,null), ([Ljava.lang.Class;@160b4809,null), ([Ljava.lang.Class;@149b4d20,null), ([Ljava.lang.Class;@664e848c,null), ([Ljava.lang.Class;@4d93f75b,null), ([Ljava.lang.Class;@114a5e0,null), ([Ljava.lang.Class;@4f281aaf,null), ([Ljava.lang.Class;@5d508d22,null), ([Ljava.lang.Class;@f2b90fc,null), ([Ljava.lang.Class;@2bb41f5c,null), ([Ljava.lang.Class;@24c685e7,null), ([Ljava.lang.Class;@7da635c0,null)]}, RegistrationBlock{begin=52, types=[([Ljava.lang.Class;@58eec096,null)]}]}
00:27:51.975 [raft-server-3-state] TRACE i.a.utils.serializer.KryoNamespace - class [B registered as 16
00:27:51.975 [raft-server-3-state] TRACE i.a.utils.serializer.KryoNamespace - class java.util.concurrent.atomic.AtomicBoolean registered as 17
00:27:51.975 [raft-server-3-state] TRACE i.a.utils.serializer.KryoNamespace - class java.util.concurrent.atomic.AtomicInteger registered as 18
00:27:51.975 [raft-server-3-state] TRACE i.a.utils.serializer.KryoNamespace - class java.util.concurrent.atomic.AtomicLong registered as 19
00:27:51.975 [raft-server-3-state] TRACE i.a.utils.serializer.KryoNamespace - class com.google.common.collect.ImmutableList registered as 20
00:27:51.975 [raft-server-3-state] TRACE i.a.utils.serializer.KryoNamespace - class com.google.common.collect.RegularImmutableList registered as 20
00:27:51.975 [raft-server-3-state] TRACE i.a.utils.serializer.KryoNamespace - class com.google.common.collect.RegularImmutableList registered as 20
00:27:51.975 [raft-server-3-state] TRACE i.a.utils.serializer.KryoNamespace - class com.google.common.collect.ImmutableList$SubList registered as 20
00:27:51.975 [raft-server-3-state] TRACE i.a.utils.serializer.KryoNamespace - class com.google.common.collect.ImmutableSet registered as 21
00:27:51.975 [raft-server-3-state] TRACE i.a.utils.serializer.KryoNamespace - class com.google.common.collect.RegularImmutableSet registered as 21
00:27:51.975 [raft-server-3-state] TRACE i.a.utils.serializer.KryoNamespace - class com.google.common.collect.SingletonImmutableSet registered as 21
00:27:51.975 [raft-server-3-state] TRACE i.a.utils.serializer.KryoNamespace - class com.google.common.collect.RegularImmutableSet registered as 21
00:27:51.975 [raft-server-3-state] TRACE i.a.utils.serializer.KryoNamespace - class com.google.common.collect.ImmutableMap registered as 22
00:27:51.975 [raft-server-3-state] TRACE i.a.utils.serializer.KryoNamespace - class com.google.common.collect.RegularImmutableMap registered as 22
00:27:51.976 [raft-server-3-state] TRACE i.a.utils.serializer.KryoNamespace - class com.google.common.collect.RegularImmutableMap registered as 22
00:27:51.976 [raft-server-3-state] TRACE i.a.utils.serializer.KryoNamespace - class com.google.common.collect.RegularImmutableMap registered as 22
00:27:51.976 [raft-server-3-state] TRACE i.a.utils.serializer.KryoNamespace - class java.util.Collections$UnmodifiableSet registered as 23
00:27:51.976 [raft-server-3-state] TRACE i.a.utils.serializer.KryoNamespace - class java.util.HashMap registered as 24
00:27:51.976 [raft-server-3-state] TRACE i.a.utils.serializer.KryoNamespace - class java.util.concurrent.ConcurrentHashMap registered as 25
00:27:51.976 [raft-server-3-state] TRACE i.a.utils.serializer.KryoNamespace - class java.util.concurrent.CopyOnWriteArraySet registered as 26
00:27:51.976 [raft-server-3-state] TRACE i.a.utils.serializer.KryoNamespace - class java.util.ArrayList registered as 27
00:27:51.976 [raft-server-3-state] TRACE i.a.utils.serializer.KryoNamespace - class java.util.LinkedList registered as 28
00:27:51.976 [raft-server-3-state] TRACE i.a.utils.serializer.KryoNamespace - class java.util.HashSet registered as 29
00:27:51.976 [raft-server-3-state] TRACE i.a.utils.serializer.KryoNamespace - class java.util.LinkedHashSet registered as 30
00:27:51.976 [raft-server-3-state] TRACE i.a.utils.serializer.KryoNamespace - class com.sun.jmx.remote.internal.ArrayQueue registered as 31
00:27:51.976 [raft-server-3-state] TRACE i.a.utils.serializer.KryoNamespace - class java.util.ArrayDeque registered as 32
00:27:51.976 [raft-server-3-state] TRACE i.a.utils.serializer.KryoNamespace - class com.google.common.collect.HashMultiset registered as 33
00:27:51.976 [raft-server-3-state] TRACE i.a.utils.serializer.KryoNamespace - class com.google.common.collect.Sets registered as 34
00:27:51.976 [raft-server-3-state] TRACE i.a.utils.serializer.KryoNamespace - class com.google.common.collect.ImmutableEntry registered as 35
00:27:51.976 [raft-server-3-state] TRACE i.a.utils.serializer.KryoNamespace - class java.util.Arrays$ArrayList registered as 36
00:27:51.976 [raft-server-3-state] TRACE i.a.utils.serializer.KryoNamespace - class java.util.Collections$SingletonList registered as 37
00:27:51.976 [raft-server-3-state] TRACE i.a.utils.serializer.KryoNamespace - class java.time.Duration registered as 38
00:27:51.976 [raft-server-3-state] TRACE i.a.utils.serializer.KryoNamespace - class java.util.Collections$EmptySet registered as 39
00:27:51.976 [raft-server-3-state] TRACE i.a.utils.serializer.KryoNamespace - class java.util.Optional registered as 40
00:27:51.976 [raft-server-3-state] TRACE i.a.utils.serializer.KryoNamespace - class java.util.Collections$EmptyList registered as 41
00:27:51.976 [raft-server-3-state] TRACE i.a.utils.serializer.KryoNamespace - class java.util.Collections$SingletonSet registered as 42
00:27:51.976 [raft-server-3-state] TRACE i.a.utils.serializer.KryoNamespace - class [I registered as 43
00:27:51.976 [raft-server-3-state] TRACE i.a.utils.serializer.KryoNamespace - class [J registered as 44
00:27:51.976 [raft-server-3-state] TRACE i.a.utils.serializer.KryoNamespace - class [S registered as 45
00:27:51.976 [raft-server-3-state] TRACE i.a.utils.serializer.KryoNamespace - class [D registered as 46
00:27:51.976 [raft-server-3-state] TRACE i.a.utils.serializer.KryoNamespace - class [F registered as 47
00:27:51.976 [raft-server-3-state] TRACE i.a.utils.serializer.KryoNamespace - class [C registered as 48
00:27:51.977 [raft-server-3-state] TRACE i.a.utils.serializer.KryoNamespace - class [Ljava.lang.String; registered as 49
00:27:51.977 [raft-server-3-state] TRACE i.a.utils.serializer.KryoNamespace - class [Z registered as 50
00:27:51.977 [raft-server-3-state] TRACE i.a.utils.serializer.KryoNamespace - class [Ljava.lang.Object; registered as 51
00:27:51.977 [raft-server-3-state] TRACE i.a.utils.serializer.KryoNamespace - class io.atomix.primitive.service.ServiceConfig registered as 52
00:27:51.977 [raft-server-3-state] TRACE i.a.p.raft.impl.RaftServiceManager - RaftServer{3} - Applying Indexed{index=51, entry=CommandEntry{term=1, timestamp=2018-06-10 12:27:51,632, session=2, sequence=44, operation=PrimitiveOperation{id=DefaultOperationId{id=write, type=COMMAND}, value=byte[]{length=17, hash=-1644578928}}}}
00:27:51.977 [raft-server-3-state] TRACE i.a.p.s.impl.DefaultServiceExecutor - PrimitiveService{2}{type=io.atomix.protocols.raft.RaftTest$TestPrimitiveType@192b3940, name=raft-test} - Executing DefaultCommit{index=51, session=RaftSession{RaftServiceContext{server=3, type=io.atomix.protocols.raft.RaftTest$TestPrimitiveType@192b3940, name=raft-test, id=2}, session=2, timestamp=2018-06-10 12:27:51,632}, time=2018-06-10 12:27:51,632, operation=DefaultOperationId{id=write, type=COMMAND}, value=byte[]{length=17, hash=-1644578928}}
00:27:51.977 [raft-server-3-compaction] DEBUG i.a.p.r.s.snapshot.SnapshotStore - Created disk snapshot: FileSnapshot{index=50}
00:27:52.009 [raft-server-2] TRACE i.a.p.raft.roles.FollowerRole - RaftServer{2}{role=FOLLOWER} - Committed entries up to index 51
00:27:52.010 [raft-server-2] TRACE i.a.p.raft.roles.FollowerRole - RaftServer{2}{role=FOLLOWER} - Sending AppendResponse{status=OK, term=1, succeeded=true, lastLogIndex=51}
00:27:52.010 [raft-server-2-state] TRACE i.a.p.raft.impl.RaftServiceManager - RaftServer{2} - Applying Indexed{index=51, entry=CommandEntry{term=1, timestamp=2018-06-10 12:27:51,632, session=2, sequence=44, operation=PrimitiveOperation{id=DefaultOperationId{id=write, type=COMMAND}, value=byte[]{length=17, hash=-1644578928}}}}
00:27:52.010 [raft-server-2-state] TRACE i.a.p.s.impl.DefaultServiceExecutor - PrimitiveService{2}{type=io.atomix.protocols.raft.RaftTest$TestPrimitiveType@68be9fc, name=raft-test} - Executing DefaultCommit{index=51, session=RaftSession{RaftServiceContext{server=2, type=io.atomix.protocols.raft.RaftTest$TestPrimitiveType@68be9fc, name=raft-test, id=2}, session=2, timestamp=2018-06-10 12:27:51,632}, time=2018-06-10 12:27:51,632, operation=DefaultOperationId{id=write, type=COMMAND}, value=byte[]{length=17, hash=-1644578928}}
00:27:52.031 [raft-server-1] TRACE i.a.p.raft.roles.LeaderAppender - RaftServer{1} - Received AppendResponse{status=OK, term=1, succeeded=true, lastLogIndex=51} from 2
00:27:52.031 [raft-server-1] TRACE i.a.p.raft.roles.LeaderAppender - RaftServer{1} - Sending AppendRequest{term=1, leader=1, prevLogIndex=51, prevLogTerm=1, entries=1, commitIndex=52} to 2
00:27:52.031 [raft-server-2] TRACE i.a.p.raft.roles.FollowerRole - RaftServer{2}{role=FOLLOWER} - Received AppendRequest{term=1, leader=1, prevLogIndex=51, prevLogTerm=1, entries=1, commitIndex=52}
00:27:52.031 [raft-server-1-state] TRACE i.a.p.raft.impl.RaftServiceManager - RaftServer{1} - Applying Indexed{index=52, entry=CommandEntry{term=1, timestamp=2018-06-10 12:27:51,957, session=2, sequence=45, operation=PrimitiveOperation{id=DefaultOperationId{id=write, type=COMMAND}, value=byte[]{length=17, hash=-1644578928}}}}
00:27:52.031 [raft-server-1-state] TRACE i.a.p.s.impl.DefaultServiceExecutor - PrimitiveService{2}{type=io.atomix.protocols.raft.RaftTest$TestPrimitiveType@f170389, name=raft-test} - Executing DefaultCommit{index=52, session=RaftSession{RaftServiceContext{server=1, type=io.atomix.protocols.raft.RaftTest$TestPrimitiveType@f170389, name=raft-test, id=2}, session=2, timestamp=2018-06-10 12:27:51,957}, time=2018-06-10 12:27:51,957, operation=DefaultOperationId{id=write, type=COMMAND}, value=byte[]{length=17, hash=-1644578928}}
00:27:52.031 [raft-server-2] TRACE i.a.p.raft.roles.FollowerRole - RaftServer{2}{role=FOLLOWER} - Appended Indexed{index=52, entry=CommandEntry{term=1, timestamp=2018-06-10 12:27:51,957, session=2, sequence=45, operation=PrimitiveOperation{id=DefaultOperationId{id=write, type=COMMAND}, value=byte[]{length=17, hash=-1644578928}}}}
00:27:52.031 [raft-server-1-state] TRACE i.a.protocols.raft.roles.LeaderRole - RaftServer{1}{role=LEADER} - Sending CommandResponse{status=OK, index=52, eventIndex=2, result=byte[]{length=2, hash=1344}}
00:27:52.031 [raft-client-1f73cd99-b88c-4b59-9944-86684dacc85c-7] TRACE i.a.p.r.s.impl.RaftSessionConnection - SessionClient{2}{type=io.atomix.protocols.raft.RaftTest$TestPrimitiveType@7d0100ea, name=raft-test} - Received CommandResponse{status=OK, index=52, eventIndex=2, result=byte[]{length=2, hash=1344}} from 1
00:27:52.031 [raft-client-1f73cd99-b88c-4b59-9944-86684dacc85c-7] TRACE i.a.p.r.s.impl.RaftSessionSequencer - SessionClient{2}{type=io.atomix.protocols.raft.RaftTest$TestPrimitiveType@7d0100ea, name=raft-test} - Completing response CommandResponse{status=OK, index=52, eventIndex=2, result=byte[]{length=2, hash=1344}}
00:27:52.032 [raft-client-1f73cd99-b88c-4b59-9944-86684dacc85c-3] TRACE i.a.p.r.s.impl.RaftSessionConnection - SessionClient{2}{type=io.atomix.protocols.raft.RaftTest$TestPrimitiveType@7d0100ea, name=raft-test} - Sending CommandRequest{session=2, sequence=46, operation=PrimitiveOperation{id=DefaultOperationId{id=write, type=COMMAND}, value=byte[]{length=17, hash=-1644578928}}} to 1
00:27:52.032 [raft-server-1] TRACE i.a.protocols.raft.roles.LeaderRole - RaftServer{1}{role=LEADER} - Received CommandRequest{session=2, sequence=46, operation=PrimitiveOperation{id=DefaultOperationId{id=write, type=COMMAND}, value=byte[]{length=17, hash=-1644578928}}}
00:27:52.032 [raft-server-1] TRACE i.a.protocols.raft.roles.LeaderRole - RaftServer{1}{role=LEADER} - Appended Indexed{index=53, entry=CommandEntry{term=1, timestamp=2018-06-10 12:27:52,032, session=2, sequence=46, operation=PrimitiveOperation{id=DefaultOperationId{id=write, type=COMMAND}, value=byte[]{length=17, hash=-1644578928}}}}
00:27:52.032 [raft-server-1] TRACE i.a.p.raft.roles.LeaderAppender - RaftServer{1} - Sending AppendRequest{term=1, leader=1, prevLogIndex=52, prevLogTerm=1, entries=1, commitIndex=52} to 3
00:27:52.032 [raft-server-3] TRACE i.a.p.raft.roles.FollowerRole - RaftServer{3}{role=FOLLOWER} - Received AppendRequest{term=1, leader=1, prevLogIndex=52, prevLogTerm=1, entries=1, commitIndex=52}
00:27:52.032 [raft-server-3] TRACE i.a.p.raft.roles.FollowerRole - RaftServer{3}{role=FOLLOWER} - Appended Indexed{index=53, entry=CommandEntry{term=1, timestamp=2018-06-10 12:27:52,032, session=2, sequence=46, operation=PrimitiveOperation{id=DefaultOperationId{id=write, type=COMMAND}, value=byte[]{length=17, hash=-1644578928}}}}
00:27:52.096 [raft-server-2] TRACE i.a.p.raft.roles.FollowerRole - RaftServer{2}{role=FOLLOWER} - Committed entries up to index 52
00:27:52.096 [raft-server-3] TRACE i.a.p.raft.roles.FollowerRole - RaftServer{3}{role=FOLLOWER} - Committed entries up to index 52
00:27:52.096 [raft-server-2] TRACE i.a.p.raft.roles.FollowerRole - RaftServer{2}{role=FOLLOWER} - Sending AppendResponse{status=OK, term=1, succeeded=true, lastLogIndex=52}
00:27:52.096 [raft-server-3] TRACE i.a.p.raft.roles.FollowerRole - RaftServer{3}{role=FOLLOWER} - Sending AppendResponse{status=OK, term=1, succeeded=true, lastLogIndex=53}
00:27:52.096 [raft-server-1] TRACE i.a.p.raft.roles.LeaderAppender - RaftServer{1} - Received AppendResponse{status=OK, term=1, succeeded=true, lastLogIndex=52} from 2
00:27:52.096 [raft-server-3-state] TRACE i.a.p.raft.impl.RaftServiceManager - RaftServer{3} - Applying Indexed{index=52, entry=CommandEntry{term=1, timestamp=2018-06-10 12:27:51,957, session=2, sequence=45, operation=PrimitiveOperation{id=DefaultOperationId{id=write, type=COMMAND}, value=byte[]{length=17, hash=-1644578928}}}}
00:27:52.096 [raft-server-2-state] TRACE i.a.p.raft.impl.RaftServiceManager - RaftServer{2} - Applying Indexed{index=52, entry=CommandEntry{term=1, timestamp=2018-06-10 12:27:51,957, session=2, sequence=45, operation=PrimitiveOperation{id=DefaultOperationId{id=write, type=COMMAND}, value=byte[]{length=17, hash=-1644578928}}}}
00:27:52.096 [raft-server-1] TRACE i.a.p.raft.roles.LeaderAppender - RaftServer{1} - Sending AppendRequest{term=1, leader=1, prevLogIndex=52, prevLogTerm=1, entries=1, commitIndex=52} to 2
00:27:52.096 [raft-server-3-state] TRACE i.a.p.s.impl.DefaultServiceExecutor - PrimitiveService{2}{type=io.atomix.protocols.raft.RaftTest$TestPrimitiveType@192b3940, name=raft-test} - Executing DefaultCommit{index=52, session=RaftSession{RaftServiceContext{server=3, type=io.atomix.protocols.raft.RaftTest$TestPrimitiveType@192b3940, name=raft-test, id=2}, session=2, timestamp=2018-06-10 12:27:51,957}, time=2018-06-10 12:27:51,957, operation=DefaultOperationId{id=write, type=COMMAND}, value=byte[]{length=17, hash=-1644578928}}
00:27:52.096 [raft-server-2-state] TRACE i.a.p.s.impl.DefaultServiceExecutor - PrimitiveService{2}{type=io.atomix.protocols.raft.RaftTest$TestPrimitiveType@68be9fc, name=raft-test} - Executing DefaultCommit{index=52, session=RaftSession{RaftServiceContext{server=2, type=io.atomix.protocols.raft.RaftTest$TestPrimitiveType@68be9fc, name=raft-test, id=2}, session=2, timestamp=2018-06-10 12:27:51,957}, time=2018-06-10 12:27:51,957, operation=DefaultOperationId{id=write, type=COMMAND}, value=byte[]{length=17, hash=-1644578928}}
00:27:52.096 [raft-server-2] TRACE i.a.p.raft.roles.FollowerRole - RaftServer{2}{role=FOLLOWER} - Received AppendRequest{term=1, leader=1, prevLogIndex=52, prevLogTerm=1, entries=1, commitIndex=52}
00:27:52.096 [raft-server-1] TRACE i.a.p.raft.roles.LeaderAppender - RaftServer{1} - Received AppendResponse{status=OK, term=1, succeeded=true, lastLogIndex=53} from 3
00:27:52.097 [raft-server-1] TRACE i.a.p.raft.roles.LeaderAppender - RaftServer{1} - Committed entries up to 53
00:27:52.097 [raft-server-2] TRACE i.a.p.raft.roles.FollowerRole - RaftServer{2}{role=FOLLOWER} - Appended Indexed{index=53, entry=CommandEntry{term=1, timestamp=2018-06-10 12:27:52,032, session=2, sequence=46, operation=PrimitiveOperation{id=DefaultOperationId{id=write, type=COMMAND}, value=byte[]{length=17, hash=-1644578928}}}}
00:27:52.097 [raft-server-2] TRACE i.a.p.raft.roles.FollowerRole - RaftServer{2}{role=FOLLOWER} - Sending AppendResponse{status=OK, term=1, succeeded=true, lastLogIndex=53}
00:27:52.122 [raft-server-1] TRACE i.a.p.raft.roles.LeaderAppender - RaftServer{1} - Received AppendResponse{status=OK, term=1, succeeded=true, lastLogIndex=53} from 2
00:27:52.122 [raft-server-1-state] TRACE i.a.p.raft.impl.RaftServiceManager - RaftServer{1} - Applying Indexed{index=53, entry=CommandEntry{term=1, timestamp=2018-06-10 12:27:52,032, session=2, sequence=46, operation=PrimitiveOperation{id=DefaultOperationId{id=write, type=COMMAND}, value=byte[]{length=17, hash=-1644578928}}}}
00:27:52.123 [raft-server-1-state] TRACE i.a.p.s.impl.DefaultServiceExecutor - PrimitiveService{2}{type=io.atomix.protocols.raft.RaftTest$TestPrimitiveType@f170389, name=raft-test} - Executing DefaultCommit{index=53, session=RaftSession{RaftServiceContext{server=1, type=io.atomix.protocols.raft.RaftTest$TestPrimitiveType@f170389, name=raft-test, id=2}, session=2, timestamp=2018-06-10 12:27:52,032}, time=2018-06-10 12:27:52,032, operation=DefaultOperationId{id=write, type=COMMAND}, value=byte[]{length=17, hash=-1644578928}}
00:27:52.123 [raft-server-1-state] TRACE i.a.protocols.raft.roles.LeaderRole - RaftServer{1}{role=LEADER} - Sending CommandResponse{status=OK, index=53, eventIndex=2, result=byte[]{length=2, hash=1346}}
00:27:52.123 [raft-client-1f73cd99-b88c-4b59-9944-86684dacc85c-5] TRACE i.a.p.r.s.impl.RaftSessionConnection - SessionClient{2}{type=io.atomix.protocols.raft.RaftTest$TestPrimitiveType@7d0100ea, name=raft-test} - Received CommandResponse{status=OK, index=53, eventIndex=2, result=byte[]{length=2, hash=1346}} from 1
00:27:52.123 [raft-client-1f73cd99-b88c-4b59-9944-86684dacc85c-5] TRACE i.a.p.r.s.impl.RaftSessionSequencer - SessionClient{2}{type=io.atomix.protocols.raft.RaftTest$TestPrimitiveType@7d0100ea, name=raft-test} - Completing response CommandResponse{status=OK, index=53, eventIndex=2, result=byte[]{length=2, hash=1346}}
00:27:52.123 [raft-client-1f73cd99-b88c-4b59-9944-86684dacc85c-5] TRACE i.a.p.r.s.impl.RaftSessionConnection - SessionClient{2}{type=io.atomix.protocols.raft.RaftTest$TestPrimitiveType@7d0100ea, name=raft-test} - Sending CommandRequest{session=2, sequence=47, operation=PrimitiveOperation{id=DefaultOperationId{id=write, type=COMMAND}, value=byte[]{length=17, hash=-1644578928}}} to 1
00:27:52.123 [raft-server-1] TRACE i.a.protocols.raft.roles.LeaderRole - RaftServer{1}{role=LEADER} - Received CommandRequest{session=2, sequence=47, operation=PrimitiveOperation{id=DefaultOperationId{id=write, type=COMMAND}, value=byte[]{length=17, hash=-1644578928}}}
00:27:52.123 [raft-server-1] TRACE i.a.protocols.raft.roles.LeaderRole - RaftServer{1}{role=LEADER} - Appended Indexed{index=54, entry=CommandEntry{term=1, timestamp=2018-06-10 12:27:52,123, session=2, sequence=47, operation=PrimitiveOperation{id=DefaultOperationId{id=write, type=COMMAND}, value=byte[]{length=17, hash=-1644578928}}}}
00:27:52.124 [raft-server-1] TRACE i.a.p.raft.roles.LeaderAppender - RaftServer{1} - Sending AppendRequest{term=1, leader=1, prevLogIndex=53, prevLogTerm=1, entries=1, commitIndex=53} to 3
00:27:52.124 [raft-server-3] TRACE i.a.p.raft.roles.FollowerRole - RaftServer{3}{role=FOLLOWER} - Received AppendRequest{term=1, leader=1, prevLogIndex=53, prevLogTerm=1, entries=1, commitIndex=53}
00:27:52.124 [raft-server-1] TRACE i.a.p.raft.roles.LeaderAppender - RaftServer{1} - Sending AppendRequest{term=1, leader=1, prevLogIndex=53, prevLogTerm=1, entries=1, commitIndex=53} to 2
00:27:52.124 [raft-server-2] TRACE i.a.p.raft.roles.FollowerRole - RaftServer{2}{role=FOLLOWER} - Received AppendRequest{term=1, leader=1, prevLogIndex=53, prevLogTerm=1, entries=1, commitIndex=53}
00:27:52.124 [raft-server-3] TRACE i.a.p.raft.roles.FollowerRole - RaftServer{3}{role=FOLLOWER} - Appended Indexed{index=54, entry=CommandEntry{term=1, timestamp=2018-06-10 12:27:52,123, session=2, sequence=47, operation=PrimitiveOperation{id=DefaultOperationId{id=write, type=COMMAND}, value=byte[]{length=17, hash=-1644578928}}}}
00:27:52.124 [raft-server-2] TRACE i.a.p.raft.roles.FollowerRole - RaftServer{2}{role=FOLLOWER} - Appended Indexed{index=54, entry=CommandEntry{term=1, timestamp=2018-06-10 12:27:52,123, session=2, sequence=47, operation=PrimitiveOperation{id=DefaultOperationId{id=write, type=COMMAND}, value=byte[]{length=17, hash=-1644578928}}}}
00:27:52.156 [raft-server-3] TRACE i.a.p.raft.roles.FollowerRole - RaftServer{3}{role=FOLLOWER} - Committed entries up to index 53
00:27:52.156 [raft-server-2] TRACE i.a.p.raft.roles.FollowerRole - RaftServer{2}{role=FOLLOWER} - Committed entries up to index 53
00:27:52.156 [raft-server-3] TRACE i.a.p.raft.roles.FollowerRole - RaftServer{3}{role=FOLLOWER} - Sending AppendResponse{status=OK, term=1, succeeded=true, lastLogIndex=54}
00:27:52.156 [raft-server-2] TRACE i.a.p.raft.roles.FollowerRole - RaftServer{2}{role=FOLLOWER} - Sending AppendResponse{status=OK, term=1, succeeded=true, lastLogIndex=54}
00:27:52.156 [raft-server-2-state] TRACE i.a.p.raft.impl.RaftServiceManager - RaftServer{2} - Applying Indexed{index=53, entry=CommandEntry{term=1, timestamp=2018-06-10 12:27:52,032, session=2, sequence=46, operation=PrimitiveOperation{id=DefaultOperationId{id=write, type=COMMAND}, value=byte[]{length=17, hash=-1644578928}}}}
00:27:52.156 [raft-server-3-state] TRACE i.a.p.raft.impl.RaftServiceManager - RaftServer{3} - Applying Indexed{index=53, entry=CommandEntry{term=1, timestamp=2018-06-10 12:27:52,032, session=2, sequence=46, operation=PrimitiveOperation{id=DefaultOperationId{id=write, type=COMMAND}, value=byte[]{length=17, hash=-1644578928}}}}
00:27:52.156 [raft-server-1] TRACE i.a.p.raft.roles.LeaderAppender - RaftServer{1} - Received AppendResponse{status=OK, term=1, succeeded=true, lastLogIndex=54} from 3
00:27:52.156 [raft-server-1] TRACE i.a.p.raft.roles.LeaderAppender - RaftServer{1} - Committed entries up to 54
00:27:52.156 [raft-server-3-state] TRACE i.a.p.s.impl.DefaultServiceExecutor - PrimitiveService{2}{type=io.atomix.protocols.raft.RaftTest$TestPrimitiveType@192b3940, name=raft-test} - Executing DefaultCommit{index=53, session=RaftSession{RaftServiceContext{server=3, type=io.atomix.protocols.raft.RaftTest$TestPrimitiveType@192b3940, name=raft-test, id=2}, session=2, timestamp=2018-06-10 12:27:52,032}, time=2018-06-10 12:27:52,032, operation=DefaultOperationId{id=write, type=COMMAND}, value=byte[]{length=17, hash=-1644578928}}
00:27:52.156 [raft-server-2-state] TRACE i.a.p.s.impl.DefaultServiceExecutor - PrimitiveService{2}{type=io.atomix.protocols.raft.RaftTest$TestPrimitiveType@68be9fc, name=raft-test} - Executing DefaultCommit{index=53, session=RaftSession{RaftServiceContext{server=2, type=io.atomix.protocols.raft.RaftTest$TestPrimitiveType@68be9fc, name=raft-test, id=2}, session=2, timestamp=2018-06-10 12:27:52,032}, time=2018-06-10 12:27:52,032, operation=DefaultOperationId{id=write, type=COMMAND}, value=byte[]{length=17, hash=-1644578928}}
00:27:52.201 [raft-server-1] TRACE i.a.p.raft.roles.LeaderAppender - RaftServer{1} - Received AppendResponse{status=OK, term=1, succeeded=true, lastLogIndex=54} from 2
00:27:52.201 [raft-server-1] TRACE i.a.p.raft.roles.LeaderAppender - RaftServer{1} - Sending AppendRequest{term=1, leader=1, prevLogIndex=54, prevLogTerm=1, entries=0, commitIndex=54} to 3
00:27:52.201 [raft-server-1] TRACE i.a.p.raft.roles.LeaderAppender - RaftServer{1} - Sending AppendRequest{term=1, leader=1, prevLogIndex=54, prevLogTerm=1, entries=0, commitIndex=54} to 2
00:27:52.201 [raft-server-3] TRACE i.a.p.raft.roles.FollowerRole - RaftServer{3}{role=FOLLOWER} - Received AppendRequest{term=1, leader=1, prevLogIndex=54, prevLogTerm=1, entries=0, commitIndex=54}
00:27:52.202 [raft-server-2] TRACE i.a.p.raft.roles.FollowerRole - RaftServer{2}{role=FOLLOWER} - Received AppendRequest{term=1, leader=1, prevLogIndex=54, prevLogTerm=1, entries=0, commitIndex=54}
00:27:52.202 [raft-server-2] TRACE i.a.p.raft.roles.FollowerRole - RaftServer{2}{role=FOLLOWER} - Committed entries up to index 54
00:27:52.202 [raft-server-1-state] TRACE i.a.p.raft.impl.RaftServiceManager - RaftServer{1} - Applying Indexed{index=54, entry=CommandEntry{term=1, timestamp=2018-06-10 12:27:52,123, session=2, sequence=47, operation=PrimitiveOperation{id=DefaultOperationId{id=write, type=COMMAND}, value=byte[]{length=17, hash=-1644578928}}}}
00:27:52.202 [raft-server-2] TRACE i.a.p.raft.roles.FollowerRole - RaftServer{2}{role=FOLLOWER} - Sending AppendResponse{status=OK, term=1, succeeded=true, lastLogIndex=54}
00:27:52.202 [raft-server-1-state] TRACE i.a.p.s.impl.DefaultServiceExecutor - PrimitiveService{2}{type=io.atomix.protocols.raft.RaftTest$TestPrimitiveType@f170389, name=raft-test} - Executing DefaultCommit{index=54, session=RaftSession{RaftServiceContext{server=1, type=io.atomix.protocols.raft.RaftTest$TestPrimitiveType@f170389, name=raft-test, id=2}, session=2, timestamp=2018-06-10 12:27:52,123}, time=2018-06-10 12:27:52,123, operation=DefaultOperationId{id=write, type=COMMAND}, value=byte[]{length=17, hash=-1644578928}}
00:27:52.202 [raft-server-2-state] TRACE i.a.p.raft.impl.RaftServiceManager - RaftServer{2} - Applying Indexed{index=54, entry=CommandEntry{term=1, timestamp=2018-06-10 12:27:52,123, session=2, sequence=47, operation=PrimitiveOperation{id=DefaultOperationId{id=write, type=COMMAND}, value=byte[]{length=17, hash=-1644578928}}}}
00:27:52.202 [raft-server-1-state] TRACE i.a.protocols.raft.roles.LeaderRole - RaftServer{1}{role=LEADER} - Sending CommandResponse{status=OK, index=54, eventIndex=2, result=byte[]{length=2, hash=1348}}
00:27:52.202 [raft-server-2-state] TRACE i.a.p.s.impl.DefaultServiceExecutor - PrimitiveService{2}{type=io.atomix.protocols.raft.RaftTest$TestPrimitiveType@68be9fc, name=raft-test} - Executing DefaultCommit{index=54, session=RaftSession{RaftServiceContext{server=2, type=io.atomix.protocols.raft.RaftTest$TestPrimitiveType@68be9fc, name=raft-test, id=2}, session=2, timestamp=2018-06-10 12:27:52,123}, time=2018-06-10 12:27:52,123, operation=DefaultOperationId{id=write, type=COMMAND}, value=byte[]{length=17, hash=-1644578928}}
00:27:52.202 [raft-client-1f73cd99-b88c-4b59-9944-86684dacc85c-4] TRACE i.a.p.r.s.impl.RaftSessionConnection - SessionClient{2}{type=io.atomix.protocols.raft.RaftTest$TestPrimitiveType@7d0100ea, name=raft-test} - Received CommandResponse{status=OK, index=54, eventIndex=2, result=byte[]{length=2, hash=1348}} from 1
00:27:52.202 [raft-client-1f73cd99-b88c-4b59-9944-86684dacc85c-4] TRACE i.a.p.r.s.impl.RaftSessionSequencer - SessionClient{2}{type=io.atomix.protocols.raft.RaftTest$TestPrimitiveType@7d0100ea, name=raft-test} - Completing response CommandResponse{status=OK, index=54, eventIndex=2, result=byte[]{length=2, hash=1348}}
00:27:52.203 [raft-client-1f73cd99-b88c-4b59-9944-86684dacc85c-4] TRACE i.a.p.r.s.impl.RaftSessionConnection - SessionClient{2}{type=io.atomix.protocols.raft.RaftTest$TestPrimitiveType@7d0100ea, name=raft-test} - Sending CommandRequest{session=2, sequence=48, operation=PrimitiveOperation{id=DefaultOperationId{id=write, type=COMMAND}, value=byte[]{length=17, hash=-1644578928}}} to 1
00:27:52.203 [raft-server-1] TRACE i.a.p.raft.roles.LeaderAppender - RaftServer{1} - Received AppendResponse{status=OK, term=1, succeeded=true, lastLogIndex=54} from 2
00:27:52.203 [raft-server-1] TRACE i.a.p.raft.roles.LeaderAppender - RaftServer{1} - Sending AppendRequest{term=1, leader=1, prevLogIndex=54, prevLogTerm=1, entries=0, commitIndex=54} to 2
00:27:52.203 [raft-server-1] TRACE i.a.protocols.raft.roles.LeaderRole - RaftServer{1}{role=LEADER} - Received CommandRequest{session=2, sequence=48, operation=PrimitiveOperation{id=DefaultOperationId{id=write, type=COMMAND}, value=byte[]{length=17, hash=-1644578928}}}
00:27:52.203 [raft-server-2] TRACE i.a.p.raft.roles.FollowerRole - RaftServer{2}{role=FOLLOWER} - Received AppendRequest{term=1, leader=1, prevLogIndex=54, prevLogTerm=1, entries=0, commitIndex=54}
00:27:52.204 [raft-server-2] TRACE i.a.p.raft.roles.FollowerRole - RaftServer{2}{role=FOLLOWER} - Sending AppendResponse{status=OK, term=1, succeeded=true, lastLogIndex=54}
00:27:52.204 [raft-server-1] TRACE i.a.protocols.raft.roles.LeaderRole - RaftServer{1}{role=LEADER} - Appended Indexed{index=55, entry=CommandEntry{term=1, timestamp=2018-06-10 12:27:52,203, session=2, sequence=48, operation=PrimitiveOperation{id=DefaultOperationId{id=write, type=COMMAND}, value=byte[]{length=17, hash=-1644578928}}}}
00:27:52.204 [raft-server-1] TRACE i.a.p.raft.roles.LeaderAppender - RaftServer{1} - Received AppendResponse{status=OK, term=1, succeeded=true, lastLogIndex=54} from 2
00:27:52.204 [raft-server-1] TRACE i.a.p.raft.roles.LeaderAppender - RaftServer{1} - Sending AppendRequest{term=1, leader=1, prevLogIndex=54, prevLogTerm=1, entries=1, commitIndex=54} to 2
00:27:52.204 [raft-server-2] TRACE i.a.p.raft.roles.FollowerRole - RaftServer{2}{role=FOLLOWER} - Received AppendRequest{term=1, leader=1, prevLogIndex=54, prevLogTerm=1, entries=1, commitIndex=54}
00:27:52.204 [raft-server-2] TRACE i.a.p.raft.roles.FollowerRole - RaftServer{2}{role=FOLLOWER} - Appended Indexed{index=55, entry=CommandEntry{term=1, timestamp=2018-06-10 12:27:52,203, session=2, sequence=48, operation=PrimitiveOperation{id=DefaultOperationId{id=write, type=COMMAND}, value=byte[]{length=17, hash=-1644578928}}}}
00:27:52.204 [raft-server-2] TRACE i.a.p.raft.roles.FollowerRole - RaftServer{2}{role=FOLLOWER} - Sending AppendResponse{status=OK, term=1, succeeded=true, lastLogIndex=55}
00:27:52.205 [raft-server-1] TRACE i.a.p.raft.roles.LeaderAppender - RaftServer{1} - Received AppendResponse{status=OK, term=1, succeeded=true, lastLogIndex=55} from 2
00:27:52.205 [raft-server-1] TRACE i.a.p.raft.roles.LeaderAppender - RaftServer{1} - Committed entries up to 55
00:27:52.617 [raft-client-1f73cd99-b88c-4b59-9944-86684dacc85c-1] TRACE i.a.p.r.s.impl.RaftSessionManager - RaftClient{1f73cd99-b88c-4b59-9944-86684dacc85c} - Keeping 1 sessions alive
00:27:52.617 [raft-client-1f73cd99-b88c-4b59-9944-86684dacc85c-1] TRACE i.a.p.r.s.impl.RaftSessionConnection - RaftClient{1f73cd99-b88c-4b59-9944-86684dacc85c} - Sending KeepAliveRequest{sessionIds=long[]{length=1, hash=33}, commandSequences=long[]{length=1, hash=78}, eventIndexes=long[]{length=1, hash=33}} to 3
00:27:52.743 [raft-server-3] TRACE i.a.p.raft.roles.FollowerRole - RaftServer{3}{role=FOLLOWER} - Committed entries up to index 54
00:27:52.743 [raft-server-3] TRACE i.a.p.raft.roles.FollowerRole - RaftServer{3}{role=FOLLOWER} - Sending AppendResponse{status=OK, term=1, succeeded=true, lastLogIndex=54}
00:27:52.743 [raft-server-3] TRACE i.a.p.raft.roles.FollowerRole - RaftServer{3}{role=FOLLOWER} - Received KeepAliveRequest{sessionIds=long[]{length=1, hash=33}, commandSequences=long[]{length=1, hash=78}, eventIndexes=long[]{length=1, hash=33}}
00:27:52.743 [raft-server-3-state] TRACE i.a.p.raft.impl.RaftServiceManager - RaftServer{3} - Applying Indexed{index=54, entry=CommandEntry{term=1, timestamp=2018-06-10 12:27:52,123, session=2, sequence=47, operation=PrimitiveOperation{id=DefaultOperationId{id=write, type=COMMAND}, value=byte[]{length=17, hash=-1644578928}}}}
00:27:52.743 [raft-server-3-state] TRACE i.a.p.s.impl.DefaultServiceExecutor - PrimitiveService{2}{type=io.atomix.protocols.raft.RaftTest$TestPrimitiveType@192b3940, name=raft-test} - Executing DefaultCommit{index=54, session=RaftSession{RaftServiceContext{server=3, type=io.atomix.protocols.raft.RaftTest$TestPrimitiveType@192b3940, name=raft-test, id=2}, session=2, timestamp=2018-06-10 12:27:52,123}, time=2018-06-10 12:27:52,123, operation=DefaultOperationId{id=write, type=COMMAND}, value=byte[]{length=17, hash=-1644578928}}
00:27:53.089 [raft-server-1] TRACE i.a.p.raft.roles.LeaderAppender - RaftServer{1} - Sending AppendRequest{term=1, leader=1, prevLogIndex=54, prevLogTerm=1, entries=1, commitIndex=55} to 3
00:27:53.089 [raft-server-3] TRACE i.a.p.raft.roles.FollowerRole - RaftServer{3}{role=FOLLOWER} - Received AppendRequest{term=1, leader=1, prevLogIndex=54, prevLogTerm=1, entries=1, commitIndex=55}
00:27:53.089 [raft-server-1] TRACE i.a.p.raft.roles.LeaderAppender - RaftServer{1} - Sending AppendRequest{term=1, leader=1, prevLogIndex=55, prevLogTerm=1, entries=0, commitIndex=55} to 2
00:27:53.089 [raft-server-2] TRACE i.a.p.raft.roles.FollowerRole - RaftServer{2}{role=FOLLOWER} - Received AppendRequest{term=1, leader=1, prevLogIndex=55, prevLogTerm=1, entries=0, commitIndex=55}
00:27:53.089 [raft-server-1] TRACE i.a.p.raft.roles.LeaderAppender - RaftServer{1} - Received AppendResponse{status=OK, term=1, succeeded=true, lastLogIndex=54} from 3
00:27:53.089 [raft-server-3] TRACE i.a.p.raft.roles.FollowerRole - RaftServer{3}{role=FOLLOWER} - Appended Indexed{index=55, entry=CommandEntry{term=1, timestamp=2018-06-10 12:27:52,203, session=2, sequence=48, operation=PrimitiveOperation{id=DefaultOperationId{id=write, type=COMMAND}, value=byte[]{length=17, hash=-1644578928}}}}
00:27:53.089 [raft-server-1] TRACE i.a.protocols.raft.roles.LeaderRole - RaftServer{1}{role=LEADER} - Received KeepAliveRequest{sessionIds=long[]{length=1, hash=33}, commandSequences=long[]{length=1, hash=78}, eventIndexes=long[]{length=1, hash=33}}
00:27:53.090 [raft-server-1] TRACE i.a.protocols.raft.roles.LeaderRole - RaftServer{1}{role=LEADER} - Appended Indexed{index=56, entry=KeepAliveEntry{term=1, timestamp=2018-06-10 12:27:53,089, sessionIds=long[]{length=1, hash=33}, commandSequences=long[]{length=1, hash=78}, eventIndexes=long[]{length=1, hash=33}}}
00:27:53.090 [raft-server-1-state] TRACE i.a.p.raft.impl.RaftServiceManager - RaftServer{1} - Applying Indexed{index=55, entry=CommandEntry{term=1, timestamp=2018-06-10 12:27:52,203, session=2, sequence=48, operation=PrimitiveOperation{id=DefaultOperationId{id=write, type=COMMAND}, value=byte[]{length=17, hash=-1644578928}}}}
00:27:53.090 [raft-server-1-state] TRACE i.a.p.s.impl.DefaultServiceExecutor - PrimitiveService{2}{type=io.atomix.protocols.raft.RaftTest$TestPrimitiveType@f170389, name=raft-test} - Executing DefaultCommit{index=55, session=RaftSession{RaftServiceContext{server=1, type=io.atomix.protocols.raft.RaftTest$TestPrimitiveType@f170389, name=raft-test, id=2}, session=2, timestamp=2018-06-10 12:27:52,203}, time=2018-06-10 12:27:52,203, operation=DefaultOperationId{id=write, type=COMMAND}, value=byte[]{length=17, hash=-1644578928}}
00:27:53.090 [raft-server-1-state] TRACE i.a.protocols.raft.roles.LeaderRole - RaftServer{1}{role=LEADER} - Sending CommandResponse{status=OK, index=55, eventIndex=2, result=byte[]{length=2, hash=1350}}
00:27:53.090 [raft-client-1f73cd99-b88c-4b59-9944-86684dacc85c-2] TRACE i.a.p.r.s.impl.RaftSessionConnection - SessionClient{2}{type=io.atomix.protocols.raft.RaftTest$TestPrimitiveType@7d0100ea, name=raft-test} - Received CommandResponse{status=OK, index=55, eventIndex=2, result=byte[]{length=2, hash=1350}} from 1
00:27:53.090 [raft-client-1f73cd99-b88c-4b59-9944-86684dacc85c-2] TRACE i.a.p.r.s.impl.RaftSessionSequencer - SessionClient{2}{type=io.atomix.protocols.raft.RaftTest$TestPrimitiveType@7d0100ea, name=raft-test} - Completing response CommandResponse{status=OK, index=55, eventIndex=2, result=byte[]{length=2, hash=1350}}
00:27:53.090 [raft-client-1f73cd99-b88c-4b59-9944-86684dacc85c-6] TRACE i.a.p.r.s.impl.RaftSessionConnection - SessionClient{2}{type=io.atomix.protocols.raft.RaftTest$TestPrimitiveType@7d0100ea, name=raft-test} - Sending CommandRequest{session=2, sequence=49, operation=PrimitiveOperation{id=DefaultOperationId{id=write, type=COMMAND}, value=byte[]{length=17, hash=-1644578928}}} to 1
00:27:53.090 [raft-server-1] TRACE i.a.protocols.raft.roles.LeaderRole - RaftServer{1}{role=LEADER} - Received CommandRequest{session=2, sequence=49, operation=PrimitiveOperation{id=DefaultOperationId{id=write, type=COMMAND}, value=byte[]{length=17, hash=-1644578928}}}
00:27:53.090 [raft-server-1] TRACE i.a.protocols.raft.roles.LeaderRole - RaftServer{1}{role=LEADER} - Appended Indexed{index=57, entry=CommandEntry{term=1, timestamp=2018-06-10 12:27:53,090, session=2, sequence=49, operation=PrimitiveOperation{id=DefaultOperationId{id=write, type=COMMAND}, value=byte[]{length=17, hash=-1644578928}}}}
00:27:53.114 [raft-server-2] TRACE i.a.p.raft.roles.FollowerRole - RaftServer{2}{role=FOLLOWER} - Committed entries up to index 55
00:27:53.114 [raft-server-3] TRACE i.a.p.raft.roles.FollowerRole - RaftServer{3}{role=FOLLOWER} - Committed entries up to index 55
00:27:53.114 [raft-server-2] TRACE i.a.p.raft.roles.FollowerRole - RaftServer{2}{role=FOLLOWER} - Sending AppendResponse{status=OK, term=1, succeeded=true, lastLogIndex=55}
00:27:53.114 [raft-server-3] TRACE i.a.p.raft.roles.FollowerRole - RaftServer{3}{role=FOLLOWER} - Sending AppendResponse{status=OK, term=1, succeeded=true, lastLogIndex=55}
00:27:53.114 [raft-server-1] TRACE i.a.p.raft.roles.LeaderAppender - RaftServer{1} - Received AppendResponse{status=OK, term=1, succeeded=true, lastLogIndex=55} from 2
00:27:53.114 [raft-server-2-state] TRACE i.a.p.raft.impl.RaftServiceManager - RaftServer{2} - Applying Indexed{index=55, entry=CommandEntry{term=1, timestamp=2018-06-10 12:27:52,203, session=2, sequence=48, operation=PrimitiveOperation{id=DefaultOperationId{id=write, type=COMMAND}, value=byte[]{length=17, hash=-1644578928}}}}
00:27:53.114 [raft-server-3-state] TRACE i.a.p.raft.impl.RaftServiceManager - RaftServer{3} - Applying Indexed{index=55, entry=CommandEntry{term=1, timestamp=2018-06-10 12:27:52,203, session=2, sequence=48, operation=PrimitiveOperation{id=DefaultOperationId{id=write, type=COMMAND}, value=byte[]{length=17, hash=-1644578928}}}}
00:27:53.114 [raft-server-1] TRACE i.a.p.raft.roles.LeaderAppender - RaftServer{1} - Sending AppendRequest{term=1, leader=1, prevLogIndex=55, prevLogTerm=1, entries=2, commitIndex=55} to 2
00:27:53.114 [raft-server-2-state] TRACE i.a.p.s.impl.DefaultServiceExecutor - PrimitiveService{2}{type=io.atomix.protocols.raft.RaftTest$TestPrimitiveType@68be9fc, name=raft-test} - Executing DefaultCommit{index=55, session=RaftSession{RaftServiceContext{server=2, type=io.atomix.protocols.raft.RaftTest$TestPrimitiveType@68be9fc, name=raft-test, id=2}, session=2, timestamp=2018-06-10 12:27:52,203}, time=2018-06-10 12:27:52,203, operation=DefaultOperationId{id=write, type=COMMAND}, value=byte[]{length=17, hash=-1644578928}}
00:27:53.114 [raft-server-3-state] TRACE i.a.p.s.impl.DefaultServiceExecutor - PrimitiveService{2}{type=io.atomix.protocols.raft.RaftTest$TestPrimitiveType@192b3940, name=raft-test} - Executing DefaultCommit{index=55, session=RaftSession{RaftServiceContext{server=3, type=io.atomix.protocols.raft.RaftTest$TestPrimitiveType@192b3940, name=raft-test, id=2}, session=2, timestamp=2018-06-10 12:27:52,203}, time=2018-06-10 12:27:52,203, operation=DefaultOperationId{id=write, type=COMMAND}, value=byte[]{length=17, hash=-1644578928}}
00:27:53.115 [raft-server-2] TRACE i.a.p.raft.roles.FollowerRole - RaftServer{2}{role=FOLLOWER} - Received AppendRequest{term=1, leader=1, prevLogIndex=55, prevLogTerm=1, entries=2, commitIndex=55}
00:27:53.115 [raft-server-1] TRACE i.a.p.raft.roles.LeaderAppender - RaftServer{1} - Sending AppendRequest{term=1, leader=1, prevLogIndex=55, prevLogTerm=1, entries=2, commitIndex=55} to 3
00:27:53.115 [raft-server-3] TRACE i.a.p.raft.roles.FollowerRole - RaftServer{3}{role=FOLLOWER} - Received AppendRequest{term=1, leader=1, prevLogIndex=55, prevLogTerm=1, entries=2, commitIndex=55}
00:27:53.115 [raft-server-1] TRACE i.a.p.raft.roles.LeaderAppender - RaftServer{1} - Received AppendResponse{status=OK, term=1, succeeded=true, lastLogIndex=55} from 3
00:27:53.115 [raft-server-2] TRACE i.a.p.raft.roles.FollowerRole - RaftServer{2}{role=FOLLOWER} - Appended Indexed{index=56, entry=KeepAliveEntry{term=1, timestamp=2018-06-10 12:27:53,089, sessionIds=long[]{length=1, hash=33}, commandSequences=long[]{length=1, hash=78}, eventIndexes=long[]{length=1, hash=33}}}
00:27:53.115 [raft-server-3] TRACE i.a.p.raft.roles.FollowerRole - RaftServer{3}{role=FOLLOWER} - Appended Indexed{index=56, entry=KeepAliveEntry{term=1, timestamp=2018-06-10 12:27:53,089, sessionIds=long[]{length=1, hash=33}, commandSequences=long[]{length=1, hash=78}, eventIndexes=long[]{length=1, hash=33}}}
00:27:53.115 [raft-server-2] TRACE i.a.p.raft.roles.FollowerRole - RaftServer{2}{role=FOLLOWER} - Appended Indexed{index=57, entry=CommandEntry{term=1, timestamp=2018-06-10 12:27:53,090, session=2, sequence=49, operation=PrimitiveOperation{id=DefaultOperationId{id=write, type=COMMAND}, value=byte[]{length=17, hash=-1644578928}}}}
00:27:53.115 [raft-server-3] TRACE i.a.p.raft.roles.FollowerRole - RaftServer{3}{role=FOLLOWER} - Appended Indexed{index=57, entry=CommandEntry{term=1, timestamp=2018-06-10 12:27:53,090, session=2, sequence=49, operation=PrimitiveOperation{id=DefaultOperationId{id=write, type=COMMAND}, value=byte[]{length=17, hash=-1644578928}}}}
00:27:53.115 [raft-server-2] TRACE i.a.p.raft.roles.FollowerRole - RaftServer{2}{role=FOLLOWER} - Sending AppendResponse{status=OK, term=1, succeeded=true, lastLogIndex=57}
00:27:53.115 [raft-server-3] TRACE i.a.p.raft.roles.FollowerRole - RaftServer{3}{role=FOLLOWER} - Sending AppendResponse{status=OK, term=1, succeeded=true, lastLogIndex=57}
00:27:53.115 [raft-server-1] TRACE i.a.p.raft.roles.LeaderAppender - RaftServer{1} - Received AppendResponse{status=OK, term=1, succeeded=true, lastLogIndex=57} from 2
00:27:53.115 [raft-server-1] TRACE i.a.p.raft.roles.LeaderAppender - RaftServer{1} - Committed entries up to 57
00:27:53.147 [raft-server-1] TRACE i.a.p.raft.roles.LeaderAppender - RaftServer{1} - Received AppendResponse{status=OK, term=1, succeeded=true, lastLogIndex=57} from 3
00:27:53.147 [raft-server-1-state] TRACE i.a.p.raft.impl.RaftServiceManager - RaftServer{1} - Applying Indexed{index=56, entry=KeepAliveEntry{term=1, timestamp=2018-06-10 12:27:53,089, sessionIds=long[]{length=1, hash=33}, commandSequences=long[]{length=1, hash=78}, eventIndexes=long[]{length=1, hash=33}}}
00:27:53.148 [raft-server-1-state] TRACE i.a.p.raft.impl.RaftServiceManager - RaftServer{1} - Applying Indexed{index=57, entry=CommandEntry{term=1, timestamp=2018-06-10 12:27:53,090, session=2, sequence=49, operation=PrimitiveOperation{id=DefaultOperationId{id=write, type=COMMAND}, value=byte[]{length=17, hash=-1644578928}}}}
00:27:53.148 [raft-server-1] TRACE i.a.protocols.raft.roles.LeaderRole - RaftServer{1}{role=LEADER} - Sending KeepAliveResponse{status=OK, leader=1, members=[3, 1, 2], sessionIds=long[]{length=1, hash=33}}
00:27:53.148 [raft-server-1-state] TRACE i.a.p.s.impl.DefaultServiceExecutor - PrimitiveService{2}{type=io.atomix.protocols.raft.RaftTest$TestPrimitiveType@f170389, name=raft-test} - Executing DefaultCommit{index=57, session=RaftSession{RaftServiceContext{server=1, type=io.atomix.protocols.raft.RaftTest$TestPrimitiveType@f170389, name=raft-test, id=2}, session=2, timestamp=2018-06-10 12:27:53,090}, time=2018-06-10 12:27:53,090, operation=DefaultOperationId{id=write, type=COMMAND}, value=byte[]{length=17, hash=-1644578928}}
00:27:53.148 [raft-server-3] TRACE i.a.p.raft.roles.FollowerRole - RaftServer{3}{role=FOLLOWER} - Sending KeepAliveResponse{status=OK, leader=1, members=[3, 1, 2], sessionIds=long[]{length=1, hash=33}}
00:27:53.148 [raft-server-1-state] TRACE i.a.protocols.raft.roles.LeaderRole - RaftServer{1}{role=LEADER} - Sending CommandResponse{status=OK, index=57, eventIndex=2, result=byte[]{length=2, hash=1354}}
00:27:53.148 [raft-client-1f73cd99-b88c-4b59-9944-86684dacc85c-3] TRACE i.a.p.r.s.impl.RaftSessionConnection - RaftClient{1f73cd99-b88c-4b59-9944-86684dacc85c} - Received KeepAliveResponse{status=OK, leader=1, members=[3, 1, 2], sessionIds=long[]{length=1, hash=33}} from 3
00:27:53.148 [raft-client-1f73cd99-b88c-4b59-9944-86684dacc85c-5] TRACE i.a.p.r.s.impl.RaftSessionConnection - SessionClient{2}{type=io.atomix.protocols.raft.RaftTest$TestPrimitiveType@7d0100ea, name=raft-test} - Received CommandResponse{status=OK, index=57, eventIndex=2, result=byte[]{length=2, hash=1354}} from 1
00:27:53.148 [raft-client-1f73cd99-b88c-4b59-9944-86684dacc85c-5] TRACE i.a.p.r.s.impl.RaftSessionSequencer - SessionClient{2}{type=io.atomix.protocols.raft.RaftTest$TestPrimitiveType@7d0100ea, name=raft-test} - Completing response CommandResponse{status=OK, index=57, eventIndex=2, result=byte[]{length=2, hash=1354}}
00:27:53.148 [raft-client-1f73cd99-b88c-4b59-9944-86684dacc85c-1] TRACE i.a.p.r.s.impl.RaftSessionConnection - SessionClient{2}{type=io.atomix.protocols.raft.RaftTest$TestPrimitiveType@7d0100ea, name=raft-test} - Sending CommandRequest{session=2, sequence=50, operation=PrimitiveOperation{id=DefaultOperationId{id=write, type=COMMAND}, value=byte[]{length=17, hash=-1644578928}}} to 1
00:27:53.148 [raft-server-1] TRACE i.a.protocols.raft.roles.LeaderRole - RaftServer{1}{role=LEADER} - Received CommandRequest{session=2, sequence=50, operation=PrimitiveOperation{id=DefaultOperationId{id=write, type=COMMAND}, value=byte[]{length=17, hash=-1644578928}}}
00:27:53.148 [raft-server-1] TRACE i.a.protocols.raft.roles.LeaderRole - RaftServer{1}{role=LEADER} - Appended Indexed{index=58, entry=CommandEntry{term=1, timestamp=2018-06-10 12:27:53,148, session=2, sequence=50, operation=PrimitiveOperation{id=DefaultOperationId{id=write, type=COMMAND}, value=byte[]{length=17, hash=-1644578928}}}}
00:27:53.148 [raft-server-1] TRACE i.a.p.raft.roles.LeaderAppender - RaftServer{1} - Sending AppendRequest{term=1, leader=1, prevLogIndex=57, prevLogTerm=1, entries=1, commitIndex=57} to 3
00:27:53.148 [raft-server-3] TRACE i.a.p.raft.roles.FollowerRole - RaftServer{3}{role=FOLLOWER} - Received AppendRequest{term=1, leader=1, prevLogIndex=57, prevLogTerm=1, entries=1, commitIndex=57}
00:27:53.148 [raft-server-1] TRACE i.a.p.raft.roles.LeaderAppender - RaftServer{1} - Sending AppendRequest{term=1, leader=1, prevLogIndex=57, prevLogTerm=1, entries=1, commitIndex=57} to 2
00:27:53.149 [raft-server-2] TRACE i.a.p.raft.roles.FollowerRole - RaftServer{2}{role=FOLLOWER} - Received AppendRequest{term=1, leader=1, prevLogIndex=57, prevLogTerm=1, entries=1, commitIndex=57}
00:27:53.149 [raft-server-3] TRACE i.a.p.raft.roles.FollowerRole - RaftServer{3}{role=FOLLOWER} - Appended Indexed{index=58, entry=CommandEntry{term=1, timestamp=2018-06-10 12:27:53,148, session=2, sequence=50, operation=PrimitiveOperation{id=DefaultOperationId{id=write, type=COMMAND}, value=byte[]{length=17, hash=-1644578928}}}}
00:27:53.149 [raft-server-2] TRACE i.a.p.raft.roles.FollowerRole - RaftServer{2}{role=FOLLOWER} - Appended Indexed{index=58, entry=CommandEntry{term=1, timestamp=2018-06-10 12:27:53,148, session=2, sequence=50, operation=PrimitiveOperation{id=DefaultOperationId{id=write, type=COMMAND}, value=byte[]{length=17, hash=-1644578928}}}}
00:27:53.179 [raft-server-3] TRACE i.a.p.raft.roles.FollowerRole - RaftServer{3}{role=FOLLOWER} - Committed entries up to index 57
00:27:53.179 [raft-server-3] TRACE i.a.p.raft.roles.FollowerRole - RaftServer{3}{role=FOLLOWER} - Sending AppendResponse{status=OK, term=1, succeeded=true, lastLogIndex=58}
00:27:53.179 [raft-server-2] TRACE i.a.p.raft.roles.FollowerRole - RaftServer{2}{role=FOLLOWER} - Committed entries up to index 57
00:27:53.179 [raft-server-1] TRACE i.a.p.raft.roles.LeaderAppender - RaftServer{1} - Received AppendResponse{status=OK, term=1, succeeded=true, lastLogIndex=58} from 3
00:27:53.179 [raft-server-2] TRACE i.a.p.raft.roles.FollowerRole - RaftServer{2}{role=FOLLOWER} - Sending AppendResponse{status=OK, term=1, succeeded=true, lastLogIndex=58}
00:27:53.179 [raft-server-1] TRACE i.a.p.raft.roles.LeaderAppender - RaftServer{1} - Committed entries up to 58
00:27:53.179 [raft-server-3-state] TRACE i.a.p.raft.impl.RaftServiceManager - RaftServer{3} - Applying Indexed{index=56, entry=KeepAliveEntry{term=1, timestamp=2018-06-10 12:27:53,089, sessionIds=long[]{length=1, hash=33}, commandSequences=long[]{length=1, hash=78}, eventIndexes=long[]{length=1, hash=33}}}
00:27:53.179 [raft-server-2-state] TRACE i.a.p.raft.impl.RaftServiceManager - RaftServer{2} - Applying Indexed{index=56, entry=KeepAliveEntry{term=1, timestamp=2018-06-10 12:27:53,089, sessionIds=long[]{length=1, hash=33}, commandSequences=long[]{length=1, hash=78}, eventIndexes=long[]{length=1, hash=33}}}
00:27:53.179 [raft-server-2-state] TRACE i.a.p.raft.impl.RaftServiceManager - RaftServer{2} - Applying Indexed{index=57, entry=CommandEntry{term=1, timestamp=2018-06-10 12:27:53,090, session=2, sequence=49, operation=PrimitiveOperation{id=DefaultOperationId{id=write, type=COMMAND}, value=byte[]{length=17, hash=-1644578928}}}}
00:27:53.179 [raft-server-3-state] TRACE i.a.p.raft.impl.RaftServiceManager - RaftServer{3} - Applying Indexed{index=57, entry=CommandEntry{term=1, timestamp=2018-06-10 12:27:53,090, session=2, sequence=49, operation=PrimitiveOperation{id=DefaultOperationId{id=write, type=COMMAND}, value=byte[]{length=17, hash=-1644578928}}}}
00:27:53.180 [raft-server-2-state] TRACE i.a.p.s.impl.DefaultServiceExecutor - PrimitiveService{2}{type=io.atomix.protocols.raft.RaftTest$TestPrimitiveType@68be9fc, name=raft-test} - Executing DefaultCommit{index=57, session=RaftSession{RaftServiceContext{server=2, type=io.atomix.protocols.raft.RaftTest$TestPrimitiveType@68be9fc, name=raft-test, id=2}, session=2, timestamp=2018-06-10 12:27:53,090}, time=2018-06-10 12:27:53,090, operation=DefaultOperationId{id=write, type=COMMAND}, value=byte[]{length=17, hash=-1644578928}}
00:27:53.180 [raft-server-3-state] TRACE i.a.p.s.impl.DefaultServiceExecutor - PrimitiveService{2}{type=io.atomix.protocols.raft.RaftTest$TestPrimitiveType@192b3940, name=raft-test} - Executing DefaultCommit{index=57, session=RaftSession{RaftServiceContext{server=3, type=io.atomix.protocols.raft.RaftTest$TestPrimitiveType@192b3940, name=raft-test, id=2}, session=2, timestamp=2018-06-10 12:27:53,090}, time=2018-06-10 12:27:53,090, operation=DefaultOperationId{id=write, type=COMMAND}, value=byte[]{length=17, hash=-1644578928}}
00:27:53.222 [raft-server-1] TRACE i.a.p.raft.roles.LeaderAppender - RaftServer{1} - Sending AppendRequest{term=1, leader=1, prevLogIndex=58, prevLogTerm=1, entries=0, commitIndex=58} to 3
00:27:53.222 [raft-server-3] TRACE i.a.p.raft.roles.FollowerRole - RaftServer{3}{role=FOLLOWER} - Received AppendRequest{term=1, leader=1, prevLogIndex=58, prevLogTerm=1, entries=0, commitIndex=58}
00:27:53.222 [raft-server-1] TRACE i.a.p.raft.roles.LeaderAppender - RaftServer{1} - Received AppendResponse{status=OK, term=1, succeeded=true, lastLogIndex=58} from 2
00:27:53.222 [raft-server-1] TRACE i.a.p.raft.roles.LeaderAppender - RaftServer{1} - Sending AppendRequest{term=1, leader=1, prevLogIndex=58, prevLogTerm=1, entries=0, commitIndex=58} to 2
00:27:53.222 [raft-server-2] TRACE i.a.p.raft.roles.FollowerRole - RaftServer{2}{role=FOLLOWER} - Received AppendRequest{term=1, leader=1, prevLogIndex=58, prevLogTerm=1, entries=0, commitIndex=58}
00:27:53.222 [raft-server-1-state] TRACE i.a.p.raft.impl.RaftServiceManager - RaftServer{1} - Applying Indexed{index=58, entry=CommandEntry{term=1, timestamp=2018-06-10 12:27:53,148, session=2, sequence=50, operation=PrimitiveOperation{id=DefaultOperationId{id=write, type=COMMAND}, value=byte[]{length=17, hash=-1644578928}}}}
00:27:53.223 [raft-server-1-state] TRACE i.a.p.s.impl.DefaultServiceExecutor - PrimitiveService{2}{type=io.atomix.protocols.raft.RaftTest$TestPrimitiveType@f170389, name=raft-test} - Executing DefaultCommit{index=58, session=RaftSession{RaftServiceContext{server=1, type=io.atomix.protocols.raft.RaftTest$TestPrimitiveType@f170389, name=raft-test, id=2}, session=2, timestamp=2018-06-10 12:27:53,148}, time=2018-06-10 12:27:53,148, operation=DefaultOperationId{id=write, type=COMMAND}, value=byte[]{length=17, hash=-1644578928}}
00:27:53.223 [raft-server-1-state] TRACE i.a.protocols.raft.roles.LeaderRole - RaftServer{1}{role=LEADER} - Sending CommandResponse{status=OK, index=58, eventIndex=2, result=byte[]{length=2, hash=1356}}
00:27:53.223 [raft-client-1f73cd99-b88c-4b59-9944-86684dacc85c-6] TRACE i.a.p.r.s.impl.RaftSessionConnection - SessionClient{2}{type=io.atomix.protocols.raft.RaftTest$TestPrimitiveType@7d0100ea, name=raft-test} - Received CommandResponse{status=OK, index=58, eventIndex=2, result=byte[]{length=2, hash=1356}} from 1
00:27:53.223 [raft-client-1f73cd99-b88c-4b59-9944-86684dacc85c-6] TRACE i.a.p.r.s.impl.RaftSessionSequencer - SessionClient{2}{type=io.atomix.protocols.raft.RaftTest$TestPrimitiveType@7d0100ea, name=raft-test} - Completing response CommandResponse{status=OK, index=58, eventIndex=2, result=byte[]{length=2, hash=1356}}
00:27:53.223 [raft-client-1f73cd99-b88c-4b59-9944-86684dacc85c-5] TRACE i.a.p.r.s.impl.RaftSessionConnection - SessionClient{2}{type=io.atomix.protocols.raft.RaftTest$TestPrimitiveType@7d0100ea, name=raft-test} - Sending CommandRequest{session=2, sequence=51, operation=PrimitiveOperation{id=DefaultOperationId{id=write, type=COMMAND}, value=byte[]{length=17, hash=-1644578928}}} to 1
00:27:53.223 [raft-server-1] TRACE i.a.protocols.raft.roles.LeaderRole - RaftServer{1}{role=LEADER} - Received CommandRequest{session=2, sequence=51, operation=PrimitiveOperation{id=DefaultOperationId{id=write, type=COMMAND}, value=byte[]{length=17, hash=-1644578928}}}
00:27:53.223 [raft-server-1] TRACE i.a.protocols.raft.roles.LeaderRole - RaftServer{1}{role=LEADER} - Appended Indexed{index=59, entry=CommandEntry{term=1, timestamp=2018-06-10 12:27:53,223, session=2, sequence=51, operation=PrimitiveOperation{id=DefaultOperationId{id=write, type=COMMAND}, value=byte[]{length=17, hash=-1644578928}}}}
00:27:53.239 [raft-server-3] TRACE i.a.p.raft.roles.FollowerRole - RaftServer{3}{role=FOLLOWER} - Committed entries up to index 58
00:27:53.239 [raft-server-3] TRACE i.a.p.raft.roles.FollowerRole - RaftServer{3}{role=FOLLOWER} - Sending AppendResponse{status=OK, term=1, succeeded=true, lastLogIndex=58}
00:27:53.239 [raft-server-1] TRACE i.a.p.raft.roles.LeaderAppender - RaftServer{1} - Received AppendResponse{status=OK, term=1, succeeded=true, lastLogIndex=58} from 3
00:27:53.239 [raft-server-3-state] TRACE i.a.p.raft.impl.RaftServiceManager - RaftServer{3} - Applying Indexed{index=58, entry=CommandEntry{term=1, timestamp=2018-06-10 12:27:53,148, session=2, sequence=50, operation=PrimitiveOperation{id=DefaultOperationId{id=write, type=COMMAND}, value=byte[]{length=17, hash=-1644578928}}}}
00:27:53.239 [raft-server-1] TRACE i.a.p.raft.roles.LeaderAppender - RaftServer{1} - Sending AppendRequest{term=1, leader=1, prevLogIndex=58, prevLogTerm=1, entries=1, commitIndex=58} to 3
00:27:53.239 [raft-server-3-state] TRACE i.a.p.s.impl.DefaultServiceExecutor - PrimitiveService{2}{type=io.atomix.protocols.raft.RaftTest$TestPrimitiveType@192b3940, name=raft-test} - Executing DefaultCommit{index=58, session=RaftSession{RaftServiceContext{server=3, type=io.atomix.protocols.raft.RaftTest$TestPrimitiveType@192b3940, name=raft-test, id=2}, session=2, timestamp=2018-06-10 12:27:53,148}, time=2018-06-10 12:27:53,148, operation=DefaultOperationId{id=write, type=COMMAND}, value=byte[]{length=17, hash=-1644578928}}
00:27:53.239 [raft-server-3] TRACE i.a.p.raft.roles.FollowerRole - RaftServer{3}{role=FOLLOWER} - Received AppendRequest{term=1, leader=1, prevLogIndex=58, prevLogTerm=1, entries=1, commitIndex=58}
00:27:53.239 [raft-server-3] TRACE i.a.p.raft.roles.FollowerRole - RaftServer{3}{role=FOLLOWER} - Appended Indexed{index=59, entry=CommandEntry{term=1, timestamp=2018-06-10 12:27:53,223, session=2, sequence=51, operation=PrimitiveOperation{id=DefaultOperationId{id=write, type=COMMAND}, value=byte[]{length=17, hash=-1644578928}}}}
00:27:53.239 [raft-server-3] TRACE i.a.p.raft.roles.FollowerRole - RaftServer{3}{role=FOLLOWER} - Sending AppendResponse{status=OK, term=1, succeeded=true, lastLogIndex=59}
00:27:53.239 [raft-server-1] TRACE i.a.p.raft.roles.LeaderAppender - RaftServer{1} - Received AppendResponse{status=OK, term=1, succeeded=true, lastLogIndex=59} from 3
00:27:53.239 [raft-server-1] TRACE i.a.p.raft.roles.LeaderAppender - RaftServer{1} - Committed entries up to 59
00:27:53.266 [raft-server-2] TRACE i.a.p.raft.roles.FollowerRole - RaftServer{2}{role=FOLLOWER} - Committed entries up to index 58
00:27:53.266 [raft-server-2] TRACE i.a.p.raft.roles.FollowerRole - RaftServer{2}{role=FOLLOWER} - Sending AppendResponse{status=OK, term=1, succeeded=true, lastLogIndex=58}
00:27:53.266 [raft-server-2-state] TRACE i.a.p.raft.impl.RaftServiceManager - RaftServer{2} - Applying Indexed{index=58, entry=CommandEntry{term=1, timestamp=2018-06-10 12:27:53,148, session=2, sequence=50, operation=PrimitiveOperation{id=DefaultOperationId{id=write, type=COMMAND}, value=byte[]{length=17, hash=-1644578928}}}}
00:27:53.266 [raft-server-2-state] TRACE i.a.p.s.impl.DefaultServiceExecutor - PrimitiveService{2}{type=io.atomix.protocols.raft.RaftTest$TestPrimitiveType@68be9fc, name=raft-test} - Executing DefaultCommit{index=58, session=RaftSession{RaftServiceContext{server=2, type=io.atomix.protocols.raft.RaftTest$TestPrimitiveType@68be9fc, name=raft-test, id=2}, session=2, timestamp=2018-06-10 12:27:53,148}, time=2018-06-10 12:27:53,148, operation=DefaultOperationId{id=write, type=COMMAND}, value=byte[]{length=17, hash=-1644578928}}
00:27:53.297 [raft-server-1] TRACE i.a.p.raft.roles.LeaderAppender - RaftServer{1} - Received AppendResponse{status=OK, term=1, succeeded=true, lastLogIndex=58} from 2
00:27:53.297 [raft-server-1] TRACE i.a.p.raft.roles.LeaderAppender - RaftServer{1} - Sending AppendRequest{term=1, leader=1, prevLogIndex=58, prevLogTerm=1, entries=1, commitIndex=59} to 2
00:27:53.297 [raft-server-1-state] TRACE i.a.p.raft.impl.RaftServiceManager - RaftServer{1} - Applying Indexed{index=59, entry=CommandEntry{term=1, timestamp=2018-06-10 12:27:53,223, session=2, sequence=51, operation=PrimitiveOperation{id=DefaultOperationId{id=write, type=COMMAND}, value=byte[]{length=17, hash=-1644578928}}}}
00:27:53.297 [raft-server-2] TRACE i.a.p.raft.roles.FollowerRole - RaftServer{2}{role=FOLLOWER} - Received AppendRequest{term=1, leader=1, prevLogIndex=58, prevLogTerm=1, entries=1, commitIndex=59}
00:27:53.297 [raft-server-1-state] TRACE i.a.p.s.impl.DefaultServiceExecutor - PrimitiveService{2}{type=io.atomix.protocols.raft.RaftTest$TestPrimitiveType@f170389, name=raft-test} - Executing DefaultCommit{index=59, session=RaftSession{RaftServiceContext{server=1, type=io.atomix.protocols.raft.RaftTest$TestPrimitiveType@f170389, name=raft-test, id=2}, session=2, timestamp=2018-06-10 12:27:53,223}, time=2018-06-10 12:27:53,223, operation=DefaultOperationId{id=write, type=COMMAND}, value=byte[]{length=17, hash=-1644578928}}
00:27:53.298 [raft-server-1-state] TRACE i.a.protocols.raft.roles.LeaderRole - RaftServer{1}{role=LEADER} - Sending CommandResponse{status=OK, index=59, eventIndex=2, result=byte[]{length=2, hash=1358}}
00:27:53.298 [raft-server-2] TRACE i.a.p.raft.roles.FollowerRole - RaftServer{2}{role=FOLLOWER} - Appended Indexed{index=59, entry=CommandEntry{term=1, timestamp=2018-06-10 12:27:53,223, session=2, sequence=51, operation=PrimitiveOperation{id=DefaultOperationId{id=write, type=COMMAND}, value=byte[]{length=17, hash=-1644578928}}}}
00:27:53.298 [raft-client-1f73cd99-b88c-4b59-9944-86684dacc85c-2] TRACE i.a.p.r.s.impl.RaftSessionConnection - SessionClient{2}{type=io.atomix.protocols.raft.RaftTest$TestPrimitiveType@7d0100ea, name=raft-test} - Received CommandResponse{status=OK, index=59, eventIndex=2, result=byte[]{length=2, hash=1358}} from 1
00:27:53.298 [raft-client-1f73cd99-b88c-4b59-9944-86684dacc85c-2] TRACE i.a.p.r.s.impl.RaftSessionSequencer - SessionClient{2}{type=io.atomix.protocols.raft.RaftTest$TestPrimitiveType@7d0100ea, name=raft-test} - Completing response CommandResponse{status=OK, index=59, eventIndex=2, result=byte[]{length=2, hash=1358}}
00:27:53.298 [raft-client-1f73cd99-b88c-4b59-9944-86684dacc85c-7] TRACE i.a.p.r.s.impl.RaftSessionConnection - SessionClient{2}{type=io.atomix.protocols.raft.RaftTest$TestPrimitiveType@7d0100ea, name=raft-test} - Sending CommandRequest{session=2, sequence=52, operation=PrimitiveOperation{id=DefaultOperationId{id=write, type=COMMAND}, value=byte[]{length=17, hash=-1644578928}}} to 1
00:27:53.298 [raft-server-1] TRACE i.a.protocols.raft.roles.LeaderRole - RaftServer{1}{role=LEADER} - Received CommandRequest{session=2, sequence=52, operation=PrimitiveOperation{id=DefaultOperationId{id=write, type=COMMAND}, value=byte[]{length=17, hash=-1644578928}}}
00:27:53.298 [raft-server-1] TRACE i.a.protocols.raft.roles.LeaderRole - RaftServer{1}{role=LEADER} - Appended Indexed{index=60, entry=CommandEntry{term=1, timestamp=2018-06-10 12:27:53,298, session=2, sequence=52, operation=PrimitiveOperation{id=DefaultOperationId{id=write, type=COMMAND}, value=byte[]{length=17, hash=-1644578928}}}}
00:27:53.298 [raft-server-1] TRACE i.a.p.raft.roles.LeaderAppender - RaftServer{1} - Sending AppendRequest{term=1, leader=1, prevLogIndex=59, prevLogTerm=1, entries=1, commitIndex=59} to 3
00:27:53.298 [raft-server-3] TRACE i.a.p.raft.roles.FollowerRole - RaftServer{3}{role=FOLLOWER} - Received AppendRequest{term=1, leader=1, prevLogIndex=59, prevLogTerm=1, entries=1, commitIndex=59}
00:27:53.298 [raft-server-3] TRACE i.a.p.raft.roles.FollowerRole - RaftServer{3}{role=FOLLOWER} - Appended Indexed{index=60, entry=CommandEntry{term=1, timestamp=2018-06-10 12:27:53,298, session=2, sequence=52, operation=PrimitiveOperation{id=DefaultOperationId{id=write, type=COMMAND}, value=byte[]{length=17, hash=-1644578928}}}}
00:27:53.331 [raft-server-2] TRACE i.a.p.raft.roles.FollowerRole - RaftServer{2}{role=FOLLOWER} - Committed entries up to index 59
00:27:53.331 [raft-server-2] TRACE i.a.p.raft.roles.FollowerRole - RaftServer{2}{role=FOLLOWER} - Sending AppendResponse{status=OK, term=1, succeeded=true, lastLogIndex=59}
00:27:53.331 [raft-server-1] TRACE i.a.p.raft.roles.LeaderAppender - RaftServer{1} - Received AppendResponse{status=OK, term=1, succeeded=true, lastLogIndex=59} from 2
00:27:53.331 [raft-server-1] TRACE i.a.p.raft.roles.LeaderAppender - RaftServer{1} - Sending AppendRequest{term=1, leader=1, prevLogIndex=59, prevLogTerm=1, entries=1, commitIndex=59} to 2
00:27:53.331 [raft-server-2-state] TRACE i.a.p.raft.impl.RaftServiceManager - RaftServer{2} - Applying Indexed{index=59, entry=CommandEntry{term=1, timestamp=2018-06-10 12:27:53,223, session=2, sequence=51, operation=PrimitiveOperation{id=DefaultOperationId{id=write, type=COMMAND}, value=byte[]{length=17, hash=-1644578928}}}}
00:27:53.331 [raft-server-2] TRACE i.a.p.raft.roles.FollowerRole - RaftServer{2}{role=FOLLOWER} - Received AppendRequest{term=1, leader=1, prevLogIndex=59, prevLogTerm=1, entries=1, commitIndex=59}
00:27:53.331 [raft-server-2-state] TRACE i.a.p.s.impl.DefaultServiceExecutor - PrimitiveService{2}{type=io.atomix.protocols.raft.RaftTest$TestPrimitiveType@68be9fc, name=raft-test} - Executing DefaultCommit{index=59, session=RaftSession{RaftServiceContext{server=2, type=io.atomix.protocols.raft.RaftTest$TestPrimitiveType@68be9fc, name=raft-test, id=2}, session=2, timestamp=2018-06-10 12:27:53,223}, time=2018-06-10 12:27:53,223, operation=DefaultOperationId{id=write, type=COMMAND}, value=byte[]{length=17, hash=-1644578928}}
00:27:53.331 [raft-server-2] TRACE i.a.p.raft.roles.FollowerRole - RaftServer{2}{role=FOLLOWER} - Appended Indexed{index=60, entry=CommandEntry{term=1, timestamp=2018-06-10 12:27:53,298, session=2, sequence=52, operation=PrimitiveOperation{id=DefaultOperationId{id=write, type=COMMAND}, value=byte[]{length=17, hash=-1644578928}}}}
00:27:53.331 [raft-server-2] TRACE i.a.p.raft.roles.FollowerRole - RaftServer{2}{role=FOLLOWER} - Sending AppendResponse{status=OK, term=1, succeeded=true, lastLogIndex=60}
00:27:53.331 [raft-server-1] TRACE i.a.p.raft.roles.LeaderAppender - RaftServer{1} - Received AppendResponse{status=OK, term=1, succeeded=true, lastLogIndex=60} from 2
00:27:53.331 [raft-server-1] TRACE i.a.p.raft.roles.LeaderAppender - RaftServer{1} - Committed entries up to 60
00:27:53.381 [raft-server-3] TRACE i.a.p.raft.roles.FollowerRole - RaftServer{3}{role=FOLLOWER} - Committed entries up to index 59
00:27:53.381 [raft-server-3] TRACE i.a.p.raft.roles.FollowerRole - RaftServer{3}{role=FOLLOWER} - Sending AppendResponse{status=OK, term=1, succeeded=true, lastLogIndex=60}
00:27:53.381 [raft-server-3-state] TRACE i.a.p.raft.impl.RaftServiceManager - RaftServer{3} - Applying Indexed{index=59, entry=CommandEntry{term=1, timestamp=2018-06-10 12:27:53,223, session=2, sequence=51, operation=PrimitiveOperation{id=DefaultOperationId{id=write, type=COMMAND}, value=byte[]{length=17, hash=-1644578928}}}}
00:27:53.381 [raft-server-3-state] TRACE i.a.p.s.impl.DefaultServiceExecutor - PrimitiveService{2}{type=io.atomix.protocols.raft.RaftTest$TestPrimitiveType@192b3940, name=raft-test} - Executing DefaultCommit{index=59, session=RaftSession{RaftServiceContext{server=3, type=io.atomix.protocols.raft.RaftTest$TestPrimitiveType@192b3940, name=raft-test, id=2}, session=2, timestamp=2018-06-10 12:27:53,223}, time=2018-06-10 12:27:53,223, operation=DefaultOperationId{id=write, type=COMMAND}, value=byte[]{length=17, hash=-1644578928}}
00:27:53.406 [raft-server-1] TRACE i.a.p.raft.roles.LeaderAppender - RaftServer{1} - Received AppendResponse{status=OK, term=1, succeeded=true, lastLogIndex=60} from 3
00:27:53.406 [raft-server-1-state] TRACE i.a.p.raft.impl.RaftServiceManager - RaftServer{1} - Applying Indexed{index=60, entry=CommandEntry{term=1, timestamp=2018-06-10 12:27:53,298, session=2, sequence=52, operation=PrimitiveOperation{id=DefaultOperationId{id=write, type=COMMAND}, value=byte[]{length=17, hash=-1644578928}}}}
00:27:53.406 [raft-server-1-state] TRACE i.a.p.s.impl.DefaultServiceExecutor - PrimitiveService{2}{type=io.atomix.protocols.raft.RaftTest$TestPrimitiveType@f170389, name=raft-test} - Executing DefaultCommit{index=60, session=RaftSession{RaftServiceContext{server=1, type=io.atomix.protocols.raft.RaftTest$TestPrimitiveType@f170389, name=raft-test, id=2}, session=2, timestamp=2018-06-10 12:27:53,298}, time=2018-06-10 12:27:53,298, operation=DefaultOperationId{id=write, type=COMMAND}, value=byte[]{length=17, hash=-1644578928}}
00:27:53.406 [raft-server-1-state] TRACE i.a.protocols.raft.roles.LeaderRole - RaftServer{1}{role=LEADER} - Sending CommandResponse{status=OK, index=60, eventIndex=2, result=byte[]{length=2, hash=1360}}
00:27:53.406 [raft-client-1f73cd99-b88c-4b59-9944-86684dacc85c-0] TRACE i.a.p.r.s.impl.RaftSessionConnection - SessionClient{2}{type=io.atomix.protocols.raft.RaftTest$TestPrimitiveType@7d0100ea, name=raft-test} - Received CommandResponse{status=OK, index=60, eventIndex=2, result=byte[]{length=2, hash=1360}} from 1
00:27:53.406 [raft-client-1f73cd99-b88c-4b59-9944-86684dacc85c-0] TRACE i.a.p.r.s.impl.RaftSessionSequencer - SessionClient{2}{type=io.atomix.protocols.raft.RaftTest$TestPrimitiveType@7d0100ea, name=raft-test} - Completing response CommandResponse{status=OK, index=60, eventIndex=2, result=byte[]{length=2, hash=1360}}
00:27:53.406 [raft-client-1f73cd99-b88c-4b59-9944-86684dacc85c-4] TRACE i.a.p.r.s.impl.RaftSessionConnection - SessionClient{2}{type=io.atomix.protocols.raft.RaftTest$TestPrimitiveType@7d0100ea, name=raft-test} - Sending CommandRequest{session=2, sequence=53, operation=PrimitiveOperation{id=DefaultOperationId{id=write, type=COMMAND}, value=byte[]{length=17, hash=-1644578928}}} to 1
00:27:53.406 [raft-server-1] TRACE i.a.protocols.raft.roles.LeaderRole - RaftServer{1}{role=LEADER} - Received CommandRequest{session=2, sequence=53, operation=PrimitiveOperation{id=DefaultOperationId{id=write, type=COMMAND}, value=byte[]{length=17, hash=-1644578928}}}
00:27:53.456 [raft-server-1] DEBUG i.a.storage.journal.SegmentedJournal - Created disk segment: JournalSegment{id=7, version=1, index=61, size=64}
00:27:53.456 [raft-server-1] TRACE i.a.protocols.raft.roles.LeaderRole - RaftServer{1}{role=LEADER} - Appended Indexed{index=61, entry=CommandEntry{term=1, timestamp=2018-06-10 12:27:53,406, session=2, sequence=53, operation=PrimitiveOperation{id=DefaultOperationId{id=write, type=COMMAND}, value=byte[]{length=17, hash=-1644578928}}}}
00:27:53.456 [raft-server-1] TRACE i.a.p.raft.roles.LeaderAppender - RaftServer{1} - Sending AppendRequest{term=1, leader=1, prevLogIndex=60, prevLogTerm=1, entries=1, commitIndex=60} to 3
00:27:53.456 [raft-server-3] TRACE i.a.p.raft.roles.FollowerRole - RaftServer{3}{role=FOLLOWER} - Received AppendRequest{term=1, leader=1, prevLogIndex=60, prevLogTerm=1, entries=1, commitIndex=60}
00:27:53.456 [raft-server-1] TRACE i.a.p.raft.roles.LeaderAppender - RaftServer{1} - Sending AppendRequest{term=1, leader=1, prevLogIndex=60, prevLogTerm=1, entries=1, commitIndex=60} to 2
00:27:53.456 [raft-server-2] TRACE i.a.p.raft.roles.FollowerRole - RaftServer{2}{role=FOLLOWER} - Received AppendRequest{term=1, leader=1, prevLogIndex=60, prevLogTerm=1, entries=1, commitIndex=60}
00:27:53.581 [raft-server-3] DEBUG i.a.storage.journal.SegmentedJournal - Created disk segment: JournalSegment{id=7, version=1, index=61, size=64}
00:27:53.581 [raft-server-3] TRACE i.a.p.raft.roles.FollowerRole - RaftServer{3}{role=FOLLOWER} - Appended Indexed{index=61, entry=CommandEntry{term=1, timestamp=2018-06-10 12:27:53,406, session=2, sequence=53, operation=PrimitiveOperation{id=DefaultOperationId{id=write, type=COMMAND}, value=byte[]{length=17, hash=-1644578928}}}}
00:27:53.614 [raft-server-2] DEBUG i.a.storage.journal.SegmentedJournal - Created disk segment: JournalSegment{id=7, version=1, index=61, size=64}
00:27:53.614 [raft-server-2] TRACE i.a.p.raft.roles.FollowerRole - RaftServer{2}{role=FOLLOWER} - Appended Indexed{index=61, entry=CommandEntry{term=1, timestamp=2018-06-10 12:27:53,406, session=2, sequence=53, operation=PrimitiveOperation{id=DefaultOperationId{id=write, type=COMMAND}, value=byte[]{length=17, hash=-1644578928}}}}
00:27:53.654 [raft-server-3] TRACE i.a.p.raft.roles.FollowerRole - RaftServer{3}{role=FOLLOWER} - Committed entries up to index 60
00:27:53.654 [raft-server-3] TRACE i.a.p.raft.roles.FollowerRole - RaftServer{3}{role=FOLLOWER} - Sending AppendResponse{status=OK, term=1, succeeded=true, lastLogIndex=61}
00:27:53.654 [raft-server-1] TRACE i.a.p.raft.roles.LeaderAppender - RaftServer{1} - Received AppendResponse{status=OK, term=1, succeeded=true, lastLogIndex=61} from 3
00:27:53.654 [raft-server-3-state] TRACE i.a.p.raft.impl.RaftServiceManager - RaftServer{3} - Applying Indexed{index=60, entry=CommandEntry{term=1, timestamp=2018-06-10 12:27:53,298, session=2, sequence=52, operation=PrimitiveOperation{id=DefaultOperationId{id=write, type=COMMAND}, value=byte[]{length=17, hash=-1644578928}}}}
00:27:53.654 [raft-server-1] TRACE i.a.p.raft.roles.LeaderAppender - RaftServer{1} - Committed entries up to 61
00:27:53.654 [raft-server-3-state] TRACE i.a.p.s.impl.DefaultServiceExecutor - PrimitiveService{2}{type=io.atomix.protocols.raft.RaftTest$TestPrimitiveType@192b3940, name=raft-test} - Executing DefaultCommit{index=60, session=RaftSession{RaftServiceContext{server=3, type=io.atomix.protocols.raft.RaftTest$TestPrimitiveType@192b3940, name=raft-test, id=2}, session=2, timestamp=2018-06-10 12:27:53,298}, time=2018-06-10 12:27:53,298, operation=DefaultOperationId{id=write, type=COMMAND}, value=byte[]{length=17, hash=-1644578928}}
00:27:53.697 [raft-server-2] TRACE i.a.p.raft.roles.FollowerRole - RaftServer{2}{role=FOLLOWER} - Committed entries up to index 60
00:27:53.697 [raft-server-2] TRACE i.a.p.raft.roles.FollowerRole - RaftServer{2}{role=FOLLOWER} - Sending AppendResponse{status=OK, term=1, succeeded=true, lastLogIndex=61}
00:27:53.697 [raft-server-2-state] TRACE i.a.p.raft.impl.RaftServiceManager - RaftServer{2} - Applying Indexed{index=60, entry=CommandEntry{term=1, timestamp=2018-06-10 12:27:53,298, session=2, sequence=52, operation=PrimitiveOperation{id=DefaultOperationId{id=write, type=COMMAND}, value=byte[]{length=17, hash=-1644578928}}}}
00:27:53.697 [raft-server-2-state] TRACE i.a.p.s.impl.DefaultServiceExecutor - PrimitiveService{2}{type=io.atomix.protocols.raft.RaftTest$TestPrimitiveType@68be9fc, name=raft-test} - Executing DefaultCommit{index=60, session=RaftSession{RaftServiceContext{server=2, type=io.atomix.protocols.raft.RaftTest$TestPrimitiveType@68be9fc, name=raft-test, id=2}, session=2, timestamp=2018-06-10 12:27:53,298}, time=2018-06-10 12:27:53,298, operation=DefaultOperationId{id=write, type=COMMAND}, value=byte[]{length=17, hash=-1644578928}}
00:27:53.714 [raft-server-1] TRACE i.a.p.raft.roles.LeaderAppender - RaftServer{1} - Sending AppendRequest{term=1, leader=1, prevLogIndex=61, prevLogTerm=1, entries=0, commitIndex=61} to 3
00:27:53.714 [raft-server-1] TRACE i.a.p.raft.roles.LeaderAppender - RaftServer{1} - Received AppendResponse{status=OK, term=1, succeeded=true, lastLogIndex=61} from 2
00:27:53.714 [raft-server-3] TRACE i.a.p.raft.roles.FollowerRole - RaftServer{3}{role=FOLLOWER} - Received AppendRequest{term=1, leader=1, prevLogIndex=61, prevLogTerm=1, entries=0, commitIndex=61}
00:27:53.714 [raft-server-1] TRACE i.a.p.raft.roles.LeaderAppender - RaftServer{1} - Sending AppendRequest{term=1, leader=1, prevLogIndex=61, prevLogTerm=1, entries=0, commitIndex=61} to 2
00:27:53.714 [raft-server-2] TRACE i.a.p.raft.roles.FollowerRole - RaftServer{2}{role=FOLLOWER} - Received AppendRequest{term=1, leader=1, prevLogIndex=61, prevLogTerm=1, entries=0, commitIndex=61}
00:27:53.714 [raft-server-1-state] TRACE i.a.p.raft.impl.RaftServiceManager - RaftServer{1} - Applying Indexed{index=61, entry=CommandEntry{term=1, timestamp=2018-06-10 12:27:53,406, session=2, sequence=53, operation=PrimitiveOperation{id=DefaultOperationId{id=write, type=COMMAND}, value=byte[]{length=17, hash=-1644578928}}}}
00:27:53.714 [raft-server-1-state] TRACE i.a.p.s.impl.DefaultServiceExecutor - PrimitiveService{2}{type=io.atomix.protocols.raft.RaftTest$TestPrimitiveType@f170389, name=raft-test} - Executing DefaultCommit{index=61, session=RaftSession{RaftServiceContext{server=1, type=io.atomix.protocols.raft.RaftTest$TestPrimitiveType@f170389, name=raft-test, id=2}, session=2, timestamp=2018-06-10 12:27:53,406}, time=2018-06-10 12:27:53,406, operation=DefaultOperationId{id=write, type=COMMAND}, value=byte[]{length=17, hash=-1644578928}}
00:27:53.714 [raft-server-1-state] TRACE i.a.protocols.raft.roles.LeaderRole - RaftServer{1}{role=LEADER} - Sending CommandResponse{status=OK, index=61, eventIndex=2, result=byte[]{length=2, hash=1362}}
00:27:53.714 [raft-client-1f73cd99-b88c-4b59-9944-86684dacc85c-6] TRACE i.a.p.r.s.impl.RaftSessionConnection - SessionClient{2}{type=io.atomix.protocols.raft.RaftTest$TestPrimitiveType@7d0100ea, name=raft-test} - Received CommandResponse{status=OK, index=61, eventIndex=2, result=byte[]{length=2, hash=1362}} from 1
00:27:53.714 [raft-client-1f73cd99-b88c-4b59-9944-86684dacc85c-6] TRACE i.a.p.r.s.impl.RaftSessionSequencer - SessionClient{2}{type=io.atomix.protocols.raft.RaftTest$TestPrimitiveType@7d0100ea, name=raft-test} - Completing response CommandResponse{status=OK, index=61, eventIndex=2, result=byte[]{length=2, hash=1362}}
00:27:53.715 [raft-client-1f73cd99-b88c-4b59-9944-86684dacc85c-1] TRACE i.a.p.r.s.impl.RaftSessionConnection - SessionClient{2}{type=io.atomix.protocols.raft.RaftTest$TestPrimitiveType@7d0100ea, name=raft-test} - Sending CommandRequest{session=2, sequence=54, operation=PrimitiveOperation{id=DefaultOperationId{id=write, type=COMMAND}, value=byte[]{length=17, hash=-1644578928}}} to 1
00:27:53.715 [raft-server-1] TRACE i.a.protocols.raft.roles.LeaderRole - RaftServer{1}{role=LEADER} - Received CommandRequest{session=2, sequence=54, operation=PrimitiveOperation{id=DefaultOperationId{id=write, type=COMMAND}, value=byte[]{length=17, hash=-1644578928}}}
00:27:53.715 [raft-server-1] TRACE i.a.protocols.raft.roles.LeaderRole - RaftServer{1}{role=LEADER} - Appended Indexed{index=62, entry=CommandEntry{term=1, timestamp=2018-06-10 12:27:53,715, session=2, sequence=54, operation=PrimitiveOperation{id=DefaultOperationId{id=write, type=COMMAND}, value=byte[]{length=17, hash=-1644578928}}}}
00:27:53.730 [raft-server-3] TRACE i.a.p.raft.roles.FollowerRole - RaftServer{3}{role=FOLLOWER} - Committed entries up to index 61
00:27:53.731 [raft-server-3] TRACE i.a.p.raft.roles.FollowerRole - RaftServer{3}{role=FOLLOWER} - Sending AppendResponse{status=OK, term=1, succeeded=true, lastLogIndex=61}
00:27:53.731 [raft-server-1] TRACE i.a.p.raft.roles.LeaderAppender - RaftServer{1} - Received AppendResponse{status=OK, term=1, succeeded=true, lastLogIndex=61} from 3
00:27:53.731 [raft-server-3-state] TRACE i.a.p.raft.impl.RaftServiceManager - RaftServer{3} - Applying Indexed{index=61, entry=CommandEntry{term=1, timestamp=2018-06-10 12:27:53,406, session=2, sequence=53, operation=PrimitiveOperation{id=DefaultOperationId{id=write, type=COMMAND}, value=byte[]{length=17, hash=-1644578928}}}}
00:27:53.731 [raft-server-1] TRACE i.a.p.raft.roles.LeaderAppender - RaftServer{1} - Sending AppendRequest{term=1, leader=1, prevLogIndex=61, prevLogTerm=1, entries=1, commitIndex=61} to 3
00:27:53.731 [raft-server-3-state] TRACE i.a.p.s.impl.DefaultServiceExecutor - PrimitiveService{2}{type=io.atomix.protocols.raft.RaftTest$TestPrimitiveType@192b3940, name=raft-test} - Executing DefaultCommit{index=61, session=RaftSession{RaftServiceContext{server=3, type=io.atomix.protocols.raft.RaftTest$TestPrimitiveType@192b3940, name=raft-test, id=2}, session=2, timestamp=2018-06-10 12:27:53,406}, time=2018-06-10 12:27:53,406, operation=DefaultOperationId{id=write, type=COMMAND}, value=byte[]{length=17, hash=-1644578928}}
00:27:53.731 [raft-server-3] TRACE i.a.p.raft.roles.FollowerRole - RaftServer{3}{role=FOLLOWER} - Received AppendRequest{term=1, leader=1, prevLogIndex=61, prevLogTerm=1, entries=1, commitIndex=61}
00:27:53.731 [raft-server-3] TRACE i.a.p.raft.roles.FollowerRole - RaftServer{3}{role=FOLLOWER} - Appended Indexed{index=62, entry=CommandEntry{term=1, timestamp=2018-06-10 12:27:53,715, session=2, sequence=54, operation=PrimitiveOperation{id=DefaultOperationId{id=write, type=COMMAND}, value=byte[]{length=17, hash=-1644578928}}}}
00:27:53.731 [raft-server-3] TRACE i.a.p.raft.roles.FollowerRole - RaftServer{3}{role=FOLLOWER} - Sending AppendResponse{status=OK, term=1, succeeded=true, lastLogIndex=62}
00:27:53.731 [raft-server-1] TRACE i.a.p.raft.roles.LeaderAppender - RaftServer{1} - Received AppendResponse{status=OK, term=1, succeeded=true, lastLogIndex=62} from 3
00:27:53.731 [raft-server-1] TRACE i.a.p.raft.roles.LeaderAppender - RaftServer{1} - Committed entries up to 62
00:27:53.780 [raft-server-2] TRACE i.a.p.raft.roles.FollowerRole - RaftServer{2}{role=FOLLOWER} - Committed entries up to index 61
00:27:53.780 [raft-server-2] TRACE i.a.p.raft.roles.FollowerRole - RaftServer{2}{role=FOLLOWER} - Sending AppendResponse{status=OK, term=1, succeeded=true, lastLogIndex=61}
00:27:53.780 [raft-server-2-state] TRACE i.a.p.raft.impl.RaftServiceManager - RaftServer{2} - Applying Indexed{index=61, entry=CommandEntry{term=1, timestamp=2018-06-10 12:27:53,406, session=2, sequence=53, operation=PrimitiveOperation{id=DefaultOperationId{id=write, type=COMMAND}, value=byte[]{length=17, hash=-1644578928}}}}
00:27:53.780 [raft-server-2-state] TRACE i.a.p.s.impl.DefaultServiceExecutor - PrimitiveService{2}{type=io.atomix.protocols.raft.RaftTest$TestPrimitiveType@68be9fc, name=raft-test} - Executing DefaultCommit{index=61, session=RaftSession{RaftServiceContext{server=2, type=io.atomix.protocols.raft.RaftTest$TestPrimitiveType@68be9fc, name=raft-test, id=2}, session=2, timestamp=2018-06-10 12:27:53,406}, time=2018-06-10 12:27:53,406, operation=DefaultOperationId{id=write, type=COMMAND}, value=byte[]{length=17, hash=-1644578928}}
00:27:53.797 [raft-server-1] TRACE i.a.p.raft.roles.LeaderAppender - RaftServer{1} - Received AppendResponse{status=OK, term=1, succeeded=true, lastLogIndex=61} from 2
00:27:53.797 [raft-server-1] TRACE i.a.p.raft.roles.LeaderAppender - RaftServer{1} - Sending AppendRequest{term=1, leader=1, prevLogIndex=61, prevLogTerm=1, entries=1, commitIndex=62} to 2
00:27:53.797 [raft-server-1-state] TRACE i.a.p.raft.impl.RaftServiceManager - RaftServer{1} - Applying Indexed{index=62, entry=CommandEntry{term=1, timestamp=2018-06-10 12:27:53,715, session=2, sequence=54, operation=PrimitiveOperation{id=DefaultOperationId{id=write, type=COMMAND}, value=byte[]{length=17, hash=-1644578928}}}}
00:27:53.797 [raft-server-2] TRACE i.a.p.raft.roles.FollowerRole - RaftServer{2}{role=FOLLOWER} - Received AppendRequest{term=1, leader=1, prevLogIndex=61, prevLogTerm=1, entries=1, commitIndex=62}
00:27:53.797 [raft-server-1-state] TRACE i.a.p.s.impl.DefaultServiceExecutor - PrimitiveService{2}{type=io.atomix.protocols.raft.RaftTest$TestPrimitiveType@f170389, name=raft-test} - Executing DefaultCommit{index=62, session=RaftSession{RaftServiceContext{server=1, type=io.atomix.protocols.raft.RaftTest$TestPrimitiveType@f170389, name=raft-test, id=2}, session=2, timestamp=2018-06-10 12:27:53,715}, time=2018-06-10 12:27:53,715, operation=DefaultOperationId{id=write, type=COMMAND}, value=byte[]{length=17, hash=-1644578928}}
00:27:53.797 [raft-server-1-state] TRACE i.a.protocols.raft.roles.LeaderRole - RaftServer{1}{role=LEADER} - Sending CommandResponse{status=OK, index=62, eventIndex=2, result=byte[]{length=2, hash=1364}}
00:27:53.798 [raft-server-2] TRACE i.a.p.raft.roles.FollowerRole - RaftServer{2}{role=FOLLOWER} - Appended Indexed{index=62, entry=CommandEntry{term=1, timestamp=2018-06-10 12:27:53,715, session=2, sequence=54, operation=PrimitiveOperation{id=DefaultOperationId{id=write, type=COMMAND}, value=byte[]{length=17, hash=-1644578928}}}}
00:27:53.798 [raft-client-1f73cd99-b88c-4b59-9944-86684dacc85c-2] TRACE i.a.p.r.s.impl.RaftSessionConnection - SessionClient{2}{type=io.atomix.protocols.raft.RaftTest$TestPrimitiveType@7d0100ea, name=raft-test} - Received CommandResponse{status=OK, index=62, eventIndex=2, result=byte[]{length=2, hash=1364}} from 1
00:27:53.798 [raft-client-1f73cd99-b88c-4b59-9944-86684dacc85c-2] TRACE i.a.p.r.s.impl.RaftSessionSequencer - SessionClient{2}{type=io.atomix.protocols.raft.RaftTest$TestPrimitiveType@7d0100ea, name=raft-test} - Completing response CommandResponse{status=OK, index=62, eventIndex=2, result=byte[]{length=2, hash=1364}}
00:27:53.798 [raft-client-1f73cd99-b88c-4b59-9944-86684dacc85c-2] TRACE i.a.p.r.s.impl.RaftSessionConnection - SessionClient{2}{type=io.atomix.protocols.raft.RaftTest$TestPrimitiveType@7d0100ea, name=raft-test} - Sending CommandRequest{session=2, sequence=55, operation=PrimitiveOperation{id=DefaultOperationId{id=write, type=COMMAND}, value=byte[]{length=17, hash=-1644578928}}} to 1
00:27:53.798 [raft-server-1] TRACE i.a.protocols.raft.roles.LeaderRole - RaftServer{1}{role=LEADER} - Received CommandRequest{session=2, sequence=55, operation=PrimitiveOperation{id=DefaultOperationId{id=write, type=COMMAND}, value=byte[]{length=17, hash=-1644578928}}}
00:27:53.798 [raft-server-1] TRACE i.a.protocols.raft.roles.LeaderRole - RaftServer{1}{role=LEADER} - Appended Indexed{index=63, entry=CommandEntry{term=1, timestamp=2018-06-10 12:27:53,798, session=2, sequence=55, operation=PrimitiveOperation{id=DefaultOperationId{id=write, type=COMMAND}, value=byte[]{length=17, hash=-1644578928}}}}
00:27:53.798 [raft-server-1] TRACE i.a.p.raft.roles.LeaderAppender - RaftServer{1} - Sending AppendRequest{term=1, leader=1, prevLogIndex=62, prevLogTerm=1, entries=1, commitIndex=62} to 3
00:27:53.798 [raft-server-3] TRACE i.a.p.raft.roles.FollowerRole - RaftServer{3}{role=FOLLOWER} - Received AppendRequest{term=1, leader=1, prevLogIndex=62, prevLogTerm=1, entries=1, commitIndex=62}
00:27:53.798 [raft-server-3] TRACE i.a.p.raft.roles.FollowerRole - RaftServer{3}{role=FOLLOWER} - Appended Indexed{index=63, entry=CommandEntry{term=1, timestamp=2018-06-10 12:27:53,798, session=2, sequence=55, operation=PrimitiveOperation{id=DefaultOperationId{id=write, type=COMMAND}, value=byte[]{length=17, hash=-1644578928}}}}
00:27:53.831 [raft-server-2] TRACE i.a.p.raft.roles.FollowerRole - RaftServer{2}{role=FOLLOWER} - Committed entries up to index 62
00:27:53.831 [raft-server-2] TRACE i.a.p.raft.roles.FollowerRole - RaftServer{2}{role=FOLLOWER} - Sending AppendResponse{status=OK, term=1, succeeded=true, lastLogIndex=62}
00:27:53.831 [raft-server-1] TRACE i.a.p.raft.roles.LeaderAppender - RaftServer{1} - Received AppendResponse{status=OK, term=1, succeeded=true, lastLogIndex=62} from 2
00:27:53.831 [raft-server-2-state] TRACE i.a.p.raft.impl.RaftServiceManager - RaftServer{2} - Applying Indexed{index=62, entry=CommandEntry{term=1, timestamp=2018-06-10 12:27:53,715, session=2, sequence=54, operation=PrimitiveOperation{id=DefaultOperationId{id=write, type=COMMAND}, value=byte[]{length=17, hash=-1644578928}}}}
00:27:53.831 [raft-server-1] TRACE i.a.p.raft.roles.LeaderAppender - RaftServer{1} - Sending AppendRequest{term=1, leader=1, prevLogIndex=62, prevLogTerm=1, entries=1, commitIndex=62} to 2
00:27:53.831 [raft-server-2-state] TRACE i.a.p.s.impl.DefaultServiceExecutor - PrimitiveService{2}{type=io.atomix.protocols.raft.RaftTest$TestPrimitiveType@68be9fc, name=raft-test} - Executing DefaultCommit{index=62, session=RaftSession{RaftServiceContext{server=2, type=io.atomix.protocols.raft.RaftTest$TestPrimitiveType@68be9fc, name=raft-test, id=2}, session=2, timestamp=2018-06-10 12:27:53,715}, time=2018-06-10 12:27:53,715, operation=DefaultOperationId{id=write, type=COMMAND}, value=byte[]{length=17, hash=-1644578928}}
00:27:53.831 [raft-server-2] TRACE i.a.p.raft.roles.FollowerRole - RaftServer{2}{role=FOLLOWER} - Received AppendRequest{term=1, leader=1, prevLogIndex=62, prevLogTerm=1, entries=1, commitIndex=62}
00:27:53.832 [raft-server-2] TRACE i.a.p.raft.roles.FollowerRole - RaftServer{2}{role=FOLLOWER} - Appended Indexed{index=63, entry=CommandEntry{term=1, timestamp=2018-06-10 12:27:53,798, session=2, sequence=55, operation=PrimitiveOperation{id=DefaultOperationId{id=write, type=COMMAND}, value=byte[]{length=17, hash=-1644578928}}}}
00:27:53.832 [raft-server-2] TRACE i.a.p.raft.roles.FollowerRole - RaftServer{2}{role=FOLLOWER} - Sending AppendResponse{status=OK, term=1, succeeded=true, lastLogIndex=63}
00:27:53.832 [raft-server-1] TRACE i.a.p.raft.roles.LeaderAppender - RaftServer{1} - Received AppendResponse{status=OK, term=1, succeeded=true, lastLogIndex=63} from 2
00:27:53.832 [raft-server-1] TRACE i.a.p.raft.roles.LeaderAppender - RaftServer{1} - Committed entries up to 63
00:27:53.864 [raft-server-3] TRACE i.a.p.raft.roles.FollowerRole - RaftServer{3}{role=FOLLOWER} - Committed entries up to index 62
00:27:53.864 [raft-server-3] TRACE i.a.p.raft.roles.FollowerRole - RaftServer{3}{role=FOLLOWER} - Sending AppendResponse{status=OK, term=1, succeeded=true, lastLogIndex=63}
00:27:53.864 [raft-server-3-state] TRACE i.a.p.raft.impl.RaftServiceManager - RaftServer{3} - Applying Indexed{index=62, entry=CommandEntry{term=1, timestamp=2018-06-10 12:27:53,715, session=2, sequence=54, operation=PrimitiveOperation{id=DefaultOperationId{id=write, type=COMMAND}, value=byte[]{length=17, hash=-1644578928}}}}
00:27:53.864 [raft-server-3-state] TRACE i.a.p.s.impl.DefaultServiceExecutor - PrimitiveService{2}{type=io.atomix.protocols.raft.RaftTest$TestPrimitiveType@192b3940, name=raft-test} - Executing DefaultCommit{index=62, session=RaftSession{RaftServiceContext{server=3, type=io.atomix.protocols.raft.RaftTest$TestPrimitiveType@192b3940, name=raft-test, id=2}, session=2, timestamp=2018-06-10 12:27:53,715}, time=2018-06-10 12:27:53,715, operation=DefaultOperationId{id=write, type=COMMAND}, value=byte[]{length=17, hash=-1644578928}}
00:27:53.881 [raft-server-1] TRACE i.a.p.raft.roles.LeaderAppender - RaftServer{1} - Received AppendResponse{status=OK, term=1, succeeded=true, lastLogIndex=63} from 3
00:27:53.881 [raft-server-1-state] TRACE i.a.p.raft.impl.RaftServiceManager - RaftServer{1} - Applying Indexed{index=63, entry=CommandEntry{term=1, timestamp=2018-06-10 12:27:53,798, session=2, sequence=55, operation=PrimitiveOperation{id=DefaultOperationId{id=write, type=COMMAND}, value=byte[]{length=17, hash=-1644578928}}}}
00:27:53.881 [raft-server-1-state] TRACE i.a.p.s.impl.DefaultServiceExecutor - PrimitiveService{2}{type=io.atomix.protocols.raft.RaftTest$TestPrimitiveType@f170389, name=raft-test} - Executing DefaultCommit{index=63, session=RaftSession{RaftServiceContext{server=1, type=io.atomix.protocols.raft.RaftTest$TestPrimitiveType@f170389, name=raft-test, id=2}, session=2, timestamp=2018-06-10 12:27:53,798}, time=2018-06-10 12:27:53,798, operation=DefaultOperationId{id=write, type=COMMAND}, value=byte[]{length=17, hash=-1644578928}}
00:27:53.881 [raft-server-1-state] TRACE i.a.protocols.raft.roles.LeaderRole - RaftServer{1}{role=LEADER} - Sending CommandResponse{status=OK, index=63, eventIndex=2, result=byte[]{length=2, hash=1366}}
00:27:53.881 [raft-client-1f73cd99-b88c-4b59-9944-86684dacc85c-0] TRACE i.a.p.r.s.impl.RaftSessionConnection - SessionClient{2}{type=io.atomix.protocols.raft.RaftTest$TestPrimitiveType@7d0100ea, name=raft-test} - Received CommandResponse{status=OK, index=63, eventIndex=2, result=byte[]{length=2, hash=1366}} from 1
00:27:53.881 [raft-client-1f73cd99-b88c-4b59-9944-86684dacc85c-0] TRACE i.a.p.r.s.impl.RaftSessionSequencer - SessionClient{2}{type=io.atomix.protocols.raft.RaftTest$TestPrimitiveType@7d0100ea, name=raft-test} - Completing response CommandResponse{status=OK, index=63, eventIndex=2, result=byte[]{length=2, hash=1366}}
00:27:53.881 [raft-client-1f73cd99-b88c-4b59-9944-86684dacc85c-0] TRACE i.a.p.r.s.impl.RaftSessionConnection - SessionClient{2}{type=io.atomix.protocols.raft.RaftTest$TestPrimitiveType@7d0100ea, name=raft-test} - Sending CommandRequest{session=2, sequence=56, operation=PrimitiveOperation{id=DefaultOperationId{id=write, type=COMMAND}, value=byte[]{length=17, hash=-1644578928}}} to 1
00:27:53.881 [raft-server-1] TRACE i.a.protocols.raft.roles.LeaderRole - RaftServer{1}{role=LEADER} - Received CommandRequest{session=2, sequence=56, operation=PrimitiveOperation{id=DefaultOperationId{id=write, type=COMMAND}, value=byte[]{length=17, hash=-1644578928}}}
00:27:53.881 [raft-server-1] TRACE i.a.protocols.raft.roles.LeaderRole - RaftServer{1}{role=LEADER} - Appended Indexed{index=64, entry=CommandEntry{term=1, timestamp=2018-06-10 12:27:53,881, session=2, sequence=56, operation=PrimitiveOperation{id=DefaultOperationId{id=write, type=COMMAND}, value=byte[]{length=17, hash=-1644578928}}}}
00:27:53.882 [raft-server-1] TRACE i.a.p.raft.roles.LeaderAppender - RaftServer{1} - Sending AppendRequest{term=1, leader=1, prevLogIndex=63, prevLogTerm=1, entries=1, commitIndex=63} to 3
00:27:53.882 [raft-server-1] TRACE i.a.p.raft.roles.LeaderAppender - RaftServer{1} - Sending AppendRequest{term=1, leader=1, prevLogIndex=63, prevLogTerm=1, entries=1, commitIndex=63} to 2
00:27:53.882 [raft-server-3] TRACE i.a.p.raft.roles.FollowerRole - RaftServer{3}{role=FOLLOWER} - Received AppendRequest{term=1, leader=1, prevLogIndex=63, prevLogTerm=1, entries=1, commitIndex=63}
00:27:53.882 [raft-server-2] TRACE i.a.p.raft.roles.FollowerRole - RaftServer{2}{role=FOLLOWER} - Received AppendRequest{term=1, leader=1, prevLogIndex=63, prevLogTerm=1, entries=1, commitIndex=63}
00:27:53.882 [raft-server-3] TRACE i.a.p.raft.roles.FollowerRole - RaftServer{3}{role=FOLLOWER} - Appended Indexed{index=64, entry=CommandEntry{term=1, timestamp=2018-06-10 12:27:53,881, session=2, sequence=56, operation=PrimitiveOperation{id=DefaultOperationId{id=write, type=COMMAND}, value=byte[]{length=17, hash=-1644578928}}}}
00:27:53.882 [raft-server-2] TRACE i.a.p.raft.roles.FollowerRole - RaftServer{2}{role=FOLLOWER} - Appended Indexed{index=64, entry=CommandEntry{term=1, timestamp=2018-06-10 12:27:53,881, session=2, sequence=56, operation=PrimitiveOperation{id=DefaultOperationId{id=write, type=COMMAND}, value=byte[]{length=17, hash=-1644578928}}}}
00:27:53.906 [raft-server-3] TRACE i.a.p.raft.roles.FollowerRole - RaftServer{3}{role=FOLLOWER} - Committed entries up to index 63
00:27:53.906 [raft-server-2] TRACE i.a.p.raft.roles.FollowerRole - RaftServer{2}{role=FOLLOWER} - Committed entries up to index 63
00:27:53.906 [raft-server-3] TRACE i.a.p.raft.roles.FollowerRole - RaftServer{3}{role=FOLLOWER} - Sending AppendResponse{status=OK, term=1, succeeded=true, lastLogIndex=64}
00:27:53.906 [raft-server-2] TRACE i.a.p.raft.roles.FollowerRole - RaftServer{2}{role=FOLLOWER} - Sending AppendResponse{status=OK, term=1, succeeded=true, lastLogIndex=64}
00:27:53.906 [raft-server-3-state] TRACE i.a.p.raft.impl.RaftServiceManager - RaftServer{3} - Applying Indexed{index=63, entry=CommandEntry{term=1, timestamp=2018-06-10 12:27:53,798, session=2, sequence=55, operation=PrimitiveOperation{id=DefaultOperationId{id=write, type=COMMAND}, value=byte[]{length=17, hash=-1644578928}}}}
00:27:53.906 [raft-server-1] TRACE i.a.p.raft.roles.LeaderAppender - RaftServer{1} - Received AppendResponse{status=OK, term=1, succeeded=true, lastLogIndex=64} from 3
00:27:53.906 [raft-server-2-state] TRACE i.a.p.raft.impl.RaftServiceManager - RaftServer{2} - Applying Indexed{index=63, entry=CommandEntry{term=1, timestamp=2018-06-10 12:27:53,798, session=2, sequence=55, operation=PrimitiveOperation{id=DefaultOperationId{id=write, type=COMMAND}, value=byte[]{length=17, hash=-1644578928}}}}
00:27:53.906 [raft-server-3-state] TRACE i.a.p.s.impl.DefaultServiceExecutor - PrimitiveService{2}{type=io.atomix.protocols.raft.RaftTest$TestPrimitiveType@192b3940, name=raft-test} - Executing DefaultCommit{index=63, session=RaftSession{RaftServiceContext{server=3, type=io.atomix.protocols.raft.RaftTest$TestPrimitiveType@192b3940, name=raft-test, id=2}, session=2, timestamp=2018-06-10 12:27:53,798}, time=2018-06-10 12:27:53,798, operation=DefaultOperationId{id=write, type=COMMAND}, value=byte[]{length=17, hash=-1644578928}}
00:27:53.906 [raft-server-1] TRACE i.a.p.raft.roles.LeaderAppender - RaftServer{1} - Committed entries up to 64
00:27:53.906 [raft-server-2-state] TRACE i.a.p.s.impl.DefaultServiceExecutor - PrimitiveService{2}{type=io.atomix.protocols.raft.RaftTest$TestPrimitiveType@68be9fc, name=raft-test} - Executing DefaultCommit{index=63, session=RaftSession{RaftServiceContext{server=2, type=io.atomix.protocols.raft.RaftTest$TestPrimitiveType@68be9fc, name=raft-test, id=2}, session=2, timestamp=2018-06-10 12:27:53,798}, time=2018-06-10 12:27:53,798, operation=DefaultOperationId{id=write, type=COMMAND}, value=byte[]{length=17, hash=-1644578928}}
00:27:53.931 [raft-server-1] TRACE i.a.p.raft.roles.LeaderAppender - RaftServer{1} - Received AppendResponse{status=OK, term=1, succeeded=true, lastLogIndex=64} from 2
00:27:53.931 [raft-server-1] TRACE i.a.p.raft.roles.LeaderAppender - RaftServer{1} - Sending AppendRequest{term=1, leader=1, prevLogIndex=64, prevLogTerm=1, entries=0, commitIndex=64} to 3
00:27:53.931 [raft-server-3] TRACE i.a.p.raft.roles.FollowerRole - RaftServer{3}{role=FOLLOWER} - Received AppendRequest{term=1, leader=1, prevLogIndex=64, prevLogTerm=1, entries=0, commitIndex=64}
00:27:53.931 [raft-server-1] TRACE i.a.p.raft.roles.LeaderAppender - RaftServer{1} - Sending AppendRequest{term=1, leader=1, prevLogIndex=64, prevLogTerm=1, entries=0, commitIndex=64} to 2
00:27:53.931 [raft-server-2] TRACE i.a.p.raft.roles.FollowerRole - RaftServer{2}{role=FOLLOWER} - Received AppendRequest{term=1, leader=1, prevLogIndex=64, prevLogTerm=1, entries=0, commitIndex=64}
00:27:53.931 [raft-server-2] TRACE i.a.p.raft.roles.FollowerRole - RaftServer{2}{role=FOLLOWER} - Committed entries up to index 64
00:27:53.931 [raft-server-1-state] TRACE i.a.p.raft.impl.RaftServiceManager - RaftServer{1} - Applying Indexed{index=64, entry=CommandEntry{term=1, timestamp=2018-06-10 12:27:53,881, session=2, sequence=56, operation=PrimitiveOperation{id=DefaultOperationId{id=write, type=COMMAND}, value=byte[]{length=17, hash=-1644578928}}}}
00:27:53.931 [raft-server-2] TRACE i.a.p.raft.roles.FollowerRole - RaftServer{2}{role=FOLLOWER} - Sending AppendResponse{status=OK, term=1, succeeded=true, lastLogIndex=64}
00:27:53.931 [raft-server-1-state] TRACE i.a.p.s.impl.DefaultServiceExecutor - PrimitiveService{2}{type=io.atomix.protocols.raft.RaftTest$TestPrimitiveType@f170389, name=raft-test} - Executing DefaultCommit{index=64, session=RaftSession{RaftServiceContext{server=1, type=io.atomix.protocols.raft.RaftTest$TestPrimitiveType@f170389, name=raft-test, id=2}, session=2, timestamp=2018-06-10 12:27:53,881}, time=2018-06-10 12:27:53,881, operation=DefaultOperationId{id=write, type=COMMAND}, value=byte[]{length=17, hash=-1644578928}}
00:27:53.931 [raft-server-1] TRACE i.a.p.raft.roles.LeaderAppender - RaftServer{1} - Received AppendResponse{status=OK, term=1, succeeded=true, lastLogIndex=64} from 2
00:27:53.931 [raft-server-2-state] TRACE i.a.p.raft.impl.RaftServiceManager - RaftServer{2} - Applying Indexed{index=64, entry=CommandEntry{term=1, timestamp=2018-06-10 12:27:53,881, session=2, sequence=56, operation=PrimitiveOperation{id=DefaultOperationId{id=write, type=COMMAND}, value=byte[]{length=17, hash=-1644578928}}}}
00:27:53.931 [raft-server-1-state] TRACE i.a.protocols.raft.roles.LeaderRole - RaftServer{1}{role=LEADER} - Sending CommandResponse{status=OK, index=64, eventIndex=2, result=byte[]{length=3, hash=34473}}
00:27:53.931 [raft-server-1] TRACE i.a.p.raft.roles.LeaderAppender - RaftServer{1} - Sending AppendRequest{term=1, leader=1, prevLogIndex=64, prevLogTerm=1, entries=0, commitIndex=64} to 2
00:27:53.931 [raft-server-2-state] TRACE i.a.p.s.impl.DefaultServiceExecutor - PrimitiveService{2}{type=io.atomix.protocols.raft.RaftTest$TestPrimitiveType@68be9fc, name=raft-test} - Executing DefaultCommit{index=64, session=RaftSession{RaftServiceContext{server=2, type=io.atomix.protocols.raft.RaftTest$TestPrimitiveType@68be9fc, name=raft-test, id=2}, session=2, timestamp=2018-06-10 12:27:53,881}, time=2018-06-10 12:27:53,881, operation=DefaultOperationId{id=write, type=COMMAND}, value=byte[]{length=17, hash=-1644578928}}
00:27:53.931 [raft-client-1f73cd99-b88c-4b59-9944-86684dacc85c-6] TRACE i.a.p.r.s.impl.RaftSessionConnection - SessionClient{2}{type=io.atomix.protocols.raft.RaftTest$TestPrimitiveType@7d0100ea, name=raft-test} - Received CommandResponse{status=OK, index=64, eventIndex=2, result=byte[]{length=3, hash=34473}} from 1
00:27:53.931 [raft-server-2] TRACE i.a.p.raft.roles.FollowerRole - RaftServer{2}{role=FOLLOWER} - Received AppendRequest{term=1, leader=1, prevLogIndex=64, prevLogTerm=1, entries=0, commitIndex=64}
00:27:53.931 [raft-client-1f73cd99-b88c-4b59-9944-86684dacc85c-6] TRACE i.a.p.r.s.impl.RaftSessionSequencer - SessionClient{2}{type=io.atomix.protocols.raft.RaftTest$TestPrimitiveType@7d0100ea, name=raft-test} - Completing response CommandResponse{status=OK, index=64, eventIndex=2, result=byte[]{length=3, hash=34473}}
00:27:53.931 [raft-server-2] TRACE i.a.p.raft.roles.FollowerRole - RaftServer{2}{role=FOLLOWER} - Sending AppendResponse{status=OK, term=1, succeeded=true, lastLogIndex=64}
00:27:53.931 [raft-server-1] TRACE i.a.p.raft.roles.LeaderAppender - RaftServer{1} - Received AppendResponse{status=OK, term=1, succeeded=true, lastLogIndex=64} from 2
00:27:53.931 [raft-server-1] TRACE i.a.p.raft.roles.LeaderAppender - RaftServer{1} - Sending AppendRequest{term=1, leader=1, prevLogIndex=64, prevLogTerm=1, entries=0, commitIndex=64} to 2
00:27:53.932 [raft-server-2] TRACE i.a.p.raft.roles.FollowerRole - RaftServer{2}{role=FOLLOWER} - Received AppendRequest{term=1, leader=1, prevLogIndex=64, prevLogTerm=1, entries=0, commitIndex=64}
00:27:53.932 [raft-client-1f73cd99-b88c-4b59-9944-86684dacc85c-7] TRACE i.a.p.r.s.impl.RaftSessionConnection - SessionClient{2}{type=io.atomix.protocols.raft.RaftTest$TestPrimitiveType@7d0100ea, name=raft-test} - Sending CommandRequest{session=2, sequence=57, operation=PrimitiveOperation{id=DefaultOperationId{id=write, type=COMMAND}, value=byte[]{length=17, hash=-1644578928}}} to 1
00:27:53.932 [raft-server-2] TRACE i.a.p.raft.roles.FollowerRole - RaftServer{2}{role=FOLLOWER} - Sending AppendResponse{status=OK, term=1, succeeded=true, lastLogIndex=64}
00:27:53.932 [raft-server-1] TRACE i.a.protocols.raft.roles.LeaderRole - RaftServer{1}{role=LEADER} - Received CommandRequest{session=2, sequence=57, operation=PrimitiveOperation{id=DefaultOperationId{id=write, type=COMMAND}, value=byte[]{length=17, hash=-1644578928}}}
00:27:53.932 [raft-server-1] TRACE i.a.protocols.raft.roles.LeaderRole - RaftServer{1}{role=LEADER} - Appended Indexed{index=65, entry=CommandEntry{term=1, timestamp=2018-06-10 12:27:53,932, session=2, sequence=57, operation=PrimitiveOperation{id=DefaultOperationId{id=write, type=COMMAND}, value=byte[]{length=17, hash=-1644578928}}}}
00:27:53.932 [raft-server-1] TRACE i.a.p.raft.roles.LeaderAppender - RaftServer{1} - Received AppendResponse{status=OK, term=1, succeeded=true, lastLogIndex=64} from 2
00:27:53.932 [raft-server-1] TRACE i.a.p.raft.roles.LeaderAppender - RaftServer{1} - Sending AppendRequest{term=1, leader=1, prevLogIndex=64, prevLogTerm=1, entries=1, commitIndex=64} to 2
00:27:53.932 [raft-server-2] TRACE i.a.p.raft.roles.FollowerRole - RaftServer{2}{role=FOLLOWER} - Received AppendRequest{term=1, leader=1, prevLogIndex=64, prevLogTerm=1, entries=1, commitIndex=64}
00:27:53.932 [raft-server-2] TRACE i.a.p.raft.roles.FollowerRole - RaftServer{2}{role=FOLLOWER} - Appended Indexed{index=65, entry=CommandEntry{term=1, timestamp=2018-06-10 12:27:53,932, session=2, sequence=57, operation=PrimitiveOperation{id=DefaultOperationId{id=write, type=COMMAND}, value=byte[]{length=17, hash=-1644578928}}}}
00:27:53.932 [raft-server-2] TRACE i.a.p.raft.roles.FollowerRole - RaftServer{2}{role=FOLLOWER} - Sending AppendResponse{status=OK, term=1, succeeded=true, lastLogIndex=65}
00:27:53.932 [raft-server-1] TRACE i.a.p.raft.roles.LeaderAppender - RaftServer{1} - Received AppendResponse{status=OK, term=1, succeeded=true, lastLogIndex=65} from 2
00:27:53.932 [raft-server-1] TRACE i.a.p.raft.roles.LeaderAppender - RaftServer{1} - Committed entries up to 65
00:27:53.956 [raft-server-3] TRACE i.a.p.raft.roles.FollowerRole - RaftServer{3}{role=FOLLOWER} - Committed entries up to index 64
00:27:53.956 [raft-server-3] TRACE i.a.p.raft.roles.FollowerRole - RaftServer{3}{role=FOLLOWER} - Sending AppendResponse{status=OK, term=1, succeeded=true, lastLogIndex=64}
00:27:53.956 [raft-server-3-state] TRACE i.a.p.raft.impl.RaftServiceManager - RaftServer{3} - Applying Indexed{index=64, entry=CommandEntry{term=1, timestamp=2018-06-10 12:27:53,881, session=2, sequence=56, operation=PrimitiveOperation{id=DefaultOperationId{id=write, type=COMMAND}, value=byte[]{length=17, hash=-1644578928}}}}
00:27:53.956 [raft-server-3-state] TRACE i.a.p.s.impl.DefaultServiceExecutor - PrimitiveService{2}{type=io.atomix.protocols.raft.RaftTest$TestPrimitiveType@192b3940, name=raft-test} - Executing DefaultCommit{index=64, session=RaftSession{RaftServiceContext{server=3, type=io.atomix.protocols.raft.RaftTest$TestPrimitiveType@192b3940, name=raft-test, id=2}, session=2, timestamp=2018-06-10 12:27:53,881}, time=2018-06-10 12:27:53,881, operation=DefaultOperationId{id=write, type=COMMAND}, value=byte[]{length=17, hash=-1644578928}}
00:27:53.972 [raft-server-1] TRACE i.a.p.raft.roles.LeaderAppender - RaftServer{1} - Received AppendResponse{status=OK, term=1, succeeded=true, lastLogIndex=64} from 3
00:27:53.972 [raft-server-1] TRACE i.a.p.raft.roles.LeaderAppender - RaftServer{1} - Sending AppendRequest{term=1, leader=1, prevLogIndex=64, prevLogTerm=1, entries=1, commitIndex=65} to 3
00:27:53.972 [raft-server-3] TRACE i.a.p.raft.roles.FollowerRole - RaftServer{3}{role=FOLLOWER} - Received AppendRequest{term=1, leader=1, prevLogIndex=64, prevLogTerm=1, entries=1, commitIndex=65}
00:27:53.972 [raft-server-1-state] TRACE i.a.p.raft.impl.RaftServiceManager - RaftServer{1} - Applying Indexed{index=65, entry=CommandEntry{term=1, timestamp=2018-06-10 12:27:53,932, session=2, sequence=57, operation=PrimitiveOperation{id=DefaultOperationId{id=write, type=COMMAND}, value=byte[]{length=17, hash=-1644578928}}}}
00:27:53.972 [raft-server-1-state] TRACE i.a.p.s.impl.DefaultServiceExecutor - PrimitiveService{2}{type=io.atomix.protocols.raft.RaftTest$TestPrimitiveType@f170389, name=raft-test} - Executing DefaultCommit{index=65, session=RaftSession{RaftServiceContext{server=1, type=io.atomix.protocols.raft.RaftTest$TestPrimitiveType@f170389, name=raft-test, id=2}, session=2, timestamp=2018-06-10 12:27:53,932}, time=2018-06-10 12:27:53,932, operation=DefaultOperationId{id=write, type=COMMAND}, value=byte[]{length=17, hash=-1644578928}}
00:27:53.972 [raft-server-3] TRACE i.a.p.raft.roles.FollowerRole - RaftServer{3}{role=FOLLOWER} - Appended Indexed{index=65, entry=CommandEntry{term=1, timestamp=2018-06-10 12:27:53,932, session=2, sequence=57, operation=PrimitiveOperation{id=DefaultOperationId{id=write, type=COMMAND}, value=byte[]{length=17, hash=-1644578928}}}}
00:27:53.972 [raft-server-1-state] TRACE i.a.protocols.raft.roles.LeaderRole - RaftServer{1}{role=LEADER} - Sending CommandResponse{status=OK, index=65, eventIndex=2, result=byte[]{length=3, hash=34535}}
00:27:53.973 [raft-client-1f73cd99-b88c-4b59-9944-86684dacc85c-3] TRACE i.a.p.r.s.impl.RaftSessionConnection - SessionClient{2}{type=io.atomix.protocols.raft.RaftTest$TestPrimitiveType@7d0100ea, name=raft-test} - Received CommandResponse{status=OK, index=65, eventIndex=2, result=byte[]{length=3, hash=34535}} from 1
00:27:53.973 [raft-client-1f73cd99-b88c-4b59-9944-86684dacc85c-3] TRACE i.a.p.r.s.impl.RaftSessionSequencer - SessionClient{2}{type=io.atomix.protocols.raft.RaftTest$TestPrimitiveType@7d0100ea, name=raft-test} - Completing response CommandResponse{status=OK, index=65, eventIndex=2, result=byte[]{length=3, hash=34535}}
00:27:53.973 [raft-client-1f73cd99-b88c-4b59-9944-86684dacc85c-4] TRACE i.a.p.r.s.impl.RaftSessionConnection - SessionClient{2}{type=io.atomix.protocols.raft.RaftTest$TestPrimitiveType@7d0100ea, name=raft-test} - Sending CommandRequest{session=2, sequence=58, operation=PrimitiveOperation{id=DefaultOperationId{id=write, type=COMMAND}, value=byte[]{length=17, hash=-1644578928}}} to 1
00:27:53.973 [raft-server-1] TRACE i.a.protocols.raft.roles.LeaderRole - RaftServer{1}{role=LEADER} - Received CommandRequest{session=2, sequence=58, operation=PrimitiveOperation{id=DefaultOperationId{id=write, type=COMMAND}, value=byte[]{length=17, hash=-1644578928}}}
00:27:53.973 [raft-server-1] TRACE i.a.protocols.raft.roles.LeaderRole - RaftServer{1}{role=LEADER} - Appended Indexed{index=66, entry=CommandEntry{term=1, timestamp=2018-06-10 12:27:53,973, session=2, sequence=58, operation=PrimitiveOperation{id=DefaultOperationId{id=write, type=COMMAND}, value=byte[]{length=17, hash=-1644578928}}}}
00:27:53.973 [raft-server-1] TRACE i.a.p.raft.roles.LeaderAppender - RaftServer{1} - Sending AppendRequest{term=1, leader=1, prevLogIndex=65, prevLogTerm=1, entries=1, commitIndex=65} to 2
00:27:53.973 [raft-server-2] TRACE i.a.p.raft.roles.FollowerRole - RaftServer{2}{role=FOLLOWER} - Received AppendRequest{term=1, leader=1, prevLogIndex=65, prevLogTerm=1, entries=1, commitIndex=65}
00:27:53.973 [raft-server-2] TRACE i.a.p.raft.roles.FollowerRole - RaftServer{2}{role=FOLLOWER} - Appended Indexed{index=66, entry=CommandEntry{term=1, timestamp=2018-06-10 12:27:53,973, session=2, sequence=58, operation=PrimitiveOperation{id=DefaultOperationId{id=write, type=COMMAND}, value=byte[]{length=17, hash=-1644578928}}}}
00:27:53.997 [raft-server-3] TRACE i.a.p.raft.roles.FollowerRole - RaftServer{3}{role=FOLLOWER} - Committed entries up to index 65
00:27:53.997 [raft-server-3] TRACE i.a.p.raft.roles.FollowerRole - RaftServer{3}{role=FOLLOWER} - Sending AppendResponse{status=OK, term=1, succeeded=true, lastLogIndex=65}
00:27:53.997 [raft-server-1] TRACE i.a.p.raft.roles.LeaderAppender - RaftServer{1} - Received AppendResponse{status=OK, term=1, succeeded=true, lastLogIndex=65} from 3
00:27:53.997 [raft-server-3-state] TRACE i.a.p.raft.impl.RaftServiceManager - RaftServer{3} - Applying Indexed{index=65, entry=CommandEntry{term=1, timestamp=2018-06-10 12:27:53,932, session=2, sequence=57, operation=PrimitiveOperation{id=DefaultOperationId{id=write, type=COMMAND}, value=byte[]{length=17, hash=-1644578928}}}}
00:27:53.997 [raft-server-1] TRACE i.a.p.raft.roles.LeaderAppender - RaftServer{1} - Sending AppendRequest{term=1, leader=1, prevLogIndex=65, prevLogTerm=1, entries=1, commitIndex=65} to 3
00:27:53.997 [raft-server-3-state] TRACE i.a.p.s.impl.DefaultServiceExecutor - PrimitiveService{2}{type=io.atomix.protocols.raft.RaftTest$TestPrimitiveType@192b3940, name=raft-test} - Executing DefaultCommit{index=65, session=RaftSession{RaftServiceContext{server=3, type=io.atomix.protocols.raft.RaftTest$TestPrimitiveType@192b3940, name=raft-test, id=2}, session=2, timestamp=2018-06-10 12:27:53,932}, time=2018-06-10 12:27:53,932, operation=DefaultOperationId{id=write, type=COMMAND}, value=byte[]{length=17, hash=-1644578928}}
00:27:53.997 [raft-server-3] TRACE i.a.p.raft.roles.FollowerRole - RaftServer{3}{role=FOLLOWER} - Received AppendRequest{term=1, leader=1, prevLogIndex=65, prevLogTerm=1, entries=1, commitIndex=65}
00:27:53.997 [raft-server-3] TRACE i.a.p.raft.roles.FollowerRole - RaftServer{3}{role=FOLLOWER} - Appended Indexed{index=66, entry=CommandEntry{term=1, timestamp=2018-06-10 12:27:53,973, session=2, sequence=58, operation=PrimitiveOperation{id=DefaultOperationId{id=write, type=COMMAND}, value=byte[]{length=17, hash=-1644578928}}}}
00:27:53.998 [raft-server-3] TRACE i.a.p.raft.roles.FollowerRole - RaftServer{3}{role=FOLLOWER} - Sending AppendResponse{status=OK, term=1, succeeded=true, lastLogIndex=66}
00:27:53.998 [raft-server-1] TRACE i.a.p.raft.roles.LeaderAppender - RaftServer{1} - Received AppendResponse{status=OK, term=1, succeeded=true, lastLogIndex=66} from 3
00:27:53.998 [raft-server-1] TRACE i.a.p.raft.roles.LeaderAppender - RaftServer{1} - Committed entries up to 66
00:27:54.023 [raft-server-2] TRACE i.a.p.raft.roles.FollowerRole - RaftServer{2}{role=FOLLOWER} - Committed entries up to index 65
00:27:54.023 [raft-server-2] TRACE i.a.p.raft.roles.FollowerRole - RaftServer{2}{role=FOLLOWER} - Sending AppendResponse{status=OK, term=1, succeeded=true, lastLogIndex=66}
00:27:54.023 [raft-server-2-state] TRACE i.a.p.raft.impl.RaftServiceManager - RaftServer{2} - Applying Indexed{index=65, entry=CommandEntry{term=1, timestamp=2018-06-10 12:27:53,932, session=2, sequence=57, operation=PrimitiveOperation{id=DefaultOperationId{id=write, type=COMMAND}, value=byte[]{length=17, hash=-1644578928}}}}
00:27:54.023 [raft-server-2-state] TRACE i.a.p.s.impl.DefaultServiceExecutor - PrimitiveService{2}{type=io.atomix.protocols.raft.RaftTest$TestPrimitiveType@68be9fc, name=raft-test} - Executing DefaultCommit{index=65, session=RaftSession{RaftServiceContext{server=2, type=io.atomix.protocols.raft.RaftTest$TestPrimitiveType@68be9fc, name=raft-test, id=2}, session=2, timestamp=2018-06-10 12:27:53,932}, time=2018-06-10 12:27:53,932, operation=DefaultOperationId{id=write, type=COMMAND}, value=byte[]{length=17, hash=-1644578928}}
00:27:54.047 [raft-server-1] TRACE i.a.p.raft.roles.LeaderAppender - RaftServer{1} - Received AppendResponse{status=OK, term=1, succeeded=true, lastLogIndex=66} from 2
00:27:54.047 [raft-server-1-state] TRACE i.a.p.raft.impl.RaftServiceManager - RaftServer{1} - Applying Indexed{index=66, entry=CommandEntry{term=1, timestamp=2018-06-10 12:27:53,973, session=2, sequence=58, operation=PrimitiveOperation{id=DefaultOperationId{id=write, type=COMMAND}, value=byte[]{length=17, hash=-1644578928}}}}
00:27:54.047 [raft-server-1-state] TRACE i.a.p.s.impl.DefaultServiceExecutor - PrimitiveService{2}{type=io.atomix.protocols.raft.RaftTest$TestPrimitiveType@f170389, name=raft-test} - Executing DefaultCommit{index=66, session=RaftSession{RaftServiceContext{server=1, type=io.atomix.protocols.raft.RaftTest$TestPrimitiveType@f170389, name=raft-test, id=2}, session=2, timestamp=2018-06-10 12:27:53,973}, time=2018-06-10 12:27:53,973, operation=DefaultOperationId{id=write, type=COMMAND}, value=byte[]{length=17, hash=-1644578928}}
00:27:54.047 [raft-server-1-state] TRACE i.a.protocols.raft.roles.LeaderRole - RaftServer{1}{role=LEADER} - Sending CommandResponse{status=OK, index=66, eventIndex=2, result=byte[]{length=3, hash=34597}}
00:27:54.048 [raft-client-1f73cd99-b88c-4b59-9944-86684dacc85c-5] TRACE i.a.p.r.s.impl.RaftSessionConnection - SessionClient{2}{type=io.atomix.protocols.raft.RaftTest$TestPrimitiveType@7d0100ea, name=raft-test} - Received CommandResponse{status=OK, index=66, eventIndex=2, result=byte[]{length=3, hash=34597}} from 1
00:27:54.048 [raft-client-1f73cd99-b88c-4b59-9944-86684dacc85c-5] TRACE i.a.p.r.s.impl.RaftSessionSequencer - SessionClient{2}{type=io.atomix.protocols.raft.RaftTest$TestPrimitiveType@7d0100ea, name=raft-test} - Completing response CommandResponse{status=OK, index=66, eventIndex=2, result=byte[]{length=3, hash=34597}}
00:27:54.048 [raft-client-1f73cd99-b88c-4b59-9944-86684dacc85c-5] TRACE i.a.p.r.s.impl.RaftSessionConnection - SessionClient{2}{type=io.atomix.protocols.raft.RaftTest$TestPrimitiveType@7d0100ea, name=raft-test} - Sending CommandRequest{session=2, sequence=59, operation=PrimitiveOperation{id=DefaultOperationId{id=write, type=COMMAND}, value=byte[]{length=17, hash=-1644578928}}} to 1
00:27:54.048 [raft-server-1] TRACE i.a.protocols.raft.roles.LeaderRole - RaftServer{1}{role=LEADER} - Received CommandRequest{session=2, sequence=59, operation=PrimitiveOperation{id=DefaultOperationId{id=write, type=COMMAND}, value=byte[]{length=17, hash=-1644578928}}}
00:27:54.048 [raft-server-1] TRACE i.a.protocols.raft.roles.LeaderRole - RaftServer{1}{role=LEADER} - Appended Indexed{index=67, entry=CommandEntry{term=1, timestamp=2018-06-10 12:27:54,048, session=2, sequence=59, operation=PrimitiveOperation{id=DefaultOperationId{id=write, type=COMMAND}, value=byte[]{length=17, hash=-1644578928}}}}
00:27:54.048 [raft-server-1] TRACE i.a.p.raft.roles.LeaderAppender - RaftServer{1} - Sending AppendRequest{term=1, leader=1, prevLogIndex=66, prevLogTerm=1, entries=1, commitIndex=66} to 3
00:27:54.048 [raft-server-3] TRACE i.a.p.raft.roles.FollowerRole - RaftServer{3}{role=FOLLOWER} - Received AppendRequest{term=1, leader=1, prevLogIndex=66, prevLogTerm=1, entries=1, commitIndex=66}
00:27:54.048 [raft-server-1] TRACE i.a.p.raft.roles.LeaderAppender - RaftServer{1} - Sending AppendRequest{term=1, leader=1, prevLogIndex=66, prevLogTerm=1, entries=1, commitIndex=66} to 2
00:27:54.048 [raft-server-3] TRACE i.a.p.raft.roles.FollowerRole - RaftServer{3}{role=FOLLOWER} - Appended Indexed{index=67, entry=CommandEntry{term=1, timestamp=2018-06-10 12:27:54,048, session=2, sequence=59, operation=PrimitiveOperation{id=DefaultOperationId{id=write, type=COMMAND}, value=byte[]{length=17, hash=-1644578928}}}}
00:27:54.048 [raft-server-2] TRACE i.a.p.raft.roles.FollowerRole - RaftServer{2}{role=FOLLOWER} - Received AppendRequest{term=1, leader=1, prevLogIndex=66, prevLogTerm=1, entries=1, commitIndex=66}
00:27:54.048 [raft-server-2] TRACE i.a.p.raft.roles.FollowerRole - RaftServer{2}{role=FOLLOWER} - Appended Indexed{index=67, entry=CommandEntry{term=1, timestamp=2018-06-10 12:27:54,048, session=2, sequence=59, operation=PrimitiveOperation{id=DefaultOperationId{id=write, type=COMMAND}, value=byte[]{length=17, hash=-1644578928}}}}
00:27:54.079 [raft-server-3] TRACE i.a.p.raft.roles.FollowerRole - RaftServer{3}{role=FOLLOWER} - Committed entries up to index 66
00:27:54.079 [raft-server-2] TRACE i.a.p.raft.roles.FollowerRole - RaftServer{2}{role=FOLLOWER} - Committed entries up to index 66
00:27:54.079 [raft-server-3] TRACE i.a.p.raft.roles.FollowerRole - RaftServer{3}{role=FOLLOWER} - Sending AppendResponse{status=OK, term=1, succeeded=true, lastLogIndex=67}
00:27:54.079 [raft-server-2] TRACE i.a.p.raft.roles.FollowerRole - RaftServer{2}{role=FOLLOWER} - Sending AppendResponse{status=OK, term=1, succeeded=true, lastLogIndex=67}
00:27:54.079 [raft-server-1] TRACE i.a.p.raft.roles.LeaderAppender - RaftServer{1} - Received AppendResponse{status=OK, term=1, succeeded=true, lastLogIndex=67} from 3
00:27:54.079 [raft-server-3-state] TRACE i.a.p.raft.impl.RaftServiceManager - RaftServer{3} - Applying Indexed{index=66, entry=CommandEntry{term=1, timestamp=2018-06-10 12:27:53,973, session=2, sequence=58, operation=PrimitiveOperation{id=DefaultOperationId{id=write, type=COMMAND}, value=byte[]{length=17, hash=-1644578928}}}}
00:27:54.079 [raft-server-2-state] TRACE i.a.p.raft.impl.RaftServiceManager - RaftServer{2} - Applying Indexed{index=66, entry=CommandEntry{term=1, timestamp=2018-06-10 12:27:53,973, session=2, sequence=58, operation=PrimitiveOperation{id=DefaultOperationId{id=write, type=COMMAND}, value=byte[]{length=17, hash=-1644578928}}}}
00:27:54.079 [raft-server-1] TRACE i.a.p.raft.roles.LeaderAppender - RaftServer{1} - Committed entries up to 67
00:27:54.080 [raft-server-3-state] TRACE i.a.p.s.impl.DefaultServiceExecutor - PrimitiveService{2}{type=io.atomix.protocols.raft.RaftTest$TestPrimitiveType@192b3940, name=raft-test} - Executing DefaultCommit{index=66, session=RaftSession{RaftServiceContext{server=3, type=io.atomix.protocols.raft.RaftTest$TestPrimitiveType@192b3940, name=raft-test, id=2}, session=2, timestamp=2018-06-10 12:27:53,973}, time=2018-06-10 12:27:53,973, operation=DefaultOperationId{id=write, type=COMMAND}, value=byte[]{length=17, hash=-1644578928}}
00:27:54.080 [raft-server-2-state] TRACE i.a.p.s.impl.DefaultServiceExecutor - PrimitiveService{2}{type=io.atomix.protocols.raft.RaftTest$TestPrimitiveType@68be9fc, name=raft-test} - Executing DefaultCommit{index=66, session=RaftSession{RaftServiceContext{server=2, type=io.atomix.protocols.raft.RaftTest$TestPrimitiveType@68be9fc, name=raft-test, id=2}, session=2, timestamp=2018-06-10 12:27:53,973}, time=2018-06-10 12:27:53,973, operation=DefaultOperationId{id=write, type=COMMAND}, value=byte[]{length=17, hash=-1644578928}}
00:27:54.112 [raft-server-1] TRACE i.a.p.raft.roles.LeaderAppender - RaftServer{1} - Received AppendResponse{status=OK, term=1, succeeded=true, lastLogIndex=67} from 2
00:27:54.112 [raft-server-1-state] TRACE i.a.p.raft.impl.RaftServiceManager - RaftServer{1} - Applying Indexed{index=67, entry=CommandEntry{term=1, timestamp=2018-06-10 12:27:54,048, session=2, sequence=59, operation=PrimitiveOperation{id=DefaultOperationId{id=write, type=COMMAND}, value=byte[]{length=17, hash=-1644578928}}}}
00:27:54.113 [raft-server-1-state] TRACE i.a.p.s.impl.DefaultServiceExecutor - PrimitiveService{2}{type=io.atomix.protocols.raft.RaftTest$TestPrimitiveType@f170389, name=raft-test} - Executing DefaultCommit{index=67, session=RaftSession{RaftServiceContext{server=1, type=io.atomix.protocols.raft.RaftTest$TestPrimitiveType@f170389, name=raft-test, id=2}, session=2, timestamp=2018-06-10 12:27:54,048}, time=2018-06-10 12:27:54,048, operation=DefaultOperationId{id=write, type=COMMAND}, value=byte[]{length=17, hash=-1644578928}}
00:27:54.113 [raft-server-1-state] TRACE i.a.protocols.raft.roles.LeaderRole - RaftServer{1}{role=LEADER} - Sending CommandResponse{status=OK, index=67, eventIndex=2, result=byte[]{length=3, hash=34659}}
00:27:54.113 [raft-client-1f73cd99-b88c-4b59-9944-86684dacc85c-6] TRACE i.a.p.r.s.impl.RaftSessionConnection - SessionClient{2}{type=io.atomix.protocols.raft.RaftTest$TestPrimitiveType@7d0100ea, name=raft-test} - Received CommandResponse{status=OK, index=67, eventIndex=2, result=byte[]{length=3, hash=34659}} from 1
00:27:54.113 [raft-client-1f73cd99-b88c-4b59-9944-86684dacc85c-6] TRACE i.a.p.r.s.impl.RaftSessionSequencer - SessionClient{2}{type=io.atomix.protocols.raft.RaftTest$TestPrimitiveType@7d0100ea, name=raft-test} - Completing response CommandResponse{status=OK, index=67, eventIndex=2, result=byte[]{length=3, hash=34659}}
00:27:54.113 [raft-client-1f73cd99-b88c-4b59-9944-86684dacc85c-0] TRACE i.a.p.r.s.impl.RaftSessionConnection - SessionClient{2}{type=io.atomix.protocols.raft.RaftTest$TestPrimitiveType@7d0100ea, name=raft-test} - Sending CommandRequest{session=2, sequence=60, operation=PrimitiveOperation{id=DefaultOperationId{id=write, type=COMMAND}, value=byte[]{length=17, hash=-1644578928}}} to 1
00:27:54.113 [raft-server-1] TRACE i.a.protocols.raft.roles.LeaderRole - RaftServer{1}{role=LEADER} - Received CommandRequest{session=2, sequence=60, operation=PrimitiveOperation{id=DefaultOperationId{id=write, type=COMMAND}, value=byte[]{length=17, hash=-1644578928}}}
00:27:54.113 [raft-server-1] TRACE i.a.protocols.raft.roles.LeaderRole - RaftServer{1}{role=LEADER} - Appended Indexed{index=68, entry=CommandEntry{term=1, timestamp=2018-06-10 12:27:54,113, session=2, sequence=60, operation=PrimitiveOperation{id=DefaultOperationId{id=write, type=COMMAND}, value=byte[]{length=17, hash=-1644578928}}}}
00:27:54.113 [raft-server-1] TRACE i.a.p.raft.roles.LeaderAppender - RaftServer{1} - Sending AppendRequest{term=1, leader=1, prevLogIndex=67, prevLogTerm=1, entries=1, commitIndex=67} to 3
00:27:54.113 [raft-server-3] TRACE i.a.p.raft.roles.FollowerRole - RaftServer{3}{role=FOLLOWER} - Received AppendRequest{term=1, leader=1, prevLogIndex=67, prevLogTerm=1, entries=1, commitIndex=67}
00:27:54.113 [raft-server-1] TRACE i.a.p.raft.roles.LeaderAppender - RaftServer{1} - Sending AppendRequest{term=1, leader=1, prevLogIndex=67, prevLogTerm=1, entries=1, commitIndex=67} to 2
00:27:54.113 [raft-server-2] TRACE i.a.p.raft.roles.FollowerRole - RaftServer{2}{role=FOLLOWER} - Received AppendRequest{term=1, leader=1, prevLogIndex=67, prevLogTerm=1, entries=1, commitIndex=67}
00:27:54.113 [raft-server-3] TRACE i.a.p.raft.roles.FollowerRole - RaftServer{3}{role=FOLLOWER} - Appended Indexed{index=68, entry=CommandEntry{term=1, timestamp=2018-06-10 12:27:54,113, session=2, sequence=60, operation=PrimitiveOperation{id=DefaultOperationId{id=write, type=COMMAND}, value=byte[]{length=17, hash=-1644578928}}}}
00:27:54.113 [raft-server-2] TRACE i.a.p.raft.roles.FollowerRole - RaftServer{2}{role=FOLLOWER} - Appended Indexed{index=68, entry=CommandEntry{term=1, timestamp=2018-06-10 12:27:54,113, session=2, sequence=60, operation=PrimitiveOperation{id=DefaultOperationId{id=write, type=COMMAND}, value=byte[]{length=17, hash=-1644578928}}}}
00:27:54.139 [raft-server-3] TRACE i.a.p.raft.roles.FollowerRole - RaftServer{3}{role=FOLLOWER} - Committed entries up to index 67
00:27:54.139 [raft-server-3] TRACE i.a.p.raft.roles.FollowerRole - RaftServer{3}{role=FOLLOWER} - Sending AppendResponse{status=OK, term=1, succeeded=true, lastLogIndex=68}
00:27:54.139 [raft-server-2] TRACE i.a.p.raft.roles.FollowerRole - RaftServer{2}{role=FOLLOWER} - Committed entries up to index 67
00:27:54.139 [raft-server-2] TRACE i.a.p.raft.roles.FollowerRole - RaftServer{2}{role=FOLLOWER} - Sending AppendResponse{status=OK, term=1, succeeded=true, lastLogIndex=68}
00:27:54.139 [raft-server-3-state] TRACE i.a.p.raft.impl.RaftServiceManager - RaftServer{3} - Applying Indexed{index=67, entry=CommandEntry{term=1, timestamp=2018-06-10 12:27:54,048, session=2, sequence=59, operation=PrimitiveOperation{id=DefaultOperationId{id=write, type=COMMAND}, value=byte[]{length=17, hash=-1644578928}}}}
00:27:54.139 [raft-server-2-state] TRACE i.a.p.raft.impl.RaftServiceManager - RaftServer{2} - Applying Indexed{index=67, entry=CommandEntry{term=1, timestamp=2018-06-10 12:27:54,048, session=2, sequence=59, operation=PrimitiveOperation{id=DefaultOperationId{id=write, type=COMMAND}, value=byte[]{length=17, hash=-1644578928}}}}
00:27:54.139 [raft-server-3-state] TRACE i.a.p.s.impl.DefaultServiceExecutor - PrimitiveService{2}{type=io.atomix.protocols.raft.RaftTest$TestPrimitiveType@192b3940, name=raft-test} - Executing DefaultCommit{index=67, session=RaftSession{RaftServiceContext{server=3, type=io.atomix.protocols.raft.RaftTest$TestPrimitiveType@192b3940, name=raft-test, id=2}, session=2, timestamp=2018-06-10 12:27:54,048}, time=2018-06-10 12:27:54,048, operation=DefaultOperationId{id=write, type=COMMAND}, value=byte[]{length=17, hash=-1644578928}}
00:27:54.139 [raft-server-1] TRACE i.a.p.raft.roles.LeaderAppender - RaftServer{1} - Received AppendResponse{status=OK, term=1, succeeded=true, lastLogIndex=68} from 3
00:27:54.139 [raft-server-2-state] TRACE i.a.p.s.impl.DefaultServiceExecutor - PrimitiveService{2}{type=io.atomix.protocols.raft.RaftTest$TestPrimitiveType@68be9fc, name=raft-test} - Executing DefaultCommit{index=67, session=RaftSession{RaftServiceContext{server=2, type=io.atomix.protocols.raft.RaftTest$TestPrimitiveType@68be9fc, name=raft-test, id=2}, session=2, timestamp=2018-06-10 12:27:54,048}, time=2018-06-10 12:27:54,048, operation=DefaultOperationId{id=write, type=COMMAND}, value=byte[]{length=17, hash=-1644578928}}
00:27:54.139 [raft-server-1] TRACE i.a.p.raft.roles.LeaderAppender - RaftServer{1} - Committed entries up to 68
00:27:54.164 [raft-server-1] TRACE i.a.p.raft.roles.LeaderAppender - RaftServer{1} - Received AppendResponse{status=OK, term=1, succeeded=true, lastLogIndex=68} from 2
00:27:54.164 [raft-server-1] TRACE i.a.p.raft.roles.LeaderAppender - RaftServer{1} - Sending AppendRequest{term=1, leader=1, prevLogIndex=68, prevLogTerm=1, entries=0, commitIndex=68} to 3
00:27:54.164 [raft-server-1] TRACE i.a.p.raft.roles.LeaderAppender - RaftServer{1} - Sending AppendRequest{term=1, leader=1, prevLogIndex=68, prevLogTerm=1, entries=0, commitIndex=68} to 2
00:27:54.164 [raft-server-2] TRACE i.a.p.raft.roles.FollowerRole - RaftServer{2}{role=FOLLOWER} - Received AppendRequest{term=1, leader=1, prevLogIndex=68, prevLogTerm=1, entries=0, commitIndex=68}
00:27:54.164 [raft-server-3] TRACE i.a.p.raft.roles.FollowerRole - RaftServer{3}{role=FOLLOWER} - Received AppendRequest{term=1, leader=1, prevLogIndex=68, prevLogTerm=1, entries=0, commitIndex=68}
00:27:54.164 [raft-server-1-state] TRACE i.a.p.raft.impl.RaftServiceManager - RaftServer{1} - Applying Indexed{index=68, entry=CommandEntry{term=1, timestamp=2018-06-10 12:27:54,113, session=2, sequence=60, operation=PrimitiveOperation{id=DefaultOperationId{id=write, type=COMMAND}, value=byte[]{length=17, hash=-1644578928}}}}
00:27:54.164 [raft-server-1-state] TRACE i.a.p.s.impl.DefaultServiceExecutor - PrimitiveService{2}{type=io.atomix.protocols.raft.RaftTest$TestPrimitiveType@f170389, name=raft-test} - Executing DefaultCommit{index=68, session=RaftSession{RaftServiceContext{server=1, type=io.atomix.protocols.raft.RaftTest$TestPrimitiveType@f170389, name=raft-test, id=2}, session=2, timestamp=2018-06-10 12:27:54,113}, time=2018-06-10 12:27:54,113, operation=DefaultOperationId{id=write, type=COMMAND}, value=byte[]{length=17, hash=-1644578928}}
00:27:54.164 [raft-server-1-state] TRACE i.a.protocols.raft.roles.LeaderRole - RaftServer{1}{role=LEADER} - Sending CommandResponse{status=OK, index=68, eventIndex=2, result=byte[]{length=3, hash=34721}}
00:27:54.165 [raft-client-1f73cd99-b88c-4b59-9944-86684dacc85c-5] TRACE i.a.p.r.s.impl.RaftSessionConnection - SessionClient{2}{type=io.atomix.protocols.raft.RaftTest$TestPrimitiveType@7d0100ea, name=raft-test} - Received CommandResponse{status=OK, index=68, eventIndex=2, result=byte[]{length=3, hash=34721}} from 1
00:27:54.165 [raft-client-1f73cd99-b88c-4b59-9944-86684dacc85c-5] TRACE i.a.p.r.s.impl.RaftSessionSequencer - SessionClient{2}{type=io.atomix.protocols.raft.RaftTest$TestPrimitiveType@7d0100ea, name=raft-test} - Completing response CommandResponse{status=OK, index=68, eventIndex=2, result=byte[]{length=3, hash=34721}}
00:27:54.165 [raft-client-1f73cd99-b88c-4b59-9944-86684dacc85c-6] TRACE i.a.p.r.s.impl.RaftSessionConnection - SessionClient{2}{type=io.atomix.protocols.raft.RaftTest$TestPrimitiveType@7d0100ea, name=raft-test} - Sending CommandRequest{session=2, sequence=61, operation=PrimitiveOperation{id=DefaultOperationId{id=write, type=COMMAND}, value=byte[]{length=17, hash=-1644578928}}} to 1
00:27:54.165 [raft-server-1] TRACE i.a.protocols.raft.roles.LeaderRole - RaftServer{1}{role=LEADER} - Received CommandRequest{session=2, sequence=61, operation=PrimitiveOperation{id=DefaultOperationId{id=write, type=COMMAND}, value=byte[]{length=17, hash=-1644578928}}}
00:27:54.165 [raft-server-1] TRACE i.a.protocols.raft.roles.LeaderRole - RaftServer{1}{role=LEADER} - Appended Indexed{index=69, entry=CommandEntry{term=1, timestamp=2018-06-10 12:27:54,165, session=2, sequence=61, operation=PrimitiveOperation{id=DefaultOperationId{id=write, type=COMMAND}, value=byte[]{length=17, hash=-1644578928}}}}
00:27:54.180 [raft-server-2] TRACE i.a.p.raft.roles.FollowerRole - RaftServer{2}{role=FOLLOWER} - Committed entries up to index 68
00:27:54.181 [raft-server-2] TRACE i.a.p.raft.roles.FollowerRole - RaftServer{2}{role=FOLLOWER} - Sending AppendResponse{status=OK, term=1, succeeded=true, lastLogIndex=68}
00:27:54.181 [raft-server-3] TRACE i.a.p.raft.roles.FollowerRole - RaftServer{3}{role=FOLLOWER} - Committed entries up to index 68
00:27:54.181 [raft-server-1] TRACE i.a.p.raft.roles.LeaderAppender - RaftServer{1} - Received AppendResponse{status=OK, term=1, succeeded=true, lastLogIndex=68} from 2
00:27:54.181 [raft-server-3] TRACE i.a.p.raft.roles.FollowerRole - RaftServer{3}{role=FOLLOWER} - Sending AppendResponse{status=OK, term=1, succeeded=true, lastLogIndex=68}
00:27:54.181 [raft-server-1] TRACE i.a.p.raft.roles.LeaderAppender - RaftServer{1} - Sending AppendRequest{term=1, leader=1, prevLogIndex=68, prevLogTerm=1, entries=1, commitIndex=68} to 2
00:27:54.181 [raft-server-2-state] TRACE i.a.p.raft.impl.RaftServiceManager - RaftServer{2} - Applying Indexed{index=68, entry=CommandEntry{term=1, timestamp=2018-06-10 12:27:54,113, session=2, sequence=60, operation=PrimitiveOperation{id=DefaultOperationId{id=write, type=COMMAND}, value=byte[]{length=17, hash=-1644578928}}}}
00:27:54.181 [raft-server-3-state] TRACE i.a.p.raft.impl.RaftServiceManager - RaftServer{3} - Applying Indexed{index=68, entry=CommandEntry{term=1, timestamp=2018-06-10 12:27:54,113, session=2, sequence=60, operation=PrimitiveOperation{id=DefaultOperationId{id=write, type=COMMAND}, value=byte[]{length=17, hash=-1644578928}}}}
00:27:54.181 [raft-server-2-state] TRACE i.a.p.s.impl.DefaultServiceExecutor - PrimitiveService{2}{type=io.atomix.protocols.raft.RaftTest$TestPrimitiveType@68be9fc, name=raft-test} - Executing DefaultCommit{index=68, session=RaftSession{RaftServiceContext{server=2, type=io.atomix.protocols.raft.RaftTest$TestPrimitiveType@68be9fc, name=raft-test, id=2}, session=2, timestamp=2018-06-10 12:27:54,113}, time=2018-06-10 12:27:54,113, operation=DefaultOperationId{id=write, type=COMMAND}, value=byte[]{length=17, hash=-1644578928}}
00:27:54.181 [raft-server-3-state] TRACE i.a.p.s.impl.DefaultServiceExecutor - PrimitiveService{2}{type=io.atomix.protocols.raft.RaftTest$TestPrimitiveType@192b3940, name=raft-test} - Executing DefaultCommit{index=68, session=RaftSession{RaftServiceContext{server=3, type=io.atomix.protocols.raft.RaftTest$TestPrimitiveType@192b3940, name=raft-test, id=2}, session=2, timestamp=2018-06-10 12:27:54,113}, time=2018-06-10 12:27:54,113, operation=DefaultOperationId{id=write, type=COMMAND}, value=byte[]{length=17, hash=-1644578928}}
00:27:54.181 [raft-server-2] TRACE i.a.p.raft.roles.FollowerRole - RaftServer{2}{role=FOLLOWER} - Received AppendRequest{term=1, leader=1, prevLogIndex=68, prevLogTerm=1, entries=1, commitIndex=68}
00:27:54.181 [raft-server-1] TRACE i.a.p.raft.roles.LeaderAppender - RaftServer{1} - Received AppendResponse{status=OK, term=1, succeeded=true, lastLogIndex=68} from 3
00:27:54.181 [raft-server-1] TRACE i.a.p.raft.roles.LeaderAppender - RaftServer{1} - Sending AppendRequest{term=1, leader=1, prevLogIndex=68, prevLogTerm=1, entries=1, commitIndex=68} to 3
00:27:54.181 [raft-server-2] TRACE i.a.p.raft.roles.FollowerRole - RaftServer{2}{role=FOLLOWER} - Appended Indexed{index=69, entry=CommandEntry{term=1, timestamp=2018-06-10 12:27:54,165, session=2, sequence=61, operation=PrimitiveOperation{id=DefaultOperationId{id=write, type=COMMAND}, value=byte[]{length=17, hash=-1644578928}}}}
00:27:54.181 [raft-server-3] TRACE i.a.p.raft.roles.FollowerRole - RaftServer{3}{role=FOLLOWER} - Received AppendRequest{term=1, leader=1, prevLogIndex=68, prevLogTerm=1, entries=1, commitIndex=68}
00:27:54.181 [raft-server-2] TRACE i.a.p.raft.roles.FollowerRole - RaftServer{2}{role=FOLLOWER} - Sending AppendResponse{status=OK, term=1, succeeded=true, lastLogIndex=69}
00:27:54.181 [raft-server-1] TRACE i.a.p.raft.roles.LeaderAppender - RaftServer{1} - Received AppendResponse{status=OK, term=1, succeeded=true, lastLogIndex=69} from 2
00:27:54.181 [raft-server-1] TRACE i.a.p.raft.roles.LeaderAppender - RaftServer{1} - Committed entries up to 69
00:27:54.181 [raft-server-3] TRACE i.a.p.raft.roles.FollowerRole - RaftServer{3}{role=FOLLOWER} - Appended Indexed{index=69, entry=CommandEntry{term=1, timestamp=2018-06-10 12:27:54,165, session=2, sequence=61, operation=PrimitiveOperation{id=DefaultOperationId{id=write, type=COMMAND}, value=byte[]{length=17, hash=-1644578928}}}}
00:27:54.181 [raft-server-3] TRACE i.a.p.raft.roles.FollowerRole - RaftServer{3}{role=FOLLOWER} - Sending AppendResponse{status=OK, term=1, succeeded=true, lastLogIndex=69}
00:27:54.214 [raft-server-1] TRACE i.a.p.raft.roles.LeaderAppender - RaftServer{1} - Received AppendResponse{status=OK, term=1, succeeded=true, lastLogIndex=69} from 3
00:27:54.214 [raft-server-1-state] TRACE i.a.p.raft.impl.RaftServiceManager - RaftServer{1} - Applying Indexed{index=69, entry=CommandEntry{term=1, timestamp=2018-06-10 12:27:54,165, session=2, sequence=61, operation=PrimitiveOperation{id=DefaultOperationId{id=write, type=COMMAND}, value=byte[]{length=17, hash=-1644578928}}}}
00:27:54.214 [raft-server-1-state] TRACE i.a.p.s.impl.DefaultServiceExecutor - PrimitiveService{2}{type=io.atomix.protocols.raft.RaftTest$TestPrimitiveType@f170389, name=raft-test} - Executing DefaultCommit{index=69, session=RaftSession{RaftServiceContext{server=1, type=io.atomix.protocols.raft.RaftTest$TestPrimitiveType@f170389, name=raft-test, id=2}, session=2, timestamp=2018-06-10 12:27:54,165}, time=2018-06-10 12:27:54,165, operation=DefaultOperationId{id=write, type=COMMAND}, value=byte[]{length=17, hash=-1644578928}}
00:27:54.214 [raft-server-1-state] TRACE i.a.protocols.raft.roles.LeaderRole - RaftServer{1}{role=LEADER} - Sending CommandResponse{status=OK, index=69, eventIndex=2, result=byte[]{length=3, hash=34783}}
00:27:54.214 [raft-client-1f73cd99-b88c-4b59-9944-86684dacc85c-1] TRACE i.a.p.r.s.impl.RaftSessionConnection - SessionClient{2}{type=io.atomix.protocols.raft.RaftTest$TestPrimitiveType@7d0100ea, name=raft-test} - Received CommandResponse{status=OK, index=69, eventIndex=2, result=byte[]{length=3, hash=34783}} from 1
00:27:54.214 [raft-client-1f73cd99-b88c-4b59-9944-86684dacc85c-1] TRACE i.a.p.r.s.impl.RaftSessionSequencer - SessionClient{2}{type=io.atomix.protocols.raft.RaftTest$TestPrimitiveType@7d0100ea, name=raft-test} - Completing response CommandResponse{status=OK, index=69, eventIndex=2, result=byte[]{length=3, hash=34783}}
00:27:54.214 [raft-client-1f73cd99-b88c-4b59-9944-86684dacc85c-1] TRACE i.a.p.r.s.impl.RaftSessionConnection - SessionClient{2}{type=io.atomix.protocols.raft.RaftTest$TestPrimitiveType@7d0100ea, name=raft-test} - Sending CommandRequest{session=2, sequence=62, operation=PrimitiveOperation{id=DefaultOperationId{id=write, type=COMMAND}, value=byte[]{length=17, hash=-1644578928}}} to 1
00:27:54.215 [raft-server-1] TRACE i.a.protocols.raft.roles.LeaderRole - RaftServer{1}{role=LEADER} - Received CommandRequest{session=2, sequence=62, operation=PrimitiveOperation{id=DefaultOperationId{id=write, type=COMMAND}, value=byte[]{length=17, hash=-1644578928}}}
00:27:54.215 [raft-server-1] TRACE i.a.protocols.raft.roles.LeaderRole - RaftServer{1}{role=LEADER} - Appended Indexed{index=70, entry=CommandEntry{term=1, timestamp=2018-06-10 12:27:54,215, session=2, sequence=62, operation=PrimitiveOperation{id=DefaultOperationId{id=write, type=COMMAND}, value=byte[]{length=17, hash=-1644578928}}}}
00:27:54.215 [raft-server-1] TRACE i.a.p.raft.roles.LeaderAppender - RaftServer{1} - Sending AppendRequest{term=1, leader=1, prevLogIndex=69, prevLogTerm=1, entries=1, commitIndex=69} to 3
00:27:54.215 [raft-server-3] TRACE i.a.p.raft.roles.FollowerRole - RaftServer{3}{role=FOLLOWER} - Received AppendRequest{term=1, leader=1, prevLogIndex=69, prevLogTerm=1, entries=1, commitIndex=69}
00:27:54.215 [raft-server-1] TRACE i.a.p.raft.roles.LeaderAppender - RaftServer{1} - Sending AppendRequest{term=1, leader=1, prevLogIndex=69, prevLogTerm=1, entries=1, commitIndex=69} to 2
00:27:54.215 [raft-server-2] TRACE i.a.p.raft.roles.FollowerRole - RaftServer{2}{role=FOLLOWER} - Received AppendRequest{term=1, leader=1, prevLogIndex=69, prevLogTerm=1, entries=1, commitIndex=69}
00:27:54.215 [raft-server-3] TRACE i.a.p.raft.roles.FollowerRole - RaftServer{3}{role=FOLLOWER} - Appended Indexed{index=70, entry=CommandEntry{term=1, timestamp=2018-06-10 12:27:54,215, session=2, sequence=62, operation=PrimitiveOperation{id=DefaultOperationId{id=write, type=COMMAND}, value=byte[]{length=17, hash=-1644578928}}}}
00:27:54.215 [raft-server-2] TRACE i.a.p.raft.roles.FollowerRole - RaftServer{2}{role=FOLLOWER} - Appended Indexed{index=70, entry=CommandEntry{term=1, timestamp=2018-06-10 12:27:54,215, session=2, sequence=62, operation=PrimitiveOperation{id=DefaultOperationId{id=write, type=COMMAND}, value=byte[]{length=17, hash=-1644578928}}}}
00:27:54.247 [raft-server-3] TRACE i.a.p.raft.roles.FollowerRole - RaftServer{3}{role=FOLLOWER} - Committed entries up to index 69
00:27:54.247 [raft-server-2] TRACE i.a.p.raft.roles.FollowerRole - RaftServer{2}{role=FOLLOWER} - Committed entries up to index 69
00:27:54.247 [raft-server-3] TRACE i.a.p.raft.roles.FollowerRole - RaftServer{3}{role=FOLLOWER} - Sending AppendResponse{status=OK, term=1, succeeded=true, lastLogIndex=70}
00:27:54.247 [raft-server-2] TRACE i.a.p.raft.roles.FollowerRole - RaftServer{2}{role=FOLLOWER} - Sending AppendResponse{status=OK, term=1, succeeded=true, lastLogIndex=70}
00:27:54.247 [raft-server-1] TRACE i.a.p.raft.roles.LeaderAppender - RaftServer{1} - Received AppendResponse{status=OK, term=1, succeeded=true, lastLogIndex=70} from 3
00:27:54.247 [raft-server-3-state] TRACE i.a.p.raft.impl.RaftServiceManager - RaftServer{3} - Applying Indexed{index=69, entry=CommandEntry{term=1, timestamp=2018-06-10 12:27:54,165, session=2, sequence=61, operation=PrimitiveOperation{id=DefaultOperationId{id=write, type=COMMAND}, value=byte[]{length=17, hash=-1644578928}}}}
00:27:54.247 [raft-server-1] TRACE i.a.p.raft.roles.LeaderAppender - RaftServer{1} - Committed entries up to 70
00:27:54.247 [raft-server-2-state] TRACE i.a.p.raft.impl.RaftServiceManager - RaftServer{2} - Applying Indexed{index=69, entry=CommandEntry{term=1, timestamp=2018-06-10 12:27:54,165, session=2, sequence=61, operation=PrimitiveOperation{id=DefaultOperationId{id=write, type=COMMAND}, value=byte[]{length=17, hash=-1644578928}}}}
00:27:54.247 [raft-server-3-state] TRACE i.a.p.s.impl.DefaultServiceExecutor - PrimitiveService{2}{type=io.atomix.protocols.raft.RaftTest$TestPrimitiveType@192b3940, name=raft-test} - Executing DefaultCommit{index=69, session=RaftSession{RaftServiceContext{server=3, type=io.atomix.protocols.raft.RaftTest$TestPrimitiveType@192b3940, name=raft-test, id=2}, session=2, timestamp=2018-06-10 12:27:54,165}, time=2018-06-10 12:27:54,165, operation=DefaultOperationId{id=write, type=COMMAND}, value=byte[]{length=17, hash=-1644578928}}
00:27:54.247 [raft-server-2-state] TRACE i.a.p.s.impl.DefaultServiceExecutor - PrimitiveService{2}{type=io.atomix.protocols.raft.RaftTest$TestPrimitiveType@68be9fc, name=raft-test} - Executing DefaultCommit{index=69, session=RaftSession{RaftServiceContext{server=2, type=io.atomix.protocols.raft.RaftTest$TestPrimitiveType@68be9fc, name=raft-test, id=2}, session=2, timestamp=2018-06-10 12:27:54,165}, time=2018-06-10 12:27:54,165, operation=DefaultOperationId{id=write, type=COMMAND}, value=byte[]{length=17, hash=-1644578928}}
00:27:54.280 [raft-server-1] TRACE i.a.p.raft.roles.LeaderAppender - RaftServer{1} - Received AppendResponse{status=OK, term=1, succeeded=true, lastLogIndex=70} from 2
00:27:54.281 [raft-server-1-state] TRACE i.a.p.raft.impl.RaftServiceManager - RaftServer{1} - Applying Indexed{index=70, entry=CommandEntry{term=1, timestamp=2018-06-10 12:27:54,215, session=2, sequence=62, operation=PrimitiveOperation{id=DefaultOperationId{id=write, type=COMMAND}, value=byte[]{length=17, hash=-1644578928}}}}
00:27:54.281 [raft-server-1-state] TRACE i.a.p.s.impl.DefaultServiceExecutor - PrimitiveService{2}{type=io.atomix.protocols.raft.RaftTest$TestPrimitiveType@f170389, name=raft-test} - Executing DefaultCommit{index=70, session=RaftSession{RaftServiceContext{server=1, type=io.atomix.protocols.raft.RaftTest$TestPrimitiveType@f170389, name=raft-test, id=2}, session=2, timestamp=2018-06-10 12:27:54,215}, time=2018-06-10 12:27:54,215, operation=DefaultOperationId{id=write, type=COMMAND}, value=byte[]{length=17, hash=-1644578928}}
00:27:54.281 [raft-server-1-state] TRACE i.a.protocols.raft.roles.LeaderRole - RaftServer{1}{role=LEADER} - Sending CommandResponse{status=OK, index=70, eventIndex=2, result=byte[]{length=3, hash=34845}}
00:27:54.281 [raft-client-1f73cd99-b88c-4b59-9944-86684dacc85c-6] TRACE i.a.p.r.s.impl.RaftSessionConnection - SessionClient{2}{type=io.atomix.protocols.raft.RaftTest$TestPrimitiveType@7d0100ea, name=raft-test} - Received CommandResponse{status=OK, index=70, eventIndex=2, result=byte[]{length=3, hash=34845}} from 1
00:27:54.281 [raft-client-1f73cd99-b88c-4b59-9944-86684dacc85c-6] TRACE i.a.p.r.s.impl.RaftSessionSequencer - SessionClient{2}{type=io.atomix.protocols.raft.RaftTest$TestPrimitiveType@7d0100ea, name=raft-test} - Completing response CommandResponse{status=OK, index=70, eventIndex=2, result=byte[]{length=3, hash=34845}}
00:27:54.281 [raft-client-1f73cd99-b88c-4b59-9944-86684dacc85c-4] TRACE i.a.p.r.s.impl.RaftSessionConnection - SessionClient{2}{type=io.atomix.protocols.raft.RaftTest$TestPrimitiveType@7d0100ea, name=raft-test} - Sending CommandRequest{session=2, sequence=63, operation=PrimitiveOperation{id=DefaultOperationId{id=write, type=COMMAND}, value=byte[]{length=17, hash=-1644578928}}} to 1
00:27:54.281 [raft-server-1] TRACE i.a.protocols.raft.roles.LeaderRole - RaftServer{1}{role=LEADER} - Received CommandRequest{session=2, sequence=63, operation=PrimitiveOperation{id=DefaultOperationId{id=write, type=COMMAND}, value=byte[]{length=17, hash=-1644578928}}}
00:27:54.322 [raft-server-1] DEBUG i.a.storage.journal.SegmentedJournal - Created disk segment: JournalSegment{id=8, version=1, index=71, size=64}
00:27:54.322 [raft-server-1] TRACE i.a.protocols.raft.roles.LeaderRole - RaftServer{1}{role=LEADER} - Appended Indexed{index=71, entry=CommandEntry{term=1, timestamp=2018-06-10 12:27:54,281, session=2, sequence=63, operation=PrimitiveOperation{id=DefaultOperationId{id=write, type=COMMAND}, value=byte[]{length=17, hash=-1644578928}}}}
00:27:54.322 [raft-server-1] TRACE i.a.p.raft.roles.LeaderAppender - RaftServer{1} - Sending AppendRequest{term=1, leader=1, prevLogIndex=70, prevLogTerm=1, entries=1, commitIndex=70} to 3
00:27:54.323 [raft-server-3] TRACE i.a.p.raft.roles.FollowerRole - RaftServer{3}{role=FOLLOWER} - Received AppendRequest{term=1, leader=1, prevLogIndex=70, prevLogTerm=1, entries=1, commitIndex=70}
00:27:54.323 [raft-server-1] TRACE i.a.p.raft.roles.LeaderAppender - RaftServer{1} - Sending AppendRequest{term=1, leader=1, prevLogIndex=70, prevLogTerm=1, entries=1, commitIndex=70} to 2
00:27:54.323 [raft-server-2] TRACE i.a.p.raft.roles.FollowerRole - RaftServer{2}{role=FOLLOWER} - Received AppendRequest{term=1, leader=1, prevLogIndex=70, prevLogTerm=1, entries=1, commitIndex=70}
00:27:54.372 [raft-server-2] DEBUG i.a.storage.journal.SegmentedJournal - Created disk segment: JournalSegment{id=8, version=1, index=71, size=64}
00:27:54.372 [raft-server-2] TRACE i.a.p.raft.roles.FollowerRole - RaftServer{2}{role=FOLLOWER} - Appended Indexed{index=71, entry=CommandEntry{term=1, timestamp=2018-06-10 12:27:54,281, session=2, sequence=63, operation=PrimitiveOperation{id=DefaultOperationId{id=write, type=COMMAND}, value=byte[]{length=17, hash=-1644578928}}}}
00:27:54.405 [raft-server-3] DEBUG i.a.storage.journal.SegmentedJournal - Created disk segment: JournalSegment{id=8, version=1, index=71, size=64}
00:27:54.406 [raft-server-3] TRACE i.a.p.raft.roles.FollowerRole - RaftServer{3}{role=FOLLOWER} - Appended Indexed{index=71, entry=CommandEntry{term=1, timestamp=2018-06-10 12:27:54,281, session=2, sequence=63, operation=PrimitiveOperation{id=DefaultOperationId{id=write, type=COMMAND}, value=byte[]{length=17, hash=-1644578928}}}}
00:27:54.439 [raft-server-2] TRACE i.a.p.raft.roles.FollowerRole - RaftServer{2}{role=FOLLOWER} - Committed entries up to index 70
00:27:54.439 [raft-server-2] TRACE i.a.p.raft.roles.FollowerRole - RaftServer{2}{role=FOLLOWER} - Sending AppendResponse{status=OK, term=1, succeeded=true, lastLogIndex=71}
00:27:54.439 [raft-server-1] TRACE i.a.p.raft.roles.LeaderAppender - RaftServer{1} - Received AppendResponse{status=OK, term=1, succeeded=true, lastLogIndex=71} from 2
00:27:54.439 [raft-server-1] TRACE i.a.p.raft.roles.LeaderAppender - RaftServer{1} - Committed entries up to 71
00:27:54.439 [raft-server-2-state] TRACE i.a.p.raft.impl.RaftServiceManager - RaftServer{2} - Applying Indexed{index=70, entry=CommandEntry{term=1, timestamp=2018-06-10 12:27:54,215, session=2, sequence=62, operation=PrimitiveOperation{id=DefaultOperationId{id=write, type=COMMAND}, value=byte[]{length=17, hash=-1644578928}}}}
00:27:54.439 [raft-server-2-state] TRACE i.a.p.s.impl.DefaultServiceExecutor - PrimitiveService{2}{type=io.atomix.protocols.raft.RaftTest$TestPrimitiveType@68be9fc, name=raft-test} - Executing DefaultCommit{index=70, session=RaftSession{RaftServiceContext{server=2, type=io.atomix.protocols.raft.RaftTest$TestPrimitiveType@68be9fc, name=raft-test, id=2}, session=2, timestamp=2018-06-10 12:27:54,215}, time=2018-06-10 12:27:54,215, operation=DefaultOperationId{id=write, type=COMMAND}, value=byte[]{length=17, hash=-1644578928}}
00:27:54.472 [raft-server-3] TRACE i.a.p.raft.roles.FollowerRole - RaftServer{3}{role=FOLLOWER} - Committed entries up to index 70
00:27:54.472 [raft-server-3] TRACE i.a.p.raft.roles.FollowerRole - RaftServer{3}{role=FOLLOWER} - Sending AppendResponse{status=OK, term=1, succeeded=true, lastLogIndex=71}
00:27:54.472 [raft-server-3-state] TRACE i.a.p.raft.impl.RaftServiceManager - RaftServer{3} - Applying Indexed{index=70, entry=CommandEntry{term=1, timestamp=2018-06-10 12:27:54,215, session=2, sequence=62, operation=PrimitiveOperation{id=DefaultOperationId{id=write, type=COMMAND}, value=byte[]{length=17, hash=-1644578928}}}}
00:27:54.472 [raft-server-3-state] TRACE i.a.p.s.impl.DefaultServiceExecutor - PrimitiveService{2}{type=io.atomix.protocols.raft.RaftTest$TestPrimitiveType@192b3940, name=raft-test} - Executing DefaultCommit{index=70, session=RaftSession{RaftServiceContext{server=3, type=io.atomix.protocols.raft.RaftTest$TestPrimitiveType@192b3940, name=raft-test, id=2}, session=2, timestamp=2018-06-10 12:27:54,215}, time=2018-06-10 12:27:54,215, operation=DefaultOperationId{id=write, type=COMMAND}, value=byte[]{length=17, hash=-1644578928}}
00:27:54.489 [raft-server-1] TRACE i.a.p.raft.roles.LeaderAppender - RaftServer{1} - Sending AppendRequest{term=1, leader=1, prevLogIndex=71, prevLogTerm=1, entries=0, commitIndex=71} to 2
00:27:54.489 [raft-server-1] TRACE i.a.p.raft.roles.LeaderAppender - RaftServer{1} - Received AppendResponse{status=OK, term=1, succeeded=true, lastLogIndex=71} from 3
00:27:54.489 [raft-server-1] TRACE i.a.p.raft.roles.LeaderAppender - RaftServer{1} - Sending AppendRequest{term=1, leader=1, prevLogIndex=71, prevLogTerm=1, entries=0, commitIndex=71} to 3
00:27:54.489 [raft-server-2] TRACE i.a.p.raft.roles.FollowerRole - RaftServer{2}{role=FOLLOWER} - Received AppendRequest{term=1, leader=1, prevLogIndex=71, prevLogTerm=1, entries=0, commitIndex=71}
00:27:54.489 [raft-server-3] TRACE i.a.p.raft.roles.FollowerRole - RaftServer{3}{role=FOLLOWER} - Received AppendRequest{term=1, leader=1, prevLogIndex=71, prevLogTerm=1, entries=0, commitIndex=71}
00:27:54.489 [raft-server-1-state] TRACE i.a.p.raft.impl.RaftServiceManager - RaftServer{1} - Applying Indexed{index=71, entry=CommandEntry{term=1, timestamp=2018-06-10 12:27:54,281, session=2, sequence=63, operation=PrimitiveOperation{id=DefaultOperationId{id=write, type=COMMAND}, value=byte[]{length=17, hash=-1644578928}}}}
00:27:54.489 [raft-server-1-state] TRACE i.a.p.s.impl.DefaultServiceExecutor - PrimitiveService{2}{type=io.atomix.protocols.raft.RaftTest$TestPrimitiveType@f170389, name=raft-test} - Executing DefaultCommit{index=71, session=RaftSession{RaftServiceContext{server=1, type=io.atomix.protocols.raft.RaftTest$TestPrimitiveType@f170389, name=raft-test, id=2}, session=2, timestamp=2018-06-10 12:27:54,281}, time=2018-06-10 12:27:54,281, operation=DefaultOperationId{id=write, type=COMMAND}, value=byte[]{length=17, hash=-1644578928}}
00:27:54.489 [raft-server-1-state] TRACE i.a.protocols.raft.roles.LeaderRole - RaftServer{1}{role=LEADER} - Sending CommandResponse{status=OK, index=71, eventIndex=2, result=byte[]{length=3, hash=34907}}
00:27:54.489 [raft-client-1f73cd99-b88c-4b59-9944-86684dacc85c-5] TRACE i.a.p.r.s.impl.RaftSessionConnection - SessionClient{2}{type=io.atomix.protocols.raft.RaftTest$TestPrimitiveType@7d0100ea, name=raft-test} - Received CommandResponse{status=OK, index=71, eventIndex=2, result=byte[]{length=3, hash=34907}} from 1
00:27:54.489 [raft-client-1f73cd99-b88c-4b59-9944-86684dacc85c-5] TRACE i.a.p.r.s.impl.RaftSessionSequencer - SessionClient{2}{type=io.atomix.protocols.raft.RaftTest$TestPrimitiveType@7d0100ea, name=raft-test} - Completing response CommandResponse{status=OK, index=71, eventIndex=2, result=byte[]{length=3, hash=34907}}
00:27:54.490 [raft-client-1f73cd99-b88c-4b59-9944-86684dacc85c-3] TRACE i.a.p.r.s.impl.RaftSessionConnection - SessionClient{2}{type=io.atomix.protocols.raft.RaftTest$TestPrimitiveType@7d0100ea, name=raft-test} - Sending CommandRequest{session=2, sequence=64, operation=PrimitiveOperation{id=DefaultOperationId{id=write, type=COMMAND}, value=byte[]{length=17, hash=-1644578928}}} to 1
00:27:54.490 [raft-server-1] TRACE i.a.protocols.raft.roles.LeaderRole - RaftServer{1}{role=LEADER} - Received CommandRequest{session=2, sequence=64, operation=PrimitiveOperation{id=DefaultOperationId{id=write, type=COMMAND}, value=byte[]{length=17, hash=-1644578928}}}
00:27:54.490 [raft-server-1] TRACE i.a.protocols.raft.roles.LeaderRole - RaftServer{1}{role=LEADER} - Appended Indexed{index=72, entry=CommandEntry{term=1, timestamp=2018-06-10 12:27:54,490, session=2, sequence=64, operation=PrimitiveOperation{id=DefaultOperationId{id=write, type=COMMAND}, value=byte[]{length=17, hash=-1644578928}}}}
00:27:54.505 [raft-server-2] TRACE i.a.p.raft.roles.FollowerRole - RaftServer{2}{role=FOLLOWER} - Committed entries up to index 71
00:27:54.505 [raft-server-2] TRACE i.a.p.raft.roles.FollowerRole - RaftServer{2}{role=FOLLOWER} - Sending AppendResponse{status=OK, term=1, succeeded=true, lastLogIndex=71}
00:27:54.506 [raft-server-3] TRACE i.a.p.raft.roles.FollowerRole - RaftServer{3}{role=FOLLOWER} - Committed entries up to index 71
00:27:54.506 [raft-server-1] TRACE i.a.p.raft.roles.LeaderAppender - RaftServer{1} - Received AppendResponse{status=OK, term=1, succeeded=true, lastLogIndex=71} from 2
00:27:54.506 [raft-server-3] TRACE i.a.p.raft.roles.FollowerRole - RaftServer{3}{role=FOLLOWER} - Sending AppendResponse{status=OK, term=1, succeeded=true, lastLogIndex=71}
00:27:54.506 [raft-server-1] TRACE i.a.p.raft.roles.LeaderAppender - RaftServer{1} - Sending AppendRequest{term=1, leader=1, prevLogIndex=71, prevLogTerm=1, entries=1, commitIndex=71} to 2
00:27:54.506 [raft-server-2-state] TRACE i.a.p.raft.impl.RaftServiceManager - RaftServer{2} - Applying Indexed{index=71, entry=CommandEntry{term=1, timestamp=2018-06-10 12:27:54,281, session=2, sequence=63, operation=PrimitiveOperation{id=DefaultOperationId{id=write, type=COMMAND}, value=byte[]{length=17, hash=-1644578928}}}}
00:27:54.506 [raft-server-2] TRACE i.a.p.raft.roles.FollowerRole - RaftServer{2}{role=FOLLOWER} - Received AppendRequest{term=1, leader=1, prevLogIndex=71, prevLogTerm=1, entries=1, commitIndex=71}
00:27:54.506 [raft-server-1] TRACE i.a.p.raft.roles.LeaderAppender - RaftServer{1} - Received AppendResponse{status=OK, term=1, succeeded=true, lastLogIndex=71} from 3
00:27:54.506 [raft-server-3-state] TRACE i.a.p.raft.impl.RaftServiceManager - RaftServer{3} - Applying Indexed{index=71, entry=CommandEntry{term=1, timestamp=2018-06-10 12:27:54,281, session=2, sequence=63, operation=PrimitiveOperation{id=DefaultOperationId{id=write, type=COMMAND}, value=byte[]{length=17, hash=-1644578928}}}}
00:27:54.506 [raft-server-2-state] TRACE i.a.p.s.impl.DefaultServiceExecutor - PrimitiveService{2}{type=io.atomix.protocols.raft.RaftTest$TestPrimitiveType@68be9fc, name=raft-test} - Executing DefaultCommit{index=71, session=RaftSession{RaftServiceContext{server=2, type=io.atomix.protocols.raft.RaftTest$TestPrimitiveType@68be9fc, name=raft-test, id=2}, session=2, timestamp=2018-06-10 12:27:54,281}, time=2018-06-10 12:27:54,281, operation=DefaultOperationId{id=write, type=COMMAND}, value=byte[]{length=17, hash=-1644578928}}
00:27:54.506 [raft-server-1] TRACE i.a.p.raft.roles.LeaderAppender - RaftServer{1} - Sending AppendRequest{term=1, leader=1, prevLogIndex=71, prevLogTerm=1, entries=1, commitIndex=71} to 3
00:27:54.506 [raft-server-2] TRACE i.a.p.raft.roles.FollowerRole - RaftServer{2}{role=FOLLOWER} - Appended Indexed{index=72, entry=CommandEntry{term=1, timestamp=2018-06-10 12:27:54,490, session=2, sequence=64, operation=PrimitiveOperation{id=DefaultOperationId{id=write, type=COMMAND}, value=byte[]{length=17, hash=-1644578928}}}}
00:27:54.506 [raft-server-3-state] TRACE i.a.p.s.impl.DefaultServiceExecutor - PrimitiveService{2}{type=io.atomix.protocols.raft.RaftTest$TestPrimitiveType@192b3940, name=raft-test} - Executing DefaultCommit{index=71, session=RaftSession{RaftServiceContext{server=3, type=io.atomix.protocols.raft.RaftTest$TestPrimitiveType@192b3940, name=raft-test, id=2}, session=2, timestamp=2018-06-10 12:27:54,281}, time=2018-06-10 12:27:54,281, operation=DefaultOperationId{id=write, type=COMMAND}, value=byte[]{length=17, hash=-1644578928}}
00:27:54.506 [raft-server-2] TRACE i.a.p.raft.roles.FollowerRole - RaftServer{2}{role=FOLLOWER} - Sending AppendResponse{status=OK, term=1, succeeded=true, lastLogIndex=72}
00:27:54.506 [raft-server-3] TRACE i.a.p.raft.roles.FollowerRole - RaftServer{3}{role=FOLLOWER} - Received AppendRequest{term=1, leader=1, prevLogIndex=71, prevLogTerm=1, entries=1, commitIndex=71}
00:27:54.506 [raft-server-1] TRACE i.a.p.raft.roles.LeaderAppender - RaftServer{1} - Received AppendResponse{status=OK, term=1, succeeded=true, lastLogIndex=72} from 2
00:27:54.506 [raft-server-1] TRACE i.a.p.raft.roles.LeaderAppender - RaftServer{1} - Committed entries up to 72
00:27:54.506 [raft-server-3] TRACE i.a.p.raft.roles.FollowerRole - RaftServer{3}{role=FOLLOWER} - Appended Indexed{index=72, entry=CommandEntry{term=1, timestamp=2018-06-10 12:27:54,490, session=2, sequence=64, operation=PrimitiveOperation{id=DefaultOperationId{id=write, type=COMMAND}, value=byte[]{length=17, hash=-1644578928}}}}
00:27:54.506 [raft-server-3] TRACE i.a.p.raft.roles.FollowerRole - RaftServer{3}{role=FOLLOWER} - Sending AppendResponse{status=OK, term=1, succeeded=true, lastLogIndex=72}
00:27:54.530 [raft-server-1] TRACE i.a.p.raft.roles.LeaderAppender - RaftServer{1} - Received AppendResponse{status=OK, term=1, succeeded=true, lastLogIndex=72} from 3
00:27:54.531 [raft-server-1-state] TRACE i.a.p.raft.impl.RaftServiceManager - RaftServer{1} - Applying Indexed{index=72, entry=CommandEntry{term=1, timestamp=2018-06-10 12:27:54,490, session=2, sequence=64, operation=PrimitiveOperation{id=DefaultOperationId{id=write, type=COMMAND}, value=byte[]{length=17, hash=-1644578928}}}}
00:27:54.531 [raft-server-1-state] TRACE i.a.p.s.impl.DefaultServiceExecutor - PrimitiveService{2}{type=io.atomix.protocols.raft.RaftTest$TestPrimitiveType@f170389, name=raft-test} - Executing DefaultCommit{index=72, session=RaftSession{RaftServiceContext{server=1, type=io.atomix.protocols.raft.RaftTest$TestPrimitiveType@f170389, name=raft-test, id=2}, session=2, timestamp=2018-06-10 12:27:54,490}, time=2018-06-10 12:27:54,490, operation=DefaultOperationId{id=write, type=COMMAND}, value=byte[]{length=17, hash=-1644578928}}
00:27:54.531 [raft-server-1-state] TRACE i.a.protocols.raft.roles.LeaderRole - RaftServer{1}{role=LEADER} - Sending CommandResponse{status=OK, index=72, eventIndex=2, result=byte[]{length=3, hash=34969}}
00:27:54.531 [raft-client-1f73cd99-b88c-4b59-9944-86684dacc85c-7] TRACE i.a.p.r.s.impl.RaftSessionConnection - SessionClient{2}{type=io.atomix.protocols.raft.RaftTest$TestPrimitiveType@7d0100ea, name=raft-test} - Received CommandResponse{status=OK, index=72, eventIndex=2, result=byte[]{length=3, hash=34969}} from 1
00:27:54.531 [raft-client-1f73cd99-b88c-4b59-9944-86684dacc85c-7] TRACE i.a.p.r.s.impl.RaftSessionSequencer - SessionClient{2}{type=io.atomix.protocols.raft.RaftTest$TestPrimitiveType@7d0100ea, name=raft-test} - Completing response CommandResponse{status=OK, index=72, eventIndex=2, result=byte[]{length=3, hash=34969}}
00:27:54.531 [raft-client-1f73cd99-b88c-4b59-9944-86684dacc85c-0] TRACE i.a.p.r.s.impl.RaftSessionConnection - SessionClient{2}{type=io.atomix.protocols.raft.RaftTest$TestPrimitiveType@7d0100ea, name=raft-test} - Sending CommandRequest{session=2, sequence=65, operation=PrimitiveOperation{id=DefaultOperationId{id=write, type=COMMAND}, value=byte[]{length=17, hash=-1644578928}}} to 1
00:27:54.531 [raft-server-1] TRACE i.a.protocols.raft.roles.LeaderRole - RaftServer{1}{role=LEADER} - Received CommandRequest{session=2, sequence=65, operation=PrimitiveOperation{id=DefaultOperationId{id=write, type=COMMAND}, value=byte[]{length=17, hash=-1644578928}}}
00:27:54.531 [raft-server-1] TRACE i.a.protocols.raft.roles.LeaderRole - RaftServer{1}{role=LEADER} - Appended Indexed{index=73, entry=CommandEntry{term=1, timestamp=2018-06-10 12:27:54,531, session=2, sequence=65, operation=PrimitiveOperation{id=DefaultOperationId{id=write, type=COMMAND}, value=byte[]{length=17, hash=-1644578928}}}}
00:27:54.531 [raft-server-1] TRACE i.a.p.raft.roles.LeaderAppender - RaftServer{1} - Sending AppendRequest{term=1, leader=1, prevLogIndex=72, prevLogTerm=1, entries=1, commitIndex=72} to 3
00:27:54.531 [raft-server-1] TRACE i.a.p.raft.roles.LeaderAppender - RaftServer{1} - Sending AppendRequest{term=1, leader=1, prevLogIndex=72, prevLogTerm=1, entries=1, commitIndex=72} to 2
00:27:54.531 [raft-server-3] TRACE i.a.p.raft.roles.FollowerRole - RaftServer{3}{role=FOLLOWER} - Received AppendRequest{term=1, leader=1, prevLogIndex=72, prevLogTerm=1, entries=1, commitIndex=72}
00:27:54.532 [raft-server-2] TRACE i.a.p.raft.roles.FollowerRole - RaftServer{2}{role=FOLLOWER} - Received AppendRequest{term=1, leader=1, prevLogIndex=72, prevLogTerm=1, entries=1, commitIndex=72}
00:27:54.532 [raft-server-3] TRACE i.a.p.raft.roles.FollowerRole - RaftServer{3}{role=FOLLOWER} - Appended Indexed{index=73, entry=CommandEntry{term=1, timestamp=2018-06-10 12:27:54,531, session=2, sequence=65, operation=PrimitiveOperation{id=DefaultOperationId{id=write, type=COMMAND}, value=byte[]{length=17, hash=-1644578928}}}}
00:27:54.532 [raft-server-2] TRACE i.a.p.raft.roles.FollowerRole - RaftServer{2}{role=FOLLOWER} - Appended Indexed{index=73, entry=CommandEntry{term=1, timestamp=2018-06-10 12:27:54,531, session=2, sequence=65, operation=PrimitiveOperation{id=DefaultOperationId{id=write, type=COMMAND}, value=byte[]{length=17, hash=-1644578928}}}}
00:27:54.555 [raft-server-3] TRACE i.a.p.raft.roles.FollowerRole - RaftServer{3}{role=FOLLOWER} - Committed entries up to index 72
00:27:54.556 [raft-server-3] TRACE i.a.p.raft.roles.FollowerRole - RaftServer{3}{role=FOLLOWER} - Sending AppendResponse{status=OK, term=1, succeeded=true, lastLogIndex=73}
00:27:54.556 [raft-server-2] TRACE i.a.p.raft.roles.FollowerRole - RaftServer{2}{role=FOLLOWER} - Committed entries up to index 72
00:27:54.556 [raft-server-2] TRACE i.a.p.raft.roles.FollowerRole - RaftServer{2}{role=FOLLOWER} - Sending AppendResponse{status=OK, term=1, succeeded=true, lastLogIndex=73}
00:27:54.556 [raft-server-1] TRACE i.a.p.raft.roles.LeaderAppender - RaftServer{1} - Received AppendResponse{status=OK, term=1, succeeded=true, lastLogIndex=73} from 3
00:27:54.556 [raft-server-3-state] TRACE i.a.p.raft.impl.RaftServiceManager - RaftServer{3} - Applying Indexed{index=72, entry=CommandEntry{term=1, timestamp=2018-06-10 12:27:54,490, session=2, sequence=64, operation=PrimitiveOperation{id=DefaultOperationId{id=write, type=COMMAND}, value=byte[]{length=17, hash=-1644578928}}}}
00:27:54.556 [raft-server-1] TRACE i.a.p.raft.roles.LeaderAppender - RaftServer{1} - Committed entries up to 73
00:27:54.556 [raft-server-2-state] TRACE i.a.p.raft.impl.RaftServiceManager - RaftServer{2} - Applying Indexed{index=72, entry=CommandEntry{term=1, timestamp=2018-06-10 12:27:54,490, session=2, sequence=64, operation=PrimitiveOperation{id=DefaultOperationId{id=write, type=COMMAND}, value=byte[]{length=17, hash=-1644578928}}}}
00:27:54.556 [raft-server-3-state] TRACE i.a.p.s.impl.DefaultServiceExecutor - PrimitiveService{2}{type=io.atomix.protocols.raft.RaftTest$TestPrimitiveType@192b3940, name=raft-test} - Executing DefaultCommit{index=72, session=RaftSession{RaftServiceContext{server=3, type=io.atomix.protocols.raft.RaftTest$TestPrimitiveType@192b3940, name=raft-test, id=2}, session=2, timestamp=2018-06-10 12:27:54,490}, time=2018-06-10 12:27:54,490, operation=DefaultOperationId{id=write, type=COMMAND}, value=byte[]{length=17, hash=-1644578928}}
00:27:54.556 [raft-server-2-state] TRACE i.a.p.s.impl.DefaultServiceExecutor - PrimitiveService{2}{type=io.atomix.protocols.raft.RaftTest$TestPrimitiveType@68be9fc, name=raft-test} - Executing DefaultCommit{index=72, session=RaftSession{RaftServiceContext{server=2, type=io.atomix.protocols.raft.RaftTest$TestPrimitiveType@68be9fc, name=raft-test, id=2}, session=2, timestamp=2018-06-10 12:27:54,490}, time=2018-06-10 12:27:54,490, operation=DefaultOperationId{id=write, type=COMMAND}, value=byte[]{length=17, hash=-1644578928}}
00:27:54.589 [raft-server-1] TRACE i.a.p.raft.roles.LeaderAppender - RaftServer{1} - Received AppendResponse{status=OK, term=1, succeeded=true, lastLogIndex=73} from 2
00:27:54.589 [raft-server-1-state] TRACE i.a.p.raft.impl.RaftServiceManager - RaftServer{1} - Applying Indexed{index=73, entry=CommandEntry{term=1, timestamp=2018-06-10 12:27:54,531, session=2, sequence=65, operation=PrimitiveOperation{id=DefaultOperationId{id=write, type=COMMAND}, value=byte[]{length=17, hash=-1644578928}}}}
00:27:54.589 [raft-server-1-state] TRACE i.a.p.s.impl.DefaultServiceExecutor - PrimitiveService{2}{type=io.atomix.protocols.raft.RaftTest$TestPrimitiveType@f170389, name=raft-test} - Executing DefaultCommit{index=73, session=RaftSession{RaftServiceContext{server=1, type=io.atomix.protocols.raft.RaftTest$TestPrimitiveType@f170389, name=raft-test, id=2}, session=2, timestamp=2018-06-10 12:27:54,531}, time=2018-06-10 12:27:54,531, operation=DefaultOperationId{id=write, type=COMMAND}, value=byte[]{length=17, hash=-1644578928}}
00:27:54.589 [raft-server-1-state] TRACE i.a.protocols.raft.roles.LeaderRole - RaftServer{1}{role=LEADER} - Sending CommandResponse{status=OK, index=73, eventIndex=2, result=byte[]{length=3, hash=35031}}
00:27:54.589 [raft-client-1f73cd99-b88c-4b59-9944-86684dacc85c-5] TRACE i.a.p.r.s.impl.RaftSessionConnection - SessionClient{2}{type=io.atomix.protocols.raft.RaftTest$TestPrimitiveType@7d0100ea, name=raft-test} - Received CommandResponse{status=OK, index=73, eventIndex=2, result=byte[]{length=3, hash=35031}} from 1
00:27:54.589 [raft-client-1f73cd99-b88c-4b59-9944-86684dacc85c-5] TRACE i.a.p.r.s.impl.RaftSessionSequencer - SessionClient{2}{type=io.atomix.protocols.raft.RaftTest$TestPrimitiveType@7d0100ea, name=raft-test} - Completing response CommandResponse{status=OK, index=73, eventIndex=2, result=byte[]{length=3, hash=35031}}
00:27:54.589 [raft-client-1f73cd99-b88c-4b59-9944-86684dacc85c-2] TRACE i.a.p.r.s.impl.RaftSessionConnection - SessionClient{2}{type=io.atomix.protocols.raft.RaftTest$TestPrimitiveType@7d0100ea, name=raft-test} - Sending CommandRequest{session=2, sequence=66, operation=PrimitiveOperation{id=DefaultOperationId{id=write, type=COMMAND}, value=byte[]{length=17, hash=-1644578928}}} to 1
00:27:54.590 [raft-server-1] TRACE i.a.protocols.raft.roles.LeaderRole - RaftServer{1}{role=LEADER} - Received CommandRequest{session=2, sequence=66, operation=PrimitiveOperation{id=DefaultOperationId{id=write, type=COMMAND}, value=byte[]{length=17, hash=-1644578928}}}
00:27:54.590 [raft-server-1] TRACE i.a.protocols.raft.roles.LeaderRole - RaftServer{1}{role=LEADER} - Appended Indexed{index=74, entry=CommandEntry{term=1, timestamp=2018-06-10 12:27:54,590, session=2, sequence=66, operation=PrimitiveOperation{id=DefaultOperationId{id=write, type=COMMAND}, value=byte[]{length=17, hash=-1644578928}}}}
00:27:54.590 [raft-server-1] TRACE i.a.p.raft.roles.LeaderAppender - RaftServer{1} - Sending AppendRequest{term=1, leader=1, prevLogIndex=73, prevLogTerm=1, entries=1, commitIndex=73} to 3
00:27:54.590 [raft-server-3] TRACE i.a.p.raft.roles.FollowerRole - RaftServer{3}{role=FOLLOWER} - Received AppendRequest{term=1, leader=1, prevLogIndex=73, prevLogTerm=1, entries=1, commitIndex=73}
00:27:54.590 [raft-server-1] TRACE i.a.p.raft.roles.LeaderAppender - RaftServer{1} - Sending AppendRequest{term=1, leader=1, prevLogIndex=73, prevLogTerm=1, entries=1, commitIndex=73} to 2
00:27:54.590 [raft-server-2] TRACE i.a.p.raft.roles.FollowerRole - RaftServer{2}{role=FOLLOWER} - Received AppendRequest{term=1, leader=1, prevLogIndex=73, prevLogTerm=1, entries=1, commitIndex=73}
00:27:54.590 [raft-server-3] TRACE i.a.p.raft.roles.FollowerRole - RaftServer{3}{role=FOLLOWER} - Appended Indexed{index=74, entry=CommandEntry{term=1, timestamp=2018-06-10 12:27:54,590, session=2, sequence=66, operation=PrimitiveOperation{id=DefaultOperationId{id=write, type=COMMAND}, value=byte[]{length=17, hash=-1644578928}}}}
00:27:54.590 [raft-server-2] TRACE i.a.p.raft.roles.FollowerRole - RaftServer{2}{role=FOLLOWER} - Appended Indexed{index=74, entry=CommandEntry{term=1, timestamp=2018-06-10 12:27:54,590, session=2, sequence=66, operation=PrimitiveOperation{id=DefaultOperationId{id=write, type=COMMAND}, value=byte[]{length=17, hash=-1644578928}}}}
00:27:54.622 [raft-server-3] TRACE i.a.p.raft.roles.FollowerRole - RaftServer{3}{role=FOLLOWER} - Committed entries up to index 73
00:27:54.622 [raft-server-3] TRACE i.a.p.raft.roles.FollowerRole - RaftServer{3}{role=FOLLOWER} - Sending AppendResponse{status=OK, term=1, succeeded=true, lastLogIndex=74}
00:27:54.622 [raft-server-2] TRACE i.a.p.raft.roles.FollowerRole - RaftServer{2}{role=FOLLOWER} - Committed entries up to index 73
00:27:54.622 [raft-server-1] TRACE i.a.p.raft.roles.LeaderAppender - RaftServer{1} - Received AppendResponse{status=OK, term=1, succeeded=true, lastLogIndex=74} from 3
00:27:54.622 [raft-server-2] TRACE i.a.p.raft.roles.FollowerRole - RaftServer{2}{role=FOLLOWER} - Sending AppendResponse{status=OK, term=1, succeeded=true, lastLogIndex=74}
00:27:54.622 [raft-server-1] TRACE i.a.p.raft.roles.LeaderAppender - RaftServer{1} - Committed entries up to 74
00:27:54.622 [raft-server-3-state] TRACE i.a.p.raft.impl.RaftServiceManager - RaftServer{3} - Applying Indexed{index=73, entry=CommandEntry{term=1, timestamp=2018-06-10 12:27:54,531, session=2, sequence=65, operation=PrimitiveOperation{id=DefaultOperationId{id=write, type=COMMAND}, value=byte[]{length=17, hash=-1644578928}}}}
00:27:54.622 [raft-server-2-state] TRACE i.a.p.raft.impl.RaftServiceManager - RaftServer{2} - Applying Indexed{index=73, entry=CommandEntry{term=1, timestamp=2018-06-10 12:27:54,531, session=2, sequence=65, operation=PrimitiveOperation{id=DefaultOperationId{id=write, type=COMMAND}, value=byte[]{length=17, hash=-1644578928}}}}
00:27:54.622 [raft-server-3-state] TRACE i.a.p.s.impl.DefaultServiceExecutor - PrimitiveService{2}{type=io.atomix.protocols.raft.RaftTest$TestPrimitiveType@192b3940, name=raft-test} - Executing DefaultCommit{index=73, session=RaftSession{RaftServiceContext{server=3, type=io.atomix.protocols.raft.RaftTest$TestPrimitiveType@192b3940, name=raft-test, id=2}, session=2, timestamp=2018-06-10 12:27:54,531}, time=2018-06-10 12:27:54,531, operation=DefaultOperationId{id=write, type=COMMAND}, value=byte[]{length=17, hash=-1644578928}}
00:27:54.622 [raft-server-2-state] TRACE i.a.p.s.impl.DefaultServiceExecutor - PrimitiveService{2}{type=io.atomix.protocols.raft.RaftTest$TestPrimitiveType@68be9fc, name=raft-test} - Executing DefaultCommit{index=73, session=RaftSession{RaftServiceContext{server=2, type=io.atomix.protocols.raft.RaftTest$TestPrimitiveType@68be9fc, name=raft-test, id=2}, session=2, timestamp=2018-06-10 12:27:54,531}, time=2018-06-10 12:27:54,531, operation=DefaultOperationId{id=write, type=COMMAND}, value=byte[]{length=17, hash=-1644578928}}
00:27:54.647 [raft-server-1] TRACE i.a.p.raft.roles.LeaderAppender - RaftServer{1} - Received AppendResponse{status=OK, term=1, succeeded=true, lastLogIndex=74} from 2
00:27:54.647 [raft-server-1-state] TRACE i.a.p.raft.impl.RaftServiceManager - RaftServer{1} - Applying Indexed{index=74, entry=CommandEntry{term=1, timestamp=2018-06-10 12:27:54,590, session=2, sequence=66, operation=PrimitiveOperation{id=DefaultOperationId{id=write, type=COMMAND}, value=byte[]{length=17, hash=-1644578928}}}}
00:27:54.647 [raft-server-1-state] TRACE i.a.p.s.impl.DefaultServiceExecutor - PrimitiveService{2}{type=io.atomix.protocols.raft.RaftTest$TestPrimitiveType@f170389, name=raft-test} - Executing DefaultCommit{index=74, session=RaftSession{RaftServiceContext{server=1, type=io.atomix.protocols.raft.RaftTest$TestPrimitiveType@f170389, name=raft-test, id=2}, session=2, timestamp=2018-06-10 12:27:54,590}, time=2018-06-10 12:27:54,590, operation=DefaultOperationId{id=write, type=COMMAND}, value=byte[]{length=17, hash=-1644578928}}
00:27:54.647 [raft-server-1-state] TRACE i.a.protocols.raft.roles.LeaderRole - RaftServer{1}{role=LEADER} - Sending CommandResponse{status=OK, index=74, eventIndex=2, result=byte[]{length=3, hash=35093}}
00:27:54.648 [raft-client-1f73cd99-b88c-4b59-9944-86684dacc85c-6] TRACE i.a.p.r.s.impl.RaftSessionConnection - SessionClient{2}{type=io.atomix.protocols.raft.RaftTest$TestPrimitiveType@7d0100ea, name=raft-test} - Received CommandResponse{status=OK, index=74, eventIndex=2, result=byte[]{length=3, hash=35093}} from 1
00:27:54.648 [raft-client-1f73cd99-b88c-4b59-9944-86684dacc85c-6] TRACE i.a.p.r.s.impl.RaftSessionSequencer - SessionClient{2}{type=io.atomix.protocols.raft.RaftTest$TestPrimitiveType@7d0100ea, name=raft-test} - Completing response CommandResponse{status=OK, index=74, eventIndex=2, result=byte[]{length=3, hash=35093}}
00:27:54.648 [raft-client-1f73cd99-b88c-4b59-9944-86684dacc85c-1] TRACE i.a.p.r.s.impl.RaftSessionConnection - SessionClient{2}{type=io.atomix.protocols.raft.RaftTest$TestPrimitiveType@7d0100ea, name=raft-test} - Sending CommandRequest{session=2, sequence=67, operation=PrimitiveOperation{id=DefaultOperationId{id=write, type=COMMAND}, value=byte[]{length=17, hash=-1644578928}}} to 1
00:27:54.648 [raft-server-1] TRACE i.a.protocols.raft.roles.LeaderRole - RaftServer{1}{role=LEADER} - Received CommandRequest{session=2, sequence=67, operation=PrimitiveOperation{id=DefaultOperationId{id=write, type=COMMAND}, value=byte[]{length=17, hash=-1644578928}}}
00:27:54.648 [raft-server-1] TRACE i.a.protocols.raft.roles.LeaderRole - RaftServer{1}{role=LEADER} - Appended Indexed{index=75, entry=CommandEntry{term=1, timestamp=2018-06-10 12:27:54,648, session=2, sequence=67, operation=PrimitiveOperation{id=DefaultOperationId{id=write, type=COMMAND}, value=byte[]{length=17, hash=-1644578928}}}}
00:27:54.648 [raft-server-1] TRACE i.a.p.raft.roles.LeaderAppender - RaftServer{1} - Sending AppendRequest{term=1, leader=1, prevLogIndex=74, prevLogTerm=1, entries=1, commitIndex=74} to 3
00:27:54.648 [raft-server-1] TRACE i.a.p.raft.roles.LeaderAppender - RaftServer{1} - Sending AppendRequest{term=1, leader=1, prevLogIndex=74, prevLogTerm=1, entries=1, commitIndex=74} to 2
00:27:54.648 [raft-server-3] TRACE i.a.p.raft.roles.FollowerRole - RaftServer{3}{role=FOLLOWER} - Received AppendRequest{term=1, leader=1, prevLogIndex=74, prevLogTerm=1, entries=1, commitIndex=74}
00:27:54.648 [raft-server-2] TRACE i.a.p.raft.roles.FollowerRole - RaftServer{2}{role=FOLLOWER} - Received AppendRequest{term=1, leader=1, prevLogIndex=74, prevLogTerm=1, entries=1, commitIndex=74}
00:27:54.648 [raft-server-3] TRACE i.a.p.raft.roles.FollowerRole - RaftServer{3}{role=FOLLOWER} - Appended Indexed{index=75, entry=CommandEntry{term=1, timestamp=2018-06-10 12:27:54,648, session=2, sequence=67, operation=PrimitiveOperation{id=DefaultOperationId{id=write, type=COMMAND}, value=byte[]{length=17, hash=-1644578928}}}}
00:27:54.648 [raft-server-2] TRACE i.a.p.raft.roles.FollowerRole - RaftServer{2}{role=FOLLOWER} - Appended Indexed{index=75, entry=CommandEntry{term=1, timestamp=2018-06-10 12:27:54,648, session=2, sequence=67, operation=PrimitiveOperation{id=DefaultOperationId{id=write, type=COMMAND}, value=byte[]{length=17, hash=-1644578928}}}}
00:27:54.696 [raft-server-3] TRACE i.a.p.raft.roles.FollowerRole - RaftServer{3}{role=FOLLOWER} - Committed entries up to index 74
00:27:54.696 [raft-server-3] TRACE i.a.p.raft.roles.FollowerRole - RaftServer{3}{role=FOLLOWER} - Sending AppendResponse{status=OK, term=1, succeeded=true, lastLogIndex=75}
00:27:54.696 [raft-server-2] TRACE i.a.p.raft.roles.FollowerRole - RaftServer{2}{role=FOLLOWER} - Committed entries up to index 74
00:27:54.696 [raft-server-2] TRACE i.a.p.raft.roles.FollowerRole - RaftServer{2}{role=FOLLOWER} - Sending AppendResponse{status=OK, term=1, succeeded=true, lastLogIndex=75}
00:27:54.696 [raft-server-1] TRACE i.a.p.raft.roles.LeaderAppender - RaftServer{1} - Received AppendResponse{status=OK, term=1, succeeded=true, lastLogIndex=75} from 3
00:27:54.696 [raft-server-1] TRACE i.a.p.raft.roles.LeaderAppender - RaftServer{1} - Committed entries up to 75
00:27:54.696 [raft-server-2-state] TRACE i.a.p.raft.impl.RaftServiceManager - RaftServer{2} - Applying Indexed{index=74, entry=CommandEntry{term=1, timestamp=2018-06-10 12:27:54,590, session=2, sequence=66, operation=PrimitiveOperation{id=DefaultOperationId{id=write, type=COMMAND}, value=byte[]{length=17, hash=-1644578928}}}}
00:27:54.696 [raft-server-3-state] TRACE i.a.p.raft.impl.RaftServiceManager - RaftServer{3} - Applying Indexed{index=74, entry=CommandEntry{term=1, timestamp=2018-06-10 12:27:54,590, session=2, sequence=66, operation=PrimitiveOperation{id=DefaultOperationId{id=write, type=COMMAND}, value=byte[]{length=17, hash=-1644578928}}}}
00:27:54.696 [raft-server-2-state] TRACE i.a.p.s.impl.DefaultServiceExecutor - PrimitiveService{2}{type=io.atomix.protocols.raft.RaftTest$TestPrimitiveType@68be9fc, name=raft-test} - Executing DefaultCommit{index=74, session=RaftSession{RaftServiceContext{server=2, type=io.atomix.protocols.raft.RaftTest$TestPrimitiveType@68be9fc, name=raft-test, id=2}, session=2, timestamp=2018-06-10 12:27:54,590}, time=2018-06-10 12:27:54,590, operation=DefaultOperationId{id=write, type=COMMAND}, value=byte[]{length=17, hash=-1644578928}}
00:27:54.696 [raft-server-3-state] TRACE i.a.p.s.impl.DefaultServiceExecutor - PrimitiveService{2}{type=io.atomix.protocols.raft.RaftTest$TestPrimitiveType@192b3940, name=raft-test} - Executing DefaultCommit{index=74, session=RaftSession{RaftServiceContext{server=3, type=io.atomix.protocols.raft.RaftTest$TestPrimitiveType@192b3940, name=raft-test, id=2}, session=2, timestamp=2018-06-10 12:27:54,590}, time=2018-06-10 12:27:54,590, operation=DefaultOperationId{id=write, type=COMMAND}, value=byte[]{length=17, hash=-1644578928}}
00:27:54.729 [raft-server-1] TRACE i.a.p.raft.roles.LeaderAppender - RaftServer{1} - Sending AppendRequest{term=1, leader=1, prevLogIndex=75, prevLogTerm=1, entries=0, commitIndex=75} to 3
00:27:54.729 [raft-server-1] TRACE i.a.p.raft.roles.LeaderAppender - RaftServer{1} - Received AppendResponse{status=OK, term=1, succeeded=true, lastLogIndex=75} from 2
00:27:54.729 [raft-server-3] TRACE i.a.p.raft.roles.FollowerRole - RaftServer{3}{role=FOLLOWER} - Received AppendRequest{term=1, leader=1, prevLogIndex=75, prevLogTerm=1, entries=0, commitIndex=75}
00:27:54.729 [raft-server-1] TRACE i.a.p.raft.roles.LeaderAppender - RaftServer{1} - Sending AppendRequest{term=1, leader=1, prevLogIndex=75, prevLogTerm=1, entries=0, commitIndex=75} to 2
00:27:54.729 [raft-server-2] TRACE i.a.p.raft.roles.FollowerRole - RaftServer{2}{role=FOLLOWER} - Received AppendRequest{term=1, leader=1, prevLogIndex=75, prevLogTerm=1, entries=0, commitIndex=75}
00:27:54.729 [raft-server-2] TRACE i.a.p.raft.roles.FollowerRole - RaftServer{2}{role=FOLLOWER} - Committed entries up to index 75
00:27:54.729 [raft-server-2] TRACE i.a.p.raft.roles.FollowerRole - RaftServer{2}{role=FOLLOWER} - Sending AppendResponse{status=OK, term=1, succeeded=true, lastLogIndex=75}
00:27:54.729 [raft-server-1-state] TRACE i.a.p.raft.impl.RaftServiceManager - RaftServer{1} - Applying Indexed{index=75, entry=CommandEntry{term=1, timestamp=2018-06-10 12:27:54,648, session=2, sequence=67, operation=PrimitiveOperation{id=DefaultOperationId{id=write, type=COMMAND}, value=byte[]{length=17, hash=-1644578928}}}}
00:27:54.729 [raft-server-1] TRACE i.a.p.raft.roles.LeaderAppender - RaftServer{1} - Received AppendResponse{status=OK, term=1, succeeded=true, lastLogIndex=75} from 2
00:27:54.729 [raft-server-1-state] TRACE i.a.p.s.impl.DefaultServiceExecutor - PrimitiveService{2}{type=io.atomix.protocols.raft.RaftTest$TestPrimitiveType@f170389, name=raft-test} - Executing DefaultCommit{index=75, session=RaftSession{RaftServiceContext{server=1, type=io.atomix.protocols.raft.RaftTest$TestPrimitiveType@f170389, name=raft-test, id=2}, session=2, timestamp=2018-06-10 12:27:54,648}, time=2018-06-10 12:27:54,648, operation=DefaultOperationId{id=write, type=COMMAND}, value=byte[]{length=17, hash=-1644578928}}
00:27:54.729 [raft-server-2-state] TRACE i.a.p.raft.impl.RaftServiceManager - RaftServer{2} - Applying Indexed{index=75, entry=CommandEntry{term=1, timestamp=2018-06-10 12:27:54,648, session=2, sequence=67, operation=PrimitiveOperation{id=DefaultOperationId{id=write, type=COMMAND}, value=byte[]{length=17, hash=-1644578928}}}}
00:27:54.730 [raft-server-2-state] TRACE i.a.p.s.impl.DefaultServiceExecutor - PrimitiveService{2}{type=io.atomix.protocols.raft.RaftTest$TestPrimitiveType@68be9fc, name=raft-test} - Executing DefaultCommit{index=75, session=RaftSession{RaftServiceContext{server=2, type=io.atomix.protocols.raft.RaftTest$TestPrimitiveType@68be9fc, name=raft-test, id=2}, session=2, timestamp=2018-06-10 12:27:54,648}, time=2018-06-10 12:27:54,648, operation=DefaultOperationId{id=write, type=COMMAND}, value=byte[]{length=17, hash=-1644578928}}
00:27:54.730 [raft-server-1-state] TRACE i.a.protocols.raft.roles.LeaderRole - RaftServer{1}{role=LEADER} - Sending CommandResponse{status=OK, index=75, eventIndex=2, result=byte[]{length=3, hash=35155}}
00:27:54.730 [raft-client-1f73cd99-b88c-4b59-9944-86684dacc85c-7] TRACE i.a.p.r.s.impl.RaftSessionConnection - SessionClient{2}{type=io.atomix.protocols.raft.RaftTest$TestPrimitiveType@7d0100ea, name=raft-test} - Received CommandResponse{status=OK, index=75, eventIndex=2, result=byte[]{length=3, hash=35155}} from 1
00:27:54.730 [raft-client-1f73cd99-b88c-4b59-9944-86684dacc85c-7] TRACE i.a.p.r.s.impl.RaftSessionSequencer - SessionClient{2}{type=io.atomix.protocols.raft.RaftTest$TestPrimitiveType@7d0100ea, name=raft-test} - Completing response CommandResponse{status=OK, index=75, eventIndex=2, result=byte[]{length=3, hash=35155}}
00:27:54.730 [raft-client-1f73cd99-b88c-4b59-9944-86684dacc85c-3] TRACE i.a.p.r.s.impl.RaftSessionConnection - SessionClient{2}{type=io.atomix.protocols.raft.RaftTest$TestPrimitiveType@7d0100ea, name=raft-test} - Sending CommandRequest{session=2, sequence=68, operation=PrimitiveOperation{id=DefaultOperationId{id=write, type=COMMAND}, value=byte[]{length=17, hash=-1644578928}}} to 1
00:27:54.730 [raft-server-1] TRACE i.a.protocols.raft.roles.LeaderRole - RaftServer{1}{role=LEADER} - Received CommandRequest{session=2, sequence=68, operation=PrimitiveOperation{id=DefaultOperationId{id=write, type=COMMAND}, value=byte[]{length=17, hash=-1644578928}}}
00:27:54.730 [raft-server-1] TRACE i.a.protocols.raft.roles.LeaderRole - RaftServer{1}{role=LEADER} - Appended Indexed{index=76, entry=CommandEntry{term=1, timestamp=2018-06-10 12:27:54,730, session=2, sequence=68, operation=PrimitiveOperation{id=DefaultOperationId{id=write, type=COMMAND}, value=byte[]{length=17, hash=-1644578928}}}}
00:27:54.730 [raft-server-1] TRACE i.a.p.raft.roles.LeaderAppender - RaftServer{1} - Sending AppendRequest{term=1, leader=1, prevLogIndex=75, prevLogTerm=1, entries=1, commitIndex=75} to 2
00:27:54.730 [raft-server-2] TRACE i.a.p.raft.roles.FollowerRole - RaftServer{2}{role=FOLLOWER} - Received AppendRequest{term=1, leader=1, prevLogIndex=75, prevLogTerm=1, entries=1, commitIndex=75}
00:27:54.730 [raft-server-2] TRACE i.a.p.raft.roles.FollowerRole - RaftServer{2}{role=FOLLOWER} - Appended Indexed{index=76, entry=CommandEntry{term=1, timestamp=2018-06-10 12:27:54,730, session=2, sequence=68, operation=PrimitiveOperation{id=DefaultOperationId{id=write, type=COMMAND}, value=byte[]{length=17, hash=-1644578928}}}}
00:27:54.730 [raft-server-2] TRACE i.a.p.raft.roles.FollowerRole - RaftServer{2}{role=FOLLOWER} - Sending AppendResponse{status=OK, term=1, succeeded=true, lastLogIndex=76}
00:27:54.730 [raft-server-1] TRACE i.a.p.raft.roles.LeaderAppender - RaftServer{1} - Received AppendResponse{status=OK, term=1, succeeded=true, lastLogIndex=76} from 2
00:27:54.730 [raft-server-1] TRACE i.a.p.raft.roles.LeaderAppender - RaftServer{1} - Committed entries up to 76
00:27:54.772 [raft-server-3] TRACE i.a.p.raft.roles.FollowerRole - RaftServer{3}{role=FOLLOWER} - Committed entries up to index 75
00:27:54.772 [raft-server-3] TRACE i.a.p.raft.roles.FollowerRole - RaftServer{3}{role=FOLLOWER} - Sending AppendResponse{status=OK, term=1, succeeded=true, lastLogIndex=75}
00:27:54.772 [raft-server-3-state] TRACE i.a.p.raft.impl.RaftServiceManager - RaftServer{3} - Applying Indexed{index=75, entry=CommandEntry{term=1, timestamp=2018-06-10 12:27:54,648, session=2, sequence=67, operation=PrimitiveOperation{id=DefaultOperationId{id=write, type=COMMAND}, value=byte[]{length=17, hash=-1644578928}}}}
00:27:54.772 [raft-server-3-state] TRACE i.a.p.s.impl.DefaultServiceExecutor - PrimitiveService{2}{type=io.atomix.protocols.raft.RaftTest$TestPrimitiveType@192b3940, name=raft-test} - Executing DefaultCommit{index=75, session=RaftSession{RaftServiceContext{server=3, type=io.atomix.protocols.raft.RaftTest$TestPrimitiveType@192b3940, name=raft-test, id=2}, session=2, timestamp=2018-06-10 12:27:54,648}, time=2018-06-10 12:27:54,648, operation=DefaultOperationId{id=write, type=COMMAND}, value=byte[]{length=17, hash=-1644578928}}
00:27:54.789 [raft-server-1] TRACE i.a.p.raft.roles.LeaderAppender - RaftServer{1} - Received AppendResponse{status=OK, term=1, succeeded=true, lastLogIndex=75} from 3
00:27:54.789 [raft-server-1] TRACE i.a.p.raft.roles.LeaderAppender - RaftServer{1} - Sending AppendRequest{term=1, leader=1, prevLogIndex=75, prevLogTerm=1, entries=1, commitIndex=76} to 3
00:27:54.789 [raft-server-3] TRACE i.a.p.raft.roles.FollowerRole - RaftServer{3}{role=FOLLOWER} - Received AppendRequest{term=1, leader=1, prevLogIndex=75, prevLogTerm=1, entries=1, commitIndex=76}
00:27:54.789 [raft-server-1-state] TRACE i.a.p.raft.impl.RaftServiceManager - RaftServer{1} - Applying Indexed{index=76, entry=CommandEntry{term=1, timestamp=2018-06-10 12:27:54,730, session=2, sequence=68, operation=PrimitiveOperation{id=DefaultOperationId{id=write, type=COMMAND}, value=byte[]{length=17, hash=-1644578928}}}}
00:27:54.789 [raft-server-1-state] TRACE i.a.p.s.impl.DefaultServiceExecutor - PrimitiveService{2}{type=io.atomix.protocols.raft.RaftTest$TestPrimitiveType@f170389, name=raft-test} - Executing DefaultCommit{index=76, session=RaftSession{RaftServiceContext{server=1, type=io.atomix.protocols.raft.RaftTest$TestPrimitiveType@f170389, name=raft-test, id=2}, session=2, timestamp=2018-06-10 12:27:54,730}, time=2018-06-10 12:27:54,730, operation=DefaultOperationId{id=write, type=COMMAND}, value=byte[]{length=17, hash=-1644578928}}
00:27:54.789 [raft-server-3] TRACE i.a.p.raft.roles.FollowerRole - RaftServer{3}{role=FOLLOWER} - Appended Indexed{index=76, entry=CommandEntry{term=1, timestamp=2018-06-10 12:27:54,730, session=2, sequence=68, operation=PrimitiveOperation{id=DefaultOperationId{id=write, type=COMMAND}, value=byte[]{length=17, hash=-1644578928}}}}
00:27:54.789 [raft-server-1-state] TRACE i.a.protocols.raft.roles.LeaderRole - RaftServer{1}{role=LEADER} - Sending CommandResponse{status=OK, index=76, eventIndex=2, result=byte[]{length=3, hash=35217}}
00:27:54.789 [raft-client-1f73cd99-b88c-4b59-9944-86684dacc85c-5] TRACE i.a.p.r.s.impl.RaftSessionConnection - SessionClient{2}{type=io.atomix.protocols.raft.RaftTest$TestPrimitiveType@7d0100ea, name=raft-test} - Received CommandResponse{status=OK, index=76, eventIndex=2, result=byte[]{length=3, hash=35217}} from 1
00:27:54.789 [raft-client-1f73cd99-b88c-4b59-9944-86684dacc85c-5] TRACE i.a.p.r.s.impl.RaftSessionSequencer - SessionClient{2}{type=io.atomix.protocols.raft.RaftTest$TestPrimitiveType@7d0100ea, name=raft-test} - Completing response CommandResponse{status=OK, index=76, eventIndex=2, result=byte[]{length=3, hash=35217}}
00:27:54.789 [raft-client-1f73cd99-b88c-4b59-9944-86684dacc85c-7] TRACE i.a.p.r.s.impl.RaftSessionConnection - SessionClient{2}{type=io.atomix.protocols.raft.RaftTest$TestPrimitiveType@7d0100ea, name=raft-test} - Sending CommandRequest{session=2, sequence=69, operation=PrimitiveOperation{id=DefaultOperationId{id=write, type=COMMAND}, value=byte[]{length=17, hash=-1644578928}}} to 1
00:27:54.789 [raft-server-1] TRACE i.a.protocols.raft.roles.LeaderRole - RaftServer{1}{role=LEADER} - Received CommandRequest{session=2, sequence=69, operation=PrimitiveOperation{id=DefaultOperationId{id=write, type=COMMAND}, value=byte[]{length=17, hash=-1644578928}}}
00:27:54.790 [raft-server-1] TRACE i.a.protocols.raft.roles.LeaderRole - RaftServer{1}{role=LEADER} - Appended Indexed{index=77, entry=CommandEntry{term=1, timestamp=2018-06-10 12:27:54,790, session=2, sequence=69, operation=PrimitiveOperation{id=DefaultOperationId{id=write, type=COMMAND}, value=byte[]{length=17, hash=-1644578928}}}}
00:27:54.790 [raft-server-1] TRACE i.a.p.raft.roles.LeaderAppender - RaftServer{1} - Sending AppendRequest{term=1, leader=1, prevLogIndex=76, prevLogTerm=1, entries=1, commitIndex=76} to 2
00:27:54.790 [raft-server-2] TRACE i.a.p.raft.roles.FollowerRole - RaftServer{2}{role=FOLLOWER} - Received AppendRequest{term=1, leader=1, prevLogIndex=76, prevLogTerm=1, entries=1, commitIndex=76}
00:27:54.790 [raft-server-2] TRACE i.a.p.raft.roles.FollowerRole - RaftServer{2}{role=FOLLOWER} - Appended Indexed{index=77, entry=CommandEntry{term=1, timestamp=2018-06-10 12:27:54,790, session=2, sequence=69, operation=PrimitiveOperation{id=DefaultOperationId{id=write, type=COMMAND}, value=byte[]{length=17, hash=-1644578928}}}}
00:27:54.830 [raft-server-3] TRACE i.a.p.raft.roles.FollowerRole - RaftServer{3}{role=FOLLOWER} - Committed entries up to index 76
00:27:54.830 [raft-server-3] TRACE i.a.p.raft.roles.FollowerRole - RaftServer{3}{role=FOLLOWER} - Sending AppendResponse{status=OK, term=1, succeeded=true, lastLogIndex=76}
00:27:54.831 [raft-server-1] TRACE i.a.p.raft.roles.LeaderAppender - RaftServer{1} - Received AppendResponse{status=OK, term=1, succeeded=true, lastLogIndex=76} from 3
00:27:54.831 [raft-server-1] TRACE i.a.p.raft.roles.LeaderAppender - RaftServer{1} - Sending AppendRequest{term=1, leader=1, prevLogIndex=76, prevLogTerm=1, entries=1, commitIndex=76} to 3
00:27:54.831 [raft-server-3-state] TRACE i.a.p.raft.impl.RaftServiceManager - RaftServer{3} - Applying Indexed{index=76, entry=CommandEntry{term=1, timestamp=2018-06-10 12:27:54,730, session=2, sequence=68, operation=PrimitiveOperation{id=DefaultOperationId{id=write, type=COMMAND}, value=byte[]{length=17, hash=-1644578928}}}}
00:27:54.831 [raft-server-3] TRACE i.a.p.raft.roles.FollowerRole - RaftServer{3}{role=FOLLOWER} - Received AppendRequest{term=1, leader=1, prevLogIndex=76, prevLogTerm=1, entries=1, commitIndex=76}
00:27:54.831 [raft-server-3-state] TRACE i.a.p.s.impl.DefaultServiceExecutor - PrimitiveService{2}{type=io.atomix.protocols.raft.RaftTest$TestPrimitiveType@192b3940, name=raft-test} - Executing DefaultCommit{index=76, session=RaftSession{RaftServiceContext{server=3, type=io.atomix.protocols.raft.RaftTest$TestPrimitiveType@192b3940, name=raft-test, id=2}, session=2, timestamp=2018-06-10 12:27:54,730}, time=2018-06-10 12:27:54,730, operation=DefaultOperationId{id=write, type=COMMAND}, value=byte[]{length=17, hash=-1644578928}}
00:27:54.831 [raft-server-3] TRACE i.a.p.raft.roles.FollowerRole - RaftServer{3}{role=FOLLOWER} - Appended Indexed{index=77, entry=CommandEntry{term=1, timestamp=2018-06-10 12:27:54,790, session=2, sequence=69, operation=PrimitiveOperation{id=DefaultOperationId{id=write, type=COMMAND}, value=byte[]{length=17, hash=-1644578928}}}}
00:27:54.831 [raft-server-3] TRACE i.a.p.raft.roles.FollowerRole - RaftServer{3}{role=FOLLOWER} - Sending AppendResponse{status=OK, term=1, succeeded=true, lastLogIndex=77}
00:27:54.831 [raft-server-1] TRACE i.a.p.raft.roles.LeaderAppender - RaftServer{1} - Received AppendResponse{status=OK, term=1, succeeded=true, lastLogIndex=77} from 3
00:27:54.831 [raft-server-1] TRACE i.a.p.raft.roles.LeaderAppender - RaftServer{1} - Committed entries up to 77
00:27:54.871 [raft-server-2] TRACE i.a.p.raft.roles.FollowerRole - RaftServer{2}{role=FOLLOWER} - Committed entries up to index 76
00:27:54.871 [raft-server-2] TRACE i.a.p.raft.roles.FollowerRole - RaftServer{2}{role=FOLLOWER} - Sending AppendResponse{status=OK, term=1, succeeded=true, lastLogIndex=77}
00:27:54.871 [raft-server-2-state] TRACE i.a.p.raft.impl.RaftServiceManager - RaftServer{2} - Applying Indexed{index=76, entry=CommandEntry{term=1, timestamp=2018-06-10 12:27:54,730, session=2, sequence=68, operation=PrimitiveOperation{id=DefaultOperationId{id=write, type=COMMAND}, value=byte[]{length=17, hash=-1644578928}}}}
00:27:54.871 [raft-server-2-state] TRACE i.a.p.s.impl.DefaultServiceExecutor - PrimitiveService{2}{type=io.atomix.protocols.raft.RaftTest$TestPrimitiveType@68be9fc, name=raft-test} - Executing DefaultCommit{index=76, session=RaftSession{RaftServiceContext{server=2, type=io.atomix.protocols.raft.RaftTest$TestPrimitiveType@68be9fc, name=raft-test, id=2}, session=2, timestamp=2018-06-10 12:27:54,730}, time=2018-06-10 12:27:54,730, operation=DefaultOperationId{id=write, type=COMMAND}, value=byte[]{length=17, hash=-1644578928}}
00:27:54.889 [raft-server-1] TRACE i.a.p.raft.roles.LeaderAppender - RaftServer{1} - Received AppendResponse{status=OK, term=1, succeeded=true, lastLogIndex=77} from 2
00:27:54.889 [raft-server-1-state] TRACE i.a.p.raft.impl.RaftServiceManager - RaftServer{1} - Applying Indexed{index=77, entry=CommandEntry{term=1, timestamp=2018-06-10 12:27:54,790, session=2, sequence=69, operation=PrimitiveOperation{id=DefaultOperationId{id=write, type=COMMAND}, value=byte[]{length=17, hash=-1644578928}}}}
00:27:54.889 [raft-server-1-state] TRACE i.a.p.s.impl.DefaultServiceExecutor - PrimitiveService{2}{type=io.atomix.protocols.raft.RaftTest$TestPrimitiveType@f170389, name=raft-test} - Executing DefaultCommit{index=77, session=RaftSession{RaftServiceContext{server=1, type=io.atomix.protocols.raft.RaftTest$TestPrimitiveType@f170389, name=raft-test, id=2}, session=2, timestamp=2018-06-10 12:27:54,790}, time=2018-06-10 12:27:54,790, operation=DefaultOperationId{id=write, type=COMMAND}, value=byte[]{length=17, hash=-1644578928}}
00:27:54.889 [raft-server-1-state] TRACE i.a.protocols.raft.roles.LeaderRole - RaftServer{1}{role=LEADER} - Sending CommandResponse{status=OK, index=77, eventIndex=2, result=byte[]{length=3, hash=35279}}
00:27:54.889 [raft-client-1f73cd99-b88c-4b59-9944-86684dacc85c-6] TRACE i.a.p.r.s.impl.RaftSessionConnection - SessionClient{2}{type=io.atomix.protocols.raft.RaftTest$TestPrimitiveType@7d0100ea, name=raft-test} - Received CommandResponse{status=OK, index=77, eventIndex=2, result=byte[]{length=3, hash=35279}} from 1
00:27:54.889 [raft-client-1f73cd99-b88c-4b59-9944-86684dacc85c-6] TRACE i.a.p.r.s.impl.RaftSessionSequencer - SessionClient{2}{type=io.atomix.protocols.raft.RaftTest$TestPrimitiveType@7d0100ea, name=raft-test} - Completing response CommandResponse{status=OK, index=77, eventIndex=2, result=byte[]{length=3, hash=35279}}
00:27:54.889 [raft-client-1f73cd99-b88c-4b59-9944-86684dacc85c-6] TRACE i.a.p.r.s.impl.RaftSessionConnection - SessionClient{2}{type=io.atomix.protocols.raft.RaftTest$TestPrimitiveType@7d0100ea, name=raft-test} - Sending CommandRequest{session=2, sequence=70, operation=PrimitiveOperation{id=DefaultOperationId{id=write, type=COMMAND}, value=byte[]{length=17, hash=-1644578928}}} to 1
00:27:54.890 [raft-server-1] TRACE i.a.protocols.raft.roles.LeaderRole - RaftServer{1}{role=LEADER} - Received CommandRequest{session=2, sequence=70, operation=PrimitiveOperation{id=DefaultOperationId{id=write, type=COMMAND}, value=byte[]{length=17, hash=-1644578928}}}
00:27:54.890 [raft-server-1] TRACE i.a.protocols.raft.roles.LeaderRole - RaftServer{1}{role=LEADER} - Appended Indexed{index=78, entry=CommandEntry{term=1, timestamp=2018-06-10 12:27:54,890, session=2, sequence=70, operation=PrimitiveOperation{id=DefaultOperationId{id=write, type=COMMAND}, value=byte[]{length=17, hash=-1644578928}}}}
00:27:54.890 [raft-server-1] TRACE i.a.p.raft.roles.LeaderAppender - RaftServer{1} - Sending AppendRequest{term=1, leader=1, prevLogIndex=77, prevLogTerm=1, entries=1, commitIndex=77} to 3
00:27:54.890 [raft-server-3] TRACE i.a.p.raft.roles.FollowerRole - RaftServer{3}{role=FOLLOWER} - Received AppendRequest{term=1, leader=1, prevLogIndex=77, prevLogTerm=1, entries=1, commitIndex=77}
00:27:54.890 [raft-server-1] TRACE i.a.p.raft.roles.LeaderAppender - RaftServer{1} - Sending AppendRequest{term=1, leader=1, prevLogIndex=77, prevLogTerm=1, entries=1, commitIndex=77} to 2
00:27:54.890 [raft-server-2] TRACE i.a.p.raft.roles.FollowerRole - RaftServer{2}{role=FOLLOWER} - Received AppendRequest{term=1, leader=1, prevLogIndex=77, prevLogTerm=1, entries=1, commitIndex=77}
00:27:54.890 [raft-server-3] TRACE i.a.p.raft.roles.FollowerRole - RaftServer{3}{role=FOLLOWER} - Appended Indexed{index=78, entry=CommandEntry{term=1, timestamp=2018-06-10 12:27:54,890, session=2, sequence=70, operation=PrimitiveOperation{id=DefaultOperationId{id=write, type=COMMAND}, value=byte[]{length=17, hash=-1644578928}}}}
00:27:54.890 [raft-server-2] TRACE i.a.p.raft.roles.FollowerRole - RaftServer{2}{role=FOLLOWER} - Appended Indexed{index=78, entry=CommandEntry{term=1, timestamp=2018-06-10 12:27:54,890, session=2, sequence=70, operation=PrimitiveOperation{id=DefaultOperationId{id=write, type=COMMAND}, value=byte[]{length=17, hash=-1644578928}}}}
00:27:54.921 [raft-server-2] TRACE i.a.p.raft.roles.FollowerRole - RaftServer{2}{role=FOLLOWER} - Committed entries up to index 77
00:27:54.921 [raft-server-2] TRACE i.a.p.raft.roles.FollowerRole - RaftServer{2}{role=FOLLOWER} - Sending AppendResponse{status=OK, term=1, succeeded=true, lastLogIndex=78}
00:27:54.921 [raft-server-3] TRACE i.a.p.raft.roles.FollowerRole - RaftServer{3}{role=FOLLOWER} - Committed entries up to index 77
00:27:54.921 [raft-server-1] TRACE i.a.p.raft.roles.LeaderAppender - RaftServer{1} - Received AppendResponse{status=OK, term=1, succeeded=true, lastLogIndex=78} from 2
00:27:54.921 [raft-server-3] TRACE i.a.p.raft.roles.FollowerRole - RaftServer{3}{role=FOLLOWER} - Sending AppendResponse{status=OK, term=1, succeeded=true, lastLogIndex=78}
00:27:54.921 [raft-server-1] TRACE i.a.p.raft.roles.LeaderAppender - RaftServer{1} - Committed entries up to 78
00:27:54.921 [raft-server-2-state] TRACE i.a.p.raft.impl.RaftServiceManager - RaftServer{2} - Applying Indexed{index=77, entry=CommandEntry{term=1, timestamp=2018-06-10 12:27:54,790, session=2, sequence=69, operation=PrimitiveOperation{id=DefaultOperationId{id=write, type=COMMAND}, value=byte[]{length=17, hash=-1644578928}}}}
00:27:54.921 [raft-server-3-state] TRACE i.a.p.raft.impl.RaftServiceManager - RaftServer{3} - Applying Indexed{index=77, entry=CommandEntry{term=1, timestamp=2018-06-10 12:27:54,790, session=2, sequence=69, operation=PrimitiveOperation{id=DefaultOperationId{id=write, type=COMMAND}, value=byte[]{length=17, hash=-1644578928}}}}
00:27:54.921 [raft-server-2-state] TRACE i.a.p.s.impl.DefaultServiceExecutor - PrimitiveService{2}{type=io.atomix.protocols.raft.RaftTest$TestPrimitiveType@68be9fc, name=raft-test} - Executing DefaultCommit{index=77, session=RaftSession{RaftServiceContext{server=2, type=io.atomix.protocols.raft.RaftTest$TestPrimitiveType@68be9fc, name=raft-test, id=2}, session=2, timestamp=2018-06-10 12:27:54,790}, time=2018-06-10 12:27:54,790, operation=DefaultOperationId{id=write, type=COMMAND}, value=byte[]{length=17, hash=-1644578928}}
00:27:54.921 [raft-server-3-state] TRACE i.a.p.s.impl.DefaultServiceExecutor - PrimitiveService{2}{type=io.atomix.protocols.raft.RaftTest$TestPrimitiveType@192b3940, name=raft-test} - Executing DefaultCommit{index=77, session=RaftSession{RaftServiceContext{server=3, type=io.atomix.protocols.raft.RaftTest$TestPrimitiveType@192b3940, name=raft-test, id=2}, session=2, timestamp=2018-06-10 12:27:54,790}, time=2018-06-10 12:27:54,790, operation=DefaultOperationId{id=write, type=COMMAND}, value=byte[]{length=17, hash=-1644578928}}
00:27:54.954 [raft-server-1] TRACE i.a.p.raft.roles.LeaderAppender - RaftServer{1} - Sending AppendRequest{term=1, leader=1, prevLogIndex=78, prevLogTerm=1, entries=0, commitIndex=78} to 2
00:27:54.954 [raft-server-1] TRACE i.a.p.raft.roles.LeaderAppender - RaftServer{1} - Received AppendResponse{status=OK, term=1, succeeded=true, lastLogIndex=78} from 3
00:27:54.954 [raft-server-1] TRACE i.a.p.raft.roles.LeaderAppender - RaftServer{1} - Sending AppendRequest{term=1, leader=1, prevLogIndex=78, prevLogTerm=1, entries=0, commitIndex=78} to 3
00:27:54.954 [raft-server-2] TRACE i.a.p.raft.roles.FollowerRole - RaftServer{2}{role=FOLLOWER} - Received AppendRequest{term=1, leader=1, prevLogIndex=78, prevLogTerm=1, entries=0, commitIndex=78}
00:27:54.954 [raft-server-3] TRACE i.a.p.raft.roles.FollowerRole - RaftServer{3}{role=FOLLOWER} - Received AppendRequest{term=1, leader=1, prevLogIndex=78, prevLogTerm=1, entries=0, commitIndex=78}
00:27:54.954 [raft-server-2] TRACE i.a.p.raft.roles.FollowerRole - RaftServer{2}{role=FOLLOWER} - Committed entries up to index 78
00:27:54.954 [raft-server-1-state] TRACE i.a.p.raft.impl.RaftServiceManager - RaftServer{1} - Applying Indexed{index=78, entry=CommandEntry{term=1, timestamp=2018-06-10 12:27:54,890, session=2, sequence=70, operation=PrimitiveOperation{id=DefaultOperationId{id=write, type=COMMAND}, value=byte[]{length=17, hash=-1644578928}}}}
00:27:54.955 [raft-server-2] TRACE i.a.p.raft.roles.FollowerRole - RaftServer{2}{role=FOLLOWER} - Sending AppendResponse{status=OK, term=1, succeeded=true, lastLogIndex=78}
00:27:54.955 [raft-server-1-state] TRACE i.a.p.s.impl.DefaultServiceExecutor - PrimitiveService{2}{type=io.atomix.protocols.raft.RaftTest$TestPrimitiveType@f170389, name=raft-test} - Executing DefaultCommit{index=78, session=RaftSession{RaftServiceContext{server=1, type=io.atomix.protocols.raft.RaftTest$TestPrimitiveType@f170389, name=raft-test, id=2}, session=2, timestamp=2018-06-10 12:27:54,890}, time=2018-06-10 12:27:54,890, operation=DefaultOperationId{id=write, type=COMMAND}, value=byte[]{length=17, hash=-1644578928}}
00:27:54.955 [raft-server-1] TRACE i.a.p.raft.roles.LeaderAppender - RaftServer{1} - Received AppendResponse{status=OK, term=1, succeeded=true, lastLogIndex=78} from 2
00:27:54.955 [raft-server-2-state] TRACE i.a.p.raft.impl.RaftServiceManager - RaftServer{2} - Applying Indexed{index=78, entry=CommandEntry{term=1, timestamp=2018-06-10 12:27:54,890, session=2, sequence=70, operation=PrimitiveOperation{id=DefaultOperationId{id=write, type=COMMAND}, value=byte[]{length=17, hash=-1644578928}}}}
00:27:54.955 [raft-server-1-state] TRACE i.a.protocols.raft.roles.LeaderRole - RaftServer{1}{role=LEADER} - Sending CommandResponse{status=OK, index=78, eventIndex=2, result=byte[]{length=3, hash=35341}}
00:27:54.955 [raft-server-2-state] TRACE i.a.p.s.impl.DefaultServiceExecutor - PrimitiveService{2}{type=io.atomix.protocols.raft.RaftTest$TestPrimitiveType@68be9fc, name=raft-test} - Executing DefaultCommit{index=78, session=RaftSession{RaftServiceContext{server=2, type=io.atomix.protocols.raft.RaftTest$TestPrimitiveType@68be9fc, name=raft-test, id=2}, session=2, timestamp=2018-06-10 12:27:54,890}, time=2018-06-10 12:27:54,890, operation=DefaultOperationId{id=write, type=COMMAND}, value=byte[]{length=17, hash=-1644578928}}
00:27:54.955 [raft-client-1f73cd99-b88c-4b59-9944-86684dacc85c-4] TRACE i.a.p.r.s.impl.RaftSessionConnection - SessionClient{2}{type=io.atomix.protocols.raft.RaftTest$TestPrimitiveType@7d0100ea, name=raft-test} - Received CommandResponse{status=OK, index=78, eventIndex=2, result=byte[]{length=3, hash=35341}} from 1
00:27:54.955 [raft-client-1f73cd99-b88c-4b59-9944-86684dacc85c-4] TRACE i.a.p.r.s.impl.RaftSessionSequencer - SessionClient{2}{type=io.atomix.protocols.raft.RaftTest$TestPrimitiveType@7d0100ea, name=raft-test} - Completing response CommandResponse{status=OK, index=78, eventIndex=2, result=byte[]{length=3, hash=35341}}
00:27:54.955 [raft-client-1f73cd99-b88c-4b59-9944-86684dacc85c-2] TRACE i.a.p.r.s.impl.RaftSessionConnection - SessionClient{2}{type=io.atomix.protocols.raft.RaftTest$TestPrimitiveType@7d0100ea, name=raft-test} - Sending CommandRequest{session=2, sequence=71, operation=PrimitiveOperation{id=DefaultOperationId{id=write, type=COMMAND}, value=byte[]{length=17, hash=-1644578928}}} to 1
00:27:54.955 [raft-server-1] TRACE i.a.protocols.raft.roles.LeaderRole - RaftServer{1}{role=LEADER} - Received CommandRequest{session=2, sequence=71, operation=PrimitiveOperation{id=DefaultOperationId{id=write, type=COMMAND}, value=byte[]{length=17, hash=-1644578928}}}
00:27:54.956 [raft-server-1] TRACE i.a.protocols.raft.roles.LeaderRole - RaftServer{1}{role=LEADER} - Appended Indexed{index=79, entry=CommandEntry{term=1, timestamp=2018-06-10 12:27:54,955, session=2, sequence=71, operation=PrimitiveOperation{id=DefaultOperationId{id=write, type=COMMAND}, value=byte[]{length=17, hash=-1644578928}}}}
00:27:54.956 [raft-server-1] TRACE i.a.p.raft.roles.LeaderAppender - RaftServer{1} - Sending AppendRequest{term=1, leader=1, prevLogIndex=78, prevLogTerm=1, entries=1, commitIndex=78} to 2
00:27:54.956 [raft-server-2] TRACE i.a.p.raft.roles.FollowerRole - RaftServer{2}{role=FOLLOWER} - Received AppendRequest{term=1, leader=1, prevLogIndex=78, prevLogTerm=1, entries=1, commitIndex=78}
00:27:54.956 [raft-server-2] TRACE i.a.p.raft.roles.FollowerRole - RaftServer{2}{role=FOLLOWER} - Appended Indexed{index=79, entry=CommandEntry{term=1, timestamp=2018-06-10 12:27:54,955, session=2, sequence=71, operation=PrimitiveOperation{id=DefaultOperationId{id=write, type=COMMAND}, value=byte[]{length=17, hash=-1644578928}}}}
00:27:54.956 [raft-server-2] TRACE i.a.p.raft.roles.FollowerRole - RaftServer{2}{role=FOLLOWER} - Sending AppendResponse{status=OK, term=1, succeeded=true, lastLogIndex=79}
00:27:54.956 [raft-server-1] TRACE i.a.p.raft.roles.LeaderAppender - RaftServer{1} - Received AppendResponse{status=OK, term=1, succeeded=true, lastLogIndex=79} from 2
00:27:54.956 [raft-server-1] TRACE i.a.p.raft.roles.LeaderAppender - RaftServer{1} - Committed entries up to 79
00:27:54.990 [raft-server-3] TRACE i.a.p.raft.roles.FollowerRole - RaftServer{3}{role=FOLLOWER} - Committed entries up to index 78
00:27:54.990 [raft-server-3] TRACE i.a.p.raft.roles.FollowerRole - RaftServer{3}{role=FOLLOWER} - Sending AppendResponse{status=OK, term=1, succeeded=true, lastLogIndex=78}
00:27:54.990 [raft-server-3-state] TRACE i.a.p.raft.impl.RaftServiceManager - RaftServer{3} - Applying Indexed{index=78, entry=CommandEntry{term=1, timestamp=2018-06-10 12:27:54,890, session=2, sequence=70, operation=PrimitiveOperation{id=DefaultOperationId{id=write, type=COMMAND}, value=byte[]{length=17, hash=-1644578928}}}}
00:27:54.990 [raft-server-3-state] TRACE i.a.p.s.impl.DefaultServiceExecutor - PrimitiveService{2}{type=io.atomix.protocols.raft.RaftTest$TestPrimitiveType@192b3940, name=raft-test} - Executing DefaultCommit{index=78, session=RaftSession{RaftServiceContext{server=3, type=io.atomix.protocols.raft.RaftTest$TestPrimitiveType@192b3940, name=raft-test, id=2}, session=2, timestamp=2018-06-10 12:27:54,890}, time=2018-06-10 12:27:54,890, operation=DefaultOperationId{id=write, type=COMMAND}, value=byte[]{length=17, hash=-1644578928}}
00:27:55.025 [raft-server-1] TRACE i.a.p.raft.roles.LeaderAppender - RaftServer{1} - Received AppendResponse{status=OK, term=1, succeeded=true, lastLogIndex=78} from 3
00:27:55.025 [raft-server-1] TRACE i.a.p.raft.roles.LeaderAppender - RaftServer{1} - Sending AppendRequest{term=1, leader=1, prevLogIndex=78, prevLogTerm=1, entries=1, commitIndex=79} to 3
00:27:55.025 [raft-server-3] TRACE i.a.p.raft.roles.FollowerRole - RaftServer{3}{role=FOLLOWER} - Received AppendRequest{term=1, leader=1, prevLogIndex=78, prevLogTerm=1, entries=1, commitIndex=79}
00:27:55.025 [raft-server-1-state] TRACE i.a.p.raft.impl.RaftServiceManager - RaftServer{1} - Applying Indexed{index=79, entry=CommandEntry{term=1, timestamp=2018-06-10 12:27:54,955, session=2, sequence=71, operation=PrimitiveOperation{id=DefaultOperationId{id=write, type=COMMAND}, value=byte[]{length=17, hash=-1644578928}}}}
00:27:55.025 [raft-server-1-state] TRACE i.a.p.s.impl.DefaultServiceExecutor - PrimitiveService{2}{type=io.atomix.protocols.raft.RaftTest$TestPrimitiveType@f170389, name=raft-test} - Executing DefaultCommit{index=79, session=RaftSession{RaftServiceContext{server=1, type=io.atomix.protocols.raft.RaftTest$TestPrimitiveType@f170389, name=raft-test, id=2}, session=2, timestamp=2018-06-10 12:27:54,955}, time=2018-06-10 12:27:54,955, operation=DefaultOperationId{id=write, type=COMMAND}, value=byte[]{length=17, hash=-1644578928}}
00:27:55.025 [raft-server-3] TRACE i.a.p.raft.roles.FollowerRole - RaftServer{3}{role=FOLLOWER} - Appended Indexed{index=79, entry=CommandEntry{term=1, timestamp=2018-06-10 12:27:54,955, session=2, sequence=71, operation=PrimitiveOperation{id=DefaultOperationId{id=write, type=COMMAND}, value=byte[]{length=17, hash=-1644578928}}}}
00:27:55.026 [raft-server-1-state] TRACE i.a.protocols.raft.roles.LeaderRole - RaftServer{1}{role=LEADER} - Sending CommandResponse{status=OK, index=79, eventIndex=2, result=byte[]{length=3, hash=35403}}
00:27:55.026 [raft-client-1f73cd99-b88c-4b59-9944-86684dacc85c-6] TRACE i.a.p.r.s.impl.RaftSessionConnection - SessionClient{2}{type=io.atomix.protocols.raft.RaftTest$TestPrimitiveType@7d0100ea, name=raft-test} - Received CommandResponse{status=OK, index=79, eventIndex=2, result=byte[]{length=3, hash=35403}} from 1
00:27:55.026 [raft-client-1f73cd99-b88c-4b59-9944-86684dacc85c-6] TRACE i.a.p.r.s.impl.RaftSessionSequencer - SessionClient{2}{type=io.atomix.protocols.raft.RaftTest$TestPrimitiveType@7d0100ea, name=raft-test} - Completing response CommandResponse{status=OK, index=79, eventIndex=2, result=byte[]{length=3, hash=35403}}
00:27:55.026 [raft-client-1f73cd99-b88c-4b59-9944-86684dacc85c-3] TRACE i.a.p.r.s.impl.RaftSessionConnection - SessionClient{2}{type=io.atomix.protocols.raft.RaftTest$TestPrimitiveType@7d0100ea, name=raft-test} - Sending CommandRequest{session=2, sequence=72, operation=PrimitiveOperation{id=DefaultOperationId{id=write, type=COMMAND}, value=byte[]{length=17, hash=-1644578928}}} to 1
00:27:55.026 [raft-server-1] TRACE i.a.protocols.raft.roles.LeaderRole - RaftServer{1}{role=LEADER} - Received CommandRequest{session=2, sequence=72, operation=PrimitiveOperation{id=DefaultOperationId{id=write, type=COMMAND}, value=byte[]{length=17, hash=-1644578928}}}
00:27:55.026 [raft-server-1] TRACE i.a.protocols.raft.roles.LeaderRole - RaftServer{1}{role=LEADER} - Appended Indexed{index=80, entry=CommandEntry{term=1, timestamp=2018-06-10 12:27:55,026, session=2, sequence=72, operation=PrimitiveOperation{id=DefaultOperationId{id=write, type=COMMAND}, value=byte[]{length=17, hash=-1644578928}}}}
00:27:55.026 [raft-server-1] TRACE i.a.p.raft.roles.LeaderAppender - RaftServer{1} - Sending AppendRequest{term=1, leader=1, prevLogIndex=79, prevLogTerm=1, entries=1, commitIndex=79} to 2
00:27:55.026 [raft-server-2] TRACE i.a.p.raft.roles.FollowerRole - RaftServer{2}{role=FOLLOWER} - Received AppendRequest{term=1, leader=1, prevLogIndex=79, prevLogTerm=1, entries=1, commitIndex=79}
00:27:55.027 [raft-server-2] TRACE i.a.p.raft.roles.FollowerRole - RaftServer{2}{role=FOLLOWER} - Appended Indexed{index=80, entry=CommandEntry{term=1, timestamp=2018-06-10 12:27:55,026, session=2, sequence=72, operation=PrimitiveOperation{id=DefaultOperationId{id=write, type=COMMAND}, value=byte[]{length=17, hash=-1644578928}}}}
00:27:55.067 [raft-server-3] TRACE i.a.p.raft.roles.FollowerRole - RaftServer{3}{role=FOLLOWER} - Committed entries up to index 79
00:27:55.067 [raft-server-3] TRACE i.a.p.raft.roles.FollowerRole - RaftServer{3}{role=FOLLOWER} - Sending AppendResponse{status=OK, term=1, succeeded=true, lastLogIndex=79}
00:27:55.067 [raft-server-1] TRACE i.a.p.raft.roles.LeaderAppender - RaftServer{1} - Received AppendResponse{status=OK, term=1, succeeded=true, lastLogIndex=79} from 3
00:27:55.067 [raft-server-3-state] TRACE i.a.p.raft.impl.RaftServiceManager - RaftServer{3} - Applying Indexed{index=79, entry=CommandEntry{term=1, timestamp=2018-06-10 12:27:54,955, session=2, sequence=71, operation=PrimitiveOperation{id=DefaultOperationId{id=write, type=COMMAND}, value=byte[]{length=17, hash=-1644578928}}}}
00:27:55.067 [raft-server-1] TRACE i.a.p.raft.roles.LeaderAppender - RaftServer{1} - Sending AppendRequest{term=1, leader=1, prevLogIndex=79, prevLogTerm=1, entries=1, commitIndex=79} to 3
00:27:55.067 [raft-server-3-state] TRACE i.a.p.s.impl.DefaultServiceExecutor - PrimitiveService{2}{type=io.atomix.protocols.raft.RaftTest$TestPrimitiveType@192b3940, name=raft-test} - Executing DefaultCommit{index=79, session=RaftSession{RaftServiceContext{server=3, type=io.atomix.protocols.raft.RaftTest$TestPrimitiveType@192b3940, name=raft-test, id=2}, session=2, timestamp=2018-06-10 12:27:54,955}, time=2018-06-10 12:27:54,955, operation=DefaultOperationId{id=write, type=COMMAND}, value=byte[]{length=17, hash=-1644578928}}
00:27:55.067 [raft-server-3] TRACE i.a.p.raft.roles.FollowerRole - RaftServer{3}{role=FOLLOWER} - Received AppendRequest{term=1, leader=1, prevLogIndex=79, prevLogTerm=1, entries=1, commitIndex=79}
00:27:55.067 [raft-server-3] TRACE i.a.p.raft.roles.FollowerRole - RaftServer{3}{role=FOLLOWER} - Appended Indexed{index=80, entry=CommandEntry{term=1, timestamp=2018-06-10 12:27:55,026, session=2, sequence=72, operation=PrimitiveOperation{id=DefaultOperationId{id=write, type=COMMAND}, value=byte[]{length=17, hash=-1644578928}}}}
00:27:55.067 [raft-server-3] TRACE i.a.p.raft.roles.FollowerRole - RaftServer{3}{role=FOLLOWER} - Sending AppendResponse{status=OK, term=1, succeeded=true, lastLogIndex=80}
00:27:55.067 [raft-server-1] TRACE i.a.p.raft.roles.LeaderAppender - RaftServer{1} - Received AppendResponse{status=OK, term=1, succeeded=true, lastLogIndex=80} from 3
00:27:55.067 [raft-server-1] TRACE i.a.p.raft.roles.LeaderAppender - RaftServer{1} - Committed entries up to 80
00:27:55.092 [raft-server-2] TRACE i.a.p.raft.roles.FollowerRole - RaftServer{2}{role=FOLLOWER} - Committed entries up to index 79
00:27:55.092 [raft-server-2] TRACE i.a.p.raft.roles.FollowerRole - RaftServer{2}{role=FOLLOWER} - Sending AppendResponse{status=OK, term=1, succeeded=true, lastLogIndex=80}
00:27:55.092 [raft-server-2-state] TRACE i.a.p.raft.impl.RaftServiceManager - RaftServer{2} - Applying Indexed{index=79, entry=CommandEntry{term=1, timestamp=2018-06-10 12:27:54,955, session=2, sequence=71, operation=PrimitiveOperation{id=DefaultOperationId{id=write, type=COMMAND}, value=byte[]{length=17, hash=-1644578928}}}}
00:27:55.092 [raft-server-2-state] TRACE i.a.p.s.impl.DefaultServiceExecutor - PrimitiveService{2}{type=io.atomix.protocols.raft.RaftTest$TestPrimitiveType@68be9fc, name=raft-test} - Executing DefaultCommit{index=79, session=RaftSession{RaftServiceContext{server=2, type=io.atomix.protocols.raft.RaftTest$TestPrimitiveType@68be9fc, name=raft-test, id=2}, session=2, timestamp=2018-06-10 12:27:54,955}, time=2018-06-10 12:27:54,955, operation=DefaultOperationId{id=write, type=COMMAND}, value=byte[]{length=17, hash=-1644578928}}
00:27:55.114 [raft-server-1] TRACE i.a.p.raft.roles.LeaderAppender - RaftServer{1} - Received AppendResponse{status=OK, term=1, succeeded=true, lastLogIndex=80} from 2
00:27:55.114 [raft-server-1-state] TRACE i.a.p.raft.impl.RaftServiceManager - RaftServer{1} - Applying Indexed{index=80, entry=CommandEntry{term=1, timestamp=2018-06-10 12:27:55,026, session=2, sequence=72, operation=PrimitiveOperation{id=DefaultOperationId{id=write, type=COMMAND}, value=byte[]{length=17, hash=-1644578928}}}}
00:27:55.114 [raft-server-1-state] TRACE i.a.p.s.impl.DefaultServiceExecutor - PrimitiveService{2}{type=io.atomix.protocols.raft.RaftTest$TestPrimitiveType@f170389, name=raft-test} - Executing DefaultCommit{index=80, session=RaftSession{RaftServiceContext{server=1, type=io.atomix.protocols.raft.RaftTest$TestPrimitiveType@f170389, name=raft-test, id=2}, session=2, timestamp=2018-06-10 12:27:55,026}, time=2018-06-10 12:27:55,026, operation=DefaultOperationId{id=write, type=COMMAND}, value=byte[]{length=17, hash=-1644578928}}
00:27:55.114 [raft-server-1-state] TRACE i.a.protocols.raft.roles.LeaderRole - RaftServer{1}{role=LEADER} - Sending CommandResponse{status=OK, index=80, eventIndex=2, result=byte[]{length=3, hash=35465}}
00:27:55.114 [raft-client-1f73cd99-b88c-4b59-9944-86684dacc85c-0] TRACE i.a.p.r.s.impl.RaftSessionConnection - SessionClient{2}{type=io.atomix.protocols.raft.RaftTest$TestPrimitiveType@7d0100ea, name=raft-test} - Received CommandResponse{status=OK, index=80, eventIndex=2, result=byte[]{length=3, hash=35465}} from 1
00:27:55.114 [raft-client-1f73cd99-b88c-4b59-9944-86684dacc85c-0] TRACE i.a.p.r.s.impl.RaftSessionSequencer - SessionClient{2}{type=io.atomix.protocols.raft.RaftTest$TestPrimitiveType@7d0100ea, name=raft-test} - Completing response CommandResponse{status=OK, index=80, eventIndex=2, result=byte[]{length=3, hash=35465}}
00:27:55.114 [raft-client-1f73cd99-b88c-4b59-9944-86684dacc85c-1] TRACE i.a.p.r.s.impl.RaftSessionConnection - SessionClient{2}{type=io.atomix.protocols.raft.RaftTest$TestPrimitiveType@7d0100ea, name=raft-test} - Sending CommandRequest{session=2, sequence=73, operation=PrimitiveOperation{id=DefaultOperationId{id=write, type=COMMAND}, value=byte[]{length=17, hash=-1644578928}}} to 1
00:27:55.115 [raft-server-1] TRACE i.a.protocols.raft.roles.LeaderRole - RaftServer{1}{role=LEADER} - Received CommandRequest{session=2, sequence=73, operation=PrimitiveOperation{id=DefaultOperationId{id=write, type=COMMAND}, value=byte[]{length=17, hash=-1644578928}}}
00:27:55.117 [raft-client-1f73cd99-b88c-4b59-9944-86684dacc85c-2] TRACE i.a.p.r.s.impl.RaftSessionManager - RaftClient{1f73cd99-b88c-4b59-9944-86684dacc85c} - Keeping 1 sessions alive
00:27:55.117 [raft-client-1f73cd99-b88c-4b59-9944-86684dacc85c-2] TRACE i.a.p.r.s.impl.RaftSessionConnection - RaftClient{1f73cd99-b88c-4b59-9944-86684dacc85c} - Sending KeepAliveRequest{sessionIds=long[]{length=1, hash=33}, commandSequences=long[]{length=1, hash=103}, eventIndexes=long[]{length=1, hash=33}} to 3
00:27:55.117 [raft-server-3] TRACE i.a.p.raft.roles.FollowerRole - RaftServer{3}{role=FOLLOWER} - Received KeepAliveRequest{sessionIds=long[]{length=1, hash=33}, commandSequences=long[]{length=1, hash=103}, eventIndexes=long[]{length=1, hash=33}}
00:27:55.171 [raft-server-1] DEBUG i.a.storage.journal.SegmentedJournal - Created disk segment: JournalSegment{id=9, version=1, index=81, size=64}
00:27:55.171 [raft-server-1] TRACE i.a.protocols.raft.roles.LeaderRole - RaftServer{1}{role=LEADER} - Appended Indexed{index=81, entry=CommandEntry{term=1, timestamp=2018-06-10 12:27:55,115, session=2, sequence=73, operation=PrimitiveOperation{id=DefaultOperationId{id=write, type=COMMAND}, value=byte[]{length=17, hash=-1644578928}}}}
00:27:55.171 [raft-server-1] TRACE i.a.protocols.raft.roles.LeaderRole - RaftServer{1}{role=LEADER} - Received KeepAliveRequest{sessionIds=long[]{length=1, hash=33}, commandSequences=long[]{length=1, hash=103}, eventIndexes=long[]{length=1, hash=33}}
00:27:55.171 [raft-server-1] TRACE i.a.protocols.raft.roles.LeaderRole - RaftServer{1}{role=LEADER} - Appended Indexed{index=82, entry=KeepAliveEntry{term=1, timestamp=2018-06-10 12:27:55,171, sessionIds=long[]{length=1, hash=33}, commandSequences=long[]{length=1, hash=103}, eventIndexes=long[]{length=1, hash=33}}}
00:27:55.171 [raft-server-1] TRACE i.a.p.raft.roles.LeaderAppender - RaftServer{1} - Sending AppendRequest{term=1, leader=1, prevLogIndex=80, prevLogTerm=1, entries=2, commitIndex=80} to 3
00:27:55.171 [raft-server-3] TRACE i.a.p.raft.roles.FollowerRole - RaftServer{3}{role=FOLLOWER} - Received AppendRequest{term=1, leader=1, prevLogIndex=80, prevLogTerm=1, entries=2, commitIndex=80}
00:27:55.171 [raft-server-1] TRACE i.a.p.raft.roles.LeaderAppender - RaftServer{1} - Sending AppendRequest{term=1, leader=1, prevLogIndex=80, prevLogTerm=1, entries=2, commitIndex=80} to 2
00:27:55.171 [raft-server-2] TRACE i.a.p.raft.roles.FollowerRole - RaftServer{2}{role=FOLLOWER} - Received AppendRequest{term=1, leader=1, prevLogIndex=80, prevLogTerm=1, entries=2, commitIndex=80}
00:27:55.239 [raft-server-2] DEBUG i.a.storage.journal.SegmentedJournal - Created disk segment: JournalSegment{id=9, version=1, index=81, size=64}
00:27:55.239 [raft-server-3] DEBUG i.a.storage.journal.SegmentedJournal - Created disk segment: JournalSegment{id=9, version=1, index=81, size=64}
00:27:55.239 [raft-server-3] TRACE i.a.p.raft.roles.FollowerRole - RaftServer{3}{role=FOLLOWER} - Appended Indexed{index=81, entry=CommandEntry{term=1, timestamp=2018-06-10 12:27:55,115, session=2, sequence=73, operation=PrimitiveOperation{id=DefaultOperationId{id=write, type=COMMAND}, value=byte[]{length=17, hash=-1644578928}}}}
00:27:55.239 [raft-server-3] TRACE i.a.p.raft.roles.FollowerRole - RaftServer{3}{role=FOLLOWER} - Appended Indexed{index=82, entry=KeepAliveEntry{term=1, timestamp=2018-06-10 12:27:55,171, sessionIds=long[]{length=1, hash=33}, commandSequences=long[]{length=1, hash=103}, eventIndexes=long[]{length=1, hash=33}}}
00:27:55.240 [raft-server-2] TRACE i.a.p.raft.roles.FollowerRole - RaftServer{2}{role=FOLLOWER} - Appended Indexed{index=81, entry=CommandEntry{term=1, timestamp=2018-06-10 12:27:55,115, session=2, sequence=73, operation=PrimitiveOperation{id=DefaultOperationId{id=write, type=COMMAND}, value=byte[]{length=17, hash=-1644578928}}}}
00:27:55.240 [raft-server-2] TRACE i.a.p.raft.roles.FollowerRole - RaftServer{2}{role=FOLLOWER} - Appended Indexed{index=82, entry=KeepAliveEntry{term=1, timestamp=2018-06-10 12:27:55,171, sessionIds=long[]{length=1, hash=33}, commandSequences=long[]{length=1, hash=103}, eventIndexes=long[]{length=1, hash=33}}}
00:27:55.280 [raft-server-3] TRACE i.a.p.raft.roles.FollowerRole - RaftServer{3}{role=FOLLOWER} - Committed entries up to index 80
00:27:55.281 [raft-server-3] TRACE i.a.p.raft.roles.FollowerRole - RaftServer{3}{role=FOLLOWER} - Sending AppendResponse{status=OK, term=1, succeeded=true, lastLogIndex=82}
00:27:55.281 [raft-server-1] TRACE i.a.p.raft.roles.LeaderAppender - RaftServer{1} - Received AppendResponse{status=OK, term=1, succeeded=true, lastLogIndex=82} from 3
00:27:55.281 [raft-server-3-state] TRACE i.a.p.raft.impl.RaftServiceManager - RaftServer{3} - Applying Indexed{index=80, entry=CommandEntry{term=1, timestamp=2018-06-10 12:27:55,026, session=2, sequence=72, operation=PrimitiveOperation{id=DefaultOperationId{id=write, type=COMMAND}, value=byte[]{length=17, hash=-1644578928}}}}
00:27:55.281 [raft-server-1] TRACE i.a.p.raft.roles.LeaderAppender - RaftServer{1} - Committed entries up to 82
00:27:55.281 [raft-server-3-state] TRACE i.a.p.s.impl.DefaultServiceExecutor - PrimitiveService{2}{type=io.atomix.protocols.raft.RaftTest$TestPrimitiveType@192b3940, name=raft-test} - Executing DefaultCommit{index=80, session=RaftSession{RaftServiceContext{server=3, type=io.atomix.protocols.raft.RaftTest$TestPrimitiveType@192b3940, name=raft-test, id=2}, session=2, timestamp=2018-06-10 12:27:55,026}, time=2018-06-10 12:27:55,026, operation=DefaultOperationId{id=write, type=COMMAND}, value=byte[]{length=17, hash=-1644578928}}
00:27:55.314 [raft-server-2] TRACE i.a.p.raft.roles.FollowerRole - RaftServer{2}{role=FOLLOWER} - Committed entries up to index 80
00:27:55.314 [raft-server-2] TRACE i.a.p.raft.roles.FollowerRole - RaftServer{2}{role=FOLLOWER} - Sending AppendResponse{status=OK, term=1, succeeded=true, lastLogIndex=82}
00:27:55.314 [raft-server-2-state] TRACE i.a.p.raft.impl.RaftServiceManager - RaftServer{2} - Applying Indexed{index=80, entry=CommandEntry{term=1, timestamp=2018-06-10 12:27:55,026, session=2, sequence=72, operation=PrimitiveOperation{id=DefaultOperationId{id=write, type=COMMAND}, value=byte[]{length=17, hash=-1644578928}}}}
00:27:55.314 [raft-server-2-state] TRACE i.a.p.s.impl.DefaultServiceExecutor - PrimitiveService{2}{type=io.atomix.protocols.raft.RaftTest$TestPrimitiveType@68be9fc, name=raft-test} - Executing DefaultCommit{index=80, session=RaftSession{RaftServiceContext{server=2, type=io.atomix.protocols.raft.RaftTest$TestPrimitiveType@68be9fc, name=raft-test, id=2}, session=2, timestamp=2018-06-10 12:27:55,026}, time=2018-06-10 12:27:55,026, operation=DefaultOperationId{id=write, type=COMMAND}, value=byte[]{length=17, hash=-1644578928}}
00:27:55.344 [raft-server-1] TRACE i.a.p.raft.roles.LeaderAppender - RaftServer{1} - Sending AppendRequest{term=1, leader=1, prevLogIndex=82, prevLogTerm=1, entries=0, commitIndex=82} to 3
00:27:55.345 [raft-server-1] TRACE i.a.p.raft.roles.LeaderAppender - RaftServer{1} - Received AppendResponse{status=OK, term=1, succeeded=true, lastLogIndex=82} from 2
00:27:55.345 [raft-server-3] TRACE i.a.p.raft.roles.FollowerRole - RaftServer{3}{role=FOLLOWER} - Received AppendRequest{term=1, leader=1, prevLogIndex=82, prevLogTerm=1, entries=0, commitIndex=82}
00:27:55.345 [raft-server-1] TRACE i.a.p.raft.roles.LeaderAppender - RaftServer{1} - Sending AppendRequest{term=1, leader=1, prevLogIndex=82, prevLogTerm=1, entries=0, commitIndex=82} to 2
00:27:55.345 [raft-server-2] TRACE i.a.p.raft.roles.FollowerRole - RaftServer{2}{role=FOLLOWER} - Received AppendRequest{term=1, leader=1, prevLogIndex=82, prevLogTerm=1, entries=0, commitIndex=82}
00:27:55.345 [raft-server-1-state] TRACE i.a.p.raft.impl.RaftServiceManager - RaftServer{1} - Applying Indexed{index=81, entry=CommandEntry{term=1, timestamp=2018-06-10 12:27:55,115, session=2, sequence=73, operation=PrimitiveOperation{id=DefaultOperationId{id=write, type=COMMAND}, value=byte[]{length=17, hash=-1644578928}}}}
00:27:55.345 [raft-server-1-state] TRACE i.a.p.s.impl.DefaultServiceExecutor - PrimitiveService{2}{type=io.atomix.protocols.raft.RaftTest$TestPrimitiveType@f170389, name=raft-test} - Executing DefaultCommit{index=81, session=RaftSession{RaftServiceContext{server=1, type=io.atomix.protocols.raft.RaftTest$TestPrimitiveType@f170389, name=raft-test, id=2}, session=2, timestamp=2018-06-10 12:27:55,115}, time=2018-06-10 12:27:55,115, operation=DefaultOperationId{id=write, type=COMMAND}, value=byte[]{length=17, hash=-1644578928}}
00:27:55.345 [raft-server-1-state] TRACE i.a.protocols.raft.roles.LeaderRole - RaftServer{1}{role=LEADER} - Sending CommandResponse{status=OK, index=81, eventIndex=2, result=byte[]{length=3, hash=35527}}
00:27:55.345 [raft-server-1-state] TRACE i.a.p.raft.impl.RaftServiceManager - RaftServer{1} - Applying Indexed{index=82, entry=KeepAliveEntry{term=1, timestamp=2018-06-10 12:27:55,171, sessionIds=long[]{length=1, hash=33}, commandSequences=long[]{length=1, hash=103}, eventIndexes=long[]{length=1, hash=33}}}
00:27:55.345 [raft-client-1f73cd99-b88c-4b59-9944-86684dacc85c-7] TRACE i.a.p.r.s.impl.RaftSessionConnection - SessionClient{2}{type=io.atomix.protocols.raft.RaftTest$TestPrimitiveType@7d0100ea, name=raft-test} - Received CommandResponse{status=OK, index=81, eventIndex=2, result=byte[]{length=3, hash=35527}} from 1
00:27:55.345 [raft-client-1f73cd99-b88c-4b59-9944-86684dacc85c-7] TRACE i.a.p.r.s.impl.RaftSessionSequencer - SessionClient{2}{type=io.atomix.protocols.raft.RaftTest$TestPrimitiveType@7d0100ea, name=raft-test} - Completing response CommandResponse{status=OK, index=81, eventIndex=2, result=byte[]{length=3, hash=35527}}
00:27:55.345 [raft-server-1] TRACE i.a.protocols.raft.roles.LeaderRole - RaftServer{1}{role=LEADER} - Sending KeepAliveResponse{status=OK, leader=1, members=[3, 1, 2], sessionIds=long[]{length=1, hash=33}}
00:27:55.345 [raft-client-1f73cd99-b88c-4b59-9944-86684dacc85c-1] TRACE i.a.p.r.s.impl.RaftSessionConnection - SessionClient{2}{type=io.atomix.protocols.raft.RaftTest$TestPrimitiveType@7d0100ea, name=raft-test} - Sending CommandRequest{session=2, sequence=74, operation=PrimitiveOperation{id=DefaultOperationId{id=write, type=COMMAND}, value=byte[]{length=17, hash=-1644578928}}} to 1
00:27:55.345 [raft-server-1] TRACE i.a.protocols.raft.roles.LeaderRole - RaftServer{1}{role=LEADER} - Received CommandRequest{session=2, sequence=74, operation=PrimitiveOperation{id=DefaultOperationId{id=write, type=COMMAND}, value=byte[]{length=17, hash=-1644578928}}}
00:27:55.346 [raft-server-1] TRACE i.a.protocols.raft.roles.LeaderRole - RaftServer{1}{role=LEADER} - Appended Indexed{index=83, entry=CommandEntry{term=1, timestamp=2018-06-10 12:27:55,345, session=2, sequence=74, operation=PrimitiveOperation{id=DefaultOperationId{id=write, type=COMMAND}, value=byte[]{length=17, hash=-1644578928}}}}
00:27:55.407 [raft-server-1] TRACE i.a.p.raft.roles.LeaderAppender - RaftServer{1} - Sending AppendRequest{term=1, leader=1, prevLogIndex=82, prevLogTerm=1, entries=1, commitIndex=82} to 3
00:27:55.407 [raft-server-1] TRACE i.a.p.raft.roles.LeaderAppender - RaftServer{1} - Sending AppendRequest{term=1, leader=1, prevLogIndex=82, prevLogTerm=1, entries=1, commitIndex=82} to 2
00:27:55.452 [raft-server-3] TRACE i.a.p.raft.roles.FollowerRole - RaftServer{3}{role=FOLLOWER} - Committed entries up to index 82
00:27:55.452 [raft-server-2] TRACE i.a.p.raft.roles.FollowerRole - RaftServer{2}{role=FOLLOWER} - Committed entries up to index 82
00:27:55.452 [raft-server-3] TRACE i.a.p.raft.roles.FollowerRole - RaftServer{3}{role=FOLLOWER} - Sending AppendResponse{status=OK, term=1, succeeded=true, lastLogIndex=82}
00:27:55.452 [raft-server-2] TRACE i.a.p.raft.roles.FollowerRole - RaftServer{2}{role=FOLLOWER} - Sending AppendResponse{status=OK, term=1, succeeded=true, lastLogIndex=82}
00:27:55.452 [raft-server-1] TRACE i.a.p.raft.roles.LeaderAppender - RaftServer{1} - Received AppendResponse{status=OK, term=1, succeeded=true, lastLogIndex=82} from 3
00:27:55.452 [raft-server-2] TRACE i.a.p.raft.roles.FollowerRole - RaftServer{2}{role=FOLLOWER} - Received AppendRequest{term=1, leader=1, prevLogIndex=82, prevLogTerm=1, entries=1, commitIndex=82}
00:27:55.452 [raft-server-3] TRACE i.a.p.raft.roles.FollowerRole - RaftServer{3}{role=FOLLOWER} - Sending KeepAliveResponse{status=OK, leader=1, members=[3, 1, 2], sessionIds=long[]{length=1, hash=33}}
00:27:55.452 [raft-server-1] TRACE i.a.p.raft.roles.LeaderAppender - RaftServer{1} - Received AppendResponse{status=OK, term=1, succeeded=true, lastLogIndex=82} from 2
00:27:55.452 [raft-server-3] TRACE i.a.p.raft.roles.FollowerRole - RaftServer{3}{role=FOLLOWER} - Received AppendRequest{term=1, leader=1, prevLogIndex=82, prevLogTerm=1, entries=1, commitIndex=82}
00:27:55.452 [raft-client-1f73cd99-b88c-4b59-9944-86684dacc85c-6] TRACE i.a.p.r.s.impl.RaftSessionConnection - RaftClient{1f73cd99-b88c-4b59-9944-86684dacc85c} - Received KeepAliveResponse{status=OK, leader=1, members=[3, 1, 2], sessionIds=long[]{length=1, hash=33}} from 3
00:27:55.452 [raft-server-2] TRACE i.a.p.raft.roles.FollowerRole - RaftServer{2}{role=FOLLOWER} - Appended Indexed{index=83, entry=CommandEntry{term=1, timestamp=2018-06-10 12:27:55,345, session=2, sequence=74, operation=PrimitiveOperation{id=DefaultOperationId{id=write, type=COMMAND}, value=byte[]{length=17, hash=-1644578928}}}}
00:27:55.452 [raft-server-3] TRACE i.a.p.raft.roles.FollowerRole - RaftServer{3}{role=FOLLOWER} - Appended Indexed{index=83, entry=CommandEntry{term=1, timestamp=2018-06-10 12:27:55,345, session=2, sequence=74, operation=PrimitiveOperation{id=DefaultOperationId{id=write, type=COMMAND}, value=byte[]{length=17, hash=-1644578928}}}}
00:27:55.452 [raft-server-2] TRACE i.a.p.raft.roles.FollowerRole - RaftServer{2}{role=FOLLOWER} - Sending AppendResponse{status=OK, term=1, succeeded=true, lastLogIndex=83}
00:27:55.453 [raft-server-3] TRACE i.a.p.raft.roles.FollowerRole - RaftServer{3}{role=FOLLOWER} - Sending AppendResponse{status=OK, term=1, succeeded=true, lastLogIndex=83}
00:27:55.453 [raft-server-1] TRACE i.a.p.raft.roles.LeaderAppender - RaftServer{1} - Received AppendResponse{status=OK, term=1, succeeded=true, lastLogIndex=83} from 2
00:27:55.453 [raft-server-1] TRACE i.a.p.raft.roles.LeaderAppender - RaftServer{1} - Committed entries up to 83
00:27:55.453 [raft-server-2-state] TRACE i.a.p.raft.impl.RaftServiceManager - RaftServer{2} - Applying Indexed{index=81, entry=CommandEntry{term=1, timestamp=2018-06-10 12:27:55,115, session=2, sequence=73, operation=PrimitiveOperation{id=DefaultOperationId{id=write, type=COMMAND}, value=byte[]{length=17, hash=-1644578928}}}}
00:27:55.453 [raft-server-3-state] TRACE i.a.p.raft.impl.RaftServiceManager - RaftServer{3} - Applying Indexed{index=81, entry=CommandEntry{term=1, timestamp=2018-06-10 12:27:55,115, session=2, sequence=73, operation=PrimitiveOperation{id=DefaultOperationId{id=write, type=COMMAND}, value=byte[]{length=17, hash=-1644578928}}}}
00:27:55.453 [raft-server-2-state] TRACE i.a.p.s.impl.DefaultServiceExecutor - PrimitiveService{2}{type=io.atomix.protocols.raft.RaftTest$TestPrimitiveType@68be9fc, name=raft-test} - Executing DefaultCommit{index=81, session=RaftSession{RaftServiceContext{server=2, type=io.atomix.protocols.raft.RaftTest$TestPrimitiveType@68be9fc, name=raft-test, id=2}, session=2, timestamp=2018-06-10 12:27:55,115}, time=2018-06-10 12:27:55,115, operation=DefaultOperationId{id=write, type=COMMAND}, value=byte[]{length=17, hash=-1644578928}}
00:27:55.453 [raft-server-3-state] TRACE i.a.p.s.impl.DefaultServiceExecutor - PrimitiveService{2}{type=io.atomix.protocols.raft.RaftTest$TestPrimitiveType@192b3940, name=raft-test} - Executing DefaultCommit{index=81, session=RaftSession{RaftServiceContext{server=3, type=io.atomix.protocols.raft.RaftTest$TestPrimitiveType@192b3940, name=raft-test, id=2}, session=2, timestamp=2018-06-10 12:27:55,115}, time=2018-06-10 12:27:55,115, operation=DefaultOperationId{id=write, type=COMMAND}, value=byte[]{length=17, hash=-1644578928}}
00:27:55.453 [raft-server-2-state] TRACE i.a.p.raft.impl.RaftServiceManager - RaftServer{2} - Applying Indexed{index=82, entry=KeepAliveEntry{term=1, timestamp=2018-06-10 12:27:55,171, sessionIds=long[]{length=1, hash=33}, commandSequences=long[]{length=1, hash=103}, eventIndexes=long[]{length=1, hash=33}}}
00:27:55.453 [raft-server-3-state] TRACE i.a.p.raft.impl.RaftServiceManager - RaftServer{3} - Applying Indexed{index=82, entry=KeepAliveEntry{term=1, timestamp=2018-06-10 12:27:55,171, sessionIds=long[]{length=1, hash=33}, commandSequences=long[]{length=1, hash=103}, eventIndexes=long[]{length=1, hash=33}}}
00:27:55.487 [raft-server-1] TRACE i.a.p.raft.roles.LeaderAppender - RaftServer{1} - Sending AppendRequest{term=1, leader=1, prevLogIndex=83, prevLogTerm=1, entries=0, commitIndex=83} to 2
00:27:55.487 [raft-server-1] TRACE i.a.p.raft.roles.LeaderAppender - RaftServer{1} - Received AppendResponse{status=OK, term=1, succeeded=true, lastLogIndex=83} from 3
00:27:55.487 [raft-server-2] TRACE i.a.p.raft.roles.FollowerRole - RaftServer{2}{role=FOLLOWER} - Received AppendRequest{term=1, leader=1, prevLogIndex=83, prevLogTerm=1, entries=0, commitIndex=83}
00:27:55.488 [raft-server-1] TRACE i.a.p.raft.roles.LeaderAppender - RaftServer{1} - Sending AppendRequest{term=1, leader=1, prevLogIndex=83, prevLogTerm=1, entries=0, commitIndex=83} to 3
00:27:55.488 [raft-server-3] TRACE i.a.p.raft.roles.FollowerRole - RaftServer{3}{role=FOLLOWER} - Received AppendRequest{term=1, leader=1, prevLogIndex=83, prevLogTerm=1, entries=0, commitIndex=83}
00:27:55.488 [raft-server-1-state] TRACE i.a.p.raft.impl.RaftServiceManager - RaftServer{1} - Applying Indexed{index=83, entry=CommandEntry{term=1, timestamp=2018-06-10 12:27:55,345, session=2, sequence=74, operation=PrimitiveOperation{id=DefaultOperationId{id=write, type=COMMAND}, value=byte[]{length=17, hash=-1644578928}}}}
00:27:55.488 [raft-server-1-state] TRACE i.a.p.s.impl.DefaultServiceExecutor - PrimitiveService{2}{type=io.atomix.protocols.raft.RaftTest$TestPrimitiveType@f170389, name=raft-test} - Executing DefaultCommit{index=83, session=RaftSession{RaftServiceContext{server=1, type=io.atomix.protocols.raft.RaftTest$TestPrimitiveType@f170389, name=raft-test, id=2}, session=2, timestamp=2018-06-10 12:27:55,345}, time=2018-06-10 12:27:55,345, operation=DefaultOperationId{id=write, type=COMMAND}, value=byte[]{length=17, hash=-1644578928}}
00:27:55.488 [raft-server-1-state] TRACE i.a.protocols.raft.roles.LeaderRole - RaftServer{1}{role=LEADER} - Sending CommandResponse{status=OK, index=83, eventIndex=2, result=byte[]{length=3, hash=35651}}
00:27:55.488 [raft-client-1f73cd99-b88c-4b59-9944-86684dacc85c-5] TRACE i.a.p.r.s.impl.RaftSessionConnection - SessionClient{2}{type=io.atomix.protocols.raft.RaftTest$TestPrimitiveType@7d0100ea, name=raft-test} - Received CommandResponse{status=OK, index=83, eventIndex=2, result=byte[]{length=3, hash=35651}} from 1
00:27:55.488 [raft-client-1f73cd99-b88c-4b59-9944-86684dacc85c-5] TRACE i.a.p.r.s.impl.RaftSessionSequencer - SessionClient{2}{type=io.atomix.protocols.raft.RaftTest$TestPrimitiveType@7d0100ea, name=raft-test} - Completing response CommandResponse{status=OK, index=83, eventIndex=2, result=byte[]{length=3, hash=35651}}
00:27:55.488 [raft-client-1f73cd99-b88c-4b59-9944-86684dacc85c-7] TRACE i.a.p.r.s.impl.RaftSessionConnection - SessionClient{2}{type=io.atomix.protocols.raft.RaftTest$TestPrimitiveType@7d0100ea, name=raft-test} - Sending CommandRequest{session=2, sequence=75, operation=PrimitiveOperation{id=DefaultOperationId{id=write, type=COMMAND}, value=byte[]{length=17, hash=-1644578928}}} to 1
00:27:55.488 [raft-server-1] TRACE i.a.protocols.raft.roles.LeaderRole - RaftServer{1}{role=LEADER} - Received CommandRequest{session=2, sequence=75, operation=PrimitiveOperation{id=DefaultOperationId{id=write, type=COMMAND}, value=byte[]{length=17, hash=-1644578928}}}
00:27:55.489 [raft-server-1] TRACE i.a.protocols.raft.roles.LeaderRole - RaftServer{1}{role=LEADER} - Appended Indexed{index=84, entry=CommandEntry{term=1, timestamp=2018-06-10 12:27:55,488, session=2, sequence=75, operation=PrimitiveOperation{id=DefaultOperationId{id=write, type=COMMAND}, value=byte[]{length=17, hash=-1644578928}}}}
00:27:55.657 [raft-server-1] TRACE i.a.p.raft.roles.LeaderAppender - RaftServer{1} - Sending AppendRequest{term=1, leader=1, prevLogIndex=83, prevLogTerm=1, entries=1, commitIndex=83} to 3
00:27:55.657 [raft-server-1] TRACE i.a.p.raft.roles.LeaderAppender - RaftServer{1} - Sending AppendRequest{term=1, leader=1, prevLogIndex=83, prevLogTerm=1, entries=1, commitIndex=83} to 2
00:27:55.667 [raft-server-3] TRACE i.a.p.raft.roles.FollowerRole - RaftServer{3}{role=FOLLOWER} - Committed entries up to index 83
00:27:55.667 [raft-server-2] TRACE i.a.p.raft.roles.FollowerRole - RaftServer{2}{role=FOLLOWER} - Committed entries up to index 83
00:27:55.667 [raft-server-3] TRACE i.a.p.raft.roles.FollowerRole - RaftServer{3}{role=FOLLOWER} - Sending AppendResponse{status=OK, term=1, succeeded=true, lastLogIndex=83}
00:27:55.667 [raft-server-2] TRACE i.a.p.raft.roles.FollowerRole - RaftServer{2}{role=FOLLOWER} - Sending AppendResponse{status=OK, term=1, succeeded=true, lastLogIndex=83}
00:27:55.667 [raft-server-3] TRACE i.a.p.raft.roles.FollowerRole - RaftServer{3}{role=FOLLOWER} - Received AppendRequest{term=1, leader=1, prevLogIndex=83, prevLogTerm=1, entries=1, commitIndex=83}
00:27:55.667 [raft-server-2] TRACE i.a.p.raft.roles.FollowerRole - RaftServer{2}{role=FOLLOWER} - Received AppendRequest{term=1, leader=1, prevLogIndex=83, prevLogTerm=1, entries=1, commitIndex=83}
00:27:55.667 [raft-server-3] TRACE i.a.p.raft.roles.FollowerRole - RaftServer{3}{role=FOLLOWER} - Appended Indexed{index=84, entry=CommandEntry{term=1, timestamp=2018-06-10 12:27:55,488, session=2, sequence=75, operation=PrimitiveOperation{id=DefaultOperationId{id=write, type=COMMAND}, value=byte[]{length=17, hash=-1644578928}}}}
00:27:55.668 [raft-server-1] TRACE i.a.p.raft.roles.LeaderAppender - RaftServer{1} - Received AppendResponse{status=OK, term=1, succeeded=true, lastLogIndex=83} from 3
00:27:55.668 [raft-server-2] TRACE i.a.p.raft.roles.FollowerRole - RaftServer{2}{role=FOLLOWER} - Appended Indexed{index=84, entry=CommandEntry{term=1, timestamp=2018-06-10 12:27:55,488, session=2, sequence=75, operation=PrimitiveOperation{id=DefaultOperationId{id=write, type=COMMAND}, value=byte[]{length=17, hash=-1644578928}}}}
00:27:55.668 [raft-server-3] TRACE i.a.p.raft.roles.FollowerRole - RaftServer{3}{role=FOLLOWER} - Sending AppendResponse{status=OK, term=1, succeeded=true, lastLogIndex=84}
00:27:55.668 [raft-server-1] TRACE i.a.p.raft.roles.LeaderAppender - RaftServer{1} - Received AppendResponse{status=OK, term=1, succeeded=true, lastLogIndex=83} from 2
00:27:55.668 [raft-server-2] TRACE i.a.p.raft.roles.FollowerRole - RaftServer{2}{role=FOLLOWER} - Sending AppendResponse{status=OK, term=1, succeeded=true, lastLogIndex=84}
00:27:55.668 [raft-server-1] TRACE i.a.p.raft.roles.LeaderAppender - RaftServer{1} - Received AppendResponse{status=OK, term=1, succeeded=true, lastLogIndex=84} from 3
00:27:55.668 [raft-server-1] TRACE i.a.p.raft.roles.LeaderAppender - RaftServer{1} - Committed entries up to 84
00:27:55.668 [raft-server-2-state] TRACE i.a.p.raft.impl.RaftServiceManager - RaftServer{2} - Applying Indexed{index=83, entry=CommandEntry{term=1, timestamp=2018-06-10 12:27:55,345, session=2, sequence=74, operation=PrimitiveOperation{id=DefaultOperationId{id=write, type=COMMAND}, value=byte[]{length=17, hash=-1644578928}}}}
00:27:55.668 [raft-server-3-state] TRACE i.a.p.raft.impl.RaftServiceManager - RaftServer{3} - Applying Indexed{index=83, entry=CommandEntry{term=1, timestamp=2018-06-10 12:27:55,345, session=2, sequence=74, operation=PrimitiveOperation{id=DefaultOperationId{id=write, type=COMMAND}, value=byte[]{length=17, hash=-1644578928}}}}
00:27:55.668 [raft-server-2-state] TRACE i.a.p.s.impl.DefaultServiceExecutor - PrimitiveService{2}{type=io.atomix.protocols.raft.RaftTest$TestPrimitiveType@68be9fc, name=raft-test} - Executing DefaultCommit{index=83, session=RaftSession{RaftServiceContext{server=2, type=io.atomix.protocols.raft.RaftTest$TestPrimitiveType@68be9fc, name=raft-test, id=2}, session=2, timestamp=2018-06-10 12:27:55,345}, time=2018-06-10 12:27:55,345, operation=DefaultOperationId{id=write, type=COMMAND}, value=byte[]{length=17, hash=-1644578928}}
00:27:55.668 [raft-server-3-state] TRACE i.a.p.s.impl.DefaultServiceExecutor - PrimitiveService{2}{type=io.atomix.protocols.raft.RaftTest$TestPrimitiveType@192b3940, name=raft-test} - Executing DefaultCommit{index=83, session=RaftSession{RaftServiceContext{server=3, type=io.atomix.protocols.raft.RaftTest$TestPrimitiveType@192b3940, name=raft-test, id=2}, session=2, timestamp=2018-06-10 12:27:55,345}, time=2018-06-10 12:27:55,345, operation=DefaultOperationId{id=write, type=COMMAND}, value=byte[]{length=17, hash=-1644578928}}
00:27:56.441 [raft-server-2] TRACE i.a.p.raft.storage.system.MetaStore - Store vote null
00:27:56.490 [raft-client-1f73cd99-b88c-4b59-9944-86684dacc85c-6] DEBUG i.a.p.r.s.impl.RaftSessionConnection - SessionClient{2}{type=io.atomix.protocols.raft.RaftTest$TestPrimitiveType@7d0100ea, name=raft-test} - CommandRequest{session=2, sequence=75, operation=PrimitiveOperation{id=DefaultOperationId{id=write, type=COMMAND}, value=byte[]{length=17, hash=-1644578928}}} failed! Reason: {}
java.util.concurrent.TimeoutException: null
	at io.atomix.protocols.raft.protocol.TestRaftProtocol.lambda$scheduleTimeout$0(TestRaftProtocol.java:48) ~[test-classes/:na]
	at java.util.concurrent.Executors$RunnableAdapter.call(Executors.java:511) ~[na:1.8.0_121]
	at java.util.concurrent.FutureTask.run(FutureTask.java:266) ~[na:1.8.0_121]
	at java.util.concurrent.ScheduledThreadPoolExecutor$ScheduledFutureTask.access$201(ScheduledThreadPoolExecutor.java:180) ~[na:1.8.0_121]
	at java.util.concurrent.ScheduledThreadPoolExecutor$ScheduledFutureTask.run(ScheduledThreadPoolExecutor.java:293) ~[na:1.8.0_121]
	at java.util.concurrent.ThreadPoolExecutor.runWorker(ThreadPoolExecutor.java:1142) ~[na:1.8.0_121]
	at java.util.concurrent.ThreadPoolExecutor$Worker.run(ThreadPoolExecutor.java:617) ~[na:1.8.0_121]
	at java.lang.Thread.run(Thread.java:745) ~[na:1.8.0_121]
00:27:56.490 [raft-client-1f73cd99-b88c-4b59-9944-86684dacc85c-6] TRACE i.a.p.r.s.impl.RaftSessionConnection - SessionClient{2}{type=io.atomix.protocols.raft.RaftTest$TestPrimitiveType@7d0100ea, name=raft-test} - Resetting connection. Reason: null
00:27:56.490 [raft-client-1f73cd99-b88c-4b59-9944-86684dacc85c-6] TRACE i.a.p.r.s.impl.RaftSessionConnection - SessionClient{2}{type=io.atomix.protocols.raft.RaftTest$TestPrimitiveType@7d0100ea, name=raft-test} - Sending CommandRequest{session=2, sequence=75, operation=PrimitiveOperation{id=DefaultOperationId{id=write, type=COMMAND}, value=byte[]{length=17, hash=-1644578928}}} to 1
00:27:56.822 [raft-server-1] TRACE i.a.p.raft.roles.LeaderAppender - RaftServer{1} - Received AppendResponse{status=OK, term=1, succeeded=true, lastLogIndex=84} from 2
00:27:56.822 [raft-server-1] TRACE i.a.p.raft.roles.LeaderAppender - RaftServer{1} - Sending AppendRequest{term=1, leader=1, prevLogIndex=84, prevLogTerm=1, entries=0, commitIndex=84} to 3
00:27:56.822 [raft-server-1] TRACE i.a.p.raft.roles.LeaderAppender - RaftServer{1} - Sending AppendRequest{term=1, leader=1, prevLogIndex=84, prevLogTerm=1, entries=0, commitIndex=84} to 2
00:27:56.822 [raft-server-3] TRACE i.a.p.raft.roles.FollowerRole - RaftServer{3}{role=FOLLOWER} - Received AppendRequest{term=1, leader=1, prevLogIndex=84, prevLogTerm=1, entries=0, commitIndex=84}
00:27:56.822 [raft-server-1] TRACE i.a.protocols.raft.roles.LeaderRole - RaftServer{1}{role=LEADER} - Received CommandRequest{session=2, sequence=75, operation=PrimitiveOperation{id=DefaultOperationId{id=write, type=COMMAND}, value=byte[]{length=17, hash=-1644578928}}}
00:27:56.823 [raft-server-1] TRACE i.a.protocols.raft.roles.LeaderRole - RaftServer{1}{role=LEADER} - Appended Indexed{index=85, entry=CommandEntry{term=1, timestamp=2018-06-10 12:27:56,822, session=2, sequence=75, operation=PrimitiveOperation{id=DefaultOperationId{id=write, type=COMMAND}, value=byte[]{length=17, hash=-1644578928}}}}
00:27:56.823 [raft-server-1-state] TRACE i.a.p.raft.impl.RaftServiceManager - RaftServer{1} - Applying Indexed{index=84, entry=CommandEntry{term=1, timestamp=2018-06-10 12:27:55,488, session=2, sequence=75, operation=PrimitiveOperation{id=DefaultOperationId{id=write, type=COMMAND}, value=byte[]{length=17, hash=-1644578928}}}}
00:27:56.823 [raft-server-1-state] TRACE i.a.p.s.impl.DefaultServiceExecutor - PrimitiveService{2}{type=io.atomix.protocols.raft.RaftTest$TestPrimitiveType@f170389, name=raft-test} - Executing DefaultCommit{index=84, session=RaftSession{RaftServiceContext{server=1, type=io.atomix.protocols.raft.RaftTest$TestPrimitiveType@f170389, name=raft-test, id=2}, session=2, timestamp=2018-06-10 12:27:55,488}, time=2018-06-10 12:27:55,488, operation=DefaultOperationId{id=write, type=COMMAND}, value=byte[]{length=17, hash=-1644578928}}
00:27:56.823 [raft-server-1-state] TRACE i.a.protocols.raft.roles.LeaderRole - RaftServer{1}{role=LEADER} - Sending CommandResponse{status=OK, index=84, eventIndex=2, result=byte[]{length=3, hash=35713}}
00:27:56.907 [raft-server-1] TRACE i.a.p.raft.roles.LeaderAppender - RaftServer{1} - Sending AppendRequest{term=1, leader=1, prevLogIndex=84, prevLogTerm=1, entries=1, commitIndex=84} to 3
00:27:57.157 [raft-server-1] TRACE i.a.p.raft.roles.LeaderAppender - RaftServer{1} - Sending AppendRequest{term=1, leader=1, prevLogIndex=84, prevLogTerm=1, entries=1, commitIndex=84} to 2
00:27:57.405 [raft-server-3] TRACE i.a.p.raft.roles.FollowerRole - RaftServer{3}{role=FOLLOWER} - Committed entries up to index 84
00:27:57.405 [raft-server-2] DEBUG i.a.p.raft.roles.FollowerRole - RaftServer{2}{role=FOLLOWER} - Heartbeat timed out in PT0.773S
00:27:57.405 [raft-server-3] TRACE i.a.p.raft.roles.FollowerRole - RaftServer{3}{role=FOLLOWER} - Sending AppendResponse{status=OK, term=1, succeeded=true, lastLogIndex=84}
00:27:57.405 [raft-server-1] TRACE i.a.p.raft.roles.LeaderAppender - RaftServer{1} - Received AppendResponse{status=OK, term=1, succeeded=true, lastLogIndex=84} from 3
00:27:57.405 [raft-server-3] TRACE i.a.p.raft.roles.FollowerRole - RaftServer{3}{role=FOLLOWER} - Received AppendRequest{term=1, leader=1, prevLogIndex=84, prevLogTerm=1, entries=1, commitIndex=84}
00:27:57.405 [raft-server-2] DEBUG i.a.p.raft.roles.FollowerRole - RaftServer{2}{role=FOLLOWER} - Polling members [DefaultRaftMember{id=3, type=ACTIVE, updated=2018-06-09T22:27:41.738Z}, DefaultRaftMember{id=1, type=ACTIVE, updated=2018-06-09T22:27:41.738Z}]
00:27:57.406 [raft-server-2] DEBUG i.a.p.raft.roles.FollowerRole - RaftServer{2}{role=FOLLOWER} - Polling DefaultRaftMember{id=3, type=ACTIVE, updated=2018-06-09T22:27:41.738Z} for next term 2
00:27:57.406 [raft-server-2] DEBUG i.a.p.raft.roles.FollowerRole - RaftServer{2}{role=FOLLOWER} - Polling DefaultRaftMember{id=1, type=ACTIVE, updated=2018-06-09T22:27:41.738Z} for next term 2
00:27:57.406 [raft-server-2] TRACE i.a.p.raft.roles.FollowerRole - RaftServer{2}{role=FOLLOWER} - Received AppendRequest{term=1, leader=1, prevLogIndex=84, prevLogTerm=1, entries=0, commitIndex=84}
00:27:57.406 [raft-server-3] TRACE i.a.p.raft.roles.FollowerRole - RaftServer{3}{role=FOLLOWER} - Appended Indexed{index=85, entry=CommandEntry{term=1, timestamp=2018-06-10 12:27:56,822, session=2, sequence=75, operation=PrimitiveOperation{id=DefaultOperationId{id=write, type=COMMAND}, value=byte[]{length=17, hash=-1644578928}}}}
00:27:57.406 [raft-server-1] TRACE i.a.protocols.raft.roles.LeaderRole - RaftServer{1}{role=LEADER} - Received PollRequest{term=1, candidate=2, lastLogIndex=84, lastLogTerm=1}
00:27:57.406 [raft-server-2] INFO  i.a.protocols.raft.impl.RaftContext - RaftServer{2} - Found leader 1
00:27:57.406 [raft-server-3] TRACE i.a.p.raft.roles.FollowerRole - RaftServer{3}{role=FOLLOWER} - Sending AppendResponse{status=OK, term=1, succeeded=true, lastLogIndex=85}
00:27:57.406 [raft-server-1] TRACE i.a.protocols.raft.roles.LeaderRole - RaftServer{1}{role=LEADER} - Sending PollResponse{status=OK, term=1, accepted=false}
00:27:57.406 [raft-server-3] TRACE i.a.p.raft.roles.FollowerRole - RaftServer{3}{role=FOLLOWER} - Received PollRequest{term=1, candidate=2, lastLogIndex=84, lastLogTerm=1}
00:27:57.406 [raft-server-1] TRACE i.a.p.raft.roles.LeaderAppender - RaftServer{1} - Received AppendResponse{status=OK, term=1, succeeded=true, lastLogIndex=85} from 3
00:27:57.406 [raft-server-3] DEBUG i.a.p.raft.roles.FollowerRole - RaftServer{3}{role=FOLLOWER} - Rejected PollRequest{term=1, candidate=2, lastLogIndex=84, lastLogTerm=1}: candidate's last log entry (84) is at a lower index than the local log (85)
00:27:57.406 [raft-server-1] TRACE i.a.p.raft.roles.LeaderAppender - RaftServer{1} - Committed entries up to 85
00:27:57.406 [raft-server-3-state] TRACE i.a.p.raft.impl.RaftServiceManager - RaftServer{3} - Applying Indexed{index=84, entry=CommandEntry{term=1, timestamp=2018-06-10 12:27:55,488, session=2, sequence=75, operation=PrimitiveOperation{id=DefaultOperationId{id=write, type=COMMAND}, value=byte[]{length=17, hash=-1644578928}}}}
00:27:57.406 [raft-server-3] TRACE i.a.p.raft.roles.FollowerRole - RaftServer{3}{role=FOLLOWER} - Sending PollResponse{status=OK, term=1, accepted=false}
00:27:57.406 [raft-server-3-state] TRACE i.a.p.s.impl.DefaultServiceExecutor - PrimitiveService{2}{type=io.atomix.protocols.raft.RaftTest$TestPrimitiveType@192b3940, name=raft-test} - Executing DefaultCommit{index=84, session=RaftSession{RaftServiceContext{server=3, type=io.atomix.protocols.raft.RaftTest$TestPrimitiveType@192b3940, name=raft-test, id=2}, session=2, timestamp=2018-06-10 12:27:55,488}, time=2018-06-10 12:27:55,488, operation=DefaultOperationId{id=write, type=COMMAND}, value=byte[]{length=17, hash=-1644578928}}
00:27:57.406 [raft-server-2] TRACE i.a.p.raft.storage.system.MetaStore - Store vote null
00:27:57.491 [raft-client-1f73cd99-b88c-4b59-9944-86684dacc85c-3] DEBUG i.a.p.r.s.impl.RaftSessionConnection - SessionClient{2}{type=io.atomix.protocols.raft.RaftTest$TestPrimitiveType@7d0100ea, name=raft-test} - CommandRequest{session=2, sequence=75, operation=PrimitiveOperation{id=DefaultOperationId{id=write, type=COMMAND}, value=byte[]{length=17, hash=-1644578928}}} failed! Reason: {}
java.util.concurrent.TimeoutException: null
	at io.atomix.protocols.raft.protocol.TestRaftProtocol.lambda$scheduleTimeout$0(TestRaftProtocol.java:48) ~[test-classes/:na]
	at java.util.concurrent.Executors$RunnableAdapter.call(Executors.java:511) ~[na:1.8.0_121]
	at java.util.concurrent.FutureTask.run(FutureTask.java:266) ~[na:1.8.0_121]
	at java.util.concurrent.ScheduledThreadPoolExecutor$ScheduledFutureTask.access$201(ScheduledThreadPoolExecutor.java:180) ~[na:1.8.0_121]
	at java.util.concurrent.ScheduledThreadPoolExecutor$ScheduledFutureTask.run(ScheduledThreadPoolExecutor.java:293) ~[na:1.8.0_121]
	at java.util.concurrent.ThreadPoolExecutor.runWorker(ThreadPoolExecutor.java:1142) ~[na:1.8.0_121]
	at java.util.concurrent.ThreadPoolExecutor$Worker.run(ThreadPoolExecutor.java:617) ~[na:1.8.0_121]
	at java.lang.Thread.run(Thread.java:745) ~[na:1.8.0_121]
00:27:57.491 [raft-client-1f73cd99-b88c-4b59-9944-86684dacc85c-3] TRACE i.a.p.r.s.impl.RaftSessionConnection - SessionClient{2}{type=io.atomix.protocols.raft.RaftTest$TestPrimitiveType@7d0100ea, name=raft-test} - Resetting connection. Reason: null
00:27:57.491 [raft-client-1f73cd99-b88c-4b59-9944-86684dacc85c-3] TRACE i.a.p.r.s.impl.RaftSessionConnection - SessionClient{2}{type=io.atomix.protocols.raft.RaftTest$TestPrimitiveType@7d0100ea, name=raft-test} - Sending CommandRequest{session=2, sequence=75, operation=PrimitiveOperation{id=DefaultOperationId{id=write, type=COMMAND}, value=byte[]{length=17, hash=-1644578928}}} to 1
00:27:57.618 [raft-client-1f73cd99-b88c-4b59-9944-86684dacc85c-2] TRACE i.a.p.r.s.impl.RaftSessionManager - RaftClient{1f73cd99-b88c-4b59-9944-86684dacc85c} - Keeping 1 sessions alive
00:27:57.618 [raft-client-1f73cd99-b88c-4b59-9944-86684dacc85c-2] TRACE i.a.p.r.s.impl.RaftSessionConnection - RaftClient{1f73cd99-b88c-4b59-9944-86684dacc85c} - Sending KeepAliveRequest{sessionIds=long[]{length=1, hash=33}, commandSequences=long[]{length=1, hash=105}, eventIndexes=long[]{length=1, hash=33}} to 3
00:27:57.618 [raft-server-3] TRACE i.a.p.raft.roles.FollowerRole - RaftServer{3}{role=FOLLOWER} - Received KeepAliveRequest{sessionIds=long[]{length=1, hash=33}, commandSequences=long[]{length=1, hash=105}, eventIndexes=long[]{length=1, hash=33}}
00:27:57.713 [raft-server-1] TRACE i.a.p.raft.roles.LeaderAppender - RaftServer{1} - Sending AppendRequest{term=1, leader=1, prevLogIndex=85, prevLogTerm=1, entries=0, commitIndex=85} to 3
00:27:57.713 [raft-server-1] TRACE i.a.protocols.raft.roles.LeaderRole - RaftServer{1}{role=LEADER} - Received CommandRequest{session=2, sequence=75, operation=PrimitiveOperation{id=DefaultOperationId{id=write, type=COMMAND}, value=byte[]{length=17, hash=-1644578928}}}
00:27:57.713 [raft-server-3] TRACE i.a.p.raft.roles.FollowerRole - RaftServer{3}{role=FOLLOWER} - Received AppendRequest{term=1, leader=1, prevLogIndex=85, prevLogTerm=1, entries=0, commitIndex=85}
00:27:57.713 [raft-server-1] TRACE i.a.protocols.raft.roles.LeaderRole - RaftServer{1}{role=LEADER} - Sending CommandResponse{status=OK, index=84, eventIndex=2, result=byte[]{length=3, hash=35713}}
00:27:57.713 [raft-client-1f73cd99-b88c-4b59-9944-86684dacc85c-7] TRACE i.a.p.r.s.impl.RaftSessionConnection - SessionClient{2}{type=io.atomix.protocols.raft.RaftTest$TestPrimitiveType@7d0100ea, name=raft-test} - Received CommandResponse{status=OK, index=84, eventIndex=2, result=byte[]{length=3, hash=35713}} from 1
00:27:57.713 [raft-server-1] TRACE i.a.protocols.raft.roles.LeaderRole - RaftServer{1}{role=LEADER} - Received KeepAliveRequest{sessionIds=long[]{length=1, hash=33}, commandSequences=long[]{length=1, hash=105}, eventIndexes=long[]{length=1, hash=33}}
00:27:57.713 [raft-client-1f73cd99-b88c-4b59-9944-86684dacc85c-7] TRACE i.a.p.r.s.impl.RaftSessionSequencer - SessionClient{2}{type=io.atomix.protocols.raft.RaftTest$TestPrimitiveType@7d0100ea, name=raft-test} - Completing response CommandResponse{status=OK, index=84, eventIndex=2, result=byte[]{length=3, hash=35713}}
00:27:57.713 [raft-server-1] TRACE i.a.protocols.raft.roles.LeaderRole - RaftServer{1}{role=LEADER} - Appended Indexed{index=86, entry=KeepAliveEntry{term=1, timestamp=2018-06-10 12:27:57,713, sessionIds=long[]{length=1, hash=33}, commandSequences=long[]{length=1, hash=105}, eventIndexes=long[]{length=1, hash=33}}}
00:27:57.713 [raft-server-1-state] TRACE i.a.p.raft.impl.RaftServiceManager - RaftServer{1} - Applying Indexed{index=85, entry=CommandEntry{term=1, timestamp=2018-06-10 12:27:56,822, session=2, sequence=75, operation=PrimitiveOperation{id=DefaultOperationId{id=write, type=COMMAND}, value=byte[]{length=17, hash=-1644578928}}}}
00:27:57.713 [raft-server-1-state] TRACE i.a.p.r.service.RaftServiceContext - PrimitiveService{2}{type=io.atomix.protocols.raft.RaftTest$TestPrimitiveType@f170389, name=raft-test} - Returning cached result for command with sequence number 75 < 76
00:27:57.713 [raft-server-1-state] TRACE i.a.protocols.raft.roles.LeaderRole - RaftServer{1}{role=LEADER} - Sending CommandResponse{status=OK, index=84, eventIndex=2, result=byte[]{length=3, hash=35713}}
00:27:57.713 [raft-client-1f73cd99-b88c-4b59-9944-86684dacc85c-7] TRACE i.a.p.r.s.impl.RaftSessionConnection - SessionClient{2}{type=io.atomix.protocols.raft.RaftTest$TestPrimitiveType@7d0100ea, name=raft-test} - Sending CommandRequest{session=2, sequence=76, operation=PrimitiveOperation{id=DefaultOperationId{id=write, type=COMMAND}, value=byte[]{length=17, hash=-1644578928}}} to 1
00:27:57.713 [raft-server-1] TRACE i.a.protocols.raft.roles.LeaderRole - RaftServer{1}{role=LEADER} - Received CommandRequest{session=2, sequence=76, operation=PrimitiveOperation{id=DefaultOperationId{id=write, type=COMMAND}, value=byte[]{length=17, hash=-1644578928}}}
00:27:57.713 [raft-server-1] TRACE i.a.protocols.raft.roles.LeaderRole - RaftServer{1}{role=LEADER} - Appended Indexed{index=87, entry=CommandEntry{term=1, timestamp=2018-06-10 12:27:57,713, session=2, sequence=76, operation=PrimitiveOperation{id=DefaultOperationId{id=write, type=COMMAND}, value=byte[]{length=17, hash=-1644578928}}}}
00:27:57.823 [raft-server-1] DEBUG i.a.p.raft.roles.LeaderAppender - RaftServer{1} - AppendRequest{term=1, leader=1, prevLogIndex=84, prevLogTerm=1, entries=0, commitIndex=84} to 2 failed: java.util.concurrent.TimeoutException
00:27:57.907 [raft-server-1] TRACE i.a.p.raft.roles.LeaderAppender - RaftServer{1} - Sending AppendRequest{term=1, leader=1, prevLogIndex=85, prevLogTerm=1, entries=2, commitIndex=85} to 3
00:27:58.158 [raft-server-1] DEBUG i.a.p.raft.roles.LeaderAppender - RaftServer{1} - AppendRequest{term=1, leader=1, prevLogIndex=84, prevLogTerm=1, entries=1, commitIndex=84} to 2 failed: java.util.concurrent.TimeoutException
00:27:58.407 [raft-server-1] TRACE i.a.p.raft.roles.LeaderAppender - RaftServer{1} - Sending AppendRequest{term=1, leader=1, prevLogIndex=85, prevLogTerm=1, entries=0, commitIndex=85} to 2
00:27:58.605 [raft-server-3] TRACE i.a.p.raft.roles.FollowerRole - RaftServer{3}{role=FOLLOWER} - Committed entries up to index 85
00:27:58.605 [raft-server-3] TRACE i.a.p.raft.roles.FollowerRole - RaftServer{3}{role=FOLLOWER} - Sending AppendResponse{status=OK, term=1, succeeded=true, lastLogIndex=85}
00:27:58.605 [raft-server-3] TRACE i.a.p.raft.roles.FollowerRole - RaftServer{3}{role=FOLLOWER} - Received AppendRequest{term=1, leader=1, prevLogIndex=85, prevLogTerm=1, entries=2, commitIndex=85}
00:27:58.605 [raft-server-1] TRACE i.a.p.raft.roles.LeaderAppender - RaftServer{1} - Received AppendResponse{status=OK, term=1, succeeded=true, lastLogIndex=85} from 3
00:27:58.605 [raft-server-3] TRACE i.a.p.raft.roles.FollowerRole - RaftServer{3}{role=FOLLOWER} - Appended Indexed{index=86, entry=KeepAliveEntry{term=1, timestamp=2018-06-10 12:27:57,713, sessionIds=long[]{length=1, hash=33}, commandSequences=long[]{length=1, hash=105}, eventIndexes=long[]{length=1, hash=33}}}
00:27:58.606 [raft-server-3] TRACE i.a.p.raft.roles.FollowerRole - RaftServer{3}{role=FOLLOWER} - Appended Indexed{index=87, entry=CommandEntry{term=1, timestamp=2018-06-10 12:27:57,713, session=2, sequence=76, operation=PrimitiveOperation{id=DefaultOperationId{id=write, type=COMMAND}, value=byte[]{length=17, hash=-1644578928}}}}
00:27:58.606 [raft-server-3] TRACE i.a.p.raft.roles.FollowerRole - RaftServer{3}{role=FOLLOWER} - Sending AppendResponse{status=OK, term=1, succeeded=true, lastLogIndex=87}
00:27:58.606 [raft-server-1] TRACE i.a.p.raft.roles.LeaderAppender - RaftServer{1} - Received AppendResponse{status=OK, term=1, succeeded=true, lastLogIndex=87} from 3
00:27:58.606 [raft-server-1] TRACE i.a.p.raft.roles.LeaderAppender - RaftServer{1} - Committed entries up to 87
00:27:58.606 [raft-server-3-state] TRACE i.a.p.raft.impl.RaftServiceManager - RaftServer{3} - Applying Indexed{index=85, entry=CommandEntry{term=1, timestamp=2018-06-10 12:27:56,822, session=2, sequence=75, operation=PrimitiveOperation{id=DefaultOperationId{id=write, type=COMMAND}, value=byte[]{length=17, hash=-1644578928}}}}
00:27:58.606 [raft-server-3-state] TRACE i.a.p.r.service.RaftServiceContext - PrimitiveService{2}{type=io.atomix.protocols.raft.RaftTest$TestPrimitiveType@192b3940, name=raft-test} - Returning cached result for command with sequence number 75 < 76
00:27:58.618 [raft-server-3] TRACE i.a.p.raft.roles.FollowerRole - RaftServer{3}{role=FOLLOWER} - Sending KeepAliveResponse{status=ERROR, error=RaftError{type=NO_LEADER, message=null}}
00:27:58.619 [raft-client-1f73cd99-b88c-4b59-9944-86684dacc85c-4] DEBUG i.a.p.r.s.impl.RaftSessionConnection - RaftClient{1f73cd99-b88c-4b59-9944-86684dacc85c} - KeepAliveRequest{sessionIds=long[]{length=1, hash=33}, commandSequences=long[]{length=1, hash=105}, eventIndexes=long[]{length=1, hash=33}} failed! Reason: {}
java.util.concurrent.TimeoutException: null
	at io.atomix.protocols.raft.protocol.TestRaftProtocol.lambda$scheduleTimeout$0(TestRaftProtocol.java:48) ~[test-classes/:na]
	at java.util.concurrent.Executors$RunnableAdapter.call(Executors.java:511) ~[na:1.8.0_121]
	at java.util.concurrent.FutureTask.run(FutureTask.java:266) ~[na:1.8.0_121]
	at java.util.concurrent.ScheduledThreadPoolExecutor$ScheduledFutureTask.access$201(ScheduledThreadPoolExecutor.java:180) ~[na:1.8.0_121]
	at java.util.concurrent.ScheduledThreadPoolExecutor$ScheduledFutureTask.run(ScheduledThreadPoolExecutor.java:293) ~[na:1.8.0_121]
	at java.util.concurrent.ThreadPoolExecutor.runWorker(ThreadPoolExecutor.java:1142) ~[na:1.8.0_121]
	at java.util.concurrent.ThreadPoolExecutor$Worker.run(ThreadPoolExecutor.java:617) ~[na:1.8.0_121]
	at java.lang.Thread.run(Thread.java:745) ~[na:1.8.0_121]
00:27:58.619 [raft-client-1f73cd99-b88c-4b59-9944-86684dacc85c-4] TRACE i.a.p.r.s.impl.RaftSessionConnection - RaftClient{1f73cd99-b88c-4b59-9944-86684dacc85c} - Resetting connection. Reason: null
00:27:58.619 [raft-client-1f73cd99-b88c-4b59-9944-86684dacc85c-4] TRACE i.a.p.r.s.impl.RaftSessionConnection - RaftClient{1f73cd99-b88c-4b59-9944-86684dacc85c} - Sending KeepAliveRequest{sessionIds=long[]{length=1, hash=33}, commandSequences=long[]{length=1, hash=105}, eventIndexes=long[]{length=1, hash=33}} to 1
00:27:58.633 [raft-server-2] TRACE i.a.p.raft.roles.FollowerRole - RaftServer{2}{role=FOLLOWER} - Committed entries up to index 84
00:27:58.633 [raft-server-2] TRACE i.a.p.raft.roles.FollowerRole - RaftServer{2}{role=FOLLOWER} - Sending AppendResponse{status=OK, term=1, succeeded=true, lastLogIndex=84}
00:27:58.633 [raft-server-2] TRACE i.a.p.raft.roles.FollowerRole - RaftServer{2}{role=FOLLOWER} - Received AppendRequest{term=1, leader=1, prevLogIndex=84, prevLogTerm=1, entries=1, commitIndex=84}
00:27:58.633 [raft-server-2] TRACE i.a.p.raft.roles.FollowerRole - RaftServer{2}{role=FOLLOWER} - Appended Indexed{index=85, entry=CommandEntry{term=1, timestamp=2018-06-10 12:27:56,822, session=2, sequence=75, operation=PrimitiveOperation{id=DefaultOperationId{id=write, type=COMMAND}, value=byte[]{length=17, hash=-1644578928}}}}
00:27:58.633 [raft-server-2] TRACE i.a.p.raft.roles.FollowerRole - RaftServer{2}{role=FOLLOWER} - Sending AppendResponse{status=OK, term=1, succeeded=true, lastLogIndex=85}
00:27:58.633 [raft-server-2] DEBUG i.a.p.raft.roles.FollowerRole - RaftServer{2}{role=FOLLOWER} - Received rejected poll from DefaultRaftMember{id=1, type=ACTIVE, updated=2018-06-09T22:27:41.738Z}
00:27:58.633 [raft-server-2] DEBUG i.a.p.raft.roles.FollowerRole - RaftServer{2}{role=FOLLOWER} - Received rejected poll from DefaultRaftMember{id=3, type=ACTIVE, updated=2018-06-09T22:27:41.738Z}
00:27:58.633 [raft-server-2] TRACE i.a.p.raft.roles.FollowerRole - RaftServer{2}{role=FOLLOWER} - Received AppendRequest{term=1, leader=1, prevLogIndex=85, prevLogTerm=1, entries=0, commitIndex=85}
00:27:58.655 [raft-server-1] TRACE i.a.p.raft.roles.LeaderAppender - RaftServer{1} - Sending AppendRequest{term=1, leader=1, prevLogIndex=87, prevLogTerm=1, entries=0, commitIndex=87} to 3
00:27:58.655 [raft-server-3] TRACE i.a.p.raft.roles.FollowerRole - RaftServer{3}{role=FOLLOWER} - Received AppendRequest{term=1, leader=1, prevLogIndex=87, prevLogTerm=1, entries=0, commitIndex=87}
00:27:58.655 [raft-server-1] TRACE i.a.protocols.raft.roles.LeaderRole - RaftServer{1}{role=LEADER} - Received KeepAliveRequest{sessionIds=long[]{length=1, hash=33}, commandSequences=long[]{length=1, hash=105}, eventIndexes=long[]{length=1, hash=33}}
00:27:58.656 [raft-server-1] TRACE i.a.protocols.raft.roles.LeaderRole - RaftServer{1}{role=LEADER} - Appended Indexed{index=88, entry=KeepAliveEntry{term=1, timestamp=2018-06-10 12:27:58,655, sessionIds=long[]{length=1, hash=33}, commandSequences=long[]{length=1, hash=105}, eventIndexes=long[]{length=1, hash=33}}}
00:27:58.656 [raft-server-1-state] TRACE i.a.p.raft.impl.RaftServiceManager - RaftServer{1} - Applying Indexed{index=86, entry=KeepAliveEntry{term=1, timestamp=2018-06-10 12:27:57,713, sessionIds=long[]{length=1, hash=33}, commandSequences=long[]{length=1, hash=105}, eventIndexes=long[]{length=1, hash=33}}}
00:27:58.656 [raft-server-1-state] TRACE i.a.p.raft.impl.RaftServiceManager - RaftServer{1} - Applying Indexed{index=87, entry=CommandEntry{term=1, timestamp=2018-06-10 12:27:57,713, session=2, sequence=76, operation=PrimitiveOperation{id=DefaultOperationId{id=write, type=COMMAND}, value=byte[]{length=17, hash=-1644578928}}}}
00:27:58.656 [raft-server-1] TRACE i.a.protocols.raft.roles.LeaderRole - RaftServer{1}{role=LEADER} - Sending KeepAliveResponse{status=OK, leader=1, members=[3, 1, 2], sessionIds=long[]{length=1, hash=33}}
00:27:58.656 [raft-server-1-state] TRACE i.a.p.s.impl.DefaultServiceExecutor - PrimitiveService{2}{type=io.atomix.protocols.raft.RaftTest$TestPrimitiveType@f170389, name=raft-test} - Executing DefaultCommit{index=87, session=RaftSession{RaftServiceContext{server=1, type=io.atomix.protocols.raft.RaftTest$TestPrimitiveType@f170389, name=raft-test, id=2}, session=2, timestamp=2018-06-10 12:27:57,713}, time=2018-06-10 12:27:57,713, operation=DefaultOperationId{id=write, type=COMMAND}, value=byte[]{length=17, hash=-1644578928}}
00:27:58.656 [raft-server-1-state] TRACE i.a.protocols.raft.roles.LeaderRole - RaftServer{1}{role=LEADER} - Sending CommandResponse{status=OK, index=87, eventIndex=2, result=byte[]{length=3, hash=35899}}
00:27:58.656 [raft-client-1f73cd99-b88c-4b59-9944-86684dacc85c-0] TRACE i.a.p.r.s.impl.RaftSessionConnection - SessionClient{2}{type=io.atomix.protocols.raft.RaftTest$TestPrimitiveType@7d0100ea, name=raft-test} - Received CommandResponse{status=OK, index=87, eventIndex=2, result=byte[]{length=3, hash=35899}} from 1
00:27:58.656 [raft-client-1f73cd99-b88c-4b59-9944-86684dacc85c-0] TRACE i.a.p.r.s.impl.RaftSessionSequencer - SessionClient{2}{type=io.atomix.protocols.raft.RaftTest$TestPrimitiveType@7d0100ea, name=raft-test} - Completing response CommandResponse{status=OK, index=87, eventIndex=2, result=byte[]{length=3, hash=35899}}
00:27:58.656 [raft-client-1f73cd99-b88c-4b59-9944-86684dacc85c-1] TRACE i.a.p.r.s.impl.RaftSessionConnection - SessionClient{2}{type=io.atomix.protocols.raft.RaftTest$TestPrimitiveType@7d0100ea, name=raft-test} - Sending CommandRequest{session=2, sequence=77, operation=PrimitiveOperation{id=DefaultOperationId{id=write, type=COMMAND}, value=byte[]{length=17, hash=-1644578928}}} to 1
00:27:58.656 [raft-server-1] TRACE i.a.protocols.raft.roles.LeaderRole - RaftServer{1}{role=LEADER} - Received CommandRequest{session=2, sequence=77, operation=PrimitiveOperation{id=DefaultOperationId{id=write, type=COMMAND}, value=byte[]{length=17, hash=-1644578928}}}
00:27:58.657 [raft-server-1] TRACE i.a.protocols.raft.roles.LeaderRole - RaftServer{1}{role=LEADER} - Appended Indexed{index=89, entry=CommandEntry{term=1, timestamp=2018-06-10 12:27:58,657, session=2, sequence=77, operation=PrimitiveOperation{id=DefaultOperationId{id=write, type=COMMAND}, value=byte[]{length=17, hash=-1644578928}}}}
00:27:58.689 [raft-server-2] TRACE i.a.p.raft.roles.FollowerRole - RaftServer{2}{role=FOLLOWER} - Committed entries up to index 85
00:27:58.689 [raft-server-2] TRACE i.a.p.raft.roles.FollowerRole - RaftServer{2}{role=FOLLOWER} - Sending AppendResponse{status=OK, term=1, succeeded=true, lastLogIndex=85}
00:27:58.689 [raft-server-1] TRACE i.a.p.raft.roles.LeaderAppender - RaftServer{1} - Received AppendResponse{status=OK, term=1, succeeded=true, lastLogIndex=85} from 2
00:27:58.689 [raft-server-2-state] TRACE i.a.p.raft.impl.RaftServiceManager - RaftServer{2} - Applying Indexed{index=84, entry=CommandEntry{term=1, timestamp=2018-06-10 12:27:55,488, session=2, sequence=75, operation=PrimitiveOperation{id=DefaultOperationId{id=write, type=COMMAND}, value=byte[]{length=17, hash=-1644578928}}}}
00:27:58.689 [raft-server-1] TRACE i.a.p.raft.roles.LeaderAppender - RaftServer{1} - Sending AppendRequest{term=1, leader=1, prevLogIndex=85, prevLogTerm=1, entries=4, commitIndex=87} to 2
00:27:58.689 [raft-server-2-state] TRACE i.a.p.s.impl.DefaultServiceExecutor - PrimitiveService{2}{type=io.atomix.protocols.raft.RaftTest$TestPrimitiveType@68be9fc, name=raft-test} - Executing DefaultCommit{index=84, session=RaftSession{RaftServiceContext{server=2, type=io.atomix.protocols.raft.RaftTest$TestPrimitiveType@68be9fc, name=raft-test, id=2}, session=2, timestamp=2018-06-10 12:27:55,488}, time=2018-06-10 12:27:55,488, operation=DefaultOperationId{id=write, type=COMMAND}, value=byte[]{length=17, hash=-1644578928}}
00:27:58.689 [raft-server-2] TRACE i.a.p.raft.roles.FollowerRole - RaftServer{2}{role=FOLLOWER} - Received AppendRequest{term=1, leader=1, prevLogIndex=85, prevLogTerm=1, entries=4, commitIndex=87}
00:27:58.689 [raft-server-2-state] TRACE i.a.p.raft.impl.RaftServiceManager - RaftServer{2} - Applying Indexed{index=85, entry=CommandEntry{term=1, timestamp=2018-06-10 12:27:56,822, session=2, sequence=75, operation=PrimitiveOperation{id=DefaultOperationId{id=write, type=COMMAND}, value=byte[]{length=17, hash=-1644578928}}}}
00:27:58.689 [raft-server-2-state] TRACE i.a.p.r.service.RaftServiceContext - PrimitiveService{2}{type=io.atomix.protocols.raft.RaftTest$TestPrimitiveType@68be9fc, name=raft-test} - Returning cached result for command with sequence number 75 < 76
00:27:58.689 [raft-server-2] TRACE i.a.p.raft.roles.FollowerRole - RaftServer{2}{role=FOLLOWER} - Appended Indexed{index=86, entry=KeepAliveEntry{term=1, timestamp=2018-06-10 12:27:57,713, sessionIds=long[]{length=1, hash=33}, commandSequences=long[]{length=1, hash=105}, eventIndexes=long[]{length=1, hash=33}}}
00:27:58.689 [raft-server-2] TRACE i.a.p.raft.roles.FollowerRole - RaftServer{2}{role=FOLLOWER} - Appended Indexed{index=87, entry=CommandEntry{term=1, timestamp=2018-06-10 12:27:57,713, session=2, sequence=76, operation=PrimitiveOperation{id=DefaultOperationId{id=write, type=COMMAND}, value=byte[]{length=17, hash=-1644578928}}}}
00:27:58.690 [raft-server-2] TRACE i.a.p.raft.roles.FollowerRole - RaftServer{2}{role=FOLLOWER} - Appended Indexed{index=88, entry=KeepAliveEntry{term=1, timestamp=2018-06-10 12:27:58,655, sessionIds=long[]{length=1, hash=33}, commandSequences=long[]{length=1, hash=105}, eventIndexes=long[]{length=1, hash=33}}}
00:27:58.690 [raft-server-2] TRACE i.a.p.raft.roles.FollowerRole - RaftServer{2}{role=FOLLOWER} - Appended Indexed{index=89, entry=CommandEntry{term=1, timestamp=2018-06-10 12:27:58,657, session=2, sequence=77, operation=PrimitiveOperation{id=DefaultOperationId{id=write, type=COMMAND}, value=byte[]{length=17, hash=-1644578928}}}}
00:27:58.716 [raft-server-3] TRACE i.a.p.raft.roles.FollowerRole - RaftServer{3}{role=FOLLOWER} - Committed entries up to index 87
00:27:58.716 [raft-server-3] TRACE i.a.p.raft.roles.FollowerRole - RaftServer{3}{role=FOLLOWER} - Sending AppendResponse{status=OK, term=1, succeeded=true, lastLogIndex=87}
00:27:58.716 [raft-server-3-state] TRACE i.a.p.raft.impl.RaftServiceManager - RaftServer{3} - Applying Indexed{index=86, entry=KeepAliveEntry{term=1, timestamp=2018-06-10 12:27:57,713, sessionIds=long[]{length=1, hash=33}, commandSequences=long[]{length=1, hash=105}, eventIndexes=long[]{length=1, hash=33}}}
00:27:58.716 [raft-server-1] TRACE i.a.p.raft.roles.LeaderAppender - RaftServer{1} - Received AppendResponse{status=OK, term=1, succeeded=true, lastLogIndex=87} from 3
00:27:58.716 [raft-server-1] TRACE i.a.p.raft.roles.LeaderAppender - RaftServer{1} - Sending AppendRequest{term=1, leader=1, prevLogIndex=87, prevLogTerm=1, entries=2, commitIndex=87} to 3
00:27:58.716 [raft-server-3-state] TRACE i.a.p.raft.impl.RaftServiceManager - RaftServer{3} - Applying Indexed{index=87, entry=CommandEntry{term=1, timestamp=2018-06-10 12:27:57,713, session=2, sequence=76, operation=PrimitiveOperation{id=DefaultOperationId{id=write, type=COMMAND}, value=byte[]{length=17, hash=-1644578928}}}}
00:27:58.716 [raft-server-3] TRACE i.a.p.raft.roles.FollowerRole - RaftServer{3}{role=FOLLOWER} - Received AppendRequest{term=1, leader=1, prevLogIndex=87, prevLogTerm=1, entries=2, commitIndex=87}
00:27:58.717 [raft-server-3-state] TRACE i.a.p.s.impl.DefaultServiceExecutor - PrimitiveService{2}{type=io.atomix.protocols.raft.RaftTest$TestPrimitiveType@192b3940, name=raft-test} - Executing DefaultCommit{index=87, session=RaftSession{RaftServiceContext{server=3, type=io.atomix.protocols.raft.RaftTest$TestPrimitiveType@192b3940, name=raft-test, id=2}, session=2, timestamp=2018-06-10 12:27:57,713}, time=2018-06-10 12:27:57,713, operation=DefaultOperationId{id=write, type=COMMAND}, value=byte[]{length=17, hash=-1644578928}}
00:27:58.717 [raft-server-3] TRACE i.a.p.raft.roles.FollowerRole - RaftServer{3}{role=FOLLOWER} - Appended Indexed{index=88, entry=KeepAliveEntry{term=1, timestamp=2018-06-10 12:27:58,655, sessionIds=long[]{length=1, hash=33}, commandSequences=long[]{length=1, hash=105}, eventIndexes=long[]{length=1, hash=33}}}
00:27:58.717 [raft-server-3] TRACE i.a.p.raft.roles.FollowerRole - RaftServer{3}{role=FOLLOWER} - Appended Indexed{index=89, entry=CommandEntry{term=1, timestamp=2018-06-10 12:27:58,657, session=2, sequence=77, operation=PrimitiveOperation{id=DefaultOperationId{id=write, type=COMMAND}, value=byte[]{length=17, hash=-1644578928}}}}
00:27:58.717 [raft-server-3] TRACE i.a.p.raft.roles.FollowerRole - RaftServer{3}{role=FOLLOWER} - Sending AppendResponse{status=OK, term=1, succeeded=true, lastLogIndex=89}
00:27:58.717 [raft-server-1] TRACE i.a.p.raft.roles.LeaderAppender - RaftServer{1} - Received AppendResponse{status=OK, term=1, succeeded=true, lastLogIndex=89} from 3
00:27:58.717 [raft-server-1] TRACE i.a.p.raft.roles.LeaderAppender - RaftServer{1} - Committed entries up to 89
00:27:58.741 [raft-server-2] TRACE i.a.p.raft.roles.FollowerRole - RaftServer{2}{role=FOLLOWER} - Committed entries up to index 87
00:27:58.741 [raft-server-2] TRACE i.a.p.raft.roles.FollowerRole - RaftServer{2}{role=FOLLOWER} - Sending AppendResponse{status=OK, term=1, succeeded=true, lastLogIndex=89}
00:27:58.741 [raft-server-2-state] TRACE i.a.p.raft.impl.RaftServiceManager - RaftServer{2} - Applying Indexed{index=86, entry=KeepAliveEntry{term=1, timestamp=2018-06-10 12:27:57,713, sessionIds=long[]{length=1, hash=33}, commandSequences=long[]{length=1, hash=105}, eventIndexes=long[]{length=1, hash=33}}}
00:27:58.741 [raft-server-2-state] TRACE i.a.p.raft.impl.RaftServiceManager - RaftServer{2} - Applying Indexed{index=87, entry=CommandEntry{term=1, timestamp=2018-06-10 12:27:57,713, session=2, sequence=76, operation=PrimitiveOperation{id=DefaultOperationId{id=write, type=COMMAND}, value=byte[]{length=17, hash=-1644578928}}}}
00:27:58.742 [raft-server-2-state] TRACE i.a.p.s.impl.DefaultServiceExecutor - PrimitiveService{2}{type=io.atomix.protocols.raft.RaftTest$TestPrimitiveType@68be9fc, name=raft-test} - Executing DefaultCommit{index=87, session=RaftSession{RaftServiceContext{server=2, type=io.atomix.protocols.raft.RaftTest$TestPrimitiveType@68be9fc, name=raft-test, id=2}, session=2, timestamp=2018-06-10 12:27:57,713}, time=2018-06-10 12:27:57,713, operation=DefaultOperationId{id=write, type=COMMAND}, value=byte[]{length=17, hash=-1644578928}}
00:27:58.755 [raft-server-1] TRACE i.a.p.raft.roles.LeaderAppender - RaftServer{1} - Received AppendResponse{status=OK, term=1, succeeded=true, lastLogIndex=89} from 2
00:27:58.755 [raft-server-1-state] TRACE i.a.p.raft.impl.RaftServiceManager - RaftServer{1} - Applying Indexed{index=88, entry=KeepAliveEntry{term=1, timestamp=2018-06-10 12:27:58,655, sessionIds=long[]{length=1, hash=33}, commandSequences=long[]{length=1, hash=105}, eventIndexes=long[]{length=1, hash=33}}}
00:27:58.756 [raft-server-1-state] TRACE i.a.p.raft.impl.RaftServiceManager - RaftServer{1} - Applying Indexed{index=89, entry=CommandEntry{term=1, timestamp=2018-06-10 12:27:58,657, session=2, sequence=77, operation=PrimitiveOperation{id=DefaultOperationId{id=write, type=COMMAND}, value=byte[]{length=17, hash=-1644578928}}}}
00:27:58.756 [raft-server-1] TRACE i.a.protocols.raft.roles.LeaderRole - RaftServer{1}{role=LEADER} - Sending KeepAliveResponse{status=OK, leader=1, members=[3, 1, 2], sessionIds=long[]{length=1, hash=33}}
00:27:58.756 [raft-server-1-state] TRACE i.a.p.s.impl.DefaultServiceExecutor - PrimitiveService{2}{type=io.atomix.protocols.raft.RaftTest$TestPrimitiveType@f170389, name=raft-test} - Executing DefaultCommit{index=89, session=RaftSession{RaftServiceContext{server=1, type=io.atomix.protocols.raft.RaftTest$TestPrimitiveType@f170389, name=raft-test, id=2}, session=2, timestamp=2018-06-10 12:27:58,657}, time=2018-06-10 12:27:58,657, operation=DefaultOperationId{id=write, type=COMMAND}, value=byte[]{length=17, hash=-1644578928}}
00:27:58.756 [raft-server-1-state] TRACE i.a.protocols.raft.roles.LeaderRole - RaftServer{1}{role=LEADER} - Sending CommandResponse{status=OK, index=89, eventIndex=2, result=byte[]{length=3, hash=36023}}
00:27:58.756 [raft-client-1f73cd99-b88c-4b59-9944-86684dacc85c-2] TRACE i.a.p.r.s.impl.RaftSessionConnection - RaftClient{1f73cd99-b88c-4b59-9944-86684dacc85c} - Received KeepAliveResponse{status=OK, leader=1, members=[3, 1, 2], sessionIds=long[]{length=1, hash=33}} from 1
00:27:58.756 [raft-client-1f73cd99-b88c-4b59-9944-86684dacc85c-6] TRACE i.a.p.r.s.impl.RaftSessionConnection - SessionClient{2}{type=io.atomix.protocols.raft.RaftTest$TestPrimitiveType@7d0100ea, name=raft-test} - Received CommandResponse{status=OK, index=89, eventIndex=2, result=byte[]{length=3, hash=36023}} from 1
00:27:58.756 [raft-client-1f73cd99-b88c-4b59-9944-86684dacc85c-6] TRACE i.a.p.r.s.impl.RaftSessionSequencer - SessionClient{2}{type=io.atomix.protocols.raft.RaftTest$TestPrimitiveType@7d0100ea, name=raft-test} - Completing response CommandResponse{status=OK, index=89, eventIndex=2, result=byte[]{length=3, hash=36023}}
00:27:58.756 [raft-client-1f73cd99-b88c-4b59-9944-86684dacc85c-6] TRACE i.a.p.r.s.impl.RaftSessionConnection - SessionClient{2}{type=io.atomix.protocols.raft.RaftTest$TestPrimitiveType@7d0100ea, name=raft-test} - Sending CommandRequest{session=2, sequence=78, operation=PrimitiveOperation{id=DefaultOperationId{id=write, type=COMMAND}, value=byte[]{length=17, hash=-1644578928}}} to 1
00:27:58.756 [raft-server-1] TRACE i.a.protocols.raft.roles.LeaderRole - RaftServer{1}{role=LEADER} - Received CommandRequest{session=2, sequence=78, operation=PrimitiveOperation{id=DefaultOperationId{id=write, type=COMMAND}, value=byte[]{length=17, hash=-1644578928}}}
00:27:58.756 [raft-server-1] TRACE i.a.protocols.raft.roles.LeaderRole - RaftServer{1}{role=LEADER} - Appended Indexed{index=90, entry=CommandEntry{term=1, timestamp=2018-06-10 12:27:58,756, session=2, sequence=78, operation=PrimitiveOperation{id=DefaultOperationId{id=write, type=COMMAND}, value=byte[]{length=17, hash=-1644578928}}}}
00:27:58.756 [raft-server-1] TRACE i.a.p.raft.roles.LeaderAppender - RaftServer{1} - Sending AppendRequest{term=1, leader=1, prevLogIndex=89, prevLogTerm=1, entries=1, commitIndex=89} to 3
00:27:58.757 [raft-server-1] TRACE i.a.p.raft.roles.LeaderAppender - RaftServer{1} - Sending AppendRequest{term=1, leader=1, prevLogIndex=89, prevLogTerm=1, entries=1, commitIndex=89} to 2
00:27:58.757 [raft-server-3] TRACE i.a.p.raft.roles.FollowerRole - RaftServer{3}{role=FOLLOWER} - Received AppendRequest{term=1, leader=1, prevLogIndex=89, prevLogTerm=1, entries=1, commitIndex=89}
00:27:58.757 [raft-server-2] TRACE i.a.p.raft.roles.FollowerRole - RaftServer{2}{role=FOLLOWER} - Received AppendRequest{term=1, leader=1, prevLogIndex=89, prevLogTerm=1, entries=1, commitIndex=89}
00:27:58.757 [raft-server-3] TRACE i.a.p.raft.roles.FollowerRole - RaftServer{3}{role=FOLLOWER} - Appended Indexed{index=90, entry=CommandEntry{term=1, timestamp=2018-06-10 12:27:58,756, session=2, sequence=78, operation=PrimitiveOperation{id=DefaultOperationId{id=write, type=COMMAND}, value=byte[]{length=17, hash=-1644578928}}}}
00:27:58.757 [raft-server-2] TRACE i.a.p.raft.roles.FollowerRole - RaftServer{2}{role=FOLLOWER} - Appended Indexed{index=90, entry=CommandEntry{term=1, timestamp=2018-06-10 12:27:58,756, session=2, sequence=78, operation=PrimitiveOperation{id=DefaultOperationId{id=write, type=COMMAND}, value=byte[]{length=17, hash=-1644578928}}}}
00:27:58.787 [raft-server-3] TRACE i.a.p.raft.roles.FollowerRole - RaftServer{3}{role=FOLLOWER} - Committed entries up to index 89
00:27:58.787 [raft-server-2] TRACE i.a.p.raft.roles.FollowerRole - RaftServer{2}{role=FOLLOWER} - Committed entries up to index 89
00:27:58.787 [raft-server-3] TRACE i.a.p.raft.roles.FollowerRole - RaftServer{3}{role=FOLLOWER} - Sending AppendResponse{status=OK, term=1, succeeded=true, lastLogIndex=90}
00:27:58.787 [raft-server-2] TRACE i.a.p.raft.roles.FollowerRole - RaftServer{2}{role=FOLLOWER} - Sending AppendResponse{status=OK, term=1, succeeded=true, lastLogIndex=90}
00:27:58.787 [raft-server-1] TRACE i.a.p.raft.roles.LeaderAppender - RaftServer{1} - Received AppendResponse{status=OK, term=1, succeeded=true, lastLogIndex=90} from 3
00:27:58.787 [raft-server-3-state] TRACE i.a.p.raft.impl.RaftServiceManager - RaftServer{3} - Applying Indexed{index=88, entry=KeepAliveEntry{term=1, timestamp=2018-06-10 12:27:58,655, sessionIds=long[]{length=1, hash=33}, commandSequences=long[]{length=1, hash=105}, eventIndexes=long[]{length=1, hash=33}}}
00:27:58.787 [raft-server-2-state] TRACE i.a.p.raft.impl.RaftServiceManager - RaftServer{2} - Applying Indexed{index=88, entry=KeepAliveEntry{term=1, timestamp=2018-06-10 12:27:58,655, sessionIds=long[]{length=1, hash=33}, commandSequences=long[]{length=1, hash=105}, eventIndexes=long[]{length=1, hash=33}}}
00:27:58.787 [raft-server-1] TRACE i.a.p.raft.roles.LeaderAppender - RaftServer{1} - Committed entries up to 90
00:27:58.787 [raft-server-3-state] TRACE i.a.p.raft.impl.RaftServiceManager - RaftServer{3} - Applying Indexed{index=89, entry=CommandEntry{term=1, timestamp=2018-06-10 12:27:58,657, session=2, sequence=77, operation=PrimitiveOperation{id=DefaultOperationId{id=write, type=COMMAND}, value=byte[]{length=17, hash=-1644578928}}}}
00:27:58.787 [raft-server-2-state] TRACE i.a.p.raft.impl.RaftServiceManager - RaftServer{2} - Applying Indexed{index=89, entry=CommandEntry{term=1, timestamp=2018-06-10 12:27:58,657, session=2, sequence=77, operation=PrimitiveOperation{id=DefaultOperationId{id=write, type=COMMAND}, value=byte[]{length=17, hash=-1644578928}}}}
00:27:58.788 [raft-server-3-state] TRACE i.a.p.s.impl.DefaultServiceExecutor - PrimitiveService{2}{type=io.atomix.protocols.raft.RaftTest$TestPrimitiveType@192b3940, name=raft-test} - Executing DefaultCommit{index=89, session=RaftSession{RaftServiceContext{server=3, type=io.atomix.protocols.raft.RaftTest$TestPrimitiveType@192b3940, name=raft-test, id=2}, session=2, timestamp=2018-06-10 12:27:58,657}, time=2018-06-10 12:27:58,657, operation=DefaultOperationId{id=write, type=COMMAND}, value=byte[]{length=17, hash=-1644578928}}
00:27:58.788 [raft-server-2-state] TRACE i.a.p.s.impl.DefaultServiceExecutor - PrimitiveService{2}{type=io.atomix.protocols.raft.RaftTest$TestPrimitiveType@68be9fc, name=raft-test} - Executing DefaultCommit{index=89, session=RaftSession{RaftServiceContext{server=2, type=io.atomix.protocols.raft.RaftTest$TestPrimitiveType@68be9fc, name=raft-test, id=2}, session=2, timestamp=2018-06-10 12:27:58,657}, time=2018-06-10 12:27:58,657, operation=DefaultOperationId{id=write, type=COMMAND}, value=byte[]{length=17, hash=-1644578928}}
00:27:58.814 [raft-server-1] TRACE i.a.p.raft.roles.LeaderAppender - RaftServer{1} - Received AppendResponse{status=OK, term=1, succeeded=true, lastLogIndex=90} from 2
00:27:58.814 [raft-server-1-state] TRACE i.a.p.raft.impl.RaftServiceManager - RaftServer{1} - Applying Indexed{index=90, entry=CommandEntry{term=1, timestamp=2018-06-10 12:27:58,756, session=2, sequence=78, operation=PrimitiveOperation{id=DefaultOperationId{id=write, type=COMMAND}, value=byte[]{length=17, hash=-1644578928}}}}
00:27:58.814 [raft-server-1-state] TRACE i.a.p.s.impl.DefaultServiceExecutor - PrimitiveService{2}{type=io.atomix.protocols.raft.RaftTest$TestPrimitiveType@f170389, name=raft-test} - Executing DefaultCommit{index=90, session=RaftSession{RaftServiceContext{server=1, type=io.atomix.protocols.raft.RaftTest$TestPrimitiveType@f170389, name=raft-test, id=2}, session=2, timestamp=2018-06-10 12:27:58,756}, time=2018-06-10 12:27:58,756, operation=DefaultOperationId{id=write, type=COMMAND}, value=byte[]{length=17, hash=-1644578928}}
00:27:58.814 [raft-server-1-state] TRACE i.a.protocols.raft.roles.LeaderRole - RaftServer{1}{role=LEADER} - Sending CommandResponse{status=OK, index=90, eventIndex=2, result=byte[]{length=3, hash=36085}}
00:27:58.814 [raft-client-1f73cd99-b88c-4b59-9944-86684dacc85c-0] TRACE i.a.p.r.s.impl.RaftSessionConnection - SessionClient{2}{type=io.atomix.protocols.raft.RaftTest$TestPrimitiveType@7d0100ea, name=raft-test} - Received CommandResponse{status=OK, index=90, eventIndex=2, result=byte[]{length=3, hash=36085}} from 1
00:27:58.814 [raft-client-1f73cd99-b88c-4b59-9944-86684dacc85c-0] TRACE i.a.p.r.s.impl.RaftSessionSequencer - SessionClient{2}{type=io.atomix.protocols.raft.RaftTest$TestPrimitiveType@7d0100ea, name=raft-test} - Completing response CommandResponse{status=OK, index=90, eventIndex=2, result=byte[]{length=3, hash=36085}}
00:27:58.814 [raft-client-1f73cd99-b88c-4b59-9944-86684dacc85c-0] TRACE i.a.p.r.s.impl.RaftSessionConnection - SessionClient{2}{type=io.atomix.protocols.raft.RaftTest$TestPrimitiveType@7d0100ea, name=raft-test} - Sending CommandRequest{session=2, sequence=79, operation=PrimitiveOperation{id=DefaultOperationId{id=write, type=COMMAND}, value=byte[]{length=17, hash=-1644578928}}} to 1
00:27:58.814 [raft-server-1] TRACE i.a.protocols.raft.roles.LeaderRole - RaftServer{1}{role=LEADER} - Received CommandRequest{session=2, sequence=79, operation=PrimitiveOperation{id=DefaultOperationId{id=write, type=COMMAND}, value=byte[]{length=17, hash=-1644578928}}}
00:27:58.864 [raft-server-1] DEBUG i.a.storage.journal.SegmentedJournal - Created disk segment: JournalSegment{id=10, version=1, index=91, size=64}
00:27:58.864 [raft-server-1] TRACE i.a.protocols.raft.roles.LeaderRole - RaftServer{1}{role=LEADER} - Appended Indexed{index=91, entry=CommandEntry{term=1, timestamp=2018-06-10 12:27:58,814, session=2, sequence=79, operation=PrimitiveOperation{id=DefaultOperationId{id=write, type=COMMAND}, value=byte[]{length=17, hash=-1644578928}}}}
00:27:58.864 [raft-server-1] TRACE i.a.p.raft.roles.LeaderAppender - RaftServer{1} - Sending AppendRequest{term=1, leader=1, prevLogIndex=90, prevLogTerm=1, entries=1, commitIndex=90} to 3
00:27:58.864 [raft-server-3] TRACE i.a.p.raft.roles.FollowerRole - RaftServer{3}{role=FOLLOWER} - Received AppendRequest{term=1, leader=1, prevLogIndex=90, prevLogTerm=1, entries=1, commitIndex=90}
00:27:58.864 [raft-server-1] TRACE i.a.p.raft.roles.LeaderAppender - RaftServer{1} - Sending AppendRequest{term=1, leader=1, prevLogIndex=90, prevLogTerm=1, entries=1, commitIndex=90} to 2
00:27:58.864 [raft-server-2] TRACE i.a.p.raft.roles.FollowerRole - RaftServer{2}{role=FOLLOWER} - Received AppendRequest{term=1, leader=1, prevLogIndex=90, prevLogTerm=1, entries=1, commitIndex=90}
00:27:58.941 [raft-server-3] DEBUG i.a.storage.journal.SegmentedJournal - Created disk segment: JournalSegment{id=10, version=1, index=91, size=64}
00:27:58.942 [raft-server-3] TRACE i.a.p.raft.roles.FollowerRole - RaftServer{3}{role=FOLLOWER} - Appended Indexed{index=91, entry=CommandEntry{term=1, timestamp=2018-06-10 12:27:58,814, session=2, sequence=79, operation=PrimitiveOperation{id=DefaultOperationId{id=write, type=COMMAND}, value=byte[]{length=17, hash=-1644578928}}}}
00:27:58.964 [raft-server-2] DEBUG i.a.storage.journal.SegmentedJournal - Created disk segment: JournalSegment{id=10, version=1, index=91, size=64}
00:27:58.964 [raft-server-2] TRACE i.a.p.raft.roles.FollowerRole - RaftServer{2}{role=FOLLOWER} - Appended Indexed{index=91, entry=CommandEntry{term=1, timestamp=2018-06-10 12:27:58,814, session=2, sequence=79, operation=PrimitiveOperation{id=DefaultOperationId{id=write, type=COMMAND}, value=byte[]{length=17, hash=-1644578928}}}}
00:27:58.987 [raft-server-3] TRACE i.a.p.raft.roles.FollowerRole - RaftServer{3}{role=FOLLOWER} - Committed entries up to index 90
00:27:58.987 [raft-server-3] TRACE i.a.p.raft.roles.FollowerRole - RaftServer{3}{role=FOLLOWER} - Sending AppendResponse{status=OK, term=1, succeeded=true, lastLogIndex=91}
00:27:58.987 [raft-server-1] TRACE i.a.p.raft.roles.LeaderAppender - RaftServer{1} - Received AppendResponse{status=OK, term=1, succeeded=true, lastLogIndex=91} from 3
00:27:58.987 [raft-server-3-state] TRACE i.a.p.raft.impl.RaftServiceManager - RaftServer{3} - Applying Indexed{index=90, entry=CommandEntry{term=1, timestamp=2018-06-10 12:27:58,756, session=2, sequence=78, operation=PrimitiveOperation{id=DefaultOperationId{id=write, type=COMMAND}, value=byte[]{length=17, hash=-1644578928}}}}
00:27:58.987 [raft-server-1] TRACE i.a.p.raft.roles.LeaderAppender - RaftServer{1} - Committed entries up to 91
00:27:58.987 [raft-server-3-state] TRACE i.a.p.s.impl.DefaultServiceExecutor - PrimitiveService{2}{type=io.atomix.protocols.raft.RaftTest$TestPrimitiveType@192b3940, name=raft-test} - Executing DefaultCommit{index=90, session=RaftSession{RaftServiceContext{server=3, type=io.atomix.protocols.raft.RaftTest$TestPrimitiveType@192b3940, name=raft-test, id=2}, session=2, timestamp=2018-06-10 12:27:58,756}, time=2018-06-10 12:27:58,756, operation=DefaultOperationId{id=write, type=COMMAND}, value=byte[]{length=17, hash=-1644578928}}
00:27:59.029 [raft-server-2] TRACE i.a.p.raft.roles.FollowerRole - RaftServer{2}{role=FOLLOWER} - Committed entries up to index 90
00:27:59.029 [raft-server-2] TRACE i.a.p.raft.roles.FollowerRole - RaftServer{2}{role=FOLLOWER} - Sending AppendResponse{status=OK, term=1, succeeded=true, lastLogIndex=91}
00:27:59.029 [raft-server-2-state] TRACE i.a.p.raft.impl.RaftServiceManager - RaftServer{2} - Applying Indexed{index=90, entry=CommandEntry{term=1, timestamp=2018-06-10 12:27:58,756, session=2, sequence=78, operation=PrimitiveOperation{id=DefaultOperationId{id=write, type=COMMAND}, value=byte[]{length=17, hash=-1644578928}}}}
00:27:59.029 [raft-server-2-state] TRACE i.a.p.s.impl.DefaultServiceExecutor - PrimitiveService{2}{type=io.atomix.protocols.raft.RaftTest$TestPrimitiveType@68be9fc, name=raft-test} - Executing DefaultCommit{index=90, session=RaftSession{RaftServiceContext{server=2, type=io.atomix.protocols.raft.RaftTest$TestPrimitiveType@68be9fc, name=raft-test, id=2}, session=2, timestamp=2018-06-10 12:27:58,756}, time=2018-06-10 12:27:58,756, operation=DefaultOperationId{id=write, type=COMMAND}, value=byte[]{length=17, hash=-1644578928}}
00:27:59.071 [raft-server-1] TRACE i.a.p.raft.roles.LeaderAppender - RaftServer{1} - Sending AppendRequest{term=1, leader=1, prevLogIndex=91, prevLogTerm=1, entries=0, commitIndex=91} to 3
00:27:59.071 [raft-server-1] TRACE i.a.p.raft.roles.LeaderAppender - RaftServer{1} - Received AppendResponse{status=OK, term=1, succeeded=true, lastLogIndex=91} from 2
00:27:59.071 [raft-server-3] TRACE i.a.p.raft.roles.FollowerRole - RaftServer{3}{role=FOLLOWER} - Received AppendRequest{term=1, leader=1, prevLogIndex=91, prevLogTerm=1, entries=0, commitIndex=91}
00:27:59.071 [raft-server-1] TRACE i.a.p.raft.roles.LeaderAppender - RaftServer{1} - Sending AppendRequest{term=1, leader=1, prevLogIndex=91, prevLogTerm=1, entries=0, commitIndex=91} to 2
00:27:59.071 [raft-server-3] TRACE i.a.p.raft.roles.FollowerRole - RaftServer{3}{role=FOLLOWER} - Committed entries up to index 91
00:27:59.071 [raft-server-2] TRACE i.a.p.raft.roles.FollowerRole - RaftServer{2}{role=FOLLOWER} - Received AppendRequest{term=1, leader=1, prevLogIndex=91, prevLogTerm=1, entries=0, commitIndex=91}
00:27:59.071 [raft-server-3] TRACE i.a.p.raft.roles.FollowerRole - RaftServer{3}{role=FOLLOWER} - Sending AppendResponse{status=OK, term=1, succeeded=true, lastLogIndex=91}
00:27:59.071 [raft-server-1-state] TRACE i.a.p.raft.impl.RaftServiceManager - RaftServer{1} - Applying Indexed{index=91, entry=CommandEntry{term=1, timestamp=2018-06-10 12:27:58,814, session=2, sequence=79, operation=PrimitiveOperation{id=DefaultOperationId{id=write, type=COMMAND}, value=byte[]{length=17, hash=-1644578928}}}}
00:27:59.071 [raft-server-1] TRACE i.a.p.raft.roles.LeaderAppender - RaftServer{1} - Received AppendResponse{status=OK, term=1, succeeded=true, lastLogIndex=91} from 3
00:27:59.071 [raft-server-1-state] TRACE i.a.p.s.impl.DefaultServiceExecutor - PrimitiveService{2}{type=io.atomix.protocols.raft.RaftTest$TestPrimitiveType@f170389, name=raft-test} - Executing DefaultCommit{index=91, session=RaftSession{RaftServiceContext{server=1, type=io.atomix.protocols.raft.RaftTest$TestPrimitiveType@f170389, name=raft-test, id=2}, session=2, timestamp=2018-06-10 12:27:58,814}, time=2018-06-10 12:27:58,814, operation=DefaultOperationId{id=write, type=COMMAND}, value=byte[]{length=17, hash=-1644578928}}
00:27:59.071 [raft-server-3-state] TRACE i.a.p.raft.impl.RaftServiceManager - RaftServer{3} - Applying Indexed{index=91, entry=CommandEntry{term=1, timestamp=2018-06-10 12:27:58,814, session=2, sequence=79, operation=PrimitiveOperation{id=DefaultOperationId{id=write, type=COMMAND}, value=byte[]{length=17, hash=-1644578928}}}}
00:27:59.071 [raft-server-1-state] TRACE i.a.protocols.raft.roles.LeaderRole - RaftServer{1}{role=LEADER} - Sending CommandResponse{status=OK, index=91, eventIndex=2, result=byte[]{length=3, hash=36147}}
00:27:59.071 [raft-server-3-state] TRACE i.a.p.s.impl.DefaultServiceExecutor - PrimitiveService{2}{type=io.atomix.protocols.raft.RaftTest$TestPrimitiveType@192b3940, name=raft-test} - Executing DefaultCommit{index=91, session=RaftSession{RaftServiceContext{server=3, type=io.atomix.protocols.raft.RaftTest$TestPrimitiveType@192b3940, name=raft-test, id=2}, session=2, timestamp=2018-06-10 12:27:58,814}, time=2018-06-10 12:27:58,814, operation=DefaultOperationId{id=write, type=COMMAND}, value=byte[]{length=17, hash=-1644578928}}
00:27:59.071 [raft-client-1f73cd99-b88c-4b59-9944-86684dacc85c-5] TRACE i.a.p.r.s.impl.RaftSessionConnection - SessionClient{2}{type=io.atomix.protocols.raft.RaftTest$TestPrimitiveType@7d0100ea, name=raft-test} - Received CommandResponse{status=OK, index=91, eventIndex=2, result=byte[]{length=3, hash=36147}} from 1
00:27:59.071 [raft-client-1f73cd99-b88c-4b59-9944-86684dacc85c-5] TRACE i.a.p.r.s.impl.RaftSessionSequencer - SessionClient{2}{type=io.atomix.protocols.raft.RaftTest$TestPrimitiveType@7d0100ea, name=raft-test} - Completing response CommandResponse{status=OK, index=91, eventIndex=2, result=byte[]{length=3, hash=36147}}
00:27:59.071 [raft-client-1f73cd99-b88c-4b59-9944-86684dacc85c-2] TRACE i.a.p.r.s.impl.RaftSessionConnection - SessionClient{2}{type=io.atomix.protocols.raft.RaftTest$TestPrimitiveType@7d0100ea, name=raft-test} - Sending CommandRequest{session=2, sequence=80, operation=PrimitiveOperation{id=DefaultOperationId{id=write, type=COMMAND}, value=byte[]{length=17, hash=-1644578928}}} to 1
00:27:59.072 [raft-server-1] TRACE i.a.protocols.raft.roles.LeaderRole - RaftServer{1}{role=LEADER} - Received CommandRequest{session=2, sequence=80, operation=PrimitiveOperation{id=DefaultOperationId{id=write, type=COMMAND}, value=byte[]{length=17, hash=-1644578928}}}
00:27:59.072 [raft-server-1] TRACE i.a.protocols.raft.roles.LeaderRole - RaftServer{1}{role=LEADER} - Appended Indexed{index=92, entry=CommandEntry{term=1, timestamp=2018-06-10 12:27:59,072, session=2, sequence=80, operation=PrimitiveOperation{id=DefaultOperationId{id=write, type=COMMAND}, value=byte[]{length=17, hash=-1644578928}}}}
00:27:59.072 [raft-server-1] TRACE i.a.p.raft.roles.LeaderAppender - RaftServer{1} - Sending AppendRequest{term=1, leader=1, prevLogIndex=91, prevLogTerm=1, entries=1, commitIndex=91} to 3
00:27:59.072 [raft-server-3] TRACE i.a.p.raft.roles.FollowerRole - RaftServer{3}{role=FOLLOWER} - Received AppendRequest{term=1, leader=1, prevLogIndex=91, prevLogTerm=1, entries=1, commitIndex=91}
00:27:59.072 [raft-server-3] TRACE i.a.p.raft.roles.FollowerRole - RaftServer{3}{role=FOLLOWER} - Appended Indexed{index=92, entry=CommandEntry{term=1, timestamp=2018-06-10 12:27:59,072, session=2, sequence=80, operation=PrimitiveOperation{id=DefaultOperationId{id=write, type=COMMAND}, value=byte[]{length=17, hash=-1644578928}}}}
00:27:59.072 [raft-server-3] TRACE i.a.p.raft.roles.FollowerRole - RaftServer{3}{role=FOLLOWER} - Sending AppendResponse{status=OK, term=1, succeeded=true, lastLogIndex=92}
00:27:59.072 [raft-server-1] TRACE i.a.p.raft.roles.LeaderAppender - RaftServer{1} - Received AppendResponse{status=OK, term=1, succeeded=true, lastLogIndex=92} from 3
00:27:59.072 [raft-server-1] TRACE i.a.p.raft.roles.LeaderAppender - RaftServer{1} - Committed entries up to 92
00:27:59.095 [raft-server-2] TRACE i.a.p.raft.roles.FollowerRole - RaftServer{2}{role=FOLLOWER} - Committed entries up to index 91
00:27:59.096 [raft-server-2] TRACE i.a.p.raft.roles.FollowerRole - RaftServer{2}{role=FOLLOWER} - Sending AppendResponse{status=OK, term=1, succeeded=true, lastLogIndex=91}
00:27:59.096 [raft-server-2-state] TRACE i.a.p.raft.impl.RaftServiceManager - RaftServer{2} - Applying Indexed{index=91, entry=CommandEntry{term=1, timestamp=2018-06-10 12:27:58,814, session=2, sequence=79, operation=PrimitiveOperation{id=DefaultOperationId{id=write, type=COMMAND}, value=byte[]{length=17, hash=-1644578928}}}}
00:27:59.096 [raft-server-2-state] TRACE i.a.p.s.impl.DefaultServiceExecutor - PrimitiveService{2}{type=io.atomix.protocols.raft.RaftTest$TestPrimitiveType@68be9fc, name=raft-test} - Executing DefaultCommit{index=91, session=RaftSession{RaftServiceContext{server=2, type=io.atomix.protocols.raft.RaftTest$TestPrimitiveType@68be9fc, name=raft-test, id=2}, session=2, timestamp=2018-06-10 12:27:58,814}, time=2018-06-10 12:27:58,814, operation=DefaultOperationId{id=write, type=COMMAND}, value=byte[]{length=17, hash=-1644578928}}
00:27:59.146 [raft-server-1] TRACE i.a.p.raft.roles.LeaderAppender - RaftServer{1} - Received AppendResponse{status=OK, term=1, succeeded=true, lastLogIndex=91} from 2
00:27:59.146 [raft-server-1] TRACE i.a.p.raft.roles.LeaderAppender - RaftServer{1} - Sending AppendRequest{term=1, leader=1, prevLogIndex=91, prevLogTerm=1, entries=1, commitIndex=92} to 2
00:27:59.146 [raft-server-2] TRACE i.a.p.raft.roles.FollowerRole - RaftServer{2}{role=FOLLOWER} - Received AppendRequest{term=1, leader=1, prevLogIndex=91, prevLogTerm=1, entries=1, commitIndex=92}
00:27:59.146 [raft-server-1-state] TRACE i.a.p.raft.impl.RaftServiceManager - RaftServer{1} - Applying Indexed{index=92, entry=CommandEntry{term=1, timestamp=2018-06-10 12:27:59,072, session=2, sequence=80, operation=PrimitiveOperation{id=DefaultOperationId{id=write, type=COMMAND}, value=byte[]{length=17, hash=-1644578928}}}}
00:27:59.146 [raft-server-1-state] TRACE i.a.p.s.impl.DefaultServiceExecutor - PrimitiveService{2}{type=io.atomix.protocols.raft.RaftTest$TestPrimitiveType@f170389, name=raft-test} - Executing DefaultCommit{index=92, session=RaftSession{RaftServiceContext{server=1, type=io.atomix.protocols.raft.RaftTest$TestPrimitiveType@f170389, name=raft-test, id=2}, session=2, timestamp=2018-06-10 12:27:59,072}, time=2018-06-10 12:27:59,072, operation=DefaultOperationId{id=write, type=COMMAND}, value=byte[]{length=17, hash=-1644578928}}
00:27:59.146 [raft-server-2] TRACE i.a.p.raft.roles.FollowerRole - RaftServer{2}{role=FOLLOWER} - Appended Indexed{index=92, entry=CommandEntry{term=1, timestamp=2018-06-10 12:27:59,072, session=2, sequence=80, operation=PrimitiveOperation{id=DefaultOperationId{id=write, type=COMMAND}, value=byte[]{length=17, hash=-1644578928}}}}
00:27:59.146 [raft-server-1-state] TRACE i.a.protocols.raft.roles.LeaderRole - RaftServer{1}{role=LEADER} - Sending CommandResponse{status=OK, index=92, eventIndex=2, result=byte[]{length=3, hash=36209}}
00:27:59.146 [raft-client-1f73cd99-b88c-4b59-9944-86684dacc85c-4] TRACE i.a.p.r.s.impl.RaftSessionConnection - SessionClient{2}{type=io.atomix.protocols.raft.RaftTest$TestPrimitiveType@7d0100ea, name=raft-test} - Received CommandResponse{status=OK, index=92, eventIndex=2, result=byte[]{length=3, hash=36209}} from 1
00:27:59.146 [raft-client-1f73cd99-b88c-4b59-9944-86684dacc85c-4] TRACE i.a.p.r.s.impl.RaftSessionSequencer - SessionClient{2}{type=io.atomix.protocols.raft.RaftTest$TestPrimitiveType@7d0100ea, name=raft-test} - Completing response CommandResponse{status=OK, index=92, eventIndex=2, result=byte[]{length=3, hash=36209}}
00:27:59.146 [raft-client-1f73cd99-b88c-4b59-9944-86684dacc85c-4] TRACE i.a.p.r.s.impl.RaftSessionConnection - SessionClient{2}{type=io.atomix.protocols.raft.RaftTest$TestPrimitiveType@7d0100ea, name=raft-test} - Sending CommandRequest{session=2, sequence=81, operation=PrimitiveOperation{id=DefaultOperationId{id=write, type=COMMAND}, value=byte[]{length=17, hash=-1644578928}}} to 1
00:27:59.146 [raft-server-1] TRACE i.a.protocols.raft.roles.LeaderRole - RaftServer{1}{role=LEADER} - Received CommandRequest{session=2, sequence=81, operation=PrimitiveOperation{id=DefaultOperationId{id=write, type=COMMAND}, value=byte[]{length=17, hash=-1644578928}}}
00:27:59.147 [raft-server-1] TRACE i.a.protocols.raft.roles.LeaderRole - RaftServer{1}{role=LEADER} - Appended Indexed{index=93, entry=CommandEntry{term=1, timestamp=2018-06-10 12:27:59,146, session=2, sequence=81, operation=PrimitiveOperation{id=DefaultOperationId{id=write, type=COMMAND}, value=byte[]{length=17, hash=-1644578928}}}}
00:27:59.147 [raft-server-1] TRACE i.a.p.raft.roles.LeaderAppender - RaftServer{1} - Sending AppendRequest{term=1, leader=1, prevLogIndex=92, prevLogTerm=1, entries=1, commitIndex=92} to 3
00:27:59.147 [raft-server-3] TRACE i.a.p.raft.roles.FollowerRole - RaftServer{3}{role=FOLLOWER} - Received AppendRequest{term=1, leader=1, prevLogIndex=92, prevLogTerm=1, entries=1, commitIndex=92}
00:27:59.147 [raft-server-3] TRACE i.a.p.raft.roles.FollowerRole - RaftServer{3}{role=FOLLOWER} - Appended Indexed{index=93, entry=CommandEntry{term=1, timestamp=2018-06-10 12:27:59,146, session=2, sequence=81, operation=PrimitiveOperation{id=DefaultOperationId{id=write, type=COMMAND}, value=byte[]{length=17, hash=-1644578928}}}}
00:27:59.180 [raft-server-2] TRACE i.a.p.raft.roles.FollowerRole - RaftServer{2}{role=FOLLOWER} - Committed entries up to index 92
00:27:59.180 [raft-server-2] TRACE i.a.p.raft.roles.FollowerRole - RaftServer{2}{role=FOLLOWER} - Sending AppendResponse{status=OK, term=1, succeeded=true, lastLogIndex=92}
00:27:59.180 [raft-server-1] TRACE i.a.p.raft.roles.LeaderAppender - RaftServer{1} - Received AppendResponse{status=OK, term=1, succeeded=true, lastLogIndex=92} from 2
00:27:59.180 [raft-server-1] TRACE i.a.p.raft.roles.LeaderAppender - RaftServer{1} - Sending AppendRequest{term=1, leader=1, prevLogIndex=92, prevLogTerm=1, entries=1, commitIndex=92} to 2
00:27:59.180 [raft-server-2-state] TRACE i.a.p.raft.impl.RaftServiceManager - RaftServer{2} - Applying Indexed{index=92, entry=CommandEntry{term=1, timestamp=2018-06-10 12:27:59,072, session=2, sequence=80, operation=PrimitiveOperation{id=DefaultOperationId{id=write, type=COMMAND}, value=byte[]{length=17, hash=-1644578928}}}}
00:27:59.180 [raft-server-2] TRACE i.a.p.raft.roles.FollowerRole - RaftServer{2}{role=FOLLOWER} - Received AppendRequest{term=1, leader=1, prevLogIndex=92, prevLogTerm=1, entries=1, commitIndex=92}
00:27:59.180 [raft-server-2-state] TRACE i.a.p.s.impl.DefaultServiceExecutor - PrimitiveService{2}{type=io.atomix.protocols.raft.RaftTest$TestPrimitiveType@68be9fc, name=raft-test} - Executing DefaultCommit{index=92, session=RaftSession{RaftServiceContext{server=2, type=io.atomix.protocols.raft.RaftTest$TestPrimitiveType@68be9fc, name=raft-test, id=2}, session=2, timestamp=2018-06-10 12:27:59,072}, time=2018-06-10 12:27:59,072, operation=DefaultOperationId{id=write, type=COMMAND}, value=byte[]{length=17, hash=-1644578928}}
00:27:59.181 [raft-server-2] TRACE i.a.p.raft.roles.FollowerRole - RaftServer{2}{role=FOLLOWER} - Appended Indexed{index=93, entry=CommandEntry{term=1, timestamp=2018-06-10 12:27:59,146, session=2, sequence=81, operation=PrimitiveOperation{id=DefaultOperationId{id=write, type=COMMAND}, value=byte[]{length=17, hash=-1644578928}}}}
00:27:59.181 [raft-server-2] TRACE i.a.p.raft.roles.FollowerRole - RaftServer{2}{role=FOLLOWER} - Sending AppendResponse{status=OK, term=1, succeeded=true, lastLogIndex=93}
00:27:59.181 [raft-server-1] TRACE i.a.p.raft.roles.LeaderAppender - RaftServer{1} - Received AppendResponse{status=OK, term=1, succeeded=true, lastLogIndex=93} from 2
00:27:59.181 [raft-server-1] TRACE i.a.p.raft.roles.LeaderAppender - RaftServer{1} - Committed entries up to 93
00:27:59.205 [raft-server-3] TRACE i.a.p.raft.roles.FollowerRole - RaftServer{3}{role=FOLLOWER} - Committed entries up to index 92
00:27:59.205 [raft-server-3] TRACE i.a.p.raft.roles.FollowerRole - RaftServer{3}{role=FOLLOWER} - Sending AppendResponse{status=OK, term=1, succeeded=true, lastLogIndex=93}
00:27:59.205 [raft-server-3-state] TRACE i.a.p.raft.impl.RaftServiceManager - RaftServer{3} - Applying Indexed{index=92, entry=CommandEntry{term=1, timestamp=2018-06-10 12:27:59,072, session=2, sequence=80, operation=PrimitiveOperation{id=DefaultOperationId{id=write, type=COMMAND}, value=byte[]{length=17, hash=-1644578928}}}}
00:27:59.205 [raft-server-3-state] TRACE i.a.p.s.impl.DefaultServiceExecutor - PrimitiveService{2}{type=io.atomix.protocols.raft.RaftTest$TestPrimitiveType@192b3940, name=raft-test} - Executing DefaultCommit{index=92, session=RaftSession{RaftServiceContext{server=3, type=io.atomix.protocols.raft.RaftTest$TestPrimitiveType@192b3940, name=raft-test, id=2}, session=2, timestamp=2018-06-10 12:27:59,072}, time=2018-06-10 12:27:59,072, operation=DefaultOperationId{id=write, type=COMMAND}, value=byte[]{length=17, hash=-1644578928}}
00:27:59.222 [raft-server-1] TRACE i.a.p.raft.roles.LeaderAppender - RaftServer{1} - Received AppendResponse{status=OK, term=1, succeeded=true, lastLogIndex=93} from 3
00:27:59.222 [raft-server-1-state] TRACE i.a.p.raft.impl.RaftServiceManager - RaftServer{1} - Applying Indexed{index=93, entry=CommandEntry{term=1, timestamp=2018-06-10 12:27:59,146, session=2, sequence=81, operation=PrimitiveOperation{id=DefaultOperationId{id=write, type=COMMAND}, value=byte[]{length=17, hash=-1644578928}}}}
00:27:59.222 [raft-server-1-state] TRACE i.a.p.s.impl.DefaultServiceExecutor - PrimitiveService{2}{type=io.atomix.protocols.raft.RaftTest$TestPrimitiveType@f170389, name=raft-test} - Executing DefaultCommit{index=93, session=RaftSession{RaftServiceContext{server=1, type=io.atomix.protocols.raft.RaftTest$TestPrimitiveType@f170389, name=raft-test, id=2}, session=2, timestamp=2018-06-10 12:27:59,146}, time=2018-06-10 12:27:59,146, operation=DefaultOperationId{id=write, type=COMMAND}, value=byte[]{length=17, hash=-1644578928}}
00:27:59.222 [raft-server-1-state] TRACE i.a.protocols.raft.roles.LeaderRole - RaftServer{1}{role=LEADER} - Sending CommandResponse{status=OK, index=93, eventIndex=2, result=byte[]{length=3, hash=36271}}
00:27:59.222 [raft-client-1f73cd99-b88c-4b59-9944-86684dacc85c-3] TRACE i.a.p.r.s.impl.RaftSessionConnection - SessionClient{2}{type=io.atomix.protocols.raft.RaftTest$TestPrimitiveType@7d0100ea, name=raft-test} - Received CommandResponse{status=OK, index=93, eventIndex=2, result=byte[]{length=3, hash=36271}} from 1
00:27:59.222 [raft-client-1f73cd99-b88c-4b59-9944-86684dacc85c-3] TRACE i.a.p.r.s.impl.RaftSessionSequencer - SessionClient{2}{type=io.atomix.protocols.raft.RaftTest$TestPrimitiveType@7d0100ea, name=raft-test} - Completing response CommandResponse{status=OK, index=93, eventIndex=2, result=byte[]{length=3, hash=36271}}
00:27:59.223 [raft-client-1f73cd99-b88c-4b59-9944-86684dacc85c-3] TRACE i.a.p.r.s.impl.RaftSessionConnection - SessionClient{2}{type=io.atomix.protocols.raft.RaftTest$TestPrimitiveType@7d0100ea, name=raft-test} - Sending CommandRequest{session=2, sequence=82, operation=PrimitiveOperation{id=DefaultOperationId{id=write, type=COMMAND}, value=byte[]{length=17, hash=-1644578928}}} to 1
00:27:59.223 [raft-server-1] TRACE i.a.protocols.raft.roles.LeaderRole - RaftServer{1}{role=LEADER} - Received CommandRequest{session=2, sequence=82, operation=PrimitiveOperation{id=DefaultOperationId{id=write, type=COMMAND}, value=byte[]{length=17, hash=-1644578928}}}
00:27:59.223 [raft-server-1] TRACE i.a.protocols.raft.roles.LeaderRole - RaftServer{1}{role=LEADER} - Appended Indexed{index=94, entry=CommandEntry{term=1, timestamp=2018-06-10 12:27:59,223, session=2, sequence=82, operation=PrimitiveOperation{id=DefaultOperationId{id=write, type=COMMAND}, value=byte[]{length=17, hash=-1644578928}}}}
00:27:59.223 [raft-server-1] TRACE i.a.p.raft.roles.LeaderAppender - RaftServer{1} - Sending AppendRequest{term=1, leader=1, prevLogIndex=93, prevLogTerm=1, entries=1, commitIndex=93} to 3
00:27:59.223 [raft-server-3] TRACE i.a.p.raft.roles.FollowerRole - RaftServer{3}{role=FOLLOWER} - Received AppendRequest{term=1, leader=1, prevLogIndex=93, prevLogTerm=1, entries=1, commitIndex=93}
00:27:59.223 [raft-server-1] TRACE i.a.p.raft.roles.LeaderAppender - RaftServer{1} - Sending AppendRequest{term=1, leader=1, prevLogIndex=93, prevLogTerm=1, entries=1, commitIndex=93} to 2
00:27:59.223 [raft-server-2] TRACE i.a.p.raft.roles.FollowerRole - RaftServer{2}{role=FOLLOWER} - Received AppendRequest{term=1, leader=1, prevLogIndex=93, prevLogTerm=1, entries=1, commitIndex=93}
00:27:59.223 [raft-server-3] TRACE i.a.p.raft.roles.FollowerRole - RaftServer{3}{role=FOLLOWER} - Appended Indexed{index=94, entry=CommandEntry{term=1, timestamp=2018-06-10 12:27:59,223, session=2, sequence=82, operation=PrimitiveOperation{id=DefaultOperationId{id=write, type=COMMAND}, value=byte[]{length=17, hash=-1644578928}}}}
00:27:59.223 [raft-server-2] TRACE i.a.p.raft.roles.FollowerRole - RaftServer{2}{role=FOLLOWER} - Appended Indexed{index=94, entry=CommandEntry{term=1, timestamp=2018-06-10 12:27:59,223, session=2, sequence=82, operation=PrimitiveOperation{id=DefaultOperationId{id=write, type=COMMAND}, value=byte[]{length=17, hash=-1644578928}}}}
00:27:59.264 [raft-server-3] TRACE i.a.p.raft.roles.FollowerRole - RaftServer{3}{role=FOLLOWER} - Committed entries up to index 93
00:27:59.264 [raft-server-3] TRACE i.a.p.raft.roles.FollowerRole - RaftServer{3}{role=FOLLOWER} - Sending AppendResponse{status=OK, term=1, succeeded=true, lastLogIndex=94}
00:27:59.264 [raft-server-2] TRACE i.a.p.raft.roles.FollowerRole - RaftServer{2}{role=FOLLOWER} - Committed entries up to index 93
00:27:59.264 [raft-server-2] TRACE i.a.p.raft.roles.FollowerRole - RaftServer{2}{role=FOLLOWER} - Sending AppendResponse{status=OK, term=1, succeeded=true, lastLogIndex=94}
00:27:59.264 [raft-server-1] TRACE i.a.p.raft.roles.LeaderAppender - RaftServer{1} - Received AppendResponse{status=OK, term=1, succeeded=true, lastLogIndex=94} from 3
00:27:59.264 [raft-server-1] TRACE i.a.p.raft.roles.LeaderAppender - RaftServer{1} - Committed entries up to 94
00:27:59.264 [raft-server-2-state] TRACE i.a.p.raft.impl.RaftServiceManager - RaftServer{2} - Applying Indexed{index=93, entry=CommandEntry{term=1, timestamp=2018-06-10 12:27:59,146, session=2, sequence=81, operation=PrimitiveOperation{id=DefaultOperationId{id=write, type=COMMAND}, value=byte[]{length=17, hash=-1644578928}}}}
00:27:59.264 [raft-server-3-state] TRACE i.a.p.raft.impl.RaftServiceManager - RaftServer{3} - Applying Indexed{index=93, entry=CommandEntry{term=1, timestamp=2018-06-10 12:27:59,146, session=2, sequence=81, operation=PrimitiveOperation{id=DefaultOperationId{id=write, type=COMMAND}, value=byte[]{length=17, hash=-1644578928}}}}
00:27:59.264 [raft-server-2-state] TRACE i.a.p.s.impl.DefaultServiceExecutor - PrimitiveService{2}{type=io.atomix.protocols.raft.RaftTest$TestPrimitiveType@68be9fc, name=raft-test} - Executing DefaultCommit{index=93, session=RaftSession{RaftServiceContext{server=2, type=io.atomix.protocols.raft.RaftTest$TestPrimitiveType@68be9fc, name=raft-test, id=2}, session=2, timestamp=2018-06-10 12:27:59,146}, time=2018-06-10 12:27:59,146, operation=DefaultOperationId{id=write, type=COMMAND}, value=byte[]{length=17, hash=-1644578928}}
00:27:59.264 [raft-server-3-state] TRACE i.a.p.s.impl.DefaultServiceExecutor - PrimitiveService{2}{type=io.atomix.protocols.raft.RaftTest$TestPrimitiveType@192b3940, name=raft-test} - Executing DefaultCommit{index=93, session=RaftSession{RaftServiceContext{server=3, type=io.atomix.protocols.raft.RaftTest$TestPrimitiveType@192b3940, name=raft-test, id=2}, session=2, timestamp=2018-06-10 12:27:59,146}, time=2018-06-10 12:27:59,146, operation=DefaultOperationId{id=write, type=COMMAND}, value=byte[]{length=17, hash=-1644578928}}
00:27:59.304 [raft-server-1] TRACE i.a.p.raft.roles.LeaderAppender - RaftServer{1} - Received AppendResponse{status=OK, term=1, succeeded=true, lastLogIndex=94} from 2
00:27:59.304 [raft-server-1-state] TRACE i.a.p.raft.impl.RaftServiceManager - RaftServer{1} - Applying Indexed{index=94, entry=CommandEntry{term=1, timestamp=2018-06-10 12:27:59,223, session=2, sequence=82, operation=PrimitiveOperation{id=DefaultOperationId{id=write, type=COMMAND}, value=byte[]{length=17, hash=-1644578928}}}}
00:27:59.304 [raft-server-1-state] TRACE i.a.p.s.impl.DefaultServiceExecutor - PrimitiveService{2}{type=io.atomix.protocols.raft.RaftTest$TestPrimitiveType@f170389, name=raft-test} - Executing DefaultCommit{index=94, session=RaftSession{RaftServiceContext{server=1, type=io.atomix.protocols.raft.RaftTest$TestPrimitiveType@f170389, name=raft-test, id=2}, session=2, timestamp=2018-06-10 12:27:59,223}, time=2018-06-10 12:27:59,223, operation=DefaultOperationId{id=write, type=COMMAND}, value=byte[]{length=17, hash=-1644578928}}
00:27:59.304 [raft-server-1-state] TRACE i.a.protocols.raft.roles.LeaderRole - RaftServer{1}{role=LEADER} - Sending CommandResponse{status=OK, index=94, eventIndex=2, result=byte[]{length=3, hash=36333}}
00:27:59.304 [raft-client-1f73cd99-b88c-4b59-9944-86684dacc85c-5] TRACE i.a.p.r.s.impl.RaftSessionConnection - SessionClient{2}{type=io.atomix.protocols.raft.RaftTest$TestPrimitiveType@7d0100ea, name=raft-test} - Received CommandResponse{status=OK, index=94, eventIndex=2, result=byte[]{length=3, hash=36333}} from 1
00:27:59.304 [raft-client-1f73cd99-b88c-4b59-9944-86684dacc85c-5] TRACE i.a.p.r.s.impl.RaftSessionSequencer - SessionClient{2}{type=io.atomix.protocols.raft.RaftTest$TestPrimitiveType@7d0100ea, name=raft-test} - Completing response CommandResponse{status=OK, index=94, eventIndex=2, result=byte[]{length=3, hash=36333}}
00:27:59.305 [raft-client-1f73cd99-b88c-4b59-9944-86684dacc85c-6] TRACE i.a.p.r.s.impl.RaftSessionConnection - SessionClient{2}{type=io.atomix.protocols.raft.RaftTest$TestPrimitiveType@7d0100ea, name=raft-test} - Sending CommandRequest{session=2, sequence=83, operation=PrimitiveOperation{id=DefaultOperationId{id=write, type=COMMAND}, value=byte[]{length=17, hash=-1644578928}}} to 1
00:27:59.305 [raft-server-1] TRACE i.a.protocols.raft.roles.LeaderRole - RaftServer{1}{role=LEADER} - Received CommandRequest{session=2, sequence=83, operation=PrimitiveOperation{id=DefaultOperationId{id=write, type=COMMAND}, value=byte[]{length=17, hash=-1644578928}}}
00:27:59.305 [raft-server-1] TRACE i.a.protocols.raft.roles.LeaderRole - RaftServer{1}{role=LEADER} - Appended Indexed{index=95, entry=CommandEntry{term=1, timestamp=2018-06-10 12:27:59,305, session=2, sequence=83, operation=PrimitiveOperation{id=DefaultOperationId{id=write, type=COMMAND}, value=byte[]{length=17, hash=-1644578928}}}}
00:27:59.305 [raft-server-1] TRACE i.a.p.raft.roles.LeaderAppender - RaftServer{1} - Sending AppendRequest{term=1, leader=1, prevLogIndex=94, prevLogTerm=1, entries=1, commitIndex=94} to 3
00:27:59.305 [raft-server-3] TRACE i.a.p.raft.roles.FollowerRole - RaftServer{3}{role=FOLLOWER} - Received AppendRequest{term=1, leader=1, prevLogIndex=94, prevLogTerm=1, entries=1, commitIndex=94}
00:27:59.305 [raft-server-1] TRACE i.a.p.raft.roles.LeaderAppender - RaftServer{1} - Sending AppendRequest{term=1, leader=1, prevLogIndex=94, prevLogTerm=1, entries=1, commitIndex=94} to 2
00:27:59.305 [raft-server-2] TRACE i.a.p.raft.roles.FollowerRole - RaftServer{2}{role=FOLLOWER} - Received AppendRequest{term=1, leader=1, prevLogIndex=94, prevLogTerm=1, entries=1, commitIndex=94}
00:27:59.305 [raft-server-3] TRACE i.a.p.raft.roles.FollowerRole - RaftServer{3}{role=FOLLOWER} - Appended Indexed{index=95, entry=CommandEntry{term=1, timestamp=2018-06-10 12:27:59,305, session=2, sequence=83, operation=PrimitiveOperation{id=DefaultOperationId{id=write, type=COMMAND}, value=byte[]{length=17, hash=-1644578928}}}}
00:27:59.305 [raft-server-2] TRACE i.a.p.raft.roles.FollowerRole - RaftServer{2}{role=FOLLOWER} - Appended Indexed{index=95, entry=CommandEntry{term=1, timestamp=2018-06-10 12:27:59,305, session=2, sequence=83, operation=PrimitiveOperation{id=DefaultOperationId{id=write, type=COMMAND}, value=byte[]{length=17, hash=-1644578928}}}}
00:27:59.339 [raft-server-3] TRACE i.a.p.raft.roles.FollowerRole - RaftServer{3}{role=FOLLOWER} - Committed entries up to index 94
00:27:59.339 [raft-server-3] TRACE i.a.p.raft.roles.FollowerRole - RaftServer{3}{role=FOLLOWER} - Sending AppendResponse{status=OK, term=1, succeeded=true, lastLogIndex=95}
00:27:59.339 [raft-server-2] TRACE i.a.p.raft.roles.FollowerRole - RaftServer{2}{role=FOLLOWER} - Committed entries up to index 94
00:27:59.339 [raft-server-2] TRACE i.a.p.raft.roles.FollowerRole - RaftServer{2}{role=FOLLOWER} - Sending AppendResponse{status=OK, term=1, succeeded=true, lastLogIndex=95}
00:27:59.339 [raft-server-1] TRACE i.a.p.raft.roles.LeaderAppender - RaftServer{1} - Received AppendResponse{status=OK, term=1, succeeded=true, lastLogIndex=95} from 3
00:27:59.339 [raft-server-1] TRACE i.a.p.raft.roles.LeaderAppender - RaftServer{1} - Committed entries up to 95
00:27:59.339 [raft-server-3-state] TRACE i.a.p.raft.impl.RaftServiceManager - RaftServer{3} - Applying Indexed{index=94, entry=CommandEntry{term=1, timestamp=2018-06-10 12:27:59,223, session=2, sequence=82, operation=PrimitiveOperation{id=DefaultOperationId{id=write, type=COMMAND}, value=byte[]{length=17, hash=-1644578928}}}}
00:27:59.339 [raft-server-2-state] TRACE i.a.p.raft.impl.RaftServiceManager - RaftServer{2} - Applying Indexed{index=94, entry=CommandEntry{term=1, timestamp=2018-06-10 12:27:59,223, session=2, sequence=82, operation=PrimitiveOperation{id=DefaultOperationId{id=write, type=COMMAND}, value=byte[]{length=17, hash=-1644578928}}}}
00:27:59.339 [raft-server-3-state] TRACE i.a.p.s.impl.DefaultServiceExecutor - PrimitiveService{2}{type=io.atomix.protocols.raft.RaftTest$TestPrimitiveType@192b3940, name=raft-test} - Executing DefaultCommit{index=94, session=RaftSession{RaftServiceContext{server=3, type=io.atomix.protocols.raft.RaftTest$TestPrimitiveType@192b3940, name=raft-test, id=2}, session=2, timestamp=2018-06-10 12:27:59,223}, time=2018-06-10 12:27:59,223, operation=DefaultOperationId{id=write, type=COMMAND}, value=byte[]{length=17, hash=-1644578928}}
00:27:59.339 [raft-server-2-state] TRACE i.a.p.s.impl.DefaultServiceExecutor - PrimitiveService{2}{type=io.atomix.protocols.raft.RaftTest$TestPrimitiveType@68be9fc, name=raft-test} - Executing DefaultCommit{index=94, session=RaftSession{RaftServiceContext{server=2, type=io.atomix.protocols.raft.RaftTest$TestPrimitiveType@68be9fc, name=raft-test, id=2}, session=2, timestamp=2018-06-10 12:27:59,223}, time=2018-06-10 12:27:59,223, operation=DefaultOperationId{id=write, type=COMMAND}, value=byte[]{length=17, hash=-1644578928}}
00:27:59.380 [raft-server-1] TRACE i.a.p.raft.roles.LeaderAppender - RaftServer{1} - Received AppendResponse{status=OK, term=1, succeeded=true, lastLogIndex=95} from 2
00:27:59.380 [raft-server-1-state] TRACE i.a.p.raft.impl.RaftServiceManager - RaftServer{1} - Applying Indexed{index=95, entry=CommandEntry{term=1, timestamp=2018-06-10 12:27:59,305, session=2, sequence=83, operation=PrimitiveOperation{id=DefaultOperationId{id=write, type=COMMAND}, value=byte[]{length=17, hash=-1644578928}}}}
00:27:59.381 [raft-server-1-state] TRACE i.a.p.s.impl.DefaultServiceExecutor - PrimitiveService{2}{type=io.atomix.protocols.raft.RaftTest$TestPrimitiveType@f170389, name=raft-test} - Executing DefaultCommit{index=95, session=RaftSession{RaftServiceContext{server=1, type=io.atomix.protocols.raft.RaftTest$TestPrimitiveType@f170389, name=raft-test, id=2}, session=2, timestamp=2018-06-10 12:27:59,305}, time=2018-06-10 12:27:59,305, operation=DefaultOperationId{id=write, type=COMMAND}, value=byte[]{length=17, hash=-1644578928}}
00:27:59.381 [raft-server-1-state] TRACE i.a.protocols.raft.roles.LeaderRole - RaftServer{1}{role=LEADER} - Sending CommandResponse{status=OK, index=95, eventIndex=2, result=byte[]{length=3, hash=36395}}
00:27:59.381 [raft-client-1f73cd99-b88c-4b59-9944-86684dacc85c-7] TRACE i.a.p.r.s.impl.RaftSessionConnection - SessionClient{2}{type=io.atomix.protocols.raft.RaftTest$TestPrimitiveType@7d0100ea, name=raft-test} - Received CommandResponse{status=OK, index=95, eventIndex=2, result=byte[]{length=3, hash=36395}} from 1
00:27:59.381 [raft-client-1f73cd99-b88c-4b59-9944-86684dacc85c-7] TRACE i.a.p.r.s.impl.RaftSessionSequencer - SessionClient{2}{type=io.atomix.protocols.raft.RaftTest$TestPrimitiveType@7d0100ea, name=raft-test} - Completing response CommandResponse{status=OK, index=95, eventIndex=2, result=byte[]{length=3, hash=36395}}
00:27:59.381 [raft-client-1f73cd99-b88c-4b59-9944-86684dacc85c-7] TRACE i.a.p.r.s.impl.RaftSessionConnection - SessionClient{2}{type=io.atomix.protocols.raft.RaftTest$TestPrimitiveType@7d0100ea, name=raft-test} - Sending CommandRequest{session=2, sequence=84, operation=PrimitiveOperation{id=DefaultOperationId{id=write, type=COMMAND}, value=byte[]{length=17, hash=-1644578928}}} to 1
00:27:59.381 [raft-server-1] TRACE i.a.protocols.raft.roles.LeaderRole - RaftServer{1}{role=LEADER} - Received CommandRequest{session=2, sequence=84, operation=PrimitiveOperation{id=DefaultOperationId{id=write, type=COMMAND}, value=byte[]{length=17, hash=-1644578928}}}
00:27:59.381 [raft-server-1] TRACE i.a.protocols.raft.roles.LeaderRole - RaftServer{1}{role=LEADER} - Appended Indexed{index=96, entry=CommandEntry{term=1, timestamp=2018-06-10 12:27:59,381, session=2, sequence=84, operation=PrimitiveOperation{id=DefaultOperationId{id=write, type=COMMAND}, value=byte[]{length=17, hash=-1644578928}}}}
00:27:59.382 [raft-server-1] TRACE i.a.p.raft.roles.LeaderAppender - RaftServer{1} - Sending AppendRequest{term=1, leader=1, prevLogIndex=95, prevLogTerm=1, entries=1, commitIndex=95} to 3
00:27:59.382 [raft-server-1] TRACE i.a.p.raft.roles.LeaderAppender - RaftServer{1} - Sending AppendRequest{term=1, leader=1, prevLogIndex=95, prevLogTerm=1, entries=1, commitIndex=95} to 2
00:27:59.382 [raft-server-3] TRACE i.a.p.raft.roles.FollowerRole - RaftServer{3}{role=FOLLOWER} - Received AppendRequest{term=1, leader=1, prevLogIndex=95, prevLogTerm=1, entries=1, commitIndex=95}
00:27:59.382 [raft-server-2] TRACE i.a.p.raft.roles.FollowerRole - RaftServer{2}{role=FOLLOWER} - Received AppendRequest{term=1, leader=1, prevLogIndex=95, prevLogTerm=1, entries=1, commitIndex=95}
00:27:59.382 [raft-server-3] TRACE i.a.p.raft.roles.FollowerRole - RaftServer{3}{role=FOLLOWER} - Appended Indexed{index=96, entry=CommandEntry{term=1, timestamp=2018-06-10 12:27:59,381, session=2, sequence=84, operation=PrimitiveOperation{id=DefaultOperationId{id=write, type=COMMAND}, value=byte[]{length=17, hash=-1644578928}}}}
00:27:59.382 [raft-server-2] TRACE i.a.p.raft.roles.FollowerRole - RaftServer{2}{role=FOLLOWER} - Appended Indexed{index=96, entry=CommandEntry{term=1, timestamp=2018-06-10 12:27:59,381, session=2, sequence=84, operation=PrimitiveOperation{id=DefaultOperationId{id=write, type=COMMAND}, value=byte[]{length=17, hash=-1644578928}}}}
00:27:59.439 [raft-server-2] TRACE i.a.p.raft.roles.FollowerRole - RaftServer{2}{role=FOLLOWER} - Committed entries up to index 95
00:27:59.439 [raft-server-3] TRACE i.a.p.raft.roles.FollowerRole - RaftServer{3}{role=FOLLOWER} - Committed entries up to index 95
00:27:59.439 [raft-server-2] TRACE i.a.p.raft.roles.FollowerRole - RaftServer{2}{role=FOLLOWER} - Sending AppendResponse{status=OK, term=1, succeeded=true, lastLogIndex=96}
00:27:59.439 [raft-server-3] TRACE i.a.p.raft.roles.FollowerRole - RaftServer{3}{role=FOLLOWER} - Sending AppendResponse{status=OK, term=1, succeeded=true, lastLogIndex=96}
00:27:59.439 [raft-server-1] TRACE i.a.p.raft.roles.LeaderAppender - RaftServer{1} - Received AppendResponse{status=OK, term=1, succeeded=true, lastLogIndex=96} from 2
00:27:59.439 [raft-server-1] TRACE i.a.p.raft.roles.LeaderAppender - RaftServer{1} - Committed entries up to 96
00:27:59.439 [raft-server-2-state] TRACE i.a.p.raft.impl.RaftServiceManager - RaftServer{2} - Applying Indexed{index=95, entry=CommandEntry{term=1, timestamp=2018-06-10 12:27:59,305, session=2, sequence=83, operation=PrimitiveOperation{id=DefaultOperationId{id=write, type=COMMAND}, value=byte[]{length=17, hash=-1644578928}}}}
00:27:59.439 [raft-server-3-state] TRACE i.a.p.raft.impl.RaftServiceManager - RaftServer{3} - Applying Indexed{index=95, entry=CommandEntry{term=1, timestamp=2018-06-10 12:27:59,305, session=2, sequence=83, operation=PrimitiveOperation{id=DefaultOperationId{id=write, type=COMMAND}, value=byte[]{length=17, hash=-1644578928}}}}
00:27:59.439 [raft-server-2-state] TRACE i.a.p.s.impl.DefaultServiceExecutor - PrimitiveService{2}{type=io.atomix.protocols.raft.RaftTest$TestPrimitiveType@68be9fc, name=raft-test} - Executing DefaultCommit{index=95, session=RaftSession{RaftServiceContext{server=2, type=io.atomix.protocols.raft.RaftTest$TestPrimitiveType@68be9fc, name=raft-test, id=2}, session=2, timestamp=2018-06-10 12:27:59,305}, time=2018-06-10 12:27:59,305, operation=DefaultOperationId{id=write, type=COMMAND}, value=byte[]{length=17, hash=-1644578928}}
00:27:59.439 [raft-server-3-state] TRACE i.a.p.s.impl.DefaultServiceExecutor - PrimitiveService{2}{type=io.atomix.protocols.raft.RaftTest$TestPrimitiveType@192b3940, name=raft-test} - Executing DefaultCommit{index=95, session=RaftSession{RaftServiceContext{server=3, type=io.atomix.protocols.raft.RaftTest$TestPrimitiveType@192b3940, name=raft-test, id=2}, session=2, timestamp=2018-06-10 12:27:59,305}, time=2018-06-10 12:27:59,305, operation=DefaultOperationId{id=write, type=COMMAND}, value=byte[]{length=17, hash=-1644578928}}
00:27:59.480 [raft-server-1] TRACE i.a.p.raft.roles.LeaderAppender - RaftServer{1} - Sending AppendRequest{term=1, leader=1, prevLogIndex=96, prevLogTerm=1, entries=0, commitIndex=96} to 2
00:27:59.480 [raft-server-1] TRACE i.a.p.raft.roles.LeaderAppender - RaftServer{1} - Received AppendResponse{status=OK, term=1, succeeded=true, lastLogIndex=96} from 3
00:27:59.480 [raft-server-1] TRACE i.a.p.raft.roles.LeaderAppender - RaftServer{1} - Sending AppendRequest{term=1, leader=1, prevLogIndex=96, prevLogTerm=1, entries=0, commitIndex=96} to 3
00:27:59.480 [raft-server-2] TRACE i.a.p.raft.roles.FollowerRole - RaftServer{2}{role=FOLLOWER} - Received AppendRequest{term=1, leader=1, prevLogIndex=96, prevLogTerm=1, entries=0, commitIndex=96}
00:27:59.480 [raft-server-3] TRACE i.a.p.raft.roles.FollowerRole - RaftServer{3}{role=FOLLOWER} - Received AppendRequest{term=1, leader=1, prevLogIndex=96, prevLogTerm=1, entries=0, commitIndex=96}
00:27:59.480 [raft-server-1-state] TRACE i.a.p.raft.impl.RaftServiceManager - RaftServer{1} - Applying Indexed{index=96, entry=CommandEntry{term=1, timestamp=2018-06-10 12:27:59,381, session=2, sequence=84, operation=PrimitiveOperation{id=DefaultOperationId{id=write, type=COMMAND}, value=byte[]{length=17, hash=-1644578928}}}}
00:27:59.481 [raft-server-1-state] TRACE i.a.p.s.impl.DefaultServiceExecutor - PrimitiveService{2}{type=io.atomix.protocols.raft.RaftTest$TestPrimitiveType@f170389, name=raft-test} - Executing DefaultCommit{index=96, session=RaftSession{RaftServiceContext{server=1, type=io.atomix.protocols.raft.RaftTest$TestPrimitiveType@f170389, name=raft-test, id=2}, session=2, timestamp=2018-06-10 12:27:59,381}, time=2018-06-10 12:27:59,381, operation=DefaultOperationId{id=write, type=COMMAND}, value=byte[]{length=17, hash=-1644578928}}
00:27:59.481 [raft-server-1-state] TRACE i.a.protocols.raft.roles.LeaderRole - RaftServer{1}{role=LEADER} - Sending CommandResponse{status=OK, index=96, eventIndex=2, result=byte[]{length=3, hash=36457}}
00:27:59.481 [raft-client-1f73cd99-b88c-4b59-9944-86684dacc85c-1] TRACE i.a.p.r.s.impl.RaftSessionConnection - SessionClient{2}{type=io.atomix.protocols.raft.RaftTest$TestPrimitiveType@7d0100ea, name=raft-test} - Received CommandResponse{status=OK, index=96, eventIndex=2, result=byte[]{length=3, hash=36457}} from 1
00:27:59.481 [raft-client-1f73cd99-b88c-4b59-9944-86684dacc85c-1] TRACE i.a.p.r.s.impl.RaftSessionSequencer - SessionClient{2}{type=io.atomix.protocols.raft.RaftTest$TestPrimitiveType@7d0100ea, name=raft-test} - Completing response CommandResponse{status=OK, index=96, eventIndex=2, result=byte[]{length=3, hash=36457}}
00:27:59.481 [raft-client-1f73cd99-b88c-4b59-9944-86684dacc85c-2] TRACE i.a.p.r.s.impl.RaftSessionConnection - SessionClient{2}{type=io.atomix.protocols.raft.RaftTest$TestPrimitiveType@7d0100ea, name=raft-test} - Sending CommandRequest{session=2, sequence=85, operation=PrimitiveOperation{id=DefaultOperationId{id=write, type=COMMAND}, value=byte[]{length=17, hash=-1644578928}}} to 1
00:27:59.481 [raft-server-1] TRACE i.a.protocols.raft.roles.LeaderRole - RaftServer{1}{role=LEADER} - Received CommandRequest{session=2, sequence=85, operation=PrimitiveOperation{id=DefaultOperationId{id=write, type=COMMAND}, value=byte[]{length=17, hash=-1644578928}}}
00:27:59.481 [raft-server-1] TRACE i.a.protocols.raft.roles.LeaderRole - RaftServer{1}{role=LEADER} - Appended Indexed{index=97, entry=CommandEntry{term=1, timestamp=2018-06-10 12:27:59,481, session=2, sequence=85, operation=PrimitiveOperation{id=DefaultOperationId{id=write, type=COMMAND}, value=byte[]{length=17, hash=-1644578928}}}}
00:27:59.522 [raft-server-3] TRACE i.a.p.raft.roles.FollowerRole - RaftServer{3}{role=FOLLOWER} - Committed entries up to index 96
00:27:59.522 [raft-server-2] TRACE i.a.p.raft.roles.FollowerRole - RaftServer{2}{role=FOLLOWER} - Committed entries up to index 96
00:27:59.522 [raft-server-3] TRACE i.a.p.raft.roles.FollowerRole - RaftServer{3}{role=FOLLOWER} - Sending AppendResponse{status=OK, term=1, succeeded=true, lastLogIndex=96}
00:27:59.522 [raft-server-2] TRACE i.a.p.raft.roles.FollowerRole - RaftServer{2}{role=FOLLOWER} - Sending AppendResponse{status=OK, term=1, succeeded=true, lastLogIndex=96}
00:27:59.522 [raft-server-1] TRACE i.a.p.raft.roles.LeaderAppender - RaftServer{1} - Received AppendResponse{status=OK, term=1, succeeded=true, lastLogIndex=96} from 3
00:27:59.522 [raft-server-3-state] TRACE i.a.p.raft.impl.RaftServiceManager - RaftServer{3} - Applying Indexed{index=96, entry=CommandEntry{term=1, timestamp=2018-06-10 12:27:59,381, session=2, sequence=84, operation=PrimitiveOperation{id=DefaultOperationId{id=write, type=COMMAND}, value=byte[]{length=17, hash=-1644578928}}}}
00:27:59.522 [raft-server-2-state] TRACE i.a.p.raft.impl.RaftServiceManager - RaftServer{2} - Applying Indexed{index=96, entry=CommandEntry{term=1, timestamp=2018-06-10 12:27:59,381, session=2, sequence=84, operation=PrimitiveOperation{id=DefaultOperationId{id=write, type=COMMAND}, value=byte[]{length=17, hash=-1644578928}}}}
00:27:59.522 [raft-server-1] TRACE i.a.p.raft.roles.LeaderAppender - RaftServer{1} - Sending AppendRequest{term=1, leader=1, prevLogIndex=96, prevLogTerm=1, entries=1, commitIndex=96} to 3
00:27:59.522 [raft-server-3-state] TRACE i.a.p.s.impl.DefaultServiceExecutor - PrimitiveService{2}{type=io.atomix.protocols.raft.RaftTest$TestPrimitiveType@192b3940, name=raft-test} - Executing DefaultCommit{index=96, session=RaftSession{RaftServiceContext{server=3, type=io.atomix.protocols.raft.RaftTest$TestPrimitiveType@192b3940, name=raft-test, id=2}, session=2, timestamp=2018-06-10 12:27:59,381}, time=2018-06-10 12:27:59,381, operation=DefaultOperationId{id=write, type=COMMAND}, value=byte[]{length=17, hash=-1644578928}}
00:27:59.522 [raft-server-2-state] TRACE i.a.p.s.impl.DefaultServiceExecutor - PrimitiveService{2}{type=io.atomix.protocols.raft.RaftTest$TestPrimitiveType@68be9fc, name=raft-test} - Executing DefaultCommit{index=96, session=RaftSession{RaftServiceContext{server=2, type=io.atomix.protocols.raft.RaftTest$TestPrimitiveType@68be9fc, name=raft-test, id=2}, session=2, timestamp=2018-06-10 12:27:59,381}, time=2018-06-10 12:27:59,381, operation=DefaultOperationId{id=write, type=COMMAND}, value=byte[]{length=17, hash=-1644578928}}
00:27:59.522 [raft-server-3] TRACE i.a.p.raft.roles.FollowerRole - RaftServer{3}{role=FOLLOWER} - Received AppendRequest{term=1, leader=1, prevLogIndex=96, prevLogTerm=1, entries=1, commitIndex=96}
00:27:59.522 [raft-server-1] TRACE i.a.p.raft.roles.LeaderAppender - RaftServer{1} - Received AppendResponse{status=OK, term=1, succeeded=true, lastLogIndex=96} from 2
00:27:59.523 [raft-server-1] TRACE i.a.p.raft.roles.LeaderAppender - RaftServer{1} - Sending AppendRequest{term=1, leader=1, prevLogIndex=96, prevLogTerm=1, entries=1, commitIndex=96} to 2
00:27:59.523 [raft-server-2] TRACE i.a.p.raft.roles.FollowerRole - RaftServer{2}{role=FOLLOWER} - Received AppendRequest{term=1, leader=1, prevLogIndex=96, prevLogTerm=1, entries=1, commitIndex=96}
00:27:59.523 [raft-server-3] TRACE i.a.p.raft.roles.FollowerRole - RaftServer{3}{role=FOLLOWER} - Appended Indexed{index=97, entry=CommandEntry{term=1, timestamp=2018-06-10 12:27:59,481, session=2, sequence=85, operation=PrimitiveOperation{id=DefaultOperationId{id=write, type=COMMAND}, value=byte[]{length=17, hash=-1644578928}}}}
00:27:59.523 [raft-server-3] TRACE i.a.p.raft.roles.FollowerRole - RaftServer{3}{role=FOLLOWER} - Sending AppendResponse{status=OK, term=1, succeeded=true, lastLogIndex=97}
00:27:59.523 [raft-server-1] TRACE i.a.p.raft.roles.LeaderAppender - RaftServer{1} - Received AppendResponse{status=OK, term=1, succeeded=true, lastLogIndex=97} from 3
00:27:59.523 [raft-server-1] TRACE i.a.p.raft.roles.LeaderAppender - RaftServer{1} - Committed entries up to 97
00:27:59.523 [raft-server-2] TRACE i.a.p.raft.roles.FollowerRole - RaftServer{2}{role=FOLLOWER} - Appended Indexed{index=97, entry=CommandEntry{term=1, timestamp=2018-06-10 12:27:59,481, session=2, sequence=85, operation=PrimitiveOperation{id=DefaultOperationId{id=write, type=COMMAND}, value=byte[]{length=17, hash=-1644578928}}}}
00:27:59.523 [raft-server-2] TRACE i.a.p.raft.roles.FollowerRole - RaftServer{2}{role=FOLLOWER} - Sending AppendResponse{status=OK, term=1, succeeded=true, lastLogIndex=97}
00:27:59.555 [raft-server-1] TRACE i.a.p.raft.roles.LeaderAppender - RaftServer{1} - Received AppendResponse{status=OK, term=1, succeeded=true, lastLogIndex=97} from 2
00:27:59.555 [raft-server-1-state] TRACE i.a.p.raft.impl.RaftServiceManager - RaftServer{1} - Applying Indexed{index=97, entry=CommandEntry{term=1, timestamp=2018-06-10 12:27:59,481, session=2, sequence=85, operation=PrimitiveOperation{id=DefaultOperationId{id=write, type=COMMAND}, value=byte[]{length=17, hash=-1644578928}}}}
00:27:59.555 [raft-server-1-state] TRACE i.a.p.s.impl.DefaultServiceExecutor - PrimitiveService{2}{type=io.atomix.protocols.raft.RaftTest$TestPrimitiveType@f170389, name=raft-test} - Executing DefaultCommit{index=97, session=RaftSession{RaftServiceContext{server=1, type=io.atomix.protocols.raft.RaftTest$TestPrimitiveType@f170389, name=raft-test, id=2}, session=2, timestamp=2018-06-10 12:27:59,481}, time=2018-06-10 12:27:59,481, operation=DefaultOperationId{id=write, type=COMMAND}, value=byte[]{length=17, hash=-1644578928}}
00:27:59.556 [raft-server-1-state] TRACE i.a.protocols.raft.roles.LeaderRole - RaftServer{1}{role=LEADER} - Sending CommandResponse{status=OK, index=97, eventIndex=2, result=byte[]{length=3, hash=36519}}
00:27:59.556 [raft-client-1f73cd99-b88c-4b59-9944-86684dacc85c-5] TRACE i.a.p.r.s.impl.RaftSessionConnection - SessionClient{2}{type=io.atomix.protocols.raft.RaftTest$TestPrimitiveType@7d0100ea, name=raft-test} - Received CommandResponse{status=OK, index=97, eventIndex=2, result=byte[]{length=3, hash=36519}} from 1
00:27:59.556 [raft-client-1f73cd99-b88c-4b59-9944-86684dacc85c-5] TRACE i.a.p.r.s.impl.RaftSessionSequencer - SessionClient{2}{type=io.atomix.protocols.raft.RaftTest$TestPrimitiveType@7d0100ea, name=raft-test} - Completing response CommandResponse{status=OK, index=97, eventIndex=2, result=byte[]{length=3, hash=36519}}
00:27:59.556 [raft-client-1f73cd99-b88c-4b59-9944-86684dacc85c-4] TRACE i.a.p.r.s.impl.RaftSessionConnection - SessionClient{2}{type=io.atomix.protocols.raft.RaftTest$TestPrimitiveType@7d0100ea, name=raft-test} - Sending CommandRequest{session=2, sequence=86, operation=PrimitiveOperation{id=DefaultOperationId{id=write, type=COMMAND}, value=byte[]{length=17, hash=-1644578928}}} to 1
00:27:59.556 [raft-server-1] TRACE i.a.protocols.raft.roles.LeaderRole - RaftServer{1}{role=LEADER} - Received CommandRequest{session=2, sequence=86, operation=PrimitiveOperation{id=DefaultOperationId{id=write, type=COMMAND}, value=byte[]{length=17, hash=-1644578928}}}
00:27:59.556 [raft-server-1] TRACE i.a.protocols.raft.roles.LeaderRole - RaftServer{1}{role=LEADER} - Appended Indexed{index=98, entry=CommandEntry{term=1, timestamp=2018-06-10 12:27:59,556, session=2, sequence=86, operation=PrimitiveOperation{id=DefaultOperationId{id=write, type=COMMAND}, value=byte[]{length=17, hash=-1644578928}}}}
00:27:59.556 [raft-server-1] TRACE i.a.p.raft.roles.LeaderAppender - RaftServer{1} - Sending AppendRequest{term=1, leader=1, prevLogIndex=97, prevLogTerm=1, entries=1, commitIndex=97} to 3
00:27:59.556 [raft-server-3] TRACE i.a.p.raft.roles.FollowerRole - RaftServer{3}{role=FOLLOWER} - Received AppendRequest{term=1, leader=1, prevLogIndex=97, prevLogTerm=1, entries=1, commitIndex=97}
00:27:59.556 [raft-server-1] TRACE i.a.p.raft.roles.LeaderAppender - RaftServer{1} - Sending AppendRequest{term=1, leader=1, prevLogIndex=97, prevLogTerm=1, entries=1, commitIndex=97} to 2
00:27:59.556 [raft-server-2] TRACE i.a.p.raft.roles.FollowerRole - RaftServer{2}{role=FOLLOWER} - Received AppendRequest{term=1, leader=1, prevLogIndex=97, prevLogTerm=1, entries=1, commitIndex=97}
00:27:59.556 [raft-server-3] TRACE i.a.p.raft.roles.FollowerRole - RaftServer{3}{role=FOLLOWER} - Appended Indexed{index=98, entry=CommandEntry{term=1, timestamp=2018-06-10 12:27:59,556, session=2, sequence=86, operation=PrimitiveOperation{id=DefaultOperationId{id=write, type=COMMAND}, value=byte[]{length=17, hash=-1644578928}}}}
00:27:59.556 [raft-server-2] TRACE i.a.p.raft.roles.FollowerRole - RaftServer{2}{role=FOLLOWER} - Appended Indexed{index=98, entry=CommandEntry{term=1, timestamp=2018-06-10 12:27:59,556, session=2, sequence=86, operation=PrimitiveOperation{id=DefaultOperationId{id=write, type=COMMAND}, value=byte[]{length=17, hash=-1644578928}}}}
00:27:59.595 [raft-server-3] TRACE i.a.p.raft.roles.FollowerRole - RaftServer{3}{role=FOLLOWER} - Committed entries up to index 97
00:27:59.596 [raft-server-3] TRACE i.a.p.raft.roles.FollowerRole - RaftServer{3}{role=FOLLOWER} - Sending AppendResponse{status=OK, term=1, succeeded=true, lastLogIndex=98}
00:27:59.596 [raft-server-2] TRACE i.a.p.raft.roles.FollowerRole - RaftServer{2}{role=FOLLOWER} - Committed entries up to index 97
00:27:59.596 [raft-server-2] TRACE i.a.p.raft.roles.FollowerRole - RaftServer{2}{role=FOLLOWER} - Sending AppendResponse{status=OK, term=1, succeeded=true, lastLogIndex=98}
00:27:59.596 [raft-server-3-state] TRACE i.a.p.raft.impl.RaftServiceManager - RaftServer{3} - Applying Indexed{index=97, entry=CommandEntry{term=1, timestamp=2018-06-10 12:27:59,481, session=2, sequence=85, operation=PrimitiveOperation{id=DefaultOperationId{id=write, type=COMMAND}, value=byte[]{length=17, hash=-1644578928}}}}
00:27:59.596 [raft-server-2-state] TRACE i.a.p.raft.impl.RaftServiceManager - RaftServer{2} - Applying Indexed{index=97, entry=CommandEntry{term=1, timestamp=2018-06-10 12:27:59,481, session=2, sequence=85, operation=PrimitiveOperation{id=DefaultOperationId{id=write, type=COMMAND}, value=byte[]{length=17, hash=-1644578928}}}}
00:27:59.596 [raft-server-3-state] TRACE i.a.p.s.impl.DefaultServiceExecutor - PrimitiveService{2}{type=io.atomix.protocols.raft.RaftTest$TestPrimitiveType@192b3940, name=raft-test} - Executing DefaultCommit{index=97, session=RaftSession{RaftServiceContext{server=3, type=io.atomix.protocols.raft.RaftTest$TestPrimitiveType@192b3940, name=raft-test, id=2}, session=2, timestamp=2018-06-10 12:27:59,481}, time=2018-06-10 12:27:59,481, operation=DefaultOperationId{id=write, type=COMMAND}, value=byte[]{length=17, hash=-1644578928}}
00:27:59.596 [raft-server-2-state] TRACE i.a.p.s.impl.DefaultServiceExecutor - PrimitiveService{2}{type=io.atomix.protocols.raft.RaftTest$TestPrimitiveType@68be9fc, name=raft-test} - Executing DefaultCommit{index=97, session=RaftSession{RaftServiceContext{server=2, type=io.atomix.protocols.raft.RaftTest$TestPrimitiveType@68be9fc, name=raft-test, id=2}, session=2, timestamp=2018-06-10 12:27:59,481}, time=2018-06-10 12:27:59,481, operation=DefaultOperationId{id=write, type=COMMAND}, value=byte[]{length=17, hash=-1644578928}}
00:27:59.596 [raft-server-1] TRACE i.a.p.raft.roles.LeaderAppender - RaftServer{1} - Received AppendResponse{status=OK, term=1, succeeded=true, lastLogIndex=98} from 3
00:27:59.596 [raft-server-1] TRACE i.a.p.raft.roles.LeaderAppender - RaftServer{1} - Committed entries up to 98
00:27:59.630 [raft-server-1] TRACE i.a.p.raft.roles.LeaderAppender - RaftServer{1} - Received AppendResponse{status=OK, term=1, succeeded=true, lastLogIndex=98} from 2
00:27:59.630 [raft-server-1-state] TRACE i.a.p.raft.impl.RaftServiceManager - RaftServer{1} - Applying Indexed{index=98, entry=CommandEntry{term=1, timestamp=2018-06-10 12:27:59,556, session=2, sequence=86, operation=PrimitiveOperation{id=DefaultOperationId{id=write, type=COMMAND}, value=byte[]{length=17, hash=-1644578928}}}}
00:27:59.630 [raft-server-1-state] TRACE i.a.p.s.impl.DefaultServiceExecutor - PrimitiveService{2}{type=io.atomix.protocols.raft.RaftTest$TestPrimitiveType@f170389, name=raft-test} - Executing DefaultCommit{index=98, session=RaftSession{RaftServiceContext{server=1, type=io.atomix.protocols.raft.RaftTest$TestPrimitiveType@f170389, name=raft-test, id=2}, session=2, timestamp=2018-06-10 12:27:59,556}, time=2018-06-10 12:27:59,556, operation=DefaultOperationId{id=write, type=COMMAND}, value=byte[]{length=17, hash=-1644578928}}
00:27:59.631 [raft-server-1-state] TRACE i.a.protocols.raft.roles.LeaderRole - RaftServer{1}{role=LEADER} - Sending CommandResponse{status=OK, index=98, eventIndex=2, result=byte[]{length=3, hash=36581}}
00:27:59.631 [raft-client-1f73cd99-b88c-4b59-9944-86684dacc85c-0] TRACE i.a.p.r.s.impl.RaftSessionConnection - SessionClient{2}{type=io.atomix.protocols.raft.RaftTest$TestPrimitiveType@7d0100ea, name=raft-test} - Received CommandResponse{status=OK, index=98, eventIndex=2, result=byte[]{length=3, hash=36581}} from 1
00:27:59.631 [raft-client-1f73cd99-b88c-4b59-9944-86684dacc85c-0] TRACE i.a.p.r.s.impl.RaftSessionSequencer - SessionClient{2}{type=io.atomix.protocols.raft.RaftTest$TestPrimitiveType@7d0100ea, name=raft-test} - Completing response CommandResponse{status=OK, index=98, eventIndex=2, result=byte[]{length=3, hash=36581}}
00:27:59.631 [raft-client-1f73cd99-b88c-4b59-9944-86684dacc85c-3] TRACE i.a.p.r.s.impl.RaftSessionConnection - SessionClient{2}{type=io.atomix.protocols.raft.RaftTest$TestPrimitiveType@7d0100ea, name=raft-test} - Sending CommandRequest{session=2, sequence=87, operation=PrimitiveOperation{id=DefaultOperationId{id=write, type=COMMAND}, value=byte[]{length=17, hash=-1644578928}}} to 1
00:27:59.631 [raft-server-1] TRACE i.a.protocols.raft.roles.LeaderRole - RaftServer{1}{role=LEADER} - Received CommandRequest{session=2, sequence=87, operation=PrimitiveOperation{id=DefaultOperationId{id=write, type=COMMAND}, value=byte[]{length=17, hash=-1644578928}}}
00:27:59.631 [raft-server-1] TRACE i.a.protocols.raft.roles.LeaderRole - RaftServer{1}{role=LEADER} - Appended Indexed{index=99, entry=CommandEntry{term=1, timestamp=2018-06-10 12:27:59,631, session=2, sequence=87, operation=PrimitiveOperation{id=DefaultOperationId{id=write, type=COMMAND}, value=byte[]{length=17, hash=-1644578928}}}}
00:27:59.631 [raft-server-1] TRACE i.a.p.raft.roles.LeaderAppender - RaftServer{1} - Sending AppendRequest{term=1, leader=1, prevLogIndex=98, prevLogTerm=1, entries=1, commitIndex=98} to 3
00:27:59.631 [raft-server-1] TRACE i.a.p.raft.roles.LeaderAppender - RaftServer{1} - Sending AppendRequest{term=1, leader=1, prevLogIndex=98, prevLogTerm=1, entries=1, commitIndex=98} to 2
00:27:59.631 [raft-server-3] TRACE i.a.p.raft.roles.FollowerRole - RaftServer{3}{role=FOLLOWER} - Received AppendRequest{term=1, leader=1, prevLogIndex=98, prevLogTerm=1, entries=1, commitIndex=98}
00:27:59.631 [raft-server-2] TRACE i.a.p.raft.roles.FollowerRole - RaftServer{2}{role=FOLLOWER} - Received AppendRequest{term=1, leader=1, prevLogIndex=98, prevLogTerm=1, entries=1, commitIndex=98}
00:27:59.631 [raft-server-3] TRACE i.a.p.raft.roles.FollowerRole - RaftServer{3}{role=FOLLOWER} - Appended Indexed{index=99, entry=CommandEntry{term=1, timestamp=2018-06-10 12:27:59,631, session=2, sequence=87, operation=PrimitiveOperation{id=DefaultOperationId{id=write, type=COMMAND}, value=byte[]{length=17, hash=-1644578928}}}}
00:27:59.631 [raft-server-2] TRACE i.a.p.raft.roles.FollowerRole - RaftServer{2}{role=FOLLOWER} - Appended Indexed{index=99, entry=CommandEntry{term=1, timestamp=2018-06-10 12:27:59,631, session=2, sequence=87, operation=PrimitiveOperation{id=DefaultOperationId{id=write, type=COMMAND}, value=byte[]{length=17, hash=-1644578928}}}}
00:27:59.687 [raft-server-3] TRACE i.a.p.raft.roles.FollowerRole - RaftServer{3}{role=FOLLOWER} - Committed entries up to index 98
00:27:59.687 [raft-server-2] TRACE i.a.p.raft.roles.FollowerRole - RaftServer{2}{role=FOLLOWER} - Committed entries up to index 98
00:27:59.687 [raft-server-3] TRACE i.a.p.raft.roles.FollowerRole - RaftServer{3}{role=FOLLOWER} - Sending AppendResponse{status=OK, term=1, succeeded=true, lastLogIndex=99}
00:27:59.687 [raft-server-2] TRACE i.a.p.raft.roles.FollowerRole - RaftServer{2}{role=FOLLOWER} - Sending AppendResponse{status=OK, term=1, succeeded=true, lastLogIndex=99}
00:27:59.687 [raft-server-1] TRACE i.a.p.raft.roles.LeaderAppender - RaftServer{1} - Received AppendResponse{status=OK, term=1, succeeded=true, lastLogIndex=99} from 3
00:27:59.687 [raft-server-2-state] TRACE i.a.p.raft.impl.RaftServiceManager - RaftServer{2} - Applying Indexed{index=98, entry=CommandEntry{term=1, timestamp=2018-06-10 12:27:59,556, session=2, sequence=86, operation=PrimitiveOperation{id=DefaultOperationId{id=write, type=COMMAND}, value=byte[]{length=17, hash=-1644578928}}}}
00:27:59.687 [raft-server-3-state] TRACE i.a.p.raft.impl.RaftServiceManager - RaftServer{3} - Applying Indexed{index=98, entry=CommandEntry{term=1, timestamp=2018-06-10 12:27:59,556, session=2, sequence=86, operation=PrimitiveOperation{id=DefaultOperationId{id=write, type=COMMAND}, value=byte[]{length=17, hash=-1644578928}}}}
00:27:59.687 [raft-server-1] TRACE i.a.p.raft.roles.LeaderAppender - RaftServer{1} - Committed entries up to 99
00:27:59.688 [raft-server-2-state] TRACE i.a.p.s.impl.DefaultServiceExecutor - PrimitiveService{2}{type=io.atomix.protocols.raft.RaftTest$TestPrimitiveType@68be9fc, name=raft-test} - Executing DefaultCommit{index=98, session=RaftSession{RaftServiceContext{server=2, type=io.atomix.protocols.raft.RaftTest$TestPrimitiveType@68be9fc, name=raft-test, id=2}, session=2, timestamp=2018-06-10 12:27:59,556}, time=2018-06-10 12:27:59,556, operation=DefaultOperationId{id=write, type=COMMAND}, value=byte[]{length=17, hash=-1644578928}}
00:27:59.688 [raft-server-3-state] TRACE i.a.p.s.impl.DefaultServiceExecutor - PrimitiveService{2}{type=io.atomix.protocols.raft.RaftTest$TestPrimitiveType@192b3940, name=raft-test} - Executing DefaultCommit{index=98, session=RaftSession{RaftServiceContext{server=3, type=io.atomix.protocols.raft.RaftTest$TestPrimitiveType@192b3940, name=raft-test, id=2}, session=2, timestamp=2018-06-10 12:27:59,556}, time=2018-06-10 12:27:59,556, operation=DefaultOperationId{id=write, type=COMMAND}, value=byte[]{length=17, hash=-1644578928}}
00:27:59.755 [raft-server-1] TRACE i.a.p.raft.roles.LeaderAppender - RaftServer{1} - Sending AppendRequest{term=1, leader=1, prevLogIndex=99, prevLogTerm=1, entries=0, commitIndex=99} to 3
00:27:59.755 [raft-server-3] TRACE i.a.p.raft.roles.FollowerRole - RaftServer{3}{role=FOLLOWER} - Received AppendRequest{term=1, leader=1, prevLogIndex=99, prevLogTerm=1, entries=0, commitIndex=99}
00:27:59.755 [raft-server-1] TRACE i.a.p.raft.roles.LeaderAppender - RaftServer{1} - Received AppendResponse{status=OK, term=1, succeeded=true, lastLogIndex=99} from 2
00:27:59.756 [raft-server-1] TRACE i.a.p.raft.roles.LeaderAppender - RaftServer{1} - Sending AppendRequest{term=1, leader=1, prevLogIndex=99, prevLogTerm=1, entries=0, commitIndex=99} to 2
00:27:59.756 [raft-server-2] TRACE i.a.p.raft.roles.FollowerRole - RaftServer{2}{role=FOLLOWER} - Received AppendRequest{term=1, leader=1, prevLogIndex=99, prevLogTerm=1, entries=0, commitIndex=99}
00:27:59.756 [raft-server-1-state] TRACE i.a.p.raft.impl.RaftServiceManager - RaftServer{1} - Applying Indexed{index=99, entry=CommandEntry{term=1, timestamp=2018-06-10 12:27:59,631, session=2, sequence=87, operation=PrimitiveOperation{id=DefaultOperationId{id=write, type=COMMAND}, value=byte[]{length=17, hash=-1644578928}}}}
00:27:59.756 [raft-server-1-state] TRACE i.a.p.s.impl.DefaultServiceExecutor - PrimitiveService{2}{type=io.atomix.protocols.raft.RaftTest$TestPrimitiveType@f170389, name=raft-test} - Executing DefaultCommit{index=99, session=RaftSession{RaftServiceContext{server=1, type=io.atomix.protocols.raft.RaftTest$TestPrimitiveType@f170389, name=raft-test, id=2}, session=2, timestamp=2018-06-10 12:27:59,631}, time=2018-06-10 12:27:59,631, operation=DefaultOperationId{id=write, type=COMMAND}, value=byte[]{length=17, hash=-1644578928}}
00:27:59.756 [raft-server-1-state] TRACE i.a.protocols.raft.roles.LeaderRole - RaftServer{1}{role=LEADER} - Sending CommandResponse{status=OK, index=99, eventIndex=2, result=byte[]{length=3, hash=36643}}
00:27:59.756 [raft-client-1f73cd99-b88c-4b59-9944-86684dacc85c-1] TRACE i.a.p.r.s.impl.RaftSessionConnection - SessionClient{2}{type=io.atomix.protocols.raft.RaftTest$TestPrimitiveType@7d0100ea, name=raft-test} - Received CommandResponse{status=OK, index=99, eventIndex=2, result=byte[]{length=3, hash=36643}} from 1
00:27:59.756 [raft-client-1f73cd99-b88c-4b59-9944-86684dacc85c-1] TRACE i.a.p.r.s.impl.RaftSessionSequencer - SessionClient{2}{type=io.atomix.protocols.raft.RaftTest$TestPrimitiveType@7d0100ea, name=raft-test} - Completing response CommandResponse{status=OK, index=99, eventIndex=2, result=byte[]{length=3, hash=36643}}
00:27:59.756 [raft-client-1f73cd99-b88c-4b59-9944-86684dacc85c-6] TRACE i.a.p.r.s.impl.RaftSessionConnection - SessionClient{2}{type=io.atomix.protocols.raft.RaftTest$TestPrimitiveType@7d0100ea, name=raft-test} - Sending CommandRequest{session=2, sequence=88, operation=PrimitiveOperation{id=DefaultOperationId{id=write, type=COMMAND}, value=byte[]{length=17, hash=-1644578928}}} to 1
00:27:59.756 [raft-server-1] TRACE i.a.protocols.raft.roles.LeaderRole - RaftServer{1}{role=LEADER} - Received CommandRequest{session=2, sequence=88, operation=PrimitiveOperation{id=DefaultOperationId{id=write, type=COMMAND}, value=byte[]{length=17, hash=-1644578928}}}
00:27:59.756 [raft-server-1] TRACE i.a.protocols.raft.roles.LeaderRole - RaftServer{1}{role=LEADER} - Appended Indexed{index=100, entry=CommandEntry{term=1, timestamp=2018-06-10 12:27:59,756, session=2, sequence=88, operation=PrimitiveOperation{id=DefaultOperationId{id=write, type=COMMAND}, value=byte[]{length=17, hash=-1644578928}}}}
00:27:59.805 [raft-server-3] TRACE i.a.p.raft.roles.FollowerRole - RaftServer{3}{role=FOLLOWER} - Committed entries up to index 99
00:27:59.805 [raft-server-3] TRACE i.a.p.raft.roles.FollowerRole - RaftServer{3}{role=FOLLOWER} - Sending AppendResponse{status=OK, term=1, succeeded=true, lastLogIndex=99}
00:27:59.805 [raft-server-1] TRACE i.a.p.raft.roles.LeaderAppender - RaftServer{1} - Received AppendResponse{status=OK, term=1, succeeded=true, lastLogIndex=99} from 3
00:27:59.805 [raft-server-1] TRACE i.a.p.raft.roles.LeaderAppender - RaftServer{1} - Sending AppendRequest{term=1, leader=1, prevLogIndex=99, prevLogTerm=1, entries=1, commitIndex=99} to 3
00:27:59.805 [raft-server-3-state] TRACE i.a.p.raft.impl.RaftServiceManager - RaftServer{3} - Applying Indexed{index=99, entry=CommandEntry{term=1, timestamp=2018-06-10 12:27:59,631, session=2, sequence=87, operation=PrimitiveOperation{id=DefaultOperationId{id=write, type=COMMAND}, value=byte[]{length=17, hash=-1644578928}}}}
00:27:59.805 [raft-server-3] TRACE i.a.p.raft.roles.FollowerRole - RaftServer{3}{role=FOLLOWER} - Received AppendRequest{term=1, leader=1, prevLogIndex=99, prevLogTerm=1, entries=1, commitIndex=99}
00:27:59.805 [raft-server-3-state] TRACE i.a.p.s.impl.DefaultServiceExecutor - PrimitiveService{2}{type=io.atomix.protocols.raft.RaftTest$TestPrimitiveType@192b3940, name=raft-test} - Executing DefaultCommit{index=99, session=RaftSession{RaftServiceContext{server=3, type=io.atomix.protocols.raft.RaftTest$TestPrimitiveType@192b3940, name=raft-test, id=2}, session=2, timestamp=2018-06-10 12:27:59,631}, time=2018-06-10 12:27:59,631, operation=DefaultOperationId{id=write, type=COMMAND}, value=byte[]{length=17, hash=-1644578928}}
00:27:59.806 [raft-server-3] TRACE i.a.p.raft.roles.FollowerRole - RaftServer{3}{role=FOLLOWER} - Appended Indexed{index=100, entry=CommandEntry{term=1, timestamp=2018-06-10 12:27:59,756, session=2, sequence=88, operation=PrimitiveOperation{id=DefaultOperationId{id=write, type=COMMAND}, value=byte[]{length=17, hash=-1644578928}}}}
00:27:59.806 [raft-server-3] TRACE i.a.p.raft.roles.FollowerRole - RaftServer{3}{role=FOLLOWER} - Sending AppendResponse{status=OK, term=1, succeeded=true, lastLogIndex=100}
00:27:59.806 [raft-server-1] TRACE i.a.p.raft.roles.LeaderAppender - RaftServer{1} - Received AppendResponse{status=OK, term=1, succeeded=true, lastLogIndex=100} from 3
00:27:59.806 [raft-server-1] TRACE i.a.p.raft.roles.LeaderAppender - RaftServer{1} - Committed entries up to 100
00:27:59.871 [raft-server-2] TRACE i.a.p.raft.roles.FollowerRole - RaftServer{2}{role=FOLLOWER} - Committed entries up to index 99
00:27:59.871 [raft-server-2] TRACE i.a.p.raft.roles.FollowerRole - RaftServer{2}{role=FOLLOWER} - Sending AppendResponse{status=OK, term=1, succeeded=true, lastLogIndex=99}
00:27:59.871 [raft-server-2-state] TRACE i.a.p.raft.impl.RaftServiceManager - RaftServer{2} - Applying Indexed{index=99, entry=CommandEntry{term=1, timestamp=2018-06-10 12:27:59,631, session=2, sequence=87, operation=PrimitiveOperation{id=DefaultOperationId{id=write, type=COMMAND}, value=byte[]{length=17, hash=-1644578928}}}}
00:27:59.871 [raft-server-2-state] TRACE i.a.p.s.impl.DefaultServiceExecutor - PrimitiveService{2}{type=io.atomix.protocols.raft.RaftTest$TestPrimitiveType@68be9fc, name=raft-test} - Executing DefaultCommit{index=99, session=RaftSession{RaftServiceContext{server=2, type=io.atomix.protocols.raft.RaftTest$TestPrimitiveType@68be9fc, name=raft-test, id=2}, session=2, timestamp=2018-06-10 12:27:59,631}, time=2018-06-10 12:27:59,631, operation=DefaultOperationId{id=write, type=COMMAND}, value=byte[]{length=17, hash=-1644578928}}
00:27:59.897 [raft-server-1] TRACE i.a.p.raft.roles.LeaderAppender - RaftServer{1} - Received AppendResponse{status=OK, term=1, succeeded=true, lastLogIndex=99} from 2
00:27:59.897 [raft-server-1] TRACE i.a.p.raft.roles.LeaderAppender - RaftServer{1} - Sending AppendRequest{term=1, leader=1, prevLogIndex=99, prevLogTerm=1, entries=1, commitIndex=100} to 2
00:27:59.897 [raft-server-2] TRACE i.a.p.raft.roles.FollowerRole - RaftServer{2}{role=FOLLOWER} - Received AppendRequest{term=1, leader=1, prevLogIndex=99, prevLogTerm=1, entries=1, commitIndex=100}
00:27:59.897 [raft-server-1-state] TRACE i.a.p.raft.impl.RaftServiceManager - RaftServer{1} - Applying Indexed{index=100, entry=CommandEntry{term=1, timestamp=2018-06-10 12:27:59,756, session=2, sequence=88, operation=PrimitiveOperation{id=DefaultOperationId{id=write, type=COMMAND}, value=byte[]{length=17, hash=-1644578928}}}}
00:27:59.897 [raft-server-1-state] TRACE i.a.p.s.impl.DefaultServiceExecutor - PrimitiveService{2}{type=io.atomix.protocols.raft.RaftTest$TestPrimitiveType@f170389, name=raft-test} - Executing DefaultCommit{index=100, session=RaftSession{RaftServiceContext{server=1, type=io.atomix.protocols.raft.RaftTest$TestPrimitiveType@f170389, name=raft-test, id=2}, session=2, timestamp=2018-06-10 12:27:59,756}, time=2018-06-10 12:27:59,756, operation=DefaultOperationId{id=write, type=COMMAND}, value=byte[]{length=17, hash=-1644578928}}
00:27:59.897 [raft-server-2] TRACE i.a.p.raft.roles.FollowerRole - RaftServer{2}{role=FOLLOWER} - Appended Indexed{index=100, entry=CommandEntry{term=1, timestamp=2018-06-10 12:27:59,756, session=2, sequence=88, operation=PrimitiveOperation{id=DefaultOperationId{id=write, type=COMMAND}, value=byte[]{length=17, hash=-1644578928}}}}
00:27:59.897 [raft-server-1-state] TRACE i.a.protocols.raft.roles.LeaderRole - RaftServer{1}{role=LEADER} - Sending CommandResponse{status=OK, index=100, eventIndex=2, result=byte[]{length=3, hash=36705}}
00:27:59.897 [raft-client-1f73cd99-b88c-4b59-9944-86684dacc85c-5] TRACE i.a.p.r.s.impl.RaftSessionConnection - SessionClient{2}{type=io.atomix.protocols.raft.RaftTest$TestPrimitiveType@7d0100ea, name=raft-test} - Received CommandResponse{status=OK, index=100, eventIndex=2, result=byte[]{length=3, hash=36705}} from 1
00:27:59.897 [raft-client-1f73cd99-b88c-4b59-9944-86684dacc85c-5] TRACE i.a.p.r.s.impl.RaftSessionSequencer - SessionClient{2}{type=io.atomix.protocols.raft.RaftTest$TestPrimitiveType@7d0100ea, name=raft-test} - Completing response CommandResponse{status=OK, index=100, eventIndex=2, result=byte[]{length=3, hash=36705}}
00:27:59.898 [raft-client-1f73cd99-b88c-4b59-9944-86684dacc85c-7] TRACE i.a.p.r.s.impl.RaftSessionConnection - SessionClient{2}{type=io.atomix.protocols.raft.RaftTest$TestPrimitiveType@7d0100ea, name=raft-test} - Sending CommandRequest{session=2, sequence=89, operation=PrimitiveOperation{id=DefaultOperationId{id=write, type=COMMAND}, value=byte[]{length=17, hash=-1644578928}}} to 1
00:27:59.898 [raft-server-1] TRACE i.a.protocols.raft.roles.LeaderRole - RaftServer{1}{role=LEADER} - Received CommandRequest{session=2, sequence=89, operation=PrimitiveOperation{id=DefaultOperationId{id=write, type=COMMAND}, value=byte[]{length=17, hash=-1644578928}}}
00:27:59.972 [raft-server-2] TRACE i.a.p.raft.roles.FollowerRole - RaftServer{2}{role=FOLLOWER} - Committed entries up to index 100
00:27:59.972 [raft-server-2] TRACE i.a.p.raft.roles.FollowerRole - RaftServer{2}{role=FOLLOWER} - Sending AppendResponse{status=OK, term=1, succeeded=true, lastLogIndex=100}
00:27:59.972 [raft-server-2-state] TRACE i.a.p.raft.impl.RaftServiceManager - RaftServer{2} - Applying Indexed{index=100, entry=CommandEntry{term=1, timestamp=2018-06-10 12:27:59,756, session=2, sequence=88, operation=PrimitiveOperation{id=DefaultOperationId{id=write, type=COMMAND}, value=byte[]{length=17, hash=-1644578928}}}}
00:27:59.972 [raft-server-2-state] TRACE i.a.p.s.impl.DefaultServiceExecutor - PrimitiveService{2}{type=io.atomix.protocols.raft.RaftTest$TestPrimitiveType@68be9fc, name=raft-test} - Executing DefaultCommit{index=100, session=RaftSession{RaftServiceContext{server=2, type=io.atomix.protocols.raft.RaftTest$TestPrimitiveType@68be9fc, name=raft-test, id=2}, session=2, timestamp=2018-06-10 12:27:59,756}, time=2018-06-10 12:27:59,756, operation=DefaultOperationId{id=write, type=COMMAND}, value=byte[]{length=17, hash=-1644578928}}
00:28:00.039 [raft-server-1] DEBUG i.a.storage.journal.SegmentedJournal - Created disk segment: JournalSegment{id=11, version=1, index=101, size=64}
00:28:00.039 [raft-server-1] TRACE i.a.protocols.raft.roles.LeaderRole - RaftServer{1}{role=LEADER} - Appended Indexed{index=101, entry=CommandEntry{term=1, timestamp=2018-06-10 12:27:59,898, session=2, sequence=89, operation=PrimitiveOperation{id=DefaultOperationId{id=write, type=COMMAND}, value=byte[]{length=17, hash=-1644578928}}}}
00:28:00.039 [raft-server-1] TRACE i.a.p.raft.roles.LeaderAppender - RaftServer{1} - Sending AppendRequest{term=1, leader=1, prevLogIndex=100, prevLogTerm=1, entries=1, commitIndex=100} to 3
00:28:00.039 [raft-server-3] TRACE i.a.p.raft.roles.FollowerRole - RaftServer{3}{role=FOLLOWER} - Received AppendRequest{term=1, leader=1, prevLogIndex=100, prevLogTerm=1, entries=1, commitIndex=100}
00:28:00.039 [raft-server-1] TRACE i.a.p.raft.roles.LeaderAppender - RaftServer{1} - Sending AppendRequest{term=1, leader=1, prevLogIndex=100, prevLogTerm=1, entries=1, commitIndex=100} to 2
00:28:00.039 [raft-server-1] TRACE i.a.p.raft.roles.LeaderAppender - RaftServer{1} - Received AppendResponse{status=OK, term=1, succeeded=true, lastLogIndex=100} from 2
00:28:00.039 [raft-server-2] TRACE i.a.p.raft.roles.FollowerRole - RaftServer{2}{role=FOLLOWER} - Received AppendRequest{term=1, leader=1, prevLogIndex=100, prevLogTerm=1, entries=1, commitIndex=100}
00:28:00.118 [raft-client-1f73cd99-b88c-4b59-9944-86684dacc85c-5] TRACE i.a.p.r.s.impl.RaftSessionManager - RaftClient{1f73cd99-b88c-4b59-9944-86684dacc85c} - Keeping 1 sessions alive
00:28:00.118 [raft-client-1f73cd99-b88c-4b59-9944-86684dacc85c-5] TRACE i.a.p.r.s.impl.RaftSessionConnection - RaftClient{1f73cd99-b88c-4b59-9944-86684dacc85c} - Sending KeepAliveRequest{sessionIds=long[]{length=1, hash=33}, commandSequences=long[]{length=1, hash=119}, eventIndexes=long[]{length=1, hash=33}} to 1
00:28:00.118 [raft-server-1] TRACE i.a.protocols.raft.roles.LeaderRole - RaftServer{1}{role=LEADER} - Received KeepAliveRequest{sessionIds=long[]{length=1, hash=33}, commandSequences=long[]{length=1, hash=119}, eventIndexes=long[]{length=1, hash=33}}
00:28:00.118 [raft-server-1] TRACE i.a.protocols.raft.roles.LeaderRole - RaftServer{1}{role=LEADER} - Appended Indexed{index=102, entry=KeepAliveEntry{term=1, timestamp=2018-06-10 12:28:00,118, sessionIds=long[]{length=1, hash=33}, commandSequences=long[]{length=1, hash=119}, eventIndexes=long[]{length=1, hash=33}}}
00:28:00.118 [raft-server-1] TRACE i.a.p.raft.roles.LeaderAppender - RaftServer{1} - Sending AppendRequest{term=1, leader=1, prevLogIndex=101, prevLogTerm=1, entries=1, commitIndex=100} to 3
00:28:00.119 [raft-server-1] TRACE i.a.p.raft.roles.LeaderAppender - RaftServer{1} - Sending AppendRequest{term=1, leader=1, prevLogIndex=101, prevLogTerm=1, entries=1, commitIndex=100} to 2
00:28:00.122 [raft-server-1] INFO  i.a.protocols.raft.impl.RaftContext - RaftServer{1} - Transitioning to INACTIVE
00:28:00.122 [raft-server-1] TRACE i.a.protocols.raft.roles.LeaderRole - RaftServer{1}{role=LEADER} - Sending CommandResponse{status=ERROR, error=RaftError{type=COMMAND_FAILURE, message=null}, lastSequence=0}
00:28:00.122 [raft-server-1] TRACE i.a.protocols.raft.roles.LeaderRole - RaftServer{1}{role=LEADER} - Sending KeepAliveResponse{status=ERROR, error=RaftError{type=ILLEGAL_MEMBER_STATE, message=null}}
00:28:00.122 [raft-server-1] TRACE i.a.protocols.raft.roles.LeaderRole - RaftServer{1}{role=LEADER} - Cancelling append timer
00:28:00.122 [raft-server-1] TRACE i.a.p.raft.storage.system.MetaStore - Store vote null
00:28:00.189 [ForkJoinPool.commonPool-worker-4] DEBUG i.a.storage.journal.SegmentedJournal - Closing segment: JournalSegment{id=1, version=1, index=1, size=505}
00:28:00.189 [ForkJoinPool.commonPool-worker-4] DEBUG i.a.storage.journal.SegmentedJournal - Closing segment: JournalSegment{id=2, version=1, index=11, size=549}
00:28:00.189 [ForkJoinPool.commonPool-worker-4] DEBUG i.a.storage.journal.SegmentedJournal - Closing segment: JournalSegment{id=3, version=1, index=21, size=574}
00:28:00.189 [ForkJoinPool.commonPool-worker-4] DEBUG i.a.storage.journal.SegmentedJournal - Closing segment: JournalSegment{id=4, version=1, index=31, size=549}
00:28:00.189 [ForkJoinPool.commonPool-worker-4] DEBUG i.a.storage.journal.SegmentedJournal - Closing segment: JournalSegment{id=5, version=1, index=41, size=574}
00:28:00.189 [ForkJoinPool.commonPool-worker-4] DEBUG i.a.storage.journal.SegmentedJournal - Closing segment: JournalSegment{id=6, version=1, index=51, size=549}
00:28:00.189 [ForkJoinPool.commonPool-worker-4] DEBUG i.a.storage.journal.SegmentedJournal - Closing segment: JournalSegment{id=7, version=1, index=61, size=574}
00:28:00.189 [ForkJoinPool.commonPool-worker-4] DEBUG i.a.storage.journal.SegmentedJournal - Closing segment: JournalSegment{id=8, version=1, index=71, size=583}
00:28:00.189 [ForkJoinPool.commonPool-worker-4] DEBUG i.a.storage.journal.SegmentedJournal - Closing segment: JournalSegment{id=9, version=1, index=81, size=509}
00:28:00.189 [ForkJoinPool.commonPool-worker-4] DEBUG i.a.storage.journal.SegmentedJournal - Closing segment: JournalSegment{id=10, version=1, index=91, size=584}
00:28:00.189 [ForkJoinPool.commonPool-worker-4] DEBUG i.a.storage.journal.SegmentedJournal - Closing segment: JournalSegment{id=11, version=1, index=101, size=143}
00:28:00.247 [raft-server-2] DEBUG i.a.storage.journal.SegmentedJournal - Created disk segment: JournalSegment{id=11, version=1, index=101, size=64}
00:28:00.247 [raft-server-3] DEBUG i.a.storage.journal.SegmentedJournal - Created disk segment: JournalSegment{id=11, version=1, index=101, size=64}
00:28:00.247 [raft-server-2] TRACE i.a.p.raft.roles.FollowerRole - RaftServer{2}{role=FOLLOWER} - Appended Indexed{index=101, entry=CommandEntry{term=1, timestamp=2018-06-10 12:27:59,898, session=2, sequence=89, operation=PrimitiveOperation{id=DefaultOperationId{id=write, type=COMMAND}, value=byte[]{length=17, hash=-1644578928}}}}
00:28:00.247 [raft-server-3] TRACE i.a.p.raft.roles.FollowerRole - RaftServer{3}{role=FOLLOWER} - Appended Indexed{index=101, entry=CommandEntry{term=1, timestamp=2018-06-10 12:27:59,898, session=2, sequence=89, operation=PrimitiveOperation{id=DefaultOperationId{id=write, type=COMMAND}, value=byte[]{length=17, hash=-1644578928}}}}
00:28:00.247 [raft-server-2] TRACE i.a.p.raft.roles.FollowerRole - RaftServer{2}{role=FOLLOWER} - Sending AppendResponse{status=OK, term=1, succeeded=true, lastLogIndex=101}
00:28:00.248 [raft-server-2] TRACE i.a.p.raft.roles.FollowerRole - RaftServer{2}{role=FOLLOWER} - Received AppendRequest{term=1, leader=1, prevLogIndex=101, prevLogTerm=1, entries=1, commitIndex=100}
00:28:00.248 [raft-server-2] TRACE i.a.p.raft.roles.FollowerRole - RaftServer{2}{role=FOLLOWER} - Appended Indexed{index=102, entry=KeepAliveEntry{term=1, timestamp=2018-06-10 12:28:00,118, sessionIds=long[]{length=1, hash=33}, commandSequences=long[]{length=1, hash=119}, eventIndexes=long[]{length=1, hash=33}}}
00:28:00.248 [raft-server-2] TRACE i.a.p.raft.roles.FollowerRole - RaftServer{2}{role=FOLLOWER} - Sending AppendResponse{status=OK, term=1, succeeded=true, lastLogIndex=102}
00:28:00.248 [raft-server-2] INFO  i.a.protocols.raft.impl.RaftContext - RaftServer{2} - Transitioning to INACTIVE
00:28:00.248 [raft-server-2] TRACE i.a.p.raft.roles.FollowerRole - RaftServer{2}{role=FOLLOWER} - Cancelling heartbeat timer
00:28:00.248 [ForkJoinPool.commonPool-worker-4] DEBUG i.a.storage.journal.SegmentedJournal - Closing segment: JournalSegment{id=1, version=1, index=1, size=505}
00:28:00.248 [ForkJoinPool.commonPool-worker-4] DEBUG i.a.storage.journal.SegmentedJournal - Closing segment: JournalSegment{id=2, version=1, index=11, size=549}
00:28:00.248 [ForkJoinPool.commonPool-worker-4] DEBUG i.a.storage.journal.SegmentedJournal - Closing segment: JournalSegment{id=3, version=1, index=21, size=574}
00:28:00.248 [ForkJoinPool.commonPool-worker-4] DEBUG i.a.storage.journal.SegmentedJournal - Closing segment: JournalSegment{id=4, version=1, index=31, size=549}
00:28:00.248 [ForkJoinPool.commonPool-worker-4] DEBUG i.a.storage.journal.SegmentedJournal - Closing segment: JournalSegment{id=5, version=1, index=41, size=574}
00:28:00.248 [ForkJoinPool.commonPool-worker-4] DEBUG i.a.storage.journal.SegmentedJournal - Closing segment: JournalSegment{id=6, version=1, index=51, size=549}
00:28:00.248 [ForkJoinPool.commonPool-worker-4] DEBUG i.a.storage.journal.SegmentedJournal - Closing segment: JournalSegment{id=7, version=1, index=61, size=574}
00:28:00.249 [ForkJoinPool.commonPool-worker-4] DEBUG i.a.storage.journal.SegmentedJournal - Closing segment: JournalSegment{id=8, version=1, index=71, size=583}
00:28:00.249 [ForkJoinPool.commonPool-worker-4] DEBUG i.a.storage.journal.SegmentedJournal - Closing segment: JournalSegment{id=9, version=1, index=81, size=509}
00:28:00.249 [ForkJoinPool.commonPool-worker-4] DEBUG i.a.storage.journal.SegmentedJournal - Closing segment: JournalSegment{id=10, version=1, index=91, size=584}
00:28:00.249 [ForkJoinPool.commonPool-worker-4] DEBUG i.a.storage.journal.SegmentedJournal - Closing segment: JournalSegment{id=11, version=1, index=101, size=143}
00:28:00.304 [raft-server-3] TRACE i.a.p.raft.roles.FollowerRole - RaftServer{3}{role=FOLLOWER} - Committed entries up to index 100
00:28:00.304 [raft-server-3] TRACE i.a.p.raft.roles.FollowerRole - RaftServer{3}{role=FOLLOWER} - Sending AppendResponse{status=OK, term=1, succeeded=true, lastLogIndex=101}
00:28:00.304 [raft-server-3] TRACE i.a.p.raft.roles.FollowerRole - RaftServer{3}{role=FOLLOWER} - Received AppendRequest{term=1, leader=1, prevLogIndex=101, prevLogTerm=1, entries=1, commitIndex=100}
00:28:00.304 [raft-server-3] TRACE i.a.p.raft.roles.FollowerRole - RaftServer{3}{role=FOLLOWER} - Appended Indexed{index=102, entry=KeepAliveEntry{term=1, timestamp=2018-06-10 12:28:00,118, sessionIds=long[]{length=1, hash=33}, commandSequences=long[]{length=1, hash=119}, eventIndexes=long[]{length=1, hash=33}}}
00:28:00.304 [raft-server-3] TRACE i.a.p.raft.roles.FollowerRole - RaftServer{3}{role=FOLLOWER} - Sending AppendResponse{status=OK, term=1, succeeded=true, lastLogIndex=102}
00:28:00.304 [raft-server-3] INFO  i.a.protocols.raft.impl.RaftContext - RaftServer{3} - Transitioning to INACTIVE
00:28:00.305 [raft-server-3] TRACE i.a.p.raft.roles.FollowerRole - RaftServer{3}{role=FOLLOWER} - Cancelling heartbeat timer
00:28:00.305 [ForkJoinPool.commonPool-worker-4] DEBUG i.a.storage.journal.SegmentedJournal - Closing segment: JournalSegment{id=1, version=1, index=1, size=505}
00:28:00.305 [raft-server-3-state] TRACE i.a.p.raft.impl.RaftServiceManager - RaftServer{3} - Applying Indexed{index=100, entry=CommandEntry{term=1, timestamp=2018-06-10 12:27:59,756, session=2, sequence=88, operation=PrimitiveOperation{id=DefaultOperationId{id=write, type=COMMAND}, value=byte[]{length=17, hash=-1644578928}}}}
00:28:00.305 [ForkJoinPool.commonPool-worker-4] DEBUG i.a.storage.journal.SegmentedJournal - Closing segment: JournalSegment{id=2, version=1, index=11, size=549}
00:28:00.305 [raft-server-3-state] TRACE i.a.p.s.impl.DefaultServiceExecutor - PrimitiveService{2}{type=io.atomix.protocols.raft.RaftTest$TestPrimitiveType@192b3940, name=raft-test} - Executing DefaultCommit{index=100, session=RaftSession{RaftServiceContext{server=3, type=io.atomix.protocols.raft.RaftTest$TestPrimitiveType@192b3940, name=raft-test, id=2}, session=2, timestamp=2018-06-10 12:27:59,756}, time=2018-06-10 12:27:59,756, operation=DefaultOperationId{id=write, type=COMMAND}, value=byte[]{length=17, hash=-1644578928}}
00:28:00.305 [ForkJoinPool.commonPool-worker-4] DEBUG i.a.storage.journal.SegmentedJournal - Closing segment: JournalSegment{id=3, version=1, index=21, size=574}
00:28:00.305 [ForkJoinPool.commonPool-worker-4] DEBUG i.a.storage.journal.SegmentedJournal - Closing segment: JournalSegment{id=4, version=1, index=31, size=549}
00:28:00.305 [ForkJoinPool.commonPool-worker-4] DEBUG i.a.storage.journal.SegmentedJournal - Closing segment: JournalSegment{id=5, version=1, index=41, size=574}
00:28:00.305 [ForkJoinPool.commonPool-worker-4] DEBUG i.a.storage.journal.SegmentedJournal - Closing segment: JournalSegment{id=6, version=1, index=51, size=549}
00:28:00.305 [ForkJoinPool.commonPool-worker-4] DEBUG i.a.storage.journal.SegmentedJournal - Closing segment: JournalSegment{id=7, version=1, index=61, size=574}
00:28:00.305 [ForkJoinPool.commonPool-worker-4] DEBUG i.a.storage.journal.SegmentedJournal - Closing segment: JournalSegment{id=8, version=1, index=71, size=583}
00:28:00.305 [ForkJoinPool.commonPool-worker-4] DEBUG i.a.storage.journal.SegmentedJournal - Closing segment: JournalSegment{id=9, version=1, index=81, size=509}
00:28:00.305 [ForkJoinPool.commonPool-worker-4] DEBUG i.a.storage.journal.SegmentedJournal - Closing segment: JournalSegment{id=10, version=1, index=91, size=584}
00:28:00.305 [ForkJoinPool.commonPool-worker-4] DEBUG i.a.storage.journal.SegmentedJournal - Closing segment: JournalSegment{id=11, version=1, index=101, size=143}
]]></system-out>
  </testcase>
  <testcase name="testPassiveJoin" classname="io.atomix.protocols.raft.RaftTest" time="4.392"/>
  <testcase name="testFiveNodesManyEventsAfterLeaderShutdown" classname="io.atomix.protocols.raft.RaftTest" time="7.055"/>
  <testcase name="testFiveNodeSubmitCommand" classname="io.atomix.protocols.raft.RaftTest" time="3.362"/>
  <testcase name="testOneNodeExpireEvent" classname="io.atomix.protocols.raft.RaftTest" time="9.121"/>
  <testcase name="testFiveNodesEventsAfterLeaderKill" classname="io.atomix.protocols.raft.RaftTest" time="6.112"/>
  <testcase name="testTwoNodeSubmitCommand" classname="io.atomix.protocols.raft.RaftTest" time="2.269"/>
  <testcase name="testThreeNodeExpireEvent" classname="io.atomix.protocols.raft.RaftTest" time="11.738"/>
  <testcase name="testResize" classname="io.atomix.protocols.raft.RaftTest" time="1.648"/>
  <testcase name="testFiveNodeCloseEvent" classname="io.atomix.protocols.raft.RaftTest" time="3.309"/>
  <testcase name="testOneNodeSubmitQueryWithLinearizableConsistency" classname="io.atomix.protocols.raft.RaftTest" time="1.804"/>
  <testcase name="testThreeNodeSubmitQueryWithBoundedLinearizableConsistency" classname="io.atomix.protocols.raft.RaftTest" time="2.376"/>
  <testcase name="testLeaderLeave" classname="io.atomix.protocols.raft.RaftTest" time="2.483"/>
  <testcase name="testFiveNodesEventsAfterFollowerKill" classname="io.atomix.protocols.raft.RaftTest" time="6.27"/>
  <testcase name="testThreeNodesEventsAfterFollowerKill" classname="io.atomix.protocols.raft.RaftTest" time="4.267"/>
  <testcase name="testFiveNodeEvents" classname="io.atomix.protocols.raft.RaftTest" time="3.475"/>
</testsuite>