<?xml version="1.0" encoding="UTF-8"?>
<testsuite name="io.atomix.protocols.raft.RaftTest" time="377.913" tests="65" errors="1" skipped="1" failures="0">
  <properties>
    <property name="java.runtime.name" value="OpenJDK Runtime Environment"/>
    <property name="sun.boot.library.path" value="/usr/lib/jvm/java-8-openjdk-amd64/jre/lib/amd64"/>
    <property name="java.vm.version" value="25.121-b13"/>
    <property name="java.vm.vendor" value="Oracle Corporation"/>
    <property name="maven.multiModuleProjectDirectory" value="/root/workspace/atomix/atomix/389404845"/>
    <property name="java.vendor.url" value="http://java.oracle.com/"/>
    <property name="path.separator" value=":"/>
    <property name="guice.disable.misplaced.annotation.check" value="true"/>
    <property name="skip.gulp" value="true"/>
    <property name="java.vm.name" value="OpenJDK 64-Bit Server VM"/>
    <property name="file.encoding.pkg" value="sun.io"/>
    <property name="sun.java.launcher" value="SUN_STANDARD"/>
    <property name="sun.os.patch.level" value="unknown"/>
    <property name="findbugs.skip" value="true"/>
    <property name="java.vm.specification.name" value="Java Virtual Machine Specification"/>
    <property name="user.dir" value="/root/workspace/atomix/atomix/389404845"/>
    <property name="checkstyle.skip" value="true"/>
    <property name="java.runtime.version" value="1.8.0_121-8u121-b13-1~bpo8+1-b13"/>
    <property name="java.awt.graphicsenv" value="sun.awt.X11GraphicsEnvironment"/>
    <property name="skip.npm" value="true"/>
    <property name="java.endorsed.dirs" value="/usr/lib/jvm/java-8-openjdk-amd64/jre/lib/endorsed"/>
    <property name="os.arch" value="amd64"/>
    <property name="java.io.tmpdir" value="/tmp"/>
    <property name="gpg.skip" value="true"/>
    <property name="line.separator" value="&#10;"/>
    <property name="java.vm.specification.vendor" value="Oracle Corporation"/>
    <property name="cobertura.skip" value="true"/>
    <property name="os.name" value="Linux"/>
    <property name="classworlds.conf" value="/usr/share/maven/bin/m2.conf"/>
    <property name="sun.jnu.encoding" value="UTF-8"/>
    <property name="java.library.path" value="/usr/java/packages/lib/amd64:/usr/lib/x86_64-linux-gnu/jni:/lib/x86_64-linux-gnu:/usr/lib/x86_64-linux-gnu:/usr/lib/jni:/lib:/usr/lib"/>
    <property name="license.skip" value="true"/>
    <property name="java.specification.name" value="Java Platform API Specification"/>
    <property name="java.class.version" value="52.0"/>
    <property name="sun.management.compiler" value="HotSpot 64-Bit Tiered Compilers"/>
    <property name="skip.bower" value="true"/>
    <property name="maven.repo.local" value="/root/./workspace/atomix/atomix/389404845/.m2"/>
    <property name="os.version" value="3.10.0-862.3.2.el7.x86_64"/>
    <property name="user.home" value="/root"/>
    <property name="user.timezone" value="Europe/Paris"/>
    <property name="java.awt.printerjob" value="sun.print.PSPrinterJob"/>
    <property name="java.specification.version" value="1.8"/>
    <property name="file.encoding" value="UTF-8"/>
    <property name="user.name" value="root"/>
    <property name="java.class.path" value="/usr/share/maven/boot/plexus-classworlds-2.5.2.jar"/>
    <property name="skipITs" value="true"/>
    <property name="java.vm.specification.version" value="1.8"/>
    <property name="sun.arch.data.model" value="64"/>
    <property name="java.home" value="/usr/lib/jvm/java-8-openjdk-amd64/jre"/>
    <property name="sun.java.command" value="org.codehaus.plexus.classworlds.launcher.Launcher -B -D enforcer.skip=true -D dependency-check.skip=true -D skipITs=true -D cobertura.skip=true -D maven.repo.local=/root/./workspace/atomix/atomix/389404845/.m2 -D rat.skip=true -D findbugs.skip=true -D skip.bower=true -D gpg.skip=true -D checkstyle.skip=true -D skip.gulp=true -D license.skip=true -D skip.npm=true test"/>
    <property name="java.specification.vendor" value="Oracle Corporation"/>
    <property name="user.language" value="en"/>
    <property name="awt.toolkit" value="sun.awt.X11.XToolkit"/>
    <property name="dependency-check.skip" value="true"/>
    <property name="java.vm.info" value="mixed mode"/>
    <property name="java.version" value="1.8.0_121"/>
    <property name="java.ext.dirs" value="/usr/lib/jvm/java-8-openjdk-amd64/jre/lib/ext:/usr/java/packages/lib/ext"/>
    <property name="securerandom.source" value="file:/dev/./urandom"/>
    <property name="sun.boot.class.path" value="/usr/lib/jvm/java-8-openjdk-amd64/jre/lib/resources.jar:/usr/lib/jvm/java-8-openjdk-amd64/jre/lib/rt.jar:/usr/lib/jvm/java-8-openjdk-amd64/jre/lib/sunrsasign.jar:/usr/lib/jvm/java-8-openjdk-amd64/jre/lib/jsse.jar:/usr/lib/jvm/java-8-openjdk-amd64/jre/lib/jce.jar:/usr/lib/jvm/java-8-openjdk-amd64/jre/lib/charsets.jar:/usr/lib/jvm/java-8-openjdk-amd64/jre/lib/jfr.jar:/usr/lib/jvm/java-8-openjdk-amd64/jre/classes"/>
    <property name="java.vendor" value="Oracle Corporation"/>
    <property name="enforcer.skip" value="true"/>
    <property name="rat.skip" value="true"/>
    <property name="maven.home" value="/usr/share/maven"/>
    <property name="file.separator" value="/"/>
    <property name="java.vendor.url.bug" value="http://bugreport.sun.com/bugreport/"/>
    <property name="sun.cpu.endian" value="little"/>
    <property name="sun.io.unicode.encoding" value="UnicodeLittle"/>
    <property name="sun.cpu.isalist" value=""/>
  </properties>
  <testcase name="testFourNodeSequentialEvent" classname="io.atomix.protocols.raft.RaftTest" time="4.921"/>
  <testcase name="testCrashRecover" classname="io.atomix.protocols.raft.RaftTest" time="45.127"/>
  <testcase name="testSequenceBoundedLinearizableOperations" classname="io.atomix.protocols.raft.RaftTest" time="4.261"/>
  <testcase name="testThreeOfFourNodeSubmitCommand" classname="io.atomix.protocols.raft.RaftTest" time="5.306"/>
  <testcase name="testFourNodeSubmitQueryWithLinearizableConsistency" classname="io.atomix.protocols.raft.RaftTest" time="4.548"/>
  <testcase name="testOneNodeEvents" classname="io.atomix.protocols.raft.RaftTest" time="2.96"/>
  <testcase name="testThreeNodesManyEventsAfterLeaderShutdown" classname="io.atomix.protocols.raft.RaftTest" time="13.517"/>
  <testcase name="testClientKeepAlive" classname="io.atomix.protocols.raft.RaftTest" time="13.839"/>
  <testcase name="testFiveNodeManySessionsManyEvents" classname="io.atomix.protocols.raft.RaftTest" time="6.285"/>
  <testcase name="testFourNodeEvents" classname="io.atomix.protocols.raft.RaftTest" time="6.332"/>
  <testcase name="testPassiveJoinEvent" classname="io.atomix.protocols.raft.RaftTest" time="9.074"/>
  <testcase name="testSessionMetadata" classname="io.atomix.protocols.raft.RaftTest" time="7.342"/>
  <testcase name="testFiveNodeSequentialEvent" classname="io.atomix.protocols.raft.RaftTest" time="3.867"/>
  <testcase name="testServerLeave" classname="io.atomix.protocols.raft.RaftTest" time="4.079"/>
  <testcase name="testOneNodeSubmitQueryWithSequentialConsistency" classname="io.atomix.protocols.raft.RaftTest" time="2.269"/>
  <testcase name="testFourNodeSubmitQueryWithSequentialConsistency" classname="io.atomix.protocols.raft.RaftTest" time="4.396"/>
  <testcase name="testBlockOnEvent" classname="io.atomix.protocols.raft.RaftTest" time="3.06"/>
  <testcase name="testDemoteLeader" classname="io.atomix.protocols.raft.RaftTest" time="3.912"/>
  <testcase name="testTwoOfThreeNodeSubmitCommand" classname="io.atomix.protocols.raft.RaftTest" time="2.147"/>
  <testcase name="testOneNodeCloseEvent" classname="io.atomix.protocols.raft.RaftTest" time="2.585"/>
  <testcase name="testOneNodeSequentialEvent" classname="io.atomix.protocols.raft.RaftTest" time="1.917"/>
  <testcase name="testThreeNodeSubmitCommand" classname="io.atomix.protocols.raft.RaftTest" time="2.814"/>
  <testcase name="testActiveJoinLate" classname="io.atomix.protocols.raft.RaftTest" time="21.233"/>
  <testcase name="testThreeNodeSubmitQueryWithSequentialConsistency" classname="io.atomix.protocols.raft.RaftTest" time="2.656"/>
  <testcase name="testFiveNodeSubmitQueryWithBoundedLinearizableConsistency" classname="io.atomix.protocols.raft.RaftTest" time="4.249"/>
  <testcase name="testTwoNodeSubmitQueryWithBoundedLinearizableConsistency" classname="io.atomix.protocols.raft.RaftTest" time="2.2"/>
  <testcase name="testThreeOfFiveNodeSubmitCommand" classname="io.atomix.protocols.raft.RaftTest" time="2.998"/>
  <testcase name="testTwoNodeSubmitQueryWithSequentialConsistency" classname="io.atomix.protocols.raft.RaftTest" time="2.425"/>
  <testcase name="testActiveJoinEvent" classname="io.atomix.protocols.raft.RaftTest" time="3.701"/>
  <testcase name="testOneNodeSubmitCommand" classname="io.atomix.protocols.raft.RaftTest" time="1.456"/>
  <testcase name="testFourNodeSubmitCommand" classname="io.atomix.protocols.raft.RaftTest" time="4.297"/>
  <testcase name="testTwoNodeSequentialEvent" classname="io.atomix.protocols.raft.RaftTest" time="2.482"/>
  <testcase name="testThreeNodeCloseEvent" classname="io.atomix.protocols.raft.RaftTest" time="2.968"/>
  <testcase name="testFourNodeSubmitQueryWithBoundedLinearizableConsistency" classname="io.atomix.protocols.raft.RaftTest" time="3.565"/>
  <testcase name="testFiveNodeSubmitQueryWithLinearizableConsistency" classname="io.atomix.protocols.raft.RaftTest" time="3.267"/>
  <testcase name="testSequenceSequentialOperations" classname="io.atomix.protocols.raft.RaftTest" time="4.486"/>
  <testcase name="testSingleMemberStart" classname="io.atomix.protocols.raft.RaftTest" time="4.932"/>
  <testcase name="testThreeNodeEvents" classname="io.atomix.protocols.raft.RaftTest" time="3.575"/>
  <testcase name="testSequenceLinearizableOperations" classname="io.atomix.protocols.raft.RaftTest" time="4.475"/>
  <testcase name="testThreeNodeSubmitQueryWithLinearizableConsistency" classname="io.atomix.protocols.raft.RaftTest" time="3.996"/>
  <testcase name="testFiveNodeManyEvents" classname="io.atomix.protocols.raft.RaftTest" time="5.074"/>
  <testcase name="testOneNodeSubmitQueryWithBoundedLinearizableConsistency" classname="io.atomix.protocols.raft.RaftTest" time="1.443"/>
  <testcase name="testFiveNodeExpireEvent" classname="io.atomix.protocols.raft.RaftTest" time="10.742"/>
  <testcase name="testFiveNodeSubmitQueryWithSequentialConsistency" classname="io.atomix.protocols.raft.RaftTest" time="3.714"/>
  <testcase name="testTransferLeadership" classname="io.atomix.protocols.raft.RaftTest" time="3.719">
    <skipped/>
  </testcase>
  <testcase name="testTwoNodeSubmitQueryWithLinearizableConsistency" classname="io.atomix.protocols.raft.RaftTest" time="4.441"/>
  <testcase name="testThreeNodeSequentialEvent" classname="io.atomix.protocols.raft.RaftTest" time="2.872"/>
  <testcase name="testTwoNodeEvents" classname="io.atomix.protocols.raft.RaftTest" time="3.489"/>
  <testcase name="testActiveJoin" classname="io.atomix.protocols.raft.RaftTest" time="4.333"/>
  <testcase name="testPassiveJoinLate" classname="io.atomix.protocols.raft.RaftTest" time="18.056">
    <error message="Test timed out while waiting for an expected result" type="java.util.concurrent.TimeoutException">java.util.concurrent.TimeoutException: Test timed out while waiting for an expected result
	at net.jodah.concurrentunit.Waiter.await(Waiter.java:168)
	at net.jodah.concurrentunit.Waiter.await(Waiter.java:115)
	at net.jodah.concurrentunit.ConcurrentTestCase.await(ConcurrentTestCase.java:98)
	at io.atomix.protocols.raft.RaftTest.testServerJoinLate(RaftTest.java:202)
	at io.atomix.protocols.raft.RaftTest.testPassiveJoinLate(RaftTest.java:191)
</error>
    <system-out><![CDATA[22:48:26.998 [main] DEBUG i.a.storage.journal.SegmentedJournal - Created disk segment: JournalSegment{id=1, version=1, index=1, size=64}
22:48:26.999 [main] TRACE i.a.p.raft.storage.system.MetaStore - Store configuration Configuration{index=0, time=2018-06-07 10:48:26,999, members=[DefaultRaftMember{id=1, type=ACTIVE, updated=2018-06-07T20:48:26.999Z}, DefaultRaftMember{id=3, type=ACTIVE, updated=2018-06-07T20:48:26.999Z}, DefaultRaftMember{id=2, type=ACTIVE, updated=2018-06-07T20:48:26.999Z}]}
22:48:27.020 [raft-server-1] INFO  i.a.protocols.raft.impl.RaftContext - RaftServer{1} - Transitioning to FOLLOWER
22:48:27.021 [raft-server-1] DEBUG i.a.p.r.c.impl.RaftClusterContext - RaftServer{1} - Attempting to join via 3
22:48:27.021 [raft-server-1] TRACE i.a.p.r.c.impl.RaftClusterContext - RaftServer{1} - Cancelling join timeout
22:48:27.021 [raft-server-1] DEBUG i.a.p.r.c.impl.RaftClusterContext - RaftServer{1} - Failed to join 3
22:48:27.021 [raft-server-1] DEBUG i.a.p.r.c.impl.RaftClusterContext - RaftServer{1} - Attempting to join via 2
22:48:27.021 [raft-server-1] TRACE i.a.p.r.c.impl.RaftClusterContext - RaftServer{1} - Cancelling join timeout
22:48:27.021 [raft-server-1] DEBUG i.a.p.r.c.impl.RaftClusterContext - RaftServer{1} - Failed to join 2
22:48:27.021 [raft-server-1] DEBUG i.a.p.r.c.impl.RaftClusterContext - RaftServer{1} - Failed to join cluster, retrying...
22:48:27.524 [main] DEBUG i.a.storage.journal.SegmentedJournal - Created disk segment: JournalSegment{id=1, version=1, index=1, size=64}
22:48:27.525 [main] TRACE i.a.p.raft.storage.system.MetaStore - Store configuration Configuration{index=0, time=2018-06-07 10:48:27,525, members=[DefaultRaftMember{id=1, type=ACTIVE, updated=2018-06-07T20:48:27.525Z}, DefaultRaftMember{id=3, type=ACTIVE, updated=2018-06-07T20:48:27.525Z}, DefaultRaftMember{id=2, type=ACTIVE, updated=2018-06-07T20:48:27.525Z}]}
22:48:27.593 [raft-server-2] INFO  i.a.protocols.raft.impl.RaftContext - RaftServer{2} - Transitioning to FOLLOWER
22:48:27.594 [raft-server-2] DEBUG i.a.p.r.c.impl.RaftClusterContext - RaftServer{2} - Attempting to join via 1
22:48:27.594 [raft-server-1] TRACE i.a.p.raft.roles.FollowerRole - RaftServer{1}{role=FOLLOWER} - Received JoinRequest{member=DefaultRaftMember{id=2, type=ACTIVE, updated=2018-06-07T20:48:27.525Z}}
22:48:27.594 [raft-server-1] TRACE i.a.p.raft.roles.FollowerRole - RaftServer{1}{role=FOLLOWER} - Sending JoinResponse{status=ERROR, error=RaftError{type=NO_LEADER, message=null}}
22:48:27.594 [raft-server-2] TRACE i.a.p.r.c.impl.RaftClusterContext - RaftServer{2} - Cancelling join timeout
22:48:27.594 [raft-server-2] DEBUG i.a.p.r.c.impl.RaftClusterContext - RaftServer{2} - Failed to join 1
22:48:27.594 [raft-server-2] DEBUG i.a.p.r.c.impl.RaftClusterContext - RaftServer{2} - Attempting to join via 3
22:48:27.594 [raft-server-2] TRACE i.a.p.r.c.impl.RaftClusterContext - RaftServer{2} - Cancelling join timeout
22:48:27.594 [raft-server-2] DEBUG i.a.p.r.c.impl.RaftClusterContext - RaftServer{2} - Failed to join 3
22:48:27.594 [raft-server-2] DEBUG i.a.p.r.c.impl.RaftClusterContext - RaftServer{2} - Failed to join cluster, retrying...
22:48:27.847 [main] DEBUG i.a.storage.journal.SegmentedJournal - Created disk segment: JournalSegment{id=1, version=1, index=1, size=64}
22:48:27.847 [main] TRACE i.a.p.raft.storage.system.MetaStore - Store configuration Configuration{index=0, time=2018-06-07 10:48:27,847, members=[DefaultRaftMember{id=1, type=ACTIVE, updated=2018-06-07T20:48:27.847Z}, DefaultRaftMember{id=3, type=ACTIVE, updated=2018-06-07T20:48:27.847Z}, DefaultRaftMember{id=2, type=ACTIVE, updated=2018-06-07T20:48:27.847Z}]}
22:48:27.895 [raft-server-3] INFO  i.a.protocols.raft.impl.RaftContext - RaftServer{3} - Transitioning to FOLLOWER
22:48:27.896 [raft-server-3] DEBUG i.a.p.r.c.impl.RaftClusterContext - RaftServer{3} - Attempting to join via 1
22:48:27.896 [raft-server-1] TRACE i.a.p.raft.roles.FollowerRole - RaftServer{1}{role=FOLLOWER} - Received JoinRequest{member=DefaultRaftMember{id=3, type=ACTIVE, updated=2018-06-07T20:48:27.847Z}}
22:48:27.896 [raft-server-1] TRACE i.a.p.raft.roles.FollowerRole - RaftServer{1}{role=FOLLOWER} - Sending JoinResponse{status=ERROR, error=RaftError{type=NO_LEADER, message=null}}
22:48:27.896 [raft-server-3] TRACE i.a.p.r.c.impl.RaftClusterContext - RaftServer{3} - Cancelling join timeout
22:48:27.896 [raft-server-3] DEBUG i.a.p.r.c.impl.RaftClusterContext - RaftServer{3} - Failed to join 1
22:48:27.896 [raft-server-3] DEBUG i.a.p.r.c.impl.RaftClusterContext - RaftServer{3} - Attempting to join via 2
22:48:27.896 [raft-server-2] TRACE i.a.p.raft.roles.FollowerRole - RaftServer{2}{role=FOLLOWER} - Received JoinRequest{member=DefaultRaftMember{id=3, type=ACTIVE, updated=2018-06-07T20:48:27.847Z}}
22:48:27.896 [raft-server-2] TRACE i.a.p.raft.roles.FollowerRole - RaftServer{2}{role=FOLLOWER} - Sending JoinResponse{status=ERROR, error=RaftError{type=NO_LEADER, message=null}}
22:48:27.896 [raft-server-3] TRACE i.a.p.r.c.impl.RaftClusterContext - RaftServer{3} - Cancelling join timeout
22:48:27.896 [raft-server-3] DEBUG i.a.p.r.c.impl.RaftClusterContext - RaftServer{3} - Failed to join 2
22:48:27.896 [raft-server-3] DEBUG i.a.p.r.c.impl.RaftClusterContext - RaftServer{3} - Failed to join cluster, retrying...
22:48:28.066 [raft-server-1] DEBUG i.a.p.raft.roles.FollowerRole - RaftServer{1}{role=FOLLOWER} - Heartbeat timed out in PT1.045S
22:48:28.066 [raft-server-1] DEBUG i.a.p.raft.roles.FollowerRole - RaftServer{1}{role=FOLLOWER} - Polling members [DefaultRaftMember{id=3, type=ACTIVE, updated=2018-06-07T20:48:26.999Z}, DefaultRaftMember{id=2, type=ACTIVE, updated=2018-06-07T20:48:26.999Z}]
22:48:28.066 [raft-server-1] DEBUG i.a.p.raft.roles.FollowerRole - RaftServer{1}{role=FOLLOWER} - Polling DefaultRaftMember{id=3, type=ACTIVE, updated=2018-06-07T20:48:26.999Z} for next term 1
22:48:28.066 [raft-server-1] DEBUG i.a.p.raft.roles.FollowerRole - RaftServer{1}{role=FOLLOWER} - Polling DefaultRaftMember{id=2, type=ACTIVE, updated=2018-06-07T20:48:26.999Z} for next term 1
22:48:28.066 [raft-server-3] TRACE i.a.p.raft.roles.FollowerRole - RaftServer{3}{role=FOLLOWER} - Received PollRequest{term=0, candidate=1, lastLogIndex=0, lastLogTerm=0}
22:48:28.066 [raft-server-2] TRACE i.a.p.raft.roles.FollowerRole - RaftServer{2}{role=FOLLOWER} - Received PollRequest{term=0, candidate=1, lastLogIndex=0, lastLogTerm=0}
22:48:28.066 [raft-server-3] DEBUG i.a.p.raft.roles.FollowerRole - RaftServer{3}{role=FOLLOWER} - Accepted PollRequest{term=0, candidate=1, lastLogIndex=0, lastLogTerm=0}: candidate's log is up-to-date
22:48:28.066 [raft-server-2] DEBUG i.a.p.raft.roles.FollowerRole - RaftServer{2}{role=FOLLOWER} - Accepted PollRequest{term=0, candidate=1, lastLogIndex=0, lastLogTerm=0}: candidate's log is up-to-date
22:48:28.066 [raft-server-3] TRACE i.a.p.raft.roles.FollowerRole - RaftServer{3}{role=FOLLOWER} - Sending PollResponse{status=OK, term=0, accepted=true}
22:48:28.066 [raft-server-2] TRACE i.a.p.raft.roles.FollowerRole - RaftServer{2}{role=FOLLOWER} - Sending PollResponse{status=OK, term=0, accepted=true}
22:48:28.066 [raft-server-1] DEBUG i.a.p.raft.roles.FollowerRole - RaftServer{1}{role=FOLLOWER} - Received accepted poll from DefaultRaftMember{id=3, type=ACTIVE, updated=2018-06-07T20:48:26.999Z}
22:48:28.066 [raft-server-1] INFO  i.a.protocols.raft.impl.RaftContext - RaftServer{1} - Transitioning to CANDIDATE
22:48:28.067 [raft-server-1] TRACE i.a.p.raft.roles.FollowerRole - RaftServer{1}{role=FOLLOWER} - Cancelling heartbeat timer
22:48:28.067 [raft-server-1] INFO  i.a.p.raft.roles.CandidateRole - RaftServer{1}{role=CANDIDATE} - Starting election
22:48:28.067 [raft-server-1] TRACE i.a.p.raft.storage.system.MetaStore - Store term 1
22:48:28.090 [raft-server-1] TRACE i.a.p.raft.storage.system.MetaStore - Store vote null
22:48:28.115 [raft-server-1] DEBUG i.a.protocols.raft.impl.RaftContext - RaftServer{1} - Set term 1
22:48:28.115 [raft-server-1] TRACE i.a.p.raft.storage.system.MetaStore - Store vote 1
22:48:28.137 [raft-server-1] DEBUG i.a.protocols.raft.impl.RaftContext - RaftServer{1} - Voted for 1
22:48:28.137 [raft-server-1] DEBUG i.a.p.raft.roles.CandidateRole - RaftServer{1}{role=CANDIDATE} - Requesting votes for term 1
22:48:28.137 [raft-server-1] DEBUG i.a.p.raft.roles.CandidateRole - RaftServer{1}{role=CANDIDATE} - Requesting vote from DefaultRaftMember{id=3, type=ACTIVE, updated=2018-06-07T20:48:26.999Z} for term 1
22:48:28.137 [raft-server-1] DEBUG i.a.p.raft.roles.CandidateRole - RaftServer{1}{role=CANDIDATE} - Requesting vote from DefaultRaftMember{id=2, type=ACTIVE, updated=2018-06-07T20:48:26.999Z} for term 1
22:48:28.137 [raft-server-3] TRACE i.a.p.raft.roles.FollowerRole - RaftServer{3}{role=FOLLOWER} - Received VoteRequest{term=1, candidate=1, lastLogIndex=0, lastLogTerm=0}
22:48:28.137 [raft-server-3] TRACE i.a.p.raft.storage.system.MetaStore - Store term 1
22:48:28.137 [raft-server-2] TRACE i.a.p.raft.roles.FollowerRole - RaftServer{2}{role=FOLLOWER} - Received VoteRequest{term=1, candidate=1, lastLogIndex=0, lastLogTerm=0}
22:48:28.137 [raft-server-2] TRACE i.a.p.raft.storage.system.MetaStore - Store term 1
22:48:28.157 [raft-server-3] TRACE i.a.p.raft.storage.system.MetaStore - Store vote null
22:48:28.157 [raft-server-2] TRACE i.a.p.raft.storage.system.MetaStore - Store vote null
22:48:28.182 [raft-server-2] DEBUG i.a.protocols.raft.impl.RaftContext - RaftServer{2} - Set term 1
22:48:28.182 [raft-server-3] DEBUG i.a.protocols.raft.impl.RaftContext - RaftServer{3} - Set term 1
22:48:28.182 [raft-server-3] DEBUG i.a.p.raft.roles.FollowerRole - RaftServer{3}{role=FOLLOWER} - Accepted VoteRequest{term=1, candidate=1, lastLogIndex=0, lastLogTerm=0}: candidate's log is up-to-date
22:48:28.182 [raft-server-2] DEBUG i.a.p.raft.roles.FollowerRole - RaftServer{2}{role=FOLLOWER} - Accepted VoteRequest{term=1, candidate=1, lastLogIndex=0, lastLogTerm=0}: candidate's log is up-to-date
22:48:28.182 [raft-server-3] TRACE i.a.p.raft.storage.system.MetaStore - Store vote 1
22:48:28.182 [raft-server-2] TRACE i.a.p.raft.storage.system.MetaStore - Store vote 1
22:48:28.215 [raft-server-2] DEBUG i.a.protocols.raft.impl.RaftContext - RaftServer{2} - Voted for 1
22:48:28.215 [raft-server-2] TRACE i.a.p.raft.roles.FollowerRole - RaftServer{2}{role=FOLLOWER} - Sending VoteResponse{status=OK, term=1, voted=true}
22:48:28.215 [raft-server-3] DEBUG i.a.protocols.raft.impl.RaftContext - RaftServer{3} - Voted for 1
22:48:28.215 [raft-server-1] DEBUG i.a.p.raft.roles.CandidateRole - RaftServer{1}{role=CANDIDATE} - Received successful vote from DefaultRaftMember{id=2, type=ACTIVE, updated=2018-06-07T20:48:26.999Z}
22:48:28.215 [raft-server-3] TRACE i.a.p.raft.roles.FollowerRole - RaftServer{3}{role=FOLLOWER} - Sending VoteResponse{status=OK, term=1, voted=true}
22:48:28.215 [raft-server-1] INFO  i.a.protocols.raft.impl.RaftContext - RaftServer{1} - Transitioning to LEADER
22:48:28.215 [raft-server-1] DEBUG i.a.p.raft.roles.CandidateRole - RaftServer{1}{role=CANDIDATE} - Cancelling election
22:48:28.215 [raft-server-1] INFO  i.a.protocols.raft.impl.RaftContext - RaftServer{1} - Found leader 1
22:48:28.215 [raft-server-1] TRACE i.a.p.raft.storage.system.MetaStore - Store vote null
22:48:28.246 [raft-server-1] TRACE i.a.protocols.raft.roles.LeaderRole - RaftServer{1}{role=LEADER} - Appended Indexed{index=1, entry=InitializeEntry{term=1, timestamp=2018-06-07 10:48:28,215}}
22:48:28.246 [raft-server-1] DEBUG i.a.p.raft.roles.LeaderAppender - RaftServer{1} - Configuring 3
22:48:28.246 [raft-server-1] TRACE i.a.p.raft.roles.LeaderAppender - RaftServer{1} - Sending ConfigureRequest{term=1, leader=1, index=0, timestamp=1528404506999, members=[DefaultRaftMember{id=1, type=ACTIVE, updated=2018-06-07T20:48:26.999Z}, DefaultRaftMember{id=3, type=ACTIVE, updated=2018-06-07T20:48:26.999Z}, DefaultRaftMember{id=2, type=ACTIVE, updated=2018-06-07T20:48:26.999Z}]} to 3
22:48:28.246 [raft-server-1] DEBUG i.a.p.raft.roles.LeaderAppender - RaftServer{1} - Configuring 2
22:48:28.246 [raft-server-3] TRACE i.a.p.raft.roles.FollowerRole - RaftServer{3}{role=FOLLOWER} - Received ConfigureRequest{term=1, leader=1, index=0, timestamp=1528404506999, members=[DefaultRaftMember{id=1, type=ACTIVE, updated=2018-06-07T20:48:26.999Z}, DefaultRaftMember{id=3, type=ACTIVE, updated=2018-06-07T20:48:26.999Z}, DefaultRaftMember{id=2, type=ACTIVE, updated=2018-06-07T20:48:26.999Z}]}
22:48:28.246 [raft-server-1] TRACE i.a.p.raft.roles.LeaderAppender - RaftServer{1} - Sending ConfigureRequest{term=1, leader=1, index=0, timestamp=1528404506999, members=[DefaultRaftMember{id=1, type=ACTIVE, updated=2018-06-07T20:48:26.999Z}, DefaultRaftMember{id=3, type=ACTIVE, updated=2018-06-07T20:48:26.999Z}, DefaultRaftMember{id=2, type=ACTIVE, updated=2018-06-07T20:48:26.999Z}]} to 2
22:48:28.246 [raft-server-3] INFO  i.a.protocols.raft.impl.RaftContext - RaftServer{3} - Found leader 1
22:48:28.246 [raft-server-3] TRACE i.a.p.raft.storage.system.MetaStore - Store vote null
22:48:28.246 [raft-server-2] TRACE i.a.p.raft.roles.FollowerRole - RaftServer{2}{role=FOLLOWER} - Received ConfigureRequest{term=1, leader=1, index=0, timestamp=1528404506999, members=[DefaultRaftMember{id=1, type=ACTIVE, updated=2018-06-07T20:48:26.999Z}, DefaultRaftMember{id=3, type=ACTIVE, updated=2018-06-07T20:48:26.999Z}, DefaultRaftMember{id=2, type=ACTIVE, updated=2018-06-07T20:48:26.999Z}]}
22:48:28.246 [raft-server-1] TRACE i.a.protocols.raft.roles.LeaderRole - RaftServer{1}{role=LEADER} - Starting append timer
22:48:28.246 [raft-server-2] INFO  i.a.protocols.raft.impl.RaftContext - RaftServer{2} - Found leader 1
22:48:28.246 [raft-server-2] TRACE i.a.p.raft.storage.system.MetaStore - Store vote null
22:48:28.247 [raft-server-1] TRACE i.a.p.raft.roles.LeaderAppender - RaftServer{1} - Sending AppendRequest{term=1, leader=1, prevLogIndex=0, prevLogTerm=0, entries=0, commitIndex=0} to 3
22:48:28.247 [raft-server-1] TRACE i.a.p.raft.roles.LeaderAppender - RaftServer{1} - Sending AppendRequest{term=1, leader=1, prevLogIndex=0, prevLogTerm=0, entries=0, commitIndex=0} to 2
22:48:28.270 [raft-server-3] TRACE i.a.p.raft.roles.FollowerRole - RaftServer{3}{role=FOLLOWER} - Sending ConfigureResponse{status=OK}
22:48:28.270 [raft-server-3] TRACE i.a.p.raft.roles.FollowerRole - RaftServer{3}{role=FOLLOWER} - Received AppendRequest{term=1, leader=1, prevLogIndex=0, prevLogTerm=0, entries=0, commitIndex=0}
22:48:28.270 [raft-server-1] TRACE i.a.p.raft.roles.LeaderAppender - RaftServer{1} - Received ConfigureResponse{status=OK} from 3
22:48:28.270 [raft-server-3] TRACE i.a.p.raft.roles.FollowerRole - RaftServer{3}{role=FOLLOWER} - Sending AppendResponse{status=OK, term=1, succeeded=true, lastLogIndex=0}
22:48:28.270 [raft-server-1] TRACE i.a.p.raft.roles.LeaderAppender - RaftServer{1} - Received AppendResponse{status=OK, term=1, succeeded=true, lastLogIndex=0} from 3
22:48:28.270 [raft-server-1] TRACE i.a.p.raft.roles.LeaderAppender - RaftServer{1} - Sending AppendRequest{term=1, leader=1, prevLogIndex=0, prevLogTerm=0, entries=1, commitIndex=0} to 3
22:48:28.270 [raft-server-3] TRACE i.a.p.raft.roles.FollowerRole - RaftServer{3}{role=FOLLOWER} - Received AppendRequest{term=1, leader=1, prevLogIndex=0, prevLogTerm=0, entries=1, commitIndex=0}
22:48:28.270 [raft-server-3] DEBUG i.a.p.raft.roles.FollowerRole - RaftServer{3}{role=FOLLOWER} - Reset first index to 1
22:48:28.271 [raft-server-3] TRACE i.a.p.raft.roles.FollowerRole - RaftServer{3}{role=FOLLOWER} - Appended Indexed{index=1, entry=InitializeEntry{term=1, timestamp=2018-06-07 10:48:28,215}}
22:48:28.271 [raft-server-3] TRACE i.a.p.raft.roles.FollowerRole - RaftServer{3}{role=FOLLOWER} - Sending AppendResponse{status=OK, term=1, succeeded=true, lastLogIndex=1}
22:48:28.271 [raft-server-1] TRACE i.a.p.raft.roles.LeaderAppender - RaftServer{1} - Received AppendResponse{status=OK, term=1, succeeded=true, lastLogIndex=1} from 3
22:48:28.271 [raft-server-1] TRACE i.a.p.raft.roles.LeaderAppender - RaftServer{1} - Committed entries up to 1
22:48:28.307 [raft-server-2] TRACE i.a.p.raft.roles.FollowerRole - RaftServer{2}{role=FOLLOWER} - Sending ConfigureResponse{status=OK}
22:48:28.307 [raft-server-2] TRACE i.a.p.raft.roles.FollowerRole - RaftServer{2}{role=FOLLOWER} - Received AppendRequest{term=1, leader=1, prevLogIndex=0, prevLogTerm=0, entries=0, commitIndex=0}
22:48:28.307 [raft-server-2] TRACE i.a.p.raft.roles.FollowerRole - RaftServer{2}{role=FOLLOWER} - Sending AppendResponse{status=OK, term=1, succeeded=true, lastLogIndex=0}
22:48:28.323 [raft-server-1] TRACE i.a.p.raft.roles.LeaderAppender - RaftServer{1} - Received ConfigureResponse{status=OK} from 2
22:48:28.323 [raft-server-1] TRACE i.a.p.raft.roles.LeaderAppender - RaftServer{1} - Received AppendResponse{status=OK, term=1, succeeded=true, lastLogIndex=0} from 2
22:48:28.324 [raft-server-1] TRACE i.a.p.raft.roles.LeaderAppender - RaftServer{1} - Sending AppendRequest{term=1, leader=1, prevLogIndex=0, prevLogTerm=0, entries=1, commitIndex=1} to 2
22:48:28.324 [raft-server-2] TRACE i.a.p.raft.roles.FollowerRole - RaftServer{2}{role=FOLLOWER} - Received AppendRequest{term=1, leader=1, prevLogIndex=0, prevLogTerm=0, entries=1, commitIndex=1}
22:48:28.324 [raft-server-2] DEBUG i.a.p.raft.roles.FollowerRole - RaftServer{2}{role=FOLLOWER} - Reset first index to 1
22:48:28.324 [raft-server-1-state] TRACE i.a.p.raft.impl.RaftServiceManager - RaftServer{1} - Applying Indexed{index=1, entry=InitializeEntry{term=1, timestamp=2018-06-07 10:48:28,215}}
22:48:28.324 [raft-server-2] TRACE i.a.p.raft.roles.FollowerRole - RaftServer{2}{role=FOLLOWER} - Appended Indexed{index=1, entry=InitializeEntry{term=1, timestamp=2018-06-07 10:48:28,215}}
22:48:28.373 [raft-server-2] TRACE i.a.p.raft.roles.FollowerRole - RaftServer{2}{role=FOLLOWER} - Committed entries up to index 1
22:48:28.373 [raft-server-2] TRACE i.a.p.raft.roles.FollowerRole - RaftServer{2}{role=FOLLOWER} - Sending AppendResponse{status=OK, term=1, succeeded=true, lastLogIndex=1}
22:48:28.373 [raft-server-1] TRACE i.a.p.raft.roles.LeaderAppender - RaftServer{1} - Received AppendResponse{status=OK, term=1, succeeded=true, lastLogIndex=1} from 2
22:48:28.374 [raft-server-2-state] TRACE i.a.p.raft.impl.RaftServiceManager - RaftServer{2} - Applying Indexed{index=1, entry=InitializeEntry{term=1, timestamp=2018-06-07 10:48:28,215}}
22:48:28.497 [raft-server-1] TRACE i.a.p.raft.roles.LeaderAppender - RaftServer{1} - Sending AppendRequest{term=1, leader=1, prevLogIndex=1, prevLogTerm=1, entries=0, commitIndex=1} to 3
22:48:28.497 [raft-server-1] TRACE i.a.p.raft.roles.LeaderAppender - RaftServer{1} - Sending AppendRequest{term=1, leader=1, prevLogIndex=1, prevLogTerm=1, entries=0, commitIndex=1} to 2
22:48:28.497 [raft-server-3] TRACE i.a.p.raft.roles.FollowerRole - RaftServer{3}{role=FOLLOWER} - Received AppendRequest{term=1, leader=1, prevLogIndex=1, prevLogTerm=1, entries=0, commitIndex=1}
22:48:28.497 [raft-server-2] TRACE i.a.p.raft.roles.FollowerRole - RaftServer{2}{role=FOLLOWER} - Received AppendRequest{term=1, leader=1, prevLogIndex=1, prevLogTerm=1, entries=0, commitIndex=1}
22:48:28.497 [raft-server-2] TRACE i.a.p.raft.roles.FollowerRole - RaftServer{2}{role=FOLLOWER} - Sending AppendResponse{status=OK, term=1, succeeded=true, lastLogIndex=1}
22:48:28.497 [raft-server-1] TRACE i.a.p.raft.roles.LeaderAppender - RaftServer{1} - Received AppendResponse{status=OK, term=1, succeeded=true, lastLogIndex=1} from 2
22:48:28.497 [raft-server-1] TRACE i.a.p.raft.roles.LeaderAppender - RaftServer{1} - Sending AppendRequest{term=1, leader=1, prevLogIndex=1, prevLogTerm=1, entries=0, commitIndex=1} to 2
22:48:28.497 [raft-server-2] TRACE i.a.p.raft.roles.FollowerRole - RaftServer{2}{role=FOLLOWER} - Received AppendRequest{term=1, leader=1, prevLogIndex=1, prevLogTerm=1, entries=0, commitIndex=1}
22:48:28.497 [raft-server-2] TRACE i.a.p.raft.roles.FollowerRole - RaftServer{2}{role=FOLLOWER} - Sending AppendResponse{status=OK, term=1, succeeded=true, lastLogIndex=1}
22:48:28.497 [raft-server-1] TRACE i.a.p.raft.roles.LeaderAppender - RaftServer{1} - Received AppendResponse{status=OK, term=1, succeeded=true, lastLogIndex=1} from 2
22:48:28.497 [raft-server-1] TRACE i.a.p.raft.roles.LeaderAppender - RaftServer{1} - Sending AppendRequest{term=1, leader=1, prevLogIndex=1, prevLogTerm=1, entries=0, commitIndex=1} to 2
22:48:28.497 [raft-server-2] TRACE i.a.p.raft.roles.FollowerRole - RaftServer{2}{role=FOLLOWER} - Received AppendRequest{term=1, leader=1, prevLogIndex=1, prevLogTerm=1, entries=0, commitIndex=1}
22:48:28.497 [raft-server-2] TRACE i.a.p.raft.roles.FollowerRole - RaftServer{2}{role=FOLLOWER} - Sending AppendResponse{status=OK, term=1, succeeded=true, lastLogIndex=1}
22:48:28.497 [raft-server-1] TRACE i.a.p.raft.roles.LeaderAppender - RaftServer{1} - Received AppendResponse{status=OK, term=1, succeeded=true, lastLogIndex=1} from 2
22:48:28.497 [raft-server-1] TRACE i.a.p.raft.roles.LeaderAppender - RaftServer{1} - Sending AppendRequest{term=1, leader=1, prevLogIndex=1, prevLogTerm=1, entries=0, commitIndex=1} to 2
22:48:28.497 [raft-server-2] TRACE i.a.p.raft.roles.FollowerRole - RaftServer{2}{role=FOLLOWER} - Received AppendRequest{term=1, leader=1, prevLogIndex=1, prevLogTerm=1, entries=0, commitIndex=1}
22:48:28.497 [raft-server-2] TRACE i.a.p.raft.roles.FollowerRole - RaftServer{2}{role=FOLLOWER} - Sending AppendResponse{status=OK, term=1, succeeded=true, lastLogIndex=1}
22:48:28.497 [raft-server-1] TRACE i.a.p.raft.roles.LeaderAppender - RaftServer{1} - Received AppendResponse{status=OK, term=1, succeeded=true, lastLogIndex=1} from 2
22:48:28.497 [raft-server-1] TRACE i.a.p.raft.roles.LeaderAppender - RaftServer{1} - Sending AppendRequest{term=1, leader=1, prevLogIndex=1, prevLogTerm=1, entries=0, commitIndex=1} to 2
22:48:28.497 [raft-server-2] TRACE i.a.p.raft.roles.FollowerRole - RaftServer{2}{role=FOLLOWER} - Received AppendRequest{term=1, leader=1, prevLogIndex=1, prevLogTerm=1, entries=0, commitIndex=1}
22:48:28.498 [raft-server-2] TRACE i.a.p.raft.roles.FollowerRole - RaftServer{2}{role=FOLLOWER} - Sending AppendResponse{status=OK, term=1, succeeded=true, lastLogIndex=1}
22:48:28.498 [raft-server-1] TRACE i.a.p.raft.roles.LeaderAppender - RaftServer{1} - Received AppendResponse{status=OK, term=1, succeeded=true, lastLogIndex=1} from 2
22:48:28.498 [raft-server-1] TRACE i.a.p.raft.roles.LeaderAppender - RaftServer{1} - Sending AppendRequest{term=1, leader=1, prevLogIndex=1, prevLogTerm=1, entries=0, commitIndex=1} to 2
22:48:28.498 [raft-server-2] TRACE i.a.p.raft.roles.FollowerRole - RaftServer{2}{role=FOLLOWER} - Received AppendRequest{term=1, leader=1, prevLogIndex=1, prevLogTerm=1, entries=0, commitIndex=1}
22:48:28.498 [raft-server-2] TRACE i.a.p.raft.roles.FollowerRole - RaftServer{2}{role=FOLLOWER} - Sending AppendResponse{status=OK, term=1, succeeded=true, lastLogIndex=1}
22:48:28.498 [raft-server-1] TRACE i.a.p.raft.roles.LeaderAppender - RaftServer{1} - Received AppendResponse{status=OK, term=1, succeeded=true, lastLogIndex=1} from 2
22:48:28.521 [raft-server-1] TRACE i.a.p.r.c.impl.RaftClusterContext - RaftServer{1} - Cancelling join timeout
22:48:28.521 [raft-server-1] DEBUG i.a.p.r.c.impl.RaftClusterContext - RaftServer{1} - Attempting to join via 3
22:48:28.535 [raft-server-3] TRACE i.a.p.raft.roles.FollowerRole - RaftServer{3}{role=FOLLOWER} - Committed entries up to index 1
22:48:28.535 [raft-server-3] TRACE i.a.p.raft.roles.FollowerRole - RaftServer{3}{role=FOLLOWER} - Sending AppendResponse{status=OK, term=1, succeeded=true, lastLogIndex=1}
22:48:28.535 [raft-server-3] TRACE i.a.p.raft.roles.FollowerRole - RaftServer{3}{role=FOLLOWER} - Received JoinRequest{member=DefaultRaftMember{id=1, type=ACTIVE, updated=2018-06-07T20:48:26.999Z}}
22:48:28.535 [raft-server-1] TRACE i.a.p.raft.roles.LeaderAppender - RaftServer{1} - Received AppendResponse{status=OK, term=1, succeeded=true, lastLogIndex=1} from 3
22:48:28.535 [raft-server-1] TRACE i.a.protocols.raft.roles.LeaderRole - RaftServer{1}{role=LEADER} - Received JoinRequest{member=DefaultRaftMember{id=1, type=ACTIVE, updated=2018-06-07T20:48:26.999Z}}
22:48:28.535 [raft-server-3-state] TRACE i.a.p.raft.impl.RaftServiceManager - RaftServer{3} - Applying Indexed{index=1, entry=InitializeEntry{term=1, timestamp=2018-06-07 10:48:28,215}}
22:48:28.535 [raft-server-1] TRACE i.a.protocols.raft.roles.LeaderRole - RaftServer{1}{role=LEADER} - Sending JoinResponse{status=OK, index=0, term=0, timestamp=1528404506999, members=[DefaultRaftMember{id=1, type=ACTIVE, updated=2018-06-07T20:48:26.999Z}, DefaultRaftMember{id=3, type=ACTIVE, updated=2018-06-07T20:48:26.999Z}, DefaultRaftMember{id=2, type=ACTIVE, updated=2018-06-07T20:48:26.999Z}]}
22:48:28.535 [raft-server-3] TRACE i.a.p.raft.roles.FollowerRole - RaftServer{3}{role=FOLLOWER} - Sending JoinResponse{status=OK, index=0, term=0, timestamp=1528404506999, members=[DefaultRaftMember{id=1, type=ACTIVE, updated=2018-06-07T20:48:26.999Z}, DefaultRaftMember{id=3, type=ACTIVE, updated=2018-06-07T20:48:26.999Z}, DefaultRaftMember{id=2, type=ACTIVE, updated=2018-06-07T20:48:26.999Z}]}
22:48:28.536 [raft-server-1] TRACE i.a.p.r.c.impl.RaftClusterContext - RaftServer{1} - Cancelling join timeout
22:48:28.536 [raft-server-1] INFO  i.a.p.r.c.impl.RaftClusterContext - RaftServer{1} - Successfully joined via 3
22:48:28.536 [raft-server-1] INFO  i.a.p.raft.impl.DefaultRaftServer - RaftServer{1} - Server started successfully!
22:48:28.747 [raft-server-1] TRACE i.a.p.raft.roles.LeaderAppender - RaftServer{1} - Sending AppendRequest{term=1, leader=1, prevLogIndex=1, prevLogTerm=1, entries=0, commitIndex=1} to 3
22:48:28.747 [raft-server-1] TRACE i.a.p.raft.roles.LeaderAppender - RaftServer{1} - Sending AppendRequest{term=1, leader=1, prevLogIndex=1, prevLogTerm=1, entries=0, commitIndex=1} to 2
22:48:28.747 [raft-server-3] TRACE i.a.p.raft.roles.FollowerRole - RaftServer{3}{role=FOLLOWER} - Received AppendRequest{term=1, leader=1, prevLogIndex=1, prevLogTerm=1, entries=0, commitIndex=1}
22:48:28.747 [raft-server-2] TRACE i.a.p.raft.roles.FollowerRole - RaftServer{2}{role=FOLLOWER} - Received AppendRequest{term=1, leader=1, prevLogIndex=1, prevLogTerm=1, entries=0, commitIndex=1}
22:48:28.747 [raft-server-2] TRACE i.a.p.raft.roles.FollowerRole - RaftServer{2}{role=FOLLOWER} - Sending AppendResponse{status=OK, term=1, succeeded=true, lastLogIndex=1}
22:48:28.747 [raft-server-3] TRACE i.a.p.raft.roles.FollowerRole - RaftServer{3}{role=FOLLOWER} - Sending AppendResponse{status=OK, term=1, succeeded=true, lastLogIndex=1}
22:48:28.747 [raft-server-1] TRACE i.a.p.raft.roles.LeaderAppender - RaftServer{1} - Received AppendResponse{status=OK, term=1, succeeded=true, lastLogIndex=1} from 2
22:48:28.747 [raft-server-1] TRACE i.a.p.raft.roles.LeaderAppender - RaftServer{1} - Sending AppendRequest{term=1, leader=1, prevLogIndex=1, prevLogTerm=1, entries=0, commitIndex=1} to 2
22:48:28.747 [raft-server-1] TRACE i.a.p.raft.roles.LeaderAppender - RaftServer{1} - Received AppendResponse{status=OK, term=1, succeeded=true, lastLogIndex=1} from 3
22:48:28.747 [raft-server-2] TRACE i.a.p.raft.roles.FollowerRole - RaftServer{2}{role=FOLLOWER} - Received AppendRequest{term=1, leader=1, prevLogIndex=1, prevLogTerm=1, entries=0, commitIndex=1}
22:48:28.747 [raft-server-1] TRACE i.a.p.raft.roles.LeaderAppender - RaftServer{1} - Sending AppendRequest{term=1, leader=1, prevLogIndex=1, prevLogTerm=1, entries=0, commitIndex=1} to 3
22:48:28.747 [raft-server-2] TRACE i.a.p.raft.roles.FollowerRole - RaftServer{2}{role=FOLLOWER} - Sending AppendResponse{status=OK, term=1, succeeded=true, lastLogIndex=1}
22:48:28.747 [raft-server-1] TRACE i.a.p.raft.roles.LeaderAppender - RaftServer{1} - Received AppendResponse{status=OK, term=1, succeeded=true, lastLogIndex=1} from 2
22:48:28.747 [raft-server-3] TRACE i.a.p.raft.roles.FollowerRole - RaftServer{3}{role=FOLLOWER} - Received AppendRequest{term=1, leader=1, prevLogIndex=1, prevLogTerm=1, entries=0, commitIndex=1}
22:48:28.747 [raft-server-3] TRACE i.a.p.raft.roles.FollowerRole - RaftServer{3}{role=FOLLOWER} - Sending AppendResponse{status=OK, term=1, succeeded=true, lastLogIndex=1}
22:48:28.747 [raft-server-1] TRACE i.a.p.raft.roles.LeaderAppender - RaftServer{1} - Sending AppendRequest{term=1, leader=1, prevLogIndex=1, prevLogTerm=1, entries=0, commitIndex=1} to 2
22:48:28.747 [raft-server-1] TRACE i.a.p.raft.roles.LeaderAppender - RaftServer{1} - Received AppendResponse{status=OK, term=1, succeeded=true, lastLogIndex=1} from 3
22:48:28.747 [raft-server-2] TRACE i.a.p.raft.roles.FollowerRole - RaftServer{2}{role=FOLLOWER} - Received AppendRequest{term=1, leader=1, prevLogIndex=1, prevLogTerm=1, entries=0, commitIndex=1}
22:48:28.747 [raft-server-1] TRACE i.a.p.raft.roles.LeaderAppender - RaftServer{1} - Sending AppendRequest{term=1, leader=1, prevLogIndex=1, prevLogTerm=1, entries=0, commitIndex=1} to 3
22:48:28.747 [raft-server-2] TRACE i.a.p.raft.roles.FollowerRole - RaftServer{2}{role=FOLLOWER} - Sending AppendResponse{status=OK, term=1, succeeded=true, lastLogIndex=1}
22:48:28.747 [raft-server-1] TRACE i.a.p.raft.roles.LeaderAppender - RaftServer{1} - Received AppendResponse{status=OK, term=1, succeeded=true, lastLogIndex=1} from 2
22:48:28.747 [raft-server-3] TRACE i.a.p.raft.roles.FollowerRole - RaftServer{3}{role=FOLLOWER} - Received AppendRequest{term=1, leader=1, prevLogIndex=1, prevLogTerm=1, entries=0, commitIndex=1}
22:48:28.748 [raft-server-3] TRACE i.a.p.raft.roles.FollowerRole - RaftServer{3}{role=FOLLOWER} - Sending AppendResponse{status=OK, term=1, succeeded=true, lastLogIndex=1}
22:48:28.748 [raft-server-1] TRACE i.a.p.raft.roles.LeaderAppender - RaftServer{1} - Sending AppendRequest{term=1, leader=1, prevLogIndex=1, prevLogTerm=1, entries=0, commitIndex=1} to 2
22:48:28.748 [raft-server-1] TRACE i.a.p.raft.roles.LeaderAppender - RaftServer{1} - Received AppendResponse{status=OK, term=1, succeeded=true, lastLogIndex=1} from 3
22:48:28.748 [raft-server-2] TRACE i.a.p.raft.roles.FollowerRole - RaftServer{2}{role=FOLLOWER} - Received AppendRequest{term=1, leader=1, prevLogIndex=1, prevLogTerm=1, entries=0, commitIndex=1}
22:48:28.748 [raft-server-1] TRACE i.a.p.raft.roles.LeaderAppender - RaftServer{1} - Sending AppendRequest{term=1, leader=1, prevLogIndex=1, prevLogTerm=1, entries=0, commitIndex=1} to 3
22:48:28.748 [raft-server-2] TRACE i.a.p.raft.roles.FollowerRole - RaftServer{2}{role=FOLLOWER} - Sending AppendResponse{status=OK, term=1, succeeded=true, lastLogIndex=1}
22:48:28.748 [raft-server-1] TRACE i.a.p.raft.roles.LeaderAppender - RaftServer{1} - Received AppendResponse{status=OK, term=1, succeeded=true, lastLogIndex=1} from 2
22:48:28.748 [raft-server-3] TRACE i.a.p.raft.roles.FollowerRole - RaftServer{3}{role=FOLLOWER} - Received AppendRequest{term=1, leader=1, prevLogIndex=1, prevLogTerm=1, entries=0, commitIndex=1}
22:48:28.748 [raft-server-3] TRACE i.a.p.raft.roles.FollowerRole - RaftServer{3}{role=FOLLOWER} - Sending AppendResponse{status=OK, term=1, succeeded=true, lastLogIndex=1}
22:48:28.748 [raft-server-1] TRACE i.a.p.raft.roles.LeaderAppender - RaftServer{1} - Received AppendResponse{status=OK, term=1, succeeded=true, lastLogIndex=1} from 3
22:48:28.997 [raft-server-1] TRACE i.a.p.raft.roles.LeaderAppender - RaftServer{1} - Sending AppendRequest{term=1, leader=1, prevLogIndex=1, prevLogTerm=1, entries=0, commitIndex=1} to 3
22:48:28.997 [raft-server-3] TRACE i.a.p.raft.roles.FollowerRole - RaftServer{3}{role=FOLLOWER} - Received AppendRequest{term=1, leader=1, prevLogIndex=1, prevLogTerm=1, entries=0, commitIndex=1}
22:48:28.997 [raft-server-1] TRACE i.a.p.raft.roles.LeaderAppender - RaftServer{1} - Sending AppendRequest{term=1, leader=1, prevLogIndex=1, prevLogTerm=1, entries=0, commitIndex=1} to 2
22:48:28.997 [raft-server-3] TRACE i.a.p.raft.roles.FollowerRole - RaftServer{3}{role=FOLLOWER} - Sending AppendResponse{status=OK, term=1, succeeded=true, lastLogIndex=1}
22:48:28.997 [raft-server-2] TRACE i.a.p.raft.roles.FollowerRole - RaftServer{2}{role=FOLLOWER} - Received AppendRequest{term=1, leader=1, prevLogIndex=1, prevLogTerm=1, entries=0, commitIndex=1}
22:48:28.997 [raft-server-1] TRACE i.a.p.raft.roles.LeaderAppender - RaftServer{1} - Received AppendResponse{status=OK, term=1, succeeded=true, lastLogIndex=1} from 3
22:48:28.997 [raft-server-2] TRACE i.a.p.raft.roles.FollowerRole - RaftServer{2}{role=FOLLOWER} - Sending AppendResponse{status=OK, term=1, succeeded=true, lastLogIndex=1}
22:48:28.997 [raft-server-1] TRACE i.a.p.raft.roles.LeaderAppender - RaftServer{1} - Sending AppendRequest{term=1, leader=1, prevLogIndex=1, prevLogTerm=1, entries=0, commitIndex=1} to 3
22:48:28.997 [raft-server-1] TRACE i.a.p.raft.roles.LeaderAppender - RaftServer{1} - Received AppendResponse{status=OK, term=1, succeeded=true, lastLogIndex=1} from 2
22:48:28.997 [raft-server-3] TRACE i.a.p.raft.roles.FollowerRole - RaftServer{3}{role=FOLLOWER} - Received AppendRequest{term=1, leader=1, prevLogIndex=1, prevLogTerm=1, entries=0, commitIndex=1}
22:48:28.997 [raft-server-3] TRACE i.a.p.raft.roles.FollowerRole - RaftServer{3}{role=FOLLOWER} - Sending AppendResponse{status=OK, term=1, succeeded=true, lastLogIndex=1}
22:48:28.997 [raft-server-1] TRACE i.a.p.raft.roles.LeaderAppender - RaftServer{1} - Sending AppendRequest{term=1, leader=1, prevLogIndex=1, prevLogTerm=1, entries=0, commitIndex=1} to 2
22:48:28.997 [raft-server-1] TRACE i.a.p.raft.roles.LeaderAppender - RaftServer{1} - Received AppendResponse{status=OK, term=1, succeeded=true, lastLogIndex=1} from 3
22:48:28.997 [raft-server-2] TRACE i.a.p.raft.roles.FollowerRole - RaftServer{2}{role=FOLLOWER} - Received AppendRequest{term=1, leader=1, prevLogIndex=1, prevLogTerm=1, entries=0, commitIndex=1}
22:48:28.997 [raft-server-1] TRACE i.a.p.raft.roles.LeaderAppender - RaftServer{1} - Sending AppendRequest{term=1, leader=1, prevLogIndex=1, prevLogTerm=1, entries=0, commitIndex=1} to 3
22:48:28.997 [raft-server-2] TRACE i.a.p.raft.roles.FollowerRole - RaftServer{2}{role=FOLLOWER} - Sending AppendResponse{status=OK, term=1, succeeded=true, lastLogIndex=1}
22:48:28.997 [raft-server-3] TRACE i.a.p.raft.roles.FollowerRole - RaftServer{3}{role=FOLLOWER} - Received AppendRequest{term=1, leader=1, prevLogIndex=1, prevLogTerm=1, entries=0, commitIndex=1}
22:48:28.997 [raft-server-1] TRACE i.a.p.raft.roles.LeaderAppender - RaftServer{1} - Received AppendResponse{status=OK, term=1, succeeded=true, lastLogIndex=1} from 2
22:48:28.997 [raft-server-3] TRACE i.a.p.raft.roles.FollowerRole - RaftServer{3}{role=FOLLOWER} - Sending AppendResponse{status=OK, term=1, succeeded=true, lastLogIndex=1}
22:48:28.997 [raft-server-1] TRACE i.a.p.raft.roles.LeaderAppender - RaftServer{1} - Sending AppendRequest{term=1, leader=1, prevLogIndex=1, prevLogTerm=1, entries=0, commitIndex=1} to 2
22:48:28.997 [raft-server-1] TRACE i.a.p.raft.roles.LeaderAppender - RaftServer{1} - Received AppendResponse{status=OK, term=1, succeeded=true, lastLogIndex=1} from 3
22:48:28.997 [raft-server-2] TRACE i.a.p.raft.roles.FollowerRole - RaftServer{2}{role=FOLLOWER} - Received AppendRequest{term=1, leader=1, prevLogIndex=1, prevLogTerm=1, entries=0, commitIndex=1}
22:48:28.997 [raft-server-2] TRACE i.a.p.raft.roles.FollowerRole - RaftServer{2}{role=FOLLOWER} - Sending AppendResponse{status=OK, term=1, succeeded=true, lastLogIndex=1}
22:48:28.997 [raft-server-1] TRACE i.a.p.raft.roles.LeaderAppender - RaftServer{1} - Sending AppendRequest{term=1, leader=1, prevLogIndex=1, prevLogTerm=1, entries=0, commitIndex=1} to 3
22:48:28.997 [raft-server-1] TRACE i.a.p.raft.roles.LeaderAppender - RaftServer{1} - Received AppendResponse{status=OK, term=1, succeeded=true, lastLogIndex=1} from 2
22:48:28.997 [raft-server-3] TRACE i.a.p.raft.roles.FollowerRole - RaftServer{3}{role=FOLLOWER} - Received AppendRequest{term=1, leader=1, prevLogIndex=1, prevLogTerm=1, entries=0, commitIndex=1}
22:48:28.997 [raft-server-3] TRACE i.a.p.raft.roles.FollowerRole - RaftServer{3}{role=FOLLOWER} - Sending AppendResponse{status=OK, term=1, succeeded=true, lastLogIndex=1}
22:48:28.997 [raft-server-1] TRACE i.a.p.raft.roles.LeaderAppender - RaftServer{1} - Sending AppendRequest{term=1, leader=1, prevLogIndex=1, prevLogTerm=1, entries=0, commitIndex=1} to 2
22:48:28.998 [raft-server-1] TRACE i.a.p.raft.roles.LeaderAppender - RaftServer{1} - Received AppendResponse{status=OK, term=1, succeeded=true, lastLogIndex=1} from 3
22:48:28.998 [raft-server-2] TRACE i.a.p.raft.roles.FollowerRole - RaftServer{2}{role=FOLLOWER} - Received AppendRequest{term=1, leader=1, prevLogIndex=1, prevLogTerm=1, entries=0, commitIndex=1}
22:48:28.998 [raft-server-1] TRACE i.a.p.raft.roles.LeaderAppender - RaftServer{1} - Sending AppendRequest{term=1, leader=1, prevLogIndex=1, prevLogTerm=1, entries=0, commitIndex=1} to 3
22:48:28.998 [raft-server-2] TRACE i.a.p.raft.roles.FollowerRole - RaftServer{2}{role=FOLLOWER} - Sending AppendResponse{status=OK, term=1, succeeded=true, lastLogIndex=1}
22:48:28.998 [raft-server-3] TRACE i.a.p.raft.roles.FollowerRole - RaftServer{3}{role=FOLLOWER} - Received AppendRequest{term=1, leader=1, prevLogIndex=1, prevLogTerm=1, entries=0, commitIndex=1}
22:48:28.998 [raft-server-1] TRACE i.a.p.raft.roles.LeaderAppender - RaftServer{1} - Received AppendResponse{status=OK, term=1, succeeded=true, lastLogIndex=1} from 2
22:48:28.998 [raft-server-3] TRACE i.a.p.raft.roles.FollowerRole - RaftServer{3}{role=FOLLOWER} - Sending AppendResponse{status=OK, term=1, succeeded=true, lastLogIndex=1}
22:48:28.998 [raft-server-1] TRACE i.a.p.raft.roles.LeaderAppender - RaftServer{1} - Sending AppendRequest{term=1, leader=1, prevLogIndex=1, prevLogTerm=1, entries=0, commitIndex=1} to 2
22:48:28.998 [raft-server-1] TRACE i.a.p.raft.roles.LeaderAppender - RaftServer{1} - Received AppendResponse{status=OK, term=1, succeeded=true, lastLogIndex=1} from 3
22:48:28.998 [raft-server-2] TRACE i.a.p.raft.roles.FollowerRole - RaftServer{2}{role=FOLLOWER} - Received AppendRequest{term=1, leader=1, prevLogIndex=1, prevLogTerm=1, entries=0, commitIndex=1}
22:48:28.998 [raft-server-2] TRACE i.a.p.raft.roles.FollowerRole - RaftServer{2}{role=FOLLOWER} - Sending AppendResponse{status=OK, term=1, succeeded=true, lastLogIndex=1}
22:48:28.998 [raft-server-1] TRACE i.a.p.raft.roles.LeaderAppender - RaftServer{1} - Received AppendResponse{status=OK, term=1, succeeded=true, lastLogIndex=1} from 2
22:48:29.094 [raft-server-2] TRACE i.a.p.r.c.impl.RaftClusterContext - RaftServer{2} - Cancelling join timeout
22:48:29.094 [raft-server-2] DEBUG i.a.p.r.c.impl.RaftClusterContext - RaftServer{2} - Attempting to join via 1
22:48:29.094 [raft-server-1] TRACE i.a.protocols.raft.roles.LeaderRole - RaftServer{1}{role=LEADER} - Received JoinRequest{member=DefaultRaftMember{id=2, type=ACTIVE, updated=2018-06-07T20:48:27.525Z}}
22:48:29.094 [raft-server-1] TRACE i.a.protocols.raft.roles.LeaderRole - RaftServer{1}{role=LEADER} - Sending JoinResponse{status=OK, index=0, term=0, timestamp=1528404506999, members=[DefaultRaftMember{id=1, type=ACTIVE, updated=2018-06-07T20:48:26.999Z}, DefaultRaftMember{id=3, type=ACTIVE, updated=2018-06-07T20:48:26.999Z}, DefaultRaftMember{id=2, type=ACTIVE, updated=2018-06-07T20:48:26.999Z}]}
22:48:29.095 [raft-server-2] TRACE i.a.p.r.c.impl.RaftClusterContext - RaftServer{2} - Cancelling join timeout
22:48:29.095 [raft-server-2] INFO  i.a.p.r.c.impl.RaftClusterContext - RaftServer{2} - Successfully joined via 1
22:48:29.095 [raft-server-2] INFO  i.a.p.raft.impl.DefaultRaftServer - RaftServer{2} - Server started successfully!
22:48:29.247 [raft-server-1] TRACE i.a.p.raft.roles.LeaderAppender - RaftServer{1} - Sending AppendRequest{term=1, leader=1, prevLogIndex=1, prevLogTerm=1, entries=0, commitIndex=1} to 3
22:48:29.247 [raft-server-3] TRACE i.a.p.raft.roles.FollowerRole - RaftServer{3}{role=FOLLOWER} - Received AppendRequest{term=1, leader=1, prevLogIndex=1, prevLogTerm=1, entries=0, commitIndex=1}
22:48:29.247 [raft-server-1] TRACE i.a.p.raft.roles.LeaderAppender - RaftServer{1} - Sending AppendRequest{term=1, leader=1, prevLogIndex=1, prevLogTerm=1, entries=0, commitIndex=1} to 2
22:48:29.247 [raft-server-3] TRACE i.a.p.raft.roles.FollowerRole - RaftServer{3}{role=FOLLOWER} - Sending AppendResponse{status=OK, term=1, succeeded=true, lastLogIndex=1}
22:48:29.247 [raft-server-2] TRACE i.a.p.raft.roles.FollowerRole - RaftServer{2}{role=FOLLOWER} - Received AppendRequest{term=1, leader=1, prevLogIndex=1, prevLogTerm=1, entries=0, commitIndex=1}
22:48:29.247 [raft-server-1] TRACE i.a.p.raft.roles.LeaderAppender - RaftServer{1} - Received AppendResponse{status=OK, term=1, succeeded=true, lastLogIndex=1} from 3
22:48:29.247 [raft-server-2] TRACE i.a.p.raft.roles.FollowerRole - RaftServer{2}{role=FOLLOWER} - Sending AppendResponse{status=OK, term=1, succeeded=true, lastLogIndex=1}
22:48:29.247 [raft-server-1] TRACE i.a.p.raft.roles.LeaderAppender - RaftServer{1} - Sending AppendRequest{term=1, leader=1, prevLogIndex=1, prevLogTerm=1, entries=0, commitIndex=1} to 3
22:48:29.247 [raft-server-1] TRACE i.a.p.raft.roles.LeaderAppender - RaftServer{1} - Received AppendResponse{status=OK, term=1, succeeded=true, lastLogIndex=1} from 2
22:48:29.247 [raft-server-3] TRACE i.a.p.raft.roles.FollowerRole - RaftServer{3}{role=FOLLOWER} - Received AppendRequest{term=1, leader=1, prevLogIndex=1, prevLogTerm=1, entries=0, commitIndex=1}
22:48:29.247 [raft-server-3] TRACE i.a.p.raft.roles.FollowerRole - RaftServer{3}{role=FOLLOWER} - Sending AppendResponse{status=OK, term=1, succeeded=true, lastLogIndex=1}
22:48:29.247 [raft-server-1] TRACE i.a.p.raft.roles.LeaderAppender - RaftServer{1} - Sending AppendRequest{term=1, leader=1, prevLogIndex=1, prevLogTerm=1, entries=0, commitIndex=1} to 2
22:48:29.247 [raft-server-1] TRACE i.a.p.raft.roles.LeaderAppender - RaftServer{1} - Received AppendResponse{status=OK, term=1, succeeded=true, lastLogIndex=1} from 3
22:48:29.247 [raft-server-2] TRACE i.a.p.raft.roles.FollowerRole - RaftServer{2}{role=FOLLOWER} - Received AppendRequest{term=1, leader=1, prevLogIndex=1, prevLogTerm=1, entries=0, commitIndex=1}
22:48:29.247 [raft-server-1] TRACE i.a.p.raft.roles.LeaderAppender - RaftServer{1} - Sending AppendRequest{term=1, leader=1, prevLogIndex=1, prevLogTerm=1, entries=0, commitIndex=1} to 3
22:48:29.247 [raft-server-2] TRACE i.a.p.raft.roles.FollowerRole - RaftServer{2}{role=FOLLOWER} - Sending AppendResponse{status=OK, term=1, succeeded=true, lastLogIndex=1}
22:48:29.248 [raft-server-3] TRACE i.a.p.raft.roles.FollowerRole - RaftServer{3}{role=FOLLOWER} - Received AppendRequest{term=1, leader=1, prevLogIndex=1, prevLogTerm=1, entries=0, commitIndex=1}
22:48:29.248 [raft-server-1] TRACE i.a.p.raft.roles.LeaderAppender - RaftServer{1} - Received AppendResponse{status=OK, term=1, succeeded=true, lastLogIndex=1} from 2
22:48:29.248 [raft-server-3] TRACE i.a.p.raft.roles.FollowerRole - RaftServer{3}{role=FOLLOWER} - Sending AppendResponse{status=OK, term=1, succeeded=true, lastLogIndex=1}
22:48:29.248 [raft-server-1] TRACE i.a.p.raft.roles.LeaderAppender - RaftServer{1} - Sending AppendRequest{term=1, leader=1, prevLogIndex=1, prevLogTerm=1, entries=0, commitIndex=1} to 2
22:48:29.248 [raft-server-1] TRACE i.a.p.raft.roles.LeaderAppender - RaftServer{1} - Received AppendResponse{status=OK, term=1, succeeded=true, lastLogIndex=1} from 3
22:48:29.248 [raft-server-2] TRACE i.a.p.raft.roles.FollowerRole - RaftServer{2}{role=FOLLOWER} - Received AppendRequest{term=1, leader=1, prevLogIndex=1, prevLogTerm=1, entries=0, commitIndex=1}
22:48:29.248 [raft-server-1] TRACE i.a.p.raft.roles.LeaderAppender - RaftServer{1} - Sending AppendRequest{term=1, leader=1, prevLogIndex=1, prevLogTerm=1, entries=0, commitIndex=1} to 3
22:48:29.248 [raft-server-2] TRACE i.a.p.raft.roles.FollowerRole - RaftServer{2}{role=FOLLOWER} - Sending AppendResponse{status=OK, term=1, succeeded=true, lastLogIndex=1}
22:48:29.248 [raft-server-3] TRACE i.a.p.raft.roles.FollowerRole - RaftServer{3}{role=FOLLOWER} - Received AppendRequest{term=1, leader=1, prevLogIndex=1, prevLogTerm=1, entries=0, commitIndex=1}
22:48:29.248 [raft-server-1] TRACE i.a.p.raft.roles.LeaderAppender - RaftServer{1} - Received AppendResponse{status=OK, term=1, succeeded=true, lastLogIndex=1} from 2
22:48:29.248 [raft-server-3] TRACE i.a.p.raft.roles.FollowerRole - RaftServer{3}{role=FOLLOWER} - Sending AppendResponse{status=OK, term=1, succeeded=true, lastLogIndex=1}
22:48:29.248 [raft-server-1] TRACE i.a.p.raft.roles.LeaderAppender - RaftServer{1} - Received AppendResponse{status=OK, term=1, succeeded=true, lastLogIndex=1} from 3
22:48:29.396 [raft-server-3] TRACE i.a.p.r.c.impl.RaftClusterContext - RaftServer{3} - Cancelling join timeout
22:48:29.396 [raft-server-3] DEBUG i.a.p.r.c.impl.RaftClusterContext - RaftServer{3} - Attempting to join via 1
22:48:29.396 [raft-server-1] TRACE i.a.protocols.raft.roles.LeaderRole - RaftServer{1}{role=LEADER} - Received JoinRequest{member=DefaultRaftMember{id=3, type=ACTIVE, updated=2018-06-07T20:48:27.847Z}}
22:48:29.397 [raft-server-1] TRACE i.a.protocols.raft.roles.LeaderRole - RaftServer{1}{role=LEADER} - Sending JoinResponse{status=OK, index=0, term=0, timestamp=1528404506999, members=[DefaultRaftMember{id=1, type=ACTIVE, updated=2018-06-07T20:48:26.999Z}, DefaultRaftMember{id=3, type=ACTIVE, updated=2018-06-07T20:48:26.999Z}, DefaultRaftMember{id=2, type=ACTIVE, updated=2018-06-07T20:48:26.999Z}]}
22:48:29.397 [raft-server-3] TRACE i.a.p.r.c.impl.RaftClusterContext - RaftServer{3} - Cancelling join timeout
22:48:29.397 [raft-server-3] INFO  i.a.p.r.c.impl.RaftClusterContext - RaftServer{3} - Successfully joined via 1
22:48:29.397 [raft-server-3] INFO  i.a.p.raft.impl.DefaultRaftServer - RaftServer{3} - Server started successfully!
22:48:29.398 [main] DEBUG i.a.p.p.i.RecoveringPartitionProxy - PartitionProxy{bd74d86e-809c-4ed1-87a8-2ec3ff75de78} - Opening proxy session
22:48:29.398 [main] DEBUG i.a.p.r.proxy.impl.RaftProxyManager - RaftClient{bd74d86e-809c-4ed1-87a8-2ec3ff75de78} - Opening session; name: raft-test, type: io.atomix.protocols.raft.RaftTest$TestPrimitiveType@35bfa1bb
22:48:29.398 [main] TRACE i.a.utils.serializer.KryoNamespace - Creating Kryo instance for KryoNamespace{registeredBlocks=[RegistrationBlock{begin=16, types=[([Ljava.lang.Class;@6b321262,null), ([Ljava.lang.Class;@68b11545,null), ([Ljava.lang.Class;@7d0100ea,null), ([Ljava.lang.Class;@357bc488,null), ([Ljava.lang.Class;@4ea17147,io.atomix.utils.serializer.serializers.ImmutableListSerializer@2eda4eeb), ([Ljava.lang.Class;@5ba90d8a,io.atomix.utils.serializer.serializers.ImmutableSetSerializer@309dcdf3), ([Ljava.lang.Class;@7573b9ee,io.atomix.utils.serializer.serializers.ImmutableMapSerializer@9a20cbd), ([Ljava.lang.Class;@1af4955e,null), ([Ljava.lang.Class;@445821a6,null), ([Ljava.lang.Class;@2c0c4c0a,null), ([Ljava.lang.Class;@35d26ad2,null), ([Ljava.lang.Class;@bb25753,null), ([Ljava.lang.Class;@ee21292,null), ([Ljava.lang.Class;@40c06358,null), ([Ljava.lang.Class;@66e21568,null), ([Ljava.lang.Class;@7f73ce28,null), ([Ljava.lang.Class;@611b35d6,null), ([Ljava.lang.Class;@2282400e,null), ([Ljava.lang.Class;@543d5863,null), ([Ljava.lang.Class;@35dece42,null), ([Ljava.lang.Class;@dd3f8aa,io.atomix.utils.serializer.serializers.ArraysAsListSerializer@3d615b2e), ([Ljava.lang.Class;@3a1f2a1,null), ([Ljava.lang.Class;@40ce9049,null), ([Ljava.lang.Class;@52ca2652,null), ([Ljava.lang.Class;@65c5bf0e,null), ([Ljava.lang.Class;@697d6ded,null), ([Ljava.lang.Class;@5d05f453,null), ([Ljava.lang.Class;@5efeb117,null), ([Ljava.lang.Class;@160b4809,null), ([Ljava.lang.Class;@149b4d20,null), ([Ljava.lang.Class;@664e848c,null), ([Ljava.lang.Class;@4d93f75b,null), ([Ljava.lang.Class;@114a5e0,null), ([Ljava.lang.Class;@4f281aaf,null), ([Ljava.lang.Class;@5d508d22,null), ([Ljava.lang.Class;@f2b90fc,null)]}, RegistrationBlock{begin=52, types=[([Ljava.lang.Class;@e972ee1,null)]}]}
22:48:29.398 [main] TRACE i.a.utils.serializer.KryoNamespace - class [B registered as 16
22:48:29.398 [main] TRACE i.a.utils.serializer.KryoNamespace - class java.util.concurrent.atomic.AtomicBoolean registered as 17
22:48:29.398 [main] TRACE i.a.utils.serializer.KryoNamespace - class java.util.concurrent.atomic.AtomicInteger registered as 18
22:48:29.398 [main] TRACE i.a.utils.serializer.KryoNamespace - class java.util.concurrent.atomic.AtomicLong registered as 19
22:48:29.398 [main] TRACE i.a.utils.serializer.KryoNamespace - class com.google.common.collect.ImmutableList registered as 20
22:48:29.398 [main] TRACE i.a.utils.serializer.KryoNamespace - class com.google.common.collect.RegularImmutableList registered as 20
22:48:29.399 [main] TRACE i.a.utils.serializer.KryoNamespace - class com.google.common.collect.RegularImmutableList registered as 20
22:48:29.399 [main] TRACE i.a.utils.serializer.KryoNamespace - class com.google.common.collect.ImmutableList$SubList registered as 20
22:48:29.399 [main] TRACE i.a.utils.serializer.KryoNamespace - class com.google.common.collect.ImmutableSet registered as 21
22:48:29.399 [main] TRACE i.a.utils.serializer.KryoNamespace - class com.google.common.collect.RegularImmutableSet registered as 21
22:48:29.399 [main] TRACE i.a.utils.serializer.KryoNamespace - class com.google.common.collect.SingletonImmutableSet registered as 21
22:48:29.399 [main] TRACE i.a.utils.serializer.KryoNamespace - class com.google.common.collect.RegularImmutableSet registered as 21
22:48:29.399 [main] TRACE i.a.utils.serializer.KryoNamespace - class com.google.common.collect.ImmutableMap registered as 22
22:48:29.399 [main] TRACE i.a.utils.serializer.KryoNamespace - class com.google.common.collect.RegularImmutableMap registered as 22
22:48:29.399 [main] TRACE i.a.utils.serializer.KryoNamespace - class com.google.common.collect.RegularImmutableMap registered as 22
22:48:29.399 [main] TRACE i.a.utils.serializer.KryoNamespace - class com.google.common.collect.RegularImmutableMap registered as 22
22:48:29.399 [main] TRACE i.a.utils.serializer.KryoNamespace - class java.util.Collections$UnmodifiableSet registered as 23
22:48:29.399 [main] TRACE i.a.utils.serializer.KryoNamespace - class java.util.HashMap registered as 24
22:48:29.399 [main] TRACE i.a.utils.serializer.KryoNamespace - class java.util.concurrent.ConcurrentHashMap registered as 25
22:48:29.399 [main] TRACE i.a.utils.serializer.KryoNamespace - class java.util.concurrent.CopyOnWriteArraySet registered as 26
22:48:29.399 [main] TRACE i.a.utils.serializer.KryoNamespace - class java.util.ArrayList registered as 27
22:48:29.399 [main] TRACE i.a.utils.serializer.KryoNamespace - class java.util.LinkedList registered as 28
22:48:29.399 [main] TRACE i.a.utils.serializer.KryoNamespace - class java.util.HashSet registered as 29
22:48:29.399 [main] TRACE i.a.utils.serializer.KryoNamespace - class java.util.LinkedHashSet registered as 30
22:48:29.400 [main] TRACE i.a.utils.serializer.KryoNamespace - class com.sun.jmx.remote.internal.ArrayQueue registered as 31
22:48:29.400 [main] TRACE i.a.utils.serializer.KryoNamespace - class java.util.ArrayDeque registered as 32
22:48:29.400 [main] TRACE i.a.utils.serializer.KryoNamespace - class com.google.common.collect.HashMultiset registered as 33
22:48:29.400 [main] TRACE i.a.utils.serializer.KryoNamespace - class com.google.common.collect.Sets registered as 34
22:48:29.400 [main] TRACE i.a.utils.serializer.KryoNamespace - class com.google.common.collect.ImmutableEntry registered as 35
22:48:29.400 [main] TRACE i.a.utils.serializer.KryoNamespace - class java.util.Arrays$ArrayList registered as 36
22:48:29.400 [main] TRACE i.a.utils.serializer.KryoNamespace - class java.util.Collections$SingletonList registered as 37
22:48:29.400 [main] TRACE i.a.utils.serializer.KryoNamespace - class java.time.Duration registered as 38
22:48:29.400 [main] TRACE i.a.utils.serializer.KryoNamespace - class java.util.Collections$EmptySet registered as 39
22:48:29.400 [main] TRACE i.a.utils.serializer.KryoNamespace - class java.util.Optional registered as 40
22:48:29.400 [main] TRACE i.a.utils.serializer.KryoNamespace - class java.util.Collections$EmptyList registered as 41
22:48:29.400 [main] TRACE i.a.utils.serializer.KryoNamespace - class java.util.Collections$SingletonSet registered as 42
22:48:29.400 [main] TRACE i.a.utils.serializer.KryoNamespace - class [I registered as 43
22:48:29.400 [main] TRACE i.a.utils.serializer.KryoNamespace - class [J registered as 44
22:48:29.400 [main] TRACE i.a.utils.serializer.KryoNamespace - class [S registered as 45
22:48:29.400 [main] TRACE i.a.utils.serializer.KryoNamespace - class [D registered as 46
22:48:29.401 [main] TRACE i.a.utils.serializer.KryoNamespace - class [F registered as 47
22:48:29.401 [main] TRACE i.a.utils.serializer.KryoNamespace - class [C registered as 48
22:48:29.401 [main] TRACE i.a.utils.serializer.KryoNamespace - class [Ljava.lang.String; registered as 49
22:48:29.401 [main] TRACE i.a.utils.serializer.KryoNamespace - class [Z registered as 50
22:48:29.401 [main] TRACE i.a.utils.serializer.KryoNamespace - class [Ljava.lang.Object; registered as 51
22:48:29.401 [main] TRACE i.a.utils.serializer.KryoNamespace - class io.atomix.primitive.service.ServiceConfig registered as 52
22:48:29.401 [raft-client-bd74d86e-809c-4ed1-87a8-2ec3ff75de78-0] TRACE i.a.p.r.p.impl.RaftProxyConnection - RaftClient{bd74d86e-809c-4ed1-87a8-2ec3ff75de78} - Sending OpenSessionRequest{node=4, serviceName=raft-test, serviceType=raft-test, readConsistency=LINEARIZABLE, minTimeout=250, maxTimeout=5000} to 2
22:48:29.401 [raft-server-2] TRACE i.a.p.raft.roles.FollowerRole - RaftServer{2}{role=FOLLOWER} - Received OpenSessionRequest{node=4, serviceName=raft-test, serviceType=raft-test, readConsistency=LINEARIZABLE, minTimeout=250, maxTimeout=5000}
22:48:29.401 [raft-server-1] TRACE i.a.protocols.raft.roles.LeaderRole - RaftServer{1}{role=LEADER} - Received OpenSessionRequest{node=4, serviceName=raft-test, serviceType=raft-test, readConsistency=LINEARIZABLE, minTimeout=250, maxTimeout=5000}
22:48:29.402 [raft-server-1] TRACE i.a.protocols.raft.roles.LeaderRole - RaftServer{1}{role=LEADER} - Appended Indexed{index=2, entry=OpenSessionEntry{term=1, timestamp=2018-06-07 10:48:29,401, node=4, serviceName=raft-test, serviceType=raft-test, serviceConfig=byte[]{length=2, hash=2636}, readConsistency=LINEARIZABLE, minTimeout=250, maxTimeout=5000}}
22:48:29.402 [raft-server-1] TRACE i.a.p.raft.roles.LeaderAppender - RaftServer{1} - Sending AppendRequest{term=1, leader=1, prevLogIndex=1, prevLogTerm=1, entries=1, commitIndex=1} to 3
22:48:29.402 [raft-server-3] TRACE i.a.p.raft.roles.FollowerRole - RaftServer{3}{role=FOLLOWER} - Received AppendRequest{term=1, leader=1, prevLogIndex=1, prevLogTerm=1, entries=1, commitIndex=1}
22:48:29.402 [raft-server-1] TRACE i.a.p.raft.roles.LeaderAppender - RaftServer{1} - Sending AppendRequest{term=1, leader=1, prevLogIndex=1, prevLogTerm=1, entries=1, commitIndex=1} to 2
22:48:29.402 [raft-server-2] TRACE i.a.p.raft.roles.FollowerRole - RaftServer{2}{role=FOLLOWER} - Received AppendRequest{term=1, leader=1, prevLogIndex=1, prevLogTerm=1, entries=1, commitIndex=1}
22:48:29.402 [raft-server-3] TRACE i.a.p.raft.roles.FollowerRole - RaftServer{3}{role=FOLLOWER} - Appended Indexed{index=2, entry=OpenSessionEntry{term=1, timestamp=2018-06-07 10:48:29,401, node=4, serviceName=raft-test, serviceType=raft-test, serviceConfig=byte[]{length=2, hash=2636}, readConsistency=LINEARIZABLE, minTimeout=250, maxTimeout=5000}}
22:48:29.402 [raft-server-3] TRACE i.a.p.raft.roles.FollowerRole - RaftServer{3}{role=FOLLOWER} - Sending AppendResponse{status=OK, term=1, succeeded=true, lastLogIndex=2}
22:48:29.402 [raft-server-1] TRACE i.a.p.raft.roles.LeaderAppender - RaftServer{1} - Received AppendResponse{status=OK, term=1, succeeded=true, lastLogIndex=2} from 3
22:48:29.402 [raft-server-1] TRACE i.a.p.raft.roles.LeaderAppender - RaftServer{1} - Committed entries up to 2
22:48:29.402 [raft-server-2] TRACE i.a.p.raft.roles.FollowerRole - RaftServer{2}{role=FOLLOWER} - Appended Indexed{index=2, entry=OpenSessionEntry{term=1, timestamp=2018-06-07 10:48:29,401, node=4, serviceName=raft-test, serviceType=raft-test, serviceConfig=byte[]{length=2, hash=2636}, readConsistency=LINEARIZABLE, minTimeout=250, maxTimeout=5000}}
22:48:29.402 [raft-server-2] TRACE i.a.p.raft.roles.FollowerRole - RaftServer{2}{role=FOLLOWER} - Sending AppendResponse{status=OK, term=1, succeeded=true, lastLogIndex=2}
22:48:29.616 [raft-server-1] TRACE i.a.p.raft.roles.LeaderAppender - RaftServer{1} - Received AppendResponse{status=OK, term=1, succeeded=true, lastLogIndex=2} from 2
22:48:29.616 [raft-server-1] TRACE i.a.p.raft.roles.LeaderAppender - RaftServer{1} - Sending AppendRequest{term=1, leader=1, prevLogIndex=2, prevLogTerm=1, entries=0, commitIndex=2} to 3
22:48:29.616 [raft-server-1] TRACE i.a.p.raft.roles.LeaderAppender - RaftServer{1} - Sending AppendRequest{term=1, leader=1, prevLogIndex=2, prevLogTerm=1, entries=0, commitIndex=2} to 2
22:48:29.616 [raft-server-3] TRACE i.a.p.raft.roles.FollowerRole - RaftServer{3}{role=FOLLOWER} - Received AppendRequest{term=1, leader=1, prevLogIndex=2, prevLogTerm=1, entries=0, commitIndex=2}
22:48:29.617 [raft-server-2] TRACE i.a.p.raft.roles.FollowerRole - RaftServer{2}{role=FOLLOWER} - Received AppendRequest{term=1, leader=1, prevLogIndex=2, prevLogTerm=1, entries=0, commitIndex=2}
22:48:29.617 [raft-server-1-state] TRACE i.a.p.raft.impl.RaftServiceManager - RaftServer{1} - Applying Indexed{index=2, entry=OpenSessionEntry{term=1, timestamp=2018-06-07 10:48:29,401, node=4, serviceName=raft-test, serviceType=raft-test, serviceConfig=byte[]{length=2, hash=2636}, readConsistency=LINEARIZABLE, minTimeout=250, maxTimeout=5000}}
22:48:29.617 [raft-server-1-state] TRACE i.a.utils.serializer.KryoNamespace - Creating Kryo instance for KryoNamespace{registeredBlocks=[RegistrationBlock{begin=16, types=[([Ljava.lang.Class;@6b321262,null), ([Ljava.lang.Class;@68b11545,null), ([Ljava.lang.Class;@7d0100ea,null), ([Ljava.lang.Class;@357bc488,null), ([Ljava.lang.Class;@4ea17147,io.atomix.utils.serializer.serializers.ImmutableListSerializer@2eda4eeb), ([Ljava.lang.Class;@5ba90d8a,io.atomix.utils.serializer.serializers.ImmutableSetSerializer@309dcdf3), ([Ljava.lang.Class;@7573b9ee,io.atomix.utils.serializer.serializers.ImmutableMapSerializer@9a20cbd), ([Ljava.lang.Class;@1af4955e,null), ([Ljava.lang.Class;@445821a6,null), ([Ljava.lang.Class;@2c0c4c0a,null), ([Ljava.lang.Class;@35d26ad2,null), ([Ljava.lang.Class;@bb25753,null), ([Ljava.lang.Class;@ee21292,null), ([Ljava.lang.Class;@40c06358,null), ([Ljava.lang.Class;@66e21568,null), ([Ljava.lang.Class;@7f73ce28,null), ([Ljava.lang.Class;@611b35d6,null), ([Ljava.lang.Class;@2282400e,null), ([Ljava.lang.Class;@543d5863,null), ([Ljava.lang.Class;@35dece42,null), ([Ljava.lang.Class;@dd3f8aa,io.atomix.utils.serializer.serializers.ArraysAsListSerializer@3d615b2e), ([Ljava.lang.Class;@3a1f2a1,null), ([Ljava.lang.Class;@40ce9049,null), ([Ljava.lang.Class;@52ca2652,null), ([Ljava.lang.Class;@65c5bf0e,null), ([Ljava.lang.Class;@697d6ded,null), ([Ljava.lang.Class;@5d05f453,null), ([Ljava.lang.Class;@5efeb117,null), ([Ljava.lang.Class;@160b4809,null), ([Ljava.lang.Class;@149b4d20,null), ([Ljava.lang.Class;@664e848c,null), ([Ljava.lang.Class;@4d93f75b,null), ([Ljava.lang.Class;@114a5e0,null), ([Ljava.lang.Class;@4f281aaf,null), ([Ljava.lang.Class;@5d508d22,null), ([Ljava.lang.Class;@f2b90fc,null)]}, RegistrationBlock{begin=52, types=[([Ljava.lang.Class;@39e78f84,null)]}]}
22:48:29.617 [raft-server-1-state] TRACE i.a.utils.serializer.KryoNamespace - class [B registered as 16
22:48:29.617 [raft-server-1-state] TRACE i.a.utils.serializer.KryoNamespace - class java.util.concurrent.atomic.AtomicBoolean registered as 17
22:48:29.617 [raft-server-1-state] TRACE i.a.utils.serializer.KryoNamespace - class java.util.concurrent.atomic.AtomicInteger registered as 18
22:48:29.617 [raft-server-1-state] TRACE i.a.utils.serializer.KryoNamespace - class java.util.concurrent.atomic.AtomicLong registered as 19
22:48:29.617 [raft-server-1-state] TRACE i.a.utils.serializer.KryoNamespace - class com.google.common.collect.ImmutableList registered as 20
22:48:29.617 [raft-server-1-state] TRACE i.a.utils.serializer.KryoNamespace - class com.google.common.collect.RegularImmutableList registered as 20
22:48:29.617 [raft-server-1-state] TRACE i.a.utils.serializer.KryoNamespace - class com.google.common.collect.RegularImmutableList registered as 20
22:48:29.617 [raft-server-1-state] TRACE i.a.utils.serializer.KryoNamespace - class com.google.common.collect.ImmutableList$SubList registered as 20
22:48:29.617 [raft-server-1-state] TRACE i.a.utils.serializer.KryoNamespace - class com.google.common.collect.ImmutableSet registered as 21
22:48:29.617 [raft-server-1-state] TRACE i.a.utils.serializer.KryoNamespace - class com.google.common.collect.RegularImmutableSet registered as 21
22:48:29.617 [raft-server-1-state] TRACE i.a.utils.serializer.KryoNamespace - class com.google.common.collect.SingletonImmutableSet registered as 21
22:48:29.617 [raft-server-1-state] TRACE i.a.utils.serializer.KryoNamespace - class com.google.common.collect.RegularImmutableSet registered as 21
22:48:29.617 [raft-server-1-state] TRACE i.a.utils.serializer.KryoNamespace - class com.google.common.collect.ImmutableMap registered as 22
22:48:29.617 [raft-server-1-state] TRACE i.a.utils.serializer.KryoNamespace - class com.google.common.collect.RegularImmutableMap registered as 22
22:48:29.617 [raft-server-1-state] TRACE i.a.utils.serializer.KryoNamespace - class com.google.common.collect.RegularImmutableMap registered as 22
22:48:29.617 [raft-server-1-state] TRACE i.a.utils.serializer.KryoNamespace - class com.google.common.collect.RegularImmutableMap registered as 22
22:48:29.617 [raft-server-1-state] TRACE i.a.utils.serializer.KryoNamespace - class java.util.Collections$UnmodifiableSet registered as 23
22:48:29.617 [raft-server-1-state] TRACE i.a.utils.serializer.KryoNamespace - class java.util.HashMap registered as 24
22:48:29.618 [raft-server-1-state] TRACE i.a.utils.serializer.KryoNamespace - class java.util.concurrent.ConcurrentHashMap registered as 25
22:48:29.618 [raft-server-1-state] TRACE i.a.utils.serializer.KryoNamespace - class java.util.concurrent.CopyOnWriteArraySet registered as 26
22:48:29.618 [raft-server-1-state] TRACE i.a.utils.serializer.KryoNamespace - class java.util.ArrayList registered as 27
22:48:29.618 [raft-server-1-state] TRACE i.a.utils.serializer.KryoNamespace - class java.util.LinkedList registered as 28
22:48:29.618 [raft-server-1-state] TRACE i.a.utils.serializer.KryoNamespace - class java.util.HashSet registered as 29
22:48:29.618 [raft-server-1-state] TRACE i.a.utils.serializer.KryoNamespace - class java.util.LinkedHashSet registered as 30
22:48:29.618 [raft-server-1-state] TRACE i.a.utils.serializer.KryoNamespace - class com.sun.jmx.remote.internal.ArrayQueue registered as 31
22:48:29.618 [raft-server-1-state] TRACE i.a.utils.serializer.KryoNamespace - class java.util.ArrayDeque registered as 32
22:48:29.618 [raft-server-1-state] TRACE i.a.utils.serializer.KryoNamespace - class com.google.common.collect.HashMultiset registered as 33
22:48:29.618 [raft-server-1-state] TRACE i.a.utils.serializer.KryoNamespace - class com.google.common.collect.Sets registered as 34
22:48:29.618 [raft-server-1-state] TRACE i.a.utils.serializer.KryoNamespace - class com.google.common.collect.ImmutableEntry registered as 35
22:48:29.618 [raft-server-1-state] TRACE i.a.utils.serializer.KryoNamespace - class java.util.Arrays$ArrayList registered as 36
22:48:29.618 [raft-server-1-state] TRACE i.a.utils.serializer.KryoNamespace - class java.util.Collections$SingletonList registered as 37
22:48:29.618 [raft-server-1-state] TRACE i.a.utils.serializer.KryoNamespace - class java.time.Duration registered as 38
22:48:29.618 [raft-server-1-state] TRACE i.a.utils.serializer.KryoNamespace - class java.util.Collections$EmptySet registered as 39
22:48:29.618 [raft-server-1-state] TRACE i.a.utils.serializer.KryoNamespace - class java.util.Optional registered as 40
22:48:29.619 [raft-server-1-state] TRACE i.a.utils.serializer.KryoNamespace - class java.util.Collections$EmptyList registered as 41
22:48:29.619 [raft-server-1-state] TRACE i.a.utils.serializer.KryoNamespace - class java.util.Collections$SingletonSet registered as 42
22:48:29.619 [raft-server-1-state] TRACE i.a.utils.serializer.KryoNamespace - class [I registered as 43
22:48:29.619 [raft-server-1-state] TRACE i.a.utils.serializer.KryoNamespace - class [J registered as 44
22:48:29.619 [raft-server-1-state] TRACE i.a.utils.serializer.KryoNamespace - class [S registered as 45
22:48:29.619 [raft-server-1-state] TRACE i.a.utils.serializer.KryoNamespace - class [D registered as 46
22:48:29.619 [raft-server-1-state] TRACE i.a.utils.serializer.KryoNamespace - class [F registered as 47
22:48:29.619 [raft-server-1-state] TRACE i.a.utils.serializer.KryoNamespace - class [C registered as 48
22:48:29.619 [raft-server-1-state] TRACE i.a.utils.serializer.KryoNamespace - class [Ljava.lang.String; registered as 49
22:48:29.619 [raft-server-1-state] TRACE i.a.utils.serializer.KryoNamespace - class [Z registered as 50
22:48:29.619 [raft-server-1-state] TRACE i.a.utils.serializer.KryoNamespace - class [Ljava.lang.Object; registered as 51
22:48:29.619 [raft-server-1-state] TRACE i.a.utils.serializer.KryoNamespace - class io.atomix.primitive.service.ServiceConfig registered as 52
22:48:29.619 [raft-server-1-state] TRACE i.a.utils.serializer.KryoNamespace - Creating Kryo instance for KryoNamespace{registeredBlocks=[RegistrationBlock{begin=16, types=[([Ljava.lang.Class;@6b321262,null), ([Ljava.lang.Class;@68b11545,null), ([Ljava.lang.Class;@7d0100ea,null), ([Ljava.lang.Class;@357bc488,null), ([Ljava.lang.Class;@4ea17147,io.atomix.utils.serializer.serializers.ImmutableListSerializer@2eda4eeb), ([Ljava.lang.Class;@5ba90d8a,io.atomix.utils.serializer.serializers.ImmutableSetSerializer@309dcdf3), ([Ljava.lang.Class;@7573b9ee,io.atomix.utils.serializer.serializers.ImmutableMapSerializer@9a20cbd), ([Ljava.lang.Class;@1af4955e,null), ([Ljava.lang.Class;@445821a6,null), ([Ljava.lang.Class;@2c0c4c0a,null), ([Ljava.lang.Class;@35d26ad2,null), ([Ljava.lang.Class;@bb25753,null), ([Ljava.lang.Class;@ee21292,null), ([Ljava.lang.Class;@40c06358,null), ([Ljava.lang.Class;@66e21568,null), ([Ljava.lang.Class;@7f73ce28,null), ([Ljava.lang.Class;@611b35d6,null), ([Ljava.lang.Class;@2282400e,null), ([Ljava.lang.Class;@543d5863,null), ([Ljava.lang.Class;@35dece42,null), ([Ljava.lang.Class;@dd3f8aa,io.atomix.utils.serializer.serializers.ArraysAsListSerializer@3d615b2e), ([Ljava.lang.Class;@3a1f2a1,null), ([Ljava.lang.Class;@40ce9049,null), ([Ljava.lang.Class;@52ca2652,null), ([Ljava.lang.Class;@65c5bf0e,null), ([Ljava.lang.Class;@697d6ded,null), ([Ljava.lang.Class;@5d05f453,null), ([Ljava.lang.Class;@5efeb117,null), ([Ljava.lang.Class;@160b4809,null), ([Ljava.lang.Class;@149b4d20,null), ([Ljava.lang.Class;@664e848c,null), ([Ljava.lang.Class;@4d93f75b,null), ([Ljava.lang.Class;@114a5e0,null), ([Ljava.lang.Class;@4f281aaf,null), ([Ljava.lang.Class;@5d508d22,null), ([Ljava.lang.Class;@f2b90fc,null)]}, RegistrationBlock{begin=52, types=[([Ljava.lang.Class;@372076c8,null)]}]}
22:48:29.620 [raft-server-1-state] TRACE i.a.utils.serializer.KryoNamespace - class [B registered as 16
22:48:29.620 [raft-server-1-state] TRACE i.a.utils.serializer.KryoNamespace - class java.util.concurrent.atomic.AtomicBoolean registered as 17
22:48:29.620 [raft-server-1-state] TRACE i.a.utils.serializer.KryoNamespace - class java.util.concurrent.atomic.AtomicInteger registered as 18
22:48:29.620 [raft-server-1-state] TRACE i.a.utils.serializer.KryoNamespace - class java.util.concurrent.atomic.AtomicLong registered as 19
22:48:29.620 [raft-server-1-state] TRACE i.a.utils.serializer.KryoNamespace - class com.google.common.collect.ImmutableList registered as 20
22:48:29.620 [raft-server-1-state] TRACE i.a.utils.serializer.KryoNamespace - class com.google.common.collect.RegularImmutableList registered as 20
22:48:29.620 [raft-server-1-state] TRACE i.a.utils.serializer.KryoNamespace - class com.google.common.collect.RegularImmutableList registered as 20
22:48:29.620 [raft-server-1-state] TRACE i.a.utils.serializer.KryoNamespace - class com.google.common.collect.ImmutableList$SubList registered as 20
22:48:29.620 [raft-server-1-state] TRACE i.a.utils.serializer.KryoNamespace - class com.google.common.collect.ImmutableSet registered as 21
22:48:29.620 [raft-server-1-state] TRACE i.a.utils.serializer.KryoNamespace - class com.google.common.collect.RegularImmutableSet registered as 21
22:48:29.620 [raft-server-1-state] TRACE i.a.utils.serializer.KryoNamespace - class com.google.common.collect.SingletonImmutableSet registered as 21
22:48:29.620 [raft-server-1-state] TRACE i.a.utils.serializer.KryoNamespace - class com.google.common.collect.RegularImmutableSet registered as 21
22:48:29.620 [raft-server-1-state] TRACE i.a.utils.serializer.KryoNamespace - class com.google.common.collect.ImmutableMap registered as 22
22:48:29.620 [raft-server-1-state] TRACE i.a.utils.serializer.KryoNamespace - class com.google.common.collect.RegularImmutableMap registered as 22
22:48:29.620 [raft-server-1-state] TRACE i.a.utils.serializer.KryoNamespace - class com.google.common.collect.RegularImmutableMap registered as 22
22:48:29.620 [raft-server-1-state] TRACE i.a.utils.serializer.KryoNamespace - class com.google.common.collect.RegularImmutableMap registered as 22
22:48:29.620 [raft-server-1-state] TRACE i.a.utils.serializer.KryoNamespace - class java.util.Collections$UnmodifiableSet registered as 23
22:48:29.620 [raft-server-1-state] TRACE i.a.utils.serializer.KryoNamespace - class java.util.HashMap registered as 24
22:48:29.620 [raft-server-1-state] TRACE i.a.utils.serializer.KryoNamespace - class java.util.concurrent.ConcurrentHashMap registered as 25
22:48:29.620 [raft-server-1-state] TRACE i.a.utils.serializer.KryoNamespace - class java.util.concurrent.CopyOnWriteArraySet registered as 26
22:48:29.620 [raft-server-1-state] TRACE i.a.utils.serializer.KryoNamespace - class java.util.ArrayList registered as 27
22:48:29.620 [raft-server-1-state] TRACE i.a.utils.serializer.KryoNamespace - class java.util.LinkedList registered as 28
22:48:29.620 [raft-server-1-state] TRACE i.a.utils.serializer.KryoNamespace - class java.util.HashSet registered as 29
22:48:29.620 [raft-server-1-state] TRACE i.a.utils.serializer.KryoNamespace - class java.util.LinkedHashSet registered as 30
22:48:29.620 [raft-server-1-state] TRACE i.a.utils.serializer.KryoNamespace - class com.sun.jmx.remote.internal.ArrayQueue registered as 31
22:48:29.620 [raft-server-1-state] TRACE i.a.utils.serializer.KryoNamespace - class java.util.ArrayDeque registered as 32
22:48:29.620 [raft-server-1-state] TRACE i.a.utils.serializer.KryoNamespace - class com.google.common.collect.HashMultiset registered as 33
22:48:29.620 [raft-server-1-state] TRACE i.a.utils.serializer.KryoNamespace - class com.google.common.collect.Sets registered as 34
22:48:29.621 [raft-server-1-state] TRACE i.a.utils.serializer.KryoNamespace - class com.google.common.collect.ImmutableEntry registered as 35
22:48:29.621 [raft-server-1-state] TRACE i.a.utils.serializer.KryoNamespace - class java.util.Arrays$ArrayList registered as 36
22:48:29.621 [raft-server-1-state] TRACE i.a.utils.serializer.KryoNamespace - class java.util.Collections$SingletonList registered as 37
22:48:29.621 [raft-server-1-state] TRACE i.a.utils.serializer.KryoNamespace - class java.time.Duration registered as 38
22:48:29.621 [raft-server-1-state] TRACE i.a.utils.serializer.KryoNamespace - class java.util.Collections$EmptySet registered as 39
22:48:29.621 [raft-server-1-state] TRACE i.a.utils.serializer.KryoNamespace - class java.util.Optional registered as 40
22:48:29.621 [raft-server-1-state] TRACE i.a.utils.serializer.KryoNamespace - class java.util.Collections$EmptyList registered as 41
22:48:29.621 [raft-server-1-state] TRACE i.a.utils.serializer.KryoNamespace - class java.util.Collections$SingletonSet registered as 42
22:48:29.621 [raft-server-1-state] TRACE i.a.utils.serializer.KryoNamespace - class [I registered as 43
22:48:29.621 [raft-server-1-state] TRACE i.a.utils.serializer.KryoNamespace - class [J registered as 44
22:48:29.621 [raft-server-1-state] TRACE i.a.utils.serializer.KryoNamespace - class [S registered as 45
22:48:29.621 [raft-server-1-state] TRACE i.a.utils.serializer.KryoNamespace - class [D registered as 46
22:48:29.621 [raft-server-1-state] TRACE i.a.utils.serializer.KryoNamespace - class [F registered as 47
22:48:29.621 [raft-server-1-state] TRACE i.a.utils.serializer.KryoNamespace - class [C registered as 48
22:48:29.621 [raft-server-1-state] TRACE i.a.utils.serializer.KryoNamespace - class [Ljava.lang.String; registered as 49
22:48:29.621 [raft-server-1-state] TRACE i.a.utils.serializer.KryoNamespace - class [Z registered as 50
22:48:29.621 [raft-server-1-state] TRACE i.a.utils.serializer.KryoNamespace - class [Ljava.lang.Object; registered as 51
22:48:29.621 [raft-server-1-state] TRACE i.a.utils.serializer.KryoNamespace - class io.atomix.primitive.service.ServiceConfig registered as 52
22:48:29.621 [raft-server-1-state] TRACE i.a.utils.serializer.KryoNamespace - Creating Kryo instance for KryoNamespace{registeredBlocks=[RegistrationBlock{begin=16, types=[([Ljava.lang.Class;@6b321262,null), ([Ljava.lang.Class;@68b11545,null), ([Ljava.lang.Class;@7d0100ea,null), ([Ljava.lang.Class;@357bc488,null), ([Ljava.lang.Class;@4ea17147,io.atomix.utils.serializer.serializers.ImmutableListSerializer@2eda4eeb), ([Ljava.lang.Class;@5ba90d8a,io.atomix.utils.serializer.serializers.ImmutableSetSerializer@309dcdf3), ([Ljava.lang.Class;@7573b9ee,io.atomix.utils.serializer.serializers.ImmutableMapSerializer@9a20cbd), ([Ljava.lang.Class;@1af4955e,null), ([Ljava.lang.Class;@445821a6,null), ([Ljava.lang.Class;@2c0c4c0a,null), ([Ljava.lang.Class;@35d26ad2,null), ([Ljava.lang.Class;@bb25753,null), ([Ljava.lang.Class;@ee21292,null), ([Ljava.lang.Class;@40c06358,null), ([Ljava.lang.Class;@66e21568,null), ([Ljava.lang.Class;@7f73ce28,null), ([Ljava.lang.Class;@611b35d6,null), ([Ljava.lang.Class;@2282400e,null), ([Ljava.lang.Class;@543d5863,null), ([Ljava.lang.Class;@35dece42,null), ([Ljava.lang.Class;@dd3f8aa,io.atomix.utils.serializer.serializers.ArraysAsListSerializer@3d615b2e), ([Ljava.lang.Class;@3a1f2a1,null), ([Ljava.lang.Class;@40ce9049,null), ([Ljava.lang.Class;@52ca2652,null), ([Ljava.lang.Class;@65c5bf0e,null), ([Ljava.lang.Class;@697d6ded,null), ([Ljava.lang.Class;@5d05f453,null), ([Ljava.lang.Class;@5efeb117,null), ([Ljava.lang.Class;@160b4809,null), ([Ljava.lang.Class;@149b4d20,null), ([Ljava.lang.Class;@664e848c,null), ([Ljava.lang.Class;@4d93f75b,null), ([Ljava.lang.Class;@114a5e0,null), ([Ljava.lang.Class;@4f281aaf,null), ([Ljava.lang.Class;@5d508d22,null), ([Ljava.lang.Class;@f2b90fc,null)]}, RegistrationBlock{begin=52, types=[([Ljava.lang.Class;@331fe4f4,null)]}]}
22:48:29.622 [raft-server-1-state] TRACE i.a.utils.serializer.KryoNamespace - class [B registered as 16
22:48:29.622 [raft-server-1-state] TRACE i.a.utils.serializer.KryoNamespace - class java.util.concurrent.atomic.AtomicBoolean registered as 17
22:48:29.622 [raft-server-1-state] TRACE i.a.utils.serializer.KryoNamespace - class java.util.concurrent.atomic.AtomicInteger registered as 18
22:48:29.622 [raft-server-1-state] TRACE i.a.utils.serializer.KryoNamespace - class java.util.concurrent.atomic.AtomicLong registered as 19
22:48:29.622 [raft-server-1-state] TRACE i.a.utils.serializer.KryoNamespace - class com.google.common.collect.ImmutableList registered as 20
22:48:29.622 [raft-server-1-state] TRACE i.a.utils.serializer.KryoNamespace - class com.google.common.collect.RegularImmutableList registered as 20
22:48:29.622 [raft-server-1-state] TRACE i.a.utils.serializer.KryoNamespace - class com.google.common.collect.RegularImmutableList registered as 20
22:48:29.622 [raft-server-1-state] TRACE i.a.utils.serializer.KryoNamespace - class com.google.common.collect.ImmutableList$SubList registered as 20
22:48:29.622 [raft-server-1-state] TRACE i.a.utils.serializer.KryoNamespace - class com.google.common.collect.ImmutableSet registered as 21
22:48:29.622 [raft-server-1-state] TRACE i.a.utils.serializer.KryoNamespace - class com.google.common.collect.RegularImmutableSet registered as 21
22:48:29.622 [raft-server-1-state] TRACE i.a.utils.serializer.KryoNamespace - class com.google.common.collect.SingletonImmutableSet registered as 21
22:48:29.622 [raft-server-1-state] TRACE i.a.utils.serializer.KryoNamespace - class com.google.common.collect.RegularImmutableSet registered as 21
22:48:29.622 [raft-server-1-state] TRACE i.a.utils.serializer.KryoNamespace - class com.google.common.collect.ImmutableMap registered as 22
22:48:29.622 [raft-server-1-state] TRACE i.a.utils.serializer.KryoNamespace - class com.google.common.collect.RegularImmutableMap registered as 22
22:48:29.622 [raft-server-1-state] TRACE i.a.utils.serializer.KryoNamespace - class com.google.common.collect.RegularImmutableMap registered as 22
22:48:29.622 [raft-server-1-state] TRACE i.a.utils.serializer.KryoNamespace - class com.google.common.collect.RegularImmutableMap registered as 22
22:48:29.622 [raft-server-1-state] TRACE i.a.utils.serializer.KryoNamespace - class java.util.Collections$UnmodifiableSet registered as 23
22:48:29.622 [raft-server-1-state] TRACE i.a.utils.serializer.KryoNamespace - class java.util.HashMap registered as 24
22:48:29.622 [raft-server-1-state] TRACE i.a.utils.serializer.KryoNamespace - class java.util.concurrent.ConcurrentHashMap registered as 25
22:48:29.622 [raft-server-1-state] TRACE i.a.utils.serializer.KryoNamespace - class java.util.concurrent.CopyOnWriteArraySet registered as 26
22:48:29.622 [raft-server-1-state] TRACE i.a.utils.serializer.KryoNamespace - class java.util.ArrayList registered as 27
22:48:29.622 [raft-server-1-state] TRACE i.a.utils.serializer.KryoNamespace - class java.util.LinkedList registered as 28
22:48:29.622 [raft-server-1-state] TRACE i.a.utils.serializer.KryoNamespace - class java.util.HashSet registered as 29
22:48:29.622 [raft-server-1-state] TRACE i.a.utils.serializer.KryoNamespace - class java.util.LinkedHashSet registered as 30
22:48:29.622 [raft-server-1-state] TRACE i.a.utils.serializer.KryoNamespace - class com.sun.jmx.remote.internal.ArrayQueue registered as 31
22:48:29.623 [raft-server-1-state] TRACE i.a.utils.serializer.KryoNamespace - class java.util.ArrayDeque registered as 32
22:48:29.623 [raft-server-1-state] TRACE i.a.utils.serializer.KryoNamespace - class com.google.common.collect.HashMultiset registered as 33
22:48:29.623 [raft-server-1-state] TRACE i.a.utils.serializer.KryoNamespace - class com.google.common.collect.Sets registered as 34
22:48:29.623 [raft-server-1-state] TRACE i.a.utils.serializer.KryoNamespace - class com.google.common.collect.ImmutableEntry registered as 35
22:48:29.623 [raft-server-1-state] TRACE i.a.utils.serializer.KryoNamespace - class java.util.Arrays$ArrayList registered as 36
22:48:29.623 [raft-server-1-state] TRACE i.a.utils.serializer.KryoNamespace - class java.util.Collections$SingletonList registered as 37
22:48:29.623 [raft-server-1-state] TRACE i.a.utils.serializer.KryoNamespace - class java.time.Duration registered as 38
22:48:29.623 [raft-server-1-state] TRACE i.a.utils.serializer.KryoNamespace - class java.util.Collections$EmptySet registered as 39
22:48:29.623 [raft-server-1-state] TRACE i.a.utils.serializer.KryoNamespace - class java.util.Optional registered as 40
22:48:29.623 [raft-server-1-state] TRACE i.a.utils.serializer.KryoNamespace - class java.util.Collections$EmptyList registered as 41
22:48:29.623 [raft-server-1-state] TRACE i.a.utils.serializer.KryoNamespace - class java.util.Collections$SingletonSet registered as 42
22:48:29.623 [raft-server-1-state] TRACE i.a.utils.serializer.KryoNamespace - class [I registered as 43
22:48:29.623 [raft-server-1-state] TRACE i.a.utils.serializer.KryoNamespace - class [J registered as 44
22:48:29.623 [raft-server-1-state] TRACE i.a.utils.serializer.KryoNamespace - class [S registered as 45
22:48:29.623 [raft-server-1-state] TRACE i.a.utils.serializer.KryoNamespace - class [D registered as 46
22:48:29.623 [raft-server-1-state] TRACE i.a.utils.serializer.KryoNamespace - class [F registered as 47
22:48:29.623 [raft-server-1-state] TRACE i.a.utils.serializer.KryoNamespace - class [C registered as 48
22:48:29.623 [raft-server-1-state] TRACE i.a.utils.serializer.KryoNamespace - class [Ljava.lang.String; registered as 49
22:48:29.623 [raft-server-1-state] TRACE i.a.utils.serializer.KryoNamespace - class [Z registered as 50
22:48:29.624 [raft-server-1-state] TRACE i.a.utils.serializer.KryoNamespace - class [Ljava.lang.Object; registered as 51
22:48:29.624 [raft-server-1-state] TRACE i.a.utils.serializer.KryoNamespace - class io.atomix.primitive.service.ServiceConfig registered as 52
22:48:29.624 [raft-server-1-state] DEBUG i.a.p.s.impl.DefaultServiceExecutor - PrimitiveService{2}{type=io.atomix.protocols.raft.RaftTest$TestPrimitiveType@761d7cf3, name=raft-test} - Registered operation callback DefaultOperationId{id=sendEvent, type=COMMAND}
22:48:29.624 [raft-server-1-state] DEBUG i.a.p.s.impl.DefaultServiceExecutor - PrimitiveService{2}{type=io.atomix.protocols.raft.RaftTest$TestPrimitiveType@761d7cf3, name=raft-test} - Registered operation callback DefaultOperationId{id=onClose, type=COMMAND}
22:48:29.624 [raft-server-1-state] DEBUG i.a.p.s.impl.DefaultServiceExecutor - PrimitiveService{2}{type=io.atomix.protocols.raft.RaftTest$TestPrimitiveType@761d7cf3, name=raft-test} - Registered operation callback DefaultOperationId{id=read, type=QUERY}
22:48:29.624 [raft-server-1-state] DEBUG i.a.p.s.impl.DefaultServiceExecutor - PrimitiveService{2}{type=io.atomix.protocols.raft.RaftTest$TestPrimitiveType@761d7cf3, name=raft-test} - Registered operation callback DefaultOperationId{id=onExpire, type=COMMAND}
22:48:29.624 [raft-server-1-state] DEBUG i.a.p.s.impl.DefaultServiceExecutor - PrimitiveService{2}{type=io.atomix.protocols.raft.RaftTest$TestPrimitiveType@761d7cf3, name=raft-test} - Registered operation callback DefaultOperationId{id=write, type=COMMAND}
22:48:29.624 [raft-server-1-state] TRACE i.a.utils.serializer.KryoNamespace - Creating Kryo instance for KryoNamespace{registeredBlocks=[RegistrationBlock{begin=16, types=[([Ljava.lang.Class;@6b321262,null), ([Ljava.lang.Class;@68b11545,null), ([Ljava.lang.Class;@7d0100ea,null), ([Ljava.lang.Class;@357bc488,null), ([Ljava.lang.Class;@4ea17147,io.atomix.utils.serializer.serializers.ImmutableListSerializer@2eda4eeb), ([Ljava.lang.Class;@5ba90d8a,io.atomix.utils.serializer.serializers.ImmutableSetSerializer@309dcdf3), ([Ljava.lang.Class;@7573b9ee,io.atomix.utils.serializer.serializers.ImmutableMapSerializer@9a20cbd), ([Ljava.lang.Class;@1af4955e,null), ([Ljava.lang.Class;@445821a6,null), ([Ljava.lang.Class;@2c0c4c0a,null), ([Ljava.lang.Class;@35d26ad2,null), ([Ljava.lang.Class;@bb25753,null), ([Ljava.lang.Class;@ee21292,null), ([Ljava.lang.Class;@40c06358,null), ([Ljava.lang.Class;@66e21568,null), ([Ljava.lang.Class;@7f73ce28,null), ([Ljava.lang.Class;@611b35d6,null), ([Ljava.lang.Class;@2282400e,null), ([Ljava.lang.Class;@543d5863,null), ([Ljava.lang.Class;@35dece42,null), ([Ljava.lang.Class;@dd3f8aa,io.atomix.utils.serializer.serializers.ArraysAsListSerializer@3d615b2e), ([Ljava.lang.Class;@3a1f2a1,null), ([Ljava.lang.Class;@40ce9049,null), ([Ljava.lang.Class;@52ca2652,null), ([Ljava.lang.Class;@65c5bf0e,null), ([Ljava.lang.Class;@697d6ded,null), ([Ljava.lang.Class;@5d05f453,null), ([Ljava.lang.Class;@5efeb117,null), ([Ljava.lang.Class;@160b4809,null), ([Ljava.lang.Class;@149b4d20,null), ([Ljava.lang.Class;@664e848c,null), ([Ljava.lang.Class;@4d93f75b,null), ([Ljava.lang.Class;@114a5e0,null), ([Ljava.lang.Class;@4f281aaf,null), ([Ljava.lang.Class;@5d508d22,null), ([Ljava.lang.Class;@f2b90fc,null)]}, RegistrationBlock{begin=52, types=[([Ljava.lang.Class;@7383561b,null)]}]}
22:48:29.624 [raft-server-1-state] TRACE i.a.utils.serializer.KryoNamespace - class [B registered as 16
22:48:29.624 [raft-server-1-state] TRACE i.a.utils.serializer.KryoNamespace - class java.util.concurrent.atomic.AtomicBoolean registered as 17
22:48:29.624 [raft-server-1-state] TRACE i.a.utils.serializer.KryoNamespace - class java.util.concurrent.atomic.AtomicInteger registered as 18
22:48:29.624 [raft-server-1-state] TRACE i.a.utils.serializer.KryoNamespace - class java.util.concurrent.atomic.AtomicLong registered as 19
22:48:29.624 [raft-server-1-state] TRACE i.a.utils.serializer.KryoNamespace - class com.google.common.collect.ImmutableList registered as 20
22:48:29.624 [raft-server-1-state] TRACE i.a.utils.serializer.KryoNamespace - class com.google.common.collect.RegularImmutableList registered as 20
22:48:29.624 [raft-server-1-state] TRACE i.a.utils.serializer.KryoNamespace - class com.google.common.collect.RegularImmutableList registered as 20
22:48:29.624 [raft-server-1-state] TRACE i.a.utils.serializer.KryoNamespace - class com.google.common.collect.ImmutableList$SubList registered as 20
22:48:29.624 [raft-server-1-state] TRACE i.a.utils.serializer.KryoNamespace - class com.google.common.collect.ImmutableSet registered as 21
22:48:29.624 [raft-server-1-state] TRACE i.a.utils.serializer.KryoNamespace - class com.google.common.collect.RegularImmutableSet registered as 21
22:48:29.624 [raft-server-1-state] TRACE i.a.utils.serializer.KryoNamespace - class com.google.common.collect.SingletonImmutableSet registered as 21
22:48:29.624 [raft-server-1-state] TRACE i.a.utils.serializer.KryoNamespace - class com.google.common.collect.RegularImmutableSet registered as 21
22:48:29.624 [raft-server-1-state] TRACE i.a.utils.serializer.KryoNamespace - class com.google.common.collect.ImmutableMap registered as 22
22:48:29.625 [raft-server-1-state] TRACE i.a.utils.serializer.KryoNamespace - class com.google.common.collect.RegularImmutableMap registered as 22
22:48:29.625 [raft-server-1-state] TRACE i.a.utils.serializer.KryoNamespace - class com.google.common.collect.RegularImmutableMap registered as 22
22:48:29.625 [raft-server-1-state] TRACE i.a.utils.serializer.KryoNamespace - class com.google.common.collect.RegularImmutableMap registered as 22
22:48:29.625 [raft-server-1-state] TRACE i.a.utils.serializer.KryoNamespace - class java.util.Collections$UnmodifiableSet registered as 23
22:48:29.625 [raft-server-1-state] TRACE i.a.utils.serializer.KryoNamespace - class java.util.HashMap registered as 24
22:48:29.625 [raft-server-1-state] TRACE i.a.utils.serializer.KryoNamespace - class java.util.concurrent.ConcurrentHashMap registered as 25
22:48:29.625 [raft-server-1-state] TRACE i.a.utils.serializer.KryoNamespace - class java.util.concurrent.CopyOnWriteArraySet registered as 26
22:48:29.625 [raft-server-1-state] TRACE i.a.utils.serializer.KryoNamespace - class java.util.ArrayList registered as 27
22:48:29.625 [raft-server-1-state] TRACE i.a.utils.serializer.KryoNamespace - class java.util.LinkedList registered as 28
22:48:29.625 [raft-server-1-state] TRACE i.a.utils.serializer.KryoNamespace - class java.util.HashSet registered as 29
22:48:29.625 [raft-server-1-state] TRACE i.a.utils.serializer.KryoNamespace - class java.util.LinkedHashSet registered as 30
22:48:29.625 [raft-server-1-state] TRACE i.a.utils.serializer.KryoNamespace - class com.sun.jmx.remote.internal.ArrayQueue registered as 31
22:48:29.625 [raft-server-1-state] TRACE i.a.utils.serializer.KryoNamespace - class java.util.ArrayDeque registered as 32
22:48:29.625 [raft-server-1-state] TRACE i.a.utils.serializer.KryoNamespace - class com.google.common.collect.HashMultiset registered as 33
22:48:29.625 [raft-server-1-state] TRACE i.a.utils.serializer.KryoNamespace - class com.google.common.collect.Sets registered as 34
22:48:29.625 [raft-server-1-state] TRACE i.a.utils.serializer.KryoNamespace - class com.google.common.collect.ImmutableEntry registered as 35
22:48:29.625 [raft-server-1-state] TRACE i.a.utils.serializer.KryoNamespace - class java.util.Arrays$ArrayList registered as 36
22:48:29.625 [raft-server-1-state] TRACE i.a.utils.serializer.KryoNamespace - class java.util.Collections$SingletonList registered as 37
22:48:29.625 [raft-server-1-state] TRACE i.a.utils.serializer.KryoNamespace - class java.time.Duration registered as 38
22:48:29.625 [raft-server-1-state] TRACE i.a.utils.serializer.KryoNamespace - class java.util.Collections$EmptySet registered as 39
22:48:29.625 [raft-server-1-state] TRACE i.a.utils.serializer.KryoNamespace - class java.util.Optional registered as 40
22:48:29.626 [raft-server-1-state] TRACE i.a.utils.serializer.KryoNamespace - class java.util.Collections$EmptyList registered as 41
22:48:29.626 [raft-server-1-state] TRACE i.a.utils.serializer.KryoNamespace - class java.util.Collections$SingletonSet registered as 42
22:48:29.626 [raft-server-1-state] TRACE i.a.utils.serializer.KryoNamespace - class [I registered as 43
22:48:29.626 [raft-server-1-state] TRACE i.a.utils.serializer.KryoNamespace - class [J registered as 44
22:48:29.626 [raft-server-1-state] TRACE i.a.utils.serializer.KryoNamespace - class [S registered as 45
22:48:29.626 [raft-server-1-state] TRACE i.a.utils.serializer.KryoNamespace - class [D registered as 46
22:48:29.626 [raft-server-1-state] TRACE i.a.utils.serializer.KryoNamespace - class [F registered as 47
22:48:29.626 [raft-server-1-state] TRACE i.a.utils.serializer.KryoNamespace - class [C registered as 48
22:48:29.626 [raft-server-1-state] TRACE i.a.utils.serializer.KryoNamespace - class [Ljava.lang.String; registered as 49
22:48:29.626 [raft-server-1-state] TRACE i.a.utils.serializer.KryoNamespace - class [Z registered as 50
22:48:29.626 [raft-server-1-state] TRACE i.a.utils.serializer.KryoNamespace - class [Ljava.lang.Object; registered as 51
22:48:29.626 [raft-server-1-state] TRACE i.a.utils.serializer.KryoNamespace - class io.atomix.primitive.service.ServiceConfig registered as 52
22:48:29.626 [raft-server-1-state] DEBUG i.a.p.r.service.RaftServiceContext - PrimitiveService{2}{type=io.atomix.protocols.raft.RaftTest$TestPrimitiveType@761d7cf3, name=raft-test} - Opening session 2
22:48:29.626 [raft-server-1-state] DEBUG i.a.p.raft.session.RaftSession - PrimitiveSession{2}{type=io.atomix.protocols.raft.RaftTest$TestPrimitiveType@761d7cf3, name=raft-test} - State changed: OPEN
22:48:29.626 [raft-server-1-state] TRACE i.a.protocols.raft.roles.LeaderRole - RaftServer{1}{role=LEADER} - Sending OpenSessionResponse{status=OK, session=2, timeout=5000}
22:48:29.657 [raft-server-3] TRACE i.a.p.raft.roles.FollowerRole - RaftServer{3}{role=FOLLOWER} - Committed entries up to index 2
22:48:29.657 [raft-server-2] TRACE i.a.p.raft.roles.FollowerRole - RaftServer{2}{role=FOLLOWER} - Committed entries up to index 2
22:48:29.657 [raft-server-3] TRACE i.a.p.raft.roles.FollowerRole - RaftServer{3}{role=FOLLOWER} - Sending AppendResponse{status=OK, term=1, succeeded=true, lastLogIndex=2}
22:48:29.657 [raft-server-2] TRACE i.a.p.raft.roles.FollowerRole - RaftServer{2}{role=FOLLOWER} - Sending AppendResponse{status=OK, term=1, succeeded=true, lastLogIndex=2}
22:48:29.657 [raft-server-1] TRACE i.a.p.raft.roles.LeaderAppender - RaftServer{1} - Received AppendResponse{status=OK, term=1, succeeded=true, lastLogIndex=2} from 3
22:48:29.657 [raft-server-2] TRACE i.a.p.raft.roles.FollowerRole - RaftServer{2}{role=FOLLOWER} - Sending OpenSessionResponse{status=OK, session=2, timeout=5000}
22:48:29.657 [raft-server-1] TRACE i.a.p.raft.roles.LeaderAppender - RaftServer{1} - Sending AppendRequest{term=1, leader=1, prevLogIndex=2, prevLogTerm=1, entries=0, commitIndex=2} to 3
22:48:29.657 [raft-server-3-state] TRACE i.a.p.raft.impl.RaftServiceManager - RaftServer{3} - Applying Indexed{index=2, entry=OpenSessionEntry{term=1, timestamp=2018-06-07 10:48:29,401, node=4, serviceName=raft-test, serviceType=raft-test, serviceConfig=byte[]{length=2, hash=2636}, readConsistency=LINEARIZABLE, minTimeout=250, maxTimeout=5000}}
22:48:29.657 [raft-server-1] TRACE i.a.p.raft.roles.LeaderAppender - RaftServer{1} - Received AppendResponse{status=OK, term=1, succeeded=true, lastLogIndex=2} from 2
22:48:29.657 [raft-server-3] TRACE i.a.p.raft.roles.FollowerRole - RaftServer{3}{role=FOLLOWER} - Received AppendRequest{term=1, leader=1, prevLogIndex=2, prevLogTerm=1, entries=0, commitIndex=2}
22:48:29.657 [raft-server-3] TRACE i.a.p.raft.roles.FollowerRole - RaftServer{3}{role=FOLLOWER} - Sending AppendResponse{status=OK, term=1, succeeded=true, lastLogIndex=2}
22:48:29.657 [raft-server-1] TRACE i.a.p.raft.roles.LeaderAppender - RaftServer{1} - Sending AppendRequest{term=1, leader=1, prevLogIndex=2, prevLogTerm=1, entries=0, commitIndex=2} to 2
22:48:29.657 [raft-server-3-state] TRACE i.a.utils.serializer.KryoNamespace - Creating Kryo instance for KryoNamespace{registeredBlocks=[RegistrationBlock{begin=16, types=[([Ljava.lang.Class;@6b321262,null), ([Ljava.lang.Class;@68b11545,null), ([Ljava.lang.Class;@7d0100ea,null), ([Ljava.lang.Class;@357bc488,null), ([Ljava.lang.Class;@4ea17147,io.atomix.utils.serializer.serializers.ImmutableListSerializer@2eda4eeb), ([Ljava.lang.Class;@5ba90d8a,io.atomix.utils.serializer.serializers.ImmutableSetSerializer@309dcdf3), ([Ljava.lang.Class;@7573b9ee,io.atomix.utils.serializer.serializers.ImmutableMapSerializer@9a20cbd), ([Ljava.lang.Class;@1af4955e,null), ([Ljava.lang.Class;@445821a6,null), ([Ljava.lang.Class;@2c0c4c0a,null), ([Ljava.lang.Class;@35d26ad2,null), ([Ljava.lang.Class;@bb25753,null), ([Ljava.lang.Class;@ee21292,null), ([Ljava.lang.Class;@40c06358,null), ([Ljava.lang.Class;@66e21568,null), ([Ljava.lang.Class;@7f73ce28,null), ([Ljava.lang.Class;@611b35d6,null), ([Ljava.lang.Class;@2282400e,null), ([Ljava.lang.Class;@543d5863,null), ([Ljava.lang.Class;@35dece42,null), ([Ljava.lang.Class;@dd3f8aa,io.atomix.utils.serializer.serializers.ArraysAsListSerializer@3d615b2e), ([Ljava.lang.Class;@3a1f2a1,null), ([Ljava.lang.Class;@40ce9049,null), ([Ljava.lang.Class;@52ca2652,null), ([Ljava.lang.Class;@65c5bf0e,null), ([Ljava.lang.Class;@697d6ded,null), ([Ljava.lang.Class;@5d05f453,null), ([Ljava.lang.Class;@5efeb117,null), ([Ljava.lang.Class;@160b4809,null), ([Ljava.lang.Class;@149b4d20,null), ([Ljava.lang.Class;@664e848c,null), ([Ljava.lang.Class;@4d93f75b,null), ([Ljava.lang.Class;@114a5e0,null), ([Ljava.lang.Class;@4f281aaf,null), ([Ljava.lang.Class;@5d508d22,null), ([Ljava.lang.Class;@f2b90fc,null)]}, RegistrationBlock{begin=52, types=[([Ljava.lang.Class;@49b0f798,null)]}]}
22:48:29.657 [raft-server-1] TRACE i.a.p.raft.roles.LeaderAppender - RaftServer{1} - Received AppendResponse{status=OK, term=1, succeeded=true, lastLogIndex=2} from 3
22:48:29.657 [raft-server-2] TRACE i.a.p.raft.roles.FollowerRole - RaftServer{2}{role=FOLLOWER} - Received AppendRequest{term=1, leader=1, prevLogIndex=2, prevLogTerm=1, entries=0, commitIndex=2}
22:48:29.657 [raft-client-bd74d86e-809c-4ed1-87a8-2ec3ff75de78-1] TRACE i.a.p.r.p.impl.RaftProxyConnection - RaftClient{bd74d86e-809c-4ed1-87a8-2ec3ff75de78} - Received OpenSessionResponse{status=OK, session=2, timeout=5000} from 2
22:48:29.657 [raft-server-2-state] TRACE i.a.p.raft.impl.RaftServiceManager - RaftServer{2} - Applying Indexed{index=2, entry=OpenSessionEntry{term=1, timestamp=2018-06-07 10:48:29,401, node=4, serviceName=raft-test, serviceType=raft-test, serviceConfig=byte[]{length=2, hash=2636}, readConsistency=LINEARIZABLE, minTimeout=250, maxTimeout=5000}}
22:48:29.657 [raft-server-3-state] TRACE i.a.utils.serializer.KryoNamespace - class [B registered as 16
22:48:29.657 [raft-server-2] TRACE i.a.p.raft.roles.FollowerRole - RaftServer{2}{role=FOLLOWER} - Sending AppendResponse{status=OK, term=1, succeeded=true, lastLogIndex=2}
22:48:29.658 [raft-server-3-state] TRACE i.a.utils.serializer.KryoNamespace - class java.util.concurrent.atomic.AtomicBoolean registered as 17
22:48:29.658 [raft-server-2-state] TRACE i.a.utils.serializer.KryoNamespace - Creating Kryo instance for KryoNamespace{registeredBlocks=[RegistrationBlock{begin=16, types=[([Ljava.lang.Class;@6b321262,null), ([Ljava.lang.Class;@68b11545,null), ([Ljava.lang.Class;@7d0100ea,null), ([Ljava.lang.Class;@357bc488,null), ([Ljava.lang.Class;@4ea17147,io.atomix.utils.serializer.serializers.ImmutableListSerializer@2eda4eeb), ([Ljava.lang.Class;@5ba90d8a,io.atomix.utils.serializer.serializers.ImmutableSetSerializer@309dcdf3), ([Ljava.lang.Class;@7573b9ee,io.atomix.utils.serializer.serializers.ImmutableMapSerializer@9a20cbd), ([Ljava.lang.Class;@1af4955e,null), ([Ljava.lang.Class;@445821a6,null), ([Ljava.lang.Class;@2c0c4c0a,null), ([Ljava.lang.Class;@35d26ad2,null), ([Ljava.lang.Class;@bb25753,null), ([Ljava.lang.Class;@ee21292,null), ([Ljava.lang.Class;@40c06358,null), ([Ljava.lang.Class;@66e21568,null), ([Ljava.lang.Class;@7f73ce28,null), ([Ljava.lang.Class;@611b35d6,null), ([Ljava.lang.Class;@2282400e,null), ([Ljava.lang.Class;@543d5863,null), ([Ljava.lang.Class;@35dece42,null), ([Ljava.lang.Class;@dd3f8aa,io.atomix.utils.serializer.serializers.ArraysAsListSerializer@3d615b2e), ([Ljava.lang.Class;@3a1f2a1,null), ([Ljava.lang.Class;@40ce9049,null), ([Ljava.lang.Class;@52ca2652,null), ([Ljava.lang.Class;@65c5bf0e,null), ([Ljava.lang.Class;@697d6ded,null), ([Ljava.lang.Class;@5d05f453,null), ([Ljava.lang.Class;@5efeb117,null), ([Ljava.lang.Class;@160b4809,null), ([Ljava.lang.Class;@149b4d20,null), ([Ljava.lang.Class;@664e848c,null), ([Ljava.lang.Class;@4d93f75b,null), ([Ljava.lang.Class;@114a5e0,null), ([Ljava.lang.Class;@4f281aaf,null), ([Ljava.lang.Class;@5d508d22,null), ([Ljava.lang.Class;@f2b90fc,null)]}, RegistrationBlock{begin=52, types=[([Ljava.lang.Class;@626faf1b,null)]}]}
22:48:29.658 [raft-server-1] TRACE i.a.p.raft.roles.LeaderAppender - RaftServer{1} - Received AppendResponse{status=OK, term=1, succeeded=true, lastLogIndex=2} from 2
22:48:29.658 [raft-server-3-state] TRACE i.a.utils.serializer.KryoNamespace - class java.util.concurrent.atomic.AtomicInteger registered as 18
22:48:29.658 [raft-client-bd74d86e-809c-4ed1-87a8-2ec3ff75de78-0] TRACE i.a.p.r.proxy.impl.RaftProxyManager - RaftClient{bd74d86e-809c-4ed1-87a8-2ec3ff75de78} - Keeping 1 sessions alive
22:48:29.658 [raft-server-2-state] TRACE i.a.utils.serializer.KryoNamespace - class [B registered as 16
22:48:29.660 [raft-server-3-state] TRACE i.a.utils.serializer.KryoNamespace - class java.util.concurrent.atomic.AtomicLong registered as 19
22:48:29.660 [raft-server-2-state] TRACE i.a.utils.serializer.KryoNamespace - class java.util.concurrent.atomic.AtomicBoolean registered as 17
22:48:29.660 [raft-server-3-state] TRACE i.a.utils.serializer.KryoNamespace - class com.google.common.collect.ImmutableList registered as 20
22:48:29.660 [raft-server-2-state] TRACE i.a.utils.serializer.KryoNamespace - class java.util.concurrent.atomic.AtomicInteger registered as 18
22:48:29.660 [raft-server-3-state] TRACE i.a.utils.serializer.KryoNamespace - class com.google.common.collect.RegularImmutableList registered as 20
22:48:29.660 [raft-server-2-state] TRACE i.a.utils.serializer.KryoNamespace - class java.util.concurrent.atomic.AtomicLong registered as 19
22:48:29.661 [raft-server-3-state] TRACE i.a.utils.serializer.KryoNamespace - class com.google.common.collect.RegularImmutableList registered as 20
22:48:29.661 [raft-client-bd74d86e-809c-4ed1-87a8-2ec3ff75de78-2] TRACE i.a.p.r.p.impl.RaftProxyConnection - RaftClient{bd74d86e-809c-4ed1-87a8-2ec3ff75de78} - Sending KeepAliveRequest{sessionIds=long[]{length=1, hash=33}, commandSequences=long[]{length=1, hash=31}, eventIndexes=long[]{length=1, hash=33}} to 2
22:48:29.661 [raft-client-bd74d86e-809c-4ed1-87a8-2ec3ff75de78-0] DEBUG i.a.p.p.i.RecoveringPartitionProxy - PartitionProxy{2}{type=io.atomix.protocols.raft.RaftTest$TestPrimitiveType@35bfa1bb, name=raft-test} - State changed: CONNECTED
22:48:29.661 [raft-server-2-state] TRACE i.a.utils.serializer.KryoNamespace - class com.google.common.collect.ImmutableList registered as 20
22:48:29.661 [raft-server-3-state] TRACE i.a.utils.serializer.KryoNamespace - class com.google.common.collect.ImmutableList$SubList registered as 20
22:48:29.661 [raft-server-2] TRACE i.a.p.raft.roles.FollowerRole - RaftServer{2}{role=FOLLOWER} - Received KeepAliveRequest{sessionIds=long[]{length=1, hash=33}, commandSequences=long[]{length=1, hash=31}, eventIndexes=long[]{length=1, hash=33}}
22:48:29.661 [raft-server-2-state] TRACE i.a.utils.serializer.KryoNamespace - class com.google.common.collect.RegularImmutableList registered as 20
22:48:29.661 [raft-server-3-state] TRACE i.a.utils.serializer.KryoNamespace - class com.google.common.collect.ImmutableSet registered as 21
22:48:29.661 [raft-server-2-state] TRACE i.a.utils.serializer.KryoNamespace - class com.google.common.collect.RegularImmutableList registered as 20
22:48:29.661 [raft-server-1] TRACE i.a.protocols.raft.roles.LeaderRole - RaftServer{1}{role=LEADER} - Received KeepAliveRequest{sessionIds=long[]{length=1, hash=33}, commandSequences=long[]{length=1, hash=31}, eventIndexes=long[]{length=1, hash=33}}
22:48:29.661 [raft-server-3-state] TRACE i.a.utils.serializer.KryoNamespace - class com.google.common.collect.RegularImmutableSet registered as 21
22:48:29.661 [raft-server-2-state] TRACE i.a.utils.serializer.KryoNamespace - class com.google.common.collect.ImmutableList$SubList registered as 20
22:48:29.662 [raft-server-3-state] TRACE i.a.utils.serializer.KryoNamespace - class com.google.common.collect.SingletonImmutableSet registered as 21
22:48:29.662 [raft-server-2-state] TRACE i.a.utils.serializer.KryoNamespace - class com.google.common.collect.ImmutableSet registered as 21
22:48:29.662 [raft-server-1] TRACE i.a.protocols.raft.roles.LeaderRole - RaftServer{1}{role=LEADER} - Appended Indexed{index=3, entry=KeepAliveEntry{term=1, timestamp=2018-06-07 10:48:29,661, sessionIds=long[]{length=1, hash=33}, commandSequences=long[]{length=1, hash=31}, eventIndexes=long[]{length=1, hash=33}}}
22:48:29.662 [raft-server-3-state] TRACE i.a.utils.serializer.KryoNamespace - class com.google.common.collect.RegularImmutableSet registered as 21
22:48:29.662 [raft-server-2-state] TRACE i.a.utils.serializer.KryoNamespace - class com.google.common.collect.RegularImmutableSet registered as 21
22:48:29.662 [raft-server-3-state] TRACE i.a.utils.serializer.KryoNamespace - class com.google.common.collect.ImmutableMap registered as 22
22:48:29.662 [raft-server-1] TRACE i.a.p.raft.roles.LeaderAppender - RaftServer{1} - Sending AppendRequest{term=1, leader=1, prevLogIndex=2, prevLogTerm=1, entries=1, commitIndex=2} to 3
22:48:29.662 [raft-server-2-state] TRACE i.a.utils.serializer.KryoNamespace - class com.google.common.collect.SingletonImmutableSet registered as 21
22:48:29.662 [raft-server-3-state] TRACE i.a.utils.serializer.KryoNamespace - class com.google.common.collect.RegularImmutableMap registered as 22
22:48:29.662 [raft-server-2-state] TRACE i.a.utils.serializer.KryoNamespace - class com.google.common.collect.RegularImmutableSet registered as 21
22:48:29.662 [raft-server-1] TRACE i.a.p.raft.roles.LeaderAppender - RaftServer{1} - Sending AppendRequest{term=1, leader=1, prevLogIndex=2, prevLogTerm=1, entries=1, commitIndex=2} to 2
22:48:29.662 [main] TRACE i.a.utils.serializer.KryoNamespace - Creating Kryo instance for KryoNamespace{registeredBlocks=[RegistrationBlock{begin=16, types=[([Ljava.lang.Class;@6b321262,null), ([Ljava.lang.Class;@68b11545,null), ([Ljava.lang.Class;@7d0100ea,null), ([Ljava.lang.Class;@357bc488,null), ([Ljava.lang.Class;@4ea17147,io.atomix.utils.serializer.serializers.ImmutableListSerializer@2eda4eeb), ([Ljava.lang.Class;@5ba90d8a,io.atomix.utils.serializer.serializers.ImmutableSetSerializer@309dcdf3), ([Ljava.lang.Class;@7573b9ee,io.atomix.utils.serializer.serializers.ImmutableMapSerializer@9a20cbd), ([Ljava.lang.Class;@1af4955e,null), ([Ljava.lang.Class;@445821a6,null), ([Ljava.lang.Class;@2c0c4c0a,null), ([Ljava.lang.Class;@35d26ad2,null), ([Ljava.lang.Class;@bb25753,null), ([Ljava.lang.Class;@ee21292,null), ([Ljava.lang.Class;@40c06358,null), ([Ljava.lang.Class;@66e21568,null), ([Ljava.lang.Class;@7f73ce28,null), ([Ljava.lang.Class;@611b35d6,null), ([Ljava.lang.Class;@2282400e,null), ([Ljava.lang.Class;@543d5863,null), ([Ljava.lang.Class;@35dece42,null), ([Ljava.lang.Class;@dd3f8aa,io.atomix.utils.serializer.serializers.ArraysAsListSerializer@3d615b2e), ([Ljava.lang.Class;@3a1f2a1,null), ([Ljava.lang.Class;@40ce9049,null), ([Ljava.lang.Class;@52ca2652,null), ([Ljava.lang.Class;@65c5bf0e,null), ([Ljava.lang.Class;@697d6ded,null), ([Ljava.lang.Class;@5d05f453,null), ([Ljava.lang.Class;@5efeb117,null), ([Ljava.lang.Class;@160b4809,null), ([Ljava.lang.Class;@149b4d20,null), ([Ljava.lang.Class;@664e848c,null), ([Ljava.lang.Class;@4d93f75b,null), ([Ljava.lang.Class;@114a5e0,null), ([Ljava.lang.Class;@4f281aaf,null), ([Ljava.lang.Class;@5d508d22,null), ([Ljava.lang.Class;@f2b90fc,null)]}, RegistrationBlock{begin=52, types=[([Ljava.lang.Class;@50ff7063,null)]}]}
22:48:29.662 [raft-server-3-state] TRACE i.a.utils.serializer.KryoNamespace - class com.google.common.collect.RegularImmutableMap registered as 22
22:48:29.662 [raft-server-3] TRACE i.a.p.raft.roles.FollowerRole - RaftServer{3}{role=FOLLOWER} - Received AppendRequest{term=1, leader=1, prevLogIndex=2, prevLogTerm=1, entries=1, commitIndex=2}
22:48:29.662 [raft-server-2-state] TRACE i.a.utils.serializer.KryoNamespace - class com.google.common.collect.ImmutableMap registered as 22
22:48:29.662 [raft-server-2] TRACE i.a.p.raft.roles.FollowerRole - RaftServer{2}{role=FOLLOWER} - Received AppendRequest{term=1, leader=1, prevLogIndex=2, prevLogTerm=1, entries=1, commitIndex=2}
22:48:29.662 [raft-server-3-state] TRACE i.a.utils.serializer.KryoNamespace - class com.google.common.collect.RegularImmutableMap registered as 22
22:48:29.662 [main] TRACE i.a.utils.serializer.KryoNamespace - class [B registered as 16
22:48:29.662 [raft-server-2-state] TRACE i.a.utils.serializer.KryoNamespace - class com.google.common.collect.RegularImmutableMap registered as 22
22:48:29.663 [raft-server-3] TRACE i.a.p.raft.roles.FollowerRole - RaftServer{3}{role=FOLLOWER} - Appended Indexed{index=3, entry=KeepAliveEntry{term=1, timestamp=2018-06-07 10:48:29,661, sessionIds=long[]{length=1, hash=33}, commandSequences=long[]{length=1, hash=31}, eventIndexes=long[]{length=1, hash=33}}}
22:48:29.663 [main] TRACE i.a.utils.serializer.KryoNamespace - class java.util.concurrent.atomic.AtomicBoolean registered as 17
22:48:29.663 [raft-server-3-state] TRACE i.a.utils.serializer.KryoNamespace - class java.util.Collections$UnmodifiableSet registered as 23
22:48:29.663 [raft-server-2] TRACE i.a.p.raft.roles.FollowerRole - RaftServer{2}{role=FOLLOWER} - Appended Indexed{index=3, entry=KeepAliveEntry{term=1, timestamp=2018-06-07 10:48:29,661, sessionIds=long[]{length=1, hash=33}, commandSequences=long[]{length=1, hash=31}, eventIndexes=long[]{length=1, hash=33}}}
22:48:29.663 [raft-server-2-state] TRACE i.a.utils.serializer.KryoNamespace - class com.google.common.collect.RegularImmutableMap registered as 22
22:48:29.663 [raft-server-3] TRACE i.a.p.raft.roles.FollowerRole - RaftServer{3}{role=FOLLOWER} - Sending AppendResponse{status=OK, term=1, succeeded=true, lastLogIndex=3}
22:48:29.663 [main] TRACE i.a.utils.serializer.KryoNamespace - class java.util.concurrent.atomic.AtomicInteger registered as 18
22:48:29.663 [raft-server-3-state] TRACE i.a.utils.serializer.KryoNamespace - class java.util.HashMap registered as 24
22:48:29.663 [raft-server-2] TRACE i.a.p.raft.roles.FollowerRole - RaftServer{2}{role=FOLLOWER} - Sending AppendResponse{status=OK, term=1, succeeded=true, lastLogIndex=3}
22:48:29.663 [raft-server-2-state] TRACE i.a.utils.serializer.KryoNamespace - class com.google.common.collect.RegularImmutableMap registered as 22
22:48:29.663 [raft-server-1] TRACE i.a.p.raft.roles.LeaderAppender - RaftServer{1} - Received AppendResponse{status=OK, term=1, succeeded=true, lastLogIndex=3} from 3
22:48:29.663 [main] TRACE i.a.utils.serializer.KryoNamespace - class java.util.concurrent.atomic.AtomicLong registered as 19
22:48:29.663 [raft-server-3-state] TRACE i.a.utils.serializer.KryoNamespace - class java.util.concurrent.ConcurrentHashMap registered as 25
22:48:29.663 [raft-server-2-state] TRACE i.a.utils.serializer.KryoNamespace - class java.util.Collections$UnmodifiableSet registered as 23
22:48:29.663 [raft-server-1] TRACE i.a.p.raft.roles.LeaderAppender - RaftServer{1} - Committed entries up to 3
22:48:29.663 [main] TRACE i.a.utils.serializer.KryoNamespace - class com.google.common.collect.ImmutableList registered as 20
22:48:29.663 [raft-server-3-state] TRACE i.a.utils.serializer.KryoNamespace - class java.util.concurrent.CopyOnWriteArraySet registered as 26
22:48:29.663 [raft-server-2-state] TRACE i.a.utils.serializer.KryoNamespace - class java.util.HashMap registered as 24
22:48:29.664 [main] TRACE i.a.utils.serializer.KryoNamespace - class com.google.common.collect.RegularImmutableList registered as 20
22:48:29.664 [raft-server-3-state] TRACE i.a.utils.serializer.KryoNamespace - class java.util.ArrayList registered as 27
22:48:29.664 [raft-server-2-state] TRACE i.a.utils.serializer.KryoNamespace - class java.util.concurrent.ConcurrentHashMap registered as 25
22:48:29.664 [main] TRACE i.a.utils.serializer.KryoNamespace - class com.google.common.collect.RegularImmutableList registered as 20
22:48:29.664 [raft-server-3-state] TRACE i.a.utils.serializer.KryoNamespace - class java.util.LinkedList registered as 28
22:48:29.664 [raft-server-2-state] TRACE i.a.utils.serializer.KryoNamespace - class java.util.concurrent.CopyOnWriteArraySet registered as 26
22:48:29.664 [main] TRACE i.a.utils.serializer.KryoNamespace - class com.google.common.collect.ImmutableList$SubList registered as 20
22:48:29.664 [raft-server-3-state] TRACE i.a.utils.serializer.KryoNamespace - class java.util.HashSet registered as 29
22:48:29.664 [raft-server-2-state] TRACE i.a.utils.serializer.KryoNamespace - class java.util.ArrayList registered as 27
22:48:29.664 [main] TRACE i.a.utils.serializer.KryoNamespace - class com.google.common.collect.ImmutableSet registered as 21
22:48:29.664 [raft-server-3-state] TRACE i.a.utils.serializer.KryoNamespace - class java.util.LinkedHashSet registered as 30
22:48:29.664 [raft-server-2-state] TRACE i.a.utils.serializer.KryoNamespace - class java.util.LinkedList registered as 28
22:48:29.664 [main] TRACE i.a.utils.serializer.KryoNamespace - class com.google.common.collect.RegularImmutableSet registered as 21
22:48:29.664 [raft-server-3-state] TRACE i.a.utils.serializer.KryoNamespace - class com.sun.jmx.remote.internal.ArrayQueue registered as 31
22:48:29.664 [raft-server-2-state] TRACE i.a.utils.serializer.KryoNamespace - class java.util.HashSet registered as 29
22:48:29.664 [main] TRACE i.a.utils.serializer.KryoNamespace - class com.google.common.collect.SingletonImmutableSet registered as 21
22:48:29.665 [raft-server-3-state] TRACE i.a.utils.serializer.KryoNamespace - class java.util.ArrayDeque registered as 32
22:48:29.665 [raft-server-2-state] TRACE i.a.utils.serializer.KryoNamespace - class java.util.LinkedHashSet registered as 30
22:48:29.665 [main] TRACE i.a.utils.serializer.KryoNamespace - class com.google.common.collect.RegularImmutableSet registered as 21
22:48:29.665 [raft-server-3-state] TRACE i.a.utils.serializer.KryoNamespace - class com.google.common.collect.HashMultiset registered as 33
22:48:29.665 [raft-server-2-state] TRACE i.a.utils.serializer.KryoNamespace - class com.sun.jmx.remote.internal.ArrayQueue registered as 31
22:48:29.665 [main] TRACE i.a.utils.serializer.KryoNamespace - class com.google.common.collect.ImmutableMap registered as 22
22:48:29.665 [raft-server-3-state] TRACE i.a.utils.serializer.KryoNamespace - class com.google.common.collect.Sets registered as 34
22:48:29.665 [raft-server-2-state] TRACE i.a.utils.serializer.KryoNamespace - class java.util.ArrayDeque registered as 32
22:48:29.665 [main] TRACE i.a.utils.serializer.KryoNamespace - class com.google.common.collect.RegularImmutableMap registered as 22
22:48:29.665 [raft-server-3-state] TRACE i.a.utils.serializer.KryoNamespace - class com.google.common.collect.ImmutableEntry registered as 35
22:48:29.665 [raft-server-2-state] TRACE i.a.utils.serializer.KryoNamespace - class com.google.common.collect.HashMultiset registered as 33
22:48:29.665 [main] TRACE i.a.utils.serializer.KryoNamespace - class com.google.common.collect.RegularImmutableMap registered as 22
22:48:29.665 [raft-server-3-state] TRACE i.a.utils.serializer.KryoNamespace - class java.util.Arrays$ArrayList registered as 36
22:48:29.665 [raft-server-2-state] TRACE i.a.utils.serializer.KryoNamespace - class com.google.common.collect.Sets registered as 34
22:48:29.665 [main] TRACE i.a.utils.serializer.KryoNamespace - class com.google.common.collect.RegularImmutableMap registered as 22
22:48:29.665 [raft-server-3-state] TRACE i.a.utils.serializer.KryoNamespace - class java.util.Collections$SingletonList registered as 37
22:48:29.665 [raft-server-2-state] TRACE i.a.utils.serializer.KryoNamespace - class com.google.common.collect.ImmutableEntry registered as 35
22:48:29.665 [main] TRACE i.a.utils.serializer.KryoNamespace - class java.util.Collections$UnmodifiableSet registered as 23
22:48:29.665 [raft-server-3-state] TRACE i.a.utils.serializer.KryoNamespace - class java.time.Duration registered as 38
22:48:29.665 [raft-server-2-state] TRACE i.a.utils.serializer.KryoNamespace - class java.util.Arrays$ArrayList registered as 36
22:48:29.666 [main] TRACE i.a.utils.serializer.KryoNamespace - class java.util.HashMap registered as 24
22:48:29.666 [raft-server-3-state] TRACE i.a.utils.serializer.KryoNamespace - class java.util.Collections$EmptySet registered as 39
22:48:29.666 [raft-server-2-state] TRACE i.a.utils.serializer.KryoNamespace - class java.util.Collections$SingletonList registered as 37
22:48:29.666 [main] TRACE i.a.utils.serializer.KryoNamespace - class java.util.concurrent.ConcurrentHashMap registered as 25
22:48:29.666 [raft-server-3-state] TRACE i.a.utils.serializer.KryoNamespace - class java.util.Optional registered as 40
22:48:29.666 [raft-server-2-state] TRACE i.a.utils.serializer.KryoNamespace - class java.time.Duration registered as 38
22:48:29.666 [main] TRACE i.a.utils.serializer.KryoNamespace - class java.util.concurrent.CopyOnWriteArraySet registered as 26
22:48:29.666 [raft-server-3-state] TRACE i.a.utils.serializer.KryoNamespace - class java.util.Collections$EmptyList registered as 41
22:48:29.666 [raft-server-2-state] TRACE i.a.utils.serializer.KryoNamespace - class java.util.Collections$EmptySet registered as 39
22:48:29.666 [main] TRACE i.a.utils.serializer.KryoNamespace - class java.util.ArrayList registered as 27
22:48:29.666 [raft-server-3-state] TRACE i.a.utils.serializer.KryoNamespace - class java.util.Collections$SingletonSet registered as 42
22:48:29.666 [raft-server-2-state] TRACE i.a.utils.serializer.KryoNamespace - class java.util.Optional registered as 40
22:48:29.666 [main] TRACE i.a.utils.serializer.KryoNamespace - class java.util.LinkedList registered as 28
22:48:29.666 [raft-server-3-state] TRACE i.a.utils.serializer.KryoNamespace - class [I registered as 43
22:48:29.666 [raft-server-2-state] TRACE i.a.utils.serializer.KryoNamespace - class java.util.Collections$EmptyList registered as 41
22:48:29.666 [main] TRACE i.a.utils.serializer.KryoNamespace - class java.util.HashSet registered as 29
22:48:29.666 [raft-server-3-state] TRACE i.a.utils.serializer.KryoNamespace - class [J registered as 44
22:48:29.666 [raft-server-2-state] TRACE i.a.utils.serializer.KryoNamespace - class java.util.Collections$SingletonSet registered as 42
22:48:29.666 [main] TRACE i.a.utils.serializer.KryoNamespace - class java.util.LinkedHashSet registered as 30
22:48:29.666 [raft-server-3-state] TRACE i.a.utils.serializer.KryoNamespace - class [S registered as 45
22:48:29.666 [raft-server-2-state] TRACE i.a.utils.serializer.KryoNamespace - class [I registered as 43
22:48:29.667 [main] TRACE i.a.utils.serializer.KryoNamespace - class com.sun.jmx.remote.internal.ArrayQueue registered as 31
22:48:29.667 [raft-server-3-state] TRACE i.a.utils.serializer.KryoNamespace - class [D registered as 46
22:48:29.667 [raft-server-2-state] TRACE i.a.utils.serializer.KryoNamespace - class [J registered as 44
22:48:29.667 [main] TRACE i.a.utils.serializer.KryoNamespace - class java.util.ArrayDeque registered as 32
22:48:29.667 [raft-server-3-state] TRACE i.a.utils.serializer.KryoNamespace - class [F registered as 47
22:48:29.667 [raft-server-2-state] TRACE i.a.utils.serializer.KryoNamespace - class [S registered as 45
22:48:29.667 [main] TRACE i.a.utils.serializer.KryoNamespace - class com.google.common.collect.HashMultiset registered as 33
22:48:29.667 [raft-server-3-state] TRACE i.a.utils.serializer.KryoNamespace - class [C registered as 48
22:48:29.667 [raft-server-2-state] TRACE i.a.utils.serializer.KryoNamespace - class [D registered as 46
22:48:29.667 [main] TRACE i.a.utils.serializer.KryoNamespace - class com.google.common.collect.Sets registered as 34
22:48:29.667 [raft-server-3-state] TRACE i.a.utils.serializer.KryoNamespace - class [Ljava.lang.String; registered as 49
22:48:29.667 [raft-server-2-state] TRACE i.a.utils.serializer.KryoNamespace - class [F registered as 47
22:48:29.667 [main] TRACE i.a.utils.serializer.KryoNamespace - class com.google.common.collect.ImmutableEntry registered as 35
22:48:29.667 [raft-server-3-state] TRACE i.a.utils.serializer.KryoNamespace - class [Z registered as 50
22:48:29.667 [raft-server-2-state] TRACE i.a.utils.serializer.KryoNamespace - class [C registered as 48
22:48:29.667 [main] TRACE i.a.utils.serializer.KryoNamespace - class java.util.Arrays$ArrayList registered as 36
22:48:29.667 [raft-server-3-state] TRACE i.a.utils.serializer.KryoNamespace - class [Ljava.lang.Object; registered as 51
22:48:29.667 [raft-server-2-state] TRACE i.a.utils.serializer.KryoNamespace - class [Ljava.lang.String; registered as 49
22:48:29.667 [main] TRACE i.a.utils.serializer.KryoNamespace - class java.util.Collections$SingletonList registered as 37
22:48:29.667 [raft-server-3-state] TRACE i.a.utils.serializer.KryoNamespace - class io.atomix.primitive.service.ServiceConfig registered as 52
22:48:29.667 [raft-server-2-state] TRACE i.a.utils.serializer.KryoNamespace - class [Z registered as 50
22:48:29.667 [main] TRACE i.a.utils.serializer.KryoNamespace - class java.time.Duration registered as 38
22:48:29.668 [raft-server-2-state] TRACE i.a.utils.serializer.KryoNamespace - class [Ljava.lang.Object; registered as 51
22:48:29.668 [main] TRACE i.a.utils.serializer.KryoNamespace - class java.util.Collections$EmptySet registered as 39
22:48:29.668 [raft-server-2-state] TRACE i.a.utils.serializer.KryoNamespace - class io.atomix.primitive.service.ServiceConfig registered as 52
22:48:29.668 [raft-server-3-state] TRACE i.a.utils.serializer.KryoNamespace - Creating Kryo instance for KryoNamespace{registeredBlocks=[RegistrationBlock{begin=16, types=[([Ljava.lang.Class;@6b321262,null), ([Ljava.lang.Class;@68b11545,null), ([Ljava.lang.Class;@7d0100ea,null), ([Ljava.lang.Class;@357bc488,null), ([Ljava.lang.Class;@4ea17147,io.atomix.utils.serializer.serializers.ImmutableListSerializer@2eda4eeb), ([Ljava.lang.Class;@5ba90d8a,io.atomix.utils.serializer.serializers.ImmutableSetSerializer@309dcdf3), ([Ljava.lang.Class;@7573b9ee,io.atomix.utils.serializer.serializers.ImmutableMapSerializer@9a20cbd), ([Ljava.lang.Class;@1af4955e,null), ([Ljava.lang.Class;@445821a6,null), ([Ljava.lang.Class;@2c0c4c0a,null), ([Ljava.lang.Class;@35d26ad2,null), ([Ljava.lang.Class;@bb25753,null), ([Ljava.lang.Class;@ee21292,null), ([Ljava.lang.Class;@40c06358,null), ([Ljava.lang.Class;@66e21568,null), ([Ljava.lang.Class;@7f73ce28,null), ([Ljava.lang.Class;@611b35d6,null), ([Ljava.lang.Class;@2282400e,null), ([Ljava.lang.Class;@543d5863,null), ([Ljava.lang.Class;@35dece42,null), ([Ljava.lang.Class;@dd3f8aa,io.atomix.utils.serializer.serializers.ArraysAsListSerializer@3d615b2e), ([Ljava.lang.Class;@3a1f2a1,null), ([Ljava.lang.Class;@40ce9049,null), ([Ljava.lang.Class;@52ca2652,null), ([Ljava.lang.Class;@65c5bf0e,null), ([Ljava.lang.Class;@697d6ded,null), ([Ljava.lang.Class;@5d05f453,null), ([Ljava.lang.Class;@5efeb117,null), ([Ljava.lang.Class;@160b4809,null), ([Ljava.lang.Class;@149b4d20,null), ([Ljava.lang.Class;@664e848c,null), ([Ljava.lang.Class;@4d93f75b,null), ([Ljava.lang.Class;@114a5e0,null), ([Ljava.lang.Class;@4f281aaf,null), ([Ljava.lang.Class;@5d508d22,null), ([Ljava.lang.Class;@f2b90fc,null)]}, RegistrationBlock{begin=52, types=[([Ljava.lang.Class;@477710de,null)]}]}
22:48:29.668 [main] TRACE i.a.utils.serializer.KryoNamespace - class java.util.Optional registered as 40
22:48:29.668 [raft-server-2-state] TRACE i.a.utils.serializer.KryoNamespace - Creating Kryo instance for KryoNamespace{registeredBlocks=[RegistrationBlock{begin=16, types=[([Ljava.lang.Class;@6b321262,null), ([Ljava.lang.Class;@68b11545,null), ([Ljava.lang.Class;@7d0100ea,null), ([Ljava.lang.Class;@357bc488,null), ([Ljava.lang.Class;@4ea17147,io.atomix.utils.serializer.serializers.ImmutableListSerializer@2eda4eeb), ([Ljava.lang.Class;@5ba90d8a,io.atomix.utils.serializer.serializers.ImmutableSetSerializer@309dcdf3), ([Ljava.lang.Class;@7573b9ee,io.atomix.utils.serializer.serializers.ImmutableMapSerializer@9a20cbd), ([Ljava.lang.Class;@1af4955e,null), ([Ljava.lang.Class;@445821a6,null), ([Ljava.lang.Class;@2c0c4c0a,null), ([Ljava.lang.Class;@35d26ad2,null), ([Ljava.lang.Class;@bb25753,null), ([Ljava.lang.Class;@ee21292,null), ([Ljava.lang.Class;@40c06358,null), ([Ljava.lang.Class;@66e21568,null), ([Ljava.lang.Class;@7f73ce28,null), ([Ljava.lang.Class;@611b35d6,null), ([Ljava.lang.Class;@2282400e,null), ([Ljava.lang.Class;@543d5863,null), ([Ljava.lang.Class;@35dece42,null), ([Ljava.lang.Class;@dd3f8aa,io.atomix.utils.serializer.serializers.ArraysAsListSerializer@3d615b2e), ([Ljava.lang.Class;@3a1f2a1,null), ([Ljava.lang.Class;@40ce9049,null), ([Ljava.lang.Class;@52ca2652,null), ([Ljava.lang.Class;@65c5bf0e,null), ([Ljava.lang.Class;@697d6ded,null), ([Ljava.lang.Class;@5d05f453,null), ([Ljava.lang.Class;@5efeb117,null), ([Ljava.lang.Class;@160b4809,null), ([Ljava.lang.Class;@149b4d20,null), ([Ljava.lang.Class;@664e848c,null), ([Ljava.lang.Class;@4d93f75b,null), ([Ljava.lang.Class;@114a5e0,null), ([Ljava.lang.Class;@4f281aaf,null), ([Ljava.lang.Class;@5d508d22,null), ([Ljava.lang.Class;@f2b90fc,null)]}, RegistrationBlock{begin=52, types=[([Ljava.lang.Class;@6ca85d26,null)]}]}
22:48:29.668 [raft-server-3-state] TRACE i.a.utils.serializer.KryoNamespace - class [B registered as 16
22:48:29.668 [main] TRACE i.a.utils.serializer.KryoNamespace - class java.util.Collections$EmptyList registered as 41
22:48:29.668 [raft-server-3-state] TRACE i.a.utils.serializer.KryoNamespace - class java.util.concurrent.atomic.AtomicBoolean registered as 17
22:48:29.668 [raft-server-2-state] TRACE i.a.utils.serializer.KryoNamespace - class [B registered as 16
22:48:29.668 [main] TRACE i.a.utils.serializer.KryoNamespace - class java.util.Collections$SingletonSet registered as 42
22:48:29.668 [raft-server-3-state] TRACE i.a.utils.serializer.KryoNamespace - class java.util.concurrent.atomic.AtomicInteger registered as 18
22:48:29.668 [raft-server-2-state] TRACE i.a.utils.serializer.KryoNamespace - class java.util.concurrent.atomic.AtomicBoolean registered as 17
22:48:29.668 [main] TRACE i.a.utils.serializer.KryoNamespace - class [I registered as 43
22:48:29.668 [raft-server-3-state] TRACE i.a.utils.serializer.KryoNamespace - class java.util.concurrent.atomic.AtomicLong registered as 19
22:48:29.668 [raft-server-2-state] TRACE i.a.utils.serializer.KryoNamespace - class java.util.concurrent.atomic.AtomicInteger registered as 18
22:48:29.668 [main] TRACE i.a.utils.serializer.KryoNamespace - class [J registered as 44
22:48:29.668 [raft-server-3-state] TRACE i.a.utils.serializer.KryoNamespace - class com.google.common.collect.ImmutableList registered as 20
22:48:29.668 [raft-server-2-state] TRACE i.a.utils.serializer.KryoNamespace - class java.util.concurrent.atomic.AtomicLong registered as 19
22:48:29.669 [raft-server-3-state] TRACE i.a.utils.serializer.KryoNamespace - class com.google.common.collect.RegularImmutableList registered as 20
22:48:29.669 [main] TRACE i.a.utils.serializer.KryoNamespace - class [S registered as 45
22:48:29.669 [raft-server-2-state] TRACE i.a.utils.serializer.KryoNamespace - class com.google.common.collect.ImmutableList registered as 20
22:48:29.669 [raft-server-3-state] TRACE i.a.utils.serializer.KryoNamespace - class com.google.common.collect.RegularImmutableList registered as 20
22:48:29.669 [main] TRACE i.a.utils.serializer.KryoNamespace - class [D registered as 46
22:48:29.669 [raft-server-2-state] TRACE i.a.utils.serializer.KryoNamespace - class com.google.common.collect.RegularImmutableList registered as 20
22:48:29.669 [raft-server-3-state] TRACE i.a.utils.serializer.KryoNamespace - class com.google.common.collect.ImmutableList$SubList registered as 20
22:48:29.669 [main] TRACE i.a.utils.serializer.KryoNamespace - class [F registered as 47
22:48:29.669 [raft-server-2-state] TRACE i.a.utils.serializer.KryoNamespace - class com.google.common.collect.RegularImmutableList registered as 20
22:48:29.669 [raft-server-3-state] TRACE i.a.utils.serializer.KryoNamespace - class com.google.common.collect.ImmutableSet registered as 21
22:48:29.669 [main] TRACE i.a.utils.serializer.KryoNamespace - class [C registered as 48
22:48:29.669 [raft-server-2-state] TRACE i.a.utils.serializer.KryoNamespace - class com.google.common.collect.ImmutableList$SubList registered as 20
22:48:29.669 [raft-server-3-state] TRACE i.a.utils.serializer.KryoNamespace - class com.google.common.collect.RegularImmutableSet registered as 21
22:48:29.669 [main] TRACE i.a.utils.serializer.KryoNamespace - class [Ljava.lang.String; registered as 49
22:48:29.669 [raft-server-2-state] TRACE i.a.utils.serializer.KryoNamespace - class com.google.common.collect.ImmutableSet registered as 21
22:48:29.669 [raft-server-3-state] TRACE i.a.utils.serializer.KryoNamespace - class com.google.common.collect.SingletonImmutableSet registered as 21
22:48:29.669 [main] TRACE i.a.utils.serializer.KryoNamespace - class [Z registered as 50
22:48:29.669 [raft-server-2-state] TRACE i.a.utils.serializer.KryoNamespace - class com.google.common.collect.RegularImmutableSet registered as 21
22:48:29.669 [raft-server-3-state] TRACE i.a.utils.serializer.KryoNamespace - class com.google.common.collect.RegularImmutableSet registered as 21
22:48:29.669 [main] TRACE i.a.utils.serializer.KryoNamespace - class [Ljava.lang.Object; registered as 51
22:48:29.669 [raft-server-2-state] TRACE i.a.utils.serializer.KryoNamespace - class com.google.common.collect.SingletonImmutableSet registered as 21
22:48:29.669 [raft-server-3-state] TRACE i.a.utils.serializer.KryoNamespace - class com.google.common.collect.ImmutableMap registered as 22
22:48:29.669 [main] TRACE i.a.utils.serializer.KryoNamespace - class io.atomix.primitive.service.ServiceConfig registered as 52
22:48:29.669 [raft-server-2-state] TRACE i.a.utils.serializer.KryoNamespace - class com.google.common.collect.RegularImmutableSet registered as 21
22:48:29.669 [raft-server-3-state] TRACE i.a.utils.serializer.KryoNamespace - class com.google.common.collect.RegularImmutableMap registered as 22
22:48:29.670 [raft-server-2-state] TRACE i.a.utils.serializer.KryoNamespace - class com.google.common.collect.ImmutableMap registered as 22
22:48:29.670 [raft-server-3-state] TRACE i.a.utils.serializer.KryoNamespace - class com.google.common.collect.RegularImmutableMap registered as 22
22:48:29.670 [raft-server-2-state] TRACE i.a.utils.serializer.KryoNamespace - class com.google.common.collect.RegularImmutableMap registered as 22
22:48:29.670 [raft-server-3-state] TRACE i.a.utils.serializer.KryoNamespace - class com.google.common.collect.RegularImmutableMap registered as 22
22:48:29.670 [raft-server-2-state] TRACE i.a.utils.serializer.KryoNamespace - class com.google.common.collect.RegularImmutableMap registered as 22
22:48:29.670 [raft-server-2-state] TRACE i.a.utils.serializer.KryoNamespace - class com.google.common.collect.RegularImmutableMap registered as 22
22:48:29.670 [raft-server-3-state] TRACE i.a.utils.serializer.KryoNamespace - class java.util.Collections$UnmodifiableSet registered as 23
22:48:29.670 [raft-server-2-state] TRACE i.a.utils.serializer.KryoNamespace - class java.util.Collections$UnmodifiableSet registered as 23
22:48:29.670 [raft-server-3-state] TRACE i.a.utils.serializer.KryoNamespace - class java.util.HashMap registered as 24
22:48:29.670 [raft-server-2-state] TRACE i.a.utils.serializer.KryoNamespace - class java.util.HashMap registered as 24
22:48:29.670 [raft-server-3-state] TRACE i.a.utils.serializer.KryoNamespace - class java.util.concurrent.ConcurrentHashMap registered as 25
22:48:29.670 [raft-server-2-state] TRACE i.a.utils.serializer.KryoNamespace - class java.util.concurrent.ConcurrentHashMap registered as 25
22:48:29.670 [raft-server-3-state] TRACE i.a.utils.serializer.KryoNamespace - class java.util.concurrent.CopyOnWriteArraySet registered as 26
22:48:29.670 [raft-server-2-state] TRACE i.a.utils.serializer.KryoNamespace - class java.util.concurrent.CopyOnWriteArraySet registered as 26
22:48:29.670 [raft-server-3-state] TRACE i.a.utils.serializer.KryoNamespace - class java.util.ArrayList registered as 27
22:48:29.670 [raft-server-2-state] TRACE i.a.utils.serializer.KryoNamespace - class java.util.ArrayList registered as 27
22:48:29.670 [raft-server-3-state] TRACE i.a.utils.serializer.KryoNamespace - class java.util.LinkedList registered as 28
22:48:29.670 [raft-server-2-state] TRACE i.a.utils.serializer.KryoNamespace - class java.util.LinkedList registered as 28
22:48:29.670 [raft-server-3-state] TRACE i.a.utils.serializer.KryoNamespace - class java.util.HashSet registered as 29
22:48:29.670 [raft-server-3-state] TRACE i.a.utils.serializer.KryoNamespace - class java.util.LinkedHashSet registered as 30
22:48:29.670 [raft-server-2-state] TRACE i.a.utils.serializer.KryoNamespace - class java.util.HashSet registered as 29
22:48:29.670 [raft-server-3-state] TRACE i.a.utils.serializer.KryoNamespace - class com.sun.jmx.remote.internal.ArrayQueue registered as 31
22:48:29.670 [raft-server-2-state] TRACE i.a.utils.serializer.KryoNamespace - class java.util.LinkedHashSet registered as 30
22:48:29.670 [raft-server-3-state] TRACE i.a.utils.serializer.KryoNamespace - class java.util.ArrayDeque registered as 32
22:48:29.671 [raft-server-2-state] TRACE i.a.utils.serializer.KryoNamespace - class com.sun.jmx.remote.internal.ArrayQueue registered as 31
22:48:29.671 [raft-server-3-state] TRACE i.a.utils.serializer.KryoNamespace - class com.google.common.collect.HashMultiset registered as 33
22:48:29.671 [raft-server-2-state] TRACE i.a.utils.serializer.KryoNamespace - class java.util.ArrayDeque registered as 32
22:48:29.671 [raft-server-3-state] TRACE i.a.utils.serializer.KryoNamespace - class com.google.common.collect.Sets registered as 34
22:48:29.671 [raft-server-2-state] TRACE i.a.utils.serializer.KryoNamespace - class com.google.common.collect.HashMultiset registered as 33
22:48:29.671 [raft-server-3-state] TRACE i.a.utils.serializer.KryoNamespace - class com.google.common.collect.ImmutableEntry registered as 35
22:48:29.671 [raft-server-2-state] TRACE i.a.utils.serializer.KryoNamespace - class com.google.common.collect.Sets registered as 34
22:48:29.671 [raft-server-3-state] TRACE i.a.utils.serializer.KryoNamespace - class java.util.Arrays$ArrayList registered as 36
22:48:29.671 [raft-server-2-state] TRACE i.a.utils.serializer.KryoNamespace - class com.google.common.collect.ImmutableEntry registered as 35
22:48:29.671 [raft-server-2-state] TRACE i.a.utils.serializer.KryoNamespace - class java.util.Arrays$ArrayList registered as 36
22:48:29.671 [raft-server-3-state] TRACE i.a.utils.serializer.KryoNamespace - class java.util.Collections$SingletonList registered as 37
22:48:29.671 [raft-server-3-state] TRACE i.a.utils.serializer.KryoNamespace - class java.time.Duration registered as 38
22:48:29.671 [raft-server-2-state] TRACE i.a.utils.serializer.KryoNamespace - class java.util.Collections$SingletonList registered as 37
22:48:29.671 [raft-client-bd74d86e-809c-4ed1-87a8-2ec3ff75de78-4] TRACE i.a.p.r.p.impl.RaftProxyConnection - PartitionProxy{2}{type=io.atomix.protocols.raft.RaftTest$TestPrimitiveType@35bfa1bb, name=raft-test} - Sending CommandRequest{session=2, sequence=1, operation=PrimitiveOperation{id=DefaultOperationId{id=write, type=COMMAND}, value=byte[]{length=17, hash=-1644578928}}} to 1
22:48:29.671 [raft-server-3-state] TRACE i.a.utils.serializer.KryoNamespace - class java.util.Collections$EmptySet registered as 39
22:48:29.671 [raft-server-2-state] TRACE i.a.utils.serializer.KryoNamespace - class java.time.Duration registered as 38
22:48:29.671 [raft-server-3-state] TRACE i.a.utils.serializer.KryoNamespace - class java.util.Optional registered as 40
22:48:29.671 [raft-server-2-state] TRACE i.a.utils.serializer.KryoNamespace - class java.util.Collections$EmptySet registered as 39
22:48:29.671 [raft-server-3-state] TRACE i.a.utils.serializer.KryoNamespace - class java.util.Collections$EmptyList registered as 41
22:48:29.671 [raft-server-2-state] TRACE i.a.utils.serializer.KryoNamespace - class java.util.Optional registered as 40
22:48:29.671 [raft-server-3-state] TRACE i.a.utils.serializer.KryoNamespace - class java.util.Collections$SingletonSet registered as 42
22:48:29.671 [raft-server-2-state] TRACE i.a.utils.serializer.KryoNamespace - class java.util.Collections$EmptyList registered as 41
22:48:29.671 [raft-server-3-state] TRACE i.a.utils.serializer.KryoNamespace - class [I registered as 43
22:48:29.671 [raft-server-2-state] TRACE i.a.utils.serializer.KryoNamespace - class java.util.Collections$SingletonSet registered as 42
22:48:29.671 [raft-server-3-state] TRACE i.a.utils.serializer.KryoNamespace - class [J registered as 44
22:48:29.671 [raft-server-2-state] TRACE i.a.utils.serializer.KryoNamespace - class [I registered as 43
22:48:29.671 [raft-server-3-state] TRACE i.a.utils.serializer.KryoNamespace - class [S registered as 45
22:48:29.671 [raft-server-2-state] TRACE i.a.utils.serializer.KryoNamespace - class [J registered as 44
22:48:29.671 [raft-server-3-state] TRACE i.a.utils.serializer.KryoNamespace - class [D registered as 46
22:48:29.672 [raft-server-2-state] TRACE i.a.utils.serializer.KryoNamespace - class [S registered as 45
22:48:29.672 [raft-server-3-state] TRACE i.a.utils.serializer.KryoNamespace - class [F registered as 47
22:48:29.672 [raft-server-2-state] TRACE i.a.utils.serializer.KryoNamespace - class [D registered as 46
22:48:29.672 [raft-server-3-state] TRACE i.a.utils.serializer.KryoNamespace - class [C registered as 48
22:48:29.672 [raft-server-2-state] TRACE i.a.utils.serializer.KryoNamespace - class [F registered as 47
22:48:29.672 [raft-server-3-state] TRACE i.a.utils.serializer.KryoNamespace - class [Ljava.lang.String; registered as 49
22:48:29.672 [raft-server-2-state] TRACE i.a.utils.serializer.KryoNamespace - class [C registered as 48
22:48:29.672 [raft-server-3-state] TRACE i.a.utils.serializer.KryoNamespace - class [Z registered as 50
22:48:29.672 [raft-server-3-state] TRACE i.a.utils.serializer.KryoNamespace - class [Ljava.lang.Object; registered as 51
22:48:29.672 [raft-server-2-state] TRACE i.a.utils.serializer.KryoNamespace - class [Ljava.lang.String; registered as 49
22:48:29.672 [raft-server-3-state] TRACE i.a.utils.serializer.KryoNamespace - class io.atomix.primitive.service.ServiceConfig registered as 52
22:48:29.672 [raft-server-2-state] TRACE i.a.utils.serializer.KryoNamespace - class [Z registered as 50
22:48:29.672 [raft-server-2-state] TRACE i.a.utils.serializer.KryoNamespace - class [Ljava.lang.Object; registered as 51
22:48:29.672 [raft-server-2-state] TRACE i.a.utils.serializer.KryoNamespace - class io.atomix.primitive.service.ServiceConfig registered as 52
22:48:29.672 [raft-server-3-state] TRACE i.a.utils.serializer.KryoNamespace - Creating Kryo instance for KryoNamespace{registeredBlocks=[RegistrationBlock{begin=16, types=[([Ljava.lang.Class;@6b321262,null), ([Ljava.lang.Class;@68b11545,null), ([Ljava.lang.Class;@7d0100ea,null), ([Ljava.lang.Class;@357bc488,null), ([Ljava.lang.Class;@4ea17147,io.atomix.utils.serializer.serializers.ImmutableListSerializer@2eda4eeb), ([Ljava.lang.Class;@5ba90d8a,io.atomix.utils.serializer.serializers.ImmutableSetSerializer@309dcdf3), ([Ljava.lang.Class;@7573b9ee,io.atomix.utils.serializer.serializers.ImmutableMapSerializer@9a20cbd), ([Ljava.lang.Class;@1af4955e,null), ([Ljava.lang.Class;@445821a6,null), ([Ljava.lang.Class;@2c0c4c0a,null), ([Ljava.lang.Class;@35d26ad2,null), ([Ljava.lang.Class;@bb25753,null), ([Ljava.lang.Class;@ee21292,null), ([Ljava.lang.Class;@40c06358,null), ([Ljava.lang.Class;@66e21568,null), ([Ljava.lang.Class;@7f73ce28,null), ([Ljava.lang.Class;@611b35d6,null), ([Ljava.lang.Class;@2282400e,null), ([Ljava.lang.Class;@543d5863,null), ([Ljava.lang.Class;@35dece42,null), ([Ljava.lang.Class;@dd3f8aa,io.atomix.utils.serializer.serializers.ArraysAsListSerializer@3d615b2e), ([Ljava.lang.Class;@3a1f2a1,null), ([Ljava.lang.Class;@40ce9049,null), ([Ljava.lang.Class;@52ca2652,null), ([Ljava.lang.Class;@65c5bf0e,null), ([Ljava.lang.Class;@697d6ded,null), ([Ljava.lang.Class;@5d05f453,null), ([Ljava.lang.Class;@5efeb117,null), ([Ljava.lang.Class;@160b4809,null), ([Ljava.lang.Class;@149b4d20,null), ([Ljava.lang.Class;@664e848c,null), ([Ljava.lang.Class;@4d93f75b,null), ([Ljava.lang.Class;@114a5e0,null), ([Ljava.lang.Class;@4f281aaf,null), ([Ljava.lang.Class;@5d508d22,null), ([Ljava.lang.Class;@f2b90fc,null)]}, RegistrationBlock{begin=52, types=[([Ljava.lang.Class;@43489ce8,null)]}]}
22:48:29.672 [raft-server-2-state] TRACE i.a.utils.serializer.KryoNamespace - Creating Kryo instance for KryoNamespace{registeredBlocks=[RegistrationBlock{begin=16, types=[([Ljava.lang.Class;@6b321262,null), ([Ljava.lang.Class;@68b11545,null), ([Ljava.lang.Class;@7d0100ea,null), ([Ljava.lang.Class;@357bc488,null), ([Ljava.lang.Class;@4ea17147,io.atomix.utils.serializer.serializers.ImmutableListSerializer@2eda4eeb), ([Ljava.lang.Class;@5ba90d8a,io.atomix.utils.serializer.serializers.ImmutableSetSerializer@309dcdf3), ([Ljava.lang.Class;@7573b9ee,io.atomix.utils.serializer.serializers.ImmutableMapSerializer@9a20cbd), ([Ljava.lang.Class;@1af4955e,null), ([Ljava.lang.Class;@445821a6,null), ([Ljava.lang.Class;@2c0c4c0a,null), ([Ljava.lang.Class;@35d26ad2,null), ([Ljava.lang.Class;@bb25753,null), ([Ljava.lang.Class;@ee21292,null), ([Ljava.lang.Class;@40c06358,null), ([Ljava.lang.Class;@66e21568,null), ([Ljava.lang.Class;@7f73ce28,null), ([Ljava.lang.Class;@611b35d6,null), ([Ljava.lang.Class;@2282400e,null), ([Ljava.lang.Class;@543d5863,null), ([Ljava.lang.Class;@35dece42,null), ([Ljava.lang.Class;@dd3f8aa,io.atomix.utils.serializer.serializers.ArraysAsListSerializer@3d615b2e), ([Ljava.lang.Class;@3a1f2a1,null), ([Ljava.lang.Class;@40ce9049,null), ([Ljava.lang.Class;@52ca2652,null), ([Ljava.lang.Class;@65c5bf0e,null), ([Ljava.lang.Class;@697d6ded,null), ([Ljava.lang.Class;@5d05f453,null), ([Ljava.lang.Class;@5efeb117,null), ([Ljava.lang.Class;@160b4809,null), ([Ljava.lang.Class;@149b4d20,null), ([Ljava.lang.Class;@664e848c,null), ([Ljava.lang.Class;@4d93f75b,null), ([Ljava.lang.Class;@114a5e0,null), ([Ljava.lang.Class;@4f281aaf,null), ([Ljava.lang.Class;@5d508d22,null), ([Ljava.lang.Class;@f2b90fc,null)]}, RegistrationBlock{begin=52, types=[([Ljava.lang.Class;@6897c46b,null)]}]}
22:48:29.672 [raft-server-3-state] TRACE i.a.utils.serializer.KryoNamespace - class [B registered as 16
22:48:29.672 [raft-server-3-state] TRACE i.a.utils.serializer.KryoNamespace - class java.util.concurrent.atomic.AtomicBoolean registered as 17
22:48:29.672 [raft-server-2-state] TRACE i.a.utils.serializer.KryoNamespace - class [B registered as 16
22:48:29.672 [raft-server-3-state] TRACE i.a.utils.serializer.KryoNamespace - class java.util.concurrent.atomic.AtomicInteger registered as 18
22:48:29.672 [raft-server-2-state] TRACE i.a.utils.serializer.KryoNamespace - class java.util.concurrent.atomic.AtomicBoolean registered as 17
22:48:29.672 [raft-server-3-state] TRACE i.a.utils.serializer.KryoNamespace - class java.util.concurrent.atomic.AtomicLong registered as 19
22:48:29.672 [raft-server-2-state] TRACE i.a.utils.serializer.KryoNamespace - class java.util.concurrent.atomic.AtomicInteger registered as 18
22:48:29.672 [raft-server-3-state] TRACE i.a.utils.serializer.KryoNamespace - class com.google.common.collect.ImmutableList registered as 20
22:48:29.673 [raft-server-2-state] TRACE i.a.utils.serializer.KryoNamespace - class java.util.concurrent.atomic.AtomicLong registered as 19
22:48:29.673 [raft-server-3-state] TRACE i.a.utils.serializer.KryoNamespace - class com.google.common.collect.RegularImmutableList registered as 20
22:48:29.673 [raft-server-2-state] TRACE i.a.utils.serializer.KryoNamespace - class com.google.common.collect.ImmutableList registered as 20
22:48:29.673 [raft-server-3-state] TRACE i.a.utils.serializer.KryoNamespace - class com.google.common.collect.RegularImmutableList registered as 20
22:48:29.673 [raft-server-2-state] TRACE i.a.utils.serializer.KryoNamespace - class com.google.common.collect.RegularImmutableList registered as 20
22:48:29.673 [raft-server-3-state] TRACE i.a.utils.serializer.KryoNamespace - class com.google.common.collect.ImmutableList$SubList registered as 20
22:48:29.673 [raft-server-2-state] TRACE i.a.utils.serializer.KryoNamespace - class com.google.common.collect.RegularImmutableList registered as 20
22:48:29.673 [raft-server-3-state] TRACE i.a.utils.serializer.KryoNamespace - class com.google.common.collect.ImmutableSet registered as 21
22:48:29.673 [raft-server-2-state] TRACE i.a.utils.serializer.KryoNamespace - class com.google.common.collect.ImmutableList$SubList registered as 20
22:48:29.673 [raft-server-3-state] TRACE i.a.utils.serializer.KryoNamespace - class com.google.common.collect.RegularImmutableSet registered as 21
22:48:29.673 [raft-server-2-state] TRACE i.a.utils.serializer.KryoNamespace - class com.google.common.collect.ImmutableSet registered as 21
22:48:29.673 [raft-server-3-state] TRACE i.a.utils.serializer.KryoNamespace - class com.google.common.collect.SingletonImmutableSet registered as 21
22:48:29.673 [raft-server-2-state] TRACE i.a.utils.serializer.KryoNamespace - class com.google.common.collect.RegularImmutableSet registered as 21
22:48:29.673 [raft-server-3-state] TRACE i.a.utils.serializer.KryoNamespace - class com.google.common.collect.RegularImmutableSet registered as 21
22:48:29.673 [raft-server-2-state] TRACE i.a.utils.serializer.KryoNamespace - class com.google.common.collect.SingletonImmutableSet registered as 21
22:48:29.673 [raft-server-3-state] TRACE i.a.utils.serializer.KryoNamespace - class com.google.common.collect.ImmutableMap registered as 22
22:48:29.673 [raft-server-2-state] TRACE i.a.utils.serializer.KryoNamespace - class com.google.common.collect.RegularImmutableSet registered as 21
22:48:29.673 [raft-server-3-state] TRACE i.a.utils.serializer.KryoNamespace - class com.google.common.collect.RegularImmutableMap registered as 22
22:48:29.673 [raft-server-2-state] TRACE i.a.utils.serializer.KryoNamespace - class com.google.common.collect.ImmutableMap registered as 22
22:48:29.673 [raft-server-3-state] TRACE i.a.utils.serializer.KryoNamespace - class com.google.common.collect.RegularImmutableMap registered as 22
22:48:29.673 [raft-server-2-state] TRACE i.a.utils.serializer.KryoNamespace - class com.google.common.collect.RegularImmutableMap registered as 22
22:48:29.673 [raft-server-3-state] TRACE i.a.utils.serializer.KryoNamespace - class com.google.common.collect.RegularImmutableMap registered as 22
22:48:29.673 [raft-server-2-state] TRACE i.a.utils.serializer.KryoNamespace - class com.google.common.collect.RegularImmutableMap registered as 22
22:48:29.673 [raft-server-2-state] TRACE i.a.utils.serializer.KryoNamespace - class com.google.common.collect.RegularImmutableMap registered as 22
22:48:29.673 [raft-server-3-state] TRACE i.a.utils.serializer.KryoNamespace - class java.util.Collections$UnmodifiableSet registered as 23
22:48:29.673 [raft-server-2-state] TRACE i.a.utils.serializer.KryoNamespace - class java.util.Collections$UnmodifiableSet registered as 23
22:48:29.673 [raft-server-3-state] TRACE i.a.utils.serializer.KryoNamespace - class java.util.HashMap registered as 24
22:48:29.673 [raft-server-2-state] TRACE i.a.utils.serializer.KryoNamespace - class java.util.HashMap registered as 24
22:48:29.673 [raft-server-3-state] TRACE i.a.utils.serializer.KryoNamespace - class java.util.concurrent.ConcurrentHashMap registered as 25
22:48:29.673 [raft-server-2-state] TRACE i.a.utils.serializer.KryoNamespace - class java.util.concurrent.ConcurrentHashMap registered as 25
22:48:29.674 [raft-server-3-state] TRACE i.a.utils.serializer.KryoNamespace - class java.util.concurrent.CopyOnWriteArraySet registered as 26
22:48:29.674 [raft-server-2-state] TRACE i.a.utils.serializer.KryoNamespace - class java.util.concurrent.CopyOnWriteArraySet registered as 26
22:48:29.674 [raft-server-3-state] TRACE i.a.utils.serializer.KryoNamespace - class java.util.ArrayList registered as 27
22:48:29.674 [raft-server-2-state] TRACE i.a.utils.serializer.KryoNamespace - class java.util.ArrayList registered as 27
22:48:29.674 [raft-server-3-state] TRACE i.a.utils.serializer.KryoNamespace - class java.util.LinkedList registered as 28
22:48:29.674 [raft-server-2-state] TRACE i.a.utils.serializer.KryoNamespace - class java.util.LinkedList registered as 28
22:48:29.674 [raft-server-3-state] TRACE i.a.utils.serializer.KryoNamespace - class java.util.HashSet registered as 29
22:48:29.674 [raft-server-2-state] TRACE i.a.utils.serializer.KryoNamespace - class java.util.HashSet registered as 29
22:48:29.674 [raft-server-3-state] TRACE i.a.utils.serializer.KryoNamespace - class java.util.LinkedHashSet registered as 30
22:48:29.674 [raft-server-2-state] TRACE i.a.utils.serializer.KryoNamespace - class java.util.LinkedHashSet registered as 30
22:48:29.674 [raft-server-3-state] TRACE i.a.utils.serializer.KryoNamespace - class com.sun.jmx.remote.internal.ArrayQueue registered as 31
22:48:29.674 [raft-server-2-state] TRACE i.a.utils.serializer.KryoNamespace - class com.sun.jmx.remote.internal.ArrayQueue registered as 31
22:48:29.674 [raft-server-3-state] TRACE i.a.utils.serializer.KryoNamespace - class java.util.ArrayDeque registered as 32
22:48:29.674 [raft-server-2-state] TRACE i.a.utils.serializer.KryoNamespace - class java.util.ArrayDeque registered as 32
22:48:29.674 [raft-server-3-state] TRACE i.a.utils.serializer.KryoNamespace - class com.google.common.collect.HashMultiset registered as 33
22:48:29.674 [raft-server-2-state] TRACE i.a.utils.serializer.KryoNamespace - class com.google.common.collect.HashMultiset registered as 33
22:48:29.674 [raft-server-3-state] TRACE i.a.utils.serializer.KryoNamespace - class com.google.common.collect.Sets registered as 34
22:48:29.674 [raft-server-2-state] TRACE i.a.utils.serializer.KryoNamespace - class com.google.common.collect.Sets registered as 34
22:48:29.674 [raft-server-3-state] TRACE i.a.utils.serializer.KryoNamespace - class com.google.common.collect.ImmutableEntry registered as 35
22:48:29.674 [raft-server-2-state] TRACE i.a.utils.serializer.KryoNamespace - class com.google.common.collect.ImmutableEntry registered as 35
22:48:29.674 [raft-server-3-state] TRACE i.a.utils.serializer.KryoNamespace - class java.util.Arrays$ArrayList registered as 36
22:48:29.674 [raft-server-2-state] TRACE i.a.utils.serializer.KryoNamespace - class java.util.Arrays$ArrayList registered as 36
22:48:29.674 [raft-server-3-state] TRACE i.a.utils.serializer.KryoNamespace - class java.util.Collections$SingletonList registered as 37
22:48:29.674 [raft-server-3-state] TRACE i.a.utils.serializer.KryoNamespace - class java.time.Duration registered as 38
22:48:29.674 [raft-server-2-state] TRACE i.a.utils.serializer.KryoNamespace - class java.util.Collections$SingletonList registered as 37
22:48:29.674 [raft-server-3-state] TRACE i.a.utils.serializer.KryoNamespace - class java.util.Collections$EmptySet registered as 39
22:48:29.674 [raft-server-2-state] TRACE i.a.utils.serializer.KryoNamespace - class java.time.Duration registered as 38
22:48:29.674 [raft-server-3-state] TRACE i.a.utils.serializer.KryoNamespace - class java.util.Optional registered as 40
22:48:29.675 [raft-server-2-state] TRACE i.a.utils.serializer.KryoNamespace - class java.util.Collections$EmptySet registered as 39
22:48:29.675 [raft-server-3-state] TRACE i.a.utils.serializer.KryoNamespace - class java.util.Collections$EmptyList registered as 41
22:48:29.675 [raft-server-2-state] TRACE i.a.utils.serializer.KryoNamespace - class java.util.Optional registered as 40
22:48:29.675 [raft-server-3-state] TRACE i.a.utils.serializer.KryoNamespace - class java.util.Collections$SingletonSet registered as 42
22:48:29.675 [raft-server-2-state] TRACE i.a.utils.serializer.KryoNamespace - class java.util.Collections$EmptyList registered as 41
22:48:29.675 [raft-server-3-state] TRACE i.a.utils.serializer.KryoNamespace - class [I registered as 43
22:48:29.675 [raft-server-2-state] TRACE i.a.utils.serializer.KryoNamespace - class java.util.Collections$SingletonSet registered as 42
22:48:29.675 [raft-server-3-state] TRACE i.a.utils.serializer.KryoNamespace - class [J registered as 44
22:48:29.675 [raft-server-2-state] TRACE i.a.utils.serializer.KryoNamespace - class [I registered as 43
22:48:29.675 [raft-server-3-state] TRACE i.a.utils.serializer.KryoNamespace - class [S registered as 45
22:48:29.675 [raft-server-2-state] TRACE i.a.utils.serializer.KryoNamespace - class [J registered as 44
22:48:29.675 [raft-server-3-state] TRACE i.a.utils.serializer.KryoNamespace - class [D registered as 46
22:48:29.675 [raft-server-2-state] TRACE i.a.utils.serializer.KryoNamespace - class [S registered as 45
22:48:29.675 [raft-server-3-state] TRACE i.a.utils.serializer.KryoNamespace - class [F registered as 47
22:48:29.675 [raft-server-2-state] TRACE i.a.utils.serializer.KryoNamespace - class [D registered as 46
22:48:29.675 [raft-server-3-state] TRACE i.a.utils.serializer.KryoNamespace - class [C registered as 48
22:48:29.675 [raft-server-2-state] TRACE i.a.utils.serializer.KryoNamespace - class [F registered as 47
22:48:29.675 [raft-server-3-state] TRACE i.a.utils.serializer.KryoNamespace - class [Ljava.lang.String; registered as 49
22:48:29.675 [raft-server-2-state] TRACE i.a.utils.serializer.KryoNamespace - class [C registered as 48
22:48:29.675 [raft-server-3-state] TRACE i.a.utils.serializer.KryoNamespace - class [Z registered as 50
22:48:29.675 [raft-server-2-state] TRACE i.a.utils.serializer.KryoNamespace - class [Ljava.lang.String; registered as 49
22:48:29.675 [raft-server-3-state] TRACE i.a.utils.serializer.KryoNamespace - class [Ljava.lang.Object; registered as 51
22:48:29.675 [raft-server-2-state] TRACE i.a.utils.serializer.KryoNamespace - class [Z registered as 50
22:48:29.675 [raft-server-3-state] TRACE i.a.utils.serializer.KryoNamespace - class io.atomix.primitive.service.ServiceConfig registered as 52
22:48:29.675 [raft-server-2-state] TRACE i.a.utils.serializer.KryoNamespace - class [Ljava.lang.Object; registered as 51
22:48:29.675 [raft-server-2-state] TRACE i.a.utils.serializer.KryoNamespace - class io.atomix.primitive.service.ServiceConfig registered as 52
22:48:29.675 [raft-server-3-state] DEBUG i.a.p.s.impl.DefaultServiceExecutor - PrimitiveService{2}{type=io.atomix.protocols.raft.RaftTest$TestPrimitiveType@64a1ae5, name=raft-test} - Registered operation callback DefaultOperationId{id=sendEvent, type=COMMAND}
22:48:29.675 [raft-server-2-state] DEBUG i.a.p.s.impl.DefaultServiceExecutor - PrimitiveService{2}{type=io.atomix.protocols.raft.RaftTest$TestPrimitiveType@2d95571d, name=raft-test} - Registered operation callback DefaultOperationId{id=sendEvent, type=COMMAND}
22:48:29.675 [raft-server-3-state] DEBUG i.a.p.s.impl.DefaultServiceExecutor - PrimitiveService{2}{type=io.atomix.protocols.raft.RaftTest$TestPrimitiveType@64a1ae5, name=raft-test} - Registered operation callback DefaultOperationId{id=onClose, type=COMMAND}
22:48:29.675 [raft-server-2-state] DEBUG i.a.p.s.impl.DefaultServiceExecutor - PrimitiveService{2}{type=io.atomix.protocols.raft.RaftTest$TestPrimitiveType@2d95571d, name=raft-test} - Registered operation callback DefaultOperationId{id=onClose, type=COMMAND}
22:48:29.676 [raft-server-3-state] DEBUG i.a.p.s.impl.DefaultServiceExecutor - PrimitiveService{2}{type=io.atomix.protocols.raft.RaftTest$TestPrimitiveType@64a1ae5, name=raft-test} - Registered operation callback DefaultOperationId{id=read, type=QUERY}
22:48:29.676 [raft-server-2-state] DEBUG i.a.p.s.impl.DefaultServiceExecutor - PrimitiveService{2}{type=io.atomix.protocols.raft.RaftTest$TestPrimitiveType@2d95571d, name=raft-test} - Registered operation callback DefaultOperationId{id=read, type=QUERY}
22:48:29.676 [raft-server-3-state] DEBUG i.a.p.s.impl.DefaultServiceExecutor - PrimitiveService{2}{type=io.atomix.protocols.raft.RaftTest$TestPrimitiveType@64a1ae5, name=raft-test} - Registered operation callback DefaultOperationId{id=onExpire, type=COMMAND}
22:48:29.676 [raft-server-2-state] DEBUG i.a.p.s.impl.DefaultServiceExecutor - PrimitiveService{2}{type=io.atomix.protocols.raft.RaftTest$TestPrimitiveType@2d95571d, name=raft-test} - Registered operation callback DefaultOperationId{id=onExpire, type=COMMAND}
22:48:29.676 [raft-server-3-state] DEBUG i.a.p.s.impl.DefaultServiceExecutor - PrimitiveService{2}{type=io.atomix.protocols.raft.RaftTest$TestPrimitiveType@64a1ae5, name=raft-test} - Registered operation callback DefaultOperationId{id=write, type=COMMAND}
22:48:29.676 [raft-server-2-state] DEBUG i.a.p.s.impl.DefaultServiceExecutor - PrimitiveService{2}{type=io.atomix.protocols.raft.RaftTest$TestPrimitiveType@2d95571d, name=raft-test} - Registered operation callback DefaultOperationId{id=write, type=COMMAND}
22:48:29.676 [raft-server-3-state] TRACE i.a.utils.serializer.KryoNamespace - Creating Kryo instance for KryoNamespace{registeredBlocks=[RegistrationBlock{begin=16, types=[([Ljava.lang.Class;@6b321262,null), ([Ljava.lang.Class;@68b11545,null), ([Ljava.lang.Class;@7d0100ea,null), ([Ljava.lang.Class;@357bc488,null), ([Ljava.lang.Class;@4ea17147,io.atomix.utils.serializer.serializers.ImmutableListSerializer@2eda4eeb), ([Ljava.lang.Class;@5ba90d8a,io.atomix.utils.serializer.serializers.ImmutableSetSerializer@309dcdf3), ([Ljava.lang.Class;@7573b9ee,io.atomix.utils.serializer.serializers.ImmutableMapSerializer@9a20cbd), ([Ljava.lang.Class;@1af4955e,null), ([Ljava.lang.Class;@445821a6,null), ([Ljava.lang.Class;@2c0c4c0a,null), ([Ljava.lang.Class;@35d26ad2,null), ([Ljava.lang.Class;@bb25753,null), ([Ljava.lang.Class;@ee21292,null), ([Ljava.lang.Class;@40c06358,null), ([Ljava.lang.Class;@66e21568,null), ([Ljava.lang.Class;@7f73ce28,null), ([Ljava.lang.Class;@611b35d6,null), ([Ljava.lang.Class;@2282400e,null), ([Ljava.lang.Class;@543d5863,null), ([Ljava.lang.Class;@35dece42,null), ([Ljava.lang.Class;@dd3f8aa,io.atomix.utils.serializer.serializers.ArraysAsListSerializer@3d615b2e), ([Ljava.lang.Class;@3a1f2a1,null), ([Ljava.lang.Class;@40ce9049,null), ([Ljava.lang.Class;@52ca2652,null), ([Ljava.lang.Class;@65c5bf0e,null), ([Ljava.lang.Class;@697d6ded,null), ([Ljava.lang.Class;@5d05f453,null), ([Ljava.lang.Class;@5efeb117,null), ([Ljava.lang.Class;@160b4809,null), ([Ljava.lang.Class;@149b4d20,null), ([Ljava.lang.Class;@664e848c,null), ([Ljava.lang.Class;@4d93f75b,null), ([Ljava.lang.Class;@114a5e0,null), ([Ljava.lang.Class;@4f281aaf,null), ([Ljava.lang.Class;@5d508d22,null), ([Ljava.lang.Class;@f2b90fc,null)]}, RegistrationBlock{begin=52, types=[([Ljava.lang.Class;@48082183,null)]}]}
22:48:29.676 [raft-server-2-state] TRACE i.a.utils.serializer.KryoNamespace - Creating Kryo instance for KryoNamespace{registeredBlocks=[RegistrationBlock{begin=16, types=[([Ljava.lang.Class;@6b321262,null), ([Ljava.lang.Class;@68b11545,null), ([Ljava.lang.Class;@7d0100ea,null), ([Ljava.lang.Class;@357bc488,null), ([Ljava.lang.Class;@4ea17147,io.atomix.utils.serializer.serializers.ImmutableListSerializer@2eda4eeb), ([Ljava.lang.Class;@5ba90d8a,io.atomix.utils.serializer.serializers.ImmutableSetSerializer@309dcdf3), ([Ljava.lang.Class;@7573b9ee,io.atomix.utils.serializer.serializers.ImmutableMapSerializer@9a20cbd), ([Ljava.lang.Class;@1af4955e,null), ([Ljava.lang.Class;@445821a6,null), ([Ljava.lang.Class;@2c0c4c0a,null), ([Ljava.lang.Class;@35d26ad2,null), ([Ljava.lang.Class;@bb25753,null), ([Ljava.lang.Class;@ee21292,null), ([Ljava.lang.Class;@40c06358,null), ([Ljava.lang.Class;@66e21568,null), ([Ljava.lang.Class;@7f73ce28,null), ([Ljava.lang.Class;@611b35d6,null), ([Ljava.lang.Class;@2282400e,null), ([Ljava.lang.Class;@543d5863,null), ([Ljava.lang.Class;@35dece42,null), ([Ljava.lang.Class;@dd3f8aa,io.atomix.utils.serializer.serializers.ArraysAsListSerializer@3d615b2e), ([Ljava.lang.Class;@3a1f2a1,null), ([Ljava.lang.Class;@40ce9049,null), ([Ljava.lang.Class;@52ca2652,null), ([Ljava.lang.Class;@65c5bf0e,null), ([Ljava.lang.Class;@697d6ded,null), ([Ljava.lang.Class;@5d05f453,null), ([Ljava.lang.Class;@5efeb117,null), ([Ljava.lang.Class;@160b4809,null), ([Ljava.lang.Class;@149b4d20,null), ([Ljava.lang.Class;@664e848c,null), ([Ljava.lang.Class;@4d93f75b,null), ([Ljava.lang.Class;@114a5e0,null), ([Ljava.lang.Class;@4f281aaf,null), ([Ljava.lang.Class;@5d508d22,null), ([Ljava.lang.Class;@f2b90fc,null)]}, RegistrationBlock{begin=52, types=[([Ljava.lang.Class;@329d22c3,null)]}]}
22:48:29.676 [raft-server-3-state] TRACE i.a.utils.serializer.KryoNamespace - class [B registered as 16
22:48:29.676 [raft-server-3-state] TRACE i.a.utils.serializer.KryoNamespace - class java.util.concurrent.atomic.AtomicBoolean registered as 17
22:48:29.676 [raft-server-2-state] TRACE i.a.utils.serializer.KryoNamespace - class [B registered as 16
22:48:29.676 [raft-server-3-state] TRACE i.a.utils.serializer.KryoNamespace - class java.util.concurrent.atomic.AtomicInteger registered as 18
22:48:29.676 [raft-server-2-state] TRACE i.a.utils.serializer.KryoNamespace - class java.util.concurrent.atomic.AtomicBoolean registered as 17
22:48:29.676 [raft-server-3-state] TRACE i.a.utils.serializer.KryoNamespace - class java.util.concurrent.atomic.AtomicLong registered as 19
22:48:29.676 [raft-server-2-state] TRACE i.a.utils.serializer.KryoNamespace - class java.util.concurrent.atomic.AtomicInteger registered as 18
22:48:29.676 [raft-server-3-state] TRACE i.a.utils.serializer.KryoNamespace - class com.google.common.collect.ImmutableList registered as 20
22:48:29.676 [raft-server-2-state] TRACE i.a.utils.serializer.KryoNamespace - class java.util.concurrent.atomic.AtomicLong registered as 19
22:48:29.676 [raft-server-3-state] TRACE i.a.utils.serializer.KryoNamespace - class com.google.common.collect.RegularImmutableList registered as 20
22:48:29.676 [raft-server-2-state] TRACE i.a.utils.serializer.KryoNamespace - class com.google.common.collect.ImmutableList registered as 20
22:48:29.676 [raft-server-3-state] TRACE i.a.utils.serializer.KryoNamespace - class com.google.common.collect.RegularImmutableList registered as 20
22:48:29.676 [raft-server-2-state] TRACE i.a.utils.serializer.KryoNamespace - class com.google.common.collect.RegularImmutableList registered as 20
22:48:29.676 [raft-server-3-state] TRACE i.a.utils.serializer.KryoNamespace - class com.google.common.collect.ImmutableList$SubList registered as 20
22:48:29.676 [raft-server-2-state] TRACE i.a.utils.serializer.KryoNamespace - class com.google.common.collect.RegularImmutableList registered as 20
22:48:29.677 [raft-server-3-state] TRACE i.a.utils.serializer.KryoNamespace - class com.google.common.collect.ImmutableSet registered as 21
22:48:29.677 [raft-server-2-state] TRACE i.a.utils.serializer.KryoNamespace - class com.google.common.collect.ImmutableList$SubList registered as 20
22:48:29.677 [raft-server-3-state] TRACE i.a.utils.serializer.KryoNamespace - class com.google.common.collect.RegularImmutableSet registered as 21
22:48:29.677 [raft-server-2-state] TRACE i.a.utils.serializer.KryoNamespace - class com.google.common.collect.ImmutableSet registered as 21
22:48:29.677 [raft-server-3-state] TRACE i.a.utils.serializer.KryoNamespace - class com.google.common.collect.SingletonImmutableSet registered as 21
22:48:29.677 [raft-server-2-state] TRACE i.a.utils.serializer.KryoNamespace - class com.google.common.collect.RegularImmutableSet registered as 21
22:48:29.677 [raft-server-3-state] TRACE i.a.utils.serializer.KryoNamespace - class com.google.common.collect.RegularImmutableSet registered as 21
22:48:29.677 [raft-server-2-state] TRACE i.a.utils.serializer.KryoNamespace - class com.google.common.collect.SingletonImmutableSet registered as 21
22:48:29.677 [raft-server-3-state] TRACE i.a.utils.serializer.KryoNamespace - class com.google.common.collect.ImmutableMap registered as 22
22:48:29.677 [raft-server-2-state] TRACE i.a.utils.serializer.KryoNamespace - class com.google.common.collect.RegularImmutableSet registered as 21
22:48:29.677 [raft-server-3-state] TRACE i.a.utils.serializer.KryoNamespace - class com.google.common.collect.RegularImmutableMap registered as 22
22:48:29.677 [raft-server-2-state] TRACE i.a.utils.serializer.KryoNamespace - class com.google.common.collect.ImmutableMap registered as 22
22:48:29.677 [raft-server-3-state] TRACE i.a.utils.serializer.KryoNamespace - class com.google.common.collect.RegularImmutableMap registered as 22
22:48:29.677 [raft-server-2-state] TRACE i.a.utils.serializer.KryoNamespace - class com.google.common.collect.RegularImmutableMap registered as 22
22:48:29.677 [raft-server-3-state] TRACE i.a.utils.serializer.KryoNamespace - class com.google.common.collect.RegularImmutableMap registered as 22
22:48:29.677 [raft-server-2-state] TRACE i.a.utils.serializer.KryoNamespace - class com.google.common.collect.RegularImmutableMap registered as 22
22:48:29.677 [raft-server-2-state] TRACE i.a.utils.serializer.KryoNamespace - class com.google.common.collect.RegularImmutableMap registered as 22
22:48:29.677 [raft-server-3-state] TRACE i.a.utils.serializer.KryoNamespace - class java.util.Collections$UnmodifiableSet registered as 23
22:48:29.677 [raft-server-2-state] TRACE i.a.utils.serializer.KryoNamespace - class java.util.Collections$UnmodifiableSet registered as 23
22:48:29.677 [raft-server-3-state] TRACE i.a.utils.serializer.KryoNamespace - class java.util.HashMap registered as 24
22:48:29.677 [raft-server-2-state] TRACE i.a.utils.serializer.KryoNamespace - class java.util.HashMap registered as 24
22:48:29.677 [raft-server-3-state] TRACE i.a.utils.serializer.KryoNamespace - class java.util.concurrent.ConcurrentHashMap registered as 25
22:48:29.677 [raft-server-2-state] TRACE i.a.utils.serializer.KryoNamespace - class java.util.concurrent.ConcurrentHashMap registered as 25
22:48:29.677 [raft-server-3-state] TRACE i.a.utils.serializer.KryoNamespace - class java.util.concurrent.CopyOnWriteArraySet registered as 26
22:48:29.677 [raft-server-2-state] TRACE i.a.utils.serializer.KryoNamespace - class java.util.concurrent.CopyOnWriteArraySet registered as 26
22:48:29.677 [raft-server-3-state] TRACE i.a.utils.serializer.KryoNamespace - class java.util.ArrayList registered as 27
22:48:29.677 [raft-server-2-state] TRACE i.a.utils.serializer.KryoNamespace - class java.util.ArrayList registered as 27
22:48:29.677 [raft-server-3-state] TRACE i.a.utils.serializer.KryoNamespace - class java.util.LinkedList registered as 28
22:48:29.678 [raft-server-2-state] TRACE i.a.utils.serializer.KryoNamespace - class java.util.LinkedList registered as 28
22:48:29.678 [raft-server-3-state] TRACE i.a.utils.serializer.KryoNamespace - class java.util.HashSet registered as 29
22:48:29.678 [raft-server-2-state] TRACE i.a.utils.serializer.KryoNamespace - class java.util.HashSet registered as 29
22:48:29.678 [raft-server-3-state] TRACE i.a.utils.serializer.KryoNamespace - class java.util.LinkedHashSet registered as 30
22:48:29.678 [raft-server-2-state] TRACE i.a.utils.serializer.KryoNamespace - class java.util.LinkedHashSet registered as 30
22:48:29.678 [raft-server-3-state] TRACE i.a.utils.serializer.KryoNamespace - class com.sun.jmx.remote.internal.ArrayQueue registered as 31
22:48:29.678 [raft-server-2-state] TRACE i.a.utils.serializer.KryoNamespace - class com.sun.jmx.remote.internal.ArrayQueue registered as 31
22:48:29.678 [raft-server-3-state] TRACE i.a.utils.serializer.KryoNamespace - class java.util.ArrayDeque registered as 32
22:48:29.678 [raft-server-2-state] TRACE i.a.utils.serializer.KryoNamespace - class java.util.ArrayDeque registered as 32
22:48:29.678 [raft-server-3-state] TRACE i.a.utils.serializer.KryoNamespace - class com.google.common.collect.HashMultiset registered as 33
22:48:29.678 [raft-server-2-state] TRACE i.a.utils.serializer.KryoNamespace - class com.google.common.collect.HashMultiset registered as 33
22:48:29.678 [raft-server-3-state] TRACE i.a.utils.serializer.KryoNamespace - class com.google.common.collect.Sets registered as 34
22:48:29.678 [raft-server-2-state] TRACE i.a.utils.serializer.KryoNamespace - class com.google.common.collect.Sets registered as 34
22:48:29.678 [raft-server-3-state] TRACE i.a.utils.serializer.KryoNamespace - class com.google.common.collect.ImmutableEntry registered as 35
22:48:29.678 [raft-server-2-state] TRACE i.a.utils.serializer.KryoNamespace - class com.google.common.collect.ImmutableEntry registered as 35
22:48:29.678 [raft-server-3-state] TRACE i.a.utils.serializer.KryoNamespace - class java.util.Arrays$ArrayList registered as 36
22:48:29.678 [raft-server-2-state] TRACE i.a.utils.serializer.KryoNamespace - class java.util.Arrays$ArrayList registered as 36
22:48:29.678 [raft-server-3-state] TRACE i.a.utils.serializer.KryoNamespace - class java.util.Collections$SingletonList registered as 37
22:48:29.678 [raft-server-3-state] TRACE i.a.utils.serializer.KryoNamespace - class java.time.Duration registered as 38
22:48:29.678 [raft-server-2-state] TRACE i.a.utils.serializer.KryoNamespace - class java.util.Collections$SingletonList registered as 37
22:48:29.678 [raft-server-3-state] TRACE i.a.utils.serializer.KryoNamespace - class java.util.Collections$EmptySet registered as 39
22:48:29.678 [raft-server-2-state] TRACE i.a.utils.serializer.KryoNamespace - class java.time.Duration registered as 38
22:48:29.678 [raft-server-3-state] TRACE i.a.utils.serializer.KryoNamespace - class java.util.Optional registered as 40
22:48:29.678 [raft-server-2-state] TRACE i.a.utils.serializer.KryoNamespace - class java.util.Collections$EmptySet registered as 39
22:48:29.678 [raft-server-2-state] TRACE i.a.utils.serializer.KryoNamespace - class java.util.Optional registered as 40
22:48:29.678 [raft-server-3-state] TRACE i.a.utils.serializer.KryoNamespace - class java.util.Collections$EmptyList registered as 41
22:48:29.678 [raft-server-2-state] TRACE i.a.utils.serializer.KryoNamespace - class java.util.Collections$EmptyList registered as 41
22:48:29.678 [raft-server-3-state] TRACE i.a.utils.serializer.KryoNamespace - class java.util.Collections$SingletonSet registered as 42
22:48:29.678 [raft-server-2-state] TRACE i.a.utils.serializer.KryoNamespace - class java.util.Collections$SingletonSet registered as 42
22:48:29.678 [raft-server-3-state] TRACE i.a.utils.serializer.KryoNamespace - class [I registered as 43
22:48:29.678 [raft-server-2-state] TRACE i.a.utils.serializer.KryoNamespace - class [I registered as 43
22:48:29.678 [raft-server-3-state] TRACE i.a.utils.serializer.KryoNamespace - class [J registered as 44
22:48:29.678 [raft-server-2-state] TRACE i.a.utils.serializer.KryoNamespace - class [J registered as 44
22:48:29.678 [raft-server-3-state] TRACE i.a.utils.serializer.KryoNamespace - class [S registered as 45
22:48:29.678 [raft-server-2-state] TRACE i.a.utils.serializer.KryoNamespace - class [S registered as 45
22:48:29.678 [raft-server-3-state] TRACE i.a.utils.serializer.KryoNamespace - class [D registered as 46
22:48:29.678 [raft-server-2-state] TRACE i.a.utils.serializer.KryoNamespace - class [D registered as 46
22:48:29.679 [raft-server-3-state] TRACE i.a.utils.serializer.KryoNamespace - class [F registered as 47
22:48:29.679 [raft-server-2-state] TRACE i.a.utils.serializer.KryoNamespace - class [F registered as 47
22:48:29.679 [raft-server-3-state] TRACE i.a.utils.serializer.KryoNamespace - class [C registered as 48
22:48:29.679 [raft-server-2-state] TRACE i.a.utils.serializer.KryoNamespace - class [C registered as 48
22:48:29.679 [raft-server-3-state] TRACE i.a.utils.serializer.KryoNamespace - class [Ljava.lang.String; registered as 49
22:48:29.679 [raft-server-2-state] TRACE i.a.utils.serializer.KryoNamespace - class [Ljava.lang.String; registered as 49
22:48:29.679 [raft-server-3-state] TRACE i.a.utils.serializer.KryoNamespace - class [Z registered as 50
22:48:29.679 [raft-server-2-state] TRACE i.a.utils.serializer.KryoNamespace - class [Z registered as 50
22:48:29.679 [raft-server-3-state] TRACE i.a.utils.serializer.KryoNamespace - class [Ljava.lang.Object; registered as 51
22:48:29.679 [raft-server-2-state] TRACE i.a.utils.serializer.KryoNamespace - class [Ljava.lang.Object; registered as 51
22:48:29.679 [raft-server-3-state] TRACE i.a.utils.serializer.KryoNamespace - class io.atomix.primitive.service.ServiceConfig registered as 52
22:48:29.679 [raft-server-2-state] TRACE i.a.utils.serializer.KryoNamespace - class io.atomix.primitive.service.ServiceConfig registered as 52
22:48:29.679 [raft-server-3-state] DEBUG i.a.p.r.service.RaftServiceContext - PrimitiveService{2}{type=io.atomix.protocols.raft.RaftTest$TestPrimitiveType@64a1ae5, name=raft-test} - Opening session 2
22:48:29.679 [raft-server-2-state] DEBUG i.a.p.r.service.RaftServiceContext - PrimitiveService{2}{type=io.atomix.protocols.raft.RaftTest$TestPrimitiveType@2d95571d, name=raft-test} - Opening session 2
22:48:29.679 [raft-server-3-state] DEBUG i.a.p.raft.session.RaftSession - PrimitiveSession{2}{type=io.atomix.protocols.raft.RaftTest$TestPrimitiveType@64a1ae5, name=raft-test} - State changed: OPEN
22:48:29.679 [raft-server-2-state] DEBUG i.a.p.raft.session.RaftSession - PrimitiveSession{2}{type=io.atomix.protocols.raft.RaftTest$TestPrimitiveType@2d95571d, name=raft-test} - State changed: OPEN
22:48:29.732 [raft-server-1] TRACE i.a.p.raft.roles.LeaderAppender - RaftServer{1} - Received AppendResponse{status=OK, term=1, succeeded=true, lastLogIndex=3} from 2
22:48:29.732 [raft-server-1] TRACE i.a.protocols.raft.roles.LeaderRole - RaftServer{1}{role=LEADER} - Received CommandRequest{session=2, sequence=1, operation=PrimitiveOperation{id=DefaultOperationId{id=write, type=COMMAND}, value=byte[]{length=17, hash=-1644578928}}}
22:48:29.732 [raft-server-1] TRACE i.a.protocols.raft.roles.LeaderRole - RaftServer{1}{role=LEADER} - Appended Indexed{index=4, entry=CommandEntry{term=1, timestamp=2018-06-07 10:48:29,732, session=2, sequence=1, operation=PrimitiveOperation{id=DefaultOperationId{id=write, type=COMMAND}, value=byte[]{length=17, hash=-1644578928}}}}
22:48:29.732 [raft-server-1] TRACE i.a.p.raft.roles.LeaderAppender - RaftServer{1} - Sending AppendRequest{term=1, leader=1, prevLogIndex=3, prevLogTerm=1, entries=1, commitIndex=3} to 3
22:48:29.732 [raft-server-1-state] TRACE i.a.p.raft.impl.RaftServiceManager - RaftServer{1} - Applying Indexed{index=3, entry=KeepAliveEntry{term=1, timestamp=2018-06-07 10:48:29,661, sessionIds=long[]{length=1, hash=33}, commandSequences=long[]{length=1, hash=31}, eventIndexes=long[]{length=1, hash=33}}}
22:48:29.732 [raft-server-3] TRACE i.a.p.raft.roles.FollowerRole - RaftServer{3}{role=FOLLOWER} - Received AppendRequest{term=1, leader=1, prevLogIndex=3, prevLogTerm=1, entries=1, commitIndex=3}
22:48:29.732 [raft-server-1] TRACE i.a.p.raft.roles.LeaderAppender - RaftServer{1} - Sending AppendRequest{term=1, leader=1, prevLogIndex=3, prevLogTerm=1, entries=1, commitIndex=3} to 2
22:48:29.732 [raft-server-2] TRACE i.a.p.raft.roles.FollowerRole - RaftServer{2}{role=FOLLOWER} - Received AppendRequest{term=1, leader=1, prevLogIndex=3, prevLogTerm=1, entries=1, commitIndex=3}
22:48:29.732 [raft-server-3] TRACE i.a.p.raft.roles.FollowerRole - RaftServer{3}{role=FOLLOWER} - Appended Indexed{index=4, entry=CommandEntry{term=1, timestamp=2018-06-07 10:48:29,732, session=2, sequence=1, operation=PrimitiveOperation{id=DefaultOperationId{id=write, type=COMMAND}, value=byte[]{length=17, hash=-1644578928}}}}
22:48:29.732 [raft-server-1] TRACE i.a.protocols.raft.roles.LeaderRole - RaftServer{1}{role=LEADER} - Sending KeepAliveResponse{status=OK, leader=1, members=[1, 3, 2], sessionIds=long[]{length=1, hash=33}}
22:48:29.732 [raft-server-2] TRACE i.a.p.raft.roles.FollowerRole - RaftServer{2}{role=FOLLOWER} - Appended Indexed{index=4, entry=CommandEntry{term=1, timestamp=2018-06-07 10:48:29,732, session=2, sequence=1, operation=PrimitiveOperation{id=DefaultOperationId{id=write, type=COMMAND}, value=byte[]{length=17, hash=-1644578928}}}}
22:48:29.807 [raft-server-3] TRACE i.a.p.raft.roles.FollowerRole - RaftServer{3}{role=FOLLOWER} - Committed entries up to index 3
22:48:29.807 [raft-server-3] TRACE i.a.p.raft.roles.FollowerRole - RaftServer{3}{role=FOLLOWER} - Sending AppendResponse{status=OK, term=1, succeeded=true, lastLogIndex=4}
22:48:29.807 [raft-server-2] TRACE i.a.p.raft.roles.FollowerRole - RaftServer{2}{role=FOLLOWER} - Committed entries up to index 3
22:48:29.807 [raft-server-1] TRACE i.a.p.raft.roles.LeaderAppender - RaftServer{1} - Received AppendResponse{status=OK, term=1, succeeded=true, lastLogIndex=4} from 3
22:48:29.807 [raft-server-2] TRACE i.a.p.raft.roles.FollowerRole - RaftServer{2}{role=FOLLOWER} - Sending AppendResponse{status=OK, term=1, succeeded=true, lastLogIndex=4}
22:48:29.807 [raft-server-1] TRACE i.a.p.raft.roles.LeaderAppender - RaftServer{1} - Committed entries up to 4
22:48:29.807 [raft-server-3-state] TRACE i.a.p.raft.impl.RaftServiceManager - RaftServer{3} - Applying Indexed{index=3, entry=KeepAliveEntry{term=1, timestamp=2018-06-07 10:48:29,661, sessionIds=long[]{length=1, hash=33}, commandSequences=long[]{length=1, hash=31}, eventIndexes=long[]{length=1, hash=33}}}
22:48:29.807 [raft-server-2] TRACE i.a.p.raft.roles.FollowerRole - RaftServer{2}{role=FOLLOWER} - Sending KeepAliveResponse{status=OK, leader=1, members=[1, 3, 2], sessionIds=long[]{length=1, hash=33}}
22:48:29.807 [raft-client-bd74d86e-809c-4ed1-87a8-2ec3ff75de78-2] TRACE i.a.p.r.p.impl.RaftProxyConnection - RaftClient{bd74d86e-809c-4ed1-87a8-2ec3ff75de78} - Received KeepAliveResponse{status=OK, leader=1, members=[1, 3, 2], sessionIds=long[]{length=1, hash=33}} from 2
22:48:29.807 [raft-server-2-state] TRACE i.a.p.raft.impl.RaftServiceManager - RaftServer{2} - Applying Indexed{index=3, entry=KeepAliveEntry{term=1, timestamp=2018-06-07 10:48:29,661, sessionIds=long[]{length=1, hash=33}, commandSequences=long[]{length=1, hash=31}, eventIndexes=long[]{length=1, hash=33}}}
22:48:29.808 [raft-client-bd74d86e-809c-4ed1-87a8-2ec3ff75de78-0] TRACE i.a.p.r.p.impl.RaftProxyConnection - PartitionProxy{2}{type=io.atomix.protocols.raft.RaftTest$TestPrimitiveType@35bfa1bb, name=raft-test} - Sending CommandRequest{session=2, sequence=1, operation=PrimitiveOperation{id=DefaultOperationId{id=write, type=COMMAND}, value=byte[]{length=17, hash=-1644578928}}} to 1
22:48:29.845 [raft-server-1] TRACE i.a.p.raft.roles.LeaderAppender - RaftServer{1} - Sending AppendRequest{term=1, leader=1, prevLogIndex=4, prevLogTerm=1, entries=0, commitIndex=4} to 3
22:48:29.845 [raft-server-1] TRACE i.a.p.raft.roles.LeaderAppender - RaftServer{1} - Received AppendResponse{status=OK, term=1, succeeded=true, lastLogIndex=4} from 2
22:48:29.845 [raft-server-3] TRACE i.a.p.raft.roles.FollowerRole - RaftServer{3}{role=FOLLOWER} - Received AppendRequest{term=1, leader=1, prevLogIndex=4, prevLogTerm=1, entries=0, commitIndex=4}
22:48:29.845 [raft-server-1] TRACE i.a.p.raft.roles.LeaderAppender - RaftServer{1} - Sending AppendRequest{term=1, leader=1, prevLogIndex=4, prevLogTerm=1, entries=0, commitIndex=4} to 2
22:48:29.845 [raft-server-1] TRACE i.a.protocols.raft.roles.LeaderRole - RaftServer{1}{role=LEADER} - Received CommandRequest{session=2, sequence=1, operation=PrimitiveOperation{id=DefaultOperationId{id=write, type=COMMAND}, value=byte[]{length=17, hash=-1644578928}}}
22:48:29.845 [raft-server-2] TRACE i.a.p.raft.roles.FollowerRole - RaftServer{2}{role=FOLLOWER} - Received AppendRequest{term=1, leader=1, prevLogIndex=4, prevLogTerm=1, entries=0, commitIndex=4}
22:48:29.845 [raft-server-1] TRACE i.a.protocols.raft.roles.LeaderRole - RaftServer{1}{role=LEADER} - Appended Indexed{index=5, entry=CommandEntry{term=1, timestamp=2018-06-07 10:48:29,845, session=2, sequence=1, operation=PrimitiveOperation{id=DefaultOperationId{id=write, type=COMMAND}, value=byte[]{length=17, hash=-1644578928}}}}
22:48:29.846 [raft-server-1-state] TRACE i.a.p.raft.impl.RaftServiceManager - RaftServer{1} - Applying Indexed{index=4, entry=CommandEntry{term=1, timestamp=2018-06-07 10:48:29,732, session=2, sequence=1, operation=PrimitiveOperation{id=DefaultOperationId{id=write, type=COMMAND}, value=byte[]{length=17, hash=-1644578928}}}}
22:48:29.846 [raft-server-1-state] TRACE i.a.p.s.impl.DefaultServiceExecutor - PrimitiveService{2}{type=io.atomix.protocols.raft.RaftTest$TestPrimitiveType@761d7cf3, name=raft-test} - Executing DefaultCommit{index=4, session=RaftSession{RaftServiceContext{server=1, type=io.atomix.protocols.raft.RaftTest$TestPrimitiveType@761d7cf3, name=raft-test, id=2}, session=2, timestamp=2018-06-07 10:48:29,732}, time=2018-06-07 10:48:29,732, operation=DefaultOperationId{id=write, type=COMMAND}, value=byte[]{length=17, hash=-1644578928}}
22:48:29.846 [raft-server-1-state] TRACE i.a.protocols.raft.roles.LeaderRole - RaftServer{1}{role=LEADER} - Sending CommandResponse{status=OK, index=4, eventIndex=2, result=byte[]{length=2, hash=1248}}
22:48:29.846 [raft-client-bd74d86e-809c-4ed1-87a8-2ec3ff75de78-5] TRACE i.a.p.r.p.impl.RaftProxyConnection - PartitionProxy{2}{type=io.atomix.protocols.raft.RaftTest$TestPrimitiveType@35bfa1bb, name=raft-test} - Received CommandResponse{status=OK, index=4, eventIndex=2, result=byte[]{length=2, hash=1248}} from 1
22:48:29.846 [raft-client-bd74d86e-809c-4ed1-87a8-2ec3ff75de78-5] TRACE i.a.p.r.p.impl.RaftProxySequencer - PartitionProxy{2}{type=io.atomix.protocols.raft.RaftTest$TestPrimitiveType@35bfa1bb, name=raft-test} - Completing response CommandResponse{status=OK, index=4, eventIndex=2, result=byte[]{length=2, hash=1248}}
22:48:29.847 [raft-client-bd74d86e-809c-4ed1-87a8-2ec3ff75de78-5] TRACE i.a.p.r.p.impl.RaftProxyConnection - PartitionProxy{2}{type=io.atomix.protocols.raft.RaftTest$TestPrimitiveType@35bfa1bb, name=raft-test} - Sending CommandRequest{session=2, sequence=2, operation=PrimitiveOperation{id=DefaultOperationId{id=write, type=COMMAND}, value=byte[]{length=17, hash=-1644578928}}} to 1
22:48:29.847 [raft-server-1] TRACE i.a.protocols.raft.roles.LeaderRole - RaftServer{1}{role=LEADER} - Received CommandRequest{session=2, sequence=2, operation=PrimitiveOperation{id=DefaultOperationId{id=write, type=COMMAND}, value=byte[]{length=17, hash=-1644578928}}}
22:48:29.848 [raft-server-1] TRACE i.a.protocols.raft.roles.LeaderRole - RaftServer{1}{role=LEADER} - Appended Indexed{index=6, entry=CommandEntry{term=1, timestamp=2018-06-07 10:48:29,848, session=2, sequence=2, operation=PrimitiveOperation{id=DefaultOperationId{id=write, type=COMMAND}, value=byte[]{length=17, hash=-1644578928}}}}
22:48:29.870 [raft-server-3] TRACE i.a.p.raft.roles.FollowerRole - RaftServer{3}{role=FOLLOWER} - Committed entries up to index 4
22:48:29.870 [raft-server-3] TRACE i.a.p.raft.roles.FollowerRole - RaftServer{3}{role=FOLLOWER} - Sending AppendResponse{status=OK, term=1, succeeded=true, lastLogIndex=4}
22:48:29.870 [raft-server-1] TRACE i.a.p.raft.roles.LeaderAppender - RaftServer{1} - Received AppendResponse{status=OK, term=1, succeeded=true, lastLogIndex=4} from 3
22:48:29.870 [raft-server-3-state] TRACE i.a.p.raft.impl.RaftServiceManager - RaftServer{3} - Applying Indexed{index=4, entry=CommandEntry{term=1, timestamp=2018-06-07 10:48:29,732, session=2, sequence=1, operation=PrimitiveOperation{id=DefaultOperationId{id=write, type=COMMAND}, value=byte[]{length=17, hash=-1644578928}}}}
22:48:29.870 [raft-server-1] TRACE i.a.p.raft.roles.LeaderAppender - RaftServer{1} - Sending AppendRequest{term=1, leader=1, prevLogIndex=4, prevLogTerm=1, entries=2, commitIndex=4} to 3
22:48:29.870 [raft-server-3-state] TRACE i.a.p.s.impl.DefaultServiceExecutor - PrimitiveService{2}{type=io.atomix.protocols.raft.RaftTest$TestPrimitiveType@64a1ae5, name=raft-test} - Executing DefaultCommit{index=4, session=RaftSession{RaftServiceContext{server=3, type=io.atomix.protocols.raft.RaftTest$TestPrimitiveType@64a1ae5, name=raft-test, id=2}, session=2, timestamp=2018-06-07 10:48:29,732}, time=2018-06-07 10:48:29,732, operation=DefaultOperationId{id=write, type=COMMAND}, value=byte[]{length=17, hash=-1644578928}}
22:48:29.870 [raft-server-3] TRACE i.a.p.raft.roles.FollowerRole - RaftServer{3}{role=FOLLOWER} - Received AppendRequest{term=1, leader=1, prevLogIndex=4, prevLogTerm=1, entries=2, commitIndex=4}
22:48:29.870 [raft-server-3] TRACE i.a.p.raft.roles.FollowerRole - RaftServer{3}{role=FOLLOWER} - Appended Indexed{index=5, entry=CommandEntry{term=1, timestamp=2018-06-07 10:48:29,845, session=2, sequence=1, operation=PrimitiveOperation{id=DefaultOperationId{id=write, type=COMMAND}, value=byte[]{length=17, hash=-1644578928}}}}
22:48:29.871 [raft-server-3] TRACE i.a.p.raft.roles.FollowerRole - RaftServer{3}{role=FOLLOWER} - Appended Indexed{index=6, entry=CommandEntry{term=1, timestamp=2018-06-07 10:48:29,848, session=2, sequence=2, operation=PrimitiveOperation{id=DefaultOperationId{id=write, type=COMMAND}, value=byte[]{length=17, hash=-1644578928}}}}
22:48:29.871 [raft-server-3] TRACE i.a.p.raft.roles.FollowerRole - RaftServer{3}{role=FOLLOWER} - Sending AppendResponse{status=OK, term=1, succeeded=true, lastLogIndex=6}
22:48:29.871 [raft-server-1] TRACE i.a.p.raft.roles.LeaderAppender - RaftServer{1} - Received AppendResponse{status=OK, term=1, succeeded=true, lastLogIndex=6} from 3
22:48:29.871 [raft-server-1] TRACE i.a.p.raft.roles.LeaderAppender - RaftServer{1} - Committed entries up to 6
22:48:29.903 [raft-server-2] TRACE i.a.p.raft.roles.FollowerRole - RaftServer{2}{role=FOLLOWER} - Committed entries up to index 4
22:48:29.903 [raft-server-2] TRACE i.a.p.raft.roles.FollowerRole - RaftServer{2}{role=FOLLOWER} - Sending AppendResponse{status=OK, term=1, succeeded=true, lastLogIndex=4}
22:48:29.903 [raft-server-2-state] TRACE i.a.p.raft.impl.RaftServiceManager - RaftServer{2} - Applying Indexed{index=4, entry=CommandEntry{term=1, timestamp=2018-06-07 10:48:29,732, session=2, sequence=1, operation=PrimitiveOperation{id=DefaultOperationId{id=write, type=COMMAND}, value=byte[]{length=17, hash=-1644578928}}}}
22:48:29.903 [raft-server-2-state] TRACE i.a.p.s.impl.DefaultServiceExecutor - PrimitiveService{2}{type=io.atomix.protocols.raft.RaftTest$TestPrimitiveType@2d95571d, name=raft-test} - Executing DefaultCommit{index=4, session=RaftSession{RaftServiceContext{server=2, type=io.atomix.protocols.raft.RaftTest$TestPrimitiveType@2d95571d, name=raft-test, id=2}, session=2, timestamp=2018-06-07 10:48:29,732}, time=2018-06-07 10:48:29,732, operation=DefaultOperationId{id=write, type=COMMAND}, value=byte[]{length=17, hash=-1644578928}}
22:48:29.923 [raft-server-1] TRACE i.a.p.raft.roles.LeaderAppender - RaftServer{1} - Received AppendResponse{status=OK, term=1, succeeded=true, lastLogIndex=4} from 2
22:48:29.923 [raft-server-1] TRACE i.a.p.raft.roles.LeaderAppender - RaftServer{1} - Sending AppendRequest{term=1, leader=1, prevLogIndex=4, prevLogTerm=1, entries=2, commitIndex=6} to 2
22:48:29.923 [raft-server-2] TRACE i.a.p.raft.roles.FollowerRole - RaftServer{2}{role=FOLLOWER} - Received AppendRequest{term=1, leader=1, prevLogIndex=4, prevLogTerm=1, entries=2, commitIndex=6}
22:48:29.924 [raft-server-1-state] TRACE i.a.p.raft.impl.RaftServiceManager - RaftServer{1} - Applying Indexed{index=5, entry=CommandEntry{term=1, timestamp=2018-06-07 10:48:29,845, session=2, sequence=1, operation=PrimitiveOperation{id=DefaultOperationId{id=write, type=COMMAND}, value=byte[]{length=17, hash=-1644578928}}}}
22:48:29.924 [raft-server-2] TRACE i.a.p.raft.roles.FollowerRole - RaftServer{2}{role=FOLLOWER} - Appended Indexed{index=5, entry=CommandEntry{term=1, timestamp=2018-06-07 10:48:29,845, session=2, sequence=1, operation=PrimitiveOperation{id=DefaultOperationId{id=write, type=COMMAND}, value=byte[]{length=17, hash=-1644578928}}}}
22:48:29.924 [raft-server-1-state] TRACE i.a.p.r.service.RaftServiceContext - PrimitiveService{2}{type=io.atomix.protocols.raft.RaftTest$TestPrimitiveType@761d7cf3, name=raft-test} - Returning cached result for command with sequence number 1 < 2
22:48:29.924 [raft-server-1-state] TRACE i.a.protocols.raft.roles.LeaderRole - RaftServer{1}{role=LEADER} - Sending CommandResponse{status=OK, index=4, eventIndex=2, result=byte[]{length=2, hash=1248}}
22:48:29.924 [raft-server-2] TRACE i.a.p.raft.roles.FollowerRole - RaftServer{2}{role=FOLLOWER} - Appended Indexed{index=6, entry=CommandEntry{term=1, timestamp=2018-06-07 10:48:29,848, session=2, sequence=2, operation=PrimitiveOperation{id=DefaultOperationId{id=write, type=COMMAND}, value=byte[]{length=17, hash=-1644578928}}}}
22:48:29.924 [raft-server-1-state] TRACE i.a.p.raft.impl.RaftServiceManager - RaftServer{1} - Applying Indexed{index=6, entry=CommandEntry{term=1, timestamp=2018-06-07 10:48:29,848, session=2, sequence=2, operation=PrimitiveOperation{id=DefaultOperationId{id=write, type=COMMAND}, value=byte[]{length=17, hash=-1644578928}}}}
22:48:29.924 [raft-client-bd74d86e-809c-4ed1-87a8-2ec3ff75de78-2] TRACE i.a.p.r.p.impl.RaftProxyConnection - PartitionProxy{2}{type=io.atomix.protocols.raft.RaftTest$TestPrimitiveType@35bfa1bb, name=raft-test} - Received CommandResponse{status=OK, index=4, eventIndex=2, result=byte[]{length=2, hash=1248}} from 1
22:48:29.924 [raft-server-1-state] TRACE i.a.p.s.impl.DefaultServiceExecutor - PrimitiveService{2}{type=io.atomix.protocols.raft.RaftTest$TestPrimitiveType@761d7cf3, name=raft-test} - Executing DefaultCommit{index=6, session=RaftSession{RaftServiceContext{server=1, type=io.atomix.protocols.raft.RaftTest$TestPrimitiveType@761d7cf3, name=raft-test, id=2}, session=2, timestamp=2018-06-07 10:48:29,848}, time=2018-06-07 10:48:29,848, operation=DefaultOperationId{id=write, type=COMMAND}, value=byte[]{length=17, hash=-1644578928}}
22:48:29.924 [raft-server-1-state] TRACE i.a.protocols.raft.roles.LeaderRole - RaftServer{1}{role=LEADER} - Sending CommandResponse{status=OK, index=6, eventIndex=2, result=byte[]{length=2, hash=1252}}
22:48:29.924 [raft-client-bd74d86e-809c-4ed1-87a8-2ec3ff75de78-6] TRACE i.a.p.r.p.impl.RaftProxyConnection - PartitionProxy{2}{type=io.atomix.protocols.raft.RaftTest$TestPrimitiveType@35bfa1bb, name=raft-test} - Received CommandResponse{status=OK, index=6, eventIndex=2, result=byte[]{length=2, hash=1252}} from 1
22:48:29.924 [raft-client-bd74d86e-809c-4ed1-87a8-2ec3ff75de78-6] TRACE i.a.p.r.p.impl.RaftProxySequencer - PartitionProxy{2}{type=io.atomix.protocols.raft.RaftTest$TestPrimitiveType@35bfa1bb, name=raft-test} - Completing response CommandResponse{status=OK, index=6, eventIndex=2, result=byte[]{length=2, hash=1252}}
22:48:29.925 [raft-client-bd74d86e-809c-4ed1-87a8-2ec3ff75de78-6] TRACE i.a.p.r.p.impl.RaftProxyConnection - PartitionProxy{2}{type=io.atomix.protocols.raft.RaftTest$TestPrimitiveType@35bfa1bb, name=raft-test} - Sending CommandRequest{session=2, sequence=3, operation=PrimitiveOperation{id=DefaultOperationId{id=write, type=COMMAND}, value=byte[]{length=17, hash=-1644578928}}} to 1
22:48:29.925 [raft-server-1] TRACE i.a.protocols.raft.roles.LeaderRole - RaftServer{1}{role=LEADER} - Received CommandRequest{session=2, sequence=3, operation=PrimitiveOperation{id=DefaultOperationId{id=write, type=COMMAND}, value=byte[]{length=17, hash=-1644578928}}}
22:48:29.925 [raft-server-1] TRACE i.a.protocols.raft.roles.LeaderRole - RaftServer{1}{role=LEADER} - Appended Indexed{index=7, entry=CommandEntry{term=1, timestamp=2018-06-07 10:48:29,925, session=2, sequence=3, operation=PrimitiveOperation{id=DefaultOperationId{id=write, type=COMMAND}, value=byte[]{length=17, hash=-1644578928}}}}
22:48:29.925 [raft-server-1] TRACE i.a.p.raft.roles.LeaderAppender - RaftServer{1} - Sending AppendRequest{term=1, leader=1, prevLogIndex=6, prevLogTerm=1, entries=1, commitIndex=6} to 3
22:48:29.926 [raft-server-3] TRACE i.a.p.raft.roles.FollowerRole - RaftServer{3}{role=FOLLOWER} - Received AppendRequest{term=1, leader=1, prevLogIndex=6, prevLogTerm=1, entries=1, commitIndex=6}
22:48:29.926 [raft-server-3] TRACE i.a.p.raft.roles.FollowerRole - RaftServer{3}{role=FOLLOWER} - Appended Indexed{index=7, entry=CommandEntry{term=1, timestamp=2018-06-07 10:48:29,925, session=2, sequence=3, operation=PrimitiveOperation{id=DefaultOperationId{id=write, type=COMMAND}, value=byte[]{length=17, hash=-1644578928}}}}
22:48:29.961 [raft-server-2] TRACE i.a.p.raft.roles.FollowerRole - RaftServer{2}{role=FOLLOWER} - Committed entries up to index 6
22:48:29.962 [raft-server-2] TRACE i.a.p.raft.roles.FollowerRole - RaftServer{2}{role=FOLLOWER} - Sending AppendResponse{status=OK, term=1, succeeded=true, lastLogIndex=6}
22:48:29.962 [raft-server-1] TRACE i.a.p.raft.roles.LeaderAppender - RaftServer{1} - Received AppendResponse{status=OK, term=1, succeeded=true, lastLogIndex=6} from 2
22:48:29.962 [raft-server-2-state] TRACE i.a.p.raft.impl.RaftServiceManager - RaftServer{2} - Applying Indexed{index=5, entry=CommandEntry{term=1, timestamp=2018-06-07 10:48:29,845, session=2, sequence=1, operation=PrimitiveOperation{id=DefaultOperationId{id=write, type=COMMAND}, value=byte[]{length=17, hash=-1644578928}}}}
22:48:29.962 [raft-server-2-state] TRACE i.a.p.r.service.RaftServiceContext - PrimitiveService{2}{type=io.atomix.protocols.raft.RaftTest$TestPrimitiveType@2d95571d, name=raft-test} - Returning cached result for command with sequence number 1 < 2
22:48:29.962 [raft-server-1] TRACE i.a.p.raft.roles.LeaderAppender - RaftServer{1} - Sending AppendRequest{term=1, leader=1, prevLogIndex=6, prevLogTerm=1, entries=1, commitIndex=6} to 2
22:48:29.962 [raft-server-2-state] TRACE i.a.p.raft.impl.RaftServiceManager - RaftServer{2} - Applying Indexed{index=6, entry=CommandEntry{term=1, timestamp=2018-06-07 10:48:29,848, session=2, sequence=2, operation=PrimitiveOperation{id=DefaultOperationId{id=write, type=COMMAND}, value=byte[]{length=17, hash=-1644578928}}}}
22:48:29.962 [raft-server-2] TRACE i.a.p.raft.roles.FollowerRole - RaftServer{2}{role=FOLLOWER} - Received AppendRequest{term=1, leader=1, prevLogIndex=6, prevLogTerm=1, entries=1, commitIndex=6}
22:48:29.962 [raft-server-2-state] TRACE i.a.p.s.impl.DefaultServiceExecutor - PrimitiveService{2}{type=io.atomix.protocols.raft.RaftTest$TestPrimitiveType@2d95571d, name=raft-test} - Executing DefaultCommit{index=6, session=RaftSession{RaftServiceContext{server=2, type=io.atomix.protocols.raft.RaftTest$TestPrimitiveType@2d95571d, name=raft-test, id=2}, session=2, timestamp=2018-06-07 10:48:29,848}, time=2018-06-07 10:48:29,848, operation=DefaultOperationId{id=write, type=COMMAND}, value=byte[]{length=17, hash=-1644578928}}
22:48:29.962 [raft-server-2] TRACE i.a.p.raft.roles.FollowerRole - RaftServer{2}{role=FOLLOWER} - Appended Indexed{index=7, entry=CommandEntry{term=1, timestamp=2018-06-07 10:48:29,925, session=2, sequence=3, operation=PrimitiveOperation{id=DefaultOperationId{id=write, type=COMMAND}, value=byte[]{length=17, hash=-1644578928}}}}
22:48:29.962 [raft-server-2] TRACE i.a.p.raft.roles.FollowerRole - RaftServer{2}{role=FOLLOWER} - Sending AppendResponse{status=OK, term=1, succeeded=true, lastLogIndex=7}
22:48:29.962 [raft-server-1] TRACE i.a.p.raft.roles.LeaderAppender - RaftServer{1} - Received AppendResponse{status=OK, term=1, succeeded=true, lastLogIndex=7} from 2
22:48:29.962 [raft-server-1] TRACE i.a.p.raft.roles.LeaderAppender - RaftServer{1} - Committed entries up to 7
22:48:29.995 [raft-server-3] TRACE i.a.p.raft.roles.FollowerRole - RaftServer{3}{role=FOLLOWER} - Committed entries up to index 6
22:48:29.995 [raft-server-3] TRACE i.a.p.raft.roles.FollowerRole - RaftServer{3}{role=FOLLOWER} - Sending AppendResponse{status=OK, term=1, succeeded=true, lastLogIndex=7}
22:48:29.995 [raft-server-3-state] TRACE i.a.p.raft.impl.RaftServiceManager - RaftServer{3} - Applying Indexed{index=5, entry=CommandEntry{term=1, timestamp=2018-06-07 10:48:29,845, session=2, sequence=1, operation=PrimitiveOperation{id=DefaultOperationId{id=write, type=COMMAND}, value=byte[]{length=17, hash=-1644578928}}}}
22:48:29.995 [raft-server-3-state] TRACE i.a.p.r.service.RaftServiceContext - PrimitiveService{2}{type=io.atomix.protocols.raft.RaftTest$TestPrimitiveType@64a1ae5, name=raft-test} - Returning cached result for command with sequence number 1 < 2
22:48:29.995 [raft-server-3-state] TRACE i.a.p.raft.impl.RaftServiceManager - RaftServer{3} - Applying Indexed{index=6, entry=CommandEntry{term=1, timestamp=2018-06-07 10:48:29,848, session=2, sequence=2, operation=PrimitiveOperation{id=DefaultOperationId{id=write, type=COMMAND}, value=byte[]{length=17, hash=-1644578928}}}}
22:48:29.995 [raft-server-3-state] TRACE i.a.p.s.impl.DefaultServiceExecutor - PrimitiveService{2}{type=io.atomix.protocols.raft.RaftTest$TestPrimitiveType@64a1ae5, name=raft-test} - Executing DefaultCommit{index=6, session=RaftSession{RaftServiceContext{server=3, type=io.atomix.protocols.raft.RaftTest$TestPrimitiveType@64a1ae5, name=raft-test, id=2}, session=2, timestamp=2018-06-07 10:48:29,848}, time=2018-06-07 10:48:29,848, operation=DefaultOperationId{id=write, type=COMMAND}, value=byte[]{length=17, hash=-1644578928}}
22:48:30.015 [raft-server-1] TRACE i.a.p.raft.roles.LeaderAppender - RaftServer{1} - Received AppendResponse{status=OK, term=1, succeeded=true, lastLogIndex=7} from 3
22:48:30.015 [raft-server-1] TRACE i.a.p.raft.roles.LeaderAppender - RaftServer{1} - Sending AppendRequest{term=1, leader=1, prevLogIndex=7, prevLogTerm=1, entries=0, commitIndex=7} to 3
22:48:30.015 [raft-server-1] TRACE i.a.p.raft.roles.LeaderAppender - RaftServer{1} - Sending AppendRequest{term=1, leader=1, prevLogIndex=7, prevLogTerm=1, entries=0, commitIndex=7} to 2
22:48:30.015 [raft-server-3] TRACE i.a.p.raft.roles.FollowerRole - RaftServer{3}{role=FOLLOWER} - Received AppendRequest{term=1, leader=1, prevLogIndex=7, prevLogTerm=1, entries=0, commitIndex=7}
22:48:30.015 [raft-server-1-state] TRACE i.a.p.raft.impl.RaftServiceManager - RaftServer{1} - Applying Indexed{index=7, entry=CommandEntry{term=1, timestamp=2018-06-07 10:48:29,925, session=2, sequence=3, operation=PrimitiveOperation{id=DefaultOperationId{id=write, type=COMMAND}, value=byte[]{length=17, hash=-1644578928}}}}
22:48:30.015 [raft-server-1-state] TRACE i.a.p.s.impl.DefaultServiceExecutor - PrimitiveService{2}{type=io.atomix.protocols.raft.RaftTest$TestPrimitiveType@761d7cf3, name=raft-test} - Executing DefaultCommit{index=7, session=RaftSession{RaftServiceContext{server=1, type=io.atomix.protocols.raft.RaftTest$TestPrimitiveType@761d7cf3, name=raft-test, id=2}, session=2, timestamp=2018-06-07 10:48:29,925}, time=2018-06-07 10:48:29,925, operation=DefaultOperationId{id=write, type=COMMAND}, value=byte[]{length=17, hash=-1644578928}}
22:48:30.016 [raft-server-2] TRACE i.a.p.raft.roles.FollowerRole - RaftServer{2}{role=FOLLOWER} - Received AppendRequest{term=1, leader=1, prevLogIndex=7, prevLogTerm=1, entries=0, commitIndex=7}
22:48:30.016 [raft-server-1] TRACE i.a.protocols.raft.roles.LeaderRole - RaftServer{1}{role=LEADER} - Sending CommandResponse{status=OK, index=7, eventIndex=2, result=byte[]{length=2, hash=1254}}
22:48:30.016 [raft-client-bd74d86e-809c-4ed1-87a8-2ec3ff75de78-1] TRACE i.a.p.r.p.impl.RaftProxyConnection - PartitionProxy{2}{type=io.atomix.protocols.raft.RaftTest$TestPrimitiveType@35bfa1bb, name=raft-test} - Received CommandResponse{status=OK, index=7, eventIndex=2, result=byte[]{length=2, hash=1254}} from 1
22:48:30.016 [raft-client-bd74d86e-809c-4ed1-87a8-2ec3ff75de78-1] TRACE i.a.p.r.p.impl.RaftProxySequencer - PartitionProxy{2}{type=io.atomix.protocols.raft.RaftTest$TestPrimitiveType@35bfa1bb, name=raft-test} - Completing response CommandResponse{status=OK, index=7, eventIndex=2, result=byte[]{length=2, hash=1254}}
22:48:30.017 [raft-client-bd74d86e-809c-4ed1-87a8-2ec3ff75de78-4] TRACE i.a.p.r.p.impl.RaftProxyConnection - PartitionProxy{2}{type=io.atomix.protocols.raft.RaftTest$TestPrimitiveType@35bfa1bb, name=raft-test} - Sending CommandRequest{session=2, sequence=4, operation=PrimitiveOperation{id=DefaultOperationId{id=write, type=COMMAND}, value=byte[]{length=17, hash=-1644578928}}} to 1
22:48:30.017 [raft-server-1] TRACE i.a.protocols.raft.roles.LeaderRole - RaftServer{1}{role=LEADER} - Received CommandRequest{session=2, sequence=4, operation=PrimitiveOperation{id=DefaultOperationId{id=write, type=COMMAND}, value=byte[]{length=17, hash=-1644578928}}}
22:48:30.017 [raft-server-1] TRACE i.a.protocols.raft.roles.LeaderRole - RaftServer{1}{role=LEADER} - Appended Indexed{index=8, entry=CommandEntry{term=1, timestamp=2018-06-07 10:48:30,017, session=2, sequence=4, operation=PrimitiveOperation{id=DefaultOperationId{id=write, type=COMMAND}, value=byte[]{length=17, hash=-1644578928}}}}
22:48:30.045 [raft-server-3] TRACE i.a.p.raft.roles.FollowerRole - RaftServer{3}{role=FOLLOWER} - Committed entries up to index 7
22:48:30.045 [raft-server-3] TRACE i.a.p.raft.roles.FollowerRole - RaftServer{3}{role=FOLLOWER} - Sending AppendResponse{status=OK, term=1, succeeded=true, lastLogIndex=7}
22:48:30.045 [raft-server-1] TRACE i.a.p.raft.roles.LeaderAppender - RaftServer{1} - Received AppendResponse{status=OK, term=1, succeeded=true, lastLogIndex=7} from 3
22:48:30.045 [raft-server-1] TRACE i.a.p.raft.roles.LeaderAppender - RaftServer{1} - Sending AppendRequest{term=1, leader=1, prevLogIndex=7, prevLogTerm=1, entries=1, commitIndex=7} to 3
22:48:30.045 [raft-server-3-state] TRACE i.a.p.raft.impl.RaftServiceManager - RaftServer{3} - Applying Indexed{index=7, entry=CommandEntry{term=1, timestamp=2018-06-07 10:48:29,925, session=2, sequence=3, operation=PrimitiveOperation{id=DefaultOperationId{id=write, type=COMMAND}, value=byte[]{length=17, hash=-1644578928}}}}
22:48:30.045 [raft-server-3] TRACE i.a.p.raft.roles.FollowerRole - RaftServer{3}{role=FOLLOWER} - Received AppendRequest{term=1, leader=1, prevLogIndex=7, prevLogTerm=1, entries=1, commitIndex=7}
22:48:30.045 [raft-server-3-state] TRACE i.a.p.s.impl.DefaultServiceExecutor - PrimitiveService{2}{type=io.atomix.protocols.raft.RaftTest$TestPrimitiveType@64a1ae5, name=raft-test} - Executing DefaultCommit{index=7, session=RaftSession{RaftServiceContext{server=3, type=io.atomix.protocols.raft.RaftTest$TestPrimitiveType@64a1ae5, name=raft-test, id=2}, session=2, timestamp=2018-06-07 10:48:29,925}, time=2018-06-07 10:48:29,925, operation=DefaultOperationId{id=write, type=COMMAND}, value=byte[]{length=17, hash=-1644578928}}
22:48:30.046 [raft-server-3] TRACE i.a.p.raft.roles.FollowerRole - RaftServer{3}{role=FOLLOWER} - Appended Indexed{index=8, entry=CommandEntry{term=1, timestamp=2018-06-07 10:48:30,017, session=2, sequence=4, operation=PrimitiveOperation{id=DefaultOperationId{id=write, type=COMMAND}, value=byte[]{length=17, hash=-1644578928}}}}
22:48:30.046 [raft-server-3] TRACE i.a.p.raft.roles.FollowerRole - RaftServer{3}{role=FOLLOWER} - Sending AppendResponse{status=OK, term=1, succeeded=true, lastLogIndex=8}
22:48:30.046 [raft-server-1] TRACE i.a.p.raft.roles.LeaderAppender - RaftServer{1} - Received AppendResponse{status=OK, term=1, succeeded=true, lastLogIndex=8} from 3
22:48:30.046 [raft-server-1] TRACE i.a.p.raft.roles.LeaderAppender - RaftServer{1} - Committed entries up to 8
22:48:30.069 [raft-server-2] TRACE i.a.p.raft.roles.FollowerRole - RaftServer{2}{role=FOLLOWER} - Committed entries up to index 7
22:48:30.069 [raft-server-2] TRACE i.a.p.raft.roles.FollowerRole - RaftServer{2}{role=FOLLOWER} - Sending AppendResponse{status=OK, term=1, succeeded=true, lastLogIndex=7}
22:48:30.069 [raft-server-2-state] TRACE i.a.p.raft.impl.RaftServiceManager - RaftServer{2} - Applying Indexed{index=7, entry=CommandEntry{term=1, timestamp=2018-06-07 10:48:29,925, session=2, sequence=3, operation=PrimitiveOperation{id=DefaultOperationId{id=write, type=COMMAND}, value=byte[]{length=17, hash=-1644578928}}}}
22:48:30.069 [raft-server-2-state] TRACE i.a.p.s.impl.DefaultServiceExecutor - PrimitiveService{2}{type=io.atomix.protocols.raft.RaftTest$TestPrimitiveType@2d95571d, name=raft-test} - Executing DefaultCommit{index=7, session=RaftSession{RaftServiceContext{server=2, type=io.atomix.protocols.raft.RaftTest$TestPrimitiveType@2d95571d, name=raft-test, id=2}, session=2, timestamp=2018-06-07 10:48:29,925}, time=2018-06-07 10:48:29,925, operation=DefaultOperationId{id=write, type=COMMAND}, value=byte[]{length=17, hash=-1644578928}}
22:48:30.090 [raft-server-1] TRACE i.a.p.raft.roles.LeaderAppender - RaftServer{1} - Received AppendResponse{status=OK, term=1, succeeded=true, lastLogIndex=7} from 2
22:48:30.090 [raft-server-1] TRACE i.a.p.raft.roles.LeaderAppender - RaftServer{1} - Sending AppendRequest{term=1, leader=1, prevLogIndex=7, prevLogTerm=1, entries=1, commitIndex=8} to 2
22:48:30.090 [raft-server-2] TRACE i.a.p.raft.roles.FollowerRole - RaftServer{2}{role=FOLLOWER} - Received AppendRequest{term=1, leader=1, prevLogIndex=7, prevLogTerm=1, entries=1, commitIndex=8}
22:48:30.090 [raft-server-1-state] TRACE i.a.p.raft.impl.RaftServiceManager - RaftServer{1} - Applying Indexed{index=8, entry=CommandEntry{term=1, timestamp=2018-06-07 10:48:30,017, session=2, sequence=4, operation=PrimitiveOperation{id=DefaultOperationId{id=write, type=COMMAND}, value=byte[]{length=17, hash=-1644578928}}}}
22:48:30.090 [raft-server-2] TRACE i.a.p.raft.roles.FollowerRole - RaftServer{2}{role=FOLLOWER} - Appended Indexed{index=8, entry=CommandEntry{term=1, timestamp=2018-06-07 10:48:30,017, session=2, sequence=4, operation=PrimitiveOperation{id=DefaultOperationId{id=write, type=COMMAND}, value=byte[]{length=17, hash=-1644578928}}}}
22:48:30.090 [raft-server-1-state] TRACE i.a.p.s.impl.DefaultServiceExecutor - PrimitiveService{2}{type=io.atomix.protocols.raft.RaftTest$TestPrimitiveType@761d7cf3, name=raft-test} - Executing DefaultCommit{index=8, session=RaftSession{RaftServiceContext{server=1, type=io.atomix.protocols.raft.RaftTest$TestPrimitiveType@761d7cf3, name=raft-test, id=2}, session=2, timestamp=2018-06-07 10:48:30,017}, time=2018-06-07 10:48:30,017, operation=DefaultOperationId{id=write, type=COMMAND}, value=byte[]{length=17, hash=-1644578928}}
22:48:30.090 [raft-server-1-state] TRACE i.a.protocols.raft.roles.LeaderRole - RaftServer{1}{role=LEADER} - Sending CommandResponse{status=OK, index=8, eventIndex=2, result=byte[]{length=2, hash=1256}}
22:48:30.091 [raft-client-bd74d86e-809c-4ed1-87a8-2ec3ff75de78-5] TRACE i.a.p.r.p.impl.RaftProxyConnection - PartitionProxy{2}{type=io.atomix.protocols.raft.RaftTest$TestPrimitiveType@35bfa1bb, name=raft-test} - Received CommandResponse{status=OK, index=8, eventIndex=2, result=byte[]{length=2, hash=1256}} from 1
22:48:30.091 [raft-client-bd74d86e-809c-4ed1-87a8-2ec3ff75de78-5] TRACE i.a.p.r.p.impl.RaftProxySequencer - PartitionProxy{2}{type=io.atomix.protocols.raft.RaftTest$TestPrimitiveType@35bfa1bb, name=raft-test} - Completing response CommandResponse{status=OK, index=8, eventIndex=2, result=byte[]{length=2, hash=1256}}
22:48:30.091 [raft-client-bd74d86e-809c-4ed1-87a8-2ec3ff75de78-7] TRACE i.a.p.r.p.impl.RaftProxyConnection - PartitionProxy{2}{type=io.atomix.protocols.raft.RaftTest$TestPrimitiveType@35bfa1bb, name=raft-test} - Sending CommandRequest{session=2, sequence=5, operation=PrimitiveOperation{id=DefaultOperationId{id=write, type=COMMAND}, value=byte[]{length=17, hash=-1644578928}}} to 1
22:48:30.091 [raft-server-1] TRACE i.a.protocols.raft.roles.LeaderRole - RaftServer{1}{role=LEADER} - Received CommandRequest{session=2, sequence=5, operation=PrimitiveOperation{id=DefaultOperationId{id=write, type=COMMAND}, value=byte[]{length=17, hash=-1644578928}}}
22:48:30.091 [raft-server-1] TRACE i.a.protocols.raft.roles.LeaderRole - RaftServer{1}{role=LEADER} - Appended Indexed{index=9, entry=CommandEntry{term=1, timestamp=2018-06-07 10:48:30,091, session=2, sequence=5, operation=PrimitiveOperation{id=DefaultOperationId{id=write, type=COMMAND}, value=byte[]{length=17, hash=-1644578928}}}}
22:48:30.091 [raft-server-1] TRACE i.a.p.raft.roles.LeaderAppender - RaftServer{1} - Sending AppendRequest{term=1, leader=1, prevLogIndex=8, prevLogTerm=1, entries=1, commitIndex=8} to 3
22:48:30.092 [raft-server-3] TRACE i.a.p.raft.roles.FollowerRole - RaftServer{3}{role=FOLLOWER} - Received AppendRequest{term=1, leader=1, prevLogIndex=8, prevLogTerm=1, entries=1, commitIndex=8}
22:48:30.092 [raft-server-3] TRACE i.a.p.raft.roles.FollowerRole - RaftServer{3}{role=FOLLOWER} - Appended Indexed{index=9, entry=CommandEntry{term=1, timestamp=2018-06-07 10:48:30,091, session=2, sequence=5, operation=PrimitiveOperation{id=DefaultOperationId{id=write, type=COMMAND}, value=byte[]{length=17, hash=-1644578928}}}}
22:48:30.128 [raft-server-2] TRACE i.a.p.raft.roles.FollowerRole - RaftServer{2}{role=FOLLOWER} - Committed entries up to index 8
22:48:30.128 [raft-server-2] TRACE i.a.p.raft.roles.FollowerRole - RaftServer{2}{role=FOLLOWER} - Sending AppendResponse{status=OK, term=1, succeeded=true, lastLogIndex=8}
22:48:30.128 [raft-server-2-state] TRACE i.a.p.raft.impl.RaftServiceManager - RaftServer{2} - Applying Indexed{index=8, entry=CommandEntry{term=1, timestamp=2018-06-07 10:48:30,017, session=2, sequence=4, operation=PrimitiveOperation{id=DefaultOperationId{id=write, type=COMMAND}, value=byte[]{length=17, hash=-1644578928}}}}
22:48:30.128 [raft-server-1] TRACE i.a.p.raft.roles.LeaderAppender - RaftServer{1} - Received AppendResponse{status=OK, term=1, succeeded=true, lastLogIndex=8} from 2
22:48:30.128 [raft-server-2-state] TRACE i.a.p.s.impl.DefaultServiceExecutor - PrimitiveService{2}{type=io.atomix.protocols.raft.RaftTest$TestPrimitiveType@2d95571d, name=raft-test} - Executing DefaultCommit{index=8, session=RaftSession{RaftServiceContext{server=2, type=io.atomix.protocols.raft.RaftTest$TestPrimitiveType@2d95571d, name=raft-test, id=2}, session=2, timestamp=2018-06-07 10:48:30,017}, time=2018-06-07 10:48:30,017, operation=DefaultOperationId{id=write, type=COMMAND}, value=byte[]{length=17, hash=-1644578928}}
22:48:30.128 [raft-server-1] TRACE i.a.p.raft.roles.LeaderAppender - RaftServer{1} - Sending AppendRequest{term=1, leader=1, prevLogIndex=8, prevLogTerm=1, entries=1, commitIndex=8} to 2
22:48:30.129 [raft-server-2] TRACE i.a.p.raft.roles.FollowerRole - RaftServer{2}{role=FOLLOWER} - Received AppendRequest{term=1, leader=1, prevLogIndex=8, prevLogTerm=1, entries=1, commitIndex=8}
22:48:30.129 [raft-server-2] TRACE i.a.p.raft.roles.FollowerRole - RaftServer{2}{role=FOLLOWER} - Appended Indexed{index=9, entry=CommandEntry{term=1, timestamp=2018-06-07 10:48:30,091, session=2, sequence=5, operation=PrimitiveOperation{id=DefaultOperationId{id=write, type=COMMAND}, value=byte[]{length=17, hash=-1644578928}}}}
22:48:30.129 [raft-server-2] TRACE i.a.p.raft.roles.FollowerRole - RaftServer{2}{role=FOLLOWER} - Sending AppendResponse{status=OK, term=1, succeeded=true, lastLogIndex=9}
22:48:30.129 [raft-server-1] TRACE i.a.p.raft.roles.LeaderAppender - RaftServer{1} - Received AppendResponse{status=OK, term=1, succeeded=true, lastLogIndex=9} from 2
22:48:30.129 [raft-server-1] TRACE i.a.p.raft.roles.LeaderAppender - RaftServer{1} - Committed entries up to 9
22:48:30.161 [raft-server-3] TRACE i.a.p.raft.roles.FollowerRole - RaftServer{3}{role=FOLLOWER} - Committed entries up to index 8
22:48:30.162 [raft-server-3] TRACE i.a.p.raft.roles.FollowerRole - RaftServer{3}{role=FOLLOWER} - Sending AppendResponse{status=OK, term=1, succeeded=true, lastLogIndex=9}
22:48:30.162 [raft-server-3-state] TRACE i.a.p.raft.impl.RaftServiceManager - RaftServer{3} - Applying Indexed{index=8, entry=CommandEntry{term=1, timestamp=2018-06-07 10:48:30,017, session=2, sequence=4, operation=PrimitiveOperation{id=DefaultOperationId{id=write, type=COMMAND}, value=byte[]{length=17, hash=-1644578928}}}}
22:48:30.162 [raft-server-3-state] TRACE i.a.p.s.impl.DefaultServiceExecutor - PrimitiveService{2}{type=io.atomix.protocols.raft.RaftTest$TestPrimitiveType@64a1ae5, name=raft-test} - Executing DefaultCommit{index=8, session=RaftSession{RaftServiceContext{server=3, type=io.atomix.protocols.raft.RaftTest$TestPrimitiveType@64a1ae5, name=raft-test, id=2}, session=2, timestamp=2018-06-07 10:48:30,017}, time=2018-06-07 10:48:30,017, operation=DefaultOperationId{id=write, type=COMMAND}, value=byte[]{length=17, hash=-1644578928}}
22:48:30.187 [raft-server-1] TRACE i.a.p.raft.roles.LeaderAppender - RaftServer{1} - Received AppendResponse{status=OK, term=1, succeeded=true, lastLogIndex=9} from 3
22:48:30.187 [raft-server-1-state] TRACE i.a.p.raft.impl.RaftServiceManager - RaftServer{1} - Applying Indexed{index=9, entry=CommandEntry{term=1, timestamp=2018-06-07 10:48:30,091, session=2, sequence=5, operation=PrimitiveOperation{id=DefaultOperationId{id=write, type=COMMAND}, value=byte[]{length=17, hash=-1644578928}}}}
22:48:30.187 [raft-server-1-state] TRACE i.a.p.s.impl.DefaultServiceExecutor - PrimitiveService{2}{type=io.atomix.protocols.raft.RaftTest$TestPrimitiveType@761d7cf3, name=raft-test} - Executing DefaultCommit{index=9, session=RaftSession{RaftServiceContext{server=1, type=io.atomix.protocols.raft.RaftTest$TestPrimitiveType@761d7cf3, name=raft-test, id=2}, session=2, timestamp=2018-06-07 10:48:30,091}, time=2018-06-07 10:48:30,091, operation=DefaultOperationId{id=write, type=COMMAND}, value=byte[]{length=17, hash=-1644578928}}
22:48:30.187 [raft-server-1-state] TRACE i.a.protocols.raft.roles.LeaderRole - RaftServer{1}{role=LEADER} - Sending CommandResponse{status=OK, index=9, eventIndex=2, result=byte[]{length=2, hash=1258}}
22:48:30.187 [raft-client-bd74d86e-809c-4ed1-87a8-2ec3ff75de78-1] TRACE i.a.p.r.p.impl.RaftProxyConnection - PartitionProxy{2}{type=io.atomix.protocols.raft.RaftTest$TestPrimitiveType@35bfa1bb, name=raft-test} - Received CommandResponse{status=OK, index=9, eventIndex=2, result=byte[]{length=2, hash=1258}} from 1
22:48:30.187 [raft-client-bd74d86e-809c-4ed1-87a8-2ec3ff75de78-1] TRACE i.a.p.r.p.impl.RaftProxySequencer - PartitionProxy{2}{type=io.atomix.protocols.raft.RaftTest$TestPrimitiveType@35bfa1bb, name=raft-test} - Completing response CommandResponse{status=OK, index=9, eventIndex=2, result=byte[]{length=2, hash=1258}}
22:48:30.188 [raft-client-bd74d86e-809c-4ed1-87a8-2ec3ff75de78-1] TRACE i.a.p.r.p.impl.RaftProxyConnection - PartitionProxy{2}{type=io.atomix.protocols.raft.RaftTest$TestPrimitiveType@35bfa1bb, name=raft-test} - Sending CommandRequest{session=2, sequence=6, operation=PrimitiveOperation{id=DefaultOperationId{id=write, type=COMMAND}, value=byte[]{length=17, hash=-1644578928}}} to 1
22:48:30.188 [raft-server-1] TRACE i.a.protocols.raft.roles.LeaderRole - RaftServer{1}{role=LEADER} - Received CommandRequest{session=2, sequence=6, operation=PrimitiveOperation{id=DefaultOperationId{id=write, type=COMMAND}, value=byte[]{length=17, hash=-1644578928}}}
22:48:30.188 [raft-server-1] TRACE i.a.protocols.raft.roles.LeaderRole - RaftServer{1}{role=LEADER} - Appended Indexed{index=10, entry=CommandEntry{term=1, timestamp=2018-06-07 10:48:30,188, session=2, sequence=6, operation=PrimitiveOperation{id=DefaultOperationId{id=write, type=COMMAND}, value=byte[]{length=17, hash=-1644578928}}}}
22:48:30.188 [raft-server-1] TRACE i.a.p.raft.roles.LeaderAppender - RaftServer{1} - Sending AppendRequest{term=1, leader=1, prevLogIndex=9, prevLogTerm=1, entries=1, commitIndex=9} to 3
22:48:30.188 [raft-server-1] TRACE i.a.p.raft.roles.LeaderAppender - RaftServer{1} - Sending AppendRequest{term=1, leader=1, prevLogIndex=9, prevLogTerm=1, entries=1, commitIndex=9} to 2
22:48:30.188 [raft-server-3] TRACE i.a.p.raft.roles.FollowerRole - RaftServer{3}{role=FOLLOWER} - Received AppendRequest{term=1, leader=1, prevLogIndex=9, prevLogTerm=1, entries=1, commitIndex=9}
22:48:30.188 [raft-server-2] TRACE i.a.p.raft.roles.FollowerRole - RaftServer{2}{role=FOLLOWER} - Received AppendRequest{term=1, leader=1, prevLogIndex=9, prevLogTerm=1, entries=1, commitIndex=9}
22:48:30.188 [raft-server-3] TRACE i.a.p.raft.roles.FollowerRole - RaftServer{3}{role=FOLLOWER} - Appended Indexed{index=10, entry=CommandEntry{term=1, timestamp=2018-06-07 10:48:30,188, session=2, sequence=6, operation=PrimitiveOperation{id=DefaultOperationId{id=write, type=COMMAND}, value=byte[]{length=17, hash=-1644578928}}}}
22:48:30.189 [raft-server-2] TRACE i.a.p.raft.roles.FollowerRole - RaftServer{2}{role=FOLLOWER} - Appended Indexed{index=10, entry=CommandEntry{term=1, timestamp=2018-06-07 10:48:30,188, session=2, sequence=6, operation=PrimitiveOperation{id=DefaultOperationId{id=write, type=COMMAND}, value=byte[]{length=17, hash=-1644578928}}}}
22:48:30.265 [raft-server-3] TRACE i.a.p.raft.roles.FollowerRole - RaftServer{3}{role=FOLLOWER} - Committed entries up to index 9
22:48:30.265 [raft-server-3] TRACE i.a.p.raft.roles.FollowerRole - RaftServer{3}{role=FOLLOWER} - Sending AppendResponse{status=OK, term=1, succeeded=true, lastLogIndex=10}
22:48:30.265 [raft-server-2] TRACE i.a.p.raft.roles.FollowerRole - RaftServer{2}{role=FOLLOWER} - Committed entries up to index 9
22:48:30.265 [raft-server-2] TRACE i.a.p.raft.roles.FollowerRole - RaftServer{2}{role=FOLLOWER} - Sending AppendResponse{status=OK, term=1, succeeded=true, lastLogIndex=10}
22:48:30.265 [raft-server-1] TRACE i.a.p.raft.roles.LeaderAppender - RaftServer{1} - Received AppendResponse{status=OK, term=1, succeeded=true, lastLogIndex=10} from 3
22:48:30.265 [raft-server-3-state] TRACE i.a.p.raft.impl.RaftServiceManager - RaftServer{3} - Applying Indexed{index=9, entry=CommandEntry{term=1, timestamp=2018-06-07 10:48:30,091, session=2, sequence=5, operation=PrimitiveOperation{id=DefaultOperationId{id=write, type=COMMAND}, value=byte[]{length=17, hash=-1644578928}}}}
22:48:30.265 [raft-server-1] TRACE i.a.p.raft.roles.LeaderAppender - RaftServer{1} - Committed entries up to 10
22:48:30.265 [raft-server-2-state] TRACE i.a.p.raft.impl.RaftServiceManager - RaftServer{2} - Applying Indexed{index=9, entry=CommandEntry{term=1, timestamp=2018-06-07 10:48:30,091, session=2, sequence=5, operation=PrimitiveOperation{id=DefaultOperationId{id=write, type=COMMAND}, value=byte[]{length=17, hash=-1644578928}}}}
22:48:30.265 [raft-server-3-state] TRACE i.a.p.s.impl.DefaultServiceExecutor - PrimitiveService{2}{type=io.atomix.protocols.raft.RaftTest$TestPrimitiveType@64a1ae5, name=raft-test} - Executing DefaultCommit{index=9, session=RaftSession{RaftServiceContext{server=3, type=io.atomix.protocols.raft.RaftTest$TestPrimitiveType@64a1ae5, name=raft-test, id=2}, session=2, timestamp=2018-06-07 10:48:30,091}, time=2018-06-07 10:48:30,091, operation=DefaultOperationId{id=write, type=COMMAND}, value=byte[]{length=17, hash=-1644578928}}
22:48:30.265 [raft-server-2-state] TRACE i.a.p.s.impl.DefaultServiceExecutor - PrimitiveService{2}{type=io.atomix.protocols.raft.RaftTest$TestPrimitiveType@2d95571d, name=raft-test} - Executing DefaultCommit{index=9, session=RaftSession{RaftServiceContext{server=2, type=io.atomix.protocols.raft.RaftTest$TestPrimitiveType@2d95571d, name=raft-test, id=2}, session=2, timestamp=2018-06-07 10:48:30,091}, time=2018-06-07 10:48:30,091, operation=DefaultOperationId{id=write, type=COMMAND}, value=byte[]{length=17, hash=-1644578928}}
22:48:30.328 [raft-server-1] TRACE i.a.p.raft.roles.LeaderAppender - RaftServer{1} - Sending AppendRequest{term=1, leader=1, prevLogIndex=10, prevLogTerm=1, entries=0, commitIndex=10} to 3
22:48:30.328 [raft-server-1] TRACE i.a.p.raft.roles.LeaderAppender - RaftServer{1} - Received AppendResponse{status=OK, term=1, succeeded=true, lastLogIndex=10} from 2
22:48:30.328 [raft-server-1] TRACE i.a.p.raft.roles.LeaderAppender - RaftServer{1} - Sending AppendRequest{term=1, leader=1, prevLogIndex=10, prevLogTerm=1, entries=0, commitIndex=10} to 2
22:48:30.328 [raft-server-3] TRACE i.a.p.raft.roles.FollowerRole - RaftServer{3}{role=FOLLOWER} - Received AppendRequest{term=1, leader=1, prevLogIndex=10, prevLogTerm=1, entries=0, commitIndex=10}
22:48:30.328 [raft-server-2] TRACE i.a.p.raft.roles.FollowerRole - RaftServer{2}{role=FOLLOWER} - Received AppendRequest{term=1, leader=1, prevLogIndex=10, prevLogTerm=1, entries=0, commitIndex=10}
22:48:30.329 [raft-server-1-state] TRACE i.a.p.raft.impl.RaftServiceManager - RaftServer{1} - Applying Indexed{index=10, entry=CommandEntry{term=1, timestamp=2018-06-07 10:48:30,188, session=2, sequence=6, operation=PrimitiveOperation{id=DefaultOperationId{id=write, type=COMMAND}, value=byte[]{length=17, hash=-1644578928}}}}
22:48:30.329 [raft-server-1-state] TRACE i.a.p.s.impl.DefaultServiceExecutor - PrimitiveService{2}{type=io.atomix.protocols.raft.RaftTest$TestPrimitiveType@761d7cf3, name=raft-test} - Executing DefaultCommit{index=10, session=RaftSession{RaftServiceContext{server=1, type=io.atomix.protocols.raft.RaftTest$TestPrimitiveType@761d7cf3, name=raft-test, id=2}, session=2, timestamp=2018-06-07 10:48:30,188}, time=2018-06-07 10:48:30,188, operation=DefaultOperationId{id=write, type=COMMAND}, value=byte[]{length=17, hash=-1644578928}}
22:48:30.329 [raft-server-1-state] TRACE i.a.protocols.raft.roles.LeaderRole - RaftServer{1}{role=LEADER} - Sending CommandResponse{status=OK, index=10, eventIndex=2, result=byte[]{length=2, hash=1260}}
22:48:30.329 [raft-client-bd74d86e-809c-4ed1-87a8-2ec3ff75de78-5] TRACE i.a.p.r.p.impl.RaftProxyConnection - PartitionProxy{2}{type=io.atomix.protocols.raft.RaftTest$TestPrimitiveType@35bfa1bb, name=raft-test} - Received CommandResponse{status=OK, index=10, eventIndex=2, result=byte[]{length=2, hash=1260}} from 1
22:48:30.329 [raft-client-bd74d86e-809c-4ed1-87a8-2ec3ff75de78-5] TRACE i.a.p.r.p.impl.RaftProxySequencer - PartitionProxy{2}{type=io.atomix.protocols.raft.RaftTest$TestPrimitiveType@35bfa1bb, name=raft-test} - Completing response CommandResponse{status=OK, index=10, eventIndex=2, result=byte[]{length=2, hash=1260}}
22:48:30.329 [raft-client-bd74d86e-809c-4ed1-87a8-2ec3ff75de78-5] TRACE i.a.p.r.p.impl.RaftProxyConnection - PartitionProxy{2}{type=io.atomix.protocols.raft.RaftTest$TestPrimitiveType@35bfa1bb, name=raft-test} - Sending CommandRequest{session=2, sequence=7, operation=PrimitiveOperation{id=DefaultOperationId{id=write, type=COMMAND}, value=byte[]{length=17, hash=-1644578928}}} to 1
22:48:30.329 [raft-server-1] TRACE i.a.protocols.raft.roles.LeaderRole - RaftServer{1}{role=LEADER} - Received CommandRequest{session=2, sequence=7, operation=PrimitiveOperation{id=DefaultOperationId{id=write, type=COMMAND}, value=byte[]{length=17, hash=-1644578928}}}
22:48:30.348 [raft-server-3] TRACE i.a.p.raft.roles.FollowerRole - RaftServer{3}{role=FOLLOWER} - Committed entries up to index 10
22:48:30.348 [raft-server-3] TRACE i.a.p.raft.roles.FollowerRole - RaftServer{3}{role=FOLLOWER} - Sending AppendResponse{status=OK, term=1, succeeded=true, lastLogIndex=10}
22:48:30.348 [raft-server-2] TRACE i.a.p.raft.roles.FollowerRole - RaftServer{2}{role=FOLLOWER} - Committed entries up to index 10
22:48:30.348 [raft-server-2] TRACE i.a.p.raft.roles.FollowerRole - RaftServer{2}{role=FOLLOWER} - Sending AppendResponse{status=OK, term=1, succeeded=true, lastLogIndex=10}
22:48:30.348 [raft-server-3-state] TRACE i.a.p.raft.impl.RaftServiceManager - RaftServer{3} - Applying Indexed{index=10, entry=CommandEntry{term=1, timestamp=2018-06-07 10:48:30,188, session=2, sequence=6, operation=PrimitiveOperation{id=DefaultOperationId{id=write, type=COMMAND}, value=byte[]{length=17, hash=-1644578928}}}}
22:48:30.348 [raft-server-3-state] TRACE i.a.p.s.impl.DefaultServiceExecutor - PrimitiveService{2}{type=io.atomix.protocols.raft.RaftTest$TestPrimitiveType@64a1ae5, name=raft-test} - Executing DefaultCommit{index=10, session=RaftSession{RaftServiceContext{server=3, type=io.atomix.protocols.raft.RaftTest$TestPrimitiveType@64a1ae5, name=raft-test, id=2}, session=2, timestamp=2018-06-07 10:48:30,188}, time=2018-06-07 10:48:30,188, operation=DefaultOperationId{id=write, type=COMMAND}, value=byte[]{length=17, hash=-1644578928}}
22:48:30.349 [raft-server-2-state] TRACE i.a.p.raft.impl.RaftServiceManager - RaftServer{2} - Applying Indexed{index=10, entry=CommandEntry{term=1, timestamp=2018-06-07 10:48:30,188, session=2, sequence=6, operation=PrimitiveOperation{id=DefaultOperationId{id=write, type=COMMAND}, value=byte[]{length=17, hash=-1644578928}}}}
22:48:30.349 [raft-server-2-state] TRACE i.a.p.s.impl.DefaultServiceExecutor - PrimitiveService{2}{type=io.atomix.protocols.raft.RaftTest$TestPrimitiveType@2d95571d, name=raft-test} - Executing DefaultCommit{index=10, session=RaftSession{RaftServiceContext{server=2, type=io.atomix.protocols.raft.RaftTest$TestPrimitiveType@2d95571d, name=raft-test, id=2}, session=2, timestamp=2018-06-07 10:48:30,188}, time=2018-06-07 10:48:30,188, operation=DefaultOperationId{id=write, type=COMMAND}, value=byte[]{length=17, hash=-1644578928}}
22:48:30.398 [raft-server-1] DEBUG i.a.storage.journal.SegmentedJournal - Created disk segment: JournalSegment{id=2, version=1, index=11, size=64}
22:48:30.398 [raft-server-1] TRACE i.a.protocols.raft.roles.LeaderRole - RaftServer{1}{role=LEADER} - Appended Indexed{index=11, entry=CommandEntry{term=1, timestamp=2018-06-07 10:48:30,330, session=2, sequence=7, operation=PrimitiveOperation{id=DefaultOperationId{id=write, type=COMMAND}, value=byte[]{length=17, hash=-1644578928}}}}
22:48:30.398 [raft-server-1] TRACE i.a.p.raft.roles.LeaderAppender - RaftServer{1} - Received AppendResponse{status=OK, term=1, succeeded=true, lastLogIndex=10} from 3
22:48:30.399 [raft-server-1] TRACE i.a.p.raft.roles.LeaderAppender - RaftServer{1} - Sending AppendRequest{term=1, leader=1, prevLogIndex=10, prevLogTerm=1, entries=1, commitIndex=10} to 3
22:48:30.399 [raft-server-3] TRACE i.a.p.raft.roles.FollowerRole - RaftServer{3}{role=FOLLOWER} - Received AppendRequest{term=1, leader=1, prevLogIndex=10, prevLogTerm=1, entries=1, commitIndex=10}
22:48:30.399 [raft-server-1] TRACE i.a.p.raft.roles.LeaderAppender - RaftServer{1} - Received AppendResponse{status=OK, term=1, succeeded=true, lastLogIndex=10} from 2
22:48:30.399 [raft-server-1] TRACE i.a.p.raft.roles.LeaderAppender - RaftServer{1} - Sending AppendRequest{term=1, leader=1, prevLogIndex=10, prevLogTerm=1, entries=1, commitIndex=10} to 2
22:48:30.399 [raft-server-2] TRACE i.a.p.raft.roles.FollowerRole - RaftServer{2}{role=FOLLOWER} - Received AppendRequest{term=1, leader=1, prevLogIndex=10, prevLogTerm=1, entries=1, commitIndex=10}
22:48:30.637 [raft-server-3] DEBUG i.a.storage.journal.SegmentedJournal - Created disk segment: JournalSegment{id=2, version=1, index=11, size=64}
22:48:30.638 [raft-server-3] TRACE i.a.p.raft.roles.FollowerRole - RaftServer{3}{role=FOLLOWER} - Appended Indexed{index=11, entry=CommandEntry{term=1, timestamp=2018-06-07 10:48:30,330, session=2, sequence=7, operation=PrimitiveOperation{id=DefaultOperationId{id=write, type=COMMAND}, value=byte[]{length=17, hash=-1644578928}}}}
22:48:30.638 [raft-server-3] TRACE i.a.p.raft.roles.FollowerRole - RaftServer{3}{role=FOLLOWER} - Sending AppendResponse{status=OK, term=1, succeeded=true, lastLogIndex=11}
22:48:30.638 [raft-server-1] TRACE i.a.p.raft.roles.LeaderAppender - RaftServer{1} - Received AppendResponse{status=OK, term=1, succeeded=true, lastLogIndex=11} from 3
22:48:30.638 [raft-server-1] TRACE i.a.p.raft.roles.LeaderAppender - RaftServer{1} - Committed entries up to 11
22:48:30.757 [raft-server-2] DEBUG i.a.storage.journal.SegmentedJournal - Created disk segment: JournalSegment{id=2, version=1, index=11, size=64}
22:48:30.757 [raft-server-2] TRACE i.a.p.raft.roles.FollowerRole - RaftServer{2}{role=FOLLOWER} - Appended Indexed{index=11, entry=CommandEntry{term=1, timestamp=2018-06-07 10:48:30,330, session=2, sequence=7, operation=PrimitiveOperation{id=DefaultOperationId{id=write, type=COMMAND}, value=byte[]{length=17, hash=-1644578928}}}}
22:48:30.757 [raft-server-2] TRACE i.a.p.raft.roles.FollowerRole - RaftServer{2}{role=FOLLOWER} - Sending AppendResponse{status=OK, term=1, succeeded=true, lastLogIndex=11}
22:48:30.896 [raft-server-1] TRACE i.a.p.raft.roles.LeaderAppender - RaftServer{1} - Sending AppendRequest{term=1, leader=1, prevLogIndex=11, prevLogTerm=1, entries=0, commitIndex=11} to 3
22:48:30.896 [raft-server-3] TRACE i.a.p.raft.roles.FollowerRole - RaftServer{3}{role=FOLLOWER} - Received AppendRequest{term=1, leader=1, prevLogIndex=11, prevLogTerm=1, entries=0, commitIndex=11}
22:48:30.896 [raft-server-1] TRACE i.a.p.raft.roles.LeaderAppender - RaftServer{1} - Received AppendResponse{status=OK, term=1, succeeded=true, lastLogIndex=11} from 2
22:48:30.896 [raft-server-1] TRACE i.a.p.raft.roles.LeaderAppender - RaftServer{1} - Sending AppendRequest{term=1, leader=1, prevLogIndex=11, prevLogTerm=1, entries=0, commitIndex=11} to 2
22:48:30.896 [raft-server-2] TRACE i.a.p.raft.roles.FollowerRole - RaftServer{2}{role=FOLLOWER} - Received AppendRequest{term=1, leader=1, prevLogIndex=11, prevLogTerm=1, entries=0, commitIndex=11}
22:48:30.896 [raft-server-1-state] TRACE i.a.p.raft.impl.RaftServiceManager - RaftServer{1} - Applying Indexed{index=11, entry=CommandEntry{term=1, timestamp=2018-06-07 10:48:30,330, session=2, sequence=7, operation=PrimitiveOperation{id=DefaultOperationId{id=write, type=COMMAND}, value=byte[]{length=17, hash=-1644578928}}}}
22:48:30.896 [raft-server-1-state] TRACE i.a.p.s.impl.DefaultServiceExecutor - PrimitiveService{2}{type=io.atomix.protocols.raft.RaftTest$TestPrimitiveType@761d7cf3, name=raft-test} - Executing DefaultCommit{index=11, session=RaftSession{RaftServiceContext{server=1, type=io.atomix.protocols.raft.RaftTest$TestPrimitiveType@761d7cf3, name=raft-test, id=2}, session=2, timestamp=2018-06-07 10:48:30,330}, time=2018-06-07 10:48:30,330, operation=DefaultOperationId{id=write, type=COMMAND}, value=byte[]{length=17, hash=-1644578928}}
22:48:30.897 [raft-server-1-state] TRACE i.a.protocols.raft.roles.LeaderRole - RaftServer{1}{role=LEADER} - Sending CommandResponse{status=OK, index=11, eventIndex=2, result=byte[]{length=2, hash=1262}}
22:48:30.897 [raft-client-bd74d86e-809c-4ed1-87a8-2ec3ff75de78-0] TRACE i.a.p.r.p.impl.RaftProxyConnection - PartitionProxy{2}{type=io.atomix.protocols.raft.RaftTest$TestPrimitiveType@35bfa1bb, name=raft-test} - Received CommandResponse{status=OK, index=11, eventIndex=2, result=byte[]{length=2, hash=1262}} from 1
22:48:30.897 [raft-client-bd74d86e-809c-4ed1-87a8-2ec3ff75de78-0] TRACE i.a.p.r.p.impl.RaftProxySequencer - PartitionProxy{2}{type=io.atomix.protocols.raft.RaftTest$TestPrimitiveType@35bfa1bb, name=raft-test} - Completing response CommandResponse{status=OK, index=11, eventIndex=2, result=byte[]{length=2, hash=1262}}
22:48:30.898 [raft-client-bd74d86e-809c-4ed1-87a8-2ec3ff75de78-0] TRACE i.a.p.r.p.impl.RaftProxyConnection - PartitionProxy{2}{type=io.atomix.protocols.raft.RaftTest$TestPrimitiveType@35bfa1bb, name=raft-test} - Sending CommandRequest{session=2, sequence=8, operation=PrimitiveOperation{id=DefaultOperationId{id=write, type=COMMAND}, value=byte[]{length=17, hash=-1644578928}}} to 1
22:48:30.898 [raft-server-1] TRACE i.a.protocols.raft.roles.LeaderRole - RaftServer{1}{role=LEADER} - Received CommandRequest{session=2, sequence=8, operation=PrimitiveOperation{id=DefaultOperationId{id=write, type=COMMAND}, value=byte[]{length=17, hash=-1644578928}}}
22:48:30.898 [raft-server-1] TRACE i.a.protocols.raft.roles.LeaderRole - RaftServer{1}{role=LEADER} - Appended Indexed{index=12, entry=CommandEntry{term=1, timestamp=2018-06-07 10:48:30,898, session=2, sequence=8, operation=PrimitiveOperation{id=DefaultOperationId{id=write, type=COMMAND}, value=byte[]{length=17, hash=-1644578928}}}}
22:48:30.997 [raft-server-1] TRACE i.a.p.raft.roles.LeaderAppender - RaftServer{1} - Sending AppendRequest{term=1, leader=1, prevLogIndex=11, prevLogTerm=1, entries=1, commitIndex=11} to 3
22:48:30.997 [raft-server-1] TRACE i.a.p.raft.roles.LeaderAppender - RaftServer{1} - Sending AppendRequest{term=1, leader=1, prevLogIndex=11, prevLogTerm=1, entries=1, commitIndex=11} to 2
22:48:31.015 [raft-server-3] TRACE i.a.p.raft.roles.FollowerRole - RaftServer{3}{role=FOLLOWER} - Committed entries up to index 11
22:48:31.015 [raft-server-2] TRACE i.a.p.raft.roles.FollowerRole - RaftServer{2}{role=FOLLOWER} - Committed entries up to index 11
22:48:31.015 [raft-server-3] TRACE i.a.p.raft.roles.FollowerRole - RaftServer{3}{role=FOLLOWER} - Sending AppendResponse{status=OK, term=1, succeeded=true, lastLogIndex=11}
22:48:31.015 [raft-server-2] TRACE i.a.p.raft.roles.FollowerRole - RaftServer{2}{role=FOLLOWER} - Sending AppendResponse{status=OK, term=1, succeeded=true, lastLogIndex=11}
22:48:31.015 [raft-server-3] TRACE i.a.p.raft.roles.FollowerRole - RaftServer{3}{role=FOLLOWER} - Received AppendRequest{term=1, leader=1, prevLogIndex=11, prevLogTerm=1, entries=1, commitIndex=11}
22:48:31.015 [raft-server-1] TRACE i.a.p.raft.roles.LeaderAppender - RaftServer{1} - Received AppendResponse{status=OK, term=1, succeeded=true, lastLogIndex=11} from 3
22:48:31.015 [raft-server-2] TRACE i.a.p.raft.roles.FollowerRole - RaftServer{2}{role=FOLLOWER} - Received AppendRequest{term=1, leader=1, prevLogIndex=11, prevLogTerm=1, entries=1, commitIndex=11}
22:48:31.015 [raft-server-1] TRACE i.a.p.raft.roles.LeaderAppender - RaftServer{1} - Received AppendResponse{status=OK, term=1, succeeded=true, lastLogIndex=11} from 2
22:48:31.015 [raft-server-3] TRACE i.a.p.raft.roles.FollowerRole - RaftServer{3}{role=FOLLOWER} - Appended Indexed{index=12, entry=CommandEntry{term=1, timestamp=2018-06-07 10:48:30,898, session=2, sequence=8, operation=PrimitiveOperation{id=DefaultOperationId{id=write, type=COMMAND}, value=byte[]{length=17, hash=-1644578928}}}}
22:48:31.015 [raft-server-3] TRACE i.a.p.raft.roles.FollowerRole - RaftServer{3}{role=FOLLOWER} - Sending AppendResponse{status=OK, term=1, succeeded=true, lastLogIndex=12}
22:48:31.015 [raft-server-2] TRACE i.a.p.raft.roles.FollowerRole - RaftServer{2}{role=FOLLOWER} - Appended Indexed{index=12, entry=CommandEntry{term=1, timestamp=2018-06-07 10:48:30,898, session=2, sequence=8, operation=PrimitiveOperation{id=DefaultOperationId{id=write, type=COMMAND}, value=byte[]{length=17, hash=-1644578928}}}}
22:48:31.016 [raft-server-2] TRACE i.a.p.raft.roles.FollowerRole - RaftServer{2}{role=FOLLOWER} - Sending AppendResponse{status=OK, term=1, succeeded=true, lastLogIndex=12}
22:48:31.016 [raft-server-1] TRACE i.a.p.raft.roles.LeaderAppender - RaftServer{1} - Received AppendResponse{status=OK, term=1, succeeded=true, lastLogIndex=12} from 3
22:48:31.016 [raft-server-3-state] TRACE i.a.p.raft.impl.RaftServiceManager - RaftServer{3} - Applying Indexed{index=11, entry=CommandEntry{term=1, timestamp=2018-06-07 10:48:30,330, session=2, sequence=7, operation=PrimitiveOperation{id=DefaultOperationId{id=write, type=COMMAND}, value=byte[]{length=17, hash=-1644578928}}}}
22:48:31.016 [raft-server-1] TRACE i.a.p.raft.roles.LeaderAppender - RaftServer{1} - Committed entries up to 12
22:48:31.016 [raft-server-2-state] TRACE i.a.p.raft.impl.RaftServiceManager - RaftServer{2} - Applying Indexed{index=11, entry=CommandEntry{term=1, timestamp=2018-06-07 10:48:30,330, session=2, sequence=7, operation=PrimitiveOperation{id=DefaultOperationId{id=write, type=COMMAND}, value=byte[]{length=17, hash=-1644578928}}}}
22:48:31.016 [raft-server-3-state] TRACE i.a.p.s.impl.DefaultServiceExecutor - PrimitiveService{2}{type=io.atomix.protocols.raft.RaftTest$TestPrimitiveType@64a1ae5, name=raft-test} - Executing DefaultCommit{index=11, session=RaftSession{RaftServiceContext{server=3, type=io.atomix.protocols.raft.RaftTest$TestPrimitiveType@64a1ae5, name=raft-test, id=2}, session=2, timestamp=2018-06-07 10:48:30,330}, time=2018-06-07 10:48:30,330, operation=DefaultOperationId{id=write, type=COMMAND}, value=byte[]{length=17, hash=-1644578928}}
22:48:31.016 [raft-server-2-state] TRACE i.a.p.s.impl.DefaultServiceExecutor - PrimitiveService{2}{type=io.atomix.protocols.raft.RaftTest$TestPrimitiveType@2d95571d, name=raft-test} - Executing DefaultCommit{index=11, session=RaftSession{RaftServiceContext{server=2, type=io.atomix.protocols.raft.RaftTest$TestPrimitiveType@2d95571d, name=raft-test, id=2}, session=2, timestamp=2018-06-07 10:48:30,330}, time=2018-06-07 10:48:30,330, operation=DefaultOperationId{id=write, type=COMMAND}, value=byte[]{length=17, hash=-1644578928}}
22:48:31.132 [raft-server-1] TRACE i.a.p.raft.roles.LeaderAppender - RaftServer{1} - Sending AppendRequest{term=1, leader=1, prevLogIndex=12, prevLogTerm=1, entries=0, commitIndex=12} to 3
22:48:31.132 [raft-server-1] TRACE i.a.p.raft.roles.LeaderAppender - RaftServer{1} - Received AppendResponse{status=OK, term=1, succeeded=true, lastLogIndex=12} from 2
22:48:31.132 [raft-server-3] TRACE i.a.p.raft.roles.FollowerRole - RaftServer{3}{role=FOLLOWER} - Received AppendRequest{term=1, leader=1, prevLogIndex=12, prevLogTerm=1, entries=0, commitIndex=12}
22:48:31.132 [raft-server-1] TRACE i.a.p.raft.roles.LeaderAppender - RaftServer{1} - Sending AppendRequest{term=1, leader=1, prevLogIndex=12, prevLogTerm=1, entries=0, commitIndex=12} to 2
22:48:31.132 [raft-server-2] TRACE i.a.p.raft.roles.FollowerRole - RaftServer{2}{role=FOLLOWER} - Received AppendRequest{term=1, leader=1, prevLogIndex=12, prevLogTerm=1, entries=0, commitIndex=12}
22:48:31.132 [raft-server-1-state] TRACE i.a.p.raft.impl.RaftServiceManager - RaftServer{1} - Applying Indexed{index=12, entry=CommandEntry{term=1, timestamp=2018-06-07 10:48:30,898, session=2, sequence=8, operation=PrimitiveOperation{id=DefaultOperationId{id=write, type=COMMAND}, value=byte[]{length=17, hash=-1644578928}}}}
22:48:31.132 [raft-server-1-state] TRACE i.a.p.s.impl.DefaultServiceExecutor - PrimitiveService{2}{type=io.atomix.protocols.raft.RaftTest$TestPrimitiveType@761d7cf3, name=raft-test} - Executing DefaultCommit{index=12, session=RaftSession{RaftServiceContext{server=1, type=io.atomix.protocols.raft.RaftTest$TestPrimitiveType@761d7cf3, name=raft-test, id=2}, session=2, timestamp=2018-06-07 10:48:30,898}, time=2018-06-07 10:48:30,898, operation=DefaultOperationId{id=write, type=COMMAND}, value=byte[]{length=17, hash=-1644578928}}
22:48:31.132 [raft-server-1-state] TRACE i.a.protocols.raft.roles.LeaderRole - RaftServer{1}{role=LEADER} - Sending CommandResponse{status=OK, index=12, eventIndex=2, result=byte[]{length=2, hash=1264}}
22:48:31.133 [raft-client-bd74d86e-809c-4ed1-87a8-2ec3ff75de78-3] TRACE i.a.p.r.p.impl.RaftProxyConnection - PartitionProxy{2}{type=io.atomix.protocols.raft.RaftTest$TestPrimitiveType@35bfa1bb, name=raft-test} - Received CommandResponse{status=OK, index=12, eventIndex=2, result=byte[]{length=2, hash=1264}} from 1
22:48:31.133 [raft-client-bd74d86e-809c-4ed1-87a8-2ec3ff75de78-3] TRACE i.a.p.r.p.impl.RaftProxySequencer - PartitionProxy{2}{type=io.atomix.protocols.raft.RaftTest$TestPrimitiveType@35bfa1bb, name=raft-test} - Completing response CommandResponse{status=OK, index=12, eventIndex=2, result=byte[]{length=2, hash=1264}}
22:48:31.133 [raft-client-bd74d86e-809c-4ed1-87a8-2ec3ff75de78-3] TRACE i.a.p.r.p.impl.RaftProxyConnection - PartitionProxy{2}{type=io.atomix.protocols.raft.RaftTest$TestPrimitiveType@35bfa1bb, name=raft-test} - Sending CommandRequest{session=2, sequence=9, operation=PrimitiveOperation{id=DefaultOperationId{id=write, type=COMMAND}, value=byte[]{length=17, hash=-1644578928}}} to 1
22:48:31.133 [raft-server-1] TRACE i.a.protocols.raft.roles.LeaderRole - RaftServer{1}{role=LEADER} - Received CommandRequest{session=2, sequence=9, operation=PrimitiveOperation{id=DefaultOperationId{id=write, type=COMMAND}, value=byte[]{length=17, hash=-1644578928}}}
22:48:31.134 [raft-server-1] TRACE i.a.protocols.raft.roles.LeaderRole - RaftServer{1}{role=LEADER} - Appended Indexed{index=13, entry=CommandEntry{term=1, timestamp=2018-06-07 10:48:31,133, session=2, sequence=9, operation=PrimitiveOperation{id=DefaultOperationId{id=write, type=COMMAND}, value=byte[]{length=17, hash=-1644578928}}}}
22:48:31.215 [raft-server-3] TRACE i.a.p.raft.roles.FollowerRole - RaftServer{3}{role=FOLLOWER} - Committed entries up to index 12
22:48:31.215 [raft-server-3] TRACE i.a.p.raft.roles.FollowerRole - RaftServer{3}{role=FOLLOWER} - Sending AppendResponse{status=OK, term=1, succeeded=true, lastLogIndex=12}
22:48:31.215 [raft-server-2] TRACE i.a.p.raft.roles.FollowerRole - RaftServer{2}{role=FOLLOWER} - Committed entries up to index 12
22:48:31.215 [raft-server-1] TRACE i.a.p.raft.roles.LeaderAppender - RaftServer{1} - Received AppendResponse{status=OK, term=1, succeeded=true, lastLogIndex=12} from 3
22:48:31.215 [raft-server-2] TRACE i.a.p.raft.roles.FollowerRole - RaftServer{2}{role=FOLLOWER} - Sending AppendResponse{status=OK, term=1, succeeded=true, lastLogIndex=12}
22:48:31.215 [raft-server-3-state] TRACE i.a.p.raft.impl.RaftServiceManager - RaftServer{3} - Applying Indexed{index=12, entry=CommandEntry{term=1, timestamp=2018-06-07 10:48:30,898, session=2, sequence=8, operation=PrimitiveOperation{id=DefaultOperationId{id=write, type=COMMAND}, value=byte[]{length=17, hash=-1644578928}}}}
22:48:31.215 [raft-server-1] TRACE i.a.p.raft.roles.LeaderAppender - RaftServer{1} - Sending AppendRequest{term=1, leader=1, prevLogIndex=12, prevLogTerm=1, entries=1, commitIndex=12} to 3
22:48:31.215 [raft-server-3-state] TRACE i.a.p.s.impl.DefaultServiceExecutor - PrimitiveService{2}{type=io.atomix.protocols.raft.RaftTest$TestPrimitiveType@64a1ae5, name=raft-test} - Executing DefaultCommit{index=12, session=RaftSession{RaftServiceContext{server=3, type=io.atomix.protocols.raft.RaftTest$TestPrimitiveType@64a1ae5, name=raft-test, id=2}, session=2, timestamp=2018-06-07 10:48:30,898}, time=2018-06-07 10:48:30,898, operation=DefaultOperationId{id=write, type=COMMAND}, value=byte[]{length=17, hash=-1644578928}}
22:48:31.215 [raft-server-2-state] TRACE i.a.p.raft.impl.RaftServiceManager - RaftServer{2} - Applying Indexed{index=12, entry=CommandEntry{term=1, timestamp=2018-06-07 10:48:30,898, session=2, sequence=8, operation=PrimitiveOperation{id=DefaultOperationId{id=write, type=COMMAND}, value=byte[]{length=17, hash=-1644578928}}}}
22:48:31.215 [raft-server-3] TRACE i.a.p.raft.roles.FollowerRole - RaftServer{3}{role=FOLLOWER} - Received AppendRequest{term=1, leader=1, prevLogIndex=12, prevLogTerm=1, entries=1, commitIndex=12}
22:48:31.215 [raft-server-1] TRACE i.a.p.raft.roles.LeaderAppender - RaftServer{1} - Received AppendResponse{status=OK, term=1, succeeded=true, lastLogIndex=12} from 2
22:48:31.215 [raft-server-2-state] TRACE i.a.p.s.impl.DefaultServiceExecutor - PrimitiveService{2}{type=io.atomix.protocols.raft.RaftTest$TestPrimitiveType@2d95571d, name=raft-test} - Executing DefaultCommit{index=12, session=RaftSession{RaftServiceContext{server=2, type=io.atomix.protocols.raft.RaftTest$TestPrimitiveType@2d95571d, name=raft-test, id=2}, session=2, timestamp=2018-06-07 10:48:30,898}, time=2018-06-07 10:48:30,898, operation=DefaultOperationId{id=write, type=COMMAND}, value=byte[]{length=17, hash=-1644578928}}
22:48:31.216 [raft-server-1] TRACE i.a.p.raft.roles.LeaderAppender - RaftServer{1} - Sending AppendRequest{term=1, leader=1, prevLogIndex=12, prevLogTerm=1, entries=1, commitIndex=12} to 2
22:48:31.216 [raft-server-3] TRACE i.a.p.raft.roles.FollowerRole - RaftServer{3}{role=FOLLOWER} - Appended Indexed{index=13, entry=CommandEntry{term=1, timestamp=2018-06-07 10:48:31,133, session=2, sequence=9, operation=PrimitiveOperation{id=DefaultOperationId{id=write, type=COMMAND}, value=byte[]{length=17, hash=-1644578928}}}}
22:48:31.216 [raft-server-2] TRACE i.a.p.raft.roles.FollowerRole - RaftServer{2}{role=FOLLOWER} - Received AppendRequest{term=1, leader=1, prevLogIndex=12, prevLogTerm=1, entries=1, commitIndex=12}
22:48:31.216 [raft-server-3] TRACE i.a.p.raft.roles.FollowerRole - RaftServer{3}{role=FOLLOWER} - Sending AppendResponse{status=OK, term=1, succeeded=true, lastLogIndex=13}
22:48:31.216 [raft-server-1] TRACE i.a.p.raft.roles.LeaderAppender - RaftServer{1} - Received AppendResponse{status=OK, term=1, succeeded=true, lastLogIndex=13} from 3
22:48:31.216 [raft-server-1] TRACE i.a.p.raft.roles.LeaderAppender - RaftServer{1} - Committed entries up to 13
22:48:31.216 [raft-server-2] TRACE i.a.p.raft.roles.FollowerRole - RaftServer{2}{role=FOLLOWER} - Appended Indexed{index=13, entry=CommandEntry{term=1, timestamp=2018-06-07 10:48:31,133, session=2, sequence=9, operation=PrimitiveOperation{id=DefaultOperationId{id=write, type=COMMAND}, value=byte[]{length=17, hash=-1644578928}}}}
22:48:31.216 [raft-server-2] TRACE i.a.p.raft.roles.FollowerRole - RaftServer{2}{role=FOLLOWER} - Sending AppendResponse{status=OK, term=1, succeeded=true, lastLogIndex=13}
22:48:31.315 [raft-server-1] TRACE i.a.p.raft.roles.LeaderAppender - RaftServer{1} - Received AppendResponse{status=OK, term=1, succeeded=true, lastLogIndex=13} from 2
22:48:31.315 [raft-server-1] TRACE i.a.p.raft.roles.LeaderAppender - RaftServer{1} - Sending AppendRequest{term=1, leader=1, prevLogIndex=13, prevLogTerm=1, entries=0, commitIndex=13} to 3
22:48:31.315 [raft-server-1] TRACE i.a.p.raft.roles.LeaderAppender - RaftServer{1} - Sending AppendRequest{term=1, leader=1, prevLogIndex=13, prevLogTerm=1, entries=0, commitIndex=13} to 2
22:48:31.315 [raft-server-3] TRACE i.a.p.raft.roles.FollowerRole - RaftServer{3}{role=FOLLOWER} - Received AppendRequest{term=1, leader=1, prevLogIndex=13, prevLogTerm=1, entries=0, commitIndex=13}
22:48:31.315 [raft-server-2] TRACE i.a.p.raft.roles.FollowerRole - RaftServer{2}{role=FOLLOWER} - Received AppendRequest{term=1, leader=1, prevLogIndex=13, prevLogTerm=1, entries=0, commitIndex=13}
22:48:31.315 [raft-server-1-state] TRACE i.a.p.raft.impl.RaftServiceManager - RaftServer{1} - Applying Indexed{index=13, entry=CommandEntry{term=1, timestamp=2018-06-07 10:48:31,133, session=2, sequence=9, operation=PrimitiveOperation{id=DefaultOperationId{id=write, type=COMMAND}, value=byte[]{length=17, hash=-1644578928}}}}
22:48:31.315 [raft-server-1-state] TRACE i.a.p.s.impl.DefaultServiceExecutor - PrimitiveService{2}{type=io.atomix.protocols.raft.RaftTest$TestPrimitiveType@761d7cf3, name=raft-test} - Executing DefaultCommit{index=13, session=RaftSession{RaftServiceContext{server=1, type=io.atomix.protocols.raft.RaftTest$TestPrimitiveType@761d7cf3, name=raft-test, id=2}, session=2, timestamp=2018-06-07 10:48:31,133}, time=2018-06-07 10:48:31,133, operation=DefaultOperationId{id=write, type=COMMAND}, value=byte[]{length=17, hash=-1644578928}}
22:48:31.316 [raft-server-1-state] TRACE i.a.protocols.raft.roles.LeaderRole - RaftServer{1}{role=LEADER} - Sending CommandResponse{status=OK, index=13, eventIndex=2, result=byte[]{length=2, hash=1266}}
22:48:31.316 [raft-client-bd74d86e-809c-4ed1-87a8-2ec3ff75de78-2] TRACE i.a.p.r.p.impl.RaftProxyConnection - PartitionProxy{2}{type=io.atomix.protocols.raft.RaftTest$TestPrimitiveType@35bfa1bb, name=raft-test} - Received CommandResponse{status=OK, index=13, eventIndex=2, result=byte[]{length=2, hash=1266}} from 1
22:48:31.316 [raft-client-bd74d86e-809c-4ed1-87a8-2ec3ff75de78-2] TRACE i.a.p.r.p.impl.RaftProxySequencer - PartitionProxy{2}{type=io.atomix.protocols.raft.RaftTest$TestPrimitiveType@35bfa1bb, name=raft-test} - Completing response CommandResponse{status=OK, index=13, eventIndex=2, result=byte[]{length=2, hash=1266}}
22:48:31.317 [raft-client-bd74d86e-809c-4ed1-87a8-2ec3ff75de78-2] TRACE i.a.p.r.p.impl.RaftProxyConnection - PartitionProxy{2}{type=io.atomix.protocols.raft.RaftTest$TestPrimitiveType@35bfa1bb, name=raft-test} - Sending CommandRequest{session=2, sequence=10, operation=PrimitiveOperation{id=DefaultOperationId{id=write, type=COMMAND}, value=byte[]{length=17, hash=-1644578928}}} to 1
22:48:31.317 [raft-server-1] TRACE i.a.protocols.raft.roles.LeaderRole - RaftServer{1}{role=LEADER} - Received CommandRequest{session=2, sequence=10, operation=PrimitiveOperation{id=DefaultOperationId{id=write, type=COMMAND}, value=byte[]{length=17, hash=-1644578928}}}
22:48:31.317 [raft-server-1] TRACE i.a.protocols.raft.roles.LeaderRole - RaftServer{1}{role=LEADER} - Appended Indexed{index=14, entry=CommandEntry{term=1, timestamp=2018-06-07 10:48:31,317, session=2, sequence=10, operation=PrimitiveOperation{id=DefaultOperationId{id=write, type=COMMAND}, value=byte[]{length=17, hash=-1644578928}}}}
22:48:31.373 [raft-server-2] TRACE i.a.p.raft.roles.FollowerRole - RaftServer{2}{role=FOLLOWER} - Committed entries up to index 13
22:48:31.373 [raft-server-3] TRACE i.a.p.raft.roles.FollowerRole - RaftServer{3}{role=FOLLOWER} - Committed entries up to index 13
22:48:31.373 [raft-server-2] TRACE i.a.p.raft.roles.FollowerRole - RaftServer{2}{role=FOLLOWER} - Sending AppendResponse{status=OK, term=1, succeeded=true, lastLogIndex=13}
22:48:31.373 [raft-server-3] TRACE i.a.p.raft.roles.FollowerRole - RaftServer{3}{role=FOLLOWER} - Sending AppendResponse{status=OK, term=1, succeeded=true, lastLogIndex=13}
22:48:31.374 [raft-server-2-state] TRACE i.a.p.raft.impl.RaftServiceManager - RaftServer{2} - Applying Indexed{index=13, entry=CommandEntry{term=1, timestamp=2018-06-07 10:48:31,133, session=2, sequence=9, operation=PrimitiveOperation{id=DefaultOperationId{id=write, type=COMMAND}, value=byte[]{length=17, hash=-1644578928}}}}
22:48:31.374 [raft-server-3-state] TRACE i.a.p.raft.impl.RaftServiceManager - RaftServer{3} - Applying Indexed{index=13, entry=CommandEntry{term=1, timestamp=2018-06-07 10:48:31,133, session=2, sequence=9, operation=PrimitiveOperation{id=DefaultOperationId{id=write, type=COMMAND}, value=byte[]{length=17, hash=-1644578928}}}}
22:48:31.374 [raft-server-2-state] TRACE i.a.p.s.impl.DefaultServiceExecutor - PrimitiveService{2}{type=io.atomix.protocols.raft.RaftTest$TestPrimitiveType@2d95571d, name=raft-test} - Executing DefaultCommit{index=13, session=RaftSession{RaftServiceContext{server=2, type=io.atomix.protocols.raft.RaftTest$TestPrimitiveType@2d95571d, name=raft-test, id=2}, session=2, timestamp=2018-06-07 10:48:31,133}, time=2018-06-07 10:48:31,133, operation=DefaultOperationId{id=write, type=COMMAND}, value=byte[]{length=17, hash=-1644578928}}
22:48:31.374 [raft-server-3-state] TRACE i.a.p.s.impl.DefaultServiceExecutor - PrimitiveService{2}{type=io.atomix.protocols.raft.RaftTest$TestPrimitiveType@64a1ae5, name=raft-test} - Executing DefaultCommit{index=13, session=RaftSession{RaftServiceContext{server=3, type=io.atomix.protocols.raft.RaftTest$TestPrimitiveType@64a1ae5, name=raft-test, id=2}, session=2, timestamp=2018-06-07 10:48:31,133}, time=2018-06-07 10:48:31,133, operation=DefaultOperationId{id=write, type=COMMAND}, value=byte[]{length=17, hash=-1644578928}}
22:48:31.374 [raft-server-1] TRACE i.a.p.raft.roles.LeaderAppender - RaftServer{1} - Received AppendResponse{status=OK, term=1, succeeded=true, lastLogIndex=13} from 2
22:48:31.374 [raft-server-1] TRACE i.a.p.raft.roles.LeaderAppender - RaftServer{1} - Sending AppendRequest{term=1, leader=1, prevLogIndex=13, prevLogTerm=1, entries=1, commitIndex=13} to 2
22:48:31.374 [raft-server-2] TRACE i.a.p.raft.roles.FollowerRole - RaftServer{2}{role=FOLLOWER} - Received AppendRequest{term=1, leader=1, prevLogIndex=13, prevLogTerm=1, entries=1, commitIndex=13}
22:48:31.374 [raft-server-2] TRACE i.a.p.raft.roles.FollowerRole - RaftServer{2}{role=FOLLOWER} - Appended Indexed{index=14, entry=CommandEntry{term=1, timestamp=2018-06-07 10:48:31,317, session=2, sequence=10, operation=PrimitiveOperation{id=DefaultOperationId{id=write, type=COMMAND}, value=byte[]{length=17, hash=-1644578928}}}}
22:48:31.374 [raft-server-2] TRACE i.a.p.raft.roles.FollowerRole - RaftServer{2}{role=FOLLOWER} - Sending AppendResponse{status=OK, term=1, succeeded=true, lastLogIndex=14}
22:48:31.375 [raft-server-1] TRACE i.a.p.raft.roles.LeaderAppender - RaftServer{1} - Sending AppendRequest{term=1, leader=1, prevLogIndex=13, prevLogTerm=1, entries=1, commitIndex=13} to 3
22:48:31.375 [raft-server-1] TRACE i.a.p.raft.roles.LeaderAppender - RaftServer{1} - Received AppendResponse{status=OK, term=1, succeeded=true, lastLogIndex=13} from 3
22:48:31.375 [raft-server-1] TRACE i.a.p.raft.roles.LeaderAppender - RaftServer{1} - Received AppendResponse{status=OK, term=1, succeeded=true, lastLogIndex=14} from 2
22:48:31.375 [raft-server-1] TRACE i.a.p.raft.roles.LeaderAppender - RaftServer{1} - Committed entries up to 14
22:48:31.375 [raft-server-3] TRACE i.a.p.raft.roles.FollowerRole - RaftServer{3}{role=FOLLOWER} - Received AppendRequest{term=1, leader=1, prevLogIndex=13, prevLogTerm=1, entries=1, commitIndex=13}
22:48:31.375 [raft-server-3] TRACE i.a.p.raft.roles.FollowerRole - RaftServer{3}{role=FOLLOWER} - Appended Indexed{index=14, entry=CommandEntry{term=1, timestamp=2018-06-07 10:48:31,317, session=2, sequence=10, operation=PrimitiveOperation{id=DefaultOperationId{id=write, type=COMMAND}, value=byte[]{length=17, hash=-1644578928}}}}
22:48:31.375 [raft-server-3] TRACE i.a.p.raft.roles.FollowerRole - RaftServer{3}{role=FOLLOWER} - Sending AppendResponse{status=OK, term=1, succeeded=true, lastLogIndex=14}
22:48:31.423 [raft-server-1] TRACE i.a.p.raft.roles.LeaderAppender - RaftServer{1} - Received AppendResponse{status=OK, term=1, succeeded=true, lastLogIndex=14} from 3
22:48:31.423 [raft-server-1-state] TRACE i.a.p.raft.impl.RaftServiceManager - RaftServer{1} - Applying Indexed{index=14, entry=CommandEntry{term=1, timestamp=2018-06-07 10:48:31,317, session=2, sequence=10, operation=PrimitiveOperation{id=DefaultOperationId{id=write, type=COMMAND}, value=byte[]{length=17, hash=-1644578928}}}}
22:48:31.423 [raft-server-1-state] TRACE i.a.p.s.impl.DefaultServiceExecutor - PrimitiveService{2}{type=io.atomix.protocols.raft.RaftTest$TestPrimitiveType@761d7cf3, name=raft-test} - Executing DefaultCommit{index=14, session=RaftSession{RaftServiceContext{server=1, type=io.atomix.protocols.raft.RaftTest$TestPrimitiveType@761d7cf3, name=raft-test, id=2}, session=2, timestamp=2018-06-07 10:48:31,317}, time=2018-06-07 10:48:31,317, operation=DefaultOperationId{id=write, type=COMMAND}, value=byte[]{length=17, hash=-1644578928}}
22:48:31.424 [raft-server-1-state] TRACE i.a.protocols.raft.roles.LeaderRole - RaftServer{1}{role=LEADER} - Sending CommandResponse{status=OK, index=14, eventIndex=2, result=byte[]{length=2, hash=1268}}
22:48:31.424 [raft-client-bd74d86e-809c-4ed1-87a8-2ec3ff75de78-6] TRACE i.a.p.r.p.impl.RaftProxyConnection - PartitionProxy{2}{type=io.atomix.protocols.raft.RaftTest$TestPrimitiveType@35bfa1bb, name=raft-test} - Received CommandResponse{status=OK, index=14, eventIndex=2, result=byte[]{length=2, hash=1268}} from 1
22:48:31.424 [raft-client-bd74d86e-809c-4ed1-87a8-2ec3ff75de78-6] TRACE i.a.p.r.p.impl.RaftProxySequencer - PartitionProxy{2}{type=io.atomix.protocols.raft.RaftTest$TestPrimitiveType@35bfa1bb, name=raft-test} - Completing response CommandResponse{status=OK, index=14, eventIndex=2, result=byte[]{length=2, hash=1268}}
22:48:31.424 [raft-client-bd74d86e-809c-4ed1-87a8-2ec3ff75de78-1] TRACE i.a.p.r.p.impl.RaftProxyConnection - PartitionProxy{2}{type=io.atomix.protocols.raft.RaftTest$TestPrimitiveType@35bfa1bb, name=raft-test} - Sending CommandRequest{session=2, sequence=11, operation=PrimitiveOperation{id=DefaultOperationId{id=write, type=COMMAND}, value=byte[]{length=17, hash=-1644578928}}} to 1
22:48:31.424 [raft-server-1] TRACE i.a.protocols.raft.roles.LeaderRole - RaftServer{1}{role=LEADER} - Received CommandRequest{session=2, sequence=11, operation=PrimitiveOperation{id=DefaultOperationId{id=write, type=COMMAND}, value=byte[]{length=17, hash=-1644578928}}}
22:48:31.424 [raft-server-1] TRACE i.a.protocols.raft.roles.LeaderRole - RaftServer{1}{role=LEADER} - Appended Indexed{index=15, entry=CommandEntry{term=1, timestamp=2018-06-07 10:48:31,424, session=2, sequence=11, operation=PrimitiveOperation{id=DefaultOperationId{id=write, type=COMMAND}, value=byte[]{length=17, hash=-1644578928}}}}
22:48:31.425 [raft-server-1] TRACE i.a.p.raft.roles.LeaderAppender - RaftServer{1} - Sending AppendRequest{term=1, leader=1, prevLogIndex=14, prevLogTerm=1, entries=1, commitIndex=14} to 3
22:48:31.425 [raft-server-1] TRACE i.a.p.raft.roles.LeaderAppender - RaftServer{1} - Sending AppendRequest{term=1, leader=1, prevLogIndex=14, prevLogTerm=1, entries=1, commitIndex=14} to 2
22:48:31.425 [raft-server-3] TRACE i.a.p.raft.roles.FollowerRole - RaftServer{3}{role=FOLLOWER} - Received AppendRequest{term=1, leader=1, prevLogIndex=14, prevLogTerm=1, entries=1, commitIndex=14}
22:48:31.425 [raft-server-3] TRACE i.a.p.raft.roles.FollowerRole - RaftServer{3}{role=FOLLOWER} - Appended Indexed{index=15, entry=CommandEntry{term=1, timestamp=2018-06-07 10:48:31,424, session=2, sequence=11, operation=PrimitiveOperation{id=DefaultOperationId{id=write, type=COMMAND}, value=byte[]{length=17, hash=-1644578928}}}}
22:48:31.425 [raft-server-2] TRACE i.a.p.raft.roles.FollowerRole - RaftServer{2}{role=FOLLOWER} - Received AppendRequest{term=1, leader=1, prevLogIndex=14, prevLogTerm=1, entries=1, commitIndex=14}
22:48:31.425 [raft-server-2] TRACE i.a.p.raft.roles.FollowerRole - RaftServer{2}{role=FOLLOWER} - Appended Indexed{index=15, entry=CommandEntry{term=1, timestamp=2018-06-07 10:48:31,424, session=2, sequence=11, operation=PrimitiveOperation{id=DefaultOperationId{id=write, type=COMMAND}, value=byte[]{length=17, hash=-1644578928}}}}
22:48:31.465 [raft-server-3] TRACE i.a.p.raft.roles.FollowerRole - RaftServer{3}{role=FOLLOWER} - Committed entries up to index 14
22:48:31.465 [raft-server-3] TRACE i.a.p.raft.roles.FollowerRole - RaftServer{3}{role=FOLLOWER} - Sending AppendResponse{status=OK, term=1, succeeded=true, lastLogIndex=15}
22:48:31.465 [raft-server-1] TRACE i.a.p.raft.roles.LeaderAppender - RaftServer{1} - Received AppendResponse{status=OK, term=1, succeeded=true, lastLogIndex=15} from 3
22:48:31.465 [raft-server-3-state] TRACE i.a.p.raft.impl.RaftServiceManager - RaftServer{3} - Applying Indexed{index=14, entry=CommandEntry{term=1, timestamp=2018-06-07 10:48:31,317, session=2, sequence=10, operation=PrimitiveOperation{id=DefaultOperationId{id=write, type=COMMAND}, value=byte[]{length=17, hash=-1644578928}}}}
22:48:31.465 [raft-server-1] TRACE i.a.p.raft.roles.LeaderAppender - RaftServer{1} - Committed entries up to 15
22:48:31.465 [raft-server-3-state] TRACE i.a.p.s.impl.DefaultServiceExecutor - PrimitiveService{2}{type=io.atomix.protocols.raft.RaftTest$TestPrimitiveType@64a1ae5, name=raft-test} - Executing DefaultCommit{index=14, session=RaftSession{RaftServiceContext{server=3, type=io.atomix.protocols.raft.RaftTest$TestPrimitiveType@64a1ae5, name=raft-test, id=2}, session=2, timestamp=2018-06-07 10:48:31,317}, time=2018-06-07 10:48:31,317, operation=DefaultOperationId{id=write, type=COMMAND}, value=byte[]{length=17, hash=-1644578928}}
22:48:31.532 [raft-server-2] TRACE i.a.p.raft.roles.FollowerRole - RaftServer{2}{role=FOLLOWER} - Committed entries up to index 14
22:48:31.533 [raft-server-2] TRACE i.a.p.raft.roles.FollowerRole - RaftServer{2}{role=FOLLOWER} - Sending AppendResponse{status=OK, term=1, succeeded=true, lastLogIndex=15}
22:48:31.533 [raft-server-2-state] TRACE i.a.p.raft.impl.RaftServiceManager - RaftServer{2} - Applying Indexed{index=14, entry=CommandEntry{term=1, timestamp=2018-06-07 10:48:31,317, session=2, sequence=10, operation=PrimitiveOperation{id=DefaultOperationId{id=write, type=COMMAND}, value=byte[]{length=17, hash=-1644578928}}}}
22:48:31.533 [raft-server-2-state] TRACE i.a.p.s.impl.DefaultServiceExecutor - PrimitiveService{2}{type=io.atomix.protocols.raft.RaftTest$TestPrimitiveType@2d95571d, name=raft-test} - Executing DefaultCommit{index=14, session=RaftSession{RaftServiceContext{server=2, type=io.atomix.protocols.raft.RaftTest$TestPrimitiveType@2d95571d, name=raft-test, id=2}, session=2, timestamp=2018-06-07 10:48:31,317}, time=2018-06-07 10:48:31,317, operation=DefaultOperationId{id=write, type=COMMAND}, value=byte[]{length=17, hash=-1644578928}}
22:48:31.582 [raft-server-1] TRACE i.a.p.raft.roles.LeaderAppender - RaftServer{1} - Sending AppendRequest{term=1, leader=1, prevLogIndex=15, prevLogTerm=1, entries=0, commitIndex=15} to 3
22:48:31.582 [raft-server-1] TRACE i.a.p.raft.roles.LeaderAppender - RaftServer{1} - Received AppendResponse{status=OK, term=1, succeeded=true, lastLogIndex=15} from 2
22:48:31.582 [raft-server-3] TRACE i.a.p.raft.roles.FollowerRole - RaftServer{3}{role=FOLLOWER} - Received AppendRequest{term=1, leader=1, prevLogIndex=15, prevLogTerm=1, entries=0, commitIndex=15}
22:48:31.582 [raft-server-1] TRACE i.a.p.raft.roles.LeaderAppender - RaftServer{1} - Sending AppendRequest{term=1, leader=1, prevLogIndex=15, prevLogTerm=1, entries=0, commitIndex=15} to 2
22:48:31.582 [raft-server-2] TRACE i.a.p.raft.roles.FollowerRole - RaftServer{2}{role=FOLLOWER} - Received AppendRequest{term=1, leader=1, prevLogIndex=15, prevLogTerm=1, entries=0, commitIndex=15}
22:48:31.582 [raft-server-1-state] TRACE i.a.p.raft.impl.RaftServiceManager - RaftServer{1} - Applying Indexed{index=15, entry=CommandEntry{term=1, timestamp=2018-06-07 10:48:31,424, session=2, sequence=11, operation=PrimitiveOperation{id=DefaultOperationId{id=write, type=COMMAND}, value=byte[]{length=17, hash=-1644578928}}}}
22:48:31.582 [raft-server-1-state] TRACE i.a.p.s.impl.DefaultServiceExecutor - PrimitiveService{2}{type=io.atomix.protocols.raft.RaftTest$TestPrimitiveType@761d7cf3, name=raft-test} - Executing DefaultCommit{index=15, session=RaftSession{RaftServiceContext{server=1, type=io.atomix.protocols.raft.RaftTest$TestPrimitiveType@761d7cf3, name=raft-test, id=2}, session=2, timestamp=2018-06-07 10:48:31,424}, time=2018-06-07 10:48:31,424, operation=DefaultOperationId{id=write, type=COMMAND}, value=byte[]{length=17, hash=-1644578928}}
22:48:31.582 [raft-server-1-state] TRACE i.a.protocols.raft.roles.LeaderRole - RaftServer{1}{role=LEADER} - Sending CommandResponse{status=OK, index=15, eventIndex=2, result=byte[]{length=2, hash=1270}}
22:48:31.582 [raft-client-bd74d86e-809c-4ed1-87a8-2ec3ff75de78-4] TRACE i.a.p.r.p.impl.RaftProxyConnection - PartitionProxy{2}{type=io.atomix.protocols.raft.RaftTest$TestPrimitiveType@35bfa1bb, name=raft-test} - Received CommandResponse{status=OK, index=15, eventIndex=2, result=byte[]{length=2, hash=1270}} from 1
22:48:31.582 [raft-client-bd74d86e-809c-4ed1-87a8-2ec3ff75de78-4] TRACE i.a.p.r.p.impl.RaftProxySequencer - PartitionProxy{2}{type=io.atomix.protocols.raft.RaftTest$TestPrimitiveType@35bfa1bb, name=raft-test} - Completing response CommandResponse{status=OK, index=15, eventIndex=2, result=byte[]{length=2, hash=1270}}
22:48:31.583 [raft-client-bd74d86e-809c-4ed1-87a8-2ec3ff75de78-5] TRACE i.a.p.r.p.impl.RaftProxyConnection - PartitionProxy{2}{type=io.atomix.protocols.raft.RaftTest$TestPrimitiveType@35bfa1bb, name=raft-test} - Sending CommandRequest{session=2, sequence=12, operation=PrimitiveOperation{id=DefaultOperationId{id=write, type=COMMAND}, value=byte[]{length=17, hash=-1644578928}}} to 1
22:48:31.583 [raft-server-1] TRACE i.a.protocols.raft.roles.LeaderRole - RaftServer{1}{role=LEADER} - Received CommandRequest{session=2, sequence=12, operation=PrimitiveOperation{id=DefaultOperationId{id=write, type=COMMAND}, value=byte[]{length=17, hash=-1644578928}}}
22:48:31.583 [raft-server-1] TRACE i.a.protocols.raft.roles.LeaderRole - RaftServer{1}{role=LEADER} - Appended Indexed{index=16, entry=CommandEntry{term=1, timestamp=2018-06-07 10:48:31,583, session=2, sequence=12, operation=PrimitiveOperation{id=DefaultOperationId{id=write, type=COMMAND}, value=byte[]{length=17, hash=-1644578928}}}}
22:48:31.665 [raft-server-2] TRACE i.a.p.raft.roles.FollowerRole - RaftServer{2}{role=FOLLOWER} - Committed entries up to index 15
22:48:31.665 [raft-server-3] TRACE i.a.p.raft.roles.FollowerRole - RaftServer{3}{role=FOLLOWER} - Committed entries up to index 15
22:48:31.665 [raft-server-2] TRACE i.a.p.raft.roles.FollowerRole - RaftServer{2}{role=FOLLOWER} - Sending AppendResponse{status=OK, term=1, succeeded=true, lastLogIndex=15}
22:48:31.665 [raft-server-3] TRACE i.a.p.raft.roles.FollowerRole - RaftServer{3}{role=FOLLOWER} - Sending AppendResponse{status=OK, term=1, succeeded=true, lastLogIndex=15}
22:48:31.665 [raft-server-1] TRACE i.a.p.raft.roles.LeaderAppender - RaftServer{1} - Received AppendResponse{status=OK, term=1, succeeded=true, lastLogIndex=15} from 2
22:48:31.665 [raft-server-1] TRACE i.a.p.raft.roles.LeaderAppender - RaftServer{1} - Sending AppendRequest{term=1, leader=1, prevLogIndex=15, prevLogTerm=1, entries=1, commitIndex=15} to 2
22:48:31.665 [raft-server-3-state] TRACE i.a.p.raft.impl.RaftServiceManager - RaftServer{3} - Applying Indexed{index=15, entry=CommandEntry{term=1, timestamp=2018-06-07 10:48:31,424, session=2, sequence=11, operation=PrimitiveOperation{id=DefaultOperationId{id=write, type=COMMAND}, value=byte[]{length=17, hash=-1644578928}}}}
22:48:31.665 [raft-server-2] TRACE i.a.p.raft.roles.FollowerRole - RaftServer{2}{role=FOLLOWER} - Received AppendRequest{term=1, leader=1, prevLogIndex=15, prevLogTerm=1, entries=1, commitIndex=15}
22:48:31.665 [raft-server-1] TRACE i.a.p.raft.roles.LeaderAppender - RaftServer{1} - Sending AppendRequest{term=1, leader=1, prevLogIndex=15, prevLogTerm=1, entries=1, commitIndex=15} to 3
22:48:31.665 [raft-server-2-state] TRACE i.a.p.raft.impl.RaftServiceManager - RaftServer{2} - Applying Indexed{index=15, entry=CommandEntry{term=1, timestamp=2018-06-07 10:48:31,424, session=2, sequence=11, operation=PrimitiveOperation{id=DefaultOperationId{id=write, type=COMMAND}, value=byte[]{length=17, hash=-1644578928}}}}
22:48:31.665 [raft-server-3-state] TRACE i.a.p.s.impl.DefaultServiceExecutor - PrimitiveService{2}{type=io.atomix.protocols.raft.RaftTest$TestPrimitiveType@64a1ae5, name=raft-test} - Executing DefaultCommit{index=15, session=RaftSession{RaftServiceContext{server=3, type=io.atomix.protocols.raft.RaftTest$TestPrimitiveType@64a1ae5, name=raft-test, id=2}, session=2, timestamp=2018-06-07 10:48:31,424}, time=2018-06-07 10:48:31,424, operation=DefaultOperationId{id=write, type=COMMAND}, value=byte[]{length=17, hash=-1644578928}}
22:48:31.665 [raft-server-3] TRACE i.a.p.raft.roles.FollowerRole - RaftServer{3}{role=FOLLOWER} - Received AppendRequest{term=1, leader=1, prevLogIndex=15, prevLogTerm=1, entries=1, commitIndex=15}
22:48:31.665 [raft-server-1] TRACE i.a.p.raft.roles.LeaderAppender - RaftServer{1} - Received AppendResponse{status=OK, term=1, succeeded=true, lastLogIndex=15} from 3
22:48:31.665 [raft-server-2] TRACE i.a.p.raft.roles.FollowerRole - RaftServer{2}{role=FOLLOWER} - Appended Indexed{index=16, entry=CommandEntry{term=1, timestamp=2018-06-07 10:48:31,583, session=2, sequence=12, operation=PrimitiveOperation{id=DefaultOperationId{id=write, type=COMMAND}, value=byte[]{length=17, hash=-1644578928}}}}
22:48:31.665 [raft-server-2-state] TRACE i.a.p.s.impl.DefaultServiceExecutor - PrimitiveService{2}{type=io.atomix.protocols.raft.RaftTest$TestPrimitiveType@2d95571d, name=raft-test} - Executing DefaultCommit{index=15, session=RaftSession{RaftServiceContext{server=2, type=io.atomix.protocols.raft.RaftTest$TestPrimitiveType@2d95571d, name=raft-test, id=2}, session=2, timestamp=2018-06-07 10:48:31,424}, time=2018-06-07 10:48:31,424, operation=DefaultOperationId{id=write, type=COMMAND}, value=byte[]{length=17, hash=-1644578928}}
22:48:31.666 [raft-server-2] TRACE i.a.p.raft.roles.FollowerRole - RaftServer{2}{role=FOLLOWER} - Sending AppendResponse{status=OK, term=1, succeeded=true, lastLogIndex=16}
22:48:31.666 [raft-server-3] TRACE i.a.p.raft.roles.FollowerRole - RaftServer{3}{role=FOLLOWER} - Appended Indexed{index=16, entry=CommandEntry{term=1, timestamp=2018-06-07 10:48:31,583, session=2, sequence=12, operation=PrimitiveOperation{id=DefaultOperationId{id=write, type=COMMAND}, value=byte[]{length=17, hash=-1644578928}}}}
22:48:31.666 [raft-server-1] TRACE i.a.p.raft.roles.LeaderAppender - RaftServer{1} - Received AppendResponse{status=OK, term=1, succeeded=true, lastLogIndex=16} from 2
22:48:31.666 [raft-server-3] TRACE i.a.p.raft.roles.FollowerRole - RaftServer{3}{role=FOLLOWER} - Sending AppendResponse{status=OK, term=1, succeeded=true, lastLogIndex=16}
22:48:31.666 [raft-server-1] TRACE i.a.p.raft.roles.LeaderAppender - RaftServer{1} - Committed entries up to 16
22:48:31.715 [raft-server-1] TRACE i.a.p.raft.roles.LeaderAppender - RaftServer{1} - Received AppendResponse{status=OK, term=1, succeeded=true, lastLogIndex=16} from 3
22:48:31.715 [raft-server-1-state] TRACE i.a.p.raft.impl.RaftServiceManager - RaftServer{1} - Applying Indexed{index=16, entry=CommandEntry{term=1, timestamp=2018-06-07 10:48:31,583, session=2, sequence=12, operation=PrimitiveOperation{id=DefaultOperationId{id=write, type=COMMAND}, value=byte[]{length=17, hash=-1644578928}}}}
22:48:31.715 [raft-server-1-state] TRACE i.a.p.s.impl.DefaultServiceExecutor - PrimitiveService{2}{type=io.atomix.protocols.raft.RaftTest$TestPrimitiveType@761d7cf3, name=raft-test} - Executing DefaultCommit{index=16, session=RaftSession{RaftServiceContext{server=1, type=io.atomix.protocols.raft.RaftTest$TestPrimitiveType@761d7cf3, name=raft-test, id=2}, session=2, timestamp=2018-06-07 10:48:31,583}, time=2018-06-07 10:48:31,583, operation=DefaultOperationId{id=write, type=COMMAND}, value=byte[]{length=17, hash=-1644578928}}
22:48:31.715 [raft-server-1-state] TRACE i.a.protocols.raft.roles.LeaderRole - RaftServer{1}{role=LEADER} - Sending CommandResponse{status=OK, index=16, eventIndex=2, result=byte[]{length=2, hash=1272}}
22:48:31.715 [raft-client-bd74d86e-809c-4ed1-87a8-2ec3ff75de78-7] TRACE i.a.p.r.p.impl.RaftProxyConnection - PartitionProxy{2}{type=io.atomix.protocols.raft.RaftTest$TestPrimitiveType@35bfa1bb, name=raft-test} - Received CommandResponse{status=OK, index=16, eventIndex=2, result=byte[]{length=2, hash=1272}} from 1
22:48:31.715 [raft-client-bd74d86e-809c-4ed1-87a8-2ec3ff75de78-7] TRACE i.a.p.r.p.impl.RaftProxySequencer - PartitionProxy{2}{type=io.atomix.protocols.raft.RaftTest$TestPrimitiveType@35bfa1bb, name=raft-test} - Completing response CommandResponse{status=OK, index=16, eventIndex=2, result=byte[]{length=2, hash=1272}}
22:48:31.716 [raft-client-bd74d86e-809c-4ed1-87a8-2ec3ff75de78-0] TRACE i.a.p.r.p.impl.RaftProxyConnection - PartitionProxy{2}{type=io.atomix.protocols.raft.RaftTest$TestPrimitiveType@35bfa1bb, name=raft-test} - Sending CommandRequest{session=2, sequence=13, operation=PrimitiveOperation{id=DefaultOperationId{id=write, type=COMMAND}, value=byte[]{length=17, hash=-1644578928}}} to 1
22:48:31.716 [raft-server-1] TRACE i.a.protocols.raft.roles.LeaderRole - RaftServer{1}{role=LEADER} - Received CommandRequest{session=2, sequence=13, operation=PrimitiveOperation{id=DefaultOperationId{id=write, type=COMMAND}, value=byte[]{length=17, hash=-1644578928}}}
22:48:31.716 [raft-server-1] TRACE i.a.protocols.raft.roles.LeaderRole - RaftServer{1}{role=LEADER} - Appended Indexed{index=17, entry=CommandEntry{term=1, timestamp=2018-06-07 10:48:31,716, session=2, sequence=13, operation=PrimitiveOperation{id=DefaultOperationId{id=write, type=COMMAND}, value=byte[]{length=17, hash=-1644578928}}}}
22:48:31.717 [raft-server-1] TRACE i.a.p.raft.roles.LeaderAppender - RaftServer{1} - Sending AppendRequest{term=1, leader=1, prevLogIndex=16, prevLogTerm=1, entries=1, commitIndex=16} to 3
22:48:31.717 [raft-server-3] TRACE i.a.p.raft.roles.FollowerRole - RaftServer{3}{role=FOLLOWER} - Received AppendRequest{term=1, leader=1, prevLogIndex=16, prevLogTerm=1, entries=1, commitIndex=16}
22:48:31.717 [raft-server-1] TRACE i.a.p.raft.roles.LeaderAppender - RaftServer{1} - Sending AppendRequest{term=1, leader=1, prevLogIndex=16, prevLogTerm=1, entries=1, commitIndex=16} to 2
22:48:31.717 [raft-server-2] TRACE i.a.p.raft.roles.FollowerRole - RaftServer{2}{role=FOLLOWER} - Received AppendRequest{term=1, leader=1, prevLogIndex=16, prevLogTerm=1, entries=1, commitIndex=16}
22:48:31.717 [raft-server-3] TRACE i.a.p.raft.roles.FollowerRole - RaftServer{3}{role=FOLLOWER} - Appended Indexed{index=17, entry=CommandEntry{term=1, timestamp=2018-06-07 10:48:31,716, session=2, sequence=13, operation=PrimitiveOperation{id=DefaultOperationId{id=write, type=COMMAND}, value=byte[]{length=17, hash=-1644578928}}}}
22:48:31.717 [raft-server-2] TRACE i.a.p.raft.roles.FollowerRole - RaftServer{2}{role=FOLLOWER} - Appended Indexed{index=17, entry=CommandEntry{term=1, timestamp=2018-06-07 10:48:31,716, session=2, sequence=13, operation=PrimitiveOperation{id=DefaultOperationId{id=write, type=COMMAND}, value=byte[]{length=17, hash=-1644578928}}}}
22:48:31.757 [raft-server-3] TRACE i.a.p.raft.roles.FollowerRole - RaftServer{3}{role=FOLLOWER} - Committed entries up to index 16
22:48:31.757 [raft-server-2] TRACE i.a.p.raft.roles.FollowerRole - RaftServer{2}{role=FOLLOWER} - Committed entries up to index 16
22:48:31.757 [raft-server-3] TRACE i.a.p.raft.roles.FollowerRole - RaftServer{3}{role=FOLLOWER} - Sending AppendResponse{status=OK, term=1, succeeded=true, lastLogIndex=17}
22:48:31.757 [raft-server-2] TRACE i.a.p.raft.roles.FollowerRole - RaftServer{2}{role=FOLLOWER} - Sending AppendResponse{status=OK, term=1, succeeded=true, lastLogIndex=17}
22:48:31.757 [raft-server-1] TRACE i.a.p.raft.roles.LeaderAppender - RaftServer{1} - Received AppendResponse{status=OK, term=1, succeeded=true, lastLogIndex=17} from 3
22:48:31.757 [raft-server-1] TRACE i.a.p.raft.roles.LeaderAppender - RaftServer{1} - Committed entries up to 17
22:48:31.757 [raft-server-3-state] TRACE i.a.p.raft.impl.RaftServiceManager - RaftServer{3} - Applying Indexed{index=16, entry=CommandEntry{term=1, timestamp=2018-06-07 10:48:31,583, session=2, sequence=12, operation=PrimitiveOperation{id=DefaultOperationId{id=write, type=COMMAND}, value=byte[]{length=17, hash=-1644578928}}}}
22:48:31.757 [raft-server-2-state] TRACE i.a.p.raft.impl.RaftServiceManager - RaftServer{2} - Applying Indexed{index=16, entry=CommandEntry{term=1, timestamp=2018-06-07 10:48:31,583, session=2, sequence=12, operation=PrimitiveOperation{id=DefaultOperationId{id=write, type=COMMAND}, value=byte[]{length=17, hash=-1644578928}}}}
22:48:31.757 [raft-server-2-state] TRACE i.a.p.s.impl.DefaultServiceExecutor - PrimitiveService{2}{type=io.atomix.protocols.raft.RaftTest$TestPrimitiveType@2d95571d, name=raft-test} - Executing DefaultCommit{index=16, session=RaftSession{RaftServiceContext{server=2, type=io.atomix.protocols.raft.RaftTest$TestPrimitiveType@2d95571d, name=raft-test, id=2}, session=2, timestamp=2018-06-07 10:48:31,583}, time=2018-06-07 10:48:31,583, operation=DefaultOperationId{id=write, type=COMMAND}, value=byte[]{length=17, hash=-1644578928}}
22:48:31.757 [raft-server-3-state] TRACE i.a.p.s.impl.DefaultServiceExecutor - PrimitiveService{2}{type=io.atomix.protocols.raft.RaftTest$TestPrimitiveType@64a1ae5, name=raft-test} - Executing DefaultCommit{index=16, session=RaftSession{RaftServiceContext{server=3, type=io.atomix.protocols.raft.RaftTest$TestPrimitiveType@64a1ae5, name=raft-test, id=2}, session=2, timestamp=2018-06-07 10:48:31,583}, time=2018-06-07 10:48:31,583, operation=DefaultOperationId{id=write, type=COMMAND}, value=byte[]{length=17, hash=-1644578928}}
22:48:31.815 [raft-server-1] TRACE i.a.p.raft.roles.LeaderAppender - RaftServer{1} - Sending AppendRequest{term=1, leader=1, prevLogIndex=17, prevLogTerm=1, entries=0, commitIndex=17} to 3
22:48:31.815 [raft-server-1] TRACE i.a.p.raft.roles.LeaderAppender - RaftServer{1} - Received AppendResponse{status=OK, term=1, succeeded=true, lastLogIndex=17} from 2
22:48:31.815 [raft-server-3] TRACE i.a.p.raft.roles.FollowerRole - RaftServer{3}{role=FOLLOWER} - Received AppendRequest{term=1, leader=1, prevLogIndex=17, prevLogTerm=1, entries=0, commitIndex=17}
22:48:31.815 [raft-server-1] TRACE i.a.p.raft.roles.LeaderAppender - RaftServer{1} - Sending AppendRequest{term=1, leader=1, prevLogIndex=17, prevLogTerm=1, entries=0, commitIndex=17} to 2
22:48:31.815 [raft-server-2] TRACE i.a.p.raft.roles.FollowerRole - RaftServer{2}{role=FOLLOWER} - Received AppendRequest{term=1, leader=1, prevLogIndex=17, prevLogTerm=1, entries=0, commitIndex=17}
22:48:31.815 [raft-server-1-state] TRACE i.a.p.raft.impl.RaftServiceManager - RaftServer{1} - Applying Indexed{index=17, entry=CommandEntry{term=1, timestamp=2018-06-07 10:48:31,716, session=2, sequence=13, operation=PrimitiveOperation{id=DefaultOperationId{id=write, type=COMMAND}, value=byte[]{length=17, hash=-1644578928}}}}
22:48:31.816 [raft-server-1-state] TRACE i.a.p.s.impl.DefaultServiceExecutor - PrimitiveService{2}{type=io.atomix.protocols.raft.RaftTest$TestPrimitiveType@761d7cf3, name=raft-test} - Executing DefaultCommit{index=17, session=RaftSession{RaftServiceContext{server=1, type=io.atomix.protocols.raft.RaftTest$TestPrimitiveType@761d7cf3, name=raft-test, id=2}, session=2, timestamp=2018-06-07 10:48:31,716}, time=2018-06-07 10:48:31,716, operation=DefaultOperationId{id=write, type=COMMAND}, value=byte[]{length=17, hash=-1644578928}}
22:48:31.816 [raft-server-1-state] TRACE i.a.protocols.raft.roles.LeaderRole - RaftServer{1}{role=LEADER} - Sending CommandResponse{status=OK, index=17, eventIndex=2, result=byte[]{length=2, hash=1274}}
22:48:31.816 [raft-client-bd74d86e-809c-4ed1-87a8-2ec3ff75de78-6] TRACE i.a.p.r.p.impl.RaftProxyConnection - PartitionProxy{2}{type=io.atomix.protocols.raft.RaftTest$TestPrimitiveType@35bfa1bb, name=raft-test} - Received CommandResponse{status=OK, index=17, eventIndex=2, result=byte[]{length=2, hash=1274}} from 1
22:48:31.816 [raft-client-bd74d86e-809c-4ed1-87a8-2ec3ff75de78-6] TRACE i.a.p.r.p.impl.RaftProxySequencer - PartitionProxy{2}{type=io.atomix.protocols.raft.RaftTest$TestPrimitiveType@35bfa1bb, name=raft-test} - Completing response CommandResponse{status=OK, index=17, eventIndex=2, result=byte[]{length=2, hash=1274}}
22:48:31.816 [raft-client-bd74d86e-809c-4ed1-87a8-2ec3ff75de78-6] TRACE i.a.p.r.p.impl.RaftProxyConnection - PartitionProxy{2}{type=io.atomix.protocols.raft.RaftTest$TestPrimitiveType@35bfa1bb, name=raft-test} - Sending CommandRequest{session=2, sequence=14, operation=PrimitiveOperation{id=DefaultOperationId{id=write, type=COMMAND}, value=byte[]{length=17, hash=-1644578928}}} to 1
22:48:31.816 [raft-server-1] TRACE i.a.protocols.raft.roles.LeaderRole - RaftServer{1}{role=LEADER} - Received CommandRequest{session=2, sequence=14, operation=PrimitiveOperation{id=DefaultOperationId{id=write, type=COMMAND}, value=byte[]{length=17, hash=-1644578928}}}
22:48:31.816 [raft-server-1] TRACE i.a.protocols.raft.roles.LeaderRole - RaftServer{1}{role=LEADER} - Appended Indexed{index=18, entry=CommandEntry{term=1, timestamp=2018-06-07 10:48:31,816, session=2, sequence=14, operation=PrimitiveOperation{id=DefaultOperationId{id=write, type=COMMAND}, value=byte[]{length=17, hash=-1644578928}}}}
22:48:31.907 [raft-server-3] TRACE i.a.p.raft.roles.FollowerRole - RaftServer{3}{role=FOLLOWER} - Committed entries up to index 17
22:48:31.907 [raft-server-3] TRACE i.a.p.raft.roles.FollowerRole - RaftServer{3}{role=FOLLOWER} - Sending AppendResponse{status=OK, term=1, succeeded=true, lastLogIndex=17}
22:48:31.907 [raft-server-1] TRACE i.a.p.raft.roles.LeaderAppender - RaftServer{1} - Received AppendResponse{status=OK, term=1, succeeded=true, lastLogIndex=17} from 3
22:48:31.907 [raft-server-3-state] TRACE i.a.p.raft.impl.RaftServiceManager - RaftServer{3} - Applying Indexed{index=17, entry=CommandEntry{term=1, timestamp=2018-06-07 10:48:31,716, session=2, sequence=13, operation=PrimitiveOperation{id=DefaultOperationId{id=write, type=COMMAND}, value=byte[]{length=17, hash=-1644578928}}}}
22:48:31.907 [raft-server-1] TRACE i.a.p.raft.roles.LeaderAppender - RaftServer{1} - Sending AppendRequest{term=1, leader=1, prevLogIndex=17, prevLogTerm=1, entries=1, commitIndex=17} to 3
22:48:31.907 [raft-server-3-state] TRACE i.a.p.s.impl.DefaultServiceExecutor - PrimitiveService{2}{type=io.atomix.protocols.raft.RaftTest$TestPrimitiveType@64a1ae5, name=raft-test} - Executing DefaultCommit{index=17, session=RaftSession{RaftServiceContext{server=3, type=io.atomix.protocols.raft.RaftTest$TestPrimitiveType@64a1ae5, name=raft-test, id=2}, session=2, timestamp=2018-06-07 10:48:31,716}, time=2018-06-07 10:48:31,716, operation=DefaultOperationId{id=write, type=COMMAND}, value=byte[]{length=17, hash=-1644578928}}
22:48:31.907 [raft-server-3] TRACE i.a.p.raft.roles.FollowerRole - RaftServer{3}{role=FOLLOWER} - Received AppendRequest{term=1, leader=1, prevLogIndex=17, prevLogTerm=1, entries=1, commitIndex=17}
22:48:31.907 [raft-server-3] TRACE i.a.p.raft.roles.FollowerRole - RaftServer{3}{role=FOLLOWER} - Appended Indexed{index=18, entry=CommandEntry{term=1, timestamp=2018-06-07 10:48:31,816, session=2, sequence=14, operation=PrimitiveOperation{id=DefaultOperationId{id=write, type=COMMAND}, value=byte[]{length=17, hash=-1644578928}}}}
22:48:31.907 [raft-server-3] TRACE i.a.p.raft.roles.FollowerRole - RaftServer{3}{role=FOLLOWER} - Sending AppendResponse{status=OK, term=1, succeeded=true, lastLogIndex=18}
22:48:31.907 [raft-server-1] TRACE i.a.p.raft.roles.LeaderAppender - RaftServer{1} - Received AppendResponse{status=OK, term=1, succeeded=true, lastLogIndex=18} from 3
22:48:31.907 [raft-server-1] TRACE i.a.p.raft.roles.LeaderAppender - RaftServer{1} - Committed entries up to 18
22:48:31.965 [raft-server-2] TRACE i.a.p.raft.roles.FollowerRole - RaftServer{2}{role=FOLLOWER} - Committed entries up to index 17
22:48:31.965 [raft-server-2] TRACE i.a.p.raft.roles.FollowerRole - RaftServer{2}{role=FOLLOWER} - Sending AppendResponse{status=OK, term=1, succeeded=true, lastLogIndex=17}
22:48:31.965 [raft-server-2-state] TRACE i.a.p.raft.impl.RaftServiceManager - RaftServer{2} - Applying Indexed{index=17, entry=CommandEntry{term=1, timestamp=2018-06-07 10:48:31,716, session=2, sequence=13, operation=PrimitiveOperation{id=DefaultOperationId{id=write, type=COMMAND}, value=byte[]{length=17, hash=-1644578928}}}}
22:48:31.965 [raft-server-2-state] TRACE i.a.p.s.impl.DefaultServiceExecutor - PrimitiveService{2}{type=io.atomix.protocols.raft.RaftTest$TestPrimitiveType@2d95571d, name=raft-test} - Executing DefaultCommit{index=17, session=RaftSession{RaftServiceContext{server=2, type=io.atomix.protocols.raft.RaftTest$TestPrimitiveType@2d95571d, name=raft-test, id=2}, session=2, timestamp=2018-06-07 10:48:31,716}, time=2018-06-07 10:48:31,716, operation=DefaultOperationId{id=write, type=COMMAND}, value=byte[]{length=17, hash=-1644578928}}
22:48:32.040 [raft-server-1] TRACE i.a.p.raft.roles.LeaderAppender - RaftServer{1} - Received AppendResponse{status=OK, term=1, succeeded=true, lastLogIndex=17} from 2
22:48:32.040 [raft-server-1] TRACE i.a.p.raft.roles.LeaderAppender - RaftServer{1} - Sending AppendRequest{term=1, leader=1, prevLogIndex=17, prevLogTerm=1, entries=1, commitIndex=18} to 2
22:48:32.040 [raft-server-2] TRACE i.a.p.raft.roles.FollowerRole - RaftServer{2}{role=FOLLOWER} - Received AppendRequest{term=1, leader=1, prevLogIndex=17, prevLogTerm=1, entries=1, commitIndex=18}
22:48:32.040 [raft-server-1] TRACE i.a.p.raft.roles.LeaderAppender - RaftServer{1} - Sending AppendRequest{term=1, leader=1, prevLogIndex=18, prevLogTerm=1, entries=0, commitIndex=18} to 3
22:48:32.040 [raft-server-3] TRACE i.a.p.raft.roles.FollowerRole - RaftServer{3}{role=FOLLOWER} - Received AppendRequest{term=1, leader=1, prevLogIndex=18, prevLogTerm=1, entries=0, commitIndex=18}
22:48:32.040 [raft-server-2] TRACE i.a.p.raft.roles.FollowerRole - RaftServer{2}{role=FOLLOWER} - Appended Indexed{index=18, entry=CommandEntry{term=1, timestamp=2018-06-07 10:48:31,816, session=2, sequence=14, operation=PrimitiveOperation{id=DefaultOperationId{id=write, type=COMMAND}, value=byte[]{length=17, hash=-1644578928}}}}
22:48:32.040 [raft-server-1-state] TRACE i.a.p.raft.impl.RaftServiceManager - RaftServer{1} - Applying Indexed{index=18, entry=CommandEntry{term=1, timestamp=2018-06-07 10:48:31,816, session=2, sequence=14, operation=PrimitiveOperation{id=DefaultOperationId{id=write, type=COMMAND}, value=byte[]{length=17, hash=-1644578928}}}}
22:48:32.040 [raft-server-1-state] TRACE i.a.p.s.impl.DefaultServiceExecutor - PrimitiveService{2}{type=io.atomix.protocols.raft.RaftTest$TestPrimitiveType@761d7cf3, name=raft-test} - Executing DefaultCommit{index=18, session=RaftSession{RaftServiceContext{server=1, type=io.atomix.protocols.raft.RaftTest$TestPrimitiveType@761d7cf3, name=raft-test, id=2}, session=2, timestamp=2018-06-07 10:48:31,816}, time=2018-06-07 10:48:31,816, operation=DefaultOperationId{id=write, type=COMMAND}, value=byte[]{length=17, hash=-1644578928}}
22:48:32.040 [raft-server-1-state] TRACE i.a.protocols.raft.roles.LeaderRole - RaftServer{1}{role=LEADER} - Sending CommandResponse{status=OK, index=18, eventIndex=2, result=byte[]{length=2, hash=1276}}
22:48:32.041 [raft-client-bd74d86e-809c-4ed1-87a8-2ec3ff75de78-0] TRACE i.a.p.r.p.impl.RaftProxyConnection - PartitionProxy{2}{type=io.atomix.protocols.raft.RaftTest$TestPrimitiveType@35bfa1bb, name=raft-test} - Received CommandResponse{status=OK, index=18, eventIndex=2, result=byte[]{length=2, hash=1276}} from 1
22:48:32.041 [raft-client-bd74d86e-809c-4ed1-87a8-2ec3ff75de78-0] TRACE i.a.p.r.p.impl.RaftProxySequencer - PartitionProxy{2}{type=io.atomix.protocols.raft.RaftTest$TestPrimitiveType@35bfa1bb, name=raft-test} - Completing response CommandResponse{status=OK, index=18, eventIndex=2, result=byte[]{length=2, hash=1276}}
22:48:32.041 [raft-client-bd74d86e-809c-4ed1-87a8-2ec3ff75de78-0] TRACE i.a.p.r.p.impl.RaftProxyConnection - PartitionProxy{2}{type=io.atomix.protocols.raft.RaftTest$TestPrimitiveType@35bfa1bb, name=raft-test} - Sending CommandRequest{session=2, sequence=15, operation=PrimitiveOperation{id=DefaultOperationId{id=write, type=COMMAND}, value=byte[]{length=17, hash=-1644578928}}} to 1
22:48:32.041 [raft-server-1] TRACE i.a.protocols.raft.roles.LeaderRole - RaftServer{1}{role=LEADER} - Received CommandRequest{session=2, sequence=15, operation=PrimitiveOperation{id=DefaultOperationId{id=write, type=COMMAND}, value=byte[]{length=17, hash=-1644578928}}}
22:48:32.041 [raft-server-1] TRACE i.a.protocols.raft.roles.LeaderRole - RaftServer{1}{role=LEADER} - Appended Indexed{index=19, entry=CommandEntry{term=1, timestamp=2018-06-07 10:48:32,041, session=2, sequence=15, operation=PrimitiveOperation{id=DefaultOperationId{id=write, type=COMMAND}, value=byte[]{length=17, hash=-1644578928}}}}
22:48:32.107 [raft-server-2] TRACE i.a.p.raft.roles.FollowerRole - RaftServer{2}{role=FOLLOWER} - Committed entries up to index 18
22:48:32.107 [raft-server-3] TRACE i.a.p.raft.roles.FollowerRole - RaftServer{3}{role=FOLLOWER} - Committed entries up to index 18
22:48:32.107 [raft-server-2] TRACE i.a.p.raft.roles.FollowerRole - RaftServer{2}{role=FOLLOWER} - Sending AppendResponse{status=OK, term=1, succeeded=true, lastLogIndex=18}
22:48:32.107 [raft-server-3] TRACE i.a.p.raft.roles.FollowerRole - RaftServer{3}{role=FOLLOWER} - Sending AppendResponse{status=OK, term=1, succeeded=true, lastLogIndex=18}
22:48:32.107 [raft-server-1] TRACE i.a.p.raft.roles.LeaderAppender - RaftServer{1} - Received AppendResponse{status=OK, term=1, succeeded=true, lastLogIndex=18} from 2
22:48:32.107 [raft-server-3-state] TRACE i.a.p.raft.impl.RaftServiceManager - RaftServer{3} - Applying Indexed{index=18, entry=CommandEntry{term=1, timestamp=2018-06-07 10:48:31,816, session=2, sequence=14, operation=PrimitiveOperation{id=DefaultOperationId{id=write, type=COMMAND}, value=byte[]{length=17, hash=-1644578928}}}}
22:48:32.107 [raft-server-2-state] TRACE i.a.p.raft.impl.RaftServiceManager - RaftServer{2} - Applying Indexed{index=18, entry=CommandEntry{term=1, timestamp=2018-06-07 10:48:31,816, session=2, sequence=14, operation=PrimitiveOperation{id=DefaultOperationId{id=write, type=COMMAND}, value=byte[]{length=17, hash=-1644578928}}}}
22:48:32.107 [raft-server-1] TRACE i.a.p.raft.roles.LeaderAppender - RaftServer{1} - Sending AppendRequest{term=1, leader=1, prevLogIndex=18, prevLogTerm=1, entries=1, commitIndex=18} to 2
22:48:32.107 [raft-server-3-state] TRACE i.a.p.s.impl.DefaultServiceExecutor - PrimitiveService{2}{type=io.atomix.protocols.raft.RaftTest$TestPrimitiveType@64a1ae5, name=raft-test} - Executing DefaultCommit{index=18, session=RaftSession{RaftServiceContext{server=3, type=io.atomix.protocols.raft.RaftTest$TestPrimitiveType@64a1ae5, name=raft-test, id=2}, session=2, timestamp=2018-06-07 10:48:31,816}, time=2018-06-07 10:48:31,816, operation=DefaultOperationId{id=write, type=COMMAND}, value=byte[]{length=17, hash=-1644578928}}
22:48:32.107 [raft-server-2-state] TRACE i.a.p.s.impl.DefaultServiceExecutor - PrimitiveService{2}{type=io.atomix.protocols.raft.RaftTest$TestPrimitiveType@2d95571d, name=raft-test} - Executing DefaultCommit{index=18, session=RaftSession{RaftServiceContext{server=2, type=io.atomix.protocols.raft.RaftTest$TestPrimitiveType@2d95571d, name=raft-test, id=2}, session=2, timestamp=2018-06-07 10:48:31,816}, time=2018-06-07 10:48:31,816, operation=DefaultOperationId{id=write, type=COMMAND}, value=byte[]{length=17, hash=-1644578928}}
22:48:32.107 [raft-server-2] TRACE i.a.p.raft.roles.FollowerRole - RaftServer{2}{role=FOLLOWER} - Received AppendRequest{term=1, leader=1, prevLogIndex=18, prevLogTerm=1, entries=1, commitIndex=18}
22:48:32.107 [raft-server-1] TRACE i.a.p.raft.roles.LeaderAppender - RaftServer{1} - Sending AppendRequest{term=1, leader=1, prevLogIndex=18, prevLogTerm=1, entries=1, commitIndex=18} to 3
22:48:32.107 [raft-server-1] TRACE i.a.p.raft.roles.LeaderAppender - RaftServer{1} - Received AppendResponse{status=OK, term=1, succeeded=true, lastLogIndex=18} from 3
22:48:32.107 [raft-server-3] TRACE i.a.p.raft.roles.FollowerRole - RaftServer{3}{role=FOLLOWER} - Received AppendRequest{term=1, leader=1, prevLogIndex=18, prevLogTerm=1, entries=1, commitIndex=18}
22:48:32.107 [raft-server-2] TRACE i.a.p.raft.roles.FollowerRole - RaftServer{2}{role=FOLLOWER} - Appended Indexed{index=19, entry=CommandEntry{term=1, timestamp=2018-06-07 10:48:32,041, session=2, sequence=15, operation=PrimitiveOperation{id=DefaultOperationId{id=write, type=COMMAND}, value=byte[]{length=17, hash=-1644578928}}}}
22:48:32.107 [raft-server-2] TRACE i.a.p.raft.roles.FollowerRole - RaftServer{2}{role=FOLLOWER} - Sending AppendResponse{status=OK, term=1, succeeded=true, lastLogIndex=19}
22:48:32.107 [raft-server-3] TRACE i.a.p.raft.roles.FollowerRole - RaftServer{3}{role=FOLLOWER} - Appended Indexed{index=19, entry=CommandEntry{term=1, timestamp=2018-06-07 10:48:32,041, session=2, sequence=15, operation=PrimitiveOperation{id=DefaultOperationId{id=write, type=COMMAND}, value=byte[]{length=17, hash=-1644578928}}}}
22:48:32.107 [raft-server-1] TRACE i.a.p.raft.roles.LeaderAppender - RaftServer{1} - Received AppendResponse{status=OK, term=1, succeeded=true, lastLogIndex=19} from 2
22:48:32.107 [raft-server-3] TRACE i.a.p.raft.roles.FollowerRole - RaftServer{3}{role=FOLLOWER} - Sending AppendResponse{status=OK, term=1, succeeded=true, lastLogIndex=19}
22:48:32.108 [raft-server-1] TRACE i.a.p.raft.roles.LeaderAppender - RaftServer{1} - Committed entries up to 19
22:48:32.161 [raft-client-bd74d86e-809c-4ed1-87a8-2ec3ff75de78-7] TRACE i.a.p.r.proxy.impl.RaftProxyManager - RaftClient{bd74d86e-809c-4ed1-87a8-2ec3ff75de78} - Keeping 1 sessions alive
22:48:32.161 [raft-client-bd74d86e-809c-4ed1-87a8-2ec3ff75de78-7] TRACE i.a.p.r.p.impl.RaftProxyConnection - RaftClient{bd74d86e-809c-4ed1-87a8-2ec3ff75de78} - Sending KeepAliveRequest{sessionIds=long[]{length=1, hash=33}, commandSequences=long[]{length=1, hash=45}, eventIndexes=long[]{length=1, hash=33}} to 2
22:48:32.161 [raft-server-2] TRACE i.a.p.raft.roles.FollowerRole - RaftServer{2}{role=FOLLOWER} - Received KeepAliveRequest{sessionIds=long[]{length=1, hash=33}, commandSequences=long[]{length=1, hash=45}, eventIndexes=long[]{length=1, hash=33}}
22:48:32.232 [raft-server-1] TRACE i.a.p.raft.roles.LeaderAppender - RaftServer{1} - Received AppendResponse{status=OK, term=1, succeeded=true, lastLogIndex=19} from 3
22:48:32.232 [raft-server-1] TRACE i.a.protocols.raft.roles.LeaderRole - RaftServer{1}{role=LEADER} - Received KeepAliveRequest{sessionIds=long[]{length=1, hash=33}, commandSequences=long[]{length=1, hash=45}, eventIndexes=long[]{length=1, hash=33}}
22:48:32.232 [raft-server-1] TRACE i.a.protocols.raft.roles.LeaderRole - RaftServer{1}{role=LEADER} - Appended Indexed{index=20, entry=KeepAliveEntry{term=1, timestamp=2018-06-07 10:48:32,232, sessionIds=long[]{length=1, hash=33}, commandSequences=long[]{length=1, hash=45}, eventIndexes=long[]{length=1, hash=33}}}
22:48:32.232 [raft-server-1] TRACE i.a.p.raft.roles.LeaderAppender - RaftServer{1} - Sending AppendRequest{term=1, leader=1, prevLogIndex=19, prevLogTerm=1, entries=1, commitIndex=19} to 3
22:48:32.232 [raft-server-1-state] TRACE i.a.p.raft.impl.RaftServiceManager - RaftServer{1} - Applying Indexed{index=19, entry=CommandEntry{term=1, timestamp=2018-06-07 10:48:32,041, session=2, sequence=15, operation=PrimitiveOperation{id=DefaultOperationId{id=write, type=COMMAND}, value=byte[]{length=17, hash=-1644578928}}}}
22:48:32.232 [raft-server-3] TRACE i.a.p.raft.roles.FollowerRole - RaftServer{3}{role=FOLLOWER} - Received AppendRequest{term=1, leader=1, prevLogIndex=19, prevLogTerm=1, entries=1, commitIndex=19}
22:48:32.232 [raft-server-1-state] TRACE i.a.p.s.impl.DefaultServiceExecutor - PrimitiveService{2}{type=io.atomix.protocols.raft.RaftTest$TestPrimitiveType@761d7cf3, name=raft-test} - Executing DefaultCommit{index=19, session=RaftSession{RaftServiceContext{server=1, type=io.atomix.protocols.raft.RaftTest$TestPrimitiveType@761d7cf3, name=raft-test, id=2}, session=2, timestamp=2018-06-07 10:48:32,041}, time=2018-06-07 10:48:32,041, operation=DefaultOperationId{id=write, type=COMMAND}, value=byte[]{length=17, hash=-1644578928}}
22:48:32.232 [raft-server-1] TRACE i.a.p.raft.roles.LeaderAppender - RaftServer{1} - Sending AppendRequest{term=1, leader=1, prevLogIndex=19, prevLogTerm=1, entries=1, commitIndex=19} to 2
22:48:32.232 [raft-server-1-state] TRACE i.a.protocols.raft.roles.LeaderRole - RaftServer{1}{role=LEADER} - Sending CommandResponse{status=OK, index=19, eventIndex=2, result=byte[]{length=2, hash=1278}}
22:48:32.232 [raft-server-3] TRACE i.a.p.raft.roles.FollowerRole - RaftServer{3}{role=FOLLOWER} - Appended Indexed{index=20, entry=KeepAliveEntry{term=1, timestamp=2018-06-07 10:48:32,232, sessionIds=long[]{length=1, hash=33}, commandSequences=long[]{length=1, hash=45}, eventIndexes=long[]{length=1, hash=33}}}
22:48:32.232 [raft-server-2] TRACE i.a.p.raft.roles.FollowerRole - RaftServer{2}{role=FOLLOWER} - Received AppendRequest{term=1, leader=1, prevLogIndex=19, prevLogTerm=1, entries=1, commitIndex=19}
22:48:32.232 [raft-client-bd74d86e-809c-4ed1-87a8-2ec3ff75de78-0] TRACE i.a.p.r.p.impl.RaftProxyConnection - PartitionProxy{2}{type=io.atomix.protocols.raft.RaftTest$TestPrimitiveType@35bfa1bb, name=raft-test} - Received CommandResponse{status=OK, index=19, eventIndex=2, result=byte[]{length=2, hash=1278}} from 1
22:48:32.232 [raft-client-bd74d86e-809c-4ed1-87a8-2ec3ff75de78-0] TRACE i.a.p.r.p.impl.RaftProxySequencer - PartitionProxy{2}{type=io.atomix.protocols.raft.RaftTest$TestPrimitiveType@35bfa1bb, name=raft-test} - Completing response CommandResponse{status=OK, index=19, eventIndex=2, result=byte[]{length=2, hash=1278}}
22:48:32.232 [raft-server-2] TRACE i.a.p.raft.roles.FollowerRole - RaftServer{2}{role=FOLLOWER} - Appended Indexed{index=20, entry=KeepAliveEntry{term=1, timestamp=2018-06-07 10:48:32,232, sessionIds=long[]{length=1, hash=33}, commandSequences=long[]{length=1, hash=45}, eventIndexes=long[]{length=1, hash=33}}}
22:48:32.233 [raft-client-bd74d86e-809c-4ed1-87a8-2ec3ff75de78-0] TRACE i.a.p.r.p.impl.RaftProxyConnection - PartitionProxy{2}{type=io.atomix.protocols.raft.RaftTest$TestPrimitiveType@35bfa1bb, name=raft-test} - Sending CommandRequest{session=2, sequence=16, operation=PrimitiveOperation{id=DefaultOperationId{id=write, type=COMMAND}, value=byte[]{length=17, hash=-1644578928}}} to 1
22:48:32.233 [raft-server-1] TRACE i.a.protocols.raft.roles.LeaderRole - RaftServer{1}{role=LEADER} - Received CommandRequest{session=2, sequence=16, operation=PrimitiveOperation{id=DefaultOperationId{id=write, type=COMMAND}, value=byte[]{length=17, hash=-1644578928}}}
22:48:32.290 [raft-server-2] TRACE i.a.p.raft.roles.FollowerRole - RaftServer{2}{role=FOLLOWER} - Committed entries up to index 19
22:48:32.290 [raft-server-3] TRACE i.a.p.raft.roles.FollowerRole - RaftServer{3}{role=FOLLOWER} - Committed entries up to index 19
22:48:32.290 [raft-server-2] TRACE i.a.p.raft.roles.FollowerRole - RaftServer{2}{role=FOLLOWER} - Sending AppendResponse{status=OK, term=1, succeeded=true, lastLogIndex=20}
22:48:32.291 [raft-server-3] TRACE i.a.p.raft.roles.FollowerRole - RaftServer{3}{role=FOLLOWER} - Sending AppendResponse{status=OK, term=1, succeeded=true, lastLogIndex=20}
22:48:32.291 [raft-server-3-state] TRACE i.a.p.raft.impl.RaftServiceManager - RaftServer{3} - Applying Indexed{index=19, entry=CommandEntry{term=1, timestamp=2018-06-07 10:48:32,041, session=2, sequence=15, operation=PrimitiveOperation{id=DefaultOperationId{id=write, type=COMMAND}, value=byte[]{length=17, hash=-1644578928}}}}
22:48:32.291 [raft-server-2-state] TRACE i.a.p.raft.impl.RaftServiceManager - RaftServer{2} - Applying Indexed{index=19, entry=CommandEntry{term=1, timestamp=2018-06-07 10:48:32,041, session=2, sequence=15, operation=PrimitiveOperation{id=DefaultOperationId{id=write, type=COMMAND}, value=byte[]{length=17, hash=-1644578928}}}}
22:48:32.291 [raft-server-3-state] TRACE i.a.p.s.impl.DefaultServiceExecutor - PrimitiveService{2}{type=io.atomix.protocols.raft.RaftTest$TestPrimitiveType@64a1ae5, name=raft-test} - Executing DefaultCommit{index=19, session=RaftSession{RaftServiceContext{server=3, type=io.atomix.protocols.raft.RaftTest$TestPrimitiveType@64a1ae5, name=raft-test, id=2}, session=2, timestamp=2018-06-07 10:48:32,041}, time=2018-06-07 10:48:32,041, operation=DefaultOperationId{id=write, type=COMMAND}, value=byte[]{length=17, hash=-1644578928}}
22:48:32.291 [raft-server-2-state] TRACE i.a.p.s.impl.DefaultServiceExecutor - PrimitiveService{2}{type=io.atomix.protocols.raft.RaftTest$TestPrimitiveType@2d95571d, name=raft-test} - Executing DefaultCommit{index=19, session=RaftSession{RaftServiceContext{server=2, type=io.atomix.protocols.raft.RaftTest$TestPrimitiveType@2d95571d, name=raft-test, id=2}, session=2, timestamp=2018-06-07 10:48:32,041}, time=2018-06-07 10:48:32,041, operation=DefaultOperationId{id=write, type=COMMAND}, value=byte[]{length=17, hash=-1644578928}}
22:48:32.315 [raft-server-1] DEBUG i.a.storage.journal.SegmentedJournal - Created disk segment: JournalSegment{id=3, version=1, index=21, size=64}
22:48:32.315 [raft-server-1] TRACE i.a.protocols.raft.roles.LeaderRole - RaftServer{1}{role=LEADER} - Appended Indexed{index=21, entry=CommandEntry{term=1, timestamp=2018-06-07 10:48:32,233, session=2, sequence=16, operation=PrimitiveOperation{id=DefaultOperationId{id=write, type=COMMAND}, value=byte[]{length=17, hash=-1644578928}}}}
22:48:32.315 [raft-server-1] TRACE i.a.p.raft.roles.LeaderAppender - RaftServer{1} - Sending AppendRequest{term=1, leader=1, prevLogIndex=20, prevLogTerm=1, entries=1, commitIndex=19} to 3
22:48:32.315 [raft-server-3] TRACE i.a.p.raft.roles.FollowerRole - RaftServer{3}{role=FOLLOWER} - Received AppendRequest{term=1, leader=1, prevLogIndex=20, prevLogTerm=1, entries=1, commitIndex=19}
22:48:32.315 [raft-server-1] TRACE i.a.p.raft.roles.LeaderAppender - RaftServer{1} - Sending AppendRequest{term=1, leader=1, prevLogIndex=20, prevLogTerm=1, entries=1, commitIndex=19} to 2
22:48:32.315 [raft-server-2] TRACE i.a.p.raft.roles.FollowerRole - RaftServer{2}{role=FOLLOWER} - Received AppendRequest{term=1, leader=1, prevLogIndex=20, prevLogTerm=1, entries=1, commitIndex=19}
22:48:32.315 [raft-server-1] TRACE i.a.p.raft.roles.LeaderAppender - RaftServer{1} - Received AppendResponse{status=OK, term=1, succeeded=true, lastLogIndex=20} from 2
22:48:32.315 [raft-server-1] TRACE i.a.p.raft.roles.LeaderAppender - RaftServer{1} - Committed entries up to 20
22:48:32.345 [raft-server-1] TRACE i.a.p.raft.roles.LeaderAppender - RaftServer{1} - Received AppendResponse{status=OK, term=1, succeeded=true, lastLogIndex=20} from 3
22:48:32.345 [raft-server-1-state] TRACE i.a.p.raft.impl.RaftServiceManager - RaftServer{1} - Applying Indexed{index=20, entry=KeepAliveEntry{term=1, timestamp=2018-06-07 10:48:32,232, sessionIds=long[]{length=1, hash=33}, commandSequences=long[]{length=1, hash=45}, eventIndexes=long[]{length=1, hash=33}}}
22:48:32.345 [raft-server-1] TRACE i.a.protocols.raft.roles.LeaderRole - RaftServer{1}{role=LEADER} - Sending KeepAliveResponse{status=OK, leader=1, members=[1, 3, 2], sessionIds=long[]{length=1, hash=33}}
22:48:32.378 [raft-server-2] DEBUG i.a.storage.journal.SegmentedJournal - Created disk segment: JournalSegment{id=3, version=1, index=21, size=64}
22:48:32.378 [raft-server-3] DEBUG i.a.storage.journal.SegmentedJournal - Created disk segment: JournalSegment{id=3, version=1, index=21, size=64}
22:48:32.378 [raft-server-2] TRACE i.a.p.raft.roles.FollowerRole - RaftServer{2}{role=FOLLOWER} - Appended Indexed{index=21, entry=CommandEntry{term=1, timestamp=2018-06-07 10:48:32,233, session=2, sequence=16, operation=PrimitiveOperation{id=DefaultOperationId{id=write, type=COMMAND}, value=byte[]{length=17, hash=-1644578928}}}}
22:48:32.378 [raft-server-3] TRACE i.a.p.raft.roles.FollowerRole - RaftServer{3}{role=FOLLOWER} - Appended Indexed{index=21, entry=CommandEntry{term=1, timestamp=2018-06-07 10:48:32,233, session=2, sequence=16, operation=PrimitiveOperation{id=DefaultOperationId{id=write, type=COMMAND}, value=byte[]{length=17, hash=-1644578928}}}}
22:48:32.378 [raft-server-2] TRACE i.a.p.raft.roles.FollowerRole - RaftServer{2}{role=FOLLOWER} - Sending AppendResponse{status=OK, term=1, succeeded=true, lastLogIndex=21}
22:48:32.378 [raft-server-3] TRACE i.a.p.raft.roles.FollowerRole - RaftServer{3}{role=FOLLOWER} - Sending AppendResponse{status=OK, term=1, succeeded=true, lastLogIndex=21}
22:48:32.379 [raft-server-1] TRACE i.a.p.raft.roles.LeaderAppender - RaftServer{1} - Received AppendResponse{status=OK, term=1, succeeded=true, lastLogIndex=21} from 2
22:48:32.379 [raft-server-2] TRACE i.a.p.raft.roles.FollowerRole - RaftServer{2}{role=FOLLOWER} - Sending KeepAliveResponse{status=OK, leader=1, members=[1, 3, 2], sessionIds=long[]{length=1, hash=33}}
22:48:32.379 [raft-server-1] TRACE i.a.p.raft.roles.LeaderAppender - RaftServer{1} - Committed entries up to 21
22:48:32.379 [raft-client-bd74d86e-809c-4ed1-87a8-2ec3ff75de78-2] TRACE i.a.p.r.p.impl.RaftProxyConnection - RaftClient{bd74d86e-809c-4ed1-87a8-2ec3ff75de78} - Received KeepAliveResponse{status=OK, leader=1, members=[1, 3, 2], sessionIds=long[]{length=1, hash=33}} from 2
22:48:32.403 [raft-server-1] TRACE i.a.p.raft.roles.LeaderAppender - RaftServer{1} - Sending AppendRequest{term=1, leader=1, prevLogIndex=21, prevLogTerm=1, entries=0, commitIndex=21} to 2
22:48:32.403 [raft-server-1] TRACE i.a.p.raft.roles.LeaderAppender - RaftServer{1} - Received AppendResponse{status=OK, term=1, succeeded=true, lastLogIndex=21} from 3
22:48:32.403 [raft-server-1] TRACE i.a.p.raft.roles.LeaderAppender - RaftServer{1} - Sending AppendRequest{term=1, leader=1, prevLogIndex=21, prevLogTerm=1, entries=0, commitIndex=21} to 3
22:48:32.403 [raft-server-3] TRACE i.a.p.raft.roles.FollowerRole - RaftServer{3}{role=FOLLOWER} - Received AppendRequest{term=1, leader=1, prevLogIndex=21, prevLogTerm=1, entries=0, commitIndex=21}
22:48:32.403 [raft-server-1-state] TRACE i.a.p.raft.impl.RaftServiceManager - RaftServer{1} - Applying Indexed{index=21, entry=CommandEntry{term=1, timestamp=2018-06-07 10:48:32,233, session=2, sequence=16, operation=PrimitiveOperation{id=DefaultOperationId{id=write, type=COMMAND}, value=byte[]{length=17, hash=-1644578928}}}}
22:48:32.403 [raft-server-2] TRACE i.a.p.raft.roles.FollowerRole - RaftServer{2}{role=FOLLOWER} - Received AppendRequest{term=1, leader=1, prevLogIndex=21, prevLogTerm=1, entries=0, commitIndex=21}
22:48:32.403 [raft-server-1-state] TRACE i.a.p.s.impl.DefaultServiceExecutor - PrimitiveService{2}{type=io.atomix.protocols.raft.RaftTest$TestPrimitiveType@761d7cf3, name=raft-test} - Executing DefaultCommit{index=21, session=RaftSession{RaftServiceContext{server=1, type=io.atomix.protocols.raft.RaftTest$TestPrimitiveType@761d7cf3, name=raft-test, id=2}, session=2, timestamp=2018-06-07 10:48:32,233}, time=2018-06-07 10:48:32,233, operation=DefaultOperationId{id=write, type=COMMAND}, value=byte[]{length=17, hash=-1644578928}}
22:48:32.404 [raft-server-1-state] TRACE i.a.protocols.raft.roles.LeaderRole - RaftServer{1}{role=LEADER} - Sending CommandResponse{status=OK, index=21, eventIndex=2, result=byte[]{length=2, hash=1282}}
22:48:32.404 [raft-client-bd74d86e-809c-4ed1-87a8-2ec3ff75de78-4] TRACE i.a.p.r.p.impl.RaftProxyConnection - PartitionProxy{2}{type=io.atomix.protocols.raft.RaftTest$TestPrimitiveType@35bfa1bb, name=raft-test} - Received CommandResponse{status=OK, index=21, eventIndex=2, result=byte[]{length=2, hash=1282}} from 1
22:48:32.404 [raft-client-bd74d86e-809c-4ed1-87a8-2ec3ff75de78-4] TRACE i.a.p.r.p.impl.RaftProxySequencer - PartitionProxy{2}{type=io.atomix.protocols.raft.RaftTest$TestPrimitiveType@35bfa1bb, name=raft-test} - Completing response CommandResponse{status=OK, index=21, eventIndex=2, result=byte[]{length=2, hash=1282}}
22:48:32.404 [raft-client-bd74d86e-809c-4ed1-87a8-2ec3ff75de78-1] TRACE i.a.p.r.p.impl.RaftProxyConnection - PartitionProxy{2}{type=io.atomix.protocols.raft.RaftTest$TestPrimitiveType@35bfa1bb, name=raft-test} - Sending CommandRequest{session=2, sequence=17, operation=PrimitiveOperation{id=DefaultOperationId{id=write, type=COMMAND}, value=byte[]{length=17, hash=-1644578928}}} to 1
22:48:32.404 [raft-server-1] TRACE i.a.protocols.raft.roles.LeaderRole - RaftServer{1}{role=LEADER} - Received CommandRequest{session=2, sequence=17, operation=PrimitiveOperation{id=DefaultOperationId{id=write, type=COMMAND}, value=byte[]{length=17, hash=-1644578928}}}
22:48:32.405 [raft-server-1] TRACE i.a.protocols.raft.roles.LeaderRole - RaftServer{1}{role=LEADER} - Appended Indexed{index=22, entry=CommandEntry{term=1, timestamp=2018-06-07 10:48:32,404, session=2, sequence=17, operation=PrimitiveOperation{id=DefaultOperationId{id=write, type=COMMAND}, value=byte[]{length=17, hash=-1644578928}}}}
22:48:32.436 [raft-server-3] TRACE i.a.p.raft.roles.FollowerRole - RaftServer{3}{role=FOLLOWER} - Committed entries up to index 21
22:48:32.436 [raft-server-2] TRACE i.a.p.raft.roles.FollowerRole - RaftServer{2}{role=FOLLOWER} - Committed entries up to index 21
22:48:32.436 [raft-server-3] TRACE i.a.p.raft.roles.FollowerRole - RaftServer{3}{role=FOLLOWER} - Sending AppendResponse{status=OK, term=1, succeeded=true, lastLogIndex=21}
22:48:32.437 [raft-server-2] TRACE i.a.p.raft.roles.FollowerRole - RaftServer{2}{role=FOLLOWER} - Sending AppendResponse{status=OK, term=1, succeeded=true, lastLogIndex=21}
22:48:32.437 [raft-server-1] TRACE i.a.p.raft.roles.LeaderAppender - RaftServer{1} - Received AppendResponse{status=OK, term=1, succeeded=true, lastLogIndex=21} from 3
22:48:32.437 [raft-server-1] TRACE i.a.p.raft.roles.LeaderAppender - RaftServer{1} - Sending AppendRequest{term=1, leader=1, prevLogIndex=21, prevLogTerm=1, entries=1, commitIndex=21} to 3
22:48:32.437 [raft-server-3-state] TRACE i.a.p.raft.impl.RaftServiceManager - RaftServer{3} - Applying Indexed{index=20, entry=KeepAliveEntry{term=1, timestamp=2018-06-07 10:48:32,232, sessionIds=long[]{length=1, hash=33}, commandSequences=long[]{length=1, hash=45}, eventIndexes=long[]{length=1, hash=33}}}
22:48:32.437 [raft-server-2-state] TRACE i.a.p.raft.impl.RaftServiceManager - RaftServer{2} - Applying Indexed{index=20, entry=KeepAliveEntry{term=1, timestamp=2018-06-07 10:48:32,232, sessionIds=long[]{length=1, hash=33}, commandSequences=long[]{length=1, hash=45}, eventIndexes=long[]{length=1, hash=33}}}
22:48:32.437 [raft-server-1] TRACE i.a.p.raft.roles.LeaderAppender - RaftServer{1} - Received AppendResponse{status=OK, term=1, succeeded=true, lastLogIndex=21} from 2
22:48:32.437 [raft-server-3] TRACE i.a.p.raft.roles.FollowerRole - RaftServer{3}{role=FOLLOWER} - Received AppendRequest{term=1, leader=1, prevLogIndex=21, prevLogTerm=1, entries=1, commitIndex=21}
22:48:32.437 [raft-server-1] TRACE i.a.p.raft.roles.LeaderAppender - RaftServer{1} - Sending AppendRequest{term=1, leader=1, prevLogIndex=21, prevLogTerm=1, entries=1, commitIndex=21} to 2
22:48:32.437 [raft-server-2-state] TRACE i.a.p.raft.impl.RaftServiceManager - RaftServer{2} - Applying Indexed{index=21, entry=CommandEntry{term=1, timestamp=2018-06-07 10:48:32,233, session=2, sequence=16, operation=PrimitiveOperation{id=DefaultOperationId{id=write, type=COMMAND}, value=byte[]{length=17, hash=-1644578928}}}}
22:48:32.437 [raft-server-3-state] TRACE i.a.p.raft.impl.RaftServiceManager - RaftServer{3} - Applying Indexed{index=21, entry=CommandEntry{term=1, timestamp=2018-06-07 10:48:32,233, session=2, sequence=16, operation=PrimitiveOperation{id=DefaultOperationId{id=write, type=COMMAND}, value=byte[]{length=17, hash=-1644578928}}}}
22:48:32.437 [raft-server-2] TRACE i.a.p.raft.roles.FollowerRole - RaftServer{2}{role=FOLLOWER} - Received AppendRequest{term=1, leader=1, prevLogIndex=21, prevLogTerm=1, entries=1, commitIndex=21}
22:48:32.437 [raft-server-2-state] TRACE i.a.p.s.impl.DefaultServiceExecutor - PrimitiveService{2}{type=io.atomix.protocols.raft.RaftTest$TestPrimitiveType@2d95571d, name=raft-test} - Executing DefaultCommit{index=21, session=RaftSession{RaftServiceContext{server=2, type=io.atomix.protocols.raft.RaftTest$TestPrimitiveType@2d95571d, name=raft-test, id=2}, session=2, timestamp=2018-06-07 10:48:32,233}, time=2018-06-07 10:48:32,233, operation=DefaultOperationId{id=write, type=COMMAND}, value=byte[]{length=17, hash=-1644578928}}
22:48:32.437 [raft-server-3] TRACE i.a.p.raft.roles.FollowerRole - RaftServer{3}{role=FOLLOWER} - Appended Indexed{index=22, entry=CommandEntry{term=1, timestamp=2018-06-07 10:48:32,404, session=2, sequence=17, operation=PrimitiveOperation{id=DefaultOperationId{id=write, type=COMMAND}, value=byte[]{length=17, hash=-1644578928}}}}
22:48:32.437 [raft-server-3-state] TRACE i.a.p.s.impl.DefaultServiceExecutor - PrimitiveService{2}{type=io.atomix.protocols.raft.RaftTest$TestPrimitiveType@64a1ae5, name=raft-test} - Executing DefaultCommit{index=21, session=RaftSession{RaftServiceContext{server=3, type=io.atomix.protocols.raft.RaftTest$TestPrimitiveType@64a1ae5, name=raft-test, id=2}, session=2, timestamp=2018-06-07 10:48:32,233}, time=2018-06-07 10:48:32,233, operation=DefaultOperationId{id=write, type=COMMAND}, value=byte[]{length=17, hash=-1644578928}}
22:48:32.437 [raft-server-3] TRACE i.a.p.raft.roles.FollowerRole - RaftServer{3}{role=FOLLOWER} - Sending AppendResponse{status=OK, term=1, succeeded=true, lastLogIndex=22}
22:48:32.437 [raft-server-2] TRACE i.a.p.raft.roles.FollowerRole - RaftServer{2}{role=FOLLOWER} - Appended Indexed{index=22, entry=CommandEntry{term=1, timestamp=2018-06-07 10:48:32,404, session=2, sequence=17, operation=PrimitiveOperation{id=DefaultOperationId{id=write, type=COMMAND}, value=byte[]{length=17, hash=-1644578928}}}}
22:48:32.437 [raft-server-1] TRACE i.a.p.raft.roles.LeaderAppender - RaftServer{1} - Received AppendResponse{status=OK, term=1, succeeded=true, lastLogIndex=22} from 3
22:48:32.437 [raft-server-2] TRACE i.a.p.raft.roles.FollowerRole - RaftServer{2}{role=FOLLOWER} - Sending AppendResponse{status=OK, term=1, succeeded=true, lastLogIndex=22}
22:48:32.437 [raft-server-1] TRACE i.a.p.raft.roles.LeaderAppender - RaftServer{1} - Committed entries up to 22
22:48:32.461 [raft-server-1] TRACE i.a.p.raft.roles.LeaderAppender - RaftServer{1} - Received AppendResponse{status=OK, term=1, succeeded=true, lastLogIndex=22} from 2
22:48:32.462 [raft-server-1-state] TRACE i.a.p.raft.impl.RaftServiceManager - RaftServer{1} - Applying Indexed{index=22, entry=CommandEntry{term=1, timestamp=2018-06-07 10:48:32,404, session=2, sequence=17, operation=PrimitiveOperation{id=DefaultOperationId{id=write, type=COMMAND}, value=byte[]{length=17, hash=-1644578928}}}}
22:48:32.462 [raft-server-1-state] TRACE i.a.p.s.impl.DefaultServiceExecutor - PrimitiveService{2}{type=io.atomix.protocols.raft.RaftTest$TestPrimitiveType@761d7cf3, name=raft-test} - Executing DefaultCommit{index=22, session=RaftSession{RaftServiceContext{server=1, type=io.atomix.protocols.raft.RaftTest$TestPrimitiveType@761d7cf3, name=raft-test, id=2}, session=2, timestamp=2018-06-07 10:48:32,404}, time=2018-06-07 10:48:32,404, operation=DefaultOperationId{id=write, type=COMMAND}, value=byte[]{length=17, hash=-1644578928}}
22:48:32.462 [raft-server-1-state] TRACE i.a.protocols.raft.roles.LeaderRole - RaftServer{1}{role=LEADER} - Sending CommandResponse{status=OK, index=22, eventIndex=2, result=byte[]{length=2, hash=1284}}
22:48:32.462 [raft-client-bd74d86e-809c-4ed1-87a8-2ec3ff75de78-2] TRACE i.a.p.r.p.impl.RaftProxyConnection - PartitionProxy{2}{type=io.atomix.protocols.raft.RaftTest$TestPrimitiveType@35bfa1bb, name=raft-test} - Received CommandResponse{status=OK, index=22, eventIndex=2, result=byte[]{length=2, hash=1284}} from 1
22:48:32.462 [raft-client-bd74d86e-809c-4ed1-87a8-2ec3ff75de78-2] TRACE i.a.p.r.p.impl.RaftProxySequencer - PartitionProxy{2}{type=io.atomix.protocols.raft.RaftTest$TestPrimitiveType@35bfa1bb, name=raft-test} - Completing response CommandResponse{status=OK, index=22, eventIndex=2, result=byte[]{length=2, hash=1284}}
22:48:32.462 [raft-client-bd74d86e-809c-4ed1-87a8-2ec3ff75de78-5] TRACE i.a.p.r.p.impl.RaftProxyConnection - PartitionProxy{2}{type=io.atomix.protocols.raft.RaftTest$TestPrimitiveType@35bfa1bb, name=raft-test} - Sending CommandRequest{session=2, sequence=18, operation=PrimitiveOperation{id=DefaultOperationId{id=write, type=COMMAND}, value=byte[]{length=17, hash=-1644578928}}} to 1
22:48:32.462 [raft-server-1] TRACE i.a.protocols.raft.roles.LeaderRole - RaftServer{1}{role=LEADER} - Received CommandRequest{session=2, sequence=18, operation=PrimitiveOperation{id=DefaultOperationId{id=write, type=COMMAND}, value=byte[]{length=17, hash=-1644578928}}}
22:48:32.463 [raft-server-1] TRACE i.a.protocols.raft.roles.LeaderRole - RaftServer{1}{role=LEADER} - Appended Indexed{index=23, entry=CommandEntry{term=1, timestamp=2018-06-07 10:48:32,462, session=2, sequence=18, operation=PrimitiveOperation{id=DefaultOperationId{id=write, type=COMMAND}, value=byte[]{length=17, hash=-1644578928}}}}
22:48:32.463 [raft-server-1] TRACE i.a.p.raft.roles.LeaderAppender - RaftServer{1} - Sending AppendRequest{term=1, leader=1, prevLogIndex=22, prevLogTerm=1, entries=1, commitIndex=22} to 3
22:48:32.463 [raft-server-3] TRACE i.a.p.raft.roles.FollowerRole - RaftServer{3}{role=FOLLOWER} - Received AppendRequest{term=1, leader=1, prevLogIndex=22, prevLogTerm=1, entries=1, commitIndex=22}
22:48:32.463 [raft-server-1] TRACE i.a.p.raft.roles.LeaderAppender - RaftServer{1} - Sending AppendRequest{term=1, leader=1, prevLogIndex=22, prevLogTerm=1, entries=1, commitIndex=22} to 2
22:48:32.463 [raft-server-2] TRACE i.a.p.raft.roles.FollowerRole - RaftServer{2}{role=FOLLOWER} - Received AppendRequest{term=1, leader=1, prevLogIndex=22, prevLogTerm=1, entries=1, commitIndex=22}
22:48:32.463 [raft-server-3] TRACE i.a.p.raft.roles.FollowerRole - RaftServer{3}{role=FOLLOWER} - Appended Indexed{index=23, entry=CommandEntry{term=1, timestamp=2018-06-07 10:48:32,462, session=2, sequence=18, operation=PrimitiveOperation{id=DefaultOperationId{id=write, type=COMMAND}, value=byte[]{length=17, hash=-1644578928}}}}
22:48:32.463 [raft-server-2] TRACE i.a.p.raft.roles.FollowerRole - RaftServer{2}{role=FOLLOWER} - Appended Indexed{index=23, entry=CommandEntry{term=1, timestamp=2018-06-07 10:48:32,462, session=2, sequence=18, operation=PrimitiveOperation{id=DefaultOperationId{id=write, type=COMMAND}, value=byte[]{length=17, hash=-1644578928}}}}
22:48:32.520 [raft-server-2] TRACE i.a.p.raft.roles.FollowerRole - RaftServer{2}{role=FOLLOWER} - Committed entries up to index 22
22:48:32.520 [raft-server-3] TRACE i.a.p.raft.roles.FollowerRole - RaftServer{3}{role=FOLLOWER} - Committed entries up to index 22
22:48:32.520 [raft-server-2] TRACE i.a.p.raft.roles.FollowerRole - RaftServer{2}{role=FOLLOWER} - Sending AppendResponse{status=OK, term=1, succeeded=true, lastLogIndex=23}
22:48:32.520 [raft-server-3] TRACE i.a.p.raft.roles.FollowerRole - RaftServer{3}{role=FOLLOWER} - Sending AppendResponse{status=OK, term=1, succeeded=true, lastLogIndex=23}
22:48:32.520 [raft-server-1] TRACE i.a.p.raft.roles.LeaderAppender - RaftServer{1} - Received AppendResponse{status=OK, term=1, succeeded=true, lastLogIndex=23} from 2
22:48:32.520 [raft-server-2-state] TRACE i.a.p.raft.impl.RaftServiceManager - RaftServer{2} - Applying Indexed{index=22, entry=CommandEntry{term=1, timestamp=2018-06-07 10:48:32,404, session=2, sequence=17, operation=PrimitiveOperation{id=DefaultOperationId{id=write, type=COMMAND}, value=byte[]{length=17, hash=-1644578928}}}}
22:48:32.520 [raft-server-1] TRACE i.a.p.raft.roles.LeaderAppender - RaftServer{1} - Committed entries up to 23
22:48:32.520 [raft-server-3-state] TRACE i.a.p.raft.impl.RaftServiceManager - RaftServer{3} - Applying Indexed{index=22, entry=CommandEntry{term=1, timestamp=2018-06-07 10:48:32,404, session=2, sequence=17, operation=PrimitiveOperation{id=DefaultOperationId{id=write, type=COMMAND}, value=byte[]{length=17, hash=-1644578928}}}}
22:48:32.520 [raft-server-2-state] TRACE i.a.p.s.impl.DefaultServiceExecutor - PrimitiveService{2}{type=io.atomix.protocols.raft.RaftTest$TestPrimitiveType@2d95571d, name=raft-test} - Executing DefaultCommit{index=22, session=RaftSession{RaftServiceContext{server=2, type=io.atomix.protocols.raft.RaftTest$TestPrimitiveType@2d95571d, name=raft-test, id=2}, session=2, timestamp=2018-06-07 10:48:32,404}, time=2018-06-07 10:48:32,404, operation=DefaultOperationId{id=write, type=COMMAND}, value=byte[]{length=17, hash=-1644578928}}
22:48:32.520 [raft-server-3-state] TRACE i.a.p.s.impl.DefaultServiceExecutor - PrimitiveService{2}{type=io.atomix.protocols.raft.RaftTest$TestPrimitiveType@64a1ae5, name=raft-test} - Executing DefaultCommit{index=22, session=RaftSession{RaftServiceContext{server=3, type=io.atomix.protocols.raft.RaftTest$TestPrimitiveType@64a1ae5, name=raft-test, id=2}, session=2, timestamp=2018-06-07 10:48:32,404}, time=2018-06-07 10:48:32,404, operation=DefaultOperationId{id=write, type=COMMAND}, value=byte[]{length=17, hash=-1644578928}}
22:48:32.573 [raft-server-1] TRACE i.a.p.raft.roles.LeaderAppender - RaftServer{1} - Sending AppendRequest{term=1, leader=1, prevLogIndex=23, prevLogTerm=1, entries=0, commitIndex=23} to 2
22:48:32.573 [raft-server-1] TRACE i.a.p.raft.roles.LeaderAppender - RaftServer{1} - Received AppendResponse{status=OK, term=1, succeeded=true, lastLogIndex=23} from 3
22:48:32.573 [raft-server-1] TRACE i.a.p.raft.roles.LeaderAppender - RaftServer{1} - Sending AppendRequest{term=1, leader=1, prevLogIndex=23, prevLogTerm=1, entries=0, commitIndex=23} to 3
22:48:32.573 [raft-server-3] TRACE i.a.p.raft.roles.FollowerRole - RaftServer{3}{role=FOLLOWER} - Received AppendRequest{term=1, leader=1, prevLogIndex=23, prevLogTerm=1, entries=0, commitIndex=23}
22:48:32.573 [raft-server-3] TRACE i.a.p.raft.roles.FollowerRole - RaftServer{3}{role=FOLLOWER} - Committed entries up to index 23
22:48:32.573 [raft-server-3] TRACE i.a.p.raft.roles.FollowerRole - RaftServer{3}{role=FOLLOWER} - Sending AppendResponse{status=OK, term=1, succeeded=true, lastLogIndex=23}
22:48:32.573 [raft-server-1-state] TRACE i.a.p.raft.impl.RaftServiceManager - RaftServer{1} - Applying Indexed{index=23, entry=CommandEntry{term=1, timestamp=2018-06-07 10:48:32,462, session=2, sequence=18, operation=PrimitiveOperation{id=DefaultOperationId{id=write, type=COMMAND}, value=byte[]{length=17, hash=-1644578928}}}}
22:48:32.573 [raft-server-2] TRACE i.a.p.raft.roles.FollowerRole - RaftServer{2}{role=FOLLOWER} - Received AppendRequest{term=1, leader=1, prevLogIndex=23, prevLogTerm=1, entries=0, commitIndex=23}
22:48:32.574 [raft-server-3-state] TRACE i.a.p.raft.impl.RaftServiceManager - RaftServer{3} - Applying Indexed{index=23, entry=CommandEntry{term=1, timestamp=2018-06-07 10:48:32,462, session=2, sequence=18, operation=PrimitiveOperation{id=DefaultOperationId{id=write, type=COMMAND}, value=byte[]{length=17, hash=-1644578928}}}}
22:48:32.574 [raft-server-1-state] TRACE i.a.p.s.impl.DefaultServiceExecutor - PrimitiveService{2}{type=io.atomix.protocols.raft.RaftTest$TestPrimitiveType@761d7cf3, name=raft-test} - Executing DefaultCommit{index=23, session=RaftSession{RaftServiceContext{server=1, type=io.atomix.protocols.raft.RaftTest$TestPrimitiveType@761d7cf3, name=raft-test, id=2}, session=2, timestamp=2018-06-07 10:48:32,462}, time=2018-06-07 10:48:32,462, operation=DefaultOperationId{id=write, type=COMMAND}, value=byte[]{length=17, hash=-1644578928}}
22:48:32.574 [raft-server-3-state] TRACE i.a.p.s.impl.DefaultServiceExecutor - PrimitiveService{2}{type=io.atomix.protocols.raft.RaftTest$TestPrimitiveType@64a1ae5, name=raft-test} - Executing DefaultCommit{index=23, session=RaftSession{RaftServiceContext{server=3, type=io.atomix.protocols.raft.RaftTest$TestPrimitiveType@64a1ae5, name=raft-test, id=2}, session=2, timestamp=2018-06-07 10:48:32,462}, time=2018-06-07 10:48:32,462, operation=DefaultOperationId{id=write, type=COMMAND}, value=byte[]{length=17, hash=-1644578928}}
22:48:32.574 [raft-server-1-state] TRACE i.a.protocols.raft.roles.LeaderRole - RaftServer{1}{role=LEADER} - Sending CommandResponse{status=OK, index=23, eventIndex=2, result=byte[]{length=2, hash=1286}}
22:48:32.574 [raft-client-bd74d86e-809c-4ed1-87a8-2ec3ff75de78-0] TRACE i.a.p.r.p.impl.RaftProxyConnection - PartitionProxy{2}{type=io.atomix.protocols.raft.RaftTest$TestPrimitiveType@35bfa1bb, name=raft-test} - Received CommandResponse{status=OK, index=23, eventIndex=2, result=byte[]{length=2, hash=1286}} from 1
22:48:32.574 [raft-client-bd74d86e-809c-4ed1-87a8-2ec3ff75de78-0] TRACE i.a.p.r.p.impl.RaftProxySequencer - PartitionProxy{2}{type=io.atomix.protocols.raft.RaftTest$TestPrimitiveType@35bfa1bb, name=raft-test} - Completing response CommandResponse{status=OK, index=23, eventIndex=2, result=byte[]{length=2, hash=1286}}
22:48:32.574 [raft-server-1] TRACE i.a.p.raft.roles.LeaderAppender - RaftServer{1} - Received AppendResponse{status=OK, term=1, succeeded=true, lastLogIndex=23} from 3
22:48:32.574 [raft-client-bd74d86e-809c-4ed1-87a8-2ec3ff75de78-0] TRACE i.a.p.r.p.impl.RaftProxyConnection - PartitionProxy{2}{type=io.atomix.protocols.raft.RaftTest$TestPrimitiveType@35bfa1bb, name=raft-test} - Sending CommandRequest{session=2, sequence=19, operation=PrimitiveOperation{id=DefaultOperationId{id=write, type=COMMAND}, value=byte[]{length=17, hash=-1644578928}}} to 1
22:48:32.574 [raft-server-1] TRACE i.a.protocols.raft.roles.LeaderRole - RaftServer{1}{role=LEADER} - Received CommandRequest{session=2, sequence=19, operation=PrimitiveOperation{id=DefaultOperationId{id=write, type=COMMAND}, value=byte[]{length=17, hash=-1644578928}}}
22:48:32.574 [raft-server-1] TRACE i.a.protocols.raft.roles.LeaderRole - RaftServer{1}{role=LEADER} - Appended Indexed{index=24, entry=CommandEntry{term=1, timestamp=2018-06-07 10:48:32,574, session=2, sequence=19, operation=PrimitiveOperation{id=DefaultOperationId{id=write, type=COMMAND}, value=byte[]{length=17, hash=-1644578928}}}}
22:48:32.575 [raft-server-1] TRACE i.a.p.raft.roles.LeaderAppender - RaftServer{1} - Sending AppendRequest{term=1, leader=1, prevLogIndex=23, prevLogTerm=1, entries=1, commitIndex=23} to 3
22:48:32.575 [raft-server-3] TRACE i.a.p.raft.roles.FollowerRole - RaftServer{3}{role=FOLLOWER} - Received AppendRequest{term=1, leader=1, prevLogIndex=23, prevLogTerm=1, entries=1, commitIndex=23}
22:48:32.575 [raft-server-3] TRACE i.a.p.raft.roles.FollowerRole - RaftServer{3}{role=FOLLOWER} - Appended Indexed{index=24, entry=CommandEntry{term=1, timestamp=2018-06-07 10:48:32,574, session=2, sequence=19, operation=PrimitiveOperation{id=DefaultOperationId{id=write, type=COMMAND}, value=byte[]{length=17, hash=-1644578928}}}}
22:48:32.575 [raft-server-3] TRACE i.a.p.raft.roles.FollowerRole - RaftServer{3}{role=FOLLOWER} - Sending AppendResponse{status=OK, term=1, succeeded=true, lastLogIndex=24}
22:48:32.575 [raft-server-1] TRACE i.a.p.raft.roles.LeaderAppender - RaftServer{1} - Received AppendResponse{status=OK, term=1, succeeded=true, lastLogIndex=24} from 3
22:48:32.575 [raft-server-1] TRACE i.a.p.raft.roles.LeaderAppender - RaftServer{1} - Committed entries up to 24
22:48:32.607 [raft-server-2] TRACE i.a.p.raft.roles.FollowerRole - RaftServer{2}{role=FOLLOWER} - Committed entries up to index 23
22:48:32.607 [raft-server-2] TRACE i.a.p.raft.roles.FollowerRole - RaftServer{2}{role=FOLLOWER} - Sending AppendResponse{status=OK, term=1, succeeded=true, lastLogIndex=23}
22:48:32.607 [raft-server-2-state] TRACE i.a.p.raft.impl.RaftServiceManager - RaftServer{2} - Applying Indexed{index=23, entry=CommandEntry{term=1, timestamp=2018-06-07 10:48:32,462, session=2, sequence=18, operation=PrimitiveOperation{id=DefaultOperationId{id=write, type=COMMAND}, value=byte[]{length=17, hash=-1644578928}}}}
22:48:32.607 [raft-server-2-state] TRACE i.a.p.s.impl.DefaultServiceExecutor - PrimitiveService{2}{type=io.atomix.protocols.raft.RaftTest$TestPrimitiveType@2d95571d, name=raft-test} - Executing DefaultCommit{index=23, session=RaftSession{RaftServiceContext{server=2, type=io.atomix.protocols.raft.RaftTest$TestPrimitiveType@2d95571d, name=raft-test, id=2}, session=2, timestamp=2018-06-07 10:48:32,462}, time=2018-06-07 10:48:32,462, operation=DefaultOperationId{id=write, type=COMMAND}, value=byte[]{length=17, hash=-1644578928}}
22:48:32.631 [raft-server-1] TRACE i.a.p.raft.roles.LeaderAppender - RaftServer{1} - Received AppendResponse{status=OK, term=1, succeeded=true, lastLogIndex=23} from 2
22:48:32.632 [raft-server-1] TRACE i.a.p.raft.roles.LeaderAppender - RaftServer{1} - Sending AppendRequest{term=1, leader=1, prevLogIndex=23, prevLogTerm=1, entries=1, commitIndex=24} to 2
22:48:32.632 [raft-server-1-state] TRACE i.a.p.raft.impl.RaftServiceManager - RaftServer{1} - Applying Indexed{index=24, entry=CommandEntry{term=1, timestamp=2018-06-07 10:48:32,574, session=2, sequence=19, operation=PrimitiveOperation{id=DefaultOperationId{id=write, type=COMMAND}, value=byte[]{length=17, hash=-1644578928}}}}
22:48:32.632 [raft-server-2] TRACE i.a.p.raft.roles.FollowerRole - RaftServer{2}{role=FOLLOWER} - Received AppendRequest{term=1, leader=1, prevLogIndex=23, prevLogTerm=1, entries=1, commitIndex=24}
22:48:32.632 [raft-server-1-state] TRACE i.a.p.s.impl.DefaultServiceExecutor - PrimitiveService{2}{type=io.atomix.protocols.raft.RaftTest$TestPrimitiveType@761d7cf3, name=raft-test} - Executing DefaultCommit{index=24, session=RaftSession{RaftServiceContext{server=1, type=io.atomix.protocols.raft.RaftTest$TestPrimitiveType@761d7cf3, name=raft-test, id=2}, session=2, timestamp=2018-06-07 10:48:32,574}, time=2018-06-07 10:48:32,574, operation=DefaultOperationId{id=write, type=COMMAND}, value=byte[]{length=17, hash=-1644578928}}
22:48:32.632 [raft-server-2] TRACE i.a.p.raft.roles.FollowerRole - RaftServer{2}{role=FOLLOWER} - Appended Indexed{index=24, entry=CommandEntry{term=1, timestamp=2018-06-07 10:48:32,574, session=2, sequence=19, operation=PrimitiveOperation{id=DefaultOperationId{id=write, type=COMMAND}, value=byte[]{length=17, hash=-1644578928}}}}
22:48:32.632 [raft-server-1-state] TRACE i.a.protocols.raft.roles.LeaderRole - RaftServer{1}{role=LEADER} - Sending CommandResponse{status=OK, index=24, eventIndex=2, result=byte[]{length=2, hash=1288}}
22:48:32.632 [raft-client-bd74d86e-809c-4ed1-87a8-2ec3ff75de78-4] TRACE i.a.p.r.p.impl.RaftProxyConnection - PartitionProxy{2}{type=io.atomix.protocols.raft.RaftTest$TestPrimitiveType@35bfa1bb, name=raft-test} - Received CommandResponse{status=OK, index=24, eventIndex=2, result=byte[]{length=2, hash=1288}} from 1
22:48:32.632 [raft-client-bd74d86e-809c-4ed1-87a8-2ec3ff75de78-4] TRACE i.a.p.r.p.impl.RaftProxySequencer - PartitionProxy{2}{type=io.atomix.protocols.raft.RaftTest$TestPrimitiveType@35bfa1bb, name=raft-test} - Completing response CommandResponse{status=OK, index=24, eventIndex=2, result=byte[]{length=2, hash=1288}}
22:48:32.632 [raft-client-bd74d86e-809c-4ed1-87a8-2ec3ff75de78-6] TRACE i.a.p.r.p.impl.RaftProxyConnection - PartitionProxy{2}{type=io.atomix.protocols.raft.RaftTest$TestPrimitiveType@35bfa1bb, name=raft-test} - Sending CommandRequest{session=2, sequence=20, operation=PrimitiveOperation{id=DefaultOperationId{id=write, type=COMMAND}, value=byte[]{length=17, hash=-1644578928}}} to 1
22:48:32.632 [raft-server-1] TRACE i.a.protocols.raft.roles.LeaderRole - RaftServer{1}{role=LEADER} - Received CommandRequest{session=2, sequence=20, operation=PrimitiveOperation{id=DefaultOperationId{id=write, type=COMMAND}, value=byte[]{length=17, hash=-1644578928}}}
22:48:32.633 [raft-server-1] TRACE i.a.protocols.raft.roles.LeaderRole - RaftServer{1}{role=LEADER} - Appended Indexed{index=25, entry=CommandEntry{term=1, timestamp=2018-06-07 10:48:32,633, session=2, sequence=20, operation=PrimitiveOperation{id=DefaultOperationId{id=write, type=COMMAND}, value=byte[]{length=17, hash=-1644578928}}}}
22:48:32.633 [raft-server-1] TRACE i.a.p.raft.roles.LeaderAppender - RaftServer{1} - Sending AppendRequest{term=1, leader=1, prevLogIndex=24, prevLogTerm=1, entries=1, commitIndex=24} to 3
22:48:32.633 [raft-server-3] TRACE i.a.p.raft.roles.FollowerRole - RaftServer{3}{role=FOLLOWER} - Received AppendRequest{term=1, leader=1, prevLogIndex=24, prevLogTerm=1, entries=1, commitIndex=24}
22:48:32.633 [raft-server-3] TRACE i.a.p.raft.roles.FollowerRole - RaftServer{3}{role=FOLLOWER} - Appended Indexed{index=25, entry=CommandEntry{term=1, timestamp=2018-06-07 10:48:32,633, session=2, sequence=20, operation=PrimitiveOperation{id=DefaultOperationId{id=write, type=COMMAND}, value=byte[]{length=17, hash=-1644578928}}}}
22:48:32.706 [raft-server-2] TRACE i.a.p.raft.roles.FollowerRole - RaftServer{2}{role=FOLLOWER} - Committed entries up to index 24
22:48:32.707 [raft-server-2] TRACE i.a.p.raft.roles.FollowerRole - RaftServer{2}{role=FOLLOWER} - Sending AppendResponse{status=OK, term=1, succeeded=true, lastLogIndex=24}
22:48:32.707 [raft-server-2-state] TRACE i.a.p.raft.impl.RaftServiceManager - RaftServer{2} - Applying Indexed{index=24, entry=CommandEntry{term=1, timestamp=2018-06-07 10:48:32,574, session=2, sequence=19, operation=PrimitiveOperation{id=DefaultOperationId{id=write, type=COMMAND}, value=byte[]{length=17, hash=-1644578928}}}}
22:48:32.707 [raft-server-2-state] TRACE i.a.p.s.impl.DefaultServiceExecutor - PrimitiveService{2}{type=io.atomix.protocols.raft.RaftTest$TestPrimitiveType@2d95571d, name=raft-test} - Executing DefaultCommit{index=24, session=RaftSession{RaftServiceContext{server=2, type=io.atomix.protocols.raft.RaftTest$TestPrimitiveType@2d95571d, name=raft-test, id=2}, session=2, timestamp=2018-06-07 10:48:32,574}, time=2018-06-07 10:48:32,574, operation=DefaultOperationId{id=write, type=COMMAND}, value=byte[]{length=17, hash=-1644578928}}
22:48:32.707 [raft-server-1] TRACE i.a.p.raft.roles.LeaderAppender - RaftServer{1} - Received AppendResponse{status=OK, term=1, succeeded=true, lastLogIndex=24} from 2
22:48:32.707 [raft-server-1] TRACE i.a.p.raft.roles.LeaderAppender - RaftServer{1} - Sending AppendRequest{term=1, leader=1, prevLogIndex=24, prevLogTerm=1, entries=1, commitIndex=24} to 2
22:48:32.707 [raft-server-2] TRACE i.a.p.raft.roles.FollowerRole - RaftServer{2}{role=FOLLOWER} - Received AppendRequest{term=1, leader=1, prevLogIndex=24, prevLogTerm=1, entries=1, commitIndex=24}
22:48:32.707 [raft-server-2] TRACE i.a.p.raft.roles.FollowerRole - RaftServer{2}{role=FOLLOWER} - Appended Indexed{index=25, entry=CommandEntry{term=1, timestamp=2018-06-07 10:48:32,633, session=2, sequence=20, operation=PrimitiveOperation{id=DefaultOperationId{id=write, type=COMMAND}, value=byte[]{length=17, hash=-1644578928}}}}
22:48:32.707 [raft-server-2] TRACE i.a.p.raft.roles.FollowerRole - RaftServer{2}{role=FOLLOWER} - Sending AppendResponse{status=OK, term=1, succeeded=true, lastLogIndex=25}
22:48:32.707 [raft-server-1] TRACE i.a.p.raft.roles.LeaderAppender - RaftServer{1} - Received AppendResponse{status=OK, term=1, succeeded=true, lastLogIndex=25} from 2
22:48:32.707 [raft-server-1] TRACE i.a.p.raft.roles.LeaderAppender - RaftServer{1} - Committed entries up to 25
22:48:32.728 [raft-server-3] TRACE i.a.p.raft.roles.FollowerRole - RaftServer{3}{role=FOLLOWER} - Committed entries up to index 24
22:48:32.728 [raft-server-3] TRACE i.a.p.raft.roles.FollowerRole - RaftServer{3}{role=FOLLOWER} - Sending AppendResponse{status=OK, term=1, succeeded=true, lastLogIndex=25}
22:48:32.728 [raft-server-3-state] TRACE i.a.p.raft.impl.RaftServiceManager - RaftServer{3} - Applying Indexed{index=24, entry=CommandEntry{term=1, timestamp=2018-06-07 10:48:32,574, session=2, sequence=19, operation=PrimitiveOperation{id=DefaultOperationId{id=write, type=COMMAND}, value=byte[]{length=17, hash=-1644578928}}}}
22:48:32.729 [raft-server-3-state] TRACE i.a.p.s.impl.DefaultServiceExecutor - PrimitiveService{2}{type=io.atomix.protocols.raft.RaftTest$TestPrimitiveType@64a1ae5, name=raft-test} - Executing DefaultCommit{index=24, session=RaftSession{RaftServiceContext{server=3, type=io.atomix.protocols.raft.RaftTest$TestPrimitiveType@64a1ae5, name=raft-test, id=2}, session=2, timestamp=2018-06-07 10:48:32,574}, time=2018-06-07 10:48:32,574, operation=DefaultOperationId{id=write, type=COMMAND}, value=byte[]{length=17, hash=-1644578928}}
22:48:32.798 [raft-server-1] TRACE i.a.p.raft.roles.LeaderAppender - RaftServer{1} - Received AppendResponse{status=OK, term=1, succeeded=true, lastLogIndex=25} from 3
22:48:32.798 [raft-server-1] TRACE i.a.p.raft.roles.LeaderAppender - RaftServer{1} - Sending AppendRequest{term=1, leader=1, prevLogIndex=25, prevLogTerm=1, entries=0, commitIndex=25} to 3
22:48:32.798 [raft-server-1] TRACE i.a.p.raft.roles.LeaderAppender - RaftServer{1} - Sending AppendRequest{term=1, leader=1, prevLogIndex=25, prevLogTerm=1, entries=0, commitIndex=25} to 2
22:48:32.798 [raft-server-3] TRACE i.a.p.raft.roles.FollowerRole - RaftServer{3}{role=FOLLOWER} - Received AppendRequest{term=1, leader=1, prevLogIndex=25, prevLogTerm=1, entries=0, commitIndex=25}
22:48:32.798 [raft-server-2] TRACE i.a.p.raft.roles.FollowerRole - RaftServer{2}{role=FOLLOWER} - Received AppendRequest{term=1, leader=1, prevLogIndex=25, prevLogTerm=1, entries=0, commitIndex=25}
22:48:32.798 [raft-server-1-state] TRACE i.a.p.raft.impl.RaftServiceManager - RaftServer{1} - Applying Indexed{index=25, entry=CommandEntry{term=1, timestamp=2018-06-07 10:48:32,633, session=2, sequence=20, operation=PrimitiveOperation{id=DefaultOperationId{id=write, type=COMMAND}, value=byte[]{length=17, hash=-1644578928}}}}
22:48:32.799 [raft-server-1-state] TRACE i.a.p.s.impl.DefaultServiceExecutor - PrimitiveService{2}{type=io.atomix.protocols.raft.RaftTest$TestPrimitiveType@761d7cf3, name=raft-test} - Executing DefaultCommit{index=25, session=RaftSession{RaftServiceContext{server=1, type=io.atomix.protocols.raft.RaftTest$TestPrimitiveType@761d7cf3, name=raft-test, id=2}, session=2, timestamp=2018-06-07 10:48:32,633}, time=2018-06-07 10:48:32,633, operation=DefaultOperationId{id=write, type=COMMAND}, value=byte[]{length=17, hash=-1644578928}}
22:48:32.799 [raft-server-1-state] TRACE i.a.protocols.raft.roles.LeaderRole - RaftServer{1}{role=LEADER} - Sending CommandResponse{status=OK, index=25, eventIndex=2, result=byte[]{length=2, hash=1290}}
22:48:32.799 [raft-client-bd74d86e-809c-4ed1-87a8-2ec3ff75de78-7] TRACE i.a.p.r.p.impl.RaftProxyConnection - PartitionProxy{2}{type=io.atomix.protocols.raft.RaftTest$TestPrimitiveType@35bfa1bb, name=raft-test} - Received CommandResponse{status=OK, index=25, eventIndex=2, result=byte[]{length=2, hash=1290}} from 1
22:48:32.799 [raft-client-bd74d86e-809c-4ed1-87a8-2ec3ff75de78-7] TRACE i.a.p.r.p.impl.RaftProxySequencer - PartitionProxy{2}{type=io.atomix.protocols.raft.RaftTest$TestPrimitiveType@35bfa1bb, name=raft-test} - Completing response CommandResponse{status=OK, index=25, eventIndex=2, result=byte[]{length=2, hash=1290}}
22:48:32.799 [raft-client-bd74d86e-809c-4ed1-87a8-2ec3ff75de78-7] TRACE i.a.p.r.p.impl.RaftProxyConnection - PartitionProxy{2}{type=io.atomix.protocols.raft.RaftTest$TestPrimitiveType@35bfa1bb, name=raft-test} - Sending CommandRequest{session=2, sequence=21, operation=PrimitiveOperation{id=DefaultOperationId{id=write, type=COMMAND}, value=byte[]{length=17, hash=-1644578928}}} to 1
22:48:32.799 [raft-server-1] TRACE i.a.protocols.raft.roles.LeaderRole - RaftServer{1}{role=LEADER} - Received CommandRequest{session=2, sequence=21, operation=PrimitiveOperation{id=DefaultOperationId{id=write, type=COMMAND}, value=byte[]{length=17, hash=-1644578928}}}
22:48:32.799 [raft-server-1] TRACE i.a.protocols.raft.roles.LeaderRole - RaftServer{1}{role=LEADER} - Appended Indexed{index=26, entry=CommandEntry{term=1, timestamp=2018-06-07 10:48:32,799, session=2, sequence=21, operation=PrimitiveOperation{id=DefaultOperationId{id=write, type=COMMAND}, value=byte[]{length=17, hash=-1644578928}}}}
22:48:32.823 [raft-server-2] TRACE i.a.p.raft.roles.FollowerRole - RaftServer{2}{role=FOLLOWER} - Committed entries up to index 25
22:48:32.823 [raft-server-2] TRACE i.a.p.raft.roles.FollowerRole - RaftServer{2}{role=FOLLOWER} - Sending AppendResponse{status=OK, term=1, succeeded=true, lastLogIndex=25}
22:48:32.823 [raft-server-1] TRACE i.a.p.raft.roles.LeaderAppender - RaftServer{1} - Received AppendResponse{status=OK, term=1, succeeded=true, lastLogIndex=25} from 2
22:48:32.823 [raft-server-1] TRACE i.a.p.raft.roles.LeaderAppender - RaftServer{1} - Sending AppendRequest{term=1, leader=1, prevLogIndex=25, prevLogTerm=1, entries=1, commitIndex=25} to 2
22:48:32.823 [raft-server-2-state] TRACE i.a.p.raft.impl.RaftServiceManager - RaftServer{2} - Applying Indexed{index=25, entry=CommandEntry{term=1, timestamp=2018-06-07 10:48:32,633, session=2, sequence=20, operation=PrimitiveOperation{id=DefaultOperationId{id=write, type=COMMAND}, value=byte[]{length=17, hash=-1644578928}}}}
22:48:32.823 [raft-server-2-state] TRACE i.a.p.s.impl.DefaultServiceExecutor - PrimitiveService{2}{type=io.atomix.protocols.raft.RaftTest$TestPrimitiveType@2d95571d, name=raft-test} - Executing DefaultCommit{index=25, session=RaftSession{RaftServiceContext{server=2, type=io.atomix.protocols.raft.RaftTest$TestPrimitiveType@2d95571d, name=raft-test, id=2}, session=2, timestamp=2018-06-07 10:48:32,633}, time=2018-06-07 10:48:32,633, operation=DefaultOperationId{id=write, type=COMMAND}, value=byte[]{length=17, hash=-1644578928}}
22:48:32.824 [raft-server-2] TRACE i.a.p.raft.roles.FollowerRole - RaftServer{2}{role=FOLLOWER} - Received AppendRequest{term=1, leader=1, prevLogIndex=25, prevLogTerm=1, entries=1, commitIndex=25}
22:48:32.824 [raft-server-2] TRACE i.a.p.raft.roles.FollowerRole - RaftServer{2}{role=FOLLOWER} - Appended Indexed{index=26, entry=CommandEntry{term=1, timestamp=2018-06-07 10:48:32,799, session=2, sequence=21, operation=PrimitiveOperation{id=DefaultOperationId{id=write, type=COMMAND}, value=byte[]{length=17, hash=-1644578928}}}}
22:48:32.824 [raft-server-2] TRACE i.a.p.raft.roles.FollowerRole - RaftServer{2}{role=FOLLOWER} - Sending AppendResponse{status=OK, term=1, succeeded=true, lastLogIndex=26}
22:48:32.824 [raft-server-1] TRACE i.a.p.raft.roles.LeaderAppender - RaftServer{1} - Received AppendResponse{status=OK, term=1, succeeded=true, lastLogIndex=26} from 2
22:48:32.824 [raft-server-1] TRACE i.a.p.raft.roles.LeaderAppender - RaftServer{1} - Committed entries up to 26
22:48:32.849 [raft-server-3] TRACE i.a.p.raft.roles.FollowerRole - RaftServer{3}{role=FOLLOWER} - Committed entries up to index 25
22:48:32.849 [raft-server-3] TRACE i.a.p.raft.roles.FollowerRole - RaftServer{3}{role=FOLLOWER} - Sending AppendResponse{status=OK, term=1, succeeded=true, lastLogIndex=25}
22:48:32.849 [raft-server-3-state] TRACE i.a.p.raft.impl.RaftServiceManager - RaftServer{3} - Applying Indexed{index=25, entry=CommandEntry{term=1, timestamp=2018-06-07 10:48:32,633, session=2, sequence=20, operation=PrimitiveOperation{id=DefaultOperationId{id=write, type=COMMAND}, value=byte[]{length=17, hash=-1644578928}}}}
22:48:32.849 [raft-server-3-state] TRACE i.a.p.s.impl.DefaultServiceExecutor - PrimitiveService{2}{type=io.atomix.protocols.raft.RaftTest$TestPrimitiveType@64a1ae5, name=raft-test} - Executing DefaultCommit{index=25, session=RaftSession{RaftServiceContext{server=3, type=io.atomix.protocols.raft.RaftTest$TestPrimitiveType@64a1ae5, name=raft-test, id=2}, session=2, timestamp=2018-06-07 10:48:32,633}, time=2018-06-07 10:48:32,633, operation=DefaultOperationId{id=write, type=COMMAND}, value=byte[]{length=17, hash=-1644578928}}
22:48:32.873 [raft-server-1] TRACE i.a.p.raft.roles.LeaderAppender - RaftServer{1} - Received AppendResponse{status=OK, term=1, succeeded=true, lastLogIndex=25} from 3
22:48:32.873 [raft-server-1] TRACE i.a.p.raft.roles.LeaderAppender - RaftServer{1} - Sending AppendRequest{term=1, leader=1, prevLogIndex=25, prevLogTerm=1, entries=1, commitIndex=26} to 3
22:48:32.873 [raft-server-3] TRACE i.a.p.raft.roles.FollowerRole - RaftServer{3}{role=FOLLOWER} - Received AppendRequest{term=1, leader=1, prevLogIndex=25, prevLogTerm=1, entries=1, commitIndex=26}
22:48:32.873 [raft-server-1-state] TRACE i.a.p.raft.impl.RaftServiceManager - RaftServer{1} - Applying Indexed{index=26, entry=CommandEntry{term=1, timestamp=2018-06-07 10:48:32,799, session=2, sequence=21, operation=PrimitiveOperation{id=DefaultOperationId{id=write, type=COMMAND}, value=byte[]{length=17, hash=-1644578928}}}}
22:48:32.873 [raft-server-1-state] TRACE i.a.p.s.impl.DefaultServiceExecutor - PrimitiveService{2}{type=io.atomix.protocols.raft.RaftTest$TestPrimitiveType@761d7cf3, name=raft-test} - Executing DefaultCommit{index=26, session=RaftSession{RaftServiceContext{server=1, type=io.atomix.protocols.raft.RaftTest$TestPrimitiveType@761d7cf3, name=raft-test, id=2}, session=2, timestamp=2018-06-07 10:48:32,799}, time=2018-06-07 10:48:32,799, operation=DefaultOperationId{id=write, type=COMMAND}, value=byte[]{length=17, hash=-1644578928}}
22:48:32.874 [raft-server-3] TRACE i.a.p.raft.roles.FollowerRole - RaftServer{3}{role=FOLLOWER} - Appended Indexed{index=26, entry=CommandEntry{term=1, timestamp=2018-06-07 10:48:32,799, session=2, sequence=21, operation=PrimitiveOperation{id=DefaultOperationId{id=write, type=COMMAND}, value=byte[]{length=17, hash=-1644578928}}}}
22:48:32.874 [raft-server-1-state] TRACE i.a.protocols.raft.roles.LeaderRole - RaftServer{1}{role=LEADER} - Sending CommandResponse{status=OK, index=26, eventIndex=2, result=byte[]{length=2, hash=1292}}
22:48:32.874 [raft-client-bd74d86e-809c-4ed1-87a8-2ec3ff75de78-0] TRACE i.a.p.r.p.impl.RaftProxyConnection - PartitionProxy{2}{type=io.atomix.protocols.raft.RaftTest$TestPrimitiveType@35bfa1bb, name=raft-test} - Received CommandResponse{status=OK, index=26, eventIndex=2, result=byte[]{length=2, hash=1292}} from 1
22:48:32.874 [raft-client-bd74d86e-809c-4ed1-87a8-2ec3ff75de78-0] TRACE i.a.p.r.p.impl.RaftProxySequencer - PartitionProxy{2}{type=io.atomix.protocols.raft.RaftTest$TestPrimitiveType@35bfa1bb, name=raft-test} - Completing response CommandResponse{status=OK, index=26, eventIndex=2, result=byte[]{length=2, hash=1292}}
22:48:32.874 [raft-client-bd74d86e-809c-4ed1-87a8-2ec3ff75de78-0] TRACE i.a.p.r.p.impl.RaftProxyConnection - PartitionProxy{2}{type=io.atomix.protocols.raft.RaftTest$TestPrimitiveType@35bfa1bb, name=raft-test} - Sending CommandRequest{session=2, sequence=22, operation=PrimitiveOperation{id=DefaultOperationId{id=write, type=COMMAND}, value=byte[]{length=17, hash=-1644578928}}} to 1
22:48:32.874 [raft-server-1] TRACE i.a.protocols.raft.roles.LeaderRole - RaftServer{1}{role=LEADER} - Received CommandRequest{session=2, sequence=22, operation=PrimitiveOperation{id=DefaultOperationId{id=write, type=COMMAND}, value=byte[]{length=17, hash=-1644578928}}}
22:48:32.874 [raft-server-1] TRACE i.a.protocols.raft.roles.LeaderRole - RaftServer{1}{role=LEADER} - Appended Indexed{index=27, entry=CommandEntry{term=1, timestamp=2018-06-07 10:48:32,874, session=2, sequence=22, operation=PrimitiveOperation{id=DefaultOperationId{id=write, type=COMMAND}, value=byte[]{length=17, hash=-1644578928}}}}
22:48:32.875 [raft-server-1] TRACE i.a.p.raft.roles.LeaderAppender - RaftServer{1} - Sending AppendRequest{term=1, leader=1, prevLogIndex=26, prevLogTerm=1, entries=1, commitIndex=26} to 2
22:48:32.875 [raft-server-2] TRACE i.a.p.raft.roles.FollowerRole - RaftServer{2}{role=FOLLOWER} - Received AppendRequest{term=1, leader=1, prevLogIndex=26, prevLogTerm=1, entries=1, commitIndex=26}
22:48:32.875 [raft-server-2] TRACE i.a.p.raft.roles.FollowerRole - RaftServer{2}{role=FOLLOWER} - Appended Indexed{index=27, entry=CommandEntry{term=1, timestamp=2018-06-07 10:48:32,874, session=2, sequence=22, operation=PrimitiveOperation{id=DefaultOperationId{id=write, type=COMMAND}, value=byte[]{length=17, hash=-1644578928}}}}
22:48:32.966 [raft-server-3] TRACE i.a.p.raft.roles.FollowerRole - RaftServer{3}{role=FOLLOWER} - Committed entries up to index 26
22:48:32.966 [raft-server-3] TRACE i.a.p.raft.roles.FollowerRole - RaftServer{3}{role=FOLLOWER} - Sending AppendResponse{status=OK, term=1, succeeded=true, lastLogIndex=26}
22:48:32.966 [raft-server-1] TRACE i.a.p.raft.roles.LeaderAppender - RaftServer{1} - Received AppendResponse{status=OK, term=1, succeeded=true, lastLogIndex=26} from 3
22:48:32.966 [raft-server-1] TRACE i.a.p.raft.roles.LeaderAppender - RaftServer{1} - Sending AppendRequest{term=1, leader=1, prevLogIndex=26, prevLogTerm=1, entries=1, commitIndex=26} to 3
22:48:32.966 [raft-server-3-state] TRACE i.a.p.raft.impl.RaftServiceManager - RaftServer{3} - Applying Indexed{index=26, entry=CommandEntry{term=1, timestamp=2018-06-07 10:48:32,799, session=2, sequence=21, operation=PrimitiveOperation{id=DefaultOperationId{id=write, type=COMMAND}, value=byte[]{length=17, hash=-1644578928}}}}
22:48:32.966 [raft-server-3-state] TRACE i.a.p.s.impl.DefaultServiceExecutor - PrimitiveService{2}{type=io.atomix.protocols.raft.RaftTest$TestPrimitiveType@64a1ae5, name=raft-test} - Executing DefaultCommit{index=26, session=RaftSession{RaftServiceContext{server=3, type=io.atomix.protocols.raft.RaftTest$TestPrimitiveType@64a1ae5, name=raft-test, id=2}, session=2, timestamp=2018-06-07 10:48:32,799}, time=2018-06-07 10:48:32,799, operation=DefaultOperationId{id=write, type=COMMAND}, value=byte[]{length=17, hash=-1644578928}}
22:48:32.966 [raft-server-3] TRACE i.a.p.raft.roles.FollowerRole - RaftServer{3}{role=FOLLOWER} - Received AppendRequest{term=1, leader=1, prevLogIndex=26, prevLogTerm=1, entries=1, commitIndex=26}
22:48:32.966 [raft-server-3] TRACE i.a.p.raft.roles.FollowerRole - RaftServer{3}{role=FOLLOWER} - Appended Indexed{index=27, entry=CommandEntry{term=1, timestamp=2018-06-07 10:48:32,874, session=2, sequence=22, operation=PrimitiveOperation{id=DefaultOperationId{id=write, type=COMMAND}, value=byte[]{length=17, hash=-1644578928}}}}
22:48:32.966 [raft-server-3] TRACE i.a.p.raft.roles.FollowerRole - RaftServer{3}{role=FOLLOWER} - Sending AppendResponse{status=OK, term=1, succeeded=true, lastLogIndex=27}
22:48:32.966 [raft-server-1] TRACE i.a.p.raft.roles.LeaderAppender - RaftServer{1} - Received AppendResponse{status=OK, term=1, succeeded=true, lastLogIndex=27} from 3
22:48:32.966 [raft-server-1] TRACE i.a.p.raft.roles.LeaderAppender - RaftServer{1} - Committed entries up to 27
22:48:33.048 [raft-server-2] TRACE i.a.p.raft.roles.FollowerRole - RaftServer{2}{role=FOLLOWER} - Committed entries up to index 26
22:48:33.048 [raft-server-2] TRACE i.a.p.raft.roles.FollowerRole - RaftServer{2}{role=FOLLOWER} - Sending AppendResponse{status=OK, term=1, succeeded=true, lastLogIndex=27}
22:48:33.048 [raft-server-2-state] TRACE i.a.p.raft.impl.RaftServiceManager - RaftServer{2} - Applying Indexed{index=26, entry=CommandEntry{term=1, timestamp=2018-06-07 10:48:32,799, session=2, sequence=21, operation=PrimitiveOperation{id=DefaultOperationId{id=write, type=COMMAND}, value=byte[]{length=17, hash=-1644578928}}}}
22:48:33.048 [raft-server-2-state] TRACE i.a.p.s.impl.DefaultServiceExecutor - PrimitiveService{2}{type=io.atomix.protocols.raft.RaftTest$TestPrimitiveType@2d95571d, name=raft-test} - Executing DefaultCommit{index=26, session=RaftSession{RaftServiceContext{server=2, type=io.atomix.protocols.raft.RaftTest$TestPrimitiveType@2d95571d, name=raft-test, id=2}, session=2, timestamp=2018-06-07 10:48:32,799}, time=2018-06-07 10:48:32,799, operation=DefaultOperationId{id=write, type=COMMAND}, value=byte[]{length=17, hash=-1644578928}}
22:48:33.082 [raft-server-1] TRACE i.a.p.raft.roles.LeaderAppender - RaftServer{1} - Sending AppendRequest{term=1, leader=1, prevLogIndex=27, prevLogTerm=1, entries=0, commitIndex=27} to 3
22:48:33.082 [raft-server-3] TRACE i.a.p.raft.roles.FollowerRole - RaftServer{3}{role=FOLLOWER} - Received AppendRequest{term=1, leader=1, prevLogIndex=27, prevLogTerm=1, entries=0, commitIndex=27}
22:48:33.082 [raft-server-1] TRACE i.a.p.raft.roles.LeaderAppender - RaftServer{1} - Received AppendResponse{status=OK, term=1, succeeded=true, lastLogIndex=27} from 2
22:48:33.082 [raft-server-1] TRACE i.a.p.raft.roles.LeaderAppender - RaftServer{1} - Sending AppendRequest{term=1, leader=1, prevLogIndex=27, prevLogTerm=1, entries=0, commitIndex=27} to 2
22:48:33.082 [raft-server-2] TRACE i.a.p.raft.roles.FollowerRole - RaftServer{2}{role=FOLLOWER} - Received AppendRequest{term=1, leader=1, prevLogIndex=27, prevLogTerm=1, entries=0, commitIndex=27}
22:48:33.082 [raft-server-1-state] TRACE i.a.p.raft.impl.RaftServiceManager - RaftServer{1} - Applying Indexed{index=27, entry=CommandEntry{term=1, timestamp=2018-06-07 10:48:32,874, session=2, sequence=22, operation=PrimitiveOperation{id=DefaultOperationId{id=write, type=COMMAND}, value=byte[]{length=17, hash=-1644578928}}}}
22:48:33.082 [raft-server-1-state] TRACE i.a.p.s.impl.DefaultServiceExecutor - PrimitiveService{2}{type=io.atomix.protocols.raft.RaftTest$TestPrimitiveType@761d7cf3, name=raft-test} - Executing DefaultCommit{index=27, session=RaftSession{RaftServiceContext{server=1, type=io.atomix.protocols.raft.RaftTest$TestPrimitiveType@761d7cf3, name=raft-test, id=2}, session=2, timestamp=2018-06-07 10:48:32,874}, time=2018-06-07 10:48:32,874, operation=DefaultOperationId{id=write, type=COMMAND}, value=byte[]{length=17, hash=-1644578928}}
22:48:33.082 [raft-server-1] TRACE i.a.protocols.raft.roles.LeaderRole - RaftServer{1}{role=LEADER} - Sending CommandResponse{status=OK, index=27, eventIndex=2, result=byte[]{length=2, hash=1294}}
22:48:33.082 [raft-client-bd74d86e-809c-4ed1-87a8-2ec3ff75de78-4] TRACE i.a.p.r.p.impl.RaftProxyConnection - PartitionProxy{2}{type=io.atomix.protocols.raft.RaftTest$TestPrimitiveType@35bfa1bb, name=raft-test} - Received CommandResponse{status=OK, index=27, eventIndex=2, result=byte[]{length=2, hash=1294}} from 1
22:48:33.082 [raft-client-bd74d86e-809c-4ed1-87a8-2ec3ff75de78-4] TRACE i.a.p.r.p.impl.RaftProxySequencer - PartitionProxy{2}{type=io.atomix.protocols.raft.RaftTest$TestPrimitiveType@35bfa1bb, name=raft-test} - Completing response CommandResponse{status=OK, index=27, eventIndex=2, result=byte[]{length=2, hash=1294}}
22:48:33.082 [raft-client-bd74d86e-809c-4ed1-87a8-2ec3ff75de78-4] TRACE i.a.p.r.p.impl.RaftProxyConnection - PartitionProxy{2}{type=io.atomix.protocols.raft.RaftTest$TestPrimitiveType@35bfa1bb, name=raft-test} - Sending CommandRequest{session=2, sequence=23, operation=PrimitiveOperation{id=DefaultOperationId{id=write, type=COMMAND}, value=byte[]{length=17, hash=-1644578928}}} to 1
22:48:33.083 [raft-server-1] TRACE i.a.protocols.raft.roles.LeaderRole - RaftServer{1}{role=LEADER} - Received CommandRequest{session=2, sequence=23, operation=PrimitiveOperation{id=DefaultOperationId{id=write, type=COMMAND}, value=byte[]{length=17, hash=-1644578928}}}
22:48:33.083 [raft-server-1] TRACE i.a.protocols.raft.roles.LeaderRole - RaftServer{1}{role=LEADER} - Appended Indexed{index=28, entry=CommandEntry{term=1, timestamp=2018-06-07 10:48:33,083, session=2, sequence=23, operation=PrimitiveOperation{id=DefaultOperationId{id=write, type=COMMAND}, value=byte[]{length=17, hash=-1644578928}}}}
22:48:33.165 [raft-server-2] TRACE i.a.p.raft.roles.FollowerRole - RaftServer{2}{role=FOLLOWER} - Committed entries up to index 27
22:48:33.165 [raft-server-3] TRACE i.a.p.raft.roles.FollowerRole - RaftServer{3}{role=FOLLOWER} - Committed entries up to index 27
22:48:33.165 [raft-server-2] TRACE i.a.p.raft.roles.FollowerRole - RaftServer{2}{role=FOLLOWER} - Sending AppendResponse{status=OK, term=1, succeeded=true, lastLogIndex=27}
22:48:33.165 [raft-server-3] TRACE i.a.p.raft.roles.FollowerRole - RaftServer{3}{role=FOLLOWER} - Sending AppendResponse{status=OK, term=1, succeeded=true, lastLogIndex=27}
22:48:33.165 [raft-server-1] TRACE i.a.p.raft.roles.LeaderAppender - RaftServer{1} - Received AppendResponse{status=OK, term=1, succeeded=true, lastLogIndex=27} from 2
22:48:33.165 [raft-server-1] TRACE i.a.p.raft.roles.LeaderAppender - RaftServer{1} - Sending AppendRequest{term=1, leader=1, prevLogIndex=27, prevLogTerm=1, entries=1, commitIndex=27} to 2
22:48:33.165 [raft-server-3-state] TRACE i.a.p.raft.impl.RaftServiceManager - RaftServer{3} - Applying Indexed{index=27, entry=CommandEntry{term=1, timestamp=2018-06-07 10:48:32,874, session=2, sequence=22, operation=PrimitiveOperation{id=DefaultOperationId{id=write, type=COMMAND}, value=byte[]{length=17, hash=-1644578928}}}}
22:48:33.165 [raft-server-2-state] TRACE i.a.p.raft.impl.RaftServiceManager - RaftServer{2} - Applying Indexed{index=27, entry=CommandEntry{term=1, timestamp=2018-06-07 10:48:32,874, session=2, sequence=22, operation=PrimitiveOperation{id=DefaultOperationId{id=write, type=COMMAND}, value=byte[]{length=17, hash=-1644578928}}}}
22:48:33.165 [raft-server-1] TRACE i.a.p.raft.roles.LeaderAppender - RaftServer{1} - Received AppendResponse{status=OK, term=1, succeeded=true, lastLogIndex=27} from 3
22:48:33.165 [raft-server-2] TRACE i.a.p.raft.roles.FollowerRole - RaftServer{2}{role=FOLLOWER} - Received AppendRequest{term=1, leader=1, prevLogIndex=27, prevLogTerm=1, entries=1, commitIndex=27}
22:48:33.165 [raft-server-3-state] TRACE i.a.p.s.impl.DefaultServiceExecutor - PrimitiveService{2}{type=io.atomix.protocols.raft.RaftTest$TestPrimitiveType@64a1ae5, name=raft-test} - Executing DefaultCommit{index=27, session=RaftSession{RaftServiceContext{server=3, type=io.atomix.protocols.raft.RaftTest$TestPrimitiveType@64a1ae5, name=raft-test, id=2}, session=2, timestamp=2018-06-07 10:48:32,874}, time=2018-06-07 10:48:32,874, operation=DefaultOperationId{id=write, type=COMMAND}, value=byte[]{length=17, hash=-1644578928}}
22:48:33.165 [raft-server-2-state] TRACE i.a.p.s.impl.DefaultServiceExecutor - PrimitiveService{2}{type=io.atomix.protocols.raft.RaftTest$TestPrimitiveType@2d95571d, name=raft-test} - Executing DefaultCommit{index=27, session=RaftSession{RaftServiceContext{server=2, type=io.atomix.protocols.raft.RaftTest$TestPrimitiveType@2d95571d, name=raft-test, id=2}, session=2, timestamp=2018-06-07 10:48:32,874}, time=2018-06-07 10:48:32,874, operation=DefaultOperationId{id=write, type=COMMAND}, value=byte[]{length=17, hash=-1644578928}}
22:48:33.165 [raft-server-1] TRACE i.a.p.raft.roles.LeaderAppender - RaftServer{1} - Sending AppendRequest{term=1, leader=1, prevLogIndex=27, prevLogTerm=1, entries=1, commitIndex=27} to 3
22:48:33.166 [raft-server-2] TRACE i.a.p.raft.roles.FollowerRole - RaftServer{2}{role=FOLLOWER} - Appended Indexed{index=28, entry=CommandEntry{term=1, timestamp=2018-06-07 10:48:33,083, session=2, sequence=23, operation=PrimitiveOperation{id=DefaultOperationId{id=write, type=COMMAND}, value=byte[]{length=17, hash=-1644578928}}}}
22:48:33.166 [raft-server-3] TRACE i.a.p.raft.roles.FollowerRole - RaftServer{3}{role=FOLLOWER} - Received AppendRequest{term=1, leader=1, prevLogIndex=27, prevLogTerm=1, entries=1, commitIndex=27}
22:48:33.166 [raft-server-2] TRACE i.a.p.raft.roles.FollowerRole - RaftServer{2}{role=FOLLOWER} - Sending AppendResponse{status=OK, term=1, succeeded=true, lastLogIndex=28}
22:48:33.166 [raft-server-1] TRACE i.a.p.raft.roles.LeaderAppender - RaftServer{1} - Received AppendResponse{status=OK, term=1, succeeded=true, lastLogIndex=28} from 2
22:48:33.166 [raft-server-1] TRACE i.a.p.raft.roles.LeaderAppender - RaftServer{1} - Committed entries up to 28
22:48:33.166 [raft-server-3] TRACE i.a.p.raft.roles.FollowerRole - RaftServer{3}{role=FOLLOWER} - Appended Indexed{index=28, entry=CommandEntry{term=1, timestamp=2018-06-07 10:48:33,083, session=2, sequence=23, operation=PrimitiveOperation{id=DefaultOperationId{id=write, type=COMMAND}, value=byte[]{length=17, hash=-1644578928}}}}
22:48:33.166 [raft-server-3] TRACE i.a.p.raft.roles.FollowerRole - RaftServer{3}{role=FOLLOWER} - Sending AppendResponse{status=OK, term=1, succeeded=true, lastLogIndex=28}
22:48:33.281 [raft-server-1] TRACE i.a.p.raft.roles.LeaderAppender - RaftServer{1} - Received AppendResponse{status=OK, term=1, succeeded=true, lastLogIndex=28} from 3
22:48:33.282 [raft-server-1] TRACE i.a.p.raft.roles.LeaderAppender - RaftServer{1} - Sending AppendRequest{term=1, leader=1, prevLogIndex=28, prevLogTerm=1, entries=0, commitIndex=28} to 3
22:48:33.282 [raft-server-1] TRACE i.a.p.raft.roles.LeaderAppender - RaftServer{1} - Sending AppendRequest{term=1, leader=1, prevLogIndex=28, prevLogTerm=1, entries=0, commitIndex=28} to 2
22:48:33.282 [raft-server-3] TRACE i.a.p.raft.roles.FollowerRole - RaftServer{3}{role=FOLLOWER} - Received AppendRequest{term=1, leader=1, prevLogIndex=28, prevLogTerm=1, entries=0, commitIndex=28}
22:48:33.282 [raft-server-2] TRACE i.a.p.raft.roles.FollowerRole - RaftServer{2}{role=FOLLOWER} - Received AppendRequest{term=1, leader=1, prevLogIndex=28, prevLogTerm=1, entries=0, commitIndex=28}
22:48:33.282 [raft-server-1-state] TRACE i.a.p.raft.impl.RaftServiceManager - RaftServer{1} - Applying Indexed{index=28, entry=CommandEntry{term=1, timestamp=2018-06-07 10:48:33,083, session=2, sequence=23, operation=PrimitiveOperation{id=DefaultOperationId{id=write, type=COMMAND}, value=byte[]{length=17, hash=-1644578928}}}}
22:48:33.282 [raft-server-1-state] TRACE i.a.p.s.impl.DefaultServiceExecutor - PrimitiveService{2}{type=io.atomix.protocols.raft.RaftTest$TestPrimitiveType@761d7cf3, name=raft-test} - Executing DefaultCommit{index=28, session=RaftSession{RaftServiceContext{server=1, type=io.atomix.protocols.raft.RaftTest$TestPrimitiveType@761d7cf3, name=raft-test, id=2}, session=2, timestamp=2018-06-07 10:48:33,083}, time=2018-06-07 10:48:33,083, operation=DefaultOperationId{id=write, type=COMMAND}, value=byte[]{length=17, hash=-1644578928}}
22:48:33.282 [raft-server-1-state] TRACE i.a.protocols.raft.roles.LeaderRole - RaftServer{1}{role=LEADER} - Sending CommandResponse{status=OK, index=28, eventIndex=2, result=byte[]{length=2, hash=1296}}
22:48:33.282 [raft-client-bd74d86e-809c-4ed1-87a8-2ec3ff75de78-1] TRACE i.a.p.r.p.impl.RaftProxyConnection - PartitionProxy{2}{type=io.atomix.protocols.raft.RaftTest$TestPrimitiveType@35bfa1bb, name=raft-test} - Received CommandResponse{status=OK, index=28, eventIndex=2, result=byte[]{length=2, hash=1296}} from 1
22:48:33.282 [raft-client-bd74d86e-809c-4ed1-87a8-2ec3ff75de78-1] TRACE i.a.p.r.p.impl.RaftProxySequencer - PartitionProxy{2}{type=io.atomix.protocols.raft.RaftTest$TestPrimitiveType@35bfa1bb, name=raft-test} - Completing response CommandResponse{status=OK, index=28, eventIndex=2, result=byte[]{length=2, hash=1296}}
22:48:33.283 [raft-client-bd74d86e-809c-4ed1-87a8-2ec3ff75de78-4] TRACE i.a.p.r.p.impl.RaftProxyConnection - PartitionProxy{2}{type=io.atomix.protocols.raft.RaftTest$TestPrimitiveType@35bfa1bb, name=raft-test} - Sending CommandRequest{session=2, sequence=24, operation=PrimitiveOperation{id=DefaultOperationId{id=write, type=COMMAND}, value=byte[]{length=17, hash=-1644578928}}} to 1
22:48:33.283 [raft-server-1] TRACE i.a.protocols.raft.roles.LeaderRole - RaftServer{1}{role=LEADER} - Received CommandRequest{session=2, sequence=24, operation=PrimitiveOperation{id=DefaultOperationId{id=write, type=COMMAND}, value=byte[]{length=17, hash=-1644578928}}}
22:48:33.283 [raft-server-1] TRACE i.a.protocols.raft.roles.LeaderRole - RaftServer{1}{role=LEADER} - Appended Indexed{index=29, entry=CommandEntry{term=1, timestamp=2018-06-07 10:48:33,283, session=2, sequence=24, operation=PrimitiveOperation{id=DefaultOperationId{id=write, type=COMMAND}, value=byte[]{length=17, hash=-1644578928}}}}
22:48:33.390 [raft-server-3] TRACE i.a.p.raft.roles.FollowerRole - RaftServer{3}{role=FOLLOWER} - Committed entries up to index 28
22:48:33.390 [raft-server-2] TRACE i.a.p.raft.roles.FollowerRole - RaftServer{2}{role=FOLLOWER} - Committed entries up to index 28
22:48:33.390 [raft-server-3] TRACE i.a.p.raft.roles.FollowerRole - RaftServer{3}{role=FOLLOWER} - Sending AppendResponse{status=OK, term=1, succeeded=true, lastLogIndex=28}
22:48:33.390 [raft-server-2] TRACE i.a.p.raft.roles.FollowerRole - RaftServer{2}{role=FOLLOWER} - Sending AppendResponse{status=OK, term=1, succeeded=true, lastLogIndex=28}
22:48:33.390 [raft-server-1] TRACE i.a.p.raft.roles.LeaderAppender - RaftServer{1} - Received AppendResponse{status=OK, term=1, succeeded=true, lastLogIndex=28} from 3
22:48:33.390 [raft-server-3-state] TRACE i.a.p.raft.impl.RaftServiceManager - RaftServer{3} - Applying Indexed{index=28, entry=CommandEntry{term=1, timestamp=2018-06-07 10:48:33,083, session=2, sequence=23, operation=PrimitiveOperation{id=DefaultOperationId{id=write, type=COMMAND}, value=byte[]{length=17, hash=-1644578928}}}}
22:48:33.390 [raft-server-2-state] TRACE i.a.p.raft.impl.RaftServiceManager - RaftServer{2} - Applying Indexed{index=28, entry=CommandEntry{term=1, timestamp=2018-06-07 10:48:33,083, session=2, sequence=23, operation=PrimitiveOperation{id=DefaultOperationId{id=write, type=COMMAND}, value=byte[]{length=17, hash=-1644578928}}}}
22:48:33.390 [raft-server-1] TRACE i.a.p.raft.roles.LeaderAppender - RaftServer{1} - Sending AppendRequest{term=1, leader=1, prevLogIndex=28, prevLogTerm=1, entries=1, commitIndex=28} to 3
22:48:33.390 [raft-server-3-state] TRACE i.a.p.s.impl.DefaultServiceExecutor - PrimitiveService{2}{type=io.atomix.protocols.raft.RaftTest$TestPrimitiveType@64a1ae5, name=raft-test} - Executing DefaultCommit{index=28, session=RaftSession{RaftServiceContext{server=3, type=io.atomix.protocols.raft.RaftTest$TestPrimitiveType@64a1ae5, name=raft-test, id=2}, session=2, timestamp=2018-06-07 10:48:33,083}, time=2018-06-07 10:48:33,083, operation=DefaultOperationId{id=write, type=COMMAND}, value=byte[]{length=17, hash=-1644578928}}
22:48:33.390 [raft-server-2-state] TRACE i.a.p.s.impl.DefaultServiceExecutor - PrimitiveService{2}{type=io.atomix.protocols.raft.RaftTest$TestPrimitiveType@2d95571d, name=raft-test} - Executing DefaultCommit{index=28, session=RaftSession{RaftServiceContext{server=2, type=io.atomix.protocols.raft.RaftTest$TestPrimitiveType@2d95571d, name=raft-test, id=2}, session=2, timestamp=2018-06-07 10:48:33,083}, time=2018-06-07 10:48:33,083, operation=DefaultOperationId{id=write, type=COMMAND}, value=byte[]{length=17, hash=-1644578928}}
22:48:33.390 [raft-server-3] TRACE i.a.p.raft.roles.FollowerRole - RaftServer{3}{role=FOLLOWER} - Received AppendRequest{term=1, leader=1, prevLogIndex=28, prevLogTerm=1, entries=1, commitIndex=28}
22:48:33.390 [raft-server-1] TRACE i.a.p.raft.roles.LeaderAppender - RaftServer{1} - Sending AppendRequest{term=1, leader=1, prevLogIndex=28, prevLogTerm=1, entries=1, commitIndex=28} to 2
22:48:33.391 [raft-server-2] TRACE i.a.p.raft.roles.FollowerRole - RaftServer{2}{role=FOLLOWER} - Received AppendRequest{term=1, leader=1, prevLogIndex=28, prevLogTerm=1, entries=1, commitIndex=28}
22:48:33.391 [raft-server-1] TRACE i.a.p.raft.roles.LeaderAppender - RaftServer{1} - Received AppendResponse{status=OK, term=1, succeeded=true, lastLogIndex=28} from 2
22:48:33.391 [raft-server-3] TRACE i.a.p.raft.roles.FollowerRole - RaftServer{3}{role=FOLLOWER} - Appended Indexed{index=29, entry=CommandEntry{term=1, timestamp=2018-06-07 10:48:33,283, session=2, sequence=24, operation=PrimitiveOperation{id=DefaultOperationId{id=write, type=COMMAND}, value=byte[]{length=17, hash=-1644578928}}}}
22:48:33.391 [raft-server-2] TRACE i.a.p.raft.roles.FollowerRole - RaftServer{2}{role=FOLLOWER} - Appended Indexed{index=29, entry=CommandEntry{term=1, timestamp=2018-06-07 10:48:33,283, session=2, sequence=24, operation=PrimitiveOperation{id=DefaultOperationId{id=write, type=COMMAND}, value=byte[]{length=17, hash=-1644578928}}}}
22:48:33.391 [raft-server-3] TRACE i.a.p.raft.roles.FollowerRole - RaftServer{3}{role=FOLLOWER} - Sending AppendResponse{status=OK, term=1, succeeded=true, lastLogIndex=29}
22:48:33.391 [raft-server-2] TRACE i.a.p.raft.roles.FollowerRole - RaftServer{2}{role=FOLLOWER} - Sending AppendResponse{status=OK, term=1, succeeded=true, lastLogIndex=29}
22:48:33.391 [raft-server-1] TRACE i.a.p.raft.roles.LeaderAppender - RaftServer{1} - Received AppendResponse{status=OK, term=1, succeeded=true, lastLogIndex=29} from 3
22:48:33.391 [raft-server-1] TRACE i.a.p.raft.roles.LeaderAppender - RaftServer{1} - Committed entries up to 29
22:48:33.490 [raft-server-1] TRACE i.a.p.raft.roles.LeaderAppender - RaftServer{1} - Received AppendResponse{status=OK, term=1, succeeded=true, lastLogIndex=29} from 2
22:48:33.490 [raft-server-1-state] TRACE i.a.p.raft.impl.RaftServiceManager - RaftServer{1} - Applying Indexed{index=29, entry=CommandEntry{term=1, timestamp=2018-06-07 10:48:33,283, session=2, sequence=24, operation=PrimitiveOperation{id=DefaultOperationId{id=write, type=COMMAND}, value=byte[]{length=17, hash=-1644578928}}}}
22:48:33.490 [raft-server-1-state] TRACE i.a.p.s.impl.DefaultServiceExecutor - PrimitiveService{2}{type=io.atomix.protocols.raft.RaftTest$TestPrimitiveType@761d7cf3, name=raft-test} - Executing DefaultCommit{index=29, session=RaftSession{RaftServiceContext{server=1, type=io.atomix.protocols.raft.RaftTest$TestPrimitiveType@761d7cf3, name=raft-test, id=2}, session=2, timestamp=2018-06-07 10:48:33,283}, time=2018-06-07 10:48:33,283, operation=DefaultOperationId{id=write, type=COMMAND}, value=byte[]{length=17, hash=-1644578928}}
22:48:33.490 [raft-server-1-state] TRACE i.a.protocols.raft.roles.LeaderRole - RaftServer{1}{role=LEADER} - Sending CommandResponse{status=OK, index=29, eventIndex=2, result=byte[]{length=2, hash=1298}}
22:48:33.490 [raft-client-bd74d86e-809c-4ed1-87a8-2ec3ff75de78-2] TRACE i.a.p.r.p.impl.RaftProxyConnection - PartitionProxy{2}{type=io.atomix.protocols.raft.RaftTest$TestPrimitiveType@35bfa1bb, name=raft-test} - Received CommandResponse{status=OK, index=29, eventIndex=2, result=byte[]{length=2, hash=1298}} from 1
22:48:33.490 [raft-client-bd74d86e-809c-4ed1-87a8-2ec3ff75de78-2] TRACE i.a.p.r.p.impl.RaftProxySequencer - PartitionProxy{2}{type=io.atomix.protocols.raft.RaftTest$TestPrimitiveType@35bfa1bb, name=raft-test} - Completing response CommandResponse{status=OK, index=29, eventIndex=2, result=byte[]{length=2, hash=1298}}
22:48:33.491 [raft-client-bd74d86e-809c-4ed1-87a8-2ec3ff75de78-2] TRACE i.a.p.r.p.impl.RaftProxyConnection - PartitionProxy{2}{type=io.atomix.protocols.raft.RaftTest$TestPrimitiveType@35bfa1bb, name=raft-test} - Sending CommandRequest{session=2, sequence=25, operation=PrimitiveOperation{id=DefaultOperationId{id=write, type=COMMAND}, value=byte[]{length=17, hash=-1644578928}}} to 1
22:48:33.491 [raft-server-1] TRACE i.a.protocols.raft.roles.LeaderRole - RaftServer{1}{role=LEADER} - Received CommandRequest{session=2, sequence=25, operation=PrimitiveOperation{id=DefaultOperationId{id=write, type=COMMAND}, value=byte[]{length=17, hash=-1644578928}}}
22:48:33.491 [raft-server-1] TRACE i.a.protocols.raft.roles.LeaderRole - RaftServer{1}{role=LEADER} - Appended Indexed{index=30, entry=CommandEntry{term=1, timestamp=2018-06-07 10:48:33,491, session=2, sequence=25, operation=PrimitiveOperation{id=DefaultOperationId{id=write, type=COMMAND}, value=byte[]{length=17, hash=-1644578928}}}}
22:48:33.491 [raft-server-1] TRACE i.a.p.raft.roles.LeaderAppender - RaftServer{1} - Sending AppendRequest{term=1, leader=1, prevLogIndex=29, prevLogTerm=1, entries=1, commitIndex=29} to 3
22:48:33.491 [raft-server-1] TRACE i.a.p.raft.roles.LeaderAppender - RaftServer{1} - Sending AppendRequest{term=1, leader=1, prevLogIndex=29, prevLogTerm=1, entries=1, commitIndex=29} to 2
22:48:33.491 [raft-server-3] TRACE i.a.p.raft.roles.FollowerRole - RaftServer{3}{role=FOLLOWER} - Received AppendRequest{term=1, leader=1, prevLogIndex=29, prevLogTerm=1, entries=1, commitIndex=29}
22:48:33.491 [raft-server-2] TRACE i.a.p.raft.roles.FollowerRole - RaftServer{2}{role=FOLLOWER} - Received AppendRequest{term=1, leader=1, prevLogIndex=29, prevLogTerm=1, entries=1, commitIndex=29}
22:48:33.491 [raft-server-3] TRACE i.a.p.raft.roles.FollowerRole - RaftServer{3}{role=FOLLOWER} - Appended Indexed{index=30, entry=CommandEntry{term=1, timestamp=2018-06-07 10:48:33,491, session=2, sequence=25, operation=PrimitiveOperation{id=DefaultOperationId{id=write, type=COMMAND}, value=byte[]{length=17, hash=-1644578928}}}}
22:48:33.491 [raft-server-2] TRACE i.a.p.raft.roles.FollowerRole - RaftServer{2}{role=FOLLOWER} - Appended Indexed{index=30, entry=CommandEntry{term=1, timestamp=2018-06-07 10:48:33,491, session=2, sequence=25, operation=PrimitiveOperation{id=DefaultOperationId{id=write, type=COMMAND}, value=byte[]{length=17, hash=-1644578928}}}}
22:48:33.570 [raft-server-3] TRACE i.a.p.raft.roles.FollowerRole - RaftServer{3}{role=FOLLOWER} - Committed entries up to index 29
22:48:33.570 [raft-server-2] TRACE i.a.p.raft.roles.FollowerRole - RaftServer{2}{role=FOLLOWER} - Committed entries up to index 29
22:48:33.570 [raft-server-3] TRACE i.a.p.raft.roles.FollowerRole - RaftServer{3}{role=FOLLOWER} - Sending AppendResponse{status=OK, term=1, succeeded=true, lastLogIndex=30}
22:48:33.570 [raft-server-2] TRACE i.a.p.raft.roles.FollowerRole - RaftServer{2}{role=FOLLOWER} - Sending AppendResponse{status=OK, term=1, succeeded=true, lastLogIndex=30}
22:48:33.570 [raft-server-1] TRACE i.a.p.raft.roles.LeaderAppender - RaftServer{1} - Received AppendResponse{status=OK, term=1, succeeded=true, lastLogIndex=30} from 3
22:48:33.570 [raft-server-1] TRACE i.a.p.raft.roles.LeaderAppender - RaftServer{1} - Committed entries up to 30
22:48:33.570 [raft-server-3-state] TRACE i.a.p.raft.impl.RaftServiceManager - RaftServer{3} - Applying Indexed{index=29, entry=CommandEntry{term=1, timestamp=2018-06-07 10:48:33,283, session=2, sequence=24, operation=PrimitiveOperation{id=DefaultOperationId{id=write, type=COMMAND}, value=byte[]{length=17, hash=-1644578928}}}}
22:48:33.570 [raft-server-2-state] TRACE i.a.p.raft.impl.RaftServiceManager - RaftServer{2} - Applying Indexed{index=29, entry=CommandEntry{term=1, timestamp=2018-06-07 10:48:33,283, session=2, sequence=24, operation=PrimitiveOperation{id=DefaultOperationId{id=write, type=COMMAND}, value=byte[]{length=17, hash=-1644578928}}}}
22:48:33.570 [raft-server-3-state] TRACE i.a.p.s.impl.DefaultServiceExecutor - PrimitiveService{2}{type=io.atomix.protocols.raft.RaftTest$TestPrimitiveType@64a1ae5, name=raft-test} - Executing DefaultCommit{index=29, session=RaftSession{RaftServiceContext{server=3, type=io.atomix.protocols.raft.RaftTest$TestPrimitiveType@64a1ae5, name=raft-test, id=2}, session=2, timestamp=2018-06-07 10:48:33,283}, time=2018-06-07 10:48:33,283, operation=DefaultOperationId{id=write, type=COMMAND}, value=byte[]{length=17, hash=-1644578928}}
22:48:33.570 [raft-server-2-state] TRACE i.a.p.s.impl.DefaultServiceExecutor - PrimitiveService{2}{type=io.atomix.protocols.raft.RaftTest$TestPrimitiveType@2d95571d, name=raft-test} - Executing DefaultCommit{index=29, session=RaftSession{RaftServiceContext{server=2, type=io.atomix.protocols.raft.RaftTest$TestPrimitiveType@2d95571d, name=raft-test, id=2}, session=2, timestamp=2018-06-07 10:48:33,283}, time=2018-06-07 10:48:33,283, operation=DefaultOperationId{id=write, type=COMMAND}, value=byte[]{length=17, hash=-1644578928}}
22:48:33.691 [raft-server-1] TRACE i.a.p.raft.roles.LeaderAppender - RaftServer{1} - Sending AppendRequest{term=1, leader=1, prevLogIndex=30, prevLogTerm=1, entries=0, commitIndex=30} to 3
22:48:33.691 [raft-server-1] TRACE i.a.p.raft.roles.LeaderAppender - RaftServer{1} - Received AppendResponse{status=OK, term=1, succeeded=true, lastLogIndex=30} from 2
22:48:33.691 [raft-server-3] TRACE i.a.p.raft.roles.FollowerRole - RaftServer{3}{role=FOLLOWER} - Received AppendRequest{term=1, leader=1, prevLogIndex=30, prevLogTerm=1, entries=0, commitIndex=30}
22:48:33.691 [raft-server-1] TRACE i.a.p.raft.roles.LeaderAppender - RaftServer{1} - Sending AppendRequest{term=1, leader=1, prevLogIndex=30, prevLogTerm=1, entries=0, commitIndex=30} to 2
22:48:33.691 [raft-server-2] TRACE i.a.p.raft.roles.FollowerRole - RaftServer{2}{role=FOLLOWER} - Received AppendRequest{term=1, leader=1, prevLogIndex=30, prevLogTerm=1, entries=0, commitIndex=30}
22:48:33.692 [raft-server-1-state] TRACE i.a.p.raft.impl.RaftServiceManager - RaftServer{1} - Applying Indexed{index=30, entry=CommandEntry{term=1, timestamp=2018-06-07 10:48:33,491, session=2, sequence=25, operation=PrimitiveOperation{id=DefaultOperationId{id=write, type=COMMAND}, value=byte[]{length=17, hash=-1644578928}}}}
22:48:33.692 [raft-server-1-state] TRACE i.a.p.s.impl.DefaultServiceExecutor - PrimitiveService{2}{type=io.atomix.protocols.raft.RaftTest$TestPrimitiveType@761d7cf3, name=raft-test} - Executing DefaultCommit{index=30, session=RaftSession{RaftServiceContext{server=1, type=io.atomix.protocols.raft.RaftTest$TestPrimitiveType@761d7cf3, name=raft-test, id=2}, session=2, timestamp=2018-06-07 10:48:33,491}, time=2018-06-07 10:48:33,491, operation=DefaultOperationId{id=write, type=COMMAND}, value=byte[]{length=17, hash=-1644578928}}
22:48:33.692 [raft-server-1-state] TRACE i.a.protocols.raft.roles.LeaderRole - RaftServer{1}{role=LEADER} - Sending CommandResponse{status=OK, index=30, eventIndex=2, result=byte[]{length=2, hash=1300}}
22:48:33.692 [raft-client-bd74d86e-809c-4ed1-87a8-2ec3ff75de78-0] TRACE i.a.p.r.p.impl.RaftProxyConnection - PartitionProxy{2}{type=io.atomix.protocols.raft.RaftTest$TestPrimitiveType@35bfa1bb, name=raft-test} - Received CommandResponse{status=OK, index=30, eventIndex=2, result=byte[]{length=2, hash=1300}} from 1
22:48:33.692 [raft-client-bd74d86e-809c-4ed1-87a8-2ec3ff75de78-0] TRACE i.a.p.r.p.impl.RaftProxySequencer - PartitionProxy{2}{type=io.atomix.protocols.raft.RaftTest$TestPrimitiveType@35bfa1bb, name=raft-test} - Completing response CommandResponse{status=OK, index=30, eventIndex=2, result=byte[]{length=2, hash=1300}}
22:48:33.692 [raft-client-bd74d86e-809c-4ed1-87a8-2ec3ff75de78-0] TRACE i.a.p.r.p.impl.RaftProxyConnection - PartitionProxy{2}{type=io.atomix.protocols.raft.RaftTest$TestPrimitiveType@35bfa1bb, name=raft-test} - Sending CommandRequest{session=2, sequence=26, operation=PrimitiveOperation{id=DefaultOperationId{id=write, type=COMMAND}, value=byte[]{length=17, hash=-1644578928}}} to 1
22:48:33.692 [raft-server-1] TRACE i.a.protocols.raft.roles.LeaderRole - RaftServer{1}{role=LEADER} - Received CommandRequest{session=2, sequence=26, operation=PrimitiveOperation{id=DefaultOperationId{id=write, type=COMMAND}, value=byte[]{length=17, hash=-1644578928}}}
22:48:33.781 [raft-server-3] TRACE i.a.p.raft.roles.FollowerRole - RaftServer{3}{role=FOLLOWER} - Committed entries up to index 30
22:48:33.781 [raft-server-3] TRACE i.a.p.raft.roles.FollowerRole - RaftServer{3}{role=FOLLOWER} - Sending AppendResponse{status=OK, term=1, succeeded=true, lastLogIndex=30}
22:48:33.782 [raft-server-3-state] TRACE i.a.p.raft.impl.RaftServiceManager - RaftServer{3} - Applying Indexed{index=30, entry=CommandEntry{term=1, timestamp=2018-06-07 10:48:33,491, session=2, sequence=25, operation=PrimitiveOperation{id=DefaultOperationId{id=write, type=COMMAND}, value=byte[]{length=17, hash=-1644578928}}}}
22:48:33.782 [raft-server-3-state] TRACE i.a.p.s.impl.DefaultServiceExecutor - PrimitiveService{2}{type=io.atomix.protocols.raft.RaftTest$TestPrimitiveType@64a1ae5, name=raft-test} - Executing DefaultCommit{index=30, session=RaftSession{RaftServiceContext{server=3, type=io.atomix.protocols.raft.RaftTest$TestPrimitiveType@64a1ae5, name=raft-test, id=2}, session=2, timestamp=2018-06-07 10:48:33,491}, time=2018-06-07 10:48:33,491, operation=DefaultOperationId{id=write, type=COMMAND}, value=byte[]{length=17, hash=-1644578928}}
22:48:33.856 [raft-server-2] TRACE i.a.p.raft.roles.FollowerRole - RaftServer{2}{role=FOLLOWER} - Committed entries up to index 30
22:48:33.856 [raft-server-2] TRACE i.a.p.raft.roles.FollowerRole - RaftServer{2}{role=FOLLOWER} - Sending AppendResponse{status=OK, term=1, succeeded=true, lastLogIndex=30}
22:48:33.857 [raft-server-2-state] TRACE i.a.p.raft.impl.RaftServiceManager - RaftServer{2} - Applying Indexed{index=30, entry=CommandEntry{term=1, timestamp=2018-06-07 10:48:33,491, session=2, sequence=25, operation=PrimitiveOperation{id=DefaultOperationId{id=write, type=COMMAND}, value=byte[]{length=17, hash=-1644578928}}}}
22:48:33.857 [raft-server-2-state] TRACE i.a.p.s.impl.DefaultServiceExecutor - PrimitiveService{2}{type=io.atomix.protocols.raft.RaftTest$TestPrimitiveType@2d95571d, name=raft-test} - Executing DefaultCommit{index=30, session=RaftSession{RaftServiceContext{server=2, type=io.atomix.protocols.raft.RaftTest$TestPrimitiveType@2d95571d, name=raft-test, id=2}, session=2, timestamp=2018-06-07 10:48:33,491}, time=2018-06-07 10:48:33,491, operation=DefaultOperationId{id=write, type=COMMAND}, value=byte[]{length=17, hash=-1644578928}}
22:48:33.931 [raft-server-1] DEBUG i.a.storage.journal.SegmentedJournal - Created disk segment: JournalSegment{id=4, version=1, index=31, size=64}
22:48:33.932 [raft-server-1] TRACE i.a.protocols.raft.roles.LeaderRole - RaftServer{1}{role=LEADER} - Appended Indexed{index=31, entry=CommandEntry{term=1, timestamp=2018-06-07 10:48:33,692, session=2, sequence=26, operation=PrimitiveOperation{id=DefaultOperationId{id=write, type=COMMAND}, value=byte[]{length=17, hash=-1644578928}}}}
22:48:33.932 [raft-server-1] TRACE i.a.p.raft.roles.LeaderAppender - RaftServer{1} - Sending AppendRequest{term=1, leader=1, prevLogIndex=30, prevLogTerm=1, entries=1, commitIndex=30} to 3
22:48:33.932 [raft-server-3] TRACE i.a.p.raft.roles.FollowerRole - RaftServer{3}{role=FOLLOWER} - Received AppendRequest{term=1, leader=1, prevLogIndex=30, prevLogTerm=1, entries=1, commitIndex=30}
22:48:33.932 [raft-server-1] TRACE i.a.p.raft.roles.LeaderAppender - RaftServer{1} - Sending AppendRequest{term=1, leader=1, prevLogIndex=30, prevLogTerm=1, entries=1, commitIndex=30} to 2
22:48:33.932 [raft-server-1] TRACE i.a.p.raft.roles.LeaderAppender - RaftServer{1} - Received AppendResponse{status=OK, term=1, succeeded=true, lastLogIndex=30} from 3
22:48:33.932 [raft-server-1] TRACE i.a.p.raft.roles.LeaderAppender - RaftServer{1} - Received AppendResponse{status=OK, term=1, succeeded=true, lastLogIndex=30} from 2
22:48:33.932 [raft-server-2] TRACE i.a.p.raft.roles.FollowerRole - RaftServer{2}{role=FOLLOWER} - Received AppendRequest{term=1, leader=1, prevLogIndex=30, prevLogTerm=1, entries=1, commitIndex=30}
22:48:34.106 [raft-server-3] DEBUG i.a.storage.journal.SegmentedJournal - Created disk segment: JournalSegment{id=4, version=1, index=31, size=64}
22:48:34.107 [raft-server-3] TRACE i.a.p.raft.roles.FollowerRole - RaftServer{3}{role=FOLLOWER} - Appended Indexed{index=31, entry=CommandEntry{term=1, timestamp=2018-06-07 10:48:33,692, session=2, sequence=26, operation=PrimitiveOperation{id=DefaultOperationId{id=write, type=COMMAND}, value=byte[]{length=17, hash=-1644578928}}}}
22:48:34.107 [raft-server-3] TRACE i.a.p.raft.roles.FollowerRole - RaftServer{3}{role=FOLLOWER} - Sending AppendResponse{status=OK, term=1, succeeded=true, lastLogIndex=31}
22:48:34.107 [raft-server-1] TRACE i.a.p.raft.roles.LeaderAppender - RaftServer{1} - Received AppendResponse{status=OK, term=1, succeeded=true, lastLogIndex=31} from 3
22:48:34.107 [raft-server-1] TRACE i.a.p.raft.roles.LeaderAppender - RaftServer{1} - Committed entries up to 31
22:48:34.131 [raft-server-2] DEBUG i.a.storage.journal.SegmentedJournal - Created disk segment: JournalSegment{id=4, version=1, index=31, size=64}
22:48:34.132 [raft-server-2] TRACE i.a.p.raft.roles.FollowerRole - RaftServer{2}{role=FOLLOWER} - Appended Indexed{index=31, entry=CommandEntry{term=1, timestamp=2018-06-07 10:48:33,692, session=2, sequence=26, operation=PrimitiveOperation{id=DefaultOperationId{id=write, type=COMMAND}, value=byte[]{length=17, hash=-1644578928}}}}
22:48:34.132 [raft-server-2] TRACE i.a.p.raft.roles.FollowerRole - RaftServer{2}{role=FOLLOWER} - Sending AppendResponse{status=OK, term=1, succeeded=true, lastLogIndex=31}
22:48:34.165 [raft-server-1] TRACE i.a.p.raft.roles.LeaderAppender - RaftServer{1} - Sending AppendRequest{term=1, leader=1, prevLogIndex=31, prevLogTerm=1, entries=0, commitIndex=31} to 3
22:48:34.165 [raft-server-1] TRACE i.a.p.raft.roles.LeaderAppender - RaftServer{1} - Received AppendResponse{status=OK, term=1, succeeded=true, lastLogIndex=31} from 2
22:48:34.165 [raft-server-3] TRACE i.a.p.raft.roles.FollowerRole - RaftServer{3}{role=FOLLOWER} - Received AppendRequest{term=1, leader=1, prevLogIndex=31, prevLogTerm=1, entries=0, commitIndex=31}
22:48:34.165 [raft-server-1] TRACE i.a.p.raft.roles.LeaderAppender - RaftServer{1} - Sending AppendRequest{term=1, leader=1, prevLogIndex=31, prevLogTerm=1, entries=0, commitIndex=31} to 2
22:48:34.165 [raft-server-2] TRACE i.a.p.raft.roles.FollowerRole - RaftServer{2}{role=FOLLOWER} - Received AppendRequest{term=1, leader=1, prevLogIndex=31, prevLogTerm=1, entries=0, commitIndex=31}
22:48:34.165 [raft-server-1-state] TRACE i.a.p.raft.impl.RaftServiceManager - RaftServer{1} - Applying Indexed{index=31, entry=CommandEntry{term=1, timestamp=2018-06-07 10:48:33,692, session=2, sequence=26, operation=PrimitiveOperation{id=DefaultOperationId{id=write, type=COMMAND}, value=byte[]{length=17, hash=-1644578928}}}}
22:48:34.165 [raft-server-1-state] TRACE i.a.p.s.impl.DefaultServiceExecutor - PrimitiveService{2}{type=io.atomix.protocols.raft.RaftTest$TestPrimitiveType@761d7cf3, name=raft-test} - Executing DefaultCommit{index=31, session=RaftSession{RaftServiceContext{server=1, type=io.atomix.protocols.raft.RaftTest$TestPrimitiveType@761d7cf3, name=raft-test, id=2}, session=2, timestamp=2018-06-07 10:48:33,692}, time=2018-06-07 10:48:33,692, operation=DefaultOperationId{id=write, type=COMMAND}, value=byte[]{length=17, hash=-1644578928}}
22:48:34.166 [raft-server-1-state] TRACE i.a.protocols.raft.roles.LeaderRole - RaftServer{1}{role=LEADER} - Sending CommandResponse{status=OK, index=31, eventIndex=2, result=byte[]{length=2, hash=1302}}
22:48:34.166 [raft-client-bd74d86e-809c-4ed1-87a8-2ec3ff75de78-1] TRACE i.a.p.r.p.impl.RaftProxyConnection - PartitionProxy{2}{type=io.atomix.protocols.raft.RaftTest$TestPrimitiveType@35bfa1bb, name=raft-test} - Received CommandResponse{status=OK, index=31, eventIndex=2, result=byte[]{length=2, hash=1302}} from 1
22:48:34.166 [raft-client-bd74d86e-809c-4ed1-87a8-2ec3ff75de78-1] TRACE i.a.p.r.p.impl.RaftProxySequencer - PartitionProxy{2}{type=io.atomix.protocols.raft.RaftTest$TestPrimitiveType@35bfa1bb, name=raft-test} - Completing response CommandResponse{status=OK, index=31, eventIndex=2, result=byte[]{length=2, hash=1302}}
22:48:34.166 [raft-client-bd74d86e-809c-4ed1-87a8-2ec3ff75de78-1] TRACE i.a.p.r.p.impl.RaftProxyConnection - PartitionProxy{2}{type=io.atomix.protocols.raft.RaftTest$TestPrimitiveType@35bfa1bb, name=raft-test} - Sending CommandRequest{session=2, sequence=27, operation=PrimitiveOperation{id=DefaultOperationId{id=write, type=COMMAND}, value=byte[]{length=17, hash=-1644578928}}} to 1
22:48:34.166 [raft-server-1] TRACE i.a.protocols.raft.roles.LeaderRole - RaftServer{1}{role=LEADER} - Received CommandRequest{session=2, sequence=27, operation=PrimitiveOperation{id=DefaultOperationId{id=write, type=COMMAND}, value=byte[]{length=17, hash=-1644578928}}}
22:48:34.166 [raft-server-1] TRACE i.a.protocols.raft.roles.LeaderRole - RaftServer{1}{role=LEADER} - Appended Indexed{index=32, entry=CommandEntry{term=1, timestamp=2018-06-07 10:48:34,166, session=2, sequence=27, operation=PrimitiveOperation{id=DefaultOperationId{id=write, type=COMMAND}, value=byte[]{length=17, hash=-1644578928}}}}
22:48:34.220 [raft-server-3] TRACE i.a.p.raft.roles.FollowerRole - RaftServer{3}{role=FOLLOWER} - Committed entries up to index 31
22:48:34.220 [raft-server-3] TRACE i.a.p.raft.roles.FollowerRole - RaftServer{3}{role=FOLLOWER} - Sending AppendResponse{status=OK, term=1, succeeded=true, lastLogIndex=31}
22:48:34.220 [raft-server-2] TRACE i.a.p.raft.roles.FollowerRole - RaftServer{2}{role=FOLLOWER} - Committed entries up to index 31
22:48:34.220 [raft-server-1] TRACE i.a.p.raft.roles.LeaderAppender - RaftServer{1} - Received AppendResponse{status=OK, term=1, succeeded=true, lastLogIndex=31} from 3
22:48:34.220 [raft-server-2] TRACE i.a.p.raft.roles.FollowerRole - RaftServer{2}{role=FOLLOWER} - Sending AppendResponse{status=OK, term=1, succeeded=true, lastLogIndex=31}
22:48:34.220 [raft-server-1] TRACE i.a.p.raft.roles.LeaderAppender - RaftServer{1} - Sending AppendRequest{term=1, leader=1, prevLogIndex=31, prevLogTerm=1, entries=1, commitIndex=31} to 3
22:48:34.220 [raft-server-3-state] TRACE i.a.p.raft.impl.RaftServiceManager - RaftServer{3} - Applying Indexed{index=31, entry=CommandEntry{term=1, timestamp=2018-06-07 10:48:33,692, session=2, sequence=26, operation=PrimitiveOperation{id=DefaultOperationId{id=write, type=COMMAND}, value=byte[]{length=17, hash=-1644578928}}}}
22:48:34.220 [raft-server-3] TRACE i.a.p.raft.roles.FollowerRole - RaftServer{3}{role=FOLLOWER} - Received AppendRequest{term=1, leader=1, prevLogIndex=31, prevLogTerm=1, entries=1, commitIndex=31}
22:48:34.220 [raft-server-2-state] TRACE i.a.p.raft.impl.RaftServiceManager - RaftServer{2} - Applying Indexed{index=31, entry=CommandEntry{term=1, timestamp=2018-06-07 10:48:33,692, session=2, sequence=26, operation=PrimitiveOperation{id=DefaultOperationId{id=write, type=COMMAND}, value=byte[]{length=17, hash=-1644578928}}}}
22:48:34.220 [raft-server-3-state] TRACE i.a.p.s.impl.DefaultServiceExecutor - PrimitiveService{2}{type=io.atomix.protocols.raft.RaftTest$TestPrimitiveType@64a1ae5, name=raft-test} - Executing DefaultCommit{index=31, session=RaftSession{RaftServiceContext{server=3, type=io.atomix.protocols.raft.RaftTest$TestPrimitiveType@64a1ae5, name=raft-test, id=2}, session=2, timestamp=2018-06-07 10:48:33,692}, time=2018-06-07 10:48:33,692, operation=DefaultOperationId{id=write, type=COMMAND}, value=byte[]{length=17, hash=-1644578928}}
22:48:34.220 [raft-server-2-state] TRACE i.a.p.s.impl.DefaultServiceExecutor - PrimitiveService{2}{type=io.atomix.protocols.raft.RaftTest$TestPrimitiveType@2d95571d, name=raft-test} - Executing DefaultCommit{index=31, session=RaftSession{RaftServiceContext{server=2, type=io.atomix.protocols.raft.RaftTest$TestPrimitiveType@2d95571d, name=raft-test, id=2}, session=2, timestamp=2018-06-07 10:48:33,692}, time=2018-06-07 10:48:33,692, operation=DefaultOperationId{id=write, type=COMMAND}, value=byte[]{length=17, hash=-1644578928}}
22:48:34.220 [raft-server-3] TRACE i.a.p.raft.roles.FollowerRole - RaftServer{3}{role=FOLLOWER} - Appended Indexed{index=32, entry=CommandEntry{term=1, timestamp=2018-06-07 10:48:34,166, session=2, sequence=27, operation=PrimitiveOperation{id=DefaultOperationId{id=write, type=COMMAND}, value=byte[]{length=17, hash=-1644578928}}}}
22:48:34.220 [raft-server-1] TRACE i.a.p.raft.roles.LeaderAppender - RaftServer{1} - Received AppendResponse{status=OK, term=1, succeeded=true, lastLogIndex=31} from 2
22:48:34.220 [raft-server-3] TRACE i.a.p.raft.roles.FollowerRole - RaftServer{3}{role=FOLLOWER} - Sending AppendResponse{status=OK, term=1, succeeded=true, lastLogIndex=32}
22:48:34.220 [raft-server-1] TRACE i.a.p.raft.roles.LeaderAppender - RaftServer{1} - Sending AppendRequest{term=1, leader=1, prevLogIndex=31, prevLogTerm=1, entries=1, commitIndex=31} to 2
22:48:34.221 [raft-server-2] TRACE i.a.p.raft.roles.FollowerRole - RaftServer{2}{role=FOLLOWER} - Received AppendRequest{term=1, leader=1, prevLogIndex=31, prevLogTerm=1, entries=1, commitIndex=31}
22:48:34.221 [raft-server-1] TRACE i.a.p.raft.roles.LeaderAppender - RaftServer{1} - Received AppendResponse{status=OK, term=1, succeeded=true, lastLogIndex=32} from 3
22:48:34.221 [raft-server-1] TRACE i.a.p.raft.roles.LeaderAppender - RaftServer{1} - Committed entries up to 32
22:48:34.221 [raft-server-2] TRACE i.a.p.raft.roles.FollowerRole - RaftServer{2}{role=FOLLOWER} - Appended Indexed{index=32, entry=CommandEntry{term=1, timestamp=2018-06-07 10:48:34,166, session=2, sequence=27, operation=PrimitiveOperation{id=DefaultOperationId{id=write, type=COMMAND}, value=byte[]{length=17, hash=-1644578928}}}}
22:48:34.221 [raft-server-2] TRACE i.a.p.raft.roles.FollowerRole - RaftServer{2}{role=FOLLOWER} - Sending AppendResponse{status=OK, term=1, succeeded=true, lastLogIndex=32}
22:48:34.270 [raft-server-1] TRACE i.a.p.raft.roles.LeaderAppender - RaftServer{1} - Received AppendResponse{status=OK, term=1, succeeded=true, lastLogIndex=32} from 2
22:48:34.270 [raft-server-1] TRACE i.a.p.raft.roles.LeaderAppender - RaftServer{1} - Sending AppendRequest{term=1, leader=1, prevLogIndex=32, prevLogTerm=1, entries=0, commitIndex=32} to 3
22:48:34.270 [raft-server-3] TRACE i.a.p.raft.roles.FollowerRole - RaftServer{3}{role=FOLLOWER} - Received AppendRequest{term=1, leader=1, prevLogIndex=32, prevLogTerm=1, entries=0, commitIndex=32}
22:48:34.270 [raft-server-1] TRACE i.a.p.raft.roles.LeaderAppender - RaftServer{1} - Sending AppendRequest{term=1, leader=1, prevLogIndex=32, prevLogTerm=1, entries=0, commitIndex=32} to 2
22:48:34.270 [raft-server-2] TRACE i.a.p.raft.roles.FollowerRole - RaftServer{2}{role=FOLLOWER} - Received AppendRequest{term=1, leader=1, prevLogIndex=32, prevLogTerm=1, entries=0, commitIndex=32}
22:48:34.270 [raft-server-1-state] TRACE i.a.p.raft.impl.RaftServiceManager - RaftServer{1} - Applying Indexed{index=32, entry=CommandEntry{term=1, timestamp=2018-06-07 10:48:34,166, session=2, sequence=27, operation=PrimitiveOperation{id=DefaultOperationId{id=write, type=COMMAND}, value=byte[]{length=17, hash=-1644578928}}}}
22:48:34.270 [raft-server-1-state] TRACE i.a.p.s.impl.DefaultServiceExecutor - PrimitiveService{2}{type=io.atomix.protocols.raft.RaftTest$TestPrimitiveType@761d7cf3, name=raft-test} - Executing DefaultCommit{index=32, session=RaftSession{RaftServiceContext{server=1, type=io.atomix.protocols.raft.RaftTest$TestPrimitiveType@761d7cf3, name=raft-test, id=2}, session=2, timestamp=2018-06-07 10:48:34,166}, time=2018-06-07 10:48:34,166, operation=DefaultOperationId{id=write, type=COMMAND}, value=byte[]{length=17, hash=-1644578928}}
22:48:34.270 [raft-server-1-state] TRACE i.a.protocols.raft.roles.LeaderRole - RaftServer{1}{role=LEADER} - Sending CommandResponse{status=OK, index=32, eventIndex=2, result=byte[]{length=2, hash=1304}}
22:48:34.270 [raft-client-bd74d86e-809c-4ed1-87a8-2ec3ff75de78-6] TRACE i.a.p.r.p.impl.RaftProxyConnection - PartitionProxy{2}{type=io.atomix.protocols.raft.RaftTest$TestPrimitiveType@35bfa1bb, name=raft-test} - Received CommandResponse{status=OK, index=32, eventIndex=2, result=byte[]{length=2, hash=1304}} from 1
22:48:34.271 [raft-client-bd74d86e-809c-4ed1-87a8-2ec3ff75de78-6] TRACE i.a.p.r.p.impl.RaftProxySequencer - PartitionProxy{2}{type=io.atomix.protocols.raft.RaftTest$TestPrimitiveType@35bfa1bb, name=raft-test} - Completing response CommandResponse{status=OK, index=32, eventIndex=2, result=byte[]{length=2, hash=1304}}
22:48:34.271 [raft-client-bd74d86e-809c-4ed1-87a8-2ec3ff75de78-5] TRACE i.a.p.r.p.impl.RaftProxyConnection - PartitionProxy{2}{type=io.atomix.protocols.raft.RaftTest$TestPrimitiveType@35bfa1bb, name=raft-test} - Sending CommandRequest{session=2, sequence=28, operation=PrimitiveOperation{id=DefaultOperationId{id=write, type=COMMAND}, value=byte[]{length=17, hash=-1644578928}}} to 1
22:48:34.271 [raft-server-1] TRACE i.a.protocols.raft.roles.LeaderRole - RaftServer{1}{role=LEADER} - Received CommandRequest{session=2, sequence=28, operation=PrimitiveOperation{id=DefaultOperationId{id=write, type=COMMAND}, value=byte[]{length=17, hash=-1644578928}}}
22:48:34.271 [raft-server-1] TRACE i.a.protocols.raft.roles.LeaderRole - RaftServer{1}{role=LEADER} - Appended Indexed{index=33, entry=CommandEntry{term=1, timestamp=2018-06-07 10:48:34,271, session=2, sequence=28, operation=PrimitiveOperation{id=DefaultOperationId{id=write, type=COMMAND}, value=byte[]{length=17, hash=-1644578928}}}}
22:48:34.320 [raft-server-3] TRACE i.a.p.raft.roles.FollowerRole - RaftServer{3}{role=FOLLOWER} - Committed entries up to index 32
22:48:34.320 [raft-server-3] TRACE i.a.p.raft.roles.FollowerRole - RaftServer{3}{role=FOLLOWER} - Sending AppendResponse{status=OK, term=1, succeeded=true, lastLogIndex=32}
22:48:34.320 [raft-server-2] TRACE i.a.p.raft.roles.FollowerRole - RaftServer{2}{role=FOLLOWER} - Committed entries up to index 32
22:48:34.320 [raft-server-1] TRACE i.a.p.raft.roles.LeaderAppender - RaftServer{1} - Received AppendResponse{status=OK, term=1, succeeded=true, lastLogIndex=32} from 3
22:48:34.320 [raft-server-2] TRACE i.a.p.raft.roles.FollowerRole - RaftServer{2}{role=FOLLOWER} - Sending AppendResponse{status=OK, term=1, succeeded=true, lastLogIndex=32}
22:48:34.320 [raft-server-3-state] TRACE i.a.p.raft.impl.RaftServiceManager - RaftServer{3} - Applying Indexed{index=32, entry=CommandEntry{term=1, timestamp=2018-06-07 10:48:34,166, session=2, sequence=27, operation=PrimitiveOperation{id=DefaultOperationId{id=write, type=COMMAND}, value=byte[]{length=17, hash=-1644578928}}}}
22:48:34.320 [raft-server-1] TRACE i.a.p.raft.roles.LeaderAppender - RaftServer{1} - Sending AppendRequest{term=1, leader=1, prevLogIndex=32, prevLogTerm=1, entries=1, commitIndex=32} to 3
22:48:34.320 [raft-server-2-state] TRACE i.a.p.raft.impl.RaftServiceManager - RaftServer{2} - Applying Indexed{index=32, entry=CommandEntry{term=1, timestamp=2018-06-07 10:48:34,166, session=2, sequence=27, operation=PrimitiveOperation{id=DefaultOperationId{id=write, type=COMMAND}, value=byte[]{length=17, hash=-1644578928}}}}
22:48:34.320 [raft-server-3-state] TRACE i.a.p.s.impl.DefaultServiceExecutor - PrimitiveService{2}{type=io.atomix.protocols.raft.RaftTest$TestPrimitiveType@64a1ae5, name=raft-test} - Executing DefaultCommit{index=32, session=RaftSession{RaftServiceContext{server=3, type=io.atomix.protocols.raft.RaftTest$TestPrimitiveType@64a1ae5, name=raft-test, id=2}, session=2, timestamp=2018-06-07 10:48:34,166}, time=2018-06-07 10:48:34,166, operation=DefaultOperationId{id=write, type=COMMAND}, value=byte[]{length=17, hash=-1644578928}}
22:48:34.320 [raft-server-1] TRACE i.a.p.raft.roles.LeaderAppender - RaftServer{1} - Sending AppendRequest{term=1, leader=1, prevLogIndex=32, prevLogTerm=1, entries=1, commitIndex=32} to 2
22:48:34.320 [raft-server-2-state] TRACE i.a.p.s.impl.DefaultServiceExecutor - PrimitiveService{2}{type=io.atomix.protocols.raft.RaftTest$TestPrimitiveType@2d95571d, name=raft-test} - Executing DefaultCommit{index=32, session=RaftSession{RaftServiceContext{server=2, type=io.atomix.protocols.raft.RaftTest$TestPrimitiveType@2d95571d, name=raft-test, id=2}, session=2, timestamp=2018-06-07 10:48:34,166}, time=2018-06-07 10:48:34,166, operation=DefaultOperationId{id=write, type=COMMAND}, value=byte[]{length=17, hash=-1644578928}}
22:48:34.320 [raft-server-2] TRACE i.a.p.raft.roles.FollowerRole - RaftServer{2}{role=FOLLOWER} - Received AppendRequest{term=1, leader=1, prevLogIndex=32, prevLogTerm=1, entries=1, commitIndex=32}
22:48:34.320 [raft-server-1] TRACE i.a.p.raft.roles.LeaderAppender - RaftServer{1} - Received AppendResponse{status=OK, term=1, succeeded=true, lastLogIndex=32} from 2
22:48:34.320 [raft-server-3] TRACE i.a.p.raft.roles.FollowerRole - RaftServer{3}{role=FOLLOWER} - Received AppendRequest{term=1, leader=1, prevLogIndex=32, prevLogTerm=1, entries=1, commitIndex=32}
22:48:34.321 [raft-server-2] TRACE i.a.p.raft.roles.FollowerRole - RaftServer{2}{role=FOLLOWER} - Appended Indexed{index=33, entry=CommandEntry{term=1, timestamp=2018-06-07 10:48:34,271, session=2, sequence=28, operation=PrimitiveOperation{id=DefaultOperationId{id=write, type=COMMAND}, value=byte[]{length=17, hash=-1644578928}}}}
22:48:34.321 [raft-server-2] TRACE i.a.p.raft.roles.FollowerRole - RaftServer{2}{role=FOLLOWER} - Sending AppendResponse{status=OK, term=1, succeeded=true, lastLogIndex=33}
22:48:34.321 [raft-server-3] TRACE i.a.p.raft.roles.FollowerRole - RaftServer{3}{role=FOLLOWER} - Appended Indexed{index=33, entry=CommandEntry{term=1, timestamp=2018-06-07 10:48:34,271, session=2, sequence=28, operation=PrimitiveOperation{id=DefaultOperationId{id=write, type=COMMAND}, value=byte[]{length=17, hash=-1644578928}}}}
22:48:34.321 [raft-server-1] TRACE i.a.p.raft.roles.LeaderAppender - RaftServer{1} - Received AppendResponse{status=OK, term=1, succeeded=true, lastLogIndex=33} from 2
22:48:34.321 [raft-server-3] TRACE i.a.p.raft.roles.FollowerRole - RaftServer{3}{role=FOLLOWER} - Sending AppendResponse{status=OK, term=1, succeeded=true, lastLogIndex=33}
22:48:34.321 [raft-server-1] TRACE i.a.p.raft.roles.LeaderAppender - RaftServer{1} - Committed entries up to 33
22:48:34.390 [raft-server-1] TRACE i.a.p.raft.roles.LeaderAppender - RaftServer{1} - Received AppendResponse{status=OK, term=1, succeeded=true, lastLogIndex=33} from 3
22:48:34.390 [raft-server-1-state] TRACE i.a.p.raft.impl.RaftServiceManager - RaftServer{1} - Applying Indexed{index=33, entry=CommandEntry{term=1, timestamp=2018-06-07 10:48:34,271, session=2, sequence=28, operation=PrimitiveOperation{id=DefaultOperationId{id=write, type=COMMAND}, value=byte[]{length=17, hash=-1644578928}}}}
22:48:34.390 [raft-server-1-state] TRACE i.a.p.s.impl.DefaultServiceExecutor - PrimitiveService{2}{type=io.atomix.protocols.raft.RaftTest$TestPrimitiveType@761d7cf3, name=raft-test} - Executing DefaultCommit{index=33, session=RaftSession{RaftServiceContext{server=1, type=io.atomix.protocols.raft.RaftTest$TestPrimitiveType@761d7cf3, name=raft-test, id=2}, session=2, timestamp=2018-06-07 10:48:34,271}, time=2018-06-07 10:48:34,271, operation=DefaultOperationId{id=write, type=COMMAND}, value=byte[]{length=17, hash=-1644578928}}
22:48:34.390 [raft-server-1-state] TRACE i.a.protocols.raft.roles.LeaderRole - RaftServer{1}{role=LEADER} - Sending CommandResponse{status=OK, index=33, eventIndex=2, result=byte[]{length=2, hash=1306}}
22:48:34.390 [raft-client-bd74d86e-809c-4ed1-87a8-2ec3ff75de78-7] TRACE i.a.p.r.p.impl.RaftProxyConnection - PartitionProxy{2}{type=io.atomix.protocols.raft.RaftTest$TestPrimitiveType@35bfa1bb, name=raft-test} - Received CommandResponse{status=OK, index=33, eventIndex=2, result=byte[]{length=2, hash=1306}} from 1
22:48:34.390 [raft-client-bd74d86e-809c-4ed1-87a8-2ec3ff75de78-7] TRACE i.a.p.r.p.impl.RaftProxySequencer - PartitionProxy{2}{type=io.atomix.protocols.raft.RaftTest$TestPrimitiveType@35bfa1bb, name=raft-test} - Completing response CommandResponse{status=OK, index=33, eventIndex=2, result=byte[]{length=2, hash=1306}}
22:48:34.391 [raft-client-bd74d86e-809c-4ed1-87a8-2ec3ff75de78-4] TRACE i.a.p.r.p.impl.RaftProxyConnection - PartitionProxy{2}{type=io.atomix.protocols.raft.RaftTest$TestPrimitiveType@35bfa1bb, name=raft-test} - Sending CommandRequest{session=2, sequence=29, operation=PrimitiveOperation{id=DefaultOperationId{id=write, type=COMMAND}, value=byte[]{length=17, hash=-1644578928}}} to 1
22:48:34.391 [raft-server-1] TRACE i.a.protocols.raft.roles.LeaderRole - RaftServer{1}{role=LEADER} - Received CommandRequest{session=2, sequence=29, operation=PrimitiveOperation{id=DefaultOperationId{id=write, type=COMMAND}, value=byte[]{length=17, hash=-1644578928}}}
22:48:34.391 [raft-server-1] TRACE i.a.protocols.raft.roles.LeaderRole - RaftServer{1}{role=LEADER} - Appended Indexed{index=34, entry=CommandEntry{term=1, timestamp=2018-06-07 10:48:34,391, session=2, sequence=29, operation=PrimitiveOperation{id=DefaultOperationId{id=write, type=COMMAND}, value=byte[]{length=17, hash=-1644578928}}}}
22:48:34.391 [raft-server-1] TRACE i.a.p.raft.roles.LeaderAppender - RaftServer{1} - Sending AppendRequest{term=1, leader=1, prevLogIndex=33, prevLogTerm=1, entries=1, commitIndex=33} to 3
22:48:34.391 [raft-server-1] TRACE i.a.p.raft.roles.LeaderAppender - RaftServer{1} - Sending AppendRequest{term=1, leader=1, prevLogIndex=33, prevLogTerm=1, entries=1, commitIndex=33} to 2
22:48:34.391 [raft-server-2] TRACE i.a.p.raft.roles.FollowerRole - RaftServer{2}{role=FOLLOWER} - Received AppendRequest{term=1, leader=1, prevLogIndex=33, prevLogTerm=1, entries=1, commitIndex=33}
22:48:34.391 [raft-server-3] TRACE i.a.p.raft.roles.FollowerRole - RaftServer{3}{role=FOLLOWER} - Received AppendRequest{term=1, leader=1, prevLogIndex=33, prevLogTerm=1, entries=1, commitIndex=33}
22:48:34.391 [raft-server-3] TRACE i.a.p.raft.roles.FollowerRole - RaftServer{3}{role=FOLLOWER} - Appended Indexed{index=34, entry=CommandEntry{term=1, timestamp=2018-06-07 10:48:34,391, session=2, sequence=29, operation=PrimitiveOperation{id=DefaultOperationId{id=write, type=COMMAND}, value=byte[]{length=17, hash=-1644578928}}}}
22:48:34.391 [raft-server-2] TRACE i.a.p.raft.roles.FollowerRole - RaftServer{2}{role=FOLLOWER} - Appended Indexed{index=34, entry=CommandEntry{term=1, timestamp=2018-06-07 10:48:34,391, session=2, sequence=29, operation=PrimitiveOperation{id=DefaultOperationId{id=write, type=COMMAND}, value=byte[]{length=17, hash=-1644578928}}}}
22:48:34.431 [raft-server-3] TRACE i.a.p.raft.roles.FollowerRole - RaftServer{3}{role=FOLLOWER} - Committed entries up to index 33
22:48:34.431 [raft-server-3] TRACE i.a.p.raft.roles.FollowerRole - RaftServer{3}{role=FOLLOWER} - Sending AppendResponse{status=OK, term=1, succeeded=true, lastLogIndex=34}
22:48:34.431 [raft-server-2] TRACE i.a.p.raft.roles.FollowerRole - RaftServer{2}{role=FOLLOWER} - Committed entries up to index 33
22:48:34.432 [raft-server-1] TRACE i.a.p.raft.roles.LeaderAppender - RaftServer{1} - Received AppendResponse{status=OK, term=1, succeeded=true, lastLogIndex=34} from 3
22:48:34.432 [raft-server-2] TRACE i.a.p.raft.roles.FollowerRole - RaftServer{2}{role=FOLLOWER} - Sending AppendResponse{status=OK, term=1, succeeded=true, lastLogIndex=34}
22:48:34.432 [raft-server-3-state] TRACE i.a.p.raft.impl.RaftServiceManager - RaftServer{3} - Applying Indexed{index=33, entry=CommandEntry{term=1, timestamp=2018-06-07 10:48:34,271, session=2, sequence=28, operation=PrimitiveOperation{id=DefaultOperationId{id=write, type=COMMAND}, value=byte[]{length=17, hash=-1644578928}}}}
22:48:34.432 [raft-server-1] TRACE i.a.p.raft.roles.LeaderAppender - RaftServer{1} - Committed entries up to 34
22:48:34.432 [raft-server-2-state] TRACE i.a.p.raft.impl.RaftServiceManager - RaftServer{2} - Applying Indexed{index=33, entry=CommandEntry{term=1, timestamp=2018-06-07 10:48:34,271, session=2, sequence=28, operation=PrimitiveOperation{id=DefaultOperationId{id=write, type=COMMAND}, value=byte[]{length=17, hash=-1644578928}}}}
22:48:34.432 [raft-server-3-state] TRACE i.a.p.s.impl.DefaultServiceExecutor - PrimitiveService{2}{type=io.atomix.protocols.raft.RaftTest$TestPrimitiveType@64a1ae5, name=raft-test} - Executing DefaultCommit{index=33, session=RaftSession{RaftServiceContext{server=3, type=io.atomix.protocols.raft.RaftTest$TestPrimitiveType@64a1ae5, name=raft-test, id=2}, session=2, timestamp=2018-06-07 10:48:34,271}, time=2018-06-07 10:48:34,271, operation=DefaultOperationId{id=write, type=COMMAND}, value=byte[]{length=17, hash=-1644578928}}
22:48:34.432 [raft-server-2-state] TRACE i.a.p.s.impl.DefaultServiceExecutor - PrimitiveService{2}{type=io.atomix.protocols.raft.RaftTest$TestPrimitiveType@2d95571d, name=raft-test} - Executing DefaultCommit{index=33, session=RaftSession{RaftServiceContext{server=2, type=io.atomix.protocols.raft.RaftTest$TestPrimitiveType@2d95571d, name=raft-test, id=2}, session=2, timestamp=2018-06-07 10:48:34,271}, time=2018-06-07 10:48:34,271, operation=DefaultOperationId{id=write, type=COMMAND}, value=byte[]{length=17, hash=-1644578928}}
22:48:34.473 [raft-server-1] TRACE i.a.p.raft.roles.LeaderAppender - RaftServer{1} - Received AppendResponse{status=OK, term=1, succeeded=true, lastLogIndex=34} from 2
22:48:34.473 [raft-server-1-state] TRACE i.a.p.raft.impl.RaftServiceManager - RaftServer{1} - Applying Indexed{index=34, entry=CommandEntry{term=1, timestamp=2018-06-07 10:48:34,391, session=2, sequence=29, operation=PrimitiveOperation{id=DefaultOperationId{id=write, type=COMMAND}, value=byte[]{length=17, hash=-1644578928}}}}
22:48:34.473 [raft-server-1-state] TRACE i.a.p.s.impl.DefaultServiceExecutor - PrimitiveService{2}{type=io.atomix.protocols.raft.RaftTest$TestPrimitiveType@761d7cf3, name=raft-test} - Executing DefaultCommit{index=34, session=RaftSession{RaftServiceContext{server=1, type=io.atomix.protocols.raft.RaftTest$TestPrimitiveType@761d7cf3, name=raft-test, id=2}, session=2, timestamp=2018-06-07 10:48:34,391}, time=2018-06-07 10:48:34,391, operation=DefaultOperationId{id=write, type=COMMAND}, value=byte[]{length=17, hash=-1644578928}}
22:48:34.474 [raft-server-1-state] TRACE i.a.protocols.raft.roles.LeaderRole - RaftServer{1}{role=LEADER} - Sending CommandResponse{status=OK, index=34, eventIndex=2, result=byte[]{length=2, hash=1308}}
22:48:34.474 [raft-client-bd74d86e-809c-4ed1-87a8-2ec3ff75de78-6] TRACE i.a.p.r.p.impl.RaftProxyConnection - PartitionProxy{2}{type=io.atomix.protocols.raft.RaftTest$TestPrimitiveType@35bfa1bb, name=raft-test} - Received CommandResponse{status=OK, index=34, eventIndex=2, result=byte[]{length=2, hash=1308}} from 1
22:48:34.474 [raft-client-bd74d86e-809c-4ed1-87a8-2ec3ff75de78-6] TRACE i.a.p.r.p.impl.RaftProxySequencer - PartitionProxy{2}{type=io.atomix.protocols.raft.RaftTest$TestPrimitiveType@35bfa1bb, name=raft-test} - Completing response CommandResponse{status=OK, index=34, eventIndex=2, result=byte[]{length=2, hash=1308}}
22:48:34.474 [raft-client-bd74d86e-809c-4ed1-87a8-2ec3ff75de78-2] TRACE i.a.p.r.p.impl.RaftProxyConnection - PartitionProxy{2}{type=io.atomix.protocols.raft.RaftTest$TestPrimitiveType@35bfa1bb, name=raft-test} - Sending CommandRequest{session=2, sequence=30, operation=PrimitiveOperation{id=DefaultOperationId{id=write, type=COMMAND}, value=byte[]{length=17, hash=-1644578928}}} to 1
22:48:34.474 [raft-server-1] TRACE i.a.protocols.raft.roles.LeaderRole - RaftServer{1}{role=LEADER} - Received CommandRequest{session=2, sequence=30, operation=PrimitiveOperation{id=DefaultOperationId{id=write, type=COMMAND}, value=byte[]{length=17, hash=-1644578928}}}
22:48:34.474 [raft-server-1] TRACE i.a.protocols.raft.roles.LeaderRole - RaftServer{1}{role=LEADER} - Appended Indexed{index=35, entry=CommandEntry{term=1, timestamp=2018-06-07 10:48:34,474, session=2, sequence=30, operation=PrimitiveOperation{id=DefaultOperationId{id=write, type=COMMAND}, value=byte[]{length=17, hash=-1644578928}}}}
22:48:34.474 [raft-server-1] TRACE i.a.p.raft.roles.LeaderAppender - RaftServer{1} - Sending AppendRequest{term=1, leader=1, prevLogIndex=34, prevLogTerm=1, entries=1, commitIndex=34} to 3
22:48:34.475 [raft-server-1] TRACE i.a.p.raft.roles.LeaderAppender - RaftServer{1} - Sending AppendRequest{term=1, leader=1, prevLogIndex=34, prevLogTerm=1, entries=1, commitIndex=34} to 2
22:48:34.475 [raft-server-3] TRACE i.a.p.raft.roles.FollowerRole - RaftServer{3}{role=FOLLOWER} - Received AppendRequest{term=1, leader=1, prevLogIndex=34, prevLogTerm=1, entries=1, commitIndex=34}
22:48:34.475 [raft-server-2] TRACE i.a.p.raft.roles.FollowerRole - RaftServer{2}{role=FOLLOWER} - Received AppendRequest{term=1, leader=1, prevLogIndex=34, prevLogTerm=1, entries=1, commitIndex=34}
22:48:34.475 [raft-server-3] TRACE i.a.p.raft.roles.FollowerRole - RaftServer{3}{role=FOLLOWER} - Appended Indexed{index=35, entry=CommandEntry{term=1, timestamp=2018-06-07 10:48:34,474, session=2, sequence=30, operation=PrimitiveOperation{id=DefaultOperationId{id=write, type=COMMAND}, value=byte[]{length=17, hash=-1644578928}}}}
22:48:34.475 [raft-server-2] TRACE i.a.p.raft.roles.FollowerRole - RaftServer{2}{role=FOLLOWER} - Appended Indexed{index=35, entry=CommandEntry{term=1, timestamp=2018-06-07 10:48:34,474, session=2, sequence=30, operation=PrimitiveOperation{id=DefaultOperationId{id=write, type=COMMAND}, value=byte[]{length=17, hash=-1644578928}}}}
22:48:34.515 [raft-server-3] TRACE i.a.p.raft.roles.FollowerRole - RaftServer{3}{role=FOLLOWER} - Committed entries up to index 34
22:48:34.515 [raft-server-3] TRACE i.a.p.raft.roles.FollowerRole - RaftServer{3}{role=FOLLOWER} - Sending AppendResponse{status=OK, term=1, succeeded=true, lastLogIndex=35}
22:48:34.515 [raft-server-2] TRACE i.a.p.raft.roles.FollowerRole - RaftServer{2}{role=FOLLOWER} - Committed entries up to index 34
22:48:34.515 [raft-server-1] TRACE i.a.p.raft.roles.LeaderAppender - RaftServer{1} - Received AppendResponse{status=OK, term=1, succeeded=true, lastLogIndex=35} from 3
22:48:34.515 [raft-server-2] TRACE i.a.p.raft.roles.FollowerRole - RaftServer{2}{role=FOLLOWER} - Sending AppendResponse{status=OK, term=1, succeeded=true, lastLogIndex=35}
22:48:34.515 [raft-server-3-state] TRACE i.a.p.raft.impl.RaftServiceManager - RaftServer{3} - Applying Indexed{index=34, entry=CommandEntry{term=1, timestamp=2018-06-07 10:48:34,391, session=2, sequence=29, operation=PrimitiveOperation{id=DefaultOperationId{id=write, type=COMMAND}, value=byte[]{length=17, hash=-1644578928}}}}
22:48:34.515 [raft-server-1] TRACE i.a.p.raft.roles.LeaderAppender - RaftServer{1} - Committed entries up to 35
22:48:34.515 [raft-server-2-state] TRACE i.a.p.raft.impl.RaftServiceManager - RaftServer{2} - Applying Indexed{index=34, entry=CommandEntry{term=1, timestamp=2018-06-07 10:48:34,391, session=2, sequence=29, operation=PrimitiveOperation{id=DefaultOperationId{id=write, type=COMMAND}, value=byte[]{length=17, hash=-1644578928}}}}
22:48:34.515 [raft-server-3-state] TRACE i.a.p.s.impl.DefaultServiceExecutor - PrimitiveService{2}{type=io.atomix.protocols.raft.RaftTest$TestPrimitiveType@64a1ae5, name=raft-test} - Executing DefaultCommit{index=34, session=RaftSession{RaftServiceContext{server=3, type=io.atomix.protocols.raft.RaftTest$TestPrimitiveType@64a1ae5, name=raft-test, id=2}, session=2, timestamp=2018-06-07 10:48:34,391}, time=2018-06-07 10:48:34,391, operation=DefaultOperationId{id=write, type=COMMAND}, value=byte[]{length=17, hash=-1644578928}}
22:48:34.515 [raft-server-2-state] TRACE i.a.p.s.impl.DefaultServiceExecutor - PrimitiveService{2}{type=io.atomix.protocols.raft.RaftTest$TestPrimitiveType@2d95571d, name=raft-test} - Executing DefaultCommit{index=34, session=RaftSession{RaftServiceContext{server=2, type=io.atomix.protocols.raft.RaftTest$TestPrimitiveType@2d95571d, name=raft-test, id=2}, session=2, timestamp=2018-06-07 10:48:34,391}, time=2018-06-07 10:48:34,391, operation=DefaultOperationId{id=write, type=COMMAND}, value=byte[]{length=17, hash=-1644578928}}
22:48:34.573 [raft-server-1] TRACE i.a.p.raft.roles.LeaderAppender - RaftServer{1} - Sending AppendRequest{term=1, leader=1, prevLogIndex=35, prevLogTerm=1, entries=0, commitIndex=35} to 3
22:48:34.573 [raft-server-1] TRACE i.a.p.raft.roles.LeaderAppender - RaftServer{1} - Received AppendResponse{status=OK, term=1, succeeded=true, lastLogIndex=35} from 2
22:48:34.573 [raft-server-3] TRACE i.a.p.raft.roles.FollowerRole - RaftServer{3}{role=FOLLOWER} - Received AppendRequest{term=1, leader=1, prevLogIndex=35, prevLogTerm=1, entries=0, commitIndex=35}
22:48:34.573 [raft-server-1] TRACE i.a.p.raft.roles.LeaderAppender - RaftServer{1} - Sending AppendRequest{term=1, leader=1, prevLogIndex=35, prevLogTerm=1, entries=0, commitIndex=35} to 2
22:48:34.573 [raft-server-2] TRACE i.a.p.raft.roles.FollowerRole - RaftServer{2}{role=FOLLOWER} - Received AppendRequest{term=1, leader=1, prevLogIndex=35, prevLogTerm=1, entries=0, commitIndex=35}
22:48:34.574 [raft-server-1-state] TRACE i.a.p.raft.impl.RaftServiceManager - RaftServer{1} - Applying Indexed{index=35, entry=CommandEntry{term=1, timestamp=2018-06-07 10:48:34,474, session=2, sequence=30, operation=PrimitiveOperation{id=DefaultOperationId{id=write, type=COMMAND}, value=byte[]{length=17, hash=-1644578928}}}}
22:48:34.574 [raft-server-1-state] TRACE i.a.p.s.impl.DefaultServiceExecutor - PrimitiveService{2}{type=io.atomix.protocols.raft.RaftTest$TestPrimitiveType@761d7cf3, name=raft-test} - Executing DefaultCommit{index=35, session=RaftSession{RaftServiceContext{server=1, type=io.atomix.protocols.raft.RaftTest$TestPrimitiveType@761d7cf3, name=raft-test, id=2}, session=2, timestamp=2018-06-07 10:48:34,474}, time=2018-06-07 10:48:34,474, operation=DefaultOperationId{id=write, type=COMMAND}, value=byte[]{length=17, hash=-1644578928}}
22:48:34.574 [raft-server-1-state] TRACE i.a.protocols.raft.roles.LeaderRole - RaftServer{1}{role=LEADER} - Sending CommandResponse{status=OK, index=35, eventIndex=2, result=byte[]{length=2, hash=1310}}
22:48:34.574 [raft-client-bd74d86e-809c-4ed1-87a8-2ec3ff75de78-3] TRACE i.a.p.r.p.impl.RaftProxyConnection - PartitionProxy{2}{type=io.atomix.protocols.raft.RaftTest$TestPrimitiveType@35bfa1bb, name=raft-test} - Received CommandResponse{status=OK, index=35, eventIndex=2, result=byte[]{length=2, hash=1310}} from 1
22:48:34.574 [raft-client-bd74d86e-809c-4ed1-87a8-2ec3ff75de78-3] TRACE i.a.p.r.p.impl.RaftProxySequencer - PartitionProxy{2}{type=io.atomix.protocols.raft.RaftTest$TestPrimitiveType@35bfa1bb, name=raft-test} - Completing response CommandResponse{status=OK, index=35, eventIndex=2, result=byte[]{length=2, hash=1310}}
22:48:34.574 [raft-client-bd74d86e-809c-4ed1-87a8-2ec3ff75de78-0] TRACE i.a.p.r.p.impl.RaftProxyConnection - PartitionProxy{2}{type=io.atomix.protocols.raft.RaftTest$TestPrimitiveType@35bfa1bb, name=raft-test} - Sending CommandRequest{session=2, sequence=31, operation=PrimitiveOperation{id=DefaultOperationId{id=write, type=COMMAND}, value=byte[]{length=17, hash=-1644578928}}} to 1
22:48:34.574 [raft-server-1] TRACE i.a.protocols.raft.roles.LeaderRole - RaftServer{1}{role=LEADER} - Received CommandRequest{session=2, sequence=31, operation=PrimitiveOperation{id=DefaultOperationId{id=write, type=COMMAND}, value=byte[]{length=17, hash=-1644578928}}}
22:48:34.575 [raft-server-1] TRACE i.a.protocols.raft.roles.LeaderRole - RaftServer{1}{role=LEADER} - Appended Indexed{index=36, entry=CommandEntry{term=1, timestamp=2018-06-07 10:48:34,574, session=2, sequence=31, operation=PrimitiveOperation{id=DefaultOperationId{id=write, type=COMMAND}, value=byte[]{length=17, hash=-1644578928}}}}
22:48:34.623 [raft-server-3] TRACE i.a.p.raft.roles.FollowerRole - RaftServer{3}{role=FOLLOWER} - Committed entries up to index 35
22:48:34.623 [raft-server-3] TRACE i.a.p.raft.roles.FollowerRole - RaftServer{3}{role=FOLLOWER} - Sending AppendResponse{status=OK, term=1, succeeded=true, lastLogIndex=35}
22:48:34.623 [raft-server-1] TRACE i.a.p.raft.roles.LeaderAppender - RaftServer{1} - Received AppendResponse{status=OK, term=1, succeeded=true, lastLogIndex=35} from 3
22:48:34.623 [raft-server-3-state] TRACE i.a.p.raft.impl.RaftServiceManager - RaftServer{3} - Applying Indexed{index=35, entry=CommandEntry{term=1, timestamp=2018-06-07 10:48:34,474, session=2, sequence=30, operation=PrimitiveOperation{id=DefaultOperationId{id=write, type=COMMAND}, value=byte[]{length=17, hash=-1644578928}}}}
22:48:34.623 [raft-server-1] TRACE i.a.p.raft.roles.LeaderAppender - RaftServer{1} - Sending AppendRequest{term=1, leader=1, prevLogIndex=35, prevLogTerm=1, entries=1, commitIndex=35} to 3
22:48:34.623 [raft-server-3-state] TRACE i.a.p.s.impl.DefaultServiceExecutor - PrimitiveService{2}{type=io.atomix.protocols.raft.RaftTest$TestPrimitiveType@64a1ae5, name=raft-test} - Executing DefaultCommit{index=35, session=RaftSession{RaftServiceContext{server=3, type=io.atomix.protocols.raft.RaftTest$TestPrimitiveType@64a1ae5, name=raft-test, id=2}, session=2, timestamp=2018-06-07 10:48:34,474}, time=2018-06-07 10:48:34,474, operation=DefaultOperationId{id=write, type=COMMAND}, value=byte[]{length=17, hash=-1644578928}}
22:48:34.623 [raft-server-3] TRACE i.a.p.raft.roles.FollowerRole - RaftServer{3}{role=FOLLOWER} - Received AppendRequest{term=1, leader=1, prevLogIndex=35, prevLogTerm=1, entries=1, commitIndex=35}
22:48:34.624 [raft-server-3] TRACE i.a.p.raft.roles.FollowerRole - RaftServer{3}{role=FOLLOWER} - Appended Indexed{index=36, entry=CommandEntry{term=1, timestamp=2018-06-07 10:48:34,574, session=2, sequence=31, operation=PrimitiveOperation{id=DefaultOperationId{id=write, type=COMMAND}, value=byte[]{length=17, hash=-1644578928}}}}
22:48:34.624 [raft-server-3] TRACE i.a.p.raft.roles.FollowerRole - RaftServer{3}{role=FOLLOWER} - Sending AppendResponse{status=OK, term=1, succeeded=true, lastLogIndex=36}
22:48:34.624 [raft-server-1] TRACE i.a.p.raft.roles.LeaderAppender - RaftServer{1} - Received AppendResponse{status=OK, term=1, succeeded=true, lastLogIndex=36} from 3
22:48:34.624 [raft-server-1] TRACE i.a.p.raft.roles.LeaderAppender - RaftServer{1} - Committed entries up to 36
22:48:34.645 [raft-server-2] TRACE i.a.p.raft.roles.FollowerRole - RaftServer{2}{role=FOLLOWER} - Committed entries up to index 35
22:48:34.645 [raft-server-2] TRACE i.a.p.raft.roles.FollowerRole - RaftServer{2}{role=FOLLOWER} - Sending AppendResponse{status=OK, term=1, succeeded=true, lastLogIndex=35}
22:48:34.645 [raft-server-2-state] TRACE i.a.p.raft.impl.RaftServiceManager - RaftServer{2} - Applying Indexed{index=35, entry=CommandEntry{term=1, timestamp=2018-06-07 10:48:34,474, session=2, sequence=30, operation=PrimitiveOperation{id=DefaultOperationId{id=write, type=COMMAND}, value=byte[]{length=17, hash=-1644578928}}}}
22:48:34.645 [raft-server-2-state] TRACE i.a.p.s.impl.DefaultServiceExecutor - PrimitiveService{2}{type=io.atomix.protocols.raft.RaftTest$TestPrimitiveType@2d95571d, name=raft-test} - Executing DefaultCommit{index=35, session=RaftSession{RaftServiceContext{server=2, type=io.atomix.protocols.raft.RaftTest$TestPrimitiveType@2d95571d, name=raft-test, id=2}, session=2, timestamp=2018-06-07 10:48:34,474}, time=2018-06-07 10:48:34,474, operation=DefaultOperationId{id=write, type=COMMAND}, value=byte[]{length=17, hash=-1644578928}}
22:48:34.661 [raft-client-bd74d86e-809c-4ed1-87a8-2ec3ff75de78-5] TRACE i.a.p.r.proxy.impl.RaftProxyManager - RaftClient{bd74d86e-809c-4ed1-87a8-2ec3ff75de78} - Keeping 1 sessions alive
22:48:34.661 [raft-client-bd74d86e-809c-4ed1-87a8-2ec3ff75de78-5] TRACE i.a.p.r.p.impl.RaftProxyConnection - RaftClient{bd74d86e-809c-4ed1-87a8-2ec3ff75de78} - Sending KeepAliveRequest{sessionIds=long[]{length=1, hash=33}, commandSequences=long[]{length=1, hash=61}, eventIndexes=long[]{length=1, hash=33}} to 2
22:48:34.661 [raft-server-2] TRACE i.a.p.raft.roles.FollowerRole - RaftServer{2}{role=FOLLOWER} - Received KeepAliveRequest{sessionIds=long[]{length=1, hash=33}, commandSequences=long[]{length=1, hash=61}, eventIndexes=long[]{length=1, hash=33}}
22:48:34.686 [raft-server-1] TRACE i.a.p.raft.roles.LeaderAppender - RaftServer{1} - Received AppendResponse{status=OK, term=1, succeeded=true, lastLogIndex=35} from 2
22:48:34.686 [raft-server-1] TRACE i.a.p.raft.roles.LeaderAppender - RaftServer{1} - Sending AppendRequest{term=1, leader=1, prevLogIndex=35, prevLogTerm=1, entries=1, commitIndex=36} to 2
22:48:34.687 [raft-server-2] TRACE i.a.p.raft.roles.FollowerRole - RaftServer{2}{role=FOLLOWER} - Received AppendRequest{term=1, leader=1, prevLogIndex=35, prevLogTerm=1, entries=1, commitIndex=36}
22:48:34.687 [raft-server-1] TRACE i.a.protocols.raft.roles.LeaderRole - RaftServer{1}{role=LEADER} - Received KeepAliveRequest{sessionIds=long[]{length=1, hash=33}, commandSequences=long[]{length=1, hash=61}, eventIndexes=long[]{length=1, hash=33}}
22:48:34.687 [raft-server-2] TRACE i.a.p.raft.roles.FollowerRole - RaftServer{2}{role=FOLLOWER} - Appended Indexed{index=36, entry=CommandEntry{term=1, timestamp=2018-06-07 10:48:34,574, session=2, sequence=31, operation=PrimitiveOperation{id=DefaultOperationId{id=write, type=COMMAND}, value=byte[]{length=17, hash=-1644578928}}}}
22:48:34.687 [raft-server-1] TRACE i.a.protocols.raft.roles.LeaderRole - RaftServer{1}{role=LEADER} - Appended Indexed{index=37, entry=KeepAliveEntry{term=1, timestamp=2018-06-07 10:48:34,687, sessionIds=long[]{length=1, hash=33}, commandSequences=long[]{length=1, hash=61}, eventIndexes=long[]{length=1, hash=33}}}
22:48:34.687 [raft-server-1-state] TRACE i.a.p.raft.impl.RaftServiceManager - RaftServer{1} - Applying Indexed{index=36, entry=CommandEntry{term=1, timestamp=2018-06-07 10:48:34,574, session=2, sequence=31, operation=PrimitiveOperation{id=DefaultOperationId{id=write, type=COMMAND}, value=byte[]{length=17, hash=-1644578928}}}}
22:48:34.687 [raft-server-1-state] TRACE i.a.p.s.impl.DefaultServiceExecutor - PrimitiveService{2}{type=io.atomix.protocols.raft.RaftTest$TestPrimitiveType@761d7cf3, name=raft-test} - Executing DefaultCommit{index=36, session=RaftSession{RaftServiceContext{server=1, type=io.atomix.protocols.raft.RaftTest$TestPrimitiveType@761d7cf3, name=raft-test, id=2}, session=2, timestamp=2018-06-07 10:48:34,574}, time=2018-06-07 10:48:34,574, operation=DefaultOperationId{id=write, type=COMMAND}, value=byte[]{length=17, hash=-1644578928}}
22:48:34.687 [raft-server-1] TRACE i.a.p.raft.roles.LeaderAppender - RaftServer{1} - Sending AppendRequest{term=1, leader=1, prevLogIndex=36, prevLogTerm=1, entries=1, commitIndex=36} to 3
22:48:34.687 [raft-server-1-state] TRACE i.a.protocols.raft.roles.LeaderRole - RaftServer{1}{role=LEADER} - Sending CommandResponse{status=OK, index=36, eventIndex=2, result=byte[]{length=2, hash=1312}}
22:48:34.687 [raft-server-3] TRACE i.a.p.raft.roles.FollowerRole - RaftServer{3}{role=FOLLOWER} - Received AppendRequest{term=1, leader=1, prevLogIndex=36, prevLogTerm=1, entries=1, commitIndex=36}
22:48:34.687 [raft-client-bd74d86e-809c-4ed1-87a8-2ec3ff75de78-1] TRACE i.a.p.r.p.impl.RaftProxyConnection - PartitionProxy{2}{type=io.atomix.protocols.raft.RaftTest$TestPrimitiveType@35bfa1bb, name=raft-test} - Received CommandResponse{status=OK, index=36, eventIndex=2, result=byte[]{length=2, hash=1312}} from 1
22:48:34.687 [raft-client-bd74d86e-809c-4ed1-87a8-2ec3ff75de78-1] TRACE i.a.p.r.p.impl.RaftProxySequencer - PartitionProxy{2}{type=io.atomix.protocols.raft.RaftTest$TestPrimitiveType@35bfa1bb, name=raft-test} - Completing response CommandResponse{status=OK, index=36, eventIndex=2, result=byte[]{length=2, hash=1312}}
22:48:34.687 [raft-server-3] TRACE i.a.p.raft.roles.FollowerRole - RaftServer{3}{role=FOLLOWER} - Appended Indexed{index=37, entry=KeepAliveEntry{term=1, timestamp=2018-06-07 10:48:34,687, sessionIds=long[]{length=1, hash=33}, commandSequences=long[]{length=1, hash=61}, eventIndexes=long[]{length=1, hash=33}}}
22:48:34.688 [raft-client-bd74d86e-809c-4ed1-87a8-2ec3ff75de78-1] TRACE i.a.p.r.p.impl.RaftProxyConnection - PartitionProxy{2}{type=io.atomix.protocols.raft.RaftTest$TestPrimitiveType@35bfa1bb, name=raft-test} - Sending CommandRequest{session=2, sequence=32, operation=PrimitiveOperation{id=DefaultOperationId{id=write, type=COMMAND}, value=byte[]{length=17, hash=-1644578928}}} to 1
22:48:34.688 [raft-server-1] TRACE i.a.protocols.raft.roles.LeaderRole - RaftServer{1}{role=LEADER} - Received CommandRequest{session=2, sequence=32, operation=PrimitiveOperation{id=DefaultOperationId{id=write, type=COMMAND}, value=byte[]{length=17, hash=-1644578928}}}
22:48:34.688 [raft-server-1] TRACE i.a.protocols.raft.roles.LeaderRole - RaftServer{1}{role=LEADER} - Appended Indexed{index=38, entry=CommandEntry{term=1, timestamp=2018-06-07 10:48:34,688, session=2, sequence=32, operation=PrimitiveOperation{id=DefaultOperationId{id=write, type=COMMAND}, value=byte[]{length=17, hash=-1644578928}}}}
22:48:34.747 [raft-server-1] TRACE i.a.p.raft.roles.LeaderAppender - RaftServer{1} - Sending AppendRequest{term=1, leader=1, prevLogIndex=37, prevLogTerm=1, entries=1, commitIndex=36} to 3
22:48:34.747 [raft-server-1] TRACE i.a.p.raft.roles.LeaderAppender - RaftServer{1} - Sending AppendRequest{term=1, leader=1, prevLogIndex=36, prevLogTerm=1, entries=2, commitIndex=36} to 2
22:48:34.761 [raft-server-2] TRACE i.a.p.raft.roles.FollowerRole - RaftServer{2}{role=FOLLOWER} - Committed entries up to index 36
22:48:34.761 [raft-server-2] TRACE i.a.p.raft.roles.FollowerRole - RaftServer{2}{role=FOLLOWER} - Sending AppendResponse{status=OK, term=1, succeeded=true, lastLogIndex=36}
22:48:34.761 [raft-server-2] TRACE i.a.p.raft.roles.FollowerRole - RaftServer{2}{role=FOLLOWER} - Received AppendRequest{term=1, leader=1, prevLogIndex=36, prevLogTerm=1, entries=2, commitIndex=36}
22:48:34.761 [raft-server-1] TRACE i.a.p.raft.roles.LeaderAppender - RaftServer{1} - Received AppendResponse{status=OK, term=1, succeeded=true, lastLogIndex=36} from 2
22:48:34.762 [raft-server-2] TRACE i.a.p.raft.roles.FollowerRole - RaftServer{2}{role=FOLLOWER} - Appended Indexed{index=37, entry=KeepAliveEntry{term=1, timestamp=2018-06-07 10:48:34,687, sessionIds=long[]{length=1, hash=33}, commandSequences=long[]{length=1, hash=61}, eventIndexes=long[]{length=1, hash=33}}}
22:48:34.762 [raft-server-2] TRACE i.a.p.raft.roles.FollowerRole - RaftServer{2}{role=FOLLOWER} - Appended Indexed{index=38, entry=CommandEntry{term=1, timestamp=2018-06-07 10:48:34,688, session=2, sequence=32, operation=PrimitiveOperation{id=DefaultOperationId{id=write, type=COMMAND}, value=byte[]{length=17, hash=-1644578928}}}}
22:48:34.762 [raft-server-2] TRACE i.a.p.raft.roles.FollowerRole - RaftServer{2}{role=FOLLOWER} - Sending AppendResponse{status=OK, term=1, succeeded=true, lastLogIndex=38}
22:48:34.762 [raft-server-1] TRACE i.a.p.raft.roles.LeaderAppender - RaftServer{1} - Received AppendResponse{status=OK, term=1, succeeded=true, lastLogIndex=38} from 2
22:48:34.762 [raft-server-1] TRACE i.a.p.raft.roles.LeaderAppender - RaftServer{1} - Committed entries up to 38
22:48:34.762 [raft-server-2-state] TRACE i.a.p.raft.impl.RaftServiceManager - RaftServer{2} - Applying Indexed{index=36, entry=CommandEntry{term=1, timestamp=2018-06-07 10:48:34,574, session=2, sequence=31, operation=PrimitiveOperation{id=DefaultOperationId{id=write, type=COMMAND}, value=byte[]{length=17, hash=-1644578928}}}}
22:48:34.762 [raft-server-2-state] TRACE i.a.p.s.impl.DefaultServiceExecutor - PrimitiveService{2}{type=io.atomix.protocols.raft.RaftTest$TestPrimitiveType@2d95571d, name=raft-test} - Executing DefaultCommit{index=36, session=RaftSession{RaftServiceContext{server=2, type=io.atomix.protocols.raft.RaftTest$TestPrimitiveType@2d95571d, name=raft-test, id=2}, session=2, timestamp=2018-06-07 10:48:34,574}, time=2018-06-07 10:48:34,574, operation=DefaultOperationId{id=write, type=COMMAND}, value=byte[]{length=17, hash=-1644578928}}
22:48:34.795 [raft-server-3] TRACE i.a.p.raft.roles.FollowerRole - RaftServer{3}{role=FOLLOWER} - Committed entries up to index 36
22:48:34.795 [raft-server-3] TRACE i.a.p.raft.roles.FollowerRole - RaftServer{3}{role=FOLLOWER} - Sending AppendResponse{status=OK, term=1, succeeded=true, lastLogIndex=37}
22:48:34.795 [raft-server-3] TRACE i.a.p.raft.roles.FollowerRole - RaftServer{3}{role=FOLLOWER} - Received AppendRequest{term=1, leader=1, prevLogIndex=37, prevLogTerm=1, entries=1, commitIndex=36}
22:48:34.795 [raft-server-3] TRACE i.a.p.raft.roles.FollowerRole - RaftServer{3}{role=FOLLOWER} - Appended Indexed{index=38, entry=CommandEntry{term=1, timestamp=2018-06-07 10:48:34,688, session=2, sequence=32, operation=PrimitiveOperation{id=DefaultOperationId{id=write, type=COMMAND}, value=byte[]{length=17, hash=-1644578928}}}}
22:48:34.795 [raft-server-3] TRACE i.a.p.raft.roles.FollowerRole - RaftServer{3}{role=FOLLOWER} - Sending AppendResponse{status=OK, term=1, succeeded=true, lastLogIndex=38}
22:48:34.795 [raft-server-3-state] TRACE i.a.p.raft.impl.RaftServiceManager - RaftServer{3} - Applying Indexed{index=36, entry=CommandEntry{term=1, timestamp=2018-06-07 10:48:34,574, session=2, sequence=31, operation=PrimitiveOperation{id=DefaultOperationId{id=write, type=COMMAND}, value=byte[]{length=17, hash=-1644578928}}}}
22:48:34.795 [raft-server-3-state] TRACE i.a.p.s.impl.DefaultServiceExecutor - PrimitiveService{2}{type=io.atomix.protocols.raft.RaftTest$TestPrimitiveType@64a1ae5, name=raft-test} - Executing DefaultCommit{index=36, session=RaftSession{RaftServiceContext{server=3, type=io.atomix.protocols.raft.RaftTest$TestPrimitiveType@64a1ae5, name=raft-test, id=2}, session=2, timestamp=2018-06-07 10:48:34,574}, time=2018-06-07 10:48:34,574, operation=DefaultOperationId{id=write, type=COMMAND}, value=byte[]{length=17, hash=-1644578928}}
22:48:34.815 [raft-server-1] TRACE i.a.p.raft.roles.LeaderAppender - RaftServer{1} - Sending AppendRequest{term=1, leader=1, prevLogIndex=38, prevLogTerm=1, entries=0, commitIndex=38} to 2
22:48:34.815 [raft-server-1] TRACE i.a.p.raft.roles.LeaderAppender - RaftServer{1} - Received AppendResponse{status=OK, term=1, succeeded=true, lastLogIndex=37} from 3
22:48:34.815 [raft-server-1] TRACE i.a.p.raft.roles.LeaderAppender - RaftServer{1} - Received AppendResponse{status=OK, term=1, succeeded=true, lastLogIndex=38} from 3
22:48:34.815 [raft-server-2] TRACE i.a.p.raft.roles.FollowerRole - RaftServer{2}{role=FOLLOWER} - Received AppendRequest{term=1, leader=1, prevLogIndex=38, prevLogTerm=1, entries=0, commitIndex=38}
22:48:34.815 [raft-server-1] TRACE i.a.p.raft.roles.LeaderAppender - RaftServer{1} - Sending AppendRequest{term=1, leader=1, prevLogIndex=38, prevLogTerm=1, entries=0, commitIndex=38} to 3
22:48:34.815 [raft-server-1-state] TRACE i.a.p.raft.impl.RaftServiceManager - RaftServer{1} - Applying Indexed{index=37, entry=KeepAliveEntry{term=1, timestamp=2018-06-07 10:48:34,687, sessionIds=long[]{length=1, hash=33}, commandSequences=long[]{length=1, hash=61}, eventIndexes=long[]{length=1, hash=33}}}
22:48:34.815 [raft-server-1-state] TRACE i.a.p.raft.impl.RaftServiceManager - RaftServer{1} - Applying Indexed{index=38, entry=CommandEntry{term=1, timestamp=2018-06-07 10:48:34,688, session=2, sequence=32, operation=PrimitiveOperation{id=DefaultOperationId{id=write, type=COMMAND}, value=byte[]{length=17, hash=-1644578928}}}}
22:48:34.815 [raft-server-1] TRACE i.a.protocols.raft.roles.LeaderRole - RaftServer{1}{role=LEADER} - Sending KeepAliveResponse{status=OK, leader=1, members=[1, 3, 2], sessionIds=long[]{length=1, hash=33}}
22:48:34.815 [raft-server-1-state] TRACE i.a.p.s.impl.DefaultServiceExecutor - PrimitiveService{2}{type=io.atomix.protocols.raft.RaftTest$TestPrimitiveType@761d7cf3, name=raft-test} - Executing DefaultCommit{index=38, session=RaftSession{RaftServiceContext{server=1, type=io.atomix.protocols.raft.RaftTest$TestPrimitiveType@761d7cf3, name=raft-test, id=2}, session=2, timestamp=2018-06-07 10:48:34,688}, time=2018-06-07 10:48:34,688, operation=DefaultOperationId{id=write, type=COMMAND}, value=byte[]{length=17, hash=-1644578928}}
22:48:34.816 [raft-server-1-state] TRACE i.a.protocols.raft.roles.LeaderRole - RaftServer{1}{role=LEADER} - Sending CommandResponse{status=OK, index=38, eventIndex=2, result=byte[]{length=2, hash=1316}}
22:48:34.816 [raft-server-3] TRACE i.a.p.raft.roles.FollowerRole - RaftServer{3}{role=FOLLOWER} - Received AppendRequest{term=1, leader=1, prevLogIndex=38, prevLogTerm=1, entries=0, commitIndex=38}
22:48:34.816 [raft-client-bd74d86e-809c-4ed1-87a8-2ec3ff75de78-3] TRACE i.a.p.r.p.impl.RaftProxyConnection - PartitionProxy{2}{type=io.atomix.protocols.raft.RaftTest$TestPrimitiveType@35bfa1bb, name=raft-test} - Received CommandResponse{status=OK, index=38, eventIndex=2, result=byte[]{length=2, hash=1316}} from 1
22:48:34.816 [raft-client-bd74d86e-809c-4ed1-87a8-2ec3ff75de78-3] TRACE i.a.p.r.p.impl.RaftProxySequencer - PartitionProxy{2}{type=io.atomix.protocols.raft.RaftTest$TestPrimitiveType@35bfa1bb, name=raft-test} - Completing response CommandResponse{status=OK, index=38, eventIndex=2, result=byte[]{length=2, hash=1316}}
22:48:34.816 [raft-client-bd74d86e-809c-4ed1-87a8-2ec3ff75de78-7] TRACE i.a.p.r.p.impl.RaftProxyConnection - PartitionProxy{2}{type=io.atomix.protocols.raft.RaftTest$TestPrimitiveType@35bfa1bb, name=raft-test} - Sending CommandRequest{session=2, sequence=33, operation=PrimitiveOperation{id=DefaultOperationId{id=write, type=COMMAND}, value=byte[]{length=17, hash=-1644578928}}} to 1
22:48:34.816 [raft-server-1] TRACE i.a.protocols.raft.roles.LeaderRole - RaftServer{1}{role=LEADER} - Received CommandRequest{session=2, sequence=33, operation=PrimitiveOperation{id=DefaultOperationId{id=write, type=COMMAND}, value=byte[]{length=17, hash=-1644578928}}}
22:48:34.816 [raft-server-1] TRACE i.a.protocols.raft.roles.LeaderRole - RaftServer{1}{role=LEADER} - Appended Indexed{index=39, entry=CommandEntry{term=1, timestamp=2018-06-07 10:48:34,816, session=2, sequence=33, operation=PrimitiveOperation{id=DefaultOperationId{id=write, type=COMMAND}, value=byte[]{length=17, hash=-1644578928}}}}
22:48:34.865 [raft-server-2] TRACE i.a.p.raft.roles.FollowerRole - RaftServer{2}{role=FOLLOWER} - Committed entries up to index 38
22:48:34.865 [raft-server-2] TRACE i.a.p.raft.roles.FollowerRole - RaftServer{2}{role=FOLLOWER} - Sending AppendResponse{status=OK, term=1, succeeded=true, lastLogIndex=38}
22:48:34.865 [raft-server-2] TRACE i.a.p.raft.roles.FollowerRole - RaftServer{2}{role=FOLLOWER} - Sending KeepAliveResponse{status=OK, leader=1, members=[1, 3, 2], sessionIds=long[]{length=1, hash=33}}
22:48:34.865 [raft-server-1] TRACE i.a.p.raft.roles.LeaderAppender - RaftServer{1} - Received AppendResponse{status=OK, term=1, succeeded=true, lastLogIndex=38} from 2
22:48:34.865 [raft-client-bd74d86e-809c-4ed1-87a8-2ec3ff75de78-2] TRACE i.a.p.r.p.impl.RaftProxyConnection - RaftClient{bd74d86e-809c-4ed1-87a8-2ec3ff75de78} - Received KeepAliveResponse{status=OK, leader=1, members=[1, 3, 2], sessionIds=long[]{length=1, hash=33}} from 2
22:48:34.865 [raft-server-2-state] TRACE i.a.p.raft.impl.RaftServiceManager - RaftServer{2} - Applying Indexed{index=37, entry=KeepAliveEntry{term=1, timestamp=2018-06-07 10:48:34,687, sessionIds=long[]{length=1, hash=33}, commandSequences=long[]{length=1, hash=61}, eventIndexes=long[]{length=1, hash=33}}}
22:48:34.865 [raft-server-1] TRACE i.a.p.raft.roles.LeaderAppender - RaftServer{1} - Sending AppendRequest{term=1, leader=1, prevLogIndex=38, prevLogTerm=1, entries=1, commitIndex=38} to 2
22:48:34.865 [raft-server-2-state] TRACE i.a.p.raft.impl.RaftServiceManager - RaftServer{2} - Applying Indexed{index=38, entry=CommandEntry{term=1, timestamp=2018-06-07 10:48:34,688, session=2, sequence=32, operation=PrimitiveOperation{id=DefaultOperationId{id=write, type=COMMAND}, value=byte[]{length=17, hash=-1644578928}}}}
22:48:34.865 [raft-server-2] TRACE i.a.p.raft.roles.FollowerRole - RaftServer{2}{role=FOLLOWER} - Received AppendRequest{term=1, leader=1, prevLogIndex=38, prevLogTerm=1, entries=1, commitIndex=38}
22:48:34.865 [raft-server-2-state] TRACE i.a.p.s.impl.DefaultServiceExecutor - PrimitiveService{2}{type=io.atomix.protocols.raft.RaftTest$TestPrimitiveType@2d95571d, name=raft-test} - Executing DefaultCommit{index=38, session=RaftSession{RaftServiceContext{server=2, type=io.atomix.protocols.raft.RaftTest$TestPrimitiveType@2d95571d, name=raft-test, id=2}, session=2, timestamp=2018-06-07 10:48:34,688}, time=2018-06-07 10:48:34,688, operation=DefaultOperationId{id=write, type=COMMAND}, value=byte[]{length=17, hash=-1644578928}}
22:48:34.866 [raft-server-2] TRACE i.a.p.raft.roles.FollowerRole - RaftServer{2}{role=FOLLOWER} - Appended Indexed{index=39, entry=CommandEntry{term=1, timestamp=2018-06-07 10:48:34,816, session=2, sequence=33, operation=PrimitiveOperation{id=DefaultOperationId{id=write, type=COMMAND}, value=byte[]{length=17, hash=-1644578928}}}}
22:48:34.866 [raft-server-2] TRACE i.a.p.raft.roles.FollowerRole - RaftServer{2}{role=FOLLOWER} - Sending AppendResponse{status=OK, term=1, succeeded=true, lastLogIndex=39}
22:48:34.866 [raft-server-1] TRACE i.a.p.raft.roles.LeaderAppender - RaftServer{1} - Received AppendResponse{status=OK, term=1, succeeded=true, lastLogIndex=39} from 2
22:48:34.866 [raft-server-1] TRACE i.a.p.raft.roles.LeaderAppender - RaftServer{1} - Committed entries up to 39
22:48:34.909 [raft-server-3] TRACE i.a.p.raft.roles.FollowerRole - RaftServer{3}{role=FOLLOWER} - Committed entries up to index 38
22:48:34.909 [raft-server-3] TRACE i.a.p.raft.roles.FollowerRole - RaftServer{3}{role=FOLLOWER} - Sending AppendResponse{status=OK, term=1, succeeded=true, lastLogIndex=38}
22:48:34.909 [raft-server-3-state] TRACE i.a.p.raft.impl.RaftServiceManager - RaftServer{3} - Applying Indexed{index=37, entry=KeepAliveEntry{term=1, timestamp=2018-06-07 10:48:34,687, sessionIds=long[]{length=1, hash=33}, commandSequences=long[]{length=1, hash=61}, eventIndexes=long[]{length=1, hash=33}}}
22:48:34.909 [raft-server-3-state] TRACE i.a.p.raft.impl.RaftServiceManager - RaftServer{3} - Applying Indexed{index=38, entry=CommandEntry{term=1, timestamp=2018-06-07 10:48:34,688, session=2, sequence=32, operation=PrimitiveOperation{id=DefaultOperationId{id=write, type=COMMAND}, value=byte[]{length=17, hash=-1644578928}}}}
22:48:34.909 [raft-server-3-state] TRACE i.a.p.s.impl.DefaultServiceExecutor - PrimitiveService{2}{type=io.atomix.protocols.raft.RaftTest$TestPrimitiveType@64a1ae5, name=raft-test} - Executing DefaultCommit{index=38, session=RaftSession{RaftServiceContext{server=3, type=io.atomix.protocols.raft.RaftTest$TestPrimitiveType@64a1ae5, name=raft-test, id=2}, session=2, timestamp=2018-06-07 10:48:34,688}, time=2018-06-07 10:48:34,688, operation=DefaultOperationId{id=write, type=COMMAND}, value=byte[]{length=17, hash=-1644578928}}
22:48:34.948 [raft-server-1] TRACE i.a.p.raft.roles.LeaderAppender - RaftServer{1} - Received AppendResponse{status=OK, term=1, succeeded=true, lastLogIndex=38} from 3
22:48:34.948 [raft-server-1] TRACE i.a.p.raft.roles.LeaderAppender - RaftServer{1} - Sending AppendRequest{term=1, leader=1, prevLogIndex=38, prevLogTerm=1, entries=1, commitIndex=39} to 3
22:48:34.948 [raft-server-3] TRACE i.a.p.raft.roles.FollowerRole - RaftServer{3}{role=FOLLOWER} - Received AppendRequest{term=1, leader=1, prevLogIndex=38, prevLogTerm=1, entries=1, commitIndex=39}
22:48:34.948 [raft-server-1-state] TRACE i.a.p.raft.impl.RaftServiceManager - RaftServer{1} - Applying Indexed{index=39, entry=CommandEntry{term=1, timestamp=2018-06-07 10:48:34,816, session=2, sequence=33, operation=PrimitiveOperation{id=DefaultOperationId{id=write, type=COMMAND}, value=byte[]{length=17, hash=-1644578928}}}}
22:48:34.948 [raft-server-1-state] TRACE i.a.p.s.impl.DefaultServiceExecutor - PrimitiveService{2}{type=io.atomix.protocols.raft.RaftTest$TestPrimitiveType@761d7cf3, name=raft-test} - Executing DefaultCommit{index=39, session=RaftSession{RaftServiceContext{server=1, type=io.atomix.protocols.raft.RaftTest$TestPrimitiveType@761d7cf3, name=raft-test, id=2}, session=2, timestamp=2018-06-07 10:48:34,816}, time=2018-06-07 10:48:34,816, operation=DefaultOperationId{id=write, type=COMMAND}, value=byte[]{length=17, hash=-1644578928}}
22:48:34.948 [raft-server-3] TRACE i.a.p.raft.roles.FollowerRole - RaftServer{3}{role=FOLLOWER} - Appended Indexed{index=39, entry=CommandEntry{term=1, timestamp=2018-06-07 10:48:34,816, session=2, sequence=33, operation=PrimitiveOperation{id=DefaultOperationId{id=write, type=COMMAND}, value=byte[]{length=17, hash=-1644578928}}}}
22:48:34.949 [raft-server-1-state] TRACE i.a.protocols.raft.roles.LeaderRole - RaftServer{1}{role=LEADER} - Sending CommandResponse{status=OK, index=39, eventIndex=2, result=byte[]{length=2, hash=1318}}
22:48:34.949 [raft-client-bd74d86e-809c-4ed1-87a8-2ec3ff75de78-6] TRACE i.a.p.r.p.impl.RaftProxyConnection - PartitionProxy{2}{type=io.atomix.protocols.raft.RaftTest$TestPrimitiveType@35bfa1bb, name=raft-test} - Received CommandResponse{status=OK, index=39, eventIndex=2, result=byte[]{length=2, hash=1318}} from 1
22:48:34.949 [raft-client-bd74d86e-809c-4ed1-87a8-2ec3ff75de78-6] TRACE i.a.p.r.p.impl.RaftProxySequencer - PartitionProxy{2}{type=io.atomix.protocols.raft.RaftTest$TestPrimitiveType@35bfa1bb, name=raft-test} - Completing response CommandResponse{status=OK, index=39, eventIndex=2, result=byte[]{length=2, hash=1318}}
22:48:34.949 [raft-client-bd74d86e-809c-4ed1-87a8-2ec3ff75de78-6] TRACE i.a.p.r.p.impl.RaftProxyConnection - PartitionProxy{2}{type=io.atomix.protocols.raft.RaftTest$TestPrimitiveType@35bfa1bb, name=raft-test} - Sending CommandRequest{session=2, sequence=34, operation=PrimitiveOperation{id=DefaultOperationId{id=write, type=COMMAND}, value=byte[]{length=17, hash=-1644578928}}} to 1
22:48:34.949 [raft-server-1] TRACE i.a.protocols.raft.roles.LeaderRole - RaftServer{1}{role=LEADER} - Received CommandRequest{session=2, sequence=34, operation=PrimitiveOperation{id=DefaultOperationId{id=write, type=COMMAND}, value=byte[]{length=17, hash=-1644578928}}}
22:48:34.949 [raft-server-1] TRACE i.a.protocols.raft.roles.LeaderRole - RaftServer{1}{role=LEADER} - Appended Indexed{index=40, entry=CommandEntry{term=1, timestamp=2018-06-07 10:48:34,949, session=2, sequence=34, operation=PrimitiveOperation{id=DefaultOperationId{id=write, type=COMMAND}, value=byte[]{length=17, hash=-1644578928}}}}
22:48:34.950 [raft-server-1] TRACE i.a.p.raft.roles.LeaderAppender - RaftServer{1} - Sending AppendRequest{term=1, leader=1, prevLogIndex=39, prevLogTerm=1, entries=1, commitIndex=39} to 2
22:48:34.950 [raft-server-2] TRACE i.a.p.raft.roles.FollowerRole - RaftServer{2}{role=FOLLOWER} - Received AppendRequest{term=1, leader=1, prevLogIndex=39, prevLogTerm=1, entries=1, commitIndex=39}
22:48:34.950 [raft-server-2] TRACE i.a.p.raft.roles.FollowerRole - RaftServer{2}{role=FOLLOWER} - Appended Indexed{index=40, entry=CommandEntry{term=1, timestamp=2018-06-07 10:48:34,949, session=2, sequence=34, operation=PrimitiveOperation{id=DefaultOperationId{id=write, type=COMMAND}, value=byte[]{length=17, hash=-1644578928}}}}
22:48:34.997 [raft-server-1] TRACE i.a.p.raft.roles.LeaderAppender - RaftServer{1} - Sending AppendRequest{term=1, leader=1, prevLogIndex=39, prevLogTerm=1, entries=1, commitIndex=39} to 3
22:48:35.026 [raft-server-3] TRACE i.a.p.raft.roles.FollowerRole - RaftServer{3}{role=FOLLOWER} - Committed entries up to index 39
22:48:35.026 [raft-server-3] TRACE i.a.p.raft.roles.FollowerRole - RaftServer{3}{role=FOLLOWER} - Sending AppendResponse{status=OK, term=1, succeeded=true, lastLogIndex=39}
22:48:35.026 [raft-server-3] TRACE i.a.p.raft.roles.FollowerRole - RaftServer{3}{role=FOLLOWER} - Received AppendRequest{term=1, leader=1, prevLogIndex=39, prevLogTerm=1, entries=1, commitIndex=39}
22:48:35.026 [raft-server-1] TRACE i.a.p.raft.roles.LeaderAppender - RaftServer{1} - Received AppendResponse{status=OK, term=1, succeeded=true, lastLogIndex=39} from 3
22:48:35.026 [raft-server-3] TRACE i.a.p.raft.roles.FollowerRole - RaftServer{3}{role=FOLLOWER} - Appended Indexed{index=40, entry=CommandEntry{term=1, timestamp=2018-06-07 10:48:34,949, session=2, sequence=34, operation=PrimitiveOperation{id=DefaultOperationId{id=write, type=COMMAND}, value=byte[]{length=17, hash=-1644578928}}}}
22:48:35.026 [raft-server-3] TRACE i.a.p.raft.roles.FollowerRole - RaftServer{3}{role=FOLLOWER} - Sending AppendResponse{status=OK, term=1, succeeded=true, lastLogIndex=40}
22:48:35.026 [raft-server-1] TRACE i.a.p.raft.roles.LeaderAppender - RaftServer{1} - Received AppendResponse{status=OK, term=1, succeeded=true, lastLogIndex=40} from 3
22:48:35.026 [raft-server-1] TRACE i.a.p.raft.roles.LeaderAppender - RaftServer{1} - Committed entries up to 40
22:48:35.026 [raft-server-3-state] TRACE i.a.p.raft.impl.RaftServiceManager - RaftServer{3} - Applying Indexed{index=39, entry=CommandEntry{term=1, timestamp=2018-06-07 10:48:34,816, session=2, sequence=33, operation=PrimitiveOperation{id=DefaultOperationId{id=write, type=COMMAND}, value=byte[]{length=17, hash=-1644578928}}}}
22:48:35.026 [raft-server-3-state] TRACE i.a.p.s.impl.DefaultServiceExecutor - PrimitiveService{2}{type=io.atomix.protocols.raft.RaftTest$TestPrimitiveType@64a1ae5, name=raft-test} - Executing DefaultCommit{index=39, session=RaftSession{RaftServiceContext{server=3, type=io.atomix.protocols.raft.RaftTest$TestPrimitiveType@64a1ae5, name=raft-test, id=2}, session=2, timestamp=2018-06-07 10:48:34,816}, time=2018-06-07 10:48:34,816, operation=DefaultOperationId{id=write, type=COMMAND}, value=byte[]{length=17, hash=-1644578928}}
22:48:35.070 [raft-server-2] TRACE i.a.p.raft.roles.FollowerRole - RaftServer{2}{role=FOLLOWER} - Committed entries up to index 39
22:48:35.070 [raft-server-2] TRACE i.a.p.raft.roles.FollowerRole - RaftServer{2}{role=FOLLOWER} - Sending AppendResponse{status=OK, term=1, succeeded=true, lastLogIndex=40}
22:48:35.070 [raft-server-2-state] TRACE i.a.p.raft.impl.RaftServiceManager - RaftServer{2} - Applying Indexed{index=39, entry=CommandEntry{term=1, timestamp=2018-06-07 10:48:34,816, session=2, sequence=33, operation=PrimitiveOperation{id=DefaultOperationId{id=write, type=COMMAND}, value=byte[]{length=17, hash=-1644578928}}}}
22:48:35.070 [raft-server-2-state] TRACE i.a.p.s.impl.DefaultServiceExecutor - PrimitiveService{2}{type=io.atomix.protocols.raft.RaftTest$TestPrimitiveType@2d95571d, name=raft-test} - Executing DefaultCommit{index=39, session=RaftSession{RaftServiceContext{server=2, type=io.atomix.protocols.raft.RaftTest$TestPrimitiveType@2d95571d, name=raft-test, id=2}, session=2, timestamp=2018-06-07 10:48:34,816}, time=2018-06-07 10:48:34,816, operation=DefaultOperationId{id=write, type=COMMAND}, value=byte[]{length=17, hash=-1644578928}}
22:48:35.103 [raft-server-1] TRACE i.a.p.raft.roles.LeaderAppender - RaftServer{1} - Sending AppendRequest{term=1, leader=1, prevLogIndex=40, prevLogTerm=1, entries=0, commitIndex=40} to 3
22:48:35.103 [raft-server-1] TRACE i.a.p.raft.roles.LeaderAppender - RaftServer{1} - Received AppendResponse{status=OK, term=1, succeeded=true, lastLogIndex=40} from 2
22:48:35.103 [raft-server-3] TRACE i.a.p.raft.roles.FollowerRole - RaftServer{3}{role=FOLLOWER} - Received AppendRequest{term=1, leader=1, prevLogIndex=40, prevLogTerm=1, entries=0, commitIndex=40}
22:48:35.103 [raft-server-1] TRACE i.a.p.raft.roles.LeaderAppender - RaftServer{1} - Sending AppendRequest{term=1, leader=1, prevLogIndex=40, prevLogTerm=1, entries=0, commitIndex=40} to 2
22:48:35.103 [raft-server-2] TRACE i.a.p.raft.roles.FollowerRole - RaftServer{2}{role=FOLLOWER} - Received AppendRequest{term=1, leader=1, prevLogIndex=40, prevLogTerm=1, entries=0, commitIndex=40}
22:48:35.103 [raft-server-1-state] TRACE i.a.p.raft.impl.RaftServiceManager - RaftServer{1} - Applying Indexed{index=40, entry=CommandEntry{term=1, timestamp=2018-06-07 10:48:34,949, session=2, sequence=34, operation=PrimitiveOperation{id=DefaultOperationId{id=write, type=COMMAND}, value=byte[]{length=17, hash=-1644578928}}}}
22:48:35.103 [raft-server-1-state] TRACE i.a.p.s.impl.DefaultServiceExecutor - PrimitiveService{2}{type=io.atomix.protocols.raft.RaftTest$TestPrimitiveType@761d7cf3, name=raft-test} - Executing DefaultCommit{index=40, session=RaftSession{RaftServiceContext{server=1, type=io.atomix.protocols.raft.RaftTest$TestPrimitiveType@761d7cf3, name=raft-test, id=2}, session=2, timestamp=2018-06-07 10:48:34,949}, time=2018-06-07 10:48:34,949, operation=DefaultOperationId{id=write, type=COMMAND}, value=byte[]{length=17, hash=-1644578928}}
22:48:35.104 [raft-server-1-state] TRACE i.a.protocols.raft.roles.LeaderRole - RaftServer{1}{role=LEADER} - Sending CommandResponse{status=OK, index=40, eventIndex=2, result=byte[]{length=2, hash=1320}}
22:48:35.104 [raft-client-bd74d86e-809c-4ed1-87a8-2ec3ff75de78-2] TRACE i.a.p.r.p.impl.RaftProxyConnection - PartitionProxy{2}{type=io.atomix.protocols.raft.RaftTest$TestPrimitiveType@35bfa1bb, name=raft-test} - Received CommandResponse{status=OK, index=40, eventIndex=2, result=byte[]{length=2, hash=1320}} from 1
22:48:35.104 [raft-client-bd74d86e-809c-4ed1-87a8-2ec3ff75de78-2] TRACE i.a.p.r.p.impl.RaftProxySequencer - PartitionProxy{2}{type=io.atomix.protocols.raft.RaftTest$TestPrimitiveType@35bfa1bb, name=raft-test} - Completing response CommandResponse{status=OK, index=40, eventIndex=2, result=byte[]{length=2, hash=1320}}
22:48:35.104 [raft-client-bd74d86e-809c-4ed1-87a8-2ec3ff75de78-2] TRACE i.a.p.r.p.impl.RaftProxyConnection - PartitionProxy{2}{type=io.atomix.protocols.raft.RaftTest$TestPrimitiveType@35bfa1bb, name=raft-test} - Sending CommandRequest{session=2, sequence=35, operation=PrimitiveOperation{id=DefaultOperationId{id=write, type=COMMAND}, value=byte[]{length=17, hash=-1644578928}}} to 1
22:48:35.104 [raft-server-1] TRACE i.a.protocols.raft.roles.LeaderRole - RaftServer{1}{role=LEADER} - Received CommandRequest{session=2, sequence=35, operation=PrimitiveOperation{id=DefaultOperationId{id=write, type=COMMAND}, value=byte[]{length=17, hash=-1644578928}}}
22:48:35.140 [raft-server-2] TRACE i.a.p.raft.roles.FollowerRole - RaftServer{2}{role=FOLLOWER} - Committed entries up to index 40
22:48:35.140 [raft-server-2] TRACE i.a.p.raft.roles.FollowerRole - RaftServer{2}{role=FOLLOWER} - Sending AppendResponse{status=OK, term=1, succeeded=true, lastLogIndex=40}
22:48:35.140 [raft-server-3] TRACE i.a.p.raft.roles.FollowerRole - RaftServer{3}{role=FOLLOWER} - Committed entries up to index 40
22:48:35.140 [raft-server-3] TRACE i.a.p.raft.roles.FollowerRole - RaftServer{3}{role=FOLLOWER} - Sending AppendResponse{status=OK, term=1, succeeded=true, lastLogIndex=40}
22:48:35.140 [raft-server-2-state] TRACE i.a.p.raft.impl.RaftServiceManager - RaftServer{2} - Applying Indexed{index=40, entry=CommandEntry{term=1, timestamp=2018-06-07 10:48:34,949, session=2, sequence=34, operation=PrimitiveOperation{id=DefaultOperationId{id=write, type=COMMAND}, value=byte[]{length=17, hash=-1644578928}}}}
22:48:35.140 [raft-server-3-state] TRACE i.a.p.raft.impl.RaftServiceManager - RaftServer{3} - Applying Indexed{index=40, entry=CommandEntry{term=1, timestamp=2018-06-07 10:48:34,949, session=2, sequence=34, operation=PrimitiveOperation{id=DefaultOperationId{id=write, type=COMMAND}, value=byte[]{length=17, hash=-1644578928}}}}
22:48:35.140 [raft-server-2-state] TRACE i.a.p.s.impl.DefaultServiceExecutor - PrimitiveService{2}{type=io.atomix.protocols.raft.RaftTest$TestPrimitiveType@2d95571d, name=raft-test} - Executing DefaultCommit{index=40, session=RaftSession{RaftServiceContext{server=2, type=io.atomix.protocols.raft.RaftTest$TestPrimitiveType@2d95571d, name=raft-test, id=2}, session=2, timestamp=2018-06-07 10:48:34,949}, time=2018-06-07 10:48:34,949, operation=DefaultOperationId{id=write, type=COMMAND}, value=byte[]{length=17, hash=-1644578928}}
22:48:35.140 [raft-server-3-state] TRACE i.a.p.s.impl.DefaultServiceExecutor - PrimitiveService{2}{type=io.atomix.protocols.raft.RaftTest$TestPrimitiveType@64a1ae5, name=raft-test} - Executing DefaultCommit{index=40, session=RaftSession{RaftServiceContext{server=3, type=io.atomix.protocols.raft.RaftTest$TestPrimitiveType@64a1ae5, name=raft-test, id=2}, session=2, timestamp=2018-06-07 10:48:34,949}, time=2018-06-07 10:48:34,949, operation=DefaultOperationId{id=write, type=COMMAND}, value=byte[]{length=17, hash=-1644578928}}
22:48:35.223 [raft-server-1] DEBUG i.a.storage.journal.SegmentedJournal - Created disk segment: JournalSegment{id=5, version=1, index=41, size=64}
22:48:35.223 [raft-server-1] TRACE i.a.protocols.raft.roles.LeaderRole - RaftServer{1}{role=LEADER} - Appended Indexed{index=41, entry=CommandEntry{term=1, timestamp=2018-06-07 10:48:35,104, session=2, sequence=35, operation=PrimitiveOperation{id=DefaultOperationId{id=write, type=COMMAND}, value=byte[]{length=17, hash=-1644578928}}}}
22:48:35.223 [raft-server-1] TRACE i.a.p.raft.roles.LeaderAppender - RaftServer{1} - Received AppendResponse{status=OK, term=1, succeeded=true, lastLogIndex=40} from 2
22:48:35.223 [raft-server-1] TRACE i.a.p.raft.roles.LeaderAppender - RaftServer{1} - Sending AppendRequest{term=1, leader=1, prevLogIndex=40, prevLogTerm=1, entries=1, commitIndex=40} to 2
22:48:35.223 [raft-server-1] TRACE i.a.p.raft.roles.LeaderAppender - RaftServer{1} - Received AppendResponse{status=OK, term=1, succeeded=true, lastLogIndex=40} from 3
22:48:35.224 [raft-server-2] TRACE i.a.p.raft.roles.FollowerRole - RaftServer{2}{role=FOLLOWER} - Received AppendRequest{term=1, leader=1, prevLogIndex=40, prevLogTerm=1, entries=1, commitIndex=40}
22:48:35.224 [raft-server-1] TRACE i.a.p.raft.roles.LeaderAppender - RaftServer{1} - Sending AppendRequest{term=1, leader=1, prevLogIndex=40, prevLogTerm=1, entries=1, commitIndex=40} to 3
22:48:35.224 [raft-server-3] TRACE i.a.p.raft.roles.FollowerRole - RaftServer{3}{role=FOLLOWER} - Received AppendRequest{term=1, leader=1, prevLogIndex=40, prevLogTerm=1, entries=1, commitIndex=40}
22:48:35.373 [raft-server-3] DEBUG i.a.storage.journal.SegmentedJournal - Created disk segment: JournalSegment{id=5, version=1, index=41, size=64}
22:48:35.373 [raft-server-2] DEBUG i.a.storage.journal.SegmentedJournal - Created disk segment: JournalSegment{id=5, version=1, index=41, size=64}
22:48:35.373 [raft-server-2] TRACE i.a.p.raft.roles.FollowerRole - RaftServer{2}{role=FOLLOWER} - Appended Indexed{index=41, entry=CommandEntry{term=1, timestamp=2018-06-07 10:48:35,104, session=2, sequence=35, operation=PrimitiveOperation{id=DefaultOperationId{id=write, type=COMMAND}, value=byte[]{length=17, hash=-1644578928}}}}
22:48:35.373 [raft-server-3] TRACE i.a.p.raft.roles.FollowerRole - RaftServer{3}{role=FOLLOWER} - Appended Indexed{index=41, entry=CommandEntry{term=1, timestamp=2018-06-07 10:48:35,104, session=2, sequence=35, operation=PrimitiveOperation{id=DefaultOperationId{id=write, type=COMMAND}, value=byte[]{length=17, hash=-1644578928}}}}
22:48:35.373 [raft-server-2] TRACE i.a.p.raft.roles.FollowerRole - RaftServer{2}{role=FOLLOWER} - Sending AppendResponse{status=OK, term=1, succeeded=true, lastLogIndex=41}
22:48:35.374 [raft-server-3] TRACE i.a.p.raft.roles.FollowerRole - RaftServer{3}{role=FOLLOWER} - Sending AppendResponse{status=OK, term=1, succeeded=true, lastLogIndex=41}
22:48:35.374 [raft-server-1] TRACE i.a.p.raft.roles.LeaderAppender - RaftServer{1} - Received AppendResponse{status=OK, term=1, succeeded=true, lastLogIndex=41} from 2
22:48:35.374 [raft-server-1] TRACE i.a.p.raft.roles.LeaderAppender - RaftServer{1} - Committed entries up to 41
22:48:35.459 [raft-server-1] TRACE i.a.p.raft.roles.LeaderAppender - RaftServer{1} - Sending AppendRequest{term=1, leader=1, prevLogIndex=41, prevLogTerm=1, entries=0, commitIndex=41} to 2
22:48:35.459 [raft-server-1] TRACE i.a.p.raft.roles.LeaderAppender - RaftServer{1} - Received AppendResponse{status=OK, term=1, succeeded=true, lastLogIndex=41} from 3
22:48:35.459 [raft-server-2] TRACE i.a.p.raft.roles.FollowerRole - RaftServer{2}{role=FOLLOWER} - Received AppendRequest{term=1, leader=1, prevLogIndex=41, prevLogTerm=1, entries=0, commitIndex=41}
22:48:35.459 [raft-server-1] TRACE i.a.p.raft.roles.LeaderAppender - RaftServer{1} - Sending AppendRequest{term=1, leader=1, prevLogIndex=41, prevLogTerm=1, entries=0, commitIndex=41} to 3
22:48:35.460 [raft-server-3] TRACE i.a.p.raft.roles.FollowerRole - RaftServer{3}{role=FOLLOWER} - Received AppendRequest{term=1, leader=1, prevLogIndex=41, prevLogTerm=1, entries=0, commitIndex=41}
22:48:35.460 [raft-server-1-state] TRACE i.a.p.raft.impl.RaftServiceManager - RaftServer{1} - Applying Indexed{index=41, entry=CommandEntry{term=1, timestamp=2018-06-07 10:48:35,104, session=2, sequence=35, operation=PrimitiveOperation{id=DefaultOperationId{id=write, type=COMMAND}, value=byte[]{length=17, hash=-1644578928}}}}
22:48:35.460 [raft-server-1-state] TRACE i.a.p.s.impl.DefaultServiceExecutor - PrimitiveService{2}{type=io.atomix.protocols.raft.RaftTest$TestPrimitiveType@761d7cf3, name=raft-test} - Executing DefaultCommit{index=41, session=RaftSession{RaftServiceContext{server=1, type=io.atomix.protocols.raft.RaftTest$TestPrimitiveType@761d7cf3, name=raft-test, id=2}, session=2, timestamp=2018-06-07 10:48:35,104}, time=2018-06-07 10:48:35,104, operation=DefaultOperationId{id=write, type=COMMAND}, value=byte[]{length=17, hash=-1644578928}}
22:48:35.460 [raft-server-1-state] TRACE i.a.protocols.raft.roles.LeaderRole - RaftServer{1}{role=LEADER} - Sending CommandResponse{status=OK, index=41, eventIndex=2, result=byte[]{length=2, hash=1322}}
22:48:35.460 [raft-client-bd74d86e-809c-4ed1-87a8-2ec3ff75de78-7] TRACE i.a.p.r.p.impl.RaftProxyConnection - PartitionProxy{2}{type=io.atomix.protocols.raft.RaftTest$TestPrimitiveType@35bfa1bb, name=raft-test} - Received CommandResponse{status=OK, index=41, eventIndex=2, result=byte[]{length=2, hash=1322}} from 1
22:48:35.460 [raft-client-bd74d86e-809c-4ed1-87a8-2ec3ff75de78-7] TRACE i.a.p.r.p.impl.RaftProxySequencer - PartitionProxy{2}{type=io.atomix.protocols.raft.RaftTest$TestPrimitiveType@35bfa1bb, name=raft-test} - Completing response CommandResponse{status=OK, index=41, eventIndex=2, result=byte[]{length=2, hash=1322}}
22:48:35.460 [raft-client-bd74d86e-809c-4ed1-87a8-2ec3ff75de78-1] TRACE i.a.p.r.p.impl.RaftProxyConnection - PartitionProxy{2}{type=io.atomix.protocols.raft.RaftTest$TestPrimitiveType@35bfa1bb, name=raft-test} - Sending CommandRequest{session=2, sequence=36, operation=PrimitiveOperation{id=DefaultOperationId{id=write, type=COMMAND}, value=byte[]{length=17, hash=-1644578928}}} to 1
22:48:35.461 [raft-server-1] TRACE i.a.protocols.raft.roles.LeaderRole - RaftServer{1}{role=LEADER} - Received CommandRequest{session=2, sequence=36, operation=PrimitiveOperation{id=DefaultOperationId{id=write, type=COMMAND}, value=byte[]{length=17, hash=-1644578928}}}
22:48:35.461 [raft-server-1] TRACE i.a.protocols.raft.roles.LeaderRole - RaftServer{1}{role=LEADER} - Appended Indexed{index=42, entry=CommandEntry{term=1, timestamp=2018-06-07 10:48:35,461, session=2, sequence=36, operation=PrimitiveOperation{id=DefaultOperationId{id=write, type=COMMAND}, value=byte[]{length=17, hash=-1644578928}}}}
22:48:35.497 [raft-server-1] TRACE i.a.p.raft.roles.LeaderAppender - RaftServer{1} - Sending AppendRequest{term=1, leader=1, prevLogIndex=41, prevLogTerm=1, entries=1, commitIndex=41} to 2
22:48:35.598 [raft-server-2] TRACE i.a.p.raft.roles.FollowerRole - RaftServer{2}{role=FOLLOWER} - Committed entries up to index 41
22:48:35.598 [raft-server-2] TRACE i.a.p.raft.roles.FollowerRole - RaftServer{2}{role=FOLLOWER} - Sending AppendResponse{status=OK, term=1, succeeded=true, lastLogIndex=41}
22:48:35.598 [raft-server-3] TRACE i.a.p.raft.roles.FollowerRole - RaftServer{3}{role=FOLLOWER} - Committed entries up to index 41
22:48:35.598 [raft-server-2] TRACE i.a.p.raft.roles.FollowerRole - RaftServer{2}{role=FOLLOWER} - Received AppendRequest{term=1, leader=1, prevLogIndex=41, prevLogTerm=1, entries=1, commitIndex=41}
22:48:35.598 [raft-server-1] TRACE i.a.p.raft.roles.LeaderAppender - RaftServer{1} - Received AppendResponse{status=OK, term=1, succeeded=true, lastLogIndex=41} from 2
22:48:35.598 [raft-server-3] TRACE i.a.p.raft.roles.FollowerRole - RaftServer{3}{role=FOLLOWER} - Sending AppendResponse{status=OK, term=1, succeeded=true, lastLogIndex=41}
22:48:35.599 [raft-server-2] TRACE i.a.p.raft.roles.FollowerRole - RaftServer{2}{role=FOLLOWER} - Appended Indexed{index=42, entry=CommandEntry{term=1, timestamp=2018-06-07 10:48:35,461, session=2, sequence=36, operation=PrimitiveOperation{id=DefaultOperationId{id=write, type=COMMAND}, value=byte[]{length=17, hash=-1644578928}}}}
22:48:35.599 [raft-server-1] TRACE i.a.p.raft.roles.LeaderAppender - RaftServer{1} - Sending AppendRequest{term=1, leader=1, prevLogIndex=41, prevLogTerm=1, entries=1, commitIndex=41} to 3
22:48:35.599 [raft-server-2] TRACE i.a.p.raft.roles.FollowerRole - RaftServer{2}{role=FOLLOWER} - Sending AppendResponse{status=OK, term=1, succeeded=true, lastLogIndex=42}
22:48:35.599 [raft-server-3-state] TRACE i.a.p.raft.impl.RaftServiceManager - RaftServer{3} - Applying Indexed{index=41, entry=CommandEntry{term=1, timestamp=2018-06-07 10:48:35,104, session=2, sequence=35, operation=PrimitiveOperation{id=DefaultOperationId{id=write, type=COMMAND}, value=byte[]{length=17, hash=-1644578928}}}}
22:48:35.599 [raft-server-1] TRACE i.a.p.raft.roles.LeaderAppender - RaftServer{1} - Received AppendResponse{status=OK, term=1, succeeded=true, lastLogIndex=41} from 3
22:48:35.599 [raft-server-3] TRACE i.a.p.raft.roles.FollowerRole - RaftServer{3}{role=FOLLOWER} - Received AppendRequest{term=1, leader=1, prevLogIndex=41, prevLogTerm=1, entries=1, commitIndex=41}
22:48:35.599 [raft-server-2-state] TRACE i.a.p.raft.impl.RaftServiceManager - RaftServer{2} - Applying Indexed{index=41, entry=CommandEntry{term=1, timestamp=2018-06-07 10:48:35,104, session=2, sequence=35, operation=PrimitiveOperation{id=DefaultOperationId{id=write, type=COMMAND}, value=byte[]{length=17, hash=-1644578928}}}}
22:48:35.599 [raft-server-3-state] TRACE i.a.p.s.impl.DefaultServiceExecutor - PrimitiveService{2}{type=io.atomix.protocols.raft.RaftTest$TestPrimitiveType@64a1ae5, name=raft-test} - Executing DefaultCommit{index=41, session=RaftSession{RaftServiceContext{server=3, type=io.atomix.protocols.raft.RaftTest$TestPrimitiveType@64a1ae5, name=raft-test, id=2}, session=2, timestamp=2018-06-07 10:48:35,104}, time=2018-06-07 10:48:35,104, operation=DefaultOperationId{id=write, type=COMMAND}, value=byte[]{length=17, hash=-1644578928}}
22:48:35.599 [raft-server-1] TRACE i.a.p.raft.roles.LeaderAppender - RaftServer{1} - Received AppendResponse{status=OK, term=1, succeeded=true, lastLogIndex=42} from 2
22:48:35.599 [raft-server-2-state] TRACE i.a.p.s.impl.DefaultServiceExecutor - PrimitiveService{2}{type=io.atomix.protocols.raft.RaftTest$TestPrimitiveType@2d95571d, name=raft-test} - Executing DefaultCommit{index=41, session=RaftSession{RaftServiceContext{server=2, type=io.atomix.protocols.raft.RaftTest$TestPrimitiveType@2d95571d, name=raft-test, id=2}, session=2, timestamp=2018-06-07 10:48:35,104}, time=2018-06-07 10:48:35,104, operation=DefaultOperationId{id=write, type=COMMAND}, value=byte[]{length=17, hash=-1644578928}}
22:48:35.599 [raft-server-3] TRACE i.a.p.raft.roles.FollowerRole - RaftServer{3}{role=FOLLOWER} - Appended Indexed{index=42, entry=CommandEntry{term=1, timestamp=2018-06-07 10:48:35,461, session=2, sequence=36, operation=PrimitiveOperation{id=DefaultOperationId{id=write, type=COMMAND}, value=byte[]{length=17, hash=-1644578928}}}}
22:48:35.599 [raft-server-1] TRACE i.a.p.raft.roles.LeaderAppender - RaftServer{1} - Committed entries up to 42
22:48:35.599 [raft-server-3] TRACE i.a.p.raft.roles.FollowerRole - RaftServer{3}{role=FOLLOWER} - Sending AppendResponse{status=OK, term=1, succeeded=true, lastLogIndex=42}
22:48:35.698 [raft-server-1] TRACE i.a.p.raft.roles.LeaderAppender - RaftServer{1} - Sending AppendRequest{term=1, leader=1, prevLogIndex=42, prevLogTerm=1, entries=0, commitIndex=42} to 2
22:48:35.698 [raft-server-2] TRACE i.a.p.raft.roles.FollowerRole - RaftServer{2}{role=FOLLOWER} - Received AppendRequest{term=1, leader=1, prevLogIndex=42, prevLogTerm=1, entries=0, commitIndex=42}
22:48:35.698 [raft-server-1] TRACE i.a.p.raft.roles.LeaderAppender - RaftServer{1} - Received AppendResponse{status=OK, term=1, succeeded=true, lastLogIndex=42} from 3
22:48:35.698 [raft-server-1-state] TRACE i.a.p.raft.impl.RaftServiceManager - RaftServer{1} - Applying Indexed{index=42, entry=CommandEntry{term=1, timestamp=2018-06-07 10:48:35,461, session=2, sequence=36, operation=PrimitiveOperation{id=DefaultOperationId{id=write, type=COMMAND}, value=byte[]{length=17, hash=-1644578928}}}}
22:48:35.699 [raft-server-1-state] TRACE i.a.p.s.impl.DefaultServiceExecutor - PrimitiveService{2}{type=io.atomix.protocols.raft.RaftTest$TestPrimitiveType@761d7cf3, name=raft-test} - Executing DefaultCommit{index=42, session=RaftSession{RaftServiceContext{server=1, type=io.atomix.protocols.raft.RaftTest$TestPrimitiveType@761d7cf3, name=raft-test, id=2}, session=2, timestamp=2018-06-07 10:48:35,461}, time=2018-06-07 10:48:35,461, operation=DefaultOperationId{id=write, type=COMMAND}, value=byte[]{length=17, hash=-1644578928}}
22:48:35.699 [raft-server-1-state] TRACE i.a.protocols.raft.roles.LeaderRole - RaftServer{1}{role=LEADER} - Sending CommandResponse{status=OK, index=42, eventIndex=2, result=byte[]{length=2, hash=1324}}
22:48:35.699 [raft-client-bd74d86e-809c-4ed1-87a8-2ec3ff75de78-3] TRACE i.a.p.r.p.impl.RaftProxyConnection - PartitionProxy{2}{type=io.atomix.protocols.raft.RaftTest$TestPrimitiveType@35bfa1bb, name=raft-test} - Received CommandResponse{status=OK, index=42, eventIndex=2, result=byte[]{length=2, hash=1324}} from 1
22:48:35.699 [raft-client-bd74d86e-809c-4ed1-87a8-2ec3ff75de78-3] TRACE i.a.p.r.p.impl.RaftProxySequencer - PartitionProxy{2}{type=io.atomix.protocols.raft.RaftTest$TestPrimitiveType@35bfa1bb, name=raft-test} - Completing response CommandResponse{status=OK, index=42, eventIndex=2, result=byte[]{length=2, hash=1324}}
22:48:35.699 [raft-client-bd74d86e-809c-4ed1-87a8-2ec3ff75de78-0] TRACE i.a.p.r.p.impl.RaftProxyConnection - PartitionProxy{2}{type=io.atomix.protocols.raft.RaftTest$TestPrimitiveType@35bfa1bb, name=raft-test} - Sending CommandRequest{session=2, sequence=37, operation=PrimitiveOperation{id=DefaultOperationId{id=write, type=COMMAND}, value=byte[]{length=17, hash=-1644578928}}} to 1
22:48:35.699 [raft-server-1] TRACE i.a.protocols.raft.roles.LeaderRole - RaftServer{1}{role=LEADER} - Received CommandRequest{session=2, sequence=37, operation=PrimitiveOperation{id=DefaultOperationId{id=write, type=COMMAND}, value=byte[]{length=17, hash=-1644578928}}}
22:48:35.700 [raft-server-1] TRACE i.a.protocols.raft.roles.LeaderRole - RaftServer{1}{role=LEADER} - Appended Indexed{index=43, entry=CommandEntry{term=1, timestamp=2018-06-07 10:48:35,700, session=2, sequence=37, operation=PrimitiveOperation{id=DefaultOperationId{id=write, type=COMMAND}, value=byte[]{length=17, hash=-1644578928}}}}
22:48:35.700 [raft-server-1] TRACE i.a.p.raft.roles.LeaderAppender - RaftServer{1} - Sending AppendRequest{term=1, leader=1, prevLogIndex=42, prevLogTerm=1, entries=1, commitIndex=42} to 3
22:48:35.700 [raft-server-3] TRACE i.a.p.raft.roles.FollowerRole - RaftServer{3}{role=FOLLOWER} - Received AppendRequest{term=1, leader=1, prevLogIndex=42, prevLogTerm=1, entries=1, commitIndex=42}
22:48:35.700 [raft-server-3] TRACE i.a.p.raft.roles.FollowerRole - RaftServer{3}{role=FOLLOWER} - Appended Indexed{index=43, entry=CommandEntry{term=1, timestamp=2018-06-07 10:48:35,700, session=2, sequence=37, operation=PrimitiveOperation{id=DefaultOperationId{id=write, type=COMMAND}, value=byte[]{length=17, hash=-1644578928}}}}
22:48:35.747 [raft-server-1] TRACE i.a.p.raft.roles.LeaderAppender - RaftServer{1} - Sending AppendRequest{term=1, leader=1, prevLogIndex=42, prevLogTerm=1, entries=1, commitIndex=42} to 2
22:48:35.803 [raft-server-2] TRACE i.a.p.raft.roles.FollowerRole - RaftServer{2}{role=FOLLOWER} - Committed entries up to index 42
22:48:35.803 [raft-server-2] TRACE i.a.p.raft.roles.FollowerRole - RaftServer{2}{role=FOLLOWER} - Sending AppendResponse{status=OK, term=1, succeeded=true, lastLogIndex=42}
22:48:35.803 [raft-server-2] TRACE i.a.p.raft.roles.FollowerRole - RaftServer{2}{role=FOLLOWER} - Received AppendRequest{term=1, leader=1, prevLogIndex=42, prevLogTerm=1, entries=1, commitIndex=42}
22:48:35.803 [raft-server-1] TRACE i.a.p.raft.roles.LeaderAppender - RaftServer{1} - Received AppendResponse{status=OK, term=1, succeeded=true, lastLogIndex=42} from 2
22:48:35.803 [raft-server-2] TRACE i.a.p.raft.roles.FollowerRole - RaftServer{2}{role=FOLLOWER} - Appended Indexed{index=43, entry=CommandEntry{term=1, timestamp=2018-06-07 10:48:35,700, session=2, sequence=37, operation=PrimitiveOperation{id=DefaultOperationId{id=write, type=COMMAND}, value=byte[]{length=17, hash=-1644578928}}}}
22:48:35.803 [raft-server-2] TRACE i.a.p.raft.roles.FollowerRole - RaftServer{2}{role=FOLLOWER} - Sending AppendResponse{status=OK, term=1, succeeded=true, lastLogIndex=43}
22:48:35.803 [raft-server-1] TRACE i.a.p.raft.roles.LeaderAppender - RaftServer{1} - Received AppendResponse{status=OK, term=1, succeeded=true, lastLogIndex=43} from 2
22:48:35.803 [raft-server-1] TRACE i.a.p.raft.roles.LeaderAppender - RaftServer{1} - Committed entries up to 43
22:48:35.803 [raft-server-2-state] TRACE i.a.p.raft.impl.RaftServiceManager - RaftServer{2} - Applying Indexed{index=42, entry=CommandEntry{term=1, timestamp=2018-06-07 10:48:35,461, session=2, sequence=36, operation=PrimitiveOperation{id=DefaultOperationId{id=write, type=COMMAND}, value=byte[]{length=17, hash=-1644578928}}}}
22:48:35.804 [raft-server-2-state] TRACE i.a.p.s.impl.DefaultServiceExecutor - PrimitiveService{2}{type=io.atomix.protocols.raft.RaftTest$TestPrimitiveType@2d95571d, name=raft-test} - Executing DefaultCommit{index=42, session=RaftSession{RaftServiceContext{server=2, type=io.atomix.protocols.raft.RaftTest$TestPrimitiveType@2d95571d, name=raft-test, id=2}, session=2, timestamp=2018-06-07 10:48:35,461}, time=2018-06-07 10:48:35,461, operation=DefaultOperationId{id=write, type=COMMAND}, value=byte[]{length=17, hash=-1644578928}}
22:48:35.931 [raft-server-3] TRACE i.a.p.raft.roles.FollowerRole - RaftServer{3}{role=FOLLOWER} - Committed entries up to index 42
22:48:35.931 [raft-server-3] TRACE i.a.p.raft.roles.FollowerRole - RaftServer{3}{role=FOLLOWER} - Sending AppendResponse{status=OK, term=1, succeeded=true, lastLogIndex=43}
22:48:35.931 [raft-server-3-state] TRACE i.a.p.raft.impl.RaftServiceManager - RaftServer{3} - Applying Indexed{index=42, entry=CommandEntry{term=1, timestamp=2018-06-07 10:48:35,461, session=2, sequence=36, operation=PrimitiveOperation{id=DefaultOperationId{id=write, type=COMMAND}, value=byte[]{length=17, hash=-1644578928}}}}
22:48:35.932 [raft-server-3-state] TRACE i.a.p.s.impl.DefaultServiceExecutor - PrimitiveService{2}{type=io.atomix.protocols.raft.RaftTest$TestPrimitiveType@64a1ae5, name=raft-test} - Executing DefaultCommit{index=42, session=RaftSession{RaftServiceContext{server=3, type=io.atomix.protocols.raft.RaftTest$TestPrimitiveType@64a1ae5, name=raft-test, id=2}, session=2, timestamp=2018-06-07 10:48:35,461}, time=2018-06-07 10:48:35,461, operation=DefaultOperationId{id=write, type=COMMAND}, value=byte[]{length=17, hash=-1644578928}}
22:48:36.003 [raft-server-1] TRACE i.a.p.raft.roles.LeaderAppender - RaftServer{1} - Sending AppendRequest{term=1, leader=1, prevLogIndex=43, prevLogTerm=1, entries=0, commitIndex=43} to 2
22:48:36.003 [raft-server-1] TRACE i.a.p.raft.roles.LeaderAppender - RaftServer{1} - Received AppendResponse{status=OK, term=1, succeeded=true, lastLogIndex=43} from 3
22:48:36.003 [raft-server-1] TRACE i.a.p.raft.roles.LeaderAppender - RaftServer{1} - Sending AppendRequest{term=1, leader=1, prevLogIndex=43, prevLogTerm=1, entries=0, commitIndex=43} to 3
22:48:36.003 [raft-server-2] TRACE i.a.p.raft.roles.FollowerRole - RaftServer{2}{role=FOLLOWER} - Received AppendRequest{term=1, leader=1, prevLogIndex=43, prevLogTerm=1, entries=0, commitIndex=43}
22:48:36.003 [raft-server-1-state] TRACE i.a.p.raft.impl.RaftServiceManager - RaftServer{1} - Applying Indexed{index=43, entry=CommandEntry{term=1, timestamp=2018-06-07 10:48:35,700, session=2, sequence=37, operation=PrimitiveOperation{id=DefaultOperationId{id=write, type=COMMAND}, value=byte[]{length=17, hash=-1644578928}}}}
22:48:36.004 [raft-server-3] TRACE i.a.p.raft.roles.FollowerRole - RaftServer{3}{role=FOLLOWER} - Received AppendRequest{term=1, leader=1, prevLogIndex=43, prevLogTerm=1, entries=0, commitIndex=43}
22:48:36.004 [raft-server-3] TRACE i.a.p.raft.roles.FollowerRole - RaftServer{3}{role=FOLLOWER} - Committed entries up to index 43
22:48:36.004 [raft-server-1-state] TRACE i.a.p.s.impl.DefaultServiceExecutor - PrimitiveService{2}{type=io.atomix.protocols.raft.RaftTest$TestPrimitiveType@761d7cf3, name=raft-test} - Executing DefaultCommit{index=43, session=RaftSession{RaftServiceContext{server=1, type=io.atomix.protocols.raft.RaftTest$TestPrimitiveType@761d7cf3, name=raft-test, id=2}, session=2, timestamp=2018-06-07 10:48:35,700}, time=2018-06-07 10:48:35,700, operation=DefaultOperationId{id=write, type=COMMAND}, value=byte[]{length=17, hash=-1644578928}}
22:48:36.004 [raft-server-3] TRACE i.a.p.raft.roles.FollowerRole - RaftServer{3}{role=FOLLOWER} - Sending AppendResponse{status=OK, term=1, succeeded=true, lastLogIndex=43}
22:48:36.004 [raft-server-1] TRACE i.a.protocols.raft.roles.LeaderRole - RaftServer{1}{role=LEADER} - Sending CommandResponse{status=OK, index=43, eventIndex=2, result=byte[]{length=2, hash=1326}}
22:48:36.004 [raft-server-3-state] TRACE i.a.p.raft.impl.RaftServiceManager - RaftServer{3} - Applying Indexed{index=43, entry=CommandEntry{term=1, timestamp=2018-06-07 10:48:35,700, session=2, sequence=37, operation=PrimitiveOperation{id=DefaultOperationId{id=write, type=COMMAND}, value=byte[]{length=17, hash=-1644578928}}}}
22:48:36.004 [raft-server-1] TRACE i.a.p.raft.roles.LeaderAppender - RaftServer{1} - Received AppendResponse{status=OK, term=1, succeeded=true, lastLogIndex=43} from 3
22:48:36.004 [raft-client-bd74d86e-809c-4ed1-87a8-2ec3ff75de78-4] TRACE i.a.p.r.p.impl.RaftProxyConnection - PartitionProxy{2}{type=io.atomix.protocols.raft.RaftTest$TestPrimitiveType@35bfa1bb, name=raft-test} - Received CommandResponse{status=OK, index=43, eventIndex=2, result=byte[]{length=2, hash=1326}} from 1
22:48:36.004 [raft-server-3-state] TRACE i.a.p.s.impl.DefaultServiceExecutor - PrimitiveService{2}{type=io.atomix.protocols.raft.RaftTest$TestPrimitiveType@64a1ae5, name=raft-test} - Executing DefaultCommit{index=43, session=RaftSession{RaftServiceContext{server=3, type=io.atomix.protocols.raft.RaftTest$TestPrimitiveType@64a1ae5, name=raft-test, id=2}, session=2, timestamp=2018-06-07 10:48:35,700}, time=2018-06-07 10:48:35,700, operation=DefaultOperationId{id=write, type=COMMAND}, value=byte[]{length=17, hash=-1644578928}}
22:48:36.004 [raft-server-1] TRACE i.a.p.raft.roles.LeaderAppender - RaftServer{1} - Sending AppendRequest{term=1, leader=1, prevLogIndex=43, prevLogTerm=1, entries=0, commitIndex=43} to 3
22:48:36.004 [raft-client-bd74d86e-809c-4ed1-87a8-2ec3ff75de78-4] TRACE i.a.p.r.p.impl.RaftProxySequencer - PartitionProxy{2}{type=io.atomix.protocols.raft.RaftTest$TestPrimitiveType@35bfa1bb, name=raft-test} - Completing response CommandResponse{status=OK, index=43, eventIndex=2, result=byte[]{length=2, hash=1326}}
22:48:36.004 [raft-server-3] TRACE i.a.p.raft.roles.FollowerRole - RaftServer{3}{role=FOLLOWER} - Received AppendRequest{term=1, leader=1, prevLogIndex=43, prevLogTerm=1, entries=0, commitIndex=43}
22:48:36.004 [raft-server-3] TRACE i.a.p.raft.roles.FollowerRole - RaftServer{3}{role=FOLLOWER} - Sending AppendResponse{status=OK, term=1, succeeded=true, lastLogIndex=43}
22:48:36.004 [raft-server-1] TRACE i.a.p.raft.roles.LeaderAppender - RaftServer{1} - Received AppendResponse{status=OK, term=1, succeeded=true, lastLogIndex=43} from 3
22:48:36.005 [raft-client-bd74d86e-809c-4ed1-87a8-2ec3ff75de78-5] TRACE i.a.p.r.p.impl.RaftProxyConnection - PartitionProxy{2}{type=io.atomix.protocols.raft.RaftTest$TestPrimitiveType@35bfa1bb, name=raft-test} - Sending CommandRequest{session=2, sequence=38, operation=PrimitiveOperation{id=DefaultOperationId{id=write, type=COMMAND}, value=byte[]{length=17, hash=-1644578928}}} to 1
22:48:36.005 [raft-server-1] TRACE i.a.protocols.raft.roles.LeaderRole - RaftServer{1}{role=LEADER} - Received CommandRequest{session=2, sequence=38, operation=PrimitiveOperation{id=DefaultOperationId{id=write, type=COMMAND}, value=byte[]{length=17, hash=-1644578928}}}
22:48:36.005 [raft-server-1] TRACE i.a.protocols.raft.roles.LeaderRole - RaftServer{1}{role=LEADER} - Appended Indexed{index=44, entry=CommandEntry{term=1, timestamp=2018-06-07 10:48:36,005, session=2, sequence=38, operation=PrimitiveOperation{id=DefaultOperationId{id=write, type=COMMAND}, value=byte[]{length=17, hash=-1644578928}}}}
22:48:36.005 [raft-server-1] TRACE i.a.p.raft.roles.LeaderAppender - RaftServer{1} - Sending AppendRequest{term=1, leader=1, prevLogIndex=43, prevLogTerm=1, entries=1, commitIndex=43} to 3
22:48:36.005 [raft-server-3] TRACE i.a.p.raft.roles.FollowerRole - RaftServer{3}{role=FOLLOWER} - Received AppendRequest{term=1, leader=1, prevLogIndex=43, prevLogTerm=1, entries=1, commitIndex=43}
22:48:36.005 [raft-server-3] TRACE i.a.p.raft.roles.FollowerRole - RaftServer{3}{role=FOLLOWER} - Appended Indexed{index=44, entry=CommandEntry{term=1, timestamp=2018-06-07 10:48:36,005, session=2, sequence=38, operation=PrimitiveOperation{id=DefaultOperationId{id=write, type=COMMAND}, value=byte[]{length=17, hash=-1644578928}}}}
22:48:36.005 [raft-server-3] TRACE i.a.p.raft.roles.FollowerRole - RaftServer{3}{role=FOLLOWER} - Sending AppendResponse{status=OK, term=1, succeeded=true, lastLogIndex=44}
22:48:36.006 [raft-server-1] TRACE i.a.p.raft.roles.LeaderAppender - RaftServer{1} - Received AppendResponse{status=OK, term=1, succeeded=true, lastLogIndex=44} from 3
22:48:36.006 [raft-server-1] TRACE i.a.p.raft.roles.LeaderAppender - RaftServer{1} - Committed entries up to 44
22:48:36.153 [raft-server-2] TRACE i.a.p.raft.roles.FollowerRole - RaftServer{2}{role=FOLLOWER} - Committed entries up to index 43
22:48:36.153 [raft-server-2] TRACE i.a.p.raft.roles.FollowerRole - RaftServer{2}{role=FOLLOWER} - Sending AppendResponse{status=OK, term=1, succeeded=true, lastLogIndex=43}
22:48:36.153 [raft-server-2-state] TRACE i.a.p.raft.impl.RaftServiceManager - RaftServer{2} - Applying Indexed{index=43, entry=CommandEntry{term=1, timestamp=2018-06-07 10:48:35,700, session=2, sequence=37, operation=PrimitiveOperation{id=DefaultOperationId{id=write, type=COMMAND}, value=byte[]{length=17, hash=-1644578928}}}}
22:48:36.153 [raft-server-2-state] TRACE i.a.p.s.impl.DefaultServiceExecutor - PrimitiveService{2}{type=io.atomix.protocols.raft.RaftTest$TestPrimitiveType@2d95571d, name=raft-test} - Executing DefaultCommit{index=43, session=RaftSession{RaftServiceContext{server=2, type=io.atomix.protocols.raft.RaftTest$TestPrimitiveType@2d95571d, name=raft-test, id=2}, session=2, timestamp=2018-06-07 10:48:35,700}, time=2018-06-07 10:48:35,700, operation=DefaultOperationId{id=write, type=COMMAND}, value=byte[]{length=17, hash=-1644578928}}
22:48:36.248 [raft-server-1] TRACE i.a.p.raft.roles.LeaderAppender - RaftServer{1} - Received AppendResponse{status=OK, term=1, succeeded=true, lastLogIndex=43} from 2
22:48:36.248 [raft-server-1] TRACE i.a.p.raft.roles.LeaderAppender - RaftServer{1} - Sending AppendRequest{term=1, leader=1, prevLogIndex=43, prevLogTerm=1, entries=1, commitIndex=44} to 2
22:48:36.248 [raft-server-1] TRACE i.a.p.raft.roles.LeaderAppender - RaftServer{1} - Sending AppendRequest{term=1, leader=1, prevLogIndex=44, prevLogTerm=1, entries=0, commitIndex=44} to 3
22:48:36.248 [raft-server-2] TRACE i.a.p.raft.roles.FollowerRole - RaftServer{2}{role=FOLLOWER} - Received AppendRequest{term=1, leader=1, prevLogIndex=43, prevLogTerm=1, entries=1, commitIndex=44}
22:48:36.248 [raft-server-3] TRACE i.a.p.raft.roles.FollowerRole - RaftServer{3}{role=FOLLOWER} - Received AppendRequest{term=1, leader=1, prevLogIndex=44, prevLogTerm=1, entries=0, commitIndex=44}
22:48:36.249 [raft-server-2] TRACE i.a.p.raft.roles.FollowerRole - RaftServer{2}{role=FOLLOWER} - Appended Indexed{index=44, entry=CommandEntry{term=1, timestamp=2018-06-07 10:48:36,005, session=2, sequence=38, operation=PrimitiveOperation{id=DefaultOperationId{id=write, type=COMMAND}, value=byte[]{length=17, hash=-1644578928}}}}
22:48:36.249 [raft-server-1-state] TRACE i.a.p.raft.impl.RaftServiceManager - RaftServer{1} - Applying Indexed{index=44, entry=CommandEntry{term=1, timestamp=2018-06-07 10:48:36,005, session=2, sequence=38, operation=PrimitiveOperation{id=DefaultOperationId{id=write, type=COMMAND}, value=byte[]{length=17, hash=-1644578928}}}}
22:48:36.249 [raft-server-1-state] TRACE i.a.p.s.impl.DefaultServiceExecutor - PrimitiveService{2}{type=io.atomix.protocols.raft.RaftTest$TestPrimitiveType@761d7cf3, name=raft-test} - Executing DefaultCommit{index=44, session=RaftSession{RaftServiceContext{server=1, type=io.atomix.protocols.raft.RaftTest$TestPrimitiveType@761d7cf3, name=raft-test, id=2}, session=2, timestamp=2018-06-07 10:48:36,005}, time=2018-06-07 10:48:36,005, operation=DefaultOperationId{id=write, type=COMMAND}, value=byte[]{length=17, hash=-1644578928}}
22:48:36.249 [raft-server-1-state] TRACE i.a.protocols.raft.roles.LeaderRole - RaftServer{1}{role=LEADER} - Sending CommandResponse{status=OK, index=44, eventIndex=2, result=byte[]{length=2, hash=1328}}
22:48:36.249 [raft-client-bd74d86e-809c-4ed1-87a8-2ec3ff75de78-7] TRACE i.a.p.r.p.impl.RaftProxyConnection - PartitionProxy{2}{type=io.atomix.protocols.raft.RaftTest$TestPrimitiveType@35bfa1bb, name=raft-test} - Received CommandResponse{status=OK, index=44, eventIndex=2, result=byte[]{length=2, hash=1328}} from 1
22:48:36.249 [raft-client-bd74d86e-809c-4ed1-87a8-2ec3ff75de78-7] TRACE i.a.p.r.p.impl.RaftProxySequencer - PartitionProxy{2}{type=io.atomix.protocols.raft.RaftTest$TestPrimitiveType@35bfa1bb, name=raft-test} - Completing response CommandResponse{status=OK, index=44, eventIndex=2, result=byte[]{length=2, hash=1328}}
22:48:36.250 [raft-client-bd74d86e-809c-4ed1-87a8-2ec3ff75de78-6] TRACE i.a.p.r.p.impl.RaftProxyConnection - PartitionProxy{2}{type=io.atomix.protocols.raft.RaftTest$TestPrimitiveType@35bfa1bb, name=raft-test} - Sending CommandRequest{session=2, sequence=39, operation=PrimitiveOperation{id=DefaultOperationId{id=write, type=COMMAND}, value=byte[]{length=17, hash=-1644578928}}} to 1
22:48:36.250 [raft-server-1] TRACE i.a.protocols.raft.roles.LeaderRole - RaftServer{1}{role=LEADER} - Received CommandRequest{session=2, sequence=39, operation=PrimitiveOperation{id=DefaultOperationId{id=write, type=COMMAND}, value=byte[]{length=17, hash=-1644578928}}}
22:48:36.250 [raft-server-1] TRACE i.a.protocols.raft.roles.LeaderRole - RaftServer{1}{role=LEADER} - Appended Indexed{index=45, entry=CommandEntry{term=1, timestamp=2018-06-07 10:48:36,250, session=2, sequence=39, operation=PrimitiveOperation{id=DefaultOperationId{id=write, type=COMMAND}, value=byte[]{length=17, hash=-1644578928}}}}
22:48:36.340 [raft-server-3] TRACE i.a.p.raft.roles.FollowerRole - RaftServer{3}{role=FOLLOWER} - Committed entries up to index 44
22:48:36.340 [raft-server-3] TRACE i.a.p.raft.roles.FollowerRole - RaftServer{3}{role=FOLLOWER} - Sending AppendResponse{status=OK, term=1, succeeded=true, lastLogIndex=44}
22:48:36.340 [raft-server-1] TRACE i.a.p.raft.roles.LeaderAppender - RaftServer{1} - Received AppendResponse{status=OK, term=1, succeeded=true, lastLogIndex=44} from 3
22:48:36.340 [raft-server-2] TRACE i.a.p.raft.roles.FollowerRole - RaftServer{2}{role=FOLLOWER} - Committed entries up to index 44
22:48:36.340 [raft-server-2] TRACE i.a.p.raft.roles.FollowerRole - RaftServer{2}{role=FOLLOWER} - Sending AppendResponse{status=OK, term=1, succeeded=true, lastLogIndex=44}
22:48:36.340 [raft-server-1] TRACE i.a.p.raft.roles.LeaderAppender - RaftServer{1} - Sending AppendRequest{term=1, leader=1, prevLogIndex=44, prevLogTerm=1, entries=1, commitIndex=44} to 3
22:48:36.340 [raft-server-3-state] TRACE i.a.p.raft.impl.RaftServiceManager - RaftServer{3} - Applying Indexed{index=44, entry=CommandEntry{term=1, timestamp=2018-06-07 10:48:36,005, session=2, sequence=38, operation=PrimitiveOperation{id=DefaultOperationId{id=write, type=COMMAND}, value=byte[]{length=17, hash=-1644578928}}}}
22:48:36.340 [raft-server-1] TRACE i.a.p.raft.roles.LeaderAppender - RaftServer{1} - Sending AppendRequest{term=1, leader=1, prevLogIndex=44, prevLogTerm=1, entries=1, commitIndex=44} to 2
22:48:36.340 [raft-server-3] TRACE i.a.p.raft.roles.FollowerRole - RaftServer{3}{role=FOLLOWER} - Received AppendRequest{term=1, leader=1, prevLogIndex=44, prevLogTerm=1, entries=1, commitIndex=44}
22:48:36.340 [raft-server-3-state] TRACE i.a.p.s.impl.DefaultServiceExecutor - PrimitiveService{2}{type=io.atomix.protocols.raft.RaftTest$TestPrimitiveType@64a1ae5, name=raft-test} - Executing DefaultCommit{index=44, session=RaftSession{RaftServiceContext{server=3, type=io.atomix.protocols.raft.RaftTest$TestPrimitiveType@64a1ae5, name=raft-test, id=2}, session=2, timestamp=2018-06-07 10:48:36,005}, time=2018-06-07 10:48:36,005, operation=DefaultOperationId{id=write, type=COMMAND}, value=byte[]{length=17, hash=-1644578928}}
22:48:36.340 [raft-server-2-state] TRACE i.a.p.raft.impl.RaftServiceManager - RaftServer{2} - Applying Indexed{index=44, entry=CommandEntry{term=1, timestamp=2018-06-07 10:48:36,005, session=2, sequence=38, operation=PrimitiveOperation{id=DefaultOperationId{id=write, type=COMMAND}, value=byte[]{length=17, hash=-1644578928}}}}
22:48:36.340 [raft-server-1] TRACE i.a.p.raft.roles.LeaderAppender - RaftServer{1} - Received AppendResponse{status=OK, term=1, succeeded=true, lastLogIndex=44} from 2
22:48:36.340 [raft-server-2] TRACE i.a.p.raft.roles.FollowerRole - RaftServer{2}{role=FOLLOWER} - Received AppendRequest{term=1, leader=1, prevLogIndex=44, prevLogTerm=1, entries=1, commitIndex=44}
22:48:36.340 [raft-server-2-state] TRACE i.a.p.s.impl.DefaultServiceExecutor - PrimitiveService{2}{type=io.atomix.protocols.raft.RaftTest$TestPrimitiveType@2d95571d, name=raft-test} - Executing DefaultCommit{index=44, session=RaftSession{RaftServiceContext{server=2, type=io.atomix.protocols.raft.RaftTest$TestPrimitiveType@2d95571d, name=raft-test, id=2}, session=2, timestamp=2018-06-07 10:48:36,005}, time=2018-06-07 10:48:36,005, operation=DefaultOperationId{id=write, type=COMMAND}, value=byte[]{length=17, hash=-1644578928}}
22:48:36.341 [raft-server-2] TRACE i.a.p.raft.roles.FollowerRole - RaftServer{2}{role=FOLLOWER} - Appended Indexed{index=45, entry=CommandEntry{term=1, timestamp=2018-06-07 10:48:36,250, session=2, sequence=39, operation=PrimitiveOperation{id=DefaultOperationId{id=write, type=COMMAND}, value=byte[]{length=17, hash=-1644578928}}}}
22:48:36.341 [raft-server-2] TRACE i.a.p.raft.roles.FollowerRole - RaftServer{2}{role=FOLLOWER} - Sending AppendResponse{status=OK, term=1, succeeded=true, lastLogIndex=45}
22:48:36.341 [raft-server-1] TRACE i.a.p.raft.roles.LeaderAppender - RaftServer{1} - Received AppendResponse{status=OK, term=1, succeeded=true, lastLogIndex=45} from 2
22:48:36.341 [raft-server-1] TRACE i.a.p.raft.roles.LeaderAppender - RaftServer{1} - Committed entries up to 45
22:48:36.341 [raft-server-3] TRACE i.a.p.raft.roles.FollowerRole - RaftServer{3}{role=FOLLOWER} - Appended Indexed{index=45, entry=CommandEntry{term=1, timestamp=2018-06-07 10:48:36,250, session=2, sequence=39, operation=PrimitiveOperation{id=DefaultOperationId{id=write, type=COMMAND}, value=byte[]{length=17, hash=-1644578928}}}}
22:48:36.341 [raft-server-3] TRACE i.a.p.raft.roles.FollowerRole - RaftServer{3}{role=FOLLOWER} - Sending AppendResponse{status=OK, term=1, succeeded=true, lastLogIndex=45}
22:48:36.381 [raft-server-1] TRACE i.a.p.raft.roles.LeaderAppender - RaftServer{1} - Received AppendResponse{status=OK, term=1, succeeded=true, lastLogIndex=45} from 3
22:48:36.382 [raft-server-1-state] TRACE i.a.p.raft.impl.RaftServiceManager - RaftServer{1} - Applying Indexed{index=45, entry=CommandEntry{term=1, timestamp=2018-06-07 10:48:36,250, session=2, sequence=39, operation=PrimitiveOperation{id=DefaultOperationId{id=write, type=COMMAND}, value=byte[]{length=17, hash=-1644578928}}}}
22:48:36.382 [raft-server-1-state] TRACE i.a.p.s.impl.DefaultServiceExecutor - PrimitiveService{2}{type=io.atomix.protocols.raft.RaftTest$TestPrimitiveType@761d7cf3, name=raft-test} - Executing DefaultCommit{index=45, session=RaftSession{RaftServiceContext{server=1, type=io.atomix.protocols.raft.RaftTest$TestPrimitiveType@761d7cf3, name=raft-test, id=2}, session=2, timestamp=2018-06-07 10:48:36,250}, time=2018-06-07 10:48:36,250, operation=DefaultOperationId{id=write, type=COMMAND}, value=byte[]{length=17, hash=-1644578928}}
22:48:36.382 [raft-server-1-state] TRACE i.a.protocols.raft.roles.LeaderRole - RaftServer{1}{role=LEADER} - Sending CommandResponse{status=OK, index=45, eventIndex=2, result=byte[]{length=2, hash=1330}}
22:48:36.382 [raft-client-bd74d86e-809c-4ed1-87a8-2ec3ff75de78-3] TRACE i.a.p.r.p.impl.RaftProxyConnection - PartitionProxy{2}{type=io.atomix.protocols.raft.RaftTest$TestPrimitiveType@35bfa1bb, name=raft-test} - Received CommandResponse{status=OK, index=45, eventIndex=2, result=byte[]{length=2, hash=1330}} from 1
22:48:36.382 [raft-client-bd74d86e-809c-4ed1-87a8-2ec3ff75de78-3] TRACE i.a.p.r.p.impl.RaftProxySequencer - PartitionProxy{2}{type=io.atomix.protocols.raft.RaftTest$TestPrimitiveType@35bfa1bb, name=raft-test} - Completing response CommandResponse{status=OK, index=45, eventIndex=2, result=byte[]{length=2, hash=1330}}
22:48:36.383 [raft-client-bd74d86e-809c-4ed1-87a8-2ec3ff75de78-3] TRACE i.a.p.r.p.impl.RaftProxyConnection - PartitionProxy{2}{type=io.atomix.protocols.raft.RaftTest$TestPrimitiveType@35bfa1bb, name=raft-test} - Sending CommandRequest{session=2, sequence=40, operation=PrimitiveOperation{id=DefaultOperationId{id=write, type=COMMAND}, value=byte[]{length=17, hash=-1644578928}}} to 1
22:48:36.383 [raft-server-1] TRACE i.a.protocols.raft.roles.LeaderRole - RaftServer{1}{role=LEADER} - Received CommandRequest{session=2, sequence=40, operation=PrimitiveOperation{id=DefaultOperationId{id=write, type=COMMAND}, value=byte[]{length=17, hash=-1644578928}}}
22:48:36.383 [raft-server-1] TRACE i.a.protocols.raft.roles.LeaderRole - RaftServer{1}{role=LEADER} - Appended Indexed{index=46, entry=CommandEntry{term=1, timestamp=2018-06-07 10:48:36,383, session=2, sequence=40, operation=PrimitiveOperation{id=DefaultOperationId{id=write, type=COMMAND}, value=byte[]{length=17, hash=-1644578928}}}}
22:48:36.383 [raft-server-1] TRACE i.a.p.raft.roles.LeaderAppender - RaftServer{1} - Sending AppendRequest{term=1, leader=1, prevLogIndex=45, prevLogTerm=1, entries=1, commitIndex=45} to 3
22:48:36.383 [raft-server-3] TRACE i.a.p.raft.roles.FollowerRole - RaftServer{3}{role=FOLLOWER} - Received AppendRequest{term=1, leader=1, prevLogIndex=45, prevLogTerm=1, entries=1, commitIndex=45}
22:48:36.383 [raft-server-1] TRACE i.a.p.raft.roles.LeaderAppender - RaftServer{1} - Sending AppendRequest{term=1, leader=1, prevLogIndex=45, prevLogTerm=1, entries=1, commitIndex=45} to 2
22:48:36.383 [raft-server-3] TRACE i.a.p.raft.roles.FollowerRole - RaftServer{3}{role=FOLLOWER} - Appended Indexed{index=46, entry=CommandEntry{term=1, timestamp=2018-06-07 10:48:36,383, session=2, sequence=40, operation=PrimitiveOperation{id=DefaultOperationId{id=write, type=COMMAND}, value=byte[]{length=17, hash=-1644578928}}}}
22:48:36.383 [raft-server-2] TRACE i.a.p.raft.roles.FollowerRole - RaftServer{2}{role=FOLLOWER} - Received AppendRequest{term=1, leader=1, prevLogIndex=45, prevLogTerm=1, entries=1, commitIndex=45}
22:48:36.384 [raft-server-2] TRACE i.a.p.raft.roles.FollowerRole - RaftServer{2}{role=FOLLOWER} - Appended Indexed{index=46, entry=CommandEntry{term=1, timestamp=2018-06-07 10:48:36,383, session=2, sequence=40, operation=PrimitiveOperation{id=DefaultOperationId{id=write, type=COMMAND}, value=byte[]{length=17, hash=-1644578928}}}}
22:48:36.431 [raft-server-3] TRACE i.a.p.raft.roles.FollowerRole - RaftServer{3}{role=FOLLOWER} - Committed entries up to index 45
22:48:36.431 [raft-server-3] TRACE i.a.p.raft.roles.FollowerRole - RaftServer{3}{role=FOLLOWER} - Sending AppendResponse{status=OK, term=1, succeeded=true, lastLogIndex=46}
22:48:36.432 [raft-server-3-state] TRACE i.a.p.raft.impl.RaftServiceManager - RaftServer{3} - Applying Indexed{index=45, entry=CommandEntry{term=1, timestamp=2018-06-07 10:48:36,250, session=2, sequence=39, operation=PrimitiveOperation{id=DefaultOperationId{id=write, type=COMMAND}, value=byte[]{length=17, hash=-1644578928}}}}
22:48:36.432 [raft-server-1] TRACE i.a.p.raft.roles.LeaderAppender - RaftServer{1} - Received AppendResponse{status=OK, term=1, succeeded=true, lastLogIndex=46} from 3
22:48:36.432 [raft-server-3-state] TRACE i.a.p.s.impl.DefaultServiceExecutor - PrimitiveService{2}{type=io.atomix.protocols.raft.RaftTest$TestPrimitiveType@64a1ae5, name=raft-test} - Executing DefaultCommit{index=45, session=RaftSession{RaftServiceContext{server=3, type=io.atomix.protocols.raft.RaftTest$TestPrimitiveType@64a1ae5, name=raft-test, id=2}, session=2, timestamp=2018-06-07 10:48:36,250}, time=2018-06-07 10:48:36,250, operation=DefaultOperationId{id=write, type=COMMAND}, value=byte[]{length=17, hash=-1644578928}}
22:48:36.432 [raft-server-1] TRACE i.a.p.raft.roles.LeaderAppender - RaftServer{1} - Committed entries up to 46
22:48:36.503 [raft-server-2] TRACE i.a.p.raft.roles.FollowerRole - RaftServer{2}{role=FOLLOWER} - Committed entries up to index 45
22:48:36.503 [raft-server-2] TRACE i.a.p.raft.roles.FollowerRole - RaftServer{2}{role=FOLLOWER} - Sending AppendResponse{status=OK, term=1, succeeded=true, lastLogIndex=46}
22:48:36.503 [raft-server-2-state] TRACE i.a.p.raft.impl.RaftServiceManager - RaftServer{2} - Applying Indexed{index=45, entry=CommandEntry{term=1, timestamp=2018-06-07 10:48:36,250, session=2, sequence=39, operation=PrimitiveOperation{id=DefaultOperationId{id=write, type=COMMAND}, value=byte[]{length=17, hash=-1644578928}}}}
22:48:36.503 [raft-server-2-state] TRACE i.a.p.s.impl.DefaultServiceExecutor - PrimitiveService{2}{type=io.atomix.protocols.raft.RaftTest$TestPrimitiveType@2d95571d, name=raft-test} - Executing DefaultCommit{index=45, session=RaftSession{RaftServiceContext{server=2, type=io.atomix.protocols.raft.RaftTest$TestPrimitiveType@2d95571d, name=raft-test, id=2}, session=2, timestamp=2018-06-07 10:48:36,250}, time=2018-06-07 10:48:36,250, operation=DefaultOperationId{id=write, type=COMMAND}, value=byte[]{length=17, hash=-1644578928}}
22:48:36.573 [raft-server-1] TRACE i.a.p.raft.roles.LeaderAppender - RaftServer{1} - Sending AppendRequest{term=1, leader=1, prevLogIndex=46, prevLogTerm=1, entries=0, commitIndex=46} to 3
22:48:36.573 [raft-server-1] TRACE i.a.p.raft.roles.LeaderAppender - RaftServer{1} - Received AppendResponse{status=OK, term=1, succeeded=true, lastLogIndex=46} from 2
22:48:36.573 [raft-server-3] TRACE i.a.p.raft.roles.FollowerRole - RaftServer{3}{role=FOLLOWER} - Received AppendRequest{term=1, leader=1, prevLogIndex=46, prevLogTerm=1, entries=0, commitIndex=46}
22:48:36.573 [raft-server-1] TRACE i.a.p.raft.roles.LeaderAppender - RaftServer{1} - Sending AppendRequest{term=1, leader=1, prevLogIndex=46, prevLogTerm=1, entries=0, commitIndex=46} to 2
22:48:36.573 [raft-server-2] TRACE i.a.p.raft.roles.FollowerRole - RaftServer{2}{role=FOLLOWER} - Received AppendRequest{term=1, leader=1, prevLogIndex=46, prevLogTerm=1, entries=0, commitIndex=46}
22:48:36.573 [raft-server-2] TRACE i.a.p.raft.roles.FollowerRole - RaftServer{2}{role=FOLLOWER} - Committed entries up to index 46
22:48:36.573 [raft-server-2] TRACE i.a.p.raft.roles.FollowerRole - RaftServer{2}{role=FOLLOWER} - Sending AppendResponse{status=OK, term=1, succeeded=true, lastLogIndex=46}
22:48:36.573 [raft-server-1-state] TRACE i.a.p.raft.impl.RaftServiceManager - RaftServer{1} - Applying Indexed{index=46, entry=CommandEntry{term=1, timestamp=2018-06-07 10:48:36,383, session=2, sequence=40, operation=PrimitiveOperation{id=DefaultOperationId{id=write, type=COMMAND}, value=byte[]{length=17, hash=-1644578928}}}}
22:48:36.573 [raft-server-1] TRACE i.a.p.raft.roles.LeaderAppender - RaftServer{1} - Received AppendResponse{status=OK, term=1, succeeded=true, lastLogIndex=46} from 2
22:48:36.574 [raft-server-1-state] TRACE i.a.p.s.impl.DefaultServiceExecutor - PrimitiveService{2}{type=io.atomix.protocols.raft.RaftTest$TestPrimitiveType@761d7cf3, name=raft-test} - Executing DefaultCommit{index=46, session=RaftSession{RaftServiceContext{server=1, type=io.atomix.protocols.raft.RaftTest$TestPrimitiveType@761d7cf3, name=raft-test, id=2}, session=2, timestamp=2018-06-07 10:48:36,383}, time=2018-06-07 10:48:36,383, operation=DefaultOperationId{id=write, type=COMMAND}, value=byte[]{length=17, hash=-1644578928}}
22:48:36.574 [raft-server-1] TRACE i.a.p.raft.roles.LeaderAppender - RaftServer{1} - Sending AppendRequest{term=1, leader=1, prevLogIndex=46, prevLogTerm=1, entries=0, commitIndex=46} to 2
22:48:36.574 [raft-server-1-state] TRACE i.a.protocols.raft.roles.LeaderRole - RaftServer{1}{role=LEADER} - Sending CommandResponse{status=OK, index=46, eventIndex=2, result=byte[]{length=2, hash=1332}}
22:48:36.574 [raft-client-bd74d86e-809c-4ed1-87a8-2ec3ff75de78-4] TRACE i.a.p.r.p.impl.RaftProxyConnection - PartitionProxy{2}{type=io.atomix.protocols.raft.RaftTest$TestPrimitiveType@35bfa1bb, name=raft-test} - Received CommandResponse{status=OK, index=46, eventIndex=2, result=byte[]{length=2, hash=1332}} from 1
22:48:36.574 [raft-client-bd74d86e-809c-4ed1-87a8-2ec3ff75de78-4] TRACE i.a.p.r.p.impl.RaftProxySequencer - PartitionProxy{2}{type=io.atomix.protocols.raft.RaftTest$TestPrimitiveType@35bfa1bb, name=raft-test} - Completing response CommandResponse{status=OK, index=46, eventIndex=2, result=byte[]{length=2, hash=1332}}
22:48:36.574 [raft-client-bd74d86e-809c-4ed1-87a8-2ec3ff75de78-0] TRACE i.a.p.r.p.impl.RaftProxyConnection - PartitionProxy{2}{type=io.atomix.protocols.raft.RaftTest$TestPrimitiveType@35bfa1bb, name=raft-test} - Sending CommandRequest{session=2, sequence=41, operation=PrimitiveOperation{id=DefaultOperationId{id=write, type=COMMAND}, value=byte[]{length=17, hash=-1644578928}}} to 1
22:48:36.574 [raft-server-1] TRACE i.a.protocols.raft.roles.LeaderRole - RaftServer{1}{role=LEADER} - Received CommandRequest{session=2, sequence=41, operation=PrimitiveOperation{id=DefaultOperationId{id=write, type=COMMAND}, value=byte[]{length=17, hash=-1644578928}}}
22:48:36.574 [raft-server-1] TRACE i.a.protocols.raft.roles.LeaderRole - RaftServer{1}{role=LEADER} - Appended Indexed{index=47, entry=CommandEntry{term=1, timestamp=2018-06-07 10:48:36,574, session=2, sequence=41, operation=PrimitiveOperation{id=DefaultOperationId{id=write, type=COMMAND}, value=byte[]{length=17, hash=-1644578928}}}}
22:48:36.579 [raft-server-2] TRACE i.a.p.raft.roles.FollowerRole - RaftServer{2}{role=FOLLOWER} - Received AppendRequest{term=1, leader=1, prevLogIndex=46, prevLogTerm=1, entries=0, commitIndex=46}
22:48:36.579 [raft-server-2-state] TRACE i.a.p.raft.impl.RaftServiceManager - RaftServer{2} - Applying Indexed{index=46, entry=CommandEntry{term=1, timestamp=2018-06-07 10:48:36,383, session=2, sequence=40, operation=PrimitiveOperation{id=DefaultOperationId{id=write, type=COMMAND}, value=byte[]{length=17, hash=-1644578928}}}}
22:48:36.579 [raft-server-2] TRACE i.a.p.raft.roles.FollowerRole - RaftServer{2}{role=FOLLOWER} - Sending AppendResponse{status=OK, term=1, succeeded=true, lastLogIndex=46}
22:48:36.579 [raft-server-2-state] TRACE i.a.p.s.impl.DefaultServiceExecutor - PrimitiveService{2}{type=io.atomix.protocols.raft.RaftTest$TestPrimitiveType@2d95571d, name=raft-test} - Executing DefaultCommit{index=46, session=RaftSession{RaftServiceContext{server=2, type=io.atomix.protocols.raft.RaftTest$TestPrimitiveType@2d95571d, name=raft-test, id=2}, session=2, timestamp=2018-06-07 10:48:36,383}, time=2018-06-07 10:48:36,383, operation=DefaultOperationId{id=write, type=COMMAND}, value=byte[]{length=17, hash=-1644578928}}
22:48:36.579 [raft-server-1] TRACE i.a.p.raft.roles.LeaderAppender - RaftServer{1} - Received AppendResponse{status=OK, term=1, succeeded=true, lastLogIndex=46} from 2
22:48:36.580 [raft-server-1] TRACE i.a.p.raft.roles.LeaderAppender - RaftServer{1} - Sending AppendRequest{term=1, leader=1, prevLogIndex=46, prevLogTerm=1, entries=1, commitIndex=46} to 2
22:48:36.580 [raft-server-2] TRACE i.a.p.raft.roles.FollowerRole - RaftServer{2}{role=FOLLOWER} - Received AppendRequest{term=1, leader=1, prevLogIndex=46, prevLogTerm=1, entries=1, commitIndex=46}
22:48:36.580 [raft-server-2] TRACE i.a.p.raft.roles.FollowerRole - RaftServer{2}{role=FOLLOWER} - Appended Indexed{index=47, entry=CommandEntry{term=1, timestamp=2018-06-07 10:48:36,574, session=2, sequence=41, operation=PrimitiveOperation{id=DefaultOperationId{id=write, type=COMMAND}, value=byte[]{length=17, hash=-1644578928}}}}
22:48:36.580 [raft-server-2] TRACE i.a.p.raft.roles.FollowerRole - RaftServer{2}{role=FOLLOWER} - Sending AppendResponse{status=OK, term=1, succeeded=true, lastLogIndex=47}
22:48:36.580 [raft-server-1] TRACE i.a.p.raft.roles.LeaderAppender - RaftServer{1} - Received AppendResponse{status=OK, term=1, succeeded=true, lastLogIndex=47} from 2
22:48:36.580 [raft-server-1] TRACE i.a.p.raft.roles.LeaderAppender - RaftServer{1} - Committed entries up to 47
22:48:36.640 [raft-server-3] TRACE i.a.p.raft.roles.FollowerRole - RaftServer{3}{role=FOLLOWER} - Committed entries up to index 46
22:48:36.640 [raft-server-3] TRACE i.a.p.raft.roles.FollowerRole - RaftServer{3}{role=FOLLOWER} - Sending AppendResponse{status=OK, term=1, succeeded=true, lastLogIndex=46}
22:48:36.640 [raft-server-3-state] TRACE i.a.p.raft.impl.RaftServiceManager - RaftServer{3} - Applying Indexed{index=46, entry=CommandEntry{term=1, timestamp=2018-06-07 10:48:36,383, session=2, sequence=40, operation=PrimitiveOperation{id=DefaultOperationId{id=write, type=COMMAND}, value=byte[]{length=17, hash=-1644578928}}}}
22:48:36.640 [raft-server-3-state] TRACE i.a.p.s.impl.DefaultServiceExecutor - PrimitiveService{2}{type=io.atomix.protocols.raft.RaftTest$TestPrimitiveType@64a1ae5, name=raft-test} - Executing DefaultCommit{index=46, session=RaftSession{RaftServiceContext{server=3, type=io.atomix.protocols.raft.RaftTest$TestPrimitiveType@64a1ae5, name=raft-test, id=2}, session=2, timestamp=2018-06-07 10:48:36,383}, time=2018-06-07 10:48:36,383, operation=DefaultOperationId{id=write, type=COMMAND}, value=byte[]{length=17, hash=-1644578928}}
22:48:36.770 [raft-server-1] TRACE i.a.p.raft.roles.LeaderAppender - RaftServer{1} - Received AppendResponse{status=OK, term=1, succeeded=true, lastLogIndex=46} from 3
22:48:36.770 [raft-server-1] TRACE i.a.p.raft.roles.LeaderAppender - RaftServer{1} - Sending AppendRequest{term=1, leader=1, prevLogIndex=46, prevLogTerm=1, entries=1, commitIndex=47} to 3
22:48:36.770 [raft-server-3] TRACE i.a.p.raft.roles.FollowerRole - RaftServer{3}{role=FOLLOWER} - Received AppendRequest{term=1, leader=1, prevLogIndex=46, prevLogTerm=1, entries=1, commitIndex=47}
22:48:36.770 [raft-server-1] TRACE i.a.p.raft.roles.LeaderAppender - RaftServer{1} - Sending AppendRequest{term=1, leader=1, prevLogIndex=47, prevLogTerm=1, entries=0, commitIndex=47} to 2
22:48:36.770 [raft-server-2] TRACE i.a.p.raft.roles.FollowerRole - RaftServer{2}{role=FOLLOWER} - Received AppendRequest{term=1, leader=1, prevLogIndex=47, prevLogTerm=1, entries=0, commitIndex=47}
22:48:36.770 [raft-server-1-state] TRACE i.a.p.raft.impl.RaftServiceManager - RaftServer{1} - Applying Indexed{index=47, entry=CommandEntry{term=1, timestamp=2018-06-07 10:48:36,574, session=2, sequence=41, operation=PrimitiveOperation{id=DefaultOperationId{id=write, type=COMMAND}, value=byte[]{length=17, hash=-1644578928}}}}
22:48:36.770 [raft-server-1-state] TRACE i.a.p.s.impl.DefaultServiceExecutor - PrimitiveService{2}{type=io.atomix.protocols.raft.RaftTest$TestPrimitiveType@761d7cf3, name=raft-test} - Executing DefaultCommit{index=47, session=RaftSession{RaftServiceContext{server=1, type=io.atomix.protocols.raft.RaftTest$TestPrimitiveType@761d7cf3, name=raft-test, id=2}, session=2, timestamp=2018-06-07 10:48:36,574}, time=2018-06-07 10:48:36,574, operation=DefaultOperationId{id=write, type=COMMAND}, value=byte[]{length=17, hash=-1644578928}}
22:48:36.770 [raft-server-3] TRACE i.a.p.raft.roles.FollowerRole - RaftServer{3}{role=FOLLOWER} - Appended Indexed{index=47, entry=CommandEntry{term=1, timestamp=2018-06-07 10:48:36,574, session=2, sequence=41, operation=PrimitiveOperation{id=DefaultOperationId{id=write, type=COMMAND}, value=byte[]{length=17, hash=-1644578928}}}}
22:48:36.770 [raft-server-1] TRACE i.a.protocols.raft.roles.LeaderRole - RaftServer{1}{role=LEADER} - Sending CommandResponse{status=OK, index=47, eventIndex=2, result=byte[]{length=2, hash=1334}}
22:48:36.771 [raft-client-bd74d86e-809c-4ed1-87a8-2ec3ff75de78-2] TRACE i.a.p.r.p.impl.RaftProxyConnection - PartitionProxy{2}{type=io.atomix.protocols.raft.RaftTest$TestPrimitiveType@35bfa1bb, name=raft-test} - Received CommandResponse{status=OK, index=47, eventIndex=2, result=byte[]{length=2, hash=1334}} from 1
22:48:36.771 [raft-client-bd74d86e-809c-4ed1-87a8-2ec3ff75de78-2] TRACE i.a.p.r.p.impl.RaftProxySequencer - PartitionProxy{2}{type=io.atomix.protocols.raft.RaftTest$TestPrimitiveType@35bfa1bb, name=raft-test} - Completing response CommandResponse{status=OK, index=47, eventIndex=2, result=byte[]{length=2, hash=1334}}
22:48:36.771 [raft-client-bd74d86e-809c-4ed1-87a8-2ec3ff75de78-5] TRACE i.a.p.r.p.impl.RaftProxyConnection - PartitionProxy{2}{type=io.atomix.protocols.raft.RaftTest$TestPrimitiveType@35bfa1bb, name=raft-test} - Sending CommandRequest{session=2, sequence=42, operation=PrimitiveOperation{id=DefaultOperationId{id=write, type=COMMAND}, value=byte[]{length=17, hash=-1644578928}}} to 1
22:48:36.771 [raft-server-1] TRACE i.a.protocols.raft.roles.LeaderRole - RaftServer{1}{role=LEADER} - Received CommandRequest{session=2, sequence=42, operation=PrimitiveOperation{id=DefaultOperationId{id=write, type=COMMAND}, value=byte[]{length=17, hash=-1644578928}}}
22:48:36.771 [raft-server-1] TRACE i.a.protocols.raft.roles.LeaderRole - RaftServer{1}{role=LEADER} - Appended Indexed{index=48, entry=CommandEntry{term=1, timestamp=2018-06-07 10:48:36,771, session=2, sequence=42, operation=PrimitiveOperation{id=DefaultOperationId{id=write, type=COMMAND}, value=byte[]{length=17, hash=-1644578928}}}}
22:48:36.823 [raft-server-2] TRACE i.a.p.raft.roles.FollowerRole - RaftServer{2}{role=FOLLOWER} - Committed entries up to index 47
22:48:36.823 [raft-server-2] TRACE i.a.p.raft.roles.FollowerRole - RaftServer{2}{role=FOLLOWER} - Sending AppendResponse{status=OK, term=1, succeeded=true, lastLogIndex=47}
22:48:36.823 [raft-server-1] TRACE i.a.p.raft.roles.LeaderAppender - RaftServer{1} - Received AppendResponse{status=OK, term=1, succeeded=true, lastLogIndex=47} from 2
22:48:36.823 [raft-server-1] TRACE i.a.p.raft.roles.LeaderAppender - RaftServer{1} - Sending AppendRequest{term=1, leader=1, prevLogIndex=47, prevLogTerm=1, entries=1, commitIndex=47} to 2
22:48:36.823 [raft-server-2-state] TRACE i.a.p.raft.impl.RaftServiceManager - RaftServer{2} - Applying Indexed{index=47, entry=CommandEntry{term=1, timestamp=2018-06-07 10:48:36,574, session=2, sequence=41, operation=PrimitiveOperation{id=DefaultOperationId{id=write, type=COMMAND}, value=byte[]{length=17, hash=-1644578928}}}}
22:48:36.823 [raft-server-2] TRACE i.a.p.raft.roles.FollowerRole - RaftServer{2}{role=FOLLOWER} - Received AppendRequest{term=1, leader=1, prevLogIndex=47, prevLogTerm=1, entries=1, commitIndex=47}
22:48:36.823 [raft-server-1] TRACE i.a.p.raft.roles.LeaderAppender - RaftServer{1} - Sending AppendRequest{term=1, leader=1, prevLogIndex=47, prevLogTerm=1, entries=1, commitIndex=47} to 3
22:48:36.823 [raft-server-2-state] TRACE i.a.p.s.impl.DefaultServiceExecutor - PrimitiveService{2}{type=io.atomix.protocols.raft.RaftTest$TestPrimitiveType@2d95571d, name=raft-test} - Executing DefaultCommit{index=47, session=RaftSession{RaftServiceContext{server=2, type=io.atomix.protocols.raft.RaftTest$TestPrimitiveType@2d95571d, name=raft-test, id=2}, session=2, timestamp=2018-06-07 10:48:36,574}, time=2018-06-07 10:48:36,574, operation=DefaultOperationId{id=write, type=COMMAND}, value=byte[]{length=17, hash=-1644578928}}
22:48:36.824 [raft-server-2] TRACE i.a.p.raft.roles.FollowerRole - RaftServer{2}{role=FOLLOWER} - Appended Indexed{index=48, entry=CommandEntry{term=1, timestamp=2018-06-07 10:48:36,771, session=2, sequence=42, operation=PrimitiveOperation{id=DefaultOperationId{id=write, type=COMMAND}, value=byte[]{length=17, hash=-1644578928}}}}
22:48:36.824 [raft-server-2] TRACE i.a.p.raft.roles.FollowerRole - RaftServer{2}{role=FOLLOWER} - Sending AppendResponse{status=OK, term=1, succeeded=true, lastLogIndex=48}
22:48:36.824 [raft-server-1] TRACE i.a.p.raft.roles.LeaderAppender - RaftServer{1} - Received AppendResponse{status=OK, term=1, succeeded=true, lastLogIndex=48} from 2
22:48:36.824 [raft-server-1] TRACE i.a.p.raft.roles.LeaderAppender - RaftServer{1} - Committed entries up to 48
22:48:36.853 [raft-server-3] TRACE i.a.p.raft.roles.FollowerRole - RaftServer{3}{role=FOLLOWER} - Committed entries up to index 47
22:48:36.853 [raft-server-3] TRACE i.a.p.raft.roles.FollowerRole - RaftServer{3}{role=FOLLOWER} - Sending AppendResponse{status=OK, term=1, succeeded=true, lastLogIndex=47}
22:48:36.853 [raft-server-3] TRACE i.a.p.raft.roles.FollowerRole - RaftServer{3}{role=FOLLOWER} - Received AppendRequest{term=1, leader=1, prevLogIndex=47, prevLogTerm=1, entries=1, commitIndex=47}
22:48:36.853 [raft-server-3] TRACE i.a.p.raft.roles.FollowerRole - RaftServer{3}{role=FOLLOWER} - Appended Indexed{index=48, entry=CommandEntry{term=1, timestamp=2018-06-07 10:48:36,771, session=2, sequence=42, operation=PrimitiveOperation{id=DefaultOperationId{id=write, type=COMMAND}, value=byte[]{length=17, hash=-1644578928}}}}
22:48:36.853 [raft-server-3] TRACE i.a.p.raft.roles.FollowerRole - RaftServer{3}{role=FOLLOWER} - Sending AppendResponse{status=OK, term=1, succeeded=true, lastLogIndex=48}
22:48:36.853 [raft-server-3-state] TRACE i.a.p.raft.impl.RaftServiceManager - RaftServer{3} - Applying Indexed{index=47, entry=CommandEntry{term=1, timestamp=2018-06-07 10:48:36,574, session=2, sequence=41, operation=PrimitiveOperation{id=DefaultOperationId{id=write, type=COMMAND}, value=byte[]{length=17, hash=-1644578928}}}}
22:48:36.853 [raft-server-3-state] TRACE i.a.p.s.impl.DefaultServiceExecutor - PrimitiveService{2}{type=io.atomix.protocols.raft.RaftTest$TestPrimitiveType@64a1ae5, name=raft-test} - Executing DefaultCommit{index=47, session=RaftSession{RaftServiceContext{server=3, type=io.atomix.protocols.raft.RaftTest$TestPrimitiveType@64a1ae5, name=raft-test, id=2}, session=2, timestamp=2018-06-07 10:48:36,574}, time=2018-06-07 10:48:36,574, operation=DefaultOperationId{id=write, type=COMMAND}, value=byte[]{length=17, hash=-1644578928}}
22:48:36.878 [raft-server-1] TRACE i.a.p.raft.roles.LeaderAppender - RaftServer{1} - Received AppendResponse{status=OK, term=1, succeeded=true, lastLogIndex=47} from 3
22:48:36.878 [raft-server-1] TRACE i.a.p.raft.roles.LeaderAppender - RaftServer{1} - Received AppendResponse{status=OK, term=1, succeeded=true, lastLogIndex=48} from 3
22:48:36.878 [raft-server-1-state] TRACE i.a.p.raft.impl.RaftServiceManager - RaftServer{1} - Applying Indexed{index=48, entry=CommandEntry{term=1, timestamp=2018-06-07 10:48:36,771, session=2, sequence=42, operation=PrimitiveOperation{id=DefaultOperationId{id=write, type=COMMAND}, value=byte[]{length=17, hash=-1644578928}}}}
22:48:36.878 [raft-server-1-state] TRACE i.a.p.s.impl.DefaultServiceExecutor - PrimitiveService{2}{type=io.atomix.protocols.raft.RaftTest$TestPrimitiveType@761d7cf3, name=raft-test} - Executing DefaultCommit{index=48, session=RaftSession{RaftServiceContext{server=1, type=io.atomix.protocols.raft.RaftTest$TestPrimitiveType@761d7cf3, name=raft-test, id=2}, session=2, timestamp=2018-06-07 10:48:36,771}, time=2018-06-07 10:48:36,771, operation=DefaultOperationId{id=write, type=COMMAND}, value=byte[]{length=17, hash=-1644578928}}
22:48:36.879 [raft-server-1-state] TRACE i.a.protocols.raft.roles.LeaderRole - RaftServer{1}{role=LEADER} - Sending CommandResponse{status=OK, index=48, eventIndex=2, result=byte[]{length=2, hash=1336}}
22:48:36.879 [raft-client-bd74d86e-809c-4ed1-87a8-2ec3ff75de78-1] TRACE i.a.p.r.p.impl.RaftProxyConnection - PartitionProxy{2}{type=io.atomix.protocols.raft.RaftTest$TestPrimitiveType@35bfa1bb, name=raft-test} - Received CommandResponse{status=OK, index=48, eventIndex=2, result=byte[]{length=2, hash=1336}} from 1
22:48:36.879 [raft-client-bd74d86e-809c-4ed1-87a8-2ec3ff75de78-1] TRACE i.a.p.r.p.impl.RaftProxySequencer - PartitionProxy{2}{type=io.atomix.protocols.raft.RaftTest$TestPrimitiveType@35bfa1bb, name=raft-test} - Completing response CommandResponse{status=OK, index=48, eventIndex=2, result=byte[]{length=2, hash=1336}}
22:48:36.879 [raft-client-bd74d86e-809c-4ed1-87a8-2ec3ff75de78-1] TRACE i.a.p.r.p.impl.RaftProxyConnection - PartitionProxy{2}{type=io.atomix.protocols.raft.RaftTest$TestPrimitiveType@35bfa1bb, name=raft-test} - Sending CommandRequest{session=2, sequence=43, operation=PrimitiveOperation{id=DefaultOperationId{id=write, type=COMMAND}, value=byte[]{length=17, hash=-1644578928}}} to 1
22:48:36.879 [raft-server-1] TRACE i.a.protocols.raft.roles.LeaderRole - RaftServer{1}{role=LEADER} - Received CommandRequest{session=2, sequence=43, operation=PrimitiveOperation{id=DefaultOperationId{id=write, type=COMMAND}, value=byte[]{length=17, hash=-1644578928}}}
22:48:36.879 [raft-server-1] TRACE i.a.protocols.raft.roles.LeaderRole - RaftServer{1}{role=LEADER} - Appended Indexed{index=49, entry=CommandEntry{term=1, timestamp=2018-06-07 10:48:36,879, session=2, sequence=43, operation=PrimitiveOperation{id=DefaultOperationId{id=write, type=COMMAND}, value=byte[]{length=17, hash=-1644578928}}}}
22:48:36.879 [raft-server-1] TRACE i.a.p.raft.roles.LeaderAppender - RaftServer{1} - Sending AppendRequest{term=1, leader=1, prevLogIndex=48, prevLogTerm=1, entries=1, commitIndex=48} to 3
22:48:36.880 [raft-server-3] TRACE i.a.p.raft.roles.FollowerRole - RaftServer{3}{role=FOLLOWER} - Received AppendRequest{term=1, leader=1, prevLogIndex=48, prevLogTerm=1, entries=1, commitIndex=48}
22:48:36.880 [raft-server-1] TRACE i.a.p.raft.roles.LeaderAppender - RaftServer{1} - Sending AppendRequest{term=1, leader=1, prevLogIndex=48, prevLogTerm=1, entries=1, commitIndex=48} to 2
22:48:36.880 [raft-server-2] TRACE i.a.p.raft.roles.FollowerRole - RaftServer{2}{role=FOLLOWER} - Received AppendRequest{term=1, leader=1, prevLogIndex=48, prevLogTerm=1, entries=1, commitIndex=48}
22:48:36.880 [raft-server-3] TRACE i.a.p.raft.roles.FollowerRole - RaftServer{3}{role=FOLLOWER} - Appended Indexed{index=49, entry=CommandEntry{term=1, timestamp=2018-06-07 10:48:36,879, session=2, sequence=43, operation=PrimitiveOperation{id=DefaultOperationId{id=write, type=COMMAND}, value=byte[]{length=17, hash=-1644578928}}}}
22:48:36.880 [raft-server-2] TRACE i.a.p.raft.roles.FollowerRole - RaftServer{2}{role=FOLLOWER} - Appended Indexed{index=49, entry=CommandEntry{term=1, timestamp=2018-06-07 10:48:36,879, session=2, sequence=43, operation=PrimitiveOperation{id=DefaultOperationId{id=write, type=COMMAND}, value=byte[]{length=17, hash=-1644578928}}}}
22:48:36.923 [raft-server-3] TRACE i.a.p.raft.roles.FollowerRole - RaftServer{3}{role=FOLLOWER} - Committed entries up to index 48
22:48:36.923 [raft-server-2] TRACE i.a.p.raft.roles.FollowerRole - RaftServer{2}{role=FOLLOWER} - Committed entries up to index 48
22:48:36.923 [raft-server-3] TRACE i.a.p.raft.roles.FollowerRole - RaftServer{3}{role=FOLLOWER} - Sending AppendResponse{status=OK, term=1, succeeded=true, lastLogIndex=49}
22:48:36.923 [raft-server-1] TRACE i.a.p.raft.roles.LeaderAppender - RaftServer{1} - Received AppendResponse{status=OK, term=1, succeeded=true, lastLogIndex=49} from 3
22:48:36.923 [raft-server-1] TRACE i.a.p.raft.roles.LeaderAppender - RaftServer{1} - Committed entries up to 49
22:48:36.924 [raft-server-2] TRACE i.a.p.raft.roles.FollowerRole - RaftServer{2}{role=FOLLOWER} - Sending AppendResponse{status=OK, term=1, succeeded=true, lastLogIndex=49}
22:48:36.924 [raft-server-3-state] TRACE i.a.p.raft.impl.RaftServiceManager - RaftServer{3} - Applying Indexed{index=48, entry=CommandEntry{term=1, timestamp=2018-06-07 10:48:36,771, session=2, sequence=42, operation=PrimitiveOperation{id=DefaultOperationId{id=write, type=COMMAND}, value=byte[]{length=17, hash=-1644578928}}}}
22:48:36.924 [raft-server-3-state] TRACE i.a.p.s.impl.DefaultServiceExecutor - PrimitiveService{2}{type=io.atomix.protocols.raft.RaftTest$TestPrimitiveType@64a1ae5, name=raft-test} - Executing DefaultCommit{index=48, session=RaftSession{RaftServiceContext{server=3, type=io.atomix.protocols.raft.RaftTest$TestPrimitiveType@64a1ae5, name=raft-test, id=2}, session=2, timestamp=2018-06-07 10:48:36,771}, time=2018-06-07 10:48:36,771, operation=DefaultOperationId{id=write, type=COMMAND}, value=byte[]{length=17, hash=-1644578928}}
22:48:36.924 [raft-server-2-state] TRACE i.a.p.raft.impl.RaftServiceManager - RaftServer{2} - Applying Indexed{index=48, entry=CommandEntry{term=1, timestamp=2018-06-07 10:48:36,771, session=2, sequence=42, operation=PrimitiveOperation{id=DefaultOperationId{id=write, type=COMMAND}, value=byte[]{length=17, hash=-1644578928}}}}
22:48:36.924 [raft-server-2-state] TRACE i.a.p.s.impl.DefaultServiceExecutor - PrimitiveService{2}{type=io.atomix.protocols.raft.RaftTest$TestPrimitiveType@2d95571d, name=raft-test} - Executing DefaultCommit{index=48, session=RaftSession{RaftServiceContext{server=2, type=io.atomix.protocols.raft.RaftTest$TestPrimitiveType@2d95571d, name=raft-test, id=2}, session=2, timestamp=2018-06-07 10:48:36,771}, time=2018-06-07 10:48:36,771, operation=DefaultOperationId{id=write, type=COMMAND}, value=byte[]{length=17, hash=-1644578928}}
22:48:36.981 [raft-server-1] TRACE i.a.p.raft.roles.LeaderAppender - RaftServer{1} - Received AppendResponse{status=OK, term=1, succeeded=true, lastLogIndex=49} from 2
22:48:36.981 [raft-server-1-state] TRACE i.a.p.raft.impl.RaftServiceManager - RaftServer{1} - Applying Indexed{index=49, entry=CommandEntry{term=1, timestamp=2018-06-07 10:48:36,879, session=2, sequence=43, operation=PrimitiveOperation{id=DefaultOperationId{id=write, type=COMMAND}, value=byte[]{length=17, hash=-1644578928}}}}
22:48:36.982 [raft-server-1-state] TRACE i.a.p.s.impl.DefaultServiceExecutor - PrimitiveService{2}{type=io.atomix.protocols.raft.RaftTest$TestPrimitiveType@761d7cf3, name=raft-test} - Executing DefaultCommit{index=49, session=RaftSession{RaftServiceContext{server=1, type=io.atomix.protocols.raft.RaftTest$TestPrimitiveType@761d7cf3, name=raft-test, id=2}, session=2, timestamp=2018-06-07 10:48:36,879}, time=2018-06-07 10:48:36,879, operation=DefaultOperationId{id=write, type=COMMAND}, value=byte[]{length=17, hash=-1644578928}}
22:48:36.982 [raft-server-1-state] TRACE i.a.protocols.raft.roles.LeaderRole - RaftServer{1}{role=LEADER} - Sending CommandResponse{status=OK, index=49, eventIndex=2, result=byte[]{length=2, hash=1338}}
22:48:36.982 [raft-client-bd74d86e-809c-4ed1-87a8-2ec3ff75de78-5] TRACE i.a.p.r.p.impl.RaftProxyConnection - PartitionProxy{2}{type=io.atomix.protocols.raft.RaftTest$TestPrimitiveType@35bfa1bb, name=raft-test} - Received CommandResponse{status=OK, index=49, eventIndex=2, result=byte[]{length=2, hash=1338}} from 1
22:48:36.982 [raft-client-bd74d86e-809c-4ed1-87a8-2ec3ff75de78-5] TRACE i.a.p.r.p.impl.RaftProxySequencer - PartitionProxy{2}{type=io.atomix.protocols.raft.RaftTest$TestPrimitiveType@35bfa1bb, name=raft-test} - Completing response CommandResponse{status=OK, index=49, eventIndex=2, result=byte[]{length=2, hash=1338}}
22:48:36.982 [raft-client-bd74d86e-809c-4ed1-87a8-2ec3ff75de78-5] TRACE i.a.p.r.p.impl.RaftProxyConnection - PartitionProxy{2}{type=io.atomix.protocols.raft.RaftTest$TestPrimitiveType@35bfa1bb, name=raft-test} - Sending CommandRequest{session=2, sequence=44, operation=PrimitiveOperation{id=DefaultOperationId{id=write, type=COMMAND}, value=byte[]{length=17, hash=-1644578928}}} to 1
22:48:36.982 [raft-server-1] TRACE i.a.protocols.raft.roles.LeaderRole - RaftServer{1}{role=LEADER} - Received CommandRequest{session=2, sequence=44, operation=PrimitiveOperation{id=DefaultOperationId{id=write, type=COMMAND}, value=byte[]{length=17, hash=-1644578928}}}
22:48:36.982 [raft-server-1] TRACE i.a.protocols.raft.roles.LeaderRole - RaftServer{1}{role=LEADER} - Appended Indexed{index=50, entry=CommandEntry{term=1, timestamp=2018-06-07 10:48:36,982, session=2, sequence=44, operation=PrimitiveOperation{id=DefaultOperationId{id=write, type=COMMAND}, value=byte[]{length=17, hash=-1644578928}}}}
22:48:36.983 [raft-server-1] TRACE i.a.p.raft.roles.LeaderAppender - RaftServer{1} - Sending AppendRequest{term=1, leader=1, prevLogIndex=49, prevLogTerm=1, entries=1, commitIndex=49} to 3
22:48:36.983 [raft-server-3] TRACE i.a.p.raft.roles.FollowerRole - RaftServer{3}{role=FOLLOWER} - Received AppendRequest{term=1, leader=1, prevLogIndex=49, prevLogTerm=1, entries=1, commitIndex=49}
22:48:36.983 [raft-server-1] TRACE i.a.p.raft.roles.LeaderAppender - RaftServer{1} - Sending AppendRequest{term=1, leader=1, prevLogIndex=49, prevLogTerm=1, entries=1, commitIndex=49} to 2
22:48:36.983 [raft-server-2] TRACE i.a.p.raft.roles.FollowerRole - RaftServer{2}{role=FOLLOWER} - Received AppendRequest{term=1, leader=1, prevLogIndex=49, prevLogTerm=1, entries=1, commitIndex=49}
22:48:36.983 [raft-server-3] TRACE i.a.p.raft.roles.FollowerRole - RaftServer{3}{role=FOLLOWER} - Appended Indexed{index=50, entry=CommandEntry{term=1, timestamp=2018-06-07 10:48:36,982, session=2, sequence=44, operation=PrimitiveOperation{id=DefaultOperationId{id=write, type=COMMAND}, value=byte[]{length=17, hash=-1644578928}}}}
22:48:36.983 [raft-server-2] TRACE i.a.p.raft.roles.FollowerRole - RaftServer{2}{role=FOLLOWER} - Appended Indexed{index=50, entry=CommandEntry{term=1, timestamp=2018-06-07 10:48:36,982, session=2, sequence=44, operation=PrimitiveOperation{id=DefaultOperationId{id=write, type=COMMAND}, value=byte[]{length=17, hash=-1644578928}}}}
22:48:36.999 [raft-server-1] DEBUG i.a.p.raft.impl.RaftServiceManager - RaftServer{1} - Snapshotting services
22:48:36.999 [raft-server-1-state] DEBUG i.a.p.r.s.snapshot.SnapshotStore - Created memory snapshot: MemorySnapshot{index=49}
22:48:36.999 [raft-server-1-state] TRACE i.a.utils.serializer.KryoNamespace - Creating Kryo instance for KryoNamespace{registeredBlocks=[RegistrationBlock{begin=16, types=[([Ljava.lang.Class;@6b321262,null), ([Ljava.lang.Class;@68b11545,null), ([Ljava.lang.Class;@7d0100ea,null), ([Ljava.lang.Class;@357bc488,null), ([Ljava.lang.Class;@4ea17147,io.atomix.utils.serializer.serializers.ImmutableListSerializer@2eda4eeb), ([Ljava.lang.Class;@5ba90d8a,io.atomix.utils.serializer.serializers.ImmutableSetSerializer@309dcdf3), ([Ljava.lang.Class;@7573b9ee,io.atomix.utils.serializer.serializers.ImmutableMapSerializer@9a20cbd), ([Ljava.lang.Class;@1af4955e,null), ([Ljava.lang.Class;@445821a6,null), ([Ljava.lang.Class;@2c0c4c0a,null), ([Ljava.lang.Class;@35d26ad2,null), ([Ljava.lang.Class;@bb25753,null), ([Ljava.lang.Class;@ee21292,null), ([Ljava.lang.Class;@40c06358,null), ([Ljava.lang.Class;@66e21568,null), ([Ljava.lang.Class;@7f73ce28,null), ([Ljava.lang.Class;@611b35d6,null), ([Ljava.lang.Class;@2282400e,null), ([Ljava.lang.Class;@543d5863,null), ([Ljava.lang.Class;@35dece42,null), ([Ljava.lang.Class;@dd3f8aa,io.atomix.utils.serializer.serializers.ArraysAsListSerializer@3d615b2e), ([Ljava.lang.Class;@3a1f2a1,null), ([Ljava.lang.Class;@40ce9049,null), ([Ljava.lang.Class;@52ca2652,null), ([Ljava.lang.Class;@65c5bf0e,null), ([Ljava.lang.Class;@697d6ded,null), ([Ljava.lang.Class;@5d05f453,null), ([Ljava.lang.Class;@5efeb117,null), ([Ljava.lang.Class;@160b4809,null), ([Ljava.lang.Class;@149b4d20,null), ([Ljava.lang.Class;@664e848c,null), ([Ljava.lang.Class;@4d93f75b,null), ([Ljava.lang.Class;@114a5e0,null), ([Ljava.lang.Class;@4f281aaf,null), ([Ljava.lang.Class;@5d508d22,null), ([Ljava.lang.Class;@f2b90fc,null)]}, RegistrationBlock{begin=52, types=[([Ljava.lang.Class;@bd59cd1,null)]}]}
22:48:37.000 [raft-server-1-state] TRACE i.a.utils.serializer.KryoNamespace - class [B registered as 16
22:48:37.000 [raft-server-1-state] TRACE i.a.utils.serializer.KryoNamespace - class java.util.concurrent.atomic.AtomicBoolean registered as 17
22:48:37.000 [raft-server-1-state] TRACE i.a.utils.serializer.KryoNamespace - class java.util.concurrent.atomic.AtomicInteger registered as 18
22:48:37.000 [raft-server-1-state] TRACE i.a.utils.serializer.KryoNamespace - class java.util.concurrent.atomic.AtomicLong registered as 19
22:48:37.000 [raft-server-1-state] TRACE i.a.utils.serializer.KryoNamespace - class com.google.common.collect.ImmutableList registered as 20
22:48:37.000 [raft-server-1-state] TRACE i.a.utils.serializer.KryoNamespace - class com.google.common.collect.RegularImmutableList registered as 20
22:48:37.000 [raft-server-1-state] TRACE i.a.utils.serializer.KryoNamespace - class com.google.common.collect.RegularImmutableList registered as 20
22:48:37.000 [raft-server-1-state] TRACE i.a.utils.serializer.KryoNamespace - class com.google.common.collect.ImmutableList$SubList registered as 20
22:48:37.000 [raft-server-1-state] TRACE i.a.utils.serializer.KryoNamespace - class com.google.common.collect.ImmutableSet registered as 21
22:48:37.000 [raft-server-1-state] TRACE i.a.utils.serializer.KryoNamespace - class com.google.common.collect.RegularImmutableSet registered as 21
22:48:37.000 [raft-server-1-state] TRACE i.a.utils.serializer.KryoNamespace - class com.google.common.collect.SingletonImmutableSet registered as 21
22:48:37.000 [raft-server-1-state] TRACE i.a.utils.serializer.KryoNamespace - class com.google.common.collect.RegularImmutableSet registered as 21
22:48:37.000 [raft-server-1-state] TRACE i.a.utils.serializer.KryoNamespace - class com.google.common.collect.ImmutableMap registered as 22
22:48:37.000 [raft-server-1-state] TRACE i.a.utils.serializer.KryoNamespace - class com.google.common.collect.RegularImmutableMap registered as 22
22:48:37.000 [raft-server-1-state] TRACE i.a.utils.serializer.KryoNamespace - class com.google.common.collect.RegularImmutableMap registered as 22
22:48:37.000 [raft-server-1-state] TRACE i.a.utils.serializer.KryoNamespace - class com.google.common.collect.RegularImmutableMap registered as 22
22:48:37.000 [raft-server-1-state] TRACE i.a.utils.serializer.KryoNamespace - class java.util.Collections$UnmodifiableSet registered as 23
22:48:37.000 [raft-server-1-state] TRACE i.a.utils.serializer.KryoNamespace - class java.util.HashMap registered as 24
22:48:37.000 [raft-server-1-state] TRACE i.a.utils.serializer.KryoNamespace - class java.util.concurrent.ConcurrentHashMap registered as 25
22:48:37.000 [raft-server-1-state] TRACE i.a.utils.serializer.KryoNamespace - class java.util.concurrent.CopyOnWriteArraySet registered as 26
22:48:37.000 [raft-server-1-state] TRACE i.a.utils.serializer.KryoNamespace - class java.util.ArrayList registered as 27
22:48:37.000 [raft-server-1-state] TRACE i.a.utils.serializer.KryoNamespace - class java.util.LinkedList registered as 28
22:48:37.000 [raft-server-1-state] TRACE i.a.utils.serializer.KryoNamespace - class java.util.HashSet registered as 29
22:48:37.000 [raft-server-1-state] TRACE i.a.utils.serializer.KryoNamespace - class java.util.LinkedHashSet registered as 30
22:48:37.000 [raft-server-1-state] TRACE i.a.utils.serializer.KryoNamespace - class com.sun.jmx.remote.internal.ArrayQueue registered as 31
22:48:37.000 [raft-server-1-state] TRACE i.a.utils.serializer.KryoNamespace - class java.util.ArrayDeque registered as 32
22:48:37.000 [raft-server-1-state] TRACE i.a.utils.serializer.KryoNamespace - class com.google.common.collect.HashMultiset registered as 33
22:48:37.000 [raft-server-1-state] TRACE i.a.utils.serializer.KryoNamespace - class com.google.common.collect.Sets registered as 34
22:48:37.000 [raft-server-1-state] TRACE i.a.utils.serializer.KryoNamespace - class com.google.common.collect.ImmutableEntry registered as 35
22:48:37.000 [raft-server-1-state] TRACE i.a.utils.serializer.KryoNamespace - class java.util.Arrays$ArrayList registered as 36
22:48:37.000 [raft-server-1-state] TRACE i.a.utils.serializer.KryoNamespace - class java.util.Collections$SingletonList registered as 37
22:48:37.000 [raft-server-1-state] TRACE i.a.utils.serializer.KryoNamespace - class java.time.Duration registered as 38
22:48:37.001 [raft-server-1-state] TRACE i.a.utils.serializer.KryoNamespace - class java.util.Collections$EmptySet registered as 39
22:48:37.001 [raft-server-1-state] TRACE i.a.utils.serializer.KryoNamespace - class java.util.Optional registered as 40
22:48:37.001 [raft-server-1-state] TRACE i.a.utils.serializer.KryoNamespace - class java.util.Collections$EmptyList registered as 41
22:48:37.001 [raft-server-1-state] TRACE i.a.utils.serializer.KryoNamespace - class java.util.Collections$SingletonSet registered as 42
22:48:37.001 [raft-server-1-state] TRACE i.a.utils.serializer.KryoNamespace - class [I registered as 43
22:48:37.001 [raft-server-1-state] TRACE i.a.utils.serializer.KryoNamespace - class [J registered as 44
22:48:37.001 [raft-server-1-state] TRACE i.a.utils.serializer.KryoNamespace - class [S registered as 45
22:48:37.001 [raft-server-1-state] TRACE i.a.utils.serializer.KryoNamespace - class [D registered as 46
22:48:37.001 [raft-server-1-state] TRACE i.a.utils.serializer.KryoNamespace - class [F registered as 47
22:48:37.001 [raft-server-1-state] TRACE i.a.utils.serializer.KryoNamespace - class [C registered as 48
22:48:37.001 [raft-server-1-state] TRACE i.a.utils.serializer.KryoNamespace - class [Ljava.lang.String; registered as 49
22:48:37.001 [raft-server-1-state] TRACE i.a.utils.serializer.KryoNamespace - class [Z registered as 50
22:48:37.001 [raft-server-1-state] TRACE i.a.utils.serializer.KryoNamespace - class [Ljava.lang.Object; registered as 51
22:48:37.001 [raft-server-1-state] TRACE i.a.utils.serializer.KryoNamespace - class io.atomix.primitive.service.ServiceConfig registered as 52
22:48:37.001 [raft-server-1-state] DEBUG i.a.p.r.service.RaftServiceContext - PrimitiveService{2}{type=io.atomix.protocols.raft.RaftTest$TestPrimitiveType@761d7cf3, name=raft-test} - Taking snapshot 49
22:48:37.001 [raft-server-1-state] TRACE i.a.utils.serializer.KryoNamespace - Creating Kryo instance for KryoNamespace{registeredBlocks=[RegistrationBlock{begin=16, types=[([Ljava.lang.Class;@6b321262,null), ([Ljava.lang.Class;@68b11545,null), ([Ljava.lang.Class;@7d0100ea,null), ([Ljava.lang.Class;@357bc488,null), ([Ljava.lang.Class;@4ea17147,io.atomix.utils.serializer.serializers.ImmutableListSerializer@2eda4eeb), ([Ljava.lang.Class;@5ba90d8a,io.atomix.utils.serializer.serializers.ImmutableSetSerializer@309dcdf3), ([Ljava.lang.Class;@7573b9ee,io.atomix.utils.serializer.serializers.ImmutableMapSerializer@9a20cbd), ([Ljava.lang.Class;@1af4955e,null), ([Ljava.lang.Class;@445821a6,null), ([Ljava.lang.Class;@2c0c4c0a,null), ([Ljava.lang.Class;@35d26ad2,null), ([Ljava.lang.Class;@bb25753,null), ([Ljava.lang.Class;@ee21292,null), ([Ljava.lang.Class;@40c06358,null), ([Ljava.lang.Class;@66e21568,null), ([Ljava.lang.Class;@7f73ce28,null), ([Ljava.lang.Class;@611b35d6,null), ([Ljava.lang.Class;@2282400e,null), ([Ljava.lang.Class;@543d5863,null), ([Ljava.lang.Class;@35dece42,null), ([Ljava.lang.Class;@dd3f8aa,io.atomix.utils.serializer.serializers.ArraysAsListSerializer@3d615b2e), ([Ljava.lang.Class;@3a1f2a1,null), ([Ljava.lang.Class;@40ce9049,null), ([Ljava.lang.Class;@52ca2652,null), ([Ljava.lang.Class;@65c5bf0e,null), ([Ljava.lang.Class;@697d6ded,null), ([Ljava.lang.Class;@5d05f453,null), ([Ljava.lang.Class;@5efeb117,null), ([Ljava.lang.Class;@160b4809,null), ([Ljava.lang.Class;@149b4d20,null), ([Ljava.lang.Class;@664e848c,null), ([Ljava.lang.Class;@4d93f75b,null), ([Ljava.lang.Class;@114a5e0,null), ([Ljava.lang.Class;@4f281aaf,null), ([Ljava.lang.Class;@5d508d22,null), ([Ljava.lang.Class;@f2b90fc,null)]}, RegistrationBlock{begin=52, types=[([Ljava.lang.Class;@7fe83cef,null)]}]}
22:48:37.001 [raft-server-1-state] TRACE i.a.utils.serializer.KryoNamespace - class [B registered as 16
22:48:37.001 [raft-server-1-state] TRACE i.a.utils.serializer.KryoNamespace - class java.util.concurrent.atomic.AtomicBoolean registered as 17
22:48:37.001 [raft-server-1-state] TRACE i.a.utils.serializer.KryoNamespace - class java.util.concurrent.atomic.AtomicInteger registered as 18
22:48:37.001 [raft-server-1-state] TRACE i.a.utils.serializer.KryoNamespace - class java.util.concurrent.atomic.AtomicLong registered as 19
22:48:37.001 [raft-server-1-state] TRACE i.a.utils.serializer.KryoNamespace - class com.google.common.collect.ImmutableList registered as 20
22:48:37.001 [raft-server-1-state] TRACE i.a.utils.serializer.KryoNamespace - class com.google.common.collect.RegularImmutableList registered as 20
22:48:37.002 [raft-server-1-state] TRACE i.a.utils.serializer.KryoNamespace - class com.google.common.collect.RegularImmutableList registered as 20
22:48:37.002 [raft-server-1-state] TRACE i.a.utils.serializer.KryoNamespace - class com.google.common.collect.ImmutableList$SubList registered as 20
22:48:37.002 [raft-server-1-state] TRACE i.a.utils.serializer.KryoNamespace - class com.google.common.collect.ImmutableSet registered as 21
22:48:37.002 [raft-server-1-state] TRACE i.a.utils.serializer.KryoNamespace - class com.google.common.collect.RegularImmutableSet registered as 21
22:48:37.002 [raft-server-1-state] TRACE i.a.utils.serializer.KryoNamespace - class com.google.common.collect.SingletonImmutableSet registered as 21
22:48:37.002 [raft-server-1-state] TRACE i.a.utils.serializer.KryoNamespace - class com.google.common.collect.RegularImmutableSet registered as 21
22:48:37.002 [raft-server-1-state] TRACE i.a.utils.serializer.KryoNamespace - class com.google.common.collect.ImmutableMap registered as 22
22:48:37.002 [raft-server-1-state] TRACE i.a.utils.serializer.KryoNamespace - class com.google.common.collect.RegularImmutableMap registered as 22
22:48:37.002 [raft-server-1-state] TRACE i.a.utils.serializer.KryoNamespace - class com.google.common.collect.RegularImmutableMap registered as 22
22:48:37.002 [raft-server-1-state] TRACE i.a.utils.serializer.KryoNamespace - class com.google.common.collect.RegularImmutableMap registered as 22
22:48:37.002 [raft-server-1-state] TRACE i.a.utils.serializer.KryoNamespace - class java.util.Collections$UnmodifiableSet registered as 23
22:48:37.002 [raft-server-1-state] TRACE i.a.utils.serializer.KryoNamespace - class java.util.HashMap registered as 24
22:48:37.002 [raft-server-1-state] TRACE i.a.utils.serializer.KryoNamespace - class java.util.concurrent.ConcurrentHashMap registered as 25
22:48:37.002 [raft-server-1-state] TRACE i.a.utils.serializer.KryoNamespace - class java.util.concurrent.CopyOnWriteArraySet registered as 26
22:48:37.002 [raft-server-1-state] TRACE i.a.utils.serializer.KryoNamespace - class java.util.ArrayList registered as 27
22:48:37.002 [raft-server-1-state] TRACE i.a.utils.serializer.KryoNamespace - class java.util.LinkedList registered as 28
22:48:37.002 [raft-server-1-state] TRACE i.a.utils.serializer.KryoNamespace - class java.util.HashSet registered as 29
22:48:37.002 [raft-server-1-state] TRACE i.a.utils.serializer.KryoNamespace - class java.util.LinkedHashSet registered as 30
22:48:37.002 [raft-server-1-state] TRACE i.a.utils.serializer.KryoNamespace - class com.sun.jmx.remote.internal.ArrayQueue registered as 31
22:48:37.002 [raft-server-1-state] TRACE i.a.utils.serializer.KryoNamespace - class java.util.ArrayDeque registered as 32
22:48:37.002 [raft-server-1-state] TRACE i.a.utils.serializer.KryoNamespace - class com.google.common.collect.HashMultiset registered as 33
22:48:37.002 [raft-server-1-state] TRACE i.a.utils.serializer.KryoNamespace - class com.google.common.collect.Sets registered as 34
22:48:37.002 [raft-server-1-state] TRACE i.a.utils.serializer.KryoNamespace - class com.google.common.collect.ImmutableEntry registered as 35
22:48:37.002 [raft-server-1-state] TRACE i.a.utils.serializer.KryoNamespace - class java.util.Arrays$ArrayList registered as 36
22:48:37.002 [raft-server-1-state] TRACE i.a.utils.serializer.KryoNamespace - class java.util.Collections$SingletonList registered as 37
22:48:37.002 [raft-server-1-state] TRACE i.a.utils.serializer.KryoNamespace - class java.time.Duration registered as 38
22:48:37.002 [raft-server-1-state] TRACE i.a.utils.serializer.KryoNamespace - class java.util.Collections$EmptySet registered as 39
22:48:37.002 [raft-server-1-state] TRACE i.a.utils.serializer.KryoNamespace - class java.util.Optional registered as 40
22:48:37.002 [raft-server-1-state] TRACE i.a.utils.serializer.KryoNamespace - class java.util.Collections$EmptyList registered as 41
22:48:37.002 [raft-server-1-state] TRACE i.a.utils.serializer.KryoNamespace - class java.util.Collections$SingletonSet registered as 42
22:48:37.002 [raft-server-1-state] TRACE i.a.utils.serializer.KryoNamespace - class [I registered as 43
22:48:37.003 [raft-server-1-state] TRACE i.a.utils.serializer.KryoNamespace - class [J registered as 44
22:48:37.003 [raft-server-1-state] TRACE i.a.utils.serializer.KryoNamespace - class [S registered as 45
22:48:37.003 [raft-server-1-state] TRACE i.a.utils.serializer.KryoNamespace - class [D registered as 46
22:48:37.003 [raft-server-1-state] TRACE i.a.utils.serializer.KryoNamespace - class [F registered as 47
22:48:37.003 [raft-server-1-state] TRACE i.a.utils.serializer.KryoNamespace - class [C registered as 48
22:48:37.003 [raft-server-1-state] TRACE i.a.utils.serializer.KryoNamespace - class [Ljava.lang.String; registered as 49
22:48:37.003 [raft-server-1-state] TRACE i.a.utils.serializer.KryoNamespace - class [Z registered as 50
22:48:37.003 [raft-server-1-state] TRACE i.a.utils.serializer.KryoNamespace - class [Ljava.lang.Object; registered as 51
22:48:37.003 [raft-server-1-state] TRACE i.a.utils.serializer.KryoNamespace - class io.atomix.primitive.service.ServiceConfig registered as 52
22:48:37.003 [raft-server-1-compaction] DEBUG i.a.p.r.s.snapshot.SnapshotStore - Created disk snapshot: FileSnapshot{index=49}
22:48:37.040 [raft-server-3] TRACE i.a.p.raft.roles.FollowerRole - RaftServer{3}{role=FOLLOWER} - Committed entries up to index 49
22:48:37.040 [raft-server-2] TRACE i.a.p.raft.roles.FollowerRole - RaftServer{2}{role=FOLLOWER} - Committed entries up to index 49
22:48:37.040 [raft-server-3] TRACE i.a.p.raft.roles.FollowerRole - RaftServer{3}{role=FOLLOWER} - Sending AppendResponse{status=OK, term=1, succeeded=true, lastLogIndex=50}
22:48:37.040 [raft-server-2] TRACE i.a.p.raft.roles.FollowerRole - RaftServer{2}{role=FOLLOWER} - Sending AppendResponse{status=OK, term=1, succeeded=true, lastLogIndex=50}
22:48:37.040 [raft-server-1] TRACE i.a.p.raft.roles.LeaderAppender - RaftServer{1} - Received AppendResponse{status=OK, term=1, succeeded=true, lastLogIndex=50} from 3
22:48:37.040 [raft-server-3-state] TRACE i.a.p.raft.impl.RaftServiceManager - RaftServer{3} - Applying Indexed{index=49, entry=CommandEntry{term=1, timestamp=2018-06-07 10:48:36,879, session=2, sequence=43, operation=PrimitiveOperation{id=DefaultOperationId{id=write, type=COMMAND}, value=byte[]{length=17, hash=-1644578928}}}}
22:48:37.040 [raft-server-1] TRACE i.a.p.raft.roles.LeaderAppender - RaftServer{1} - Committed entries up to 50
22:48:37.040 [raft-server-2-state] TRACE i.a.p.raft.impl.RaftServiceManager - RaftServer{2} - Applying Indexed{index=49, entry=CommandEntry{term=1, timestamp=2018-06-07 10:48:36,879, session=2, sequence=43, operation=PrimitiveOperation{id=DefaultOperationId{id=write, type=COMMAND}, value=byte[]{length=17, hash=-1644578928}}}}
22:48:37.040 [raft-server-3-state] TRACE i.a.p.s.impl.DefaultServiceExecutor - PrimitiveService{2}{type=io.atomix.protocols.raft.RaftTest$TestPrimitiveType@64a1ae5, name=raft-test} - Executing DefaultCommit{index=49, session=RaftSession{RaftServiceContext{server=3, type=io.atomix.protocols.raft.RaftTest$TestPrimitiveType@64a1ae5, name=raft-test, id=2}, session=2, timestamp=2018-06-07 10:48:36,879}, time=2018-06-07 10:48:36,879, operation=DefaultOperationId{id=write, type=COMMAND}, value=byte[]{length=17, hash=-1644578928}}
22:48:37.040 [raft-server-2-state] TRACE i.a.p.s.impl.DefaultServiceExecutor - PrimitiveService{2}{type=io.atomix.protocols.raft.RaftTest$TestPrimitiveType@2d95571d, name=raft-test} - Executing DefaultCommit{index=49, session=RaftSession{RaftServiceContext{server=2, type=io.atomix.protocols.raft.RaftTest$TestPrimitiveType@2d95571d, name=raft-test, id=2}, session=2, timestamp=2018-06-07 10:48:36,879}, time=2018-06-07 10:48:36,879, operation=DefaultOperationId{id=write, type=COMMAND}, value=byte[]{length=17, hash=-1644578928}}
22:48:37.115 [raft-server-1] TRACE i.a.p.raft.roles.LeaderAppender - RaftServer{1} - Sending AppendRequest{term=1, leader=1, prevLogIndex=50, prevLogTerm=1, entries=0, commitIndex=50} to 3
22:48:37.115 [raft-server-3] TRACE i.a.p.raft.roles.FollowerRole - RaftServer{3}{role=FOLLOWER} - Received AppendRequest{term=1, leader=1, prevLogIndex=50, prevLogTerm=1, entries=0, commitIndex=50}
22:48:37.115 [raft-server-1] TRACE i.a.p.raft.roles.LeaderAppender - RaftServer{1} - Received AppendResponse{status=OK, term=1, succeeded=true, lastLogIndex=50} from 2
22:48:37.115 [raft-server-1] TRACE i.a.p.raft.roles.LeaderAppender - RaftServer{1} - Sending AppendRequest{term=1, leader=1, prevLogIndex=50, prevLogTerm=1, entries=0, commitIndex=50} to 2
22:48:37.115 [raft-server-2] TRACE i.a.p.raft.roles.FollowerRole - RaftServer{2}{role=FOLLOWER} - Received AppendRequest{term=1, leader=1, prevLogIndex=50, prevLogTerm=1, entries=0, commitIndex=50}
22:48:37.115 [raft-server-2] TRACE i.a.p.raft.roles.FollowerRole - RaftServer{2}{role=FOLLOWER} - Committed entries up to index 50
22:48:37.115 [raft-server-2] TRACE i.a.p.raft.roles.FollowerRole - RaftServer{2}{role=FOLLOWER} - Sending AppendResponse{status=OK, term=1, succeeded=true, lastLogIndex=50}
22:48:37.115 [raft-server-1-state] TRACE i.a.p.raft.impl.RaftServiceManager - RaftServer{1} - Applying Indexed{index=50, entry=CommandEntry{term=1, timestamp=2018-06-07 10:48:36,982, session=2, sequence=44, operation=PrimitiveOperation{id=DefaultOperationId{id=write, type=COMMAND}, value=byte[]{length=17, hash=-1644578928}}}}
22:48:37.115 [raft-server-1] TRACE i.a.p.raft.roles.LeaderAppender - RaftServer{1} - Received AppendResponse{status=OK, term=1, succeeded=true, lastLogIndex=50} from 2
22:48:37.115 [raft-server-1-state] TRACE i.a.p.s.impl.DefaultServiceExecutor - PrimitiveService{2}{type=io.atomix.protocols.raft.RaftTest$TestPrimitiveType@761d7cf3, name=raft-test} - Executing DefaultCommit{index=50, session=RaftSession{RaftServiceContext{server=1, type=io.atomix.protocols.raft.RaftTest$TestPrimitiveType@761d7cf3, name=raft-test, id=2}, session=2, timestamp=2018-06-07 10:48:36,982}, time=2018-06-07 10:48:36,982, operation=DefaultOperationId{id=write, type=COMMAND}, value=byte[]{length=17, hash=-1644578928}}
22:48:37.115 [raft-server-2-state] TRACE i.a.p.raft.impl.RaftServiceManager - RaftServer{2} - Applying Indexed{index=50, entry=CommandEntry{term=1, timestamp=2018-06-07 10:48:36,982, session=2, sequence=44, operation=PrimitiveOperation{id=DefaultOperationId{id=write, type=COMMAND}, value=byte[]{length=17, hash=-1644578928}}}}
22:48:37.116 [raft-server-1-state] TRACE i.a.protocols.raft.roles.LeaderRole - RaftServer{1}{role=LEADER} - Sending CommandResponse{status=OK, index=50, eventIndex=2, result=byte[]{length=2, hash=1340}}
22:48:37.116 [raft-server-2-state] TRACE i.a.p.s.impl.DefaultServiceExecutor - PrimitiveService{2}{type=io.atomix.protocols.raft.RaftTest$TestPrimitiveType@2d95571d, name=raft-test} - Executing DefaultCommit{index=50, session=RaftSession{RaftServiceContext{server=2, type=io.atomix.protocols.raft.RaftTest$TestPrimitiveType@2d95571d, name=raft-test, id=2}, session=2, timestamp=2018-06-07 10:48:36,982}, time=2018-06-07 10:48:36,982, operation=DefaultOperationId{id=write, type=COMMAND}, value=byte[]{length=17, hash=-1644578928}}
22:48:37.116 [raft-client-bd74d86e-809c-4ed1-87a8-2ec3ff75de78-3] TRACE i.a.p.r.p.impl.RaftProxyConnection - PartitionProxy{2}{type=io.atomix.protocols.raft.RaftTest$TestPrimitiveType@35bfa1bb, name=raft-test} - Received CommandResponse{status=OK, index=50, eventIndex=2, result=byte[]{length=2, hash=1340}} from 1
22:48:37.116 [raft-client-bd74d86e-809c-4ed1-87a8-2ec3ff75de78-3] TRACE i.a.p.r.p.impl.RaftProxySequencer - PartitionProxy{2}{type=io.atomix.protocols.raft.RaftTest$TestPrimitiveType@35bfa1bb, name=raft-test} - Completing response CommandResponse{status=OK, index=50, eventIndex=2, result=byte[]{length=2, hash=1340}}
22:48:37.116 [raft-client-bd74d86e-809c-4ed1-87a8-2ec3ff75de78-3] TRACE i.a.p.r.p.impl.RaftProxyConnection - PartitionProxy{2}{type=io.atomix.protocols.raft.RaftTest$TestPrimitiveType@35bfa1bb, name=raft-test} - Sending CommandRequest{session=2, sequence=45, operation=PrimitiveOperation{id=DefaultOperationId{id=write, type=COMMAND}, value=byte[]{length=17, hash=-1644578928}}} to 1
22:48:37.116 [raft-server-1] TRACE i.a.protocols.raft.roles.LeaderRole - RaftServer{1}{role=LEADER} - Received CommandRequest{session=2, sequence=45, operation=PrimitiveOperation{id=DefaultOperationId{id=write, type=COMMAND}, value=byte[]{length=17, hash=-1644578928}}}
22:48:37.161 [raft-client-bd74d86e-809c-4ed1-87a8-2ec3ff75de78-2] TRACE i.a.p.r.proxy.impl.RaftProxyManager - RaftClient{bd74d86e-809c-4ed1-87a8-2ec3ff75de78} - Keeping 1 sessions alive
22:48:37.161 [raft-client-bd74d86e-809c-4ed1-87a8-2ec3ff75de78-2] TRACE i.a.p.r.p.impl.RaftProxyConnection - RaftClient{bd74d86e-809c-4ed1-87a8-2ec3ff75de78} - Sending KeepAliveRequest{sessionIds=long[]{length=1, hash=33}, commandSequences=long[]{length=1, hash=75}, eventIndexes=long[]{length=1, hash=33}} to 2
22:48:37.162 [raft-server-2] TRACE i.a.p.raft.roles.FollowerRole - RaftServer{2}{role=FOLLOWER} - Received KeepAliveRequest{sessionIds=long[]{length=1, hash=33}, commandSequences=long[]{length=1, hash=75}, eventIndexes=long[]{length=1, hash=33}}
22:48:37.223 [raft-server-3] TRACE i.a.p.raft.roles.FollowerRole - RaftServer{3}{role=FOLLOWER} - Committed entries up to index 50
22:48:37.223 [raft-server-3] TRACE i.a.p.raft.roles.FollowerRole - RaftServer{3}{role=FOLLOWER} - Sending AppendResponse{status=OK, term=1, succeeded=true, lastLogIndex=50}
22:48:37.223 [raft-server-3-state] TRACE i.a.p.raft.impl.RaftServiceManager - RaftServer{3} - Applying Indexed{index=50, entry=CommandEntry{term=1, timestamp=2018-06-07 10:48:36,982, session=2, sequence=44, operation=PrimitiveOperation{id=DefaultOperationId{id=write, type=COMMAND}, value=byte[]{length=17, hash=-1644578928}}}}
22:48:37.223 [raft-server-3-state] TRACE i.a.p.s.impl.DefaultServiceExecutor - PrimitiveService{2}{type=io.atomix.protocols.raft.RaftTest$TestPrimitiveType@64a1ae5, name=raft-test} - Executing DefaultCommit{index=50, session=RaftSession{RaftServiceContext{server=3, type=io.atomix.protocols.raft.RaftTest$TestPrimitiveType@64a1ae5, name=raft-test, id=2}, session=2, timestamp=2018-06-07 10:48:36,982}, time=2018-06-07 10:48:36,982, operation=DefaultOperationId{id=write, type=COMMAND}, value=byte[]{length=17, hash=-1644578928}}
22:48:37.254 [raft-server-1] DEBUG i.a.storage.journal.SegmentedJournal - Created disk segment: JournalSegment{id=6, version=1, index=51, size=64}
22:48:37.254 [raft-server-1] TRACE i.a.protocols.raft.roles.LeaderRole - RaftServer{1}{role=LEADER} - Appended Indexed{index=51, entry=CommandEntry{term=1, timestamp=2018-06-07 10:48:37,116, session=2, sequence=45, operation=PrimitiveOperation{id=DefaultOperationId{id=write, type=COMMAND}, value=byte[]{length=17, hash=-1644578928}}}}
22:48:37.254 [raft-server-1] TRACE i.a.protocols.raft.roles.LeaderRole - RaftServer{1}{role=LEADER} - Received KeepAliveRequest{sessionIds=long[]{length=1, hash=33}, commandSequences=long[]{length=1, hash=75}, eventIndexes=long[]{length=1, hash=33}}
22:48:37.254 [raft-server-1] TRACE i.a.protocols.raft.roles.LeaderRole - RaftServer{1}{role=LEADER} - Appended Indexed{index=52, entry=KeepAliveEntry{term=1, timestamp=2018-06-07 10:48:37,254, sessionIds=long[]{length=1, hash=33}, commandSequences=long[]{length=1, hash=75}, eventIndexes=long[]{length=1, hash=33}}}
22:48:37.254 [raft-server-1] TRACE i.a.p.raft.roles.LeaderAppender - RaftServer{1} - Received AppendResponse{status=OK, term=1, succeeded=true, lastLogIndex=50} from 3
22:48:37.255 [raft-server-1] TRACE i.a.p.raft.roles.LeaderAppender - RaftServer{1} - Sending AppendRequest{term=1, leader=1, prevLogIndex=50, prevLogTerm=1, entries=2, commitIndex=50} to 3
22:48:37.255 [raft-server-3] TRACE i.a.p.raft.roles.FollowerRole - RaftServer{3}{role=FOLLOWER} - Received AppendRequest{term=1, leader=1, prevLogIndex=50, prevLogTerm=1, entries=2, commitIndex=50}
22:48:37.255 [raft-server-1] TRACE i.a.p.raft.roles.LeaderAppender - RaftServer{1} - Sending AppendRequest{term=1, leader=1, prevLogIndex=50, prevLogTerm=1, entries=2, commitIndex=50} to 2
22:48:37.255 [raft-server-2] TRACE i.a.p.raft.roles.FollowerRole - RaftServer{2}{role=FOLLOWER} - Received AppendRequest{term=1, leader=1, prevLogIndex=50, prevLogTerm=1, entries=2, commitIndex=50}
22:48:37.336 [raft-server-3] DEBUG i.a.storage.journal.SegmentedJournal - Created disk segment: JournalSegment{id=6, version=1, index=51, size=64}
22:48:37.336 [raft-server-3] TRACE i.a.p.raft.roles.FollowerRole - RaftServer{3}{role=FOLLOWER} - Appended Indexed{index=51, entry=CommandEntry{term=1, timestamp=2018-06-07 10:48:37,116, session=2, sequence=45, operation=PrimitiveOperation{id=DefaultOperationId{id=write, type=COMMAND}, value=byte[]{length=17, hash=-1644578928}}}}
22:48:37.337 [raft-server-3] TRACE i.a.p.raft.roles.FollowerRole - RaftServer{3}{role=FOLLOWER} - Appended Indexed{index=52, entry=KeepAliveEntry{term=1, timestamp=2018-06-07 10:48:37,254, sessionIds=long[]{length=1, hash=33}, commandSequences=long[]{length=1, hash=75}, eventIndexes=long[]{length=1, hash=33}}}
22:48:37.337 [raft-server-3] TRACE i.a.p.raft.roles.FollowerRole - RaftServer{3}{role=FOLLOWER} - Sending AppendResponse{status=OK, term=1, succeeded=true, lastLogIndex=52}
22:48:37.337 [raft-server-1] TRACE i.a.p.raft.roles.LeaderAppender - RaftServer{1} - Received AppendResponse{status=OK, term=1, succeeded=true, lastLogIndex=52} from 3
22:48:37.337 [raft-server-1] TRACE i.a.p.raft.roles.LeaderAppender - RaftServer{1} - Committed entries up to 52
22:48:37.369 [raft-server-2] DEBUG i.a.storage.journal.SegmentedJournal - Created disk segment: JournalSegment{id=6, version=1, index=51, size=64}
22:48:37.370 [raft-server-2] TRACE i.a.p.raft.roles.FollowerRole - RaftServer{2}{role=FOLLOWER} - Appended Indexed{index=51, entry=CommandEntry{term=1, timestamp=2018-06-07 10:48:37,116, session=2, sequence=45, operation=PrimitiveOperation{id=DefaultOperationId{id=write, type=COMMAND}, value=byte[]{length=17, hash=-1644578928}}}}
22:48:37.370 [raft-server-2] TRACE i.a.p.raft.roles.FollowerRole - RaftServer{2}{role=FOLLOWER} - Appended Indexed{index=52, entry=KeepAliveEntry{term=1, timestamp=2018-06-07 10:48:37,254, sessionIds=long[]{length=1, hash=33}, commandSequences=long[]{length=1, hash=75}, eventIndexes=long[]{length=1, hash=33}}}
22:48:37.370 [raft-server-2] TRACE i.a.p.raft.roles.FollowerRole - RaftServer{2}{role=FOLLOWER} - Sending AppendResponse{status=OK, term=1, succeeded=true, lastLogIndex=52}
22:48:37.403 [raft-server-1] TRACE i.a.p.raft.roles.LeaderAppender - RaftServer{1} - Sending AppendRequest{term=1, leader=1, prevLogIndex=52, prevLogTerm=1, entries=0, commitIndex=52} to 3
22:48:37.403 [raft-server-1] TRACE i.a.p.raft.roles.LeaderAppender - RaftServer{1} - Received AppendResponse{status=OK, term=1, succeeded=true, lastLogIndex=52} from 2
22:48:37.403 [raft-server-3] TRACE i.a.p.raft.roles.FollowerRole - RaftServer{3}{role=FOLLOWER} - Received AppendRequest{term=1, leader=1, prevLogIndex=52, prevLogTerm=1, entries=0, commitIndex=52}
22:48:37.403 [raft-server-1] TRACE i.a.p.raft.roles.LeaderAppender - RaftServer{1} - Sending AppendRequest{term=1, leader=1, prevLogIndex=52, prevLogTerm=1, entries=0, commitIndex=52} to 2
22:48:37.403 [raft-server-2] TRACE i.a.p.raft.roles.FollowerRole - RaftServer{2}{role=FOLLOWER} - Received AppendRequest{term=1, leader=1, prevLogIndex=52, prevLogTerm=1, entries=0, commitIndex=52}
22:48:37.403 [raft-server-1-state] TRACE i.a.p.raft.impl.RaftServiceManager - RaftServer{1} - Applying Indexed{index=51, entry=CommandEntry{term=1, timestamp=2018-06-07 10:48:37,116, session=2, sequence=45, operation=PrimitiveOperation{id=DefaultOperationId{id=write, type=COMMAND}, value=byte[]{length=17, hash=-1644578928}}}}
22:48:37.403 [raft-server-1-state] TRACE i.a.p.s.impl.DefaultServiceExecutor - PrimitiveService{2}{type=io.atomix.protocols.raft.RaftTest$TestPrimitiveType@761d7cf3, name=raft-test} - Executing DefaultCommit{index=51, session=RaftSession{RaftServiceContext{server=1, type=io.atomix.protocols.raft.RaftTest$TestPrimitiveType@761d7cf3, name=raft-test, id=2}, session=2, timestamp=2018-06-07 10:48:37,116}, time=2018-06-07 10:48:37,116, operation=DefaultOperationId{id=write, type=COMMAND}, value=byte[]{length=17, hash=-1644578928}}
22:48:37.404 [raft-server-1-state] TRACE i.a.protocols.raft.roles.LeaderRole - RaftServer{1}{role=LEADER} - Sending CommandResponse{status=OK, index=51, eventIndex=2, result=byte[]{length=2, hash=1342}}
22:48:37.404 [raft-server-1-state] TRACE i.a.p.raft.impl.RaftServiceManager - RaftServer{1} - Applying Indexed{index=52, entry=KeepAliveEntry{term=1, timestamp=2018-06-07 10:48:37,254, sessionIds=long[]{length=1, hash=33}, commandSequences=long[]{length=1, hash=75}, eventIndexes=long[]{length=1, hash=33}}}
22:48:37.404 [raft-client-bd74d86e-809c-4ed1-87a8-2ec3ff75de78-0] TRACE i.a.p.r.p.impl.RaftProxyConnection - PartitionProxy{2}{type=io.atomix.protocols.raft.RaftTest$TestPrimitiveType@35bfa1bb, name=raft-test} - Received CommandResponse{status=OK, index=51, eventIndex=2, result=byte[]{length=2, hash=1342}} from 1
22:48:37.404 [raft-client-bd74d86e-809c-4ed1-87a8-2ec3ff75de78-0] TRACE i.a.p.r.p.impl.RaftProxySequencer - PartitionProxy{2}{type=io.atomix.protocols.raft.RaftTest$TestPrimitiveType@35bfa1bb, name=raft-test} - Completing response CommandResponse{status=OK, index=51, eventIndex=2, result=byte[]{length=2, hash=1342}}
22:48:37.404 [raft-server-1] TRACE i.a.protocols.raft.roles.LeaderRole - RaftServer{1}{role=LEADER} - Sending KeepAliveResponse{status=OK, leader=1, members=[1, 3, 2], sessionIds=long[]{length=1, hash=33}}
22:48:37.404 [raft-client-bd74d86e-809c-4ed1-87a8-2ec3ff75de78-3] TRACE i.a.p.r.p.impl.RaftProxyConnection - PartitionProxy{2}{type=io.atomix.protocols.raft.RaftTest$TestPrimitiveType@35bfa1bb, name=raft-test} - Sending CommandRequest{session=2, sequence=46, operation=PrimitiveOperation{id=DefaultOperationId{id=write, type=COMMAND}, value=byte[]{length=17, hash=-1644578928}}} to 1
22:48:37.405 [raft-server-1] TRACE i.a.protocols.raft.roles.LeaderRole - RaftServer{1}{role=LEADER} - Received CommandRequest{session=2, sequence=46, operation=PrimitiveOperation{id=DefaultOperationId{id=write, type=COMMAND}, value=byte[]{length=17, hash=-1644578928}}}
22:48:37.405 [raft-server-1] TRACE i.a.protocols.raft.roles.LeaderRole - RaftServer{1}{role=LEADER} - Appended Indexed{index=53, entry=CommandEntry{term=1, timestamp=2018-06-07 10:48:37,405, session=2, sequence=46, operation=PrimitiveOperation{id=DefaultOperationId{id=write, type=COMMAND}, value=byte[]{length=17, hash=-1644578928}}}}
22:48:37.436 [raft-server-3] TRACE i.a.p.raft.roles.FollowerRole - RaftServer{3}{role=FOLLOWER} - Committed entries up to index 52
22:48:37.436 [raft-server-2] TRACE i.a.p.raft.roles.FollowerRole - RaftServer{2}{role=FOLLOWER} - Committed entries up to index 52
22:48:37.436 [raft-server-3] TRACE i.a.p.raft.roles.FollowerRole - RaftServer{3}{role=FOLLOWER} - Sending AppendResponse{status=OK, term=1, succeeded=true, lastLogIndex=52}
22:48:37.436 [raft-server-2] TRACE i.a.p.raft.roles.FollowerRole - RaftServer{2}{role=FOLLOWER} - Sending AppendResponse{status=OK, term=1, succeeded=true, lastLogIndex=52}
22:48:37.436 [raft-server-1] TRACE i.a.p.raft.roles.LeaderAppender - RaftServer{1} - Received AppendResponse{status=OK, term=1, succeeded=true, lastLogIndex=52} from 3
22:48:37.436 [raft-server-2] TRACE i.a.p.raft.roles.FollowerRole - RaftServer{2}{role=FOLLOWER} - Sending KeepAliveResponse{status=OK, leader=1, members=[1, 3, 2], sessionIds=long[]{length=1, hash=33}}
22:48:37.436 [raft-server-3-state] TRACE i.a.p.raft.impl.RaftServiceManager - RaftServer{3} - Applying Indexed{index=51, entry=CommandEntry{term=1, timestamp=2018-06-07 10:48:37,116, session=2, sequence=45, operation=PrimitiveOperation{id=DefaultOperationId{id=write, type=COMMAND}, value=byte[]{length=17, hash=-1644578928}}}}
22:48:37.437 [raft-client-bd74d86e-809c-4ed1-87a8-2ec3ff75de78-7] TRACE i.a.p.r.p.impl.RaftProxyConnection - RaftClient{bd74d86e-809c-4ed1-87a8-2ec3ff75de78} - Received KeepAliveResponse{status=OK, leader=1, members=[1, 3, 2], sessionIds=long[]{length=1, hash=33}} from 2
22:48:37.437 [raft-server-2-state] TRACE i.a.p.raft.impl.RaftServiceManager - RaftServer{2} - Applying Indexed{index=51, entry=CommandEntry{term=1, timestamp=2018-06-07 10:48:37,116, session=2, sequence=45, operation=PrimitiveOperation{id=DefaultOperationId{id=write, type=COMMAND}, value=byte[]{length=17, hash=-1644578928}}}}
22:48:37.437 [raft-server-3-state] TRACE i.a.p.s.impl.DefaultServiceExecutor - PrimitiveService{2}{type=io.atomix.protocols.raft.RaftTest$TestPrimitiveType@64a1ae5, name=raft-test} - Executing DefaultCommit{index=51, session=RaftSession{RaftServiceContext{server=3, type=io.atomix.protocols.raft.RaftTest$TestPrimitiveType@64a1ae5, name=raft-test, id=2}, session=2, timestamp=2018-06-07 10:48:37,116}, time=2018-06-07 10:48:37,116, operation=DefaultOperationId{id=write, type=COMMAND}, value=byte[]{length=17, hash=-1644578928}}
22:48:37.437 [raft-server-2-state] TRACE i.a.p.s.impl.DefaultServiceExecutor - PrimitiveService{2}{type=io.atomix.protocols.raft.RaftTest$TestPrimitiveType@2d95571d, name=raft-test} - Executing DefaultCommit{index=51, session=RaftSession{RaftServiceContext{server=2, type=io.atomix.protocols.raft.RaftTest$TestPrimitiveType@2d95571d, name=raft-test, id=2}, session=2, timestamp=2018-06-07 10:48:37,116}, time=2018-06-07 10:48:37,116, operation=DefaultOperationId{id=write, type=COMMAND}, value=byte[]{length=17, hash=-1644578928}}
22:48:37.437 [raft-server-3-state] TRACE i.a.p.raft.impl.RaftServiceManager - RaftServer{3} - Applying Indexed{index=52, entry=KeepAliveEntry{term=1, timestamp=2018-06-07 10:48:37,254, sessionIds=long[]{length=1, hash=33}, commandSequences=long[]{length=1, hash=75}, eventIndexes=long[]{length=1, hash=33}}}
22:48:37.437 [raft-server-2-state] TRACE i.a.p.raft.impl.RaftServiceManager - RaftServer{2} - Applying Indexed{index=52, entry=KeepAliveEntry{term=1, timestamp=2018-06-07 10:48:37,254, sessionIds=long[]{length=1, hash=33}, commandSequences=long[]{length=1, hash=75}, eventIndexes=long[]{length=1, hash=33}}}
22:48:37.437 [raft-server-1] TRACE i.a.p.raft.roles.LeaderAppender - RaftServer{1} - Sending AppendRequest{term=1, leader=1, prevLogIndex=52, prevLogTerm=1, entries=1, commitIndex=52} to 3
22:48:37.438 [raft-server-3] TRACE i.a.p.raft.roles.FollowerRole - RaftServer{3}{role=FOLLOWER} - Received AppendRequest{term=1, leader=1, prevLogIndex=52, prevLogTerm=1, entries=1, commitIndex=52}
22:48:37.438 [raft-server-1] TRACE i.a.p.raft.roles.LeaderAppender - RaftServer{1} - Received AppendResponse{status=OK, term=1, succeeded=true, lastLogIndex=52} from 2
22:48:37.438 [raft-server-1] TRACE i.a.p.raft.roles.LeaderAppender - RaftServer{1} - Sending AppendRequest{term=1, leader=1, prevLogIndex=52, prevLogTerm=1, entries=1, commitIndex=52} to 2
22:48:37.438 [raft-server-2] TRACE i.a.p.raft.roles.FollowerRole - RaftServer{2}{role=FOLLOWER} - Received AppendRequest{term=1, leader=1, prevLogIndex=52, prevLogTerm=1, entries=1, commitIndex=52}
22:48:37.438 [raft-server-3] TRACE i.a.p.raft.roles.FollowerRole - RaftServer{3}{role=FOLLOWER} - Appended Indexed{index=53, entry=CommandEntry{term=1, timestamp=2018-06-07 10:48:37,405, session=2, sequence=46, operation=PrimitiveOperation{id=DefaultOperationId{id=write, type=COMMAND}, value=byte[]{length=17, hash=-1644578928}}}}
22:48:37.439 [raft-server-3] TRACE i.a.p.raft.roles.FollowerRole - RaftServer{3}{role=FOLLOWER} - Sending AppendResponse{status=OK, term=1, succeeded=true, lastLogIndex=53}
22:48:37.439 [raft-server-1] TRACE i.a.p.raft.roles.LeaderAppender - RaftServer{1} - Received AppendResponse{status=OK, term=1, succeeded=true, lastLogIndex=53} from 3
22:48:37.439 [raft-server-1] TRACE i.a.p.raft.roles.LeaderAppender - RaftServer{1} - Committed entries up to 53
22:48:37.439 [raft-server-2] TRACE i.a.p.raft.roles.FollowerRole - RaftServer{2}{role=FOLLOWER} - Appended Indexed{index=53, entry=CommandEntry{term=1, timestamp=2018-06-07 10:48:37,405, session=2, sequence=46, operation=PrimitiveOperation{id=DefaultOperationId{id=write, type=COMMAND}, value=byte[]{length=17, hash=-1644578928}}}}
22:48:37.439 [raft-server-2] TRACE i.a.p.raft.roles.FollowerRole - RaftServer{2}{role=FOLLOWER} - Sending AppendResponse{status=OK, term=1, succeeded=true, lastLogIndex=53}
22:48:37.494 [raft-server-1] TRACE i.a.p.raft.roles.LeaderAppender - RaftServer{1} - Received AppendResponse{status=OK, term=1, succeeded=true, lastLogIndex=53} from 2
22:48:37.495 [raft-server-1-state] TRACE i.a.p.raft.impl.RaftServiceManager - RaftServer{1} - Applying Indexed{index=53, entry=CommandEntry{term=1, timestamp=2018-06-07 10:48:37,405, session=2, sequence=46, operation=PrimitiveOperation{id=DefaultOperationId{id=write, type=COMMAND}, value=byte[]{length=17, hash=-1644578928}}}}
22:48:37.495 [raft-server-1-state] TRACE i.a.p.s.impl.DefaultServiceExecutor - PrimitiveService{2}{type=io.atomix.protocols.raft.RaftTest$TestPrimitiveType@761d7cf3, name=raft-test} - Executing DefaultCommit{index=53, session=RaftSession{RaftServiceContext{server=1, type=io.atomix.protocols.raft.RaftTest$TestPrimitiveType@761d7cf3, name=raft-test, id=2}, session=2, timestamp=2018-06-07 10:48:37,405}, time=2018-06-07 10:48:37,405, operation=DefaultOperationId{id=write, type=COMMAND}, value=byte[]{length=17, hash=-1644578928}}
22:48:37.495 [raft-server-1-state] TRACE i.a.protocols.raft.roles.LeaderRole - RaftServer{1}{role=LEADER} - Sending CommandResponse{status=OK, index=53, eventIndex=2, result=byte[]{length=2, hash=1346}}
22:48:37.495 [raft-client-bd74d86e-809c-4ed1-87a8-2ec3ff75de78-6] TRACE i.a.p.r.p.impl.RaftProxyConnection - PartitionProxy{2}{type=io.atomix.protocols.raft.RaftTest$TestPrimitiveType@35bfa1bb, name=raft-test} - Received CommandResponse{status=OK, index=53, eventIndex=2, result=byte[]{length=2, hash=1346}} from 1
22:48:37.495 [raft-client-bd74d86e-809c-4ed1-87a8-2ec3ff75de78-6] TRACE i.a.p.r.p.impl.RaftProxySequencer - PartitionProxy{2}{type=io.atomix.protocols.raft.RaftTest$TestPrimitiveType@35bfa1bb, name=raft-test} - Completing response CommandResponse{status=OK, index=53, eventIndex=2, result=byte[]{length=2, hash=1346}}
22:48:37.495 [raft-client-bd74d86e-809c-4ed1-87a8-2ec3ff75de78-0] TRACE i.a.p.r.p.impl.RaftProxyConnection - PartitionProxy{2}{type=io.atomix.protocols.raft.RaftTest$TestPrimitiveType@35bfa1bb, name=raft-test} - Sending CommandRequest{session=2, sequence=47, operation=PrimitiveOperation{id=DefaultOperationId{id=write, type=COMMAND}, value=byte[]{length=17, hash=-1644578928}}} to 1
22:48:37.496 [raft-server-1] TRACE i.a.protocols.raft.roles.LeaderRole - RaftServer{1}{role=LEADER} - Received CommandRequest{session=2, sequence=47, operation=PrimitiveOperation{id=DefaultOperationId{id=write, type=COMMAND}, value=byte[]{length=17, hash=-1644578928}}}
22:48:37.496 [raft-server-1] TRACE i.a.protocols.raft.roles.LeaderRole - RaftServer{1}{role=LEADER} - Appended Indexed{index=54, entry=CommandEntry{term=1, timestamp=2018-06-07 10:48:37,496, session=2, sequence=47, operation=PrimitiveOperation{id=DefaultOperationId{id=write, type=COMMAND}, value=byte[]{length=17, hash=-1644578928}}}}
22:48:37.496 [raft-server-1] TRACE i.a.p.raft.roles.LeaderAppender - RaftServer{1} - Sending AppendRequest{term=1, leader=1, prevLogIndex=53, prevLogTerm=1, entries=1, commitIndex=53} to 3
22:48:37.496 [raft-server-3] TRACE i.a.p.raft.roles.FollowerRole - RaftServer{3}{role=FOLLOWER} - Received AppendRequest{term=1, leader=1, prevLogIndex=53, prevLogTerm=1, entries=1, commitIndex=53}
22:48:37.496 [raft-server-1] TRACE i.a.p.raft.roles.LeaderAppender - RaftServer{1} - Sending AppendRequest{term=1, leader=1, prevLogIndex=53, prevLogTerm=1, entries=1, commitIndex=53} to 2
22:48:37.496 [raft-server-2] TRACE i.a.p.raft.roles.FollowerRole - RaftServer{2}{role=FOLLOWER} - Received AppendRequest{term=1, leader=1, prevLogIndex=53, prevLogTerm=1, entries=1, commitIndex=53}
22:48:37.496 [raft-server-3] TRACE i.a.p.raft.roles.FollowerRole - RaftServer{3}{role=FOLLOWER} - Appended Indexed{index=54, entry=CommandEntry{term=1, timestamp=2018-06-07 10:48:37,496, session=2, sequence=47, operation=PrimitiveOperation{id=DefaultOperationId{id=write, type=COMMAND}, value=byte[]{length=17, hash=-1644578928}}}}
22:48:37.496 [raft-server-2] TRACE i.a.p.raft.roles.FollowerRole - RaftServer{2}{role=FOLLOWER} - Appended Indexed{index=54, entry=CommandEntry{term=1, timestamp=2018-06-07 10:48:37,496, session=2, sequence=47, operation=PrimitiveOperation{id=DefaultOperationId{id=write, type=COMMAND}, value=byte[]{length=17, hash=-1644578928}}}}
22:48:37.540 [raft-server-3] TRACE i.a.p.raft.roles.FollowerRole - RaftServer{3}{role=FOLLOWER} - Committed entries up to index 53
22:48:37.540 [raft-server-3] TRACE i.a.p.raft.roles.FollowerRole - RaftServer{3}{role=FOLLOWER} - Sending AppendResponse{status=OK, term=1, succeeded=true, lastLogIndex=54}
22:48:37.540 [raft-server-2] TRACE i.a.p.raft.roles.FollowerRole - RaftServer{2}{role=FOLLOWER} - Committed entries up to index 53
22:48:37.540 [raft-server-2] TRACE i.a.p.raft.roles.FollowerRole - RaftServer{2}{role=FOLLOWER} - Sending AppendResponse{status=OK, term=1, succeeded=true, lastLogIndex=54}
22:48:37.540 [raft-server-1] TRACE i.a.p.raft.roles.LeaderAppender - RaftServer{1} - Received AppendResponse{status=OK, term=1, succeeded=true, lastLogIndex=54} from 3
22:48:37.540 [raft-server-3-state] TRACE i.a.p.raft.impl.RaftServiceManager - RaftServer{3} - Applying Indexed{index=53, entry=CommandEntry{term=1, timestamp=2018-06-07 10:48:37,405, session=2, sequence=46, operation=PrimitiveOperation{id=DefaultOperationId{id=write, type=COMMAND}, value=byte[]{length=17, hash=-1644578928}}}}
22:48:37.540 [raft-server-3-state] TRACE i.a.p.s.impl.DefaultServiceExecutor - PrimitiveService{2}{type=io.atomix.protocols.raft.RaftTest$TestPrimitiveType@64a1ae5, name=raft-test} - Executing DefaultCommit{index=53, session=RaftSession{RaftServiceContext{server=3, type=io.atomix.protocols.raft.RaftTest$TestPrimitiveType@64a1ae5, name=raft-test, id=2}, session=2, timestamp=2018-06-07 10:48:37,405}, time=2018-06-07 10:48:37,405, operation=DefaultOperationId{id=write, type=COMMAND}, value=byte[]{length=17, hash=-1644578928}}
22:48:37.540 [raft-server-1] TRACE i.a.p.raft.roles.LeaderAppender - RaftServer{1} - Committed entries up to 54
22:48:37.540 [raft-server-2] DEBUG i.a.p.raft.impl.RaftServiceManager - RaftServer{2} - Snapshotting services
22:48:37.540 [raft-server-2-state] DEBUG i.a.p.r.s.snapshot.SnapshotStore - Created memory snapshot: MemorySnapshot{index=52}
22:48:37.541 [raft-server-2-state] TRACE i.a.utils.serializer.KryoNamespace - Creating Kryo instance for KryoNamespace{registeredBlocks=[RegistrationBlock{begin=16, types=[([Ljava.lang.Class;@6b321262,null), ([Ljava.lang.Class;@68b11545,null), ([Ljava.lang.Class;@7d0100ea,null), ([Ljava.lang.Class;@357bc488,null), ([Ljava.lang.Class;@4ea17147,io.atomix.utils.serializer.serializers.ImmutableListSerializer@2eda4eeb), ([Ljava.lang.Class;@5ba90d8a,io.atomix.utils.serializer.serializers.ImmutableSetSerializer@309dcdf3), ([Ljava.lang.Class;@7573b9ee,io.atomix.utils.serializer.serializers.ImmutableMapSerializer@9a20cbd), ([Ljava.lang.Class;@1af4955e,null), ([Ljava.lang.Class;@445821a6,null), ([Ljava.lang.Class;@2c0c4c0a,null), ([Ljava.lang.Class;@35d26ad2,null), ([Ljava.lang.Class;@bb25753,null), ([Ljava.lang.Class;@ee21292,null), ([Ljava.lang.Class;@40c06358,null), ([Ljava.lang.Class;@66e21568,null), ([Ljava.lang.Class;@7f73ce28,null), ([Ljava.lang.Class;@611b35d6,null), ([Ljava.lang.Class;@2282400e,null), ([Ljava.lang.Class;@543d5863,null), ([Ljava.lang.Class;@35dece42,null), ([Ljava.lang.Class;@dd3f8aa,io.atomix.utils.serializer.serializers.ArraysAsListSerializer@3d615b2e), ([Ljava.lang.Class;@3a1f2a1,null), ([Ljava.lang.Class;@40ce9049,null), ([Ljava.lang.Class;@52ca2652,null), ([Ljava.lang.Class;@65c5bf0e,null), ([Ljava.lang.Class;@697d6ded,null), ([Ljava.lang.Class;@5d05f453,null), ([Ljava.lang.Class;@5efeb117,null), ([Ljava.lang.Class;@160b4809,null), ([Ljava.lang.Class;@149b4d20,null), ([Ljava.lang.Class;@664e848c,null), ([Ljava.lang.Class;@4d93f75b,null), ([Ljava.lang.Class;@114a5e0,null), ([Ljava.lang.Class;@4f281aaf,null), ([Ljava.lang.Class;@5d508d22,null), ([Ljava.lang.Class;@f2b90fc,null)]}, RegistrationBlock{begin=52, types=[([Ljava.lang.Class;@4a9033a2,null)]}]}
22:48:37.541 [raft-server-2-state] TRACE i.a.utils.serializer.KryoNamespace - class [B registered as 16
22:48:37.541 [raft-server-2-state] TRACE i.a.utils.serializer.KryoNamespace - class java.util.concurrent.atomic.AtomicBoolean registered as 17
22:48:37.541 [raft-server-2-state] TRACE i.a.utils.serializer.KryoNamespace - class java.util.concurrent.atomic.AtomicInteger registered as 18
22:48:37.541 [raft-server-2-state] TRACE i.a.utils.serializer.KryoNamespace - class java.util.concurrent.atomic.AtomicLong registered as 19
22:48:37.541 [raft-server-2-state] TRACE i.a.utils.serializer.KryoNamespace - class com.google.common.collect.ImmutableList registered as 20
22:48:37.541 [raft-server-2-state] TRACE i.a.utils.serializer.KryoNamespace - class com.google.common.collect.RegularImmutableList registered as 20
22:48:37.541 [raft-server-2-state] TRACE i.a.utils.serializer.KryoNamespace - class com.google.common.collect.RegularImmutableList registered as 20
22:48:37.541 [raft-server-2-state] TRACE i.a.utils.serializer.KryoNamespace - class com.google.common.collect.ImmutableList$SubList registered as 20
22:48:37.541 [raft-server-2-state] TRACE i.a.utils.serializer.KryoNamespace - class com.google.common.collect.ImmutableSet registered as 21
22:48:37.541 [raft-server-2-state] TRACE i.a.utils.serializer.KryoNamespace - class com.google.common.collect.RegularImmutableSet registered as 21
22:48:37.541 [raft-server-2-state] TRACE i.a.utils.serializer.KryoNamespace - class com.google.common.collect.SingletonImmutableSet registered as 21
22:48:37.541 [raft-server-2-state] TRACE i.a.utils.serializer.KryoNamespace - class com.google.common.collect.RegularImmutableSet registered as 21
22:48:37.541 [raft-server-2-state] TRACE i.a.utils.serializer.KryoNamespace - class com.google.common.collect.ImmutableMap registered as 22
22:48:37.541 [raft-server-2-state] TRACE i.a.utils.serializer.KryoNamespace - class com.google.common.collect.RegularImmutableMap registered as 22
22:48:37.541 [raft-server-2-state] TRACE i.a.utils.serializer.KryoNamespace - class com.google.common.collect.RegularImmutableMap registered as 22
22:48:37.541 [raft-server-2-state] TRACE i.a.utils.serializer.KryoNamespace - class com.google.common.collect.RegularImmutableMap registered as 22
22:48:37.541 [raft-server-2-state] TRACE i.a.utils.serializer.KryoNamespace - class java.util.Collections$UnmodifiableSet registered as 23
22:48:37.541 [raft-server-2-state] TRACE i.a.utils.serializer.KryoNamespace - class java.util.HashMap registered as 24
22:48:37.541 [raft-server-2-state] TRACE i.a.utils.serializer.KryoNamespace - class java.util.concurrent.ConcurrentHashMap registered as 25
22:48:37.541 [raft-server-2-state] TRACE i.a.utils.serializer.KryoNamespace - class java.util.concurrent.CopyOnWriteArraySet registered as 26
22:48:37.542 [raft-server-2-state] TRACE i.a.utils.serializer.KryoNamespace - class java.util.ArrayList registered as 27
22:48:37.542 [raft-server-2-state] TRACE i.a.utils.serializer.KryoNamespace - class java.util.LinkedList registered as 28
22:48:37.542 [raft-server-2-state] TRACE i.a.utils.serializer.KryoNamespace - class java.util.HashSet registered as 29
22:48:37.542 [raft-server-2-state] TRACE i.a.utils.serializer.KryoNamespace - class java.util.LinkedHashSet registered as 30
22:48:37.542 [raft-server-2-state] TRACE i.a.utils.serializer.KryoNamespace - class com.sun.jmx.remote.internal.ArrayQueue registered as 31
22:48:37.542 [raft-server-2-state] TRACE i.a.utils.serializer.KryoNamespace - class java.util.ArrayDeque registered as 32
22:48:37.542 [raft-server-2-state] TRACE i.a.utils.serializer.KryoNamespace - class com.google.common.collect.HashMultiset registered as 33
22:48:37.542 [raft-server-2-state] TRACE i.a.utils.serializer.KryoNamespace - class com.google.common.collect.Sets registered as 34
22:48:37.542 [raft-server-2-state] TRACE i.a.utils.serializer.KryoNamespace - class com.google.common.collect.ImmutableEntry registered as 35
22:48:37.542 [raft-server-2-state] TRACE i.a.utils.serializer.KryoNamespace - class java.util.Arrays$ArrayList registered as 36
22:48:37.542 [raft-server-2-state] TRACE i.a.utils.serializer.KryoNamespace - class java.util.Collections$SingletonList registered as 37
22:48:37.542 [raft-server-2-state] TRACE i.a.utils.serializer.KryoNamespace - class java.time.Duration registered as 38
22:48:37.542 [raft-server-2-state] TRACE i.a.utils.serializer.KryoNamespace - class java.util.Collections$EmptySet registered as 39
22:48:37.542 [raft-server-2-state] TRACE i.a.utils.serializer.KryoNamespace - class java.util.Optional registered as 40
22:48:37.542 [raft-server-2-state] TRACE i.a.utils.serializer.KryoNamespace - class java.util.Collections$EmptyList registered as 41
22:48:37.542 [raft-server-2-state] TRACE i.a.utils.serializer.KryoNamespace - class java.util.Collections$SingletonSet registered as 42
22:48:37.542 [raft-server-2-state] TRACE i.a.utils.serializer.KryoNamespace - class [I registered as 43
22:48:37.542 [raft-server-2-state] TRACE i.a.utils.serializer.KryoNamespace - class [J registered as 44
22:48:37.542 [raft-server-2-state] TRACE i.a.utils.serializer.KryoNamespace - class [S registered as 45
22:48:37.542 [raft-server-2-state] TRACE i.a.utils.serializer.KryoNamespace - class [D registered as 46
22:48:37.542 [raft-server-2-state] TRACE i.a.utils.serializer.KryoNamespace - class [F registered as 47
22:48:37.542 [raft-server-2-state] TRACE i.a.utils.serializer.KryoNamespace - class [C registered as 48
22:48:37.542 [raft-server-2-state] TRACE i.a.utils.serializer.KryoNamespace - class [Ljava.lang.String; registered as 49
22:48:37.543 [raft-server-2-state] TRACE i.a.utils.serializer.KryoNamespace - class [Z registered as 50
22:48:37.543 [raft-server-2-state] TRACE i.a.utils.serializer.KryoNamespace - class [Ljava.lang.Object; registered as 51
22:48:37.543 [raft-server-2-state] TRACE i.a.utils.serializer.KryoNamespace - class io.atomix.primitive.service.ServiceConfig registered as 52
22:48:37.543 [raft-server-2-state] DEBUG i.a.p.r.service.RaftServiceContext - PrimitiveService{2}{type=io.atomix.protocols.raft.RaftTest$TestPrimitiveType@2d95571d, name=raft-test} - Taking snapshot 52
22:48:37.543 [raft-server-2-state] TRACE i.a.utils.serializer.KryoNamespace - Creating Kryo instance for KryoNamespace{registeredBlocks=[RegistrationBlock{begin=16, types=[([Ljava.lang.Class;@6b321262,null), ([Ljava.lang.Class;@68b11545,null), ([Ljava.lang.Class;@7d0100ea,null), ([Ljava.lang.Class;@357bc488,null), ([Ljava.lang.Class;@4ea17147,io.atomix.utils.serializer.serializers.ImmutableListSerializer@2eda4eeb), ([Ljava.lang.Class;@5ba90d8a,io.atomix.utils.serializer.serializers.ImmutableSetSerializer@309dcdf3), ([Ljava.lang.Class;@7573b9ee,io.atomix.utils.serializer.serializers.ImmutableMapSerializer@9a20cbd), ([Ljava.lang.Class;@1af4955e,null), ([Ljava.lang.Class;@445821a6,null), ([Ljava.lang.Class;@2c0c4c0a,null), ([Ljava.lang.Class;@35d26ad2,null), ([Ljava.lang.Class;@bb25753,null), ([Ljava.lang.Class;@ee21292,null), ([Ljava.lang.Class;@40c06358,null), ([Ljava.lang.Class;@66e21568,null), ([Ljava.lang.Class;@7f73ce28,null), ([Ljava.lang.Class;@611b35d6,null), ([Ljava.lang.Class;@2282400e,null), ([Ljava.lang.Class;@543d5863,null), ([Ljava.lang.Class;@35dece42,null), ([Ljava.lang.Class;@dd3f8aa,io.atomix.utils.serializer.serializers.ArraysAsListSerializer@3d615b2e), ([Ljava.lang.Class;@3a1f2a1,null), ([Ljava.lang.Class;@40ce9049,null), ([Ljava.lang.Class;@52ca2652,null), ([Ljava.lang.Class;@65c5bf0e,null), ([Ljava.lang.Class;@697d6ded,null), ([Ljava.lang.Class;@5d05f453,null), ([Ljava.lang.Class;@5efeb117,null), ([Ljava.lang.Class;@160b4809,null), ([Ljava.lang.Class;@149b4d20,null), ([Ljava.lang.Class;@664e848c,null), ([Ljava.lang.Class;@4d93f75b,null), ([Ljava.lang.Class;@114a5e0,null), ([Ljava.lang.Class;@4f281aaf,null), ([Ljava.lang.Class;@5d508d22,null), ([Ljava.lang.Class;@f2b90fc,null)]}, RegistrationBlock{begin=52, types=[([Ljava.lang.Class;@166a101c,null)]}]}
22:48:37.543 [raft-server-2-state] TRACE i.a.utils.serializer.KryoNamespace - class [B registered as 16
22:48:37.543 [raft-server-2-state] TRACE i.a.utils.serializer.KryoNamespace - class java.util.concurrent.atomic.AtomicBoolean registered as 17
22:48:37.543 [raft-server-2-state] TRACE i.a.utils.serializer.KryoNamespace - class java.util.concurrent.atomic.AtomicInteger registered as 18
22:48:37.543 [raft-server-2-state] TRACE i.a.utils.serializer.KryoNamespace - class java.util.concurrent.atomic.AtomicLong registered as 19
22:48:37.543 [raft-server-2-state] TRACE i.a.utils.serializer.KryoNamespace - class com.google.common.collect.ImmutableList registered as 20
22:48:37.543 [raft-server-2-state] TRACE i.a.utils.serializer.KryoNamespace - class com.google.common.collect.RegularImmutableList registered as 20
22:48:37.543 [raft-server-2-state] TRACE i.a.utils.serializer.KryoNamespace - class com.google.common.collect.RegularImmutableList registered as 20
22:48:37.543 [raft-server-2-state] TRACE i.a.utils.serializer.KryoNamespace - class com.google.common.collect.ImmutableList$SubList registered as 20
22:48:37.543 [raft-server-2-state] TRACE i.a.utils.serializer.KryoNamespace - class com.google.common.collect.ImmutableSet registered as 21
22:48:37.543 [raft-server-2-state] TRACE i.a.utils.serializer.KryoNamespace - class com.google.common.collect.RegularImmutableSet registered as 21
22:48:37.543 [raft-server-2-state] TRACE i.a.utils.serializer.KryoNamespace - class com.google.common.collect.SingletonImmutableSet registered as 21
22:48:37.543 [raft-server-2-state] TRACE i.a.utils.serializer.KryoNamespace - class com.google.common.collect.RegularImmutableSet registered as 21
22:48:37.543 [raft-server-2-state] TRACE i.a.utils.serializer.KryoNamespace - class com.google.common.collect.ImmutableMap registered as 22
22:48:37.543 [raft-server-2-state] TRACE i.a.utils.serializer.KryoNamespace - class com.google.common.collect.RegularImmutableMap registered as 22
22:48:37.543 [raft-server-2-state] TRACE i.a.utils.serializer.KryoNamespace - class com.google.common.collect.RegularImmutableMap registered as 22
22:48:37.543 [raft-server-2-state] TRACE i.a.utils.serializer.KryoNamespace - class com.google.common.collect.RegularImmutableMap registered as 22
22:48:37.543 [raft-server-2-state] TRACE i.a.utils.serializer.KryoNamespace - class java.util.Collections$UnmodifiableSet registered as 23
22:48:37.543 [raft-server-2-state] TRACE i.a.utils.serializer.KryoNamespace - class java.util.HashMap registered as 24
22:48:37.544 [raft-server-2-state] TRACE i.a.utils.serializer.KryoNamespace - class java.util.concurrent.ConcurrentHashMap registered as 25
22:48:37.544 [raft-server-2-state] TRACE i.a.utils.serializer.KryoNamespace - class java.util.concurrent.CopyOnWriteArraySet registered as 26
22:48:37.544 [raft-server-2-state] TRACE i.a.utils.serializer.KryoNamespace - class java.util.ArrayList registered as 27
22:48:37.544 [raft-server-2-state] TRACE i.a.utils.serializer.KryoNamespace - class java.util.LinkedList registered as 28
22:48:37.544 [raft-server-2-state] TRACE i.a.utils.serializer.KryoNamespace - class java.util.HashSet registered as 29
22:48:37.544 [raft-server-2-state] TRACE i.a.utils.serializer.KryoNamespace - class java.util.LinkedHashSet registered as 30
22:48:37.544 [raft-server-2-state] TRACE i.a.utils.serializer.KryoNamespace - class com.sun.jmx.remote.internal.ArrayQueue registered as 31
22:48:37.544 [raft-server-2-state] TRACE i.a.utils.serializer.KryoNamespace - class java.util.ArrayDeque registered as 32
22:48:37.544 [raft-server-2-state] TRACE i.a.utils.serializer.KryoNamespace - class com.google.common.collect.HashMultiset registered as 33
22:48:37.544 [raft-server-2-state] TRACE i.a.utils.serializer.KryoNamespace - class com.google.common.collect.Sets registered as 34
22:48:37.544 [raft-server-2-state] TRACE i.a.utils.serializer.KryoNamespace - class com.google.common.collect.ImmutableEntry registered as 35
22:48:37.544 [raft-server-2-state] TRACE i.a.utils.serializer.KryoNamespace - class java.util.Arrays$ArrayList registered as 36
22:48:37.544 [raft-server-2-state] TRACE i.a.utils.serializer.KryoNamespace - class java.util.Collections$SingletonList registered as 37
22:48:37.544 [raft-server-2-state] TRACE i.a.utils.serializer.KryoNamespace - class java.time.Duration registered as 38
22:48:37.544 [raft-server-2-state] TRACE i.a.utils.serializer.KryoNamespace - class java.util.Collections$EmptySet registered as 39
22:48:37.544 [raft-server-2-state] TRACE i.a.utils.serializer.KryoNamespace - class java.util.Optional registered as 40
22:48:37.544 [raft-server-2-state] TRACE i.a.utils.serializer.KryoNamespace - class java.util.Collections$EmptyList registered as 41
22:48:37.544 [raft-server-2-state] TRACE i.a.utils.serializer.KryoNamespace - class java.util.Collections$SingletonSet registered as 42
22:48:37.545 [raft-server-2-state] TRACE i.a.utils.serializer.KryoNamespace - class [I registered as 43
22:48:37.545 [raft-server-2-state] TRACE i.a.utils.serializer.KryoNamespace - class [J registered as 44
22:48:37.545 [raft-server-2-state] TRACE i.a.utils.serializer.KryoNamespace - class [S registered as 45
22:48:37.545 [raft-server-2-state] TRACE i.a.utils.serializer.KryoNamespace - class [D registered as 46
22:48:37.545 [raft-server-2-state] TRACE i.a.utils.serializer.KryoNamespace - class [F registered as 47
22:48:37.545 [raft-server-2-state] TRACE i.a.utils.serializer.KryoNamespace - class [C registered as 48
22:48:37.545 [raft-server-2-state] TRACE i.a.utils.serializer.KryoNamespace - class [Ljava.lang.String; registered as 49
22:48:37.545 [raft-server-2-state] TRACE i.a.utils.serializer.KryoNamespace - class [Z registered as 50
22:48:37.545 [raft-server-2-state] TRACE i.a.utils.serializer.KryoNamespace - class [Ljava.lang.Object; registered as 51
22:48:37.545 [raft-server-2-state] TRACE i.a.utils.serializer.KryoNamespace - class io.atomix.primitive.service.ServiceConfig registered as 52
22:48:37.545 [raft-server-2-state] TRACE i.a.p.raft.impl.RaftServiceManager - RaftServer{2} - Applying Indexed{index=53, entry=CommandEntry{term=1, timestamp=2018-06-07 10:48:37,405, session=2, sequence=46, operation=PrimitiveOperation{id=DefaultOperationId{id=write, type=COMMAND}, value=byte[]{length=17, hash=-1644578928}}}}
22:48:37.545 [raft-server-2-state] TRACE i.a.p.s.impl.DefaultServiceExecutor - PrimitiveService{2}{type=io.atomix.protocols.raft.RaftTest$TestPrimitiveType@2d95571d, name=raft-test} - Executing DefaultCommit{index=53, session=RaftSession{RaftServiceContext{server=2, type=io.atomix.protocols.raft.RaftTest$TestPrimitiveType@2d95571d, name=raft-test, id=2}, session=2, timestamp=2018-06-07 10:48:37,405}, time=2018-06-07 10:48:37,405, operation=DefaultOperationId{id=write, type=COMMAND}, value=byte[]{length=17, hash=-1644578928}}
22:48:37.545 [raft-server-2-compaction] DEBUG i.a.p.r.s.snapshot.SnapshotStore - Created disk snapshot: FileSnapshot{index=52}
22:48:37.570 [raft-server-1] TRACE i.a.p.raft.roles.LeaderAppender - RaftServer{1} - Sending AppendRequest{term=1, leader=1, prevLogIndex=54, prevLogTerm=1, entries=0, commitIndex=54} to 3
22:48:37.570 [raft-server-3] TRACE i.a.p.raft.roles.FollowerRole - RaftServer{3}{role=FOLLOWER} - Received AppendRequest{term=1, leader=1, prevLogIndex=54, prevLogTerm=1, entries=0, commitIndex=54}
22:48:37.570 [raft-server-1] TRACE i.a.p.raft.roles.LeaderAppender - RaftServer{1} - Received AppendResponse{status=OK, term=1, succeeded=true, lastLogIndex=54} from 2
22:48:37.570 [raft-server-1] TRACE i.a.p.raft.roles.LeaderAppender - RaftServer{1} - Sending AppendRequest{term=1, leader=1, prevLogIndex=54, prevLogTerm=1, entries=0, commitIndex=54} to 2
22:48:37.570 [raft-server-2] TRACE i.a.p.raft.roles.FollowerRole - RaftServer{2}{role=FOLLOWER} - Received AppendRequest{term=1, leader=1, prevLogIndex=54, prevLogTerm=1, entries=0, commitIndex=54}
22:48:37.570 [raft-server-1-state] TRACE i.a.p.raft.impl.RaftServiceManager - RaftServer{1} - Applying Indexed{index=54, entry=CommandEntry{term=1, timestamp=2018-06-07 10:48:37,496, session=2, sequence=47, operation=PrimitiveOperation{id=DefaultOperationId{id=write, type=COMMAND}, value=byte[]{length=17, hash=-1644578928}}}}
22:48:37.570 [raft-server-1-state] TRACE i.a.p.s.impl.DefaultServiceExecutor - PrimitiveService{2}{type=io.atomix.protocols.raft.RaftTest$TestPrimitiveType@761d7cf3, name=raft-test} - Executing DefaultCommit{index=54, session=RaftSession{RaftServiceContext{server=1, type=io.atomix.protocols.raft.RaftTest$TestPrimitiveType@761d7cf3, name=raft-test, id=2}, session=2, timestamp=2018-06-07 10:48:37,496}, time=2018-06-07 10:48:37,496, operation=DefaultOperationId{id=write, type=COMMAND}, value=byte[]{length=17, hash=-1644578928}}
22:48:37.570 [raft-server-1-state] TRACE i.a.protocols.raft.roles.LeaderRole - RaftServer{1}{role=LEADER} - Sending CommandResponse{status=OK, index=54, eventIndex=2, result=byte[]{length=2, hash=1348}}
22:48:37.571 [raft-client-bd74d86e-809c-4ed1-87a8-2ec3ff75de78-7] TRACE i.a.p.r.p.impl.RaftProxyConnection - PartitionProxy{2}{type=io.atomix.protocols.raft.RaftTest$TestPrimitiveType@35bfa1bb, name=raft-test} - Received CommandResponse{status=OK, index=54, eventIndex=2, result=byte[]{length=2, hash=1348}} from 1
22:48:37.571 [raft-client-bd74d86e-809c-4ed1-87a8-2ec3ff75de78-7] TRACE i.a.p.r.p.impl.RaftProxySequencer - PartitionProxy{2}{type=io.atomix.protocols.raft.RaftTest$TestPrimitiveType@35bfa1bb, name=raft-test} - Completing response CommandResponse{status=OK, index=54, eventIndex=2, result=byte[]{length=2, hash=1348}}
22:48:37.571 [raft-client-bd74d86e-809c-4ed1-87a8-2ec3ff75de78-7] TRACE i.a.p.r.p.impl.RaftProxyConnection - PartitionProxy{2}{type=io.atomix.protocols.raft.RaftTest$TestPrimitiveType@35bfa1bb, name=raft-test} - Sending CommandRequest{session=2, sequence=48, operation=PrimitiveOperation{id=DefaultOperationId{id=write, type=COMMAND}, value=byte[]{length=17, hash=-1644578928}}} to 1
22:48:37.571 [raft-server-1] TRACE i.a.protocols.raft.roles.LeaderRole - RaftServer{1}{role=LEADER} - Received CommandRequest{session=2, sequence=48, operation=PrimitiveOperation{id=DefaultOperationId{id=write, type=COMMAND}, value=byte[]{length=17, hash=-1644578928}}}
22:48:37.571 [raft-server-1] TRACE i.a.protocols.raft.roles.LeaderRole - RaftServer{1}{role=LEADER} - Appended Indexed{index=55, entry=CommandEntry{term=1, timestamp=2018-06-07 10:48:37,571, session=2, sequence=48, operation=PrimitiveOperation{id=DefaultOperationId{id=write, type=COMMAND}, value=byte[]{length=17, hash=-1644578928}}}}
22:48:37.661 [raft-server-3] TRACE i.a.p.raft.roles.FollowerRole - RaftServer{3}{role=FOLLOWER} - Committed entries up to index 54
22:48:37.661 [raft-server-2] TRACE i.a.p.raft.roles.FollowerRole - RaftServer{2}{role=FOLLOWER} - Committed entries up to index 54
22:48:37.661 [raft-server-3] TRACE i.a.p.raft.roles.FollowerRole - RaftServer{3}{role=FOLLOWER} - Sending AppendResponse{status=OK, term=1, succeeded=true, lastLogIndex=54}
22:48:37.661 [raft-server-2] TRACE i.a.p.raft.roles.FollowerRole - RaftServer{2}{role=FOLLOWER} - Sending AppendResponse{status=OK, term=1, succeeded=true, lastLogIndex=54}
22:48:37.661 [raft-server-1] TRACE i.a.p.raft.roles.LeaderAppender - RaftServer{1} - Received AppendResponse{status=OK, term=1, succeeded=true, lastLogIndex=54} from 3
22:48:37.661 [raft-server-1] TRACE i.a.p.raft.roles.LeaderAppender - RaftServer{1} - Sending AppendRequest{term=1, leader=1, prevLogIndex=54, prevLogTerm=1, entries=1, commitIndex=54} to 3
22:48:37.661 [raft-server-3-state] TRACE i.a.p.raft.impl.RaftServiceManager - RaftServer{3} - Applying Indexed{index=54, entry=CommandEntry{term=1, timestamp=2018-06-07 10:48:37,496, session=2, sequence=47, operation=PrimitiveOperation{id=DefaultOperationId{id=write, type=COMMAND}, value=byte[]{length=17, hash=-1644578928}}}}
22:48:37.661 [raft-server-2-state] TRACE i.a.p.raft.impl.RaftServiceManager - RaftServer{2} - Applying Indexed{index=54, entry=CommandEntry{term=1, timestamp=2018-06-07 10:48:37,496, session=2, sequence=47, operation=PrimitiveOperation{id=DefaultOperationId{id=write, type=COMMAND}, value=byte[]{length=17, hash=-1644578928}}}}
22:48:37.661 [raft-server-1] TRACE i.a.p.raft.roles.LeaderAppender - RaftServer{1} - Received AppendResponse{status=OK, term=1, succeeded=true, lastLogIndex=54} from 2
22:48:37.662 [raft-server-3] TRACE i.a.p.raft.roles.FollowerRole - RaftServer{3}{role=FOLLOWER} - Received AppendRequest{term=1, leader=1, prevLogIndex=54, prevLogTerm=1, entries=1, commitIndex=54}
22:48:37.662 [raft-server-3-state] TRACE i.a.p.s.impl.DefaultServiceExecutor - PrimitiveService{2}{type=io.atomix.protocols.raft.RaftTest$TestPrimitiveType@64a1ae5, name=raft-test} - Executing DefaultCommit{index=54, session=RaftSession{RaftServiceContext{server=3, type=io.atomix.protocols.raft.RaftTest$TestPrimitiveType@64a1ae5, name=raft-test, id=2}, session=2, timestamp=2018-06-07 10:48:37,496}, time=2018-06-07 10:48:37,496, operation=DefaultOperationId{id=write, type=COMMAND}, value=byte[]{length=17, hash=-1644578928}}
22:48:37.662 [raft-server-2-state] TRACE i.a.p.s.impl.DefaultServiceExecutor - PrimitiveService{2}{type=io.atomix.protocols.raft.RaftTest$TestPrimitiveType@2d95571d, name=raft-test} - Executing DefaultCommit{index=54, session=RaftSession{RaftServiceContext{server=2, type=io.atomix.protocols.raft.RaftTest$TestPrimitiveType@2d95571d, name=raft-test, id=2}, session=2, timestamp=2018-06-07 10:48:37,496}, time=2018-06-07 10:48:37,496, operation=DefaultOperationId{id=write, type=COMMAND}, value=byte[]{length=17, hash=-1644578928}}
22:48:37.662 [raft-server-1] TRACE i.a.p.raft.roles.LeaderAppender - RaftServer{1} - Sending AppendRequest{term=1, leader=1, prevLogIndex=54, prevLogTerm=1, entries=1, commitIndex=54} to 2
22:48:37.662 [raft-server-3] TRACE i.a.p.raft.roles.FollowerRole - RaftServer{3}{role=FOLLOWER} - Appended Indexed{index=55, entry=CommandEntry{term=1, timestamp=2018-06-07 10:48:37,571, session=2, sequence=48, operation=PrimitiveOperation{id=DefaultOperationId{id=write, type=COMMAND}, value=byte[]{length=17, hash=-1644578928}}}}
22:48:37.662 [raft-server-2] TRACE i.a.p.raft.roles.FollowerRole - RaftServer{2}{role=FOLLOWER} - Received AppendRequest{term=1, leader=1, prevLogIndex=54, prevLogTerm=1, entries=1, commitIndex=54}
22:48:37.662 [raft-server-3] TRACE i.a.p.raft.roles.FollowerRole - RaftServer{3}{role=FOLLOWER} - Sending AppendResponse{status=OK, term=1, succeeded=true, lastLogIndex=55}
22:48:37.662 [raft-server-1] TRACE i.a.p.raft.roles.LeaderAppender - RaftServer{1} - Received AppendResponse{status=OK, term=1, succeeded=true, lastLogIndex=55} from 3
22:48:37.662 [raft-server-1] TRACE i.a.p.raft.roles.LeaderAppender - RaftServer{1} - Committed entries up to 55
22:48:37.662 [raft-server-2] TRACE i.a.p.raft.roles.FollowerRole - RaftServer{2}{role=FOLLOWER} - Appended Indexed{index=55, entry=CommandEntry{term=1, timestamp=2018-06-07 10:48:37,571, session=2, sequence=48, operation=PrimitiveOperation{id=DefaultOperationId{id=write, type=COMMAND}, value=byte[]{length=17, hash=-1644578928}}}}
22:48:37.662 [raft-server-2] TRACE i.a.p.raft.roles.FollowerRole - RaftServer{2}{role=FOLLOWER} - Sending AppendResponse{status=OK, term=1, succeeded=true, lastLogIndex=55}
22:48:37.748 [raft-server-1] TRACE i.a.p.raft.roles.LeaderAppender - RaftServer{1} - Received AppendResponse{status=OK, term=1, succeeded=true, lastLogIndex=55} from 2
22:48:37.748 [raft-server-1] TRACE i.a.p.raft.roles.LeaderAppender - RaftServer{1} - Sending AppendRequest{term=1, leader=1, prevLogIndex=55, prevLogTerm=1, entries=0, commitIndex=55} to 3
22:48:37.748 [raft-server-3] TRACE i.a.p.raft.roles.FollowerRole - RaftServer{3}{role=FOLLOWER} - Received AppendRequest{term=1, leader=1, prevLogIndex=55, prevLogTerm=1, entries=0, commitIndex=55}
22:48:37.748 [raft-server-1] TRACE i.a.p.raft.roles.LeaderAppender - RaftServer{1} - Sending AppendRequest{term=1, leader=1, prevLogIndex=55, prevLogTerm=1, entries=0, commitIndex=55} to 2
22:48:37.748 [raft-server-2] TRACE i.a.p.raft.roles.FollowerRole - RaftServer{2}{role=FOLLOWER} - Received AppendRequest{term=1, leader=1, prevLogIndex=55, prevLogTerm=1, entries=0, commitIndex=55}
22:48:37.748 [raft-server-1-state] TRACE i.a.p.raft.impl.RaftServiceManager - RaftServer{1} - Applying Indexed{index=55, entry=CommandEntry{term=1, timestamp=2018-06-07 10:48:37,571, session=2, sequence=48, operation=PrimitiveOperation{id=DefaultOperationId{id=write, type=COMMAND}, value=byte[]{length=17, hash=-1644578928}}}}
22:48:37.749 [raft-server-1-state] TRACE i.a.p.s.impl.DefaultServiceExecutor - PrimitiveService{2}{type=io.atomix.protocols.raft.RaftTest$TestPrimitiveType@761d7cf3, name=raft-test} - Executing DefaultCommit{index=55, session=RaftSession{RaftServiceContext{server=1, type=io.atomix.protocols.raft.RaftTest$TestPrimitiveType@761d7cf3, name=raft-test, id=2}, session=2, timestamp=2018-06-07 10:48:37,571}, time=2018-06-07 10:48:37,571, operation=DefaultOperationId{id=write, type=COMMAND}, value=byte[]{length=17, hash=-1644578928}}
22:48:37.749 [raft-server-1-state] TRACE i.a.protocols.raft.roles.LeaderRole - RaftServer{1}{role=LEADER} - Sending CommandResponse{status=OK, index=55, eventIndex=2, result=byte[]{length=2, hash=1350}}
22:48:37.749 [raft-client-bd74d86e-809c-4ed1-87a8-2ec3ff75de78-3] TRACE i.a.p.r.p.impl.RaftProxyConnection - PartitionProxy{2}{type=io.atomix.protocols.raft.RaftTest$TestPrimitiveType@35bfa1bb, name=raft-test} - Received CommandResponse{status=OK, index=55, eventIndex=2, result=byte[]{length=2, hash=1350}} from 1
22:48:37.749 [raft-client-bd74d86e-809c-4ed1-87a8-2ec3ff75de78-3] TRACE i.a.p.r.p.impl.RaftProxySequencer - PartitionProxy{2}{type=io.atomix.protocols.raft.RaftTest$TestPrimitiveType@35bfa1bb, name=raft-test} - Completing response CommandResponse{status=OK, index=55, eventIndex=2, result=byte[]{length=2, hash=1350}}
22:48:37.749 [raft-client-bd74d86e-809c-4ed1-87a8-2ec3ff75de78-2] TRACE i.a.p.r.p.impl.RaftProxyConnection - PartitionProxy{2}{type=io.atomix.protocols.raft.RaftTest$TestPrimitiveType@35bfa1bb, name=raft-test} - Sending CommandRequest{session=2, sequence=49, operation=PrimitiveOperation{id=DefaultOperationId{id=write, type=COMMAND}, value=byte[]{length=17, hash=-1644578928}}} to 1
22:48:37.749 [raft-server-1] TRACE i.a.protocols.raft.roles.LeaderRole - RaftServer{1}{role=LEADER} - Received CommandRequest{session=2, sequence=49, operation=PrimitiveOperation{id=DefaultOperationId{id=write, type=COMMAND}, value=byte[]{length=17, hash=-1644578928}}}
22:48:37.750 [raft-server-1] TRACE i.a.protocols.raft.roles.LeaderRole - RaftServer{1}{role=LEADER} - Appended Indexed{index=56, entry=CommandEntry{term=1, timestamp=2018-06-07 10:48:37,749, session=2, sequence=49, operation=PrimitiveOperation{id=DefaultOperationId{id=write, type=COMMAND}, value=byte[]{length=17, hash=-1644578928}}}}
22:48:37.840 [raft-server-3] TRACE i.a.p.raft.roles.FollowerRole - RaftServer{3}{role=FOLLOWER} - Committed entries up to index 55
22:48:37.840 [raft-server-2] TRACE i.a.p.raft.roles.FollowerRole - RaftServer{2}{role=FOLLOWER} - Committed entries up to index 55
22:48:37.840 [raft-server-3] TRACE i.a.p.raft.roles.FollowerRole - RaftServer{3}{role=FOLLOWER} - Sending AppendResponse{status=OK, term=1, succeeded=true, lastLogIndex=55}
22:48:37.840 [raft-server-2] TRACE i.a.p.raft.roles.FollowerRole - RaftServer{2}{role=FOLLOWER} - Sending AppendResponse{status=OK, term=1, succeeded=true, lastLogIndex=55}
22:48:37.840 [raft-server-1] TRACE i.a.p.raft.roles.LeaderAppender - RaftServer{1} - Received AppendResponse{status=OK, term=1, succeeded=true, lastLogIndex=55} from 3
22:48:37.840 [raft-server-1] TRACE i.a.p.raft.roles.LeaderAppender - RaftServer{1} - Sending AppendRequest{term=1, leader=1, prevLogIndex=55, prevLogTerm=1, entries=1, commitIndex=55} to 3
22:48:37.840 [raft-server-3-state] TRACE i.a.p.raft.impl.RaftServiceManager - RaftServer{3} - Applying Indexed{index=55, entry=CommandEntry{term=1, timestamp=2018-06-07 10:48:37,571, session=2, sequence=48, operation=PrimitiveOperation{id=DefaultOperationId{id=write, type=COMMAND}, value=byte[]{length=17, hash=-1644578928}}}}
22:48:37.840 [raft-server-2-state] TRACE i.a.p.raft.impl.RaftServiceManager - RaftServer{2} - Applying Indexed{index=55, entry=CommandEntry{term=1, timestamp=2018-06-07 10:48:37,571, session=2, sequence=48, operation=PrimitiveOperation{id=DefaultOperationId{id=write, type=COMMAND}, value=byte[]{length=17, hash=-1644578928}}}}
22:48:37.840 [raft-server-3] TRACE i.a.p.raft.roles.FollowerRole - RaftServer{3}{role=FOLLOWER} - Received AppendRequest{term=1, leader=1, prevLogIndex=55, prevLogTerm=1, entries=1, commitIndex=55}
22:48:37.840 [raft-server-1] TRACE i.a.p.raft.roles.LeaderAppender - RaftServer{1} - Sending AppendRequest{term=1, leader=1, prevLogIndex=55, prevLogTerm=1, entries=1, commitIndex=55} to 2
22:48:37.840 [raft-server-3-state] TRACE i.a.p.s.impl.DefaultServiceExecutor - PrimitiveService{2}{type=io.atomix.protocols.raft.RaftTest$TestPrimitiveType@64a1ae5, name=raft-test} - Executing DefaultCommit{index=55, session=RaftSession{RaftServiceContext{server=3, type=io.atomix.protocols.raft.RaftTest$TestPrimitiveType@64a1ae5, name=raft-test, id=2}, session=2, timestamp=2018-06-07 10:48:37,571}, time=2018-06-07 10:48:37,571, operation=DefaultOperationId{id=write, type=COMMAND}, value=byte[]{length=17, hash=-1644578928}}
22:48:37.840 [raft-server-2-state] TRACE i.a.p.s.impl.DefaultServiceExecutor - PrimitiveService{2}{type=io.atomix.protocols.raft.RaftTest$TestPrimitiveType@2d95571d, name=raft-test} - Executing DefaultCommit{index=55, session=RaftSession{RaftServiceContext{server=2, type=io.atomix.protocols.raft.RaftTest$TestPrimitiveType@2d95571d, name=raft-test, id=2}, session=2, timestamp=2018-06-07 10:48:37,571}, time=2018-06-07 10:48:37,571, operation=DefaultOperationId{id=write, type=COMMAND}, value=byte[]{length=17, hash=-1644578928}}
22:48:37.840 [raft-server-2] TRACE i.a.p.raft.roles.FollowerRole - RaftServer{2}{role=FOLLOWER} - Received AppendRequest{term=1, leader=1, prevLogIndex=55, prevLogTerm=1, entries=1, commitIndex=55}
22:48:37.840 [raft-server-1] TRACE i.a.p.raft.roles.LeaderAppender - RaftServer{1} - Received AppendResponse{status=OK, term=1, succeeded=true, lastLogIndex=55} from 2
22:48:37.840 [raft-server-3] TRACE i.a.p.raft.roles.FollowerRole - RaftServer{3}{role=FOLLOWER} - Appended Indexed{index=56, entry=CommandEntry{term=1, timestamp=2018-06-07 10:48:37,749, session=2, sequence=49, operation=PrimitiveOperation{id=DefaultOperationId{id=write, type=COMMAND}, value=byte[]{length=17, hash=-1644578928}}}}
22:48:37.841 [raft-server-2] TRACE i.a.p.raft.roles.FollowerRole - RaftServer{2}{role=FOLLOWER} - Appended Indexed{index=56, entry=CommandEntry{term=1, timestamp=2018-06-07 10:48:37,749, session=2, sequence=49, operation=PrimitiveOperation{id=DefaultOperationId{id=write, type=COMMAND}, value=byte[]{length=17, hash=-1644578928}}}}
22:48:37.841 [raft-server-3] TRACE i.a.p.raft.roles.FollowerRole - RaftServer{3}{role=FOLLOWER} - Sending AppendResponse{status=OK, term=1, succeeded=true, lastLogIndex=56}
22:48:37.841 [raft-server-2] TRACE i.a.p.raft.roles.FollowerRole - RaftServer{2}{role=FOLLOWER} - Sending AppendResponse{status=OK, term=1, succeeded=true, lastLogIndex=56}
22:48:37.841 [raft-server-1] TRACE i.a.p.raft.roles.LeaderAppender - RaftServer{1} - Received AppendResponse{status=OK, term=1, succeeded=true, lastLogIndex=56} from 3
22:48:37.841 [raft-server-1] TRACE i.a.p.raft.roles.LeaderAppender - RaftServer{1} - Committed entries up to 56
22:48:37.847 [raft-server-3] DEBUG i.a.p.raft.impl.RaftServiceManager - RaftServer{3} - Snapshotting services
22:48:37.848 [raft-server-3-state] DEBUG i.a.p.r.s.snapshot.SnapshotStore - Created memory snapshot: MemorySnapshot{index=55}
22:48:37.848 [raft-server-3-state] TRACE i.a.utils.serializer.KryoNamespace - Creating Kryo instance for KryoNamespace{registeredBlocks=[RegistrationBlock{begin=16, types=[([Ljava.lang.Class;@6b321262,null), ([Ljava.lang.Class;@68b11545,null), ([Ljava.lang.Class;@7d0100ea,null), ([Ljava.lang.Class;@357bc488,null), ([Ljava.lang.Class;@4ea17147,io.atomix.utils.serializer.serializers.ImmutableListSerializer@2eda4eeb), ([Ljava.lang.Class;@5ba90d8a,io.atomix.utils.serializer.serializers.ImmutableSetSerializer@309dcdf3), ([Ljava.lang.Class;@7573b9ee,io.atomix.utils.serializer.serializers.ImmutableMapSerializer@9a20cbd), ([Ljava.lang.Class;@1af4955e,null), ([Ljava.lang.Class;@445821a6,null), ([Ljava.lang.Class;@2c0c4c0a,null), ([Ljava.lang.Class;@35d26ad2,null), ([Ljava.lang.Class;@bb25753,null), ([Ljava.lang.Class;@ee21292,null), ([Ljava.lang.Class;@40c06358,null), ([Ljava.lang.Class;@66e21568,null), ([Ljava.lang.Class;@7f73ce28,null), ([Ljava.lang.Class;@611b35d6,null), ([Ljava.lang.Class;@2282400e,null), ([Ljava.lang.Class;@543d5863,null), ([Ljava.lang.Class;@35dece42,null), ([Ljava.lang.Class;@dd3f8aa,io.atomix.utils.serializer.serializers.ArraysAsListSerializer@3d615b2e), ([Ljava.lang.Class;@3a1f2a1,null), ([Ljava.lang.Class;@40ce9049,null), ([Ljava.lang.Class;@52ca2652,null), ([Ljava.lang.Class;@65c5bf0e,null), ([Ljava.lang.Class;@697d6ded,null), ([Ljava.lang.Class;@5d05f453,null), ([Ljava.lang.Class;@5efeb117,null), ([Ljava.lang.Class;@160b4809,null), ([Ljava.lang.Class;@149b4d20,null), ([Ljava.lang.Class;@664e848c,null), ([Ljava.lang.Class;@4d93f75b,null), ([Ljava.lang.Class;@114a5e0,null), ([Ljava.lang.Class;@4f281aaf,null), ([Ljava.lang.Class;@5d508d22,null), ([Ljava.lang.Class;@f2b90fc,null)]}, RegistrationBlock{begin=52, types=[([Ljava.lang.Class;@30ae5c68,null)]}]}
22:48:37.848 [raft-server-3-state] TRACE i.a.utils.serializer.KryoNamespace - class [B registered as 16
22:48:37.848 [raft-server-3-state] TRACE i.a.utils.serializer.KryoNamespace - class java.util.concurrent.atomic.AtomicBoolean registered as 17
22:48:37.848 [raft-server-3-state] TRACE i.a.utils.serializer.KryoNamespace - class java.util.concurrent.atomic.AtomicInteger registered as 18
22:48:37.848 [raft-server-3-state] TRACE i.a.utils.serializer.KryoNamespace - class java.util.concurrent.atomic.AtomicLong registered as 19
22:48:37.848 [raft-server-3-state] TRACE i.a.utils.serializer.KryoNamespace - class com.google.common.collect.ImmutableList registered as 20
22:48:37.848 [raft-server-3-state] TRACE i.a.utils.serializer.KryoNamespace - class com.google.common.collect.RegularImmutableList registered as 20
22:48:37.848 [raft-server-3-state] TRACE i.a.utils.serializer.KryoNamespace - class com.google.common.collect.RegularImmutableList registered as 20
22:48:37.848 [raft-server-3-state] TRACE i.a.utils.serializer.KryoNamespace - class com.google.common.collect.ImmutableList$SubList registered as 20
22:48:37.848 [raft-server-3-state] TRACE i.a.utils.serializer.KryoNamespace - class com.google.common.collect.ImmutableSet registered as 21
22:48:37.848 [raft-server-3-state] TRACE i.a.utils.serializer.KryoNamespace - class com.google.common.collect.RegularImmutableSet registered as 21
22:48:37.848 [raft-server-3-state] TRACE i.a.utils.serializer.KryoNamespace - class com.google.common.collect.SingletonImmutableSet registered as 21
22:48:37.848 [raft-server-3-state] TRACE i.a.utils.serializer.KryoNamespace - class com.google.common.collect.RegularImmutableSet registered as 21
22:48:37.848 [raft-server-3-state] TRACE i.a.utils.serializer.KryoNamespace - class com.google.common.collect.ImmutableMap registered as 22
22:48:37.848 [raft-server-3-state] TRACE i.a.utils.serializer.KryoNamespace - class com.google.common.collect.RegularImmutableMap registered as 22
22:48:37.848 [raft-server-3-state] TRACE i.a.utils.serializer.KryoNamespace - class com.google.common.collect.RegularImmutableMap registered as 22
22:48:37.848 [raft-server-3-state] TRACE i.a.utils.serializer.KryoNamespace - class com.google.common.collect.RegularImmutableMap registered as 22
22:48:37.848 [raft-server-3-state] TRACE i.a.utils.serializer.KryoNamespace - class java.util.Collections$UnmodifiableSet registered as 23
22:48:37.848 [raft-server-3-state] TRACE i.a.utils.serializer.KryoNamespace - class java.util.HashMap registered as 24
22:48:37.848 [raft-server-3-state] TRACE i.a.utils.serializer.KryoNamespace - class java.util.concurrent.ConcurrentHashMap registered as 25
22:48:37.848 [raft-server-3-state] TRACE i.a.utils.serializer.KryoNamespace - class java.util.concurrent.CopyOnWriteArraySet registered as 26
22:48:37.848 [raft-server-3-state] TRACE i.a.utils.serializer.KryoNamespace - class java.util.ArrayList registered as 27
22:48:37.849 [raft-server-3-state] TRACE i.a.utils.serializer.KryoNamespace - class java.util.LinkedList registered as 28
22:48:37.849 [raft-server-3-state] TRACE i.a.utils.serializer.KryoNamespace - class java.util.HashSet registered as 29
22:48:37.849 [raft-server-3-state] TRACE i.a.utils.serializer.KryoNamespace - class java.util.LinkedHashSet registered as 30
22:48:37.849 [raft-server-3-state] TRACE i.a.utils.serializer.KryoNamespace - class com.sun.jmx.remote.internal.ArrayQueue registered as 31
22:48:37.849 [raft-server-3-state] TRACE i.a.utils.serializer.KryoNamespace - class java.util.ArrayDeque registered as 32
22:48:37.849 [raft-server-3-state] TRACE i.a.utils.serializer.KryoNamespace - class com.google.common.collect.HashMultiset registered as 33
22:48:37.849 [raft-server-3-state] TRACE i.a.utils.serializer.KryoNamespace - class com.google.common.collect.Sets registered as 34
22:48:37.849 [raft-server-3-state] TRACE i.a.utils.serializer.KryoNamespace - class com.google.common.collect.ImmutableEntry registered as 35
22:48:37.849 [raft-server-3-state] TRACE i.a.utils.serializer.KryoNamespace - class java.util.Arrays$ArrayList registered as 36
22:48:37.849 [raft-server-3-state] TRACE i.a.utils.serializer.KryoNamespace - class java.util.Collections$SingletonList registered as 37
22:48:37.849 [raft-server-3-state] TRACE i.a.utils.serializer.KryoNamespace - class java.time.Duration registered as 38
22:48:37.849 [raft-server-3-state] TRACE i.a.utils.serializer.KryoNamespace - class java.util.Collections$EmptySet registered as 39
22:48:37.849 [raft-server-3-state] TRACE i.a.utils.serializer.KryoNamespace - class java.util.Optional registered as 40
22:48:37.849 [raft-server-3-state] TRACE i.a.utils.serializer.KryoNamespace - class java.util.Collections$EmptyList registered as 41
22:48:37.849 [raft-server-3-state] TRACE i.a.utils.serializer.KryoNamespace - class java.util.Collections$SingletonSet registered as 42
22:48:37.849 [raft-server-3-state] TRACE i.a.utils.serializer.KryoNamespace - class [I registered as 43
22:48:37.849 [raft-server-3-state] TRACE i.a.utils.serializer.KryoNamespace - class [J registered as 44
22:48:37.849 [raft-server-3-state] TRACE i.a.utils.serializer.KryoNamespace - class [S registered as 45
22:48:37.849 [raft-server-3-state] TRACE i.a.utils.serializer.KryoNamespace - class [D registered as 46
22:48:37.849 [raft-server-3-state] TRACE i.a.utils.serializer.KryoNamespace - class [F registered as 47
22:48:37.849 [raft-server-3-state] TRACE i.a.utils.serializer.KryoNamespace - class [C registered as 48
22:48:37.849 [raft-server-3-state] TRACE i.a.utils.serializer.KryoNamespace - class [Ljava.lang.String; registered as 49
22:48:37.849 [raft-server-3-state] TRACE i.a.utils.serializer.KryoNamespace - class [Z registered as 50
22:48:37.849 [raft-server-3-state] TRACE i.a.utils.serializer.KryoNamespace - class [Ljava.lang.Object; registered as 51
22:48:37.849 [raft-server-3-state] TRACE i.a.utils.serializer.KryoNamespace - class io.atomix.primitive.service.ServiceConfig registered as 52
22:48:37.849 [raft-server-3-state] DEBUG i.a.p.r.service.RaftServiceContext - PrimitiveService{2}{type=io.atomix.protocols.raft.RaftTest$TestPrimitiveType@64a1ae5, name=raft-test} - Taking snapshot 55
22:48:37.850 [raft-server-3-state] TRACE i.a.utils.serializer.KryoNamespace - Creating Kryo instance for KryoNamespace{registeredBlocks=[RegistrationBlock{begin=16, types=[([Ljava.lang.Class;@6b321262,null), ([Ljava.lang.Class;@68b11545,null), ([Ljava.lang.Class;@7d0100ea,null), ([Ljava.lang.Class;@357bc488,null), ([Ljava.lang.Class;@4ea17147,io.atomix.utils.serializer.serializers.ImmutableListSerializer@2eda4eeb), ([Ljava.lang.Class;@5ba90d8a,io.atomix.utils.serializer.serializers.ImmutableSetSerializer@309dcdf3), ([Ljava.lang.Class;@7573b9ee,io.atomix.utils.serializer.serializers.ImmutableMapSerializer@9a20cbd), ([Ljava.lang.Class;@1af4955e,null), ([Ljava.lang.Class;@445821a6,null), ([Ljava.lang.Class;@2c0c4c0a,null), ([Ljava.lang.Class;@35d26ad2,null), ([Ljava.lang.Class;@bb25753,null), ([Ljava.lang.Class;@ee21292,null), ([Ljava.lang.Class;@40c06358,null), ([Ljava.lang.Class;@66e21568,null), ([Ljava.lang.Class;@7f73ce28,null), ([Ljava.lang.Class;@611b35d6,null), ([Ljava.lang.Class;@2282400e,null), ([Ljava.lang.Class;@543d5863,null), ([Ljava.lang.Class;@35dece42,null), ([Ljava.lang.Class;@dd3f8aa,io.atomix.utils.serializer.serializers.ArraysAsListSerializer@3d615b2e), ([Ljava.lang.Class;@3a1f2a1,null), ([Ljava.lang.Class;@40ce9049,null), ([Ljava.lang.Class;@52ca2652,null), ([Ljava.lang.Class;@65c5bf0e,null), ([Ljava.lang.Class;@697d6ded,null), ([Ljava.lang.Class;@5d05f453,null), ([Ljava.lang.Class;@5efeb117,null), ([Ljava.lang.Class;@160b4809,null), ([Ljava.lang.Class;@149b4d20,null), ([Ljava.lang.Class;@664e848c,null), ([Ljava.lang.Class;@4d93f75b,null), ([Ljava.lang.Class;@114a5e0,null), ([Ljava.lang.Class;@4f281aaf,null), ([Ljava.lang.Class;@5d508d22,null), ([Ljava.lang.Class;@f2b90fc,null)]}, RegistrationBlock{begin=52, types=[([Ljava.lang.Class;@6f68c4dc,null)]}]}
22:48:37.850 [raft-server-3-state] TRACE i.a.utils.serializer.KryoNamespace - class [B registered as 16
22:48:37.850 [raft-server-3-state] TRACE i.a.utils.serializer.KryoNamespace - class java.util.concurrent.atomic.AtomicBoolean registered as 17
22:48:37.850 [raft-server-3-state] TRACE i.a.utils.serializer.KryoNamespace - class java.util.concurrent.atomic.AtomicInteger registered as 18
22:48:37.850 [raft-server-3-state] TRACE i.a.utils.serializer.KryoNamespace - class java.util.concurrent.atomic.AtomicLong registered as 19
22:48:37.850 [raft-server-3-state] TRACE i.a.utils.serializer.KryoNamespace - class com.google.common.collect.ImmutableList registered as 20
22:48:37.850 [raft-server-3-state] TRACE i.a.utils.serializer.KryoNamespace - class com.google.common.collect.RegularImmutableList registered as 20
22:48:37.850 [raft-server-3-state] TRACE i.a.utils.serializer.KryoNamespace - class com.google.common.collect.RegularImmutableList registered as 20
22:48:37.850 [raft-server-3-state] TRACE i.a.utils.serializer.KryoNamespace - class com.google.common.collect.ImmutableList$SubList registered as 20
22:48:37.850 [raft-server-3-state] TRACE i.a.utils.serializer.KryoNamespace - class com.google.common.collect.ImmutableSet registered as 21
22:48:37.850 [raft-server-3-state] TRACE i.a.utils.serializer.KryoNamespace - class com.google.common.collect.RegularImmutableSet registered as 21
22:48:37.850 [raft-server-3-state] TRACE i.a.utils.serializer.KryoNamespace - class com.google.common.collect.SingletonImmutableSet registered as 21
22:48:37.850 [raft-server-3-state] TRACE i.a.utils.serializer.KryoNamespace - class com.google.common.collect.RegularImmutableSet registered as 21
22:48:37.850 [raft-server-3-state] TRACE i.a.utils.serializer.KryoNamespace - class com.google.common.collect.ImmutableMap registered as 22
22:48:37.850 [raft-server-3-state] TRACE i.a.utils.serializer.KryoNamespace - class com.google.common.collect.RegularImmutableMap registered as 22
22:48:37.850 [raft-server-3-state] TRACE i.a.utils.serializer.KryoNamespace - class com.google.common.collect.RegularImmutableMap registered as 22
22:48:37.850 [raft-server-3-state] TRACE i.a.utils.serializer.KryoNamespace - class com.google.common.collect.RegularImmutableMap registered as 22
22:48:37.850 [raft-server-3-state] TRACE i.a.utils.serializer.KryoNamespace - class java.util.Collections$UnmodifiableSet registered as 23
22:48:37.850 [raft-server-3-state] TRACE i.a.utils.serializer.KryoNamespace - class java.util.HashMap registered as 24
22:48:37.850 [raft-server-3-state] TRACE i.a.utils.serializer.KryoNamespace - class java.util.concurrent.ConcurrentHashMap registered as 25
22:48:37.850 [raft-server-3-state] TRACE i.a.utils.serializer.KryoNamespace - class java.util.concurrent.CopyOnWriteArraySet registered as 26
22:48:37.850 [raft-server-3-state] TRACE i.a.utils.serializer.KryoNamespace - class java.util.ArrayList registered as 27
22:48:37.850 [raft-server-3-state] TRACE i.a.utils.serializer.KryoNamespace - class java.util.LinkedList registered as 28
22:48:37.851 [raft-server-3-state] TRACE i.a.utils.serializer.KryoNamespace - class java.util.HashSet registered as 29
22:48:37.851 [raft-server-3-state] TRACE i.a.utils.serializer.KryoNamespace - class java.util.LinkedHashSet registered as 30
22:48:37.851 [raft-server-3-state] TRACE i.a.utils.serializer.KryoNamespace - class com.sun.jmx.remote.internal.ArrayQueue registered as 31
22:48:37.851 [raft-server-3-state] TRACE i.a.utils.serializer.KryoNamespace - class java.util.ArrayDeque registered as 32
22:48:37.851 [raft-server-3-state] TRACE i.a.utils.serializer.KryoNamespace - class com.google.common.collect.HashMultiset registered as 33
22:48:37.851 [raft-server-3-state] TRACE i.a.utils.serializer.KryoNamespace - class com.google.common.collect.Sets registered as 34
22:48:37.851 [raft-server-3-state] TRACE i.a.utils.serializer.KryoNamespace - class com.google.common.collect.ImmutableEntry registered as 35
22:48:37.851 [raft-server-3-state] TRACE i.a.utils.serializer.KryoNamespace - class java.util.Arrays$ArrayList registered as 36
22:48:37.851 [raft-server-3-state] TRACE i.a.utils.serializer.KryoNamespace - class java.util.Collections$SingletonList registered as 37
22:48:37.851 [raft-server-3-state] TRACE i.a.utils.serializer.KryoNamespace - class java.time.Duration registered as 38
22:48:37.851 [raft-server-3-state] TRACE i.a.utils.serializer.KryoNamespace - class java.util.Collections$EmptySet registered as 39
22:48:37.851 [raft-server-3-state] TRACE i.a.utils.serializer.KryoNamespace - class java.util.Optional registered as 40
22:48:37.851 [raft-server-3-state] TRACE i.a.utils.serializer.KryoNamespace - class java.util.Collections$EmptyList registered as 41
22:48:37.851 [raft-server-3-state] TRACE i.a.utils.serializer.KryoNamespace - class java.util.Collections$SingletonSet registered as 42
22:48:37.851 [raft-server-3-state] TRACE i.a.utils.serializer.KryoNamespace - class [I registered as 43
22:48:37.851 [raft-server-3-state] TRACE i.a.utils.serializer.KryoNamespace - class [J registered as 44
22:48:37.851 [raft-server-3-state] TRACE i.a.utils.serializer.KryoNamespace - class [S registered as 45
22:48:37.851 [raft-server-3-state] TRACE i.a.utils.serializer.KryoNamespace - class [D registered as 46
22:48:37.851 [raft-server-3-state] TRACE i.a.utils.serializer.KryoNamespace - class [F registered as 47
22:48:37.851 [raft-server-3-state] TRACE i.a.utils.serializer.KryoNamespace - class [C registered as 48
22:48:37.852 [raft-server-3-state] TRACE i.a.utils.serializer.KryoNamespace - class [Ljava.lang.String; registered as 49
22:48:37.852 [raft-server-3-state] TRACE i.a.utils.serializer.KryoNamespace - class [Z registered as 50
22:48:37.852 [raft-server-3-state] TRACE i.a.utils.serializer.KryoNamespace - class [Ljava.lang.Object; registered as 51
22:48:37.852 [raft-server-3-state] TRACE i.a.utils.serializer.KryoNamespace - class io.atomix.primitive.service.ServiceConfig registered as 52
22:48:37.852 [raft-server-3-compaction] DEBUG i.a.p.r.s.snapshot.SnapshotStore - Created disk snapshot: FileSnapshot{index=55}
22:48:37.898 [raft-server-1] TRACE i.a.p.raft.roles.LeaderAppender - RaftServer{1} - Received AppendResponse{status=OK, term=1, succeeded=true, lastLogIndex=56} from 2
22:48:37.898 [raft-server-1-state] TRACE i.a.p.raft.impl.RaftServiceManager - RaftServer{1} - Applying Indexed{index=56, entry=CommandEntry{term=1, timestamp=2018-06-07 10:48:37,749, session=2, sequence=49, operation=PrimitiveOperation{id=DefaultOperationId{id=write, type=COMMAND}, value=byte[]{length=17, hash=-1644578928}}}}
22:48:37.898 [raft-server-1-state] TRACE i.a.p.s.impl.DefaultServiceExecutor - PrimitiveService{2}{type=io.atomix.protocols.raft.RaftTest$TestPrimitiveType@761d7cf3, name=raft-test} - Executing DefaultCommit{index=56, session=RaftSession{RaftServiceContext{server=1, type=io.atomix.protocols.raft.RaftTest$TestPrimitiveType@761d7cf3, name=raft-test, id=2}, session=2, timestamp=2018-06-07 10:48:37,749}, time=2018-06-07 10:48:37,749, operation=DefaultOperationId{id=write, type=COMMAND}, value=byte[]{length=17, hash=-1644578928}}
22:48:37.898 [raft-server-1-state] TRACE i.a.protocols.raft.roles.LeaderRole - RaftServer{1}{role=LEADER} - Sending CommandResponse{status=OK, index=56, eventIndex=2, result=byte[]{length=2, hash=1352}}
22:48:37.898 [raft-client-bd74d86e-809c-4ed1-87a8-2ec3ff75de78-6] TRACE i.a.p.r.p.impl.RaftProxyConnection - PartitionProxy{2}{type=io.atomix.protocols.raft.RaftTest$TestPrimitiveType@35bfa1bb, name=raft-test} - Received CommandResponse{status=OK, index=56, eventIndex=2, result=byte[]{length=2, hash=1352}} from 1
22:48:37.898 [raft-client-bd74d86e-809c-4ed1-87a8-2ec3ff75de78-6] TRACE i.a.p.r.p.impl.RaftProxySequencer - PartitionProxy{2}{type=io.atomix.protocols.raft.RaftTest$TestPrimitiveType@35bfa1bb, name=raft-test} - Completing response CommandResponse{status=OK, index=56, eventIndex=2, result=byte[]{length=2, hash=1352}}
22:48:37.899 [raft-client-bd74d86e-809c-4ed1-87a8-2ec3ff75de78-5] TRACE i.a.p.r.p.impl.RaftProxyConnection - PartitionProxy{2}{type=io.atomix.protocols.raft.RaftTest$TestPrimitiveType@35bfa1bb, name=raft-test} - Sending CommandRequest{session=2, sequence=50, operation=PrimitiveOperation{id=DefaultOperationId{id=write, type=COMMAND}, value=byte[]{length=17, hash=-1644578928}}} to 1
22:48:37.899 [raft-server-1] TRACE i.a.protocols.raft.roles.LeaderRole - RaftServer{1}{role=LEADER} - Received CommandRequest{session=2, sequence=50, operation=PrimitiveOperation{id=DefaultOperationId{id=write, type=COMMAND}, value=byte[]{length=17, hash=-1644578928}}}
22:48:37.899 [raft-server-1] TRACE i.a.protocols.raft.roles.LeaderRole - RaftServer{1}{role=LEADER} - Appended Indexed{index=57, entry=CommandEntry{term=1, timestamp=2018-06-07 10:48:37,899, session=2, sequence=50, operation=PrimitiveOperation{id=DefaultOperationId{id=write, type=COMMAND}, value=byte[]{length=17, hash=-1644578928}}}}
22:48:37.899 [raft-server-1] TRACE i.a.p.raft.roles.LeaderAppender - RaftServer{1} - Sending AppendRequest{term=1, leader=1, prevLogIndex=56, prevLogTerm=1, entries=1, commitIndex=56} to 3
22:48:37.899 [raft-server-3] TRACE i.a.p.raft.roles.FollowerRole - RaftServer{3}{role=FOLLOWER} - Received AppendRequest{term=1, leader=1, prevLogIndex=56, prevLogTerm=1, entries=1, commitIndex=56}
22:48:37.899 [raft-server-1] TRACE i.a.p.raft.roles.LeaderAppender - RaftServer{1} - Sending AppendRequest{term=1, leader=1, prevLogIndex=56, prevLogTerm=1, entries=1, commitIndex=56} to 2
22:48:37.899 [raft-server-2] TRACE i.a.p.raft.roles.FollowerRole - RaftServer{2}{role=FOLLOWER} - Received AppendRequest{term=1, leader=1, prevLogIndex=56, prevLogTerm=1, entries=1, commitIndex=56}
22:48:37.899 [raft-server-3] TRACE i.a.p.raft.roles.FollowerRole - RaftServer{3}{role=FOLLOWER} - Appended Indexed{index=57, entry=CommandEntry{term=1, timestamp=2018-06-07 10:48:37,899, session=2, sequence=50, operation=PrimitiveOperation{id=DefaultOperationId{id=write, type=COMMAND}, value=byte[]{length=17, hash=-1644578928}}}}
22:48:37.900 [raft-server-2] TRACE i.a.p.raft.roles.FollowerRole - RaftServer{2}{role=FOLLOWER} - Appended Indexed{index=57, entry=CommandEntry{term=1, timestamp=2018-06-07 10:48:37,899, session=2, sequence=50, operation=PrimitiveOperation{id=DefaultOperationId{id=write, type=COMMAND}, value=byte[]{length=17, hash=-1644578928}}}}
22:48:38.019 [raft-server-2] TRACE i.a.p.raft.roles.FollowerRole - RaftServer{2}{role=FOLLOWER} - Committed entries up to index 56
22:48:38.020 [raft-server-3] TRACE i.a.p.raft.roles.FollowerRole - RaftServer{3}{role=FOLLOWER} - Committed entries up to index 56
22:48:38.019 [raft-server-2] TRACE i.a.p.raft.roles.FollowerRole - RaftServer{2}{role=FOLLOWER} - Sending AppendResponse{status=OK, term=1, succeeded=true, lastLogIndex=57}
22:48:38.020 [raft-server-3] TRACE i.a.p.raft.roles.FollowerRole - RaftServer{3}{role=FOLLOWER} - Sending AppendResponse{status=OK, term=1, succeeded=true, lastLogIndex=57}
22:48:38.020 [raft-server-1] TRACE i.a.p.raft.roles.LeaderAppender - RaftServer{1} - Received AppendResponse{status=OK, term=1, succeeded=true, lastLogIndex=57} from 2
22:48:38.020 [raft-server-1] TRACE i.a.p.raft.roles.LeaderAppender - RaftServer{1} - Committed entries up to 57
22:48:38.020 [raft-server-3-state] TRACE i.a.p.raft.impl.RaftServiceManager - RaftServer{3} - Applying Indexed{index=56, entry=CommandEntry{term=1, timestamp=2018-06-07 10:48:37,749, session=2, sequence=49, operation=PrimitiveOperation{id=DefaultOperationId{id=write, type=COMMAND}, value=byte[]{length=17, hash=-1644578928}}}}
22:48:38.020 [raft-server-2-state] TRACE i.a.p.raft.impl.RaftServiceManager - RaftServer{2} - Applying Indexed{index=56, entry=CommandEntry{term=1, timestamp=2018-06-07 10:48:37,749, session=2, sequence=49, operation=PrimitiveOperation{id=DefaultOperationId{id=write, type=COMMAND}, value=byte[]{length=17, hash=-1644578928}}}}
22:48:38.020 [raft-server-3-state] TRACE i.a.p.s.impl.DefaultServiceExecutor - PrimitiveService{2}{type=io.atomix.protocols.raft.RaftTest$TestPrimitiveType@64a1ae5, name=raft-test} - Executing DefaultCommit{index=56, session=RaftSession{RaftServiceContext{server=3, type=io.atomix.protocols.raft.RaftTest$TestPrimitiveType@64a1ae5, name=raft-test, id=2}, session=2, timestamp=2018-06-07 10:48:37,749}, time=2018-06-07 10:48:37,749, operation=DefaultOperationId{id=write, type=COMMAND}, value=byte[]{length=17, hash=-1644578928}}
22:48:38.020 [raft-server-2-state] TRACE i.a.p.s.impl.DefaultServiceExecutor - PrimitiveService{2}{type=io.atomix.protocols.raft.RaftTest$TestPrimitiveType@2d95571d, name=raft-test} - Executing DefaultCommit{index=56, session=RaftSession{RaftServiceContext{server=2, type=io.atomix.protocols.raft.RaftTest$TestPrimitiveType@2d95571d, name=raft-test, id=2}, session=2, timestamp=2018-06-07 10:48:37,749}, time=2018-06-07 10:48:37,749, operation=DefaultOperationId{id=write, type=COMMAND}, value=byte[]{length=17, hash=-1644578928}}
22:48:38.140 [raft-server-1] TRACE i.a.p.raft.roles.LeaderAppender - RaftServer{1} - Sending AppendRequest{term=1, leader=1, prevLogIndex=57, prevLogTerm=1, entries=0, commitIndex=57} to 2
22:48:38.140 [raft-server-1] TRACE i.a.p.raft.roles.LeaderAppender - RaftServer{1} - Received AppendResponse{status=OK, term=1, succeeded=true, lastLogIndex=57} from 3
22:48:38.140 [raft-server-2] TRACE i.a.p.raft.roles.FollowerRole - RaftServer{2}{role=FOLLOWER} - Received AppendRequest{term=1, leader=1, prevLogIndex=57, prevLogTerm=1, entries=0, commitIndex=57}
22:48:38.140 [raft-server-1] TRACE i.a.p.raft.roles.LeaderAppender - RaftServer{1} - Sending AppendRequest{term=1, leader=1, prevLogIndex=57, prevLogTerm=1, entries=0, commitIndex=57} to 3
22:48:38.140 [raft-server-3] TRACE i.a.p.raft.roles.FollowerRole - RaftServer{3}{role=FOLLOWER} - Received AppendRequest{term=1, leader=1, prevLogIndex=57, prevLogTerm=1, entries=0, commitIndex=57}
22:48:38.140 [raft-server-3] TRACE i.a.p.raft.roles.FollowerRole - RaftServer{3}{role=FOLLOWER} - Committed entries up to index 57
22:48:38.140 [raft-server-1-state] TRACE i.a.p.raft.impl.RaftServiceManager - RaftServer{1} - Applying Indexed{index=57, entry=CommandEntry{term=1, timestamp=2018-06-07 10:48:37,899, session=2, sequence=50, operation=PrimitiveOperation{id=DefaultOperationId{id=write, type=COMMAND}, value=byte[]{length=17, hash=-1644578928}}}}
22:48:38.140 [raft-server-3] TRACE i.a.p.raft.roles.FollowerRole - RaftServer{3}{role=FOLLOWER} - Sending AppendResponse{status=OK, term=1, succeeded=true, lastLogIndex=57}
22:48:38.140 [raft-server-1-state] TRACE i.a.p.s.impl.DefaultServiceExecutor - PrimitiveService{2}{type=io.atomix.protocols.raft.RaftTest$TestPrimitiveType@761d7cf3, name=raft-test} - Executing DefaultCommit{index=57, session=RaftSession{RaftServiceContext{server=1, type=io.atomix.protocols.raft.RaftTest$TestPrimitiveType@761d7cf3, name=raft-test, id=2}, session=2, timestamp=2018-06-07 10:48:37,899}, time=2018-06-07 10:48:37,899, operation=DefaultOperationId{id=write, type=COMMAND}, value=byte[]{length=17, hash=-1644578928}}
22:48:38.140 [raft-server-1] TRACE i.a.p.raft.roles.LeaderAppender - RaftServer{1} - Received AppendResponse{status=OK, term=1, succeeded=true, lastLogIndex=57} from 3
22:48:38.140 [raft-server-3-state] TRACE i.a.p.raft.impl.RaftServiceManager - RaftServer{3} - Applying Indexed{index=57, entry=CommandEntry{term=1, timestamp=2018-06-07 10:48:37,899, session=2, sequence=50, operation=PrimitiveOperation{id=DefaultOperationId{id=write, type=COMMAND}, value=byte[]{length=17, hash=-1644578928}}}}
22:48:38.140 [raft-server-1-state] TRACE i.a.protocols.raft.roles.LeaderRole - RaftServer{1}{role=LEADER} - Sending CommandResponse{status=OK, index=57, eventIndex=2, result=byte[]{length=2, hash=1354}}
22:48:38.140 [raft-server-3-state] TRACE i.a.p.s.impl.DefaultServiceExecutor - PrimitiveService{2}{type=io.atomix.protocols.raft.RaftTest$TestPrimitiveType@64a1ae5, name=raft-test} - Executing DefaultCommit{index=57, session=RaftSession{RaftServiceContext{server=3, type=io.atomix.protocols.raft.RaftTest$TestPrimitiveType@64a1ae5, name=raft-test, id=2}, session=2, timestamp=2018-06-07 10:48:37,899}, time=2018-06-07 10:48:37,899, operation=DefaultOperationId{id=write, type=COMMAND}, value=byte[]{length=17, hash=-1644578928}}
22:48:38.141 [raft-client-bd74d86e-809c-4ed1-87a8-2ec3ff75de78-1] TRACE i.a.p.r.p.impl.RaftProxyConnection - PartitionProxy{2}{type=io.atomix.protocols.raft.RaftTest$TestPrimitiveType@35bfa1bb, name=raft-test} - Received CommandResponse{status=OK, index=57, eventIndex=2, result=byte[]{length=2, hash=1354}} from 1
22:48:38.141 [raft-client-bd74d86e-809c-4ed1-87a8-2ec3ff75de78-1] TRACE i.a.p.r.p.impl.RaftProxySequencer - PartitionProxy{2}{type=io.atomix.protocols.raft.RaftTest$TestPrimitiveType@35bfa1bb, name=raft-test} - Completing response CommandResponse{status=OK, index=57, eventIndex=2, result=byte[]{length=2, hash=1354}}
22:48:38.141 [raft-client-bd74d86e-809c-4ed1-87a8-2ec3ff75de78-1] TRACE i.a.p.r.p.impl.RaftProxyConnection - PartitionProxy{2}{type=io.atomix.protocols.raft.RaftTest$TestPrimitiveType@35bfa1bb, name=raft-test} - Sending CommandRequest{session=2, sequence=51, operation=PrimitiveOperation{id=DefaultOperationId{id=write, type=COMMAND}, value=byte[]{length=17, hash=-1644578928}}} to 1
22:48:38.141 [raft-server-1] TRACE i.a.protocols.raft.roles.LeaderRole - RaftServer{1}{role=LEADER} - Received CommandRequest{session=2, sequence=51, operation=PrimitiveOperation{id=DefaultOperationId{id=write, type=COMMAND}, value=byte[]{length=17, hash=-1644578928}}}
22:48:38.141 [raft-server-1] TRACE i.a.protocols.raft.roles.LeaderRole - RaftServer{1}{role=LEADER} - Appended Indexed{index=58, entry=CommandEntry{term=1, timestamp=2018-06-07 10:48:38,141, session=2, sequence=51, operation=PrimitiveOperation{id=DefaultOperationId{id=write, type=COMMAND}, value=byte[]{length=17, hash=-1644578928}}}}
22:48:38.141 [raft-server-1] TRACE i.a.p.raft.roles.LeaderAppender - RaftServer{1} - Sending AppendRequest{term=1, leader=1, prevLogIndex=57, prevLogTerm=1, entries=1, commitIndex=57} to 3
22:48:38.141 [raft-server-3] TRACE i.a.p.raft.roles.FollowerRole - RaftServer{3}{role=FOLLOWER} - Received AppendRequest{term=1, leader=1, prevLogIndex=57, prevLogTerm=1, entries=1, commitIndex=57}
22:48:38.142 [raft-server-3] TRACE i.a.p.raft.roles.FollowerRole - RaftServer{3}{role=FOLLOWER} - Appended Indexed{index=58, entry=CommandEntry{term=1, timestamp=2018-06-07 10:48:38,141, session=2, sequence=51, operation=PrimitiveOperation{id=DefaultOperationId{id=write, type=COMMAND}, value=byte[]{length=17, hash=-1644578928}}}}
22:48:38.142 [raft-server-3] TRACE i.a.p.raft.roles.FollowerRole - RaftServer{3}{role=FOLLOWER} - Sending AppendResponse{status=OK, term=1, succeeded=true, lastLogIndex=58}
22:48:38.142 [raft-server-1] TRACE i.a.p.raft.roles.LeaderAppender - RaftServer{1} - Received AppendResponse{status=OK, term=1, succeeded=true, lastLogIndex=58} from 3
22:48:38.142 [raft-server-1] TRACE i.a.p.raft.roles.LeaderAppender - RaftServer{1} - Committed entries up to 58
22:48:38.253 [raft-server-2] TRACE i.a.p.raft.roles.FollowerRole - RaftServer{2}{role=FOLLOWER} - Committed entries up to index 57
22:48:38.253 [raft-server-2] TRACE i.a.p.raft.roles.FollowerRole - RaftServer{2}{role=FOLLOWER} - Sending AppendResponse{status=OK, term=1, succeeded=true, lastLogIndex=57}
22:48:38.253 [raft-server-2-state] TRACE i.a.p.raft.impl.RaftServiceManager - RaftServer{2} - Applying Indexed{index=57, entry=CommandEntry{term=1, timestamp=2018-06-07 10:48:37,899, session=2, sequence=50, operation=PrimitiveOperation{id=DefaultOperationId{id=write, type=COMMAND}, value=byte[]{length=17, hash=-1644578928}}}}
22:48:38.253 [raft-server-1] TRACE i.a.p.raft.roles.LeaderAppender - RaftServer{1} - Sending AppendRequest{term=1, leader=1, prevLogIndex=58, prevLogTerm=1, entries=0, commitIndex=58} to 3
22:48:38.253 [raft-server-2-state] TRACE i.a.p.s.impl.DefaultServiceExecutor - PrimitiveService{2}{type=io.atomix.protocols.raft.RaftTest$TestPrimitiveType@2d95571d, name=raft-test} - Executing DefaultCommit{index=57, session=RaftSession{RaftServiceContext{server=2, type=io.atomix.protocols.raft.RaftTest$TestPrimitiveType@2d95571d, name=raft-test, id=2}, session=2, timestamp=2018-06-07 10:48:37,899}, time=2018-06-07 10:48:37,899, operation=DefaultOperationId{id=write, type=COMMAND}, value=byte[]{length=17, hash=-1644578928}}
22:48:38.253 [raft-server-1] TRACE i.a.p.raft.roles.LeaderAppender - RaftServer{1} - Sending AppendRequest{term=1, leader=1, prevLogIndex=57, prevLogTerm=1, entries=1, commitIndex=58} to 2
22:48:38.253 [raft-server-1] TRACE i.a.p.raft.roles.LeaderAppender - RaftServer{1} - Received AppendResponse{status=OK, term=1, succeeded=true, lastLogIndex=57} from 2
22:48:38.254 [raft-server-1-state] TRACE i.a.p.raft.impl.RaftServiceManager - RaftServer{1} - Applying Indexed{index=58, entry=CommandEntry{term=1, timestamp=2018-06-07 10:48:38,141, session=2, sequence=51, operation=PrimitiveOperation{id=DefaultOperationId{id=write, type=COMMAND}, value=byte[]{length=17, hash=-1644578928}}}}
22:48:38.254 [raft-server-3] TRACE i.a.p.raft.roles.FollowerRole - RaftServer{3}{role=FOLLOWER} - Received AppendRequest{term=1, leader=1, prevLogIndex=58, prevLogTerm=1, entries=0, commitIndex=58}
22:48:38.254 [raft-server-1-state] TRACE i.a.p.s.impl.DefaultServiceExecutor - PrimitiveService{2}{type=io.atomix.protocols.raft.RaftTest$TestPrimitiveType@761d7cf3, name=raft-test} - Executing DefaultCommit{index=58, session=RaftSession{RaftServiceContext{server=1, type=io.atomix.protocols.raft.RaftTest$TestPrimitiveType@761d7cf3, name=raft-test, id=2}, session=2, timestamp=2018-06-07 10:48:38,141}, time=2018-06-07 10:48:38,141, operation=DefaultOperationId{id=write, type=COMMAND}, value=byte[]{length=17, hash=-1644578928}}
22:48:38.254 [raft-server-1-state] TRACE i.a.protocols.raft.roles.LeaderRole - RaftServer{1}{role=LEADER} - Sending CommandResponse{status=OK, index=58, eventIndex=2, result=byte[]{length=2, hash=1356}}
22:48:38.254 [raft-client-bd74d86e-809c-4ed1-87a8-2ec3ff75de78-3] TRACE i.a.p.r.p.impl.RaftProxyConnection - PartitionProxy{2}{type=io.atomix.protocols.raft.RaftTest$TestPrimitiveType@35bfa1bb, name=raft-test} - Received CommandResponse{status=OK, index=58, eventIndex=2, result=byte[]{length=2, hash=1356}} from 1
22:48:38.254 [raft-client-bd74d86e-809c-4ed1-87a8-2ec3ff75de78-3] TRACE i.a.p.r.p.impl.RaftProxySequencer - PartitionProxy{2}{type=io.atomix.protocols.raft.RaftTest$TestPrimitiveType@35bfa1bb, name=raft-test} - Completing response CommandResponse{status=OK, index=58, eventIndex=2, result=byte[]{length=2, hash=1356}}
22:48:38.254 [raft-client-bd74d86e-809c-4ed1-87a8-2ec3ff75de78-3] TRACE i.a.p.r.p.impl.RaftProxyConnection - PartitionProxy{2}{type=io.atomix.protocols.raft.RaftTest$TestPrimitiveType@35bfa1bb, name=raft-test} - Sending CommandRequest{session=2, sequence=52, operation=PrimitiveOperation{id=DefaultOperationId{id=write, type=COMMAND}, value=byte[]{length=17, hash=-1644578928}}} to 1
22:48:38.255 [raft-server-2] TRACE i.a.p.raft.roles.FollowerRole - RaftServer{2}{role=FOLLOWER} - Received AppendRequest{term=1, leader=1, prevLogIndex=57, prevLogTerm=1, entries=1, commitIndex=58}
22:48:38.255 [raft-server-2] TRACE i.a.p.raft.roles.FollowerRole - RaftServer{2}{role=FOLLOWER} - Appended Indexed{index=58, entry=CommandEntry{term=1, timestamp=2018-06-07 10:48:38,141, session=2, sequence=51, operation=PrimitiveOperation{id=DefaultOperationId{id=write, type=COMMAND}, value=byte[]{length=17, hash=-1644578928}}}}
22:48:38.255 [raft-server-1] TRACE i.a.protocols.raft.roles.LeaderRole - RaftServer{1}{role=LEADER} - Received CommandRequest{session=2, sequence=52, operation=PrimitiveOperation{id=DefaultOperationId{id=write, type=COMMAND}, value=byte[]{length=17, hash=-1644578928}}}
22:48:38.255 [raft-server-1] TRACE i.a.protocols.raft.roles.LeaderRole - RaftServer{1}{role=LEADER} - Appended Indexed{index=59, entry=CommandEntry{term=1, timestamp=2018-06-07 10:48:38,255, session=2, sequence=52, operation=PrimitiveOperation{id=DefaultOperationId{id=write, type=COMMAND}, value=byte[]{length=17, hash=-1644578928}}}}
22:48:38.290 [raft-server-3] TRACE i.a.p.raft.roles.FollowerRole - RaftServer{3}{role=FOLLOWER} - Committed entries up to index 58
22:48:38.290 [raft-server-3] TRACE i.a.p.raft.roles.FollowerRole - RaftServer{3}{role=FOLLOWER} - Sending AppendResponse{status=OK, term=1, succeeded=true, lastLogIndex=58}
22:48:38.290 [raft-server-1] TRACE i.a.p.raft.roles.LeaderAppender - RaftServer{1} - Received AppendResponse{status=OK, term=1, succeeded=true, lastLogIndex=58} from 3
22:48:38.290 [raft-server-1] TRACE i.a.p.raft.roles.LeaderAppender - RaftServer{1} - Sending AppendRequest{term=1, leader=1, prevLogIndex=58, prevLogTerm=1, entries=1, commitIndex=58} to 3
22:48:38.290 [raft-server-3-state] TRACE i.a.p.raft.impl.RaftServiceManager - RaftServer{3} - Applying Indexed{index=58, entry=CommandEntry{term=1, timestamp=2018-06-07 10:48:38,141, session=2, sequence=51, operation=PrimitiveOperation{id=DefaultOperationId{id=write, type=COMMAND}, value=byte[]{length=17, hash=-1644578928}}}}
22:48:38.290 [raft-server-3] TRACE i.a.p.raft.roles.FollowerRole - RaftServer{3}{role=FOLLOWER} - Received AppendRequest{term=1, leader=1, prevLogIndex=58, prevLogTerm=1, entries=1, commitIndex=58}
22:48:38.290 [raft-server-3-state] TRACE i.a.p.s.impl.DefaultServiceExecutor - PrimitiveService{2}{type=io.atomix.protocols.raft.RaftTest$TestPrimitiveType@64a1ae5, name=raft-test} - Executing DefaultCommit{index=58, session=RaftSession{RaftServiceContext{server=3, type=io.atomix.protocols.raft.RaftTest$TestPrimitiveType@64a1ae5, name=raft-test, id=2}, session=2, timestamp=2018-06-07 10:48:38,141}, time=2018-06-07 10:48:38,141, operation=DefaultOperationId{id=write, type=COMMAND}, value=byte[]{length=17, hash=-1644578928}}
22:48:38.290 [raft-server-3] TRACE i.a.p.raft.roles.FollowerRole - RaftServer{3}{role=FOLLOWER} - Appended Indexed{index=59, entry=CommandEntry{term=1, timestamp=2018-06-07 10:48:38,255, session=2, sequence=52, operation=PrimitiveOperation{id=DefaultOperationId{id=write, type=COMMAND}, value=byte[]{length=17, hash=-1644578928}}}}
22:48:38.290 [raft-server-3] TRACE i.a.p.raft.roles.FollowerRole - RaftServer{3}{role=FOLLOWER} - Sending AppendResponse{status=OK, term=1, succeeded=true, lastLogIndex=59}
22:48:38.290 [raft-server-1] TRACE i.a.p.raft.roles.LeaderAppender - RaftServer{1} - Received AppendResponse{status=OK, term=1, succeeded=true, lastLogIndex=59} from 3
22:48:38.290 [raft-server-1] TRACE i.a.p.raft.roles.LeaderAppender - RaftServer{1} - Committed entries up to 59
22:48:38.318 [raft-server-2] TRACE i.a.p.raft.roles.FollowerRole - RaftServer{2}{role=FOLLOWER} - Committed entries up to index 58
22:48:38.318 [raft-server-2] TRACE i.a.p.raft.roles.FollowerRole - RaftServer{2}{role=FOLLOWER} - Sending AppendResponse{status=OK, term=1, succeeded=true, lastLogIndex=58}
22:48:38.318 [raft-server-2-state] TRACE i.a.p.raft.impl.RaftServiceManager - RaftServer{2} - Applying Indexed{index=58, entry=CommandEntry{term=1, timestamp=2018-06-07 10:48:38,141, session=2, sequence=51, operation=PrimitiveOperation{id=DefaultOperationId{id=write, type=COMMAND}, value=byte[]{length=17, hash=-1644578928}}}}
22:48:38.319 [raft-server-2-state] TRACE i.a.p.s.impl.DefaultServiceExecutor - PrimitiveService{2}{type=io.atomix.protocols.raft.RaftTest$TestPrimitiveType@2d95571d, name=raft-test} - Executing DefaultCommit{index=58, session=RaftSession{RaftServiceContext{server=2, type=io.atomix.protocols.raft.RaftTest$TestPrimitiveType@2d95571d, name=raft-test, id=2}, session=2, timestamp=2018-06-07 10:48:38,141}, time=2018-06-07 10:48:38,141, operation=DefaultOperationId{id=write, type=COMMAND}, value=byte[]{length=17, hash=-1644578928}}
22:48:38.340 [raft-server-1] TRACE i.a.p.raft.roles.LeaderAppender - RaftServer{1} - Received AppendResponse{status=OK, term=1, succeeded=true, lastLogIndex=58} from 2
22:48:38.340 [raft-server-1] TRACE i.a.p.raft.roles.LeaderAppender - RaftServer{1} - Sending AppendRequest{term=1, leader=1, prevLogIndex=58, prevLogTerm=1, entries=1, commitIndex=59} to 2
22:48:38.340 [raft-server-1-state] TRACE i.a.p.raft.impl.RaftServiceManager - RaftServer{1} - Applying Indexed{index=59, entry=CommandEntry{term=1, timestamp=2018-06-07 10:48:38,255, session=2, sequence=52, operation=PrimitiveOperation{id=DefaultOperationId{id=write, type=COMMAND}, value=byte[]{length=17, hash=-1644578928}}}}
22:48:38.340 [raft-server-2] TRACE i.a.p.raft.roles.FollowerRole - RaftServer{2}{role=FOLLOWER} - Received AppendRequest{term=1, leader=1, prevLogIndex=58, prevLogTerm=1, entries=1, commitIndex=59}
22:48:38.340 [raft-server-1-state] TRACE i.a.p.s.impl.DefaultServiceExecutor - PrimitiveService{2}{type=io.atomix.protocols.raft.RaftTest$TestPrimitiveType@761d7cf3, name=raft-test} - Executing DefaultCommit{index=59, session=RaftSession{RaftServiceContext{server=1, type=io.atomix.protocols.raft.RaftTest$TestPrimitiveType@761d7cf3, name=raft-test, id=2}, session=2, timestamp=2018-06-07 10:48:38,255}, time=2018-06-07 10:48:38,255, operation=DefaultOperationId{id=write, type=COMMAND}, value=byte[]{length=17, hash=-1644578928}}
22:48:38.340 [raft-server-1-state] TRACE i.a.protocols.raft.roles.LeaderRole - RaftServer{1}{role=LEADER} - Sending CommandResponse{status=OK, index=59, eventIndex=2, result=byte[]{length=2, hash=1358}}
22:48:38.340 [raft-server-2] TRACE i.a.p.raft.roles.FollowerRole - RaftServer{2}{role=FOLLOWER} - Appended Indexed{index=59, entry=CommandEntry{term=1, timestamp=2018-06-07 10:48:38,255, session=2, sequence=52, operation=PrimitiveOperation{id=DefaultOperationId{id=write, type=COMMAND}, value=byte[]{length=17, hash=-1644578928}}}}
22:48:38.340 [raft-client-bd74d86e-809c-4ed1-87a8-2ec3ff75de78-6] TRACE i.a.p.r.p.impl.RaftProxyConnection - PartitionProxy{2}{type=io.atomix.protocols.raft.RaftTest$TestPrimitiveType@35bfa1bb, name=raft-test} - Received CommandResponse{status=OK, index=59, eventIndex=2, result=byte[]{length=2, hash=1358}} from 1
22:48:38.340 [raft-client-bd74d86e-809c-4ed1-87a8-2ec3ff75de78-6] TRACE i.a.p.r.p.impl.RaftProxySequencer - PartitionProxy{2}{type=io.atomix.protocols.raft.RaftTest$TestPrimitiveType@35bfa1bb, name=raft-test} - Completing response CommandResponse{status=OK, index=59, eventIndex=2, result=byte[]{length=2, hash=1358}}
22:48:38.341 [raft-client-bd74d86e-809c-4ed1-87a8-2ec3ff75de78-3] TRACE i.a.p.r.p.impl.RaftProxyConnection - PartitionProxy{2}{type=io.atomix.protocols.raft.RaftTest$TestPrimitiveType@35bfa1bb, name=raft-test} - Sending CommandRequest{session=2, sequence=53, operation=PrimitiveOperation{id=DefaultOperationId{id=write, type=COMMAND}, value=byte[]{length=17, hash=-1644578928}}} to 1
22:48:38.341 [raft-server-1] TRACE i.a.protocols.raft.roles.LeaderRole - RaftServer{1}{role=LEADER} - Received CommandRequest{session=2, sequence=53, operation=PrimitiveOperation{id=DefaultOperationId{id=write, type=COMMAND}, value=byte[]{length=17, hash=-1644578928}}}
22:48:38.341 [raft-server-1] TRACE i.a.protocols.raft.roles.LeaderRole - RaftServer{1}{role=LEADER} - Appended Indexed{index=60, entry=CommandEntry{term=1, timestamp=2018-06-07 10:48:38,341, session=2, sequence=53, operation=PrimitiveOperation{id=DefaultOperationId{id=write, type=COMMAND}, value=byte[]{length=17, hash=-1644578928}}}}
22:48:38.341 [raft-server-1] TRACE i.a.p.raft.roles.LeaderAppender - RaftServer{1} - Sending AppendRequest{term=1, leader=1, prevLogIndex=59, prevLogTerm=1, entries=1, commitIndex=59} to 3
22:48:38.341 [raft-server-3] TRACE i.a.p.raft.roles.FollowerRole - RaftServer{3}{role=FOLLOWER} - Received AppendRequest{term=1, leader=1, prevLogIndex=59, prevLogTerm=1, entries=1, commitIndex=59}
22:48:38.341 [raft-server-3] TRACE i.a.p.raft.roles.FollowerRole - RaftServer{3}{role=FOLLOWER} - Appended Indexed{index=60, entry=CommandEntry{term=1, timestamp=2018-06-07 10:48:38,341, session=2, sequence=53, operation=PrimitiveOperation{id=DefaultOperationId{id=write, type=COMMAND}, value=byte[]{length=17, hash=-1644578928}}}}
22:48:38.381 [raft-server-2] TRACE i.a.p.raft.roles.FollowerRole - RaftServer{2}{role=FOLLOWER} - Committed entries up to index 59
22:48:38.381 [raft-server-2] TRACE i.a.p.raft.roles.FollowerRole - RaftServer{2}{role=FOLLOWER} - Sending AppendResponse{status=OK, term=1, succeeded=true, lastLogIndex=59}
22:48:38.381 [raft-server-1] TRACE i.a.p.raft.roles.LeaderAppender - RaftServer{1} - Received AppendResponse{status=OK, term=1, succeeded=true, lastLogIndex=59} from 2
22:48:38.381 [raft-server-1] TRACE i.a.p.raft.roles.LeaderAppender - RaftServer{1} - Sending AppendRequest{term=1, leader=1, prevLogIndex=59, prevLogTerm=1, entries=1, commitIndex=59} to 2
22:48:38.381 [raft-server-2-state] TRACE i.a.p.raft.impl.RaftServiceManager - RaftServer{2} - Applying Indexed{index=59, entry=CommandEntry{term=1, timestamp=2018-06-07 10:48:38,255, session=2, sequence=52, operation=PrimitiveOperation{id=DefaultOperationId{id=write, type=COMMAND}, value=byte[]{length=17, hash=-1644578928}}}}
22:48:38.382 [raft-server-2] TRACE i.a.p.raft.roles.FollowerRole - RaftServer{2}{role=FOLLOWER} - Received AppendRequest{term=1, leader=1, prevLogIndex=59, prevLogTerm=1, entries=1, commitIndex=59}
22:48:38.382 [raft-server-2-state] TRACE i.a.p.s.impl.DefaultServiceExecutor - PrimitiveService{2}{type=io.atomix.protocols.raft.RaftTest$TestPrimitiveType@2d95571d, name=raft-test} - Executing DefaultCommit{index=59, session=RaftSession{RaftServiceContext{server=2, type=io.atomix.protocols.raft.RaftTest$TestPrimitiveType@2d95571d, name=raft-test, id=2}, session=2, timestamp=2018-06-07 10:48:38,255}, time=2018-06-07 10:48:38,255, operation=DefaultOperationId{id=write, type=COMMAND}, value=byte[]{length=17, hash=-1644578928}}
22:48:38.382 [raft-server-2] TRACE i.a.p.raft.roles.FollowerRole - RaftServer{2}{role=FOLLOWER} - Appended Indexed{index=60, entry=CommandEntry{term=1, timestamp=2018-06-07 10:48:38,341, session=2, sequence=53, operation=PrimitiveOperation{id=DefaultOperationId{id=write, type=COMMAND}, value=byte[]{length=17, hash=-1644578928}}}}
22:48:38.382 [raft-server-2] TRACE i.a.p.raft.roles.FollowerRole - RaftServer{2}{role=FOLLOWER} - Sending AppendResponse{status=OK, term=1, succeeded=true, lastLogIndex=60}
22:48:38.382 [raft-server-1] TRACE i.a.p.raft.roles.LeaderAppender - RaftServer{1} - Received AppendResponse{status=OK, term=1, succeeded=true, lastLogIndex=60} from 2
22:48:38.382 [raft-server-1] TRACE i.a.p.raft.roles.LeaderAppender - RaftServer{1} - Committed entries up to 60
22:48:38.415 [raft-server-3] TRACE i.a.p.raft.roles.FollowerRole - RaftServer{3}{role=FOLLOWER} - Committed entries up to index 59
22:48:38.415 [raft-server-3] TRACE i.a.p.raft.roles.FollowerRole - RaftServer{3}{role=FOLLOWER} - Sending AppendResponse{status=OK, term=1, succeeded=true, lastLogIndex=60}
22:48:38.415 [raft-server-3-state] TRACE i.a.p.raft.impl.RaftServiceManager - RaftServer{3} - Applying Indexed{index=59, entry=CommandEntry{term=1, timestamp=2018-06-07 10:48:38,255, session=2, sequence=52, operation=PrimitiveOperation{id=DefaultOperationId{id=write, type=COMMAND}, value=byte[]{length=17, hash=-1644578928}}}}
22:48:38.415 [raft-server-3-state] TRACE i.a.p.s.impl.DefaultServiceExecutor - PrimitiveService{2}{type=io.atomix.protocols.raft.RaftTest$TestPrimitiveType@64a1ae5, name=raft-test} - Executing DefaultCommit{index=59, session=RaftSession{RaftServiceContext{server=3, type=io.atomix.protocols.raft.RaftTest$TestPrimitiveType@64a1ae5, name=raft-test, id=2}, session=2, timestamp=2018-06-07 10:48:38,255}, time=2018-06-07 10:48:38,255, operation=DefaultOperationId{id=write, type=COMMAND}, value=byte[]{length=17, hash=-1644578928}}
22:48:38.456 [raft-server-1] TRACE i.a.p.raft.roles.LeaderAppender - RaftServer{1} - Received AppendResponse{status=OK, term=1, succeeded=true, lastLogIndex=60} from 3
22:48:38.456 [raft-server-1-state] TRACE i.a.p.raft.impl.RaftServiceManager - RaftServer{1} - Applying Indexed{index=60, entry=CommandEntry{term=1, timestamp=2018-06-07 10:48:38,341, session=2, sequence=53, operation=PrimitiveOperation{id=DefaultOperationId{id=write, type=COMMAND}, value=byte[]{length=17, hash=-1644578928}}}}
22:48:38.457 [raft-server-1-state] TRACE i.a.p.s.impl.DefaultServiceExecutor - PrimitiveService{2}{type=io.atomix.protocols.raft.RaftTest$TestPrimitiveType@761d7cf3, name=raft-test} - Executing DefaultCommit{index=60, session=RaftSession{RaftServiceContext{server=1, type=io.atomix.protocols.raft.RaftTest$TestPrimitiveType@761d7cf3, name=raft-test, id=2}, session=2, timestamp=2018-06-07 10:48:38,341}, time=2018-06-07 10:48:38,341, operation=DefaultOperationId{id=write, type=COMMAND}, value=byte[]{length=17, hash=-1644578928}}
22:48:38.457 [raft-server-1-state] TRACE i.a.protocols.raft.roles.LeaderRole - RaftServer{1}{role=LEADER} - Sending CommandResponse{status=OK, index=60, eventIndex=2, result=byte[]{length=2, hash=1360}}
22:48:38.457 [raft-client-bd74d86e-809c-4ed1-87a8-2ec3ff75de78-0] TRACE i.a.p.r.p.impl.RaftProxyConnection - PartitionProxy{2}{type=io.atomix.protocols.raft.RaftTest$TestPrimitiveType@35bfa1bb, name=raft-test} - Received CommandResponse{status=OK, index=60, eventIndex=2, result=byte[]{length=2, hash=1360}} from 1
22:48:38.457 [raft-client-bd74d86e-809c-4ed1-87a8-2ec3ff75de78-0] TRACE i.a.p.r.p.impl.RaftProxySequencer - PartitionProxy{2}{type=io.atomix.protocols.raft.RaftTest$TestPrimitiveType@35bfa1bb, name=raft-test} - Completing response CommandResponse{status=OK, index=60, eventIndex=2, result=byte[]{length=2, hash=1360}}
22:48:38.457 [raft-client-bd74d86e-809c-4ed1-87a8-2ec3ff75de78-0] TRACE i.a.p.r.p.impl.RaftProxyConnection - PartitionProxy{2}{type=io.atomix.protocols.raft.RaftTest$TestPrimitiveType@35bfa1bb, name=raft-test} - Sending CommandRequest{session=2, sequence=54, operation=PrimitiveOperation{id=DefaultOperationId{id=write, type=COMMAND}, value=byte[]{length=17, hash=-1644578928}}} to 1
22:48:38.457 [raft-server-1] TRACE i.a.protocols.raft.roles.LeaderRole - RaftServer{1}{role=LEADER} - Received CommandRequest{session=2, sequence=54, operation=PrimitiveOperation{id=DefaultOperationId{id=write, type=COMMAND}, value=byte[]{length=17, hash=-1644578928}}}
22:48:38.643 [raft-server-1] DEBUG i.a.storage.journal.SegmentedJournal - Created disk segment: JournalSegment{id=7, version=1, index=61, size=64}
22:48:38.643 [raft-server-1] TRACE i.a.protocols.raft.roles.LeaderRole - RaftServer{1}{role=LEADER} - Appended Indexed{index=61, entry=CommandEntry{term=1, timestamp=2018-06-07 10:48:38,457, session=2, sequence=54, operation=PrimitiveOperation{id=DefaultOperationId{id=write, type=COMMAND}, value=byte[]{length=17, hash=-1644578928}}}}
22:48:38.644 [raft-server-1] TRACE i.a.p.raft.roles.LeaderAppender - RaftServer{1} - Sending AppendRequest{term=1, leader=1, prevLogIndex=60, prevLogTerm=1, entries=1, commitIndex=60} to 3
22:48:38.644 [raft-server-1] TRACE i.a.p.raft.roles.LeaderAppender - RaftServer{1} - Sending AppendRequest{term=1, leader=1, prevLogIndex=60, prevLogTerm=1, entries=1, commitIndex=60} to 2
22:48:38.644 [raft-server-3] TRACE i.a.p.raft.roles.FollowerRole - RaftServer{3}{role=FOLLOWER} - Received AppendRequest{term=1, leader=1, prevLogIndex=60, prevLogTerm=1, entries=1, commitIndex=60}
22:48:38.644 [raft-server-2] TRACE i.a.p.raft.roles.FollowerRole - RaftServer{2}{role=FOLLOWER} - Received AppendRequest{term=1, leader=1, prevLogIndex=60, prevLogTerm=1, entries=1, commitIndex=60}
22:48:38.823 [raft-server-2] DEBUG i.a.storage.journal.SegmentedJournal - Created disk segment: JournalSegment{id=7, version=1, index=61, size=64}
22:48:38.823 [raft-server-3] DEBUG i.a.storage.journal.SegmentedJournal - Created disk segment: JournalSegment{id=7, version=1, index=61, size=64}
22:48:38.823 [raft-server-3] TRACE i.a.p.raft.roles.FollowerRole - RaftServer{3}{role=FOLLOWER} - Appended Indexed{index=61, entry=CommandEntry{term=1, timestamp=2018-06-07 10:48:38,457, session=2, sequence=54, operation=PrimitiveOperation{id=DefaultOperationId{id=write, type=COMMAND}, value=byte[]{length=17, hash=-1644578928}}}}
22:48:38.823 [raft-server-2] TRACE i.a.p.raft.roles.FollowerRole - RaftServer{2}{role=FOLLOWER} - Appended Indexed{index=61, entry=CommandEntry{term=1, timestamp=2018-06-07 10:48:38,457, session=2, sequence=54, operation=PrimitiveOperation{id=DefaultOperationId{id=write, type=COMMAND}, value=byte[]{length=17, hash=-1644578928}}}}
22:48:38.865 [raft-server-3] TRACE i.a.p.raft.roles.FollowerRole - RaftServer{3}{role=FOLLOWER} - Committed entries up to index 60
22:48:38.865 [raft-server-2] TRACE i.a.p.raft.roles.FollowerRole - RaftServer{2}{role=FOLLOWER} - Committed entries up to index 60
22:48:38.865 [raft-server-3] TRACE i.a.p.raft.roles.FollowerRole - RaftServer{3}{role=FOLLOWER} - Sending AppendResponse{status=OK, term=1, succeeded=true, lastLogIndex=61}
22:48:38.865 [raft-server-2] TRACE i.a.p.raft.roles.FollowerRole - RaftServer{2}{role=FOLLOWER} - Sending AppendResponse{status=OK, term=1, succeeded=true, lastLogIndex=61}
22:48:38.865 [raft-server-1] TRACE i.a.p.raft.roles.LeaderAppender - RaftServer{1} - Received AppendResponse{status=OK, term=1, succeeded=true, lastLogIndex=61} from 2
22:48:38.865 [raft-server-1] TRACE i.a.p.raft.roles.LeaderAppender - RaftServer{1} - Committed entries up to 61
22:48:38.865 [raft-server-3-state] TRACE i.a.p.raft.impl.RaftServiceManager - RaftServer{3} - Applying Indexed{index=60, entry=CommandEntry{term=1, timestamp=2018-06-07 10:48:38,341, session=2, sequence=53, operation=PrimitiveOperation{id=DefaultOperationId{id=write, type=COMMAND}, value=byte[]{length=17, hash=-1644578928}}}}
22:48:38.865 [raft-server-2-state] TRACE i.a.p.raft.impl.RaftServiceManager - RaftServer{2} - Applying Indexed{index=60, entry=CommandEntry{term=1, timestamp=2018-06-07 10:48:38,341, session=2, sequence=53, operation=PrimitiveOperation{id=DefaultOperationId{id=write, type=COMMAND}, value=byte[]{length=17, hash=-1644578928}}}}
22:48:38.865 [raft-server-3-state] TRACE i.a.p.s.impl.DefaultServiceExecutor - PrimitiveService{2}{type=io.atomix.protocols.raft.RaftTest$TestPrimitiveType@64a1ae5, name=raft-test} - Executing DefaultCommit{index=60, session=RaftSession{RaftServiceContext{server=3, type=io.atomix.protocols.raft.RaftTest$TestPrimitiveType@64a1ae5, name=raft-test, id=2}, session=2, timestamp=2018-06-07 10:48:38,341}, time=2018-06-07 10:48:38,341, operation=DefaultOperationId{id=write, type=COMMAND}, value=byte[]{length=17, hash=-1644578928}}
22:48:38.865 [raft-server-2-state] TRACE i.a.p.s.impl.DefaultServiceExecutor - PrimitiveService{2}{type=io.atomix.protocols.raft.RaftTest$TestPrimitiveType@2d95571d, name=raft-test} - Executing DefaultCommit{index=60, session=RaftSession{RaftServiceContext{server=2, type=io.atomix.protocols.raft.RaftTest$TestPrimitiveType@2d95571d, name=raft-test, id=2}, session=2, timestamp=2018-06-07 10:48:38,341}, time=2018-06-07 10:48:38,341, operation=DefaultOperationId{id=write, type=COMMAND}, value=byte[]{length=17, hash=-1644578928}}
22:48:38.919 [raft-server-1] TRACE i.a.p.raft.roles.LeaderAppender - RaftServer{1} - Sending AppendRequest{term=1, leader=1, prevLogIndex=61, prevLogTerm=1, entries=0, commitIndex=61} to 2
22:48:38.920 [raft-server-2] TRACE i.a.p.raft.roles.FollowerRole - RaftServer{2}{role=FOLLOWER} - Received AppendRequest{term=1, leader=1, prevLogIndex=61, prevLogTerm=1, entries=0, commitIndex=61}
22:48:38.920 [raft-server-1] TRACE i.a.p.raft.roles.LeaderAppender - RaftServer{1} - Received AppendResponse{status=OK, term=1, succeeded=true, lastLogIndex=61} from 3
22:48:38.920 [raft-server-2] TRACE i.a.p.raft.roles.FollowerRole - RaftServer{2}{role=FOLLOWER} - Committed entries up to index 61
22:48:38.920 [raft-server-2] TRACE i.a.p.raft.roles.FollowerRole - RaftServer{2}{role=FOLLOWER} - Sending AppendResponse{status=OK, term=1, succeeded=true, lastLogIndex=61}
22:48:38.920 [raft-server-1] TRACE i.a.p.raft.roles.LeaderAppender - RaftServer{1} - Sending AppendRequest{term=1, leader=1, prevLogIndex=61, prevLogTerm=1, entries=0, commitIndex=61} to 3
22:48:38.920 [raft-server-3] TRACE i.a.p.raft.roles.FollowerRole - RaftServer{3}{role=FOLLOWER} - Received AppendRequest{term=1, leader=1, prevLogIndex=61, prevLogTerm=1, entries=0, commitIndex=61}
22:48:38.920 [raft-server-2-state] TRACE i.a.p.raft.impl.RaftServiceManager - RaftServer{2} - Applying Indexed{index=61, entry=CommandEntry{term=1, timestamp=2018-06-07 10:48:38,457, session=2, sequence=54, operation=PrimitiveOperation{id=DefaultOperationId{id=write, type=COMMAND}, value=byte[]{length=17, hash=-1644578928}}}}
22:48:38.920 [raft-server-1] TRACE i.a.p.raft.roles.LeaderAppender - RaftServer{1} - Received AppendResponse{status=OK, term=1, succeeded=true, lastLogIndex=61} from 2
22:48:38.920 [raft-server-1-state] TRACE i.a.p.raft.impl.RaftServiceManager - RaftServer{1} - Applying Indexed{index=61, entry=CommandEntry{term=1, timestamp=2018-06-07 10:48:38,457, session=2, sequence=54, operation=PrimitiveOperation{id=DefaultOperationId{id=write, type=COMMAND}, value=byte[]{length=17, hash=-1644578928}}}}
22:48:38.920 [raft-server-2-state] TRACE i.a.p.s.impl.DefaultServiceExecutor - PrimitiveService{2}{type=io.atomix.protocols.raft.RaftTest$TestPrimitiveType@2d95571d, name=raft-test} - Executing DefaultCommit{index=61, session=RaftSession{RaftServiceContext{server=2, type=io.atomix.protocols.raft.RaftTest$TestPrimitiveType@2d95571d, name=raft-test, id=2}, session=2, timestamp=2018-06-07 10:48:38,457}, time=2018-06-07 10:48:38,457, operation=DefaultOperationId{id=write, type=COMMAND}, value=byte[]{length=17, hash=-1644578928}}
22:48:38.920 [raft-server-1-state] TRACE i.a.p.s.impl.DefaultServiceExecutor - PrimitiveService{2}{type=io.atomix.protocols.raft.RaftTest$TestPrimitiveType@761d7cf3, name=raft-test} - Executing DefaultCommit{index=61, session=RaftSession{RaftServiceContext{server=1, type=io.atomix.protocols.raft.RaftTest$TestPrimitiveType@761d7cf3, name=raft-test, id=2}, session=2, timestamp=2018-06-07 10:48:38,457}, time=2018-06-07 10:48:38,457, operation=DefaultOperationId{id=write, type=COMMAND}, value=byte[]{length=17, hash=-1644578928}}
22:48:38.920 [raft-server-1-state] TRACE i.a.protocols.raft.roles.LeaderRole - RaftServer{1}{role=LEADER} - Sending CommandResponse{status=OK, index=61, eventIndex=2, result=byte[]{length=2, hash=1362}}
22:48:38.920 [raft-client-bd74d86e-809c-4ed1-87a8-2ec3ff75de78-3] TRACE i.a.p.r.p.impl.RaftProxyConnection - PartitionProxy{2}{type=io.atomix.protocols.raft.RaftTest$TestPrimitiveType@35bfa1bb, name=raft-test} - Received CommandResponse{status=OK, index=61, eventIndex=2, result=byte[]{length=2, hash=1362}} from 1
22:48:38.920 [raft-client-bd74d86e-809c-4ed1-87a8-2ec3ff75de78-3] TRACE i.a.p.r.p.impl.RaftProxySequencer - PartitionProxy{2}{type=io.atomix.protocols.raft.RaftTest$TestPrimitiveType@35bfa1bb, name=raft-test} - Completing response CommandResponse{status=OK, index=61, eventIndex=2, result=byte[]{length=2, hash=1362}}
22:48:38.921 [raft-client-bd74d86e-809c-4ed1-87a8-2ec3ff75de78-5] TRACE i.a.p.r.p.impl.RaftProxyConnection - PartitionProxy{2}{type=io.atomix.protocols.raft.RaftTest$TestPrimitiveType@35bfa1bb, name=raft-test} - Sending CommandRequest{session=2, sequence=55, operation=PrimitiveOperation{id=DefaultOperationId{id=write, type=COMMAND}, value=byte[]{length=17, hash=-1644578928}}} to 1
22:48:38.921 [raft-server-1] TRACE i.a.protocols.raft.roles.LeaderRole - RaftServer{1}{role=LEADER} - Received CommandRequest{session=2, sequence=55, operation=PrimitiveOperation{id=DefaultOperationId{id=write, type=COMMAND}, value=byte[]{length=17, hash=-1644578928}}}
22:48:38.921 [raft-server-1] TRACE i.a.protocols.raft.roles.LeaderRole - RaftServer{1}{role=LEADER} - Appended Indexed{index=62, entry=CommandEntry{term=1, timestamp=2018-06-07 10:48:38,921, session=2, sequence=55, operation=PrimitiveOperation{id=DefaultOperationId{id=write, type=COMMAND}, value=byte[]{length=17, hash=-1644578928}}}}
22:48:38.921 [raft-server-1] TRACE i.a.p.raft.roles.LeaderAppender - RaftServer{1} - Sending AppendRequest{term=1, leader=1, prevLogIndex=61, prevLogTerm=1, entries=1, commitIndex=61} to 2
22:48:38.921 [raft-server-2] TRACE i.a.p.raft.roles.FollowerRole - RaftServer{2}{role=FOLLOWER} - Received AppendRequest{term=1, leader=1, prevLogIndex=61, prevLogTerm=1, entries=1, commitIndex=61}
22:48:38.921 [raft-server-2] TRACE i.a.p.raft.roles.FollowerRole - RaftServer{2}{role=FOLLOWER} - Appended Indexed{index=62, entry=CommandEntry{term=1, timestamp=2018-06-07 10:48:38,921, session=2, sequence=55, operation=PrimitiveOperation{id=DefaultOperationId{id=write, type=COMMAND}, value=byte[]{length=17, hash=-1644578928}}}}
22:48:38.922 [raft-server-2] TRACE i.a.p.raft.roles.FollowerRole - RaftServer{2}{role=FOLLOWER} - Sending AppendResponse{status=OK, term=1, succeeded=true, lastLogIndex=62}
22:48:38.922 [raft-server-1] TRACE i.a.p.raft.roles.LeaderAppender - RaftServer{1} - Received AppendResponse{status=OK, term=1, succeeded=true, lastLogIndex=62} from 2
22:48:38.922 [raft-server-1] TRACE i.a.p.raft.roles.LeaderAppender - RaftServer{1} - Committed entries up to 62
22:48:39.011 [raft-server-3] TRACE i.a.p.raft.roles.FollowerRole - RaftServer{3}{role=FOLLOWER} - Committed entries up to index 61
22:48:39.011 [raft-server-3] TRACE i.a.p.raft.roles.FollowerRole - RaftServer{3}{role=FOLLOWER} - Sending AppendResponse{status=OK, term=1, succeeded=true, lastLogIndex=61}
22:48:39.011 [raft-server-3-state] TRACE i.a.p.raft.impl.RaftServiceManager - RaftServer{3} - Applying Indexed{index=61, entry=CommandEntry{term=1, timestamp=2018-06-07 10:48:38,457, session=2, sequence=54, operation=PrimitiveOperation{id=DefaultOperationId{id=write, type=COMMAND}, value=byte[]{length=17, hash=-1644578928}}}}
22:48:39.011 [raft-server-3-state] TRACE i.a.p.s.impl.DefaultServiceExecutor - PrimitiveService{2}{type=io.atomix.protocols.raft.RaftTest$TestPrimitiveType@64a1ae5, name=raft-test} - Executing DefaultCommit{index=61, session=RaftSession{RaftServiceContext{server=3, type=io.atomix.protocols.raft.RaftTest$TestPrimitiveType@64a1ae5, name=raft-test, id=2}, session=2, timestamp=2018-06-07 10:48:38,457}, time=2018-06-07 10:48:38,457, operation=DefaultOperationId{id=write, type=COMMAND}, value=byte[]{length=17, hash=-1644578928}}
22:48:39.073 [raft-server-1] TRACE i.a.p.raft.roles.LeaderAppender - RaftServer{1} - Sending AppendRequest{term=1, leader=1, prevLogIndex=61, prevLogTerm=1, entries=1, commitIndex=62} to 3
22:48:39.073 [raft-server-3] TRACE i.a.p.raft.roles.FollowerRole - RaftServer{3}{role=FOLLOWER} - Received AppendRequest{term=1, leader=1, prevLogIndex=61, prevLogTerm=1, entries=1, commitIndex=62}
22:48:39.073 [raft-server-1] TRACE i.a.p.raft.roles.LeaderAppender - RaftServer{1} - Sending AppendRequest{term=1, leader=1, prevLogIndex=62, prevLogTerm=1, entries=0, commitIndex=62} to 2
22:48:39.074 [raft-server-1] TRACE i.a.p.raft.roles.LeaderAppender - RaftServer{1} - Received AppendResponse{status=OK, term=1, succeeded=true, lastLogIndex=61} from 3
22:48:39.074 [raft-server-2] TRACE i.a.p.raft.roles.FollowerRole - RaftServer{2}{role=FOLLOWER} - Received AppendRequest{term=1, leader=1, prevLogIndex=62, prevLogTerm=1, entries=0, commitIndex=62}
22:48:39.074 [raft-server-3] TRACE i.a.p.raft.roles.FollowerRole - RaftServer{3}{role=FOLLOWER} - Appended Indexed{index=62, entry=CommandEntry{term=1, timestamp=2018-06-07 10:48:38,921, session=2, sequence=55, operation=PrimitiveOperation{id=DefaultOperationId{id=write, type=COMMAND}, value=byte[]{length=17, hash=-1644578928}}}}
22:48:39.074 [raft-server-1-state] TRACE i.a.p.raft.impl.RaftServiceManager - RaftServer{1} - Applying Indexed{index=62, entry=CommandEntry{term=1, timestamp=2018-06-07 10:48:38,921, session=2, sequence=55, operation=PrimitiveOperation{id=DefaultOperationId{id=write, type=COMMAND}, value=byte[]{length=17, hash=-1644578928}}}}
22:48:39.074 [raft-server-1-state] TRACE i.a.p.s.impl.DefaultServiceExecutor - PrimitiveService{2}{type=io.atomix.protocols.raft.RaftTest$TestPrimitiveType@761d7cf3, name=raft-test} - Executing DefaultCommit{index=62, session=RaftSession{RaftServiceContext{server=1, type=io.atomix.protocols.raft.RaftTest$TestPrimitiveType@761d7cf3, name=raft-test, id=2}, session=2, timestamp=2018-06-07 10:48:38,921}, time=2018-06-07 10:48:38,921, operation=DefaultOperationId{id=write, type=COMMAND}, value=byte[]{length=17, hash=-1644578928}}
22:48:39.074 [raft-server-1] TRACE i.a.protocols.raft.roles.LeaderRole - RaftServer{1}{role=LEADER} - Sending CommandResponse{status=OK, index=62, eventIndex=2, result=byte[]{length=2, hash=1364}}
22:48:39.075 [raft-client-bd74d86e-809c-4ed1-87a8-2ec3ff75de78-6] TRACE i.a.p.r.p.impl.RaftProxyConnection - PartitionProxy{2}{type=io.atomix.protocols.raft.RaftTest$TestPrimitiveType@35bfa1bb, name=raft-test} - Received CommandResponse{status=OK, index=62, eventIndex=2, result=byte[]{length=2, hash=1364}} from 1
22:48:39.075 [raft-client-bd74d86e-809c-4ed1-87a8-2ec3ff75de78-6] TRACE i.a.p.r.p.impl.RaftProxySequencer - PartitionProxy{2}{type=io.atomix.protocols.raft.RaftTest$TestPrimitiveType@35bfa1bb, name=raft-test} - Completing response CommandResponse{status=OK, index=62, eventIndex=2, result=byte[]{length=2, hash=1364}}
22:48:39.075 [raft-client-bd74d86e-809c-4ed1-87a8-2ec3ff75de78-1] TRACE i.a.p.r.p.impl.RaftProxyConnection - PartitionProxy{2}{type=io.atomix.protocols.raft.RaftTest$TestPrimitiveType@35bfa1bb, name=raft-test} - Sending CommandRequest{session=2, sequence=56, operation=PrimitiveOperation{id=DefaultOperationId{id=write, type=COMMAND}, value=byte[]{length=17, hash=-1644578928}}} to 1
22:48:39.075 [raft-server-1] TRACE i.a.protocols.raft.roles.LeaderRole - RaftServer{1}{role=LEADER} - Received CommandRequest{session=2, sequence=56, operation=PrimitiveOperation{id=DefaultOperationId{id=write, type=COMMAND}, value=byte[]{length=17, hash=-1644578928}}}
22:48:39.075 [raft-server-1] TRACE i.a.protocols.raft.roles.LeaderRole - RaftServer{1}{role=LEADER} - Appended Indexed{index=63, entry=CommandEntry{term=1, timestamp=2018-06-07 10:48:39,075, session=2, sequence=56, operation=PrimitiveOperation{id=DefaultOperationId{id=write, type=COMMAND}, value=byte[]{length=17, hash=-1644578928}}}}
22:48:39.135 [raft-server-2] TRACE i.a.p.raft.roles.FollowerRole - RaftServer{2}{role=FOLLOWER} - Committed entries up to index 62
22:48:39.135 [raft-server-3] TRACE i.a.p.raft.roles.FollowerRole - RaftServer{3}{role=FOLLOWER} - Committed entries up to index 62
22:48:39.135 [raft-server-2] TRACE i.a.p.raft.roles.FollowerRole - RaftServer{2}{role=FOLLOWER} - Sending AppendResponse{status=OK, term=1, succeeded=true, lastLogIndex=62}
22:48:39.135 [raft-server-3] TRACE i.a.p.raft.roles.FollowerRole - RaftServer{3}{role=FOLLOWER} - Sending AppendResponse{status=OK, term=1, succeeded=true, lastLogIndex=62}
22:48:39.135 [raft-server-3-state] TRACE i.a.p.raft.impl.RaftServiceManager - RaftServer{3} - Applying Indexed{index=62, entry=CommandEntry{term=1, timestamp=2018-06-07 10:48:38,921, session=2, sequence=55, operation=PrimitiveOperation{id=DefaultOperationId{id=write, type=COMMAND}, value=byte[]{length=17, hash=-1644578928}}}}
22:48:39.135 [raft-server-2-state] TRACE i.a.p.raft.impl.RaftServiceManager - RaftServer{2} - Applying Indexed{index=62, entry=CommandEntry{term=1, timestamp=2018-06-07 10:48:38,921, session=2, sequence=55, operation=PrimitiveOperation{id=DefaultOperationId{id=write, type=COMMAND}, value=byte[]{length=17, hash=-1644578928}}}}
22:48:39.135 [raft-server-3-state] TRACE i.a.p.s.impl.DefaultServiceExecutor - PrimitiveService{2}{type=io.atomix.protocols.raft.RaftTest$TestPrimitiveType@64a1ae5, name=raft-test} - Executing DefaultCommit{index=62, session=RaftSession{RaftServiceContext{server=3, type=io.atomix.protocols.raft.RaftTest$TestPrimitiveType@64a1ae5, name=raft-test, id=2}, session=2, timestamp=2018-06-07 10:48:38,921}, time=2018-06-07 10:48:38,921, operation=DefaultOperationId{id=write, type=COMMAND}, value=byte[]{length=17, hash=-1644578928}}
22:48:39.135 [raft-server-2-state] TRACE i.a.p.s.impl.DefaultServiceExecutor - PrimitiveService{2}{type=io.atomix.protocols.raft.RaftTest$TestPrimitiveType@2d95571d, name=raft-test} - Executing DefaultCommit{index=62, session=RaftSession{RaftServiceContext{server=2, type=io.atomix.protocols.raft.RaftTest$TestPrimitiveType@2d95571d, name=raft-test, id=2}, session=2, timestamp=2018-06-07 10:48:38,921}, time=2018-06-07 10:48:38,921, operation=DefaultOperationId{id=write, type=COMMAND}, value=byte[]{length=17, hash=-1644578928}}
22:48:39.135 [raft-server-1] TRACE i.a.p.raft.roles.LeaderAppender - RaftServer{1} - Received AppendResponse{status=OK, term=1, succeeded=true, lastLogIndex=62} from 2
22:48:39.135 [raft-server-1] TRACE i.a.p.raft.roles.LeaderAppender - RaftServer{1} - Sending AppendRequest{term=1, leader=1, prevLogIndex=62, prevLogTerm=1, entries=1, commitIndex=62} to 2
22:48:39.136 [raft-server-2] TRACE i.a.p.raft.roles.FollowerRole - RaftServer{2}{role=FOLLOWER} - Received AppendRequest{term=1, leader=1, prevLogIndex=62, prevLogTerm=1, entries=1, commitIndex=62}
22:48:39.136 [raft-server-1] TRACE i.a.p.raft.roles.LeaderAppender - RaftServer{1} - Sending AppendRequest{term=1, leader=1, prevLogIndex=62, prevLogTerm=1, entries=1, commitIndex=62} to 3
22:48:39.136 [raft-server-3] TRACE i.a.p.raft.roles.FollowerRole - RaftServer{3}{role=FOLLOWER} - Received AppendRequest{term=1, leader=1, prevLogIndex=62, prevLogTerm=1, entries=1, commitIndex=62}
22:48:39.136 [raft-server-1] TRACE i.a.p.raft.roles.LeaderAppender - RaftServer{1} - Received AppendResponse{status=OK, term=1, succeeded=true, lastLogIndex=62} from 3
22:48:39.136 [raft-server-2] TRACE i.a.p.raft.roles.FollowerRole - RaftServer{2}{role=FOLLOWER} - Appended Indexed{index=63, entry=CommandEntry{term=1, timestamp=2018-06-07 10:48:39,075, session=2, sequence=56, operation=PrimitiveOperation{id=DefaultOperationId{id=write, type=COMMAND}, value=byte[]{length=17, hash=-1644578928}}}}
22:48:39.136 [raft-server-2] TRACE i.a.p.raft.roles.FollowerRole - RaftServer{2}{role=FOLLOWER} - Sending AppendResponse{status=OK, term=1, succeeded=true, lastLogIndex=63}
22:48:39.136 [raft-server-1] TRACE i.a.p.raft.roles.LeaderAppender - RaftServer{1} - Received AppendResponse{status=OK, term=1, succeeded=true, lastLogIndex=63} from 2
22:48:39.136 [raft-server-3] TRACE i.a.p.raft.roles.FollowerRole - RaftServer{3}{role=FOLLOWER} - Appended Indexed{index=63, entry=CommandEntry{term=1, timestamp=2018-06-07 10:48:39,075, session=2, sequence=56, operation=PrimitiveOperation{id=DefaultOperationId{id=write, type=COMMAND}, value=byte[]{length=17, hash=-1644578928}}}}
22:48:39.136 [raft-server-1] TRACE i.a.p.raft.roles.LeaderAppender - RaftServer{1} - Committed entries up to 63
22:48:39.136 [raft-server-3] TRACE i.a.p.raft.roles.FollowerRole - RaftServer{3}{role=FOLLOWER} - Sending AppendResponse{status=OK, term=1, succeeded=true, lastLogIndex=63}
22:48:39.199 [raft-server-1] TRACE i.a.p.raft.roles.LeaderAppender - RaftServer{1} - Received AppendResponse{status=OK, term=1, succeeded=true, lastLogIndex=63} from 3
22:48:39.199 [raft-server-1-state] TRACE i.a.p.raft.impl.RaftServiceManager - RaftServer{1} - Applying Indexed{index=63, entry=CommandEntry{term=1, timestamp=2018-06-07 10:48:39,075, session=2, sequence=56, operation=PrimitiveOperation{id=DefaultOperationId{id=write, type=COMMAND}, value=byte[]{length=17, hash=-1644578928}}}}
22:48:39.200 [raft-server-1-state] TRACE i.a.p.s.impl.DefaultServiceExecutor - PrimitiveService{2}{type=io.atomix.protocols.raft.RaftTest$TestPrimitiveType@761d7cf3, name=raft-test} - Executing DefaultCommit{index=63, session=RaftSession{RaftServiceContext{server=1, type=io.atomix.protocols.raft.RaftTest$TestPrimitiveType@761d7cf3, name=raft-test, id=2}, session=2, timestamp=2018-06-07 10:48:39,075}, time=2018-06-07 10:48:39,075, operation=DefaultOperationId{id=write, type=COMMAND}, value=byte[]{length=17, hash=-1644578928}}
22:48:39.200 [raft-server-1-state] TRACE i.a.protocols.raft.roles.LeaderRole - RaftServer{1}{role=LEADER} - Sending CommandResponse{status=OK, index=63, eventIndex=2, result=byte[]{length=2, hash=1366}}
22:48:39.200 [raft-client-bd74d86e-809c-4ed1-87a8-2ec3ff75de78-2] TRACE i.a.p.r.p.impl.RaftProxyConnection - PartitionProxy{2}{type=io.atomix.protocols.raft.RaftTest$TestPrimitiveType@35bfa1bb, name=raft-test} - Received CommandResponse{status=OK, index=63, eventIndex=2, result=byte[]{length=2, hash=1366}} from 1
22:48:39.200 [raft-client-bd74d86e-809c-4ed1-87a8-2ec3ff75de78-2] TRACE i.a.p.r.p.impl.RaftProxySequencer - PartitionProxy{2}{type=io.atomix.protocols.raft.RaftTest$TestPrimitiveType@35bfa1bb, name=raft-test} - Completing response CommandResponse{status=OK, index=63, eventIndex=2, result=byte[]{length=2, hash=1366}}
22:48:39.200 [raft-client-bd74d86e-809c-4ed1-87a8-2ec3ff75de78-2] TRACE i.a.p.r.p.impl.RaftProxyConnection - PartitionProxy{2}{type=io.atomix.protocols.raft.RaftTest$TestPrimitiveType@35bfa1bb, name=raft-test} - Sending CommandRequest{session=2, sequence=57, operation=PrimitiveOperation{id=DefaultOperationId{id=write, type=COMMAND}, value=byte[]{length=17, hash=-1644578928}}} to 1
22:48:39.200 [raft-server-1] TRACE i.a.protocols.raft.roles.LeaderRole - RaftServer{1}{role=LEADER} - Received CommandRequest{session=2, sequence=57, operation=PrimitiveOperation{id=DefaultOperationId{id=write, type=COMMAND}, value=byte[]{length=17, hash=-1644578928}}}
22:48:39.208 [raft-server-1] TRACE i.a.protocols.raft.roles.LeaderRole - RaftServer{1}{role=LEADER} - Appended Indexed{index=64, entry=CommandEntry{term=1, timestamp=2018-06-07 10:48:39,200, session=2, sequence=57, operation=PrimitiveOperation{id=DefaultOperationId{id=write, type=COMMAND}, value=byte[]{length=17, hash=-1644578928}}}}
22:48:39.208 [raft-server-1] TRACE i.a.p.raft.roles.LeaderAppender - RaftServer{1} - Sending AppendRequest{term=1, leader=1, prevLogIndex=63, prevLogTerm=1, entries=1, commitIndex=63} to 3
22:48:39.208 [raft-server-3] TRACE i.a.p.raft.roles.FollowerRole - RaftServer{3}{role=FOLLOWER} - Received AppendRequest{term=1, leader=1, prevLogIndex=63, prevLogTerm=1, entries=1, commitIndex=63}
22:48:39.208 [raft-server-1] TRACE i.a.p.raft.roles.LeaderAppender - RaftServer{1} - Sending AppendRequest{term=1, leader=1, prevLogIndex=63, prevLogTerm=1, entries=1, commitIndex=63} to 2
22:48:39.208 [raft-server-2] TRACE i.a.p.raft.roles.FollowerRole - RaftServer{2}{role=FOLLOWER} - Received AppendRequest{term=1, leader=1, prevLogIndex=63, prevLogTerm=1, entries=1, commitIndex=63}
22:48:39.208 [raft-server-3] TRACE i.a.p.raft.roles.FollowerRole - RaftServer{3}{role=FOLLOWER} - Appended Indexed{index=64, entry=CommandEntry{term=1, timestamp=2018-06-07 10:48:39,200, session=2, sequence=57, operation=PrimitiveOperation{id=DefaultOperationId{id=write, type=COMMAND}, value=byte[]{length=17, hash=-1644578928}}}}
22:48:39.208 [raft-server-2] TRACE i.a.p.raft.roles.FollowerRole - RaftServer{2}{role=FOLLOWER} - Appended Indexed{index=64, entry=CommandEntry{term=1, timestamp=2018-06-07 10:48:39,200, session=2, sequence=57, operation=PrimitiveOperation{id=DefaultOperationId{id=write, type=COMMAND}, value=byte[]{length=17, hash=-1644578928}}}}
22:48:39.290 [raft-server-3] TRACE i.a.p.raft.roles.FollowerRole - RaftServer{3}{role=FOLLOWER} - Committed entries up to index 63
22:48:39.290 [raft-server-2] TRACE i.a.p.raft.roles.FollowerRole - RaftServer{2}{role=FOLLOWER} - Committed entries up to index 63
22:48:39.290 [raft-server-3] TRACE i.a.p.raft.roles.FollowerRole - RaftServer{3}{role=FOLLOWER} - Sending AppendResponse{status=OK, term=1, succeeded=true, lastLogIndex=64}
22:48:39.290 [raft-server-2] TRACE i.a.p.raft.roles.FollowerRole - RaftServer{2}{role=FOLLOWER} - Sending AppendResponse{status=OK, term=1, succeeded=true, lastLogIndex=64}
22:48:39.290 [raft-server-1] TRACE i.a.p.raft.roles.LeaderAppender - RaftServer{1} - Received AppendResponse{status=OK, term=1, succeeded=true, lastLogIndex=64} from 3
22:48:39.290 [raft-server-1] TRACE i.a.p.raft.roles.LeaderAppender - RaftServer{1} - Committed entries up to 64
22:48:39.290 [raft-server-3-state] TRACE i.a.p.raft.impl.RaftServiceManager - RaftServer{3} - Applying Indexed{index=63, entry=CommandEntry{term=1, timestamp=2018-06-07 10:48:39,075, session=2, sequence=56, operation=PrimitiveOperation{id=DefaultOperationId{id=write, type=COMMAND}, value=byte[]{length=17, hash=-1644578928}}}}
22:48:39.290 [raft-server-2-state] TRACE i.a.p.raft.impl.RaftServiceManager - RaftServer{2} - Applying Indexed{index=63, entry=CommandEntry{term=1, timestamp=2018-06-07 10:48:39,075, session=2, sequence=56, operation=PrimitiveOperation{id=DefaultOperationId{id=write, type=COMMAND}, value=byte[]{length=17, hash=-1644578928}}}}
22:48:39.290 [raft-server-3-state] TRACE i.a.p.s.impl.DefaultServiceExecutor - PrimitiveService{2}{type=io.atomix.protocols.raft.RaftTest$TestPrimitiveType@64a1ae5, name=raft-test} - Executing DefaultCommit{index=63, session=RaftSession{RaftServiceContext{server=3, type=io.atomix.protocols.raft.RaftTest$TestPrimitiveType@64a1ae5, name=raft-test, id=2}, session=2, timestamp=2018-06-07 10:48:39,075}, time=2018-06-07 10:48:39,075, operation=DefaultOperationId{id=write, type=COMMAND}, value=byte[]{length=17, hash=-1644578928}}
22:48:39.290 [raft-server-2-state] TRACE i.a.p.s.impl.DefaultServiceExecutor - PrimitiveService{2}{type=io.atomix.protocols.raft.RaftTest$TestPrimitiveType@2d95571d, name=raft-test} - Executing DefaultCommit{index=63, session=RaftSession{RaftServiceContext{server=2, type=io.atomix.protocols.raft.RaftTest$TestPrimitiveType@2d95571d, name=raft-test, id=2}, session=2, timestamp=2018-06-07 10:48:39,075}, time=2018-06-07 10:48:39,075, operation=DefaultOperationId{id=write, type=COMMAND}, value=byte[]{length=17, hash=-1644578928}}
22:48:39.406 [raft-server-1] TRACE i.a.p.raft.roles.LeaderAppender - RaftServer{1} - Sending AppendRequest{term=1, leader=1, prevLogIndex=64, prevLogTerm=1, entries=0, commitIndex=64} to 3
22:48:39.406 [raft-server-3] TRACE i.a.p.raft.roles.FollowerRole - RaftServer{3}{role=FOLLOWER} - Received AppendRequest{term=1, leader=1, prevLogIndex=64, prevLogTerm=1, entries=0, commitIndex=64}
22:48:39.406 [raft-server-3] TRACE i.a.p.raft.roles.FollowerRole - RaftServer{3}{role=FOLLOWER} - Committed entries up to index 64
22:48:39.406 [raft-server-3] TRACE i.a.p.raft.roles.FollowerRole - RaftServer{3}{role=FOLLOWER} - Sending AppendResponse{status=OK, term=1, succeeded=true, lastLogIndex=64}
22:48:39.407 [raft-server-1] TRACE i.a.p.raft.roles.LeaderAppender - RaftServer{1} - Received AppendResponse{status=OK, term=1, succeeded=true, lastLogIndex=64} from 2
22:48:39.407 [raft-server-1] TRACE i.a.p.raft.roles.LeaderAppender - RaftServer{1} - Sending AppendRequest{term=1, leader=1, prevLogIndex=64, prevLogTerm=1, entries=0, commitIndex=64} to 2
22:48:39.407 [raft-server-3-state] TRACE i.a.p.raft.impl.RaftServiceManager - RaftServer{3} - Applying Indexed{index=64, entry=CommandEntry{term=1, timestamp=2018-06-07 10:48:39,200, session=2, sequence=57, operation=PrimitiveOperation{id=DefaultOperationId{id=write, type=COMMAND}, value=byte[]{length=17, hash=-1644578928}}}}
22:48:39.407 [raft-server-2] TRACE i.a.p.raft.roles.FollowerRole - RaftServer{2}{role=FOLLOWER} - Received AppendRequest{term=1, leader=1, prevLogIndex=64, prevLogTerm=1, entries=0, commitIndex=64}
22:48:39.407 [raft-server-3-state] TRACE i.a.p.s.impl.DefaultServiceExecutor - PrimitiveService{2}{type=io.atomix.protocols.raft.RaftTest$TestPrimitiveType@64a1ae5, name=raft-test} - Executing DefaultCommit{index=64, session=RaftSession{RaftServiceContext{server=3, type=io.atomix.protocols.raft.RaftTest$TestPrimitiveType@64a1ae5, name=raft-test, id=2}, session=2, timestamp=2018-06-07 10:48:39,200}, time=2018-06-07 10:48:39,200, operation=DefaultOperationId{id=write, type=COMMAND}, value=byte[]{length=17, hash=-1644578928}}
22:48:39.407 [raft-server-1-state] TRACE i.a.p.raft.impl.RaftServiceManager - RaftServer{1} - Applying Indexed{index=64, entry=CommandEntry{term=1, timestamp=2018-06-07 10:48:39,200, session=2, sequence=57, operation=PrimitiveOperation{id=DefaultOperationId{id=write, type=COMMAND}, value=byte[]{length=17, hash=-1644578928}}}}
22:48:39.407 [raft-server-1-state] TRACE i.a.p.s.impl.DefaultServiceExecutor - PrimitiveService{2}{type=io.atomix.protocols.raft.RaftTest$TestPrimitiveType@761d7cf3, name=raft-test} - Executing DefaultCommit{index=64, session=RaftSession{RaftServiceContext{server=1, type=io.atomix.protocols.raft.RaftTest$TestPrimitiveType@761d7cf3, name=raft-test, id=2}, session=2, timestamp=2018-06-07 10:48:39,200}, time=2018-06-07 10:48:39,200, operation=DefaultOperationId{id=write, type=COMMAND}, value=byte[]{length=17, hash=-1644578928}}
22:48:39.407 [raft-server-1] TRACE i.a.protocols.raft.roles.LeaderRole - RaftServer{1}{role=LEADER} - Sending CommandResponse{status=OK, index=64, eventIndex=2, result=byte[]{length=3, hash=34473}}
22:48:39.407 [raft-server-1] TRACE i.a.p.raft.roles.LeaderAppender - RaftServer{1} - Received AppendResponse{status=OK, term=1, succeeded=true, lastLogIndex=64} from 3
22:48:39.407 [raft-client-bd74d86e-809c-4ed1-87a8-2ec3ff75de78-3] TRACE i.a.p.r.p.impl.RaftProxyConnection - PartitionProxy{2}{type=io.atomix.protocols.raft.RaftTest$TestPrimitiveType@35bfa1bb, name=raft-test} - Received CommandResponse{status=OK, index=64, eventIndex=2, result=byte[]{length=3, hash=34473}} from 1
22:48:39.407 [raft-client-bd74d86e-809c-4ed1-87a8-2ec3ff75de78-3] TRACE i.a.p.r.p.impl.RaftProxySequencer - PartitionProxy{2}{type=io.atomix.protocols.raft.RaftTest$TestPrimitiveType@35bfa1bb, name=raft-test} - Completing response CommandResponse{status=OK, index=64, eventIndex=2, result=byte[]{length=3, hash=34473}}
22:48:39.408 [raft-client-bd74d86e-809c-4ed1-87a8-2ec3ff75de78-3] TRACE i.a.p.r.p.impl.RaftProxyConnection - PartitionProxy{2}{type=io.atomix.protocols.raft.RaftTest$TestPrimitiveType@35bfa1bb, name=raft-test} - Sending CommandRequest{session=2, sequence=58, operation=PrimitiveOperation{id=DefaultOperationId{id=write, type=COMMAND}, value=byte[]{length=17, hash=-1644578928}}} to 1
22:48:39.408 [raft-server-1] TRACE i.a.protocols.raft.roles.LeaderRole - RaftServer{1}{role=LEADER} - Received CommandRequest{session=2, sequence=58, operation=PrimitiveOperation{id=DefaultOperationId{id=write, type=COMMAND}, value=byte[]{length=17, hash=-1644578928}}}
22:48:39.408 [raft-server-1] TRACE i.a.protocols.raft.roles.LeaderRole - RaftServer{1}{role=LEADER} - Appended Indexed{index=65, entry=CommandEntry{term=1, timestamp=2018-06-07 10:48:39,408, session=2, sequence=58, operation=PrimitiveOperation{id=DefaultOperationId{id=write, type=COMMAND}, value=byte[]{length=17, hash=-1644578928}}}}
22:48:39.408 [raft-server-1] TRACE i.a.p.raft.roles.LeaderAppender - RaftServer{1} - Sending AppendRequest{term=1, leader=1, prevLogIndex=64, prevLogTerm=1, entries=1, commitIndex=64} to 3
22:48:39.408 [raft-server-3] TRACE i.a.p.raft.roles.FollowerRole - RaftServer{3}{role=FOLLOWER} - Received AppendRequest{term=1, leader=1, prevLogIndex=64, prevLogTerm=1, entries=1, commitIndex=64}
22:48:39.408 [raft-server-3] TRACE i.a.p.raft.roles.FollowerRole - RaftServer{3}{role=FOLLOWER} - Appended Indexed{index=65, entry=CommandEntry{term=1, timestamp=2018-06-07 10:48:39,408, session=2, sequence=58, operation=PrimitiveOperation{id=DefaultOperationId{id=write, type=COMMAND}, value=byte[]{length=17, hash=-1644578928}}}}
22:48:39.408 [raft-server-3] TRACE i.a.p.raft.roles.FollowerRole - RaftServer{3}{role=FOLLOWER} - Sending AppendResponse{status=OK, term=1, succeeded=true, lastLogIndex=65}
22:48:39.408 [raft-server-1] TRACE i.a.p.raft.roles.LeaderAppender - RaftServer{1} - Received AppendResponse{status=OK, term=1, succeeded=true, lastLogIndex=65} from 3
22:48:39.408 [raft-server-1] TRACE i.a.p.raft.roles.LeaderAppender - RaftServer{1} - Committed entries up to 65
22:48:39.527 [raft-server-2] TRACE i.a.p.raft.roles.FollowerRole - RaftServer{2}{role=FOLLOWER} - Committed entries up to index 64
22:48:39.527 [raft-server-2] TRACE i.a.p.raft.roles.FollowerRole - RaftServer{2}{role=FOLLOWER} - Sending AppendResponse{status=OK, term=1, succeeded=true, lastLogIndex=64}
22:48:39.527 [raft-server-2-state] TRACE i.a.p.raft.impl.RaftServiceManager - RaftServer{2} - Applying Indexed{index=64, entry=CommandEntry{term=1, timestamp=2018-06-07 10:48:39,200, session=2, sequence=57, operation=PrimitiveOperation{id=DefaultOperationId{id=write, type=COMMAND}, value=byte[]{length=17, hash=-1644578928}}}}
22:48:39.527 [raft-server-2-state] TRACE i.a.p.s.impl.DefaultServiceExecutor - PrimitiveService{2}{type=io.atomix.protocols.raft.RaftTest$TestPrimitiveType@2d95571d, name=raft-test} - Executing DefaultCommit{index=64, session=RaftSession{RaftServiceContext{server=2, type=io.atomix.protocols.raft.RaftTest$TestPrimitiveType@2d95571d, name=raft-test, id=2}, session=2, timestamp=2018-06-07 10:48:39,200}, time=2018-06-07 10:48:39,200, operation=DefaultOperationId{id=write, type=COMMAND}, value=byte[]{length=17, hash=-1644578928}}
22:48:39.600 [raft-server-1] TRACE i.a.p.raft.roles.LeaderAppender - RaftServer{1} - Sending AppendRequest{term=1, leader=1, prevLogIndex=65, prevLogTerm=1, entries=0, commitIndex=65} to 3
22:48:39.600 [raft-server-1] TRACE i.a.p.raft.roles.LeaderAppender - RaftServer{1} - Sending AppendRequest{term=1, leader=1, prevLogIndex=64, prevLogTerm=1, entries=1, commitIndex=65} to 2
22:48:39.600 [raft-server-3] TRACE i.a.p.raft.roles.FollowerRole - RaftServer{3}{role=FOLLOWER} - Received AppendRequest{term=1, leader=1, prevLogIndex=65, prevLogTerm=1, entries=0, commitIndex=65}
22:48:39.600 [raft-server-2] TRACE i.a.p.raft.roles.FollowerRole - RaftServer{2}{role=FOLLOWER} - Received AppendRequest{term=1, leader=1, prevLogIndex=64, prevLogTerm=1, entries=1, commitIndex=65}
22:48:39.600 [raft-server-1] TRACE i.a.p.raft.roles.LeaderAppender - RaftServer{1} - Received AppendResponse{status=OK, term=1, succeeded=true, lastLogIndex=64} from 2
22:48:39.601 [raft-server-2] TRACE i.a.p.raft.roles.FollowerRole - RaftServer{2}{role=FOLLOWER} - Appended Indexed{index=65, entry=CommandEntry{term=1, timestamp=2018-06-07 10:48:39,408, session=2, sequence=58, operation=PrimitiveOperation{id=DefaultOperationId{id=write, type=COMMAND}, value=byte[]{length=17, hash=-1644578928}}}}
22:48:39.601 [raft-server-1-state] TRACE i.a.p.raft.impl.RaftServiceManager - RaftServer{1} - Applying Indexed{index=65, entry=CommandEntry{term=1, timestamp=2018-06-07 10:48:39,408, session=2, sequence=58, operation=PrimitiveOperation{id=DefaultOperationId{id=write, type=COMMAND}, value=byte[]{length=17, hash=-1644578928}}}}
22:48:39.601 [raft-server-1-state] TRACE i.a.p.s.impl.DefaultServiceExecutor - PrimitiveService{2}{type=io.atomix.protocols.raft.RaftTest$TestPrimitiveType@761d7cf3, name=raft-test} - Executing DefaultCommit{index=65, session=RaftSession{RaftServiceContext{server=1, type=io.atomix.protocols.raft.RaftTest$TestPrimitiveType@761d7cf3, name=raft-test, id=2}, session=2, timestamp=2018-06-07 10:48:39,408}, time=2018-06-07 10:48:39,408, operation=DefaultOperationId{id=write, type=COMMAND}, value=byte[]{length=17, hash=-1644578928}}
22:48:39.601 [raft-server-1-state] TRACE i.a.protocols.raft.roles.LeaderRole - RaftServer{1}{role=LEADER} - Sending CommandResponse{status=OK, index=65, eventIndex=2, result=byte[]{length=3, hash=34535}}
22:48:39.601 [raft-client-bd74d86e-809c-4ed1-87a8-2ec3ff75de78-2] TRACE i.a.p.r.p.impl.RaftProxyConnection - PartitionProxy{2}{type=io.atomix.protocols.raft.RaftTest$TestPrimitiveType@35bfa1bb, name=raft-test} - Received CommandResponse{status=OK, index=65, eventIndex=2, result=byte[]{length=3, hash=34535}} from 1
22:48:39.601 [raft-client-bd74d86e-809c-4ed1-87a8-2ec3ff75de78-2] TRACE i.a.p.r.p.impl.RaftProxySequencer - PartitionProxy{2}{type=io.atomix.protocols.raft.RaftTest$TestPrimitiveType@35bfa1bb, name=raft-test} - Completing response CommandResponse{status=OK, index=65, eventIndex=2, result=byte[]{length=3, hash=34535}}
22:48:39.601 [raft-client-bd74d86e-809c-4ed1-87a8-2ec3ff75de78-2] TRACE i.a.p.r.p.impl.RaftProxyConnection - PartitionProxy{2}{type=io.atomix.protocols.raft.RaftTest$TestPrimitiveType@35bfa1bb, name=raft-test} - Sending CommandRequest{session=2, sequence=59, operation=PrimitiveOperation{id=DefaultOperationId{id=write, type=COMMAND}, value=byte[]{length=17, hash=-1644578928}}} to 1
22:48:39.602 [raft-server-1] TRACE i.a.protocols.raft.roles.LeaderRole - RaftServer{1}{role=LEADER} - Received CommandRequest{session=2, sequence=59, operation=PrimitiveOperation{id=DefaultOperationId{id=write, type=COMMAND}, value=byte[]{length=17, hash=-1644578928}}}
22:48:39.602 [raft-server-1] TRACE i.a.protocols.raft.roles.LeaderRole - RaftServer{1}{role=LEADER} - Appended Indexed{index=66, entry=CommandEntry{term=1, timestamp=2018-06-07 10:48:39,602, session=2, sequence=59, operation=PrimitiveOperation{id=DefaultOperationId{id=write, type=COMMAND}, value=byte[]{length=17, hash=-1644578928}}}}
22:48:39.661 [raft-client-bd74d86e-809c-4ed1-87a8-2ec3ff75de78-6] TRACE i.a.p.r.proxy.impl.RaftProxyManager - RaftClient{bd74d86e-809c-4ed1-87a8-2ec3ff75de78} - Keeping 1 sessions alive
22:48:39.661 [raft-client-bd74d86e-809c-4ed1-87a8-2ec3ff75de78-6] TRACE i.a.p.r.p.impl.RaftProxyConnection - RaftClient{bd74d86e-809c-4ed1-87a8-2ec3ff75de78} - Sending KeepAliveRequest{sessionIds=long[]{length=1, hash=33}, commandSequences=long[]{length=1, hash=89}, eventIndexes=long[]{length=1, hash=33}} to 2
22:48:39.665 [raft-server-3] TRACE i.a.p.raft.roles.FollowerRole - RaftServer{3}{role=FOLLOWER} - Committed entries up to index 65
22:48:39.665 [raft-server-3] TRACE i.a.p.raft.roles.FollowerRole - RaftServer{3}{role=FOLLOWER} - Sending AppendResponse{status=OK, term=1, succeeded=true, lastLogIndex=65}
22:48:39.665 [raft-server-1] TRACE i.a.p.raft.roles.LeaderAppender - RaftServer{1} - Received AppendResponse{status=OK, term=1, succeeded=true, lastLogIndex=65} from 3
22:48:39.665 [raft-server-3-state] TRACE i.a.p.raft.impl.RaftServiceManager - RaftServer{3} - Applying Indexed{index=65, entry=CommandEntry{term=1, timestamp=2018-06-07 10:48:39,408, session=2, sequence=58, operation=PrimitiveOperation{id=DefaultOperationId{id=write, type=COMMAND}, value=byte[]{length=17, hash=-1644578928}}}}
22:48:39.665 [raft-server-1] TRACE i.a.p.raft.roles.LeaderAppender - RaftServer{1} - Sending AppendRequest{term=1, leader=1, prevLogIndex=65, prevLogTerm=1, entries=1, commitIndex=65} to 3
22:48:39.665 [raft-server-3-state] TRACE i.a.p.s.impl.DefaultServiceExecutor - PrimitiveService{2}{type=io.atomix.protocols.raft.RaftTest$TestPrimitiveType@64a1ae5, name=raft-test} - Executing DefaultCommit{index=65, session=RaftSession{RaftServiceContext{server=3, type=io.atomix.protocols.raft.RaftTest$TestPrimitiveType@64a1ae5, name=raft-test, id=2}, session=2, timestamp=2018-06-07 10:48:39,408}, time=2018-06-07 10:48:39,408, operation=DefaultOperationId{id=write, type=COMMAND}, value=byte[]{length=17, hash=-1644578928}}
22:48:39.665 [raft-server-1] TRACE i.a.p.raft.roles.LeaderAppender - RaftServer{1} - Sending AppendRequest{term=1, leader=1, prevLogIndex=65, prevLogTerm=1, entries=1, commitIndex=65} to 2
22:48:39.665 [raft-server-3] TRACE i.a.p.raft.roles.FollowerRole - RaftServer{3}{role=FOLLOWER} - Received AppendRequest{term=1, leader=1, prevLogIndex=65, prevLogTerm=1, entries=1, commitIndex=65}
22:48:39.666 [raft-server-3] TRACE i.a.p.raft.roles.FollowerRole - RaftServer{3}{role=FOLLOWER} - Appended Indexed{index=66, entry=CommandEntry{term=1, timestamp=2018-06-07 10:48:39,602, session=2, sequence=59, operation=PrimitiveOperation{id=DefaultOperationId{id=write, type=COMMAND}, value=byte[]{length=17, hash=-1644578928}}}}
22:48:39.666 [raft-server-3] TRACE i.a.p.raft.roles.FollowerRole - RaftServer{3}{role=FOLLOWER} - Sending AppendResponse{status=OK, term=1, succeeded=true, lastLogIndex=66}
22:48:39.666 [raft-server-1] TRACE i.a.p.raft.roles.LeaderAppender - RaftServer{1} - Received AppendResponse{status=OK, term=1, succeeded=true, lastLogIndex=66} from 3
22:48:39.666 [raft-server-1] TRACE i.a.p.raft.roles.LeaderAppender - RaftServer{1} - Committed entries up to 66
22:48:39.728 [raft-server-2] TRACE i.a.p.raft.roles.FollowerRole - RaftServer{2}{role=FOLLOWER} - Committed entries up to index 65
22:48:39.728 [raft-server-2] TRACE i.a.p.raft.roles.FollowerRole - RaftServer{2}{role=FOLLOWER} - Sending AppendResponse{status=OK, term=1, succeeded=true, lastLogIndex=65}
22:48:39.728 [raft-server-2] TRACE i.a.p.raft.roles.FollowerRole - RaftServer{2}{role=FOLLOWER} - Received KeepAliveRequest{sessionIds=long[]{length=1, hash=33}, commandSequences=long[]{length=1, hash=89}, eventIndexes=long[]{length=1, hash=33}}
22:48:39.728 [raft-server-2] TRACE i.a.p.raft.roles.FollowerRole - RaftServer{2}{role=FOLLOWER} - Received AppendRequest{term=1, leader=1, prevLogIndex=65, prevLogTerm=1, entries=1, commitIndex=65}
22:48:39.728 [raft-server-2] TRACE i.a.p.raft.roles.FollowerRole - RaftServer{2}{role=FOLLOWER} - Appended Indexed{index=66, entry=CommandEntry{term=1, timestamp=2018-06-07 10:48:39,602, session=2, sequence=59, operation=PrimitiveOperation{id=DefaultOperationId{id=write, type=COMMAND}, value=byte[]{length=17, hash=-1644578928}}}}
22:48:39.728 [raft-server-2] TRACE i.a.p.raft.roles.FollowerRole - RaftServer{2}{role=FOLLOWER} - Sending AppendResponse{status=OK, term=1, succeeded=true, lastLogIndex=66}
22:48:39.728 [raft-server-2-state] TRACE i.a.p.raft.impl.RaftServiceManager - RaftServer{2} - Applying Indexed{index=65, entry=CommandEntry{term=1, timestamp=2018-06-07 10:48:39,408, session=2, sequence=58, operation=PrimitiveOperation{id=DefaultOperationId{id=write, type=COMMAND}, value=byte[]{length=17, hash=-1644578928}}}}
22:48:39.728 [raft-server-2-state] TRACE i.a.p.s.impl.DefaultServiceExecutor - PrimitiveService{2}{type=io.atomix.protocols.raft.RaftTest$TestPrimitiveType@2d95571d, name=raft-test} - Executing DefaultCommit{index=65, session=RaftSession{RaftServiceContext{server=2, type=io.atomix.protocols.raft.RaftTest$TestPrimitiveType@2d95571d, name=raft-test, id=2}, session=2, timestamp=2018-06-07 10:48:39,408}, time=2018-06-07 10:48:39,408, operation=DefaultOperationId{id=write, type=COMMAND}, value=byte[]{length=17, hash=-1644578928}}
22:48:39.786 [raft-server-1] TRACE i.a.p.raft.roles.LeaderAppender - RaftServer{1} - Received AppendResponse{status=OK, term=1, succeeded=true, lastLogIndex=65} from 2
22:48:39.786 [raft-server-1] TRACE i.a.protocols.raft.roles.LeaderRole - RaftServer{1}{role=LEADER} - Received KeepAliveRequest{sessionIds=long[]{length=1, hash=33}, commandSequences=long[]{length=1, hash=89}, eventIndexes=long[]{length=1, hash=33}}
22:48:39.786 [raft-server-1] TRACE i.a.protocols.raft.roles.LeaderRole - RaftServer{1}{role=LEADER} - Appended Indexed{index=67, entry=KeepAliveEntry{term=1, timestamp=2018-06-07 10:48:39,786, sessionIds=long[]{length=1, hash=33}, commandSequences=long[]{length=1, hash=89}, eventIndexes=long[]{length=1, hash=33}}}
22:48:39.787 [raft-server-1] TRACE i.a.p.raft.roles.LeaderAppender - RaftServer{1} - Received AppendResponse{status=OK, term=1, succeeded=true, lastLogIndex=66} from 2
22:48:39.787 [raft-server-1] TRACE i.a.p.raft.roles.LeaderAppender - RaftServer{1} - Sending AppendRequest{term=1, leader=1, prevLogIndex=66, prevLogTerm=1, entries=1, commitIndex=66} to 2
22:48:39.787 [raft-server-2] TRACE i.a.p.raft.roles.FollowerRole - RaftServer{2}{role=FOLLOWER} - Received AppendRequest{term=1, leader=1, prevLogIndex=66, prevLogTerm=1, entries=1, commitIndex=66}
22:48:39.787 [raft-server-1] TRACE i.a.p.raft.roles.LeaderAppender - RaftServer{1} - Sending AppendRequest{term=1, leader=1, prevLogIndex=66, prevLogTerm=1, entries=1, commitIndex=66} to 3
22:48:39.787 [raft-server-3] TRACE i.a.p.raft.roles.FollowerRole - RaftServer{3}{role=FOLLOWER} - Received AppendRequest{term=1, leader=1, prevLogIndex=66, prevLogTerm=1, entries=1, commitIndex=66}
22:48:39.787 [raft-server-1-state] TRACE i.a.p.raft.impl.RaftServiceManager - RaftServer{1} - Applying Indexed{index=66, entry=CommandEntry{term=1, timestamp=2018-06-07 10:48:39,602, session=2, sequence=59, operation=PrimitiveOperation{id=DefaultOperationId{id=write, type=COMMAND}, value=byte[]{length=17, hash=-1644578928}}}}
22:48:39.787 [raft-server-2] TRACE i.a.p.raft.roles.FollowerRole - RaftServer{2}{role=FOLLOWER} - Appended Indexed{index=67, entry=KeepAliveEntry{term=1, timestamp=2018-06-07 10:48:39,786, sessionIds=long[]{length=1, hash=33}, commandSequences=long[]{length=1, hash=89}, eventIndexes=long[]{length=1, hash=33}}}
22:48:39.787 [raft-server-1-state] TRACE i.a.p.s.impl.DefaultServiceExecutor - PrimitiveService{2}{type=io.atomix.protocols.raft.RaftTest$TestPrimitiveType@761d7cf3, name=raft-test} - Executing DefaultCommit{index=66, session=RaftSession{RaftServiceContext{server=1, type=io.atomix.protocols.raft.RaftTest$TestPrimitiveType@761d7cf3, name=raft-test, id=2}, session=2, timestamp=2018-06-07 10:48:39,602}, time=2018-06-07 10:48:39,602, operation=DefaultOperationId{id=write, type=COMMAND}, value=byte[]{length=17, hash=-1644578928}}
22:48:39.787 [raft-server-3] TRACE i.a.p.raft.roles.FollowerRole - RaftServer{3}{role=FOLLOWER} - Appended Indexed{index=67, entry=KeepAliveEntry{term=1, timestamp=2018-06-07 10:48:39,786, sessionIds=long[]{length=1, hash=33}, commandSequences=long[]{length=1, hash=89}, eventIndexes=long[]{length=1, hash=33}}}
22:48:39.787 [raft-server-1-state] TRACE i.a.protocols.raft.roles.LeaderRole - RaftServer{1}{role=LEADER} - Sending CommandResponse{status=OK, index=66, eventIndex=2, result=byte[]{length=3, hash=34597}}
22:48:39.787 [raft-client-bd74d86e-809c-4ed1-87a8-2ec3ff75de78-5] TRACE i.a.p.r.p.impl.RaftProxyConnection - PartitionProxy{2}{type=io.atomix.protocols.raft.RaftTest$TestPrimitiveType@35bfa1bb, name=raft-test} - Received CommandResponse{status=OK, index=66, eventIndex=2, result=byte[]{length=3, hash=34597}} from 1
22:48:39.787 [raft-client-bd74d86e-809c-4ed1-87a8-2ec3ff75de78-5] TRACE i.a.p.r.p.impl.RaftProxySequencer - PartitionProxy{2}{type=io.atomix.protocols.raft.RaftTest$TestPrimitiveType@35bfa1bb, name=raft-test} - Completing response CommandResponse{status=OK, index=66, eventIndex=2, result=byte[]{length=3, hash=34597}}
22:48:39.788 [raft-client-bd74d86e-809c-4ed1-87a8-2ec3ff75de78-0] TRACE i.a.p.r.p.impl.RaftProxyConnection - PartitionProxy{2}{type=io.atomix.protocols.raft.RaftTest$TestPrimitiveType@35bfa1bb, name=raft-test} - Sending CommandRequest{session=2, sequence=60, operation=PrimitiveOperation{id=DefaultOperationId{id=write, type=COMMAND}, value=byte[]{length=17, hash=-1644578928}}} to 1
22:48:39.788 [raft-server-1] TRACE i.a.protocols.raft.roles.LeaderRole - RaftServer{1}{role=LEADER} - Received CommandRequest{session=2, sequence=60, operation=PrimitiveOperation{id=DefaultOperationId{id=write, type=COMMAND}, value=byte[]{length=17, hash=-1644578928}}}
22:48:39.788 [raft-server-1] TRACE i.a.protocols.raft.roles.LeaderRole - RaftServer{1}{role=LEADER} - Appended Indexed{index=68, entry=CommandEntry{term=1, timestamp=2018-06-07 10:48:39,788, session=2, sequence=60, operation=PrimitiveOperation{id=DefaultOperationId{id=write, type=COMMAND}, value=byte[]{length=17, hash=-1644578928}}}}
22:48:39.869 [raft-server-3] TRACE i.a.p.raft.roles.FollowerRole - RaftServer{3}{role=FOLLOWER} - Committed entries up to index 66
22:48:39.869 [raft-server-2] TRACE i.a.p.raft.roles.FollowerRole - RaftServer{2}{role=FOLLOWER} - Committed entries up to index 66
22:48:39.869 [raft-server-3] TRACE i.a.p.raft.roles.FollowerRole - RaftServer{3}{role=FOLLOWER} - Sending AppendResponse{status=OK, term=1, succeeded=true, lastLogIndex=67}
22:48:39.869 [raft-server-2] TRACE i.a.p.raft.roles.FollowerRole - RaftServer{2}{role=FOLLOWER} - Sending AppendResponse{status=OK, term=1, succeeded=true, lastLogIndex=67}
22:48:39.870 [raft-server-1] TRACE i.a.p.raft.roles.LeaderAppender - RaftServer{1} - Received AppendResponse{status=OK, term=1, succeeded=true, lastLogIndex=67} from 3
22:48:39.870 [raft-server-1] TRACE i.a.p.raft.roles.LeaderAppender - RaftServer{1} - Committed entries up to 67
22:48:39.870 [raft-server-2-state] TRACE i.a.p.raft.impl.RaftServiceManager - RaftServer{2} - Applying Indexed{index=66, entry=CommandEntry{term=1, timestamp=2018-06-07 10:48:39,602, session=2, sequence=59, operation=PrimitiveOperation{id=DefaultOperationId{id=write, type=COMMAND}, value=byte[]{length=17, hash=-1644578928}}}}
22:48:39.870 [raft-server-3-state] TRACE i.a.p.raft.impl.RaftServiceManager - RaftServer{3} - Applying Indexed{index=66, entry=CommandEntry{term=1, timestamp=2018-06-07 10:48:39,602, session=2, sequence=59, operation=PrimitiveOperation{id=DefaultOperationId{id=write, type=COMMAND}, value=byte[]{length=17, hash=-1644578928}}}}
22:48:39.870 [raft-server-2-state] TRACE i.a.p.s.impl.DefaultServiceExecutor - PrimitiveService{2}{type=io.atomix.protocols.raft.RaftTest$TestPrimitiveType@2d95571d, name=raft-test} - Executing DefaultCommit{index=66, session=RaftSession{RaftServiceContext{server=2, type=io.atomix.protocols.raft.RaftTest$TestPrimitiveType@2d95571d, name=raft-test, id=2}, session=2, timestamp=2018-06-07 10:48:39,602}, time=2018-06-07 10:48:39,602, operation=DefaultOperationId{id=write, type=COMMAND}, value=byte[]{length=17, hash=-1644578928}}
22:48:39.870 [raft-server-3-state] TRACE i.a.p.s.impl.DefaultServiceExecutor - PrimitiveService{2}{type=io.atomix.protocols.raft.RaftTest$TestPrimitiveType@64a1ae5, name=raft-test} - Executing DefaultCommit{index=66, session=RaftSession{RaftServiceContext{server=3, type=io.atomix.protocols.raft.RaftTest$TestPrimitiveType@64a1ae5, name=raft-test, id=2}, session=2, timestamp=2018-06-07 10:48:39,602}, time=2018-06-07 10:48:39,602, operation=DefaultOperationId{id=write, type=COMMAND}, value=byte[]{length=17, hash=-1644578928}}
22:48:39.923 [raft-server-1] TRACE i.a.p.raft.roles.LeaderAppender - RaftServer{1} - Sending AppendRequest{term=1, leader=1, prevLogIndex=67, prevLogTerm=1, entries=1, commitIndex=67} to 3
22:48:39.923 [raft-server-3] TRACE i.a.p.raft.roles.FollowerRole - RaftServer{3}{role=FOLLOWER} - Received AppendRequest{term=1, leader=1, prevLogIndex=67, prevLogTerm=1, entries=1, commitIndex=67}
22:48:39.923 [raft-server-1] TRACE i.a.p.raft.roles.LeaderAppender - RaftServer{1} - Sending AppendRequest{term=1, leader=1, prevLogIndex=67, prevLogTerm=1, entries=1, commitIndex=67} to 2
22:48:39.923 [raft-server-1] TRACE i.a.p.raft.roles.LeaderAppender - RaftServer{1} - Received AppendResponse{status=OK, term=1, succeeded=true, lastLogIndex=67} from 2
22:48:39.923 [raft-server-2] TRACE i.a.p.raft.roles.FollowerRole - RaftServer{2}{role=FOLLOWER} - Received AppendRequest{term=1, leader=1, prevLogIndex=67, prevLogTerm=1, entries=1, commitIndex=67}
22:48:39.923 [raft-server-3] TRACE i.a.p.raft.roles.FollowerRole - RaftServer{3}{role=FOLLOWER} - Appended Indexed{index=68, entry=CommandEntry{term=1, timestamp=2018-06-07 10:48:39,788, session=2, sequence=60, operation=PrimitiveOperation{id=DefaultOperationId{id=write, type=COMMAND}, value=byte[]{length=17, hash=-1644578928}}}}
22:48:39.923 [raft-server-1-state] TRACE i.a.p.raft.impl.RaftServiceManager - RaftServer{1} - Applying Indexed{index=67, entry=KeepAliveEntry{term=1, timestamp=2018-06-07 10:48:39,786, sessionIds=long[]{length=1, hash=33}, commandSequences=long[]{length=1, hash=89}, eventIndexes=long[]{length=1, hash=33}}}
22:48:39.923 [raft-server-2] TRACE i.a.p.raft.roles.FollowerRole - RaftServer{2}{role=FOLLOWER} - Appended Indexed{index=68, entry=CommandEntry{term=1, timestamp=2018-06-07 10:48:39,788, session=2, sequence=60, operation=PrimitiveOperation{id=DefaultOperationId{id=write, type=COMMAND}, value=byte[]{length=17, hash=-1644578928}}}}
22:48:39.924 [raft-server-1] TRACE i.a.protocols.raft.roles.LeaderRole - RaftServer{1}{role=LEADER} - Sending KeepAliveResponse{status=OK, leader=1, members=[1, 3, 2], sessionIds=long[]{length=1, hash=33}}
22:48:39.981 [raft-server-3] TRACE i.a.p.raft.roles.FollowerRole - RaftServer{3}{role=FOLLOWER} - Committed entries up to index 67
22:48:39.981 [raft-server-2] TRACE i.a.p.raft.roles.FollowerRole - RaftServer{2}{role=FOLLOWER} - Committed entries up to index 67
22:48:39.981 [raft-server-3] TRACE i.a.p.raft.roles.FollowerRole - RaftServer{3}{role=FOLLOWER} - Sending AppendResponse{status=OK, term=1, succeeded=true, lastLogIndex=68}
22:48:39.981 [raft-server-2] TRACE i.a.p.raft.roles.FollowerRole - RaftServer{2}{role=FOLLOWER} - Sending AppendResponse{status=OK, term=1, succeeded=true, lastLogIndex=68}
22:48:39.981 [raft-server-1] TRACE i.a.p.raft.roles.LeaderAppender - RaftServer{1} - Received AppendResponse{status=OK, term=1, succeeded=true, lastLogIndex=68} from 3
22:48:39.981 [raft-server-2] TRACE i.a.p.raft.roles.FollowerRole - RaftServer{2}{role=FOLLOWER} - Sending KeepAliveResponse{status=OK, leader=1, members=[1, 3, 2], sessionIds=long[]{length=1, hash=33}}
22:48:39.981 [raft-server-3-state] TRACE i.a.p.raft.impl.RaftServiceManager - RaftServer{3} - Applying Indexed{index=67, entry=KeepAliveEntry{term=1, timestamp=2018-06-07 10:48:39,786, sessionIds=long[]{length=1, hash=33}, commandSequences=long[]{length=1, hash=89}, eventIndexes=long[]{length=1, hash=33}}}
22:48:39.982 [raft-server-1] TRACE i.a.p.raft.roles.LeaderAppender - RaftServer{1} - Committed entries up to 68
22:48:39.982 [raft-client-bd74d86e-809c-4ed1-87a8-2ec3ff75de78-3] TRACE i.a.p.r.p.impl.RaftProxyConnection - RaftClient{bd74d86e-809c-4ed1-87a8-2ec3ff75de78} - Received KeepAliveResponse{status=OK, leader=1, members=[1, 3, 2], sessionIds=long[]{length=1, hash=33}} from 2
22:48:39.982 [raft-server-2-state] TRACE i.a.p.raft.impl.RaftServiceManager - RaftServer{2} - Applying Indexed{index=67, entry=KeepAliveEntry{term=1, timestamp=2018-06-07 10:48:39,786, sessionIds=long[]{length=1, hash=33}, commandSequences=long[]{length=1, hash=89}, eventIndexes=long[]{length=1, hash=33}}}
22:48:40.069 [raft-server-1] TRACE i.a.p.raft.roles.LeaderAppender - RaftServer{1} - Received AppendResponse{status=OK, term=1, succeeded=true, lastLogIndex=68} from 2
22:48:40.070 [raft-server-1] TRACE i.a.p.raft.roles.LeaderAppender - RaftServer{1} - Sending AppendRequest{term=1, leader=1, prevLogIndex=68, prevLogTerm=1, entries=0, commitIndex=68} to 3
22:48:40.070 [raft-server-3] TRACE i.a.p.raft.roles.FollowerRole - RaftServer{3}{role=FOLLOWER} - Received AppendRequest{term=1, leader=1, prevLogIndex=68, prevLogTerm=1, entries=0, commitIndex=68}
22:48:40.070 [raft-server-1] TRACE i.a.p.raft.roles.LeaderAppender - RaftServer{1} - Sending AppendRequest{term=1, leader=1, prevLogIndex=68, prevLogTerm=1, entries=0, commitIndex=68} to 2
22:48:40.070 [raft-server-2] TRACE i.a.p.raft.roles.FollowerRole - RaftServer{2}{role=FOLLOWER} - Received AppendRequest{term=1, leader=1, prevLogIndex=68, prevLogTerm=1, entries=0, commitIndex=68}
22:48:40.070 [raft-server-1-state] TRACE i.a.p.raft.impl.RaftServiceManager - RaftServer{1} - Applying Indexed{index=68, entry=CommandEntry{term=1, timestamp=2018-06-07 10:48:39,788, session=2, sequence=60, operation=PrimitiveOperation{id=DefaultOperationId{id=write, type=COMMAND}, value=byte[]{length=17, hash=-1644578928}}}}
22:48:40.070 [raft-server-1-state] TRACE i.a.p.s.impl.DefaultServiceExecutor - PrimitiveService{2}{type=io.atomix.protocols.raft.RaftTest$TestPrimitiveType@761d7cf3, name=raft-test} - Executing DefaultCommit{index=68, session=RaftSession{RaftServiceContext{server=1, type=io.atomix.protocols.raft.RaftTest$TestPrimitiveType@761d7cf3, name=raft-test, id=2}, session=2, timestamp=2018-06-07 10:48:39,788}, time=2018-06-07 10:48:39,788, operation=DefaultOperationId{id=write, type=COMMAND}, value=byte[]{length=17, hash=-1644578928}}
22:48:40.070 [raft-server-1-state] TRACE i.a.protocols.raft.roles.LeaderRole - RaftServer{1}{role=LEADER} - Sending CommandResponse{status=OK, index=68, eventIndex=2, result=byte[]{length=3, hash=34721}}
22:48:40.070 [raft-client-bd74d86e-809c-4ed1-87a8-2ec3ff75de78-7] TRACE i.a.p.r.p.impl.RaftProxyConnection - PartitionProxy{2}{type=io.atomix.protocols.raft.RaftTest$TestPrimitiveType@35bfa1bb, name=raft-test} - Received CommandResponse{status=OK, index=68, eventIndex=2, result=byte[]{length=3, hash=34721}} from 1
22:48:40.070 [raft-client-bd74d86e-809c-4ed1-87a8-2ec3ff75de78-7] TRACE i.a.p.r.p.impl.RaftProxySequencer - PartitionProxy{2}{type=io.atomix.protocols.raft.RaftTest$TestPrimitiveType@35bfa1bb, name=raft-test} - Completing response CommandResponse{status=OK, index=68, eventIndex=2, result=byte[]{length=3, hash=34721}}
22:48:40.071 [raft-client-bd74d86e-809c-4ed1-87a8-2ec3ff75de78-5] TRACE i.a.p.r.p.impl.RaftProxyConnection - PartitionProxy{2}{type=io.atomix.protocols.raft.RaftTest$TestPrimitiveType@35bfa1bb, name=raft-test} - Sending CommandRequest{session=2, sequence=61, operation=PrimitiveOperation{id=DefaultOperationId{id=write, type=COMMAND}, value=byte[]{length=17, hash=-1644578928}}} to 1
22:48:40.071 [raft-server-1] TRACE i.a.protocols.raft.roles.LeaderRole - RaftServer{1}{role=LEADER} - Received CommandRequest{session=2, sequence=61, operation=PrimitiveOperation{id=DefaultOperationId{id=write, type=COMMAND}, value=byte[]{length=17, hash=-1644578928}}}
22:48:40.071 [raft-server-1] TRACE i.a.protocols.raft.roles.LeaderRole - RaftServer{1}{role=LEADER} - Appended Indexed{index=69, entry=CommandEntry{term=1, timestamp=2018-06-07 10:48:40,071, session=2, sequence=61, operation=PrimitiveOperation{id=DefaultOperationId{id=write, type=COMMAND}, value=byte[]{length=17, hash=-1644578928}}}}
22:48:40.131 [raft-server-3] TRACE i.a.p.raft.roles.FollowerRole - RaftServer{3}{role=FOLLOWER} - Committed entries up to index 68
22:48:40.131 [raft-server-2] TRACE i.a.p.raft.roles.FollowerRole - RaftServer{2}{role=FOLLOWER} - Committed entries up to index 68
22:48:40.131 [raft-server-3] TRACE i.a.p.raft.roles.FollowerRole - RaftServer{3}{role=FOLLOWER} - Sending AppendResponse{status=OK, term=1, succeeded=true, lastLogIndex=68}
22:48:40.131 [raft-server-2] TRACE i.a.p.raft.roles.FollowerRole - RaftServer{2}{role=FOLLOWER} - Sending AppendResponse{status=OK, term=1, succeeded=true, lastLogIndex=68}
22:48:40.131 [raft-server-1] TRACE i.a.p.raft.roles.LeaderAppender - RaftServer{1} - Received AppendResponse{status=OK, term=1, succeeded=true, lastLogIndex=68} from 3
22:48:40.132 [raft-server-3-state] TRACE i.a.p.raft.impl.RaftServiceManager - RaftServer{3} - Applying Indexed{index=68, entry=CommandEntry{term=1, timestamp=2018-06-07 10:48:39,788, session=2, sequence=60, operation=PrimitiveOperation{id=DefaultOperationId{id=write, type=COMMAND}, value=byte[]{length=17, hash=-1644578928}}}}
22:48:40.132 [raft-server-2-state] TRACE i.a.p.raft.impl.RaftServiceManager - RaftServer{2} - Applying Indexed{index=68, entry=CommandEntry{term=1, timestamp=2018-06-07 10:48:39,788, session=2, sequence=60, operation=PrimitiveOperation{id=DefaultOperationId{id=write, type=COMMAND}, value=byte[]{length=17, hash=-1644578928}}}}
22:48:40.132 [raft-server-1] TRACE i.a.p.raft.roles.LeaderAppender - RaftServer{1} - Sending AppendRequest{term=1, leader=1, prevLogIndex=68, prevLogTerm=1, entries=1, commitIndex=68} to 3
22:48:40.132 [raft-server-3-state] TRACE i.a.p.s.impl.DefaultServiceExecutor - PrimitiveService{2}{type=io.atomix.protocols.raft.RaftTest$TestPrimitiveType@64a1ae5, name=raft-test} - Executing DefaultCommit{index=68, session=RaftSession{RaftServiceContext{server=3, type=io.atomix.protocols.raft.RaftTest$TestPrimitiveType@64a1ae5, name=raft-test, id=2}, session=2, timestamp=2018-06-07 10:48:39,788}, time=2018-06-07 10:48:39,788, operation=DefaultOperationId{id=write, type=COMMAND}, value=byte[]{length=17, hash=-1644578928}}
22:48:40.132 [raft-server-2-state] TRACE i.a.p.s.impl.DefaultServiceExecutor - PrimitiveService{2}{type=io.atomix.protocols.raft.RaftTest$TestPrimitiveType@2d95571d, name=raft-test} - Executing DefaultCommit{index=68, session=RaftSession{RaftServiceContext{server=2, type=io.atomix.protocols.raft.RaftTest$TestPrimitiveType@2d95571d, name=raft-test, id=2}, session=2, timestamp=2018-06-07 10:48:39,788}, time=2018-06-07 10:48:39,788, operation=DefaultOperationId{id=write, type=COMMAND}, value=byte[]{length=17, hash=-1644578928}}
22:48:40.132 [raft-server-3] TRACE i.a.p.raft.roles.FollowerRole - RaftServer{3}{role=FOLLOWER} - Received AppendRequest{term=1, leader=1, prevLogIndex=68, prevLogTerm=1, entries=1, commitIndex=68}
22:48:40.132 [raft-server-1] TRACE i.a.p.raft.roles.LeaderAppender - RaftServer{1} - Received AppendResponse{status=OK, term=1, succeeded=true, lastLogIndex=68} from 2
22:48:40.132 [raft-server-3] TRACE i.a.p.raft.roles.FollowerRole - RaftServer{3}{role=FOLLOWER} - Appended Indexed{index=69, entry=CommandEntry{term=1, timestamp=2018-06-07 10:48:40,071, session=2, sequence=61, operation=PrimitiveOperation{id=DefaultOperationId{id=write, type=COMMAND}, value=byte[]{length=17, hash=-1644578928}}}}
22:48:40.132 [raft-server-3] TRACE i.a.p.raft.roles.FollowerRole - RaftServer{3}{role=FOLLOWER} - Sending AppendResponse{status=OK, term=1, succeeded=true, lastLogIndex=69}
22:48:40.132 [raft-server-1] TRACE i.a.p.raft.roles.LeaderAppender - RaftServer{1} - Sending AppendRequest{term=1, leader=1, prevLogIndex=68, prevLogTerm=1, entries=1, commitIndex=68} to 2
22:48:40.132 [raft-server-1] TRACE i.a.p.raft.roles.LeaderAppender - RaftServer{1} - Received AppendResponse{status=OK, term=1, succeeded=true, lastLogIndex=69} from 3
22:48:40.132 [raft-server-2] TRACE i.a.p.raft.roles.FollowerRole - RaftServer{2}{role=FOLLOWER} - Received AppendRequest{term=1, leader=1, prevLogIndex=68, prevLogTerm=1, entries=1, commitIndex=68}
22:48:40.132 [raft-server-1] TRACE i.a.p.raft.roles.LeaderAppender - RaftServer{1} - Committed entries up to 69
22:48:40.133 [raft-server-2] TRACE i.a.p.raft.roles.FollowerRole - RaftServer{2}{role=FOLLOWER} - Appended Indexed{index=69, entry=CommandEntry{term=1, timestamp=2018-06-07 10:48:40,071, session=2, sequence=61, operation=PrimitiveOperation{id=DefaultOperationId{id=write, type=COMMAND}, value=byte[]{length=17, hash=-1644578928}}}}
22:48:40.133 [raft-server-2] TRACE i.a.p.raft.roles.FollowerRole - RaftServer{2}{role=FOLLOWER} - Sending AppendResponse{status=OK, term=1, succeeded=true, lastLogIndex=69}
22:48:40.194 [raft-server-1] TRACE i.a.p.raft.roles.LeaderAppender - RaftServer{1} - Received AppendResponse{status=OK, term=1, succeeded=true, lastLogIndex=69} from 2
22:48:40.195 [raft-server-1-state] TRACE i.a.p.raft.impl.RaftServiceManager - RaftServer{1} - Applying Indexed{index=69, entry=CommandEntry{term=1, timestamp=2018-06-07 10:48:40,071, session=2, sequence=61, operation=PrimitiveOperation{id=DefaultOperationId{id=write, type=COMMAND}, value=byte[]{length=17, hash=-1644578928}}}}
22:48:40.195 [raft-server-1-state] TRACE i.a.p.s.impl.DefaultServiceExecutor - PrimitiveService{2}{type=io.atomix.protocols.raft.RaftTest$TestPrimitiveType@761d7cf3, name=raft-test} - Executing DefaultCommit{index=69, session=RaftSession{RaftServiceContext{server=1, type=io.atomix.protocols.raft.RaftTest$TestPrimitiveType@761d7cf3, name=raft-test, id=2}, session=2, timestamp=2018-06-07 10:48:40,071}, time=2018-06-07 10:48:40,071, operation=DefaultOperationId{id=write, type=COMMAND}, value=byte[]{length=17, hash=-1644578928}}
22:48:40.195 [raft-server-1-state] TRACE i.a.protocols.raft.roles.LeaderRole - RaftServer{1}{role=LEADER} - Sending CommandResponse{status=OK, index=69, eventIndex=2, result=byte[]{length=3, hash=34783}}
22:48:40.195 [raft-client-bd74d86e-809c-4ed1-87a8-2ec3ff75de78-3] TRACE i.a.p.r.p.impl.RaftProxyConnection - PartitionProxy{2}{type=io.atomix.protocols.raft.RaftTest$TestPrimitiveType@35bfa1bb, name=raft-test} - Received CommandResponse{status=OK, index=69, eventIndex=2, result=byte[]{length=3, hash=34783}} from 1
22:48:40.195 [raft-client-bd74d86e-809c-4ed1-87a8-2ec3ff75de78-3] TRACE i.a.p.r.p.impl.RaftProxySequencer - PartitionProxy{2}{type=io.atomix.protocols.raft.RaftTest$TestPrimitiveType@35bfa1bb, name=raft-test} - Completing response CommandResponse{status=OK, index=69, eventIndex=2, result=byte[]{length=3, hash=34783}}
22:48:40.195 [raft-client-bd74d86e-809c-4ed1-87a8-2ec3ff75de78-2] TRACE i.a.p.r.p.impl.RaftProxyConnection - PartitionProxy{2}{type=io.atomix.protocols.raft.RaftTest$TestPrimitiveType@35bfa1bb, name=raft-test} - Sending CommandRequest{session=2, sequence=62, operation=PrimitiveOperation{id=DefaultOperationId{id=write, type=COMMAND}, value=byte[]{length=17, hash=-1644578928}}} to 1
22:48:40.195 [raft-server-1] TRACE i.a.protocols.raft.roles.LeaderRole - RaftServer{1}{role=LEADER} - Received CommandRequest{session=2, sequence=62, operation=PrimitiveOperation{id=DefaultOperationId{id=write, type=COMMAND}, value=byte[]{length=17, hash=-1644578928}}}
22:48:40.196 [raft-server-1] TRACE i.a.protocols.raft.roles.LeaderRole - RaftServer{1}{role=LEADER} - Appended Indexed{index=70, entry=CommandEntry{term=1, timestamp=2018-06-07 10:48:40,196, session=2, sequence=62, operation=PrimitiveOperation{id=DefaultOperationId{id=write, type=COMMAND}, value=byte[]{length=17, hash=-1644578928}}}}
22:48:40.196 [raft-server-1] TRACE i.a.p.raft.roles.LeaderAppender - RaftServer{1} - Sending AppendRequest{term=1, leader=1, prevLogIndex=69, prevLogTerm=1, entries=1, commitIndex=69} to 3
22:48:40.196 [raft-server-3] TRACE i.a.p.raft.roles.FollowerRole - RaftServer{3}{role=FOLLOWER} - Received AppendRequest{term=1, leader=1, prevLogIndex=69, prevLogTerm=1, entries=1, commitIndex=69}
22:48:40.196 [raft-server-1] TRACE i.a.p.raft.roles.LeaderAppender - RaftServer{1} - Sending AppendRequest{term=1, leader=1, prevLogIndex=69, prevLogTerm=1, entries=1, commitIndex=69} to 2
22:48:40.196 [raft-server-2] TRACE i.a.p.raft.roles.FollowerRole - RaftServer{2}{role=FOLLOWER} - Received AppendRequest{term=1, leader=1, prevLogIndex=69, prevLogTerm=1, entries=1, commitIndex=69}
22:48:40.196 [raft-server-3] TRACE i.a.p.raft.roles.FollowerRole - RaftServer{3}{role=FOLLOWER} - Appended Indexed{index=70, entry=CommandEntry{term=1, timestamp=2018-06-07 10:48:40,196, session=2, sequence=62, operation=PrimitiveOperation{id=DefaultOperationId{id=write, type=COMMAND}, value=byte[]{length=17, hash=-1644578928}}}}
22:48:40.196 [raft-server-2] TRACE i.a.p.raft.roles.FollowerRole - RaftServer{2}{role=FOLLOWER} - Appended Indexed{index=70, entry=CommandEntry{term=1, timestamp=2018-06-07 10:48:40,196, session=2, sequence=62, operation=PrimitiveOperation{id=DefaultOperationId{id=write, type=COMMAND}, value=byte[]{length=17, hash=-1644578928}}}}
22:48:40.236 [raft-server-3] TRACE i.a.p.raft.roles.FollowerRole - RaftServer{3}{role=FOLLOWER} - Committed entries up to index 69
22:48:40.236 [raft-server-2] TRACE i.a.p.raft.roles.FollowerRole - RaftServer{2}{role=FOLLOWER} - Committed entries up to index 69
22:48:40.236 [raft-server-3] TRACE i.a.p.raft.roles.FollowerRole - RaftServer{3}{role=FOLLOWER} - Sending AppendResponse{status=OK, term=1, succeeded=true, lastLogIndex=70}
22:48:40.236 [raft-server-2] TRACE i.a.p.raft.roles.FollowerRole - RaftServer{2}{role=FOLLOWER} - Sending AppendResponse{status=OK, term=1, succeeded=true, lastLogIndex=70}
22:48:40.236 [raft-server-1] TRACE i.a.p.raft.roles.LeaderAppender - RaftServer{1} - Received AppendResponse{status=OK, term=1, succeeded=true, lastLogIndex=70} from 3
22:48:40.236 [raft-server-1] TRACE i.a.p.raft.roles.LeaderAppender - RaftServer{1} - Committed entries up to 70
22:48:40.236 [raft-server-3-state] TRACE i.a.p.raft.impl.RaftServiceManager - RaftServer{3} - Applying Indexed{index=69, entry=CommandEntry{term=1, timestamp=2018-06-07 10:48:40,071, session=2, sequence=61, operation=PrimitiveOperation{id=DefaultOperationId{id=write, type=COMMAND}, value=byte[]{length=17, hash=-1644578928}}}}
22:48:40.236 [raft-server-3-state] TRACE i.a.p.s.impl.DefaultServiceExecutor - PrimitiveService{2}{type=io.atomix.protocols.raft.RaftTest$TestPrimitiveType@64a1ae5, name=raft-test} - Executing DefaultCommit{index=69, session=RaftSession{RaftServiceContext{server=3, type=io.atomix.protocols.raft.RaftTest$TestPrimitiveType@64a1ae5, name=raft-test, id=2}, session=2, timestamp=2018-06-07 10:48:40,071}, time=2018-06-07 10:48:40,071, operation=DefaultOperationId{id=write, type=COMMAND}, value=byte[]{length=17, hash=-1644578928}}
22:48:40.236 [raft-server-2-state] TRACE i.a.p.raft.impl.RaftServiceManager - RaftServer{2} - Applying Indexed{index=69, entry=CommandEntry{term=1, timestamp=2018-06-07 10:48:40,071, session=2, sequence=61, operation=PrimitiveOperation{id=DefaultOperationId{id=write, type=COMMAND}, value=byte[]{length=17, hash=-1644578928}}}}
22:48:40.237 [raft-server-2-state] TRACE i.a.p.s.impl.DefaultServiceExecutor - PrimitiveService{2}{type=io.atomix.protocols.raft.RaftTest$TestPrimitiveType@2d95571d, name=raft-test} - Executing DefaultCommit{index=69, session=RaftSession{RaftServiceContext{server=2, type=io.atomix.protocols.raft.RaftTest$TestPrimitiveType@2d95571d, name=raft-test, id=2}, session=2, timestamp=2018-06-07 10:48:40,071}, time=2018-06-07 10:48:40,071, operation=DefaultOperationId{id=write, type=COMMAND}, value=byte[]{length=17, hash=-1644578928}}
22:48:40.311 [raft-server-1] TRACE i.a.p.raft.roles.LeaderAppender - RaftServer{1} - Received AppendResponse{status=OK, term=1, succeeded=true, lastLogIndex=70} from 2
22:48:40.311 [raft-server-1] TRACE i.a.p.raft.roles.LeaderAppender - RaftServer{1} - Sending AppendRequest{term=1, leader=1, prevLogIndex=70, prevLogTerm=1, entries=0, commitIndex=70} to 3
22:48:40.311 [raft-server-3] TRACE i.a.p.raft.roles.FollowerRole - RaftServer{3}{role=FOLLOWER} - Received AppendRequest{term=1, leader=1, prevLogIndex=70, prevLogTerm=1, entries=0, commitIndex=70}
22:48:40.311 [raft-server-1] TRACE i.a.p.raft.roles.LeaderAppender - RaftServer{1} - Sending AppendRequest{term=1, leader=1, prevLogIndex=70, prevLogTerm=1, entries=0, commitIndex=70} to 2
22:48:40.311 [raft-server-2] TRACE i.a.p.raft.roles.FollowerRole - RaftServer{2}{role=FOLLOWER} - Received AppendRequest{term=1, leader=1, prevLogIndex=70, prevLogTerm=1, entries=0, commitIndex=70}
22:48:40.312 [raft-server-1-state] TRACE i.a.p.raft.impl.RaftServiceManager - RaftServer{1} - Applying Indexed{index=70, entry=CommandEntry{term=1, timestamp=2018-06-07 10:48:40,196, session=2, sequence=62, operation=PrimitiveOperation{id=DefaultOperationId{id=write, type=COMMAND}, value=byte[]{length=17, hash=-1644578928}}}}
22:48:40.312 [raft-server-1-state] TRACE i.a.p.s.impl.DefaultServiceExecutor - PrimitiveService{2}{type=io.atomix.protocols.raft.RaftTest$TestPrimitiveType@761d7cf3, name=raft-test} - Executing DefaultCommit{index=70, session=RaftSession{RaftServiceContext{server=1, type=io.atomix.protocols.raft.RaftTest$TestPrimitiveType@761d7cf3, name=raft-test, id=2}, session=2, timestamp=2018-06-07 10:48:40,196}, time=2018-06-07 10:48:40,196, operation=DefaultOperationId{id=write, type=COMMAND}, value=byte[]{length=17, hash=-1644578928}}
22:48:40.312 [raft-server-1] TRACE i.a.protocols.raft.roles.LeaderRole - RaftServer{1}{role=LEADER} - Sending CommandResponse{status=OK, index=70, eventIndex=2, result=byte[]{length=3, hash=34845}}
22:48:40.312 [raft-client-bd74d86e-809c-4ed1-87a8-2ec3ff75de78-0] TRACE i.a.p.r.p.impl.RaftProxyConnection - PartitionProxy{2}{type=io.atomix.protocols.raft.RaftTest$TestPrimitiveType@35bfa1bb, name=raft-test} - Received CommandResponse{status=OK, index=70, eventIndex=2, result=byte[]{length=3, hash=34845}} from 1
22:48:40.312 [raft-client-bd74d86e-809c-4ed1-87a8-2ec3ff75de78-0] TRACE i.a.p.r.p.impl.RaftProxySequencer - PartitionProxy{2}{type=io.atomix.protocols.raft.RaftTest$TestPrimitiveType@35bfa1bb, name=raft-test} - Completing response CommandResponse{status=OK, index=70, eventIndex=2, result=byte[]{length=3, hash=34845}}
22:48:40.313 [raft-client-bd74d86e-809c-4ed1-87a8-2ec3ff75de78-0] TRACE i.a.p.r.p.impl.RaftProxyConnection - PartitionProxy{2}{type=io.atomix.protocols.raft.RaftTest$TestPrimitiveType@35bfa1bb, name=raft-test} - Sending CommandRequest{session=2, sequence=63, operation=PrimitiveOperation{id=DefaultOperationId{id=write, type=COMMAND}, value=byte[]{length=17, hash=-1644578928}}} to 1
22:48:40.313 [raft-server-1] TRACE i.a.protocols.raft.roles.LeaderRole - RaftServer{1}{role=LEADER} - Received CommandRequest{session=2, sequence=63, operation=PrimitiveOperation{id=DefaultOperationId{id=write, type=COMMAND}, value=byte[]{length=17, hash=-1644578928}}}
22:48:40.331 [raft-server-3] TRACE i.a.p.raft.roles.FollowerRole - RaftServer{3}{role=FOLLOWER} - Committed entries up to index 70
22:48:40.331 [raft-server-2] TRACE i.a.p.raft.roles.FollowerRole - RaftServer{2}{role=FOLLOWER} - Committed entries up to index 70
22:48:40.331 [raft-server-3] TRACE i.a.p.raft.roles.FollowerRole - RaftServer{3}{role=FOLLOWER} - Sending AppendResponse{status=OK, term=1, succeeded=true, lastLogIndex=70}
22:48:40.331 [raft-server-2] TRACE i.a.p.raft.roles.FollowerRole - RaftServer{2}{role=FOLLOWER} - Sending AppendResponse{status=OK, term=1, succeeded=true, lastLogIndex=70}
22:48:40.331 [raft-server-3-state] TRACE i.a.p.raft.impl.RaftServiceManager - RaftServer{3} - Applying Indexed{index=70, entry=CommandEntry{term=1, timestamp=2018-06-07 10:48:40,196, session=2, sequence=62, operation=PrimitiveOperation{id=DefaultOperationId{id=write, type=COMMAND}, value=byte[]{length=17, hash=-1644578928}}}}
22:48:40.331 [raft-server-2-state] TRACE i.a.p.raft.impl.RaftServiceManager - RaftServer{2} - Applying Indexed{index=70, entry=CommandEntry{term=1, timestamp=2018-06-07 10:48:40,196, session=2, sequence=62, operation=PrimitiveOperation{id=DefaultOperationId{id=write, type=COMMAND}, value=byte[]{length=17, hash=-1644578928}}}}
22:48:40.332 [raft-server-3-state] TRACE i.a.p.s.impl.DefaultServiceExecutor - PrimitiveService{2}{type=io.atomix.protocols.raft.RaftTest$TestPrimitiveType@64a1ae5, name=raft-test} - Executing DefaultCommit{index=70, session=RaftSession{RaftServiceContext{server=3, type=io.atomix.protocols.raft.RaftTest$TestPrimitiveType@64a1ae5, name=raft-test, id=2}, session=2, timestamp=2018-06-07 10:48:40,196}, time=2018-06-07 10:48:40,196, operation=DefaultOperationId{id=write, type=COMMAND}, value=byte[]{length=17, hash=-1644578928}}
22:48:40.332 [raft-server-2-state] TRACE i.a.p.s.impl.DefaultServiceExecutor - PrimitiveService{2}{type=io.atomix.protocols.raft.RaftTest$TestPrimitiveType@2d95571d, name=raft-test} - Executing DefaultCommit{index=70, session=RaftSession{RaftServiceContext{server=2, type=io.atomix.protocols.raft.RaftTest$TestPrimitiveType@2d95571d, name=raft-test, id=2}, session=2, timestamp=2018-06-07 10:48:40,196}, time=2018-06-07 10:48:40,196, operation=DefaultOperationId{id=write, type=COMMAND}, value=byte[]{length=17, hash=-1644578928}}
22:48:40.378 [raft-server-1] DEBUG i.a.storage.journal.SegmentedJournal - Created disk segment: JournalSegment{id=8, version=1, index=71, size=64}
22:48:40.378 [raft-server-1] TRACE i.a.protocols.raft.roles.LeaderRole - RaftServer{1}{role=LEADER} - Appended Indexed{index=71, entry=CommandEntry{term=1, timestamp=2018-06-07 10:48:40,313, session=2, sequence=63, operation=PrimitiveOperation{id=DefaultOperationId{id=write, type=COMMAND}, value=byte[]{length=17, hash=-1644578928}}}}
22:48:40.378 [raft-server-1] TRACE i.a.p.raft.roles.LeaderAppender - RaftServer{1} - Received AppendResponse{status=OK, term=1, succeeded=true, lastLogIndex=70} from 3
22:48:40.378 [raft-server-1] TRACE i.a.p.raft.roles.LeaderAppender - RaftServer{1} - Sending AppendRequest{term=1, leader=1, prevLogIndex=70, prevLogTerm=1, entries=1, commitIndex=70} to 3
22:48:40.378 [raft-server-3] TRACE i.a.p.raft.roles.FollowerRole - RaftServer{3}{role=FOLLOWER} - Received AppendRequest{term=1, leader=1, prevLogIndex=70, prevLogTerm=1, entries=1, commitIndex=70}
22:48:40.378 [raft-server-1] TRACE i.a.p.raft.roles.LeaderAppender - RaftServer{1} - Sending AppendRequest{term=1, leader=1, prevLogIndex=70, prevLogTerm=1, entries=1, commitIndex=70} to 2
22:48:40.378 [raft-server-1] TRACE i.a.p.raft.roles.LeaderAppender - RaftServer{1} - Received AppendResponse{status=OK, term=1, succeeded=true, lastLogIndex=70} from 2
22:48:40.378 [raft-server-2] TRACE i.a.p.raft.roles.FollowerRole - RaftServer{2}{role=FOLLOWER} - Received AppendRequest{term=1, leader=1, prevLogIndex=70, prevLogTerm=1, entries=1, commitIndex=70}
22:48:40.453 [raft-server-3] DEBUG i.a.storage.journal.SegmentedJournal - Created disk segment: JournalSegment{id=8, version=1, index=71, size=64}
22:48:40.453 [raft-server-3] TRACE i.a.p.raft.roles.FollowerRole - RaftServer{3}{role=FOLLOWER} - Appended Indexed{index=71, entry=CommandEntry{term=1, timestamp=2018-06-07 10:48:40,313, session=2, sequence=63, operation=PrimitiveOperation{id=DefaultOperationId{id=write, type=COMMAND}, value=byte[]{length=17, hash=-1644578928}}}}
22:48:40.453 [raft-server-3] TRACE i.a.p.raft.roles.FollowerRole - RaftServer{3}{role=FOLLOWER} - Sending AppendResponse{status=OK, term=1, succeeded=true, lastLogIndex=71}
22:48:40.453 [raft-server-1] TRACE i.a.p.raft.roles.LeaderAppender - RaftServer{1} - Received AppendResponse{status=OK, term=1, succeeded=true, lastLogIndex=71} from 3
22:48:40.453 [raft-server-1] TRACE i.a.p.raft.roles.LeaderAppender - RaftServer{1} - Committed entries up to 71
22:48:40.506 [raft-server-2] DEBUG i.a.storage.journal.SegmentedJournal - Created disk segment: JournalSegment{id=8, version=1, index=71, size=64}
22:48:40.506 [raft-server-2] TRACE i.a.p.raft.roles.FollowerRole - RaftServer{2}{role=FOLLOWER} - Appended Indexed{index=71, entry=CommandEntry{term=1, timestamp=2018-06-07 10:48:40,313, session=2, sequence=63, operation=PrimitiveOperation{id=DefaultOperationId{id=write, type=COMMAND}, value=byte[]{length=17, hash=-1644578928}}}}
22:48:40.507 [raft-server-2] TRACE i.a.p.raft.roles.FollowerRole - RaftServer{2}{role=FOLLOWER} - Sending AppendResponse{status=OK, term=1, succeeded=true, lastLogIndex=71}
22:48:40.565 [raft-server-1] TRACE i.a.p.raft.roles.LeaderAppender - RaftServer{1} - Sending AppendRequest{term=1, leader=1, prevLogIndex=71, prevLogTerm=1, entries=0, commitIndex=71} to 3
22:48:40.565 [raft-server-1] TRACE i.a.p.raft.roles.LeaderAppender - RaftServer{1} - Received AppendResponse{status=OK, term=1, succeeded=true, lastLogIndex=71} from 2
22:48:40.565 [raft-server-3] TRACE i.a.p.raft.roles.FollowerRole - RaftServer{3}{role=FOLLOWER} - Received AppendRequest{term=1, leader=1, prevLogIndex=71, prevLogTerm=1, entries=0, commitIndex=71}
22:48:40.565 [raft-server-1] TRACE i.a.p.raft.roles.LeaderAppender - RaftServer{1} - Sending AppendRequest{term=1, leader=1, prevLogIndex=71, prevLogTerm=1, entries=0, commitIndex=71} to 2
22:48:40.565 [raft-server-2] TRACE i.a.p.raft.roles.FollowerRole - RaftServer{2}{role=FOLLOWER} - Received AppendRequest{term=1, leader=1, prevLogIndex=71, prevLogTerm=1, entries=0, commitIndex=71}
22:48:40.565 [raft-server-1-state] TRACE i.a.p.raft.impl.RaftServiceManager - RaftServer{1} - Applying Indexed{index=71, entry=CommandEntry{term=1, timestamp=2018-06-07 10:48:40,313, session=2, sequence=63, operation=PrimitiveOperation{id=DefaultOperationId{id=write, type=COMMAND}, value=byte[]{length=17, hash=-1644578928}}}}
22:48:40.565 [raft-server-1-state] TRACE i.a.p.s.impl.DefaultServiceExecutor - PrimitiveService{2}{type=io.atomix.protocols.raft.RaftTest$TestPrimitiveType@761d7cf3, name=raft-test} - Executing DefaultCommit{index=71, session=RaftSession{RaftServiceContext{server=1, type=io.atomix.protocols.raft.RaftTest$TestPrimitiveType@761d7cf3, name=raft-test, id=2}, session=2, timestamp=2018-06-07 10:48:40,313}, time=2018-06-07 10:48:40,313, operation=DefaultOperationId{id=write, type=COMMAND}, value=byte[]{length=17, hash=-1644578928}}
22:48:40.565 [raft-server-1-state] TRACE i.a.protocols.raft.roles.LeaderRole - RaftServer{1}{role=LEADER} - Sending CommandResponse{status=OK, index=71, eventIndex=2, result=byte[]{length=3, hash=34907}}
22:48:40.565 [raft-client-bd74d86e-809c-4ed1-87a8-2ec3ff75de78-2] TRACE i.a.p.r.p.impl.RaftProxyConnection - PartitionProxy{2}{type=io.atomix.protocols.raft.RaftTest$TestPrimitiveType@35bfa1bb, name=raft-test} - Received CommandResponse{status=OK, index=71, eventIndex=2, result=byte[]{length=3, hash=34907}} from 1
22:48:40.566 [raft-client-bd74d86e-809c-4ed1-87a8-2ec3ff75de78-2] TRACE i.a.p.r.p.impl.RaftProxySequencer - PartitionProxy{2}{type=io.atomix.protocols.raft.RaftTest$TestPrimitiveType@35bfa1bb, name=raft-test} - Completing response CommandResponse{status=OK, index=71, eventIndex=2, result=byte[]{length=3, hash=34907}}
22:48:40.566 [raft-client-bd74d86e-809c-4ed1-87a8-2ec3ff75de78-2] TRACE i.a.p.r.p.impl.RaftProxyConnection - PartitionProxy{2}{type=io.atomix.protocols.raft.RaftTest$TestPrimitiveType@35bfa1bb, name=raft-test} - Sending CommandRequest{session=2, sequence=64, operation=PrimitiveOperation{id=DefaultOperationId{id=write, type=COMMAND}, value=byte[]{length=17, hash=-1644578928}}} to 1
22:48:40.566 [raft-server-1] TRACE i.a.protocols.raft.roles.LeaderRole - RaftServer{1}{role=LEADER} - Received CommandRequest{session=2, sequence=64, operation=PrimitiveOperation{id=DefaultOperationId{id=write, type=COMMAND}, value=byte[]{length=17, hash=-1644578928}}}
22:48:40.566 [raft-server-1] TRACE i.a.protocols.raft.roles.LeaderRole - RaftServer{1}{role=LEADER} - Appended Indexed{index=72, entry=CommandEntry{term=1, timestamp=2018-06-07 10:48:40,566, session=2, sequence=64, operation=PrimitiveOperation{id=DefaultOperationId{id=write, type=COMMAND}, value=byte[]{length=17, hash=-1644578928}}}}
22:48:40.623 [raft-server-2] TRACE i.a.p.raft.roles.FollowerRole - RaftServer{2}{role=FOLLOWER} - Committed entries up to index 71
22:48:40.623 [raft-server-3] TRACE i.a.p.raft.roles.FollowerRole - RaftServer{3}{role=FOLLOWER} - Committed entries up to index 71
22:48:40.623 [raft-server-2] TRACE i.a.p.raft.roles.FollowerRole - RaftServer{2}{role=FOLLOWER} - Sending AppendResponse{status=OK, term=1, succeeded=true, lastLogIndex=71}
22:48:40.623 [raft-server-3] TRACE i.a.p.raft.roles.FollowerRole - RaftServer{3}{role=FOLLOWER} - Sending AppendResponse{status=OK, term=1, succeeded=true, lastLogIndex=71}
22:48:40.623 [raft-server-1] TRACE i.a.p.raft.roles.LeaderAppender - RaftServer{1} - Received AppendResponse{status=OK, term=1, succeeded=true, lastLogIndex=71} from 2
22:48:40.624 [raft-server-3-state] TRACE i.a.p.raft.impl.RaftServiceManager - RaftServer{3} - Applying Indexed{index=71, entry=CommandEntry{term=1, timestamp=2018-06-07 10:48:40,313, session=2, sequence=63, operation=PrimitiveOperation{id=DefaultOperationId{id=write, type=COMMAND}, value=byte[]{length=17, hash=-1644578928}}}}
22:48:40.624 [raft-server-2-state] TRACE i.a.p.raft.impl.RaftServiceManager - RaftServer{2} - Applying Indexed{index=71, entry=CommandEntry{term=1, timestamp=2018-06-07 10:48:40,313, session=2, sequence=63, operation=PrimitiveOperation{id=DefaultOperationId{id=write, type=COMMAND}, value=byte[]{length=17, hash=-1644578928}}}}
22:48:40.624 [raft-server-3-state] TRACE i.a.p.s.impl.DefaultServiceExecutor - PrimitiveService{2}{type=io.atomix.protocols.raft.RaftTest$TestPrimitiveType@64a1ae5, name=raft-test} - Executing DefaultCommit{index=71, session=RaftSession{RaftServiceContext{server=3, type=io.atomix.protocols.raft.RaftTest$TestPrimitiveType@64a1ae5, name=raft-test, id=2}, session=2, timestamp=2018-06-07 10:48:40,313}, time=2018-06-07 10:48:40,313, operation=DefaultOperationId{id=write, type=COMMAND}, value=byte[]{length=17, hash=-1644578928}}
22:48:40.624 [raft-server-2-state] TRACE i.a.p.s.impl.DefaultServiceExecutor - PrimitiveService{2}{type=io.atomix.protocols.raft.RaftTest$TestPrimitiveType@2d95571d, name=raft-test} - Executing DefaultCommit{index=71, session=RaftSession{RaftServiceContext{server=2, type=io.atomix.protocols.raft.RaftTest$TestPrimitiveType@2d95571d, name=raft-test, id=2}, session=2, timestamp=2018-06-07 10:48:40,313}, time=2018-06-07 10:48:40,313, operation=DefaultOperationId{id=write, type=COMMAND}, value=byte[]{length=17, hash=-1644578928}}
22:48:40.624 [raft-server-1] TRACE i.a.p.raft.roles.LeaderAppender - RaftServer{1} - Sending AppendRequest{term=1, leader=1, prevLogIndex=71, prevLogTerm=1, entries=1, commitIndex=71} to 2
22:48:40.624 [raft-server-2] TRACE i.a.p.raft.roles.FollowerRole - RaftServer{2}{role=FOLLOWER} - Received AppendRequest{term=1, leader=1, prevLogIndex=71, prevLogTerm=1, entries=1, commitIndex=71}
22:48:40.624 [raft-server-1] TRACE i.a.p.raft.roles.LeaderAppender - RaftServer{1} - Sending AppendRequest{term=1, leader=1, prevLogIndex=71, prevLogTerm=1, entries=1, commitIndex=71} to 3
22:48:40.624 [raft-server-1] TRACE i.a.p.raft.roles.LeaderAppender - RaftServer{1} - Received AppendResponse{status=OK, term=1, succeeded=true, lastLogIndex=71} from 3
22:48:40.624 [raft-server-2] TRACE i.a.p.raft.roles.FollowerRole - RaftServer{2}{role=FOLLOWER} - Appended Indexed{index=72, entry=CommandEntry{term=1, timestamp=2018-06-07 10:48:40,566, session=2, sequence=64, operation=PrimitiveOperation{id=DefaultOperationId{id=write, type=COMMAND}, value=byte[]{length=17, hash=-1644578928}}}}
22:48:40.624 [raft-server-2] TRACE i.a.p.raft.roles.FollowerRole - RaftServer{2}{role=FOLLOWER} - Sending AppendResponse{status=OK, term=1, succeeded=true, lastLogIndex=72}
22:48:40.624 [raft-server-1] TRACE i.a.p.raft.roles.LeaderAppender - RaftServer{1} - Received AppendResponse{status=OK, term=1, succeeded=true, lastLogIndex=72} from 2
22:48:40.624 [raft-server-1] TRACE i.a.p.raft.roles.LeaderAppender - RaftServer{1} - Committed entries up to 72
22:48:40.625 [raft-server-3] TRACE i.a.p.raft.roles.FollowerRole - RaftServer{3}{role=FOLLOWER} - Received AppendRequest{term=1, leader=1, prevLogIndex=71, prevLogTerm=1, entries=1, commitIndex=71}
22:48:40.625 [raft-server-3] TRACE i.a.p.raft.roles.FollowerRole - RaftServer{3}{role=FOLLOWER} - Appended Indexed{index=72, entry=CommandEntry{term=1, timestamp=2018-06-07 10:48:40,566, session=2, sequence=64, operation=PrimitiveOperation{id=DefaultOperationId{id=write, type=COMMAND}, value=byte[]{length=17, hash=-1644578928}}}}
22:48:40.625 [raft-server-3] TRACE i.a.p.raft.roles.FollowerRole - RaftServer{3}{role=FOLLOWER} - Sending AppendResponse{status=OK, term=1, succeeded=true, lastLogIndex=72}
22:48:40.661 [raft-server-1] TRACE i.a.p.raft.roles.LeaderAppender - RaftServer{1} - Received AppendResponse{status=OK, term=1, succeeded=true, lastLogIndex=72} from 3
22:48:40.661 [raft-server-1-state] TRACE i.a.p.raft.impl.RaftServiceManager - RaftServer{1} - Applying Indexed{index=72, entry=CommandEntry{term=1, timestamp=2018-06-07 10:48:40,566, session=2, sequence=64, operation=PrimitiveOperation{id=DefaultOperationId{id=write, type=COMMAND}, value=byte[]{length=17, hash=-1644578928}}}}
22:48:40.661 [raft-server-1-state] TRACE i.a.p.s.impl.DefaultServiceExecutor - PrimitiveService{2}{type=io.atomix.protocols.raft.RaftTest$TestPrimitiveType@761d7cf3, name=raft-test} - Executing DefaultCommit{index=72, session=RaftSession{RaftServiceContext{server=1, type=io.atomix.protocols.raft.RaftTest$TestPrimitiveType@761d7cf3, name=raft-test, id=2}, session=2, timestamp=2018-06-07 10:48:40,566}, time=2018-06-07 10:48:40,566, operation=DefaultOperationId{id=write, type=COMMAND}, value=byte[]{length=17, hash=-1644578928}}
22:48:40.662 [raft-server-1-state] TRACE i.a.protocols.raft.roles.LeaderRole - RaftServer{1}{role=LEADER} - Sending CommandResponse{status=OK, index=72, eventIndex=2, result=byte[]{length=3, hash=34969}}
22:48:40.662 [raft-client-bd74d86e-809c-4ed1-87a8-2ec3ff75de78-6] TRACE i.a.p.r.p.impl.RaftProxyConnection - PartitionProxy{2}{type=io.atomix.protocols.raft.RaftTest$TestPrimitiveType@35bfa1bb, name=raft-test} - Received CommandResponse{status=OK, index=72, eventIndex=2, result=byte[]{length=3, hash=34969}} from 1
22:48:40.662 [raft-client-bd74d86e-809c-4ed1-87a8-2ec3ff75de78-6] TRACE i.a.p.r.p.impl.RaftProxySequencer - PartitionProxy{2}{type=io.atomix.protocols.raft.RaftTest$TestPrimitiveType@35bfa1bb, name=raft-test} - Completing response CommandResponse{status=OK, index=72, eventIndex=2, result=byte[]{length=3, hash=34969}}
22:48:40.662 [raft-client-bd74d86e-809c-4ed1-87a8-2ec3ff75de78-1] TRACE i.a.p.r.p.impl.RaftProxyConnection - PartitionProxy{2}{type=io.atomix.protocols.raft.RaftTest$TestPrimitiveType@35bfa1bb, name=raft-test} - Sending CommandRequest{session=2, sequence=65, operation=PrimitiveOperation{id=DefaultOperationId{id=write, type=COMMAND}, value=byte[]{length=17, hash=-1644578928}}} to 1
22:48:40.662 [raft-server-1] TRACE i.a.protocols.raft.roles.LeaderRole - RaftServer{1}{role=LEADER} - Received CommandRequest{session=2, sequence=65, operation=PrimitiveOperation{id=DefaultOperationId{id=write, type=COMMAND}, value=byte[]{length=17, hash=-1644578928}}}
22:48:40.663 [raft-server-1] TRACE i.a.protocols.raft.roles.LeaderRole - RaftServer{1}{role=LEADER} - Appended Indexed{index=73, entry=CommandEntry{term=1, timestamp=2018-06-07 10:48:40,663, session=2, sequence=65, operation=PrimitiveOperation{id=DefaultOperationId{id=write, type=COMMAND}, value=byte[]{length=17, hash=-1644578928}}}}
22:48:40.663 [raft-server-1] TRACE i.a.p.raft.roles.LeaderAppender - RaftServer{1} - Sending AppendRequest{term=1, leader=1, prevLogIndex=72, prevLogTerm=1, entries=1, commitIndex=72} to 3
22:48:40.663 [raft-server-3] TRACE i.a.p.raft.roles.FollowerRole - RaftServer{3}{role=FOLLOWER} - Received AppendRequest{term=1, leader=1, prevLogIndex=72, prevLogTerm=1, entries=1, commitIndex=72}
22:48:40.663 [raft-server-1] TRACE i.a.p.raft.roles.LeaderAppender - RaftServer{1} - Sending AppendRequest{term=1, leader=1, prevLogIndex=72, prevLogTerm=1, entries=1, commitIndex=72} to 2
22:48:40.663 [raft-server-2] TRACE i.a.p.raft.roles.FollowerRole - RaftServer{2}{role=FOLLOWER} - Received AppendRequest{term=1, leader=1, prevLogIndex=72, prevLogTerm=1, entries=1, commitIndex=72}
22:48:40.663 [raft-server-2] TRACE i.a.p.raft.roles.FollowerRole - RaftServer{2}{role=FOLLOWER} - Appended Indexed{index=73, entry=CommandEntry{term=1, timestamp=2018-06-07 10:48:40,663, session=2, sequence=65, operation=PrimitiveOperation{id=DefaultOperationId{id=write, type=COMMAND}, value=byte[]{length=17, hash=-1644578928}}}}
22:48:40.663 [raft-server-3] TRACE i.a.p.raft.roles.FollowerRole - RaftServer{3}{role=FOLLOWER} - Appended Indexed{index=73, entry=CommandEntry{term=1, timestamp=2018-06-07 10:48:40,663, session=2, sequence=65, operation=PrimitiveOperation{id=DefaultOperationId{id=write, type=COMMAND}, value=byte[]{length=17, hash=-1644578928}}}}
22:48:40.706 [raft-server-3] TRACE i.a.p.raft.roles.FollowerRole - RaftServer{3}{role=FOLLOWER} - Committed entries up to index 72
22:48:40.706 [raft-server-2] TRACE i.a.p.raft.roles.FollowerRole - RaftServer{2}{role=FOLLOWER} - Committed entries up to index 72
22:48:40.706 [raft-server-3] TRACE i.a.p.raft.roles.FollowerRole - RaftServer{3}{role=FOLLOWER} - Sending AppendResponse{status=OK, term=1, succeeded=true, lastLogIndex=73}
22:48:40.706 [raft-server-2] TRACE i.a.p.raft.roles.FollowerRole - RaftServer{2}{role=FOLLOWER} - Sending AppendResponse{status=OK, term=1, succeeded=true, lastLogIndex=73}
22:48:40.706 [raft-server-1] TRACE i.a.p.raft.roles.LeaderAppender - RaftServer{1} - Received AppendResponse{status=OK, term=1, succeeded=true, lastLogIndex=73} from 3
22:48:40.706 [raft-server-1] TRACE i.a.p.raft.roles.LeaderAppender - RaftServer{1} - Committed entries up to 73
22:48:40.706 [raft-server-3-state] TRACE i.a.p.raft.impl.RaftServiceManager - RaftServer{3} - Applying Indexed{index=72, entry=CommandEntry{term=1, timestamp=2018-06-07 10:48:40,566, session=2, sequence=64, operation=PrimitiveOperation{id=DefaultOperationId{id=write, type=COMMAND}, value=byte[]{length=17, hash=-1644578928}}}}
22:48:40.706 [raft-server-2-state] TRACE i.a.p.raft.impl.RaftServiceManager - RaftServer{2} - Applying Indexed{index=72, entry=CommandEntry{term=1, timestamp=2018-06-07 10:48:40,566, session=2, sequence=64, operation=PrimitiveOperation{id=DefaultOperationId{id=write, type=COMMAND}, value=byte[]{length=17, hash=-1644578928}}}}
22:48:40.707 [raft-server-3-state] TRACE i.a.p.s.impl.DefaultServiceExecutor - PrimitiveService{2}{type=io.atomix.protocols.raft.RaftTest$TestPrimitiveType@64a1ae5, name=raft-test} - Executing DefaultCommit{index=72, session=RaftSession{RaftServiceContext{server=3, type=io.atomix.protocols.raft.RaftTest$TestPrimitiveType@64a1ae5, name=raft-test, id=2}, session=2, timestamp=2018-06-07 10:48:40,566}, time=2018-06-07 10:48:40,566, operation=DefaultOperationId{id=write, type=COMMAND}, value=byte[]{length=17, hash=-1644578928}}
22:48:40.707 [raft-server-2-state] TRACE i.a.p.s.impl.DefaultServiceExecutor - PrimitiveService{2}{type=io.atomix.protocols.raft.RaftTest$TestPrimitiveType@2d95571d, name=raft-test} - Executing DefaultCommit{index=72, session=RaftSession{RaftServiceContext{server=2, type=io.atomix.protocols.raft.RaftTest$TestPrimitiveType@2d95571d, name=raft-test, id=2}, session=2, timestamp=2018-06-07 10:48:40,566}, time=2018-06-07 10:48:40,566, operation=DefaultOperationId{id=write, type=COMMAND}, value=byte[]{length=17, hash=-1644578928}}
22:48:40.740 [raft-server-1] TRACE i.a.p.raft.roles.LeaderAppender - RaftServer{1} - Received AppendResponse{status=OK, term=1, succeeded=true, lastLogIndex=73} from 2
22:48:40.740 [raft-server-1-state] TRACE i.a.p.raft.impl.RaftServiceManager - RaftServer{1} - Applying Indexed{index=73, entry=CommandEntry{term=1, timestamp=2018-06-07 10:48:40,663, session=2, sequence=65, operation=PrimitiveOperation{id=DefaultOperationId{id=write, type=COMMAND}, value=byte[]{length=17, hash=-1644578928}}}}
22:48:40.740 [raft-server-1-state] TRACE i.a.p.s.impl.DefaultServiceExecutor - PrimitiveService{2}{type=io.atomix.protocols.raft.RaftTest$TestPrimitiveType@761d7cf3, name=raft-test} - Executing DefaultCommit{index=73, session=RaftSession{RaftServiceContext{server=1, type=io.atomix.protocols.raft.RaftTest$TestPrimitiveType@761d7cf3, name=raft-test, id=2}, session=2, timestamp=2018-06-07 10:48:40,663}, time=2018-06-07 10:48:40,663, operation=DefaultOperationId{id=write, type=COMMAND}, value=byte[]{length=17, hash=-1644578928}}
22:48:40.740 [raft-server-1-state] TRACE i.a.protocols.raft.roles.LeaderRole - RaftServer{1}{role=LEADER} - Sending CommandResponse{status=OK, index=73, eventIndex=2, result=byte[]{length=3, hash=35031}}
22:48:40.740 [raft-client-bd74d86e-809c-4ed1-87a8-2ec3ff75de78-0] TRACE i.a.p.r.p.impl.RaftProxyConnection - PartitionProxy{2}{type=io.atomix.protocols.raft.RaftTest$TestPrimitiveType@35bfa1bb, name=raft-test} - Received CommandResponse{status=OK, index=73, eventIndex=2, result=byte[]{length=3, hash=35031}} from 1
22:48:40.740 [raft-client-bd74d86e-809c-4ed1-87a8-2ec3ff75de78-0] TRACE i.a.p.r.p.impl.RaftProxySequencer - PartitionProxy{2}{type=io.atomix.protocols.raft.RaftTest$TestPrimitiveType@35bfa1bb, name=raft-test} - Completing response CommandResponse{status=OK, index=73, eventIndex=2, result=byte[]{length=3, hash=35031}}
22:48:40.740 [raft-client-bd74d86e-809c-4ed1-87a8-2ec3ff75de78-5] TRACE i.a.p.r.p.impl.RaftProxyConnection - PartitionProxy{2}{type=io.atomix.protocols.raft.RaftTest$TestPrimitiveType@35bfa1bb, name=raft-test} - Sending CommandRequest{session=2, sequence=66, operation=PrimitiveOperation{id=DefaultOperationId{id=write, type=COMMAND}, value=byte[]{length=17, hash=-1644578928}}} to 1
22:48:40.741 [raft-server-1] TRACE i.a.protocols.raft.roles.LeaderRole - RaftServer{1}{role=LEADER} - Received CommandRequest{session=2, sequence=66, operation=PrimitiveOperation{id=DefaultOperationId{id=write, type=COMMAND}, value=byte[]{length=17, hash=-1644578928}}}
22:48:40.741 [raft-server-1] TRACE i.a.protocols.raft.roles.LeaderRole - RaftServer{1}{role=LEADER} - Appended Indexed{index=74, entry=CommandEntry{term=1, timestamp=2018-06-07 10:48:40,741, session=2, sequence=66, operation=PrimitiveOperation{id=DefaultOperationId{id=write, type=COMMAND}, value=byte[]{length=17, hash=-1644578928}}}}
22:48:40.741 [raft-server-1] TRACE i.a.p.raft.roles.LeaderAppender - RaftServer{1} - Sending AppendRequest{term=1, leader=1, prevLogIndex=73, prevLogTerm=1, entries=1, commitIndex=73} to 3
22:48:40.741 [raft-server-3] TRACE i.a.p.raft.roles.FollowerRole - RaftServer{3}{role=FOLLOWER} - Received AppendRequest{term=1, leader=1, prevLogIndex=73, prevLogTerm=1, entries=1, commitIndex=73}
22:48:40.741 [raft-server-1] TRACE i.a.p.raft.roles.LeaderAppender - RaftServer{1} - Sending AppendRequest{term=1, leader=1, prevLogIndex=73, prevLogTerm=1, entries=1, commitIndex=73} to 2
22:48:40.741 [raft-server-2] TRACE i.a.p.raft.roles.FollowerRole - RaftServer{2}{role=FOLLOWER} - Received AppendRequest{term=1, leader=1, prevLogIndex=73, prevLogTerm=1, entries=1, commitIndex=73}
22:48:40.741 [raft-server-3] TRACE i.a.p.raft.roles.FollowerRole - RaftServer{3}{role=FOLLOWER} - Appended Indexed{index=74, entry=CommandEntry{term=1, timestamp=2018-06-07 10:48:40,741, session=2, sequence=66, operation=PrimitiveOperation{id=DefaultOperationId{id=write, type=COMMAND}, value=byte[]{length=17, hash=-1644578928}}}}
22:48:40.741 [raft-server-2] TRACE i.a.p.raft.roles.FollowerRole - RaftServer{2}{role=FOLLOWER} - Appended Indexed{index=74, entry=CommandEntry{term=1, timestamp=2018-06-07 10:48:40,741, session=2, sequence=66, operation=PrimitiveOperation{id=DefaultOperationId{id=write, type=COMMAND}, value=byte[]{length=17, hash=-1644578928}}}}
22:48:40.781 [raft-server-2] TRACE i.a.p.raft.roles.FollowerRole - RaftServer{2}{role=FOLLOWER} - Committed entries up to index 73
22:48:40.781 [raft-server-3] TRACE i.a.p.raft.roles.FollowerRole - RaftServer{3}{role=FOLLOWER} - Committed entries up to index 73
22:48:40.781 [raft-server-2] TRACE i.a.p.raft.roles.FollowerRole - RaftServer{2}{role=FOLLOWER} - Sending AppendResponse{status=OK, term=1, succeeded=true, lastLogIndex=74}
22:48:40.781 [raft-server-3] TRACE i.a.p.raft.roles.FollowerRole - RaftServer{3}{role=FOLLOWER} - Sending AppendResponse{status=OK, term=1, succeeded=true, lastLogIndex=74}
22:48:40.781 [raft-server-1] TRACE i.a.p.raft.roles.LeaderAppender - RaftServer{1} - Received AppendResponse{status=OK, term=1, succeeded=true, lastLogIndex=74} from 2
22:48:40.781 [raft-server-3-state] TRACE i.a.p.raft.impl.RaftServiceManager - RaftServer{3} - Applying Indexed{index=73, entry=CommandEntry{term=1, timestamp=2018-06-07 10:48:40,663, session=2, sequence=65, operation=PrimitiveOperation{id=DefaultOperationId{id=write, type=COMMAND}, value=byte[]{length=17, hash=-1644578928}}}}
22:48:40.782 [raft-server-1] TRACE i.a.p.raft.roles.LeaderAppender - RaftServer{1} - Committed entries up to 74
22:48:40.782 [raft-server-3-state] TRACE i.a.p.s.impl.DefaultServiceExecutor - PrimitiveService{2}{type=io.atomix.protocols.raft.RaftTest$TestPrimitiveType@64a1ae5, name=raft-test} - Executing DefaultCommit{index=73, session=RaftSession{RaftServiceContext{server=3, type=io.atomix.protocols.raft.RaftTest$TestPrimitiveType@64a1ae5, name=raft-test, id=2}, session=2, timestamp=2018-06-07 10:48:40,663}, time=2018-06-07 10:48:40,663, operation=DefaultOperationId{id=write, type=COMMAND}, value=byte[]{length=17, hash=-1644578928}}
22:48:40.782 [raft-server-2-state] TRACE i.a.p.raft.impl.RaftServiceManager - RaftServer{2} - Applying Indexed{index=73, entry=CommandEntry{term=1, timestamp=2018-06-07 10:48:40,663, session=2, sequence=65, operation=PrimitiveOperation{id=DefaultOperationId{id=write, type=COMMAND}, value=byte[]{length=17, hash=-1644578928}}}}
22:48:40.782 [raft-server-2-state] TRACE i.a.p.s.impl.DefaultServiceExecutor - PrimitiveService{2}{type=io.atomix.protocols.raft.RaftTest$TestPrimitiveType@2d95571d, name=raft-test} - Executing DefaultCommit{index=73, session=RaftSession{RaftServiceContext{server=2, type=io.atomix.protocols.raft.RaftTest$TestPrimitiveType@2d95571d, name=raft-test, id=2}, session=2, timestamp=2018-06-07 10:48:40,663}, time=2018-06-07 10:48:40,663, operation=DefaultOperationId{id=write, type=COMMAND}, value=byte[]{length=17, hash=-1644578928}}
22:48:40.823 [raft-server-1] TRACE i.a.p.raft.roles.LeaderAppender - RaftServer{1} - Sending AppendRequest{term=1, leader=1, prevLogIndex=74, prevLogTerm=1, entries=0, commitIndex=74} to 2
22:48:40.823 [raft-server-1] TRACE i.a.p.raft.roles.LeaderAppender - RaftServer{1} - Received AppendResponse{status=OK, term=1, succeeded=true, lastLogIndex=74} from 3
22:48:40.823 [raft-server-2] TRACE i.a.p.raft.roles.FollowerRole - RaftServer{2}{role=FOLLOWER} - Received AppendRequest{term=1, leader=1, prevLogIndex=74, prevLogTerm=1, entries=0, commitIndex=74}
22:48:40.823 [raft-server-2] TRACE i.a.p.raft.roles.FollowerRole - RaftServer{2}{role=FOLLOWER} - Committed entries up to index 74
22:48:40.823 [raft-server-1] TRACE i.a.p.raft.roles.LeaderAppender - RaftServer{1} - Sending AppendRequest{term=1, leader=1, prevLogIndex=74, prevLogTerm=1, entries=0, commitIndex=74} to 3
22:48:40.823 [raft-server-2] TRACE i.a.p.raft.roles.FollowerRole - RaftServer{2}{role=FOLLOWER} - Sending AppendResponse{status=OK, term=1, succeeded=true, lastLogIndex=74}
22:48:40.823 [raft-server-3] TRACE i.a.p.raft.roles.FollowerRole - RaftServer{3}{role=FOLLOWER} - Received AppendRequest{term=1, leader=1, prevLogIndex=74, prevLogTerm=1, entries=0, commitIndex=74}
22:48:40.823 [raft-server-1] TRACE i.a.p.raft.roles.LeaderAppender - RaftServer{1} - Received AppendResponse{status=OK, term=1, succeeded=true, lastLogIndex=74} from 2
22:48:40.823 [raft-server-1-state] TRACE i.a.p.raft.impl.RaftServiceManager - RaftServer{1} - Applying Indexed{index=74, entry=CommandEntry{term=1, timestamp=2018-06-07 10:48:40,741, session=2, sequence=66, operation=PrimitiveOperation{id=DefaultOperationId{id=write, type=COMMAND}, value=byte[]{length=17, hash=-1644578928}}}}
22:48:40.823 [raft-server-2-state] TRACE i.a.p.raft.impl.RaftServiceManager - RaftServer{2} - Applying Indexed{index=74, entry=CommandEntry{term=1, timestamp=2018-06-07 10:48:40,741, session=2, sequence=66, operation=PrimitiveOperation{id=DefaultOperationId{id=write, type=COMMAND}, value=byte[]{length=17, hash=-1644578928}}}}
22:48:40.823 [raft-server-1-state] TRACE i.a.p.s.impl.DefaultServiceExecutor - PrimitiveService{2}{type=io.atomix.protocols.raft.RaftTest$TestPrimitiveType@761d7cf3, name=raft-test} - Executing DefaultCommit{index=74, session=RaftSession{RaftServiceContext{server=1, type=io.atomix.protocols.raft.RaftTest$TestPrimitiveType@761d7cf3, name=raft-test, id=2}, session=2, timestamp=2018-06-07 10:48:40,741}, time=2018-06-07 10:48:40,741, operation=DefaultOperationId{id=write, type=COMMAND}, value=byte[]{length=17, hash=-1644578928}}
22:48:40.824 [raft-server-2-state] TRACE i.a.p.s.impl.DefaultServiceExecutor - PrimitiveService{2}{type=io.atomix.protocols.raft.RaftTest$TestPrimitiveType@2d95571d, name=raft-test} - Executing DefaultCommit{index=74, session=RaftSession{RaftServiceContext{server=2, type=io.atomix.protocols.raft.RaftTest$TestPrimitiveType@2d95571d, name=raft-test, id=2}, session=2, timestamp=2018-06-07 10:48:40,741}, time=2018-06-07 10:48:40,741, operation=DefaultOperationId{id=write, type=COMMAND}, value=byte[]{length=17, hash=-1644578928}}
22:48:40.824 [raft-server-1-state] TRACE i.a.protocols.raft.roles.LeaderRole - RaftServer{1}{role=LEADER} - Sending CommandResponse{status=OK, index=74, eventIndex=2, result=byte[]{length=3, hash=35093}}
22:48:40.824 [raft-client-bd74d86e-809c-4ed1-87a8-2ec3ff75de78-1] TRACE i.a.p.r.p.impl.RaftProxyConnection - PartitionProxy{2}{type=io.atomix.protocols.raft.RaftTest$TestPrimitiveType@35bfa1bb, name=raft-test} - Received CommandResponse{status=OK, index=74, eventIndex=2, result=byte[]{length=3, hash=35093}} from 1
22:48:40.824 [raft-client-bd74d86e-809c-4ed1-87a8-2ec3ff75de78-1] TRACE i.a.p.r.p.impl.RaftProxySequencer - PartitionProxy{2}{type=io.atomix.protocols.raft.RaftTest$TestPrimitiveType@35bfa1bb, name=raft-test} - Completing response CommandResponse{status=OK, index=74, eventIndex=2, result=byte[]{length=3, hash=35093}}
22:48:40.824 [raft-client-bd74d86e-809c-4ed1-87a8-2ec3ff75de78-3] TRACE i.a.p.r.p.impl.RaftProxyConnection - PartitionProxy{2}{type=io.atomix.protocols.raft.RaftTest$TestPrimitiveType@35bfa1bb, name=raft-test} - Sending CommandRequest{session=2, sequence=67, operation=PrimitiveOperation{id=DefaultOperationId{id=write, type=COMMAND}, value=byte[]{length=17, hash=-1644578928}}} to 1
22:48:40.824 [raft-server-1] TRACE i.a.protocols.raft.roles.LeaderRole - RaftServer{1}{role=LEADER} - Received CommandRequest{session=2, sequence=67, operation=PrimitiveOperation{id=DefaultOperationId{id=write, type=COMMAND}, value=byte[]{length=17, hash=-1644578928}}}
22:48:40.824 [raft-server-1] TRACE i.a.protocols.raft.roles.LeaderRole - RaftServer{1}{role=LEADER} - Appended Indexed{index=75, entry=CommandEntry{term=1, timestamp=2018-06-07 10:48:40,824, session=2, sequence=67, operation=PrimitiveOperation{id=DefaultOperationId{id=write, type=COMMAND}, value=byte[]{length=17, hash=-1644578928}}}}
22:48:40.825 [raft-server-1] TRACE i.a.p.raft.roles.LeaderAppender - RaftServer{1} - Sending AppendRequest{term=1, leader=1, prevLogIndex=74, prevLogTerm=1, entries=1, commitIndex=74} to 2
22:48:40.825 [raft-server-2] TRACE i.a.p.raft.roles.FollowerRole - RaftServer{2}{role=FOLLOWER} - Received AppendRequest{term=1, leader=1, prevLogIndex=74, prevLogTerm=1, entries=1, commitIndex=74}
22:48:40.825 [raft-server-2] TRACE i.a.p.raft.roles.FollowerRole - RaftServer{2}{role=FOLLOWER} - Appended Indexed{index=75, entry=CommandEntry{term=1, timestamp=2018-06-07 10:48:40,824, session=2, sequence=67, operation=PrimitiveOperation{id=DefaultOperationId{id=write, type=COMMAND}, value=byte[]{length=17, hash=-1644578928}}}}
22:48:40.825 [raft-server-2] TRACE i.a.p.raft.roles.FollowerRole - RaftServer{2}{role=FOLLOWER} - Sending AppendResponse{status=OK, term=1, succeeded=true, lastLogIndex=75}
22:48:40.825 [raft-server-1] TRACE i.a.p.raft.roles.LeaderAppender - RaftServer{1} - Received AppendResponse{status=OK, term=1, succeeded=true, lastLogIndex=75} from 2
22:48:40.825 [raft-server-1] TRACE i.a.p.raft.roles.LeaderAppender - RaftServer{1} - Committed entries up to 75
22:48:40.881 [raft-server-3] TRACE i.a.p.raft.roles.FollowerRole - RaftServer{3}{role=FOLLOWER} - Committed entries up to index 74
22:48:40.881 [raft-server-3] TRACE i.a.p.raft.roles.FollowerRole - RaftServer{3}{role=FOLLOWER} - Sending AppendResponse{status=OK, term=1, succeeded=true, lastLogIndex=74}
22:48:40.881 [raft-server-3-state] TRACE i.a.p.raft.impl.RaftServiceManager - RaftServer{3} - Applying Indexed{index=74, entry=CommandEntry{term=1, timestamp=2018-06-07 10:48:40,741, session=2, sequence=66, operation=PrimitiveOperation{id=DefaultOperationId{id=write, type=COMMAND}, value=byte[]{length=17, hash=-1644578928}}}}
22:48:40.882 [raft-server-3-state] TRACE i.a.p.s.impl.DefaultServiceExecutor - PrimitiveService{2}{type=io.atomix.protocols.raft.RaftTest$TestPrimitiveType@64a1ae5, name=raft-test} - Executing DefaultCommit{index=74, session=RaftSession{RaftServiceContext{server=3, type=io.atomix.protocols.raft.RaftTest$TestPrimitiveType@64a1ae5, name=raft-test, id=2}, session=2, timestamp=2018-06-07 10:48:40,741}, time=2018-06-07 10:48:40,741, operation=DefaultOperationId{id=write, type=COMMAND}, value=byte[]{length=17, hash=-1644578928}}
22:48:40.915 [raft-server-1] TRACE i.a.p.raft.roles.LeaderAppender - RaftServer{1} - Received AppendResponse{status=OK, term=1, succeeded=true, lastLogIndex=74} from 3
22:48:40.915 [raft-server-1] TRACE i.a.p.raft.roles.LeaderAppender - RaftServer{1} - Sending AppendRequest{term=1, leader=1, prevLogIndex=74, prevLogTerm=1, entries=1, commitIndex=75} to 3
22:48:40.915 [raft-server-3] TRACE i.a.p.raft.roles.FollowerRole - RaftServer{3}{role=FOLLOWER} - Received AppendRequest{term=1, leader=1, prevLogIndex=74, prevLogTerm=1, entries=1, commitIndex=75}
22:48:40.915 [raft-server-1-state] TRACE i.a.p.raft.impl.RaftServiceManager - RaftServer{1} - Applying Indexed{index=75, entry=CommandEntry{term=1, timestamp=2018-06-07 10:48:40,824, session=2, sequence=67, operation=PrimitiveOperation{id=DefaultOperationId{id=write, type=COMMAND}, value=byte[]{length=17, hash=-1644578928}}}}
22:48:40.915 [raft-server-1-state] TRACE i.a.p.s.impl.DefaultServiceExecutor - PrimitiveService{2}{type=io.atomix.protocols.raft.RaftTest$TestPrimitiveType@761d7cf3, name=raft-test} - Executing DefaultCommit{index=75, session=RaftSession{RaftServiceContext{server=1, type=io.atomix.protocols.raft.RaftTest$TestPrimitiveType@761d7cf3, name=raft-test, id=2}, session=2, timestamp=2018-06-07 10:48:40,824}, time=2018-06-07 10:48:40,824, operation=DefaultOperationId{id=write, type=COMMAND}, value=byte[]{length=17, hash=-1644578928}}
22:48:40.915 [raft-server-3] TRACE i.a.p.raft.roles.FollowerRole - RaftServer{3}{role=FOLLOWER} - Appended Indexed{index=75, entry=CommandEntry{term=1, timestamp=2018-06-07 10:48:40,824, session=2, sequence=67, operation=PrimitiveOperation{id=DefaultOperationId{id=write, type=COMMAND}, value=byte[]{length=17, hash=-1644578928}}}}
22:48:40.915 [raft-server-1-state] TRACE i.a.protocols.raft.roles.LeaderRole - RaftServer{1}{role=LEADER} - Sending CommandResponse{status=OK, index=75, eventIndex=2, result=byte[]{length=3, hash=35155}}
22:48:40.915 [raft-client-bd74d86e-809c-4ed1-87a8-2ec3ff75de78-6] TRACE i.a.p.r.p.impl.RaftProxyConnection - PartitionProxy{2}{type=io.atomix.protocols.raft.RaftTest$TestPrimitiveType@35bfa1bb, name=raft-test} - Received CommandResponse{status=OK, index=75, eventIndex=2, result=byte[]{length=3, hash=35155}} from 1
22:48:40.915 [raft-client-bd74d86e-809c-4ed1-87a8-2ec3ff75de78-6] TRACE i.a.p.r.p.impl.RaftProxySequencer - PartitionProxy{2}{type=io.atomix.protocols.raft.RaftTest$TestPrimitiveType@35bfa1bb, name=raft-test} - Completing response CommandResponse{status=OK, index=75, eventIndex=2, result=byte[]{length=3, hash=35155}}
22:48:40.916 [raft-client-bd74d86e-809c-4ed1-87a8-2ec3ff75de78-7] TRACE i.a.p.r.p.impl.RaftProxyConnection - PartitionProxy{2}{type=io.atomix.protocols.raft.RaftTest$TestPrimitiveType@35bfa1bb, name=raft-test} - Sending CommandRequest{session=2, sequence=68, operation=PrimitiveOperation{id=DefaultOperationId{id=write, type=COMMAND}, value=byte[]{length=17, hash=-1644578928}}} to 1
22:48:40.916 [raft-server-1] TRACE i.a.protocols.raft.roles.LeaderRole - RaftServer{1}{role=LEADER} - Received CommandRequest{session=2, sequence=68, operation=PrimitiveOperation{id=DefaultOperationId{id=write, type=COMMAND}, value=byte[]{length=17, hash=-1644578928}}}
22:48:40.916 [raft-server-1] TRACE i.a.protocols.raft.roles.LeaderRole - RaftServer{1}{role=LEADER} - Appended Indexed{index=76, entry=CommandEntry{term=1, timestamp=2018-06-07 10:48:40,916, session=2, sequence=68, operation=PrimitiveOperation{id=DefaultOperationId{id=write, type=COMMAND}, value=byte[]{length=17, hash=-1644578928}}}}
22:48:40.916 [raft-server-1] TRACE i.a.p.raft.roles.LeaderAppender - RaftServer{1} - Sending AppendRequest{term=1, leader=1, prevLogIndex=75, prevLogTerm=1, entries=1, commitIndex=75} to 2
22:48:40.916 [raft-server-2] TRACE i.a.p.raft.roles.FollowerRole - RaftServer{2}{role=FOLLOWER} - Received AppendRequest{term=1, leader=1, prevLogIndex=75, prevLogTerm=1, entries=1, commitIndex=75}
22:48:40.916 [raft-server-2] TRACE i.a.p.raft.roles.FollowerRole - RaftServer{2}{role=FOLLOWER} - Appended Indexed{index=76, entry=CommandEntry{term=1, timestamp=2018-06-07 10:48:40,916, session=2, sequence=68, operation=PrimitiveOperation{id=DefaultOperationId{id=write, type=COMMAND}, value=byte[]{length=17, hash=-1644578928}}}}
22:48:40.956 [raft-server-3] TRACE i.a.p.raft.roles.FollowerRole - RaftServer{3}{role=FOLLOWER} - Committed entries up to index 75
22:48:40.956 [raft-server-3] TRACE i.a.p.raft.roles.FollowerRole - RaftServer{3}{role=FOLLOWER} - Sending AppendResponse{status=OK, term=1, succeeded=true, lastLogIndex=75}
22:48:40.957 [raft-server-3-state] TRACE i.a.p.raft.impl.RaftServiceManager - RaftServer{3} - Applying Indexed{index=75, entry=CommandEntry{term=1, timestamp=2018-06-07 10:48:40,824, session=2, sequence=67, operation=PrimitiveOperation{id=DefaultOperationId{id=write, type=COMMAND}, value=byte[]{length=17, hash=-1644578928}}}}
22:48:40.957 [raft-server-3-state] TRACE i.a.p.s.impl.DefaultServiceExecutor - PrimitiveService{2}{type=io.atomix.protocols.raft.RaftTest$TestPrimitiveType@64a1ae5, name=raft-test} - Executing DefaultCommit{index=75, session=RaftSession{RaftServiceContext{server=3, type=io.atomix.protocols.raft.RaftTest$TestPrimitiveType@64a1ae5, name=raft-test, id=2}, session=2, timestamp=2018-06-07 10:48:40,824}, time=2018-06-07 10:48:40,824, operation=DefaultOperationId{id=write, type=COMMAND}, value=byte[]{length=17, hash=-1644578928}}
22:48:40.957 [raft-server-1] TRACE i.a.p.raft.roles.LeaderAppender - RaftServer{1} - Received AppendResponse{status=OK, term=1, succeeded=true, lastLogIndex=75} from 3
22:48:40.957 [raft-server-1] TRACE i.a.p.raft.roles.LeaderAppender - RaftServer{1} - Sending AppendRequest{term=1, leader=1, prevLogIndex=75, prevLogTerm=1, entries=1, commitIndex=75} to 3
22:48:40.957 [raft-server-3] TRACE i.a.p.raft.roles.FollowerRole - RaftServer{3}{role=FOLLOWER} - Received AppendRequest{term=1, leader=1, prevLogIndex=75, prevLogTerm=1, entries=1, commitIndex=75}
22:48:40.957 [raft-server-3] TRACE i.a.p.raft.roles.FollowerRole - RaftServer{3}{role=FOLLOWER} - Appended Indexed{index=76, entry=CommandEntry{term=1, timestamp=2018-06-07 10:48:40,916, session=2, sequence=68, operation=PrimitiveOperation{id=DefaultOperationId{id=write, type=COMMAND}, value=byte[]{length=17, hash=-1644578928}}}}
22:48:40.958 [raft-server-3] TRACE i.a.p.raft.roles.FollowerRole - RaftServer{3}{role=FOLLOWER} - Sending AppendResponse{status=OK, term=1, succeeded=true, lastLogIndex=76}
22:48:40.958 [raft-server-1] TRACE i.a.p.raft.roles.LeaderAppender - RaftServer{1} - Received AppendResponse{status=OK, term=1, succeeded=true, lastLogIndex=76} from 3
22:48:40.958 [raft-server-1] TRACE i.a.p.raft.roles.LeaderAppender - RaftServer{1} - Committed entries up to 76
22:48:40.989 [raft-server-2] TRACE i.a.p.raft.roles.FollowerRole - RaftServer{2}{role=FOLLOWER} - Committed entries up to index 75
22:48:40.990 [raft-server-2] TRACE i.a.p.raft.roles.FollowerRole - RaftServer{2}{role=FOLLOWER} - Sending AppendResponse{status=OK, term=1, succeeded=true, lastLogIndex=76}
22:48:40.990 [raft-server-2-state] TRACE i.a.p.raft.impl.RaftServiceManager - RaftServer{2} - Applying Indexed{index=75, entry=CommandEntry{term=1, timestamp=2018-06-07 10:48:40,824, session=2, sequence=67, operation=PrimitiveOperation{id=DefaultOperationId{id=write, type=COMMAND}, value=byte[]{length=17, hash=-1644578928}}}}
22:48:40.990 [raft-server-2-state] TRACE i.a.p.s.impl.DefaultServiceExecutor - PrimitiveService{2}{type=io.atomix.protocols.raft.RaftTest$TestPrimitiveType@2d95571d, name=raft-test} - Executing DefaultCommit{index=75, session=RaftSession{RaftServiceContext{server=2, type=io.atomix.protocols.raft.RaftTest$TestPrimitiveType@2d95571d, name=raft-test, id=2}, session=2, timestamp=2018-06-07 10:48:40,824}, time=2018-06-07 10:48:40,824, operation=DefaultOperationId{id=write, type=COMMAND}, value=byte[]{length=17, hash=-1644578928}}
22:48:41.015 [raft-server-1] TRACE i.a.p.raft.roles.LeaderAppender - RaftServer{1} - Received AppendResponse{status=OK, term=1, succeeded=true, lastLogIndex=76} from 2
22:48:41.015 [raft-server-1] TRACE i.a.p.raft.roles.LeaderAppender - RaftServer{1} - Sending AppendRequest{term=1, leader=1, prevLogIndex=76, prevLogTerm=1, entries=0, commitIndex=76} to 3
22:48:41.015 [raft-server-1] TRACE i.a.p.raft.roles.LeaderAppender - RaftServer{1} - Sending AppendRequest{term=1, leader=1, prevLogIndex=76, prevLogTerm=1, entries=0, commitIndex=76} to 2
22:48:41.015 [raft-server-1-state] TRACE i.a.p.raft.impl.RaftServiceManager - RaftServer{1} - Applying Indexed{index=76, entry=CommandEntry{term=1, timestamp=2018-06-07 10:48:40,916, session=2, sequence=68, operation=PrimitiveOperation{id=DefaultOperationId{id=write, type=COMMAND}, value=byte[]{length=17, hash=-1644578928}}}}
22:48:41.015 [raft-server-3] TRACE i.a.p.raft.roles.FollowerRole - RaftServer{3}{role=FOLLOWER} - Received AppendRequest{term=1, leader=1, prevLogIndex=76, prevLogTerm=1, entries=0, commitIndex=76}
22:48:41.015 [raft-server-1-state] TRACE i.a.p.s.impl.DefaultServiceExecutor - PrimitiveService{2}{type=io.atomix.protocols.raft.RaftTest$TestPrimitiveType@761d7cf3, name=raft-test} - Executing DefaultCommit{index=76, session=RaftSession{RaftServiceContext{server=1, type=io.atomix.protocols.raft.RaftTest$TestPrimitiveType@761d7cf3, name=raft-test, id=2}, session=2, timestamp=2018-06-07 10:48:40,916}, time=2018-06-07 10:48:40,916, operation=DefaultOperationId{id=write, type=COMMAND}, value=byte[]{length=17, hash=-1644578928}}
22:48:41.015 [raft-server-1-state] TRACE i.a.protocols.raft.roles.LeaderRole - RaftServer{1}{role=LEADER} - Sending CommandResponse{status=OK, index=76, eventIndex=2, result=byte[]{length=3, hash=35217}}
22:48:41.015 [raft-server-2] TRACE i.a.p.raft.roles.FollowerRole - RaftServer{2}{role=FOLLOWER} - Received AppendRequest{term=1, leader=1, prevLogIndex=76, prevLogTerm=1, entries=0, commitIndex=76}
22:48:41.015 [raft-client-bd74d86e-809c-4ed1-87a8-2ec3ff75de78-0] TRACE i.a.p.r.p.impl.RaftProxyConnection - PartitionProxy{2}{type=io.atomix.protocols.raft.RaftTest$TestPrimitiveType@35bfa1bb, name=raft-test} - Received CommandResponse{status=OK, index=76, eventIndex=2, result=byte[]{length=3, hash=35217}} from 1
22:48:41.015 [raft-client-bd74d86e-809c-4ed1-87a8-2ec3ff75de78-0] TRACE i.a.p.r.p.impl.RaftProxySequencer - PartitionProxy{2}{type=io.atomix.protocols.raft.RaftTest$TestPrimitiveType@35bfa1bb, name=raft-test} - Completing response CommandResponse{status=OK, index=76, eventIndex=2, result=byte[]{length=3, hash=35217}}
22:48:41.015 [raft-server-2] TRACE i.a.p.raft.roles.FollowerRole - RaftServer{2}{role=FOLLOWER} - Committed entries up to index 76
22:48:41.015 [raft-server-2] TRACE i.a.p.raft.roles.FollowerRole - RaftServer{2}{role=FOLLOWER} - Sending AppendResponse{status=OK, term=1, succeeded=true, lastLogIndex=76}
22:48:41.016 [raft-server-1] TRACE i.a.p.raft.roles.LeaderAppender - RaftServer{1} - Received AppendResponse{status=OK, term=1, succeeded=true, lastLogIndex=76} from 2
22:48:41.016 [raft-server-2-state] TRACE i.a.p.raft.impl.RaftServiceManager - RaftServer{2} - Applying Indexed{index=76, entry=CommandEntry{term=1, timestamp=2018-06-07 10:48:40,916, session=2, sequence=68, operation=PrimitiveOperation{id=DefaultOperationId{id=write, type=COMMAND}, value=byte[]{length=17, hash=-1644578928}}}}
22:48:41.016 [raft-server-1] TRACE i.a.p.raft.roles.LeaderAppender - RaftServer{1} - Sending AppendRequest{term=1, leader=1, prevLogIndex=76, prevLogTerm=1, entries=0, commitIndex=76} to 2
22:48:41.016 [raft-server-2-state] TRACE i.a.p.s.impl.DefaultServiceExecutor - PrimitiveService{2}{type=io.atomix.protocols.raft.RaftTest$TestPrimitiveType@2d95571d, name=raft-test} - Executing DefaultCommit{index=76, session=RaftSession{RaftServiceContext{server=2, type=io.atomix.protocols.raft.RaftTest$TestPrimitiveType@2d95571d, name=raft-test, id=2}, session=2, timestamp=2018-06-07 10:48:40,916}, time=2018-06-07 10:48:40,916, operation=DefaultOperationId{id=write, type=COMMAND}, value=byte[]{length=17, hash=-1644578928}}
22:48:41.016 [raft-client-bd74d86e-809c-4ed1-87a8-2ec3ff75de78-0] TRACE i.a.p.r.p.impl.RaftProxyConnection - PartitionProxy{2}{type=io.atomix.protocols.raft.RaftTest$TestPrimitiveType@35bfa1bb, name=raft-test} - Sending CommandRequest{session=2, sequence=69, operation=PrimitiveOperation{id=DefaultOperationId{id=write, type=COMMAND}, value=byte[]{length=17, hash=-1644578928}}} to 1
22:48:41.016 [raft-server-1] TRACE i.a.protocols.raft.roles.LeaderRole - RaftServer{1}{role=LEADER} - Received CommandRequest{session=2, sequence=69, operation=PrimitiveOperation{id=DefaultOperationId{id=write, type=COMMAND}, value=byte[]{length=17, hash=-1644578928}}}
22:48:41.016 [raft-server-2] TRACE i.a.p.raft.roles.FollowerRole - RaftServer{2}{role=FOLLOWER} - Received AppendRequest{term=1, leader=1, prevLogIndex=76, prevLogTerm=1, entries=0, commitIndex=76}
22:48:41.016 [raft-server-2] TRACE i.a.p.raft.roles.FollowerRole - RaftServer{2}{role=FOLLOWER} - Sending AppendResponse{status=OK, term=1, succeeded=true, lastLogIndex=76}
22:48:41.016 [raft-server-1] TRACE i.a.protocols.raft.roles.LeaderRole - RaftServer{1}{role=LEADER} - Appended Indexed{index=77, entry=CommandEntry{term=1, timestamp=2018-06-07 10:48:41,016, session=2, sequence=69, operation=PrimitiveOperation{id=DefaultOperationId{id=write, type=COMMAND}, value=byte[]{length=17, hash=-1644578928}}}}
22:48:41.016 [raft-server-1] TRACE i.a.p.raft.roles.LeaderAppender - RaftServer{1} - Received AppendResponse{status=OK, term=1, succeeded=true, lastLogIndex=76} from 2
22:48:41.016 [raft-server-1] TRACE i.a.p.raft.roles.LeaderAppender - RaftServer{1} - Sending AppendRequest{term=1, leader=1, prevLogIndex=76, prevLogTerm=1, entries=1, commitIndex=76} to 2
22:48:41.016 [raft-server-2] TRACE i.a.p.raft.roles.FollowerRole - RaftServer{2}{role=FOLLOWER} - Received AppendRequest{term=1, leader=1, prevLogIndex=76, prevLogTerm=1, entries=1, commitIndex=76}
22:48:41.016 [raft-server-2] TRACE i.a.p.raft.roles.FollowerRole - RaftServer{2}{role=FOLLOWER} - Appended Indexed{index=77, entry=CommandEntry{term=1, timestamp=2018-06-07 10:48:41,016, session=2, sequence=69, operation=PrimitiveOperation{id=DefaultOperationId{id=write, type=COMMAND}, value=byte[]{length=17, hash=-1644578928}}}}
22:48:41.016 [raft-server-2] TRACE i.a.p.raft.roles.FollowerRole - RaftServer{2}{role=FOLLOWER} - Sending AppendResponse{status=OK, term=1, succeeded=true, lastLogIndex=77}
22:48:41.016 [raft-server-1] TRACE i.a.p.raft.roles.LeaderAppender - RaftServer{1} - Received AppendResponse{status=OK, term=1, succeeded=true, lastLogIndex=77} from 2
22:48:41.017 [raft-server-1] TRACE i.a.p.raft.roles.LeaderAppender - RaftServer{1} - Committed entries up to 77
22:48:41.048 [raft-server-3] TRACE i.a.p.raft.roles.FollowerRole - RaftServer{3}{role=FOLLOWER} - Committed entries up to index 76
22:48:41.048 [raft-server-3] TRACE i.a.p.raft.roles.FollowerRole - RaftServer{3}{role=FOLLOWER} - Sending AppendResponse{status=OK, term=1, succeeded=true, lastLogIndex=76}
22:48:41.048 [raft-server-3-state] TRACE i.a.p.raft.impl.RaftServiceManager - RaftServer{3} - Applying Indexed{index=76, entry=CommandEntry{term=1, timestamp=2018-06-07 10:48:40,916, session=2, sequence=68, operation=PrimitiveOperation{id=DefaultOperationId{id=write, type=COMMAND}, value=byte[]{length=17, hash=-1644578928}}}}
22:48:41.048 [raft-server-3-state] TRACE i.a.p.s.impl.DefaultServiceExecutor - PrimitiveService{2}{type=io.atomix.protocols.raft.RaftTest$TestPrimitiveType@64a1ae5, name=raft-test} - Executing DefaultCommit{index=76, session=RaftSession{RaftServiceContext{server=3, type=io.atomix.protocols.raft.RaftTest$TestPrimitiveType@64a1ae5, name=raft-test, id=2}, session=2, timestamp=2018-06-07 10:48:40,916}, time=2018-06-07 10:48:40,916, operation=DefaultOperationId{id=write, type=COMMAND}, value=byte[]{length=17, hash=-1644578928}}
22:48:41.087 [raft-server-1] TRACE i.a.p.raft.roles.LeaderAppender - RaftServer{1} - Received AppendResponse{status=OK, term=1, succeeded=true, lastLogIndex=76} from 3
22:48:41.087 [raft-server-1] TRACE i.a.p.raft.roles.LeaderAppender - RaftServer{1} - Sending AppendRequest{term=1, leader=1, prevLogIndex=76, prevLogTerm=1, entries=1, commitIndex=77} to 3
22:48:41.087 [raft-server-3] TRACE i.a.p.raft.roles.FollowerRole - RaftServer{3}{role=FOLLOWER} - Received AppendRequest{term=1, leader=1, prevLogIndex=76, prevLogTerm=1, entries=1, commitIndex=77}
22:48:41.087 [raft-server-1-state] TRACE i.a.p.raft.impl.RaftServiceManager - RaftServer{1} - Applying Indexed{index=77, entry=CommandEntry{term=1, timestamp=2018-06-07 10:48:41,016, session=2, sequence=69, operation=PrimitiveOperation{id=DefaultOperationId{id=write, type=COMMAND}, value=byte[]{length=17, hash=-1644578928}}}}
22:48:41.087 [raft-server-1-state] TRACE i.a.p.s.impl.DefaultServiceExecutor - PrimitiveService{2}{type=io.atomix.protocols.raft.RaftTest$TestPrimitiveType@761d7cf3, name=raft-test} - Executing DefaultCommit{index=77, session=RaftSession{RaftServiceContext{server=1, type=io.atomix.protocols.raft.RaftTest$TestPrimitiveType@761d7cf3, name=raft-test, id=2}, session=2, timestamp=2018-06-07 10:48:41,016}, time=2018-06-07 10:48:41,016, operation=DefaultOperationId{id=write, type=COMMAND}, value=byte[]{length=17, hash=-1644578928}}
22:48:41.087 [raft-server-3] TRACE i.a.p.raft.roles.FollowerRole - RaftServer{3}{role=FOLLOWER} - Appended Indexed{index=77, entry=CommandEntry{term=1, timestamp=2018-06-07 10:48:41,016, session=2, sequence=69, operation=PrimitiveOperation{id=DefaultOperationId{id=write, type=COMMAND}, value=byte[]{length=17, hash=-1644578928}}}}
22:48:41.088 [raft-server-1] TRACE i.a.protocols.raft.roles.LeaderRole - RaftServer{1}{role=LEADER} - Sending CommandResponse{status=OK, index=77, eventIndex=2, result=byte[]{length=3, hash=35279}}
22:48:41.088 [raft-client-bd74d86e-809c-4ed1-87a8-2ec3ff75de78-1] TRACE i.a.p.r.p.impl.RaftProxyConnection - PartitionProxy{2}{type=io.atomix.protocols.raft.RaftTest$TestPrimitiveType@35bfa1bb, name=raft-test} - Received CommandResponse{status=OK, index=77, eventIndex=2, result=byte[]{length=3, hash=35279}} from 1
22:48:41.088 [raft-client-bd74d86e-809c-4ed1-87a8-2ec3ff75de78-1] TRACE i.a.p.r.p.impl.RaftProxySequencer - PartitionProxy{2}{type=io.atomix.protocols.raft.RaftTest$TestPrimitiveType@35bfa1bb, name=raft-test} - Completing response CommandResponse{status=OK, index=77, eventIndex=2, result=byte[]{length=3, hash=35279}}
22:48:41.088 [raft-client-bd74d86e-809c-4ed1-87a8-2ec3ff75de78-1] TRACE i.a.p.r.p.impl.RaftProxyConnection - PartitionProxy{2}{type=io.atomix.protocols.raft.RaftTest$TestPrimitiveType@35bfa1bb, name=raft-test} - Sending CommandRequest{session=2, sequence=70, operation=PrimitiveOperation{id=DefaultOperationId{id=write, type=COMMAND}, value=byte[]{length=17, hash=-1644578928}}} to 1
22:48:41.088 [raft-server-1] TRACE i.a.protocols.raft.roles.LeaderRole - RaftServer{1}{role=LEADER} - Received CommandRequest{session=2, sequence=70, operation=PrimitiveOperation{id=DefaultOperationId{id=write, type=COMMAND}, value=byte[]{length=17, hash=-1644578928}}}
22:48:41.088 [raft-server-1] TRACE i.a.protocols.raft.roles.LeaderRole - RaftServer{1}{role=LEADER} - Appended Indexed{index=78, entry=CommandEntry{term=1, timestamp=2018-06-07 10:48:41,088, session=2, sequence=70, operation=PrimitiveOperation{id=DefaultOperationId{id=write, type=COMMAND}, value=byte[]{length=17, hash=-1644578928}}}}
22:48:41.088 [raft-server-1] TRACE i.a.p.raft.roles.LeaderAppender - RaftServer{1} - Sending AppendRequest{term=1, leader=1, prevLogIndex=77, prevLogTerm=1, entries=1, commitIndex=77} to 2
22:48:41.088 [raft-server-2] TRACE i.a.p.raft.roles.FollowerRole - RaftServer{2}{role=FOLLOWER} - Received AppendRequest{term=1, leader=1, prevLogIndex=77, prevLogTerm=1, entries=1, commitIndex=77}
22:48:41.089 [raft-server-2] TRACE i.a.p.raft.roles.FollowerRole - RaftServer{2}{role=FOLLOWER} - Appended Indexed{index=78, entry=CommandEntry{term=1, timestamp=2018-06-07 10:48:41,088, session=2, sequence=70, operation=PrimitiveOperation{id=DefaultOperationId{id=write, type=COMMAND}, value=byte[]{length=17, hash=-1644578928}}}}
22:48:41.211 [raft-server-2] TRACE i.a.p.raft.roles.FollowerRole - RaftServer{2}{role=FOLLOWER} - Committed entries up to index 77
22:48:41.211 [raft-server-2] TRACE i.a.p.raft.roles.FollowerRole - RaftServer{2}{role=FOLLOWER} - Sending AppendResponse{status=OK, term=1, succeeded=true, lastLogIndex=78}
22:48:41.211 [raft-server-3] TRACE i.a.p.raft.roles.FollowerRole - RaftServer{3}{role=FOLLOWER} - Committed entries up to index 77
22:48:41.211 [raft-server-3] TRACE i.a.p.raft.roles.FollowerRole - RaftServer{3}{role=FOLLOWER} - Sending AppendResponse{status=OK, term=1, succeeded=true, lastLogIndex=77}
22:48:41.212 [raft-server-2-state] TRACE i.a.p.raft.impl.RaftServiceManager - RaftServer{2} - Applying Indexed{index=77, entry=CommandEntry{term=1, timestamp=2018-06-07 10:48:41,016, session=2, sequence=69, operation=PrimitiveOperation{id=DefaultOperationId{id=write, type=COMMAND}, value=byte[]{length=17, hash=-1644578928}}}}
22:48:41.212 [raft-server-2-state] TRACE i.a.p.s.impl.DefaultServiceExecutor - PrimitiveService{2}{type=io.atomix.protocols.raft.RaftTest$TestPrimitiveType@2d95571d, name=raft-test} - Executing DefaultCommit{index=77, session=RaftSession{RaftServiceContext{server=2, type=io.atomix.protocols.raft.RaftTest$TestPrimitiveType@2d95571d, name=raft-test, id=2}, session=2, timestamp=2018-06-07 10:48:41,016}, time=2018-06-07 10:48:41,016, operation=DefaultOperationId{id=write, type=COMMAND}, value=byte[]{length=17, hash=-1644578928}}
22:48:41.212 [raft-server-3-state] TRACE i.a.p.raft.impl.RaftServiceManager - RaftServer{3} - Applying Indexed{index=77, entry=CommandEntry{term=1, timestamp=2018-06-07 10:48:41,016, session=2, sequence=69, operation=PrimitiveOperation{id=DefaultOperationId{id=write, type=COMMAND}, value=byte[]{length=17, hash=-1644578928}}}}
22:48:41.212 [raft-server-1] TRACE i.a.p.raft.roles.LeaderAppender - RaftServer{1} - Received AppendResponse{status=OK, term=1, succeeded=true, lastLogIndex=78} from 2
22:48:41.212 [raft-server-1] TRACE i.a.p.raft.roles.LeaderAppender - RaftServer{1} - Committed entries up to 78
22:48:41.212 [raft-server-3-state] TRACE i.a.p.s.impl.DefaultServiceExecutor - PrimitiveService{2}{type=io.atomix.protocols.raft.RaftTest$TestPrimitiveType@64a1ae5, name=raft-test} - Executing DefaultCommit{index=77, session=RaftSession{RaftServiceContext{server=3, type=io.atomix.protocols.raft.RaftTest$TestPrimitiveType@64a1ae5, name=raft-test, id=2}, session=2, timestamp=2018-06-07 10:48:41,016}, time=2018-06-07 10:48:41,016, operation=DefaultOperationId{id=write, type=COMMAND}, value=byte[]{length=17, hash=-1644578928}}
22:48:41.281 [raft-server-1] TRACE i.a.p.raft.roles.LeaderAppender - RaftServer{1} - Received AppendResponse{status=OK, term=1, succeeded=true, lastLogIndex=77} from 3
22:48:41.281 [raft-server-1] TRACE i.a.p.raft.roles.LeaderAppender - RaftServer{1} - Sending AppendRequest{term=1, leader=1, prevLogIndex=77, prevLogTerm=1, entries=1, commitIndex=78} to 3
22:48:41.282 [raft-server-1] TRACE i.a.p.raft.roles.LeaderAppender - RaftServer{1} - Sending AppendRequest{term=1, leader=1, prevLogIndex=78, prevLogTerm=1, entries=0, commitIndex=78} to 2
22:48:41.282 [raft-server-3] TRACE i.a.p.raft.roles.FollowerRole - RaftServer{3}{role=FOLLOWER} - Received AppendRequest{term=1, leader=1, prevLogIndex=77, prevLogTerm=1, entries=1, commitIndex=78}
22:48:41.282 [raft-server-2] TRACE i.a.p.raft.roles.FollowerRole - RaftServer{2}{role=FOLLOWER} - Received AppendRequest{term=1, leader=1, prevLogIndex=78, prevLogTerm=1, entries=0, commitIndex=78}
22:48:41.282 [raft-server-3] TRACE i.a.p.raft.roles.FollowerRole - RaftServer{3}{role=FOLLOWER} - Appended Indexed{index=78, entry=CommandEntry{term=1, timestamp=2018-06-07 10:48:41,088, session=2, sequence=70, operation=PrimitiveOperation{id=DefaultOperationId{id=write, type=COMMAND}, value=byte[]{length=17, hash=-1644578928}}}}
22:48:41.282 [raft-server-1-state] TRACE i.a.p.raft.impl.RaftServiceManager - RaftServer{1} - Applying Indexed{index=78, entry=CommandEntry{term=1, timestamp=2018-06-07 10:48:41,088, session=2, sequence=70, operation=PrimitiveOperation{id=DefaultOperationId{id=write, type=COMMAND}, value=byte[]{length=17, hash=-1644578928}}}}
22:48:41.282 [raft-server-1-state] TRACE i.a.p.s.impl.DefaultServiceExecutor - PrimitiveService{2}{type=io.atomix.protocols.raft.RaftTest$TestPrimitiveType@761d7cf3, name=raft-test} - Executing DefaultCommit{index=78, session=RaftSession{RaftServiceContext{server=1, type=io.atomix.protocols.raft.RaftTest$TestPrimitiveType@761d7cf3, name=raft-test, id=2}, session=2, timestamp=2018-06-07 10:48:41,088}, time=2018-06-07 10:48:41,088, operation=DefaultOperationId{id=write, type=COMMAND}, value=byte[]{length=17, hash=-1644578928}}
22:48:41.282 [raft-server-1-state] TRACE i.a.protocols.raft.roles.LeaderRole - RaftServer{1}{role=LEADER} - Sending CommandResponse{status=OK, index=78, eventIndex=2, result=byte[]{length=3, hash=35341}}
22:48:41.283 [raft-client-bd74d86e-809c-4ed1-87a8-2ec3ff75de78-6] TRACE i.a.p.r.p.impl.RaftProxyConnection - PartitionProxy{2}{type=io.atomix.protocols.raft.RaftTest$TestPrimitiveType@35bfa1bb, name=raft-test} - Received CommandResponse{status=OK, index=78, eventIndex=2, result=byte[]{length=3, hash=35341}} from 1
22:48:41.283 [raft-client-bd74d86e-809c-4ed1-87a8-2ec3ff75de78-6] TRACE i.a.p.r.p.impl.RaftProxySequencer - PartitionProxy{2}{type=io.atomix.protocols.raft.RaftTest$TestPrimitiveType@35bfa1bb, name=raft-test} - Completing response CommandResponse{status=OK, index=78, eventIndex=2, result=byte[]{length=3, hash=35341}}
22:48:41.283 [raft-client-bd74d86e-809c-4ed1-87a8-2ec3ff75de78-5] TRACE i.a.p.r.p.impl.RaftProxyConnection - PartitionProxy{2}{type=io.atomix.protocols.raft.RaftTest$TestPrimitiveType@35bfa1bb, name=raft-test} - Sending CommandRequest{session=2, sequence=71, operation=PrimitiveOperation{id=DefaultOperationId{id=write, type=COMMAND}, value=byte[]{length=17, hash=-1644578928}}} to 1
22:48:41.283 [raft-server-1] TRACE i.a.protocols.raft.roles.LeaderRole - RaftServer{1}{role=LEADER} - Received CommandRequest{session=2, sequence=71, operation=PrimitiveOperation{id=DefaultOperationId{id=write, type=COMMAND}, value=byte[]{length=17, hash=-1644578928}}}
22:48:41.283 [raft-server-1] TRACE i.a.protocols.raft.roles.LeaderRole - RaftServer{1}{role=LEADER} - Appended Indexed{index=79, entry=CommandEntry{term=1, timestamp=2018-06-07 10:48:41,283, session=2, sequence=71, operation=PrimitiveOperation{id=DefaultOperationId{id=write, type=COMMAND}, value=byte[]{length=17, hash=-1644578928}}}}
22:48:41.314 [raft-server-2] TRACE i.a.p.raft.roles.FollowerRole - RaftServer{2}{role=FOLLOWER} - Committed entries up to index 78
22:48:41.315 [raft-server-2] TRACE i.a.p.raft.roles.FollowerRole - RaftServer{2}{role=FOLLOWER} - Sending AppendResponse{status=OK, term=1, succeeded=true, lastLogIndex=78}
22:48:41.315 [raft-server-1] TRACE i.a.p.raft.roles.LeaderAppender - RaftServer{1} - Received AppendResponse{status=OK, term=1, succeeded=true, lastLogIndex=78} from 2
22:48:41.315 [raft-server-2-state] TRACE i.a.p.raft.impl.RaftServiceManager - RaftServer{2} - Applying Indexed{index=78, entry=CommandEntry{term=1, timestamp=2018-06-07 10:48:41,088, session=2, sequence=70, operation=PrimitiveOperation{id=DefaultOperationId{id=write, type=COMMAND}, value=byte[]{length=17, hash=-1644578928}}}}
22:48:41.315 [raft-server-1] TRACE i.a.p.raft.roles.LeaderAppender - RaftServer{1} - Sending AppendRequest{term=1, leader=1, prevLogIndex=78, prevLogTerm=1, entries=1, commitIndex=78} to 2
22:48:41.315 [raft-server-2-state] TRACE i.a.p.s.impl.DefaultServiceExecutor - PrimitiveService{2}{type=io.atomix.protocols.raft.RaftTest$TestPrimitiveType@2d95571d, name=raft-test} - Executing DefaultCommit{index=78, session=RaftSession{RaftServiceContext{server=2, type=io.atomix.protocols.raft.RaftTest$TestPrimitiveType@2d95571d, name=raft-test, id=2}, session=2, timestamp=2018-06-07 10:48:41,088}, time=2018-06-07 10:48:41,088, operation=DefaultOperationId{id=write, type=COMMAND}, value=byte[]{length=17, hash=-1644578928}}
22:48:41.315 [raft-server-2] TRACE i.a.p.raft.roles.FollowerRole - RaftServer{2}{role=FOLLOWER} - Received AppendRequest{term=1, leader=1, prevLogIndex=78, prevLogTerm=1, entries=1, commitIndex=78}
22:48:41.315 [raft-server-2] TRACE i.a.p.raft.roles.FollowerRole - RaftServer{2}{role=FOLLOWER} - Appended Indexed{index=79, entry=CommandEntry{term=1, timestamp=2018-06-07 10:48:41,283, session=2, sequence=71, operation=PrimitiveOperation{id=DefaultOperationId{id=write, type=COMMAND}, value=byte[]{length=17, hash=-1644578928}}}}
22:48:41.315 [raft-server-2] TRACE i.a.p.raft.roles.FollowerRole - RaftServer{2}{role=FOLLOWER} - Sending AppendResponse{status=OK, term=1, succeeded=true, lastLogIndex=79}
22:48:41.315 [raft-server-1] TRACE i.a.p.raft.roles.LeaderAppender - RaftServer{1} - Received AppendResponse{status=OK, term=1, succeeded=true, lastLogIndex=79} from 2
22:48:41.315 [raft-server-1] TRACE i.a.p.raft.roles.LeaderAppender - RaftServer{1} - Committed entries up to 79
22:48:41.364 [raft-server-3] TRACE i.a.p.raft.roles.FollowerRole - RaftServer{3}{role=FOLLOWER} - Committed entries up to index 78
22:48:41.365 [raft-server-3] TRACE i.a.p.raft.roles.FollowerRole - RaftServer{3}{role=FOLLOWER} - Sending AppendResponse{status=OK, term=1, succeeded=true, lastLogIndex=78}
22:48:41.365 [raft-server-3-state] TRACE i.a.p.raft.impl.RaftServiceManager - RaftServer{3} - Applying Indexed{index=78, entry=CommandEntry{term=1, timestamp=2018-06-07 10:48:41,088, session=2, sequence=70, operation=PrimitiveOperation{id=DefaultOperationId{id=write, type=COMMAND}, value=byte[]{length=17, hash=-1644578928}}}}
22:48:41.365 [raft-server-3-state] TRACE i.a.p.s.impl.DefaultServiceExecutor - PrimitiveService{2}{type=io.atomix.protocols.raft.RaftTest$TestPrimitiveType@64a1ae5, name=raft-test} - Executing DefaultCommit{index=78, session=RaftSession{RaftServiceContext{server=3, type=io.atomix.protocols.raft.RaftTest$TestPrimitiveType@64a1ae5, name=raft-test, id=2}, session=2, timestamp=2018-06-07 10:48:41,088}, time=2018-06-07 10:48:41,088, operation=DefaultOperationId{id=write, type=COMMAND}, value=byte[]{length=17, hash=-1644578928}}
22:48:41.398 [raft-server-1] TRACE i.a.p.raft.roles.LeaderAppender - RaftServer{1} - Received AppendResponse{status=OK, term=1, succeeded=true, lastLogIndex=78} from 3
22:48:41.398 [raft-server-1] TRACE i.a.p.raft.roles.LeaderAppender - RaftServer{1} - Sending AppendRequest{term=1, leader=1, prevLogIndex=78, prevLogTerm=1, entries=1, commitIndex=79} to 3
22:48:41.398 [raft-server-3] TRACE i.a.p.raft.roles.FollowerRole - RaftServer{3}{role=FOLLOWER} - Received AppendRequest{term=1, leader=1, prevLogIndex=78, prevLogTerm=1, entries=1, commitIndex=79}
22:48:41.398 [raft-server-1-state] TRACE i.a.p.raft.impl.RaftServiceManager - RaftServer{1} - Applying Indexed{index=79, entry=CommandEntry{term=1, timestamp=2018-06-07 10:48:41,283, session=2, sequence=71, operation=PrimitiveOperation{id=DefaultOperationId{id=write, type=COMMAND}, value=byte[]{length=17, hash=-1644578928}}}}
22:48:41.398 [raft-server-1-state] TRACE i.a.p.s.impl.DefaultServiceExecutor - PrimitiveService{2}{type=io.atomix.protocols.raft.RaftTest$TestPrimitiveType@761d7cf3, name=raft-test} - Executing DefaultCommit{index=79, session=RaftSession{RaftServiceContext{server=1, type=io.atomix.protocols.raft.RaftTest$TestPrimitiveType@761d7cf3, name=raft-test, id=2}, session=2, timestamp=2018-06-07 10:48:41,283}, time=2018-06-07 10:48:41,283, operation=DefaultOperationId{id=write, type=COMMAND}, value=byte[]{length=17, hash=-1644578928}}
22:48:41.398 [raft-server-1-state] TRACE i.a.protocols.raft.roles.LeaderRole - RaftServer{1}{role=LEADER} - Sending CommandResponse{status=OK, index=79, eventIndex=2, result=byte[]{length=3, hash=35403}}
22:48:41.399 [raft-client-bd74d86e-809c-4ed1-87a8-2ec3ff75de78-1] TRACE i.a.p.r.p.impl.RaftProxyConnection - PartitionProxy{2}{type=io.atomix.protocols.raft.RaftTest$TestPrimitiveType@35bfa1bb, name=raft-test} - Received CommandResponse{status=OK, index=79, eventIndex=2, result=byte[]{length=3, hash=35403}} from 1
22:48:41.399 [raft-client-bd74d86e-809c-4ed1-87a8-2ec3ff75de78-1] TRACE i.a.p.r.p.impl.RaftProxySequencer - PartitionProxy{2}{type=io.atomix.protocols.raft.RaftTest$TestPrimitiveType@35bfa1bb, name=raft-test} - Completing response CommandResponse{status=OK, index=79, eventIndex=2, result=byte[]{length=3, hash=35403}}
22:48:41.399 [raft-client-bd74d86e-809c-4ed1-87a8-2ec3ff75de78-3] TRACE i.a.p.r.p.impl.RaftProxyConnection - PartitionProxy{2}{type=io.atomix.protocols.raft.RaftTest$TestPrimitiveType@35bfa1bb, name=raft-test} - Sending CommandRequest{session=2, sequence=72, operation=PrimitiveOperation{id=DefaultOperationId{id=write, type=COMMAND}, value=byte[]{length=17, hash=-1644578928}}} to 1
22:48:41.399 [raft-server-1] TRACE i.a.protocols.raft.roles.LeaderRole - RaftServer{1}{role=LEADER} - Received CommandRequest{session=2, sequence=72, operation=PrimitiveOperation{id=DefaultOperationId{id=write, type=COMMAND}, value=byte[]{length=17, hash=-1644578928}}}
22:48:41.407 [raft-server-1] TRACE i.a.protocols.raft.roles.LeaderRole - RaftServer{1}{role=LEADER} - Appended Indexed{index=80, entry=CommandEntry{term=1, timestamp=2018-06-07 10:48:41,399, session=2, sequence=72, operation=PrimitiveOperation{id=DefaultOperationId{id=write, type=COMMAND}, value=byte[]{length=17, hash=-1644578928}}}}
22:48:41.407 [raft-server-3] TRACE i.a.p.raft.roles.FollowerRole - RaftServer{3}{role=FOLLOWER} - Appended Indexed{index=79, entry=CommandEntry{term=1, timestamp=2018-06-07 10:48:41,283, session=2, sequence=71, operation=PrimitiveOperation{id=DefaultOperationId{id=write, type=COMMAND}, value=byte[]{length=17, hash=-1644578928}}}}
22:48:41.407 [raft-server-1] TRACE i.a.p.raft.roles.LeaderAppender - RaftServer{1} - Sending AppendRequest{term=1, leader=1, prevLogIndex=79, prevLogTerm=1, entries=1, commitIndex=79} to 2
22:48:41.408 [raft-server-2] TRACE i.a.p.raft.roles.FollowerRole - RaftServer{2}{role=FOLLOWER} - Received AppendRequest{term=1, leader=1, prevLogIndex=79, prevLogTerm=1, entries=1, commitIndex=79}
22:48:41.408 [raft-server-2] TRACE i.a.p.raft.roles.FollowerRole - RaftServer{2}{role=FOLLOWER} - Appended Indexed{index=80, entry=CommandEntry{term=1, timestamp=2018-06-07 10:48:41,399, session=2, sequence=72, operation=PrimitiveOperation{id=DefaultOperationId{id=write, type=COMMAND}, value=byte[]{length=17, hash=-1644578928}}}}
22:48:41.453 [raft-server-3] TRACE i.a.p.raft.roles.FollowerRole - RaftServer{3}{role=FOLLOWER} - Committed entries up to index 79
22:48:41.453 [raft-server-3] TRACE i.a.p.raft.roles.FollowerRole - RaftServer{3}{role=FOLLOWER} - Sending AppendResponse{status=OK, term=1, succeeded=true, lastLogIndex=79}
22:48:41.453 [raft-server-1] TRACE i.a.p.raft.roles.LeaderAppender - RaftServer{1} - Received AppendResponse{status=OK, term=1, succeeded=true, lastLogIndex=79} from 3
22:48:41.453 [raft-server-3-state] TRACE i.a.p.raft.impl.RaftServiceManager - RaftServer{3} - Applying Indexed{index=79, entry=CommandEntry{term=1, timestamp=2018-06-07 10:48:41,283, session=2, sequence=71, operation=PrimitiveOperation{id=DefaultOperationId{id=write, type=COMMAND}, value=byte[]{length=17, hash=-1644578928}}}}
22:48:41.453 [raft-server-1] TRACE i.a.p.raft.roles.LeaderAppender - RaftServer{1} - Sending AppendRequest{term=1, leader=1, prevLogIndex=79, prevLogTerm=1, entries=1, commitIndex=79} to 3
22:48:41.453 [raft-server-3-state] TRACE i.a.p.s.impl.DefaultServiceExecutor - PrimitiveService{2}{type=io.atomix.protocols.raft.RaftTest$TestPrimitiveType@64a1ae5, name=raft-test} - Executing DefaultCommit{index=79, session=RaftSession{RaftServiceContext{server=3, type=io.atomix.protocols.raft.RaftTest$TestPrimitiveType@64a1ae5, name=raft-test, id=2}, session=2, timestamp=2018-06-07 10:48:41,283}, time=2018-06-07 10:48:41,283, operation=DefaultOperationId{id=write, type=COMMAND}, value=byte[]{length=17, hash=-1644578928}}
22:48:41.453 [raft-server-3] TRACE i.a.p.raft.roles.FollowerRole - RaftServer{3}{role=FOLLOWER} - Received AppendRequest{term=1, leader=1, prevLogIndex=79, prevLogTerm=1, entries=1, commitIndex=79}
22:48:41.453 [raft-server-3] TRACE i.a.p.raft.roles.FollowerRole - RaftServer{3}{role=FOLLOWER} - Appended Indexed{index=80, entry=CommandEntry{term=1, timestamp=2018-06-07 10:48:41,399, session=2, sequence=72, operation=PrimitiveOperation{id=DefaultOperationId{id=write, type=COMMAND}, value=byte[]{length=17, hash=-1644578928}}}}
22:48:41.453 [raft-server-3] TRACE i.a.p.raft.roles.FollowerRole - RaftServer{3}{role=FOLLOWER} - Sending AppendResponse{status=OK, term=1, succeeded=true, lastLogIndex=80}
22:48:41.453 [raft-server-1] TRACE i.a.p.raft.roles.LeaderAppender - RaftServer{1} - Received AppendResponse{status=OK, term=1, succeeded=true, lastLogIndex=80} from 3
22:48:41.453 [raft-server-1] TRACE i.a.p.raft.roles.LeaderAppender - RaftServer{1} - Committed entries up to 80
22:48:41.511 [raft-server-2] TRACE i.a.p.raft.roles.FollowerRole - RaftServer{2}{role=FOLLOWER} - Committed entries up to index 79
22:48:41.511 [raft-server-2] TRACE i.a.p.raft.roles.FollowerRole - RaftServer{2}{role=FOLLOWER} - Sending AppendResponse{status=OK, term=1, succeeded=true, lastLogIndex=80}
22:48:41.511 [raft-server-2-state] TRACE i.a.p.raft.impl.RaftServiceManager - RaftServer{2} - Applying Indexed{index=79, entry=CommandEntry{term=1, timestamp=2018-06-07 10:48:41,283, session=2, sequence=71, operation=PrimitiveOperation{id=DefaultOperationId{id=write, type=COMMAND}, value=byte[]{length=17, hash=-1644578928}}}}
22:48:41.511 [raft-server-2-state] TRACE i.a.p.s.impl.DefaultServiceExecutor - PrimitiveService{2}{type=io.atomix.protocols.raft.RaftTest$TestPrimitiveType@2d95571d, name=raft-test} - Executing DefaultCommit{index=79, session=RaftSession{RaftServiceContext{server=2, type=io.atomix.protocols.raft.RaftTest$TestPrimitiveType@2d95571d, name=raft-test, id=2}, session=2, timestamp=2018-06-07 10:48:41,283}, time=2018-06-07 10:48:41,283, operation=DefaultOperationId{id=write, type=COMMAND}, value=byte[]{length=17, hash=-1644578928}}
22:48:41.581 [raft-server-1] TRACE i.a.p.raft.roles.LeaderAppender - RaftServer{1} - Sending AppendRequest{term=1, leader=1, prevLogIndex=80, prevLogTerm=1, entries=0, commitIndex=80} to 3
22:48:41.581 [raft-server-1] TRACE i.a.p.raft.roles.LeaderAppender - RaftServer{1} - Received AppendResponse{status=OK, term=1, succeeded=true, lastLogIndex=80} from 2
22:48:41.581 [raft-server-3] TRACE i.a.p.raft.roles.FollowerRole - RaftServer{3}{role=FOLLOWER} - Received AppendRequest{term=1, leader=1, prevLogIndex=80, prevLogTerm=1, entries=0, commitIndex=80}
22:48:41.581 [raft-server-1] TRACE i.a.p.raft.roles.LeaderAppender - RaftServer{1} - Sending AppendRequest{term=1, leader=1, prevLogIndex=80, prevLogTerm=1, entries=0, commitIndex=80} to 2
22:48:41.582 [raft-server-2] TRACE i.a.p.raft.roles.FollowerRole - RaftServer{2}{role=FOLLOWER} - Received AppendRequest{term=1, leader=1, prevLogIndex=80, prevLogTerm=1, entries=0, commitIndex=80}
22:48:41.582 [raft-server-1-state] TRACE i.a.p.raft.impl.RaftServiceManager - RaftServer{1} - Applying Indexed{index=80, entry=CommandEntry{term=1, timestamp=2018-06-07 10:48:41,399, session=2, sequence=72, operation=PrimitiveOperation{id=DefaultOperationId{id=write, type=COMMAND}, value=byte[]{length=17, hash=-1644578928}}}}
22:48:41.582 [raft-server-1-state] TRACE i.a.p.s.impl.DefaultServiceExecutor - PrimitiveService{2}{type=io.atomix.protocols.raft.RaftTest$TestPrimitiveType@761d7cf3, name=raft-test} - Executing DefaultCommit{index=80, session=RaftSession{RaftServiceContext{server=1, type=io.atomix.protocols.raft.RaftTest$TestPrimitiveType@761d7cf3, name=raft-test, id=2}, session=2, timestamp=2018-06-07 10:48:41,399}, time=2018-06-07 10:48:41,399, operation=DefaultOperationId{id=write, type=COMMAND}, value=byte[]{length=17, hash=-1644578928}}
22:48:41.582 [raft-server-1-state] TRACE i.a.protocols.raft.roles.LeaderRole - RaftServer{1}{role=LEADER} - Sending CommandResponse{status=OK, index=80, eventIndex=2, result=byte[]{length=3, hash=35465}}
22:48:41.582 [raft-client-bd74d86e-809c-4ed1-87a8-2ec3ff75de78-4] TRACE i.a.p.r.p.impl.RaftProxyConnection - PartitionProxy{2}{type=io.atomix.protocols.raft.RaftTest$TestPrimitiveType@35bfa1bb, name=raft-test} - Received CommandResponse{status=OK, index=80, eventIndex=2, result=byte[]{length=3, hash=35465}} from 1
22:48:41.582 [raft-client-bd74d86e-809c-4ed1-87a8-2ec3ff75de78-4] TRACE i.a.p.r.p.impl.RaftProxySequencer - PartitionProxy{2}{type=io.atomix.protocols.raft.RaftTest$TestPrimitiveType@35bfa1bb, name=raft-test} - Completing response CommandResponse{status=OK, index=80, eventIndex=2, result=byte[]{length=3, hash=35465}}
22:48:41.582 [raft-client-bd74d86e-809c-4ed1-87a8-2ec3ff75de78-7] TRACE i.a.p.r.p.impl.RaftProxyConnection - PartitionProxy{2}{type=io.atomix.protocols.raft.RaftTest$TestPrimitiveType@35bfa1bb, name=raft-test} - Sending CommandRequest{session=2, sequence=73, operation=PrimitiveOperation{id=DefaultOperationId{id=write, type=COMMAND}, value=byte[]{length=17, hash=-1644578928}}} to 1
22:48:41.583 [raft-server-1] TRACE i.a.protocols.raft.roles.LeaderRole - RaftServer{1}{role=LEADER} - Received CommandRequest{session=2, sequence=73, operation=PrimitiveOperation{id=DefaultOperationId{id=write, type=COMMAND}, value=byte[]{length=17, hash=-1644578928}}}
22:48:41.698 [raft-server-2] TRACE i.a.p.raft.roles.FollowerRole - RaftServer{2}{role=FOLLOWER} - Committed entries up to index 80
22:48:41.698 [raft-server-3] TRACE i.a.p.raft.roles.FollowerRole - RaftServer{3}{role=FOLLOWER} - Committed entries up to index 80
22:48:41.698 [raft-server-2] TRACE i.a.p.raft.roles.FollowerRole - RaftServer{2}{role=FOLLOWER} - Sending AppendResponse{status=OK, term=1, succeeded=true, lastLogIndex=80}
22:48:41.698 [raft-server-3] TRACE i.a.p.raft.roles.FollowerRole - RaftServer{3}{role=FOLLOWER} - Sending AppendResponse{status=OK, term=1, succeeded=true, lastLogIndex=80}
22:48:41.698 [raft-server-2-state] TRACE i.a.p.raft.impl.RaftServiceManager - RaftServer{2} - Applying Indexed{index=80, entry=CommandEntry{term=1, timestamp=2018-06-07 10:48:41,399, session=2, sequence=72, operation=PrimitiveOperation{id=DefaultOperationId{id=write, type=COMMAND}, value=byte[]{length=17, hash=-1644578928}}}}
22:48:41.699 [raft-server-3-state] TRACE i.a.p.raft.impl.RaftServiceManager - RaftServer{3} - Applying Indexed{index=80, entry=CommandEntry{term=1, timestamp=2018-06-07 10:48:41,399, session=2, sequence=72, operation=PrimitiveOperation{id=DefaultOperationId{id=write, type=COMMAND}, value=byte[]{length=17, hash=-1644578928}}}}
22:48:41.699 [raft-server-2-state] TRACE i.a.p.s.impl.DefaultServiceExecutor - PrimitiveService{2}{type=io.atomix.protocols.raft.RaftTest$TestPrimitiveType@2d95571d, name=raft-test} - Executing DefaultCommit{index=80, session=RaftSession{RaftServiceContext{server=2, type=io.atomix.protocols.raft.RaftTest$TestPrimitiveType@2d95571d, name=raft-test, id=2}, session=2, timestamp=2018-06-07 10:48:41,399}, time=2018-06-07 10:48:41,399, operation=DefaultOperationId{id=write, type=COMMAND}, value=byte[]{length=17, hash=-1644578928}}
22:48:41.699 [raft-server-3-state] TRACE i.a.p.s.impl.DefaultServiceExecutor - PrimitiveService{2}{type=io.atomix.protocols.raft.RaftTest$TestPrimitiveType@64a1ae5, name=raft-test} - Executing DefaultCommit{index=80, session=RaftSession{RaftServiceContext{server=3, type=io.atomix.protocols.raft.RaftTest$TestPrimitiveType@64a1ae5, name=raft-test, id=2}, session=2, timestamp=2018-06-07 10:48:41,399}, time=2018-06-07 10:48:41,399, operation=DefaultOperationId{id=write, type=COMMAND}, value=byte[]{length=17, hash=-1644578928}}
22:48:41.848 [raft-server-1] DEBUG i.a.storage.journal.SegmentedJournal - Created disk segment: JournalSegment{id=9, version=1, index=81, size=64}
22:48:41.848 [raft-server-1] TRACE i.a.protocols.raft.roles.LeaderRole - RaftServer{1}{role=LEADER} - Appended Indexed{index=81, entry=CommandEntry{term=1, timestamp=2018-06-07 10:48:41,583, session=2, sequence=73, operation=PrimitiveOperation{id=DefaultOperationId{id=write, type=COMMAND}, value=byte[]{length=17, hash=-1644578928}}}}
22:48:41.848 [raft-server-1] TRACE i.a.p.raft.roles.LeaderAppender - RaftServer{1} - Received AppendResponse{status=OK, term=1, succeeded=true, lastLogIndex=80} from 2
22:48:41.848 [raft-server-1] TRACE i.a.p.raft.roles.LeaderAppender - RaftServer{1} - Sending AppendRequest{term=1, leader=1, prevLogIndex=80, prevLogTerm=1, entries=1, commitIndex=80} to 2
22:48:41.849 [raft-server-2] TRACE i.a.p.raft.roles.FollowerRole - RaftServer{2}{role=FOLLOWER} - Received AppendRequest{term=1, leader=1, prevLogIndex=80, prevLogTerm=1, entries=1, commitIndex=80}
22:48:41.849 [raft-server-1] TRACE i.a.p.raft.roles.LeaderAppender - RaftServer{1} - Sending AppendRequest{term=1, leader=1, prevLogIndex=80, prevLogTerm=1, entries=1, commitIndex=80} to 3
22:48:41.849 [raft-server-1] TRACE i.a.p.raft.roles.LeaderAppender - RaftServer{1} - Received AppendResponse{status=OK, term=1, succeeded=true, lastLogIndex=80} from 3
22:48:41.849 [raft-server-3] TRACE i.a.p.raft.roles.FollowerRole - RaftServer{3}{role=FOLLOWER} - Received AppendRequest{term=1, leader=1, prevLogIndex=80, prevLogTerm=1, entries=1, commitIndex=80}
22:48:42.119 [raft-server-2] DEBUG i.a.storage.journal.SegmentedJournal - Created disk segment: JournalSegment{id=9, version=1, index=81, size=64}
22:48:42.120 [raft-server-2] TRACE i.a.p.raft.roles.FollowerRole - RaftServer{2}{role=FOLLOWER} - Appended Indexed{index=81, entry=CommandEntry{term=1, timestamp=2018-06-07 10:48:41,583, session=2, sequence=73, operation=PrimitiveOperation{id=DefaultOperationId{id=write, type=COMMAND}, value=byte[]{length=17, hash=-1644578928}}}}
22:48:42.120 [raft-server-2] TRACE i.a.p.raft.roles.FollowerRole - RaftServer{2}{role=FOLLOWER} - Sending AppendResponse{status=OK, term=1, succeeded=true, lastLogIndex=81}
22:48:42.120 [raft-server-1] TRACE i.a.p.raft.roles.LeaderAppender - RaftServer{1} - Received AppendResponse{status=OK, term=1, succeeded=true, lastLogIndex=81} from 2
22:48:42.120 [raft-server-1] TRACE i.a.p.raft.roles.LeaderAppender - RaftServer{1} - Committed entries up to 81
22:48:42.162 [raft-client-bd74d86e-809c-4ed1-87a8-2ec3ff75de78-4] TRACE i.a.p.r.proxy.impl.RaftProxyManager - RaftClient{bd74d86e-809c-4ed1-87a8-2ec3ff75de78} - Keeping 1 sessions alive
22:48:42.162 [raft-client-bd74d86e-809c-4ed1-87a8-2ec3ff75de78-4] TRACE i.a.p.r.p.impl.RaftProxyConnection - RaftClient{bd74d86e-809c-4ed1-87a8-2ec3ff75de78} - Sending KeepAliveRequest{sessionIds=long[]{length=1, hash=33}, commandSequences=long[]{length=1, hash=103}, eventIndexes=long[]{length=1, hash=33}} to 2
22:48:42.162 [raft-server-2] TRACE i.a.p.raft.roles.FollowerRole - RaftServer{2}{role=FOLLOWER} - Received KeepAliveRequest{sessionIds=long[]{length=1, hash=33}, commandSequences=long[]{length=1, hash=103}, eventIndexes=long[]{length=1, hash=33}}
22:48:42.194 [raft-server-3] DEBUG i.a.storage.journal.SegmentedJournal - Created disk segment: JournalSegment{id=9, version=1, index=81, size=64}
22:48:42.195 [raft-server-3] TRACE i.a.p.raft.roles.FollowerRole - RaftServer{3}{role=FOLLOWER} - Appended Indexed{index=81, entry=CommandEntry{term=1, timestamp=2018-06-07 10:48:41,583, session=2, sequence=73, operation=PrimitiveOperation{id=DefaultOperationId{id=write, type=COMMAND}, value=byte[]{length=17, hash=-1644578928}}}}
22:48:42.195 [raft-server-3] TRACE i.a.p.raft.roles.FollowerRole - RaftServer{3}{role=FOLLOWER} - Sending AppendResponse{status=OK, term=1, succeeded=true, lastLogIndex=81}
22:48:42.223 [raft-server-1] TRACE i.a.p.raft.roles.LeaderAppender - RaftServer{1} - Sending AppendRequest{term=1, leader=1, prevLogIndex=81, prevLogTerm=1, entries=0, commitIndex=81} to 2
22:48:42.223 [raft-server-2] TRACE i.a.p.raft.roles.FollowerRole - RaftServer{2}{role=FOLLOWER} - Received AppendRequest{term=1, leader=1, prevLogIndex=81, prevLogTerm=1, entries=0, commitIndex=81}
22:48:42.223 [raft-server-1] TRACE i.a.protocols.raft.roles.LeaderRole - RaftServer{1}{role=LEADER} - Received KeepAliveRequest{sessionIds=long[]{length=1, hash=33}, commandSequences=long[]{length=1, hash=103}, eventIndexes=long[]{length=1, hash=33}}
22:48:42.223 [raft-server-1] TRACE i.a.protocols.raft.roles.LeaderRole - RaftServer{1}{role=LEADER} - Appended Indexed{index=82, entry=KeepAliveEntry{term=1, timestamp=2018-06-07 10:48:42,223, sessionIds=long[]{length=1, hash=33}, commandSequences=long[]{length=1, hash=103}, eventIndexes=long[]{length=1, hash=33}}}
22:48:42.223 [raft-server-1] TRACE i.a.p.raft.roles.LeaderAppender - RaftServer{1} - Received AppendResponse{status=OK, term=1, succeeded=true, lastLogIndex=81} from 3
22:48:42.223 [raft-server-1] TRACE i.a.p.raft.roles.LeaderAppender - RaftServer{1} - Sending AppendRequest{term=1, leader=1, prevLogIndex=81, prevLogTerm=1, entries=1, commitIndex=81} to 3
22:48:42.224 [raft-server-3] TRACE i.a.p.raft.roles.FollowerRole - RaftServer{3}{role=FOLLOWER} - Received AppendRequest{term=1, leader=1, prevLogIndex=81, prevLogTerm=1, entries=1, commitIndex=81}
22:48:42.224 [raft-server-3] TRACE i.a.p.raft.roles.FollowerRole - RaftServer{3}{role=FOLLOWER} - Appended Indexed{index=82, entry=KeepAliveEntry{term=1, timestamp=2018-06-07 10:48:42,223, sessionIds=long[]{length=1, hash=33}, commandSequences=long[]{length=1, hash=103}, eventIndexes=long[]{length=1, hash=33}}}
22:48:42.224 [raft-server-1-state] TRACE i.a.p.raft.impl.RaftServiceManager - RaftServer{1} - Applying Indexed{index=81, entry=CommandEntry{term=1, timestamp=2018-06-07 10:48:41,583, session=2, sequence=73, operation=PrimitiveOperation{id=DefaultOperationId{id=write, type=COMMAND}, value=byte[]{length=17, hash=-1644578928}}}}
22:48:42.224 [raft-server-1-state] TRACE i.a.p.s.impl.DefaultServiceExecutor - PrimitiveService{2}{type=io.atomix.protocols.raft.RaftTest$TestPrimitiveType@761d7cf3, name=raft-test} - Executing DefaultCommit{index=81, session=RaftSession{RaftServiceContext{server=1, type=io.atomix.protocols.raft.RaftTest$TestPrimitiveType@761d7cf3, name=raft-test, id=2}, session=2, timestamp=2018-06-07 10:48:41,583}, time=2018-06-07 10:48:41,583, operation=DefaultOperationId{id=write, type=COMMAND}, value=byte[]{length=17, hash=-1644578928}}
22:48:42.224 [raft-server-1-state] TRACE i.a.protocols.raft.roles.LeaderRole - RaftServer{1}{role=LEADER} - Sending CommandResponse{status=OK, index=81, eventIndex=2, result=byte[]{length=3, hash=35527}}
22:48:42.225 [raft-client-bd74d86e-809c-4ed1-87a8-2ec3ff75de78-0] TRACE i.a.p.r.p.impl.RaftProxyConnection - PartitionProxy{2}{type=io.atomix.protocols.raft.RaftTest$TestPrimitiveType@35bfa1bb, name=raft-test} - Received CommandResponse{status=OK, index=81, eventIndex=2, result=byte[]{length=3, hash=35527}} from 1
22:48:42.225 [raft-client-bd74d86e-809c-4ed1-87a8-2ec3ff75de78-0] TRACE i.a.p.r.p.impl.RaftProxySequencer - PartitionProxy{2}{type=io.atomix.protocols.raft.RaftTest$TestPrimitiveType@35bfa1bb, name=raft-test} - Completing response CommandResponse{status=OK, index=81, eventIndex=2, result=byte[]{length=3, hash=35527}}
22:48:42.225 [raft-client-bd74d86e-809c-4ed1-87a8-2ec3ff75de78-7] TRACE i.a.p.r.p.impl.RaftProxyConnection - PartitionProxy{2}{type=io.atomix.protocols.raft.RaftTest$TestPrimitiveType@35bfa1bb, name=raft-test} - Sending CommandRequest{session=2, sequence=74, operation=PrimitiveOperation{id=DefaultOperationId{id=write, type=COMMAND}, value=byte[]{length=17, hash=-1644578928}}} to 1
22:48:42.225 [raft-server-1] TRACE i.a.protocols.raft.roles.LeaderRole - RaftServer{1}{role=LEADER} - Received CommandRequest{session=2, sequence=74, operation=PrimitiveOperation{id=DefaultOperationId{id=write, type=COMMAND}, value=byte[]{length=17, hash=-1644578928}}}
22:48:42.225 [raft-server-1] TRACE i.a.protocols.raft.roles.LeaderRole - RaftServer{1}{role=LEADER} - Appended Indexed{index=83, entry=CommandEntry{term=1, timestamp=2018-06-07 10:48:42,225, session=2, sequence=74, operation=PrimitiveOperation{id=DefaultOperationId{id=write, type=COMMAND}, value=byte[]{length=17, hash=-1644578928}}}}
22:48:42.328 [raft-server-2] TRACE i.a.p.raft.roles.FollowerRole - RaftServer{2}{role=FOLLOWER} - Committed entries up to index 81
22:48:42.328 [raft-server-2] TRACE i.a.p.raft.roles.FollowerRole - RaftServer{2}{role=FOLLOWER} - Sending AppendResponse{status=OK, term=1, succeeded=true, lastLogIndex=81}
22:48:42.328 [raft-server-1] TRACE i.a.p.raft.roles.LeaderAppender - RaftServer{1} - Received AppendResponse{status=OK, term=1, succeeded=true, lastLogIndex=81} from 2
22:48:42.328 [raft-server-1] TRACE i.a.p.raft.roles.LeaderAppender - RaftServer{1} - Sending AppendRequest{term=1, leader=1, prevLogIndex=81, prevLogTerm=1, entries=2, commitIndex=81} to 2
22:48:42.328 [raft-server-2] TRACE i.a.p.raft.roles.FollowerRole - RaftServer{2}{role=FOLLOWER} - Received AppendRequest{term=1, leader=1, prevLogIndex=81, prevLogTerm=1, entries=2, commitIndex=81}
22:48:42.328 [raft-server-2-state] TRACE i.a.p.raft.impl.RaftServiceManager - RaftServer{2} - Applying Indexed{index=81, entry=CommandEntry{term=1, timestamp=2018-06-07 10:48:41,583, session=2, sequence=73, operation=PrimitiveOperation{id=DefaultOperationId{id=write, type=COMMAND}, value=byte[]{length=17, hash=-1644578928}}}}
22:48:42.328 [raft-server-2-state] TRACE i.a.p.s.impl.DefaultServiceExecutor - PrimitiveService{2}{type=io.atomix.protocols.raft.RaftTest$TestPrimitiveType@2d95571d, name=raft-test} - Executing DefaultCommit{index=81, session=RaftSession{RaftServiceContext{server=2, type=io.atomix.protocols.raft.RaftTest$TestPrimitiveType@2d95571d, name=raft-test, id=2}, session=2, timestamp=2018-06-07 10:48:41,583}, time=2018-06-07 10:48:41,583, operation=DefaultOperationId{id=write, type=COMMAND}, value=byte[]{length=17, hash=-1644578928}}
22:48:42.328 [raft-server-1] TRACE i.a.p.raft.roles.LeaderAppender - RaftServer{1} - Sending AppendRequest{term=1, leader=1, prevLogIndex=82, prevLogTerm=1, entries=1, commitIndex=81} to 3
22:48:42.328 [raft-server-2] TRACE i.a.p.raft.roles.FollowerRole - RaftServer{2}{role=FOLLOWER} - Appended Indexed{index=82, entry=KeepAliveEntry{term=1, timestamp=2018-06-07 10:48:42,223, sessionIds=long[]{length=1, hash=33}, commandSequences=long[]{length=1, hash=103}, eventIndexes=long[]{length=1, hash=33}}}
22:48:42.328 [raft-server-2] TRACE i.a.p.raft.roles.FollowerRole - RaftServer{2}{role=FOLLOWER} - Appended Indexed{index=83, entry=CommandEntry{term=1, timestamp=2018-06-07 10:48:42,225, session=2, sequence=74, operation=PrimitiveOperation{id=DefaultOperationId{id=write, type=COMMAND}, value=byte[]{length=17, hash=-1644578928}}}}
22:48:42.328 [raft-server-2] TRACE i.a.p.raft.roles.FollowerRole - RaftServer{2}{role=FOLLOWER} - Sending AppendResponse{status=OK, term=1, succeeded=true, lastLogIndex=83}
22:48:42.328 [raft-server-1] TRACE i.a.p.raft.roles.LeaderAppender - RaftServer{1} - Received AppendResponse{status=OK, term=1, succeeded=true, lastLogIndex=83} from 2
22:48:42.328 [raft-server-1] TRACE i.a.p.raft.roles.LeaderAppender - RaftServer{1} - Committed entries up to 83
22:48:42.386 [raft-server-3] TRACE i.a.p.raft.roles.FollowerRole - RaftServer{3}{role=FOLLOWER} - Committed entries up to index 81
22:48:42.386 [raft-server-3] TRACE i.a.p.raft.roles.FollowerRole - RaftServer{3}{role=FOLLOWER} - Sending AppendResponse{status=OK, term=1, succeeded=true, lastLogIndex=82}
22:48:42.386 [raft-server-3] TRACE i.a.p.raft.roles.FollowerRole - RaftServer{3}{role=FOLLOWER} - Received AppendRequest{term=1, leader=1, prevLogIndex=82, prevLogTerm=1, entries=1, commitIndex=81}
22:48:42.395 [raft-server-3] TRACE i.a.p.raft.roles.FollowerRole - RaftServer{3}{role=FOLLOWER} - Appended Indexed{index=83, entry=CommandEntry{term=1, timestamp=2018-06-07 10:48:42,225, session=2, sequence=74, operation=PrimitiveOperation{id=DefaultOperationId{id=write, type=COMMAND}, value=byte[]{length=17, hash=-1644578928}}}}
22:48:42.395 [raft-server-3] TRACE i.a.p.raft.roles.FollowerRole - RaftServer{3}{role=FOLLOWER} - Sending AppendResponse{status=OK, term=1, succeeded=true, lastLogIndex=83}
22:48:42.395 [raft-server-3-state] TRACE i.a.p.raft.impl.RaftServiceManager - RaftServer{3} - Applying Indexed{index=81, entry=CommandEntry{term=1, timestamp=2018-06-07 10:48:41,583, session=2, sequence=73, operation=PrimitiveOperation{id=DefaultOperationId{id=write, type=COMMAND}, value=byte[]{length=17, hash=-1644578928}}}}
22:48:42.395 [raft-server-3-state] TRACE i.a.p.s.impl.DefaultServiceExecutor - PrimitiveService{2}{type=io.atomix.protocols.raft.RaftTest$TestPrimitiveType@64a1ae5, name=raft-test} - Executing DefaultCommit{index=81, session=RaftSession{RaftServiceContext{server=3, type=io.atomix.protocols.raft.RaftTest$TestPrimitiveType@64a1ae5, name=raft-test, id=2}, session=2, timestamp=2018-06-07 10:48:41,583}, time=2018-06-07 10:48:41,583, operation=DefaultOperationId{id=write, type=COMMAND}, value=byte[]{length=17, hash=-1644578928}}
22:48:42.423 [raft-server-1] TRACE i.a.p.raft.roles.LeaderAppender - RaftServer{1} - Received AppendResponse{status=OK, term=1, succeeded=true, lastLogIndex=82} from 3
22:48:42.423 [raft-server-1] TRACE i.a.p.raft.roles.LeaderAppender - RaftServer{1} - Received AppendResponse{status=OK, term=1, succeeded=true, lastLogIndex=83} from 3
22:48:42.423 [raft-server-1-state] TRACE i.a.p.raft.impl.RaftServiceManager - RaftServer{1} - Applying Indexed{index=82, entry=KeepAliveEntry{term=1, timestamp=2018-06-07 10:48:42,223, sessionIds=long[]{length=1, hash=33}, commandSequences=long[]{length=1, hash=103}, eventIndexes=long[]{length=1, hash=33}}}
22:48:42.423 [raft-server-1-state] TRACE i.a.p.raft.impl.RaftServiceManager - RaftServer{1} - Applying Indexed{index=83, entry=CommandEntry{term=1, timestamp=2018-06-07 10:48:42,225, session=2, sequence=74, operation=PrimitiveOperation{id=DefaultOperationId{id=write, type=COMMAND}, value=byte[]{length=17, hash=-1644578928}}}}
22:48:42.423 [raft-server-1] TRACE i.a.protocols.raft.roles.LeaderRole - RaftServer{1}{role=LEADER} - Sending KeepAliveResponse{status=OK, leader=1, members=[1, 3, 2], sessionIds=long[]{length=1, hash=33}}
22:48:42.424 [raft-server-1-state] TRACE i.a.p.s.impl.DefaultServiceExecutor - PrimitiveService{2}{type=io.atomix.protocols.raft.RaftTest$TestPrimitiveType@761d7cf3, name=raft-test} - Executing DefaultCommit{index=83, session=RaftSession{RaftServiceContext{server=1, type=io.atomix.protocols.raft.RaftTest$TestPrimitiveType@761d7cf3, name=raft-test, id=2}, session=2, timestamp=2018-06-07 10:48:42,225}, time=2018-06-07 10:48:42,225, operation=DefaultOperationId{id=write, type=COMMAND}, value=byte[]{length=17, hash=-1644578928}}
22:48:42.424 [raft-server-1-state] TRACE i.a.protocols.raft.roles.LeaderRole - RaftServer{1}{role=LEADER} - Sending CommandResponse{status=OK, index=83, eventIndex=2, result=byte[]{length=3, hash=35651}}
22:48:42.424 [raft-client-bd74d86e-809c-4ed1-87a8-2ec3ff75de78-5] TRACE i.a.p.r.p.impl.RaftProxyConnection - PartitionProxy{2}{type=io.atomix.protocols.raft.RaftTest$TestPrimitiveType@35bfa1bb, name=raft-test} - Received CommandResponse{status=OK, index=83, eventIndex=2, result=byte[]{length=3, hash=35651}} from 1
22:48:42.424 [raft-server-2] TRACE i.a.p.raft.roles.FollowerRole - RaftServer{2}{role=FOLLOWER} - Sending KeepAliveResponse{status=OK, leader=1, members=[1, 3, 2], sessionIds=long[]{length=1, hash=33}}
22:48:42.424 [raft-client-bd74d86e-809c-4ed1-87a8-2ec3ff75de78-5] TRACE i.a.p.r.p.impl.RaftProxySequencer - PartitionProxy{2}{type=io.atomix.protocols.raft.RaftTest$TestPrimitiveType@35bfa1bb, name=raft-test} - Completing response CommandResponse{status=OK, index=83, eventIndex=2, result=byte[]{length=3, hash=35651}}
22:48:42.424 [raft-client-bd74d86e-809c-4ed1-87a8-2ec3ff75de78-1] TRACE i.a.p.r.p.impl.RaftProxyConnection - RaftClient{bd74d86e-809c-4ed1-87a8-2ec3ff75de78} - Received KeepAliveResponse{status=OK, leader=1, members=[1, 3, 2], sessionIds=long[]{length=1, hash=33}} from 2
22:48:42.424 [raft-client-bd74d86e-809c-4ed1-87a8-2ec3ff75de78-5] TRACE i.a.p.r.p.impl.RaftProxyConnection - PartitionProxy{2}{type=io.atomix.protocols.raft.RaftTest$TestPrimitiveType@35bfa1bb, name=raft-test} - Sending CommandRequest{session=2, sequence=75, operation=PrimitiveOperation{id=DefaultOperationId{id=write, type=COMMAND}, value=byte[]{length=17, hash=-1644578928}}} to 1
22:48:42.425 [raft-server-1] TRACE i.a.protocols.raft.roles.LeaderRole - RaftServer{1}{role=LEADER} - Received CommandRequest{session=2, sequence=75, operation=PrimitiveOperation{id=DefaultOperationId{id=write, type=COMMAND}, value=byte[]{length=17, hash=-1644578928}}}
22:48:42.425 [raft-server-1] TRACE i.a.protocols.raft.roles.LeaderRole - RaftServer{1}{role=LEADER} - Appended Indexed{index=84, entry=CommandEntry{term=1, timestamp=2018-06-07 10:48:42,425, session=2, sequence=75, operation=PrimitiveOperation{id=DefaultOperationId{id=write, type=COMMAND}, value=byte[]{length=17, hash=-1644578928}}}}
22:48:42.425 [raft-server-1] TRACE i.a.p.raft.roles.LeaderAppender - RaftServer{1} - Sending AppendRequest{term=1, leader=1, prevLogIndex=83, prevLogTerm=1, entries=1, commitIndex=83} to 3
22:48:42.425 [raft-server-3] TRACE i.a.p.raft.roles.FollowerRole - RaftServer{3}{role=FOLLOWER} - Received AppendRequest{term=1, leader=1, prevLogIndex=83, prevLogTerm=1, entries=1, commitIndex=83}
22:48:42.425 [raft-server-1] TRACE i.a.p.raft.roles.LeaderAppender - RaftServer{1} - Sending AppendRequest{term=1, leader=1, prevLogIndex=83, prevLogTerm=1, entries=1, commitIndex=83} to 2
22:48:42.425 [raft-server-2] TRACE i.a.p.raft.roles.FollowerRole - RaftServer{2}{role=FOLLOWER} - Received AppendRequest{term=1, leader=1, prevLogIndex=83, prevLogTerm=1, entries=1, commitIndex=83}
22:48:42.426 [raft-server-3] TRACE i.a.p.raft.roles.FollowerRole - RaftServer{3}{role=FOLLOWER} - Appended Indexed{index=84, entry=CommandEntry{term=1, timestamp=2018-06-07 10:48:42,425, session=2, sequence=75, operation=PrimitiveOperation{id=DefaultOperationId{id=write, type=COMMAND}, value=byte[]{length=17, hash=-1644578928}}}}
22:48:42.426 [raft-server-2] TRACE i.a.p.raft.roles.FollowerRole - RaftServer{2}{role=FOLLOWER} - Appended Indexed{index=84, entry=CommandEntry{term=1, timestamp=2018-06-07 10:48:42,425, session=2, sequence=75, operation=PrimitiveOperation{id=DefaultOperationId{id=write, type=COMMAND}, value=byte[]{length=17, hash=-1644578928}}}}
22:48:42.461 [raft-server-3] TRACE i.a.p.raft.roles.FollowerRole - RaftServer{3}{role=FOLLOWER} - Committed entries up to index 83
22:48:42.461 [raft-server-2] TRACE i.a.p.raft.roles.FollowerRole - RaftServer{2}{role=FOLLOWER} - Committed entries up to index 83
22:48:42.461 [raft-server-3] TRACE i.a.p.raft.roles.FollowerRole - RaftServer{3}{role=FOLLOWER} - Sending AppendResponse{status=OK, term=1, succeeded=true, lastLogIndex=84}
22:48:42.461 [raft-server-2] TRACE i.a.p.raft.roles.FollowerRole - RaftServer{2}{role=FOLLOWER} - Sending AppendResponse{status=OK, term=1, succeeded=true, lastLogIndex=84}
22:48:42.461 [raft-server-2-state] TRACE i.a.p.raft.impl.RaftServiceManager - RaftServer{2} - Applying Indexed{index=82, entry=KeepAliveEntry{term=1, timestamp=2018-06-07 10:48:42,223, sessionIds=long[]{length=1, hash=33}, commandSequences=long[]{length=1, hash=103}, eventIndexes=long[]{length=1, hash=33}}}
22:48:42.461 [raft-server-3-state] TRACE i.a.p.raft.impl.RaftServiceManager - RaftServer{3} - Applying Indexed{index=82, entry=KeepAliveEntry{term=1, timestamp=2018-06-07 10:48:42,223, sessionIds=long[]{length=1, hash=33}, commandSequences=long[]{length=1, hash=103}, eventIndexes=long[]{length=1, hash=33}}}
22:48:42.461 [raft-server-1] TRACE i.a.p.raft.roles.LeaderAppender - RaftServer{1} - Received AppendResponse{status=OK, term=1, succeeded=true, lastLogIndex=84} from 3
22:48:42.461 [raft-server-1] TRACE i.a.p.raft.roles.LeaderAppender - RaftServer{1} - Committed entries up to 84
22:48:42.462 [raft-server-2-state] TRACE i.a.p.raft.impl.RaftServiceManager - RaftServer{2} - Applying Indexed{index=83, entry=CommandEntry{term=1, timestamp=2018-06-07 10:48:42,225, session=2, sequence=74, operation=PrimitiveOperation{id=DefaultOperationId{id=write, type=COMMAND}, value=byte[]{length=17, hash=-1644578928}}}}
22:48:42.462 [raft-server-3-state] TRACE i.a.p.raft.impl.RaftServiceManager - RaftServer{3} - Applying Indexed{index=83, entry=CommandEntry{term=1, timestamp=2018-06-07 10:48:42,225, session=2, sequence=74, operation=PrimitiveOperation{id=DefaultOperationId{id=write, type=COMMAND}, value=byte[]{length=17, hash=-1644578928}}}}
22:48:42.462 [raft-server-2-state] TRACE i.a.p.s.impl.DefaultServiceExecutor - PrimitiveService{2}{type=io.atomix.protocols.raft.RaftTest$TestPrimitiveType@2d95571d, name=raft-test} - Executing DefaultCommit{index=83, session=RaftSession{RaftServiceContext{server=2, type=io.atomix.protocols.raft.RaftTest$TestPrimitiveType@2d95571d, name=raft-test, id=2}, session=2, timestamp=2018-06-07 10:48:42,225}, time=2018-06-07 10:48:42,225, operation=DefaultOperationId{id=write, type=COMMAND}, value=byte[]{length=17, hash=-1644578928}}
22:48:42.462 [raft-server-3-state] TRACE i.a.p.s.impl.DefaultServiceExecutor - PrimitiveService{2}{type=io.atomix.protocols.raft.RaftTest$TestPrimitiveType@64a1ae5, name=raft-test} - Executing DefaultCommit{index=83, session=RaftSession{RaftServiceContext{server=3, type=io.atomix.protocols.raft.RaftTest$TestPrimitiveType@64a1ae5, name=raft-test, id=2}, session=2, timestamp=2018-06-07 10:48:42,225}, time=2018-06-07 10:48:42,225, operation=DefaultOperationId{id=write, type=COMMAND}, value=byte[]{length=17, hash=-1644578928}}
22:48:42.528 [raft-server-1] TRACE i.a.p.raft.roles.LeaderAppender - RaftServer{1} - Received AppendResponse{status=OK, term=1, succeeded=true, lastLogIndex=84} from 2
22:48:42.528 [raft-server-1] TRACE i.a.p.raft.roles.LeaderAppender - RaftServer{1} - Sending AppendRequest{term=1, leader=1, prevLogIndex=84, prevLogTerm=1, entries=0, commitIndex=84} to 3
22:48:42.528 [raft-server-1] TRACE i.a.p.raft.roles.LeaderAppender - RaftServer{1} - Sending AppendRequest{term=1, leader=1, prevLogIndex=84, prevLogTerm=1, entries=0, commitIndex=84} to 2
22:48:42.528 [raft-server-3] TRACE i.a.p.raft.roles.FollowerRole - RaftServer{3}{role=FOLLOWER} - Received AppendRequest{term=1, leader=1, prevLogIndex=84, prevLogTerm=1, entries=0, commitIndex=84}
22:48:42.528 [raft-server-2] TRACE i.a.p.raft.roles.FollowerRole - RaftServer{2}{role=FOLLOWER} - Received AppendRequest{term=1, leader=1, prevLogIndex=84, prevLogTerm=1, entries=0, commitIndex=84}
22:48:42.528 [raft-server-1-state] TRACE i.a.p.raft.impl.RaftServiceManager - RaftServer{1} - Applying Indexed{index=84, entry=CommandEntry{term=1, timestamp=2018-06-07 10:48:42,425, session=2, sequence=75, operation=PrimitiveOperation{id=DefaultOperationId{id=write, type=COMMAND}, value=byte[]{length=17, hash=-1644578928}}}}
22:48:42.528 [raft-server-1-state] TRACE i.a.p.s.impl.DefaultServiceExecutor - PrimitiveService{2}{type=io.atomix.protocols.raft.RaftTest$TestPrimitiveType@761d7cf3, name=raft-test} - Executing DefaultCommit{index=84, session=RaftSession{RaftServiceContext{server=1, type=io.atomix.protocols.raft.RaftTest$TestPrimitiveType@761d7cf3, name=raft-test, id=2}, session=2, timestamp=2018-06-07 10:48:42,425}, time=2018-06-07 10:48:42,425, operation=DefaultOperationId{id=write, type=COMMAND}, value=byte[]{length=17, hash=-1644578928}}
22:48:42.528 [raft-server-1-state] TRACE i.a.protocols.raft.roles.LeaderRole - RaftServer{1}{role=LEADER} - Sending CommandResponse{status=OK, index=84, eventIndex=2, result=byte[]{length=3, hash=35713}}
22:48:42.528 [raft-client-bd74d86e-809c-4ed1-87a8-2ec3ff75de78-0] TRACE i.a.p.r.p.impl.RaftProxyConnection - PartitionProxy{2}{type=io.atomix.protocols.raft.RaftTest$TestPrimitiveType@35bfa1bb, name=raft-test} - Received CommandResponse{status=OK, index=84, eventIndex=2, result=byte[]{length=3, hash=35713}} from 1
22:48:42.528 [raft-client-bd74d86e-809c-4ed1-87a8-2ec3ff75de78-0] TRACE i.a.p.r.p.impl.RaftProxySequencer - PartitionProxy{2}{type=io.atomix.protocols.raft.RaftTest$TestPrimitiveType@35bfa1bb, name=raft-test} - Completing response CommandResponse{status=OK, index=84, eventIndex=2, result=byte[]{length=3, hash=35713}}
22:48:42.529 [raft-client-bd74d86e-809c-4ed1-87a8-2ec3ff75de78-3] TRACE i.a.p.r.p.impl.RaftProxyConnection - PartitionProxy{2}{type=io.atomix.protocols.raft.RaftTest$TestPrimitiveType@35bfa1bb, name=raft-test} - Sending CommandRequest{session=2, sequence=76, operation=PrimitiveOperation{id=DefaultOperationId{id=write, type=COMMAND}, value=byte[]{length=17, hash=-1644578928}}} to 1
22:48:42.529 [raft-server-1] TRACE i.a.protocols.raft.roles.LeaderRole - RaftServer{1}{role=LEADER} - Received CommandRequest{session=2, sequence=76, operation=PrimitiveOperation{id=DefaultOperationId{id=write, type=COMMAND}, value=byte[]{length=17, hash=-1644578928}}}
22:48:42.529 [raft-server-1] TRACE i.a.protocols.raft.roles.LeaderRole - RaftServer{1}{role=LEADER} - Appended Indexed{index=85, entry=CommandEntry{term=1, timestamp=2018-06-07 10:48:42,529, session=2, sequence=76, operation=PrimitiveOperation{id=DefaultOperationId{id=write, type=COMMAND}, value=byte[]{length=17, hash=-1644578928}}}}
22:48:42.578 [raft-server-2] TRACE i.a.p.raft.roles.FollowerRole - RaftServer{2}{role=FOLLOWER} - Committed entries up to index 84
22:48:42.578 [raft-server-2] TRACE i.a.p.raft.roles.FollowerRole - RaftServer{2}{role=FOLLOWER} - Sending AppendResponse{status=OK, term=1, succeeded=true, lastLogIndex=84}
22:48:42.578 [raft-server-1] TRACE i.a.p.raft.roles.LeaderAppender - RaftServer{1} - Received AppendResponse{status=OK, term=1, succeeded=true, lastLogIndex=84} from 2
22:48:42.578 [raft-server-2-state] TRACE i.a.p.raft.impl.RaftServiceManager - RaftServer{2} - Applying Indexed{index=84, entry=CommandEntry{term=1, timestamp=2018-06-07 10:48:42,425, session=2, sequence=75, operation=PrimitiveOperation{id=DefaultOperationId{id=write, type=COMMAND}, value=byte[]{length=17, hash=-1644578928}}}}
22:48:42.578 [raft-server-1] TRACE i.a.p.raft.roles.LeaderAppender - RaftServer{1} - Sending AppendRequest{term=1, leader=1, prevLogIndex=84, prevLogTerm=1, entries=1, commitIndex=84} to 2
22:48:42.578 [raft-server-2-state] TRACE i.a.p.s.impl.DefaultServiceExecutor - PrimitiveService{2}{type=io.atomix.protocols.raft.RaftTest$TestPrimitiveType@2d95571d, name=raft-test} - Executing DefaultCommit{index=84, session=RaftSession{RaftServiceContext{server=2, type=io.atomix.protocols.raft.RaftTest$TestPrimitiveType@2d95571d, name=raft-test, id=2}, session=2, timestamp=2018-06-07 10:48:42,425}, time=2018-06-07 10:48:42,425, operation=DefaultOperationId{id=write, type=COMMAND}, value=byte[]{length=17, hash=-1644578928}}
22:48:42.578 [raft-server-2] TRACE i.a.p.raft.roles.FollowerRole - RaftServer{2}{role=FOLLOWER} - Received AppendRequest{term=1, leader=1, prevLogIndex=84, prevLogTerm=1, entries=1, commitIndex=84}
22:48:42.578 [raft-server-2] TRACE i.a.p.raft.roles.FollowerRole - RaftServer{2}{role=FOLLOWER} - Appended Indexed{index=85, entry=CommandEntry{term=1, timestamp=2018-06-07 10:48:42,529, session=2, sequence=76, operation=PrimitiveOperation{id=DefaultOperationId{id=write, type=COMMAND}, value=byte[]{length=17, hash=-1644578928}}}}
22:48:42.578 [raft-server-2] TRACE i.a.p.raft.roles.FollowerRole - RaftServer{2}{role=FOLLOWER} - Sending AppendResponse{status=OK, term=1, succeeded=true, lastLogIndex=85}
22:48:42.578 [raft-server-1] TRACE i.a.p.raft.roles.LeaderAppender - RaftServer{1} - Received AppendResponse{status=OK, term=1, succeeded=true, lastLogIndex=85} from 2
22:48:42.578 [raft-server-1] TRACE i.a.p.raft.roles.LeaderAppender - RaftServer{1} - Committed entries up to 85
22:48:42.639 [raft-server-3] TRACE i.a.p.raft.roles.FollowerRole - RaftServer{3}{role=FOLLOWER} - Committed entries up to index 84
22:48:42.640 [raft-server-3] TRACE i.a.p.raft.roles.FollowerRole - RaftServer{3}{role=FOLLOWER} - Sending AppendResponse{status=OK, term=1, succeeded=true, lastLogIndex=84}
22:48:42.640 [raft-server-3-state] TRACE i.a.p.raft.impl.RaftServiceManager - RaftServer{3} - Applying Indexed{index=84, entry=CommandEntry{term=1, timestamp=2018-06-07 10:48:42,425, session=2, sequence=75, operation=PrimitiveOperation{id=DefaultOperationId{id=write, type=COMMAND}, value=byte[]{length=17, hash=-1644578928}}}}
22:48:42.640 [raft-server-3-state] TRACE i.a.p.s.impl.DefaultServiceExecutor - PrimitiveService{2}{type=io.atomix.protocols.raft.RaftTest$TestPrimitiveType@64a1ae5, name=raft-test} - Executing DefaultCommit{index=84, session=RaftSession{RaftServiceContext{server=3, type=io.atomix.protocols.raft.RaftTest$TestPrimitiveType@64a1ae5, name=raft-test, id=2}, session=2, timestamp=2018-06-07 10:48:42,425}, time=2018-06-07 10:48:42,425, operation=DefaultOperationId{id=write, type=COMMAND}, value=byte[]{length=17, hash=-1644578928}}
22:48:42.665 [raft-server-1] TRACE i.a.p.raft.roles.LeaderAppender - RaftServer{1} - Received AppendResponse{status=OK, term=1, succeeded=true, lastLogIndex=84} from 3
22:48:42.665 [raft-server-1] TRACE i.a.p.raft.roles.LeaderAppender - RaftServer{1} - Sending AppendRequest{term=1, leader=1, prevLogIndex=84, prevLogTerm=1, entries=1, commitIndex=85} to 3
22:48:42.665 [raft-server-3] TRACE i.a.p.raft.roles.FollowerRole - RaftServer{3}{role=FOLLOWER} - Received AppendRequest{term=1, leader=1, prevLogIndex=84, prevLogTerm=1, entries=1, commitIndex=85}
22:48:42.665 [raft-server-1-state] TRACE i.a.p.raft.impl.RaftServiceManager - RaftServer{1} - Applying Indexed{index=85, entry=CommandEntry{term=1, timestamp=2018-06-07 10:48:42,529, session=2, sequence=76, operation=PrimitiveOperation{id=DefaultOperationId{id=write, type=COMMAND}, value=byte[]{length=17, hash=-1644578928}}}}
22:48:42.665 [raft-server-1-state] TRACE i.a.p.s.impl.DefaultServiceExecutor - PrimitiveService{2}{type=io.atomix.protocols.raft.RaftTest$TestPrimitiveType@761d7cf3, name=raft-test} - Executing DefaultCommit{index=85, session=RaftSession{RaftServiceContext{server=1, type=io.atomix.protocols.raft.RaftTest$TestPrimitiveType@761d7cf3, name=raft-test, id=2}, session=2, timestamp=2018-06-07 10:48:42,529}, time=2018-06-07 10:48:42,529, operation=DefaultOperationId{id=write, type=COMMAND}, value=byte[]{length=17, hash=-1644578928}}
22:48:42.665 [raft-server-1-state] TRACE i.a.protocols.raft.roles.LeaderRole - RaftServer{1}{role=LEADER} - Sending CommandResponse{status=OK, index=85, eventIndex=2, result=byte[]{length=3, hash=35775}}
22:48:42.665 [raft-server-3] TRACE i.a.p.raft.roles.FollowerRole - RaftServer{3}{role=FOLLOWER} - Appended Indexed{index=85, entry=CommandEntry{term=1, timestamp=2018-06-07 10:48:42,529, session=2, sequence=76, operation=PrimitiveOperation{id=DefaultOperationId{id=write, type=COMMAND}, value=byte[]{length=17, hash=-1644578928}}}}
22:48:42.665 [raft-client-bd74d86e-809c-4ed1-87a8-2ec3ff75de78-6] TRACE i.a.p.r.p.impl.RaftProxyConnection - PartitionProxy{2}{type=io.atomix.protocols.raft.RaftTest$TestPrimitiveType@35bfa1bb, name=raft-test} - Received CommandResponse{status=OK, index=85, eventIndex=2, result=byte[]{length=3, hash=35775}} from 1
22:48:42.665 [raft-client-bd74d86e-809c-4ed1-87a8-2ec3ff75de78-6] TRACE i.a.p.r.p.impl.RaftProxySequencer - PartitionProxy{2}{type=io.atomix.protocols.raft.RaftTest$TestPrimitiveType@35bfa1bb, name=raft-test} - Completing response CommandResponse{status=OK, index=85, eventIndex=2, result=byte[]{length=3, hash=35775}}
22:48:42.666 [raft-client-bd74d86e-809c-4ed1-87a8-2ec3ff75de78-6] TRACE i.a.p.r.p.impl.RaftProxyConnection - PartitionProxy{2}{type=io.atomix.protocols.raft.RaftTest$TestPrimitiveType@35bfa1bb, name=raft-test} - Sending CommandRequest{session=2, sequence=77, operation=PrimitiveOperation{id=DefaultOperationId{id=write, type=COMMAND}, value=byte[]{length=17, hash=-1644578928}}} to 1
22:48:42.666 [raft-server-1] TRACE i.a.protocols.raft.roles.LeaderRole - RaftServer{1}{role=LEADER} - Received CommandRequest{session=2, sequence=77, operation=PrimitiveOperation{id=DefaultOperationId{id=write, type=COMMAND}, value=byte[]{length=17, hash=-1644578928}}}
22:48:42.666 [raft-server-1] TRACE i.a.protocols.raft.roles.LeaderRole - RaftServer{1}{role=LEADER} - Appended Indexed{index=86, entry=CommandEntry{term=1, timestamp=2018-06-07 10:48:42,666, session=2, sequence=77, operation=PrimitiveOperation{id=DefaultOperationId{id=write, type=COMMAND}, value=byte[]{length=17, hash=-1644578928}}}}
22:48:42.666 [raft-server-1] TRACE i.a.p.raft.roles.LeaderAppender - RaftServer{1} - Sending AppendRequest{term=1, leader=1, prevLogIndex=85, prevLogTerm=1, entries=1, commitIndex=85} to 2
22:48:42.666 [raft-server-2] TRACE i.a.p.raft.roles.FollowerRole - RaftServer{2}{role=FOLLOWER} - Received AppendRequest{term=1, leader=1, prevLogIndex=85, prevLogTerm=1, entries=1, commitIndex=85}
22:48:42.667 [raft-server-2] TRACE i.a.p.raft.roles.FollowerRole - RaftServer{2}{role=FOLLOWER} - Appended Indexed{index=86, entry=CommandEntry{term=1, timestamp=2018-06-07 10:48:42,666, session=2, sequence=77, operation=PrimitiveOperation{id=DefaultOperationId{id=write, type=COMMAND}, value=byte[]{length=17, hash=-1644578928}}}}
22:48:42.723 [raft-server-3] TRACE i.a.p.raft.roles.FollowerRole - RaftServer{3}{role=FOLLOWER} - Committed entries up to index 85
22:48:42.724 [raft-server-3] TRACE i.a.p.raft.roles.FollowerRole - RaftServer{3}{role=FOLLOWER} - Sending AppendResponse{status=OK, term=1, succeeded=true, lastLogIndex=85}
22:48:42.724 [raft-server-1] TRACE i.a.p.raft.roles.LeaderAppender - RaftServer{1} - Received AppendResponse{status=OK, term=1, succeeded=true, lastLogIndex=85} from 3
22:48:42.724 [raft-server-3-state] TRACE i.a.p.raft.impl.RaftServiceManager - RaftServer{3} - Applying Indexed{index=85, entry=CommandEntry{term=1, timestamp=2018-06-07 10:48:42,529, session=2, sequence=76, operation=PrimitiveOperation{id=DefaultOperationId{id=write, type=COMMAND}, value=byte[]{length=17, hash=-1644578928}}}}
22:48:42.724 [raft-server-1] TRACE i.a.p.raft.roles.LeaderAppender - RaftServer{1} - Sending AppendRequest{term=1, leader=1, prevLogIndex=85, prevLogTerm=1, entries=1, commitIndex=85} to 3
22:48:42.724 [raft-server-3-state] TRACE i.a.p.s.impl.DefaultServiceExecutor - PrimitiveService{2}{type=io.atomix.protocols.raft.RaftTest$TestPrimitiveType@64a1ae5, name=raft-test} - Executing DefaultCommit{index=85, session=RaftSession{RaftServiceContext{server=3, type=io.atomix.protocols.raft.RaftTest$TestPrimitiveType@64a1ae5, name=raft-test, id=2}, session=2, timestamp=2018-06-07 10:48:42,529}, time=2018-06-07 10:48:42,529, operation=DefaultOperationId{id=write, type=COMMAND}, value=byte[]{length=17, hash=-1644578928}}
22:48:42.724 [raft-server-3] TRACE i.a.p.raft.roles.FollowerRole - RaftServer{3}{role=FOLLOWER} - Received AppendRequest{term=1, leader=1, prevLogIndex=85, prevLogTerm=1, entries=1, commitIndex=85}
22:48:42.724 [raft-server-3] TRACE i.a.p.raft.roles.FollowerRole - RaftServer{3}{role=FOLLOWER} - Appended Indexed{index=86, entry=CommandEntry{term=1, timestamp=2018-06-07 10:48:42,666, session=2, sequence=77, operation=PrimitiveOperation{id=DefaultOperationId{id=write, type=COMMAND}, value=byte[]{length=17, hash=-1644578928}}}}
22:48:42.724 [raft-server-3] TRACE i.a.p.raft.roles.FollowerRole - RaftServer{3}{role=FOLLOWER} - Sending AppendResponse{status=OK, term=1, succeeded=true, lastLogIndex=86}
22:48:42.724 [raft-server-1] TRACE i.a.p.raft.roles.LeaderAppender - RaftServer{1} - Received AppendResponse{status=OK, term=1, succeeded=true, lastLogIndex=86} from 3
22:48:42.724 [raft-server-1] TRACE i.a.p.raft.roles.LeaderAppender - RaftServer{1} - Committed entries up to 86
22:48:42.764 [raft-server-2] TRACE i.a.p.raft.roles.FollowerRole - RaftServer{2}{role=FOLLOWER} - Committed entries up to index 85
22:48:42.764 [raft-server-2] TRACE i.a.p.raft.roles.FollowerRole - RaftServer{2}{role=FOLLOWER} - Sending AppendResponse{status=OK, term=1, succeeded=true, lastLogIndex=86}
22:48:42.765 [raft-server-2-state] TRACE i.a.p.raft.impl.RaftServiceManager - RaftServer{2} - Applying Indexed{index=85, entry=CommandEntry{term=1, timestamp=2018-06-07 10:48:42,529, session=2, sequence=76, operation=PrimitiveOperation{id=DefaultOperationId{id=write, type=COMMAND}, value=byte[]{length=17, hash=-1644578928}}}}
22:48:42.765 [raft-server-2-state] TRACE i.a.p.s.impl.DefaultServiceExecutor - PrimitiveService{2}{type=io.atomix.protocols.raft.RaftTest$TestPrimitiveType@2d95571d, name=raft-test} - Executing DefaultCommit{index=85, session=RaftSession{RaftServiceContext{server=2, type=io.atomix.protocols.raft.RaftTest$TestPrimitiveType@2d95571d, name=raft-test, id=2}, session=2, timestamp=2018-06-07 10:48:42,529}, time=2018-06-07 10:48:42,529, operation=DefaultOperationId{id=write, type=COMMAND}, value=byte[]{length=17, hash=-1644578928}}
22:48:42.786 [raft-server-1] TRACE i.a.p.raft.roles.LeaderAppender - RaftServer{1} - Sending AppendRequest{term=1, leader=1, prevLogIndex=86, prevLogTerm=1, entries=0, commitIndex=86} to 3
22:48:42.786 [raft-server-1] TRACE i.a.p.raft.roles.LeaderAppender - RaftServer{1} - Received AppendResponse{status=OK, term=1, succeeded=true, lastLogIndex=86} from 2
22:48:42.786 [raft-server-3] TRACE i.a.p.raft.roles.FollowerRole - RaftServer{3}{role=FOLLOWER} - Received AppendRequest{term=1, leader=1, prevLogIndex=86, prevLogTerm=1, entries=0, commitIndex=86}
22:48:42.786 [raft-server-1] TRACE i.a.p.raft.roles.LeaderAppender - RaftServer{1} - Sending AppendRequest{term=1, leader=1, prevLogIndex=86, prevLogTerm=1, entries=0, commitIndex=86} to 2
22:48:42.786 [raft-server-2] TRACE i.a.p.raft.roles.FollowerRole - RaftServer{2}{role=FOLLOWER} - Received AppendRequest{term=1, leader=1, prevLogIndex=86, prevLogTerm=1, entries=0, commitIndex=86}
22:48:42.786 [raft-server-1-state] TRACE i.a.p.raft.impl.RaftServiceManager - RaftServer{1} - Applying Indexed{index=86, entry=CommandEntry{term=1, timestamp=2018-06-07 10:48:42,666, session=2, sequence=77, operation=PrimitiveOperation{id=DefaultOperationId{id=write, type=COMMAND}, value=byte[]{length=17, hash=-1644578928}}}}
22:48:42.787 [raft-server-1-state] TRACE i.a.p.s.impl.DefaultServiceExecutor - PrimitiveService{2}{type=io.atomix.protocols.raft.RaftTest$TestPrimitiveType@761d7cf3, name=raft-test} - Executing DefaultCommit{index=86, session=RaftSession{RaftServiceContext{server=1, type=io.atomix.protocols.raft.RaftTest$TestPrimitiveType@761d7cf3, name=raft-test, id=2}, session=2, timestamp=2018-06-07 10:48:42,666}, time=2018-06-07 10:48:42,666, operation=DefaultOperationId{id=write, type=COMMAND}, value=byte[]{length=17, hash=-1644578928}}
22:48:42.787 [raft-server-1-state] TRACE i.a.protocols.raft.roles.LeaderRole - RaftServer{1}{role=LEADER} - Sending CommandResponse{status=OK, index=86, eventIndex=2, result=byte[]{length=3, hash=35837}}
22:48:42.787 [raft-client-bd74d86e-809c-4ed1-87a8-2ec3ff75de78-4] TRACE i.a.p.r.p.impl.RaftProxyConnection - PartitionProxy{2}{type=io.atomix.protocols.raft.RaftTest$TestPrimitiveType@35bfa1bb, name=raft-test} - Received CommandResponse{status=OK, index=86, eventIndex=2, result=byte[]{length=3, hash=35837}} from 1
22:48:42.787 [raft-client-bd74d86e-809c-4ed1-87a8-2ec3ff75de78-4] TRACE i.a.p.r.p.impl.RaftProxySequencer - PartitionProxy{2}{type=io.atomix.protocols.raft.RaftTest$TestPrimitiveType@35bfa1bb, name=raft-test} - Completing response CommandResponse{status=OK, index=86, eventIndex=2, result=byte[]{length=3, hash=35837}}
22:48:42.787 [raft-client-bd74d86e-809c-4ed1-87a8-2ec3ff75de78-2] TRACE i.a.p.r.p.impl.RaftProxyConnection - PartitionProxy{2}{type=io.atomix.protocols.raft.RaftTest$TestPrimitiveType@35bfa1bb, name=raft-test} - Sending CommandRequest{session=2, sequence=78, operation=PrimitiveOperation{id=DefaultOperationId{id=write, type=COMMAND}, value=byte[]{length=17, hash=-1644578928}}} to 1
22:48:42.788 [raft-server-1] TRACE i.a.protocols.raft.roles.LeaderRole - RaftServer{1}{role=LEADER} - Received CommandRequest{session=2, sequence=78, operation=PrimitiveOperation{id=DefaultOperationId{id=write, type=COMMAND}, value=byte[]{length=17, hash=-1644578928}}}
22:48:42.788 [raft-server-1] TRACE i.a.protocols.raft.roles.LeaderRole - RaftServer{1}{role=LEADER} - Appended Indexed{index=87, entry=CommandEntry{term=1, timestamp=2018-06-07 10:48:42,788, session=2, sequence=78, operation=PrimitiveOperation{id=DefaultOperationId{id=write, type=COMMAND}, value=byte[]{length=17, hash=-1644578928}}}}
22:48:42.814 [raft-server-3] TRACE i.a.p.raft.roles.FollowerRole - RaftServer{3}{role=FOLLOWER} - Committed entries up to index 86
22:48:42.815 [raft-server-3] TRACE i.a.p.raft.roles.FollowerRole - RaftServer{3}{role=FOLLOWER} - Sending AppendResponse{status=OK, term=1, succeeded=true, lastLogIndex=86}
22:48:42.815 [raft-server-1] TRACE i.a.p.raft.roles.LeaderAppender - RaftServer{1} - Received AppendResponse{status=OK, term=1, succeeded=true, lastLogIndex=86} from 3
22:48:42.815 [raft-server-3-state] TRACE i.a.p.raft.impl.RaftServiceManager - RaftServer{3} - Applying Indexed{index=86, entry=CommandEntry{term=1, timestamp=2018-06-07 10:48:42,666, session=2, sequence=77, operation=PrimitiveOperation{id=DefaultOperationId{id=write, type=COMMAND}, value=byte[]{length=17, hash=-1644578928}}}}
22:48:42.815 [raft-server-1] TRACE i.a.p.raft.roles.LeaderAppender - RaftServer{1} - Sending AppendRequest{term=1, leader=1, prevLogIndex=86, prevLogTerm=1, entries=1, commitIndex=86} to 3
22:48:42.815 [raft-server-3-state] TRACE i.a.p.s.impl.DefaultServiceExecutor - PrimitiveService{2}{type=io.atomix.protocols.raft.RaftTest$TestPrimitiveType@64a1ae5, name=raft-test} - Executing DefaultCommit{index=86, session=RaftSession{RaftServiceContext{server=3, type=io.atomix.protocols.raft.RaftTest$TestPrimitiveType@64a1ae5, name=raft-test, id=2}, session=2, timestamp=2018-06-07 10:48:42,666}, time=2018-06-07 10:48:42,666, operation=DefaultOperationId{id=write, type=COMMAND}, value=byte[]{length=17, hash=-1644578928}}
22:48:42.815 [raft-server-3] TRACE i.a.p.raft.roles.FollowerRole - RaftServer{3}{role=FOLLOWER} - Received AppendRequest{term=1, leader=1, prevLogIndex=86, prevLogTerm=1, entries=1, commitIndex=86}
22:48:42.815 [raft-server-3] TRACE i.a.p.raft.roles.FollowerRole - RaftServer{3}{role=FOLLOWER} - Appended Indexed{index=87, entry=CommandEntry{term=1, timestamp=2018-06-07 10:48:42,788, session=2, sequence=78, operation=PrimitiveOperation{id=DefaultOperationId{id=write, type=COMMAND}, value=byte[]{length=17, hash=-1644578928}}}}
22:48:42.815 [raft-server-3] TRACE i.a.p.raft.roles.FollowerRole - RaftServer{3}{role=FOLLOWER} - Sending AppendResponse{status=OK, term=1, succeeded=true, lastLogIndex=87}
22:48:42.815 [raft-server-1] TRACE i.a.p.raft.roles.LeaderAppender - RaftServer{1} - Received AppendResponse{status=OK, term=1, succeeded=true, lastLogIndex=87} from 3
22:48:42.815 [raft-server-1] TRACE i.a.p.raft.roles.LeaderAppender - RaftServer{1} - Committed entries up to 87
22:48:42.856 [raft-server-2] TRACE i.a.p.raft.roles.FollowerRole - RaftServer{2}{role=FOLLOWER} - Committed entries up to index 86
22:48:42.856 [raft-server-2] TRACE i.a.p.raft.roles.FollowerRole - RaftServer{2}{role=FOLLOWER} - Sending AppendResponse{status=OK, term=1, succeeded=true, lastLogIndex=86}
22:48:42.856 [raft-server-2-state] TRACE i.a.p.raft.impl.RaftServiceManager - RaftServer{2} - Applying Indexed{index=86, entry=CommandEntry{term=1, timestamp=2018-06-07 10:48:42,666, session=2, sequence=77, operation=PrimitiveOperation{id=DefaultOperationId{id=write, type=COMMAND}, value=byte[]{length=17, hash=-1644578928}}}}
22:48:42.856 [raft-server-2-state] TRACE i.a.p.s.impl.DefaultServiceExecutor - PrimitiveService{2}{type=io.atomix.protocols.raft.RaftTest$TestPrimitiveType@2d95571d, name=raft-test} - Executing DefaultCommit{index=86, session=RaftSession{RaftServiceContext{server=2, type=io.atomix.protocols.raft.RaftTest$TestPrimitiveType@2d95571d, name=raft-test, id=2}, session=2, timestamp=2018-06-07 10:48:42,666}, time=2018-06-07 10:48:42,666, operation=DefaultOperationId{id=write, type=COMMAND}, value=byte[]{length=17, hash=-1644578928}}
22:48:42.898 [raft-server-1] TRACE i.a.p.raft.roles.LeaderAppender - RaftServer{1} - Received AppendResponse{status=OK, term=1, succeeded=true, lastLogIndex=86} from 2
22:48:42.898 [raft-server-1] TRACE i.a.p.raft.roles.LeaderAppender - RaftServer{1} - Sending AppendRequest{term=1, leader=1, prevLogIndex=86, prevLogTerm=1, entries=1, commitIndex=87} to 2
22:48:42.898 [raft-server-2] TRACE i.a.p.raft.roles.FollowerRole - RaftServer{2}{role=FOLLOWER} - Received AppendRequest{term=1, leader=1, prevLogIndex=86, prevLogTerm=1, entries=1, commitIndex=87}
22:48:42.898 [raft-server-1-state] TRACE i.a.p.raft.impl.RaftServiceManager - RaftServer{1} - Applying Indexed{index=87, entry=CommandEntry{term=1, timestamp=2018-06-07 10:48:42,788, session=2, sequence=78, operation=PrimitiveOperation{id=DefaultOperationId{id=write, type=COMMAND}, value=byte[]{length=17, hash=-1644578928}}}}
22:48:42.898 [raft-server-1-state] TRACE i.a.p.s.impl.DefaultServiceExecutor - PrimitiveService{2}{type=io.atomix.protocols.raft.RaftTest$TestPrimitiveType@761d7cf3, name=raft-test} - Executing DefaultCommit{index=87, session=RaftSession{RaftServiceContext{server=1, type=io.atomix.protocols.raft.RaftTest$TestPrimitiveType@761d7cf3, name=raft-test, id=2}, session=2, timestamp=2018-06-07 10:48:42,788}, time=2018-06-07 10:48:42,788, operation=DefaultOperationId{id=write, type=COMMAND}, value=byte[]{length=17, hash=-1644578928}}
22:48:42.898 [raft-server-2] TRACE i.a.p.raft.roles.FollowerRole - RaftServer{2}{role=FOLLOWER} - Appended Indexed{index=87, entry=CommandEntry{term=1, timestamp=2018-06-07 10:48:42,788, session=2, sequence=78, operation=PrimitiveOperation{id=DefaultOperationId{id=write, type=COMMAND}, value=byte[]{length=17, hash=-1644578928}}}}
22:48:42.898 [raft-server-1-state] TRACE i.a.protocols.raft.roles.LeaderRole - RaftServer{1}{role=LEADER} - Sending CommandResponse{status=OK, index=87, eventIndex=2, result=byte[]{length=3, hash=35899}}
22:48:42.899 [raft-client-bd74d86e-809c-4ed1-87a8-2ec3ff75de78-1] TRACE i.a.p.r.p.impl.RaftProxyConnection - PartitionProxy{2}{type=io.atomix.protocols.raft.RaftTest$TestPrimitiveType@35bfa1bb, name=raft-test} - Received CommandResponse{status=OK, index=87, eventIndex=2, result=byte[]{length=3, hash=35899}} from 1
22:48:42.899 [raft-client-bd74d86e-809c-4ed1-87a8-2ec3ff75de78-1] TRACE i.a.p.r.p.impl.RaftProxySequencer - PartitionProxy{2}{type=io.atomix.protocols.raft.RaftTest$TestPrimitiveType@35bfa1bb, name=raft-test} - Completing response CommandResponse{status=OK, index=87, eventIndex=2, result=byte[]{length=3, hash=35899}}
22:48:42.899 [raft-client-bd74d86e-809c-4ed1-87a8-2ec3ff75de78-1] TRACE i.a.p.r.p.impl.RaftProxyConnection - PartitionProxy{2}{type=io.atomix.protocols.raft.RaftTest$TestPrimitiveType@35bfa1bb, name=raft-test} - Sending CommandRequest{session=2, sequence=79, operation=PrimitiveOperation{id=DefaultOperationId{id=write, type=COMMAND}, value=byte[]{length=17, hash=-1644578928}}} to 1
22:48:42.899 [raft-server-1] TRACE i.a.protocols.raft.roles.LeaderRole - RaftServer{1}{role=LEADER} - Received CommandRequest{session=2, sequence=79, operation=PrimitiveOperation{id=DefaultOperationId{id=write, type=COMMAND}, value=byte[]{length=17, hash=-1644578928}}}
22:48:42.899 [raft-server-1] TRACE i.a.protocols.raft.roles.LeaderRole - RaftServer{1}{role=LEADER} - Appended Indexed{index=88, entry=CommandEntry{term=1, timestamp=2018-06-07 10:48:42,899, session=2, sequence=79, operation=PrimitiveOperation{id=DefaultOperationId{id=write, type=COMMAND}, value=byte[]{length=17, hash=-1644578928}}}}
22:48:42.899 [raft-server-1] TRACE i.a.p.raft.roles.LeaderAppender - RaftServer{1} - Sending AppendRequest{term=1, leader=1, prevLogIndex=87, prevLogTerm=1, entries=1, commitIndex=87} to 3
22:48:42.899 [raft-server-3] TRACE i.a.p.raft.roles.FollowerRole - RaftServer{3}{role=FOLLOWER} - Received AppendRequest{term=1, leader=1, prevLogIndex=87, prevLogTerm=1, entries=1, commitIndex=87}
22:48:42.900 [raft-server-3] TRACE i.a.p.raft.roles.FollowerRole - RaftServer{3}{role=FOLLOWER} - Appended Indexed{index=88, entry=CommandEntry{term=1, timestamp=2018-06-07 10:48:42,899, session=2, sequence=79, operation=PrimitiveOperation{id=DefaultOperationId{id=write, type=COMMAND}, value=byte[]{length=17, hash=-1644578928}}}}
22:48:42.960 [raft-server-2] TRACE i.a.p.raft.roles.FollowerRole - RaftServer{2}{role=FOLLOWER} - Committed entries up to index 87
22:48:42.960 [raft-server-2] TRACE i.a.p.raft.roles.FollowerRole - RaftServer{2}{role=FOLLOWER} - Sending AppendResponse{status=OK, term=1, succeeded=true, lastLogIndex=87}
22:48:42.960 [raft-server-1] TRACE i.a.p.raft.roles.LeaderAppender - RaftServer{1} - Received AppendResponse{status=OK, term=1, succeeded=true, lastLogIndex=87} from 2
22:48:42.960 [raft-server-1] TRACE i.a.p.raft.roles.LeaderAppender - RaftServer{1} - Sending AppendRequest{term=1, leader=1, prevLogIndex=87, prevLogTerm=1, entries=1, commitIndex=87} to 2
22:48:42.960 [raft-server-2-state] TRACE i.a.p.raft.impl.RaftServiceManager - RaftServer{2} - Applying Indexed{index=87, entry=CommandEntry{term=1, timestamp=2018-06-07 10:48:42,788, session=2, sequence=78, operation=PrimitiveOperation{id=DefaultOperationId{id=write, type=COMMAND}, value=byte[]{length=17, hash=-1644578928}}}}
22:48:42.960 [raft-server-2] TRACE i.a.p.raft.roles.FollowerRole - RaftServer{2}{role=FOLLOWER} - Received AppendRequest{term=1, leader=1, prevLogIndex=87, prevLogTerm=1, entries=1, commitIndex=87}
22:48:42.960 [raft-server-2-state] TRACE i.a.p.s.impl.DefaultServiceExecutor - PrimitiveService{2}{type=io.atomix.protocols.raft.RaftTest$TestPrimitiveType@2d95571d, name=raft-test} - Executing DefaultCommit{index=87, session=RaftSession{RaftServiceContext{server=2, type=io.atomix.protocols.raft.RaftTest$TestPrimitiveType@2d95571d, name=raft-test, id=2}, session=2, timestamp=2018-06-07 10:48:42,788}, time=2018-06-07 10:48:42,788, operation=DefaultOperationId{id=write, type=COMMAND}, value=byte[]{length=17, hash=-1644578928}}
22:48:42.960 [raft-server-2] TRACE i.a.p.raft.roles.FollowerRole - RaftServer{2}{role=FOLLOWER} - Appended Indexed{index=88, entry=CommandEntry{term=1, timestamp=2018-06-07 10:48:42,899, session=2, sequence=79, operation=PrimitiveOperation{id=DefaultOperationId{id=write, type=COMMAND}, value=byte[]{length=17, hash=-1644578928}}}}
22:48:42.960 [raft-server-2] TRACE i.a.p.raft.roles.FollowerRole - RaftServer{2}{role=FOLLOWER} - Sending AppendResponse{status=OK, term=1, succeeded=true, lastLogIndex=88}
22:48:42.960 [raft-server-1] TRACE i.a.p.raft.roles.LeaderAppender - RaftServer{1} - Received AppendResponse{status=OK, term=1, succeeded=true, lastLogIndex=88} from 2
22:48:42.961 [raft-server-1] TRACE i.a.p.raft.roles.LeaderAppender - RaftServer{1} - Committed entries up to 88
22:48:42.993 [raft-server-3] TRACE i.a.p.raft.roles.FollowerRole - RaftServer{3}{role=FOLLOWER} - Committed entries up to index 87
22:48:42.993 [raft-server-3] TRACE i.a.p.raft.roles.FollowerRole - RaftServer{3}{role=FOLLOWER} - Sending AppendResponse{status=OK, term=1, succeeded=true, lastLogIndex=88}
22:48:42.993 [raft-server-3-state] TRACE i.a.p.raft.impl.RaftServiceManager - RaftServer{3} - Applying Indexed{index=87, entry=CommandEntry{term=1, timestamp=2018-06-07 10:48:42,788, session=2, sequence=78, operation=PrimitiveOperation{id=DefaultOperationId{id=write, type=COMMAND}, value=byte[]{length=17, hash=-1644578928}}}}
22:48:42.993 [raft-server-3-state] TRACE i.a.p.s.impl.DefaultServiceExecutor - PrimitiveService{2}{type=io.atomix.protocols.raft.RaftTest$TestPrimitiveType@64a1ae5, name=raft-test} - Executing DefaultCommit{index=87, session=RaftSession{RaftServiceContext{server=3, type=io.atomix.protocols.raft.RaftTest$TestPrimitiveType@64a1ae5, name=raft-test, id=2}, session=2, timestamp=2018-06-07 10:48:42,788}, time=2018-06-07 10:48:42,788, operation=DefaultOperationId{id=write, type=COMMAND}, value=byte[]{length=17, hash=-1644578928}}
22:48:43.019 [raft-server-1] TRACE i.a.p.raft.roles.LeaderAppender - RaftServer{1} - Received AppendResponse{status=OK, term=1, succeeded=true, lastLogIndex=88} from 3
22:48:43.019 [raft-server-1] TRACE i.a.p.raft.roles.LeaderAppender - RaftServer{1} - Sending AppendRequest{term=1, leader=1, prevLogIndex=88, prevLogTerm=1, entries=0, commitIndex=88} to 3
22:48:43.019 [raft-server-1] TRACE i.a.p.raft.roles.LeaderAppender - RaftServer{1} - Sending AppendRequest{term=1, leader=1, prevLogIndex=88, prevLogTerm=1, entries=0, commitIndex=88} to 2
22:48:43.019 [raft-server-3] TRACE i.a.p.raft.roles.FollowerRole - RaftServer{3}{role=FOLLOWER} - Received AppendRequest{term=1, leader=1, prevLogIndex=88, prevLogTerm=1, entries=0, commitIndex=88}
22:48:43.020 [raft-server-2] TRACE i.a.p.raft.roles.FollowerRole - RaftServer{2}{role=FOLLOWER} - Received AppendRequest{term=1, leader=1, prevLogIndex=88, prevLogTerm=1, entries=0, commitIndex=88}
22:48:43.020 [raft-server-1-state] TRACE i.a.p.raft.impl.RaftServiceManager - RaftServer{1} - Applying Indexed{index=88, entry=CommandEntry{term=1, timestamp=2018-06-07 10:48:42,899, session=2, sequence=79, operation=PrimitiveOperation{id=DefaultOperationId{id=write, type=COMMAND}, value=byte[]{length=17, hash=-1644578928}}}}
22:48:43.020 [raft-server-1-state] TRACE i.a.p.s.impl.DefaultServiceExecutor - PrimitiveService{2}{type=io.atomix.protocols.raft.RaftTest$TestPrimitiveType@761d7cf3, name=raft-test} - Executing DefaultCommit{index=88, session=RaftSession{RaftServiceContext{server=1, type=io.atomix.protocols.raft.RaftTest$TestPrimitiveType@761d7cf3, name=raft-test, id=2}, session=2, timestamp=2018-06-07 10:48:42,899}, time=2018-06-07 10:48:42,899, operation=DefaultOperationId{id=write, type=COMMAND}, value=byte[]{length=17, hash=-1644578928}}
22:48:43.020 [raft-server-1-state] TRACE i.a.protocols.raft.roles.LeaderRole - RaftServer{1}{role=LEADER} - Sending CommandResponse{status=OK, index=88, eventIndex=2, result=byte[]{length=3, hash=35961}}
22:48:43.020 [raft-client-bd74d86e-809c-4ed1-87a8-2ec3ff75de78-6] TRACE i.a.p.r.p.impl.RaftProxyConnection - PartitionProxy{2}{type=io.atomix.protocols.raft.RaftTest$TestPrimitiveType@35bfa1bb, name=raft-test} - Received CommandResponse{status=OK, index=88, eventIndex=2, result=byte[]{length=3, hash=35961}} from 1
22:48:43.020 [raft-client-bd74d86e-809c-4ed1-87a8-2ec3ff75de78-6] TRACE i.a.p.r.p.impl.RaftProxySequencer - PartitionProxy{2}{type=io.atomix.protocols.raft.RaftTest$TestPrimitiveType@35bfa1bb, name=raft-test} - Completing response CommandResponse{status=OK, index=88, eventIndex=2, result=byte[]{length=3, hash=35961}}
22:48:43.021 [raft-client-bd74d86e-809c-4ed1-87a8-2ec3ff75de78-6] TRACE i.a.p.r.p.impl.RaftProxyConnection - PartitionProxy{2}{type=io.atomix.protocols.raft.RaftTest$TestPrimitiveType@35bfa1bb, name=raft-test} - Sending CommandRequest{session=2, sequence=80, operation=PrimitiveOperation{id=DefaultOperationId{id=write, type=COMMAND}, value=byte[]{length=17, hash=-1644578928}}} to 1
22:48:43.021 [raft-server-1] TRACE i.a.protocols.raft.roles.LeaderRole - RaftServer{1}{role=LEADER} - Received CommandRequest{session=2, sequence=80, operation=PrimitiveOperation{id=DefaultOperationId{id=write, type=COMMAND}, value=byte[]{length=17, hash=-1644578928}}}
22:48:43.021 [raft-server-1] TRACE i.a.protocols.raft.roles.LeaderRole - RaftServer{1}{role=LEADER} - Appended Indexed{index=89, entry=CommandEntry{term=1, timestamp=2018-06-07 10:48:43,021, session=2, sequence=80, operation=PrimitiveOperation{id=DefaultOperationId{id=write, type=COMMAND}, value=byte[]{length=17, hash=-1644578928}}}}
22:48:43.056 [raft-server-3] TRACE i.a.p.raft.roles.FollowerRole - RaftServer{3}{role=FOLLOWER} - Committed entries up to index 88
22:48:43.056 [raft-server-2] TRACE i.a.p.raft.roles.FollowerRole - RaftServer{2}{role=FOLLOWER} - Committed entries up to index 88
22:48:43.056 [raft-server-3] TRACE i.a.p.raft.roles.FollowerRole - RaftServer{3}{role=FOLLOWER} - Sending AppendResponse{status=OK, term=1, succeeded=true, lastLogIndex=88}
22:48:43.056 [raft-server-2] TRACE i.a.p.raft.roles.FollowerRole - RaftServer{2}{role=FOLLOWER} - Sending AppendResponse{status=OK, term=1, succeeded=true, lastLogIndex=88}
22:48:43.056 [raft-server-2-state] TRACE i.a.p.raft.impl.RaftServiceManager - RaftServer{2} - Applying Indexed{index=88, entry=CommandEntry{term=1, timestamp=2018-06-07 10:48:42,899, session=2, sequence=79, operation=PrimitiveOperation{id=DefaultOperationId{id=write, type=COMMAND}, value=byte[]{length=17, hash=-1644578928}}}}
22:48:43.056 [raft-server-1] TRACE i.a.p.raft.roles.LeaderAppender - RaftServer{1} - Received AppendResponse{status=OK, term=1, succeeded=true, lastLogIndex=88} from 3
22:48:43.056 [raft-server-2-state] TRACE i.a.p.s.impl.DefaultServiceExecutor - PrimitiveService{2}{type=io.atomix.protocols.raft.RaftTest$TestPrimitiveType@2d95571d, name=raft-test} - Executing DefaultCommit{index=88, session=RaftSession{RaftServiceContext{server=2, type=io.atomix.protocols.raft.RaftTest$TestPrimitiveType@2d95571d, name=raft-test, id=2}, session=2, timestamp=2018-06-07 10:48:42,899}, time=2018-06-07 10:48:42,899, operation=DefaultOperationId{id=write, type=COMMAND}, value=byte[]{length=17, hash=-1644578928}}
22:48:43.057 [raft-server-1] TRACE i.a.p.raft.roles.LeaderAppender - RaftServer{1} - Sending AppendRequest{term=1, leader=1, prevLogIndex=88, prevLogTerm=1, entries=1, commitIndex=88} to 3
22:48:43.057 [raft-server-3-state] TRACE i.a.p.raft.impl.RaftServiceManager - RaftServer{3} - Applying Indexed{index=88, entry=CommandEntry{term=1, timestamp=2018-06-07 10:48:42,899, session=2, sequence=79, operation=PrimitiveOperation{id=DefaultOperationId{id=write, type=COMMAND}, value=byte[]{length=17, hash=-1644578928}}}}
22:48:43.057 [raft-server-1] TRACE i.a.p.raft.roles.LeaderAppender - RaftServer{1} - Received AppendResponse{status=OK, term=1, succeeded=true, lastLogIndex=88} from 2
22:48:43.057 [raft-server-3-state] TRACE i.a.p.s.impl.DefaultServiceExecutor - PrimitiveService{2}{type=io.atomix.protocols.raft.RaftTest$TestPrimitiveType@64a1ae5, name=raft-test} - Executing DefaultCommit{index=88, session=RaftSession{RaftServiceContext{server=3, type=io.atomix.protocols.raft.RaftTest$TestPrimitiveType@64a1ae5, name=raft-test, id=2}, session=2, timestamp=2018-06-07 10:48:42,899}, time=2018-06-07 10:48:42,899, operation=DefaultOperationId{id=write, type=COMMAND}, value=byte[]{length=17, hash=-1644578928}}
22:48:43.057 [raft-server-1] TRACE i.a.p.raft.roles.LeaderAppender - RaftServer{1} - Sending AppendRequest{term=1, leader=1, prevLogIndex=88, prevLogTerm=1, entries=1, commitIndex=88} to 2
22:48:43.057 [raft-server-2] TRACE i.a.p.raft.roles.FollowerRole - RaftServer{2}{role=FOLLOWER} - Received AppendRequest{term=1, leader=1, prevLogIndex=88, prevLogTerm=1, entries=1, commitIndex=88}
22:48:43.057 [raft-server-3] TRACE i.a.p.raft.roles.FollowerRole - RaftServer{3}{role=FOLLOWER} - Received AppendRequest{term=1, leader=1, prevLogIndex=88, prevLogTerm=1, entries=1, commitIndex=88}
22:48:43.057 [raft-server-2] TRACE i.a.p.raft.roles.FollowerRole - RaftServer{2}{role=FOLLOWER} - Appended Indexed{index=89, entry=CommandEntry{term=1, timestamp=2018-06-07 10:48:43,021, session=2, sequence=80, operation=PrimitiveOperation{id=DefaultOperationId{id=write, type=COMMAND}, value=byte[]{length=17, hash=-1644578928}}}}
22:48:43.057 [raft-server-3] TRACE i.a.p.raft.roles.FollowerRole - RaftServer{3}{role=FOLLOWER} - Appended Indexed{index=89, entry=CommandEntry{term=1, timestamp=2018-06-07 10:48:43,021, session=2, sequence=80, operation=PrimitiveOperation{id=DefaultOperationId{id=write, type=COMMAND}, value=byte[]{length=17, hash=-1644578928}}}}
22:48:43.057 [raft-server-2] TRACE i.a.p.raft.roles.FollowerRole - RaftServer{2}{role=FOLLOWER} - Sending AppendResponse{status=OK, term=1, succeeded=true, lastLogIndex=89}
22:48:43.057 [raft-server-3] TRACE i.a.p.raft.roles.FollowerRole - RaftServer{3}{role=FOLLOWER} - Sending AppendResponse{status=OK, term=1, succeeded=true, lastLogIndex=89}
22:48:43.058 [raft-server-1] TRACE i.a.p.raft.roles.LeaderAppender - RaftServer{1} - Received AppendResponse{status=OK, term=1, succeeded=true, lastLogIndex=89} from 2
22:48:43.058 [raft-server-1] TRACE i.a.p.raft.roles.LeaderAppender - RaftServer{1} - Committed entries up to 89
22:48:43.089 [raft-server-1] TRACE i.a.p.raft.roles.LeaderAppender - RaftServer{1} - Received AppendResponse{status=OK, term=1, succeeded=true, lastLogIndex=89} from 3
22:48:43.090 [raft-server-1-state] TRACE i.a.p.raft.impl.RaftServiceManager - RaftServer{1} - Applying Indexed{index=89, entry=CommandEntry{term=1, timestamp=2018-06-07 10:48:43,021, session=2, sequence=80, operation=PrimitiveOperation{id=DefaultOperationId{id=write, type=COMMAND}, value=byte[]{length=17, hash=-1644578928}}}}
22:48:43.090 [raft-server-1-state] TRACE i.a.p.s.impl.DefaultServiceExecutor - PrimitiveService{2}{type=io.atomix.protocols.raft.RaftTest$TestPrimitiveType@761d7cf3, name=raft-test} - Executing DefaultCommit{index=89, session=RaftSession{RaftServiceContext{server=1, type=io.atomix.protocols.raft.RaftTest$TestPrimitiveType@761d7cf3, name=raft-test, id=2}, session=2, timestamp=2018-06-07 10:48:43,021}, time=2018-06-07 10:48:43,021, operation=DefaultOperationId{id=write, type=COMMAND}, value=byte[]{length=17, hash=-1644578928}}
22:48:43.090 [raft-server-1-state] TRACE i.a.protocols.raft.roles.LeaderRole - RaftServer{1}{role=LEADER} - Sending CommandResponse{status=OK, index=89, eventIndex=2, result=byte[]{length=3, hash=36023}}
22:48:43.090 [raft-client-bd74d86e-809c-4ed1-87a8-2ec3ff75de78-4] TRACE i.a.p.r.p.impl.RaftProxyConnection - PartitionProxy{2}{type=io.atomix.protocols.raft.RaftTest$TestPrimitiveType@35bfa1bb, name=raft-test} - Received CommandResponse{status=OK, index=89, eventIndex=2, result=byte[]{length=3, hash=36023}} from 1
22:48:43.090 [raft-client-bd74d86e-809c-4ed1-87a8-2ec3ff75de78-4] TRACE i.a.p.r.p.impl.RaftProxySequencer - PartitionProxy{2}{type=io.atomix.protocols.raft.RaftTest$TestPrimitiveType@35bfa1bb, name=raft-test} - Completing response CommandResponse{status=OK, index=89, eventIndex=2, result=byte[]{length=3, hash=36023}}
22:48:43.090 [raft-client-bd74d86e-809c-4ed1-87a8-2ec3ff75de78-0] TRACE i.a.p.r.p.impl.RaftProxyConnection - PartitionProxy{2}{type=io.atomix.protocols.raft.RaftTest$TestPrimitiveType@35bfa1bb, name=raft-test} - Sending CommandRequest{session=2, sequence=81, operation=PrimitiveOperation{id=DefaultOperationId{id=write, type=COMMAND}, value=byte[]{length=17, hash=-1644578928}}} to 1
22:48:43.090 [raft-server-1] TRACE i.a.protocols.raft.roles.LeaderRole - RaftServer{1}{role=LEADER} - Received CommandRequest{session=2, sequence=81, operation=PrimitiveOperation{id=DefaultOperationId{id=write, type=COMMAND}, value=byte[]{length=17, hash=-1644578928}}}
22:48:43.091 [raft-server-1] TRACE i.a.protocols.raft.roles.LeaderRole - RaftServer{1}{role=LEADER} - Appended Indexed{index=90, entry=CommandEntry{term=1, timestamp=2018-06-07 10:48:43,090, session=2, sequence=81, operation=PrimitiveOperation{id=DefaultOperationId{id=write, type=COMMAND}, value=byte[]{length=17, hash=-1644578928}}}}
22:48:43.091 [raft-server-1] TRACE i.a.p.raft.roles.LeaderAppender - RaftServer{1} - Sending AppendRequest{term=1, leader=1, prevLogIndex=89, prevLogTerm=1, entries=1, commitIndex=89} to 3
22:48:43.091 [raft-server-3] TRACE i.a.p.raft.roles.FollowerRole - RaftServer{3}{role=FOLLOWER} - Received AppendRequest{term=1, leader=1, prevLogIndex=89, prevLogTerm=1, entries=1, commitIndex=89}
22:48:43.091 [raft-server-1] TRACE i.a.p.raft.roles.LeaderAppender - RaftServer{1} - Sending AppendRequest{term=1, leader=1, prevLogIndex=89, prevLogTerm=1, entries=1, commitIndex=89} to 2
22:48:43.091 [raft-server-2] TRACE i.a.p.raft.roles.FollowerRole - RaftServer{2}{role=FOLLOWER} - Received AppendRequest{term=1, leader=1, prevLogIndex=89, prevLogTerm=1, entries=1, commitIndex=89}
22:48:43.091 [raft-server-3] TRACE i.a.p.raft.roles.FollowerRole - RaftServer{3}{role=FOLLOWER} - Appended Indexed{index=90, entry=CommandEntry{term=1, timestamp=2018-06-07 10:48:43,090, session=2, sequence=81, operation=PrimitiveOperation{id=DefaultOperationId{id=write, type=COMMAND}, value=byte[]{length=17, hash=-1644578928}}}}
22:48:43.091 [raft-server-2] TRACE i.a.p.raft.roles.FollowerRole - RaftServer{2}{role=FOLLOWER} - Appended Indexed{index=90, entry=CommandEntry{term=1, timestamp=2018-06-07 10:48:43,090, session=2, sequence=81, operation=PrimitiveOperation{id=DefaultOperationId{id=write, type=COMMAND}, value=byte[]{length=17, hash=-1644578928}}}}
22:48:43.144 [raft-server-3] TRACE i.a.p.raft.roles.FollowerRole - RaftServer{3}{role=FOLLOWER} - Committed entries up to index 89
22:48:43.144 [raft-server-2] TRACE i.a.p.raft.roles.FollowerRole - RaftServer{2}{role=FOLLOWER} - Committed entries up to index 89
22:48:43.144 [raft-server-3] TRACE i.a.p.raft.roles.FollowerRole - RaftServer{3}{role=FOLLOWER} - Sending AppendResponse{status=OK, term=1, succeeded=true, lastLogIndex=90}
22:48:43.144 [raft-server-2] TRACE i.a.p.raft.roles.FollowerRole - RaftServer{2}{role=FOLLOWER} - Sending AppendResponse{status=OK, term=1, succeeded=true, lastLogIndex=90}
22:48:43.144 [raft-server-1] TRACE i.a.p.raft.roles.LeaderAppender - RaftServer{1} - Received AppendResponse{status=OK, term=1, succeeded=true, lastLogIndex=90} from 3
22:48:43.144 [raft-server-3-state] TRACE i.a.p.raft.impl.RaftServiceManager - RaftServer{3} - Applying Indexed{index=89, entry=CommandEntry{term=1, timestamp=2018-06-07 10:48:43,021, session=2, sequence=80, operation=PrimitiveOperation{id=DefaultOperationId{id=write, type=COMMAND}, value=byte[]{length=17, hash=-1644578928}}}}
22:48:43.145 [raft-server-1] TRACE i.a.p.raft.roles.LeaderAppender - RaftServer{1} - Committed entries up to 90
22:48:43.145 [raft-server-2-state] TRACE i.a.p.raft.impl.RaftServiceManager - RaftServer{2} - Applying Indexed{index=89, entry=CommandEntry{term=1, timestamp=2018-06-07 10:48:43,021, session=2, sequence=80, operation=PrimitiveOperation{id=DefaultOperationId{id=write, type=COMMAND}, value=byte[]{length=17, hash=-1644578928}}}}
22:48:43.145 [raft-server-3-state] TRACE i.a.p.s.impl.DefaultServiceExecutor - PrimitiveService{2}{type=io.atomix.protocols.raft.RaftTest$TestPrimitiveType@64a1ae5, name=raft-test} - Executing DefaultCommit{index=89, session=RaftSession{RaftServiceContext{server=3, type=io.atomix.protocols.raft.RaftTest$TestPrimitiveType@64a1ae5, name=raft-test, id=2}, session=2, timestamp=2018-06-07 10:48:43,021}, time=2018-06-07 10:48:43,021, operation=DefaultOperationId{id=write, type=COMMAND}, value=byte[]{length=17, hash=-1644578928}}
22:48:43.145 [raft-server-2-state] TRACE i.a.p.s.impl.DefaultServiceExecutor - PrimitiveService{2}{type=io.atomix.protocols.raft.RaftTest$TestPrimitiveType@2d95571d, name=raft-test} - Executing DefaultCommit{index=89, session=RaftSession{RaftServiceContext{server=2, type=io.atomix.protocols.raft.RaftTest$TestPrimitiveType@2d95571d, name=raft-test, id=2}, session=2, timestamp=2018-06-07 10:48:43,021}, time=2018-06-07 10:48:43,021, operation=DefaultOperationId{id=write, type=COMMAND}, value=byte[]{length=17, hash=-1644578928}}
22:48:43.189 [raft-server-1] TRACE i.a.p.raft.roles.LeaderAppender - RaftServer{1} - Received AppendResponse{status=OK, term=1, succeeded=true, lastLogIndex=90} from 2
22:48:43.190 [raft-server-1-state] TRACE i.a.p.raft.impl.RaftServiceManager - RaftServer{1} - Applying Indexed{index=90, entry=CommandEntry{term=1, timestamp=2018-06-07 10:48:43,090, session=2, sequence=81, operation=PrimitiveOperation{id=DefaultOperationId{id=write, type=COMMAND}, value=byte[]{length=17, hash=-1644578928}}}}
22:48:43.190 [raft-server-1-state] TRACE i.a.p.s.impl.DefaultServiceExecutor - PrimitiveService{2}{type=io.atomix.protocols.raft.RaftTest$TestPrimitiveType@761d7cf3, name=raft-test} - Executing DefaultCommit{index=90, session=RaftSession{RaftServiceContext{server=1, type=io.atomix.protocols.raft.RaftTest$TestPrimitiveType@761d7cf3, name=raft-test, id=2}, session=2, timestamp=2018-06-07 10:48:43,090}, time=2018-06-07 10:48:43,090, operation=DefaultOperationId{id=write, type=COMMAND}, value=byte[]{length=17, hash=-1644578928}}
22:48:43.190 [raft-server-1-state] TRACE i.a.protocols.raft.roles.LeaderRole - RaftServer{1}{role=LEADER} - Sending CommandResponse{status=OK, index=90, eventIndex=2, result=byte[]{length=3, hash=36085}}
22:48:43.190 [raft-client-bd74d86e-809c-4ed1-87a8-2ec3ff75de78-5] TRACE i.a.p.r.p.impl.RaftProxyConnection - PartitionProxy{2}{type=io.atomix.protocols.raft.RaftTest$TestPrimitiveType@35bfa1bb, name=raft-test} - Received CommandResponse{status=OK, index=90, eventIndex=2, result=byte[]{length=3, hash=36085}} from 1
22:48:43.190 [raft-client-bd74d86e-809c-4ed1-87a8-2ec3ff75de78-5] TRACE i.a.p.r.p.impl.RaftProxySequencer - PartitionProxy{2}{type=io.atomix.protocols.raft.RaftTest$TestPrimitiveType@35bfa1bb, name=raft-test} - Completing response CommandResponse{status=OK, index=90, eventIndex=2, result=byte[]{length=3, hash=36085}}
22:48:43.190 [raft-client-bd74d86e-809c-4ed1-87a8-2ec3ff75de78-6] TRACE i.a.p.r.p.impl.RaftProxyConnection - PartitionProxy{2}{type=io.atomix.protocols.raft.RaftTest$TestPrimitiveType@35bfa1bb, name=raft-test} - Sending CommandRequest{session=2, sequence=82, operation=PrimitiveOperation{id=DefaultOperationId{id=write, type=COMMAND}, value=byte[]{length=17, hash=-1644578928}}} to 1
22:48:43.191 [raft-server-1] TRACE i.a.protocols.raft.roles.LeaderRole - RaftServer{1}{role=LEADER} - Received CommandRequest{session=2, sequence=82, operation=PrimitiveOperation{id=DefaultOperationId{id=write, type=COMMAND}, value=byte[]{length=17, hash=-1644578928}}}
22:48:43.256 [raft-server-1] DEBUG i.a.storage.journal.SegmentedJournal - Created disk segment: JournalSegment{id=10, version=1, index=91, size=64}
22:48:43.256 [raft-server-1] TRACE i.a.protocols.raft.roles.LeaderRole - RaftServer{1}{role=LEADER} - Appended Indexed{index=91, entry=CommandEntry{term=1, timestamp=2018-06-07 10:48:43,191, session=2, sequence=82, operation=PrimitiveOperation{id=DefaultOperationId{id=write, type=COMMAND}, value=byte[]{length=17, hash=-1644578928}}}}
22:48:43.256 [raft-server-1] TRACE i.a.p.raft.roles.LeaderAppender - RaftServer{1} - Sending AppendRequest{term=1, leader=1, prevLogIndex=90, prevLogTerm=1, entries=1, commitIndex=90} to 3
22:48:43.257 [raft-server-3] TRACE i.a.p.raft.roles.FollowerRole - RaftServer{3}{role=FOLLOWER} - Received AppendRequest{term=1, leader=1, prevLogIndex=90, prevLogTerm=1, entries=1, commitIndex=90}
22:48:43.257 [raft-server-1] TRACE i.a.p.raft.roles.LeaderAppender - RaftServer{1} - Sending AppendRequest{term=1, leader=1, prevLogIndex=90, prevLogTerm=1, entries=1, commitIndex=90} to 2
22:48:43.257 [raft-server-2] TRACE i.a.p.raft.roles.FollowerRole - RaftServer{2}{role=FOLLOWER} - Received AppendRequest{term=1, leader=1, prevLogIndex=90, prevLogTerm=1, entries=1, commitIndex=90}
22:48:43.314 [raft-server-2] DEBUG i.a.storage.journal.SegmentedJournal - Created disk segment: JournalSegment{id=10, version=1, index=91, size=64}
22:48:43.314 [raft-server-3] DEBUG i.a.storage.journal.SegmentedJournal - Created disk segment: JournalSegment{id=10, version=1, index=91, size=64}
22:48:43.315 [raft-server-3] TRACE i.a.p.raft.roles.FollowerRole - RaftServer{3}{role=FOLLOWER} - Appended Indexed{index=91, entry=CommandEntry{term=1, timestamp=2018-06-07 10:48:43,191, session=2, sequence=82, operation=PrimitiveOperation{id=DefaultOperationId{id=write, type=COMMAND}, value=byte[]{length=17, hash=-1644578928}}}}
22:48:43.315 [raft-server-2] TRACE i.a.p.raft.roles.FollowerRole - RaftServer{2}{role=FOLLOWER} - Appended Indexed{index=91, entry=CommandEntry{term=1, timestamp=2018-06-07 10:48:43,191, session=2, sequence=82, operation=PrimitiveOperation{id=DefaultOperationId{id=write, type=COMMAND}, value=byte[]{length=17, hash=-1644578928}}}}
22:48:43.348 [raft-server-3] TRACE i.a.p.raft.roles.FollowerRole - RaftServer{3}{role=FOLLOWER} - Committed entries up to index 90
22:48:43.348 [raft-server-3] TRACE i.a.p.raft.roles.FollowerRole - RaftServer{3}{role=FOLLOWER} - Sending AppendResponse{status=OK, term=1, succeeded=true, lastLogIndex=91}
22:48:43.348 [raft-server-2] TRACE i.a.p.raft.roles.FollowerRole - RaftServer{2}{role=FOLLOWER} - Committed entries up to index 90
22:48:43.348 [raft-server-1] TRACE i.a.p.raft.roles.LeaderAppender - RaftServer{1} - Received AppendResponse{status=OK, term=1, succeeded=true, lastLogIndex=91} from 3
22:48:43.348 [raft-server-2] TRACE i.a.p.raft.roles.FollowerRole - RaftServer{2}{role=FOLLOWER} - Sending AppendResponse{status=OK, term=1, succeeded=true, lastLogIndex=91}
22:48:43.348 [raft-server-3-state] TRACE i.a.p.raft.impl.RaftServiceManager - RaftServer{3} - Applying Indexed{index=90, entry=CommandEntry{term=1, timestamp=2018-06-07 10:48:43,090, session=2, sequence=81, operation=PrimitiveOperation{id=DefaultOperationId{id=write, type=COMMAND}, value=byte[]{length=17, hash=-1644578928}}}}
22:48:43.348 [raft-server-1] TRACE i.a.p.raft.roles.LeaderAppender - RaftServer{1} - Committed entries up to 91
22:48:43.348 [raft-server-2-state] TRACE i.a.p.raft.impl.RaftServiceManager - RaftServer{2} - Applying Indexed{index=90, entry=CommandEntry{term=1, timestamp=2018-06-07 10:48:43,090, session=2, sequence=81, operation=PrimitiveOperation{id=DefaultOperationId{id=write, type=COMMAND}, value=byte[]{length=17, hash=-1644578928}}}}
22:48:43.348 [raft-server-3-state] TRACE i.a.p.s.impl.DefaultServiceExecutor - PrimitiveService{2}{type=io.atomix.protocols.raft.RaftTest$TestPrimitiveType@64a1ae5, name=raft-test} - Executing DefaultCommit{index=90, session=RaftSession{RaftServiceContext{server=3, type=io.atomix.protocols.raft.RaftTest$TestPrimitiveType@64a1ae5, name=raft-test, id=2}, session=2, timestamp=2018-06-07 10:48:43,090}, time=2018-06-07 10:48:43,090, operation=DefaultOperationId{id=write, type=COMMAND}, value=byte[]{length=17, hash=-1644578928}}
22:48:43.349 [raft-server-2-state] TRACE i.a.p.s.impl.DefaultServiceExecutor - PrimitiveService{2}{type=io.atomix.protocols.raft.RaftTest$TestPrimitiveType@2d95571d, name=raft-test} - Executing DefaultCommit{index=90, session=RaftSession{RaftServiceContext{server=2, type=io.atomix.protocols.raft.RaftTest$TestPrimitiveType@2d95571d, name=raft-test, id=2}, session=2, timestamp=2018-06-07 10:48:43,090}, time=2018-06-07 10:48:43,090, operation=DefaultOperationId{id=write, type=COMMAND}, value=byte[]{length=17, hash=-1644578928}}
22:48:43.428 [raft-server-1] TRACE i.a.p.raft.roles.LeaderAppender - RaftServer{1} - Sending AppendRequest{term=1, leader=1, prevLogIndex=91, prevLogTerm=1, entries=0, commitIndex=91} to 3
22:48:43.428 [raft-server-1] TRACE i.a.p.raft.roles.LeaderAppender - RaftServer{1} - Received AppendResponse{status=OK, term=1, succeeded=true, lastLogIndex=91} from 2
22:48:43.428 [raft-server-3] TRACE i.a.p.raft.roles.FollowerRole - RaftServer{3}{role=FOLLOWER} - Received AppendRequest{term=1, leader=1, prevLogIndex=91, prevLogTerm=1, entries=0, commitIndex=91}
22:48:43.428 [raft-server-1-state] TRACE i.a.p.raft.impl.RaftServiceManager - RaftServer{1} - Applying Indexed{index=91, entry=CommandEntry{term=1, timestamp=2018-06-07 10:48:43,191, session=2, sequence=82, operation=PrimitiveOperation{id=DefaultOperationId{id=write, type=COMMAND}, value=byte[]{length=17, hash=-1644578928}}}}
22:48:43.428 [raft-server-1-state] TRACE i.a.p.s.impl.DefaultServiceExecutor - PrimitiveService{2}{type=io.atomix.protocols.raft.RaftTest$TestPrimitiveType@761d7cf3, name=raft-test} - Executing DefaultCommit{index=91, session=RaftSession{RaftServiceContext{server=1, type=io.atomix.protocols.raft.RaftTest$TestPrimitiveType@761d7cf3, name=raft-test, id=2}, session=2, timestamp=2018-06-07 10:48:43,191}, time=2018-06-07 10:48:43,191, operation=DefaultOperationId{id=write, type=COMMAND}, value=byte[]{length=17, hash=-1644578928}}
22:48:43.428 [raft-server-1-state] TRACE i.a.protocols.raft.roles.LeaderRole - RaftServer{1}{role=LEADER} - Sending CommandResponse{status=OK, index=91, eventIndex=2, result=byte[]{length=3, hash=36147}}
22:48:43.428 [raft-client-bd74d86e-809c-4ed1-87a8-2ec3ff75de78-3] TRACE i.a.p.r.p.impl.RaftProxyConnection - PartitionProxy{2}{type=io.atomix.protocols.raft.RaftTest$TestPrimitiveType@35bfa1bb, name=raft-test} - Received CommandResponse{status=OK, index=91, eventIndex=2, result=byte[]{length=3, hash=36147}} from 1
22:48:43.428 [raft-client-bd74d86e-809c-4ed1-87a8-2ec3ff75de78-3] TRACE i.a.p.r.p.impl.RaftProxySequencer - PartitionProxy{2}{type=io.atomix.protocols.raft.RaftTest$TestPrimitiveType@35bfa1bb, name=raft-test} - Completing response CommandResponse{status=OK, index=91, eventIndex=2, result=byte[]{length=3, hash=36147}}
22:48:43.429 [raft-client-bd74d86e-809c-4ed1-87a8-2ec3ff75de78-3] TRACE i.a.p.r.p.impl.RaftProxyConnection - PartitionProxy{2}{type=io.atomix.protocols.raft.RaftTest$TestPrimitiveType@35bfa1bb, name=raft-test} - Sending CommandRequest{session=2, sequence=83, operation=PrimitiveOperation{id=DefaultOperationId{id=write, type=COMMAND}, value=byte[]{length=17, hash=-1644578928}}} to 1
22:48:43.429 [raft-server-1] TRACE i.a.protocols.raft.roles.LeaderRole - RaftServer{1}{role=LEADER} - Received CommandRequest{session=2, sequence=83, operation=PrimitiveOperation{id=DefaultOperationId{id=write, type=COMMAND}, value=byte[]{length=17, hash=-1644578928}}}
22:48:43.429 [raft-server-1] TRACE i.a.protocols.raft.roles.LeaderRole - RaftServer{1}{role=LEADER} - Appended Indexed{index=92, entry=CommandEntry{term=1, timestamp=2018-06-07 10:48:43,429, session=2, sequence=83, operation=PrimitiveOperation{id=DefaultOperationId{id=write, type=COMMAND}, value=byte[]{length=17, hash=-1644578928}}}}
22:48:43.429 [raft-server-1] TRACE i.a.p.raft.roles.LeaderAppender - RaftServer{1} - Sending AppendRequest{term=1, leader=1, prevLogIndex=91, prevLogTerm=1, entries=1, commitIndex=91} to 2
22:48:43.429 [raft-server-2] TRACE i.a.p.raft.roles.FollowerRole - RaftServer{2}{role=FOLLOWER} - Received AppendRequest{term=1, leader=1, prevLogIndex=91, prevLogTerm=1, entries=1, commitIndex=91}
22:48:43.429 [raft-server-2] TRACE i.a.p.raft.roles.FollowerRole - RaftServer{2}{role=FOLLOWER} - Appended Indexed{index=92, entry=CommandEntry{term=1, timestamp=2018-06-07 10:48:43,429, session=2, sequence=83, operation=PrimitiveOperation{id=DefaultOperationId{id=write, type=COMMAND}, value=byte[]{length=17, hash=-1644578928}}}}
22:48:43.469 [raft-server-3] TRACE i.a.p.raft.roles.FollowerRole - RaftServer{3}{role=FOLLOWER} - Committed entries up to index 91
22:48:43.469 [raft-server-3] TRACE i.a.p.raft.roles.FollowerRole - RaftServer{3}{role=FOLLOWER} - Sending AppendResponse{status=OK, term=1, succeeded=true, lastLogIndex=91}
22:48:43.469 [raft-server-1] TRACE i.a.p.raft.roles.LeaderAppender - RaftServer{1} - Received AppendResponse{status=OK, term=1, succeeded=true, lastLogIndex=91} from 3
22:48:43.469 [raft-server-1] TRACE i.a.p.raft.roles.LeaderAppender - RaftServer{1} - Sending AppendRequest{term=1, leader=1, prevLogIndex=91, prevLogTerm=1, entries=1, commitIndex=91} to 3
22:48:43.477 [raft-server-3] TRACE i.a.p.raft.roles.FollowerRole - RaftServer{3}{role=FOLLOWER} - Received AppendRequest{term=1, leader=1, prevLogIndex=91, prevLogTerm=1, entries=1, commitIndex=91}
22:48:43.477 [raft-server-3-state] TRACE i.a.p.raft.impl.RaftServiceManager - RaftServer{3} - Applying Indexed{index=91, entry=CommandEntry{term=1, timestamp=2018-06-07 10:48:43,191, session=2, sequence=82, operation=PrimitiveOperation{id=DefaultOperationId{id=write, type=COMMAND}, value=byte[]{length=17, hash=-1644578928}}}}
22:48:43.477 [raft-server-3-state] TRACE i.a.p.s.impl.DefaultServiceExecutor - PrimitiveService{2}{type=io.atomix.protocols.raft.RaftTest$TestPrimitiveType@64a1ae5, name=raft-test} - Executing DefaultCommit{index=91, session=RaftSession{RaftServiceContext{server=3, type=io.atomix.protocols.raft.RaftTest$TestPrimitiveType@64a1ae5, name=raft-test, id=2}, session=2, timestamp=2018-06-07 10:48:43,191}, time=2018-06-07 10:48:43,191, operation=DefaultOperationId{id=write, type=COMMAND}, value=byte[]{length=17, hash=-1644578928}}
22:48:43.477 [raft-server-3] TRACE i.a.p.raft.roles.FollowerRole - RaftServer{3}{role=FOLLOWER} - Appended Indexed{index=92, entry=CommandEntry{term=1, timestamp=2018-06-07 10:48:43,429, session=2, sequence=83, operation=PrimitiveOperation{id=DefaultOperationId{id=write, type=COMMAND}, value=byte[]{length=17, hash=-1644578928}}}}
22:48:43.477 [raft-server-3] TRACE i.a.p.raft.roles.FollowerRole - RaftServer{3}{role=FOLLOWER} - Sending AppendResponse{status=OK, term=1, succeeded=true, lastLogIndex=92}
22:48:43.477 [raft-server-1] TRACE i.a.p.raft.roles.LeaderAppender - RaftServer{1} - Received AppendResponse{status=OK, term=1, succeeded=true, lastLogIndex=92} from 3
22:48:43.478 [raft-server-1] TRACE i.a.p.raft.roles.LeaderAppender - RaftServer{1} - Committed entries up to 92
22:48:43.511 [raft-server-2] TRACE i.a.p.raft.roles.FollowerRole - RaftServer{2}{role=FOLLOWER} - Committed entries up to index 91
22:48:43.511 [raft-server-2] TRACE i.a.p.raft.roles.FollowerRole - RaftServer{2}{role=FOLLOWER} - Sending AppendResponse{status=OK, term=1, succeeded=true, lastLogIndex=92}
22:48:43.511 [raft-server-2-state] TRACE i.a.p.raft.impl.RaftServiceManager - RaftServer{2} - Applying Indexed{index=91, entry=CommandEntry{term=1, timestamp=2018-06-07 10:48:43,191, session=2, sequence=82, operation=PrimitiveOperation{id=DefaultOperationId{id=write, type=COMMAND}, value=byte[]{length=17, hash=-1644578928}}}}
22:48:43.511 [raft-server-2-state] TRACE i.a.p.s.impl.DefaultServiceExecutor - PrimitiveService{2}{type=io.atomix.protocols.raft.RaftTest$TestPrimitiveType@2d95571d, name=raft-test} - Executing DefaultCommit{index=91, session=RaftSession{RaftServiceContext{server=2, type=io.atomix.protocols.raft.RaftTest$TestPrimitiveType@2d95571d, name=raft-test, id=2}, session=2, timestamp=2018-06-07 10:48:43,191}, time=2018-06-07 10:48:43,191, operation=DefaultOperationId{id=write, type=COMMAND}, value=byte[]{length=17, hash=-1644578928}}
22:48:43.536 [raft-server-1] TRACE i.a.p.raft.roles.LeaderAppender - RaftServer{1} - Sending AppendRequest{term=1, leader=1, prevLogIndex=92, prevLogTerm=1, entries=0, commitIndex=92} to 3
22:48:43.536 [raft-server-3] TRACE i.a.p.raft.roles.FollowerRole - RaftServer{3}{role=FOLLOWER} - Received AppendRequest{term=1, leader=1, prevLogIndex=92, prevLogTerm=1, entries=0, commitIndex=92}
22:48:43.536 [raft-server-1] TRACE i.a.p.raft.roles.LeaderAppender - RaftServer{1} - Received AppendResponse{status=OK, term=1, succeeded=true, lastLogIndex=92} from 2
22:48:43.536 [raft-server-1] TRACE i.a.p.raft.roles.LeaderAppender - RaftServer{1} - Sending AppendRequest{term=1, leader=1, prevLogIndex=92, prevLogTerm=1, entries=0, commitIndex=92} to 2
22:48:43.536 [raft-server-2] TRACE i.a.p.raft.roles.FollowerRole - RaftServer{2}{role=FOLLOWER} - Received AppendRequest{term=1, leader=1, prevLogIndex=92, prevLogTerm=1, entries=0, commitIndex=92}
22:48:43.536 [raft-server-1-state] TRACE i.a.p.raft.impl.RaftServiceManager - RaftServer{1} - Applying Indexed{index=92, entry=CommandEntry{term=1, timestamp=2018-06-07 10:48:43,429, session=2, sequence=83, operation=PrimitiveOperation{id=DefaultOperationId{id=write, type=COMMAND}, value=byte[]{length=17, hash=-1644578928}}}}
22:48:43.537 [raft-server-1-state] TRACE i.a.p.s.impl.DefaultServiceExecutor - PrimitiveService{2}{type=io.atomix.protocols.raft.RaftTest$TestPrimitiveType@761d7cf3, name=raft-test} - Executing DefaultCommit{index=92, session=RaftSession{RaftServiceContext{server=1, type=io.atomix.protocols.raft.RaftTest$TestPrimitiveType@761d7cf3, name=raft-test, id=2}, session=2, timestamp=2018-06-07 10:48:43,429}, time=2018-06-07 10:48:43,429, operation=DefaultOperationId{id=write, type=COMMAND}, value=byte[]{length=17, hash=-1644578928}}
22:48:43.537 [raft-server-1-state] TRACE i.a.protocols.raft.roles.LeaderRole - RaftServer{1}{role=LEADER} - Sending CommandResponse{status=OK, index=92, eventIndex=2, result=byte[]{length=3, hash=36209}}
22:48:43.537 [raft-client-bd74d86e-809c-4ed1-87a8-2ec3ff75de78-4] TRACE i.a.p.r.p.impl.RaftProxyConnection - PartitionProxy{2}{type=io.atomix.protocols.raft.RaftTest$TestPrimitiveType@35bfa1bb, name=raft-test} - Received CommandResponse{status=OK, index=92, eventIndex=2, result=byte[]{length=3, hash=36209}} from 1
22:48:43.537 [raft-client-bd74d86e-809c-4ed1-87a8-2ec3ff75de78-4] TRACE i.a.p.r.p.impl.RaftProxySequencer - PartitionProxy{2}{type=io.atomix.protocols.raft.RaftTest$TestPrimitiveType@35bfa1bb, name=raft-test} - Completing response CommandResponse{status=OK, index=92, eventIndex=2, result=byte[]{length=3, hash=36209}}
22:48:43.537 [raft-client-bd74d86e-809c-4ed1-87a8-2ec3ff75de78-1] TRACE i.a.p.r.p.impl.RaftProxyConnection - PartitionProxy{2}{type=io.atomix.protocols.raft.RaftTest$TestPrimitiveType@35bfa1bb, name=raft-test} - Sending CommandRequest{session=2, sequence=84, operation=PrimitiveOperation{id=DefaultOperationId{id=write, type=COMMAND}, value=byte[]{length=17, hash=-1644578928}}} to 1
22:48:43.537 [raft-server-1] TRACE i.a.protocols.raft.roles.LeaderRole - RaftServer{1}{role=LEADER} - Received CommandRequest{session=2, sequence=84, operation=PrimitiveOperation{id=DefaultOperationId{id=write, type=COMMAND}, value=byte[]{length=17, hash=-1644578928}}}
22:48:43.538 [raft-server-1] TRACE i.a.protocols.raft.roles.LeaderRole - RaftServer{1}{role=LEADER} - Appended Indexed{index=93, entry=CommandEntry{term=1, timestamp=2018-06-07 10:48:43,537, session=2, sequence=84, operation=PrimitiveOperation{id=DefaultOperationId{id=write, type=COMMAND}, value=byte[]{length=17, hash=-1644578928}}}}
22:48:43.569 [raft-server-3] TRACE i.a.p.raft.roles.FollowerRole - RaftServer{3}{role=FOLLOWER} - Committed entries up to index 92
22:48:43.569 [raft-server-2] TRACE i.a.p.raft.roles.FollowerRole - RaftServer{2}{role=FOLLOWER} - Committed entries up to index 92
22:48:43.569 [raft-server-3] TRACE i.a.p.raft.roles.FollowerRole - RaftServer{3}{role=FOLLOWER} - Sending AppendResponse{status=OK, term=1, succeeded=true, lastLogIndex=92}
22:48:43.569 [raft-server-2] TRACE i.a.p.raft.roles.FollowerRole - RaftServer{2}{role=FOLLOWER} - Sending AppendResponse{status=OK, term=1, succeeded=true, lastLogIndex=92}
22:48:43.570 [raft-server-1] TRACE i.a.p.raft.roles.LeaderAppender - RaftServer{1} - Received AppendResponse{status=OK, term=1, succeeded=true, lastLogIndex=92} from 3
22:48:43.570 [raft-server-2-state] TRACE i.a.p.raft.impl.RaftServiceManager - RaftServer{2} - Applying Indexed{index=92, entry=CommandEntry{term=1, timestamp=2018-06-07 10:48:43,429, session=2, sequence=83, operation=PrimitiveOperation{id=DefaultOperationId{id=write, type=COMMAND}, value=byte[]{length=17, hash=-1644578928}}}}
22:48:43.570 [raft-server-1] TRACE i.a.p.raft.roles.LeaderAppender - RaftServer{1} - Sending AppendRequest{term=1, leader=1, prevLogIndex=92, prevLogTerm=1, entries=1, commitIndex=92} to 3
22:48:43.570 [raft-server-1] TRACE i.a.p.raft.roles.LeaderAppender - RaftServer{1} - Received AppendResponse{status=OK, term=1, succeeded=true, lastLogIndex=92} from 2
22:48:43.570 [raft-server-2-state] TRACE i.a.p.s.impl.DefaultServiceExecutor - PrimitiveService{2}{type=io.atomix.protocols.raft.RaftTest$TestPrimitiveType@2d95571d, name=raft-test} - Executing DefaultCommit{index=92, session=RaftSession{RaftServiceContext{server=2, type=io.atomix.protocols.raft.RaftTest$TestPrimitiveType@2d95571d, name=raft-test, id=2}, session=2, timestamp=2018-06-07 10:48:43,429}, time=2018-06-07 10:48:43,429, operation=DefaultOperationId{id=write, type=COMMAND}, value=byte[]{length=17, hash=-1644578928}}
22:48:43.570 [raft-server-1] TRACE i.a.p.raft.roles.LeaderAppender - RaftServer{1} - Sending AppendRequest{term=1, leader=1, prevLogIndex=92, prevLogTerm=1, entries=1, commitIndex=92} to 2
22:48:43.570 [raft-server-3-state] TRACE i.a.p.raft.impl.RaftServiceManager - RaftServer{3} - Applying Indexed{index=92, entry=CommandEntry{term=1, timestamp=2018-06-07 10:48:43,429, session=2, sequence=83, operation=PrimitiveOperation{id=DefaultOperationId{id=write, type=COMMAND}, value=byte[]{length=17, hash=-1644578928}}}}
22:48:43.570 [raft-server-3-state] TRACE i.a.p.s.impl.DefaultServiceExecutor - PrimitiveService{2}{type=io.atomix.protocols.raft.RaftTest$TestPrimitiveType@64a1ae5, name=raft-test} - Executing DefaultCommit{index=92, session=RaftSession{RaftServiceContext{server=3, type=io.atomix.protocols.raft.RaftTest$TestPrimitiveType@64a1ae5, name=raft-test, id=2}, session=2, timestamp=2018-06-07 10:48:43,429}, time=2018-06-07 10:48:43,429, operation=DefaultOperationId{id=write, type=COMMAND}, value=byte[]{length=17, hash=-1644578928}}
22:48:43.570 [raft-server-3] TRACE i.a.p.raft.roles.FollowerRole - RaftServer{3}{role=FOLLOWER} - Received AppendRequest{term=1, leader=1, prevLogIndex=92, prevLogTerm=1, entries=1, commitIndex=92}
22:48:43.570 [raft-server-2] TRACE i.a.p.raft.roles.FollowerRole - RaftServer{2}{role=FOLLOWER} - Received AppendRequest{term=1, leader=1, prevLogIndex=92, prevLogTerm=1, entries=1, commitIndex=92}
22:48:43.570 [raft-server-3] TRACE i.a.p.raft.roles.FollowerRole - RaftServer{3}{role=FOLLOWER} - Appended Indexed{index=93, entry=CommandEntry{term=1, timestamp=2018-06-07 10:48:43,537, session=2, sequence=84, operation=PrimitiveOperation{id=DefaultOperationId{id=write, type=COMMAND}, value=byte[]{length=17, hash=-1644578928}}}}
22:48:43.570 [raft-server-2] TRACE i.a.p.raft.roles.FollowerRole - RaftServer{2}{role=FOLLOWER} - Appended Indexed{index=93, entry=CommandEntry{term=1, timestamp=2018-06-07 10:48:43,537, session=2, sequence=84, operation=PrimitiveOperation{id=DefaultOperationId{id=write, type=COMMAND}, value=byte[]{length=17, hash=-1644578928}}}}
22:48:43.570 [raft-server-3] TRACE i.a.p.raft.roles.FollowerRole - RaftServer{3}{role=FOLLOWER} - Sending AppendResponse{status=OK, term=1, succeeded=true, lastLogIndex=93}
22:48:43.571 [raft-server-2] TRACE i.a.p.raft.roles.FollowerRole - RaftServer{2}{role=FOLLOWER} - Sending AppendResponse{status=OK, term=1, succeeded=true, lastLogIndex=93}
22:48:43.571 [raft-server-1] TRACE i.a.p.raft.roles.LeaderAppender - RaftServer{1} - Received AppendResponse{status=OK, term=1, succeeded=true, lastLogIndex=93} from 3
22:48:43.571 [raft-server-1] TRACE i.a.p.raft.roles.LeaderAppender - RaftServer{1} - Committed entries up to 93
22:48:43.603 [raft-server-1] TRACE i.a.p.raft.roles.LeaderAppender - RaftServer{1} - Received AppendResponse{status=OK, term=1, succeeded=true, lastLogIndex=93} from 2
22:48:43.603 [raft-server-1-state] TRACE i.a.p.raft.impl.RaftServiceManager - RaftServer{1} - Applying Indexed{index=93, entry=CommandEntry{term=1, timestamp=2018-06-07 10:48:43,537, session=2, sequence=84, operation=PrimitiveOperation{id=DefaultOperationId{id=write, type=COMMAND}, value=byte[]{length=17, hash=-1644578928}}}}
22:48:43.603 [raft-server-1-state] TRACE i.a.p.s.impl.DefaultServiceExecutor - PrimitiveService{2}{type=io.atomix.protocols.raft.RaftTest$TestPrimitiveType@761d7cf3, name=raft-test} - Executing DefaultCommit{index=93, session=RaftSession{RaftServiceContext{server=1, type=io.atomix.protocols.raft.RaftTest$TestPrimitiveType@761d7cf3, name=raft-test, id=2}, session=2, timestamp=2018-06-07 10:48:43,537}, time=2018-06-07 10:48:43,537, operation=DefaultOperationId{id=write, type=COMMAND}, value=byte[]{length=17, hash=-1644578928}}
22:48:43.603 [raft-server-1-state] TRACE i.a.protocols.raft.roles.LeaderRole - RaftServer{1}{role=LEADER} - Sending CommandResponse{status=OK, index=93, eventIndex=2, result=byte[]{length=3, hash=36271}}
22:48:43.603 [raft-client-bd74d86e-809c-4ed1-87a8-2ec3ff75de78-3] TRACE i.a.p.r.p.impl.RaftProxyConnection - PartitionProxy{2}{type=io.atomix.protocols.raft.RaftTest$TestPrimitiveType@35bfa1bb, name=raft-test} - Received CommandResponse{status=OK, index=93, eventIndex=2, result=byte[]{length=3, hash=36271}} from 1
22:48:43.603 [raft-client-bd74d86e-809c-4ed1-87a8-2ec3ff75de78-3] TRACE i.a.p.r.p.impl.RaftProxySequencer - PartitionProxy{2}{type=io.atomix.protocols.raft.RaftTest$TestPrimitiveType@35bfa1bb, name=raft-test} - Completing response CommandResponse{status=OK, index=93, eventIndex=2, result=byte[]{length=3, hash=36271}}
22:48:43.604 [raft-client-bd74d86e-809c-4ed1-87a8-2ec3ff75de78-3] TRACE i.a.p.r.p.impl.RaftProxyConnection - PartitionProxy{2}{type=io.atomix.protocols.raft.RaftTest$TestPrimitiveType@35bfa1bb, name=raft-test} - Sending CommandRequest{session=2, sequence=85, operation=PrimitiveOperation{id=DefaultOperationId{id=write, type=COMMAND}, value=byte[]{length=17, hash=-1644578928}}} to 1
22:48:43.604 [raft-server-1] TRACE i.a.protocols.raft.roles.LeaderRole - RaftServer{1}{role=LEADER} - Received CommandRequest{session=2, sequence=85, operation=PrimitiveOperation{id=DefaultOperationId{id=write, type=COMMAND}, value=byte[]{length=17, hash=-1644578928}}}
22:48:43.604 [raft-server-1] TRACE i.a.protocols.raft.roles.LeaderRole - RaftServer{1}{role=LEADER} - Appended Indexed{index=94, entry=CommandEntry{term=1, timestamp=2018-06-07 10:48:43,604, session=2, sequence=85, operation=PrimitiveOperation{id=DefaultOperationId{id=write, type=COMMAND}, value=byte[]{length=17, hash=-1644578928}}}}
22:48:43.604 [raft-server-1] TRACE i.a.p.raft.roles.LeaderAppender - RaftServer{1} - Sending AppendRequest{term=1, leader=1, prevLogIndex=93, prevLogTerm=1, entries=1, commitIndex=93} to 3
22:48:43.604 [raft-server-1] TRACE i.a.p.raft.roles.LeaderAppender - RaftServer{1} - Sending AppendRequest{term=1, leader=1, prevLogIndex=93, prevLogTerm=1, entries=1, commitIndex=93} to 2
22:48:43.604 [raft-server-2] TRACE i.a.p.raft.roles.FollowerRole - RaftServer{2}{role=FOLLOWER} - Received AppendRequest{term=1, leader=1, prevLogIndex=93, prevLogTerm=1, entries=1, commitIndex=93}
22:48:43.605 [raft-server-3] TRACE i.a.p.raft.roles.FollowerRole - RaftServer{3}{role=FOLLOWER} - Received AppendRequest{term=1, leader=1, prevLogIndex=93, prevLogTerm=1, entries=1, commitIndex=93}
22:48:43.605 [raft-server-3] TRACE i.a.p.raft.roles.FollowerRole - RaftServer{3}{role=FOLLOWER} - Appended Indexed{index=94, entry=CommandEntry{term=1, timestamp=2018-06-07 10:48:43,604, session=2, sequence=85, operation=PrimitiveOperation{id=DefaultOperationId{id=write, type=COMMAND}, value=byte[]{length=17, hash=-1644578928}}}}
22:48:43.605 [raft-server-2] TRACE i.a.p.raft.roles.FollowerRole - RaftServer{2}{role=FOLLOWER} - Appended Indexed{index=94, entry=CommandEntry{term=1, timestamp=2018-06-07 10:48:43,604, session=2, sequence=85, operation=PrimitiveOperation{id=DefaultOperationId{id=write, type=COMMAND}, value=byte[]{length=17, hash=-1644578928}}}}
22:48:43.639 [raft-server-3] TRACE i.a.p.raft.roles.FollowerRole - RaftServer{3}{role=FOLLOWER} - Committed entries up to index 93
22:48:43.639 [raft-server-2] TRACE i.a.p.raft.roles.FollowerRole - RaftServer{2}{role=FOLLOWER} - Committed entries up to index 93
22:48:43.639 [raft-server-3] TRACE i.a.p.raft.roles.FollowerRole - RaftServer{3}{role=FOLLOWER} - Sending AppendResponse{status=OK, term=1, succeeded=true, lastLogIndex=94}
22:48:43.639 [raft-server-2] TRACE i.a.p.raft.roles.FollowerRole - RaftServer{2}{role=FOLLOWER} - Sending AppendResponse{status=OK, term=1, succeeded=true, lastLogIndex=94}
22:48:43.640 [raft-server-1] TRACE i.a.p.raft.roles.LeaderAppender - RaftServer{1} - Received AppendResponse{status=OK, term=1, succeeded=true, lastLogIndex=94} from 3
22:48:43.640 [raft-server-3-state] TRACE i.a.p.raft.impl.RaftServiceManager - RaftServer{3} - Applying Indexed{index=93, entry=CommandEntry{term=1, timestamp=2018-06-07 10:48:43,537, session=2, sequence=84, operation=PrimitiveOperation{id=DefaultOperationId{id=write, type=COMMAND}, value=byte[]{length=17, hash=-1644578928}}}}
22:48:43.640 [raft-server-2-state] TRACE i.a.p.raft.impl.RaftServiceManager - RaftServer{2} - Applying Indexed{index=93, entry=CommandEntry{term=1, timestamp=2018-06-07 10:48:43,537, session=2, sequence=84, operation=PrimitiveOperation{id=DefaultOperationId{id=write, type=COMMAND}, value=byte[]{length=17, hash=-1644578928}}}}
22:48:43.640 [raft-server-3-state] TRACE i.a.p.s.impl.DefaultServiceExecutor - PrimitiveService{2}{type=io.atomix.protocols.raft.RaftTest$TestPrimitiveType@64a1ae5, name=raft-test} - Executing DefaultCommit{index=93, session=RaftSession{RaftServiceContext{server=3, type=io.atomix.protocols.raft.RaftTest$TestPrimitiveType@64a1ae5, name=raft-test, id=2}, session=2, timestamp=2018-06-07 10:48:43,537}, time=2018-06-07 10:48:43,537, operation=DefaultOperationId{id=write, type=COMMAND}, value=byte[]{length=17, hash=-1644578928}}
22:48:43.640 [raft-server-1] TRACE i.a.p.raft.roles.LeaderAppender - RaftServer{1} - Committed entries up to 94
22:48:43.640 [raft-server-2-state] TRACE i.a.p.s.impl.DefaultServiceExecutor - PrimitiveService{2}{type=io.atomix.protocols.raft.RaftTest$TestPrimitiveType@2d95571d, name=raft-test} - Executing DefaultCommit{index=93, session=RaftSession{RaftServiceContext{server=2, type=io.atomix.protocols.raft.RaftTest$TestPrimitiveType@2d95571d, name=raft-test, id=2}, session=2, timestamp=2018-06-07 10:48:43,537}, time=2018-06-07 10:48:43,537, operation=DefaultOperationId{id=write, type=COMMAND}, value=byte[]{length=17, hash=-1644578928}}
22:48:43.711 [raft-server-1] TRACE i.a.p.raft.roles.LeaderAppender - RaftServer{1} - Received AppendResponse{status=OK, term=1, succeeded=true, lastLogIndex=94} from 2
22:48:43.711 [raft-server-1-state] TRACE i.a.p.raft.impl.RaftServiceManager - RaftServer{1} - Applying Indexed{index=94, entry=CommandEntry{term=1, timestamp=2018-06-07 10:48:43,604, session=2, sequence=85, operation=PrimitiveOperation{id=DefaultOperationId{id=write, type=COMMAND}, value=byte[]{length=17, hash=-1644578928}}}}
22:48:43.711 [raft-server-1-state] TRACE i.a.p.s.impl.DefaultServiceExecutor - PrimitiveService{2}{type=io.atomix.protocols.raft.RaftTest$TestPrimitiveType@761d7cf3, name=raft-test} - Executing DefaultCommit{index=94, session=RaftSession{RaftServiceContext{server=1, type=io.atomix.protocols.raft.RaftTest$TestPrimitiveType@761d7cf3, name=raft-test, id=2}, session=2, timestamp=2018-06-07 10:48:43,604}, time=2018-06-07 10:48:43,604, operation=DefaultOperationId{id=write, type=COMMAND}, value=byte[]{length=17, hash=-1644578928}}
22:48:43.711 [raft-server-1-state] TRACE i.a.protocols.raft.roles.LeaderRole - RaftServer{1}{role=LEADER} - Sending CommandResponse{status=OK, index=94, eventIndex=2, result=byte[]{length=3, hash=36333}}
22:48:43.711 [raft-client-bd74d86e-809c-4ed1-87a8-2ec3ff75de78-2] TRACE i.a.p.r.p.impl.RaftProxyConnection - PartitionProxy{2}{type=io.atomix.protocols.raft.RaftTest$TestPrimitiveType@35bfa1bb, name=raft-test} - Received CommandResponse{status=OK, index=94, eventIndex=2, result=byte[]{length=3, hash=36333}} from 1
22:48:43.711 [raft-client-bd74d86e-809c-4ed1-87a8-2ec3ff75de78-2] TRACE i.a.p.r.p.impl.RaftProxySequencer - PartitionProxy{2}{type=io.atomix.protocols.raft.RaftTest$TestPrimitiveType@35bfa1bb, name=raft-test} - Completing response CommandResponse{status=OK, index=94, eventIndex=2, result=byte[]{length=3, hash=36333}}
22:48:43.712 [raft-client-bd74d86e-809c-4ed1-87a8-2ec3ff75de78-2] TRACE i.a.p.r.p.impl.RaftProxyConnection - PartitionProxy{2}{type=io.atomix.protocols.raft.RaftTest$TestPrimitiveType@35bfa1bb, name=raft-test} - Sending CommandRequest{session=2, sequence=86, operation=PrimitiveOperation{id=DefaultOperationId{id=write, type=COMMAND}, value=byte[]{length=17, hash=-1644578928}}} to 1
22:48:43.712 [raft-server-1] TRACE i.a.protocols.raft.roles.LeaderRole - RaftServer{1}{role=LEADER} - Received CommandRequest{session=2, sequence=86, operation=PrimitiveOperation{id=DefaultOperationId{id=write, type=COMMAND}, value=byte[]{length=17, hash=-1644578928}}}
22:48:43.712 [raft-server-1] TRACE i.a.protocols.raft.roles.LeaderRole - RaftServer{1}{role=LEADER} - Appended Indexed{index=95, entry=CommandEntry{term=1, timestamp=2018-06-07 10:48:43,712, session=2, sequence=86, operation=PrimitiveOperation{id=DefaultOperationId{id=write, type=COMMAND}, value=byte[]{length=17, hash=-1644578928}}}}
22:48:43.712 [raft-server-1] TRACE i.a.p.raft.roles.LeaderAppender - RaftServer{1} - Sending AppendRequest{term=1, leader=1, prevLogIndex=94, prevLogTerm=1, entries=1, commitIndex=94} to 3
22:48:43.712 [raft-server-3] TRACE i.a.p.raft.roles.FollowerRole - RaftServer{3}{role=FOLLOWER} - Received AppendRequest{term=1, leader=1, prevLogIndex=94, prevLogTerm=1, entries=1, commitIndex=94}
22:48:43.712 [raft-server-1] TRACE i.a.p.raft.roles.LeaderAppender - RaftServer{1} - Sending AppendRequest{term=1, leader=1, prevLogIndex=94, prevLogTerm=1, entries=1, commitIndex=94} to 2
22:48:43.712 [raft-server-2] TRACE i.a.p.raft.roles.FollowerRole - RaftServer{2}{role=FOLLOWER} - Received AppendRequest{term=1, leader=1, prevLogIndex=94, prevLogTerm=1, entries=1, commitIndex=94}
22:48:43.712 [raft-server-3] TRACE i.a.p.raft.roles.FollowerRole - RaftServer{3}{role=FOLLOWER} - Appended Indexed{index=95, entry=CommandEntry{term=1, timestamp=2018-06-07 10:48:43,712, session=2, sequence=86, operation=PrimitiveOperation{id=DefaultOperationId{id=write, type=COMMAND}, value=byte[]{length=17, hash=-1644578928}}}}
22:48:43.712 [raft-server-2] TRACE i.a.p.raft.roles.FollowerRole - RaftServer{2}{role=FOLLOWER} - Appended Indexed{index=95, entry=CommandEntry{term=1, timestamp=2018-06-07 10:48:43,712, session=2, sequence=86, operation=PrimitiveOperation{id=DefaultOperationId{id=write, type=COMMAND}, value=byte[]{length=17, hash=-1644578928}}}}
22:48:43.789 [raft-server-2] TRACE i.a.p.raft.roles.FollowerRole - RaftServer{2}{role=FOLLOWER} - Committed entries up to index 94
22:48:43.789 [raft-server-3] TRACE i.a.p.raft.roles.FollowerRole - RaftServer{3}{role=FOLLOWER} - Committed entries up to index 94
22:48:43.789 [raft-server-2] TRACE i.a.p.raft.roles.FollowerRole - RaftServer{2}{role=FOLLOWER} - Sending AppendResponse{status=OK, term=1, succeeded=true, lastLogIndex=95}
22:48:43.790 [raft-server-3] TRACE i.a.p.raft.roles.FollowerRole - RaftServer{3}{role=FOLLOWER} - Sending AppendResponse{status=OK, term=1, succeeded=true, lastLogIndex=95}
22:48:43.790 [raft-server-1] TRACE i.a.p.raft.roles.LeaderAppender - RaftServer{1} - Received AppendResponse{status=OK, term=1, succeeded=true, lastLogIndex=95} from 2
22:48:43.790 [raft-server-2-state] TRACE i.a.p.raft.impl.RaftServiceManager - RaftServer{2} - Applying Indexed{index=94, entry=CommandEntry{term=1, timestamp=2018-06-07 10:48:43,604, session=2, sequence=85, operation=PrimitiveOperation{id=DefaultOperationId{id=write, type=COMMAND}, value=byte[]{length=17, hash=-1644578928}}}}
22:48:43.790 [raft-server-3-state] TRACE i.a.p.raft.impl.RaftServiceManager - RaftServer{3} - Applying Indexed{index=94, entry=CommandEntry{term=1, timestamp=2018-06-07 10:48:43,604, session=2, sequence=85, operation=PrimitiveOperation{id=DefaultOperationId{id=write, type=COMMAND}, value=byte[]{length=17, hash=-1644578928}}}}
22:48:43.790 [raft-server-1] TRACE i.a.p.raft.roles.LeaderAppender - RaftServer{1} - Committed entries up to 95
22:48:43.790 [raft-server-2-state] TRACE i.a.p.s.impl.DefaultServiceExecutor - PrimitiveService{2}{type=io.atomix.protocols.raft.RaftTest$TestPrimitiveType@2d95571d, name=raft-test} - Executing DefaultCommit{index=94, session=RaftSession{RaftServiceContext{server=2, type=io.atomix.protocols.raft.RaftTest$TestPrimitiveType@2d95571d, name=raft-test, id=2}, session=2, timestamp=2018-06-07 10:48:43,604}, time=2018-06-07 10:48:43,604, operation=DefaultOperationId{id=write, type=COMMAND}, value=byte[]{length=17, hash=-1644578928}}
22:48:43.790 [raft-server-3-state] TRACE i.a.p.s.impl.DefaultServiceExecutor - PrimitiveService{2}{type=io.atomix.protocols.raft.RaftTest$TestPrimitiveType@64a1ae5, name=raft-test} - Executing DefaultCommit{index=94, session=RaftSession{RaftServiceContext{server=3, type=io.atomix.protocols.raft.RaftTest$TestPrimitiveType@64a1ae5, name=raft-test, id=2}, session=2, timestamp=2018-06-07 10:48:43,604}, time=2018-06-07 10:48:43,604, operation=DefaultOperationId{id=write, type=COMMAND}, value=byte[]{length=17, hash=-1644578928}}
22:48:43.857 [raft-server-1] TRACE i.a.p.raft.roles.LeaderAppender - RaftServer{1} - Sending AppendRequest{term=1, leader=1, prevLogIndex=95, prevLogTerm=1, entries=0, commitIndex=95} to 2
22:48:43.857 [raft-server-2] TRACE i.a.p.raft.roles.FollowerRole - RaftServer{2}{role=FOLLOWER} - Received AppendRequest{term=1, leader=1, prevLogIndex=95, prevLogTerm=1, entries=0, commitIndex=95}
22:48:43.857 [raft-server-1] TRACE i.a.p.raft.roles.LeaderAppender - RaftServer{1} - Received AppendResponse{status=OK, term=1, succeeded=true, lastLogIndex=95} from 3
22:48:43.857 [raft-server-1] TRACE i.a.p.raft.roles.LeaderAppender - RaftServer{1} - Sending AppendRequest{term=1, leader=1, prevLogIndex=95, prevLogTerm=1, entries=0, commitIndex=95} to 3
22:48:43.857 [raft-server-3] TRACE i.a.p.raft.roles.FollowerRole - RaftServer{3}{role=FOLLOWER} - Received AppendRequest{term=1, leader=1, prevLogIndex=95, prevLogTerm=1, entries=0, commitIndex=95}
22:48:43.857 [raft-server-1-state] TRACE i.a.p.raft.impl.RaftServiceManager - RaftServer{1} - Applying Indexed{index=95, entry=CommandEntry{term=1, timestamp=2018-06-07 10:48:43,712, session=2, sequence=86, operation=PrimitiveOperation{id=DefaultOperationId{id=write, type=COMMAND}, value=byte[]{length=17, hash=-1644578928}}}}
22:48:43.858 [raft-server-1-state] TRACE i.a.p.s.impl.DefaultServiceExecutor - PrimitiveService{2}{type=io.atomix.protocols.raft.RaftTest$TestPrimitiveType@761d7cf3, name=raft-test} - Executing DefaultCommit{index=95, session=RaftSession{RaftServiceContext{server=1, type=io.atomix.protocols.raft.RaftTest$TestPrimitiveType@761d7cf3, name=raft-test, id=2}, session=2, timestamp=2018-06-07 10:48:43,712}, time=2018-06-07 10:48:43,712, operation=DefaultOperationId{id=write, type=COMMAND}, value=byte[]{length=17, hash=-1644578928}}
22:48:43.858 [raft-server-1-state] TRACE i.a.protocols.raft.roles.LeaderRole - RaftServer{1}{role=LEADER} - Sending CommandResponse{status=OK, index=95, eventIndex=2, result=byte[]{length=3, hash=36395}}
22:48:43.858 [raft-client-bd74d86e-809c-4ed1-87a8-2ec3ff75de78-4] TRACE i.a.p.r.p.impl.RaftProxyConnection - PartitionProxy{2}{type=io.atomix.protocols.raft.RaftTest$TestPrimitiveType@35bfa1bb, name=raft-test} - Received CommandResponse{status=OK, index=95, eventIndex=2, result=byte[]{length=3, hash=36395}} from 1
22:48:43.858 [raft-client-bd74d86e-809c-4ed1-87a8-2ec3ff75de78-4] TRACE i.a.p.r.p.impl.RaftProxySequencer - PartitionProxy{2}{type=io.atomix.protocols.raft.RaftTest$TestPrimitiveType@35bfa1bb, name=raft-test} - Completing response CommandResponse{status=OK, index=95, eventIndex=2, result=byte[]{length=3, hash=36395}}
22:48:43.858 [raft-client-bd74d86e-809c-4ed1-87a8-2ec3ff75de78-4] TRACE i.a.p.r.p.impl.RaftProxyConnection - PartitionProxy{2}{type=io.atomix.protocols.raft.RaftTest$TestPrimitiveType@35bfa1bb, name=raft-test} - Sending CommandRequest{session=2, sequence=87, operation=PrimitiveOperation{id=DefaultOperationId{id=write, type=COMMAND}, value=byte[]{length=17, hash=-1644578928}}} to 1
22:48:43.858 [raft-server-1] TRACE i.a.protocols.raft.roles.LeaderRole - RaftServer{1}{role=LEADER} - Received CommandRequest{session=2, sequence=87, operation=PrimitiveOperation{id=DefaultOperationId{id=write, type=COMMAND}, value=byte[]{length=17, hash=-1644578928}}}
22:48:43.859 [raft-server-1] TRACE i.a.protocols.raft.roles.LeaderRole - RaftServer{1}{role=LEADER} - Appended Indexed{index=96, entry=CommandEntry{term=1, timestamp=2018-06-07 10:48:43,858, session=2, sequence=87, operation=PrimitiveOperation{id=DefaultOperationId{id=write, type=COMMAND}, value=byte[]{length=17, hash=-1644578928}}}}
22:48:43.915 [raft-server-2] TRACE i.a.p.raft.roles.FollowerRole - RaftServer{2}{role=FOLLOWER} - Committed entries up to index 95
22:48:43.915 [raft-server-2] TRACE i.a.p.raft.roles.FollowerRole - RaftServer{2}{role=FOLLOWER} - Sending AppendResponse{status=OK, term=1, succeeded=true, lastLogIndex=95}
22:48:43.915 [raft-server-1] TRACE i.a.p.raft.roles.LeaderAppender - RaftServer{1} - Received AppendResponse{status=OK, term=1, succeeded=true, lastLogIndex=95} from 2
22:48:43.915 [raft-server-2-state] TRACE i.a.p.raft.impl.RaftServiceManager - RaftServer{2} - Applying Indexed{index=95, entry=CommandEntry{term=1, timestamp=2018-06-07 10:48:43,712, session=2, sequence=86, operation=PrimitiveOperation{id=DefaultOperationId{id=write, type=COMMAND}, value=byte[]{length=17, hash=-1644578928}}}}
22:48:43.916 [raft-server-1] TRACE i.a.p.raft.roles.LeaderAppender - RaftServer{1} - Sending AppendRequest{term=1, leader=1, prevLogIndex=95, prevLogTerm=1, entries=1, commitIndex=95} to 2
22:48:43.916 [raft-server-2-state] TRACE i.a.p.s.impl.DefaultServiceExecutor - PrimitiveService{2}{type=io.atomix.protocols.raft.RaftTest$TestPrimitiveType@2d95571d, name=raft-test} - Executing DefaultCommit{index=95, session=RaftSession{RaftServiceContext{server=2, type=io.atomix.protocols.raft.RaftTest$TestPrimitiveType@2d95571d, name=raft-test, id=2}, session=2, timestamp=2018-06-07 10:48:43,712}, time=2018-06-07 10:48:43,712, operation=DefaultOperationId{id=write, type=COMMAND}, value=byte[]{length=17, hash=-1644578928}}
22:48:43.916 [raft-server-2] TRACE i.a.p.raft.roles.FollowerRole - RaftServer{2}{role=FOLLOWER} - Received AppendRequest{term=1, leader=1, prevLogIndex=95, prevLogTerm=1, entries=1, commitIndex=95}
22:48:43.916 [raft-server-2] TRACE i.a.p.raft.roles.FollowerRole - RaftServer{2}{role=FOLLOWER} - Appended Indexed{index=96, entry=CommandEntry{term=1, timestamp=2018-06-07 10:48:43,858, session=2, sequence=87, operation=PrimitiveOperation{id=DefaultOperationId{id=write, type=COMMAND}, value=byte[]{length=17, hash=-1644578928}}}}
22:48:43.916 [raft-server-2] TRACE i.a.p.raft.roles.FollowerRole - RaftServer{2}{role=FOLLOWER} - Sending AppendResponse{status=OK, term=1, succeeded=true, lastLogIndex=96}
22:48:43.916 [raft-server-1] TRACE i.a.p.raft.roles.LeaderAppender - RaftServer{1} - Received AppendResponse{status=OK, term=1, succeeded=true, lastLogIndex=96} from 2
22:48:43.916 [raft-server-1] TRACE i.a.p.raft.roles.LeaderAppender - RaftServer{1} - Committed entries up to 96
22:48:44.039 [raft-server-3] TRACE i.a.p.raft.roles.FollowerRole - RaftServer{3}{role=FOLLOWER} - Committed entries up to index 95
22:48:44.039 [raft-server-3] TRACE i.a.p.raft.roles.FollowerRole - RaftServer{3}{role=FOLLOWER} - Sending AppendResponse{status=OK, term=1, succeeded=true, lastLogIndex=95}
22:48:44.040 [raft-server-3-state] TRACE i.a.p.raft.impl.RaftServiceManager - RaftServer{3} - Applying Indexed{index=95, entry=CommandEntry{term=1, timestamp=2018-06-07 10:48:43,712, session=2, sequence=86, operation=PrimitiveOperation{id=DefaultOperationId{id=write, type=COMMAND}, value=byte[]{length=17, hash=-1644578928}}}}
22:48:44.040 [raft-server-3-state] TRACE i.a.p.s.impl.DefaultServiceExecutor - PrimitiveService{2}{type=io.atomix.protocols.raft.RaftTest$TestPrimitiveType@64a1ae5, name=raft-test} - Executing DefaultCommit{index=95, session=RaftSession{RaftServiceContext{server=3, type=io.atomix.protocols.raft.RaftTest$TestPrimitiveType@64a1ae5, name=raft-test, id=2}, session=2, timestamp=2018-06-07 10:48:43,712}, time=2018-06-07 10:48:43,712, operation=DefaultOperationId{id=write, type=COMMAND}, value=byte[]{length=17, hash=-1644578928}}
22:48:44.131 [raft-server-1] TRACE i.a.p.raft.roles.LeaderAppender - RaftServer{1} - Sending AppendRequest{term=1, leader=1, prevLogIndex=95, prevLogTerm=1, entries=1, commitIndex=96} to 3
22:48:44.131 [raft-server-3] TRACE i.a.p.raft.roles.FollowerRole - RaftServer{3}{role=FOLLOWER} - Received AppendRequest{term=1, leader=1, prevLogIndex=95, prevLogTerm=1, entries=1, commitIndex=96}
22:48:44.131 [raft-server-1] TRACE i.a.p.raft.roles.LeaderAppender - RaftServer{1} - Sending AppendRequest{term=1, leader=1, prevLogIndex=96, prevLogTerm=1, entries=0, commitIndex=96} to 2
22:48:44.131 [raft-server-1] TRACE i.a.p.raft.roles.LeaderAppender - RaftServer{1} - Received AppendResponse{status=OK, term=1, succeeded=true, lastLogIndex=95} from 3
22:48:44.131 [raft-server-2] TRACE i.a.p.raft.roles.FollowerRole - RaftServer{2}{role=FOLLOWER} - Received AppendRequest{term=1, leader=1, prevLogIndex=96, prevLogTerm=1, entries=0, commitIndex=96}
22:48:44.131 [raft-server-3] TRACE i.a.p.raft.roles.FollowerRole - RaftServer{3}{role=FOLLOWER} - Appended Indexed{index=96, entry=CommandEntry{term=1, timestamp=2018-06-07 10:48:43,858, session=2, sequence=87, operation=PrimitiveOperation{id=DefaultOperationId{id=write, type=COMMAND}, value=byte[]{length=17, hash=-1644578928}}}}
22:48:44.132 [raft-server-1-state] TRACE i.a.p.raft.impl.RaftServiceManager - RaftServer{1} - Applying Indexed{index=96, entry=CommandEntry{term=1, timestamp=2018-06-07 10:48:43,858, session=2, sequence=87, operation=PrimitiveOperation{id=DefaultOperationId{id=write, type=COMMAND}, value=byte[]{length=17, hash=-1644578928}}}}
22:48:44.132 [raft-server-1-state] TRACE i.a.p.s.impl.DefaultServiceExecutor - PrimitiveService{2}{type=io.atomix.protocols.raft.RaftTest$TestPrimitiveType@761d7cf3, name=raft-test} - Executing DefaultCommit{index=96, session=RaftSession{RaftServiceContext{server=1, type=io.atomix.protocols.raft.RaftTest$TestPrimitiveType@761d7cf3, name=raft-test, id=2}, session=2, timestamp=2018-06-07 10:48:43,858}, time=2018-06-07 10:48:43,858, operation=DefaultOperationId{id=write, type=COMMAND}, value=byte[]{length=17, hash=-1644578928}}
22:48:44.132 [raft-server-1-state] TRACE i.a.protocols.raft.roles.LeaderRole - RaftServer{1}{role=LEADER} - Sending CommandResponse{status=OK, index=96, eventIndex=2, result=byte[]{length=3, hash=36457}}
22:48:44.132 [raft-client-bd74d86e-809c-4ed1-87a8-2ec3ff75de78-7] TRACE i.a.p.r.p.impl.RaftProxyConnection - PartitionProxy{2}{type=io.atomix.protocols.raft.RaftTest$TestPrimitiveType@35bfa1bb, name=raft-test} - Received CommandResponse{status=OK, index=96, eventIndex=2, result=byte[]{length=3, hash=36457}} from 1
22:48:44.132 [raft-client-bd74d86e-809c-4ed1-87a8-2ec3ff75de78-7] TRACE i.a.p.r.p.impl.RaftProxySequencer - PartitionProxy{2}{type=io.atomix.protocols.raft.RaftTest$TestPrimitiveType@35bfa1bb, name=raft-test} - Completing response CommandResponse{status=OK, index=96, eventIndex=2, result=byte[]{length=3, hash=36457}}
22:48:44.132 [raft-client-bd74d86e-809c-4ed1-87a8-2ec3ff75de78-5] TRACE i.a.p.r.p.impl.RaftProxyConnection - PartitionProxy{2}{type=io.atomix.protocols.raft.RaftTest$TestPrimitiveType@35bfa1bb, name=raft-test} - Sending CommandRequest{session=2, sequence=88, operation=PrimitiveOperation{id=DefaultOperationId{id=write, type=COMMAND}, value=byte[]{length=17, hash=-1644578928}}} to 1
22:48:44.132 [raft-server-1] TRACE i.a.protocols.raft.roles.LeaderRole - RaftServer{1}{role=LEADER} - Received CommandRequest{session=2, sequence=88, operation=PrimitiveOperation{id=DefaultOperationId{id=write, type=COMMAND}, value=byte[]{length=17, hash=-1644578928}}}
22:48:44.132 [raft-server-1] TRACE i.a.protocols.raft.roles.LeaderRole - RaftServer{1}{role=LEADER} - Appended Indexed{index=97, entry=CommandEntry{term=1, timestamp=2018-06-07 10:48:44,132, session=2, sequence=88, operation=PrimitiveOperation{id=DefaultOperationId{id=write, type=COMMAND}, value=byte[]{length=17, hash=-1644578928}}}}
22:48:44.245 [raft-server-3] TRACE i.a.p.raft.roles.FollowerRole - RaftServer{3}{role=FOLLOWER} - Committed entries up to index 96
22:48:44.245 [raft-server-2] TRACE i.a.p.raft.roles.FollowerRole - RaftServer{2}{role=FOLLOWER} - Committed entries up to index 96
22:48:44.245 [raft-server-3] TRACE i.a.p.raft.roles.FollowerRole - RaftServer{3}{role=FOLLOWER} - Sending AppendResponse{status=OK, term=1, succeeded=true, lastLogIndex=96}
22:48:44.245 [raft-server-2] TRACE i.a.p.raft.roles.FollowerRole - RaftServer{2}{role=FOLLOWER} - Sending AppendResponse{status=OK, term=1, succeeded=true, lastLogIndex=96}
22:48:44.245 [raft-server-1] TRACE i.a.p.raft.roles.LeaderAppender - RaftServer{1} - Received AppendResponse{status=OK, term=1, succeeded=true, lastLogIndex=96} from 3
22:48:44.245 [raft-server-3-state] TRACE i.a.p.raft.impl.RaftServiceManager - RaftServer{3} - Applying Indexed{index=96, entry=CommandEntry{term=1, timestamp=2018-06-07 10:48:43,858, session=2, sequence=87, operation=PrimitiveOperation{id=DefaultOperationId{id=write, type=COMMAND}, value=byte[]{length=17, hash=-1644578928}}}}
22:48:44.246 [raft-server-1] TRACE i.a.p.raft.roles.LeaderAppender - RaftServer{1} - Sending AppendRequest{term=1, leader=1, prevLogIndex=96, prevLogTerm=1, entries=1, commitIndex=96} to 3
22:48:44.246 [raft-server-3] TRACE i.a.p.raft.roles.FollowerRole - RaftServer{3}{role=FOLLOWER} - Received AppendRequest{term=1, leader=1, prevLogIndex=96, prevLogTerm=1, entries=1, commitIndex=96}
22:48:44.246 [raft-server-3-state] TRACE i.a.p.s.impl.DefaultServiceExecutor - PrimitiveService{2}{type=io.atomix.protocols.raft.RaftTest$TestPrimitiveType@64a1ae5, name=raft-test} - Executing DefaultCommit{index=96, session=RaftSession{RaftServiceContext{server=3, type=io.atomix.protocols.raft.RaftTest$TestPrimitiveType@64a1ae5, name=raft-test, id=2}, session=2, timestamp=2018-06-07 10:48:43,858}, time=2018-06-07 10:48:43,858, operation=DefaultOperationId{id=write, type=COMMAND}, value=byte[]{length=17, hash=-1644578928}}
22:48:44.246 [raft-server-1] TRACE i.a.p.raft.roles.LeaderAppender - RaftServer{1} - Sending AppendRequest{term=1, leader=1, prevLogIndex=96, prevLogTerm=1, entries=1, commitIndex=96} to 2
22:48:44.246 [raft-server-2-state] TRACE i.a.p.raft.impl.RaftServiceManager - RaftServer{2} - Applying Indexed{index=96, entry=CommandEntry{term=1, timestamp=2018-06-07 10:48:43,858, session=2, sequence=87, operation=PrimitiveOperation{id=DefaultOperationId{id=write, type=COMMAND}, value=byte[]{length=17, hash=-1644578928}}}}
22:48:44.246 [raft-server-2] TRACE i.a.p.raft.roles.FollowerRole - RaftServer{2}{role=FOLLOWER} - Received AppendRequest{term=1, leader=1, prevLogIndex=96, prevLogTerm=1, entries=1, commitIndex=96}
22:48:44.246 [raft-server-3] TRACE i.a.p.raft.roles.FollowerRole - RaftServer{3}{role=FOLLOWER} - Appended Indexed{index=97, entry=CommandEntry{term=1, timestamp=2018-06-07 10:48:44,132, session=2, sequence=88, operation=PrimitiveOperation{id=DefaultOperationId{id=write, type=COMMAND}, value=byte[]{length=17, hash=-1644578928}}}}
22:48:44.246 [raft-server-1] TRACE i.a.p.raft.roles.LeaderAppender - RaftServer{1} - Received AppendResponse{status=OK, term=1, succeeded=true, lastLogIndex=96} from 2
22:48:44.246 [raft-server-2-state] TRACE i.a.p.s.impl.DefaultServiceExecutor - PrimitiveService{2}{type=io.atomix.protocols.raft.RaftTest$TestPrimitiveType@2d95571d, name=raft-test} - Executing DefaultCommit{index=96, session=RaftSession{RaftServiceContext{server=2, type=io.atomix.protocols.raft.RaftTest$TestPrimitiveType@2d95571d, name=raft-test, id=2}, session=2, timestamp=2018-06-07 10:48:43,858}, time=2018-06-07 10:48:43,858, operation=DefaultOperationId{id=write, type=COMMAND}, value=byte[]{length=17, hash=-1644578928}}
22:48:44.246 [raft-server-3] TRACE i.a.p.raft.roles.FollowerRole - RaftServer{3}{role=FOLLOWER} - Sending AppendResponse{status=OK, term=1, succeeded=true, lastLogIndex=97}
22:48:44.246 [raft-server-2] TRACE i.a.p.raft.roles.FollowerRole - RaftServer{2}{role=FOLLOWER} - Appended Indexed{index=97, entry=CommandEntry{term=1, timestamp=2018-06-07 10:48:44,132, session=2, sequence=88, operation=PrimitiveOperation{id=DefaultOperationId{id=write, type=COMMAND}, value=byte[]{length=17, hash=-1644578928}}}}
22:48:44.246 [raft-server-1] TRACE i.a.p.raft.roles.LeaderAppender - RaftServer{1} - Received AppendResponse{status=OK, term=1, succeeded=true, lastLogIndex=97} from 3
22:48:44.246 [raft-server-2] TRACE i.a.p.raft.roles.FollowerRole - RaftServer{2}{role=FOLLOWER} - Sending AppendResponse{status=OK, term=1, succeeded=true, lastLogIndex=97}
22:48:44.246 [raft-server-1] TRACE i.a.p.raft.roles.LeaderAppender - RaftServer{1} - Committed entries up to 97
22:48:44.319 [raft-server-1] TRACE i.a.p.raft.roles.LeaderAppender - RaftServer{1} - Received AppendResponse{status=OK, term=1, succeeded=true, lastLogIndex=97} from 2
22:48:44.319 [raft-server-1] TRACE i.a.p.raft.roles.LeaderAppender - RaftServer{1} - Sending AppendRequest{term=1, leader=1, prevLogIndex=97, prevLogTerm=1, entries=0, commitIndex=97} to 3
22:48:44.319 [raft-server-1] TRACE i.a.p.raft.roles.LeaderAppender - RaftServer{1} - Sending AppendRequest{term=1, leader=1, prevLogIndex=97, prevLogTerm=1, entries=0, commitIndex=97} to 2
22:48:44.319 [raft-server-3] TRACE i.a.p.raft.roles.FollowerRole - RaftServer{3}{role=FOLLOWER} - Received AppendRequest{term=1, leader=1, prevLogIndex=97, prevLogTerm=1, entries=0, commitIndex=97}
22:48:44.319 [raft-server-2] TRACE i.a.p.raft.roles.FollowerRole - RaftServer{2}{role=FOLLOWER} - Received AppendRequest{term=1, leader=1, prevLogIndex=97, prevLogTerm=1, entries=0, commitIndex=97}
22:48:44.319 [raft-server-1-state] TRACE i.a.p.raft.impl.RaftServiceManager - RaftServer{1} - Applying Indexed{index=97, entry=CommandEntry{term=1, timestamp=2018-06-07 10:48:44,132, session=2, sequence=88, operation=PrimitiveOperation{id=DefaultOperationId{id=write, type=COMMAND}, value=byte[]{length=17, hash=-1644578928}}}}
22:48:44.320 [raft-server-1-state] TRACE i.a.p.s.impl.DefaultServiceExecutor - PrimitiveService{2}{type=io.atomix.protocols.raft.RaftTest$TestPrimitiveType@761d7cf3, name=raft-test} - Executing DefaultCommit{index=97, session=RaftSession{RaftServiceContext{server=1, type=io.atomix.protocols.raft.RaftTest$TestPrimitiveType@761d7cf3, name=raft-test, id=2}, session=2, timestamp=2018-06-07 10:48:44,132}, time=2018-06-07 10:48:44,132, operation=DefaultOperationId{id=write, type=COMMAND}, value=byte[]{length=17, hash=-1644578928}}
22:48:44.320 [raft-server-1-state] TRACE i.a.protocols.raft.roles.LeaderRole - RaftServer{1}{role=LEADER} - Sending CommandResponse{status=OK, index=97, eventIndex=2, result=byte[]{length=3, hash=36519}}
22:48:44.320 [raft-client-bd74d86e-809c-4ed1-87a8-2ec3ff75de78-0] TRACE i.a.p.r.p.impl.RaftProxyConnection - PartitionProxy{2}{type=io.atomix.protocols.raft.RaftTest$TestPrimitiveType@35bfa1bb, name=raft-test} - Received CommandResponse{status=OK, index=97, eventIndex=2, result=byte[]{length=3, hash=36519}} from 1
22:48:44.320 [raft-client-bd74d86e-809c-4ed1-87a8-2ec3ff75de78-0] TRACE i.a.p.r.p.impl.RaftProxySequencer - PartitionProxy{2}{type=io.atomix.protocols.raft.RaftTest$TestPrimitiveType@35bfa1bb, name=raft-test} - Completing response CommandResponse{status=OK, index=97, eventIndex=2, result=byte[]{length=3, hash=36519}}
22:48:44.320 [raft-client-bd74d86e-809c-4ed1-87a8-2ec3ff75de78-0] TRACE i.a.p.r.p.impl.RaftProxyConnection - PartitionProxy{2}{type=io.atomix.protocols.raft.RaftTest$TestPrimitiveType@35bfa1bb, name=raft-test} - Sending CommandRequest{session=2, sequence=89, operation=PrimitiveOperation{id=DefaultOperationId{id=write, type=COMMAND}, value=byte[]{length=17, hash=-1644578928}}} to 1
22:48:44.320 [raft-server-1] TRACE i.a.protocols.raft.roles.LeaderRole - RaftServer{1}{role=LEADER} - Received CommandRequest{session=2, sequence=89, operation=PrimitiveOperation{id=DefaultOperationId{id=write, type=COMMAND}, value=byte[]{length=17, hash=-1644578928}}}
22:48:44.320 [raft-server-1] TRACE i.a.protocols.raft.roles.LeaderRole - RaftServer{1}{role=LEADER} - Appended Indexed{index=98, entry=CommandEntry{term=1, timestamp=2018-06-07 10:48:44,320, session=2, sequence=89, operation=PrimitiveOperation{id=DefaultOperationId{id=write, type=COMMAND}, value=byte[]{length=17, hash=-1644578928}}}}
22:48:44.439 [raft-server-3] TRACE i.a.p.raft.roles.FollowerRole - RaftServer{3}{role=FOLLOWER} - Committed entries up to index 97
22:48:44.439 [raft-server-2] TRACE i.a.p.raft.roles.FollowerRole - RaftServer{2}{role=FOLLOWER} - Committed entries up to index 97
22:48:44.439 [raft-server-3] TRACE i.a.p.raft.roles.FollowerRole - RaftServer{3}{role=FOLLOWER} - Sending AppendResponse{status=OK, term=1, succeeded=true, lastLogIndex=97}
22:48:44.440 [raft-server-2] TRACE i.a.p.raft.roles.FollowerRole - RaftServer{2}{role=FOLLOWER} - Sending AppendResponse{status=OK, term=1, succeeded=true, lastLogIndex=97}
22:48:44.440 [raft-server-1] TRACE i.a.p.raft.roles.LeaderAppender - RaftServer{1} - Received AppendResponse{status=OK, term=1, succeeded=true, lastLogIndex=97} from 3
22:48:44.440 [raft-server-1] TRACE i.a.p.raft.roles.LeaderAppender - RaftServer{1} - Sending AppendRequest{term=1, leader=1, prevLogIndex=97, prevLogTerm=1, entries=1, commitIndex=97} to 3
22:48:44.440 [raft-server-2-state] TRACE i.a.p.raft.impl.RaftServiceManager - RaftServer{2} - Applying Indexed{index=97, entry=CommandEntry{term=1, timestamp=2018-06-07 10:48:44,132, session=2, sequence=88, operation=PrimitiveOperation{id=DefaultOperationId{id=write, type=COMMAND}, value=byte[]{length=17, hash=-1644578928}}}}
22:48:44.440 [raft-server-3-state] TRACE i.a.p.raft.impl.RaftServiceManager - RaftServer{3} - Applying Indexed{index=97, entry=CommandEntry{term=1, timestamp=2018-06-07 10:48:44,132, session=2, sequence=88, operation=PrimitiveOperation{id=DefaultOperationId{id=write, type=COMMAND}, value=byte[]{length=17, hash=-1644578928}}}}
22:48:44.440 [raft-server-3] TRACE i.a.p.raft.roles.FollowerRole - RaftServer{3}{role=FOLLOWER} - Received AppendRequest{term=1, leader=1, prevLogIndex=97, prevLogTerm=1, entries=1, commitIndex=97}
22:48:44.440 [raft-server-1] TRACE i.a.p.raft.roles.LeaderAppender - RaftServer{1} - Sending AppendRequest{term=1, leader=1, prevLogIndex=97, prevLogTerm=1, entries=1, commitIndex=97} to 2
22:48:44.440 [raft-server-2-state] TRACE i.a.p.s.impl.DefaultServiceExecutor - PrimitiveService{2}{type=io.atomix.protocols.raft.RaftTest$TestPrimitiveType@2d95571d, name=raft-test} - Executing DefaultCommit{index=97, session=RaftSession{RaftServiceContext{server=2, type=io.atomix.protocols.raft.RaftTest$TestPrimitiveType@2d95571d, name=raft-test, id=2}, session=2, timestamp=2018-06-07 10:48:44,132}, time=2018-06-07 10:48:44,132, operation=DefaultOperationId{id=write, type=COMMAND}, value=byte[]{length=17, hash=-1644578928}}
22:48:44.440 [raft-server-3-state] TRACE i.a.p.s.impl.DefaultServiceExecutor - PrimitiveService{2}{type=io.atomix.protocols.raft.RaftTest$TestPrimitiveType@64a1ae5, name=raft-test} - Executing DefaultCommit{index=97, session=RaftSession{RaftServiceContext{server=3, type=io.atomix.protocols.raft.RaftTest$TestPrimitiveType@64a1ae5, name=raft-test, id=2}, session=2, timestamp=2018-06-07 10:48:44,132}, time=2018-06-07 10:48:44,132, operation=DefaultOperationId{id=write, type=COMMAND}, value=byte[]{length=17, hash=-1644578928}}
22:48:44.440 [raft-server-2] TRACE i.a.p.raft.roles.FollowerRole - RaftServer{2}{role=FOLLOWER} - Received AppendRequest{term=1, leader=1, prevLogIndex=97, prevLogTerm=1, entries=1, commitIndex=97}
22:48:44.440 [raft-server-1] TRACE i.a.p.raft.roles.LeaderAppender - RaftServer{1} - Received AppendResponse{status=OK, term=1, succeeded=true, lastLogIndex=97} from 2
22:48:44.440 [raft-server-3] TRACE i.a.p.raft.roles.FollowerRole - RaftServer{3}{role=FOLLOWER} - Appended Indexed{index=98, entry=CommandEntry{term=1, timestamp=2018-06-07 10:48:44,320, session=2, sequence=89, operation=PrimitiveOperation{id=DefaultOperationId{id=write, type=COMMAND}, value=byte[]{length=17, hash=-1644578928}}}}
22:48:44.440 [raft-server-3] TRACE i.a.p.raft.roles.FollowerRole - RaftServer{3}{role=FOLLOWER} - Sending AppendResponse{status=OK, term=1, succeeded=true, lastLogIndex=98}
22:48:44.440 [raft-server-2] TRACE i.a.p.raft.roles.FollowerRole - RaftServer{2}{role=FOLLOWER} - Appended Indexed{index=98, entry=CommandEntry{term=1, timestamp=2018-06-07 10:48:44,320, session=2, sequence=89, operation=PrimitiveOperation{id=DefaultOperationId{id=write, type=COMMAND}, value=byte[]{length=17, hash=-1644578928}}}}
22:48:44.441 [raft-server-1] TRACE i.a.p.raft.roles.LeaderAppender - RaftServer{1} - Received AppendResponse{status=OK, term=1, succeeded=true, lastLogIndex=98} from 3
22:48:44.441 [raft-server-2] TRACE i.a.p.raft.roles.FollowerRole - RaftServer{2}{role=FOLLOWER} - Sending AppendResponse{status=OK, term=1, succeeded=true, lastLogIndex=98}
22:48:44.441 [raft-server-1] TRACE i.a.p.raft.roles.LeaderAppender - RaftServer{1} - Committed entries up to 98
22:48:44.565 [raft-server-1] TRACE i.a.p.raft.roles.LeaderAppender - RaftServer{1} - Received AppendResponse{status=OK, term=1, succeeded=true, lastLogIndex=98} from 2
22:48:44.566 [raft-server-1] TRACE i.a.p.raft.roles.LeaderAppender - RaftServer{1} - Sending AppendRequest{term=1, leader=1, prevLogIndex=98, prevLogTerm=1, entries=0, commitIndex=98} to 3
22:48:44.566 [raft-server-1] TRACE i.a.p.raft.roles.LeaderAppender - RaftServer{1} - Sending AppendRequest{term=1, leader=1, prevLogIndex=98, prevLogTerm=1, entries=0, commitIndex=98} to 2
22:48:44.566 [raft-server-3] TRACE i.a.p.raft.roles.FollowerRole - RaftServer{3}{role=FOLLOWER} - Received AppendRequest{term=1, leader=1, prevLogIndex=98, prevLogTerm=1, entries=0, commitIndex=98}
22:48:44.566 [raft-server-1-state] TRACE i.a.p.raft.impl.RaftServiceManager - RaftServer{1} - Applying Indexed{index=98, entry=CommandEntry{term=1, timestamp=2018-06-07 10:48:44,320, session=2, sequence=89, operation=PrimitiveOperation{id=DefaultOperationId{id=write, type=COMMAND}, value=byte[]{length=17, hash=-1644578928}}}}
22:48:44.566 [raft-server-1-state] TRACE i.a.p.s.impl.DefaultServiceExecutor - PrimitiveService{2}{type=io.atomix.protocols.raft.RaftTest$TestPrimitiveType@761d7cf3, name=raft-test} - Executing DefaultCommit{index=98, session=RaftSession{RaftServiceContext{server=1, type=io.atomix.protocols.raft.RaftTest$TestPrimitiveType@761d7cf3, name=raft-test, id=2}, session=2, timestamp=2018-06-07 10:48:44,320}, time=2018-06-07 10:48:44,320, operation=DefaultOperationId{id=write, type=COMMAND}, value=byte[]{length=17, hash=-1644578928}}
22:48:44.566 [raft-server-1-state] TRACE i.a.protocols.raft.roles.LeaderRole - RaftServer{1}{role=LEADER} - Sending CommandResponse{status=OK, index=98, eventIndex=2, result=byte[]{length=3, hash=36581}}
22:48:44.566 [raft-server-2] TRACE i.a.p.raft.roles.FollowerRole - RaftServer{2}{role=FOLLOWER} - Received AppendRequest{term=1, leader=1, prevLogIndex=98, prevLogTerm=1, entries=0, commitIndex=98}
22:48:44.566 [raft-client-bd74d86e-809c-4ed1-87a8-2ec3ff75de78-6] TRACE i.a.p.r.p.impl.RaftProxyConnection - PartitionProxy{2}{type=io.atomix.protocols.raft.RaftTest$TestPrimitiveType@35bfa1bb, name=raft-test} - Received CommandResponse{status=OK, index=98, eventIndex=2, result=byte[]{length=3, hash=36581}} from 1
22:48:44.566 [raft-client-bd74d86e-809c-4ed1-87a8-2ec3ff75de78-6] TRACE i.a.p.r.p.impl.RaftProxySequencer - PartitionProxy{2}{type=io.atomix.protocols.raft.RaftTest$TestPrimitiveType@35bfa1bb, name=raft-test} - Completing response CommandResponse{status=OK, index=98, eventIndex=2, result=byte[]{length=3, hash=36581}}
22:48:44.567 [raft-client-bd74d86e-809c-4ed1-87a8-2ec3ff75de78-3] TRACE i.a.p.r.p.impl.RaftProxyConnection - PartitionProxy{2}{type=io.atomix.protocols.raft.RaftTest$TestPrimitiveType@35bfa1bb, name=raft-test} - Sending CommandRequest{session=2, sequence=90, operation=PrimitiveOperation{id=DefaultOperationId{id=write, type=COMMAND}, value=byte[]{length=17, hash=-1644578928}}} to 1
22:48:44.567 [raft-server-1] TRACE i.a.protocols.raft.roles.LeaderRole - RaftServer{1}{role=LEADER} - Received CommandRequest{session=2, sequence=90, operation=PrimitiveOperation{id=DefaultOperationId{id=write, type=COMMAND}, value=byte[]{length=17, hash=-1644578928}}}
22:48:44.567 [raft-server-1] TRACE i.a.protocols.raft.roles.LeaderRole - RaftServer{1}{role=LEADER} - Appended Indexed{index=99, entry=CommandEntry{term=1, timestamp=2018-06-07 10:48:44,567, session=2, sequence=90, operation=PrimitiveOperation{id=DefaultOperationId{id=write, type=COMMAND}, value=byte[]{length=17, hash=-1644578928}}}}
22:48:44.662 [raft-client-bd74d86e-809c-4ed1-87a8-2ec3ff75de78-5] TRACE i.a.p.r.proxy.impl.RaftProxyManager - RaftClient{bd74d86e-809c-4ed1-87a8-2ec3ff75de78} - Keeping 1 sessions alive
22:48:44.663 [raft-client-bd74d86e-809c-4ed1-87a8-2ec3ff75de78-5] TRACE i.a.p.r.p.impl.RaftProxyConnection - RaftClient{bd74d86e-809c-4ed1-87a8-2ec3ff75de78} - Sending KeepAliveRequest{sessionIds=long[]{length=1, hash=33}, commandSequences=long[]{length=1, hash=120}, eventIndexes=long[]{length=1, hash=33}} to 2
22:48:44.672 [raft-server-1] INFO  i.a.protocols.raft.impl.RaftContext - RaftServer{1} - Transitioning to INACTIVE
22:48:44.672 [raft-server-1] TRACE i.a.protocols.raft.roles.LeaderRole - RaftServer{1}{role=LEADER} - Sending CommandResponse{status=ERROR, error=RaftError{type=COMMAND_FAILURE, message=null}, lastSequence=0}
22:48:44.673 [raft-server-1] TRACE i.a.protocols.raft.roles.LeaderRole - RaftServer{1}{role=LEADER} - Cancelling append timer
22:48:44.673 [raft-server-1] TRACE i.a.p.raft.storage.system.MetaStore - Store vote null
22:48:44.715 [raft-server-3] TRACE i.a.p.raft.roles.FollowerRole - RaftServer{3}{role=FOLLOWER} - Committed entries up to index 98
22:48:44.715 [raft-server-2] TRACE i.a.p.raft.roles.FollowerRole - RaftServer{2}{role=FOLLOWER} - Committed entries up to index 98
22:48:44.715 [raft-server-3] TRACE i.a.p.raft.roles.FollowerRole - RaftServer{3}{role=FOLLOWER} - Sending AppendResponse{status=OK, term=1, succeeded=true, lastLogIndex=98}
22:48:44.715 [raft-server-2] TRACE i.a.p.raft.roles.FollowerRole - RaftServer{2}{role=FOLLOWER} - Sending AppendResponse{status=OK, term=1, succeeded=true, lastLogIndex=98}
22:48:44.715 [raft-server-2] TRACE i.a.p.raft.roles.FollowerRole - RaftServer{2}{role=FOLLOWER} - Received KeepAliveRequest{sessionIds=long[]{length=1, hash=33}, commandSequences=long[]{length=1, hash=120}, eventIndexes=long[]{length=1, hash=33}}
22:48:44.740 [raft-server-3-state] TRACE i.a.p.raft.impl.RaftServiceManager - RaftServer{3} - Applying Indexed{index=98, entry=CommandEntry{term=1, timestamp=2018-06-07 10:48:44,320, session=2, sequence=89, operation=PrimitiveOperation{id=DefaultOperationId{id=write, type=COMMAND}, value=byte[]{length=17, hash=-1644578928}}}}
22:48:44.740 [raft-server-3-state] TRACE i.a.p.s.impl.DefaultServiceExecutor - PrimitiveService{2}{type=io.atomix.protocols.raft.RaftTest$TestPrimitiveType@64a1ae5, name=raft-test} - Executing DefaultCommit{index=98, session=RaftSession{RaftServiceContext{server=3, type=io.atomix.protocols.raft.RaftTest$TestPrimitiveType@64a1ae5, name=raft-test, id=2}, session=2, timestamp=2018-06-07 10:48:44,320}, time=2018-06-07 10:48:44,320, operation=DefaultOperationId{id=write, type=COMMAND}, value=byte[]{length=17, hash=-1644578928}}
22:48:44.741 [raft-server-2-state] TRACE i.a.p.raft.impl.RaftServiceManager - RaftServer{2} - Applying Indexed{index=98, entry=CommandEntry{term=1, timestamp=2018-06-07 10:48:44,320, session=2, sequence=89, operation=PrimitiveOperation{id=DefaultOperationId{id=write, type=COMMAND}, value=byte[]{length=17, hash=-1644578928}}}}
22:48:44.741 [raft-server-2-state] TRACE i.a.p.s.impl.DefaultServiceExecutor - PrimitiveService{2}{type=io.atomix.protocols.raft.RaftTest$TestPrimitiveType@2d95571d, name=raft-test} - Executing DefaultCommit{index=98, session=RaftSession{RaftServiceContext{server=2, type=io.atomix.protocols.raft.RaftTest$TestPrimitiveType@2d95571d, name=raft-test, id=2}, session=2, timestamp=2018-06-07 10:48:44,320}, time=2018-06-07 10:48:44,320, operation=DefaultOperationId{id=write, type=COMMAND}, value=byte[]{length=17, hash=-1644578928}}
22:48:44.806 [raft-server-1] TRACE i.a.p.raft.roles.InactiveRole - RaftServer{1}{role=INACTIVE} - Received KeepAliveRequest{sessionIds=long[]{length=1, hash=33}, commandSequences=long[]{length=1, hash=120}, eventIndexes=long[]{length=1, hash=33}}
22:48:44.806 [ForkJoinPool.commonPool-worker-5] DEBUG i.a.storage.journal.SegmentedJournal - Closing segment: JournalSegment{id=1, version=1, index=1, size=505}
22:48:44.806 [ForkJoinPool.commonPool-worker-5] DEBUG i.a.storage.journal.SegmentedJournal - Closing segment: JournalSegment{id=2, version=1, index=11, size=549}
22:48:44.806 [ForkJoinPool.commonPool-worker-5] DEBUG i.a.storage.journal.SegmentedJournal - Closing segment: JournalSegment{id=3, version=1, index=21, size=574}
22:48:44.806 [ForkJoinPool.commonPool-worker-5] DEBUG i.a.storage.journal.SegmentedJournal - Closing segment: JournalSegment{id=4, version=1, index=31, size=549}
22:48:44.806 [raft-server-1] TRACE i.a.p.raft.roles.InactiveRole - RaftServer{1}{role=INACTIVE} - Sending KeepAliveResponse{status=ERROR, error=RaftError{type=UNAVAILABLE, message=null}}
22:48:44.806 [ForkJoinPool.commonPool-worker-5] DEBUG i.a.storage.journal.SegmentedJournal - Closing segment: JournalSegment{id=5, version=1, index=41, size=574}
22:48:44.807 [raft-server-2] TRACE i.a.p.raft.roles.FollowerRole - RaftServer{2}{role=FOLLOWER} - Sending KeepAliveResponse{status=ERROR, error=RaftError{type=UNAVAILABLE, message=null}}
22:48:44.807 [ForkJoinPool.commonPool-worker-5] DEBUG i.a.storage.journal.SegmentedJournal - Closing segment: JournalSegment{id=6, version=1, index=51, size=549}
22:48:44.807 [ForkJoinPool.commonPool-worker-5] DEBUG i.a.storage.journal.SegmentedJournal - Closing segment: JournalSegment{id=7, version=1, index=61, size=549}
22:48:44.807 [ForkJoinPool.commonPool-worker-5] DEBUG i.a.storage.journal.SegmentedJournal - Closing segment: JournalSegment{id=8, version=1, index=71, size=583}
22:48:44.807 [ForkJoinPool.commonPool-worker-5] DEBUG i.a.storage.journal.SegmentedJournal - Closing segment: JournalSegment{id=9, version=1, index=81, size=559}
22:48:44.807 [ForkJoinPool.commonPool-worker-5] DEBUG i.a.storage.journal.SegmentedJournal - Closing segment: JournalSegment{id=10, version=1, index=91, size=532}
22:48:44.807 [raft-server-2] INFO  i.a.protocols.raft.impl.RaftContext - RaftServer{2} - Transitioning to INACTIVE
22:48:44.807 [raft-server-2] TRACE i.a.p.raft.roles.FollowerRole - RaftServer{2}{role=FOLLOWER} - Cancelling heartbeat timer
22:48:44.807 [ForkJoinPool.commonPool-worker-5] DEBUG i.a.storage.journal.SegmentedJournal - Closing segment: JournalSegment{id=1, version=1, index=1, size=505}
22:48:44.807 [ForkJoinPool.commonPool-worker-5] DEBUG i.a.storage.journal.SegmentedJournal - Closing segment: JournalSegment{id=2, version=1, index=11, size=549}
22:48:44.807 [ForkJoinPool.commonPool-worker-5] DEBUG i.a.storage.journal.SegmentedJournal - Closing segment: JournalSegment{id=3, version=1, index=21, size=574}
22:48:44.808 [ForkJoinPool.commonPool-worker-5] DEBUG i.a.storage.journal.SegmentedJournal - Closing segment: JournalSegment{id=4, version=1, index=31, size=549}
22:48:44.808 [ForkJoinPool.commonPool-worker-5] DEBUG i.a.storage.journal.SegmentedJournal - Closing segment: JournalSegment{id=5, version=1, index=41, size=574}
22:48:44.808 [ForkJoinPool.commonPool-worker-5] DEBUG i.a.storage.journal.SegmentedJournal - Closing segment: JournalSegment{id=6, version=1, index=51, size=549}
22:48:44.808 [ForkJoinPool.commonPool-worker-5] DEBUG i.a.storage.journal.SegmentedJournal - Closing segment: JournalSegment{id=7, version=1, index=61, size=549}
22:48:44.808 [ForkJoinPool.commonPool-worker-5] DEBUG i.a.storage.journal.SegmentedJournal - Closing segment: JournalSegment{id=8, version=1, index=71, size=583}
22:48:44.808 [ForkJoinPool.commonPool-worker-5] DEBUG i.a.storage.journal.SegmentedJournal - Closing segment: JournalSegment{id=9, version=1, index=81, size=559}
22:48:44.808 [ForkJoinPool.commonPool-worker-5] DEBUG i.a.storage.journal.SegmentedJournal - Closing segment: JournalSegment{id=10, version=1, index=91, size=480}
22:48:44.808 [raft-server-3] INFO  i.a.protocols.raft.impl.RaftContext - RaftServer{3} - Transitioning to INACTIVE
22:48:44.808 [raft-server-3] TRACE i.a.p.raft.roles.FollowerRole - RaftServer{3}{role=FOLLOWER} - Cancelling heartbeat timer
22:48:44.808 [ForkJoinPool.commonPool-worker-5] DEBUG i.a.storage.journal.SegmentedJournal - Closing segment: JournalSegment{id=1, version=1, index=1, size=505}
22:48:44.808 [ForkJoinPool.commonPool-worker-5] DEBUG i.a.storage.journal.SegmentedJournal - Closing segment: JournalSegment{id=2, version=1, index=11, size=549}
22:48:44.808 [ForkJoinPool.commonPool-worker-5] DEBUG i.a.storage.journal.SegmentedJournal - Closing segment: JournalSegment{id=3, version=1, index=21, size=574}
22:48:44.808 [ForkJoinPool.commonPool-worker-5] DEBUG i.a.storage.journal.SegmentedJournal - Closing segment: JournalSegment{id=4, version=1, index=31, size=549}
22:48:44.808 [ForkJoinPool.commonPool-worker-5] DEBUG i.a.storage.journal.SegmentedJournal - Closing segment: JournalSegment{id=5, version=1, index=41, size=574}
22:48:44.808 [ForkJoinPool.commonPool-worker-5] DEBUG i.a.storage.journal.SegmentedJournal - Closing segment: JournalSegment{id=6, version=1, index=51, size=549}
22:48:44.808 [ForkJoinPool.commonPool-worker-5] DEBUG i.a.storage.journal.SegmentedJournal - Closing segment: JournalSegment{id=7, version=1, index=61, size=549}
22:48:44.809 [ForkJoinPool.commonPool-worker-5] DEBUG i.a.storage.journal.SegmentedJournal - Closing segment: JournalSegment{id=8, version=1, index=71, size=583}
22:48:44.809 [ForkJoinPool.commonPool-worker-5] DEBUG i.a.storage.journal.SegmentedJournal - Closing segment: JournalSegment{id=9, version=1, index=81, size=559}
22:48:44.809 [ForkJoinPool.commonPool-worker-5] DEBUG i.a.storage.journal.SegmentedJournal - Closing segment: JournalSegment{id=10, version=1, index=91, size=480}
]]></system-out>
  </testcase>
  <testcase name="testPassiveJoin" classname="io.atomix.protocols.raft.RaftTest" time="5.549"/>
  <testcase name="testFiveNodesManyEventsAfterLeaderShutdown" classname="io.atomix.protocols.raft.RaftTest" time="16.52"/>
  <testcase name="testFiveNodeSubmitCommand" classname="io.atomix.protocols.raft.RaftTest" time="4.343"/>
  <testcase name="testOneNodeExpireEvent" classname="io.atomix.protocols.raft.RaftTest" time="8.66"/>
  <testcase name="testFiveNodesEventsAfterLeaderKill" classname="io.atomix.protocols.raft.RaftTest" time="7.385"/>
  <testcase name="testTwoNodeSubmitCommand" classname="io.atomix.protocols.raft.RaftTest" time="2.684"/>
  <testcase name="testThreeNodeExpireEvent" classname="io.atomix.protocols.raft.RaftTest" time="10.36"/>
  <testcase name="testResize" classname="io.atomix.protocols.raft.RaftTest" time="3.238"/>
  <testcase name="testFiveNodeCloseEvent" classname="io.atomix.protocols.raft.RaftTest" time="4.398"/>
  <testcase name="testOneNodeSubmitQueryWithLinearizableConsistency" classname="io.atomix.protocols.raft.RaftTest" time="2.077"/>
  <testcase name="testThreeNodeSubmitQueryWithBoundedLinearizableConsistency" classname="io.atomix.protocols.raft.RaftTest" time="3.509"/>
  <testcase name="testLeaderLeave" classname="io.atomix.protocols.raft.RaftTest" time="2.882"/>
  <testcase name="testFiveNodesEventsAfterFollowerKill" classname="io.atomix.protocols.raft.RaftTest" time="5.247"/>
  <testcase name="testThreeNodesEventsAfterFollowerKill" classname="io.atomix.protocols.raft.RaftTest" time="6.507"/>
  <testcase name="testFiveNodeEvents" classname="io.atomix.protocols.raft.RaftTest" time="3.152"/>
</testsuite>