<?xml version="1.0" encoding="UTF-8"?>
<testsuite name="io.atomix.protocols.raft.RaftTest" time="344.891" tests="65" errors="2" skipped="1" failures="0">
  <properties>
    <property name="java.runtime.name" value="OpenJDK Runtime Environment"/>
    <property name="sun.boot.library.path" value="/usr/lib/jvm/java-8-openjdk-amd64/jre/lib/amd64"/>
    <property name="java.vm.version" value="25.121-b13"/>
    <property name="java.vm.vendor" value="Oracle Corporation"/>
    <property name="maven.multiModuleProjectDirectory" value="/root/workspace/atomix/atomix/389406631"/>
    <property name="java.vendor.url" value="http://java.oracle.com/"/>
    <property name="path.separator" value=":"/>
    <property name="guice.disable.misplaced.annotation.check" value="true"/>
    <property name="skip.gulp" value="true"/>
    <property name="java.vm.name" value="OpenJDK 64-Bit Server VM"/>
    <property name="file.encoding.pkg" value="sun.io"/>
    <property name="sun.java.launcher" value="SUN_STANDARD"/>
    <property name="sun.os.patch.level" value="unknown"/>
    <property name="findbugs.skip" value="true"/>
    <property name="java.vm.specification.name" value="Java Virtual Machine Specification"/>
    <property name="user.dir" value="/root/workspace/atomix/atomix/389406631"/>
    <property name="checkstyle.skip" value="true"/>
    <property name="java.runtime.version" value="1.8.0_121-8u121-b13-1~bpo8+1-b13"/>
    <property name="java.awt.graphicsenv" value="sun.awt.X11GraphicsEnvironment"/>
    <property name="skip.npm" value="true"/>
    <property name="java.endorsed.dirs" value="/usr/lib/jvm/java-8-openjdk-amd64/jre/lib/endorsed"/>
    <property name="os.arch" value="amd64"/>
    <property name="java.io.tmpdir" value="/tmp"/>
    <property name="gpg.skip" value="true"/>
    <property name="line.separator" value="&#10;"/>
    <property name="java.vm.specification.vendor" value="Oracle Corporation"/>
    <property name="cobertura.skip" value="true"/>
    <property name="os.name" value="Linux"/>
    <property name="classworlds.conf" value="/usr/share/maven/bin/m2.conf"/>
    <property name="sun.jnu.encoding" value="UTF-8"/>
    <property name="java.library.path" value="/usr/java/packages/lib/amd64:/usr/lib/x86_64-linux-gnu/jni:/lib/x86_64-linux-gnu:/usr/lib/x86_64-linux-gnu:/usr/lib/jni:/lib:/usr/lib"/>
    <property name="license.skip" value="true"/>
    <property name="java.specification.name" value="Java Platform API Specification"/>
    <property name="java.class.version" value="52.0"/>
    <property name="sun.management.compiler" value="HotSpot 64-Bit Tiered Compilers"/>
    <property name="skip.bower" value="true"/>
    <property name="maven.repo.local" value="/root/./workspace/atomix/atomix/389406631/.m2"/>
    <property name="os.version" value="3.10.0-862.3.2.el7.x86_64"/>
    <property name="user.home" value="/root"/>
    <property name="user.timezone" value="Europe/Paris"/>
    <property name="java.awt.printerjob" value="sun.print.PSPrinterJob"/>
    <property name="java.specification.version" value="1.8"/>
    <property name="file.encoding" value="UTF-8"/>
    <property name="user.name" value="root"/>
    <property name="java.class.path" value="/usr/share/maven/boot/plexus-classworlds-2.5.2.jar"/>
    <property name="skipITs" value="true"/>
    <property name="java.vm.specification.version" value="1.8"/>
    <property name="sun.arch.data.model" value="64"/>
    <property name="java.home" value="/usr/lib/jvm/java-8-openjdk-amd64/jre"/>
    <property name="sun.java.command" value="org.codehaus.plexus.classworlds.launcher.Launcher -B -D enforcer.skip=true -D dependency-check.skip=true -D skipITs=true -D cobertura.skip=true -D maven.repo.local=/root/./workspace/atomix/atomix/389406631/.m2 -D rat.skip=true -D findbugs.skip=true -D skip.bower=true -D gpg.skip=true -D checkstyle.skip=true -D skip.gulp=true -D license.skip=true -D skip.npm=true test"/>
    <property name="java.specification.vendor" value="Oracle Corporation"/>
    <property name="user.language" value="en"/>
    <property name="awt.toolkit" value="sun.awt.X11.XToolkit"/>
    <property name="dependency-check.skip" value="true"/>
    <property name="java.vm.info" value="mixed mode"/>
    <property name="java.version" value="1.8.0_121"/>
    <property name="java.ext.dirs" value="/usr/lib/jvm/java-8-openjdk-amd64/jre/lib/ext:/usr/java/packages/lib/ext"/>
    <property name="securerandom.source" value="file:/dev/./urandom"/>
    <property name="sun.boot.class.path" value="/usr/lib/jvm/java-8-openjdk-amd64/jre/lib/resources.jar:/usr/lib/jvm/java-8-openjdk-amd64/jre/lib/rt.jar:/usr/lib/jvm/java-8-openjdk-amd64/jre/lib/sunrsasign.jar:/usr/lib/jvm/java-8-openjdk-amd64/jre/lib/jsse.jar:/usr/lib/jvm/java-8-openjdk-amd64/jre/lib/jce.jar:/usr/lib/jvm/java-8-openjdk-amd64/jre/lib/charsets.jar:/usr/lib/jvm/java-8-openjdk-amd64/jre/lib/jfr.jar:/usr/lib/jvm/java-8-openjdk-amd64/jre/classes"/>
    <property name="java.vendor" value="Oracle Corporation"/>
    <property name="enforcer.skip" value="true"/>
    <property name="rat.skip" value="true"/>
    <property name="maven.home" value="/usr/share/maven"/>
    <property name="file.separator" value="/"/>
    <property name="java.vendor.url.bug" value="http://bugreport.sun.com/bugreport/"/>
    <property name="sun.cpu.endian" value="little"/>
    <property name="sun.io.unicode.encoding" value="UnicodeLittle"/>
    <property name="sun.cpu.isalist" value=""/>
  </properties>
  <testcase name="testFourNodeSequentialEvent" classname="io.atomix.protocols.raft.RaftTest" time="4.395"/>
  <testcase name="testCrashRecover" classname="io.atomix.protocols.raft.RaftTest" time="34.112">
    <error message="Test timed out while waiting for an expected result" type="java.util.concurrent.TimeoutException">java.util.concurrent.TimeoutException: Test timed out while waiting for an expected result
	at net.jodah.concurrentunit.Waiter.await(Waiter.java:168)
	at net.jodah.concurrentunit.Waiter.await(Waiter.java:115)
	at net.jodah.concurrentunit.ConcurrentTestCase.await(ConcurrentTestCase.java:98)
	at io.atomix.protocols.raft.RaftTest.testCrashRecover(RaftTest.java:261)
</error>
    <system-out><![CDATA[22:45:34.329 [main] DEBUG i.a.storage.journal.SegmentedJournal - Created disk segment: JournalSegment{id=1, version=1, index=1, size=64}
22:45:34.331 [main] TRACE i.a.p.raft.storage.system.MetaStore - Store configuration Configuration{index=0, time=2018-06-07 10:45:34,330, members=[DefaultRaftMember{id=1, type=ACTIVE, updated=2018-06-07T20:45:34.330Z}, DefaultRaftMember{id=2, type=ACTIVE, updated=2018-06-07T20:45:34.330Z}, DefaultRaftMember{id=3, type=ACTIVE, updated=2018-06-07T20:45:34.330Z}]}
22:45:34.396 [raft-server-1] INFO  i.a.protocols.raft.impl.RaftContext - RaftServer{1} - Transitioning to FOLLOWER
22:45:34.397 [raft-server-1] DEBUG i.a.p.r.c.impl.RaftClusterContext - RaftServer{1} - Attempting to join via 2
22:45:34.397 [raft-server-1] TRACE i.a.p.r.c.impl.RaftClusterContext - RaftServer{1} - Cancelling join timeout
22:45:34.397 [raft-server-1] DEBUG i.a.p.r.c.impl.RaftClusterContext - RaftServer{1} - Failed to join 2
22:45:34.397 [raft-server-1] DEBUG i.a.p.r.c.impl.RaftClusterContext - RaftServer{1} - Attempting to join via 3
22:45:34.397 [raft-server-1] TRACE i.a.p.r.c.impl.RaftClusterContext - RaftServer{1} - Cancelling join timeout
22:45:34.397 [raft-server-1] DEBUG i.a.p.r.c.impl.RaftClusterContext - RaftServer{1} - Failed to join 3
22:45:34.397 [raft-server-1] DEBUG i.a.p.r.c.impl.RaftClusterContext - RaftServer{1} - Failed to join cluster, retrying...
22:45:34.698 [main] DEBUG i.a.storage.journal.SegmentedJournal - Created disk segment: JournalSegment{id=1, version=1, index=1, size=64}
22:45:34.699 [main] TRACE i.a.p.raft.storage.system.MetaStore - Store configuration Configuration{index=0, time=2018-06-07 10:45:34,699, members=[DefaultRaftMember{id=1, type=ACTIVE, updated=2018-06-07T20:45:34.699Z}, DefaultRaftMember{id=2, type=ACTIVE, updated=2018-06-07T20:45:34.699Z}, DefaultRaftMember{id=3, type=ACTIVE, updated=2018-06-07T20:45:34.699Z}]}
22:45:34.804 [raft-server-2] INFO  i.a.protocols.raft.impl.RaftContext - RaftServer{2} - Transitioning to FOLLOWER
22:45:34.805 [raft-server-2] DEBUG i.a.p.r.c.impl.RaftClusterContext - RaftServer{2} - Attempting to join via 1
22:45:34.805 [raft-server-1] TRACE i.a.p.raft.roles.FollowerRole - RaftServer{1}{role=FOLLOWER} - Received JoinRequest{member=DefaultRaftMember{id=2, type=ACTIVE, updated=2018-06-07T20:45:34.699Z}}
22:45:34.806 [raft-server-1] TRACE i.a.p.raft.roles.FollowerRole - RaftServer{1}{role=FOLLOWER} - Sending JoinResponse{status=ERROR, error=RaftError{type=NO_LEADER, message=null}}
22:45:34.806 [raft-server-2] TRACE i.a.p.r.c.impl.RaftClusterContext - RaftServer{2} - Cancelling join timeout
22:45:34.806 [raft-server-2] DEBUG i.a.p.r.c.impl.RaftClusterContext - RaftServer{2} - Failed to join 1
22:45:34.806 [raft-server-2] DEBUG i.a.p.r.c.impl.RaftClusterContext - RaftServer{2} - Attempting to join via 3
22:45:34.806 [raft-server-2] TRACE i.a.p.r.c.impl.RaftClusterContext - RaftServer{2} - Cancelling join timeout
22:45:34.806 [raft-server-2] DEBUG i.a.p.r.c.impl.RaftClusterContext - RaftServer{2} - Failed to join 3
22:45:34.806 [raft-server-2] DEBUG i.a.p.r.c.impl.RaftClusterContext - RaftServer{2} - Failed to join cluster, retrying...
22:45:35.171 [main] DEBUG i.a.storage.journal.SegmentedJournal - Created disk segment: JournalSegment{id=1, version=1, index=1, size=64}
22:45:35.173 [main] TRACE i.a.p.raft.storage.system.MetaStore - Store configuration Configuration{index=0, time=2018-06-07 10:45:35,171, members=[DefaultRaftMember{id=1, type=ACTIVE, updated=2018-06-07T20:45:35.171Z}, DefaultRaftMember{id=2, type=ACTIVE, updated=2018-06-07T20:45:35.171Z}, DefaultRaftMember{id=3, type=ACTIVE, updated=2018-06-07T20:45:35.171Z}]}
22:45:35.199 [raft-server-1] DEBUG i.a.p.raft.roles.FollowerRole - RaftServer{1}{role=FOLLOWER} - Heartbeat timed out in PT0.802S
22:45:35.199 [raft-server-1] DEBUG i.a.p.raft.roles.FollowerRole - RaftServer{1}{role=FOLLOWER} - Polling members [DefaultRaftMember{id=2, type=ACTIVE, updated=2018-06-07T20:45:34.330Z}, DefaultRaftMember{id=3, type=ACTIVE, updated=2018-06-07T20:45:34.330Z}]
22:45:35.199 [raft-server-1] DEBUG i.a.p.raft.roles.FollowerRole - RaftServer{1}{role=FOLLOWER} - Polling DefaultRaftMember{id=2, type=ACTIVE, updated=2018-06-07T20:45:34.330Z} for next term 1
22:45:35.199 [raft-server-1] DEBUG i.a.p.raft.roles.FollowerRole - RaftServer{1}{role=FOLLOWER} - Polling DefaultRaftMember{id=3, type=ACTIVE, updated=2018-06-07T20:45:34.330Z} for next term 1
22:45:35.200 [raft-server-2] TRACE i.a.p.raft.roles.FollowerRole - RaftServer{2}{role=FOLLOWER} - Received PollRequest{term=0, candidate=1, lastLogIndex=0, lastLogTerm=0}
22:45:35.200 [raft-server-2] DEBUG i.a.p.raft.roles.FollowerRole - RaftServer{2}{role=FOLLOWER} - Accepted PollRequest{term=0, candidate=1, lastLogIndex=0, lastLogTerm=0}: candidate's log is up-to-date
22:45:35.200 [raft-server-3] TRACE i.a.p.raft.roles.InactiveRole - RaftServer{null}{role=INACTIVE} - Received PollRequest{term=0, candidate=1, lastLogIndex=0, lastLogTerm=0}
22:45:35.200 [raft-server-2] TRACE i.a.p.raft.roles.FollowerRole - RaftServer{2}{role=FOLLOWER} - Sending PollResponse{status=OK, term=0, accepted=true}
22:45:35.200 [raft-server-3] TRACE i.a.p.raft.roles.InactiveRole - RaftServer{null}{role=INACTIVE} - Sending PollResponse{status=ERROR, error=RaftError{type=UNAVAILABLE, message=null}}
22:45:35.200 [raft-server-1] DEBUG i.a.p.raft.roles.FollowerRole - RaftServer{1}{role=FOLLOWER} - Received accepted poll from DefaultRaftMember{id=2, type=ACTIVE, updated=2018-06-07T20:45:34.330Z}
22:45:35.200 [raft-server-1] INFO  i.a.protocols.raft.impl.RaftContext - RaftServer{1} - Transitioning to CANDIDATE
22:45:35.200 [raft-server-1] TRACE i.a.p.raft.roles.FollowerRole - RaftServer{1}{role=FOLLOWER} - Cancelling heartbeat timer
22:45:35.200 [raft-server-1] INFO  i.a.p.raft.roles.CandidateRole - RaftServer{1}{role=CANDIDATE} - Starting election
22:45:35.200 [raft-server-1] TRACE i.a.p.raft.storage.system.MetaStore - Store term 1
22:45:35.288 [raft-server-3] INFO  i.a.protocols.raft.impl.RaftContext - RaftServer{3} - Transitioning to FOLLOWER
22:45:35.288 [raft-server-3] DEBUG i.a.p.r.c.impl.RaftClusterContext - RaftServer{3} - Attempting to join via 1
22:45:35.406 [raft-server-1] TRACE i.a.p.raft.storage.system.MetaStore - Store vote null
22:45:35.522 [raft-server-1] DEBUG i.a.protocols.raft.impl.RaftContext - RaftServer{1} - Set term 1
22:45:35.522 [raft-server-1] TRACE i.a.p.raft.storage.system.MetaStore - Store vote 1
22:45:35.633 [raft-server-1] DEBUG i.a.protocols.raft.impl.RaftContext - RaftServer{1} - Voted for 1
22:45:35.634 [raft-server-1] DEBUG i.a.p.raft.roles.CandidateRole - RaftServer{1}{role=CANDIDATE} - Requesting votes for term 1
22:45:35.634 [raft-server-1] DEBUG i.a.p.raft.roles.CandidateRole - RaftServer{1}{role=CANDIDATE} - Requesting vote from DefaultRaftMember{id=2, type=ACTIVE, updated=2018-06-07T20:45:34.330Z} for term 1
22:45:35.634 [raft-server-2] TRACE i.a.p.raft.roles.FollowerRole - RaftServer{2}{role=FOLLOWER} - Received VoteRequest{term=1, candidate=1, lastLogIndex=0, lastLogTerm=0}
22:45:35.634 [raft-server-1] DEBUG i.a.p.raft.roles.CandidateRole - RaftServer{1}{role=CANDIDATE} - Requesting vote from DefaultRaftMember{id=3, type=ACTIVE, updated=2018-06-07T20:45:34.330Z} for term 1
22:45:35.634 [raft-server-2] TRACE i.a.p.raft.storage.system.MetaStore - Store term 1
22:45:35.635 [raft-server-3] TRACE i.a.p.raft.roles.FollowerRole - RaftServer{3}{role=FOLLOWER} - Received VoteRequest{term=1, candidate=1, lastLogIndex=0, lastLogTerm=0}
22:45:35.635 [raft-server-1] TRACE i.a.p.raft.roles.CandidateRole - RaftServer{1}{role=CANDIDATE} - Received JoinRequest{member=DefaultRaftMember{id=3, type=ACTIVE, updated=2018-06-07T20:45:35.171Z}}
22:45:35.635 [raft-server-1] TRACE i.a.p.raft.roles.CandidateRole - RaftServer{1}{role=CANDIDATE} - Sending JoinResponse{status=ERROR, error=RaftError{type=NO_LEADER, message=null}}
22:45:35.635 [raft-server-3] TRACE i.a.p.raft.storage.system.MetaStore - Store term 1
22:45:35.729 [raft-server-2] TRACE i.a.p.raft.storage.system.MetaStore - Store vote null
22:45:35.812 [raft-server-3] TRACE i.a.p.raft.storage.system.MetaStore - Store vote null
22:45:35.893 [raft-server-2] DEBUG i.a.protocols.raft.impl.RaftContext - RaftServer{2} - Set term 1
22:45:35.893 [raft-server-2] DEBUG i.a.p.raft.roles.FollowerRole - RaftServer{2}{role=FOLLOWER} - Accepted VoteRequest{term=1, candidate=1, lastLogIndex=0, lastLogTerm=0}: candidate's log is up-to-date
22:45:35.893 [raft-server-2] TRACE i.a.p.raft.storage.system.MetaStore - Store vote 1
22:45:35.898 [raft-server-1] TRACE i.a.p.r.c.impl.RaftClusterContext - RaftServer{1} - Cancelling join timeout
22:45:35.898 [raft-server-1] DEBUG i.a.p.r.c.impl.RaftClusterContext - RaftServer{1} - Attempting to join via 2
22:45:35.988 [raft-server-3] DEBUG i.a.protocols.raft.impl.RaftContext - RaftServer{3} - Set term 1
22:45:35.988 [raft-server-3] DEBUG i.a.p.raft.roles.FollowerRole - RaftServer{3}{role=FOLLOWER} - Accepted VoteRequest{term=1, candidate=1, lastLogIndex=0, lastLogTerm=0}: candidate's log is up-to-date
22:45:35.988 [raft-server-3] TRACE i.a.p.raft.storage.system.MetaStore - Store vote 1
22:45:36.074 [raft-server-2] DEBUG i.a.protocols.raft.impl.RaftContext - RaftServer{2} - Voted for 1
22:45:36.074 [raft-server-2] TRACE i.a.p.raft.roles.FollowerRole - RaftServer{2}{role=FOLLOWER} - Sending VoteResponse{status=OK, term=1, voted=true}
22:45:36.074 [raft-server-2] TRACE i.a.p.raft.roles.FollowerRole - RaftServer{2}{role=FOLLOWER} - Received JoinRequest{member=DefaultRaftMember{id=1, type=ACTIVE, updated=2018-06-07T20:45:34.330Z}}
22:45:36.074 [raft-server-1] DEBUG i.a.p.raft.roles.CandidateRole - RaftServer{1}{role=CANDIDATE} - Received successful vote from DefaultRaftMember{id=2, type=ACTIVE, updated=2018-06-07T20:45:34.330Z}
22:45:36.074 [raft-server-2] TRACE i.a.p.raft.roles.FollowerRole - RaftServer{2}{role=FOLLOWER} - Sending JoinResponse{status=ERROR, error=RaftError{type=NO_LEADER, message=null}}
22:45:36.074 [raft-server-1] INFO  i.a.protocols.raft.impl.RaftContext - RaftServer{1} - Transitioning to LEADER
22:45:36.074 [raft-server-1] DEBUG i.a.p.raft.roles.CandidateRole - RaftServer{1}{role=CANDIDATE} - Cancelling election
22:45:36.075 [raft-server-1] INFO  i.a.protocols.raft.impl.RaftContext - RaftServer{1} - Found leader 1
22:45:36.075 [raft-server-1] TRACE i.a.p.raft.storage.system.MetaStore - Store vote null
22:45:36.155 [raft-server-3] DEBUG i.a.protocols.raft.impl.RaftContext - RaftServer{3} - Voted for 1
22:45:36.155 [raft-server-3] TRACE i.a.p.raft.roles.FollowerRole - RaftServer{3}{role=FOLLOWER} - Sending VoteResponse{status=OK, term=1, voted=true}
22:45:36.155 [raft-server-3] TRACE i.a.p.r.c.impl.RaftClusterContext - RaftServer{3} - Cancelling join timeout
22:45:36.156 [raft-server-3] DEBUG i.a.p.r.c.impl.RaftClusterContext - RaftServer{3} - Failed to join 1
22:45:36.156 [raft-server-3] DEBUG i.a.p.r.c.impl.RaftClusterContext - RaftServer{3} - Attempting to join via 2
22:45:36.156 [raft-server-2] TRACE i.a.p.raft.roles.FollowerRole - RaftServer{2}{role=FOLLOWER} - Received JoinRequest{member=DefaultRaftMember{id=3, type=ACTIVE, updated=2018-06-07T20:45:35.171Z}}
22:45:36.156 [raft-server-2] TRACE i.a.p.raft.roles.FollowerRole - RaftServer{2}{role=FOLLOWER} - Sending JoinResponse{status=ERROR, error=RaftError{type=NO_LEADER, message=null}}
22:45:36.156 [raft-server-3] TRACE i.a.p.r.c.impl.RaftClusterContext - RaftServer{3} - Cancelling join timeout
22:45:36.156 [raft-server-3] DEBUG i.a.p.r.c.impl.RaftClusterContext - RaftServer{3} - Failed to join 2
22:45:36.156 [raft-server-3] DEBUG i.a.p.r.c.impl.RaftClusterContext - RaftServer{3} - Failed to join cluster, retrying...
22:45:36.239 [raft-server-1] TRACE i.a.protocols.raft.roles.LeaderRole - RaftServer{1}{role=LEADER} - Appended Indexed{index=1, entry=InitializeEntry{term=1, timestamp=2018-06-07 10:45:36,075}}
22:45:36.239 [raft-server-1] DEBUG i.a.p.raft.roles.LeaderAppender - RaftServer{1} - Configuring 2
22:45:36.240 [raft-server-1] TRACE i.a.p.raft.roles.LeaderAppender - RaftServer{1} - Sending ConfigureRequest{term=1, leader=1, index=0, timestamp=1528404334330, members=[DefaultRaftMember{id=1, type=ACTIVE, updated=2018-06-07T20:45:34.330Z}, DefaultRaftMember{id=2, type=ACTIVE, updated=2018-06-07T20:45:34.330Z}, DefaultRaftMember{id=3, type=ACTIVE, updated=2018-06-07T20:45:34.330Z}]} to 2
22:45:36.240 [raft-server-1] DEBUG i.a.p.raft.roles.LeaderAppender - RaftServer{1} - Configuring 3
22:45:36.240 [raft-server-1] TRACE i.a.p.raft.roles.LeaderAppender - RaftServer{1} - Sending ConfigureRequest{term=1, leader=1, index=0, timestamp=1528404334330, members=[DefaultRaftMember{id=1, type=ACTIVE, updated=2018-06-07T20:45:34.330Z}, DefaultRaftMember{id=2, type=ACTIVE, updated=2018-06-07T20:45:34.330Z}, DefaultRaftMember{id=3, type=ACTIVE, updated=2018-06-07T20:45:34.330Z}]} to 3
22:45:36.240 [raft-server-2] TRACE i.a.p.raft.roles.FollowerRole - RaftServer{2}{role=FOLLOWER} - Received ConfigureRequest{term=1, leader=1, index=0, timestamp=1528404334330, members=[DefaultRaftMember{id=1, type=ACTIVE, updated=2018-06-07T20:45:34.330Z}, DefaultRaftMember{id=2, type=ACTIVE, updated=2018-06-07T20:45:34.330Z}, DefaultRaftMember{id=3, type=ACTIVE, updated=2018-06-07T20:45:34.330Z}]}
22:45:36.240 [raft-server-2] INFO  i.a.protocols.raft.impl.RaftContext - RaftServer{2} - Found leader 1
22:45:36.240 [raft-server-1] TRACE i.a.protocols.raft.roles.LeaderRole - RaftServer{1}{role=LEADER} - Starting append timer
22:45:36.240 [raft-server-2] TRACE i.a.p.raft.storage.system.MetaStore - Store vote null
22:45:36.240 [raft-server-3] TRACE i.a.p.raft.roles.FollowerRole - RaftServer{3}{role=FOLLOWER} - Received ConfigureRequest{term=1, leader=1, index=0, timestamp=1528404334330, members=[DefaultRaftMember{id=1, type=ACTIVE, updated=2018-06-07T20:45:34.330Z}, DefaultRaftMember{id=2, type=ACTIVE, updated=2018-06-07T20:45:34.330Z}, DefaultRaftMember{id=3, type=ACTIVE, updated=2018-06-07T20:45:34.330Z}]}
22:45:36.240 [raft-server-1] TRACE i.a.p.r.c.impl.RaftClusterContext - RaftServer{1} - Cancelling join timeout
22:45:36.240 [raft-server-3] INFO  i.a.protocols.raft.impl.RaftContext - RaftServer{3} - Found leader 1
22:45:36.240 [raft-server-1] DEBUG i.a.p.r.c.impl.RaftClusterContext - RaftServer{1} - Failed to join 2
22:45:36.240 [raft-server-3] TRACE i.a.p.raft.storage.system.MetaStore - Store vote null
22:45:36.241 [raft-server-1] DEBUG i.a.p.r.c.impl.RaftClusterContext - RaftServer{1} - Attempting to join via 3
22:45:36.241 [raft-server-1] TRACE i.a.p.raft.roles.LeaderAppender - RaftServer{1} - Sending AppendRequest{term=1, leader=1, prevLogIndex=0, prevLogTerm=0, entries=0, commitIndex=0} to 2
22:45:36.241 [raft-server-1] TRACE i.a.p.raft.roles.LeaderAppender - RaftServer{1} - Sending AppendRequest{term=1, leader=1, prevLogIndex=0, prevLogTerm=0, entries=0, commitIndex=0} to 3
22:45:36.334 [raft-server-2] TRACE i.a.p.raft.roles.FollowerRole - RaftServer{2}{role=FOLLOWER} - Sending ConfigureResponse{status=OK}
22:45:36.334 [raft-server-2] TRACE i.a.p.raft.roles.FollowerRole - RaftServer{2}{role=FOLLOWER} - Received AppendRequest{term=1, leader=1, prevLogIndex=0, prevLogTerm=0, entries=0, commitIndex=0}
22:45:36.334 [raft-server-1] TRACE i.a.p.raft.roles.LeaderAppender - RaftServer{1} - Received ConfigureResponse{status=OK} from 2
22:45:36.335 [raft-server-2] TRACE i.a.p.raft.roles.FollowerRole - RaftServer{2}{role=FOLLOWER} - Sending AppendResponse{status=OK, term=1, succeeded=true, lastLogIndex=0}
22:45:36.335 [raft-server-2] TRACE i.a.p.r.c.impl.RaftClusterContext - RaftServer{2} - Cancelling join timeout
22:45:36.335 [raft-server-2] DEBUG i.a.p.r.c.impl.RaftClusterContext - RaftServer{2} - Attempting to join via 1
22:45:36.335 [raft-server-1] TRACE i.a.p.raft.roles.LeaderAppender - RaftServer{1} - Received AppendResponse{status=OK, term=1, succeeded=true, lastLogIndex=0} from 2
22:45:36.336 [raft-server-1] TRACE i.a.p.raft.roles.LeaderAppender - RaftServer{1} - Sending AppendRequest{term=1, leader=1, prevLogIndex=0, prevLogTerm=0, entries=1, commitIndex=0} to 2
22:45:36.336 [raft-server-2] TRACE i.a.p.raft.roles.FollowerRole - RaftServer{2}{role=FOLLOWER} - Received AppendRequest{term=1, leader=1, prevLogIndex=0, prevLogTerm=0, entries=1, commitIndex=0}
22:45:36.336 [raft-server-2] DEBUG i.a.p.raft.roles.FollowerRole - RaftServer{2}{role=FOLLOWER} - Reset first index to 1
22:45:36.336 [raft-server-1] TRACE i.a.protocols.raft.roles.LeaderRole - RaftServer{1}{role=LEADER} - Received JoinRequest{member=DefaultRaftMember{id=2, type=ACTIVE, updated=2018-06-07T20:45:34.699Z}}
22:45:36.336 [raft-server-1] TRACE i.a.protocols.raft.roles.LeaderRole - RaftServer{1}{role=LEADER} - Sending JoinResponse{status=ERROR, error=null}
22:45:36.336 [raft-server-2] TRACE i.a.p.raft.roles.FollowerRole - RaftServer{2}{role=FOLLOWER} - Appended Indexed{index=1, entry=InitializeEntry{term=1, timestamp=2018-06-07 10:45:36,075}}
22:45:36.336 [raft-server-2] TRACE i.a.p.raft.roles.FollowerRole - RaftServer{2}{role=FOLLOWER} - Sending AppendResponse{status=OK, term=1, succeeded=true, lastLogIndex=1}
22:45:36.336 [raft-server-2] TRACE i.a.p.r.c.impl.RaftClusterContext - RaftServer{2} - Cancelling join timeout
22:45:36.336 [raft-server-1] TRACE i.a.p.raft.roles.LeaderAppender - RaftServer{1} - Received AppendResponse{status=OK, term=1, succeeded=true, lastLogIndex=1} from 2
22:45:36.336 [raft-server-2] DEBUG i.a.p.r.c.impl.RaftClusterContext - RaftServer{2} - Failed to join 1
22:45:36.336 [raft-server-1] TRACE i.a.p.raft.roles.LeaderAppender - RaftServer{1} - Committed entries up to 1
22:45:36.438 [raft-server-3] TRACE i.a.p.raft.roles.FollowerRole - RaftServer{3}{role=FOLLOWER} - Sending ConfigureResponse{status=OK}
22:45:36.438 [raft-server-3] TRACE i.a.p.raft.roles.FollowerRole - RaftServer{3}{role=FOLLOWER} - Received JoinRequest{member=DefaultRaftMember{id=1, type=ACTIVE, updated=2018-06-07T20:45:34.330Z}}
22:45:36.438 [raft-server-3] TRACE i.a.p.raft.roles.FollowerRole - RaftServer{3}{role=FOLLOWER} - Received AppendRequest{term=1, leader=1, prevLogIndex=0, prevLogTerm=0, entries=0, commitIndex=0}
22:45:36.438 [raft-server-3] TRACE i.a.p.raft.roles.FollowerRole - RaftServer{3}{role=FOLLOWER} - Sending AppendResponse{status=OK, term=1, succeeded=true, lastLogIndex=0}
22:45:36.546 [raft-server-1] TRACE i.a.p.raft.roles.LeaderAppender - RaftServer{1} - Received ConfigureResponse{status=OK} from 3
22:45:36.546 [raft-server-1] TRACE i.a.protocols.raft.roles.LeaderRole - RaftServer{1}{role=LEADER} - Received JoinRequest{member=DefaultRaftMember{id=1, type=ACTIVE, updated=2018-06-07T20:45:34.330Z}}
22:45:36.546 [raft-server-1] TRACE i.a.protocols.raft.roles.LeaderRole - RaftServer{1}{role=LEADER} - Sending JoinResponse{status=OK, index=0, term=0, timestamp=1528404334330, members=[DefaultRaftMember{id=1, type=ACTIVE, updated=2018-06-07T20:45:34.330Z}, DefaultRaftMember{id=2, type=ACTIVE, updated=2018-06-07T20:45:34.330Z}, DefaultRaftMember{id=3, type=ACTIVE, updated=2018-06-07T20:45:34.330Z}]}
22:45:36.547 [raft-server-1] TRACE i.a.p.raft.roles.LeaderAppender - RaftServer{1} - Received AppendResponse{status=OK, term=1, succeeded=true, lastLogIndex=0} from 3
22:45:36.547 [raft-server-3] TRACE i.a.p.raft.roles.FollowerRole - RaftServer{3}{role=FOLLOWER} - Sending JoinResponse{status=OK, index=0, term=0, timestamp=1528404334330, members=[DefaultRaftMember{id=1, type=ACTIVE, updated=2018-06-07T20:45:34.330Z}, DefaultRaftMember{id=2, type=ACTIVE, updated=2018-06-07T20:45:34.330Z}, DefaultRaftMember{id=3, type=ACTIVE, updated=2018-06-07T20:45:34.330Z}]}
22:45:36.547 [raft-server-1] TRACE i.a.p.raft.roles.LeaderAppender - RaftServer{1} - Sending AppendRequest{term=1, leader=1, prevLogIndex=0, prevLogTerm=0, entries=1, commitIndex=1} to 3
22:45:36.547 [raft-server-3] TRACE i.a.p.raft.roles.FollowerRole - RaftServer{3}{role=FOLLOWER} - Received AppendRequest{term=1, leader=1, prevLogIndex=0, prevLogTerm=0, entries=1, commitIndex=1}
22:45:36.547 [raft-server-3] DEBUG i.a.p.raft.roles.FollowerRole - RaftServer{3}{role=FOLLOWER} - Reset first index to 1
22:45:36.548 [raft-server-3] TRACE i.a.p.raft.roles.FollowerRole - RaftServer{3}{role=FOLLOWER} - Appended Indexed{index=1, entry=InitializeEntry{term=1, timestamp=2018-06-07 10:45:36,075}}
22:45:36.548 [raft-server-1] TRACE i.a.p.raft.roles.LeaderAppender - RaftServer{1} - Sending AppendRequest{term=1, leader=1, prevLogIndex=1, prevLogTerm=1, entries=0, commitIndex=1} to 2
22:45:36.548 [raft-server-2] TRACE i.a.p.raft.roles.FollowerRole - RaftServer{2}{role=FOLLOWER} - Received AppendRequest{term=1, leader=1, prevLogIndex=1, prevLogTerm=1, entries=0, commitIndex=1}
22:45:36.548 [raft-server-1] TRACE i.a.p.r.c.impl.RaftClusterContext - RaftServer{1} - Cancelling join timeout
22:45:36.548 [raft-server-1] INFO  i.a.p.r.c.impl.RaftClusterContext - RaftServer{1} - Successfully joined via 3
22:45:36.548 [raft-server-1-state] TRACE i.a.p.raft.impl.RaftServiceManager - RaftServer{1} - Applying Indexed{index=1, entry=InitializeEntry{term=1, timestamp=2018-06-07 10:45:36,075}}
22:45:36.549 [raft-server-1] INFO  i.a.p.raft.impl.DefaultRaftServer - RaftServer{1} - Server started successfully!
22:45:36.629 [raft-server-2] TRACE i.a.p.raft.roles.FollowerRole - RaftServer{2}{role=FOLLOWER} - Committed entries up to index 1
22:45:36.629 [raft-server-3] TRACE i.a.p.raft.roles.FollowerRole - RaftServer{3}{role=FOLLOWER} - Committed entries up to index 1
22:45:36.629 [raft-server-2] TRACE i.a.p.raft.roles.FollowerRole - RaftServer{2}{role=FOLLOWER} - Sending AppendResponse{status=OK, term=1, succeeded=true, lastLogIndex=1}
22:45:36.630 [raft-server-3] TRACE i.a.p.raft.roles.FollowerRole - RaftServer{3}{role=FOLLOWER} - Sending AppendResponse{status=OK, term=1, succeeded=true, lastLogIndex=1}
22:45:36.630 [raft-server-1] TRACE i.a.p.raft.roles.LeaderAppender - RaftServer{1} - Received AppendResponse{status=OK, term=1, succeeded=true, lastLogIndex=1} from 2
22:45:36.630 [raft-server-1] TRACE i.a.p.raft.roles.LeaderAppender - RaftServer{1} - Sending AppendRequest{term=1, leader=1, prevLogIndex=1, prevLogTerm=1, entries=0, commitIndex=1} to 2
22:45:36.630 [raft-server-1] TRACE i.a.p.raft.roles.LeaderAppender - RaftServer{1} - Received AppendResponse{status=OK, term=1, succeeded=true, lastLogIndex=1} from 3
22:45:36.630 [raft-server-1] TRACE i.a.p.raft.roles.LeaderAppender - RaftServer{1} - Sending AppendRequest{term=1, leader=1, prevLogIndex=1, prevLogTerm=1, entries=0, commitIndex=1} to 3
22:45:36.632 [raft-server-2] TRACE i.a.p.raft.roles.FollowerRole - RaftServer{2}{role=FOLLOWER} - Received AppendRequest{term=1, leader=1, prevLogIndex=1, prevLogTerm=1, entries=0, commitIndex=1}
22:45:36.633 [raft-server-3] TRACE i.a.p.raft.roles.FollowerRole - RaftServer{3}{role=FOLLOWER} - Received AppendRequest{term=1, leader=1, prevLogIndex=1, prevLogTerm=1, entries=0, commitIndex=1}
22:45:36.633 [raft-server-3] TRACE i.a.p.raft.roles.FollowerRole - RaftServer{3}{role=FOLLOWER} - Sending AppendResponse{status=OK, term=1, succeeded=true, lastLogIndex=1}
22:45:36.633 [raft-server-3-state] TRACE i.a.p.raft.impl.RaftServiceManager - RaftServer{3} - Applying Indexed{index=1, entry=InitializeEntry{term=1, timestamp=2018-06-07 10:45:36,075}}
22:45:36.633 [raft-server-2-state] TRACE i.a.p.raft.impl.RaftServiceManager - RaftServer{2} - Applying Indexed{index=1, entry=InitializeEntry{term=1, timestamp=2018-06-07 10:45:36,075}}
22:45:36.633 [raft-server-2] TRACE i.a.p.raft.roles.FollowerRole - RaftServer{2}{role=FOLLOWER} - Sending AppendResponse{status=OK, term=1, succeeded=true, lastLogIndex=1}
22:45:36.633 [raft-server-1] TRACE i.a.p.raft.roles.LeaderAppender - RaftServer{1} - Received AppendResponse{status=OK, term=1, succeeded=true, lastLogIndex=1} from 3
22:45:36.633 [raft-server-1] TRACE i.a.p.raft.roles.LeaderAppender - RaftServer{1} - Received AppendResponse{status=OK, term=1, succeeded=true, lastLogIndex=1} from 2
22:45:36.740 [raft-server-1] TRACE i.a.p.raft.roles.LeaderAppender - RaftServer{1} - Sending AppendRequest{term=1, leader=1, prevLogIndex=1, prevLogTerm=1, entries=0, commitIndex=1} to 2
22:45:36.741 [raft-server-2] TRACE i.a.p.raft.roles.FollowerRole - RaftServer{2}{role=FOLLOWER} - Received AppendRequest{term=1, leader=1, prevLogIndex=1, prevLogTerm=1, entries=0, commitIndex=1}
22:45:36.741 [raft-server-1] TRACE i.a.p.raft.roles.LeaderAppender - RaftServer{1} - Sending AppendRequest{term=1, leader=1, prevLogIndex=1, prevLogTerm=1, entries=0, commitIndex=1} to 3
22:45:36.741 [raft-server-2] TRACE i.a.p.raft.roles.FollowerRole - RaftServer{2}{role=FOLLOWER} - Sending AppendResponse{status=OK, term=1, succeeded=true, lastLogIndex=1}
22:45:36.741 [raft-server-3] TRACE i.a.p.raft.roles.FollowerRole - RaftServer{3}{role=FOLLOWER} - Received AppendRequest{term=1, leader=1, prevLogIndex=1, prevLogTerm=1, entries=0, commitIndex=1}
22:45:36.741 [raft-server-3] TRACE i.a.p.raft.roles.FollowerRole - RaftServer{3}{role=FOLLOWER} - Sending AppendResponse{status=OK, term=1, succeeded=true, lastLogIndex=1}
22:45:36.741 [raft-server-1] TRACE i.a.p.raft.roles.LeaderAppender - RaftServer{1} - Received AppendResponse{status=OK, term=1, succeeded=true, lastLogIndex=1} from 2
22:45:36.741 [raft-server-1] TRACE i.a.p.raft.roles.LeaderAppender - RaftServer{1} - Sending AppendRequest{term=1, leader=1, prevLogIndex=1, prevLogTerm=1, entries=0, commitIndex=1} to 2
22:45:36.741 [raft-server-2] TRACE i.a.p.raft.roles.FollowerRole - RaftServer{2}{role=FOLLOWER} - Received AppendRequest{term=1, leader=1, prevLogIndex=1, prevLogTerm=1, entries=0, commitIndex=1}
22:45:36.741 [raft-server-1] TRACE i.a.p.raft.roles.LeaderAppender - RaftServer{1} - Received AppendResponse{status=OK, term=1, succeeded=true, lastLogIndex=1} from 3
22:45:36.741 [raft-server-2] TRACE i.a.p.raft.roles.FollowerRole - RaftServer{2}{role=FOLLOWER} - Sending AppendResponse{status=OK, term=1, succeeded=true, lastLogIndex=1}
22:45:36.742 [raft-server-1] TRACE i.a.p.raft.roles.LeaderAppender - RaftServer{1} - Received AppendResponse{status=OK, term=1, succeeded=true, lastLogIndex=1} from 2
22:45:36.990 [raft-server-1] TRACE i.a.p.raft.roles.LeaderAppender - RaftServer{1} - Sending AppendRequest{term=1, leader=1, prevLogIndex=1, prevLogTerm=1, entries=0, commitIndex=1} to 2
22:45:36.991 [raft-server-1] TRACE i.a.p.raft.roles.LeaderAppender - RaftServer{1} - Sending AppendRequest{term=1, leader=1, prevLogIndex=1, prevLogTerm=1, entries=0, commitIndex=1} to 3
22:45:36.991 [raft-server-2] TRACE i.a.p.raft.roles.FollowerRole - RaftServer{2}{role=FOLLOWER} - Received AppendRequest{term=1, leader=1, prevLogIndex=1, prevLogTerm=1, entries=0, commitIndex=1}
22:45:36.991 [raft-server-3] TRACE i.a.p.raft.roles.FollowerRole - RaftServer{3}{role=FOLLOWER} - Received AppendRequest{term=1, leader=1, prevLogIndex=1, prevLogTerm=1, entries=0, commitIndex=1}
22:45:36.991 [raft-server-2] TRACE i.a.p.raft.roles.FollowerRole - RaftServer{2}{role=FOLLOWER} - Sending AppendResponse{status=OK, term=1, succeeded=true, lastLogIndex=1}
22:45:36.991 [raft-server-3] TRACE i.a.p.raft.roles.FollowerRole - RaftServer{3}{role=FOLLOWER} - Sending AppendResponse{status=OK, term=1, succeeded=true, lastLogIndex=1}
22:45:36.991 [raft-server-1] TRACE i.a.p.raft.roles.LeaderAppender - RaftServer{1} - Received AppendResponse{status=OK, term=1, succeeded=true, lastLogIndex=1} from 3
22:45:36.991 [raft-server-1] TRACE i.a.p.raft.roles.LeaderAppender - RaftServer{1} - Received AppendResponse{status=OK, term=1, succeeded=true, lastLogIndex=1} from 2
22:45:37.240 [raft-server-1] TRACE i.a.p.raft.roles.LeaderAppender - RaftServer{1} - Sending AppendRequest{term=1, leader=1, prevLogIndex=1, prevLogTerm=1, entries=0, commitIndex=1} to 2
22:45:37.241 [raft-server-2] TRACE i.a.p.raft.roles.FollowerRole - RaftServer{2}{role=FOLLOWER} - Received AppendRequest{term=1, leader=1, prevLogIndex=1, prevLogTerm=1, entries=0, commitIndex=1}
22:45:37.241 [raft-server-2] TRACE i.a.p.raft.roles.FollowerRole - RaftServer{2}{role=FOLLOWER} - Sending AppendResponse{status=OK, term=1, succeeded=true, lastLogIndex=1}
22:45:37.241 [raft-server-1] TRACE i.a.p.raft.roles.LeaderAppender - RaftServer{1} - Sending AppendRequest{term=1, leader=1, prevLogIndex=1, prevLogTerm=1, entries=0, commitIndex=1} to 3
22:45:37.241 [raft-server-1] TRACE i.a.p.raft.roles.LeaderAppender - RaftServer{1} - Received AppendResponse{status=OK, term=1, succeeded=true, lastLogIndex=1} from 2
22:45:37.241 [raft-server-3] TRACE i.a.p.raft.roles.FollowerRole - RaftServer{3}{role=FOLLOWER} - Received AppendRequest{term=1, leader=1, prevLogIndex=1, prevLogTerm=1, entries=0, commitIndex=1}
22:45:37.241 [raft-server-3] TRACE i.a.p.raft.roles.FollowerRole - RaftServer{3}{role=FOLLOWER} - Sending AppendResponse{status=OK, term=1, succeeded=true, lastLogIndex=1}
22:45:37.241 [raft-server-1] TRACE i.a.p.raft.roles.LeaderAppender - RaftServer{1} - Sending AppendRequest{term=1, leader=1, prevLogIndex=1, prevLogTerm=1, entries=0, commitIndex=1} to 2
22:45:37.241 [raft-server-2] TRACE i.a.p.raft.roles.FollowerRole - RaftServer{2}{role=FOLLOWER} - Received AppendRequest{term=1, leader=1, prevLogIndex=1, prevLogTerm=1, entries=0, commitIndex=1}
22:45:37.241 [raft-server-1] TRACE i.a.p.raft.roles.LeaderAppender - RaftServer{1} - Received AppendResponse{status=OK, term=1, succeeded=true, lastLogIndex=1} from 3
22:45:37.241 [raft-server-2] TRACE i.a.p.raft.roles.FollowerRole - RaftServer{2}{role=FOLLOWER} - Sending AppendResponse{status=OK, term=1, succeeded=true, lastLogIndex=1}
22:45:37.242 [raft-server-1] TRACE i.a.p.raft.roles.LeaderAppender - RaftServer{1} - Received AppendResponse{status=OK, term=1, succeeded=true, lastLogIndex=1} from 2
22:45:37.490 [raft-server-1] TRACE i.a.p.raft.roles.LeaderAppender - RaftServer{1} - Sending AppendRequest{term=1, leader=1, prevLogIndex=1, prevLogTerm=1, entries=0, commitIndex=1} to 2
22:45:37.491 [raft-server-2] TRACE i.a.p.raft.roles.FollowerRole - RaftServer{2}{role=FOLLOWER} - Received AppendRequest{term=1, leader=1, prevLogIndex=1, prevLogTerm=1, entries=0, commitIndex=1}
22:45:37.491 [raft-server-1] TRACE i.a.p.raft.roles.LeaderAppender - RaftServer{1} - Sending AppendRequest{term=1, leader=1, prevLogIndex=1, prevLogTerm=1, entries=0, commitIndex=1} to 3
22:45:37.491 [raft-server-2] TRACE i.a.p.raft.roles.FollowerRole - RaftServer{2}{role=FOLLOWER} - Sending AppendResponse{status=OK, term=1, succeeded=true, lastLogIndex=1}
22:45:37.491 [raft-server-3] TRACE i.a.p.raft.roles.FollowerRole - RaftServer{3}{role=FOLLOWER} - Received AppendRequest{term=1, leader=1, prevLogIndex=1, prevLogTerm=1, entries=0, commitIndex=1}
22:45:37.491 [raft-server-3] TRACE i.a.p.raft.roles.FollowerRole - RaftServer{3}{role=FOLLOWER} - Sending AppendResponse{status=OK, term=1, succeeded=true, lastLogIndex=1}
22:45:37.491 [raft-server-1] TRACE i.a.p.raft.roles.LeaderAppender - RaftServer{1} - Received AppendResponse{status=OK, term=1, succeeded=true, lastLogIndex=1} from 2
22:45:37.491 [raft-server-1] TRACE i.a.p.raft.roles.LeaderAppender - RaftServer{1} - Sending AppendRequest{term=1, leader=1, prevLogIndex=1, prevLogTerm=1, entries=0, commitIndex=1} to 2
22:45:37.491 [raft-server-1] TRACE i.a.p.raft.roles.LeaderAppender - RaftServer{1} - Received AppendResponse{status=OK, term=1, succeeded=true, lastLogIndex=1} from 3
22:45:37.492 [raft-server-2] TRACE i.a.p.raft.roles.FollowerRole - RaftServer{2}{role=FOLLOWER} - Received AppendRequest{term=1, leader=1, prevLogIndex=1, prevLogTerm=1, entries=0, commitIndex=1}
22:45:37.492 [raft-server-2] TRACE i.a.p.raft.roles.FollowerRole - RaftServer{2}{role=FOLLOWER} - Sending AppendResponse{status=OK, term=1, succeeded=true, lastLogIndex=1}
22:45:37.492 [raft-server-1] TRACE i.a.p.raft.roles.LeaderAppender - RaftServer{1} - Received AppendResponse{status=OK, term=1, succeeded=true, lastLogIndex=1} from 2
22:45:37.656 [raft-server-3] TRACE i.a.p.r.c.impl.RaftClusterContext - RaftServer{3} - Cancelling join timeout
22:45:37.657 [raft-server-3] DEBUG i.a.p.r.c.impl.RaftClusterContext - RaftServer{3} - Attempting to join via 1
22:45:37.657 [raft-server-1] TRACE i.a.protocols.raft.roles.LeaderRole - RaftServer{1}{role=LEADER} - Received JoinRequest{member=DefaultRaftMember{id=3, type=ACTIVE, updated=2018-06-07T20:45:35.171Z}}
22:45:37.657 [raft-server-1] TRACE i.a.protocols.raft.roles.LeaderRole - RaftServer{1}{role=LEADER} - Sending JoinResponse{status=OK, index=0, term=0, timestamp=1528404334330, members=[DefaultRaftMember{id=1, type=ACTIVE, updated=2018-06-07T20:45:34.330Z}, DefaultRaftMember{id=2, type=ACTIVE, updated=2018-06-07T20:45:34.330Z}, DefaultRaftMember{id=3, type=ACTIVE, updated=2018-06-07T20:45:34.330Z}]}
22:45:37.659 [raft-server-3] TRACE i.a.p.r.c.impl.RaftClusterContext - RaftServer{3} - Cancelling join timeout
22:45:37.659 [raft-server-3] INFO  i.a.p.r.c.impl.RaftClusterContext - RaftServer{3} - Successfully joined via 1
22:45:37.659 [raft-server-3] INFO  i.a.p.raft.impl.DefaultRaftServer - RaftServer{3} - Server started successfully!
22:45:37.741 [raft-server-1] TRACE i.a.p.raft.roles.LeaderAppender - RaftServer{1} - Sending AppendRequest{term=1, leader=1, prevLogIndex=1, prevLogTerm=1, entries=0, commitIndex=1} to 2
22:45:37.741 [raft-server-2] TRACE i.a.p.raft.roles.FollowerRole - RaftServer{2}{role=FOLLOWER} - Received AppendRequest{term=1, leader=1, prevLogIndex=1, prevLogTerm=1, entries=0, commitIndex=1}
22:45:37.741 [raft-server-1] TRACE i.a.p.raft.roles.LeaderAppender - RaftServer{1} - Sending AppendRequest{term=1, leader=1, prevLogIndex=1, prevLogTerm=1, entries=0, commitIndex=1} to 3
22:45:37.741 [raft-server-2] TRACE i.a.p.raft.roles.FollowerRole - RaftServer{2}{role=FOLLOWER} - Sending AppendResponse{status=OK, term=1, succeeded=true, lastLogIndex=1}
22:45:37.741 [raft-server-1] TRACE i.a.p.raft.roles.LeaderAppender - RaftServer{1} - Received AppendResponse{status=OK, term=1, succeeded=true, lastLogIndex=1} from 2
22:45:37.741 [raft-server-3] TRACE i.a.p.raft.roles.FollowerRole - RaftServer{3}{role=FOLLOWER} - Received AppendRequest{term=1, leader=1, prevLogIndex=1, prevLogTerm=1, entries=0, commitIndex=1}
22:45:37.741 [raft-server-3] TRACE i.a.p.raft.roles.FollowerRole - RaftServer{3}{role=FOLLOWER} - Sending AppendResponse{status=OK, term=1, succeeded=true, lastLogIndex=1}
22:45:37.741 [raft-server-1] TRACE i.a.p.raft.roles.LeaderAppender - RaftServer{1} - Sending AppendRequest{term=1, leader=1, prevLogIndex=1, prevLogTerm=1, entries=0, commitIndex=1} to 2
22:45:37.742 [raft-server-2] TRACE i.a.p.raft.roles.FollowerRole - RaftServer{2}{role=FOLLOWER} - Received AppendRequest{term=1, leader=1, prevLogIndex=1, prevLogTerm=1, entries=0, commitIndex=1}
22:45:37.742 [raft-server-1] TRACE i.a.p.raft.roles.LeaderAppender - RaftServer{1} - Received AppendResponse{status=OK, term=1, succeeded=true, lastLogIndex=1} from 3
22:45:37.742 [raft-server-2] TRACE i.a.p.raft.roles.FollowerRole - RaftServer{2}{role=FOLLOWER} - Sending AppendResponse{status=OK, term=1, succeeded=true, lastLogIndex=1}
22:45:37.742 [raft-server-1] TRACE i.a.p.raft.roles.LeaderAppender - RaftServer{1} - Received AppendResponse{status=OK, term=1, succeeded=true, lastLogIndex=1} from 2
22:45:37.836 [raft-server-2] TRACE i.a.p.r.c.impl.RaftClusterContext - RaftServer{2} - Cancelling join timeout
22:45:37.836 [raft-server-2] DEBUG i.a.p.r.c.impl.RaftClusterContext - RaftServer{2} - Attempting to join via 1
22:45:37.837 [raft-server-1] TRACE i.a.protocols.raft.roles.LeaderRole - RaftServer{1}{role=LEADER} - Received JoinRequest{member=DefaultRaftMember{id=2, type=ACTIVE, updated=2018-06-07T20:45:34.699Z}}
22:45:37.837 [raft-server-1] TRACE i.a.protocols.raft.roles.LeaderRole - RaftServer{1}{role=LEADER} - Sending JoinResponse{status=OK, index=0, term=0, timestamp=1528404334330, members=[DefaultRaftMember{id=1, type=ACTIVE, updated=2018-06-07T20:45:34.330Z}, DefaultRaftMember{id=2, type=ACTIVE, updated=2018-06-07T20:45:34.330Z}, DefaultRaftMember{id=3, type=ACTIVE, updated=2018-06-07T20:45:34.330Z}]}
22:45:37.837 [raft-server-2] TRACE i.a.p.r.c.impl.RaftClusterContext - RaftServer{2} - Cancelling join timeout
22:45:37.837 [raft-server-2] INFO  i.a.p.r.c.impl.RaftClusterContext - RaftServer{2} - Successfully joined via 1
22:45:37.837 [raft-server-2] INFO  i.a.p.raft.impl.DefaultRaftServer - RaftServer{2} - Server started successfully!
22:45:37.839 [main] DEBUG i.a.p.p.i.RecoveringPartitionProxy - PartitionProxy{4d6eb0c5-808f-4bee-91ae-78c435ccd24a} - Opening proxy session
22:45:37.839 [main] DEBUG i.a.p.r.proxy.impl.RaftProxyManager - RaftClient{4d6eb0c5-808f-4bee-91ae-78c435ccd24a} - Opening session; name: raft-test, type: io.atomix.protocols.raft.RaftTest$TestPrimitiveType@35bfa1bb
22:45:37.839 [main] TRACE i.a.utils.serializer.KryoNamespace - Creating Kryo instance for KryoNamespace{registeredBlocks=[RegistrationBlock{begin=16, types=[([Ljava.lang.Class;@6b321262,null), ([Ljava.lang.Class;@68b11545,null), ([Ljava.lang.Class;@7d0100ea,null), ([Ljava.lang.Class;@357bc488,null), ([Ljava.lang.Class;@4ea17147,io.atomix.utils.serializer.serializers.ImmutableListSerializer@2eda4eeb), ([Ljava.lang.Class;@5ba90d8a,io.atomix.utils.serializer.serializers.ImmutableSetSerializer@309dcdf3), ([Ljava.lang.Class;@7573b9ee,io.atomix.utils.serializer.serializers.ImmutableMapSerializer@9a20cbd), ([Ljava.lang.Class;@1af4955e,null), ([Ljava.lang.Class;@445821a6,null), ([Ljava.lang.Class;@2c0c4c0a,null), ([Ljava.lang.Class;@35d26ad2,null), ([Ljava.lang.Class;@bb25753,null), ([Ljava.lang.Class;@ee21292,null), ([Ljava.lang.Class;@40c06358,null), ([Ljava.lang.Class;@66e21568,null), ([Ljava.lang.Class;@7f73ce28,null), ([Ljava.lang.Class;@611b35d6,null), ([Ljava.lang.Class;@2282400e,null), ([Ljava.lang.Class;@543d5863,null), ([Ljava.lang.Class;@35dece42,null), ([Ljava.lang.Class;@dd3f8aa,io.atomix.utils.serializer.serializers.ArraysAsListSerializer@3d615b2e), ([Ljava.lang.Class;@3a1f2a1,null), ([Ljava.lang.Class;@40ce9049,null), ([Ljava.lang.Class;@52ca2652,null), ([Ljava.lang.Class;@65c5bf0e,null), ([Ljava.lang.Class;@697d6ded,null), ([Ljava.lang.Class;@5d05f453,null), ([Ljava.lang.Class;@5efeb117,null), ([Ljava.lang.Class;@160b4809,null), ([Ljava.lang.Class;@149b4d20,null), ([Ljava.lang.Class;@664e848c,null), ([Ljava.lang.Class;@4d93f75b,null), ([Ljava.lang.Class;@114a5e0,null), ([Ljava.lang.Class;@4f281aaf,null), ([Ljava.lang.Class;@5d508d22,null), ([Ljava.lang.Class;@f2b90fc,null)]}, RegistrationBlock{begin=52, types=[([Ljava.lang.Class;@3a38f122,null)]}]}
22:45:37.840 [main] TRACE i.a.utils.serializer.KryoNamespace - class [B registered as 16
22:45:37.840 [main] TRACE i.a.utils.serializer.KryoNamespace - class java.util.concurrent.atomic.AtomicBoolean registered as 17
22:45:37.840 [main] TRACE i.a.utils.serializer.KryoNamespace - class java.util.concurrent.atomic.AtomicInteger registered as 18
22:45:37.840 [main] TRACE i.a.utils.serializer.KryoNamespace - class java.util.concurrent.atomic.AtomicLong registered as 19
22:45:37.840 [main] TRACE i.a.utils.serializer.KryoNamespace - class com.google.common.collect.ImmutableList registered as 20
22:45:37.840 [main] TRACE i.a.utils.serializer.KryoNamespace - class com.google.common.collect.RegularImmutableList registered as 20
22:45:37.840 [main] TRACE i.a.utils.serializer.KryoNamespace - class com.google.common.collect.RegularImmutableList registered as 20
22:45:37.840 [main] TRACE i.a.utils.serializer.KryoNamespace - class com.google.common.collect.ImmutableList$SubList registered as 20
22:45:37.840 [main] TRACE i.a.utils.serializer.KryoNamespace - class com.google.common.collect.ImmutableSet registered as 21
22:45:37.840 [main] TRACE i.a.utils.serializer.KryoNamespace - class com.google.common.collect.RegularImmutableSet registered as 21
22:45:37.840 [main] TRACE i.a.utils.serializer.KryoNamespace - class com.google.common.collect.SingletonImmutableSet registered as 21
22:45:37.840 [main] TRACE i.a.utils.serializer.KryoNamespace - class com.google.common.collect.RegularImmutableSet registered as 21
22:45:37.840 [main] TRACE i.a.utils.serializer.KryoNamespace - class com.google.common.collect.ImmutableMap registered as 22
22:45:37.840 [main] TRACE i.a.utils.serializer.KryoNamespace - class com.google.common.collect.RegularImmutableMap registered as 22
22:45:37.840 [main] TRACE i.a.utils.serializer.KryoNamespace - class com.google.common.collect.RegularImmutableMap registered as 22
22:45:37.840 [main] TRACE i.a.utils.serializer.KryoNamespace - class com.google.common.collect.RegularImmutableMap registered as 22
22:45:37.840 [main] TRACE i.a.utils.serializer.KryoNamespace - class java.util.Collections$UnmodifiableSet registered as 23
22:45:37.840 [main] TRACE i.a.utils.serializer.KryoNamespace - class java.util.HashMap registered as 24
22:45:37.840 [main] TRACE i.a.utils.serializer.KryoNamespace - class java.util.concurrent.ConcurrentHashMap registered as 25
22:45:37.840 [main] TRACE i.a.utils.serializer.KryoNamespace - class java.util.concurrent.CopyOnWriteArraySet registered as 26
22:45:37.841 [main] TRACE i.a.utils.serializer.KryoNamespace - class java.util.ArrayList registered as 27
22:45:37.841 [main] TRACE i.a.utils.serializer.KryoNamespace - class java.util.LinkedList registered as 28
22:45:37.841 [main] TRACE i.a.utils.serializer.KryoNamespace - class java.util.HashSet registered as 29
22:45:37.841 [main] TRACE i.a.utils.serializer.KryoNamespace - class java.util.LinkedHashSet registered as 30
22:45:37.841 [main] TRACE i.a.utils.serializer.KryoNamespace - class com.sun.jmx.remote.internal.ArrayQueue registered as 31
22:45:37.841 [main] TRACE i.a.utils.serializer.KryoNamespace - class java.util.ArrayDeque registered as 32
22:45:37.841 [main] TRACE i.a.utils.serializer.KryoNamespace - class com.google.common.collect.HashMultiset registered as 33
22:45:37.841 [main] TRACE i.a.utils.serializer.KryoNamespace - class com.google.common.collect.Sets registered as 34
22:45:37.841 [main] TRACE i.a.utils.serializer.KryoNamespace - class com.google.common.collect.ImmutableEntry registered as 35
22:45:37.841 [main] TRACE i.a.utils.serializer.KryoNamespace - class java.util.Arrays$ArrayList registered as 36
22:45:37.841 [main] TRACE i.a.utils.serializer.KryoNamespace - class java.util.Collections$SingletonList registered as 37
22:45:37.841 [main] TRACE i.a.utils.serializer.KryoNamespace - class java.time.Duration registered as 38
22:45:37.841 [main] TRACE i.a.utils.serializer.KryoNamespace - class java.util.Collections$EmptySet registered as 39
22:45:37.841 [main] TRACE i.a.utils.serializer.KryoNamespace - class java.util.Optional registered as 40
22:45:37.841 [main] TRACE i.a.utils.serializer.KryoNamespace - class java.util.Collections$EmptyList registered as 41
22:45:37.841 [main] TRACE i.a.utils.serializer.KryoNamespace - class java.util.Collections$SingletonSet registered as 42
22:45:37.841 [main] TRACE i.a.utils.serializer.KryoNamespace - class [I registered as 43
22:45:37.842 [main] TRACE i.a.utils.serializer.KryoNamespace - class [J registered as 44
22:45:37.842 [main] TRACE i.a.utils.serializer.KryoNamespace - class [S registered as 45
22:45:37.842 [main] TRACE i.a.utils.serializer.KryoNamespace - class [D registered as 46
22:45:37.842 [main] TRACE i.a.utils.serializer.KryoNamespace - class [F registered as 47
22:45:37.842 [main] TRACE i.a.utils.serializer.KryoNamespace - class [C registered as 48
22:45:37.842 [main] TRACE i.a.utils.serializer.KryoNamespace - class [Ljava.lang.String; registered as 49
22:45:37.842 [main] TRACE i.a.utils.serializer.KryoNamespace - class [Z registered as 50
22:45:37.842 [main] TRACE i.a.utils.serializer.KryoNamespace - class [Ljava.lang.Object; registered as 51
22:45:37.842 [main] TRACE i.a.utils.serializer.KryoNamespace - class io.atomix.primitive.service.ServiceConfig registered as 52
22:45:37.846 [raft-client-4d6eb0c5-808f-4bee-91ae-78c435ccd24a-0] TRACE i.a.p.r.p.impl.RaftProxyConnection - RaftClient{4d6eb0c5-808f-4bee-91ae-78c435ccd24a} - Sending OpenSessionRequest{node=4, serviceName=raft-test, serviceType=raft-test, readConsistency=LINEARIZABLE, minTimeout=250, maxTimeout=5000} to 2
22:45:37.847 [raft-server-2] TRACE i.a.p.raft.roles.FollowerRole - RaftServer{2}{role=FOLLOWER} - Received OpenSessionRequest{node=4, serviceName=raft-test, serviceType=raft-test, readConsistency=LINEARIZABLE, minTimeout=250, maxTimeout=5000}
22:45:37.847 [raft-server-1] TRACE i.a.protocols.raft.roles.LeaderRole - RaftServer{1}{role=LEADER} - Received OpenSessionRequest{node=4, serviceName=raft-test, serviceType=raft-test, readConsistency=LINEARIZABLE, minTimeout=250, maxTimeout=5000}
22:45:37.847 [raft-server-1] TRACE i.a.protocols.raft.roles.LeaderRole - RaftServer{1}{role=LEADER} - Appended Indexed{index=2, entry=OpenSessionEntry{term=1, timestamp=2018-06-07 10:45:37,847, node=4, serviceName=raft-test, serviceType=raft-test, serviceConfig=byte[]{length=2, hash=2636}, readConsistency=LINEARIZABLE, minTimeout=250, maxTimeout=5000}}
22:45:37.848 [raft-server-1] TRACE i.a.p.raft.roles.LeaderAppender - RaftServer{1} - Sending AppendRequest{term=1, leader=1, prevLogIndex=1, prevLogTerm=1, entries=1, commitIndex=1} to 2
22:45:37.848 [raft-server-2] TRACE i.a.p.raft.roles.FollowerRole - RaftServer{2}{role=FOLLOWER} - Received AppendRequest{term=1, leader=1, prevLogIndex=1, prevLogTerm=1, entries=1, commitIndex=1}
22:45:37.848 [raft-server-1] TRACE i.a.p.raft.roles.LeaderAppender - RaftServer{1} - Sending AppendRequest{term=1, leader=1, prevLogIndex=1, prevLogTerm=1, entries=1, commitIndex=1} to 3
22:45:37.848 [raft-server-3] TRACE i.a.p.raft.roles.FollowerRole - RaftServer{3}{role=FOLLOWER} - Received AppendRequest{term=1, leader=1, prevLogIndex=1, prevLogTerm=1, entries=1, commitIndex=1}
22:45:37.848 [raft-server-2] TRACE i.a.p.raft.roles.FollowerRole - RaftServer{2}{role=FOLLOWER} - Appended Indexed{index=2, entry=OpenSessionEntry{term=1, timestamp=2018-06-07 10:45:37,847, node=4, serviceName=raft-test, serviceType=raft-test, serviceConfig=byte[]{length=2, hash=2636}, readConsistency=LINEARIZABLE, minTimeout=250, maxTimeout=5000}}
22:45:37.848 [raft-server-2] TRACE i.a.p.raft.roles.FollowerRole - RaftServer{2}{role=FOLLOWER} - Sending AppendResponse{status=OK, term=1, succeeded=true, lastLogIndex=2}
22:45:37.848 [raft-server-3] TRACE i.a.p.raft.roles.FollowerRole - RaftServer{3}{role=FOLLOWER} - Appended Indexed{index=2, entry=OpenSessionEntry{term=1, timestamp=2018-06-07 10:45:37,847, node=4, serviceName=raft-test, serviceType=raft-test, serviceConfig=byte[]{length=2, hash=2636}, readConsistency=LINEARIZABLE, minTimeout=250, maxTimeout=5000}}
22:45:37.848 [raft-server-1] TRACE i.a.p.raft.roles.LeaderAppender - RaftServer{1} - Received AppendResponse{status=OK, term=1, succeeded=true, lastLogIndex=2} from 2
22:45:37.848 [raft-server-3] TRACE i.a.p.raft.roles.FollowerRole - RaftServer{3}{role=FOLLOWER} - Sending AppendResponse{status=OK, term=1, succeeded=true, lastLogIndex=2}
22:45:37.848 [raft-server-1] TRACE i.a.p.raft.roles.LeaderAppender - RaftServer{1} - Committed entries up to 2
22:45:37.890 [raft-server-1] TRACE i.a.p.raft.roles.LeaderAppender - RaftServer{1} - Received AppendResponse{status=OK, term=1, succeeded=true, lastLogIndex=2} from 3
22:45:37.891 [raft-server-1-state] TRACE i.a.p.raft.impl.RaftServiceManager - RaftServer{1} - Applying Indexed{index=2, entry=OpenSessionEntry{term=1, timestamp=2018-06-07 10:45:37,847, node=4, serviceName=raft-test, serviceType=raft-test, serviceConfig=byte[]{length=2, hash=2636}, readConsistency=LINEARIZABLE, minTimeout=250, maxTimeout=5000}}
22:45:37.891 [raft-server-1-state] TRACE i.a.utils.serializer.KryoNamespace - Creating Kryo instance for KryoNamespace{registeredBlocks=[RegistrationBlock{begin=16, types=[([Ljava.lang.Class;@6b321262,null), ([Ljava.lang.Class;@68b11545,null), ([Ljava.lang.Class;@7d0100ea,null), ([Ljava.lang.Class;@357bc488,null), ([Ljava.lang.Class;@4ea17147,io.atomix.utils.serializer.serializers.ImmutableListSerializer@2eda4eeb), ([Ljava.lang.Class;@5ba90d8a,io.atomix.utils.serializer.serializers.ImmutableSetSerializer@309dcdf3), ([Ljava.lang.Class;@7573b9ee,io.atomix.utils.serializer.serializers.ImmutableMapSerializer@9a20cbd), ([Ljava.lang.Class;@1af4955e,null), ([Ljava.lang.Class;@445821a6,null), ([Ljava.lang.Class;@2c0c4c0a,null), ([Ljava.lang.Class;@35d26ad2,null), ([Ljava.lang.Class;@bb25753,null), ([Ljava.lang.Class;@ee21292,null), ([Ljava.lang.Class;@40c06358,null), ([Ljava.lang.Class;@66e21568,null), ([Ljava.lang.Class;@7f73ce28,null), ([Ljava.lang.Class;@611b35d6,null), ([Ljava.lang.Class;@2282400e,null), ([Ljava.lang.Class;@543d5863,null), ([Ljava.lang.Class;@35dece42,null), ([Ljava.lang.Class;@dd3f8aa,io.atomix.utils.serializer.serializers.ArraysAsListSerializer@3d615b2e), ([Ljava.lang.Class;@3a1f2a1,null), ([Ljava.lang.Class;@40ce9049,null), ([Ljava.lang.Class;@52ca2652,null), ([Ljava.lang.Class;@65c5bf0e,null), ([Ljava.lang.Class;@697d6ded,null), ([Ljava.lang.Class;@5d05f453,null), ([Ljava.lang.Class;@5efeb117,null), ([Ljava.lang.Class;@160b4809,null), ([Ljava.lang.Class;@149b4d20,null), ([Ljava.lang.Class;@664e848c,null), ([Ljava.lang.Class;@4d93f75b,null), ([Ljava.lang.Class;@114a5e0,null), ([Ljava.lang.Class;@4f281aaf,null), ([Ljava.lang.Class;@5d508d22,null), ([Ljava.lang.Class;@f2b90fc,null)]}, RegistrationBlock{begin=52, types=[([Ljava.lang.Class;@1b8abbd2,null)]}]}
22:45:37.892 [raft-server-1-state] TRACE i.a.utils.serializer.KryoNamespace - class [B registered as 16
22:45:37.892 [raft-server-1-state] TRACE i.a.utils.serializer.KryoNamespace - class java.util.concurrent.atomic.AtomicBoolean registered as 17
22:45:37.892 [raft-server-1-state] TRACE i.a.utils.serializer.KryoNamespace - class java.util.concurrent.atomic.AtomicInteger registered as 18
22:45:37.892 [raft-server-1-state] TRACE i.a.utils.serializer.KryoNamespace - class java.util.concurrent.atomic.AtomicLong registered as 19
22:45:37.892 [raft-server-1-state] TRACE i.a.utils.serializer.KryoNamespace - class com.google.common.collect.ImmutableList registered as 20
22:45:37.892 [raft-server-1-state] TRACE i.a.utils.serializer.KryoNamespace - class com.google.common.collect.RegularImmutableList registered as 20
22:45:37.892 [raft-server-1-state] TRACE i.a.utils.serializer.KryoNamespace - class com.google.common.collect.RegularImmutableList registered as 20
22:45:37.892 [raft-server-1-state] TRACE i.a.utils.serializer.KryoNamespace - class com.google.common.collect.ImmutableList$SubList registered as 20
22:45:37.892 [raft-server-1-state] TRACE i.a.utils.serializer.KryoNamespace - class com.google.common.collect.ImmutableSet registered as 21
22:45:37.892 [raft-server-1-state] TRACE i.a.utils.serializer.KryoNamespace - class com.google.common.collect.RegularImmutableSet registered as 21
22:45:37.892 [raft-server-1-state] TRACE i.a.utils.serializer.KryoNamespace - class com.google.common.collect.SingletonImmutableSet registered as 21
22:45:37.892 [raft-server-1-state] TRACE i.a.utils.serializer.KryoNamespace - class com.google.common.collect.RegularImmutableSet registered as 21
22:45:37.892 [raft-server-1-state] TRACE i.a.utils.serializer.KryoNamespace - class com.google.common.collect.ImmutableMap registered as 22
22:45:37.893 [raft-server-1-state] TRACE i.a.utils.serializer.KryoNamespace - class com.google.common.collect.RegularImmutableMap registered as 22
22:45:37.893 [raft-server-1-state] TRACE i.a.utils.serializer.KryoNamespace - class com.google.common.collect.RegularImmutableMap registered as 22
22:45:37.893 [raft-server-1-state] TRACE i.a.utils.serializer.KryoNamespace - class com.google.common.collect.RegularImmutableMap registered as 22
22:45:37.893 [raft-server-1-state] TRACE i.a.utils.serializer.KryoNamespace - class java.util.Collections$UnmodifiableSet registered as 23
22:45:37.893 [raft-server-1-state] TRACE i.a.utils.serializer.KryoNamespace - class java.util.HashMap registered as 24
22:45:37.893 [raft-server-1-state] TRACE i.a.utils.serializer.KryoNamespace - class java.util.concurrent.ConcurrentHashMap registered as 25
22:45:37.893 [raft-server-1-state] TRACE i.a.utils.serializer.KryoNamespace - class java.util.concurrent.CopyOnWriteArraySet registered as 26
22:45:37.893 [raft-server-1-state] TRACE i.a.utils.serializer.KryoNamespace - class java.util.ArrayList registered as 27
22:45:37.893 [raft-server-1-state] TRACE i.a.utils.serializer.KryoNamespace - class java.util.LinkedList registered as 28
22:45:37.893 [raft-server-1-state] TRACE i.a.utils.serializer.KryoNamespace - class java.util.HashSet registered as 29
22:45:37.893 [raft-server-1-state] TRACE i.a.utils.serializer.KryoNamespace - class java.util.LinkedHashSet registered as 30
22:45:37.893 [raft-server-1-state] TRACE i.a.utils.serializer.KryoNamespace - class com.sun.jmx.remote.internal.ArrayQueue registered as 31
22:45:37.893 [raft-server-1-state] TRACE i.a.utils.serializer.KryoNamespace - class java.util.ArrayDeque registered as 32
22:45:37.893 [raft-server-1-state] TRACE i.a.utils.serializer.KryoNamespace - class com.google.common.collect.HashMultiset registered as 33
22:45:37.894 [raft-server-1-state] TRACE i.a.utils.serializer.KryoNamespace - class com.google.common.collect.Sets registered as 34
22:45:37.894 [raft-server-1-state] TRACE i.a.utils.serializer.KryoNamespace - class com.google.common.collect.ImmutableEntry registered as 35
22:45:37.894 [raft-server-1-state] TRACE i.a.utils.serializer.KryoNamespace - class java.util.Arrays$ArrayList registered as 36
22:45:37.894 [raft-server-1-state] TRACE i.a.utils.serializer.KryoNamespace - class java.util.Collections$SingletonList registered as 37
22:45:37.894 [raft-server-1-state] TRACE i.a.utils.serializer.KryoNamespace - class java.time.Duration registered as 38
22:45:37.894 [raft-server-1-state] TRACE i.a.utils.serializer.KryoNamespace - class java.util.Collections$EmptySet registered as 39
22:45:37.894 [raft-server-1-state] TRACE i.a.utils.serializer.KryoNamespace - class java.util.Optional registered as 40
22:45:37.894 [raft-server-1-state] TRACE i.a.utils.serializer.KryoNamespace - class java.util.Collections$EmptyList registered as 41
22:45:37.894 [raft-server-1-state] TRACE i.a.utils.serializer.KryoNamespace - class java.util.Collections$SingletonSet registered as 42
22:45:37.894 [raft-server-1-state] TRACE i.a.utils.serializer.KryoNamespace - class [I registered as 43
22:45:37.894 [raft-server-1-state] TRACE i.a.utils.serializer.KryoNamespace - class [J registered as 44
22:45:37.894 [raft-server-1-state] TRACE i.a.utils.serializer.KryoNamespace - class [S registered as 45
22:45:37.894 [raft-server-1-state] TRACE i.a.utils.serializer.KryoNamespace - class [D registered as 46
22:45:37.895 [raft-server-1-state] TRACE i.a.utils.serializer.KryoNamespace - class [F registered as 47
22:45:37.895 [raft-server-1-state] TRACE i.a.utils.serializer.KryoNamespace - class [C registered as 48
22:45:37.895 [raft-server-1-state] TRACE i.a.utils.serializer.KryoNamespace - class [Ljava.lang.String; registered as 49
22:45:37.895 [raft-server-1-state] TRACE i.a.utils.serializer.KryoNamespace - class [Z registered as 50
22:45:37.895 [raft-server-1-state] TRACE i.a.utils.serializer.KryoNamespace - class [Ljava.lang.Object; registered as 51
22:45:37.895 [raft-server-1-state] TRACE i.a.utils.serializer.KryoNamespace - class io.atomix.primitive.service.ServiceConfig registered as 52
22:45:37.895 [raft-server-1-state] TRACE i.a.utils.serializer.KryoNamespace - Creating Kryo instance for KryoNamespace{registeredBlocks=[RegistrationBlock{begin=16, types=[([Ljava.lang.Class;@6b321262,null), ([Ljava.lang.Class;@68b11545,null), ([Ljava.lang.Class;@7d0100ea,null), ([Ljava.lang.Class;@357bc488,null), ([Ljava.lang.Class;@4ea17147,io.atomix.utils.serializer.serializers.ImmutableListSerializer@2eda4eeb), ([Ljava.lang.Class;@5ba90d8a,io.atomix.utils.serializer.serializers.ImmutableSetSerializer@309dcdf3), ([Ljava.lang.Class;@7573b9ee,io.atomix.utils.serializer.serializers.ImmutableMapSerializer@9a20cbd), ([Ljava.lang.Class;@1af4955e,null), ([Ljava.lang.Class;@445821a6,null), ([Ljava.lang.Class;@2c0c4c0a,null), ([Ljava.lang.Class;@35d26ad2,null), ([Ljava.lang.Class;@bb25753,null), ([Ljava.lang.Class;@ee21292,null), ([Ljava.lang.Class;@40c06358,null), ([Ljava.lang.Class;@66e21568,null), ([Ljava.lang.Class;@7f73ce28,null), ([Ljava.lang.Class;@611b35d6,null), ([Ljava.lang.Class;@2282400e,null), ([Ljava.lang.Class;@543d5863,null), ([Ljava.lang.Class;@35dece42,null), ([Ljava.lang.Class;@dd3f8aa,io.atomix.utils.serializer.serializers.ArraysAsListSerializer@3d615b2e), ([Ljava.lang.Class;@3a1f2a1,null), ([Ljava.lang.Class;@40ce9049,null), ([Ljava.lang.Class;@52ca2652,null), ([Ljava.lang.Class;@65c5bf0e,null), ([Ljava.lang.Class;@697d6ded,null), ([Ljava.lang.Class;@5d05f453,null), ([Ljava.lang.Class;@5efeb117,null), ([Ljava.lang.Class;@160b4809,null), ([Ljava.lang.Class;@149b4d20,null), ([Ljava.lang.Class;@664e848c,null), ([Ljava.lang.Class;@4d93f75b,null), ([Ljava.lang.Class;@114a5e0,null), ([Ljava.lang.Class;@4f281aaf,null), ([Ljava.lang.Class;@5d508d22,null), ([Ljava.lang.Class;@f2b90fc,null)]}, RegistrationBlock{begin=52, types=[([Ljava.lang.Class;@154d56d3,null)]}]}
22:45:37.895 [raft-server-1-state] TRACE i.a.utils.serializer.KryoNamespace - class [B registered as 16
22:45:37.896 [raft-server-1-state] TRACE i.a.utils.serializer.KryoNamespace - class java.util.concurrent.atomic.AtomicBoolean registered as 17
22:45:37.896 [raft-server-1-state] TRACE i.a.utils.serializer.KryoNamespace - class java.util.concurrent.atomic.AtomicInteger registered as 18
22:45:37.896 [raft-server-1-state] TRACE i.a.utils.serializer.KryoNamespace - class java.util.concurrent.atomic.AtomicLong registered as 19
22:45:37.896 [raft-server-1-state] TRACE i.a.utils.serializer.KryoNamespace - class com.google.common.collect.ImmutableList registered as 20
22:45:37.896 [raft-server-1-state] TRACE i.a.utils.serializer.KryoNamespace - class com.google.common.collect.RegularImmutableList registered as 20
22:45:37.896 [raft-server-1-state] TRACE i.a.utils.serializer.KryoNamespace - class com.google.common.collect.RegularImmutableList registered as 20
22:45:37.896 [raft-server-1-state] TRACE i.a.utils.serializer.KryoNamespace - class com.google.common.collect.ImmutableList$SubList registered as 20
22:45:37.896 [raft-server-1-state] TRACE i.a.utils.serializer.KryoNamespace - class com.google.common.collect.ImmutableSet registered as 21
22:45:37.896 [raft-server-1-state] TRACE i.a.utils.serializer.KryoNamespace - class com.google.common.collect.RegularImmutableSet registered as 21
22:45:37.896 [raft-server-1-state] TRACE i.a.utils.serializer.KryoNamespace - class com.google.common.collect.SingletonImmutableSet registered as 21
22:45:37.896 [raft-server-1-state] TRACE i.a.utils.serializer.KryoNamespace - class com.google.common.collect.RegularImmutableSet registered as 21
22:45:37.896 [raft-server-1-state] TRACE i.a.utils.serializer.KryoNamespace - class com.google.common.collect.ImmutableMap registered as 22
22:45:37.896 [raft-server-1-state] TRACE i.a.utils.serializer.KryoNamespace - class com.google.common.collect.RegularImmutableMap registered as 22
22:45:37.896 [raft-server-1-state] TRACE i.a.utils.serializer.KryoNamespace - class com.google.common.collect.RegularImmutableMap registered as 22
22:45:37.896 [raft-server-1-state] TRACE i.a.utils.serializer.KryoNamespace - class com.google.common.collect.RegularImmutableMap registered as 22
22:45:37.896 [raft-server-1-state] TRACE i.a.utils.serializer.KryoNamespace - class java.util.Collections$UnmodifiableSet registered as 23
22:45:37.896 [raft-server-1-state] TRACE i.a.utils.serializer.KryoNamespace - class java.util.HashMap registered as 24
22:45:37.896 [raft-server-1-state] TRACE i.a.utils.serializer.KryoNamespace - class java.util.concurrent.ConcurrentHashMap registered as 25
22:45:37.896 [raft-server-1-state] TRACE i.a.utils.serializer.KryoNamespace - class java.util.concurrent.CopyOnWriteArraySet registered as 26
22:45:37.897 [raft-server-1-state] TRACE i.a.utils.serializer.KryoNamespace - class java.util.ArrayList registered as 27
22:45:37.897 [raft-server-1-state] TRACE i.a.utils.serializer.KryoNamespace - class java.util.LinkedList registered as 28
22:45:37.897 [raft-server-1-state] TRACE i.a.utils.serializer.KryoNamespace - class java.util.HashSet registered as 29
22:45:37.897 [raft-server-1-state] TRACE i.a.utils.serializer.KryoNamespace - class java.util.LinkedHashSet registered as 30
22:45:37.897 [raft-server-1-state] TRACE i.a.utils.serializer.KryoNamespace - class com.sun.jmx.remote.internal.ArrayQueue registered as 31
22:45:37.897 [raft-server-1-state] TRACE i.a.utils.serializer.KryoNamespace - class java.util.ArrayDeque registered as 32
22:45:37.897 [raft-server-1-state] TRACE i.a.utils.serializer.KryoNamespace - class com.google.common.collect.HashMultiset registered as 33
22:45:37.897 [raft-server-1-state] TRACE i.a.utils.serializer.KryoNamespace - class com.google.common.collect.Sets registered as 34
22:45:37.897 [raft-server-1-state] TRACE i.a.utils.serializer.KryoNamespace - class com.google.common.collect.ImmutableEntry registered as 35
22:45:37.897 [raft-server-1-state] TRACE i.a.utils.serializer.KryoNamespace - class java.util.Arrays$ArrayList registered as 36
22:45:37.897 [raft-server-1-state] TRACE i.a.utils.serializer.KryoNamespace - class java.util.Collections$SingletonList registered as 37
22:45:37.897 [raft-server-1-state] TRACE i.a.utils.serializer.KryoNamespace - class java.time.Duration registered as 38
22:45:37.897 [raft-server-1-state] TRACE i.a.utils.serializer.KryoNamespace - class java.util.Collections$EmptySet registered as 39
22:45:37.897 [raft-server-1-state] TRACE i.a.utils.serializer.KryoNamespace - class java.util.Optional registered as 40
22:45:37.898 [raft-server-1-state] TRACE i.a.utils.serializer.KryoNamespace - class java.util.Collections$EmptyList registered as 41
22:45:37.898 [raft-server-1-state] TRACE i.a.utils.serializer.KryoNamespace - class java.util.Collections$SingletonSet registered as 42
22:45:37.898 [raft-server-1-state] TRACE i.a.utils.serializer.KryoNamespace - class [I registered as 43
22:45:37.898 [raft-server-1-state] TRACE i.a.utils.serializer.KryoNamespace - class [J registered as 44
22:45:37.898 [raft-server-1-state] TRACE i.a.utils.serializer.KryoNamespace - class [S registered as 45
22:45:37.898 [raft-server-1-state] TRACE i.a.utils.serializer.KryoNamespace - class [D registered as 46
22:45:37.898 [raft-server-1-state] TRACE i.a.utils.serializer.KryoNamespace - class [F registered as 47
22:45:37.898 [raft-server-1-state] TRACE i.a.utils.serializer.KryoNamespace - class [C registered as 48
22:45:37.898 [raft-server-1-state] TRACE i.a.utils.serializer.KryoNamespace - class [Ljava.lang.String; registered as 49
22:45:37.898 [raft-server-1-state] TRACE i.a.utils.serializer.KryoNamespace - class [Z registered as 50
22:45:37.898 [raft-server-1-state] TRACE i.a.utils.serializer.KryoNamespace - class [Ljava.lang.Object; registered as 51
22:45:37.898 [raft-server-1-state] TRACE i.a.utils.serializer.KryoNamespace - class io.atomix.primitive.service.ServiceConfig registered as 52
22:45:37.899 [raft-server-1-state] TRACE i.a.utils.serializer.KryoNamespace - Creating Kryo instance for KryoNamespace{registeredBlocks=[RegistrationBlock{begin=16, types=[([Ljava.lang.Class;@6b321262,null), ([Ljava.lang.Class;@68b11545,null), ([Ljava.lang.Class;@7d0100ea,null), ([Ljava.lang.Class;@357bc488,null), ([Ljava.lang.Class;@4ea17147,io.atomix.utils.serializer.serializers.ImmutableListSerializer@2eda4eeb), ([Ljava.lang.Class;@5ba90d8a,io.atomix.utils.serializer.serializers.ImmutableSetSerializer@309dcdf3), ([Ljava.lang.Class;@7573b9ee,io.atomix.utils.serializer.serializers.ImmutableMapSerializer@9a20cbd), ([Ljava.lang.Class;@1af4955e,null), ([Ljava.lang.Class;@445821a6,null), ([Ljava.lang.Class;@2c0c4c0a,null), ([Ljava.lang.Class;@35d26ad2,null), ([Ljava.lang.Class;@bb25753,null), ([Ljava.lang.Class;@ee21292,null), ([Ljava.lang.Class;@40c06358,null), ([Ljava.lang.Class;@66e21568,null), ([Ljava.lang.Class;@7f73ce28,null), ([Ljava.lang.Class;@611b35d6,null), ([Ljava.lang.Class;@2282400e,null), ([Ljava.lang.Class;@543d5863,null), ([Ljava.lang.Class;@35dece42,null), ([Ljava.lang.Class;@dd3f8aa,io.atomix.utils.serializer.serializers.ArraysAsListSerializer@3d615b2e), ([Ljava.lang.Class;@3a1f2a1,null), ([Ljava.lang.Class;@40ce9049,null), ([Ljava.lang.Class;@52ca2652,null), ([Ljava.lang.Class;@65c5bf0e,null), ([Ljava.lang.Class;@697d6ded,null), ([Ljava.lang.Class;@5d05f453,null), ([Ljava.lang.Class;@5efeb117,null), ([Ljava.lang.Class;@160b4809,null), ([Ljava.lang.Class;@149b4d20,null), ([Ljava.lang.Class;@664e848c,null), ([Ljava.lang.Class;@4d93f75b,null), ([Ljava.lang.Class;@114a5e0,null), ([Ljava.lang.Class;@4f281aaf,null), ([Ljava.lang.Class;@5d508d22,null), ([Ljava.lang.Class;@f2b90fc,null)]}, RegistrationBlock{begin=52, types=[([Ljava.lang.Class;@1172d0a2,null)]}]}
22:45:37.899 [raft-server-1-state] TRACE i.a.utils.serializer.KryoNamespace - class [B registered as 16
22:45:37.899 [raft-server-1-state] TRACE i.a.utils.serializer.KryoNamespace - class java.util.concurrent.atomic.AtomicBoolean registered as 17
22:45:37.899 [raft-server-1-state] TRACE i.a.utils.serializer.KryoNamespace - class java.util.concurrent.atomic.AtomicInteger registered as 18
22:45:37.899 [raft-server-1-state] TRACE i.a.utils.serializer.KryoNamespace - class java.util.concurrent.atomic.AtomicLong registered as 19
22:45:37.899 [raft-server-1-state] TRACE i.a.utils.serializer.KryoNamespace - class com.google.common.collect.ImmutableList registered as 20
22:45:37.899 [raft-server-1-state] TRACE i.a.utils.serializer.KryoNamespace - class com.google.common.collect.RegularImmutableList registered as 20
22:45:37.899 [raft-server-1-state] TRACE i.a.utils.serializer.KryoNamespace - class com.google.common.collect.RegularImmutableList registered as 20
22:45:37.899 [raft-server-1-state] TRACE i.a.utils.serializer.KryoNamespace - class com.google.common.collect.ImmutableList$SubList registered as 20
22:45:37.900 [raft-server-1-state] TRACE i.a.utils.serializer.KryoNamespace - class com.google.common.collect.ImmutableSet registered as 21
22:45:37.900 [raft-server-1-state] TRACE i.a.utils.serializer.KryoNamespace - class com.google.common.collect.RegularImmutableSet registered as 21
22:45:37.900 [raft-server-1-state] TRACE i.a.utils.serializer.KryoNamespace - class com.google.common.collect.SingletonImmutableSet registered as 21
22:45:37.900 [raft-server-1-state] TRACE i.a.utils.serializer.KryoNamespace - class com.google.common.collect.RegularImmutableSet registered as 21
22:45:37.900 [raft-server-1-state] TRACE i.a.utils.serializer.KryoNamespace - class com.google.common.collect.ImmutableMap registered as 22
22:45:37.900 [raft-server-1-state] TRACE i.a.utils.serializer.KryoNamespace - class com.google.common.collect.RegularImmutableMap registered as 22
22:45:37.900 [raft-server-1-state] TRACE i.a.utils.serializer.KryoNamespace - class com.google.common.collect.RegularImmutableMap registered as 22
22:45:37.900 [raft-server-1-state] TRACE i.a.utils.serializer.KryoNamespace - class com.google.common.collect.RegularImmutableMap registered as 22
22:45:37.900 [raft-server-1-state] TRACE i.a.utils.serializer.KryoNamespace - class java.util.Collections$UnmodifiableSet registered as 23
22:45:37.900 [raft-server-1-state] TRACE i.a.utils.serializer.KryoNamespace - class java.util.HashMap registered as 24
22:45:37.900 [raft-server-1-state] TRACE i.a.utils.serializer.KryoNamespace - class java.util.concurrent.ConcurrentHashMap registered as 25
22:45:37.900 [raft-server-1-state] TRACE i.a.utils.serializer.KryoNamespace - class java.util.concurrent.CopyOnWriteArraySet registered as 26
22:45:37.900 [raft-server-1-state] TRACE i.a.utils.serializer.KryoNamespace - class java.util.ArrayList registered as 27
22:45:37.900 [raft-server-1-state] TRACE i.a.utils.serializer.KryoNamespace - class java.util.LinkedList registered as 28
22:45:37.900 [raft-server-1-state] TRACE i.a.utils.serializer.KryoNamespace - class java.util.HashSet registered as 29
22:45:37.900 [raft-server-1-state] TRACE i.a.utils.serializer.KryoNamespace - class java.util.LinkedHashSet registered as 30
22:45:37.900 [raft-server-1-state] TRACE i.a.utils.serializer.KryoNamespace - class com.sun.jmx.remote.internal.ArrayQueue registered as 31
22:45:37.901 [raft-server-1-state] TRACE i.a.utils.serializer.KryoNamespace - class java.util.ArrayDeque registered as 32
22:45:37.901 [raft-server-1-state] TRACE i.a.utils.serializer.KryoNamespace - class com.google.common.collect.HashMultiset registered as 33
22:45:37.901 [raft-server-1-state] TRACE i.a.utils.serializer.KryoNamespace - class com.google.common.collect.Sets registered as 34
22:45:37.901 [raft-server-1-state] TRACE i.a.utils.serializer.KryoNamespace - class com.google.common.collect.ImmutableEntry registered as 35
22:45:37.901 [raft-server-1-state] TRACE i.a.utils.serializer.KryoNamespace - class java.util.Arrays$ArrayList registered as 36
22:45:37.901 [raft-server-1-state] TRACE i.a.utils.serializer.KryoNamespace - class java.util.Collections$SingletonList registered as 37
22:45:37.901 [raft-server-1-state] TRACE i.a.utils.serializer.KryoNamespace - class java.time.Duration registered as 38
22:45:37.901 [raft-server-1-state] TRACE i.a.utils.serializer.KryoNamespace - class java.util.Collections$EmptySet registered as 39
22:45:37.901 [raft-server-1-state] TRACE i.a.utils.serializer.KryoNamespace - class java.util.Optional registered as 40
22:45:37.901 [raft-server-1-state] TRACE i.a.utils.serializer.KryoNamespace - class java.util.Collections$EmptyList registered as 41
22:45:37.901 [raft-server-1-state] TRACE i.a.utils.serializer.KryoNamespace - class java.util.Collections$SingletonSet registered as 42
22:45:37.901 [raft-server-1-state] TRACE i.a.utils.serializer.KryoNamespace - class [I registered as 43
22:45:37.901 [raft-server-1-state] TRACE i.a.utils.serializer.KryoNamespace - class [J registered as 44
22:45:37.902 [raft-server-1-state] TRACE i.a.utils.serializer.KryoNamespace - class [S registered as 45
22:45:37.902 [raft-server-1-state] TRACE i.a.utils.serializer.KryoNamespace - class [D registered as 46
22:45:37.902 [raft-server-1-state] TRACE i.a.utils.serializer.KryoNamespace - class [F registered as 47
22:45:37.902 [raft-server-1-state] TRACE i.a.utils.serializer.KryoNamespace - class [C registered as 48
22:45:37.902 [raft-server-1-state] TRACE i.a.utils.serializer.KryoNamespace - class [Ljava.lang.String; registered as 49
22:45:37.902 [raft-server-1-state] TRACE i.a.utils.serializer.KryoNamespace - class [Z registered as 50
22:45:37.902 [raft-server-1-state] TRACE i.a.utils.serializer.KryoNamespace - class [Ljava.lang.Object; registered as 51
22:45:37.902 [raft-server-1-state] TRACE i.a.utils.serializer.KryoNamespace - class io.atomix.primitive.service.ServiceConfig registered as 52
22:45:37.902 [raft-server-1-state] DEBUG i.a.p.s.impl.DefaultServiceExecutor - PrimitiveService{2}{type=io.atomix.protocols.raft.RaftTest$TestPrimitiveType@54705ce8, name=raft-test} - Registered operation callback DefaultOperationId{id=sendEvent, type=COMMAND}
22:45:37.902 [raft-server-1-state] DEBUG i.a.p.s.impl.DefaultServiceExecutor - PrimitiveService{2}{type=io.atomix.protocols.raft.RaftTest$TestPrimitiveType@54705ce8, name=raft-test} - Registered operation callback DefaultOperationId{id=onClose, type=COMMAND}
22:45:37.903 [raft-server-1-state] DEBUG i.a.p.s.impl.DefaultServiceExecutor - PrimitiveService{2}{type=io.atomix.protocols.raft.RaftTest$TestPrimitiveType@54705ce8, name=raft-test} - Registered operation callback DefaultOperationId{id=read, type=QUERY}
22:45:37.903 [raft-server-1-state] DEBUG i.a.p.s.impl.DefaultServiceExecutor - PrimitiveService{2}{type=io.atomix.protocols.raft.RaftTest$TestPrimitiveType@54705ce8, name=raft-test} - Registered operation callback DefaultOperationId{id=onExpire, type=COMMAND}
22:45:37.903 [raft-server-1-state] DEBUG i.a.p.s.impl.DefaultServiceExecutor - PrimitiveService{2}{type=io.atomix.protocols.raft.RaftTest$TestPrimitiveType@54705ce8, name=raft-test} - Registered operation callback DefaultOperationId{id=write, type=COMMAND}
22:45:37.903 [raft-server-1-state] TRACE i.a.utils.serializer.KryoNamespace - Creating Kryo instance for KryoNamespace{registeredBlocks=[RegistrationBlock{begin=16, types=[([Ljava.lang.Class;@6b321262,null), ([Ljava.lang.Class;@68b11545,null), ([Ljava.lang.Class;@7d0100ea,null), ([Ljava.lang.Class;@357bc488,null), ([Ljava.lang.Class;@4ea17147,io.atomix.utils.serializer.serializers.ImmutableListSerializer@2eda4eeb), ([Ljava.lang.Class;@5ba90d8a,io.atomix.utils.serializer.serializers.ImmutableSetSerializer@309dcdf3), ([Ljava.lang.Class;@7573b9ee,io.atomix.utils.serializer.serializers.ImmutableMapSerializer@9a20cbd), ([Ljava.lang.Class;@1af4955e,null), ([Ljava.lang.Class;@445821a6,null), ([Ljava.lang.Class;@2c0c4c0a,null), ([Ljava.lang.Class;@35d26ad2,null), ([Ljava.lang.Class;@bb25753,null), ([Ljava.lang.Class;@ee21292,null), ([Ljava.lang.Class;@40c06358,null), ([Ljava.lang.Class;@66e21568,null), ([Ljava.lang.Class;@7f73ce28,null), ([Ljava.lang.Class;@611b35d6,null), ([Ljava.lang.Class;@2282400e,null), ([Ljava.lang.Class;@543d5863,null), ([Ljava.lang.Class;@35dece42,null), ([Ljava.lang.Class;@dd3f8aa,io.atomix.utils.serializer.serializers.ArraysAsListSerializer@3d615b2e), ([Ljava.lang.Class;@3a1f2a1,null), ([Ljava.lang.Class;@40ce9049,null), ([Ljava.lang.Class;@52ca2652,null), ([Ljava.lang.Class;@65c5bf0e,null), ([Ljava.lang.Class;@697d6ded,null), ([Ljava.lang.Class;@5d05f453,null), ([Ljava.lang.Class;@5efeb117,null), ([Ljava.lang.Class;@160b4809,null), ([Ljava.lang.Class;@149b4d20,null), ([Ljava.lang.Class;@664e848c,null), ([Ljava.lang.Class;@4d93f75b,null), ([Ljava.lang.Class;@114a5e0,null), ([Ljava.lang.Class;@4f281aaf,null), ([Ljava.lang.Class;@5d508d22,null), ([Ljava.lang.Class;@f2b90fc,null)]}, RegistrationBlock{begin=52, types=[([Ljava.lang.Class;@1aea299f,null)]}]}
22:45:37.903 [raft-server-1-state] TRACE i.a.utils.serializer.KryoNamespace - class [B registered as 16
22:45:37.903 [raft-server-1-state] TRACE i.a.utils.serializer.KryoNamespace - class java.util.concurrent.atomic.AtomicBoolean registered as 17
22:45:37.903 [raft-server-1-state] TRACE i.a.utils.serializer.KryoNamespace - class java.util.concurrent.atomic.AtomicInteger registered as 18
22:45:37.904 [raft-server-1-state] TRACE i.a.utils.serializer.KryoNamespace - class java.util.concurrent.atomic.AtomicLong registered as 19
22:45:37.904 [raft-server-1-state] TRACE i.a.utils.serializer.KryoNamespace - class com.google.common.collect.ImmutableList registered as 20
22:45:37.904 [raft-server-1-state] TRACE i.a.utils.serializer.KryoNamespace - class com.google.common.collect.RegularImmutableList registered as 20
22:45:37.904 [raft-server-1-state] TRACE i.a.utils.serializer.KryoNamespace - class com.google.common.collect.RegularImmutableList registered as 20
22:45:37.904 [raft-server-1-state] TRACE i.a.utils.serializer.KryoNamespace - class com.google.common.collect.ImmutableList$SubList registered as 20
22:45:37.904 [raft-server-1-state] TRACE i.a.utils.serializer.KryoNamespace - class com.google.common.collect.ImmutableSet registered as 21
22:45:37.904 [raft-server-1-state] TRACE i.a.utils.serializer.KryoNamespace - class com.google.common.collect.RegularImmutableSet registered as 21
22:45:37.904 [raft-server-1-state] TRACE i.a.utils.serializer.KryoNamespace - class com.google.common.collect.SingletonImmutableSet registered as 21
22:45:37.904 [raft-server-1-state] TRACE i.a.utils.serializer.KryoNamespace - class com.google.common.collect.RegularImmutableSet registered as 21
22:45:37.904 [raft-server-1-state] TRACE i.a.utils.serializer.KryoNamespace - class com.google.common.collect.ImmutableMap registered as 22
22:45:37.904 [raft-server-1-state] TRACE i.a.utils.serializer.KryoNamespace - class com.google.common.collect.RegularImmutableMap registered as 22
22:45:37.904 [raft-server-1-state] TRACE i.a.utils.serializer.KryoNamespace - class com.google.common.collect.RegularImmutableMap registered as 22
22:45:37.904 [raft-server-1-state] TRACE i.a.utils.serializer.KryoNamespace - class com.google.common.collect.RegularImmutableMap registered as 22
22:45:37.904 [raft-server-1-state] TRACE i.a.utils.serializer.KryoNamespace - class java.util.Collections$UnmodifiableSet registered as 23
22:45:37.907 [raft-server-1-state] TRACE i.a.utils.serializer.KryoNamespace - class java.util.HashMap registered as 24
22:45:37.908 [raft-server-1-state] TRACE i.a.utils.serializer.KryoNamespace - class java.util.concurrent.ConcurrentHashMap registered as 25
22:45:37.908 [raft-server-1-state] TRACE i.a.utils.serializer.KryoNamespace - class java.util.concurrent.CopyOnWriteArraySet registered as 26
22:45:37.908 [raft-server-1-state] TRACE i.a.utils.serializer.KryoNamespace - class java.util.ArrayList registered as 27
22:45:37.908 [raft-server-1-state] TRACE i.a.utils.serializer.KryoNamespace - class java.util.LinkedList registered as 28
22:45:37.908 [raft-server-1-state] TRACE i.a.utils.serializer.KryoNamespace - class java.util.HashSet registered as 29
22:45:37.908 [raft-server-1-state] TRACE i.a.utils.serializer.KryoNamespace - class java.util.LinkedHashSet registered as 30
22:45:37.908 [raft-server-1-state] TRACE i.a.utils.serializer.KryoNamespace - class com.sun.jmx.remote.internal.ArrayQueue registered as 31
22:45:37.908 [raft-server-1-state] TRACE i.a.utils.serializer.KryoNamespace - class java.util.ArrayDeque registered as 32
22:45:37.909 [raft-server-1-state] TRACE i.a.utils.serializer.KryoNamespace - class com.google.common.collect.HashMultiset registered as 33
22:45:37.909 [raft-server-1-state] TRACE i.a.utils.serializer.KryoNamespace - class com.google.common.collect.Sets registered as 34
22:45:37.909 [raft-server-1-state] TRACE i.a.utils.serializer.KryoNamespace - class com.google.common.collect.ImmutableEntry registered as 35
22:45:37.909 [raft-server-1-state] TRACE i.a.utils.serializer.KryoNamespace - class java.util.Arrays$ArrayList registered as 36
22:45:37.909 [raft-server-1-state] TRACE i.a.utils.serializer.KryoNamespace - class java.util.Collections$SingletonList registered as 37
22:45:37.909 [raft-server-1-state] TRACE i.a.utils.serializer.KryoNamespace - class java.time.Duration registered as 38
22:45:37.909 [raft-server-1-state] TRACE i.a.utils.serializer.KryoNamespace - class java.util.Collections$EmptySet registered as 39
22:45:37.910 [raft-server-1-state] TRACE i.a.utils.serializer.KryoNamespace - class java.util.Optional registered as 40
22:45:37.910 [raft-server-1-state] TRACE i.a.utils.serializer.KryoNamespace - class java.util.Collections$EmptyList registered as 41
22:45:37.910 [raft-server-1-state] TRACE i.a.utils.serializer.KryoNamespace - class java.util.Collections$SingletonSet registered as 42
22:45:37.910 [raft-server-1-state] TRACE i.a.utils.serializer.KryoNamespace - class [I registered as 43
22:45:37.910 [raft-server-1-state] TRACE i.a.utils.serializer.KryoNamespace - class [J registered as 44
22:45:37.910 [raft-server-1-state] TRACE i.a.utils.serializer.KryoNamespace - class [S registered as 45
22:45:37.910 [raft-server-1-state] TRACE i.a.utils.serializer.KryoNamespace - class [D registered as 46
22:45:37.911 [raft-server-1-state] TRACE i.a.utils.serializer.KryoNamespace - class [F registered as 47
22:45:37.911 [raft-server-1-state] TRACE i.a.utils.serializer.KryoNamespace - class [C registered as 48
22:45:37.911 [raft-server-1-state] TRACE i.a.utils.serializer.KryoNamespace - class [Ljava.lang.String; registered as 49
22:45:37.911 [raft-server-1-state] TRACE i.a.utils.serializer.KryoNamespace - class [Z registered as 50
22:45:37.911 [raft-server-1-state] TRACE i.a.utils.serializer.KryoNamespace - class [Ljava.lang.Object; registered as 51
22:45:37.911 [raft-server-1-state] TRACE i.a.utils.serializer.KryoNamespace - class io.atomix.primitive.service.ServiceConfig registered as 52
22:45:37.913 [raft-server-1-state] DEBUG i.a.p.r.service.RaftServiceContext - PrimitiveService{2}{type=io.atomix.protocols.raft.RaftTest$TestPrimitiveType@54705ce8, name=raft-test} - Opening session 2
22:45:37.913 [raft-server-1-state] DEBUG i.a.p.raft.session.RaftSession - PrimitiveSession{2}{type=io.atomix.protocols.raft.RaftTest$TestPrimitiveType@54705ce8, name=raft-test} - State changed: OPEN
22:45:37.914 [raft-server-1-state] TRACE i.a.protocols.raft.roles.LeaderRole - RaftServer{1}{role=LEADER} - Sending OpenSessionResponse{status=OK, session=2, timeout=5000}
22:45:37.914 [raft-server-2] TRACE i.a.p.raft.roles.FollowerRole - RaftServer{2}{role=FOLLOWER} - Sending OpenSessionResponse{status=OK, session=2, timeout=5000}
22:45:37.918 [raft-client-4d6eb0c5-808f-4bee-91ae-78c435ccd24a-1] TRACE i.a.p.r.p.impl.RaftProxyConnection - RaftClient{4d6eb0c5-808f-4bee-91ae-78c435ccd24a} - Received OpenSessionResponse{status=OK, session=2, timeout=5000} from 2
22:45:37.925 [raft-client-4d6eb0c5-808f-4bee-91ae-78c435ccd24a-0] TRACE i.a.p.r.proxy.impl.RaftProxyManager - RaftClient{4d6eb0c5-808f-4bee-91ae-78c435ccd24a} - Keeping 1 sessions alive
22:45:37.927 [raft-client-4d6eb0c5-808f-4bee-91ae-78c435ccd24a-2] TRACE i.a.p.r.p.impl.RaftProxyConnection - RaftClient{4d6eb0c5-808f-4bee-91ae-78c435ccd24a} - Sending KeepAliveRequest{sessionIds=long[]{length=1, hash=33}, commandSequences=long[]{length=1, hash=31}, eventIndexes=long[]{length=1, hash=33}} to 2
22:45:37.928 [raft-server-2] TRACE i.a.p.raft.roles.FollowerRole - RaftServer{2}{role=FOLLOWER} - Received KeepAliveRequest{sessionIds=long[]{length=1, hash=33}, commandSequences=long[]{length=1, hash=31}, eventIndexes=long[]{length=1, hash=33}}
22:45:37.928 [raft-server-1] TRACE i.a.protocols.raft.roles.LeaderRole - RaftServer{1}{role=LEADER} - Received KeepAliveRequest{sessionIds=long[]{length=1, hash=33}, commandSequences=long[]{length=1, hash=31}, eventIndexes=long[]{length=1, hash=33}}
22:45:37.928 [raft-server-1] TRACE i.a.protocols.raft.roles.LeaderRole - RaftServer{1}{role=LEADER} - Appended Indexed{index=3, entry=KeepAliveEntry{term=1, timestamp=2018-06-07 10:45:37,928, sessionIds=long[]{length=1, hash=33}, commandSequences=long[]{length=1, hash=31}, eventIndexes=long[]{length=1, hash=33}}}
22:45:37.928 [raft-server-1] TRACE i.a.p.raft.roles.LeaderAppender - RaftServer{1} - Sending AppendRequest{term=1, leader=1, prevLogIndex=2, prevLogTerm=1, entries=1, commitIndex=2} to 2
22:45:37.929 [raft-server-1] TRACE i.a.p.raft.roles.LeaderAppender - RaftServer{1} - Sending AppendRequest{term=1, leader=1, prevLogIndex=2, prevLogTerm=1, entries=1, commitIndex=2} to 3
22:45:37.929 [raft-server-3] TRACE i.a.p.raft.roles.FollowerRole - RaftServer{3}{role=FOLLOWER} - Received AppendRequest{term=1, leader=1, prevLogIndex=2, prevLogTerm=1, entries=1, commitIndex=2}
22:45:37.934 [raft-client-4d6eb0c5-808f-4bee-91ae-78c435ccd24a-0] DEBUG i.a.p.p.i.RecoveringPartitionProxy - PartitionProxy{2}{type=io.atomix.protocols.raft.RaftTest$TestPrimitiveType@35bfa1bb, name=raft-test} - State changed: CONNECTED
22:45:37.936 [raft-server-3] TRACE i.a.p.raft.roles.FollowerRole - RaftServer{3}{role=FOLLOWER} - Appended Indexed{index=3, entry=KeepAliveEntry{term=1, timestamp=2018-06-07 10:45:37,928, sessionIds=long[]{length=1, hash=33}, commandSequences=long[]{length=1, hash=31}, eventIndexes=long[]{length=1, hash=33}}}
22:45:37.937 [raft-server-2] TRACE i.a.p.raft.roles.FollowerRole - RaftServer{2}{role=FOLLOWER} - Received AppendRequest{term=1, leader=1, prevLogIndex=2, prevLogTerm=1, entries=1, commitIndex=2}
22:45:37.937 [raft-server-2] TRACE i.a.p.raft.roles.FollowerRole - RaftServer{2}{role=FOLLOWER} - Appended Indexed{index=3, entry=KeepAliveEntry{term=1, timestamp=2018-06-07 10:45:37,928, sessionIds=long[]{length=1, hash=33}, commandSequences=long[]{length=1, hash=31}, eventIndexes=long[]{length=1, hash=33}}}
22:45:37.941 [main] TRACE i.a.utils.serializer.KryoNamespace - Creating Kryo instance for KryoNamespace{registeredBlocks=[RegistrationBlock{begin=16, types=[([Ljava.lang.Class;@6b321262,null), ([Ljava.lang.Class;@68b11545,null), ([Ljava.lang.Class;@7d0100ea,null), ([Ljava.lang.Class;@357bc488,null), ([Ljava.lang.Class;@4ea17147,io.atomix.utils.serializer.serializers.ImmutableListSerializer@2eda4eeb), ([Ljava.lang.Class;@5ba90d8a,io.atomix.utils.serializer.serializers.ImmutableSetSerializer@309dcdf3), ([Ljava.lang.Class;@7573b9ee,io.atomix.utils.serializer.serializers.ImmutableMapSerializer@9a20cbd), ([Ljava.lang.Class;@1af4955e,null), ([Ljava.lang.Class;@445821a6,null), ([Ljava.lang.Class;@2c0c4c0a,null), ([Ljava.lang.Class;@35d26ad2,null), ([Ljava.lang.Class;@bb25753,null), ([Ljava.lang.Class;@ee21292,null), ([Ljava.lang.Class;@40c06358,null), ([Ljava.lang.Class;@66e21568,null), ([Ljava.lang.Class;@7f73ce28,null), ([Ljava.lang.Class;@611b35d6,null), ([Ljava.lang.Class;@2282400e,null), ([Ljava.lang.Class;@543d5863,null), ([Ljava.lang.Class;@35dece42,null), ([Ljava.lang.Class;@dd3f8aa,io.atomix.utils.serializer.serializers.ArraysAsListSerializer@3d615b2e), ([Ljava.lang.Class;@3a1f2a1,null), ([Ljava.lang.Class;@40ce9049,null), ([Ljava.lang.Class;@52ca2652,null), ([Ljava.lang.Class;@65c5bf0e,null), ([Ljava.lang.Class;@697d6ded,null), ([Ljava.lang.Class;@5d05f453,null), ([Ljava.lang.Class;@5efeb117,null), ([Ljava.lang.Class;@160b4809,null), ([Ljava.lang.Class;@149b4d20,null), ([Ljava.lang.Class;@664e848c,null), ([Ljava.lang.Class;@4d93f75b,null), ([Ljava.lang.Class;@114a5e0,null), ([Ljava.lang.Class;@4f281aaf,null), ([Ljava.lang.Class;@5d508d22,null), ([Ljava.lang.Class;@f2b90fc,null)]}, RegistrationBlock{begin=52, types=[([Ljava.lang.Class;@9b47400,null)]}]}
22:45:37.942 [main] TRACE i.a.utils.serializer.KryoNamespace - class [B registered as 16
22:45:37.942 [main] TRACE i.a.utils.serializer.KryoNamespace - class java.util.concurrent.atomic.AtomicBoolean registered as 17
22:45:37.942 [main] TRACE i.a.utils.serializer.KryoNamespace - class java.util.concurrent.atomic.AtomicInteger registered as 18
22:45:37.942 [main] TRACE i.a.utils.serializer.KryoNamespace - class java.util.concurrent.atomic.AtomicLong registered as 19
22:45:37.942 [main] TRACE i.a.utils.serializer.KryoNamespace - class com.google.common.collect.ImmutableList registered as 20
22:45:37.942 [main] TRACE i.a.utils.serializer.KryoNamespace - class com.google.common.collect.RegularImmutableList registered as 20
22:45:37.942 [main] TRACE i.a.utils.serializer.KryoNamespace - class com.google.common.collect.RegularImmutableList registered as 20
22:45:37.942 [main] TRACE i.a.utils.serializer.KryoNamespace - class com.google.common.collect.ImmutableList$SubList registered as 20
22:45:37.942 [main] TRACE i.a.utils.serializer.KryoNamespace - class com.google.common.collect.ImmutableSet registered as 21
22:45:37.942 [main] TRACE i.a.utils.serializer.KryoNamespace - class com.google.common.collect.RegularImmutableSet registered as 21
22:45:37.942 [main] TRACE i.a.utils.serializer.KryoNamespace - class com.google.common.collect.SingletonImmutableSet registered as 21
22:45:37.942 [main] TRACE i.a.utils.serializer.KryoNamespace - class com.google.common.collect.RegularImmutableSet registered as 21
22:45:37.942 [main] TRACE i.a.utils.serializer.KryoNamespace - class com.google.common.collect.ImmutableMap registered as 22
22:45:37.942 [main] TRACE i.a.utils.serializer.KryoNamespace - class com.google.common.collect.RegularImmutableMap registered as 22
22:45:37.942 [main] TRACE i.a.utils.serializer.KryoNamespace - class com.google.common.collect.RegularImmutableMap registered as 22
22:45:37.942 [main] TRACE i.a.utils.serializer.KryoNamespace - class com.google.common.collect.RegularImmutableMap registered as 22
22:45:37.942 [main] TRACE i.a.utils.serializer.KryoNamespace - class java.util.Collections$UnmodifiableSet registered as 23
22:45:37.942 [main] TRACE i.a.utils.serializer.KryoNamespace - class java.util.HashMap registered as 24
22:45:37.943 [main] TRACE i.a.utils.serializer.KryoNamespace - class java.util.concurrent.ConcurrentHashMap registered as 25
22:45:37.943 [main] TRACE i.a.utils.serializer.KryoNamespace - class java.util.concurrent.CopyOnWriteArraySet registered as 26
22:45:37.943 [main] TRACE i.a.utils.serializer.KryoNamespace - class java.util.ArrayList registered as 27
22:45:37.943 [main] TRACE i.a.utils.serializer.KryoNamespace - class java.util.LinkedList registered as 28
22:45:37.943 [main] TRACE i.a.utils.serializer.KryoNamespace - class java.util.HashSet registered as 29
22:45:37.943 [main] TRACE i.a.utils.serializer.KryoNamespace - class java.util.LinkedHashSet registered as 30
22:45:37.943 [main] TRACE i.a.utils.serializer.KryoNamespace - class com.sun.jmx.remote.internal.ArrayQueue registered as 31
22:45:37.943 [main] TRACE i.a.utils.serializer.KryoNamespace - class java.util.ArrayDeque registered as 32
22:45:37.943 [main] TRACE i.a.utils.serializer.KryoNamespace - class com.google.common.collect.HashMultiset registered as 33
22:45:37.943 [main] TRACE i.a.utils.serializer.KryoNamespace - class com.google.common.collect.Sets registered as 34
22:45:37.943 [main] TRACE i.a.utils.serializer.KryoNamespace - class com.google.common.collect.ImmutableEntry registered as 35
22:45:37.943 [main] TRACE i.a.utils.serializer.KryoNamespace - class java.util.Arrays$ArrayList registered as 36
22:45:37.944 [main] TRACE i.a.utils.serializer.KryoNamespace - class java.util.Collections$SingletonList registered as 37
22:45:37.944 [main] TRACE i.a.utils.serializer.KryoNamespace - class java.time.Duration registered as 38
22:45:37.944 [main] TRACE i.a.utils.serializer.KryoNamespace - class java.util.Collections$EmptySet registered as 39
22:45:37.944 [main] TRACE i.a.utils.serializer.KryoNamespace - class java.util.Optional registered as 40
22:45:37.944 [main] TRACE i.a.utils.serializer.KryoNamespace - class java.util.Collections$EmptyList registered as 41
22:45:37.944 [main] TRACE i.a.utils.serializer.KryoNamespace - class java.util.Collections$SingletonSet registered as 42
22:45:37.944 [main] TRACE i.a.utils.serializer.KryoNamespace - class [I registered as 43
22:45:37.944 [main] TRACE i.a.utils.serializer.KryoNamespace - class [J registered as 44
22:45:37.944 [main] TRACE i.a.utils.serializer.KryoNamespace - class [S registered as 45
22:45:37.944 [main] TRACE i.a.utils.serializer.KryoNamespace - class [D registered as 46
22:45:37.944 [main] TRACE i.a.utils.serializer.KryoNamespace - class [F registered as 47
22:45:37.944 [main] TRACE i.a.utils.serializer.KryoNamespace - class [C registered as 48
22:45:37.945 [main] TRACE i.a.utils.serializer.KryoNamespace - class [Ljava.lang.String; registered as 49
22:45:37.945 [main] TRACE i.a.utils.serializer.KryoNamespace - class [Z registered as 50
22:45:37.945 [main] TRACE i.a.utils.serializer.KryoNamespace - class [Ljava.lang.Object; registered as 51
22:45:37.945 [main] TRACE i.a.utils.serializer.KryoNamespace - class io.atomix.primitive.service.ServiceConfig registered as 52
22:45:37.953 [raft-client-4d6eb0c5-808f-4bee-91ae-78c435ccd24a-3] TRACE i.a.p.r.p.impl.RaftProxyConnection - PartitionProxy{2}{type=io.atomix.protocols.raft.RaftTest$TestPrimitiveType@35bfa1bb, name=raft-test} - Sending CommandRequest{session=2, sequence=1, operation=PrimitiveOperation{id=DefaultOperationId{id=write, type=COMMAND}, value=byte[]{length=17, hash=-1644578928}}} to 3
22:45:37.976 [raft-server-3] TRACE i.a.p.raft.roles.FollowerRole - RaftServer{3}{role=FOLLOWER} - Committed entries up to index 2
22:45:37.976 [raft-server-3] TRACE i.a.p.raft.roles.FollowerRole - RaftServer{3}{role=FOLLOWER} - Sending AppendResponse{status=OK, term=1, succeeded=true, lastLogIndex=3}
22:45:37.977 [raft-server-1] TRACE i.a.p.raft.roles.LeaderAppender - RaftServer{1} - Received AppendResponse{status=OK, term=1, succeeded=true, lastLogIndex=3} from 3
22:45:37.977 [raft-server-1] TRACE i.a.p.raft.roles.LeaderAppender - RaftServer{1} - Committed entries up to 3
22:45:37.977 [raft-server-3] TRACE i.a.p.raft.roles.FollowerRole - RaftServer{3}{role=FOLLOWER} - Received CommandRequest{session=2, sequence=1, operation=PrimitiveOperation{id=DefaultOperationId{id=write, type=COMMAND}, value=byte[]{length=17, hash=-1644578928}}}
22:45:37.977 [raft-server-3-state] TRACE i.a.p.raft.impl.RaftServiceManager - RaftServer{3} - Applying Indexed{index=2, entry=OpenSessionEntry{term=1, timestamp=2018-06-07 10:45:37,847, node=4, serviceName=raft-test, serviceType=raft-test, serviceConfig=byte[]{length=2, hash=2636}, readConsistency=LINEARIZABLE, minTimeout=250, maxTimeout=5000}}
22:45:37.977 [raft-server-3-state] TRACE i.a.utils.serializer.KryoNamespace - Creating Kryo instance for KryoNamespace{registeredBlocks=[RegistrationBlock{begin=16, types=[([Ljava.lang.Class;@6b321262,null), ([Ljava.lang.Class;@68b11545,null), ([Ljava.lang.Class;@7d0100ea,null), ([Ljava.lang.Class;@357bc488,null), ([Ljava.lang.Class;@4ea17147,io.atomix.utils.serializer.serializers.ImmutableListSerializer@2eda4eeb), ([Ljava.lang.Class;@5ba90d8a,io.atomix.utils.serializer.serializers.ImmutableSetSerializer@309dcdf3), ([Ljava.lang.Class;@7573b9ee,io.atomix.utils.serializer.serializers.ImmutableMapSerializer@9a20cbd), ([Ljava.lang.Class;@1af4955e,null), ([Ljava.lang.Class;@445821a6,null), ([Ljava.lang.Class;@2c0c4c0a,null), ([Ljava.lang.Class;@35d26ad2,null), ([Ljava.lang.Class;@bb25753,null), ([Ljava.lang.Class;@ee21292,null), ([Ljava.lang.Class;@40c06358,null), ([Ljava.lang.Class;@66e21568,null), ([Ljava.lang.Class;@7f73ce28,null), ([Ljava.lang.Class;@611b35d6,null), ([Ljava.lang.Class;@2282400e,null), ([Ljava.lang.Class;@543d5863,null), ([Ljava.lang.Class;@35dece42,null), ([Ljava.lang.Class;@dd3f8aa,io.atomix.utils.serializer.serializers.ArraysAsListSerializer@3d615b2e), ([Ljava.lang.Class;@3a1f2a1,null), ([Ljava.lang.Class;@40ce9049,null), ([Ljava.lang.Class;@52ca2652,null), ([Ljava.lang.Class;@65c5bf0e,null), ([Ljava.lang.Class;@697d6ded,null), ([Ljava.lang.Class;@5d05f453,null), ([Ljava.lang.Class;@5efeb117,null), ([Ljava.lang.Class;@160b4809,null), ([Ljava.lang.Class;@149b4d20,null), ([Ljava.lang.Class;@664e848c,null), ([Ljava.lang.Class;@4d93f75b,null), ([Ljava.lang.Class;@114a5e0,null), ([Ljava.lang.Class;@4f281aaf,null), ([Ljava.lang.Class;@5d508d22,null), ([Ljava.lang.Class;@f2b90fc,null)]}, RegistrationBlock{begin=52, types=[([Ljava.lang.Class;@5d379d11,null)]}]}
22:45:37.978 [raft-server-3-state] TRACE i.a.utils.serializer.KryoNamespace - class [B registered as 16
22:45:37.978 [raft-server-3-state] TRACE i.a.utils.serializer.KryoNamespace - class java.util.concurrent.atomic.AtomicBoolean registered as 17
22:45:37.978 [raft-server-3-state] TRACE i.a.utils.serializer.KryoNamespace - class java.util.concurrent.atomic.AtomicInteger registered as 18
22:45:37.978 [raft-server-3-state] TRACE i.a.utils.serializer.KryoNamespace - class java.util.concurrent.atomic.AtomicLong registered as 19
22:45:37.978 [raft-server-3-state] TRACE i.a.utils.serializer.KryoNamespace - class com.google.common.collect.ImmutableList registered as 20
22:45:37.978 [raft-server-3-state] TRACE i.a.utils.serializer.KryoNamespace - class com.google.common.collect.RegularImmutableList registered as 20
22:45:37.978 [raft-server-3-state] TRACE i.a.utils.serializer.KryoNamespace - class com.google.common.collect.RegularImmutableList registered as 20
22:45:37.978 [raft-server-3-state] TRACE i.a.utils.serializer.KryoNamespace - class com.google.common.collect.ImmutableList$SubList registered as 20
22:45:37.978 [raft-server-3-state] TRACE i.a.utils.serializer.KryoNamespace - class com.google.common.collect.ImmutableSet registered as 21
22:45:37.978 [raft-server-3-state] TRACE i.a.utils.serializer.KryoNamespace - class com.google.common.collect.RegularImmutableSet registered as 21
22:45:37.978 [raft-server-3-state] TRACE i.a.utils.serializer.KryoNamespace - class com.google.common.collect.SingletonImmutableSet registered as 21
22:45:37.978 [raft-server-3-state] TRACE i.a.utils.serializer.KryoNamespace - class com.google.common.collect.RegularImmutableSet registered as 21
22:45:37.978 [raft-server-3-state] TRACE i.a.utils.serializer.KryoNamespace - class com.google.common.collect.ImmutableMap registered as 22
22:45:37.978 [raft-server-3-state] TRACE i.a.utils.serializer.KryoNamespace - class com.google.common.collect.RegularImmutableMap registered as 22
22:45:37.978 [raft-server-3-state] TRACE i.a.utils.serializer.KryoNamespace - class com.google.common.collect.RegularImmutableMap registered as 22
22:45:37.978 [raft-server-3-state] TRACE i.a.utils.serializer.KryoNamespace - class com.google.common.collect.RegularImmutableMap registered as 22
22:45:37.978 [raft-server-3-state] TRACE i.a.utils.serializer.KryoNamespace - class java.util.Collections$UnmodifiableSet registered as 23
22:45:37.978 [raft-server-3-state] TRACE i.a.utils.serializer.KryoNamespace - class java.util.HashMap registered as 24
22:45:37.979 [raft-server-3-state] TRACE i.a.utils.serializer.KryoNamespace - class java.util.concurrent.ConcurrentHashMap registered as 25
22:45:37.979 [raft-server-3-state] TRACE i.a.utils.serializer.KryoNamespace - class java.util.concurrent.CopyOnWriteArraySet registered as 26
22:45:37.979 [raft-server-3-state] TRACE i.a.utils.serializer.KryoNamespace - class java.util.ArrayList registered as 27
22:45:37.979 [raft-server-3-state] TRACE i.a.utils.serializer.KryoNamespace - class java.util.LinkedList registered as 28
22:45:37.979 [raft-server-3-state] TRACE i.a.utils.serializer.KryoNamespace - class java.util.HashSet registered as 29
22:45:37.979 [raft-server-3-state] TRACE i.a.utils.serializer.KryoNamespace - class java.util.LinkedHashSet registered as 30
22:45:37.979 [raft-server-3-state] TRACE i.a.utils.serializer.KryoNamespace - class com.sun.jmx.remote.internal.ArrayQueue registered as 31
22:45:37.979 [raft-server-3-state] TRACE i.a.utils.serializer.KryoNamespace - class java.util.ArrayDeque registered as 32
22:45:37.979 [raft-server-3-state] TRACE i.a.utils.serializer.KryoNamespace - class com.google.common.collect.HashMultiset registered as 33
22:45:37.979 [raft-server-3-state] TRACE i.a.utils.serializer.KryoNamespace - class com.google.common.collect.Sets registered as 34
22:45:37.979 [raft-server-3-state] TRACE i.a.utils.serializer.KryoNamespace - class com.google.common.collect.ImmutableEntry registered as 35
22:45:37.979 [raft-server-3-state] TRACE i.a.utils.serializer.KryoNamespace - class java.util.Arrays$ArrayList registered as 36
22:45:37.979 [raft-server-3-state] TRACE i.a.utils.serializer.KryoNamespace - class java.util.Collections$SingletonList registered as 37
22:45:37.979 [raft-server-3-state] TRACE i.a.utils.serializer.KryoNamespace - class java.time.Duration registered as 38
22:45:37.979 [raft-server-3-state] TRACE i.a.utils.serializer.KryoNamespace - class java.util.Collections$EmptySet registered as 39
22:45:37.979 [raft-server-3-state] TRACE i.a.utils.serializer.KryoNamespace - class java.util.Optional registered as 40
22:45:37.980 [raft-server-3-state] TRACE i.a.utils.serializer.KryoNamespace - class java.util.Collections$EmptyList registered as 41
22:45:37.980 [raft-server-3-state] TRACE i.a.utils.serializer.KryoNamespace - class java.util.Collections$SingletonSet registered as 42
22:45:37.980 [raft-server-3-state] TRACE i.a.utils.serializer.KryoNamespace - class [I registered as 43
22:45:37.980 [raft-server-3-state] TRACE i.a.utils.serializer.KryoNamespace - class [J registered as 44
22:45:37.980 [raft-server-3-state] TRACE i.a.utils.serializer.KryoNamespace - class [S registered as 45
22:45:37.980 [raft-server-3-state] TRACE i.a.utils.serializer.KryoNamespace - class [D registered as 46
22:45:37.980 [raft-server-3-state] TRACE i.a.utils.serializer.KryoNamespace - class [F registered as 47
22:45:37.980 [raft-server-3-state] TRACE i.a.utils.serializer.KryoNamespace - class [C registered as 48
22:45:37.980 [raft-server-3-state] TRACE i.a.utils.serializer.KryoNamespace - class [Ljava.lang.String; registered as 49
22:45:37.980 [raft-server-3-state] TRACE i.a.utils.serializer.KryoNamespace - class [Z registered as 50
22:45:37.980 [raft-server-3-state] TRACE i.a.utils.serializer.KryoNamespace - class [Ljava.lang.Object; registered as 51
22:45:37.980 [raft-server-3-state] TRACE i.a.utils.serializer.KryoNamespace - class io.atomix.primitive.service.ServiceConfig registered as 52
22:45:37.980 [raft-server-3-state] TRACE i.a.utils.serializer.KryoNamespace - Creating Kryo instance for KryoNamespace{registeredBlocks=[RegistrationBlock{begin=16, types=[([Ljava.lang.Class;@6b321262,null), ([Ljava.lang.Class;@68b11545,null), ([Ljava.lang.Class;@7d0100ea,null), ([Ljava.lang.Class;@357bc488,null), ([Ljava.lang.Class;@4ea17147,io.atomix.utils.serializer.serializers.ImmutableListSerializer@2eda4eeb), ([Ljava.lang.Class;@5ba90d8a,io.atomix.utils.serializer.serializers.ImmutableSetSerializer@309dcdf3), ([Ljava.lang.Class;@7573b9ee,io.atomix.utils.serializer.serializers.ImmutableMapSerializer@9a20cbd), ([Ljava.lang.Class;@1af4955e,null), ([Ljava.lang.Class;@445821a6,null), ([Ljava.lang.Class;@2c0c4c0a,null), ([Ljava.lang.Class;@35d26ad2,null), ([Ljava.lang.Class;@bb25753,null), ([Ljava.lang.Class;@ee21292,null), ([Ljava.lang.Class;@40c06358,null), ([Ljava.lang.Class;@66e21568,null), ([Ljava.lang.Class;@7f73ce28,null), ([Ljava.lang.Class;@611b35d6,null), ([Ljava.lang.Class;@2282400e,null), ([Ljava.lang.Class;@543d5863,null), ([Ljava.lang.Class;@35dece42,null), ([Ljava.lang.Class;@dd3f8aa,io.atomix.utils.serializer.serializers.ArraysAsListSerializer@3d615b2e), ([Ljava.lang.Class;@3a1f2a1,null), ([Ljava.lang.Class;@40ce9049,null), ([Ljava.lang.Class;@52ca2652,null), ([Ljava.lang.Class;@65c5bf0e,null), ([Ljava.lang.Class;@697d6ded,null), ([Ljava.lang.Class;@5d05f453,null), ([Ljava.lang.Class;@5efeb117,null), ([Ljava.lang.Class;@160b4809,null), ([Ljava.lang.Class;@149b4d20,null), ([Ljava.lang.Class;@664e848c,null), ([Ljava.lang.Class;@4d93f75b,null), ([Ljava.lang.Class;@114a5e0,null), ([Ljava.lang.Class;@4f281aaf,null), ([Ljava.lang.Class;@5d508d22,null), ([Ljava.lang.Class;@f2b90fc,null)]}, RegistrationBlock{begin=52, types=[([Ljava.lang.Class;@53f068c7,null)]}]}
22:45:37.981 [raft-server-3-state] TRACE i.a.utils.serializer.KryoNamespace - class [B registered as 16
22:45:37.981 [raft-server-3-state] TRACE i.a.utils.serializer.KryoNamespace - class java.util.concurrent.atomic.AtomicBoolean registered as 17
22:45:37.981 [raft-server-3-state] TRACE i.a.utils.serializer.KryoNamespace - class java.util.concurrent.atomic.AtomicInteger registered as 18
22:45:37.981 [raft-server-3-state] TRACE i.a.utils.serializer.KryoNamespace - class java.util.concurrent.atomic.AtomicLong registered as 19
22:45:37.981 [raft-server-3-state] TRACE i.a.utils.serializer.KryoNamespace - class com.google.common.collect.ImmutableList registered as 20
22:45:37.981 [raft-server-3-state] TRACE i.a.utils.serializer.KryoNamespace - class com.google.common.collect.RegularImmutableList registered as 20
22:45:37.981 [raft-server-3-state] TRACE i.a.utils.serializer.KryoNamespace - class com.google.common.collect.RegularImmutableList registered as 20
22:45:37.981 [raft-server-3-state] TRACE i.a.utils.serializer.KryoNamespace - class com.google.common.collect.ImmutableList$SubList registered as 20
22:45:37.981 [raft-server-3-state] TRACE i.a.utils.serializer.KryoNamespace - class com.google.common.collect.ImmutableSet registered as 21
22:45:37.981 [raft-server-3-state] TRACE i.a.utils.serializer.KryoNamespace - class com.google.common.collect.RegularImmutableSet registered as 21
22:45:37.981 [raft-server-3-state] TRACE i.a.utils.serializer.KryoNamespace - class com.google.common.collect.SingletonImmutableSet registered as 21
22:45:37.981 [raft-server-3-state] TRACE i.a.utils.serializer.KryoNamespace - class com.google.common.collect.RegularImmutableSet registered as 21
22:45:37.981 [raft-server-3-state] TRACE i.a.utils.serializer.KryoNamespace - class com.google.common.collect.ImmutableMap registered as 22
22:45:37.981 [raft-server-3-state] TRACE i.a.utils.serializer.KryoNamespace - class com.google.common.collect.RegularImmutableMap registered as 22
22:45:37.981 [raft-server-3-state] TRACE i.a.utils.serializer.KryoNamespace - class com.google.common.collect.RegularImmutableMap registered as 22
22:45:37.981 [raft-server-3-state] TRACE i.a.utils.serializer.KryoNamespace - class com.google.common.collect.RegularImmutableMap registered as 22
22:45:37.981 [raft-server-3-state] TRACE i.a.utils.serializer.KryoNamespace - class java.util.Collections$UnmodifiableSet registered as 23
22:45:37.981 [raft-server-3-state] TRACE i.a.utils.serializer.KryoNamespace - class java.util.HashMap registered as 24
22:45:37.982 [raft-server-3-state] TRACE i.a.utils.serializer.KryoNamespace - class java.util.concurrent.ConcurrentHashMap registered as 25
22:45:37.982 [raft-server-3-state] TRACE i.a.utils.serializer.KryoNamespace - class java.util.concurrent.CopyOnWriteArraySet registered as 26
22:45:37.982 [raft-server-3-state] TRACE i.a.utils.serializer.KryoNamespace - class java.util.ArrayList registered as 27
22:45:37.982 [raft-server-3-state] TRACE i.a.utils.serializer.KryoNamespace - class java.util.LinkedList registered as 28
22:45:37.982 [raft-server-3-state] TRACE i.a.utils.serializer.KryoNamespace - class java.util.HashSet registered as 29
22:45:37.982 [raft-server-3-state] TRACE i.a.utils.serializer.KryoNamespace - class java.util.LinkedHashSet registered as 30
22:45:37.982 [raft-server-3-state] TRACE i.a.utils.serializer.KryoNamespace - class com.sun.jmx.remote.internal.ArrayQueue registered as 31
22:45:37.982 [raft-server-3-state] TRACE i.a.utils.serializer.KryoNamespace - class java.util.ArrayDeque registered as 32
22:45:37.982 [raft-server-3-state] TRACE i.a.utils.serializer.KryoNamespace - class com.google.common.collect.HashMultiset registered as 33
22:45:37.982 [raft-server-3-state] TRACE i.a.utils.serializer.KryoNamespace - class com.google.common.collect.Sets registered as 34
22:45:37.982 [raft-server-3-state] TRACE i.a.utils.serializer.KryoNamespace - class com.google.common.collect.ImmutableEntry registered as 35
22:45:37.982 [raft-server-3-state] TRACE i.a.utils.serializer.KryoNamespace - class java.util.Arrays$ArrayList registered as 36
22:45:37.982 [raft-server-3-state] TRACE i.a.utils.serializer.KryoNamespace - class java.util.Collections$SingletonList registered as 37
22:45:37.982 [raft-server-3-state] TRACE i.a.utils.serializer.KryoNamespace - class java.time.Duration registered as 38
22:45:37.982 [raft-server-3-state] TRACE i.a.utils.serializer.KryoNamespace - class java.util.Collections$EmptySet registered as 39
22:45:37.982 [raft-server-3-state] TRACE i.a.utils.serializer.KryoNamespace - class java.util.Optional registered as 40
22:45:37.983 [raft-server-3-state] TRACE i.a.utils.serializer.KryoNamespace - class java.util.Collections$EmptyList registered as 41
22:45:37.983 [raft-server-3-state] TRACE i.a.utils.serializer.KryoNamespace - class java.util.Collections$SingletonSet registered as 42
22:45:37.983 [raft-server-3-state] TRACE i.a.utils.serializer.KryoNamespace - class [I registered as 43
22:45:37.983 [raft-server-3-state] TRACE i.a.utils.serializer.KryoNamespace - class [J registered as 44
22:45:37.983 [raft-server-3-state] TRACE i.a.utils.serializer.KryoNamespace - class [S registered as 45
22:45:37.983 [raft-server-3-state] TRACE i.a.utils.serializer.KryoNamespace - class [D registered as 46
22:45:37.983 [raft-server-3-state] TRACE i.a.utils.serializer.KryoNamespace - class [F registered as 47
22:45:37.983 [raft-server-3-state] TRACE i.a.utils.serializer.KryoNamespace - class [C registered as 48
22:45:37.983 [raft-server-3-state] TRACE i.a.utils.serializer.KryoNamespace - class [Ljava.lang.String; registered as 49
22:45:37.983 [raft-server-3-state] TRACE i.a.utils.serializer.KryoNamespace - class [Z registered as 50
22:45:37.983 [raft-server-3-state] TRACE i.a.utils.serializer.KryoNamespace - class [Ljava.lang.Object; registered as 51
22:45:37.983 [raft-server-3-state] TRACE i.a.utils.serializer.KryoNamespace - class io.atomix.primitive.service.ServiceConfig registered as 52
22:45:37.983 [raft-server-3-state] TRACE i.a.utils.serializer.KryoNamespace - Creating Kryo instance for KryoNamespace{registeredBlocks=[RegistrationBlock{begin=16, types=[([Ljava.lang.Class;@6b321262,null), ([Ljava.lang.Class;@68b11545,null), ([Ljava.lang.Class;@7d0100ea,null), ([Ljava.lang.Class;@357bc488,null), ([Ljava.lang.Class;@4ea17147,io.atomix.utils.serializer.serializers.ImmutableListSerializer@2eda4eeb), ([Ljava.lang.Class;@5ba90d8a,io.atomix.utils.serializer.serializers.ImmutableSetSerializer@309dcdf3), ([Ljava.lang.Class;@7573b9ee,io.atomix.utils.serializer.serializers.ImmutableMapSerializer@9a20cbd), ([Ljava.lang.Class;@1af4955e,null), ([Ljava.lang.Class;@445821a6,null), ([Ljava.lang.Class;@2c0c4c0a,null), ([Ljava.lang.Class;@35d26ad2,null), ([Ljava.lang.Class;@bb25753,null), ([Ljava.lang.Class;@ee21292,null), ([Ljava.lang.Class;@40c06358,null), ([Ljava.lang.Class;@66e21568,null), ([Ljava.lang.Class;@7f73ce28,null), ([Ljava.lang.Class;@611b35d6,null), ([Ljava.lang.Class;@2282400e,null), ([Ljava.lang.Class;@543d5863,null), ([Ljava.lang.Class;@35dece42,null), ([Ljava.lang.Class;@dd3f8aa,io.atomix.utils.serializer.serializers.ArraysAsListSerializer@3d615b2e), ([Ljava.lang.Class;@3a1f2a1,null), ([Ljava.lang.Class;@40ce9049,null), ([Ljava.lang.Class;@52ca2652,null), ([Ljava.lang.Class;@65c5bf0e,null), ([Ljava.lang.Class;@697d6ded,null), ([Ljava.lang.Class;@5d05f453,null), ([Ljava.lang.Class;@5efeb117,null), ([Ljava.lang.Class;@160b4809,null), ([Ljava.lang.Class;@149b4d20,null), ([Ljava.lang.Class;@664e848c,null), ([Ljava.lang.Class;@4d93f75b,null), ([Ljava.lang.Class;@114a5e0,null), ([Ljava.lang.Class;@4f281aaf,null), ([Ljava.lang.Class;@5d508d22,null), ([Ljava.lang.Class;@f2b90fc,null)]}, RegistrationBlock{begin=52, types=[([Ljava.lang.Class;@57cff661,null)]}]}
22:45:37.984 [raft-server-3-state] TRACE i.a.utils.serializer.KryoNamespace - class [B registered as 16
22:45:37.984 [raft-server-3-state] TRACE i.a.utils.serializer.KryoNamespace - class java.util.concurrent.atomic.AtomicBoolean registered as 17
22:45:37.984 [raft-server-3-state] TRACE i.a.utils.serializer.KryoNamespace - class java.util.concurrent.atomic.AtomicInteger registered as 18
22:45:37.984 [raft-server-3-state] TRACE i.a.utils.serializer.KryoNamespace - class java.util.concurrent.atomic.AtomicLong registered as 19
22:45:37.984 [raft-server-3-state] TRACE i.a.utils.serializer.KryoNamespace - class com.google.common.collect.ImmutableList registered as 20
22:45:37.984 [raft-server-3-state] TRACE i.a.utils.serializer.KryoNamespace - class com.google.common.collect.RegularImmutableList registered as 20
22:45:37.984 [raft-server-3-state] TRACE i.a.utils.serializer.KryoNamespace - class com.google.common.collect.RegularImmutableList registered as 20
22:45:37.984 [raft-server-3-state] TRACE i.a.utils.serializer.KryoNamespace - class com.google.common.collect.ImmutableList$SubList registered as 20
22:45:37.984 [raft-server-3-state] TRACE i.a.utils.serializer.KryoNamespace - class com.google.common.collect.ImmutableSet registered as 21
22:45:37.984 [raft-server-3-state] TRACE i.a.utils.serializer.KryoNamespace - class com.google.common.collect.RegularImmutableSet registered as 21
22:45:37.984 [raft-server-3-state] TRACE i.a.utils.serializer.KryoNamespace - class com.google.common.collect.SingletonImmutableSet registered as 21
22:45:37.984 [raft-server-3-state] TRACE i.a.utils.serializer.KryoNamespace - class com.google.common.collect.RegularImmutableSet registered as 21
22:45:37.984 [raft-server-3-state] TRACE i.a.utils.serializer.KryoNamespace - class com.google.common.collect.ImmutableMap registered as 22
22:45:37.984 [raft-server-3-state] TRACE i.a.utils.serializer.KryoNamespace - class com.google.common.collect.RegularImmutableMap registered as 22
22:45:37.984 [raft-server-3-state] TRACE i.a.utils.serializer.KryoNamespace - class com.google.common.collect.RegularImmutableMap registered as 22
22:45:37.984 [raft-server-3-state] TRACE i.a.utils.serializer.KryoNamespace - class com.google.common.collect.RegularImmutableMap registered as 22
22:45:37.984 [raft-server-3-state] TRACE i.a.utils.serializer.KryoNamespace - class java.util.Collections$UnmodifiableSet registered as 23
22:45:37.984 [raft-server-3-state] TRACE i.a.utils.serializer.KryoNamespace - class java.util.HashMap registered as 24
22:45:37.984 [raft-server-3-state] TRACE i.a.utils.serializer.KryoNamespace - class java.util.concurrent.ConcurrentHashMap registered as 25
22:45:37.984 [raft-server-3-state] TRACE i.a.utils.serializer.KryoNamespace - class java.util.concurrent.CopyOnWriteArraySet registered as 26
22:45:37.984 [raft-server-3-state] TRACE i.a.utils.serializer.KryoNamespace - class java.util.ArrayList registered as 27
22:45:37.984 [raft-server-3-state] TRACE i.a.utils.serializer.KryoNamespace - class java.util.LinkedList registered as 28
22:45:37.985 [raft-server-3-state] TRACE i.a.utils.serializer.KryoNamespace - class java.util.HashSet registered as 29
22:45:37.985 [raft-server-3-state] TRACE i.a.utils.serializer.KryoNamespace - class java.util.LinkedHashSet registered as 30
22:45:37.985 [raft-server-3-state] TRACE i.a.utils.serializer.KryoNamespace - class com.sun.jmx.remote.internal.ArrayQueue registered as 31
22:45:37.985 [raft-server-3-state] TRACE i.a.utils.serializer.KryoNamespace - class java.util.ArrayDeque registered as 32
22:45:37.985 [raft-server-3-state] TRACE i.a.utils.serializer.KryoNamespace - class com.google.common.collect.HashMultiset registered as 33
22:45:37.985 [raft-server-3-state] TRACE i.a.utils.serializer.KryoNamespace - class com.google.common.collect.Sets registered as 34
22:45:37.985 [raft-server-3-state] TRACE i.a.utils.serializer.KryoNamespace - class com.google.common.collect.ImmutableEntry registered as 35
22:45:37.985 [raft-server-3-state] TRACE i.a.utils.serializer.KryoNamespace - class java.util.Arrays$ArrayList registered as 36
22:45:37.985 [raft-server-3-state] TRACE i.a.utils.serializer.KryoNamespace - class java.util.Collections$SingletonList registered as 37
22:45:37.985 [raft-server-3-state] TRACE i.a.utils.serializer.KryoNamespace - class java.time.Duration registered as 38
22:45:37.985 [raft-server-3-state] TRACE i.a.utils.serializer.KryoNamespace - class java.util.Collections$EmptySet registered as 39
22:45:37.985 [raft-server-3-state] TRACE i.a.utils.serializer.KryoNamespace - class java.util.Optional registered as 40
22:45:37.985 [raft-server-3-state] TRACE i.a.utils.serializer.KryoNamespace - class java.util.Collections$EmptyList registered as 41
22:45:37.985 [raft-server-3-state] TRACE i.a.utils.serializer.KryoNamespace - class java.util.Collections$SingletonSet registered as 42
22:45:37.985 [raft-server-3-state] TRACE i.a.utils.serializer.KryoNamespace - class [I registered as 43
22:45:37.986 [raft-server-3-state] TRACE i.a.utils.serializer.KryoNamespace - class [J registered as 44
22:45:37.986 [raft-server-3-state] TRACE i.a.utils.serializer.KryoNamespace - class [S registered as 45
22:45:37.986 [raft-server-3-state] TRACE i.a.utils.serializer.KryoNamespace - class [D registered as 46
22:45:37.986 [raft-server-3-state] TRACE i.a.utils.serializer.KryoNamespace - class [F registered as 47
22:45:37.986 [raft-server-3-state] TRACE i.a.utils.serializer.KryoNamespace - class [C registered as 48
22:45:37.986 [raft-server-3-state] TRACE i.a.utils.serializer.KryoNamespace - class [Ljava.lang.String; registered as 49
22:45:37.986 [raft-server-3-state] TRACE i.a.utils.serializer.KryoNamespace - class [Z registered as 50
22:45:37.986 [raft-server-3-state] TRACE i.a.utils.serializer.KryoNamespace - class [Ljava.lang.Object; registered as 51
22:45:37.986 [raft-server-3-state] TRACE i.a.utils.serializer.KryoNamespace - class io.atomix.primitive.service.ServiceConfig registered as 52
22:45:37.986 [raft-server-3-state] DEBUG i.a.p.s.impl.DefaultServiceExecutor - PrimitiveService{2}{type=io.atomix.protocols.raft.RaftTest$TestPrimitiveType@12cd62fc, name=raft-test} - Registered operation callback DefaultOperationId{id=sendEvent, type=COMMAND}
22:45:37.986 [raft-server-3-state] DEBUG i.a.p.s.impl.DefaultServiceExecutor - PrimitiveService{2}{type=io.atomix.protocols.raft.RaftTest$TestPrimitiveType@12cd62fc, name=raft-test} - Registered operation callback DefaultOperationId{id=onClose, type=COMMAND}
22:45:37.986 [raft-server-3-state] DEBUG i.a.p.s.impl.DefaultServiceExecutor - PrimitiveService{2}{type=io.atomix.protocols.raft.RaftTest$TestPrimitiveType@12cd62fc, name=raft-test} - Registered operation callback DefaultOperationId{id=read, type=QUERY}
22:45:37.986 [raft-server-3-state] DEBUG i.a.p.s.impl.DefaultServiceExecutor - PrimitiveService{2}{type=io.atomix.protocols.raft.RaftTest$TestPrimitiveType@12cd62fc, name=raft-test} - Registered operation callback DefaultOperationId{id=onExpire, type=COMMAND}
22:45:37.986 [raft-server-3-state] DEBUG i.a.p.s.impl.DefaultServiceExecutor - PrimitiveService{2}{type=io.atomix.protocols.raft.RaftTest$TestPrimitiveType@12cd62fc, name=raft-test} - Registered operation callback DefaultOperationId{id=write, type=COMMAND}
22:45:37.987 [raft-server-3-state] TRACE i.a.utils.serializer.KryoNamespace - Creating Kryo instance for KryoNamespace{registeredBlocks=[RegistrationBlock{begin=16, types=[([Ljava.lang.Class;@6b321262,null), ([Ljava.lang.Class;@68b11545,null), ([Ljava.lang.Class;@7d0100ea,null), ([Ljava.lang.Class;@357bc488,null), ([Ljava.lang.Class;@4ea17147,io.atomix.utils.serializer.serializers.ImmutableListSerializer@2eda4eeb), ([Ljava.lang.Class;@5ba90d8a,io.atomix.utils.serializer.serializers.ImmutableSetSerializer@309dcdf3), ([Ljava.lang.Class;@7573b9ee,io.atomix.utils.serializer.serializers.ImmutableMapSerializer@9a20cbd), ([Ljava.lang.Class;@1af4955e,null), ([Ljava.lang.Class;@445821a6,null), ([Ljava.lang.Class;@2c0c4c0a,null), ([Ljava.lang.Class;@35d26ad2,null), ([Ljava.lang.Class;@bb25753,null), ([Ljava.lang.Class;@ee21292,null), ([Ljava.lang.Class;@40c06358,null), ([Ljava.lang.Class;@66e21568,null), ([Ljava.lang.Class;@7f73ce28,null), ([Ljava.lang.Class;@611b35d6,null), ([Ljava.lang.Class;@2282400e,null), ([Ljava.lang.Class;@543d5863,null), ([Ljava.lang.Class;@35dece42,null), ([Ljava.lang.Class;@dd3f8aa,io.atomix.utils.serializer.serializers.ArraysAsListSerializer@3d615b2e), ([Ljava.lang.Class;@3a1f2a1,null), ([Ljava.lang.Class;@40ce9049,null), ([Ljava.lang.Class;@52ca2652,null), ([Ljava.lang.Class;@65c5bf0e,null), ([Ljava.lang.Class;@697d6ded,null), ([Ljava.lang.Class;@5d05f453,null), ([Ljava.lang.Class;@5efeb117,null), ([Ljava.lang.Class;@160b4809,null), ([Ljava.lang.Class;@149b4d20,null), ([Ljava.lang.Class;@664e848c,null), ([Ljava.lang.Class;@4d93f75b,null), ([Ljava.lang.Class;@114a5e0,null), ([Ljava.lang.Class;@4f281aaf,null), ([Ljava.lang.Class;@5d508d22,null), ([Ljava.lang.Class;@f2b90fc,null)]}, RegistrationBlock{begin=52, types=[([Ljava.lang.Class;@73f3baa1,null)]}]}
22:45:37.987 [raft-server-3-state] TRACE i.a.utils.serializer.KryoNamespace - class [B registered as 16
22:45:37.987 [raft-server-3-state] TRACE i.a.utils.serializer.KryoNamespace - class java.util.concurrent.atomic.AtomicBoolean registered as 17
22:45:37.987 [raft-server-3-state] TRACE i.a.utils.serializer.KryoNamespace - class java.util.concurrent.atomic.AtomicInteger registered as 18
22:45:37.987 [raft-server-3-state] TRACE i.a.utils.serializer.KryoNamespace - class java.util.concurrent.atomic.AtomicLong registered as 19
22:45:37.987 [raft-server-3-state] TRACE i.a.utils.serializer.KryoNamespace - class com.google.common.collect.ImmutableList registered as 20
22:45:37.987 [raft-server-3-state] TRACE i.a.utils.serializer.KryoNamespace - class com.google.common.collect.RegularImmutableList registered as 20
22:45:37.987 [raft-server-3-state] TRACE i.a.utils.serializer.KryoNamespace - class com.google.common.collect.RegularImmutableList registered as 20
22:45:37.987 [raft-server-3-state] TRACE i.a.utils.serializer.KryoNamespace - class com.google.common.collect.ImmutableList$SubList registered as 20
22:45:37.987 [raft-server-3-state] TRACE i.a.utils.serializer.KryoNamespace - class com.google.common.collect.ImmutableSet registered as 21
22:45:37.987 [raft-server-3-state] TRACE i.a.utils.serializer.KryoNamespace - class com.google.common.collect.RegularImmutableSet registered as 21
22:45:37.987 [raft-server-3-state] TRACE i.a.utils.serializer.KryoNamespace - class com.google.common.collect.SingletonImmutableSet registered as 21
22:45:37.987 [raft-server-3-state] TRACE i.a.utils.serializer.KryoNamespace - class com.google.common.collect.RegularImmutableSet registered as 21
22:45:37.987 [raft-server-3-state] TRACE i.a.utils.serializer.KryoNamespace - class com.google.common.collect.ImmutableMap registered as 22
22:45:37.987 [raft-server-3-state] TRACE i.a.utils.serializer.KryoNamespace - class com.google.common.collect.RegularImmutableMap registered as 22
22:45:37.987 [raft-server-3-state] TRACE i.a.utils.serializer.KryoNamespace - class com.google.common.collect.RegularImmutableMap registered as 22
22:45:37.987 [raft-server-3-state] TRACE i.a.utils.serializer.KryoNamespace - class com.google.common.collect.RegularImmutableMap registered as 22
22:45:37.987 [raft-server-3-state] TRACE i.a.utils.serializer.KryoNamespace - class java.util.Collections$UnmodifiableSet registered as 23
22:45:37.988 [raft-server-3-state] TRACE i.a.utils.serializer.KryoNamespace - class java.util.HashMap registered as 24
22:45:37.988 [raft-server-3-state] TRACE i.a.utils.serializer.KryoNamespace - class java.util.concurrent.ConcurrentHashMap registered as 25
22:45:37.988 [raft-server-3-state] TRACE i.a.utils.serializer.KryoNamespace - class java.util.concurrent.CopyOnWriteArraySet registered as 26
22:45:37.988 [raft-server-3-state] TRACE i.a.utils.serializer.KryoNamespace - class java.util.ArrayList registered as 27
22:45:37.988 [raft-server-3-state] TRACE i.a.utils.serializer.KryoNamespace - class java.util.LinkedList registered as 28
22:45:37.988 [raft-server-3-state] TRACE i.a.utils.serializer.KryoNamespace - class java.util.HashSet registered as 29
22:45:37.988 [raft-server-3-state] TRACE i.a.utils.serializer.KryoNamespace - class java.util.LinkedHashSet registered as 30
22:45:37.988 [raft-server-3-state] TRACE i.a.utils.serializer.KryoNamespace - class com.sun.jmx.remote.internal.ArrayQueue registered as 31
22:45:37.988 [raft-server-3-state] TRACE i.a.utils.serializer.KryoNamespace - class java.util.ArrayDeque registered as 32
22:45:37.988 [raft-server-3-state] TRACE i.a.utils.serializer.KryoNamespace - class com.google.common.collect.HashMultiset registered as 33
22:45:37.988 [raft-server-3-state] TRACE i.a.utils.serializer.KryoNamespace - class com.google.common.collect.Sets registered as 34
22:45:37.988 [raft-server-3-state] TRACE i.a.utils.serializer.KryoNamespace - class com.google.common.collect.ImmutableEntry registered as 35
22:45:37.988 [raft-server-3-state] TRACE i.a.utils.serializer.KryoNamespace - class java.util.Arrays$ArrayList registered as 36
22:45:37.988 [raft-server-3-state] TRACE i.a.utils.serializer.KryoNamespace - class java.util.Collections$SingletonList registered as 37
22:45:37.988 [raft-server-3-state] TRACE i.a.utils.serializer.KryoNamespace - class java.time.Duration registered as 38
22:45:37.989 [raft-server-3-state] TRACE i.a.utils.serializer.KryoNamespace - class java.util.Collections$EmptySet registered as 39
22:45:37.989 [raft-server-3-state] TRACE i.a.utils.serializer.KryoNamespace - class java.util.Optional registered as 40
22:45:37.989 [raft-server-3-state] TRACE i.a.utils.serializer.KryoNamespace - class java.util.Collections$EmptyList registered as 41
22:45:37.989 [raft-server-3-state] TRACE i.a.utils.serializer.KryoNamespace - class java.util.Collections$SingletonSet registered as 42
22:45:37.989 [raft-server-3-state] TRACE i.a.utils.serializer.KryoNamespace - class [I registered as 43
22:45:37.989 [raft-server-3-state] TRACE i.a.utils.serializer.KryoNamespace - class [J registered as 44
22:45:37.989 [raft-server-3-state] TRACE i.a.utils.serializer.KryoNamespace - class [S registered as 45
22:45:37.989 [raft-server-3-state] TRACE i.a.utils.serializer.KryoNamespace - class [D registered as 46
22:45:37.989 [raft-server-3-state] TRACE i.a.utils.serializer.KryoNamespace - class [F registered as 47
22:45:37.989 [raft-server-3-state] TRACE i.a.utils.serializer.KryoNamespace - class [C registered as 48
22:45:37.989 [raft-server-3-state] TRACE i.a.utils.serializer.KryoNamespace - class [Ljava.lang.String; registered as 49
22:45:37.989 [raft-server-3-state] TRACE i.a.utils.serializer.KryoNamespace - class [Z registered as 50
22:45:37.989 [raft-server-3-state] TRACE i.a.utils.serializer.KryoNamespace - class [Ljava.lang.Object; registered as 51
22:45:37.989 [raft-server-3-state] TRACE i.a.utils.serializer.KryoNamespace - class io.atomix.primitive.service.ServiceConfig registered as 52
22:45:37.989 [raft-server-3-state] DEBUG i.a.p.r.service.RaftServiceContext - PrimitiveService{2}{type=io.atomix.protocols.raft.RaftTest$TestPrimitiveType@12cd62fc, name=raft-test} - Opening session 2
22:45:37.989 [raft-server-3-state] DEBUG i.a.p.raft.session.RaftSession - PrimitiveSession{2}{type=io.atomix.protocols.raft.RaftTest$TestPrimitiveType@12cd62fc, name=raft-test} - State changed: OPEN
22:45:38.012 [raft-server-2] TRACE i.a.p.raft.roles.FollowerRole - RaftServer{2}{role=FOLLOWER} - Committed entries up to index 2
22:45:38.012 [raft-server-2] TRACE i.a.p.raft.roles.FollowerRole - RaftServer{2}{role=FOLLOWER} - Sending AppendResponse{status=OK, term=1, succeeded=true, lastLogIndex=3}
22:45:38.012 [raft-server-2-state] TRACE i.a.p.raft.impl.RaftServiceManager - RaftServer{2} - Applying Indexed{index=2, entry=OpenSessionEntry{term=1, timestamp=2018-06-07 10:45:37,847, node=4, serviceName=raft-test, serviceType=raft-test, serviceConfig=byte[]{length=2, hash=2636}, readConsistency=LINEARIZABLE, minTimeout=250, maxTimeout=5000}}
22:45:38.013 [raft-server-2-state] TRACE i.a.utils.serializer.KryoNamespace - Creating Kryo instance for KryoNamespace{registeredBlocks=[RegistrationBlock{begin=16, types=[([Ljava.lang.Class;@6b321262,null), ([Ljava.lang.Class;@68b11545,null), ([Ljava.lang.Class;@7d0100ea,null), ([Ljava.lang.Class;@357bc488,null), ([Ljava.lang.Class;@4ea17147,io.atomix.utils.serializer.serializers.ImmutableListSerializer@2eda4eeb), ([Ljava.lang.Class;@5ba90d8a,io.atomix.utils.serializer.serializers.ImmutableSetSerializer@309dcdf3), ([Ljava.lang.Class;@7573b9ee,io.atomix.utils.serializer.serializers.ImmutableMapSerializer@9a20cbd), ([Ljava.lang.Class;@1af4955e,null), ([Ljava.lang.Class;@445821a6,null), ([Ljava.lang.Class;@2c0c4c0a,null), ([Ljava.lang.Class;@35d26ad2,null), ([Ljava.lang.Class;@bb25753,null), ([Ljava.lang.Class;@ee21292,null), ([Ljava.lang.Class;@40c06358,null), ([Ljava.lang.Class;@66e21568,null), ([Ljava.lang.Class;@7f73ce28,null), ([Ljava.lang.Class;@611b35d6,null), ([Ljava.lang.Class;@2282400e,null), ([Ljava.lang.Class;@543d5863,null), ([Ljava.lang.Class;@35dece42,null), ([Ljava.lang.Class;@dd3f8aa,io.atomix.utils.serializer.serializers.ArraysAsListSerializer@3d615b2e), ([Ljava.lang.Class;@3a1f2a1,null), ([Ljava.lang.Class;@40ce9049,null), ([Ljava.lang.Class;@52ca2652,null), ([Ljava.lang.Class;@65c5bf0e,null), ([Ljava.lang.Class;@697d6ded,null), ([Ljava.lang.Class;@5d05f453,null), ([Ljava.lang.Class;@5efeb117,null), ([Ljava.lang.Class;@160b4809,null), ([Ljava.lang.Class;@149b4d20,null), ([Ljava.lang.Class;@664e848c,null), ([Ljava.lang.Class;@4d93f75b,null), ([Ljava.lang.Class;@114a5e0,null), ([Ljava.lang.Class;@4f281aaf,null), ([Ljava.lang.Class;@5d508d22,null), ([Ljava.lang.Class;@f2b90fc,null)]}, RegistrationBlock{begin=52, types=[([Ljava.lang.Class;@605f1d11,null)]}]}
22:45:38.013 [raft-server-2-state] TRACE i.a.utils.serializer.KryoNamespace - class [B registered as 16
22:45:38.013 [raft-server-2-state] TRACE i.a.utils.serializer.KryoNamespace - class java.util.concurrent.atomic.AtomicBoolean registered as 17
22:45:38.014 [raft-server-2-state] TRACE i.a.utils.serializer.KryoNamespace - class java.util.concurrent.atomic.AtomicInteger registered as 18
22:45:38.014 [raft-server-2-state] TRACE i.a.utils.serializer.KryoNamespace - class java.util.concurrent.atomic.AtomicLong registered as 19
22:45:38.014 [raft-server-2-state] TRACE i.a.utils.serializer.KryoNamespace - class com.google.common.collect.ImmutableList registered as 20
22:45:38.014 [raft-server-2-state] TRACE i.a.utils.serializer.KryoNamespace - class com.google.common.collect.RegularImmutableList registered as 20
22:45:38.014 [raft-server-2-state] TRACE i.a.utils.serializer.KryoNamespace - class com.google.common.collect.RegularImmutableList registered as 20
22:45:38.014 [raft-server-2-state] TRACE i.a.utils.serializer.KryoNamespace - class com.google.common.collect.ImmutableList$SubList registered as 20
22:45:38.014 [raft-server-2-state] TRACE i.a.utils.serializer.KryoNamespace - class com.google.common.collect.ImmutableSet registered as 21
22:45:38.014 [raft-server-2-state] TRACE i.a.utils.serializer.KryoNamespace - class com.google.common.collect.RegularImmutableSet registered as 21
22:45:38.014 [raft-server-2-state] TRACE i.a.utils.serializer.KryoNamespace - class com.google.common.collect.SingletonImmutableSet registered as 21
22:45:38.014 [raft-server-2-state] TRACE i.a.utils.serializer.KryoNamespace - class com.google.common.collect.RegularImmutableSet registered as 21
22:45:38.014 [raft-server-2-state] TRACE i.a.utils.serializer.KryoNamespace - class com.google.common.collect.ImmutableMap registered as 22
22:45:38.014 [raft-server-2-state] TRACE i.a.utils.serializer.KryoNamespace - class com.google.common.collect.RegularImmutableMap registered as 22
22:45:38.014 [raft-server-2-state] TRACE i.a.utils.serializer.KryoNamespace - class com.google.common.collect.RegularImmutableMap registered as 22
22:45:38.014 [raft-server-2-state] TRACE i.a.utils.serializer.KryoNamespace - class com.google.common.collect.RegularImmutableMap registered as 22
22:45:38.014 [raft-server-2-state] TRACE i.a.utils.serializer.KryoNamespace - class java.util.Collections$UnmodifiableSet registered as 23
22:45:38.014 [raft-server-2-state] TRACE i.a.utils.serializer.KryoNamespace - class java.util.HashMap registered as 24
22:45:38.014 [raft-server-2-state] TRACE i.a.utils.serializer.KryoNamespace - class java.util.concurrent.ConcurrentHashMap registered as 25
22:45:38.014 [raft-server-2-state] TRACE i.a.utils.serializer.KryoNamespace - class java.util.concurrent.CopyOnWriteArraySet registered as 26
22:45:38.014 [raft-server-2-state] TRACE i.a.utils.serializer.KryoNamespace - class java.util.ArrayList registered as 27
22:45:38.014 [raft-server-2-state] TRACE i.a.utils.serializer.KryoNamespace - class java.util.LinkedList registered as 28
22:45:38.014 [raft-server-2-state] TRACE i.a.utils.serializer.KryoNamespace - class java.util.HashSet registered as 29
22:45:38.014 [raft-server-2-state] TRACE i.a.utils.serializer.KryoNamespace - class java.util.LinkedHashSet registered as 30
22:45:38.014 [raft-server-2-state] TRACE i.a.utils.serializer.KryoNamespace - class com.sun.jmx.remote.internal.ArrayQueue registered as 31
22:45:38.015 [raft-server-2-state] TRACE i.a.utils.serializer.KryoNamespace - class java.util.ArrayDeque registered as 32
22:45:38.015 [raft-server-2-state] TRACE i.a.utils.serializer.KryoNamespace - class com.google.common.collect.HashMultiset registered as 33
22:45:38.015 [raft-server-2-state] TRACE i.a.utils.serializer.KryoNamespace - class com.google.common.collect.Sets registered as 34
22:45:38.015 [raft-server-2-state] TRACE i.a.utils.serializer.KryoNamespace - class com.google.common.collect.ImmutableEntry registered as 35
22:45:38.015 [raft-server-2-state] TRACE i.a.utils.serializer.KryoNamespace - class java.util.Arrays$ArrayList registered as 36
22:45:38.015 [raft-server-2-state] TRACE i.a.utils.serializer.KryoNamespace - class java.util.Collections$SingletonList registered as 37
22:45:38.015 [raft-server-2-state] TRACE i.a.utils.serializer.KryoNamespace - class java.time.Duration registered as 38
22:45:38.015 [raft-server-2-state] TRACE i.a.utils.serializer.KryoNamespace - class java.util.Collections$EmptySet registered as 39
22:45:38.015 [raft-server-2-state] TRACE i.a.utils.serializer.KryoNamespace - class java.util.Optional registered as 40
22:45:38.015 [raft-server-2-state] TRACE i.a.utils.serializer.KryoNamespace - class java.util.Collections$EmptyList registered as 41
22:45:38.015 [raft-server-2-state] TRACE i.a.utils.serializer.KryoNamespace - class java.util.Collections$SingletonSet registered as 42
22:45:38.015 [raft-server-2-state] TRACE i.a.utils.serializer.KryoNamespace - class [I registered as 43
22:45:38.015 [raft-server-2-state] TRACE i.a.utils.serializer.KryoNamespace - class [J registered as 44
22:45:38.015 [raft-server-2-state] TRACE i.a.utils.serializer.KryoNamespace - class [S registered as 45
22:45:38.015 [raft-server-2-state] TRACE i.a.utils.serializer.KryoNamespace - class [D registered as 46
22:45:38.015 [raft-server-2-state] TRACE i.a.utils.serializer.KryoNamespace - class [F registered as 47
22:45:38.016 [raft-server-2-state] TRACE i.a.utils.serializer.KryoNamespace - class [C registered as 48
22:45:38.016 [raft-server-2-state] TRACE i.a.utils.serializer.KryoNamespace - class [Ljava.lang.String; registered as 49
22:45:38.016 [raft-server-2-state] TRACE i.a.utils.serializer.KryoNamespace - class [Z registered as 50
22:45:38.016 [raft-server-2-state] TRACE i.a.utils.serializer.KryoNamespace - class [Ljava.lang.Object; registered as 51
22:45:38.016 [raft-server-2-state] TRACE i.a.utils.serializer.KryoNamespace - class io.atomix.primitive.service.ServiceConfig registered as 52
22:45:38.016 [raft-server-2-state] TRACE i.a.utils.serializer.KryoNamespace - Creating Kryo instance for KryoNamespace{registeredBlocks=[RegistrationBlock{begin=16, types=[([Ljava.lang.Class;@6b321262,null), ([Ljava.lang.Class;@68b11545,null), ([Ljava.lang.Class;@7d0100ea,null), ([Ljava.lang.Class;@357bc488,null), ([Ljava.lang.Class;@4ea17147,io.atomix.utils.serializer.serializers.ImmutableListSerializer@2eda4eeb), ([Ljava.lang.Class;@5ba90d8a,io.atomix.utils.serializer.serializers.ImmutableSetSerializer@309dcdf3), ([Ljava.lang.Class;@7573b9ee,io.atomix.utils.serializer.serializers.ImmutableMapSerializer@9a20cbd), ([Ljava.lang.Class;@1af4955e,null), ([Ljava.lang.Class;@445821a6,null), ([Ljava.lang.Class;@2c0c4c0a,null), ([Ljava.lang.Class;@35d26ad2,null), ([Ljava.lang.Class;@bb25753,null), ([Ljava.lang.Class;@ee21292,null), ([Ljava.lang.Class;@40c06358,null), ([Ljava.lang.Class;@66e21568,null), ([Ljava.lang.Class;@7f73ce28,null), ([Ljava.lang.Class;@611b35d6,null), ([Ljava.lang.Class;@2282400e,null), ([Ljava.lang.Class;@543d5863,null), ([Ljava.lang.Class;@35dece42,null), ([Ljava.lang.Class;@dd3f8aa,io.atomix.utils.serializer.serializers.ArraysAsListSerializer@3d615b2e), ([Ljava.lang.Class;@3a1f2a1,null), ([Ljava.lang.Class;@40ce9049,null), ([Ljava.lang.Class;@52ca2652,null), ([Ljava.lang.Class;@65c5bf0e,null), ([Ljava.lang.Class;@697d6ded,null), ([Ljava.lang.Class;@5d05f453,null), ([Ljava.lang.Class;@5efeb117,null), ([Ljava.lang.Class;@160b4809,null), ([Ljava.lang.Class;@149b4d20,null), ([Ljava.lang.Class;@664e848c,null), ([Ljava.lang.Class;@4d93f75b,null), ([Ljava.lang.Class;@114a5e0,null), ([Ljava.lang.Class;@4f281aaf,null), ([Ljava.lang.Class;@5d508d22,null), ([Ljava.lang.Class;@f2b90fc,null)]}, RegistrationBlock{begin=52, types=[([Ljava.lang.Class;@6e98ff6a,null)]}]}
22:45:38.016 [raft-server-2-state] TRACE i.a.utils.serializer.KryoNamespace - class [B registered as 16
22:45:38.016 [raft-server-2-state] TRACE i.a.utils.serializer.KryoNamespace - class java.util.concurrent.atomic.AtomicBoolean registered as 17
22:45:38.017 [raft-server-2-state] TRACE i.a.utils.serializer.KryoNamespace - class java.util.concurrent.atomic.AtomicInteger registered as 18
22:45:38.017 [raft-server-2-state] TRACE i.a.utils.serializer.KryoNamespace - class java.util.concurrent.atomic.AtomicLong registered as 19
22:45:38.017 [raft-server-2-state] TRACE i.a.utils.serializer.KryoNamespace - class com.google.common.collect.ImmutableList registered as 20
22:45:38.017 [raft-server-2-state] TRACE i.a.utils.serializer.KryoNamespace - class com.google.common.collect.RegularImmutableList registered as 20
22:45:38.017 [raft-server-2-state] TRACE i.a.utils.serializer.KryoNamespace - class com.google.common.collect.RegularImmutableList registered as 20
22:45:38.017 [raft-server-2-state] TRACE i.a.utils.serializer.KryoNamespace - class com.google.common.collect.ImmutableList$SubList registered as 20
22:45:38.017 [raft-server-2-state] TRACE i.a.utils.serializer.KryoNamespace - class com.google.common.collect.ImmutableSet registered as 21
22:45:38.017 [raft-server-2-state] TRACE i.a.utils.serializer.KryoNamespace - class com.google.common.collect.RegularImmutableSet registered as 21
22:45:38.017 [raft-server-2-state] TRACE i.a.utils.serializer.KryoNamespace - class com.google.common.collect.SingletonImmutableSet registered as 21
22:45:38.017 [raft-server-2-state] TRACE i.a.utils.serializer.KryoNamespace - class com.google.common.collect.RegularImmutableSet registered as 21
22:45:38.017 [raft-server-2-state] TRACE i.a.utils.serializer.KryoNamespace - class com.google.common.collect.ImmutableMap registered as 22
22:45:38.017 [raft-server-2-state] TRACE i.a.utils.serializer.KryoNamespace - class com.google.common.collect.RegularImmutableMap registered as 22
22:45:38.017 [raft-server-2-state] TRACE i.a.utils.serializer.KryoNamespace - class com.google.common.collect.RegularImmutableMap registered as 22
22:45:38.017 [raft-server-2-state] TRACE i.a.utils.serializer.KryoNamespace - class com.google.common.collect.RegularImmutableMap registered as 22
22:45:38.017 [raft-server-2-state] TRACE i.a.utils.serializer.KryoNamespace - class java.util.Collections$UnmodifiableSet registered as 23
22:45:38.017 [raft-server-2-state] TRACE i.a.utils.serializer.KryoNamespace - class java.util.HashMap registered as 24
22:45:38.017 [raft-server-2-state] TRACE i.a.utils.serializer.KryoNamespace - class java.util.concurrent.ConcurrentHashMap registered as 25
22:45:38.017 [raft-server-2-state] TRACE i.a.utils.serializer.KryoNamespace - class java.util.concurrent.CopyOnWriteArraySet registered as 26
22:45:38.017 [raft-server-2-state] TRACE i.a.utils.serializer.KryoNamespace - class java.util.ArrayList registered as 27
22:45:38.017 [raft-server-2-state] TRACE i.a.utils.serializer.KryoNamespace - class java.util.LinkedList registered as 28
22:45:38.017 [raft-server-2-state] TRACE i.a.utils.serializer.KryoNamespace - class java.util.HashSet registered as 29
22:45:38.017 [raft-server-2-state] TRACE i.a.utils.serializer.KryoNamespace - class java.util.LinkedHashSet registered as 30
22:45:38.017 [raft-server-2-state] TRACE i.a.utils.serializer.KryoNamespace - class com.sun.jmx.remote.internal.ArrayQueue registered as 31
22:45:38.018 [raft-server-2-state] TRACE i.a.utils.serializer.KryoNamespace - class java.util.ArrayDeque registered as 32
22:45:38.018 [raft-server-2-state] TRACE i.a.utils.serializer.KryoNamespace - class com.google.common.collect.HashMultiset registered as 33
22:45:38.018 [raft-server-2-state] TRACE i.a.utils.serializer.KryoNamespace - class com.google.common.collect.Sets registered as 34
22:45:38.018 [raft-server-2-state] TRACE i.a.utils.serializer.KryoNamespace - class com.google.common.collect.ImmutableEntry registered as 35
22:45:38.018 [raft-server-2-state] TRACE i.a.utils.serializer.KryoNamespace - class java.util.Arrays$ArrayList registered as 36
22:45:38.018 [raft-server-2-state] TRACE i.a.utils.serializer.KryoNamespace - class java.util.Collections$SingletonList registered as 37
22:45:38.018 [raft-server-2-state] TRACE i.a.utils.serializer.KryoNamespace - class java.time.Duration registered as 38
22:45:38.018 [raft-server-2-state] TRACE i.a.utils.serializer.KryoNamespace - class java.util.Collections$EmptySet registered as 39
22:45:38.018 [raft-server-2-state] TRACE i.a.utils.serializer.KryoNamespace - class java.util.Optional registered as 40
22:45:38.018 [raft-server-2-state] TRACE i.a.utils.serializer.KryoNamespace - class java.util.Collections$EmptyList registered as 41
22:45:38.018 [raft-server-2-state] TRACE i.a.utils.serializer.KryoNamespace - class java.util.Collections$SingletonSet registered as 42
22:45:38.018 [raft-server-2-state] TRACE i.a.utils.serializer.KryoNamespace - class [I registered as 43
22:45:38.018 [raft-server-2-state] TRACE i.a.utils.serializer.KryoNamespace - class [J registered as 44
22:45:38.018 [raft-server-2-state] TRACE i.a.utils.serializer.KryoNamespace - class [S registered as 45
22:45:38.018 [raft-server-2-state] TRACE i.a.utils.serializer.KryoNamespace - class [D registered as 46
22:45:38.019 [raft-server-2-state] TRACE i.a.utils.serializer.KryoNamespace - class [F registered as 47
22:45:38.019 [raft-server-2-state] TRACE i.a.utils.serializer.KryoNamespace - class [C registered as 48
22:45:38.019 [raft-server-2-state] TRACE i.a.utils.serializer.KryoNamespace - class [Ljava.lang.String; registered as 49
22:45:38.019 [raft-server-2-state] TRACE i.a.utils.serializer.KryoNamespace - class [Z registered as 50
22:45:38.019 [raft-server-2-state] TRACE i.a.utils.serializer.KryoNamespace - class [Ljava.lang.Object; registered as 51
22:45:38.019 [raft-server-2-state] TRACE i.a.utils.serializer.KryoNamespace - class io.atomix.primitive.service.ServiceConfig registered as 52
22:45:38.019 [raft-server-2-state] TRACE i.a.utils.serializer.KryoNamespace - Creating Kryo instance for KryoNamespace{registeredBlocks=[RegistrationBlock{begin=16, types=[([Ljava.lang.Class;@6b321262,null), ([Ljava.lang.Class;@68b11545,null), ([Ljava.lang.Class;@7d0100ea,null), ([Ljava.lang.Class;@357bc488,null), ([Ljava.lang.Class;@4ea17147,io.atomix.utils.serializer.serializers.ImmutableListSerializer@2eda4eeb), ([Ljava.lang.Class;@5ba90d8a,io.atomix.utils.serializer.serializers.ImmutableSetSerializer@309dcdf3), ([Ljava.lang.Class;@7573b9ee,io.atomix.utils.serializer.serializers.ImmutableMapSerializer@9a20cbd), ([Ljava.lang.Class;@1af4955e,null), ([Ljava.lang.Class;@445821a6,null), ([Ljava.lang.Class;@2c0c4c0a,null), ([Ljava.lang.Class;@35d26ad2,null), ([Ljava.lang.Class;@bb25753,null), ([Ljava.lang.Class;@ee21292,null), ([Ljava.lang.Class;@40c06358,null), ([Ljava.lang.Class;@66e21568,null), ([Ljava.lang.Class;@7f73ce28,null), ([Ljava.lang.Class;@611b35d6,null), ([Ljava.lang.Class;@2282400e,null), ([Ljava.lang.Class;@543d5863,null), ([Ljava.lang.Class;@35dece42,null), ([Ljava.lang.Class;@dd3f8aa,io.atomix.utils.serializer.serializers.ArraysAsListSerializer@3d615b2e), ([Ljava.lang.Class;@3a1f2a1,null), ([Ljava.lang.Class;@40ce9049,null), ([Ljava.lang.Class;@52ca2652,null), ([Ljava.lang.Class;@65c5bf0e,null), ([Ljava.lang.Class;@697d6ded,null), ([Ljava.lang.Class;@5d05f453,null), ([Ljava.lang.Class;@5efeb117,null), ([Ljava.lang.Class;@160b4809,null), ([Ljava.lang.Class;@149b4d20,null), ([Ljava.lang.Class;@664e848c,null), ([Ljava.lang.Class;@4d93f75b,null), ([Ljava.lang.Class;@114a5e0,null), ([Ljava.lang.Class;@4f281aaf,null), ([Ljava.lang.Class;@5d508d22,null), ([Ljava.lang.Class;@f2b90fc,null)]}, RegistrationBlock{begin=52, types=[([Ljava.lang.Class;@6aa77661,null)]}]}
22:45:38.020 [raft-server-2-state] TRACE i.a.utils.serializer.KryoNamespace - class [B registered as 16
22:45:38.020 [raft-server-2-state] TRACE i.a.utils.serializer.KryoNamespace - class java.util.concurrent.atomic.AtomicBoolean registered as 17
22:45:38.020 [raft-server-2-state] TRACE i.a.utils.serializer.KryoNamespace - class java.util.concurrent.atomic.AtomicInteger registered as 18
22:45:38.020 [raft-server-2-state] TRACE i.a.utils.serializer.KryoNamespace - class java.util.concurrent.atomic.AtomicLong registered as 19
22:45:38.020 [raft-server-2-state] TRACE i.a.utils.serializer.KryoNamespace - class com.google.common.collect.ImmutableList registered as 20
22:45:38.020 [raft-server-2-state] TRACE i.a.utils.serializer.KryoNamespace - class com.google.common.collect.RegularImmutableList registered as 20
22:45:38.020 [raft-server-2-state] TRACE i.a.utils.serializer.KryoNamespace - class com.google.common.collect.RegularImmutableList registered as 20
22:45:38.020 [raft-server-2-state] TRACE i.a.utils.serializer.KryoNamespace - class com.google.common.collect.ImmutableList$SubList registered as 20
22:45:38.020 [raft-server-2-state] TRACE i.a.utils.serializer.KryoNamespace - class com.google.common.collect.ImmutableSet registered as 21
22:45:38.020 [raft-server-2-state] TRACE i.a.utils.serializer.KryoNamespace - class com.google.common.collect.RegularImmutableSet registered as 21
22:45:38.020 [raft-server-2-state] TRACE i.a.utils.serializer.KryoNamespace - class com.google.common.collect.SingletonImmutableSet registered as 21
22:45:38.020 [raft-server-2-state] TRACE i.a.utils.serializer.KryoNamespace - class com.google.common.collect.RegularImmutableSet registered as 21
22:45:38.020 [raft-server-2-state] TRACE i.a.utils.serializer.KryoNamespace - class com.google.common.collect.ImmutableMap registered as 22
22:45:38.020 [raft-server-2-state] TRACE i.a.utils.serializer.KryoNamespace - class com.google.common.collect.RegularImmutableMap registered as 22
22:45:38.020 [raft-server-2-state] TRACE i.a.utils.serializer.KryoNamespace - class com.google.common.collect.RegularImmutableMap registered as 22
22:45:38.020 [raft-server-2-state] TRACE i.a.utils.serializer.KryoNamespace - class com.google.common.collect.RegularImmutableMap registered as 22
22:45:38.020 [raft-server-2-state] TRACE i.a.utils.serializer.KryoNamespace - class java.util.Collections$UnmodifiableSet registered as 23
22:45:38.020 [raft-server-2-state] TRACE i.a.utils.serializer.KryoNamespace - class java.util.HashMap registered as 24
22:45:38.020 [raft-server-2-state] TRACE i.a.utils.serializer.KryoNamespace - class java.util.concurrent.ConcurrentHashMap registered as 25
22:45:38.020 [raft-server-2-state] TRACE i.a.utils.serializer.KryoNamespace - class java.util.concurrent.CopyOnWriteArraySet registered as 26
22:45:38.020 [raft-server-2-state] TRACE i.a.utils.serializer.KryoNamespace - class java.util.ArrayList registered as 27
22:45:38.021 [raft-server-2-state] TRACE i.a.utils.serializer.KryoNamespace - class java.util.LinkedList registered as 28
22:45:38.021 [raft-server-2-state] TRACE i.a.utils.serializer.KryoNamespace - class java.util.HashSet registered as 29
22:45:38.021 [raft-server-2-state] TRACE i.a.utils.serializer.KryoNamespace - class java.util.LinkedHashSet registered as 30
22:45:38.021 [raft-server-2-state] TRACE i.a.utils.serializer.KryoNamespace - class com.sun.jmx.remote.internal.ArrayQueue registered as 31
22:45:38.021 [raft-server-2-state] TRACE i.a.utils.serializer.KryoNamespace - class java.util.ArrayDeque registered as 32
22:45:38.021 [raft-server-2-state] TRACE i.a.utils.serializer.KryoNamespace - class com.google.common.collect.HashMultiset registered as 33
22:45:38.021 [raft-server-2-state] TRACE i.a.utils.serializer.KryoNamespace - class com.google.common.collect.Sets registered as 34
22:45:38.021 [raft-server-2-state] TRACE i.a.utils.serializer.KryoNamespace - class com.google.common.collect.ImmutableEntry registered as 35
22:45:38.021 [raft-server-2-state] TRACE i.a.utils.serializer.KryoNamespace - class java.util.Arrays$ArrayList registered as 36
22:45:38.021 [raft-server-2-state] TRACE i.a.utils.serializer.KryoNamespace - class java.util.Collections$SingletonList registered as 37
22:45:38.021 [raft-server-2-state] TRACE i.a.utils.serializer.KryoNamespace - class java.time.Duration registered as 38
22:45:38.021 [raft-server-2-state] TRACE i.a.utils.serializer.KryoNamespace - class java.util.Collections$EmptySet registered as 39
22:45:38.021 [raft-server-2-state] TRACE i.a.utils.serializer.KryoNamespace - class java.util.Optional registered as 40
22:45:38.021 [raft-server-2-state] TRACE i.a.utils.serializer.KryoNamespace - class java.util.Collections$EmptyList registered as 41
22:45:38.021 [raft-server-2-state] TRACE i.a.utils.serializer.KryoNamespace - class java.util.Collections$SingletonSet registered as 42
22:45:38.022 [raft-server-2-state] TRACE i.a.utils.serializer.KryoNamespace - class [I registered as 43
22:45:38.022 [raft-server-2-state] TRACE i.a.utils.serializer.KryoNamespace - class [J registered as 44
22:45:38.022 [raft-server-2-state] TRACE i.a.utils.serializer.KryoNamespace - class [S registered as 45
22:45:38.022 [raft-server-2-state] TRACE i.a.utils.serializer.KryoNamespace - class [D registered as 46
22:45:38.022 [raft-server-2-state] TRACE i.a.utils.serializer.KryoNamespace - class [F registered as 47
22:45:38.022 [raft-server-2-state] TRACE i.a.utils.serializer.KryoNamespace - class [C registered as 48
22:45:38.022 [raft-server-2-state] TRACE i.a.utils.serializer.KryoNamespace - class [Ljava.lang.String; registered as 49
22:45:38.022 [raft-server-2-state] TRACE i.a.utils.serializer.KryoNamespace - class [Z registered as 50
22:45:38.022 [raft-server-2-state] TRACE i.a.utils.serializer.KryoNamespace - class [Ljava.lang.Object; registered as 51
22:45:38.022 [raft-server-2-state] TRACE i.a.utils.serializer.KryoNamespace - class io.atomix.primitive.service.ServiceConfig registered as 52
22:45:38.023 [raft-server-2-state] DEBUG i.a.p.s.impl.DefaultServiceExecutor - PrimitiveService{2}{type=io.atomix.protocols.raft.RaftTest$TestPrimitiveType@2fa5f551, name=raft-test} - Registered operation callback DefaultOperationId{id=sendEvent, type=COMMAND}
22:45:38.023 [raft-server-2-state] DEBUG i.a.p.s.impl.DefaultServiceExecutor - PrimitiveService{2}{type=io.atomix.protocols.raft.RaftTest$TestPrimitiveType@2fa5f551, name=raft-test} - Registered operation callback DefaultOperationId{id=onClose, type=COMMAND}
22:45:38.023 [raft-server-2-state] DEBUG i.a.p.s.impl.DefaultServiceExecutor - PrimitiveService{2}{type=io.atomix.protocols.raft.RaftTest$TestPrimitiveType@2fa5f551, name=raft-test} - Registered operation callback DefaultOperationId{id=read, type=QUERY}
22:45:38.023 [raft-server-2-state] DEBUG i.a.p.s.impl.DefaultServiceExecutor - PrimitiveService{2}{type=io.atomix.protocols.raft.RaftTest$TestPrimitiveType@2fa5f551, name=raft-test} - Registered operation callback DefaultOperationId{id=onExpire, type=COMMAND}
22:45:38.023 [raft-server-2-state] DEBUG i.a.p.s.impl.DefaultServiceExecutor - PrimitiveService{2}{type=io.atomix.protocols.raft.RaftTest$TestPrimitiveType@2fa5f551, name=raft-test} - Registered operation callback DefaultOperationId{id=write, type=COMMAND}
22:45:38.023 [raft-server-2-state] TRACE i.a.utils.serializer.KryoNamespace - Creating Kryo instance for KryoNamespace{registeredBlocks=[RegistrationBlock{begin=16, types=[([Ljava.lang.Class;@6b321262,null), ([Ljava.lang.Class;@68b11545,null), ([Ljava.lang.Class;@7d0100ea,null), ([Ljava.lang.Class;@357bc488,null), ([Ljava.lang.Class;@4ea17147,io.atomix.utils.serializer.serializers.ImmutableListSerializer@2eda4eeb), ([Ljava.lang.Class;@5ba90d8a,io.atomix.utils.serializer.serializers.ImmutableSetSerializer@309dcdf3), ([Ljava.lang.Class;@7573b9ee,io.atomix.utils.serializer.serializers.ImmutableMapSerializer@9a20cbd), ([Ljava.lang.Class;@1af4955e,null), ([Ljava.lang.Class;@445821a6,null), ([Ljava.lang.Class;@2c0c4c0a,null), ([Ljava.lang.Class;@35d26ad2,null), ([Ljava.lang.Class;@bb25753,null), ([Ljava.lang.Class;@ee21292,null), ([Ljava.lang.Class;@40c06358,null), ([Ljava.lang.Class;@66e21568,null), ([Ljava.lang.Class;@7f73ce28,null), ([Ljava.lang.Class;@611b35d6,null), ([Ljava.lang.Class;@2282400e,null), ([Ljava.lang.Class;@543d5863,null), ([Ljava.lang.Class;@35dece42,null), ([Ljava.lang.Class;@dd3f8aa,io.atomix.utils.serializer.serializers.ArraysAsListSerializer@3d615b2e), ([Ljava.lang.Class;@3a1f2a1,null), ([Ljava.lang.Class;@40ce9049,null), ([Ljava.lang.Class;@52ca2652,null), ([Ljava.lang.Class;@65c5bf0e,null), ([Ljava.lang.Class;@697d6ded,null), ([Ljava.lang.Class;@5d05f453,null), ([Ljava.lang.Class;@5efeb117,null), ([Ljava.lang.Class;@160b4809,null), ([Ljava.lang.Class;@149b4d20,null), ([Ljava.lang.Class;@664e848c,null), ([Ljava.lang.Class;@4d93f75b,null), ([Ljava.lang.Class;@114a5e0,null), ([Ljava.lang.Class;@4f281aaf,null), ([Ljava.lang.Class;@5d508d22,null), ([Ljava.lang.Class;@f2b90fc,null)]}, RegistrationBlock{begin=52, types=[([Ljava.lang.Class;@370ad221,null)]}]}
22:45:38.023 [raft-server-2-state] TRACE i.a.utils.serializer.KryoNamespace - class [B registered as 16
22:45:38.023 [raft-server-2-state] TRACE i.a.utils.serializer.KryoNamespace - class java.util.concurrent.atomic.AtomicBoolean registered as 17
22:45:38.023 [raft-server-2-state] TRACE i.a.utils.serializer.KryoNamespace - class java.util.concurrent.atomic.AtomicInteger registered as 18
22:45:38.024 [raft-server-2-state] TRACE i.a.utils.serializer.KryoNamespace - class java.util.concurrent.atomic.AtomicLong registered as 19
22:45:38.024 [raft-server-2-state] TRACE i.a.utils.serializer.KryoNamespace - class com.google.common.collect.ImmutableList registered as 20
22:45:38.024 [raft-server-2-state] TRACE i.a.utils.serializer.KryoNamespace - class com.google.common.collect.RegularImmutableList registered as 20
22:45:38.024 [raft-server-2-state] TRACE i.a.utils.serializer.KryoNamespace - class com.google.common.collect.RegularImmutableList registered as 20
22:45:38.024 [raft-server-2-state] TRACE i.a.utils.serializer.KryoNamespace - class com.google.common.collect.ImmutableList$SubList registered as 20
22:45:38.024 [raft-server-2-state] TRACE i.a.utils.serializer.KryoNamespace - class com.google.common.collect.ImmutableSet registered as 21
22:45:38.024 [raft-server-2-state] TRACE i.a.utils.serializer.KryoNamespace - class com.google.common.collect.RegularImmutableSet registered as 21
22:45:38.024 [raft-server-2-state] TRACE i.a.utils.serializer.KryoNamespace - class com.google.common.collect.SingletonImmutableSet registered as 21
22:45:38.024 [raft-server-2-state] TRACE i.a.utils.serializer.KryoNamespace - class com.google.common.collect.RegularImmutableSet registered as 21
22:45:38.024 [raft-server-2-state] TRACE i.a.utils.serializer.KryoNamespace - class com.google.common.collect.ImmutableMap registered as 22
22:45:38.024 [raft-server-2-state] TRACE i.a.utils.serializer.KryoNamespace - class com.google.common.collect.RegularImmutableMap registered as 22
22:45:38.024 [raft-server-2-state] TRACE i.a.utils.serializer.KryoNamespace - class com.google.common.collect.RegularImmutableMap registered as 22
22:45:38.024 [raft-server-2-state] TRACE i.a.utils.serializer.KryoNamespace - class com.google.common.collect.RegularImmutableMap registered as 22
22:45:38.024 [raft-server-2-state] TRACE i.a.utils.serializer.KryoNamespace - class java.util.Collections$UnmodifiableSet registered as 23
22:45:38.024 [raft-server-2-state] TRACE i.a.utils.serializer.KryoNamespace - class java.util.HashMap registered as 24
22:45:38.024 [raft-server-2-state] TRACE i.a.utils.serializer.KryoNamespace - class java.util.concurrent.ConcurrentHashMap registered as 25
22:45:38.024 [raft-server-2-state] TRACE i.a.utils.serializer.KryoNamespace - class java.util.concurrent.CopyOnWriteArraySet registered as 26
22:45:38.024 [raft-server-2-state] TRACE i.a.utils.serializer.KryoNamespace - class java.util.ArrayList registered as 27
22:45:38.024 [raft-server-2-state] TRACE i.a.utils.serializer.KryoNamespace - class java.util.LinkedList registered as 28
22:45:38.024 [raft-server-2-state] TRACE i.a.utils.serializer.KryoNamespace - class java.util.HashSet registered as 29
22:45:38.024 [raft-server-2-state] TRACE i.a.utils.serializer.KryoNamespace - class java.util.LinkedHashSet registered as 30
22:45:38.025 [raft-server-2-state] TRACE i.a.utils.serializer.KryoNamespace - class com.sun.jmx.remote.internal.ArrayQueue registered as 31
22:45:38.025 [raft-server-2-state] TRACE i.a.utils.serializer.KryoNamespace - class java.util.ArrayDeque registered as 32
22:45:38.025 [raft-server-2-state] TRACE i.a.utils.serializer.KryoNamespace - class com.google.common.collect.HashMultiset registered as 33
22:45:38.025 [raft-server-2-state] TRACE i.a.utils.serializer.KryoNamespace - class com.google.common.collect.Sets registered as 34
22:45:38.025 [raft-server-2-state] TRACE i.a.utils.serializer.KryoNamespace - class com.google.common.collect.ImmutableEntry registered as 35
22:45:38.025 [raft-server-2-state] TRACE i.a.utils.serializer.KryoNamespace - class java.util.Arrays$ArrayList registered as 36
22:45:38.025 [raft-server-2-state] TRACE i.a.utils.serializer.KryoNamespace - class java.util.Collections$SingletonList registered as 37
22:45:38.025 [raft-server-2-state] TRACE i.a.utils.serializer.KryoNamespace - class java.time.Duration registered as 38
22:45:38.025 [raft-server-2-state] TRACE i.a.utils.serializer.KryoNamespace - class java.util.Collections$EmptySet registered as 39
22:45:38.025 [raft-server-2-state] TRACE i.a.utils.serializer.KryoNamespace - class java.util.Optional registered as 40
22:45:38.025 [raft-server-2-state] TRACE i.a.utils.serializer.KryoNamespace - class java.util.Collections$EmptyList registered as 41
22:45:38.025 [raft-server-2-state] TRACE i.a.utils.serializer.KryoNamespace - class java.util.Collections$SingletonSet registered as 42
22:45:38.025 [raft-server-2-state] TRACE i.a.utils.serializer.KryoNamespace - class [I registered as 43
22:45:38.025 [raft-server-2-state] TRACE i.a.utils.serializer.KryoNamespace - class [J registered as 44
22:45:38.025 [raft-server-2-state] TRACE i.a.utils.serializer.KryoNamespace - class [S registered as 45
22:45:38.026 [raft-server-2-state] TRACE i.a.utils.serializer.KryoNamespace - class [D registered as 46
22:45:38.026 [raft-server-2-state] TRACE i.a.utils.serializer.KryoNamespace - class [F registered as 47
22:45:38.026 [raft-server-2-state] TRACE i.a.utils.serializer.KryoNamespace - class [C registered as 48
22:45:38.026 [raft-server-2-state] TRACE i.a.utils.serializer.KryoNamespace - class [Ljava.lang.String; registered as 49
22:45:38.026 [raft-server-2-state] TRACE i.a.utils.serializer.KryoNamespace - class [Z registered as 50
22:45:38.026 [raft-server-2-state] TRACE i.a.utils.serializer.KryoNamespace - class [Ljava.lang.Object; registered as 51
22:45:38.026 [raft-server-2-state] TRACE i.a.utils.serializer.KryoNamespace - class io.atomix.primitive.service.ServiceConfig registered as 52
22:45:38.026 [raft-server-2-state] DEBUG i.a.p.r.service.RaftServiceContext - PrimitiveService{2}{type=io.atomix.protocols.raft.RaftTest$TestPrimitiveType@2fa5f551, name=raft-test} - Opening session 2
22:45:38.026 [raft-server-2-state] DEBUG i.a.p.raft.session.RaftSession - PrimitiveSession{2}{type=io.atomix.protocols.raft.RaftTest$TestPrimitiveType@2fa5f551, name=raft-test} - State changed: OPEN
22:45:38.054 [raft-server-1] TRACE i.a.protocols.raft.roles.LeaderRole - RaftServer{1}{role=LEADER} - Received CommandRequest{session=2, sequence=1, operation=PrimitiveOperation{id=DefaultOperationId{id=write, type=COMMAND}, value=byte[]{length=17, hash=-1644578928}}}
22:45:38.055 [raft-server-1] TRACE i.a.protocols.raft.roles.LeaderRole - RaftServer{1}{role=LEADER} - Appended Indexed{index=4, entry=CommandEntry{term=1, timestamp=2018-06-07 10:45:38,054, session=2, sequence=1, operation=PrimitiveOperation{id=DefaultOperationId{id=write, type=COMMAND}, value=byte[]{length=17, hash=-1644578928}}}}
22:45:38.055 [raft-server-1] TRACE i.a.p.raft.roles.LeaderAppender - RaftServer{1} - Sending AppendRequest{term=1, leader=1, prevLogIndex=3, prevLogTerm=1, entries=1, commitIndex=3} to 2
22:45:38.055 [raft-server-2] TRACE i.a.p.raft.roles.FollowerRole - RaftServer{2}{role=FOLLOWER} - Received AppendRequest{term=1, leader=1, prevLogIndex=3, prevLogTerm=1, entries=1, commitIndex=3}
22:45:38.055 [raft-server-1] TRACE i.a.p.raft.roles.LeaderAppender - RaftServer{1} - Sending AppendRequest{term=1, leader=1, prevLogIndex=3, prevLogTerm=1, entries=1, commitIndex=3} to 3
22:45:38.055 [raft-server-1] TRACE i.a.p.raft.roles.LeaderAppender - RaftServer{1} - Received AppendResponse{status=OK, term=1, succeeded=true, lastLogIndex=3} from 2
22:45:38.055 [raft-server-2] TRACE i.a.p.raft.roles.FollowerRole - RaftServer{2}{role=FOLLOWER} - Appended Indexed{index=4, entry=CommandEntry{term=1, timestamp=2018-06-07 10:45:38,054, session=2, sequence=1, operation=PrimitiveOperation{id=DefaultOperationId{id=write, type=COMMAND}, value=byte[]{length=17, hash=-1644578928}}}}
22:45:38.055 [raft-server-3] TRACE i.a.p.raft.roles.FollowerRole - RaftServer{3}{role=FOLLOWER} - Received AppendRequest{term=1, leader=1, prevLogIndex=3, prevLogTerm=1, entries=1, commitIndex=3}
22:45:38.055 [raft-server-1-state] TRACE i.a.p.raft.impl.RaftServiceManager - RaftServer{1} - Applying Indexed{index=3, entry=KeepAliveEntry{term=1, timestamp=2018-06-07 10:45:37,928, sessionIds=long[]{length=1, hash=33}, commandSequences=long[]{length=1, hash=31}, eventIndexes=long[]{length=1, hash=33}}}
22:45:38.056 [raft-server-3] TRACE i.a.p.raft.roles.FollowerRole - RaftServer{3}{role=FOLLOWER} - Appended Indexed{index=4, entry=CommandEntry{term=1, timestamp=2018-06-07 10:45:38,054, session=2, sequence=1, operation=PrimitiveOperation{id=DefaultOperationId{id=write, type=COMMAND}, value=byte[]{length=17, hash=-1644578928}}}}
22:45:38.056 [raft-server-1] TRACE i.a.protocols.raft.roles.LeaderRole - RaftServer{1}{role=LEADER} - Sending KeepAliveResponse{status=OK, leader=1, members=[1, 2, 3], sessionIds=long[]{length=1, hash=33}}
22:45:38.154 [raft-server-2] TRACE i.a.p.raft.roles.FollowerRole - RaftServer{2}{role=FOLLOWER} - Committed entries up to index 3
22:45:38.154 [raft-server-2] TRACE i.a.p.raft.roles.FollowerRole - RaftServer{2}{role=FOLLOWER} - Sending AppendResponse{status=OK, term=1, succeeded=true, lastLogIndex=4}
22:45:38.154 [raft-server-1] TRACE i.a.p.raft.roles.LeaderAppender - RaftServer{1} - Received AppendResponse{status=OK, term=1, succeeded=true, lastLogIndex=4} from 2
22:45:38.155 [raft-server-1] TRACE i.a.p.raft.roles.LeaderAppender - RaftServer{1} - Committed entries up to 4
22:45:38.155 [raft-server-2] TRACE i.a.p.raft.roles.FollowerRole - RaftServer{2}{role=FOLLOWER} - Sending KeepAliveResponse{status=OK, leader=1, members=[1, 2, 3], sessionIds=long[]{length=1, hash=33}}
22:45:38.155 [raft-client-4d6eb0c5-808f-4bee-91ae-78c435ccd24a-2] TRACE i.a.p.r.p.impl.RaftProxyConnection - RaftClient{4d6eb0c5-808f-4bee-91ae-78c435ccd24a} - Received KeepAliveResponse{status=OK, leader=1, members=[1, 2, 3], sessionIds=long[]{length=1, hash=33}} from 2
22:45:38.155 [raft-server-2-state] TRACE i.a.p.raft.impl.RaftServiceManager - RaftServer{2} - Applying Indexed{index=3, entry=KeepAliveEntry{term=1, timestamp=2018-06-07 10:45:37,928, sessionIds=long[]{length=1, hash=33}, commandSequences=long[]{length=1, hash=31}, eventIndexes=long[]{length=1, hash=33}}}
22:45:38.156 [raft-client-4d6eb0c5-808f-4bee-91ae-78c435ccd24a-4] TRACE i.a.p.r.p.impl.RaftProxyConnection - PartitionProxy{2}{type=io.atomix.protocols.raft.RaftTest$TestPrimitiveType@35bfa1bb, name=raft-test} - Sending CommandRequest{session=2, sequence=1, operation=PrimitiveOperation{id=DefaultOperationId{id=write, type=COMMAND}, value=byte[]{length=17, hash=-1644578928}}} to 3
22:45:38.264 [raft-server-3] TRACE i.a.p.raft.roles.FollowerRole - RaftServer{3}{role=FOLLOWER} - Committed entries up to index 3
22:45:38.264 [raft-server-3] TRACE i.a.p.raft.roles.FollowerRole - RaftServer{3}{role=FOLLOWER} - Sending AppendResponse{status=OK, term=1, succeeded=true, lastLogIndex=4}
22:45:38.265 [raft-server-3] TRACE i.a.p.raft.roles.FollowerRole - RaftServer{3}{role=FOLLOWER} - Received CommandRequest{session=2, sequence=1, operation=PrimitiveOperation{id=DefaultOperationId{id=write, type=COMMAND}, value=byte[]{length=17, hash=-1644578928}}}
22:45:38.265 [raft-server-3-state] TRACE i.a.p.raft.impl.RaftServiceManager - RaftServer{3} - Applying Indexed{index=3, entry=KeepAliveEntry{term=1, timestamp=2018-06-07 10:45:37,928, sessionIds=long[]{length=1, hash=33}, commandSequences=long[]{length=1, hash=31}, eventIndexes=long[]{length=1, hash=33}}}
22:45:38.312 [raft-server-1] TRACE i.a.p.raft.roles.LeaderAppender - RaftServer{1} - Sending AppendRequest{term=1, leader=1, prevLogIndex=4, prevLogTerm=1, entries=0, commitIndex=4} to 2
22:45:38.312 [raft-server-2] TRACE i.a.p.raft.roles.FollowerRole - RaftServer{2}{role=FOLLOWER} - Received AppendRequest{term=1, leader=1, prevLogIndex=4, prevLogTerm=1, entries=0, commitIndex=4}
22:45:38.312 [raft-server-1] TRACE i.a.p.raft.roles.LeaderAppender - RaftServer{1} - Received AppendResponse{status=OK, term=1, succeeded=true, lastLogIndex=4} from 3
22:45:38.313 [raft-server-1] TRACE i.a.p.raft.roles.LeaderAppender - RaftServer{1} - Sending AppendRequest{term=1, leader=1, prevLogIndex=4, prevLogTerm=1, entries=0, commitIndex=4} to 3
22:45:38.313 [raft-server-3] TRACE i.a.p.raft.roles.FollowerRole - RaftServer{3}{role=FOLLOWER} - Received AppendRequest{term=1, leader=1, prevLogIndex=4, prevLogTerm=1, entries=0, commitIndex=4}
22:45:38.313 [raft-server-1] TRACE i.a.protocols.raft.roles.LeaderRole - RaftServer{1}{role=LEADER} - Received CommandRequest{session=2, sequence=1, operation=PrimitiveOperation{id=DefaultOperationId{id=write, type=COMMAND}, value=byte[]{length=17, hash=-1644578928}}}
22:45:38.313 [raft-server-3] TRACE i.a.p.raft.roles.FollowerRole - RaftServer{3}{role=FOLLOWER} - Committed entries up to index 4
22:45:38.313 [raft-server-3] TRACE i.a.p.raft.roles.FollowerRole - RaftServer{3}{role=FOLLOWER} - Sending AppendResponse{status=OK, term=1, succeeded=true, lastLogIndex=4}
22:45:38.313 [raft-server-1] TRACE i.a.protocols.raft.roles.LeaderRole - RaftServer{1}{role=LEADER} - Appended Indexed{index=5, entry=CommandEntry{term=1, timestamp=2018-06-07 10:45:38,313, session=2, sequence=1, operation=PrimitiveOperation{id=DefaultOperationId{id=write, type=COMMAND}, value=byte[]{length=17, hash=-1644578928}}}}
22:45:38.313 [raft-server-3-state] TRACE i.a.p.raft.impl.RaftServiceManager - RaftServer{3} - Applying Indexed{index=4, entry=CommandEntry{term=1, timestamp=2018-06-07 10:45:38,054, session=2, sequence=1, operation=PrimitiveOperation{id=DefaultOperationId{id=write, type=COMMAND}, value=byte[]{length=17, hash=-1644578928}}}}
22:45:38.313 [raft-server-1] TRACE i.a.p.raft.roles.LeaderAppender - RaftServer{1} - Received AppendResponse{status=OK, term=1, succeeded=true, lastLogIndex=4} from 3
22:45:38.313 [raft-server-1-state] TRACE i.a.p.raft.impl.RaftServiceManager - RaftServer{1} - Applying Indexed{index=4, entry=CommandEntry{term=1, timestamp=2018-06-07 10:45:38,054, session=2, sequence=1, operation=PrimitiveOperation{id=DefaultOperationId{id=write, type=COMMAND}, value=byte[]{length=17, hash=-1644578928}}}}
22:45:38.313 [raft-server-1] TRACE i.a.p.raft.roles.LeaderAppender - RaftServer{1} - Sending AppendRequest{term=1, leader=1, prevLogIndex=4, prevLogTerm=1, entries=1, commitIndex=4} to 3
22:45:38.313 [raft-server-3-state] TRACE i.a.p.s.impl.DefaultServiceExecutor - PrimitiveService{2}{type=io.atomix.protocols.raft.RaftTest$TestPrimitiveType@12cd62fc, name=raft-test} - Executing DefaultCommit{index=4, session=RaftSession{RaftServiceContext{server=3, type=io.atomix.protocols.raft.RaftTest$TestPrimitiveType@12cd62fc, name=raft-test, id=2}, session=2, timestamp=2018-06-07 10:45:38,054}, time=2018-06-07 10:45:38,054, operation=DefaultOperationId{id=write, type=COMMAND}, value=byte[]{length=17, hash=-1644578928}}
22:45:38.314 [raft-server-3] TRACE i.a.p.raft.roles.FollowerRole - RaftServer{3}{role=FOLLOWER} - Received AppendRequest{term=1, leader=1, prevLogIndex=4, prevLogTerm=1, entries=1, commitIndex=4}
22:45:38.313 [raft-server-1-state] TRACE i.a.p.s.impl.DefaultServiceExecutor - PrimitiveService{2}{type=io.atomix.protocols.raft.RaftTest$TestPrimitiveType@54705ce8, name=raft-test} - Executing DefaultCommit{index=4, session=RaftSession{RaftServiceContext{server=1, type=io.atomix.protocols.raft.RaftTest$TestPrimitiveType@54705ce8, name=raft-test, id=2}, session=2, timestamp=2018-06-07 10:45:38,054}, time=2018-06-07 10:45:38,054, operation=DefaultOperationId{id=write, type=COMMAND}, value=byte[]{length=17, hash=-1644578928}}
22:45:38.314 [raft-server-3] TRACE i.a.p.raft.roles.FollowerRole - RaftServer{3}{role=FOLLOWER} - Appended Indexed{index=5, entry=CommandEntry{term=1, timestamp=2018-06-07 10:45:38,313, session=2, sequence=1, operation=PrimitiveOperation{id=DefaultOperationId{id=write, type=COMMAND}, value=byte[]{length=17, hash=-1644578928}}}}
22:45:38.314 [raft-server-1-state] TRACE i.a.protocols.raft.roles.LeaderRole - RaftServer{1}{role=LEADER} - Sending CommandResponse{status=OK, index=4, eventIndex=2, result=byte[]{length=2, hash=1248}}
22:45:38.314 [raft-server-3] TRACE i.a.p.raft.roles.FollowerRole - RaftServer{3}{role=FOLLOWER} - Sending AppendResponse{status=OK, term=1, succeeded=true, lastLogIndex=5}
22:45:38.314 [raft-server-3] TRACE i.a.p.raft.roles.FollowerRole - RaftServer{3}{role=FOLLOWER} - Sending CommandResponse{status=OK, index=4, eventIndex=2, result=byte[]{length=2, hash=1248}}
22:45:38.314 [raft-server-1] TRACE i.a.p.raft.roles.LeaderAppender - RaftServer{1} - Received AppendResponse{status=OK, term=1, succeeded=true, lastLogIndex=5} from 3
22:45:38.314 [raft-server-1] TRACE i.a.p.raft.roles.LeaderAppender - RaftServer{1} - Committed entries up to 5
22:45:38.314 [raft-client-4d6eb0c5-808f-4bee-91ae-78c435ccd24a-0] TRACE i.a.p.r.p.impl.RaftProxyConnection - PartitionProxy{2}{type=io.atomix.protocols.raft.RaftTest$TestPrimitiveType@35bfa1bb, name=raft-test} - Received CommandResponse{status=OK, index=4, eventIndex=2, result=byte[]{length=2, hash=1248}} from 3
22:45:38.314 [raft-client-4d6eb0c5-808f-4bee-91ae-78c435ccd24a-0] TRACE i.a.p.r.p.impl.RaftProxySequencer - PartitionProxy{2}{type=io.atomix.protocols.raft.RaftTest$TestPrimitiveType@35bfa1bb, name=raft-test} - Completing response CommandResponse{status=OK, index=4, eventIndex=2, result=byte[]{length=2, hash=1248}}
22:45:38.319 [raft-client-4d6eb0c5-808f-4bee-91ae-78c435ccd24a-7] TRACE i.a.p.r.p.impl.RaftProxyConnection - PartitionProxy{2}{type=io.atomix.protocols.raft.RaftTest$TestPrimitiveType@35bfa1bb, name=raft-test} - Sending CommandRequest{session=2, sequence=2, operation=PrimitiveOperation{id=DefaultOperationId{id=write, type=COMMAND}, value=byte[]{length=17, hash=-1644578928}}} to 3
22:45:38.320 [raft-server-3] TRACE i.a.p.raft.roles.FollowerRole - RaftServer{3}{role=FOLLOWER} - Received CommandRequest{session=2, sequence=2, operation=PrimitiveOperation{id=DefaultOperationId{id=write, type=COMMAND}, value=byte[]{length=17, hash=-1644578928}}}
22:45:38.359 [raft-server-2] TRACE i.a.p.raft.roles.FollowerRole - RaftServer{2}{role=FOLLOWER} - Committed entries up to index 4
22:45:38.360 [raft-server-2] TRACE i.a.p.raft.roles.FollowerRole - RaftServer{2}{role=FOLLOWER} - Sending AppendResponse{status=OK, term=1, succeeded=true, lastLogIndex=4}
22:45:38.360 [raft-server-2-state] TRACE i.a.p.raft.impl.RaftServiceManager - RaftServer{2} - Applying Indexed{index=4, entry=CommandEntry{term=1, timestamp=2018-06-07 10:45:38,054, session=2, sequence=1, operation=PrimitiveOperation{id=DefaultOperationId{id=write, type=COMMAND}, value=byte[]{length=17, hash=-1644578928}}}}
22:45:38.360 [raft-server-2-state] TRACE i.a.p.s.impl.DefaultServiceExecutor - PrimitiveService{2}{type=io.atomix.protocols.raft.RaftTest$TestPrimitiveType@2fa5f551, name=raft-test} - Executing DefaultCommit{index=4, session=RaftSession{RaftServiceContext{server=2, type=io.atomix.protocols.raft.RaftTest$TestPrimitiveType@2fa5f551, name=raft-test, id=2}, session=2, timestamp=2018-06-07 10:45:38,054}, time=2018-06-07 10:45:38,054, operation=DefaultOperationId{id=write, type=COMMAND}, value=byte[]{length=17, hash=-1644578928}}
22:45:38.413 [raft-server-1] TRACE i.a.protocols.raft.roles.LeaderRole - RaftServer{1}{role=LEADER} - Received CommandRequest{session=2, sequence=2, operation=PrimitiveOperation{id=DefaultOperationId{id=write, type=COMMAND}, value=byte[]{length=17, hash=-1644578928}}}
22:45:38.413 [raft-server-1] TRACE i.a.protocols.raft.roles.LeaderRole - RaftServer{1}{role=LEADER} - Appended Indexed{index=6, entry=CommandEntry{term=1, timestamp=2018-06-07 10:45:38,413, session=2, sequence=2, operation=PrimitiveOperation{id=DefaultOperationId{id=write, type=COMMAND}, value=byte[]{length=17, hash=-1644578928}}}}
22:45:38.414 [raft-server-1] TRACE i.a.p.raft.roles.LeaderAppender - RaftServer{1} - Received AppendResponse{status=OK, term=1, succeeded=true, lastLogIndex=4} from 2
22:45:38.414 [raft-server-1] TRACE i.a.p.raft.roles.LeaderAppender - RaftServer{1} - Sending AppendRequest{term=1, leader=1, prevLogIndex=4, prevLogTerm=1, entries=2, commitIndex=5} to 2
22:45:38.414 [raft-server-2] TRACE i.a.p.raft.roles.FollowerRole - RaftServer{2}{role=FOLLOWER} - Received AppendRequest{term=1, leader=1, prevLogIndex=4, prevLogTerm=1, entries=2, commitIndex=5}
22:45:38.414 [raft-server-1-state] TRACE i.a.p.raft.impl.RaftServiceManager - RaftServer{1} - Applying Indexed{index=5, entry=CommandEntry{term=1, timestamp=2018-06-07 10:45:38,313, session=2, sequence=1, operation=PrimitiveOperation{id=DefaultOperationId{id=write, type=COMMAND}, value=byte[]{length=17, hash=-1644578928}}}}
22:45:38.414 [raft-server-1-state] TRACE i.a.p.r.service.RaftServiceContext - PrimitiveService{2}{type=io.atomix.protocols.raft.RaftTest$TestPrimitiveType@54705ce8, name=raft-test} - Returning cached result for command with sequence number 1 < 2
22:45:38.414 [raft-server-2] TRACE i.a.p.raft.roles.FollowerRole - RaftServer{2}{role=FOLLOWER} - Appended Indexed{index=5, entry=CommandEntry{term=1, timestamp=2018-06-07 10:45:38,313, session=2, sequence=1, operation=PrimitiveOperation{id=DefaultOperationId{id=write, type=COMMAND}, value=byte[]{length=17, hash=-1644578928}}}}
22:45:38.414 [raft-server-1] TRACE i.a.protocols.raft.roles.LeaderRole - RaftServer{1}{role=LEADER} - Sending CommandResponse{status=OK, index=4, eventIndex=2, result=byte[]{length=2, hash=1248}}
22:45:38.415 [raft-server-2] TRACE i.a.p.raft.roles.FollowerRole - RaftServer{2}{role=FOLLOWER} - Appended Indexed{index=6, entry=CommandEntry{term=1, timestamp=2018-06-07 10:45:38,413, session=2, sequence=2, operation=PrimitiveOperation{id=DefaultOperationId{id=write, type=COMMAND}, value=byte[]{length=17, hash=-1644578928}}}}
22:45:38.415 [raft-server-3] TRACE i.a.p.raft.roles.FollowerRole - RaftServer{3}{role=FOLLOWER} - Sending CommandResponse{status=OK, index=4, eventIndex=2, result=byte[]{length=2, hash=1248}}
22:45:38.415 [raft-client-4d6eb0c5-808f-4bee-91ae-78c435ccd24a-2] TRACE i.a.p.r.p.impl.RaftProxyConnection - PartitionProxy{2}{type=io.atomix.protocols.raft.RaftTest$TestPrimitiveType@35bfa1bb, name=raft-test} - Received CommandResponse{status=OK, index=4, eventIndex=2, result=byte[]{length=2, hash=1248}} from 3
22:45:38.415 [raft-server-1] TRACE i.a.p.raft.roles.LeaderAppender - RaftServer{1} - Sending AppendRequest{term=1, leader=1, prevLogIndex=5, prevLogTerm=1, entries=1, commitIndex=5} to 3
22:45:38.415 [raft-server-3] TRACE i.a.p.raft.roles.FollowerRole - RaftServer{3}{role=FOLLOWER} - Received AppendRequest{term=1, leader=1, prevLogIndex=5, prevLogTerm=1, entries=1, commitIndex=5}
22:45:38.415 [raft-server-3] TRACE i.a.p.raft.roles.FollowerRole - RaftServer{3}{role=FOLLOWER} - Appended Indexed{index=6, entry=CommandEntry{term=1, timestamp=2018-06-07 10:45:38,413, session=2, sequence=2, operation=PrimitiveOperation{id=DefaultOperationId{id=write, type=COMMAND}, value=byte[]{length=17, hash=-1644578928}}}}
22:45:38.523 [raft-server-3] TRACE i.a.p.raft.roles.FollowerRole - RaftServer{3}{role=FOLLOWER} - Committed entries up to index 5
22:45:38.523 [raft-server-3] TRACE i.a.p.raft.roles.FollowerRole - RaftServer{3}{role=FOLLOWER} - Sending AppendResponse{status=OK, term=1, succeeded=true, lastLogIndex=6}
22:45:38.523 [raft-server-1] TRACE i.a.p.raft.roles.LeaderAppender - RaftServer{1} - Received AppendResponse{status=OK, term=1, succeeded=true, lastLogIndex=6} from 3
22:45:38.523 [raft-server-2] TRACE i.a.p.raft.roles.FollowerRole - RaftServer{2}{role=FOLLOWER} - Committed entries up to index 5
22:45:38.523 [raft-server-1] TRACE i.a.p.raft.roles.LeaderAppender - RaftServer{1} - Committed entries up to 6
22:45:38.523 [raft-server-3-state] TRACE i.a.p.raft.impl.RaftServiceManager - RaftServer{3} - Applying Indexed{index=5, entry=CommandEntry{term=1, timestamp=2018-06-07 10:45:38,313, session=2, sequence=1, operation=PrimitiveOperation{id=DefaultOperationId{id=write, type=COMMAND}, value=byte[]{length=17, hash=-1644578928}}}}
22:45:38.524 [raft-server-2] TRACE i.a.p.raft.roles.FollowerRole - RaftServer{2}{role=FOLLOWER} - Sending AppendResponse{status=OK, term=1, succeeded=true, lastLogIndex=6}
22:45:38.525 [raft-server-3-state] TRACE i.a.p.r.service.RaftServiceContext - PrimitiveService{2}{type=io.atomix.protocols.raft.RaftTest$TestPrimitiveType@12cd62fc, name=raft-test} - Returning cached result for command with sequence number 1 < 2
22:45:38.525 [raft-server-2-state] TRACE i.a.p.raft.impl.RaftServiceManager - RaftServer{2} - Applying Indexed{index=5, entry=CommandEntry{term=1, timestamp=2018-06-07 10:45:38,313, session=2, sequence=1, operation=PrimitiveOperation{id=DefaultOperationId{id=write, type=COMMAND}, value=byte[]{length=17, hash=-1644578928}}}}
22:45:38.525 [raft-server-2-state] TRACE i.a.p.r.service.RaftServiceContext - PrimitiveService{2}{type=io.atomix.protocols.raft.RaftTest$TestPrimitiveType@2fa5f551, name=raft-test} - Returning cached result for command with sequence number 1 < 2
22:45:38.621 [raft-server-1] TRACE i.a.p.raft.roles.LeaderAppender - RaftServer{1} - Sending AppendRequest{term=1, leader=1, prevLogIndex=6, prevLogTerm=1, entries=0, commitIndex=6} to 3
22:45:38.622 [raft-server-3] TRACE i.a.p.raft.roles.FollowerRole - RaftServer{3}{role=FOLLOWER} - Received AppendRequest{term=1, leader=1, prevLogIndex=6, prevLogTerm=1, entries=0, commitIndex=6}
22:45:38.622 [raft-server-1] TRACE i.a.p.raft.roles.LeaderAppender - RaftServer{1} - Received AppendResponse{status=OK, term=1, succeeded=true, lastLogIndex=6} from 2
22:45:38.623 [raft-server-1] TRACE i.a.p.raft.roles.LeaderAppender - RaftServer{1} - Sending AppendRequest{term=1, leader=1, prevLogIndex=6, prevLogTerm=1, entries=0, commitIndex=6} to 2
22:45:38.623 [raft-server-2] TRACE i.a.p.raft.roles.FollowerRole - RaftServer{2}{role=FOLLOWER} - Received AppendRequest{term=1, leader=1, prevLogIndex=6, prevLogTerm=1, entries=0, commitIndex=6}
22:45:38.623 [raft-server-1-state] TRACE i.a.p.raft.impl.RaftServiceManager - RaftServer{1} - Applying Indexed{index=6, entry=CommandEntry{term=1, timestamp=2018-06-07 10:45:38,413, session=2, sequence=2, operation=PrimitiveOperation{id=DefaultOperationId{id=write, type=COMMAND}, value=byte[]{length=17, hash=-1644578928}}}}
22:45:38.624 [raft-server-1-state] TRACE i.a.p.s.impl.DefaultServiceExecutor - PrimitiveService{2}{type=io.atomix.protocols.raft.RaftTest$TestPrimitiveType@54705ce8, name=raft-test} - Executing DefaultCommit{index=6, session=RaftSession{RaftServiceContext{server=1, type=io.atomix.protocols.raft.RaftTest$TestPrimitiveType@54705ce8, name=raft-test, id=2}, session=2, timestamp=2018-06-07 10:45:38,413}, time=2018-06-07 10:45:38,413, operation=DefaultOperationId{id=write, type=COMMAND}, value=byte[]{length=17, hash=-1644578928}}
22:45:38.624 [raft-server-1-state] TRACE i.a.protocols.raft.roles.LeaderRole - RaftServer{1}{role=LEADER} - Sending CommandResponse{status=OK, index=6, eventIndex=2, result=byte[]{length=2, hash=1252}}
22:45:38.663 [raft-server-3] TRACE i.a.p.raft.roles.FollowerRole - RaftServer{3}{role=FOLLOWER} - Committed entries up to index 6
22:45:38.663 [raft-server-3] TRACE i.a.p.raft.roles.FollowerRole - RaftServer{3}{role=FOLLOWER} - Sending AppendResponse{status=OK, term=1, succeeded=true, lastLogIndex=6}
22:45:38.663 [raft-server-3] TRACE i.a.p.raft.roles.FollowerRole - RaftServer{3}{role=FOLLOWER} - Sending CommandResponse{status=OK, index=6, eventIndex=2, result=byte[]{length=2, hash=1252}}
22:45:38.663 [raft-client-4d6eb0c5-808f-4bee-91ae-78c435ccd24a-5] TRACE i.a.p.r.p.impl.RaftProxyConnection - PartitionProxy{2}{type=io.atomix.protocols.raft.RaftTest$TestPrimitiveType@35bfa1bb, name=raft-test} - Received CommandResponse{status=OK, index=6, eventIndex=2, result=byte[]{length=2, hash=1252}} from 3
22:45:38.663 [raft-server-3-state] TRACE i.a.p.raft.impl.RaftServiceManager - RaftServer{3} - Applying Indexed{index=6, entry=CommandEntry{term=1, timestamp=2018-06-07 10:45:38,413, session=2, sequence=2, operation=PrimitiveOperation{id=DefaultOperationId{id=write, type=COMMAND}, value=byte[]{length=17, hash=-1644578928}}}}
22:45:38.664 [raft-client-4d6eb0c5-808f-4bee-91ae-78c435ccd24a-5] TRACE i.a.p.r.p.impl.RaftProxySequencer - PartitionProxy{2}{type=io.atomix.protocols.raft.RaftTest$TestPrimitiveType@35bfa1bb, name=raft-test} - Completing response CommandResponse{status=OK, index=6, eventIndex=2, result=byte[]{length=2, hash=1252}}
22:45:38.664 [raft-server-3-state] TRACE i.a.p.s.impl.DefaultServiceExecutor - PrimitiveService{2}{type=io.atomix.protocols.raft.RaftTest$TestPrimitiveType@12cd62fc, name=raft-test} - Executing DefaultCommit{index=6, session=RaftSession{RaftServiceContext{server=3, type=io.atomix.protocols.raft.RaftTest$TestPrimitiveType@12cd62fc, name=raft-test, id=2}, session=2, timestamp=2018-06-07 10:45:38,413}, time=2018-06-07 10:45:38,413, operation=DefaultOperationId{id=write, type=COMMAND}, value=byte[]{length=17, hash=-1644578928}}
22:45:38.664 [raft-server-1] TRACE i.a.p.raft.roles.LeaderAppender - RaftServer{1} - Received AppendResponse{status=OK, term=1, succeeded=true, lastLogIndex=6} from 3
22:45:38.665 [raft-client-4d6eb0c5-808f-4bee-91ae-78c435ccd24a-0] TRACE i.a.p.r.p.impl.RaftProxyConnection - PartitionProxy{2}{type=io.atomix.protocols.raft.RaftTest$TestPrimitiveType@35bfa1bb, name=raft-test} - Sending CommandRequest{session=2, sequence=3, operation=PrimitiveOperation{id=DefaultOperationId{id=write, type=COMMAND}, value=byte[]{length=17, hash=-1644578928}}} to 3
22:45:38.665 [raft-server-3] TRACE i.a.p.raft.roles.FollowerRole - RaftServer{3}{role=FOLLOWER} - Received CommandRequest{session=2, sequence=3, operation=PrimitiveOperation{id=DefaultOperationId{id=write, type=COMMAND}, value=byte[]{length=17, hash=-1644578928}}}
22:45:38.665 [raft-server-1] TRACE i.a.protocols.raft.roles.LeaderRole - RaftServer{1}{role=LEADER} - Received CommandRequest{session=2, sequence=3, operation=PrimitiveOperation{id=DefaultOperationId{id=write, type=COMMAND}, value=byte[]{length=17, hash=-1644578928}}}
22:45:38.665 [raft-server-1] TRACE i.a.protocols.raft.roles.LeaderRole - RaftServer{1}{role=LEADER} - Appended Indexed{index=7, entry=CommandEntry{term=1, timestamp=2018-06-07 10:45:38,665, session=2, sequence=3, operation=PrimitiveOperation{id=DefaultOperationId{id=write, type=COMMAND}, value=byte[]{length=17, hash=-1644578928}}}}
22:45:38.666 [raft-server-1] TRACE i.a.p.raft.roles.LeaderAppender - RaftServer{1} - Sending AppendRequest{term=1, leader=1, prevLogIndex=6, prevLogTerm=1, entries=1, commitIndex=6} to 3
22:45:38.666 [raft-server-3] TRACE i.a.p.raft.roles.FollowerRole - RaftServer{3}{role=FOLLOWER} - Received AppendRequest{term=1, leader=1, prevLogIndex=6, prevLogTerm=1, entries=1, commitIndex=6}
22:45:38.666 [raft-server-3] TRACE i.a.p.raft.roles.FollowerRole - RaftServer{3}{role=FOLLOWER} - Appended Indexed{index=7, entry=CommandEntry{term=1, timestamp=2018-06-07 10:45:38,665, session=2, sequence=3, operation=PrimitiveOperation{id=DefaultOperationId{id=write, type=COMMAND}, value=byte[]{length=17, hash=-1644578928}}}}
22:45:38.666 [raft-server-3] TRACE i.a.p.raft.roles.FollowerRole - RaftServer{3}{role=FOLLOWER} - Sending AppendResponse{status=OK, term=1, succeeded=true, lastLogIndex=7}
22:45:38.666 [raft-server-1] TRACE i.a.p.raft.roles.LeaderAppender - RaftServer{1} - Received AppendResponse{status=OK, term=1, succeeded=true, lastLogIndex=7} from 3
22:45:38.666 [raft-server-1] TRACE i.a.p.raft.roles.LeaderAppender - RaftServer{1} - Committed entries up to 7
22:45:38.715 [raft-server-2] TRACE i.a.p.raft.roles.FollowerRole - RaftServer{2}{role=FOLLOWER} - Committed entries up to index 6
22:45:38.715 [raft-server-2] TRACE i.a.p.raft.roles.FollowerRole - RaftServer{2}{role=FOLLOWER} - Sending AppendResponse{status=OK, term=1, succeeded=true, lastLogIndex=6}
22:45:38.716 [raft-server-2-state] TRACE i.a.p.raft.impl.RaftServiceManager - RaftServer{2} - Applying Indexed{index=6, entry=CommandEntry{term=1, timestamp=2018-06-07 10:45:38,413, session=2, sequence=2, operation=PrimitiveOperation{id=DefaultOperationId{id=write, type=COMMAND}, value=byte[]{length=17, hash=-1644578928}}}}
22:45:38.716 [raft-server-2-state] TRACE i.a.p.s.impl.DefaultServiceExecutor - PrimitiveService{2}{type=io.atomix.protocols.raft.RaftTest$TestPrimitiveType@2fa5f551, name=raft-test} - Executing DefaultCommit{index=6, session=RaftSession{RaftServiceContext{server=2, type=io.atomix.protocols.raft.RaftTest$TestPrimitiveType@2fa5f551, name=raft-test, id=2}, session=2, timestamp=2018-06-07 10:45:38,413}, time=2018-06-07 10:45:38,413, operation=DefaultOperationId{id=write, type=COMMAND}, value=byte[]{length=17, hash=-1644578928}}
22:45:38.762 [raft-server-1] TRACE i.a.p.raft.roles.LeaderAppender - RaftServer{1} - Received AppendResponse{status=OK, term=1, succeeded=true, lastLogIndex=6} from 2
22:45:38.762 [raft-server-1] TRACE i.a.p.raft.roles.LeaderAppender - RaftServer{1} - Sending AppendRequest{term=1, leader=1, prevLogIndex=6, prevLogTerm=1, entries=1, commitIndex=7} to 2
22:45:38.762 [raft-server-2] TRACE i.a.p.raft.roles.FollowerRole - RaftServer{2}{role=FOLLOWER} - Received AppendRequest{term=1, leader=1, prevLogIndex=6, prevLogTerm=1, entries=1, commitIndex=7}
22:45:38.762 [raft-server-1] TRACE i.a.p.raft.roles.LeaderAppender - RaftServer{1} - Sending AppendRequest{term=1, leader=1, prevLogIndex=7, prevLogTerm=1, entries=0, commitIndex=7} to 3
22:45:38.762 [raft-server-3] TRACE i.a.p.raft.roles.FollowerRole - RaftServer{3}{role=FOLLOWER} - Received AppendRequest{term=1, leader=1, prevLogIndex=7, prevLogTerm=1, entries=0, commitIndex=7}
22:45:38.762 [raft-server-2] TRACE i.a.p.raft.roles.FollowerRole - RaftServer{2}{role=FOLLOWER} - Appended Indexed{index=7, entry=CommandEntry{term=1, timestamp=2018-06-07 10:45:38,665, session=2, sequence=3, operation=PrimitiveOperation{id=DefaultOperationId{id=write, type=COMMAND}, value=byte[]{length=17, hash=-1644578928}}}}
22:45:38.762 [raft-server-1-state] TRACE i.a.p.raft.impl.RaftServiceManager - RaftServer{1} - Applying Indexed{index=7, entry=CommandEntry{term=1, timestamp=2018-06-07 10:45:38,665, session=2, sequence=3, operation=PrimitiveOperation{id=DefaultOperationId{id=write, type=COMMAND}, value=byte[]{length=17, hash=-1644578928}}}}
22:45:38.763 [raft-server-1-state] TRACE i.a.p.s.impl.DefaultServiceExecutor - PrimitiveService{2}{type=io.atomix.protocols.raft.RaftTest$TestPrimitiveType@54705ce8, name=raft-test} - Executing DefaultCommit{index=7, session=RaftSession{RaftServiceContext{server=1, type=io.atomix.protocols.raft.RaftTest$TestPrimitiveType@54705ce8, name=raft-test, id=2}, session=2, timestamp=2018-06-07 10:45:38,665}, time=2018-06-07 10:45:38,665, operation=DefaultOperationId{id=write, type=COMMAND}, value=byte[]{length=17, hash=-1644578928}}
22:45:38.763 [raft-server-1-state] TRACE i.a.protocols.raft.roles.LeaderRole - RaftServer{1}{role=LEADER} - Sending CommandResponse{status=OK, index=7, eventIndex=2, result=byte[]{length=2, hash=1254}}
22:45:38.866 [raft-server-2] TRACE i.a.p.raft.roles.FollowerRole - RaftServer{2}{role=FOLLOWER} - Committed entries up to index 7
22:45:38.866 [raft-server-3] TRACE i.a.p.raft.roles.FollowerRole - RaftServer{3}{role=FOLLOWER} - Committed entries up to index 7
22:45:38.866 [raft-server-2] TRACE i.a.p.raft.roles.FollowerRole - RaftServer{2}{role=FOLLOWER} - Sending AppendResponse{status=OK, term=1, succeeded=true, lastLogIndex=7}
22:45:38.866 [raft-server-3] TRACE i.a.p.raft.roles.FollowerRole - RaftServer{3}{role=FOLLOWER} - Sending AppendResponse{status=OK, term=1, succeeded=true, lastLogIndex=7}
22:45:38.866 [raft-server-2-state] TRACE i.a.p.raft.impl.RaftServiceManager - RaftServer{2} - Applying Indexed{index=7, entry=CommandEntry{term=1, timestamp=2018-06-07 10:45:38,665, session=2, sequence=3, operation=PrimitiveOperation{id=DefaultOperationId{id=write, type=COMMAND}, value=byte[]{length=17, hash=-1644578928}}}}
22:45:38.866 [raft-server-3] TRACE i.a.p.raft.roles.FollowerRole - RaftServer{3}{role=FOLLOWER} - Sending CommandResponse{status=OK, index=7, eventIndex=2, result=byte[]{length=2, hash=1254}}
22:45:38.866 [raft-server-2-state] TRACE i.a.p.s.impl.DefaultServiceExecutor - PrimitiveService{2}{type=io.atomix.protocols.raft.RaftTest$TestPrimitiveType@2fa5f551, name=raft-test} - Executing DefaultCommit{index=7, session=RaftSession{RaftServiceContext{server=2, type=io.atomix.protocols.raft.RaftTest$TestPrimitiveType@2fa5f551, name=raft-test, id=2}, session=2, timestamp=2018-06-07 10:45:38,665}, time=2018-06-07 10:45:38,665, operation=DefaultOperationId{id=write, type=COMMAND}, value=byte[]{length=17, hash=-1644578928}}
22:45:38.866 [raft-client-4d6eb0c5-808f-4bee-91ae-78c435ccd24a-1] TRACE i.a.p.r.p.impl.RaftProxyConnection - PartitionProxy{2}{type=io.atomix.protocols.raft.RaftTest$TestPrimitiveType@35bfa1bb, name=raft-test} - Received CommandResponse{status=OK, index=7, eventIndex=2, result=byte[]{length=2, hash=1254}} from 3
22:45:38.866 [raft-client-4d6eb0c5-808f-4bee-91ae-78c435ccd24a-1] TRACE i.a.p.r.p.impl.RaftProxySequencer - PartitionProxy{2}{type=io.atomix.protocols.raft.RaftTest$TestPrimitiveType@35bfa1bb, name=raft-test} - Completing response CommandResponse{status=OK, index=7, eventIndex=2, result=byte[]{length=2, hash=1254}}
22:45:38.867 [raft-server-3-state] TRACE i.a.p.raft.impl.RaftServiceManager - RaftServer{3} - Applying Indexed{index=7, entry=CommandEntry{term=1, timestamp=2018-06-07 10:45:38,665, session=2, sequence=3, operation=PrimitiveOperation{id=DefaultOperationId{id=write, type=COMMAND}, value=byte[]{length=17, hash=-1644578928}}}}
22:45:38.867 [raft-server-3-state] TRACE i.a.p.s.impl.DefaultServiceExecutor - PrimitiveService{2}{type=io.atomix.protocols.raft.RaftTest$TestPrimitiveType@12cd62fc, name=raft-test} - Executing DefaultCommit{index=7, session=RaftSession{RaftServiceContext{server=3, type=io.atomix.protocols.raft.RaftTest$TestPrimitiveType@12cd62fc, name=raft-test, id=2}, session=2, timestamp=2018-06-07 10:45:38,665}, time=2018-06-07 10:45:38,665, operation=DefaultOperationId{id=write, type=COMMAND}, value=byte[]{length=17, hash=-1644578928}}
22:45:38.868 [raft-client-4d6eb0c5-808f-4bee-91ae-78c435ccd24a-4] TRACE i.a.p.r.p.impl.RaftProxyConnection - PartitionProxy{2}{type=io.atomix.protocols.raft.RaftTest$TestPrimitiveType@35bfa1bb, name=raft-test} - Sending CommandRequest{session=2, sequence=4, operation=PrimitiveOperation{id=DefaultOperationId{id=write, type=COMMAND}, value=byte[]{length=17, hash=-1644578928}}} to 3
22:45:38.868 [raft-server-3] TRACE i.a.p.raft.roles.FollowerRole - RaftServer{3}{role=FOLLOWER} - Received CommandRequest{session=2, sequence=4, operation=PrimitiveOperation{id=DefaultOperationId{id=write, type=COMMAND}, value=byte[]{length=17, hash=-1644578928}}}
22:45:38.874 [raft-server-1] TRACE i.a.p.raft.roles.LeaderAppender - RaftServer{1} - Received AppendResponse{status=OK, term=1, succeeded=true, lastLogIndex=7} from 2
22:45:38.875 [raft-server-1] TRACE i.a.p.raft.roles.LeaderAppender - RaftServer{1} - Sending AppendRequest{term=1, leader=1, prevLogIndex=7, prevLogTerm=1, entries=0, commitIndex=7} to 2
22:45:38.875 [raft-server-2] TRACE i.a.p.raft.roles.FollowerRole - RaftServer{2}{role=FOLLOWER} - Received AppendRequest{term=1, leader=1, prevLogIndex=7, prevLogTerm=1, entries=0, commitIndex=7}
22:45:38.875 [raft-server-1] TRACE i.a.p.raft.roles.LeaderAppender - RaftServer{1} - Received AppendResponse{status=OK, term=1, succeeded=true, lastLogIndex=7} from 3
22:45:38.875 [raft-server-2] TRACE i.a.p.raft.roles.FollowerRole - RaftServer{2}{role=FOLLOWER} - Sending AppendResponse{status=OK, term=1, succeeded=true, lastLogIndex=7}
22:45:38.875 [raft-server-1] TRACE i.a.p.raft.roles.LeaderAppender - RaftServer{1} - Sending AppendRequest{term=1, leader=1, prevLogIndex=7, prevLogTerm=1, entries=0, commitIndex=7} to 3
22:45:38.875 [raft-server-3] TRACE i.a.p.raft.roles.FollowerRole - RaftServer{3}{role=FOLLOWER} - Received AppendRequest{term=1, leader=1, prevLogIndex=7, prevLogTerm=1, entries=0, commitIndex=7}
22:45:38.875 [raft-server-3] TRACE i.a.p.raft.roles.FollowerRole - RaftServer{3}{role=FOLLOWER} - Sending AppendResponse{status=OK, term=1, succeeded=true, lastLogIndex=7}
22:45:38.875 [raft-server-1] TRACE i.a.protocols.raft.roles.LeaderRole - RaftServer{1}{role=LEADER} - Received CommandRequest{session=2, sequence=4, operation=PrimitiveOperation{id=DefaultOperationId{id=write, type=COMMAND}, value=byte[]{length=17, hash=-1644578928}}}
22:45:38.875 [raft-server-1] TRACE i.a.protocols.raft.roles.LeaderRole - RaftServer{1}{role=LEADER} - Appended Indexed{index=8, entry=CommandEntry{term=1, timestamp=2018-06-07 10:45:38,875, session=2, sequence=4, operation=PrimitiveOperation{id=DefaultOperationId{id=write, type=COMMAND}, value=byte[]{length=17, hash=-1644578928}}}}
22:45:38.876 [raft-server-1] TRACE i.a.p.raft.roles.LeaderAppender - RaftServer{1} - Received AppendResponse{status=OK, term=1, succeeded=true, lastLogIndex=7} from 2
22:45:38.876 [raft-server-1] TRACE i.a.p.raft.roles.LeaderAppender - RaftServer{1} - Sending AppendRequest{term=1, leader=1, prevLogIndex=7, prevLogTerm=1, entries=1, commitIndex=7} to 2
22:45:38.876 [raft-server-2] TRACE i.a.p.raft.roles.FollowerRole - RaftServer{2}{role=FOLLOWER} - Received AppendRequest{term=1, leader=1, prevLogIndex=7, prevLogTerm=1, entries=1, commitIndex=7}
22:45:38.876 [raft-server-1] TRACE i.a.p.raft.roles.LeaderAppender - RaftServer{1} - Received AppendResponse{status=OK, term=1, succeeded=true, lastLogIndex=7} from 3
22:45:38.876 [raft-server-1] TRACE i.a.p.raft.roles.LeaderAppender - RaftServer{1} - Sending AppendRequest{term=1, leader=1, prevLogIndex=7, prevLogTerm=1, entries=1, commitIndex=7} to 3
22:45:38.876 [raft-server-3] TRACE i.a.p.raft.roles.FollowerRole - RaftServer{3}{role=FOLLOWER} - Received AppendRequest{term=1, leader=1, prevLogIndex=7, prevLogTerm=1, entries=1, commitIndex=7}
22:45:38.876 [raft-server-2] TRACE i.a.p.raft.roles.FollowerRole - RaftServer{2}{role=FOLLOWER} - Appended Indexed{index=8, entry=CommandEntry{term=1, timestamp=2018-06-07 10:45:38,875, session=2, sequence=4, operation=PrimitiveOperation{id=DefaultOperationId{id=write, type=COMMAND}, value=byte[]{length=17, hash=-1644578928}}}}
22:45:38.876 [raft-server-2] TRACE i.a.p.raft.roles.FollowerRole - RaftServer{2}{role=FOLLOWER} - Sending AppendResponse{status=OK, term=1, succeeded=true, lastLogIndex=8}
22:45:38.876 [raft-server-3] TRACE i.a.p.raft.roles.FollowerRole - RaftServer{3}{role=FOLLOWER} - Appended Indexed{index=8, entry=CommandEntry{term=1, timestamp=2018-06-07 10:45:38,875, session=2, sequence=4, operation=PrimitiveOperation{id=DefaultOperationId{id=write, type=COMMAND}, value=byte[]{length=17, hash=-1644578928}}}}
22:45:38.876 [raft-server-1] TRACE i.a.p.raft.roles.LeaderAppender - RaftServer{1} - Received AppendResponse{status=OK, term=1, succeeded=true, lastLogIndex=8} from 2
22:45:38.876 [raft-server-3] TRACE i.a.p.raft.roles.FollowerRole - RaftServer{3}{role=FOLLOWER} - Sending AppendResponse{status=OK, term=1, succeeded=true, lastLogIndex=8}
22:45:38.876 [raft-server-1] TRACE i.a.p.raft.roles.LeaderAppender - RaftServer{1} - Committed entries up to 8
22:45:38.963 [raft-server-1] TRACE i.a.p.raft.roles.LeaderAppender - RaftServer{1} - Received AppendResponse{status=OK, term=1, succeeded=true, lastLogIndex=8} from 3
22:45:38.964 [raft-server-1-state] TRACE i.a.p.raft.impl.RaftServiceManager - RaftServer{1} - Applying Indexed{index=8, entry=CommandEntry{term=1, timestamp=2018-06-07 10:45:38,875, session=2, sequence=4, operation=PrimitiveOperation{id=DefaultOperationId{id=write, type=COMMAND}, value=byte[]{length=17, hash=-1644578928}}}}
22:45:38.964 [raft-server-1-state] TRACE i.a.p.s.impl.DefaultServiceExecutor - PrimitiveService{2}{type=io.atomix.protocols.raft.RaftTest$TestPrimitiveType@54705ce8, name=raft-test} - Executing DefaultCommit{index=8, session=RaftSession{RaftServiceContext{server=1, type=io.atomix.protocols.raft.RaftTest$TestPrimitiveType@54705ce8, name=raft-test, id=2}, session=2, timestamp=2018-06-07 10:45:38,875}, time=2018-06-07 10:45:38,875, operation=DefaultOperationId{id=write, type=COMMAND}, value=byte[]{length=17, hash=-1644578928}}
22:45:38.965 [raft-server-1] TRACE i.a.protocols.raft.roles.LeaderRole - RaftServer{1}{role=LEADER} - Sending CommandResponse{status=OK, index=8, eventIndex=2, result=byte[]{length=2, hash=1256}}
22:45:38.965 [raft-server-3] TRACE i.a.p.raft.roles.FollowerRole - RaftServer{3}{role=FOLLOWER} - Sending CommandResponse{status=OK, index=8, eventIndex=2, result=byte[]{length=2, hash=1256}}
22:45:38.965 [raft-client-4d6eb0c5-808f-4bee-91ae-78c435ccd24a-5] TRACE i.a.p.r.p.impl.RaftProxyConnection - PartitionProxy{2}{type=io.atomix.protocols.raft.RaftTest$TestPrimitiveType@35bfa1bb, name=raft-test} - Received CommandResponse{status=OK, index=8, eventIndex=2, result=byte[]{length=2, hash=1256}} from 3
22:45:38.965 [raft-client-4d6eb0c5-808f-4bee-91ae-78c435ccd24a-5] TRACE i.a.p.r.p.impl.RaftProxySequencer - PartitionProxy{2}{type=io.atomix.protocols.raft.RaftTest$TestPrimitiveType@35bfa1bb, name=raft-test} - Completing response CommandResponse{status=OK, index=8, eventIndex=2, result=byte[]{length=2, hash=1256}}
22:45:38.966 [raft-client-4d6eb0c5-808f-4bee-91ae-78c435ccd24a-6] TRACE i.a.p.r.p.impl.RaftProxyConnection - PartitionProxy{2}{type=io.atomix.protocols.raft.RaftTest$TestPrimitiveType@35bfa1bb, name=raft-test} - Sending CommandRequest{session=2, sequence=5, operation=PrimitiveOperation{id=DefaultOperationId{id=write, type=COMMAND}, value=byte[]{length=17, hash=-1644578928}}} to 3
22:45:38.966 [raft-server-3] TRACE i.a.p.raft.roles.FollowerRole - RaftServer{3}{role=FOLLOWER} - Received CommandRequest{session=2, sequence=5, operation=PrimitiveOperation{id=DefaultOperationId{id=write, type=COMMAND}, value=byte[]{length=17, hash=-1644578928}}}
22:45:38.966 [raft-server-1] TRACE i.a.protocols.raft.roles.LeaderRole - RaftServer{1}{role=LEADER} - Received CommandRequest{session=2, sequence=5, operation=PrimitiveOperation{id=DefaultOperationId{id=write, type=COMMAND}, value=byte[]{length=17, hash=-1644578928}}}
22:45:38.966 [raft-server-1] TRACE i.a.protocols.raft.roles.LeaderRole - RaftServer{1}{role=LEADER} - Appended Indexed{index=9, entry=CommandEntry{term=1, timestamp=2018-06-07 10:45:38,966, session=2, sequence=5, operation=PrimitiveOperation{id=DefaultOperationId{id=write, type=COMMAND}, value=byte[]{length=17, hash=-1644578928}}}}
22:45:38.967 [raft-server-1] TRACE i.a.p.raft.roles.LeaderAppender - RaftServer{1} - Sending AppendRequest{term=1, leader=1, prevLogIndex=8, prevLogTerm=1, entries=1, commitIndex=8} to 2
22:45:38.967 [raft-server-2] TRACE i.a.p.raft.roles.FollowerRole - RaftServer{2}{role=FOLLOWER} - Received AppendRequest{term=1, leader=1, prevLogIndex=8, prevLogTerm=1, entries=1, commitIndex=8}
22:45:38.967 [raft-server-1] TRACE i.a.p.raft.roles.LeaderAppender - RaftServer{1} - Sending AppendRequest{term=1, leader=1, prevLogIndex=8, prevLogTerm=1, entries=1, commitIndex=8} to 3
22:45:38.967 [raft-server-3] TRACE i.a.p.raft.roles.FollowerRole - RaftServer{3}{role=FOLLOWER} - Received AppendRequest{term=1, leader=1, prevLogIndex=8, prevLogTerm=1, entries=1, commitIndex=8}
22:45:38.967 [raft-server-2] TRACE i.a.p.raft.roles.FollowerRole - RaftServer{2}{role=FOLLOWER} - Appended Indexed{index=9, entry=CommandEntry{term=1, timestamp=2018-06-07 10:45:38,966, session=2, sequence=5, operation=PrimitiveOperation{id=DefaultOperationId{id=write, type=COMMAND}, value=byte[]{length=17, hash=-1644578928}}}}
22:45:38.967 [raft-server-3] TRACE i.a.p.raft.roles.FollowerRole - RaftServer{3}{role=FOLLOWER} - Appended Indexed{index=9, entry=CommandEntry{term=1, timestamp=2018-06-07 10:45:38,966, session=2, sequence=5, operation=PrimitiveOperation{id=DefaultOperationId{id=write, type=COMMAND}, value=byte[]{length=17, hash=-1644578928}}}}
22:45:39.006 [raft-server-3] TRACE i.a.p.raft.roles.FollowerRole - RaftServer{3}{role=FOLLOWER} - Committed entries up to index 8
22:45:39.006 [raft-server-3] TRACE i.a.p.raft.roles.FollowerRole - RaftServer{3}{role=FOLLOWER} - Sending AppendResponse{status=OK, term=1, succeeded=true, lastLogIndex=9}
22:45:39.006 [raft-server-1] TRACE i.a.p.raft.roles.LeaderAppender - RaftServer{1} - Received AppendResponse{status=OK, term=1, succeeded=true, lastLogIndex=9} from 3
22:45:39.006 [raft-server-2] TRACE i.a.p.raft.roles.FollowerRole - RaftServer{2}{role=FOLLOWER} - Committed entries up to index 8
22:45:39.006 [raft-server-1] TRACE i.a.p.raft.roles.LeaderAppender - RaftServer{1} - Committed entries up to 9
22:45:39.006 [raft-server-2] TRACE i.a.p.raft.roles.FollowerRole - RaftServer{2}{role=FOLLOWER} - Sending AppendResponse{status=OK, term=1, succeeded=true, lastLogIndex=9}
22:45:39.006 [raft-server-3-state] TRACE i.a.p.raft.impl.RaftServiceManager - RaftServer{3} - Applying Indexed{index=8, entry=CommandEntry{term=1, timestamp=2018-06-07 10:45:38,875, session=2, sequence=4, operation=PrimitiveOperation{id=DefaultOperationId{id=write, type=COMMAND}, value=byte[]{length=17, hash=-1644578928}}}}
22:45:39.007 [raft-server-2-state] TRACE i.a.p.raft.impl.RaftServiceManager - RaftServer{2} - Applying Indexed{index=8, entry=CommandEntry{term=1, timestamp=2018-06-07 10:45:38,875, session=2, sequence=4, operation=PrimitiveOperation{id=DefaultOperationId{id=write, type=COMMAND}, value=byte[]{length=17, hash=-1644578928}}}}
22:45:39.007 [raft-server-2-state] TRACE i.a.p.s.impl.DefaultServiceExecutor - PrimitiveService{2}{type=io.atomix.protocols.raft.RaftTest$TestPrimitiveType@2fa5f551, name=raft-test} - Executing DefaultCommit{index=8, session=RaftSession{RaftServiceContext{server=2, type=io.atomix.protocols.raft.RaftTest$TestPrimitiveType@2fa5f551, name=raft-test, id=2}, session=2, timestamp=2018-06-07 10:45:38,875}, time=2018-06-07 10:45:38,875, operation=DefaultOperationId{id=write, type=COMMAND}, value=byte[]{length=17, hash=-1644578928}}
22:45:39.007 [raft-server-3-state] TRACE i.a.p.s.impl.DefaultServiceExecutor - PrimitiveService{2}{type=io.atomix.protocols.raft.RaftTest$TestPrimitiveType@12cd62fc, name=raft-test} - Executing DefaultCommit{index=8, session=RaftSession{RaftServiceContext{server=3, type=io.atomix.protocols.raft.RaftTest$TestPrimitiveType@12cd62fc, name=raft-test, id=2}, session=2, timestamp=2018-06-07 10:45:38,875}, time=2018-06-07 10:45:38,875, operation=DefaultOperationId{id=write, type=COMMAND}, value=byte[]{length=17, hash=-1644578928}}
22:45:39.054 [raft-server-1] TRACE i.a.p.raft.roles.LeaderAppender - RaftServer{1} - Sending AppendRequest{term=1, leader=1, prevLogIndex=9, prevLogTerm=1, entries=0, commitIndex=9} to 3
22:45:39.055 [raft-server-3] TRACE i.a.p.raft.roles.FollowerRole - RaftServer{3}{role=FOLLOWER} - Received AppendRequest{term=1, leader=1, prevLogIndex=9, prevLogTerm=1, entries=0, commitIndex=9}
22:45:39.055 [raft-server-1] TRACE i.a.p.raft.roles.LeaderAppender - RaftServer{1} - Received AppendResponse{status=OK, term=1, succeeded=true, lastLogIndex=9} from 2
22:45:39.055 [raft-server-1] TRACE i.a.p.raft.roles.LeaderAppender - RaftServer{1} - Sending AppendRequest{term=1, leader=1, prevLogIndex=9, prevLogTerm=1, entries=0, commitIndex=9} to 2
22:45:39.055 [raft-server-2] TRACE i.a.p.raft.roles.FollowerRole - RaftServer{2}{role=FOLLOWER} - Received AppendRequest{term=1, leader=1, prevLogIndex=9, prevLogTerm=1, entries=0, commitIndex=9}
22:45:39.056 [raft-server-1-state] TRACE i.a.p.raft.impl.RaftServiceManager - RaftServer{1} - Applying Indexed{index=9, entry=CommandEntry{term=1, timestamp=2018-06-07 10:45:38,966, session=2, sequence=5, operation=PrimitiveOperation{id=DefaultOperationId{id=write, type=COMMAND}, value=byte[]{length=17, hash=-1644578928}}}}
22:45:39.056 [raft-server-1-state] TRACE i.a.p.s.impl.DefaultServiceExecutor - PrimitiveService{2}{type=io.atomix.protocols.raft.RaftTest$TestPrimitiveType@54705ce8, name=raft-test} - Executing DefaultCommit{index=9, session=RaftSession{RaftServiceContext{server=1, type=io.atomix.protocols.raft.RaftTest$TestPrimitiveType@54705ce8, name=raft-test, id=2}, session=2, timestamp=2018-06-07 10:45:38,966}, time=2018-06-07 10:45:38,966, operation=DefaultOperationId{id=write, type=COMMAND}, value=byte[]{length=17, hash=-1644578928}}
22:45:39.056 [raft-server-1-state] TRACE i.a.protocols.raft.roles.LeaderRole - RaftServer{1}{role=LEADER} - Sending CommandResponse{status=OK, index=9, eventIndex=2, result=byte[]{length=2, hash=1258}}
22:45:39.109 [raft-server-3] TRACE i.a.p.raft.roles.FollowerRole - RaftServer{3}{role=FOLLOWER} - Committed entries up to index 9
22:45:39.109 [raft-server-3] TRACE i.a.p.raft.roles.FollowerRole - RaftServer{3}{role=FOLLOWER} - Sending AppendResponse{status=OK, term=1, succeeded=true, lastLogIndex=9}
22:45:39.109 [raft-server-1] TRACE i.a.p.raft.roles.LeaderAppender - RaftServer{1} - Received AppendResponse{status=OK, term=1, succeeded=true, lastLogIndex=9} from 3
22:45:39.109 [raft-server-3] TRACE i.a.p.raft.roles.FollowerRole - RaftServer{3}{role=FOLLOWER} - Sending CommandResponse{status=OK, index=9, eventIndex=2, result=byte[]{length=2, hash=1258}}
22:45:39.109 [raft-client-4d6eb0c5-808f-4bee-91ae-78c435ccd24a-7] TRACE i.a.p.r.p.impl.RaftProxyConnection - PartitionProxy{2}{type=io.atomix.protocols.raft.RaftTest$TestPrimitiveType@35bfa1bb, name=raft-test} - Received CommandResponse{status=OK, index=9, eventIndex=2, result=byte[]{length=2, hash=1258}} from 3
22:45:39.109 [raft-client-4d6eb0c5-808f-4bee-91ae-78c435ccd24a-7] TRACE i.a.p.r.p.impl.RaftProxySequencer - PartitionProxy{2}{type=io.atomix.protocols.raft.RaftTest$TestPrimitiveType@35bfa1bb, name=raft-test} - Completing response CommandResponse{status=OK, index=9, eventIndex=2, result=byte[]{length=2, hash=1258}}
22:45:39.109 [raft-server-3-state] TRACE i.a.p.raft.impl.RaftServiceManager - RaftServer{3} - Applying Indexed{index=9, entry=CommandEntry{term=1, timestamp=2018-06-07 10:45:38,966, session=2, sequence=5, operation=PrimitiveOperation{id=DefaultOperationId{id=write, type=COMMAND}, value=byte[]{length=17, hash=-1644578928}}}}
22:45:39.110 [raft-server-3-state] TRACE i.a.p.s.impl.DefaultServiceExecutor - PrimitiveService{2}{type=io.atomix.protocols.raft.RaftTest$TestPrimitiveType@12cd62fc, name=raft-test} - Executing DefaultCommit{index=9, session=RaftSession{RaftServiceContext{server=3, type=io.atomix.protocols.raft.RaftTest$TestPrimitiveType@12cd62fc, name=raft-test, id=2}, session=2, timestamp=2018-06-07 10:45:38,966}, time=2018-06-07 10:45:38,966, operation=DefaultOperationId{id=write, type=COMMAND}, value=byte[]{length=17, hash=-1644578928}}
22:45:39.110 [raft-client-4d6eb0c5-808f-4bee-91ae-78c435ccd24a-7] TRACE i.a.p.r.p.impl.RaftProxyConnection - PartitionProxy{2}{type=io.atomix.protocols.raft.RaftTest$TestPrimitiveType@35bfa1bb, name=raft-test} - Sending CommandRequest{session=2, sequence=6, operation=PrimitiveOperation{id=DefaultOperationId{id=write, type=COMMAND}, value=byte[]{length=17, hash=-1644578928}}} to 3
22:45:39.110 [raft-server-3] TRACE i.a.p.raft.roles.FollowerRole - RaftServer{3}{role=FOLLOWER} - Received CommandRequest{session=2, sequence=6, operation=PrimitiveOperation{id=DefaultOperationId{id=write, type=COMMAND}, value=byte[]{length=17, hash=-1644578928}}}
22:45:39.110 [raft-server-1] TRACE i.a.protocols.raft.roles.LeaderRole - RaftServer{1}{role=LEADER} - Received CommandRequest{session=2, sequence=6, operation=PrimitiveOperation{id=DefaultOperationId{id=write, type=COMMAND}, value=byte[]{length=17, hash=-1644578928}}}
22:45:39.111 [raft-server-1] TRACE i.a.protocols.raft.roles.LeaderRole - RaftServer{1}{role=LEADER} - Appended Indexed{index=10, entry=CommandEntry{term=1, timestamp=2018-06-07 10:45:39,110, session=2, sequence=6, operation=PrimitiveOperation{id=DefaultOperationId{id=write, type=COMMAND}, value=byte[]{length=17, hash=-1644578928}}}}
22:45:39.111 [raft-server-1] TRACE i.a.p.raft.roles.LeaderAppender - RaftServer{1} - Sending AppendRequest{term=1, leader=1, prevLogIndex=9, prevLogTerm=1, entries=1, commitIndex=9} to 2
22:45:39.111 [raft-server-1] TRACE i.a.p.raft.roles.LeaderAppender - RaftServer{1} - Sending AppendRequest{term=1, leader=1, prevLogIndex=9, prevLogTerm=1, entries=1, commitIndex=9} to 3
22:45:39.111 [raft-server-3] TRACE i.a.p.raft.roles.FollowerRole - RaftServer{3}{role=FOLLOWER} - Received AppendRequest{term=1, leader=1, prevLogIndex=9, prevLogTerm=1, entries=1, commitIndex=9}
22:45:39.111 [raft-server-3] TRACE i.a.p.raft.roles.FollowerRole - RaftServer{3}{role=FOLLOWER} - Appended Indexed{index=10, entry=CommandEntry{term=1, timestamp=2018-06-07 10:45:39,110, session=2, sequence=6, operation=PrimitiveOperation{id=DefaultOperationId{id=write, type=COMMAND}, value=byte[]{length=17, hash=-1644578928}}}}
22:45:39.111 [raft-server-3] TRACE i.a.p.raft.roles.FollowerRole - RaftServer{3}{role=FOLLOWER} - Sending AppendResponse{status=OK, term=1, succeeded=true, lastLogIndex=10}
22:45:39.112 [raft-server-1] TRACE i.a.p.raft.roles.LeaderAppender - RaftServer{1} - Received AppendResponse{status=OK, term=1, succeeded=true, lastLogIndex=10} from 3
22:45:39.112 [raft-server-1] TRACE i.a.p.raft.roles.LeaderAppender - RaftServer{1} - Committed entries up to 10
22:45:39.204 [raft-server-2] TRACE i.a.p.raft.roles.FollowerRole - RaftServer{2}{role=FOLLOWER} - Committed entries up to index 9
22:45:39.205 [raft-server-2] TRACE i.a.p.raft.roles.FollowerRole - RaftServer{2}{role=FOLLOWER} - Sending AppendResponse{status=OK, term=1, succeeded=true, lastLogIndex=9}
22:45:39.205 [raft-server-2] TRACE i.a.p.raft.roles.FollowerRole - RaftServer{2}{role=FOLLOWER} - Received AppendRequest{term=1, leader=1, prevLogIndex=9, prevLogTerm=1, entries=1, commitIndex=9}
22:45:39.205 [raft-server-2] TRACE i.a.p.raft.roles.FollowerRole - RaftServer{2}{role=FOLLOWER} - Appended Indexed{index=10, entry=CommandEntry{term=1, timestamp=2018-06-07 10:45:39,110, session=2, sequence=6, operation=PrimitiveOperation{id=DefaultOperationId{id=write, type=COMMAND}, value=byte[]{length=17, hash=-1644578928}}}}
22:45:39.205 [raft-server-2] TRACE i.a.p.raft.roles.FollowerRole - RaftServer{2}{role=FOLLOWER} - Sending AppendResponse{status=OK, term=1, succeeded=true, lastLogIndex=10}
22:45:39.206 [raft-server-2-state] TRACE i.a.p.raft.impl.RaftServiceManager - RaftServer{2} - Applying Indexed{index=9, entry=CommandEntry{term=1, timestamp=2018-06-07 10:45:38,966, session=2, sequence=5, operation=PrimitiveOperation{id=DefaultOperationId{id=write, type=COMMAND}, value=byte[]{length=17, hash=-1644578928}}}}
22:45:39.206 [raft-server-2-state] TRACE i.a.p.s.impl.DefaultServiceExecutor - PrimitiveService{2}{type=io.atomix.protocols.raft.RaftTest$TestPrimitiveType@2fa5f551, name=raft-test} - Executing DefaultCommit{index=9, session=RaftSession{RaftServiceContext{server=2, type=io.atomix.protocols.raft.RaftTest$TestPrimitiveType@2fa5f551, name=raft-test, id=2}, session=2, timestamp=2018-06-07 10:45:38,966}, time=2018-06-07 10:45:38,966, operation=DefaultOperationId{id=write, type=COMMAND}, value=byte[]{length=17, hash=-1644578928}}
22:45:39.298 [raft-server-1] TRACE i.a.p.raft.roles.LeaderAppender - RaftServer{1} - Received AppendResponse{status=OK, term=1, succeeded=true, lastLogIndex=9} from 2
22:45:39.298 [raft-server-1] TRACE i.a.p.raft.roles.LeaderAppender - RaftServer{1} - Received AppendResponse{status=OK, term=1, succeeded=true, lastLogIndex=10} from 2
22:45:39.298 [raft-server-1] TRACE i.a.p.raft.roles.LeaderAppender - RaftServer{1} - Sending AppendRequest{term=1, leader=1, prevLogIndex=10, prevLogTerm=1, entries=0, commitIndex=10} to 2
22:45:39.298 [raft-server-2] TRACE i.a.p.raft.roles.FollowerRole - RaftServer{2}{role=FOLLOWER} - Received AppendRequest{term=1, leader=1, prevLogIndex=10, prevLogTerm=1, entries=0, commitIndex=10}
22:45:39.298 [raft-server-1] TRACE i.a.p.raft.roles.LeaderAppender - RaftServer{1} - Sending AppendRequest{term=1, leader=1, prevLogIndex=10, prevLogTerm=1, entries=0, commitIndex=10} to 3
22:45:39.299 [raft-server-3] TRACE i.a.p.raft.roles.FollowerRole - RaftServer{3}{role=FOLLOWER} - Received AppendRequest{term=1, leader=1, prevLogIndex=10, prevLogTerm=1, entries=0, commitIndex=10}
22:45:39.299 [raft-server-1-state] TRACE i.a.p.raft.impl.RaftServiceManager - RaftServer{1} - Applying Indexed{index=10, entry=CommandEntry{term=1, timestamp=2018-06-07 10:45:39,110, session=2, sequence=6, operation=PrimitiveOperation{id=DefaultOperationId{id=write, type=COMMAND}, value=byte[]{length=17, hash=-1644578928}}}}
22:45:39.299 [raft-server-1-state] TRACE i.a.p.s.impl.DefaultServiceExecutor - PrimitiveService{2}{type=io.atomix.protocols.raft.RaftTest$TestPrimitiveType@54705ce8, name=raft-test} - Executing DefaultCommit{index=10, session=RaftSession{RaftServiceContext{server=1, type=io.atomix.protocols.raft.RaftTest$TestPrimitiveType@54705ce8, name=raft-test, id=2}, session=2, timestamp=2018-06-07 10:45:39,110}, time=2018-06-07 10:45:39,110, operation=DefaultOperationId{id=write, type=COMMAND}, value=byte[]{length=17, hash=-1644578928}}
22:45:39.300 [raft-server-1-state] TRACE i.a.protocols.raft.roles.LeaderRole - RaftServer{1}{role=LEADER} - Sending CommandResponse{status=OK, index=10, eventIndex=2, result=byte[]{length=2, hash=1260}}
22:45:39.398 [raft-server-2] TRACE i.a.p.raft.roles.FollowerRole - RaftServer{2}{role=FOLLOWER} - Committed entries up to index 10
22:45:39.398 [raft-server-2] TRACE i.a.p.raft.roles.FollowerRole - RaftServer{2}{role=FOLLOWER} - Sending AppendResponse{status=OK, term=1, succeeded=true, lastLogIndex=10}
22:45:39.399 [raft-server-1] TRACE i.a.p.raft.roles.LeaderAppender - RaftServer{1} - Received AppendResponse{status=OK, term=1, succeeded=true, lastLogIndex=10} from 2
22:45:39.399 [raft-server-1] TRACE i.a.p.raft.roles.LeaderAppender - RaftServer{1} - Sending AppendRequest{term=1, leader=1, prevLogIndex=10, prevLogTerm=1, entries=0, commitIndex=10} to 2
22:45:39.399 [raft-server-2-state] TRACE i.a.p.raft.impl.RaftServiceManager - RaftServer{2} - Applying Indexed{index=10, entry=CommandEntry{term=1, timestamp=2018-06-07 10:45:39,110, session=2, sequence=6, operation=PrimitiveOperation{id=DefaultOperationId{id=write, type=COMMAND}, value=byte[]{length=17, hash=-1644578928}}}}
22:45:39.399 [raft-server-2] TRACE i.a.p.raft.roles.FollowerRole - RaftServer{2}{role=FOLLOWER} - Received AppendRequest{term=1, leader=1, prevLogIndex=10, prevLogTerm=1, entries=0, commitIndex=10}
22:45:39.399 [raft-server-2] TRACE i.a.p.raft.roles.FollowerRole - RaftServer{2}{role=FOLLOWER} - Sending AppendResponse{status=OK, term=1, succeeded=true, lastLogIndex=10}
22:45:39.399 [raft-server-2-state] TRACE i.a.p.s.impl.DefaultServiceExecutor - PrimitiveService{2}{type=io.atomix.protocols.raft.RaftTest$TestPrimitiveType@2fa5f551, name=raft-test} - Executing DefaultCommit{index=10, session=RaftSession{RaftServiceContext{server=2, type=io.atomix.protocols.raft.RaftTest$TestPrimitiveType@2fa5f551, name=raft-test, id=2}, session=2, timestamp=2018-06-07 10:45:39,110}, time=2018-06-07 10:45:39,110, operation=DefaultOperationId{id=write, type=COMMAND}, value=byte[]{length=17, hash=-1644578928}}
22:45:39.399 [raft-server-1] TRACE i.a.p.raft.roles.LeaderAppender - RaftServer{1} - Received AppendResponse{status=OK, term=1, succeeded=true, lastLogIndex=10} from 2
22:45:39.489 [raft-server-3] TRACE i.a.p.raft.roles.FollowerRole - RaftServer{3}{role=FOLLOWER} - Committed entries up to index 10
22:45:39.489 [raft-server-3] TRACE i.a.p.raft.roles.FollowerRole - RaftServer{3}{role=FOLLOWER} - Sending AppendResponse{status=OK, term=1, succeeded=true, lastLogIndex=10}
22:45:39.489 [raft-server-3] TRACE i.a.p.raft.roles.FollowerRole - RaftServer{3}{role=FOLLOWER} - Sending CommandResponse{status=OK, index=10, eventIndex=2, result=byte[]{length=2, hash=1260}}
22:45:39.490 [raft-server-1] TRACE i.a.p.raft.roles.LeaderAppender - RaftServer{1} - Received AppendResponse{status=OK, term=1, succeeded=true, lastLogIndex=10} from 3
22:45:39.490 [raft-client-4d6eb0c5-808f-4bee-91ae-78c435ccd24a-6] TRACE i.a.p.r.p.impl.RaftProxyConnection - PartitionProxy{2}{type=io.atomix.protocols.raft.RaftTest$TestPrimitiveType@35bfa1bb, name=raft-test} - Received CommandResponse{status=OK, index=10, eventIndex=2, result=byte[]{length=2, hash=1260}} from 3
22:45:39.490 [raft-client-4d6eb0c5-808f-4bee-91ae-78c435ccd24a-6] TRACE i.a.p.r.p.impl.RaftProxySequencer - PartitionProxy{2}{type=io.atomix.protocols.raft.RaftTest$TestPrimitiveType@35bfa1bb, name=raft-test} - Completing response CommandResponse{status=OK, index=10, eventIndex=2, result=byte[]{length=2, hash=1260}}
22:45:39.490 [raft-server-3-state] TRACE i.a.p.raft.impl.RaftServiceManager - RaftServer{3} - Applying Indexed{index=10, entry=CommandEntry{term=1, timestamp=2018-06-07 10:45:39,110, session=2, sequence=6, operation=PrimitiveOperation{id=DefaultOperationId{id=write, type=COMMAND}, value=byte[]{length=17, hash=-1644578928}}}}
22:45:39.490 [raft-server-3-state] TRACE i.a.p.s.impl.DefaultServiceExecutor - PrimitiveService{2}{type=io.atomix.protocols.raft.RaftTest$TestPrimitiveType@12cd62fc, name=raft-test} - Executing DefaultCommit{index=10, session=RaftSession{RaftServiceContext{server=3, type=io.atomix.protocols.raft.RaftTest$TestPrimitiveType@12cd62fc, name=raft-test, id=2}, session=2, timestamp=2018-06-07 10:45:39,110}, time=2018-06-07 10:45:39,110, operation=DefaultOperationId{id=write, type=COMMAND}, value=byte[]{length=17, hash=-1644578928}}
22:45:39.490 [raft-server-1] TRACE i.a.p.raft.roles.LeaderAppender - RaftServer{1} - Sending AppendRequest{term=1, leader=1, prevLogIndex=10, prevLogTerm=1, entries=0, commitIndex=10} to 2
22:45:39.491 [raft-server-1] TRACE i.a.p.raft.roles.LeaderAppender - RaftServer{1} - Sending AppendRequest{term=1, leader=1, prevLogIndex=10, prevLogTerm=1, entries=0, commitIndex=10} to 3
22:45:39.491 [raft-server-2] TRACE i.a.p.raft.roles.FollowerRole - RaftServer{2}{role=FOLLOWER} - Received AppendRequest{term=1, leader=1, prevLogIndex=10, prevLogTerm=1, entries=0, commitIndex=10}
22:45:39.491 [raft-server-3] TRACE i.a.p.raft.roles.FollowerRole - RaftServer{3}{role=FOLLOWER} - Received AppendRequest{term=1, leader=1, prevLogIndex=10, prevLogTerm=1, entries=0, commitIndex=10}
22:45:39.491 [raft-server-3] TRACE i.a.p.raft.roles.FollowerRole - RaftServer{3}{role=FOLLOWER} - Sending AppendResponse{status=OK, term=1, succeeded=true, lastLogIndex=10}
22:45:39.491 [raft-server-1] TRACE i.a.p.raft.roles.LeaderAppender - RaftServer{1} - Received AppendResponse{status=OK, term=1, succeeded=true, lastLogIndex=10} from 3
22:45:39.491 [raft-client-4d6eb0c5-808f-4bee-91ae-78c435ccd24a-6] TRACE i.a.p.r.p.impl.RaftProxyConnection - PartitionProxy{2}{type=io.atomix.protocols.raft.RaftTest$TestPrimitiveType@35bfa1bb, name=raft-test} - Sending CommandRequest{session=2, sequence=7, operation=PrimitiveOperation{id=DefaultOperationId{id=write, type=COMMAND}, value=byte[]{length=17, hash=-1644578928}}} to 3
22:45:39.491 [raft-server-2] TRACE i.a.p.raft.roles.FollowerRole - RaftServer{2}{role=FOLLOWER} - Sending AppendResponse{status=OK, term=1, succeeded=true, lastLogIndex=10}
22:45:39.491 [raft-server-3] TRACE i.a.p.raft.roles.FollowerRole - RaftServer{3}{role=FOLLOWER} - Received CommandRequest{session=2, sequence=7, operation=PrimitiveOperation{id=DefaultOperationId{id=write, type=COMMAND}, value=byte[]{length=17, hash=-1644578928}}}
22:45:39.492 [raft-server-1] TRACE i.a.p.raft.roles.LeaderAppender - RaftServer{1} - Received AppendResponse{status=OK, term=1, succeeded=true, lastLogIndex=10} from 2
22:45:39.492 [raft-server-1] TRACE i.a.protocols.raft.roles.LeaderRole - RaftServer{1}{role=LEADER} - Received CommandRequest{session=2, sequence=7, operation=PrimitiveOperation{id=DefaultOperationId{id=write, type=COMMAND}, value=byte[]{length=17, hash=-1644578928}}}
22:45:39.588 [raft-server-1] DEBUG i.a.storage.journal.SegmentedJournal - Created disk segment: JournalSegment{id=2, version=1, index=11, size=64}
22:45:39.588 [raft-server-1] TRACE i.a.protocols.raft.roles.LeaderRole - RaftServer{1}{role=LEADER} - Appended Indexed{index=11, entry=CommandEntry{term=1, timestamp=2018-06-07 10:45:39,492, session=2, sequence=7, operation=PrimitiveOperation{id=DefaultOperationId{id=write, type=COMMAND}, value=byte[]{length=17, hash=-1644578928}}}}
22:45:39.589 [raft-server-1] TRACE i.a.p.raft.roles.LeaderAppender - RaftServer{1} - Sending AppendRequest{term=1, leader=1, prevLogIndex=10, prevLogTerm=1, entries=1, commitIndex=10} to 2
22:45:39.589 [raft-server-2] TRACE i.a.p.raft.roles.FollowerRole - RaftServer{2}{role=FOLLOWER} - Received AppendRequest{term=1, leader=1, prevLogIndex=10, prevLogTerm=1, entries=1, commitIndex=10}
22:45:39.589 [raft-server-1] TRACE i.a.p.raft.roles.LeaderAppender - RaftServer{1} - Sending AppendRequest{term=1, leader=1, prevLogIndex=10, prevLogTerm=1, entries=1, commitIndex=10} to 3
22:45:39.589 [raft-server-3] TRACE i.a.p.raft.roles.FollowerRole - RaftServer{3}{role=FOLLOWER} - Received AppendRequest{term=1, leader=1, prevLogIndex=10, prevLogTerm=1, entries=1, commitIndex=10}
22:45:40.076 [raft-server-2] DEBUG i.a.storage.journal.SegmentedJournal - Created disk segment: JournalSegment{id=2, version=1, index=11, size=64}
22:45:40.076 [raft-server-2] TRACE i.a.p.raft.roles.FollowerRole - RaftServer{2}{role=FOLLOWER} - Appended Indexed{index=11, entry=CommandEntry{term=1, timestamp=2018-06-07 10:45:39,492, session=2, sequence=7, operation=PrimitiveOperation{id=DefaultOperationId{id=write, type=COMMAND}, value=byte[]{length=17, hash=-1644578928}}}}
22:45:40.076 [raft-server-2] TRACE i.a.p.raft.roles.FollowerRole - RaftServer{2}{role=FOLLOWER} - Sending AppendResponse{status=OK, term=1, succeeded=true, lastLogIndex=11}
22:45:40.077 [raft-server-1] TRACE i.a.p.raft.roles.LeaderAppender - RaftServer{1} - Received AppendResponse{status=OK, term=1, succeeded=true, lastLogIndex=11} from 2
22:45:40.077 [raft-server-1] TRACE i.a.p.raft.roles.LeaderAppender - RaftServer{1} - Committed entries up to 11
22:45:40.306 [raft-server-3] DEBUG i.a.storage.journal.SegmentedJournal - Created disk segment: JournalSegment{id=2, version=1, index=11, size=64}
22:45:40.306 [raft-server-3] TRACE i.a.p.raft.roles.FollowerRole - RaftServer{3}{role=FOLLOWER} - Appended Indexed{index=11, entry=CommandEntry{term=1, timestamp=2018-06-07 10:45:39,492, session=2, sequence=7, operation=PrimitiveOperation{id=DefaultOperationId{id=write, type=COMMAND}, value=byte[]{length=17, hash=-1644578928}}}}
22:45:40.306 [raft-server-3] TRACE i.a.p.raft.roles.FollowerRole - RaftServer{3}{role=FOLLOWER} - Sending AppendResponse{status=OK, term=1, succeeded=true, lastLogIndex=11}
22:45:40.426 [raft-client-4d6eb0c5-808f-4bee-91ae-78c435ccd24a-1] TRACE i.a.p.r.proxy.impl.RaftProxyManager - RaftClient{4d6eb0c5-808f-4bee-91ae-78c435ccd24a} - Keeping 1 sessions alive
22:45:40.426 [raft-client-4d6eb0c5-808f-4bee-91ae-78c435ccd24a-1] TRACE i.a.p.r.p.impl.RaftProxyConnection - RaftClient{4d6eb0c5-808f-4bee-91ae-78c435ccd24a} - Sending KeepAliveRequest{sessionIds=long[]{length=1, hash=33}, commandSequences=long[]{length=1, hash=37}, eventIndexes=long[]{length=1, hash=33}} to 2
22:45:40.427 [raft-server-2] TRACE i.a.p.raft.roles.FollowerRole - RaftServer{2}{role=FOLLOWER} - Received KeepAliveRequest{sessionIds=long[]{length=1, hash=33}, commandSequences=long[]{length=1, hash=37}, eventIndexes=long[]{length=1, hash=33}}
22:45:40.492 [raft-server-3] TRACE i.a.p.raft.roles.FollowerRole - RaftServer{3}{role=FOLLOWER} - Sending CommandResponse{status=ERROR, error=RaftError{type=NO_LEADER, message=null}, lastSequence=0}
22:45:40.498 [raft-client-4d6eb0c5-808f-4bee-91ae-78c435ccd24a-0] DEBUG i.a.p.r.p.impl.RaftProxyConnection - PartitionProxy{2}{type=io.atomix.protocols.raft.RaftTest$TestPrimitiveType@35bfa1bb, name=raft-test} - CommandRequest{session=2, sequence=7, operation=PrimitiveOperation{id=DefaultOperationId{id=write, type=COMMAND}, value=byte[]{length=17, hash=-1644578928}}} failed! Reason: {}
java.util.concurrent.TimeoutException: null
	at io.atomix.protocols.raft.protocol.TestRaftProtocol.lambda$scheduleTimeout$0(TestRaftProtocol.java:48) ~[test-classes/:na]
	at java.util.concurrent.Executors$RunnableAdapter.call(Executors.java:511) ~[na:1.8.0_121]
	at java.util.concurrent.FutureTask.run(FutureTask.java:266) ~[na:1.8.0_121]
	at java.util.concurrent.ScheduledThreadPoolExecutor$ScheduledFutureTask.access$201(ScheduledThreadPoolExecutor.java:180) ~[na:1.8.0_121]
	at java.util.concurrent.ScheduledThreadPoolExecutor$ScheduledFutureTask.run(ScheduledThreadPoolExecutor.java:293) ~[na:1.8.0_121]
	at java.util.concurrent.ThreadPoolExecutor.runWorker(ThreadPoolExecutor.java:1142) ~[na:1.8.0_121]
	at java.util.concurrent.ThreadPoolExecutor$Worker.run(ThreadPoolExecutor.java:617) ~[na:1.8.0_121]
	at java.lang.Thread.run(Thread.java:745) ~[na:1.8.0_121]
22:45:40.498 [raft-client-4d6eb0c5-808f-4bee-91ae-78c435ccd24a-0] TRACE i.a.p.r.p.impl.RaftProxyConnection - PartitionProxy{2}{type=io.atomix.protocols.raft.RaftTest$TestPrimitiveType@35bfa1bb, name=raft-test} - Resetting connection. Reason: null
22:45:40.498 [raft-client-4d6eb0c5-808f-4bee-91ae-78c435ccd24a-0] TRACE i.a.p.r.p.impl.RaftProxyConnection - PartitionProxy{2}{type=io.atomix.protocols.raft.RaftTest$TestPrimitiveType@35bfa1bb, name=raft-test} - Sending CommandRequest{session=2, sequence=7, operation=PrimitiveOperation{id=DefaultOperationId{id=write, type=COMMAND}, value=byte[]{length=17, hash=-1644578928}}} to 1
22:45:40.568 [raft-server-1] TRACE i.a.p.raft.roles.LeaderAppender - RaftServer{1} - Sending AppendRequest{term=1, leader=1, prevLogIndex=11, prevLogTerm=1, entries=0, commitIndex=11} to 2
22:45:40.568 [raft-server-2] TRACE i.a.p.raft.roles.FollowerRole - RaftServer{2}{role=FOLLOWER} - Received AppendRequest{term=1, leader=1, prevLogIndex=11, prevLogTerm=1, entries=0, commitIndex=11}
22:45:40.568 [raft-server-1] TRACE i.a.p.raft.roles.LeaderAppender - RaftServer{1} - Received AppendResponse{status=OK, term=1, succeeded=true, lastLogIndex=11} from 3
22:45:40.568 [raft-server-1] TRACE i.a.p.raft.roles.LeaderAppender - RaftServer{1} - Sending AppendRequest{term=1, leader=1, prevLogIndex=11, prevLogTerm=1, entries=0, commitIndex=11} to 3
22:45:40.568 [raft-server-3] TRACE i.a.p.raft.roles.FollowerRole - RaftServer{3}{role=FOLLOWER} - Received AppendRequest{term=1, leader=1, prevLogIndex=11, prevLogTerm=1, entries=0, commitIndex=11}
22:45:40.568 [raft-server-1] TRACE i.a.protocols.raft.roles.LeaderRole - RaftServer{1}{role=LEADER} - Received KeepAliveRequest{sessionIds=long[]{length=1, hash=33}, commandSequences=long[]{length=1, hash=37}, eventIndexes=long[]{length=1, hash=33}}
22:45:40.569 [raft-server-1] TRACE i.a.protocols.raft.roles.LeaderRole - RaftServer{1}{role=LEADER} - Appended Indexed{index=12, entry=KeepAliveEntry{term=1, timestamp=2018-06-07 10:45:40,568, sessionIds=long[]{length=1, hash=33}, commandSequences=long[]{length=1, hash=37}, eventIndexes=long[]{length=1, hash=33}}}
22:45:40.569 [raft-server-1] TRACE i.a.protocols.raft.roles.LeaderRole - RaftServer{1}{role=LEADER} - Received CommandRequest{session=2, sequence=7, operation=PrimitiveOperation{id=DefaultOperationId{id=write, type=COMMAND}, value=byte[]{length=17, hash=-1644578928}}}
22:45:40.569 [raft-server-1] TRACE i.a.protocols.raft.roles.LeaderRole - RaftServer{1}{role=LEADER} - Appended Indexed{index=13, entry=CommandEntry{term=1, timestamp=2018-06-07 10:45:40,569, session=2, sequence=7, operation=PrimitiveOperation{id=DefaultOperationId{id=write, type=COMMAND}, value=byte[]{length=17, hash=-1644578928}}}}
22:45:40.569 [raft-server-1-state] TRACE i.a.p.raft.impl.RaftServiceManager - RaftServer{1} - Applying Indexed{index=11, entry=CommandEntry{term=1, timestamp=2018-06-07 10:45:39,492, session=2, sequence=7, operation=PrimitiveOperation{id=DefaultOperationId{id=write, type=COMMAND}, value=byte[]{length=17, hash=-1644578928}}}}
22:45:40.569 [raft-server-1-state] TRACE i.a.p.s.impl.DefaultServiceExecutor - PrimitiveService{2}{type=io.atomix.protocols.raft.RaftTest$TestPrimitiveType@54705ce8, name=raft-test} - Executing DefaultCommit{index=11, session=RaftSession{RaftServiceContext{server=1, type=io.atomix.protocols.raft.RaftTest$TestPrimitiveType@54705ce8, name=raft-test, id=2}, session=2, timestamp=2018-06-07 10:45:39,492}, time=2018-06-07 10:45:39,492, operation=DefaultOperationId{id=write, type=COMMAND}, value=byte[]{length=17, hash=-1644578928}}
22:45:40.570 [raft-server-1-state] TRACE i.a.protocols.raft.roles.LeaderRole - RaftServer{1}{role=LEADER} - Sending CommandResponse{status=OK, index=11, eventIndex=2, result=byte[]{length=2, hash=1262}}
22:45:40.694 [raft-server-2] TRACE i.a.p.raft.roles.FollowerRole - RaftServer{2}{role=FOLLOWER} - Committed entries up to index 11
22:45:40.694 [raft-server-3] TRACE i.a.p.raft.roles.FollowerRole - RaftServer{3}{role=FOLLOWER} - Committed entries up to index 11
22:45:40.694 [raft-server-2] TRACE i.a.p.raft.roles.FollowerRole - RaftServer{2}{role=FOLLOWER} - Sending AppendResponse{status=OK, term=1, succeeded=true, lastLogIndex=11}
22:45:40.694 [raft-server-3] TRACE i.a.p.raft.roles.FollowerRole - RaftServer{3}{role=FOLLOWER} - Sending AppendResponse{status=OK, term=1, succeeded=true, lastLogIndex=11}
22:45:40.694 [raft-server-1] TRACE i.a.p.raft.roles.LeaderAppender - RaftServer{1} - Received AppendResponse{status=OK, term=1, succeeded=true, lastLogIndex=11} from 2
22:45:40.694 [raft-server-1] TRACE i.a.p.raft.roles.LeaderAppender - RaftServer{1} - Sending AppendRequest{term=1, leader=1, prevLogIndex=11, prevLogTerm=1, entries=2, commitIndex=11} to 2
22:45:40.694 [raft-server-3-state] TRACE i.a.p.raft.impl.RaftServiceManager - RaftServer{3} - Applying Indexed{index=11, entry=CommandEntry{term=1, timestamp=2018-06-07 10:45:39,492, session=2, sequence=7, operation=PrimitiveOperation{id=DefaultOperationId{id=write, type=COMMAND}, value=byte[]{length=17, hash=-1644578928}}}}
22:45:40.694 [raft-server-2-state] TRACE i.a.p.raft.impl.RaftServiceManager - RaftServer{2} - Applying Indexed{index=11, entry=CommandEntry{term=1, timestamp=2018-06-07 10:45:39,492, session=2, sequence=7, operation=PrimitiveOperation{id=DefaultOperationId{id=write, type=COMMAND}, value=byte[]{length=17, hash=-1644578928}}}}
22:45:40.695 [raft-server-1] TRACE i.a.p.raft.roles.LeaderAppender - RaftServer{1} - Sending AppendRequest{term=1, leader=1, prevLogIndex=11, prevLogTerm=1, entries=2, commitIndex=11} to 3
22:45:40.695 [raft-server-3] TRACE i.a.p.raft.roles.FollowerRole - RaftServer{3}{role=FOLLOWER} - Received AppendRequest{term=1, leader=1, prevLogIndex=11, prevLogTerm=1, entries=2, commitIndex=11}
22:45:40.695 [raft-server-1] TRACE i.a.p.raft.roles.LeaderAppender - RaftServer{1} - Received AppendResponse{status=OK, term=1, succeeded=true, lastLogIndex=11} from 3
22:45:40.695 [raft-server-3-state] TRACE i.a.p.s.impl.DefaultServiceExecutor - PrimitiveService{2}{type=io.atomix.protocols.raft.RaftTest$TestPrimitiveType@12cd62fc, name=raft-test} - Executing DefaultCommit{index=11, session=RaftSession{RaftServiceContext{server=3, type=io.atomix.protocols.raft.RaftTest$TestPrimitiveType@12cd62fc, name=raft-test, id=2}, session=2, timestamp=2018-06-07 10:45:39,492}, time=2018-06-07 10:45:39,492, operation=DefaultOperationId{id=write, type=COMMAND}, value=byte[]{length=17, hash=-1644578928}}
22:45:40.695 [raft-server-2-state] TRACE i.a.p.s.impl.DefaultServiceExecutor - PrimitiveService{2}{type=io.atomix.protocols.raft.RaftTest$TestPrimitiveType@2fa5f551, name=raft-test} - Executing DefaultCommit{index=11, session=RaftSession{RaftServiceContext{server=2, type=io.atomix.protocols.raft.RaftTest$TestPrimitiveType@2fa5f551, name=raft-test, id=2}, session=2, timestamp=2018-06-07 10:45:39,492}, time=2018-06-07 10:45:39,492, operation=DefaultOperationId{id=write, type=COMMAND}, value=byte[]{length=17, hash=-1644578928}}
22:45:40.695 [raft-server-2] TRACE i.a.p.raft.roles.FollowerRole - RaftServer{2}{role=FOLLOWER} - Received AppendRequest{term=1, leader=1, prevLogIndex=11, prevLogTerm=1, entries=2, commitIndex=11}
22:45:40.695 [raft-server-3] TRACE i.a.p.raft.roles.FollowerRole - RaftServer{3}{role=FOLLOWER} - Appended Indexed{index=12, entry=KeepAliveEntry{term=1, timestamp=2018-06-07 10:45:40,568, sessionIds=long[]{length=1, hash=33}, commandSequences=long[]{length=1, hash=37}, eventIndexes=long[]{length=1, hash=33}}}
22:45:40.695 [raft-server-2] TRACE i.a.p.raft.roles.FollowerRole - RaftServer{2}{role=FOLLOWER} - Appended Indexed{index=12, entry=KeepAliveEntry{term=1, timestamp=2018-06-07 10:45:40,568, sessionIds=long[]{length=1, hash=33}, commandSequences=long[]{length=1, hash=37}, eventIndexes=long[]{length=1, hash=33}}}
22:45:40.695 [raft-server-3] TRACE i.a.p.raft.roles.FollowerRole - RaftServer{3}{role=FOLLOWER} - Appended Indexed{index=13, entry=CommandEntry{term=1, timestamp=2018-06-07 10:45:40,569, session=2, sequence=7, operation=PrimitiveOperation{id=DefaultOperationId{id=write, type=COMMAND}, value=byte[]{length=17, hash=-1644578928}}}}
22:45:40.695 [raft-server-3] TRACE i.a.p.raft.roles.FollowerRole - RaftServer{3}{role=FOLLOWER} - Sending AppendResponse{status=OK, term=1, succeeded=true, lastLogIndex=13}
22:45:40.695 [raft-server-2] TRACE i.a.p.raft.roles.FollowerRole - RaftServer{2}{role=FOLLOWER} - Appended Indexed{index=13, entry=CommandEntry{term=1, timestamp=2018-06-07 10:45:40,569, session=2, sequence=7, operation=PrimitiveOperation{id=DefaultOperationId{id=write, type=COMMAND}, value=byte[]{length=17, hash=-1644578928}}}}
22:45:40.695 [raft-server-2] TRACE i.a.p.raft.roles.FollowerRole - RaftServer{2}{role=FOLLOWER} - Sending AppendResponse{status=OK, term=1, succeeded=true, lastLogIndex=13}
22:45:40.695 [raft-server-1] TRACE i.a.p.raft.roles.LeaderAppender - RaftServer{1} - Received AppendResponse{status=OK, term=1, succeeded=true, lastLogIndex=13} from 3
22:45:40.695 [raft-server-1] TRACE i.a.p.raft.roles.LeaderAppender - RaftServer{1} - Committed entries up to 13
22:45:40.946 [raft-server-1] TRACE i.a.p.raft.roles.LeaderAppender - RaftServer{1} - Received AppendResponse{status=OK, term=1, succeeded=true, lastLogIndex=13} from 2
22:45:40.946 [raft-server-1] TRACE i.a.p.raft.roles.LeaderAppender - RaftServer{1} - Sending AppendRequest{term=1, leader=1, prevLogIndex=13, prevLogTerm=1, entries=0, commitIndex=13} to 2
22:45:40.947 [raft-server-2] TRACE i.a.p.raft.roles.FollowerRole - RaftServer{2}{role=FOLLOWER} - Received AppendRequest{term=1, leader=1, prevLogIndex=13, prevLogTerm=1, entries=0, commitIndex=13}
22:45:40.947 [raft-server-1] TRACE i.a.p.raft.roles.LeaderAppender - RaftServer{1} - Sending AppendRequest{term=1, leader=1, prevLogIndex=13, prevLogTerm=1, entries=0, commitIndex=13} to 3
22:45:40.947 [raft-server-3] TRACE i.a.p.raft.roles.FollowerRole - RaftServer{3}{role=FOLLOWER} - Received AppendRequest{term=1, leader=1, prevLogIndex=13, prevLogTerm=1, entries=0, commitIndex=13}
22:45:40.947 [raft-server-1-state] TRACE i.a.p.raft.impl.RaftServiceManager - RaftServer{1} - Applying Indexed{index=12, entry=KeepAliveEntry{term=1, timestamp=2018-06-07 10:45:40,568, sessionIds=long[]{length=1, hash=33}, commandSequences=long[]{length=1, hash=37}, eventIndexes=long[]{length=1, hash=33}}}
22:45:40.948 [raft-server-1-state] TRACE i.a.p.raft.impl.RaftServiceManager - RaftServer{1} - Applying Indexed{index=13, entry=CommandEntry{term=1, timestamp=2018-06-07 10:45:40,569, session=2, sequence=7, operation=PrimitiveOperation{id=DefaultOperationId{id=write, type=COMMAND}, value=byte[]{length=17, hash=-1644578928}}}}
22:45:40.948 [raft-server-1-state] TRACE i.a.p.r.service.RaftServiceContext - PrimitiveService{2}{type=io.atomix.protocols.raft.RaftTest$TestPrimitiveType@54705ce8, name=raft-test} - Returning cached result for command with sequence number 7 < 8
22:45:40.948 [raft-server-1] TRACE i.a.protocols.raft.roles.LeaderRole - RaftServer{1}{role=LEADER} - Sending CommandResponse{status=OK, index=11, eventIndex=2, result=byte[]{length=2, hash=1262}}
22:45:40.948 [raft-client-4d6eb0c5-808f-4bee-91ae-78c435ccd24a-2] TRACE i.a.p.r.p.impl.RaftProxyConnection - PartitionProxy{2}{type=io.atomix.protocols.raft.RaftTest$TestPrimitiveType@35bfa1bb, name=raft-test} - Received CommandResponse{status=OK, index=11, eventIndex=2, result=byte[]{length=2, hash=1262}} from 1
22:45:40.948 [raft-server-1] TRACE i.a.protocols.raft.roles.LeaderRole - RaftServer{1}{role=LEADER} - Sending KeepAliveResponse{status=OK, leader=1, members=[1, 2, 3], sessionIds=long[]{length=1, hash=33}}
22:45:40.948 [raft-client-4d6eb0c5-808f-4bee-91ae-78c435ccd24a-2] TRACE i.a.p.r.p.impl.RaftProxySequencer - PartitionProxy{2}{type=io.atomix.protocols.raft.RaftTest$TestPrimitiveType@35bfa1bb, name=raft-test} - Completing response CommandResponse{status=OK, index=11, eventIndex=2, result=byte[]{length=2, hash=1262}}
22:45:40.949 [raft-client-4d6eb0c5-808f-4bee-91ae-78c435ccd24a-6] TRACE i.a.p.r.p.impl.RaftProxyConnection - PartitionProxy{2}{type=io.atomix.protocols.raft.RaftTest$TestPrimitiveType@35bfa1bb, name=raft-test} - Sending CommandRequest{session=2, sequence=8, operation=PrimitiveOperation{id=DefaultOperationId{id=write, type=COMMAND}, value=byte[]{length=17, hash=-1644578928}}} to 1
22:45:40.950 [raft-server-1] TRACE i.a.protocols.raft.roles.LeaderRole - RaftServer{1}{role=LEADER} - Received CommandRequest{session=2, sequence=8, operation=PrimitiveOperation{id=DefaultOperationId{id=write, type=COMMAND}, value=byte[]{length=17, hash=-1644578928}}}
22:45:40.950 [raft-server-1] TRACE i.a.protocols.raft.roles.LeaderRole - RaftServer{1}{role=LEADER} - Appended Indexed{index=14, entry=CommandEntry{term=1, timestamp=2018-06-07 10:45:40,950, session=2, sequence=8, operation=PrimitiveOperation{id=DefaultOperationId{id=write, type=COMMAND}, value=byte[]{length=17, hash=-1644578928}}}}
22:45:40.988 [raft-server-2] TRACE i.a.p.raft.roles.FollowerRole - RaftServer{2}{role=FOLLOWER} - Committed entries up to index 13
22:45:40.988 [raft-server-3] TRACE i.a.p.raft.roles.FollowerRole - RaftServer{3}{role=FOLLOWER} - Committed entries up to index 13
22:45:40.988 [raft-server-2] TRACE i.a.p.raft.roles.FollowerRole - RaftServer{2}{role=FOLLOWER} - Sending AppendResponse{status=OK, term=1, succeeded=true, lastLogIndex=13}
22:45:40.988 [raft-server-3] TRACE i.a.p.raft.roles.FollowerRole - RaftServer{3}{role=FOLLOWER} - Sending AppendResponse{status=OK, term=1, succeeded=true, lastLogIndex=13}
22:45:40.988 [raft-server-2] TRACE i.a.p.raft.roles.FollowerRole - RaftServer{2}{role=FOLLOWER} - Sending KeepAliveResponse{status=OK, leader=1, members=[1, 2, 3], sessionIds=long[]{length=1, hash=33}}
22:45:40.988 [raft-server-1] TRACE i.a.p.raft.roles.LeaderAppender - RaftServer{1} - Received AppendResponse{status=OK, term=1, succeeded=true, lastLogIndex=13} from 2
22:45:40.988 [raft-client-4d6eb0c5-808f-4bee-91ae-78c435ccd24a-4] TRACE i.a.p.r.p.impl.RaftProxyConnection - RaftClient{4d6eb0c5-808f-4bee-91ae-78c435ccd24a} - Received KeepAliveResponse{status=OK, leader=1, members=[1, 2, 3], sessionIds=long[]{length=1, hash=33}} from 2
22:45:40.988 [raft-server-3-state] TRACE i.a.p.raft.impl.RaftServiceManager - RaftServer{3} - Applying Indexed{index=12, entry=KeepAliveEntry{term=1, timestamp=2018-06-07 10:45:40,568, sessionIds=long[]{length=1, hash=33}, commandSequences=long[]{length=1, hash=37}, eventIndexes=long[]{length=1, hash=33}}}
22:45:40.988 [raft-server-2-state] TRACE i.a.p.raft.impl.RaftServiceManager - RaftServer{2} - Applying Indexed{index=12, entry=KeepAliveEntry{term=1, timestamp=2018-06-07 10:45:40,568, sessionIds=long[]{length=1, hash=33}, commandSequences=long[]{length=1, hash=37}, eventIndexes=long[]{length=1, hash=33}}}
22:45:40.988 [raft-server-3-state] TRACE i.a.p.raft.impl.RaftServiceManager - RaftServer{3} - Applying Indexed{index=13, entry=CommandEntry{term=1, timestamp=2018-06-07 10:45:40,569, session=2, sequence=7, operation=PrimitiveOperation{id=DefaultOperationId{id=write, type=COMMAND}, value=byte[]{length=17, hash=-1644578928}}}}
22:45:40.988 [raft-server-2-state] TRACE i.a.p.raft.impl.RaftServiceManager - RaftServer{2} - Applying Indexed{index=13, entry=CommandEntry{term=1, timestamp=2018-06-07 10:45:40,569, session=2, sequence=7, operation=PrimitiveOperation{id=DefaultOperationId{id=write, type=COMMAND}, value=byte[]{length=17, hash=-1644578928}}}}
22:45:40.989 [raft-server-1] TRACE i.a.p.raft.roles.LeaderAppender - RaftServer{1} - Sending AppendRequest{term=1, leader=1, prevLogIndex=13, prevLogTerm=1, entries=1, commitIndex=13} to 2
22:45:40.989 [raft-server-3-state] TRACE i.a.p.r.service.RaftServiceContext - PrimitiveService{2}{type=io.atomix.protocols.raft.RaftTest$TestPrimitiveType@12cd62fc, name=raft-test} - Returning cached result for command with sequence number 7 < 8
22:45:40.989 [raft-server-2-state] TRACE i.a.p.r.service.RaftServiceContext - PrimitiveService{2}{type=io.atomix.protocols.raft.RaftTest$TestPrimitiveType@2fa5f551, name=raft-test} - Returning cached result for command with sequence number 7 < 8
22:45:40.989 [raft-server-1] TRACE i.a.p.raft.roles.LeaderAppender - RaftServer{1} - Received AppendResponse{status=OK, term=1, succeeded=true, lastLogIndex=13} from 3
22:45:40.989 [raft-server-2] TRACE i.a.p.raft.roles.FollowerRole - RaftServer{2}{role=FOLLOWER} - Received AppendRequest{term=1, leader=1, prevLogIndex=13, prevLogTerm=1, entries=1, commitIndex=13}
22:45:40.989 [raft-server-1] TRACE i.a.p.raft.roles.LeaderAppender - RaftServer{1} - Sending AppendRequest{term=1, leader=1, prevLogIndex=13, prevLogTerm=1, entries=1, commitIndex=13} to 3
22:45:40.989 [raft-server-3] TRACE i.a.p.raft.roles.FollowerRole - RaftServer{3}{role=FOLLOWER} - Received AppendRequest{term=1, leader=1, prevLogIndex=13, prevLogTerm=1, entries=1, commitIndex=13}
22:45:40.989 [raft-server-2] TRACE i.a.p.raft.roles.FollowerRole - RaftServer{2}{role=FOLLOWER} - Appended Indexed{index=14, entry=CommandEntry{term=1, timestamp=2018-06-07 10:45:40,950, session=2, sequence=8, operation=PrimitiveOperation{id=DefaultOperationId{id=write, type=COMMAND}, value=byte[]{length=17, hash=-1644578928}}}}
22:45:40.989 [raft-server-2] TRACE i.a.p.raft.roles.FollowerRole - RaftServer{2}{role=FOLLOWER} - Sending AppendResponse{status=OK, term=1, succeeded=true, lastLogIndex=14}
22:45:40.989 [raft-server-3] TRACE i.a.p.raft.roles.FollowerRole - RaftServer{3}{role=FOLLOWER} - Appended Indexed{index=14, entry=CommandEntry{term=1, timestamp=2018-06-07 10:45:40,950, session=2, sequence=8, operation=PrimitiveOperation{id=DefaultOperationId{id=write, type=COMMAND}, value=byte[]{length=17, hash=-1644578928}}}}
22:45:40.989 [raft-server-3] TRACE i.a.p.raft.roles.FollowerRole - RaftServer{3}{role=FOLLOWER} - Sending AppendResponse{status=OK, term=1, succeeded=true, lastLogIndex=14}
22:45:40.989 [raft-server-1] TRACE i.a.p.raft.roles.LeaderAppender - RaftServer{1} - Received AppendResponse{status=OK, term=1, succeeded=true, lastLogIndex=14} from 2
22:45:40.990 [raft-server-1] TRACE i.a.p.raft.roles.LeaderAppender - RaftServer{1} - Committed entries up to 14
22:45:41.025 [raft-server-1] TRACE i.a.p.raft.roles.LeaderAppender - RaftServer{1} - Received AppendResponse{status=OK, term=1, succeeded=true, lastLogIndex=14} from 3
22:45:41.025 [raft-server-1] TRACE i.a.p.raft.roles.LeaderAppender - RaftServer{1} - Sending AppendRequest{term=1, leader=1, prevLogIndex=14, prevLogTerm=1, entries=0, commitIndex=14} to 2
22:45:41.025 [raft-server-2] TRACE i.a.p.raft.roles.FollowerRole - RaftServer{2}{role=FOLLOWER} - Received AppendRequest{term=1, leader=1, prevLogIndex=14, prevLogTerm=1, entries=0, commitIndex=14}
22:45:41.025 [raft-server-1] TRACE i.a.p.raft.roles.LeaderAppender - RaftServer{1} - Sending AppendRequest{term=1, leader=1, prevLogIndex=14, prevLogTerm=1, entries=0, commitIndex=14} to 3
22:45:41.025 [raft-server-3] TRACE i.a.p.raft.roles.FollowerRole - RaftServer{3}{role=FOLLOWER} - Received AppendRequest{term=1, leader=1, prevLogIndex=14, prevLogTerm=1, entries=0, commitIndex=14}
22:45:41.025 [raft-server-1-state] TRACE i.a.p.raft.impl.RaftServiceManager - RaftServer{1} - Applying Indexed{index=14, entry=CommandEntry{term=1, timestamp=2018-06-07 10:45:40,950, session=2, sequence=8, operation=PrimitiveOperation{id=DefaultOperationId{id=write, type=COMMAND}, value=byte[]{length=17, hash=-1644578928}}}}
22:45:41.026 [raft-server-1-state] TRACE i.a.p.s.impl.DefaultServiceExecutor - PrimitiveService{2}{type=io.atomix.protocols.raft.RaftTest$TestPrimitiveType@54705ce8, name=raft-test} - Executing DefaultCommit{index=14, session=RaftSession{RaftServiceContext{server=1, type=io.atomix.protocols.raft.RaftTest$TestPrimitiveType@54705ce8, name=raft-test, id=2}, session=2, timestamp=2018-06-07 10:45:40,950}, time=2018-06-07 10:45:40,950, operation=DefaultOperationId{id=write, type=COMMAND}, value=byte[]{length=17, hash=-1644578928}}
22:45:41.026 [raft-server-1-state] TRACE i.a.protocols.raft.roles.LeaderRole - RaftServer{1}{role=LEADER} - Sending CommandResponse{status=OK, index=14, eventIndex=2, result=byte[]{length=2, hash=1268}}
22:45:41.026 [raft-client-4d6eb0c5-808f-4bee-91ae-78c435ccd24a-7] TRACE i.a.p.r.p.impl.RaftProxyConnection - PartitionProxy{2}{type=io.atomix.protocols.raft.RaftTest$TestPrimitiveType@35bfa1bb, name=raft-test} - Received CommandResponse{status=OK, index=14, eventIndex=2, result=byte[]{length=2, hash=1268}} from 1
22:45:41.026 [raft-client-4d6eb0c5-808f-4bee-91ae-78c435ccd24a-7] TRACE i.a.p.r.p.impl.RaftProxySequencer - PartitionProxy{2}{type=io.atomix.protocols.raft.RaftTest$TestPrimitiveType@35bfa1bb, name=raft-test} - Completing response CommandResponse{status=OK, index=14, eventIndex=2, result=byte[]{length=2, hash=1268}}
22:45:41.027 [raft-client-4d6eb0c5-808f-4bee-91ae-78c435ccd24a-3] TRACE i.a.p.r.p.impl.RaftProxyConnection - PartitionProxy{2}{type=io.atomix.protocols.raft.RaftTest$TestPrimitiveType@35bfa1bb, name=raft-test} - Sending CommandRequest{session=2, sequence=9, operation=PrimitiveOperation{id=DefaultOperationId{id=write, type=COMMAND}, value=byte[]{length=17, hash=-1644578928}}} to 1
22:45:41.027 [raft-server-1] TRACE i.a.protocols.raft.roles.LeaderRole - RaftServer{1}{role=LEADER} - Received CommandRequest{session=2, sequence=9, operation=PrimitiveOperation{id=DefaultOperationId{id=write, type=COMMAND}, value=byte[]{length=17, hash=-1644578928}}}
22:45:41.027 [raft-server-1] TRACE i.a.protocols.raft.roles.LeaderRole - RaftServer{1}{role=LEADER} - Appended Indexed{index=15, entry=CommandEntry{term=1, timestamp=2018-06-07 10:45:41,027, session=2, sequence=9, operation=PrimitiveOperation{id=DefaultOperationId{id=write, type=COMMAND}, value=byte[]{length=17, hash=-1644578928}}}}
22:45:41.071 [raft-server-2] TRACE i.a.p.raft.roles.FollowerRole - RaftServer{2}{role=FOLLOWER} - Committed entries up to index 14
22:45:41.071 [raft-server-3] TRACE i.a.p.raft.roles.FollowerRole - RaftServer{3}{role=FOLLOWER} - Committed entries up to index 14
22:45:41.071 [raft-server-2] TRACE i.a.p.raft.roles.FollowerRole - RaftServer{2}{role=FOLLOWER} - Sending AppendResponse{status=OK, term=1, succeeded=true, lastLogIndex=14}
22:45:41.071 [raft-server-3] TRACE i.a.p.raft.roles.FollowerRole - RaftServer{3}{role=FOLLOWER} - Sending AppendResponse{status=OK, term=1, succeeded=true, lastLogIndex=14}
22:45:41.071 [raft-server-1] TRACE i.a.p.raft.roles.LeaderAppender - RaftServer{1} - Received AppendResponse{status=OK, term=1, succeeded=true, lastLogIndex=14} from 2
22:45:41.071 [raft-server-2-state] TRACE i.a.p.raft.impl.RaftServiceManager - RaftServer{2} - Applying Indexed{index=14, entry=CommandEntry{term=1, timestamp=2018-06-07 10:45:40,950, session=2, sequence=8, operation=PrimitiveOperation{id=DefaultOperationId{id=write, type=COMMAND}, value=byte[]{length=17, hash=-1644578928}}}}
22:45:41.072 [raft-server-1] TRACE i.a.p.raft.roles.LeaderAppender - RaftServer{1} - Sending AppendRequest{term=1, leader=1, prevLogIndex=14, prevLogTerm=1, entries=1, commitIndex=14} to 2
22:45:41.071 [raft-server-3-state] TRACE i.a.p.raft.impl.RaftServiceManager - RaftServer{3} - Applying Indexed{index=14, entry=CommandEntry{term=1, timestamp=2018-06-07 10:45:40,950, session=2, sequence=8, operation=PrimitiveOperation{id=DefaultOperationId{id=write, type=COMMAND}, value=byte[]{length=17, hash=-1644578928}}}}
22:45:41.072 [raft-server-2] TRACE i.a.p.raft.roles.FollowerRole - RaftServer{2}{role=FOLLOWER} - Received AppendRequest{term=1, leader=1, prevLogIndex=14, prevLogTerm=1, entries=1, commitIndex=14}
22:45:41.072 [raft-server-2-state] TRACE i.a.p.s.impl.DefaultServiceExecutor - PrimitiveService{2}{type=io.atomix.protocols.raft.RaftTest$TestPrimitiveType@2fa5f551, name=raft-test} - Executing DefaultCommit{index=14, session=RaftSession{RaftServiceContext{server=2, type=io.atomix.protocols.raft.RaftTest$TestPrimitiveType@2fa5f551, name=raft-test, id=2}, session=2, timestamp=2018-06-07 10:45:40,950}, time=2018-06-07 10:45:40,950, operation=DefaultOperationId{id=write, type=COMMAND}, value=byte[]{length=17, hash=-1644578928}}
22:45:41.072 [raft-server-1] TRACE i.a.p.raft.roles.LeaderAppender - RaftServer{1} - Received AppendResponse{status=OK, term=1, succeeded=true, lastLogIndex=14} from 3
22:45:41.072 [raft-server-1] TRACE i.a.p.raft.roles.LeaderAppender - RaftServer{1} - Sending AppendRequest{term=1, leader=1, prevLogIndex=14, prevLogTerm=1, entries=1, commitIndex=14} to 3
22:45:41.072 [raft-server-3-state] TRACE i.a.p.s.impl.DefaultServiceExecutor - PrimitiveService{2}{type=io.atomix.protocols.raft.RaftTest$TestPrimitiveType@12cd62fc, name=raft-test} - Executing DefaultCommit{index=14, session=RaftSession{RaftServiceContext{server=3, type=io.atomix.protocols.raft.RaftTest$TestPrimitiveType@12cd62fc, name=raft-test, id=2}, session=2, timestamp=2018-06-07 10:45:40,950}, time=2018-06-07 10:45:40,950, operation=DefaultOperationId{id=write, type=COMMAND}, value=byte[]{length=17, hash=-1644578928}}
22:45:41.072 [raft-server-3] TRACE i.a.p.raft.roles.FollowerRole - RaftServer{3}{role=FOLLOWER} - Received AppendRequest{term=1, leader=1, prevLogIndex=14, prevLogTerm=1, entries=1, commitIndex=14}
22:45:41.072 [raft-server-2] TRACE i.a.p.raft.roles.FollowerRole - RaftServer{2}{role=FOLLOWER} - Appended Indexed{index=15, entry=CommandEntry{term=1, timestamp=2018-06-07 10:45:41,027, session=2, sequence=9, operation=PrimitiveOperation{id=DefaultOperationId{id=write, type=COMMAND}, value=byte[]{length=17, hash=-1644578928}}}}
22:45:41.072 [raft-server-2] TRACE i.a.p.raft.roles.FollowerRole - RaftServer{2}{role=FOLLOWER} - Sending AppendResponse{status=OK, term=1, succeeded=true, lastLogIndex=15}
22:45:41.072 [raft-server-1] TRACE i.a.p.raft.roles.LeaderAppender - RaftServer{1} - Received AppendResponse{status=OK, term=1, succeeded=true, lastLogIndex=15} from 2
22:45:41.072 [raft-server-3] TRACE i.a.p.raft.roles.FollowerRole - RaftServer{3}{role=FOLLOWER} - Appended Indexed{index=15, entry=CommandEntry{term=1, timestamp=2018-06-07 10:45:41,027, session=2, sequence=9, operation=PrimitiveOperation{id=DefaultOperationId{id=write, type=COMMAND}, value=byte[]{length=17, hash=-1644578928}}}}
22:45:41.072 [raft-server-1] TRACE i.a.p.raft.roles.LeaderAppender - RaftServer{1} - Committed entries up to 15
22:45:41.072 [raft-server-3] TRACE i.a.p.raft.roles.FollowerRole - RaftServer{3}{role=FOLLOWER} - Sending AppendResponse{status=OK, term=1, succeeded=true, lastLogIndex=15}
22:45:41.124 [raft-server-1] TRACE i.a.p.raft.roles.LeaderAppender - RaftServer{1} - Received AppendResponse{status=OK, term=1, succeeded=true, lastLogIndex=15} from 3
22:45:41.124 [raft-server-1-state] TRACE i.a.p.raft.impl.RaftServiceManager - RaftServer{1} - Applying Indexed{index=15, entry=CommandEntry{term=1, timestamp=2018-06-07 10:45:41,027, session=2, sequence=9, operation=PrimitiveOperation{id=DefaultOperationId{id=write, type=COMMAND}, value=byte[]{length=17, hash=-1644578928}}}}
22:45:41.124 [raft-server-1-state] TRACE i.a.p.s.impl.DefaultServiceExecutor - PrimitiveService{2}{type=io.atomix.protocols.raft.RaftTest$TestPrimitiveType@54705ce8, name=raft-test} - Executing DefaultCommit{index=15, session=RaftSession{RaftServiceContext{server=1, type=io.atomix.protocols.raft.RaftTest$TestPrimitiveType@54705ce8, name=raft-test, id=2}, session=2, timestamp=2018-06-07 10:45:41,027}, time=2018-06-07 10:45:41,027, operation=DefaultOperationId{id=write, type=COMMAND}, value=byte[]{length=17, hash=-1644578928}}
22:45:41.125 [raft-server-1-state] TRACE i.a.protocols.raft.roles.LeaderRole - RaftServer{1}{role=LEADER} - Sending CommandResponse{status=OK, index=15, eventIndex=2, result=byte[]{length=2, hash=1270}}
22:45:41.125 [raft-client-4d6eb0c5-808f-4bee-91ae-78c435ccd24a-4] TRACE i.a.p.r.p.impl.RaftProxyConnection - PartitionProxy{2}{type=io.atomix.protocols.raft.RaftTest$TestPrimitiveType@35bfa1bb, name=raft-test} - Received CommandResponse{status=OK, index=15, eventIndex=2, result=byte[]{length=2, hash=1270}} from 1
22:45:41.125 [raft-client-4d6eb0c5-808f-4bee-91ae-78c435ccd24a-4] TRACE i.a.p.r.p.impl.RaftProxySequencer - PartitionProxy{2}{type=io.atomix.protocols.raft.RaftTest$TestPrimitiveType@35bfa1bb, name=raft-test} - Completing response CommandResponse{status=OK, index=15, eventIndex=2, result=byte[]{length=2, hash=1270}}
22:45:41.126 [raft-client-4d6eb0c5-808f-4bee-91ae-78c435ccd24a-2] TRACE i.a.p.r.p.impl.RaftProxyConnection - PartitionProxy{2}{type=io.atomix.protocols.raft.RaftTest$TestPrimitiveType@35bfa1bb, name=raft-test} - Sending CommandRequest{session=2, sequence=10, operation=PrimitiveOperation{id=DefaultOperationId{id=write, type=COMMAND}, value=byte[]{length=17, hash=-1644578928}}} to 1
22:45:41.126 [raft-server-1] TRACE i.a.protocols.raft.roles.LeaderRole - RaftServer{1}{role=LEADER} - Received CommandRequest{session=2, sequence=10, operation=PrimitiveOperation{id=DefaultOperationId{id=write, type=COMMAND}, value=byte[]{length=17, hash=-1644578928}}}
22:45:41.126 [raft-server-1] TRACE i.a.protocols.raft.roles.LeaderRole - RaftServer{1}{role=LEADER} - Appended Indexed{index=16, entry=CommandEntry{term=1, timestamp=2018-06-07 10:45:41,126, session=2, sequence=10, operation=PrimitiveOperation{id=DefaultOperationId{id=write, type=COMMAND}, value=byte[]{length=17, hash=-1644578928}}}}
22:45:41.126 [raft-server-1] TRACE i.a.p.raft.roles.LeaderAppender - RaftServer{1} - Sending AppendRequest{term=1, leader=1, prevLogIndex=15, prevLogTerm=1, entries=1, commitIndex=15} to 2
22:45:41.126 [raft-server-2] TRACE i.a.p.raft.roles.FollowerRole - RaftServer{2}{role=FOLLOWER} - Received AppendRequest{term=1, leader=1, prevLogIndex=15, prevLogTerm=1, entries=1, commitIndex=15}
22:45:41.127 [raft-server-1] TRACE i.a.p.raft.roles.LeaderAppender - RaftServer{1} - Sending AppendRequest{term=1, leader=1, prevLogIndex=15, prevLogTerm=1, entries=1, commitIndex=15} to 3
22:45:41.127 [raft-server-3] TRACE i.a.p.raft.roles.FollowerRole - RaftServer{3}{role=FOLLOWER} - Received AppendRequest{term=1, leader=1, prevLogIndex=15, prevLogTerm=1, entries=1, commitIndex=15}
22:45:41.127 [raft-server-2] TRACE i.a.p.raft.roles.FollowerRole - RaftServer{2}{role=FOLLOWER} - Appended Indexed{index=16, entry=CommandEntry{term=1, timestamp=2018-06-07 10:45:41,126, session=2, sequence=10, operation=PrimitiveOperation{id=DefaultOperationId{id=write, type=COMMAND}, value=byte[]{length=17, hash=-1644578928}}}}
22:45:41.127 [raft-server-3] TRACE i.a.p.raft.roles.FollowerRole - RaftServer{3}{role=FOLLOWER} - Appended Indexed{index=16, entry=CommandEntry{term=1, timestamp=2018-06-07 10:45:41,126, session=2, sequence=10, operation=PrimitiveOperation{id=DefaultOperationId{id=write, type=COMMAND}, value=byte[]{length=17, hash=-1644578928}}}}
22:45:41.157 [raft-server-2] TRACE i.a.p.raft.roles.FollowerRole - RaftServer{2}{role=FOLLOWER} - Committed entries up to index 15
22:45:41.157 [raft-server-2] TRACE i.a.p.raft.roles.FollowerRole - RaftServer{2}{role=FOLLOWER} - Sending AppendResponse{status=OK, term=1, succeeded=true, lastLogIndex=16}
22:45:41.158 [raft-server-1] TRACE i.a.p.raft.roles.LeaderAppender - RaftServer{1} - Received AppendResponse{status=OK, term=1, succeeded=true, lastLogIndex=16} from 2
22:45:41.158 [raft-server-1] TRACE i.a.p.raft.roles.LeaderAppender - RaftServer{1} - Committed entries up to 16
22:45:41.158 [raft-server-2-state] TRACE i.a.p.raft.impl.RaftServiceManager - RaftServer{2} - Applying Indexed{index=15, entry=CommandEntry{term=1, timestamp=2018-06-07 10:45:41,027, session=2, sequence=9, operation=PrimitiveOperation{id=DefaultOperationId{id=write, type=COMMAND}, value=byte[]{length=17, hash=-1644578928}}}}
22:45:41.158 [raft-server-2-state] TRACE i.a.p.s.impl.DefaultServiceExecutor - PrimitiveService{2}{type=io.atomix.protocols.raft.RaftTest$TestPrimitiveType@2fa5f551, name=raft-test} - Executing DefaultCommit{index=15, session=RaftSession{RaftServiceContext{server=2, type=io.atomix.protocols.raft.RaftTest$TestPrimitiveType@2fa5f551, name=raft-test, id=2}, session=2, timestamp=2018-06-07 10:45:41,027}, time=2018-06-07 10:45:41,027, operation=DefaultOperationId{id=write, type=COMMAND}, value=byte[]{length=17, hash=-1644578928}}
22:45:41.195 [raft-server-3] TRACE i.a.p.raft.roles.FollowerRole - RaftServer{3}{role=FOLLOWER} - Committed entries up to index 15
22:45:41.195 [raft-server-3] TRACE i.a.p.raft.roles.FollowerRole - RaftServer{3}{role=FOLLOWER} - Sending AppendResponse{status=OK, term=1, succeeded=true, lastLogIndex=16}
22:45:41.195 [raft-server-3-state] TRACE i.a.p.raft.impl.RaftServiceManager - RaftServer{3} - Applying Indexed{index=15, entry=CommandEntry{term=1, timestamp=2018-06-07 10:45:41,027, session=2, sequence=9, operation=PrimitiveOperation{id=DefaultOperationId{id=write, type=COMMAND}, value=byte[]{length=17, hash=-1644578928}}}}
22:45:41.196 [raft-server-3-state] TRACE i.a.p.s.impl.DefaultServiceExecutor - PrimitiveService{2}{type=io.atomix.protocols.raft.RaftTest$TestPrimitiveType@12cd62fc, name=raft-test} - Executing DefaultCommit{index=15, session=RaftSession{RaftServiceContext{server=3, type=io.atomix.protocols.raft.RaftTest$TestPrimitiveType@12cd62fc, name=raft-test, id=2}, session=2, timestamp=2018-06-07 10:45:41,027}, time=2018-06-07 10:45:41,027, operation=DefaultOperationId{id=write, type=COMMAND}, value=byte[]{length=17, hash=-1644578928}}
22:45:41.272 [raft-server-1] TRACE i.a.p.raft.roles.LeaderAppender - RaftServer{1} - Received AppendResponse{status=OK, term=1, succeeded=true, lastLogIndex=16} from 3
22:45:41.273 [raft-server-1] TRACE i.a.p.raft.roles.LeaderAppender - RaftServer{1} - Sending AppendRequest{term=1, leader=1, prevLogIndex=16, prevLogTerm=1, entries=0, commitIndex=16} to 2
22:45:41.273 [raft-server-2] TRACE i.a.p.raft.roles.FollowerRole - RaftServer{2}{role=FOLLOWER} - Received AppendRequest{term=1, leader=1, prevLogIndex=16, prevLogTerm=1, entries=0, commitIndex=16}
22:45:41.273 [raft-server-1] TRACE i.a.p.raft.roles.LeaderAppender - RaftServer{1} - Sending AppendRequest{term=1, leader=1, prevLogIndex=16, prevLogTerm=1, entries=0, commitIndex=16} to 3
22:45:41.273 [raft-server-3] TRACE i.a.p.raft.roles.FollowerRole - RaftServer{3}{role=FOLLOWER} - Received AppendRequest{term=1, leader=1, prevLogIndex=16, prevLogTerm=1, entries=0, commitIndex=16}
22:45:41.273 [raft-server-3] TRACE i.a.p.raft.roles.FollowerRole - RaftServer{3}{role=FOLLOWER} - Committed entries up to index 16
22:45:41.273 [raft-server-3] TRACE i.a.p.raft.roles.FollowerRole - RaftServer{3}{role=FOLLOWER} - Sending AppendResponse{status=OK, term=1, succeeded=true, lastLogIndex=16}
22:45:41.273 [raft-server-1-state] TRACE i.a.p.raft.impl.RaftServiceManager - RaftServer{1} - Applying Indexed{index=16, entry=CommandEntry{term=1, timestamp=2018-06-07 10:45:41,126, session=2, sequence=10, operation=PrimitiveOperation{id=DefaultOperationId{id=write, type=COMMAND}, value=byte[]{length=17, hash=-1644578928}}}}
22:45:41.273 [raft-server-1] TRACE i.a.p.raft.roles.LeaderAppender - RaftServer{1} - Received AppendResponse{status=OK, term=1, succeeded=true, lastLogIndex=16} from 3
22:45:41.273 [raft-server-1-state] TRACE i.a.p.s.impl.DefaultServiceExecutor - PrimitiveService{2}{type=io.atomix.protocols.raft.RaftTest$TestPrimitiveType@54705ce8, name=raft-test} - Executing DefaultCommit{index=16, session=RaftSession{RaftServiceContext{server=1, type=io.atomix.protocols.raft.RaftTest$TestPrimitiveType@54705ce8, name=raft-test, id=2}, session=2, timestamp=2018-06-07 10:45:41,126}, time=2018-06-07 10:45:41,126, operation=DefaultOperationId{id=write, type=COMMAND}, value=byte[]{length=17, hash=-1644578928}}
22:45:41.274 [raft-server-1] TRACE i.a.p.raft.roles.LeaderAppender - RaftServer{1} - Sending AppendRequest{term=1, leader=1, prevLogIndex=16, prevLogTerm=1, entries=0, commitIndex=16} to 3
22:45:41.274 [raft-server-1-state] TRACE i.a.protocols.raft.roles.LeaderRole - RaftServer{1}{role=LEADER} - Sending CommandResponse{status=OK, index=16, eventIndex=2, result=byte[]{length=2, hash=1272}}
22:45:41.274 [raft-client-4d6eb0c5-808f-4bee-91ae-78c435ccd24a-7] TRACE i.a.p.r.p.impl.RaftProxyConnection - PartitionProxy{2}{type=io.atomix.protocols.raft.RaftTest$TestPrimitiveType@35bfa1bb, name=raft-test} - Received CommandResponse{status=OK, index=16, eventIndex=2, result=byte[]{length=2, hash=1272}} from 1
22:45:41.274 [raft-client-4d6eb0c5-808f-4bee-91ae-78c435ccd24a-7] TRACE i.a.p.r.p.impl.RaftProxySequencer - PartitionProxy{2}{type=io.atomix.protocols.raft.RaftTest$TestPrimitiveType@35bfa1bb, name=raft-test} - Completing response CommandResponse{status=OK, index=16, eventIndex=2, result=byte[]{length=2, hash=1272}}
22:45:41.275 [raft-server-3] TRACE i.a.p.raft.roles.FollowerRole - RaftServer{3}{role=FOLLOWER} - Received AppendRequest{term=1, leader=1, prevLogIndex=16, prevLogTerm=1, entries=0, commitIndex=16}
22:45:41.275 [raft-server-3] TRACE i.a.p.raft.roles.FollowerRole - RaftServer{3}{role=FOLLOWER} - Sending AppendResponse{status=OK, term=1, succeeded=true, lastLogIndex=16}
22:45:41.275 [raft-client-4d6eb0c5-808f-4bee-91ae-78c435ccd24a-0] TRACE i.a.p.r.p.impl.RaftProxyConnection - PartitionProxy{2}{type=io.atomix.protocols.raft.RaftTest$TestPrimitiveType@35bfa1bb, name=raft-test} - Sending CommandRequest{session=2, sequence=11, operation=PrimitiveOperation{id=DefaultOperationId{id=write, type=COMMAND}, value=byte[]{length=17, hash=-1644578928}}} to 1
22:45:41.275 [raft-server-3-state] TRACE i.a.p.raft.impl.RaftServiceManager - RaftServer{3} - Applying Indexed{index=16, entry=CommandEntry{term=1, timestamp=2018-06-07 10:45:41,126, session=2, sequence=10, operation=PrimitiveOperation{id=DefaultOperationId{id=write, type=COMMAND}, value=byte[]{length=17, hash=-1644578928}}}}
22:45:41.275 [raft-server-1] TRACE i.a.p.raft.roles.LeaderAppender - RaftServer{1} - Received AppendResponse{status=OK, term=1, succeeded=true, lastLogIndex=16} from 3
22:45:41.275 [raft-server-1] TRACE i.a.protocols.raft.roles.LeaderRole - RaftServer{1}{role=LEADER} - Received CommandRequest{session=2, sequence=11, operation=PrimitiveOperation{id=DefaultOperationId{id=write, type=COMMAND}, value=byte[]{length=17, hash=-1644578928}}}
22:45:41.275 [raft-server-3-state] TRACE i.a.p.s.impl.DefaultServiceExecutor - PrimitiveService{2}{type=io.atomix.protocols.raft.RaftTest$TestPrimitiveType@12cd62fc, name=raft-test} - Executing DefaultCommit{index=16, session=RaftSession{RaftServiceContext{server=3, type=io.atomix.protocols.raft.RaftTest$TestPrimitiveType@12cd62fc, name=raft-test, id=2}, session=2, timestamp=2018-06-07 10:45:41,126}, time=2018-06-07 10:45:41,126, operation=DefaultOperationId{id=write, type=COMMAND}, value=byte[]{length=17, hash=-1644578928}}
22:45:41.275 [raft-server-1] TRACE i.a.protocols.raft.roles.LeaderRole - RaftServer{1}{role=LEADER} - Appended Indexed{index=17, entry=CommandEntry{term=1, timestamp=2018-06-07 10:45:41,275, session=2, sequence=11, operation=PrimitiveOperation{id=DefaultOperationId{id=write, type=COMMAND}, value=byte[]{length=17, hash=-1644578928}}}}
22:45:41.277 [raft-server-1] TRACE i.a.p.raft.roles.LeaderAppender - RaftServer{1} - Sending AppendRequest{term=1, leader=1, prevLogIndex=16, prevLogTerm=1, entries=1, commitIndex=16} to 3
22:45:41.277 [raft-server-3] TRACE i.a.p.raft.roles.FollowerRole - RaftServer{3}{role=FOLLOWER} - Received AppendRequest{term=1, leader=1, prevLogIndex=16, prevLogTerm=1, entries=1, commitIndex=16}
22:45:41.277 [raft-server-3] TRACE i.a.p.raft.roles.FollowerRole - RaftServer{3}{role=FOLLOWER} - Appended Indexed{index=17, entry=CommandEntry{term=1, timestamp=2018-06-07 10:45:41,275, session=2, sequence=11, operation=PrimitiveOperation{id=DefaultOperationId{id=write, type=COMMAND}, value=byte[]{length=17, hash=-1644578928}}}}
22:45:41.277 [raft-server-3] TRACE i.a.p.raft.roles.FollowerRole - RaftServer{3}{role=FOLLOWER} - Sending AppendResponse{status=OK, term=1, succeeded=true, lastLogIndex=17}
22:45:41.277 [raft-server-1] TRACE i.a.p.raft.roles.LeaderAppender - RaftServer{1} - Received AppendResponse{status=OK, term=1, succeeded=true, lastLogIndex=17} from 3
22:45:41.277 [raft-server-1] TRACE i.a.p.raft.roles.LeaderAppender - RaftServer{1} - Committed entries up to 17
22:45:41.315 [raft-server-2] TRACE i.a.p.raft.roles.FollowerRole - RaftServer{2}{role=FOLLOWER} - Committed entries up to index 16
22:45:41.315 [raft-server-2] TRACE i.a.p.raft.roles.FollowerRole - RaftServer{2}{role=FOLLOWER} - Sending AppendResponse{status=OK, term=1, succeeded=true, lastLogIndex=16}
22:45:41.315 [raft-server-2-state] TRACE i.a.p.raft.impl.RaftServiceManager - RaftServer{2} - Applying Indexed{index=16, entry=CommandEntry{term=1, timestamp=2018-06-07 10:45:41,126, session=2, sequence=10, operation=PrimitiveOperation{id=DefaultOperationId{id=write, type=COMMAND}, value=byte[]{length=17, hash=-1644578928}}}}
22:45:41.315 [raft-server-2-state] TRACE i.a.p.s.impl.DefaultServiceExecutor - PrimitiveService{2}{type=io.atomix.protocols.raft.RaftTest$TestPrimitiveType@2fa5f551, name=raft-test} - Executing DefaultCommit{index=16, session=RaftSession{RaftServiceContext{server=2, type=io.atomix.protocols.raft.RaftTest$TestPrimitiveType@2fa5f551, name=raft-test, id=2}, session=2, timestamp=2018-06-07 10:45:41,126}, time=2018-06-07 10:45:41,126, operation=DefaultOperationId{id=write, type=COMMAND}, value=byte[]{length=17, hash=-1644578928}}
22:45:41.357 [raft-server-1] TRACE i.a.p.raft.roles.LeaderAppender - RaftServer{1} - Received AppendResponse{status=OK, term=1, succeeded=true, lastLogIndex=16} from 2
22:45:41.357 [raft-server-1] TRACE i.a.p.raft.roles.LeaderAppender - RaftServer{1} - Sending AppendRequest{term=1, leader=1, prevLogIndex=16, prevLogTerm=1, entries=1, commitIndex=17} to 2
22:45:41.357 [raft-server-2] TRACE i.a.p.raft.roles.FollowerRole - RaftServer{2}{role=FOLLOWER} - Received AppendRequest{term=1, leader=1, prevLogIndex=16, prevLogTerm=1, entries=1, commitIndex=17}
22:45:41.358 [raft-server-2] TRACE i.a.p.raft.roles.FollowerRole - RaftServer{2}{role=FOLLOWER} - Appended Indexed{index=17, entry=CommandEntry{term=1, timestamp=2018-06-07 10:45:41,275, session=2, sequence=11, operation=PrimitiveOperation{id=DefaultOperationId{id=write, type=COMMAND}, value=byte[]{length=17, hash=-1644578928}}}}
22:45:41.358 [raft-server-1-state] TRACE i.a.p.raft.impl.RaftServiceManager - RaftServer{1} - Applying Indexed{index=17, entry=CommandEntry{term=1, timestamp=2018-06-07 10:45:41,275, session=2, sequence=11, operation=PrimitiveOperation{id=DefaultOperationId{id=write, type=COMMAND}, value=byte[]{length=17, hash=-1644578928}}}}
22:45:41.358 [raft-server-1-state] TRACE i.a.p.s.impl.DefaultServiceExecutor - PrimitiveService{2}{type=io.atomix.protocols.raft.RaftTest$TestPrimitiveType@54705ce8, name=raft-test} - Executing DefaultCommit{index=17, session=RaftSession{RaftServiceContext{server=1, type=io.atomix.protocols.raft.RaftTest$TestPrimitiveType@54705ce8, name=raft-test, id=2}, session=2, timestamp=2018-06-07 10:45:41,275}, time=2018-06-07 10:45:41,275, operation=DefaultOperationId{id=write, type=COMMAND}, value=byte[]{length=17, hash=-1644578928}}
22:45:41.359 [raft-server-1-state] TRACE i.a.protocols.raft.roles.LeaderRole - RaftServer{1}{role=LEADER} - Sending CommandResponse{status=OK, index=17, eventIndex=2, result=byte[]{length=2, hash=1274}}
22:45:41.359 [raft-client-4d6eb0c5-808f-4bee-91ae-78c435ccd24a-4] TRACE i.a.p.r.p.impl.RaftProxyConnection - PartitionProxy{2}{type=io.atomix.protocols.raft.RaftTest$TestPrimitiveType@35bfa1bb, name=raft-test} - Received CommandResponse{status=OK, index=17, eventIndex=2, result=byte[]{length=2, hash=1274}} from 1
22:45:41.359 [raft-client-4d6eb0c5-808f-4bee-91ae-78c435ccd24a-4] TRACE i.a.p.r.p.impl.RaftProxySequencer - PartitionProxy{2}{type=io.atomix.protocols.raft.RaftTest$TestPrimitiveType@35bfa1bb, name=raft-test} - Completing response CommandResponse{status=OK, index=17, eventIndex=2, result=byte[]{length=2, hash=1274}}
22:45:41.359 [raft-client-4d6eb0c5-808f-4bee-91ae-78c435ccd24a-4] TRACE i.a.p.r.p.impl.RaftProxyConnection - PartitionProxy{2}{type=io.atomix.protocols.raft.RaftTest$TestPrimitiveType@35bfa1bb, name=raft-test} - Sending CommandRequest{session=2, sequence=12, operation=PrimitiveOperation{id=DefaultOperationId{id=write, type=COMMAND}, value=byte[]{length=17, hash=-1644578928}}} to 1
22:45:41.360 [raft-server-1] TRACE i.a.protocols.raft.roles.LeaderRole - RaftServer{1}{role=LEADER} - Received CommandRequest{session=2, sequence=12, operation=PrimitiveOperation{id=DefaultOperationId{id=write, type=COMMAND}, value=byte[]{length=17, hash=-1644578928}}}
22:45:41.360 [raft-server-1] TRACE i.a.protocols.raft.roles.LeaderRole - RaftServer{1}{role=LEADER} - Appended Indexed{index=18, entry=CommandEntry{term=1, timestamp=2018-06-07 10:45:41,360, session=2, sequence=12, operation=PrimitiveOperation{id=DefaultOperationId{id=write, type=COMMAND}, value=byte[]{length=17, hash=-1644578928}}}}
22:45:41.360 [raft-server-1] TRACE i.a.p.raft.roles.LeaderAppender - RaftServer{1} - Sending AppendRequest{term=1, leader=1, prevLogIndex=17, prevLogTerm=1, entries=1, commitIndex=17} to 3
22:45:41.360 [raft-server-3] TRACE i.a.p.raft.roles.FollowerRole - RaftServer{3}{role=FOLLOWER} - Received AppendRequest{term=1, leader=1, prevLogIndex=17, prevLogTerm=1, entries=1, commitIndex=17}
22:45:41.361 [raft-server-3] TRACE i.a.p.raft.roles.FollowerRole - RaftServer{3}{role=FOLLOWER} - Appended Indexed{index=18, entry=CommandEntry{term=1, timestamp=2018-06-07 10:45:41,360, session=2, sequence=12, operation=PrimitiveOperation{id=DefaultOperationId{id=write, type=COMMAND}, value=byte[]{length=17, hash=-1644578928}}}}
22:45:41.426 [raft-server-2] TRACE i.a.p.raft.roles.FollowerRole - RaftServer{2}{role=FOLLOWER} - Committed entries up to index 17
22:45:41.426 [raft-server-2] TRACE i.a.p.raft.roles.FollowerRole - RaftServer{2}{role=FOLLOWER} - Sending AppendResponse{status=OK, term=1, succeeded=true, lastLogIndex=17}
22:45:41.427 [raft-server-1] TRACE i.a.p.raft.roles.LeaderAppender - RaftServer{1} - Received AppendResponse{status=OK, term=1, succeeded=true, lastLogIndex=17} from 2
22:45:41.427 [raft-server-1] TRACE i.a.p.raft.roles.LeaderAppender - RaftServer{1} - Sending AppendRequest{term=1, leader=1, prevLogIndex=17, prevLogTerm=1, entries=1, commitIndex=17} to 2
22:45:41.427 [raft-server-2-state] TRACE i.a.p.raft.impl.RaftServiceManager - RaftServer{2} - Applying Indexed{index=17, entry=CommandEntry{term=1, timestamp=2018-06-07 10:45:41,275, session=2, sequence=11, operation=PrimitiveOperation{id=DefaultOperationId{id=write, type=COMMAND}, value=byte[]{length=17, hash=-1644578928}}}}
22:45:41.427 [raft-server-2] TRACE i.a.p.raft.roles.FollowerRole - RaftServer{2}{role=FOLLOWER} - Received AppendRequest{term=1, leader=1, prevLogIndex=17, prevLogTerm=1, entries=1, commitIndex=17}
22:45:41.427 [raft-server-2-state] TRACE i.a.p.s.impl.DefaultServiceExecutor - PrimitiveService{2}{type=io.atomix.protocols.raft.RaftTest$TestPrimitiveType@2fa5f551, name=raft-test} - Executing DefaultCommit{index=17, session=RaftSession{RaftServiceContext{server=2, type=io.atomix.protocols.raft.RaftTest$TestPrimitiveType@2fa5f551, name=raft-test, id=2}, session=2, timestamp=2018-06-07 10:45:41,275}, time=2018-06-07 10:45:41,275, operation=DefaultOperationId{id=write, type=COMMAND}, value=byte[]{length=17, hash=-1644578928}}
22:45:41.427 [raft-server-2] TRACE i.a.p.raft.roles.FollowerRole - RaftServer{2}{role=FOLLOWER} - Appended Indexed{index=18, entry=CommandEntry{term=1, timestamp=2018-06-07 10:45:41,360, session=2, sequence=12, operation=PrimitiveOperation{id=DefaultOperationId{id=write, type=COMMAND}, value=byte[]{length=17, hash=-1644578928}}}}
22:45:41.427 [raft-server-2] TRACE i.a.p.raft.roles.FollowerRole - RaftServer{2}{role=FOLLOWER} - Sending AppendResponse{status=OK, term=1, succeeded=true, lastLogIndex=18}
22:45:41.427 [raft-server-1] TRACE i.a.p.raft.roles.LeaderAppender - RaftServer{1} - Received AppendResponse{status=OK, term=1, succeeded=true, lastLogIndex=18} from 2
22:45:41.428 [raft-server-1] TRACE i.a.p.raft.roles.LeaderAppender - RaftServer{1} - Committed entries up to 18
22:45:41.471 [raft-server-3] TRACE i.a.p.raft.roles.FollowerRole - RaftServer{3}{role=FOLLOWER} - Committed entries up to index 17
22:45:41.471 [raft-server-3] TRACE i.a.p.raft.roles.FollowerRole - RaftServer{3}{role=FOLLOWER} - Sending AppendResponse{status=OK, term=1, succeeded=true, lastLogIndex=18}
22:45:41.471 [raft-server-3-state] TRACE i.a.p.raft.impl.RaftServiceManager - RaftServer{3} - Applying Indexed{index=17, entry=CommandEntry{term=1, timestamp=2018-06-07 10:45:41,275, session=2, sequence=11, operation=PrimitiveOperation{id=DefaultOperationId{id=write, type=COMMAND}, value=byte[]{length=17, hash=-1644578928}}}}
22:45:41.471 [raft-server-3-state] TRACE i.a.p.s.impl.DefaultServiceExecutor - PrimitiveService{2}{type=io.atomix.protocols.raft.RaftTest$TestPrimitiveType@12cd62fc, name=raft-test} - Executing DefaultCommit{index=17, session=RaftSession{RaftServiceContext{server=3, type=io.atomix.protocols.raft.RaftTest$TestPrimitiveType@12cd62fc, name=raft-test, id=2}, session=2, timestamp=2018-06-07 10:45:41,275}, time=2018-06-07 10:45:41,275, operation=DefaultOperationId{id=write, type=COMMAND}, value=byte[]{length=17, hash=-1644578928}}
22:45:41.527 [raft-server-1] TRACE i.a.p.raft.roles.LeaderAppender - RaftServer{1} - Received AppendResponse{status=OK, term=1, succeeded=true, lastLogIndex=18} from 3
22:45:41.527 [raft-server-1] TRACE i.a.p.raft.roles.LeaderAppender - RaftServer{1} - Sending AppendRequest{term=1, leader=1, prevLogIndex=18, prevLogTerm=1, entries=0, commitIndex=18} to 2
22:45:41.527 [raft-server-2] TRACE i.a.p.raft.roles.FollowerRole - RaftServer{2}{role=FOLLOWER} - Received AppendRequest{term=1, leader=1, prevLogIndex=18, prevLogTerm=1, entries=0, commitIndex=18}
22:45:41.527 [raft-server-1] TRACE i.a.p.raft.roles.LeaderAppender - RaftServer{1} - Sending AppendRequest{term=1, leader=1, prevLogIndex=18, prevLogTerm=1, entries=0, commitIndex=18} to 3
22:45:41.527 [raft-server-3] TRACE i.a.p.raft.roles.FollowerRole - RaftServer{3}{role=FOLLOWER} - Received AppendRequest{term=1, leader=1, prevLogIndex=18, prevLogTerm=1, entries=0, commitIndex=18}
22:45:41.528 [raft-server-3] TRACE i.a.p.raft.roles.FollowerRole - RaftServer{3}{role=FOLLOWER} - Committed entries up to index 18
22:45:41.528 [raft-server-3] TRACE i.a.p.raft.roles.FollowerRole - RaftServer{3}{role=FOLLOWER} - Sending AppendResponse{status=OK, term=1, succeeded=true, lastLogIndex=18}
22:45:41.527 [raft-server-1-state] TRACE i.a.p.raft.impl.RaftServiceManager - RaftServer{1} - Applying Indexed{index=18, entry=CommandEntry{term=1, timestamp=2018-06-07 10:45:41,360, session=2, sequence=12, operation=PrimitiveOperation{id=DefaultOperationId{id=write, type=COMMAND}, value=byte[]{length=17, hash=-1644578928}}}}
22:45:41.528 [raft-server-1] TRACE i.a.p.raft.roles.LeaderAppender - RaftServer{1} - Received AppendResponse{status=OK, term=1, succeeded=true, lastLogIndex=18} from 3
22:45:41.528 [raft-server-3-state] TRACE i.a.p.raft.impl.RaftServiceManager - RaftServer{3} - Applying Indexed{index=18, entry=CommandEntry{term=1, timestamp=2018-06-07 10:45:41,360, session=2, sequence=12, operation=PrimitiveOperation{id=DefaultOperationId{id=write, type=COMMAND}, value=byte[]{length=17, hash=-1644578928}}}}
22:45:41.528 [raft-server-1-state] TRACE i.a.p.s.impl.DefaultServiceExecutor - PrimitiveService{2}{type=io.atomix.protocols.raft.RaftTest$TestPrimitiveType@54705ce8, name=raft-test} - Executing DefaultCommit{index=18, session=RaftSession{RaftServiceContext{server=1, type=io.atomix.protocols.raft.RaftTest$TestPrimitiveType@54705ce8, name=raft-test, id=2}, session=2, timestamp=2018-06-07 10:45:41,360}, time=2018-06-07 10:45:41,360, operation=DefaultOperationId{id=write, type=COMMAND}, value=byte[]{length=17, hash=-1644578928}}
22:45:41.528 [raft-server-1] TRACE i.a.p.raft.roles.LeaderAppender - RaftServer{1} - Sending AppendRequest{term=1, leader=1, prevLogIndex=18, prevLogTerm=1, entries=0, commitIndex=18} to 3
22:45:41.528 [raft-server-3] TRACE i.a.p.raft.roles.FollowerRole - RaftServer{3}{role=FOLLOWER} - Received AppendRequest{term=1, leader=1, prevLogIndex=18, prevLogTerm=1, entries=0, commitIndex=18}
22:45:41.528 [raft-server-3-state] TRACE i.a.p.s.impl.DefaultServiceExecutor - PrimitiveService{2}{type=io.atomix.protocols.raft.RaftTest$TestPrimitiveType@12cd62fc, name=raft-test} - Executing DefaultCommit{index=18, session=RaftSession{RaftServiceContext{server=3, type=io.atomix.protocols.raft.RaftTest$TestPrimitiveType@12cd62fc, name=raft-test, id=2}, session=2, timestamp=2018-06-07 10:45:41,360}, time=2018-06-07 10:45:41,360, operation=DefaultOperationId{id=write, type=COMMAND}, value=byte[]{length=17, hash=-1644578928}}
22:45:41.528 [raft-server-3] TRACE i.a.p.raft.roles.FollowerRole - RaftServer{3}{role=FOLLOWER} - Sending AppendResponse{status=OK, term=1, succeeded=true, lastLogIndex=18}
22:45:41.529 [raft-server-1-state] TRACE i.a.protocols.raft.roles.LeaderRole - RaftServer{1}{role=LEADER} - Sending CommandResponse{status=OK, index=18, eventIndex=2, result=byte[]{length=2, hash=1276}}
22:45:41.529 [raft-client-4d6eb0c5-808f-4bee-91ae-78c435ccd24a-6] TRACE i.a.p.r.p.impl.RaftProxyConnection - PartitionProxy{2}{type=io.atomix.protocols.raft.RaftTest$TestPrimitiveType@35bfa1bb, name=raft-test} - Received CommandResponse{status=OK, index=18, eventIndex=2, result=byte[]{length=2, hash=1276}} from 1
22:45:41.529 [raft-client-4d6eb0c5-808f-4bee-91ae-78c435ccd24a-6] TRACE i.a.p.r.p.impl.RaftProxySequencer - PartitionProxy{2}{type=io.atomix.protocols.raft.RaftTest$TestPrimitiveType@35bfa1bb, name=raft-test} - Completing response CommandResponse{status=OK, index=18, eventIndex=2, result=byte[]{length=2, hash=1276}}
22:45:41.529 [raft-server-1] TRACE i.a.p.raft.roles.LeaderAppender - RaftServer{1} - Received AppendResponse{status=OK, term=1, succeeded=true, lastLogIndex=18} from 3
22:45:41.529 [raft-client-4d6eb0c5-808f-4bee-91ae-78c435ccd24a-5] TRACE i.a.p.r.p.impl.RaftProxyConnection - PartitionProxy{2}{type=io.atomix.protocols.raft.RaftTest$TestPrimitiveType@35bfa1bb, name=raft-test} - Sending CommandRequest{session=2, sequence=13, operation=PrimitiveOperation{id=DefaultOperationId{id=write, type=COMMAND}, value=byte[]{length=17, hash=-1644578928}}} to 1
22:45:41.530 [raft-server-1] TRACE i.a.protocols.raft.roles.LeaderRole - RaftServer{1}{role=LEADER} - Received CommandRequest{session=2, sequence=13, operation=PrimitiveOperation{id=DefaultOperationId{id=write, type=COMMAND}, value=byte[]{length=17, hash=-1644578928}}}
22:45:41.530 [raft-server-1] TRACE i.a.protocols.raft.roles.LeaderRole - RaftServer{1}{role=LEADER} - Appended Indexed{index=19, entry=CommandEntry{term=1, timestamp=2018-06-07 10:45:41,530, session=2, sequence=13, operation=PrimitiveOperation{id=DefaultOperationId{id=write, type=COMMAND}, value=byte[]{length=17, hash=-1644578928}}}}
22:45:41.530 [raft-server-1] TRACE i.a.p.raft.roles.LeaderAppender - RaftServer{1} - Sending AppendRequest{term=1, leader=1, prevLogIndex=18, prevLogTerm=1, entries=1, commitIndex=18} to 3
22:45:41.530 [raft-server-3] TRACE i.a.p.raft.roles.FollowerRole - RaftServer{3}{role=FOLLOWER} - Received AppendRequest{term=1, leader=1, prevLogIndex=18, prevLogTerm=1, entries=1, commitIndex=18}
22:45:41.530 [raft-server-3] TRACE i.a.p.raft.roles.FollowerRole - RaftServer{3}{role=FOLLOWER} - Appended Indexed{index=19, entry=CommandEntry{term=1, timestamp=2018-06-07 10:45:41,530, session=2, sequence=13, operation=PrimitiveOperation{id=DefaultOperationId{id=write, type=COMMAND}, value=byte[]{length=17, hash=-1644578928}}}}
22:45:41.530 [raft-server-3] TRACE i.a.p.raft.roles.FollowerRole - RaftServer{3}{role=FOLLOWER} - Sending AppendResponse{status=OK, term=1, succeeded=true, lastLogIndex=19}
22:45:41.531 [raft-server-1] TRACE i.a.p.raft.roles.LeaderAppender - RaftServer{1} - Received AppendResponse{status=OK, term=1, succeeded=true, lastLogIndex=19} from 3
22:45:41.531 [raft-server-1] TRACE i.a.p.raft.roles.LeaderAppender - RaftServer{1} - Committed entries up to 19
22:45:41.579 [raft-server-2] TRACE i.a.p.raft.roles.FollowerRole - RaftServer{2}{role=FOLLOWER} - Committed entries up to index 18
22:45:41.579 [raft-server-2] TRACE i.a.p.raft.roles.FollowerRole - RaftServer{2}{role=FOLLOWER} - Sending AppendResponse{status=OK, term=1, succeeded=true, lastLogIndex=18}
22:45:41.579 [raft-server-2-state] TRACE i.a.p.raft.impl.RaftServiceManager - RaftServer{2} - Applying Indexed{index=18, entry=CommandEntry{term=1, timestamp=2018-06-07 10:45:41,360, session=2, sequence=12, operation=PrimitiveOperation{id=DefaultOperationId{id=write, type=COMMAND}, value=byte[]{length=17, hash=-1644578928}}}}
22:45:41.580 [raft-server-2-state] TRACE i.a.p.s.impl.DefaultServiceExecutor - PrimitiveService{2}{type=io.atomix.protocols.raft.RaftTest$TestPrimitiveType@2fa5f551, name=raft-test} - Executing DefaultCommit{index=18, session=RaftSession{RaftServiceContext{server=2, type=io.atomix.protocols.raft.RaftTest$TestPrimitiveType@2fa5f551, name=raft-test, id=2}, session=2, timestamp=2018-06-07 10:45:41,360}, time=2018-06-07 10:45:41,360, operation=DefaultOperationId{id=write, type=COMMAND}, value=byte[]{length=17, hash=-1644578928}}
22:45:41.622 [raft-server-1] TRACE i.a.p.raft.roles.LeaderAppender - RaftServer{1} - Received AppendResponse{status=OK, term=1, succeeded=true, lastLogIndex=18} from 2
22:45:41.622 [raft-server-1] TRACE i.a.p.raft.roles.LeaderAppender - RaftServer{1} - Sending AppendRequest{term=1, leader=1, prevLogIndex=18, prevLogTerm=1, entries=1, commitIndex=19} to 2
22:45:41.622 [raft-server-2] TRACE i.a.p.raft.roles.FollowerRole - RaftServer{2}{role=FOLLOWER} - Received AppendRequest{term=1, leader=1, prevLogIndex=18, prevLogTerm=1, entries=1, commitIndex=19}
22:45:41.622 [raft-server-1-state] TRACE i.a.p.raft.impl.RaftServiceManager - RaftServer{1} - Applying Indexed{index=19, entry=CommandEntry{term=1, timestamp=2018-06-07 10:45:41,530, session=2, sequence=13, operation=PrimitiveOperation{id=DefaultOperationId{id=write, type=COMMAND}, value=byte[]{length=17, hash=-1644578928}}}}
22:45:41.622 [raft-server-2] TRACE i.a.p.raft.roles.FollowerRole - RaftServer{2}{role=FOLLOWER} - Appended Indexed{index=19, entry=CommandEntry{term=1, timestamp=2018-06-07 10:45:41,530, session=2, sequence=13, operation=PrimitiveOperation{id=DefaultOperationId{id=write, type=COMMAND}, value=byte[]{length=17, hash=-1644578928}}}}
22:45:41.622 [raft-server-1-state] TRACE i.a.p.s.impl.DefaultServiceExecutor - PrimitiveService{2}{type=io.atomix.protocols.raft.RaftTest$TestPrimitiveType@54705ce8, name=raft-test} - Executing DefaultCommit{index=19, session=RaftSession{RaftServiceContext{server=1, type=io.atomix.protocols.raft.RaftTest$TestPrimitiveType@54705ce8, name=raft-test, id=2}, session=2, timestamp=2018-06-07 10:45:41,530}, time=2018-06-07 10:45:41,530, operation=DefaultOperationId{id=write, type=COMMAND}, value=byte[]{length=17, hash=-1644578928}}
22:45:41.622 [raft-server-1-state] TRACE i.a.protocols.raft.roles.LeaderRole - RaftServer{1}{role=LEADER} - Sending CommandResponse{status=OK, index=19, eventIndex=2, result=byte[]{length=2, hash=1278}}
22:45:41.623 [raft-client-4d6eb0c5-808f-4bee-91ae-78c435ccd24a-7] TRACE i.a.p.r.p.impl.RaftProxyConnection - PartitionProxy{2}{type=io.atomix.protocols.raft.RaftTest$TestPrimitiveType@35bfa1bb, name=raft-test} - Received CommandResponse{status=OK, index=19, eventIndex=2, result=byte[]{length=2, hash=1278}} from 1
22:45:41.623 [raft-client-4d6eb0c5-808f-4bee-91ae-78c435ccd24a-7] TRACE i.a.p.r.p.impl.RaftProxySequencer - PartitionProxy{2}{type=io.atomix.protocols.raft.RaftTest$TestPrimitiveType@35bfa1bb, name=raft-test} - Completing response CommandResponse{status=OK, index=19, eventIndex=2, result=byte[]{length=2, hash=1278}}
22:45:41.623 [raft-client-4d6eb0c5-808f-4bee-91ae-78c435ccd24a-3] TRACE i.a.p.r.p.impl.RaftProxyConnection - PartitionProxy{2}{type=io.atomix.protocols.raft.RaftTest$TestPrimitiveType@35bfa1bb, name=raft-test} - Sending CommandRequest{session=2, sequence=14, operation=PrimitiveOperation{id=DefaultOperationId{id=write, type=COMMAND}, value=byte[]{length=17, hash=-1644578928}}} to 1
22:45:41.623 [raft-server-1] TRACE i.a.protocols.raft.roles.LeaderRole - RaftServer{1}{role=LEADER} - Received CommandRequest{session=2, sequence=14, operation=PrimitiveOperation{id=DefaultOperationId{id=write, type=COMMAND}, value=byte[]{length=17, hash=-1644578928}}}
22:45:41.624 [raft-server-1] TRACE i.a.protocols.raft.roles.LeaderRole - RaftServer{1}{role=LEADER} - Appended Indexed{index=20, entry=CommandEntry{term=1, timestamp=2018-06-07 10:45:41,623, session=2, sequence=14, operation=PrimitiveOperation{id=DefaultOperationId{id=write, type=COMMAND}, value=byte[]{length=17, hash=-1644578928}}}}
22:45:41.624 [raft-server-1] TRACE i.a.p.raft.roles.LeaderAppender - RaftServer{1} - Sending AppendRequest{term=1, leader=1, prevLogIndex=19, prevLogTerm=1, entries=1, commitIndex=19} to 3
22:45:41.624 [raft-server-3] TRACE i.a.p.raft.roles.FollowerRole - RaftServer{3}{role=FOLLOWER} - Received AppendRequest{term=1, leader=1, prevLogIndex=19, prevLogTerm=1, entries=1, commitIndex=19}
22:45:41.624 [raft-server-3] TRACE i.a.p.raft.roles.FollowerRole - RaftServer{3}{role=FOLLOWER} - Appended Indexed{index=20, entry=CommandEntry{term=1, timestamp=2018-06-07 10:45:41,623, session=2, sequence=14, operation=PrimitiveOperation{id=DefaultOperationId{id=write, type=COMMAND}, value=byte[]{length=17, hash=-1644578928}}}}
22:45:41.670 [raft-server-2] TRACE i.a.p.raft.roles.FollowerRole - RaftServer{2}{role=FOLLOWER} - Committed entries up to index 19
22:45:41.670 [raft-server-2] TRACE i.a.p.raft.roles.FollowerRole - RaftServer{2}{role=FOLLOWER} - Sending AppendResponse{status=OK, term=1, succeeded=true, lastLogIndex=19}
22:45:41.670 [raft-server-1] TRACE i.a.p.raft.roles.LeaderAppender - RaftServer{1} - Received AppendResponse{status=OK, term=1, succeeded=true, lastLogIndex=19} from 2
22:45:41.670 [raft-server-1] TRACE i.a.p.raft.roles.LeaderAppender - RaftServer{1} - Sending AppendRequest{term=1, leader=1, prevLogIndex=19, prevLogTerm=1, entries=1, commitIndex=19} to 2
22:45:41.670 [raft-server-2-state] TRACE i.a.p.raft.impl.RaftServiceManager - RaftServer{2} - Applying Indexed{index=19, entry=CommandEntry{term=1, timestamp=2018-06-07 10:45:41,530, session=2, sequence=13, operation=PrimitiveOperation{id=DefaultOperationId{id=write, type=COMMAND}, value=byte[]{length=17, hash=-1644578928}}}}
22:45:41.670 [raft-server-2] TRACE i.a.p.raft.roles.FollowerRole - RaftServer{2}{role=FOLLOWER} - Received AppendRequest{term=1, leader=1, prevLogIndex=19, prevLogTerm=1, entries=1, commitIndex=19}
22:45:41.670 [raft-server-2-state] TRACE i.a.p.s.impl.DefaultServiceExecutor - PrimitiveService{2}{type=io.atomix.protocols.raft.RaftTest$TestPrimitiveType@2fa5f551, name=raft-test} - Executing DefaultCommit{index=19, session=RaftSession{RaftServiceContext{server=2, type=io.atomix.protocols.raft.RaftTest$TestPrimitiveType@2fa5f551, name=raft-test, id=2}, session=2, timestamp=2018-06-07 10:45:41,530}, time=2018-06-07 10:45:41,530, operation=DefaultOperationId{id=write, type=COMMAND}, value=byte[]{length=17, hash=-1644578928}}
22:45:41.671 [raft-server-2] TRACE i.a.p.raft.roles.FollowerRole - RaftServer{2}{role=FOLLOWER} - Appended Indexed{index=20, entry=CommandEntry{term=1, timestamp=2018-06-07 10:45:41,623, session=2, sequence=14, operation=PrimitiveOperation{id=DefaultOperationId{id=write, type=COMMAND}, value=byte[]{length=17, hash=-1644578928}}}}
22:45:41.671 [raft-server-2] TRACE i.a.p.raft.roles.FollowerRole - RaftServer{2}{role=FOLLOWER} - Sending AppendResponse{status=OK, term=1, succeeded=true, lastLogIndex=20}
22:45:41.671 [raft-server-1] TRACE i.a.p.raft.roles.LeaderAppender - RaftServer{1} - Received AppendResponse{status=OK, term=1, succeeded=true, lastLogIndex=20} from 2
22:45:41.671 [raft-server-1] TRACE i.a.p.raft.roles.LeaderAppender - RaftServer{1} - Committed entries up to 20
22:45:41.712 [raft-server-3] TRACE i.a.p.raft.roles.FollowerRole - RaftServer{3}{role=FOLLOWER} - Committed entries up to index 19
22:45:41.713 [raft-server-3] TRACE i.a.p.raft.roles.FollowerRole - RaftServer{3}{role=FOLLOWER} - Sending AppendResponse{status=OK, term=1, succeeded=true, lastLogIndex=20}
22:45:41.713 [raft-server-3-state] TRACE i.a.p.raft.impl.RaftServiceManager - RaftServer{3} - Applying Indexed{index=19, entry=CommandEntry{term=1, timestamp=2018-06-07 10:45:41,530, session=2, sequence=13, operation=PrimitiveOperation{id=DefaultOperationId{id=write, type=COMMAND}, value=byte[]{length=17, hash=-1644578928}}}}
22:45:41.713 [raft-server-3-state] TRACE i.a.p.s.impl.DefaultServiceExecutor - PrimitiveService{2}{type=io.atomix.protocols.raft.RaftTest$TestPrimitiveType@12cd62fc, name=raft-test} - Executing DefaultCommit{index=19, session=RaftSession{RaftServiceContext{server=3, type=io.atomix.protocols.raft.RaftTest$TestPrimitiveType@12cd62fc, name=raft-test, id=2}, session=2, timestamp=2018-06-07 10:45:41,530}, time=2018-06-07 10:45:41,530, operation=DefaultOperationId{id=write, type=COMMAND}, value=byte[]{length=17, hash=-1644578928}}
22:45:41.748 [raft-server-1] TRACE i.a.p.raft.roles.LeaderAppender - RaftServer{1} - Received AppendResponse{status=OK, term=1, succeeded=true, lastLogIndex=20} from 3
22:45:41.748 [raft-server-1] TRACE i.a.p.raft.roles.LeaderAppender - RaftServer{1} - Sending AppendRequest{term=1, leader=1, prevLogIndex=20, prevLogTerm=1, entries=0, commitIndex=20} to 2
22:45:41.748 [raft-server-2] TRACE i.a.p.raft.roles.FollowerRole - RaftServer{2}{role=FOLLOWER} - Received AppendRequest{term=1, leader=1, prevLogIndex=20, prevLogTerm=1, entries=0, commitIndex=20}
22:45:41.748 [raft-server-1] TRACE i.a.p.raft.roles.LeaderAppender - RaftServer{1} - Sending AppendRequest{term=1, leader=1, prevLogIndex=20, prevLogTerm=1, entries=0, commitIndex=20} to 3
22:45:41.748 [raft-server-3] TRACE i.a.p.raft.roles.FollowerRole - RaftServer{3}{role=FOLLOWER} - Received AppendRequest{term=1, leader=1, prevLogIndex=20, prevLogTerm=1, entries=0, commitIndex=20}
22:45:41.748 [raft-server-1-state] TRACE i.a.p.raft.impl.RaftServiceManager - RaftServer{1} - Applying Indexed{index=20, entry=CommandEntry{term=1, timestamp=2018-06-07 10:45:41,623, session=2, sequence=14, operation=PrimitiveOperation{id=DefaultOperationId{id=write, type=COMMAND}, value=byte[]{length=17, hash=-1644578928}}}}
22:45:41.748 [raft-server-1-state] TRACE i.a.p.s.impl.DefaultServiceExecutor - PrimitiveService{2}{type=io.atomix.protocols.raft.RaftTest$TestPrimitiveType@54705ce8, name=raft-test} - Executing DefaultCommit{index=20, session=RaftSession{RaftServiceContext{server=1, type=io.atomix.protocols.raft.RaftTest$TestPrimitiveType@54705ce8, name=raft-test, id=2}, session=2, timestamp=2018-06-07 10:45:41,623}, time=2018-06-07 10:45:41,623, operation=DefaultOperationId{id=write, type=COMMAND}, value=byte[]{length=17, hash=-1644578928}}
22:45:41.749 [raft-server-1-state] TRACE i.a.protocols.raft.roles.LeaderRole - RaftServer{1}{role=LEADER} - Sending CommandResponse{status=OK, index=20, eventIndex=2, result=byte[]{length=2, hash=1280}}
22:45:41.749 [raft-client-4d6eb0c5-808f-4bee-91ae-78c435ccd24a-1] TRACE i.a.p.r.p.impl.RaftProxyConnection - PartitionProxy{2}{type=io.atomix.protocols.raft.RaftTest$TestPrimitiveType@35bfa1bb, name=raft-test} - Received CommandResponse{status=OK, index=20, eventIndex=2, result=byte[]{length=2, hash=1280}} from 1
22:45:41.749 [raft-client-4d6eb0c5-808f-4bee-91ae-78c435ccd24a-1] TRACE i.a.p.r.p.impl.RaftProxySequencer - PartitionProxy{2}{type=io.atomix.protocols.raft.RaftTest$TestPrimitiveType@35bfa1bb, name=raft-test} - Completing response CommandResponse{status=OK, index=20, eventIndex=2, result=byte[]{length=2, hash=1280}}
22:45:41.749 [raft-client-4d6eb0c5-808f-4bee-91ae-78c435ccd24a-2] TRACE i.a.p.r.p.impl.RaftProxyConnection - PartitionProxy{2}{type=io.atomix.protocols.raft.RaftTest$TestPrimitiveType@35bfa1bb, name=raft-test} - Sending CommandRequest{session=2, sequence=15, operation=PrimitiveOperation{id=DefaultOperationId{id=write, type=COMMAND}, value=byte[]{length=17, hash=-1644578928}}} to 1
22:45:41.749 [raft-server-1] TRACE i.a.protocols.raft.roles.LeaderRole - RaftServer{1}{role=LEADER} - Received CommandRequest{session=2, sequence=15, operation=PrimitiveOperation{id=DefaultOperationId{id=write, type=COMMAND}, value=byte[]{length=17, hash=-1644578928}}}
22:45:41.787 [raft-server-3] TRACE i.a.p.raft.roles.FollowerRole - RaftServer{3}{role=FOLLOWER} - Committed entries up to index 20
22:45:41.787 [raft-server-3] TRACE i.a.p.raft.roles.FollowerRole - RaftServer{3}{role=FOLLOWER} - Sending AppendResponse{status=OK, term=1, succeeded=true, lastLogIndex=20}
22:45:41.787 [raft-server-2] TRACE i.a.p.raft.roles.FollowerRole - RaftServer{2}{role=FOLLOWER} - Committed entries up to index 20
22:45:41.787 [raft-server-2] TRACE i.a.p.raft.roles.FollowerRole - RaftServer{2}{role=FOLLOWER} - Sending AppendResponse{status=OK, term=1, succeeded=true, lastLogIndex=20}
22:45:41.787 [raft-server-3-state] TRACE i.a.p.raft.impl.RaftServiceManager - RaftServer{3} - Applying Indexed{index=20, entry=CommandEntry{term=1, timestamp=2018-06-07 10:45:41,623, session=2, sequence=14, operation=PrimitiveOperation{id=DefaultOperationId{id=write, type=COMMAND}, value=byte[]{length=17, hash=-1644578928}}}}
22:45:41.787 [raft-server-2-state] TRACE i.a.p.raft.impl.RaftServiceManager - RaftServer{2} - Applying Indexed{index=20, entry=CommandEntry{term=1, timestamp=2018-06-07 10:45:41,623, session=2, sequence=14, operation=PrimitiveOperation{id=DefaultOperationId{id=write, type=COMMAND}, value=byte[]{length=17, hash=-1644578928}}}}
22:45:41.787 [raft-server-2-state] TRACE i.a.p.s.impl.DefaultServiceExecutor - PrimitiveService{2}{type=io.atomix.protocols.raft.RaftTest$TestPrimitiveType@2fa5f551, name=raft-test} - Executing DefaultCommit{index=20, session=RaftSession{RaftServiceContext{server=2, type=io.atomix.protocols.raft.RaftTest$TestPrimitiveType@2fa5f551, name=raft-test, id=2}, session=2, timestamp=2018-06-07 10:45:41,623}, time=2018-06-07 10:45:41,623, operation=DefaultOperationId{id=write, type=COMMAND}, value=byte[]{length=17, hash=-1644578928}}
22:45:41.787 [raft-server-3-state] TRACE i.a.p.s.impl.DefaultServiceExecutor - PrimitiveService{2}{type=io.atomix.protocols.raft.RaftTest$TestPrimitiveType@12cd62fc, name=raft-test} - Executing DefaultCommit{index=20, session=RaftSession{RaftServiceContext{server=3, type=io.atomix.protocols.raft.RaftTest$TestPrimitiveType@12cd62fc, name=raft-test, id=2}, session=2, timestamp=2018-06-07 10:45:41,623}, time=2018-06-07 10:45:41,623, operation=DefaultOperationId{id=write, type=COMMAND}, value=byte[]{length=17, hash=-1644578928}}
22:45:41.996 [raft-server-1] DEBUG i.a.storage.journal.SegmentedJournal - Created disk segment: JournalSegment{id=3, version=1, index=21, size=64}
22:45:41.996 [raft-server-1] TRACE i.a.protocols.raft.roles.LeaderRole - RaftServer{1}{role=LEADER} - Appended Indexed{index=21, entry=CommandEntry{term=1, timestamp=2018-06-07 10:45:41,749, session=2, sequence=15, operation=PrimitiveOperation{id=DefaultOperationId{id=write, type=COMMAND}, value=byte[]{length=17, hash=-1644578928}}}}
22:45:41.996 [raft-server-1] TRACE i.a.p.raft.roles.LeaderAppender - RaftServer{1} - Received AppendResponse{status=OK, term=1, succeeded=true, lastLogIndex=20} from 3
22:45:41.997 [raft-server-1] TRACE i.a.p.raft.roles.LeaderAppender - RaftServer{1} - Sending AppendRequest{term=1, leader=1, prevLogIndex=20, prevLogTerm=1, entries=1, commitIndex=20} to 3
22:45:41.997 [raft-server-3] TRACE i.a.p.raft.roles.FollowerRole - RaftServer{3}{role=FOLLOWER} - Received AppendRequest{term=1, leader=1, prevLogIndex=20, prevLogTerm=1, entries=1, commitIndex=20}
22:45:41.997 [raft-server-1] TRACE i.a.p.raft.roles.LeaderAppender - RaftServer{1} - Sending AppendRequest{term=1, leader=1, prevLogIndex=20, prevLogTerm=1, entries=1, commitIndex=20} to 2
22:45:41.997 [raft-server-2] TRACE i.a.p.raft.roles.FollowerRole - RaftServer{2}{role=FOLLOWER} - Received AppendRequest{term=1, leader=1, prevLogIndex=20, prevLogTerm=1, entries=1, commitIndex=20}
22:45:41.997 [raft-server-1] TRACE i.a.p.raft.roles.LeaderAppender - RaftServer{1} - Received AppendResponse{status=OK, term=1, succeeded=true, lastLogIndex=20} from 2
22:45:42.620 [raft-server-3] DEBUG i.a.storage.journal.SegmentedJournal - Created disk segment: JournalSegment{id=3, version=1, index=21, size=64}
22:45:42.620 [raft-server-3] TRACE i.a.p.raft.roles.FollowerRole - RaftServer{3}{role=FOLLOWER} - Appended Indexed{index=21, entry=CommandEntry{term=1, timestamp=2018-06-07 10:45:41,749, session=2, sequence=15, operation=PrimitiveOperation{id=DefaultOperationId{id=write, type=COMMAND}, value=byte[]{length=17, hash=-1644578928}}}}
22:45:42.620 [raft-server-3] TRACE i.a.p.raft.roles.FollowerRole - RaftServer{3}{role=FOLLOWER} - Sending AppendResponse{status=OK, term=1, succeeded=true, lastLogIndex=21}
22:45:42.621 [raft-server-1] TRACE i.a.p.raft.roles.LeaderAppender - RaftServer{1} - Received AppendResponse{status=OK, term=1, succeeded=true, lastLogIndex=21} from 3
22:45:42.621 [raft-server-1] TRACE i.a.p.raft.roles.LeaderAppender - RaftServer{1} - Committed entries up to 21
22:45:42.715 [raft-server-2] DEBUG i.a.storage.journal.SegmentedJournal - Created disk segment: JournalSegment{id=3, version=1, index=21, size=64}
22:45:42.715 [raft-server-2] TRACE i.a.p.raft.roles.FollowerRole - RaftServer{2}{role=FOLLOWER} - Appended Indexed{index=21, entry=CommandEntry{term=1, timestamp=2018-06-07 10:45:41,749, session=2, sequence=15, operation=PrimitiveOperation{id=DefaultOperationId{id=write, type=COMMAND}, value=byte[]{length=17, hash=-1644578928}}}}
22:45:42.716 [raft-server-2] TRACE i.a.p.raft.roles.FollowerRole - RaftServer{2}{role=FOLLOWER} - Sending AppendResponse{status=OK, term=1, succeeded=true, lastLogIndex=21}
22:45:42.751 [raft-client-4d6eb0c5-808f-4bee-91ae-78c435ccd24a-6] DEBUG i.a.p.r.p.impl.RaftProxyConnection - PartitionProxy{2}{type=io.atomix.protocols.raft.RaftTest$TestPrimitiveType@35bfa1bb, name=raft-test} - CommandRequest{session=2, sequence=15, operation=PrimitiveOperation{id=DefaultOperationId{id=write, type=COMMAND}, value=byte[]{length=17, hash=-1644578928}}} failed! Reason: {}
java.util.concurrent.TimeoutException: null
	at io.atomix.protocols.raft.protocol.TestRaftProtocol.lambda$scheduleTimeout$0(TestRaftProtocol.java:48) ~[test-classes/:na]
	at java.util.concurrent.Executors$RunnableAdapter.call(Executors.java:511) ~[na:1.8.0_121]
	at java.util.concurrent.FutureTask.run(FutureTask.java:266) ~[na:1.8.0_121]
	at java.util.concurrent.ScheduledThreadPoolExecutor$ScheduledFutureTask.access$201(ScheduledThreadPoolExecutor.java:180) ~[na:1.8.0_121]
	at java.util.concurrent.ScheduledThreadPoolExecutor$ScheduledFutureTask.run(ScheduledThreadPoolExecutor.java:293) ~[na:1.8.0_121]
	at java.util.concurrent.ThreadPoolExecutor.runWorker(ThreadPoolExecutor.java:1142) ~[na:1.8.0_121]
	at java.util.concurrent.ThreadPoolExecutor$Worker.run(ThreadPoolExecutor.java:617) ~[na:1.8.0_121]
	at java.lang.Thread.run(Thread.java:745) ~[na:1.8.0_121]
22:45:42.751 [raft-client-4d6eb0c5-808f-4bee-91ae-78c435ccd24a-6] TRACE i.a.p.r.p.impl.RaftProxyConnection - PartitionProxy{2}{type=io.atomix.protocols.raft.RaftTest$TestPrimitiveType@35bfa1bb, name=raft-test} - Resetting connection. Reason: null
22:45:42.751 [raft-client-4d6eb0c5-808f-4bee-91ae-78c435ccd24a-6] TRACE i.a.p.r.p.impl.RaftProxyConnection - PartitionProxy{2}{type=io.atomix.protocols.raft.RaftTest$TestPrimitiveType@35bfa1bb, name=raft-test} - Sending CommandRequest{session=2, sequence=15, operation=PrimitiveOperation{id=DefaultOperationId{id=write, type=COMMAND}, value=byte[]{length=17, hash=-1644578928}}} to 1
22:45:42.843 [raft-server-1] TRACE i.a.p.raft.roles.LeaderAppender - RaftServer{1} - Sending AppendRequest{term=1, leader=1, prevLogIndex=21, prevLogTerm=1, entries=0, commitIndex=21} to 3
22:45:42.844 [raft-server-1] TRACE i.a.p.raft.roles.LeaderAppender - RaftServer{1} - Received AppendResponse{status=OK, term=1, succeeded=true, lastLogIndex=21} from 2
22:45:42.844 [raft-server-3] TRACE i.a.p.raft.roles.FollowerRole - RaftServer{3}{role=FOLLOWER} - Received AppendRequest{term=1, leader=1, prevLogIndex=21, prevLogTerm=1, entries=0, commitIndex=21}
22:45:42.844 [raft-server-1] TRACE i.a.p.raft.roles.LeaderAppender - RaftServer{1} - Sending AppendRequest{term=1, leader=1, prevLogIndex=21, prevLogTerm=1, entries=0, commitIndex=21} to 2
22:45:42.844 [raft-server-2] TRACE i.a.p.raft.roles.FollowerRole - RaftServer{2}{role=FOLLOWER} - Received AppendRequest{term=1, leader=1, prevLogIndex=21, prevLogTerm=1, entries=0, commitIndex=21}
22:45:42.844 [raft-server-1] TRACE i.a.protocols.raft.roles.LeaderRole - RaftServer{1}{role=LEADER} - Received CommandRequest{session=2, sequence=15, operation=PrimitiveOperation{id=DefaultOperationId{id=write, type=COMMAND}, value=byte[]{length=17, hash=-1644578928}}}
22:45:42.844 [raft-server-1] TRACE i.a.protocols.raft.roles.LeaderRole - RaftServer{1}{role=LEADER} - Appended Indexed{index=22, entry=CommandEntry{term=1, timestamp=2018-06-07 10:45:42,844, session=2, sequence=15, operation=PrimitiveOperation{id=DefaultOperationId{id=write, type=COMMAND}, value=byte[]{length=17, hash=-1644578928}}}}
22:45:42.845 [raft-server-1-state] TRACE i.a.p.raft.impl.RaftServiceManager - RaftServer{1} - Applying Indexed{index=21, entry=CommandEntry{term=1, timestamp=2018-06-07 10:45:41,749, session=2, sequence=15, operation=PrimitiveOperation{id=DefaultOperationId{id=write, type=COMMAND}, value=byte[]{length=17, hash=-1644578928}}}}
22:45:42.845 [raft-server-1-state] TRACE i.a.p.s.impl.DefaultServiceExecutor - PrimitiveService{2}{type=io.atomix.protocols.raft.RaftTest$TestPrimitiveType@54705ce8, name=raft-test} - Executing DefaultCommit{index=21, session=RaftSession{RaftServiceContext{server=1, type=io.atomix.protocols.raft.RaftTest$TestPrimitiveType@54705ce8, name=raft-test, id=2}, session=2, timestamp=2018-06-07 10:45:41,749}, time=2018-06-07 10:45:41,749, operation=DefaultOperationId{id=write, type=COMMAND}, value=byte[]{length=17, hash=-1644578928}}
22:45:42.845 [raft-server-1-state] TRACE i.a.protocols.raft.roles.LeaderRole - RaftServer{1}{role=LEADER} - Sending CommandResponse{status=OK, index=21, eventIndex=2, result=byte[]{length=2, hash=1282}}
22:45:42.926 [raft-client-4d6eb0c5-808f-4bee-91ae-78c435ccd24a-1] TRACE i.a.p.r.proxy.impl.RaftProxyManager - RaftClient{4d6eb0c5-808f-4bee-91ae-78c435ccd24a} - Keeping 1 sessions alive
22:45:42.927 [raft-client-4d6eb0c5-808f-4bee-91ae-78c435ccd24a-1] TRACE i.a.p.r.p.impl.RaftProxyConnection - RaftClient{4d6eb0c5-808f-4bee-91ae-78c435ccd24a} - Sending KeepAliveRequest{sessionIds=long[]{length=1, hash=33}, commandSequences=long[]{length=1, hash=45}, eventIndexes=long[]{length=1, hash=33}} to 2
22:45:42.962 [raft-server-2] TRACE i.a.p.raft.roles.FollowerRole - RaftServer{2}{role=FOLLOWER} - Committed entries up to index 21
22:45:42.962 [raft-server-3] TRACE i.a.p.raft.roles.FollowerRole - RaftServer{3}{role=FOLLOWER} - Committed entries up to index 21
22:45:42.962 [raft-server-2] TRACE i.a.p.raft.roles.FollowerRole - RaftServer{2}{role=FOLLOWER} - Sending AppendResponse{status=OK, term=1, succeeded=true, lastLogIndex=21}
22:45:42.962 [raft-server-3] TRACE i.a.p.raft.roles.FollowerRole - RaftServer{3}{role=FOLLOWER} - Sending AppendResponse{status=OK, term=1, succeeded=true, lastLogIndex=21}
22:45:42.962 [raft-server-2] TRACE i.a.p.raft.roles.FollowerRole - RaftServer{2}{role=FOLLOWER} - Received KeepAliveRequest{sessionIds=long[]{length=1, hash=33}, commandSequences=long[]{length=1, hash=45}, eventIndexes=long[]{length=1, hash=33}}
22:45:42.962 [raft-server-1] TRACE i.a.p.raft.roles.LeaderAppender - RaftServer{1} - Received AppendResponse{status=OK, term=1, succeeded=true, lastLogIndex=21} from 2
22:45:42.962 [raft-server-1] TRACE i.a.p.raft.roles.LeaderAppender - RaftServer{1} - Sending AppendRequest{term=1, leader=1, prevLogIndex=21, prevLogTerm=1, entries=1, commitIndex=21} to 2
22:45:42.962 [raft-server-3-state] TRACE i.a.p.raft.impl.RaftServiceManager - RaftServer{3} - Applying Indexed{index=21, entry=CommandEntry{term=1, timestamp=2018-06-07 10:45:41,749, session=2, sequence=15, operation=PrimitiveOperation{id=DefaultOperationId{id=write, type=COMMAND}, value=byte[]{length=17, hash=-1644578928}}}}
22:45:42.962 [raft-server-2] TRACE i.a.p.raft.roles.FollowerRole - RaftServer{2}{role=FOLLOWER} - Received AppendRequest{term=1, leader=1, prevLogIndex=21, prevLogTerm=1, entries=1, commitIndex=21}
22:45:42.962 [raft-server-2-state] TRACE i.a.p.raft.impl.RaftServiceManager - RaftServer{2} - Applying Indexed{index=21, entry=CommandEntry{term=1, timestamp=2018-06-07 10:45:41,749, session=2, sequence=15, operation=PrimitiveOperation{id=DefaultOperationId{id=write, type=COMMAND}, value=byte[]{length=17, hash=-1644578928}}}}
22:45:42.962 [raft-server-3-state] TRACE i.a.p.s.impl.DefaultServiceExecutor - PrimitiveService{2}{type=io.atomix.protocols.raft.RaftTest$TestPrimitiveType@12cd62fc, name=raft-test} - Executing DefaultCommit{index=21, session=RaftSession{RaftServiceContext{server=3, type=io.atomix.protocols.raft.RaftTest$TestPrimitiveType@12cd62fc, name=raft-test, id=2}, session=2, timestamp=2018-06-07 10:45:41,749}, time=2018-06-07 10:45:41,749, operation=DefaultOperationId{id=write, type=COMMAND}, value=byte[]{length=17, hash=-1644578928}}
22:45:42.963 [raft-server-1] TRACE i.a.p.raft.roles.LeaderAppender - RaftServer{1} - Sending AppendRequest{term=1, leader=1, prevLogIndex=21, prevLogTerm=1, entries=1, commitIndex=21} to 3
22:45:42.963 [raft-server-2-state] TRACE i.a.p.s.impl.DefaultServiceExecutor - PrimitiveService{2}{type=io.atomix.protocols.raft.RaftTest$TestPrimitiveType@2fa5f551, name=raft-test} - Executing DefaultCommit{index=21, session=RaftSession{RaftServiceContext{server=2, type=io.atomix.protocols.raft.RaftTest$TestPrimitiveType@2fa5f551, name=raft-test, id=2}, session=2, timestamp=2018-06-07 10:45:41,749}, time=2018-06-07 10:45:41,749, operation=DefaultOperationId{id=write, type=COMMAND}, value=byte[]{length=17, hash=-1644578928}}
22:45:42.963 [raft-server-2] TRACE i.a.p.raft.roles.FollowerRole - RaftServer{2}{role=FOLLOWER} - Appended Indexed{index=22, entry=CommandEntry{term=1, timestamp=2018-06-07 10:45:42,844, session=2, sequence=15, operation=PrimitiveOperation{id=DefaultOperationId{id=write, type=COMMAND}, value=byte[]{length=17, hash=-1644578928}}}}
22:45:42.963 [raft-server-3] TRACE i.a.p.raft.roles.FollowerRole - RaftServer{3}{role=FOLLOWER} - Received AppendRequest{term=1, leader=1, prevLogIndex=21, prevLogTerm=1, entries=1, commitIndex=21}
22:45:42.963 [raft-server-1] TRACE i.a.p.raft.roles.LeaderAppender - RaftServer{1} - Received AppendResponse{status=OK, term=1, succeeded=true, lastLogIndex=21} from 3
22:45:42.963 [raft-server-2] TRACE i.a.p.raft.roles.FollowerRole - RaftServer{2}{role=FOLLOWER} - Sending AppendResponse{status=OK, term=1, succeeded=true, lastLogIndex=22}
22:45:42.964 [raft-server-1] TRACE i.a.protocols.raft.roles.LeaderRole - RaftServer{1}{role=LEADER} - Received KeepAliveRequest{sessionIds=long[]{length=1, hash=33}, commandSequences=long[]{length=1, hash=45}, eventIndexes=long[]{length=1, hash=33}}
22:45:42.964 [raft-server-3] TRACE i.a.p.raft.roles.FollowerRole - RaftServer{3}{role=FOLLOWER} - Appended Indexed{index=22, entry=CommandEntry{term=1, timestamp=2018-06-07 10:45:42,844, session=2, sequence=15, operation=PrimitiveOperation{id=DefaultOperationId{id=write, type=COMMAND}, value=byte[]{length=17, hash=-1644578928}}}}
22:45:42.964 [raft-server-3] TRACE i.a.p.raft.roles.FollowerRole - RaftServer{3}{role=FOLLOWER} - Sending AppendResponse{status=OK, term=1, succeeded=true, lastLogIndex=22}
22:45:42.964 [raft-server-1] TRACE i.a.protocols.raft.roles.LeaderRole - RaftServer{1}{role=LEADER} - Appended Indexed{index=23, entry=KeepAliveEntry{term=1, timestamp=2018-06-07 10:45:42,964, sessionIds=long[]{length=1, hash=33}, commandSequences=long[]{length=1, hash=45}, eventIndexes=long[]{length=1, hash=33}}}
22:45:42.964 [raft-server-1] TRACE i.a.p.raft.roles.LeaderAppender - RaftServer{1} - Received AppendResponse{status=OK, term=1, succeeded=true, lastLogIndex=22} from 3
22:45:42.964 [raft-server-1] TRACE i.a.p.raft.roles.LeaderAppender - RaftServer{1} - Committed entries up to 22
22:45:43.121 [raft-server-1] TRACE i.a.p.raft.roles.LeaderAppender - RaftServer{1} - Sending AppendRequest{term=1, leader=1, prevLogIndex=22, prevLogTerm=1, entries=1, commitIndex=22} to 3
22:45:43.121 [raft-server-3] TRACE i.a.p.raft.roles.FollowerRole - RaftServer{3}{role=FOLLOWER} - Received AppendRequest{term=1, leader=1, prevLogIndex=22, prevLogTerm=1, entries=1, commitIndex=22}
22:45:43.121 [raft-server-1] TRACE i.a.p.raft.roles.LeaderAppender - RaftServer{1} - Received AppendResponse{status=OK, term=1, succeeded=true, lastLogIndex=22} from 2
22:45:43.121 [raft-server-1] TRACE i.a.p.raft.roles.LeaderAppender - RaftServer{1} - Sending AppendRequest{term=1, leader=1, prevLogIndex=22, prevLogTerm=1, entries=1, commitIndex=22} to 2
22:45:43.121 [raft-server-2] TRACE i.a.p.raft.roles.FollowerRole - RaftServer{2}{role=FOLLOWER} - Received AppendRequest{term=1, leader=1, prevLogIndex=22, prevLogTerm=1, entries=1, commitIndex=22}
22:45:43.121 [raft-server-3] TRACE i.a.p.raft.roles.FollowerRole - RaftServer{3}{role=FOLLOWER} - Appended Indexed{index=23, entry=KeepAliveEntry{term=1, timestamp=2018-06-07 10:45:42,964, sessionIds=long[]{length=1, hash=33}, commandSequences=long[]{length=1, hash=45}, eventIndexes=long[]{length=1, hash=33}}}
22:45:43.121 [raft-server-1-state] TRACE i.a.p.raft.impl.RaftServiceManager - RaftServer{1} - Applying Indexed{index=22, entry=CommandEntry{term=1, timestamp=2018-06-07 10:45:42,844, session=2, sequence=15, operation=PrimitiveOperation{id=DefaultOperationId{id=write, type=COMMAND}, value=byte[]{length=17, hash=-1644578928}}}}
22:45:43.121 [raft-server-2] TRACE i.a.p.raft.roles.FollowerRole - RaftServer{2}{role=FOLLOWER} - Appended Indexed{index=23, entry=KeepAliveEntry{term=1, timestamp=2018-06-07 10:45:42,964, sessionIds=long[]{length=1, hash=33}, commandSequences=long[]{length=1, hash=45}, eventIndexes=long[]{length=1, hash=33}}}
22:45:43.122 [raft-server-1-state] TRACE i.a.p.r.service.RaftServiceContext - PrimitiveService{2}{type=io.atomix.protocols.raft.RaftTest$TestPrimitiveType@54705ce8, name=raft-test} - Returning cached result for command with sequence number 15 < 16
22:45:43.122 [raft-server-1-state] TRACE i.a.protocols.raft.roles.LeaderRole - RaftServer{1}{role=LEADER} - Sending CommandResponse{status=OK, index=21, eventIndex=2, result=byte[]{length=2, hash=1282}}
22:45:43.122 [raft-client-4d6eb0c5-808f-4bee-91ae-78c435ccd24a-7] TRACE i.a.p.r.p.impl.RaftProxyConnection - PartitionProxy{2}{type=io.atomix.protocols.raft.RaftTest$TestPrimitiveType@35bfa1bb, name=raft-test} - Received CommandResponse{status=OK, index=21, eventIndex=2, result=byte[]{length=2, hash=1282}} from 1
22:45:43.122 [raft-client-4d6eb0c5-808f-4bee-91ae-78c435ccd24a-7] TRACE i.a.p.r.p.impl.RaftProxySequencer - PartitionProxy{2}{type=io.atomix.protocols.raft.RaftTest$TestPrimitiveType@35bfa1bb, name=raft-test} - Completing response CommandResponse{status=OK, index=21, eventIndex=2, result=byte[]{length=2, hash=1282}}
22:45:43.123 [raft-client-4d6eb0c5-808f-4bee-91ae-78c435ccd24a-6] TRACE i.a.p.r.p.impl.RaftProxyConnection - PartitionProxy{2}{type=io.atomix.protocols.raft.RaftTest$TestPrimitiveType@35bfa1bb, name=raft-test} - Sending CommandRequest{session=2, sequence=16, operation=PrimitiveOperation{id=DefaultOperationId{id=write, type=COMMAND}, value=byte[]{length=17, hash=-1644578928}}} to 1
22:45:43.123 [raft-server-1] TRACE i.a.protocols.raft.roles.LeaderRole - RaftServer{1}{role=LEADER} - Received CommandRequest{session=2, sequence=16, operation=PrimitiveOperation{id=DefaultOperationId{id=write, type=COMMAND}, value=byte[]{length=17, hash=-1644578928}}}
22:45:43.123 [raft-server-1] TRACE i.a.protocols.raft.roles.LeaderRole - RaftServer{1}{role=LEADER} - Appended Indexed{index=24, entry=CommandEntry{term=1, timestamp=2018-06-07 10:45:43,123, session=2, sequence=16, operation=PrimitiveOperation{id=DefaultOperationId{id=write, type=COMMAND}, value=byte[]{length=17, hash=-1644578928}}}}
22:45:43.240 [raft-server-1] TRACE i.a.p.raft.roles.LeaderAppender - RaftServer{1} - Sending AppendRequest{term=1, leader=1, prevLogIndex=23, prevLogTerm=1, entries=1, commitIndex=22} to 2
22:45:43.241 [raft-server-1] TRACE i.a.p.raft.roles.LeaderAppender - RaftServer{1} - Sending AppendRequest{term=1, leader=1, prevLogIndex=23, prevLogTerm=1, entries=1, commitIndex=22} to 3
22:45:43.333 [raft-server-3] TRACE i.a.p.raft.roles.FollowerRole - RaftServer{3}{role=FOLLOWER} - Committed entries up to index 22
22:45:43.333 [raft-server-2] TRACE i.a.p.raft.roles.FollowerRole - RaftServer{2}{role=FOLLOWER} - Committed entries up to index 22
22:45:43.333 [raft-server-2] TRACE i.a.p.raft.roles.FollowerRole - RaftServer{2}{role=FOLLOWER} - Sending AppendResponse{status=OK, term=1, succeeded=true, lastLogIndex=23}
22:45:43.333 [raft-server-3] TRACE i.a.p.raft.roles.FollowerRole - RaftServer{3}{role=FOLLOWER} - Sending AppendResponse{status=OK, term=1, succeeded=true, lastLogIndex=23}
22:45:43.333 [raft-server-3] TRACE i.a.p.raft.roles.FollowerRole - RaftServer{3}{role=FOLLOWER} - Received AppendRequest{term=1, leader=1, prevLogIndex=23, prevLogTerm=1, entries=1, commitIndex=22}
22:45:43.333 [raft-server-2] TRACE i.a.p.raft.roles.FollowerRole - RaftServer{2}{role=FOLLOWER} - Received AppendRequest{term=1, leader=1, prevLogIndex=23, prevLogTerm=1, entries=1, commitIndex=22}
22:45:43.333 [raft-server-1] TRACE i.a.p.raft.roles.LeaderAppender - RaftServer{1} - Received AppendResponse{status=OK, term=1, succeeded=true, lastLogIndex=23} from 2
22:45:43.333 [raft-server-1] TRACE i.a.p.raft.roles.LeaderAppender - RaftServer{1} - Committed entries up to 23
22:45:43.333 [raft-server-3] TRACE i.a.p.raft.roles.FollowerRole - RaftServer{3}{role=FOLLOWER} - Appended Indexed{index=24, entry=CommandEntry{term=1, timestamp=2018-06-07 10:45:43,123, session=2, sequence=16, operation=PrimitiveOperation{id=DefaultOperationId{id=write, type=COMMAND}, value=byte[]{length=17, hash=-1644578928}}}}
22:45:43.333 [raft-server-2] TRACE i.a.p.raft.roles.FollowerRole - RaftServer{2}{role=FOLLOWER} - Appended Indexed{index=24, entry=CommandEntry{term=1, timestamp=2018-06-07 10:45:43,123, session=2, sequence=16, operation=PrimitiveOperation{id=DefaultOperationId{id=write, type=COMMAND}, value=byte[]{length=17, hash=-1644578928}}}}
22:45:43.333 [raft-server-3] TRACE i.a.p.raft.roles.FollowerRole - RaftServer{3}{role=FOLLOWER} - Sending AppendResponse{status=OK, term=1, succeeded=true, lastLogIndex=24}
22:45:43.333 [raft-server-2] TRACE i.a.p.raft.roles.FollowerRole - RaftServer{2}{role=FOLLOWER} - Sending AppendResponse{status=OK, term=1, succeeded=true, lastLogIndex=24}
22:45:43.334 [raft-server-3-state] TRACE i.a.p.raft.impl.RaftServiceManager - RaftServer{3} - Applying Indexed{index=22, entry=CommandEntry{term=1, timestamp=2018-06-07 10:45:42,844, session=2, sequence=15, operation=PrimitiveOperation{id=DefaultOperationId{id=write, type=COMMAND}, value=byte[]{length=17, hash=-1644578928}}}}
22:45:43.334 [raft-server-2-state] TRACE i.a.p.raft.impl.RaftServiceManager - RaftServer{2} - Applying Indexed{index=22, entry=CommandEntry{term=1, timestamp=2018-06-07 10:45:42,844, session=2, sequence=15, operation=PrimitiveOperation{id=DefaultOperationId{id=write, type=COMMAND}, value=byte[]{length=17, hash=-1644578928}}}}
22:45:43.334 [raft-server-3-state] TRACE i.a.p.r.service.RaftServiceContext - PrimitiveService{2}{type=io.atomix.protocols.raft.RaftTest$TestPrimitiveType@12cd62fc, name=raft-test} - Returning cached result for command with sequence number 15 < 16
22:45:43.334 [raft-server-2-state] TRACE i.a.p.r.service.RaftServiceContext - PrimitiveService{2}{type=io.atomix.protocols.raft.RaftTest$TestPrimitiveType@2fa5f551, name=raft-test} - Returning cached result for command with sequence number 15 < 16
22:45:43.689 [raft-server-1] TRACE i.a.p.raft.roles.LeaderAppender - RaftServer{1} - Received AppendResponse{status=OK, term=1, succeeded=true, lastLogIndex=23} from 3
22:45:43.689 [raft-server-1] TRACE i.a.p.raft.roles.LeaderAppender - RaftServer{1} - Received AppendResponse{status=OK, term=1, succeeded=true, lastLogIndex=24} from 2
22:45:43.689 [raft-server-1] TRACE i.a.p.raft.roles.LeaderAppender - RaftServer{1} - Committed entries up to 24
22:45:43.729 [raft-server-1] TRACE i.a.p.raft.roles.LeaderAppender - RaftServer{1} - Sending AppendRequest{term=1, leader=1, prevLogIndex=24, prevLogTerm=1, entries=0, commitIndex=24} to 2
22:45:43.730 [raft-server-1] TRACE i.a.p.raft.roles.LeaderAppender - RaftServer{1} - Received AppendResponse{status=OK, term=1, succeeded=true, lastLogIndex=24} from 3
22:45:43.730 [raft-server-1] TRACE i.a.p.raft.roles.LeaderAppender - RaftServer{1} - Sending AppendRequest{term=1, leader=1, prevLogIndex=24, prevLogTerm=1, entries=0, commitIndex=24} to 3
22:45:43.730 [raft-server-2] TRACE i.a.p.raft.roles.FollowerRole - RaftServer{2}{role=FOLLOWER} - Received AppendRequest{term=1, leader=1, prevLogIndex=24, prevLogTerm=1, entries=0, commitIndex=24}
22:45:43.730 [raft-server-3] TRACE i.a.p.raft.roles.FollowerRole - RaftServer{3}{role=FOLLOWER} - Received AppendRequest{term=1, leader=1, prevLogIndex=24, prevLogTerm=1, entries=0, commitIndex=24}
22:45:43.731 [raft-server-1-state] TRACE i.a.p.raft.impl.RaftServiceManager - RaftServer{1} - Applying Indexed{index=23, entry=KeepAliveEntry{term=1, timestamp=2018-06-07 10:45:42,964, sessionIds=long[]{length=1, hash=33}, commandSequences=long[]{length=1, hash=45}, eventIndexes=long[]{length=1, hash=33}}}
22:45:43.731 [raft-server-1-state] TRACE i.a.p.raft.impl.RaftServiceManager - RaftServer{1} - Applying Indexed{index=24, entry=CommandEntry{term=1, timestamp=2018-06-07 10:45:43,123, session=2, sequence=16, operation=PrimitiveOperation{id=DefaultOperationId{id=write, type=COMMAND}, value=byte[]{length=17, hash=-1644578928}}}}
22:45:43.731 [raft-server-1] TRACE i.a.protocols.raft.roles.LeaderRole - RaftServer{1}{role=LEADER} - Sending KeepAliveResponse{status=OK, leader=1, members=[1, 2, 3], sessionIds=long[]{length=1, hash=33}}
22:45:43.731 [raft-server-1-state] TRACE i.a.p.s.impl.DefaultServiceExecutor - PrimitiveService{2}{type=io.atomix.protocols.raft.RaftTest$TestPrimitiveType@54705ce8, name=raft-test} - Executing DefaultCommit{index=24, session=RaftSession{RaftServiceContext{server=1, type=io.atomix.protocols.raft.RaftTest$TestPrimitiveType@54705ce8, name=raft-test, id=2}, session=2, timestamp=2018-06-07 10:45:43,123}, time=2018-06-07 10:45:43,123, operation=DefaultOperationId{id=write, type=COMMAND}, value=byte[]{length=17, hash=-1644578928}}
22:45:43.732 [raft-server-1-state] TRACE i.a.protocols.raft.roles.LeaderRole - RaftServer{1}{role=LEADER} - Sending CommandResponse{status=OK, index=24, eventIndex=2, result=byte[]{length=2, hash=1288}}
22:45:43.732 [raft-client-4d6eb0c5-808f-4bee-91ae-78c435ccd24a-5] TRACE i.a.p.r.p.impl.RaftProxyConnection - PartitionProxy{2}{type=io.atomix.protocols.raft.RaftTest$TestPrimitiveType@35bfa1bb, name=raft-test} - Received CommandResponse{status=OK, index=24, eventIndex=2, result=byte[]{length=2, hash=1288}} from 1
22:45:43.732 [raft-client-4d6eb0c5-808f-4bee-91ae-78c435ccd24a-5] TRACE i.a.p.r.p.impl.RaftProxySequencer - PartitionProxy{2}{type=io.atomix.protocols.raft.RaftTest$TestPrimitiveType@35bfa1bb, name=raft-test} - Completing response CommandResponse{status=OK, index=24, eventIndex=2, result=byte[]{length=2, hash=1288}}
22:45:43.732 [raft-client-4d6eb0c5-808f-4bee-91ae-78c435ccd24a-4] TRACE i.a.p.r.p.impl.RaftProxyConnection - PartitionProxy{2}{type=io.atomix.protocols.raft.RaftTest$TestPrimitiveType@35bfa1bb, name=raft-test} - Sending CommandRequest{session=2, sequence=17, operation=PrimitiveOperation{id=DefaultOperationId{id=write, type=COMMAND}, value=byte[]{length=17, hash=-1644578928}}} to 1
22:45:43.733 [raft-server-1] TRACE i.a.protocols.raft.roles.LeaderRole - RaftServer{1}{role=LEADER} - Received CommandRequest{session=2, sequence=17, operation=PrimitiveOperation{id=DefaultOperationId{id=write, type=COMMAND}, value=byte[]{length=17, hash=-1644578928}}}
22:45:43.733 [raft-server-1] TRACE i.a.protocols.raft.roles.LeaderRole - RaftServer{1}{role=LEADER} - Appended Indexed{index=25, entry=CommandEntry{term=1, timestamp=2018-06-07 10:45:43,733, session=2, sequence=17, operation=PrimitiveOperation{id=DefaultOperationId{id=write, type=COMMAND}, value=byte[]{length=17, hash=-1644578928}}}}
22:45:43.773 [raft-server-2] TRACE i.a.p.raft.roles.FollowerRole - RaftServer{2}{role=FOLLOWER} - Committed entries up to index 24
22:45:43.773 [raft-server-3] TRACE i.a.p.raft.roles.FollowerRole - RaftServer{3}{role=FOLLOWER} - Committed entries up to index 24
22:45:43.774 [raft-server-3] TRACE i.a.p.raft.roles.FollowerRole - RaftServer{3}{role=FOLLOWER} - Sending AppendResponse{status=OK, term=1, succeeded=true, lastLogIndex=24}
22:45:43.774 [raft-server-2] TRACE i.a.p.raft.roles.FollowerRole - RaftServer{2}{role=FOLLOWER} - Sending AppendResponse{status=OK, term=1, succeeded=true, lastLogIndex=24}
22:45:43.774 [raft-server-1] TRACE i.a.p.raft.roles.LeaderAppender - RaftServer{1} - Received AppendResponse{status=OK, term=1, succeeded=true, lastLogIndex=24} from 3
22:45:43.774 [raft-server-2] TRACE i.a.p.raft.roles.FollowerRole - RaftServer{2}{role=FOLLOWER} - Sending KeepAliveResponse{status=OK, leader=1, members=[1, 2, 3], sessionIds=long[]{length=1, hash=33}}
22:45:43.774 [raft-server-1] TRACE i.a.p.raft.roles.LeaderAppender - RaftServer{1} - Sending AppendRequest{term=1, leader=1, prevLogIndex=24, prevLogTerm=1, entries=1, commitIndex=24} to 3
22:45:43.774 [raft-server-3] TRACE i.a.p.raft.roles.FollowerRole - RaftServer{3}{role=FOLLOWER} - Received AppendRequest{term=1, leader=1, prevLogIndex=24, prevLogTerm=1, entries=1, commitIndex=24}
22:45:43.775 [raft-client-4d6eb0c5-808f-4bee-91ae-78c435ccd24a-0] TRACE i.a.p.r.p.impl.RaftProxyConnection - RaftClient{4d6eb0c5-808f-4bee-91ae-78c435ccd24a} - Received KeepAliveResponse{status=OK, leader=1, members=[1, 2, 3], sessionIds=long[]{length=1, hash=33}} from 2
22:45:43.774 [raft-server-3-state] TRACE i.a.p.raft.impl.RaftServiceManager - RaftServer{3} - Applying Indexed{index=23, entry=KeepAliveEntry{term=1, timestamp=2018-06-07 10:45:42,964, sessionIds=long[]{length=1, hash=33}, commandSequences=long[]{length=1, hash=45}, eventIndexes=long[]{length=1, hash=33}}}
22:45:43.774 [raft-server-2-state] TRACE i.a.p.raft.impl.RaftServiceManager - RaftServer{2} - Applying Indexed{index=23, entry=KeepAliveEntry{term=1, timestamp=2018-06-07 10:45:42,964, sessionIds=long[]{length=1, hash=33}, commandSequences=long[]{length=1, hash=45}, eventIndexes=long[]{length=1, hash=33}}}
22:45:43.775 [raft-server-1] TRACE i.a.p.raft.roles.LeaderAppender - RaftServer{1} - Received AppendResponse{status=OK, term=1, succeeded=true, lastLogIndex=24} from 2
22:45:43.775 [raft-server-3] TRACE i.a.p.raft.roles.FollowerRole - RaftServer{3}{role=FOLLOWER} - Appended Indexed{index=25, entry=CommandEntry{term=1, timestamp=2018-06-07 10:45:43,733, session=2, sequence=17, operation=PrimitiveOperation{id=DefaultOperationId{id=write, type=COMMAND}, value=byte[]{length=17, hash=-1644578928}}}}
22:45:43.775 [raft-server-1] TRACE i.a.p.raft.roles.LeaderAppender - RaftServer{1} - Sending AppendRequest{term=1, leader=1, prevLogIndex=24, prevLogTerm=1, entries=1, commitIndex=24} to 2
22:45:43.775 [raft-server-3-state] TRACE i.a.p.raft.impl.RaftServiceManager - RaftServer{3} - Applying Indexed{index=24, entry=CommandEntry{term=1, timestamp=2018-06-07 10:45:43,123, session=2, sequence=16, operation=PrimitiveOperation{id=DefaultOperationId{id=write, type=COMMAND}, value=byte[]{length=17, hash=-1644578928}}}}
22:45:43.775 [raft-server-2-state] TRACE i.a.p.raft.impl.RaftServiceManager - RaftServer{2} - Applying Indexed{index=24, entry=CommandEntry{term=1, timestamp=2018-06-07 10:45:43,123, session=2, sequence=16, operation=PrimitiveOperation{id=DefaultOperationId{id=write, type=COMMAND}, value=byte[]{length=17, hash=-1644578928}}}}
22:45:43.775 [raft-server-3] TRACE i.a.p.raft.roles.FollowerRole - RaftServer{3}{role=FOLLOWER} - Sending AppendResponse{status=OK, term=1, succeeded=true, lastLogIndex=25}
22:45:43.775 [raft-server-3-state] TRACE i.a.p.s.impl.DefaultServiceExecutor - PrimitiveService{2}{type=io.atomix.protocols.raft.RaftTest$TestPrimitiveType@12cd62fc, name=raft-test} - Executing DefaultCommit{index=24, session=RaftSession{RaftServiceContext{server=3, type=io.atomix.protocols.raft.RaftTest$TestPrimitiveType@12cd62fc, name=raft-test, id=2}, session=2, timestamp=2018-06-07 10:45:43,123}, time=2018-06-07 10:45:43,123, operation=DefaultOperationId{id=write, type=COMMAND}, value=byte[]{length=17, hash=-1644578928}}
22:45:43.776 [raft-server-2-state] TRACE i.a.p.s.impl.DefaultServiceExecutor - PrimitiveService{2}{type=io.atomix.protocols.raft.RaftTest$TestPrimitiveType@2fa5f551, name=raft-test} - Executing DefaultCommit{index=24, session=RaftSession{RaftServiceContext{server=2, type=io.atomix.protocols.raft.RaftTest$TestPrimitiveType@2fa5f551, name=raft-test, id=2}, session=2, timestamp=2018-06-07 10:45:43,123}, time=2018-06-07 10:45:43,123, operation=DefaultOperationId{id=write, type=COMMAND}, value=byte[]{length=17, hash=-1644578928}}
22:45:43.776 [raft-server-2] TRACE i.a.p.raft.roles.FollowerRole - RaftServer{2}{role=FOLLOWER} - Received AppendRequest{term=1, leader=1, prevLogIndex=24, prevLogTerm=1, entries=1, commitIndex=24}
22:45:43.776 [raft-server-1] TRACE i.a.p.raft.roles.LeaderAppender - RaftServer{1} - Received AppendResponse{status=OK, term=1, succeeded=true, lastLogIndex=25} from 3
22:45:43.776 [raft-server-1] TRACE i.a.p.raft.roles.LeaderAppender - RaftServer{1} - Committed entries up to 25
22:45:43.776 [raft-server-2] TRACE i.a.p.raft.roles.FollowerRole - RaftServer{2}{role=FOLLOWER} - Appended Indexed{index=25, entry=CommandEntry{term=1, timestamp=2018-06-07 10:45:43,733, session=2, sequence=17, operation=PrimitiveOperation{id=DefaultOperationId{id=write, type=COMMAND}, value=byte[]{length=17, hash=-1644578928}}}}
22:45:43.776 [raft-server-2] TRACE i.a.p.raft.roles.FollowerRole - RaftServer{2}{role=FOLLOWER} - Sending AppendResponse{status=OK, term=1, succeeded=true, lastLogIndex=25}
22:45:43.862 [raft-server-1] TRACE i.a.p.raft.roles.LeaderAppender - RaftServer{1} - Received AppendResponse{status=OK, term=1, succeeded=true, lastLogIndex=25} from 2
22:45:43.863 [raft-server-1-state] TRACE i.a.p.raft.impl.RaftServiceManager - RaftServer{1} - Applying Indexed{index=25, entry=CommandEntry{term=1, timestamp=2018-06-07 10:45:43,733, session=2, sequence=17, operation=PrimitiveOperation{id=DefaultOperationId{id=write, type=COMMAND}, value=byte[]{length=17, hash=-1644578928}}}}
22:45:43.863 [raft-server-1-state] TRACE i.a.p.s.impl.DefaultServiceExecutor - PrimitiveService{2}{type=io.atomix.protocols.raft.RaftTest$TestPrimitiveType@54705ce8, name=raft-test} - Executing DefaultCommit{index=25, session=RaftSession{RaftServiceContext{server=1, type=io.atomix.protocols.raft.RaftTest$TestPrimitiveType@54705ce8, name=raft-test, id=2}, session=2, timestamp=2018-06-07 10:45:43,733}, time=2018-06-07 10:45:43,733, operation=DefaultOperationId{id=write, type=COMMAND}, value=byte[]{length=17, hash=-1644578928}}
22:45:43.864 [raft-server-1-state] TRACE i.a.protocols.raft.roles.LeaderRole - RaftServer{1}{role=LEADER} - Sending CommandResponse{status=OK, index=25, eventIndex=2, result=byte[]{length=2, hash=1290}}
22:45:43.864 [raft-client-4d6eb0c5-808f-4bee-91ae-78c435ccd24a-7] TRACE i.a.p.r.p.impl.RaftProxyConnection - PartitionProxy{2}{type=io.atomix.protocols.raft.RaftTest$TestPrimitiveType@35bfa1bb, name=raft-test} - Received CommandResponse{status=OK, index=25, eventIndex=2, result=byte[]{length=2, hash=1290}} from 1
22:45:43.864 [raft-client-4d6eb0c5-808f-4bee-91ae-78c435ccd24a-7] TRACE i.a.p.r.p.impl.RaftProxySequencer - PartitionProxy{2}{type=io.atomix.protocols.raft.RaftTest$TestPrimitiveType@35bfa1bb, name=raft-test} - Completing response CommandResponse{status=OK, index=25, eventIndex=2, result=byte[]{length=2, hash=1290}}
22:45:43.864 [raft-client-4d6eb0c5-808f-4bee-91ae-78c435ccd24a-3] TRACE i.a.p.r.p.impl.RaftProxyConnection - PartitionProxy{2}{type=io.atomix.protocols.raft.RaftTest$TestPrimitiveType@35bfa1bb, name=raft-test} - Sending CommandRequest{session=2, sequence=18, operation=PrimitiveOperation{id=DefaultOperationId{id=write, type=COMMAND}, value=byte[]{length=17, hash=-1644578928}}} to 1
22:45:43.864 [raft-server-1] TRACE i.a.protocols.raft.roles.LeaderRole - RaftServer{1}{role=LEADER} - Received CommandRequest{session=2, sequence=18, operation=PrimitiveOperation{id=DefaultOperationId{id=write, type=COMMAND}, value=byte[]{length=17, hash=-1644578928}}}
22:45:43.865 [raft-server-1] TRACE i.a.protocols.raft.roles.LeaderRole - RaftServer{1}{role=LEADER} - Appended Indexed{index=26, entry=CommandEntry{term=1, timestamp=2018-06-07 10:45:43,864, session=2, sequence=18, operation=PrimitiveOperation{id=DefaultOperationId{id=write, type=COMMAND}, value=byte[]{length=17, hash=-1644578928}}}}
22:45:43.865 [raft-server-1] TRACE i.a.p.raft.roles.LeaderAppender - RaftServer{1} - Sending AppendRequest{term=1, leader=1, prevLogIndex=25, prevLogTerm=1, entries=1, commitIndex=25} to 2
22:45:43.865 [raft-server-2] TRACE i.a.p.raft.roles.FollowerRole - RaftServer{2}{role=FOLLOWER} - Received AppendRequest{term=1, leader=1, prevLogIndex=25, prevLogTerm=1, entries=1, commitIndex=25}
22:45:43.865 [raft-server-1] TRACE i.a.p.raft.roles.LeaderAppender - RaftServer{1} - Sending AppendRequest{term=1, leader=1, prevLogIndex=25, prevLogTerm=1, entries=1, commitIndex=25} to 3
22:45:43.865 [raft-server-3] TRACE i.a.p.raft.roles.FollowerRole - RaftServer{3}{role=FOLLOWER} - Received AppendRequest{term=1, leader=1, prevLogIndex=25, prevLogTerm=1, entries=1, commitIndex=25}
22:45:43.865 [raft-server-2] TRACE i.a.p.raft.roles.FollowerRole - RaftServer{2}{role=FOLLOWER} - Appended Indexed{index=26, entry=CommandEntry{term=1, timestamp=2018-06-07 10:45:43,864, session=2, sequence=18, operation=PrimitiveOperation{id=DefaultOperationId{id=write, type=COMMAND}, value=byte[]{length=17, hash=-1644578928}}}}
22:45:43.865 [raft-server-3] TRACE i.a.p.raft.roles.FollowerRole - RaftServer{3}{role=FOLLOWER} - Appended Indexed{index=26, entry=CommandEntry{term=1, timestamp=2018-06-07 10:45:43,864, session=2, sequence=18, operation=PrimitiveOperation{id=DefaultOperationId{id=write, type=COMMAND}, value=byte[]{length=17, hash=-1644578928}}}}
22:45:43.939 [raft-server-3] TRACE i.a.p.raft.roles.FollowerRole - RaftServer{3}{role=FOLLOWER} - Committed entries up to index 25
22:45:43.939 [raft-server-2] TRACE i.a.p.raft.roles.FollowerRole - RaftServer{2}{role=FOLLOWER} - Committed entries up to index 25
22:45:43.939 [raft-server-3] TRACE i.a.p.raft.roles.FollowerRole - RaftServer{3}{role=FOLLOWER} - Sending AppendResponse{status=OK, term=1, succeeded=true, lastLogIndex=26}
22:45:43.939 [raft-server-2] TRACE i.a.p.raft.roles.FollowerRole - RaftServer{2}{role=FOLLOWER} - Sending AppendResponse{status=OK, term=1, succeeded=true, lastLogIndex=26}
22:45:43.939 [raft-server-1] TRACE i.a.p.raft.roles.LeaderAppender - RaftServer{1} - Received AppendResponse{status=OK, term=1, succeeded=true, lastLogIndex=26} from 3
22:45:43.939 [raft-server-1] TRACE i.a.p.raft.roles.LeaderAppender - RaftServer{1} - Committed entries up to 26
22:45:43.939 [raft-server-2-state] TRACE i.a.p.raft.impl.RaftServiceManager - RaftServer{2} - Applying Indexed{index=25, entry=CommandEntry{term=1, timestamp=2018-06-07 10:45:43,733, session=2, sequence=17, operation=PrimitiveOperation{id=DefaultOperationId{id=write, type=COMMAND}, value=byte[]{length=17, hash=-1644578928}}}}
22:45:43.939 [raft-server-3-state] TRACE i.a.p.raft.impl.RaftServiceManager - RaftServer{3} - Applying Indexed{index=25, entry=CommandEntry{term=1, timestamp=2018-06-07 10:45:43,733, session=2, sequence=17, operation=PrimitiveOperation{id=DefaultOperationId{id=write, type=COMMAND}, value=byte[]{length=17, hash=-1644578928}}}}
22:45:43.939 [raft-server-2-state] TRACE i.a.p.s.impl.DefaultServiceExecutor - PrimitiveService{2}{type=io.atomix.protocols.raft.RaftTest$TestPrimitiveType@2fa5f551, name=raft-test} - Executing DefaultCommit{index=25, session=RaftSession{RaftServiceContext{server=2, type=io.atomix.protocols.raft.RaftTest$TestPrimitiveType@2fa5f551, name=raft-test, id=2}, session=2, timestamp=2018-06-07 10:45:43,733}, time=2018-06-07 10:45:43,733, operation=DefaultOperationId{id=write, type=COMMAND}, value=byte[]{length=17, hash=-1644578928}}
22:45:43.940 [raft-server-3-state] TRACE i.a.p.s.impl.DefaultServiceExecutor - PrimitiveService{2}{type=io.atomix.protocols.raft.RaftTest$TestPrimitiveType@12cd62fc, name=raft-test} - Executing DefaultCommit{index=25, session=RaftSession{RaftServiceContext{server=3, type=io.atomix.protocols.raft.RaftTest$TestPrimitiveType@12cd62fc, name=raft-test, id=2}, session=2, timestamp=2018-06-07 10:45:43,733}, time=2018-06-07 10:45:43,733, operation=DefaultOperationId{id=write, type=COMMAND}, value=byte[]{length=17, hash=-1644578928}}
22:45:44.039 [raft-server-1] TRACE i.a.p.raft.roles.LeaderAppender - RaftServer{1} - Received AppendResponse{status=OK, term=1, succeeded=true, lastLogIndex=26} from 2
22:45:44.039 [raft-server-1] TRACE i.a.p.raft.roles.LeaderAppender - RaftServer{1} - Sending AppendRequest{term=1, leader=1, prevLogIndex=26, prevLogTerm=1, entries=0, commitIndex=26} to 2
22:45:44.039 [raft-server-1] TRACE i.a.p.raft.roles.LeaderAppender - RaftServer{1} - Sending AppendRequest{term=1, leader=1, prevLogIndex=26, prevLogTerm=1, entries=0, commitIndex=26} to 3
22:45:44.039 [raft-server-2] TRACE i.a.p.raft.roles.FollowerRole - RaftServer{2}{role=FOLLOWER} - Received AppendRequest{term=1, leader=1, prevLogIndex=26, prevLogTerm=1, entries=0, commitIndex=26}
22:45:44.039 [raft-server-3] TRACE i.a.p.raft.roles.FollowerRole - RaftServer{3}{role=FOLLOWER} - Received AppendRequest{term=1, leader=1, prevLogIndex=26, prevLogTerm=1, entries=0, commitIndex=26}
22:45:44.039 [raft-server-1-state] TRACE i.a.p.raft.impl.RaftServiceManager - RaftServer{1} - Applying Indexed{index=26, entry=CommandEntry{term=1, timestamp=2018-06-07 10:45:43,864, session=2, sequence=18, operation=PrimitiveOperation{id=DefaultOperationId{id=write, type=COMMAND}, value=byte[]{length=17, hash=-1644578928}}}}
22:45:44.040 [raft-server-1-state] TRACE i.a.p.s.impl.DefaultServiceExecutor - PrimitiveService{2}{type=io.atomix.protocols.raft.RaftTest$TestPrimitiveType@54705ce8, name=raft-test} - Executing DefaultCommit{index=26, session=RaftSession{RaftServiceContext{server=1, type=io.atomix.protocols.raft.RaftTest$TestPrimitiveType@54705ce8, name=raft-test, id=2}, session=2, timestamp=2018-06-07 10:45:43,864}, time=2018-06-07 10:45:43,864, operation=DefaultOperationId{id=write, type=COMMAND}, value=byte[]{length=17, hash=-1644578928}}
22:45:44.040 [raft-server-1-state] TRACE i.a.protocols.raft.roles.LeaderRole - RaftServer{1}{role=LEADER} - Sending CommandResponse{status=OK, index=26, eventIndex=2, result=byte[]{length=2, hash=1292}}
22:45:44.040 [raft-client-4d6eb0c5-808f-4bee-91ae-78c435ccd24a-0] TRACE i.a.p.r.p.impl.RaftProxyConnection - PartitionProxy{2}{type=io.atomix.protocols.raft.RaftTest$TestPrimitiveType@35bfa1bb, name=raft-test} - Received CommandResponse{status=OK, index=26, eventIndex=2, result=byte[]{length=2, hash=1292}} from 1
22:45:44.040 [raft-client-4d6eb0c5-808f-4bee-91ae-78c435ccd24a-0] TRACE i.a.p.r.p.impl.RaftProxySequencer - PartitionProxy{2}{type=io.atomix.protocols.raft.RaftTest$TestPrimitiveType@35bfa1bb, name=raft-test} - Completing response CommandResponse{status=OK, index=26, eventIndex=2, result=byte[]{length=2, hash=1292}}
22:45:44.042 [raft-client-4d6eb0c5-808f-4bee-91ae-78c435ccd24a-0] TRACE i.a.p.r.p.impl.RaftProxyConnection - PartitionProxy{2}{type=io.atomix.protocols.raft.RaftTest$TestPrimitiveType@35bfa1bb, name=raft-test} - Sending CommandRequest{session=2, sequence=19, operation=PrimitiveOperation{id=DefaultOperationId{id=write, type=COMMAND}, value=byte[]{length=17, hash=-1644578928}}} to 1
22:45:44.042 [raft-server-1] TRACE i.a.protocols.raft.roles.LeaderRole - RaftServer{1}{role=LEADER} - Received CommandRequest{session=2, sequence=19, operation=PrimitiveOperation{id=DefaultOperationId{id=write, type=COMMAND}, value=byte[]{length=17, hash=-1644578928}}}
22:45:44.043 [raft-server-1] TRACE i.a.protocols.raft.roles.LeaderRole - RaftServer{1}{role=LEADER} - Appended Indexed{index=27, entry=CommandEntry{term=1, timestamp=2018-06-07 10:45:44,042, session=2, sequence=19, operation=PrimitiveOperation{id=DefaultOperationId{id=write, type=COMMAND}, value=byte[]{length=17, hash=-1644578928}}}}
22:45:44.129 [raft-server-3] TRACE i.a.p.raft.roles.FollowerRole - RaftServer{3}{role=FOLLOWER} - Committed entries up to index 26
22:45:44.129 [raft-server-3] TRACE i.a.p.raft.roles.FollowerRole - RaftServer{3}{role=FOLLOWER} - Sending AppendResponse{status=OK, term=1, succeeded=true, lastLogIndex=26}
22:45:44.129 [raft-server-1] TRACE i.a.p.raft.roles.LeaderAppender - RaftServer{1} - Received AppendResponse{status=OK, term=1, succeeded=true, lastLogIndex=26} from 3
22:45:44.129 [raft-server-1] TRACE i.a.p.raft.roles.LeaderAppender - RaftServer{1} - Sending AppendRequest{term=1, leader=1, prevLogIndex=26, prevLogTerm=1, entries=1, commitIndex=26} to 3
22:45:44.129 [raft-server-3-state] TRACE i.a.p.raft.impl.RaftServiceManager - RaftServer{3} - Applying Indexed{index=26, entry=CommandEntry{term=1, timestamp=2018-06-07 10:45:43,864, session=2, sequence=18, operation=PrimitiveOperation{id=DefaultOperationId{id=write, type=COMMAND}, value=byte[]{length=17, hash=-1644578928}}}}
22:45:44.130 [raft-server-3] TRACE i.a.p.raft.roles.FollowerRole - RaftServer{3}{role=FOLLOWER} - Received AppendRequest{term=1, leader=1, prevLogIndex=26, prevLogTerm=1, entries=1, commitIndex=26}
22:45:44.130 [raft-server-3-state] TRACE i.a.p.s.impl.DefaultServiceExecutor - PrimitiveService{2}{type=io.atomix.protocols.raft.RaftTest$TestPrimitiveType@12cd62fc, name=raft-test} - Executing DefaultCommit{index=26, session=RaftSession{RaftServiceContext{server=3, type=io.atomix.protocols.raft.RaftTest$TestPrimitiveType@12cd62fc, name=raft-test, id=2}, session=2, timestamp=2018-06-07 10:45:43,864}, time=2018-06-07 10:45:43,864, operation=DefaultOperationId{id=write, type=COMMAND}, value=byte[]{length=17, hash=-1644578928}}
22:45:44.130 [raft-server-3] TRACE i.a.p.raft.roles.FollowerRole - RaftServer{3}{role=FOLLOWER} - Appended Indexed{index=27, entry=CommandEntry{term=1, timestamp=2018-06-07 10:45:44,042, session=2, sequence=19, operation=PrimitiveOperation{id=DefaultOperationId{id=write, type=COMMAND}, value=byte[]{length=17, hash=-1644578928}}}}
22:45:44.130 [raft-server-3] TRACE i.a.p.raft.roles.FollowerRole - RaftServer{3}{role=FOLLOWER} - Sending AppendResponse{status=OK, term=1, succeeded=true, lastLogIndex=27}
22:45:44.130 [raft-server-1] TRACE i.a.p.raft.roles.LeaderAppender - RaftServer{1} - Received AppendResponse{status=OK, term=1, succeeded=true, lastLogIndex=27} from 3
22:45:44.131 [raft-server-1] TRACE i.a.p.raft.roles.LeaderAppender - RaftServer{1} - Committed entries up to 27
22:45:44.233 [raft-server-2] TRACE i.a.p.raft.roles.FollowerRole - RaftServer{2}{role=FOLLOWER} - Committed entries up to index 26
22:45:44.233 [raft-server-2] TRACE i.a.p.raft.roles.FollowerRole - RaftServer{2}{role=FOLLOWER} - Sending AppendResponse{status=OK, term=1, succeeded=true, lastLogIndex=26}
22:45:44.233 [raft-server-2-state] TRACE i.a.p.raft.impl.RaftServiceManager - RaftServer{2} - Applying Indexed{index=26, entry=CommandEntry{term=1, timestamp=2018-06-07 10:45:43,864, session=2, sequence=18, operation=PrimitiveOperation{id=DefaultOperationId{id=write, type=COMMAND}, value=byte[]{length=17, hash=-1644578928}}}}
22:45:44.233 [raft-server-2-state] TRACE i.a.p.s.impl.DefaultServiceExecutor - PrimitiveService{2}{type=io.atomix.protocols.raft.RaftTest$TestPrimitiveType@2fa5f551, name=raft-test} - Executing DefaultCommit{index=26, session=RaftSession{RaftServiceContext{server=2, type=io.atomix.protocols.raft.RaftTest$TestPrimitiveType@2fa5f551, name=raft-test, id=2}, session=2, timestamp=2018-06-07 10:45:43,864}, time=2018-06-07 10:45:43,864, operation=DefaultOperationId{id=write, type=COMMAND}, value=byte[]{length=17, hash=-1644578928}}
22:45:44.271 [raft-server-1] TRACE i.a.p.raft.roles.LeaderAppender - RaftServer{1} - Received AppendResponse{status=OK, term=1, succeeded=true, lastLogIndex=26} from 2
22:45:44.271 [raft-server-1] TRACE i.a.p.raft.roles.LeaderAppender - RaftServer{1} - Sending AppendRequest{term=1, leader=1, prevLogIndex=26, prevLogTerm=1, entries=1, commitIndex=27} to 2
22:45:44.272 [raft-server-1] TRACE i.a.p.raft.roles.LeaderAppender - RaftServer{1} - Sending AppendRequest{term=1, leader=1, prevLogIndex=27, prevLogTerm=1, entries=0, commitIndex=27} to 3
22:45:44.272 [raft-server-3] TRACE i.a.p.raft.roles.FollowerRole - RaftServer{3}{role=FOLLOWER} - Received AppendRequest{term=1, leader=1, prevLogIndex=27, prevLogTerm=1, entries=0, commitIndex=27}
22:45:44.272 [raft-server-2] TRACE i.a.p.raft.roles.FollowerRole - RaftServer{2}{role=FOLLOWER} - Received AppendRequest{term=1, leader=1, prevLogIndex=26, prevLogTerm=1, entries=1, commitIndex=27}
22:45:44.272 [raft-server-1-state] TRACE i.a.p.raft.impl.RaftServiceManager - RaftServer{1} - Applying Indexed{index=27, entry=CommandEntry{term=1, timestamp=2018-06-07 10:45:44,042, session=2, sequence=19, operation=PrimitiveOperation{id=DefaultOperationId{id=write, type=COMMAND}, value=byte[]{length=17, hash=-1644578928}}}}
22:45:44.272 [raft-server-1-state] TRACE i.a.p.s.impl.DefaultServiceExecutor - PrimitiveService{2}{type=io.atomix.protocols.raft.RaftTest$TestPrimitiveType@54705ce8, name=raft-test} - Executing DefaultCommit{index=27, session=RaftSession{RaftServiceContext{server=1, type=io.atomix.protocols.raft.RaftTest$TestPrimitiveType@54705ce8, name=raft-test, id=2}, session=2, timestamp=2018-06-07 10:45:44,042}, time=2018-06-07 10:45:44,042, operation=DefaultOperationId{id=write, type=COMMAND}, value=byte[]{length=17, hash=-1644578928}}
22:45:44.272 [raft-server-2] TRACE i.a.p.raft.roles.FollowerRole - RaftServer{2}{role=FOLLOWER} - Appended Indexed{index=27, entry=CommandEntry{term=1, timestamp=2018-06-07 10:45:44,042, session=2, sequence=19, operation=PrimitiveOperation{id=DefaultOperationId{id=write, type=COMMAND}, value=byte[]{length=17, hash=-1644578928}}}}
22:45:44.272 [raft-server-1-state] TRACE i.a.protocols.raft.roles.LeaderRole - RaftServer{1}{role=LEADER} - Sending CommandResponse{status=OK, index=27, eventIndex=2, result=byte[]{length=2, hash=1294}}
22:45:44.273 [raft-client-4d6eb0c5-808f-4bee-91ae-78c435ccd24a-5] TRACE i.a.p.r.p.impl.RaftProxyConnection - PartitionProxy{2}{type=io.atomix.protocols.raft.RaftTest$TestPrimitiveType@35bfa1bb, name=raft-test} - Received CommandResponse{status=OK, index=27, eventIndex=2, result=byte[]{length=2, hash=1294}} from 1
22:45:44.273 [raft-client-4d6eb0c5-808f-4bee-91ae-78c435ccd24a-5] TRACE i.a.p.r.p.impl.RaftProxySequencer - PartitionProxy{2}{type=io.atomix.protocols.raft.RaftTest$TestPrimitiveType@35bfa1bb, name=raft-test} - Completing response CommandResponse{status=OK, index=27, eventIndex=2, result=byte[]{length=2, hash=1294}}
22:45:44.273 [raft-client-4d6eb0c5-808f-4bee-91ae-78c435ccd24a-1] TRACE i.a.p.r.p.impl.RaftProxyConnection - PartitionProxy{2}{type=io.atomix.protocols.raft.RaftTest$TestPrimitiveType@35bfa1bb, name=raft-test} - Sending CommandRequest{session=2, sequence=20, operation=PrimitiveOperation{id=DefaultOperationId{id=write, type=COMMAND}, value=byte[]{length=17, hash=-1644578928}}} to 1
22:45:44.273 [raft-server-1] TRACE i.a.protocols.raft.roles.LeaderRole - RaftServer{1}{role=LEADER} - Received CommandRequest{session=2, sequence=20, operation=PrimitiveOperation{id=DefaultOperationId{id=write, type=COMMAND}, value=byte[]{length=17, hash=-1644578928}}}
22:45:44.274 [raft-server-1] TRACE i.a.protocols.raft.roles.LeaderRole - RaftServer{1}{role=LEADER} - Appended Indexed{index=28, entry=CommandEntry{term=1, timestamp=2018-06-07 10:45:44,274, session=2, sequence=20, operation=PrimitiveOperation{id=DefaultOperationId{id=write, type=COMMAND}, value=byte[]{length=17, hash=-1644578928}}}}
22:45:44.312 [raft-server-3] TRACE i.a.p.raft.roles.FollowerRole - RaftServer{3}{role=FOLLOWER} - Committed entries up to index 27
22:45:44.313 [raft-server-3] TRACE i.a.p.raft.roles.FollowerRole - RaftServer{3}{role=FOLLOWER} - Sending AppendResponse{status=OK, term=1, succeeded=true, lastLogIndex=27}
22:45:44.313 [raft-server-1] TRACE i.a.p.raft.roles.LeaderAppender - RaftServer{1} - Received AppendResponse{status=OK, term=1, succeeded=true, lastLogIndex=27} from 3
22:45:44.313 [raft-server-1] TRACE i.a.p.raft.roles.LeaderAppender - RaftServer{1} - Sending AppendRequest{term=1, leader=1, prevLogIndex=27, prevLogTerm=1, entries=1, commitIndex=27} to 3
22:45:44.313 [raft-server-3-state] TRACE i.a.p.raft.impl.RaftServiceManager - RaftServer{3} - Applying Indexed{index=27, entry=CommandEntry{term=1, timestamp=2018-06-07 10:45:44,042, session=2, sequence=19, operation=PrimitiveOperation{id=DefaultOperationId{id=write, type=COMMAND}, value=byte[]{length=17, hash=-1644578928}}}}
22:45:44.313 [raft-server-3] TRACE i.a.p.raft.roles.FollowerRole - RaftServer{3}{role=FOLLOWER} - Received AppendRequest{term=1, leader=1, prevLogIndex=27, prevLogTerm=1, entries=1, commitIndex=27}
22:45:44.313 [raft-server-3-state] TRACE i.a.p.s.impl.DefaultServiceExecutor - PrimitiveService{2}{type=io.atomix.protocols.raft.RaftTest$TestPrimitiveType@12cd62fc, name=raft-test} - Executing DefaultCommit{index=27, session=RaftSession{RaftServiceContext{server=3, type=io.atomix.protocols.raft.RaftTest$TestPrimitiveType@12cd62fc, name=raft-test, id=2}, session=2, timestamp=2018-06-07 10:45:44,042}, time=2018-06-07 10:45:44,042, operation=DefaultOperationId{id=write, type=COMMAND}, value=byte[]{length=17, hash=-1644578928}}
22:45:44.314 [raft-server-3] TRACE i.a.p.raft.roles.FollowerRole - RaftServer{3}{role=FOLLOWER} - Appended Indexed{index=28, entry=CommandEntry{term=1, timestamp=2018-06-07 10:45:44,274, session=2, sequence=20, operation=PrimitiveOperation{id=DefaultOperationId{id=write, type=COMMAND}, value=byte[]{length=17, hash=-1644578928}}}}
22:45:44.314 [raft-server-3] TRACE i.a.p.raft.roles.FollowerRole - RaftServer{3}{role=FOLLOWER} - Sending AppendResponse{status=OK, term=1, succeeded=true, lastLogIndex=28}
22:45:44.314 [raft-server-1] TRACE i.a.p.raft.roles.LeaderAppender - RaftServer{1} - Received AppendResponse{status=OK, term=1, succeeded=true, lastLogIndex=28} from 3
22:45:44.314 [raft-server-1] TRACE i.a.p.raft.roles.LeaderAppender - RaftServer{1} - Committed entries up to 28
22:45:44.354 [raft-server-2] TRACE i.a.p.raft.roles.FollowerRole - RaftServer{2}{role=FOLLOWER} - Committed entries up to index 27
22:45:44.354 [raft-server-2] TRACE i.a.p.raft.roles.FollowerRole - RaftServer{2}{role=FOLLOWER} - Sending AppendResponse{status=OK, term=1, succeeded=true, lastLogIndex=27}
22:45:44.354 [raft-server-2-state] TRACE i.a.p.raft.impl.RaftServiceManager - RaftServer{2} - Applying Indexed{index=27, entry=CommandEntry{term=1, timestamp=2018-06-07 10:45:44,042, session=2, sequence=19, operation=PrimitiveOperation{id=DefaultOperationId{id=write, type=COMMAND}, value=byte[]{length=17, hash=-1644578928}}}}
22:45:44.355 [raft-server-2-state] TRACE i.a.p.s.impl.DefaultServiceExecutor - PrimitiveService{2}{type=io.atomix.protocols.raft.RaftTest$TestPrimitiveType@2fa5f551, name=raft-test} - Executing DefaultCommit{index=27, session=RaftSession{RaftServiceContext{server=2, type=io.atomix.protocols.raft.RaftTest$TestPrimitiveType@2fa5f551, name=raft-test, id=2}, session=2, timestamp=2018-06-07 10:45:44,042}, time=2018-06-07 10:45:44,042, operation=DefaultOperationId{id=write, type=COMMAND}, value=byte[]{length=17, hash=-1644578928}}
22:45:44.454 [raft-server-1] DEBUG i.a.p.raft.impl.RaftServiceManager - RaftServer{1} - Snapshotting services
22:45:44.456 [raft-server-1-state] DEBUG i.a.p.r.s.snapshot.SnapshotStore - Created memory snapshot: MemorySnapshot{index=27}
22:45:44.456 [raft-server-1] TRACE i.a.p.raft.roles.LeaderAppender - RaftServer{1} - Received AppendResponse{status=OK, term=1, succeeded=true, lastLogIndex=27} from 2
22:45:44.456 [raft-server-1-state] TRACE i.a.utils.serializer.KryoNamespace - Creating Kryo instance for KryoNamespace{registeredBlocks=[RegistrationBlock{begin=16, types=[([Ljava.lang.Class;@6b321262,null), ([Ljava.lang.Class;@68b11545,null), ([Ljava.lang.Class;@7d0100ea,null), ([Ljava.lang.Class;@357bc488,null), ([Ljava.lang.Class;@4ea17147,io.atomix.utils.serializer.serializers.ImmutableListSerializer@2eda4eeb), ([Ljava.lang.Class;@5ba90d8a,io.atomix.utils.serializer.serializers.ImmutableSetSerializer@309dcdf3), ([Ljava.lang.Class;@7573b9ee,io.atomix.utils.serializer.serializers.ImmutableMapSerializer@9a20cbd), ([Ljava.lang.Class;@1af4955e,null), ([Ljava.lang.Class;@445821a6,null), ([Ljava.lang.Class;@2c0c4c0a,null), ([Ljava.lang.Class;@35d26ad2,null), ([Ljava.lang.Class;@bb25753,null), ([Ljava.lang.Class;@ee21292,null), ([Ljava.lang.Class;@40c06358,null), ([Ljava.lang.Class;@66e21568,null), ([Ljava.lang.Class;@7f73ce28,null), ([Ljava.lang.Class;@611b35d6,null), ([Ljava.lang.Class;@2282400e,null), ([Ljava.lang.Class;@543d5863,null), ([Ljava.lang.Class;@35dece42,null), ([Ljava.lang.Class;@dd3f8aa,io.atomix.utils.serializer.serializers.ArraysAsListSerializer@3d615b2e), ([Ljava.lang.Class;@3a1f2a1,null), ([Ljava.lang.Class;@40ce9049,null), ([Ljava.lang.Class;@52ca2652,null), ([Ljava.lang.Class;@65c5bf0e,null), ([Ljava.lang.Class;@697d6ded,null), ([Ljava.lang.Class;@5d05f453,null), ([Ljava.lang.Class;@5efeb117,null), ([Ljava.lang.Class;@160b4809,null), ([Ljava.lang.Class;@149b4d20,null), ([Ljava.lang.Class;@664e848c,null), ([Ljava.lang.Class;@4d93f75b,null), ([Ljava.lang.Class;@114a5e0,null), ([Ljava.lang.Class;@4f281aaf,null), ([Ljava.lang.Class;@5d508d22,null), ([Ljava.lang.Class;@f2b90fc,null)]}, RegistrationBlock{begin=52, types=[([Ljava.lang.Class;@345fa3a7,null)]}]}
22:45:44.456 [raft-server-1] TRACE i.a.p.raft.roles.LeaderAppender - RaftServer{1} - Sending AppendRequest{term=1, leader=1, prevLogIndex=27, prevLogTerm=1, entries=1, commitIndex=28} to 2
22:45:44.456 [raft-server-2] TRACE i.a.p.raft.roles.FollowerRole - RaftServer{2}{role=FOLLOWER} - Received AppendRequest{term=1, leader=1, prevLogIndex=27, prevLogTerm=1, entries=1, commitIndex=28}
22:45:44.457 [raft-server-1-state] TRACE i.a.utils.serializer.KryoNamespace - class [B registered as 16
22:45:44.457 [raft-server-1-state] TRACE i.a.utils.serializer.KryoNamespace - class java.util.concurrent.atomic.AtomicBoolean registered as 17
22:45:44.457 [raft-server-1-state] TRACE i.a.utils.serializer.KryoNamespace - class java.util.concurrent.atomic.AtomicInteger registered as 18
22:45:44.457 [raft-server-2] TRACE i.a.p.raft.roles.FollowerRole - RaftServer{2}{role=FOLLOWER} - Appended Indexed{index=28, entry=CommandEntry{term=1, timestamp=2018-06-07 10:45:44,274, session=2, sequence=20, operation=PrimitiveOperation{id=DefaultOperationId{id=write, type=COMMAND}, value=byte[]{length=17, hash=-1644578928}}}}
22:45:44.457 [raft-server-1-state] TRACE i.a.utils.serializer.KryoNamespace - class java.util.concurrent.atomic.AtomicLong registered as 19
22:45:44.457 [raft-server-1-state] TRACE i.a.utils.serializer.KryoNamespace - class com.google.common.collect.ImmutableList registered as 20
22:45:44.457 [raft-server-1-state] TRACE i.a.utils.serializer.KryoNamespace - class com.google.common.collect.RegularImmutableList registered as 20
22:45:44.457 [raft-server-1-state] TRACE i.a.utils.serializer.KryoNamespace - class com.google.common.collect.RegularImmutableList registered as 20
22:45:44.457 [raft-server-1-state] TRACE i.a.utils.serializer.KryoNamespace - class com.google.common.collect.ImmutableList$SubList registered as 20
22:45:44.457 [raft-server-1-state] TRACE i.a.utils.serializer.KryoNamespace - class com.google.common.collect.ImmutableSet registered as 21
22:45:44.457 [raft-server-1-state] TRACE i.a.utils.serializer.KryoNamespace - class com.google.common.collect.RegularImmutableSet registered as 21
22:45:44.457 [raft-server-1-state] TRACE i.a.utils.serializer.KryoNamespace - class com.google.common.collect.SingletonImmutableSet registered as 21
22:45:44.457 [raft-server-1-state] TRACE i.a.utils.serializer.KryoNamespace - class com.google.common.collect.RegularImmutableSet registered as 21
22:45:44.457 [raft-server-1-state] TRACE i.a.utils.serializer.KryoNamespace - class com.google.common.collect.ImmutableMap registered as 22
22:45:44.457 [raft-server-1-state] TRACE i.a.utils.serializer.KryoNamespace - class com.google.common.collect.RegularImmutableMap registered as 22
22:45:44.457 [raft-server-1-state] TRACE i.a.utils.serializer.KryoNamespace - class com.google.common.collect.RegularImmutableMap registered as 22
22:45:44.457 [raft-server-1-state] TRACE i.a.utils.serializer.KryoNamespace - class com.google.common.collect.RegularImmutableMap registered as 22
22:45:44.457 [raft-server-1-state] TRACE i.a.utils.serializer.KryoNamespace - class java.util.Collections$UnmodifiableSet registered as 23
22:45:44.457 [raft-server-1-state] TRACE i.a.utils.serializer.KryoNamespace - class java.util.HashMap registered as 24
22:45:44.457 [raft-server-1-state] TRACE i.a.utils.serializer.KryoNamespace - class java.util.concurrent.ConcurrentHashMap registered as 25
22:45:44.458 [raft-server-1-state] TRACE i.a.utils.serializer.KryoNamespace - class java.util.concurrent.CopyOnWriteArraySet registered as 26
22:45:44.458 [raft-server-1-state] TRACE i.a.utils.serializer.KryoNamespace - class java.util.ArrayList registered as 27
22:45:44.458 [raft-server-1-state] TRACE i.a.utils.serializer.KryoNamespace - class java.util.LinkedList registered as 28
22:45:44.458 [raft-server-1-state] TRACE i.a.utils.serializer.KryoNamespace - class java.util.HashSet registered as 29
22:45:44.458 [raft-server-1-state] TRACE i.a.utils.serializer.KryoNamespace - class java.util.LinkedHashSet registered as 30
22:45:44.458 [raft-server-1-state] TRACE i.a.utils.serializer.KryoNamespace - class com.sun.jmx.remote.internal.ArrayQueue registered as 31
22:45:44.458 [raft-server-1-state] TRACE i.a.utils.serializer.KryoNamespace - class java.util.ArrayDeque registered as 32
22:45:44.458 [raft-server-1-state] TRACE i.a.utils.serializer.KryoNamespace - class com.google.common.collect.HashMultiset registered as 33
22:45:44.458 [raft-server-1-state] TRACE i.a.utils.serializer.KryoNamespace - class com.google.common.collect.Sets registered as 34
22:45:44.458 [raft-server-1-state] TRACE i.a.utils.serializer.KryoNamespace - class com.google.common.collect.ImmutableEntry registered as 35
22:45:44.458 [raft-server-1-state] TRACE i.a.utils.serializer.KryoNamespace - class java.util.Arrays$ArrayList registered as 36
22:45:44.458 [raft-server-1-state] TRACE i.a.utils.serializer.KryoNamespace - class java.util.Collections$SingletonList registered as 37
22:45:44.458 [raft-server-1-state] TRACE i.a.utils.serializer.KryoNamespace - class java.time.Duration registered as 38
22:45:44.458 [raft-server-1-state] TRACE i.a.utils.serializer.KryoNamespace - class java.util.Collections$EmptySet registered as 39
22:45:44.458 [raft-server-1-state] TRACE i.a.utils.serializer.KryoNamespace - class java.util.Optional registered as 40
22:45:44.458 [raft-server-1-state] TRACE i.a.utils.serializer.KryoNamespace - class java.util.Collections$EmptyList registered as 41
22:45:44.459 [raft-server-1-state] TRACE i.a.utils.serializer.KryoNamespace - class java.util.Collections$SingletonSet registered as 42
22:45:44.459 [raft-server-1-state] TRACE i.a.utils.serializer.KryoNamespace - class [I registered as 43
22:45:44.459 [raft-server-1-state] TRACE i.a.utils.serializer.KryoNamespace - class [J registered as 44
22:45:44.459 [raft-server-1-state] TRACE i.a.utils.serializer.KryoNamespace - class [S registered as 45
22:45:44.459 [raft-server-1-state] TRACE i.a.utils.serializer.KryoNamespace - class [D registered as 46
22:45:44.459 [raft-server-1-state] TRACE i.a.utils.serializer.KryoNamespace - class [F registered as 47
22:45:44.459 [raft-server-1-state] TRACE i.a.utils.serializer.KryoNamespace - class [C registered as 48
22:45:44.459 [raft-server-1-state] TRACE i.a.utils.serializer.KryoNamespace - class [Ljava.lang.String; registered as 49
22:45:44.459 [raft-server-1-state] TRACE i.a.utils.serializer.KryoNamespace - class [Z registered as 50
22:45:44.459 [raft-server-1-state] TRACE i.a.utils.serializer.KryoNamespace - class [Ljava.lang.Object; registered as 51
22:45:44.459 [raft-server-1-state] TRACE i.a.utils.serializer.KryoNamespace - class io.atomix.primitive.service.ServiceConfig registered as 52
22:45:44.459 [raft-server-1-state] DEBUG i.a.p.r.service.RaftServiceContext - PrimitiveService{2}{type=io.atomix.protocols.raft.RaftTest$TestPrimitiveType@54705ce8, name=raft-test} - Taking snapshot 27
22:45:44.460 [raft-server-1-state] TRACE i.a.utils.serializer.KryoNamespace - Creating Kryo instance for KryoNamespace{registeredBlocks=[RegistrationBlock{begin=16, types=[([Ljava.lang.Class;@6b321262,null), ([Ljava.lang.Class;@68b11545,null), ([Ljava.lang.Class;@7d0100ea,null), ([Ljava.lang.Class;@357bc488,null), ([Ljava.lang.Class;@4ea17147,io.atomix.utils.serializer.serializers.ImmutableListSerializer@2eda4eeb), ([Ljava.lang.Class;@5ba90d8a,io.atomix.utils.serializer.serializers.ImmutableSetSerializer@309dcdf3), ([Ljava.lang.Class;@7573b9ee,io.atomix.utils.serializer.serializers.ImmutableMapSerializer@9a20cbd), ([Ljava.lang.Class;@1af4955e,null), ([Ljava.lang.Class;@445821a6,null), ([Ljava.lang.Class;@2c0c4c0a,null), ([Ljava.lang.Class;@35d26ad2,null), ([Ljava.lang.Class;@bb25753,null), ([Ljava.lang.Class;@ee21292,null), ([Ljava.lang.Class;@40c06358,null), ([Ljava.lang.Class;@66e21568,null), ([Ljava.lang.Class;@7f73ce28,null), ([Ljava.lang.Class;@611b35d6,null), ([Ljava.lang.Class;@2282400e,null), ([Ljava.lang.Class;@543d5863,null), ([Ljava.lang.Class;@35dece42,null), ([Ljava.lang.Class;@dd3f8aa,io.atomix.utils.serializer.serializers.ArraysAsListSerializer@3d615b2e), ([Ljava.lang.Class;@3a1f2a1,null), ([Ljava.lang.Class;@40ce9049,null), ([Ljava.lang.Class;@52ca2652,null), ([Ljava.lang.Class;@65c5bf0e,null), ([Ljava.lang.Class;@697d6ded,null), ([Ljava.lang.Class;@5d05f453,null), ([Ljava.lang.Class;@5efeb117,null), ([Ljava.lang.Class;@160b4809,null), ([Ljava.lang.Class;@149b4d20,null), ([Ljava.lang.Class;@664e848c,null), ([Ljava.lang.Class;@4d93f75b,null), ([Ljava.lang.Class;@114a5e0,null), ([Ljava.lang.Class;@4f281aaf,null), ([Ljava.lang.Class;@5d508d22,null), ([Ljava.lang.Class;@f2b90fc,null)]}, RegistrationBlock{begin=52, types=[([Ljava.lang.Class;@6ab72aac,null)]}]}
22:45:44.461 [raft-server-1-state] TRACE i.a.utils.serializer.KryoNamespace - class [B registered as 16
22:45:44.461 [raft-server-1-state] TRACE i.a.utils.serializer.KryoNamespace - class java.util.concurrent.atomic.AtomicBoolean registered as 17
22:45:44.461 [raft-server-1-state] TRACE i.a.utils.serializer.KryoNamespace - class java.util.concurrent.atomic.AtomicInteger registered as 18
22:45:44.461 [raft-server-1-state] TRACE i.a.utils.serializer.KryoNamespace - class java.util.concurrent.atomic.AtomicLong registered as 19
22:45:44.461 [raft-server-1-state] TRACE i.a.utils.serializer.KryoNamespace - class com.google.common.collect.ImmutableList registered as 20
22:45:44.461 [raft-server-1-state] TRACE i.a.utils.serializer.KryoNamespace - class com.google.common.collect.RegularImmutableList registered as 20
22:45:44.461 [raft-server-1-state] TRACE i.a.utils.serializer.KryoNamespace - class com.google.common.collect.RegularImmutableList registered as 20
22:45:44.461 [raft-server-1-state] TRACE i.a.utils.serializer.KryoNamespace - class com.google.common.collect.ImmutableList$SubList registered as 20
22:45:44.461 [raft-server-1-state] TRACE i.a.utils.serializer.KryoNamespace - class com.google.common.collect.ImmutableSet registered as 21
22:45:44.461 [raft-server-1-state] TRACE i.a.utils.serializer.KryoNamespace - class com.google.common.collect.RegularImmutableSet registered as 21
22:45:44.461 [raft-server-1-state] TRACE i.a.utils.serializer.KryoNamespace - class com.google.common.collect.SingletonImmutableSet registered as 21
22:45:44.461 [raft-server-1-state] TRACE i.a.utils.serializer.KryoNamespace - class com.google.common.collect.RegularImmutableSet registered as 21
22:45:44.461 [raft-server-1-state] TRACE i.a.utils.serializer.KryoNamespace - class com.google.common.collect.ImmutableMap registered as 22
22:45:44.461 [raft-server-1-state] TRACE i.a.utils.serializer.KryoNamespace - class com.google.common.collect.RegularImmutableMap registered as 22
22:45:44.461 [raft-server-1-state] TRACE i.a.utils.serializer.KryoNamespace - class com.google.common.collect.RegularImmutableMap registered as 22
22:45:44.461 [raft-server-1-state] TRACE i.a.utils.serializer.KryoNamespace - class com.google.common.collect.RegularImmutableMap registered as 22
22:45:44.461 [raft-server-1-state] TRACE i.a.utils.serializer.KryoNamespace - class java.util.Collections$UnmodifiableSet registered as 23
22:45:44.461 [raft-server-1-state] TRACE i.a.utils.serializer.KryoNamespace - class java.util.HashMap registered as 24
22:45:44.461 [raft-server-1-state] TRACE i.a.utils.serializer.KryoNamespace - class java.util.concurrent.ConcurrentHashMap registered as 25
22:45:44.462 [raft-server-1-state] TRACE i.a.utils.serializer.KryoNamespace - class java.util.concurrent.CopyOnWriteArraySet registered as 26
22:45:44.462 [raft-server-1-state] TRACE i.a.utils.serializer.KryoNamespace - class java.util.ArrayList registered as 27
22:45:44.462 [raft-server-1-state] TRACE i.a.utils.serializer.KryoNamespace - class java.util.LinkedList registered as 28
22:45:44.462 [raft-server-1-state] TRACE i.a.utils.serializer.KryoNamespace - class java.util.HashSet registered as 29
22:45:44.462 [raft-server-1-state] TRACE i.a.utils.serializer.KryoNamespace - class java.util.LinkedHashSet registered as 30
22:45:44.462 [raft-server-1-state] TRACE i.a.utils.serializer.KryoNamespace - class com.sun.jmx.remote.internal.ArrayQueue registered as 31
22:45:44.462 [raft-server-1-state] TRACE i.a.utils.serializer.KryoNamespace - class java.util.ArrayDeque registered as 32
22:45:44.462 [raft-server-1-state] TRACE i.a.utils.serializer.KryoNamespace - class com.google.common.collect.HashMultiset registered as 33
22:45:44.462 [raft-server-1-state] TRACE i.a.utils.serializer.KryoNamespace - class com.google.common.collect.Sets registered as 34
22:45:44.462 [raft-server-1-state] TRACE i.a.utils.serializer.KryoNamespace - class com.google.common.collect.ImmutableEntry registered as 35
22:45:44.462 [raft-server-1-state] TRACE i.a.utils.serializer.KryoNamespace - class java.util.Arrays$ArrayList registered as 36
22:45:44.462 [raft-server-1-state] TRACE i.a.utils.serializer.KryoNamespace - class java.util.Collections$SingletonList registered as 37
22:45:44.462 [raft-server-1-state] TRACE i.a.utils.serializer.KryoNamespace - class java.time.Duration registered as 38
22:45:44.462 [raft-server-1-state] TRACE i.a.utils.serializer.KryoNamespace - class java.util.Collections$EmptySet registered as 39
22:45:44.462 [raft-server-1-state] TRACE i.a.utils.serializer.KryoNamespace - class java.util.Optional registered as 40
22:45:44.463 [raft-server-1-state] TRACE i.a.utils.serializer.KryoNamespace - class java.util.Collections$EmptyList registered as 41
22:45:44.463 [raft-server-1-state] TRACE i.a.utils.serializer.KryoNamespace - class java.util.Collections$SingletonSet registered as 42
22:45:44.463 [raft-server-1-state] TRACE i.a.utils.serializer.KryoNamespace - class [I registered as 43
22:45:44.463 [raft-server-1-state] TRACE i.a.utils.serializer.KryoNamespace - class [J registered as 44
22:45:44.463 [raft-server-1-state] TRACE i.a.utils.serializer.KryoNamespace - class [S registered as 45
22:45:44.463 [raft-server-1-state] TRACE i.a.utils.serializer.KryoNamespace - class [D registered as 46
22:45:44.463 [raft-server-1-state] TRACE i.a.utils.serializer.KryoNamespace - class [F registered as 47
22:45:44.463 [raft-server-1-state] TRACE i.a.utils.serializer.KryoNamespace - class [C registered as 48
22:45:44.463 [raft-server-1-state] TRACE i.a.utils.serializer.KryoNamespace - class [Ljava.lang.String; registered as 49
22:45:44.463 [raft-server-1-state] TRACE i.a.utils.serializer.KryoNamespace - class [Z registered as 50
22:45:44.463 [raft-server-1-state] TRACE i.a.utils.serializer.KryoNamespace - class [Ljava.lang.Object; registered as 51
22:45:44.463 [raft-server-1-state] TRACE i.a.utils.serializer.KryoNamespace - class io.atomix.primitive.service.ServiceConfig registered as 52
22:45:44.463 [raft-server-1-state] TRACE i.a.p.raft.impl.RaftServiceManager - RaftServer{1} - Applying Indexed{index=28, entry=CommandEntry{term=1, timestamp=2018-06-07 10:45:44,274, session=2, sequence=20, operation=PrimitiveOperation{id=DefaultOperationId{id=write, type=COMMAND}, value=byte[]{length=17, hash=-1644578928}}}}
22:45:44.464 [raft-server-1-compaction] DEBUG i.a.p.r.s.snapshot.SnapshotStore - Created disk snapshot: FileSnapshot{index=27}
22:45:44.464 [raft-server-1-state] TRACE i.a.p.s.impl.DefaultServiceExecutor - PrimitiveService{2}{type=io.atomix.protocols.raft.RaftTest$TestPrimitiveType@54705ce8, name=raft-test} - Executing DefaultCommit{index=28, session=RaftSession{RaftServiceContext{server=1, type=io.atomix.protocols.raft.RaftTest$TestPrimitiveType@54705ce8, name=raft-test, id=2}, session=2, timestamp=2018-06-07 10:45:44,274}, time=2018-06-07 10:45:44,274, operation=DefaultOperationId{id=write, type=COMMAND}, value=byte[]{length=17, hash=-1644578928}}
22:45:44.464 [raft-server-1-state] TRACE i.a.protocols.raft.roles.LeaderRole - RaftServer{1}{role=LEADER} - Sending CommandResponse{status=OK, index=28, eventIndex=2, result=byte[]{length=2, hash=1296}}
22:45:44.464 [raft-client-4d6eb0c5-808f-4bee-91ae-78c435ccd24a-2] TRACE i.a.p.r.p.impl.RaftProxyConnection - PartitionProxy{2}{type=io.atomix.protocols.raft.RaftTest$TestPrimitiveType@35bfa1bb, name=raft-test} - Received CommandResponse{status=OK, index=28, eventIndex=2, result=byte[]{length=2, hash=1296}} from 1
22:45:44.464 [raft-client-4d6eb0c5-808f-4bee-91ae-78c435ccd24a-2] TRACE i.a.p.r.p.impl.RaftProxySequencer - PartitionProxy{2}{type=io.atomix.protocols.raft.RaftTest$TestPrimitiveType@35bfa1bb, name=raft-test} - Completing response CommandResponse{status=OK, index=28, eventIndex=2, result=byte[]{length=2, hash=1296}}
22:45:44.465 [raft-client-4d6eb0c5-808f-4bee-91ae-78c435ccd24a-2] TRACE i.a.p.r.p.impl.RaftProxyConnection - PartitionProxy{2}{type=io.atomix.protocols.raft.RaftTest$TestPrimitiveType@35bfa1bb, name=raft-test} - Sending CommandRequest{session=2, sequence=21, operation=PrimitiveOperation{id=DefaultOperationId{id=write, type=COMMAND}, value=byte[]{length=17, hash=-1644578928}}} to 1
22:45:44.465 [raft-server-1] TRACE i.a.protocols.raft.roles.LeaderRole - RaftServer{1}{role=LEADER} - Received CommandRequest{session=2, sequence=21, operation=PrimitiveOperation{id=DefaultOperationId{id=write, type=COMMAND}, value=byte[]{length=17, hash=-1644578928}}}
22:45:44.465 [raft-server-1] TRACE i.a.protocols.raft.roles.LeaderRole - RaftServer{1}{role=LEADER} - Appended Indexed{index=29, entry=CommandEntry{term=1, timestamp=2018-06-07 10:45:44,465, session=2, sequence=21, operation=PrimitiveOperation{id=DefaultOperationId{id=write, type=COMMAND}, value=byte[]{length=17, hash=-1644578928}}}}
22:45:44.465 [raft-server-1] TRACE i.a.p.raft.roles.LeaderAppender - RaftServer{1} - Sending AppendRequest{term=1, leader=1, prevLogIndex=28, prevLogTerm=1, entries=1, commitIndex=28} to 3
22:45:44.465 [raft-server-3] TRACE i.a.p.raft.roles.FollowerRole - RaftServer{3}{role=FOLLOWER} - Received AppendRequest{term=1, leader=1, prevLogIndex=28, prevLogTerm=1, entries=1, commitIndex=28}
22:45:44.465 [raft-server-3] TRACE i.a.p.raft.roles.FollowerRole - RaftServer{3}{role=FOLLOWER} - Appended Indexed{index=29, entry=CommandEntry{term=1, timestamp=2018-06-07 10:45:44,465, session=2, sequence=21, operation=PrimitiveOperation{id=DefaultOperationId{id=write, type=COMMAND}, value=byte[]{length=17, hash=-1644578928}}}}
22:45:44.741 [raft-server-1] TRACE i.a.p.raft.roles.LeaderAppender - RaftServer{1} - Sending AppendRequest{term=1, leader=1, prevLogIndex=28, prevLogTerm=1, entries=1, commitIndex=28} to 2
22:45:45.428 [raft-client-4d6eb0c5-808f-4bee-91ae-78c435ccd24a-0] TRACE i.a.p.r.proxy.impl.RaftProxyManager - RaftClient{4d6eb0c5-808f-4bee-91ae-78c435ccd24a} - Keeping 1 sessions alive
22:45:45.428 [raft-client-4d6eb0c5-808f-4bee-91ae-78c435ccd24a-0] TRACE i.a.p.r.p.impl.RaftProxyConnection - RaftClient{4d6eb0c5-808f-4bee-91ae-78c435ccd24a} - Sending KeepAliveRequest{sessionIds=long[]{length=1, hash=33}, commandSequences=long[]{length=1, hash=51}, eventIndexes=long[]{length=1, hash=33}} to 2
22:45:45.457 [raft-server-1] DEBUG i.a.p.raft.roles.LeaderAppender - RaftServer{1} - AppendRequest{term=1, leader=1, prevLogIndex=27, prevLogTerm=1, entries=1, commitIndex=28} to 2 failed: java.util.concurrent.TimeoutException
22:45:45.465 [raft-server-1] DEBUG i.a.p.raft.roles.LeaderAppender - RaftServer{1} - AppendRequest{term=1, leader=1, prevLogIndex=28, prevLogTerm=1, entries=1, commitIndex=28} to 3 failed: java.util.concurrent.TimeoutException
22:45:45.466 [raft-client-4d6eb0c5-808f-4bee-91ae-78c435ccd24a-4] DEBUG i.a.p.r.p.impl.RaftProxyConnection - PartitionProxy{2}{type=io.atomix.protocols.raft.RaftTest$TestPrimitiveType@35bfa1bb, name=raft-test} - CommandRequest{session=2, sequence=21, operation=PrimitiveOperation{id=DefaultOperationId{id=write, type=COMMAND}, value=byte[]{length=17, hash=-1644578928}}} failed! Reason: {}
java.util.concurrent.TimeoutException: null
	at io.atomix.protocols.raft.protocol.TestRaftProtocol.lambda$scheduleTimeout$0(TestRaftProtocol.java:48) ~[test-classes/:na]
	at java.util.concurrent.Executors$RunnableAdapter.call(Executors.java:511) ~[na:1.8.0_121]
	at java.util.concurrent.FutureTask.run(FutureTask.java:266) ~[na:1.8.0_121]
	at java.util.concurrent.ScheduledThreadPoolExecutor$ScheduledFutureTask.access$201(ScheduledThreadPoolExecutor.java:180) ~[na:1.8.0_121]
	at java.util.concurrent.ScheduledThreadPoolExecutor$ScheduledFutureTask.run(ScheduledThreadPoolExecutor.java:293) ~[na:1.8.0_121]
	at java.util.concurrent.ThreadPoolExecutor.runWorker(ThreadPoolExecutor.java:1142) ~[na:1.8.0_121]
	at java.util.concurrent.ThreadPoolExecutor$Worker.run(ThreadPoolExecutor.java:617) ~[na:1.8.0_121]
	at java.lang.Thread.run(Thread.java:745) ~[na:1.8.0_121]
22:45:45.466 [raft-client-4d6eb0c5-808f-4bee-91ae-78c435ccd24a-4] TRACE i.a.p.r.p.impl.RaftProxyConnection - PartitionProxy{2}{type=io.atomix.protocols.raft.RaftTest$TestPrimitiveType@35bfa1bb, name=raft-test} - Resetting connection. Reason: null
22:45:45.466 [raft-client-4d6eb0c5-808f-4bee-91ae-78c435ccd24a-4] TRACE i.a.p.r.p.impl.RaftProxyConnection - PartitionProxy{2}{type=io.atomix.protocols.raft.RaftTest$TestPrimitiveType@35bfa1bb, name=raft-test} - Sending CommandRequest{session=2, sequence=21, operation=PrimitiveOperation{id=DefaultOperationId{id=write, type=COMMAND}, value=byte[]{length=17, hash=-1644578928}}} to 1
22:45:45.466 [raft-server-1] TRACE i.a.protocols.raft.roles.LeaderRole - RaftServer{1}{role=LEADER} - Received CommandRequest{session=2, sequence=21, operation=PrimitiveOperation{id=DefaultOperationId{id=write, type=COMMAND}, value=byte[]{length=17, hash=-1644578928}}}
22:45:45.466 [raft-server-1] TRACE i.a.protocols.raft.roles.LeaderRole - RaftServer{1}{role=LEADER} - Appended Indexed{index=30, entry=CommandEntry{term=1, timestamp=2018-06-07 10:45:45,466, session=2, sequence=21, operation=PrimitiveOperation{id=DefaultOperationId{id=write, type=COMMAND}, value=byte[]{length=17, hash=-1644578928}}}}
22:45:45.466 [raft-server-1] TRACE i.a.p.raft.roles.LeaderAppender - RaftServer{1} - Sending AppendRequest{term=1, leader=1, prevLogIndex=29, prevLogTerm=1, entries=0, commitIndex=28} to 3
22:45:45.741 [raft-server-1] DEBUG i.a.p.raft.roles.LeaderAppender - RaftServer{1} - AppendRequest{term=1, leader=1, prevLogIndex=28, prevLogTerm=1, entries=1, commitIndex=28} to 2 failed: java.util.concurrent.TimeoutException
22:45:45.990 [raft-server-1] TRACE i.a.p.raft.roles.LeaderAppender - RaftServer{1} - Sending AppendRequest{term=1, leader=1, prevLogIndex=29, prevLogTerm=1, entries=0, commitIndex=28} to 2
22:45:46.187 [raft-server-2] TRACE i.a.p.raft.roles.FollowerRole - RaftServer{2}{role=FOLLOWER} - Committed entries up to index 28
22:45:46.187 [raft-server-2] TRACE i.a.p.raft.roles.FollowerRole - RaftServer{2}{role=FOLLOWER} - Sending AppendResponse{status=OK, term=1, succeeded=true, lastLogIndex=28}
22:45:46.188 [raft-server-2] DEBUG i.a.p.raft.impl.RaftServiceManager - RaftServer{2} - Snapshotting services
22:45:46.188 [raft-server-2] TRACE i.a.p.raft.roles.FollowerRole - RaftServer{2}{role=FOLLOWER} - Received AppendRequest{term=1, leader=1, prevLogIndex=28, prevLogTerm=1, entries=1, commitIndex=28}
22:45:46.188 [raft-server-2-state] DEBUG i.a.p.r.s.snapshot.SnapshotStore - Created memory snapshot: MemorySnapshot{index=27}
22:45:46.188 [raft-server-2-state] TRACE i.a.utils.serializer.KryoNamespace - Creating Kryo instance for KryoNamespace{registeredBlocks=[RegistrationBlock{begin=16, types=[([Ljava.lang.Class;@6b321262,null), ([Ljava.lang.Class;@68b11545,null), ([Ljava.lang.Class;@7d0100ea,null), ([Ljava.lang.Class;@357bc488,null), ([Ljava.lang.Class;@4ea17147,io.atomix.utils.serializer.serializers.ImmutableListSerializer@2eda4eeb), ([Ljava.lang.Class;@5ba90d8a,io.atomix.utils.serializer.serializers.ImmutableSetSerializer@309dcdf3), ([Ljava.lang.Class;@7573b9ee,io.atomix.utils.serializer.serializers.ImmutableMapSerializer@9a20cbd), ([Ljava.lang.Class;@1af4955e,null), ([Ljava.lang.Class;@445821a6,null), ([Ljava.lang.Class;@2c0c4c0a,null), ([Ljava.lang.Class;@35d26ad2,null), ([Ljava.lang.Class;@bb25753,null), ([Ljava.lang.Class;@ee21292,null), ([Ljava.lang.Class;@40c06358,null), ([Ljava.lang.Class;@66e21568,null), ([Ljava.lang.Class;@7f73ce28,null), ([Ljava.lang.Class;@611b35d6,null), ([Ljava.lang.Class;@2282400e,null), ([Ljava.lang.Class;@543d5863,null), ([Ljava.lang.Class;@35dece42,null), ([Ljava.lang.Class;@dd3f8aa,io.atomix.utils.serializer.serializers.ArraysAsListSerializer@3d615b2e), ([Ljava.lang.Class;@3a1f2a1,null), ([Ljava.lang.Class;@40ce9049,null), ([Ljava.lang.Class;@52ca2652,null), ([Ljava.lang.Class;@65c5bf0e,null), ([Ljava.lang.Class;@697d6ded,null), ([Ljava.lang.Class;@5d05f453,null), ([Ljava.lang.Class;@5efeb117,null), ([Ljava.lang.Class;@160b4809,null), ([Ljava.lang.Class;@149b4d20,null), ([Ljava.lang.Class;@664e848c,null), ([Ljava.lang.Class;@4d93f75b,null), ([Ljava.lang.Class;@114a5e0,null), ([Ljava.lang.Class;@4f281aaf,null), ([Ljava.lang.Class;@5d508d22,null), ([Ljava.lang.Class;@f2b90fc,null)]}, RegistrationBlock{begin=52, types=[([Ljava.lang.Class;@4f8561c2,null)]}]}
22:45:46.188 [raft-server-2] TRACE i.a.p.raft.roles.FollowerRole - RaftServer{2}{role=FOLLOWER} - Appended Indexed{index=29, entry=CommandEntry{term=1, timestamp=2018-06-07 10:45:44,465, session=2, sequence=21, operation=PrimitiveOperation{id=DefaultOperationId{id=write, type=COMMAND}, value=byte[]{length=17, hash=-1644578928}}}}
22:45:46.188 [raft-server-2] TRACE i.a.p.raft.roles.FollowerRole - RaftServer{2}{role=FOLLOWER} - Sending AppendResponse{status=OK, term=1, succeeded=true, lastLogIndex=29}
22:45:46.188 [raft-server-2-state] TRACE i.a.utils.serializer.KryoNamespace - class [B registered as 16
22:45:46.188 [raft-server-2] TRACE i.a.p.raft.roles.FollowerRole - RaftServer{2}{role=FOLLOWER} - Received KeepAliveRequest{sessionIds=long[]{length=1, hash=33}, commandSequences=long[]{length=1, hash=51}, eventIndexes=long[]{length=1, hash=33}}
22:45:46.188 [raft-server-2-state] TRACE i.a.utils.serializer.KryoNamespace - class java.util.concurrent.atomic.AtomicBoolean registered as 17
22:45:46.189 [raft-server-2-state] TRACE i.a.utils.serializer.KryoNamespace - class java.util.concurrent.atomic.AtomicInteger registered as 18
22:45:46.189 [raft-server-2-state] TRACE i.a.utils.serializer.KryoNamespace - class java.util.concurrent.atomic.AtomicLong registered as 19
22:45:46.189 [raft-server-2-state] TRACE i.a.utils.serializer.KryoNamespace - class com.google.common.collect.ImmutableList registered as 20
22:45:46.189 [raft-server-2-state] TRACE i.a.utils.serializer.KryoNamespace - class com.google.common.collect.RegularImmutableList registered as 20
22:45:46.189 [raft-server-2-state] TRACE i.a.utils.serializer.KryoNamespace - class com.google.common.collect.RegularImmutableList registered as 20
22:45:46.189 [raft-server-2-state] TRACE i.a.utils.serializer.KryoNamespace - class com.google.common.collect.ImmutableList$SubList registered as 20
22:45:46.189 [raft-server-2-state] TRACE i.a.utils.serializer.KryoNamespace - class com.google.common.collect.ImmutableSet registered as 21
22:45:46.189 [raft-server-2-state] TRACE i.a.utils.serializer.KryoNamespace - class com.google.common.collect.RegularImmutableSet registered as 21
22:45:46.189 [raft-server-2-state] TRACE i.a.utils.serializer.KryoNamespace - class com.google.common.collect.SingletonImmutableSet registered as 21
22:45:46.189 [raft-server-2-state] TRACE i.a.utils.serializer.KryoNamespace - class com.google.common.collect.RegularImmutableSet registered as 21
22:45:46.189 [raft-server-2-state] TRACE i.a.utils.serializer.KryoNamespace - class com.google.common.collect.ImmutableMap registered as 22
22:45:46.189 [raft-server-2-state] TRACE i.a.utils.serializer.KryoNamespace - class com.google.common.collect.RegularImmutableMap registered as 22
22:45:46.189 [raft-server-2-state] TRACE i.a.utils.serializer.KryoNamespace - class com.google.common.collect.RegularImmutableMap registered as 22
22:45:46.189 [raft-server-2-state] TRACE i.a.utils.serializer.KryoNamespace - class com.google.common.collect.RegularImmutableMap registered as 22
22:45:46.189 [raft-server-2-state] TRACE i.a.utils.serializer.KryoNamespace - class java.util.Collections$UnmodifiableSet registered as 23
22:45:46.189 [raft-server-2-state] TRACE i.a.utils.serializer.KryoNamespace - class java.util.HashMap registered as 24
22:45:46.189 [raft-server-2-state] TRACE i.a.utils.serializer.KryoNamespace - class java.util.concurrent.ConcurrentHashMap registered as 25
22:45:46.189 [raft-server-2-state] TRACE i.a.utils.serializer.KryoNamespace - class java.util.concurrent.CopyOnWriteArraySet registered as 26
22:45:46.189 [raft-server-2-state] TRACE i.a.utils.serializer.KryoNamespace - class java.util.ArrayList registered as 27
22:45:46.189 [raft-server-2-state] TRACE i.a.utils.serializer.KryoNamespace - class java.util.LinkedList registered as 28
22:45:46.190 [raft-server-2-state] TRACE i.a.utils.serializer.KryoNamespace - class java.util.HashSet registered as 29
22:45:46.190 [raft-server-2-state] TRACE i.a.utils.serializer.KryoNamespace - class java.util.LinkedHashSet registered as 30
22:45:46.190 [raft-server-2-state] TRACE i.a.utils.serializer.KryoNamespace - class com.sun.jmx.remote.internal.ArrayQueue registered as 31
22:45:46.190 [raft-server-2-state] TRACE i.a.utils.serializer.KryoNamespace - class java.util.ArrayDeque registered as 32
22:45:46.190 [raft-server-2-state] TRACE i.a.utils.serializer.KryoNamespace - class com.google.common.collect.HashMultiset registered as 33
22:45:46.190 [raft-server-2-state] TRACE i.a.utils.serializer.KryoNamespace - class com.google.common.collect.Sets registered as 34
22:45:46.190 [raft-server-2-state] TRACE i.a.utils.serializer.KryoNamespace - class com.google.common.collect.ImmutableEntry registered as 35
22:45:46.190 [raft-server-2-state] TRACE i.a.utils.serializer.KryoNamespace - class java.util.Arrays$ArrayList registered as 36
22:45:46.190 [raft-server-2-state] TRACE i.a.utils.serializer.KryoNamespace - class java.util.Collections$SingletonList registered as 37
22:45:46.190 [raft-server-2-state] TRACE i.a.utils.serializer.KryoNamespace - class java.time.Duration registered as 38
22:45:46.190 [raft-server-2-state] TRACE i.a.utils.serializer.KryoNamespace - class java.util.Collections$EmptySet registered as 39
22:45:46.190 [raft-server-2-state] TRACE i.a.utils.serializer.KryoNamespace - class java.util.Optional registered as 40
22:45:46.190 [raft-server-2-state] TRACE i.a.utils.serializer.KryoNamespace - class java.util.Collections$EmptyList registered as 41
22:45:46.190 [raft-server-2-state] TRACE i.a.utils.serializer.KryoNamespace - class java.util.Collections$SingletonSet registered as 42
22:45:46.190 [raft-server-1] TRACE i.a.protocols.raft.roles.LeaderRole - RaftServer{1}{role=LEADER} - Received KeepAliveRequest{sessionIds=long[]{length=1, hash=33}, commandSequences=long[]{length=1, hash=51}, eventIndexes=long[]{length=1, hash=33}}
22:45:46.190 [raft-server-2] TRACE i.a.p.raft.roles.FollowerRole - RaftServer{2}{role=FOLLOWER} - Received AppendRequest{term=1, leader=1, prevLogIndex=29, prevLogTerm=1, entries=0, commitIndex=28}
22:45:46.191 [raft-server-2] TRACE i.a.p.raft.roles.FollowerRole - RaftServer{2}{role=FOLLOWER} - Sending AppendResponse{status=OK, term=1, succeeded=true, lastLogIndex=29}
22:45:46.191 [raft-server-2-state] TRACE i.a.utils.serializer.KryoNamespace - class [I registered as 43
22:45:46.191 [raft-server-2-state] TRACE i.a.utils.serializer.KryoNamespace - class [J registered as 44
22:45:46.191 [raft-server-2-state] TRACE i.a.utils.serializer.KryoNamespace - class [S registered as 45
22:45:46.191 [raft-server-2-state] TRACE i.a.utils.serializer.KryoNamespace - class [D registered as 46
22:45:46.191 [raft-server-2-state] TRACE i.a.utils.serializer.KryoNamespace - class [F registered as 47
22:45:46.191 [raft-server-2-state] TRACE i.a.utils.serializer.KryoNamespace - class [C registered as 48
22:45:46.191 [raft-server-2-state] TRACE i.a.utils.serializer.KryoNamespace - class [Ljava.lang.String; registered as 49
22:45:46.191 [raft-server-2-state] TRACE i.a.utils.serializer.KryoNamespace - class [Z registered as 50
22:45:46.191 [raft-server-2-state] TRACE i.a.utils.serializer.KryoNamespace - class [Ljava.lang.Object; registered as 51
22:45:46.191 [raft-server-2-state] TRACE i.a.utils.serializer.KryoNamespace - class io.atomix.primitive.service.ServiceConfig registered as 52
22:45:46.191 [raft-server-2-state] DEBUG i.a.p.r.service.RaftServiceContext - PrimitiveService{2}{type=io.atomix.protocols.raft.RaftTest$TestPrimitiveType@2fa5f551, name=raft-test} - Taking snapshot 27
22:45:46.191 [raft-server-2-state] TRACE i.a.utils.serializer.KryoNamespace - Creating Kryo instance for KryoNamespace{registeredBlocks=[RegistrationBlock{begin=16, types=[([Ljava.lang.Class;@6b321262,null), ([Ljava.lang.Class;@68b11545,null), ([Ljava.lang.Class;@7d0100ea,null), ([Ljava.lang.Class;@357bc488,null), ([Ljava.lang.Class;@4ea17147,io.atomix.utils.serializer.serializers.ImmutableListSerializer@2eda4eeb), ([Ljava.lang.Class;@5ba90d8a,io.atomix.utils.serializer.serializers.ImmutableSetSerializer@309dcdf3), ([Ljava.lang.Class;@7573b9ee,io.atomix.utils.serializer.serializers.ImmutableMapSerializer@9a20cbd), ([Ljava.lang.Class;@1af4955e,null), ([Ljava.lang.Class;@445821a6,null), ([Ljava.lang.Class;@2c0c4c0a,null), ([Ljava.lang.Class;@35d26ad2,null), ([Ljava.lang.Class;@bb25753,null), ([Ljava.lang.Class;@ee21292,null), ([Ljava.lang.Class;@40c06358,null), ([Ljava.lang.Class;@66e21568,null), ([Ljava.lang.Class;@7f73ce28,null), ([Ljava.lang.Class;@611b35d6,null), ([Ljava.lang.Class;@2282400e,null), ([Ljava.lang.Class;@543d5863,null), ([Ljava.lang.Class;@35dece42,null), ([Ljava.lang.Class;@dd3f8aa,io.atomix.utils.serializer.serializers.ArraysAsListSerializer@3d615b2e), ([Ljava.lang.Class;@3a1f2a1,null), ([Ljava.lang.Class;@40ce9049,null), ([Ljava.lang.Class;@52ca2652,null), ([Ljava.lang.Class;@65c5bf0e,null), ([Ljava.lang.Class;@697d6ded,null), ([Ljava.lang.Class;@5d05f453,null), ([Ljava.lang.Class;@5efeb117,null), ([Ljava.lang.Class;@160b4809,null), ([Ljava.lang.Class;@149b4d20,null), ([Ljava.lang.Class;@664e848c,null), ([Ljava.lang.Class;@4d93f75b,null), ([Ljava.lang.Class;@114a5e0,null), ([Ljava.lang.Class;@4f281aaf,null), ([Ljava.lang.Class;@5d508d22,null), ([Ljava.lang.Class;@f2b90fc,null)]}, RegistrationBlock{begin=52, types=[([Ljava.lang.Class;@2e705214,null)]}]}
22:45:46.192 [raft-server-2-state] TRACE i.a.utils.serializer.KryoNamespace - class [B registered as 16
22:45:46.192 [raft-server-2-state] TRACE i.a.utils.serializer.KryoNamespace - class java.util.concurrent.atomic.AtomicBoolean registered as 17
22:45:46.192 [raft-server-2-state] TRACE i.a.utils.serializer.KryoNamespace - class java.util.concurrent.atomic.AtomicInteger registered as 18
22:45:46.192 [raft-server-2-state] TRACE i.a.utils.serializer.KryoNamespace - class java.util.concurrent.atomic.AtomicLong registered as 19
22:45:46.192 [raft-server-2-state] TRACE i.a.utils.serializer.KryoNamespace - class com.google.common.collect.ImmutableList registered as 20
22:45:46.192 [raft-server-2-state] TRACE i.a.utils.serializer.KryoNamespace - class com.google.common.collect.RegularImmutableList registered as 20
22:45:46.192 [raft-server-2-state] TRACE i.a.utils.serializer.KryoNamespace - class com.google.common.collect.RegularImmutableList registered as 20
22:45:46.192 [raft-server-2-state] TRACE i.a.utils.serializer.KryoNamespace - class com.google.common.collect.ImmutableList$SubList registered as 20
22:45:46.192 [raft-server-2-state] TRACE i.a.utils.serializer.KryoNamespace - class com.google.common.collect.ImmutableSet registered as 21
22:45:46.192 [raft-server-2-state] TRACE i.a.utils.serializer.KryoNamespace - class com.google.common.collect.RegularImmutableSet registered as 21
22:45:46.192 [raft-server-2-state] TRACE i.a.utils.serializer.KryoNamespace - class com.google.common.collect.SingletonImmutableSet registered as 21
22:45:46.192 [raft-server-2-state] TRACE i.a.utils.serializer.KryoNamespace - class com.google.common.collect.RegularImmutableSet registered as 21
22:45:46.192 [raft-server-2-state] TRACE i.a.utils.serializer.KryoNamespace - class com.google.common.collect.ImmutableMap registered as 22
22:45:46.192 [raft-server-2-state] TRACE i.a.utils.serializer.KryoNamespace - class com.google.common.collect.RegularImmutableMap registered as 22
22:45:46.192 [raft-server-2-state] TRACE i.a.utils.serializer.KryoNamespace - class com.google.common.collect.RegularImmutableMap registered as 22
22:45:46.192 [raft-server-2-state] TRACE i.a.utils.serializer.KryoNamespace - class com.google.common.collect.RegularImmutableMap registered as 22
22:45:46.192 [raft-server-2-state] TRACE i.a.utils.serializer.KryoNamespace - class java.util.Collections$UnmodifiableSet registered as 23
22:45:46.192 [raft-server-2-state] TRACE i.a.utils.serializer.KryoNamespace - class java.util.HashMap registered as 24
22:45:46.192 [raft-server-2-state] TRACE i.a.utils.serializer.KryoNamespace - class java.util.concurrent.ConcurrentHashMap registered as 25
22:45:46.192 [raft-server-2-state] TRACE i.a.utils.serializer.KryoNamespace - class java.util.concurrent.CopyOnWriteArraySet registered as 26
22:45:46.192 [raft-server-2-state] TRACE i.a.utils.serializer.KryoNamespace - class java.util.ArrayList registered as 27
22:45:46.193 [raft-server-2-state] TRACE i.a.utils.serializer.KryoNamespace - class java.util.LinkedList registered as 28
22:45:46.193 [raft-server-2-state] TRACE i.a.utils.serializer.KryoNamespace - class java.util.HashSet registered as 29
22:45:46.193 [raft-server-2-state] TRACE i.a.utils.serializer.KryoNamespace - class java.util.LinkedHashSet registered as 30
22:45:46.193 [raft-server-2-state] TRACE i.a.utils.serializer.KryoNamespace - class com.sun.jmx.remote.internal.ArrayQueue registered as 31
22:45:46.193 [raft-server-2-state] TRACE i.a.utils.serializer.KryoNamespace - class java.util.ArrayDeque registered as 32
22:45:46.193 [raft-server-2-state] TRACE i.a.utils.serializer.KryoNamespace - class com.google.common.collect.HashMultiset registered as 33
22:45:46.193 [raft-server-2-state] TRACE i.a.utils.serializer.KryoNamespace - class com.google.common.collect.Sets registered as 34
22:45:46.193 [raft-server-2-state] TRACE i.a.utils.serializer.KryoNamespace - class com.google.common.collect.ImmutableEntry registered as 35
22:45:46.193 [raft-server-2-state] TRACE i.a.utils.serializer.KryoNamespace - class java.util.Arrays$ArrayList registered as 36
22:45:46.193 [raft-server-2-state] TRACE i.a.utils.serializer.KryoNamespace - class java.util.Collections$SingletonList registered as 37
22:45:46.193 [raft-server-2-state] TRACE i.a.utils.serializer.KryoNamespace - class java.time.Duration registered as 38
22:45:46.193 [raft-server-2-state] TRACE i.a.utils.serializer.KryoNamespace - class java.util.Collections$EmptySet registered as 39
22:45:46.193 [raft-server-2-state] TRACE i.a.utils.serializer.KryoNamespace - class java.util.Optional registered as 40
22:45:46.193 [raft-server-2-state] TRACE i.a.utils.serializer.KryoNamespace - class java.util.Collections$EmptyList registered as 41
22:45:46.193 [raft-server-2-state] TRACE i.a.utils.serializer.KryoNamespace - class java.util.Collections$SingletonSet registered as 42
22:45:46.193 [raft-server-2-state] TRACE i.a.utils.serializer.KryoNamespace - class [I registered as 43
22:45:46.193 [raft-server-2-state] TRACE i.a.utils.serializer.KryoNamespace - class [J registered as 44
22:45:46.193 [raft-server-2-state] TRACE i.a.utils.serializer.KryoNamespace - class [S registered as 45
22:45:46.193 [raft-server-2-state] TRACE i.a.utils.serializer.KryoNamespace - class [D registered as 46
22:45:46.194 [raft-server-2-state] TRACE i.a.utils.serializer.KryoNamespace - class [F registered as 47
22:45:46.194 [raft-server-2-state] TRACE i.a.utils.serializer.KryoNamespace - class [C registered as 48
22:45:46.194 [raft-server-2-state] TRACE i.a.utils.serializer.KryoNamespace - class [Ljava.lang.String; registered as 49
22:45:46.194 [raft-server-2-state] TRACE i.a.utils.serializer.KryoNamespace - class [Z registered as 50
22:45:46.194 [raft-server-2-state] TRACE i.a.utils.serializer.KryoNamespace - class [Ljava.lang.Object; registered as 51
22:45:46.194 [raft-server-2-state] TRACE i.a.utils.serializer.KryoNamespace - class io.atomix.primitive.service.ServiceConfig registered as 52
22:45:46.194 [raft-server-2-state] TRACE i.a.p.raft.impl.RaftServiceManager - RaftServer{2} - Applying Indexed{index=28, entry=CommandEntry{term=1, timestamp=2018-06-07 10:45:44,274, session=2, sequence=20, operation=PrimitiveOperation{id=DefaultOperationId{id=write, type=COMMAND}, value=byte[]{length=17, hash=-1644578928}}}}
22:45:46.194 [raft-server-2-compaction] DEBUG i.a.p.r.s.snapshot.SnapshotStore - Created disk snapshot: FileSnapshot{index=27}
22:45:46.194 [raft-server-2-state] TRACE i.a.p.s.impl.DefaultServiceExecutor - PrimitiveService{2}{type=io.atomix.protocols.raft.RaftTest$TestPrimitiveType@2fa5f551, name=raft-test} - Executing DefaultCommit{index=28, session=RaftSession{RaftServiceContext{server=2, type=io.atomix.protocols.raft.RaftTest$TestPrimitiveType@2fa5f551, name=raft-test, id=2}, session=2, timestamp=2018-06-07 10:45:44,274}, time=2018-06-07 10:45:44,274, operation=DefaultOperationId{id=write, type=COMMAND}, value=byte[]{length=17, hash=-1644578928}}
22:45:46.429 [raft-client-4d6eb0c5-808f-4bee-91ae-78c435ccd24a-5] DEBUG i.a.p.r.p.impl.RaftProxyConnection - RaftClient{4d6eb0c5-808f-4bee-91ae-78c435ccd24a} - KeepAliveRequest{sessionIds=long[]{length=1, hash=33}, commandSequences=long[]{length=1, hash=51}, eventIndexes=long[]{length=1, hash=33}} failed! Reason: {}
java.util.concurrent.TimeoutException: null
	at io.atomix.protocols.raft.protocol.TestRaftProtocol.lambda$scheduleTimeout$0(TestRaftProtocol.java:48) ~[test-classes/:na]
	at java.util.concurrent.Executors$RunnableAdapter.call(Executors.java:511) ~[na:1.8.0_121]
	at java.util.concurrent.FutureTask.run(FutureTask.java:266) ~[na:1.8.0_121]
	at java.util.concurrent.ScheduledThreadPoolExecutor$ScheduledFutureTask.access$201(ScheduledThreadPoolExecutor.java:180) ~[na:1.8.0_121]
	at java.util.concurrent.ScheduledThreadPoolExecutor$ScheduledFutureTask.run(ScheduledThreadPoolExecutor.java:293) ~[na:1.8.0_121]
	at java.util.concurrent.ThreadPoolExecutor.runWorker(ThreadPoolExecutor.java:1142) ~[na:1.8.0_121]
	at java.util.concurrent.ThreadPoolExecutor$Worker.run(ThreadPoolExecutor.java:617) ~[na:1.8.0_121]
	at java.lang.Thread.run(Thread.java:745) ~[na:1.8.0_121]
22:45:46.429 [raft-client-4d6eb0c5-808f-4bee-91ae-78c435ccd24a-5] TRACE i.a.p.r.p.impl.RaftProxyConnection - RaftClient{4d6eb0c5-808f-4bee-91ae-78c435ccd24a} - Resetting connection. Reason: null
22:45:46.429 [raft-client-4d6eb0c5-808f-4bee-91ae-78c435ccd24a-5] TRACE i.a.p.r.p.impl.RaftProxyConnection - RaftClient{4d6eb0c5-808f-4bee-91ae-78c435ccd24a} - Sending KeepAliveRequest{sessionIds=long[]{length=1, hash=33}, commandSequences=long[]{length=1, hash=51}, eventIndexes=long[]{length=1, hash=33}} to 1
22:45:46.467 [raft-client-4d6eb0c5-808f-4bee-91ae-78c435ccd24a-2] DEBUG i.a.p.r.p.impl.RaftProxyConnection - PartitionProxy{2}{type=io.atomix.protocols.raft.RaftTest$TestPrimitiveType@35bfa1bb, name=raft-test} - CommandRequest{session=2, sequence=21, operation=PrimitiveOperation{id=DefaultOperationId{id=write, type=COMMAND}, value=byte[]{length=17, hash=-1644578928}}} failed! Reason: {}
java.util.concurrent.TimeoutException: null
	at io.atomix.protocols.raft.protocol.TestRaftProtocol.lambda$scheduleTimeout$0(TestRaftProtocol.java:48) ~[test-classes/:na]
	at java.util.concurrent.Executors$RunnableAdapter.call(Executors.java:511) ~[na:1.8.0_121]
	at java.util.concurrent.FutureTask.run(FutureTask.java:266) ~[na:1.8.0_121]
	at java.util.concurrent.ScheduledThreadPoolExecutor$ScheduledFutureTask.access$201(ScheduledThreadPoolExecutor.java:180) ~[na:1.8.0_121]
	at java.util.concurrent.ScheduledThreadPoolExecutor$ScheduledFutureTask.run(ScheduledThreadPoolExecutor.java:293) ~[na:1.8.0_121]
	at java.util.concurrent.ThreadPoolExecutor.runWorker(ThreadPoolExecutor.java:1142) ~[na:1.8.0_121]
	at java.util.concurrent.ThreadPoolExecutor$Worker.run(ThreadPoolExecutor.java:617) ~[na:1.8.0_121]
	at java.lang.Thread.run(Thread.java:745) ~[na:1.8.0_121]
22:45:46.467 [raft-client-4d6eb0c5-808f-4bee-91ae-78c435ccd24a-2] TRACE i.a.p.r.p.impl.RaftProxyConnection - PartitionProxy{2}{type=io.atomix.protocols.raft.RaftTest$TestPrimitiveType@35bfa1bb, name=raft-test} - Resetting connection. Reason: null
22:45:46.467 [raft-client-4d6eb0c5-808f-4bee-91ae-78c435ccd24a-2] TRACE i.a.p.r.p.impl.RaftProxyConnection - PartitionProxy{2}{type=io.atomix.protocols.raft.RaftTest$TestPrimitiveType@35bfa1bb, name=raft-test} - Sending CommandRequest{session=2, sequence=21, operation=PrimitiveOperation{id=DefaultOperationId{id=write, type=COMMAND}, value=byte[]{length=17, hash=-1644578928}}} to 1
22:45:46.919 [raft-server-3] TRACE i.a.p.raft.roles.FollowerRole - RaftServer{3}{role=FOLLOWER} - Committed entries up to index 28
22:45:46.919 [raft-server-3] TRACE i.a.p.raft.roles.FollowerRole - RaftServer{3}{role=FOLLOWER} - Sending AppendResponse{status=OK, term=1, succeeded=true, lastLogIndex=29}
22:45:46.920 [raft-server-3] DEBUG i.a.p.raft.impl.RaftServiceManager - RaftServer{3} - Snapshotting services
22:45:46.920 [raft-server-3] TRACE i.a.p.raft.roles.FollowerRole - RaftServer{3}{role=FOLLOWER} - Received AppendRequest{term=1, leader=1, prevLogIndex=29, prevLogTerm=1, entries=0, commitIndex=28}
22:45:46.920 [raft-server-3-state] DEBUG i.a.p.r.s.snapshot.SnapshotStore - Created memory snapshot: MemorySnapshot{index=27}
22:45:46.920 [raft-server-3] TRACE i.a.p.raft.roles.FollowerRole - RaftServer{3}{role=FOLLOWER} - Sending AppendResponse{status=OK, term=1, succeeded=true, lastLogIndex=29}
22:45:46.920 [raft-server-3-state] TRACE i.a.utils.serializer.KryoNamespace - Creating Kryo instance for KryoNamespace{registeredBlocks=[RegistrationBlock{begin=16, types=[([Ljava.lang.Class;@6b321262,null), ([Ljava.lang.Class;@68b11545,null), ([Ljava.lang.Class;@7d0100ea,null), ([Ljava.lang.Class;@357bc488,null), ([Ljava.lang.Class;@4ea17147,io.atomix.utils.serializer.serializers.ImmutableListSerializer@2eda4eeb), ([Ljava.lang.Class;@5ba90d8a,io.atomix.utils.serializer.serializers.ImmutableSetSerializer@309dcdf3), ([Ljava.lang.Class;@7573b9ee,io.atomix.utils.serializer.serializers.ImmutableMapSerializer@9a20cbd), ([Ljava.lang.Class;@1af4955e,null), ([Ljava.lang.Class;@445821a6,null), ([Ljava.lang.Class;@2c0c4c0a,null), ([Ljava.lang.Class;@35d26ad2,null), ([Ljava.lang.Class;@bb25753,null), ([Ljava.lang.Class;@ee21292,null), ([Ljava.lang.Class;@40c06358,null), ([Ljava.lang.Class;@66e21568,null), ([Ljava.lang.Class;@7f73ce28,null), ([Ljava.lang.Class;@611b35d6,null), ([Ljava.lang.Class;@2282400e,null), ([Ljava.lang.Class;@543d5863,null), ([Ljava.lang.Class;@35dece42,null), ([Ljava.lang.Class;@dd3f8aa,io.atomix.utils.serializer.serializers.ArraysAsListSerializer@3d615b2e), ([Ljava.lang.Class;@3a1f2a1,null), ([Ljava.lang.Class;@40ce9049,null), ([Ljava.lang.Class;@52ca2652,null), ([Ljava.lang.Class;@65c5bf0e,null), ([Ljava.lang.Class;@697d6ded,null), ([Ljava.lang.Class;@5d05f453,null), ([Ljava.lang.Class;@5efeb117,null), ([Ljava.lang.Class;@160b4809,null), ([Ljava.lang.Class;@149b4d20,null), ([Ljava.lang.Class;@664e848c,null), ([Ljava.lang.Class;@4d93f75b,null), ([Ljava.lang.Class;@114a5e0,null), ([Ljava.lang.Class;@4f281aaf,null), ([Ljava.lang.Class;@5d508d22,null), ([Ljava.lang.Class;@f2b90fc,null)]}, RegistrationBlock{begin=52, types=[([Ljava.lang.Class;@bc1d4b5,null)]}]}
22:45:46.921 [raft-server-3-state] TRACE i.a.utils.serializer.KryoNamespace - class [B registered as 16
22:45:46.921 [raft-server-3-state] TRACE i.a.utils.serializer.KryoNamespace - class java.util.concurrent.atomic.AtomicBoolean registered as 17
22:45:46.921 [raft-server-3-state] TRACE i.a.utils.serializer.KryoNamespace - class java.util.concurrent.atomic.AtomicInteger registered as 18
22:45:46.921 [raft-server-3-state] TRACE i.a.utils.serializer.KryoNamespace - class java.util.concurrent.atomic.AtomicLong registered as 19
22:45:46.921 [raft-server-3-state] TRACE i.a.utils.serializer.KryoNamespace - class com.google.common.collect.ImmutableList registered as 20
22:45:46.921 [raft-server-3-state] TRACE i.a.utils.serializer.KryoNamespace - class com.google.common.collect.RegularImmutableList registered as 20
22:45:46.921 [raft-server-3-state] TRACE i.a.utils.serializer.KryoNamespace - class com.google.common.collect.RegularImmutableList registered as 20
22:45:46.921 [raft-server-3-state] TRACE i.a.utils.serializer.KryoNamespace - class com.google.common.collect.ImmutableList$SubList registered as 20
22:45:46.921 [raft-server-3-state] TRACE i.a.utils.serializer.KryoNamespace - class com.google.common.collect.ImmutableSet registered as 21
22:45:46.921 [raft-server-3-state] TRACE i.a.utils.serializer.KryoNamespace - class com.google.common.collect.RegularImmutableSet registered as 21
22:45:46.921 [raft-server-3-state] TRACE i.a.utils.serializer.KryoNamespace - class com.google.common.collect.SingletonImmutableSet registered as 21
22:45:46.921 [raft-server-3-state] TRACE i.a.utils.serializer.KryoNamespace - class com.google.common.collect.RegularImmutableSet registered as 21
22:45:46.921 [raft-server-3-state] TRACE i.a.utils.serializer.KryoNamespace - class com.google.common.collect.ImmutableMap registered as 22
22:45:46.921 [raft-server-3-state] TRACE i.a.utils.serializer.KryoNamespace - class com.google.common.collect.RegularImmutableMap registered as 22
22:45:46.921 [raft-server-3-state] TRACE i.a.utils.serializer.KryoNamespace - class com.google.common.collect.RegularImmutableMap registered as 22
22:45:46.921 [raft-server-3-state] TRACE i.a.utils.serializer.KryoNamespace - class com.google.common.collect.RegularImmutableMap registered as 22
22:45:46.921 [raft-server-3-state] TRACE i.a.utils.serializer.KryoNamespace - class java.util.Collections$UnmodifiableSet registered as 23
22:45:46.921 [raft-server-3-state] TRACE i.a.utils.serializer.KryoNamespace - class java.util.HashMap registered as 24
22:45:46.921 [raft-server-3-state] TRACE i.a.utils.serializer.KryoNamespace - class java.util.concurrent.ConcurrentHashMap registered as 25
22:45:46.922 [raft-server-3-state] TRACE i.a.utils.serializer.KryoNamespace - class java.util.concurrent.CopyOnWriteArraySet registered as 26
22:45:46.922 [raft-server-3-state] TRACE i.a.utils.serializer.KryoNamespace - class java.util.ArrayList registered as 27
22:45:46.922 [raft-server-3-state] TRACE i.a.utils.serializer.KryoNamespace - class java.util.LinkedList registered as 28
22:45:46.922 [raft-server-3-state] TRACE i.a.utils.serializer.KryoNamespace - class java.util.HashSet registered as 29
22:45:46.922 [raft-server-3-state] TRACE i.a.utils.serializer.KryoNamespace - class java.util.LinkedHashSet registered as 30
22:45:46.922 [raft-server-3-state] TRACE i.a.utils.serializer.KryoNamespace - class com.sun.jmx.remote.internal.ArrayQueue registered as 31
22:45:46.922 [raft-server-3-state] TRACE i.a.utils.serializer.KryoNamespace - class java.util.ArrayDeque registered as 32
22:45:46.922 [raft-server-3-state] TRACE i.a.utils.serializer.KryoNamespace - class com.google.common.collect.HashMultiset registered as 33
22:45:46.923 [raft-server-3-state] TRACE i.a.utils.serializer.KryoNamespace - class com.google.common.collect.Sets registered as 34
22:45:46.923 [raft-server-3-state] TRACE i.a.utils.serializer.KryoNamespace - class com.google.common.collect.ImmutableEntry registered as 35
22:45:46.923 [raft-server-3-state] TRACE i.a.utils.serializer.KryoNamespace - class java.util.Arrays$ArrayList registered as 36
22:45:46.923 [raft-server-3-state] TRACE i.a.utils.serializer.KryoNamespace - class java.util.Collections$SingletonList registered as 37
22:45:46.923 [raft-server-3-state] TRACE i.a.utils.serializer.KryoNamespace - class java.time.Duration registered as 38
22:45:46.923 [raft-server-3-state] TRACE i.a.utils.serializer.KryoNamespace - class java.util.Collections$EmptySet registered as 39
22:45:46.923 [raft-server-3-state] TRACE i.a.utils.serializer.KryoNamespace - class java.util.Optional registered as 40
22:45:46.923 [raft-server-3-state] TRACE i.a.utils.serializer.KryoNamespace - class java.util.Collections$EmptyList registered as 41
22:45:46.923 [raft-server-3-state] TRACE i.a.utils.serializer.KryoNamespace - class java.util.Collections$SingletonSet registered as 42
22:45:46.923 [raft-server-3-state] TRACE i.a.utils.serializer.KryoNamespace - class [I registered as 43
22:45:46.923 [raft-server-3-state] TRACE i.a.utils.serializer.KryoNamespace - class [J registered as 44
22:45:46.923 [raft-server-3-state] TRACE i.a.utils.serializer.KryoNamespace - class [S registered as 45
22:45:46.923 [raft-server-3-state] TRACE i.a.utils.serializer.KryoNamespace - class [D registered as 46
22:45:46.923 [raft-server-3-state] TRACE i.a.utils.serializer.KryoNamespace - class [F registered as 47
22:45:46.923 [raft-server-3-state] TRACE i.a.utils.serializer.KryoNamespace - class [C registered as 48
22:45:46.924 [raft-server-3-state] TRACE i.a.utils.serializer.KryoNamespace - class [Ljava.lang.String; registered as 49
22:45:46.924 [raft-server-3-state] TRACE i.a.utils.serializer.KryoNamespace - class [Z registered as 50
22:45:46.924 [raft-server-3-state] TRACE i.a.utils.serializer.KryoNamespace - class [Ljava.lang.Object; registered as 51
22:45:46.924 [raft-server-3-state] TRACE i.a.utils.serializer.KryoNamespace - class io.atomix.primitive.service.ServiceConfig registered as 52
22:45:46.924 [raft-server-3-state] DEBUG i.a.p.r.service.RaftServiceContext - PrimitiveService{2}{type=io.atomix.protocols.raft.RaftTest$TestPrimitiveType@12cd62fc, name=raft-test} - Taking snapshot 27
22:45:46.924 [raft-server-3-state] TRACE i.a.utils.serializer.KryoNamespace - Creating Kryo instance for KryoNamespace{registeredBlocks=[RegistrationBlock{begin=16, types=[([Ljava.lang.Class;@6b321262,null), ([Ljava.lang.Class;@68b11545,null), ([Ljava.lang.Class;@7d0100ea,null), ([Ljava.lang.Class;@357bc488,null), ([Ljava.lang.Class;@4ea17147,io.atomix.utils.serializer.serializers.ImmutableListSerializer@2eda4eeb), ([Ljava.lang.Class;@5ba90d8a,io.atomix.utils.serializer.serializers.ImmutableSetSerializer@309dcdf3), ([Ljava.lang.Class;@7573b9ee,io.atomix.utils.serializer.serializers.ImmutableMapSerializer@9a20cbd), ([Ljava.lang.Class;@1af4955e,null), ([Ljava.lang.Class;@445821a6,null), ([Ljava.lang.Class;@2c0c4c0a,null), ([Ljava.lang.Class;@35d26ad2,null), ([Ljava.lang.Class;@bb25753,null), ([Ljava.lang.Class;@ee21292,null), ([Ljava.lang.Class;@40c06358,null), ([Ljava.lang.Class;@66e21568,null), ([Ljava.lang.Class;@7f73ce28,null), ([Ljava.lang.Class;@611b35d6,null), ([Ljava.lang.Class;@2282400e,null), ([Ljava.lang.Class;@543d5863,null), ([Ljava.lang.Class;@35dece42,null), ([Ljava.lang.Class;@dd3f8aa,io.atomix.utils.serializer.serializers.ArraysAsListSerializer@3d615b2e), ([Ljava.lang.Class;@3a1f2a1,null), ([Ljava.lang.Class;@40ce9049,null), ([Ljava.lang.Class;@52ca2652,null), ([Ljava.lang.Class;@65c5bf0e,null), ([Ljava.lang.Class;@697d6ded,null), ([Ljava.lang.Class;@5d05f453,null), ([Ljava.lang.Class;@5efeb117,null), ([Ljava.lang.Class;@160b4809,null), ([Ljava.lang.Class;@149b4d20,null), ([Ljava.lang.Class;@664e848c,null), ([Ljava.lang.Class;@4d93f75b,null), ([Ljava.lang.Class;@114a5e0,null), ([Ljava.lang.Class;@4f281aaf,null), ([Ljava.lang.Class;@5d508d22,null), ([Ljava.lang.Class;@f2b90fc,null)]}, RegistrationBlock{begin=52, types=[([Ljava.lang.Class;@1c2a07fc,null)]}]}
22:45:46.924 [raft-server-3-state] TRACE i.a.utils.serializer.KryoNamespace - class [B registered as 16
22:45:46.924 [raft-server-3-state] TRACE i.a.utils.serializer.KryoNamespace - class java.util.concurrent.atomic.AtomicBoolean registered as 17
22:45:46.925 [raft-server-3-state] TRACE i.a.utils.serializer.KryoNamespace - class java.util.concurrent.atomic.AtomicInteger registered as 18
22:45:46.925 [raft-server-3-state] TRACE i.a.utils.serializer.KryoNamespace - class java.util.concurrent.atomic.AtomicLong registered as 19
22:45:46.925 [raft-server-3-state] TRACE i.a.utils.serializer.KryoNamespace - class com.google.common.collect.ImmutableList registered as 20
22:45:46.925 [raft-server-3-state] TRACE i.a.utils.serializer.KryoNamespace - class com.google.common.collect.RegularImmutableList registered as 20
22:45:46.925 [raft-server-3-state] TRACE i.a.utils.serializer.KryoNamespace - class com.google.common.collect.RegularImmutableList registered as 20
22:45:46.925 [raft-server-3-state] TRACE i.a.utils.serializer.KryoNamespace - class com.google.common.collect.ImmutableList$SubList registered as 20
22:45:46.925 [raft-server-3-state] TRACE i.a.utils.serializer.KryoNamespace - class com.google.common.collect.ImmutableSet registered as 21
22:45:46.925 [raft-server-3-state] TRACE i.a.utils.serializer.KryoNamespace - class com.google.common.collect.RegularImmutableSet registered as 21
22:45:46.925 [raft-server-3-state] TRACE i.a.utils.serializer.KryoNamespace - class com.google.common.collect.SingletonImmutableSet registered as 21
22:45:46.925 [raft-server-3-state] TRACE i.a.utils.serializer.KryoNamespace - class com.google.common.collect.RegularImmutableSet registered as 21
22:45:46.925 [raft-server-3-state] TRACE i.a.utils.serializer.KryoNamespace - class com.google.common.collect.ImmutableMap registered as 22
22:45:46.925 [raft-server-3-state] TRACE i.a.utils.serializer.KryoNamespace - class com.google.common.collect.RegularImmutableMap registered as 22
22:45:46.925 [raft-server-3-state] TRACE i.a.utils.serializer.KryoNamespace - class com.google.common.collect.RegularImmutableMap registered as 22
22:45:46.925 [raft-server-3-state] TRACE i.a.utils.serializer.KryoNamespace - class com.google.common.collect.RegularImmutableMap registered as 22
22:45:46.925 [raft-server-3-state] TRACE i.a.utils.serializer.KryoNamespace - class java.util.Collections$UnmodifiableSet registered as 23
22:45:46.925 [raft-server-3-state] TRACE i.a.utils.serializer.KryoNamespace - class java.util.HashMap registered as 24
22:45:46.925 [raft-server-3-state] TRACE i.a.utils.serializer.KryoNamespace - class java.util.concurrent.ConcurrentHashMap registered as 25
22:45:46.925 [raft-server-3-state] TRACE i.a.utils.serializer.KryoNamespace - class java.util.concurrent.CopyOnWriteArraySet registered as 26
22:45:46.925 [raft-server-3-state] TRACE i.a.utils.serializer.KryoNamespace - class java.util.ArrayList registered as 27
22:45:46.925 [raft-server-3-state] TRACE i.a.utils.serializer.KryoNamespace - class java.util.LinkedList registered as 28
22:45:46.925 [raft-server-3-state] TRACE i.a.utils.serializer.KryoNamespace - class java.util.HashSet registered as 29
22:45:46.926 [raft-server-3-state] TRACE i.a.utils.serializer.KryoNamespace - class java.util.LinkedHashSet registered as 30
22:45:46.926 [raft-server-3-state] TRACE i.a.utils.serializer.KryoNamespace - class com.sun.jmx.remote.internal.ArrayQueue registered as 31
22:45:46.926 [raft-server-3-state] TRACE i.a.utils.serializer.KryoNamespace - class java.util.ArrayDeque registered as 32
22:45:46.926 [raft-server-3-state] TRACE i.a.utils.serializer.KryoNamespace - class com.google.common.collect.HashMultiset registered as 33
22:45:46.926 [raft-server-3-state] TRACE i.a.utils.serializer.KryoNamespace - class com.google.common.collect.Sets registered as 34
22:45:46.926 [raft-server-3-state] TRACE i.a.utils.serializer.KryoNamespace - class com.google.common.collect.ImmutableEntry registered as 35
22:45:46.926 [raft-server-3-state] TRACE i.a.utils.serializer.KryoNamespace - class java.util.Arrays$ArrayList registered as 36
22:45:46.926 [raft-server-3-state] TRACE i.a.utils.serializer.KryoNamespace - class java.util.Collections$SingletonList registered as 37
22:45:46.926 [raft-server-3-state] TRACE i.a.utils.serializer.KryoNamespace - class java.time.Duration registered as 38
22:45:46.926 [raft-server-3-state] TRACE i.a.utils.serializer.KryoNamespace - class java.util.Collections$EmptySet registered as 39
22:45:46.926 [raft-server-3-state] TRACE i.a.utils.serializer.KryoNamespace - class java.util.Optional registered as 40
22:45:46.926 [raft-server-3-state] TRACE i.a.utils.serializer.KryoNamespace - class java.util.Collections$EmptyList registered as 41
22:45:46.926 [raft-server-3-state] TRACE i.a.utils.serializer.KryoNamespace - class java.util.Collections$SingletonSet registered as 42
22:45:46.926 [raft-server-3-state] TRACE i.a.utils.serializer.KryoNamespace - class [I registered as 43
22:45:46.926 [raft-server-3-state] TRACE i.a.utils.serializer.KryoNamespace - class [J registered as 44
22:45:46.927 [raft-server-3-state] TRACE i.a.utils.serializer.KryoNamespace - class [S registered as 45
22:45:46.927 [raft-server-3-state] TRACE i.a.utils.serializer.KryoNamespace - class [D registered as 46
22:45:46.927 [raft-server-3-state] TRACE i.a.utils.serializer.KryoNamespace - class [F registered as 47
22:45:46.927 [raft-server-3-state] TRACE i.a.utils.serializer.KryoNamespace - class [C registered as 48
22:45:46.927 [raft-server-3-state] TRACE i.a.utils.serializer.KryoNamespace - class [Ljava.lang.String; registered as 49
22:45:46.927 [raft-server-3-state] TRACE i.a.utils.serializer.KryoNamespace - class [Z registered as 50
22:45:46.927 [raft-server-3-state] TRACE i.a.utils.serializer.KryoNamespace - class [Ljava.lang.Object; registered as 51
22:45:46.927 [raft-server-3-state] TRACE i.a.utils.serializer.KryoNamespace - class io.atomix.primitive.service.ServiceConfig registered as 52
22:45:46.927 [raft-server-3-compaction] DEBUG i.a.p.r.s.snapshot.SnapshotStore - Created disk snapshot: FileSnapshot{index=27}
22:45:46.927 [raft-server-3-state] TRACE i.a.p.raft.impl.RaftServiceManager - RaftServer{3} - Applying Indexed{index=28, entry=CommandEntry{term=1, timestamp=2018-06-07 10:45:44,274, session=2, sequence=20, operation=PrimitiveOperation{id=DefaultOperationId{id=write, type=COMMAND}, value=byte[]{length=17, hash=-1644578928}}}}
22:45:46.927 [raft-server-3-state] TRACE i.a.p.s.impl.DefaultServiceExecutor - PrimitiveService{2}{type=io.atomix.protocols.raft.RaftTest$TestPrimitiveType@12cd62fc, name=raft-test} - Executing DefaultCommit{index=28, session=RaftSession{RaftServiceContext{server=3, type=io.atomix.protocols.raft.RaftTest$TestPrimitiveType@12cd62fc, name=raft-test, id=2}, session=2, timestamp=2018-06-07 10:45:44,274}, time=2018-06-07 10:45:44,274, operation=DefaultOperationId{id=write, type=COMMAND}, value=byte[]{length=17, hash=-1644578928}}
22:45:47.036 [raft-server-2] TRACE i.a.p.raft.storage.system.MetaStore - Store vote null
22:45:48.106 [raft-client-4d6eb0c5-808f-4bee-91ae-78c435ccd24a-6] DEBUG i.a.p.r.p.impl.RaftProxyConnection - RaftClient{4d6eb0c5-808f-4bee-91ae-78c435ccd24a} - KeepAliveRequest{sessionIds=long[]{length=1, hash=33}, commandSequences=long[]{length=1, hash=51}, eventIndexes=long[]{length=1, hash=33}} failed! Reason: {}
java.util.concurrent.TimeoutException: null
	at io.atomix.protocols.raft.protocol.TestRaftProtocol.lambda$scheduleTimeout$0(TestRaftProtocol.java:48) ~[test-classes/:na]
	at java.util.concurrent.Executors$RunnableAdapter.call(Executors.java:511) ~[na:1.8.0_121]
	at java.util.concurrent.FutureTask.run(FutureTask.java:266) ~[na:1.8.0_121]
	at java.util.concurrent.ScheduledThreadPoolExecutor$ScheduledFutureTask.access$201(ScheduledThreadPoolExecutor.java:180) ~[na:1.8.0_121]
	at java.util.concurrent.ScheduledThreadPoolExecutor$ScheduledFutureTask.run(ScheduledThreadPoolExecutor.java:293) ~[na:1.8.0_121]
	at java.util.concurrent.ThreadPoolExecutor.runWorker(ThreadPoolExecutor.java:1142) ~[na:1.8.0_121]
	at java.util.concurrent.ThreadPoolExecutor$Worker.run(ThreadPoolExecutor.java:617) ~[na:1.8.0_121]
	at java.lang.Thread.run(Thread.java:745) ~[na:1.8.0_121]
22:45:48.106 [raft-client-4d6eb0c5-808f-4bee-91ae-78c435ccd24a-3] DEBUG i.a.p.r.p.impl.RaftProxyConnection - PartitionProxy{2}{type=io.atomix.protocols.raft.RaftTest$TestPrimitiveType@35bfa1bb, name=raft-test} - CommandRequest{session=2, sequence=21, operation=PrimitiveOperation{id=DefaultOperationId{id=write, type=COMMAND}, value=byte[]{length=17, hash=-1644578928}}} failed! Reason: {}
java.util.concurrent.TimeoutException: null
	at io.atomix.protocols.raft.protocol.TestRaftProtocol.lambda$scheduleTimeout$0(TestRaftProtocol.java:48) ~[test-classes/:na]
	at java.util.concurrent.Executors$RunnableAdapter.call(Executors.java:511) ~[na:1.8.0_121]
	at java.util.concurrent.FutureTask.run(FutureTask.java:266) ~[na:1.8.0_121]
	at java.util.concurrent.ScheduledThreadPoolExecutor$ScheduledFutureTask.access$201(ScheduledThreadPoolExecutor.java:180) ~[na:1.8.0_121]
	at java.util.concurrent.ScheduledThreadPoolExecutor$ScheduledFutureTask.run(ScheduledThreadPoolExecutor.java:293) ~[na:1.8.0_121]
	at java.util.concurrent.ThreadPoolExecutor.runWorker(ThreadPoolExecutor.java:1142) ~[na:1.8.0_121]
	at java.util.concurrent.ThreadPoolExecutor$Worker.run(ThreadPoolExecutor.java:617) ~[na:1.8.0_121]
	at java.lang.Thread.run(Thread.java:745) ~[na:1.8.0_121]
22:45:48.107 [raft-client-4d6eb0c5-808f-4bee-91ae-78c435ccd24a-6] TRACE i.a.p.r.p.impl.RaftProxyConnection - RaftClient{4d6eb0c5-808f-4bee-91ae-78c435ccd24a} - Resetting connection. Reason: null
22:45:48.107 [raft-client-4d6eb0c5-808f-4bee-91ae-78c435ccd24a-3] TRACE i.a.p.r.p.impl.RaftProxyConnection - PartitionProxy{2}{type=io.atomix.protocols.raft.RaftTest$TestPrimitiveType@35bfa1bb, name=raft-test} - Resetting connection. Reason: null
22:45:48.107 [raft-client-4d6eb0c5-808f-4bee-91ae-78c435ccd24a-3] TRACE i.a.p.r.p.impl.RaftProxyConnection - PartitionProxy{2}{type=io.atomix.protocols.raft.RaftTest$TestPrimitiveType@35bfa1bb, name=raft-test} - Sending CommandRequest{session=2, sequence=21, operation=PrimitiveOperation{id=DefaultOperationId{id=write, type=COMMAND}, value=byte[]{length=17, hash=-1644578928}}} to 3
22:45:48.107 [raft-client-4d6eb0c5-808f-4bee-91ae-78c435ccd24a-6] TRACE i.a.p.r.p.impl.RaftProxyConnection - RaftClient{4d6eb0c5-808f-4bee-91ae-78c435ccd24a} - Sending KeepAliveRequest{sessionIds=long[]{length=1, hash=33}, commandSequences=long[]{length=1, hash=51}, eventIndexes=long[]{length=1, hash=33}} to 3
22:45:48.107 [raft-server-3] TRACE i.a.p.raft.roles.FollowerRole - RaftServer{3}{role=FOLLOWER} - Received CommandRequest{session=2, sequence=21, operation=PrimitiveOperation{id=DefaultOperationId{id=write, type=COMMAND}, value=byte[]{length=17, hash=-1644578928}}}
22:45:48.107 [raft-server-3] TRACE i.a.p.raft.roles.FollowerRole - RaftServer{3}{role=FOLLOWER} - Received KeepAliveRequest{sessionIds=long[]{length=1, hash=33}, commandSequences=long[]{length=1, hash=51}, eventIndexes=long[]{length=1, hash=33}}
22:45:48.369 [raft-server-3] TRACE i.a.p.raft.storage.system.MetaStore - Store vote null
22:45:49.108 [raft-client-4d6eb0c5-808f-4bee-91ae-78c435ccd24a-7] DEBUG i.a.p.r.p.impl.RaftProxyConnection - RaftClient{4d6eb0c5-808f-4bee-91ae-78c435ccd24a} - KeepAliveRequest{sessionIds=long[]{length=1, hash=33}, commandSequences=long[]{length=1, hash=51}, eventIndexes=long[]{length=1, hash=33}} failed! Reason: {}
java.util.concurrent.TimeoutException: null
	at io.atomix.protocols.raft.protocol.TestRaftProtocol.lambda$scheduleTimeout$0(TestRaftProtocol.java:48) ~[test-classes/:na]
	at java.util.concurrent.Executors$RunnableAdapter.call(Executors.java:511) ~[na:1.8.0_121]
	at java.util.concurrent.FutureTask.run(FutureTask.java:266) ~[na:1.8.0_121]
	at java.util.concurrent.ScheduledThreadPoolExecutor$ScheduledFutureTask.access$201(ScheduledThreadPoolExecutor.java:180) ~[na:1.8.0_121]
	at java.util.concurrent.ScheduledThreadPoolExecutor$ScheduledFutureTask.run(ScheduledThreadPoolExecutor.java:293) ~[na:1.8.0_121]
	at java.util.concurrent.ThreadPoolExecutor.runWorker(ThreadPoolExecutor.java:1142) ~[na:1.8.0_121]
	at java.util.concurrent.ThreadPoolExecutor$Worker.run(ThreadPoolExecutor.java:617) ~[na:1.8.0_121]
	at java.lang.Thread.run(Thread.java:745) ~[na:1.8.0_121]
22:45:49.108 [raft-client-4d6eb0c5-808f-4bee-91ae-78c435ccd24a-1] DEBUG i.a.p.r.p.impl.RaftProxyConnection - PartitionProxy{2}{type=io.atomix.protocols.raft.RaftTest$TestPrimitiveType@35bfa1bb, name=raft-test} - CommandRequest{session=2, sequence=21, operation=PrimitiveOperation{id=DefaultOperationId{id=write, type=COMMAND}, value=byte[]{length=17, hash=-1644578928}}} failed! Reason: {}
java.util.concurrent.TimeoutException: null
	at io.atomix.protocols.raft.protocol.TestRaftProtocol.lambda$scheduleTimeout$0(TestRaftProtocol.java:48) ~[test-classes/:na]
	at java.util.concurrent.Executors$RunnableAdapter.call(Executors.java:511) ~[na:1.8.0_121]
	at java.util.concurrent.FutureTask.run(FutureTask.java:266) ~[na:1.8.0_121]
	at java.util.concurrent.ScheduledThreadPoolExecutor$ScheduledFutureTask.access$201(ScheduledThreadPoolExecutor.java:180) ~[na:1.8.0_121]
	at java.util.concurrent.ScheduledThreadPoolExecutor$ScheduledFutureTask.run(ScheduledThreadPoolExecutor.java:293) ~[na:1.8.0_121]
	at java.util.concurrent.ThreadPoolExecutor.runWorker(ThreadPoolExecutor.java:1142) ~[na:1.8.0_121]
	at java.util.concurrent.ThreadPoolExecutor$Worker.run(ThreadPoolExecutor.java:617) ~[na:1.8.0_121]
	at java.lang.Thread.run(Thread.java:745) ~[na:1.8.0_121]
22:45:49.108 [raft-client-4d6eb0c5-808f-4bee-91ae-78c435ccd24a-7] TRACE i.a.p.r.p.impl.RaftProxyConnection - RaftClient{4d6eb0c5-808f-4bee-91ae-78c435ccd24a} - Resetting connection. Reason: null
22:45:49.108 [raft-client-4d6eb0c5-808f-4bee-91ae-78c435ccd24a-1] TRACE i.a.p.r.p.impl.RaftProxyConnection - PartitionProxy{2}{type=io.atomix.protocols.raft.RaftTest$TestPrimitiveType@35bfa1bb, name=raft-test} - Resetting connection. Reason: null
22:45:49.109 [raft-client-4d6eb0c5-808f-4bee-91ae-78c435ccd24a-7] TRACE i.a.p.r.p.impl.RaftProxyConnection - RaftClient{4d6eb0c5-808f-4bee-91ae-78c435ccd24a} - Sending KeepAliveRequest{sessionIds=long[]{length=1, hash=33}, commandSequences=long[]{length=1, hash=51}, eventIndexes=long[]{length=1, hash=33}} to 2
22:45:49.109 [raft-client-4d6eb0c5-808f-4bee-91ae-78c435ccd24a-1] TRACE i.a.p.r.p.impl.RaftProxyConnection - PartitionProxy{2}{type=io.atomix.protocols.raft.RaftTest$TestPrimitiveType@35bfa1bb, name=raft-test} - Sending CommandRequest{session=2, sequence=21, operation=PrimitiveOperation{id=DefaultOperationId{id=write, type=COMMAND}, value=byte[]{length=17, hash=-1644578928}}} to 2
22:45:49.765 [raft-server-2] DEBUG i.a.p.raft.roles.FollowerRole - RaftServer{2}{role=FOLLOWER} - Heartbeat timed out in PT0.845S
22:45:49.766 [raft-server-2] DEBUG i.a.p.raft.roles.FollowerRole - RaftServer{2}{role=FOLLOWER} - Polling members [DefaultRaftMember{id=1, type=ACTIVE, updated=2018-06-07T20:45:34.699Z}, DefaultRaftMember{id=3, type=ACTIVE, updated=2018-06-07T20:45:34.699Z}]
22:45:49.766 [raft-server-2] DEBUG i.a.p.raft.roles.FollowerRole - RaftServer{2}{role=FOLLOWER} - Polling DefaultRaftMember{id=1, type=ACTIVE, updated=2018-06-07T20:45:34.699Z} for next term 2
22:45:49.766 [raft-server-2] DEBUG i.a.p.raft.roles.FollowerRole - RaftServer{2}{role=FOLLOWER} - Polling DefaultRaftMember{id=3, type=ACTIVE, updated=2018-06-07T20:45:34.699Z} for next term 2
22:45:49.766 [raft-server-2] TRACE i.a.p.raft.roles.FollowerRole - RaftServer{2}{role=FOLLOWER} - Sending KeepAliveResponse{status=ERROR, error=RaftError{type=NO_LEADER, message=null}}
22:45:49.766 [raft-server-2] TRACE i.a.p.raft.roles.FollowerRole - RaftServer{2}{role=FOLLOWER} - Received KeepAliveRequest{sessionIds=long[]{length=1, hash=33}, commandSequences=long[]{length=1, hash=51}, eventIndexes=long[]{length=1, hash=33}}
22:45:49.766 [raft-server-2] TRACE i.a.p.raft.roles.FollowerRole - RaftServer{2}{role=FOLLOWER} - Sending KeepAliveResponse{status=ERROR, error=RaftError{type=NO_LEADER, message=null}}
22:45:49.767 [raft-client-4d6eb0c5-808f-4bee-91ae-78c435ccd24a-0] TRACE i.a.p.r.p.impl.RaftProxyConnection - RaftClient{4d6eb0c5-808f-4bee-91ae-78c435ccd24a} - Received KeepAliveResponse{status=ERROR, error=RaftError{type=NO_LEADER, message=null}} from 2
22:45:49.767 [raft-client-4d6eb0c5-808f-4bee-91ae-78c435ccd24a-0] TRACE i.a.p.r.p.impl.RaftProxyConnection - RaftClient{4d6eb0c5-808f-4bee-91ae-78c435ccd24a} - Resetting connection. Reason: Failed to locate leader
22:45:49.767 [raft-client-4d6eb0c5-808f-4bee-91ae-78c435ccd24a-0] TRACE i.a.p.r.p.impl.RaftProxyConnection - RaftClient{4d6eb0c5-808f-4bee-91ae-78c435ccd24a} - Sending KeepAliveRequest{sessionIds=long[]{length=1, hash=33}, commandSequences=long[]{length=1, hash=51}, eventIndexes=long[]{length=1, hash=33}} to 1
22:45:49.767 [raft-server-2] TRACE i.a.p.raft.roles.FollowerRole - RaftServer{2}{role=FOLLOWER} - Received CommandRequest{session=2, sequence=21, operation=PrimitiveOperation{id=DefaultOperationId{id=write, type=COMMAND}, value=byte[]{length=17, hash=-1644578928}}}
22:45:49.767 [raft-server-2] TRACE i.a.p.raft.roles.FollowerRole - RaftServer{2}{role=FOLLOWER} - Sending CommandResponse{status=ERROR, error=RaftError{type=NO_LEADER, message=null}, lastSequence=0}
22:45:49.767 [raft-client-4d6eb0c5-808f-4bee-91ae-78c435ccd24a-4] TRACE i.a.p.r.p.impl.RaftProxyConnection - PartitionProxy{2}{type=io.atomix.protocols.raft.RaftTest$TestPrimitiveType@35bfa1bb, name=raft-test} - Received CommandResponse{status=ERROR, error=RaftError{type=NO_LEADER, message=null}, lastSequence=0} from 2
22:45:49.767 [raft-client-4d6eb0c5-808f-4bee-91ae-78c435ccd24a-4] TRACE i.a.p.r.p.impl.RaftProxyConnection - PartitionProxy{2}{type=io.atomix.protocols.raft.RaftTest$TestPrimitiveType@35bfa1bb, name=raft-test} - Resetting connection. Reason: Failed to locate leader
22:45:49.767 [raft-client-4d6eb0c5-808f-4bee-91ae-78c435ccd24a-4] DEBUG i.a.p.r.p.impl.RaftProxyConnection - PartitionProxy{2}{type=io.atomix.protocols.raft.RaftTest$TestPrimitiveType@35bfa1bb, name=raft-test} - Failed to connect to the cluster
22:45:49.879 [raft-server-3] DEBUG i.a.p.raft.roles.FollowerRole - RaftServer{3}{role=FOLLOWER} - Heartbeat timed out in PT1.449S
22:45:49.879 [raft-server-1] DEBUG i.a.storage.journal.SegmentedJournal - Created disk segment: JournalSegment{id=4, version=1, index=31, size=64}
22:45:49.879 [raft-server-3] DEBUG i.a.p.raft.roles.FollowerRole - RaftServer{3}{role=FOLLOWER} - Polling members [DefaultRaftMember{id=1, type=ACTIVE, updated=2018-06-07T20:45:35.171Z}, DefaultRaftMember{id=2, type=ACTIVE, updated=2018-06-07T20:45:35.171Z}]
22:45:49.879 [raft-server-3] DEBUG i.a.p.raft.roles.FollowerRole - RaftServer{3}{role=FOLLOWER} - Polling DefaultRaftMember{id=1, type=ACTIVE, updated=2018-06-07T20:45:35.171Z} for next term 2
22:45:49.879 [raft-server-3] DEBUG i.a.p.raft.roles.FollowerRole - RaftServer{3}{role=FOLLOWER} - Polling DefaultRaftMember{id=2, type=ACTIVE, updated=2018-06-07T20:45:35.171Z} for next term 2
22:45:49.879 [raft-server-1] TRACE i.a.protocols.raft.roles.LeaderRole - RaftServer{1}{role=LEADER} - Appended Indexed{index=31, entry=KeepAliveEntry{term=1, timestamp=2018-06-07 10:45:46,190, sessionIds=long[]{length=1, hash=33}, commandSequences=long[]{length=1, hash=51}, eventIndexes=long[]{length=1, hash=33}}}
22:45:49.879 [raft-server-2] TRACE i.a.p.raft.roles.FollowerRole - RaftServer{2}{role=FOLLOWER} - Received PollRequest{term=1, candidate=3, lastLogIndex=29, lastLogTerm=1}
22:45:49.879 [raft-server-3] TRACE i.a.p.raft.roles.FollowerRole - RaftServer{3}{role=FOLLOWER} - Sending CommandResponse{status=ERROR, error=RaftError{type=NO_LEADER, message=null}, lastSequence=0}
22:45:49.879 [raft-server-1] TRACE i.a.p.raft.roles.LeaderAppender - RaftServer{1} - Received AppendResponse{status=OK, term=1, succeeded=true, lastLogIndex=29} from 2
22:45:49.879 [raft-server-2] DEBUG i.a.p.raft.roles.FollowerRole - RaftServer{2}{role=FOLLOWER} - Accepted PollRequest{term=1, candidate=3, lastLogIndex=29, lastLogTerm=1}: candidate's log is up-to-date
22:45:49.879 [raft-server-3] TRACE i.a.p.raft.roles.FollowerRole - RaftServer{3}{role=FOLLOWER} - Sending KeepAliveResponse{status=ERROR, error=RaftError{type=NO_LEADER, message=null}}
22:45:49.880 [raft-server-2] TRACE i.a.p.raft.roles.FollowerRole - RaftServer{2}{role=FOLLOWER} - Sending PollResponse{status=OK, term=1, accepted=true}
22:45:49.880 [raft-server-1] TRACE i.a.p.raft.roles.LeaderAppender - RaftServer{1} - Sending AppendRequest{term=1, leader=1, prevLogIndex=29, prevLogTerm=1, entries=2, commitIndex=28} to 2
22:45:49.880 [raft-server-3] TRACE i.a.p.raft.roles.FollowerRole - RaftServer{3}{role=FOLLOWER} - Received PollRequest{term=1, candidate=2, lastLogIndex=29, lastLogTerm=1}
22:45:49.880 [raft-server-3] DEBUG i.a.p.raft.roles.FollowerRole - RaftServer{3}{role=FOLLOWER} - Accepted PollRequest{term=1, candidate=2, lastLogIndex=29, lastLogTerm=1}: candidate's log is up-to-date
22:45:49.880 [raft-server-3] TRACE i.a.p.raft.roles.FollowerRole - RaftServer{3}{role=FOLLOWER} - Sending PollResponse{status=OK, term=1, accepted=true}
22:45:49.880 [raft-server-3] DEBUG i.a.p.raft.roles.FollowerRole - RaftServer{3}{role=FOLLOWER} - Received accepted poll from DefaultRaftMember{id=2, type=ACTIVE, updated=2018-06-07T20:45:35.171Z}
22:45:49.880 [raft-server-3] INFO  i.a.protocols.raft.impl.RaftContext - RaftServer{3} - Transitioning to CANDIDATE
22:45:49.880 [raft-server-1] TRACE i.a.protocols.raft.roles.LeaderRole - RaftServer{1}{role=LEADER} - Received KeepAliveRequest{sessionIds=long[]{length=1, hash=33}, commandSequences=long[]{length=1, hash=51}, eventIndexes=long[]{length=1, hash=33}}
22:45:49.880 [raft-server-3] TRACE i.a.p.raft.roles.FollowerRole - RaftServer{3}{role=FOLLOWER} - Cancelling heartbeat timer
22:45:49.880 [raft-server-3] INFO  i.a.p.raft.roles.CandidateRole - RaftServer{3}{role=CANDIDATE} - Starting election
22:45:49.880 [raft-server-3] TRACE i.a.p.raft.storage.system.MetaStore - Store term 2
22:45:49.880 [raft-server-1] TRACE i.a.protocols.raft.roles.LeaderRole - RaftServer{1}{role=LEADER} - Appended Indexed{index=32, entry=KeepAliveEntry{term=1, timestamp=2018-06-07 10:45:49,880, sessionIds=long[]{length=1, hash=33}, commandSequences=long[]{length=1, hash=51}, eventIndexes=long[]{length=1, hash=33}}}
22:45:49.880 [raft-server-1] DEBUG i.a.p.raft.roles.LeaderAppender - RaftServer{1} - AppendRequest{term=1, leader=1, prevLogIndex=29, prevLogTerm=1, entries=0, commitIndex=28} to 3 failed: java.util.concurrent.TimeoutException
22:45:49.880 [raft-server-2] TRACE i.a.p.raft.roles.FollowerRole - RaftServer{2}{role=FOLLOWER} - Received AppendRequest{term=1, leader=1, prevLogIndex=29, prevLogTerm=1, entries=2, commitIndex=28}
22:45:49.880 [raft-server-1] TRACE i.a.protocols.raft.roles.LeaderRole - RaftServer{1}{role=LEADER} - Received CommandRequest{session=2, sequence=21, operation=PrimitiveOperation{id=DefaultOperationId{id=write, type=COMMAND}, value=byte[]{length=17, hash=-1644578928}}}
22:45:49.880 [raft-server-2] INFO  i.a.protocols.raft.impl.RaftContext - RaftServer{2} - Found leader 1
22:45:49.880 [raft-server-2] TRACE i.a.p.raft.storage.system.MetaStore - Store vote null
22:45:49.881 [raft-server-1] TRACE i.a.protocols.raft.roles.LeaderRole - RaftServer{1}{role=LEADER} - Appended Indexed{index=33, entry=CommandEntry{term=1, timestamp=2018-06-07 10:45:49,880, session=2, sequence=21, operation=PrimitiveOperation{id=DefaultOperationId{id=write, type=COMMAND}, value=byte[]{length=17, hash=-1644578928}}}}
22:45:49.881 [raft-server-1] TRACE i.a.p.raft.roles.LeaderAppender - RaftServer{1} - Sending AppendRequest{term=1, leader=1, prevLogIndex=29, prevLogTerm=1, entries=0, commitIndex=28} to 3
22:45:49.881 [raft-server-1] TRACE i.a.protocols.raft.roles.LeaderRole - RaftServer{1}{role=LEADER} - Received CommandRequest{session=2, sequence=21, operation=PrimitiveOperation{id=DefaultOperationId{id=write, type=COMMAND}, value=byte[]{length=17, hash=-1644578928}}}
22:45:49.881 [raft-server-1] TRACE i.a.protocols.raft.roles.LeaderRole - RaftServer{1}{role=LEADER} - Appended Indexed{index=34, entry=CommandEntry{term=1, timestamp=2018-06-07 10:45:49,881, session=2, sequence=21, operation=PrimitiveOperation{id=DefaultOperationId{id=write, type=COMMAND}, value=byte[]{length=17, hash=-1644578928}}}}
22:45:49.881 [raft-server-1] TRACE i.a.protocols.raft.roles.LeaderRole - RaftServer{1}{role=LEADER} - Received KeepAliveRequest{sessionIds=long[]{length=1, hash=33}, commandSequences=long[]{length=1, hash=51}, eventIndexes=long[]{length=1, hash=33}}
22:45:49.881 [raft-server-1] TRACE i.a.protocols.raft.roles.LeaderRole - RaftServer{1}{role=LEADER} - Appended Indexed{index=35, entry=KeepAliveEntry{term=1, timestamp=2018-06-07 10:45:49,881, sessionIds=long[]{length=1, hash=33}, commandSequences=long[]{length=1, hash=51}, eventIndexes=long[]{length=1, hash=33}}}
22:45:49.882 [raft-server-1] TRACE i.a.protocols.raft.roles.LeaderRole - RaftServer{1}{role=LEADER} - Received PollRequest{term=1, candidate=2, lastLogIndex=29, lastLogTerm=1}
22:45:49.882 [raft-server-1] TRACE i.a.protocols.raft.roles.LeaderRole - RaftServer{1}{role=LEADER} - Sending PollResponse{status=OK, term=1, accepted=false}
22:45:49.882 [raft-server-1] TRACE i.a.protocols.raft.roles.LeaderRole - RaftServer{1}{role=LEADER} - Received KeepAliveRequest{sessionIds=long[]{length=1, hash=33}, commandSequences=long[]{length=1, hash=51}, eventIndexes=long[]{length=1, hash=33}}
22:45:49.882 [raft-server-1] TRACE i.a.protocols.raft.roles.LeaderRole - RaftServer{1}{role=LEADER} - Appended Indexed{index=36, entry=KeepAliveEntry{term=1, timestamp=2018-06-07 10:45:49,882, sessionIds=long[]{length=1, hash=33}, commandSequences=long[]{length=1, hash=51}, eventIndexes=long[]{length=1, hash=33}}}
22:45:49.882 [raft-server-1] TRACE i.a.protocols.raft.roles.LeaderRole - RaftServer{1}{role=LEADER} - Received PollRequest{term=1, candidate=3, lastLogIndex=29, lastLogTerm=1}
22:45:49.882 [raft-server-1] TRACE i.a.protocols.raft.roles.LeaderRole - RaftServer{1}{role=LEADER} - Sending PollResponse{status=OK, term=1, accepted=false}
22:45:49.972 [raft-server-3] TRACE i.a.p.raft.storage.system.MetaStore - Store vote null
22:45:49.972 [raft-server-2] TRACE i.a.p.raft.roles.FollowerRole - RaftServer{2}{role=FOLLOWER} - Appended Indexed{index=30, entry=CommandEntry{term=1, timestamp=2018-06-07 10:45:45,466, session=2, sequence=21, operation=PrimitiveOperation{id=DefaultOperationId{id=write, type=COMMAND}, value=byte[]{length=17, hash=-1644578928}}}}
22:45:50.037 [raft-server-3] DEBUG i.a.protocols.raft.impl.RaftContext - RaftServer{3} - Set term 2
22:45:50.037 [raft-server-3] TRACE i.a.p.raft.storage.system.MetaStore - Store vote 3
22:45:50.131 [raft-server-3] DEBUG i.a.protocols.raft.impl.RaftContext - RaftServer{3} - Voted for 3
22:45:50.131 [raft-server-3] DEBUG i.a.p.raft.roles.CandidateRole - RaftServer{3}{role=CANDIDATE} - Requesting votes for term 2
22:45:50.131 [raft-server-3] DEBUG i.a.p.raft.roles.CandidateRole - RaftServer{3}{role=CANDIDATE} - Requesting vote from DefaultRaftMember{id=1, type=ACTIVE, updated=2018-06-07T20:45:35.171Z} for term 2
22:45:50.132 [raft-server-3] DEBUG i.a.p.raft.roles.CandidateRole - RaftServer{3}{role=CANDIDATE} - Requesting vote from DefaultRaftMember{id=2, type=ACTIVE, updated=2018-06-07T20:45:35.171Z} for term 2
22:45:50.132 [raft-server-3] TRACE i.a.p.raft.roles.CandidateRole - RaftServer{3}{role=CANDIDATE} - Received AppendRequest{term=1, leader=1, prevLogIndex=29, prevLogTerm=1, entries=0, commitIndex=28}
22:45:50.132 [raft-server-3] DEBUG i.a.p.raft.roles.CandidateRole - RaftServer{3}{role=CANDIDATE} - Rejected AppendRequest{term=1, leader=1, prevLogIndex=29, prevLogTerm=1, entries=0, commitIndex=28}: request term is less than the current term (2)
22:45:50.132 [raft-server-3] TRACE i.a.p.raft.roles.CandidateRole - RaftServer{3}{role=CANDIDATE} - Sending AppendResponse{status=OK, term=2, succeeded=false, lastLogIndex=29}
22:45:50.132 [raft-server-1] TRACE i.a.p.raft.storage.system.MetaStore - Store term 2
22:45:50.221 [raft-server-2] DEBUG i.a.storage.journal.SegmentedJournal - Created disk segment: JournalSegment{id=4, version=1, index=31, size=64}
22:45:50.221 [raft-server-2] TRACE i.a.p.raft.roles.FollowerRole - RaftServer{2}{role=FOLLOWER} - Appended Indexed{index=31, entry=KeepAliveEntry{term=1, timestamp=2018-06-07 10:45:46,190, sessionIds=long[]{length=1, hash=33}, commandSequences=long[]{length=1, hash=51}, eventIndexes=long[]{length=1, hash=33}}}
22:45:50.221 [raft-server-2] TRACE i.a.p.raft.roles.FollowerRole - RaftServer{2}{role=FOLLOWER} - Sending AppendResponse{status=OK, term=1, succeeded=true, lastLogIndex=31}
22:45:50.221 [raft-server-2] DEBUG i.a.p.raft.roles.FollowerRole - RaftServer{2}{role=FOLLOWER} - Received accepted poll from DefaultRaftMember{id=3, type=ACTIVE, updated=2018-06-07T20:45:34.699Z}
22:45:50.221 [raft-server-2] INFO  i.a.protocols.raft.impl.RaftContext - RaftServer{2} - Transitioning to CANDIDATE
22:45:50.222 [raft-server-2] TRACE i.a.p.raft.roles.FollowerRole - RaftServer{2}{role=FOLLOWER} - Cancelling heartbeat timer
22:45:50.222 [raft-server-2] INFO  i.a.p.raft.roles.CandidateRole - RaftServer{2}{role=CANDIDATE} - Starting election
22:45:50.222 [raft-server-2] TRACE i.a.p.raft.storage.system.MetaStore - Store term 2
22:45:50.279 [raft-server-1] TRACE i.a.p.raft.storage.system.MetaStore - Store vote null
22:45:50.320 [raft-server-2] TRACE i.a.p.raft.storage.system.MetaStore - Store vote null
22:45:50.362 [raft-server-1] DEBUG i.a.protocols.raft.impl.RaftContext - RaftServer{1} - Set term 2
22:45:50.362 [raft-server-1] DEBUG i.a.protocols.raft.roles.LeaderRole - RaftServer{1}{role=LEADER} - Received greater term
22:45:50.362 [raft-server-1] INFO  i.a.protocols.raft.impl.RaftContext - RaftServer{1} - Transitioning to FOLLOWER
22:45:50.363 [raft-server-1] TRACE i.a.protocols.raft.roles.LeaderRole - RaftServer{1}{role=LEADER} - Sending KeepAliveResponse{status=ERROR, error=RaftError{type=ILLEGAL_MEMBER_STATE, message=null}}
22:45:50.363 [raft-server-1] TRACE i.a.protocols.raft.roles.LeaderRole - RaftServer{1}{role=LEADER} - Sending CommandResponse{status=ERROR, error=RaftError{type=COMMAND_FAILURE, message=null}, lastSequence=0}
22:45:50.363 [raft-server-1] TRACE i.a.protocols.raft.roles.LeaderRole - RaftServer{1}{role=LEADER} - Sending CommandResponse{status=ERROR, error=RaftError{type=COMMAND_FAILURE, message=null}, lastSequence=0}
22:45:50.363 [raft-server-1] TRACE i.a.protocols.raft.roles.LeaderRole - RaftServer{1}{role=LEADER} - Sending KeepAliveResponse{status=ERROR, error=RaftError{type=ILLEGAL_MEMBER_STATE, message=null}}
22:45:50.363 [raft-server-1] TRACE i.a.protocols.raft.roles.LeaderRole - RaftServer{1}{role=LEADER} - Sending KeepAliveResponse{status=ERROR, error=RaftError{type=ILLEGAL_MEMBER_STATE, message=null}}
22:45:50.363 [raft-server-1] TRACE i.a.protocols.raft.roles.LeaderRole - RaftServer{1}{role=LEADER} - Sending CommandResponse{status=ERROR, error=RaftError{type=COMMAND_FAILURE, message=null}, lastSequence=0}
22:45:50.363 [raft-client-4d6eb0c5-808f-4bee-91ae-78c435ccd24a-2] TRACE i.a.p.r.p.impl.RaftProxyConnection - RaftClient{4d6eb0c5-808f-4bee-91ae-78c435ccd24a} - Received KeepAliveResponse{status=ERROR, error=RaftError{type=ILLEGAL_MEMBER_STATE, message=null}} from 1
22:45:50.363 [raft-server-1] TRACE i.a.protocols.raft.roles.LeaderRole - RaftServer{1}{role=LEADER} - Sending CommandResponse{status=ERROR, error=RaftError{type=COMMAND_FAILURE, message=null}, lastSequence=0}
22:45:50.364 [raft-client-4d6eb0c5-808f-4bee-91ae-78c435ccd24a-2] TRACE i.a.p.r.p.impl.RaftProxyConnection - RaftClient{4d6eb0c5-808f-4bee-91ae-78c435ccd24a} - Resetting connection. Reason: Illegal member state
22:45:50.364 [raft-client-4d6eb0c5-808f-4bee-91ae-78c435ccd24a-2] DEBUG i.a.p.r.p.impl.RaftProxyConnection - RaftClient{4d6eb0c5-808f-4bee-91ae-78c435ccd24a} - Failed to connect to the cluster
22:45:50.364 [raft-server-1] TRACE i.a.protocols.raft.roles.LeaderRole - RaftServer{1}{role=LEADER} - Sending KeepAliveResponse{status=ERROR, error=RaftError{type=ILLEGAL_MEMBER_STATE, message=null}}
22:45:50.364 [raft-server-1] TRACE i.a.protocols.raft.roles.LeaderRole - RaftServer{1}{role=LEADER} - Cancelling append timer
22:45:50.364 [raft-server-1] TRACE i.a.protocols.raft.roles.LeaderRole - RaftServer{1}{role=LEADER} - Received VoteRequest{term=2, candidate=3, lastLogIndex=29, lastLogTerm=1}
22:45:50.364 [raft-client-4d6eb0c5-808f-4bee-91ae-78c435ccd24a-2] DEBUG i.a.p.p.i.RecoveringPartitionProxy - PartitionProxy{2}{type=io.atomix.protocols.raft.RaftTest$TestPrimitiveType@35bfa1bb, name=raft-test} - State changed: SUSPENDED
22:45:50.364 [raft-server-1] DEBUG i.a.protocols.raft.roles.LeaderRole - RaftServer{1}{role=LEADER} - Rejected VoteRequest{term=2, candidate=3, lastLogIndex=29, lastLogTerm=1}: candidate's last log entry (29) is at a lower index than the local log (36)
22:45:50.364 [raft-server-1] TRACE i.a.protocols.raft.roles.LeaderRole - RaftServer{1}{role=LEADER} - Sending VoteResponse{status=OK, term=2, voted=false}
22:45:50.365 [raft-client-4d6eb0c5-808f-4bee-91ae-78c435ccd24a-3] TRACE i.a.p.r.proxy.impl.RaftProxyManager - RaftClient{4d6eb0c5-808f-4bee-91ae-78c435ccd24a} - Keeping 1 sessions alive
22:45:50.365 [raft-server-3] DEBUG i.a.p.raft.roles.CandidateRole - RaftServer{3}{role=CANDIDATE} - Received rejected vote from DefaultRaftMember{id=1, type=ACTIVE, updated=2018-06-07T20:45:35.171Z}
22:45:50.365 [raft-client-4d6eb0c5-808f-4bee-91ae-78c435ccd24a-3] TRACE i.a.p.r.p.impl.RaftProxyConnection - RaftClient{4d6eb0c5-808f-4bee-91ae-78c435ccd24a} - Sending KeepAliveRequest{sessionIds=long[]{length=1, hash=33}, commandSequences=long[]{length=1, hash=51}, eventIndexes=long[]{length=1, hash=33}} to 1
22:45:50.365 [raft-server-1] TRACE i.a.p.raft.roles.FollowerRole - RaftServer{1}{role=FOLLOWER} - Received KeepAliveRequest{sessionIds=long[]{length=1, hash=33}, commandSequences=long[]{length=1, hash=51}, eventIndexes=long[]{length=1, hash=33}}
22:45:50.365 [raft-server-1] TRACE i.a.p.raft.roles.FollowerRole - RaftServer{1}{role=FOLLOWER} - Sending KeepAliveResponse{status=ERROR, error=RaftError{type=NO_LEADER, message=null}}
22:45:50.365 [raft-client-4d6eb0c5-808f-4bee-91ae-78c435ccd24a-6] TRACE i.a.p.r.p.impl.RaftProxyConnection - RaftClient{4d6eb0c5-808f-4bee-91ae-78c435ccd24a} - Received KeepAliveResponse{status=ERROR, error=RaftError{type=NO_LEADER, message=null}} from 1
22:45:50.365 [raft-client-4d6eb0c5-808f-4bee-91ae-78c435ccd24a-6] TRACE i.a.p.r.p.impl.RaftProxyConnection - RaftClient{4d6eb0c5-808f-4bee-91ae-78c435ccd24a} - Resetting connection. Reason: Failed to locate leader
22:45:50.365 [raft-client-4d6eb0c5-808f-4bee-91ae-78c435ccd24a-6] TRACE i.a.p.r.p.impl.RaftProxyConnection - RaftClient{4d6eb0c5-808f-4bee-91ae-78c435ccd24a} - Sending KeepAliveRequest{sessionIds=long[]{length=1, hash=33}, commandSequences=long[]{length=1, hash=51}, eventIndexes=long[]{length=1, hash=33}} to 2
22:45:50.379 [raft-server-2] DEBUG i.a.protocols.raft.impl.RaftContext - RaftServer{2} - Set term 2
22:45:50.379 [raft-server-2] TRACE i.a.p.raft.storage.system.MetaStore - Store vote 2
22:45:50.413 [raft-server-2] DEBUG i.a.protocols.raft.impl.RaftContext - RaftServer{2} - Voted for 2
22:45:50.413 [raft-server-2] DEBUG i.a.p.raft.roles.CandidateRole - RaftServer{2}{role=CANDIDATE} - Requesting votes for term 2
22:45:50.413 [raft-server-2] DEBUG i.a.p.raft.roles.CandidateRole - RaftServer{2}{role=CANDIDATE} - Requesting vote from DefaultRaftMember{id=1, type=ACTIVE, updated=2018-06-07T20:45:34.699Z} for term 2
22:45:50.413 [raft-server-1] TRACE i.a.p.raft.roles.FollowerRole - RaftServer{1}{role=FOLLOWER} - Received VoteRequest{term=2, candidate=2, lastLogIndex=31, lastLogTerm=1}
22:45:50.413 [raft-server-2] DEBUG i.a.p.raft.roles.CandidateRole - RaftServer{2}{role=CANDIDATE} - Requesting vote from DefaultRaftMember{id=3, type=ACTIVE, updated=2018-06-07T20:45:34.699Z} for term 2
22:45:50.413 [raft-server-1] DEBUG i.a.p.raft.roles.FollowerRole - RaftServer{1}{role=FOLLOWER} - Rejected VoteRequest{term=2, candidate=2, lastLogIndex=31, lastLogTerm=1}: candidate's last log entry (31) is at a lower index than the local log (36)
22:45:50.413 [raft-server-3] TRACE i.a.p.raft.roles.CandidateRole - RaftServer{3}{role=CANDIDATE} - Received VoteRequest{term=2, candidate=2, lastLogIndex=31, lastLogTerm=1}
22:45:50.413 [raft-server-1] TRACE i.a.p.raft.roles.FollowerRole - RaftServer{1}{role=FOLLOWER} - Sending VoteResponse{status=OK, term=2, voted=false}
22:45:50.414 [raft-server-2] TRACE i.a.p.raft.roles.CandidateRole - RaftServer{2}{role=CANDIDATE} - Received VoteRequest{term=2, candidate=3, lastLogIndex=29, lastLogTerm=1}
22:45:50.414 [raft-server-3] TRACE i.a.p.raft.roles.CandidateRole - RaftServer{3}{role=CANDIDATE} - Sending VoteResponse{status=OK, term=2, voted=false}
22:45:50.414 [raft-server-2] TRACE i.a.p.raft.roles.CandidateRole - RaftServer{2}{role=CANDIDATE} - Sending VoteResponse{status=OK, term=2, voted=false}
22:45:50.414 [raft-server-2] TRACE i.a.p.raft.roles.CandidateRole - RaftServer{2}{role=CANDIDATE} - Received KeepAliveRequest{sessionIds=long[]{length=1, hash=33}, commandSequences=long[]{length=1, hash=51}, eventIndexes=long[]{length=1, hash=33}}
22:45:50.414 [raft-server-3] DEBUG i.a.p.raft.roles.CandidateRole - RaftServer{3}{role=CANDIDATE} - Received rejected vote from DefaultRaftMember{id=2, type=ACTIVE, updated=2018-06-07T20:45:35.171Z}
22:45:50.414 [raft-server-2] TRACE i.a.p.raft.roles.CandidateRole - RaftServer{2}{role=CANDIDATE} - Sending KeepAliveResponse{status=ERROR, error=RaftError{type=NO_LEADER, message=null}}
22:45:50.414 [raft-server-3] INFO  i.a.protocols.raft.impl.RaftContext - RaftServer{3} - Transitioning to FOLLOWER
22:45:50.414 [raft-server-3] DEBUG i.a.p.raft.roles.CandidateRole - RaftServer{3}{role=CANDIDATE} - Cancelling election
22:45:50.414 [raft-server-2] DEBUG i.a.p.raft.roles.CandidateRole - RaftServer{2}{role=CANDIDATE} - Received rejected vote from DefaultRaftMember{id=1, type=ACTIVE, updated=2018-06-07T20:45:34.699Z}
22:45:50.414 [raft-client-4d6eb0c5-808f-4bee-91ae-78c435ccd24a-7] TRACE i.a.p.r.p.impl.RaftProxyConnection - RaftClient{4d6eb0c5-808f-4bee-91ae-78c435ccd24a} - Received KeepAliveResponse{status=ERROR, error=RaftError{type=NO_LEADER, message=null}} from 2
22:45:50.414 [raft-server-2] DEBUG i.a.p.raft.roles.CandidateRole - RaftServer{2}{role=CANDIDATE} - Received rejected vote from DefaultRaftMember{id=3, type=ACTIVE, updated=2018-06-07T20:45:34.699Z}
22:45:50.414 [raft-client-4d6eb0c5-808f-4bee-91ae-78c435ccd24a-7] TRACE i.a.p.r.p.impl.RaftProxyConnection - RaftClient{4d6eb0c5-808f-4bee-91ae-78c435ccd24a} - Resetting connection. Reason: Failed to locate leader
22:45:50.414 [raft-server-2] INFO  i.a.protocols.raft.impl.RaftContext - RaftServer{2} - Transitioning to FOLLOWER
22:45:50.414 [raft-client-4d6eb0c5-808f-4bee-91ae-78c435ccd24a-7] TRACE i.a.p.r.p.impl.RaftProxyConnection - RaftClient{4d6eb0c5-808f-4bee-91ae-78c435ccd24a} - Sending KeepAliveRequest{sessionIds=long[]{length=1, hash=33}, commandSequences=long[]{length=1, hash=51}, eventIndexes=long[]{length=1, hash=33}} to 3
22:45:50.414 [raft-server-2] DEBUG i.a.p.raft.roles.CandidateRole - RaftServer{2}{role=CANDIDATE} - Cancelling election
22:45:50.414 [raft-server-3] TRACE i.a.p.raft.roles.FollowerRole - RaftServer{3}{role=FOLLOWER} - Received KeepAliveRequest{sessionIds=long[]{length=1, hash=33}, commandSequences=long[]{length=1, hash=51}, eventIndexes=long[]{length=1, hash=33}}
22:45:50.414 [raft-server-3] TRACE i.a.p.raft.roles.FollowerRole - RaftServer{3}{role=FOLLOWER} - Sending KeepAliveResponse{status=ERROR, error=RaftError{type=NO_LEADER, message=null}}
22:45:50.414 [raft-client-4d6eb0c5-808f-4bee-91ae-78c435ccd24a-0] TRACE i.a.p.r.p.impl.RaftProxyConnection - RaftClient{4d6eb0c5-808f-4bee-91ae-78c435ccd24a} - Received KeepAliveResponse{status=ERROR, error=RaftError{type=NO_LEADER, message=null}} from 3
22:45:50.414 [raft-client-4d6eb0c5-808f-4bee-91ae-78c435ccd24a-0] TRACE i.a.p.r.p.impl.RaftProxyConnection - RaftClient{4d6eb0c5-808f-4bee-91ae-78c435ccd24a} - Resetting connection. Reason: Failed to locate leader
22:45:50.414 [raft-client-4d6eb0c5-808f-4bee-91ae-78c435ccd24a-0] DEBUG i.a.p.r.p.impl.RaftProxyConnection - RaftClient{4d6eb0c5-808f-4bee-91ae-78c435ccd24a} - Failed to connect to the cluster
22:45:50.768 [raft-client-4d6eb0c5-808f-4bee-91ae-78c435ccd24a-5] TRACE i.a.p.r.p.impl.RaftProxyConnection - PartitionProxy{2}{type=io.atomix.protocols.raft.RaftTest$TestPrimitiveType@35bfa1bb, name=raft-test} - Sending CommandRequest{session=2, sequence=21, operation=PrimitiveOperation{id=DefaultOperationId{id=write, type=COMMAND}, value=byte[]{length=17, hash=-1644578928}}} to 1
22:45:50.768 [raft-server-1] TRACE i.a.p.raft.roles.FollowerRole - RaftServer{1}{role=FOLLOWER} - Received CommandRequest{session=2, sequence=21, operation=PrimitiveOperation{id=DefaultOperationId{id=write, type=COMMAND}, value=byte[]{length=17, hash=-1644578928}}}
22:45:50.768 [raft-server-1] TRACE i.a.p.raft.roles.FollowerRole - RaftServer{1}{role=FOLLOWER} - Sending CommandResponse{status=ERROR, error=RaftError{type=NO_LEADER, message=null}, lastSequence=0}
22:45:50.768 [raft-client-4d6eb0c5-808f-4bee-91ae-78c435ccd24a-6] TRACE i.a.p.r.p.impl.RaftProxyConnection - PartitionProxy{2}{type=io.atomix.protocols.raft.RaftTest$TestPrimitiveType@35bfa1bb, name=raft-test} - Received CommandResponse{status=ERROR, error=RaftError{type=NO_LEADER, message=null}, lastSequence=0} from 1
22:45:50.768 [raft-client-4d6eb0c5-808f-4bee-91ae-78c435ccd24a-6] TRACE i.a.p.r.p.impl.RaftProxyConnection - PartitionProxy{2}{type=io.atomix.protocols.raft.RaftTest$TestPrimitiveType@35bfa1bb, name=raft-test} - Resetting connection. Reason: Failed to locate leader
22:45:50.768 [raft-client-4d6eb0c5-808f-4bee-91ae-78c435ccd24a-6] TRACE i.a.p.r.p.impl.RaftProxyConnection - PartitionProxy{2}{type=io.atomix.protocols.raft.RaftTest$TestPrimitiveType@35bfa1bb, name=raft-test} - Sending CommandRequest{session=2, sequence=21, operation=PrimitiveOperation{id=DefaultOperationId{id=write, type=COMMAND}, value=byte[]{length=17, hash=-1644578928}}} to 3
22:45:50.768 [raft-server-3] TRACE i.a.p.raft.roles.FollowerRole - RaftServer{3}{role=FOLLOWER} - Received CommandRequest{session=2, sequence=21, operation=PrimitiveOperation{id=DefaultOperationId{id=write, type=COMMAND}, value=byte[]{length=17, hash=-1644578928}}}
22:45:50.769 [raft-server-3] TRACE i.a.p.raft.roles.FollowerRole - RaftServer{3}{role=FOLLOWER} - Sending CommandResponse{status=ERROR, error=RaftError{type=NO_LEADER, message=null}, lastSequence=0}
22:45:50.769 [raft-client-4d6eb0c5-808f-4bee-91ae-78c435ccd24a-0] TRACE i.a.p.r.p.impl.RaftProxyConnection - PartitionProxy{2}{type=io.atomix.protocols.raft.RaftTest$TestPrimitiveType@35bfa1bb, name=raft-test} - Received CommandResponse{status=ERROR, error=RaftError{type=NO_LEADER, message=null}, lastSequence=0} from 3
22:45:50.769 [raft-client-4d6eb0c5-808f-4bee-91ae-78c435ccd24a-0] TRACE i.a.p.r.p.impl.RaftProxyConnection - PartitionProxy{2}{type=io.atomix.protocols.raft.RaftTest$TestPrimitiveType@35bfa1bb, name=raft-test} - Resetting connection. Reason: Failed to locate leader
22:45:50.769 [raft-client-4d6eb0c5-808f-4bee-91ae-78c435ccd24a-0] TRACE i.a.p.r.p.impl.RaftProxyConnection - PartitionProxy{2}{type=io.atomix.protocols.raft.RaftTest$TestPrimitiveType@35bfa1bb, name=raft-test} - Sending CommandRequest{session=2, sequence=21, operation=PrimitiveOperation{id=DefaultOperationId{id=write, type=COMMAND}, value=byte[]{length=17, hash=-1644578928}}} to 2
22:45:50.769 [raft-server-2] TRACE i.a.p.raft.roles.FollowerRole - RaftServer{2}{role=FOLLOWER} - Received CommandRequest{session=2, sequence=21, operation=PrimitiveOperation{id=DefaultOperationId{id=write, type=COMMAND}, value=byte[]{length=17, hash=-1644578928}}}
22:45:50.769 [raft-server-2] TRACE i.a.p.raft.roles.FollowerRole - RaftServer{2}{role=FOLLOWER} - Sending CommandResponse{status=ERROR, error=RaftError{type=NO_LEADER, message=null}, lastSequence=0}
22:45:50.769 [raft-client-4d6eb0c5-808f-4bee-91ae-78c435ccd24a-3] TRACE i.a.p.r.p.impl.RaftProxyConnection - PartitionProxy{2}{type=io.atomix.protocols.raft.RaftTest$TestPrimitiveType@35bfa1bb, name=raft-test} - Received CommandResponse{status=ERROR, error=RaftError{type=NO_LEADER, message=null}, lastSequence=0} from 2
22:45:50.769 [raft-client-4d6eb0c5-808f-4bee-91ae-78c435ccd24a-3] TRACE i.a.p.r.p.impl.RaftProxyConnection - PartitionProxy{2}{type=io.atomix.protocols.raft.RaftTest$TestPrimitiveType@35bfa1bb, name=raft-test} - Resetting connection. Reason: Failed to locate leader
22:45:50.769 [raft-client-4d6eb0c5-808f-4bee-91ae-78c435ccd24a-3] DEBUG i.a.p.r.p.impl.RaftProxyConnection - PartitionProxy{2}{type=io.atomix.protocols.raft.RaftTest$TestPrimitiveType@35bfa1bb, name=raft-test} - Failed to connect to the cluster
22:45:51.261 [raft-server-2] DEBUG i.a.p.raft.roles.FollowerRole - RaftServer{2}{role=FOLLOWER} - Heartbeat timed out in PT0.846S
22:45:51.261 [raft-server-2] DEBUG i.a.p.raft.roles.FollowerRole - RaftServer{2}{role=FOLLOWER} - Polling members [DefaultRaftMember{id=1, type=ACTIVE, updated=2018-06-07T20:45:34.699Z}, DefaultRaftMember{id=3, type=ACTIVE, updated=2018-06-07T20:45:34.699Z}]
22:45:51.261 [raft-server-2] DEBUG i.a.p.raft.roles.FollowerRole - RaftServer{2}{role=FOLLOWER} - Polling DefaultRaftMember{id=1, type=ACTIVE, updated=2018-06-07T20:45:34.699Z} for next term 3
22:45:51.261 [raft-server-2] DEBUG i.a.p.raft.roles.FollowerRole - RaftServer{2}{role=FOLLOWER} - Polling DefaultRaftMember{id=3, type=ACTIVE, updated=2018-06-07T20:45:34.699Z} for next term 3
22:45:51.261 [raft-server-1] TRACE i.a.p.raft.roles.FollowerRole - RaftServer{1}{role=FOLLOWER} - Received PollRequest{term=2, candidate=2, lastLogIndex=31, lastLogTerm=1}
22:45:51.261 [raft-server-3] TRACE i.a.p.raft.roles.FollowerRole - RaftServer{3}{role=FOLLOWER} - Received PollRequest{term=2, candidate=2, lastLogIndex=31, lastLogTerm=1}
22:45:51.261 [raft-server-3] DEBUG i.a.p.raft.roles.FollowerRole - RaftServer{3}{role=FOLLOWER} - Accepted PollRequest{term=2, candidate=2, lastLogIndex=31, lastLogTerm=1}: candidate's log is up-to-date
22:45:51.261 [raft-server-1] DEBUG i.a.p.raft.roles.FollowerRole - RaftServer{1}{role=FOLLOWER} - Rejected PollRequest{term=2, candidate=2, lastLogIndex=31, lastLogTerm=1}: candidate's last log entry (31) is at a lower index than the local log (36)
22:45:51.261 [raft-server-3] TRACE i.a.p.raft.roles.FollowerRole - RaftServer{3}{role=FOLLOWER} - Sending PollResponse{status=OK, term=2, accepted=true}
22:45:51.261 [raft-server-1] TRACE i.a.p.raft.roles.FollowerRole - RaftServer{1}{role=FOLLOWER} - Sending PollResponse{status=OK, term=2, accepted=false}
22:45:51.261 [raft-server-2] DEBUG i.a.p.raft.roles.FollowerRole - RaftServer{2}{role=FOLLOWER} - Received accepted poll from DefaultRaftMember{id=3, type=ACTIVE, updated=2018-06-07T20:45:34.699Z}
22:45:51.261 [raft-server-2] INFO  i.a.protocols.raft.impl.RaftContext - RaftServer{2} - Transitioning to CANDIDATE
22:45:51.261 [raft-server-2] TRACE i.a.p.raft.roles.FollowerRole - RaftServer{2}{role=FOLLOWER} - Cancelling heartbeat timer
22:45:51.261 [raft-server-2] INFO  i.a.p.raft.roles.CandidateRole - RaftServer{2}{role=CANDIDATE} - Starting election
22:45:51.262 [raft-server-2] TRACE i.a.p.raft.storage.system.MetaStore - Store term 3
22:45:51.327 [raft-server-2] TRACE i.a.p.raft.storage.system.MetaStore - Store vote null
22:45:51.362 [raft-server-2] DEBUG i.a.protocols.raft.impl.RaftContext - RaftServer{2} - Set term 3
22:45:51.362 [raft-server-2] TRACE i.a.p.raft.storage.system.MetaStore - Store vote 2
22:45:51.457 [raft-server-2] DEBUG i.a.protocols.raft.impl.RaftContext - RaftServer{2} - Voted for 2
22:45:51.457 [raft-server-2] DEBUG i.a.p.raft.roles.CandidateRole - RaftServer{2}{role=CANDIDATE} - Requesting votes for term 3
22:45:51.457 [raft-server-2] DEBUG i.a.p.raft.roles.CandidateRole - RaftServer{2}{role=CANDIDATE} - Requesting vote from DefaultRaftMember{id=1, type=ACTIVE, updated=2018-06-07T20:45:34.699Z} for term 3
22:45:51.457 [raft-server-1] TRACE i.a.p.raft.roles.FollowerRole - RaftServer{1}{role=FOLLOWER} - Received VoteRequest{term=3, candidate=2, lastLogIndex=31, lastLogTerm=1}
22:45:51.457 [raft-server-2] DEBUG i.a.p.raft.roles.CandidateRole - RaftServer{2}{role=CANDIDATE} - Requesting vote from DefaultRaftMember{id=3, type=ACTIVE, updated=2018-06-07T20:45:34.699Z} for term 3
22:45:51.457 [raft-server-1] TRACE i.a.p.raft.storage.system.MetaStore - Store term 3
22:45:51.458 [raft-server-3] TRACE i.a.p.raft.roles.FollowerRole - RaftServer{3}{role=FOLLOWER} - Received VoteRequest{term=3, candidate=2, lastLogIndex=31, lastLogTerm=1}
22:45:51.458 [raft-server-3] TRACE i.a.p.raft.storage.system.MetaStore - Store term 3
22:45:51.495 [raft-server-1] TRACE i.a.p.raft.storage.system.MetaStore - Store vote null
22:45:51.536 [raft-server-3] TRACE i.a.p.raft.storage.system.MetaStore - Store vote null
22:45:51.591 [raft-server-1] DEBUG i.a.protocols.raft.impl.RaftContext - RaftServer{1} - Set term 3
22:45:51.591 [raft-server-1] DEBUG i.a.p.raft.roles.FollowerRole - RaftServer{1}{role=FOLLOWER} - Rejected VoteRequest{term=3, candidate=2, lastLogIndex=31, lastLogTerm=1}: candidate's last log entry (31) is at a lower index than the local log (36)
22:45:51.591 [raft-server-1] TRACE i.a.p.raft.roles.FollowerRole - RaftServer{1}{role=FOLLOWER} - Sending VoteResponse{status=OK, term=3, voted=false}
22:45:51.591 [raft-server-2] DEBUG i.a.p.raft.roles.CandidateRole - RaftServer{2}{role=CANDIDATE} - Received rejected vote from DefaultRaftMember{id=1, type=ACTIVE, updated=2018-06-07T20:45:34.699Z}
22:45:51.629 [raft-server-3] DEBUG i.a.protocols.raft.impl.RaftContext - RaftServer{3} - Set term 3
22:45:51.629 [raft-server-3] DEBUG i.a.p.raft.roles.FollowerRole - RaftServer{3}{role=FOLLOWER} - Accepted VoteRequest{term=3, candidate=2, lastLogIndex=31, lastLogTerm=1}: candidate's log is up-to-date
22:45:51.629 [raft-server-3] TRACE i.a.p.raft.storage.system.MetaStore - Store vote 2
22:45:51.657 [raft-server-3] DEBUG i.a.protocols.raft.impl.RaftContext - RaftServer{3} - Voted for 2
22:45:51.657 [raft-server-3] TRACE i.a.p.raft.roles.FollowerRole - RaftServer{3}{role=FOLLOWER} - Sending VoteResponse{status=OK, term=3, voted=true}
22:45:51.657 [raft-server-2] DEBUG i.a.p.raft.roles.CandidateRole - RaftServer{2}{role=CANDIDATE} - Received successful vote from DefaultRaftMember{id=3, type=ACTIVE, updated=2018-06-07T20:45:34.699Z}
22:45:51.657 [raft-server-2] INFO  i.a.protocols.raft.impl.RaftContext - RaftServer{2} - Transitioning to LEADER
22:45:51.657 [raft-server-2] DEBUG i.a.p.raft.roles.CandidateRole - RaftServer{2}{role=CANDIDATE} - Cancelling election
22:45:51.657 [raft-server-2] INFO  i.a.protocols.raft.impl.RaftContext - RaftServer{2} - Found leader 2
22:45:51.657 [raft-server-2] TRACE i.a.p.raft.storage.system.MetaStore - Store vote null
22:45:51.695 [raft-server-2] TRACE i.a.protocols.raft.roles.LeaderRole - RaftServer{2}{role=LEADER} - Appended Indexed{index=32, entry=InitializeEntry{term=3, timestamp=2018-06-07 10:45:51,657}}
22:45:51.695 [raft-server-2] DEBUG i.a.p.raft.roles.LeaderAppender - RaftServer{2} - Configuring 1
22:45:51.695 [raft-server-2] TRACE i.a.p.raft.roles.LeaderAppender - RaftServer{2} - Sending ConfigureRequest{term=3, leader=2, index=0, timestamp=1528404334699, members=[DefaultRaftMember{id=1, type=ACTIVE, updated=2018-06-07T20:45:34.699Z}, DefaultRaftMember{id=2, type=ACTIVE, updated=2018-06-07T20:45:34.699Z}, DefaultRaftMember{id=3, type=ACTIVE, updated=2018-06-07T20:45:34.699Z}]} to 1
22:45:51.696 [raft-server-2] DEBUG i.a.p.raft.roles.LeaderAppender - RaftServer{2} - Configuring 3
22:45:51.696 [raft-server-1] TRACE i.a.p.raft.roles.FollowerRole - RaftServer{1}{role=FOLLOWER} - Received ConfigureRequest{term=3, leader=2, index=0, timestamp=1528404334699, members=[DefaultRaftMember{id=1, type=ACTIVE, updated=2018-06-07T20:45:34.699Z}, DefaultRaftMember{id=2, type=ACTIVE, updated=2018-06-07T20:45:34.699Z}, DefaultRaftMember{id=3, type=ACTIVE, updated=2018-06-07T20:45:34.699Z}]}
22:45:51.696 [raft-server-2] TRACE i.a.p.raft.roles.LeaderAppender - RaftServer{2} - Sending ConfigureRequest{term=3, leader=2, index=0, timestamp=1528404334699, members=[DefaultRaftMember{id=1, type=ACTIVE, updated=2018-06-07T20:45:34.699Z}, DefaultRaftMember{id=2, type=ACTIVE, updated=2018-06-07T20:45:34.699Z}, DefaultRaftMember{id=3, type=ACTIVE, updated=2018-06-07T20:45:34.699Z}]} to 3
22:45:51.696 [raft-server-1] INFO  i.a.protocols.raft.impl.RaftContext - RaftServer{1} - Found leader 2
22:45:51.696 [raft-server-1] TRACE i.a.p.raft.storage.system.MetaStore - Store vote null
22:45:51.696 [raft-server-2] TRACE i.a.protocols.raft.roles.LeaderRole - RaftServer{2}{role=LEADER} - Starting append timer
22:45:51.696 [raft-server-2] TRACE i.a.p.raft.roles.LeaderAppender - RaftServer{2} - Sending AppendRequest{term=3, leader=2, prevLogIndex=31, prevLogTerm=1, entries=0, commitIndex=28} to 1
22:45:51.696 [raft-server-3] TRACE i.a.p.raft.roles.FollowerRole - RaftServer{3}{role=FOLLOWER} - Received ConfigureRequest{term=3, leader=2, index=0, timestamp=1528404334699, members=[DefaultRaftMember{id=1, type=ACTIVE, updated=2018-06-07T20:45:34.699Z}, DefaultRaftMember{id=2, type=ACTIVE, updated=2018-06-07T20:45:34.699Z}, DefaultRaftMember{id=3, type=ACTIVE, updated=2018-06-07T20:45:34.699Z}]}
22:45:51.696 [raft-server-2] TRACE i.a.p.raft.roles.LeaderAppender - RaftServer{2} - Sending AppendRequest{term=3, leader=2, prevLogIndex=31, prevLogTerm=1, entries=0, commitIndex=28} to 3
22:45:51.696 [raft-server-3] INFO  i.a.protocols.raft.impl.RaftContext - RaftServer{3} - Found leader 2
22:45:51.696 [raft-server-3] TRACE i.a.p.raft.storage.system.MetaStore - Store vote null
22:45:51.732 [raft-server-1] TRACE i.a.p.raft.roles.FollowerRole - RaftServer{1}{role=FOLLOWER} - Sending ConfigureResponse{status=OK}
22:45:51.732 [raft-server-2] TRACE i.a.p.raft.roles.LeaderAppender - RaftServer{2} - Received ConfigureResponse{status=OK} from 1
22:45:51.732 [raft-server-1] TRACE i.a.p.raft.roles.FollowerRole - RaftServer{1}{role=FOLLOWER} - Received AppendRequest{term=3, leader=2, prevLogIndex=31, prevLogTerm=1, entries=0, commitIndex=28}
22:45:51.733 [raft-server-1] TRACE i.a.p.raft.roles.FollowerRole - RaftServer{1}{role=FOLLOWER} - Sending AppendResponse{status=OK, term=3, succeeded=true, lastLogIndex=31}
22:45:51.733 [raft-server-2] TRACE i.a.p.raft.roles.LeaderAppender - RaftServer{2} - Received AppendResponse{status=OK, term=3, succeeded=true, lastLogIndex=31} from 1
22:45:51.733 [raft-server-2] TRACE i.a.p.raft.roles.LeaderAppender - RaftServer{2} - Sending AppendRequest{term=3, leader=2, prevLogIndex=31, prevLogTerm=1, entries=1, commitIndex=28} to 1
22:45:51.733 [raft-server-1] TRACE i.a.p.raft.roles.FollowerRole - RaftServer{1}{role=FOLLOWER} - Received AppendRequest{term=3, leader=2, prevLogIndex=31, prevLogTerm=1, entries=1, commitIndex=28}
22:45:51.735 [raft-server-1] TRACE i.a.p.raft.roles.FollowerRole - RaftServer{1}{role=FOLLOWER} - Appended Indexed{index=32, entry=InitializeEntry{term=3, timestamp=2018-06-07 10:45:51,657}}
22:45:51.735 [raft-server-1] TRACE i.a.p.raft.roles.FollowerRole - RaftServer{1}{role=FOLLOWER} - Sending AppendResponse{status=OK, term=3, succeeded=true, lastLogIndex=32}
22:45:51.735 [raft-server-2] TRACE i.a.p.raft.roles.LeaderAppender - RaftServer{2} - Received AppendResponse{status=OK, term=3, succeeded=true, lastLogIndex=32} from 1
22:45:51.736 [raft-server-2] TRACE i.a.p.raft.roles.LeaderAppender - RaftServer{2} - Committed entries up to 32
22:45:51.769 [raft-client-4d6eb0c5-808f-4bee-91ae-78c435ccd24a-1] TRACE i.a.p.r.p.impl.RaftProxyConnection - PartitionProxy{2}{type=io.atomix.protocols.raft.RaftTest$TestPrimitiveType@35bfa1bb, name=raft-test} - Sending CommandRequest{session=2, sequence=21, operation=PrimitiveOperation{id=DefaultOperationId{id=write, type=COMMAND}, value=byte[]{length=17, hash=-1644578928}}} to 2
22:45:51.775 [raft-server-3] TRACE i.a.p.raft.roles.FollowerRole - RaftServer{3}{role=FOLLOWER} - Sending ConfigureResponse{status=OK}
22:45:51.775 [raft-server-3] TRACE i.a.p.raft.roles.FollowerRole - RaftServer{3}{role=FOLLOWER} - Received AppendRequest{term=3, leader=2, prevLogIndex=31, prevLogTerm=1, entries=0, commitIndex=28}
22:45:51.775 [raft-server-3] DEBUG i.a.p.raft.roles.FollowerRole - RaftServer{3}{role=FOLLOWER} - Rejected AppendRequest{term=3, leader=2, prevLogIndex=31, prevLogTerm=1, entries=0, commitIndex=28}: Previous index (31) is greater than the local log's last index (29)
22:45:51.775 [raft-server-3] TRACE i.a.p.raft.roles.FollowerRole - RaftServer{3}{role=FOLLOWER} - Sending AppendResponse{status=OK, term=3, succeeded=false, lastLogIndex=29}
22:45:51.818 [raft-server-2] TRACE i.a.protocols.raft.roles.LeaderRole - RaftServer{2}{role=LEADER} - Received CommandRequest{session=2, sequence=21, operation=PrimitiveOperation{id=DefaultOperationId{id=write, type=COMMAND}, value=byte[]{length=17, hash=-1644578928}}}
22:45:51.818 [raft-server-2] TRACE i.a.protocols.raft.roles.LeaderRole - RaftServer{2}{role=LEADER} - Appended Indexed{index=33, entry=CommandEntry{term=3, timestamp=2018-06-07 10:45:51,818, session=2, sequence=21, operation=PrimitiveOperation{id=DefaultOperationId{id=write, type=COMMAND}, value=byte[]{length=17, hash=-1644578928}}}}
22:45:51.819 [raft-server-2] TRACE i.a.p.raft.roles.LeaderAppender - RaftServer{2} - Received ConfigureResponse{status=OK} from 3
22:45:51.819 [raft-server-2] TRACE i.a.p.raft.roles.LeaderAppender - RaftServer{2} - Received AppendResponse{status=OK, term=3, succeeded=false, lastLogIndex=29} from 3
22:45:51.819 [raft-server-2] TRACE i.a.p.raft.roles.LeaderAppender - RaftServer{2} - Reset next index for RaftMemberContext{member=3, term=3, configIndex=0, snapshotIndex=0, nextSnapshotIndex=0, nextSnapshotOffset=0, matchIndex=0, nextIndex=30, heartbeatTime=1528404351696, appending=0, appendSucceeded=false, appendTime=1528404351696, configuring=false, installing=false, failures=0} to 30
22:45:51.819 [raft-server-2] TRACE i.a.p.raft.roles.LeaderAppender - RaftServer{2} - Sending AppendRequest{term=3, leader=2, prevLogIndex=29, prevLogTerm=1, entries=4, commitIndex=32} to 3
22:45:51.819 [raft-server-3] TRACE i.a.p.raft.roles.FollowerRole - RaftServer{3}{role=FOLLOWER} - Received AppendRequest{term=3, leader=2, prevLogIndex=29, prevLogTerm=1, entries=4, commitIndex=32}
22:45:51.819 [raft-server-3] TRACE i.a.p.raft.roles.FollowerRole - RaftServer{3}{role=FOLLOWER} - Appended Indexed{index=30, entry=CommandEntry{term=1, timestamp=2018-06-07 10:45:45,466, session=2, sequence=21, operation=PrimitiveOperation{id=DefaultOperationId{id=write, type=COMMAND}, value=byte[]{length=17, hash=-1644578928}}}}
22:45:51.819 [raft-server-2-state] TRACE i.a.p.raft.impl.RaftServiceManager - RaftServer{2} - Applying Indexed{index=29, entry=CommandEntry{term=1, timestamp=2018-06-07 10:45:44,465, session=2, sequence=21, operation=PrimitiveOperation{id=DefaultOperationId{id=write, type=COMMAND}, value=byte[]{length=17, hash=-1644578928}}}}
22:45:51.819 [raft-server-2] TRACE i.a.p.raft.roles.LeaderAppender - RaftServer{2} - Sending AppendRequest{term=3, leader=2, prevLogIndex=32, prevLogTerm=3, entries=1, commitIndex=32} to 1
22:45:51.819 [raft-server-1] TRACE i.a.p.raft.roles.FollowerRole - RaftServer{1}{role=FOLLOWER} - Received AppendRequest{term=3, leader=2, prevLogIndex=32, prevLogTerm=3, entries=1, commitIndex=32}
22:45:51.819 [raft-server-2-state] TRACE i.a.p.s.impl.DefaultServiceExecutor - PrimitiveService{2}{type=io.atomix.protocols.raft.RaftTest$TestPrimitiveType@2fa5f551, name=raft-test} - Executing DefaultCommit{index=29, session=RaftSession{RaftServiceContext{server=2, type=io.atomix.protocols.raft.RaftTest$TestPrimitiveType@2fa5f551, name=raft-test, id=2}, session=2, timestamp=2018-06-07 10:45:44,465}, time=2018-06-07 10:45:44,465, operation=DefaultOperationId{id=write, type=COMMAND}, value=byte[]{length=17, hash=-1644578928}}
22:45:51.820 [raft-server-1] TRACE i.a.p.raft.roles.FollowerRole - RaftServer{1}{role=FOLLOWER} - Appended Indexed{index=33, entry=CommandEntry{term=3, timestamp=2018-06-07 10:45:51,818, session=2, sequence=21, operation=PrimitiveOperation{id=DefaultOperationId{id=write, type=COMMAND}, value=byte[]{length=17, hash=-1644578928}}}}
22:45:51.820 [raft-server-2-state] TRACE i.a.p.raft.impl.RaftServiceManager - RaftServer{2} - Applying Indexed{index=30, entry=CommandEntry{term=1, timestamp=2018-06-07 10:45:45,466, session=2, sequence=21, operation=PrimitiveOperation{id=DefaultOperationId{id=write, type=COMMAND}, value=byte[]{length=17, hash=-1644578928}}}}
22:45:51.820 [raft-server-2-state] TRACE i.a.p.r.service.RaftServiceContext - PrimitiveService{2}{type=io.atomix.protocols.raft.RaftTest$TestPrimitiveType@2fa5f551, name=raft-test} - Returning cached result for command with sequence number 21 < 22
22:45:51.820 [raft-server-2-state] TRACE i.a.p.raft.impl.RaftServiceManager - RaftServer{2} - Applying Indexed{index=31, entry=KeepAliveEntry{term=1, timestamp=2018-06-07 10:45:46,190, sessionIds=long[]{length=1, hash=33}, commandSequences=long[]{length=1, hash=51}, eventIndexes=long[]{length=1, hash=33}}}
22:45:51.820 [raft-server-2-state] TRACE i.a.p.raft.impl.RaftServiceManager - RaftServer{2} - Applying Indexed{index=32, entry=InitializeEntry{term=3, timestamp=2018-06-07 10:45:51,657}}
22:45:51.820 [raft-server-2-state] DEBUG i.a.p.r.service.RaftServiceContext - PrimitiveService{2}{type=io.atomix.protocols.raft.RaftTest$TestPrimitiveType@2fa5f551, name=raft-test} - Resetting session timeouts
22:45:51.959 [raft-server-1] TRACE i.a.p.raft.roles.FollowerRole - RaftServer{1}{role=FOLLOWER} - Committed entries up to index 32
22:45:51.959 [raft-server-1] TRACE i.a.p.raft.roles.FollowerRole - RaftServer{1}{role=FOLLOWER} - Sending AppendResponse{status=OK, term=3, succeeded=true, lastLogIndex=33}
22:45:51.959 [raft-server-2] TRACE i.a.p.raft.roles.LeaderAppender - RaftServer{2} - Received AppendResponse{status=OK, term=3, succeeded=true, lastLogIndex=33} from 1
22:45:51.959 [raft-server-2] TRACE i.a.p.raft.roles.LeaderAppender - RaftServer{2} - Committed entries up to 33
22:45:51.959 [raft-server-1-state] TRACE i.a.p.raft.impl.RaftServiceManager - RaftServer{1} - Applying Indexed{index=29, entry=CommandEntry{term=1, timestamp=2018-06-07 10:45:44,465, session=2, sequence=21, operation=PrimitiveOperation{id=DefaultOperationId{id=write, type=COMMAND}, value=byte[]{length=17, hash=-1644578928}}}}
22:45:51.959 [raft-server-1-state] TRACE i.a.p.s.impl.DefaultServiceExecutor - PrimitiveService{2}{type=io.atomix.protocols.raft.RaftTest$TestPrimitiveType@54705ce8, name=raft-test} - Executing DefaultCommit{index=29, session=RaftSession{RaftServiceContext{server=1, type=io.atomix.protocols.raft.RaftTest$TestPrimitiveType@54705ce8, name=raft-test, id=2}, session=2, timestamp=2018-06-07 10:45:44,465}, time=2018-06-07 10:45:44,465, operation=DefaultOperationId{id=write, type=COMMAND}, value=byte[]{length=17, hash=-1644578928}}
22:45:51.960 [raft-server-1-state] TRACE i.a.p.raft.impl.RaftServiceManager - RaftServer{1} - Applying Indexed{index=30, entry=CommandEntry{term=1, timestamp=2018-06-07 10:45:45,466, session=2, sequence=21, operation=PrimitiveOperation{id=DefaultOperationId{id=write, type=COMMAND}, value=byte[]{length=17, hash=-1644578928}}}}
22:45:51.960 [raft-server-1-state] TRACE i.a.p.r.service.RaftServiceContext - PrimitiveService{2}{type=io.atomix.protocols.raft.RaftTest$TestPrimitiveType@54705ce8, name=raft-test} - Returning cached result for command with sequence number 21 < 22
22:45:51.960 [raft-server-1-state] TRACE i.a.p.raft.impl.RaftServiceManager - RaftServer{1} - Applying Indexed{index=31, entry=KeepAliveEntry{term=1, timestamp=2018-06-07 10:45:46,190, sessionIds=long[]{length=1, hash=33}, commandSequences=long[]{length=1, hash=51}, eventIndexes=long[]{length=1, hash=33}}}
22:45:51.961 [raft-server-1-state] TRACE i.a.p.raft.impl.RaftServiceManager - RaftServer{1} - Applying Indexed{index=32, entry=InitializeEntry{term=3, timestamp=2018-06-07 10:45:51,657}}
22:45:51.961 [raft-server-1-state] DEBUG i.a.p.r.service.RaftServiceContext - PrimitiveService{2}{type=io.atomix.protocols.raft.RaftTest$TestPrimitiveType@54705ce8, name=raft-test} - Resetting session timeouts
22:45:52.003 [raft-server-3] DEBUG i.a.storage.journal.SegmentedJournal - Created disk segment: JournalSegment{id=4, version=1, index=31, size=64}
22:45:52.003 [raft-server-3] TRACE i.a.p.raft.roles.FollowerRole - RaftServer{3}{role=FOLLOWER} - Appended Indexed{index=31, entry=KeepAliveEntry{term=1, timestamp=2018-06-07 10:45:46,190, sessionIds=long[]{length=1, hash=33}, commandSequences=long[]{length=1, hash=51}, eventIndexes=long[]{length=1, hash=33}}}
22:45:52.003 [raft-server-3] TRACE i.a.p.raft.roles.FollowerRole - RaftServer{3}{role=FOLLOWER} - Appended Indexed{index=32, entry=InitializeEntry{term=3, timestamp=2018-06-07 10:45:51,657}}
22:45:52.004 [raft-server-3] TRACE i.a.p.raft.roles.FollowerRole - RaftServer{3}{role=FOLLOWER} - Appended Indexed{index=33, entry=CommandEntry{term=3, timestamp=2018-06-07 10:45:51,818, session=2, sequence=21, operation=PrimitiveOperation{id=DefaultOperationId{id=write, type=COMMAND}, value=byte[]{length=17, hash=-1644578928}}}}
22:45:52.056 [raft-server-2] TRACE i.a.p.raft.roles.LeaderAppender - RaftServer{2} - Sending AppendRequest{term=3, leader=2, prevLogIndex=33, prevLogTerm=3, entries=0, commitIndex=33} to 1
22:45:52.056 [raft-server-1] TRACE i.a.p.raft.roles.FollowerRole - RaftServer{1}{role=FOLLOWER} - Received AppendRequest{term=3, leader=2, prevLogIndex=33, prevLogTerm=3, entries=0, commitIndex=33}
22:45:52.056 [raft-server-1] TRACE i.a.p.raft.roles.FollowerRole - RaftServer{1}{role=FOLLOWER} - Committed entries up to index 33
22:45:52.056 [raft-server-1] TRACE i.a.p.raft.roles.FollowerRole - RaftServer{1}{role=FOLLOWER} - Sending AppendResponse{status=OK, term=3, succeeded=true, lastLogIndex=33}
22:45:52.056 [raft-server-2-state] TRACE i.a.p.raft.impl.RaftServiceManager - RaftServer{2} - Applying Indexed{index=33, entry=CommandEntry{term=3, timestamp=2018-06-07 10:45:51,818, session=2, sequence=21, operation=PrimitiveOperation{id=DefaultOperationId{id=write, type=COMMAND}, value=byte[]{length=17, hash=-1644578928}}}}
22:45:52.056 [raft-server-2-state] TRACE i.a.p.r.service.RaftServiceContext - PrimitiveService{2}{type=io.atomix.protocols.raft.RaftTest$TestPrimitiveType@2fa5f551, name=raft-test} - Returning cached result for command with sequence number 21 < 22
22:45:52.056 [raft-server-2] TRACE i.a.p.raft.roles.LeaderAppender - RaftServer{2} - Received AppendResponse{status=OK, term=3, succeeded=true, lastLogIndex=33} from 1
22:45:52.056 [raft-server-2-state] TRACE i.a.protocols.raft.roles.LeaderRole - RaftServer{2}{role=LEADER} - Sending CommandResponse{status=OK, index=29, eventIndex=2, result=byte[]{length=2, hash=1298}}
22:45:52.057 [raft-server-1-state] TRACE i.a.p.raft.impl.RaftServiceManager - RaftServer{1} - Applying Indexed{index=33, entry=CommandEntry{term=3, timestamp=2018-06-07 10:45:51,818, session=2, sequence=21, operation=PrimitiveOperation{id=DefaultOperationId{id=write, type=COMMAND}, value=byte[]{length=17, hash=-1644578928}}}}
22:45:52.057 [raft-server-1-state] TRACE i.a.p.r.service.RaftServiceContext - PrimitiveService{2}{type=io.atomix.protocols.raft.RaftTest$TestPrimitiveType@54705ce8, name=raft-test} - Returning cached result for command with sequence number 21 < 22
22:45:52.057 [raft-client-4d6eb0c5-808f-4bee-91ae-78c435ccd24a-4] TRACE i.a.p.r.p.impl.RaftProxyConnection - PartitionProxy{2}{type=io.atomix.protocols.raft.RaftTest$TestPrimitiveType@35bfa1bb, name=raft-test} - Received CommandResponse{status=OK, index=29, eventIndex=2, result=byte[]{length=2, hash=1298}} from 2
22:45:52.057 [raft-client-4d6eb0c5-808f-4bee-91ae-78c435ccd24a-4] TRACE i.a.p.r.p.impl.RaftProxySequencer - PartitionProxy{2}{type=io.atomix.protocols.raft.RaftTest$TestPrimitiveType@35bfa1bb, name=raft-test} - Completing response CommandResponse{status=OK, index=29, eventIndex=2, result=byte[]{length=2, hash=1298}}
22:45:52.058 [raft-client-4d6eb0c5-808f-4bee-91ae-78c435ccd24a-1] TRACE i.a.p.r.p.impl.RaftProxyConnection - PartitionProxy{2}{type=io.atomix.protocols.raft.RaftTest$TestPrimitiveType@35bfa1bb, name=raft-test} - Sending CommandRequest{session=2, sequence=22, operation=PrimitiveOperation{id=DefaultOperationId{id=write, type=COMMAND}, value=byte[]{length=17, hash=-1644578928}}} to 2
22:45:52.058 [raft-server-2] TRACE i.a.protocols.raft.roles.LeaderRole - RaftServer{2}{role=LEADER} - Received CommandRequest{session=2, sequence=22, operation=PrimitiveOperation{id=DefaultOperationId{id=write, type=COMMAND}, value=byte[]{length=17, hash=-1644578928}}}
22:45:52.058 [raft-server-2] TRACE i.a.protocols.raft.roles.LeaderRole - RaftServer{2}{role=LEADER} - Appended Indexed{index=34, entry=CommandEntry{term=3, timestamp=2018-06-07 10:45:52,058, session=2, sequence=22, operation=PrimitiveOperation{id=DefaultOperationId{id=write, type=COMMAND}, value=byte[]{length=17, hash=-1644578928}}}}
22:45:52.058 [raft-server-2] TRACE i.a.p.raft.roles.LeaderAppender - RaftServer{2} - Sending AppendRequest{term=3, leader=2, prevLogIndex=33, prevLogTerm=3, entries=1, commitIndex=33} to 1
22:45:52.058 [raft-server-1] TRACE i.a.p.raft.roles.FollowerRole - RaftServer{1}{role=FOLLOWER} - Received AppendRequest{term=3, leader=2, prevLogIndex=33, prevLogTerm=3, entries=1, commitIndex=33}
22:45:52.058 [raft-server-1] TRACE i.a.p.raft.roles.FollowerRole - RaftServer{1}{role=FOLLOWER} - Appended Indexed{index=34, entry=CommandEntry{term=3, timestamp=2018-06-07 10:45:52,058, session=2, sequence=22, operation=PrimitiveOperation{id=DefaultOperationId{id=write, type=COMMAND}, value=byte[]{length=17, hash=-1644578928}}}}
22:45:52.059 [raft-server-1] TRACE i.a.p.raft.roles.FollowerRole - RaftServer{1}{role=FOLLOWER} - Sending AppendResponse{status=OK, term=3, succeeded=true, lastLogIndex=34}
22:45:52.059 [raft-server-2] TRACE i.a.p.raft.roles.LeaderAppender - RaftServer{2} - Received AppendResponse{status=OK, term=3, succeeded=true, lastLogIndex=34} from 1
22:45:52.059 [raft-server-2] TRACE i.a.p.raft.roles.LeaderAppender - RaftServer{2} - Committed entries up to 34
22:45:52.198 [raft-server-3] TRACE i.a.p.raft.roles.FollowerRole - RaftServer{3}{role=FOLLOWER} - Committed entries up to index 32
22:45:52.198 [raft-server-3] TRACE i.a.p.raft.roles.FollowerRole - RaftServer{3}{role=FOLLOWER} - Sending AppendResponse{status=OK, term=3, succeeded=true, lastLogIndex=33}
22:45:52.199 [raft-server-3-state] TRACE i.a.p.raft.impl.RaftServiceManager - RaftServer{3} - Applying Indexed{index=29, entry=CommandEntry{term=1, timestamp=2018-06-07 10:45:44,465, session=2, sequence=21, operation=PrimitiveOperation{id=DefaultOperationId{id=write, type=COMMAND}, value=byte[]{length=17, hash=-1644578928}}}}
22:45:52.199 [raft-server-3-state] TRACE i.a.p.s.impl.DefaultServiceExecutor - PrimitiveService{2}{type=io.atomix.protocols.raft.RaftTest$TestPrimitiveType@12cd62fc, name=raft-test} - Executing DefaultCommit{index=29, session=RaftSession{RaftServiceContext{server=3, type=io.atomix.protocols.raft.RaftTest$TestPrimitiveType@12cd62fc, name=raft-test, id=2}, session=2, timestamp=2018-06-07 10:45:44,465}, time=2018-06-07 10:45:44,465, operation=DefaultOperationId{id=write, type=COMMAND}, value=byte[]{length=17, hash=-1644578928}}
22:45:52.199 [raft-server-3-state] TRACE i.a.p.raft.impl.RaftServiceManager - RaftServer{3} - Applying Indexed{index=30, entry=CommandEntry{term=1, timestamp=2018-06-07 10:45:45,466, session=2, sequence=21, operation=PrimitiveOperation{id=DefaultOperationId{id=write, type=COMMAND}, value=byte[]{length=17, hash=-1644578928}}}}
22:45:52.199 [raft-server-3-state] TRACE i.a.p.r.service.RaftServiceContext - PrimitiveService{2}{type=io.atomix.protocols.raft.RaftTest$TestPrimitiveType@12cd62fc, name=raft-test} - Returning cached result for command with sequence number 21 < 22
22:45:52.200 [raft-server-3-state] TRACE i.a.p.raft.impl.RaftServiceManager - RaftServer{3} - Applying Indexed{index=31, entry=KeepAliveEntry{term=1, timestamp=2018-06-07 10:45:46,190, sessionIds=long[]{length=1, hash=33}, commandSequences=long[]{length=1, hash=51}, eventIndexes=long[]{length=1, hash=33}}}
22:45:52.200 [raft-server-3-state] TRACE i.a.p.raft.impl.RaftServiceManager - RaftServer{3} - Applying Indexed{index=32, entry=InitializeEntry{term=3, timestamp=2018-06-07 10:45:51,657}}
22:45:52.200 [raft-server-3-state] DEBUG i.a.p.r.service.RaftServiceContext - PrimitiveService{2}{type=io.atomix.protocols.raft.RaftTest$TestPrimitiveType@12cd62fc, name=raft-test} - Resetting session timeouts
22:45:52.246 [raft-server-2] TRACE i.a.p.raft.roles.LeaderAppender - RaftServer{2} - Sending AppendRequest{term=3, leader=2, prevLogIndex=34, prevLogTerm=3, entries=0, commitIndex=34} to 1
22:45:52.246 [raft-server-2] TRACE i.a.p.raft.roles.LeaderAppender - RaftServer{2} - Received AppendResponse{status=OK, term=3, succeeded=true, lastLogIndex=33} from 3
22:45:52.246 [raft-server-1] TRACE i.a.p.raft.roles.FollowerRole - RaftServer{1}{role=FOLLOWER} - Received AppendRequest{term=3, leader=2, prevLogIndex=34, prevLogTerm=3, entries=0, commitIndex=34}
22:45:52.246 [raft-server-2] TRACE i.a.p.raft.roles.LeaderAppender - RaftServer{2} - Sending AppendRequest{term=3, leader=2, prevLogIndex=33, prevLogTerm=3, entries=1, commitIndex=34} to 3
22:45:52.246 [raft-server-3] TRACE i.a.p.raft.roles.FollowerRole - RaftServer{3}{role=FOLLOWER} - Received AppendRequest{term=3, leader=2, prevLogIndex=33, prevLogTerm=3, entries=1, commitIndex=34}
22:45:52.246 [raft-server-3] TRACE i.a.p.raft.roles.FollowerRole - RaftServer{3}{role=FOLLOWER} - Appended Indexed{index=34, entry=CommandEntry{term=3, timestamp=2018-06-07 10:45:52,058, session=2, sequence=22, operation=PrimitiveOperation{id=DefaultOperationId{id=write, type=COMMAND}, value=byte[]{length=17, hash=-1644578928}}}}
22:45:52.246 [raft-server-2-state] TRACE i.a.p.raft.impl.RaftServiceManager - RaftServer{2} - Applying Indexed{index=34, entry=CommandEntry{term=3, timestamp=2018-06-07 10:45:52,058, session=2, sequence=22, operation=PrimitiveOperation{id=DefaultOperationId{id=write, type=COMMAND}, value=byte[]{length=17, hash=-1644578928}}}}
22:45:52.247 [raft-server-2-state] TRACE i.a.p.s.impl.DefaultServiceExecutor - PrimitiveService{2}{type=io.atomix.protocols.raft.RaftTest$TestPrimitiveType@2fa5f551, name=raft-test} - Executing DefaultCommit{index=34, session=RaftSession{RaftServiceContext{server=2, type=io.atomix.protocols.raft.RaftTest$TestPrimitiveType@2fa5f551, name=raft-test, id=2}, session=2, timestamp=2018-06-07 10:45:52,058}, time=2018-06-07 10:45:52,058, operation=DefaultOperationId{id=write, type=COMMAND}, value=byte[]{length=17, hash=-1644578928}}
22:45:52.247 [raft-server-2-state] TRACE i.a.protocols.raft.roles.LeaderRole - RaftServer{2}{role=LEADER} - Sending CommandResponse{status=OK, index=34, eventIndex=2, result=byte[]{length=2, hash=1308}}
22:45:52.247 [raft-client-4d6eb0c5-808f-4bee-91ae-78c435ccd24a-7] TRACE i.a.p.r.p.impl.RaftProxyConnection - PartitionProxy{2}{type=io.atomix.protocols.raft.RaftTest$TestPrimitiveType@35bfa1bb, name=raft-test} - Received CommandResponse{status=OK, index=34, eventIndex=2, result=byte[]{length=2, hash=1308}} from 2
22:45:52.247 [raft-client-4d6eb0c5-808f-4bee-91ae-78c435ccd24a-7] TRACE i.a.p.r.p.impl.RaftProxySequencer - PartitionProxy{2}{type=io.atomix.protocols.raft.RaftTest$TestPrimitiveType@35bfa1bb, name=raft-test} - Completing response CommandResponse{status=OK, index=34, eventIndex=2, result=byte[]{length=2, hash=1308}}
22:45:52.248 [raft-client-4d6eb0c5-808f-4bee-91ae-78c435ccd24a-3] TRACE i.a.p.r.p.impl.RaftProxyConnection - PartitionProxy{2}{type=io.atomix.protocols.raft.RaftTest$TestPrimitiveType@35bfa1bb, name=raft-test} - Sending CommandRequest{session=2, sequence=23, operation=PrimitiveOperation{id=DefaultOperationId{id=write, type=COMMAND}, value=byte[]{length=17, hash=-1644578928}}} to 2
22:45:52.248 [raft-server-2] TRACE i.a.protocols.raft.roles.LeaderRole - RaftServer{2}{role=LEADER} - Received CommandRequest{session=2, sequence=23, operation=PrimitiveOperation{id=DefaultOperationId{id=write, type=COMMAND}, value=byte[]{length=17, hash=-1644578928}}}
22:45:52.248 [raft-server-2] TRACE i.a.protocols.raft.roles.LeaderRole - RaftServer{2}{role=LEADER} - Appended Indexed{index=35, entry=CommandEntry{term=3, timestamp=2018-06-07 10:45:52,248, session=2, sequence=23, operation=PrimitiveOperation{id=DefaultOperationId{id=write, type=COMMAND}, value=byte[]{length=17, hash=-1644578928}}}}
22:45:52.297 [raft-server-1] TRACE i.a.p.raft.roles.FollowerRole - RaftServer{1}{role=FOLLOWER} - Committed entries up to index 34
22:45:52.297 [raft-server-1] TRACE i.a.p.raft.roles.FollowerRole - RaftServer{1}{role=FOLLOWER} - Sending AppendResponse{status=OK, term=3, succeeded=true, lastLogIndex=34}
22:45:52.297 [raft-server-2] TRACE i.a.p.raft.roles.LeaderAppender - RaftServer{2} - Received AppendResponse{status=OK, term=3, succeeded=true, lastLogIndex=34} from 1
22:45:52.297 [raft-server-2] TRACE i.a.p.raft.roles.LeaderAppender - RaftServer{2} - Sending AppendRequest{term=3, leader=2, prevLogIndex=34, prevLogTerm=3, entries=1, commitIndex=34} to 1
22:45:52.297 [raft-server-1-state] TRACE i.a.p.raft.impl.RaftServiceManager - RaftServer{1} - Applying Indexed{index=34, entry=CommandEntry{term=3, timestamp=2018-06-07 10:45:52,058, session=2, sequence=22, operation=PrimitiveOperation{id=DefaultOperationId{id=write, type=COMMAND}, value=byte[]{length=17, hash=-1644578928}}}}
22:45:52.297 [raft-server-1] TRACE i.a.p.raft.roles.FollowerRole - RaftServer{1}{role=FOLLOWER} - Received AppendRequest{term=3, leader=2, prevLogIndex=34, prevLogTerm=3, entries=1, commitIndex=34}
22:45:52.297 [raft-server-1] TRACE i.a.p.raft.roles.FollowerRole - RaftServer{1}{role=FOLLOWER} - Appended Indexed{index=35, entry=CommandEntry{term=3, timestamp=2018-06-07 10:45:52,248, session=2, sequence=23, operation=PrimitiveOperation{id=DefaultOperationId{id=write, type=COMMAND}, value=byte[]{length=17, hash=-1644578928}}}}
22:45:52.298 [raft-server-1] TRACE i.a.p.raft.roles.FollowerRole - RaftServer{1}{role=FOLLOWER} - Sending AppendResponse{status=OK, term=3, succeeded=true, lastLogIndex=35}
22:45:52.298 [raft-server-2] TRACE i.a.p.raft.roles.LeaderAppender - RaftServer{2} - Received AppendResponse{status=OK, term=3, succeeded=true, lastLogIndex=35} from 1
22:45:52.298 [raft-server-2] TRACE i.a.p.raft.roles.LeaderAppender - RaftServer{2} - Committed entries up to 35
22:45:52.297 [raft-server-1-state] TRACE i.a.p.s.impl.DefaultServiceExecutor - PrimitiveService{2}{type=io.atomix.protocols.raft.RaftTest$TestPrimitiveType@54705ce8, name=raft-test} - Executing DefaultCommit{index=34, session=RaftSession{RaftServiceContext{server=1, type=io.atomix.protocols.raft.RaftTest$TestPrimitiveType@54705ce8, name=raft-test, id=2}, session=2, timestamp=2018-06-07 10:45:52,058}, time=2018-06-07 10:45:52,058, operation=DefaultOperationId{id=write, type=COMMAND}, value=byte[]{length=17, hash=-1644578928}}
22:45:52.394 [raft-server-3] TRACE i.a.p.raft.roles.FollowerRole - RaftServer{3}{role=FOLLOWER} - Committed entries up to index 34
22:45:52.395 [raft-server-3] TRACE i.a.p.raft.roles.FollowerRole - RaftServer{3}{role=FOLLOWER} - Sending AppendResponse{status=OK, term=3, succeeded=true, lastLogIndex=34}
22:45:52.395 [raft-server-3-state] TRACE i.a.p.raft.impl.RaftServiceManager - RaftServer{3} - Applying Indexed{index=33, entry=CommandEntry{term=3, timestamp=2018-06-07 10:45:51,818, session=2, sequence=21, operation=PrimitiveOperation{id=DefaultOperationId{id=write, type=COMMAND}, value=byte[]{length=17, hash=-1644578928}}}}
22:45:52.395 [raft-server-3-state] TRACE i.a.p.r.service.RaftServiceContext - PrimitiveService{2}{type=io.atomix.protocols.raft.RaftTest$TestPrimitiveType@12cd62fc, name=raft-test} - Returning cached result for command with sequence number 21 < 22
22:45:52.395 [raft-server-3-state] TRACE i.a.p.raft.impl.RaftServiceManager - RaftServer{3} - Applying Indexed{index=34, entry=CommandEntry{term=3, timestamp=2018-06-07 10:45:52,058, session=2, sequence=22, operation=PrimitiveOperation{id=DefaultOperationId{id=write, type=COMMAND}, value=byte[]{length=17, hash=-1644578928}}}}
22:45:52.396 [raft-server-3-state] TRACE i.a.p.s.impl.DefaultServiceExecutor - PrimitiveService{2}{type=io.atomix.protocols.raft.RaftTest$TestPrimitiveType@12cd62fc, name=raft-test} - Executing DefaultCommit{index=34, session=RaftSession{RaftServiceContext{server=3, type=io.atomix.protocols.raft.RaftTest$TestPrimitiveType@12cd62fc, name=raft-test, id=2}, session=2, timestamp=2018-06-07 10:45:52,058}, time=2018-06-07 10:45:52,058, operation=DefaultOperationId{id=write, type=COMMAND}, value=byte[]{length=17, hash=-1644578928}}
22:45:52.579 [raft-server-2] TRACE i.a.p.raft.roles.LeaderAppender - RaftServer{2} - Received AppendResponse{status=OK, term=3, succeeded=true, lastLogIndex=34} from 3
22:45:52.579 [raft-server-2] TRACE i.a.p.raft.roles.LeaderAppender - RaftServer{2} - Sending AppendRequest{term=3, leader=2, prevLogIndex=34, prevLogTerm=3, entries=1, commitIndex=35} to 3
22:45:52.579 [raft-server-3] TRACE i.a.p.raft.roles.FollowerRole - RaftServer{3}{role=FOLLOWER} - Received AppendRequest{term=3, leader=2, prevLogIndex=34, prevLogTerm=3, entries=1, commitIndex=35}
22:45:52.579 [raft-server-2] TRACE i.a.p.raft.roles.LeaderAppender - RaftServer{2} - Sending AppendRequest{term=3, leader=2, prevLogIndex=35, prevLogTerm=3, entries=0, commitIndex=35} to 1
22:45:52.579 [raft-server-1] TRACE i.a.p.raft.roles.FollowerRole - RaftServer{1}{role=FOLLOWER} - Received AppendRequest{term=3, leader=2, prevLogIndex=35, prevLogTerm=3, entries=0, commitIndex=35}
22:45:52.580 [raft-server-2-state] TRACE i.a.p.raft.impl.RaftServiceManager - RaftServer{2} - Applying Indexed{index=35, entry=CommandEntry{term=3, timestamp=2018-06-07 10:45:52,248, session=2, sequence=23, operation=PrimitiveOperation{id=DefaultOperationId{id=write, type=COMMAND}, value=byte[]{length=17, hash=-1644578928}}}}
22:45:52.580 [raft-server-3] TRACE i.a.p.raft.roles.FollowerRole - RaftServer{3}{role=FOLLOWER} - Appended Indexed{index=35, entry=CommandEntry{term=3, timestamp=2018-06-07 10:45:52,248, session=2, sequence=23, operation=PrimitiveOperation{id=DefaultOperationId{id=write, type=COMMAND}, value=byte[]{length=17, hash=-1644578928}}}}
22:45:52.580 [raft-server-2-state] TRACE i.a.p.s.impl.DefaultServiceExecutor - PrimitiveService{2}{type=io.atomix.protocols.raft.RaftTest$TestPrimitiveType@2fa5f551, name=raft-test} - Executing DefaultCommit{index=35, session=RaftSession{RaftServiceContext{server=2, type=io.atomix.protocols.raft.RaftTest$TestPrimitiveType@2fa5f551, name=raft-test, id=2}, session=2, timestamp=2018-06-07 10:45:52,248}, time=2018-06-07 10:45:52,248, operation=DefaultOperationId{id=write, type=COMMAND}, value=byte[]{length=17, hash=-1644578928}}
22:45:52.581 [raft-server-2-state] TRACE i.a.protocols.raft.roles.LeaderRole - RaftServer{2}{role=LEADER} - Sending CommandResponse{status=OK, index=35, eventIndex=2, result=byte[]{length=2, hash=1310}}
22:45:52.581 [raft-client-4d6eb0c5-808f-4bee-91ae-78c435ccd24a-5] TRACE i.a.p.r.p.impl.RaftProxyConnection - PartitionProxy{2}{type=io.atomix.protocols.raft.RaftTest$TestPrimitiveType@35bfa1bb, name=raft-test} - Received CommandResponse{status=OK, index=35, eventIndex=2, result=byte[]{length=2, hash=1310}} from 2
22:45:52.581 [raft-client-4d6eb0c5-808f-4bee-91ae-78c435ccd24a-5] TRACE i.a.p.r.p.impl.RaftProxySequencer - PartitionProxy{2}{type=io.atomix.protocols.raft.RaftTest$TestPrimitiveType@35bfa1bb, name=raft-test} - Completing response CommandResponse{status=OK, index=35, eventIndex=2, result=byte[]{length=2, hash=1310}}
22:45:52.581 [raft-client-4d6eb0c5-808f-4bee-91ae-78c435ccd24a-4] TRACE i.a.p.r.p.impl.RaftProxyConnection - PartitionProxy{2}{type=io.atomix.protocols.raft.RaftTest$TestPrimitiveType@35bfa1bb, name=raft-test} - Sending CommandRequest{session=2, sequence=24, operation=PrimitiveOperation{id=DefaultOperationId{id=write, type=COMMAND}, value=byte[]{length=17, hash=-1644578928}}} to 2
22:45:52.581 [raft-server-2] TRACE i.a.protocols.raft.roles.LeaderRole - RaftServer{2}{role=LEADER} - Received CommandRequest{session=2, sequence=24, operation=PrimitiveOperation{id=DefaultOperationId{id=write, type=COMMAND}, value=byte[]{length=17, hash=-1644578928}}}
22:45:52.581 [raft-server-2] TRACE i.a.protocols.raft.roles.LeaderRole - RaftServer{2}{role=LEADER} - Appended Indexed{index=36, entry=CommandEntry{term=3, timestamp=2018-06-07 10:45:52,581, session=2, sequence=24, operation=PrimitiveOperation{id=DefaultOperationId{id=write, type=COMMAND}, value=byte[]{length=17, hash=-1644578928}}}}
22:45:52.696 [raft-server-2] TRACE i.a.p.raft.roles.LeaderAppender - RaftServer{2} - Sending AppendRequest{term=3, leader=2, prevLogIndex=35, prevLogTerm=3, entries=1, commitIndex=35} to 1
22:45:52.862 [raft-server-1] TRACE i.a.p.raft.roles.FollowerRole - RaftServer{1}{role=FOLLOWER} - Committed entries up to index 35
22:45:52.862 [raft-server-1] TRACE i.a.p.raft.roles.FollowerRole - RaftServer{1}{role=FOLLOWER} - Sending AppendResponse{status=OK, term=3, succeeded=true, lastLogIndex=35}
22:45:52.862 [raft-server-1] TRACE i.a.p.raft.roles.FollowerRole - RaftServer{1}{role=FOLLOWER} - Received AppendRequest{term=3, leader=2, prevLogIndex=35, prevLogTerm=3, entries=1, commitIndex=35}
22:45:52.862 [raft-server-2] TRACE i.a.p.raft.roles.LeaderAppender - RaftServer{2} - Received AppendResponse{status=OK, term=3, succeeded=true, lastLogIndex=35} from 1
22:45:52.863 [raft-server-2] TRACE i.a.p.raft.roles.LeaderAppender - RaftServer{2} - Sending AppendRequest{term=3, leader=2, prevLogIndex=35, prevLogTerm=3, entries=1, commitIndex=35} to 3
22:45:52.863 [raft-server-1] TRACE i.a.p.raft.roles.FollowerRole - RaftServer{1}{role=FOLLOWER} - Appended Indexed{index=36, entry=CommandEntry{term=3, timestamp=2018-06-07 10:45:52,581, session=2, sequence=24, operation=PrimitiveOperation{id=DefaultOperationId{id=write, type=COMMAND}, value=byte[]{length=17, hash=-1644578928}}}}
22:45:52.863 [raft-server-1] TRACE i.a.p.raft.roles.FollowerRole - RaftServer{1}{role=FOLLOWER} - Sending AppendResponse{status=OK, term=3, succeeded=true, lastLogIndex=36}
22:45:52.863 [raft-server-1-state] TRACE i.a.p.raft.impl.RaftServiceManager - RaftServer{1} - Applying Indexed{index=35, entry=CommandEntry{term=3, timestamp=2018-06-07 10:45:52,248, session=2, sequence=23, operation=PrimitiveOperation{id=DefaultOperationId{id=write, type=COMMAND}, value=byte[]{length=17, hash=-1644578928}}}}
22:45:52.863 [raft-server-1-state] TRACE i.a.p.s.impl.DefaultServiceExecutor - PrimitiveService{2}{type=io.atomix.protocols.raft.RaftTest$TestPrimitiveType@54705ce8, name=raft-test} - Executing DefaultCommit{index=35, session=RaftSession{RaftServiceContext{server=1, type=io.atomix.protocols.raft.RaftTest$TestPrimitiveType@54705ce8, name=raft-test, id=2}, session=2, timestamp=2018-06-07 10:45:52,248}, time=2018-06-07 10:45:52,248, operation=DefaultOperationId{id=write, type=COMMAND}, value=byte[]{length=17, hash=-1644578928}}
22:45:52.864 [raft-server-2] TRACE i.a.p.raft.roles.LeaderAppender - RaftServer{2} - Received AppendResponse{status=OK, term=3, succeeded=true, lastLogIndex=36} from 1
22:45:52.864 [raft-server-2] TRACE i.a.p.raft.roles.LeaderAppender - RaftServer{2} - Committed entries up to 36
22:45:52.865 [raft-client-4d6eb0c5-808f-4bee-91ae-78c435ccd24a-6] TRACE i.a.p.r.proxy.impl.RaftProxyManager - RaftClient{4d6eb0c5-808f-4bee-91ae-78c435ccd24a} - Keeping 1 sessions alive
22:45:52.865 [raft-client-4d6eb0c5-808f-4bee-91ae-78c435ccd24a-6] TRACE i.a.p.r.p.impl.RaftProxyConnection - RaftClient{4d6eb0c5-808f-4bee-91ae-78c435ccd24a} - Sending KeepAliveRequest{sessionIds=long[]{length=1, hash=33}, commandSequences=long[]{length=1, hash=54}, eventIndexes=long[]{length=1, hash=33}} to 1
22:45:52.865 [raft-server-1] TRACE i.a.p.raft.roles.FollowerRole - RaftServer{1}{role=FOLLOWER} - Received KeepAliveRequest{sessionIds=long[]{length=1, hash=33}, commandSequences=long[]{length=1, hash=54}, eventIndexes=long[]{length=1, hash=33}}
22:45:53.108 [raft-server-3] TRACE i.a.p.raft.roles.FollowerRole - RaftServer{3}{role=FOLLOWER} - Committed entries up to index 35
22:45:53.108 [raft-server-3] TRACE i.a.p.raft.roles.FollowerRole - RaftServer{3}{role=FOLLOWER} - Sending AppendResponse{status=OK, term=3, succeeded=true, lastLogIndex=35}
22:45:53.108 [raft-server-3] TRACE i.a.p.raft.roles.FollowerRole - RaftServer{3}{role=FOLLOWER} - Received AppendRequest{term=3, leader=2, prevLogIndex=35, prevLogTerm=3, entries=1, commitIndex=35}
22:45:53.108 [raft-server-3] TRACE i.a.p.raft.roles.FollowerRole - RaftServer{3}{role=FOLLOWER} - Appended Indexed{index=36, entry=CommandEntry{term=3, timestamp=2018-06-07 10:45:52,581, session=2, sequence=24, operation=PrimitiveOperation{id=DefaultOperationId{id=write, type=COMMAND}, value=byte[]{length=17, hash=-1644578928}}}}
22:45:53.108 [raft-server-3] TRACE i.a.p.raft.roles.FollowerRole - RaftServer{3}{role=FOLLOWER} - Sending AppendResponse{status=OK, term=3, succeeded=true, lastLogIndex=36}
22:45:53.109 [raft-server-3-state] TRACE i.a.p.raft.impl.RaftServiceManager - RaftServer{3} - Applying Indexed{index=35, entry=CommandEntry{term=3, timestamp=2018-06-07 10:45:52,248, session=2, sequence=23, operation=PrimitiveOperation{id=DefaultOperationId{id=write, type=COMMAND}, value=byte[]{length=17, hash=-1644578928}}}}
22:45:53.109 [raft-server-3-state] TRACE i.a.p.s.impl.DefaultServiceExecutor - PrimitiveService{2}{type=io.atomix.protocols.raft.RaftTest$TestPrimitiveType@12cd62fc, name=raft-test} - Executing DefaultCommit{index=35, session=RaftSession{RaftServiceContext{server=3, type=io.atomix.protocols.raft.RaftTest$TestPrimitiveType@12cd62fc, name=raft-test, id=2}, session=2, timestamp=2018-06-07 10:45:52,248}, time=2018-06-07 10:45:52,248, operation=DefaultOperationId{id=write, type=COMMAND}, value=byte[]{length=17, hash=-1644578928}}
22:45:53.213 [raft-server-2] TRACE i.a.p.raft.roles.LeaderAppender - RaftServer{2} - Sending AppendRequest{term=3, leader=2, prevLogIndex=36, prevLogTerm=3, entries=0, commitIndex=36} to 1
22:45:53.214 [raft-server-2] TRACE i.a.protocols.raft.roles.LeaderRole - RaftServer{2}{role=LEADER} - Received KeepAliveRequest{sessionIds=long[]{length=1, hash=33}, commandSequences=long[]{length=1, hash=54}, eventIndexes=long[]{length=1, hash=33}}
22:45:53.214 [raft-server-1] TRACE i.a.p.raft.roles.FollowerRole - RaftServer{1}{role=FOLLOWER} - Received AppendRequest{term=3, leader=2, prevLogIndex=36, prevLogTerm=3, entries=0, commitIndex=36}
22:45:53.214 [raft-server-2] TRACE i.a.protocols.raft.roles.LeaderRole - RaftServer{2}{role=LEADER} - Appended Indexed{index=37, entry=KeepAliveEntry{term=3, timestamp=2018-06-07 10:45:53,214, sessionIds=long[]{length=1, hash=33}, commandSequences=long[]{length=1, hash=54}, eventIndexes=long[]{length=1, hash=33}}}
22:45:53.214 [raft-server-2] TRACE i.a.p.raft.roles.LeaderAppender - RaftServer{2} - Received AppendResponse{status=OK, term=3, succeeded=true, lastLogIndex=35} from 3
22:45:53.214 [raft-server-2] TRACE i.a.p.raft.roles.LeaderAppender - RaftServer{2} - Sending AppendRequest{term=3, leader=2, prevLogIndex=36, prevLogTerm=3, entries=1, commitIndex=36} to 3
22:45:53.214 [raft-server-2] TRACE i.a.p.raft.roles.LeaderAppender - RaftServer{2} - Received AppendResponse{status=OK, term=3, succeeded=true, lastLogIndex=36} from 3
22:45:53.214 [raft-server-2-state] TRACE i.a.p.raft.impl.RaftServiceManager - RaftServer{2} - Applying Indexed{index=36, entry=CommandEntry{term=3, timestamp=2018-06-07 10:45:52,581, session=2, sequence=24, operation=PrimitiveOperation{id=DefaultOperationId{id=write, type=COMMAND}, value=byte[]{length=17, hash=-1644578928}}}}
22:45:53.214 [raft-server-3] TRACE i.a.p.raft.roles.FollowerRole - RaftServer{3}{role=FOLLOWER} - Received AppendRequest{term=3, leader=2, prevLogIndex=36, prevLogTerm=3, entries=1, commitIndex=36}
22:45:53.214 [raft-server-2-state] TRACE i.a.p.s.impl.DefaultServiceExecutor - PrimitiveService{2}{type=io.atomix.protocols.raft.RaftTest$TestPrimitiveType@2fa5f551, name=raft-test} - Executing DefaultCommit{index=36, session=RaftSession{RaftServiceContext{server=2, type=io.atomix.protocols.raft.RaftTest$TestPrimitiveType@2fa5f551, name=raft-test, id=2}, session=2, timestamp=2018-06-07 10:45:52,581}, time=2018-06-07 10:45:52,581, operation=DefaultOperationId{id=write, type=COMMAND}, value=byte[]{length=17, hash=-1644578928}}
22:45:53.215 [raft-server-3] TRACE i.a.p.raft.roles.FollowerRole - RaftServer{3}{role=FOLLOWER} - Appended Indexed{index=37, entry=KeepAliveEntry{term=3, timestamp=2018-06-07 10:45:53,214, sessionIds=long[]{length=1, hash=33}, commandSequences=long[]{length=1, hash=54}, eventIndexes=long[]{length=1, hash=33}}}
22:45:53.215 [raft-server-2-state] TRACE i.a.protocols.raft.roles.LeaderRole - RaftServer{2}{role=LEADER} - Sending CommandResponse{status=OK, index=36, eventIndex=2, result=byte[]{length=2, hash=1312}}
22:45:53.215 [raft-client-4d6eb0c5-808f-4bee-91ae-78c435ccd24a-0] TRACE i.a.p.r.p.impl.RaftProxyConnection - PartitionProxy{2}{type=io.atomix.protocols.raft.RaftTest$TestPrimitiveType@35bfa1bb, name=raft-test} - Received CommandResponse{status=OK, index=36, eventIndex=2, result=byte[]{length=2, hash=1312}} from 2
22:45:53.215 [raft-client-4d6eb0c5-808f-4bee-91ae-78c435ccd24a-0] TRACE i.a.p.r.p.impl.RaftProxySequencer - PartitionProxy{2}{type=io.atomix.protocols.raft.RaftTest$TestPrimitiveType@35bfa1bb, name=raft-test} - Completing response CommandResponse{status=OK, index=36, eventIndex=2, result=byte[]{length=2, hash=1312}}
22:45:53.215 [raft-client-4d6eb0c5-808f-4bee-91ae-78c435ccd24a-4] TRACE i.a.p.r.p.impl.RaftProxyConnection - PartitionProxy{2}{type=io.atomix.protocols.raft.RaftTest$TestPrimitiveType@35bfa1bb, name=raft-test} - Sending CommandRequest{session=2, sequence=25, operation=PrimitiveOperation{id=DefaultOperationId{id=write, type=COMMAND}, value=byte[]{length=17, hash=-1644578928}}} to 2
22:45:53.215 [raft-server-2] TRACE i.a.protocols.raft.roles.LeaderRole - RaftServer{2}{role=LEADER} - Received CommandRequest{session=2, sequence=25, operation=PrimitiveOperation{id=DefaultOperationId{id=write, type=COMMAND}, value=byte[]{length=17, hash=-1644578928}}}
22:45:53.216 [raft-server-2] TRACE i.a.protocols.raft.roles.LeaderRole - RaftServer{2}{role=LEADER} - Appended Indexed{index=38, entry=CommandEntry{term=3, timestamp=2018-06-07 10:45:53,215, session=2, sequence=25, operation=PrimitiveOperation{id=DefaultOperationId{id=write, type=COMMAND}, value=byte[]{length=17, hash=-1644578928}}}}
22:45:53.303 [raft-server-1] TRACE i.a.p.raft.roles.FollowerRole - RaftServer{1}{role=FOLLOWER} - Committed entries up to index 36
22:45:53.303 [raft-server-1] TRACE i.a.p.raft.roles.FollowerRole - RaftServer{1}{role=FOLLOWER} - Sending AppendResponse{status=OK, term=3, succeeded=true, lastLogIndex=36}
22:45:53.303 [raft-server-2] TRACE i.a.p.raft.roles.LeaderAppender - RaftServer{2} - Received AppendResponse{status=OK, term=3, succeeded=true, lastLogIndex=36} from 1
22:45:53.303 [raft-server-2] TRACE i.a.p.raft.roles.LeaderAppender - RaftServer{2} - Sending AppendRequest{term=3, leader=2, prevLogIndex=36, prevLogTerm=3, entries=2, commitIndex=36} to 1
22:45:53.303 [raft-server-1-state] TRACE i.a.p.raft.impl.RaftServiceManager - RaftServer{1} - Applying Indexed{index=36, entry=CommandEntry{term=3, timestamp=2018-06-07 10:45:52,581, session=2, sequence=24, operation=PrimitiveOperation{id=DefaultOperationId{id=write, type=COMMAND}, value=byte[]{length=17, hash=-1644578928}}}}
22:45:53.304 [raft-server-1-state] TRACE i.a.p.s.impl.DefaultServiceExecutor - PrimitiveService{2}{type=io.atomix.protocols.raft.RaftTest$TestPrimitiveType@54705ce8, name=raft-test} - Executing DefaultCommit{index=36, session=RaftSession{RaftServiceContext{server=1, type=io.atomix.protocols.raft.RaftTest$TestPrimitiveType@54705ce8, name=raft-test, id=2}, session=2, timestamp=2018-06-07 10:45:52,581}, time=2018-06-07 10:45:52,581, operation=DefaultOperationId{id=write, type=COMMAND}, value=byte[]{length=17, hash=-1644578928}}
22:45:53.304 [raft-server-1] TRACE i.a.p.raft.roles.FollowerRole - RaftServer{1}{role=FOLLOWER} - Received AppendRequest{term=3, leader=2, prevLogIndex=36, prevLogTerm=3, entries=2, commitIndex=36}
22:45:53.304 [raft-server-1] TRACE i.a.p.raft.roles.FollowerRole - RaftServer{1}{role=FOLLOWER} - Appended Indexed{index=37, entry=KeepAliveEntry{term=3, timestamp=2018-06-07 10:45:53,214, sessionIds=long[]{length=1, hash=33}, commandSequences=long[]{length=1, hash=54}, eventIndexes=long[]{length=1, hash=33}}}
22:45:53.305 [raft-server-1] TRACE i.a.p.raft.roles.FollowerRole - RaftServer{1}{role=FOLLOWER} - Appended Indexed{index=38, entry=CommandEntry{term=3, timestamp=2018-06-07 10:45:53,215, session=2, sequence=25, operation=PrimitiveOperation{id=DefaultOperationId{id=write, type=COMMAND}, value=byte[]{length=17, hash=-1644578928}}}}
22:45:53.305 [raft-server-1] TRACE i.a.p.raft.roles.FollowerRole - RaftServer{1}{role=FOLLOWER} - Sending AppendResponse{status=OK, term=3, succeeded=true, lastLogIndex=38}
22:45:53.305 [raft-server-2] TRACE i.a.p.raft.roles.LeaderAppender - RaftServer{2} - Received AppendResponse{status=OK, term=3, succeeded=true, lastLogIndex=38} from 1
22:45:53.305 [raft-server-2] TRACE i.a.p.raft.roles.LeaderAppender - RaftServer{2} - Committed entries up to 38
22:45:53.356 [raft-server-3] TRACE i.a.p.raft.roles.FollowerRole - RaftServer{3}{role=FOLLOWER} - Committed entries up to index 36
22:45:53.356 [raft-server-3] TRACE i.a.p.raft.roles.FollowerRole - RaftServer{3}{role=FOLLOWER} - Sending AppendResponse{status=OK, term=3, succeeded=true, lastLogIndex=37}
22:45:53.357 [raft-server-3-state] TRACE i.a.p.raft.impl.RaftServiceManager - RaftServer{3} - Applying Indexed{index=36, entry=CommandEntry{term=3, timestamp=2018-06-07 10:45:52,581, session=2, sequence=24, operation=PrimitiveOperation{id=DefaultOperationId{id=write, type=COMMAND}, value=byte[]{length=17, hash=-1644578928}}}}
22:45:53.357 [raft-server-3-state] TRACE i.a.p.s.impl.DefaultServiceExecutor - PrimitiveService{2}{type=io.atomix.protocols.raft.RaftTest$TestPrimitiveType@12cd62fc, name=raft-test} - Executing DefaultCommit{index=36, session=RaftSession{RaftServiceContext{server=3, type=io.atomix.protocols.raft.RaftTest$TestPrimitiveType@12cd62fc, name=raft-test, id=2}, session=2, timestamp=2018-06-07 10:45:52,581}, time=2018-06-07 10:45:52,581, operation=DefaultOperationId{id=write, type=COMMAND}, value=byte[]{length=17, hash=-1644578928}}
22:45:53.514 [raft-server-2] TRACE i.a.p.raft.roles.LeaderAppender - RaftServer{2} - Received AppendResponse{status=OK, term=3, succeeded=true, lastLogIndex=37} from 3
22:45:53.514 [raft-server-2] TRACE i.a.p.raft.roles.LeaderAppender - RaftServer{2} - Sending AppendRequest{term=3, leader=2, prevLogIndex=37, prevLogTerm=3, entries=1, commitIndex=38} to 3
22:45:53.514 [raft-server-3] TRACE i.a.p.raft.roles.FollowerRole - RaftServer{3}{role=FOLLOWER} - Received AppendRequest{term=3, leader=2, prevLogIndex=37, prevLogTerm=3, entries=1, commitIndex=38}
22:45:53.514 [raft-server-2] TRACE i.a.p.raft.roles.LeaderAppender - RaftServer{2} - Sending AppendRequest{term=3, leader=2, prevLogIndex=38, prevLogTerm=3, entries=0, commitIndex=38} to 1
22:45:53.514 [raft-server-1] TRACE i.a.p.raft.roles.FollowerRole - RaftServer{1}{role=FOLLOWER} - Received AppendRequest{term=3, leader=2, prevLogIndex=38, prevLogTerm=3, entries=0, commitIndex=38}
22:45:53.514 [raft-server-3] TRACE i.a.p.raft.roles.FollowerRole - RaftServer{3}{role=FOLLOWER} - Appended Indexed{index=38, entry=CommandEntry{term=3, timestamp=2018-06-07 10:45:53,215, session=2, sequence=25, operation=PrimitiveOperation{id=DefaultOperationId{id=write, type=COMMAND}, value=byte[]{length=17, hash=-1644578928}}}}
22:45:53.514 [raft-server-2-state] TRACE i.a.p.raft.impl.RaftServiceManager - RaftServer{2} - Applying Indexed{index=37, entry=KeepAliveEntry{term=3, timestamp=2018-06-07 10:45:53,214, sessionIds=long[]{length=1, hash=33}, commandSequences=long[]{length=1, hash=54}, eventIndexes=long[]{length=1, hash=33}}}
22:45:53.514 [raft-server-2-state] TRACE i.a.p.raft.impl.RaftServiceManager - RaftServer{2} - Applying Indexed{index=38, entry=CommandEntry{term=3, timestamp=2018-06-07 10:45:53,215, session=2, sequence=25, operation=PrimitiveOperation{id=DefaultOperationId{id=write, type=COMMAND}, value=byte[]{length=17, hash=-1644578928}}}}
22:45:53.514 [raft-server-2] TRACE i.a.protocols.raft.roles.LeaderRole - RaftServer{2}{role=LEADER} - Sending KeepAliveResponse{status=OK, leader=2, members=[1, 2, 3], sessionIds=long[]{length=1, hash=33}}
22:45:53.514 [raft-server-2-state] TRACE i.a.p.s.impl.DefaultServiceExecutor - PrimitiveService{2}{type=io.atomix.protocols.raft.RaftTest$TestPrimitiveType@2fa5f551, name=raft-test} - Executing DefaultCommit{index=38, session=RaftSession{RaftServiceContext{server=2, type=io.atomix.protocols.raft.RaftTest$TestPrimitiveType@2fa5f551, name=raft-test, id=2}, session=2, timestamp=2018-06-07 10:45:53,215}, time=2018-06-07 10:45:53,215, operation=DefaultOperationId{id=write, type=COMMAND}, value=byte[]{length=17, hash=-1644578928}}
22:45:53.515 [raft-server-2-state] TRACE i.a.protocols.raft.roles.LeaderRole - RaftServer{2}{role=LEADER} - Sending CommandResponse{status=OK, index=38, eventIndex=2, result=byte[]{length=2, hash=1316}}
22:45:53.515 [raft-client-4d6eb0c5-808f-4bee-91ae-78c435ccd24a-6] TRACE i.a.p.r.p.impl.RaftProxyConnection - PartitionProxy{2}{type=io.atomix.protocols.raft.RaftTest$TestPrimitiveType@35bfa1bb, name=raft-test} - Received CommandResponse{status=OK, index=38, eventIndex=2, result=byte[]{length=2, hash=1316}} from 2
22:45:53.515 [raft-client-4d6eb0c5-808f-4bee-91ae-78c435ccd24a-6] TRACE i.a.p.r.p.impl.RaftProxySequencer - PartitionProxy{2}{type=io.atomix.protocols.raft.RaftTest$TestPrimitiveType@35bfa1bb, name=raft-test} - Completing response CommandResponse{status=OK, index=38, eventIndex=2, result=byte[]{length=2, hash=1316}}
22:45:53.515 [raft-client-4d6eb0c5-808f-4bee-91ae-78c435ccd24a-6] TRACE i.a.p.r.p.impl.RaftProxyConnection - PartitionProxy{2}{type=io.atomix.protocols.raft.RaftTest$TestPrimitiveType@35bfa1bb, name=raft-test} - Sending CommandRequest{session=2, sequence=26, operation=PrimitiveOperation{id=DefaultOperationId{id=write, type=COMMAND}, value=byte[]{length=17, hash=-1644578928}}} to 2
22:45:53.515 [raft-server-2] TRACE i.a.protocols.raft.roles.LeaderRole - RaftServer{2}{role=LEADER} - Received CommandRequest{session=2, sequence=26, operation=PrimitiveOperation{id=DefaultOperationId{id=write, type=COMMAND}, value=byte[]{length=17, hash=-1644578928}}}
22:45:53.516 [raft-server-2] TRACE i.a.protocols.raft.roles.LeaderRole - RaftServer{2}{role=LEADER} - Appended Indexed{index=39, entry=CommandEntry{term=3, timestamp=2018-06-07 10:45:53,515, session=2, sequence=26, operation=PrimitiveOperation{id=DefaultOperationId{id=write, type=COMMAND}, value=byte[]{length=17, hash=-1644578928}}}}
22:45:53.696 [raft-server-2] TRACE i.a.p.raft.roles.LeaderAppender - RaftServer{2} - Sending AppendRequest{term=3, leader=2, prevLogIndex=38, prevLogTerm=3, entries=1, commitIndex=38} to 1
22:45:53.866 [raft-client-4d6eb0c5-808f-4bee-91ae-78c435ccd24a-3] DEBUG i.a.p.r.p.impl.RaftProxyConnection - RaftClient{4d6eb0c5-808f-4bee-91ae-78c435ccd24a} - KeepAliveRequest{sessionIds=long[]{length=1, hash=33}, commandSequences=long[]{length=1, hash=54}, eventIndexes=long[]{length=1, hash=33}} failed! Reason: {}
java.util.concurrent.TimeoutException: null
	at io.atomix.protocols.raft.protocol.TestRaftProtocol.lambda$scheduleTimeout$0(TestRaftProtocol.java:48) ~[test-classes/:na]
	at java.util.concurrent.Executors$RunnableAdapter.call(Executors.java:511) ~[na:1.8.0_121]
	at java.util.concurrent.FutureTask.run(FutureTask.java:266) ~[na:1.8.0_121]
	at java.util.concurrent.ScheduledThreadPoolExecutor$ScheduledFutureTask.access$201(ScheduledThreadPoolExecutor.java:180) ~[na:1.8.0_121]
	at java.util.concurrent.ScheduledThreadPoolExecutor$ScheduledFutureTask.run(ScheduledThreadPoolExecutor.java:293) ~[na:1.8.0_121]
	at java.util.concurrent.ThreadPoolExecutor.runWorker(ThreadPoolExecutor.java:1142) ~[na:1.8.0_121]
	at java.util.concurrent.ThreadPoolExecutor$Worker.run(ThreadPoolExecutor.java:617) ~[na:1.8.0_121]
	at java.lang.Thread.run(Thread.java:745) ~[na:1.8.0_121]
22:45:53.866 [raft-client-4d6eb0c5-808f-4bee-91ae-78c435ccd24a-3] TRACE i.a.p.r.p.impl.RaftProxyConnection - RaftClient{4d6eb0c5-808f-4bee-91ae-78c435ccd24a} - Resetting connection. Reason: null
22:45:53.866 [raft-client-4d6eb0c5-808f-4bee-91ae-78c435ccd24a-3] TRACE i.a.p.r.p.impl.RaftProxyConnection - RaftClient{4d6eb0c5-808f-4bee-91ae-78c435ccd24a} - Sending KeepAliveRequest{sessionIds=long[]{length=1, hash=33}, commandSequences=long[]{length=1, hash=54}, eventIndexes=long[]{length=1, hash=33}} to 2
22:45:53.867 [raft-server-2] TRACE i.a.protocols.raft.roles.LeaderRole - RaftServer{2}{role=LEADER} - Received KeepAliveRequest{sessionIds=long[]{length=1, hash=33}, commandSequences=long[]{length=1, hash=54}, eventIndexes=long[]{length=1, hash=33}}
22:45:53.867 [raft-server-2] TRACE i.a.protocols.raft.roles.LeaderRole - RaftServer{2}{role=LEADER} - Appended Indexed{index=40, entry=KeepAliveEntry{term=3, timestamp=2018-06-07 10:45:53,867, sessionIds=long[]{length=1, hash=33}, commandSequences=long[]{length=1, hash=54}, eventIndexes=long[]{length=1, hash=33}}}
22:45:53.867 [raft-server-2] TRACE i.a.p.raft.roles.LeaderAppender - RaftServer{2} - Sending AppendRequest{term=3, leader=2, prevLogIndex=38, prevLogTerm=3, entries=2, commitIndex=38} to 3
22:45:53.961 [raft-server-1] TRACE i.a.p.raft.roles.FollowerRole - RaftServer{1}{role=FOLLOWER} - Committed entries up to index 38
22:45:53.961 [raft-server-3] TRACE i.a.p.raft.roles.FollowerRole - RaftServer{3}{role=FOLLOWER} - Committed entries up to index 38
22:45:53.961 [raft-server-1] TRACE i.a.p.raft.roles.FollowerRole - RaftServer{1}{role=FOLLOWER} - Sending AppendResponse{status=OK, term=3, succeeded=true, lastLogIndex=38}
22:45:53.961 [raft-server-3] TRACE i.a.p.raft.roles.FollowerRole - RaftServer{3}{role=FOLLOWER} - Sending AppendResponse{status=OK, term=3, succeeded=true, lastLogIndex=38}
22:45:53.961 [raft-server-2] TRACE i.a.p.raft.roles.LeaderAppender - RaftServer{2} - Received AppendResponse{status=OK, term=3, succeeded=true, lastLogIndex=38} from 1
22:45:53.961 [raft-server-1] TRACE i.a.p.raft.roles.FollowerRole - RaftServer{1}{role=FOLLOWER} - Sending KeepAliveResponse{status=OK, leader=2, members=[1, 2, 3], sessionIds=long[]{length=1, hash=33}}
22:45:53.961 [raft-server-3] TRACE i.a.p.raft.roles.FollowerRole - RaftServer{3}{role=FOLLOWER} - Received AppendRequest{term=3, leader=2, prevLogIndex=38, prevLogTerm=3, entries=2, commitIndex=38}
22:45:53.961 [raft-server-1] TRACE i.a.p.raft.roles.FollowerRole - RaftServer{1}{role=FOLLOWER} - Received AppendRequest{term=3, leader=2, prevLogIndex=38, prevLogTerm=3, entries=1, commitIndex=38}
22:45:53.961 [raft-server-2] TRACE i.a.p.raft.roles.LeaderAppender - RaftServer{2} - Sending AppendRequest{term=3, leader=2, prevLogIndex=39, prevLogTerm=3, entries=1, commitIndex=38} to 1
22:45:53.962 [raft-server-2] TRACE i.a.p.raft.roles.LeaderAppender - RaftServer{2} - Received AppendResponse{status=OK, term=3, succeeded=true, lastLogIndex=38} from 3
22:45:53.962 [raft-server-1] TRACE i.a.p.raft.roles.FollowerRole - RaftServer{1}{role=FOLLOWER} - Appended Indexed{index=39, entry=CommandEntry{term=3, timestamp=2018-06-07 10:45:53,515, session=2, sequence=26, operation=PrimitiveOperation{id=DefaultOperationId{id=write, type=COMMAND}, value=byte[]{length=17, hash=-1644578928}}}}
22:45:53.962 [raft-server-3] TRACE i.a.p.raft.roles.FollowerRole - RaftServer{3}{role=FOLLOWER} - Appended Indexed{index=39, entry=CommandEntry{term=3, timestamp=2018-06-07 10:45:53,515, session=2, sequence=26, operation=PrimitiveOperation{id=DefaultOperationId{id=write, type=COMMAND}, value=byte[]{length=17, hash=-1644578928}}}}
22:45:53.962 [raft-server-1] TRACE i.a.p.raft.roles.FollowerRole - RaftServer{1}{role=FOLLOWER} - Sending AppendResponse{status=OK, term=3, succeeded=true, lastLogIndex=39}
22:45:53.962 [raft-server-1] TRACE i.a.p.raft.roles.FollowerRole - RaftServer{1}{role=FOLLOWER} - Received AppendRequest{term=3, leader=2, prevLogIndex=39, prevLogTerm=3, entries=1, commitIndex=38}
22:45:53.962 [raft-server-3] TRACE i.a.p.raft.roles.FollowerRole - RaftServer{3}{role=FOLLOWER} - Appended Indexed{index=40, entry=KeepAliveEntry{term=3, timestamp=2018-06-07 10:45:53,867, sessionIds=long[]{length=1, hash=33}, commandSequences=long[]{length=1, hash=54}, eventIndexes=long[]{length=1, hash=33}}}
22:45:53.962 [raft-server-1-state] TRACE i.a.p.raft.impl.RaftServiceManager - RaftServer{1} - Applying Indexed{index=37, entry=KeepAliveEntry{term=3, timestamp=2018-06-07 10:45:53,214, sessionIds=long[]{length=1, hash=33}, commandSequences=long[]{length=1, hash=54}, eventIndexes=long[]{length=1, hash=33}}}
22:45:53.962 [raft-server-2] TRACE i.a.p.raft.roles.LeaderAppender - RaftServer{2} - Received AppendResponse{status=OK, term=3, succeeded=true, lastLogIndex=39} from 1
22:45:53.962 [raft-server-3] TRACE i.a.p.raft.roles.FollowerRole - RaftServer{3}{role=FOLLOWER} - Sending AppendResponse{status=OK, term=3, succeeded=true, lastLogIndex=40}
22:45:53.962 [raft-server-2] TRACE i.a.p.raft.roles.LeaderAppender - RaftServer{2} - Committed entries up to 39
22:45:53.962 [raft-server-1] TRACE i.a.p.raft.roles.FollowerRole - RaftServer{1}{role=FOLLOWER} - Appended Indexed{index=40, entry=KeepAliveEntry{term=3, timestamp=2018-06-07 10:45:53,867, sessionIds=long[]{length=1, hash=33}, commandSequences=long[]{length=1, hash=54}, eventIndexes=long[]{length=1, hash=33}}}
22:45:53.962 [raft-server-1] TRACE i.a.p.raft.roles.FollowerRole - RaftServer{1}{role=FOLLOWER} - Sending AppendResponse{status=OK, term=3, succeeded=true, lastLogIndex=40}
22:45:53.962 [raft-server-3-state] TRACE i.a.p.raft.impl.RaftServiceManager - RaftServer{3} - Applying Indexed{index=37, entry=KeepAliveEntry{term=3, timestamp=2018-06-07 10:45:53,214, sessionIds=long[]{length=1, hash=33}, commandSequences=long[]{length=1, hash=54}, eventIndexes=long[]{length=1, hash=33}}}
22:45:53.962 [raft-server-1-state] TRACE i.a.p.raft.impl.RaftServiceManager - RaftServer{1} - Applying Indexed{index=38, entry=CommandEntry{term=3, timestamp=2018-06-07 10:45:53,215, session=2, sequence=25, operation=PrimitiveOperation{id=DefaultOperationId{id=write, type=COMMAND}, value=byte[]{length=17, hash=-1644578928}}}}
22:45:53.963 [raft-server-3-state] TRACE i.a.p.raft.impl.RaftServiceManager - RaftServer{3} - Applying Indexed{index=38, entry=CommandEntry{term=3, timestamp=2018-06-07 10:45:53,215, session=2, sequence=25, operation=PrimitiveOperation{id=DefaultOperationId{id=write, type=COMMAND}, value=byte[]{length=17, hash=-1644578928}}}}
22:45:53.963 [raft-server-1-state] TRACE i.a.p.s.impl.DefaultServiceExecutor - PrimitiveService{2}{type=io.atomix.protocols.raft.RaftTest$TestPrimitiveType@54705ce8, name=raft-test} - Executing DefaultCommit{index=38, session=RaftSession{RaftServiceContext{server=1, type=io.atomix.protocols.raft.RaftTest$TestPrimitiveType@54705ce8, name=raft-test, id=2}, session=2, timestamp=2018-06-07 10:45:53,215}, time=2018-06-07 10:45:53,215, operation=DefaultOperationId{id=write, type=COMMAND}, value=byte[]{length=17, hash=-1644578928}}
22:45:53.963 [raft-server-3-state] TRACE i.a.p.s.impl.DefaultServiceExecutor - PrimitiveService{2}{type=io.atomix.protocols.raft.RaftTest$TestPrimitiveType@12cd62fc, name=raft-test} - Executing DefaultCommit{index=38, session=RaftSession{RaftServiceContext{server=3, type=io.atomix.protocols.raft.RaftTest$TestPrimitiveType@12cd62fc, name=raft-test, id=2}, session=2, timestamp=2018-06-07 10:45:53,215}, time=2018-06-07 10:45:53,215, operation=DefaultOperationId{id=write, type=COMMAND}, value=byte[]{length=17, hash=-1644578928}}
22:45:54.070 [raft-server-2] TRACE i.a.p.raft.roles.LeaderAppender - RaftServer{2} - Received AppendResponse{status=OK, term=3, succeeded=true, lastLogIndex=40} from 3
22:45:54.070 [raft-server-2] TRACE i.a.p.raft.roles.LeaderAppender - RaftServer{2} - Committed entries up to 40
22:45:54.122 [raft-server-2] TRACE i.a.p.raft.roles.LeaderAppender - RaftServer{2} - Sending AppendRequest{term=3, leader=2, prevLogIndex=40, prevLogTerm=3, entries=0, commitIndex=40} to 3
22:45:54.122 [raft-server-3] TRACE i.a.p.raft.roles.FollowerRole - RaftServer{3}{role=FOLLOWER} - Received AppendRequest{term=3, leader=2, prevLogIndex=40, prevLogTerm=3, entries=0, commitIndex=40}
22:45:54.122 [raft-server-2] TRACE i.a.p.raft.roles.LeaderAppender - RaftServer{2} - Received AppendResponse{status=OK, term=3, succeeded=true, lastLogIndex=40} from 1
22:45:54.122 [raft-server-2-state] TRACE i.a.p.raft.impl.RaftServiceManager - RaftServer{2} - Applying Indexed{index=39, entry=CommandEntry{term=3, timestamp=2018-06-07 10:45:53,515, session=2, sequence=26, operation=PrimitiveOperation{id=DefaultOperationId{id=write, type=COMMAND}, value=byte[]{length=17, hash=-1644578928}}}}
22:45:54.123 [raft-server-2-state] TRACE i.a.p.s.impl.DefaultServiceExecutor - PrimitiveService{2}{type=io.atomix.protocols.raft.RaftTest$TestPrimitiveType@2fa5f551, name=raft-test} - Executing DefaultCommit{index=39, session=RaftSession{RaftServiceContext{server=2, type=io.atomix.protocols.raft.RaftTest$TestPrimitiveType@2fa5f551, name=raft-test, id=2}, session=2, timestamp=2018-06-07 10:45:53,515}, time=2018-06-07 10:45:53,515, operation=DefaultOperationId{id=write, type=COMMAND}, value=byte[]{length=17, hash=-1644578928}}
22:45:54.123 [raft-server-2-state] TRACE i.a.protocols.raft.roles.LeaderRole - RaftServer{2}{role=LEADER} - Sending CommandResponse{status=OK, index=39, eventIndex=2, result=byte[]{length=2, hash=1318}}
22:45:54.123 [raft-client-4d6eb0c5-808f-4bee-91ae-78c435ccd24a-1] TRACE i.a.p.r.p.impl.RaftProxyConnection - PartitionProxy{2}{type=io.atomix.protocols.raft.RaftTest$TestPrimitiveType@35bfa1bb, name=raft-test} - Received CommandResponse{status=OK, index=39, eventIndex=2, result=byte[]{length=2, hash=1318}} from 2
22:45:54.123 [raft-server-2-state] TRACE i.a.p.raft.impl.RaftServiceManager - RaftServer{2} - Applying Indexed{index=40, entry=KeepAliveEntry{term=3, timestamp=2018-06-07 10:45:53,867, sessionIds=long[]{length=1, hash=33}, commandSequences=long[]{length=1, hash=54}, eventIndexes=long[]{length=1, hash=33}}}
22:45:54.123 [raft-client-4d6eb0c5-808f-4bee-91ae-78c435ccd24a-1] TRACE i.a.p.r.p.impl.RaftProxySequencer - PartitionProxy{2}{type=io.atomix.protocols.raft.RaftTest$TestPrimitiveType@35bfa1bb, name=raft-test} - Completing response CommandResponse{status=OK, index=39, eventIndex=2, result=byte[]{length=2, hash=1318}}
22:45:54.124 [raft-server-2] TRACE i.a.protocols.raft.roles.LeaderRole - RaftServer{2}{role=LEADER} - Sending KeepAliveResponse{status=OK, leader=2, members=[1, 2, 3], sessionIds=long[]{length=1, hash=33}}
22:45:54.124 [raft-client-4d6eb0c5-808f-4bee-91ae-78c435ccd24a-4] TRACE i.a.p.r.p.impl.RaftProxyConnection - PartitionProxy{2}{type=io.atomix.protocols.raft.RaftTest$TestPrimitiveType@35bfa1bb, name=raft-test} - Sending CommandRequest{session=2, sequence=27, operation=PrimitiveOperation{id=DefaultOperationId{id=write, type=COMMAND}, value=byte[]{length=17, hash=-1644578928}}} to 2
22:45:54.124 [raft-client-4d6eb0c5-808f-4bee-91ae-78c435ccd24a-0] TRACE i.a.p.r.p.impl.RaftProxyConnection - RaftClient{4d6eb0c5-808f-4bee-91ae-78c435ccd24a} - Received KeepAliveResponse{status=OK, leader=2, members=[1, 2, 3], sessionIds=long[]{length=1, hash=33}} from 2
22:45:54.124 [raft-server-2] TRACE i.a.protocols.raft.roles.LeaderRole - RaftServer{2}{role=LEADER} - Received CommandRequest{session=2, sequence=27, operation=PrimitiveOperation{id=DefaultOperationId{id=write, type=COMMAND}, value=byte[]{length=17, hash=-1644578928}}}
22:45:54.124 [raft-client-4d6eb0c5-808f-4bee-91ae-78c435ccd24a-0] DEBUG i.a.p.p.i.RecoveringPartitionProxy - PartitionProxy{2}{type=io.atomix.protocols.raft.RaftTest$TestPrimitiveType@35bfa1bb, name=raft-test} - State changed: CONNECTED
22:45:54.124 [raft-client-4d6eb0c5-808f-4bee-91ae-78c435ccd24a-5] TRACE i.a.p.r.p.impl.RaftProxyConnection - PartitionProxy{2}{type=io.atomix.protocols.raft.RaftTest$TestPrimitiveType@35bfa1bb, name=raft-test} - Sending CommandRequest{session=2, sequence=27, operation=PrimitiveOperation{id=DefaultOperationId{id=write, type=COMMAND}, value=byte[]{length=17, hash=-1644578928}}} to 2
22:45:54.235 [raft-server-3] TRACE i.a.p.raft.roles.FollowerRole - RaftServer{3}{role=FOLLOWER} - Committed entries up to index 40
22:45:54.235 [raft-server-3] TRACE i.a.p.raft.roles.FollowerRole - RaftServer{3}{role=FOLLOWER} - Sending AppendResponse{status=OK, term=3, succeeded=true, lastLogIndex=40}
22:45:54.236 [raft-server-3-state] TRACE i.a.p.raft.impl.RaftServiceManager - RaftServer{3} - Applying Indexed{index=39, entry=CommandEntry{term=3, timestamp=2018-06-07 10:45:53,515, session=2, sequence=26, operation=PrimitiveOperation{id=DefaultOperationId{id=write, type=COMMAND}, value=byte[]{length=17, hash=-1644578928}}}}
22:45:54.236 [raft-server-3-state] TRACE i.a.p.s.impl.DefaultServiceExecutor - PrimitiveService{2}{type=io.atomix.protocols.raft.RaftTest$TestPrimitiveType@12cd62fc, name=raft-test} - Executing DefaultCommit{index=39, session=RaftSession{RaftServiceContext{server=3, type=io.atomix.protocols.raft.RaftTest$TestPrimitiveType@12cd62fc, name=raft-test, id=2}, session=2, timestamp=2018-06-07 10:45:53,515}, time=2018-06-07 10:45:53,515, operation=DefaultOperationId{id=write, type=COMMAND}, value=byte[]{length=17, hash=-1644578928}}
22:45:54.236 [raft-server-3-state] TRACE i.a.p.raft.impl.RaftServiceManager - RaftServer{3} - Applying Indexed{index=40, entry=KeepAliveEntry{term=3, timestamp=2018-06-07 10:45:53,867, sessionIds=long[]{length=1, hash=33}, commandSequences=long[]{length=1, hash=54}, eventIndexes=long[]{length=1, hash=33}}}
22:45:54.313 [raft-server-2] DEBUG i.a.storage.journal.SegmentedJournal - Created disk segment: JournalSegment{id=5, version=1, index=41, size=64}
22:45:54.314 [raft-server-2] TRACE i.a.protocols.raft.roles.LeaderRole - RaftServer{2}{role=LEADER} - Appended Indexed{index=41, entry=CommandEntry{term=3, timestamp=2018-06-07 10:45:54,124, session=2, sequence=27, operation=PrimitiveOperation{id=DefaultOperationId{id=write, type=COMMAND}, value=byte[]{length=17, hash=-1644578928}}}}
22:45:54.314 [raft-server-2] TRACE i.a.protocols.raft.roles.LeaderRole - RaftServer{2}{role=LEADER} - Received CommandRequest{session=2, sequence=27, operation=PrimitiveOperation{id=DefaultOperationId{id=write, type=COMMAND}, value=byte[]{length=17, hash=-1644578928}}}
22:45:54.314 [raft-server-2] TRACE i.a.protocols.raft.roles.LeaderRole - RaftServer{2}{role=LEADER} - Appended Indexed{index=42, entry=CommandEntry{term=3, timestamp=2018-06-07 10:45:54,314, session=2, sequence=27, operation=PrimitiveOperation{id=DefaultOperationId{id=write, type=COMMAND}, value=byte[]{length=17, hash=-1644578928}}}}
22:45:54.314 [raft-server-2] TRACE i.a.p.raft.roles.LeaderAppender - RaftServer{2} - Sending AppendRequest{term=3, leader=2, prevLogIndex=40, prevLogTerm=3, entries=2, commitIndex=40} to 1
22:45:54.314 [raft-server-1] TRACE i.a.p.raft.roles.FollowerRole - RaftServer{1}{role=FOLLOWER} - Received AppendRequest{term=3, leader=2, prevLogIndex=40, prevLogTerm=3, entries=2, commitIndex=40}
22:45:54.314 [raft-server-2] TRACE i.a.p.raft.roles.LeaderAppender - RaftServer{2} - Received AppendResponse{status=OK, term=3, succeeded=true, lastLogIndex=40} from 3
22:45:54.315 [raft-server-2] TRACE i.a.p.raft.roles.LeaderAppender - RaftServer{2} - Sending AppendRequest{term=3, leader=2, prevLogIndex=40, prevLogTerm=3, entries=2, commitIndex=40} to 3
22:45:54.315 [raft-server-3] TRACE i.a.p.raft.roles.FollowerRole - RaftServer{3}{role=FOLLOWER} - Received AppendRequest{term=3, leader=2, prevLogIndex=40, prevLogTerm=3, entries=2, commitIndex=40}
22:45:54.906 [raft-server-1] DEBUG i.a.storage.journal.SegmentedJournal - Created disk segment: JournalSegment{id=5, version=1, index=41, size=64}
22:45:54.907 [raft-server-1] TRACE i.a.p.raft.roles.FollowerRole - RaftServer{1}{role=FOLLOWER} - Appended Indexed{index=41, entry=CommandEntry{term=3, timestamp=2018-06-07 10:45:54,124, session=2, sequence=27, operation=PrimitiveOperation{id=DefaultOperationId{id=write, type=COMMAND}, value=byte[]{length=17, hash=-1644578928}}}}
22:45:54.907 [raft-server-1] TRACE i.a.p.raft.roles.FollowerRole - RaftServer{1}{role=FOLLOWER} - Appended Indexed{index=42, entry=CommandEntry{term=3, timestamp=2018-06-07 10:45:54,314, session=2, sequence=27, operation=PrimitiveOperation{id=DefaultOperationId{id=write, type=COMMAND}, value=byte[]{length=17, hash=-1644578928}}}}
22:45:54.946 [raft-server-3] DEBUG i.a.storage.journal.SegmentedJournal - Created disk segment: JournalSegment{id=5, version=1, index=41, size=64}
22:45:54.946 [raft-server-3] TRACE i.a.p.raft.roles.FollowerRole - RaftServer{3}{role=FOLLOWER} - Appended Indexed{index=41, entry=CommandEntry{term=3, timestamp=2018-06-07 10:45:54,124, session=2, sequence=27, operation=PrimitiveOperation{id=DefaultOperationId{id=write, type=COMMAND}, value=byte[]{length=17, hash=-1644578928}}}}
22:45:54.947 [raft-server-3] TRACE i.a.p.raft.roles.FollowerRole - RaftServer{3}{role=FOLLOWER} - Appended Indexed{index=42, entry=CommandEntry{term=3, timestamp=2018-06-07 10:45:54,314, session=2, sequence=27, operation=PrimitiveOperation{id=DefaultOperationId{id=write, type=COMMAND}, value=byte[]{length=17, hash=-1644578928}}}}
22:45:54.947 [raft-server-3] TRACE i.a.p.raft.roles.FollowerRole - RaftServer{3}{role=FOLLOWER} - Sending AppendResponse{status=OK, term=3, succeeded=true, lastLogIndex=42}
22:45:54.947 [raft-server-2] TRACE i.a.p.raft.roles.LeaderAppender - RaftServer{2} - Received AppendResponse{status=OK, term=3, succeeded=true, lastLogIndex=42} from 3
22:45:54.947 [raft-server-2] TRACE i.a.p.raft.roles.LeaderAppender - RaftServer{2} - Committed entries up to 42
22:45:54.973 [raft-server-1] TRACE i.a.p.raft.roles.FollowerRole - RaftServer{1}{role=FOLLOWER} - Committed entries up to index 40
22:45:54.973 [raft-server-1] TRACE i.a.p.raft.roles.FollowerRole - RaftServer{1}{role=FOLLOWER} - Sending AppendResponse{status=OK, term=3, succeeded=true, lastLogIndex=42}
22:45:54.973 [raft-server-1-state] TRACE i.a.p.raft.impl.RaftServiceManager - RaftServer{1} - Applying Indexed{index=39, entry=CommandEntry{term=3, timestamp=2018-06-07 10:45:53,515, session=2, sequence=26, operation=PrimitiveOperation{id=DefaultOperationId{id=write, type=COMMAND}, value=byte[]{length=17, hash=-1644578928}}}}
22:45:54.973 [raft-server-1-state] TRACE i.a.p.s.impl.DefaultServiceExecutor - PrimitiveService{2}{type=io.atomix.protocols.raft.RaftTest$TestPrimitiveType@54705ce8, name=raft-test} - Executing DefaultCommit{index=39, session=RaftSession{RaftServiceContext{server=1, type=io.atomix.protocols.raft.RaftTest$TestPrimitiveType@54705ce8, name=raft-test, id=2}, session=2, timestamp=2018-06-07 10:45:53,515}, time=2018-06-07 10:45:53,515, operation=DefaultOperationId{id=write, type=COMMAND}, value=byte[]{length=17, hash=-1644578928}}
22:45:54.974 [raft-server-1-state] TRACE i.a.p.raft.impl.RaftServiceManager - RaftServer{1} - Applying Indexed{index=40, entry=KeepAliveEntry{term=3, timestamp=2018-06-07 10:45:53,867, sessionIds=long[]{length=1, hash=33}, commandSequences=long[]{length=1, hash=54}, eventIndexes=long[]{length=1, hash=33}}}
22:45:55.125 [raft-client-4d6eb0c5-808f-4bee-91ae-78c435ccd24a-6] DEBUG i.a.p.r.p.impl.RaftProxyConnection - PartitionProxy{2}{type=io.atomix.protocols.raft.RaftTest$TestPrimitiveType@35bfa1bb, name=raft-test} - CommandRequest{session=2, sequence=27, operation=PrimitiveOperation{id=DefaultOperationId{id=write, type=COMMAND}, value=byte[]{length=17, hash=-1644578928}}} failed! Reason: {}
java.util.concurrent.TimeoutException: null
	at io.atomix.protocols.raft.protocol.TestRaftProtocol.lambda$scheduleTimeout$0(TestRaftProtocol.java:48) ~[test-classes/:na]
	at java.util.concurrent.Executors$RunnableAdapter.call(Executors.java:511) ~[na:1.8.0_121]
	at java.util.concurrent.FutureTask.run(FutureTask.java:266) ~[na:1.8.0_121]
	at java.util.concurrent.ScheduledThreadPoolExecutor$ScheduledFutureTask.access$201(ScheduledThreadPoolExecutor.java:180) ~[na:1.8.0_121]
	at java.util.concurrent.ScheduledThreadPoolExecutor$ScheduledFutureTask.run(ScheduledThreadPoolExecutor.java:293) ~[na:1.8.0_121]
	at java.util.concurrent.ThreadPoolExecutor.runWorker(ThreadPoolExecutor.java:1142) ~[na:1.8.0_121]
	at java.util.concurrent.ThreadPoolExecutor$Worker.run(ThreadPoolExecutor.java:617) ~[na:1.8.0_121]
	at java.lang.Thread.run(Thread.java:745) ~[na:1.8.0_121]
22:45:55.125 [raft-client-4d6eb0c5-808f-4bee-91ae-78c435ccd24a-6] TRACE i.a.p.r.p.impl.RaftProxyConnection - PartitionProxy{2}{type=io.atomix.protocols.raft.RaftTest$TestPrimitiveType@35bfa1bb, name=raft-test} - Resetting connection. Reason: null
22:45:55.125 [raft-client-4d6eb0c5-808f-4bee-91ae-78c435ccd24a-6] TRACE i.a.p.r.p.impl.RaftProxyConnection - PartitionProxy{2}{type=io.atomix.protocols.raft.RaftTest$TestPrimitiveType@35bfa1bb, name=raft-test} - Sending CommandRequest{session=2, sequence=27, operation=PrimitiveOperation{id=DefaultOperationId{id=write, type=COMMAND}, value=byte[]{length=17, hash=-1644578928}}} to 2
22:45:55.126 [raft-client-4d6eb0c5-808f-4bee-91ae-78c435ccd24a-6] DEBUG i.a.p.r.p.impl.RaftProxyConnection - PartitionProxy{2}{type=io.atomix.protocols.raft.RaftTest$TestPrimitiveType@35bfa1bb, name=raft-test} - CommandRequest{session=2, sequence=27, operation=PrimitiveOperation{id=DefaultOperationId{id=write, type=COMMAND}, value=byte[]{length=17, hash=-1644578928}}} failed! Reason: {}
java.util.concurrent.TimeoutException: null
	at io.atomix.protocols.raft.protocol.TestRaftProtocol.lambda$scheduleTimeout$0(TestRaftProtocol.java:48) ~[test-classes/:na]
	at java.util.concurrent.Executors$RunnableAdapter.call(Executors.java:511) ~[na:1.8.0_121]
	at java.util.concurrent.FutureTask.run(FutureTask.java:266) ~[na:1.8.0_121]
	at java.util.concurrent.ScheduledThreadPoolExecutor$ScheduledFutureTask.access$201(ScheduledThreadPoolExecutor.java:180) ~[na:1.8.0_121]
	at java.util.concurrent.ScheduledThreadPoolExecutor$ScheduledFutureTask.run(ScheduledThreadPoolExecutor.java:293) ~[na:1.8.0_121]
	at java.util.concurrent.ThreadPoolExecutor.runWorker(ThreadPoolExecutor.java:1142) ~[na:1.8.0_121]
	at java.util.concurrent.ThreadPoolExecutor$Worker.run(ThreadPoolExecutor.java:617) ~[na:1.8.0_121]
	at java.lang.Thread.run(Thread.java:745) ~[na:1.8.0_121]
22:45:55.126 [raft-client-4d6eb0c5-808f-4bee-91ae-78c435ccd24a-6] TRACE i.a.p.r.p.impl.RaftProxyConnection - PartitionProxy{2}{type=io.atomix.protocols.raft.RaftTest$TestPrimitiveType@35bfa1bb, name=raft-test} - Sending CommandRequest{session=2, sequence=27, operation=PrimitiveOperation{id=DefaultOperationId{id=write, type=COMMAND}, value=byte[]{length=17, hash=-1644578928}}} to 2
22:45:55.298 [raft-server-2] TRACE i.a.p.raft.roles.LeaderAppender - RaftServer{2} - Sending AppendRequest{term=3, leader=2, prevLogIndex=42, prevLogTerm=3, entries=0, commitIndex=42} to 3
22:45:55.298 [raft-server-2] TRACE i.a.p.raft.roles.LeaderAppender - RaftServer{2} - Received AppendResponse{status=OK, term=3, succeeded=true, lastLogIndex=42} from 1
22:45:55.298 [raft-server-3] TRACE i.a.p.raft.roles.FollowerRole - RaftServer{3}{role=FOLLOWER} - Received AppendRequest{term=3, leader=2, prevLogIndex=42, prevLogTerm=3, entries=0, commitIndex=42}
22:45:55.298 [raft-server-2] TRACE i.a.p.raft.roles.LeaderAppender - RaftServer{2} - Sending AppendRequest{term=3, leader=2, prevLogIndex=42, prevLogTerm=3, entries=0, commitIndex=42} to 1
22:45:55.299 [raft-server-1] TRACE i.a.p.raft.roles.FollowerRole - RaftServer{1}{role=FOLLOWER} - Received AppendRequest{term=3, leader=2, prevLogIndex=42, prevLogTerm=3, entries=0, commitIndex=42}
22:45:55.299 [raft-server-2] TRACE i.a.protocols.raft.roles.LeaderRole - RaftServer{2}{role=LEADER} - Received CommandRequest{session=2, sequence=27, operation=PrimitiveOperation{id=DefaultOperationId{id=write, type=COMMAND}, value=byte[]{length=17, hash=-1644578928}}}
22:45:55.299 [raft-server-2] TRACE i.a.protocols.raft.roles.LeaderRole - RaftServer{2}{role=LEADER} - Appended Indexed{index=43, entry=CommandEntry{term=3, timestamp=2018-06-07 10:45:55,299, session=2, sequence=27, operation=PrimitiveOperation{id=DefaultOperationId{id=write, type=COMMAND}, value=byte[]{length=17, hash=-1644578928}}}}
22:45:55.299 [raft-server-2] TRACE i.a.protocols.raft.roles.LeaderRole - RaftServer{2}{role=LEADER} - Received CommandRequest{session=2, sequence=27, operation=PrimitiveOperation{id=DefaultOperationId{id=write, type=COMMAND}, value=byte[]{length=17, hash=-1644578928}}}
22:45:55.299 [raft-server-2] TRACE i.a.protocols.raft.roles.LeaderRole - RaftServer{2}{role=LEADER} - Appended Indexed{index=44, entry=CommandEntry{term=3, timestamp=2018-06-07 10:45:55,299, session=2, sequence=27, operation=PrimitiveOperation{id=DefaultOperationId{id=write, type=COMMAND}, value=byte[]{length=17, hash=-1644578928}}}}
22:45:55.300 [raft-server-2-state] TRACE i.a.p.raft.impl.RaftServiceManager - RaftServer{2} - Applying Indexed{index=41, entry=CommandEntry{term=3, timestamp=2018-06-07 10:45:54,124, session=2, sequence=27, operation=PrimitiveOperation{id=DefaultOperationId{id=write, type=COMMAND}, value=byte[]{length=17, hash=-1644578928}}}}
22:45:55.300 [raft-server-2-state] TRACE i.a.p.s.impl.DefaultServiceExecutor - PrimitiveService{2}{type=io.atomix.protocols.raft.RaftTest$TestPrimitiveType@2fa5f551, name=raft-test} - Executing DefaultCommit{index=41, session=RaftSession{RaftServiceContext{server=2, type=io.atomix.protocols.raft.RaftTest$TestPrimitiveType@2fa5f551, name=raft-test, id=2}, session=2, timestamp=2018-06-07 10:45:54,124}, time=2018-06-07 10:45:54,124, operation=DefaultOperationId{id=write, type=COMMAND}, value=byte[]{length=17, hash=-1644578928}}
22:45:55.300 [raft-server-2-state] TRACE i.a.protocols.raft.roles.LeaderRole - RaftServer{2}{role=LEADER} - Sending CommandResponse{status=OK, index=41, eventIndex=2, result=byte[]{length=2, hash=1322}}
22:45:55.300 [raft-server-2-state] TRACE i.a.p.raft.impl.RaftServiceManager - RaftServer{2} - Applying Indexed{index=42, entry=CommandEntry{term=3, timestamp=2018-06-07 10:45:54,314, session=2, sequence=27, operation=PrimitiveOperation{id=DefaultOperationId{id=write, type=COMMAND}, value=byte[]{length=17, hash=-1644578928}}}}
22:45:55.300 [raft-server-2-state] TRACE i.a.p.r.service.RaftServiceContext - PrimitiveService{2}{type=io.atomix.protocols.raft.RaftTest$TestPrimitiveType@2fa5f551, name=raft-test} - Returning cached result for command with sequence number 27 < 28
22:45:55.300 [raft-server-2-state] TRACE i.a.protocols.raft.roles.LeaderRole - RaftServer{2}{role=LEADER} - Sending CommandResponse{status=OK, index=41, eventIndex=2, result=byte[]{length=2, hash=1322}}
22:45:55.366 [raft-client-4d6eb0c5-808f-4bee-91ae-78c435ccd24a-0] TRACE i.a.p.r.proxy.impl.RaftProxyManager - RaftClient{4d6eb0c5-808f-4bee-91ae-78c435ccd24a} - Keeping 1 sessions alive
22:45:55.366 [raft-client-4d6eb0c5-808f-4bee-91ae-78c435ccd24a-0] TRACE i.a.p.r.p.impl.RaftProxyConnection - RaftClient{4d6eb0c5-808f-4bee-91ae-78c435ccd24a} - Sending KeepAliveRequest{sessionIds=long[]{length=1, hash=33}, commandSequences=long[]{length=1, hash=57}, eventIndexes=long[]{length=1, hash=33}} to 2
22:45:55.366 [raft-server-2] TRACE i.a.protocols.raft.roles.LeaderRole - RaftServer{2}{role=LEADER} - Received KeepAliveRequest{sessionIds=long[]{length=1, hash=33}, commandSequences=long[]{length=1, hash=57}, eventIndexes=long[]{length=1, hash=33}}
22:45:55.366 [raft-server-2] TRACE i.a.protocols.raft.roles.LeaderRole - RaftServer{2}{role=LEADER} - Appended Indexed{index=45, entry=KeepAliveEntry{term=3, timestamp=2018-06-07 10:45:55,366, sessionIds=long[]{length=1, hash=33}, commandSequences=long[]{length=1, hash=57}, eventIndexes=long[]{length=1, hash=33}}}
22:45:55.446 [raft-server-2] TRACE i.a.p.raft.roles.LeaderAppender - RaftServer{2} - Sending AppendRequest{term=3, leader=2, prevLogIndex=42, prevLogTerm=3, entries=3, commitIndex=42} to 1
22:45:55.479 [raft-server-1] TRACE i.a.p.raft.roles.FollowerRole - RaftServer{1}{role=FOLLOWER} - Committed entries up to index 42
22:45:55.479 [raft-server-3] TRACE i.a.p.raft.roles.FollowerRole - RaftServer{3}{role=FOLLOWER} - Committed entries up to index 42
22:45:55.479 [raft-server-1] TRACE i.a.p.raft.roles.FollowerRole - RaftServer{1}{role=FOLLOWER} - Sending AppendResponse{status=OK, term=3, succeeded=true, lastLogIndex=42}
22:45:55.479 [raft-server-3] TRACE i.a.p.raft.roles.FollowerRole - RaftServer{3}{role=FOLLOWER} - Sending AppendResponse{status=OK, term=3, succeeded=true, lastLogIndex=42}
22:45:55.479 [raft-server-1] TRACE i.a.p.raft.roles.FollowerRole - RaftServer{1}{role=FOLLOWER} - Received AppendRequest{term=3, leader=2, prevLogIndex=42, prevLogTerm=3, entries=3, commitIndex=42}
22:45:55.479 [raft-server-2] TRACE i.a.p.raft.roles.LeaderAppender - RaftServer{2} - Received AppendResponse{status=OK, term=3, succeeded=true, lastLogIndex=42} from 1
22:45:55.479 [raft-server-2] TRACE i.a.p.raft.roles.LeaderAppender - RaftServer{2} - Received AppendResponse{status=OK, term=3, succeeded=true, lastLogIndex=42} from 3
22:45:55.479 [raft-server-2] TRACE i.a.p.raft.roles.LeaderAppender - RaftServer{2} - Sending AppendRequest{term=3, leader=2, prevLogIndex=42, prevLogTerm=3, entries=3, commitIndex=42} to 3
22:45:55.479 [raft-server-3-state] TRACE i.a.p.raft.impl.RaftServiceManager - RaftServer{3} - Applying Indexed{index=41, entry=CommandEntry{term=3, timestamp=2018-06-07 10:45:54,124, session=2, sequence=27, operation=PrimitiveOperation{id=DefaultOperationId{id=write, type=COMMAND}, value=byte[]{length=17, hash=-1644578928}}}}
22:45:55.479 [raft-server-3] TRACE i.a.p.raft.roles.FollowerRole - RaftServer{3}{role=FOLLOWER} - Received AppendRequest{term=3, leader=2, prevLogIndex=42, prevLogTerm=3, entries=3, commitIndex=42}
22:45:55.479 [raft-server-1] TRACE i.a.p.raft.roles.FollowerRole - RaftServer{1}{role=FOLLOWER} - Appended Indexed{index=43, entry=CommandEntry{term=3, timestamp=2018-06-07 10:45:55,299, session=2, sequence=27, operation=PrimitiveOperation{id=DefaultOperationId{id=write, type=COMMAND}, value=byte[]{length=17, hash=-1644578928}}}}
22:45:55.479 [raft-server-3-state] TRACE i.a.p.s.impl.DefaultServiceExecutor - PrimitiveService{2}{type=io.atomix.protocols.raft.RaftTest$TestPrimitiveType@12cd62fc, name=raft-test} - Executing DefaultCommit{index=41, session=RaftSession{RaftServiceContext{server=3, type=io.atomix.protocols.raft.RaftTest$TestPrimitiveType@12cd62fc, name=raft-test, id=2}, session=2, timestamp=2018-06-07 10:45:54,124}, time=2018-06-07 10:45:54,124, operation=DefaultOperationId{id=write, type=COMMAND}, value=byte[]{length=17, hash=-1644578928}}
22:45:55.479 [raft-server-1] TRACE i.a.p.raft.roles.FollowerRole - RaftServer{1}{role=FOLLOWER} - Appended Indexed{index=44, entry=CommandEntry{term=3, timestamp=2018-06-07 10:45:55,299, session=2, sequence=27, operation=PrimitiveOperation{id=DefaultOperationId{id=write, type=COMMAND}, value=byte[]{length=17, hash=-1644578928}}}}
22:45:55.479 [raft-server-3] TRACE i.a.p.raft.roles.FollowerRole - RaftServer{3}{role=FOLLOWER} - Appended Indexed{index=43, entry=CommandEntry{term=3, timestamp=2018-06-07 10:45:55,299, session=2, sequence=27, operation=PrimitiveOperation{id=DefaultOperationId{id=write, type=COMMAND}, value=byte[]{length=17, hash=-1644578928}}}}
22:45:55.480 [raft-server-3-state] TRACE i.a.p.raft.impl.RaftServiceManager - RaftServer{3} - Applying Indexed{index=42, entry=CommandEntry{term=3, timestamp=2018-06-07 10:45:54,314, session=2, sequence=27, operation=PrimitiveOperation{id=DefaultOperationId{id=write, type=COMMAND}, value=byte[]{length=17, hash=-1644578928}}}}
22:45:55.480 [raft-server-1] TRACE i.a.p.raft.roles.FollowerRole - RaftServer{1}{role=FOLLOWER} - Appended Indexed{index=45, entry=KeepAliveEntry{term=3, timestamp=2018-06-07 10:45:55,366, sessionIds=long[]{length=1, hash=33}, commandSequences=long[]{length=1, hash=57}, eventIndexes=long[]{length=1, hash=33}}}
22:45:55.480 [raft-server-3-state] TRACE i.a.p.r.service.RaftServiceContext - PrimitiveService{2}{type=io.atomix.protocols.raft.RaftTest$TestPrimitiveType@12cd62fc, name=raft-test} - Returning cached result for command with sequence number 27 < 28
22:45:55.480 [raft-server-3] TRACE i.a.p.raft.roles.FollowerRole - RaftServer{3}{role=FOLLOWER} - Appended Indexed{index=44, entry=CommandEntry{term=3, timestamp=2018-06-07 10:45:55,299, session=2, sequence=27, operation=PrimitiveOperation{id=DefaultOperationId{id=write, type=COMMAND}, value=byte[]{length=17, hash=-1644578928}}}}
22:45:55.480 [raft-server-1] TRACE i.a.p.raft.roles.FollowerRole - RaftServer{1}{role=FOLLOWER} - Sending AppendResponse{status=OK, term=3, succeeded=true, lastLogIndex=45}
22:45:55.480 [raft-server-2] TRACE i.a.p.raft.roles.LeaderAppender - RaftServer{2} - Received AppendResponse{status=OK, term=3, succeeded=true, lastLogIndex=45} from 1
22:45:55.480 [raft-server-3] TRACE i.a.p.raft.roles.FollowerRole - RaftServer{3}{role=FOLLOWER} - Appended Indexed{index=45, entry=KeepAliveEntry{term=3, timestamp=2018-06-07 10:45:55,366, sessionIds=long[]{length=1, hash=33}, commandSequences=long[]{length=1, hash=57}, eventIndexes=long[]{length=1, hash=33}}}
22:45:55.480 [raft-server-2] TRACE i.a.p.raft.roles.LeaderAppender - RaftServer{2} - Committed entries up to 45
22:45:55.480 [raft-server-3] TRACE i.a.p.raft.roles.FollowerRole - RaftServer{3}{role=FOLLOWER} - Sending AppendResponse{status=OK, term=3, succeeded=true, lastLogIndex=45}
22:45:55.480 [raft-server-1-state] TRACE i.a.p.raft.impl.RaftServiceManager - RaftServer{1} - Applying Indexed{index=41, entry=CommandEntry{term=3, timestamp=2018-06-07 10:45:54,124, session=2, sequence=27, operation=PrimitiveOperation{id=DefaultOperationId{id=write, type=COMMAND}, value=byte[]{length=17, hash=-1644578928}}}}
22:45:55.480 [raft-server-1-state] TRACE i.a.p.s.impl.DefaultServiceExecutor - PrimitiveService{2}{type=io.atomix.protocols.raft.RaftTest$TestPrimitiveType@54705ce8, name=raft-test} - Executing DefaultCommit{index=41, session=RaftSession{RaftServiceContext{server=1, type=io.atomix.protocols.raft.RaftTest$TestPrimitiveType@54705ce8, name=raft-test, id=2}, session=2, timestamp=2018-06-07 10:45:54,124}, time=2018-06-07 10:45:54,124, operation=DefaultOperationId{id=write, type=COMMAND}, value=byte[]{length=17, hash=-1644578928}}
22:45:55.480 [raft-server-1-state] TRACE i.a.p.raft.impl.RaftServiceManager - RaftServer{1} - Applying Indexed{index=42, entry=CommandEntry{term=3, timestamp=2018-06-07 10:45:54,314, session=2, sequence=27, operation=PrimitiveOperation{id=DefaultOperationId{id=write, type=COMMAND}, value=byte[]{length=17, hash=-1644578928}}}}
22:45:55.480 [raft-server-1-state] TRACE i.a.p.r.service.RaftServiceContext - PrimitiveService{2}{type=io.atomix.protocols.raft.RaftTest$TestPrimitiveType@54705ce8, name=raft-test} - Returning cached result for command with sequence number 27 < 28
22:45:55.604 [raft-server-2] TRACE i.a.p.raft.roles.LeaderAppender - RaftServer{2} - Sending AppendRequest{term=3, leader=2, prevLogIndex=45, prevLogTerm=3, entries=0, commitIndex=45} to 1
22:45:55.604 [raft-server-2] TRACE i.a.p.raft.roles.LeaderAppender - RaftServer{2} - Received AppendResponse{status=OK, term=3, succeeded=true, lastLogIndex=45} from 3
22:45:55.604 [raft-server-1] TRACE i.a.p.raft.roles.FollowerRole - RaftServer{1}{role=FOLLOWER} - Received AppendRequest{term=3, leader=2, prevLogIndex=45, prevLogTerm=3, entries=0, commitIndex=45}
22:45:55.604 [raft-server-2-state] TRACE i.a.p.raft.impl.RaftServiceManager - RaftServer{2} - Applying Indexed{index=43, entry=CommandEntry{term=3, timestamp=2018-06-07 10:45:55,299, session=2, sequence=27, operation=PrimitiveOperation{id=DefaultOperationId{id=write, type=COMMAND}, value=byte[]{length=17, hash=-1644578928}}}}
22:45:55.604 [raft-server-2-state] TRACE i.a.p.r.service.RaftServiceContext - PrimitiveService{2}{type=io.atomix.protocols.raft.RaftTest$TestPrimitiveType@2fa5f551, name=raft-test} - Returning cached result for command with sequence number 27 < 28
22:45:55.604 [raft-server-2-state] TRACE i.a.protocols.raft.roles.LeaderRole - RaftServer{2}{role=LEADER} - Sending CommandResponse{status=OK, index=41, eventIndex=2, result=byte[]{length=2, hash=1322}}
22:45:55.604 [raft-client-4d6eb0c5-808f-4bee-91ae-78c435ccd24a-4] TRACE i.a.p.r.p.impl.RaftProxyConnection - PartitionProxy{2}{type=io.atomix.protocols.raft.RaftTest$TestPrimitiveType@35bfa1bb, name=raft-test} - Received CommandResponse{status=OK, index=41, eventIndex=2, result=byte[]{length=2, hash=1322}} from 2
22:45:55.604 [raft-server-2-state] TRACE i.a.p.raft.impl.RaftServiceManager - RaftServer{2} - Applying Indexed{index=44, entry=CommandEntry{term=3, timestamp=2018-06-07 10:45:55,299, session=2, sequence=27, operation=PrimitiveOperation{id=DefaultOperationId{id=write, type=COMMAND}, value=byte[]{length=17, hash=-1644578928}}}}
22:45:55.604 [raft-client-4d6eb0c5-808f-4bee-91ae-78c435ccd24a-4] TRACE i.a.p.r.p.impl.RaftProxySequencer - PartitionProxy{2}{type=io.atomix.protocols.raft.RaftTest$TestPrimitiveType@35bfa1bb, name=raft-test} - Completing response CommandResponse{status=OK, index=41, eventIndex=2, result=byte[]{length=2, hash=1322}}
22:45:55.605 [raft-server-2-state] TRACE i.a.p.r.service.RaftServiceContext - PrimitiveService{2}{type=io.atomix.protocols.raft.RaftTest$TestPrimitiveType@2fa5f551, name=raft-test} - Returning cached result for command with sequence number 27 < 28
22:45:55.605 [raft-server-2-state] TRACE i.a.protocols.raft.roles.LeaderRole - RaftServer{2}{role=LEADER} - Sending CommandResponse{status=OK, index=41, eventIndex=2, result=byte[]{length=2, hash=1322}}
22:45:55.605 [raft-server-2-state] TRACE i.a.p.raft.impl.RaftServiceManager - RaftServer{2} - Applying Indexed{index=45, entry=KeepAliveEntry{term=3, timestamp=2018-06-07 10:45:55,366, sessionIds=long[]{length=1, hash=33}, commandSequences=long[]{length=1, hash=57}, eventIndexes=long[]{length=1, hash=33}}}
22:45:55.605 [raft-client-4d6eb0c5-808f-4bee-91ae-78c435ccd24a-2] TRACE i.a.p.r.p.impl.RaftProxyConnection - PartitionProxy{2}{type=io.atomix.protocols.raft.RaftTest$TestPrimitiveType@35bfa1bb, name=raft-test} - Received CommandResponse{status=OK, index=41, eventIndex=2, result=byte[]{length=2, hash=1322}} from 2
22:45:55.605 [raft-client-4d6eb0c5-808f-4bee-91ae-78c435ccd24a-2] TRACE i.a.p.r.p.impl.RaftProxyConnection - PartitionProxy{2}{type=io.atomix.protocols.raft.RaftTest$TestPrimitiveType@35bfa1bb, name=raft-test} - Sending CommandRequest{session=2, sequence=28, operation=PrimitiveOperation{id=DefaultOperationId{id=write, type=COMMAND}, value=byte[]{length=17, hash=-1644578928}}} to 2
22:45:55.605 [raft-server-2] TRACE i.a.protocols.raft.roles.LeaderRole - RaftServer{2}{role=LEADER} - Sending KeepAliveResponse{status=OK, leader=2, members=[1, 2, 3], sessionIds=long[]{length=1, hash=33}}
22:45:55.605 [raft-server-2] TRACE i.a.protocols.raft.roles.LeaderRole - RaftServer{2}{role=LEADER} - Received CommandRequest{session=2, sequence=28, operation=PrimitiveOperation{id=DefaultOperationId{id=write, type=COMMAND}, value=byte[]{length=17, hash=-1644578928}}}
22:45:55.606 [raft-server-2] TRACE i.a.protocols.raft.roles.LeaderRole - RaftServer{2}{role=LEADER} - Appended Indexed{index=46, entry=CommandEntry{term=3, timestamp=2018-06-07 10:45:55,605, session=2, sequence=28, operation=PrimitiveOperation{id=DefaultOperationId{id=write, type=COMMAND}, value=byte[]{length=17, hash=-1644578928}}}}
22:45:55.606 [raft-server-2] TRACE i.a.p.raft.roles.LeaderAppender - RaftServer{2} - Sending AppendRequest{term=3, leader=2, prevLogIndex=45, prevLogTerm=3, entries=1, commitIndex=45} to 3
22:45:55.606 [raft-server-3] TRACE i.a.p.raft.roles.FollowerRole - RaftServer{3}{role=FOLLOWER} - Received AppendRequest{term=3, leader=2, prevLogIndex=45, prevLogTerm=3, entries=1, commitIndex=45}
22:45:55.606 [raft-server-3] TRACE i.a.p.raft.roles.FollowerRole - RaftServer{3}{role=FOLLOWER} - Appended Indexed{index=46, entry=CommandEntry{term=3, timestamp=2018-06-07 10:45:55,605, session=2, sequence=28, operation=PrimitiveOperation{id=DefaultOperationId{id=write, type=COMMAND}, value=byte[]{length=17, hash=-1644578928}}}}
22:45:55.606 [raft-client-4d6eb0c5-808f-4bee-91ae-78c435ccd24a-6] TRACE i.a.p.r.p.impl.RaftProxyConnection - RaftClient{4d6eb0c5-808f-4bee-91ae-78c435ccd24a} - Received KeepAliveResponse{status=OK, leader=2, members=[1, 2, 3], sessionIds=long[]{length=1, hash=33}} from 2
22:45:55.815 [raft-server-1] TRACE i.a.p.raft.roles.FollowerRole - RaftServer{1}{role=FOLLOWER} - Committed entries up to index 45
22:45:55.815 [raft-server-1] TRACE i.a.p.raft.roles.FollowerRole - RaftServer{1}{role=FOLLOWER} - Sending AppendResponse{status=OK, term=3, succeeded=true, lastLogIndex=45}
22:45:55.815 [raft-server-2] TRACE i.a.p.raft.roles.LeaderAppender - RaftServer{2} - Received AppendResponse{status=OK, term=3, succeeded=true, lastLogIndex=45} from 1
22:45:55.815 [raft-server-2] TRACE i.a.p.raft.roles.LeaderAppender - RaftServer{2} - Sending AppendRequest{term=3, leader=2, prevLogIndex=45, prevLogTerm=3, entries=1, commitIndex=45} to 1
22:45:55.815 [raft-server-1-state] TRACE i.a.p.raft.impl.RaftServiceManager - RaftServer{1} - Applying Indexed{index=43, entry=CommandEntry{term=3, timestamp=2018-06-07 10:45:55,299, session=2, sequence=27, operation=PrimitiveOperation{id=DefaultOperationId{id=write, type=COMMAND}, value=byte[]{length=17, hash=-1644578928}}}}
22:45:55.815 [raft-server-1] TRACE i.a.p.raft.roles.FollowerRole - RaftServer{1}{role=FOLLOWER} - Received AppendRequest{term=3, leader=2, prevLogIndex=45, prevLogTerm=3, entries=1, commitIndex=45}
22:45:55.815 [raft-server-1-state] TRACE i.a.p.r.service.RaftServiceContext - PrimitiveService{2}{type=io.atomix.protocols.raft.RaftTest$TestPrimitiveType@54705ce8, name=raft-test} - Returning cached result for command with sequence number 27 < 28
22:45:55.815 [raft-server-1-state] TRACE i.a.p.raft.impl.RaftServiceManager - RaftServer{1} - Applying Indexed{index=44, entry=CommandEntry{term=3, timestamp=2018-06-07 10:45:55,299, session=2, sequence=27, operation=PrimitiveOperation{id=DefaultOperationId{id=write, type=COMMAND}, value=byte[]{length=17, hash=-1644578928}}}}
22:45:55.816 [raft-server-1-state] TRACE i.a.p.r.service.RaftServiceContext - PrimitiveService{2}{type=io.atomix.protocols.raft.RaftTest$TestPrimitiveType@54705ce8, name=raft-test} - Returning cached result for command with sequence number 27 < 28
22:45:55.816 [raft-server-1] TRACE i.a.p.raft.roles.FollowerRole - RaftServer{1}{role=FOLLOWER} - Appended Indexed{index=46, entry=CommandEntry{term=3, timestamp=2018-06-07 10:45:55,605, session=2, sequence=28, operation=PrimitiveOperation{id=DefaultOperationId{id=write, type=COMMAND}, value=byte[]{length=17, hash=-1644578928}}}}
22:45:55.816 [raft-server-1] TRACE i.a.p.raft.roles.FollowerRole - RaftServer{1}{role=FOLLOWER} - Sending AppendResponse{status=OK, term=3, succeeded=true, lastLogIndex=46}
22:45:55.816 [raft-server-1-state] TRACE i.a.p.raft.impl.RaftServiceManager - RaftServer{1} - Applying Indexed{index=45, entry=KeepAliveEntry{term=3, timestamp=2018-06-07 10:45:55,366, sessionIds=long[]{length=1, hash=33}, commandSequences=long[]{length=1, hash=57}, eventIndexes=long[]{length=1, hash=33}}}
22:45:55.816 [raft-server-2] TRACE i.a.p.raft.roles.LeaderAppender - RaftServer{2} - Received AppendResponse{status=OK, term=3, succeeded=true, lastLogIndex=46} from 1
22:45:55.816 [raft-server-2] TRACE i.a.p.raft.roles.LeaderAppender - RaftServer{2} - Committed entries up to 46
22:45:55.987 [raft-server-3] TRACE i.a.p.raft.roles.FollowerRole - RaftServer{3}{role=FOLLOWER} - Committed entries up to index 45
22:45:55.987 [raft-server-3] TRACE i.a.p.raft.roles.FollowerRole - RaftServer{3}{role=FOLLOWER} - Sending AppendResponse{status=OK, term=3, succeeded=true, lastLogIndex=46}
22:45:55.987 [raft-server-3-state] TRACE i.a.p.raft.impl.RaftServiceManager - RaftServer{3} - Applying Indexed{index=43, entry=CommandEntry{term=3, timestamp=2018-06-07 10:45:55,299, session=2, sequence=27, operation=PrimitiveOperation{id=DefaultOperationId{id=write, type=COMMAND}, value=byte[]{length=17, hash=-1644578928}}}}
22:45:55.987 [raft-server-3-state] TRACE i.a.p.r.service.RaftServiceContext - PrimitiveService{2}{type=io.atomix.protocols.raft.RaftTest$TestPrimitiveType@12cd62fc, name=raft-test} - Returning cached result for command with sequence number 27 < 28
22:45:55.987 [raft-server-3-state] TRACE i.a.p.raft.impl.RaftServiceManager - RaftServer{3} - Applying Indexed{index=44, entry=CommandEntry{term=3, timestamp=2018-06-07 10:45:55,299, session=2, sequence=27, operation=PrimitiveOperation{id=DefaultOperationId{id=write, type=COMMAND}, value=byte[]{length=17, hash=-1644578928}}}}
22:45:55.988 [raft-server-3-state] TRACE i.a.p.r.service.RaftServiceContext - PrimitiveService{2}{type=io.atomix.protocols.raft.RaftTest$TestPrimitiveType@12cd62fc, name=raft-test} - Returning cached result for command with sequence number 27 < 28
22:45:55.988 [raft-server-3-state] TRACE i.a.p.raft.impl.RaftServiceManager - RaftServer{3} - Applying Indexed{index=45, entry=KeepAliveEntry{term=3, timestamp=2018-06-07 10:45:55,366, sessionIds=long[]{length=1, hash=33}, commandSequences=long[]{length=1, hash=57}, eventIndexes=long[]{length=1, hash=33}}}
22:45:56.059 [raft-server-2] TRACE i.a.p.raft.roles.LeaderAppender - RaftServer{2} - Sending AppendRequest{term=3, leader=2, prevLogIndex=46, prevLogTerm=3, entries=0, commitIndex=46} to 1
22:45:56.059 [raft-server-1] TRACE i.a.p.raft.roles.FollowerRole - RaftServer{1}{role=FOLLOWER} - Received AppendRequest{term=3, leader=2, prevLogIndex=46, prevLogTerm=3, entries=0, commitIndex=46}
22:45:56.059 [raft-server-2] TRACE i.a.p.raft.roles.LeaderAppender - RaftServer{2} - Received AppendResponse{status=OK, term=3, succeeded=true, lastLogIndex=46} from 3
22:45:56.059 [raft-server-2] TRACE i.a.p.raft.roles.LeaderAppender - RaftServer{2} - Sending AppendRequest{term=3, leader=2, prevLogIndex=46, prevLogTerm=3, entries=0, commitIndex=46} to 3
22:45:56.059 [raft-server-3] TRACE i.a.p.raft.roles.FollowerRole - RaftServer{3}{role=FOLLOWER} - Received AppendRequest{term=3, leader=2, prevLogIndex=46, prevLogTerm=3, entries=0, commitIndex=46}
22:45:56.059 [raft-server-2-state] TRACE i.a.p.raft.impl.RaftServiceManager - RaftServer{2} - Applying Indexed{index=46, entry=CommandEntry{term=3, timestamp=2018-06-07 10:45:55,605, session=2, sequence=28, operation=PrimitiveOperation{id=DefaultOperationId{id=write, type=COMMAND}, value=byte[]{length=17, hash=-1644578928}}}}
22:45:56.060 [raft-server-2-state] TRACE i.a.p.s.impl.DefaultServiceExecutor - PrimitiveService{2}{type=io.atomix.protocols.raft.RaftTest$TestPrimitiveType@2fa5f551, name=raft-test} - Executing DefaultCommit{index=46, session=RaftSession{RaftServiceContext{server=2, type=io.atomix.protocols.raft.RaftTest$TestPrimitiveType@2fa5f551, name=raft-test, id=2}, session=2, timestamp=2018-06-07 10:45:55,605}, time=2018-06-07 10:45:55,605, operation=DefaultOperationId{id=write, type=COMMAND}, value=byte[]{length=17, hash=-1644578928}}
22:45:56.060 [raft-server-2-state] TRACE i.a.protocols.raft.roles.LeaderRole - RaftServer{2}{role=LEADER} - Sending CommandResponse{status=OK, index=46, eventIndex=2, result=byte[]{length=2, hash=1332}}
22:45:56.060 [raft-client-4d6eb0c5-808f-4bee-91ae-78c435ccd24a-3] TRACE i.a.p.r.p.impl.RaftProxyConnection - PartitionProxy{2}{type=io.atomix.protocols.raft.RaftTest$TestPrimitiveType@35bfa1bb, name=raft-test} - Received CommandResponse{status=OK, index=46, eventIndex=2, result=byte[]{length=2, hash=1332}} from 2
22:45:56.060 [raft-client-4d6eb0c5-808f-4bee-91ae-78c435ccd24a-3] TRACE i.a.p.r.p.impl.RaftProxySequencer - PartitionProxy{2}{type=io.atomix.protocols.raft.RaftTest$TestPrimitiveType@35bfa1bb, name=raft-test} - Completing response CommandResponse{status=OK, index=46, eventIndex=2, result=byte[]{length=2, hash=1332}}
22:45:56.061 [raft-client-4d6eb0c5-808f-4bee-91ae-78c435ccd24a-5] TRACE i.a.p.r.p.impl.RaftProxyConnection - PartitionProxy{2}{type=io.atomix.protocols.raft.RaftTest$TestPrimitiveType@35bfa1bb, name=raft-test} - Sending CommandRequest{session=2, sequence=29, operation=PrimitiveOperation{id=DefaultOperationId{id=write, type=COMMAND}, value=byte[]{length=17, hash=-1644578928}}} to 2
22:45:56.061 [raft-server-2] TRACE i.a.protocols.raft.roles.LeaderRole - RaftServer{2}{role=LEADER} - Received CommandRequest{session=2, sequence=29, operation=PrimitiveOperation{id=DefaultOperationId{id=write, type=COMMAND}, value=byte[]{length=17, hash=-1644578928}}}
22:45:56.061 [raft-server-2] TRACE i.a.protocols.raft.roles.LeaderRole - RaftServer{2}{role=LEADER} - Appended Indexed{index=47, entry=CommandEntry{term=3, timestamp=2018-06-07 10:45:56,061, session=2, sequence=29, operation=PrimitiveOperation{id=DefaultOperationId{id=write, type=COMMAND}, value=byte[]{length=17, hash=-1644578928}}}}
22:45:56.154 [raft-server-1] TRACE i.a.p.raft.roles.FollowerRole - RaftServer{1}{role=FOLLOWER} - Committed entries up to index 46
22:45:56.154 [raft-server-1] TRACE i.a.p.raft.roles.FollowerRole - RaftServer{1}{role=FOLLOWER} - Sending AppendResponse{status=OK, term=3, succeeded=true, lastLogIndex=46}
22:45:56.154 [raft-server-2] TRACE i.a.p.raft.roles.LeaderAppender - RaftServer{2} - Received AppendResponse{status=OK, term=3, succeeded=true, lastLogIndex=46} from 1
22:45:56.154 [raft-server-2] TRACE i.a.p.raft.roles.LeaderAppender - RaftServer{2} - Sending AppendRequest{term=3, leader=2, prevLogIndex=46, prevLogTerm=3, entries=1, commitIndex=46} to 1
22:45:56.154 [raft-server-1-state] TRACE i.a.p.raft.impl.RaftServiceManager - RaftServer{1} - Applying Indexed{index=46, entry=CommandEntry{term=3, timestamp=2018-06-07 10:45:55,605, session=2, sequence=28, operation=PrimitiveOperation{id=DefaultOperationId{id=write, type=COMMAND}, value=byte[]{length=17, hash=-1644578928}}}}
22:45:56.154 [raft-server-1] TRACE i.a.p.raft.roles.FollowerRole - RaftServer{1}{role=FOLLOWER} - Received AppendRequest{term=3, leader=2, prevLogIndex=46, prevLogTerm=3, entries=1, commitIndex=46}
22:45:56.154 [raft-server-1-state] TRACE i.a.p.s.impl.DefaultServiceExecutor - PrimitiveService{2}{type=io.atomix.protocols.raft.RaftTest$TestPrimitiveType@54705ce8, name=raft-test} - Executing DefaultCommit{index=46, session=RaftSession{RaftServiceContext{server=1, type=io.atomix.protocols.raft.RaftTest$TestPrimitiveType@54705ce8, name=raft-test, id=2}, session=2, timestamp=2018-06-07 10:45:55,605}, time=2018-06-07 10:45:55,605, operation=DefaultOperationId{id=write, type=COMMAND}, value=byte[]{length=17, hash=-1644578928}}
22:45:56.155 [raft-server-1] TRACE i.a.p.raft.roles.FollowerRole - RaftServer{1}{role=FOLLOWER} - Appended Indexed{index=47, entry=CommandEntry{term=3, timestamp=2018-06-07 10:45:56,061, session=2, sequence=29, operation=PrimitiveOperation{id=DefaultOperationId{id=write, type=COMMAND}, value=byte[]{length=17, hash=-1644578928}}}}
22:45:56.155 [raft-server-1] TRACE i.a.p.raft.roles.FollowerRole - RaftServer{1}{role=FOLLOWER} - Sending AppendResponse{status=OK, term=3, succeeded=true, lastLogIndex=47}
22:45:56.155 [raft-server-2] TRACE i.a.p.raft.roles.LeaderAppender - RaftServer{2} - Received AppendResponse{status=OK, term=3, succeeded=true, lastLogIndex=47} from 1
22:45:56.155 [raft-server-2] TRACE i.a.p.raft.roles.LeaderAppender - RaftServer{2} - Committed entries up to 47
22:45:56.379 [raft-server-3] TRACE i.a.p.raft.roles.FollowerRole - RaftServer{3}{role=FOLLOWER} - Committed entries up to index 46
22:45:56.379 [raft-server-3] TRACE i.a.p.raft.roles.FollowerRole - RaftServer{3}{role=FOLLOWER} - Sending AppendResponse{status=OK, term=3, succeeded=true, lastLogIndex=46}
22:45:56.379 [raft-server-3-state] TRACE i.a.p.raft.impl.RaftServiceManager - RaftServer{3} - Applying Indexed{index=46, entry=CommandEntry{term=3, timestamp=2018-06-07 10:45:55,605, session=2, sequence=28, operation=PrimitiveOperation{id=DefaultOperationId{id=write, type=COMMAND}, value=byte[]{length=17, hash=-1644578928}}}}
22:45:56.379 [raft-server-3-state] TRACE i.a.p.s.impl.DefaultServiceExecutor - PrimitiveService{2}{type=io.atomix.protocols.raft.RaftTest$TestPrimitiveType@12cd62fc, name=raft-test} - Executing DefaultCommit{index=46, session=RaftSession{RaftServiceContext{server=3, type=io.atomix.protocols.raft.RaftTest$TestPrimitiveType@12cd62fc, name=raft-test, id=2}, session=2, timestamp=2018-06-07 10:45:55,605}, time=2018-06-07 10:45:55,605, operation=DefaultOperationId{id=write, type=COMMAND}, value=byte[]{length=17, hash=-1644578928}}
22:45:56.504 [raft-server-2] TRACE i.a.p.raft.roles.LeaderAppender - RaftServer{2} - Sending AppendRequest{term=3, leader=2, prevLogIndex=47, prevLogTerm=3, entries=0, commitIndex=47} to 1
22:45:56.504 [raft-server-2] TRACE i.a.p.raft.roles.LeaderAppender - RaftServer{2} - Sending AppendRequest{term=3, leader=2, prevLogIndex=46, prevLogTerm=3, entries=1, commitIndex=47} to 3
22:45:56.504 [raft-server-1] TRACE i.a.p.raft.roles.FollowerRole - RaftServer{1}{role=FOLLOWER} - Received AppendRequest{term=3, leader=2, prevLogIndex=47, prevLogTerm=3, entries=0, commitIndex=47}
22:45:56.504 [raft-server-3] TRACE i.a.p.raft.roles.FollowerRole - RaftServer{3}{role=FOLLOWER} - Received AppendRequest{term=3, leader=2, prevLogIndex=46, prevLogTerm=3, entries=1, commitIndex=47}
22:45:56.504 [raft-server-2] TRACE i.a.p.raft.roles.LeaderAppender - RaftServer{2} - Received AppendResponse{status=OK, term=3, succeeded=true, lastLogIndex=46} from 3
22:45:56.504 [raft-server-3] TRACE i.a.p.raft.roles.FollowerRole - RaftServer{3}{role=FOLLOWER} - Appended Indexed{index=47, entry=CommandEntry{term=3, timestamp=2018-06-07 10:45:56,061, session=2, sequence=29, operation=PrimitiveOperation{id=DefaultOperationId{id=write, type=COMMAND}, value=byte[]{length=17, hash=-1644578928}}}}
22:45:56.504 [raft-server-2-state] TRACE i.a.p.raft.impl.RaftServiceManager - RaftServer{2} - Applying Indexed{index=47, entry=CommandEntry{term=3, timestamp=2018-06-07 10:45:56,061, session=2, sequence=29, operation=PrimitiveOperation{id=DefaultOperationId{id=write, type=COMMAND}, value=byte[]{length=17, hash=-1644578928}}}}
22:45:56.505 [raft-server-2-state] TRACE i.a.p.s.impl.DefaultServiceExecutor - PrimitiveService{2}{type=io.atomix.protocols.raft.RaftTest$TestPrimitiveType@2fa5f551, name=raft-test} - Executing DefaultCommit{index=47, session=RaftSession{RaftServiceContext{server=2, type=io.atomix.protocols.raft.RaftTest$TestPrimitiveType@2fa5f551, name=raft-test, id=2}, session=2, timestamp=2018-06-07 10:45:56,061}, time=2018-06-07 10:45:56,061, operation=DefaultOperationId{id=write, type=COMMAND}, value=byte[]{length=17, hash=-1644578928}}
22:45:56.505 [raft-server-2-state] TRACE i.a.protocols.raft.roles.LeaderRole - RaftServer{2}{role=LEADER} - Sending CommandResponse{status=OK, index=47, eventIndex=2, result=byte[]{length=2, hash=1334}}
22:45:56.505 [raft-client-4d6eb0c5-808f-4bee-91ae-78c435ccd24a-7] TRACE i.a.p.r.p.impl.RaftProxyConnection - PartitionProxy{2}{type=io.atomix.protocols.raft.RaftTest$TestPrimitiveType@35bfa1bb, name=raft-test} - Received CommandResponse{status=OK, index=47, eventIndex=2, result=byte[]{length=2, hash=1334}} from 2
22:45:56.505 [raft-client-4d6eb0c5-808f-4bee-91ae-78c435ccd24a-7] TRACE i.a.p.r.p.impl.RaftProxySequencer - PartitionProxy{2}{type=io.atomix.protocols.raft.RaftTest$TestPrimitiveType@35bfa1bb, name=raft-test} - Completing response CommandResponse{status=OK, index=47, eventIndex=2, result=byte[]{length=2, hash=1334}}
22:45:56.506 [raft-client-4d6eb0c5-808f-4bee-91ae-78c435ccd24a-7] TRACE i.a.p.r.p.impl.RaftProxyConnection - PartitionProxy{2}{type=io.atomix.protocols.raft.RaftTest$TestPrimitiveType@35bfa1bb, name=raft-test} - Sending CommandRequest{session=2, sequence=30, operation=PrimitiveOperation{id=DefaultOperationId{id=write, type=COMMAND}, value=byte[]{length=17, hash=-1644578928}}} to 2
22:45:56.506 [raft-server-2] TRACE i.a.protocols.raft.roles.LeaderRole - RaftServer{2}{role=LEADER} - Received CommandRequest{session=2, sequence=30, operation=PrimitiveOperation{id=DefaultOperationId{id=write, type=COMMAND}, value=byte[]{length=17, hash=-1644578928}}}
22:45:56.506 [raft-server-2] TRACE i.a.protocols.raft.roles.LeaderRole - RaftServer{2}{role=LEADER} - Appended Indexed{index=48, entry=CommandEntry{term=3, timestamp=2018-06-07 10:45:56,506, session=2, sequence=30, operation=PrimitiveOperation{id=DefaultOperationId{id=write, type=COMMAND}, value=byte[]{length=17, hash=-1644578928}}}}
22:45:56.570 [raft-server-1] TRACE i.a.p.raft.roles.FollowerRole - RaftServer{1}{role=FOLLOWER} - Committed entries up to index 47
22:45:56.571 [raft-server-1] TRACE i.a.p.raft.roles.FollowerRole - RaftServer{1}{role=FOLLOWER} - Sending AppendResponse{status=OK, term=3, succeeded=true, lastLogIndex=47}
22:45:56.571 [raft-server-2] TRACE i.a.p.raft.roles.LeaderAppender - RaftServer{2} - Received AppendResponse{status=OK, term=3, succeeded=true, lastLogIndex=47} from 1
22:45:56.571 [raft-server-2] TRACE i.a.p.raft.roles.LeaderAppender - RaftServer{2} - Sending AppendRequest{term=3, leader=2, prevLogIndex=47, prevLogTerm=3, entries=1, commitIndex=47} to 1
22:45:56.571 [raft-server-1-state] TRACE i.a.p.raft.impl.RaftServiceManager - RaftServer{1} - Applying Indexed{index=47, entry=CommandEntry{term=3, timestamp=2018-06-07 10:45:56,061, session=2, sequence=29, operation=PrimitiveOperation{id=DefaultOperationId{id=write, type=COMMAND}, value=byte[]{length=17, hash=-1644578928}}}}
22:45:56.571 [raft-server-1] TRACE i.a.p.raft.roles.FollowerRole - RaftServer{1}{role=FOLLOWER} - Received AppendRequest{term=3, leader=2, prevLogIndex=47, prevLogTerm=3, entries=1, commitIndex=47}
22:45:56.571 [raft-server-1-state] TRACE i.a.p.s.impl.DefaultServiceExecutor - PrimitiveService{2}{type=io.atomix.protocols.raft.RaftTest$TestPrimitiveType@54705ce8, name=raft-test} - Executing DefaultCommit{index=47, session=RaftSession{RaftServiceContext{server=1, type=io.atomix.protocols.raft.RaftTest$TestPrimitiveType@54705ce8, name=raft-test, id=2}, session=2, timestamp=2018-06-07 10:45:56,061}, time=2018-06-07 10:45:56,061, operation=DefaultOperationId{id=write, type=COMMAND}, value=byte[]{length=17, hash=-1644578928}}
22:45:56.571 [raft-server-1] TRACE i.a.p.raft.roles.FollowerRole - RaftServer{1}{role=FOLLOWER} - Appended Indexed{index=48, entry=CommandEntry{term=3, timestamp=2018-06-07 10:45:56,506, session=2, sequence=30, operation=PrimitiveOperation{id=DefaultOperationId{id=write, type=COMMAND}, value=byte[]{length=17, hash=-1644578928}}}}
22:45:56.571 [raft-server-1] TRACE i.a.p.raft.roles.FollowerRole - RaftServer{1}{role=FOLLOWER} - Sending AppendResponse{status=OK, term=3, succeeded=true, lastLogIndex=48}
22:45:56.571 [raft-server-2] TRACE i.a.p.raft.roles.LeaderAppender - RaftServer{2} - Received AppendResponse{status=OK, term=3, succeeded=true, lastLogIndex=48} from 1
22:45:56.571 [raft-server-2] TRACE i.a.p.raft.roles.LeaderAppender - RaftServer{2} - Committed entries up to 48
22:45:56.998 [raft-server-3] TRACE i.a.p.raft.roles.FollowerRole - RaftServer{3}{role=FOLLOWER} - Committed entries up to index 47
22:45:56.998 [raft-server-3] TRACE i.a.p.raft.roles.FollowerRole - RaftServer{3}{role=FOLLOWER} - Sending AppendResponse{status=OK, term=3, succeeded=true, lastLogIndex=47}
22:45:56.998 [raft-server-3-state] TRACE i.a.p.raft.impl.RaftServiceManager - RaftServer{3} - Applying Indexed{index=47, entry=CommandEntry{term=3, timestamp=2018-06-07 10:45:56,061, session=2, sequence=29, operation=PrimitiveOperation{id=DefaultOperationId{id=write, type=COMMAND}, value=byte[]{length=17, hash=-1644578928}}}}
22:45:56.998 [raft-server-3-state] TRACE i.a.p.s.impl.DefaultServiceExecutor - PrimitiveService{2}{type=io.atomix.protocols.raft.RaftTest$TestPrimitiveType@12cd62fc, name=raft-test} - Executing DefaultCommit{index=47, session=RaftSession{RaftServiceContext{server=3, type=io.atomix.protocols.raft.RaftTest$TestPrimitiveType@12cd62fc, name=raft-test, id=2}, session=2, timestamp=2018-06-07 10:45:56,061}, time=2018-06-07 10:45:56,061, operation=DefaultOperationId{id=write, type=COMMAND}, value=byte[]{length=17, hash=-1644578928}}
22:45:57.089 [raft-server-2] TRACE i.a.p.raft.roles.LeaderAppender - RaftServer{2} - Sending AppendRequest{term=3, leader=2, prevLogIndex=48, prevLogTerm=3, entries=0, commitIndex=48} to 1
22:45:57.089 [raft-server-1] TRACE i.a.p.raft.roles.FollowerRole - RaftServer{1}{role=FOLLOWER} - Received AppendRequest{term=3, leader=2, prevLogIndex=48, prevLogTerm=3, entries=0, commitIndex=48}
22:45:57.089 [raft-server-2] TRACE i.a.p.raft.roles.LeaderAppender - RaftServer{2} - Sending AppendRequest{term=3, leader=2, prevLogIndex=47, prevLogTerm=3, entries=1, commitIndex=48} to 3
22:45:57.090 [raft-server-3] TRACE i.a.p.raft.roles.FollowerRole - RaftServer{3}{role=FOLLOWER} - Received AppendRequest{term=3, leader=2, prevLogIndex=47, prevLogTerm=3, entries=1, commitIndex=48}
22:45:57.090 [raft-server-2] TRACE i.a.p.raft.roles.LeaderAppender - RaftServer{2} - Received AppendResponse{status=OK, term=3, succeeded=true, lastLogIndex=47} from 3
22:45:57.090 [raft-server-3] TRACE i.a.p.raft.roles.FollowerRole - RaftServer{3}{role=FOLLOWER} - Appended Indexed{index=48, entry=CommandEntry{term=3, timestamp=2018-06-07 10:45:56,506, session=2, sequence=30, operation=PrimitiveOperation{id=DefaultOperationId{id=write, type=COMMAND}, value=byte[]{length=17, hash=-1644578928}}}}
22:45:57.090 [raft-server-2-state] TRACE i.a.p.raft.impl.RaftServiceManager - RaftServer{2} - Applying Indexed{index=48, entry=CommandEntry{term=3, timestamp=2018-06-07 10:45:56,506, session=2, sequence=30, operation=PrimitiveOperation{id=DefaultOperationId{id=write, type=COMMAND}, value=byte[]{length=17, hash=-1644578928}}}}
22:45:57.090 [raft-server-2-state] TRACE i.a.p.s.impl.DefaultServiceExecutor - PrimitiveService{2}{type=io.atomix.protocols.raft.RaftTest$TestPrimitiveType@2fa5f551, name=raft-test} - Executing DefaultCommit{index=48, session=RaftSession{RaftServiceContext{server=2, type=io.atomix.protocols.raft.RaftTest$TestPrimitiveType@2fa5f551, name=raft-test, id=2}, session=2, timestamp=2018-06-07 10:45:56,506}, time=2018-06-07 10:45:56,506, operation=DefaultOperationId{id=write, type=COMMAND}, value=byte[]{length=17, hash=-1644578928}}
22:45:57.090 [raft-server-2-state] TRACE i.a.protocols.raft.roles.LeaderRole - RaftServer{2}{role=LEADER} - Sending CommandResponse{status=OK, index=48, eventIndex=2, result=byte[]{length=2, hash=1336}}
22:45:57.091 [raft-client-4d6eb0c5-808f-4bee-91ae-78c435ccd24a-3] TRACE i.a.p.r.p.impl.RaftProxyConnection - PartitionProxy{2}{type=io.atomix.protocols.raft.RaftTest$TestPrimitiveType@35bfa1bb, name=raft-test} - Received CommandResponse{status=OK, index=48, eventIndex=2, result=byte[]{length=2, hash=1336}} from 2
22:45:57.091 [raft-client-4d6eb0c5-808f-4bee-91ae-78c435ccd24a-3] TRACE i.a.p.r.p.impl.RaftProxySequencer - PartitionProxy{2}{type=io.atomix.protocols.raft.RaftTest$TestPrimitiveType@35bfa1bb, name=raft-test} - Completing response CommandResponse{status=OK, index=48, eventIndex=2, result=byte[]{length=2, hash=1336}}
22:45:57.091 [raft-client-4d6eb0c5-808f-4bee-91ae-78c435ccd24a-0] TRACE i.a.p.r.p.impl.RaftProxyConnection - PartitionProxy{2}{type=io.atomix.protocols.raft.RaftTest$TestPrimitiveType@35bfa1bb, name=raft-test} - Sending CommandRequest{session=2, sequence=31, operation=PrimitiveOperation{id=DefaultOperationId{id=write, type=COMMAND}, value=byte[]{length=17, hash=-1644578928}}} to 2
22:45:57.091 [raft-server-2] TRACE i.a.protocols.raft.roles.LeaderRole - RaftServer{2}{role=LEADER} - Received CommandRequest{session=2, sequence=31, operation=PrimitiveOperation{id=DefaultOperationId{id=write, type=COMMAND}, value=byte[]{length=17, hash=-1644578928}}}
22:45:57.091 [raft-server-2] TRACE i.a.protocols.raft.roles.LeaderRole - RaftServer{2}{role=LEADER} - Appended Indexed{index=49, entry=CommandEntry{term=3, timestamp=2018-06-07 10:45:57,091, session=2, sequence=31, operation=PrimitiveOperation{id=DefaultOperationId{id=write, type=COMMAND}, value=byte[]{length=17, hash=-1644578928}}}}
22:45:57.128 [raft-server-1] TRACE i.a.p.raft.roles.FollowerRole - RaftServer{1}{role=FOLLOWER} - Committed entries up to index 48
22:45:57.128 [raft-server-1] TRACE i.a.p.raft.roles.FollowerRole - RaftServer{1}{role=FOLLOWER} - Sending AppendResponse{status=OK, term=3, succeeded=true, lastLogIndex=48}
22:45:57.128 [raft-server-2] TRACE i.a.p.raft.roles.LeaderAppender - RaftServer{2} - Received AppendResponse{status=OK, term=3, succeeded=true, lastLogIndex=48} from 1
22:45:57.128 [raft-server-1-state] TRACE i.a.p.raft.impl.RaftServiceManager - RaftServer{1} - Applying Indexed{index=48, entry=CommandEntry{term=3, timestamp=2018-06-07 10:45:56,506, session=2, sequence=30, operation=PrimitiveOperation{id=DefaultOperationId{id=write, type=COMMAND}, value=byte[]{length=17, hash=-1644578928}}}}
22:45:57.128 [raft-server-2] TRACE i.a.p.raft.roles.LeaderAppender - RaftServer{2} - Sending AppendRequest{term=3, leader=2, prevLogIndex=48, prevLogTerm=3, entries=1, commitIndex=48} to 1
22:45:57.128 [raft-server-1] TRACE i.a.p.raft.roles.FollowerRole - RaftServer{1}{role=FOLLOWER} - Received AppendRequest{term=3, leader=2, prevLogIndex=48, prevLogTerm=3, entries=1, commitIndex=48}
22:45:57.128 [raft-server-1-state] TRACE i.a.p.s.impl.DefaultServiceExecutor - PrimitiveService{2}{type=io.atomix.protocols.raft.RaftTest$TestPrimitiveType@54705ce8, name=raft-test} - Executing DefaultCommit{index=48, session=RaftSession{RaftServiceContext{server=1, type=io.atomix.protocols.raft.RaftTest$TestPrimitiveType@54705ce8, name=raft-test, id=2}, session=2, timestamp=2018-06-07 10:45:56,506}, time=2018-06-07 10:45:56,506, operation=DefaultOperationId{id=write, type=COMMAND}, value=byte[]{length=17, hash=-1644578928}}
22:45:57.128 [raft-server-1] TRACE i.a.p.raft.roles.FollowerRole - RaftServer{1}{role=FOLLOWER} - Appended Indexed{index=49, entry=CommandEntry{term=3, timestamp=2018-06-07 10:45:57,091, session=2, sequence=31, operation=PrimitiveOperation{id=DefaultOperationId{id=write, type=COMMAND}, value=byte[]{length=17, hash=-1644578928}}}}
22:45:57.128 [raft-server-1] TRACE i.a.p.raft.roles.FollowerRole - RaftServer{1}{role=FOLLOWER} - Sending AppendResponse{status=OK, term=3, succeeded=true, lastLogIndex=49}
22:45:57.129 [raft-server-2] TRACE i.a.p.raft.roles.LeaderAppender - RaftServer{2} - Received AppendResponse{status=OK, term=3, succeeded=true, lastLogIndex=49} from 1
22:45:57.129 [raft-server-2] TRACE i.a.p.raft.roles.LeaderAppender - RaftServer{2} - Committed entries up to 49
22:45:57.169 [raft-server-3] TRACE i.a.p.raft.roles.FollowerRole - RaftServer{3}{role=FOLLOWER} - Committed entries up to index 48
22:45:57.169 [raft-server-3] TRACE i.a.p.raft.roles.FollowerRole - RaftServer{3}{role=FOLLOWER} - Sending AppendResponse{status=OK, term=3, succeeded=true, lastLogIndex=48}
22:45:57.170 [raft-server-3-state] TRACE i.a.p.raft.impl.RaftServiceManager - RaftServer{3} - Applying Indexed{index=48, entry=CommandEntry{term=3, timestamp=2018-06-07 10:45:56,506, session=2, sequence=30, operation=PrimitiveOperation{id=DefaultOperationId{id=write, type=COMMAND}, value=byte[]{length=17, hash=-1644578928}}}}
22:45:57.170 [raft-server-3-state] TRACE i.a.p.s.impl.DefaultServiceExecutor - PrimitiveService{2}{type=io.atomix.protocols.raft.RaftTest$TestPrimitiveType@12cd62fc, name=raft-test} - Executing DefaultCommit{index=48, session=RaftSession{RaftServiceContext{server=3, type=io.atomix.protocols.raft.RaftTest$TestPrimitiveType@12cd62fc, name=raft-test, id=2}, session=2, timestamp=2018-06-07 10:45:56,506}, time=2018-06-07 10:45:56,506, operation=DefaultOperationId{id=write, type=COMMAND}, value=byte[]{length=17, hash=-1644578928}}
22:45:57.228 [raft-server-2] TRACE i.a.p.raft.roles.LeaderAppender - RaftServer{2} - Received AppendResponse{status=OK, term=3, succeeded=true, lastLogIndex=48} from 3
22:45:57.228 [raft-server-2] TRACE i.a.p.raft.roles.LeaderAppender - RaftServer{2} - Sending AppendRequest{term=3, leader=2, prevLogIndex=48, prevLogTerm=3, entries=1, commitIndex=49} to 3
22:45:57.228 [raft-server-3] TRACE i.a.p.raft.roles.FollowerRole - RaftServer{3}{role=FOLLOWER} - Received AppendRequest{term=3, leader=2, prevLogIndex=48, prevLogTerm=3, entries=1, commitIndex=49}
22:45:57.228 [raft-server-2] TRACE i.a.p.raft.roles.LeaderAppender - RaftServer{2} - Sending AppendRequest{term=3, leader=2, prevLogIndex=49, prevLogTerm=3, entries=0, commitIndex=49} to 1
22:45:57.228 [raft-server-3] TRACE i.a.p.raft.roles.FollowerRole - RaftServer{3}{role=FOLLOWER} - Appended Indexed{index=49, entry=CommandEntry{term=3, timestamp=2018-06-07 10:45:57,091, session=2, sequence=31, operation=PrimitiveOperation{id=DefaultOperationId{id=write, type=COMMAND}, value=byte[]{length=17, hash=-1644578928}}}}
22:45:57.228 [raft-server-1] TRACE i.a.p.raft.roles.FollowerRole - RaftServer{1}{role=FOLLOWER} - Received AppendRequest{term=3, leader=2, prevLogIndex=49, prevLogTerm=3, entries=0, commitIndex=49}
22:45:57.228 [raft-server-2-state] TRACE i.a.p.raft.impl.RaftServiceManager - RaftServer{2} - Applying Indexed{index=49, entry=CommandEntry{term=3, timestamp=2018-06-07 10:45:57,091, session=2, sequence=31, operation=PrimitiveOperation{id=DefaultOperationId{id=write, type=COMMAND}, value=byte[]{length=17, hash=-1644578928}}}}
22:45:57.228 [raft-server-2-state] TRACE i.a.p.s.impl.DefaultServiceExecutor - PrimitiveService{2}{type=io.atomix.protocols.raft.RaftTest$TestPrimitiveType@2fa5f551, name=raft-test} - Executing DefaultCommit{index=49, session=RaftSession{RaftServiceContext{server=2, type=io.atomix.protocols.raft.RaftTest$TestPrimitiveType@2fa5f551, name=raft-test, id=2}, session=2, timestamp=2018-06-07 10:45:57,091}, time=2018-06-07 10:45:57,091, operation=DefaultOperationId{id=write, type=COMMAND}, value=byte[]{length=17, hash=-1644578928}}
22:45:57.229 [raft-server-2] TRACE i.a.protocols.raft.roles.LeaderRole - RaftServer{2}{role=LEADER} - Sending CommandResponse{status=OK, index=49, eventIndex=2, result=byte[]{length=2, hash=1338}}
22:45:57.229 [raft-client-4d6eb0c5-808f-4bee-91ae-78c435ccd24a-2] TRACE i.a.p.r.p.impl.RaftProxyConnection - PartitionProxy{2}{type=io.atomix.protocols.raft.RaftTest$TestPrimitiveType@35bfa1bb, name=raft-test} - Received CommandResponse{status=OK, index=49, eventIndex=2, result=byte[]{length=2, hash=1338}} from 2
22:45:57.229 [raft-client-4d6eb0c5-808f-4bee-91ae-78c435ccd24a-2] TRACE i.a.p.r.p.impl.RaftProxySequencer - PartitionProxy{2}{type=io.atomix.protocols.raft.RaftTest$TestPrimitiveType@35bfa1bb, name=raft-test} - Completing response CommandResponse{status=OK, index=49, eventIndex=2, result=byte[]{length=2, hash=1338}}
22:45:57.229 [raft-client-4d6eb0c5-808f-4bee-91ae-78c435ccd24a-1] TRACE i.a.p.r.p.impl.RaftProxyConnection - PartitionProxy{2}{type=io.atomix.protocols.raft.RaftTest$TestPrimitiveType@35bfa1bb, name=raft-test} - Sending CommandRequest{session=2, sequence=32, operation=PrimitiveOperation{id=DefaultOperationId{id=write, type=COMMAND}, value=byte[]{length=17, hash=-1644578928}}} to 2
22:45:57.230 [raft-server-2] TRACE i.a.protocols.raft.roles.LeaderRole - RaftServer{2}{role=LEADER} - Received CommandRequest{session=2, sequence=32, operation=PrimitiveOperation{id=DefaultOperationId{id=write, type=COMMAND}, value=byte[]{length=17, hash=-1644578928}}}
22:45:57.230 [raft-server-2] TRACE i.a.protocols.raft.roles.LeaderRole - RaftServer{2}{role=LEADER} - Appended Indexed{index=50, entry=CommandEntry{term=3, timestamp=2018-06-07 10:45:57,230, session=2, sequence=32, operation=PrimitiveOperation{id=DefaultOperationId{id=write, type=COMMAND}, value=byte[]{length=17, hash=-1644578928}}}}
22:45:57.270 [raft-server-3] TRACE i.a.p.raft.roles.FollowerRole - RaftServer{3}{role=FOLLOWER} - Committed entries up to index 49
22:45:57.270 [raft-server-3] TRACE i.a.p.raft.roles.FollowerRole - RaftServer{3}{role=FOLLOWER} - Sending AppendResponse{status=OK, term=3, succeeded=true, lastLogIndex=49}
22:45:57.271 [raft-server-2] TRACE i.a.p.raft.roles.LeaderAppender - RaftServer{2} - Received AppendResponse{status=OK, term=3, succeeded=true, lastLogIndex=49} from 3
22:45:57.271 [raft-server-3-state] TRACE i.a.p.raft.impl.RaftServiceManager - RaftServer{3} - Applying Indexed{index=49, entry=CommandEntry{term=3, timestamp=2018-06-07 10:45:57,091, session=2, sequence=31, operation=PrimitiveOperation{id=DefaultOperationId{id=write, type=COMMAND}, value=byte[]{length=17, hash=-1644578928}}}}
22:45:57.271 [raft-server-2] TRACE i.a.p.raft.roles.LeaderAppender - RaftServer{2} - Sending AppendRequest{term=3, leader=2, prevLogIndex=49, prevLogTerm=3, entries=1, commitIndex=49} to 3
22:45:57.271 [raft-server-3-state] TRACE i.a.p.s.impl.DefaultServiceExecutor - PrimitiveService{2}{type=io.atomix.protocols.raft.RaftTest$TestPrimitiveType@12cd62fc, name=raft-test} - Executing DefaultCommit{index=49, session=RaftSession{RaftServiceContext{server=3, type=io.atomix.protocols.raft.RaftTest$TestPrimitiveType@12cd62fc, name=raft-test, id=2}, session=2, timestamp=2018-06-07 10:45:57,091}, time=2018-06-07 10:45:57,091, operation=DefaultOperationId{id=write, type=COMMAND}, value=byte[]{length=17, hash=-1644578928}}
22:45:57.271 [raft-server-3] TRACE i.a.p.raft.roles.FollowerRole - RaftServer{3}{role=FOLLOWER} - Received AppendRequest{term=3, leader=2, prevLogIndex=49, prevLogTerm=3, entries=1, commitIndex=49}
22:45:57.271 [raft-server-3] TRACE i.a.p.raft.roles.FollowerRole - RaftServer{3}{role=FOLLOWER} - Appended Indexed{index=50, entry=CommandEntry{term=3, timestamp=2018-06-07 10:45:57,230, session=2, sequence=32, operation=PrimitiveOperation{id=DefaultOperationId{id=write, type=COMMAND}, value=byte[]{length=17, hash=-1644578928}}}}
22:45:57.271 [raft-server-3] TRACE i.a.p.raft.roles.FollowerRole - RaftServer{3}{role=FOLLOWER} - Sending AppendResponse{status=OK, term=3, succeeded=true, lastLogIndex=50}
22:45:57.271 [raft-server-2] TRACE i.a.p.raft.roles.LeaderAppender - RaftServer{2} - Received AppendResponse{status=OK, term=3, succeeded=true, lastLogIndex=50} from 3
22:45:57.271 [raft-server-2] TRACE i.a.p.raft.roles.LeaderAppender - RaftServer{2} - Committed entries up to 50
22:45:57.345 [raft-server-1] TRACE i.a.p.raft.roles.FollowerRole - RaftServer{1}{role=FOLLOWER} - Committed entries up to index 49
22:45:57.345 [raft-server-1] TRACE i.a.p.raft.roles.FollowerRole - RaftServer{1}{role=FOLLOWER} - Sending AppendResponse{status=OK, term=3, succeeded=true, lastLogIndex=49}
22:45:57.346 [raft-server-1-state] TRACE i.a.p.raft.impl.RaftServiceManager - RaftServer{1} - Applying Indexed{index=49, entry=CommandEntry{term=3, timestamp=2018-06-07 10:45:57,091, session=2, sequence=31, operation=PrimitiveOperation{id=DefaultOperationId{id=write, type=COMMAND}, value=byte[]{length=17, hash=-1644578928}}}}
22:45:57.346 [raft-server-1-state] TRACE i.a.p.s.impl.DefaultServiceExecutor - PrimitiveService{2}{type=io.atomix.protocols.raft.RaftTest$TestPrimitiveType@54705ce8, name=raft-test} - Executing DefaultCommit{index=49, session=RaftSession{RaftServiceContext{server=1, type=io.atomix.protocols.raft.RaftTest$TestPrimitiveType@54705ce8, name=raft-test, id=2}, session=2, timestamp=2018-06-07 10:45:57,091}, time=2018-06-07 10:45:57,091, operation=DefaultOperationId{id=write, type=COMMAND}, value=byte[]{length=17, hash=-1644578928}}
22:45:57.394 [raft-server-2] TRACE i.a.p.raft.roles.LeaderAppender - RaftServer{2} - Received AppendResponse{status=OK, term=3, succeeded=true, lastLogIndex=49} from 1
22:45:57.394 [raft-server-2] TRACE i.a.p.raft.roles.LeaderAppender - RaftServer{2} - Sending AppendRequest{term=3, leader=2, prevLogIndex=49, prevLogTerm=3, entries=1, commitIndex=50} to 1
22:45:57.394 [raft-server-1] TRACE i.a.p.raft.roles.FollowerRole - RaftServer{1}{role=FOLLOWER} - Received AppendRequest{term=3, leader=2, prevLogIndex=49, prevLogTerm=3, entries=1, commitIndex=50}
22:45:57.395 [raft-server-1] TRACE i.a.p.raft.roles.FollowerRole - RaftServer{1}{role=FOLLOWER} - Appended Indexed{index=50, entry=CommandEntry{term=3, timestamp=2018-06-07 10:45:57,230, session=2, sequence=32, operation=PrimitiveOperation{id=DefaultOperationId{id=write, type=COMMAND}, value=byte[]{length=17, hash=-1644578928}}}}
22:45:57.395 [raft-server-2-state] TRACE i.a.p.raft.impl.RaftServiceManager - RaftServer{2} - Applying Indexed{index=50, entry=CommandEntry{term=3, timestamp=2018-06-07 10:45:57,230, session=2, sequence=32, operation=PrimitiveOperation{id=DefaultOperationId{id=write, type=COMMAND}, value=byte[]{length=17, hash=-1644578928}}}}
22:45:57.395 [raft-server-2-state] TRACE i.a.p.s.impl.DefaultServiceExecutor - PrimitiveService{2}{type=io.atomix.protocols.raft.RaftTest$TestPrimitiveType@2fa5f551, name=raft-test} - Executing DefaultCommit{index=50, session=RaftSession{RaftServiceContext{server=2, type=io.atomix.protocols.raft.RaftTest$TestPrimitiveType@2fa5f551, name=raft-test, id=2}, session=2, timestamp=2018-06-07 10:45:57,230}, time=2018-06-07 10:45:57,230, operation=DefaultOperationId{id=write, type=COMMAND}, value=byte[]{length=17, hash=-1644578928}}
22:45:57.395 [raft-server-2-state] TRACE i.a.protocols.raft.roles.LeaderRole - RaftServer{2}{role=LEADER} - Sending CommandResponse{status=OK, index=50, eventIndex=2, result=byte[]{length=2, hash=1340}}
22:45:57.395 [raft-client-4d6eb0c5-808f-4bee-91ae-78c435ccd24a-4] TRACE i.a.p.r.p.impl.RaftProxyConnection - PartitionProxy{2}{type=io.atomix.protocols.raft.RaftTest$TestPrimitiveType@35bfa1bb, name=raft-test} - Received CommandResponse{status=OK, index=50, eventIndex=2, result=byte[]{length=2, hash=1340}} from 2
22:45:57.396 [raft-client-4d6eb0c5-808f-4bee-91ae-78c435ccd24a-4] TRACE i.a.p.r.p.impl.RaftProxySequencer - PartitionProxy{2}{type=io.atomix.protocols.raft.RaftTest$TestPrimitiveType@35bfa1bb, name=raft-test} - Completing response CommandResponse{status=OK, index=50, eventIndex=2, result=byte[]{length=2, hash=1340}}
22:45:57.396 [raft-client-4d6eb0c5-808f-4bee-91ae-78c435ccd24a-6] TRACE i.a.p.r.p.impl.RaftProxyConnection - PartitionProxy{2}{type=io.atomix.protocols.raft.RaftTest$TestPrimitiveType@35bfa1bb, name=raft-test} - Sending CommandRequest{session=2, sequence=33, operation=PrimitiveOperation{id=DefaultOperationId{id=write, type=COMMAND}, value=byte[]{length=17, hash=-1644578928}}} to 2
22:45:57.396 [raft-server-2] TRACE i.a.protocols.raft.roles.LeaderRole - RaftServer{2}{role=LEADER} - Received CommandRequest{session=2, sequence=33, operation=PrimitiveOperation{id=DefaultOperationId{id=write, type=COMMAND}, value=byte[]{length=17, hash=-1644578928}}}
22:45:57.437 [raft-server-1] TRACE i.a.p.raft.roles.FollowerRole - RaftServer{1}{role=FOLLOWER} - Committed entries up to index 50
22:45:57.437 [raft-server-1] TRACE i.a.p.raft.roles.FollowerRole - RaftServer{1}{role=FOLLOWER} - Sending AppendResponse{status=OK, term=3, succeeded=true, lastLogIndex=50}
22:45:57.437 [raft-server-1-state] TRACE i.a.p.raft.impl.RaftServiceManager - RaftServer{1} - Applying Indexed{index=50, entry=CommandEntry{term=3, timestamp=2018-06-07 10:45:57,230, session=2, sequence=32, operation=PrimitiveOperation{id=DefaultOperationId{id=write, type=COMMAND}, value=byte[]{length=17, hash=-1644578928}}}}
22:45:57.437 [raft-server-1-state] TRACE i.a.p.s.impl.DefaultServiceExecutor - PrimitiveService{2}{type=io.atomix.protocols.raft.RaftTest$TestPrimitiveType@54705ce8, name=raft-test} - Executing DefaultCommit{index=50, session=RaftSession{RaftServiceContext{server=1, type=io.atomix.protocols.raft.RaftTest$TestPrimitiveType@54705ce8, name=raft-test, id=2}, session=2, timestamp=2018-06-07 10:45:57,230}, time=2018-06-07 10:45:57,230, operation=DefaultOperationId{id=write, type=COMMAND}, value=byte[]{length=17, hash=-1644578928}}
22:45:57.550 [raft-server-2] DEBUG i.a.storage.journal.SegmentedJournal - Created disk segment: JournalSegment{id=6, version=1, index=51, size=64}
22:45:57.550 [raft-server-2] TRACE i.a.protocols.raft.roles.LeaderRole - RaftServer{2}{role=LEADER} - Appended Indexed{index=51, entry=CommandEntry{term=3, timestamp=2018-06-07 10:45:57,396, session=2, sequence=33, operation=PrimitiveOperation{id=DefaultOperationId{id=write, type=COMMAND}, value=byte[]{length=17, hash=-1644578928}}}}
22:45:57.550 [raft-server-2] TRACE i.a.p.raft.roles.LeaderAppender - RaftServer{2} - Received AppendResponse{status=OK, term=3, succeeded=true, lastLogIndex=50} from 1
22:45:57.551 [raft-server-2] TRACE i.a.p.raft.roles.LeaderAppender - RaftServer{2} - Sending AppendRequest{term=3, leader=2, prevLogIndex=50, prevLogTerm=3, entries=1, commitIndex=50} to 1
22:45:57.551 [raft-server-1] TRACE i.a.p.raft.roles.FollowerRole - RaftServer{1}{role=FOLLOWER} - Received AppendRequest{term=3, leader=2, prevLogIndex=50, prevLogTerm=3, entries=1, commitIndex=50}
22:45:57.551 [raft-server-2] TRACE i.a.p.raft.roles.LeaderAppender - RaftServer{2} - Sending AppendRequest{term=3, leader=2, prevLogIndex=50, prevLogTerm=3, entries=1, commitIndex=50} to 3
22:45:57.551 [raft-server-3] TRACE i.a.p.raft.roles.FollowerRole - RaftServer{3}{role=FOLLOWER} - Received AppendRequest{term=3, leader=2, prevLogIndex=50, prevLogTerm=3, entries=1, commitIndex=50}
22:45:57.720 [raft-server-1] DEBUG i.a.storage.journal.SegmentedJournal - Created disk segment: JournalSegment{id=6, version=1, index=51, size=64}
22:45:57.721 [raft-server-1] TRACE i.a.p.raft.roles.FollowerRole - RaftServer{1}{role=FOLLOWER} - Appended Indexed{index=51, entry=CommandEntry{term=3, timestamp=2018-06-07 10:45:57,396, session=2, sequence=33, operation=PrimitiveOperation{id=DefaultOperationId{id=write, type=COMMAND}, value=byte[]{length=17, hash=-1644578928}}}}
22:45:57.721 [raft-server-1] TRACE i.a.p.raft.roles.FollowerRole - RaftServer{1}{role=FOLLOWER} - Sending AppendResponse{status=OK, term=3, succeeded=true, lastLogIndex=51}
22:45:57.721 [raft-server-2] TRACE i.a.p.raft.roles.LeaderAppender - RaftServer{2} - Received AppendResponse{status=OK, term=3, succeeded=true, lastLogIndex=51} from 1
22:45:57.721 [raft-server-2] TRACE i.a.p.raft.roles.LeaderAppender - RaftServer{2} - Committed entries up to 51
22:45:57.776 [raft-server-3] DEBUG i.a.storage.journal.SegmentedJournal - Created disk segment: JournalSegment{id=6, version=1, index=51, size=64}
22:45:57.776 [raft-server-3] TRACE i.a.p.raft.roles.FollowerRole - RaftServer{3}{role=FOLLOWER} - Appended Indexed{index=51, entry=CommandEntry{term=3, timestamp=2018-06-07 10:45:57,396, session=2, sequence=33, operation=PrimitiveOperation{id=DefaultOperationId{id=write, type=COMMAND}, value=byte[]{length=17, hash=-1644578928}}}}
22:45:57.866 [raft-client-4d6eb0c5-808f-4bee-91ae-78c435ccd24a-7] TRACE i.a.p.r.proxy.impl.RaftProxyManager - RaftClient{4d6eb0c5-808f-4bee-91ae-78c435ccd24a} - Keeping 1 sessions alive
22:45:57.866 [raft-client-4d6eb0c5-808f-4bee-91ae-78c435ccd24a-3] TRACE i.a.p.r.p.impl.RaftProxyConnection - RaftClient{4d6eb0c5-808f-4bee-91ae-78c435ccd24a} - Sending KeepAliveRequest{sessionIds=long[]{length=1, hash=33}, commandSequences=long[]{length=1, hash=63}, eventIndexes=long[]{length=1, hash=33}} to 2
22:45:58.183 [raft-server-2] TRACE i.a.p.raft.roles.LeaderAppender - RaftServer{2} - Sending AppendRequest{term=3, leader=2, prevLogIndex=51, prevLogTerm=3, entries=0, commitIndex=51} to 1
22:45:58.183 [raft-server-1] TRACE i.a.p.raft.roles.FollowerRole - RaftServer{1}{role=FOLLOWER} - Received AppendRequest{term=3, leader=2, prevLogIndex=51, prevLogTerm=3, entries=0, commitIndex=51}
22:45:58.183 [raft-server-2] TRACE i.a.protocols.raft.roles.LeaderRole - RaftServer{2}{role=LEADER} - Received KeepAliveRequest{sessionIds=long[]{length=1, hash=33}, commandSequences=long[]{length=1, hash=63}, eventIndexes=long[]{length=1, hash=33}}
22:45:58.183 [raft-server-2] TRACE i.a.protocols.raft.roles.LeaderRole - RaftServer{2}{role=LEADER} - Appended Indexed{index=52, entry=KeepAliveEntry{term=3, timestamp=2018-06-07 10:45:58,183, sessionIds=long[]{length=1, hash=33}, commandSequences=long[]{length=1, hash=63}, eventIndexes=long[]{length=1, hash=33}}}
22:45:58.184 [raft-server-2] TRACE i.a.p.raft.roles.LeaderAppender - RaftServer{2} - Sending AppendRequest{term=3, leader=2, prevLogIndex=51, prevLogTerm=3, entries=1, commitIndex=51} to 3
22:45:58.184 [raft-server-2-state] TRACE i.a.p.raft.impl.RaftServiceManager - RaftServer{2} - Applying Indexed{index=51, entry=CommandEntry{term=3, timestamp=2018-06-07 10:45:57,396, session=2, sequence=33, operation=PrimitiveOperation{id=DefaultOperationId{id=write, type=COMMAND}, value=byte[]{length=17, hash=-1644578928}}}}
22:45:58.184 [raft-server-2-state] TRACE i.a.p.s.impl.DefaultServiceExecutor - PrimitiveService{2}{type=io.atomix.protocols.raft.RaftTest$TestPrimitiveType@2fa5f551, name=raft-test} - Executing DefaultCommit{index=51, session=RaftSession{RaftServiceContext{server=2, type=io.atomix.protocols.raft.RaftTest$TestPrimitiveType@2fa5f551, name=raft-test, id=2}, session=2, timestamp=2018-06-07 10:45:57,396}, time=2018-06-07 10:45:57,396, operation=DefaultOperationId{id=write, type=COMMAND}, value=byte[]{length=17, hash=-1644578928}}
22:45:58.184 [raft-server-2-state] TRACE i.a.protocols.raft.roles.LeaderRole - RaftServer{2}{role=LEADER} - Sending CommandResponse{status=OK, index=51, eventIndex=2, result=byte[]{length=2, hash=1342}}
22:45:58.184 [raft-client-4d6eb0c5-808f-4bee-91ae-78c435ccd24a-5] TRACE i.a.p.r.p.impl.RaftProxyConnection - PartitionProxy{2}{type=io.atomix.protocols.raft.RaftTest$TestPrimitiveType@35bfa1bb, name=raft-test} - Received CommandResponse{status=OK, index=51, eventIndex=2, result=byte[]{length=2, hash=1342}} from 2
22:45:58.185 [raft-client-4d6eb0c5-808f-4bee-91ae-78c435ccd24a-5] TRACE i.a.p.r.p.impl.RaftProxySequencer - PartitionProxy{2}{type=io.atomix.protocols.raft.RaftTest$TestPrimitiveType@35bfa1bb, name=raft-test} - Completing response CommandResponse{status=OK, index=51, eventIndex=2, result=byte[]{length=2, hash=1342}}
22:45:58.185 [raft-client-4d6eb0c5-808f-4bee-91ae-78c435ccd24a-6] TRACE i.a.p.r.p.impl.RaftProxyConnection - PartitionProxy{2}{type=io.atomix.protocols.raft.RaftTest$TestPrimitiveType@35bfa1bb, name=raft-test} - Sending CommandRequest{session=2, sequence=34, operation=PrimitiveOperation{id=DefaultOperationId{id=write, type=COMMAND}, value=byte[]{length=17, hash=-1644578928}}} to 2
22:45:58.185 [raft-server-2] TRACE i.a.protocols.raft.roles.LeaderRole - RaftServer{2}{role=LEADER} - Received CommandRequest{session=2, sequence=34, operation=PrimitiveOperation{id=DefaultOperationId{id=write, type=COMMAND}, value=byte[]{length=17, hash=-1644578928}}}
22:45:58.185 [raft-server-2] TRACE i.a.protocols.raft.roles.LeaderRole - RaftServer{2}{role=LEADER} - Appended Indexed{index=53, entry=CommandEntry{term=3, timestamp=2018-06-07 10:45:58,185, session=2, sequence=34, operation=PrimitiveOperation{id=DefaultOperationId{id=write, type=COMMAND}, value=byte[]{length=17, hash=-1644578928}}}}
22:45:58.269 [raft-server-3] TRACE i.a.p.raft.roles.FollowerRole - RaftServer{3}{role=FOLLOWER} - Committed entries up to index 50
22:45:58.269 [raft-server-3] TRACE i.a.p.raft.roles.FollowerRole - RaftServer{3}{role=FOLLOWER} - Sending AppendResponse{status=OK, term=3, succeeded=true, lastLogIndex=51}
22:45:58.270 [raft-server-2] TRACE i.a.p.raft.roles.LeaderAppender - RaftServer{2} - Received AppendResponse{status=OK, term=3, succeeded=true, lastLogIndex=51} from 3
22:45:58.270 [raft-server-3] TRACE i.a.p.raft.roles.FollowerRole - RaftServer{3}{role=FOLLOWER} - Received AppendRequest{term=3, leader=2, prevLogIndex=51, prevLogTerm=3, entries=1, commitIndex=51}
22:45:58.270 [raft-server-2] TRACE i.a.p.raft.roles.LeaderAppender - RaftServer{2} - Sending AppendRequest{term=3, leader=2, prevLogIndex=51, prevLogTerm=3, entries=2, commitIndex=51} to 1
22:45:58.270 [raft-server-3] TRACE i.a.p.raft.roles.FollowerRole - RaftServer{3}{role=FOLLOWER} - Appended Indexed{index=52, entry=KeepAliveEntry{term=3, timestamp=2018-06-07 10:45:58,183, sessionIds=long[]{length=1, hash=33}, commandSequences=long[]{length=1, hash=63}, eventIndexes=long[]{length=1, hash=33}}}
22:45:58.446 [raft-server-2] TRACE i.a.p.raft.roles.LeaderAppender - RaftServer{2} - Sending AppendRequest{term=3, leader=2, prevLogIndex=52, prevLogTerm=3, entries=1, commitIndex=51} to 3
22:45:58.867 [raft-client-4d6eb0c5-808f-4bee-91ae-78c435ccd24a-0] DEBUG i.a.p.r.p.impl.RaftProxyConnection - RaftClient{4d6eb0c5-808f-4bee-91ae-78c435ccd24a} - KeepAliveRequest{sessionIds=long[]{length=1, hash=33}, commandSequences=long[]{length=1, hash=63}, eventIndexes=long[]{length=1, hash=33}} failed! Reason: {}
java.util.concurrent.TimeoutException: null
	at io.atomix.protocols.raft.protocol.TestRaftProtocol.lambda$scheduleTimeout$0(TestRaftProtocol.java:48) ~[test-classes/:na]
	at java.util.concurrent.Executors$RunnableAdapter.call(Executors.java:511) ~[na:1.8.0_121]
	at java.util.concurrent.FutureTask.run(FutureTask.java:266) ~[na:1.8.0_121]
	at java.util.concurrent.ScheduledThreadPoolExecutor$ScheduledFutureTask.access$201(ScheduledThreadPoolExecutor.java:180) ~[na:1.8.0_121]
	at java.util.concurrent.ScheduledThreadPoolExecutor$ScheduledFutureTask.run(ScheduledThreadPoolExecutor.java:293) ~[na:1.8.0_121]
	at java.util.concurrent.ThreadPoolExecutor.runWorker(ThreadPoolExecutor.java:1142) ~[na:1.8.0_121]
	at java.util.concurrent.ThreadPoolExecutor$Worker.run(ThreadPoolExecutor.java:617) ~[na:1.8.0_121]
	at java.lang.Thread.run(Thread.java:745) ~[na:1.8.0_121]
22:45:58.868 [raft-client-4d6eb0c5-808f-4bee-91ae-78c435ccd24a-0] TRACE i.a.p.r.p.impl.RaftProxyConnection - RaftClient{4d6eb0c5-808f-4bee-91ae-78c435ccd24a} - Resetting connection. Reason: null
22:45:58.868 [raft-client-4d6eb0c5-808f-4bee-91ae-78c435ccd24a-0] TRACE i.a.p.r.p.impl.RaftProxyConnection - RaftClient{4d6eb0c5-808f-4bee-91ae-78c435ccd24a} - Sending KeepAliveRequest{sessionIds=long[]{length=1, hash=33}, commandSequences=long[]{length=1, hash=63}, eventIndexes=long[]{length=1, hash=33}} to 2
22:45:58.868 [raft-server-2] TRACE i.a.protocols.raft.roles.LeaderRole - RaftServer{2}{role=LEADER} - Received KeepAliveRequest{sessionIds=long[]{length=1, hash=33}, commandSequences=long[]{length=1, hash=63}, eventIndexes=long[]{length=1, hash=33}}
22:45:58.868 [raft-server-2] TRACE i.a.protocols.raft.roles.LeaderRole - RaftServer{2}{role=LEADER} - Appended Indexed{index=54, entry=KeepAliveEntry{term=3, timestamp=2018-06-07 10:45:58,868, sessionIds=long[]{length=1, hash=33}, commandSequences=long[]{length=1, hash=63}, eventIndexes=long[]{length=1, hash=33}}}
22:45:59.184 [raft-server-2] DEBUG i.a.p.raft.roles.LeaderAppender - RaftServer{2} - AppendRequest{term=3, leader=2, prevLogIndex=51, prevLogTerm=3, entries=0, commitIndex=51} to 1 failed: java.util.concurrent.TimeoutException
22:45:59.184 [raft-server-2] DEBUG i.a.p.raft.roles.LeaderAppender - RaftServer{2} - AppendRequest{term=3, leader=2, prevLogIndex=51, prevLogTerm=3, entries=1, commitIndex=51} to 3 failed: java.util.concurrent.TimeoutException
22:45:59.186 [raft-client-4d6eb0c5-808f-4bee-91ae-78c435ccd24a-4] DEBUG i.a.p.r.p.impl.RaftProxyConnection - PartitionProxy{2}{type=io.atomix.protocols.raft.RaftTest$TestPrimitiveType@35bfa1bb, name=raft-test} - CommandRequest{session=2, sequence=34, operation=PrimitiveOperation{id=DefaultOperationId{id=write, type=COMMAND}, value=byte[]{length=17, hash=-1644578928}}} failed! Reason: {}
java.util.concurrent.TimeoutException: null
	at io.atomix.protocols.raft.protocol.TestRaftProtocol.lambda$scheduleTimeout$0(TestRaftProtocol.java:48) ~[test-classes/:na]
	at java.util.concurrent.Executors$RunnableAdapter.call(Executors.java:511) ~[na:1.8.0_121]
	at java.util.concurrent.FutureTask.run(FutureTask.java:266) ~[na:1.8.0_121]
	at java.util.concurrent.ScheduledThreadPoolExecutor$ScheduledFutureTask.access$201(ScheduledThreadPoolExecutor.java:180) ~[na:1.8.0_121]
	at java.util.concurrent.ScheduledThreadPoolExecutor$ScheduledFutureTask.run(ScheduledThreadPoolExecutor.java:293) ~[na:1.8.0_121]
	at java.util.concurrent.ThreadPoolExecutor.runWorker(ThreadPoolExecutor.java:1142) ~[na:1.8.0_121]
	at java.util.concurrent.ThreadPoolExecutor$Worker.run(ThreadPoolExecutor.java:617) ~[na:1.8.0_121]
	at java.lang.Thread.run(Thread.java:745) ~[na:1.8.0_121]
22:45:59.186 [raft-client-4d6eb0c5-808f-4bee-91ae-78c435ccd24a-4] TRACE i.a.p.r.p.impl.RaftProxyConnection - PartitionProxy{2}{type=io.atomix.protocols.raft.RaftTest$TestPrimitiveType@35bfa1bb, name=raft-test} - Resetting connection. Reason: null
22:45:59.186 [raft-client-4d6eb0c5-808f-4bee-91ae-78c435ccd24a-4] TRACE i.a.p.r.p.impl.RaftProxyConnection - PartitionProxy{2}{type=io.atomix.protocols.raft.RaftTest$TestPrimitiveType@35bfa1bb, name=raft-test} - Sending CommandRequest{session=2, sequence=34, operation=PrimitiveOperation{id=DefaultOperationId{id=write, type=COMMAND}, value=byte[]{length=17, hash=-1644578928}}} to 2
22:45:59.186 [raft-server-2] TRACE i.a.protocols.raft.roles.LeaderRole - RaftServer{2}{role=LEADER} - Received CommandRequest{session=2, sequence=34, operation=PrimitiveOperation{id=DefaultOperationId{id=write, type=COMMAND}, value=byte[]{length=17, hash=-1644578928}}}
22:45:59.186 [raft-server-2] TRACE i.a.protocols.raft.roles.LeaderRole - RaftServer{2}{role=LEADER} - Appended Indexed{index=55, entry=CommandEntry{term=3, timestamp=2018-06-07 10:45:59,186, session=2, sequence=34, operation=PrimitiveOperation{id=DefaultOperationId{id=write, type=COMMAND}, value=byte[]{length=17, hash=-1644578928}}}}
22:45:59.204 [raft-server-1] TRACE i.a.p.raft.roles.FollowerRole - RaftServer{1}{role=FOLLOWER} - Committed entries up to index 51
22:45:59.204 [raft-server-1] TRACE i.a.p.raft.roles.FollowerRole - RaftServer{1}{role=FOLLOWER} - Sending AppendResponse{status=OK, term=3, succeeded=true, lastLogIndex=51}
22:45:59.204 [raft-server-1] TRACE i.a.p.raft.roles.FollowerRole - RaftServer{1}{role=FOLLOWER} - Received AppendRequest{term=3, leader=2, prevLogIndex=51, prevLogTerm=3, entries=2, commitIndex=51}
22:45:59.204 [raft-server-1] TRACE i.a.p.raft.roles.FollowerRole - RaftServer{1}{role=FOLLOWER} - Appended Indexed{index=52, entry=KeepAliveEntry{term=3, timestamp=2018-06-07 10:45:58,183, sessionIds=long[]{length=1, hash=33}, commandSequences=long[]{length=1, hash=63}, eventIndexes=long[]{length=1, hash=33}}}
22:45:59.204 [raft-server-1] TRACE i.a.p.raft.roles.FollowerRole - RaftServer{1}{role=FOLLOWER} - Appended Indexed{index=53, entry=CommandEntry{term=3, timestamp=2018-06-07 10:45:58,185, session=2, sequence=34, operation=PrimitiveOperation{id=DefaultOperationId{id=write, type=COMMAND}, value=byte[]{length=17, hash=-1644578928}}}}
22:45:59.204 [raft-server-1] TRACE i.a.p.raft.roles.FollowerRole - RaftServer{1}{role=FOLLOWER} - Sending AppendResponse{status=OK, term=3, succeeded=true, lastLogIndex=53}
22:45:59.204 [raft-server-2] TRACE i.a.p.raft.roles.LeaderAppender - RaftServer{2} - Received AppendResponse{status=OK, term=3, succeeded=true, lastLogIndex=53} from 1
22:45:59.204 [raft-server-2] TRACE i.a.p.raft.roles.LeaderAppender - RaftServer{2} - Committed entries up to 53
22:45:59.204 [raft-server-1-state] TRACE i.a.p.raft.impl.RaftServiceManager - RaftServer{1} - Applying Indexed{index=51, entry=CommandEntry{term=3, timestamp=2018-06-07 10:45:57,396, session=2, sequence=33, operation=PrimitiveOperation{id=DefaultOperationId{id=write, type=COMMAND}, value=byte[]{length=17, hash=-1644578928}}}}
22:45:59.205 [raft-server-1-state] TRACE i.a.p.s.impl.DefaultServiceExecutor - PrimitiveService{2}{type=io.atomix.protocols.raft.RaftTest$TestPrimitiveType@54705ce8, name=raft-test} - Executing DefaultCommit{index=51, session=RaftSession{RaftServiceContext{server=1, type=io.atomix.protocols.raft.RaftTest$TestPrimitiveType@54705ce8, name=raft-test, id=2}, session=2, timestamp=2018-06-07 10:45:57,396}, time=2018-06-07 10:45:57,396, operation=DefaultOperationId{id=write, type=COMMAND}, value=byte[]{length=17, hash=-1644578928}}
22:45:59.766 [raft-server-1-state] DEBUG i.a.p.raft.impl.RaftServiceManager - RaftServer{1} - Completing snapshot 27
22:45:59.869 [raft-client-4d6eb0c5-808f-4bee-91ae-78c435ccd24a-1] DEBUG i.a.p.r.p.impl.RaftProxyConnection - RaftClient{4d6eb0c5-808f-4bee-91ae-78c435ccd24a} - KeepAliveRequest{sessionIds=long[]{length=1, hash=33}, commandSequences=long[]{length=1, hash=63}, eventIndexes=long[]{length=1, hash=33}} failed! Reason: {}
java.util.concurrent.TimeoutException: null
	at io.atomix.protocols.raft.protocol.TestRaftProtocol.lambda$scheduleTimeout$0(TestRaftProtocol.java:48) ~[test-classes/:na]
	at java.util.concurrent.Executors$RunnableAdapter.call(Executors.java:511) ~[na:1.8.0_121]
	at java.util.concurrent.FutureTask.run(FutureTask.java:266) ~[na:1.8.0_121]
	at java.util.concurrent.ScheduledThreadPoolExecutor$ScheduledFutureTask.access$201(ScheduledThreadPoolExecutor.java:180) ~[na:1.8.0_121]
	at java.util.concurrent.ScheduledThreadPoolExecutor$ScheduledFutureTask.run(ScheduledThreadPoolExecutor.java:293) ~[na:1.8.0_121]
	at java.util.concurrent.ThreadPoolExecutor.runWorker(ThreadPoolExecutor.java:1142) ~[na:1.8.0_121]
	at java.util.concurrent.ThreadPoolExecutor$Worker.run(ThreadPoolExecutor.java:617) ~[na:1.8.0_121]
	at java.lang.Thread.run(Thread.java:745) ~[na:1.8.0_121]
22:45:59.869 [raft-client-4d6eb0c5-808f-4bee-91ae-78c435ccd24a-1] TRACE i.a.p.r.p.impl.RaftProxyConnection - RaftClient{4d6eb0c5-808f-4bee-91ae-78c435ccd24a} - Resetting connection. Reason: null
22:45:59.869 [raft-client-4d6eb0c5-808f-4bee-91ae-78c435ccd24a-1] TRACE i.a.p.r.p.impl.RaftProxyConnection - RaftClient{4d6eb0c5-808f-4bee-91ae-78c435ccd24a} - Sending KeepAliveRequest{sessionIds=long[]{length=1, hash=33}, commandSequences=long[]{length=1, hash=63}, eventIndexes=long[]{length=1, hash=33}} to 1
22:45:59.869 [raft-server-1] TRACE i.a.p.raft.roles.FollowerRole - RaftServer{1}{role=FOLLOWER} - Received KeepAliveRequest{sessionIds=long[]{length=1, hash=33}, commandSequences=long[]{length=1, hash=63}, eventIndexes=long[]{length=1, hash=33}}
22:45:59.879 [raft-server-2-state] DEBUG i.a.p.raft.impl.RaftServiceManager - RaftServer{2} - Completing snapshot 27
22:45:59.904 [raft-server-3] TRACE i.a.p.raft.roles.FollowerRole - RaftServer{3}{role=FOLLOWER} - Committed entries up to index 51
22:45:59.904 [raft-server-3] TRACE i.a.p.raft.roles.FollowerRole - RaftServer{3}{role=FOLLOWER} - Sending AppendResponse{status=OK, term=3, succeeded=true, lastLogIndex=52}
22:45:59.904 [raft-server-3] TRACE i.a.p.raft.roles.FollowerRole - RaftServer{3}{role=FOLLOWER} - Received AppendRequest{term=3, leader=2, prevLogIndex=52, prevLogTerm=3, entries=1, commitIndex=51}
22:45:59.905 [raft-server-3-state] TRACE i.a.p.raft.impl.RaftServiceManager - RaftServer{3} - Applying Indexed{index=50, entry=CommandEntry{term=3, timestamp=2018-06-07 10:45:57,230, session=2, sequence=32, operation=PrimitiveOperation{id=DefaultOperationId{id=write, type=COMMAND}, value=byte[]{length=17, hash=-1644578928}}}}
22:45:59.905 [raft-server-3] TRACE i.a.p.raft.roles.FollowerRole - RaftServer{3}{role=FOLLOWER} - Appended Indexed{index=53, entry=CommandEntry{term=3, timestamp=2018-06-07 10:45:58,185, session=2, sequence=34, operation=PrimitiveOperation{id=DefaultOperationId{id=write, type=COMMAND}, value=byte[]{length=17, hash=-1644578928}}}}
22:45:59.905 [raft-server-3] TRACE i.a.p.raft.roles.FollowerRole - RaftServer{3}{role=FOLLOWER} - Sending AppendResponse{status=OK, term=3, succeeded=true, lastLogIndex=53}
22:45:59.905 [raft-server-3-state] TRACE i.a.p.s.impl.DefaultServiceExecutor - PrimitiveService{2}{type=io.atomix.protocols.raft.RaftTest$TestPrimitiveType@12cd62fc, name=raft-test} - Executing DefaultCommit{index=50, session=RaftSession{RaftServiceContext{server=3, type=io.atomix.protocols.raft.RaftTest$TestPrimitiveType@12cd62fc, name=raft-test, id=2}, session=2, timestamp=2018-06-07 10:45:57,230}, time=2018-06-07 10:45:57,230, operation=DefaultOperationId{id=write, type=COMMAND}, value=byte[]{length=17, hash=-1644578928}}
22:45:59.905 [raft-server-3-state] TRACE i.a.p.raft.impl.RaftServiceManager - RaftServer{3} - Applying Indexed{index=51, entry=CommandEntry{term=3, timestamp=2018-06-07 10:45:57,396, session=2, sequence=33, operation=PrimitiveOperation{id=DefaultOperationId{id=write, type=COMMAND}, value=byte[]{length=17, hash=-1644578928}}}}
22:45:59.905 [raft-server-3-state] TRACE i.a.p.s.impl.DefaultServiceExecutor - PrimitiveService{2}{type=io.atomix.protocols.raft.RaftTest$TestPrimitiveType@12cd62fc, name=raft-test} - Executing DefaultCommit{index=51, session=RaftSession{RaftServiceContext{server=3, type=io.atomix.protocols.raft.RaftTest$TestPrimitiveType@12cd62fc, name=raft-test, id=2}, session=2, timestamp=2018-06-07 10:45:57,396}, time=2018-06-07 10:45:57,396, operation=DefaultOperationId{id=write, type=COMMAND}, value=byte[]{length=17, hash=-1644578928}}
22:45:59.921 [raft-server-3-state] DEBUG i.a.p.raft.impl.RaftServiceManager - RaftServer{3} - Completing snapshot 27
22:45:59.948 [raft-server-2] TRACE i.a.p.raft.roles.LeaderAppender - RaftServer{2} - Sending AppendRequest{term=3, leader=2, prevLogIndex=53, prevLogTerm=3, entries=2, commitIndex=53} to 1
22:45:59.948 [raft-server-1] TRACE i.a.p.raft.roles.FollowerRole - RaftServer{1}{role=FOLLOWER} - Received AppendRequest{term=3, leader=2, prevLogIndex=53, prevLogTerm=3, entries=2, commitIndex=53}
22:45:59.948 [raft-server-1] TRACE i.a.p.raft.roles.FollowerRole - RaftServer{1}{role=FOLLOWER} - Appended Indexed{index=54, entry=KeepAliveEntry{term=3, timestamp=2018-06-07 10:45:58,868, sessionIds=long[]{length=1, hash=33}, commandSequences=long[]{length=1, hash=63}, eventIndexes=long[]{length=1, hash=33}}}
22:45:59.948 [raft-server-2] DEBUG i.a.p.raft.roles.LeaderAppender - RaftServer{2} - AppendRequest{term=3, leader=2, prevLogIndex=52, prevLogTerm=3, entries=1, commitIndex=51} to 3 failed: java.util.concurrent.TimeoutException
22:45:59.948 [raft-server-2] TRACE i.a.p.raft.roles.LeaderAppender - RaftServer{2} - Sending AppendRequest{term=3, leader=2, prevLogIndex=53, prevLogTerm=3, entries=0, commitIndex=53} to 3
22:45:59.948 [raft-server-1] TRACE i.a.p.raft.roles.FollowerRole - RaftServer{1}{role=FOLLOWER} - Appended Indexed{index=55, entry=CommandEntry{term=3, timestamp=2018-06-07 10:45:59,186, session=2, sequence=34, operation=PrimitiveOperation{id=DefaultOperationId{id=write, type=COMMAND}, value=byte[]{length=17, hash=-1644578928}}}}
22:45:59.949 [raft-server-3] TRACE i.a.p.raft.roles.FollowerRole - RaftServer{3}{role=FOLLOWER} - Received AppendRequest{term=3, leader=2, prevLogIndex=53, prevLogTerm=3, entries=0, commitIndex=53}
22:45:59.949 [raft-server-2] TRACE i.a.protocols.raft.roles.LeaderRole - RaftServer{2}{role=LEADER} - Received KeepAliveRequest{sessionIds=long[]{length=1, hash=33}, commandSequences=long[]{length=1, hash=63}, eventIndexes=long[]{length=1, hash=33}}
22:45:59.949 [raft-server-2] TRACE i.a.protocols.raft.roles.LeaderRole - RaftServer{2}{role=LEADER} - Appended Indexed{index=56, entry=KeepAliveEntry{term=3, timestamp=2018-06-07 10:45:59,949, sessionIds=long[]{length=1, hash=33}, commandSequences=long[]{length=1, hash=63}, eventIndexes=long[]{length=1, hash=33}}}
22:46:00.049 [raft-server-3] TRACE i.a.p.raft.roles.FollowerRole - RaftServer{3}{role=FOLLOWER} - Committed entries up to index 53
22:46:00.049 [raft-server-1] TRACE i.a.p.raft.roles.FollowerRole - RaftServer{1}{role=FOLLOWER} - Committed entries up to index 53
22:46:00.049 [raft-server-3] TRACE i.a.p.raft.roles.FollowerRole - RaftServer{3}{role=FOLLOWER} - Sending AppendResponse{status=OK, term=3, succeeded=true, lastLogIndex=53}
22:46:00.049 [raft-server-1] TRACE i.a.p.raft.roles.FollowerRole - RaftServer{1}{role=FOLLOWER} - Sending AppendResponse{status=OK, term=3, succeeded=true, lastLogIndex=55}
22:46:00.049 [raft-server-2] TRACE i.a.p.raft.roles.LeaderAppender - RaftServer{2} - Received AppendResponse{status=OK, term=3, succeeded=true, lastLogIndex=53} from 3
22:46:00.050 [raft-server-2] TRACE i.a.p.raft.roles.LeaderAppender - RaftServer{2} - Sending AppendRequest{term=3, leader=2, prevLogIndex=53, prevLogTerm=3, entries=3, commitIndex=53} to 3
22:46:00.050 [raft-server-3] TRACE i.a.p.raft.roles.FollowerRole - RaftServer{3}{role=FOLLOWER} - Received AppendRequest{term=3, leader=2, prevLogIndex=53, prevLogTerm=3, entries=3, commitIndex=53}
22:46:00.050 [raft-server-1] DEBUG i.a.p.raft.impl.RaftServiceManager - RaftServer{1} - Compacting logs up to index 27
22:46:00.050 [raft-server-3-state] TRACE i.a.p.raft.impl.RaftServiceManager - RaftServer{3} - Applying Indexed{index=52, entry=KeepAliveEntry{term=3, timestamp=2018-06-07 10:45:58,183, sessionIds=long[]{length=1, hash=33}, commandSequences=long[]{length=1, hash=63}, eventIndexes=long[]{length=1, hash=33}}}
22:46:00.050 [raft-server-2] TRACE i.a.p.raft.roles.LeaderAppender - RaftServer{2} - Sending AppendRequest{term=3, leader=2, prevLogIndex=55, prevLogTerm=3, entries=1, commitIndex=53} to 1
22:46:00.050 [raft-server-1-state] TRACE i.a.p.raft.impl.RaftServiceManager - RaftServer{1} - Applying Indexed{index=52, entry=KeepAliveEntry{term=3, timestamp=2018-06-07 10:45:58,183, sessionIds=long[]{length=1, hash=33}, commandSequences=long[]{length=1, hash=63}, eventIndexes=long[]{length=1, hash=33}}}
22:46:00.050 [raft-server-1] DEBUG i.a.storage.journal.SegmentedJournal - atomix - Compacting 2 segment(s)
22:46:00.050 [raft-server-2-state] TRACE i.a.p.raft.impl.RaftServiceManager - RaftServer{2} - Applying Indexed{index=52, entry=KeepAliveEntry{term=3, timestamp=2018-06-07 10:45:58,183, sessionIds=long[]{length=1, hash=33}, commandSequences=long[]{length=1, hash=63}, eventIndexes=long[]{length=1, hash=33}}}
22:46:00.050 [raft-server-3] TRACE i.a.p.raft.roles.FollowerRole - RaftServer{3}{role=FOLLOWER} - Appended Indexed{index=54, entry=KeepAliveEntry{term=3, timestamp=2018-06-07 10:45:58,868, sessionIds=long[]{length=1, hash=33}, commandSequences=long[]{length=1, hash=63}, eventIndexes=long[]{length=1, hash=33}}}
22:46:00.050 [raft-server-2] TRACE i.a.p.raft.roles.LeaderAppender - RaftServer{2} - Received AppendResponse{status=OK, term=3, succeeded=true, lastLogIndex=55} from 1
22:46:00.050 [raft-server-3-state] TRACE i.a.p.raft.impl.RaftServiceManager - RaftServer{3} - Applying Indexed{index=53, entry=CommandEntry{term=3, timestamp=2018-06-07 10:45:58,185, session=2, sequence=34, operation=PrimitiveOperation{id=DefaultOperationId{id=write, type=COMMAND}, value=byte[]{length=17, hash=-1644578928}}}}
22:46:00.050 [raft-server-1-state] TRACE i.a.p.raft.impl.RaftServiceManager - RaftServer{1} - Applying Indexed{index=53, entry=CommandEntry{term=3, timestamp=2018-06-07 10:45:58,185, session=2, sequence=34, operation=PrimitiveOperation{id=DefaultOperationId{id=write, type=COMMAND}, value=byte[]{length=17, hash=-1644578928}}}}
22:46:00.050 [raft-server-2] TRACE i.a.p.raft.roles.LeaderAppender - RaftServer{2} - Committed entries up to 55
22:46:00.050 [raft-server-2-state] TRACE i.a.p.raft.impl.RaftServiceManager - RaftServer{2} - Applying Indexed{index=53, entry=CommandEntry{term=3, timestamp=2018-06-07 10:45:58,185, session=2, sequence=34, operation=PrimitiveOperation{id=DefaultOperationId{id=write, type=COMMAND}, value=byte[]{length=17, hash=-1644578928}}}}
22:46:00.050 [raft-server-1] TRACE i.a.storage.journal.SegmentedJournal - Deleting segment: JournalSegment{id=1, version=1, index=1, size=505}
22:46:00.050 [raft-server-3] TRACE i.a.p.raft.roles.FollowerRole - RaftServer{3}{role=FOLLOWER} - Appended Indexed{index=55, entry=CommandEntry{term=3, timestamp=2018-06-07 10:45:59,186, session=2, sequence=34, operation=PrimitiveOperation{id=DefaultOperationId{id=write, type=COMMAND}, value=byte[]{length=17, hash=-1644578928}}}}
22:46:00.050 [raft-server-3-state] TRACE i.a.p.s.impl.DefaultServiceExecutor - PrimitiveService{2}{type=io.atomix.protocols.raft.RaftTest$TestPrimitiveType@12cd62fc, name=raft-test} - Executing DefaultCommit{index=53, session=RaftSession{RaftServiceContext{server=3, type=io.atomix.protocols.raft.RaftTest$TestPrimitiveType@12cd62fc, name=raft-test, id=2}, session=2, timestamp=2018-06-07 10:45:58,185}, time=2018-06-07 10:45:58,185, operation=DefaultOperationId{id=write, type=COMMAND}, value=byte[]{length=17, hash=-1644578928}}
22:46:00.050 [raft-server-1-state] TRACE i.a.p.s.impl.DefaultServiceExecutor - PrimitiveService{2}{type=io.atomix.protocols.raft.RaftTest$TestPrimitiveType@54705ce8, name=raft-test} - Executing DefaultCommit{index=53, session=RaftSession{RaftServiceContext{server=1, type=io.atomix.protocols.raft.RaftTest$TestPrimitiveType@54705ce8, name=raft-test, id=2}, session=2, timestamp=2018-06-07 10:45:58,185}, time=2018-06-07 10:45:58,185, operation=DefaultOperationId{id=write, type=COMMAND}, value=byte[]{length=17, hash=-1644578928}}
22:46:00.050 [raft-server-2-state] TRACE i.a.p.s.impl.DefaultServiceExecutor - PrimitiveService{2}{type=io.atomix.protocols.raft.RaftTest$TestPrimitiveType@2fa5f551, name=raft-test} - Executing DefaultCommit{index=53, session=RaftSession{RaftServiceContext{server=2, type=io.atomix.protocols.raft.RaftTest$TestPrimitiveType@2fa5f551, name=raft-test, id=2}, session=2, timestamp=2018-06-07 10:45:58,185}, time=2018-06-07 10:45:58,185, operation=DefaultOperationId{id=write, type=COMMAND}, value=byte[]{length=17, hash=-1644578928}}
22:46:00.051 [raft-server-3] TRACE i.a.p.raft.roles.FollowerRole - RaftServer{3}{role=FOLLOWER} - Appended Indexed{index=56, entry=KeepAliveEntry{term=3, timestamp=2018-06-07 10:45:59,949, sessionIds=long[]{length=1, hash=33}, commandSequences=long[]{length=1, hash=63}, eventIndexes=long[]{length=1, hash=33}}}
22:46:00.051 [raft-server-3] TRACE i.a.p.raft.roles.FollowerRole - RaftServer{3}{role=FOLLOWER} - Sending AppendResponse{status=OK, term=3, succeeded=true, lastLogIndex=56}
22:46:00.051 [raft-server-3] DEBUG i.a.p.raft.impl.RaftServiceManager - RaftServer{3} - Compacting logs up to index 27
22:46:00.051 [raft-server-3] DEBUG i.a.storage.journal.SegmentedJournal - atomix - Compacting 2 segment(s)
22:46:00.051 [raft-server-3] TRACE i.a.storage.journal.SegmentedJournal - Deleting segment: JournalSegment{id=1, version=1, index=1, size=505}
22:46:00.051 [raft-server-1] TRACE i.a.storage.journal.SegmentedJournal - Deleting segment: JournalSegment{id=2, version=1, index=11, size=549}
22:46:00.052 [raft-server-3] TRACE i.a.storage.journal.SegmentedJournal - Deleting segment: JournalSegment{id=2, version=1, index=11, size=549}
22:46:00.052 [raft-server-1] DEBUG i.a.p.raft.impl.RaftServiceManager - RaftServer{1} - Snapshotting services
22:46:00.051 [raft-server-2-state] TRACE i.a.protocols.raft.roles.LeaderRole - RaftServer{2}{role=LEADER} - Sending CommandResponse{status=OK, index=53, eventIndex=2, result=byte[]{length=2, hash=1346}}
22:46:00.052 [raft-server-1] TRACE i.a.p.raft.roles.FollowerRole - RaftServer{1}{role=FOLLOWER} - Received AppendRequest{term=3, leader=2, prevLogIndex=55, prevLogTerm=3, entries=1, commitIndex=53}
22:46:00.052 [raft-server-3] DEBUG i.a.p.raft.impl.RaftServiceManager - RaftServer{3} - Snapshotting services
22:46:00.052 [raft-server-1-state] DEBUG i.a.p.r.s.snapshot.SnapshotStore - Created memory snapshot: MemorySnapshot{index=53}
22:46:00.052 [raft-server-3-state] DEBUG i.a.p.r.s.snapshot.SnapshotStore - Created memory snapshot: MemorySnapshot{index=53}
22:46:00.052 [raft-server-1] TRACE i.a.p.raft.roles.FollowerRole - RaftServer{1}{role=FOLLOWER} - Appended Indexed{index=56, entry=KeepAliveEntry{term=3, timestamp=2018-06-07 10:45:59,949, sessionIds=long[]{length=1, hash=33}, commandSequences=long[]{length=1, hash=63}, eventIndexes=long[]{length=1, hash=33}}}
22:46:00.052 [raft-server-1] TRACE i.a.p.raft.roles.FollowerRole - RaftServer{1}{role=FOLLOWER} - Sending AppendResponse{status=OK, term=3, succeeded=true, lastLogIndex=56}
22:46:00.052 [raft-server-1-state] TRACE i.a.utils.serializer.KryoNamespace - Creating Kryo instance for KryoNamespace{registeredBlocks=[RegistrationBlock{begin=16, types=[([Ljava.lang.Class;@6b321262,null), ([Ljava.lang.Class;@68b11545,null), ([Ljava.lang.Class;@7d0100ea,null), ([Ljava.lang.Class;@357bc488,null), ([Ljava.lang.Class;@4ea17147,io.atomix.utils.serializer.serializers.ImmutableListSerializer@2eda4eeb), ([Ljava.lang.Class;@5ba90d8a,io.atomix.utils.serializer.serializers.ImmutableSetSerializer@309dcdf3), ([Ljava.lang.Class;@7573b9ee,io.atomix.utils.serializer.serializers.ImmutableMapSerializer@9a20cbd), ([Ljava.lang.Class;@1af4955e,null), ([Ljava.lang.Class;@445821a6,null), ([Ljava.lang.Class;@2c0c4c0a,null), ([Ljava.lang.Class;@35d26ad2,null), ([Ljava.lang.Class;@bb25753,null), ([Ljava.lang.Class;@ee21292,null), ([Ljava.lang.Class;@40c06358,null), ([Ljava.lang.Class;@66e21568,null), ([Ljava.lang.Class;@7f73ce28,null), ([Ljava.lang.Class;@611b35d6,null), ([Ljava.lang.Class;@2282400e,null), ([Ljava.lang.Class;@543d5863,null), ([Ljava.lang.Class;@35dece42,null), ([Ljava.lang.Class;@dd3f8aa,io.atomix.utils.serializer.serializers.ArraysAsListSerializer@3d615b2e), ([Ljava.lang.Class;@3a1f2a1,null), ([Ljava.lang.Class;@40ce9049,null), ([Ljava.lang.Class;@52ca2652,null), ([Ljava.lang.Class;@65c5bf0e,null), ([Ljava.lang.Class;@697d6ded,null), ([Ljava.lang.Class;@5d05f453,null), ([Ljava.lang.Class;@5efeb117,null), ([Ljava.lang.Class;@160b4809,null), ([Ljava.lang.Class;@149b4d20,null), ([Ljava.lang.Class;@664e848c,null), ([Ljava.lang.Class;@4d93f75b,null), ([Ljava.lang.Class;@114a5e0,null), ([Ljava.lang.Class;@4f281aaf,null), ([Ljava.lang.Class;@5d508d22,null), ([Ljava.lang.Class;@f2b90fc,null)]}, RegistrationBlock{begin=52, types=[([Ljava.lang.Class;@30117b51,null)]}]}
22:46:00.052 [raft-server-3-state] TRACE i.a.utils.serializer.KryoNamespace - Creating Kryo instance for KryoNamespace{registeredBlocks=[RegistrationBlock{begin=16, types=[([Ljava.lang.Class;@6b321262,null), ([Ljava.lang.Class;@68b11545,null), ([Ljava.lang.Class;@7d0100ea,null), ([Ljava.lang.Class;@357bc488,null), ([Ljava.lang.Class;@4ea17147,io.atomix.utils.serializer.serializers.ImmutableListSerializer@2eda4eeb), ([Ljava.lang.Class;@5ba90d8a,io.atomix.utils.serializer.serializers.ImmutableSetSerializer@309dcdf3), ([Ljava.lang.Class;@7573b9ee,io.atomix.utils.serializer.serializers.ImmutableMapSerializer@9a20cbd), ([Ljava.lang.Class;@1af4955e,null), ([Ljava.lang.Class;@445821a6,null), ([Ljava.lang.Class;@2c0c4c0a,null), ([Ljava.lang.Class;@35d26ad2,null), ([Ljava.lang.Class;@bb25753,null), ([Ljava.lang.Class;@ee21292,null), ([Ljava.lang.Class;@40c06358,null), ([Ljava.lang.Class;@66e21568,null), ([Ljava.lang.Class;@7f73ce28,null), ([Ljava.lang.Class;@611b35d6,null), ([Ljava.lang.Class;@2282400e,null), ([Ljava.lang.Class;@543d5863,null), ([Ljava.lang.Class;@35dece42,null), ([Ljava.lang.Class;@dd3f8aa,io.atomix.utils.serializer.serializers.ArraysAsListSerializer@3d615b2e), ([Ljava.lang.Class;@3a1f2a1,null), ([Ljava.lang.Class;@40ce9049,null), ([Ljava.lang.Class;@52ca2652,null), ([Ljava.lang.Class;@65c5bf0e,null), ([Ljava.lang.Class;@697d6ded,null), ([Ljava.lang.Class;@5d05f453,null), ([Ljava.lang.Class;@5efeb117,null), ([Ljava.lang.Class;@160b4809,null), ([Ljava.lang.Class;@149b4d20,null), ([Ljava.lang.Class;@664e848c,null), ([Ljava.lang.Class;@4d93f75b,null), ([Ljava.lang.Class;@114a5e0,null), ([Ljava.lang.Class;@4f281aaf,null), ([Ljava.lang.Class;@5d508d22,null), ([Ljava.lang.Class;@f2b90fc,null)]}, RegistrationBlock{begin=52, types=[([Ljava.lang.Class;@10c59b4e,null)]}]}
22:46:00.053 [raft-server-1-state] TRACE i.a.utils.serializer.KryoNamespace - class [B registered as 16
22:46:00.053 [raft-server-3-state] TRACE i.a.utils.serializer.KryoNamespace - class [B registered as 16
22:46:00.053 [raft-server-1-state] TRACE i.a.utils.serializer.KryoNamespace - class java.util.concurrent.atomic.AtomicBoolean registered as 17
22:46:00.053 [raft-server-3-state] TRACE i.a.utils.serializer.KryoNamespace - class java.util.concurrent.atomic.AtomicBoolean registered as 17
22:46:00.053 [raft-server-1-state] TRACE i.a.utils.serializer.KryoNamespace - class java.util.concurrent.atomic.AtomicInteger registered as 18
22:46:00.053 [raft-server-3-state] TRACE i.a.utils.serializer.KryoNamespace - class java.util.concurrent.atomic.AtomicInteger registered as 18
22:46:00.053 [raft-server-1-state] TRACE i.a.utils.serializer.KryoNamespace - class java.util.concurrent.atomic.AtomicLong registered as 19
22:46:00.053 [raft-server-1-state] TRACE i.a.utils.serializer.KryoNamespace - class com.google.common.collect.ImmutableList registered as 20
22:46:00.053 [raft-server-3-state] TRACE i.a.utils.serializer.KryoNamespace - class java.util.concurrent.atomic.AtomicLong registered as 19
22:46:00.053 [raft-server-1-state] TRACE i.a.utils.serializer.KryoNamespace - class com.google.common.collect.RegularImmutableList registered as 20
22:46:00.053 [raft-server-3-state] TRACE i.a.utils.serializer.KryoNamespace - class com.google.common.collect.ImmutableList registered as 20
22:46:00.053 [raft-server-1-state] TRACE i.a.utils.serializer.KryoNamespace - class com.google.common.collect.RegularImmutableList registered as 20
22:46:00.053 [raft-server-3-state] TRACE i.a.utils.serializer.KryoNamespace - class com.google.common.collect.RegularImmutableList registered as 20
22:46:00.053 [raft-server-1-state] TRACE i.a.utils.serializer.KryoNamespace - class com.google.common.collect.ImmutableList$SubList registered as 20
22:46:00.053 [raft-server-3-state] TRACE i.a.utils.serializer.KryoNamespace - class com.google.common.collect.RegularImmutableList registered as 20
22:46:00.053 [raft-server-1-state] TRACE i.a.utils.serializer.KryoNamespace - class com.google.common.collect.ImmutableSet registered as 21
22:46:00.053 [raft-server-3-state] TRACE i.a.utils.serializer.KryoNamespace - class com.google.common.collect.ImmutableList$SubList registered as 20
22:46:00.053 [raft-server-1-state] TRACE i.a.utils.serializer.KryoNamespace - class com.google.common.collect.RegularImmutableSet registered as 21
22:46:00.053 [raft-server-3-state] TRACE i.a.utils.serializer.KryoNamespace - class com.google.common.collect.ImmutableSet registered as 21
22:46:00.053 [raft-server-1-state] TRACE i.a.utils.serializer.KryoNamespace - class com.google.common.collect.SingletonImmutableSet registered as 21
22:46:00.053 [raft-server-3-state] TRACE i.a.utils.serializer.KryoNamespace - class com.google.common.collect.RegularImmutableSet registered as 21
22:46:00.053 [raft-server-1-state] TRACE i.a.utils.serializer.KryoNamespace - class com.google.common.collect.RegularImmutableSet registered as 21
22:46:00.053 [raft-server-3-state] TRACE i.a.utils.serializer.KryoNamespace - class com.google.common.collect.SingletonImmutableSet registered as 21
22:46:00.053 [raft-server-1-state] TRACE i.a.utils.serializer.KryoNamespace - class com.google.common.collect.ImmutableMap registered as 22
22:46:00.053 [raft-server-3-state] TRACE i.a.utils.serializer.KryoNamespace - class com.google.common.collect.RegularImmutableSet registered as 21
22:46:00.053 [raft-server-1-state] TRACE i.a.utils.serializer.KryoNamespace - class com.google.common.collect.RegularImmutableMap registered as 22
22:46:00.054 [raft-server-3-state] TRACE i.a.utils.serializer.KryoNamespace - class com.google.common.collect.ImmutableMap registered as 22
22:46:00.054 [raft-server-1-state] TRACE i.a.utils.serializer.KryoNamespace - class com.google.common.collect.RegularImmutableMap registered as 22
22:46:00.054 [raft-server-3-state] TRACE i.a.utils.serializer.KryoNamespace - class com.google.common.collect.RegularImmutableMap registered as 22
22:46:00.054 [raft-server-1-state] TRACE i.a.utils.serializer.KryoNamespace - class com.google.common.collect.RegularImmutableMap registered as 22
22:46:00.054 [raft-server-3-state] TRACE i.a.utils.serializer.KryoNamespace - class com.google.common.collect.RegularImmutableMap registered as 22
22:46:00.054 [raft-server-3-state] TRACE i.a.utils.serializer.KryoNamespace - class com.google.common.collect.RegularImmutableMap registered as 22
22:46:00.054 [raft-server-1-state] TRACE i.a.utils.serializer.KryoNamespace - class java.util.Collections$UnmodifiableSet registered as 23
22:46:00.054 [raft-server-3-state] TRACE i.a.utils.serializer.KryoNamespace - class java.util.Collections$UnmodifiableSet registered as 23
22:46:00.054 [raft-server-1-state] TRACE i.a.utils.serializer.KryoNamespace - class java.util.HashMap registered as 24
22:46:00.054 [raft-server-3-state] TRACE i.a.utils.serializer.KryoNamespace - class java.util.HashMap registered as 24
22:46:00.054 [raft-server-1-state] TRACE i.a.utils.serializer.KryoNamespace - class java.util.concurrent.ConcurrentHashMap registered as 25
22:46:00.054 [raft-server-3-state] TRACE i.a.utils.serializer.KryoNamespace - class java.util.concurrent.ConcurrentHashMap registered as 25
22:46:00.054 [raft-server-1-state] TRACE i.a.utils.serializer.KryoNamespace - class java.util.concurrent.CopyOnWriteArraySet registered as 26
22:46:00.054 [raft-server-3-state] TRACE i.a.utils.serializer.KryoNamespace - class java.util.concurrent.CopyOnWriteArraySet registered as 26
22:46:00.054 [raft-server-1-state] TRACE i.a.utils.serializer.KryoNamespace - class java.util.ArrayList registered as 27
22:46:00.054 [raft-server-3-state] TRACE i.a.utils.serializer.KryoNamespace - class java.util.ArrayList registered as 27
22:46:00.054 [raft-server-1-state] TRACE i.a.utils.serializer.KryoNamespace - class java.util.LinkedList registered as 28
22:46:00.054 [raft-server-3-state] TRACE i.a.utils.serializer.KryoNamespace - class java.util.LinkedList registered as 28
22:46:00.054 [raft-server-1-state] TRACE i.a.utils.serializer.KryoNamespace - class java.util.HashSet registered as 29
22:46:00.054 [raft-server-3-state] TRACE i.a.utils.serializer.KryoNamespace - class java.util.HashSet registered as 29
22:46:00.054 [raft-server-1-state] TRACE i.a.utils.serializer.KryoNamespace - class java.util.LinkedHashSet registered as 30
22:46:00.054 [raft-server-3-state] TRACE i.a.utils.serializer.KryoNamespace - class java.util.LinkedHashSet registered as 30
22:46:00.054 [raft-server-1-state] TRACE i.a.utils.serializer.KryoNamespace - class com.sun.jmx.remote.internal.ArrayQueue registered as 31
22:46:00.054 [raft-server-3-state] TRACE i.a.utils.serializer.KryoNamespace - class com.sun.jmx.remote.internal.ArrayQueue registered as 31
22:46:00.054 [raft-server-1-state] TRACE i.a.utils.serializer.KryoNamespace - class java.util.ArrayDeque registered as 32
22:46:00.054 [raft-server-3-state] TRACE i.a.utils.serializer.KryoNamespace - class java.util.ArrayDeque registered as 32
22:46:00.054 [raft-server-1-state] TRACE i.a.utils.serializer.KryoNamespace - class com.google.common.collect.HashMultiset registered as 33
22:46:00.054 [raft-server-3-state] TRACE i.a.utils.serializer.KryoNamespace - class com.google.common.collect.HashMultiset registered as 33
22:46:00.054 [raft-server-1-state] TRACE i.a.utils.serializer.KryoNamespace - class com.google.common.collect.Sets registered as 34
22:46:00.054 [raft-server-3-state] TRACE i.a.utils.serializer.KryoNamespace - class com.google.common.collect.Sets registered as 34
22:46:00.055 [raft-server-1-state] TRACE i.a.utils.serializer.KryoNamespace - class com.google.common.collect.ImmutableEntry registered as 35
22:46:00.055 [raft-server-3-state] TRACE i.a.utils.serializer.KryoNamespace - class com.google.common.collect.ImmutableEntry registered as 35
22:46:00.055 [raft-server-1-state] TRACE i.a.utils.serializer.KryoNamespace - class java.util.Arrays$ArrayList registered as 36
22:46:00.055 [raft-server-3-state] TRACE i.a.utils.serializer.KryoNamespace - class java.util.Arrays$ArrayList registered as 36
22:46:00.055 [raft-server-1-state] TRACE i.a.utils.serializer.KryoNamespace - class java.util.Collections$SingletonList registered as 37
22:46:00.055 [raft-server-1-state] TRACE i.a.utils.serializer.KryoNamespace - class java.time.Duration registered as 38
22:46:00.055 [raft-server-3-state] TRACE i.a.utils.serializer.KryoNamespace - class java.util.Collections$SingletonList registered as 37
22:46:00.055 [raft-server-3-state] TRACE i.a.utils.serializer.KryoNamespace - class java.time.Duration registered as 38
22:46:00.055 [raft-server-1-state] TRACE i.a.utils.serializer.KryoNamespace - class java.util.Collections$EmptySet registered as 39
22:46:00.055 [raft-server-1-state] TRACE i.a.utils.serializer.KryoNamespace - class java.util.Optional registered as 40
22:46:00.055 [raft-server-3-state] TRACE i.a.utils.serializer.KryoNamespace - class java.util.Collections$EmptySet registered as 39
22:46:00.055 [raft-server-3-state] TRACE i.a.utils.serializer.KryoNamespace - class java.util.Optional registered as 40
22:46:00.055 [raft-server-1-state] TRACE i.a.utils.serializer.KryoNamespace - class java.util.Collections$EmptyList registered as 41
22:46:00.055 [raft-server-3-state] TRACE i.a.utils.serializer.KryoNamespace - class java.util.Collections$EmptyList registered as 41
22:46:00.055 [raft-server-1-state] TRACE i.a.utils.serializer.KryoNamespace - class java.util.Collections$SingletonSet registered as 42
22:46:00.055 [raft-server-3-state] TRACE i.a.utils.serializer.KryoNamespace - class java.util.Collections$SingletonSet registered as 42
22:46:00.055 [raft-server-1-state] TRACE i.a.utils.serializer.KryoNamespace - class [I registered as 43
22:46:00.055 [raft-server-3-state] TRACE i.a.utils.serializer.KryoNamespace - class [I registered as 43
22:46:00.055 [raft-server-1-state] TRACE i.a.utils.serializer.KryoNamespace - class [J registered as 44
22:46:00.055 [raft-server-3-state] TRACE i.a.utils.serializer.KryoNamespace - class [J registered as 44
22:46:00.055 [raft-server-1-state] TRACE i.a.utils.serializer.KryoNamespace - class [S registered as 45
22:46:00.055 [raft-server-3-state] TRACE i.a.utils.serializer.KryoNamespace - class [S registered as 45
22:46:00.055 [raft-server-1-state] TRACE i.a.utils.serializer.KryoNamespace - class [D registered as 46
22:46:00.055 [raft-server-3-state] TRACE i.a.utils.serializer.KryoNamespace - class [D registered as 46
22:46:00.055 [raft-server-1-state] TRACE i.a.utils.serializer.KryoNamespace - class [F registered as 47
22:46:00.055 [raft-server-3-state] TRACE i.a.utils.serializer.KryoNamespace - class [F registered as 47
22:46:00.055 [raft-server-1-state] TRACE i.a.utils.serializer.KryoNamespace - class [C registered as 48
22:46:00.055 [raft-server-3-state] TRACE i.a.utils.serializer.KryoNamespace - class [C registered as 48
22:46:00.055 [raft-server-1-state] TRACE i.a.utils.serializer.KryoNamespace - class [Ljava.lang.String; registered as 49
22:46:00.055 [raft-server-3-state] TRACE i.a.utils.serializer.KryoNamespace - class [Ljava.lang.String; registered as 49
22:46:00.055 [raft-server-1-state] TRACE i.a.utils.serializer.KryoNamespace - class [Z registered as 50
22:46:00.055 [raft-server-3-state] TRACE i.a.utils.serializer.KryoNamespace - class [Z registered as 50
22:46:00.055 [raft-server-1-state] TRACE i.a.utils.serializer.KryoNamespace - class [Ljava.lang.Object; registered as 51
22:46:00.056 [raft-server-3-state] TRACE i.a.utils.serializer.KryoNamespace - class [Ljava.lang.Object; registered as 51
22:46:00.056 [raft-server-1-state] TRACE i.a.utils.serializer.KryoNamespace - class io.atomix.primitive.service.ServiceConfig registered as 52
22:46:00.056 [raft-server-3-state] TRACE i.a.utils.serializer.KryoNamespace - class io.atomix.primitive.service.ServiceConfig registered as 52
22:46:00.056 [raft-server-1-state] DEBUG i.a.p.r.service.RaftServiceContext - PrimitiveService{2}{type=io.atomix.protocols.raft.RaftTest$TestPrimitiveType@54705ce8, name=raft-test} - Taking snapshot 53
22:46:00.056 [raft-server-3-state] DEBUG i.a.p.r.service.RaftServiceContext - PrimitiveService{2}{type=io.atomix.protocols.raft.RaftTest$TestPrimitiveType@12cd62fc, name=raft-test} - Taking snapshot 53
22:46:00.056 [raft-server-1-state] TRACE i.a.utils.serializer.KryoNamespace - Creating Kryo instance for KryoNamespace{registeredBlocks=[RegistrationBlock{begin=16, types=[([Ljava.lang.Class;@6b321262,null), ([Ljava.lang.Class;@68b11545,null), ([Ljava.lang.Class;@7d0100ea,null), ([Ljava.lang.Class;@357bc488,null), ([Ljava.lang.Class;@4ea17147,io.atomix.utils.serializer.serializers.ImmutableListSerializer@2eda4eeb), ([Ljava.lang.Class;@5ba90d8a,io.atomix.utils.serializer.serializers.ImmutableSetSerializer@309dcdf3), ([Ljava.lang.Class;@7573b9ee,io.atomix.utils.serializer.serializers.ImmutableMapSerializer@9a20cbd), ([Ljava.lang.Class;@1af4955e,null), ([Ljava.lang.Class;@445821a6,null), ([Ljava.lang.Class;@2c0c4c0a,null), ([Ljava.lang.Class;@35d26ad2,null), ([Ljava.lang.Class;@bb25753,null), ([Ljava.lang.Class;@ee21292,null), ([Ljava.lang.Class;@40c06358,null), ([Ljava.lang.Class;@66e21568,null), ([Ljava.lang.Class;@7f73ce28,null), ([Ljava.lang.Class;@611b35d6,null), ([Ljava.lang.Class;@2282400e,null), ([Ljava.lang.Class;@543d5863,null), ([Ljava.lang.Class;@35dece42,null), ([Ljava.lang.Class;@dd3f8aa,io.atomix.utils.serializer.serializers.ArraysAsListSerializer@3d615b2e), ([Ljava.lang.Class;@3a1f2a1,null), ([Ljava.lang.Class;@40ce9049,null), ([Ljava.lang.Class;@52ca2652,null), ([Ljava.lang.Class;@65c5bf0e,null), ([Ljava.lang.Class;@697d6ded,null), ([Ljava.lang.Class;@5d05f453,null), ([Ljava.lang.Class;@5efeb117,null), ([Ljava.lang.Class;@160b4809,null), ([Ljava.lang.Class;@149b4d20,null), ([Ljava.lang.Class;@664e848c,null), ([Ljava.lang.Class;@4d93f75b,null), ([Ljava.lang.Class;@114a5e0,null), ([Ljava.lang.Class;@4f281aaf,null), ([Ljava.lang.Class;@5d508d22,null), ([Ljava.lang.Class;@f2b90fc,null)]}, RegistrationBlock{begin=52, types=[([Ljava.lang.Class;@59d98ee3,null)]}]}
22:46:00.056 [raft-server-3-state] TRACE i.a.utils.serializer.KryoNamespace - Creating Kryo instance for KryoNamespace{registeredBlocks=[RegistrationBlock{begin=16, types=[([Ljava.lang.Class;@6b321262,null), ([Ljava.lang.Class;@68b11545,null), ([Ljava.lang.Class;@7d0100ea,null), ([Ljava.lang.Class;@357bc488,null), ([Ljava.lang.Class;@4ea17147,io.atomix.utils.serializer.serializers.ImmutableListSerializer@2eda4eeb), ([Ljava.lang.Class;@5ba90d8a,io.atomix.utils.serializer.serializers.ImmutableSetSerializer@309dcdf3), ([Ljava.lang.Class;@7573b9ee,io.atomix.utils.serializer.serializers.ImmutableMapSerializer@9a20cbd), ([Ljava.lang.Class;@1af4955e,null), ([Ljava.lang.Class;@445821a6,null), ([Ljava.lang.Class;@2c0c4c0a,null), ([Ljava.lang.Class;@35d26ad2,null), ([Ljava.lang.Class;@bb25753,null), ([Ljava.lang.Class;@ee21292,null), ([Ljava.lang.Class;@40c06358,null), ([Ljava.lang.Class;@66e21568,null), ([Ljava.lang.Class;@7f73ce28,null), ([Ljava.lang.Class;@611b35d6,null), ([Ljava.lang.Class;@2282400e,null), ([Ljava.lang.Class;@543d5863,null), ([Ljava.lang.Class;@35dece42,null), ([Ljava.lang.Class;@dd3f8aa,io.atomix.utils.serializer.serializers.ArraysAsListSerializer@3d615b2e), ([Ljava.lang.Class;@3a1f2a1,null), ([Ljava.lang.Class;@40ce9049,null), ([Ljava.lang.Class;@52ca2652,null), ([Ljava.lang.Class;@65c5bf0e,null), ([Ljava.lang.Class;@697d6ded,null), ([Ljava.lang.Class;@5d05f453,null), ([Ljava.lang.Class;@5efeb117,null), ([Ljava.lang.Class;@160b4809,null), ([Ljava.lang.Class;@149b4d20,null), ([Ljava.lang.Class;@664e848c,null), ([Ljava.lang.Class;@4d93f75b,null), ([Ljava.lang.Class;@114a5e0,null), ([Ljava.lang.Class;@4f281aaf,null), ([Ljava.lang.Class;@5d508d22,null), ([Ljava.lang.Class;@f2b90fc,null)]}, RegistrationBlock{begin=52, types=[([Ljava.lang.Class;@76ac83e0,null)]}]}
22:46:00.056 [raft-server-1-state] TRACE i.a.utils.serializer.KryoNamespace - class [B registered as 16
22:46:00.056 [raft-server-1-state] TRACE i.a.utils.serializer.KryoNamespace - class java.util.concurrent.atomic.AtomicBoolean registered as 17
22:46:00.056 [raft-server-3-state] TRACE i.a.utils.serializer.KryoNamespace - class [B registered as 16
22:46:00.056 [raft-server-1-state] TRACE i.a.utils.serializer.KryoNamespace - class java.util.concurrent.atomic.AtomicInteger registered as 18
22:46:00.056 [raft-server-3-state] TRACE i.a.utils.serializer.KryoNamespace - class java.util.concurrent.atomic.AtomicBoolean registered as 17
22:46:00.056 [raft-server-1-state] TRACE i.a.utils.serializer.KryoNamespace - class java.util.concurrent.atomic.AtomicLong registered as 19
22:46:00.056 [raft-server-1-state] TRACE i.a.utils.serializer.KryoNamespace - class com.google.common.collect.ImmutableList registered as 20
22:46:00.056 [raft-server-1-state] TRACE i.a.utils.serializer.KryoNamespace - class com.google.common.collect.RegularImmutableList registered as 20
22:46:00.056 [raft-server-3-state] TRACE i.a.utils.serializer.KryoNamespace - class java.util.concurrent.atomic.AtomicInteger registered as 18
22:46:00.056 [raft-server-1-state] TRACE i.a.utils.serializer.KryoNamespace - class com.google.common.collect.RegularImmutableList registered as 20
22:46:00.056 [raft-server-1-state] TRACE i.a.utils.serializer.KryoNamespace - class com.google.common.collect.ImmutableList$SubList registered as 20
22:46:00.056 [raft-server-3-state] TRACE i.a.utils.serializer.KryoNamespace - class java.util.concurrent.atomic.AtomicLong registered as 19
22:46:00.056 [raft-server-3-state] TRACE i.a.utils.serializer.KryoNamespace - class com.google.common.collect.ImmutableList registered as 20
22:46:00.057 [raft-server-1-state] TRACE i.a.utils.serializer.KryoNamespace - class com.google.common.collect.ImmutableSet registered as 21
22:46:00.057 [raft-server-3-state] TRACE i.a.utils.serializer.KryoNamespace - class com.google.common.collect.RegularImmutableList registered as 20
22:46:00.057 [raft-server-1-state] TRACE i.a.utils.serializer.KryoNamespace - class com.google.common.collect.RegularImmutableSet registered as 21
22:46:00.057 [raft-server-3-state] TRACE i.a.utils.serializer.KryoNamespace - class com.google.common.collect.RegularImmutableList registered as 20
22:46:00.057 [raft-server-1-state] TRACE i.a.utils.serializer.KryoNamespace - class com.google.common.collect.SingletonImmutableSet registered as 21
22:46:00.057 [raft-server-3-state] TRACE i.a.utils.serializer.KryoNamespace - class com.google.common.collect.ImmutableList$SubList registered as 20
22:46:00.057 [raft-server-1-state] TRACE i.a.utils.serializer.KryoNamespace - class com.google.common.collect.RegularImmutableSet registered as 21
22:46:00.057 [raft-server-3-state] TRACE i.a.utils.serializer.KryoNamespace - class com.google.common.collect.ImmutableSet registered as 21
22:46:00.057 [raft-server-1-state] TRACE i.a.utils.serializer.KryoNamespace - class com.google.common.collect.ImmutableMap registered as 22
22:46:00.057 [raft-server-3-state] TRACE i.a.utils.serializer.KryoNamespace - class com.google.common.collect.RegularImmutableSet registered as 21
22:46:00.057 [raft-server-1-state] TRACE i.a.utils.serializer.KryoNamespace - class com.google.common.collect.RegularImmutableMap registered as 22
22:46:00.057 [raft-server-3-state] TRACE i.a.utils.serializer.KryoNamespace - class com.google.common.collect.SingletonImmutableSet registered as 21
22:46:00.057 [raft-server-1-state] TRACE i.a.utils.serializer.KryoNamespace - class com.google.common.collect.RegularImmutableMap registered as 22
22:46:00.057 [raft-server-3-state] TRACE i.a.utils.serializer.KryoNamespace - class com.google.common.collect.RegularImmutableSet registered as 21
22:46:00.057 [raft-server-1-state] TRACE i.a.utils.serializer.KryoNamespace - class com.google.common.collect.RegularImmutableMap registered as 22
22:46:00.057 [raft-server-3-state] TRACE i.a.utils.serializer.KryoNamespace - class com.google.common.collect.ImmutableMap registered as 22
22:46:00.057 [raft-server-3-state] TRACE i.a.utils.serializer.KryoNamespace - class com.google.common.collect.RegularImmutableMap registered as 22
22:46:00.057 [raft-server-3-state] TRACE i.a.utils.serializer.KryoNamespace - class com.google.common.collect.RegularImmutableMap registered as 22
22:46:00.057 [raft-server-1-state] TRACE i.a.utils.serializer.KryoNamespace - class java.util.Collections$UnmodifiableSet registered as 23
22:46:00.057 [raft-server-3-state] TRACE i.a.utils.serializer.KryoNamespace - class com.google.common.collect.RegularImmutableMap registered as 22
22:46:00.057 [raft-server-1-state] TRACE i.a.utils.serializer.KryoNamespace - class java.util.HashMap registered as 24
22:46:00.057 [raft-server-1-state] TRACE i.a.utils.serializer.KryoNamespace - class java.util.concurrent.ConcurrentHashMap registered as 25
22:46:00.057 [raft-server-3-state] TRACE i.a.utils.serializer.KryoNamespace - class java.util.Collections$UnmodifiableSet registered as 23
22:46:00.057 [raft-server-3-state] TRACE i.a.utils.serializer.KryoNamespace - class java.util.HashMap registered as 24
22:46:00.057 [raft-server-1-state] TRACE i.a.utils.serializer.KryoNamespace - class java.util.concurrent.CopyOnWriteArraySet registered as 26
22:46:00.057 [raft-server-3-state] TRACE i.a.utils.serializer.KryoNamespace - class java.util.concurrent.ConcurrentHashMap registered as 25
22:46:00.057 [raft-server-3-state] TRACE i.a.utils.serializer.KryoNamespace - class java.util.concurrent.CopyOnWriteArraySet registered as 26
22:46:00.057 [raft-server-1-state] TRACE i.a.utils.serializer.KryoNamespace - class java.util.ArrayList registered as 27
22:46:00.057 [raft-server-3-state] TRACE i.a.utils.serializer.KryoNamespace - class java.util.ArrayList registered as 27
22:46:00.057 [raft-server-1-state] TRACE i.a.utils.serializer.KryoNamespace - class java.util.LinkedList registered as 28
22:46:00.057 [raft-server-3-state] TRACE i.a.utils.serializer.KryoNamespace - class java.util.LinkedList registered as 28
22:46:00.058 [raft-server-1-state] TRACE i.a.utils.serializer.KryoNamespace - class java.util.HashSet registered as 29
22:46:00.058 [raft-server-3-state] TRACE i.a.utils.serializer.KryoNamespace - class java.util.HashSet registered as 29
22:46:00.058 [raft-server-1-state] TRACE i.a.utils.serializer.KryoNamespace - class java.util.LinkedHashSet registered as 30
22:46:00.058 [raft-server-3-state] TRACE i.a.utils.serializer.KryoNamespace - class java.util.LinkedHashSet registered as 30
22:46:00.058 [raft-server-1-state] TRACE i.a.utils.serializer.KryoNamespace - class com.sun.jmx.remote.internal.ArrayQueue registered as 31
22:46:00.058 [raft-server-3-state] TRACE i.a.utils.serializer.KryoNamespace - class com.sun.jmx.remote.internal.ArrayQueue registered as 31
22:46:00.058 [raft-server-1-state] TRACE i.a.utils.serializer.KryoNamespace - class java.util.ArrayDeque registered as 32
22:46:00.058 [raft-server-3-state] TRACE i.a.utils.serializer.KryoNamespace - class java.util.ArrayDeque registered as 32
22:46:00.058 [raft-server-1-state] TRACE i.a.utils.serializer.KryoNamespace - class com.google.common.collect.HashMultiset registered as 33
22:46:00.058 [raft-server-3-state] TRACE i.a.utils.serializer.KryoNamespace - class com.google.common.collect.HashMultiset registered as 33
22:46:00.058 [raft-server-1-state] TRACE i.a.utils.serializer.KryoNamespace - class com.google.common.collect.Sets registered as 34
22:46:00.058 [raft-server-3-state] TRACE i.a.utils.serializer.KryoNamespace - class com.google.common.collect.Sets registered as 34
22:46:00.058 [raft-server-1-state] TRACE i.a.utils.serializer.KryoNamespace - class com.google.common.collect.ImmutableEntry registered as 35
22:46:00.058 [raft-server-3-state] TRACE i.a.utils.serializer.KryoNamespace - class com.google.common.collect.ImmutableEntry registered as 35
22:46:00.058 [raft-server-1-state] TRACE i.a.utils.serializer.KryoNamespace - class java.util.Arrays$ArrayList registered as 36
22:46:00.058 [raft-server-3-state] TRACE i.a.utils.serializer.KryoNamespace - class java.util.Arrays$ArrayList registered as 36
22:46:00.058 [raft-server-1-state] TRACE i.a.utils.serializer.KryoNamespace - class java.util.Collections$SingletonList registered as 37
22:46:00.058 [raft-server-3-state] TRACE i.a.utils.serializer.KryoNamespace - class java.util.Collections$SingletonList registered as 37
22:46:00.058 [raft-server-1-state] TRACE i.a.utils.serializer.KryoNamespace - class java.time.Duration registered as 38
22:46:00.058 [raft-server-3-state] TRACE i.a.utils.serializer.KryoNamespace - class java.time.Duration registered as 38
22:46:00.058 [raft-server-1-state] TRACE i.a.utils.serializer.KryoNamespace - class java.util.Collections$EmptySet registered as 39
22:46:00.058 [raft-server-3-state] TRACE i.a.utils.serializer.KryoNamespace - class java.util.Collections$EmptySet registered as 39
22:46:00.058 [raft-server-1-state] TRACE i.a.utils.serializer.KryoNamespace - class java.util.Optional registered as 40
22:46:00.058 [raft-server-3-state] TRACE i.a.utils.serializer.KryoNamespace - class java.util.Optional registered as 40
22:46:00.059 [raft-server-1-state] TRACE i.a.utils.serializer.KryoNamespace - class java.util.Collections$EmptyList registered as 41
22:46:00.059 [raft-server-3-state] TRACE i.a.utils.serializer.KryoNamespace - class java.util.Collections$EmptyList registered as 41
22:46:00.059 [raft-server-1-state] TRACE i.a.utils.serializer.KryoNamespace - class java.util.Collections$SingletonSet registered as 42
22:46:00.059 [raft-server-3-state] TRACE i.a.utils.serializer.KryoNamespace - class java.util.Collections$SingletonSet registered as 42
22:46:00.059 [raft-server-3-state] TRACE i.a.utils.serializer.KryoNamespace - class [I registered as 43
22:46:00.059 [raft-server-1-state] TRACE i.a.utils.serializer.KryoNamespace - class [I registered as 43
22:46:00.059 [raft-server-3-state] TRACE i.a.utils.serializer.KryoNamespace - class [J registered as 44
22:46:00.059 [raft-server-1-state] TRACE i.a.utils.serializer.KryoNamespace - class [J registered as 44
22:46:00.059 [raft-server-3-state] TRACE i.a.utils.serializer.KryoNamespace - class [S registered as 45
22:46:00.059 [raft-server-1-state] TRACE i.a.utils.serializer.KryoNamespace - class [S registered as 45
22:46:00.059 [raft-server-3-state] TRACE i.a.utils.serializer.KryoNamespace - class [D registered as 46
22:46:00.059 [raft-server-1-state] TRACE i.a.utils.serializer.KryoNamespace - class [D registered as 46
22:46:00.059 [raft-server-3-state] TRACE i.a.utils.serializer.KryoNamespace - class [F registered as 47
22:46:00.059 [raft-server-1-state] TRACE i.a.utils.serializer.KryoNamespace - class [F registered as 47
22:46:00.059 [raft-server-3-state] TRACE i.a.utils.serializer.KryoNamespace - class [C registered as 48
22:46:00.059 [raft-server-1-state] TRACE i.a.utils.serializer.KryoNamespace - class [C registered as 48
22:46:00.059 [raft-server-3-state] TRACE i.a.utils.serializer.KryoNamespace - class [Ljava.lang.String; registered as 49
22:46:00.059 [raft-server-1-state] TRACE i.a.utils.serializer.KryoNamespace - class [Ljava.lang.String; registered as 49
22:46:00.059 [raft-server-3-state] TRACE i.a.utils.serializer.KryoNamespace - class [Z registered as 50
22:46:00.059 [raft-server-3-state] TRACE i.a.utils.serializer.KryoNamespace - class [Ljava.lang.Object; registered as 51
22:46:00.059 [raft-server-1-state] TRACE i.a.utils.serializer.KryoNamespace - class [Z registered as 50
22:46:00.059 [raft-server-1-state] TRACE i.a.utils.serializer.KryoNamespace - class [Ljava.lang.Object; registered as 51
22:46:00.059 [raft-server-3-state] TRACE i.a.utils.serializer.KryoNamespace - class io.atomix.primitive.service.ServiceConfig registered as 52
22:46:00.060 [raft-server-1-state] TRACE i.a.utils.serializer.KryoNamespace - class io.atomix.primitive.service.ServiceConfig registered as 52
22:46:00.060 [raft-server-1-compaction] DEBUG i.a.p.r.s.snapshot.SnapshotStore - Created disk snapshot: FileSnapshot{index=53}
22:46:00.060 [raft-server-3-compaction] DEBUG i.a.p.r.s.snapshot.SnapshotStore - Created disk snapshot: FileSnapshot{index=53}
22:46:00.113 [raft-server-2] DEBUG i.a.p.raft.impl.RaftServiceManager - RaftServer{2} - Compacting logs up to index 27
22:46:00.113 [raft-server-2] DEBUG i.a.storage.journal.SegmentedJournal - atomix - Compacting 2 segment(s)
22:46:00.113 [raft-server-2] TRACE i.a.storage.journal.SegmentedJournal - Deleting segment: JournalSegment{id=1, version=1, index=1, size=505}
22:46:00.114 [raft-server-2] TRACE i.a.storage.journal.SegmentedJournal - Deleting segment: JournalSegment{id=2, version=1, index=11, size=549}
22:46:00.114 [raft-server-2] DEBUG i.a.p.raft.impl.RaftServiceManager - RaftServer{2} - Snapshotting services
22:46:00.114 [raft-server-2] TRACE i.a.protocols.raft.roles.LeaderRole - RaftServer{2}{role=LEADER} - Sending KeepAliveResponse{status=OK, leader=2, members=[1, 2, 3], sessionIds=long[]{length=1, hash=33}}
22:46:00.114 [raft-server-2] TRACE i.a.p.raft.roles.LeaderAppender - RaftServer{2} - Received AppendResponse{status=OK, term=3, succeeded=true, lastLogIndex=56} from 3
22:46:00.114 [raft-server-2] TRACE i.a.p.raft.roles.LeaderAppender - RaftServer{2} - Committed entries up to 56
22:46:00.115 [raft-server-2-state] DEBUG i.a.p.r.s.snapshot.SnapshotStore - Created memory snapshot: MemorySnapshot{index=53}
22:46:00.115 [raft-server-2-state] TRACE i.a.utils.serializer.KryoNamespace - Creating Kryo instance for KryoNamespace{registeredBlocks=[RegistrationBlock{begin=16, types=[([Ljava.lang.Class;@6b321262,null), ([Ljava.lang.Class;@68b11545,null), ([Ljava.lang.Class;@7d0100ea,null), ([Ljava.lang.Class;@357bc488,null), ([Ljava.lang.Class;@4ea17147,io.atomix.utils.serializer.serializers.ImmutableListSerializer@2eda4eeb), ([Ljava.lang.Class;@5ba90d8a,io.atomix.utils.serializer.serializers.ImmutableSetSerializer@309dcdf3), ([Ljava.lang.Class;@7573b9ee,io.atomix.utils.serializer.serializers.ImmutableMapSerializer@9a20cbd), ([Ljava.lang.Class;@1af4955e,null), ([Ljava.lang.Class;@445821a6,null), ([Ljava.lang.Class;@2c0c4c0a,null), ([Ljava.lang.Class;@35d26ad2,null), ([Ljava.lang.Class;@bb25753,null), ([Ljava.lang.Class;@ee21292,null), ([Ljava.lang.Class;@40c06358,null), ([Ljava.lang.Class;@66e21568,null), ([Ljava.lang.Class;@7f73ce28,null), ([Ljava.lang.Class;@611b35d6,null), ([Ljava.lang.Class;@2282400e,null), ([Ljava.lang.Class;@543d5863,null), ([Ljava.lang.Class;@35dece42,null), ([Ljava.lang.Class;@dd3f8aa,io.atomix.utils.serializer.serializers.ArraysAsListSerializer@3d615b2e), ([Ljava.lang.Class;@3a1f2a1,null), ([Ljava.lang.Class;@40ce9049,null), ([Ljava.lang.Class;@52ca2652,null), ([Ljava.lang.Class;@65c5bf0e,null), ([Ljava.lang.Class;@697d6ded,null), ([Ljava.lang.Class;@5d05f453,null), ([Ljava.lang.Class;@5efeb117,null), ([Ljava.lang.Class;@160b4809,null), ([Ljava.lang.Class;@149b4d20,null), ([Ljava.lang.Class;@664e848c,null), ([Ljava.lang.Class;@4d93f75b,null), ([Ljava.lang.Class;@114a5e0,null), ([Ljava.lang.Class;@4f281aaf,null), ([Ljava.lang.Class;@5d508d22,null), ([Ljava.lang.Class;@f2b90fc,null)]}, RegistrationBlock{begin=52, types=[([Ljava.lang.Class;@6708aaab,null)]}]}
22:46:00.115 [raft-server-2-state] TRACE i.a.utils.serializer.KryoNamespace - class [B registered as 16
22:46:00.115 [raft-server-2-state] TRACE i.a.utils.serializer.KryoNamespace - class java.util.concurrent.atomic.AtomicBoolean registered as 17
22:46:00.115 [raft-server-2-state] TRACE i.a.utils.serializer.KryoNamespace - class java.util.concurrent.atomic.AtomicInteger registered as 18
22:46:00.116 [raft-server-2-state] TRACE i.a.utils.serializer.KryoNamespace - class java.util.concurrent.atomic.AtomicLong registered as 19
22:46:00.116 [raft-server-2-state] TRACE i.a.utils.serializer.KryoNamespace - class com.google.common.collect.ImmutableList registered as 20
22:46:00.116 [raft-server-2-state] TRACE i.a.utils.serializer.KryoNamespace - class com.google.common.collect.RegularImmutableList registered as 20
22:46:00.116 [raft-server-2-state] TRACE i.a.utils.serializer.KryoNamespace - class com.google.common.collect.RegularImmutableList registered as 20
22:46:00.116 [raft-server-2-state] TRACE i.a.utils.serializer.KryoNamespace - class com.google.common.collect.ImmutableList$SubList registered as 20
22:46:00.116 [raft-server-2-state] TRACE i.a.utils.serializer.KryoNamespace - class com.google.common.collect.ImmutableSet registered as 21
22:46:00.116 [raft-server-2-state] TRACE i.a.utils.serializer.KryoNamespace - class com.google.common.collect.RegularImmutableSet registered as 21
22:46:00.116 [raft-server-2-state] TRACE i.a.utils.serializer.KryoNamespace - class com.google.common.collect.SingletonImmutableSet registered as 21
22:46:00.116 [raft-server-2-state] TRACE i.a.utils.serializer.KryoNamespace - class com.google.common.collect.RegularImmutableSet registered as 21
22:46:00.116 [raft-server-2-state] TRACE i.a.utils.serializer.KryoNamespace - class com.google.common.collect.ImmutableMap registered as 22
22:46:00.116 [raft-server-2-state] TRACE i.a.utils.serializer.KryoNamespace - class com.google.common.collect.RegularImmutableMap registered as 22
22:46:00.116 [raft-server-2-state] TRACE i.a.utils.serializer.KryoNamespace - class com.google.common.collect.RegularImmutableMap registered as 22
22:46:00.116 [raft-server-2-state] TRACE i.a.utils.serializer.KryoNamespace - class com.google.common.collect.RegularImmutableMap registered as 22
22:46:00.116 [raft-server-2-state] TRACE i.a.utils.serializer.KryoNamespace - class java.util.Collections$UnmodifiableSet registered as 23
22:46:00.116 [raft-server-2-state] TRACE i.a.utils.serializer.KryoNamespace - class java.util.HashMap registered as 24
22:46:00.116 [raft-server-2-state] TRACE i.a.utils.serializer.KryoNamespace - class java.util.concurrent.ConcurrentHashMap registered as 25
22:46:00.116 [raft-server-2-state] TRACE i.a.utils.serializer.KryoNamespace - class java.util.concurrent.CopyOnWriteArraySet registered as 26
22:46:00.116 [raft-server-2-state] TRACE i.a.utils.serializer.KryoNamespace - class java.util.ArrayList registered as 27
22:46:00.116 [raft-server-2-state] TRACE i.a.utils.serializer.KryoNamespace - class java.util.LinkedList registered as 28
22:46:00.116 [raft-server-2-state] TRACE i.a.utils.serializer.KryoNamespace - class java.util.HashSet registered as 29
22:46:00.117 [raft-server-2-state] TRACE i.a.utils.serializer.KryoNamespace - class java.util.LinkedHashSet registered as 30
22:46:00.117 [raft-server-2-state] TRACE i.a.utils.serializer.KryoNamespace - class com.sun.jmx.remote.internal.ArrayQueue registered as 31
22:46:00.117 [raft-server-2-state] TRACE i.a.utils.serializer.KryoNamespace - class java.util.ArrayDeque registered as 32
22:46:00.117 [raft-server-2-state] TRACE i.a.utils.serializer.KryoNamespace - class com.google.common.collect.HashMultiset registered as 33
22:46:00.117 [raft-server-2-state] TRACE i.a.utils.serializer.KryoNamespace - class com.google.common.collect.Sets registered as 34
22:46:00.117 [raft-server-2-state] TRACE i.a.utils.serializer.KryoNamespace - class com.google.common.collect.ImmutableEntry registered as 35
22:46:00.117 [raft-server-2-state] TRACE i.a.utils.serializer.KryoNamespace - class java.util.Arrays$ArrayList registered as 36
22:46:00.117 [raft-server-2-state] TRACE i.a.utils.serializer.KryoNamespace - class java.util.Collections$SingletonList registered as 37
22:46:00.117 [raft-server-2-state] TRACE i.a.utils.serializer.KryoNamespace - class java.time.Duration registered as 38
22:46:00.117 [raft-server-2-state] TRACE i.a.utils.serializer.KryoNamespace - class java.util.Collections$EmptySet registered as 39
22:46:00.117 [raft-server-2-state] TRACE i.a.utils.serializer.KryoNamespace - class java.util.Optional registered as 40
22:46:00.117 [raft-server-2-state] TRACE i.a.utils.serializer.KryoNamespace - class java.util.Collections$EmptyList registered as 41
22:46:00.117 [raft-server-2-state] TRACE i.a.utils.serializer.KryoNamespace - class java.util.Collections$SingletonSet registered as 42
22:46:00.117 [raft-server-2-state] TRACE i.a.utils.serializer.KryoNamespace - class [I registered as 43
22:46:00.117 [raft-server-2-state] TRACE i.a.utils.serializer.KryoNamespace - class [J registered as 44
22:46:00.117 [raft-server-2-state] TRACE i.a.utils.serializer.KryoNamespace - class [S registered as 45
22:46:00.118 [raft-server-2-state] TRACE i.a.utils.serializer.KryoNamespace - class [D registered as 46
22:46:00.118 [raft-server-2-state] TRACE i.a.utils.serializer.KryoNamespace - class [F registered as 47
22:46:00.118 [raft-server-2-state] TRACE i.a.utils.serializer.KryoNamespace - class [C registered as 48
22:46:00.118 [raft-server-2-state] TRACE i.a.utils.serializer.KryoNamespace - class [Ljava.lang.String; registered as 49
22:46:00.118 [raft-server-2-state] TRACE i.a.utils.serializer.KryoNamespace - class [Z registered as 50
22:46:00.118 [raft-server-2-state] TRACE i.a.utils.serializer.KryoNamespace - class [Ljava.lang.Object; registered as 51
22:46:00.118 [raft-server-2-state] TRACE i.a.utils.serializer.KryoNamespace - class io.atomix.primitive.service.ServiceConfig registered as 52
22:46:00.118 [raft-server-2-state] DEBUG i.a.p.r.service.RaftServiceContext - PrimitiveService{2}{type=io.atomix.protocols.raft.RaftTest$TestPrimitiveType@2fa5f551, name=raft-test} - Taking snapshot 53
22:46:00.118 [raft-server-2-state] TRACE i.a.utils.serializer.KryoNamespace - Creating Kryo instance for KryoNamespace{registeredBlocks=[RegistrationBlock{begin=16, types=[([Ljava.lang.Class;@6b321262,null), ([Ljava.lang.Class;@68b11545,null), ([Ljava.lang.Class;@7d0100ea,null), ([Ljava.lang.Class;@357bc488,null), ([Ljava.lang.Class;@4ea17147,io.atomix.utils.serializer.serializers.ImmutableListSerializer@2eda4eeb), ([Ljava.lang.Class;@5ba90d8a,io.atomix.utils.serializer.serializers.ImmutableSetSerializer@309dcdf3), ([Ljava.lang.Class;@7573b9ee,io.atomix.utils.serializer.serializers.ImmutableMapSerializer@9a20cbd), ([Ljava.lang.Class;@1af4955e,null), ([Ljava.lang.Class;@445821a6,null), ([Ljava.lang.Class;@2c0c4c0a,null), ([Ljava.lang.Class;@35d26ad2,null), ([Ljava.lang.Class;@bb25753,null), ([Ljava.lang.Class;@ee21292,null), ([Ljava.lang.Class;@40c06358,null), ([Ljava.lang.Class;@66e21568,null), ([Ljava.lang.Class;@7f73ce28,null), ([Ljava.lang.Class;@611b35d6,null), ([Ljava.lang.Class;@2282400e,null), ([Ljava.lang.Class;@543d5863,null), ([Ljava.lang.Class;@35dece42,null), ([Ljava.lang.Class;@dd3f8aa,io.atomix.utils.serializer.serializers.ArraysAsListSerializer@3d615b2e), ([Ljava.lang.Class;@3a1f2a1,null), ([Ljava.lang.Class;@40ce9049,null), ([Ljava.lang.Class;@52ca2652,null), ([Ljava.lang.Class;@65c5bf0e,null), ([Ljava.lang.Class;@697d6ded,null), ([Ljava.lang.Class;@5d05f453,null), ([Ljava.lang.Class;@5efeb117,null), ([Ljava.lang.Class;@160b4809,null), ([Ljava.lang.Class;@149b4d20,null), ([Ljava.lang.Class;@664e848c,null), ([Ljava.lang.Class;@4d93f75b,null), ([Ljava.lang.Class;@114a5e0,null), ([Ljava.lang.Class;@4f281aaf,null), ([Ljava.lang.Class;@5d508d22,null), ([Ljava.lang.Class;@f2b90fc,null)]}, RegistrationBlock{begin=52, types=[([Ljava.lang.Class;@241af8aa,null)]}]}
22:46:00.118 [raft-server-2-state] TRACE i.a.utils.serializer.KryoNamespace - class [B registered as 16
22:46:00.118 [raft-server-2-state] TRACE i.a.utils.serializer.KryoNamespace - class java.util.concurrent.atomic.AtomicBoolean registered as 17
22:46:00.118 [raft-server-2-state] TRACE i.a.utils.serializer.KryoNamespace - class java.util.concurrent.atomic.AtomicInteger registered as 18
22:46:00.119 [raft-server-2-state] TRACE i.a.utils.serializer.KryoNamespace - class java.util.concurrent.atomic.AtomicLong registered as 19
22:46:00.119 [raft-server-2-state] TRACE i.a.utils.serializer.KryoNamespace - class com.google.common.collect.ImmutableList registered as 20
22:46:00.119 [raft-server-2-state] TRACE i.a.utils.serializer.KryoNamespace - class com.google.common.collect.RegularImmutableList registered as 20
22:46:00.119 [raft-server-2-state] TRACE i.a.utils.serializer.KryoNamespace - class com.google.common.collect.RegularImmutableList registered as 20
22:46:00.119 [raft-server-2-state] TRACE i.a.utils.serializer.KryoNamespace - class com.google.common.collect.ImmutableList$SubList registered as 20
22:46:00.119 [raft-server-2-state] TRACE i.a.utils.serializer.KryoNamespace - class com.google.common.collect.ImmutableSet registered as 21
22:46:00.119 [raft-server-2-state] TRACE i.a.utils.serializer.KryoNamespace - class com.google.common.collect.RegularImmutableSet registered as 21
22:46:00.119 [raft-server-2-state] TRACE i.a.utils.serializer.KryoNamespace - class com.google.common.collect.SingletonImmutableSet registered as 21
22:46:00.119 [raft-server-2-state] TRACE i.a.utils.serializer.KryoNamespace - class com.google.common.collect.RegularImmutableSet registered as 21
22:46:00.119 [raft-server-2-state] TRACE i.a.utils.serializer.KryoNamespace - class com.google.common.collect.ImmutableMap registered as 22
22:46:00.119 [raft-server-2-state] TRACE i.a.utils.serializer.KryoNamespace - class com.google.common.collect.RegularImmutableMap registered as 22
22:46:00.119 [raft-server-2-state] TRACE i.a.utils.serializer.KryoNamespace - class com.google.common.collect.RegularImmutableMap registered as 22
22:46:00.119 [raft-server-2-state] TRACE i.a.utils.serializer.KryoNamespace - class com.google.common.collect.RegularImmutableMap registered as 22
22:46:00.119 [raft-server-2-state] TRACE i.a.utils.serializer.KryoNamespace - class java.util.Collections$UnmodifiableSet registered as 23
22:46:00.119 [raft-server-2-state] TRACE i.a.utils.serializer.KryoNamespace - class java.util.HashMap registered as 24
22:46:00.119 [raft-server-2-state] TRACE i.a.utils.serializer.KryoNamespace - class java.util.concurrent.ConcurrentHashMap registered as 25
22:46:00.119 [raft-server-2-state] TRACE i.a.utils.serializer.KryoNamespace - class java.util.concurrent.CopyOnWriteArraySet registered as 26
22:46:00.119 [raft-server-2-state] TRACE i.a.utils.serializer.KryoNamespace - class java.util.ArrayList registered as 27
22:46:00.119 [raft-server-2-state] TRACE i.a.utils.serializer.KryoNamespace - class java.util.LinkedList registered as 28
22:46:00.119 [raft-server-2-state] TRACE i.a.utils.serializer.KryoNamespace - class java.util.HashSet registered as 29
22:46:00.119 [raft-server-2-state] TRACE i.a.utils.serializer.KryoNamespace - class java.util.LinkedHashSet registered as 30
22:46:00.119 [raft-server-2-state] TRACE i.a.utils.serializer.KryoNamespace - class com.sun.jmx.remote.internal.ArrayQueue registered as 31
22:46:00.119 [raft-server-2-state] TRACE i.a.utils.serializer.KryoNamespace - class java.util.ArrayDeque registered as 32
22:46:00.119 [raft-server-2-state] TRACE i.a.utils.serializer.KryoNamespace - class com.google.common.collect.HashMultiset registered as 33
22:46:00.119 [raft-server-2-state] TRACE i.a.utils.serializer.KryoNamespace - class com.google.common.collect.Sets registered as 34
22:46:00.119 [raft-server-2-state] TRACE i.a.utils.serializer.KryoNamespace - class com.google.common.collect.ImmutableEntry registered as 35
22:46:00.119 [raft-server-2-state] TRACE i.a.utils.serializer.KryoNamespace - class java.util.Arrays$ArrayList registered as 36
22:46:00.120 [raft-server-2-state] TRACE i.a.utils.serializer.KryoNamespace - class java.util.Collections$SingletonList registered as 37
22:46:00.120 [raft-server-2-state] TRACE i.a.utils.serializer.KryoNamespace - class java.time.Duration registered as 38
22:46:00.120 [raft-server-2-state] TRACE i.a.utils.serializer.KryoNamespace - class java.util.Collections$EmptySet registered as 39
22:46:00.120 [raft-server-2-state] TRACE i.a.utils.serializer.KryoNamespace - class java.util.Optional registered as 40
22:46:00.120 [raft-server-2-state] TRACE i.a.utils.serializer.KryoNamespace - class java.util.Collections$EmptyList registered as 41
22:46:00.120 [raft-server-2-state] TRACE i.a.utils.serializer.KryoNamespace - class java.util.Collections$SingletonSet registered as 42
22:46:00.120 [raft-server-2-state] TRACE i.a.utils.serializer.KryoNamespace - class [I registered as 43
22:46:00.120 [raft-server-2-state] TRACE i.a.utils.serializer.KryoNamespace - class [J registered as 44
22:46:00.120 [raft-server-2-state] TRACE i.a.utils.serializer.KryoNamespace - class [S registered as 45
22:46:00.120 [raft-server-2-state] TRACE i.a.utils.serializer.KryoNamespace - class [D registered as 46
22:46:00.120 [raft-server-2-state] TRACE i.a.utils.serializer.KryoNamespace - class [F registered as 47
22:46:00.120 [raft-server-2-state] TRACE i.a.utils.serializer.KryoNamespace - class [C registered as 48
22:46:00.120 [raft-server-2-state] TRACE i.a.utils.serializer.KryoNamespace - class [Ljava.lang.String; registered as 49
22:46:00.120 [raft-server-2-state] TRACE i.a.utils.serializer.KryoNamespace - class [Z registered as 50
22:46:00.120 [raft-server-2-state] TRACE i.a.utils.serializer.KryoNamespace - class [Ljava.lang.Object; registered as 51
22:46:00.120 [raft-server-2-state] TRACE i.a.utils.serializer.KryoNamespace - class io.atomix.primitive.service.ServiceConfig registered as 52
22:46:00.121 [raft-server-2-compaction] DEBUG i.a.p.r.s.snapshot.SnapshotStore - Created disk snapshot: FileSnapshot{index=53}
22:46:00.187 [raft-client-4d6eb0c5-808f-4bee-91ae-78c435ccd24a-7] DEBUG i.a.p.r.p.impl.RaftProxyConnection - PartitionProxy{2}{type=io.atomix.protocols.raft.RaftTest$TestPrimitiveType@35bfa1bb, name=raft-test} - CommandRequest{session=2, sequence=34, operation=PrimitiveOperation{id=DefaultOperationId{id=write, type=COMMAND}, value=byte[]{length=17, hash=-1644578928}}} failed! Reason: {}
java.util.concurrent.TimeoutException: null
	at io.atomix.protocols.raft.protocol.TestRaftProtocol.lambda$scheduleTimeout$0(TestRaftProtocol.java:48) ~[test-classes/:na]
	at java.util.concurrent.Executors$RunnableAdapter.call(Executors.java:511) ~[na:1.8.0_121]
	at java.util.concurrent.FutureTask.run(FutureTask.java:266) ~[na:1.8.0_121]
	at java.util.concurrent.ScheduledThreadPoolExecutor$ScheduledFutureTask.access$201(ScheduledThreadPoolExecutor.java:180) ~[na:1.8.0_121]
	at java.util.concurrent.ScheduledThreadPoolExecutor$ScheduledFutureTask.run(ScheduledThreadPoolExecutor.java:293) ~[na:1.8.0_121]
	at java.util.concurrent.ThreadPoolExecutor.runWorker(ThreadPoolExecutor.java:1142) ~[na:1.8.0_121]
	at java.util.concurrent.ThreadPoolExecutor$Worker.run(ThreadPoolExecutor.java:617) ~[na:1.8.0_121]
	at java.lang.Thread.run(Thread.java:745) ~[na:1.8.0_121]
22:46:00.187 [raft-client-4d6eb0c5-808f-4bee-91ae-78c435ccd24a-7] TRACE i.a.p.r.p.impl.RaftProxyConnection - PartitionProxy{2}{type=io.atomix.protocols.raft.RaftTest$TestPrimitiveType@35bfa1bb, name=raft-test} - Resetting connection. Reason: null
22:46:00.187 [raft-client-4d6eb0c5-808f-4bee-91ae-78c435ccd24a-7] TRACE i.a.p.r.p.impl.RaftProxyConnection - PartitionProxy{2}{type=io.atomix.protocols.raft.RaftTest$TestPrimitiveType@35bfa1bb, name=raft-test} - Sending CommandRequest{session=2, sequence=34, operation=PrimitiveOperation{id=DefaultOperationId{id=write, type=COMMAND}, value=byte[]{length=17, hash=-1644578928}}} to 1
22:46:00.187 [raft-server-1] TRACE i.a.p.raft.roles.FollowerRole - RaftServer{1}{role=FOLLOWER} - Received CommandRequest{session=2, sequence=34, operation=PrimitiveOperation{id=DefaultOperationId{id=write, type=COMMAND}, value=byte[]{length=17, hash=-1644578928}}}
22:46:00.213 [raft-server-2] TRACE i.a.p.raft.roles.LeaderAppender - RaftServer{2} - Received AppendResponse{status=OK, term=3, succeeded=true, lastLogIndex=56} from 1
22:46:00.213 [raft-server-2] TRACE i.a.protocols.raft.roles.LeaderRole - RaftServer{2}{role=LEADER} - Received CommandRequest{session=2, sequence=34, operation=PrimitiveOperation{id=DefaultOperationId{id=write, type=COMMAND}, value=byte[]{length=17, hash=-1644578928}}}
22:46:00.213 [raft-server-2-state] TRACE i.a.p.raft.impl.RaftServiceManager - RaftServer{2} - Applying Indexed{index=54, entry=KeepAliveEntry{term=3, timestamp=2018-06-07 10:45:58,868, sessionIds=long[]{length=1, hash=33}, commandSequences=long[]{length=1, hash=63}, eventIndexes=long[]{length=1, hash=33}}}
22:46:00.213 [raft-server-2] TRACE i.a.protocols.raft.roles.LeaderRole - RaftServer{2}{role=LEADER} - Sending CommandResponse{status=OK, index=53, eventIndex=2, result=byte[]{length=2, hash=1346}}
22:46:00.213 [raft-server-1] TRACE i.a.p.raft.roles.FollowerRole - RaftServer{1}{role=FOLLOWER} - Sending CommandResponse{status=OK, index=53, eventIndex=2, result=byte[]{length=2, hash=1346}}
22:46:00.213 [raft-server-2] TRACE i.a.p.raft.roles.LeaderAppender - RaftServer{2} - Sending AppendRequest{term=3, leader=2, prevLogIndex=56, prevLogTerm=3, entries=0, commitIndex=56} to 1
22:46:00.213 [raft-client-4d6eb0c5-808f-4bee-91ae-78c435ccd24a-3] TRACE i.a.p.r.p.impl.RaftProxyConnection - PartitionProxy{2}{type=io.atomix.protocols.raft.RaftTest$TestPrimitiveType@35bfa1bb, name=raft-test} - Received CommandResponse{status=OK, index=53, eventIndex=2, result=byte[]{length=2, hash=1346}} from 1
22:46:00.213 [raft-server-1] TRACE i.a.p.raft.roles.FollowerRole - RaftServer{1}{role=FOLLOWER} - Received AppendRequest{term=3, leader=2, prevLogIndex=56, prevLogTerm=3, entries=0, commitIndex=56}
22:46:00.214 [raft-server-2] TRACE i.a.p.raft.roles.LeaderAppender - RaftServer{2} - Sending AppendRequest{term=3, leader=2, prevLogIndex=56, prevLogTerm=3, entries=0, commitIndex=56} to 3
22:46:00.214 [raft-client-4d6eb0c5-808f-4bee-91ae-78c435ccd24a-3] TRACE i.a.p.r.p.impl.RaftProxySequencer - PartitionProxy{2}{type=io.atomix.protocols.raft.RaftTest$TestPrimitiveType@35bfa1bb, name=raft-test} - Completing response CommandResponse{status=OK, index=53, eventIndex=2, result=byte[]{length=2, hash=1346}}
22:46:00.214 [raft-server-2-state] TRACE i.a.p.raft.impl.RaftServiceManager - RaftServer{2} - Applying Indexed{index=55, entry=CommandEntry{term=3, timestamp=2018-06-07 10:45:59,186, session=2, sequence=34, operation=PrimitiveOperation{id=DefaultOperationId{id=write, type=COMMAND}, value=byte[]{length=17, hash=-1644578928}}}}
22:46:00.214 [raft-server-3] TRACE i.a.p.raft.roles.FollowerRole - RaftServer{3}{role=FOLLOWER} - Received AppendRequest{term=3, leader=2, prevLogIndex=56, prevLogTerm=3, entries=0, commitIndex=56}
22:46:00.214 [raft-server-2-state] TRACE i.a.p.r.service.RaftServiceContext - PrimitiveService{2}{type=io.atomix.protocols.raft.RaftTest$TestPrimitiveType@2fa5f551, name=raft-test} - Returning cached result for command with sequence number 34 < 35
22:46:00.214 [raft-server-2-state] TRACE i.a.protocols.raft.roles.LeaderRole - RaftServer{2}{role=LEADER} - Sending CommandResponse{status=OK, index=53, eventIndex=2, result=byte[]{length=2, hash=1346}}
22:46:00.214 [raft-server-2] TRACE i.a.protocols.raft.roles.LeaderRole - RaftServer{2}{role=LEADER} - Sending KeepAliveResponse{status=OK, leader=2, members=[1, 2, 3], sessionIds=long[]{length=1, hash=33}}
22:46:00.214 [raft-server-2-state] TRACE i.a.p.raft.impl.RaftServiceManager - RaftServer{2} - Applying Indexed{index=56, entry=KeepAliveEntry{term=3, timestamp=2018-06-07 10:45:59,949, sessionIds=long[]{length=1, hash=33}, commandSequences=long[]{length=1, hash=63}, eventIndexes=long[]{length=1, hash=33}}}
22:46:00.214 [raft-server-2] TRACE i.a.protocols.raft.roles.LeaderRole - RaftServer{2}{role=LEADER} - Sending KeepAliveResponse{status=OK, leader=2, members=[1, 2, 3], sessionIds=long[]{length=1, hash=33}}
22:46:00.214 [raft-client-4d6eb0c5-808f-4bee-91ae-78c435ccd24a-5] TRACE i.a.p.r.p.impl.RaftProxyConnection - PartitionProxy{2}{type=io.atomix.protocols.raft.RaftTest$TestPrimitiveType@35bfa1bb, name=raft-test} - Sending CommandRequest{session=2, sequence=35, operation=PrimitiveOperation{id=DefaultOperationId{id=write, type=COMMAND}, value=byte[]{length=17, hash=-1644578928}}} to 1
22:46:00.328 [raft-server-1] TRACE i.a.p.raft.roles.FollowerRole - RaftServer{1}{role=FOLLOWER} - Committed entries up to index 56
22:46:00.328 [raft-server-3] TRACE i.a.p.raft.roles.FollowerRole - RaftServer{3}{role=FOLLOWER} - Committed entries up to index 56
22:46:00.329 [raft-server-3] TRACE i.a.p.raft.roles.FollowerRole - RaftServer{3}{role=FOLLOWER} - Sending AppendResponse{status=OK, term=3, succeeded=true, lastLogIndex=56}
22:46:00.329 [raft-server-1] TRACE i.a.p.raft.roles.FollowerRole - RaftServer{1}{role=FOLLOWER} - Sending AppendResponse{status=OK, term=3, succeeded=true, lastLogIndex=56}
22:46:00.329 [raft-server-1] TRACE i.a.p.raft.roles.FollowerRole - RaftServer{1}{role=FOLLOWER} - Sending KeepAliveResponse{status=OK, leader=2, members=[1, 2, 3], sessionIds=long[]{length=1, hash=33}}
22:46:00.329 [raft-server-2] TRACE i.a.p.raft.roles.LeaderAppender - RaftServer{2} - Received AppendResponse{status=OK, term=3, succeeded=true, lastLogIndex=56} from 3
22:46:00.329 [raft-client-4d6eb0c5-808f-4bee-91ae-78c435ccd24a-6] TRACE i.a.p.r.p.impl.RaftProxyConnection - RaftClient{4d6eb0c5-808f-4bee-91ae-78c435ccd24a} - Received KeepAliveResponse{status=OK, leader=2, members=[1, 2, 3], sessionIds=long[]{length=1, hash=33}} from 1
22:46:00.329 [raft-server-3-state] TRACE i.a.p.raft.impl.RaftServiceManager - RaftServer{3} - Applying Indexed{index=54, entry=KeepAliveEntry{term=3, timestamp=2018-06-07 10:45:58,868, sessionIds=long[]{length=1, hash=33}, commandSequences=long[]{length=1, hash=63}, eventIndexes=long[]{length=1, hash=33}}}
22:46:00.329 [raft-server-1] TRACE i.a.p.raft.roles.FollowerRole - RaftServer{1}{role=FOLLOWER} - Received CommandRequest{session=2, sequence=35, operation=PrimitiveOperation{id=DefaultOperationId{id=write, type=COMMAND}, value=byte[]{length=17, hash=-1644578928}}}
22:46:00.329 [raft-server-2] TRACE i.a.p.raft.roles.LeaderAppender - RaftServer{2} - Sending AppendRequest{term=3, leader=2, prevLogIndex=56, prevLogTerm=3, entries=0, commitIndex=56} to 3
22:46:00.329 [raft-server-3] TRACE i.a.p.raft.roles.FollowerRole - RaftServer{3}{role=FOLLOWER} - Received AppendRequest{term=3, leader=2, prevLogIndex=56, prevLogTerm=3, entries=0, commitIndex=56}
22:46:00.329 [raft-server-2] TRACE i.a.p.raft.roles.LeaderAppender - RaftServer{2} - Received AppendResponse{status=OK, term=3, succeeded=true, lastLogIndex=56} from 1
22:46:00.329 [raft-server-1-state] TRACE i.a.p.raft.impl.RaftServiceManager - RaftServer{1} - Applying Indexed{index=54, entry=KeepAliveEntry{term=3, timestamp=2018-06-07 10:45:58,868, sessionIds=long[]{length=1, hash=33}, commandSequences=long[]{length=1, hash=63}, eventIndexes=long[]{length=1, hash=33}}}
22:46:00.329 [raft-server-3] TRACE i.a.p.raft.roles.FollowerRole - RaftServer{3}{role=FOLLOWER} - Sending AppendResponse{status=OK, term=3, succeeded=true, lastLogIndex=56}
22:46:00.329 [raft-server-3-state] TRACE i.a.p.raft.impl.RaftServiceManager - RaftServer{3} - Applying Indexed{index=55, entry=CommandEntry{term=3, timestamp=2018-06-07 10:45:59,186, session=2, sequence=34, operation=PrimitiveOperation{id=DefaultOperationId{id=write, type=COMMAND}, value=byte[]{length=17, hash=-1644578928}}}}
22:46:00.329 [raft-server-2] TRACE i.a.p.raft.roles.LeaderAppender - RaftServer{2} - Sending AppendRequest{term=3, leader=2, prevLogIndex=56, prevLogTerm=3, entries=0, commitIndex=56} to 1
22:46:00.329 [raft-server-3-state] TRACE i.a.p.r.service.RaftServiceContext - PrimitiveService{2}{type=io.atomix.protocols.raft.RaftTest$TestPrimitiveType@12cd62fc, name=raft-test} - Returning cached result for command with sequence number 34 < 35
22:46:00.329 [raft-server-1-state] TRACE i.a.p.raft.impl.RaftServiceManager - RaftServer{1} - Applying Indexed{index=55, entry=CommandEntry{term=3, timestamp=2018-06-07 10:45:59,186, session=2, sequence=34, operation=PrimitiveOperation{id=DefaultOperationId{id=write, type=COMMAND}, value=byte[]{length=17, hash=-1644578928}}}}
22:46:00.329 [raft-server-2] TRACE i.a.protocols.raft.roles.LeaderRole - RaftServer{2}{role=LEADER} - Received CommandRequest{session=2, sequence=35, operation=PrimitiveOperation{id=DefaultOperationId{id=write, type=COMMAND}, value=byte[]{length=17, hash=-1644578928}}}
22:46:00.329 [raft-server-3-state] TRACE i.a.p.raft.impl.RaftServiceManager - RaftServer{3} - Applying Indexed{index=56, entry=KeepAliveEntry{term=3, timestamp=2018-06-07 10:45:59,949, sessionIds=long[]{length=1, hash=33}, commandSequences=long[]{length=1, hash=63}, eventIndexes=long[]{length=1, hash=33}}}
22:46:00.329 [raft-server-1] TRACE i.a.p.raft.roles.FollowerRole - RaftServer{1}{role=FOLLOWER} - Received AppendRequest{term=3, leader=2, prevLogIndex=56, prevLogTerm=3, entries=0, commitIndex=56}
22:46:00.329 [raft-server-1-state] TRACE i.a.p.r.service.RaftServiceContext - PrimitiveService{2}{type=io.atomix.protocols.raft.RaftTest$TestPrimitiveType@54705ce8, name=raft-test} - Returning cached result for command with sequence number 34 < 35
22:46:00.330 [raft-server-1] TRACE i.a.p.raft.roles.FollowerRole - RaftServer{1}{role=FOLLOWER} - Sending AppendResponse{status=OK, term=3, succeeded=true, lastLogIndex=56}
22:46:00.330 [raft-server-2] TRACE i.a.protocols.raft.roles.LeaderRole - RaftServer{2}{role=LEADER} - Appended Indexed{index=57, entry=CommandEntry{term=3, timestamp=2018-06-07 10:46:00,329, session=2, sequence=35, operation=PrimitiveOperation{id=DefaultOperationId{id=write, type=COMMAND}, value=byte[]{length=17, hash=-1644578928}}}}
22:46:00.330 [raft-server-1-state] TRACE i.a.p.raft.impl.RaftServiceManager - RaftServer{1} - Applying Indexed{index=56, entry=KeepAliveEntry{term=3, timestamp=2018-06-07 10:45:59,949, sessionIds=long[]{length=1, hash=33}, commandSequences=long[]{length=1, hash=63}, eventIndexes=long[]{length=1, hash=33}}}
22:46:00.330 [raft-server-2] TRACE i.a.p.raft.roles.LeaderAppender - RaftServer{2} - Received AppendResponse{status=OK, term=3, succeeded=true, lastLogIndex=56} from 3
22:46:00.330 [raft-server-2] TRACE i.a.p.raft.roles.LeaderAppender - RaftServer{2} - Sending AppendRequest{term=3, leader=2, prevLogIndex=56, prevLogTerm=3, entries=1, commitIndex=56} to 3
22:46:00.330 [raft-server-3] TRACE i.a.p.raft.roles.FollowerRole - RaftServer{3}{role=FOLLOWER} - Received AppendRequest{term=3, leader=2, prevLogIndex=56, prevLogTerm=3, entries=1, commitIndex=56}
22:46:00.330 [raft-server-2] TRACE i.a.p.raft.roles.LeaderAppender - RaftServer{2} - Received AppendResponse{status=OK, term=3, succeeded=true, lastLogIndex=56} from 1
22:46:00.330 [raft-server-2] TRACE i.a.p.raft.roles.LeaderAppender - RaftServer{2} - Sending AppendRequest{term=3, leader=2, prevLogIndex=56, prevLogTerm=3, entries=1, commitIndex=56} to 1
22:46:00.330 [raft-server-3] TRACE i.a.p.raft.roles.FollowerRole - RaftServer{3}{role=FOLLOWER} - Appended Indexed{index=57, entry=CommandEntry{term=3, timestamp=2018-06-07 10:46:00,329, session=2, sequence=35, operation=PrimitiveOperation{id=DefaultOperationId{id=write, type=COMMAND}, value=byte[]{length=17, hash=-1644578928}}}}
22:46:00.330 [raft-server-1] TRACE i.a.p.raft.roles.FollowerRole - RaftServer{1}{role=FOLLOWER} - Received AppendRequest{term=3, leader=2, prevLogIndex=56, prevLogTerm=3, entries=1, commitIndex=56}
22:46:00.330 [raft-server-3] TRACE i.a.p.raft.roles.FollowerRole - RaftServer{3}{role=FOLLOWER} - Sending AppendResponse{status=OK, term=3, succeeded=true, lastLogIndex=57}
22:46:00.330 [raft-server-2] TRACE i.a.p.raft.roles.LeaderAppender - RaftServer{2} - Received AppendResponse{status=OK, term=3, succeeded=true, lastLogIndex=57} from 3
22:46:00.330 [raft-server-2] TRACE i.a.p.raft.roles.LeaderAppender - RaftServer{2} - Committed entries up to 57
22:46:00.330 [raft-server-1] TRACE i.a.p.raft.roles.FollowerRole - RaftServer{1}{role=FOLLOWER} - Appended Indexed{index=57, entry=CommandEntry{term=3, timestamp=2018-06-07 10:46:00,329, session=2, sequence=35, operation=PrimitiveOperation{id=DefaultOperationId{id=write, type=COMMAND}, value=byte[]{length=17, hash=-1644578928}}}}
22:46:00.330 [raft-server-1] TRACE i.a.p.raft.roles.FollowerRole - RaftServer{1}{role=FOLLOWER} - Sending AppendResponse{status=OK, term=3, succeeded=true, lastLogIndex=57}
22:46:00.366 [raft-client-4d6eb0c5-808f-4bee-91ae-78c435ccd24a-6] TRACE i.a.p.r.proxy.impl.RaftProxyManager - RaftClient{4d6eb0c5-808f-4bee-91ae-78c435ccd24a} - Keeping 1 sessions alive
22:46:00.366 [raft-client-4d6eb0c5-808f-4bee-91ae-78c435ccd24a-6] TRACE i.a.p.r.p.impl.RaftProxyConnection - RaftClient{4d6eb0c5-808f-4bee-91ae-78c435ccd24a} - Sending KeepAliveRequest{sessionIds=long[]{length=1, hash=33}, commandSequences=long[]{length=1, hash=65}, eventIndexes=long[]{length=1, hash=33}} to 1
22:46:00.367 [raft-server-1] TRACE i.a.p.raft.roles.FollowerRole - RaftServer{1}{role=FOLLOWER} - Received KeepAliveRequest{sessionIds=long[]{length=1, hash=33}, commandSequences=long[]{length=1, hash=65}, eventIndexes=long[]{length=1, hash=33}}
22:46:00.438 [raft-server-2] TRACE i.a.p.raft.roles.LeaderAppender - RaftServer{2} - Received AppendResponse{status=OK, term=3, succeeded=true, lastLogIndex=57} from 1
22:46:00.438 [raft-server-2] TRACE i.a.protocols.raft.roles.LeaderRole - RaftServer{2}{role=LEADER} - Received KeepAliveRequest{sessionIds=long[]{length=1, hash=33}, commandSequences=long[]{length=1, hash=65}, eventIndexes=long[]{length=1, hash=33}}
22:46:00.439 [raft-server-2] TRACE i.a.protocols.raft.roles.LeaderRole - RaftServer{2}{role=LEADER} - Appended Indexed{index=58, entry=KeepAliveEntry{term=3, timestamp=2018-06-07 10:46:00,438, sessionIds=long[]{length=1, hash=33}, commandSequences=long[]{length=1, hash=65}, eventIndexes=long[]{length=1, hash=33}}}
22:46:00.439 [raft-server-2] TRACE i.a.p.raft.roles.LeaderAppender - RaftServer{2} - Sending AppendRequest{term=3, leader=2, prevLogIndex=57, prevLogTerm=3, entries=1, commitIndex=57} to 1
22:46:00.439 [raft-server-2-state] TRACE i.a.p.raft.impl.RaftServiceManager - RaftServer{2} - Applying Indexed{index=57, entry=CommandEntry{term=3, timestamp=2018-06-07 10:46:00,329, session=2, sequence=35, operation=PrimitiveOperation{id=DefaultOperationId{id=write, type=COMMAND}, value=byte[]{length=17, hash=-1644578928}}}}
22:46:00.439 [raft-server-1] TRACE i.a.p.raft.roles.FollowerRole - RaftServer{1}{role=FOLLOWER} - Received AppendRequest{term=3, leader=2, prevLogIndex=57, prevLogTerm=3, entries=1, commitIndex=57}
22:46:00.439 [raft-server-2] TRACE i.a.p.raft.roles.LeaderAppender - RaftServer{2} - Sending AppendRequest{term=3, leader=2, prevLogIndex=57, prevLogTerm=3, entries=1, commitIndex=57} to 3
22:46:00.439 [raft-server-2-state] TRACE i.a.p.s.impl.DefaultServiceExecutor - PrimitiveService{2}{type=io.atomix.protocols.raft.RaftTest$TestPrimitiveType@2fa5f551, name=raft-test} - Executing DefaultCommit{index=57, session=RaftSession{RaftServiceContext{server=2, type=io.atomix.protocols.raft.RaftTest$TestPrimitiveType@2fa5f551, name=raft-test, id=2}, session=2, timestamp=2018-06-07 10:46:00,329}, time=2018-06-07 10:46:00,329, operation=DefaultOperationId{id=write, type=COMMAND}, value=byte[]{length=17, hash=-1644578928}}
22:46:00.439 [raft-server-3] TRACE i.a.p.raft.roles.FollowerRole - RaftServer{3}{role=FOLLOWER} - Received AppendRequest{term=3, leader=2, prevLogIndex=57, prevLogTerm=3, entries=1, commitIndex=57}
22:46:00.439 [raft-server-1] TRACE i.a.p.raft.roles.FollowerRole - RaftServer{1}{role=FOLLOWER} - Appended Indexed{index=58, entry=KeepAliveEntry{term=3, timestamp=2018-06-07 10:46:00,438, sessionIds=long[]{length=1, hash=33}, commandSequences=long[]{length=1, hash=65}, eventIndexes=long[]{length=1, hash=33}}}
22:46:00.439 [raft-server-3] TRACE i.a.p.raft.roles.FollowerRole - RaftServer{3}{role=FOLLOWER} - Appended Indexed{index=58, entry=KeepAliveEntry{term=3, timestamp=2018-06-07 10:46:00,438, sessionIds=long[]{length=1, hash=33}, commandSequences=long[]{length=1, hash=65}, eventIndexes=long[]{length=1, hash=33}}}
22:46:00.439 [raft-server-2-state] TRACE i.a.protocols.raft.roles.LeaderRole - RaftServer{2}{role=LEADER} - Sending CommandResponse{status=OK, index=57, eventIndex=2, result=byte[]{length=2, hash=1354}}
22:46:00.495 [raft-server-3] TRACE i.a.p.raft.roles.FollowerRole - RaftServer{3}{role=FOLLOWER} - Committed entries up to index 57
22:46:00.495 [raft-server-1] TRACE i.a.p.raft.roles.FollowerRole - RaftServer{1}{role=FOLLOWER} - Committed entries up to index 57
22:46:00.495 [raft-server-3] TRACE i.a.p.raft.roles.FollowerRole - RaftServer{3}{role=FOLLOWER} - Sending AppendResponse{status=OK, term=3, succeeded=true, lastLogIndex=58}
22:46:00.495 [raft-server-1] TRACE i.a.p.raft.roles.FollowerRole - RaftServer{1}{role=FOLLOWER} - Sending AppendResponse{status=OK, term=3, succeeded=true, lastLogIndex=58}
22:46:00.495 [raft-server-1] TRACE i.a.p.raft.roles.FollowerRole - RaftServer{1}{role=FOLLOWER} - Sending CommandResponse{status=OK, index=57, eventIndex=2, result=byte[]{length=2, hash=1354}}
22:46:00.495 [raft-server-2] TRACE i.a.p.raft.roles.LeaderAppender - RaftServer{2} - Received AppendResponse{status=OK, term=3, succeeded=true, lastLogIndex=58} from 3
22:46:00.495 [raft-server-3-state] TRACE i.a.p.raft.impl.RaftServiceManager - RaftServer{3} - Applying Indexed{index=57, entry=CommandEntry{term=3, timestamp=2018-06-07 10:46:00,329, session=2, sequence=35, operation=PrimitiveOperation{id=DefaultOperationId{id=write, type=COMMAND}, value=byte[]{length=17, hash=-1644578928}}}}
22:46:00.495 [raft-server-2] TRACE i.a.p.raft.roles.LeaderAppender - RaftServer{2} - Committed entries up to 58
22:46:00.495 [raft-client-4d6eb0c5-808f-4bee-91ae-78c435ccd24a-7] TRACE i.a.p.r.p.impl.RaftProxyConnection - PartitionProxy{2}{type=io.atomix.protocols.raft.RaftTest$TestPrimitiveType@35bfa1bb, name=raft-test} - Received CommandResponse{status=OK, index=57, eventIndex=2, result=byte[]{length=2, hash=1354}} from 1
22:46:00.495 [raft-server-1-state] TRACE i.a.p.raft.impl.RaftServiceManager - RaftServer{1} - Applying Indexed{index=57, entry=CommandEntry{term=3, timestamp=2018-06-07 10:46:00,329, session=2, sequence=35, operation=PrimitiveOperation{id=DefaultOperationId{id=write, type=COMMAND}, value=byte[]{length=17, hash=-1644578928}}}}
22:46:00.495 [raft-server-3-state] TRACE i.a.p.s.impl.DefaultServiceExecutor - PrimitiveService{2}{type=io.atomix.protocols.raft.RaftTest$TestPrimitiveType@12cd62fc, name=raft-test} - Executing DefaultCommit{index=57, session=RaftSession{RaftServiceContext{server=3, type=io.atomix.protocols.raft.RaftTest$TestPrimitiveType@12cd62fc, name=raft-test, id=2}, session=2, timestamp=2018-06-07 10:46:00,329}, time=2018-06-07 10:46:00,329, operation=DefaultOperationId{id=write, type=COMMAND}, value=byte[]{length=17, hash=-1644578928}}
22:46:00.496 [raft-client-4d6eb0c5-808f-4bee-91ae-78c435ccd24a-7] TRACE i.a.p.r.p.impl.RaftProxySequencer - PartitionProxy{2}{type=io.atomix.protocols.raft.RaftTest$TestPrimitiveType@35bfa1bb, name=raft-test} - Completing response CommandResponse{status=OK, index=57, eventIndex=2, result=byte[]{length=2, hash=1354}}
22:46:00.496 [raft-server-1-state] TRACE i.a.p.s.impl.DefaultServiceExecutor - PrimitiveService{2}{type=io.atomix.protocols.raft.RaftTest$TestPrimitiveType@54705ce8, name=raft-test} - Executing DefaultCommit{index=57, session=RaftSession{RaftServiceContext{server=1, type=io.atomix.protocols.raft.RaftTest$TestPrimitiveType@54705ce8, name=raft-test, id=2}, session=2, timestamp=2018-06-07 10:46:00,329}, time=2018-06-07 10:46:00,329, operation=DefaultOperationId{id=write, type=COMMAND}, value=byte[]{length=17, hash=-1644578928}}
22:46:00.496 [raft-client-4d6eb0c5-808f-4bee-91ae-78c435ccd24a-2] TRACE i.a.p.r.p.impl.RaftProxyConnection - PartitionProxy{2}{type=io.atomix.protocols.raft.RaftTest$TestPrimitiveType@35bfa1bb, name=raft-test} - Sending CommandRequest{session=2, sequence=36, operation=PrimitiveOperation{id=DefaultOperationId{id=write, type=COMMAND}, value=byte[]{length=17, hash=-1644578928}}} to 1
22:46:00.496 [raft-server-1] TRACE i.a.p.raft.roles.FollowerRole - RaftServer{1}{role=FOLLOWER} - Received CommandRequest{session=2, sequence=36, operation=PrimitiveOperation{id=DefaultOperationId{id=write, type=COMMAND}, value=byte[]{length=17, hash=-1644578928}}}
22:46:00.555 [raft-server-2] TRACE i.a.p.raft.roles.LeaderAppender - RaftServer{2} - Sending AppendRequest{term=3, leader=2, prevLogIndex=58, prevLogTerm=3, entries=0, commitIndex=58} to 3
22:46:00.555 [raft-server-2] TRACE i.a.p.raft.roles.LeaderAppender - RaftServer{2} - Received AppendResponse{status=OK, term=3, succeeded=true, lastLogIndex=58} from 1
22:46:00.555 [raft-server-3] TRACE i.a.p.raft.roles.FollowerRole - RaftServer{3}{role=FOLLOWER} - Received AppendRequest{term=3, leader=2, prevLogIndex=58, prevLogTerm=3, entries=0, commitIndex=58}
22:46:00.555 [raft-server-2] TRACE i.a.p.raft.roles.LeaderAppender - RaftServer{2} - Sending AppendRequest{term=3, leader=2, prevLogIndex=58, prevLogTerm=3, entries=0, commitIndex=58} to 1
22:46:00.555 [raft-server-1] TRACE i.a.p.raft.roles.FollowerRole - RaftServer{1}{role=FOLLOWER} - Received AppendRequest{term=3, leader=2, prevLogIndex=58, prevLogTerm=3, entries=0, commitIndex=58}
22:46:00.555 [raft-server-2] TRACE i.a.protocols.raft.roles.LeaderRole - RaftServer{2}{role=LEADER} - Received CommandRequest{session=2, sequence=36, operation=PrimitiveOperation{id=DefaultOperationId{id=write, type=COMMAND}, value=byte[]{length=17, hash=-1644578928}}}
22:46:00.555 [raft-server-1] TRACE i.a.p.raft.roles.FollowerRole - RaftServer{1}{role=FOLLOWER} - Committed entries up to index 58
22:46:00.555 [raft-server-1] TRACE i.a.p.raft.roles.FollowerRole - RaftServer{1}{role=FOLLOWER} - Sending AppendResponse{status=OK, term=3, succeeded=true, lastLogIndex=58}
22:46:00.556 [raft-server-1-state] TRACE i.a.p.raft.impl.RaftServiceManager - RaftServer{1} - Applying Indexed{index=58, entry=KeepAliveEntry{term=3, timestamp=2018-06-07 10:46:00,438, sessionIds=long[]{length=1, hash=33}, commandSequences=long[]{length=1, hash=65}, eventIndexes=long[]{length=1, hash=33}}}
22:46:00.556 [raft-server-2] TRACE i.a.protocols.raft.roles.LeaderRole - RaftServer{2}{role=LEADER} - Appended Indexed{index=59, entry=CommandEntry{term=3, timestamp=2018-06-07 10:46:00,555, session=2, sequence=36, operation=PrimitiveOperation{id=DefaultOperationId{id=write, type=COMMAND}, value=byte[]{length=17, hash=-1644578928}}}}
22:46:00.556 [raft-server-2] TRACE i.a.p.raft.roles.LeaderAppender - RaftServer{2} - Received AppendResponse{status=OK, term=3, succeeded=true, lastLogIndex=58} from 1
22:46:00.556 [raft-server-2-state] TRACE i.a.p.raft.impl.RaftServiceManager - RaftServer{2} - Applying Indexed{index=58, entry=KeepAliveEntry{term=3, timestamp=2018-06-07 10:46:00,438, sessionIds=long[]{length=1, hash=33}, commandSequences=long[]{length=1, hash=65}, eventIndexes=long[]{length=1, hash=33}}}
22:46:00.556 [raft-server-2] TRACE i.a.p.raft.roles.LeaderAppender - RaftServer{2} - Sending AppendRequest{term=3, leader=2, prevLogIndex=58, prevLogTerm=3, entries=1, commitIndex=58} to 1
22:46:00.556 [raft-server-1] TRACE i.a.p.raft.roles.FollowerRole - RaftServer{1}{role=FOLLOWER} - Received AppendRequest{term=3, leader=2, prevLogIndex=58, prevLogTerm=3, entries=1, commitIndex=58}
22:46:00.556 [raft-server-1] TRACE i.a.p.raft.roles.FollowerRole - RaftServer{1}{role=FOLLOWER} - Appended Indexed{index=59, entry=CommandEntry{term=3, timestamp=2018-06-07 10:46:00,555, session=2, sequence=36, operation=PrimitiveOperation{id=DefaultOperationId{id=write, type=COMMAND}, value=byte[]{length=17, hash=-1644578928}}}}
22:46:00.556 [raft-server-2] TRACE i.a.protocols.raft.roles.LeaderRole - RaftServer{2}{role=LEADER} - Sending KeepAliveResponse{status=OK, leader=2, members=[1, 2, 3], sessionIds=long[]{length=1, hash=33}}
22:46:00.556 [raft-server-1] TRACE i.a.p.raft.roles.FollowerRole - RaftServer{1}{role=FOLLOWER} - Sending AppendResponse{status=OK, term=3, succeeded=true, lastLogIndex=59}
22:46:00.556 [raft-server-1] TRACE i.a.p.raft.roles.FollowerRole - RaftServer{1}{role=FOLLOWER} - Sending KeepAliveResponse{status=OK, leader=2, members=[1, 2, 3], sessionIds=long[]{length=1, hash=33}}
22:46:00.556 [raft-server-2] TRACE i.a.p.raft.roles.LeaderAppender - RaftServer{2} - Received AppendResponse{status=OK, term=3, succeeded=true, lastLogIndex=59} from 1
22:46:00.556 [raft-server-2] TRACE i.a.p.raft.roles.LeaderAppender - RaftServer{2} - Committed entries up to 59
22:46:00.556 [raft-client-4d6eb0c5-808f-4bee-91ae-78c435ccd24a-5] TRACE i.a.p.r.p.impl.RaftProxyConnection - RaftClient{4d6eb0c5-808f-4bee-91ae-78c435ccd24a} - Received KeepAliveResponse{status=OK, leader=2, members=[1, 2, 3], sessionIds=long[]{length=1, hash=33}} from 1
22:46:00.603 [raft-server-3] TRACE i.a.p.raft.roles.FollowerRole - RaftServer{3}{role=FOLLOWER} - Committed entries up to index 58
22:46:00.604 [raft-server-3] TRACE i.a.p.raft.roles.FollowerRole - RaftServer{3}{role=FOLLOWER} - Sending AppendResponse{status=OK, term=3, succeeded=true, lastLogIndex=58}
22:46:00.604 [raft-server-3-state] TRACE i.a.p.raft.impl.RaftServiceManager - RaftServer{3} - Applying Indexed{index=58, entry=KeepAliveEntry{term=3, timestamp=2018-06-07 10:46:00,438, sessionIds=long[]{length=1, hash=33}, commandSequences=long[]{length=1, hash=65}, eventIndexes=long[]{length=1, hash=33}}}
22:46:00.620 [raft-server-2] TRACE i.a.p.raft.roles.LeaderAppender - RaftServer{2} - Received AppendResponse{status=OK, term=3, succeeded=true, lastLogIndex=58} from 3
22:46:00.620 [raft-server-2] TRACE i.a.p.raft.roles.LeaderAppender - RaftServer{2} - Sending AppendRequest{term=3, leader=2, prevLogIndex=58, prevLogTerm=3, entries=1, commitIndex=59} to 3
22:46:00.620 [raft-server-3] TRACE i.a.p.raft.roles.FollowerRole - RaftServer{3}{role=FOLLOWER} - Received AppendRequest{term=3, leader=2, prevLogIndex=58, prevLogTerm=3, entries=1, commitIndex=59}
22:46:00.621 [raft-server-2-state] TRACE i.a.p.raft.impl.RaftServiceManager - RaftServer{2} - Applying Indexed{index=59, entry=CommandEntry{term=3, timestamp=2018-06-07 10:46:00,555, session=2, sequence=36, operation=PrimitiveOperation{id=DefaultOperationId{id=write, type=COMMAND}, value=byte[]{length=17, hash=-1644578928}}}}
22:46:00.621 [raft-server-3] TRACE i.a.p.raft.roles.FollowerRole - RaftServer{3}{role=FOLLOWER} - Appended Indexed{index=59, entry=CommandEntry{term=3, timestamp=2018-06-07 10:46:00,555, session=2, sequence=36, operation=PrimitiveOperation{id=DefaultOperationId{id=write, type=COMMAND}, value=byte[]{length=17, hash=-1644578928}}}}
22:46:00.621 [raft-server-2-state] TRACE i.a.p.s.impl.DefaultServiceExecutor - PrimitiveService{2}{type=io.atomix.protocols.raft.RaftTest$TestPrimitiveType@2fa5f551, name=raft-test} - Executing DefaultCommit{index=59, session=RaftSession{RaftServiceContext{server=2, type=io.atomix.protocols.raft.RaftTest$TestPrimitiveType@2fa5f551, name=raft-test, id=2}, session=2, timestamp=2018-06-07 10:46:00,555}, time=2018-06-07 10:46:00,555, operation=DefaultOperationId{id=write, type=COMMAND}, value=byte[]{length=17, hash=-1644578928}}
22:46:00.621 [raft-server-2] TRACE i.a.protocols.raft.roles.LeaderRole - RaftServer{2}{role=LEADER} - Sending CommandResponse{status=OK, index=59, eventIndex=2, result=byte[]{length=2, hash=1358}}
22:46:00.621 [raft-server-1] TRACE i.a.p.raft.roles.FollowerRole - RaftServer{1}{role=FOLLOWER} - Sending CommandResponse{status=OK, index=59, eventIndex=2, result=byte[]{length=2, hash=1358}}
22:46:00.621 [raft-client-4d6eb0c5-808f-4bee-91ae-78c435ccd24a-4] TRACE i.a.p.r.p.impl.RaftProxyConnection - PartitionProxy{2}{type=io.atomix.protocols.raft.RaftTest$TestPrimitiveType@35bfa1bb, name=raft-test} - Received CommandResponse{status=OK, index=59, eventIndex=2, result=byte[]{length=2, hash=1358}} from 1
22:46:00.621 [raft-client-4d6eb0c5-808f-4bee-91ae-78c435ccd24a-4] TRACE i.a.p.r.p.impl.RaftProxySequencer - PartitionProxy{2}{type=io.atomix.protocols.raft.RaftTest$TestPrimitiveType@35bfa1bb, name=raft-test} - Completing response CommandResponse{status=OK, index=59, eventIndex=2, result=byte[]{length=2, hash=1358}}
22:46:00.622 [raft-client-4d6eb0c5-808f-4bee-91ae-78c435ccd24a-7] TRACE i.a.p.r.p.impl.RaftProxyConnection - PartitionProxy{2}{type=io.atomix.protocols.raft.RaftTest$TestPrimitiveType@35bfa1bb, name=raft-test} - Sending CommandRequest{session=2, sequence=37, operation=PrimitiveOperation{id=DefaultOperationId{id=write, type=COMMAND}, value=byte[]{length=17, hash=-1644578928}}} to 1
22:46:00.622 [raft-server-1] TRACE i.a.p.raft.roles.FollowerRole - RaftServer{1}{role=FOLLOWER} - Received CommandRequest{session=2, sequence=37, operation=PrimitiveOperation{id=DefaultOperationId{id=write, type=COMMAND}, value=byte[]{length=17, hash=-1644578928}}}
22:46:00.622 [raft-server-2] TRACE i.a.protocols.raft.roles.LeaderRole - RaftServer{2}{role=LEADER} - Received CommandRequest{session=2, sequence=37, operation=PrimitiveOperation{id=DefaultOperationId{id=write, type=COMMAND}, value=byte[]{length=17, hash=-1644578928}}}
22:46:00.622 [raft-server-2] TRACE i.a.protocols.raft.roles.LeaderRole - RaftServer{2}{role=LEADER} - Appended Indexed{index=60, entry=CommandEntry{term=3, timestamp=2018-06-07 10:46:00,622, session=2, sequence=37, operation=PrimitiveOperation{id=DefaultOperationId{id=write, type=COMMAND}, value=byte[]{length=17, hash=-1644578928}}}}
22:46:00.622 [raft-server-2] TRACE i.a.p.raft.roles.LeaderAppender - RaftServer{2} - Sending AppendRequest{term=3, leader=2, prevLogIndex=59, prevLogTerm=3, entries=1, commitIndex=59} to 1
22:46:00.623 [raft-server-1] TRACE i.a.p.raft.roles.FollowerRole - RaftServer{1}{role=FOLLOWER} - Received AppendRequest{term=3, leader=2, prevLogIndex=59, prevLogTerm=3, entries=1, commitIndex=59}
22:46:00.623 [raft-server-1] TRACE i.a.p.raft.roles.FollowerRole - RaftServer{1}{role=FOLLOWER} - Appended Indexed{index=60, entry=CommandEntry{term=3, timestamp=2018-06-07 10:46:00,622, session=2, sequence=37, operation=PrimitiveOperation{id=DefaultOperationId{id=write, type=COMMAND}, value=byte[]{length=17, hash=-1644578928}}}}
22:46:00.662 [raft-server-3] TRACE i.a.p.raft.roles.FollowerRole - RaftServer{3}{role=FOLLOWER} - Committed entries up to index 59
22:46:00.662 [raft-server-3] TRACE i.a.p.raft.roles.FollowerRole - RaftServer{3}{role=FOLLOWER} - Sending AppendResponse{status=OK, term=3, succeeded=true, lastLogIndex=59}
22:46:00.662 [raft-server-2] TRACE i.a.p.raft.roles.LeaderAppender - RaftServer{2} - Received AppendResponse{status=OK, term=3, succeeded=true, lastLogIndex=59} from 3
22:46:00.662 [raft-server-2] TRACE i.a.p.raft.roles.LeaderAppender - RaftServer{2} - Sending AppendRequest{term=3, leader=2, prevLogIndex=59, prevLogTerm=3, entries=1, commitIndex=59} to 3
22:46:00.662 [raft-server-3-state] TRACE i.a.p.raft.impl.RaftServiceManager - RaftServer{3} - Applying Indexed{index=59, entry=CommandEntry{term=3, timestamp=2018-06-07 10:46:00,555, session=2, sequence=36, operation=PrimitiveOperation{id=DefaultOperationId{id=write, type=COMMAND}, value=byte[]{length=17, hash=-1644578928}}}}
22:46:00.662 [raft-server-3-state] TRACE i.a.p.s.impl.DefaultServiceExecutor - PrimitiveService{2}{type=io.atomix.protocols.raft.RaftTest$TestPrimitiveType@12cd62fc, name=raft-test} - Executing DefaultCommit{index=59, session=RaftSession{RaftServiceContext{server=3, type=io.atomix.protocols.raft.RaftTest$TestPrimitiveType@12cd62fc, name=raft-test, id=2}, session=2, timestamp=2018-06-07 10:46:00,555}, time=2018-06-07 10:46:00,555, operation=DefaultOperationId{id=write, type=COMMAND}, value=byte[]{length=17, hash=-1644578928}}
22:46:00.662 [raft-server-3] TRACE i.a.p.raft.roles.FollowerRole - RaftServer{3}{role=FOLLOWER} - Received AppendRequest{term=3, leader=2, prevLogIndex=59, prevLogTerm=3, entries=1, commitIndex=59}
22:46:00.663 [raft-server-3] TRACE i.a.p.raft.roles.FollowerRole - RaftServer{3}{role=FOLLOWER} - Appended Indexed{index=60, entry=CommandEntry{term=3, timestamp=2018-06-07 10:46:00,622, session=2, sequence=37, operation=PrimitiveOperation{id=DefaultOperationId{id=write, type=COMMAND}, value=byte[]{length=17, hash=-1644578928}}}}
22:46:00.663 [raft-server-3] TRACE i.a.p.raft.roles.FollowerRole - RaftServer{3}{role=FOLLOWER} - Sending AppendResponse{status=OK, term=3, succeeded=true, lastLogIndex=60}
22:46:00.663 [raft-server-2] TRACE i.a.p.raft.roles.LeaderAppender - RaftServer{2} - Received AppendResponse{status=OK, term=3, succeeded=true, lastLogIndex=60} from 3
22:46:00.663 [raft-server-2] TRACE i.a.p.raft.roles.LeaderAppender - RaftServer{2} - Committed entries up to 60
22:46:00.691 [raft-server-1] TRACE i.a.p.raft.roles.FollowerRole - RaftServer{1}{role=FOLLOWER} - Committed entries up to index 59
22:46:00.691 [raft-server-1] TRACE i.a.p.raft.roles.FollowerRole - RaftServer{1}{role=FOLLOWER} - Sending AppendResponse{status=OK, term=3, succeeded=true, lastLogIndex=60}
22:46:00.691 [raft-server-1-state] TRACE i.a.p.raft.impl.RaftServiceManager - RaftServer{1} - Applying Indexed{index=59, entry=CommandEntry{term=3, timestamp=2018-06-07 10:46:00,555, session=2, sequence=36, operation=PrimitiveOperation{id=DefaultOperationId{id=write, type=COMMAND}, value=byte[]{length=17, hash=-1644578928}}}}
22:46:00.692 [raft-server-1-state] TRACE i.a.p.s.impl.DefaultServiceExecutor - PrimitiveService{2}{type=io.atomix.protocols.raft.RaftTest$TestPrimitiveType@54705ce8, name=raft-test} - Executing DefaultCommit{index=59, session=RaftSession{RaftServiceContext{server=1, type=io.atomix.protocols.raft.RaftTest$TestPrimitiveType@54705ce8, name=raft-test, id=2}, session=2, timestamp=2018-06-07 10:46:00,555}, time=2018-06-07 10:46:00,555, operation=DefaultOperationId{id=write, type=COMMAND}, value=byte[]{length=17, hash=-1644578928}}
22:46:00.742 [raft-server-2] TRACE i.a.p.raft.roles.LeaderAppender - RaftServer{2} - Received AppendResponse{status=OK, term=3, succeeded=true, lastLogIndex=60} from 1
22:46:00.742 [raft-server-2] TRACE i.a.p.raft.roles.LeaderAppender - RaftServer{2} - Sending AppendRequest{term=3, leader=2, prevLogIndex=60, prevLogTerm=3, entries=0, commitIndex=60} to 1
22:46:00.742 [raft-server-2] TRACE i.a.p.raft.roles.LeaderAppender - RaftServer{2} - Sending AppendRequest{term=3, leader=2, prevLogIndex=60, prevLogTerm=3, entries=0, commitIndex=60} to 3
22:46:00.742 [raft-server-1] TRACE i.a.p.raft.roles.FollowerRole - RaftServer{1}{role=FOLLOWER} - Received AppendRequest{term=3, leader=2, prevLogIndex=60, prevLogTerm=3, entries=0, commitIndex=60}
22:46:00.742 [raft-server-3] TRACE i.a.p.raft.roles.FollowerRole - RaftServer{3}{role=FOLLOWER} - Received AppendRequest{term=3, leader=2, prevLogIndex=60, prevLogTerm=3, entries=0, commitIndex=60}
22:46:00.742 [raft-server-2-state] TRACE i.a.p.raft.impl.RaftServiceManager - RaftServer{2} - Applying Indexed{index=60, entry=CommandEntry{term=3, timestamp=2018-06-07 10:46:00,622, session=2, sequence=37, operation=PrimitiveOperation{id=DefaultOperationId{id=write, type=COMMAND}, value=byte[]{length=17, hash=-1644578928}}}}
22:46:00.742 [raft-server-2-state] TRACE i.a.p.s.impl.DefaultServiceExecutor - PrimitiveService{2}{type=io.atomix.protocols.raft.RaftTest$TestPrimitiveType@2fa5f551, name=raft-test} - Executing DefaultCommit{index=60, session=RaftSession{RaftServiceContext{server=2, type=io.atomix.protocols.raft.RaftTest$TestPrimitiveType@2fa5f551, name=raft-test, id=2}, session=2, timestamp=2018-06-07 10:46:00,622}, time=2018-06-07 10:46:00,622, operation=DefaultOperationId{id=write, type=COMMAND}, value=byte[]{length=17, hash=-1644578928}}
22:46:00.743 [raft-server-2-state] TRACE i.a.protocols.raft.roles.LeaderRole - RaftServer{2}{role=LEADER} - Sending CommandResponse{status=OK, index=60, eventIndex=2, result=byte[]{length=2, hash=1360}}
22:46:00.812 [raft-server-1] TRACE i.a.p.raft.roles.FollowerRole - RaftServer{1}{role=FOLLOWER} - Committed entries up to index 60
22:46:00.812 [raft-server-3] TRACE i.a.p.raft.roles.FollowerRole - RaftServer{3}{role=FOLLOWER} - Committed entries up to index 60
22:46:00.812 [raft-server-3] TRACE i.a.p.raft.roles.FollowerRole - RaftServer{3}{role=FOLLOWER} - Sending AppendResponse{status=OK, term=3, succeeded=true, lastLogIndex=60}
22:46:00.812 [raft-server-1] TRACE i.a.p.raft.roles.FollowerRole - RaftServer{1}{role=FOLLOWER} - Sending AppendResponse{status=OK, term=3, succeeded=true, lastLogIndex=60}
22:46:00.812 [raft-server-1] TRACE i.a.p.raft.roles.FollowerRole - RaftServer{1}{role=FOLLOWER} - Sending CommandResponse{status=OK, index=60, eventIndex=2, result=byte[]{length=2, hash=1360}}
22:46:00.812 [raft-server-2] TRACE i.a.p.raft.roles.LeaderAppender - RaftServer{2} - Received AppendResponse{status=OK, term=3, succeeded=true, lastLogIndex=60} from 1
22:46:00.812 [raft-client-4d6eb0c5-808f-4bee-91ae-78c435ccd24a-5] TRACE i.a.p.r.p.impl.RaftProxyConnection - PartitionProxy{2}{type=io.atomix.protocols.raft.RaftTest$TestPrimitiveType@35bfa1bb, name=raft-test} - Received CommandResponse{status=OK, index=60, eventIndex=2, result=byte[]{length=2, hash=1360}} from 1
22:46:00.812 [raft-server-3-state] TRACE i.a.p.raft.impl.RaftServiceManager - RaftServer{3} - Applying Indexed{index=60, entry=CommandEntry{term=3, timestamp=2018-06-07 10:46:00,622, session=2, sequence=37, operation=PrimitiveOperation{id=DefaultOperationId{id=write, type=COMMAND}, value=byte[]{length=17, hash=-1644578928}}}}
22:46:00.812 [raft-server-1-state] TRACE i.a.p.raft.impl.RaftServiceManager - RaftServer{1} - Applying Indexed{index=60, entry=CommandEntry{term=3, timestamp=2018-06-07 10:46:00,622, session=2, sequence=37, operation=PrimitiveOperation{id=DefaultOperationId{id=write, type=COMMAND}, value=byte[]{length=17, hash=-1644578928}}}}
22:46:00.812 [raft-client-4d6eb0c5-808f-4bee-91ae-78c435ccd24a-5] TRACE i.a.p.r.p.impl.RaftProxySequencer - PartitionProxy{2}{type=io.atomix.protocols.raft.RaftTest$TestPrimitiveType@35bfa1bb, name=raft-test} - Completing response CommandResponse{status=OK, index=60, eventIndex=2, result=byte[]{length=2, hash=1360}}
22:46:00.812 [raft-server-2] TRACE i.a.p.raft.roles.LeaderAppender - RaftServer{2} - Sending AppendRequest{term=3, leader=2, prevLogIndex=60, prevLogTerm=3, entries=0, commitIndex=60} to 1
22:46:00.812 [raft-server-3-state] TRACE i.a.p.s.impl.DefaultServiceExecutor - PrimitiveService{2}{type=io.atomix.protocols.raft.RaftTest$TestPrimitiveType@12cd62fc, name=raft-test} - Executing DefaultCommit{index=60, session=RaftSession{RaftServiceContext{server=3, type=io.atomix.protocols.raft.RaftTest$TestPrimitiveType@12cd62fc, name=raft-test, id=2}, session=2, timestamp=2018-06-07 10:46:00,622}, time=2018-06-07 10:46:00,622, operation=DefaultOperationId{id=write, type=COMMAND}, value=byte[]{length=17, hash=-1644578928}}
22:46:00.812 [raft-server-1-state] TRACE i.a.p.s.impl.DefaultServiceExecutor - PrimitiveService{2}{type=io.atomix.protocols.raft.RaftTest$TestPrimitiveType@54705ce8, name=raft-test} - Executing DefaultCommit{index=60, session=RaftSession{RaftServiceContext{server=1, type=io.atomix.protocols.raft.RaftTest$TestPrimitiveType@54705ce8, name=raft-test, id=2}, session=2, timestamp=2018-06-07 10:46:00,622}, time=2018-06-07 10:46:00,622, operation=DefaultOperationId{id=write, type=COMMAND}, value=byte[]{length=17, hash=-1644578928}}
22:46:00.812 [raft-server-1] TRACE i.a.p.raft.roles.FollowerRole - RaftServer{1}{role=FOLLOWER} - Received AppendRequest{term=3, leader=2, prevLogIndex=60, prevLogTerm=3, entries=0, commitIndex=60}
22:46:00.812 [raft-server-2] TRACE i.a.p.raft.roles.LeaderAppender - RaftServer{2} - Received AppendResponse{status=OK, term=3, succeeded=true, lastLogIndex=60} from 3
22:46:00.813 [raft-server-1] TRACE i.a.p.raft.roles.FollowerRole - RaftServer{1}{role=FOLLOWER} - Sending AppendResponse{status=OK, term=3, succeeded=true, lastLogIndex=60}
22:46:00.813 [raft-server-2] TRACE i.a.p.raft.roles.LeaderAppender - RaftServer{2} - Sending AppendRequest{term=3, leader=2, prevLogIndex=60, prevLogTerm=3, entries=0, commitIndex=60} to 3
22:46:00.813 [raft-server-3] TRACE i.a.p.raft.roles.FollowerRole - RaftServer{3}{role=FOLLOWER} - Received AppendRequest{term=3, leader=2, prevLogIndex=60, prevLogTerm=3, entries=0, commitIndex=60}
22:46:00.813 [raft-server-2] TRACE i.a.p.raft.roles.LeaderAppender - RaftServer{2} - Received AppendResponse{status=OK, term=3, succeeded=true, lastLogIndex=60} from 1
22:46:00.813 [raft-server-3] TRACE i.a.p.raft.roles.FollowerRole - RaftServer{3}{role=FOLLOWER} - Sending AppendResponse{status=OK, term=3, succeeded=true, lastLogIndex=60}
22:46:00.813 [raft-client-4d6eb0c5-808f-4bee-91ae-78c435ccd24a-3] TRACE i.a.p.r.p.impl.RaftProxyConnection - PartitionProxy{2}{type=io.atomix.protocols.raft.RaftTest$TestPrimitiveType@35bfa1bb, name=raft-test} - Sending CommandRequest{session=2, sequence=38, operation=PrimitiveOperation{id=DefaultOperationId{id=write, type=COMMAND}, value=byte[]{length=17, hash=-1644578928}}} to 1
22:46:00.813 [raft-server-2] TRACE i.a.p.raft.roles.LeaderAppender - RaftServer{2} - Received AppendResponse{status=OK, term=3, succeeded=true, lastLogIndex=60} from 3
22:46:00.813 [raft-server-1] TRACE i.a.p.raft.roles.FollowerRole - RaftServer{1}{role=FOLLOWER} - Received CommandRequest{session=2, sequence=38, operation=PrimitiveOperation{id=DefaultOperationId{id=write, type=COMMAND}, value=byte[]{length=17, hash=-1644578928}}}
22:46:00.813 [raft-server-2] TRACE i.a.protocols.raft.roles.LeaderRole - RaftServer{2}{role=LEADER} - Received CommandRequest{session=2, sequence=38, operation=PrimitiveOperation{id=DefaultOperationId{id=write, type=COMMAND}, value=byte[]{length=17, hash=-1644578928}}}
22:46:00.912 [raft-server-2] DEBUG i.a.storage.journal.SegmentedJournal - Created disk segment: JournalSegment{id=7, version=1, index=61, size=64}
22:46:00.912 [raft-server-2] TRACE i.a.protocols.raft.roles.LeaderRole - RaftServer{2}{role=LEADER} - Appended Indexed{index=61, entry=CommandEntry{term=3, timestamp=2018-06-07 10:46:00,813, session=2, sequence=38, operation=PrimitiveOperation{id=DefaultOperationId{id=write, type=COMMAND}, value=byte[]{length=17, hash=-1644578928}}}}
22:46:00.912 [raft-server-2] TRACE i.a.p.raft.roles.LeaderAppender - RaftServer{2} - Sending AppendRequest{term=3, leader=2, prevLogIndex=60, prevLogTerm=3, entries=1, commitIndex=60} to 1
22:46:00.913 [raft-server-2] TRACE i.a.p.raft.roles.LeaderAppender - RaftServer{2} - Sending AppendRequest{term=3, leader=2, prevLogIndex=60, prevLogTerm=3, entries=1, commitIndex=60} to 3
22:46:00.913 [raft-server-3] TRACE i.a.p.raft.roles.FollowerRole - RaftServer{3}{role=FOLLOWER} - Received AppendRequest{term=3, leader=2, prevLogIndex=60, prevLogTerm=3, entries=1, commitIndex=60}
22:46:00.913 [raft-server-1] TRACE i.a.p.raft.roles.FollowerRole - RaftServer{1}{role=FOLLOWER} - Received AppendRequest{term=3, leader=2, prevLogIndex=60, prevLogTerm=3, entries=1, commitIndex=60}
22:46:00.953 [raft-server-1] DEBUG i.a.storage.journal.SegmentedJournal - Created disk segment: JournalSegment{id=7, version=1, index=61, size=64}
22:46:00.954 [raft-server-1] TRACE i.a.p.raft.roles.FollowerRole - RaftServer{1}{role=FOLLOWER} - Appended Indexed{index=61, entry=CommandEntry{term=3, timestamp=2018-06-07 10:46:00,813, session=2, sequence=38, operation=PrimitiveOperation{id=DefaultOperationId{id=write, type=COMMAND}, value=byte[]{length=17, hash=-1644578928}}}}
22:46:00.954 [raft-server-1] TRACE i.a.p.raft.roles.FollowerRole - RaftServer{1}{role=FOLLOWER} - Sending AppendResponse{status=OK, term=3, succeeded=true, lastLogIndex=61}
22:46:00.954 [raft-server-2] TRACE i.a.p.raft.roles.LeaderAppender - RaftServer{2} - Received AppendResponse{status=OK, term=3, succeeded=true, lastLogIndex=61} from 1
22:46:00.954 [raft-server-2] TRACE i.a.p.raft.roles.LeaderAppender - RaftServer{2} - Committed entries up to 61
22:46:00.978 [raft-server-3] DEBUG i.a.storage.journal.SegmentedJournal - Created disk segment: JournalSegment{id=7, version=1, index=61, size=64}
22:46:00.979 [raft-server-3] TRACE i.a.p.raft.roles.FollowerRole - RaftServer{3}{role=FOLLOWER} - Appended Indexed{index=61, entry=CommandEntry{term=3, timestamp=2018-06-07 10:46:00,813, session=2, sequence=38, operation=PrimitiveOperation{id=DefaultOperationId{id=write, type=COMMAND}, value=byte[]{length=17, hash=-1644578928}}}}
22:46:00.979 [raft-server-3] TRACE i.a.p.raft.roles.FollowerRole - RaftServer{3}{role=FOLLOWER} - Sending AppendResponse{status=OK, term=3, succeeded=true, lastLogIndex=61}
22:46:00.987 [raft-server-2] TRACE i.a.p.raft.roles.LeaderAppender - RaftServer{2} - Sending AppendRequest{term=3, leader=2, prevLogIndex=61, prevLogTerm=3, entries=0, commitIndex=61} to 1
22:46:00.987 [raft-server-2] TRACE i.a.p.raft.roles.LeaderAppender - RaftServer{2} - Received AppendResponse{status=OK, term=3, succeeded=true, lastLogIndex=61} from 3
22:46:00.987 [raft-server-1] TRACE i.a.p.raft.roles.FollowerRole - RaftServer{1}{role=FOLLOWER} - Received AppendRequest{term=3, leader=2, prevLogIndex=61, prevLogTerm=3, entries=0, commitIndex=61}
22:46:00.987 [raft-server-2] TRACE i.a.p.raft.roles.LeaderAppender - RaftServer{2} - Sending AppendRequest{term=3, leader=2, prevLogIndex=61, prevLogTerm=3, entries=0, commitIndex=61} to 3
22:46:00.987 [raft-server-3] TRACE i.a.p.raft.roles.FollowerRole - RaftServer{3}{role=FOLLOWER} - Received AppendRequest{term=3, leader=2, prevLogIndex=61, prevLogTerm=3, entries=0, commitIndex=61}
22:46:00.988 [raft-server-2-state] TRACE i.a.p.raft.impl.RaftServiceManager - RaftServer{2} - Applying Indexed{index=61, entry=CommandEntry{term=3, timestamp=2018-06-07 10:46:00,813, session=2, sequence=38, operation=PrimitiveOperation{id=DefaultOperationId{id=write, type=COMMAND}, value=byte[]{length=17, hash=-1644578928}}}}
22:46:00.988 [raft-server-2-state] TRACE i.a.p.s.impl.DefaultServiceExecutor - PrimitiveService{2}{type=io.atomix.protocols.raft.RaftTest$TestPrimitiveType@2fa5f551, name=raft-test} - Executing DefaultCommit{index=61, session=RaftSession{RaftServiceContext{server=2, type=io.atomix.protocols.raft.RaftTest$TestPrimitiveType@2fa5f551, name=raft-test, id=2}, session=2, timestamp=2018-06-07 10:46:00,813}, time=2018-06-07 10:46:00,813, operation=DefaultOperationId{id=write, type=COMMAND}, value=byte[]{length=17, hash=-1644578928}}
22:46:00.988 [raft-server-2-state] TRACE i.a.protocols.raft.roles.LeaderRole - RaftServer{2}{role=LEADER} - Sending CommandResponse{status=OK, index=61, eventIndex=2, result=byte[]{length=2, hash=1362}}
22:46:01.020 [raft-server-1] TRACE i.a.p.raft.roles.FollowerRole - RaftServer{1}{role=FOLLOWER} - Committed entries up to index 61
22:46:01.020 [raft-server-3] TRACE i.a.p.raft.roles.FollowerRole - RaftServer{3}{role=FOLLOWER} - Committed entries up to index 61
22:46:01.020 [raft-server-1] TRACE i.a.p.raft.roles.FollowerRole - RaftServer{1}{role=FOLLOWER} - Sending AppendResponse{status=OK, term=3, succeeded=true, lastLogIndex=61}
22:46:01.020 [raft-server-3] TRACE i.a.p.raft.roles.FollowerRole - RaftServer{3}{role=FOLLOWER} - Sending AppendResponse{status=OK, term=3, succeeded=true, lastLogIndex=61}
22:46:01.021 [raft-server-1] TRACE i.a.p.raft.roles.FollowerRole - RaftServer{1}{role=FOLLOWER} - Sending CommandResponse{status=OK, index=61, eventIndex=2, result=byte[]{length=2, hash=1362}}
22:46:01.021 [raft-server-2] TRACE i.a.p.raft.roles.LeaderAppender - RaftServer{2} - Received AppendResponse{status=OK, term=3, succeeded=true, lastLogIndex=61} from 1
22:46:01.021 [raft-server-3-state] TRACE i.a.p.raft.impl.RaftServiceManager - RaftServer{3} - Applying Indexed{index=61, entry=CommandEntry{term=3, timestamp=2018-06-07 10:46:00,813, session=2, sequence=38, operation=PrimitiveOperation{id=DefaultOperationId{id=write, type=COMMAND}, value=byte[]{length=17, hash=-1644578928}}}}
22:46:01.021 [raft-client-4d6eb0c5-808f-4bee-91ae-78c435ccd24a-4] TRACE i.a.p.r.p.impl.RaftProxyConnection - PartitionProxy{2}{type=io.atomix.protocols.raft.RaftTest$TestPrimitiveType@35bfa1bb, name=raft-test} - Received CommandResponse{status=OK, index=61, eventIndex=2, result=byte[]{length=2, hash=1362}} from 1
22:46:01.021 [raft-server-2] TRACE i.a.p.raft.roles.LeaderAppender - RaftServer{2} - Received AppendResponse{status=OK, term=3, succeeded=true, lastLogIndex=61} from 3
22:46:01.021 [raft-client-4d6eb0c5-808f-4bee-91ae-78c435ccd24a-4] TRACE i.a.p.r.p.impl.RaftProxySequencer - PartitionProxy{2}{type=io.atomix.protocols.raft.RaftTest$TestPrimitiveType@35bfa1bb, name=raft-test} - Completing response CommandResponse{status=OK, index=61, eventIndex=2, result=byte[]{length=2, hash=1362}}
22:46:01.021 [raft-server-3-state] TRACE i.a.p.s.impl.DefaultServiceExecutor - PrimitiveService{2}{type=io.atomix.protocols.raft.RaftTest$TestPrimitiveType@12cd62fc, name=raft-test} - Executing DefaultCommit{index=61, session=RaftSession{RaftServiceContext{server=3, type=io.atomix.protocols.raft.RaftTest$TestPrimitiveType@12cd62fc, name=raft-test, id=2}, session=2, timestamp=2018-06-07 10:46:00,813}, time=2018-06-07 10:46:00,813, operation=DefaultOperationId{id=write, type=COMMAND}, value=byte[]{length=17, hash=-1644578928}}
22:46:01.021 [raft-client-4d6eb0c5-808f-4bee-91ae-78c435ccd24a-6] TRACE i.a.p.r.p.impl.RaftProxyConnection - PartitionProxy{2}{type=io.atomix.protocols.raft.RaftTest$TestPrimitiveType@35bfa1bb, name=raft-test} - Sending CommandRequest{session=2, sequence=39, operation=PrimitiveOperation{id=DefaultOperationId{id=write, type=COMMAND}, value=byte[]{length=17, hash=-1644578928}}} to 1
22:46:01.021 [raft-server-1-state] TRACE i.a.p.raft.impl.RaftServiceManager - RaftServer{1} - Applying Indexed{index=61, entry=CommandEntry{term=3, timestamp=2018-06-07 10:46:00,813, session=2, sequence=38, operation=PrimitiveOperation{id=DefaultOperationId{id=write, type=COMMAND}, value=byte[]{length=17, hash=-1644578928}}}}
22:46:01.021 [raft-server-1] TRACE i.a.p.raft.roles.FollowerRole - RaftServer{1}{role=FOLLOWER} - Received CommandRequest{session=2, sequence=39, operation=PrimitiveOperation{id=DefaultOperationId{id=write, type=COMMAND}, value=byte[]{length=17, hash=-1644578928}}}
22:46:01.021 [raft-server-1-state] TRACE i.a.p.s.impl.DefaultServiceExecutor - PrimitiveService{2}{type=io.atomix.protocols.raft.RaftTest$TestPrimitiveType@54705ce8, name=raft-test} - Executing DefaultCommit{index=61, session=RaftSession{RaftServiceContext{server=1, type=io.atomix.protocols.raft.RaftTest$TestPrimitiveType@54705ce8, name=raft-test, id=2}, session=2, timestamp=2018-06-07 10:46:00,813}, time=2018-06-07 10:46:00,813, operation=DefaultOperationId{id=write, type=COMMAND}, value=byte[]{length=17, hash=-1644578928}}
22:46:01.022 [raft-server-2] TRACE i.a.protocols.raft.roles.LeaderRole - RaftServer{2}{role=LEADER} - Received CommandRequest{session=2, sequence=39, operation=PrimitiveOperation{id=DefaultOperationId{id=write, type=COMMAND}, value=byte[]{length=17, hash=-1644578928}}}
22:46:01.022 [raft-server-2] TRACE i.a.protocols.raft.roles.LeaderRole - RaftServer{2}{role=LEADER} - Appended Indexed{index=62, entry=CommandEntry{term=3, timestamp=2018-06-07 10:46:01,022, session=2, sequence=39, operation=PrimitiveOperation{id=DefaultOperationId{id=write, type=COMMAND}, value=byte[]{length=17, hash=-1644578928}}}}
22:46:01.022 [raft-server-2] TRACE i.a.p.raft.roles.LeaderAppender - RaftServer{2} - Sending AppendRequest{term=3, leader=2, prevLogIndex=61, prevLogTerm=3, entries=1, commitIndex=61} to 1
22:46:01.022 [raft-server-1] TRACE i.a.p.raft.roles.FollowerRole - RaftServer{1}{role=FOLLOWER} - Received AppendRequest{term=3, leader=2, prevLogIndex=61, prevLogTerm=3, entries=1, commitIndex=61}
22:46:01.022 [raft-server-2] TRACE i.a.p.raft.roles.LeaderAppender - RaftServer{2} - Sending AppendRequest{term=3, leader=2, prevLogIndex=61, prevLogTerm=3, entries=1, commitIndex=61} to 3
22:46:01.022 [raft-server-3] TRACE i.a.p.raft.roles.FollowerRole - RaftServer{3}{role=FOLLOWER} - Received AppendRequest{term=3, leader=2, prevLogIndex=61, prevLogTerm=3, entries=1, commitIndex=61}
22:46:01.022 [raft-server-1] TRACE i.a.p.raft.roles.FollowerRole - RaftServer{1}{role=FOLLOWER} - Appended Indexed{index=62, entry=CommandEntry{term=3, timestamp=2018-06-07 10:46:01,022, session=2, sequence=39, operation=PrimitiveOperation{id=DefaultOperationId{id=write, type=COMMAND}, value=byte[]{length=17, hash=-1644578928}}}}
22:46:01.022 [raft-server-1] TRACE i.a.p.raft.roles.FollowerRole - RaftServer{1}{role=FOLLOWER} - Sending AppendResponse{status=OK, term=3, succeeded=true, lastLogIndex=62}
22:46:01.022 [raft-server-2] TRACE i.a.p.raft.roles.LeaderAppender - RaftServer{2} - Received AppendResponse{status=OK, term=3, succeeded=true, lastLogIndex=62} from 1
22:46:01.022 [raft-server-3] TRACE i.a.p.raft.roles.FollowerRole - RaftServer{3}{role=FOLLOWER} - Appended Indexed{index=62, entry=CommandEntry{term=3, timestamp=2018-06-07 10:46:01,022, session=2, sequence=39, operation=PrimitiveOperation{id=DefaultOperationId{id=write, type=COMMAND}, value=byte[]{length=17, hash=-1644578928}}}}
22:46:01.023 [raft-server-2] TRACE i.a.p.raft.roles.LeaderAppender - RaftServer{2} - Committed entries up to 62
22:46:01.023 [raft-server-3] TRACE i.a.p.raft.roles.FollowerRole - RaftServer{3}{role=FOLLOWER} - Sending AppendResponse{status=OK, term=3, succeeded=true, lastLogIndex=62}
22:46:01.054 [raft-server-2] TRACE i.a.p.raft.roles.LeaderAppender - RaftServer{2} - Received AppendResponse{status=OK, term=3, succeeded=true, lastLogIndex=62} from 3
22:46:01.054 [raft-server-2-state] TRACE i.a.p.raft.impl.RaftServiceManager - RaftServer{2} - Applying Indexed{index=62, entry=CommandEntry{term=3, timestamp=2018-06-07 10:46:01,022, session=2, sequence=39, operation=PrimitiveOperation{id=DefaultOperationId{id=write, type=COMMAND}, value=byte[]{length=17, hash=-1644578928}}}}
22:46:01.054 [raft-server-2-state] TRACE i.a.p.s.impl.DefaultServiceExecutor - PrimitiveService{2}{type=io.atomix.protocols.raft.RaftTest$TestPrimitiveType@2fa5f551, name=raft-test} - Executing DefaultCommit{index=62, session=RaftSession{RaftServiceContext{server=2, type=io.atomix.protocols.raft.RaftTest$TestPrimitiveType@2fa5f551, name=raft-test, id=2}, session=2, timestamp=2018-06-07 10:46:01,022}, time=2018-06-07 10:46:01,022, operation=DefaultOperationId{id=write, type=COMMAND}, value=byte[]{length=17, hash=-1644578928}}
22:46:01.054 [raft-server-2-state] TRACE i.a.protocols.raft.roles.LeaderRole - RaftServer{2}{role=LEADER} - Sending CommandResponse{status=OK, index=62, eventIndex=2, result=byte[]{length=2, hash=1364}}
22:46:01.054 [raft-server-1] TRACE i.a.p.raft.roles.FollowerRole - RaftServer{1}{role=FOLLOWER} - Sending CommandResponse{status=OK, index=62, eventIndex=2, result=byte[]{length=2, hash=1364}}
22:46:01.055 [raft-client-4d6eb0c5-808f-4bee-91ae-78c435ccd24a-2] TRACE i.a.p.r.p.impl.RaftProxyConnection - PartitionProxy{2}{type=io.atomix.protocols.raft.RaftTest$TestPrimitiveType@35bfa1bb, name=raft-test} - Received CommandResponse{status=OK, index=62, eventIndex=2, result=byte[]{length=2, hash=1364}} from 1
22:46:01.055 [raft-client-4d6eb0c5-808f-4bee-91ae-78c435ccd24a-2] TRACE i.a.p.r.p.impl.RaftProxySequencer - PartitionProxy{2}{type=io.atomix.protocols.raft.RaftTest$TestPrimitiveType@35bfa1bb, name=raft-test} - Completing response CommandResponse{status=OK, index=62, eventIndex=2, result=byte[]{length=2, hash=1364}}
22:46:01.055 [raft-client-4d6eb0c5-808f-4bee-91ae-78c435ccd24a-2] TRACE i.a.p.r.p.impl.RaftProxyConnection - PartitionProxy{2}{type=io.atomix.protocols.raft.RaftTest$TestPrimitiveType@35bfa1bb, name=raft-test} - Sending CommandRequest{session=2, sequence=40, operation=PrimitiveOperation{id=DefaultOperationId{id=write, type=COMMAND}, value=byte[]{length=17, hash=-1644578928}}} to 1
22:46:01.055 [raft-server-1] TRACE i.a.p.raft.roles.FollowerRole - RaftServer{1}{role=FOLLOWER} - Received CommandRequest{session=2, sequence=40, operation=PrimitiveOperation{id=DefaultOperationId{id=write, type=COMMAND}, value=byte[]{length=17, hash=-1644578928}}}
22:46:01.055 [raft-server-2] TRACE i.a.protocols.raft.roles.LeaderRole - RaftServer{2}{role=LEADER} - Received CommandRequest{session=2, sequence=40, operation=PrimitiveOperation{id=DefaultOperationId{id=write, type=COMMAND}, value=byte[]{length=17, hash=-1644578928}}}
22:46:01.056 [raft-server-2] TRACE i.a.protocols.raft.roles.LeaderRole - RaftServer{2}{role=LEADER} - Appended Indexed{index=63, entry=CommandEntry{term=3, timestamp=2018-06-07 10:46:01,055, session=2, sequence=40, operation=PrimitiveOperation{id=DefaultOperationId{id=write, type=COMMAND}, value=byte[]{length=17, hash=-1644578928}}}}
22:46:01.056 [raft-server-2] TRACE i.a.p.raft.roles.LeaderAppender - RaftServer{2} - Sending AppendRequest{term=3, leader=2, prevLogIndex=62, prevLogTerm=3, entries=1, commitIndex=62} to 1
22:46:01.056 [raft-server-1] TRACE i.a.p.raft.roles.FollowerRole - RaftServer{1}{role=FOLLOWER} - Received AppendRequest{term=3, leader=2, prevLogIndex=62, prevLogTerm=3, entries=1, commitIndex=62}
22:46:01.056 [raft-server-2] TRACE i.a.p.raft.roles.LeaderAppender - RaftServer{2} - Sending AppendRequest{term=3, leader=2, prevLogIndex=62, prevLogTerm=3, entries=1, commitIndex=62} to 3
22:46:01.056 [raft-server-3] TRACE i.a.p.raft.roles.FollowerRole - RaftServer{3}{role=FOLLOWER} - Received AppendRequest{term=3, leader=2, prevLogIndex=62, prevLogTerm=3, entries=1, commitIndex=62}
22:46:01.056 [raft-server-1] TRACE i.a.p.raft.roles.FollowerRole - RaftServer{1}{role=FOLLOWER} - Appended Indexed{index=63, entry=CommandEntry{term=3, timestamp=2018-06-07 10:46:01,055, session=2, sequence=40, operation=PrimitiveOperation{id=DefaultOperationId{id=write, type=COMMAND}, value=byte[]{length=17, hash=-1644578928}}}}
22:46:01.056 [raft-server-3] TRACE i.a.p.raft.roles.FollowerRole - RaftServer{3}{role=FOLLOWER} - Appended Indexed{index=63, entry=CommandEntry{term=3, timestamp=2018-06-07 10:46:01,055, session=2, sequence=40, operation=PrimitiveOperation{id=DefaultOperationId{id=write, type=COMMAND}, value=byte[]{length=17, hash=-1644578928}}}}
22:46:01.094 [raft-server-1] TRACE i.a.p.raft.roles.FollowerRole - RaftServer{1}{role=FOLLOWER} - Committed entries up to index 62
22:46:01.094 [raft-server-3] TRACE i.a.p.raft.roles.FollowerRole - RaftServer{3}{role=FOLLOWER} - Committed entries up to index 62
22:46:01.094 [raft-server-1] TRACE i.a.p.raft.roles.FollowerRole - RaftServer{1}{role=FOLLOWER} - Sending AppendResponse{status=OK, term=3, succeeded=true, lastLogIndex=63}
22:46:01.094 [raft-server-3] TRACE i.a.p.raft.roles.FollowerRole - RaftServer{3}{role=FOLLOWER} - Sending AppendResponse{status=OK, term=3, succeeded=true, lastLogIndex=63}
22:46:01.094 [raft-server-2] TRACE i.a.p.raft.roles.LeaderAppender - RaftServer{2} - Received AppendResponse{status=OK, term=3, succeeded=true, lastLogIndex=63} from 3
22:46:01.094 [raft-server-2] TRACE i.a.p.raft.roles.LeaderAppender - RaftServer{2} - Committed entries up to 63
22:46:01.094 [raft-server-3-state] TRACE i.a.p.raft.impl.RaftServiceManager - RaftServer{3} - Applying Indexed{index=62, entry=CommandEntry{term=3, timestamp=2018-06-07 10:46:01,022, session=2, sequence=39, operation=PrimitiveOperation{id=DefaultOperationId{id=write, type=COMMAND}, value=byte[]{length=17, hash=-1644578928}}}}
22:46:01.094 [raft-server-1-state] TRACE i.a.p.raft.impl.RaftServiceManager - RaftServer{1} - Applying Indexed{index=62, entry=CommandEntry{term=3, timestamp=2018-06-07 10:46:01,022, session=2, sequence=39, operation=PrimitiveOperation{id=DefaultOperationId{id=write, type=COMMAND}, value=byte[]{length=17, hash=-1644578928}}}}
22:46:01.095 [raft-server-3-state] TRACE i.a.p.s.impl.DefaultServiceExecutor - PrimitiveService{2}{type=io.atomix.protocols.raft.RaftTest$TestPrimitiveType@12cd62fc, name=raft-test} - Executing DefaultCommit{index=62, session=RaftSession{RaftServiceContext{server=3, type=io.atomix.protocols.raft.RaftTest$TestPrimitiveType@12cd62fc, name=raft-test, id=2}, session=2, timestamp=2018-06-07 10:46:01,022}, time=2018-06-07 10:46:01,022, operation=DefaultOperationId{id=write, type=COMMAND}, value=byte[]{length=17, hash=-1644578928}}
22:46:01.095 [raft-server-1-state] TRACE i.a.p.s.impl.DefaultServiceExecutor - PrimitiveService{2}{type=io.atomix.protocols.raft.RaftTest$TestPrimitiveType@54705ce8, name=raft-test} - Executing DefaultCommit{index=62, session=RaftSession{RaftServiceContext{server=1, type=io.atomix.protocols.raft.RaftTest$TestPrimitiveType@54705ce8, name=raft-test, id=2}, session=2, timestamp=2018-06-07 10:46:01,022}, time=2018-06-07 10:46:01,022, operation=DefaultOperationId{id=write, type=COMMAND}, value=byte[]{length=17, hash=-1644578928}}
22:46:01.119 [raft-server-2] TRACE i.a.p.raft.roles.LeaderAppender - RaftServer{2} - Received AppendResponse{status=OK, term=3, succeeded=true, lastLogIndex=63} from 1
22:46:01.119 [raft-server-2-state] TRACE i.a.p.raft.impl.RaftServiceManager - RaftServer{2} - Applying Indexed{index=63, entry=CommandEntry{term=3, timestamp=2018-06-07 10:46:01,055, session=2, sequence=40, operation=PrimitiveOperation{id=DefaultOperationId{id=write, type=COMMAND}, value=byte[]{length=17, hash=-1644578928}}}}
22:46:01.120 [raft-server-2-state] TRACE i.a.p.s.impl.DefaultServiceExecutor - PrimitiveService{2}{type=io.atomix.protocols.raft.RaftTest$TestPrimitiveType@2fa5f551, name=raft-test} - Executing DefaultCommit{index=63, session=RaftSession{RaftServiceContext{server=2, type=io.atomix.protocols.raft.RaftTest$TestPrimitiveType@2fa5f551, name=raft-test, id=2}, session=2, timestamp=2018-06-07 10:46:01,055}, time=2018-06-07 10:46:01,055, operation=DefaultOperationId{id=write, type=COMMAND}, value=byte[]{length=17, hash=-1644578928}}
22:46:01.120 [raft-server-2-state] TRACE i.a.protocols.raft.roles.LeaderRole - RaftServer{2}{role=LEADER} - Sending CommandResponse{status=OK, index=63, eventIndex=2, result=byte[]{length=2, hash=1366}}
22:46:01.120 [raft-server-1] TRACE i.a.p.raft.roles.FollowerRole - RaftServer{1}{role=FOLLOWER} - Sending CommandResponse{status=OK, index=63, eventIndex=2, result=byte[]{length=2, hash=1366}}
22:46:01.120 [raft-client-4d6eb0c5-808f-4bee-91ae-78c435ccd24a-5] TRACE i.a.p.r.p.impl.RaftProxyConnection - PartitionProxy{2}{type=io.atomix.protocols.raft.RaftTest$TestPrimitiveType@35bfa1bb, name=raft-test} - Received CommandResponse{status=OK, index=63, eventIndex=2, result=byte[]{length=2, hash=1366}} from 1
22:46:01.120 [raft-client-4d6eb0c5-808f-4bee-91ae-78c435ccd24a-5] TRACE i.a.p.r.p.impl.RaftProxySequencer - PartitionProxy{2}{type=io.atomix.protocols.raft.RaftTest$TestPrimitiveType@35bfa1bb, name=raft-test} - Completing response CommandResponse{status=OK, index=63, eventIndex=2, result=byte[]{length=2, hash=1366}}
22:46:01.121 [raft-client-4d6eb0c5-808f-4bee-91ae-78c435ccd24a-5] TRACE i.a.p.r.p.impl.RaftProxyConnection - PartitionProxy{2}{type=io.atomix.protocols.raft.RaftTest$TestPrimitiveType@35bfa1bb, name=raft-test} - Sending CommandRequest{session=2, sequence=41, operation=PrimitiveOperation{id=DefaultOperationId{id=write, type=COMMAND}, value=byte[]{length=17, hash=-1644578928}}} to 1
22:46:01.121 [raft-server-1] TRACE i.a.p.raft.roles.FollowerRole - RaftServer{1}{role=FOLLOWER} - Received CommandRequest{session=2, sequence=41, operation=PrimitiveOperation{id=DefaultOperationId{id=write, type=COMMAND}, value=byte[]{length=17, hash=-1644578928}}}
22:46:01.121 [raft-server-2] TRACE i.a.protocols.raft.roles.LeaderRole - RaftServer{2}{role=LEADER} - Received CommandRequest{session=2, sequence=41, operation=PrimitiveOperation{id=DefaultOperationId{id=write, type=COMMAND}, value=byte[]{length=17, hash=-1644578928}}}
22:46:01.121 [raft-server-2] TRACE i.a.protocols.raft.roles.LeaderRole - RaftServer{2}{role=LEADER} - Appended Indexed{index=64, entry=CommandEntry{term=3, timestamp=2018-06-07 10:46:01,121, session=2, sequence=41, operation=PrimitiveOperation{id=DefaultOperationId{id=write, type=COMMAND}, value=byte[]{length=17, hash=-1644578928}}}}
22:46:01.122 [raft-server-2] TRACE i.a.p.raft.roles.LeaderAppender - RaftServer{2} - Sending AppendRequest{term=3, leader=2, prevLogIndex=63, prevLogTerm=3, entries=1, commitIndex=63} to 1
22:46:01.122 [raft-server-2] TRACE i.a.p.raft.roles.LeaderAppender - RaftServer{2} - Sending AppendRequest{term=3, leader=2, prevLogIndex=63, prevLogTerm=3, entries=1, commitIndex=63} to 3
22:46:01.122 [raft-server-1] TRACE i.a.p.raft.roles.FollowerRole - RaftServer{1}{role=FOLLOWER} - Received AppendRequest{term=3, leader=2, prevLogIndex=63, prevLogTerm=3, entries=1, commitIndex=63}
22:46:01.122 [raft-server-3] TRACE i.a.p.raft.roles.FollowerRole - RaftServer{3}{role=FOLLOWER} - Received AppendRequest{term=3, leader=2, prevLogIndex=63, prevLogTerm=3, entries=1, commitIndex=63}
22:46:01.122 [raft-server-1] TRACE i.a.p.raft.roles.FollowerRole - RaftServer{1}{role=FOLLOWER} - Appended Indexed{index=64, entry=CommandEntry{term=3, timestamp=2018-06-07 10:46:01,121, session=2, sequence=41, operation=PrimitiveOperation{id=DefaultOperationId{id=write, type=COMMAND}, value=byte[]{length=17, hash=-1644578928}}}}
22:46:01.122 [raft-server-3] TRACE i.a.p.raft.roles.FollowerRole - RaftServer{3}{role=FOLLOWER} - Appended Indexed{index=64, entry=CommandEntry{term=3, timestamp=2018-06-07 10:46:01,121, session=2, sequence=41, operation=PrimitiveOperation{id=DefaultOperationId{id=write, type=COMMAND}, value=byte[]{length=17, hash=-1644578928}}}}
22:46:01.153 [raft-server-1] TRACE i.a.p.raft.roles.FollowerRole - RaftServer{1}{role=FOLLOWER} - Committed entries up to index 63
22:46:01.154 [raft-server-1] TRACE i.a.p.raft.roles.FollowerRole - RaftServer{1}{role=FOLLOWER} - Sending AppendResponse{status=OK, term=3, succeeded=true, lastLogIndex=64}
22:46:01.154 [raft-server-3] TRACE i.a.p.raft.roles.FollowerRole - RaftServer{3}{role=FOLLOWER} - Committed entries up to index 63
22:46:01.154 [raft-server-3] TRACE i.a.p.raft.roles.FollowerRole - RaftServer{3}{role=FOLLOWER} - Sending AppendResponse{status=OK, term=3, succeeded=true, lastLogIndex=64}
22:46:01.154 [raft-server-1-state] TRACE i.a.p.raft.impl.RaftServiceManager - RaftServer{1} - Applying Indexed{index=63, entry=CommandEntry{term=3, timestamp=2018-06-07 10:46:01,055, session=2, sequence=40, operation=PrimitiveOperation{id=DefaultOperationId{id=write, type=COMMAND}, value=byte[]{length=17, hash=-1644578928}}}}
22:46:01.154 [raft-server-3-state] TRACE i.a.p.raft.impl.RaftServiceManager - RaftServer{3} - Applying Indexed{index=63, entry=CommandEntry{term=3, timestamp=2018-06-07 10:46:01,055, session=2, sequence=40, operation=PrimitiveOperation{id=DefaultOperationId{id=write, type=COMMAND}, value=byte[]{length=17, hash=-1644578928}}}}
22:46:01.154 [raft-server-1-state] TRACE i.a.p.s.impl.DefaultServiceExecutor - PrimitiveService{2}{type=io.atomix.protocols.raft.RaftTest$TestPrimitiveType@54705ce8, name=raft-test} - Executing DefaultCommit{index=63, session=RaftSession{RaftServiceContext{server=1, type=io.atomix.protocols.raft.RaftTest$TestPrimitiveType@54705ce8, name=raft-test, id=2}, session=2, timestamp=2018-06-07 10:46:01,055}, time=2018-06-07 10:46:01,055, operation=DefaultOperationId{id=write, type=COMMAND}, value=byte[]{length=17, hash=-1644578928}}
22:46:01.154 [raft-server-2] TRACE i.a.p.raft.roles.LeaderAppender - RaftServer{2} - Received AppendResponse{status=OK, term=3, succeeded=true, lastLogIndex=64} from 1
22:46:01.154 [raft-server-3-state] TRACE i.a.p.s.impl.DefaultServiceExecutor - PrimitiveService{2}{type=io.atomix.protocols.raft.RaftTest$TestPrimitiveType@12cd62fc, name=raft-test} - Executing DefaultCommit{index=63, session=RaftSession{RaftServiceContext{server=3, type=io.atomix.protocols.raft.RaftTest$TestPrimitiveType@12cd62fc, name=raft-test, id=2}, session=2, timestamp=2018-06-07 10:46:01,055}, time=2018-06-07 10:46:01,055, operation=DefaultOperationId{id=write, type=COMMAND}, value=byte[]{length=17, hash=-1644578928}}
22:46:01.154 [raft-server-2] TRACE i.a.p.raft.roles.LeaderAppender - RaftServer{2} - Committed entries up to 64
22:46:01.177 [raft-server-2] TRACE i.a.p.raft.roles.LeaderAppender - RaftServer{2} - Received AppendResponse{status=OK, term=3, succeeded=true, lastLogIndex=64} from 3
22:46:01.178 [raft-server-2-state] TRACE i.a.p.raft.impl.RaftServiceManager - RaftServer{2} - Applying Indexed{index=64, entry=CommandEntry{term=3, timestamp=2018-06-07 10:46:01,121, session=2, sequence=41, operation=PrimitiveOperation{id=DefaultOperationId{id=write, type=COMMAND}, value=byte[]{length=17, hash=-1644578928}}}}
22:46:01.178 [raft-server-2-state] TRACE i.a.p.s.impl.DefaultServiceExecutor - PrimitiveService{2}{type=io.atomix.protocols.raft.RaftTest$TestPrimitiveType@2fa5f551, name=raft-test} - Executing DefaultCommit{index=64, session=RaftSession{RaftServiceContext{server=2, type=io.atomix.protocols.raft.RaftTest$TestPrimitiveType@2fa5f551, name=raft-test, id=2}, session=2, timestamp=2018-06-07 10:46:01,121}, time=2018-06-07 10:46:01,121, operation=DefaultOperationId{id=write, type=COMMAND}, value=byte[]{length=17, hash=-1644578928}}
22:46:01.178 [raft-server-2-state] TRACE i.a.protocols.raft.roles.LeaderRole - RaftServer{2}{role=LEADER} - Sending CommandResponse{status=OK, index=64, eventIndex=2, result=byte[]{length=3, hash=34473}}
22:46:01.178 [raft-server-1] TRACE i.a.p.raft.roles.FollowerRole - RaftServer{1}{role=FOLLOWER} - Sending CommandResponse{status=OK, index=64, eventIndex=2, result=byte[]{length=3, hash=34473}}
22:46:01.178 [raft-client-4d6eb0c5-808f-4bee-91ae-78c435ccd24a-4] TRACE i.a.p.r.p.impl.RaftProxyConnection - PartitionProxy{2}{type=io.atomix.protocols.raft.RaftTest$TestPrimitiveType@35bfa1bb, name=raft-test} - Received CommandResponse{status=OK, index=64, eventIndex=2, result=byte[]{length=3, hash=34473}} from 1
22:46:01.179 [raft-client-4d6eb0c5-808f-4bee-91ae-78c435ccd24a-4] TRACE i.a.p.r.p.impl.RaftProxySequencer - PartitionProxy{2}{type=io.atomix.protocols.raft.RaftTest$TestPrimitiveType@35bfa1bb, name=raft-test} - Completing response CommandResponse{status=OK, index=64, eventIndex=2, result=byte[]{length=3, hash=34473}}
22:46:01.179 [raft-client-4d6eb0c5-808f-4bee-91ae-78c435ccd24a-3] TRACE i.a.p.r.p.impl.RaftProxyConnection - PartitionProxy{2}{type=io.atomix.protocols.raft.RaftTest$TestPrimitiveType@35bfa1bb, name=raft-test} - Sending CommandRequest{session=2, sequence=42, operation=PrimitiveOperation{id=DefaultOperationId{id=write, type=COMMAND}, value=byte[]{length=17, hash=-1644578928}}} to 1
22:46:01.179 [raft-server-1] TRACE i.a.p.raft.roles.FollowerRole - RaftServer{1}{role=FOLLOWER} - Received CommandRequest{session=2, sequence=42, operation=PrimitiveOperation{id=DefaultOperationId{id=write, type=COMMAND}, value=byte[]{length=17, hash=-1644578928}}}
22:46:01.179 [raft-server-2] TRACE i.a.protocols.raft.roles.LeaderRole - RaftServer{2}{role=LEADER} - Received CommandRequest{session=2, sequence=42, operation=PrimitiveOperation{id=DefaultOperationId{id=write, type=COMMAND}, value=byte[]{length=17, hash=-1644578928}}}
22:46:01.179 [raft-server-2] TRACE i.a.protocols.raft.roles.LeaderRole - RaftServer{2}{role=LEADER} - Appended Indexed{index=65, entry=CommandEntry{term=3, timestamp=2018-06-07 10:46:01,179, session=2, sequence=42, operation=PrimitiveOperation{id=DefaultOperationId{id=write, type=COMMAND}, value=byte[]{length=17, hash=-1644578928}}}}
22:46:01.180 [raft-server-2] TRACE i.a.p.raft.roles.LeaderAppender - RaftServer{2} - Sending AppendRequest{term=3, leader=2, prevLogIndex=64, prevLogTerm=3, entries=1, commitIndex=64} to 1
22:46:01.180 [raft-server-2] TRACE i.a.p.raft.roles.LeaderAppender - RaftServer{2} - Sending AppendRequest{term=3, leader=2, prevLogIndex=64, prevLogTerm=3, entries=1, commitIndex=64} to 3
22:46:01.180 [raft-server-1] TRACE i.a.p.raft.roles.FollowerRole - RaftServer{1}{role=FOLLOWER} - Received AppendRequest{term=3, leader=2, prevLogIndex=64, prevLogTerm=3, entries=1, commitIndex=64}
22:46:01.180 [raft-server-1] TRACE i.a.p.raft.roles.FollowerRole - RaftServer{1}{role=FOLLOWER} - Appended Indexed{index=65, entry=CommandEntry{term=3, timestamp=2018-06-07 10:46:01,179, session=2, sequence=42, operation=PrimitiveOperation{id=DefaultOperationId{id=write, type=COMMAND}, value=byte[]{length=17, hash=-1644578928}}}}
22:46:01.180 [raft-server-3] TRACE i.a.p.raft.roles.FollowerRole - RaftServer{3}{role=FOLLOWER} - Received AppendRequest{term=3, leader=2, prevLogIndex=64, prevLogTerm=3, entries=1, commitIndex=64}
22:46:01.181 [raft-server-3] TRACE i.a.p.raft.roles.FollowerRole - RaftServer{3}{role=FOLLOWER} - Appended Indexed{index=65, entry=CommandEntry{term=3, timestamp=2018-06-07 10:46:01,179, session=2, sequence=42, operation=PrimitiveOperation{id=DefaultOperationId{id=write, type=COMMAND}, value=byte[]{length=17, hash=-1644578928}}}}
22:46:01.212 [raft-server-1] TRACE i.a.p.raft.roles.FollowerRole - RaftServer{1}{role=FOLLOWER} - Committed entries up to index 64
22:46:01.212 [raft-server-3] TRACE i.a.p.raft.roles.FollowerRole - RaftServer{3}{role=FOLLOWER} - Committed entries up to index 64
22:46:01.212 [raft-server-1] TRACE i.a.p.raft.roles.FollowerRole - RaftServer{1}{role=FOLLOWER} - Sending AppendResponse{status=OK, term=3, succeeded=true, lastLogIndex=65}
22:46:01.212 [raft-server-3] TRACE i.a.p.raft.roles.FollowerRole - RaftServer{3}{role=FOLLOWER} - Sending AppendResponse{status=OK, term=3, succeeded=true, lastLogIndex=65}
22:46:01.212 [raft-server-2] TRACE i.a.p.raft.roles.LeaderAppender - RaftServer{2} - Received AppendResponse{status=OK, term=3, succeeded=true, lastLogIndex=65} from 1
22:46:01.212 [raft-server-2] TRACE i.a.p.raft.roles.LeaderAppender - RaftServer{2} - Committed entries up to 65
22:46:01.212 [raft-server-3-state] TRACE i.a.p.raft.impl.RaftServiceManager - RaftServer{3} - Applying Indexed{index=64, entry=CommandEntry{term=3, timestamp=2018-06-07 10:46:01,121, session=2, sequence=41, operation=PrimitiveOperation{id=DefaultOperationId{id=write, type=COMMAND}, value=byte[]{length=17, hash=-1644578928}}}}
22:46:01.212 [raft-server-1-state] TRACE i.a.p.raft.impl.RaftServiceManager - RaftServer{1} - Applying Indexed{index=64, entry=CommandEntry{term=3, timestamp=2018-06-07 10:46:01,121, session=2, sequence=41, operation=PrimitiveOperation{id=DefaultOperationId{id=write, type=COMMAND}, value=byte[]{length=17, hash=-1644578928}}}}
22:46:01.212 [raft-server-3-state] TRACE i.a.p.s.impl.DefaultServiceExecutor - PrimitiveService{2}{type=io.atomix.protocols.raft.RaftTest$TestPrimitiveType@12cd62fc, name=raft-test} - Executing DefaultCommit{index=64, session=RaftSession{RaftServiceContext{server=3, type=io.atomix.protocols.raft.RaftTest$TestPrimitiveType@12cd62fc, name=raft-test, id=2}, session=2, timestamp=2018-06-07 10:46:01,121}, time=2018-06-07 10:46:01,121, operation=DefaultOperationId{id=write, type=COMMAND}, value=byte[]{length=17, hash=-1644578928}}
22:46:01.212 [raft-server-1-state] TRACE i.a.p.s.impl.DefaultServiceExecutor - PrimitiveService{2}{type=io.atomix.protocols.raft.RaftTest$TestPrimitiveType@54705ce8, name=raft-test} - Executing DefaultCommit{index=64, session=RaftSession{RaftServiceContext{server=1, type=io.atomix.protocols.raft.RaftTest$TestPrimitiveType@54705ce8, name=raft-test, id=2}, session=2, timestamp=2018-06-07 10:46:01,121}, time=2018-06-07 10:46:01,121, operation=DefaultOperationId{id=write, type=COMMAND}, value=byte[]{length=17, hash=-1644578928}}
22:46:01.244 [raft-server-2] TRACE i.a.p.raft.roles.LeaderAppender - RaftServer{2} - Sending AppendRequest{term=3, leader=2, prevLogIndex=65, prevLogTerm=3, entries=0, commitIndex=65} to 1
22:46:01.244 [raft-server-2] TRACE i.a.p.raft.roles.LeaderAppender - RaftServer{2} - Received AppendResponse{status=OK, term=3, succeeded=true, lastLogIndex=65} from 3
22:46:01.244 [raft-server-1] TRACE i.a.p.raft.roles.FollowerRole - RaftServer{1}{role=FOLLOWER} - Received AppendRequest{term=3, leader=2, prevLogIndex=65, prevLogTerm=3, entries=0, commitIndex=65}
22:46:01.244 [raft-server-1] TRACE i.a.p.raft.roles.FollowerRole - RaftServer{1}{role=FOLLOWER} - Committed entries up to index 65
22:46:01.244 [raft-server-2] TRACE i.a.p.raft.roles.LeaderAppender - RaftServer{2} - Sending AppendRequest{term=3, leader=2, prevLogIndex=65, prevLogTerm=3, entries=0, commitIndex=65} to 3
22:46:01.244 [raft-server-1] TRACE i.a.p.raft.roles.FollowerRole - RaftServer{1}{role=FOLLOWER} - Sending AppendResponse{status=OK, term=3, succeeded=true, lastLogIndex=65}
22:46:01.245 [raft-server-3] TRACE i.a.p.raft.roles.FollowerRole - RaftServer{3}{role=FOLLOWER} - Received AppendRequest{term=3, leader=2, prevLogIndex=65, prevLogTerm=3, entries=0, commitIndex=65}
22:46:01.245 [raft-server-2] TRACE i.a.p.raft.roles.LeaderAppender - RaftServer{2} - Received AppendResponse{status=OK, term=3, succeeded=true, lastLogIndex=65} from 1
22:46:01.245 [raft-server-1-state] TRACE i.a.p.raft.impl.RaftServiceManager - RaftServer{1} - Applying Indexed{index=65, entry=CommandEntry{term=3, timestamp=2018-06-07 10:46:01,179, session=2, sequence=42, operation=PrimitiveOperation{id=DefaultOperationId{id=write, type=COMMAND}, value=byte[]{length=17, hash=-1644578928}}}}
22:46:01.245 [raft-server-2-state] TRACE i.a.p.raft.impl.RaftServiceManager - RaftServer{2} - Applying Indexed{index=65, entry=CommandEntry{term=3, timestamp=2018-06-07 10:46:01,179, session=2, sequence=42, operation=PrimitiveOperation{id=DefaultOperationId{id=write, type=COMMAND}, value=byte[]{length=17, hash=-1644578928}}}}
22:46:01.245 [raft-server-1-state] TRACE i.a.p.s.impl.DefaultServiceExecutor - PrimitiveService{2}{type=io.atomix.protocols.raft.RaftTest$TestPrimitiveType@54705ce8, name=raft-test} - Executing DefaultCommit{index=65, session=RaftSession{RaftServiceContext{server=1, type=io.atomix.protocols.raft.RaftTest$TestPrimitiveType@54705ce8, name=raft-test, id=2}, session=2, timestamp=2018-06-07 10:46:01,179}, time=2018-06-07 10:46:01,179, operation=DefaultOperationId{id=write, type=COMMAND}, value=byte[]{length=17, hash=-1644578928}}
22:46:01.245 [raft-server-2-state] TRACE i.a.p.s.impl.DefaultServiceExecutor - PrimitiveService{2}{type=io.atomix.protocols.raft.RaftTest$TestPrimitiveType@2fa5f551, name=raft-test} - Executing DefaultCommit{index=65, session=RaftSession{RaftServiceContext{server=2, type=io.atomix.protocols.raft.RaftTest$TestPrimitiveType@2fa5f551, name=raft-test, id=2}, session=2, timestamp=2018-06-07 10:46:01,179}, time=2018-06-07 10:46:01,179, operation=DefaultOperationId{id=write, type=COMMAND}, value=byte[]{length=17, hash=-1644578928}}
22:46:01.245 [raft-server-2-state] TRACE i.a.protocols.raft.roles.LeaderRole - RaftServer{2}{role=LEADER} - Sending CommandResponse{status=OK, index=65, eventIndex=2, result=byte[]{length=3, hash=34535}}
22:46:01.245 [raft-server-1] TRACE i.a.p.raft.roles.FollowerRole - RaftServer{1}{role=FOLLOWER} - Sending CommandResponse{status=OK, index=65, eventIndex=2, result=byte[]{length=3, hash=34535}}
22:46:01.245 [raft-client-4d6eb0c5-808f-4bee-91ae-78c435ccd24a-0] TRACE i.a.p.r.p.impl.RaftProxyConnection - PartitionProxy{2}{type=io.atomix.protocols.raft.RaftTest$TestPrimitiveType@35bfa1bb, name=raft-test} - Received CommandResponse{status=OK, index=65, eventIndex=2, result=byte[]{length=3, hash=34535}} from 1
22:46:01.245 [raft-client-4d6eb0c5-808f-4bee-91ae-78c435ccd24a-0] TRACE i.a.p.r.p.impl.RaftProxySequencer - PartitionProxy{2}{type=io.atomix.protocols.raft.RaftTest$TestPrimitiveType@35bfa1bb, name=raft-test} - Completing response CommandResponse{status=OK, index=65, eventIndex=2, result=byte[]{length=3, hash=34535}}
22:46:01.246 [raft-client-4d6eb0c5-808f-4bee-91ae-78c435ccd24a-6] TRACE i.a.p.r.p.impl.RaftProxyConnection - PartitionProxy{2}{type=io.atomix.protocols.raft.RaftTest$TestPrimitiveType@35bfa1bb, name=raft-test} - Sending CommandRequest{session=2, sequence=43, operation=PrimitiveOperation{id=DefaultOperationId{id=write, type=COMMAND}, value=byte[]{length=17, hash=-1644578928}}} to 1
22:46:01.246 [raft-server-1] TRACE i.a.p.raft.roles.FollowerRole - RaftServer{1}{role=FOLLOWER} - Received CommandRequest{session=2, sequence=43, operation=PrimitiveOperation{id=DefaultOperationId{id=write, type=COMMAND}, value=byte[]{length=17, hash=-1644578928}}}
22:46:01.246 [raft-server-2] TRACE i.a.protocols.raft.roles.LeaderRole - RaftServer{2}{role=LEADER} - Received CommandRequest{session=2, sequence=43, operation=PrimitiveOperation{id=DefaultOperationId{id=write, type=COMMAND}, value=byte[]{length=17, hash=-1644578928}}}
22:46:01.246 [raft-server-2] TRACE i.a.protocols.raft.roles.LeaderRole - RaftServer{2}{role=LEADER} - Appended Indexed{index=66, entry=CommandEntry{term=3, timestamp=2018-06-07 10:46:01,246, session=2, sequence=43, operation=PrimitiveOperation{id=DefaultOperationId{id=write, type=COMMAND}, value=byte[]{length=17, hash=-1644578928}}}}
22:46:01.246 [raft-server-2] TRACE i.a.p.raft.roles.LeaderAppender - RaftServer{2} - Sending AppendRequest{term=3, leader=2, prevLogIndex=65, prevLogTerm=3, entries=1, commitIndex=65} to 1
22:46:01.247 [raft-server-1] TRACE i.a.p.raft.roles.FollowerRole - RaftServer{1}{role=FOLLOWER} - Received AppendRequest{term=3, leader=2, prevLogIndex=65, prevLogTerm=3, entries=1, commitIndex=65}
22:46:01.247 [raft-server-1] TRACE i.a.p.raft.roles.FollowerRole - RaftServer{1}{role=FOLLOWER} - Appended Indexed{index=66, entry=CommandEntry{term=3, timestamp=2018-06-07 10:46:01,246, session=2, sequence=43, operation=PrimitiveOperation{id=DefaultOperationId{id=write, type=COMMAND}, value=byte[]{length=17, hash=-1644578928}}}}
22:46:01.247 [raft-server-1] TRACE i.a.p.raft.roles.FollowerRole - RaftServer{1}{role=FOLLOWER} - Sending AppendResponse{status=OK, term=3, succeeded=true, lastLogIndex=66}
22:46:01.247 [raft-server-2] TRACE i.a.p.raft.roles.LeaderAppender - RaftServer{2} - Received AppendResponse{status=OK, term=3, succeeded=true, lastLogIndex=66} from 1
22:46:01.247 [raft-server-2] TRACE i.a.p.raft.roles.LeaderAppender - RaftServer{2} - Committed entries up to 66
22:46:01.272 [raft-server-3] TRACE i.a.p.raft.roles.FollowerRole - RaftServer{3}{role=FOLLOWER} - Committed entries up to index 65
22:46:01.273 [raft-server-3] TRACE i.a.p.raft.roles.FollowerRole - RaftServer{3}{role=FOLLOWER} - Sending AppendResponse{status=OK, term=3, succeeded=true, lastLogIndex=65}
22:46:01.273 [raft-server-3-state] TRACE i.a.p.raft.impl.RaftServiceManager - RaftServer{3} - Applying Indexed{index=65, entry=CommandEntry{term=3, timestamp=2018-06-07 10:46:01,179, session=2, sequence=42, operation=PrimitiveOperation{id=DefaultOperationId{id=write, type=COMMAND}, value=byte[]{length=17, hash=-1644578928}}}}
22:46:01.273 [raft-server-3-state] TRACE i.a.p.s.impl.DefaultServiceExecutor - PrimitiveService{2}{type=io.atomix.protocols.raft.RaftTest$TestPrimitiveType@12cd62fc, name=raft-test} - Executing DefaultCommit{index=65, session=RaftSession{RaftServiceContext{server=3, type=io.atomix.protocols.raft.RaftTest$TestPrimitiveType@12cd62fc, name=raft-test, id=2}, session=2, timestamp=2018-06-07 10:46:01,179}, time=2018-06-07 10:46:01,179, operation=DefaultOperationId{id=write, type=COMMAND}, value=byte[]{length=17, hash=-1644578928}}
22:46:01.304 [raft-server-2] TRACE i.a.p.raft.roles.LeaderAppender - RaftServer{2} - Received AppendResponse{status=OK, term=3, succeeded=true, lastLogIndex=65} from 3
22:46:01.304 [raft-server-2] TRACE i.a.p.raft.roles.LeaderAppender - RaftServer{2} - Sending AppendRequest{term=3, leader=2, prevLogIndex=65, prevLogTerm=3, entries=1, commitIndex=66} to 3
22:46:01.304 [raft-server-3] TRACE i.a.p.raft.roles.FollowerRole - RaftServer{3}{role=FOLLOWER} - Received AppendRequest{term=3, leader=2, prevLogIndex=65, prevLogTerm=3, entries=1, commitIndex=66}
22:46:01.304 [raft-server-2-state] TRACE i.a.p.raft.impl.RaftServiceManager - RaftServer{2} - Applying Indexed{index=66, entry=CommandEntry{term=3, timestamp=2018-06-07 10:46:01,246, session=2, sequence=43, operation=PrimitiveOperation{id=DefaultOperationId{id=write, type=COMMAND}, value=byte[]{length=17, hash=-1644578928}}}}
22:46:01.304 [raft-server-3] TRACE i.a.p.raft.roles.FollowerRole - RaftServer{3}{role=FOLLOWER} - Appended Indexed{index=66, entry=CommandEntry{term=3, timestamp=2018-06-07 10:46:01,246, session=2, sequence=43, operation=PrimitiveOperation{id=DefaultOperationId{id=write, type=COMMAND}, value=byte[]{length=17, hash=-1644578928}}}}
22:46:01.304 [raft-server-2-state] TRACE i.a.p.s.impl.DefaultServiceExecutor - PrimitiveService{2}{type=io.atomix.protocols.raft.RaftTest$TestPrimitiveType@2fa5f551, name=raft-test} - Executing DefaultCommit{index=66, session=RaftSession{RaftServiceContext{server=2, type=io.atomix.protocols.raft.RaftTest$TestPrimitiveType@2fa5f551, name=raft-test, id=2}, session=2, timestamp=2018-06-07 10:46:01,246}, time=2018-06-07 10:46:01,246, operation=DefaultOperationId{id=write, type=COMMAND}, value=byte[]{length=17, hash=-1644578928}}
22:46:01.304 [raft-server-2-state] TRACE i.a.protocols.raft.roles.LeaderRole - RaftServer{2}{role=LEADER} - Sending CommandResponse{status=OK, index=66, eventIndex=2, result=byte[]{length=3, hash=34597}}
22:46:01.304 [raft-server-1] TRACE i.a.p.raft.roles.FollowerRole - RaftServer{1}{role=FOLLOWER} - Sending CommandResponse{status=OK, index=66, eventIndex=2, result=byte[]{length=3, hash=34597}}
22:46:01.304 [raft-client-4d6eb0c5-808f-4bee-91ae-78c435ccd24a-4] TRACE i.a.p.r.p.impl.RaftProxyConnection - PartitionProxy{2}{type=io.atomix.protocols.raft.RaftTest$TestPrimitiveType@35bfa1bb, name=raft-test} - Received CommandResponse{status=OK, index=66, eventIndex=2, result=byte[]{length=3, hash=34597}} from 1
22:46:01.304 [raft-client-4d6eb0c5-808f-4bee-91ae-78c435ccd24a-4] TRACE i.a.p.r.p.impl.RaftProxySequencer - PartitionProxy{2}{type=io.atomix.protocols.raft.RaftTest$TestPrimitiveType@35bfa1bb, name=raft-test} - Completing response CommandResponse{status=OK, index=66, eventIndex=2, result=byte[]{length=3, hash=34597}}
22:46:01.305 [raft-client-4d6eb0c5-808f-4bee-91ae-78c435ccd24a-4] TRACE i.a.p.r.p.impl.RaftProxyConnection - PartitionProxy{2}{type=io.atomix.protocols.raft.RaftTest$TestPrimitiveType@35bfa1bb, name=raft-test} - Sending CommandRequest{session=2, sequence=44, operation=PrimitiveOperation{id=DefaultOperationId{id=write, type=COMMAND}, value=byte[]{length=17, hash=-1644578928}}} to 1
22:46:01.305 [raft-server-1] TRACE i.a.p.raft.roles.FollowerRole - RaftServer{1}{role=FOLLOWER} - Received CommandRequest{session=2, sequence=44, operation=PrimitiveOperation{id=DefaultOperationId{id=write, type=COMMAND}, value=byte[]{length=17, hash=-1644578928}}}
22:46:01.305 [raft-server-2] TRACE i.a.protocols.raft.roles.LeaderRole - RaftServer{2}{role=LEADER} - Received CommandRequest{session=2, sequence=44, operation=PrimitiveOperation{id=DefaultOperationId{id=write, type=COMMAND}, value=byte[]{length=17, hash=-1644578928}}}
22:46:01.305 [raft-server-2] TRACE i.a.protocols.raft.roles.LeaderRole - RaftServer{2}{role=LEADER} - Appended Indexed{index=67, entry=CommandEntry{term=3, timestamp=2018-06-07 10:46:01,305, session=2, sequence=44, operation=PrimitiveOperation{id=DefaultOperationId{id=write, type=COMMAND}, value=byte[]{length=17, hash=-1644578928}}}}
22:46:01.305 [raft-server-2] TRACE i.a.p.raft.roles.LeaderAppender - RaftServer{2} - Sending AppendRequest{term=3, leader=2, prevLogIndex=66, prevLogTerm=3, entries=1, commitIndex=66} to 1
22:46:01.305 [raft-server-1] TRACE i.a.p.raft.roles.FollowerRole - RaftServer{1}{role=FOLLOWER} - Received AppendRequest{term=3, leader=2, prevLogIndex=66, prevLogTerm=3, entries=1, commitIndex=66}
22:46:01.305 [raft-server-1] TRACE i.a.p.raft.roles.FollowerRole - RaftServer{1}{role=FOLLOWER} - Appended Indexed{index=67, entry=CommandEntry{term=3, timestamp=2018-06-07 10:46:01,305, session=2, sequence=44, operation=PrimitiveOperation{id=DefaultOperationId{id=write, type=COMMAND}, value=byte[]{length=17, hash=-1644578928}}}}
22:46:01.362 [raft-server-3] TRACE i.a.p.raft.roles.FollowerRole - RaftServer{3}{role=FOLLOWER} - Committed entries up to index 66
22:46:01.362 [raft-server-1] TRACE i.a.p.raft.roles.FollowerRole - RaftServer{1}{role=FOLLOWER} - Committed entries up to index 66
22:46:01.362 [raft-server-3] TRACE i.a.p.raft.roles.FollowerRole - RaftServer{3}{role=FOLLOWER} - Sending AppendResponse{status=OK, term=3, succeeded=true, lastLogIndex=66}
22:46:01.362 [raft-server-1] TRACE i.a.p.raft.roles.FollowerRole - RaftServer{1}{role=FOLLOWER} - Sending AppendResponse{status=OK, term=3, succeeded=true, lastLogIndex=67}
22:46:01.362 [raft-server-2] TRACE i.a.p.raft.roles.LeaderAppender - RaftServer{2} - Received AppendResponse{status=OK, term=3, succeeded=true, lastLogIndex=66} from 3
22:46:01.362 [raft-server-1-state] TRACE i.a.p.raft.impl.RaftServiceManager - RaftServer{1} - Applying Indexed{index=66, entry=CommandEntry{term=3, timestamp=2018-06-07 10:46:01,246, session=2, sequence=43, operation=PrimitiveOperation{id=DefaultOperationId{id=write, type=COMMAND}, value=byte[]{length=17, hash=-1644578928}}}}
22:46:01.362 [raft-server-3-state] TRACE i.a.p.raft.impl.RaftServiceManager - RaftServer{3} - Applying Indexed{index=66, entry=CommandEntry{term=3, timestamp=2018-06-07 10:46:01,246, session=2, sequence=43, operation=PrimitiveOperation{id=DefaultOperationId{id=write, type=COMMAND}, value=byte[]{length=17, hash=-1644578928}}}}
22:46:01.362 [raft-server-2] TRACE i.a.p.raft.roles.LeaderAppender - RaftServer{2} - Sending AppendRequest{term=3, leader=2, prevLogIndex=66, prevLogTerm=3, entries=1, commitIndex=66} to 3
22:46:01.362 [raft-server-1-state] TRACE i.a.p.s.impl.DefaultServiceExecutor - PrimitiveService{2}{type=io.atomix.protocols.raft.RaftTest$TestPrimitiveType@54705ce8, name=raft-test} - Executing DefaultCommit{index=66, session=RaftSession{RaftServiceContext{server=1, type=io.atomix.protocols.raft.RaftTest$TestPrimitiveType@54705ce8, name=raft-test, id=2}, session=2, timestamp=2018-06-07 10:46:01,246}, time=2018-06-07 10:46:01,246, operation=DefaultOperationId{id=write, type=COMMAND}, value=byte[]{length=17, hash=-1644578928}}
22:46:01.362 [raft-server-3-state] TRACE i.a.p.s.impl.DefaultServiceExecutor - PrimitiveService{2}{type=io.atomix.protocols.raft.RaftTest$TestPrimitiveType@12cd62fc, name=raft-test} - Executing DefaultCommit{index=66, session=RaftSession{RaftServiceContext{server=3, type=io.atomix.protocols.raft.RaftTest$TestPrimitiveType@12cd62fc, name=raft-test, id=2}, session=2, timestamp=2018-06-07 10:46:01,246}, time=2018-06-07 10:46:01,246, operation=DefaultOperationId{id=write, type=COMMAND}, value=byte[]{length=17, hash=-1644578928}}
22:46:01.362 [raft-server-3] TRACE i.a.p.raft.roles.FollowerRole - RaftServer{3}{role=FOLLOWER} - Received AppendRequest{term=3, leader=2, prevLogIndex=66, prevLogTerm=3, entries=1, commitIndex=66}
22:46:01.362 [raft-server-2] TRACE i.a.p.raft.roles.LeaderAppender - RaftServer{2} - Received AppendResponse{status=OK, term=3, succeeded=true, lastLogIndex=67} from 1
22:46:01.362 [raft-server-2] TRACE i.a.p.raft.roles.LeaderAppender - RaftServer{2} - Committed entries up to 67
22:46:01.363 [raft-server-3] TRACE i.a.p.raft.roles.FollowerRole - RaftServer{3}{role=FOLLOWER} - Appended Indexed{index=67, entry=CommandEntry{term=3, timestamp=2018-06-07 10:46:01,305, session=2, sequence=44, operation=PrimitiveOperation{id=DefaultOperationId{id=write, type=COMMAND}, value=byte[]{length=17, hash=-1644578928}}}}
22:46:01.363 [raft-server-3] TRACE i.a.p.raft.roles.FollowerRole - RaftServer{3}{role=FOLLOWER} - Sending AppendResponse{status=OK, term=3, succeeded=true, lastLogIndex=67}
22:46:01.420 [raft-server-2] TRACE i.a.p.raft.roles.LeaderAppender - RaftServer{2} - Received AppendResponse{status=OK, term=3, succeeded=true, lastLogIndex=67} from 3
22:46:01.420 [raft-server-2-state] TRACE i.a.p.raft.impl.RaftServiceManager - RaftServer{2} - Applying Indexed{index=67, entry=CommandEntry{term=3, timestamp=2018-06-07 10:46:01,305, session=2, sequence=44, operation=PrimitiveOperation{id=DefaultOperationId{id=write, type=COMMAND}, value=byte[]{length=17, hash=-1644578928}}}}
22:46:01.421 [raft-server-2-state] TRACE i.a.p.s.impl.DefaultServiceExecutor - PrimitiveService{2}{type=io.atomix.protocols.raft.RaftTest$TestPrimitiveType@2fa5f551, name=raft-test} - Executing DefaultCommit{index=67, session=RaftSession{RaftServiceContext{server=2, type=io.atomix.protocols.raft.RaftTest$TestPrimitiveType@2fa5f551, name=raft-test, id=2}, session=2, timestamp=2018-06-07 10:46:01,305}, time=2018-06-07 10:46:01,305, operation=DefaultOperationId{id=write, type=COMMAND}, value=byte[]{length=17, hash=-1644578928}}
22:46:01.421 [raft-server-2-state] TRACE i.a.protocols.raft.roles.LeaderRole - RaftServer{2}{role=LEADER} - Sending CommandResponse{status=OK, index=67, eventIndex=2, result=byte[]{length=3, hash=34659}}
22:46:01.421 [raft-server-1] TRACE i.a.p.raft.roles.FollowerRole - RaftServer{1}{role=FOLLOWER} - Sending CommandResponse{status=OK, index=67, eventIndex=2, result=byte[]{length=3, hash=34659}}
22:46:01.421 [raft-client-4d6eb0c5-808f-4bee-91ae-78c435ccd24a-7] TRACE i.a.p.r.p.impl.RaftProxyConnection - PartitionProxy{2}{type=io.atomix.protocols.raft.RaftTest$TestPrimitiveType@35bfa1bb, name=raft-test} - Received CommandResponse{status=OK, index=67, eventIndex=2, result=byte[]{length=3, hash=34659}} from 1
22:46:01.421 [raft-client-4d6eb0c5-808f-4bee-91ae-78c435ccd24a-7] TRACE i.a.p.r.p.impl.RaftProxySequencer - PartitionProxy{2}{type=io.atomix.protocols.raft.RaftTest$TestPrimitiveType@35bfa1bb, name=raft-test} - Completing response CommandResponse{status=OK, index=67, eventIndex=2, result=byte[]{length=3, hash=34659}}
22:46:01.422 [raft-client-4d6eb0c5-808f-4bee-91ae-78c435ccd24a-7] TRACE i.a.p.r.p.impl.RaftProxyConnection - PartitionProxy{2}{type=io.atomix.protocols.raft.RaftTest$TestPrimitiveType@35bfa1bb, name=raft-test} - Sending CommandRequest{session=2, sequence=45, operation=PrimitiveOperation{id=DefaultOperationId{id=write, type=COMMAND}, value=byte[]{length=17, hash=-1644578928}}} to 1
22:46:01.422 [raft-server-1] TRACE i.a.p.raft.roles.FollowerRole - RaftServer{1}{role=FOLLOWER} - Received CommandRequest{session=2, sequence=45, operation=PrimitiveOperation{id=DefaultOperationId{id=write, type=COMMAND}, value=byte[]{length=17, hash=-1644578928}}}
22:46:01.422 [raft-server-2] TRACE i.a.protocols.raft.roles.LeaderRole - RaftServer{2}{role=LEADER} - Received CommandRequest{session=2, sequence=45, operation=PrimitiveOperation{id=DefaultOperationId{id=write, type=COMMAND}, value=byte[]{length=17, hash=-1644578928}}}
22:46:01.422 [raft-server-2] TRACE i.a.protocols.raft.roles.LeaderRole - RaftServer{2}{role=LEADER} - Appended Indexed{index=68, entry=CommandEntry{term=3, timestamp=2018-06-07 10:46:01,422, session=2, sequence=45, operation=PrimitiveOperation{id=DefaultOperationId{id=write, type=COMMAND}, value=byte[]{length=17, hash=-1644578928}}}}
22:46:01.422 [raft-server-2] TRACE i.a.p.raft.roles.LeaderAppender - RaftServer{2} - Sending AppendRequest{term=3, leader=2, prevLogIndex=67, prevLogTerm=3, entries=1, commitIndex=67} to 1
22:46:01.423 [raft-server-1] TRACE i.a.p.raft.roles.FollowerRole - RaftServer{1}{role=FOLLOWER} - Received AppendRequest{term=3, leader=2, prevLogIndex=67, prevLogTerm=3, entries=1, commitIndex=67}
22:46:01.423 [raft-server-2] TRACE i.a.p.raft.roles.LeaderAppender - RaftServer{2} - Sending AppendRequest{term=3, leader=2, prevLogIndex=67, prevLogTerm=3, entries=1, commitIndex=67} to 3
22:46:01.423 [raft-server-3] TRACE i.a.p.raft.roles.FollowerRole - RaftServer{3}{role=FOLLOWER} - Received AppendRequest{term=3, leader=2, prevLogIndex=67, prevLogTerm=3, entries=1, commitIndex=67}
22:46:01.423 [raft-server-1] TRACE i.a.p.raft.roles.FollowerRole - RaftServer{1}{role=FOLLOWER} - Appended Indexed{index=68, entry=CommandEntry{term=3, timestamp=2018-06-07 10:46:01,422, session=2, sequence=45, operation=PrimitiveOperation{id=DefaultOperationId{id=write, type=COMMAND}, value=byte[]{length=17, hash=-1644578928}}}}
22:46:01.423 [raft-server-3] TRACE i.a.p.raft.roles.FollowerRole - RaftServer{3}{role=FOLLOWER} - Appended Indexed{index=68, entry=CommandEntry{term=3, timestamp=2018-06-07 10:46:01,422, session=2, sequence=45, operation=PrimitiveOperation{id=DefaultOperationId{id=write, type=COMMAND}, value=byte[]{length=17, hash=-1644578928}}}}
22:46:01.453 [raft-server-3] TRACE i.a.p.raft.roles.FollowerRole - RaftServer{3}{role=FOLLOWER} - Committed entries up to index 67
22:46:01.453 [raft-server-1] TRACE i.a.p.raft.roles.FollowerRole - RaftServer{1}{role=FOLLOWER} - Committed entries up to index 67
22:46:01.454 [raft-server-3] TRACE i.a.p.raft.roles.FollowerRole - RaftServer{3}{role=FOLLOWER} - Sending AppendResponse{status=OK, term=3, succeeded=true, lastLogIndex=68}
22:46:01.454 [raft-server-1] TRACE i.a.p.raft.roles.FollowerRole - RaftServer{1}{role=FOLLOWER} - Sending AppendResponse{status=OK, term=3, succeeded=true, lastLogIndex=68}
22:46:01.454 [raft-server-2] TRACE i.a.p.raft.roles.LeaderAppender - RaftServer{2} - Received AppendResponse{status=OK, term=3, succeeded=true, lastLogIndex=68} from 3
22:46:01.454 [raft-server-2] TRACE i.a.p.raft.roles.LeaderAppender - RaftServer{2} - Committed entries up to 68
22:46:01.454 [raft-server-3-state] TRACE i.a.p.raft.impl.RaftServiceManager - RaftServer{3} - Applying Indexed{index=67, entry=CommandEntry{term=3, timestamp=2018-06-07 10:46:01,305, session=2, sequence=44, operation=PrimitiveOperation{id=DefaultOperationId{id=write, type=COMMAND}, value=byte[]{length=17, hash=-1644578928}}}}
22:46:01.454 [raft-server-3-state] TRACE i.a.p.s.impl.DefaultServiceExecutor - PrimitiveService{2}{type=io.atomix.protocols.raft.RaftTest$TestPrimitiveType@12cd62fc, name=raft-test} - Executing DefaultCommit{index=67, session=RaftSession{RaftServiceContext{server=3, type=io.atomix.protocols.raft.RaftTest$TestPrimitiveType@12cd62fc, name=raft-test, id=2}, session=2, timestamp=2018-06-07 10:46:01,305}, time=2018-06-07 10:46:01,305, operation=DefaultOperationId{id=write, type=COMMAND}, value=byte[]{length=17, hash=-1644578928}}
22:46:01.454 [raft-server-1-state] TRACE i.a.p.raft.impl.RaftServiceManager - RaftServer{1} - Applying Indexed{index=67, entry=CommandEntry{term=3, timestamp=2018-06-07 10:46:01,305, session=2, sequence=44, operation=PrimitiveOperation{id=DefaultOperationId{id=write, type=COMMAND}, value=byte[]{length=17, hash=-1644578928}}}}
22:46:01.454 [raft-server-1-state] TRACE i.a.p.s.impl.DefaultServiceExecutor - PrimitiveService{2}{type=io.atomix.protocols.raft.RaftTest$TestPrimitiveType@54705ce8, name=raft-test} - Executing DefaultCommit{index=67, session=RaftSession{RaftServiceContext{server=1, type=io.atomix.protocols.raft.RaftTest$TestPrimitiveType@54705ce8, name=raft-test, id=2}, session=2, timestamp=2018-06-07 10:46:01,305}, time=2018-06-07 10:46:01,305, operation=DefaultOperationId{id=write, type=COMMAND}, value=byte[]{length=17, hash=-1644578928}}
22:46:01.486 [raft-server-2] TRACE i.a.p.raft.roles.LeaderAppender - RaftServer{2} - Sending AppendRequest{term=3, leader=2, prevLogIndex=68, prevLogTerm=3, entries=0, commitIndex=68} to 3
22:46:01.486 [raft-server-3] TRACE i.a.p.raft.roles.FollowerRole - RaftServer{3}{role=FOLLOWER} - Received AppendRequest{term=3, leader=2, prevLogIndex=68, prevLogTerm=3, entries=0, commitIndex=68}
22:46:01.486 [raft-server-2] TRACE i.a.p.raft.roles.LeaderAppender - RaftServer{2} - Received AppendResponse{status=OK, term=3, succeeded=true, lastLogIndex=68} from 1
22:46:01.486 [raft-server-2] TRACE i.a.p.raft.roles.LeaderAppender - RaftServer{2} - Sending AppendRequest{term=3, leader=2, prevLogIndex=68, prevLogTerm=3, entries=0, commitIndex=68} to 1
22:46:01.486 [raft-server-1] TRACE i.a.p.raft.roles.FollowerRole - RaftServer{1}{role=FOLLOWER} - Received AppendRequest{term=3, leader=2, prevLogIndex=68, prevLogTerm=3, entries=0, commitIndex=68}
22:46:01.487 [raft-server-2-state] TRACE i.a.p.raft.impl.RaftServiceManager - RaftServer{2} - Applying Indexed{index=68, entry=CommandEntry{term=3, timestamp=2018-06-07 10:46:01,422, session=2, sequence=45, operation=PrimitiveOperation{id=DefaultOperationId{id=write, type=COMMAND}, value=byte[]{length=17, hash=-1644578928}}}}
22:46:01.487 [raft-server-2-state] TRACE i.a.p.s.impl.DefaultServiceExecutor - PrimitiveService{2}{type=io.atomix.protocols.raft.RaftTest$TestPrimitiveType@2fa5f551, name=raft-test} - Executing DefaultCommit{index=68, session=RaftSession{RaftServiceContext{server=2, type=io.atomix.protocols.raft.RaftTest$TestPrimitiveType@2fa5f551, name=raft-test, id=2}, session=2, timestamp=2018-06-07 10:46:01,422}, time=2018-06-07 10:46:01,422, operation=DefaultOperationId{id=write, type=COMMAND}, value=byte[]{length=17, hash=-1644578928}}
22:46:01.487 [raft-server-2-state] TRACE i.a.protocols.raft.roles.LeaderRole - RaftServer{2}{role=LEADER} - Sending CommandResponse{status=OK, index=68, eventIndex=2, result=byte[]{length=3, hash=34721}}
22:46:01.503 [raft-server-3] TRACE i.a.p.raft.roles.FollowerRole - RaftServer{3}{role=FOLLOWER} - Committed entries up to index 68
22:46:01.503 [raft-server-3] TRACE i.a.p.raft.roles.FollowerRole - RaftServer{3}{role=FOLLOWER} - Sending AppendResponse{status=OK, term=3, succeeded=true, lastLogIndex=68}
22:46:01.504 [raft-server-2] TRACE i.a.p.raft.roles.LeaderAppender - RaftServer{2} - Received AppendResponse{status=OK, term=3, succeeded=true, lastLogIndex=68} from 3
22:46:01.504 [raft-server-3-state] TRACE i.a.p.raft.impl.RaftServiceManager - RaftServer{3} - Applying Indexed{index=68, entry=CommandEntry{term=3, timestamp=2018-06-07 10:46:01,422, session=2, sequence=45, operation=PrimitiveOperation{id=DefaultOperationId{id=write, type=COMMAND}, value=byte[]{length=17, hash=-1644578928}}}}
22:46:01.504 [raft-server-3-state] TRACE i.a.p.s.impl.DefaultServiceExecutor - PrimitiveService{2}{type=io.atomix.protocols.raft.RaftTest$TestPrimitiveType@12cd62fc, name=raft-test} - Executing DefaultCommit{index=68, session=RaftSession{RaftServiceContext{server=3, type=io.atomix.protocols.raft.RaftTest$TestPrimitiveType@12cd62fc, name=raft-test, id=2}, session=2, timestamp=2018-06-07 10:46:01,422}, time=2018-06-07 10:46:01,422, operation=DefaultOperationId{id=write, type=COMMAND}, value=byte[]{length=17, hash=-1644578928}}
22:46:01.520 [raft-server-1] TRACE i.a.p.raft.roles.FollowerRole - RaftServer{1}{role=FOLLOWER} - Committed entries up to index 68
22:46:01.520 [raft-server-1] TRACE i.a.p.raft.roles.FollowerRole - RaftServer{1}{role=FOLLOWER} - Sending AppendResponse{status=OK, term=3, succeeded=true, lastLogIndex=68}
22:46:01.520 [raft-server-2] TRACE i.a.p.raft.roles.LeaderAppender - RaftServer{2} - Received AppendResponse{status=OK, term=3, succeeded=true, lastLogIndex=68} from 1
22:46:01.520 [raft-server-1] TRACE i.a.p.raft.roles.FollowerRole - RaftServer{1}{role=FOLLOWER} - Sending CommandResponse{status=OK, index=68, eventIndex=2, result=byte[]{length=3, hash=34721}}
22:46:01.520 [raft-client-4d6eb0c5-808f-4bee-91ae-78c435ccd24a-0] TRACE i.a.p.r.p.impl.RaftProxyConnection - PartitionProxy{2}{type=io.atomix.protocols.raft.RaftTest$TestPrimitiveType@35bfa1bb, name=raft-test} - Received CommandResponse{status=OK, index=68, eventIndex=2, result=byte[]{length=3, hash=34721}} from 1
22:46:01.520 [raft-client-4d6eb0c5-808f-4bee-91ae-78c435ccd24a-0] TRACE i.a.p.r.p.impl.RaftProxySequencer - PartitionProxy{2}{type=io.atomix.protocols.raft.RaftTest$TestPrimitiveType@35bfa1bb, name=raft-test} - Completing response CommandResponse{status=OK, index=68, eventIndex=2, result=byte[]{length=3, hash=34721}}
22:46:01.520 [raft-server-1-state] TRACE i.a.p.raft.impl.RaftServiceManager - RaftServer{1} - Applying Indexed{index=68, entry=CommandEntry{term=3, timestamp=2018-06-07 10:46:01,422, session=2, sequence=45, operation=PrimitiveOperation{id=DefaultOperationId{id=write, type=COMMAND}, value=byte[]{length=17, hash=-1644578928}}}}
22:46:01.521 [raft-server-1-state] TRACE i.a.p.s.impl.DefaultServiceExecutor - PrimitiveService{2}{type=io.atomix.protocols.raft.RaftTest$TestPrimitiveType@54705ce8, name=raft-test} - Executing DefaultCommit{index=68, session=RaftSession{RaftServiceContext{server=1, type=io.atomix.protocols.raft.RaftTest$TestPrimitiveType@54705ce8, name=raft-test, id=2}, session=2, timestamp=2018-06-07 10:46:01,422}, time=2018-06-07 10:46:01,422, operation=DefaultOperationId{id=write, type=COMMAND}, value=byte[]{length=17, hash=-1644578928}}
22:46:01.521 [raft-client-4d6eb0c5-808f-4bee-91ae-78c435ccd24a-7] TRACE i.a.p.r.p.impl.RaftProxyConnection - PartitionProxy{2}{type=io.atomix.protocols.raft.RaftTest$TestPrimitiveType@35bfa1bb, name=raft-test} - Sending CommandRequest{session=2, sequence=46, operation=PrimitiveOperation{id=DefaultOperationId{id=write, type=COMMAND}, value=byte[]{length=17, hash=-1644578928}}} to 1
22:46:01.521 [raft-server-1] TRACE i.a.p.raft.roles.FollowerRole - RaftServer{1}{role=FOLLOWER} - Received CommandRequest{session=2, sequence=46, operation=PrimitiveOperation{id=DefaultOperationId{id=write, type=COMMAND}, value=byte[]{length=17, hash=-1644578928}}}
22:46:01.521 [raft-server-2] TRACE i.a.protocols.raft.roles.LeaderRole - RaftServer{2}{role=LEADER} - Received CommandRequest{session=2, sequence=46, operation=PrimitiveOperation{id=DefaultOperationId{id=write, type=COMMAND}, value=byte[]{length=17, hash=-1644578928}}}
22:46:01.521 [raft-server-2] TRACE i.a.protocols.raft.roles.LeaderRole - RaftServer{2}{role=LEADER} - Appended Indexed{index=69, entry=CommandEntry{term=3, timestamp=2018-06-07 10:46:01,521, session=2, sequence=46, operation=PrimitiveOperation{id=DefaultOperationId{id=write, type=COMMAND}, value=byte[]{length=17, hash=-1644578928}}}}
22:46:01.521 [raft-server-2] TRACE i.a.p.raft.roles.LeaderAppender - RaftServer{2} - Sending AppendRequest{term=3, leader=2, prevLogIndex=68, prevLogTerm=3, entries=1, commitIndex=68} to 1
22:46:01.522 [raft-server-1] TRACE i.a.p.raft.roles.FollowerRole - RaftServer{1}{role=FOLLOWER} - Received AppendRequest{term=3, leader=2, prevLogIndex=68, prevLogTerm=3, entries=1, commitIndex=68}
22:46:01.522 [raft-server-2] TRACE i.a.p.raft.roles.LeaderAppender - RaftServer{2} - Sending AppendRequest{term=3, leader=2, prevLogIndex=68, prevLogTerm=3, entries=1, commitIndex=68} to 3
22:46:01.522 [raft-server-3] TRACE i.a.p.raft.roles.FollowerRole - RaftServer{3}{role=FOLLOWER} - Received AppendRequest{term=3, leader=2, prevLogIndex=68, prevLogTerm=3, entries=1, commitIndex=68}
22:46:01.522 [raft-server-1] TRACE i.a.p.raft.roles.FollowerRole - RaftServer{1}{role=FOLLOWER} - Appended Indexed{index=69, entry=CommandEntry{term=3, timestamp=2018-06-07 10:46:01,521, session=2, sequence=46, operation=PrimitiveOperation{id=DefaultOperationId{id=write, type=COMMAND}, value=byte[]{length=17, hash=-1644578928}}}}
22:46:01.522 [raft-server-1] TRACE i.a.p.raft.roles.FollowerRole - RaftServer{1}{role=FOLLOWER} - Sending AppendResponse{status=OK, term=3, succeeded=true, lastLogIndex=69}
22:46:01.522 [raft-server-3] TRACE i.a.p.raft.roles.FollowerRole - RaftServer{3}{role=FOLLOWER} - Appended Indexed{index=69, entry=CommandEntry{term=3, timestamp=2018-06-07 10:46:01,521, session=2, sequence=46, operation=PrimitiveOperation{id=DefaultOperationId{id=write, type=COMMAND}, value=byte[]{length=17, hash=-1644578928}}}}
22:46:01.522 [raft-server-3] TRACE i.a.p.raft.roles.FollowerRole - RaftServer{3}{role=FOLLOWER} - Sending AppendResponse{status=OK, term=3, succeeded=true, lastLogIndex=69}
22:46:01.522 [raft-server-2] TRACE i.a.p.raft.roles.LeaderAppender - RaftServer{2} - Received AppendResponse{status=OK, term=3, succeeded=true, lastLogIndex=69} from 1
22:46:01.522 [raft-server-2] TRACE i.a.p.raft.roles.LeaderAppender - RaftServer{2} - Committed entries up to 69
22:46:01.545 [raft-server-2] TRACE i.a.p.raft.roles.LeaderAppender - RaftServer{2} - Received AppendResponse{status=OK, term=3, succeeded=true, lastLogIndex=69} from 3
22:46:01.545 [raft-server-2-state] TRACE i.a.p.raft.impl.RaftServiceManager - RaftServer{2} - Applying Indexed{index=69, entry=CommandEntry{term=3, timestamp=2018-06-07 10:46:01,521, session=2, sequence=46, operation=PrimitiveOperation{id=DefaultOperationId{id=write, type=COMMAND}, value=byte[]{length=17, hash=-1644578928}}}}
22:46:01.546 [raft-server-2-state] TRACE i.a.p.s.impl.DefaultServiceExecutor - PrimitiveService{2}{type=io.atomix.protocols.raft.RaftTest$TestPrimitiveType@2fa5f551, name=raft-test} - Executing DefaultCommit{index=69, session=RaftSession{RaftServiceContext{server=2, type=io.atomix.protocols.raft.RaftTest$TestPrimitiveType@2fa5f551, name=raft-test, id=2}, session=2, timestamp=2018-06-07 10:46:01,521}, time=2018-06-07 10:46:01,521, operation=DefaultOperationId{id=write, type=COMMAND}, value=byte[]{length=17, hash=-1644578928}}
22:46:01.546 [raft-server-2-state] TRACE i.a.protocols.raft.roles.LeaderRole - RaftServer{2}{role=LEADER} - Sending CommandResponse{status=OK, index=69, eventIndex=2, result=byte[]{length=3, hash=34783}}
22:46:01.546 [raft-server-1] TRACE i.a.p.raft.roles.FollowerRole - RaftServer{1}{role=FOLLOWER} - Sending CommandResponse{status=OK, index=69, eventIndex=2, result=byte[]{length=3, hash=34783}}
22:46:01.546 [raft-client-4d6eb0c5-808f-4bee-91ae-78c435ccd24a-2] TRACE i.a.p.r.p.impl.RaftProxyConnection - PartitionProxy{2}{type=io.atomix.protocols.raft.RaftTest$TestPrimitiveType@35bfa1bb, name=raft-test} - Received CommandResponse{status=OK, index=69, eventIndex=2, result=byte[]{length=3, hash=34783}} from 1
22:46:01.546 [raft-client-4d6eb0c5-808f-4bee-91ae-78c435ccd24a-2] TRACE i.a.p.r.p.impl.RaftProxySequencer - PartitionProxy{2}{type=io.atomix.protocols.raft.RaftTest$TestPrimitiveType@35bfa1bb, name=raft-test} - Completing response CommandResponse{status=OK, index=69, eventIndex=2, result=byte[]{length=3, hash=34783}}
22:46:01.547 [raft-client-4d6eb0c5-808f-4bee-91ae-78c435ccd24a-2] TRACE i.a.p.r.p.impl.RaftProxyConnection - PartitionProxy{2}{type=io.atomix.protocols.raft.RaftTest$TestPrimitiveType@35bfa1bb, name=raft-test} - Sending CommandRequest{session=2, sequence=47, operation=PrimitiveOperation{id=DefaultOperationId{id=write, type=COMMAND}, value=byte[]{length=17, hash=-1644578928}}} to 1
22:46:01.547 [raft-server-1] TRACE i.a.p.raft.roles.FollowerRole - RaftServer{1}{role=FOLLOWER} - Received CommandRequest{session=2, sequence=47, operation=PrimitiveOperation{id=DefaultOperationId{id=write, type=COMMAND}, value=byte[]{length=17, hash=-1644578928}}}
22:46:01.547 [raft-server-2] TRACE i.a.protocols.raft.roles.LeaderRole - RaftServer{2}{role=LEADER} - Received CommandRequest{session=2, sequence=47, operation=PrimitiveOperation{id=DefaultOperationId{id=write, type=COMMAND}, value=byte[]{length=17, hash=-1644578928}}}
22:46:01.547 [raft-server-2] TRACE i.a.protocols.raft.roles.LeaderRole - RaftServer{2}{role=LEADER} - Appended Indexed{index=70, entry=CommandEntry{term=3, timestamp=2018-06-07 10:46:01,547, session=2, sequence=47, operation=PrimitiveOperation{id=DefaultOperationId{id=write, type=COMMAND}, value=byte[]{length=17, hash=-1644578928}}}}
22:46:01.547 [raft-server-2] TRACE i.a.p.raft.roles.LeaderAppender - RaftServer{2} - Sending AppendRequest{term=3, leader=2, prevLogIndex=69, prevLogTerm=3, entries=1, commitIndex=69} to 1
22:46:01.547 [raft-server-1] TRACE i.a.p.raft.roles.FollowerRole - RaftServer{1}{role=FOLLOWER} - Received AppendRequest{term=3, leader=2, prevLogIndex=69, prevLogTerm=3, entries=1, commitIndex=69}
22:46:01.547 [raft-server-2] TRACE i.a.p.raft.roles.LeaderAppender - RaftServer{2} - Sending AppendRequest{term=3, leader=2, prevLogIndex=69, prevLogTerm=3, entries=1, commitIndex=69} to 3
22:46:01.547 [raft-server-3] TRACE i.a.p.raft.roles.FollowerRole - RaftServer{3}{role=FOLLOWER} - Received AppendRequest{term=3, leader=2, prevLogIndex=69, prevLogTerm=3, entries=1, commitIndex=69}
22:46:01.547 [raft-server-1] TRACE i.a.p.raft.roles.FollowerRole - RaftServer{1}{role=FOLLOWER} - Appended Indexed{index=70, entry=CommandEntry{term=3, timestamp=2018-06-07 10:46:01,547, session=2, sequence=47, operation=PrimitiveOperation{id=DefaultOperationId{id=write, type=COMMAND}, value=byte[]{length=17, hash=-1644578928}}}}
22:46:01.548 [raft-server-3] TRACE i.a.p.raft.roles.FollowerRole - RaftServer{3}{role=FOLLOWER} - Appended Indexed{index=70, entry=CommandEntry{term=3, timestamp=2018-06-07 10:46:01,547, session=2, sequence=47, operation=PrimitiveOperation{id=DefaultOperationId{id=write, type=COMMAND}, value=byte[]{length=17, hash=-1644578928}}}}
22:46:01.578 [raft-server-1] TRACE i.a.p.raft.roles.FollowerRole - RaftServer{1}{role=FOLLOWER} - Committed entries up to index 69
22:46:01.578 [raft-server-3] TRACE i.a.p.raft.roles.FollowerRole - RaftServer{3}{role=FOLLOWER} - Committed entries up to index 69
22:46:01.578 [raft-server-1] TRACE i.a.p.raft.roles.FollowerRole - RaftServer{1}{role=FOLLOWER} - Sending AppendResponse{status=OK, term=3, succeeded=true, lastLogIndex=70}
22:46:01.578 [raft-server-3] TRACE i.a.p.raft.roles.FollowerRole - RaftServer{3}{role=FOLLOWER} - Sending AppendResponse{status=OK, term=3, succeeded=true, lastLogIndex=70}
22:46:01.579 [raft-server-2] TRACE i.a.p.raft.roles.LeaderAppender - RaftServer{2} - Received AppendResponse{status=OK, term=3, succeeded=true, lastLogIndex=70} from 1
22:46:01.579 [raft-server-2] TRACE i.a.p.raft.roles.LeaderAppender - RaftServer{2} - Committed entries up to 70
22:46:01.579 [raft-server-1-state] TRACE i.a.p.raft.impl.RaftServiceManager - RaftServer{1} - Applying Indexed{index=69, entry=CommandEntry{term=3, timestamp=2018-06-07 10:46:01,521, session=2, sequence=46, operation=PrimitiveOperation{id=DefaultOperationId{id=write, type=COMMAND}, value=byte[]{length=17, hash=-1644578928}}}}
22:46:01.579 [raft-server-3-state] TRACE i.a.p.raft.impl.RaftServiceManager - RaftServer{3} - Applying Indexed{index=69, entry=CommandEntry{term=3, timestamp=2018-06-07 10:46:01,521, session=2, sequence=46, operation=PrimitiveOperation{id=DefaultOperationId{id=write, type=COMMAND}, value=byte[]{length=17, hash=-1644578928}}}}
22:46:01.579 [raft-server-3-state] TRACE i.a.p.s.impl.DefaultServiceExecutor - PrimitiveService{2}{type=io.atomix.protocols.raft.RaftTest$TestPrimitiveType@12cd62fc, name=raft-test} - Executing DefaultCommit{index=69, session=RaftSession{RaftServiceContext{server=3, type=io.atomix.protocols.raft.RaftTest$TestPrimitiveType@12cd62fc, name=raft-test, id=2}, session=2, timestamp=2018-06-07 10:46:01,521}, time=2018-06-07 10:46:01,521, operation=DefaultOperationId{id=write, type=COMMAND}, value=byte[]{length=17, hash=-1644578928}}
22:46:01.579 [raft-server-1-state] TRACE i.a.p.s.impl.DefaultServiceExecutor - PrimitiveService{2}{type=io.atomix.protocols.raft.RaftTest$TestPrimitiveType@54705ce8, name=raft-test} - Executing DefaultCommit{index=69, session=RaftSession{RaftServiceContext{server=1, type=io.atomix.protocols.raft.RaftTest$TestPrimitiveType@54705ce8, name=raft-test, id=2}, session=2, timestamp=2018-06-07 10:46:01,521}, time=2018-06-07 10:46:01,521, operation=DefaultOperationId{id=write, type=COMMAND}, value=byte[]{length=17, hash=-1644578928}}
22:46:01.638 [raft-server-2] TRACE i.a.p.raft.roles.LeaderAppender - RaftServer{2} - Received AppendResponse{status=OK, term=3, succeeded=true, lastLogIndex=70} from 3
22:46:01.638 [raft-server-2-state] TRACE i.a.p.raft.impl.RaftServiceManager - RaftServer{2} - Applying Indexed{index=70, entry=CommandEntry{term=3, timestamp=2018-06-07 10:46:01,547, session=2, sequence=47, operation=PrimitiveOperation{id=DefaultOperationId{id=write, type=COMMAND}, value=byte[]{length=17, hash=-1644578928}}}}
22:46:01.638 [raft-server-2-state] TRACE i.a.p.s.impl.DefaultServiceExecutor - PrimitiveService{2}{type=io.atomix.protocols.raft.RaftTest$TestPrimitiveType@2fa5f551, name=raft-test} - Executing DefaultCommit{index=70, session=RaftSession{RaftServiceContext{server=2, type=io.atomix.protocols.raft.RaftTest$TestPrimitiveType@2fa5f551, name=raft-test, id=2}, session=2, timestamp=2018-06-07 10:46:01,547}, time=2018-06-07 10:46:01,547, operation=DefaultOperationId{id=write, type=COMMAND}, value=byte[]{length=17, hash=-1644578928}}
22:46:01.638 [raft-server-2-state] TRACE i.a.protocols.raft.roles.LeaderRole - RaftServer{2}{role=LEADER} - Sending CommandResponse{status=OK, index=70, eventIndex=2, result=byte[]{length=3, hash=34845}}
22:46:01.638 [raft-server-1] TRACE i.a.p.raft.roles.FollowerRole - RaftServer{1}{role=FOLLOWER} - Sending CommandResponse{status=OK, index=70, eventIndex=2, result=byte[]{length=3, hash=34845}}
22:46:01.638 [raft-client-4d6eb0c5-808f-4bee-91ae-78c435ccd24a-1] TRACE i.a.p.r.p.impl.RaftProxyConnection - PartitionProxy{2}{type=io.atomix.protocols.raft.RaftTest$TestPrimitiveType@35bfa1bb, name=raft-test} - Received CommandResponse{status=OK, index=70, eventIndex=2, result=byte[]{length=3, hash=34845}} from 1
22:46:01.639 [raft-client-4d6eb0c5-808f-4bee-91ae-78c435ccd24a-1] TRACE i.a.p.r.p.impl.RaftProxySequencer - PartitionProxy{2}{type=io.atomix.protocols.raft.RaftTest$TestPrimitiveType@35bfa1bb, name=raft-test} - Completing response CommandResponse{status=OK, index=70, eventIndex=2, result=byte[]{length=3, hash=34845}}
22:46:01.639 [raft-client-4d6eb0c5-808f-4bee-91ae-78c435ccd24a-6] TRACE i.a.p.r.p.impl.RaftProxyConnection - PartitionProxy{2}{type=io.atomix.protocols.raft.RaftTest$TestPrimitiveType@35bfa1bb, name=raft-test} - Sending CommandRequest{session=2, sequence=48, operation=PrimitiveOperation{id=DefaultOperationId{id=write, type=COMMAND}, value=byte[]{length=17, hash=-1644578928}}} to 1
22:46:01.639 [raft-server-1] TRACE i.a.p.raft.roles.FollowerRole - RaftServer{1}{role=FOLLOWER} - Received CommandRequest{session=2, sequence=48, operation=PrimitiveOperation{id=DefaultOperationId{id=write, type=COMMAND}, value=byte[]{length=17, hash=-1644578928}}}
22:46:01.639 [raft-server-2] TRACE i.a.protocols.raft.roles.LeaderRole - RaftServer{2}{role=LEADER} - Received CommandRequest{session=2, sequence=48, operation=PrimitiveOperation{id=DefaultOperationId{id=write, type=COMMAND}, value=byte[]{length=17, hash=-1644578928}}}
22:46:01.712 [raft-server-2] DEBUG i.a.storage.journal.SegmentedJournal - Created disk segment: JournalSegment{id=8, version=1, index=71, size=64}
22:46:01.712 [raft-server-2] TRACE i.a.protocols.raft.roles.LeaderRole - RaftServer{2}{role=LEADER} - Appended Indexed{index=71, entry=CommandEntry{term=3, timestamp=2018-06-07 10:46:01,639, session=2, sequence=48, operation=PrimitiveOperation{id=DefaultOperationId{id=write, type=COMMAND}, value=byte[]{length=17, hash=-1644578928}}}}
22:46:01.712 [raft-server-2] TRACE i.a.p.raft.roles.LeaderAppender - RaftServer{2} - Sending AppendRequest{term=3, leader=2, prevLogIndex=70, prevLogTerm=3, entries=1, commitIndex=70} to 1
22:46:01.713 [raft-server-2] TRACE i.a.p.raft.roles.LeaderAppender - RaftServer{2} - Sending AppendRequest{term=3, leader=2, prevLogIndex=70, prevLogTerm=3, entries=1, commitIndex=70} to 3
22:46:01.713 [raft-server-3] TRACE i.a.p.raft.roles.FollowerRole - RaftServer{3}{role=FOLLOWER} - Received AppendRequest{term=3, leader=2, prevLogIndex=70, prevLogTerm=3, entries=1, commitIndex=70}
22:46:01.713 [raft-server-1] TRACE i.a.p.raft.roles.FollowerRole - RaftServer{1}{role=FOLLOWER} - Received AppendRequest{term=3, leader=2, prevLogIndex=70, prevLogTerm=3, entries=1, commitIndex=70}
22:46:01.795 [raft-server-3] DEBUG i.a.storage.journal.SegmentedJournal - Created disk segment: JournalSegment{id=8, version=1, index=71, size=64}
22:46:01.795 [raft-server-3] TRACE i.a.p.raft.roles.FollowerRole - RaftServer{3}{role=FOLLOWER} - Appended Indexed{index=71, entry=CommandEntry{term=3, timestamp=2018-06-07 10:46:01,639, session=2, sequence=48, operation=PrimitiveOperation{id=DefaultOperationId{id=write, type=COMMAND}, value=byte[]{length=17, hash=-1644578928}}}}
22:46:01.817 [raft-server-1] DEBUG i.a.storage.journal.SegmentedJournal - Created disk segment: JournalSegment{id=8, version=1, index=71, size=64}
22:46:01.817 [raft-server-1] TRACE i.a.p.raft.roles.FollowerRole - RaftServer{1}{role=FOLLOWER} - Appended Indexed{index=71, entry=CommandEntry{term=3, timestamp=2018-06-07 10:46:01,639, session=2, sequence=48, operation=PrimitiveOperation{id=DefaultOperationId{id=write, type=COMMAND}, value=byte[]{length=17, hash=-1644578928}}}}
22:46:01.851 [raft-server-3] TRACE i.a.p.raft.roles.FollowerRole - RaftServer{3}{role=FOLLOWER} - Committed entries up to index 70
22:46:01.851 [raft-server-3] TRACE i.a.p.raft.roles.FollowerRole - RaftServer{3}{role=FOLLOWER} - Sending AppendResponse{status=OK, term=3, succeeded=true, lastLogIndex=71}
22:46:01.851 [raft-server-2] TRACE i.a.p.raft.roles.LeaderAppender - RaftServer{2} - Received AppendResponse{status=OK, term=3, succeeded=true, lastLogIndex=71} from 3
22:46:01.851 [raft-server-2] TRACE i.a.p.raft.roles.LeaderAppender - RaftServer{2} - Committed entries up to 71
22:46:01.851 [raft-server-3-state] TRACE i.a.p.raft.impl.RaftServiceManager - RaftServer{3} - Applying Indexed{index=70, entry=CommandEntry{term=3, timestamp=2018-06-07 10:46:01,547, session=2, sequence=47, operation=PrimitiveOperation{id=DefaultOperationId{id=write, type=COMMAND}, value=byte[]{length=17, hash=-1644578928}}}}
22:46:01.851 [raft-server-3-state] TRACE i.a.p.s.impl.DefaultServiceExecutor - PrimitiveService{2}{type=io.atomix.protocols.raft.RaftTest$TestPrimitiveType@12cd62fc, name=raft-test} - Executing DefaultCommit{index=70, session=RaftSession{RaftServiceContext{server=3, type=io.atomix.protocols.raft.RaftTest$TestPrimitiveType@12cd62fc, name=raft-test, id=2}, session=2, timestamp=2018-06-07 10:46:01,547}, time=2018-06-07 10:46:01,547, operation=DefaultOperationId{id=write, type=COMMAND}, value=byte[]{length=17, hash=-1644578928}}
22:46:01.890 [raft-server-1] TRACE i.a.p.raft.roles.FollowerRole - RaftServer{1}{role=FOLLOWER} - Committed entries up to index 70
22:46:01.890 [raft-server-1] TRACE i.a.p.raft.roles.FollowerRole - RaftServer{1}{role=FOLLOWER} - Sending AppendResponse{status=OK, term=3, succeeded=true, lastLogIndex=71}
22:46:01.890 [raft-server-1-state] TRACE i.a.p.raft.impl.RaftServiceManager - RaftServer{1} - Applying Indexed{index=70, entry=CommandEntry{term=3, timestamp=2018-06-07 10:46:01,547, session=2, sequence=47, operation=PrimitiveOperation{id=DefaultOperationId{id=write, type=COMMAND}, value=byte[]{length=17, hash=-1644578928}}}}
22:46:01.890 [raft-server-1-state] TRACE i.a.p.s.impl.DefaultServiceExecutor - PrimitiveService{2}{type=io.atomix.protocols.raft.RaftTest$TestPrimitiveType@54705ce8, name=raft-test} - Executing DefaultCommit{index=70, session=RaftSession{RaftServiceContext{server=1, type=io.atomix.protocols.raft.RaftTest$TestPrimitiveType@54705ce8, name=raft-test, id=2}, session=2, timestamp=2018-06-07 10:46:01,547}, time=2018-06-07 10:46:01,547, operation=DefaultOperationId{id=write, type=COMMAND}, value=byte[]{length=17, hash=-1644578928}}
22:46:01.929 [raft-server-2] TRACE i.a.p.raft.roles.LeaderAppender - RaftServer{2} - Received AppendResponse{status=OK, term=3, succeeded=true, lastLogIndex=71} from 1
22:46:01.929 [raft-server-2-state] TRACE i.a.p.raft.impl.RaftServiceManager - RaftServer{2} - Applying Indexed{index=71, entry=CommandEntry{term=3, timestamp=2018-06-07 10:46:01,639, session=2, sequence=48, operation=PrimitiveOperation{id=DefaultOperationId{id=write, type=COMMAND}, value=byte[]{length=17, hash=-1644578928}}}}
22:46:01.929 [raft-server-2-state] TRACE i.a.p.s.impl.DefaultServiceExecutor - PrimitiveService{2}{type=io.atomix.protocols.raft.RaftTest$TestPrimitiveType@2fa5f551, name=raft-test} - Executing DefaultCommit{index=71, session=RaftSession{RaftServiceContext{server=2, type=io.atomix.protocols.raft.RaftTest$TestPrimitiveType@2fa5f551, name=raft-test, id=2}, session=2, timestamp=2018-06-07 10:46:01,639}, time=2018-06-07 10:46:01,639, operation=DefaultOperationId{id=write, type=COMMAND}, value=byte[]{length=17, hash=-1644578928}}
22:46:01.929 [raft-server-2-state] TRACE i.a.protocols.raft.roles.LeaderRole - RaftServer{2}{role=LEADER} - Sending CommandResponse{status=OK, index=71, eventIndex=2, result=byte[]{length=3, hash=34907}}
22:46:01.929 [raft-server-1] TRACE i.a.p.raft.roles.FollowerRole - RaftServer{1}{role=FOLLOWER} - Sending CommandResponse{status=OK, index=71, eventIndex=2, result=byte[]{length=3, hash=34907}}
22:46:01.930 [raft-client-4d6eb0c5-808f-4bee-91ae-78c435ccd24a-0] TRACE i.a.p.r.p.impl.RaftProxyConnection - PartitionProxy{2}{type=io.atomix.protocols.raft.RaftTest$TestPrimitiveType@35bfa1bb, name=raft-test} - Received CommandResponse{status=OK, index=71, eventIndex=2, result=byte[]{length=3, hash=34907}} from 1
22:46:01.930 [raft-client-4d6eb0c5-808f-4bee-91ae-78c435ccd24a-0] TRACE i.a.p.r.p.impl.RaftProxySequencer - PartitionProxy{2}{type=io.atomix.protocols.raft.RaftTest$TestPrimitiveType@35bfa1bb, name=raft-test} - Completing response CommandResponse{status=OK, index=71, eventIndex=2, result=byte[]{length=3, hash=34907}}
22:46:01.930 [raft-client-4d6eb0c5-808f-4bee-91ae-78c435ccd24a-0] TRACE i.a.p.r.p.impl.RaftProxyConnection - PartitionProxy{2}{type=io.atomix.protocols.raft.RaftTest$TestPrimitiveType@35bfa1bb, name=raft-test} - Sending CommandRequest{session=2, sequence=49, operation=PrimitiveOperation{id=DefaultOperationId{id=write, type=COMMAND}, value=byte[]{length=17, hash=-1644578928}}} to 1
22:46:01.930 [raft-server-1] TRACE i.a.p.raft.roles.FollowerRole - RaftServer{1}{role=FOLLOWER} - Received CommandRequest{session=2, sequence=49, operation=PrimitiveOperation{id=DefaultOperationId{id=write, type=COMMAND}, value=byte[]{length=17, hash=-1644578928}}}
22:46:01.930 [raft-server-2] TRACE i.a.protocols.raft.roles.LeaderRole - RaftServer{2}{role=LEADER} - Received CommandRequest{session=2, sequence=49, operation=PrimitiveOperation{id=DefaultOperationId{id=write, type=COMMAND}, value=byte[]{length=17, hash=-1644578928}}}
22:46:01.931 [raft-server-2] TRACE i.a.protocols.raft.roles.LeaderRole - RaftServer{2}{role=LEADER} - Appended Indexed{index=72, entry=CommandEntry{term=3, timestamp=2018-06-07 10:46:01,930, session=2, sequence=49, operation=PrimitiveOperation{id=DefaultOperationId{id=write, type=COMMAND}, value=byte[]{length=17, hash=-1644578928}}}}
22:46:01.931 [raft-server-2] TRACE i.a.p.raft.roles.LeaderAppender - RaftServer{2} - Sending AppendRequest{term=3, leader=2, prevLogIndex=71, prevLogTerm=3, entries=1, commitIndex=71} to 1
22:46:01.931 [raft-server-2] TRACE i.a.p.raft.roles.LeaderAppender - RaftServer{2} - Sending AppendRequest{term=3, leader=2, prevLogIndex=71, prevLogTerm=3, entries=1, commitIndex=71} to 3
22:46:01.931 [raft-server-1] TRACE i.a.p.raft.roles.FollowerRole - RaftServer{1}{role=FOLLOWER} - Received AppendRequest{term=3, leader=2, prevLogIndex=71, prevLogTerm=3, entries=1, commitIndex=71}
22:46:01.931 [raft-server-1] TRACE i.a.p.raft.roles.FollowerRole - RaftServer{1}{role=FOLLOWER} - Appended Indexed{index=72, entry=CommandEntry{term=3, timestamp=2018-06-07 10:46:01,930, session=2, sequence=49, operation=PrimitiveOperation{id=DefaultOperationId{id=write, type=COMMAND}, value=byte[]{length=17, hash=-1644578928}}}}
22:46:01.931 [raft-server-3] TRACE i.a.p.raft.roles.FollowerRole - RaftServer{3}{role=FOLLOWER} - Received AppendRequest{term=3, leader=2, prevLogIndex=71, prevLogTerm=3, entries=1, commitIndex=71}
22:46:01.931 [raft-server-3] TRACE i.a.p.raft.roles.FollowerRole - RaftServer{3}{role=FOLLOWER} - Appended Indexed{index=72, entry=CommandEntry{term=3, timestamp=2018-06-07 10:46:01,930, session=2, sequence=49, operation=PrimitiveOperation{id=DefaultOperationId{id=write, type=COMMAND}, value=byte[]{length=17, hash=-1644578928}}}}
22:46:01.987 [raft-server-3] TRACE i.a.p.raft.roles.FollowerRole - RaftServer{3}{role=FOLLOWER} - Committed entries up to index 71
22:46:01.987 [raft-server-3] TRACE i.a.p.raft.roles.FollowerRole - RaftServer{3}{role=FOLLOWER} - Sending AppendResponse{status=OK, term=3, succeeded=true, lastLogIndex=72}
22:46:01.987 [raft-server-1] TRACE i.a.p.raft.roles.FollowerRole - RaftServer{1}{role=FOLLOWER} - Committed entries up to index 71
22:46:01.987 [raft-server-1] TRACE i.a.p.raft.roles.FollowerRole - RaftServer{1}{role=FOLLOWER} - Sending AppendResponse{status=OK, term=3, succeeded=true, lastLogIndex=72}
22:46:01.987 [raft-server-3-state] TRACE i.a.p.raft.impl.RaftServiceManager - RaftServer{3} - Applying Indexed{index=71, entry=CommandEntry{term=3, timestamp=2018-06-07 10:46:01,639, session=2, sequence=48, operation=PrimitiveOperation{id=DefaultOperationId{id=write, type=COMMAND}, value=byte[]{length=17, hash=-1644578928}}}}
22:46:01.987 [raft-server-1-state] TRACE i.a.p.raft.impl.RaftServiceManager - RaftServer{1} - Applying Indexed{index=71, entry=CommandEntry{term=3, timestamp=2018-06-07 10:46:01,639, session=2, sequence=48, operation=PrimitiveOperation{id=DefaultOperationId{id=write, type=COMMAND}, value=byte[]{length=17, hash=-1644578928}}}}
22:46:01.987 [raft-server-3-state] TRACE i.a.p.s.impl.DefaultServiceExecutor - PrimitiveService{2}{type=io.atomix.protocols.raft.RaftTest$TestPrimitiveType@12cd62fc, name=raft-test} - Executing DefaultCommit{index=71, session=RaftSession{RaftServiceContext{server=3, type=io.atomix.protocols.raft.RaftTest$TestPrimitiveType@12cd62fc, name=raft-test, id=2}, session=2, timestamp=2018-06-07 10:46:01,639}, time=2018-06-07 10:46:01,639, operation=DefaultOperationId{id=write, type=COMMAND}, value=byte[]{length=17, hash=-1644578928}}
22:46:01.987 [raft-server-2] TRACE i.a.p.raft.roles.LeaderAppender - RaftServer{2} - Received AppendResponse{status=OK, term=3, succeeded=true, lastLogIndex=72} from 3
22:46:01.987 [raft-server-1-state] TRACE i.a.p.s.impl.DefaultServiceExecutor - PrimitiveService{2}{type=io.atomix.protocols.raft.RaftTest$TestPrimitiveType@54705ce8, name=raft-test} - Executing DefaultCommit{index=71, session=RaftSession{RaftServiceContext{server=1, type=io.atomix.protocols.raft.RaftTest$TestPrimitiveType@54705ce8, name=raft-test, id=2}, session=2, timestamp=2018-06-07 10:46:01,639}, time=2018-06-07 10:46:01,639, operation=DefaultOperationId{id=write, type=COMMAND}, value=byte[]{length=17, hash=-1644578928}}
22:46:01.987 [raft-server-2] TRACE i.a.p.raft.roles.LeaderAppender - RaftServer{2} - Committed entries up to 72
22:46:02.045 [raft-server-2] TRACE i.a.p.raft.roles.LeaderAppender - RaftServer{2} - Sending AppendRequest{term=3, leader=2, prevLogIndex=72, prevLogTerm=3, entries=0, commitIndex=72} to 3
22:46:02.045 [raft-server-3] TRACE i.a.p.raft.roles.FollowerRole - RaftServer{3}{role=FOLLOWER} - Received AppendRequest{term=3, leader=2, prevLogIndex=72, prevLogTerm=3, entries=0, commitIndex=72}
22:46:02.046 [raft-server-2] TRACE i.a.p.raft.roles.LeaderAppender - RaftServer{2} - Received AppendResponse{status=OK, term=3, succeeded=true, lastLogIndex=72} from 1
22:46:02.046 [raft-server-2] TRACE i.a.p.raft.roles.LeaderAppender - RaftServer{2} - Sending AppendRequest{term=3, leader=2, prevLogIndex=72, prevLogTerm=3, entries=0, commitIndex=72} to 1
22:46:02.046 [raft-server-1] TRACE i.a.p.raft.roles.FollowerRole - RaftServer{1}{role=FOLLOWER} - Received AppendRequest{term=3, leader=2, prevLogIndex=72, prevLogTerm=3, entries=0, commitIndex=72}
22:46:02.046 [raft-server-2-state] TRACE i.a.p.raft.impl.RaftServiceManager - RaftServer{2} - Applying Indexed{index=72, entry=CommandEntry{term=3, timestamp=2018-06-07 10:46:01,930, session=2, sequence=49, operation=PrimitiveOperation{id=DefaultOperationId{id=write, type=COMMAND}, value=byte[]{length=17, hash=-1644578928}}}}
22:46:02.046 [raft-server-2-state] TRACE i.a.p.s.impl.DefaultServiceExecutor - PrimitiveService{2}{type=io.atomix.protocols.raft.RaftTest$TestPrimitiveType@2fa5f551, name=raft-test} - Executing DefaultCommit{index=72, session=RaftSession{RaftServiceContext{server=2, type=io.atomix.protocols.raft.RaftTest$TestPrimitiveType@2fa5f551, name=raft-test, id=2}, session=2, timestamp=2018-06-07 10:46:01,930}, time=2018-06-07 10:46:01,930, operation=DefaultOperationId{id=write, type=COMMAND}, value=byte[]{length=17, hash=-1644578928}}
22:46:02.046 [raft-server-2-state] TRACE i.a.protocols.raft.roles.LeaderRole - RaftServer{2}{role=LEADER} - Sending CommandResponse{status=OK, index=72, eventIndex=2, result=byte[]{length=3, hash=34969}}
22:46:02.162 [raft-server-3] TRACE i.a.p.raft.roles.FollowerRole - RaftServer{3}{role=FOLLOWER} - Committed entries up to index 72
22:46:02.162 [raft-server-3] TRACE i.a.p.raft.roles.FollowerRole - RaftServer{3}{role=FOLLOWER} - Sending AppendResponse{status=OK, term=3, succeeded=true, lastLogIndex=72}
22:46:02.162 [raft-server-2] TRACE i.a.p.raft.roles.LeaderAppender - RaftServer{2} - Received AppendResponse{status=OK, term=3, succeeded=true, lastLogIndex=72} from 3
22:46:02.162 [raft-server-3-state] TRACE i.a.p.raft.impl.RaftServiceManager - RaftServer{3} - Applying Indexed{index=72, entry=CommandEntry{term=3, timestamp=2018-06-07 10:46:01,930, session=2, sequence=49, operation=PrimitiveOperation{id=DefaultOperationId{id=write, type=COMMAND}, value=byte[]{length=17, hash=-1644578928}}}}
22:46:02.162 [raft-server-3-state] TRACE i.a.p.s.impl.DefaultServiceExecutor - PrimitiveService{2}{type=io.atomix.protocols.raft.RaftTest$TestPrimitiveType@12cd62fc, name=raft-test} - Executing DefaultCommit{index=72, session=RaftSession{RaftServiceContext{server=3, type=io.atomix.protocols.raft.RaftTest$TestPrimitiveType@12cd62fc, name=raft-test, id=2}, session=2, timestamp=2018-06-07 10:46:01,930}, time=2018-06-07 10:46:01,930, operation=DefaultOperationId{id=write, type=COMMAND}, value=byte[]{length=17, hash=-1644578928}}
22:46:02.196 [raft-server-2] TRACE i.a.p.raft.roles.LeaderAppender - RaftServer{2} - Sending AppendRequest{term=3, leader=2, prevLogIndex=72, prevLogTerm=3, entries=0, commitIndex=72} to 3
22:46:02.196 [raft-server-3] TRACE i.a.p.raft.roles.FollowerRole - RaftServer{3}{role=FOLLOWER} - Received AppendRequest{term=3, leader=2, prevLogIndex=72, prevLogTerm=3, entries=0, commitIndex=72}
22:46:02.196 [raft-server-3] TRACE i.a.p.raft.roles.FollowerRole - RaftServer{3}{role=FOLLOWER} - Sending AppendResponse{status=OK, term=3, succeeded=true, lastLogIndex=72}
22:46:02.196 [raft-server-2] TRACE i.a.p.raft.roles.LeaderAppender - RaftServer{2} - Received AppendResponse{status=OK, term=3, succeeded=true, lastLogIndex=72} from 3
22:46:02.197 [raft-server-2] TRACE i.a.p.raft.roles.LeaderAppender - RaftServer{2} - Sending AppendRequest{term=3, leader=2, prevLogIndex=72, prevLogTerm=3, entries=0, commitIndex=72} to 3
22:46:02.197 [raft-server-3] TRACE i.a.p.raft.roles.FollowerRole - RaftServer{3}{role=FOLLOWER} - Received AppendRequest{term=3, leader=2, prevLogIndex=72, prevLogTerm=3, entries=0, commitIndex=72}
22:46:02.197 [raft-server-3] TRACE i.a.p.raft.roles.FollowerRole - RaftServer{3}{role=FOLLOWER} - Sending AppendResponse{status=OK, term=3, succeeded=true, lastLogIndex=72}
22:46:02.197 [raft-server-2] TRACE i.a.p.raft.roles.LeaderAppender - RaftServer{2} - Received AppendResponse{status=OK, term=3, succeeded=true, lastLogIndex=72} from 3
22:46:02.203 [raft-server-1] TRACE i.a.p.raft.roles.FollowerRole - RaftServer{1}{role=FOLLOWER} - Committed entries up to index 72
22:46:02.203 [raft-server-1] TRACE i.a.p.raft.roles.FollowerRole - RaftServer{1}{role=FOLLOWER} - Sending AppendResponse{status=OK, term=3, succeeded=true, lastLogIndex=72}
22:46:02.203 [raft-server-1] TRACE i.a.p.raft.roles.FollowerRole - RaftServer{1}{role=FOLLOWER} - Sending CommandResponse{status=OK, index=72, eventIndex=2, result=byte[]{length=3, hash=34969}}
22:46:02.204 [raft-server-2] TRACE i.a.p.raft.roles.LeaderAppender - RaftServer{2} - Received AppendResponse{status=OK, term=3, succeeded=true, lastLogIndex=72} from 1
22:46:02.204 [raft-client-4d6eb0c5-808f-4bee-91ae-78c435ccd24a-3] TRACE i.a.p.r.p.impl.RaftProxyConnection - PartitionProxy{2}{type=io.atomix.protocols.raft.RaftTest$TestPrimitiveType@35bfa1bb, name=raft-test} - Received CommandResponse{status=OK, index=72, eventIndex=2, result=byte[]{length=3, hash=34969}} from 1
22:46:02.204 [raft-client-4d6eb0c5-808f-4bee-91ae-78c435ccd24a-3] TRACE i.a.p.r.p.impl.RaftProxySequencer - PartitionProxy{2}{type=io.atomix.protocols.raft.RaftTest$TestPrimitiveType@35bfa1bb, name=raft-test} - Completing response CommandResponse{status=OK, index=72, eventIndex=2, result=byte[]{length=3, hash=34969}}
22:46:02.204 [raft-server-1-state] TRACE i.a.p.raft.impl.RaftServiceManager - RaftServer{1} - Applying Indexed{index=72, entry=CommandEntry{term=3, timestamp=2018-06-07 10:46:01,930, session=2, sequence=49, operation=PrimitiveOperation{id=DefaultOperationId{id=write, type=COMMAND}, value=byte[]{length=17, hash=-1644578928}}}}
22:46:02.204 [raft-server-1-state] TRACE i.a.p.s.impl.DefaultServiceExecutor - PrimitiveService{2}{type=io.atomix.protocols.raft.RaftTest$TestPrimitiveType@54705ce8, name=raft-test} - Executing DefaultCommit{index=72, session=RaftSession{RaftServiceContext{server=1, type=io.atomix.protocols.raft.RaftTest$TestPrimitiveType@54705ce8, name=raft-test, id=2}, session=2, timestamp=2018-06-07 10:46:01,930}, time=2018-06-07 10:46:01,930, operation=DefaultOperationId{id=write, type=COMMAND}, value=byte[]{length=17, hash=-1644578928}}
22:46:02.204 [raft-client-4d6eb0c5-808f-4bee-91ae-78c435ccd24a-0] TRACE i.a.p.r.p.impl.RaftProxyConnection - PartitionProxy{2}{type=io.atomix.protocols.raft.RaftTest$TestPrimitiveType@35bfa1bb, name=raft-test} - Sending CommandRequest{session=2, sequence=50, operation=PrimitiveOperation{id=DefaultOperationId{id=write, type=COMMAND}, value=byte[]{length=17, hash=-1644578928}}} to 1
22:46:02.204 [raft-server-1] TRACE i.a.p.raft.roles.FollowerRole - RaftServer{1}{role=FOLLOWER} - Received CommandRequest{session=2, sequence=50, operation=PrimitiveOperation{id=DefaultOperationId{id=write, type=COMMAND}, value=byte[]{length=17, hash=-1644578928}}}
22:46:02.204 [raft-server-2] TRACE i.a.protocols.raft.roles.LeaderRole - RaftServer{2}{role=LEADER} - Received CommandRequest{session=2, sequence=50, operation=PrimitiveOperation{id=DefaultOperationId{id=write, type=COMMAND}, value=byte[]{length=17, hash=-1644578928}}}
22:46:02.204 [raft-server-2] TRACE i.a.protocols.raft.roles.LeaderRole - RaftServer{2}{role=LEADER} - Appended Indexed{index=73, entry=CommandEntry{term=3, timestamp=2018-06-07 10:46:02,204, session=2, sequence=50, operation=PrimitiveOperation{id=DefaultOperationId{id=write, type=COMMAND}, value=byte[]{length=17, hash=-1644578928}}}}
22:46:02.205 [raft-server-2] TRACE i.a.p.raft.roles.LeaderAppender - RaftServer{2} - Sending AppendRequest{term=3, leader=2, prevLogIndex=72, prevLogTerm=3, entries=1, commitIndex=72} to 1
22:46:02.205 [raft-server-1] TRACE i.a.p.raft.roles.FollowerRole - RaftServer{1}{role=FOLLOWER} - Received AppendRequest{term=3, leader=2, prevLogIndex=72, prevLogTerm=3, entries=1, commitIndex=72}
22:46:02.205 [raft-server-2] TRACE i.a.p.raft.roles.LeaderAppender - RaftServer{2} - Sending AppendRequest{term=3, leader=2, prevLogIndex=72, prevLogTerm=3, entries=1, commitIndex=72} to 3
22:46:02.205 [raft-server-3] TRACE i.a.p.raft.roles.FollowerRole - RaftServer{3}{role=FOLLOWER} - Received AppendRequest{term=3, leader=2, prevLogIndex=72, prevLogTerm=3, entries=1, commitIndex=72}
22:46:02.205 [raft-server-1] TRACE i.a.p.raft.roles.FollowerRole - RaftServer{1}{role=FOLLOWER} - Appended Indexed{index=73, entry=CommandEntry{term=3, timestamp=2018-06-07 10:46:02,204, session=2, sequence=50, operation=PrimitiveOperation{id=DefaultOperationId{id=write, type=COMMAND}, value=byte[]{length=17, hash=-1644578928}}}}
22:46:02.205 [raft-server-1] TRACE i.a.p.raft.roles.FollowerRole - RaftServer{1}{role=FOLLOWER} - Sending AppendResponse{status=OK, term=3, succeeded=true, lastLogIndex=73}
22:46:02.205 [raft-server-2] TRACE i.a.p.raft.roles.LeaderAppender - RaftServer{2} - Received AppendResponse{status=OK, term=3, succeeded=true, lastLogIndex=73} from 1
22:46:02.205 [raft-server-3] TRACE i.a.p.raft.roles.FollowerRole - RaftServer{3}{role=FOLLOWER} - Appended Indexed{index=73, entry=CommandEntry{term=3, timestamp=2018-06-07 10:46:02,204, session=2, sequence=50, operation=PrimitiveOperation{id=DefaultOperationId{id=write, type=COMMAND}, value=byte[]{length=17, hash=-1644578928}}}}
22:46:02.205 [raft-server-2] TRACE i.a.p.raft.roles.LeaderAppender - RaftServer{2} - Committed entries up to 73
22:46:02.205 [raft-server-3] TRACE i.a.p.raft.roles.FollowerRole - RaftServer{3}{role=FOLLOWER} - Sending AppendResponse{status=OK, term=3, succeeded=true, lastLogIndex=73}
22:46:02.262 [raft-server-2] TRACE i.a.p.raft.roles.LeaderAppender - RaftServer{2} - Received AppendResponse{status=OK, term=3, succeeded=true, lastLogIndex=73} from 3
22:46:02.262 [raft-server-2-state] TRACE i.a.p.raft.impl.RaftServiceManager - RaftServer{2} - Applying Indexed{index=73, entry=CommandEntry{term=3, timestamp=2018-06-07 10:46:02,204, session=2, sequence=50, operation=PrimitiveOperation{id=DefaultOperationId{id=write, type=COMMAND}, value=byte[]{length=17, hash=-1644578928}}}}
22:46:02.262 [raft-server-2-state] TRACE i.a.p.s.impl.DefaultServiceExecutor - PrimitiveService{2}{type=io.atomix.protocols.raft.RaftTest$TestPrimitiveType@2fa5f551, name=raft-test} - Executing DefaultCommit{index=73, session=RaftSession{RaftServiceContext{server=2, type=io.atomix.protocols.raft.RaftTest$TestPrimitiveType@2fa5f551, name=raft-test, id=2}, session=2, timestamp=2018-06-07 10:46:02,204}, time=2018-06-07 10:46:02,204, operation=DefaultOperationId{id=write, type=COMMAND}, value=byte[]{length=17, hash=-1644578928}}
22:46:02.262 [raft-server-2-state] TRACE i.a.protocols.raft.roles.LeaderRole - RaftServer{2}{role=LEADER} - Sending CommandResponse{status=OK, index=73, eventIndex=2, result=byte[]{length=3, hash=35031}}
22:46:02.262 [raft-server-1] TRACE i.a.p.raft.roles.FollowerRole - RaftServer{1}{role=FOLLOWER} - Sending CommandResponse{status=OK, index=73, eventIndex=2, result=byte[]{length=3, hash=35031}}
22:46:02.263 [raft-client-4d6eb0c5-808f-4bee-91ae-78c435ccd24a-4] TRACE i.a.p.r.p.impl.RaftProxyConnection - PartitionProxy{2}{type=io.atomix.protocols.raft.RaftTest$TestPrimitiveType@35bfa1bb, name=raft-test} - Received CommandResponse{status=OK, index=73, eventIndex=2, result=byte[]{length=3, hash=35031}} from 1
22:46:02.263 [raft-client-4d6eb0c5-808f-4bee-91ae-78c435ccd24a-4] TRACE i.a.p.r.p.impl.RaftProxySequencer - PartitionProxy{2}{type=io.atomix.protocols.raft.RaftTest$TestPrimitiveType@35bfa1bb, name=raft-test} - Completing response CommandResponse{status=OK, index=73, eventIndex=2, result=byte[]{length=3, hash=35031}}
22:46:02.263 [raft-client-4d6eb0c5-808f-4bee-91ae-78c435ccd24a-7] TRACE i.a.p.r.p.impl.RaftProxyConnection - PartitionProxy{2}{type=io.atomix.protocols.raft.RaftTest$TestPrimitiveType@35bfa1bb, name=raft-test} - Sending CommandRequest{session=2, sequence=51, operation=PrimitiveOperation{id=DefaultOperationId{id=write, type=COMMAND}, value=byte[]{length=17, hash=-1644578928}}} to 1
22:46:02.263 [raft-server-1] TRACE i.a.p.raft.roles.FollowerRole - RaftServer{1}{role=FOLLOWER} - Received CommandRequest{session=2, sequence=51, operation=PrimitiveOperation{id=DefaultOperationId{id=write, type=COMMAND}, value=byte[]{length=17, hash=-1644578928}}}
22:46:02.263 [raft-server-2] TRACE i.a.protocols.raft.roles.LeaderRole - RaftServer{2}{role=LEADER} - Received CommandRequest{session=2, sequence=51, operation=PrimitiveOperation{id=DefaultOperationId{id=write, type=COMMAND}, value=byte[]{length=17, hash=-1644578928}}}
22:46:02.263 [raft-server-2] TRACE i.a.protocols.raft.roles.LeaderRole - RaftServer{2}{role=LEADER} - Appended Indexed{index=74, entry=CommandEntry{term=3, timestamp=2018-06-07 10:46:02,263, session=2, sequence=51, operation=PrimitiveOperation{id=DefaultOperationId{id=write, type=COMMAND}, value=byte[]{length=17, hash=-1644578928}}}}
22:46:02.263 [raft-server-2] TRACE i.a.p.raft.roles.LeaderAppender - RaftServer{2} - Sending AppendRequest{term=3, leader=2, prevLogIndex=73, prevLogTerm=3, entries=1, commitIndex=73} to 1
22:46:02.264 [raft-server-1] TRACE i.a.p.raft.roles.FollowerRole - RaftServer{1}{role=FOLLOWER} - Received AppendRequest{term=3, leader=2, prevLogIndex=73, prevLogTerm=3, entries=1, commitIndex=73}
22:46:02.264 [raft-server-2] TRACE i.a.p.raft.roles.LeaderAppender - RaftServer{2} - Sending AppendRequest{term=3, leader=2, prevLogIndex=73, prevLogTerm=3, entries=1, commitIndex=73} to 3
22:46:02.264 [raft-server-3] TRACE i.a.p.raft.roles.FollowerRole - RaftServer{3}{role=FOLLOWER} - Received AppendRequest{term=3, leader=2, prevLogIndex=73, prevLogTerm=3, entries=1, commitIndex=73}
22:46:02.264 [raft-server-1] TRACE i.a.p.raft.roles.FollowerRole - RaftServer{1}{role=FOLLOWER} - Appended Indexed{index=74, entry=CommandEntry{term=3, timestamp=2018-06-07 10:46:02,263, session=2, sequence=51, operation=PrimitiveOperation{id=DefaultOperationId{id=write, type=COMMAND}, value=byte[]{length=17, hash=-1644578928}}}}
22:46:02.264 [raft-server-3] TRACE i.a.p.raft.roles.FollowerRole - RaftServer{3}{role=FOLLOWER} - Appended Indexed{index=74, entry=CommandEntry{term=3, timestamp=2018-06-07 10:46:02,263, session=2, sequence=51, operation=PrimitiveOperation{id=DefaultOperationId{id=write, type=COMMAND}, value=byte[]{length=17, hash=-1644578928}}}}
22:46:02.320 [raft-server-3] TRACE i.a.p.raft.roles.FollowerRole - RaftServer{3}{role=FOLLOWER} - Committed entries up to index 73
22:46:02.320 [raft-server-1] TRACE i.a.p.raft.roles.FollowerRole - RaftServer{1}{role=FOLLOWER} - Committed entries up to index 73
22:46:02.320 [raft-server-3] TRACE i.a.p.raft.roles.FollowerRole - RaftServer{3}{role=FOLLOWER} - Sending AppendResponse{status=OK, term=3, succeeded=true, lastLogIndex=74}
22:46:02.320 [raft-server-1] TRACE i.a.p.raft.roles.FollowerRole - RaftServer{1}{role=FOLLOWER} - Sending AppendResponse{status=OK, term=3, succeeded=true, lastLogIndex=74}
22:46:02.320 [raft-server-2] TRACE i.a.p.raft.roles.LeaderAppender - RaftServer{2} - Received AppendResponse{status=OK, term=3, succeeded=true, lastLogIndex=74} from 3
22:46:02.321 [raft-server-2] TRACE i.a.p.raft.roles.LeaderAppender - RaftServer{2} - Committed entries up to 74
22:46:02.320 [raft-server-1-state] TRACE i.a.p.raft.impl.RaftServiceManager - RaftServer{1} - Applying Indexed{index=73, entry=CommandEntry{term=3, timestamp=2018-06-07 10:46:02,204, session=2, sequence=50, operation=PrimitiveOperation{id=DefaultOperationId{id=write, type=COMMAND}, value=byte[]{length=17, hash=-1644578928}}}}
22:46:02.320 [raft-server-3-state] TRACE i.a.p.raft.impl.RaftServiceManager - RaftServer{3} - Applying Indexed{index=73, entry=CommandEntry{term=3, timestamp=2018-06-07 10:46:02,204, session=2, sequence=50, operation=PrimitiveOperation{id=DefaultOperationId{id=write, type=COMMAND}, value=byte[]{length=17, hash=-1644578928}}}}
22:46:02.321 [raft-server-3-state] TRACE i.a.p.s.impl.DefaultServiceExecutor - PrimitiveService{2}{type=io.atomix.protocols.raft.RaftTest$TestPrimitiveType@12cd62fc, name=raft-test} - Executing DefaultCommit{index=73, session=RaftSession{RaftServiceContext{server=3, type=io.atomix.protocols.raft.RaftTest$TestPrimitiveType@12cd62fc, name=raft-test, id=2}, session=2, timestamp=2018-06-07 10:46:02,204}, time=2018-06-07 10:46:02,204, operation=DefaultOperationId{id=write, type=COMMAND}, value=byte[]{length=17, hash=-1644578928}}
22:46:02.321 [raft-server-1-state] TRACE i.a.p.s.impl.DefaultServiceExecutor - PrimitiveService{2}{type=io.atomix.protocols.raft.RaftTest$TestPrimitiveType@54705ce8, name=raft-test} - Executing DefaultCommit{index=73, session=RaftSession{RaftServiceContext{server=1, type=io.atomix.protocols.raft.RaftTest$TestPrimitiveType@54705ce8, name=raft-test, id=2}, session=2, timestamp=2018-06-07 10:46:02,204}, time=2018-06-07 10:46:02,204, operation=DefaultOperationId{id=write, type=COMMAND}, value=byte[]{length=17, hash=-1644578928}}
22:46:02.380 [raft-server-2] TRACE i.a.p.raft.roles.LeaderAppender - RaftServer{2} - Received AppendResponse{status=OK, term=3, succeeded=true, lastLogIndex=74} from 1
22:46:02.380 [raft-server-2-state] TRACE i.a.p.raft.impl.RaftServiceManager - RaftServer{2} - Applying Indexed{index=74, entry=CommandEntry{term=3, timestamp=2018-06-07 10:46:02,263, session=2, sequence=51, operation=PrimitiveOperation{id=DefaultOperationId{id=write, type=COMMAND}, value=byte[]{length=17, hash=-1644578928}}}}
22:46:02.380 [raft-server-2-state] TRACE i.a.p.s.impl.DefaultServiceExecutor - PrimitiveService{2}{type=io.atomix.protocols.raft.RaftTest$TestPrimitiveType@2fa5f551, name=raft-test} - Executing DefaultCommit{index=74, session=RaftSession{RaftServiceContext{server=2, type=io.atomix.protocols.raft.RaftTest$TestPrimitiveType@2fa5f551, name=raft-test, id=2}, session=2, timestamp=2018-06-07 10:46:02,263}, time=2018-06-07 10:46:02,263, operation=DefaultOperationId{id=write, type=COMMAND}, value=byte[]{length=17, hash=-1644578928}}
22:46:02.380 [raft-server-2-state] TRACE i.a.protocols.raft.roles.LeaderRole - RaftServer{2}{role=LEADER} - Sending CommandResponse{status=OK, index=74, eventIndex=2, result=byte[]{length=3, hash=35093}}
22:46:02.380 [raft-server-1] TRACE i.a.p.raft.roles.FollowerRole - RaftServer{1}{role=FOLLOWER} - Sending CommandResponse{status=OK, index=74, eventIndex=2, result=byte[]{length=3, hash=35093}}
22:46:02.381 [raft-client-4d6eb0c5-808f-4bee-91ae-78c435ccd24a-5] TRACE i.a.p.r.p.impl.RaftProxyConnection - PartitionProxy{2}{type=io.atomix.protocols.raft.RaftTest$TestPrimitiveType@35bfa1bb, name=raft-test} - Received CommandResponse{status=OK, index=74, eventIndex=2, result=byte[]{length=3, hash=35093}} from 1
22:46:02.381 [raft-client-4d6eb0c5-808f-4bee-91ae-78c435ccd24a-5] TRACE i.a.p.r.p.impl.RaftProxySequencer - PartitionProxy{2}{type=io.atomix.protocols.raft.RaftTest$TestPrimitiveType@35bfa1bb, name=raft-test} - Completing response CommandResponse{status=OK, index=74, eventIndex=2, result=byte[]{length=3, hash=35093}}
22:46:02.381 [raft-client-4d6eb0c5-808f-4bee-91ae-78c435ccd24a-2] TRACE i.a.p.r.p.impl.RaftProxyConnection - PartitionProxy{2}{type=io.atomix.protocols.raft.RaftTest$TestPrimitiveType@35bfa1bb, name=raft-test} - Sending CommandRequest{session=2, sequence=52, operation=PrimitiveOperation{id=DefaultOperationId{id=write, type=COMMAND}, value=byte[]{length=17, hash=-1644578928}}} to 1
22:46:02.381 [raft-server-1] TRACE i.a.p.raft.roles.FollowerRole - RaftServer{1}{role=FOLLOWER} - Received CommandRequest{session=2, sequence=52, operation=PrimitiveOperation{id=DefaultOperationId{id=write, type=COMMAND}, value=byte[]{length=17, hash=-1644578928}}}
22:46:02.381 [raft-server-2] TRACE i.a.protocols.raft.roles.LeaderRole - RaftServer{2}{role=LEADER} - Received CommandRequest{session=2, sequence=52, operation=PrimitiveOperation{id=DefaultOperationId{id=write, type=COMMAND}, value=byte[]{length=17, hash=-1644578928}}}
22:46:02.381 [raft-server-2] TRACE i.a.protocols.raft.roles.LeaderRole - RaftServer{2}{role=LEADER} - Appended Indexed{index=75, entry=CommandEntry{term=3, timestamp=2018-06-07 10:46:02,381, session=2, sequence=52, operation=PrimitiveOperation{id=DefaultOperationId{id=write, type=COMMAND}, value=byte[]{length=17, hash=-1644578928}}}}
22:46:02.382 [raft-server-2] TRACE i.a.p.raft.roles.LeaderAppender - RaftServer{2} - Sending AppendRequest{term=3, leader=2, prevLogIndex=74, prevLogTerm=3, entries=1, commitIndex=74} to 1
22:46:02.382 [raft-server-1] TRACE i.a.p.raft.roles.FollowerRole - RaftServer{1}{role=FOLLOWER} - Received AppendRequest{term=3, leader=2, prevLogIndex=74, prevLogTerm=3, entries=1, commitIndex=74}
22:46:02.382 [raft-server-2] TRACE i.a.p.raft.roles.LeaderAppender - RaftServer{2} - Sending AppendRequest{term=3, leader=2, prevLogIndex=74, prevLogTerm=3, entries=1, commitIndex=74} to 3
22:46:02.382 [raft-server-3] TRACE i.a.p.raft.roles.FollowerRole - RaftServer{3}{role=FOLLOWER} - Received AppendRequest{term=3, leader=2, prevLogIndex=74, prevLogTerm=3, entries=1, commitIndex=74}
22:46:02.382 [raft-server-1] TRACE i.a.p.raft.roles.FollowerRole - RaftServer{1}{role=FOLLOWER} - Appended Indexed{index=75, entry=CommandEntry{term=3, timestamp=2018-06-07 10:46:02,381, session=2, sequence=52, operation=PrimitiveOperation{id=DefaultOperationId{id=write, type=COMMAND}, value=byte[]{length=17, hash=-1644578928}}}}
22:46:02.382 [raft-server-3] TRACE i.a.p.raft.roles.FollowerRole - RaftServer{3}{role=FOLLOWER} - Appended Indexed{index=75, entry=CommandEntry{term=3, timestamp=2018-06-07 10:46:02,381, session=2, sequence=52, operation=PrimitiveOperation{id=DefaultOperationId{id=write, type=COMMAND}, value=byte[]{length=17, hash=-1644578928}}}}
22:46:02.447 [raft-server-1] TRACE i.a.p.raft.roles.FollowerRole - RaftServer{1}{role=FOLLOWER} - Committed entries up to index 74
22:46:02.447 [raft-server-3] TRACE i.a.p.raft.roles.FollowerRole - RaftServer{3}{role=FOLLOWER} - Committed entries up to index 74
22:46:02.447 [raft-server-1] TRACE i.a.p.raft.roles.FollowerRole - RaftServer{1}{role=FOLLOWER} - Sending AppendResponse{status=OK, term=3, succeeded=true, lastLogIndex=75}
22:46:02.447 [raft-server-3] TRACE i.a.p.raft.roles.FollowerRole - RaftServer{3}{role=FOLLOWER} - Sending AppendResponse{status=OK, term=3, succeeded=true, lastLogIndex=75}
22:46:02.447 [raft-server-2] TRACE i.a.p.raft.roles.LeaderAppender - RaftServer{2} - Received AppendResponse{status=OK, term=3, succeeded=true, lastLogIndex=75} from 1
22:46:02.447 [raft-server-2] TRACE i.a.p.raft.roles.LeaderAppender - RaftServer{2} - Committed entries up to 75
22:46:02.447 [raft-server-1-state] TRACE i.a.p.raft.impl.RaftServiceManager - RaftServer{1} - Applying Indexed{index=74, entry=CommandEntry{term=3, timestamp=2018-06-07 10:46:02,263, session=2, sequence=51, operation=PrimitiveOperation{id=DefaultOperationId{id=write, type=COMMAND}, value=byte[]{length=17, hash=-1644578928}}}}
22:46:02.447 [raft-server-3-state] TRACE i.a.p.raft.impl.RaftServiceManager - RaftServer{3} - Applying Indexed{index=74, entry=CommandEntry{term=3, timestamp=2018-06-07 10:46:02,263, session=2, sequence=51, operation=PrimitiveOperation{id=DefaultOperationId{id=write, type=COMMAND}, value=byte[]{length=17, hash=-1644578928}}}}
22:46:02.447 [raft-server-1-state] TRACE i.a.p.s.impl.DefaultServiceExecutor - PrimitiveService{2}{type=io.atomix.protocols.raft.RaftTest$TestPrimitiveType@54705ce8, name=raft-test} - Executing DefaultCommit{index=74, session=RaftSession{RaftServiceContext{server=1, type=io.atomix.protocols.raft.RaftTest$TestPrimitiveType@54705ce8, name=raft-test, id=2}, session=2, timestamp=2018-06-07 10:46:02,263}, time=2018-06-07 10:46:02,263, operation=DefaultOperationId{id=write, type=COMMAND}, value=byte[]{length=17, hash=-1644578928}}
22:46:02.447 [raft-server-3-state] TRACE i.a.p.s.impl.DefaultServiceExecutor - PrimitiveService{2}{type=io.atomix.protocols.raft.RaftTest$TestPrimitiveType@12cd62fc, name=raft-test} - Executing DefaultCommit{index=74, session=RaftSession{RaftServiceContext{server=3, type=io.atomix.protocols.raft.RaftTest$TestPrimitiveType@12cd62fc, name=raft-test, id=2}, session=2, timestamp=2018-06-07 10:46:02,263}, time=2018-06-07 10:46:02,263, operation=DefaultOperationId{id=write, type=COMMAND}, value=byte[]{length=17, hash=-1644578928}}
22:46:02.506 [raft-server-2] TRACE i.a.p.raft.roles.LeaderAppender - RaftServer{2} - Sending AppendRequest{term=3, leader=2, prevLogIndex=75, prevLogTerm=3, entries=0, commitIndex=75} to 1
22:46:02.506 [raft-server-2] TRACE i.a.p.raft.roles.LeaderAppender - RaftServer{2} - Received AppendResponse{status=OK, term=3, succeeded=true, lastLogIndex=75} from 3
22:46:02.506 [raft-server-1] TRACE i.a.p.raft.roles.FollowerRole - RaftServer{1}{role=FOLLOWER} - Received AppendRequest{term=3, leader=2, prevLogIndex=75, prevLogTerm=3, entries=0, commitIndex=75}
22:46:02.506 [raft-server-2] TRACE i.a.p.raft.roles.LeaderAppender - RaftServer{2} - Sending AppendRequest{term=3, leader=2, prevLogIndex=75, prevLogTerm=3, entries=0, commitIndex=75} to 3
22:46:02.507 [raft-server-1] TRACE i.a.p.raft.roles.FollowerRole - RaftServer{1}{role=FOLLOWER} - Committed entries up to index 75
22:46:02.507 [raft-server-1] TRACE i.a.p.raft.roles.FollowerRole - RaftServer{1}{role=FOLLOWER} - Sending AppendResponse{status=OK, term=3, succeeded=true, lastLogIndex=75}
22:46:02.507 [raft-server-3] TRACE i.a.p.raft.roles.FollowerRole - RaftServer{3}{role=FOLLOWER} - Received AppendRequest{term=3, leader=2, prevLogIndex=75, prevLogTerm=3, entries=0, commitIndex=75}
22:46:02.507 [raft-server-2] TRACE i.a.p.raft.roles.LeaderAppender - RaftServer{2} - Received AppendResponse{status=OK, term=3, succeeded=true, lastLogIndex=75} from 1
22:46:02.507 [raft-server-2-state] TRACE i.a.p.raft.impl.RaftServiceManager - RaftServer{2} - Applying Indexed{index=75, entry=CommandEntry{term=3, timestamp=2018-06-07 10:46:02,381, session=2, sequence=52, operation=PrimitiveOperation{id=DefaultOperationId{id=write, type=COMMAND}, value=byte[]{length=17, hash=-1644578928}}}}
22:46:02.507 [raft-server-1-state] TRACE i.a.p.raft.impl.RaftServiceManager - RaftServer{1} - Applying Indexed{index=75, entry=CommandEntry{term=3, timestamp=2018-06-07 10:46:02,381, session=2, sequence=52, operation=PrimitiveOperation{id=DefaultOperationId{id=write, type=COMMAND}, value=byte[]{length=17, hash=-1644578928}}}}
22:46:02.507 [raft-server-2-state] TRACE i.a.p.s.impl.DefaultServiceExecutor - PrimitiveService{2}{type=io.atomix.protocols.raft.RaftTest$TestPrimitiveType@2fa5f551, name=raft-test} - Executing DefaultCommit{index=75, session=RaftSession{RaftServiceContext{server=2, type=io.atomix.protocols.raft.RaftTest$TestPrimitiveType@2fa5f551, name=raft-test, id=2}, session=2, timestamp=2018-06-07 10:46:02,381}, time=2018-06-07 10:46:02,381, operation=DefaultOperationId{id=write, type=COMMAND}, value=byte[]{length=17, hash=-1644578928}}
22:46:02.507 [raft-server-1-state] TRACE i.a.p.s.impl.DefaultServiceExecutor - PrimitiveService{2}{type=io.atomix.protocols.raft.RaftTest$TestPrimitiveType@54705ce8, name=raft-test} - Executing DefaultCommit{index=75, session=RaftSession{RaftServiceContext{server=1, type=io.atomix.protocols.raft.RaftTest$TestPrimitiveType@54705ce8, name=raft-test, id=2}, session=2, timestamp=2018-06-07 10:46:02,381}, time=2018-06-07 10:46:02,381, operation=DefaultOperationId{id=write, type=COMMAND}, value=byte[]{length=17, hash=-1644578928}}
22:46:02.507 [raft-server-2-state] TRACE i.a.protocols.raft.roles.LeaderRole - RaftServer{2}{role=LEADER} - Sending CommandResponse{status=OK, index=75, eventIndex=2, result=byte[]{length=3, hash=35155}}
22:46:02.507 [raft-server-1] TRACE i.a.p.raft.roles.FollowerRole - RaftServer{1}{role=FOLLOWER} - Sending CommandResponse{status=OK, index=75, eventIndex=2, result=byte[]{length=3, hash=35155}}
22:46:02.507 [raft-client-4d6eb0c5-808f-4bee-91ae-78c435ccd24a-3] TRACE i.a.p.r.p.impl.RaftProxyConnection - PartitionProxy{2}{type=io.atomix.protocols.raft.RaftTest$TestPrimitiveType@35bfa1bb, name=raft-test} - Received CommandResponse{status=OK, index=75, eventIndex=2, result=byte[]{length=3, hash=35155}} from 1
22:46:02.507 [raft-client-4d6eb0c5-808f-4bee-91ae-78c435ccd24a-3] TRACE i.a.p.r.p.impl.RaftProxySequencer - PartitionProxy{2}{type=io.atomix.protocols.raft.RaftTest$TestPrimitiveType@35bfa1bb, name=raft-test} - Completing response CommandResponse{status=OK, index=75, eventIndex=2, result=byte[]{length=3, hash=35155}}
22:46:02.508 [raft-client-4d6eb0c5-808f-4bee-91ae-78c435ccd24a-6] TRACE i.a.p.r.p.impl.RaftProxyConnection - PartitionProxy{2}{type=io.atomix.protocols.raft.RaftTest$TestPrimitiveType@35bfa1bb, name=raft-test} - Sending CommandRequest{session=2, sequence=53, operation=PrimitiveOperation{id=DefaultOperationId{id=write, type=COMMAND}, value=byte[]{length=17, hash=-1644578928}}} to 1
22:46:02.508 [raft-server-1] TRACE i.a.p.raft.roles.FollowerRole - RaftServer{1}{role=FOLLOWER} - Received CommandRequest{session=2, sequence=53, operation=PrimitiveOperation{id=DefaultOperationId{id=write, type=COMMAND}, value=byte[]{length=17, hash=-1644578928}}}
22:46:02.508 [raft-server-2] TRACE i.a.protocols.raft.roles.LeaderRole - RaftServer{2}{role=LEADER} - Received CommandRequest{session=2, sequence=53, operation=PrimitiveOperation{id=DefaultOperationId{id=write, type=COMMAND}, value=byte[]{length=17, hash=-1644578928}}}
22:46:02.508 [raft-server-2] TRACE i.a.protocols.raft.roles.LeaderRole - RaftServer{2}{role=LEADER} - Appended Indexed{index=76, entry=CommandEntry{term=3, timestamp=2018-06-07 10:46:02,508, session=2, sequence=53, operation=PrimitiveOperation{id=DefaultOperationId{id=write, type=COMMAND}, value=byte[]{length=17, hash=-1644578928}}}}
22:46:02.508 [raft-server-2] TRACE i.a.p.raft.roles.LeaderAppender - RaftServer{2} - Sending AppendRequest{term=3, leader=2, prevLogIndex=75, prevLogTerm=3, entries=1, commitIndex=75} to 1
22:46:02.508 [raft-server-1] TRACE i.a.p.raft.roles.FollowerRole - RaftServer{1}{role=FOLLOWER} - Received AppendRequest{term=3, leader=2, prevLogIndex=75, prevLogTerm=3, entries=1, commitIndex=75}
22:46:02.508 [raft-server-1] TRACE i.a.p.raft.roles.FollowerRole - RaftServer{1}{role=FOLLOWER} - Appended Indexed{index=76, entry=CommandEntry{term=3, timestamp=2018-06-07 10:46:02,508, session=2, sequence=53, operation=PrimitiveOperation{id=DefaultOperationId{id=write, type=COMMAND}, value=byte[]{length=17, hash=-1644578928}}}}
22:46:02.508 [raft-server-1] TRACE i.a.p.raft.roles.FollowerRole - RaftServer{1}{role=FOLLOWER} - Sending AppendResponse{status=OK, term=3, succeeded=true, lastLogIndex=76}
22:46:02.509 [raft-server-2] TRACE i.a.p.raft.roles.LeaderAppender - RaftServer{2} - Received AppendResponse{status=OK, term=3, succeeded=true, lastLogIndex=76} from 1
22:46:02.509 [raft-server-2] TRACE i.a.p.raft.roles.LeaderAppender - RaftServer{2} - Committed entries up to 76
22:46:02.576 [raft-server-3] TRACE i.a.p.raft.roles.FollowerRole - RaftServer{3}{role=FOLLOWER} - Committed entries up to index 75
22:46:02.576 [raft-server-3] TRACE i.a.p.raft.roles.FollowerRole - RaftServer{3}{role=FOLLOWER} - Sending AppendResponse{status=OK, term=3, succeeded=true, lastLogIndex=75}
22:46:02.576 [raft-server-3-state] TRACE i.a.p.raft.impl.RaftServiceManager - RaftServer{3} - Applying Indexed{index=75, entry=CommandEntry{term=3, timestamp=2018-06-07 10:46:02,381, session=2, sequence=52, operation=PrimitiveOperation{id=DefaultOperationId{id=write, type=COMMAND}, value=byte[]{length=17, hash=-1644578928}}}}
22:46:02.576 [raft-server-3-state] TRACE i.a.p.s.impl.DefaultServiceExecutor - PrimitiveService{2}{type=io.atomix.protocols.raft.RaftTest$TestPrimitiveType@12cd62fc, name=raft-test} - Executing DefaultCommit{index=75, session=RaftSession{RaftServiceContext{server=3, type=io.atomix.protocols.raft.RaftTest$TestPrimitiveType@12cd62fc, name=raft-test, id=2}, session=2, timestamp=2018-06-07 10:46:02,381}, time=2018-06-07 10:46:02,381, operation=DefaultOperationId{id=write, type=COMMAND}, value=byte[]{length=17, hash=-1644578928}}
22:46:02.595 [raft-server-2] TRACE i.a.p.raft.roles.LeaderAppender - RaftServer{2} - Received AppendResponse{status=OK, term=3, succeeded=true, lastLogIndex=75} from 3
22:46:02.595 [raft-server-2] TRACE i.a.p.raft.roles.LeaderAppender - RaftServer{2} - Sending AppendRequest{term=3, leader=2, prevLogIndex=75, prevLogTerm=3, entries=1, commitIndex=76} to 3
22:46:02.595 [raft-server-3] TRACE i.a.p.raft.roles.FollowerRole - RaftServer{3}{role=FOLLOWER} - Received AppendRequest{term=3, leader=2, prevLogIndex=75, prevLogTerm=3, entries=1, commitIndex=76}
22:46:02.595 [raft-server-2-state] TRACE i.a.p.raft.impl.RaftServiceManager - RaftServer{2} - Applying Indexed{index=76, entry=CommandEntry{term=3, timestamp=2018-06-07 10:46:02,508, session=2, sequence=53, operation=PrimitiveOperation{id=DefaultOperationId{id=write, type=COMMAND}, value=byte[]{length=17, hash=-1644578928}}}}
22:46:02.595 [raft-server-3] TRACE i.a.p.raft.roles.FollowerRole - RaftServer{3}{role=FOLLOWER} - Appended Indexed{index=76, entry=CommandEntry{term=3, timestamp=2018-06-07 10:46:02,508, session=2, sequence=53, operation=PrimitiveOperation{id=DefaultOperationId{id=write, type=COMMAND}, value=byte[]{length=17, hash=-1644578928}}}}
22:46:02.595 [raft-server-2-state] TRACE i.a.p.s.impl.DefaultServiceExecutor - PrimitiveService{2}{type=io.atomix.protocols.raft.RaftTest$TestPrimitiveType@2fa5f551, name=raft-test} - Executing DefaultCommit{index=76, session=RaftSession{RaftServiceContext{server=2, type=io.atomix.protocols.raft.RaftTest$TestPrimitiveType@2fa5f551, name=raft-test, id=2}, session=2, timestamp=2018-06-07 10:46:02,508}, time=2018-06-07 10:46:02,508, operation=DefaultOperationId{id=write, type=COMMAND}, value=byte[]{length=17, hash=-1644578928}}
22:46:02.596 [raft-server-2-state] TRACE i.a.protocols.raft.roles.LeaderRole - RaftServer{2}{role=LEADER} - Sending CommandResponse{status=OK, index=76, eventIndex=2, result=byte[]{length=3, hash=35217}}
22:46:02.596 [raft-server-1] TRACE i.a.p.raft.roles.FollowerRole - RaftServer{1}{role=FOLLOWER} - Sending CommandResponse{status=OK, index=76, eventIndex=2, result=byte[]{length=3, hash=35217}}
22:46:02.596 [raft-client-4d6eb0c5-808f-4bee-91ae-78c435ccd24a-4] TRACE i.a.p.r.p.impl.RaftProxyConnection - PartitionProxy{2}{type=io.atomix.protocols.raft.RaftTest$TestPrimitiveType@35bfa1bb, name=raft-test} - Received CommandResponse{status=OK, index=76, eventIndex=2, result=byte[]{length=3, hash=35217}} from 1
22:46:02.596 [raft-client-4d6eb0c5-808f-4bee-91ae-78c435ccd24a-4] TRACE i.a.p.r.p.impl.RaftProxySequencer - PartitionProxy{2}{type=io.atomix.protocols.raft.RaftTest$TestPrimitiveType@35bfa1bb, name=raft-test} - Completing response CommandResponse{status=OK, index=76, eventIndex=2, result=byte[]{length=3, hash=35217}}
22:46:02.596 [raft-client-4d6eb0c5-808f-4bee-91ae-78c435ccd24a-7] TRACE i.a.p.r.p.impl.RaftProxyConnection - PartitionProxy{2}{type=io.atomix.protocols.raft.RaftTest$TestPrimitiveType@35bfa1bb, name=raft-test} - Sending CommandRequest{session=2, sequence=54, operation=PrimitiveOperation{id=DefaultOperationId{id=write, type=COMMAND}, value=byte[]{length=17, hash=-1644578928}}} to 1
22:46:02.596 [raft-server-1] TRACE i.a.p.raft.roles.FollowerRole - RaftServer{1}{role=FOLLOWER} - Received CommandRequest{session=2, sequence=54, operation=PrimitiveOperation{id=DefaultOperationId{id=write, type=COMMAND}, value=byte[]{length=17, hash=-1644578928}}}
22:46:02.596 [raft-server-2] TRACE i.a.protocols.raft.roles.LeaderRole - RaftServer{2}{role=LEADER} - Received CommandRequest{session=2, sequence=54, operation=PrimitiveOperation{id=DefaultOperationId{id=write, type=COMMAND}, value=byte[]{length=17, hash=-1644578928}}}
22:46:02.597 [raft-server-2] TRACE i.a.protocols.raft.roles.LeaderRole - RaftServer{2}{role=LEADER} - Appended Indexed{index=77, entry=CommandEntry{term=3, timestamp=2018-06-07 10:46:02,596, session=2, sequence=54, operation=PrimitiveOperation{id=DefaultOperationId{id=write, type=COMMAND}, value=byte[]{length=17, hash=-1644578928}}}}
22:46:02.597 [raft-server-2] TRACE i.a.p.raft.roles.LeaderAppender - RaftServer{2} - Sending AppendRequest{term=3, leader=2, prevLogIndex=76, prevLogTerm=3, entries=1, commitIndex=76} to 1
22:46:02.597 [raft-server-1] TRACE i.a.p.raft.roles.FollowerRole - RaftServer{1}{role=FOLLOWER} - Received AppendRequest{term=3, leader=2, prevLogIndex=76, prevLogTerm=3, entries=1, commitIndex=76}
22:46:02.597 [raft-server-1] TRACE i.a.p.raft.roles.FollowerRole - RaftServer{1}{role=FOLLOWER} - Appended Indexed{index=77, entry=CommandEntry{term=3, timestamp=2018-06-07 10:46:02,596, session=2, sequence=54, operation=PrimitiveOperation{id=DefaultOperationId{id=write, type=COMMAND}, value=byte[]{length=17, hash=-1644578928}}}}
22:46:02.652 [raft-server-1] TRACE i.a.p.raft.roles.FollowerRole - RaftServer{1}{role=FOLLOWER} - Committed entries up to index 76
22:46:02.652 [raft-server-3] TRACE i.a.p.raft.roles.FollowerRole - RaftServer{3}{role=FOLLOWER} - Committed entries up to index 76
22:46:02.652 [raft-server-1] TRACE i.a.p.raft.roles.FollowerRole - RaftServer{1}{role=FOLLOWER} - Sending AppendResponse{status=OK, term=3, succeeded=true, lastLogIndex=77}
22:46:02.652 [raft-server-3] TRACE i.a.p.raft.roles.FollowerRole - RaftServer{3}{role=FOLLOWER} - Sending AppendResponse{status=OK, term=3, succeeded=true, lastLogIndex=76}
22:46:02.652 [raft-server-2] TRACE i.a.p.raft.roles.LeaderAppender - RaftServer{2} - Received AppendResponse{status=OK, term=3, succeeded=true, lastLogIndex=77} from 1
22:46:02.652 [raft-server-2] TRACE i.a.p.raft.roles.LeaderAppender - RaftServer{2} - Committed entries up to 77
22:46:02.652 [raft-server-3-state] TRACE i.a.p.raft.impl.RaftServiceManager - RaftServer{3} - Applying Indexed{index=76, entry=CommandEntry{term=3, timestamp=2018-06-07 10:46:02,508, session=2, sequence=53, operation=PrimitiveOperation{id=DefaultOperationId{id=write, type=COMMAND}, value=byte[]{length=17, hash=-1644578928}}}}
22:46:02.652 [raft-server-1-state] TRACE i.a.p.raft.impl.RaftServiceManager - RaftServer{1} - Applying Indexed{index=76, entry=CommandEntry{term=3, timestamp=2018-06-07 10:46:02,508, session=2, sequence=53, operation=PrimitiveOperation{id=DefaultOperationId{id=write, type=COMMAND}, value=byte[]{length=17, hash=-1644578928}}}}
22:46:02.653 [raft-server-3-state] TRACE i.a.p.s.impl.DefaultServiceExecutor - PrimitiveService{2}{type=io.atomix.protocols.raft.RaftTest$TestPrimitiveType@12cd62fc, name=raft-test} - Executing DefaultCommit{index=76, session=RaftSession{RaftServiceContext{server=3, type=io.atomix.protocols.raft.RaftTest$TestPrimitiveType@12cd62fc, name=raft-test, id=2}, session=2, timestamp=2018-06-07 10:46:02,508}, time=2018-06-07 10:46:02,508, operation=DefaultOperationId{id=write, type=COMMAND}, value=byte[]{length=17, hash=-1644578928}}
22:46:02.653 [raft-server-1-state] TRACE i.a.p.s.impl.DefaultServiceExecutor - PrimitiveService{2}{type=io.atomix.protocols.raft.RaftTest$TestPrimitiveType@54705ce8, name=raft-test} - Executing DefaultCommit{index=76, session=RaftSession{RaftServiceContext{server=1, type=io.atomix.protocols.raft.RaftTest$TestPrimitiveType@54705ce8, name=raft-test, id=2}, session=2, timestamp=2018-06-07 10:46:02,508}, time=2018-06-07 10:46:02,508, operation=DefaultOperationId{id=write, type=COMMAND}, value=byte[]{length=17, hash=-1644578928}}
22:46:02.715 [raft-server-2] TRACE i.a.p.raft.roles.LeaderAppender - RaftServer{2} - Received AppendResponse{status=OK, term=3, succeeded=true, lastLogIndex=76} from 3
22:46:02.715 [raft-server-2] TRACE i.a.p.raft.roles.LeaderAppender - RaftServer{2} - Sending AppendRequest{term=3, leader=2, prevLogIndex=76, prevLogTerm=3, entries=1, commitIndex=77} to 3
22:46:02.715 [raft-server-2] TRACE i.a.p.raft.roles.LeaderAppender - RaftServer{2} - Sending AppendRequest{term=3, leader=2, prevLogIndex=77, prevLogTerm=3, entries=0, commitIndex=77} to 1
22:46:02.715 [raft-server-3] TRACE i.a.p.raft.roles.FollowerRole - RaftServer{3}{role=FOLLOWER} - Received AppendRequest{term=3, leader=2, prevLogIndex=76, prevLogTerm=3, entries=1, commitIndex=77}
22:46:02.715 [raft-server-1] TRACE i.a.p.raft.roles.FollowerRole - RaftServer{1}{role=FOLLOWER} - Received AppendRequest{term=3, leader=2, prevLogIndex=77, prevLogTerm=3, entries=0, commitIndex=77}
22:46:02.715 [raft-server-3] TRACE i.a.p.raft.roles.FollowerRole - RaftServer{3}{role=FOLLOWER} - Appended Indexed{index=77, entry=CommandEntry{term=3, timestamp=2018-06-07 10:46:02,596, session=2, sequence=54, operation=PrimitiveOperation{id=DefaultOperationId{id=write, type=COMMAND}, value=byte[]{length=17, hash=-1644578928}}}}
22:46:02.715 [raft-server-2-state] TRACE i.a.p.raft.impl.RaftServiceManager - RaftServer{2} - Applying Indexed{index=77, entry=CommandEntry{term=3, timestamp=2018-06-07 10:46:02,596, session=2, sequence=54, operation=PrimitiveOperation{id=DefaultOperationId{id=write, type=COMMAND}, value=byte[]{length=17, hash=-1644578928}}}}
22:46:02.716 [raft-server-2-state] TRACE i.a.p.s.impl.DefaultServiceExecutor - PrimitiveService{2}{type=io.atomix.protocols.raft.RaftTest$TestPrimitiveType@2fa5f551, name=raft-test} - Executing DefaultCommit{index=77, session=RaftSession{RaftServiceContext{server=2, type=io.atomix.protocols.raft.RaftTest$TestPrimitiveType@2fa5f551, name=raft-test, id=2}, session=2, timestamp=2018-06-07 10:46:02,596}, time=2018-06-07 10:46:02,596, operation=DefaultOperationId{id=write, type=COMMAND}, value=byte[]{length=17, hash=-1644578928}}
22:46:02.716 [raft-server-2-state] TRACE i.a.protocols.raft.roles.LeaderRole - RaftServer{2}{role=LEADER} - Sending CommandResponse{status=OK, index=77, eventIndex=2, result=byte[]{length=3, hash=35279}}
22:46:02.794 [raft-server-1] TRACE i.a.p.raft.roles.FollowerRole - RaftServer{1}{role=FOLLOWER} - Committed entries up to index 77
22:46:02.794 [raft-server-1] TRACE i.a.p.raft.roles.FollowerRole - RaftServer{1}{role=FOLLOWER} - Sending AppendResponse{status=OK, term=3, succeeded=true, lastLogIndex=77}
22:46:02.794 [raft-server-2] TRACE i.a.p.raft.roles.LeaderAppender - RaftServer{2} - Received AppendResponse{status=OK, term=3, succeeded=true, lastLogIndex=77} from 1
22:46:02.794 [raft-server-1] TRACE i.a.p.raft.roles.FollowerRole - RaftServer{1}{role=FOLLOWER} - Sending CommandResponse{status=OK, index=77, eventIndex=2, result=byte[]{length=3, hash=35279}}
22:46:02.794 [raft-client-4d6eb0c5-808f-4bee-91ae-78c435ccd24a-5] TRACE i.a.p.r.p.impl.RaftProxyConnection - PartitionProxy{2}{type=io.atomix.protocols.raft.RaftTest$TestPrimitiveType@35bfa1bb, name=raft-test} - Received CommandResponse{status=OK, index=77, eventIndex=2, result=byte[]{length=3, hash=35279}} from 1
22:46:02.794 [raft-server-2] TRACE i.a.p.raft.roles.LeaderAppender - RaftServer{2} - Sending AppendRequest{term=3, leader=2, prevLogIndex=77, prevLogTerm=3, entries=0, commitIndex=77} to 1
22:46:02.795 [raft-client-4d6eb0c5-808f-4bee-91ae-78c435ccd24a-5] TRACE i.a.p.r.p.impl.RaftProxySequencer - PartitionProxy{2}{type=io.atomix.protocols.raft.RaftTest$TestPrimitiveType@35bfa1bb, name=raft-test} - Completing response CommandResponse{status=OK, index=77, eventIndex=2, result=byte[]{length=3, hash=35279}}
22:46:02.795 [raft-server-1-state] TRACE i.a.p.raft.impl.RaftServiceManager - RaftServer{1} - Applying Indexed{index=77, entry=CommandEntry{term=3, timestamp=2018-06-07 10:46:02,596, session=2, sequence=54, operation=PrimitiveOperation{id=DefaultOperationId{id=write, type=COMMAND}, value=byte[]{length=17, hash=-1644578928}}}}
22:46:02.795 [raft-server-1] TRACE i.a.p.raft.roles.FollowerRole - RaftServer{1}{role=FOLLOWER} - Received AppendRequest{term=3, leader=2, prevLogIndex=77, prevLogTerm=3, entries=0, commitIndex=77}
22:46:02.795 [raft-server-1] TRACE i.a.p.raft.roles.FollowerRole - RaftServer{1}{role=FOLLOWER} - Sending AppendResponse{status=OK, term=3, succeeded=true, lastLogIndex=77}
22:46:02.795 [raft-server-1-state] TRACE i.a.p.s.impl.DefaultServiceExecutor - PrimitiveService{2}{type=io.atomix.protocols.raft.RaftTest$TestPrimitiveType@54705ce8, name=raft-test} - Executing DefaultCommit{index=77, session=RaftSession{RaftServiceContext{server=1, type=io.atomix.protocols.raft.RaftTest$TestPrimitiveType@54705ce8, name=raft-test, id=2}, session=2, timestamp=2018-06-07 10:46:02,596}, time=2018-06-07 10:46:02,596, operation=DefaultOperationId{id=write, type=COMMAND}, value=byte[]{length=17, hash=-1644578928}}
22:46:02.795 [raft-server-2] TRACE i.a.p.raft.roles.LeaderAppender - RaftServer{2} - Received AppendResponse{status=OK, term=3, succeeded=true, lastLogIndex=77} from 1
22:46:02.795 [raft-client-4d6eb0c5-808f-4bee-91ae-78c435ccd24a-0] TRACE i.a.p.r.p.impl.RaftProxyConnection - PartitionProxy{2}{type=io.atomix.protocols.raft.RaftTest$TestPrimitiveType@35bfa1bb, name=raft-test} - Sending CommandRequest{session=2, sequence=55, operation=PrimitiveOperation{id=DefaultOperationId{id=write, type=COMMAND}, value=byte[]{length=17, hash=-1644578928}}} to 1
22:46:02.795 [raft-server-1] TRACE i.a.p.raft.roles.FollowerRole - RaftServer{1}{role=FOLLOWER} - Received CommandRequest{session=2, sequence=55, operation=PrimitiveOperation{id=DefaultOperationId{id=write, type=COMMAND}, value=byte[]{length=17, hash=-1644578928}}}
22:46:02.795 [raft-server-2] TRACE i.a.protocols.raft.roles.LeaderRole - RaftServer{2}{role=LEADER} - Received CommandRequest{session=2, sequence=55, operation=PrimitiveOperation{id=DefaultOperationId{id=write, type=COMMAND}, value=byte[]{length=17, hash=-1644578928}}}
22:46:02.795 [raft-server-2] TRACE i.a.protocols.raft.roles.LeaderRole - RaftServer{2}{role=LEADER} - Appended Indexed{index=78, entry=CommandEntry{term=3, timestamp=2018-06-07 10:46:02,795, session=2, sequence=55, operation=PrimitiveOperation{id=DefaultOperationId{id=write, type=COMMAND}, value=byte[]{length=17, hash=-1644578928}}}}
22:46:02.796 [raft-server-2] TRACE i.a.p.raft.roles.LeaderAppender - RaftServer{2} - Sending AppendRequest{term=3, leader=2, prevLogIndex=77, prevLogTerm=3, entries=1, commitIndex=77} to 1
22:46:02.796 [raft-server-1] TRACE i.a.p.raft.roles.FollowerRole - RaftServer{1}{role=FOLLOWER} - Received AppendRequest{term=3, leader=2, prevLogIndex=77, prevLogTerm=3, entries=1, commitIndex=77}
22:46:02.796 [raft-server-2] TRACE i.a.p.raft.roles.LeaderAppender - RaftServer{2} - Sending AppendRequest{term=3, leader=2, prevLogIndex=77, prevLogTerm=3, entries=1, commitIndex=77} to 3
22:46:02.796 [raft-server-1] TRACE i.a.p.raft.roles.FollowerRole - RaftServer{1}{role=FOLLOWER} - Appended Indexed{index=78, entry=CommandEntry{term=3, timestamp=2018-06-07 10:46:02,795, session=2, sequence=55, operation=PrimitiveOperation{id=DefaultOperationId{id=write, type=COMMAND}, value=byte[]{length=17, hash=-1644578928}}}}
22:46:02.796 [raft-server-1] TRACE i.a.p.raft.roles.FollowerRole - RaftServer{1}{role=FOLLOWER} - Sending AppendResponse{status=OK, term=3, succeeded=true, lastLogIndex=78}
22:46:02.796 [raft-server-2] TRACE i.a.p.raft.roles.LeaderAppender - RaftServer{2} - Received AppendResponse{status=OK, term=3, succeeded=true, lastLogIndex=78} from 1
22:46:02.796 [raft-server-2] TRACE i.a.p.raft.roles.LeaderAppender - RaftServer{2} - Committed entries up to 78
22:46:02.866 [raft-client-4d6eb0c5-808f-4bee-91ae-78c435ccd24a-6] TRACE i.a.p.r.proxy.impl.RaftProxyManager - RaftClient{4d6eb0c5-808f-4bee-91ae-78c435ccd24a} - Keeping 1 sessions alive
22:46:02.866 [raft-client-4d6eb0c5-808f-4bee-91ae-78c435ccd24a-7] TRACE i.a.p.r.p.impl.RaftProxyConnection - RaftClient{4d6eb0c5-808f-4bee-91ae-78c435ccd24a} - Sending KeepAliveRequest{sessionIds=long[]{length=1, hash=33}, commandSequences=long[]{length=1, hash=85}, eventIndexes=long[]{length=1, hash=33}} to 1
22:46:02.866 [raft-server-1] TRACE i.a.p.raft.roles.FollowerRole - RaftServer{1}{role=FOLLOWER} - Received KeepAliveRequest{sessionIds=long[]{length=1, hash=33}, commandSequences=long[]{length=1, hash=85}, eventIndexes=long[]{length=1, hash=33}}
22:46:02.877 [raft-server-3] TRACE i.a.p.raft.roles.FollowerRole - RaftServer{3}{role=FOLLOWER} - Committed entries up to index 77
22:46:02.877 [raft-server-3] TRACE i.a.p.raft.roles.FollowerRole - RaftServer{3}{role=FOLLOWER} - Sending AppendResponse{status=OK, term=3, succeeded=true, lastLogIndex=77}
22:46:02.877 [raft-server-3] TRACE i.a.p.raft.roles.FollowerRole - RaftServer{3}{role=FOLLOWER} - Received AppendRequest{term=3, leader=2, prevLogIndex=77, prevLogTerm=3, entries=1, commitIndex=77}
22:46:02.878 [raft-server-3] TRACE i.a.p.raft.roles.FollowerRole - RaftServer{3}{role=FOLLOWER} - Appended Indexed{index=78, entry=CommandEntry{term=3, timestamp=2018-06-07 10:46:02,795, session=2, sequence=55, operation=PrimitiveOperation{id=DefaultOperationId{id=write, type=COMMAND}, value=byte[]{length=17, hash=-1644578928}}}}
22:46:02.878 [raft-server-3] TRACE i.a.p.raft.roles.FollowerRole - RaftServer{3}{role=FOLLOWER} - Sending AppendResponse{status=OK, term=3, succeeded=true, lastLogIndex=78}
22:46:02.878 [raft-server-3-state] TRACE i.a.p.raft.impl.RaftServiceManager - RaftServer{3} - Applying Indexed{index=77, entry=CommandEntry{term=3, timestamp=2018-06-07 10:46:02,596, session=2, sequence=54, operation=PrimitiveOperation{id=DefaultOperationId{id=write, type=COMMAND}, value=byte[]{length=17, hash=-1644578928}}}}
22:46:02.878 [raft-server-3-state] TRACE i.a.p.s.impl.DefaultServiceExecutor - PrimitiveService{2}{type=io.atomix.protocols.raft.RaftTest$TestPrimitiveType@12cd62fc, name=raft-test} - Executing DefaultCommit{index=77, session=RaftSession{RaftServiceContext{server=3, type=io.atomix.protocols.raft.RaftTest$TestPrimitiveType@12cd62fc, name=raft-test, id=2}, session=2, timestamp=2018-06-07 10:46:02,596}, time=2018-06-07 10:46:02,596, operation=DefaultOperationId{id=write, type=COMMAND}, value=byte[]{length=17, hash=-1644578928}}
22:46:02.895 [raft-server-2] TRACE i.a.protocols.raft.roles.LeaderRole - RaftServer{2}{role=LEADER} - Received KeepAliveRequest{sessionIds=long[]{length=1, hash=33}, commandSequences=long[]{length=1, hash=85}, eventIndexes=long[]{length=1, hash=33}}
22:46:02.895 [raft-server-2] TRACE i.a.protocols.raft.roles.LeaderRole - RaftServer{2}{role=LEADER} - Appended Indexed{index=79, entry=KeepAliveEntry{term=3, timestamp=2018-06-07 10:46:02,895, sessionIds=long[]{length=1, hash=33}, commandSequences=long[]{length=1, hash=85}, eventIndexes=long[]{length=1, hash=33}}}
22:46:02.896 [raft-server-2] TRACE i.a.p.raft.roles.LeaderAppender - RaftServer{2} - Received AppendResponse{status=OK, term=3, succeeded=true, lastLogIndex=77} from 3
22:46:02.896 [raft-server-2] TRACE i.a.p.raft.roles.LeaderAppender - RaftServer{2} - Sending AppendRequest{term=3, leader=2, prevLogIndex=78, prevLogTerm=3, entries=1, commitIndex=78} to 3
22:46:02.896 [raft-server-3] TRACE i.a.p.raft.roles.FollowerRole - RaftServer{3}{role=FOLLOWER} - Received AppendRequest{term=3, leader=2, prevLogIndex=78, prevLogTerm=3, entries=1, commitIndex=78}
22:46:02.896 [raft-server-2] TRACE i.a.p.raft.roles.LeaderAppender - RaftServer{2} - Received AppendResponse{status=OK, term=3, succeeded=true, lastLogIndex=78} from 3
22:46:02.896 [raft-server-3] TRACE i.a.p.raft.roles.FollowerRole - RaftServer{3}{role=FOLLOWER} - Appended Indexed{index=79, entry=KeepAliveEntry{term=3, timestamp=2018-06-07 10:46:02,895, sessionIds=long[]{length=1, hash=33}, commandSequences=long[]{length=1, hash=85}, eventIndexes=long[]{length=1, hash=33}}}
22:46:02.896 [raft-server-2-state] TRACE i.a.p.raft.impl.RaftServiceManager - RaftServer{2} - Applying Indexed{index=78, entry=CommandEntry{term=3, timestamp=2018-06-07 10:46:02,795, session=2, sequence=55, operation=PrimitiveOperation{id=DefaultOperationId{id=write, type=COMMAND}, value=byte[]{length=17, hash=-1644578928}}}}
22:46:02.896 [raft-server-2] TRACE i.a.p.raft.roles.LeaderAppender - RaftServer{2} - Sending AppendRequest{term=3, leader=2, prevLogIndex=78, prevLogTerm=3, entries=1, commitIndex=78} to 1
22:46:02.896 [raft-server-2-state] TRACE i.a.p.s.impl.DefaultServiceExecutor - PrimitiveService{2}{type=io.atomix.protocols.raft.RaftTest$TestPrimitiveType@2fa5f551, name=raft-test} - Executing DefaultCommit{index=78, session=RaftSession{RaftServiceContext{server=2, type=io.atomix.protocols.raft.RaftTest$TestPrimitiveType@2fa5f551, name=raft-test, id=2}, session=2, timestamp=2018-06-07 10:46:02,795}, time=2018-06-07 10:46:02,795, operation=DefaultOperationId{id=write, type=COMMAND}, value=byte[]{length=17, hash=-1644578928}}
22:46:02.896 [raft-server-2-state] TRACE i.a.protocols.raft.roles.LeaderRole - RaftServer{2}{role=LEADER} - Sending CommandResponse{status=OK, index=78, eventIndex=2, result=byte[]{length=3, hash=35341}}
22:46:02.897 [raft-server-1] TRACE i.a.p.raft.roles.FollowerRole - RaftServer{1}{role=FOLLOWER} - Received AppendRequest{term=3, leader=2, prevLogIndex=78, prevLogTerm=3, entries=1, commitIndex=78}
22:46:02.897 [raft-server-1] TRACE i.a.p.raft.roles.FollowerRole - RaftServer{1}{role=FOLLOWER} - Appended Indexed{index=79, entry=KeepAliveEntry{term=3, timestamp=2018-06-07 10:46:02,895, sessionIds=long[]{length=1, hash=33}, commandSequences=long[]{length=1, hash=85}, eventIndexes=long[]{length=1, hash=33}}}
22:46:02.957 [raft-server-3] TRACE i.a.p.raft.roles.FollowerRole - RaftServer{3}{role=FOLLOWER} - Committed entries up to index 78
22:46:02.957 [raft-server-3] TRACE i.a.p.raft.roles.FollowerRole - RaftServer{3}{role=FOLLOWER} - Sending AppendResponse{status=OK, term=3, succeeded=true, lastLogIndex=79}
22:46:02.957 [raft-server-2] TRACE i.a.p.raft.roles.LeaderAppender - RaftServer{2} - Received AppendResponse{status=OK, term=3, succeeded=true, lastLogIndex=79} from 3
22:46:02.957 [raft-server-2] TRACE i.a.p.raft.roles.LeaderAppender - RaftServer{2} - Committed entries up to 79
22:46:02.957 [raft-server-3-state] TRACE i.a.p.raft.impl.RaftServiceManager - RaftServer{3} - Applying Indexed{index=78, entry=CommandEntry{term=3, timestamp=2018-06-07 10:46:02,795, session=2, sequence=55, operation=PrimitiveOperation{id=DefaultOperationId{id=write, type=COMMAND}, value=byte[]{length=17, hash=-1644578928}}}}
22:46:02.957 [raft-server-3-state] TRACE i.a.p.s.impl.DefaultServiceExecutor - PrimitiveService{2}{type=io.atomix.protocols.raft.RaftTest$TestPrimitiveType@12cd62fc, name=raft-test} - Executing DefaultCommit{index=78, session=RaftSession{RaftServiceContext{server=3, type=io.atomix.protocols.raft.RaftTest$TestPrimitiveType@12cd62fc, name=raft-test, id=2}, session=2, timestamp=2018-06-07 10:46:02,795}, time=2018-06-07 10:46:02,795, operation=DefaultOperationId{id=write, type=COMMAND}, value=byte[]{length=17, hash=-1644578928}}
22:46:03.002 [raft-server-1] TRACE i.a.p.raft.roles.FollowerRole - RaftServer{1}{role=FOLLOWER} - Committed entries up to index 78
22:46:03.002 [raft-server-1] TRACE i.a.p.raft.roles.FollowerRole - RaftServer{1}{role=FOLLOWER} - Sending AppendResponse{status=OK, term=3, succeeded=true, lastLogIndex=79}
22:46:03.002 [raft-server-1] TRACE i.a.p.raft.roles.FollowerRole - RaftServer{1}{role=FOLLOWER} - Sending CommandResponse{status=OK, index=78, eventIndex=2, result=byte[]{length=3, hash=35341}}
22:46:03.003 [raft-client-4d6eb0c5-808f-4bee-91ae-78c435ccd24a-4] TRACE i.a.p.r.p.impl.RaftProxyConnection - PartitionProxy{2}{type=io.atomix.protocols.raft.RaftTest$TestPrimitiveType@35bfa1bb, name=raft-test} - Received CommandResponse{status=OK, index=78, eventIndex=2, result=byte[]{length=3, hash=35341}} from 1
22:46:03.003 [raft-client-4d6eb0c5-808f-4bee-91ae-78c435ccd24a-4] TRACE i.a.p.r.p.impl.RaftProxySequencer - PartitionProxy{2}{type=io.atomix.protocols.raft.RaftTest$TestPrimitiveType@35bfa1bb, name=raft-test} - Completing response CommandResponse{status=OK, index=78, eventIndex=2, result=byte[]{length=3, hash=35341}}
22:46:03.003 [raft-server-1-state] TRACE i.a.p.raft.impl.RaftServiceManager - RaftServer{1} - Applying Indexed{index=78, entry=CommandEntry{term=3, timestamp=2018-06-07 10:46:02,795, session=2, sequence=55, operation=PrimitiveOperation{id=DefaultOperationId{id=write, type=COMMAND}, value=byte[]{length=17, hash=-1644578928}}}}
22:46:03.003 [raft-server-1-state] TRACE i.a.p.s.impl.DefaultServiceExecutor - PrimitiveService{2}{type=io.atomix.protocols.raft.RaftTest$TestPrimitiveType@54705ce8, name=raft-test} - Executing DefaultCommit{index=78, session=RaftSession{RaftServiceContext{server=1, type=io.atomix.protocols.raft.RaftTest$TestPrimitiveType@54705ce8, name=raft-test, id=2}, session=2, timestamp=2018-06-07 10:46:02,795}, time=2018-06-07 10:46:02,795, operation=DefaultOperationId{id=write, type=COMMAND}, value=byte[]{length=17, hash=-1644578928}}
22:46:03.003 [raft-client-4d6eb0c5-808f-4bee-91ae-78c435ccd24a-4] TRACE i.a.p.r.p.impl.RaftProxyConnection - PartitionProxy{2}{type=io.atomix.protocols.raft.RaftTest$TestPrimitiveType@35bfa1bb, name=raft-test} - Sending CommandRequest{session=2, sequence=56, operation=PrimitiveOperation{id=DefaultOperationId{id=write, type=COMMAND}, value=byte[]{length=17, hash=-1644578928}}} to 1
22:46:03.003 [raft-server-1] TRACE i.a.p.raft.roles.FollowerRole - RaftServer{1}{role=FOLLOWER} - Received CommandRequest{session=2, sequence=56, operation=PrimitiveOperation{id=DefaultOperationId{id=write, type=COMMAND}, value=byte[]{length=17, hash=-1644578928}}}
22:46:03.036 [raft-server-2] TRACE i.a.p.raft.roles.LeaderAppender - RaftServer{2} - Sending AppendRequest{term=3, leader=2, prevLogIndex=79, prevLogTerm=3, entries=0, commitIndex=79} to 3
22:46:03.036 [raft-server-2] TRACE i.a.p.raft.roles.LeaderAppender - RaftServer{2} - Received AppendResponse{status=OK, term=3, succeeded=true, lastLogIndex=79} from 1
22:46:03.036 [raft-server-3] TRACE i.a.p.raft.roles.FollowerRole - RaftServer{3}{role=FOLLOWER} - Received AppendRequest{term=3, leader=2, prevLogIndex=79, prevLogTerm=3, entries=0, commitIndex=79}
22:46:03.036 [raft-server-2] TRACE i.a.p.raft.roles.LeaderAppender - RaftServer{2} - Sending AppendRequest{term=3, leader=2, prevLogIndex=79, prevLogTerm=3, entries=0, commitIndex=79} to 1
22:46:03.036 [raft-server-1] TRACE i.a.p.raft.roles.FollowerRole - RaftServer{1}{role=FOLLOWER} - Received AppendRequest{term=3, leader=2, prevLogIndex=79, prevLogTerm=3, entries=0, commitIndex=79}
22:46:03.036 [raft-server-2] TRACE i.a.protocols.raft.roles.LeaderRole - RaftServer{2}{role=LEADER} - Received CommandRequest{session=2, sequence=56, operation=PrimitiveOperation{id=DefaultOperationId{id=write, type=COMMAND}, value=byte[]{length=17, hash=-1644578928}}}
22:46:03.036 [raft-server-2] TRACE i.a.protocols.raft.roles.LeaderRole - RaftServer{2}{role=LEADER} - Appended Indexed{index=80, entry=CommandEntry{term=3, timestamp=2018-06-07 10:46:03,036, session=2, sequence=56, operation=PrimitiveOperation{id=DefaultOperationId{id=write, type=COMMAND}, value=byte[]{length=17, hash=-1644578928}}}}
22:46:03.036 [raft-server-2-state] TRACE i.a.p.raft.impl.RaftServiceManager - RaftServer{2} - Applying Indexed{index=79, entry=KeepAliveEntry{term=3, timestamp=2018-06-07 10:46:02,895, sessionIds=long[]{length=1, hash=33}, commandSequences=long[]{length=1, hash=85}, eventIndexes=long[]{length=1, hash=33}}}
22:46:03.037 [raft-server-2] TRACE i.a.protocols.raft.roles.LeaderRole - RaftServer{2}{role=LEADER} - Sending KeepAliveResponse{status=OK, leader=2, members=[1, 2, 3], sessionIds=long[]{length=1, hash=33}}
22:46:03.053 [raft-server-3] TRACE i.a.p.raft.roles.FollowerRole - RaftServer{3}{role=FOLLOWER} - Committed entries up to index 79
22:46:03.053 [raft-server-3] TRACE i.a.p.raft.roles.FollowerRole - RaftServer{3}{role=FOLLOWER} - Sending AppendResponse{status=OK, term=3, succeeded=true, lastLogIndex=79}
22:46:03.054 [raft-server-2] TRACE i.a.p.raft.roles.LeaderAppender - RaftServer{2} - Received AppendResponse{status=OK, term=3, succeeded=true, lastLogIndex=79} from 3
22:46:03.054 [raft-server-3-state] TRACE i.a.p.raft.impl.RaftServiceManager - RaftServer{3} - Applying Indexed{index=79, entry=KeepAliveEntry{term=3, timestamp=2018-06-07 10:46:02,895, sessionIds=long[]{length=1, hash=33}, commandSequences=long[]{length=1, hash=85}, eventIndexes=long[]{length=1, hash=33}}}
22:46:03.054 [raft-server-2] TRACE i.a.p.raft.roles.LeaderAppender - RaftServer{2} - Sending AppendRequest{term=3, leader=2, prevLogIndex=79, prevLogTerm=3, entries=1, commitIndex=79} to 3
22:46:03.054 [raft-server-3] TRACE i.a.p.raft.roles.FollowerRole - RaftServer{3}{role=FOLLOWER} - Received AppendRequest{term=3, leader=2, prevLogIndex=79, prevLogTerm=3, entries=1, commitIndex=79}
22:46:03.054 [raft-server-3] TRACE i.a.p.raft.roles.FollowerRole - RaftServer{3}{role=FOLLOWER} - Appended Indexed{index=80, entry=CommandEntry{term=3, timestamp=2018-06-07 10:46:03,036, session=2, sequence=56, operation=PrimitiveOperation{id=DefaultOperationId{id=write, type=COMMAND}, value=byte[]{length=17, hash=-1644578928}}}}
22:46:03.054 [raft-server-3] TRACE i.a.p.raft.roles.FollowerRole - RaftServer{3}{role=FOLLOWER} - Sending AppendResponse{status=OK, term=3, succeeded=true, lastLogIndex=80}
22:46:03.054 [raft-server-2] TRACE i.a.p.raft.roles.LeaderAppender - RaftServer{2} - Received AppendResponse{status=OK, term=3, succeeded=true, lastLogIndex=80} from 3
22:46:03.054 [raft-server-2] TRACE i.a.p.raft.roles.LeaderAppender - RaftServer{2} - Committed entries up to 80
22:46:03.087 [raft-server-1] TRACE i.a.p.raft.roles.FollowerRole - RaftServer{1}{role=FOLLOWER} - Committed entries up to index 79
22:46:03.087 [raft-server-1] TRACE i.a.p.raft.roles.FollowerRole - RaftServer{1}{role=FOLLOWER} - Sending AppendResponse{status=OK, term=3, succeeded=true, lastLogIndex=79}
22:46:03.087 [raft-server-1] TRACE i.a.p.raft.roles.FollowerRole - RaftServer{1}{role=FOLLOWER} - Sending KeepAliveResponse{status=OK, leader=2, members=[1, 2, 3], sessionIds=long[]{length=1, hash=33}}
22:46:03.087 [raft-client-4d6eb0c5-808f-4bee-91ae-78c435ccd24a-2] TRACE i.a.p.r.p.impl.RaftProxyConnection - RaftClient{4d6eb0c5-808f-4bee-91ae-78c435ccd24a} - Received KeepAliveResponse{status=OK, leader=2, members=[1, 2, 3], sessionIds=long[]{length=1, hash=33}} from 1
22:46:03.087 [raft-server-1-state] TRACE i.a.p.raft.impl.RaftServiceManager - RaftServer{1} - Applying Indexed{index=79, entry=KeepAliveEntry{term=3, timestamp=2018-06-07 10:46:02,895, sessionIds=long[]{length=1, hash=33}, commandSequences=long[]{length=1, hash=85}, eventIndexes=long[]{length=1, hash=33}}}
22:46:03.103 [raft-server-2] TRACE i.a.p.raft.roles.LeaderAppender - RaftServer{2} - Received AppendResponse{status=OK, term=3, succeeded=true, lastLogIndex=79} from 1
22:46:03.103 [raft-server-2] TRACE i.a.p.raft.roles.LeaderAppender - RaftServer{2} - Sending AppendRequest{term=3, leader=2, prevLogIndex=79, prevLogTerm=3, entries=1, commitIndex=80} to 1
22:46:03.104 [raft-server-1] TRACE i.a.p.raft.roles.FollowerRole - RaftServer{1}{role=FOLLOWER} - Received AppendRequest{term=3, leader=2, prevLogIndex=79, prevLogTerm=3, entries=1, commitIndex=80}
22:46:03.104 [raft-server-2-state] TRACE i.a.p.raft.impl.RaftServiceManager - RaftServer{2} - Applying Indexed{index=80, entry=CommandEntry{term=3, timestamp=2018-06-07 10:46:03,036, session=2, sequence=56, operation=PrimitiveOperation{id=DefaultOperationId{id=write, type=COMMAND}, value=byte[]{length=17, hash=-1644578928}}}}
22:46:03.104 [raft-server-1] TRACE i.a.p.raft.roles.FollowerRole - RaftServer{1}{role=FOLLOWER} - Appended Indexed{index=80, entry=CommandEntry{term=3, timestamp=2018-06-07 10:46:03,036, session=2, sequence=56, operation=PrimitiveOperation{id=DefaultOperationId{id=write, type=COMMAND}, value=byte[]{length=17, hash=-1644578928}}}}
22:46:03.104 [raft-server-2-state] TRACE i.a.p.s.impl.DefaultServiceExecutor - PrimitiveService{2}{type=io.atomix.protocols.raft.RaftTest$TestPrimitiveType@2fa5f551, name=raft-test} - Executing DefaultCommit{index=80, session=RaftSession{RaftServiceContext{server=2, type=io.atomix.protocols.raft.RaftTest$TestPrimitiveType@2fa5f551, name=raft-test, id=2}, session=2, timestamp=2018-06-07 10:46:03,036}, time=2018-06-07 10:46:03,036, operation=DefaultOperationId{id=write, type=COMMAND}, value=byte[]{length=17, hash=-1644578928}}
22:46:03.104 [raft-server-2-state] TRACE i.a.protocols.raft.roles.LeaderRole - RaftServer{2}{role=LEADER} - Sending CommandResponse{status=OK, index=80, eventIndex=2, result=byte[]{length=3, hash=35465}}
22:46:03.153 [raft-server-1] TRACE i.a.p.raft.roles.FollowerRole - RaftServer{1}{role=FOLLOWER} - Committed entries up to index 80
22:46:03.153 [raft-server-1] TRACE i.a.p.raft.roles.FollowerRole - RaftServer{1}{role=FOLLOWER} - Sending AppendResponse{status=OK, term=3, succeeded=true, lastLogIndex=80}
22:46:03.154 [raft-server-2] TRACE i.a.p.raft.roles.LeaderAppender - RaftServer{2} - Received AppendResponse{status=OK, term=3, succeeded=true, lastLogIndex=80} from 1
22:46:03.153 [raft-server-1] TRACE i.a.p.raft.roles.FollowerRole - RaftServer{1}{role=FOLLOWER} - Sending CommandResponse{status=OK, index=80, eventIndex=2, result=byte[]{length=3, hash=35465}}
22:46:03.154 [raft-client-4d6eb0c5-808f-4bee-91ae-78c435ccd24a-5] TRACE i.a.p.r.p.impl.RaftProxyConnection - PartitionProxy{2}{type=io.atomix.protocols.raft.RaftTest$TestPrimitiveType@35bfa1bb, name=raft-test} - Received CommandResponse{status=OK, index=80, eventIndex=2, result=byte[]{length=3, hash=35465}} from 1
22:46:03.154 [raft-server-1-state] TRACE i.a.p.raft.impl.RaftServiceManager - RaftServer{1} - Applying Indexed{index=80, entry=CommandEntry{term=3, timestamp=2018-06-07 10:46:03,036, session=2, sequence=56, operation=PrimitiveOperation{id=DefaultOperationId{id=write, type=COMMAND}, value=byte[]{length=17, hash=-1644578928}}}}
22:46:03.154 [raft-client-4d6eb0c5-808f-4bee-91ae-78c435ccd24a-5] TRACE i.a.p.r.p.impl.RaftProxySequencer - PartitionProxy{2}{type=io.atomix.protocols.raft.RaftTest$TestPrimitiveType@35bfa1bb, name=raft-test} - Completing response CommandResponse{status=OK, index=80, eventIndex=2, result=byte[]{length=3, hash=35465}}
22:46:03.154 [raft-server-1-state] TRACE i.a.p.s.impl.DefaultServiceExecutor - PrimitiveService{2}{type=io.atomix.protocols.raft.RaftTest$TestPrimitiveType@54705ce8, name=raft-test} - Executing DefaultCommit{index=80, session=RaftSession{RaftServiceContext{server=1, type=io.atomix.protocols.raft.RaftTest$TestPrimitiveType@54705ce8, name=raft-test, id=2}, session=2, timestamp=2018-06-07 10:46:03,036}, time=2018-06-07 10:46:03,036, operation=DefaultOperationId{id=write, type=COMMAND}, value=byte[]{length=17, hash=-1644578928}}
22:46:03.154 [raft-client-4d6eb0c5-808f-4bee-91ae-78c435ccd24a-5] TRACE i.a.p.r.p.impl.RaftProxyConnection - PartitionProxy{2}{type=io.atomix.protocols.raft.RaftTest$TestPrimitiveType@35bfa1bb, name=raft-test} - Sending CommandRequest{session=2, sequence=57, operation=PrimitiveOperation{id=DefaultOperationId{id=write, type=COMMAND}, value=byte[]{length=17, hash=-1644578928}}} to 1
22:46:03.154 [raft-server-1] TRACE i.a.p.raft.roles.FollowerRole - RaftServer{1}{role=FOLLOWER} - Received CommandRequest{session=2, sequence=57, operation=PrimitiveOperation{id=DefaultOperationId{id=write, type=COMMAND}, value=byte[]{length=17, hash=-1644578928}}}
22:46:03.155 [raft-server-2] TRACE i.a.protocols.raft.roles.LeaderRole - RaftServer{2}{role=LEADER} - Received CommandRequest{session=2, sequence=57, operation=PrimitiveOperation{id=DefaultOperationId{id=write, type=COMMAND}, value=byte[]{length=17, hash=-1644578928}}}
22:46:03.227 [raft-server-2] DEBUG i.a.storage.journal.SegmentedJournal - Created disk segment: JournalSegment{id=9, version=1, index=81, size=64}
22:46:03.227 [raft-server-2] TRACE i.a.protocols.raft.roles.LeaderRole - RaftServer{2}{role=LEADER} - Appended Indexed{index=81, entry=CommandEntry{term=3, timestamp=2018-06-07 10:46:03,155, session=2, sequence=57, operation=PrimitiveOperation{id=DefaultOperationId{id=write, type=COMMAND}, value=byte[]{length=17, hash=-1644578928}}}}
22:46:03.228 [raft-server-2] TRACE i.a.p.raft.roles.LeaderAppender - RaftServer{2} - Sending AppendRequest{term=3, leader=2, prevLogIndex=80, prevLogTerm=3, entries=1, commitIndex=80} to 1
22:46:03.228 [raft-server-2] TRACE i.a.p.raft.roles.LeaderAppender - RaftServer{2} - Sending AppendRequest{term=3, leader=2, prevLogIndex=80, prevLogTerm=3, entries=1, commitIndex=80} to 3
22:46:03.228 [raft-server-1] TRACE i.a.p.raft.roles.FollowerRole - RaftServer{1}{role=FOLLOWER} - Received AppendRequest{term=3, leader=2, prevLogIndex=80, prevLogTerm=3, entries=1, commitIndex=80}
22:46:03.228 [raft-server-3] TRACE i.a.p.raft.roles.FollowerRole - RaftServer{3}{role=FOLLOWER} - Received AppendRequest{term=3, leader=2, prevLogIndex=80, prevLogTerm=3, entries=1, commitIndex=80}
22:46:03.311 [raft-server-1] DEBUG i.a.storage.journal.SegmentedJournal - Created disk segment: JournalSegment{id=9, version=1, index=81, size=64}
22:46:03.311 [raft-server-1] TRACE i.a.p.raft.roles.FollowerRole - RaftServer{1}{role=FOLLOWER} - Appended Indexed{index=81, entry=CommandEntry{term=3, timestamp=2018-06-07 10:46:03,155, session=2, sequence=57, operation=PrimitiveOperation{id=DefaultOperationId{id=write, type=COMMAND}, value=byte[]{length=17, hash=-1644578928}}}}
22:46:03.311 [raft-server-1] TRACE i.a.p.raft.roles.FollowerRole - RaftServer{1}{role=FOLLOWER} - Sending AppendResponse{status=OK, term=3, succeeded=true, lastLogIndex=81}
22:46:03.311 [raft-server-2] TRACE i.a.p.raft.roles.LeaderAppender - RaftServer{2} - Received AppendResponse{status=OK, term=3, succeeded=true, lastLogIndex=81} from 1
22:46:03.311 [raft-server-2] TRACE i.a.p.raft.roles.LeaderAppender - RaftServer{2} - Committed entries up to 81
22:46:03.345 [raft-server-3] DEBUG i.a.storage.journal.SegmentedJournal - Created disk segment: JournalSegment{id=9, version=1, index=81, size=64}
22:46:03.345 [raft-server-3] TRACE i.a.p.raft.roles.FollowerRole - RaftServer{3}{role=FOLLOWER} - Appended Indexed{index=81, entry=CommandEntry{term=3, timestamp=2018-06-07 10:46:03,155, session=2, sequence=57, operation=PrimitiveOperation{id=DefaultOperationId{id=write, type=COMMAND}, value=byte[]{length=17, hash=-1644578928}}}}
22:46:03.370 [raft-server-2] TRACE i.a.p.raft.roles.LeaderAppender - RaftServer{2} - Sending AppendRequest{term=3, leader=2, prevLogIndex=81, prevLogTerm=3, entries=0, commitIndex=81} to 1
22:46:03.370 [raft-server-1] TRACE i.a.p.raft.roles.FollowerRole - RaftServer{1}{role=FOLLOWER} - Received AppendRequest{term=3, leader=2, prevLogIndex=81, prevLogTerm=3, entries=0, commitIndex=81}
22:46:03.370 [raft-server-2-state] TRACE i.a.p.raft.impl.RaftServiceManager - RaftServer{2} - Applying Indexed{index=81, entry=CommandEntry{term=3, timestamp=2018-06-07 10:46:03,155, session=2, sequence=57, operation=PrimitiveOperation{id=DefaultOperationId{id=write, type=COMMAND}, value=byte[]{length=17, hash=-1644578928}}}}
22:46:03.370 [raft-server-2-state] TRACE i.a.p.s.impl.DefaultServiceExecutor - PrimitiveService{2}{type=io.atomix.protocols.raft.RaftTest$TestPrimitiveType@2fa5f551, name=raft-test} - Executing DefaultCommit{index=81, session=RaftSession{RaftServiceContext{server=2, type=io.atomix.protocols.raft.RaftTest$TestPrimitiveType@2fa5f551, name=raft-test, id=2}, session=2, timestamp=2018-06-07 10:46:03,155}, time=2018-06-07 10:46:03,155, operation=DefaultOperationId{id=write, type=COMMAND}, value=byte[]{length=17, hash=-1644578928}}
22:46:03.371 [raft-server-2-state] TRACE i.a.protocols.raft.roles.LeaderRole - RaftServer{2}{role=LEADER} - Sending CommandResponse{status=OK, index=81, eventIndex=2, result=byte[]{length=3, hash=35527}}
22:46:03.427 [raft-server-3] TRACE i.a.p.raft.roles.FollowerRole - RaftServer{3}{role=FOLLOWER} - Committed entries up to index 80
22:46:03.427 [raft-server-3] TRACE i.a.p.raft.roles.FollowerRole - RaftServer{3}{role=FOLLOWER} - Sending AppendResponse{status=OK, term=3, succeeded=true, lastLogIndex=81}
22:46:03.427 [raft-server-2] TRACE i.a.p.raft.roles.LeaderAppender - RaftServer{2} - Received AppendResponse{status=OK, term=3, succeeded=true, lastLogIndex=81} from 3
22:46:03.428 [raft-server-2] TRACE i.a.p.raft.roles.LeaderAppender - RaftServer{2} - Sending AppendRequest{term=3, leader=2, prevLogIndex=81, prevLogTerm=3, entries=0, commitIndex=81} to 3
22:46:03.427 [raft-server-3-state] TRACE i.a.p.raft.impl.RaftServiceManager - RaftServer{3} - Applying Indexed{index=80, entry=CommandEntry{term=3, timestamp=2018-06-07 10:46:03,036, session=2, sequence=56, operation=PrimitiveOperation{id=DefaultOperationId{id=write, type=COMMAND}, value=byte[]{length=17, hash=-1644578928}}}}
22:46:03.428 [raft-server-3] TRACE i.a.p.raft.roles.FollowerRole - RaftServer{3}{role=FOLLOWER} - Received AppendRequest{term=3, leader=2, prevLogIndex=81, prevLogTerm=3, entries=0, commitIndex=81}
22:46:03.428 [raft-server-3] TRACE i.a.p.raft.roles.FollowerRole - RaftServer{3}{role=FOLLOWER} - Committed entries up to index 81
22:46:03.428 [raft-server-3] TRACE i.a.p.raft.roles.FollowerRole - RaftServer{3}{role=FOLLOWER} - Sending AppendResponse{status=OK, term=3, succeeded=true, lastLogIndex=81}
22:46:03.428 [raft-server-3-state] TRACE i.a.p.s.impl.DefaultServiceExecutor - PrimitiveService{2}{type=io.atomix.protocols.raft.RaftTest$TestPrimitiveType@12cd62fc, name=raft-test} - Executing DefaultCommit{index=80, session=RaftSession{RaftServiceContext{server=3, type=io.atomix.protocols.raft.RaftTest$TestPrimitiveType@12cd62fc, name=raft-test, id=2}, session=2, timestamp=2018-06-07 10:46:03,036}, time=2018-06-07 10:46:03,036, operation=DefaultOperationId{id=write, type=COMMAND}, value=byte[]{length=17, hash=-1644578928}}
22:46:03.428 [raft-server-2] TRACE i.a.p.raft.roles.LeaderAppender - RaftServer{2} - Received AppendResponse{status=OK, term=3, succeeded=true, lastLogIndex=81} from 3
22:46:03.428 [raft-server-3-state] TRACE i.a.p.raft.impl.RaftServiceManager - RaftServer{3} - Applying Indexed{index=81, entry=CommandEntry{term=3, timestamp=2018-06-07 10:46:03,155, session=2, sequence=57, operation=PrimitiveOperation{id=DefaultOperationId{id=write, type=COMMAND}, value=byte[]{length=17, hash=-1644578928}}}}
22:46:03.428 [raft-server-3-state] TRACE i.a.p.s.impl.DefaultServiceExecutor - PrimitiveService{2}{type=io.atomix.protocols.raft.RaftTest$TestPrimitiveType@12cd62fc, name=raft-test} - Executing DefaultCommit{index=81, session=RaftSession{RaftServiceContext{server=3, type=io.atomix.protocols.raft.RaftTest$TestPrimitiveType@12cd62fc, name=raft-test, id=2}, session=2, timestamp=2018-06-07 10:46:03,155}, time=2018-06-07 10:46:03,155, operation=DefaultOperationId{id=write, type=COMMAND}, value=byte[]{length=17, hash=-1644578928}}
22:46:03.446 [raft-server-2] TRACE i.a.p.raft.roles.LeaderAppender - RaftServer{2} - Sending AppendRequest{term=3, leader=2, prevLogIndex=81, prevLogTerm=3, entries=0, commitIndex=81} to 3
22:46:03.446 [raft-server-3] TRACE i.a.p.raft.roles.FollowerRole - RaftServer{3}{role=FOLLOWER} - Received AppendRequest{term=3, leader=2, prevLogIndex=81, prevLogTerm=3, entries=0, commitIndex=81}
22:46:03.446 [raft-server-3] TRACE i.a.p.raft.roles.FollowerRole - RaftServer{3}{role=FOLLOWER} - Sending AppendResponse{status=OK, term=3, succeeded=true, lastLogIndex=81}
22:46:03.446 [raft-server-2] TRACE i.a.p.raft.roles.LeaderAppender - RaftServer{2} - Received AppendResponse{status=OK, term=3, succeeded=true, lastLogIndex=81} from 3
22:46:03.447 [raft-server-2] TRACE i.a.p.raft.roles.LeaderAppender - RaftServer{2} - Sending AppendRequest{term=3, leader=2, prevLogIndex=81, prevLogTerm=3, entries=0, commitIndex=81} to 3
22:46:03.447 [raft-server-3] TRACE i.a.p.raft.roles.FollowerRole - RaftServer{3}{role=FOLLOWER} - Received AppendRequest{term=3, leader=2, prevLogIndex=81, prevLogTerm=3, entries=0, commitIndex=81}
22:46:03.447 [raft-server-3] TRACE i.a.p.raft.roles.FollowerRole - RaftServer{3}{role=FOLLOWER} - Sending AppendResponse{status=OK, term=3, succeeded=true, lastLogIndex=81}
22:46:03.447 [raft-server-2] TRACE i.a.p.raft.roles.LeaderAppender - RaftServer{2} - Received AppendResponse{status=OK, term=3, succeeded=true, lastLogIndex=81} from 3
22:46:03.453 [raft-server-1] TRACE i.a.p.raft.roles.FollowerRole - RaftServer{1}{role=FOLLOWER} - Committed entries up to index 81
22:46:03.453 [raft-server-1] TRACE i.a.p.raft.roles.FollowerRole - RaftServer{1}{role=FOLLOWER} - Sending AppendResponse{status=OK, term=3, succeeded=true, lastLogIndex=81}
22:46:03.453 [raft-server-2] TRACE i.a.p.raft.roles.LeaderAppender - RaftServer{2} - Received AppendResponse{status=OK, term=3, succeeded=true, lastLogIndex=81} from 1
22:46:03.453 [raft-server-1] TRACE i.a.p.raft.roles.FollowerRole - RaftServer{1}{role=FOLLOWER} - Sending CommandResponse{status=OK, index=81, eventIndex=2, result=byte[]{length=3, hash=35527}}
22:46:03.454 [raft-client-4d6eb0c5-808f-4bee-91ae-78c435ccd24a-2] TRACE i.a.p.r.p.impl.RaftProxyConnection - PartitionProxy{2}{type=io.atomix.protocols.raft.RaftTest$TestPrimitiveType@35bfa1bb, name=raft-test} - Received CommandResponse{status=OK, index=81, eventIndex=2, result=byte[]{length=3, hash=35527}} from 1
22:46:03.454 [raft-client-4d6eb0c5-808f-4bee-91ae-78c435ccd24a-2] TRACE i.a.p.r.p.impl.RaftProxySequencer - PartitionProxy{2}{type=io.atomix.protocols.raft.RaftTest$TestPrimitiveType@35bfa1bb, name=raft-test} - Completing response CommandResponse{status=OK, index=81, eventIndex=2, result=byte[]{length=3, hash=35527}}
22:46:03.454 [raft-server-1-state] TRACE i.a.p.raft.impl.RaftServiceManager - RaftServer{1} - Applying Indexed{index=81, entry=CommandEntry{term=3, timestamp=2018-06-07 10:46:03,155, session=2, sequence=57, operation=PrimitiveOperation{id=DefaultOperationId{id=write, type=COMMAND}, value=byte[]{length=17, hash=-1644578928}}}}
22:46:03.454 [raft-server-1-state] TRACE i.a.p.s.impl.DefaultServiceExecutor - PrimitiveService{2}{type=io.atomix.protocols.raft.RaftTest$TestPrimitiveType@54705ce8, name=raft-test} - Executing DefaultCommit{index=81, session=RaftSession{RaftServiceContext{server=1, type=io.atomix.protocols.raft.RaftTest$TestPrimitiveType@54705ce8, name=raft-test, id=2}, session=2, timestamp=2018-06-07 10:46:03,155}, time=2018-06-07 10:46:03,155, operation=DefaultOperationId{id=write, type=COMMAND}, value=byte[]{length=17, hash=-1644578928}}
22:46:03.454 [raft-client-4d6eb0c5-808f-4bee-91ae-78c435ccd24a-1] TRACE i.a.p.r.p.impl.RaftProxyConnection - PartitionProxy{2}{type=io.atomix.protocols.raft.RaftTest$TestPrimitiveType@35bfa1bb, name=raft-test} - Sending CommandRequest{session=2, sequence=58, operation=PrimitiveOperation{id=DefaultOperationId{id=write, type=COMMAND}, value=byte[]{length=17, hash=-1644578928}}} to 1
22:46:03.454 [raft-server-1] TRACE i.a.p.raft.roles.FollowerRole - RaftServer{1}{role=FOLLOWER} - Received CommandRequest{session=2, sequence=58, operation=PrimitiveOperation{id=DefaultOperationId{id=write, type=COMMAND}, value=byte[]{length=17, hash=-1644578928}}}
22:46:03.454 [raft-server-2] TRACE i.a.protocols.raft.roles.LeaderRole - RaftServer{2}{role=LEADER} - Received CommandRequest{session=2, sequence=58, operation=PrimitiveOperation{id=DefaultOperationId{id=write, type=COMMAND}, value=byte[]{length=17, hash=-1644578928}}}
22:46:03.455 [raft-server-2] TRACE i.a.protocols.raft.roles.LeaderRole - RaftServer{2}{role=LEADER} - Appended Indexed{index=82, entry=CommandEntry{term=3, timestamp=2018-06-07 10:46:03,454, session=2, sequence=58, operation=PrimitiveOperation{id=DefaultOperationId{id=write, type=COMMAND}, value=byte[]{length=17, hash=-1644578928}}}}
22:46:03.455 [raft-server-2] TRACE i.a.p.raft.roles.LeaderAppender - RaftServer{2} - Sending AppendRequest{term=3, leader=2, prevLogIndex=81, prevLogTerm=3, entries=1, commitIndex=81} to 1
22:46:03.455 [raft-server-1] TRACE i.a.p.raft.roles.FollowerRole - RaftServer{1}{role=FOLLOWER} - Received AppendRequest{term=3, leader=2, prevLogIndex=81, prevLogTerm=3, entries=1, commitIndex=81}
22:46:03.455 [raft-server-2] TRACE i.a.p.raft.roles.LeaderAppender - RaftServer{2} - Sending AppendRequest{term=3, leader=2, prevLogIndex=81, prevLogTerm=3, entries=1, commitIndex=81} to 3
22:46:03.455 [raft-server-3] TRACE i.a.p.raft.roles.FollowerRole - RaftServer{3}{role=FOLLOWER} - Received AppendRequest{term=3, leader=2, prevLogIndex=81, prevLogTerm=3, entries=1, commitIndex=81}
22:46:03.455 [raft-server-1] TRACE i.a.p.raft.roles.FollowerRole - RaftServer{1}{role=FOLLOWER} - Appended Indexed{index=82, entry=CommandEntry{term=3, timestamp=2018-06-07 10:46:03,454, session=2, sequence=58, operation=PrimitiveOperation{id=DefaultOperationId{id=write, type=COMMAND}, value=byte[]{length=17, hash=-1644578928}}}}
22:46:03.455 [raft-server-3] TRACE i.a.p.raft.roles.FollowerRole - RaftServer{3}{role=FOLLOWER} - Appended Indexed{index=82, entry=CommandEntry{term=3, timestamp=2018-06-07 10:46:03,454, session=2, sequence=58, operation=PrimitiveOperation{id=DefaultOperationId{id=write, type=COMMAND}, value=byte[]{length=17, hash=-1644578928}}}}
22:46:03.455 [raft-server-1] TRACE i.a.p.raft.roles.FollowerRole - RaftServer{1}{role=FOLLOWER} - Sending AppendResponse{status=OK, term=3, succeeded=true, lastLogIndex=82}
22:46:03.455 [raft-server-3] TRACE i.a.p.raft.roles.FollowerRole - RaftServer{3}{role=FOLLOWER} - Sending AppendResponse{status=OK, term=3, succeeded=true, lastLogIndex=82}
22:46:03.455 [raft-server-2] TRACE i.a.p.raft.roles.LeaderAppender - RaftServer{2} - Received AppendResponse{status=OK, term=3, succeeded=true, lastLogIndex=82} from 1
22:46:03.455 [raft-server-2] TRACE i.a.p.raft.roles.LeaderAppender - RaftServer{2} - Committed entries up to 82
22:46:03.487 [raft-server-2] TRACE i.a.p.raft.roles.LeaderAppender - RaftServer{2} - Received AppendResponse{status=OK, term=3, succeeded=true, lastLogIndex=82} from 3
22:46:03.487 [raft-server-2-state] TRACE i.a.p.raft.impl.RaftServiceManager - RaftServer{2} - Applying Indexed{index=82, entry=CommandEntry{term=3, timestamp=2018-06-07 10:46:03,454, session=2, sequence=58, operation=PrimitiveOperation{id=DefaultOperationId{id=write, type=COMMAND}, value=byte[]{length=17, hash=-1644578928}}}}
22:46:03.487 [raft-server-2-state] TRACE i.a.p.s.impl.DefaultServiceExecutor - PrimitiveService{2}{type=io.atomix.protocols.raft.RaftTest$TestPrimitiveType@2fa5f551, name=raft-test} - Executing DefaultCommit{index=82, session=RaftSession{RaftServiceContext{server=2, type=io.atomix.protocols.raft.RaftTest$TestPrimitiveType@2fa5f551, name=raft-test, id=2}, session=2, timestamp=2018-06-07 10:46:03,454}, time=2018-06-07 10:46:03,454, operation=DefaultOperationId{id=write, type=COMMAND}, value=byte[]{length=17, hash=-1644578928}}
22:46:03.487 [raft-server-2-state] TRACE i.a.protocols.raft.roles.LeaderRole - RaftServer{2}{role=LEADER} - Sending CommandResponse{status=OK, index=82, eventIndex=2, result=byte[]{length=3, hash=35589}}
22:46:03.487 [raft-server-1] TRACE i.a.p.raft.roles.FollowerRole - RaftServer{1}{role=FOLLOWER} - Sending CommandResponse{status=OK, index=82, eventIndex=2, result=byte[]{length=3, hash=35589}}
22:46:03.488 [raft-client-4d6eb0c5-808f-4bee-91ae-78c435ccd24a-4] TRACE i.a.p.r.p.impl.RaftProxyConnection - PartitionProxy{2}{type=io.atomix.protocols.raft.RaftTest$TestPrimitiveType@35bfa1bb, name=raft-test} - Received CommandResponse{status=OK, index=82, eventIndex=2, result=byte[]{length=3, hash=35589}} from 1
22:46:03.488 [raft-client-4d6eb0c5-808f-4bee-91ae-78c435ccd24a-4] TRACE i.a.p.r.p.impl.RaftProxySequencer - PartitionProxy{2}{type=io.atomix.protocols.raft.RaftTest$TestPrimitiveType@35bfa1bb, name=raft-test} - Completing response CommandResponse{status=OK, index=82, eventIndex=2, result=byte[]{length=3, hash=35589}}
22:46:03.488 [raft-client-4d6eb0c5-808f-4bee-91ae-78c435ccd24a-7] TRACE i.a.p.r.p.impl.RaftProxyConnection - PartitionProxy{2}{type=io.atomix.protocols.raft.RaftTest$TestPrimitiveType@35bfa1bb, name=raft-test} - Sending CommandRequest{session=2, sequence=59, operation=PrimitiveOperation{id=DefaultOperationId{id=write, type=COMMAND}, value=byte[]{length=17, hash=-1644578928}}} to 1
22:46:03.488 [raft-server-1] TRACE i.a.p.raft.roles.FollowerRole - RaftServer{1}{role=FOLLOWER} - Received CommandRequest{session=2, sequence=59, operation=PrimitiveOperation{id=DefaultOperationId{id=write, type=COMMAND}, value=byte[]{length=17, hash=-1644578928}}}
22:46:03.488 [raft-server-2] TRACE i.a.protocols.raft.roles.LeaderRole - RaftServer{2}{role=LEADER} - Received CommandRequest{session=2, sequence=59, operation=PrimitiveOperation{id=DefaultOperationId{id=write, type=COMMAND}, value=byte[]{length=17, hash=-1644578928}}}
22:46:03.488 [raft-server-2] TRACE i.a.protocols.raft.roles.LeaderRole - RaftServer{2}{role=LEADER} - Appended Indexed{index=83, entry=CommandEntry{term=3, timestamp=2018-06-07 10:46:03,488, session=2, sequence=59, operation=PrimitiveOperation{id=DefaultOperationId{id=write, type=COMMAND}, value=byte[]{length=17, hash=-1644578928}}}}
22:46:03.489 [raft-server-2] TRACE i.a.p.raft.roles.LeaderAppender - RaftServer{2} - Sending AppendRequest{term=3, leader=2, prevLogIndex=82, prevLogTerm=3, entries=1, commitIndex=82} to 1
22:46:03.489 [raft-server-1] TRACE i.a.p.raft.roles.FollowerRole - RaftServer{1}{role=FOLLOWER} - Received AppendRequest{term=3, leader=2, prevLogIndex=82, prevLogTerm=3, entries=1, commitIndex=82}
22:46:03.489 [raft-server-2] TRACE i.a.p.raft.roles.LeaderAppender - RaftServer{2} - Sending AppendRequest{term=3, leader=2, prevLogIndex=82, prevLogTerm=3, entries=1, commitIndex=82} to 3
22:46:03.489 [raft-server-3] TRACE i.a.p.raft.roles.FollowerRole - RaftServer{3}{role=FOLLOWER} - Received AppendRequest{term=3, leader=2, prevLogIndex=82, prevLogTerm=3, entries=1, commitIndex=82}
22:46:03.489 [raft-server-1] TRACE i.a.p.raft.roles.FollowerRole - RaftServer{1}{role=FOLLOWER} - Appended Indexed{index=83, entry=CommandEntry{term=3, timestamp=2018-06-07 10:46:03,488, session=2, sequence=59, operation=PrimitiveOperation{id=DefaultOperationId{id=write, type=COMMAND}, value=byte[]{length=17, hash=-1644578928}}}}
22:46:03.489 [raft-server-3] TRACE i.a.p.raft.roles.FollowerRole - RaftServer{3}{role=FOLLOWER} - Appended Indexed{index=83, entry=CommandEntry{term=3, timestamp=2018-06-07 10:46:03,488, session=2, sequence=59, operation=PrimitiveOperation{id=DefaultOperationId{id=write, type=COMMAND}, value=byte[]{length=17, hash=-1644578928}}}}
22:46:03.608 [raft-server-1] TRACE i.a.p.raft.roles.FollowerRole - RaftServer{1}{role=FOLLOWER} - Committed entries up to index 82
22:46:03.608 [raft-server-3] TRACE i.a.p.raft.roles.FollowerRole - RaftServer{3}{role=FOLLOWER} - Committed entries up to index 82
22:46:03.608 [raft-server-1] TRACE i.a.p.raft.roles.FollowerRole - RaftServer{1}{role=FOLLOWER} - Sending AppendResponse{status=OK, term=3, succeeded=true, lastLogIndex=83}
22:46:03.608 [raft-server-3] TRACE i.a.p.raft.roles.FollowerRole - RaftServer{3}{role=FOLLOWER} - Sending AppendResponse{status=OK, term=3, succeeded=true, lastLogIndex=83}
22:46:03.608 [raft-server-2] TRACE i.a.p.raft.roles.LeaderAppender - RaftServer{2} - Received AppendResponse{status=OK, term=3, succeeded=true, lastLogIndex=83} from 1
22:46:03.608 [raft-server-2] TRACE i.a.p.raft.roles.LeaderAppender - RaftServer{2} - Committed entries up to 83
22:46:03.608 [raft-server-1-state] TRACE i.a.p.raft.impl.RaftServiceManager - RaftServer{1} - Applying Indexed{index=82, entry=CommandEntry{term=3, timestamp=2018-06-07 10:46:03,454, session=2, sequence=58, operation=PrimitiveOperation{id=DefaultOperationId{id=write, type=COMMAND}, value=byte[]{length=17, hash=-1644578928}}}}
22:46:03.608 [raft-server-3-state] TRACE i.a.p.raft.impl.RaftServiceManager - RaftServer{3} - Applying Indexed{index=82, entry=CommandEntry{term=3, timestamp=2018-06-07 10:46:03,454, session=2, sequence=58, operation=PrimitiveOperation{id=DefaultOperationId{id=write, type=COMMAND}, value=byte[]{length=17, hash=-1644578928}}}}
22:46:03.608 [raft-server-1-state] TRACE i.a.p.s.impl.DefaultServiceExecutor - PrimitiveService{2}{type=io.atomix.protocols.raft.RaftTest$TestPrimitiveType@54705ce8, name=raft-test} - Executing DefaultCommit{index=82, session=RaftSession{RaftServiceContext{server=1, type=io.atomix.protocols.raft.RaftTest$TestPrimitiveType@54705ce8, name=raft-test, id=2}, session=2, timestamp=2018-06-07 10:46:03,454}, time=2018-06-07 10:46:03,454, operation=DefaultOperationId{id=write, type=COMMAND}, value=byte[]{length=17, hash=-1644578928}}
22:46:03.608 [raft-server-3-state] TRACE i.a.p.s.impl.DefaultServiceExecutor - PrimitiveService{2}{type=io.atomix.protocols.raft.RaftTest$TestPrimitiveType@12cd62fc, name=raft-test} - Executing DefaultCommit{index=82, session=RaftSession{RaftServiceContext{server=3, type=io.atomix.protocols.raft.RaftTest$TestPrimitiveType@12cd62fc, name=raft-test, id=2}, session=2, timestamp=2018-06-07 10:46:03,454}, time=2018-06-07 10:46:03,454, operation=DefaultOperationId{id=write, type=COMMAND}, value=byte[]{length=17, hash=-1644578928}}
22:46:03.653 [raft-server-2] TRACE i.a.p.raft.roles.LeaderAppender - RaftServer{2} - Received AppendResponse{status=OK, term=3, succeeded=true, lastLogIndex=83} from 3
22:46:03.654 [raft-server-2-state] TRACE i.a.p.raft.impl.RaftServiceManager - RaftServer{2} - Applying Indexed{index=83, entry=CommandEntry{term=3, timestamp=2018-06-07 10:46:03,488, session=2, sequence=59, operation=PrimitiveOperation{id=DefaultOperationId{id=write, type=COMMAND}, value=byte[]{length=17, hash=-1644578928}}}}
22:46:03.654 [raft-server-2-state] TRACE i.a.p.s.impl.DefaultServiceExecutor - PrimitiveService{2}{type=io.atomix.protocols.raft.RaftTest$TestPrimitiveType@2fa5f551, name=raft-test} - Executing DefaultCommit{index=83, session=RaftSession{RaftServiceContext{server=2, type=io.atomix.protocols.raft.RaftTest$TestPrimitiveType@2fa5f551, name=raft-test, id=2}, session=2, timestamp=2018-06-07 10:46:03,488}, time=2018-06-07 10:46:03,488, operation=DefaultOperationId{id=write, type=COMMAND}, value=byte[]{length=17, hash=-1644578928}}
22:46:03.654 [raft-server-2-state] TRACE i.a.protocols.raft.roles.LeaderRole - RaftServer{2}{role=LEADER} - Sending CommandResponse{status=OK, index=83, eventIndex=2, result=byte[]{length=3, hash=35651}}
22:46:03.654 [raft-server-1] TRACE i.a.p.raft.roles.FollowerRole - RaftServer{1}{role=FOLLOWER} - Sending CommandResponse{status=OK, index=83, eventIndex=2, result=byte[]{length=3, hash=35651}}
22:46:03.654 [raft-client-4d6eb0c5-808f-4bee-91ae-78c435ccd24a-2] TRACE i.a.p.r.p.impl.RaftProxyConnection - PartitionProxy{2}{type=io.atomix.protocols.raft.RaftTest$TestPrimitiveType@35bfa1bb, name=raft-test} - Received CommandResponse{status=OK, index=83, eventIndex=2, result=byte[]{length=3, hash=35651}} from 1
22:46:03.654 [raft-client-4d6eb0c5-808f-4bee-91ae-78c435ccd24a-2] TRACE i.a.p.r.p.impl.RaftProxySequencer - PartitionProxy{2}{type=io.atomix.protocols.raft.RaftTest$TestPrimitiveType@35bfa1bb, name=raft-test} - Completing response CommandResponse{status=OK, index=83, eventIndex=2, result=byte[]{length=3, hash=35651}}
22:46:03.655 [raft-client-4d6eb0c5-808f-4bee-91ae-78c435ccd24a-2] TRACE i.a.p.r.p.impl.RaftProxyConnection - PartitionProxy{2}{type=io.atomix.protocols.raft.RaftTest$TestPrimitiveType@35bfa1bb, name=raft-test} - Sending CommandRequest{session=2, sequence=60, operation=PrimitiveOperation{id=DefaultOperationId{id=write, type=COMMAND}, value=byte[]{length=17, hash=-1644578928}}} to 1
22:46:03.655 [raft-server-1] TRACE i.a.p.raft.roles.FollowerRole - RaftServer{1}{role=FOLLOWER} - Received CommandRequest{session=2, sequence=60, operation=PrimitiveOperation{id=DefaultOperationId{id=write, type=COMMAND}, value=byte[]{length=17, hash=-1644578928}}}
22:46:03.655 [raft-server-2] TRACE i.a.protocols.raft.roles.LeaderRole - RaftServer{2}{role=LEADER} - Received CommandRequest{session=2, sequence=60, operation=PrimitiveOperation{id=DefaultOperationId{id=write, type=COMMAND}, value=byte[]{length=17, hash=-1644578928}}}
22:46:03.655 [raft-server-2] TRACE i.a.protocols.raft.roles.LeaderRole - RaftServer{2}{role=LEADER} - Appended Indexed{index=84, entry=CommandEntry{term=3, timestamp=2018-06-07 10:46:03,655, session=2, sequence=60, operation=PrimitiveOperation{id=DefaultOperationId{id=write, type=COMMAND}, value=byte[]{length=17, hash=-1644578928}}}}
22:46:03.655 [raft-server-2] TRACE i.a.p.raft.roles.LeaderAppender - RaftServer{2} - Sending AppendRequest{term=3, leader=2, prevLogIndex=83, prevLogTerm=3, entries=1, commitIndex=83} to 1
22:46:03.655 [raft-server-1] TRACE i.a.p.raft.roles.FollowerRole - RaftServer{1}{role=FOLLOWER} - Received AppendRequest{term=3, leader=2, prevLogIndex=83, prevLogTerm=3, entries=1, commitIndex=83}
22:46:03.655 [raft-server-2] TRACE i.a.p.raft.roles.LeaderAppender - RaftServer{2} - Sending AppendRequest{term=3, leader=2, prevLogIndex=83, prevLogTerm=3, entries=1, commitIndex=83} to 3
22:46:03.655 [raft-server-3] TRACE i.a.p.raft.roles.FollowerRole - RaftServer{3}{role=FOLLOWER} - Received AppendRequest{term=3, leader=2, prevLogIndex=83, prevLogTerm=3, entries=1, commitIndex=83}
22:46:03.655 [raft-server-1] TRACE i.a.p.raft.roles.FollowerRole - RaftServer{1}{role=FOLLOWER} - Appended Indexed{index=84, entry=CommandEntry{term=3, timestamp=2018-06-07 10:46:03,655, session=2, sequence=60, operation=PrimitiveOperation{id=DefaultOperationId{id=write, type=COMMAND}, value=byte[]{length=17, hash=-1644578928}}}}
22:46:03.655 [raft-server-3] TRACE i.a.p.raft.roles.FollowerRole - RaftServer{3}{role=FOLLOWER} - Appended Indexed{index=84, entry=CommandEntry{term=3, timestamp=2018-06-07 10:46:03,655, session=2, sequence=60, operation=PrimitiveOperation{id=DefaultOperationId{id=write, type=COMMAND}, value=byte[]{length=17, hash=-1644578928}}}}
22:46:03.678 [raft-server-1] TRACE i.a.p.raft.roles.FollowerRole - RaftServer{1}{role=FOLLOWER} - Committed entries up to index 83
22:46:03.678 [raft-server-3] TRACE i.a.p.raft.roles.FollowerRole - RaftServer{3}{role=FOLLOWER} - Committed entries up to index 83
22:46:03.678 [raft-server-1] TRACE i.a.p.raft.roles.FollowerRole - RaftServer{1}{role=FOLLOWER} - Sending AppendResponse{status=OK, term=3, succeeded=true, lastLogIndex=84}
22:46:03.678 [raft-server-3] TRACE i.a.p.raft.roles.FollowerRole - RaftServer{3}{role=FOLLOWER} - Sending AppendResponse{status=OK, term=3, succeeded=true, lastLogIndex=84}
22:46:03.679 [raft-server-2] TRACE i.a.p.raft.roles.LeaderAppender - RaftServer{2} - Received AppendResponse{status=OK, term=3, succeeded=true, lastLogIndex=84} from 1
22:46:03.679 [raft-server-2] TRACE i.a.p.raft.roles.LeaderAppender - RaftServer{2} - Committed entries up to 84
22:46:03.679 [raft-server-1-state] TRACE i.a.p.raft.impl.RaftServiceManager - RaftServer{1} - Applying Indexed{index=83, entry=CommandEntry{term=3, timestamp=2018-06-07 10:46:03,488, session=2, sequence=59, operation=PrimitiveOperation{id=DefaultOperationId{id=write, type=COMMAND}, value=byte[]{length=17, hash=-1644578928}}}}
22:46:03.679 [raft-server-3-state] TRACE i.a.p.raft.impl.RaftServiceManager - RaftServer{3} - Applying Indexed{index=83, entry=CommandEntry{term=3, timestamp=2018-06-07 10:46:03,488, session=2, sequence=59, operation=PrimitiveOperation{id=DefaultOperationId{id=write, type=COMMAND}, value=byte[]{length=17, hash=-1644578928}}}}
22:46:03.679 [raft-server-1-state] TRACE i.a.p.s.impl.DefaultServiceExecutor - PrimitiveService{2}{type=io.atomix.protocols.raft.RaftTest$TestPrimitiveType@54705ce8, name=raft-test} - Executing DefaultCommit{index=83, session=RaftSession{RaftServiceContext{server=1, type=io.atomix.protocols.raft.RaftTest$TestPrimitiveType@54705ce8, name=raft-test, id=2}, session=2, timestamp=2018-06-07 10:46:03,488}, time=2018-06-07 10:46:03,488, operation=DefaultOperationId{id=write, type=COMMAND}, value=byte[]{length=17, hash=-1644578928}}
22:46:03.679 [raft-server-3-state] TRACE i.a.p.s.impl.DefaultServiceExecutor - PrimitiveService{2}{type=io.atomix.protocols.raft.RaftTest$TestPrimitiveType@12cd62fc, name=raft-test} - Executing DefaultCommit{index=83, session=RaftSession{RaftServiceContext{server=3, type=io.atomix.protocols.raft.RaftTest$TestPrimitiveType@12cd62fc, name=raft-test, id=2}, session=2, timestamp=2018-06-07 10:46:03,488}, time=2018-06-07 10:46:03,488, operation=DefaultOperationId{id=write, type=COMMAND}, value=byte[]{length=17, hash=-1644578928}}
22:46:03.703 [raft-server-2] TRACE i.a.p.raft.roles.LeaderAppender - RaftServer{2} - Received AppendResponse{status=OK, term=3, succeeded=true, lastLogIndex=84} from 3
22:46:03.704 [raft-server-2] TRACE i.a.p.raft.roles.LeaderAppender - RaftServer{2} - Sending AppendRequest{term=3, leader=2, prevLogIndex=84, prevLogTerm=3, entries=0, commitIndex=84} to 1
22:46:03.704 [raft-server-1] TRACE i.a.p.raft.roles.FollowerRole - RaftServer{1}{role=FOLLOWER} - Received AppendRequest{term=3, leader=2, prevLogIndex=84, prevLogTerm=3, entries=0, commitIndex=84}
22:46:03.704 [raft-server-2] TRACE i.a.p.raft.roles.LeaderAppender - RaftServer{2} - Sending AppendRequest{term=3, leader=2, prevLogIndex=84, prevLogTerm=3, entries=0, commitIndex=84} to 3
22:46:03.704 [raft-server-3] TRACE i.a.p.raft.roles.FollowerRole - RaftServer{3}{role=FOLLOWER} - Received AppendRequest{term=3, leader=2, prevLogIndex=84, prevLogTerm=3, entries=0, commitIndex=84}
22:46:03.704 [raft-server-2-state] TRACE i.a.p.raft.impl.RaftServiceManager - RaftServer{2} - Applying Indexed{index=84, entry=CommandEntry{term=3, timestamp=2018-06-07 10:46:03,655, session=2, sequence=60, operation=PrimitiveOperation{id=DefaultOperationId{id=write, type=COMMAND}, value=byte[]{length=17, hash=-1644578928}}}}
22:46:03.704 [raft-server-2-state] TRACE i.a.p.s.impl.DefaultServiceExecutor - PrimitiveService{2}{type=io.atomix.protocols.raft.RaftTest$TestPrimitiveType@2fa5f551, name=raft-test} - Executing DefaultCommit{index=84, session=RaftSession{RaftServiceContext{server=2, type=io.atomix.protocols.raft.RaftTest$TestPrimitiveType@2fa5f551, name=raft-test, id=2}, session=2, timestamp=2018-06-07 10:46:03,655}, time=2018-06-07 10:46:03,655, operation=DefaultOperationId{id=write, type=COMMAND}, value=byte[]{length=17, hash=-1644578928}}
22:46:03.704 [raft-server-2-state] TRACE i.a.protocols.raft.roles.LeaderRole - RaftServer{2}{role=LEADER} - Sending CommandResponse{status=OK, index=84, eventIndex=2, result=byte[]{length=3, hash=35713}}
22:46:03.720 [raft-server-1] TRACE i.a.p.raft.roles.FollowerRole - RaftServer{1}{role=FOLLOWER} - Committed entries up to index 84
22:46:03.720 [raft-server-1] TRACE i.a.p.raft.roles.FollowerRole - RaftServer{1}{role=FOLLOWER} - Sending AppendResponse{status=OK, term=3, succeeded=true, lastLogIndex=84}
22:46:03.720 [raft-server-1] TRACE i.a.p.raft.roles.FollowerRole - RaftServer{1}{role=FOLLOWER} - Sending CommandResponse{status=OK, index=84, eventIndex=2, result=byte[]{length=3, hash=35713}}
22:46:03.720 [raft-server-2] TRACE i.a.p.raft.roles.LeaderAppender - RaftServer{2} - Received AppendResponse{status=OK, term=3, succeeded=true, lastLogIndex=84} from 1
22:46:03.720 [raft-client-4d6eb0c5-808f-4bee-91ae-78c435ccd24a-0] TRACE i.a.p.r.p.impl.RaftProxyConnection - PartitionProxy{2}{type=io.atomix.protocols.raft.RaftTest$TestPrimitiveType@35bfa1bb, name=raft-test} - Received CommandResponse{status=OK, index=84, eventIndex=2, result=byte[]{length=3, hash=35713}} from 1
22:46:03.720 [raft-server-2] TRACE i.a.p.raft.roles.LeaderAppender - RaftServer{2} - Sending AppendRequest{term=3, leader=2, prevLogIndex=84, prevLogTerm=3, entries=0, commitIndex=84} to 1
22:46:03.720 [raft-server-1-state] TRACE i.a.p.raft.impl.RaftServiceManager - RaftServer{1} - Applying Indexed{index=84, entry=CommandEntry{term=3, timestamp=2018-06-07 10:46:03,655, session=2, sequence=60, operation=PrimitiveOperation{id=DefaultOperationId{id=write, type=COMMAND}, value=byte[]{length=17, hash=-1644578928}}}}
22:46:03.720 [raft-client-4d6eb0c5-808f-4bee-91ae-78c435ccd24a-0] TRACE i.a.p.r.p.impl.RaftProxySequencer - PartitionProxy{2}{type=io.atomix.protocols.raft.RaftTest$TestPrimitiveType@35bfa1bb, name=raft-test} - Completing response CommandResponse{status=OK, index=84, eventIndex=2, result=byte[]{length=3, hash=35713}}
22:46:03.720 [raft-server-1] TRACE i.a.p.raft.roles.FollowerRole - RaftServer{1}{role=FOLLOWER} - Received AppendRequest{term=3, leader=2, prevLogIndex=84, prevLogTerm=3, entries=0, commitIndex=84}
22:46:03.720 [raft-server-1-state] TRACE i.a.p.s.impl.DefaultServiceExecutor - PrimitiveService{2}{type=io.atomix.protocols.raft.RaftTest$TestPrimitiveType@54705ce8, name=raft-test} - Executing DefaultCommit{index=84, session=RaftSession{RaftServiceContext{server=1, type=io.atomix.protocols.raft.RaftTest$TestPrimitiveType@54705ce8, name=raft-test, id=2}, session=2, timestamp=2018-06-07 10:46:03,655}, time=2018-06-07 10:46:03,655, operation=DefaultOperationId{id=write, type=COMMAND}, value=byte[]{length=17, hash=-1644578928}}
22:46:03.720 [raft-server-1] TRACE i.a.p.raft.roles.FollowerRole - RaftServer{1}{role=FOLLOWER} - Sending AppendResponse{status=OK, term=3, succeeded=true, lastLogIndex=84}
22:46:03.721 [raft-server-2] TRACE i.a.p.raft.roles.LeaderAppender - RaftServer{2} - Received AppendResponse{status=OK, term=3, succeeded=true, lastLogIndex=84} from 1
22:46:03.721 [raft-client-4d6eb0c5-808f-4bee-91ae-78c435ccd24a-0] TRACE i.a.p.r.p.impl.RaftProxyConnection - PartitionProxy{2}{type=io.atomix.protocols.raft.RaftTest$TestPrimitiveType@35bfa1bb, name=raft-test} - Sending CommandRequest{session=2, sequence=61, operation=PrimitiveOperation{id=DefaultOperationId{id=write, type=COMMAND}, value=byte[]{length=17, hash=-1644578928}}} to 1
22:46:03.721 [raft-server-1] TRACE i.a.p.raft.roles.FollowerRole - RaftServer{1}{role=FOLLOWER} - Received CommandRequest{session=2, sequence=61, operation=PrimitiveOperation{id=DefaultOperationId{id=write, type=COMMAND}, value=byte[]{length=17, hash=-1644578928}}}
22:46:03.721 [raft-server-2] TRACE i.a.protocols.raft.roles.LeaderRole - RaftServer{2}{role=LEADER} - Received CommandRequest{session=2, sequence=61, operation=PrimitiveOperation{id=DefaultOperationId{id=write, type=COMMAND}, value=byte[]{length=17, hash=-1644578928}}}
22:46:03.721 [raft-server-2] TRACE i.a.protocols.raft.roles.LeaderRole - RaftServer{2}{role=LEADER} - Appended Indexed{index=85, entry=CommandEntry{term=3, timestamp=2018-06-07 10:46:03,721, session=2, sequence=61, operation=PrimitiveOperation{id=DefaultOperationId{id=write, type=COMMAND}, value=byte[]{length=17, hash=-1644578928}}}}
22:46:03.721 [raft-server-2] TRACE i.a.p.raft.roles.LeaderAppender - RaftServer{2} - Sending AppendRequest{term=3, leader=2, prevLogIndex=84, prevLogTerm=3, entries=1, commitIndex=84} to 1
22:46:03.721 [raft-server-1] TRACE i.a.p.raft.roles.FollowerRole - RaftServer{1}{role=FOLLOWER} - Received AppendRequest{term=3, leader=2, prevLogIndex=84, prevLogTerm=3, entries=1, commitIndex=84}
22:46:03.722 [raft-server-1] TRACE i.a.p.raft.roles.FollowerRole - RaftServer{1}{role=FOLLOWER} - Appended Indexed{index=85, entry=CommandEntry{term=3, timestamp=2018-06-07 10:46:03,721, session=2, sequence=61, operation=PrimitiveOperation{id=DefaultOperationId{id=write, type=COMMAND}, value=byte[]{length=17, hash=-1644578928}}}}
22:46:03.722 [raft-server-1] TRACE i.a.p.raft.roles.FollowerRole - RaftServer{1}{role=FOLLOWER} - Sending AppendResponse{status=OK, term=3, succeeded=true, lastLogIndex=85}
22:46:03.722 [raft-server-2] TRACE i.a.p.raft.roles.LeaderAppender - RaftServer{2} - Received AppendResponse{status=OK, term=3, succeeded=true, lastLogIndex=85} from 1
22:46:03.722 [raft-server-2] TRACE i.a.p.raft.roles.LeaderAppender - RaftServer{2} - Committed entries up to 85
22:46:03.743 [raft-server-3] TRACE i.a.p.raft.roles.FollowerRole - RaftServer{3}{role=FOLLOWER} - Committed entries up to index 84
22:46:03.743 [raft-server-3] TRACE i.a.p.raft.roles.FollowerRole - RaftServer{3}{role=FOLLOWER} - Sending AppendResponse{status=OK, term=3, succeeded=true, lastLogIndex=84}
22:46:03.743 [raft-server-3-state] TRACE i.a.p.raft.impl.RaftServiceManager - RaftServer{3} - Applying Indexed{index=84, entry=CommandEntry{term=3, timestamp=2018-06-07 10:46:03,655, session=2, sequence=60, operation=PrimitiveOperation{id=DefaultOperationId{id=write, type=COMMAND}, value=byte[]{length=17, hash=-1644578928}}}}
22:46:03.743 [raft-server-3-state] TRACE i.a.p.s.impl.DefaultServiceExecutor - PrimitiveService{2}{type=io.atomix.protocols.raft.RaftTest$TestPrimitiveType@12cd62fc, name=raft-test} - Executing DefaultCommit{index=84, session=RaftSession{RaftServiceContext{server=3, type=io.atomix.protocols.raft.RaftTest$TestPrimitiveType@12cd62fc, name=raft-test, id=2}, session=2, timestamp=2018-06-07 10:46:03,655}, time=2018-06-07 10:46:03,655, operation=DefaultOperationId{id=write, type=COMMAND}, value=byte[]{length=17, hash=-1644578928}}
22:46:03.762 [raft-server-2] TRACE i.a.p.raft.roles.LeaderAppender - RaftServer{2} - Received AppendResponse{status=OK, term=3, succeeded=true, lastLogIndex=84} from 3
22:46:03.762 [raft-server-2] TRACE i.a.p.raft.roles.LeaderAppender - RaftServer{2} - Sending AppendRequest{term=3, leader=2, prevLogIndex=84, prevLogTerm=3, entries=1, commitIndex=85} to 3
22:46:03.762 [raft-server-3] TRACE i.a.p.raft.roles.FollowerRole - RaftServer{3}{role=FOLLOWER} - Received AppendRequest{term=3, leader=2, prevLogIndex=84, prevLogTerm=3, entries=1, commitIndex=85}
22:46:03.762 [raft-server-2-state] TRACE i.a.p.raft.impl.RaftServiceManager - RaftServer{2} - Applying Indexed{index=85, entry=CommandEntry{term=3, timestamp=2018-06-07 10:46:03,721, session=2, sequence=61, operation=PrimitiveOperation{id=DefaultOperationId{id=write, type=COMMAND}, value=byte[]{length=17, hash=-1644578928}}}}
22:46:03.762 [raft-server-3] TRACE i.a.p.raft.roles.FollowerRole - RaftServer{3}{role=FOLLOWER} - Appended Indexed{index=85, entry=CommandEntry{term=3, timestamp=2018-06-07 10:46:03,721, session=2, sequence=61, operation=PrimitiveOperation{id=DefaultOperationId{id=write, type=COMMAND}, value=byte[]{length=17, hash=-1644578928}}}}
22:46:03.762 [raft-server-2-state] TRACE i.a.p.s.impl.DefaultServiceExecutor - PrimitiveService{2}{type=io.atomix.protocols.raft.RaftTest$TestPrimitiveType@2fa5f551, name=raft-test} - Executing DefaultCommit{index=85, session=RaftSession{RaftServiceContext{server=2, type=io.atomix.protocols.raft.RaftTest$TestPrimitiveType@2fa5f551, name=raft-test, id=2}, session=2, timestamp=2018-06-07 10:46:03,721}, time=2018-06-07 10:46:03,721, operation=DefaultOperationId{id=write, type=COMMAND}, value=byte[]{length=17, hash=-1644578928}}
22:46:03.762 [raft-server-2-state] TRACE i.a.protocols.raft.roles.LeaderRole - RaftServer{2}{role=LEADER} - Sending CommandResponse{status=OK, index=85, eventIndex=2, result=byte[]{length=3, hash=35775}}
22:46:03.762 [raft-server-1] TRACE i.a.p.raft.roles.FollowerRole - RaftServer{1}{role=FOLLOWER} - Sending CommandResponse{status=OK, index=85, eventIndex=2, result=byte[]{length=3, hash=35775}}
22:46:03.763 [raft-client-4d6eb0c5-808f-4bee-91ae-78c435ccd24a-2] TRACE i.a.p.r.p.impl.RaftProxyConnection - PartitionProxy{2}{type=io.atomix.protocols.raft.RaftTest$TestPrimitiveType@35bfa1bb, name=raft-test} - Received CommandResponse{status=OK, index=85, eventIndex=2, result=byte[]{length=3, hash=35775}} from 1
22:46:03.763 [raft-client-4d6eb0c5-808f-4bee-91ae-78c435ccd24a-2] TRACE i.a.p.r.p.impl.RaftProxySequencer - PartitionProxy{2}{type=io.atomix.protocols.raft.RaftTest$TestPrimitiveType@35bfa1bb, name=raft-test} - Completing response CommandResponse{status=OK, index=85, eventIndex=2, result=byte[]{length=3, hash=35775}}
22:46:03.763 [raft-client-4d6eb0c5-808f-4bee-91ae-78c435ccd24a-5] TRACE i.a.p.r.p.impl.RaftProxyConnection - PartitionProxy{2}{type=io.atomix.protocols.raft.RaftTest$TestPrimitiveType@35bfa1bb, name=raft-test} - Sending CommandRequest{session=2, sequence=62, operation=PrimitiveOperation{id=DefaultOperationId{id=write, type=COMMAND}, value=byte[]{length=17, hash=-1644578928}}} to 1
22:46:03.763 [raft-server-1] TRACE i.a.p.raft.roles.FollowerRole - RaftServer{1}{role=FOLLOWER} - Received CommandRequest{session=2, sequence=62, operation=PrimitiveOperation{id=DefaultOperationId{id=write, type=COMMAND}, value=byte[]{length=17, hash=-1644578928}}}
22:46:03.763 [raft-server-2] TRACE i.a.protocols.raft.roles.LeaderRole - RaftServer{2}{role=LEADER} - Received CommandRequest{session=2, sequence=62, operation=PrimitiveOperation{id=DefaultOperationId{id=write, type=COMMAND}, value=byte[]{length=17, hash=-1644578928}}}
22:46:03.763 [raft-server-2] TRACE i.a.protocols.raft.roles.LeaderRole - RaftServer{2}{role=LEADER} - Appended Indexed{index=86, entry=CommandEntry{term=3, timestamp=2018-06-07 10:46:03,763, session=2, sequence=62, operation=PrimitiveOperation{id=DefaultOperationId{id=write, type=COMMAND}, value=byte[]{length=17, hash=-1644578928}}}}
22:46:03.764 [raft-server-2] TRACE i.a.p.raft.roles.LeaderAppender - RaftServer{2} - Sending AppendRequest{term=3, leader=2, prevLogIndex=85, prevLogTerm=3, entries=1, commitIndex=85} to 1
22:46:03.764 [raft-server-1] TRACE i.a.p.raft.roles.FollowerRole - RaftServer{1}{role=FOLLOWER} - Received AppendRequest{term=3, leader=2, prevLogIndex=85, prevLogTerm=3, entries=1, commitIndex=85}
22:46:03.764 [raft-server-1] TRACE i.a.p.raft.roles.FollowerRole - RaftServer{1}{role=FOLLOWER} - Appended Indexed{index=86, entry=CommandEntry{term=3, timestamp=2018-06-07 10:46:03,763, session=2, sequence=62, operation=PrimitiveOperation{id=DefaultOperationId{id=write, type=COMMAND}, value=byte[]{length=17, hash=-1644578928}}}}
22:46:03.802 [raft-server-3] TRACE i.a.p.raft.roles.FollowerRole - RaftServer{3}{role=FOLLOWER} - Committed entries up to index 85
22:46:03.802 [raft-server-3] TRACE i.a.p.raft.roles.FollowerRole - RaftServer{3}{role=FOLLOWER} - Sending AppendResponse{status=OK, term=3, succeeded=true, lastLogIndex=85}
22:46:03.802 [raft-server-2] TRACE i.a.p.raft.roles.LeaderAppender - RaftServer{2} - Received AppendResponse{status=OK, term=3, succeeded=true, lastLogIndex=85} from 3
22:46:03.802 [raft-server-2] TRACE i.a.p.raft.roles.LeaderAppender - RaftServer{2} - Sending AppendRequest{term=3, leader=2, prevLogIndex=85, prevLogTerm=3, entries=1, commitIndex=85} to 3
22:46:03.802 [raft-server-3-state] TRACE i.a.p.raft.impl.RaftServiceManager - RaftServer{3} - Applying Indexed{index=85, entry=CommandEntry{term=3, timestamp=2018-06-07 10:46:03,721, session=2, sequence=61, operation=PrimitiveOperation{id=DefaultOperationId{id=write, type=COMMAND}, value=byte[]{length=17, hash=-1644578928}}}}
22:46:03.803 [raft-server-3] TRACE i.a.p.raft.roles.FollowerRole - RaftServer{3}{role=FOLLOWER} - Received AppendRequest{term=3, leader=2, prevLogIndex=85, prevLogTerm=3, entries=1, commitIndex=85}
22:46:03.803 [raft-server-3-state] TRACE i.a.p.s.impl.DefaultServiceExecutor - PrimitiveService{2}{type=io.atomix.protocols.raft.RaftTest$TestPrimitiveType@12cd62fc, name=raft-test} - Executing DefaultCommit{index=85, session=RaftSession{RaftServiceContext{server=3, type=io.atomix.protocols.raft.RaftTest$TestPrimitiveType@12cd62fc, name=raft-test, id=2}, session=2, timestamp=2018-06-07 10:46:03,721}, time=2018-06-07 10:46:03,721, operation=DefaultOperationId{id=write, type=COMMAND}, value=byte[]{length=17, hash=-1644578928}}
22:46:03.803 [raft-server-3] TRACE i.a.p.raft.roles.FollowerRole - RaftServer{3}{role=FOLLOWER} - Appended Indexed{index=86, entry=CommandEntry{term=3, timestamp=2018-06-07 10:46:03,763, session=2, sequence=62, operation=PrimitiveOperation{id=DefaultOperationId{id=write, type=COMMAND}, value=byte[]{length=17, hash=-1644578928}}}}
22:46:03.803 [raft-server-3] TRACE i.a.p.raft.roles.FollowerRole - RaftServer{3}{role=FOLLOWER} - Sending AppendResponse{status=OK, term=3, succeeded=true, lastLogIndex=86}
22:46:03.803 [raft-server-2] TRACE i.a.p.raft.roles.LeaderAppender - RaftServer{2} - Received AppendResponse{status=OK, term=3, succeeded=true, lastLogIndex=86} from 3
22:46:03.803 [raft-server-2] TRACE i.a.p.raft.roles.LeaderAppender - RaftServer{2} - Committed entries up to 86
22:46:03.832 [raft-server-1] TRACE i.a.p.raft.roles.FollowerRole - RaftServer{1}{role=FOLLOWER} - Committed entries up to index 85
22:46:03.832 [raft-server-1] TRACE i.a.p.raft.roles.FollowerRole - RaftServer{1}{role=FOLLOWER} - Sending AppendResponse{status=OK, term=3, succeeded=true, lastLogIndex=86}
22:46:03.832 [raft-server-1-state] TRACE i.a.p.raft.impl.RaftServiceManager - RaftServer{1} - Applying Indexed{index=85, entry=CommandEntry{term=3, timestamp=2018-06-07 10:46:03,721, session=2, sequence=61, operation=PrimitiveOperation{id=DefaultOperationId{id=write, type=COMMAND}, value=byte[]{length=17, hash=-1644578928}}}}
22:46:03.832 [raft-server-1-state] TRACE i.a.p.s.impl.DefaultServiceExecutor - PrimitiveService{2}{type=io.atomix.protocols.raft.RaftTest$TestPrimitiveType@54705ce8, name=raft-test} - Executing DefaultCommit{index=85, session=RaftSession{RaftServiceContext{server=1, type=io.atomix.protocols.raft.RaftTest$TestPrimitiveType@54705ce8, name=raft-test, id=2}, session=2, timestamp=2018-06-07 10:46:03,721}, time=2018-06-07 10:46:03,721, operation=DefaultOperationId{id=write, type=COMMAND}, value=byte[]{length=17, hash=-1644578928}}
22:46:03.845 [raft-server-2] TRACE i.a.p.raft.roles.LeaderAppender - RaftServer{2} - Received AppendResponse{status=OK, term=3, succeeded=true, lastLogIndex=86} from 1
22:46:03.845 [raft-server-2-state] TRACE i.a.p.raft.impl.RaftServiceManager - RaftServer{2} - Applying Indexed{index=86, entry=CommandEntry{term=3, timestamp=2018-06-07 10:46:03,763, session=2, sequence=62, operation=PrimitiveOperation{id=DefaultOperationId{id=write, type=COMMAND}, value=byte[]{length=17, hash=-1644578928}}}}
22:46:03.845 [raft-server-2-state] TRACE i.a.p.s.impl.DefaultServiceExecutor - PrimitiveService{2}{type=io.atomix.protocols.raft.RaftTest$TestPrimitiveType@2fa5f551, name=raft-test} - Executing DefaultCommit{index=86, session=RaftSession{RaftServiceContext{server=2, type=io.atomix.protocols.raft.RaftTest$TestPrimitiveType@2fa5f551, name=raft-test, id=2}, session=2, timestamp=2018-06-07 10:46:03,763}, time=2018-06-07 10:46:03,763, operation=DefaultOperationId{id=write, type=COMMAND}, value=byte[]{length=17, hash=-1644578928}}
22:46:03.845 [raft-server-2-state] TRACE i.a.protocols.raft.roles.LeaderRole - RaftServer{2}{role=LEADER} - Sending CommandResponse{status=OK, index=86, eventIndex=2, result=byte[]{length=3, hash=35837}}
22:46:03.846 [raft-server-1] TRACE i.a.p.raft.roles.FollowerRole - RaftServer{1}{role=FOLLOWER} - Sending CommandResponse{status=OK, index=86, eventIndex=2, result=byte[]{length=3, hash=35837}}
22:46:03.846 [raft-client-4d6eb0c5-808f-4bee-91ae-78c435ccd24a-6] TRACE i.a.p.r.p.impl.RaftProxyConnection - PartitionProxy{2}{type=io.atomix.protocols.raft.RaftTest$TestPrimitiveType@35bfa1bb, name=raft-test} - Received CommandResponse{status=OK, index=86, eventIndex=2, result=byte[]{length=3, hash=35837}} from 1
22:46:03.846 [raft-client-4d6eb0c5-808f-4bee-91ae-78c435ccd24a-6] TRACE i.a.p.r.p.impl.RaftProxySequencer - PartitionProxy{2}{type=io.atomix.protocols.raft.RaftTest$TestPrimitiveType@35bfa1bb, name=raft-test} - Completing response CommandResponse{status=OK, index=86, eventIndex=2, result=byte[]{length=3, hash=35837}}
22:46:03.846 [raft-client-4d6eb0c5-808f-4bee-91ae-78c435ccd24a-6] TRACE i.a.p.r.p.impl.RaftProxyConnection - PartitionProxy{2}{type=io.atomix.protocols.raft.RaftTest$TestPrimitiveType@35bfa1bb, name=raft-test} - Sending CommandRequest{session=2, sequence=63, operation=PrimitiveOperation{id=DefaultOperationId{id=write, type=COMMAND}, value=byte[]{length=17, hash=-1644578928}}} to 1
22:46:03.846 [raft-server-1] TRACE i.a.p.raft.roles.FollowerRole - RaftServer{1}{role=FOLLOWER} - Received CommandRequest{session=2, sequence=63, operation=PrimitiveOperation{id=DefaultOperationId{id=write, type=COMMAND}, value=byte[]{length=17, hash=-1644578928}}}
22:46:03.846 [raft-server-2] TRACE i.a.protocols.raft.roles.LeaderRole - RaftServer{2}{role=LEADER} - Received CommandRequest{session=2, sequence=63, operation=PrimitiveOperation{id=DefaultOperationId{id=write, type=COMMAND}, value=byte[]{length=17, hash=-1644578928}}}
22:46:03.847 [raft-server-2] TRACE i.a.protocols.raft.roles.LeaderRole - RaftServer{2}{role=LEADER} - Appended Indexed{index=87, entry=CommandEntry{term=3, timestamp=2018-06-07 10:46:03,846, session=2, sequence=63, operation=PrimitiveOperation{id=DefaultOperationId{id=write, type=COMMAND}, value=byte[]{length=17, hash=-1644578928}}}}
22:46:03.847 [raft-server-2] TRACE i.a.p.raft.roles.LeaderAppender - RaftServer{2} - Sending AppendRequest{term=3, leader=2, prevLogIndex=86, prevLogTerm=3, entries=1, commitIndex=86} to 1
22:46:03.847 [raft-server-1] TRACE i.a.p.raft.roles.FollowerRole - RaftServer{1}{role=FOLLOWER} - Received AppendRequest{term=3, leader=2, prevLogIndex=86, prevLogTerm=3, entries=1, commitIndex=86}
22:46:03.847 [raft-server-2] TRACE i.a.p.raft.roles.LeaderAppender - RaftServer{2} - Sending AppendRequest{term=3, leader=2, prevLogIndex=86, prevLogTerm=3, entries=1, commitIndex=86} to 3
22:46:03.847 [raft-server-3] TRACE i.a.p.raft.roles.FollowerRole - RaftServer{3}{role=FOLLOWER} - Received AppendRequest{term=3, leader=2, prevLogIndex=86, prevLogTerm=3, entries=1, commitIndex=86}
22:46:03.847 [raft-server-1] TRACE i.a.p.raft.roles.FollowerRole - RaftServer{1}{role=FOLLOWER} - Appended Indexed{index=87, entry=CommandEntry{term=3, timestamp=2018-06-07 10:46:03,846, session=2, sequence=63, operation=PrimitiveOperation{id=DefaultOperationId{id=write, type=COMMAND}, value=byte[]{length=17, hash=-1644578928}}}}
22:46:03.847 [raft-server-3] TRACE i.a.p.raft.roles.FollowerRole - RaftServer{3}{role=FOLLOWER} - Appended Indexed{index=87, entry=CommandEntry{term=3, timestamp=2018-06-07 10:46:03,846, session=2, sequence=63, operation=PrimitiveOperation{id=DefaultOperationId{id=write, type=COMMAND}, value=byte[]{length=17, hash=-1644578928}}}}
22:46:03.877 [raft-server-1] TRACE i.a.p.raft.roles.FollowerRole - RaftServer{1}{role=FOLLOWER} - Committed entries up to index 86
22:46:03.877 [raft-server-3] TRACE i.a.p.raft.roles.FollowerRole - RaftServer{3}{role=FOLLOWER} - Committed entries up to index 86
22:46:03.877 [raft-server-1] TRACE i.a.p.raft.roles.FollowerRole - RaftServer{1}{role=FOLLOWER} - Sending AppendResponse{status=OK, term=3, succeeded=true, lastLogIndex=87}
22:46:03.877 [raft-server-3] TRACE i.a.p.raft.roles.FollowerRole - RaftServer{3}{role=FOLLOWER} - Sending AppendResponse{status=OK, term=3, succeeded=true, lastLogIndex=87}
22:46:03.877 [raft-server-2] TRACE i.a.p.raft.roles.LeaderAppender - RaftServer{2} - Received AppendResponse{status=OK, term=3, succeeded=true, lastLogIndex=87} from 1
22:46:03.877 [raft-server-1-state] TRACE i.a.p.raft.impl.RaftServiceManager - RaftServer{1} - Applying Indexed{index=86, entry=CommandEntry{term=3, timestamp=2018-06-07 10:46:03,763, session=2, sequence=62, operation=PrimitiveOperation{id=DefaultOperationId{id=write, type=COMMAND}, value=byte[]{length=17, hash=-1644578928}}}}
22:46:03.877 [raft-server-3-state] TRACE i.a.p.raft.impl.RaftServiceManager - RaftServer{3} - Applying Indexed{index=86, entry=CommandEntry{term=3, timestamp=2018-06-07 10:46:03,763, session=2, sequence=62, operation=PrimitiveOperation{id=DefaultOperationId{id=write, type=COMMAND}, value=byte[]{length=17, hash=-1644578928}}}}
22:46:03.877 [raft-server-2] TRACE i.a.p.raft.roles.LeaderAppender - RaftServer{2} - Committed entries up to 87
22:46:03.877 [raft-server-1-state] TRACE i.a.p.s.impl.DefaultServiceExecutor - PrimitiveService{2}{type=io.atomix.protocols.raft.RaftTest$TestPrimitiveType@54705ce8, name=raft-test} - Executing DefaultCommit{index=86, session=RaftSession{RaftServiceContext{server=1, type=io.atomix.protocols.raft.RaftTest$TestPrimitiveType@54705ce8, name=raft-test, id=2}, session=2, timestamp=2018-06-07 10:46:03,763}, time=2018-06-07 10:46:03,763, operation=DefaultOperationId{id=write, type=COMMAND}, value=byte[]{length=17, hash=-1644578928}}
22:46:03.878 [raft-server-3-state] TRACE i.a.p.s.impl.DefaultServiceExecutor - PrimitiveService{2}{type=io.atomix.protocols.raft.RaftTest$TestPrimitiveType@12cd62fc, name=raft-test} - Executing DefaultCommit{index=86, session=RaftSession{RaftServiceContext{server=3, type=io.atomix.protocols.raft.RaftTest$TestPrimitiveType@12cd62fc, name=raft-test, id=2}, session=2, timestamp=2018-06-07 10:46:03,763}, time=2018-06-07 10:46:03,763, operation=DefaultOperationId{id=write, type=COMMAND}, value=byte[]{length=17, hash=-1644578928}}
22:46:03.902 [raft-server-2] TRACE i.a.p.raft.roles.LeaderAppender - RaftServer{2} - Received AppendResponse{status=OK, term=3, succeeded=true, lastLogIndex=87} from 3
22:46:03.902 [raft-server-2-state] TRACE i.a.p.raft.impl.RaftServiceManager - RaftServer{2} - Applying Indexed{index=87, entry=CommandEntry{term=3, timestamp=2018-06-07 10:46:03,846, session=2, sequence=63, operation=PrimitiveOperation{id=DefaultOperationId{id=write, type=COMMAND}, value=byte[]{length=17, hash=-1644578928}}}}
22:46:03.903 [raft-server-2-state] TRACE i.a.p.s.impl.DefaultServiceExecutor - PrimitiveService{2}{type=io.atomix.protocols.raft.RaftTest$TestPrimitiveType@2fa5f551, name=raft-test} - Executing DefaultCommit{index=87, session=RaftSession{RaftServiceContext{server=2, type=io.atomix.protocols.raft.RaftTest$TestPrimitiveType@2fa5f551, name=raft-test, id=2}, session=2, timestamp=2018-06-07 10:46:03,846}, time=2018-06-07 10:46:03,846, operation=DefaultOperationId{id=write, type=COMMAND}, value=byte[]{length=17, hash=-1644578928}}
22:46:03.903 [raft-server-2-state] TRACE i.a.protocols.raft.roles.LeaderRole - RaftServer{2}{role=LEADER} - Sending CommandResponse{status=OK, index=87, eventIndex=2, result=byte[]{length=3, hash=35899}}
22:46:03.903 [raft-server-1] TRACE i.a.p.raft.roles.FollowerRole - RaftServer{1}{role=FOLLOWER} - Sending CommandResponse{status=OK, index=87, eventIndex=2, result=byte[]{length=3, hash=35899}}
22:46:03.903 [raft-client-4d6eb0c5-808f-4bee-91ae-78c435ccd24a-3] TRACE i.a.p.r.p.impl.RaftProxyConnection - PartitionProxy{2}{type=io.atomix.protocols.raft.RaftTest$TestPrimitiveType@35bfa1bb, name=raft-test} - Received CommandResponse{status=OK, index=87, eventIndex=2, result=byte[]{length=3, hash=35899}} from 1
22:46:03.903 [raft-client-4d6eb0c5-808f-4bee-91ae-78c435ccd24a-3] TRACE i.a.p.r.p.impl.RaftProxySequencer - PartitionProxy{2}{type=io.atomix.protocols.raft.RaftTest$TestPrimitiveType@35bfa1bb, name=raft-test} - Completing response CommandResponse{status=OK, index=87, eventIndex=2, result=byte[]{length=3, hash=35899}}
22:46:03.903 [raft-client-4d6eb0c5-808f-4bee-91ae-78c435ccd24a-3] TRACE i.a.p.r.p.impl.RaftProxyConnection - PartitionProxy{2}{type=io.atomix.protocols.raft.RaftTest$TestPrimitiveType@35bfa1bb, name=raft-test} - Sending CommandRequest{session=2, sequence=64, operation=PrimitiveOperation{id=DefaultOperationId{id=write, type=COMMAND}, value=byte[]{length=17, hash=-1644578928}}} to 1
22:46:03.903 [raft-server-1] TRACE i.a.p.raft.roles.FollowerRole - RaftServer{1}{role=FOLLOWER} - Received CommandRequest{session=2, sequence=64, operation=PrimitiveOperation{id=DefaultOperationId{id=write, type=COMMAND}, value=byte[]{length=17, hash=-1644578928}}}
22:46:03.904 [raft-server-2] TRACE i.a.protocols.raft.roles.LeaderRole - RaftServer{2}{role=LEADER} - Received CommandRequest{session=2, sequence=64, operation=PrimitiveOperation{id=DefaultOperationId{id=write, type=COMMAND}, value=byte[]{length=17, hash=-1644578928}}}
22:46:03.904 [raft-server-2] TRACE i.a.protocols.raft.roles.LeaderRole - RaftServer{2}{role=LEADER} - Appended Indexed{index=88, entry=CommandEntry{term=3, timestamp=2018-06-07 10:46:03,904, session=2, sequence=64, operation=PrimitiveOperation{id=DefaultOperationId{id=write, type=COMMAND}, value=byte[]{length=17, hash=-1644578928}}}}
22:46:03.904 [raft-server-2] TRACE i.a.p.raft.roles.LeaderAppender - RaftServer{2} - Sending AppendRequest{term=3, leader=2, prevLogIndex=87, prevLogTerm=3, entries=1, commitIndex=87} to 1
22:46:03.904 [raft-server-1] TRACE i.a.p.raft.roles.FollowerRole - RaftServer{1}{role=FOLLOWER} - Received AppendRequest{term=3, leader=2, prevLogIndex=87, prevLogTerm=3, entries=1, commitIndex=87}
22:46:03.904 [raft-server-2] TRACE i.a.p.raft.roles.LeaderAppender - RaftServer{2} - Sending AppendRequest{term=3, leader=2, prevLogIndex=87, prevLogTerm=3, entries=1, commitIndex=87} to 3
22:46:03.904 [raft-server-3] TRACE i.a.p.raft.roles.FollowerRole - RaftServer{3}{role=FOLLOWER} - Received AppendRequest{term=3, leader=2, prevLogIndex=87, prevLogTerm=3, entries=1, commitIndex=87}
22:46:03.904 [raft-server-1] TRACE i.a.p.raft.roles.FollowerRole - RaftServer{1}{role=FOLLOWER} - Appended Indexed{index=88, entry=CommandEntry{term=3, timestamp=2018-06-07 10:46:03,904, session=2, sequence=64, operation=PrimitiveOperation{id=DefaultOperationId{id=write, type=COMMAND}, value=byte[]{length=17, hash=-1644578928}}}}
22:46:03.904 [raft-server-3] TRACE i.a.p.raft.roles.FollowerRole - RaftServer{3}{role=FOLLOWER} - Appended Indexed{index=88, entry=CommandEntry{term=3, timestamp=2018-06-07 10:46:03,904, session=2, sequence=64, operation=PrimitiveOperation{id=DefaultOperationId{id=write, type=COMMAND}, value=byte[]{length=17, hash=-1644578928}}}}
22:46:03.935 [raft-server-1] TRACE i.a.p.raft.roles.FollowerRole - RaftServer{1}{role=FOLLOWER} - Committed entries up to index 87
22:46:03.936 [raft-server-1] TRACE i.a.p.raft.roles.FollowerRole - RaftServer{1}{role=FOLLOWER} - Sending AppendResponse{status=OK, term=3, succeeded=true, lastLogIndex=88}
22:46:03.936 [raft-server-3] TRACE i.a.p.raft.roles.FollowerRole - RaftServer{3}{role=FOLLOWER} - Committed entries up to index 87
22:46:03.936 [raft-server-3] TRACE i.a.p.raft.roles.FollowerRole - RaftServer{3}{role=FOLLOWER} - Sending AppendResponse{status=OK, term=3, succeeded=true, lastLogIndex=88}
22:46:03.936 [raft-server-2] TRACE i.a.p.raft.roles.LeaderAppender - RaftServer{2} - Received AppendResponse{status=OK, term=3, succeeded=true, lastLogIndex=88} from 1
22:46:03.936 [raft-server-1-state] TRACE i.a.p.raft.impl.RaftServiceManager - RaftServer{1} - Applying Indexed{index=87, entry=CommandEntry{term=3, timestamp=2018-06-07 10:46:03,846, session=2, sequence=63, operation=PrimitiveOperation{id=DefaultOperationId{id=write, type=COMMAND}, value=byte[]{length=17, hash=-1644578928}}}}
22:46:03.936 [raft-server-2] TRACE i.a.p.raft.roles.LeaderAppender - RaftServer{2} - Committed entries up to 88
22:46:03.936 [raft-server-3-state] TRACE i.a.p.raft.impl.RaftServiceManager - RaftServer{3} - Applying Indexed{index=87, entry=CommandEntry{term=3, timestamp=2018-06-07 10:46:03,846, session=2, sequence=63, operation=PrimitiveOperation{id=DefaultOperationId{id=write, type=COMMAND}, value=byte[]{length=17, hash=-1644578928}}}}
22:46:03.936 [raft-server-1-state] TRACE i.a.p.s.impl.DefaultServiceExecutor - PrimitiveService{2}{type=io.atomix.protocols.raft.RaftTest$TestPrimitiveType@54705ce8, name=raft-test} - Executing DefaultCommit{index=87, session=RaftSession{RaftServiceContext{server=1, type=io.atomix.protocols.raft.RaftTest$TestPrimitiveType@54705ce8, name=raft-test, id=2}, session=2, timestamp=2018-06-07 10:46:03,846}, time=2018-06-07 10:46:03,846, operation=DefaultOperationId{id=write, type=COMMAND}, value=byte[]{length=17, hash=-1644578928}}
22:46:03.936 [raft-server-3-state] TRACE i.a.p.s.impl.DefaultServiceExecutor - PrimitiveService{2}{type=io.atomix.protocols.raft.RaftTest$TestPrimitiveType@12cd62fc, name=raft-test} - Executing DefaultCommit{index=87, session=RaftSession{RaftServiceContext{server=3, type=io.atomix.protocols.raft.RaftTest$TestPrimitiveType@12cd62fc, name=raft-test, id=2}, session=2, timestamp=2018-06-07 10:46:03,846}, time=2018-06-07 10:46:03,846, operation=DefaultOperationId{id=write, type=COMMAND}, value=byte[]{length=17, hash=-1644578928}}
22:46:03.961 [raft-server-2] TRACE i.a.p.raft.roles.LeaderAppender - RaftServer{2} - Received AppendResponse{status=OK, term=3, succeeded=true, lastLogIndex=88} from 3
22:46:03.961 [raft-server-2] TRACE i.a.p.raft.roles.LeaderAppender - RaftServer{2} - Sending AppendRequest{term=3, leader=2, prevLogIndex=88, prevLogTerm=3, entries=0, commitIndex=88} to 1
22:46:03.961 [raft-server-1] TRACE i.a.p.raft.roles.FollowerRole - RaftServer{1}{role=FOLLOWER} - Received AppendRequest{term=3, leader=2, prevLogIndex=88, prevLogTerm=3, entries=0, commitIndex=88}
22:46:03.961 [raft-server-2] TRACE i.a.p.raft.roles.LeaderAppender - RaftServer{2} - Sending AppendRequest{term=3, leader=2, prevLogIndex=88, prevLogTerm=3, entries=0, commitIndex=88} to 3
22:46:03.961 [raft-server-3] TRACE i.a.p.raft.roles.FollowerRole - RaftServer{3}{role=FOLLOWER} - Received AppendRequest{term=3, leader=2, prevLogIndex=88, prevLogTerm=3, entries=0, commitIndex=88}
22:46:03.961 [raft-server-2-state] TRACE i.a.p.raft.impl.RaftServiceManager - RaftServer{2} - Applying Indexed{index=88, entry=CommandEntry{term=3, timestamp=2018-06-07 10:46:03,904, session=2, sequence=64, operation=PrimitiveOperation{id=DefaultOperationId{id=write, type=COMMAND}, value=byte[]{length=17, hash=-1644578928}}}}
22:46:03.961 [raft-server-2-state] TRACE i.a.p.s.impl.DefaultServiceExecutor - PrimitiveService{2}{type=io.atomix.protocols.raft.RaftTest$TestPrimitiveType@2fa5f551, name=raft-test} - Executing DefaultCommit{index=88, session=RaftSession{RaftServiceContext{server=2, type=io.atomix.protocols.raft.RaftTest$TestPrimitiveType@2fa5f551, name=raft-test, id=2}, session=2, timestamp=2018-06-07 10:46:03,904}, time=2018-06-07 10:46:03,904, operation=DefaultOperationId{id=write, type=COMMAND}, value=byte[]{length=17, hash=-1644578928}}
22:46:03.961 [raft-server-2-state] TRACE i.a.protocols.raft.roles.LeaderRole - RaftServer{2}{role=LEADER} - Sending CommandResponse{status=OK, index=88, eventIndex=2, result=byte[]{length=3, hash=35961}}
22:46:03.977 [raft-server-1] TRACE i.a.p.raft.roles.FollowerRole - RaftServer{1}{role=FOLLOWER} - Committed entries up to index 88
22:46:03.977 [raft-server-1] TRACE i.a.p.raft.roles.FollowerRole - RaftServer{1}{role=FOLLOWER} - Sending AppendResponse{status=OK, term=3, succeeded=true, lastLogIndex=88}
22:46:03.977 [raft-server-1] TRACE i.a.p.raft.roles.FollowerRole - RaftServer{1}{role=FOLLOWER} - Sending CommandResponse{status=OK, index=88, eventIndex=2, result=byte[]{length=3, hash=35961}}
22:46:03.977 [raft-server-2] TRACE i.a.p.raft.roles.LeaderAppender - RaftServer{2} - Received AppendResponse{status=OK, term=3, succeeded=true, lastLogIndex=88} from 1
22:46:03.977 [raft-client-4d6eb0c5-808f-4bee-91ae-78c435ccd24a-2] TRACE i.a.p.r.p.impl.RaftProxyConnection - PartitionProxy{2}{type=io.atomix.protocols.raft.RaftTest$TestPrimitiveType@35bfa1bb, name=raft-test} - Received CommandResponse{status=OK, index=88, eventIndex=2, result=byte[]{length=3, hash=35961}} from 1
22:46:03.977 [raft-server-1-state] TRACE i.a.p.raft.impl.RaftServiceManager - RaftServer{1} - Applying Indexed{index=88, entry=CommandEntry{term=3, timestamp=2018-06-07 10:46:03,904, session=2, sequence=64, operation=PrimitiveOperation{id=DefaultOperationId{id=write, type=COMMAND}, value=byte[]{length=17, hash=-1644578928}}}}
22:46:03.977 [raft-client-4d6eb0c5-808f-4bee-91ae-78c435ccd24a-2] TRACE i.a.p.r.p.impl.RaftProxySequencer - PartitionProxy{2}{type=io.atomix.protocols.raft.RaftTest$TestPrimitiveType@35bfa1bb, name=raft-test} - Completing response CommandResponse{status=OK, index=88, eventIndex=2, result=byte[]{length=3, hash=35961}}
22:46:03.977 [raft-server-2] TRACE i.a.p.raft.roles.LeaderAppender - RaftServer{2} - Sending AppendRequest{term=3, leader=2, prevLogIndex=88, prevLogTerm=3, entries=0, commitIndex=88} to 1
22:46:03.978 [raft-server-1-state] TRACE i.a.p.s.impl.DefaultServiceExecutor - PrimitiveService{2}{type=io.atomix.protocols.raft.RaftTest$TestPrimitiveType@54705ce8, name=raft-test} - Executing DefaultCommit{index=88, session=RaftSession{RaftServiceContext{server=1, type=io.atomix.protocols.raft.RaftTest$TestPrimitiveType@54705ce8, name=raft-test, id=2}, session=2, timestamp=2018-06-07 10:46:03,904}, time=2018-06-07 10:46:03,904, operation=DefaultOperationId{id=write, type=COMMAND}, value=byte[]{length=17, hash=-1644578928}}
22:46:03.978 [raft-server-1] TRACE i.a.p.raft.roles.FollowerRole - RaftServer{1}{role=FOLLOWER} - Received AppendRequest{term=3, leader=2, prevLogIndex=88, prevLogTerm=3, entries=0, commitIndex=88}
22:46:03.978 [raft-server-1] TRACE i.a.p.raft.roles.FollowerRole - RaftServer{1}{role=FOLLOWER} - Sending AppendResponse{status=OK, term=3, succeeded=true, lastLogIndex=88}
22:46:03.978 [raft-server-2] TRACE i.a.p.raft.roles.LeaderAppender - RaftServer{2} - Received AppendResponse{status=OK, term=3, succeeded=true, lastLogIndex=88} from 1
22:46:03.978 [raft-client-4d6eb0c5-808f-4bee-91ae-78c435ccd24a-4] TRACE i.a.p.r.p.impl.RaftProxyConnection - PartitionProxy{2}{type=io.atomix.protocols.raft.RaftTest$TestPrimitiveType@35bfa1bb, name=raft-test} - Sending CommandRequest{session=2, sequence=65, operation=PrimitiveOperation{id=DefaultOperationId{id=write, type=COMMAND}, value=byte[]{length=17, hash=-1644578928}}} to 1
22:46:03.978 [raft-server-1] TRACE i.a.p.raft.roles.FollowerRole - RaftServer{1}{role=FOLLOWER} - Received CommandRequest{session=2, sequence=65, operation=PrimitiveOperation{id=DefaultOperationId{id=write, type=COMMAND}, value=byte[]{length=17, hash=-1644578928}}}
22:46:03.978 [raft-server-2] TRACE i.a.protocols.raft.roles.LeaderRole - RaftServer{2}{role=LEADER} - Received CommandRequest{session=2, sequence=65, operation=PrimitiveOperation{id=DefaultOperationId{id=write, type=COMMAND}, value=byte[]{length=17, hash=-1644578928}}}
22:46:03.978 [raft-server-2] TRACE i.a.protocols.raft.roles.LeaderRole - RaftServer{2}{role=LEADER} - Appended Indexed{index=89, entry=CommandEntry{term=3, timestamp=2018-06-07 10:46:03,978, session=2, sequence=65, operation=PrimitiveOperation{id=DefaultOperationId{id=write, type=COMMAND}, value=byte[]{length=17, hash=-1644578928}}}}
22:46:03.978 [raft-server-2] TRACE i.a.p.raft.roles.LeaderAppender - RaftServer{2} - Sending AppendRequest{term=3, leader=2, prevLogIndex=88, prevLogTerm=3, entries=1, commitIndex=88} to 1
22:46:03.979 [raft-server-1] TRACE i.a.p.raft.roles.FollowerRole - RaftServer{1}{role=FOLLOWER} - Received AppendRequest{term=3, leader=2, prevLogIndex=88, prevLogTerm=3, entries=1, commitIndex=88}
22:46:03.979 [raft-server-1] TRACE i.a.p.raft.roles.FollowerRole - RaftServer{1}{role=FOLLOWER} - Appended Indexed{index=89, entry=CommandEntry{term=3, timestamp=2018-06-07 10:46:03,978, session=2, sequence=65, operation=PrimitiveOperation{id=DefaultOperationId{id=write, type=COMMAND}, value=byte[]{length=17, hash=-1644578928}}}}
22:46:03.979 [raft-server-1] TRACE i.a.p.raft.roles.FollowerRole - RaftServer{1}{role=FOLLOWER} - Sending AppendResponse{status=OK, term=3, succeeded=true, lastLogIndex=89}
22:46:03.979 [raft-server-2] TRACE i.a.p.raft.roles.LeaderAppender - RaftServer{2} - Received AppendResponse{status=OK, term=3, succeeded=true, lastLogIndex=89} from 1
22:46:03.979 [raft-server-2] TRACE i.a.p.raft.roles.LeaderAppender - RaftServer{2} - Committed entries up to 89
22:46:04.002 [raft-server-3] TRACE i.a.p.raft.roles.FollowerRole - RaftServer{3}{role=FOLLOWER} - Committed entries up to index 88
22:46:04.002 [raft-server-3] TRACE i.a.p.raft.roles.FollowerRole - RaftServer{3}{role=FOLLOWER} - Sending AppendResponse{status=OK, term=3, succeeded=true, lastLogIndex=88}
22:46:04.002 [raft-server-3-state] TRACE i.a.p.raft.impl.RaftServiceManager - RaftServer{3} - Applying Indexed{index=88, entry=CommandEntry{term=3, timestamp=2018-06-07 10:46:03,904, session=2, sequence=64, operation=PrimitiveOperation{id=DefaultOperationId{id=write, type=COMMAND}, value=byte[]{length=17, hash=-1644578928}}}}
22:46:04.002 [raft-server-3-state] TRACE i.a.p.s.impl.DefaultServiceExecutor - PrimitiveService{2}{type=io.atomix.protocols.raft.RaftTest$TestPrimitiveType@12cd62fc, name=raft-test} - Executing DefaultCommit{index=88, session=RaftSession{RaftServiceContext{server=3, type=io.atomix.protocols.raft.RaftTest$TestPrimitiveType@12cd62fc, name=raft-test, id=2}, session=2, timestamp=2018-06-07 10:46:03,904}, time=2018-06-07 10:46:03,904, operation=DefaultOperationId{id=write, type=COMMAND}, value=byte[]{length=17, hash=-1644578928}}
22:46:04.019 [raft-server-2] TRACE i.a.p.raft.roles.LeaderAppender - RaftServer{2} - Received AppendResponse{status=OK, term=3, succeeded=true, lastLogIndex=88} from 3
22:46:04.019 [raft-server-2] TRACE i.a.p.raft.roles.LeaderAppender - RaftServer{2} - Sending AppendRequest{term=3, leader=2, prevLogIndex=88, prevLogTerm=3, entries=1, commitIndex=89} to 3
22:46:04.019 [raft-server-3] TRACE i.a.p.raft.roles.FollowerRole - RaftServer{3}{role=FOLLOWER} - Received AppendRequest{term=3, leader=2, prevLogIndex=88, prevLogTerm=3, entries=1, commitIndex=89}
22:46:04.019 [raft-server-2-state] TRACE i.a.p.raft.impl.RaftServiceManager - RaftServer{2} - Applying Indexed{index=89, entry=CommandEntry{term=3, timestamp=2018-06-07 10:46:03,978, session=2, sequence=65, operation=PrimitiveOperation{id=DefaultOperationId{id=write, type=COMMAND}, value=byte[]{length=17, hash=-1644578928}}}}
22:46:04.019 [raft-server-2-state] TRACE i.a.p.s.impl.DefaultServiceExecutor - PrimitiveService{2}{type=io.atomix.protocols.raft.RaftTest$TestPrimitiveType@2fa5f551, name=raft-test} - Executing DefaultCommit{index=89, session=RaftSession{RaftServiceContext{server=2, type=io.atomix.protocols.raft.RaftTest$TestPrimitiveType@2fa5f551, name=raft-test, id=2}, session=2, timestamp=2018-06-07 10:46:03,978}, time=2018-06-07 10:46:03,978, operation=DefaultOperationId{id=write, type=COMMAND}, value=byte[]{length=17, hash=-1644578928}}
22:46:04.019 [raft-server-3] TRACE i.a.p.raft.roles.FollowerRole - RaftServer{3}{role=FOLLOWER} - Appended Indexed{index=89, entry=CommandEntry{term=3, timestamp=2018-06-07 10:46:03,978, session=2, sequence=65, operation=PrimitiveOperation{id=DefaultOperationId{id=write, type=COMMAND}, value=byte[]{length=17, hash=-1644578928}}}}
22:46:04.019 [raft-server-2-state] TRACE i.a.protocols.raft.roles.LeaderRole - RaftServer{2}{role=LEADER} - Sending CommandResponse{status=OK, index=89, eventIndex=2, result=byte[]{length=3, hash=36023}}
22:46:04.020 [raft-server-1] TRACE i.a.p.raft.roles.FollowerRole - RaftServer{1}{role=FOLLOWER} - Sending CommandResponse{status=OK, index=89, eventIndex=2, result=byte[]{length=3, hash=36023}}
22:46:04.020 [raft-client-4d6eb0c5-808f-4bee-91ae-78c435ccd24a-1] TRACE i.a.p.r.p.impl.RaftProxyConnection - PartitionProxy{2}{type=io.atomix.protocols.raft.RaftTest$TestPrimitiveType@35bfa1bb, name=raft-test} - Received CommandResponse{status=OK, index=89, eventIndex=2, result=byte[]{length=3, hash=36023}} from 1
22:46:04.020 [raft-client-4d6eb0c5-808f-4bee-91ae-78c435ccd24a-1] TRACE i.a.p.r.p.impl.RaftProxySequencer - PartitionProxy{2}{type=io.atomix.protocols.raft.RaftTest$TestPrimitiveType@35bfa1bb, name=raft-test} - Completing response CommandResponse{status=OK, index=89, eventIndex=2, result=byte[]{length=3, hash=36023}}
22:46:04.020 [raft-client-4d6eb0c5-808f-4bee-91ae-78c435ccd24a-1] TRACE i.a.p.r.p.impl.RaftProxyConnection - PartitionProxy{2}{type=io.atomix.protocols.raft.RaftTest$TestPrimitiveType@35bfa1bb, name=raft-test} - Sending CommandRequest{session=2, sequence=66, operation=PrimitiveOperation{id=DefaultOperationId{id=write, type=COMMAND}, value=byte[]{length=17, hash=-1644578928}}} to 1
22:46:04.020 [raft-server-1] TRACE i.a.p.raft.roles.FollowerRole - RaftServer{1}{role=FOLLOWER} - Received CommandRequest{session=2, sequence=66, operation=PrimitiveOperation{id=DefaultOperationId{id=write, type=COMMAND}, value=byte[]{length=17, hash=-1644578928}}}
22:46:04.021 [raft-server-2] TRACE i.a.protocols.raft.roles.LeaderRole - RaftServer{2}{role=LEADER} - Received CommandRequest{session=2, sequence=66, operation=PrimitiveOperation{id=DefaultOperationId{id=write, type=COMMAND}, value=byte[]{length=17, hash=-1644578928}}}
22:46:04.021 [raft-server-2] TRACE i.a.protocols.raft.roles.LeaderRole - RaftServer{2}{role=LEADER} - Appended Indexed{index=90, entry=CommandEntry{term=3, timestamp=2018-06-07 10:46:04,021, session=2, sequence=66, operation=PrimitiveOperation{id=DefaultOperationId{id=write, type=COMMAND}, value=byte[]{length=17, hash=-1644578928}}}}
22:46:04.021 [raft-server-2] TRACE i.a.p.raft.roles.LeaderAppender - RaftServer{2} - Sending AppendRequest{term=3, leader=2, prevLogIndex=89, prevLogTerm=3, entries=1, commitIndex=89} to 1
22:46:04.021 [raft-server-1] TRACE i.a.p.raft.roles.FollowerRole - RaftServer{1}{role=FOLLOWER} - Received AppendRequest{term=3, leader=2, prevLogIndex=89, prevLogTerm=3, entries=1, commitIndex=89}
22:46:04.021 [raft-server-1] TRACE i.a.p.raft.roles.FollowerRole - RaftServer{1}{role=FOLLOWER} - Appended Indexed{index=90, entry=CommandEntry{term=3, timestamp=2018-06-07 10:46:04,021, session=2, sequence=66, operation=PrimitiveOperation{id=DefaultOperationId{id=write, type=COMMAND}, value=byte[]{length=17, hash=-1644578928}}}}
22:46:04.052 [raft-server-3] TRACE i.a.p.raft.roles.FollowerRole - RaftServer{3}{role=FOLLOWER} - Committed entries up to index 89
22:46:04.052 [raft-server-3] TRACE i.a.p.raft.roles.FollowerRole - RaftServer{3}{role=FOLLOWER} - Sending AppendResponse{status=OK, term=3, succeeded=true, lastLogIndex=89}
22:46:04.052 [raft-server-2] TRACE i.a.p.raft.roles.LeaderAppender - RaftServer{2} - Received AppendResponse{status=OK, term=3, succeeded=true, lastLogIndex=89} from 3
22:46:04.052 [raft-server-3-state] TRACE i.a.p.raft.impl.RaftServiceManager - RaftServer{3} - Applying Indexed{index=89, entry=CommandEntry{term=3, timestamp=2018-06-07 10:46:03,978, session=2, sequence=65, operation=PrimitiveOperation{id=DefaultOperationId{id=write, type=COMMAND}, value=byte[]{length=17, hash=-1644578928}}}}
22:46:04.053 [raft-server-2] TRACE i.a.p.raft.roles.LeaderAppender - RaftServer{2} - Sending AppendRequest{term=3, leader=2, prevLogIndex=89, prevLogTerm=3, entries=1, commitIndex=89} to 3
22:46:04.053 [raft-server-3-state] TRACE i.a.p.s.impl.DefaultServiceExecutor - PrimitiveService{2}{type=io.atomix.protocols.raft.RaftTest$TestPrimitiveType@12cd62fc, name=raft-test} - Executing DefaultCommit{index=89, session=RaftSession{RaftServiceContext{server=3, type=io.atomix.protocols.raft.RaftTest$TestPrimitiveType@12cd62fc, name=raft-test, id=2}, session=2, timestamp=2018-06-07 10:46:03,978}, time=2018-06-07 10:46:03,978, operation=DefaultOperationId{id=write, type=COMMAND}, value=byte[]{length=17, hash=-1644578928}}
22:46:04.053 [raft-server-3] TRACE i.a.p.raft.roles.FollowerRole - RaftServer{3}{role=FOLLOWER} - Received AppendRequest{term=3, leader=2, prevLogIndex=89, prevLogTerm=3, entries=1, commitIndex=89}
22:46:04.053 [raft-server-3] TRACE i.a.p.raft.roles.FollowerRole - RaftServer{3}{role=FOLLOWER} - Appended Indexed{index=90, entry=CommandEntry{term=3, timestamp=2018-06-07 10:46:04,021, session=2, sequence=66, operation=PrimitiveOperation{id=DefaultOperationId{id=write, type=COMMAND}, value=byte[]{length=17, hash=-1644578928}}}}
22:46:04.053 [raft-server-3] TRACE i.a.p.raft.roles.FollowerRole - RaftServer{3}{role=FOLLOWER} - Sending AppendResponse{status=OK, term=3, succeeded=true, lastLogIndex=90}
22:46:04.053 [raft-server-2] TRACE i.a.p.raft.roles.LeaderAppender - RaftServer{2} - Received AppendResponse{status=OK, term=3, succeeded=true, lastLogIndex=90} from 3
22:46:04.053 [raft-server-2] TRACE i.a.p.raft.roles.LeaderAppender - RaftServer{2} - Committed entries up to 90
22:46:04.085 [raft-server-1] TRACE i.a.p.raft.roles.FollowerRole - RaftServer{1}{role=FOLLOWER} - Committed entries up to index 89
22:46:04.086 [raft-server-1] TRACE i.a.p.raft.roles.FollowerRole - RaftServer{1}{role=FOLLOWER} - Sending AppendResponse{status=OK, term=3, succeeded=true, lastLogIndex=90}
22:46:04.086 [raft-server-1-state] TRACE i.a.p.raft.impl.RaftServiceManager - RaftServer{1} - Applying Indexed{index=89, entry=CommandEntry{term=3, timestamp=2018-06-07 10:46:03,978, session=2, sequence=65, operation=PrimitiveOperation{id=DefaultOperationId{id=write, type=COMMAND}, value=byte[]{length=17, hash=-1644578928}}}}
22:46:04.086 [raft-server-1-state] TRACE i.a.p.s.impl.DefaultServiceExecutor - PrimitiveService{2}{type=io.atomix.protocols.raft.RaftTest$TestPrimitiveType@54705ce8, name=raft-test} - Executing DefaultCommit{index=89, session=RaftSession{RaftServiceContext{server=1, type=io.atomix.protocols.raft.RaftTest$TestPrimitiveType@54705ce8, name=raft-test, id=2}, session=2, timestamp=2018-06-07 10:46:03,978}, time=2018-06-07 10:46:03,978, operation=DefaultOperationId{id=write, type=COMMAND}, value=byte[]{length=17, hash=-1644578928}}
22:46:04.120 [raft-server-2] TRACE i.a.p.raft.roles.LeaderAppender - RaftServer{2} - Received AppendResponse{status=OK, term=3, succeeded=true, lastLogIndex=90} from 1
22:46:04.120 [raft-server-2-state] TRACE i.a.p.raft.impl.RaftServiceManager - RaftServer{2} - Applying Indexed{index=90, entry=CommandEntry{term=3, timestamp=2018-06-07 10:46:04,021, session=2, sequence=66, operation=PrimitiveOperation{id=DefaultOperationId{id=write, type=COMMAND}, value=byte[]{length=17, hash=-1644578928}}}}
22:46:04.121 [raft-server-2-state] TRACE i.a.p.s.impl.DefaultServiceExecutor - PrimitiveService{2}{type=io.atomix.protocols.raft.RaftTest$TestPrimitiveType@2fa5f551, name=raft-test} - Executing DefaultCommit{index=90, session=RaftSession{RaftServiceContext{server=2, type=io.atomix.protocols.raft.RaftTest$TestPrimitiveType@2fa5f551, name=raft-test, id=2}, session=2, timestamp=2018-06-07 10:46:04,021}, time=2018-06-07 10:46:04,021, operation=DefaultOperationId{id=write, type=COMMAND}, value=byte[]{length=17, hash=-1644578928}}
22:46:04.121 [raft-server-2] TRACE i.a.protocols.raft.roles.LeaderRole - RaftServer{2}{role=LEADER} - Sending CommandResponse{status=OK, index=90, eventIndex=2, result=byte[]{length=3, hash=36085}}
22:46:04.121 [raft-server-1] TRACE i.a.p.raft.roles.FollowerRole - RaftServer{1}{role=FOLLOWER} - Sending CommandResponse{status=OK, index=90, eventIndex=2, result=byte[]{length=3, hash=36085}}
22:46:04.121 [raft-client-4d6eb0c5-808f-4bee-91ae-78c435ccd24a-7] TRACE i.a.p.r.p.impl.RaftProxyConnection - PartitionProxy{2}{type=io.atomix.protocols.raft.RaftTest$TestPrimitiveType@35bfa1bb, name=raft-test} - Received CommandResponse{status=OK, index=90, eventIndex=2, result=byte[]{length=3, hash=36085}} from 1
22:46:04.121 [raft-client-4d6eb0c5-808f-4bee-91ae-78c435ccd24a-7] TRACE i.a.p.r.p.impl.RaftProxySequencer - PartitionProxy{2}{type=io.atomix.protocols.raft.RaftTest$TestPrimitiveType@35bfa1bb, name=raft-test} - Completing response CommandResponse{status=OK, index=90, eventIndex=2, result=byte[]{length=3, hash=36085}}
22:46:04.122 [raft-client-4d6eb0c5-808f-4bee-91ae-78c435ccd24a-7] TRACE i.a.p.r.p.impl.RaftProxyConnection - PartitionProxy{2}{type=io.atomix.protocols.raft.RaftTest$TestPrimitiveType@35bfa1bb, name=raft-test} - Sending CommandRequest{session=2, sequence=67, operation=PrimitiveOperation{id=DefaultOperationId{id=write, type=COMMAND}, value=byte[]{length=17, hash=-1644578928}}} to 1
22:46:04.123 [raft-server-1] TRACE i.a.p.raft.roles.FollowerRole - RaftServer{1}{role=FOLLOWER} - Received CommandRequest{session=2, sequence=67, operation=PrimitiveOperation{id=DefaultOperationId{id=write, type=COMMAND}, value=byte[]{length=17, hash=-1644578928}}}
22:46:04.124 [raft-server-2] TRACE i.a.protocols.raft.roles.LeaderRole - RaftServer{2}{role=LEADER} - Received CommandRequest{session=2, sequence=67, operation=PrimitiveOperation{id=DefaultOperationId{id=write, type=COMMAND}, value=byte[]{length=17, hash=-1644578928}}}
22:46:04.228 [raft-server-2] DEBUG i.a.storage.journal.SegmentedJournal - Created disk segment: JournalSegment{id=10, version=1, index=91, size=64}
22:46:04.229 [raft-server-2] TRACE i.a.protocols.raft.roles.LeaderRole - RaftServer{2}{role=LEADER} - Appended Indexed{index=91, entry=CommandEntry{term=3, timestamp=2018-06-07 10:46:04,124, session=2, sequence=67, operation=PrimitiveOperation{id=DefaultOperationId{id=write, type=COMMAND}, value=byte[]{length=17, hash=-1644578928}}}}
22:46:04.229 [raft-server-2] TRACE i.a.p.raft.roles.LeaderAppender - RaftServer{2} - Sending AppendRequest{term=3, leader=2, prevLogIndex=90, prevLogTerm=3, entries=1, commitIndex=90} to 1
22:46:04.229 [raft-server-1] TRACE i.a.p.raft.roles.FollowerRole - RaftServer{1}{role=FOLLOWER} - Received AppendRequest{term=3, leader=2, prevLogIndex=90, prevLogTerm=3, entries=1, commitIndex=90}
22:46:04.229 [raft-server-2] TRACE i.a.p.raft.roles.LeaderAppender - RaftServer{2} - Sending AppendRequest{term=3, leader=2, prevLogIndex=90, prevLogTerm=3, entries=1, commitIndex=90} to 3
22:46:04.229 [raft-server-3] TRACE i.a.p.raft.roles.FollowerRole - RaftServer{3}{role=FOLLOWER} - Received AppendRequest{term=3, leader=2, prevLogIndex=90, prevLogTerm=3, entries=1, commitIndex=90}
22:46:04.385 [raft-server-1] DEBUG i.a.storage.journal.SegmentedJournal - Created disk segment: JournalSegment{id=10, version=1, index=91, size=64}
22:46:04.385 [raft-server-1] TRACE i.a.p.raft.roles.FollowerRole - RaftServer{1}{role=FOLLOWER} - Appended Indexed{index=91, entry=CommandEntry{term=3, timestamp=2018-06-07 10:46:04,124, session=2, sequence=67, operation=PrimitiveOperation{id=DefaultOperationId{id=write, type=COMMAND}, value=byte[]{length=17, hash=-1644578928}}}}
22:46:04.440 [raft-server-3] DEBUG i.a.storage.journal.SegmentedJournal - Created disk segment: JournalSegment{id=10, version=1, index=91, size=64}
22:46:04.440 [raft-server-3] TRACE i.a.p.raft.roles.FollowerRole - RaftServer{3}{role=FOLLOWER} - Appended Indexed{index=91, entry=CommandEntry{term=3, timestamp=2018-06-07 10:46:04,124, session=2, sequence=67, operation=PrimitiveOperation{id=DefaultOperationId{id=write, type=COMMAND}, value=byte[]{length=17, hash=-1644578928}}}}
22:46:04.470 [raft-server-1] TRACE i.a.p.raft.roles.FollowerRole - RaftServer{1}{role=FOLLOWER} - Committed entries up to index 90
22:46:04.470 [raft-server-1] TRACE i.a.p.raft.roles.FollowerRole - RaftServer{1}{role=FOLLOWER} - Sending AppendResponse{status=OK, term=3, succeeded=true, lastLogIndex=91}
22:46:04.470 [raft-server-2] TRACE i.a.p.raft.roles.LeaderAppender - RaftServer{2} - Received AppendResponse{status=OK, term=3, succeeded=true, lastLogIndex=91} from 1
22:46:04.470 [raft-server-2] TRACE i.a.p.raft.roles.LeaderAppender - RaftServer{2} - Committed entries up to 91
22:46:04.470 [raft-server-1-state] TRACE i.a.p.raft.impl.RaftServiceManager - RaftServer{1} - Applying Indexed{index=90, entry=CommandEntry{term=3, timestamp=2018-06-07 10:46:04,021, session=2, sequence=66, operation=PrimitiveOperation{id=DefaultOperationId{id=write, type=COMMAND}, value=byte[]{length=17, hash=-1644578928}}}}
22:46:04.471 [raft-server-1-state] TRACE i.a.p.s.impl.DefaultServiceExecutor - PrimitiveService{2}{type=io.atomix.protocols.raft.RaftTest$TestPrimitiveType@54705ce8, name=raft-test} - Executing DefaultCommit{index=90, session=RaftSession{RaftServiceContext{server=1, type=io.atomix.protocols.raft.RaftTest$TestPrimitiveType@54705ce8, name=raft-test, id=2}, session=2, timestamp=2018-06-07 10:46:04,021}, time=2018-06-07 10:46:04,021, operation=DefaultOperationId{id=write, type=COMMAND}, value=byte[]{length=17, hash=-1644578928}}
22:46:04.502 [raft-server-3] TRACE i.a.p.raft.roles.FollowerRole - RaftServer{3}{role=FOLLOWER} - Committed entries up to index 90
22:46:04.502 [raft-server-3] TRACE i.a.p.raft.roles.FollowerRole - RaftServer{3}{role=FOLLOWER} - Sending AppendResponse{status=OK, term=3, succeeded=true, lastLogIndex=91}
22:46:04.502 [raft-server-3-state] TRACE i.a.p.raft.impl.RaftServiceManager - RaftServer{3} - Applying Indexed{index=90, entry=CommandEntry{term=3, timestamp=2018-06-07 10:46:04,021, session=2, sequence=66, operation=PrimitiveOperation{id=DefaultOperationId{id=write, type=COMMAND}, value=byte[]{length=17, hash=-1644578928}}}}
22:46:04.503 [raft-server-3-state] TRACE i.a.p.s.impl.DefaultServiceExecutor - PrimitiveService{2}{type=io.atomix.protocols.raft.RaftTest$TestPrimitiveType@12cd62fc, name=raft-test} - Executing DefaultCommit{index=90, session=RaftSession{RaftServiceContext{server=3, type=io.atomix.protocols.raft.RaftTest$TestPrimitiveType@12cd62fc, name=raft-test, id=2}, session=2, timestamp=2018-06-07 10:46:04,021}, time=2018-06-07 10:46:04,021, operation=DefaultOperationId{id=write, type=COMMAND}, value=byte[]{length=17, hash=-1644578928}}
22:46:04.519 [raft-server-2] TRACE i.a.p.raft.roles.LeaderAppender - RaftServer{2} - Sending AppendRequest{term=3, leader=2, prevLogIndex=91, prevLogTerm=3, entries=0, commitIndex=91} to 1
22:46:04.519 [raft-server-1] TRACE i.a.p.raft.roles.FollowerRole - RaftServer{1}{role=FOLLOWER} - Received AppendRequest{term=3, leader=2, prevLogIndex=91, prevLogTerm=3, entries=0, commitIndex=91}
22:46:04.519 [raft-server-2] TRACE i.a.p.raft.roles.LeaderAppender - RaftServer{2} - Received AppendResponse{status=OK, term=3, succeeded=true, lastLogIndex=91} from 3
22:46:04.519 [raft-server-2] TRACE i.a.p.raft.roles.LeaderAppender - RaftServer{2} - Sending AppendRequest{term=3, leader=2, prevLogIndex=91, prevLogTerm=3, entries=0, commitIndex=91} to 3
22:46:04.520 [raft-server-3] TRACE i.a.p.raft.roles.FollowerRole - RaftServer{3}{role=FOLLOWER} - Received AppendRequest{term=3, leader=2, prevLogIndex=91, prevLogTerm=3, entries=0, commitIndex=91}
22:46:04.520 [raft-server-2-state] TRACE i.a.p.raft.impl.RaftServiceManager - RaftServer{2} - Applying Indexed{index=91, entry=CommandEntry{term=3, timestamp=2018-06-07 10:46:04,124, session=2, sequence=67, operation=PrimitiveOperation{id=DefaultOperationId{id=write, type=COMMAND}, value=byte[]{length=17, hash=-1644578928}}}}
22:46:04.520 [raft-server-2-state] TRACE i.a.p.s.impl.DefaultServiceExecutor - PrimitiveService{2}{type=io.atomix.protocols.raft.RaftTest$TestPrimitiveType@2fa5f551, name=raft-test} - Executing DefaultCommit{index=91, session=RaftSession{RaftServiceContext{server=2, type=io.atomix.protocols.raft.RaftTest$TestPrimitiveType@2fa5f551, name=raft-test, id=2}, session=2, timestamp=2018-06-07 10:46:04,124}, time=2018-06-07 10:46:04,124, operation=DefaultOperationId{id=write, type=COMMAND}, value=byte[]{length=17, hash=-1644578928}}
22:46:04.520 [raft-server-2] TRACE i.a.protocols.raft.roles.LeaderRole - RaftServer{2}{role=LEADER} - Sending CommandResponse{status=OK, index=91, eventIndex=2, result=byte[]{length=3, hash=36147}}
22:46:04.535 [raft-server-1] TRACE i.a.p.raft.roles.FollowerRole - RaftServer{1}{role=FOLLOWER} - Committed entries up to index 91
22:46:04.536 [raft-server-1] TRACE i.a.p.raft.roles.FollowerRole - RaftServer{1}{role=FOLLOWER} - Sending AppendResponse{status=OK, term=3, succeeded=true, lastLogIndex=91}
22:46:04.536 [raft-server-2] TRACE i.a.p.raft.roles.LeaderAppender - RaftServer{2} - Received AppendResponse{status=OK, term=3, succeeded=true, lastLogIndex=91} from 1
22:46:04.536 [raft-server-1] TRACE i.a.p.raft.roles.FollowerRole - RaftServer{1}{role=FOLLOWER} - Sending CommandResponse{status=OK, index=91, eventIndex=2, result=byte[]{length=3, hash=36147}}
22:46:04.536 [raft-client-4d6eb0c5-808f-4bee-91ae-78c435ccd24a-2] TRACE i.a.p.r.p.impl.RaftProxyConnection - PartitionProxy{2}{type=io.atomix.protocols.raft.RaftTest$TestPrimitiveType@35bfa1bb, name=raft-test} - Received CommandResponse{status=OK, index=91, eventIndex=2, result=byte[]{length=3, hash=36147}} from 1
22:46:04.536 [raft-client-4d6eb0c5-808f-4bee-91ae-78c435ccd24a-2] TRACE i.a.p.r.p.impl.RaftProxySequencer - PartitionProxy{2}{type=io.atomix.protocols.raft.RaftTest$TestPrimitiveType@35bfa1bb, name=raft-test} - Completing response CommandResponse{status=OK, index=91, eventIndex=2, result=byte[]{length=3, hash=36147}}
22:46:04.536 [raft-server-1-state] TRACE i.a.p.raft.impl.RaftServiceManager - RaftServer{1} - Applying Indexed{index=91, entry=CommandEntry{term=3, timestamp=2018-06-07 10:46:04,124, session=2, sequence=67, operation=PrimitiveOperation{id=DefaultOperationId{id=write, type=COMMAND}, value=byte[]{length=17, hash=-1644578928}}}}
22:46:04.536 [raft-server-1-state] TRACE i.a.p.s.impl.DefaultServiceExecutor - PrimitiveService{2}{type=io.atomix.protocols.raft.RaftTest$TestPrimitiveType@54705ce8, name=raft-test} - Executing DefaultCommit{index=91, session=RaftSession{RaftServiceContext{server=1, type=io.atomix.protocols.raft.RaftTest$TestPrimitiveType@54705ce8, name=raft-test, id=2}, session=2, timestamp=2018-06-07 10:46:04,124}, time=2018-06-07 10:46:04,124, operation=DefaultOperationId{id=write, type=COMMAND}, value=byte[]{length=17, hash=-1644578928}}
22:46:04.537 [raft-client-4d6eb0c5-808f-4bee-91ae-78c435ccd24a-3] TRACE i.a.p.r.p.impl.RaftProxyConnection - PartitionProxy{2}{type=io.atomix.protocols.raft.RaftTest$TestPrimitiveType@35bfa1bb, name=raft-test} - Sending CommandRequest{session=2, sequence=68, operation=PrimitiveOperation{id=DefaultOperationId{id=write, type=COMMAND}, value=byte[]{length=17, hash=-1644578928}}} to 1
22:46:04.537 [raft-server-1] TRACE i.a.p.raft.roles.FollowerRole - RaftServer{1}{role=FOLLOWER} - Received CommandRequest{session=2, sequence=68, operation=PrimitiveOperation{id=DefaultOperationId{id=write, type=COMMAND}, value=byte[]{length=17, hash=-1644578928}}}
22:46:04.537 [raft-server-2] TRACE i.a.protocols.raft.roles.LeaderRole - RaftServer{2}{role=LEADER} - Received CommandRequest{session=2, sequence=68, operation=PrimitiveOperation{id=DefaultOperationId{id=write, type=COMMAND}, value=byte[]{length=17, hash=-1644578928}}}
22:46:04.537 [raft-server-2] TRACE i.a.protocols.raft.roles.LeaderRole - RaftServer{2}{role=LEADER} - Appended Indexed{index=92, entry=CommandEntry{term=3, timestamp=2018-06-07 10:46:04,537, session=2, sequence=68, operation=PrimitiveOperation{id=DefaultOperationId{id=write, type=COMMAND}, value=byte[]{length=17, hash=-1644578928}}}}
22:46:04.537 [raft-server-2] TRACE i.a.p.raft.roles.LeaderAppender - RaftServer{2} - Sending AppendRequest{term=3, leader=2, prevLogIndex=91, prevLogTerm=3, entries=1, commitIndex=91} to 1
22:46:04.537 [raft-server-1] TRACE i.a.p.raft.roles.FollowerRole - RaftServer{1}{role=FOLLOWER} - Received AppendRequest{term=3, leader=2, prevLogIndex=91, prevLogTerm=3, entries=1, commitIndex=91}
22:46:04.537 [raft-server-1] TRACE i.a.p.raft.roles.FollowerRole - RaftServer{1}{role=FOLLOWER} - Appended Indexed{index=92, entry=CommandEntry{term=3, timestamp=2018-06-07 10:46:04,537, session=2, sequence=68, operation=PrimitiveOperation{id=DefaultOperationId{id=write, type=COMMAND}, value=byte[]{length=17, hash=-1644578928}}}}
22:46:04.538 [raft-server-1] TRACE i.a.p.raft.roles.FollowerRole - RaftServer{1}{role=FOLLOWER} - Sending AppendResponse{status=OK, term=3, succeeded=true, lastLogIndex=92}
22:46:04.538 [raft-server-2] TRACE i.a.p.raft.roles.LeaderAppender - RaftServer{2} - Received AppendResponse{status=OK, term=3, succeeded=true, lastLogIndex=92} from 1
22:46:04.538 [raft-server-2] TRACE i.a.p.raft.roles.LeaderAppender - RaftServer{2} - Committed entries up to 92
22:46:04.560 [raft-server-3] TRACE i.a.p.raft.roles.FollowerRole - RaftServer{3}{role=FOLLOWER} - Committed entries up to index 91
22:46:04.561 [raft-server-3] TRACE i.a.p.raft.roles.FollowerRole - RaftServer{3}{role=FOLLOWER} - Sending AppendResponse{status=OK, term=3, succeeded=true, lastLogIndex=91}
22:46:04.561 [raft-server-3-state] TRACE i.a.p.raft.impl.RaftServiceManager - RaftServer{3} - Applying Indexed{index=91, entry=CommandEntry{term=3, timestamp=2018-06-07 10:46:04,124, session=2, sequence=67, operation=PrimitiveOperation{id=DefaultOperationId{id=write, type=COMMAND}, value=byte[]{length=17, hash=-1644578928}}}}
22:46:04.561 [raft-server-3-state] TRACE i.a.p.s.impl.DefaultServiceExecutor - PrimitiveService{2}{type=io.atomix.protocols.raft.RaftTest$TestPrimitiveType@12cd62fc, name=raft-test} - Executing DefaultCommit{index=91, session=RaftSession{RaftServiceContext{server=3, type=io.atomix.protocols.raft.RaftTest$TestPrimitiveType@12cd62fc, name=raft-test, id=2}, session=2, timestamp=2018-06-07 10:46:04,124}, time=2018-06-07 10:46:04,124, operation=DefaultOperationId{id=write, type=COMMAND}, value=byte[]{length=17, hash=-1644578928}}
22:46:04.578 [raft-server-2] TRACE i.a.p.raft.roles.LeaderAppender - RaftServer{2} - Received AppendResponse{status=OK, term=3, succeeded=true, lastLogIndex=91} from 3
22:46:04.579 [raft-server-2] TRACE i.a.p.raft.roles.LeaderAppender - RaftServer{2} - Sending AppendRequest{term=3, leader=2, prevLogIndex=91, prevLogTerm=3, entries=1, commitIndex=92} to 3
22:46:04.579 [raft-server-3] TRACE i.a.p.raft.roles.FollowerRole - RaftServer{3}{role=FOLLOWER} - Received AppendRequest{term=3, leader=2, prevLogIndex=91, prevLogTerm=3, entries=1, commitIndex=92}
22:46:04.579 [raft-server-2-state] TRACE i.a.p.raft.impl.RaftServiceManager - RaftServer{2} - Applying Indexed{index=92, entry=CommandEntry{term=3, timestamp=2018-06-07 10:46:04,537, session=2, sequence=68, operation=PrimitiveOperation{id=DefaultOperationId{id=write, type=COMMAND}, value=byte[]{length=17, hash=-1644578928}}}}
22:46:04.579 [raft-server-3] TRACE i.a.p.raft.roles.FollowerRole - RaftServer{3}{role=FOLLOWER} - Appended Indexed{index=92, entry=CommandEntry{term=3, timestamp=2018-06-07 10:46:04,537, session=2, sequence=68, operation=PrimitiveOperation{id=DefaultOperationId{id=write, type=COMMAND}, value=byte[]{length=17, hash=-1644578928}}}}
22:46:04.579 [raft-server-2-state] TRACE i.a.p.s.impl.DefaultServiceExecutor - PrimitiveService{2}{type=io.atomix.protocols.raft.RaftTest$TestPrimitiveType@2fa5f551, name=raft-test} - Executing DefaultCommit{index=92, session=RaftSession{RaftServiceContext{server=2, type=io.atomix.protocols.raft.RaftTest$TestPrimitiveType@2fa5f551, name=raft-test, id=2}, session=2, timestamp=2018-06-07 10:46:04,537}, time=2018-06-07 10:46:04,537, operation=DefaultOperationId{id=write, type=COMMAND}, value=byte[]{length=17, hash=-1644578928}}
22:46:04.579 [raft-server-2-state] TRACE i.a.protocols.raft.roles.LeaderRole - RaftServer{2}{role=LEADER} - Sending CommandResponse{status=OK, index=92, eventIndex=2, result=byte[]{length=3, hash=36209}}
22:46:04.579 [raft-server-1] TRACE i.a.p.raft.roles.FollowerRole - RaftServer{1}{role=FOLLOWER} - Sending CommandResponse{status=OK, index=92, eventIndex=2, result=byte[]{length=3, hash=36209}}
22:46:04.580 [raft-client-4d6eb0c5-808f-4bee-91ae-78c435ccd24a-5] TRACE i.a.p.r.p.impl.RaftProxyConnection - PartitionProxy{2}{type=io.atomix.protocols.raft.RaftTest$TestPrimitiveType@35bfa1bb, name=raft-test} - Received CommandResponse{status=OK, index=92, eventIndex=2, result=byte[]{length=3, hash=36209}} from 1
22:46:04.580 [raft-client-4d6eb0c5-808f-4bee-91ae-78c435ccd24a-5] TRACE i.a.p.r.p.impl.RaftProxySequencer - PartitionProxy{2}{type=io.atomix.protocols.raft.RaftTest$TestPrimitiveType@35bfa1bb, name=raft-test} - Completing response CommandResponse{status=OK, index=92, eventIndex=2, result=byte[]{length=3, hash=36209}}
22:46:04.580 [raft-client-4d6eb0c5-808f-4bee-91ae-78c435ccd24a-4] TRACE i.a.p.r.p.impl.RaftProxyConnection - PartitionProxy{2}{type=io.atomix.protocols.raft.RaftTest$TestPrimitiveType@35bfa1bb, name=raft-test} - Sending CommandRequest{session=2, sequence=69, operation=PrimitiveOperation{id=DefaultOperationId{id=write, type=COMMAND}, value=byte[]{length=17, hash=-1644578928}}} to 1
22:46:04.581 [raft-server-1] TRACE i.a.p.raft.roles.FollowerRole - RaftServer{1}{role=FOLLOWER} - Received CommandRequest{session=2, sequence=69, operation=PrimitiveOperation{id=DefaultOperationId{id=write, type=COMMAND}, value=byte[]{length=17, hash=-1644578928}}}
22:46:04.581 [raft-server-2] TRACE i.a.protocols.raft.roles.LeaderRole - RaftServer{2}{role=LEADER} - Received CommandRequest{session=2, sequence=69, operation=PrimitiveOperation{id=DefaultOperationId{id=write, type=COMMAND}, value=byte[]{length=17, hash=-1644578928}}}
22:46:04.582 [raft-server-2] TRACE i.a.protocols.raft.roles.LeaderRole - RaftServer{2}{role=LEADER} - Appended Indexed{index=93, entry=CommandEntry{term=3, timestamp=2018-06-07 10:46:04,581, session=2, sequence=69, operation=PrimitiveOperation{id=DefaultOperationId{id=write, type=COMMAND}, value=byte[]{length=17, hash=-1644578928}}}}
22:46:04.582 [raft-server-2] TRACE i.a.p.raft.roles.LeaderAppender - RaftServer{2} - Sending AppendRequest{term=3, leader=2, prevLogIndex=92, prevLogTerm=3, entries=1, commitIndex=92} to 1
22:46:04.582 [raft-server-1] TRACE i.a.p.raft.roles.FollowerRole - RaftServer{1}{role=FOLLOWER} - Received AppendRequest{term=3, leader=2, prevLogIndex=92, prevLogTerm=3, entries=1, commitIndex=92}
22:46:04.582 [raft-server-1] TRACE i.a.p.raft.roles.FollowerRole - RaftServer{1}{role=FOLLOWER} - Appended Indexed{index=93, entry=CommandEntry{term=3, timestamp=2018-06-07 10:46:04,581, session=2, sequence=69, operation=PrimitiveOperation{id=DefaultOperationId{id=write, type=COMMAND}, value=byte[]{length=17, hash=-1644578928}}}}
22:46:04.610 [raft-server-3] TRACE i.a.p.raft.roles.FollowerRole - RaftServer{3}{role=FOLLOWER} - Committed entries up to index 92
22:46:04.611 [raft-server-3] TRACE i.a.p.raft.roles.FollowerRole - RaftServer{3}{role=FOLLOWER} - Sending AppendResponse{status=OK, term=3, succeeded=true, lastLogIndex=92}
22:46:04.611 [raft-server-2] TRACE i.a.p.raft.roles.LeaderAppender - RaftServer{2} - Received AppendResponse{status=OK, term=3, succeeded=true, lastLogIndex=92} from 3
22:46:04.611 [raft-server-3-state] TRACE i.a.p.raft.impl.RaftServiceManager - RaftServer{3} - Applying Indexed{index=92, entry=CommandEntry{term=3, timestamp=2018-06-07 10:46:04,537, session=2, sequence=68, operation=PrimitiveOperation{id=DefaultOperationId{id=write, type=COMMAND}, value=byte[]{length=17, hash=-1644578928}}}}
22:46:04.611 [raft-server-2] TRACE i.a.p.raft.roles.LeaderAppender - RaftServer{2} - Sending AppendRequest{term=3, leader=2, prevLogIndex=92, prevLogTerm=3, entries=1, commitIndex=92} to 3
22:46:04.611 [raft-server-3] TRACE i.a.p.raft.roles.FollowerRole - RaftServer{3}{role=FOLLOWER} - Received AppendRequest{term=3, leader=2, prevLogIndex=92, prevLogTerm=3, entries=1, commitIndex=92}
22:46:04.611 [raft-server-3-state] TRACE i.a.p.s.impl.DefaultServiceExecutor - PrimitiveService{2}{type=io.atomix.protocols.raft.RaftTest$TestPrimitiveType@12cd62fc, name=raft-test} - Executing DefaultCommit{index=92, session=RaftSession{RaftServiceContext{server=3, type=io.atomix.protocols.raft.RaftTest$TestPrimitiveType@12cd62fc, name=raft-test, id=2}, session=2, timestamp=2018-06-07 10:46:04,537}, time=2018-06-07 10:46:04,537, operation=DefaultOperationId{id=write, type=COMMAND}, value=byte[]{length=17, hash=-1644578928}}
22:46:04.611 [raft-server-3] TRACE i.a.p.raft.roles.FollowerRole - RaftServer{3}{role=FOLLOWER} - Appended Indexed{index=93, entry=CommandEntry{term=3, timestamp=2018-06-07 10:46:04,581, session=2, sequence=69, operation=PrimitiveOperation{id=DefaultOperationId{id=write, type=COMMAND}, value=byte[]{length=17, hash=-1644578928}}}}
22:46:04.611 [raft-server-3] TRACE i.a.p.raft.roles.FollowerRole - RaftServer{3}{role=FOLLOWER} - Sending AppendResponse{status=OK, term=3, succeeded=true, lastLogIndex=93}
22:46:04.611 [raft-server-2] TRACE i.a.p.raft.roles.LeaderAppender - RaftServer{2} - Received AppendResponse{status=OK, term=3, succeeded=true, lastLogIndex=93} from 3
22:46:04.611 [raft-server-2] TRACE i.a.p.raft.roles.LeaderAppender - RaftServer{2} - Committed entries up to 93
22:46:04.636 [raft-server-1] TRACE i.a.p.raft.roles.FollowerRole - RaftServer{1}{role=FOLLOWER} - Committed entries up to index 92
22:46:04.636 [raft-server-1] TRACE i.a.p.raft.roles.FollowerRole - RaftServer{1}{role=FOLLOWER} - Sending AppendResponse{status=OK, term=3, succeeded=true, lastLogIndex=93}
22:46:04.636 [raft-server-1-state] TRACE i.a.p.raft.impl.RaftServiceManager - RaftServer{1} - Applying Indexed{index=92, entry=CommandEntry{term=3, timestamp=2018-06-07 10:46:04,537, session=2, sequence=68, operation=PrimitiveOperation{id=DefaultOperationId{id=write, type=COMMAND}, value=byte[]{length=17, hash=-1644578928}}}}
22:46:04.636 [raft-server-1-state] TRACE i.a.p.s.impl.DefaultServiceExecutor - PrimitiveService{2}{type=io.atomix.protocols.raft.RaftTest$TestPrimitiveType@54705ce8, name=raft-test} - Executing DefaultCommit{index=92, session=RaftSession{RaftServiceContext{server=1, type=io.atomix.protocols.raft.RaftTest$TestPrimitiveType@54705ce8, name=raft-test, id=2}, session=2, timestamp=2018-06-07 10:46:04,537}, time=2018-06-07 10:46:04,537, operation=DefaultOperationId{id=write, type=COMMAND}, value=byte[]{length=17, hash=-1644578928}}
22:46:04.661 [raft-server-2] TRACE i.a.p.raft.roles.LeaderAppender - RaftServer{2} - Received AppendResponse{status=OK, term=3, succeeded=true, lastLogIndex=93} from 1
22:46:04.661 [raft-server-2-state] TRACE i.a.p.raft.impl.RaftServiceManager - RaftServer{2} - Applying Indexed{index=93, entry=CommandEntry{term=3, timestamp=2018-06-07 10:46:04,581, session=2, sequence=69, operation=PrimitiveOperation{id=DefaultOperationId{id=write, type=COMMAND}, value=byte[]{length=17, hash=-1644578928}}}}
22:46:04.661 [raft-server-2-state] TRACE i.a.p.s.impl.DefaultServiceExecutor - PrimitiveService{2}{type=io.atomix.protocols.raft.RaftTest$TestPrimitiveType@2fa5f551, name=raft-test} - Executing DefaultCommit{index=93, session=RaftSession{RaftServiceContext{server=2, type=io.atomix.protocols.raft.RaftTest$TestPrimitiveType@2fa5f551, name=raft-test, id=2}, session=2, timestamp=2018-06-07 10:46:04,581}, time=2018-06-07 10:46:04,581, operation=DefaultOperationId{id=write, type=COMMAND}, value=byte[]{length=17, hash=-1644578928}}
22:46:04.661 [raft-server-2-state] TRACE i.a.protocols.raft.roles.LeaderRole - RaftServer{2}{role=LEADER} - Sending CommandResponse{status=OK, index=93, eventIndex=2, result=byte[]{length=3, hash=36271}}
22:46:04.661 [raft-server-1] TRACE i.a.p.raft.roles.FollowerRole - RaftServer{1}{role=FOLLOWER} - Sending CommandResponse{status=OK, index=93, eventIndex=2, result=byte[]{length=3, hash=36271}}
22:46:04.661 [raft-client-4d6eb0c5-808f-4bee-91ae-78c435ccd24a-3] TRACE i.a.p.r.p.impl.RaftProxyConnection - PartitionProxy{2}{type=io.atomix.protocols.raft.RaftTest$TestPrimitiveType@35bfa1bb, name=raft-test} - Received CommandResponse{status=OK, index=93, eventIndex=2, result=byte[]{length=3, hash=36271}} from 1
22:46:04.661 [raft-client-4d6eb0c5-808f-4bee-91ae-78c435ccd24a-3] TRACE i.a.p.r.p.impl.RaftProxySequencer - PartitionProxy{2}{type=io.atomix.protocols.raft.RaftTest$TestPrimitiveType@35bfa1bb, name=raft-test} - Completing response CommandResponse{status=OK, index=93, eventIndex=2, result=byte[]{length=3, hash=36271}}
22:46:04.662 [raft-client-4d6eb0c5-808f-4bee-91ae-78c435ccd24a-3] TRACE i.a.p.r.p.impl.RaftProxyConnection - PartitionProxy{2}{type=io.atomix.protocols.raft.RaftTest$TestPrimitiveType@35bfa1bb, name=raft-test} - Sending CommandRequest{session=2, sequence=70, operation=PrimitiveOperation{id=DefaultOperationId{id=write, type=COMMAND}, value=byte[]{length=17, hash=-1644578928}}} to 1
22:46:04.662 [raft-server-1] TRACE i.a.p.raft.roles.FollowerRole - RaftServer{1}{role=FOLLOWER} - Received CommandRequest{session=2, sequence=70, operation=PrimitiveOperation{id=DefaultOperationId{id=write, type=COMMAND}, value=byte[]{length=17, hash=-1644578928}}}
22:46:04.662 [raft-server-2] TRACE i.a.protocols.raft.roles.LeaderRole - RaftServer{2}{role=LEADER} - Received CommandRequest{session=2, sequence=70, operation=PrimitiveOperation{id=DefaultOperationId{id=write, type=COMMAND}, value=byte[]{length=17, hash=-1644578928}}}
22:46:04.662 [raft-server-2] TRACE i.a.protocols.raft.roles.LeaderRole - RaftServer{2}{role=LEADER} - Appended Indexed{index=94, entry=CommandEntry{term=3, timestamp=2018-06-07 10:46:04,662, session=2, sequence=70, operation=PrimitiveOperation{id=DefaultOperationId{id=write, type=COMMAND}, value=byte[]{length=17, hash=-1644578928}}}}
22:46:04.662 [raft-server-2] TRACE i.a.p.raft.roles.LeaderAppender - RaftServer{2} - Sending AppendRequest{term=3, leader=2, prevLogIndex=93, prevLogTerm=3, entries=1, commitIndex=93} to 1
22:46:04.662 [raft-server-1] TRACE i.a.p.raft.roles.FollowerRole - RaftServer{1}{role=FOLLOWER} - Received AppendRequest{term=3, leader=2, prevLogIndex=93, prevLogTerm=3, entries=1, commitIndex=93}
22:46:04.662 [raft-server-2] TRACE i.a.p.raft.roles.LeaderAppender - RaftServer{2} - Sending AppendRequest{term=3, leader=2, prevLogIndex=93, prevLogTerm=3, entries=1, commitIndex=93} to 3
22:46:04.663 [raft-server-3] TRACE i.a.p.raft.roles.FollowerRole - RaftServer{3}{role=FOLLOWER} - Received AppendRequest{term=3, leader=2, prevLogIndex=93, prevLogTerm=3, entries=1, commitIndex=93}
22:46:04.663 [raft-server-1] TRACE i.a.p.raft.roles.FollowerRole - RaftServer{1}{role=FOLLOWER} - Appended Indexed{index=94, entry=CommandEntry{term=3, timestamp=2018-06-07 10:46:04,662, session=2, sequence=70, operation=PrimitiveOperation{id=DefaultOperationId{id=write, type=COMMAND}, value=byte[]{length=17, hash=-1644578928}}}}
22:46:04.663 [raft-server-3] TRACE i.a.p.raft.roles.FollowerRole - RaftServer{3}{role=FOLLOWER} - Appended Indexed{index=94, entry=CommandEntry{term=3, timestamp=2018-06-07 10:46:04,662, session=2, sequence=70, operation=PrimitiveOperation{id=DefaultOperationId{id=write, type=COMMAND}, value=byte[]{length=17, hash=-1644578928}}}}
22:46:04.720 [raft-server-1] TRACE i.a.p.raft.roles.FollowerRole - RaftServer{1}{role=FOLLOWER} - Committed entries up to index 93
22:46:04.720 [raft-server-3] TRACE i.a.p.raft.roles.FollowerRole - RaftServer{3}{role=FOLLOWER} - Committed entries up to index 93
22:46:04.720 [raft-server-1] TRACE i.a.p.raft.roles.FollowerRole - RaftServer{1}{role=FOLLOWER} - Sending AppendResponse{status=OK, term=3, succeeded=true, lastLogIndex=94}
22:46:04.720 [raft-server-3] TRACE i.a.p.raft.roles.FollowerRole - RaftServer{3}{role=FOLLOWER} - Sending AppendResponse{status=OK, term=3, succeeded=true, lastLogIndex=94}
22:46:04.720 [raft-server-3-state] TRACE i.a.p.raft.impl.RaftServiceManager - RaftServer{3} - Applying Indexed{index=93, entry=CommandEntry{term=3, timestamp=2018-06-07 10:46:04,581, session=2, sequence=69, operation=PrimitiveOperation{id=DefaultOperationId{id=write, type=COMMAND}, value=byte[]{length=17, hash=-1644578928}}}}
22:46:04.720 [raft-server-1-state] TRACE i.a.p.raft.impl.RaftServiceManager - RaftServer{1} - Applying Indexed{index=93, entry=CommandEntry{term=3, timestamp=2018-06-07 10:46:04,581, session=2, sequence=69, operation=PrimitiveOperation{id=DefaultOperationId{id=write, type=COMMAND}, value=byte[]{length=17, hash=-1644578928}}}}
22:46:04.720 [raft-server-2] TRACE i.a.p.raft.roles.LeaderAppender - RaftServer{2} - Received AppendResponse{status=OK, term=3, succeeded=true, lastLogIndex=94} from 1
22:46:04.720 [raft-server-2] TRACE i.a.p.raft.roles.LeaderAppender - RaftServer{2} - Committed entries up to 94
22:46:04.720 [raft-server-3-state] TRACE i.a.p.s.impl.DefaultServiceExecutor - PrimitiveService{2}{type=io.atomix.protocols.raft.RaftTest$TestPrimitiveType@12cd62fc, name=raft-test} - Executing DefaultCommit{index=93, session=RaftSession{RaftServiceContext{server=3, type=io.atomix.protocols.raft.RaftTest$TestPrimitiveType@12cd62fc, name=raft-test, id=2}, session=2, timestamp=2018-06-07 10:46:04,581}, time=2018-06-07 10:46:04,581, operation=DefaultOperationId{id=write, type=COMMAND}, value=byte[]{length=17, hash=-1644578928}}
22:46:04.720 [raft-server-1-state] TRACE i.a.p.s.impl.DefaultServiceExecutor - PrimitiveService{2}{type=io.atomix.protocols.raft.RaftTest$TestPrimitiveType@54705ce8, name=raft-test} - Executing DefaultCommit{index=93, session=RaftSession{RaftServiceContext{server=1, type=io.atomix.protocols.raft.RaftTest$TestPrimitiveType@54705ce8, name=raft-test, id=2}, session=2, timestamp=2018-06-07 10:46:04,581}, time=2018-06-07 10:46:04,581, operation=DefaultOperationId{id=write, type=COMMAND}, value=byte[]{length=17, hash=-1644578928}}
22:46:04.787 [raft-server-2] TRACE i.a.p.raft.roles.LeaderAppender - RaftServer{2} - Sending AppendRequest{term=3, leader=2, prevLogIndex=94, prevLogTerm=3, entries=0, commitIndex=94} to 1
22:46:04.787 [raft-server-1] TRACE i.a.p.raft.roles.FollowerRole - RaftServer{1}{role=FOLLOWER} - Received AppendRequest{term=3, leader=2, prevLogIndex=94, prevLogTerm=3, entries=0, commitIndex=94}
22:46:04.787 [raft-server-2] TRACE i.a.p.raft.roles.LeaderAppender - RaftServer{2} - Received AppendResponse{status=OK, term=3, succeeded=true, lastLogIndex=94} from 3
22:46:04.787 [raft-server-2] TRACE i.a.p.raft.roles.LeaderAppender - RaftServer{2} - Sending AppendRequest{term=3, leader=2, prevLogIndex=94, prevLogTerm=3, entries=0, commitIndex=94} to 3
22:46:04.787 [raft-server-3] TRACE i.a.p.raft.roles.FollowerRole - RaftServer{3}{role=FOLLOWER} - Received AppendRequest{term=3, leader=2, prevLogIndex=94, prevLogTerm=3, entries=0, commitIndex=94}
22:46:04.787 [raft-server-2-state] TRACE i.a.p.raft.impl.RaftServiceManager - RaftServer{2} - Applying Indexed{index=94, entry=CommandEntry{term=3, timestamp=2018-06-07 10:46:04,662, session=2, sequence=70, operation=PrimitiveOperation{id=DefaultOperationId{id=write, type=COMMAND}, value=byte[]{length=17, hash=-1644578928}}}}
22:46:04.787 [raft-server-2-state] TRACE i.a.p.s.impl.DefaultServiceExecutor - PrimitiveService{2}{type=io.atomix.protocols.raft.RaftTest$TestPrimitiveType@2fa5f551, name=raft-test} - Executing DefaultCommit{index=94, session=RaftSession{RaftServiceContext{server=2, type=io.atomix.protocols.raft.RaftTest$TestPrimitiveType@2fa5f551, name=raft-test, id=2}, session=2, timestamp=2018-06-07 10:46:04,662}, time=2018-06-07 10:46:04,662, operation=DefaultOperationId{id=write, type=COMMAND}, value=byte[]{length=17, hash=-1644578928}}
22:46:04.788 [raft-server-2-state] TRACE i.a.protocols.raft.roles.LeaderRole - RaftServer{2}{role=LEADER} - Sending CommandResponse{status=OK, index=94, eventIndex=2, result=byte[]{length=3, hash=36333}}
22:46:04.917 [raft-server-1] TRACE i.a.p.raft.roles.FollowerRole - RaftServer{1}{role=FOLLOWER} - Committed entries up to index 94
22:46:04.917 [raft-server-1] TRACE i.a.p.raft.roles.FollowerRole - RaftServer{1}{role=FOLLOWER} - Sending AppendResponse{status=OK, term=3, succeeded=true, lastLogIndex=94}
22:46:04.917 [raft-server-2] TRACE i.a.p.raft.roles.LeaderAppender - RaftServer{2} - Received AppendResponse{status=OK, term=3, succeeded=true, lastLogIndex=94} from 1
22:46:04.917 [raft-server-1] TRACE i.a.p.raft.roles.FollowerRole - RaftServer{1}{role=FOLLOWER} - Sending CommandResponse{status=OK, index=94, eventIndex=2, result=byte[]{length=3, hash=36333}}
22:46:04.917 [raft-client-4d6eb0c5-808f-4bee-91ae-78c435ccd24a-2] TRACE i.a.p.r.p.impl.RaftProxyConnection - PartitionProxy{2}{type=io.atomix.protocols.raft.RaftTest$TestPrimitiveType@35bfa1bb, name=raft-test} - Received CommandResponse{status=OK, index=94, eventIndex=2, result=byte[]{length=3, hash=36333}} from 1
22:46:04.917 [raft-client-4d6eb0c5-808f-4bee-91ae-78c435ccd24a-2] TRACE i.a.p.r.p.impl.RaftProxySequencer - PartitionProxy{2}{type=io.atomix.protocols.raft.RaftTest$TestPrimitiveType@35bfa1bb, name=raft-test} - Completing response CommandResponse{status=OK, index=94, eventIndex=2, result=byte[]{length=3, hash=36333}}
22:46:04.917 [raft-server-1-state] TRACE i.a.p.raft.impl.RaftServiceManager - RaftServer{1} - Applying Indexed{index=94, entry=CommandEntry{term=3, timestamp=2018-06-07 10:46:04,662, session=2, sequence=70, operation=PrimitiveOperation{id=DefaultOperationId{id=write, type=COMMAND}, value=byte[]{length=17, hash=-1644578928}}}}
22:46:04.918 [raft-server-1-state] TRACE i.a.p.s.impl.DefaultServiceExecutor - PrimitiveService{2}{type=io.atomix.protocols.raft.RaftTest$TestPrimitiveType@54705ce8, name=raft-test} - Executing DefaultCommit{index=94, session=RaftSession{RaftServiceContext{server=1, type=io.atomix.protocols.raft.RaftTest$TestPrimitiveType@54705ce8, name=raft-test, id=2}, session=2, timestamp=2018-06-07 10:46:04,662}, time=2018-06-07 10:46:04,662, operation=DefaultOperationId{id=write, type=COMMAND}, value=byte[]{length=17, hash=-1644578928}}
22:46:04.918 [raft-client-4d6eb0c5-808f-4bee-91ae-78c435ccd24a-1] TRACE i.a.p.r.p.impl.RaftProxyConnection - PartitionProxy{2}{type=io.atomix.protocols.raft.RaftTest$TestPrimitiveType@35bfa1bb, name=raft-test} - Sending CommandRequest{session=2, sequence=71, operation=PrimitiveOperation{id=DefaultOperationId{id=write, type=COMMAND}, value=byte[]{length=17, hash=-1644578928}}} to 1
22:46:04.918 [raft-server-1] TRACE i.a.p.raft.roles.FollowerRole - RaftServer{1}{role=FOLLOWER} - Received CommandRequest{session=2, sequence=71, operation=PrimitiveOperation{id=DefaultOperationId{id=write, type=COMMAND}, value=byte[]{length=17, hash=-1644578928}}}
22:46:04.918 [raft-server-2] TRACE i.a.protocols.raft.roles.LeaderRole - RaftServer{2}{role=LEADER} - Received CommandRequest{session=2, sequence=71, operation=PrimitiveOperation{id=DefaultOperationId{id=write, type=COMMAND}, value=byte[]{length=17, hash=-1644578928}}}
22:46:04.918 [raft-server-2] TRACE i.a.protocols.raft.roles.LeaderRole - RaftServer{2}{role=LEADER} - Appended Indexed{index=95, entry=CommandEntry{term=3, timestamp=2018-06-07 10:46:04,918, session=2, sequence=71, operation=PrimitiveOperation{id=DefaultOperationId{id=write, type=COMMAND}, value=byte[]{length=17, hash=-1644578928}}}}
22:46:04.918 [raft-server-2] TRACE i.a.p.raft.roles.LeaderAppender - RaftServer{2} - Sending AppendRequest{term=3, leader=2, prevLogIndex=94, prevLogTerm=3, entries=1, commitIndex=94} to 1
22:46:04.918 [raft-server-1] TRACE i.a.p.raft.roles.FollowerRole - RaftServer{1}{role=FOLLOWER} - Received AppendRequest{term=3, leader=2, prevLogIndex=94, prevLogTerm=3, entries=1, commitIndex=94}
22:46:04.918 [raft-server-2] TRACE i.a.p.raft.roles.LeaderAppender - RaftServer{2} - Sending AppendRequest{term=3, leader=2, prevLogIndex=94, prevLogTerm=3, entries=1, commitIndex=94} to 3
22:46:04.919 [raft-server-1] TRACE i.a.p.raft.roles.FollowerRole - RaftServer{1}{role=FOLLOWER} - Appended Indexed{index=95, entry=CommandEntry{term=3, timestamp=2018-06-07 10:46:04,918, session=2, sequence=71, operation=PrimitiveOperation{id=DefaultOperationId{id=write, type=COMMAND}, value=byte[]{length=17, hash=-1644578928}}}}
22:46:04.919 [raft-server-1] TRACE i.a.p.raft.roles.FollowerRole - RaftServer{1}{role=FOLLOWER} - Sending AppendResponse{status=OK, term=3, succeeded=true, lastLogIndex=95}
22:46:04.919 [raft-server-2] TRACE i.a.p.raft.roles.LeaderAppender - RaftServer{2} - Received AppendResponse{status=OK, term=3, succeeded=true, lastLogIndex=95} from 1
22:46:04.919 [raft-server-2] TRACE i.a.p.raft.roles.LeaderAppender - RaftServer{2} - Committed entries up to 95
22:46:04.996 [raft-server-3] TRACE i.a.p.raft.roles.FollowerRole - RaftServer{3}{role=FOLLOWER} - Committed entries up to index 94
22:46:04.996 [raft-server-3] TRACE i.a.p.raft.roles.FollowerRole - RaftServer{3}{role=FOLLOWER} - Sending AppendResponse{status=OK, term=3, succeeded=true, lastLogIndex=94}
22:46:04.996 [raft-server-3] TRACE i.a.p.raft.roles.FollowerRole - RaftServer{3}{role=FOLLOWER} - Received AppendRequest{term=3, leader=2, prevLogIndex=94, prevLogTerm=3, entries=1, commitIndex=94}
22:46:04.997 [raft-server-3] TRACE i.a.p.raft.roles.FollowerRole - RaftServer{3}{role=FOLLOWER} - Appended Indexed{index=95, entry=CommandEntry{term=3, timestamp=2018-06-07 10:46:04,918, session=2, sequence=71, operation=PrimitiveOperation{id=DefaultOperationId{id=write, type=COMMAND}, value=byte[]{length=17, hash=-1644578928}}}}
22:46:04.997 [raft-server-3] TRACE i.a.p.raft.roles.FollowerRole - RaftServer{3}{role=FOLLOWER} - Sending AppendResponse{status=OK, term=3, succeeded=true, lastLogIndex=95}
22:46:04.997 [raft-server-3-state] TRACE i.a.p.raft.impl.RaftServiceManager - RaftServer{3} - Applying Indexed{index=94, entry=CommandEntry{term=3, timestamp=2018-06-07 10:46:04,662, session=2, sequence=70, operation=PrimitiveOperation{id=DefaultOperationId{id=write, type=COMMAND}, value=byte[]{length=17, hash=-1644578928}}}}
22:46:04.997 [raft-server-3-state] TRACE i.a.p.s.impl.DefaultServiceExecutor - PrimitiveService{2}{type=io.atomix.protocols.raft.RaftTest$TestPrimitiveType@12cd62fc, name=raft-test} - Executing DefaultCommit{index=94, session=RaftSession{RaftServiceContext{server=3, type=io.atomix.protocols.raft.RaftTest$TestPrimitiveType@12cd62fc, name=raft-test, id=2}, session=2, timestamp=2018-06-07 10:46:04,662}, time=2018-06-07 10:46:04,662, operation=DefaultOperationId{id=write, type=COMMAND}, value=byte[]{length=17, hash=-1644578928}}
22:46:05.028 [raft-server-2] TRACE i.a.p.raft.roles.LeaderAppender - RaftServer{2} - Sending AppendRequest{term=3, leader=2, prevLogIndex=95, prevLogTerm=3, entries=0, commitIndex=95} to 1
22:46:05.029 [raft-server-2] TRACE i.a.p.raft.roles.LeaderAppender - RaftServer{2} - Received AppendResponse{status=OK, term=3, succeeded=true, lastLogIndex=94} from 3
22:46:05.029 [raft-server-2] TRACE i.a.p.raft.roles.LeaderAppender - RaftServer{2} - Received AppendResponse{status=OK, term=3, succeeded=true, lastLogIndex=95} from 3
22:46:05.029 [raft-server-2] TRACE i.a.p.raft.roles.LeaderAppender - RaftServer{2} - Sending AppendRequest{term=3, leader=2, prevLogIndex=95, prevLogTerm=3, entries=0, commitIndex=95} to 3
22:46:05.029 [raft-server-1] TRACE i.a.p.raft.roles.FollowerRole - RaftServer{1}{role=FOLLOWER} - Received AppendRequest{term=3, leader=2, prevLogIndex=95, prevLogTerm=3, entries=0, commitIndex=95}
22:46:05.029 [raft-server-3] TRACE i.a.p.raft.roles.FollowerRole - RaftServer{3}{role=FOLLOWER} - Received AppendRequest{term=3, leader=2, prevLogIndex=95, prevLogTerm=3, entries=0, commitIndex=95}
22:46:05.029 [raft-server-2-state] TRACE i.a.p.raft.impl.RaftServiceManager - RaftServer{2} - Applying Indexed{index=95, entry=CommandEntry{term=3, timestamp=2018-06-07 10:46:04,918, session=2, sequence=71, operation=PrimitiveOperation{id=DefaultOperationId{id=write, type=COMMAND}, value=byte[]{length=17, hash=-1644578928}}}}
22:46:05.029 [raft-server-2-state] TRACE i.a.p.s.impl.DefaultServiceExecutor - PrimitiveService{2}{type=io.atomix.protocols.raft.RaftTest$TestPrimitiveType@2fa5f551, name=raft-test} - Executing DefaultCommit{index=95, session=RaftSession{RaftServiceContext{server=2, type=io.atomix.protocols.raft.RaftTest$TestPrimitiveType@2fa5f551, name=raft-test, id=2}, session=2, timestamp=2018-06-07 10:46:04,918}, time=2018-06-07 10:46:04,918, operation=DefaultOperationId{id=write, type=COMMAND}, value=byte[]{length=17, hash=-1644578928}}
22:46:05.030 [raft-server-2] TRACE i.a.protocols.raft.roles.LeaderRole - RaftServer{2}{role=LEADER} - Sending CommandResponse{status=OK, index=95, eventIndex=2, result=byte[]{length=3, hash=36395}}
22:46:05.062 [raft-server-1] TRACE i.a.p.raft.roles.FollowerRole - RaftServer{1}{role=FOLLOWER} - Committed entries up to index 95
22:46:05.062 [raft-server-1] TRACE i.a.p.raft.roles.FollowerRole - RaftServer{1}{role=FOLLOWER} - Sending AppendResponse{status=OK, term=3, succeeded=true, lastLogIndex=95}
22:46:05.062 [raft-server-1] TRACE i.a.p.raft.roles.FollowerRole - RaftServer{1}{role=FOLLOWER} - Sending CommandResponse{status=OK, index=95, eventIndex=2, result=byte[]{length=3, hash=36395}}
22:46:05.062 [raft-client-4d6eb0c5-808f-4bee-91ae-78c435ccd24a-5] TRACE i.a.p.r.p.impl.RaftProxyConnection - PartitionProxy{2}{type=io.atomix.protocols.raft.RaftTest$TestPrimitiveType@35bfa1bb, name=raft-test} - Received CommandResponse{status=OK, index=95, eventIndex=2, result=byte[]{length=3, hash=36395}} from 1
22:46:05.062 [raft-client-4d6eb0c5-808f-4bee-91ae-78c435ccd24a-5] TRACE i.a.p.r.p.impl.RaftProxySequencer - PartitionProxy{2}{type=io.atomix.protocols.raft.RaftTest$TestPrimitiveType@35bfa1bb, name=raft-test} - Completing response CommandResponse{status=OK, index=95, eventIndex=2, result=byte[]{length=3, hash=36395}}
22:46:05.062 [raft-server-1-state] TRACE i.a.p.raft.impl.RaftServiceManager - RaftServer{1} - Applying Indexed{index=95, entry=CommandEntry{term=3, timestamp=2018-06-07 10:46:04,918, session=2, sequence=71, operation=PrimitiveOperation{id=DefaultOperationId{id=write, type=COMMAND}, value=byte[]{length=17, hash=-1644578928}}}}
22:46:05.062 [raft-server-1-state] TRACE i.a.p.s.impl.DefaultServiceExecutor - PrimitiveService{2}{type=io.atomix.protocols.raft.RaftTest$TestPrimitiveType@54705ce8, name=raft-test} - Executing DefaultCommit{index=95, session=RaftSession{RaftServiceContext{server=1, type=io.atomix.protocols.raft.RaftTest$TestPrimitiveType@54705ce8, name=raft-test, id=2}, session=2, timestamp=2018-06-07 10:46:04,918}, time=2018-06-07 10:46:04,918, operation=DefaultOperationId{id=write, type=COMMAND}, value=byte[]{length=17, hash=-1644578928}}
22:46:05.063 [raft-server-3] TRACE i.a.p.raft.roles.FollowerRole - RaftServer{3}{role=FOLLOWER} - Committed entries up to index 95
22:46:05.063 [raft-client-4d6eb0c5-808f-4bee-91ae-78c435ccd24a-5] TRACE i.a.p.r.p.impl.RaftProxyConnection - PartitionProxy{2}{type=io.atomix.protocols.raft.RaftTest$TestPrimitiveType@35bfa1bb, name=raft-test} - Sending CommandRequest{session=2, sequence=72, operation=PrimitiveOperation{id=DefaultOperationId{id=write, type=COMMAND}, value=byte[]{length=17, hash=-1644578928}}} to 1
22:46:05.063 [raft-server-3] TRACE i.a.p.raft.roles.FollowerRole - RaftServer{3}{role=FOLLOWER} - Sending AppendResponse{status=OK, term=3, succeeded=true, lastLogIndex=95}
22:46:05.063 [raft-server-1] TRACE i.a.p.raft.roles.FollowerRole - RaftServer{1}{role=FOLLOWER} - Received CommandRequest{session=2, sequence=72, operation=PrimitiveOperation{id=DefaultOperationId{id=write, type=COMMAND}, value=byte[]{length=17, hash=-1644578928}}}
22:46:05.063 [raft-server-3-state] TRACE i.a.p.raft.impl.RaftServiceManager - RaftServer{3} - Applying Indexed{index=95, entry=CommandEntry{term=3, timestamp=2018-06-07 10:46:04,918, session=2, sequence=71, operation=PrimitiveOperation{id=DefaultOperationId{id=write, type=COMMAND}, value=byte[]{length=17, hash=-1644578928}}}}
22:46:05.063 [raft-server-2] TRACE i.a.p.raft.roles.LeaderAppender - RaftServer{2} - Received AppendResponse{status=OK, term=3, succeeded=true, lastLogIndex=95} from 1
22:46:05.063 [raft-server-3-state] TRACE i.a.p.s.impl.DefaultServiceExecutor - PrimitiveService{2}{type=io.atomix.protocols.raft.RaftTest$TestPrimitiveType@12cd62fc, name=raft-test} - Executing DefaultCommit{index=95, session=RaftSession{RaftServiceContext{server=3, type=io.atomix.protocols.raft.RaftTest$TestPrimitiveType@12cd62fc, name=raft-test, id=2}, session=2, timestamp=2018-06-07 10:46:04,918}, time=2018-06-07 10:46:04,918, operation=DefaultOperationId{id=write, type=COMMAND}, value=byte[]{length=17, hash=-1644578928}}
22:46:05.063 [raft-server-2] TRACE i.a.p.raft.roles.LeaderAppender - RaftServer{2} - Sending AppendRequest{term=3, leader=2, prevLogIndex=95, prevLogTerm=3, entries=0, commitIndex=95} to 1
22:46:05.063 [raft-server-1] TRACE i.a.p.raft.roles.FollowerRole - RaftServer{1}{role=FOLLOWER} - Received AppendRequest{term=3, leader=2, prevLogIndex=95, prevLogTerm=3, entries=0, commitIndex=95}
22:46:05.063 [raft-server-2] TRACE i.a.p.raft.roles.LeaderAppender - RaftServer{2} - Received AppendResponse{status=OK, term=3, succeeded=true, lastLogIndex=95} from 3
22:46:05.063 [raft-server-1] TRACE i.a.p.raft.roles.FollowerRole - RaftServer{1}{role=FOLLOWER} - Sending AppendResponse{status=OK, term=3, succeeded=true, lastLogIndex=95}
22:46:05.063 [raft-server-2] TRACE i.a.protocols.raft.roles.LeaderRole - RaftServer{2}{role=LEADER} - Received CommandRequest{session=2, sequence=72, operation=PrimitiveOperation{id=DefaultOperationId{id=write, type=COMMAND}, value=byte[]{length=17, hash=-1644578928}}}
22:46:05.063 [raft-server-2] TRACE i.a.protocols.raft.roles.LeaderRole - RaftServer{2}{role=LEADER} - Appended Indexed{index=96, entry=CommandEntry{term=3, timestamp=2018-06-07 10:46:05,063, session=2, sequence=72, operation=PrimitiveOperation{id=DefaultOperationId{id=write, type=COMMAND}, value=byte[]{length=17, hash=-1644578928}}}}
22:46:05.064 [raft-server-2] TRACE i.a.p.raft.roles.LeaderAppender - RaftServer{2} - Received AppendResponse{status=OK, term=3, succeeded=true, lastLogIndex=95} from 1
22:46:05.064 [raft-server-2] TRACE i.a.p.raft.roles.LeaderAppender - RaftServer{2} - Sending AppendRequest{term=3, leader=2, prevLogIndex=95, prevLogTerm=3, entries=1, commitIndex=95} to 1
22:46:05.064 [raft-server-1] TRACE i.a.p.raft.roles.FollowerRole - RaftServer{1}{role=FOLLOWER} - Received AppendRequest{term=3, leader=2, prevLogIndex=95, prevLogTerm=3, entries=1, commitIndex=95}
22:46:05.064 [raft-server-2] TRACE i.a.p.raft.roles.LeaderAppender - RaftServer{2} - Sending AppendRequest{term=3, leader=2, prevLogIndex=95, prevLogTerm=3, entries=1, commitIndex=95} to 3
22:46:05.064 [raft-server-1] TRACE i.a.p.raft.roles.FollowerRole - RaftServer{1}{role=FOLLOWER} - Appended Indexed{index=96, entry=CommandEntry{term=3, timestamp=2018-06-07 10:46:05,063, session=2, sequence=72, operation=PrimitiveOperation{id=DefaultOperationId{id=write, type=COMMAND}, value=byte[]{length=17, hash=-1644578928}}}}
22:46:05.064 [raft-server-3] TRACE i.a.p.raft.roles.FollowerRole - RaftServer{3}{role=FOLLOWER} - Received AppendRequest{term=3, leader=2, prevLogIndex=95, prevLogTerm=3, entries=1, commitIndex=95}
22:46:05.064 [raft-server-1] TRACE i.a.p.raft.roles.FollowerRole - RaftServer{1}{role=FOLLOWER} - Sending AppendResponse{status=OK, term=3, succeeded=true, lastLogIndex=96}
22:46:05.064 [raft-server-3] TRACE i.a.p.raft.roles.FollowerRole - RaftServer{3}{role=FOLLOWER} - Appended Indexed{index=96, entry=CommandEntry{term=3, timestamp=2018-06-07 10:46:05,063, session=2, sequence=72, operation=PrimitiveOperation{id=DefaultOperationId{id=write, type=COMMAND}, value=byte[]{length=17, hash=-1644578928}}}}
22:46:05.064 [raft-server-3] TRACE i.a.p.raft.roles.FollowerRole - RaftServer{3}{role=FOLLOWER} - Sending AppendResponse{status=OK, term=3, succeeded=true, lastLogIndex=96}
22:46:05.064 [raft-server-2] TRACE i.a.p.raft.roles.LeaderAppender - RaftServer{2} - Received AppendResponse{status=OK, term=3, succeeded=true, lastLogIndex=96} from 1
22:46:05.064 [raft-server-2] TRACE i.a.p.raft.roles.LeaderAppender - RaftServer{2} - Committed entries up to 96
22:46:05.094 [raft-server-2] TRACE i.a.p.raft.roles.LeaderAppender - RaftServer{2} - Received AppendResponse{status=OK, term=3, succeeded=true, lastLogIndex=96} from 3
22:46:05.094 [raft-server-2-state] TRACE i.a.p.raft.impl.RaftServiceManager - RaftServer{2} - Applying Indexed{index=96, entry=CommandEntry{term=3, timestamp=2018-06-07 10:46:05,063, session=2, sequence=72, operation=PrimitiveOperation{id=DefaultOperationId{id=write, type=COMMAND}, value=byte[]{length=17, hash=-1644578928}}}}
22:46:05.094 [raft-server-2-state] TRACE i.a.p.s.impl.DefaultServiceExecutor - PrimitiveService{2}{type=io.atomix.protocols.raft.RaftTest$TestPrimitiveType@2fa5f551, name=raft-test} - Executing DefaultCommit{index=96, session=RaftSession{RaftServiceContext{server=2, type=io.atomix.protocols.raft.RaftTest$TestPrimitiveType@2fa5f551, name=raft-test, id=2}, session=2, timestamp=2018-06-07 10:46:05,063}, time=2018-06-07 10:46:05,063, operation=DefaultOperationId{id=write, type=COMMAND}, value=byte[]{length=17, hash=-1644578928}}
22:46:05.095 [raft-server-2-state] TRACE i.a.protocols.raft.roles.LeaderRole - RaftServer{2}{role=LEADER} - Sending CommandResponse{status=OK, index=96, eventIndex=2, result=byte[]{length=3, hash=36457}}
22:46:05.095 [raft-server-1] TRACE i.a.p.raft.roles.FollowerRole - RaftServer{1}{role=FOLLOWER} - Sending CommandResponse{status=OK, index=96, eventIndex=2, result=byte[]{length=3, hash=36457}}
22:46:05.095 [raft-client-4d6eb0c5-808f-4bee-91ae-78c435ccd24a-7] TRACE i.a.p.r.p.impl.RaftProxyConnection - PartitionProxy{2}{type=io.atomix.protocols.raft.RaftTest$TestPrimitiveType@35bfa1bb, name=raft-test} - Received CommandResponse{status=OK, index=96, eventIndex=2, result=byte[]{length=3, hash=36457}} from 1
22:46:05.095 [raft-client-4d6eb0c5-808f-4bee-91ae-78c435ccd24a-7] TRACE i.a.p.r.p.impl.RaftProxySequencer - PartitionProxy{2}{type=io.atomix.protocols.raft.RaftTest$TestPrimitiveType@35bfa1bb, name=raft-test} - Completing response CommandResponse{status=OK, index=96, eventIndex=2, result=byte[]{length=3, hash=36457}}
22:46:05.095 [raft-client-4d6eb0c5-808f-4bee-91ae-78c435ccd24a-6] TRACE i.a.p.r.p.impl.RaftProxyConnection - PartitionProxy{2}{type=io.atomix.protocols.raft.RaftTest$TestPrimitiveType@35bfa1bb, name=raft-test} - Sending CommandRequest{session=2, sequence=73, operation=PrimitiveOperation{id=DefaultOperationId{id=write, type=COMMAND}, value=byte[]{length=17, hash=-1644578928}}} to 1
22:46:05.096 [raft-server-1] TRACE i.a.p.raft.roles.FollowerRole - RaftServer{1}{role=FOLLOWER} - Received CommandRequest{session=2, sequence=73, operation=PrimitiveOperation{id=DefaultOperationId{id=write, type=COMMAND}, value=byte[]{length=17, hash=-1644578928}}}
22:46:05.096 [raft-server-2] TRACE i.a.protocols.raft.roles.LeaderRole - RaftServer{2}{role=LEADER} - Received CommandRequest{session=2, sequence=73, operation=PrimitiveOperation{id=DefaultOperationId{id=write, type=COMMAND}, value=byte[]{length=17, hash=-1644578928}}}
22:46:05.096 [raft-server-2] TRACE i.a.protocols.raft.roles.LeaderRole - RaftServer{2}{role=LEADER} - Appended Indexed{index=97, entry=CommandEntry{term=3, timestamp=2018-06-07 10:46:05,096, session=2, sequence=73, operation=PrimitiveOperation{id=DefaultOperationId{id=write, type=COMMAND}, value=byte[]{length=17, hash=-1644578928}}}}
22:46:05.096 [raft-server-2] TRACE i.a.p.raft.roles.LeaderAppender - RaftServer{2} - Sending AppendRequest{term=3, leader=2, prevLogIndex=96, prevLogTerm=3, entries=1, commitIndex=96} to 1
22:46:05.096 [raft-server-1] TRACE i.a.p.raft.roles.FollowerRole - RaftServer{1}{role=FOLLOWER} - Received AppendRequest{term=3, leader=2, prevLogIndex=96, prevLogTerm=3, entries=1, commitIndex=96}
22:46:05.096 [raft-server-2] TRACE i.a.p.raft.roles.LeaderAppender - RaftServer{2} - Sending AppendRequest{term=3, leader=2, prevLogIndex=96, prevLogTerm=3, entries=1, commitIndex=96} to 3
22:46:05.096 [raft-server-3] TRACE i.a.p.raft.roles.FollowerRole - RaftServer{3}{role=FOLLOWER} - Received AppendRequest{term=3, leader=2, prevLogIndex=96, prevLogTerm=3, entries=1, commitIndex=96}
22:46:05.096 [raft-server-1] TRACE i.a.p.raft.roles.FollowerRole - RaftServer{1}{role=FOLLOWER} - Appended Indexed{index=97, entry=CommandEntry{term=3, timestamp=2018-06-07 10:46:05,096, session=2, sequence=73, operation=PrimitiveOperation{id=DefaultOperationId{id=write, type=COMMAND}, value=byte[]{length=17, hash=-1644578928}}}}
22:46:05.096 [raft-server-3] TRACE i.a.p.raft.roles.FollowerRole - RaftServer{3}{role=FOLLOWER} - Appended Indexed{index=97, entry=CommandEntry{term=3, timestamp=2018-06-07 10:46:05,096, session=2, sequence=73, operation=PrimitiveOperation{id=DefaultOperationId{id=write, type=COMMAND}, value=byte[]{length=17, hash=-1644578928}}}}
22:46:05.128 [raft-server-3] TRACE i.a.p.raft.roles.FollowerRole - RaftServer{3}{role=FOLLOWER} - Committed entries up to index 96
22:46:05.128 [raft-server-1] TRACE i.a.p.raft.roles.FollowerRole - RaftServer{1}{role=FOLLOWER} - Committed entries up to index 96
22:46:05.128 [raft-server-3] TRACE i.a.p.raft.roles.FollowerRole - RaftServer{3}{role=FOLLOWER} - Sending AppendResponse{status=OK, term=3, succeeded=true, lastLogIndex=97}
22:46:05.128 [raft-server-1] TRACE i.a.p.raft.roles.FollowerRole - RaftServer{1}{role=FOLLOWER} - Sending AppendResponse{status=OK, term=3, succeeded=true, lastLogIndex=97}
22:46:05.129 [raft-server-2] TRACE i.a.p.raft.roles.LeaderAppender - RaftServer{2} - Received AppendResponse{status=OK, term=3, succeeded=true, lastLogIndex=97} from 3
22:46:05.129 [raft-server-2] TRACE i.a.p.raft.roles.LeaderAppender - RaftServer{2} - Committed entries up to 97
22:46:05.129 [raft-server-1-state] TRACE i.a.p.raft.impl.RaftServiceManager - RaftServer{1} - Applying Indexed{index=96, entry=CommandEntry{term=3, timestamp=2018-06-07 10:46:05,063, session=2, sequence=72, operation=PrimitiveOperation{id=DefaultOperationId{id=write, type=COMMAND}, value=byte[]{length=17, hash=-1644578928}}}}
22:46:05.129 [raft-server-3-state] TRACE i.a.p.raft.impl.RaftServiceManager - RaftServer{3} - Applying Indexed{index=96, entry=CommandEntry{term=3, timestamp=2018-06-07 10:46:05,063, session=2, sequence=72, operation=PrimitiveOperation{id=DefaultOperationId{id=write, type=COMMAND}, value=byte[]{length=17, hash=-1644578928}}}}
22:46:05.129 [raft-server-1-state] TRACE i.a.p.s.impl.DefaultServiceExecutor - PrimitiveService{2}{type=io.atomix.protocols.raft.RaftTest$TestPrimitiveType@54705ce8, name=raft-test} - Executing DefaultCommit{index=96, session=RaftSession{RaftServiceContext{server=1, type=io.atomix.protocols.raft.RaftTest$TestPrimitiveType@54705ce8, name=raft-test, id=2}, session=2, timestamp=2018-06-07 10:46:05,063}, time=2018-06-07 10:46:05,063, operation=DefaultOperationId{id=write, type=COMMAND}, value=byte[]{length=17, hash=-1644578928}}
22:46:05.129 [raft-server-3-state] TRACE i.a.p.s.impl.DefaultServiceExecutor - PrimitiveService{2}{type=io.atomix.protocols.raft.RaftTest$TestPrimitiveType@12cd62fc, name=raft-test} - Executing DefaultCommit{index=96, session=RaftSession{RaftServiceContext{server=3, type=io.atomix.protocols.raft.RaftTest$TestPrimitiveType@12cd62fc, name=raft-test, id=2}, session=2, timestamp=2018-06-07 10:46:05,063}, time=2018-06-07 10:46:05,063, operation=DefaultOperationId{id=write, type=COMMAND}, value=byte[]{length=17, hash=-1644578928}}
22:46:05.170 [raft-server-2] TRACE i.a.p.raft.roles.LeaderAppender - RaftServer{2} - Received AppendResponse{status=OK, term=3, succeeded=true, lastLogIndex=97} from 1
22:46:05.170 [raft-server-2-state] TRACE i.a.p.raft.impl.RaftServiceManager - RaftServer{2} - Applying Indexed{index=97, entry=CommandEntry{term=3, timestamp=2018-06-07 10:46:05,096, session=2, sequence=73, operation=PrimitiveOperation{id=DefaultOperationId{id=write, type=COMMAND}, value=byte[]{length=17, hash=-1644578928}}}}
22:46:05.170 [raft-server-2-state] TRACE i.a.p.s.impl.DefaultServiceExecutor - PrimitiveService{2}{type=io.atomix.protocols.raft.RaftTest$TestPrimitiveType@2fa5f551, name=raft-test} - Executing DefaultCommit{index=97, session=RaftSession{RaftServiceContext{server=2, type=io.atomix.protocols.raft.RaftTest$TestPrimitiveType@2fa5f551, name=raft-test, id=2}, session=2, timestamp=2018-06-07 10:46:05,096}, time=2018-06-07 10:46:05,096, operation=DefaultOperationId{id=write, type=COMMAND}, value=byte[]{length=17, hash=-1644578928}}
22:46:05.171 [raft-server-2-state] TRACE i.a.protocols.raft.roles.LeaderRole - RaftServer{2}{role=LEADER} - Sending CommandResponse{status=OK, index=97, eventIndex=2, result=byte[]{length=3, hash=36519}}
22:46:05.171 [raft-server-1] TRACE i.a.p.raft.roles.FollowerRole - RaftServer{1}{role=FOLLOWER} - Sending CommandResponse{status=OK, index=97, eventIndex=2, result=byte[]{length=3, hash=36519}}
22:46:05.171 [raft-client-4d6eb0c5-808f-4bee-91ae-78c435ccd24a-0] TRACE i.a.p.r.p.impl.RaftProxyConnection - PartitionProxy{2}{type=io.atomix.protocols.raft.RaftTest$TestPrimitiveType@35bfa1bb, name=raft-test} - Received CommandResponse{status=OK, index=97, eventIndex=2, result=byte[]{length=3, hash=36519}} from 1
22:46:05.171 [raft-client-4d6eb0c5-808f-4bee-91ae-78c435ccd24a-0] TRACE i.a.p.r.p.impl.RaftProxySequencer - PartitionProxy{2}{type=io.atomix.protocols.raft.RaftTest$TestPrimitiveType@35bfa1bb, name=raft-test} - Completing response CommandResponse{status=OK, index=97, eventIndex=2, result=byte[]{length=3, hash=36519}}
22:46:05.172 [raft-client-4d6eb0c5-808f-4bee-91ae-78c435ccd24a-4] TRACE i.a.p.r.p.impl.RaftProxyConnection - PartitionProxy{2}{type=io.atomix.protocols.raft.RaftTest$TestPrimitiveType@35bfa1bb, name=raft-test} - Sending CommandRequest{session=2, sequence=74, operation=PrimitiveOperation{id=DefaultOperationId{id=write, type=COMMAND}, value=byte[]{length=17, hash=-1644578928}}} to 1
22:46:05.172 [raft-server-1] TRACE i.a.p.raft.roles.FollowerRole - RaftServer{1}{role=FOLLOWER} - Received CommandRequest{session=2, sequence=74, operation=PrimitiveOperation{id=DefaultOperationId{id=write, type=COMMAND}, value=byte[]{length=17, hash=-1644578928}}}
22:46:05.172 [raft-server-2] TRACE i.a.protocols.raft.roles.LeaderRole - RaftServer{2}{role=LEADER} - Received CommandRequest{session=2, sequence=74, operation=PrimitiveOperation{id=DefaultOperationId{id=write, type=COMMAND}, value=byte[]{length=17, hash=-1644578928}}}
22:46:05.172 [raft-server-2] TRACE i.a.protocols.raft.roles.LeaderRole - RaftServer{2}{role=LEADER} - Appended Indexed{index=98, entry=CommandEntry{term=3, timestamp=2018-06-07 10:46:05,172, session=2, sequence=74, operation=PrimitiveOperation{id=DefaultOperationId{id=write, type=COMMAND}, value=byte[]{length=17, hash=-1644578928}}}}
22:46:05.172 [raft-server-2] TRACE i.a.p.raft.roles.LeaderAppender - RaftServer{2} - Sending AppendRequest{term=3, leader=2, prevLogIndex=97, prevLogTerm=3, entries=1, commitIndex=97} to 1
22:46:05.172 [raft-server-1] TRACE i.a.p.raft.roles.FollowerRole - RaftServer{1}{role=FOLLOWER} - Received AppendRequest{term=3, leader=2, prevLogIndex=97, prevLogTerm=3, entries=1, commitIndex=97}
22:46:05.172 [raft-server-2] TRACE i.a.p.raft.roles.LeaderAppender - RaftServer{2} - Sending AppendRequest{term=3, leader=2, prevLogIndex=97, prevLogTerm=3, entries=1, commitIndex=97} to 3
22:46:05.172 [raft-server-3] TRACE i.a.p.raft.roles.FollowerRole - RaftServer{3}{role=FOLLOWER} - Received AppendRequest{term=3, leader=2, prevLogIndex=97, prevLogTerm=3, entries=1, commitIndex=97}
22:46:05.172 [raft-server-1] TRACE i.a.p.raft.roles.FollowerRole - RaftServer{1}{role=FOLLOWER} - Appended Indexed{index=98, entry=CommandEntry{term=3, timestamp=2018-06-07 10:46:05,172, session=2, sequence=74, operation=PrimitiveOperation{id=DefaultOperationId{id=write, type=COMMAND}, value=byte[]{length=17, hash=-1644578928}}}}
22:46:05.173 [raft-server-3] TRACE i.a.p.raft.roles.FollowerRole - RaftServer{3}{role=FOLLOWER} - Appended Indexed{index=98, entry=CommandEntry{term=3, timestamp=2018-06-07 10:46:05,172, session=2, sequence=74, operation=PrimitiveOperation{id=DefaultOperationId{id=write, type=COMMAND}, value=byte[]{length=17, hash=-1644578928}}}}
22:46:05.287 [raft-server-1] TRACE i.a.p.raft.roles.FollowerRole - RaftServer{1}{role=FOLLOWER} - Committed entries up to index 97
22:46:05.287 [raft-server-3] TRACE i.a.p.raft.roles.FollowerRole - RaftServer{3}{role=FOLLOWER} - Committed entries up to index 97
22:46:05.287 [raft-server-1] TRACE i.a.p.raft.roles.FollowerRole - RaftServer{1}{role=FOLLOWER} - Sending AppendResponse{status=OK, term=3, succeeded=true, lastLogIndex=98}
22:46:05.288 [raft-server-3] TRACE i.a.p.raft.roles.FollowerRole - RaftServer{3}{role=FOLLOWER} - Sending AppendResponse{status=OK, term=3, succeeded=true, lastLogIndex=98}
22:46:05.288 [raft-server-2] TRACE i.a.p.raft.roles.LeaderAppender - RaftServer{2} - Received AppendResponse{status=OK, term=3, succeeded=true, lastLogIndex=98} from 3
22:46:05.288 [raft-server-2] TRACE i.a.p.raft.roles.LeaderAppender - RaftServer{2} - Committed entries up to 98
22:46:05.288 [raft-server-3-state] TRACE i.a.p.raft.impl.RaftServiceManager - RaftServer{3} - Applying Indexed{index=97, entry=CommandEntry{term=3, timestamp=2018-06-07 10:46:05,096, session=2, sequence=73, operation=PrimitiveOperation{id=DefaultOperationId{id=write, type=COMMAND}, value=byte[]{length=17, hash=-1644578928}}}}
22:46:05.288 [raft-server-1-state] TRACE i.a.p.raft.impl.RaftServiceManager - RaftServer{1} - Applying Indexed{index=97, entry=CommandEntry{term=3, timestamp=2018-06-07 10:46:05,096, session=2, sequence=73, operation=PrimitiveOperation{id=DefaultOperationId{id=write, type=COMMAND}, value=byte[]{length=17, hash=-1644578928}}}}
22:46:05.288 [raft-server-3-state] TRACE i.a.p.s.impl.DefaultServiceExecutor - PrimitiveService{2}{type=io.atomix.protocols.raft.RaftTest$TestPrimitiveType@12cd62fc, name=raft-test} - Executing DefaultCommit{index=97, session=RaftSession{RaftServiceContext{server=3, type=io.atomix.protocols.raft.RaftTest$TestPrimitiveType@12cd62fc, name=raft-test, id=2}, session=2, timestamp=2018-06-07 10:46:05,096}, time=2018-06-07 10:46:05,096, operation=DefaultOperationId{id=write, type=COMMAND}, value=byte[]{length=17, hash=-1644578928}}
22:46:05.288 [raft-server-1-state] TRACE i.a.p.s.impl.DefaultServiceExecutor - PrimitiveService{2}{type=io.atomix.protocols.raft.RaftTest$TestPrimitiveType@54705ce8, name=raft-test} - Executing DefaultCommit{index=97, session=RaftSession{RaftServiceContext{server=1, type=io.atomix.protocols.raft.RaftTest$TestPrimitiveType@54705ce8, name=raft-test, id=2}, session=2, timestamp=2018-06-07 10:46:05,096}, time=2018-06-07 10:46:05,096, operation=DefaultOperationId{id=write, type=COMMAND}, value=byte[]{length=17, hash=-1644578928}}
22:46:05.352 [raft-server-2] TRACE i.a.p.raft.roles.LeaderAppender - RaftServer{2} - Sending AppendRequest{term=3, leader=2, prevLogIndex=98, prevLogTerm=3, entries=0, commitIndex=98} to 3
22:46:05.352 [raft-server-3] TRACE i.a.p.raft.roles.FollowerRole - RaftServer{3}{role=FOLLOWER} - Received AppendRequest{term=3, leader=2, prevLogIndex=98, prevLogTerm=3, entries=0, commitIndex=98}
22:46:05.352 [raft-server-2] TRACE i.a.p.raft.roles.LeaderAppender - RaftServer{2} - Received AppendResponse{status=OK, term=3, succeeded=true, lastLogIndex=98} from 1
22:46:05.353 [raft-server-2] TRACE i.a.p.raft.roles.LeaderAppender - RaftServer{2} - Sending AppendRequest{term=3, leader=2, prevLogIndex=98, prevLogTerm=3, entries=0, commitIndex=98} to 1
22:46:05.353 [raft-server-1] TRACE i.a.p.raft.roles.FollowerRole - RaftServer{1}{role=FOLLOWER} - Received AppendRequest{term=3, leader=2, prevLogIndex=98, prevLogTerm=3, entries=0, commitIndex=98}
22:46:05.353 [raft-server-2-state] TRACE i.a.p.raft.impl.RaftServiceManager - RaftServer{2} - Applying Indexed{index=98, entry=CommandEntry{term=3, timestamp=2018-06-07 10:46:05,172, session=2, sequence=74, operation=PrimitiveOperation{id=DefaultOperationId{id=write, type=COMMAND}, value=byte[]{length=17, hash=-1644578928}}}}
22:46:05.353 [raft-server-2-state] TRACE i.a.p.s.impl.DefaultServiceExecutor - PrimitiveService{2}{type=io.atomix.protocols.raft.RaftTest$TestPrimitiveType@2fa5f551, name=raft-test} - Executing DefaultCommit{index=98, session=RaftSession{RaftServiceContext{server=2, type=io.atomix.protocols.raft.RaftTest$TestPrimitiveType@2fa5f551, name=raft-test, id=2}, session=2, timestamp=2018-06-07 10:46:05,172}, time=2018-06-07 10:46:05,172, operation=DefaultOperationId{id=write, type=COMMAND}, value=byte[]{length=17, hash=-1644578928}}
22:46:05.353 [raft-server-2-state] TRACE i.a.protocols.raft.roles.LeaderRole - RaftServer{2}{role=LEADER} - Sending CommandResponse{status=OK, index=98, eventIndex=2, result=byte[]{length=3, hash=36581}}
22:46:05.366 [raft-client-4d6eb0c5-808f-4bee-91ae-78c435ccd24a-2] TRACE i.a.p.r.proxy.impl.RaftProxyManager - RaftClient{4d6eb0c5-808f-4bee-91ae-78c435ccd24a} - Keeping 1 sessions alive
22:46:05.366 [raft-client-4d6eb0c5-808f-4bee-91ae-78c435ccd24a-2] TRACE i.a.p.r.p.impl.RaftProxyConnection - RaftClient{4d6eb0c5-808f-4bee-91ae-78c435ccd24a} - Sending KeepAliveRequest{sessionIds=long[]{length=1, hash=33}, commandSequences=long[]{length=1, hash=104}, eventIndexes=long[]{length=1, hash=33}} to 1
22:46:05.394 [raft-server-3] TRACE i.a.p.raft.roles.FollowerRole - RaftServer{3}{role=FOLLOWER} - Committed entries up to index 98
22:46:05.394 [raft-server-3] TRACE i.a.p.raft.roles.FollowerRole - RaftServer{3}{role=FOLLOWER} - Sending AppendResponse{status=OK, term=3, succeeded=true, lastLogIndex=98}
22:46:05.394 [raft-server-2] TRACE i.a.p.raft.roles.LeaderAppender - RaftServer{2} - Received AppendResponse{status=OK, term=3, succeeded=true, lastLogIndex=98} from 3
22:46:05.394 [raft-server-3-state] TRACE i.a.p.raft.impl.RaftServiceManager - RaftServer{3} - Applying Indexed{index=98, entry=CommandEntry{term=3, timestamp=2018-06-07 10:46:05,172, session=2, sequence=74, operation=PrimitiveOperation{id=DefaultOperationId{id=write, type=COMMAND}, value=byte[]{length=17, hash=-1644578928}}}}
22:46:05.394 [raft-server-3-state] TRACE i.a.p.s.impl.DefaultServiceExecutor - PrimitiveService{2}{type=io.atomix.protocols.raft.RaftTest$TestPrimitiveType@12cd62fc, name=raft-test} - Executing DefaultCommit{index=98, session=RaftSession{RaftServiceContext{server=3, type=io.atomix.protocols.raft.RaftTest$TestPrimitiveType@12cd62fc, name=raft-test, id=2}, session=2, timestamp=2018-06-07 10:46:05,172}, time=2018-06-07 10:46:05,172, operation=DefaultOperationId{id=write, type=COMMAND}, value=byte[]{length=17, hash=-1644578928}}
22:46:05.412 [raft-server-1] TRACE i.a.p.raft.roles.FollowerRole - RaftServer{1}{role=FOLLOWER} - Committed entries up to index 98
22:46:05.412 [raft-server-1] TRACE i.a.p.raft.roles.FollowerRole - RaftServer{1}{role=FOLLOWER} - Sending AppendResponse{status=OK, term=3, succeeded=true, lastLogIndex=98}
22:46:05.412 [raft-server-1] TRACE i.a.p.raft.roles.FollowerRole - RaftServer{1}{role=FOLLOWER} - Sending CommandResponse{status=OK, index=98, eventIndex=2, result=byte[]{length=3, hash=36581}}
22:46:05.412 [raft-server-2] TRACE i.a.p.raft.roles.LeaderAppender - RaftServer{2} - Received AppendResponse{status=OK, term=3, succeeded=true, lastLogIndex=98} from 1
22:46:05.412 [raft-client-4d6eb0c5-808f-4bee-91ae-78c435ccd24a-3] TRACE i.a.p.r.p.impl.RaftProxyConnection - PartitionProxy{2}{type=io.atomix.protocols.raft.RaftTest$TestPrimitiveType@35bfa1bb, name=raft-test} - Received CommandResponse{status=OK, index=98, eventIndex=2, result=byte[]{length=3, hash=36581}} from 1
22:46:05.412 [raft-client-4d6eb0c5-808f-4bee-91ae-78c435ccd24a-3] TRACE i.a.p.r.p.impl.RaftProxySequencer - PartitionProxy{2}{type=io.atomix.protocols.raft.RaftTest$TestPrimitiveType@35bfa1bb, name=raft-test} - Completing response CommandResponse{status=OK, index=98, eventIndex=2, result=byte[]{length=3, hash=36581}}
22:46:05.413 [raft-client-4d6eb0c5-808f-4bee-91ae-78c435ccd24a-4] TRACE i.a.p.r.p.impl.RaftProxyConnection - PartitionProxy{2}{type=io.atomix.protocols.raft.RaftTest$TestPrimitiveType@35bfa1bb, name=raft-test} - Sending CommandRequest{session=2, sequence=75, operation=PrimitiveOperation{id=DefaultOperationId{id=write, type=COMMAND}, value=byte[]{length=17, hash=-1644578928}}} to 1
22:46:05.413 [raft-server-1] TRACE i.a.p.raft.roles.FollowerRole - RaftServer{1}{role=FOLLOWER} - Received KeepAliveRequest{sessionIds=long[]{length=1, hash=33}, commandSequences=long[]{length=1, hash=104}, eventIndexes=long[]{length=1, hash=33}}
22:46:05.413 [raft-server-2] TRACE i.a.protocols.raft.roles.LeaderRole - RaftServer{2}{role=LEADER} - Received KeepAliveRequest{sessionIds=long[]{length=1, hash=33}, commandSequences=long[]{length=1, hash=104}, eventIndexes=long[]{length=1, hash=33}}
22:46:05.413 [raft-server-1] TRACE i.a.p.raft.roles.FollowerRole - RaftServer{1}{role=FOLLOWER} - Received CommandRequest{session=2, sequence=75, operation=PrimitiveOperation{id=DefaultOperationId{id=write, type=COMMAND}, value=byte[]{length=17, hash=-1644578928}}}
22:46:05.413 [raft-server-1-state] TRACE i.a.p.raft.impl.RaftServiceManager - RaftServer{1} - Applying Indexed{index=98, entry=CommandEntry{term=3, timestamp=2018-06-07 10:46:05,172, session=2, sequence=74, operation=PrimitiveOperation{id=DefaultOperationId{id=write, type=COMMAND}, value=byte[]{length=17, hash=-1644578928}}}}
22:46:05.413 [raft-server-1-state] TRACE i.a.p.s.impl.DefaultServiceExecutor - PrimitiveService{2}{type=io.atomix.protocols.raft.RaftTest$TestPrimitiveType@54705ce8, name=raft-test} - Executing DefaultCommit{index=98, session=RaftSession{RaftServiceContext{server=1, type=io.atomix.protocols.raft.RaftTest$TestPrimitiveType@54705ce8, name=raft-test, id=2}, session=2, timestamp=2018-06-07 10:46:05,172}, time=2018-06-07 10:46:05,172, operation=DefaultOperationId{id=write, type=COMMAND}, value=byte[]{length=17, hash=-1644578928}}
22:46:05.414 [raft-server-2] TRACE i.a.protocols.raft.roles.LeaderRole - RaftServer{2}{role=LEADER} - Appended Indexed{index=99, entry=KeepAliveEntry{term=3, timestamp=2018-06-07 10:46:05,413, sessionIds=long[]{length=1, hash=33}, commandSequences=long[]{length=1, hash=104}, eventIndexes=long[]{length=1, hash=33}}}
22:46:05.414 [raft-server-2] TRACE i.a.protocols.raft.roles.LeaderRole - RaftServer{2}{role=LEADER} - Received CommandRequest{session=2, sequence=75, operation=PrimitiveOperation{id=DefaultOperationId{id=write, type=COMMAND}, value=byte[]{length=17, hash=-1644578928}}}
22:46:05.414 [raft-server-2] TRACE i.a.protocols.raft.roles.LeaderRole - RaftServer{2}{role=LEADER} - Appended Indexed{index=100, entry=CommandEntry{term=3, timestamp=2018-06-07 10:46:05,414, session=2, sequence=75, operation=PrimitiveOperation{id=DefaultOperationId{id=write, type=COMMAND}, value=byte[]{length=17, hash=-1644578928}}}}
22:46:05.414 [raft-server-2] TRACE i.a.p.raft.roles.LeaderAppender - RaftServer{2} - Sending AppendRequest{term=3, leader=2, prevLogIndex=98, prevLogTerm=3, entries=2, commitIndex=98} to 1
22:46:05.414 [raft-server-1] TRACE i.a.p.raft.roles.FollowerRole - RaftServer{1}{role=FOLLOWER} - Received AppendRequest{term=3, leader=2, prevLogIndex=98, prevLogTerm=3, entries=2, commitIndex=98}
22:46:05.414 [raft-server-2] TRACE i.a.p.raft.roles.LeaderAppender - RaftServer{2} - Sending AppendRequest{term=3, leader=2, prevLogIndex=98, prevLogTerm=3, entries=2, commitIndex=98} to 3
22:46:05.414 [raft-server-3] TRACE i.a.p.raft.roles.FollowerRole - RaftServer{3}{role=FOLLOWER} - Received AppendRequest{term=3, leader=2, prevLogIndex=98, prevLogTerm=3, entries=2, commitIndex=98}
22:46:05.414 [raft-server-1] TRACE i.a.p.raft.roles.FollowerRole - RaftServer{1}{role=FOLLOWER} - Appended Indexed{index=99, entry=KeepAliveEntry{term=3, timestamp=2018-06-07 10:46:05,413, sessionIds=long[]{length=1, hash=33}, commandSequences=long[]{length=1, hash=104}, eventIndexes=long[]{length=1, hash=33}}}
22:46:05.414 [raft-server-3] TRACE i.a.p.raft.roles.FollowerRole - RaftServer{3}{role=FOLLOWER} - Appended Indexed{index=99, entry=KeepAliveEntry{term=3, timestamp=2018-06-07 10:46:05,413, sessionIds=long[]{length=1, hash=33}, commandSequences=long[]{length=1, hash=104}, eventIndexes=long[]{length=1, hash=33}}}
22:46:05.415 [raft-server-1] TRACE i.a.p.raft.roles.FollowerRole - RaftServer{1}{role=FOLLOWER} - Appended Indexed{index=100, entry=CommandEntry{term=3, timestamp=2018-06-07 10:46:05,414, session=2, sequence=75, operation=PrimitiveOperation{id=DefaultOperationId{id=write, type=COMMAND}, value=byte[]{length=17, hash=-1644578928}}}}
22:46:05.415 [raft-server-1] TRACE i.a.p.raft.roles.FollowerRole - RaftServer{1}{role=FOLLOWER} - Sending AppendResponse{status=OK, term=3, succeeded=true, lastLogIndex=100}
22:46:05.415 [raft-server-3] TRACE i.a.p.raft.roles.FollowerRole - RaftServer{3}{role=FOLLOWER} - Appended Indexed{index=100, entry=CommandEntry{term=3, timestamp=2018-06-07 10:46:05,414, session=2, sequence=75, operation=PrimitiveOperation{id=DefaultOperationId{id=write, type=COMMAND}, value=byte[]{length=17, hash=-1644578928}}}}
22:46:05.415 [raft-server-3] TRACE i.a.p.raft.roles.FollowerRole - RaftServer{3}{role=FOLLOWER} - Sending AppendResponse{status=OK, term=3, succeeded=true, lastLogIndex=100}
22:46:05.415 [raft-server-2] TRACE i.a.p.raft.roles.LeaderAppender - RaftServer{2} - Received AppendResponse{status=OK, term=3, succeeded=true, lastLogIndex=100} from 1
22:46:05.415 [raft-server-2] TRACE i.a.p.raft.roles.LeaderAppender - RaftServer{2} - Committed entries up to 100
22:46:05.461 [raft-server-2] TRACE i.a.p.raft.roles.LeaderAppender - RaftServer{2} - Received AppendResponse{status=OK, term=3, succeeded=true, lastLogIndex=100} from 3
22:46:05.461 [raft-server-2] TRACE i.a.p.raft.roles.LeaderAppender - RaftServer{2} - Sending AppendRequest{term=3, leader=2, prevLogIndex=100, prevLogTerm=3, entries=0, commitIndex=100} to 1
22:46:05.461 [raft-server-1] TRACE i.a.p.raft.roles.FollowerRole - RaftServer{1}{role=FOLLOWER} - Received AppendRequest{term=3, leader=2, prevLogIndex=100, prevLogTerm=3, entries=0, commitIndex=100}
22:46:05.461 [raft-server-2] TRACE i.a.p.raft.roles.LeaderAppender - RaftServer{2} - Sending AppendRequest{term=3, leader=2, prevLogIndex=100, prevLogTerm=3, entries=0, commitIndex=100} to 3
22:46:05.461 [raft-server-3] TRACE i.a.p.raft.roles.FollowerRole - RaftServer{3}{role=FOLLOWER} - Received AppendRequest{term=3, leader=2, prevLogIndex=100, prevLogTerm=3, entries=0, commitIndex=100}
22:46:05.461 [raft-server-2-state] TRACE i.a.p.raft.impl.RaftServiceManager - RaftServer{2} - Applying Indexed{index=99, entry=KeepAliveEntry{term=3, timestamp=2018-06-07 10:46:05,413, sessionIds=long[]{length=1, hash=33}, commandSequences=long[]{length=1, hash=104}, eventIndexes=long[]{length=1, hash=33}}}
22:46:05.461 [raft-server-2-state] TRACE i.a.p.raft.impl.RaftServiceManager - RaftServer{2} - Applying Indexed{index=100, entry=CommandEntry{term=3, timestamp=2018-06-07 10:46:05,414, session=2, sequence=75, operation=PrimitiveOperation{id=DefaultOperationId{id=write, type=COMMAND}, value=byte[]{length=17, hash=-1644578928}}}}
22:46:05.461 [raft-server-2] TRACE i.a.protocols.raft.roles.LeaderRole - RaftServer{2}{role=LEADER} - Sending KeepAliveResponse{status=OK, leader=2, members=[1, 2, 3], sessionIds=long[]{length=1, hash=33}}
22:46:05.461 [raft-server-2-state] TRACE i.a.p.s.impl.DefaultServiceExecutor - PrimitiveService{2}{type=io.atomix.protocols.raft.RaftTest$TestPrimitiveType@2fa5f551, name=raft-test} - Executing DefaultCommit{index=100, session=RaftSession{RaftServiceContext{server=2, type=io.atomix.protocols.raft.RaftTest$TestPrimitiveType@2fa5f551, name=raft-test, id=2}, session=2, timestamp=2018-06-07 10:46:05,414}, time=2018-06-07 10:46:05,414, operation=DefaultOperationId{id=write, type=COMMAND}, value=byte[]{length=17, hash=-1644578928}}
22:46:05.462 [raft-server-2-state] TRACE i.a.protocols.raft.roles.LeaderRole - RaftServer{2}{role=LEADER} - Sending CommandResponse{status=OK, index=100, eventIndex=2, result=byte[]{length=3, hash=36705}}
22:46:05.977 [raft-server-1] TRACE i.a.p.raft.roles.FollowerRole - RaftServer{1}{role=FOLLOWER} - Committed entries up to index 100
22:46:05.977 [raft-server-3] TRACE i.a.p.raft.roles.FollowerRole - RaftServer{3}{role=FOLLOWER} - Committed entries up to index 100
22:46:05.977 [raft-server-1] TRACE i.a.p.raft.roles.FollowerRole - RaftServer{1}{role=FOLLOWER} - Sending AppendResponse{status=OK, term=3, succeeded=true, lastLogIndex=100}
22:46:05.977 [raft-server-3] TRACE i.a.p.raft.roles.FollowerRole - RaftServer{3}{role=FOLLOWER} - Sending AppendResponse{status=OK, term=3, succeeded=true, lastLogIndex=100}
22:46:05.977 [raft-server-1] TRACE i.a.p.raft.roles.FollowerRole - RaftServer{1}{role=FOLLOWER} - Sending KeepAliveResponse{status=OK, leader=2, members=[1, 2, 3], sessionIds=long[]{length=1, hash=33}}
22:46:05.977 [raft-server-3-state] TRACE i.a.p.raft.impl.RaftServiceManager - RaftServer{3} - Applying Indexed{index=99, entry=KeepAliveEntry{term=3, timestamp=2018-06-07 10:46:05,413, sessionIds=long[]{length=1, hash=33}, commandSequences=long[]{length=1, hash=104}, eventIndexes=long[]{length=1, hash=33}}}
22:46:05.978 [raft-server-1] TRACE i.a.p.raft.roles.FollowerRole - RaftServer{1}{role=FOLLOWER} - Sending CommandResponse{status=OK, index=100, eventIndex=2, result=byte[]{length=3, hash=36705}}
22:46:05.978 [raft-client-4d6eb0c5-808f-4bee-91ae-78c435ccd24a-0] TRACE i.a.p.r.p.impl.RaftProxyConnection - RaftClient{4d6eb0c5-808f-4bee-91ae-78c435ccd24a} - Received KeepAliveResponse{status=OK, leader=2, members=[1, 2, 3], sessionIds=long[]{length=1, hash=33}} from 1
22:46:05.978 [raft-client-4d6eb0c5-808f-4bee-91ae-78c435ccd24a-5] TRACE i.a.p.r.p.impl.RaftProxyConnection - PartitionProxy{2}{type=io.atomix.protocols.raft.RaftTest$TestPrimitiveType@35bfa1bb, name=raft-test} - Received CommandResponse{status=OK, index=100, eventIndex=2, result=byte[]{length=3, hash=36705}} from 1
22:46:05.978 [raft-server-1-state] TRACE i.a.p.raft.impl.RaftServiceManager - RaftServer{1} - Applying Indexed{index=99, entry=KeepAliveEntry{term=3, timestamp=2018-06-07 10:46:05,413, sessionIds=long[]{length=1, hash=33}, commandSequences=long[]{length=1, hash=104}, eventIndexes=long[]{length=1, hash=33}}}
22:46:05.978 [raft-client-4d6eb0c5-808f-4bee-91ae-78c435ccd24a-5] TRACE i.a.p.r.p.impl.RaftProxySequencer - PartitionProxy{2}{type=io.atomix.protocols.raft.RaftTest$TestPrimitiveType@35bfa1bb, name=raft-test} - Completing response CommandResponse{status=OK, index=100, eventIndex=2, result=byte[]{length=3, hash=36705}}
22:46:05.978 [raft-server-3-state] TRACE i.a.p.raft.impl.RaftServiceManager - RaftServer{3} - Applying Indexed{index=100, entry=CommandEntry{term=3, timestamp=2018-06-07 10:46:05,414, session=2, sequence=75, operation=PrimitiveOperation{id=DefaultOperationId{id=write, type=COMMAND}, value=byte[]{length=17, hash=-1644578928}}}}
22:46:05.978 [raft-server-1-state] TRACE i.a.p.raft.impl.RaftServiceManager - RaftServer{1} - Applying Indexed{index=100, entry=CommandEntry{term=3, timestamp=2018-06-07 10:46:05,414, session=2, sequence=75, operation=PrimitiveOperation{id=DefaultOperationId{id=write, type=COMMAND}, value=byte[]{length=17, hash=-1644578928}}}}
22:46:05.978 [raft-server-3-state] TRACE i.a.p.s.impl.DefaultServiceExecutor - PrimitiveService{2}{type=io.atomix.protocols.raft.RaftTest$TestPrimitiveType@12cd62fc, name=raft-test} - Executing DefaultCommit{index=100, session=RaftSession{RaftServiceContext{server=3, type=io.atomix.protocols.raft.RaftTest$TestPrimitiveType@12cd62fc, name=raft-test, id=2}, session=2, timestamp=2018-06-07 10:46:05,414}, time=2018-06-07 10:46:05,414, operation=DefaultOperationId{id=write, type=COMMAND}, value=byte[]{length=17, hash=-1644578928}}
22:46:05.978 [raft-server-1-state] TRACE i.a.p.s.impl.DefaultServiceExecutor - PrimitiveService{2}{type=io.atomix.protocols.raft.RaftTest$TestPrimitiveType@54705ce8, name=raft-test} - Executing DefaultCommit{index=100, session=RaftSession{RaftServiceContext{server=1, type=io.atomix.protocols.raft.RaftTest$TestPrimitiveType@54705ce8, name=raft-test, id=2}, session=2, timestamp=2018-06-07 10:46:05,414}, time=2018-06-07 10:46:05,414, operation=DefaultOperationId{id=write, type=COMMAND}, value=byte[]{length=17, hash=-1644578928}}
22:46:05.978 [raft-server-2] TRACE i.a.p.raft.roles.LeaderAppender - RaftServer{2} - Received AppendResponse{status=OK, term=3, succeeded=true, lastLogIndex=100} from 1
22:46:05.978 [raft-server-2] TRACE i.a.p.raft.roles.LeaderAppender - RaftServer{2} - Sending AppendRequest{term=3, leader=2, prevLogIndex=100, prevLogTerm=3, entries=0, commitIndex=100} to 1
22:46:05.978 [raft-client-4d6eb0c5-808f-4bee-91ae-78c435ccd24a-2] TRACE i.a.p.r.p.impl.RaftProxyConnection - PartitionProxy{2}{type=io.atomix.protocols.raft.RaftTest$TestPrimitiveType@35bfa1bb, name=raft-test} - Sending CommandRequest{session=2, sequence=76, operation=PrimitiveOperation{id=DefaultOperationId{id=write, type=COMMAND}, value=byte[]{length=17, hash=-1644578928}}} to 1
22:46:05.978 [raft-server-1] TRACE i.a.p.raft.roles.FollowerRole - RaftServer{1}{role=FOLLOWER} - Received AppendRequest{term=3, leader=2, prevLogIndex=100, prevLogTerm=3, entries=0, commitIndex=100}
22:46:05.978 [raft-server-2] TRACE i.a.p.raft.roles.LeaderAppender - RaftServer{2} - Received AppendResponse{status=OK, term=3, succeeded=true, lastLogIndex=100} from 3
22:46:05.978 [raft-server-1] TRACE i.a.p.raft.roles.FollowerRole - RaftServer{1}{role=FOLLOWER} - Sending AppendResponse{status=OK, term=3, succeeded=true, lastLogIndex=100}
22:46:05.978 [raft-server-2] TRACE i.a.p.raft.roles.LeaderAppender - RaftServer{2} - Sending AppendRequest{term=3, leader=2, prevLogIndex=100, prevLogTerm=3, entries=0, commitIndex=100} to 3
22:46:05.978 [raft-server-1] TRACE i.a.p.raft.roles.FollowerRole - RaftServer{1}{role=FOLLOWER} - Received CommandRequest{session=2, sequence=76, operation=PrimitiveOperation{id=DefaultOperationId{id=write, type=COMMAND}, value=byte[]{length=17, hash=-1644578928}}}
22:46:05.979 [raft-server-2] TRACE i.a.p.raft.roles.LeaderAppender - RaftServer{2} - Received AppendResponse{status=OK, term=3, succeeded=true, lastLogIndex=100} from 1
22:46:05.979 [raft-server-3] TRACE i.a.p.raft.roles.FollowerRole - RaftServer{3}{role=FOLLOWER} - Received AppendRequest{term=3, leader=2, prevLogIndex=100, prevLogTerm=3, entries=0, commitIndex=100}
22:46:05.979 [raft-server-3] TRACE i.a.p.raft.roles.FollowerRole - RaftServer{3}{role=FOLLOWER} - Sending AppendResponse{status=OK, term=3, succeeded=true, lastLogIndex=100}
22:46:05.979 [raft-server-2] TRACE i.a.protocols.raft.roles.LeaderRole - RaftServer{2}{role=LEADER} - Received CommandRequest{session=2, sequence=76, operation=PrimitiveOperation{id=DefaultOperationId{id=write, type=COMMAND}, value=byte[]{length=17, hash=-1644578928}}}
22:46:06.128 [raft-server-2] DEBUG i.a.storage.journal.SegmentedJournal - Created disk segment: JournalSegment{id=11, version=1, index=101, size=64}
22:46:06.128 [raft-server-2] TRACE i.a.protocols.raft.roles.LeaderRole - RaftServer{2}{role=LEADER} - Appended Indexed{index=101, entry=CommandEntry{term=3, timestamp=2018-06-07 10:46:05,979, session=2, sequence=76, operation=PrimitiveOperation{id=DefaultOperationId{id=write, type=COMMAND}, value=byte[]{length=17, hash=-1644578928}}}}
22:46:06.129 [raft-server-2] TRACE i.a.p.raft.roles.LeaderAppender - RaftServer{2} - Received AppendResponse{status=OK, term=3, succeeded=true, lastLogIndex=100} from 3
22:46:06.129 [raft-server-2] TRACE i.a.p.raft.roles.LeaderAppender - RaftServer{2} - Sending AppendRequest{term=3, leader=2, prevLogIndex=100, prevLogTerm=3, entries=1, commitIndex=100} to 3
22:46:06.129 [raft-server-3] TRACE i.a.p.raft.roles.FollowerRole - RaftServer{3}{role=FOLLOWER} - Received AppendRequest{term=3, leader=2, prevLogIndex=100, prevLogTerm=3, entries=1, commitIndex=100}
22:46:06.129 [raft-server-2] TRACE i.a.p.raft.roles.LeaderAppender - RaftServer{2} - Sending AppendRequest{term=3, leader=2, prevLogIndex=100, prevLogTerm=3, entries=1, commitIndex=100} to 1
22:46:06.129 [raft-server-1] TRACE i.a.p.raft.roles.FollowerRole - RaftServer{1}{role=FOLLOWER} - Received AppendRequest{term=3, leader=2, prevLogIndex=100, prevLogTerm=3, entries=1, commitIndex=100}
22:46:06.337 [raft-server-3] DEBUG i.a.storage.journal.SegmentedJournal - Created disk segment: JournalSegment{id=11, version=1, index=101, size=64}
22:46:06.337 [raft-server-3] TRACE i.a.p.raft.roles.FollowerRole - RaftServer{3}{role=FOLLOWER} - Appended Indexed{index=101, entry=CommandEntry{term=3, timestamp=2018-06-07 10:46:05,979, session=2, sequence=76, operation=PrimitiveOperation{id=DefaultOperationId{id=write, type=COMMAND}, value=byte[]{length=17, hash=-1644578928}}}}
22:46:06.337 [raft-server-3] TRACE i.a.p.raft.roles.FollowerRole - RaftServer{3}{role=FOLLOWER} - Sending AppendResponse{status=OK, term=3, succeeded=true, lastLogIndex=101}
22:46:06.337 [raft-server-2] TRACE i.a.p.raft.roles.LeaderAppender - RaftServer{2} - Received AppendResponse{status=OK, term=3, succeeded=true, lastLogIndex=101} from 3
22:46:06.337 [raft-server-2] TRACE i.a.p.raft.roles.LeaderAppender - RaftServer{2} - Committed entries up to 101
22:46:06.378 [raft-server-1] DEBUG i.a.storage.journal.SegmentedJournal - Created disk segment: JournalSegment{id=11, version=1, index=101, size=64}
22:46:06.378 [raft-server-1] TRACE i.a.p.raft.roles.FollowerRole - RaftServer{1}{role=FOLLOWER} - Appended Indexed{index=101, entry=CommandEntry{term=3, timestamp=2018-06-07 10:46:05,979, session=2, sequence=76, operation=PrimitiveOperation{id=DefaultOperationId{id=write, type=COMMAND}, value=byte[]{length=17, hash=-1644578928}}}}
22:46:06.379 [raft-server-1] TRACE i.a.p.raft.roles.FollowerRole - RaftServer{1}{role=FOLLOWER} - Sending AppendResponse{status=OK, term=3, succeeded=true, lastLogIndex=101}
22:46:06.452 [raft-server-2] TRACE i.a.p.raft.roles.LeaderAppender - RaftServer{2} - Sending AppendRequest{term=3, leader=2, prevLogIndex=101, prevLogTerm=3, entries=0, commitIndex=101} to 3
22:46:06.452 [raft-server-2] TRACE i.a.p.raft.roles.LeaderAppender - RaftServer{2} - Received AppendResponse{status=OK, term=3, succeeded=true, lastLogIndex=101} from 1
22:46:06.452 [raft-server-3] TRACE i.a.p.raft.roles.FollowerRole - RaftServer{3}{role=FOLLOWER} - Received AppendRequest{term=3, leader=2, prevLogIndex=101, prevLogTerm=3, entries=0, commitIndex=101}
22:46:06.453 [raft-server-2] TRACE i.a.p.raft.roles.LeaderAppender - RaftServer{2} - Sending AppendRequest{term=3, leader=2, prevLogIndex=101, prevLogTerm=3, entries=0, commitIndex=101} to 1
22:46:06.453 [raft-server-1] TRACE i.a.p.raft.roles.FollowerRole - RaftServer{1}{role=FOLLOWER} - Received AppendRequest{term=3, leader=2, prevLogIndex=101, prevLogTerm=3, entries=0, commitIndex=101}
22:46:06.453 [raft-server-2-state] TRACE i.a.p.raft.impl.RaftServiceManager - RaftServer{2} - Applying Indexed{index=101, entry=CommandEntry{term=3, timestamp=2018-06-07 10:46:05,979, session=2, sequence=76, operation=PrimitiveOperation{id=DefaultOperationId{id=write, type=COMMAND}, value=byte[]{length=17, hash=-1644578928}}}}
22:46:06.453 [raft-server-2-state] TRACE i.a.p.s.impl.DefaultServiceExecutor - PrimitiveService{2}{type=io.atomix.protocols.raft.RaftTest$TestPrimitiveType@2fa5f551, name=raft-test} - Executing DefaultCommit{index=101, session=RaftSession{RaftServiceContext{server=2, type=io.atomix.protocols.raft.RaftTest$TestPrimitiveType@2fa5f551, name=raft-test, id=2}, session=2, timestamp=2018-06-07 10:46:05,979}, time=2018-06-07 10:46:05,979, operation=DefaultOperationId{id=write, type=COMMAND}, value=byte[]{length=17, hash=-1644578928}}
22:46:06.453 [raft-server-2-state] TRACE i.a.protocols.raft.roles.LeaderRole - RaftServer{2}{role=LEADER} - Sending CommandResponse{status=OK, index=101, eventIndex=2, result=byte[]{length=3, hash=36767}}
22:46:06.503 [raft-server-3] TRACE i.a.p.raft.roles.FollowerRole - RaftServer{3}{role=FOLLOWER} - Committed entries up to index 101
22:46:06.503 [raft-server-1] TRACE i.a.p.raft.roles.FollowerRole - RaftServer{1}{role=FOLLOWER} - Committed entries up to index 101
22:46:06.503 [raft-server-3] TRACE i.a.p.raft.roles.FollowerRole - RaftServer{3}{role=FOLLOWER} - Sending AppendResponse{status=OK, term=3, succeeded=true, lastLogIndex=101}
22:46:06.503 [raft-server-1] TRACE i.a.p.raft.roles.FollowerRole - RaftServer{1}{role=FOLLOWER} - Sending AppendResponse{status=OK, term=3, succeeded=true, lastLogIndex=101}
22:46:06.503 [raft-server-2] TRACE i.a.p.raft.roles.LeaderAppender - RaftServer{2} - Received AppendResponse{status=OK, term=3, succeeded=true, lastLogIndex=101} from 3
22:46:06.503 [raft-server-1] TRACE i.a.p.raft.roles.FollowerRole - RaftServer{1}{role=FOLLOWER} - Sending CommandResponse{status=OK, index=101, eventIndex=2, result=byte[]{length=3, hash=36767}}
22:46:06.504 [raft-server-2] TRACE i.a.p.raft.roles.LeaderAppender - RaftServer{2} - Sending AppendRequest{term=3, leader=2, prevLogIndex=101, prevLogTerm=3, entries=0, commitIndex=101} to 3
22:46:06.504 [raft-server-2] TRACE i.a.p.raft.roles.LeaderAppender - RaftServer{2} - Received AppendResponse{status=OK, term=3, succeeded=true, lastLogIndex=101} from 1
22:46:06.504 [raft-client-4d6eb0c5-808f-4bee-91ae-78c435ccd24a-4] TRACE i.a.p.r.p.impl.RaftProxyConnection - PartitionProxy{2}{type=io.atomix.protocols.raft.RaftTest$TestPrimitiveType@35bfa1bb, name=raft-test} - Received CommandResponse{status=OK, index=101, eventIndex=2, result=byte[]{length=3, hash=36767}} from 1
22:46:06.504 [raft-server-2] TRACE i.a.p.raft.roles.LeaderAppender - RaftServer{2} - Sending AppendRequest{term=3, leader=2, prevLogIndex=101, prevLogTerm=3, entries=0, commitIndex=101} to 1
22:46:06.504 [raft-client-4d6eb0c5-808f-4bee-91ae-78c435ccd24a-4] TRACE i.a.p.r.p.impl.RaftProxySequencer - PartitionProxy{2}{type=io.atomix.protocols.raft.RaftTest$TestPrimitiveType@35bfa1bb, name=raft-test} - Completing response CommandResponse{status=OK, index=101, eventIndex=2, result=byte[]{length=3, hash=36767}}
22:46:06.504 [raft-client-4d6eb0c5-808f-4bee-91ae-78c435ccd24a-0] TRACE i.a.p.r.p.impl.RaftProxyConnection - PartitionProxy{2}{type=io.atomix.protocols.raft.RaftTest$TestPrimitiveType@35bfa1bb, name=raft-test} - Sending CommandRequest{session=2, sequence=77, operation=PrimitiveOperation{id=DefaultOperationId{id=write, type=COMMAND}, value=byte[]{length=17, hash=-1644578928}}} to 1
22:46:06.519 [raft-server-3] TRACE i.a.p.raft.roles.FollowerRole - RaftServer{3}{role=FOLLOWER} - Received AppendRequest{term=3, leader=2, prevLogIndex=101, prevLogTerm=3, entries=0, commitIndex=101}
22:46:06.519 [raft-server-1] TRACE i.a.p.raft.roles.FollowerRole - RaftServer{1}{role=FOLLOWER} - Received AppendRequest{term=3, leader=2, prevLogIndex=101, prevLogTerm=3, entries=0, commitIndex=101}
22:46:06.519 [raft-server-3] TRACE i.a.p.raft.roles.FollowerRole - RaftServer{3}{role=FOLLOWER} - Sending AppendResponse{status=OK, term=3, succeeded=true, lastLogIndex=101}
22:46:06.519 [raft-server-1] TRACE i.a.p.raft.roles.FollowerRole - RaftServer{1}{role=FOLLOWER} - Sending AppendResponse{status=OK, term=3, succeeded=true, lastLogIndex=101}
22:46:06.519 [raft-server-3-state] TRACE i.a.p.raft.impl.RaftServiceManager - RaftServer{3} - Applying Indexed{index=101, entry=CommandEntry{term=3, timestamp=2018-06-07 10:46:05,979, session=2, sequence=76, operation=PrimitiveOperation{id=DefaultOperationId{id=write, type=COMMAND}, value=byte[]{length=17, hash=-1644578928}}}}
22:46:06.519 [raft-server-1-state] TRACE i.a.p.raft.impl.RaftServiceManager - RaftServer{1} - Applying Indexed{index=101, entry=CommandEntry{term=3, timestamp=2018-06-07 10:46:05,979, session=2, sequence=76, operation=PrimitiveOperation{id=DefaultOperationId{id=write, type=COMMAND}, value=byte[]{length=17, hash=-1644578928}}}}
22:46:06.519 [raft-server-2] TRACE i.a.p.raft.roles.LeaderAppender - RaftServer{2} - Received AppendResponse{status=OK, term=3, succeeded=true, lastLogIndex=101} from 3
22:46:06.519 [raft-server-1] TRACE i.a.p.raft.roles.FollowerRole - RaftServer{1}{role=FOLLOWER} - Received CommandRequest{session=2, sequence=77, operation=PrimitiveOperation{id=DefaultOperationId{id=write, type=COMMAND}, value=byte[]{length=17, hash=-1644578928}}}
22:46:06.519 [raft-server-3-state] TRACE i.a.p.s.impl.DefaultServiceExecutor - PrimitiveService{2}{type=io.atomix.protocols.raft.RaftTest$TestPrimitiveType@12cd62fc, name=raft-test} - Executing DefaultCommit{index=101, session=RaftSession{RaftServiceContext{server=3, type=io.atomix.protocols.raft.RaftTest$TestPrimitiveType@12cd62fc, name=raft-test, id=2}, session=2, timestamp=2018-06-07 10:46:05,979}, time=2018-06-07 10:46:05,979, operation=DefaultOperationId{id=write, type=COMMAND}, value=byte[]{length=17, hash=-1644578928}}
22:46:06.519 [raft-server-1-state] TRACE i.a.p.s.impl.DefaultServiceExecutor - PrimitiveService{2}{type=io.atomix.protocols.raft.RaftTest$TestPrimitiveType@54705ce8, name=raft-test} - Executing DefaultCommit{index=101, session=RaftSession{RaftServiceContext{server=1, type=io.atomix.protocols.raft.RaftTest$TestPrimitiveType@54705ce8, name=raft-test, id=2}, session=2, timestamp=2018-06-07 10:46:05,979}, time=2018-06-07 10:46:05,979, operation=DefaultOperationId{id=write, type=COMMAND}, value=byte[]{length=17, hash=-1644578928}}
22:46:06.520 [raft-server-2] TRACE i.a.p.raft.roles.LeaderAppender - RaftServer{2} - Received AppendResponse{status=OK, term=3, succeeded=true, lastLogIndex=101} from 1
22:46:06.520 [raft-server-2] TRACE i.a.protocols.raft.roles.LeaderRole - RaftServer{2}{role=LEADER} - Received CommandRequest{session=2, sequence=77, operation=PrimitiveOperation{id=DefaultOperationId{id=write, type=COMMAND}, value=byte[]{length=17, hash=-1644578928}}}
22:46:06.521 [raft-server-2] TRACE i.a.protocols.raft.roles.LeaderRole - RaftServer{2}{role=LEADER} - Appended Indexed{index=102, entry=CommandEntry{term=3, timestamp=2018-06-07 10:46:06,520, session=2, sequence=77, operation=PrimitiveOperation{id=DefaultOperationId{id=write, type=COMMAND}, value=byte[]{length=17, hash=-1644578928}}}}
22:46:06.521 [raft-server-2] TRACE i.a.p.raft.roles.LeaderAppender - RaftServer{2} - Sending AppendRequest{term=3, leader=2, prevLogIndex=101, prevLogTerm=3, entries=1, commitIndex=101} to 1
22:46:06.522 [raft-server-1] TRACE i.a.p.raft.roles.FollowerRole - RaftServer{1}{role=FOLLOWER} - Received AppendRequest{term=3, leader=2, prevLogIndex=101, prevLogTerm=3, entries=1, commitIndex=101}
22:46:06.522 [raft-server-2] TRACE i.a.p.raft.roles.LeaderAppender - RaftServer{2} - Sending AppendRequest{term=3, leader=2, prevLogIndex=101, prevLogTerm=3, entries=1, commitIndex=101} to 3
22:46:06.522 [raft-server-3] TRACE i.a.p.raft.roles.FollowerRole - RaftServer{3}{role=FOLLOWER} - Received AppendRequest{term=3, leader=2, prevLogIndex=101, prevLogTerm=3, entries=1, commitIndex=101}
22:46:06.522 [raft-server-1] TRACE i.a.p.raft.roles.FollowerRole - RaftServer{1}{role=FOLLOWER} - Appended Indexed{index=102, entry=CommandEntry{term=3, timestamp=2018-06-07 10:46:06,520, session=2, sequence=77, operation=PrimitiveOperation{id=DefaultOperationId{id=write, type=COMMAND}, value=byte[]{length=17, hash=-1644578928}}}}
22:46:06.522 [raft-server-1] TRACE i.a.p.raft.roles.FollowerRole - RaftServer{1}{role=FOLLOWER} - Sending AppendResponse{status=OK, term=3, succeeded=true, lastLogIndex=102}
22:46:06.522 [raft-server-3] TRACE i.a.p.raft.roles.FollowerRole - RaftServer{3}{role=FOLLOWER} - Appended Indexed{index=102, entry=CommandEntry{term=3, timestamp=2018-06-07 10:46:06,520, session=2, sequence=77, operation=PrimitiveOperation{id=DefaultOperationId{id=write, type=COMMAND}, value=byte[]{length=17, hash=-1644578928}}}}
22:46:06.522 [raft-server-2] TRACE i.a.p.raft.roles.LeaderAppender - RaftServer{2} - Received AppendResponse{status=OK, term=3, succeeded=true, lastLogIndex=102} from 1
22:46:06.522 [raft-server-3] TRACE i.a.p.raft.roles.FollowerRole - RaftServer{3}{role=FOLLOWER} - Sending AppendResponse{status=OK, term=3, succeeded=true, lastLogIndex=102}
22:46:06.522 [raft-server-2] TRACE i.a.p.raft.roles.LeaderAppender - RaftServer{2} - Committed entries up to 102
22:46:06.569 [raft-server-2] TRACE i.a.p.raft.roles.LeaderAppender - RaftServer{2} - Received AppendResponse{status=OK, term=3, succeeded=true, lastLogIndex=102} from 3
22:46:06.569 [raft-server-2-state] TRACE i.a.p.raft.impl.RaftServiceManager - RaftServer{2} - Applying Indexed{index=102, entry=CommandEntry{term=3, timestamp=2018-06-07 10:46:06,520, session=2, sequence=77, operation=PrimitiveOperation{id=DefaultOperationId{id=write, type=COMMAND}, value=byte[]{length=17, hash=-1644578928}}}}
22:46:06.569 [raft-server-2-state] TRACE i.a.p.s.impl.DefaultServiceExecutor - PrimitiveService{2}{type=io.atomix.protocols.raft.RaftTest$TestPrimitiveType@2fa5f551, name=raft-test} - Executing DefaultCommit{index=102, session=RaftSession{RaftServiceContext{server=2, type=io.atomix.protocols.raft.RaftTest$TestPrimitiveType@2fa5f551, name=raft-test, id=2}, session=2, timestamp=2018-06-07 10:46:06,520}, time=2018-06-07 10:46:06,520, operation=DefaultOperationId{id=write, type=COMMAND}, value=byte[]{length=17, hash=-1644578928}}
22:46:06.570 [raft-server-2-state] TRACE i.a.protocols.raft.roles.LeaderRole - RaftServer{2}{role=LEADER} - Sending CommandResponse{status=OK, index=102, eventIndex=2, result=byte[]{length=3, hash=36829}}
22:46:06.570 [raft-server-1] TRACE i.a.p.raft.roles.FollowerRole - RaftServer{1}{role=FOLLOWER} - Sending CommandResponse{status=OK, index=102, eventIndex=2, result=byte[]{length=3, hash=36829}}
22:46:06.570 [raft-client-4d6eb0c5-808f-4bee-91ae-78c435ccd24a-3] TRACE i.a.p.r.p.impl.RaftProxyConnection - PartitionProxy{2}{type=io.atomix.protocols.raft.RaftTest$TestPrimitiveType@35bfa1bb, name=raft-test} - Received CommandResponse{status=OK, index=102, eventIndex=2, result=byte[]{length=3, hash=36829}} from 1
22:46:06.570 [raft-client-4d6eb0c5-808f-4bee-91ae-78c435ccd24a-3] TRACE i.a.p.r.p.impl.RaftProxySequencer - PartitionProxy{2}{type=io.atomix.protocols.raft.RaftTest$TestPrimitiveType@35bfa1bb, name=raft-test} - Completing response CommandResponse{status=OK, index=102, eventIndex=2, result=byte[]{length=3, hash=36829}}
22:46:06.570 [raft-client-4d6eb0c5-808f-4bee-91ae-78c435ccd24a-6] TRACE i.a.p.r.p.impl.RaftProxyConnection - PartitionProxy{2}{type=io.atomix.protocols.raft.RaftTest$TestPrimitiveType@35bfa1bb, name=raft-test} - Sending CommandRequest{session=2, sequence=78, operation=PrimitiveOperation{id=DefaultOperationId{id=write, type=COMMAND}, value=byte[]{length=17, hash=-1644578928}}} to 1
22:46:06.571 [raft-server-1] TRACE i.a.p.raft.roles.FollowerRole - RaftServer{1}{role=FOLLOWER} - Received CommandRequest{session=2, sequence=78, operation=PrimitiveOperation{id=DefaultOperationId{id=write, type=COMMAND}, value=byte[]{length=17, hash=-1644578928}}}
22:46:06.571 [raft-server-2] TRACE i.a.protocols.raft.roles.LeaderRole - RaftServer{2}{role=LEADER} - Received CommandRequest{session=2, sequence=78, operation=PrimitiveOperation{id=DefaultOperationId{id=write, type=COMMAND}, value=byte[]{length=17, hash=-1644578928}}}
22:46:06.571 [raft-server-2] TRACE i.a.protocols.raft.roles.LeaderRole - RaftServer{2}{role=LEADER} - Appended Indexed{index=103, entry=CommandEntry{term=3, timestamp=2018-06-07 10:46:06,571, session=2, sequence=78, operation=PrimitiveOperation{id=DefaultOperationId{id=write, type=COMMAND}, value=byte[]{length=17, hash=-1644578928}}}}
22:46:06.571 [raft-server-2] TRACE i.a.p.raft.roles.LeaderAppender - RaftServer{2} - Sending AppendRequest{term=3, leader=2, prevLogIndex=102, prevLogTerm=3, entries=1, commitIndex=102} to 1
22:46:06.571 [raft-server-1] TRACE i.a.p.raft.roles.FollowerRole - RaftServer{1}{role=FOLLOWER} - Received AppendRequest{term=3, leader=2, prevLogIndex=102, prevLogTerm=3, entries=1, commitIndex=102}
22:46:06.571 [raft-server-2] TRACE i.a.p.raft.roles.LeaderAppender - RaftServer{2} - Sending AppendRequest{term=3, leader=2, prevLogIndex=102, prevLogTerm=3, entries=1, commitIndex=102} to 3
22:46:06.571 [raft-server-3] TRACE i.a.p.raft.roles.FollowerRole - RaftServer{3}{role=FOLLOWER} - Received AppendRequest{term=3, leader=2, prevLogIndex=102, prevLogTerm=3, entries=1, commitIndex=102}
22:46:06.571 [raft-server-1] TRACE i.a.p.raft.roles.FollowerRole - RaftServer{1}{role=FOLLOWER} - Appended Indexed{index=103, entry=CommandEntry{term=3, timestamp=2018-06-07 10:46:06,571, session=2, sequence=78, operation=PrimitiveOperation{id=DefaultOperationId{id=write, type=COMMAND}, value=byte[]{length=17, hash=-1644578928}}}}
22:46:06.572 [raft-server-3] TRACE i.a.p.raft.roles.FollowerRole - RaftServer{3}{role=FOLLOWER} - Appended Indexed{index=103, entry=CommandEntry{term=3, timestamp=2018-06-07 10:46:06,571, session=2, sequence=78, operation=PrimitiveOperation{id=DefaultOperationId{id=write, type=COMMAND}, value=byte[]{length=17, hash=-1644578928}}}}
22:46:06.652 [raft-server-1] TRACE i.a.p.raft.roles.FollowerRole - RaftServer{1}{role=FOLLOWER} - Committed entries up to index 102
22:46:06.652 [raft-server-3] TRACE i.a.p.raft.roles.FollowerRole - RaftServer{3}{role=FOLLOWER} - Committed entries up to index 102
22:46:06.652 [raft-server-1] TRACE i.a.p.raft.roles.FollowerRole - RaftServer{1}{role=FOLLOWER} - Sending AppendResponse{status=OK, term=3, succeeded=true, lastLogIndex=103}
22:46:06.652 [raft-server-3] TRACE i.a.p.raft.roles.FollowerRole - RaftServer{3}{role=FOLLOWER} - Sending AppendResponse{status=OK, term=3, succeeded=true, lastLogIndex=103}
22:46:06.652 [raft-server-2] TRACE i.a.p.raft.roles.LeaderAppender - RaftServer{2} - Received AppendResponse{status=OK, term=3, succeeded=true, lastLogIndex=103} from 1
22:46:06.652 [raft-server-2] TRACE i.a.p.raft.roles.LeaderAppender - RaftServer{2} - Committed entries up to 103
22:46:06.652 [raft-server-1-state] TRACE i.a.p.raft.impl.RaftServiceManager - RaftServer{1} - Applying Indexed{index=102, entry=CommandEntry{term=3, timestamp=2018-06-07 10:46:06,520, session=2, sequence=77, operation=PrimitiveOperation{id=DefaultOperationId{id=write, type=COMMAND}, value=byte[]{length=17, hash=-1644578928}}}}
22:46:06.652 [raft-server-3-state] TRACE i.a.p.raft.impl.RaftServiceManager - RaftServer{3} - Applying Indexed{index=102, entry=CommandEntry{term=3, timestamp=2018-06-07 10:46:06,520, session=2, sequence=77, operation=PrimitiveOperation{id=DefaultOperationId{id=write, type=COMMAND}, value=byte[]{length=17, hash=-1644578928}}}}
22:46:06.653 [raft-server-1-state] TRACE i.a.p.s.impl.DefaultServiceExecutor - PrimitiveService{2}{type=io.atomix.protocols.raft.RaftTest$TestPrimitiveType@54705ce8, name=raft-test} - Executing DefaultCommit{index=102, session=RaftSession{RaftServiceContext{server=1, type=io.atomix.protocols.raft.RaftTest$TestPrimitiveType@54705ce8, name=raft-test, id=2}, session=2, timestamp=2018-06-07 10:46:06,520}, time=2018-06-07 10:46:06,520, operation=DefaultOperationId{id=write, type=COMMAND}, value=byte[]{length=17, hash=-1644578928}}
22:46:06.653 [raft-server-3-state] TRACE i.a.p.s.impl.DefaultServiceExecutor - PrimitiveService{2}{type=io.atomix.protocols.raft.RaftTest$TestPrimitiveType@12cd62fc, name=raft-test} - Executing DefaultCommit{index=102, session=RaftSession{RaftServiceContext{server=3, type=io.atomix.protocols.raft.RaftTest$TestPrimitiveType@12cd62fc, name=raft-test, id=2}, session=2, timestamp=2018-06-07 10:46:06,520}, time=2018-06-07 10:46:06,520, operation=DefaultOperationId{id=write, type=COMMAND}, value=byte[]{length=17, hash=-1644578928}}
22:46:06.719 [raft-server-2] TRACE i.a.p.raft.roles.LeaderAppender - RaftServer{2} - Received AppendResponse{status=OK, term=3, succeeded=true, lastLogIndex=103} from 3
22:46:06.719 [raft-server-2] TRACE i.a.p.raft.roles.LeaderAppender - RaftServer{2} - Sending AppendRequest{term=3, leader=2, prevLogIndex=103, prevLogTerm=3, entries=0, commitIndex=103} to 1
22:46:06.719 [raft-server-1] TRACE i.a.p.raft.roles.FollowerRole - RaftServer{1}{role=FOLLOWER} - Received AppendRequest{term=3, leader=2, prevLogIndex=103, prevLogTerm=3, entries=0, commitIndex=103}
22:46:06.719 [raft-server-2] TRACE i.a.p.raft.roles.LeaderAppender - RaftServer{2} - Sending AppendRequest{term=3, leader=2, prevLogIndex=103, prevLogTerm=3, entries=0, commitIndex=103} to 3
22:46:06.719 [raft-server-3] TRACE i.a.p.raft.roles.FollowerRole - RaftServer{3}{role=FOLLOWER} - Received AppendRequest{term=3, leader=2, prevLogIndex=103, prevLogTerm=3, entries=0, commitIndex=103}
22:46:06.719 [raft-server-2-state] TRACE i.a.p.raft.impl.RaftServiceManager - RaftServer{2} - Applying Indexed{index=103, entry=CommandEntry{term=3, timestamp=2018-06-07 10:46:06,571, session=2, sequence=78, operation=PrimitiveOperation{id=DefaultOperationId{id=write, type=COMMAND}, value=byte[]{length=17, hash=-1644578928}}}}
22:46:06.720 [raft-server-2-state] TRACE i.a.p.s.impl.DefaultServiceExecutor - PrimitiveService{2}{type=io.atomix.protocols.raft.RaftTest$TestPrimitiveType@2fa5f551, name=raft-test} - Executing DefaultCommit{index=103, session=RaftSession{RaftServiceContext{server=2, type=io.atomix.protocols.raft.RaftTest$TestPrimitiveType@2fa5f551, name=raft-test, id=2}, session=2, timestamp=2018-06-07 10:46:06,571}, time=2018-06-07 10:46:06,571, operation=DefaultOperationId{id=write, type=COMMAND}, value=byte[]{length=17, hash=-1644578928}}
22:46:06.720 [raft-server-2-state] TRACE i.a.protocols.raft.roles.LeaderRole - RaftServer{2}{role=LEADER} - Sending CommandResponse{status=OK, index=103, eventIndex=2, result=byte[]{length=3, hash=36891}}
22:46:06.760 [raft-server-1] TRACE i.a.p.raft.roles.FollowerRole - RaftServer{1}{role=FOLLOWER} - Committed entries up to index 103
22:46:06.761 [raft-server-1] TRACE i.a.p.raft.roles.FollowerRole - RaftServer{1}{role=FOLLOWER} - Sending AppendResponse{status=OK, term=3, succeeded=true, lastLogIndex=103}
22:46:06.761 [raft-server-2] TRACE i.a.p.raft.roles.LeaderAppender - RaftServer{2} - Received AppendResponse{status=OK, term=3, succeeded=true, lastLogIndex=103} from 1
22:46:06.761 [raft-server-1] TRACE i.a.p.raft.roles.FollowerRole - RaftServer{1}{role=FOLLOWER} - Sending CommandResponse{status=OK, index=103, eventIndex=2, result=byte[]{length=3, hash=36891}}
22:46:06.761 [raft-server-2] TRACE i.a.p.raft.roles.LeaderAppender - RaftServer{2} - Sending AppendRequest{term=3, leader=2, prevLogIndex=103, prevLogTerm=3, entries=0, commitIndex=103} to 1
22:46:06.761 [raft-client-4d6eb0c5-808f-4bee-91ae-78c435ccd24a-7] TRACE i.a.p.r.p.impl.RaftProxyConnection - PartitionProxy{2}{type=io.atomix.protocols.raft.RaftTest$TestPrimitiveType@35bfa1bb, name=raft-test} - Received CommandResponse{status=OK, index=103, eventIndex=2, result=byte[]{length=3, hash=36891}} from 1
22:46:06.761 [raft-client-4d6eb0c5-808f-4bee-91ae-78c435ccd24a-7] TRACE i.a.p.r.p.impl.RaftProxySequencer - PartitionProxy{2}{type=io.atomix.protocols.raft.RaftTest$TestPrimitiveType@35bfa1bb, name=raft-test} - Completing response CommandResponse{status=OK, index=103, eventIndex=2, result=byte[]{length=3, hash=36891}}
22:46:06.761 [raft-server-1-state] TRACE i.a.p.raft.impl.RaftServiceManager - RaftServer{1} - Applying Indexed{index=103, entry=CommandEntry{term=3, timestamp=2018-06-07 10:46:06,571, session=2, sequence=78, operation=PrimitiveOperation{id=DefaultOperationId{id=write, type=COMMAND}, value=byte[]{length=17, hash=-1644578928}}}}
22:46:06.761 [raft-server-1] TRACE i.a.p.raft.roles.FollowerRole - RaftServer{1}{role=FOLLOWER} - Received AppendRequest{term=3, leader=2, prevLogIndex=103, prevLogTerm=3, entries=0, commitIndex=103}
22:46:06.761 [raft-server-1] TRACE i.a.p.raft.roles.FollowerRole - RaftServer{1}{role=FOLLOWER} - Sending AppendResponse{status=OK, term=3, succeeded=true, lastLogIndex=103}
22:46:06.761 [raft-server-1-state] TRACE i.a.p.s.impl.DefaultServiceExecutor - PrimitiveService{2}{type=io.atomix.protocols.raft.RaftTest$TestPrimitiveType@54705ce8, name=raft-test} - Executing DefaultCommit{index=103, session=RaftSession{RaftServiceContext{server=1, type=io.atomix.protocols.raft.RaftTest$TestPrimitiveType@54705ce8, name=raft-test, id=2}, session=2, timestamp=2018-06-07 10:46:06,571}, time=2018-06-07 10:46:06,571, operation=DefaultOperationId{id=write, type=COMMAND}, value=byte[]{length=17, hash=-1644578928}}
22:46:06.761 [raft-server-2] TRACE i.a.p.raft.roles.LeaderAppender - RaftServer{2} - Received AppendResponse{status=OK, term=3, succeeded=true, lastLogIndex=103} from 1
22:46:06.762 [raft-client-4d6eb0c5-808f-4bee-91ae-78c435ccd24a-1] TRACE i.a.p.r.p.impl.RaftProxyConnection - PartitionProxy{2}{type=io.atomix.protocols.raft.RaftTest$TestPrimitiveType@35bfa1bb, name=raft-test} - Sending CommandRequest{session=2, sequence=79, operation=PrimitiveOperation{id=DefaultOperationId{id=write, type=COMMAND}, value=byte[]{length=17, hash=-1644578928}}} to 1
22:46:06.762 [raft-server-1] TRACE i.a.p.raft.roles.FollowerRole - RaftServer{1}{role=FOLLOWER} - Received CommandRequest{session=2, sequence=79, operation=PrimitiveOperation{id=DefaultOperationId{id=write, type=COMMAND}, value=byte[]{length=17, hash=-1644578928}}}
22:46:06.762 [raft-server-2] TRACE i.a.protocols.raft.roles.LeaderRole - RaftServer{2}{role=LEADER} - Received CommandRequest{session=2, sequence=79, operation=PrimitiveOperation{id=DefaultOperationId{id=write, type=COMMAND}, value=byte[]{length=17, hash=-1644578928}}}
22:46:06.762 [raft-server-2] TRACE i.a.protocols.raft.roles.LeaderRole - RaftServer{2}{role=LEADER} - Appended Indexed{index=104, entry=CommandEntry{term=3, timestamp=2018-06-07 10:46:06,762, session=2, sequence=79, operation=PrimitiveOperation{id=DefaultOperationId{id=write, type=COMMAND}, value=byte[]{length=17, hash=-1644578928}}}}
22:46:06.762 [raft-server-2] TRACE i.a.p.raft.roles.LeaderAppender - RaftServer{2} - Sending AppendRequest{term=3, leader=2, prevLogIndex=103, prevLogTerm=3, entries=1, commitIndex=103} to 1
22:46:06.762 [raft-server-1] TRACE i.a.p.raft.roles.FollowerRole - RaftServer{1}{role=FOLLOWER} - Received AppendRequest{term=3, leader=2, prevLogIndex=103, prevLogTerm=3, entries=1, commitIndex=103}
22:46:06.762 [raft-server-1] TRACE i.a.p.raft.roles.FollowerRole - RaftServer{1}{role=FOLLOWER} - Appended Indexed{index=104, entry=CommandEntry{term=3, timestamp=2018-06-07 10:46:06,762, session=2, sequence=79, operation=PrimitiveOperation{id=DefaultOperationId{id=write, type=COMMAND}, value=byte[]{length=17, hash=-1644578928}}}}
22:46:06.763 [raft-server-1] TRACE i.a.p.raft.roles.FollowerRole - RaftServer{1}{role=FOLLOWER} - Sending AppendResponse{status=OK, term=3, succeeded=true, lastLogIndex=104}
22:46:06.763 [raft-server-2] TRACE i.a.p.raft.roles.LeaderAppender - RaftServer{2} - Received AppendResponse{status=OK, term=3, succeeded=true, lastLogIndex=104} from 1
22:46:06.763 [raft-server-2] TRACE i.a.p.raft.roles.LeaderAppender - RaftServer{2} - Committed entries up to 104
22:46:06.803 [raft-server-3] TRACE i.a.p.raft.roles.FollowerRole - RaftServer{3}{role=FOLLOWER} - Committed entries up to index 103
22:46:06.803 [raft-server-3] TRACE i.a.p.raft.roles.FollowerRole - RaftServer{3}{role=FOLLOWER} - Sending AppendResponse{status=OK, term=3, succeeded=true, lastLogIndex=103}
22:46:06.804 [raft-server-3-state] TRACE i.a.p.raft.impl.RaftServiceManager - RaftServer{3} - Applying Indexed{index=103, entry=CommandEntry{term=3, timestamp=2018-06-07 10:46:06,571, session=2, sequence=78, operation=PrimitiveOperation{id=DefaultOperationId{id=write, type=COMMAND}, value=byte[]{length=17, hash=-1644578928}}}}
22:46:06.804 [raft-server-3-state] TRACE i.a.p.s.impl.DefaultServiceExecutor - PrimitiveService{2}{type=io.atomix.protocols.raft.RaftTest$TestPrimitiveType@12cd62fc, name=raft-test} - Executing DefaultCommit{index=103, session=RaftSession{RaftServiceContext{server=3, type=io.atomix.protocols.raft.RaftTest$TestPrimitiveType@12cd62fc, name=raft-test, id=2}, session=2, timestamp=2018-06-07 10:46:06,571}, time=2018-06-07 10:46:06,571, operation=DefaultOperationId{id=write, type=COMMAND}, value=byte[]{length=17, hash=-1644578928}}
22:46:06.858 [raft-server-2] TRACE i.a.p.raft.roles.LeaderAppender - RaftServer{2} - Received AppendResponse{status=OK, term=3, succeeded=true, lastLogIndex=103} from 3
22:46:06.858 [raft-server-2] TRACE i.a.p.raft.roles.LeaderAppender - RaftServer{2} - Sending AppendRequest{term=3, leader=2, prevLogIndex=103, prevLogTerm=3, entries=1, commitIndex=104} to 3
22:46:06.858 [raft-server-3] TRACE i.a.p.raft.roles.FollowerRole - RaftServer{3}{role=FOLLOWER} - Received AppendRequest{term=3, leader=2, prevLogIndex=103, prevLogTerm=3, entries=1, commitIndex=104}
22:46:06.858 [raft-server-2-state] TRACE i.a.p.raft.impl.RaftServiceManager - RaftServer{2} - Applying Indexed{index=104, entry=CommandEntry{term=3, timestamp=2018-06-07 10:46:06,762, session=2, sequence=79, operation=PrimitiveOperation{id=DefaultOperationId{id=write, type=COMMAND}, value=byte[]{length=17, hash=-1644578928}}}}
22:46:06.859 [raft-server-3] TRACE i.a.p.raft.roles.FollowerRole - RaftServer{3}{role=FOLLOWER} - Appended Indexed{index=104, entry=CommandEntry{term=3, timestamp=2018-06-07 10:46:06,762, session=2, sequence=79, operation=PrimitiveOperation{id=DefaultOperationId{id=write, type=COMMAND}, value=byte[]{length=17, hash=-1644578928}}}}
22:46:06.859 [raft-server-2-state] TRACE i.a.p.s.impl.DefaultServiceExecutor - PrimitiveService{2}{type=io.atomix.protocols.raft.RaftTest$TestPrimitiveType@2fa5f551, name=raft-test} - Executing DefaultCommit{index=104, session=RaftSession{RaftServiceContext{server=2, type=io.atomix.protocols.raft.RaftTest$TestPrimitiveType@2fa5f551, name=raft-test, id=2}, session=2, timestamp=2018-06-07 10:46:06,762}, time=2018-06-07 10:46:06,762, operation=DefaultOperationId{id=write, type=COMMAND}, value=byte[]{length=17, hash=-1644578928}}
22:46:06.859 [raft-server-2-state] TRACE i.a.protocols.raft.roles.LeaderRole - RaftServer{2}{role=LEADER} - Sending CommandResponse{status=OK, index=104, eventIndex=2, result=byte[]{length=3, hash=36953}}
22:46:06.859 [raft-server-1] TRACE i.a.p.raft.roles.FollowerRole - RaftServer{1}{role=FOLLOWER} - Sending CommandResponse{status=OK, index=104, eventIndex=2, result=byte[]{length=3, hash=36953}}
22:46:06.859 [raft-client-4d6eb0c5-808f-4bee-91ae-78c435ccd24a-4] TRACE i.a.p.r.p.impl.RaftProxyConnection - PartitionProxy{2}{type=io.atomix.protocols.raft.RaftTest$TestPrimitiveType@35bfa1bb, name=raft-test} - Received CommandResponse{status=OK, index=104, eventIndex=2, result=byte[]{length=3, hash=36953}} from 1
22:46:06.859 [raft-client-4d6eb0c5-808f-4bee-91ae-78c435ccd24a-4] TRACE i.a.p.r.p.impl.RaftProxySequencer - PartitionProxy{2}{type=io.atomix.protocols.raft.RaftTest$TestPrimitiveType@35bfa1bb, name=raft-test} - Completing response CommandResponse{status=OK, index=104, eventIndex=2, result=byte[]{length=3, hash=36953}}
22:46:06.860 [raft-client-4d6eb0c5-808f-4bee-91ae-78c435ccd24a-5] TRACE i.a.p.r.p.impl.RaftProxyConnection - PartitionProxy{2}{type=io.atomix.protocols.raft.RaftTest$TestPrimitiveType@35bfa1bb, name=raft-test} - Sending CommandRequest{session=2, sequence=80, operation=PrimitiveOperation{id=DefaultOperationId{id=write, type=COMMAND}, value=byte[]{length=17, hash=-1644578928}}} to 1
22:46:06.860 [raft-server-1] TRACE i.a.p.raft.roles.FollowerRole - RaftServer{1}{role=FOLLOWER} - Received CommandRequest{session=2, sequence=80, operation=PrimitiveOperation{id=DefaultOperationId{id=write, type=COMMAND}, value=byte[]{length=17, hash=-1644578928}}}
22:46:06.860 [raft-server-2] TRACE i.a.protocols.raft.roles.LeaderRole - RaftServer{2}{role=LEADER} - Received CommandRequest{session=2, sequence=80, operation=PrimitiveOperation{id=DefaultOperationId{id=write, type=COMMAND}, value=byte[]{length=17, hash=-1644578928}}}
22:46:06.860 [raft-server-2] TRACE i.a.protocols.raft.roles.LeaderRole - RaftServer{2}{role=LEADER} - Appended Indexed{index=105, entry=CommandEntry{term=3, timestamp=2018-06-07 10:46:06,860, session=2, sequence=80, operation=PrimitiveOperation{id=DefaultOperationId{id=write, type=COMMAND}, value=byte[]{length=17, hash=-1644578928}}}}
22:46:06.860 [raft-server-2] TRACE i.a.p.raft.roles.LeaderAppender - RaftServer{2} - Sending AppendRequest{term=3, leader=2, prevLogIndex=104, prevLogTerm=3, entries=1, commitIndex=104} to 1
22:46:06.860 [raft-server-1] TRACE i.a.p.raft.roles.FollowerRole - RaftServer{1}{role=FOLLOWER} - Received AppendRequest{term=3, leader=2, prevLogIndex=104, prevLogTerm=3, entries=1, commitIndex=104}
22:46:06.860 [raft-server-1] TRACE i.a.p.raft.roles.FollowerRole - RaftServer{1}{role=FOLLOWER} - Appended Indexed{index=105, entry=CommandEntry{term=3, timestamp=2018-06-07 10:46:06,860, session=2, sequence=80, operation=PrimitiveOperation{id=DefaultOperationId{id=write, type=COMMAND}, value=byte[]{length=17, hash=-1644578928}}}}
22:46:06.903 [raft-server-3] TRACE i.a.p.raft.roles.FollowerRole - RaftServer{3}{role=FOLLOWER} - Committed entries up to index 104
22:46:06.903 [raft-server-1] TRACE i.a.p.raft.roles.FollowerRole - RaftServer{1}{role=FOLLOWER} - Committed entries up to index 104
22:46:06.903 [raft-server-3] TRACE i.a.p.raft.roles.FollowerRole - RaftServer{3}{role=FOLLOWER} - Sending AppendResponse{status=OK, term=3, succeeded=true, lastLogIndex=104}
22:46:06.903 [raft-server-1] TRACE i.a.p.raft.roles.FollowerRole - RaftServer{1}{role=FOLLOWER} - Sending AppendResponse{status=OK, term=3, succeeded=true, lastLogIndex=105}
22:46:06.903 [raft-server-2] TRACE i.a.p.raft.roles.LeaderAppender - RaftServer{2} - Received AppendResponse{status=OK, term=3, succeeded=true, lastLogIndex=104} from 3
22:46:06.904 [raft-server-3-state] TRACE i.a.p.raft.impl.RaftServiceManager - RaftServer{3} - Applying Indexed{index=104, entry=CommandEntry{term=3, timestamp=2018-06-07 10:46:06,762, session=2, sequence=79, operation=PrimitiveOperation{id=DefaultOperationId{id=write, type=COMMAND}, value=byte[]{length=17, hash=-1644578928}}}}
22:46:06.904 [raft-server-1-state] TRACE i.a.p.raft.impl.RaftServiceManager - RaftServer{1} - Applying Indexed{index=104, entry=CommandEntry{term=3, timestamp=2018-06-07 10:46:06,762, session=2, sequence=79, operation=PrimitiveOperation{id=DefaultOperationId{id=write, type=COMMAND}, value=byte[]{length=17, hash=-1644578928}}}}
22:46:06.904 [raft-server-2] TRACE i.a.p.raft.roles.LeaderAppender - RaftServer{2} - Sending AppendRequest{term=3, leader=2, prevLogIndex=104, prevLogTerm=3, entries=1, commitIndex=104} to 3
22:46:06.904 [raft-server-3-state] TRACE i.a.p.s.impl.DefaultServiceExecutor - PrimitiveService{2}{type=io.atomix.protocols.raft.RaftTest$TestPrimitiveType@12cd62fc, name=raft-test} - Executing DefaultCommit{index=104, session=RaftSession{RaftServiceContext{server=3, type=io.atomix.protocols.raft.RaftTest$TestPrimitiveType@12cd62fc, name=raft-test, id=2}, session=2, timestamp=2018-06-07 10:46:06,762}, time=2018-06-07 10:46:06,762, operation=DefaultOperationId{id=write, type=COMMAND}, value=byte[]{length=17, hash=-1644578928}}
22:46:06.904 [raft-server-3] TRACE i.a.p.raft.roles.FollowerRole - RaftServer{3}{role=FOLLOWER} - Received AppendRequest{term=3, leader=2, prevLogIndex=104, prevLogTerm=3, entries=1, commitIndex=104}
22:46:06.904 [raft-server-1-state] TRACE i.a.p.s.impl.DefaultServiceExecutor - PrimitiveService{2}{type=io.atomix.protocols.raft.RaftTest$TestPrimitiveType@54705ce8, name=raft-test} - Executing DefaultCommit{index=104, session=RaftSession{RaftServiceContext{server=1, type=io.atomix.protocols.raft.RaftTest$TestPrimitiveType@54705ce8, name=raft-test, id=2}, session=2, timestamp=2018-06-07 10:46:06,762}, time=2018-06-07 10:46:06,762, operation=DefaultOperationId{id=write, type=COMMAND}, value=byte[]{length=17, hash=-1644578928}}
22:46:06.904 [raft-server-2] TRACE i.a.p.raft.roles.LeaderAppender - RaftServer{2} - Received AppendResponse{status=OK, term=3, succeeded=true, lastLogIndex=105} from 1
22:46:06.904 [raft-server-3] TRACE i.a.p.raft.roles.FollowerRole - RaftServer{3}{role=FOLLOWER} - Appended Indexed{index=105, entry=CommandEntry{term=3, timestamp=2018-06-07 10:46:06,860, session=2, sequence=80, operation=PrimitiveOperation{id=DefaultOperationId{id=write, type=COMMAND}, value=byte[]{length=17, hash=-1644578928}}}}
22:46:06.905 [raft-server-2] TRACE i.a.p.raft.roles.LeaderAppender - RaftServer{2} - Committed entries up to 105
22:46:06.905 [raft-server-3] TRACE i.a.p.raft.roles.FollowerRole - RaftServer{3}{role=FOLLOWER} - Sending AppendResponse{status=OK, term=3, succeeded=true, lastLogIndex=105}
22:46:06.937 [raft-server-2] TRACE i.a.p.raft.roles.LeaderAppender - RaftServer{2} - Received AppendResponse{status=OK, term=3, succeeded=true, lastLogIndex=105} from 3
22:46:06.937 [raft-server-2-state] TRACE i.a.p.raft.impl.RaftServiceManager - RaftServer{2} - Applying Indexed{index=105, entry=CommandEntry{term=3, timestamp=2018-06-07 10:46:06,860, session=2, sequence=80, operation=PrimitiveOperation{id=DefaultOperationId{id=write, type=COMMAND}, value=byte[]{length=17, hash=-1644578928}}}}
22:46:06.937 [raft-server-2-state] TRACE i.a.p.s.impl.DefaultServiceExecutor - PrimitiveService{2}{type=io.atomix.protocols.raft.RaftTest$TestPrimitiveType@2fa5f551, name=raft-test} - Executing DefaultCommit{index=105, session=RaftSession{RaftServiceContext{server=2, type=io.atomix.protocols.raft.RaftTest$TestPrimitiveType@2fa5f551, name=raft-test, id=2}, session=2, timestamp=2018-06-07 10:46:06,860}, time=2018-06-07 10:46:06,860, operation=DefaultOperationId{id=write, type=COMMAND}, value=byte[]{length=17, hash=-1644578928}}
22:46:06.937 [raft-server-2-state] TRACE i.a.protocols.raft.roles.LeaderRole - RaftServer{2}{role=LEADER} - Sending CommandResponse{status=OK, index=105, eventIndex=2, result=byte[]{length=3, hash=37015}}
22:46:06.938 [raft-server-1] TRACE i.a.p.raft.roles.FollowerRole - RaftServer{1}{role=FOLLOWER} - Sending CommandResponse{status=OK, index=105, eventIndex=2, result=byte[]{length=3, hash=37015}}
22:46:06.938 [raft-client-4d6eb0c5-808f-4bee-91ae-78c435ccd24a-7] TRACE i.a.p.r.p.impl.RaftProxyConnection - PartitionProxy{2}{type=io.atomix.protocols.raft.RaftTest$TestPrimitiveType@35bfa1bb, name=raft-test} - Received CommandResponse{status=OK, index=105, eventIndex=2, result=byte[]{length=3, hash=37015}} from 1
22:46:06.938 [raft-client-4d6eb0c5-808f-4bee-91ae-78c435ccd24a-7] TRACE i.a.p.r.p.impl.RaftProxySequencer - PartitionProxy{2}{type=io.atomix.protocols.raft.RaftTest$TestPrimitiveType@35bfa1bb, name=raft-test} - Completing response CommandResponse{status=OK, index=105, eventIndex=2, result=byte[]{length=3, hash=37015}}
22:46:06.938 [raft-client-4d6eb0c5-808f-4bee-91ae-78c435ccd24a-2] TRACE i.a.p.r.p.impl.RaftProxyConnection - PartitionProxy{2}{type=io.atomix.protocols.raft.RaftTest$TestPrimitiveType@35bfa1bb, name=raft-test} - Sending CommandRequest{session=2, sequence=81, operation=PrimitiveOperation{id=DefaultOperationId{id=write, type=COMMAND}, value=byte[]{length=17, hash=-1644578928}}} to 1
22:46:06.938 [raft-server-1] TRACE i.a.p.raft.roles.FollowerRole - RaftServer{1}{role=FOLLOWER} - Received CommandRequest{session=2, sequence=81, operation=PrimitiveOperation{id=DefaultOperationId{id=write, type=COMMAND}, value=byte[]{length=17, hash=-1644578928}}}
22:46:06.938 [raft-server-2] TRACE i.a.protocols.raft.roles.LeaderRole - RaftServer{2}{role=LEADER} - Received CommandRequest{session=2, sequence=81, operation=PrimitiveOperation{id=DefaultOperationId{id=write, type=COMMAND}, value=byte[]{length=17, hash=-1644578928}}}
22:46:06.938 [raft-server-2] TRACE i.a.protocols.raft.roles.LeaderRole - RaftServer{2}{role=LEADER} - Appended Indexed{index=106, entry=CommandEntry{term=3, timestamp=2018-06-07 10:46:06,938, session=2, sequence=81, operation=PrimitiveOperation{id=DefaultOperationId{id=write, type=COMMAND}, value=byte[]{length=17, hash=-1644578928}}}}
22:46:06.939 [raft-server-2] TRACE i.a.p.raft.roles.LeaderAppender - RaftServer{2} - Sending AppendRequest{term=3, leader=2, prevLogIndex=105, prevLogTerm=3, entries=1, commitIndex=105} to 1
22:46:06.939 [raft-server-1] TRACE i.a.p.raft.roles.FollowerRole - RaftServer{1}{role=FOLLOWER} - Received AppendRequest{term=3, leader=2, prevLogIndex=105, prevLogTerm=3, entries=1, commitIndex=105}
22:46:06.939 [raft-server-2] TRACE i.a.p.raft.roles.LeaderAppender - RaftServer{2} - Sending AppendRequest{term=3, leader=2, prevLogIndex=105, prevLogTerm=3, entries=1, commitIndex=105} to 3
22:46:06.939 [raft-server-3] TRACE i.a.p.raft.roles.FollowerRole - RaftServer{3}{role=FOLLOWER} - Received AppendRequest{term=3, leader=2, prevLogIndex=105, prevLogTerm=3, entries=1, commitIndex=105}
22:46:06.939 [raft-server-1] TRACE i.a.p.raft.roles.FollowerRole - RaftServer{1}{role=FOLLOWER} - Appended Indexed{index=106, entry=CommandEntry{term=3, timestamp=2018-06-07 10:46:06,938, session=2, sequence=81, operation=PrimitiveOperation{id=DefaultOperationId{id=write, type=COMMAND}, value=byte[]{length=17, hash=-1644578928}}}}
22:46:06.939 [raft-server-3] TRACE i.a.p.raft.roles.FollowerRole - RaftServer{3}{role=FOLLOWER} - Appended Indexed{index=106, entry=CommandEntry{term=3, timestamp=2018-06-07 10:46:06,938, session=2, sequence=81, operation=PrimitiveOperation{id=DefaultOperationId{id=write, type=COMMAND}, value=byte[]{length=17, hash=-1644578928}}}}
22:46:06.987 [raft-server-3] TRACE i.a.p.raft.roles.FollowerRole - RaftServer{3}{role=FOLLOWER} - Committed entries up to index 105
22:46:06.987 [raft-server-1] TRACE i.a.p.raft.roles.FollowerRole - RaftServer{1}{role=FOLLOWER} - Committed entries up to index 105
22:46:06.987 [raft-server-3] TRACE i.a.p.raft.roles.FollowerRole - RaftServer{3}{role=FOLLOWER} - Sending AppendResponse{status=OK, term=3, succeeded=true, lastLogIndex=106}
22:46:06.987 [raft-server-1] TRACE i.a.p.raft.roles.FollowerRole - RaftServer{1}{role=FOLLOWER} - Sending AppendResponse{status=OK, term=3, succeeded=true, lastLogIndex=106}
22:46:06.987 [raft-server-2] TRACE i.a.p.raft.roles.LeaderAppender - RaftServer{2} - Received AppendResponse{status=OK, term=3, succeeded=true, lastLogIndex=106} from 3
22:46:06.987 [raft-server-3-state] TRACE i.a.p.raft.impl.RaftServiceManager - RaftServer{3} - Applying Indexed{index=105, entry=CommandEntry{term=3, timestamp=2018-06-07 10:46:06,860, session=2, sequence=80, operation=PrimitiveOperation{id=DefaultOperationId{id=write, type=COMMAND}, value=byte[]{length=17, hash=-1644578928}}}}
22:46:06.987 [raft-server-2] TRACE i.a.p.raft.roles.LeaderAppender - RaftServer{2} - Committed entries up to 106
22:46:06.987 [raft-server-3-state] TRACE i.a.p.s.impl.DefaultServiceExecutor - PrimitiveService{2}{type=io.atomix.protocols.raft.RaftTest$TestPrimitiveType@12cd62fc, name=raft-test} - Executing DefaultCommit{index=105, session=RaftSession{RaftServiceContext{server=3, type=io.atomix.protocols.raft.RaftTest$TestPrimitiveType@12cd62fc, name=raft-test, id=2}, session=2, timestamp=2018-06-07 10:46:06,860}, time=2018-06-07 10:46:06,860, operation=DefaultOperationId{id=write, type=COMMAND}, value=byte[]{length=17, hash=-1644578928}}
22:46:06.987 [raft-server-1-state] TRACE i.a.p.raft.impl.RaftServiceManager - RaftServer{1} - Applying Indexed{index=105, entry=CommandEntry{term=3, timestamp=2018-06-07 10:46:06,860, session=2, sequence=80, operation=PrimitiveOperation{id=DefaultOperationId{id=write, type=COMMAND}, value=byte[]{length=17, hash=-1644578928}}}}
22:46:06.987 [raft-server-1-state] TRACE i.a.p.s.impl.DefaultServiceExecutor - PrimitiveService{2}{type=io.atomix.protocols.raft.RaftTest$TestPrimitiveType@54705ce8, name=raft-test} - Executing DefaultCommit{index=105, session=RaftSession{RaftServiceContext{server=1, type=io.atomix.protocols.raft.RaftTest$TestPrimitiveType@54705ce8, name=raft-test, id=2}, session=2, timestamp=2018-06-07 10:46:06,860}, time=2018-06-07 10:46:06,860, operation=DefaultOperationId{id=write, type=COMMAND}, value=byte[]{length=17, hash=-1644578928}}
22:46:07.020 [raft-server-2] TRACE i.a.p.raft.roles.LeaderAppender - RaftServer{2} - Sending AppendRequest{term=3, leader=2, prevLogIndex=106, prevLogTerm=3, entries=0, commitIndex=106} to 3
22:46:07.020 [raft-server-3] TRACE i.a.p.raft.roles.FollowerRole - RaftServer{3}{role=FOLLOWER} - Received AppendRequest{term=3, leader=2, prevLogIndex=106, prevLogTerm=3, entries=0, commitIndex=106}
22:46:07.020 [raft-server-2] TRACE i.a.p.raft.roles.LeaderAppender - RaftServer{2} - Received AppendResponse{status=OK, term=3, succeeded=true, lastLogIndex=106} from 1
22:46:07.020 [raft-server-2] TRACE i.a.p.raft.roles.LeaderAppender - RaftServer{2} - Sending AppendRequest{term=3, leader=2, prevLogIndex=106, prevLogTerm=3, entries=0, commitIndex=106} to 1
22:46:07.021 [raft-server-1] TRACE i.a.p.raft.roles.FollowerRole - RaftServer{1}{role=FOLLOWER} - Received AppendRequest{term=3, leader=2, prevLogIndex=106, prevLogTerm=3, entries=0, commitIndex=106}
22:46:07.021 [raft-server-2-state] TRACE i.a.p.raft.impl.RaftServiceManager - RaftServer{2} - Applying Indexed{index=106, entry=CommandEntry{term=3, timestamp=2018-06-07 10:46:06,938, session=2, sequence=81, operation=PrimitiveOperation{id=DefaultOperationId{id=write, type=COMMAND}, value=byte[]{length=17, hash=-1644578928}}}}
22:46:07.021 [raft-server-2-state] TRACE i.a.p.s.impl.DefaultServiceExecutor - PrimitiveService{2}{type=io.atomix.protocols.raft.RaftTest$TestPrimitiveType@2fa5f551, name=raft-test} - Executing DefaultCommit{index=106, session=RaftSession{RaftServiceContext{server=2, type=io.atomix.protocols.raft.RaftTest$TestPrimitiveType@2fa5f551, name=raft-test, id=2}, session=2, timestamp=2018-06-07 10:46:06,938}, time=2018-06-07 10:46:06,938, operation=DefaultOperationId{id=write, type=COMMAND}, value=byte[]{length=17, hash=-1644578928}}
22:46:07.021 [raft-server-2-state] TRACE i.a.protocols.raft.roles.LeaderRole - RaftServer{2}{role=LEADER} - Sending CommandResponse{status=OK, index=106, eventIndex=2, result=byte[]{length=3, hash=37077}}
22:46:07.052 [raft-server-3] TRACE i.a.p.raft.roles.FollowerRole - RaftServer{3}{role=FOLLOWER} - Committed entries up to index 106
22:46:07.052 [raft-server-3] TRACE i.a.p.raft.roles.FollowerRole - RaftServer{3}{role=FOLLOWER} - Sending AppendResponse{status=OK, term=3, succeeded=true, lastLogIndex=106}
22:46:07.052 [raft-server-2] TRACE i.a.p.raft.roles.LeaderAppender - RaftServer{2} - Received AppendResponse{status=OK, term=3, succeeded=true, lastLogIndex=106} from 3
22:46:07.052 [raft-server-3-state] TRACE i.a.p.raft.impl.RaftServiceManager - RaftServer{3} - Applying Indexed{index=106, entry=CommandEntry{term=3, timestamp=2018-06-07 10:46:06,938, session=2, sequence=81, operation=PrimitiveOperation{id=DefaultOperationId{id=write, type=COMMAND}, value=byte[]{length=17, hash=-1644578928}}}}
22:46:07.052 [raft-server-3-state] TRACE i.a.p.s.impl.DefaultServiceExecutor - PrimitiveService{2}{type=io.atomix.protocols.raft.RaftTest$TestPrimitiveType@12cd62fc, name=raft-test} - Executing DefaultCommit{index=106, session=RaftSession{RaftServiceContext{server=3, type=io.atomix.protocols.raft.RaftTest$TestPrimitiveType@12cd62fc, name=raft-test, id=2}, session=2, timestamp=2018-06-07 10:46:06,938}, time=2018-06-07 10:46:06,938, operation=DefaultOperationId{id=write, type=COMMAND}, value=byte[]{length=17, hash=-1644578928}}
22:46:07.196 [raft-server-2] TRACE i.a.p.raft.roles.LeaderAppender - RaftServer{2} - Sending AppendRequest{term=3, leader=2, prevLogIndex=106, prevLogTerm=3, entries=0, commitIndex=106} to 3
22:46:07.196 [raft-server-3] TRACE i.a.p.raft.roles.FollowerRole - RaftServer{3}{role=FOLLOWER} - Received AppendRequest{term=3, leader=2, prevLogIndex=106, prevLogTerm=3, entries=0, commitIndex=106}
22:46:07.196 [raft-server-3] TRACE i.a.p.raft.roles.FollowerRole - RaftServer{3}{role=FOLLOWER} - Sending AppendResponse{status=OK, term=3, succeeded=true, lastLogIndex=106}
22:46:07.197 [raft-server-2] TRACE i.a.p.raft.roles.LeaderAppender - RaftServer{2} - Received AppendResponse{status=OK, term=3, succeeded=true, lastLogIndex=106} from 3
22:46:07.197 [raft-server-2] TRACE i.a.p.raft.roles.LeaderAppender - RaftServer{2} - Sending AppendRequest{term=3, leader=2, prevLogIndex=106, prevLogTerm=3, entries=0, commitIndex=106} to 3
22:46:07.197 [raft-server-3] TRACE i.a.p.raft.roles.FollowerRole - RaftServer{3}{role=FOLLOWER} - Received AppendRequest{term=3, leader=2, prevLogIndex=106, prevLogTerm=3, entries=0, commitIndex=106}
22:46:07.197 [raft-server-3] TRACE i.a.p.raft.roles.FollowerRole - RaftServer{3}{role=FOLLOWER} - Sending AppendResponse{status=OK, term=3, succeeded=true, lastLogIndex=106}
22:46:07.197 [raft-server-2] TRACE i.a.p.raft.roles.LeaderAppender - RaftServer{2} - Received AppendResponse{status=OK, term=3, succeeded=true, lastLogIndex=106} from 3
22:46:07.220 [raft-server-1] TRACE i.a.p.raft.roles.FollowerRole - RaftServer{1}{role=FOLLOWER} - Committed entries up to index 106
22:46:07.220 [raft-server-1] TRACE i.a.p.raft.roles.FollowerRole - RaftServer{1}{role=FOLLOWER} - Sending AppendResponse{status=OK, term=3, succeeded=true, lastLogIndex=106}
22:46:07.220 [raft-server-1] TRACE i.a.p.raft.roles.FollowerRole - RaftServer{1}{role=FOLLOWER} - Sending CommandResponse{status=OK, index=106, eventIndex=2, result=byte[]{length=3, hash=37077}}
22:46:07.220 [raft-server-2] TRACE i.a.p.raft.roles.LeaderAppender - RaftServer{2} - Received AppendResponse{status=OK, term=3, succeeded=true, lastLogIndex=106} from 1
22:46:07.220 [raft-client-4d6eb0c5-808f-4bee-91ae-78c435ccd24a-3] TRACE i.a.p.r.p.impl.RaftProxyConnection - PartitionProxy{2}{type=io.atomix.protocols.raft.RaftTest$TestPrimitiveType@35bfa1bb, name=raft-test} - Received CommandResponse{status=OK, index=106, eventIndex=2, result=byte[]{length=3, hash=37077}} from 1
22:46:07.220 [raft-client-4d6eb0c5-808f-4bee-91ae-78c435ccd24a-3] TRACE i.a.p.r.p.impl.RaftProxySequencer - PartitionProxy{2}{type=io.atomix.protocols.raft.RaftTest$TestPrimitiveType@35bfa1bb, name=raft-test} - Completing response CommandResponse{status=OK, index=106, eventIndex=2, result=byte[]{length=3, hash=37077}}
22:46:07.220 [raft-server-1-state] TRACE i.a.p.raft.impl.RaftServiceManager - RaftServer{1} - Applying Indexed{index=106, entry=CommandEntry{term=3, timestamp=2018-06-07 10:46:06,938, session=2, sequence=81, operation=PrimitiveOperation{id=DefaultOperationId{id=write, type=COMMAND}, value=byte[]{length=17, hash=-1644578928}}}}
22:46:07.221 [raft-server-1-state] TRACE i.a.p.s.impl.DefaultServiceExecutor - PrimitiveService{2}{type=io.atomix.protocols.raft.RaftTest$TestPrimitiveType@54705ce8, name=raft-test} - Executing DefaultCommit{index=106, session=RaftSession{RaftServiceContext{server=1, type=io.atomix.protocols.raft.RaftTest$TestPrimitiveType@54705ce8, name=raft-test, id=2}, session=2, timestamp=2018-06-07 10:46:06,938}, time=2018-06-07 10:46:06,938, operation=DefaultOperationId{id=write, type=COMMAND}, value=byte[]{length=17, hash=-1644578928}}
22:46:07.221 [raft-client-4d6eb0c5-808f-4bee-91ae-78c435ccd24a-3] TRACE i.a.p.r.p.impl.RaftProxyConnection - PartitionProxy{2}{type=io.atomix.protocols.raft.RaftTest$TestPrimitiveType@35bfa1bb, name=raft-test} - Sending CommandRequest{session=2, sequence=82, operation=PrimitiveOperation{id=DefaultOperationId{id=write, type=COMMAND}, value=byte[]{length=17, hash=-1644578928}}} to 1
22:46:07.221 [raft-server-1] TRACE i.a.p.raft.roles.FollowerRole - RaftServer{1}{role=FOLLOWER} - Received CommandRequest{session=2, sequence=82, operation=PrimitiveOperation{id=DefaultOperationId{id=write, type=COMMAND}, value=byte[]{length=17, hash=-1644578928}}}
22:46:07.221 [raft-server-2] TRACE i.a.protocols.raft.roles.LeaderRole - RaftServer{2}{role=LEADER} - Received CommandRequest{session=2, sequence=82, operation=PrimitiveOperation{id=DefaultOperationId{id=write, type=COMMAND}, value=byte[]{length=17, hash=-1644578928}}}
22:46:07.221 [raft-server-2] TRACE i.a.protocols.raft.roles.LeaderRole - RaftServer{2}{role=LEADER} - Appended Indexed{index=107, entry=CommandEntry{term=3, timestamp=2018-06-07 10:46:07,221, session=2, sequence=82, operation=PrimitiveOperation{id=DefaultOperationId{id=write, type=COMMAND}, value=byte[]{length=17, hash=-1644578928}}}}
22:46:07.221 [raft-server-2] TRACE i.a.p.raft.roles.LeaderAppender - RaftServer{2} - Sending AppendRequest{term=3, leader=2, prevLogIndex=106, prevLogTerm=3, entries=1, commitIndex=106} to 1
22:46:07.222 [raft-server-1] TRACE i.a.p.raft.roles.FollowerRole - RaftServer{1}{role=FOLLOWER} - Received AppendRequest{term=3, leader=2, prevLogIndex=106, prevLogTerm=3, entries=1, commitIndex=106}
22:46:07.222 [raft-server-2] TRACE i.a.p.raft.roles.LeaderAppender - RaftServer{2} - Sending AppendRequest{term=3, leader=2, prevLogIndex=106, prevLogTerm=3, entries=1, commitIndex=106} to 3
22:46:07.222 [raft-server-3] TRACE i.a.p.raft.roles.FollowerRole - RaftServer{3}{role=FOLLOWER} - Received AppendRequest{term=3, leader=2, prevLogIndex=106, prevLogTerm=3, entries=1, commitIndex=106}
22:46:07.222 [raft-server-1] TRACE i.a.p.raft.roles.FollowerRole - RaftServer{1}{role=FOLLOWER} - Appended Indexed{index=107, entry=CommandEntry{term=3, timestamp=2018-06-07 10:46:07,221, session=2, sequence=82, operation=PrimitiveOperation{id=DefaultOperationId{id=write, type=COMMAND}, value=byte[]{length=17, hash=-1644578928}}}}
22:46:07.222 [raft-server-1] TRACE i.a.p.raft.roles.FollowerRole - RaftServer{1}{role=FOLLOWER} - Sending AppendResponse{status=OK, term=3, succeeded=true, lastLogIndex=107}
22:46:07.222 [raft-server-2] TRACE i.a.p.raft.roles.LeaderAppender - RaftServer{2} - Received AppendResponse{status=OK, term=3, succeeded=true, lastLogIndex=107} from 1
22:46:07.222 [raft-server-3] TRACE i.a.p.raft.roles.FollowerRole - RaftServer{3}{role=FOLLOWER} - Appended Indexed{index=107, entry=CommandEntry{term=3, timestamp=2018-06-07 10:46:07,221, session=2, sequence=82, operation=PrimitiveOperation{id=DefaultOperationId{id=write, type=COMMAND}, value=byte[]{length=17, hash=-1644578928}}}}
22:46:07.222 [raft-server-2] TRACE i.a.p.raft.roles.LeaderAppender - RaftServer{2} - Committed entries up to 107
22:46:07.222 [raft-server-3] TRACE i.a.p.raft.roles.FollowerRole - RaftServer{3}{role=FOLLOWER} - Sending AppendResponse{status=OK, term=3, succeeded=true, lastLogIndex=107}
22:46:07.245 [raft-server-2] TRACE i.a.p.raft.roles.LeaderAppender - RaftServer{2} - Received AppendResponse{status=OK, term=3, succeeded=true, lastLogIndex=107} from 3
22:46:07.245 [raft-server-2-state] TRACE i.a.p.raft.impl.RaftServiceManager - RaftServer{2} - Applying Indexed{index=107, entry=CommandEntry{term=3, timestamp=2018-06-07 10:46:07,221, session=2, sequence=82, operation=PrimitiveOperation{id=DefaultOperationId{id=write, type=COMMAND}, value=byte[]{length=17, hash=-1644578928}}}}
22:46:07.245 [raft-server-2-state] TRACE i.a.p.s.impl.DefaultServiceExecutor - PrimitiveService{2}{type=io.atomix.protocols.raft.RaftTest$TestPrimitiveType@2fa5f551, name=raft-test} - Executing DefaultCommit{index=107, session=RaftSession{RaftServiceContext{server=2, type=io.atomix.protocols.raft.RaftTest$TestPrimitiveType@2fa5f551, name=raft-test, id=2}, session=2, timestamp=2018-06-07 10:46:07,221}, time=2018-06-07 10:46:07,221, operation=DefaultOperationId{id=write, type=COMMAND}, value=byte[]{length=17, hash=-1644578928}}
22:46:07.246 [raft-server-2-state] TRACE i.a.protocols.raft.roles.LeaderRole - RaftServer{2}{role=LEADER} - Sending CommandResponse{status=OK, index=107, eventIndex=2, result=byte[]{length=3, hash=37139}}
22:46:07.246 [raft-server-1] TRACE i.a.p.raft.roles.FollowerRole - RaftServer{1}{role=FOLLOWER} - Sending CommandResponse{status=OK, index=107, eventIndex=2, result=byte[]{length=3, hash=37139}}
22:46:07.246 [raft-client-4d6eb0c5-808f-4bee-91ae-78c435ccd24a-2] TRACE i.a.p.r.p.impl.RaftProxyConnection - PartitionProxy{2}{type=io.atomix.protocols.raft.RaftTest$TestPrimitiveType@35bfa1bb, name=raft-test} - Received CommandResponse{status=OK, index=107, eventIndex=2, result=byte[]{length=3, hash=37139}} from 1
22:46:07.246 [raft-client-4d6eb0c5-808f-4bee-91ae-78c435ccd24a-2] TRACE i.a.p.r.p.impl.RaftProxySequencer - PartitionProxy{2}{type=io.atomix.protocols.raft.RaftTest$TestPrimitiveType@35bfa1bb, name=raft-test} - Completing response CommandResponse{status=OK, index=107, eventIndex=2, result=byte[]{length=3, hash=37139}}
22:46:07.246 [raft-client-4d6eb0c5-808f-4bee-91ae-78c435ccd24a-2] TRACE i.a.p.r.p.impl.RaftProxyConnection - PartitionProxy{2}{type=io.atomix.protocols.raft.RaftTest$TestPrimitiveType@35bfa1bb, name=raft-test} - Sending CommandRequest{session=2, sequence=83, operation=PrimitiveOperation{id=DefaultOperationId{id=write, type=COMMAND}, value=byte[]{length=17, hash=-1644578928}}} to 1
22:46:07.246 [raft-server-1] TRACE i.a.p.raft.roles.FollowerRole - RaftServer{1}{role=FOLLOWER} - Received CommandRequest{session=2, sequence=83, operation=PrimitiveOperation{id=DefaultOperationId{id=write, type=COMMAND}, value=byte[]{length=17, hash=-1644578928}}}
22:46:07.246 [raft-server-2] TRACE i.a.protocols.raft.roles.LeaderRole - RaftServer{2}{role=LEADER} - Received CommandRequest{session=2, sequence=83, operation=PrimitiveOperation{id=DefaultOperationId{id=write, type=COMMAND}, value=byte[]{length=17, hash=-1644578928}}}
22:46:07.247 [raft-server-2] TRACE i.a.protocols.raft.roles.LeaderRole - RaftServer{2}{role=LEADER} - Appended Indexed{index=108, entry=CommandEntry{term=3, timestamp=2018-06-07 10:46:07,246, session=2, sequence=83, operation=PrimitiveOperation{id=DefaultOperationId{id=write, type=COMMAND}, value=byte[]{length=17, hash=-1644578928}}}}
22:46:07.247 [raft-server-2] TRACE i.a.p.raft.roles.LeaderAppender - RaftServer{2} - Sending AppendRequest{term=3, leader=2, prevLogIndex=107, prevLogTerm=3, entries=1, commitIndex=107} to 1
22:46:07.247 [raft-server-1] TRACE i.a.p.raft.roles.FollowerRole - RaftServer{1}{role=FOLLOWER} - Received AppendRequest{term=3, leader=2, prevLogIndex=107, prevLogTerm=3, entries=1, commitIndex=107}
22:46:07.247 [raft-server-2] TRACE i.a.p.raft.roles.LeaderAppender - RaftServer{2} - Sending AppendRequest{term=3, leader=2, prevLogIndex=107, prevLogTerm=3, entries=1, commitIndex=107} to 3
22:46:07.247 [raft-server-3] TRACE i.a.p.raft.roles.FollowerRole - RaftServer{3}{role=FOLLOWER} - Received AppendRequest{term=3, leader=2, prevLogIndex=107, prevLogTerm=3, entries=1, commitIndex=107}
22:46:07.247 [raft-server-1] TRACE i.a.p.raft.roles.FollowerRole - RaftServer{1}{role=FOLLOWER} - Appended Indexed{index=108, entry=CommandEntry{term=3, timestamp=2018-06-07 10:46:07,246, session=2, sequence=83, operation=PrimitiveOperation{id=DefaultOperationId{id=write, type=COMMAND}, value=byte[]{length=17, hash=-1644578928}}}}
22:46:07.247 [raft-server-3] TRACE i.a.p.raft.roles.FollowerRole - RaftServer{3}{role=FOLLOWER} - Appended Indexed{index=108, entry=CommandEntry{term=3, timestamp=2018-06-07 10:46:07,246, session=2, sequence=83, operation=PrimitiveOperation{id=DefaultOperationId{id=write, type=COMMAND}, value=byte[]{length=17, hash=-1644578928}}}}
22:46:07.278 [raft-server-1] TRACE i.a.p.raft.roles.FollowerRole - RaftServer{1}{role=FOLLOWER} - Committed entries up to index 107
22:46:07.278 [raft-server-3] TRACE i.a.p.raft.roles.FollowerRole - RaftServer{3}{role=FOLLOWER} - Committed entries up to index 107
22:46:07.278 [raft-server-1] TRACE i.a.p.raft.roles.FollowerRole - RaftServer{1}{role=FOLLOWER} - Sending AppendResponse{status=OK, term=3, succeeded=true, lastLogIndex=108}
22:46:07.278 [raft-server-3] TRACE i.a.p.raft.roles.FollowerRole - RaftServer{3}{role=FOLLOWER} - Sending AppendResponse{status=OK, term=3, succeeded=true, lastLogIndex=108}
22:46:07.278 [raft-server-2] TRACE i.a.p.raft.roles.LeaderAppender - RaftServer{2} - Received AppendResponse{status=OK, term=3, succeeded=true, lastLogIndex=108} from 1
22:46:07.278 [raft-server-2] TRACE i.a.p.raft.roles.LeaderAppender - RaftServer{2} - Committed entries up to 108
22:46:07.278 [raft-server-1-state] TRACE i.a.p.raft.impl.RaftServiceManager - RaftServer{1} - Applying Indexed{index=107, entry=CommandEntry{term=3, timestamp=2018-06-07 10:46:07,221, session=2, sequence=82, operation=PrimitiveOperation{id=DefaultOperationId{id=write, type=COMMAND}, value=byte[]{length=17, hash=-1644578928}}}}
22:46:07.278 [raft-server-3-state] TRACE i.a.p.raft.impl.RaftServiceManager - RaftServer{3} - Applying Indexed{index=107, entry=CommandEntry{term=3, timestamp=2018-06-07 10:46:07,221, session=2, sequence=82, operation=PrimitiveOperation{id=DefaultOperationId{id=write, type=COMMAND}, value=byte[]{length=17, hash=-1644578928}}}}
22:46:07.279 [raft-server-1-state] TRACE i.a.p.s.impl.DefaultServiceExecutor - PrimitiveService{2}{type=io.atomix.protocols.raft.RaftTest$TestPrimitiveType@54705ce8, name=raft-test} - Executing DefaultCommit{index=107, session=RaftSession{RaftServiceContext{server=1, type=io.atomix.protocols.raft.RaftTest$TestPrimitiveType@54705ce8, name=raft-test, id=2}, session=2, timestamp=2018-06-07 10:46:07,221}, time=2018-06-07 10:46:07,221, operation=DefaultOperationId{id=write, type=COMMAND}, value=byte[]{length=17, hash=-1644578928}}
22:46:07.279 [raft-server-3-state] TRACE i.a.p.s.impl.DefaultServiceExecutor - PrimitiveService{2}{type=io.atomix.protocols.raft.RaftTest$TestPrimitiveType@12cd62fc, name=raft-test} - Executing DefaultCommit{index=107, session=RaftSession{RaftServiceContext{server=3, type=io.atomix.protocols.raft.RaftTest$TestPrimitiveType@12cd62fc, name=raft-test, id=2}, session=2, timestamp=2018-06-07 10:46:07,221}, time=2018-06-07 10:46:07,221, operation=DefaultOperationId{id=write, type=COMMAND}, value=byte[]{length=17, hash=-1644578928}}
22:46:07.303 [raft-server-2] TRACE i.a.p.raft.roles.LeaderAppender - RaftServer{2} - Received AppendResponse{status=OK, term=3, succeeded=true, lastLogIndex=108} from 3
22:46:07.303 [raft-server-2-state] TRACE i.a.p.raft.impl.RaftServiceManager - RaftServer{2} - Applying Indexed{index=108, entry=CommandEntry{term=3, timestamp=2018-06-07 10:46:07,246, session=2, sequence=83, operation=PrimitiveOperation{id=DefaultOperationId{id=write, type=COMMAND}, value=byte[]{length=17, hash=-1644578928}}}}
22:46:07.304 [raft-server-2-state] TRACE i.a.p.s.impl.DefaultServiceExecutor - PrimitiveService{2}{type=io.atomix.protocols.raft.RaftTest$TestPrimitiveType@2fa5f551, name=raft-test} - Executing DefaultCommit{index=108, session=RaftSession{RaftServiceContext{server=2, type=io.atomix.protocols.raft.RaftTest$TestPrimitiveType@2fa5f551, name=raft-test, id=2}, session=2, timestamp=2018-06-07 10:46:07,246}, time=2018-06-07 10:46:07,246, operation=DefaultOperationId{id=write, type=COMMAND}, value=byte[]{length=17, hash=-1644578928}}
22:46:07.304 [raft-server-2-state] TRACE i.a.protocols.raft.roles.LeaderRole - RaftServer{2}{role=LEADER} - Sending CommandResponse{status=OK, index=108, eventIndex=2, result=byte[]{length=3, hash=37201}}
22:46:07.304 [raft-server-1] TRACE i.a.p.raft.roles.FollowerRole - RaftServer{1}{role=FOLLOWER} - Sending CommandResponse{status=OK, index=108, eventIndex=2, result=byte[]{length=3, hash=37201}}
22:46:07.304 [raft-client-4d6eb0c5-808f-4bee-91ae-78c435ccd24a-0] TRACE i.a.p.r.p.impl.RaftProxyConnection - PartitionProxy{2}{type=io.atomix.protocols.raft.RaftTest$TestPrimitiveType@35bfa1bb, name=raft-test} - Received CommandResponse{status=OK, index=108, eventIndex=2, result=byte[]{length=3, hash=37201}} from 1
22:46:07.304 [raft-client-4d6eb0c5-808f-4bee-91ae-78c435ccd24a-0] TRACE i.a.p.r.p.impl.RaftProxySequencer - PartitionProxy{2}{type=io.atomix.protocols.raft.RaftTest$TestPrimitiveType@35bfa1bb, name=raft-test} - Completing response CommandResponse{status=OK, index=108, eventIndex=2, result=byte[]{length=3, hash=37201}}
22:46:07.304 [raft-client-4d6eb0c5-808f-4bee-91ae-78c435ccd24a-3] TRACE i.a.p.r.p.impl.RaftProxyConnection - PartitionProxy{2}{type=io.atomix.protocols.raft.RaftTest$TestPrimitiveType@35bfa1bb, name=raft-test} - Sending CommandRequest{session=2, sequence=84, operation=PrimitiveOperation{id=DefaultOperationId{id=write, type=COMMAND}, value=byte[]{length=17, hash=-1644578928}}} to 1
22:46:07.305 [raft-server-1] TRACE i.a.p.raft.roles.FollowerRole - RaftServer{1}{role=FOLLOWER} - Received CommandRequest{session=2, sequence=84, operation=PrimitiveOperation{id=DefaultOperationId{id=write, type=COMMAND}, value=byte[]{length=17, hash=-1644578928}}}
22:46:07.305 [raft-server-2] TRACE i.a.protocols.raft.roles.LeaderRole - RaftServer{2}{role=LEADER} - Received CommandRequest{session=2, sequence=84, operation=PrimitiveOperation{id=DefaultOperationId{id=write, type=COMMAND}, value=byte[]{length=17, hash=-1644578928}}}
22:46:07.305 [raft-server-2] TRACE i.a.protocols.raft.roles.LeaderRole - RaftServer{2}{role=LEADER} - Appended Indexed{index=109, entry=CommandEntry{term=3, timestamp=2018-06-07 10:46:07,305, session=2, sequence=84, operation=PrimitiveOperation{id=DefaultOperationId{id=write, type=COMMAND}, value=byte[]{length=17, hash=-1644578928}}}}
22:46:07.305 [raft-server-2] TRACE i.a.p.raft.roles.LeaderAppender - RaftServer{2} - Sending AppendRequest{term=3, leader=2, prevLogIndex=108, prevLogTerm=3, entries=1, commitIndex=108} to 1
22:46:07.305 [raft-server-1] TRACE i.a.p.raft.roles.FollowerRole - RaftServer{1}{role=FOLLOWER} - Received AppendRequest{term=3, leader=2, prevLogIndex=108, prevLogTerm=3, entries=1, commitIndex=108}
22:46:07.305 [raft-server-2] TRACE i.a.p.raft.roles.LeaderAppender - RaftServer{2} - Sending AppendRequest{term=3, leader=2, prevLogIndex=108, prevLogTerm=3, entries=1, commitIndex=108} to 3
22:46:07.305 [raft-server-3] TRACE i.a.p.raft.roles.FollowerRole - RaftServer{3}{role=FOLLOWER} - Received AppendRequest{term=3, leader=2, prevLogIndex=108, prevLogTerm=3, entries=1, commitIndex=108}
22:46:07.305 [raft-server-1] TRACE i.a.p.raft.roles.FollowerRole - RaftServer{1}{role=FOLLOWER} - Appended Indexed{index=109, entry=CommandEntry{term=3, timestamp=2018-06-07 10:46:07,305, session=2, sequence=84, operation=PrimitiveOperation{id=DefaultOperationId{id=write, type=COMMAND}, value=byte[]{length=17, hash=-1644578928}}}}
22:46:07.305 [raft-server-3] TRACE i.a.p.raft.roles.FollowerRole - RaftServer{3}{role=FOLLOWER} - Appended Indexed{index=109, entry=CommandEntry{term=3, timestamp=2018-06-07 10:46:07,305, session=2, sequence=84, operation=PrimitiveOperation{id=DefaultOperationId{id=write, type=COMMAND}, value=byte[]{length=17, hash=-1644578928}}}}
22:46:07.328 [raft-server-1] TRACE i.a.p.raft.roles.FollowerRole - RaftServer{1}{role=FOLLOWER} - Committed entries up to index 108
22:46:07.328 [raft-server-3] TRACE i.a.p.raft.roles.FollowerRole - RaftServer{3}{role=FOLLOWER} - Committed entries up to index 108
22:46:07.328 [raft-server-1] TRACE i.a.p.raft.roles.FollowerRole - RaftServer{1}{role=FOLLOWER} - Sending AppendResponse{status=OK, term=3, succeeded=true, lastLogIndex=109}
22:46:07.328 [raft-server-3] TRACE i.a.p.raft.roles.FollowerRole - RaftServer{3}{role=FOLLOWER} - Sending AppendResponse{status=OK, term=3, succeeded=true, lastLogIndex=109}
22:46:07.328 [raft-server-2] TRACE i.a.p.raft.roles.LeaderAppender - RaftServer{2} - Received AppendResponse{status=OK, term=3, succeeded=true, lastLogIndex=109} from 1
22:46:07.328 [raft-server-2] TRACE i.a.p.raft.roles.LeaderAppender - RaftServer{2} - Committed entries up to 109
22:46:07.328 [raft-server-1-state] TRACE i.a.p.raft.impl.RaftServiceManager - RaftServer{1} - Applying Indexed{index=108, entry=CommandEntry{term=3, timestamp=2018-06-07 10:46:07,246, session=2, sequence=83, operation=PrimitiveOperation{id=DefaultOperationId{id=write, type=COMMAND}, value=byte[]{length=17, hash=-1644578928}}}}
22:46:07.328 [raft-server-3-state] TRACE i.a.p.raft.impl.RaftServiceManager - RaftServer{3} - Applying Indexed{index=108, entry=CommandEntry{term=3, timestamp=2018-06-07 10:46:07,246, session=2, sequence=83, operation=PrimitiveOperation{id=DefaultOperationId{id=write, type=COMMAND}, value=byte[]{length=17, hash=-1644578928}}}}
22:46:07.329 [raft-server-1-state] TRACE i.a.p.s.impl.DefaultServiceExecutor - PrimitiveService{2}{type=io.atomix.protocols.raft.RaftTest$TestPrimitiveType@54705ce8, name=raft-test} - Executing DefaultCommit{index=108, session=RaftSession{RaftServiceContext{server=1, type=io.atomix.protocols.raft.RaftTest$TestPrimitiveType@54705ce8, name=raft-test, id=2}, session=2, timestamp=2018-06-07 10:46:07,246}, time=2018-06-07 10:46:07,246, operation=DefaultOperationId{id=write, type=COMMAND}, value=byte[]{length=17, hash=-1644578928}}
22:46:07.329 [raft-server-3-state] TRACE i.a.p.s.impl.DefaultServiceExecutor - PrimitiveService{2}{type=io.atomix.protocols.raft.RaftTest$TestPrimitiveType@12cd62fc, name=raft-test} - Executing DefaultCommit{index=108, session=RaftSession{RaftServiceContext{server=3, type=io.atomix.protocols.raft.RaftTest$TestPrimitiveType@12cd62fc, name=raft-test, id=2}, session=2, timestamp=2018-06-07 10:46:07,246}, time=2018-06-07 10:46:07,246, operation=DefaultOperationId{id=write, type=COMMAND}, value=byte[]{length=17, hash=-1644578928}}
22:46:07.353 [raft-server-2] TRACE i.a.p.raft.roles.LeaderAppender - RaftServer{2} - Received AppendResponse{status=OK, term=3, succeeded=true, lastLogIndex=109} from 3
22:46:07.353 [raft-server-2-state] TRACE i.a.p.raft.impl.RaftServiceManager - RaftServer{2} - Applying Indexed{index=109, entry=CommandEntry{term=3, timestamp=2018-06-07 10:46:07,305, session=2, sequence=84, operation=PrimitiveOperation{id=DefaultOperationId{id=write, type=COMMAND}, value=byte[]{length=17, hash=-1644578928}}}}
22:46:07.354 [raft-server-2-state] TRACE i.a.p.s.impl.DefaultServiceExecutor - PrimitiveService{2}{type=io.atomix.protocols.raft.RaftTest$TestPrimitiveType@2fa5f551, name=raft-test} - Executing DefaultCommit{index=109, session=RaftSession{RaftServiceContext{server=2, type=io.atomix.protocols.raft.RaftTest$TestPrimitiveType@2fa5f551, name=raft-test, id=2}, session=2, timestamp=2018-06-07 10:46:07,305}, time=2018-06-07 10:46:07,305, operation=DefaultOperationId{id=write, type=COMMAND}, value=byte[]{length=17, hash=-1644578928}}
22:46:07.354 [raft-server-2-state] TRACE i.a.protocols.raft.roles.LeaderRole - RaftServer{2}{role=LEADER} - Sending CommandResponse{status=OK, index=109, eventIndex=2, result=byte[]{length=3, hash=37263}}
22:46:07.354 [raft-server-1] TRACE i.a.p.raft.roles.FollowerRole - RaftServer{1}{role=FOLLOWER} - Sending CommandResponse{status=OK, index=109, eventIndex=2, result=byte[]{length=3, hash=37263}}
22:46:07.354 [raft-client-4d6eb0c5-808f-4bee-91ae-78c435ccd24a-6] TRACE i.a.p.r.p.impl.RaftProxyConnection - PartitionProxy{2}{type=io.atomix.protocols.raft.RaftTest$TestPrimitiveType@35bfa1bb, name=raft-test} - Received CommandResponse{status=OK, index=109, eventIndex=2, result=byte[]{length=3, hash=37263}} from 1
22:46:07.354 [raft-client-4d6eb0c5-808f-4bee-91ae-78c435ccd24a-6] TRACE i.a.p.r.p.impl.RaftProxySequencer - PartitionProxy{2}{type=io.atomix.protocols.raft.RaftTest$TestPrimitiveType@35bfa1bb, name=raft-test} - Completing response CommandResponse{status=OK, index=109, eventIndex=2, result=byte[]{length=3, hash=37263}}
22:46:07.355 [raft-client-4d6eb0c5-808f-4bee-91ae-78c435ccd24a-5] TRACE i.a.p.r.p.impl.RaftProxyConnection - PartitionProxy{2}{type=io.atomix.protocols.raft.RaftTest$TestPrimitiveType@35bfa1bb, name=raft-test} - Sending CommandRequest{session=2, sequence=85, operation=PrimitiveOperation{id=DefaultOperationId{id=write, type=COMMAND}, value=byte[]{length=17, hash=-1644578928}}} to 1
22:46:07.355 [raft-server-1] TRACE i.a.p.raft.roles.FollowerRole - RaftServer{1}{role=FOLLOWER} - Received CommandRequest{session=2, sequence=85, operation=PrimitiveOperation{id=DefaultOperationId{id=write, type=COMMAND}, value=byte[]{length=17, hash=-1644578928}}}
22:46:07.355 [raft-server-2] TRACE i.a.protocols.raft.roles.LeaderRole - RaftServer{2}{role=LEADER} - Received CommandRequest{session=2, sequence=85, operation=PrimitiveOperation{id=DefaultOperationId{id=write, type=COMMAND}, value=byte[]{length=17, hash=-1644578928}}}
22:46:07.355 [raft-server-2] TRACE i.a.protocols.raft.roles.LeaderRole - RaftServer{2}{role=LEADER} - Appended Indexed{index=110, entry=CommandEntry{term=3, timestamp=2018-06-07 10:46:07,355, session=2, sequence=85, operation=PrimitiveOperation{id=DefaultOperationId{id=write, type=COMMAND}, value=byte[]{length=17, hash=-1644578928}}}}
22:46:07.355 [raft-server-2] TRACE i.a.p.raft.roles.LeaderAppender - RaftServer{2} - Sending AppendRequest{term=3, leader=2, prevLogIndex=109, prevLogTerm=3, entries=1, commitIndex=109} to 1
22:46:07.355 [raft-server-1] TRACE i.a.p.raft.roles.FollowerRole - RaftServer{1}{role=FOLLOWER} - Received AppendRequest{term=3, leader=2, prevLogIndex=109, prevLogTerm=3, entries=1, commitIndex=109}
22:46:07.355 [raft-server-2] TRACE i.a.p.raft.roles.LeaderAppender - RaftServer{2} - Sending AppendRequest{term=3, leader=2, prevLogIndex=109, prevLogTerm=3, entries=1, commitIndex=109} to 3
22:46:07.355 [raft-server-3] TRACE i.a.p.raft.roles.FollowerRole - RaftServer{3}{role=FOLLOWER} - Received AppendRequest{term=3, leader=2, prevLogIndex=109, prevLogTerm=3, entries=1, commitIndex=109}
22:46:07.355 [raft-server-1] TRACE i.a.p.raft.roles.FollowerRole - RaftServer{1}{role=FOLLOWER} - Appended Indexed{index=110, entry=CommandEntry{term=3, timestamp=2018-06-07 10:46:07,355, session=2, sequence=85, operation=PrimitiveOperation{id=DefaultOperationId{id=write, type=COMMAND}, value=byte[]{length=17, hash=-1644578928}}}}
22:46:07.355 [raft-server-3] TRACE i.a.p.raft.roles.FollowerRole - RaftServer{3}{role=FOLLOWER} - Appended Indexed{index=110, entry=CommandEntry{term=3, timestamp=2018-06-07 10:46:07,355, session=2, sequence=85, operation=PrimitiveOperation{id=DefaultOperationId{id=write, type=COMMAND}, value=byte[]{length=17, hash=-1644578928}}}}
22:46:07.378 [raft-server-3] TRACE i.a.p.raft.roles.FollowerRole - RaftServer{3}{role=FOLLOWER} - Committed entries up to index 109
22:46:07.378 [raft-server-1] TRACE i.a.p.raft.roles.FollowerRole - RaftServer{1}{role=FOLLOWER} - Committed entries up to index 109
22:46:07.378 [raft-server-3] TRACE i.a.p.raft.roles.FollowerRole - RaftServer{3}{role=FOLLOWER} - Sending AppendResponse{status=OK, term=3, succeeded=true, lastLogIndex=110}
22:46:07.378 [raft-server-1] TRACE i.a.p.raft.roles.FollowerRole - RaftServer{1}{role=FOLLOWER} - Sending AppendResponse{status=OK, term=3, succeeded=true, lastLogIndex=110}
22:46:07.379 [raft-server-2] TRACE i.a.p.raft.roles.LeaderAppender - RaftServer{2} - Received AppendResponse{status=OK, term=3, succeeded=true, lastLogIndex=110} from 3
22:46:07.379 [raft-server-1-state] TRACE i.a.p.raft.impl.RaftServiceManager - RaftServer{1} - Applying Indexed{index=109, entry=CommandEntry{term=3, timestamp=2018-06-07 10:46:07,305, session=2, sequence=84, operation=PrimitiveOperation{id=DefaultOperationId{id=write, type=COMMAND}, value=byte[]{length=17, hash=-1644578928}}}}
22:46:07.379 [raft-server-3-state] TRACE i.a.p.raft.impl.RaftServiceManager - RaftServer{3} - Applying Indexed{index=109, entry=CommandEntry{term=3, timestamp=2018-06-07 10:46:07,305, session=2, sequence=84, operation=PrimitiveOperation{id=DefaultOperationId{id=write, type=COMMAND}, value=byte[]{length=17, hash=-1644578928}}}}
22:46:07.379 [raft-server-2] TRACE i.a.p.raft.roles.LeaderAppender - RaftServer{2} - Committed entries up to 110
22:46:07.379 [raft-server-1-state] TRACE i.a.p.s.impl.DefaultServiceExecutor - PrimitiveService{2}{type=io.atomix.protocols.raft.RaftTest$TestPrimitiveType@54705ce8, name=raft-test} - Executing DefaultCommit{index=109, session=RaftSession{RaftServiceContext{server=1, type=io.atomix.protocols.raft.RaftTest$TestPrimitiveType@54705ce8, name=raft-test, id=2}, session=2, timestamp=2018-06-07 10:46:07,305}, time=2018-06-07 10:46:07,305, operation=DefaultOperationId{id=write, type=COMMAND}, value=byte[]{length=17, hash=-1644578928}}
22:46:07.379 [raft-server-3-state] TRACE i.a.p.s.impl.DefaultServiceExecutor - PrimitiveService{2}{type=io.atomix.protocols.raft.RaftTest$TestPrimitiveType@12cd62fc, name=raft-test} - Executing DefaultCommit{index=109, session=RaftSession{RaftServiceContext{server=3, type=io.atomix.protocols.raft.RaftTest$TestPrimitiveType@12cd62fc, name=raft-test, id=2}, session=2, timestamp=2018-06-07 10:46:07,305}, time=2018-06-07 10:46:07,305, operation=DefaultOperationId{id=write, type=COMMAND}, value=byte[]{length=17, hash=-1644578928}}
22:46:07.430 [raft-server-2] TRACE i.a.p.raft.roles.LeaderAppender - RaftServer{2} - Received AppendResponse{status=OK, term=3, succeeded=true, lastLogIndex=110} from 1
22:46:07.431 [raft-server-2-state] TRACE i.a.p.raft.impl.RaftServiceManager - RaftServer{2} - Applying Indexed{index=110, entry=CommandEntry{term=3, timestamp=2018-06-07 10:46:07,355, session=2, sequence=85, operation=PrimitiveOperation{id=DefaultOperationId{id=write, type=COMMAND}, value=byte[]{length=17, hash=-1644578928}}}}
22:46:07.431 [raft-server-2-state] TRACE i.a.p.s.impl.DefaultServiceExecutor - PrimitiveService{2}{type=io.atomix.protocols.raft.RaftTest$TestPrimitiveType@2fa5f551, name=raft-test} - Executing DefaultCommit{index=110, session=RaftSession{RaftServiceContext{server=2, type=io.atomix.protocols.raft.RaftTest$TestPrimitiveType@2fa5f551, name=raft-test, id=2}, session=2, timestamp=2018-06-07 10:46:07,355}, time=2018-06-07 10:46:07,355, operation=DefaultOperationId{id=write, type=COMMAND}, value=byte[]{length=17, hash=-1644578928}}
22:46:07.431 [raft-server-2-state] TRACE i.a.protocols.raft.roles.LeaderRole - RaftServer{2}{role=LEADER} - Sending CommandResponse{status=OK, index=110, eventIndex=2, result=byte[]{length=3, hash=37325}}
22:46:07.431 [raft-server-1] TRACE i.a.p.raft.roles.FollowerRole - RaftServer{1}{role=FOLLOWER} - Sending CommandResponse{status=OK, index=110, eventIndex=2, result=byte[]{length=3, hash=37325}}
22:46:07.431 [raft-client-4d6eb0c5-808f-4bee-91ae-78c435ccd24a-1] TRACE i.a.p.r.p.impl.RaftProxyConnection - PartitionProxy{2}{type=io.atomix.protocols.raft.RaftTest$TestPrimitiveType@35bfa1bb, name=raft-test} - Received CommandResponse{status=OK, index=110, eventIndex=2, result=byte[]{length=3, hash=37325}} from 1
22:46:07.431 [raft-client-4d6eb0c5-808f-4bee-91ae-78c435ccd24a-1] TRACE i.a.p.r.p.impl.RaftProxySequencer - PartitionProxy{2}{type=io.atomix.protocols.raft.RaftTest$TestPrimitiveType@35bfa1bb, name=raft-test} - Completing response CommandResponse{status=OK, index=110, eventIndex=2, result=byte[]{length=3, hash=37325}}
22:46:07.432 [raft-client-4d6eb0c5-808f-4bee-91ae-78c435ccd24a-1] TRACE i.a.p.r.p.impl.RaftProxyConnection - PartitionProxy{2}{type=io.atomix.protocols.raft.RaftTest$TestPrimitiveType@35bfa1bb, name=raft-test} - Sending CommandRequest{session=2, sequence=86, operation=PrimitiveOperation{id=DefaultOperationId{id=write, type=COMMAND}, value=byte[]{length=17, hash=-1644578928}}} to 1
22:46:07.432 [raft-server-1] TRACE i.a.p.raft.roles.FollowerRole - RaftServer{1}{role=FOLLOWER} - Received CommandRequest{session=2, sequence=86, operation=PrimitiveOperation{id=DefaultOperationId{id=write, type=COMMAND}, value=byte[]{length=17, hash=-1644578928}}}
22:46:07.432 [raft-server-2] TRACE i.a.protocols.raft.roles.LeaderRole - RaftServer{2}{role=LEADER} - Received CommandRequest{session=2, sequence=86, operation=PrimitiveOperation{id=DefaultOperationId{id=write, type=COMMAND}, value=byte[]{length=17, hash=-1644578928}}}
22:46:07.478 [raft-server-2] DEBUG i.a.storage.journal.SegmentedJournal - Created disk segment: JournalSegment{id=12, version=1, index=111, size=64}
22:46:07.478 [raft-server-2] TRACE i.a.protocols.raft.roles.LeaderRole - RaftServer{2}{role=LEADER} - Appended Indexed{index=111, entry=CommandEntry{term=3, timestamp=2018-06-07 10:46:07,432, session=2, sequence=86, operation=PrimitiveOperation{id=DefaultOperationId{id=write, type=COMMAND}, value=byte[]{length=17, hash=-1644578928}}}}
22:46:07.479 [raft-server-2] TRACE i.a.p.raft.roles.LeaderAppender - RaftServer{2} - Sending AppendRequest{term=3, leader=2, prevLogIndex=110, prevLogTerm=3, entries=1, commitIndex=110} to 1
22:46:07.479 [raft-server-1] TRACE i.a.p.raft.roles.FollowerRole - RaftServer{1}{role=FOLLOWER} - Received AppendRequest{term=3, leader=2, prevLogIndex=110, prevLogTerm=3, entries=1, commitIndex=110}
22:46:07.479 [raft-server-2] TRACE i.a.p.raft.roles.LeaderAppender - RaftServer{2} - Sending AppendRequest{term=3, leader=2, prevLogIndex=110, prevLogTerm=3, entries=1, commitIndex=110} to 3
22:46:07.479 [raft-server-3] TRACE i.a.p.raft.roles.FollowerRole - RaftServer{3}{role=FOLLOWER} - Received AppendRequest{term=3, leader=2, prevLogIndex=110, prevLogTerm=3, entries=1, commitIndex=110}
22:46:07.538 [raft-server-1] DEBUG i.a.storage.journal.SegmentedJournal - Created disk segment: JournalSegment{id=12, version=1, index=111, size=64}
22:46:07.538 [raft-server-1] TRACE i.a.p.raft.roles.FollowerRole - RaftServer{1}{role=FOLLOWER} - Appended Indexed{index=111, entry=CommandEntry{term=3, timestamp=2018-06-07 10:46:07,432, session=2, sequence=86, operation=PrimitiveOperation{id=DefaultOperationId{id=write, type=COMMAND}, value=byte[]{length=17, hash=-1644578928}}}}
22:46:07.594 [raft-server-3] DEBUG i.a.storage.journal.SegmentedJournal - Created disk segment: JournalSegment{id=12, version=1, index=111, size=64}
22:46:07.594 [raft-server-3] TRACE i.a.p.raft.roles.FollowerRole - RaftServer{3}{role=FOLLOWER} - Appended Indexed{index=111, entry=CommandEntry{term=3, timestamp=2018-06-07 10:46:07,432, session=2, sequence=86, operation=PrimitiveOperation{id=DefaultOperationId{id=write, type=COMMAND}, value=byte[]{length=17, hash=-1644578928}}}}
22:46:07.635 [raft-server-1] TRACE i.a.p.raft.roles.FollowerRole - RaftServer{1}{role=FOLLOWER} - Committed entries up to index 110
22:46:07.635 [raft-server-1] TRACE i.a.p.raft.roles.FollowerRole - RaftServer{1}{role=FOLLOWER} - Sending AppendResponse{status=OK, term=3, succeeded=true, lastLogIndex=111}
22:46:07.636 [raft-server-2] TRACE i.a.p.raft.roles.LeaderAppender - RaftServer{2} - Received AppendResponse{status=OK, term=3, succeeded=true, lastLogIndex=111} from 1
22:46:07.636 [raft-server-1-state] TRACE i.a.p.raft.impl.RaftServiceManager - RaftServer{1} - Applying Indexed{index=110, entry=CommandEntry{term=3, timestamp=2018-06-07 10:46:07,355, session=2, sequence=85, operation=PrimitiveOperation{id=DefaultOperationId{id=write, type=COMMAND}, value=byte[]{length=17, hash=-1644578928}}}}
22:46:07.636 [raft-server-2] TRACE i.a.p.raft.roles.LeaderAppender - RaftServer{2} - Committed entries up to 111
22:46:07.636 [raft-server-1-state] TRACE i.a.p.s.impl.DefaultServiceExecutor - PrimitiveService{2}{type=io.atomix.protocols.raft.RaftTest$TestPrimitiveType@54705ce8, name=raft-test} - Executing DefaultCommit{index=110, session=RaftSession{RaftServiceContext{server=1, type=io.atomix.protocols.raft.RaftTest$TestPrimitiveType@54705ce8, name=raft-test, id=2}, session=2, timestamp=2018-06-07 10:46:07,355}, time=2018-06-07 10:46:07,355, operation=DefaultOperationId{id=write, type=COMMAND}, value=byte[]{length=17, hash=-1644578928}}
22:46:07.677 [raft-server-3] TRACE i.a.p.raft.roles.FollowerRole - RaftServer{3}{role=FOLLOWER} - Committed entries up to index 110
22:46:07.677 [raft-server-3] TRACE i.a.p.raft.roles.FollowerRole - RaftServer{3}{role=FOLLOWER} - Sending AppendResponse{status=OK, term=3, succeeded=true, lastLogIndex=111}
22:46:07.677 [raft-server-3-state] TRACE i.a.p.raft.impl.RaftServiceManager - RaftServer{3} - Applying Indexed{index=110, entry=CommandEntry{term=3, timestamp=2018-06-07 10:46:07,355, session=2, sequence=85, operation=PrimitiveOperation{id=DefaultOperationId{id=write, type=COMMAND}, value=byte[]{length=17, hash=-1644578928}}}}
22:46:07.677 [raft-server-3-state] TRACE i.a.p.s.impl.DefaultServiceExecutor - PrimitiveService{2}{type=io.atomix.protocols.raft.RaftTest$TestPrimitiveType@12cd62fc, name=raft-test} - Executing DefaultCommit{index=110, session=RaftSession{RaftServiceContext{server=3, type=io.atomix.protocols.raft.RaftTest$TestPrimitiveType@12cd62fc, name=raft-test, id=2}, session=2, timestamp=2018-06-07 10:46:07,355}, time=2018-06-07 10:46:07,355, operation=DefaultOperationId{id=write, type=COMMAND}, value=byte[]{length=17, hash=-1644578928}}
22:46:07.719 [raft-server-2] TRACE i.a.p.raft.roles.LeaderAppender - RaftServer{2} - Sending AppendRequest{term=3, leader=2, prevLogIndex=111, prevLogTerm=3, entries=0, commitIndex=111} to 1
22:46:07.719 [raft-server-2] TRACE i.a.p.raft.roles.LeaderAppender - RaftServer{2} - Received AppendResponse{status=OK, term=3, succeeded=true, lastLogIndex=111} from 3
22:46:07.719 [raft-server-1] TRACE i.a.p.raft.roles.FollowerRole - RaftServer{1}{role=FOLLOWER} - Received AppendRequest{term=3, leader=2, prevLogIndex=111, prevLogTerm=3, entries=0, commitIndex=111}
22:46:07.719 [raft-server-2] TRACE i.a.p.raft.roles.LeaderAppender - RaftServer{2} - Sending AppendRequest{term=3, leader=2, prevLogIndex=111, prevLogTerm=3, entries=0, commitIndex=111} to 3
22:46:07.719 [raft-server-1] TRACE i.a.p.raft.roles.FollowerRole - RaftServer{1}{role=FOLLOWER} - Committed entries up to index 111
22:46:07.719 [raft-server-3] TRACE i.a.p.raft.roles.FollowerRole - RaftServer{3}{role=FOLLOWER} - Received AppendRequest{term=3, leader=2, prevLogIndex=111, prevLogTerm=3, entries=0, commitIndex=111}
22:46:07.719 [raft-server-1] TRACE i.a.p.raft.roles.FollowerRole - RaftServer{1}{role=FOLLOWER} - Sending AppendResponse{status=OK, term=3, succeeded=true, lastLogIndex=111}
22:46:07.719 [raft-server-2] TRACE i.a.p.raft.roles.LeaderAppender - RaftServer{2} - Received AppendResponse{status=OK, term=3, succeeded=true, lastLogIndex=111} from 1
22:46:07.719 [raft-server-2-state] TRACE i.a.p.raft.impl.RaftServiceManager - RaftServer{2} - Applying Indexed{index=111, entry=CommandEntry{term=3, timestamp=2018-06-07 10:46:07,432, session=2, sequence=86, operation=PrimitiveOperation{id=DefaultOperationId{id=write, type=COMMAND}, value=byte[]{length=17, hash=-1644578928}}}}
22:46:07.719 [raft-server-2] TRACE i.a.p.raft.roles.LeaderAppender - RaftServer{2} - Sending AppendRequest{term=3, leader=2, prevLogIndex=111, prevLogTerm=3, entries=0, commitIndex=111} to 1
22:46:07.719 [raft-server-1-state] TRACE i.a.p.raft.impl.RaftServiceManager - RaftServer{1} - Applying Indexed{index=111, entry=CommandEntry{term=3, timestamp=2018-06-07 10:46:07,432, session=2, sequence=86, operation=PrimitiveOperation{id=DefaultOperationId{id=write, type=COMMAND}, value=byte[]{length=17, hash=-1644578928}}}}
22:46:07.719 [raft-server-2-state] TRACE i.a.p.s.impl.DefaultServiceExecutor - PrimitiveService{2}{type=io.atomix.protocols.raft.RaftTest$TestPrimitiveType@2fa5f551, name=raft-test} - Executing DefaultCommit{index=111, session=RaftSession{RaftServiceContext{server=2, type=io.atomix.protocols.raft.RaftTest$TestPrimitiveType@2fa5f551, name=raft-test, id=2}, session=2, timestamp=2018-06-07 10:46:07,432}, time=2018-06-07 10:46:07,432, operation=DefaultOperationId{id=write, type=COMMAND}, value=byte[]{length=17, hash=-1644578928}}
22:46:07.719 [raft-server-1-state] TRACE i.a.p.s.impl.DefaultServiceExecutor - PrimitiveService{2}{type=io.atomix.protocols.raft.RaftTest$TestPrimitiveType@54705ce8, name=raft-test} - Executing DefaultCommit{index=111, session=RaftSession{RaftServiceContext{server=1, type=io.atomix.protocols.raft.RaftTest$TestPrimitiveType@54705ce8, name=raft-test, id=2}, session=2, timestamp=2018-06-07 10:46:07,432}, time=2018-06-07 10:46:07,432, operation=DefaultOperationId{id=write, type=COMMAND}, value=byte[]{length=17, hash=-1644578928}}
22:46:07.720 [raft-server-2-state] TRACE i.a.protocols.raft.roles.LeaderRole - RaftServer{2}{role=LEADER} - Sending CommandResponse{status=OK, index=111, eventIndex=2, result=byte[]{length=3, hash=37387}}
22:46:07.720 [raft-server-1] TRACE i.a.p.raft.roles.FollowerRole - RaftServer{1}{role=FOLLOWER} - Received AppendRequest{term=3, leader=2, prevLogIndex=111, prevLogTerm=3, entries=0, commitIndex=111}
22:46:07.720 [raft-server-1] TRACE i.a.p.raft.roles.FollowerRole - RaftServer{1}{role=FOLLOWER} - Sending AppendResponse{status=OK, term=3, succeeded=true, lastLogIndex=111}
22:46:07.720 [raft-server-2] TRACE i.a.p.raft.roles.LeaderAppender - RaftServer{2} - Received AppendResponse{status=OK, term=3, succeeded=true, lastLogIndex=111} from 1
22:46:07.720 [raft-server-1] TRACE i.a.p.raft.roles.FollowerRole - RaftServer{1}{role=FOLLOWER} - Sending CommandResponse{status=OK, index=111, eventIndex=2, result=byte[]{length=3, hash=37387}}
22:46:07.720 [raft-server-2] TRACE i.a.p.raft.roles.LeaderAppender - RaftServer{2} - Sending AppendRequest{term=3, leader=2, prevLogIndex=111, prevLogTerm=3, entries=0, commitIndex=111} to 1
22:46:07.720 [raft-client-4d6eb0c5-808f-4bee-91ae-78c435ccd24a-6] TRACE i.a.p.r.p.impl.RaftProxyConnection - PartitionProxy{2}{type=io.atomix.protocols.raft.RaftTest$TestPrimitiveType@35bfa1bb, name=raft-test} - Received CommandResponse{status=OK, index=111, eventIndex=2, result=byte[]{length=3, hash=37387}} from 1
22:46:07.720 [raft-server-1] TRACE i.a.p.raft.roles.FollowerRole - RaftServer{1}{role=FOLLOWER} - Received AppendRequest{term=3, leader=2, prevLogIndex=111, prevLogTerm=3, entries=0, commitIndex=111}
22:46:07.720 [raft-client-4d6eb0c5-808f-4bee-91ae-78c435ccd24a-6] TRACE i.a.p.r.p.impl.RaftProxySequencer - PartitionProxy{2}{type=io.atomix.protocols.raft.RaftTest$TestPrimitiveType@35bfa1bb, name=raft-test} - Completing response CommandResponse{status=OK, index=111, eventIndex=2, result=byte[]{length=3, hash=37387}}
22:46:07.720 [raft-server-1] TRACE i.a.p.raft.roles.FollowerRole - RaftServer{1}{role=FOLLOWER} - Sending AppendResponse{status=OK, term=3, succeeded=true, lastLogIndex=111}
22:46:07.720 [raft-server-2] TRACE i.a.p.raft.roles.LeaderAppender - RaftServer{2} - Received AppendResponse{status=OK, term=3, succeeded=true, lastLogIndex=111} from 1
22:46:07.720 [raft-client-4d6eb0c5-808f-4bee-91ae-78c435ccd24a-1] TRACE i.a.p.r.p.impl.RaftProxyConnection - PartitionProxy{2}{type=io.atomix.protocols.raft.RaftTest$TestPrimitiveType@35bfa1bb, name=raft-test} - Sending CommandRequest{session=2, sequence=87, operation=PrimitiveOperation{id=DefaultOperationId{id=write, type=COMMAND}, value=byte[]{length=17, hash=-1644578928}}} to 1
22:46:07.720 [raft-server-1] TRACE i.a.p.raft.roles.FollowerRole - RaftServer{1}{role=FOLLOWER} - Received CommandRequest{session=2, sequence=87, operation=PrimitiveOperation{id=DefaultOperationId{id=write, type=COMMAND}, value=byte[]{length=17, hash=-1644578928}}}
22:46:07.721 [raft-server-2] TRACE i.a.protocols.raft.roles.LeaderRole - RaftServer{2}{role=LEADER} - Received CommandRequest{session=2, sequence=87, operation=PrimitiveOperation{id=DefaultOperationId{id=write, type=COMMAND}, value=byte[]{length=17, hash=-1644578928}}}
22:46:07.721 [raft-server-2] TRACE i.a.protocols.raft.roles.LeaderRole - RaftServer{2}{role=LEADER} - Appended Indexed{index=112, entry=CommandEntry{term=3, timestamp=2018-06-07 10:46:07,721, session=2, sequence=87, operation=PrimitiveOperation{id=DefaultOperationId{id=write, type=COMMAND}, value=byte[]{length=17, hash=-1644578928}}}}
22:46:07.721 [raft-server-2] TRACE i.a.p.raft.roles.LeaderAppender - RaftServer{2} - Sending AppendRequest{term=3, leader=2, prevLogIndex=111, prevLogTerm=3, entries=1, commitIndex=111} to 1
22:46:07.721 [raft-server-1] TRACE i.a.p.raft.roles.FollowerRole - RaftServer{1}{role=FOLLOWER} - Received AppendRequest{term=3, leader=2, prevLogIndex=111, prevLogTerm=3, entries=1, commitIndex=111}
22:46:07.721 [raft-server-1] TRACE i.a.p.raft.roles.FollowerRole - RaftServer{1}{role=FOLLOWER} - Appended Indexed{index=112, entry=CommandEntry{term=3, timestamp=2018-06-07 10:46:07,721, session=2, sequence=87, operation=PrimitiveOperation{id=DefaultOperationId{id=write, type=COMMAND}, value=byte[]{length=17, hash=-1644578928}}}}
22:46:07.721 [raft-server-1] TRACE i.a.p.raft.roles.FollowerRole - RaftServer{1}{role=FOLLOWER} - Sending AppendResponse{status=OK, term=3, succeeded=true, lastLogIndex=112}
22:46:07.721 [raft-server-2] TRACE i.a.p.raft.roles.LeaderAppender - RaftServer{2} - Received AppendResponse{status=OK, term=3, succeeded=true, lastLogIndex=112} from 1
22:46:07.721 [raft-server-2] TRACE i.a.p.raft.roles.LeaderAppender - RaftServer{2} - Committed entries up to 112
22:46:07.771 [raft-server-3] TRACE i.a.p.raft.roles.FollowerRole - RaftServer{3}{role=FOLLOWER} - Committed entries up to index 111
22:46:07.771 [raft-server-3] TRACE i.a.p.raft.roles.FollowerRole - RaftServer{3}{role=FOLLOWER} - Sending AppendResponse{status=OK, term=3, succeeded=true, lastLogIndex=111}
22:46:07.772 [raft-server-3-state] TRACE i.a.p.raft.impl.RaftServiceManager - RaftServer{3} - Applying Indexed{index=111, entry=CommandEntry{term=3, timestamp=2018-06-07 10:46:07,432, session=2, sequence=86, operation=PrimitiveOperation{id=DefaultOperationId{id=write, type=COMMAND}, value=byte[]{length=17, hash=-1644578928}}}}
22:46:07.772 [raft-server-3-state] TRACE i.a.p.s.impl.DefaultServiceExecutor - PrimitiveService{2}{type=io.atomix.protocols.raft.RaftTest$TestPrimitiveType@12cd62fc, name=raft-test} - Executing DefaultCommit{index=111, session=RaftSession{RaftServiceContext{server=3, type=io.atomix.protocols.raft.RaftTest$TestPrimitiveType@12cd62fc, name=raft-test, id=2}, session=2, timestamp=2018-06-07 10:46:07,432}, time=2018-06-07 10:46:07,432, operation=DefaultOperationId{id=write, type=COMMAND}, value=byte[]{length=17, hash=-1644578928}}
22:46:07.802 [raft-server-2] TRACE i.a.p.raft.roles.LeaderAppender - RaftServer{2} - Received AppendResponse{status=OK, term=3, succeeded=true, lastLogIndex=111} from 3
22:46:07.802 [raft-server-2] TRACE i.a.p.raft.roles.LeaderAppender - RaftServer{2} - Sending AppendRequest{term=3, leader=2, prevLogIndex=111, prevLogTerm=3, entries=1, commitIndex=112} to 3
22:46:07.802 [raft-server-3] TRACE i.a.p.raft.roles.FollowerRole - RaftServer{3}{role=FOLLOWER} - Received AppendRequest{term=3, leader=2, prevLogIndex=111, prevLogTerm=3, entries=1, commitIndex=112}
22:46:07.802 [raft-server-2-state] TRACE i.a.p.raft.impl.RaftServiceManager - RaftServer{2} - Applying Indexed{index=112, entry=CommandEntry{term=3, timestamp=2018-06-07 10:46:07,721, session=2, sequence=87, operation=PrimitiveOperation{id=DefaultOperationId{id=write, type=COMMAND}, value=byte[]{length=17, hash=-1644578928}}}}
22:46:07.802 [raft-server-3] TRACE i.a.p.raft.roles.FollowerRole - RaftServer{3}{role=FOLLOWER} - Appended Indexed{index=112, entry=CommandEntry{term=3, timestamp=2018-06-07 10:46:07,721, session=2, sequence=87, operation=PrimitiveOperation{id=DefaultOperationId{id=write, type=COMMAND}, value=byte[]{length=17, hash=-1644578928}}}}
22:46:07.802 [raft-server-2-state] TRACE i.a.p.s.impl.DefaultServiceExecutor - PrimitiveService{2}{type=io.atomix.protocols.raft.RaftTest$TestPrimitiveType@2fa5f551, name=raft-test} - Executing DefaultCommit{index=112, session=RaftSession{RaftServiceContext{server=2, type=io.atomix.protocols.raft.RaftTest$TestPrimitiveType@2fa5f551, name=raft-test, id=2}, session=2, timestamp=2018-06-07 10:46:07,721}, time=2018-06-07 10:46:07,721, operation=DefaultOperationId{id=write, type=COMMAND}, value=byte[]{length=17, hash=-1644578928}}
22:46:07.803 [raft-server-2-state] TRACE i.a.protocols.raft.roles.LeaderRole - RaftServer{2}{role=LEADER} - Sending CommandResponse{status=OK, index=112, eventIndex=2, result=byte[]{length=3, hash=37449}}
22:46:07.803 [raft-server-1] TRACE i.a.p.raft.roles.FollowerRole - RaftServer{1}{role=FOLLOWER} - Sending CommandResponse{status=OK, index=112, eventIndex=2, result=byte[]{length=3, hash=37449}}
22:46:07.803 [raft-client-4d6eb0c5-808f-4bee-91ae-78c435ccd24a-4] TRACE i.a.p.r.p.impl.RaftProxyConnection - PartitionProxy{2}{type=io.atomix.protocols.raft.RaftTest$TestPrimitiveType@35bfa1bb, name=raft-test} - Received CommandResponse{status=OK, index=112, eventIndex=2, result=byte[]{length=3, hash=37449}} from 1
22:46:07.803 [raft-client-4d6eb0c5-808f-4bee-91ae-78c435ccd24a-4] TRACE i.a.p.r.p.impl.RaftProxySequencer - PartitionProxy{2}{type=io.atomix.protocols.raft.RaftTest$TestPrimitiveType@35bfa1bb, name=raft-test} - Completing response CommandResponse{status=OK, index=112, eventIndex=2, result=byte[]{length=3, hash=37449}}
22:46:07.803 [raft-client-4d6eb0c5-808f-4bee-91ae-78c435ccd24a-4] TRACE i.a.p.r.p.impl.RaftProxyConnection - PartitionProxy{2}{type=io.atomix.protocols.raft.RaftTest$TestPrimitiveType@35bfa1bb, name=raft-test} - Sending CommandRequest{session=2, sequence=88, operation=PrimitiveOperation{id=DefaultOperationId{id=write, type=COMMAND}, value=byte[]{length=17, hash=-1644578928}}} to 1
22:46:07.803 [raft-server-1] TRACE i.a.p.raft.roles.FollowerRole - RaftServer{1}{role=FOLLOWER} - Received CommandRequest{session=2, sequence=88, operation=PrimitiveOperation{id=DefaultOperationId{id=write, type=COMMAND}, value=byte[]{length=17, hash=-1644578928}}}
22:46:07.803 [raft-server-2] TRACE i.a.protocols.raft.roles.LeaderRole - RaftServer{2}{role=LEADER} - Received CommandRequest{session=2, sequence=88, operation=PrimitiveOperation{id=DefaultOperationId{id=write, type=COMMAND}, value=byte[]{length=17, hash=-1644578928}}}
22:46:07.804 [raft-server-2] TRACE i.a.protocols.raft.roles.LeaderRole - RaftServer{2}{role=LEADER} - Appended Indexed{index=113, entry=CommandEntry{term=3, timestamp=2018-06-07 10:46:07,803, session=2, sequence=88, operation=PrimitiveOperation{id=DefaultOperationId{id=write, type=COMMAND}, value=byte[]{length=17, hash=-1644578928}}}}
22:46:07.804 [raft-server-2] TRACE i.a.p.raft.roles.LeaderAppender - RaftServer{2} - Sending AppendRequest{term=3, leader=2, prevLogIndex=112, prevLogTerm=3, entries=1, commitIndex=112} to 1
22:46:07.804 [raft-server-1] TRACE i.a.p.raft.roles.FollowerRole - RaftServer{1}{role=FOLLOWER} - Received AppendRequest{term=3, leader=2, prevLogIndex=112, prevLogTerm=3, entries=1, commitIndex=112}
22:46:07.804 [raft-server-1] TRACE i.a.p.raft.roles.FollowerRole - RaftServer{1}{role=FOLLOWER} - Appended Indexed{index=113, entry=CommandEntry{term=3, timestamp=2018-06-07 10:46:07,803, session=2, sequence=88, operation=PrimitiveOperation{id=DefaultOperationId{id=write, type=COMMAND}, value=byte[]{length=17, hash=-1644578928}}}}
22:46:07.846 [raft-server-3] TRACE i.a.p.raft.roles.FollowerRole - RaftServer{3}{role=FOLLOWER} - Committed entries up to index 112
22:46:07.846 [raft-server-3] TRACE i.a.p.raft.roles.FollowerRole - RaftServer{3}{role=FOLLOWER} - Sending AppendResponse{status=OK, term=3, succeeded=true, lastLogIndex=112}
22:46:07.847 [raft-server-2] TRACE i.a.p.raft.roles.LeaderAppender - RaftServer{2} - Received AppendResponse{status=OK, term=3, succeeded=true, lastLogIndex=112} from 3
22:46:07.847 [raft-server-3-state] TRACE i.a.p.raft.impl.RaftServiceManager - RaftServer{3} - Applying Indexed{index=112, entry=CommandEntry{term=3, timestamp=2018-06-07 10:46:07,721, session=2, sequence=87, operation=PrimitiveOperation{id=DefaultOperationId{id=write, type=COMMAND}, value=byte[]{length=17, hash=-1644578928}}}}
22:46:07.847 [raft-server-2] TRACE i.a.p.raft.roles.LeaderAppender - RaftServer{2} - Sending AppendRequest{term=3, leader=2, prevLogIndex=112, prevLogTerm=3, entries=1, commitIndex=112} to 3
22:46:07.847 [raft-server-3] TRACE i.a.p.raft.roles.FollowerRole - RaftServer{3}{role=FOLLOWER} - Received AppendRequest{term=3, leader=2, prevLogIndex=112, prevLogTerm=3, entries=1, commitIndex=112}
22:46:07.847 [raft-server-3-state] TRACE i.a.p.s.impl.DefaultServiceExecutor - PrimitiveService{2}{type=io.atomix.protocols.raft.RaftTest$TestPrimitiveType@12cd62fc, name=raft-test} - Executing DefaultCommit{index=112, session=RaftSession{RaftServiceContext{server=3, type=io.atomix.protocols.raft.RaftTest$TestPrimitiveType@12cd62fc, name=raft-test, id=2}, session=2, timestamp=2018-06-07 10:46:07,721}, time=2018-06-07 10:46:07,721, operation=DefaultOperationId{id=write, type=COMMAND}, value=byte[]{length=17, hash=-1644578928}}
22:46:07.847 [raft-server-3] TRACE i.a.p.raft.roles.FollowerRole - RaftServer{3}{role=FOLLOWER} - Appended Indexed{index=113, entry=CommandEntry{term=3, timestamp=2018-06-07 10:46:07,803, session=2, sequence=88, operation=PrimitiveOperation{id=DefaultOperationId{id=write, type=COMMAND}, value=byte[]{length=17, hash=-1644578928}}}}
22:46:07.847 [raft-server-3] TRACE i.a.p.raft.roles.FollowerRole - RaftServer{3}{role=FOLLOWER} - Sending AppendResponse{status=OK, term=3, succeeded=true, lastLogIndex=113}
22:46:07.847 [raft-server-2] TRACE i.a.p.raft.roles.LeaderAppender - RaftServer{2} - Received AppendResponse{status=OK, term=3, succeeded=true, lastLogIndex=113} from 3
22:46:07.847 [raft-server-2] TRACE i.a.p.raft.roles.LeaderAppender - RaftServer{2} - Committed entries up to 113
22:46:07.866 [raft-client-4d6eb0c5-808f-4bee-91ae-78c435ccd24a-0] TRACE i.a.p.r.proxy.impl.RaftProxyManager - RaftClient{4d6eb0c5-808f-4bee-91ae-78c435ccd24a} - Keeping 1 sessions alive
22:46:07.866 [raft-client-4d6eb0c5-808f-4bee-91ae-78c435ccd24a-0] TRACE i.a.p.r.p.impl.RaftProxyConnection - RaftClient{4d6eb0c5-808f-4bee-91ae-78c435ccd24a} - Sending KeepAliveRequest{sessionIds=long[]{length=1, hash=33}, commandSequences=long[]{length=1, hash=118}, eventIndexes=long[]{length=1, hash=33}} to 1
22:46:07.871 [raft-server-1] TRACE i.a.p.raft.roles.FollowerRole - RaftServer{1}{role=FOLLOWER} - Committed entries up to index 112
22:46:07.872 [raft-server-1] TRACE i.a.p.raft.roles.FollowerRole - RaftServer{1}{role=FOLLOWER} - Sending AppendResponse{status=OK, term=3, succeeded=true, lastLogIndex=113}
22:46:07.872 [raft-server-1] TRACE i.a.p.raft.roles.FollowerRole - RaftServer{1}{role=FOLLOWER} - Received KeepAliveRequest{sessionIds=long[]{length=1, hash=33}, commandSequences=long[]{length=1, hash=118}, eventIndexes=long[]{length=1, hash=33}}
22:46:07.872 [raft-server-1-state] TRACE i.a.p.raft.impl.RaftServiceManager - RaftServer{1} - Applying Indexed{index=112, entry=CommandEntry{term=3, timestamp=2018-06-07 10:46:07,721, session=2, sequence=87, operation=PrimitiveOperation{id=DefaultOperationId{id=write, type=COMMAND}, value=byte[]{length=17, hash=-1644578928}}}}
22:46:07.872 [raft-server-1-state] TRACE i.a.p.s.impl.DefaultServiceExecutor - PrimitiveService{2}{type=io.atomix.protocols.raft.RaftTest$TestPrimitiveType@54705ce8, name=raft-test} - Executing DefaultCommit{index=112, session=RaftSession{RaftServiceContext{server=1, type=io.atomix.protocols.raft.RaftTest$TestPrimitiveType@54705ce8, name=raft-test, id=2}, session=2, timestamp=2018-06-07 10:46:07,721}, time=2018-06-07 10:46:07,721, operation=DefaultOperationId{id=write, type=COMMAND}, value=byte[]{length=17, hash=-1644578928}}
22:46:07.887 [raft-server-2] TRACE i.a.p.raft.roles.LeaderAppender - RaftServer{2} - Received AppendResponse{status=OK, term=3, succeeded=true, lastLogIndex=113} from 1
22:46:07.887 [raft-server-2] TRACE i.a.protocols.raft.roles.LeaderRole - RaftServer{2}{role=LEADER} - Received KeepAliveRequest{sessionIds=long[]{length=1, hash=33}, commandSequences=long[]{length=1, hash=118}, eventIndexes=long[]{length=1, hash=33}}
22:46:07.887 [raft-server-2] TRACE i.a.protocols.raft.roles.LeaderRole - RaftServer{2}{role=LEADER} - Appended Indexed{index=114, entry=KeepAliveEntry{term=3, timestamp=2018-06-07 10:46:07,887, sessionIds=long[]{length=1, hash=33}, commandSequences=long[]{length=1, hash=118}, eventIndexes=long[]{length=1, hash=33}}}
22:46:07.887 [raft-server-2-state] TRACE i.a.p.raft.impl.RaftServiceManager - RaftServer{2} - Applying Indexed{index=113, entry=CommandEntry{term=3, timestamp=2018-06-07 10:46:07,803, session=2, sequence=88, operation=PrimitiveOperation{id=DefaultOperationId{id=write, type=COMMAND}, value=byte[]{length=17, hash=-1644578928}}}}
22:46:07.887 [raft-server-2] TRACE i.a.p.raft.roles.LeaderAppender - RaftServer{2} - Sending AppendRequest{term=3, leader=2, prevLogIndex=113, prevLogTerm=3, entries=1, commitIndex=113} to 1
22:46:07.887 [raft-server-1] TRACE i.a.p.raft.roles.FollowerRole - RaftServer{1}{role=FOLLOWER} - Received AppendRequest{term=3, leader=2, prevLogIndex=113, prevLogTerm=3, entries=1, commitIndex=113}
22:46:07.887 [raft-server-2-state] TRACE i.a.p.s.impl.DefaultServiceExecutor - PrimitiveService{2}{type=io.atomix.protocols.raft.RaftTest$TestPrimitiveType@2fa5f551, name=raft-test} - Executing DefaultCommit{index=113, session=RaftSession{RaftServiceContext{server=2, type=io.atomix.protocols.raft.RaftTest$TestPrimitiveType@2fa5f551, name=raft-test, id=2}, session=2, timestamp=2018-06-07 10:46:07,803}, time=2018-06-07 10:46:07,803, operation=DefaultOperationId{id=write, type=COMMAND}, value=byte[]{length=17, hash=-1644578928}}
22:46:07.887 [raft-server-2] TRACE i.a.p.raft.roles.LeaderAppender - RaftServer{2} - Sending AppendRequest{term=3, leader=2, prevLogIndex=113, prevLogTerm=3, entries=1, commitIndex=113} to 3
22:46:07.887 [raft-server-3] TRACE i.a.p.raft.roles.FollowerRole - RaftServer{3}{role=FOLLOWER} - Received AppendRequest{term=3, leader=2, prevLogIndex=113, prevLogTerm=3, entries=1, commitIndex=113}
22:46:07.887 [raft-server-1] TRACE i.a.p.raft.roles.FollowerRole - RaftServer{1}{role=FOLLOWER} - Appended Indexed{index=114, entry=KeepAliveEntry{term=3, timestamp=2018-06-07 10:46:07,887, sessionIds=long[]{length=1, hash=33}, commandSequences=long[]{length=1, hash=118}, eventIndexes=long[]{length=1, hash=33}}}
22:46:07.887 [raft-server-2-state] TRACE i.a.protocols.raft.roles.LeaderRole - RaftServer{2}{role=LEADER} - Sending CommandResponse{status=OK, index=113, eventIndex=2, result=byte[]{length=3, hash=37511}}
22:46:07.888 [raft-server-3] TRACE i.a.p.raft.roles.FollowerRole - RaftServer{3}{role=FOLLOWER} - Appended Indexed{index=114, entry=KeepAliveEntry{term=3, timestamp=2018-06-07 10:46:07,887, sessionIds=long[]{length=1, hash=33}, commandSequences=long[]{length=1, hash=118}, eventIndexes=long[]{length=1, hash=33}}}
22:46:07.911 [raft-server-1] TRACE i.a.p.raft.roles.FollowerRole - RaftServer{1}{role=FOLLOWER} - Committed entries up to index 113
22:46:07.912 [raft-server-3] TRACE i.a.p.raft.roles.FollowerRole - RaftServer{3}{role=FOLLOWER} - Committed entries up to index 113
22:46:07.912 [raft-server-1] TRACE i.a.p.raft.roles.FollowerRole - RaftServer{1}{role=FOLLOWER} - Sending AppendResponse{status=OK, term=3, succeeded=true, lastLogIndex=114}
22:46:07.912 [raft-server-3] TRACE i.a.p.raft.roles.FollowerRole - RaftServer{3}{role=FOLLOWER} - Sending AppendResponse{status=OK, term=3, succeeded=true, lastLogIndex=114}
22:46:07.912 [raft-server-1] TRACE i.a.p.raft.roles.FollowerRole - RaftServer{1}{role=FOLLOWER} - Sending CommandResponse{status=OK, index=113, eventIndex=2, result=byte[]{length=3, hash=37511}}
22:46:07.912 [raft-server-2] TRACE i.a.p.raft.roles.LeaderAppender - RaftServer{2} - Received AppendResponse{status=OK, term=3, succeeded=true, lastLogIndex=114} from 1
22:46:07.912 [raft-server-2] TRACE i.a.p.raft.roles.LeaderAppender - RaftServer{2} - Committed entries up to 114
22:46:07.912 [raft-server-3-state] TRACE i.a.p.raft.impl.RaftServiceManager - RaftServer{3} - Applying Indexed{index=113, entry=CommandEntry{term=3, timestamp=2018-06-07 10:46:07,803, session=2, sequence=88, operation=PrimitiveOperation{id=DefaultOperationId{id=write, type=COMMAND}, value=byte[]{length=17, hash=-1644578928}}}}
22:46:07.912 [raft-server-3-state] TRACE i.a.p.s.impl.DefaultServiceExecutor - PrimitiveService{2}{type=io.atomix.protocols.raft.RaftTest$TestPrimitiveType@12cd62fc, name=raft-test} - Executing DefaultCommit{index=113, session=RaftSession{RaftServiceContext{server=3, type=io.atomix.protocols.raft.RaftTest$TestPrimitiveType@12cd62fc, name=raft-test, id=2}, session=2, timestamp=2018-06-07 10:46:07,803}, time=2018-06-07 10:46:07,803, operation=DefaultOperationId{id=write, type=COMMAND}, value=byte[]{length=17, hash=-1644578928}}
22:46:07.912 [raft-client-4d6eb0c5-808f-4bee-91ae-78c435ccd24a-5] TRACE i.a.p.r.p.impl.RaftProxyConnection - PartitionProxy{2}{type=io.atomix.protocols.raft.RaftTest$TestPrimitiveType@35bfa1bb, name=raft-test} - Received CommandResponse{status=OK, index=113, eventIndex=2, result=byte[]{length=3, hash=37511}} from 1
22:46:07.912 [raft-client-4d6eb0c5-808f-4bee-91ae-78c435ccd24a-5] TRACE i.a.p.r.p.impl.RaftProxySequencer - PartitionProxy{2}{type=io.atomix.protocols.raft.RaftTest$TestPrimitiveType@35bfa1bb, name=raft-test} - Completing response CommandResponse{status=OK, index=113, eventIndex=2, result=byte[]{length=3, hash=37511}}
22:46:07.912 [raft-client-4d6eb0c5-808f-4bee-91ae-78c435ccd24a-2] TRACE i.a.p.r.p.impl.RaftProxyConnection - PartitionProxy{2}{type=io.atomix.protocols.raft.RaftTest$TestPrimitiveType@35bfa1bb, name=raft-test} - Sending CommandRequest{session=2, sequence=89, operation=PrimitiveOperation{id=DefaultOperationId{id=write, type=COMMAND}, value=byte[]{length=17, hash=-1644578928}}} to 1
22:46:07.912 [raft-server-1-state] TRACE i.a.p.raft.impl.RaftServiceManager - RaftServer{1} - Applying Indexed{index=113, entry=CommandEntry{term=3, timestamp=2018-06-07 10:46:07,803, session=2, sequence=88, operation=PrimitiveOperation{id=DefaultOperationId{id=write, type=COMMAND}, value=byte[]{length=17, hash=-1644578928}}}}
22:46:07.913 [raft-server-1] TRACE i.a.p.raft.roles.FollowerRole - RaftServer{1}{role=FOLLOWER} - Received CommandRequest{session=2, sequence=89, operation=PrimitiveOperation{id=DefaultOperationId{id=write, type=COMMAND}, value=byte[]{length=17, hash=-1644578928}}}
22:46:07.913 [raft-server-1-state] TRACE i.a.p.s.impl.DefaultServiceExecutor - PrimitiveService{2}{type=io.atomix.protocols.raft.RaftTest$TestPrimitiveType@54705ce8, name=raft-test} - Executing DefaultCommit{index=113, session=RaftSession{RaftServiceContext{server=1, type=io.atomix.protocols.raft.RaftTest$TestPrimitiveType@54705ce8, name=raft-test, id=2}, session=2, timestamp=2018-06-07 10:46:07,803}, time=2018-06-07 10:46:07,803, operation=DefaultOperationId{id=write, type=COMMAND}, value=byte[]{length=17, hash=-1644578928}}
22:46:07.944 [raft-server-2] TRACE i.a.p.raft.roles.LeaderAppender - RaftServer{2} - Received AppendResponse{status=OK, term=3, succeeded=true, lastLogIndex=114} from 3
22:46:07.944 [raft-server-2] TRACE i.a.protocols.raft.roles.LeaderRole - RaftServer{2}{role=LEADER} - Received CommandRequest{session=2, sequence=89, operation=PrimitiveOperation{id=DefaultOperationId{id=write, type=COMMAND}, value=byte[]{length=17, hash=-1644578928}}}
22:46:07.944 [raft-server-2] TRACE i.a.protocols.raft.roles.LeaderRole - RaftServer{2}{role=LEADER} - Appended Indexed{index=115, entry=CommandEntry{term=3, timestamp=2018-06-07 10:46:07,944, session=2, sequence=89, operation=PrimitiveOperation{id=DefaultOperationId{id=write, type=COMMAND}, value=byte[]{length=17, hash=-1644578928}}}}
22:46:07.944 [raft-server-2] TRACE i.a.p.raft.roles.LeaderAppender - RaftServer{2} - Sending AppendRequest{term=3, leader=2, prevLogIndex=114, prevLogTerm=3, entries=1, commitIndex=114} to 1
22:46:07.944 [raft-server-2-state] TRACE i.a.p.raft.impl.RaftServiceManager - RaftServer{2} - Applying Indexed{index=114, entry=KeepAliveEntry{term=3, timestamp=2018-06-07 10:46:07,887, sessionIds=long[]{length=1, hash=33}, commandSequences=long[]{length=1, hash=118}, eventIndexes=long[]{length=1, hash=33}}}
22:46:07.944 [raft-server-1] TRACE i.a.p.raft.roles.FollowerRole - RaftServer{1}{role=FOLLOWER} - Received AppendRequest{term=3, leader=2, prevLogIndex=114, prevLogTerm=3, entries=1, commitIndex=114}
22:46:07.944 [raft-server-2] TRACE i.a.p.raft.roles.LeaderAppender - RaftServer{2} - Sending AppendRequest{term=3, leader=2, prevLogIndex=114, prevLogTerm=3, entries=1, commitIndex=114} to 3
22:46:07.945 [raft-server-3] TRACE i.a.p.raft.roles.FollowerRole - RaftServer{3}{role=FOLLOWER} - Received AppendRequest{term=3, leader=2, prevLogIndex=114, prevLogTerm=3, entries=1, commitIndex=114}
22:46:07.945 [raft-server-2] TRACE i.a.protocols.raft.roles.LeaderRole - RaftServer{2}{role=LEADER} - Sending KeepAliveResponse{status=OK, leader=2, members=[1, 2, 3], sessionIds=long[]{length=1, hash=33}}
22:46:07.945 [raft-server-1] TRACE i.a.p.raft.roles.FollowerRole - RaftServer{1}{role=FOLLOWER} - Appended Indexed{index=115, entry=CommandEntry{term=3, timestamp=2018-06-07 10:46:07,944, session=2, sequence=89, operation=PrimitiveOperation{id=DefaultOperationId{id=write, type=COMMAND}, value=byte[]{length=17, hash=-1644578928}}}}
22:46:07.945 [raft-server-3] TRACE i.a.p.raft.roles.FollowerRole - RaftServer{3}{role=FOLLOWER} - Appended Indexed{index=115, entry=CommandEntry{term=3, timestamp=2018-06-07 10:46:07,944, session=2, sequence=89, operation=PrimitiveOperation{id=DefaultOperationId{id=write, type=COMMAND}, value=byte[]{length=17, hash=-1644578928}}}}
22:46:07.977 [raft-server-3] TRACE i.a.p.raft.roles.FollowerRole - RaftServer{3}{role=FOLLOWER} - Committed entries up to index 114
22:46:07.977 [raft-server-1] TRACE i.a.p.raft.roles.FollowerRole - RaftServer{1}{role=FOLLOWER} - Committed entries up to index 114
22:46:07.977 [raft-server-3] TRACE i.a.p.raft.roles.FollowerRole - RaftServer{3}{role=FOLLOWER} - Sending AppendResponse{status=OK, term=3, succeeded=true, lastLogIndex=115}
22:46:07.977 [raft-server-1] TRACE i.a.p.raft.roles.FollowerRole - RaftServer{1}{role=FOLLOWER} - Sending AppendResponse{status=OK, term=3, succeeded=true, lastLogIndex=115}
22:46:07.977 [raft-server-2] TRACE i.a.p.raft.roles.LeaderAppender - RaftServer{2} - Received AppendResponse{status=OK, term=3, succeeded=true, lastLogIndex=115} from 3
22:46:07.977 [raft-server-1] TRACE i.a.p.raft.roles.FollowerRole - RaftServer{1}{role=FOLLOWER} - Sending KeepAliveResponse{status=OK, leader=2, members=[1, 2, 3], sessionIds=long[]{length=1, hash=33}}
22:46:07.977 [raft-server-2] TRACE i.a.p.raft.roles.LeaderAppender - RaftServer{2} - Committed entries up to 115
22:46:07.977 [raft-server-3-state] TRACE i.a.p.raft.impl.RaftServiceManager - RaftServer{3} - Applying Indexed{index=114, entry=KeepAliveEntry{term=3, timestamp=2018-06-07 10:46:07,887, sessionIds=long[]{length=1, hash=33}, commandSequences=long[]{length=1, hash=118}, eventIndexes=long[]{length=1, hash=33}}}
22:46:07.978 [raft-server-1] INFO  i.a.protocols.raft.impl.RaftContext - RaftServer{1} - Transitioning to INACTIVE
22:46:07.978 [raft-server-1] TRACE i.a.p.raft.roles.FollowerRole - RaftServer{1}{role=FOLLOWER} - Cancelling heartbeat timer
22:46:07.978 [ForkJoinPool.commonPool-worker-2] DEBUG i.a.storage.journal.SegmentedJournal - Closing segment: JournalSegment{id=3, version=1, index=21, size=549}
22:46:07.978 [raft-server-1-state] TRACE i.a.p.raft.impl.RaftServiceManager - RaftServer{1} - Applying Indexed{index=114, entry=KeepAliveEntry{term=3, timestamp=2018-06-07 10:46:07,887, sessionIds=long[]{length=1, hash=33}, commandSequences=long[]{length=1, hash=118}, eventIndexes=long[]{length=1, hash=33}}}
22:46:07.978 [ForkJoinPool.commonPool-worker-2] DEBUG i.a.storage.journal.SegmentedJournal - Closing segment: JournalSegment{id=4, version=1, index=31, size=465}
22:46:07.978 [ForkJoinPool.commonPool-worker-2] DEBUG i.a.storage.journal.SegmentedJournal - Closing segment: JournalSegment{id=5, version=1, index=41, size=549}
22:46:07.979 [ForkJoinPool.commonPool-worker-2] DEBUG i.a.storage.journal.SegmentedJournal - Closing segment: JournalSegment{id=6, version=1, index=51, size=474}
22:46:07.979 [ForkJoinPool.commonPool-worker-2] DEBUG i.a.storage.journal.SegmentedJournal - Closing segment: JournalSegment{id=7, version=1, index=61, size=574}
22:46:07.979 [ForkJoinPool.commonPool-worker-2] DEBUG i.a.storage.journal.SegmentedJournal - Closing segment: JournalSegment{id=8, version=1, index=71, size=549}
22:46:07.979 [ForkJoinPool.commonPool-worker-2] DEBUG i.a.storage.journal.SegmentedJournal - Closing segment: JournalSegment{id=9, version=1, index=81, size=577}
22:46:07.979 [ForkJoinPool.commonPool-worker-2] DEBUG i.a.storage.journal.SegmentedJournal - Closing segment: JournalSegment{id=10, version=1, index=91, size=559}
22:46:07.979 [ForkJoinPool.commonPool-worker-2] DEBUG i.a.storage.journal.SegmentedJournal - Closing segment: JournalSegment{id=11, version=1, index=101, size=584}
22:46:07.979 [ForkJoinPool.commonPool-worker-2] DEBUG i.a.storage.journal.SegmentedJournal - Closing segment: JournalSegment{id=12, version=1, index=111, size=299}
22:46:08.003 [raft-server-2] TRACE i.a.p.raft.roles.LeaderAppender - RaftServer{2} - Sending AppendRequest{term=3, leader=2, prevLogIndex=115, prevLogTerm=3, entries=0, commitIndex=115} to 3
22:46:08.003 [raft-server-2] TRACE i.a.p.raft.roles.LeaderAppender - RaftServer{2} - Received AppendResponse{status=OK, term=3, succeeded=true, lastLogIndex=115} from 1
22:46:08.003 [raft-server-3] TRACE i.a.p.raft.roles.FollowerRole - RaftServer{3}{role=FOLLOWER} - Received AppendRequest{term=3, leader=2, prevLogIndex=115, prevLogTerm=3, entries=0, commitIndex=115}
22:46:08.004 [raft-server-2] TRACE i.a.p.raft.roles.LeaderAppender - RaftServer{2} - Sending AppendRequest{term=3, leader=2, prevLogIndex=115, prevLogTerm=3, entries=0, commitIndex=115} to 1
22:46:08.004 [raft-server-2] INFO  i.a.protocols.raft.impl.RaftContext - RaftServer{2} - Transitioning to INACTIVE
22:46:08.004 [raft-server-2] TRACE i.a.protocols.raft.roles.LeaderRole - RaftServer{2}{role=LEADER} - Cancelling append timer
22:46:08.004 [raft-server-2] TRACE i.a.p.raft.storage.system.MetaStore - Store vote null
22:46:08.027 [raft-server-3] TRACE i.a.p.raft.roles.FollowerRole - RaftServer{3}{role=FOLLOWER} - Committed entries up to index 115
22:46:08.027 [raft-server-3] TRACE i.a.p.raft.roles.FollowerRole - RaftServer{3}{role=FOLLOWER} - Sending AppendResponse{status=OK, term=3, succeeded=true, lastLogIndex=115}
22:46:08.027 [raft-server-3-state] TRACE i.a.p.raft.impl.RaftServiceManager - RaftServer{3} - Applying Indexed{index=115, entry=CommandEntry{term=3, timestamp=2018-06-07 10:46:07,944, session=2, sequence=89, operation=PrimitiveOperation{id=DefaultOperationId{id=write, type=COMMAND}, value=byte[]{length=17, hash=-1644578928}}}}
22:46:08.027 [raft-server-3-state] TRACE i.a.p.s.impl.DefaultServiceExecutor - PrimitiveService{2}{type=io.atomix.protocols.raft.RaftTest$TestPrimitiveType@12cd62fc, name=raft-test} - Executing DefaultCommit{index=115, session=RaftSession{RaftServiceContext{server=3, type=io.atomix.protocols.raft.RaftTest$TestPrimitiveType@12cd62fc, name=raft-test, id=2}, session=2, timestamp=2018-06-07 10:46:07,944}, time=2018-06-07 10:46:07,944, operation=DefaultOperationId{id=write, type=COMMAND}, value=byte[]{length=17, hash=-1644578928}}
22:46:08.045 [ForkJoinPool.commonPool-worker-2] DEBUG i.a.storage.journal.SegmentedJournal - Closing segment: JournalSegment{id=3, version=1, index=21, size=549}
22:46:08.045 [raft-server-2-state] TRACE i.a.p.raft.impl.RaftServiceManager - RaftServer{2} - Applying Indexed{index=115, entry=CommandEntry{term=3, timestamp=2018-06-07 10:46:07,944, session=2, sequence=89, operation=PrimitiveOperation{id=DefaultOperationId{id=write, type=COMMAND}, value=byte[]{length=17, hash=-1644578928}}}}
22:46:08.045 [ForkJoinPool.commonPool-worker-2] DEBUG i.a.storage.journal.SegmentedJournal - Closing segment: JournalSegment{id=4, version=1, index=31, size=465}
22:46:08.045 [ForkJoinPool.commonPool-worker-2] DEBUG i.a.storage.journal.SegmentedJournal - Closing segment: JournalSegment{id=5, version=1, index=41, size=549}
22:46:08.045 [ForkJoinPool.commonPool-worker-2] DEBUG i.a.storage.journal.SegmentedJournal - Closing segment: JournalSegment{id=6, version=1, index=51, size=474}
22:46:08.045 [raft-server-2-state] TRACE i.a.p.s.impl.DefaultServiceExecutor - PrimitiveService{2}{type=io.atomix.protocols.raft.RaftTest$TestPrimitiveType@2fa5f551, name=raft-test} - Executing DefaultCommit{index=115, session=RaftSession{RaftServiceContext{server=2, type=io.atomix.protocols.raft.RaftTest$TestPrimitiveType@2fa5f551, name=raft-test, id=2}, session=2, timestamp=2018-06-07 10:46:07,944}, time=2018-06-07 10:46:07,944, operation=DefaultOperationId{id=write, type=COMMAND}, value=byte[]{length=17, hash=-1644578928}}
22:46:08.045 [ForkJoinPool.commonPool-worker-2] DEBUG i.a.storage.journal.SegmentedJournal - Closing segment: JournalSegment{id=7, version=1, index=61, size=574}
22:46:08.045 [ForkJoinPool.commonPool-worker-2] DEBUG i.a.storage.journal.SegmentedJournal - Closing segment: JournalSegment{id=8, version=1, index=71, size=549}
22:46:08.045 [ForkJoinPool.commonPool-worker-2] DEBUG i.a.storage.journal.SegmentedJournal - Closing segment: JournalSegment{id=9, version=1, index=81, size=577}
22:46:08.045 [raft-server-2-state] TRACE i.a.protocols.raft.roles.LeaderRole - RaftServer{2}{role=LEADER} - Sending CommandResponse{status=OK, index=115, eventIndex=2, result=byte[]{length=3, hash=37635}}
22:46:08.045 [ForkJoinPool.commonPool-worker-2] DEBUG i.a.storage.journal.SegmentedJournal - Closing segment: JournalSegment{id=10, version=1, index=91, size=559}
22:46:08.046 [ForkJoinPool.commonPool-worker-2] DEBUG i.a.storage.journal.SegmentedJournal - Closing segment: JournalSegment{id=11, version=1, index=101, size=584}
22:46:08.046 [ForkJoinPool.commonPool-worker-2] DEBUG i.a.storage.journal.SegmentedJournal - Closing segment: JournalSegment{id=12, version=1, index=111, size=299}
22:46:08.047 [raft-server-3] INFO  i.a.protocols.raft.impl.RaftContext - RaftServer{3} - Transitioning to INACTIVE
22:46:08.047 [raft-server-3] TRACE i.a.p.raft.roles.FollowerRole - RaftServer{3}{role=FOLLOWER} - Cancelling heartbeat timer
22:46:08.047 [ForkJoinPool.commonPool-worker-2] DEBUG i.a.storage.journal.SegmentedJournal - Closing segment: JournalSegment{id=3, version=1, index=21, size=549}
22:46:08.047 [ForkJoinPool.commonPool-worker-2] DEBUG i.a.storage.journal.SegmentedJournal - Closing segment: JournalSegment{id=4, version=1, index=31, size=465}
22:46:08.047 [ForkJoinPool.commonPool-worker-2] DEBUG i.a.storage.journal.SegmentedJournal - Closing segment: JournalSegment{id=5, version=1, index=41, size=549}
22:46:08.047 [ForkJoinPool.commonPool-worker-2] DEBUG i.a.storage.journal.SegmentedJournal - Closing segment: JournalSegment{id=6, version=1, index=51, size=474}
22:46:08.047 [ForkJoinPool.commonPool-worker-2] DEBUG i.a.storage.journal.SegmentedJournal - Closing segment: JournalSegment{id=7, version=1, index=61, size=574}
22:46:08.047 [ForkJoinPool.commonPool-worker-2] DEBUG i.a.storage.journal.SegmentedJournal - Closing segment: JournalSegment{id=8, version=1, index=71, size=549}
22:46:08.047 [ForkJoinPool.commonPool-worker-2] DEBUG i.a.storage.journal.SegmentedJournal - Closing segment: JournalSegment{id=9, version=1, index=81, size=577}
22:46:08.047 [ForkJoinPool.commonPool-worker-2] DEBUG i.a.storage.journal.SegmentedJournal - Closing segment: JournalSegment{id=10, version=1, index=91, size=559}
22:46:08.047 [ForkJoinPool.commonPool-worker-2] DEBUG i.a.storage.journal.SegmentedJournal - Closing segment: JournalSegment{id=11, version=1, index=101, size=584}
22:46:08.047 [ForkJoinPool.commonPool-worker-2] DEBUG i.a.storage.journal.SegmentedJournal - Closing segment: JournalSegment{id=12, version=1, index=111, size=299}
]]></system-out>
  </testcase>
  <testcase name="testSequenceBoundedLinearizableOperations" classname="io.atomix.protocols.raft.RaftTest" time="5.496"/>
  <testcase name="testThreeOfFourNodeSubmitCommand" classname="io.atomix.protocols.raft.RaftTest" time="2.585"/>
  <testcase name="testFourNodeSubmitQueryWithLinearizableConsistency" classname="io.atomix.protocols.raft.RaftTest" time="2.735"/>
  <testcase name="testOneNodeEvents" classname="io.atomix.protocols.raft.RaftTest" time="2.212"/>
  <testcase name="testThreeNodesManyEventsAfterLeaderShutdown" classname="io.atomix.protocols.raft.RaftTest" time="8.277"/>
  <testcase name="testClientKeepAlive" classname="io.atomix.protocols.raft.RaftTest" time="12.705"/>
  <testcase name="testFiveNodeManySessionsManyEvents" classname="io.atomix.protocols.raft.RaftTest" time="7.216"/>
  <testcase name="testFourNodeEvents" classname="io.atomix.protocols.raft.RaftTest" time="3.421"/>
  <testcase name="testPassiveJoinEvent" classname="io.atomix.protocols.raft.RaftTest" time="3.83"/>
  <testcase name="testSessionMetadata" classname="io.atomix.protocols.raft.RaftTest" time="2.849"/>
  <testcase name="testFiveNodeSequentialEvent" classname="io.atomix.protocols.raft.RaftTest" time="3.621"/>
  <testcase name="testServerLeave" classname="io.atomix.protocols.raft.RaftTest" time="2.571"/>
  <testcase name="testOneNodeSubmitQueryWithSequentialConsistency" classname="io.atomix.protocols.raft.RaftTest" time="1.771"/>
  <testcase name="testFourNodeSubmitQueryWithSequentialConsistency" classname="io.atomix.protocols.raft.RaftTest" time="4.284"/>
  <testcase name="testBlockOnEvent" classname="io.atomix.protocols.raft.RaftTest" time="3.788"/>
  <testcase name="testDemoteLeader" classname="io.atomix.protocols.raft.RaftTest" time="5.118"/>
  <testcase name="testTwoOfThreeNodeSubmitCommand" classname="io.atomix.protocols.raft.RaftTest" time="2.515"/>
  <testcase name="testOneNodeCloseEvent" classname="io.atomix.protocols.raft.RaftTest" time="1.864"/>
  <testcase name="testOneNodeSequentialEvent" classname="io.atomix.protocols.raft.RaftTest" time="2.156"/>
  <testcase name="testThreeNodeSubmitCommand" classname="io.atomix.protocols.raft.RaftTest" time="2.61"/>
  <testcase name="testActiveJoinLate" classname="io.atomix.protocols.raft.RaftTest" time="18.804">
    <error message="Test timed out while waiting for an expected result" type="java.util.concurrent.TimeoutException">java.util.concurrent.TimeoutException: Test timed out while waiting for an expected result
	at net.jodah.concurrentunit.Waiter.await(Waiter.java:168)
	at net.jodah.concurrentunit.Waiter.await(Waiter.java:115)
	at net.jodah.concurrentunit.ConcurrentTestCase.await(ConcurrentTestCase.java:98)
	at io.atomix.protocols.raft.RaftTest.testServerJoinLate(RaftTest.java:202)
	at io.atomix.protocols.raft.RaftTest.testActiveJoinLate(RaftTest.java:183)
</error>
    <system-out><![CDATA[22:47:30.084 [main] DEBUG i.a.storage.journal.SegmentedJournal - Created disk segment: JournalSegment{id=1, version=1, index=1, size=64}
22:47:30.085 [main] TRACE i.a.p.raft.storage.system.MetaStore - Store configuration Configuration{index=0, time=2018-06-07 10:47:30,084, members=[DefaultRaftMember{id=1, type=ACTIVE, updated=2018-06-07T20:47:30.084Z}, DefaultRaftMember{id=2, type=ACTIVE, updated=2018-06-07T20:47:30.084Z}, DefaultRaftMember{id=3, type=ACTIVE, updated=2018-06-07T20:47:30.084Z}]}
22:47:30.142 [raft-server-1] INFO  i.a.protocols.raft.impl.RaftContext - RaftServer{1} - Transitioning to FOLLOWER
22:47:30.143 [raft-server-1] DEBUG i.a.p.r.c.impl.RaftClusterContext - RaftServer{1} - Attempting to join via 2
22:47:30.143 [raft-server-1] TRACE i.a.p.r.c.impl.RaftClusterContext - RaftServer{1} - Cancelling join timeout
22:47:30.143 [raft-server-1] DEBUG i.a.p.r.c.impl.RaftClusterContext - RaftServer{1} - Failed to join 2
22:47:30.143 [raft-server-1] DEBUG i.a.p.r.c.impl.RaftClusterContext - RaftServer{1} - Attempting to join via 3
22:47:30.143 [raft-server-1] TRACE i.a.p.r.c.impl.RaftClusterContext - RaftServer{1} - Cancelling join timeout
22:47:30.143 [raft-server-1] DEBUG i.a.p.r.c.impl.RaftClusterContext - RaftServer{1} - Failed to join 3
22:47:30.143 [raft-server-1] DEBUG i.a.p.r.c.impl.RaftClusterContext - RaftServer{1} - Failed to join cluster, retrying...
22:47:30.375 [main] DEBUG i.a.storage.journal.SegmentedJournal - Created disk segment: JournalSegment{id=1, version=1, index=1, size=64}
22:47:30.376 [main] TRACE i.a.p.raft.storage.system.MetaStore - Store configuration Configuration{index=0, time=2018-06-07 10:47:30,376, members=[DefaultRaftMember{id=1, type=ACTIVE, updated=2018-06-07T20:47:30.376Z}, DefaultRaftMember{id=2, type=ACTIVE, updated=2018-06-07T20:47:30.376Z}, DefaultRaftMember{id=3, type=ACTIVE, updated=2018-06-07T20:47:30.376Z}]}
22:47:30.406 [raft-server-2] INFO  i.a.protocols.raft.impl.RaftContext - RaftServer{2} - Transitioning to FOLLOWER
22:47:30.407 [raft-server-2] DEBUG i.a.p.r.c.impl.RaftClusterContext - RaftServer{2} - Attempting to join via 1
22:47:30.407 [raft-server-1] TRACE i.a.p.raft.roles.FollowerRole - RaftServer{1}{role=FOLLOWER} - Received JoinRequest{member=DefaultRaftMember{id=2, type=ACTIVE, updated=2018-06-07T20:47:30.376Z}}
22:47:30.407 [raft-server-1] TRACE i.a.p.raft.roles.FollowerRole - RaftServer{1}{role=FOLLOWER} - Sending JoinResponse{status=ERROR, error=RaftError{type=NO_LEADER, message=null}}
22:47:30.407 [raft-server-2] TRACE i.a.p.r.c.impl.RaftClusterContext - RaftServer{2} - Cancelling join timeout
22:47:30.407 [raft-server-2] DEBUG i.a.p.r.c.impl.RaftClusterContext - RaftServer{2} - Failed to join 1
22:47:30.407 [raft-server-2] DEBUG i.a.p.r.c.impl.RaftClusterContext - RaftServer{2} - Attempting to join via 3
22:47:30.407 [raft-server-2] TRACE i.a.p.r.c.impl.RaftClusterContext - RaftServer{2} - Cancelling join timeout
22:47:30.407 [raft-server-2] DEBUG i.a.p.r.c.impl.RaftClusterContext - RaftServer{2} - Failed to join 3
22:47:30.407 [raft-server-2] DEBUG i.a.p.r.c.impl.RaftClusterContext - RaftServer{2} - Failed to join cluster, retrying...
22:47:30.659 [main] DEBUG i.a.storage.journal.SegmentedJournal - Created disk segment: JournalSegment{id=1, version=1, index=1, size=64}
22:47:30.659 [main] TRACE i.a.p.raft.storage.system.MetaStore - Store configuration Configuration{index=0, time=2018-06-07 10:47:30,659, members=[DefaultRaftMember{id=1, type=ACTIVE, updated=2018-06-07T20:47:30.659Z}, DefaultRaftMember{id=2, type=ACTIVE, updated=2018-06-07T20:47:30.659Z}, DefaultRaftMember{id=3, type=ACTIVE, updated=2018-06-07T20:47:30.659Z}]}
22:47:30.728 [raft-server-3] INFO  i.a.protocols.raft.impl.RaftContext - RaftServer{3} - Transitioning to FOLLOWER
22:47:30.728 [raft-server-3] DEBUG i.a.p.r.c.impl.RaftClusterContext - RaftServer{3} - Attempting to join via 1
22:47:30.728 [raft-server-1] TRACE i.a.p.raft.roles.FollowerRole - RaftServer{1}{role=FOLLOWER} - Received JoinRequest{member=DefaultRaftMember{id=3, type=ACTIVE, updated=2018-06-07T20:47:30.659Z}}
22:47:30.728 [raft-server-1] TRACE i.a.p.raft.roles.FollowerRole - RaftServer{1}{role=FOLLOWER} - Sending JoinResponse{status=ERROR, error=RaftError{type=NO_LEADER, message=null}}
22:47:30.728 [raft-server-3] TRACE i.a.p.r.c.impl.RaftClusterContext - RaftServer{3} - Cancelling join timeout
22:47:30.728 [raft-server-3] DEBUG i.a.p.r.c.impl.RaftClusterContext - RaftServer{3} - Failed to join 1
22:47:30.728 [raft-server-3] DEBUG i.a.p.r.c.impl.RaftClusterContext - RaftServer{3} - Attempting to join via 2
22:47:30.729 [raft-server-2] TRACE i.a.p.raft.roles.FollowerRole - RaftServer{2}{role=FOLLOWER} - Received JoinRequest{member=DefaultRaftMember{id=3, type=ACTIVE, updated=2018-06-07T20:47:30.659Z}}
22:47:30.729 [raft-server-2] TRACE i.a.p.raft.roles.FollowerRole - RaftServer{2}{role=FOLLOWER} - Sending JoinResponse{status=ERROR, error=RaftError{type=NO_LEADER, message=null}}
22:47:30.729 [raft-server-3] TRACE i.a.p.r.c.impl.RaftClusterContext - RaftServer{3} - Cancelling join timeout
22:47:30.729 [raft-server-3] DEBUG i.a.p.r.c.impl.RaftClusterContext - RaftServer{3} - Failed to join 2
22:47:30.729 [raft-server-3] DEBUG i.a.p.r.c.impl.RaftClusterContext - RaftServer{3} - Failed to join cluster, retrying...
22:47:31.261 [raft-server-2] DEBUG i.a.p.raft.roles.FollowerRole - RaftServer{2}{role=FOLLOWER} - Heartbeat timed out in PT0.854S
22:47:31.261 [raft-server-2] DEBUG i.a.p.raft.roles.FollowerRole - RaftServer{2}{role=FOLLOWER} - Polling members [DefaultRaftMember{id=1, type=ACTIVE, updated=2018-06-07T20:47:30.376Z}, DefaultRaftMember{id=3, type=ACTIVE, updated=2018-06-07T20:47:30.376Z}]
22:47:31.261 [raft-server-2] DEBUG i.a.p.raft.roles.FollowerRole - RaftServer{2}{role=FOLLOWER} - Polling DefaultRaftMember{id=1, type=ACTIVE, updated=2018-06-07T20:47:30.376Z} for next term 1
22:47:31.261 [raft-server-2] DEBUG i.a.p.raft.roles.FollowerRole - RaftServer{2}{role=FOLLOWER} - Polling DefaultRaftMember{id=3, type=ACTIVE, updated=2018-06-07T20:47:30.376Z} for next term 1
22:47:31.261 [raft-server-1] TRACE i.a.p.raft.roles.FollowerRole - RaftServer{1}{role=FOLLOWER} - Received PollRequest{term=0, candidate=2, lastLogIndex=0, lastLogTerm=0}
22:47:31.261 [raft-server-1] DEBUG i.a.p.raft.roles.FollowerRole - RaftServer{1}{role=FOLLOWER} - Accepted PollRequest{term=0, candidate=2, lastLogIndex=0, lastLogTerm=0}: candidate's log is up-to-date
22:47:31.261 [raft-server-1] TRACE i.a.p.raft.roles.FollowerRole - RaftServer{1}{role=FOLLOWER} - Sending PollResponse{status=OK, term=0, accepted=true}
22:47:31.261 [raft-server-3] TRACE i.a.p.raft.roles.FollowerRole - RaftServer{3}{role=FOLLOWER} - Received PollRequest{term=0, candidate=2, lastLogIndex=0, lastLogTerm=0}
22:47:31.261 [raft-server-2] DEBUG i.a.p.raft.roles.FollowerRole - RaftServer{2}{role=FOLLOWER} - Received accepted poll from DefaultRaftMember{id=1, type=ACTIVE, updated=2018-06-07T20:47:30.376Z}
22:47:31.261 [raft-server-3] DEBUG i.a.p.raft.roles.FollowerRole - RaftServer{3}{role=FOLLOWER} - Accepted PollRequest{term=0, candidate=2, lastLogIndex=0, lastLogTerm=0}: candidate's log is up-to-date
22:47:31.261 [raft-server-2] INFO  i.a.protocols.raft.impl.RaftContext - RaftServer{2} - Transitioning to CANDIDATE
22:47:31.261 [raft-server-3] TRACE i.a.p.raft.roles.FollowerRole - RaftServer{3}{role=FOLLOWER} - Sending PollResponse{status=OK, term=0, accepted=true}
22:47:31.262 [raft-server-2] TRACE i.a.p.raft.roles.FollowerRole - RaftServer{2}{role=FOLLOWER} - Cancelling heartbeat timer
22:47:31.262 [raft-server-2] INFO  i.a.p.raft.roles.CandidateRole - RaftServer{2}{role=CANDIDATE} - Starting election
22:47:31.262 [raft-server-2] TRACE i.a.p.raft.storage.system.MetaStore - Store term 1
22:47:31.409 [raft-server-2] TRACE i.a.p.raft.storage.system.MetaStore - Store vote null
22:47:31.450 [raft-server-2] DEBUG i.a.protocols.raft.impl.RaftContext - RaftServer{2} - Set term 1
22:47:31.450 [raft-server-2] TRACE i.a.p.raft.storage.system.MetaStore - Store vote 2
22:47:31.500 [raft-server-2] DEBUG i.a.protocols.raft.impl.RaftContext - RaftServer{2} - Voted for 2
22:47:31.500 [raft-server-2] DEBUG i.a.p.raft.roles.CandidateRole - RaftServer{2}{role=CANDIDATE} - Requesting votes for term 1
22:47:31.500 [raft-server-2] DEBUG i.a.p.raft.roles.CandidateRole - RaftServer{2}{role=CANDIDATE} - Requesting vote from DefaultRaftMember{id=1, type=ACTIVE, updated=2018-06-07T20:47:30.376Z} for term 1
22:47:31.500 [raft-server-2] DEBUG i.a.p.raft.roles.CandidateRole - RaftServer{2}{role=CANDIDATE} - Requesting vote from DefaultRaftMember{id=3, type=ACTIVE, updated=2018-06-07T20:47:30.376Z} for term 1
22:47:31.501 [raft-server-1] TRACE i.a.p.raft.roles.FollowerRole - RaftServer{1}{role=FOLLOWER} - Received VoteRequest{term=1, candidate=2, lastLogIndex=0, lastLogTerm=0}
22:47:31.501 [raft-server-3] TRACE i.a.p.raft.roles.FollowerRole - RaftServer{3}{role=FOLLOWER} - Received VoteRequest{term=1, candidate=2, lastLogIndex=0, lastLogTerm=0}
22:47:31.501 [raft-server-1] TRACE i.a.p.raft.storage.system.MetaStore - Store term 1
22:47:31.501 [raft-server-3] TRACE i.a.p.raft.storage.system.MetaStore - Store term 1
22:47:31.550 [raft-server-1] TRACE i.a.p.raft.storage.system.MetaStore - Store vote null
22:47:31.550 [raft-server-3] TRACE i.a.p.raft.storage.system.MetaStore - Store vote null
22:47:31.600 [raft-server-1] DEBUG i.a.protocols.raft.impl.RaftContext - RaftServer{1} - Set term 1
22:47:31.600 [raft-server-3] DEBUG i.a.protocols.raft.impl.RaftContext - RaftServer{3} - Set term 1
22:47:31.601 [raft-server-1] DEBUG i.a.p.raft.roles.FollowerRole - RaftServer{1}{role=FOLLOWER} - Accepted VoteRequest{term=1, candidate=2, lastLogIndex=0, lastLogTerm=0}: candidate's log is up-to-date
22:47:31.601 [raft-server-3] DEBUG i.a.p.raft.roles.FollowerRole - RaftServer{3}{role=FOLLOWER} - Accepted VoteRequest{term=1, candidate=2, lastLogIndex=0, lastLogTerm=0}: candidate's log is up-to-date
22:47:31.601 [raft-server-1] TRACE i.a.p.raft.storage.system.MetaStore - Store vote 2
22:47:31.601 [raft-server-3] TRACE i.a.p.raft.storage.system.MetaStore - Store vote 2
22:47:31.667 [raft-server-3] DEBUG i.a.protocols.raft.impl.RaftContext - RaftServer{3} - Voted for 2
22:47:31.667 [raft-server-1] DEBUG i.a.protocols.raft.impl.RaftContext - RaftServer{1} - Voted for 2
22:47:31.667 [raft-server-3] TRACE i.a.p.raft.roles.FollowerRole - RaftServer{3}{role=FOLLOWER} - Sending VoteResponse{status=OK, term=1, voted=true}
22:47:31.667 [raft-server-1] TRACE i.a.p.raft.roles.FollowerRole - RaftServer{1}{role=FOLLOWER} - Sending VoteResponse{status=OK, term=1, voted=true}
22:47:31.667 [raft-server-1] TRACE i.a.p.r.c.impl.RaftClusterContext - RaftServer{1} - Cancelling join timeout
22:47:31.667 [raft-server-2] DEBUG i.a.p.raft.roles.CandidateRole - RaftServer{2}{role=CANDIDATE} - Received successful vote from DefaultRaftMember{id=3, type=ACTIVE, updated=2018-06-07T20:47:30.376Z}
22:47:31.667 [raft-server-2] INFO  i.a.protocols.raft.impl.RaftContext - RaftServer{2} - Transitioning to LEADER
22:47:31.667 [raft-server-1] DEBUG i.a.p.r.c.impl.RaftClusterContext - RaftServer{1} - Attempting to join via 2
22:47:31.667 [raft-server-2] DEBUG i.a.p.raft.roles.CandidateRole - RaftServer{2}{role=CANDIDATE} - Cancelling election
22:47:31.667 [raft-server-2] INFO  i.a.protocols.raft.impl.RaftContext - RaftServer{2} - Found leader 2
22:47:31.667 [raft-server-2] TRACE i.a.p.raft.storage.system.MetaStore - Store vote null
22:47:31.726 [raft-server-2] TRACE i.a.protocols.raft.roles.LeaderRole - RaftServer{2}{role=LEADER} - Appended Indexed{index=1, entry=InitializeEntry{term=1, timestamp=2018-06-07 10:47:31,667}}
22:47:31.726 [raft-server-2] DEBUG i.a.p.raft.roles.LeaderAppender - RaftServer{2} - Configuring 1
22:47:31.726 [raft-server-2] TRACE i.a.p.raft.roles.LeaderAppender - RaftServer{2} - Sending ConfigureRequest{term=1, leader=2, index=0, timestamp=1528404450376, members=[DefaultRaftMember{id=1, type=ACTIVE, updated=2018-06-07T20:47:30.376Z}, DefaultRaftMember{id=2, type=ACTIVE, updated=2018-06-07T20:47:30.376Z}, DefaultRaftMember{id=3, type=ACTIVE, updated=2018-06-07T20:47:30.376Z}]} to 1
22:47:31.726 [raft-server-2] DEBUG i.a.p.raft.roles.LeaderAppender - RaftServer{2} - Configuring 3
22:47:31.726 [raft-server-1] TRACE i.a.p.raft.roles.FollowerRole - RaftServer{1}{role=FOLLOWER} - Received ConfigureRequest{term=1, leader=2, index=0, timestamp=1528404450376, members=[DefaultRaftMember{id=1, type=ACTIVE, updated=2018-06-07T20:47:30.376Z}, DefaultRaftMember{id=2, type=ACTIVE, updated=2018-06-07T20:47:30.376Z}, DefaultRaftMember{id=3, type=ACTIVE, updated=2018-06-07T20:47:30.376Z}]}
22:47:31.726 [raft-server-2] TRACE i.a.p.raft.roles.LeaderAppender - RaftServer{2} - Sending ConfigureRequest{term=1, leader=2, index=0, timestamp=1528404450376, members=[DefaultRaftMember{id=1, type=ACTIVE, updated=2018-06-07T20:47:30.376Z}, DefaultRaftMember{id=2, type=ACTIVE, updated=2018-06-07T20:47:30.376Z}, DefaultRaftMember{id=3, type=ACTIVE, updated=2018-06-07T20:47:30.376Z}]} to 3
22:47:31.726 [raft-server-1] INFO  i.a.protocols.raft.impl.RaftContext - RaftServer{1} - Found leader 2
22:47:31.726 [raft-server-1] TRACE i.a.p.raft.storage.system.MetaStore - Store vote null
22:47:31.726 [raft-server-3] TRACE i.a.p.raft.roles.FollowerRole - RaftServer{3}{role=FOLLOWER} - Received ConfigureRequest{term=1, leader=2, index=0, timestamp=1528404450376, members=[DefaultRaftMember{id=1, type=ACTIVE, updated=2018-06-07T20:47:30.376Z}, DefaultRaftMember{id=2, type=ACTIVE, updated=2018-06-07T20:47:30.376Z}, DefaultRaftMember{id=3, type=ACTIVE, updated=2018-06-07T20:47:30.376Z}]}
22:47:31.726 [raft-server-3] INFO  i.a.protocols.raft.impl.RaftContext - RaftServer{3} - Found leader 2
22:47:31.727 [raft-server-3] TRACE i.a.p.raft.storage.system.MetaStore - Store vote null
22:47:31.727 [raft-server-2] TRACE i.a.protocols.raft.roles.LeaderRole - RaftServer{2}{role=LEADER} - Starting append timer
22:47:31.727 [raft-server-2] TRACE i.a.protocols.raft.roles.LeaderRole - RaftServer{2}{role=LEADER} - Received JoinRequest{member=DefaultRaftMember{id=1, type=ACTIVE, updated=2018-06-07T20:47:30.084Z}}
22:47:31.727 [raft-server-2] TRACE i.a.protocols.raft.roles.LeaderRole - RaftServer{2}{role=LEADER} - Sending JoinResponse{status=ERROR, error=null}
22:47:31.727 [raft-server-2] TRACE i.a.p.raft.roles.LeaderAppender - RaftServer{2} - Sending AppendRequest{term=1, leader=2, prevLogIndex=0, prevLogTerm=0, entries=0, commitIndex=0} to 1
22:47:31.727 [raft-server-2] TRACE i.a.p.raft.roles.LeaderAppender - RaftServer{2} - Sending AppendRequest{term=1, leader=2, prevLogIndex=0, prevLogTerm=0, entries=0, commitIndex=0} to 3
22:47:31.853 [raft-server-1] TRACE i.a.p.raft.roles.FollowerRole - RaftServer{1}{role=FOLLOWER} - Sending ConfigureResponse{status=OK}
22:47:31.853 [raft-server-3] TRACE i.a.p.raft.roles.FollowerRole - RaftServer{3}{role=FOLLOWER} - Sending ConfigureResponse{status=OK}
22:47:31.853 [raft-server-1] TRACE i.a.p.r.c.impl.RaftClusterContext - RaftServer{1} - Cancelling join timeout
22:47:31.853 [raft-server-2] TRACE i.a.p.raft.roles.LeaderAppender - RaftServer{2} - Received ConfigureResponse{status=OK} from 1
22:47:31.853 [raft-server-3] TRACE i.a.p.raft.roles.FollowerRole - RaftServer{3}{role=FOLLOWER} - Received AppendRequest{term=1, leader=2, prevLogIndex=0, prevLogTerm=0, entries=0, commitIndex=0}
22:47:31.853 [raft-server-1] DEBUG i.a.p.r.c.impl.RaftClusterContext - RaftServer{1} - Failed to join 2
22:47:31.853 [raft-server-2] TRACE i.a.p.raft.roles.LeaderAppender - RaftServer{2} - Received ConfigureResponse{status=OK} from 3
22:47:31.853 [raft-server-3] TRACE i.a.p.raft.roles.FollowerRole - RaftServer{3}{role=FOLLOWER} - Sending AppendResponse{status=OK, term=1, succeeded=true, lastLogIndex=0}
22:47:31.854 [raft-server-1] TRACE i.a.p.raft.roles.FollowerRole - RaftServer{1}{role=FOLLOWER} - Received AppendRequest{term=1, leader=2, prevLogIndex=0, prevLogTerm=0, entries=0, commitIndex=0}
22:47:31.854 [raft-server-1] TRACE i.a.p.raft.roles.FollowerRole - RaftServer{1}{role=FOLLOWER} - Sending AppendResponse{status=OK, term=1, succeeded=true, lastLogIndex=0}
22:47:31.854 [raft-server-2] TRACE i.a.p.raft.roles.LeaderAppender - RaftServer{2} - Received AppendResponse{status=OK, term=1, succeeded=true, lastLogIndex=0} from 3
22:47:31.854 [raft-server-2] TRACE i.a.p.raft.roles.LeaderAppender - RaftServer{2} - Sending AppendRequest{term=1, leader=2, prevLogIndex=0, prevLogTerm=0, entries=1, commitIndex=0} to 3
22:47:31.854 [raft-server-3] TRACE i.a.p.raft.roles.FollowerRole - RaftServer{3}{role=FOLLOWER} - Received AppendRequest{term=1, leader=2, prevLogIndex=0, prevLogTerm=0, entries=1, commitIndex=0}
22:47:31.854 [raft-server-2] TRACE i.a.p.raft.roles.LeaderAppender - RaftServer{2} - Received AppendResponse{status=OK, term=1, succeeded=true, lastLogIndex=0} from 1
22:47:31.854 [raft-server-3] DEBUG i.a.p.raft.roles.FollowerRole - RaftServer{3}{role=FOLLOWER} - Reset first index to 1
22:47:31.854 [raft-server-2] TRACE i.a.p.raft.roles.LeaderAppender - RaftServer{2} - Sending AppendRequest{term=1, leader=2, prevLogIndex=0, prevLogTerm=0, entries=1, commitIndex=0} to 1
22:47:31.854 [raft-server-1] TRACE i.a.p.raft.roles.FollowerRole - RaftServer{1}{role=FOLLOWER} - Received AppendRequest{term=1, leader=2, prevLogIndex=0, prevLogTerm=0, entries=1, commitIndex=0}
22:47:31.854 [raft-server-1] DEBUG i.a.p.raft.roles.FollowerRole - RaftServer{1}{role=FOLLOWER} - Reset first index to 1
22:47:31.854 [raft-server-3] TRACE i.a.p.raft.roles.FollowerRole - RaftServer{3}{role=FOLLOWER} - Appended Indexed{index=1, entry=InitializeEntry{term=1, timestamp=2018-06-07 10:47:31,667}}
22:47:31.854 [raft-server-3] TRACE i.a.p.raft.roles.FollowerRole - RaftServer{3}{role=FOLLOWER} - Sending AppendResponse{status=OK, term=1, succeeded=true, lastLogIndex=1}
22:47:31.854 [raft-server-1] TRACE i.a.p.raft.roles.FollowerRole - RaftServer{1}{role=FOLLOWER} - Appended Indexed{index=1, entry=InitializeEntry{term=1, timestamp=2018-06-07 10:47:31,667}}
22:47:31.854 [raft-server-1] TRACE i.a.p.raft.roles.FollowerRole - RaftServer{1}{role=FOLLOWER} - Sending AppendResponse{status=OK, term=1, succeeded=true, lastLogIndex=1}
22:47:31.854 [raft-server-2] TRACE i.a.p.raft.roles.LeaderAppender - RaftServer{2} - Received AppendResponse{status=OK, term=1, succeeded=true, lastLogIndex=1} from 3
22:47:31.854 [raft-server-2] TRACE i.a.p.raft.roles.LeaderAppender - RaftServer{2} - Committed entries up to 1
22:47:31.898 [raft-server-2] TRACE i.a.p.raft.roles.LeaderAppender - RaftServer{2} - Received AppendResponse{status=OK, term=1, succeeded=true, lastLogIndex=1} from 1
22:47:31.898 [raft-server-2-state] TRACE i.a.p.raft.impl.RaftServiceManager - RaftServer{2} - Applying Indexed{index=1, entry=InitializeEntry{term=1, timestamp=2018-06-07 10:47:31,667}}
22:47:31.907 [raft-server-2] TRACE i.a.p.r.c.impl.RaftClusterContext - RaftServer{2} - Cancelling join timeout
22:47:31.907 [raft-server-2] DEBUG i.a.p.r.c.impl.RaftClusterContext - RaftServer{2} - Attempting to join via 1
22:47:31.907 [raft-server-1] TRACE i.a.p.raft.roles.FollowerRole - RaftServer{1}{role=FOLLOWER} - Received JoinRequest{member=DefaultRaftMember{id=2, type=ACTIVE, updated=2018-06-07T20:47:30.376Z}}
22:47:31.908 [raft-server-2] TRACE i.a.protocols.raft.roles.LeaderRole - RaftServer{2}{role=LEADER} - Received JoinRequest{member=DefaultRaftMember{id=2, type=ACTIVE, updated=2018-06-07T20:47:30.376Z}}
22:47:31.908 [raft-server-2] TRACE i.a.protocols.raft.roles.LeaderRole - RaftServer{2}{role=LEADER} - Sending JoinResponse{status=OK, index=0, term=0, timestamp=1528404450376, members=[DefaultRaftMember{id=1, type=ACTIVE, updated=2018-06-07T20:47:30.376Z}, DefaultRaftMember{id=2, type=ACTIVE, updated=2018-06-07T20:47:30.376Z}, DefaultRaftMember{id=3, type=ACTIVE, updated=2018-06-07T20:47:30.376Z}]}
22:47:31.908 [raft-server-1] TRACE i.a.p.raft.roles.FollowerRole - RaftServer{1}{role=FOLLOWER} - Sending JoinResponse{status=OK, index=0, term=0, timestamp=1528404450376, members=[DefaultRaftMember{id=1, type=ACTIVE, updated=2018-06-07T20:47:30.376Z}, DefaultRaftMember{id=2, type=ACTIVE, updated=2018-06-07T20:47:30.376Z}, DefaultRaftMember{id=3, type=ACTIVE, updated=2018-06-07T20:47:30.376Z}]}
22:47:31.908 [raft-server-2] TRACE i.a.p.r.c.impl.RaftClusterContext - RaftServer{2} - Cancelling join timeout
22:47:31.908 [raft-server-2] INFO  i.a.p.r.c.impl.RaftClusterContext - RaftServer{2} - Successfully joined via 1
22:47:31.908 [raft-server-2] INFO  i.a.p.raft.impl.DefaultRaftServer - RaftServer{2} - Server started successfully!
22:47:31.977 [raft-server-2] TRACE i.a.p.raft.roles.LeaderAppender - RaftServer{2} - Sending AppendRequest{term=1, leader=2, prevLogIndex=1, prevLogTerm=1, entries=0, commitIndex=1} to 1
22:47:31.977 [raft-server-2] TRACE i.a.p.raft.roles.LeaderAppender - RaftServer{2} - Sending AppendRequest{term=1, leader=2, prevLogIndex=1, prevLogTerm=1, entries=0, commitIndex=1} to 3
22:47:31.977 [raft-server-1] TRACE i.a.p.raft.roles.FollowerRole - RaftServer{1}{role=FOLLOWER} - Received AppendRequest{term=1, leader=2, prevLogIndex=1, prevLogTerm=1, entries=0, commitIndex=1}
22:47:31.977 [raft-server-3] TRACE i.a.p.raft.roles.FollowerRole - RaftServer{3}{role=FOLLOWER} - Received AppendRequest{term=1, leader=2, prevLogIndex=1, prevLogTerm=1, entries=0, commitIndex=1}
22:47:32.100 [raft-server-3] TRACE i.a.p.raft.roles.FollowerRole - RaftServer{3}{role=FOLLOWER} - Committed entries up to index 1
22:47:32.100 [raft-server-3] TRACE i.a.p.raft.roles.FollowerRole - RaftServer{3}{role=FOLLOWER} - Sending AppendResponse{status=OK, term=1, succeeded=true, lastLogIndex=1}
22:47:32.100 [raft-server-1] TRACE i.a.p.raft.roles.FollowerRole - RaftServer{1}{role=FOLLOWER} - Committed entries up to index 1
22:47:32.100 [raft-server-1] TRACE i.a.p.raft.roles.FollowerRole - RaftServer{1}{role=FOLLOWER} - Sending AppendResponse{status=OK, term=1, succeeded=true, lastLogIndex=1}
22:47:32.100 [raft-server-1-state] TRACE i.a.p.raft.impl.RaftServiceManager - RaftServer{1} - Applying Indexed{index=1, entry=InitializeEntry{term=1, timestamp=2018-06-07 10:47:31,667}}
22:47:32.100 [raft-server-3-state] TRACE i.a.p.raft.impl.RaftServiceManager - RaftServer{3} - Applying Indexed{index=1, entry=InitializeEntry{term=1, timestamp=2018-06-07 10:47:31,667}}
22:47:32.100 [raft-server-2] TRACE i.a.p.raft.roles.LeaderAppender - RaftServer{2} - Received AppendResponse{status=OK, term=1, succeeded=true, lastLogIndex=1} from 3
22:47:32.101 [raft-server-2] TRACE i.a.p.raft.roles.LeaderAppender - RaftServer{2} - Sending AppendRequest{term=1, leader=2, prevLogIndex=1, prevLogTerm=1, entries=0, commitIndex=1} to 3
22:47:32.101 [raft-server-2] TRACE i.a.p.raft.roles.LeaderAppender - RaftServer{2} - Received AppendResponse{status=OK, term=1, succeeded=true, lastLogIndex=1} from 1
22:47:32.101 [raft-server-3] TRACE i.a.p.raft.roles.FollowerRole - RaftServer{3}{role=FOLLOWER} - Received AppendRequest{term=1, leader=2, prevLogIndex=1, prevLogTerm=1, entries=0, commitIndex=1}
22:47:32.101 [raft-server-2] TRACE i.a.p.raft.roles.LeaderAppender - RaftServer{2} - Sending AppendRequest{term=1, leader=2, prevLogIndex=1, prevLogTerm=1, entries=0, commitIndex=1} to 1
22:47:32.101 [raft-server-3] TRACE i.a.p.raft.roles.FollowerRole - RaftServer{3}{role=FOLLOWER} - Sending AppendResponse{status=OK, term=1, succeeded=true, lastLogIndex=1}
22:47:32.101 [raft-server-1] TRACE i.a.p.raft.roles.FollowerRole - RaftServer{1}{role=FOLLOWER} - Received AppendRequest{term=1, leader=2, prevLogIndex=1, prevLogTerm=1, entries=0, commitIndex=1}
22:47:32.101 [raft-server-2] TRACE i.a.p.raft.roles.LeaderAppender - RaftServer{2} - Received AppendResponse{status=OK, term=1, succeeded=true, lastLogIndex=1} from 3
22:47:32.101 [raft-server-1] TRACE i.a.p.raft.roles.FollowerRole - RaftServer{1}{role=FOLLOWER} - Sending AppendResponse{status=OK, term=1, succeeded=true, lastLogIndex=1}
22:47:32.101 [raft-server-2] TRACE i.a.p.raft.roles.LeaderAppender - RaftServer{2} - Received AppendResponse{status=OK, term=1, succeeded=true, lastLogIndex=1} from 1
22:47:32.227 [raft-server-2] TRACE i.a.p.raft.roles.LeaderAppender - RaftServer{2} - Sending AppendRequest{term=1, leader=2, prevLogIndex=1, prevLogTerm=1, entries=0, commitIndex=1} to 1
22:47:32.227 [raft-server-2] TRACE i.a.p.raft.roles.LeaderAppender - RaftServer{2} - Sending AppendRequest{term=1, leader=2, prevLogIndex=1, prevLogTerm=1, entries=0, commitIndex=1} to 3
22:47:32.227 [raft-server-1] TRACE i.a.p.raft.roles.FollowerRole - RaftServer{1}{role=FOLLOWER} - Received AppendRequest{term=1, leader=2, prevLogIndex=1, prevLogTerm=1, entries=0, commitIndex=1}
22:47:32.227 [raft-server-3] TRACE i.a.p.raft.roles.FollowerRole - RaftServer{3}{role=FOLLOWER} - Received AppendRequest{term=1, leader=2, prevLogIndex=1, prevLogTerm=1, entries=0, commitIndex=1}
22:47:32.227 [raft-server-1] TRACE i.a.p.raft.roles.FollowerRole - RaftServer{1}{role=FOLLOWER} - Sending AppendResponse{status=OK, term=1, succeeded=true, lastLogIndex=1}
22:47:32.227 [raft-server-3] TRACE i.a.p.raft.roles.FollowerRole - RaftServer{3}{role=FOLLOWER} - Sending AppendResponse{status=OK, term=1, succeeded=true, lastLogIndex=1}
22:47:32.227 [raft-server-2] TRACE i.a.p.raft.roles.LeaderAppender - RaftServer{2} - Received AppendResponse{status=OK, term=1, succeeded=true, lastLogIndex=1} from 1
22:47:32.227 [raft-server-2] TRACE i.a.p.raft.roles.LeaderAppender - RaftServer{2} - Sending AppendRequest{term=1, leader=2, prevLogIndex=1, prevLogTerm=1, entries=0, commitIndex=1} to 1
22:47:32.227 [raft-server-2] TRACE i.a.p.raft.roles.LeaderAppender - RaftServer{2} - Received AppendResponse{status=OK, term=1, succeeded=true, lastLogIndex=1} from 3
22:47:32.227 [raft-server-1] TRACE i.a.p.raft.roles.FollowerRole - RaftServer{1}{role=FOLLOWER} - Received AppendRequest{term=1, leader=2, prevLogIndex=1, prevLogTerm=1, entries=0, commitIndex=1}
22:47:32.227 [raft-server-2] TRACE i.a.p.raft.roles.LeaderAppender - RaftServer{2} - Sending AppendRequest{term=1, leader=2, prevLogIndex=1, prevLogTerm=1, entries=0, commitIndex=1} to 3
22:47:32.227 [raft-server-1] TRACE i.a.p.raft.roles.FollowerRole - RaftServer{1}{role=FOLLOWER} - Sending AppendResponse{status=OK, term=1, succeeded=true, lastLogIndex=1}
22:47:32.227 [raft-server-3] TRACE i.a.p.raft.roles.FollowerRole - RaftServer{3}{role=FOLLOWER} - Received AppendRequest{term=1, leader=2, prevLogIndex=1, prevLogTerm=1, entries=0, commitIndex=1}
22:47:32.227 [raft-server-2] TRACE i.a.p.raft.roles.LeaderAppender - RaftServer{2} - Received AppendResponse{status=OK, term=1, succeeded=true, lastLogIndex=1} from 1
22:47:32.227 [raft-server-3] TRACE i.a.p.raft.roles.FollowerRole - RaftServer{3}{role=FOLLOWER} - Sending AppendResponse{status=OK, term=1, succeeded=true, lastLogIndex=1}
22:47:32.227 [raft-server-2] TRACE i.a.p.raft.roles.LeaderAppender - RaftServer{2} - Sending AppendRequest{term=1, leader=2, prevLogIndex=1, prevLogTerm=1, entries=0, commitIndex=1} to 1
22:47:32.228 [raft-server-1] TRACE i.a.p.raft.roles.FollowerRole - RaftServer{1}{role=FOLLOWER} - Received AppendRequest{term=1, leader=2, prevLogIndex=1, prevLogTerm=1, entries=0, commitIndex=1}
22:47:32.228 [raft-server-2] TRACE i.a.p.raft.roles.LeaderAppender - RaftServer{2} - Received AppendResponse{status=OK, term=1, succeeded=true, lastLogIndex=1} from 3
22:47:32.228 [raft-server-1] TRACE i.a.p.raft.roles.FollowerRole - RaftServer{1}{role=FOLLOWER} - Sending AppendResponse{status=OK, term=1, succeeded=true, lastLogIndex=1}
22:47:32.228 [raft-server-2] TRACE i.a.p.raft.roles.LeaderAppender - RaftServer{2} - Sending AppendRequest{term=1, leader=2, prevLogIndex=1, prevLogTerm=1, entries=0, commitIndex=1} to 3
22:47:32.228 [raft-server-2] TRACE i.a.p.raft.roles.LeaderAppender - RaftServer{2} - Received AppendResponse{status=OK, term=1, succeeded=true, lastLogIndex=1} from 1
22:47:32.228 [raft-server-3] TRACE i.a.p.raft.roles.FollowerRole - RaftServer{3}{role=FOLLOWER} - Received AppendRequest{term=1, leader=2, prevLogIndex=1, prevLogTerm=1, entries=0, commitIndex=1}
22:47:32.228 [raft-server-2] TRACE i.a.p.raft.roles.LeaderAppender - RaftServer{2} - Sending AppendRequest{term=1, leader=2, prevLogIndex=1, prevLogTerm=1, entries=0, commitIndex=1} to 1
22:47:32.228 [raft-server-3] TRACE i.a.p.raft.roles.FollowerRole - RaftServer{3}{role=FOLLOWER} - Sending AppendResponse{status=OK, term=1, succeeded=true, lastLogIndex=1}
22:47:32.228 [raft-server-1] TRACE i.a.p.raft.roles.FollowerRole - RaftServer{1}{role=FOLLOWER} - Received AppendRequest{term=1, leader=2, prevLogIndex=1, prevLogTerm=1, entries=0, commitIndex=1}
22:47:32.228 [raft-server-2] TRACE i.a.p.raft.roles.LeaderAppender - RaftServer{2} - Received AppendResponse{status=OK, term=1, succeeded=true, lastLogIndex=1} from 3
22:47:32.228 [raft-server-1] TRACE i.a.p.raft.roles.FollowerRole - RaftServer{1}{role=FOLLOWER} - Sending AppendResponse{status=OK, term=1, succeeded=true, lastLogIndex=1}
22:47:32.228 [raft-server-2] TRACE i.a.p.raft.roles.LeaderAppender - RaftServer{2} - Received AppendResponse{status=OK, term=1, succeeded=true, lastLogIndex=1} from 1
22:47:32.229 [raft-server-3] TRACE i.a.p.r.c.impl.RaftClusterContext - RaftServer{3} - Cancelling join timeout
22:47:32.229 [raft-server-3] DEBUG i.a.p.r.c.impl.RaftClusterContext - RaftServer{3} - Attempting to join via 1
22:47:32.229 [raft-server-1] TRACE i.a.p.raft.roles.FollowerRole - RaftServer{1}{role=FOLLOWER} - Received JoinRequest{member=DefaultRaftMember{id=3, type=ACTIVE, updated=2018-06-07T20:47:30.659Z}}
22:47:32.229 [raft-server-2] TRACE i.a.protocols.raft.roles.LeaderRole - RaftServer{2}{role=LEADER} - Received JoinRequest{member=DefaultRaftMember{id=3, type=ACTIVE, updated=2018-06-07T20:47:30.659Z}}
22:47:32.229 [raft-server-2] TRACE i.a.protocols.raft.roles.LeaderRole - RaftServer{2}{role=LEADER} - Sending JoinResponse{status=OK, index=0, term=0, timestamp=1528404450376, members=[DefaultRaftMember{id=1, type=ACTIVE, updated=2018-06-07T20:47:30.376Z}, DefaultRaftMember{id=2, type=ACTIVE, updated=2018-06-07T20:47:30.376Z}, DefaultRaftMember{id=3, type=ACTIVE, updated=2018-06-07T20:47:30.376Z}]}
22:47:32.229 [raft-server-1] TRACE i.a.p.raft.roles.FollowerRole - RaftServer{1}{role=FOLLOWER} - Sending JoinResponse{status=OK, index=0, term=0, timestamp=1528404450376, members=[DefaultRaftMember{id=1, type=ACTIVE, updated=2018-06-07T20:47:30.376Z}, DefaultRaftMember{id=2, type=ACTIVE, updated=2018-06-07T20:47:30.376Z}, DefaultRaftMember{id=3, type=ACTIVE, updated=2018-06-07T20:47:30.376Z}]}
22:47:32.229 [raft-server-3] TRACE i.a.p.r.c.impl.RaftClusterContext - RaftServer{3} - Cancelling join timeout
22:47:32.229 [raft-server-3] INFO  i.a.p.r.c.impl.RaftClusterContext - RaftServer{3} - Successfully joined via 1
22:47:32.229 [raft-server-3] INFO  i.a.p.raft.impl.DefaultRaftServer - RaftServer{3} - Server started successfully!
22:47:32.477 [raft-server-2] TRACE i.a.p.raft.roles.LeaderAppender - RaftServer{2} - Sending AppendRequest{term=1, leader=2, prevLogIndex=1, prevLogTerm=1, entries=0, commitIndex=1} to 1
22:47:32.477 [raft-server-2] TRACE i.a.p.raft.roles.LeaderAppender - RaftServer{2} - Sending AppendRequest{term=1, leader=2, prevLogIndex=1, prevLogTerm=1, entries=0, commitIndex=1} to 3
22:47:32.477 [raft-server-1] TRACE i.a.p.raft.roles.FollowerRole - RaftServer{1}{role=FOLLOWER} - Received AppendRequest{term=1, leader=2, prevLogIndex=1, prevLogTerm=1, entries=0, commitIndex=1}
22:47:32.477 [raft-server-3] TRACE i.a.p.raft.roles.FollowerRole - RaftServer{3}{role=FOLLOWER} - Received AppendRequest{term=1, leader=2, prevLogIndex=1, prevLogTerm=1, entries=0, commitIndex=1}
22:47:32.477 [raft-server-1] TRACE i.a.p.raft.roles.FollowerRole - RaftServer{1}{role=FOLLOWER} - Sending AppendResponse{status=OK, term=1, succeeded=true, lastLogIndex=1}
22:47:32.477 [raft-server-3] TRACE i.a.p.raft.roles.FollowerRole - RaftServer{3}{role=FOLLOWER} - Sending AppendResponse{status=OK, term=1, succeeded=true, lastLogIndex=1}
22:47:32.477 [raft-server-2] TRACE i.a.p.raft.roles.LeaderAppender - RaftServer{2} - Received AppendResponse{status=OK, term=1, succeeded=true, lastLogIndex=1} from 1
22:47:32.477 [raft-server-2] TRACE i.a.p.raft.roles.LeaderAppender - RaftServer{2} - Sending AppendRequest{term=1, leader=2, prevLogIndex=1, prevLogTerm=1, entries=0, commitIndex=1} to 1
22:47:32.477 [raft-server-2] TRACE i.a.p.raft.roles.LeaderAppender - RaftServer{2} - Received AppendResponse{status=OK, term=1, succeeded=true, lastLogIndex=1} from 3
22:47:32.477 [raft-server-2] TRACE i.a.p.raft.roles.LeaderAppender - RaftServer{2} - Sending AppendRequest{term=1, leader=2, prevLogIndex=1, prevLogTerm=1, entries=0, commitIndex=1} to 3
22:47:32.477 [raft-server-1] TRACE i.a.p.raft.roles.FollowerRole - RaftServer{1}{role=FOLLOWER} - Received AppendRequest{term=1, leader=2, prevLogIndex=1, prevLogTerm=1, entries=0, commitIndex=1}
22:47:32.477 [raft-server-1] TRACE i.a.p.raft.roles.FollowerRole - RaftServer{1}{role=FOLLOWER} - Sending AppendResponse{status=OK, term=1, succeeded=true, lastLogIndex=1}
22:47:32.477 [raft-server-3] TRACE i.a.p.raft.roles.FollowerRole - RaftServer{3}{role=FOLLOWER} - Received AppendRequest{term=1, leader=2, prevLogIndex=1, prevLogTerm=1, entries=0, commitIndex=1}
22:47:32.477 [raft-server-2] TRACE i.a.p.raft.roles.LeaderAppender - RaftServer{2} - Received AppendResponse{status=OK, term=1, succeeded=true, lastLogIndex=1} from 1
22:47:32.477 [raft-server-3] TRACE i.a.p.raft.roles.FollowerRole - RaftServer{3}{role=FOLLOWER} - Sending AppendResponse{status=OK, term=1, succeeded=true, lastLogIndex=1}
22:47:32.477 [raft-server-2] TRACE i.a.p.raft.roles.LeaderAppender - RaftServer{2} - Sending AppendRequest{term=1, leader=2, prevLogIndex=1, prevLogTerm=1, entries=0, commitIndex=1} to 1
22:47:32.478 [raft-server-1] TRACE i.a.p.raft.roles.FollowerRole - RaftServer{1}{role=FOLLOWER} - Received AppendRequest{term=1, leader=2, prevLogIndex=1, prevLogTerm=1, entries=0, commitIndex=1}
22:47:32.478 [raft-server-2] TRACE i.a.p.raft.roles.LeaderAppender - RaftServer{2} - Received AppendResponse{status=OK, term=1, succeeded=true, lastLogIndex=1} from 3
22:47:32.478 [raft-server-1] TRACE i.a.p.raft.roles.FollowerRole - RaftServer{1}{role=FOLLOWER} - Sending AppendResponse{status=OK, term=1, succeeded=true, lastLogIndex=1}
22:47:32.478 [raft-server-2] TRACE i.a.p.raft.roles.LeaderAppender - RaftServer{2} - Sending AppendRequest{term=1, leader=2, prevLogIndex=1, prevLogTerm=1, entries=0, commitIndex=1} to 3
22:47:32.478 [raft-server-2] TRACE i.a.p.raft.roles.LeaderAppender - RaftServer{2} - Received AppendResponse{status=OK, term=1, succeeded=true, lastLogIndex=1} from 1
22:47:32.478 [raft-server-3] TRACE i.a.p.raft.roles.FollowerRole - RaftServer{3}{role=FOLLOWER} - Received AppendRequest{term=1, leader=2, prevLogIndex=1, prevLogTerm=1, entries=0, commitIndex=1}
22:47:32.478 [raft-server-2] TRACE i.a.p.raft.roles.LeaderAppender - RaftServer{2} - Sending AppendRequest{term=1, leader=2, prevLogIndex=1, prevLogTerm=1, entries=0, commitIndex=1} to 1
22:47:32.478 [raft-server-3] TRACE i.a.p.raft.roles.FollowerRole - RaftServer{3}{role=FOLLOWER} - Sending AppendResponse{status=OK, term=1, succeeded=true, lastLogIndex=1}
22:47:32.478 [raft-server-1] TRACE i.a.p.raft.roles.FollowerRole - RaftServer{1}{role=FOLLOWER} - Received AppendRequest{term=1, leader=2, prevLogIndex=1, prevLogTerm=1, entries=0, commitIndex=1}
22:47:32.478 [raft-server-2] TRACE i.a.p.raft.roles.LeaderAppender - RaftServer{2} - Received AppendResponse{status=OK, term=1, succeeded=true, lastLogIndex=1} from 3
22:47:32.478 [raft-server-1] TRACE i.a.p.raft.roles.FollowerRole - RaftServer{1}{role=FOLLOWER} - Sending AppendResponse{status=OK, term=1, succeeded=true, lastLogIndex=1}
22:47:32.478 [raft-server-2] TRACE i.a.p.raft.roles.LeaderAppender - RaftServer{2} - Received AppendResponse{status=OK, term=1, succeeded=true, lastLogIndex=1} from 1
22:47:32.727 [raft-server-2] TRACE i.a.p.raft.roles.LeaderAppender - RaftServer{2} - Sending AppendRequest{term=1, leader=2, prevLogIndex=1, prevLogTerm=1, entries=0, commitIndex=1} to 1
22:47:32.727 [raft-server-2] TRACE i.a.p.raft.roles.LeaderAppender - RaftServer{2} - Sending AppendRequest{term=1, leader=2, prevLogIndex=1, prevLogTerm=1, entries=0, commitIndex=1} to 3
22:47:32.727 [raft-server-1] TRACE i.a.p.raft.roles.FollowerRole - RaftServer{1}{role=FOLLOWER} - Received AppendRequest{term=1, leader=2, prevLogIndex=1, prevLogTerm=1, entries=0, commitIndex=1}
22:47:32.727 [raft-server-3] TRACE i.a.p.raft.roles.FollowerRole - RaftServer{3}{role=FOLLOWER} - Received AppendRequest{term=1, leader=2, prevLogIndex=1, prevLogTerm=1, entries=0, commitIndex=1}
22:47:32.727 [raft-server-1] TRACE i.a.p.raft.roles.FollowerRole - RaftServer{1}{role=FOLLOWER} - Sending AppendResponse{status=OK, term=1, succeeded=true, lastLogIndex=1}
22:47:32.727 [raft-server-3] TRACE i.a.p.raft.roles.FollowerRole - RaftServer{3}{role=FOLLOWER} - Sending AppendResponse{status=OK, term=1, succeeded=true, lastLogIndex=1}
22:47:32.727 [raft-server-2] TRACE i.a.p.raft.roles.LeaderAppender - RaftServer{2} - Received AppendResponse{status=OK, term=1, succeeded=true, lastLogIndex=1} from 1
22:47:32.727 [raft-server-2] TRACE i.a.p.raft.roles.LeaderAppender - RaftServer{2} - Sending AppendRequest{term=1, leader=2, prevLogIndex=1, prevLogTerm=1, entries=0, commitIndex=1} to 1
22:47:32.727 [raft-server-2] TRACE i.a.p.raft.roles.LeaderAppender - RaftServer{2} - Received AppendResponse{status=OK, term=1, succeeded=true, lastLogIndex=1} from 3
22:47:32.727 [raft-server-1] TRACE i.a.p.raft.roles.FollowerRole - RaftServer{1}{role=FOLLOWER} - Received AppendRequest{term=1, leader=2, prevLogIndex=1, prevLogTerm=1, entries=0, commitIndex=1}
22:47:32.727 [raft-server-1] TRACE i.a.p.raft.roles.FollowerRole - RaftServer{1}{role=FOLLOWER} - Sending AppendResponse{status=OK, term=1, succeeded=true, lastLogIndex=1}
22:47:32.727 [raft-server-2] TRACE i.a.p.raft.roles.LeaderAppender - RaftServer{2} - Sending AppendRequest{term=1, leader=2, prevLogIndex=1, prevLogTerm=1, entries=0, commitIndex=1} to 3
22:47:32.727 [raft-server-2] TRACE i.a.p.raft.roles.LeaderAppender - RaftServer{2} - Received AppendResponse{status=OK, term=1, succeeded=true, lastLogIndex=1} from 1
22:47:32.727 [raft-server-3] TRACE i.a.p.raft.roles.FollowerRole - RaftServer{3}{role=FOLLOWER} - Received AppendRequest{term=1, leader=2, prevLogIndex=1, prevLogTerm=1, entries=0, commitIndex=1}
22:47:32.727 [raft-server-2] TRACE i.a.p.raft.roles.LeaderAppender - RaftServer{2} - Sending AppendRequest{term=1, leader=2, prevLogIndex=1, prevLogTerm=1, entries=0, commitIndex=1} to 1
22:47:32.727 [raft-server-3] TRACE i.a.p.raft.roles.FollowerRole - RaftServer{3}{role=FOLLOWER} - Sending AppendResponse{status=OK, term=1, succeeded=true, lastLogIndex=1}
22:47:32.727 [raft-server-1] TRACE i.a.p.raft.roles.FollowerRole - RaftServer{1}{role=FOLLOWER} - Received AppendRequest{term=1, leader=2, prevLogIndex=1, prevLogTerm=1, entries=0, commitIndex=1}
22:47:32.727 [raft-server-2] TRACE i.a.p.raft.roles.LeaderAppender - RaftServer{2} - Received AppendResponse{status=OK, term=1, succeeded=true, lastLogIndex=1} from 3
22:47:32.727 [raft-server-1] TRACE i.a.p.raft.roles.FollowerRole - RaftServer{1}{role=FOLLOWER} - Sending AppendResponse{status=OK, term=1, succeeded=true, lastLogIndex=1}
22:47:32.728 [raft-server-2] TRACE i.a.p.raft.roles.LeaderAppender - RaftServer{2} - Sending AppendRequest{term=1, leader=2, prevLogIndex=1, prevLogTerm=1, entries=0, commitIndex=1} to 3
22:47:32.728 [raft-server-2] TRACE i.a.p.raft.roles.LeaderAppender - RaftServer{2} - Received AppendResponse{status=OK, term=1, succeeded=true, lastLogIndex=1} from 1
22:47:32.728 [raft-server-3] TRACE i.a.p.raft.roles.FollowerRole - RaftServer{3}{role=FOLLOWER} - Received AppendRequest{term=1, leader=2, prevLogIndex=1, prevLogTerm=1, entries=0, commitIndex=1}
22:47:32.728 [raft-server-2] TRACE i.a.p.raft.roles.LeaderAppender - RaftServer{2} - Sending AppendRequest{term=1, leader=2, prevLogIndex=1, prevLogTerm=1, entries=0, commitIndex=1} to 1
22:47:32.728 [raft-server-3] TRACE i.a.p.raft.roles.FollowerRole - RaftServer{3}{role=FOLLOWER} - Sending AppendResponse{status=OK, term=1, succeeded=true, lastLogIndex=1}
22:47:32.728 [raft-server-1] TRACE i.a.p.raft.roles.FollowerRole - RaftServer{1}{role=FOLLOWER} - Received AppendRequest{term=1, leader=2, prevLogIndex=1, prevLogTerm=1, entries=0, commitIndex=1}
22:47:32.728 [raft-server-1] TRACE i.a.p.raft.roles.FollowerRole - RaftServer{1}{role=FOLLOWER} - Sending AppendResponse{status=OK, term=1, succeeded=true, lastLogIndex=1}
22:47:32.728 [raft-server-2] TRACE i.a.p.raft.roles.LeaderAppender - RaftServer{2} - Received AppendResponse{status=OK, term=1, succeeded=true, lastLogIndex=1} from 3
22:47:32.728 [raft-server-2] TRACE i.a.p.raft.roles.LeaderAppender - RaftServer{2} - Received AppendResponse{status=OK, term=1, succeeded=true, lastLogIndex=1} from 1
22:47:32.977 [raft-server-2] TRACE i.a.p.raft.roles.LeaderAppender - RaftServer{2} - Sending AppendRequest{term=1, leader=2, prevLogIndex=1, prevLogTerm=1, entries=0, commitIndex=1} to 1
22:47:32.977 [raft-server-2] TRACE i.a.p.raft.roles.LeaderAppender - RaftServer{2} - Sending AppendRequest{term=1, leader=2, prevLogIndex=1, prevLogTerm=1, entries=0, commitIndex=1} to 3
22:47:32.977 [raft-server-1] TRACE i.a.p.raft.roles.FollowerRole - RaftServer{1}{role=FOLLOWER} - Received AppendRequest{term=1, leader=2, prevLogIndex=1, prevLogTerm=1, entries=0, commitIndex=1}
22:47:32.977 [raft-server-3] TRACE i.a.p.raft.roles.FollowerRole - RaftServer{3}{role=FOLLOWER} - Received AppendRequest{term=1, leader=2, prevLogIndex=1, prevLogTerm=1, entries=0, commitIndex=1}
22:47:32.977 [raft-server-1] TRACE i.a.p.raft.roles.FollowerRole - RaftServer{1}{role=FOLLOWER} - Sending AppendResponse{status=OK, term=1, succeeded=true, lastLogIndex=1}
22:47:32.977 [raft-server-3] TRACE i.a.p.raft.roles.FollowerRole - RaftServer{3}{role=FOLLOWER} - Sending AppendResponse{status=OK, term=1, succeeded=true, lastLogIndex=1}
22:47:32.977 [raft-server-2] TRACE i.a.p.raft.roles.LeaderAppender - RaftServer{2} - Received AppendResponse{status=OK, term=1, succeeded=true, lastLogIndex=1} from 1
22:47:32.977 [raft-server-2] TRACE i.a.p.raft.roles.LeaderAppender - RaftServer{2} - Sending AppendRequest{term=1, leader=2, prevLogIndex=1, prevLogTerm=1, entries=0, commitIndex=1} to 1
22:47:32.977 [raft-server-2] TRACE i.a.p.raft.roles.LeaderAppender - RaftServer{2} - Received AppendResponse{status=OK, term=1, succeeded=true, lastLogIndex=1} from 3
22:47:32.977 [raft-server-1] TRACE i.a.p.raft.roles.FollowerRole - RaftServer{1}{role=FOLLOWER} - Received AppendRequest{term=1, leader=2, prevLogIndex=1, prevLogTerm=1, entries=0, commitIndex=1}
22:47:32.977 [raft-server-2] TRACE i.a.p.raft.roles.LeaderAppender - RaftServer{2} - Sending AppendRequest{term=1, leader=2, prevLogIndex=1, prevLogTerm=1, entries=0, commitIndex=1} to 3
22:47:32.977 [raft-server-1] TRACE i.a.p.raft.roles.FollowerRole - RaftServer{1}{role=FOLLOWER} - Sending AppendResponse{status=OK, term=1, succeeded=true, lastLogIndex=1}
22:47:32.978 [raft-server-3] TRACE i.a.p.raft.roles.FollowerRole - RaftServer{3}{role=FOLLOWER} - Received AppendRequest{term=1, leader=2, prevLogIndex=1, prevLogTerm=1, entries=0, commitIndex=1}
22:47:32.978 [raft-server-2] TRACE i.a.p.raft.roles.LeaderAppender - RaftServer{2} - Received AppendResponse{status=OK, term=1, succeeded=true, lastLogIndex=1} from 1
22:47:32.978 [raft-server-3] TRACE i.a.p.raft.roles.FollowerRole - RaftServer{3}{role=FOLLOWER} - Sending AppendResponse{status=OK, term=1, succeeded=true, lastLogIndex=1}
22:47:32.978 [raft-server-2] TRACE i.a.p.raft.roles.LeaderAppender - RaftServer{2} - Sending AppendRequest{term=1, leader=2, prevLogIndex=1, prevLogTerm=1, entries=0, commitIndex=1} to 1
22:47:32.978 [raft-server-1] TRACE i.a.p.raft.roles.FollowerRole - RaftServer{1}{role=FOLLOWER} - Received AppendRequest{term=1, leader=2, prevLogIndex=1, prevLogTerm=1, entries=0, commitIndex=1}
22:47:32.978 [raft-server-2] TRACE i.a.p.raft.roles.LeaderAppender - RaftServer{2} - Received AppendResponse{status=OK, term=1, succeeded=true, lastLogIndex=1} from 3
22:47:32.978 [raft-server-1] TRACE i.a.p.raft.roles.FollowerRole - RaftServer{1}{role=FOLLOWER} - Sending AppendResponse{status=OK, term=1, succeeded=true, lastLogIndex=1}
22:47:32.978 [raft-server-2] TRACE i.a.p.raft.roles.LeaderAppender - RaftServer{2} - Sending AppendRequest{term=1, leader=2, prevLogIndex=1, prevLogTerm=1, entries=0, commitIndex=1} to 3
22:47:32.978 [raft-server-2] TRACE i.a.p.raft.roles.LeaderAppender - RaftServer{2} - Received AppendResponse{status=OK, term=1, succeeded=true, lastLogIndex=1} from 1
22:47:32.978 [raft-server-3] TRACE i.a.p.raft.roles.FollowerRole - RaftServer{3}{role=FOLLOWER} - Received AppendRequest{term=1, leader=2, prevLogIndex=1, prevLogTerm=1, entries=0, commitIndex=1}
22:47:32.978 [raft-server-3] TRACE i.a.p.raft.roles.FollowerRole - RaftServer{3}{role=FOLLOWER} - Sending AppendResponse{status=OK, term=1, succeeded=true, lastLogIndex=1}
22:47:32.978 [raft-server-2] TRACE i.a.p.raft.roles.LeaderAppender - RaftServer{2} - Received AppendResponse{status=OK, term=1, succeeded=true, lastLogIndex=1} from 3
22:47:33.227 [raft-server-2] TRACE i.a.p.raft.roles.LeaderAppender - RaftServer{2} - Sending AppendRequest{term=1, leader=2, prevLogIndex=1, prevLogTerm=1, entries=0, commitIndex=1} to 1
22:47:33.227 [raft-server-2] TRACE i.a.p.raft.roles.LeaderAppender - RaftServer{2} - Sending AppendRequest{term=1, leader=2, prevLogIndex=1, prevLogTerm=1, entries=0, commitIndex=1} to 3
22:47:33.227 [raft-server-1] TRACE i.a.p.raft.roles.FollowerRole - RaftServer{1}{role=FOLLOWER} - Received AppendRequest{term=1, leader=2, prevLogIndex=1, prevLogTerm=1, entries=0, commitIndex=1}
22:47:33.227 [raft-server-1] TRACE i.a.p.raft.roles.FollowerRole - RaftServer{1}{role=FOLLOWER} - Sending AppendResponse{status=OK, term=1, succeeded=true, lastLogIndex=1}
22:47:33.227 [raft-server-3] TRACE i.a.p.raft.roles.FollowerRole - RaftServer{3}{role=FOLLOWER} - Received AppendRequest{term=1, leader=2, prevLogIndex=1, prevLogTerm=1, entries=0, commitIndex=1}
22:47:33.227 [raft-server-3] TRACE i.a.p.raft.roles.FollowerRole - RaftServer{3}{role=FOLLOWER} - Sending AppendResponse{status=OK, term=1, succeeded=true, lastLogIndex=1}
22:47:33.227 [raft-server-2] TRACE i.a.p.raft.roles.LeaderAppender - RaftServer{2} - Received AppendResponse{status=OK, term=1, succeeded=true, lastLogIndex=1} from 1
22:47:33.227 [raft-server-2] TRACE i.a.p.raft.roles.LeaderAppender - RaftServer{2} - Sending AppendRequest{term=1, leader=2, prevLogIndex=1, prevLogTerm=1, entries=0, commitIndex=1} to 1
22:47:33.227 [raft-server-1] TRACE i.a.p.raft.roles.FollowerRole - RaftServer{1}{role=FOLLOWER} - Received AppendRequest{term=1, leader=2, prevLogIndex=1, prevLogTerm=1, entries=0, commitIndex=1}
22:47:33.227 [raft-server-2] TRACE i.a.p.raft.roles.LeaderAppender - RaftServer{2} - Received AppendResponse{status=OK, term=1, succeeded=true, lastLogIndex=1} from 3
22:47:33.227 [raft-server-1] TRACE i.a.p.raft.roles.FollowerRole - RaftServer{1}{role=FOLLOWER} - Sending AppendResponse{status=OK, term=1, succeeded=true, lastLogIndex=1}
22:47:33.228 [raft-server-2] TRACE i.a.p.raft.roles.LeaderAppender - RaftServer{2} - Sending AppendRequest{term=1, leader=2, prevLogIndex=1, prevLogTerm=1, entries=0, commitIndex=1} to 3
22:47:33.228 [raft-server-2] TRACE i.a.p.raft.roles.LeaderAppender - RaftServer{2} - Received AppendResponse{status=OK, term=1, succeeded=true, lastLogIndex=1} from 1
22:47:33.228 [raft-server-3] TRACE i.a.p.raft.roles.FollowerRole - RaftServer{3}{role=FOLLOWER} - Received AppendRequest{term=1, leader=2, prevLogIndex=1, prevLogTerm=1, entries=0, commitIndex=1}
22:47:33.228 [raft-server-2] TRACE i.a.p.raft.roles.LeaderAppender - RaftServer{2} - Sending AppendRequest{term=1, leader=2, prevLogIndex=1, prevLogTerm=1, entries=0, commitIndex=1} to 1
22:47:33.228 [raft-server-3] TRACE i.a.p.raft.roles.FollowerRole - RaftServer{3}{role=FOLLOWER} - Sending AppendResponse{status=OK, term=1, succeeded=true, lastLogIndex=1}
22:47:33.228 [raft-server-1] TRACE i.a.p.raft.roles.FollowerRole - RaftServer{1}{role=FOLLOWER} - Received AppendRequest{term=1, leader=2, prevLogIndex=1, prevLogTerm=1, entries=0, commitIndex=1}
22:47:33.228 [raft-server-2] TRACE i.a.p.raft.roles.LeaderAppender - RaftServer{2} - Received AppendResponse{status=OK, term=1, succeeded=true, lastLogIndex=1} from 3
22:47:33.228 [raft-server-1] TRACE i.a.p.raft.roles.FollowerRole - RaftServer{1}{role=FOLLOWER} - Sending AppendResponse{status=OK, term=1, succeeded=true, lastLogIndex=1}
22:47:33.228 [raft-server-2] TRACE i.a.p.raft.roles.LeaderAppender - RaftServer{2} - Received AppendResponse{status=OK, term=1, succeeded=true, lastLogIndex=1} from 1
22:47:33.354 [raft-server-1] TRACE i.a.p.r.c.impl.RaftClusterContext - RaftServer{1} - Cancelling join timeout
22:47:33.354 [raft-server-1] DEBUG i.a.p.r.c.impl.RaftClusterContext - RaftServer{1} - Attempting to join via 2
22:47:33.354 [raft-server-2] TRACE i.a.protocols.raft.roles.LeaderRole - RaftServer{2}{role=LEADER} - Received JoinRequest{member=DefaultRaftMember{id=1, type=ACTIVE, updated=2018-06-07T20:47:30.084Z}}
22:47:33.354 [raft-server-2] TRACE i.a.protocols.raft.roles.LeaderRole - RaftServer{2}{role=LEADER} - Sending JoinResponse{status=OK, index=0, term=0, timestamp=1528404450376, members=[DefaultRaftMember{id=1, type=ACTIVE, updated=2018-06-07T20:47:30.376Z}, DefaultRaftMember{id=2, type=ACTIVE, updated=2018-06-07T20:47:30.376Z}, DefaultRaftMember{id=3, type=ACTIVE, updated=2018-06-07T20:47:30.376Z}]}
22:47:33.354 [raft-server-1] TRACE i.a.p.r.c.impl.RaftClusterContext - RaftServer{1} - Cancelling join timeout
22:47:33.354 [raft-server-1] INFO  i.a.p.r.c.impl.RaftClusterContext - RaftServer{1} - Successfully joined via 2
22:47:33.354 [raft-server-1] INFO  i.a.p.raft.impl.DefaultRaftServer - RaftServer{1} - Server started successfully!
22:47:33.355 [main] DEBUG i.a.p.p.i.RecoveringPartitionProxy - PartitionProxy{431b802d-5b1a-4d37-8231-45cdad27d9ba} - Opening proxy session
22:47:33.356 [main] DEBUG i.a.p.r.proxy.impl.RaftProxyManager - RaftClient{431b802d-5b1a-4d37-8231-45cdad27d9ba} - Opening session; name: raft-test, type: io.atomix.protocols.raft.RaftTest$TestPrimitiveType@35bfa1bb
22:47:33.356 [main] TRACE i.a.utils.serializer.KryoNamespace - Creating Kryo instance for KryoNamespace{registeredBlocks=[RegistrationBlock{begin=16, types=[([Ljava.lang.Class;@6b321262,null), ([Ljava.lang.Class;@68b11545,null), ([Ljava.lang.Class;@7d0100ea,null), ([Ljava.lang.Class;@357bc488,null), ([Ljava.lang.Class;@4ea17147,io.atomix.utils.serializer.serializers.ImmutableListSerializer@2eda4eeb), ([Ljava.lang.Class;@5ba90d8a,io.atomix.utils.serializer.serializers.ImmutableSetSerializer@309dcdf3), ([Ljava.lang.Class;@7573b9ee,io.atomix.utils.serializer.serializers.ImmutableMapSerializer@9a20cbd), ([Ljava.lang.Class;@1af4955e,null), ([Ljava.lang.Class;@445821a6,null), ([Ljava.lang.Class;@2c0c4c0a,null), ([Ljava.lang.Class;@35d26ad2,null), ([Ljava.lang.Class;@bb25753,null), ([Ljava.lang.Class;@ee21292,null), ([Ljava.lang.Class;@40c06358,null), ([Ljava.lang.Class;@66e21568,null), ([Ljava.lang.Class;@7f73ce28,null), ([Ljava.lang.Class;@611b35d6,null), ([Ljava.lang.Class;@2282400e,null), ([Ljava.lang.Class;@543d5863,null), ([Ljava.lang.Class;@35dece42,null), ([Ljava.lang.Class;@dd3f8aa,io.atomix.utils.serializer.serializers.ArraysAsListSerializer@3d615b2e), ([Ljava.lang.Class;@3a1f2a1,null), ([Ljava.lang.Class;@40ce9049,null), ([Ljava.lang.Class;@52ca2652,null), ([Ljava.lang.Class;@65c5bf0e,null), ([Ljava.lang.Class;@697d6ded,null), ([Ljava.lang.Class;@5d05f453,null), ([Ljava.lang.Class;@5efeb117,null), ([Ljava.lang.Class;@160b4809,null), ([Ljava.lang.Class;@149b4d20,null), ([Ljava.lang.Class;@664e848c,null), ([Ljava.lang.Class;@4d93f75b,null), ([Ljava.lang.Class;@114a5e0,null), ([Ljava.lang.Class;@4f281aaf,null), ([Ljava.lang.Class;@5d508d22,null), ([Ljava.lang.Class;@f2b90fc,null)]}, RegistrationBlock{begin=52, types=[([Ljava.lang.Class;@40bd0f8,null)]}]}
22:47:33.356 [main] TRACE i.a.utils.serializer.KryoNamespace - class [B registered as 16
22:47:33.356 [main] TRACE i.a.utils.serializer.KryoNamespace - class java.util.concurrent.atomic.AtomicBoolean registered as 17
22:47:33.356 [main] TRACE i.a.utils.serializer.KryoNamespace - class java.util.concurrent.atomic.AtomicInteger registered as 18
22:47:33.356 [main] TRACE i.a.utils.serializer.KryoNamespace - class java.util.concurrent.atomic.AtomicLong registered as 19
22:47:33.356 [main] TRACE i.a.utils.serializer.KryoNamespace - class com.google.common.collect.ImmutableList registered as 20
22:47:33.356 [main] TRACE i.a.utils.serializer.KryoNamespace - class com.google.common.collect.RegularImmutableList registered as 20
22:47:33.356 [main] TRACE i.a.utils.serializer.KryoNamespace - class com.google.common.collect.RegularImmutableList registered as 20
22:47:33.356 [main] TRACE i.a.utils.serializer.KryoNamespace - class com.google.common.collect.ImmutableList$SubList registered as 20
22:47:33.356 [main] TRACE i.a.utils.serializer.KryoNamespace - class com.google.common.collect.ImmutableSet registered as 21
22:47:33.356 [main] TRACE i.a.utils.serializer.KryoNamespace - class com.google.common.collect.RegularImmutableSet registered as 21
22:47:33.356 [main] TRACE i.a.utils.serializer.KryoNamespace - class com.google.common.collect.SingletonImmutableSet registered as 21
22:47:33.356 [main] TRACE i.a.utils.serializer.KryoNamespace - class com.google.common.collect.RegularImmutableSet registered as 21
22:47:33.356 [main] TRACE i.a.utils.serializer.KryoNamespace - class com.google.common.collect.ImmutableMap registered as 22
22:47:33.356 [main] TRACE i.a.utils.serializer.KryoNamespace - class com.google.common.collect.RegularImmutableMap registered as 22
22:47:33.356 [main] TRACE i.a.utils.serializer.KryoNamespace - class com.google.common.collect.RegularImmutableMap registered as 22
22:47:33.356 [main] TRACE i.a.utils.serializer.KryoNamespace - class com.google.common.collect.RegularImmutableMap registered as 22
22:47:33.356 [main] TRACE i.a.utils.serializer.KryoNamespace - class java.util.Collections$UnmodifiableSet registered as 23
22:47:33.356 [main] TRACE i.a.utils.serializer.KryoNamespace - class java.util.HashMap registered as 24
22:47:33.356 [main] TRACE i.a.utils.serializer.KryoNamespace - class java.util.concurrent.ConcurrentHashMap registered as 25
22:47:33.356 [main] TRACE i.a.utils.serializer.KryoNamespace - class java.util.concurrent.CopyOnWriteArraySet registered as 26
22:47:33.357 [main] TRACE i.a.utils.serializer.KryoNamespace - class java.util.ArrayList registered as 27
22:47:33.357 [main] TRACE i.a.utils.serializer.KryoNamespace - class java.util.LinkedList registered as 28
22:47:33.357 [main] TRACE i.a.utils.serializer.KryoNamespace - class java.util.HashSet registered as 29
22:47:33.357 [main] TRACE i.a.utils.serializer.KryoNamespace - class java.util.LinkedHashSet registered as 30
22:47:33.357 [main] TRACE i.a.utils.serializer.KryoNamespace - class com.sun.jmx.remote.internal.ArrayQueue registered as 31
22:47:33.357 [main] TRACE i.a.utils.serializer.KryoNamespace - class java.util.ArrayDeque registered as 32
22:47:33.357 [main] TRACE i.a.utils.serializer.KryoNamespace - class com.google.common.collect.HashMultiset registered as 33
22:47:33.357 [main] TRACE i.a.utils.serializer.KryoNamespace - class com.google.common.collect.Sets registered as 34
22:47:33.357 [main] TRACE i.a.utils.serializer.KryoNamespace - class com.google.common.collect.ImmutableEntry registered as 35
22:47:33.357 [main] TRACE i.a.utils.serializer.KryoNamespace - class java.util.Arrays$ArrayList registered as 36
22:47:33.357 [main] TRACE i.a.utils.serializer.KryoNamespace - class java.util.Collections$SingletonList registered as 37
22:47:33.357 [main] TRACE i.a.utils.serializer.KryoNamespace - class java.time.Duration registered as 38
22:47:33.357 [main] TRACE i.a.utils.serializer.KryoNamespace - class java.util.Collections$EmptySet registered as 39
22:47:33.357 [main] TRACE i.a.utils.serializer.KryoNamespace - class java.util.Optional registered as 40
22:47:33.357 [main] TRACE i.a.utils.serializer.KryoNamespace - class java.util.Collections$EmptyList registered as 41
22:47:33.357 [main] TRACE i.a.utils.serializer.KryoNamespace - class java.util.Collections$SingletonSet registered as 42
22:47:33.358 [main] TRACE i.a.utils.serializer.KryoNamespace - class [I registered as 43
22:47:33.358 [main] TRACE i.a.utils.serializer.KryoNamespace - class [J registered as 44
22:47:33.358 [main] TRACE i.a.utils.serializer.KryoNamespace - class [S registered as 45
22:47:33.358 [main] TRACE i.a.utils.serializer.KryoNamespace - class [D registered as 46
22:47:33.358 [main] TRACE i.a.utils.serializer.KryoNamespace - class [F registered as 47
22:47:33.358 [main] TRACE i.a.utils.serializer.KryoNamespace - class [C registered as 48
22:47:33.358 [main] TRACE i.a.utils.serializer.KryoNamespace - class [Ljava.lang.String; registered as 49
22:47:33.358 [main] TRACE i.a.utils.serializer.KryoNamespace - class [Z registered as 50
22:47:33.358 [main] TRACE i.a.utils.serializer.KryoNamespace - class [Ljava.lang.Object; registered as 51
22:47:33.358 [main] TRACE i.a.utils.serializer.KryoNamespace - class io.atomix.primitive.service.ServiceConfig registered as 52
22:47:33.359 [raft-client-431b802d-5b1a-4d37-8231-45cdad27d9ba-0] TRACE i.a.p.r.p.impl.RaftProxyConnection - RaftClient{431b802d-5b1a-4d37-8231-45cdad27d9ba} - Sending OpenSessionRequest{node=4, serviceName=raft-test, serviceType=raft-test, readConsistency=LINEARIZABLE, minTimeout=250, maxTimeout=5000} to 3
22:47:33.359 [raft-server-3] TRACE i.a.p.raft.roles.FollowerRole - RaftServer{3}{role=FOLLOWER} - Received OpenSessionRequest{node=4, serviceName=raft-test, serviceType=raft-test, readConsistency=LINEARIZABLE, minTimeout=250, maxTimeout=5000}
22:47:33.359 [raft-server-2] TRACE i.a.protocols.raft.roles.LeaderRole - RaftServer{2}{role=LEADER} - Received OpenSessionRequest{node=4, serviceName=raft-test, serviceType=raft-test, readConsistency=LINEARIZABLE, minTimeout=250, maxTimeout=5000}
22:47:33.359 [raft-server-2] TRACE i.a.protocols.raft.roles.LeaderRole - RaftServer{2}{role=LEADER} - Appended Indexed{index=2, entry=OpenSessionEntry{term=1, timestamp=2018-06-07 10:47:33,359, node=4, serviceName=raft-test, serviceType=raft-test, serviceConfig=byte[]{length=2, hash=2636}, readConsistency=LINEARIZABLE, minTimeout=250, maxTimeout=5000}}
22:47:33.359 [raft-server-2] TRACE i.a.p.raft.roles.LeaderAppender - RaftServer{2} - Sending AppendRequest{term=1, leader=2, prevLogIndex=1, prevLogTerm=1, entries=1, commitIndex=1} to 1
22:47:33.359 [raft-server-1] TRACE i.a.p.raft.roles.FollowerRole - RaftServer{1}{role=FOLLOWER} - Received AppendRequest{term=1, leader=2, prevLogIndex=1, prevLogTerm=1, entries=1, commitIndex=1}
22:47:33.359 [raft-server-2] TRACE i.a.p.raft.roles.LeaderAppender - RaftServer{2} - Sending AppendRequest{term=1, leader=2, prevLogIndex=1, prevLogTerm=1, entries=1, commitIndex=1} to 3
22:47:33.359 [raft-server-3] TRACE i.a.p.raft.roles.FollowerRole - RaftServer{3}{role=FOLLOWER} - Received AppendRequest{term=1, leader=2, prevLogIndex=1, prevLogTerm=1, entries=1, commitIndex=1}
22:47:33.360 [raft-server-1] TRACE i.a.p.raft.roles.FollowerRole - RaftServer{1}{role=FOLLOWER} - Appended Indexed{index=2, entry=OpenSessionEntry{term=1, timestamp=2018-06-07 10:47:33,359, node=4, serviceName=raft-test, serviceType=raft-test, serviceConfig=byte[]{length=2, hash=2636}, readConsistency=LINEARIZABLE, minTimeout=250, maxTimeout=5000}}
22:47:33.360 [raft-server-1] TRACE i.a.p.raft.roles.FollowerRole - RaftServer{1}{role=FOLLOWER} - Sending AppendResponse{status=OK, term=1, succeeded=true, lastLogIndex=2}
22:47:33.360 [raft-server-3] TRACE i.a.p.raft.roles.FollowerRole - RaftServer{3}{role=FOLLOWER} - Appended Indexed{index=2, entry=OpenSessionEntry{term=1, timestamp=2018-06-07 10:47:33,359, node=4, serviceName=raft-test, serviceType=raft-test, serviceConfig=byte[]{length=2, hash=2636}, readConsistency=LINEARIZABLE, minTimeout=250, maxTimeout=5000}}
22:47:33.360 [raft-server-2] TRACE i.a.p.raft.roles.LeaderAppender - RaftServer{2} - Received AppendResponse{status=OK, term=1, succeeded=true, lastLogIndex=2} from 1
22:47:33.360 [raft-server-3] TRACE i.a.p.raft.roles.FollowerRole - RaftServer{3}{role=FOLLOWER} - Sending AppendResponse{status=OK, term=1, succeeded=true, lastLogIndex=2}
22:47:33.360 [raft-server-2] TRACE i.a.p.raft.roles.LeaderAppender - RaftServer{2} - Committed entries up to 2
22:47:33.409 [raft-server-2] TRACE i.a.p.raft.roles.LeaderAppender - RaftServer{2} - Received AppendResponse{status=OK, term=1, succeeded=true, lastLogIndex=2} from 3
22:47:33.409 [raft-server-2-state] TRACE i.a.p.raft.impl.RaftServiceManager - RaftServer{2} - Applying Indexed{index=2, entry=OpenSessionEntry{term=1, timestamp=2018-06-07 10:47:33,359, node=4, serviceName=raft-test, serviceType=raft-test, serviceConfig=byte[]{length=2, hash=2636}, readConsistency=LINEARIZABLE, minTimeout=250, maxTimeout=5000}}
22:47:33.409 [raft-server-2-state] TRACE i.a.utils.serializer.KryoNamespace - Creating Kryo instance for KryoNamespace{registeredBlocks=[RegistrationBlock{begin=16, types=[([Ljava.lang.Class;@6b321262,null), ([Ljava.lang.Class;@68b11545,null), ([Ljava.lang.Class;@7d0100ea,null), ([Ljava.lang.Class;@357bc488,null), ([Ljava.lang.Class;@4ea17147,io.atomix.utils.serializer.serializers.ImmutableListSerializer@2eda4eeb), ([Ljava.lang.Class;@5ba90d8a,io.atomix.utils.serializer.serializers.ImmutableSetSerializer@309dcdf3), ([Ljava.lang.Class;@7573b9ee,io.atomix.utils.serializer.serializers.ImmutableMapSerializer@9a20cbd), ([Ljava.lang.Class;@1af4955e,null), ([Ljava.lang.Class;@445821a6,null), ([Ljava.lang.Class;@2c0c4c0a,null), ([Ljava.lang.Class;@35d26ad2,null), ([Ljava.lang.Class;@bb25753,null), ([Ljava.lang.Class;@ee21292,null), ([Ljava.lang.Class;@40c06358,null), ([Ljava.lang.Class;@66e21568,null), ([Ljava.lang.Class;@7f73ce28,null), ([Ljava.lang.Class;@611b35d6,null), ([Ljava.lang.Class;@2282400e,null), ([Ljava.lang.Class;@543d5863,null), ([Ljava.lang.Class;@35dece42,null), ([Ljava.lang.Class;@dd3f8aa,io.atomix.utils.serializer.serializers.ArraysAsListSerializer@3d615b2e), ([Ljava.lang.Class;@3a1f2a1,null), ([Ljava.lang.Class;@40ce9049,null), ([Ljava.lang.Class;@52ca2652,null), ([Ljava.lang.Class;@65c5bf0e,null), ([Ljava.lang.Class;@697d6ded,null), ([Ljava.lang.Class;@5d05f453,null), ([Ljava.lang.Class;@5efeb117,null), ([Ljava.lang.Class;@160b4809,null), ([Ljava.lang.Class;@149b4d20,null), ([Ljava.lang.Class;@664e848c,null), ([Ljava.lang.Class;@4d93f75b,null), ([Ljava.lang.Class;@114a5e0,null), ([Ljava.lang.Class;@4f281aaf,null), ([Ljava.lang.Class;@5d508d22,null), ([Ljava.lang.Class;@f2b90fc,null)]}, RegistrationBlock{begin=52, types=[([Ljava.lang.Class;@17e06a8e,null)]}]}
22:47:33.409 [raft-server-2-state] TRACE i.a.utils.serializer.KryoNamespace - class [B registered as 16
22:47:33.409 [raft-server-2-state] TRACE i.a.utils.serializer.KryoNamespace - class java.util.concurrent.atomic.AtomicBoolean registered as 17
22:47:33.409 [raft-server-2-state] TRACE i.a.utils.serializer.KryoNamespace - class java.util.concurrent.atomic.AtomicInteger registered as 18
22:47:33.410 [raft-server-2-state] TRACE i.a.utils.serializer.KryoNamespace - class java.util.concurrent.atomic.AtomicLong registered as 19
22:47:33.410 [raft-server-2-state] TRACE i.a.utils.serializer.KryoNamespace - class com.google.common.collect.ImmutableList registered as 20
22:47:33.410 [raft-server-2-state] TRACE i.a.utils.serializer.KryoNamespace - class com.google.common.collect.RegularImmutableList registered as 20
22:47:33.410 [raft-server-2-state] TRACE i.a.utils.serializer.KryoNamespace - class com.google.common.collect.RegularImmutableList registered as 20
22:47:33.410 [raft-server-2-state] TRACE i.a.utils.serializer.KryoNamespace - class com.google.common.collect.ImmutableList$SubList registered as 20
22:47:33.410 [raft-server-2-state] TRACE i.a.utils.serializer.KryoNamespace - class com.google.common.collect.ImmutableSet registered as 21
22:47:33.410 [raft-server-2-state] TRACE i.a.utils.serializer.KryoNamespace - class com.google.common.collect.RegularImmutableSet registered as 21
22:47:33.410 [raft-server-2-state] TRACE i.a.utils.serializer.KryoNamespace - class com.google.common.collect.SingletonImmutableSet registered as 21
22:47:33.410 [raft-server-2-state] TRACE i.a.utils.serializer.KryoNamespace - class com.google.common.collect.RegularImmutableSet registered as 21
22:47:33.410 [raft-server-2-state] TRACE i.a.utils.serializer.KryoNamespace - class com.google.common.collect.ImmutableMap registered as 22
22:47:33.410 [raft-server-2-state] TRACE i.a.utils.serializer.KryoNamespace - class com.google.common.collect.RegularImmutableMap registered as 22
22:47:33.410 [raft-server-2-state] TRACE i.a.utils.serializer.KryoNamespace - class com.google.common.collect.RegularImmutableMap registered as 22
22:47:33.410 [raft-server-2-state] TRACE i.a.utils.serializer.KryoNamespace - class com.google.common.collect.RegularImmutableMap registered as 22
22:47:33.410 [raft-server-2-state] TRACE i.a.utils.serializer.KryoNamespace - class java.util.Collections$UnmodifiableSet registered as 23
22:47:33.410 [raft-server-2-state] TRACE i.a.utils.serializer.KryoNamespace - class java.util.HashMap registered as 24
22:47:33.410 [raft-server-2-state] TRACE i.a.utils.serializer.KryoNamespace - class java.util.concurrent.ConcurrentHashMap registered as 25
22:47:33.410 [raft-server-2-state] TRACE i.a.utils.serializer.KryoNamespace - class java.util.concurrent.CopyOnWriteArraySet registered as 26
22:47:33.410 [raft-server-2-state] TRACE i.a.utils.serializer.KryoNamespace - class java.util.ArrayList registered as 27
22:47:33.410 [raft-server-2-state] TRACE i.a.utils.serializer.KryoNamespace - class java.util.LinkedList registered as 28
22:47:33.410 [raft-server-2-state] TRACE i.a.utils.serializer.KryoNamespace - class java.util.HashSet registered as 29
22:47:33.410 [raft-server-2-state] TRACE i.a.utils.serializer.KryoNamespace - class java.util.LinkedHashSet registered as 30
22:47:33.410 [raft-server-2-state] TRACE i.a.utils.serializer.KryoNamespace - class com.sun.jmx.remote.internal.ArrayQueue registered as 31
22:47:33.411 [raft-server-2-state] TRACE i.a.utils.serializer.KryoNamespace - class java.util.ArrayDeque registered as 32
22:47:33.411 [raft-server-2-state] TRACE i.a.utils.serializer.KryoNamespace - class com.google.common.collect.HashMultiset registered as 33
22:47:33.411 [raft-server-2-state] TRACE i.a.utils.serializer.KryoNamespace - class com.google.common.collect.Sets registered as 34
22:47:33.411 [raft-server-2-state] TRACE i.a.utils.serializer.KryoNamespace - class com.google.common.collect.ImmutableEntry registered as 35
22:47:33.411 [raft-server-2-state] TRACE i.a.utils.serializer.KryoNamespace - class java.util.Arrays$ArrayList registered as 36
22:47:33.411 [raft-server-2-state] TRACE i.a.utils.serializer.KryoNamespace - class java.util.Collections$SingletonList registered as 37
22:47:33.411 [raft-server-2-state] TRACE i.a.utils.serializer.KryoNamespace - class java.time.Duration registered as 38
22:47:33.411 [raft-server-2-state] TRACE i.a.utils.serializer.KryoNamespace - class java.util.Collections$EmptySet registered as 39
22:47:33.411 [raft-server-2-state] TRACE i.a.utils.serializer.KryoNamespace - class java.util.Optional registered as 40
22:47:33.411 [raft-server-2-state] TRACE i.a.utils.serializer.KryoNamespace - class java.util.Collections$EmptyList registered as 41
22:47:33.411 [raft-server-2-state] TRACE i.a.utils.serializer.KryoNamespace - class java.util.Collections$SingletonSet registered as 42
22:47:33.411 [raft-server-2-state] TRACE i.a.utils.serializer.KryoNamespace - class [I registered as 43
22:47:33.411 [raft-server-2-state] TRACE i.a.utils.serializer.KryoNamespace - class [J registered as 44
22:47:33.411 [raft-server-2-state] TRACE i.a.utils.serializer.KryoNamespace - class [S registered as 45
22:47:33.411 [raft-server-2-state] TRACE i.a.utils.serializer.KryoNamespace - class [D registered as 46
22:47:33.411 [raft-server-2-state] TRACE i.a.utils.serializer.KryoNamespace - class [F registered as 47
22:47:33.412 [raft-server-2-state] TRACE i.a.utils.serializer.KryoNamespace - class [C registered as 48
22:47:33.412 [raft-server-2-state] TRACE i.a.utils.serializer.KryoNamespace - class [Ljava.lang.String; registered as 49
22:47:33.412 [raft-server-2-state] TRACE i.a.utils.serializer.KryoNamespace - class [Z registered as 50
22:47:33.412 [raft-server-2-state] TRACE i.a.utils.serializer.KryoNamespace - class [Ljava.lang.Object; registered as 51
22:47:33.412 [raft-server-2-state] TRACE i.a.utils.serializer.KryoNamespace - class io.atomix.primitive.service.ServiceConfig registered as 52
22:47:33.412 [raft-server-2-state] TRACE i.a.utils.serializer.KryoNamespace - Creating Kryo instance for KryoNamespace{registeredBlocks=[RegistrationBlock{begin=16, types=[([Ljava.lang.Class;@6b321262,null), ([Ljava.lang.Class;@68b11545,null), ([Ljava.lang.Class;@7d0100ea,null), ([Ljava.lang.Class;@357bc488,null), ([Ljava.lang.Class;@4ea17147,io.atomix.utils.serializer.serializers.ImmutableListSerializer@2eda4eeb), ([Ljava.lang.Class;@5ba90d8a,io.atomix.utils.serializer.serializers.ImmutableSetSerializer@309dcdf3), ([Ljava.lang.Class;@7573b9ee,io.atomix.utils.serializer.serializers.ImmutableMapSerializer@9a20cbd), ([Ljava.lang.Class;@1af4955e,null), ([Ljava.lang.Class;@445821a6,null), ([Ljava.lang.Class;@2c0c4c0a,null), ([Ljava.lang.Class;@35d26ad2,null), ([Ljava.lang.Class;@bb25753,null), ([Ljava.lang.Class;@ee21292,null), ([Ljava.lang.Class;@40c06358,null), ([Ljava.lang.Class;@66e21568,null), ([Ljava.lang.Class;@7f73ce28,null), ([Ljava.lang.Class;@611b35d6,null), ([Ljava.lang.Class;@2282400e,null), ([Ljava.lang.Class;@543d5863,null), ([Ljava.lang.Class;@35dece42,null), ([Ljava.lang.Class;@dd3f8aa,io.atomix.utils.serializer.serializers.ArraysAsListSerializer@3d615b2e), ([Ljava.lang.Class;@3a1f2a1,null), ([Ljava.lang.Class;@40ce9049,null), ([Ljava.lang.Class;@52ca2652,null), ([Ljava.lang.Class;@65c5bf0e,null), ([Ljava.lang.Class;@697d6ded,null), ([Ljava.lang.Class;@5d05f453,null), ([Ljava.lang.Class;@5efeb117,null), ([Ljava.lang.Class;@160b4809,null), ([Ljava.lang.Class;@149b4d20,null), ([Ljava.lang.Class;@664e848c,null), ([Ljava.lang.Class;@4d93f75b,null), ([Ljava.lang.Class;@114a5e0,null), ([Ljava.lang.Class;@4f281aaf,null), ([Ljava.lang.Class;@5d508d22,null), ([Ljava.lang.Class;@f2b90fc,null)]}, RegistrationBlock{begin=52, types=[([Ljava.lang.Class;@19279602,null)]}]}
22:47:33.412 [raft-server-2-state] TRACE i.a.utils.serializer.KryoNamespace - class [B registered as 16
22:47:33.412 [raft-server-2-state] TRACE i.a.utils.serializer.KryoNamespace - class java.util.concurrent.atomic.AtomicBoolean registered as 17
22:47:33.412 [raft-server-2-state] TRACE i.a.utils.serializer.KryoNamespace - class java.util.concurrent.atomic.AtomicInteger registered as 18
22:47:33.412 [raft-server-2-state] TRACE i.a.utils.serializer.KryoNamespace - class java.util.concurrent.atomic.AtomicLong registered as 19
22:47:33.412 [raft-server-2-state] TRACE i.a.utils.serializer.KryoNamespace - class com.google.common.collect.ImmutableList registered as 20
22:47:33.412 [raft-server-2-state] TRACE i.a.utils.serializer.KryoNamespace - class com.google.common.collect.RegularImmutableList registered as 20
22:47:33.412 [raft-server-2-state] TRACE i.a.utils.serializer.KryoNamespace - class com.google.common.collect.RegularImmutableList registered as 20
22:47:33.412 [raft-server-2-state] TRACE i.a.utils.serializer.KryoNamespace - class com.google.common.collect.ImmutableList$SubList registered as 20
22:47:33.412 [raft-server-2-state] TRACE i.a.utils.serializer.KryoNamespace - class com.google.common.collect.ImmutableSet registered as 21
22:47:33.412 [raft-server-2-state] TRACE i.a.utils.serializer.KryoNamespace - class com.google.common.collect.RegularImmutableSet registered as 21
22:47:33.412 [raft-server-2-state] TRACE i.a.utils.serializer.KryoNamespace - class com.google.common.collect.SingletonImmutableSet registered as 21
22:47:33.412 [raft-server-2-state] TRACE i.a.utils.serializer.KryoNamespace - class com.google.common.collect.RegularImmutableSet registered as 21
22:47:33.412 [raft-server-2-state] TRACE i.a.utils.serializer.KryoNamespace - class com.google.common.collect.ImmutableMap registered as 22
22:47:33.412 [raft-server-2-state] TRACE i.a.utils.serializer.KryoNamespace - class com.google.common.collect.RegularImmutableMap registered as 22
22:47:33.413 [raft-server-2-state] TRACE i.a.utils.serializer.KryoNamespace - class com.google.common.collect.RegularImmutableMap registered as 22
22:47:33.413 [raft-server-2-state] TRACE i.a.utils.serializer.KryoNamespace - class com.google.common.collect.RegularImmutableMap registered as 22
22:47:33.413 [raft-server-2-state] TRACE i.a.utils.serializer.KryoNamespace - class java.util.Collections$UnmodifiableSet registered as 23
22:47:33.413 [raft-server-2-state] TRACE i.a.utils.serializer.KryoNamespace - class java.util.HashMap registered as 24
22:47:33.413 [raft-server-2-state] TRACE i.a.utils.serializer.KryoNamespace - class java.util.concurrent.ConcurrentHashMap registered as 25
22:47:33.413 [raft-server-2-state] TRACE i.a.utils.serializer.KryoNamespace - class java.util.concurrent.CopyOnWriteArraySet registered as 26
22:47:33.413 [raft-server-2-state] TRACE i.a.utils.serializer.KryoNamespace - class java.util.ArrayList registered as 27
22:47:33.413 [raft-server-2-state] TRACE i.a.utils.serializer.KryoNamespace - class java.util.LinkedList registered as 28
22:47:33.413 [raft-server-2-state] TRACE i.a.utils.serializer.KryoNamespace - class java.util.HashSet registered as 29
22:47:33.413 [raft-server-2-state] TRACE i.a.utils.serializer.KryoNamespace - class java.util.LinkedHashSet registered as 30
22:47:33.413 [raft-server-2-state] TRACE i.a.utils.serializer.KryoNamespace - class com.sun.jmx.remote.internal.ArrayQueue registered as 31
22:47:33.413 [raft-server-2-state] TRACE i.a.utils.serializer.KryoNamespace - class java.util.ArrayDeque registered as 32
22:47:33.413 [raft-server-2-state] TRACE i.a.utils.serializer.KryoNamespace - class com.google.common.collect.HashMultiset registered as 33
22:47:33.413 [raft-server-2-state] TRACE i.a.utils.serializer.KryoNamespace - class com.google.common.collect.Sets registered as 34
22:47:33.413 [raft-server-2-state] TRACE i.a.utils.serializer.KryoNamespace - class com.google.common.collect.ImmutableEntry registered as 35
22:47:33.413 [raft-server-2-state] TRACE i.a.utils.serializer.KryoNamespace - class java.util.Arrays$ArrayList registered as 36
22:47:33.414 [raft-server-2-state] TRACE i.a.utils.serializer.KryoNamespace - class java.util.Collections$SingletonList registered as 37
22:47:33.414 [raft-server-2-state] TRACE i.a.utils.serializer.KryoNamespace - class java.time.Duration registered as 38
22:47:33.414 [raft-server-2-state] TRACE i.a.utils.serializer.KryoNamespace - class java.util.Collections$EmptySet registered as 39
22:47:33.414 [raft-server-2-state] TRACE i.a.utils.serializer.KryoNamespace - class java.util.Optional registered as 40
22:47:33.414 [raft-server-2-state] TRACE i.a.utils.serializer.KryoNamespace - class java.util.Collections$EmptyList registered as 41
22:47:33.414 [raft-server-2-state] TRACE i.a.utils.serializer.KryoNamespace - class java.util.Collections$SingletonSet registered as 42
22:47:33.414 [raft-server-2-state] TRACE i.a.utils.serializer.KryoNamespace - class [I registered as 43
22:47:33.414 [raft-server-2-state] TRACE i.a.utils.serializer.KryoNamespace - class [J registered as 44
22:47:33.414 [raft-server-2-state] TRACE i.a.utils.serializer.KryoNamespace - class [S registered as 45
22:47:33.414 [raft-server-2-state] TRACE i.a.utils.serializer.KryoNamespace - class [D registered as 46
22:47:33.414 [raft-server-2-state] TRACE i.a.utils.serializer.KryoNamespace - class [F registered as 47
22:47:33.414 [raft-server-2-state] TRACE i.a.utils.serializer.KryoNamespace - class [C registered as 48
22:47:33.414 [raft-server-2-state] TRACE i.a.utils.serializer.KryoNamespace - class [Ljava.lang.String; registered as 49
22:47:33.414 [raft-server-2-state] TRACE i.a.utils.serializer.KryoNamespace - class [Z registered as 50
22:47:33.414 [raft-server-2-state] TRACE i.a.utils.serializer.KryoNamespace - class [Ljava.lang.Object; registered as 51
22:47:33.414 [raft-server-2-state] TRACE i.a.utils.serializer.KryoNamespace - class io.atomix.primitive.service.ServiceConfig registered as 52
22:47:33.415 [raft-server-2-state] TRACE i.a.utils.serializer.KryoNamespace - Creating Kryo instance for KryoNamespace{registeredBlocks=[RegistrationBlock{begin=16, types=[([Ljava.lang.Class;@6b321262,null), ([Ljava.lang.Class;@68b11545,null), ([Ljava.lang.Class;@7d0100ea,null), ([Ljava.lang.Class;@357bc488,null), ([Ljava.lang.Class;@4ea17147,io.atomix.utils.serializer.serializers.ImmutableListSerializer@2eda4eeb), ([Ljava.lang.Class;@5ba90d8a,io.atomix.utils.serializer.serializers.ImmutableSetSerializer@309dcdf3), ([Ljava.lang.Class;@7573b9ee,io.atomix.utils.serializer.serializers.ImmutableMapSerializer@9a20cbd), ([Ljava.lang.Class;@1af4955e,null), ([Ljava.lang.Class;@445821a6,null), ([Ljava.lang.Class;@2c0c4c0a,null), ([Ljava.lang.Class;@35d26ad2,null), ([Ljava.lang.Class;@bb25753,null), ([Ljava.lang.Class;@ee21292,null), ([Ljava.lang.Class;@40c06358,null), ([Ljava.lang.Class;@66e21568,null), ([Ljava.lang.Class;@7f73ce28,null), ([Ljava.lang.Class;@611b35d6,null), ([Ljava.lang.Class;@2282400e,null), ([Ljava.lang.Class;@543d5863,null), ([Ljava.lang.Class;@35dece42,null), ([Ljava.lang.Class;@dd3f8aa,io.atomix.utils.serializer.serializers.ArraysAsListSerializer@3d615b2e), ([Ljava.lang.Class;@3a1f2a1,null), ([Ljava.lang.Class;@40ce9049,null), ([Ljava.lang.Class;@52ca2652,null), ([Ljava.lang.Class;@65c5bf0e,null), ([Ljava.lang.Class;@697d6ded,null), ([Ljava.lang.Class;@5d05f453,null), ([Ljava.lang.Class;@5efeb117,null), ([Ljava.lang.Class;@160b4809,null), ([Ljava.lang.Class;@149b4d20,null), ([Ljava.lang.Class;@664e848c,null), ([Ljava.lang.Class;@4d93f75b,null), ([Ljava.lang.Class;@114a5e0,null), ([Ljava.lang.Class;@4f281aaf,null), ([Ljava.lang.Class;@5d508d22,null), ([Ljava.lang.Class;@f2b90fc,null)]}, RegistrationBlock{begin=52, types=[([Ljava.lang.Class;@1d1801fe,null)]}]}
22:47:33.415 [raft-server-2-state] TRACE i.a.utils.serializer.KryoNamespace - class [B registered as 16
22:47:33.415 [raft-server-2-state] TRACE i.a.utils.serializer.KryoNamespace - class java.util.concurrent.atomic.AtomicBoolean registered as 17
22:47:33.415 [raft-server-2-state] TRACE i.a.utils.serializer.KryoNamespace - class java.util.concurrent.atomic.AtomicInteger registered as 18
22:47:33.415 [raft-server-2-state] TRACE i.a.utils.serializer.KryoNamespace - class java.util.concurrent.atomic.AtomicLong registered as 19
22:47:33.415 [raft-server-2-state] TRACE i.a.utils.serializer.KryoNamespace - class com.google.common.collect.ImmutableList registered as 20
22:47:33.415 [raft-server-2-state] TRACE i.a.utils.serializer.KryoNamespace - class com.google.common.collect.RegularImmutableList registered as 20
22:47:33.415 [raft-server-2-state] TRACE i.a.utils.serializer.KryoNamespace - class com.google.common.collect.RegularImmutableList registered as 20
22:47:33.415 [raft-server-2-state] TRACE i.a.utils.serializer.KryoNamespace - class com.google.common.collect.ImmutableList$SubList registered as 20
22:47:33.415 [raft-server-2-state] TRACE i.a.utils.serializer.KryoNamespace - class com.google.common.collect.ImmutableSet registered as 21
22:47:33.415 [raft-server-2-state] TRACE i.a.utils.serializer.KryoNamespace - class com.google.common.collect.RegularImmutableSet registered as 21
22:47:33.415 [raft-server-2-state] TRACE i.a.utils.serializer.KryoNamespace - class com.google.common.collect.SingletonImmutableSet registered as 21
22:47:33.415 [raft-server-2-state] TRACE i.a.utils.serializer.KryoNamespace - class com.google.common.collect.RegularImmutableSet registered as 21
22:47:33.415 [raft-server-2-state] TRACE i.a.utils.serializer.KryoNamespace - class com.google.common.collect.ImmutableMap registered as 22
22:47:33.415 [raft-server-2-state] TRACE i.a.utils.serializer.KryoNamespace - class com.google.common.collect.RegularImmutableMap registered as 22
22:47:33.415 [raft-server-2-state] TRACE i.a.utils.serializer.KryoNamespace - class com.google.common.collect.RegularImmutableMap registered as 22
22:47:33.415 [raft-server-2-state] TRACE i.a.utils.serializer.KryoNamespace - class com.google.common.collect.RegularImmutableMap registered as 22
22:47:33.415 [raft-server-2-state] TRACE i.a.utils.serializer.KryoNamespace - class java.util.Collections$UnmodifiableSet registered as 23
22:47:33.415 [raft-server-2-state] TRACE i.a.utils.serializer.KryoNamespace - class java.util.HashMap registered as 24
22:47:33.415 [raft-server-2-state] TRACE i.a.utils.serializer.KryoNamespace - class java.util.concurrent.ConcurrentHashMap registered as 25
22:47:33.415 [raft-server-2-state] TRACE i.a.utils.serializer.KryoNamespace - class java.util.concurrent.CopyOnWriteArraySet registered as 26
22:47:33.416 [raft-server-2-state] TRACE i.a.utils.serializer.KryoNamespace - class java.util.ArrayList registered as 27
22:47:33.416 [raft-server-2-state] TRACE i.a.utils.serializer.KryoNamespace - class java.util.LinkedList registered as 28
22:47:33.416 [raft-server-2-state] TRACE i.a.utils.serializer.KryoNamespace - class java.util.HashSet registered as 29
22:47:33.416 [raft-server-2-state] TRACE i.a.utils.serializer.KryoNamespace - class java.util.LinkedHashSet registered as 30
22:47:33.416 [raft-server-2-state] TRACE i.a.utils.serializer.KryoNamespace - class com.sun.jmx.remote.internal.ArrayQueue registered as 31
22:47:33.416 [raft-server-2-state] TRACE i.a.utils.serializer.KryoNamespace - class java.util.ArrayDeque registered as 32
22:47:33.416 [raft-server-2-state] TRACE i.a.utils.serializer.KryoNamespace - class com.google.common.collect.HashMultiset registered as 33
22:47:33.416 [raft-server-2-state] TRACE i.a.utils.serializer.KryoNamespace - class com.google.common.collect.Sets registered as 34
22:47:33.416 [raft-server-2-state] TRACE i.a.utils.serializer.KryoNamespace - class com.google.common.collect.ImmutableEntry registered as 35
22:47:33.416 [raft-server-2-state] TRACE i.a.utils.serializer.KryoNamespace - class java.util.Arrays$ArrayList registered as 36
22:47:33.416 [raft-server-2-state] TRACE i.a.utils.serializer.KryoNamespace - class java.util.Collections$SingletonList registered as 37
22:47:33.416 [raft-server-2-state] TRACE i.a.utils.serializer.KryoNamespace - class java.time.Duration registered as 38
22:47:33.416 [raft-server-2-state] TRACE i.a.utils.serializer.KryoNamespace - class java.util.Collections$EmptySet registered as 39
22:47:33.416 [raft-server-2-state] TRACE i.a.utils.serializer.KryoNamespace - class java.util.Optional registered as 40
22:47:33.416 [raft-server-2-state] TRACE i.a.utils.serializer.KryoNamespace - class java.util.Collections$EmptyList registered as 41
22:47:33.416 [raft-server-2-state] TRACE i.a.utils.serializer.KryoNamespace - class java.util.Collections$SingletonSet registered as 42
22:47:33.417 [raft-server-2-state] TRACE i.a.utils.serializer.KryoNamespace - class [I registered as 43
22:47:33.417 [raft-server-2-state] TRACE i.a.utils.serializer.KryoNamespace - class [J registered as 44
22:47:33.417 [raft-server-2-state] TRACE i.a.utils.serializer.KryoNamespace - class [S registered as 45
22:47:33.417 [raft-server-2-state] TRACE i.a.utils.serializer.KryoNamespace - class [D registered as 46
22:47:33.417 [raft-server-2-state] TRACE i.a.utils.serializer.KryoNamespace - class [F registered as 47
22:47:33.417 [raft-server-2-state] TRACE i.a.utils.serializer.KryoNamespace - class [C registered as 48
22:47:33.417 [raft-server-2-state] TRACE i.a.utils.serializer.KryoNamespace - class [Ljava.lang.String; registered as 49
22:47:33.417 [raft-server-2-state] TRACE i.a.utils.serializer.KryoNamespace - class [Z registered as 50
22:47:33.417 [raft-server-2-state] TRACE i.a.utils.serializer.KryoNamespace - class [Ljava.lang.Object; registered as 51
22:47:33.417 [raft-server-2-state] TRACE i.a.utils.serializer.KryoNamespace - class io.atomix.primitive.service.ServiceConfig registered as 52
22:47:33.417 [raft-server-2-state] DEBUG i.a.p.s.impl.DefaultServiceExecutor - PrimitiveService{2}{type=io.atomix.protocols.raft.RaftTest$TestPrimitiveType@581a9c39, name=raft-test} - Registered operation callback DefaultOperationId{id=sendEvent, type=COMMAND}
22:47:33.417 [raft-server-2-state] DEBUG i.a.p.s.impl.DefaultServiceExecutor - PrimitiveService{2}{type=io.atomix.protocols.raft.RaftTest$TestPrimitiveType@581a9c39, name=raft-test} - Registered operation callback DefaultOperationId{id=onClose, type=COMMAND}
22:47:33.417 [raft-server-2-state] DEBUG i.a.p.s.impl.DefaultServiceExecutor - PrimitiveService{2}{type=io.atomix.protocols.raft.RaftTest$TestPrimitiveType@581a9c39, name=raft-test} - Registered operation callback DefaultOperationId{id=read, type=QUERY}
22:47:33.418 [raft-server-2-state] DEBUG i.a.p.s.impl.DefaultServiceExecutor - PrimitiveService{2}{type=io.atomix.protocols.raft.RaftTest$TestPrimitiveType@581a9c39, name=raft-test} - Registered operation callback DefaultOperationId{id=onExpire, type=COMMAND}
22:47:33.418 [raft-server-2-state] DEBUG i.a.p.s.impl.DefaultServiceExecutor - PrimitiveService{2}{type=io.atomix.protocols.raft.RaftTest$TestPrimitiveType@581a9c39, name=raft-test} - Registered operation callback DefaultOperationId{id=write, type=COMMAND}
22:47:33.418 [raft-server-2-state] TRACE i.a.utils.serializer.KryoNamespace - Creating Kryo instance for KryoNamespace{registeredBlocks=[RegistrationBlock{begin=16, types=[([Ljava.lang.Class;@6b321262,null), ([Ljava.lang.Class;@68b11545,null), ([Ljava.lang.Class;@7d0100ea,null), ([Ljava.lang.Class;@357bc488,null), ([Ljava.lang.Class;@4ea17147,io.atomix.utils.serializer.serializers.ImmutableListSerializer@2eda4eeb), ([Ljava.lang.Class;@5ba90d8a,io.atomix.utils.serializer.serializers.ImmutableSetSerializer@309dcdf3), ([Ljava.lang.Class;@7573b9ee,io.atomix.utils.serializer.serializers.ImmutableMapSerializer@9a20cbd), ([Ljava.lang.Class;@1af4955e,null), ([Ljava.lang.Class;@445821a6,null), ([Ljava.lang.Class;@2c0c4c0a,null), ([Ljava.lang.Class;@35d26ad2,null), ([Ljava.lang.Class;@bb25753,null), ([Ljava.lang.Class;@ee21292,null), ([Ljava.lang.Class;@40c06358,null), ([Ljava.lang.Class;@66e21568,null), ([Ljava.lang.Class;@7f73ce28,null), ([Ljava.lang.Class;@611b35d6,null), ([Ljava.lang.Class;@2282400e,null), ([Ljava.lang.Class;@543d5863,null), ([Ljava.lang.Class;@35dece42,null), ([Ljava.lang.Class;@dd3f8aa,io.atomix.utils.serializer.serializers.ArraysAsListSerializer@3d615b2e), ([Ljava.lang.Class;@3a1f2a1,null), ([Ljava.lang.Class;@40ce9049,null), ([Ljava.lang.Class;@52ca2652,null), ([Ljava.lang.Class;@65c5bf0e,null), ([Ljava.lang.Class;@697d6ded,null), ([Ljava.lang.Class;@5d05f453,null), ([Ljava.lang.Class;@5efeb117,null), ([Ljava.lang.Class;@160b4809,null), ([Ljava.lang.Class;@149b4d20,null), ([Ljava.lang.Class;@664e848c,null), ([Ljava.lang.Class;@4d93f75b,null), ([Ljava.lang.Class;@114a5e0,null), ([Ljava.lang.Class;@4f281aaf,null), ([Ljava.lang.Class;@5d508d22,null), ([Ljava.lang.Class;@f2b90fc,null)]}, RegistrationBlock{begin=52, types=[([Ljava.lang.Class;@4cba29ae,null)]}]}
22:47:33.418 [raft-server-2-state] TRACE i.a.utils.serializer.KryoNamespace - class [B registered as 16
22:47:33.418 [raft-server-2-state] TRACE i.a.utils.serializer.KryoNamespace - class java.util.concurrent.atomic.AtomicBoolean registered as 17
22:47:33.418 [raft-server-2-state] TRACE i.a.utils.serializer.KryoNamespace - class java.util.concurrent.atomic.AtomicInteger registered as 18
22:47:33.418 [raft-server-2-state] TRACE i.a.utils.serializer.KryoNamespace - class java.util.concurrent.atomic.AtomicLong registered as 19
22:47:33.418 [raft-server-2-state] TRACE i.a.utils.serializer.KryoNamespace - class com.google.common.collect.ImmutableList registered as 20
22:47:33.418 [raft-server-2-state] TRACE i.a.utils.serializer.KryoNamespace - class com.google.common.collect.RegularImmutableList registered as 20
22:47:33.418 [raft-server-2-state] TRACE i.a.utils.serializer.KryoNamespace - class com.google.common.collect.RegularImmutableList registered as 20
22:47:33.418 [raft-server-2-state] TRACE i.a.utils.serializer.KryoNamespace - class com.google.common.collect.ImmutableList$SubList registered as 20
22:47:33.418 [raft-server-2-state] TRACE i.a.utils.serializer.KryoNamespace - class com.google.common.collect.ImmutableSet registered as 21
22:47:33.418 [raft-server-2-state] TRACE i.a.utils.serializer.KryoNamespace - class com.google.common.collect.RegularImmutableSet registered as 21
22:47:33.418 [raft-server-2-state] TRACE i.a.utils.serializer.KryoNamespace - class com.google.common.collect.SingletonImmutableSet registered as 21
22:47:33.418 [raft-server-2-state] TRACE i.a.utils.serializer.KryoNamespace - class com.google.common.collect.RegularImmutableSet registered as 21
22:47:33.418 [raft-server-2-state] TRACE i.a.utils.serializer.KryoNamespace - class com.google.common.collect.ImmutableMap registered as 22
22:47:33.418 [raft-server-2-state] TRACE i.a.utils.serializer.KryoNamespace - class com.google.common.collect.RegularImmutableMap registered as 22
22:47:33.418 [raft-server-2-state] TRACE i.a.utils.serializer.KryoNamespace - class com.google.common.collect.RegularImmutableMap registered as 22
22:47:33.418 [raft-server-2-state] TRACE i.a.utils.serializer.KryoNamespace - class com.google.common.collect.RegularImmutableMap registered as 22
22:47:33.418 [raft-server-2-state] TRACE i.a.utils.serializer.KryoNamespace - class java.util.Collections$UnmodifiableSet registered as 23
22:47:33.418 [raft-server-2-state] TRACE i.a.utils.serializer.KryoNamespace - class java.util.HashMap registered as 24
22:47:33.419 [raft-server-2-state] TRACE i.a.utils.serializer.KryoNamespace - class java.util.concurrent.ConcurrentHashMap registered as 25
22:47:33.419 [raft-server-2-state] TRACE i.a.utils.serializer.KryoNamespace - class java.util.concurrent.CopyOnWriteArraySet registered as 26
22:47:33.419 [raft-server-2-state] TRACE i.a.utils.serializer.KryoNamespace - class java.util.ArrayList registered as 27
22:47:33.419 [raft-server-2-state] TRACE i.a.utils.serializer.KryoNamespace - class java.util.LinkedList registered as 28
22:47:33.419 [raft-server-2-state] TRACE i.a.utils.serializer.KryoNamespace - class java.util.HashSet registered as 29
22:47:33.419 [raft-server-2-state] TRACE i.a.utils.serializer.KryoNamespace - class java.util.LinkedHashSet registered as 30
22:47:33.419 [raft-server-2-state] TRACE i.a.utils.serializer.KryoNamespace - class com.sun.jmx.remote.internal.ArrayQueue registered as 31
22:47:33.419 [raft-server-2-state] TRACE i.a.utils.serializer.KryoNamespace - class java.util.ArrayDeque registered as 32
22:47:33.419 [raft-server-2-state] TRACE i.a.utils.serializer.KryoNamespace - class com.google.common.collect.HashMultiset registered as 33
22:47:33.419 [raft-server-2-state] TRACE i.a.utils.serializer.KryoNamespace - class com.google.common.collect.Sets registered as 34
22:47:33.419 [raft-server-2-state] TRACE i.a.utils.serializer.KryoNamespace - class com.google.common.collect.ImmutableEntry registered as 35
22:47:33.419 [raft-server-2-state] TRACE i.a.utils.serializer.KryoNamespace - class java.util.Arrays$ArrayList registered as 36
22:47:33.419 [raft-server-2-state] TRACE i.a.utils.serializer.KryoNamespace - class java.util.Collections$SingletonList registered as 37
22:47:33.419 [raft-server-2-state] TRACE i.a.utils.serializer.KryoNamespace - class java.time.Duration registered as 38
22:47:33.419 [raft-server-2-state] TRACE i.a.utils.serializer.KryoNamespace - class java.util.Collections$EmptySet registered as 39
22:47:33.419 [raft-server-2-state] TRACE i.a.utils.serializer.KryoNamespace - class java.util.Optional registered as 40
22:47:33.419 [raft-server-2-state] TRACE i.a.utils.serializer.KryoNamespace - class java.util.Collections$EmptyList registered as 41
22:47:33.420 [raft-server-2-state] TRACE i.a.utils.serializer.KryoNamespace - class java.util.Collections$SingletonSet registered as 42
22:47:33.420 [raft-server-2-state] TRACE i.a.utils.serializer.KryoNamespace - class [I registered as 43
22:47:33.420 [raft-server-2-state] TRACE i.a.utils.serializer.KryoNamespace - class [J registered as 44
22:47:33.420 [raft-server-2-state] TRACE i.a.utils.serializer.KryoNamespace - class [S registered as 45
22:47:33.420 [raft-server-2-state] TRACE i.a.utils.serializer.KryoNamespace - class [D registered as 46
22:47:33.420 [raft-server-2-state] TRACE i.a.utils.serializer.KryoNamespace - class [F registered as 47
22:47:33.420 [raft-server-2-state] TRACE i.a.utils.serializer.KryoNamespace - class [C registered as 48
22:47:33.420 [raft-server-2-state] TRACE i.a.utils.serializer.KryoNamespace - class [Ljava.lang.String; registered as 49
22:47:33.420 [raft-server-2-state] TRACE i.a.utils.serializer.KryoNamespace - class [Z registered as 50
22:47:33.420 [raft-server-2-state] TRACE i.a.utils.serializer.KryoNamespace - class [Ljava.lang.Object; registered as 51
22:47:33.420 [raft-server-2-state] TRACE i.a.utils.serializer.KryoNamespace - class io.atomix.primitive.service.ServiceConfig registered as 52
22:47:33.420 [raft-server-2-state] DEBUG i.a.p.r.service.RaftServiceContext - PrimitiveService{2}{type=io.atomix.protocols.raft.RaftTest$TestPrimitiveType@581a9c39, name=raft-test} - Opening session 2
22:47:33.420 [raft-server-2-state] DEBUG i.a.p.raft.session.RaftSession - PrimitiveSession{2}{type=io.atomix.protocols.raft.RaftTest$TestPrimitiveType@581a9c39, name=raft-test} - State changed: OPEN
22:47:33.420 [raft-server-2-state] TRACE i.a.protocols.raft.roles.LeaderRole - RaftServer{2}{role=LEADER} - Sending OpenSessionResponse{status=OK, session=2, timeout=5000}
22:47:33.421 [raft-server-3] TRACE i.a.p.raft.roles.FollowerRole - RaftServer{3}{role=FOLLOWER} - Sending OpenSessionResponse{status=OK, session=2, timeout=5000}
22:47:33.421 [raft-client-431b802d-5b1a-4d37-8231-45cdad27d9ba-1] TRACE i.a.p.r.p.impl.RaftProxyConnection - RaftClient{431b802d-5b1a-4d37-8231-45cdad27d9ba} - Received OpenSessionResponse{status=OK, session=2, timeout=5000} from 3
22:47:33.421 [raft-client-431b802d-5b1a-4d37-8231-45cdad27d9ba-0] TRACE i.a.p.r.proxy.impl.RaftProxyManager - RaftClient{431b802d-5b1a-4d37-8231-45cdad27d9ba} - Keeping 1 sessions alive
22:47:33.422 [raft-client-431b802d-5b1a-4d37-8231-45cdad27d9ba-2] TRACE i.a.p.r.p.impl.RaftProxyConnection - RaftClient{431b802d-5b1a-4d37-8231-45cdad27d9ba} - Sending KeepAliveRequest{sessionIds=long[]{length=1, hash=33}, commandSequences=long[]{length=1, hash=31}, eventIndexes=long[]{length=1, hash=33}} to 3
22:47:33.422 [raft-server-3] TRACE i.a.p.raft.roles.FollowerRole - RaftServer{3}{role=FOLLOWER} - Received KeepAliveRequest{sessionIds=long[]{length=1, hash=33}, commandSequences=long[]{length=1, hash=31}, eventIndexes=long[]{length=1, hash=33}}
22:47:33.422 [raft-client-431b802d-5b1a-4d37-8231-45cdad27d9ba-0] DEBUG i.a.p.p.i.RecoveringPartitionProxy - PartitionProxy{2}{type=io.atomix.protocols.raft.RaftTest$TestPrimitiveType@35bfa1bb, name=raft-test} - State changed: CONNECTED
22:47:33.422 [raft-server-2] TRACE i.a.protocols.raft.roles.LeaderRole - RaftServer{2}{role=LEADER} - Received KeepAliveRequest{sessionIds=long[]{length=1, hash=33}, commandSequences=long[]{length=1, hash=31}, eventIndexes=long[]{length=1, hash=33}}
22:47:33.423 [raft-server-2] TRACE i.a.protocols.raft.roles.LeaderRole - RaftServer{2}{role=LEADER} - Appended Indexed{index=3, entry=KeepAliveEntry{term=1, timestamp=2018-06-07 10:47:33,422, sessionIds=long[]{length=1, hash=33}, commandSequences=long[]{length=1, hash=31}, eventIndexes=long[]{length=1, hash=33}}}
22:47:33.423 [raft-server-2] TRACE i.a.p.raft.roles.LeaderAppender - RaftServer{2} - Sending AppendRequest{term=1, leader=2, prevLogIndex=2, prevLogTerm=1, entries=1, commitIndex=2} to 1
22:47:33.423 [raft-server-1] TRACE i.a.p.raft.roles.FollowerRole - RaftServer{1}{role=FOLLOWER} - Received AppendRequest{term=1, leader=2, prevLogIndex=2, prevLogTerm=1, entries=1, commitIndex=2}
22:47:33.423 [raft-server-2] TRACE i.a.p.raft.roles.LeaderAppender - RaftServer{2} - Sending AppendRequest{term=1, leader=2, prevLogIndex=2, prevLogTerm=1, entries=1, commitIndex=2} to 3
22:47:33.423 [raft-server-3] TRACE i.a.p.raft.roles.FollowerRole - RaftServer{3}{role=FOLLOWER} - Received AppendRequest{term=1, leader=2, prevLogIndex=2, prevLogTerm=1, entries=1, commitIndex=2}
22:47:33.423 [raft-server-1] TRACE i.a.p.raft.roles.FollowerRole - RaftServer{1}{role=FOLLOWER} - Appended Indexed{index=3, entry=KeepAliveEntry{term=1, timestamp=2018-06-07 10:47:33,422, sessionIds=long[]{length=1, hash=33}, commandSequences=long[]{length=1, hash=31}, eventIndexes=long[]{length=1, hash=33}}}
22:47:33.423 [main] TRACE i.a.utils.serializer.KryoNamespace - Creating Kryo instance for KryoNamespace{registeredBlocks=[RegistrationBlock{begin=16, types=[([Ljava.lang.Class;@6b321262,null), ([Ljava.lang.Class;@68b11545,null), ([Ljava.lang.Class;@7d0100ea,null), ([Ljava.lang.Class;@357bc488,null), ([Ljava.lang.Class;@4ea17147,io.atomix.utils.serializer.serializers.ImmutableListSerializer@2eda4eeb), ([Ljava.lang.Class;@5ba90d8a,io.atomix.utils.serializer.serializers.ImmutableSetSerializer@309dcdf3), ([Ljava.lang.Class;@7573b9ee,io.atomix.utils.serializer.serializers.ImmutableMapSerializer@9a20cbd), ([Ljava.lang.Class;@1af4955e,null), ([Ljava.lang.Class;@445821a6,null), ([Ljava.lang.Class;@2c0c4c0a,null), ([Ljava.lang.Class;@35d26ad2,null), ([Ljava.lang.Class;@bb25753,null), ([Ljava.lang.Class;@ee21292,null), ([Ljava.lang.Class;@40c06358,null), ([Ljava.lang.Class;@66e21568,null), ([Ljava.lang.Class;@7f73ce28,null), ([Ljava.lang.Class;@611b35d6,null), ([Ljava.lang.Class;@2282400e,null), ([Ljava.lang.Class;@543d5863,null), ([Ljava.lang.Class;@35dece42,null), ([Ljava.lang.Class;@dd3f8aa,io.atomix.utils.serializer.serializers.ArraysAsListSerializer@3d615b2e), ([Ljava.lang.Class;@3a1f2a1,null), ([Ljava.lang.Class;@40ce9049,null), ([Ljava.lang.Class;@52ca2652,null), ([Ljava.lang.Class;@65c5bf0e,null), ([Ljava.lang.Class;@697d6ded,null), ([Ljava.lang.Class;@5d05f453,null), ([Ljava.lang.Class;@5efeb117,null), ([Ljava.lang.Class;@160b4809,null), ([Ljava.lang.Class;@149b4d20,null), ([Ljava.lang.Class;@664e848c,null), ([Ljava.lang.Class;@4d93f75b,null), ([Ljava.lang.Class;@114a5e0,null), ([Ljava.lang.Class;@4f281aaf,null), ([Ljava.lang.Class;@5d508d22,null), ([Ljava.lang.Class;@f2b90fc,null)]}, RegistrationBlock{begin=52, types=[([Ljava.lang.Class;@5e3db14,null)]}]}
22:47:33.423 [raft-server-3] TRACE i.a.p.raft.roles.FollowerRole - RaftServer{3}{role=FOLLOWER} - Appended Indexed{index=3, entry=KeepAliveEntry{term=1, timestamp=2018-06-07 10:47:33,422, sessionIds=long[]{length=1, hash=33}, commandSequences=long[]{length=1, hash=31}, eventIndexes=long[]{length=1, hash=33}}}
22:47:33.423 [main] TRACE i.a.utils.serializer.KryoNamespace - class [B registered as 16
22:47:33.423 [main] TRACE i.a.utils.serializer.KryoNamespace - class java.util.concurrent.atomic.AtomicBoolean registered as 17
22:47:33.424 [main] TRACE i.a.utils.serializer.KryoNamespace - class java.util.concurrent.atomic.AtomicInteger registered as 18
22:47:33.424 [main] TRACE i.a.utils.serializer.KryoNamespace - class java.util.concurrent.atomic.AtomicLong registered as 19
22:47:33.424 [main] TRACE i.a.utils.serializer.KryoNamespace - class com.google.common.collect.ImmutableList registered as 20
22:47:33.424 [main] TRACE i.a.utils.serializer.KryoNamespace - class com.google.common.collect.RegularImmutableList registered as 20
22:47:33.424 [main] TRACE i.a.utils.serializer.KryoNamespace - class com.google.common.collect.RegularImmutableList registered as 20
22:47:33.424 [main] TRACE i.a.utils.serializer.KryoNamespace - class com.google.common.collect.ImmutableList$SubList registered as 20
22:47:33.424 [main] TRACE i.a.utils.serializer.KryoNamespace - class com.google.common.collect.ImmutableSet registered as 21
22:47:33.424 [main] TRACE i.a.utils.serializer.KryoNamespace - class com.google.common.collect.RegularImmutableSet registered as 21
22:47:33.424 [main] TRACE i.a.utils.serializer.KryoNamespace - class com.google.common.collect.SingletonImmutableSet registered as 21
22:47:33.424 [main] TRACE i.a.utils.serializer.KryoNamespace - class com.google.common.collect.RegularImmutableSet registered as 21
22:47:33.424 [main] TRACE i.a.utils.serializer.KryoNamespace - class com.google.common.collect.ImmutableMap registered as 22
22:47:33.424 [main] TRACE i.a.utils.serializer.KryoNamespace - class com.google.common.collect.RegularImmutableMap registered as 22
22:47:33.424 [main] TRACE i.a.utils.serializer.KryoNamespace - class com.google.common.collect.RegularImmutableMap registered as 22
22:47:33.424 [main] TRACE i.a.utils.serializer.KryoNamespace - class com.google.common.collect.RegularImmutableMap registered as 22
22:47:33.424 [main] TRACE i.a.utils.serializer.KryoNamespace - class java.util.Collections$UnmodifiableSet registered as 23
22:47:33.424 [main] TRACE i.a.utils.serializer.KryoNamespace - class java.util.HashMap registered as 24
22:47:33.424 [main] TRACE i.a.utils.serializer.KryoNamespace - class java.util.concurrent.ConcurrentHashMap registered as 25
22:47:33.424 [main] TRACE i.a.utils.serializer.KryoNamespace - class java.util.concurrent.CopyOnWriteArraySet registered as 26
22:47:33.424 [main] TRACE i.a.utils.serializer.KryoNamespace - class java.util.ArrayList registered as 27
22:47:33.424 [main] TRACE i.a.utils.serializer.KryoNamespace - class java.util.LinkedList registered as 28
22:47:33.424 [main] TRACE i.a.utils.serializer.KryoNamespace - class java.util.HashSet registered as 29
22:47:33.425 [main] TRACE i.a.utils.serializer.KryoNamespace - class java.util.LinkedHashSet registered as 30
22:47:33.425 [main] TRACE i.a.utils.serializer.KryoNamespace - class com.sun.jmx.remote.internal.ArrayQueue registered as 31
22:47:33.425 [main] TRACE i.a.utils.serializer.KryoNamespace - class java.util.ArrayDeque registered as 32
22:47:33.425 [main] TRACE i.a.utils.serializer.KryoNamespace - class com.google.common.collect.HashMultiset registered as 33
22:47:33.425 [main] TRACE i.a.utils.serializer.KryoNamespace - class com.google.common.collect.Sets registered as 34
22:47:33.425 [main] TRACE i.a.utils.serializer.KryoNamespace - class com.google.common.collect.ImmutableEntry registered as 35
22:47:33.425 [main] TRACE i.a.utils.serializer.KryoNamespace - class java.util.Arrays$ArrayList registered as 36
22:47:33.425 [main] TRACE i.a.utils.serializer.KryoNamespace - class java.util.Collections$SingletonList registered as 37
22:47:33.425 [main] TRACE i.a.utils.serializer.KryoNamespace - class java.time.Duration registered as 38
22:47:33.425 [main] TRACE i.a.utils.serializer.KryoNamespace - class java.util.Collections$EmptySet registered as 39
22:47:33.425 [main] TRACE i.a.utils.serializer.KryoNamespace - class java.util.Optional registered as 40
22:47:33.425 [main] TRACE i.a.utils.serializer.KryoNamespace - class java.util.Collections$EmptyList registered as 41
22:47:33.425 [main] TRACE i.a.utils.serializer.KryoNamespace - class java.util.Collections$SingletonSet registered as 42
22:47:33.425 [main] TRACE i.a.utils.serializer.KryoNamespace - class [I registered as 43
22:47:33.425 [main] TRACE i.a.utils.serializer.KryoNamespace - class [J registered as 44
22:47:33.426 [main] TRACE i.a.utils.serializer.KryoNamespace - class [S registered as 45
22:47:33.426 [main] TRACE i.a.utils.serializer.KryoNamespace - class [D registered as 46
22:47:33.426 [main] TRACE i.a.utils.serializer.KryoNamespace - class [F registered as 47
22:47:33.426 [main] TRACE i.a.utils.serializer.KryoNamespace - class [C registered as 48
22:47:33.426 [main] TRACE i.a.utils.serializer.KryoNamespace - class [Ljava.lang.String; registered as 49
22:47:33.426 [main] TRACE i.a.utils.serializer.KryoNamespace - class [Z registered as 50
22:47:33.426 [main] TRACE i.a.utils.serializer.KryoNamespace - class [Ljava.lang.Object; registered as 51
22:47:33.426 [main] TRACE i.a.utils.serializer.KryoNamespace - class io.atomix.primitive.service.ServiceConfig registered as 52
22:47:33.428 [raft-client-431b802d-5b1a-4d37-8231-45cdad27d9ba-4] TRACE i.a.p.r.p.impl.RaftProxyConnection - PartitionProxy{2}{type=io.atomix.protocols.raft.RaftTest$TestPrimitiveType@35bfa1bb, name=raft-test} - Sending CommandRequest{session=2, sequence=1, operation=PrimitiveOperation{id=DefaultOperationId{id=write, type=COMMAND}, value=byte[]{length=17, hash=-1644578928}}} to 3
22:47:33.475 [raft-server-3] TRACE i.a.p.raft.roles.FollowerRole - RaftServer{3}{role=FOLLOWER} - Committed entries up to index 2
22:47:33.475 [raft-server-1] TRACE i.a.p.raft.roles.FollowerRole - RaftServer{1}{role=FOLLOWER} - Committed entries up to index 2
22:47:33.475 [raft-server-3] TRACE i.a.p.raft.roles.FollowerRole - RaftServer{3}{role=FOLLOWER} - Sending AppendResponse{status=OK, term=1, succeeded=true, lastLogIndex=3}
22:47:33.475 [raft-server-1] TRACE i.a.p.raft.roles.FollowerRole - RaftServer{1}{role=FOLLOWER} - Sending AppendResponse{status=OK, term=1, succeeded=true, lastLogIndex=3}
22:47:33.475 [raft-server-2] TRACE i.a.p.raft.roles.LeaderAppender - RaftServer{2} - Received AppendResponse{status=OK, term=1, succeeded=true, lastLogIndex=3} from 3
22:47:33.475 [raft-server-3] TRACE i.a.p.raft.roles.FollowerRole - RaftServer{3}{role=FOLLOWER} - Received CommandRequest{session=2, sequence=1, operation=PrimitiveOperation{id=DefaultOperationId{id=write, type=COMMAND}, value=byte[]{length=17, hash=-1644578928}}}
22:47:33.475 [raft-server-2] TRACE i.a.p.raft.roles.LeaderAppender - RaftServer{2} - Committed entries up to 3
22:47:33.475 [raft-server-1-state] TRACE i.a.p.raft.impl.RaftServiceManager - RaftServer{1} - Applying Indexed{index=2, entry=OpenSessionEntry{term=1, timestamp=2018-06-07 10:47:33,359, node=4, serviceName=raft-test, serviceType=raft-test, serviceConfig=byte[]{length=2, hash=2636}, readConsistency=LINEARIZABLE, minTimeout=250, maxTimeout=5000}}
22:47:33.476 [raft-server-3-state] TRACE i.a.p.raft.impl.RaftServiceManager - RaftServer{3} - Applying Indexed{index=2, entry=OpenSessionEntry{term=1, timestamp=2018-06-07 10:47:33,359, node=4, serviceName=raft-test, serviceType=raft-test, serviceConfig=byte[]{length=2, hash=2636}, readConsistency=LINEARIZABLE, minTimeout=250, maxTimeout=5000}}
22:47:33.476 [raft-server-1-state] TRACE i.a.utils.serializer.KryoNamespace - Creating Kryo instance for KryoNamespace{registeredBlocks=[RegistrationBlock{begin=16, types=[([Ljava.lang.Class;@6b321262,null), ([Ljava.lang.Class;@68b11545,null), ([Ljava.lang.Class;@7d0100ea,null), ([Ljava.lang.Class;@357bc488,null), ([Ljava.lang.Class;@4ea17147,io.atomix.utils.serializer.serializers.ImmutableListSerializer@2eda4eeb), ([Ljava.lang.Class;@5ba90d8a,io.atomix.utils.serializer.serializers.ImmutableSetSerializer@309dcdf3), ([Ljava.lang.Class;@7573b9ee,io.atomix.utils.serializer.serializers.ImmutableMapSerializer@9a20cbd), ([Ljava.lang.Class;@1af4955e,null), ([Ljava.lang.Class;@445821a6,null), ([Ljava.lang.Class;@2c0c4c0a,null), ([Ljava.lang.Class;@35d26ad2,null), ([Ljava.lang.Class;@bb25753,null), ([Ljava.lang.Class;@ee21292,null), ([Ljava.lang.Class;@40c06358,null), ([Ljava.lang.Class;@66e21568,null), ([Ljava.lang.Class;@7f73ce28,null), ([Ljava.lang.Class;@611b35d6,null), ([Ljava.lang.Class;@2282400e,null), ([Ljava.lang.Class;@543d5863,null), ([Ljava.lang.Class;@35dece42,null), ([Ljava.lang.Class;@dd3f8aa,io.atomix.utils.serializer.serializers.ArraysAsListSerializer@3d615b2e), ([Ljava.lang.Class;@3a1f2a1,null), ([Ljava.lang.Class;@40ce9049,null), ([Ljava.lang.Class;@52ca2652,null), ([Ljava.lang.Class;@65c5bf0e,null), ([Ljava.lang.Class;@697d6ded,null), ([Ljava.lang.Class;@5d05f453,null), ([Ljava.lang.Class;@5efeb117,null), ([Ljava.lang.Class;@160b4809,null), ([Ljava.lang.Class;@149b4d20,null), ([Ljava.lang.Class;@664e848c,null), ([Ljava.lang.Class;@4d93f75b,null), ([Ljava.lang.Class;@114a5e0,null), ([Ljava.lang.Class;@4f281aaf,null), ([Ljava.lang.Class;@5d508d22,null), ([Ljava.lang.Class;@f2b90fc,null)]}, RegistrationBlock{begin=52, types=[([Ljava.lang.Class;@c53b4c3,null)]}]}
22:47:33.476 [raft-server-3-state] TRACE i.a.utils.serializer.KryoNamespace - Creating Kryo instance for KryoNamespace{registeredBlocks=[RegistrationBlock{begin=16, types=[([Ljava.lang.Class;@6b321262,null), ([Ljava.lang.Class;@68b11545,null), ([Ljava.lang.Class;@7d0100ea,null), ([Ljava.lang.Class;@357bc488,null), ([Ljava.lang.Class;@4ea17147,io.atomix.utils.serializer.serializers.ImmutableListSerializer@2eda4eeb), ([Ljava.lang.Class;@5ba90d8a,io.atomix.utils.serializer.serializers.ImmutableSetSerializer@309dcdf3), ([Ljava.lang.Class;@7573b9ee,io.atomix.utils.serializer.serializers.ImmutableMapSerializer@9a20cbd), ([Ljava.lang.Class;@1af4955e,null), ([Ljava.lang.Class;@445821a6,null), ([Ljava.lang.Class;@2c0c4c0a,null), ([Ljava.lang.Class;@35d26ad2,null), ([Ljava.lang.Class;@bb25753,null), ([Ljava.lang.Class;@ee21292,null), ([Ljava.lang.Class;@40c06358,null), ([Ljava.lang.Class;@66e21568,null), ([Ljava.lang.Class;@7f73ce28,null), ([Ljava.lang.Class;@611b35d6,null), ([Ljava.lang.Class;@2282400e,null), ([Ljava.lang.Class;@543d5863,null), ([Ljava.lang.Class;@35dece42,null), ([Ljava.lang.Class;@dd3f8aa,io.atomix.utils.serializer.serializers.ArraysAsListSerializer@3d615b2e), ([Ljava.lang.Class;@3a1f2a1,null), ([Ljava.lang.Class;@40ce9049,null), ([Ljava.lang.Class;@52ca2652,null), ([Ljava.lang.Class;@65c5bf0e,null), ([Ljava.lang.Class;@697d6ded,null), ([Ljava.lang.Class;@5d05f453,null), ([Ljava.lang.Class;@5efeb117,null), ([Ljava.lang.Class;@160b4809,null), ([Ljava.lang.Class;@149b4d20,null), ([Ljava.lang.Class;@664e848c,null), ([Ljava.lang.Class;@4d93f75b,null), ([Ljava.lang.Class;@114a5e0,null), ([Ljava.lang.Class;@4f281aaf,null), ([Ljava.lang.Class;@5d508d22,null), ([Ljava.lang.Class;@f2b90fc,null)]}, RegistrationBlock{begin=52, types=[([Ljava.lang.Class;@566de020,null)]}]}
22:47:33.476 [raft-server-1-state] TRACE i.a.utils.serializer.KryoNamespace - class [B registered as 16
22:47:33.476 [raft-server-3-state] TRACE i.a.utils.serializer.KryoNamespace - class [B registered as 16
22:47:33.476 [raft-server-1-state] TRACE i.a.utils.serializer.KryoNamespace - class java.util.concurrent.atomic.AtomicBoolean registered as 17
22:47:33.476 [raft-server-3-state] TRACE i.a.utils.serializer.KryoNamespace - class java.util.concurrent.atomic.AtomicBoolean registered as 17
22:47:33.476 [raft-server-1-state] TRACE i.a.utils.serializer.KryoNamespace - class java.util.concurrent.atomic.AtomicInteger registered as 18
22:47:33.476 [raft-server-3-state] TRACE i.a.utils.serializer.KryoNamespace - class java.util.concurrent.atomic.AtomicInteger registered as 18
22:47:33.476 [raft-server-1-state] TRACE i.a.utils.serializer.KryoNamespace - class java.util.concurrent.atomic.AtomicLong registered as 19
22:47:33.476 [raft-server-3-state] TRACE i.a.utils.serializer.KryoNamespace - class java.util.concurrent.atomic.AtomicLong registered as 19
22:47:33.476 [raft-server-1-state] TRACE i.a.utils.serializer.KryoNamespace - class com.google.common.collect.ImmutableList registered as 20
22:47:33.476 [raft-server-3-state] TRACE i.a.utils.serializer.KryoNamespace - class com.google.common.collect.ImmutableList registered as 20
22:47:33.476 [raft-server-1-state] TRACE i.a.utils.serializer.KryoNamespace - class com.google.common.collect.RegularImmutableList registered as 20
22:47:33.476 [raft-server-3-state] TRACE i.a.utils.serializer.KryoNamespace - class com.google.common.collect.RegularImmutableList registered as 20
22:47:33.476 [raft-server-1-state] TRACE i.a.utils.serializer.KryoNamespace - class com.google.common.collect.RegularImmutableList registered as 20
22:47:33.476 [raft-server-3-state] TRACE i.a.utils.serializer.KryoNamespace - class com.google.common.collect.RegularImmutableList registered as 20
22:47:33.476 [raft-server-1-state] TRACE i.a.utils.serializer.KryoNamespace - class com.google.common.collect.ImmutableList$SubList registered as 20
22:47:33.476 [raft-server-3-state] TRACE i.a.utils.serializer.KryoNamespace - class com.google.common.collect.ImmutableList$SubList registered as 20
22:47:33.476 [raft-server-1-state] TRACE i.a.utils.serializer.KryoNamespace - class com.google.common.collect.ImmutableSet registered as 21
22:47:33.477 [raft-server-3-state] TRACE i.a.utils.serializer.KryoNamespace - class com.google.common.collect.ImmutableSet registered as 21
22:47:33.477 [raft-server-1-state] TRACE i.a.utils.serializer.KryoNamespace - class com.google.common.collect.RegularImmutableSet registered as 21
22:47:33.477 [raft-server-3-state] TRACE i.a.utils.serializer.KryoNamespace - class com.google.common.collect.RegularImmutableSet registered as 21
22:47:33.477 [raft-server-1-state] TRACE i.a.utils.serializer.KryoNamespace - class com.google.common.collect.SingletonImmutableSet registered as 21
22:47:33.477 [raft-server-3-state] TRACE i.a.utils.serializer.KryoNamespace - class com.google.common.collect.SingletonImmutableSet registered as 21
22:47:33.477 [raft-server-1-state] TRACE i.a.utils.serializer.KryoNamespace - class com.google.common.collect.RegularImmutableSet registered as 21
22:47:33.477 [raft-server-3-state] TRACE i.a.utils.serializer.KryoNamespace - class com.google.common.collect.RegularImmutableSet registered as 21
22:47:33.477 [raft-server-1-state] TRACE i.a.utils.serializer.KryoNamespace - class com.google.common.collect.ImmutableMap registered as 22
22:47:33.477 [raft-server-3-state] TRACE i.a.utils.serializer.KryoNamespace - class com.google.common.collect.ImmutableMap registered as 22
22:47:33.477 [raft-server-1-state] TRACE i.a.utils.serializer.KryoNamespace - class com.google.common.collect.RegularImmutableMap registered as 22
22:47:33.477 [raft-server-3-state] TRACE i.a.utils.serializer.KryoNamespace - class com.google.common.collect.RegularImmutableMap registered as 22
22:47:33.477 [raft-server-1-state] TRACE i.a.utils.serializer.KryoNamespace - class com.google.common.collect.RegularImmutableMap registered as 22
22:47:33.477 [raft-server-3-state] TRACE i.a.utils.serializer.KryoNamespace - class com.google.common.collect.RegularImmutableMap registered as 22
22:47:33.477 [raft-server-1-state] TRACE i.a.utils.serializer.KryoNamespace - class com.google.common.collect.RegularImmutableMap registered as 22
22:47:33.477 [raft-server-3-state] TRACE i.a.utils.serializer.KryoNamespace - class com.google.common.collect.RegularImmutableMap registered as 22
22:47:33.477 [raft-server-1-state] TRACE i.a.utils.serializer.KryoNamespace - class java.util.Collections$UnmodifiableSet registered as 23
22:47:33.477 [raft-server-3-state] TRACE i.a.utils.serializer.KryoNamespace - class java.util.Collections$UnmodifiableSet registered as 23
22:47:33.477 [raft-server-1-state] TRACE i.a.utils.serializer.KryoNamespace - class java.util.HashMap registered as 24
22:47:33.477 [raft-server-3-state] TRACE i.a.utils.serializer.KryoNamespace - class java.util.HashMap registered as 24
22:47:33.477 [raft-server-1-state] TRACE i.a.utils.serializer.KryoNamespace - class java.util.concurrent.ConcurrentHashMap registered as 25
22:47:33.477 [raft-server-3-state] TRACE i.a.utils.serializer.KryoNamespace - class java.util.concurrent.ConcurrentHashMap registered as 25
22:47:33.477 [raft-server-1-state] TRACE i.a.utils.serializer.KryoNamespace - class java.util.concurrent.CopyOnWriteArraySet registered as 26
22:47:33.477 [raft-server-3-state] TRACE i.a.utils.serializer.KryoNamespace - class java.util.concurrent.CopyOnWriteArraySet registered as 26
22:47:33.477 [raft-server-1-state] TRACE i.a.utils.serializer.KryoNamespace - class java.util.ArrayList registered as 27
22:47:33.477 [raft-server-3-state] TRACE i.a.utils.serializer.KryoNamespace - class java.util.ArrayList registered as 27
22:47:33.478 [raft-server-1-state] TRACE i.a.utils.serializer.KryoNamespace - class java.util.LinkedList registered as 28
22:47:33.478 [raft-server-3-state] TRACE i.a.utils.serializer.KryoNamespace - class java.util.LinkedList registered as 28
22:47:33.478 [raft-server-1-state] TRACE i.a.utils.serializer.KryoNamespace - class java.util.HashSet registered as 29
22:47:33.478 [raft-server-3-state] TRACE i.a.utils.serializer.KryoNamespace - class java.util.HashSet registered as 29
22:47:33.478 [raft-server-1-state] TRACE i.a.utils.serializer.KryoNamespace - class java.util.LinkedHashSet registered as 30
22:47:33.478 [raft-server-3-state] TRACE i.a.utils.serializer.KryoNamespace - class java.util.LinkedHashSet registered as 30
22:47:33.478 [raft-server-1-state] TRACE i.a.utils.serializer.KryoNamespace - class com.sun.jmx.remote.internal.ArrayQueue registered as 31
22:47:33.478 [raft-server-3-state] TRACE i.a.utils.serializer.KryoNamespace - class com.sun.jmx.remote.internal.ArrayQueue registered as 31
22:47:33.478 [raft-server-1-state] TRACE i.a.utils.serializer.KryoNamespace - class java.util.ArrayDeque registered as 32
22:47:33.478 [raft-server-3-state] TRACE i.a.utils.serializer.KryoNamespace - class java.util.ArrayDeque registered as 32
22:47:33.478 [raft-server-1-state] TRACE i.a.utils.serializer.KryoNamespace - class com.google.common.collect.HashMultiset registered as 33
22:47:33.478 [raft-server-3-state] TRACE i.a.utils.serializer.KryoNamespace - class com.google.common.collect.HashMultiset registered as 33
22:47:33.478 [raft-server-1-state] TRACE i.a.utils.serializer.KryoNamespace - class com.google.common.collect.Sets registered as 34
22:47:33.478 [raft-server-3-state] TRACE i.a.utils.serializer.KryoNamespace - class com.google.common.collect.Sets registered as 34
22:47:33.478 [raft-server-1-state] TRACE i.a.utils.serializer.KryoNamespace - class com.google.common.collect.ImmutableEntry registered as 35
22:47:33.478 [raft-server-3-state] TRACE i.a.utils.serializer.KryoNamespace - class com.google.common.collect.ImmutableEntry registered as 35
22:47:33.478 [raft-server-1-state] TRACE i.a.utils.serializer.KryoNamespace - class java.util.Arrays$ArrayList registered as 36
22:47:33.478 [raft-server-3-state] TRACE i.a.utils.serializer.KryoNamespace - class java.util.Arrays$ArrayList registered as 36
22:47:33.478 [raft-server-1-state] TRACE i.a.utils.serializer.KryoNamespace - class java.util.Collections$SingletonList registered as 37
22:47:33.478 [raft-server-3-state] TRACE i.a.utils.serializer.KryoNamespace - class java.util.Collections$SingletonList registered as 37
22:47:33.478 [raft-server-1-state] TRACE i.a.utils.serializer.KryoNamespace - class java.time.Duration registered as 38
22:47:33.478 [raft-server-3-state] TRACE i.a.utils.serializer.KryoNamespace - class java.time.Duration registered as 38
22:47:33.478 [raft-server-1-state] TRACE i.a.utils.serializer.KryoNamespace - class java.util.Collections$EmptySet registered as 39
22:47:33.479 [raft-server-3-state] TRACE i.a.utils.serializer.KryoNamespace - class java.util.Collections$EmptySet registered as 39
22:47:33.479 [raft-server-1-state] TRACE i.a.utils.serializer.KryoNamespace - class java.util.Optional registered as 40
22:47:33.479 [raft-server-3-state] TRACE i.a.utils.serializer.KryoNamespace - class java.util.Optional registered as 40
22:47:33.479 [raft-server-1-state] TRACE i.a.utils.serializer.KryoNamespace - class java.util.Collections$EmptyList registered as 41
22:47:33.479 [raft-server-3-state] TRACE i.a.utils.serializer.KryoNamespace - class java.util.Collections$EmptyList registered as 41
22:47:33.479 [raft-server-1-state] TRACE i.a.utils.serializer.KryoNamespace - class java.util.Collections$SingletonSet registered as 42
22:47:33.479 [raft-server-3-state] TRACE i.a.utils.serializer.KryoNamespace - class java.util.Collections$SingletonSet registered as 42
22:47:33.479 [raft-server-1-state] TRACE i.a.utils.serializer.KryoNamespace - class [I registered as 43
22:47:33.479 [raft-server-3-state] TRACE i.a.utils.serializer.KryoNamespace - class [I registered as 43
22:47:33.479 [raft-server-1-state] TRACE i.a.utils.serializer.KryoNamespace - class [J registered as 44
22:47:33.479 [raft-server-3-state] TRACE i.a.utils.serializer.KryoNamespace - class [J registered as 44
22:47:33.479 [raft-server-1-state] TRACE i.a.utils.serializer.KryoNamespace - class [S registered as 45
22:47:33.479 [raft-server-3-state] TRACE i.a.utils.serializer.KryoNamespace - class [S registered as 45
22:47:33.479 [raft-server-1-state] TRACE i.a.utils.serializer.KryoNamespace - class [D registered as 46
22:47:33.479 [raft-server-3-state] TRACE i.a.utils.serializer.KryoNamespace - class [D registered as 46
22:47:33.479 [raft-server-1-state] TRACE i.a.utils.serializer.KryoNamespace - class [F registered as 47
22:47:33.479 [raft-server-3-state] TRACE i.a.utils.serializer.KryoNamespace - class [F registered as 47
22:47:33.479 [raft-server-1-state] TRACE i.a.utils.serializer.KryoNamespace - class [C registered as 48
22:47:33.479 [raft-server-3-state] TRACE i.a.utils.serializer.KryoNamespace - class [C registered as 48
22:47:33.479 [raft-server-1-state] TRACE i.a.utils.serializer.KryoNamespace - class [Ljava.lang.String; registered as 49
22:47:33.479 [raft-server-3-state] TRACE i.a.utils.serializer.KryoNamespace - class [Ljava.lang.String; registered as 49
22:47:33.479 [raft-server-1-state] TRACE i.a.utils.serializer.KryoNamespace - class [Z registered as 50
22:47:33.479 [raft-server-3-state] TRACE i.a.utils.serializer.KryoNamespace - class [Z registered as 50
22:47:33.479 [raft-server-1-state] TRACE i.a.utils.serializer.KryoNamespace - class [Ljava.lang.Object; registered as 51
22:47:33.479 [raft-server-3-state] TRACE i.a.utils.serializer.KryoNamespace - class [Ljava.lang.Object; registered as 51
22:47:33.480 [raft-server-1-state] TRACE i.a.utils.serializer.KryoNamespace - class io.atomix.primitive.service.ServiceConfig registered as 52
22:47:33.480 [raft-server-3-state] TRACE i.a.utils.serializer.KryoNamespace - class io.atomix.primitive.service.ServiceConfig registered as 52
22:47:33.480 [raft-server-3-state] TRACE i.a.utils.serializer.KryoNamespace - Creating Kryo instance for KryoNamespace{registeredBlocks=[RegistrationBlock{begin=16, types=[([Ljava.lang.Class;@6b321262,null), ([Ljava.lang.Class;@68b11545,null), ([Ljava.lang.Class;@7d0100ea,null), ([Ljava.lang.Class;@357bc488,null), ([Ljava.lang.Class;@4ea17147,io.atomix.utils.serializer.serializers.ImmutableListSerializer@2eda4eeb), ([Ljava.lang.Class;@5ba90d8a,io.atomix.utils.serializer.serializers.ImmutableSetSerializer@309dcdf3), ([Ljava.lang.Class;@7573b9ee,io.atomix.utils.serializer.serializers.ImmutableMapSerializer@9a20cbd), ([Ljava.lang.Class;@1af4955e,null), ([Ljava.lang.Class;@445821a6,null), ([Ljava.lang.Class;@2c0c4c0a,null), ([Ljava.lang.Class;@35d26ad2,null), ([Ljava.lang.Class;@bb25753,null), ([Ljava.lang.Class;@ee21292,null), ([Ljava.lang.Class;@40c06358,null), ([Ljava.lang.Class;@66e21568,null), ([Ljava.lang.Class;@7f73ce28,null), ([Ljava.lang.Class;@611b35d6,null), ([Ljava.lang.Class;@2282400e,null), ([Ljava.lang.Class;@543d5863,null), ([Ljava.lang.Class;@35dece42,null), ([Ljava.lang.Class;@dd3f8aa,io.atomix.utils.serializer.serializers.ArraysAsListSerializer@3d615b2e), ([Ljava.lang.Class;@3a1f2a1,null), ([Ljava.lang.Class;@40ce9049,null), ([Ljava.lang.Class;@52ca2652,null), ([Ljava.lang.Class;@65c5bf0e,null), ([Ljava.lang.Class;@697d6ded,null), ([Ljava.lang.Class;@5d05f453,null), ([Ljava.lang.Class;@5efeb117,null), ([Ljava.lang.Class;@160b4809,null), ([Ljava.lang.Class;@149b4d20,null), ([Ljava.lang.Class;@664e848c,null), ([Ljava.lang.Class;@4d93f75b,null), ([Ljava.lang.Class;@114a5e0,null), ([Ljava.lang.Class;@4f281aaf,null), ([Ljava.lang.Class;@5d508d22,null), ([Ljava.lang.Class;@f2b90fc,null)]}, RegistrationBlock{begin=52, types=[([Ljava.lang.Class;@58aa049d,null)]}]}
22:47:33.480 [raft-server-1-state] TRACE i.a.utils.serializer.KryoNamespace - Creating Kryo instance for KryoNamespace{registeredBlocks=[RegistrationBlock{begin=16, types=[([Ljava.lang.Class;@6b321262,null), ([Ljava.lang.Class;@68b11545,null), ([Ljava.lang.Class;@7d0100ea,null), ([Ljava.lang.Class;@357bc488,null), ([Ljava.lang.Class;@4ea17147,io.atomix.utils.serializer.serializers.ImmutableListSerializer@2eda4eeb), ([Ljava.lang.Class;@5ba90d8a,io.atomix.utils.serializer.serializers.ImmutableSetSerializer@309dcdf3), ([Ljava.lang.Class;@7573b9ee,io.atomix.utils.serializer.serializers.ImmutableMapSerializer@9a20cbd), ([Ljava.lang.Class;@1af4955e,null), ([Ljava.lang.Class;@445821a6,null), ([Ljava.lang.Class;@2c0c4c0a,null), ([Ljava.lang.Class;@35d26ad2,null), ([Ljava.lang.Class;@bb25753,null), ([Ljava.lang.Class;@ee21292,null), ([Ljava.lang.Class;@40c06358,null), ([Ljava.lang.Class;@66e21568,null), ([Ljava.lang.Class;@7f73ce28,null), ([Ljava.lang.Class;@611b35d6,null), ([Ljava.lang.Class;@2282400e,null), ([Ljava.lang.Class;@543d5863,null), ([Ljava.lang.Class;@35dece42,null), ([Ljava.lang.Class;@dd3f8aa,io.atomix.utils.serializer.serializers.ArraysAsListSerializer@3d615b2e), ([Ljava.lang.Class;@3a1f2a1,null), ([Ljava.lang.Class;@40ce9049,null), ([Ljava.lang.Class;@52ca2652,null), ([Ljava.lang.Class;@65c5bf0e,null), ([Ljava.lang.Class;@697d6ded,null), ([Ljava.lang.Class;@5d05f453,null), ([Ljava.lang.Class;@5efeb117,null), ([Ljava.lang.Class;@160b4809,null), ([Ljava.lang.Class;@149b4d20,null), ([Ljava.lang.Class;@664e848c,null), ([Ljava.lang.Class;@4d93f75b,null), ([Ljava.lang.Class;@114a5e0,null), ([Ljava.lang.Class;@4f281aaf,null), ([Ljava.lang.Class;@5d508d22,null), ([Ljava.lang.Class;@f2b90fc,null)]}, RegistrationBlock{begin=52, types=[([Ljava.lang.Class;@2945b39,null)]}]}
22:47:33.480 [raft-server-3-state] TRACE i.a.utils.serializer.KryoNamespace - class [B registered as 16
22:47:33.480 [raft-server-3-state] TRACE i.a.utils.serializer.KryoNamespace - class java.util.concurrent.atomic.AtomicBoolean registered as 17
22:47:33.480 [raft-server-1-state] TRACE i.a.utils.serializer.KryoNamespace - class [B registered as 16
22:47:33.480 [raft-server-3-state] TRACE i.a.utils.serializer.KryoNamespace - class java.util.concurrent.atomic.AtomicInteger registered as 18
22:47:33.480 [raft-server-1-state] TRACE i.a.utils.serializer.KryoNamespace - class java.util.concurrent.atomic.AtomicBoolean registered as 17
22:47:33.480 [raft-server-3-state] TRACE i.a.utils.serializer.KryoNamespace - class java.util.concurrent.atomic.AtomicLong registered as 19
22:47:33.480 [raft-server-1-state] TRACE i.a.utils.serializer.KryoNamespace - class java.util.concurrent.atomic.AtomicInteger registered as 18
22:47:33.480 [raft-server-3-state] TRACE i.a.utils.serializer.KryoNamespace - class com.google.common.collect.ImmutableList registered as 20
22:47:33.480 [raft-server-1-state] TRACE i.a.utils.serializer.KryoNamespace - class java.util.concurrent.atomic.AtomicLong registered as 19
22:47:33.480 [raft-server-3-state] TRACE i.a.utils.serializer.KryoNamespace - class com.google.common.collect.RegularImmutableList registered as 20
22:47:33.480 [raft-server-1-state] TRACE i.a.utils.serializer.KryoNamespace - class com.google.common.collect.ImmutableList registered as 20
22:47:33.481 [raft-server-3-state] TRACE i.a.utils.serializer.KryoNamespace - class com.google.common.collect.RegularImmutableList registered as 20
22:47:33.481 [raft-server-1-state] TRACE i.a.utils.serializer.KryoNamespace - class com.google.common.collect.RegularImmutableList registered as 20
22:47:33.481 [raft-server-3-state] TRACE i.a.utils.serializer.KryoNamespace - class com.google.common.collect.ImmutableList$SubList registered as 20
22:47:33.481 [raft-server-1-state] TRACE i.a.utils.serializer.KryoNamespace - class com.google.common.collect.RegularImmutableList registered as 20
22:47:33.481 [raft-server-3-state] TRACE i.a.utils.serializer.KryoNamespace - class com.google.common.collect.ImmutableSet registered as 21
22:47:33.481 [raft-server-1-state] TRACE i.a.utils.serializer.KryoNamespace - class com.google.common.collect.ImmutableList$SubList registered as 20
22:47:33.481 [raft-server-3-state] TRACE i.a.utils.serializer.KryoNamespace - class com.google.common.collect.RegularImmutableSet registered as 21
22:47:33.481 [raft-server-1-state] TRACE i.a.utils.serializer.KryoNamespace - class com.google.common.collect.ImmutableSet registered as 21
22:47:33.481 [raft-server-3-state] TRACE i.a.utils.serializer.KryoNamespace - class com.google.common.collect.SingletonImmutableSet registered as 21
22:47:33.481 [raft-server-1-state] TRACE i.a.utils.serializer.KryoNamespace - class com.google.common.collect.RegularImmutableSet registered as 21
22:47:33.481 [raft-server-3-state] TRACE i.a.utils.serializer.KryoNamespace - class com.google.common.collect.RegularImmutableSet registered as 21
22:47:33.481 [raft-server-1-state] TRACE i.a.utils.serializer.KryoNamespace - class com.google.common.collect.SingletonImmutableSet registered as 21
22:47:33.481 [raft-server-3-state] TRACE i.a.utils.serializer.KryoNamespace - class com.google.common.collect.ImmutableMap registered as 22
22:47:33.481 [raft-server-1-state] TRACE i.a.utils.serializer.KryoNamespace - class com.google.common.collect.RegularImmutableSet registered as 21
22:47:33.481 [raft-server-3-state] TRACE i.a.utils.serializer.KryoNamespace - class com.google.common.collect.RegularImmutableMap registered as 22
22:47:33.481 [raft-server-1-state] TRACE i.a.utils.serializer.KryoNamespace - class com.google.common.collect.ImmutableMap registered as 22
22:47:33.481 [raft-server-3-state] TRACE i.a.utils.serializer.KryoNamespace - class com.google.common.collect.RegularImmutableMap registered as 22
22:47:33.481 [raft-server-1-state] TRACE i.a.utils.serializer.KryoNamespace - class com.google.common.collect.RegularImmutableMap registered as 22
22:47:33.481 [raft-server-3-state] TRACE i.a.utils.serializer.KryoNamespace - class com.google.common.collect.RegularImmutableMap registered as 22
22:47:33.481 [raft-server-1-state] TRACE i.a.utils.serializer.KryoNamespace - class com.google.common.collect.RegularImmutableMap registered as 22
22:47:33.481 [raft-server-1-state] TRACE i.a.utils.serializer.KryoNamespace - class com.google.common.collect.RegularImmutableMap registered as 22
22:47:33.481 [raft-server-3-state] TRACE i.a.utils.serializer.KryoNamespace - class java.util.Collections$UnmodifiableSet registered as 23
22:47:33.482 [raft-server-1-state] TRACE i.a.utils.serializer.KryoNamespace - class java.util.Collections$UnmodifiableSet registered as 23
22:47:33.482 [raft-server-3-state] TRACE i.a.utils.serializer.KryoNamespace - class java.util.HashMap registered as 24
22:47:33.482 [raft-server-1-state] TRACE i.a.utils.serializer.KryoNamespace - class java.util.HashMap registered as 24
22:47:33.482 [raft-server-3-state] TRACE i.a.utils.serializer.KryoNamespace - class java.util.concurrent.ConcurrentHashMap registered as 25
22:47:33.482 [raft-server-1-state] TRACE i.a.utils.serializer.KryoNamespace - class java.util.concurrent.ConcurrentHashMap registered as 25
22:47:33.482 [raft-server-3-state] TRACE i.a.utils.serializer.KryoNamespace - class java.util.concurrent.CopyOnWriteArraySet registered as 26
22:47:33.482 [raft-server-1-state] TRACE i.a.utils.serializer.KryoNamespace - class java.util.concurrent.CopyOnWriteArraySet registered as 26
22:47:33.482 [raft-server-3-state] TRACE i.a.utils.serializer.KryoNamespace - class java.util.ArrayList registered as 27
22:47:33.482 [raft-server-1-state] TRACE i.a.utils.serializer.KryoNamespace - class java.util.ArrayList registered as 27
22:47:33.482 [raft-server-3-state] TRACE i.a.utils.serializer.KryoNamespace - class java.util.LinkedList registered as 28
22:47:33.482 [raft-server-1-state] TRACE i.a.utils.serializer.KryoNamespace - class java.util.LinkedList registered as 28
22:47:33.482 [raft-server-3-state] TRACE i.a.utils.serializer.KryoNamespace - class java.util.HashSet registered as 29
22:47:33.482 [raft-server-1-state] TRACE i.a.utils.serializer.KryoNamespace - class java.util.HashSet registered as 29
22:47:33.482 [raft-server-3-state] TRACE i.a.utils.serializer.KryoNamespace - class java.util.LinkedHashSet registered as 30
22:47:33.482 [raft-server-1-state] TRACE i.a.utils.serializer.KryoNamespace - class java.util.LinkedHashSet registered as 30
22:47:33.482 [raft-server-3-state] TRACE i.a.utils.serializer.KryoNamespace - class com.sun.jmx.remote.internal.ArrayQueue registered as 31
22:47:33.482 [raft-server-1-state] TRACE i.a.utils.serializer.KryoNamespace - class com.sun.jmx.remote.internal.ArrayQueue registered as 31
22:47:33.482 [raft-server-3-state] TRACE i.a.utils.serializer.KryoNamespace - class java.util.ArrayDeque registered as 32
22:47:33.482 [raft-server-1-state] TRACE i.a.utils.serializer.KryoNamespace - class java.util.ArrayDeque registered as 32
22:47:33.482 [raft-server-3-state] TRACE i.a.utils.serializer.KryoNamespace - class com.google.common.collect.HashMultiset registered as 33
22:47:33.482 [raft-server-3-state] TRACE i.a.utils.serializer.KryoNamespace - class com.google.common.collect.Sets registered as 34
22:47:33.482 [raft-server-1-state] TRACE i.a.utils.serializer.KryoNamespace - class com.google.common.collect.HashMultiset registered as 33
22:47:33.482 [raft-server-3-state] TRACE i.a.utils.serializer.KryoNamespace - class com.google.common.collect.ImmutableEntry registered as 35
22:47:33.482 [raft-server-1-state] TRACE i.a.utils.serializer.KryoNamespace - class com.google.common.collect.Sets registered as 34
22:47:33.482 [raft-server-3-state] TRACE i.a.utils.serializer.KryoNamespace - class java.util.Arrays$ArrayList registered as 36
22:47:33.482 [raft-server-1-state] TRACE i.a.utils.serializer.KryoNamespace - class com.google.common.collect.ImmutableEntry registered as 35
22:47:33.483 [raft-server-1-state] TRACE i.a.utils.serializer.KryoNamespace - class java.util.Arrays$ArrayList registered as 36
22:47:33.483 [raft-server-3-state] TRACE i.a.utils.serializer.KryoNamespace - class java.util.Collections$SingletonList registered as 37
22:47:33.483 [raft-server-3-state] TRACE i.a.utils.serializer.KryoNamespace - class java.time.Duration registered as 38
22:47:33.483 [raft-server-1-state] TRACE i.a.utils.serializer.KryoNamespace - class java.util.Collections$SingletonList registered as 37
22:47:33.483 [raft-server-1-state] TRACE i.a.utils.serializer.KryoNamespace - class java.time.Duration registered as 38
22:47:33.483 [raft-server-3-state] TRACE i.a.utils.serializer.KryoNamespace - class java.util.Collections$EmptySet registered as 39
22:47:33.483 [raft-server-3-state] TRACE i.a.utils.serializer.KryoNamespace - class java.util.Optional registered as 40
22:47:33.483 [raft-server-1-state] TRACE i.a.utils.serializer.KryoNamespace - class java.util.Collections$EmptySet registered as 39
22:47:33.483 [raft-server-1-state] TRACE i.a.utils.serializer.KryoNamespace - class java.util.Optional registered as 40
22:47:33.483 [raft-server-3-state] TRACE i.a.utils.serializer.KryoNamespace - class java.util.Collections$EmptyList registered as 41
22:47:33.483 [raft-server-1-state] TRACE i.a.utils.serializer.KryoNamespace - class java.util.Collections$EmptyList registered as 41
22:47:33.483 [raft-server-3-state] TRACE i.a.utils.serializer.KryoNamespace - class java.util.Collections$SingletonSet registered as 42
22:47:33.483 [raft-server-1-state] TRACE i.a.utils.serializer.KryoNamespace - class java.util.Collections$SingletonSet registered as 42
22:47:33.483 [raft-server-3-state] TRACE i.a.utils.serializer.KryoNamespace - class [I registered as 43
22:47:33.483 [raft-server-1-state] TRACE i.a.utils.serializer.KryoNamespace - class [I registered as 43
22:47:33.483 [raft-server-3-state] TRACE i.a.utils.serializer.KryoNamespace - class [J registered as 44
22:47:33.483 [raft-server-1-state] TRACE i.a.utils.serializer.KryoNamespace - class [J registered as 44
22:47:33.483 [raft-server-3-state] TRACE i.a.utils.serializer.KryoNamespace - class [S registered as 45
22:47:33.483 [raft-server-1-state] TRACE i.a.utils.serializer.KryoNamespace - class [S registered as 45
22:47:33.483 [raft-server-3-state] TRACE i.a.utils.serializer.KryoNamespace - class [D registered as 46
22:47:33.483 [raft-server-1-state] TRACE i.a.utils.serializer.KryoNamespace - class [D registered as 46
22:47:33.483 [raft-server-3-state] TRACE i.a.utils.serializer.KryoNamespace - class [F registered as 47
22:47:33.483 [raft-server-1-state] TRACE i.a.utils.serializer.KryoNamespace - class [F registered as 47
22:47:33.483 [raft-server-3-state] TRACE i.a.utils.serializer.KryoNamespace - class [C registered as 48
22:47:33.484 [raft-server-1-state] TRACE i.a.utils.serializer.KryoNamespace - class [C registered as 48
22:47:33.484 [raft-server-3-state] TRACE i.a.utils.serializer.KryoNamespace - class [Ljava.lang.String; registered as 49
22:47:33.484 [raft-server-1-state] TRACE i.a.utils.serializer.KryoNamespace - class [Ljava.lang.String; registered as 49
22:47:33.484 [raft-server-3-state] TRACE i.a.utils.serializer.KryoNamespace - class [Z registered as 50
22:47:33.484 [raft-server-1-state] TRACE i.a.utils.serializer.KryoNamespace - class [Z registered as 50
22:47:33.484 [raft-server-3-state] TRACE i.a.utils.serializer.KryoNamespace - class [Ljava.lang.Object; registered as 51
22:47:33.484 [raft-server-1-state] TRACE i.a.utils.serializer.KryoNamespace - class [Ljava.lang.Object; registered as 51
22:47:33.484 [raft-server-3-state] TRACE i.a.utils.serializer.KryoNamespace - class io.atomix.primitive.service.ServiceConfig registered as 52
22:47:33.484 [raft-server-1-state] TRACE i.a.utils.serializer.KryoNamespace - class io.atomix.primitive.service.ServiceConfig registered as 52
22:47:33.484 [raft-server-3-state] TRACE i.a.utils.serializer.KryoNamespace - Creating Kryo instance for KryoNamespace{registeredBlocks=[RegistrationBlock{begin=16, types=[([Ljava.lang.Class;@6b321262,null), ([Ljava.lang.Class;@68b11545,null), ([Ljava.lang.Class;@7d0100ea,null), ([Ljava.lang.Class;@357bc488,null), ([Ljava.lang.Class;@4ea17147,io.atomix.utils.serializer.serializers.ImmutableListSerializer@2eda4eeb), ([Ljava.lang.Class;@5ba90d8a,io.atomix.utils.serializer.serializers.ImmutableSetSerializer@309dcdf3), ([Ljava.lang.Class;@7573b9ee,io.atomix.utils.serializer.serializers.ImmutableMapSerializer@9a20cbd), ([Ljava.lang.Class;@1af4955e,null), ([Ljava.lang.Class;@445821a6,null), ([Ljava.lang.Class;@2c0c4c0a,null), ([Ljava.lang.Class;@35d26ad2,null), ([Ljava.lang.Class;@bb25753,null), ([Ljava.lang.Class;@ee21292,null), ([Ljava.lang.Class;@40c06358,null), ([Ljava.lang.Class;@66e21568,null), ([Ljava.lang.Class;@7f73ce28,null), ([Ljava.lang.Class;@611b35d6,null), ([Ljava.lang.Class;@2282400e,null), ([Ljava.lang.Class;@543d5863,null), ([Ljava.lang.Class;@35dece42,null), ([Ljava.lang.Class;@dd3f8aa,io.atomix.utils.serializer.serializers.ArraysAsListSerializer@3d615b2e), ([Ljava.lang.Class;@3a1f2a1,null), ([Ljava.lang.Class;@40ce9049,null), ([Ljava.lang.Class;@52ca2652,null), ([Ljava.lang.Class;@65c5bf0e,null), ([Ljava.lang.Class;@697d6ded,null), ([Ljava.lang.Class;@5d05f453,null), ([Ljava.lang.Class;@5efeb117,null), ([Ljava.lang.Class;@160b4809,null), ([Ljava.lang.Class;@149b4d20,null), ([Ljava.lang.Class;@664e848c,null), ([Ljava.lang.Class;@4d93f75b,null), ([Ljava.lang.Class;@114a5e0,null), ([Ljava.lang.Class;@4f281aaf,null), ([Ljava.lang.Class;@5d508d22,null), ([Ljava.lang.Class;@f2b90fc,null)]}, RegistrationBlock{begin=52, types=[([Ljava.lang.Class;@5c958b50,null)]}]}
22:47:33.484 [raft-server-1-state] TRACE i.a.utils.serializer.KryoNamespace - Creating Kryo instance for KryoNamespace{registeredBlocks=[RegistrationBlock{begin=16, types=[([Ljava.lang.Class;@6b321262,null), ([Ljava.lang.Class;@68b11545,null), ([Ljava.lang.Class;@7d0100ea,null), ([Ljava.lang.Class;@357bc488,null), ([Ljava.lang.Class;@4ea17147,io.atomix.utils.serializer.serializers.ImmutableListSerializer@2eda4eeb), ([Ljava.lang.Class;@5ba90d8a,io.atomix.utils.serializer.serializers.ImmutableSetSerializer@309dcdf3), ([Ljava.lang.Class;@7573b9ee,io.atomix.utils.serializer.serializers.ImmutableMapSerializer@9a20cbd), ([Ljava.lang.Class;@1af4955e,null), ([Ljava.lang.Class;@445821a6,null), ([Ljava.lang.Class;@2c0c4c0a,null), ([Ljava.lang.Class;@35d26ad2,null), ([Ljava.lang.Class;@bb25753,null), ([Ljava.lang.Class;@ee21292,null), ([Ljava.lang.Class;@40c06358,null), ([Ljava.lang.Class;@66e21568,null), ([Ljava.lang.Class;@7f73ce28,null), ([Ljava.lang.Class;@611b35d6,null), ([Ljava.lang.Class;@2282400e,null), ([Ljava.lang.Class;@543d5863,null), ([Ljava.lang.Class;@35dece42,null), ([Ljava.lang.Class;@dd3f8aa,io.atomix.utils.serializer.serializers.ArraysAsListSerializer@3d615b2e), ([Ljava.lang.Class;@3a1f2a1,null), ([Ljava.lang.Class;@40ce9049,null), ([Ljava.lang.Class;@52ca2652,null), ([Ljava.lang.Class;@65c5bf0e,null), ([Ljava.lang.Class;@697d6ded,null), ([Ljava.lang.Class;@5d05f453,null), ([Ljava.lang.Class;@5efeb117,null), ([Ljava.lang.Class;@160b4809,null), ([Ljava.lang.Class;@149b4d20,null), ([Ljava.lang.Class;@664e848c,null), ([Ljava.lang.Class;@4d93f75b,null), ([Ljava.lang.Class;@114a5e0,null), ([Ljava.lang.Class;@4f281aaf,null), ([Ljava.lang.Class;@5d508d22,null), ([Ljava.lang.Class;@f2b90fc,null)]}, RegistrationBlock{begin=52, types=[([Ljava.lang.Class;@6abdfb3,null)]}]}
22:47:33.484 [raft-server-3-state] TRACE i.a.utils.serializer.KryoNamespace - class [B registered as 16
22:47:33.484 [raft-server-3-state] TRACE i.a.utils.serializer.KryoNamespace - class java.util.concurrent.atomic.AtomicBoolean registered as 17
22:47:33.484 [raft-server-1-state] TRACE i.a.utils.serializer.KryoNamespace - class [B registered as 16
22:47:33.484 [raft-server-3-state] TRACE i.a.utils.serializer.KryoNamespace - class java.util.concurrent.atomic.AtomicInteger registered as 18
22:47:33.484 [raft-server-1-state] TRACE i.a.utils.serializer.KryoNamespace - class java.util.concurrent.atomic.AtomicBoolean registered as 17
22:47:33.484 [raft-server-3-state] TRACE i.a.utils.serializer.KryoNamespace - class java.util.concurrent.atomic.AtomicLong registered as 19
22:47:33.484 [raft-server-1-state] TRACE i.a.utils.serializer.KryoNamespace - class java.util.concurrent.atomic.AtomicInteger registered as 18
22:47:33.484 [raft-server-3-state] TRACE i.a.utils.serializer.KryoNamespace - class com.google.common.collect.ImmutableList registered as 20
22:47:33.485 [raft-server-1-state] TRACE i.a.utils.serializer.KryoNamespace - class java.util.concurrent.atomic.AtomicLong registered as 19
22:47:33.485 [raft-server-3-state] TRACE i.a.utils.serializer.KryoNamespace - class com.google.common.collect.RegularImmutableList registered as 20
22:47:33.485 [raft-server-1-state] TRACE i.a.utils.serializer.KryoNamespace - class com.google.common.collect.ImmutableList registered as 20
22:47:33.485 [raft-server-3-state] TRACE i.a.utils.serializer.KryoNamespace - class com.google.common.collect.RegularImmutableList registered as 20
22:47:33.485 [raft-server-1-state] TRACE i.a.utils.serializer.KryoNamespace - class com.google.common.collect.RegularImmutableList registered as 20
22:47:33.485 [raft-server-3-state] TRACE i.a.utils.serializer.KryoNamespace - class com.google.common.collect.ImmutableList$SubList registered as 20
22:47:33.485 [raft-server-1-state] TRACE i.a.utils.serializer.KryoNamespace - class com.google.common.collect.RegularImmutableList registered as 20
22:47:33.485 [raft-server-3-state] TRACE i.a.utils.serializer.KryoNamespace - class com.google.common.collect.ImmutableSet registered as 21
22:47:33.485 [raft-server-1-state] TRACE i.a.utils.serializer.KryoNamespace - class com.google.common.collect.ImmutableList$SubList registered as 20
22:47:33.485 [raft-server-3-state] TRACE i.a.utils.serializer.KryoNamespace - class com.google.common.collect.RegularImmutableSet registered as 21
22:47:33.485 [raft-server-1-state] TRACE i.a.utils.serializer.KryoNamespace - class com.google.common.collect.ImmutableSet registered as 21
22:47:33.485 [raft-server-3-state] TRACE i.a.utils.serializer.KryoNamespace - class com.google.common.collect.SingletonImmutableSet registered as 21
22:47:33.485 [raft-server-1-state] TRACE i.a.utils.serializer.KryoNamespace - class com.google.common.collect.RegularImmutableSet registered as 21
22:47:33.485 [raft-server-3-state] TRACE i.a.utils.serializer.KryoNamespace - class com.google.common.collect.RegularImmutableSet registered as 21
22:47:33.485 [raft-server-1-state] TRACE i.a.utils.serializer.KryoNamespace - class com.google.common.collect.SingletonImmutableSet registered as 21
22:47:33.485 [raft-server-3-state] TRACE i.a.utils.serializer.KryoNamespace - class com.google.common.collect.ImmutableMap registered as 22
22:47:33.485 [raft-server-1-state] TRACE i.a.utils.serializer.KryoNamespace - class com.google.common.collect.RegularImmutableSet registered as 21
22:47:33.485 [raft-server-3-state] TRACE i.a.utils.serializer.KryoNamespace - class com.google.common.collect.RegularImmutableMap registered as 22
22:47:33.485 [raft-server-1-state] TRACE i.a.utils.serializer.KryoNamespace - class com.google.common.collect.ImmutableMap registered as 22
22:47:33.485 [raft-server-3-state] TRACE i.a.utils.serializer.KryoNamespace - class com.google.common.collect.RegularImmutableMap registered as 22
22:47:33.485 [raft-server-1-state] TRACE i.a.utils.serializer.KryoNamespace - class com.google.common.collect.RegularImmutableMap registered as 22
22:47:33.485 [raft-server-3-state] TRACE i.a.utils.serializer.KryoNamespace - class com.google.common.collect.RegularImmutableMap registered as 22
22:47:33.485 [raft-server-1-state] TRACE i.a.utils.serializer.KryoNamespace - class com.google.common.collect.RegularImmutableMap registered as 22
22:47:33.485 [raft-server-1-state] TRACE i.a.utils.serializer.KryoNamespace - class com.google.common.collect.RegularImmutableMap registered as 22
22:47:33.485 [raft-server-3-state] TRACE i.a.utils.serializer.KryoNamespace - class java.util.Collections$UnmodifiableSet registered as 23
22:47:33.486 [raft-server-1-state] TRACE i.a.utils.serializer.KryoNamespace - class java.util.Collections$UnmodifiableSet registered as 23
22:47:33.486 [raft-server-3-state] TRACE i.a.utils.serializer.KryoNamespace - class java.util.HashMap registered as 24
22:47:33.486 [raft-server-1-state] TRACE i.a.utils.serializer.KryoNamespace - class java.util.HashMap registered as 24
22:47:33.486 [raft-server-3-state] TRACE i.a.utils.serializer.KryoNamespace - class java.util.concurrent.ConcurrentHashMap registered as 25
22:47:33.486 [raft-server-1-state] TRACE i.a.utils.serializer.KryoNamespace - class java.util.concurrent.ConcurrentHashMap registered as 25
22:47:33.486 [raft-server-3-state] TRACE i.a.utils.serializer.KryoNamespace - class java.util.concurrent.CopyOnWriteArraySet registered as 26
22:47:33.486 [raft-server-1-state] TRACE i.a.utils.serializer.KryoNamespace - class java.util.concurrent.CopyOnWriteArraySet registered as 26
22:47:33.486 [raft-server-3-state] TRACE i.a.utils.serializer.KryoNamespace - class java.util.ArrayList registered as 27
22:47:33.486 [raft-server-3-state] TRACE i.a.utils.serializer.KryoNamespace - class java.util.LinkedList registered as 28
22:47:33.486 [raft-server-1-state] TRACE i.a.utils.serializer.KryoNamespace - class java.util.ArrayList registered as 27
22:47:33.486 [raft-server-3-state] TRACE i.a.utils.serializer.KryoNamespace - class java.util.HashSet registered as 29
22:47:33.486 [raft-server-1-state] TRACE i.a.utils.serializer.KryoNamespace - class java.util.LinkedList registered as 28
22:47:33.486 [raft-server-3-state] TRACE i.a.utils.serializer.KryoNamespace - class java.util.LinkedHashSet registered as 30
22:47:33.486 [raft-server-1-state] TRACE i.a.utils.serializer.KryoNamespace - class java.util.HashSet registered as 29
22:47:33.486 [raft-server-3-state] TRACE i.a.utils.serializer.KryoNamespace - class com.sun.jmx.remote.internal.ArrayQueue registered as 31
22:47:33.486 [raft-server-1-state] TRACE i.a.utils.serializer.KryoNamespace - class java.util.LinkedHashSet registered as 30
22:47:33.486 [raft-server-3-state] TRACE i.a.utils.serializer.KryoNamespace - class java.util.ArrayDeque registered as 32
22:47:33.486 [raft-server-1-state] TRACE i.a.utils.serializer.KryoNamespace - class com.sun.jmx.remote.internal.ArrayQueue registered as 31
22:47:33.486 [raft-server-3-state] TRACE i.a.utils.serializer.KryoNamespace - class com.google.common.collect.HashMultiset registered as 33
22:47:33.486 [raft-server-1-state] TRACE i.a.utils.serializer.KryoNamespace - class java.util.ArrayDeque registered as 32
22:47:33.486 [raft-server-3-state] TRACE i.a.utils.serializer.KryoNamespace - class com.google.common.collect.Sets registered as 34
22:47:33.486 [raft-server-1-state] TRACE i.a.utils.serializer.KryoNamespace - class com.google.common.collect.HashMultiset registered as 33
22:47:33.486 [raft-server-3-state] TRACE i.a.utils.serializer.KryoNamespace - class com.google.common.collect.ImmutableEntry registered as 35
22:47:33.486 [raft-server-1-state] TRACE i.a.utils.serializer.KryoNamespace - class com.google.common.collect.Sets registered as 34
22:47:33.486 [raft-server-3-state] TRACE i.a.utils.serializer.KryoNamespace - class java.util.Arrays$ArrayList registered as 36
22:47:33.486 [raft-server-1-state] TRACE i.a.utils.serializer.KryoNamespace - class com.google.common.collect.ImmutableEntry registered as 35
22:47:33.487 [raft-server-1-state] TRACE i.a.utils.serializer.KryoNamespace - class java.util.Arrays$ArrayList registered as 36
22:47:33.487 [raft-server-3-state] TRACE i.a.utils.serializer.KryoNamespace - class java.util.Collections$SingletonList registered as 37
22:47:33.487 [raft-server-3-state] TRACE i.a.utils.serializer.KryoNamespace - class java.time.Duration registered as 38
22:47:33.487 [raft-server-1-state] TRACE i.a.utils.serializer.KryoNamespace - class java.util.Collections$SingletonList registered as 37
22:47:33.487 [raft-server-1-state] TRACE i.a.utils.serializer.KryoNamespace - class java.time.Duration registered as 38
22:47:33.487 [raft-server-3-state] TRACE i.a.utils.serializer.KryoNamespace - class java.util.Collections$EmptySet registered as 39
22:47:33.487 [raft-server-3-state] TRACE i.a.utils.serializer.KryoNamespace - class java.util.Optional registered as 40
22:47:33.487 [raft-server-1-state] TRACE i.a.utils.serializer.KryoNamespace - class java.util.Collections$EmptySet registered as 39
22:47:33.487 [raft-server-1-state] TRACE i.a.utils.serializer.KryoNamespace - class java.util.Optional registered as 40
22:47:33.487 [raft-server-3-state] TRACE i.a.utils.serializer.KryoNamespace - class java.util.Collections$EmptyList registered as 41
22:47:33.487 [raft-server-1-state] TRACE i.a.utils.serializer.KryoNamespace - class java.util.Collections$EmptyList registered as 41
22:47:33.487 [raft-server-3-state] TRACE i.a.utils.serializer.KryoNamespace - class java.util.Collections$SingletonSet registered as 42
22:47:33.487 [raft-server-1-state] TRACE i.a.utils.serializer.KryoNamespace - class java.util.Collections$SingletonSet registered as 42
22:47:33.487 [raft-server-3-state] TRACE i.a.utils.serializer.KryoNamespace - class [I registered as 43
22:47:33.487 [raft-server-1-state] TRACE i.a.utils.serializer.KryoNamespace - class [I registered as 43
22:47:33.487 [raft-server-3-state] TRACE i.a.utils.serializer.KryoNamespace - class [J registered as 44
22:47:33.487 [raft-server-1-state] TRACE i.a.utils.serializer.KryoNamespace - class [J registered as 44
22:47:33.487 [raft-server-3-state] TRACE i.a.utils.serializer.KryoNamespace - class [S registered as 45
22:47:33.487 [raft-server-1-state] TRACE i.a.utils.serializer.KryoNamespace - class [S registered as 45
22:47:33.487 [raft-server-3-state] TRACE i.a.utils.serializer.KryoNamespace - class [D registered as 46
22:47:33.487 [raft-server-1-state] TRACE i.a.utils.serializer.KryoNamespace - class [D registered as 46
22:47:33.487 [raft-server-3-state] TRACE i.a.utils.serializer.KryoNamespace - class [F registered as 47
22:47:33.487 [raft-server-1-state] TRACE i.a.utils.serializer.KryoNamespace - class [F registered as 47
22:47:33.487 [raft-server-3-state] TRACE i.a.utils.serializer.KryoNamespace - class [C registered as 48
22:47:33.487 [raft-server-1-state] TRACE i.a.utils.serializer.KryoNamespace - class [C registered as 48
22:47:33.487 [raft-server-3-state] TRACE i.a.utils.serializer.KryoNamespace - class [Ljava.lang.String; registered as 49
22:47:33.487 [raft-server-1-state] TRACE i.a.utils.serializer.KryoNamespace - class [Ljava.lang.String; registered as 49
22:47:33.487 [raft-server-3-state] TRACE i.a.utils.serializer.KryoNamespace - class [Z registered as 50
22:47:33.487 [raft-server-1-state] TRACE i.a.utils.serializer.KryoNamespace - class [Z registered as 50
22:47:33.487 [raft-server-3-state] TRACE i.a.utils.serializer.KryoNamespace - class [Ljava.lang.Object; registered as 51
22:47:33.488 [raft-server-1-state] TRACE i.a.utils.serializer.KryoNamespace - class [Ljava.lang.Object; registered as 51
22:47:33.488 [raft-server-3-state] TRACE i.a.utils.serializer.KryoNamespace - class io.atomix.primitive.service.ServiceConfig registered as 52
22:47:33.488 [raft-server-1-state] TRACE i.a.utils.serializer.KryoNamespace - class io.atomix.primitive.service.ServiceConfig registered as 52
22:47:33.488 [raft-server-1-state] DEBUG i.a.p.s.impl.DefaultServiceExecutor - PrimitiveService{2}{type=io.atomix.protocols.raft.RaftTest$TestPrimitiveType@43a95102, name=raft-test} - Registered operation callback DefaultOperationId{id=sendEvent, type=COMMAND}
22:47:33.488 [raft-server-3-state] DEBUG i.a.p.s.impl.DefaultServiceExecutor - PrimitiveService{2}{type=io.atomix.protocols.raft.RaftTest$TestPrimitiveType@19970ea6, name=raft-test} - Registered operation callback DefaultOperationId{id=sendEvent, type=COMMAND}
22:47:33.488 [raft-server-1-state] DEBUG i.a.p.s.impl.DefaultServiceExecutor - PrimitiveService{2}{type=io.atomix.protocols.raft.RaftTest$TestPrimitiveType@43a95102, name=raft-test} - Registered operation callback DefaultOperationId{id=onClose, type=COMMAND}
22:47:33.488 [raft-server-3-state] DEBUG i.a.p.s.impl.DefaultServiceExecutor - PrimitiveService{2}{type=io.atomix.protocols.raft.RaftTest$TestPrimitiveType@19970ea6, name=raft-test} - Registered operation callback DefaultOperationId{id=onClose, type=COMMAND}
22:47:33.488 [raft-server-1-state] DEBUG i.a.p.s.impl.DefaultServiceExecutor - PrimitiveService{2}{type=io.atomix.protocols.raft.RaftTest$TestPrimitiveType@43a95102, name=raft-test} - Registered operation callback DefaultOperationId{id=read, type=QUERY}
22:47:33.488 [raft-server-3-state] DEBUG i.a.p.s.impl.DefaultServiceExecutor - PrimitiveService{2}{type=io.atomix.protocols.raft.RaftTest$TestPrimitiveType@19970ea6, name=raft-test} - Registered operation callback DefaultOperationId{id=read, type=QUERY}
22:47:33.488 [raft-server-1-state] DEBUG i.a.p.s.impl.DefaultServiceExecutor - PrimitiveService{2}{type=io.atomix.protocols.raft.RaftTest$TestPrimitiveType@43a95102, name=raft-test} - Registered operation callback DefaultOperationId{id=onExpire, type=COMMAND}
22:47:33.488 [raft-server-3-state] DEBUG i.a.p.s.impl.DefaultServiceExecutor - PrimitiveService{2}{type=io.atomix.protocols.raft.RaftTest$TestPrimitiveType@19970ea6, name=raft-test} - Registered operation callback DefaultOperationId{id=onExpire, type=COMMAND}
22:47:33.488 [raft-server-1-state] DEBUG i.a.p.s.impl.DefaultServiceExecutor - PrimitiveService{2}{type=io.atomix.protocols.raft.RaftTest$TestPrimitiveType@43a95102, name=raft-test} - Registered operation callback DefaultOperationId{id=write, type=COMMAND}
22:47:33.488 [raft-server-3-state] DEBUG i.a.p.s.impl.DefaultServiceExecutor - PrimitiveService{2}{type=io.atomix.protocols.raft.RaftTest$TestPrimitiveType@19970ea6, name=raft-test} - Registered operation callback DefaultOperationId{id=write, type=COMMAND}
22:47:33.488 [raft-server-1-state] TRACE i.a.utils.serializer.KryoNamespace - Creating Kryo instance for KryoNamespace{registeredBlocks=[RegistrationBlock{begin=16, types=[([Ljava.lang.Class;@6b321262,null), ([Ljava.lang.Class;@68b11545,null), ([Ljava.lang.Class;@7d0100ea,null), ([Ljava.lang.Class;@357bc488,null), ([Ljava.lang.Class;@4ea17147,io.atomix.utils.serializer.serializers.ImmutableListSerializer@2eda4eeb), ([Ljava.lang.Class;@5ba90d8a,io.atomix.utils.serializer.serializers.ImmutableSetSerializer@309dcdf3), ([Ljava.lang.Class;@7573b9ee,io.atomix.utils.serializer.serializers.ImmutableMapSerializer@9a20cbd), ([Ljava.lang.Class;@1af4955e,null), ([Ljava.lang.Class;@445821a6,null), ([Ljava.lang.Class;@2c0c4c0a,null), ([Ljava.lang.Class;@35d26ad2,null), ([Ljava.lang.Class;@bb25753,null), ([Ljava.lang.Class;@ee21292,null), ([Ljava.lang.Class;@40c06358,null), ([Ljava.lang.Class;@66e21568,null), ([Ljava.lang.Class;@7f73ce28,null), ([Ljava.lang.Class;@611b35d6,null), ([Ljava.lang.Class;@2282400e,null), ([Ljava.lang.Class;@543d5863,null), ([Ljava.lang.Class;@35dece42,null), ([Ljava.lang.Class;@dd3f8aa,io.atomix.utils.serializer.serializers.ArraysAsListSerializer@3d615b2e), ([Ljava.lang.Class;@3a1f2a1,null), ([Ljava.lang.Class;@40ce9049,null), ([Ljava.lang.Class;@52ca2652,null), ([Ljava.lang.Class;@65c5bf0e,null), ([Ljava.lang.Class;@697d6ded,null), ([Ljava.lang.Class;@5d05f453,null), ([Ljava.lang.Class;@5efeb117,null), ([Ljava.lang.Class;@160b4809,null), ([Ljava.lang.Class;@149b4d20,null), ([Ljava.lang.Class;@664e848c,null), ([Ljava.lang.Class;@4d93f75b,null), ([Ljava.lang.Class;@114a5e0,null), ([Ljava.lang.Class;@4f281aaf,null), ([Ljava.lang.Class;@5d508d22,null), ([Ljava.lang.Class;@f2b90fc,null)]}, RegistrationBlock{begin=52, types=[([Ljava.lang.Class;@524d0018,null)]}]}
22:47:33.488 [raft-server-3-state] TRACE i.a.utils.serializer.KryoNamespace - Creating Kryo instance for KryoNamespace{registeredBlocks=[RegistrationBlock{begin=16, types=[([Ljava.lang.Class;@6b321262,null), ([Ljava.lang.Class;@68b11545,null), ([Ljava.lang.Class;@7d0100ea,null), ([Ljava.lang.Class;@357bc488,null), ([Ljava.lang.Class;@4ea17147,io.atomix.utils.serializer.serializers.ImmutableListSerializer@2eda4eeb), ([Ljava.lang.Class;@5ba90d8a,io.atomix.utils.serializer.serializers.ImmutableSetSerializer@309dcdf3), ([Ljava.lang.Class;@7573b9ee,io.atomix.utils.serializer.serializers.ImmutableMapSerializer@9a20cbd), ([Ljava.lang.Class;@1af4955e,null), ([Ljava.lang.Class;@445821a6,null), ([Ljava.lang.Class;@2c0c4c0a,null), ([Ljava.lang.Class;@35d26ad2,null), ([Ljava.lang.Class;@bb25753,null), ([Ljava.lang.Class;@ee21292,null), ([Ljava.lang.Class;@40c06358,null), ([Ljava.lang.Class;@66e21568,null), ([Ljava.lang.Class;@7f73ce28,null), ([Ljava.lang.Class;@611b35d6,null), ([Ljava.lang.Class;@2282400e,null), ([Ljava.lang.Class;@543d5863,null), ([Ljava.lang.Class;@35dece42,null), ([Ljava.lang.Class;@dd3f8aa,io.atomix.utils.serializer.serializers.ArraysAsListSerializer@3d615b2e), ([Ljava.lang.Class;@3a1f2a1,null), ([Ljava.lang.Class;@40ce9049,null), ([Ljava.lang.Class;@52ca2652,null), ([Ljava.lang.Class;@65c5bf0e,null), ([Ljava.lang.Class;@697d6ded,null), ([Ljava.lang.Class;@5d05f453,null), ([Ljava.lang.Class;@5efeb117,null), ([Ljava.lang.Class;@160b4809,null), ([Ljava.lang.Class;@149b4d20,null), ([Ljava.lang.Class;@664e848c,null), ([Ljava.lang.Class;@4d93f75b,null), ([Ljava.lang.Class;@114a5e0,null), ([Ljava.lang.Class;@4f281aaf,null), ([Ljava.lang.Class;@5d508d22,null), ([Ljava.lang.Class;@f2b90fc,null)]}, RegistrationBlock{begin=52, types=[([Ljava.lang.Class;@20428154,null)]}]}
22:47:33.488 [raft-server-1-state] TRACE i.a.utils.serializer.KryoNamespace - class [B registered as 16
22:47:33.489 [raft-server-3-state] TRACE i.a.utils.serializer.KryoNamespace - class [B registered as 16
22:47:33.489 [raft-server-1-state] TRACE i.a.utils.serializer.KryoNamespace - class java.util.concurrent.atomic.AtomicBoolean registered as 17
22:47:33.489 [raft-server-3-state] TRACE i.a.utils.serializer.KryoNamespace - class java.util.concurrent.atomic.AtomicBoolean registered as 17
22:47:33.489 [raft-server-1-state] TRACE i.a.utils.serializer.KryoNamespace - class java.util.concurrent.atomic.AtomicInteger registered as 18
22:47:33.489 [raft-server-3-state] TRACE i.a.utils.serializer.KryoNamespace - class java.util.concurrent.atomic.AtomicInteger registered as 18
22:47:33.489 [raft-server-1-state] TRACE i.a.utils.serializer.KryoNamespace - class java.util.concurrent.atomic.AtomicLong registered as 19
22:47:33.489 [raft-server-3-state] TRACE i.a.utils.serializer.KryoNamespace - class java.util.concurrent.atomic.AtomicLong registered as 19
22:47:33.489 [raft-server-1-state] TRACE i.a.utils.serializer.KryoNamespace - class com.google.common.collect.ImmutableList registered as 20
22:47:33.489 [raft-server-3-state] TRACE i.a.utils.serializer.KryoNamespace - class com.google.common.collect.ImmutableList registered as 20
22:47:33.489 [raft-server-1-state] TRACE i.a.utils.serializer.KryoNamespace - class com.google.common.collect.RegularImmutableList registered as 20
22:47:33.489 [raft-server-3-state] TRACE i.a.utils.serializer.KryoNamespace - class com.google.common.collect.RegularImmutableList registered as 20
22:47:33.489 [raft-server-1-state] TRACE i.a.utils.serializer.KryoNamespace - class com.google.common.collect.RegularImmutableList registered as 20
22:47:33.489 [raft-server-3-state] TRACE i.a.utils.serializer.KryoNamespace - class com.google.common.collect.RegularImmutableList registered as 20
22:47:33.489 [raft-server-1-state] TRACE i.a.utils.serializer.KryoNamespace - class com.google.common.collect.ImmutableList$SubList registered as 20
22:47:33.489 [raft-server-3-state] TRACE i.a.utils.serializer.KryoNamespace - class com.google.common.collect.ImmutableList$SubList registered as 20
22:47:33.489 [raft-server-1-state] TRACE i.a.utils.serializer.KryoNamespace - class com.google.common.collect.ImmutableSet registered as 21
22:47:33.489 [raft-server-3-state] TRACE i.a.utils.serializer.KryoNamespace - class com.google.common.collect.ImmutableSet registered as 21
22:47:33.489 [raft-server-1-state] TRACE i.a.utils.serializer.KryoNamespace - class com.google.common.collect.RegularImmutableSet registered as 21
22:47:33.489 [raft-server-3-state] TRACE i.a.utils.serializer.KryoNamespace - class com.google.common.collect.RegularImmutableSet registered as 21
22:47:33.489 [raft-server-1-state] TRACE i.a.utils.serializer.KryoNamespace - class com.google.common.collect.SingletonImmutableSet registered as 21
22:47:33.489 [raft-server-3-state] TRACE i.a.utils.serializer.KryoNamespace - class com.google.common.collect.SingletonImmutableSet registered as 21
22:47:33.489 [raft-server-1-state] TRACE i.a.utils.serializer.KryoNamespace - class com.google.common.collect.RegularImmutableSet registered as 21
22:47:33.489 [raft-server-3-state] TRACE i.a.utils.serializer.KryoNamespace - class com.google.common.collect.RegularImmutableSet registered as 21
22:47:33.489 [raft-server-1-state] TRACE i.a.utils.serializer.KryoNamespace - class com.google.common.collect.ImmutableMap registered as 22
22:47:33.489 [raft-server-3-state] TRACE i.a.utils.serializer.KryoNamespace - class com.google.common.collect.ImmutableMap registered as 22
22:47:33.490 [raft-server-1-state] TRACE i.a.utils.serializer.KryoNamespace - class com.google.common.collect.RegularImmutableMap registered as 22
22:47:33.490 [raft-server-3-state] TRACE i.a.utils.serializer.KryoNamespace - class com.google.common.collect.RegularImmutableMap registered as 22
22:47:33.490 [raft-server-1-state] TRACE i.a.utils.serializer.KryoNamespace - class com.google.common.collect.RegularImmutableMap registered as 22
22:47:33.490 [raft-server-3-state] TRACE i.a.utils.serializer.KryoNamespace - class com.google.common.collect.RegularImmutableMap registered as 22
22:47:33.490 [raft-server-1-state] TRACE i.a.utils.serializer.KryoNamespace - class com.google.common.collect.RegularImmutableMap registered as 22
22:47:33.490 [raft-server-3-state] TRACE i.a.utils.serializer.KryoNamespace - class com.google.common.collect.RegularImmutableMap registered as 22
22:47:33.490 [raft-server-1-state] TRACE i.a.utils.serializer.KryoNamespace - class java.util.Collections$UnmodifiableSet registered as 23
22:47:33.490 [raft-server-3-state] TRACE i.a.utils.serializer.KryoNamespace - class java.util.Collections$UnmodifiableSet registered as 23
22:47:33.490 [raft-server-1-state] TRACE i.a.utils.serializer.KryoNamespace - class java.util.HashMap registered as 24
22:47:33.490 [raft-server-3-state] TRACE i.a.utils.serializer.KryoNamespace - class java.util.HashMap registered as 24
22:47:33.490 [raft-server-1-state] TRACE i.a.utils.serializer.KryoNamespace - class java.util.concurrent.ConcurrentHashMap registered as 25
22:47:33.490 [raft-server-3-state] TRACE i.a.utils.serializer.KryoNamespace - class java.util.concurrent.ConcurrentHashMap registered as 25
22:47:33.490 [raft-server-1-state] TRACE i.a.utils.serializer.KryoNamespace - class java.util.concurrent.CopyOnWriteArraySet registered as 26
22:47:33.490 [raft-server-3-state] TRACE i.a.utils.serializer.KryoNamespace - class java.util.concurrent.CopyOnWriteArraySet registered as 26
22:47:33.490 [raft-server-1-state] TRACE i.a.utils.serializer.KryoNamespace - class java.util.ArrayList registered as 27
22:47:33.490 [raft-server-3-state] TRACE i.a.utils.serializer.KryoNamespace - class java.util.ArrayList registered as 27
22:47:33.490 [raft-server-1-state] TRACE i.a.utils.serializer.KryoNamespace - class java.util.LinkedList registered as 28
22:47:33.490 [raft-server-3-state] TRACE i.a.utils.serializer.KryoNamespace - class java.util.LinkedList registered as 28
22:47:33.490 [raft-server-1-state] TRACE i.a.utils.serializer.KryoNamespace - class java.util.HashSet registered as 29
22:47:33.490 [raft-server-3-state] TRACE i.a.utils.serializer.KryoNamespace - class java.util.HashSet registered as 29
22:47:33.490 [raft-server-1-state] TRACE i.a.utils.serializer.KryoNamespace - class java.util.LinkedHashSet registered as 30
22:47:33.490 [raft-server-3-state] TRACE i.a.utils.serializer.KryoNamespace - class java.util.LinkedHashSet registered as 30
22:47:33.490 [raft-server-1-state] TRACE i.a.utils.serializer.KryoNamespace - class com.sun.jmx.remote.internal.ArrayQueue registered as 31
22:47:33.490 [raft-server-3-state] TRACE i.a.utils.serializer.KryoNamespace - class com.sun.jmx.remote.internal.ArrayQueue registered as 31
22:47:33.490 [raft-server-1-state] TRACE i.a.utils.serializer.KryoNamespace - class java.util.ArrayDeque registered as 32
22:47:33.490 [raft-server-3-state] TRACE i.a.utils.serializer.KryoNamespace - class java.util.ArrayDeque registered as 32
22:47:33.490 [raft-server-1-state] TRACE i.a.utils.serializer.KryoNamespace - class com.google.common.collect.HashMultiset registered as 33
22:47:33.490 [raft-server-3-state] TRACE i.a.utils.serializer.KryoNamespace - class com.google.common.collect.HashMultiset registered as 33
22:47:33.491 [raft-server-1-state] TRACE i.a.utils.serializer.KryoNamespace - class com.google.common.collect.Sets registered as 34
22:47:33.491 [raft-server-3-state] TRACE i.a.utils.serializer.KryoNamespace - class com.google.common.collect.Sets registered as 34
22:47:33.491 [raft-server-1-state] TRACE i.a.utils.serializer.KryoNamespace - class com.google.common.collect.ImmutableEntry registered as 35
22:47:33.491 [raft-server-3-state] TRACE i.a.utils.serializer.KryoNamespace - class com.google.common.collect.ImmutableEntry registered as 35
22:47:33.491 [raft-server-1-state] TRACE i.a.utils.serializer.KryoNamespace - class java.util.Arrays$ArrayList registered as 36
22:47:33.491 [raft-server-3-state] TRACE i.a.utils.serializer.KryoNamespace - class java.util.Arrays$ArrayList registered as 36
22:47:33.491 [raft-server-1-state] TRACE i.a.utils.serializer.KryoNamespace - class java.util.Collections$SingletonList registered as 37
22:47:33.491 [raft-server-3-state] TRACE i.a.utils.serializer.KryoNamespace - class java.util.Collections$SingletonList registered as 37
22:47:33.491 [raft-server-1-state] TRACE i.a.utils.serializer.KryoNamespace - class java.time.Duration registered as 38
22:47:33.491 [raft-server-3-state] TRACE i.a.utils.serializer.KryoNamespace - class java.time.Duration registered as 38
22:47:33.491 [raft-server-1-state] TRACE i.a.utils.serializer.KryoNamespace - class java.util.Collections$EmptySet registered as 39
22:47:33.491 [raft-server-1-state] TRACE i.a.utils.serializer.KryoNamespace - class java.util.Optional registered as 40
22:47:33.491 [raft-server-3-state] TRACE i.a.utils.serializer.KryoNamespace - class java.util.Collections$EmptySet registered as 39
22:47:33.491 [raft-server-3-state] TRACE i.a.utils.serializer.KryoNamespace - class java.util.Optional registered as 40
22:47:33.491 [raft-server-1-state] TRACE i.a.utils.serializer.KryoNamespace - class java.util.Collections$EmptyList registered as 41
22:47:33.491 [raft-server-3-state] TRACE i.a.utils.serializer.KryoNamespace - class java.util.Collections$EmptyList registered as 41
22:47:33.491 [raft-server-1-state] TRACE i.a.utils.serializer.KryoNamespace - class java.util.Collections$SingletonSet registered as 42
22:47:33.491 [raft-server-3-state] TRACE i.a.utils.serializer.KryoNamespace - class java.util.Collections$SingletonSet registered as 42
22:47:33.491 [raft-server-1-state] TRACE i.a.utils.serializer.KryoNamespace - class [I registered as 43
22:47:33.491 [raft-server-3-state] TRACE i.a.utils.serializer.KryoNamespace - class [I registered as 43
22:47:33.491 [raft-server-1-state] TRACE i.a.utils.serializer.KryoNamespace - class [J registered as 44
22:47:33.491 [raft-server-3-state] TRACE i.a.utils.serializer.KryoNamespace - class [J registered as 44
22:47:33.491 [raft-server-1-state] TRACE i.a.utils.serializer.KryoNamespace - class [S registered as 45
22:47:33.491 [raft-server-3-state] TRACE i.a.utils.serializer.KryoNamespace - class [S registered as 45
22:47:33.491 [raft-server-1-state] TRACE i.a.utils.serializer.KryoNamespace - class [D registered as 46
22:47:33.491 [raft-server-3-state] TRACE i.a.utils.serializer.KryoNamespace - class [D registered as 46
22:47:33.491 [raft-server-1-state] TRACE i.a.utils.serializer.KryoNamespace - class [F registered as 47
22:47:33.491 [raft-server-3-state] TRACE i.a.utils.serializer.KryoNamespace - class [F registered as 47
22:47:33.491 [raft-server-1-state] TRACE i.a.utils.serializer.KryoNamespace - class [C registered as 48
22:47:33.492 [raft-server-3-state] TRACE i.a.utils.serializer.KryoNamespace - class [C registered as 48
22:47:33.492 [raft-server-1-state] TRACE i.a.utils.serializer.KryoNamespace - class [Ljava.lang.String; registered as 49
22:47:33.492 [raft-server-3-state] TRACE i.a.utils.serializer.KryoNamespace - class [Ljava.lang.String; registered as 49
22:47:33.492 [raft-server-1-state] TRACE i.a.utils.serializer.KryoNamespace - class [Z registered as 50
22:47:33.492 [raft-server-3-state] TRACE i.a.utils.serializer.KryoNamespace - class [Z registered as 50
22:47:33.492 [raft-server-1-state] TRACE i.a.utils.serializer.KryoNamespace - class [Ljava.lang.Object; registered as 51
22:47:33.492 [raft-server-3-state] TRACE i.a.utils.serializer.KryoNamespace - class [Ljava.lang.Object; registered as 51
22:47:33.492 [raft-server-1-state] TRACE i.a.utils.serializer.KryoNamespace - class io.atomix.primitive.service.ServiceConfig registered as 52
22:47:33.492 [raft-server-3-state] TRACE i.a.utils.serializer.KryoNamespace - class io.atomix.primitive.service.ServiceConfig registered as 52
22:47:33.492 [raft-server-1-state] DEBUG i.a.p.r.service.RaftServiceContext - PrimitiveService{2}{type=io.atomix.protocols.raft.RaftTest$TestPrimitiveType@43a95102, name=raft-test} - Opening session 2
22:47:33.492 [raft-server-3-state] DEBUG i.a.p.r.service.RaftServiceContext - PrimitiveService{2}{type=io.atomix.protocols.raft.RaftTest$TestPrimitiveType@19970ea6, name=raft-test} - Opening session 2
22:47:33.492 [raft-server-1-state] DEBUG i.a.p.raft.session.RaftSession - PrimitiveSession{2}{type=io.atomix.protocols.raft.RaftTest$TestPrimitiveType@43a95102, name=raft-test} - State changed: OPEN
22:47:33.492 [raft-server-3-state] DEBUG i.a.p.raft.session.RaftSession - PrimitiveSession{2}{type=io.atomix.protocols.raft.RaftTest$TestPrimitiveType@19970ea6, name=raft-test} - State changed: OPEN
22:47:33.534 [raft-server-2] TRACE i.a.p.raft.roles.LeaderAppender - RaftServer{2} - Received AppendResponse{status=OK, term=1, succeeded=true, lastLogIndex=3} from 1
22:47:33.534 [raft-server-2] TRACE i.a.protocols.raft.roles.LeaderRole - RaftServer{2}{role=LEADER} - Received CommandRequest{session=2, sequence=1, operation=PrimitiveOperation{id=DefaultOperationId{id=write, type=COMMAND}, value=byte[]{length=17, hash=-1644578928}}}
22:47:33.534 [raft-server-2] TRACE i.a.protocols.raft.roles.LeaderRole - RaftServer{2}{role=LEADER} - Appended Indexed{index=4, entry=CommandEntry{term=1, timestamp=2018-06-07 10:47:33,534, session=2, sequence=1, operation=PrimitiveOperation{id=DefaultOperationId{id=write, type=COMMAND}, value=byte[]{length=17, hash=-1644578928}}}}
22:47:33.534 [raft-server-2] TRACE i.a.p.raft.roles.LeaderAppender - RaftServer{2} - Sending AppendRequest{term=1, leader=2, prevLogIndex=3, prevLogTerm=1, entries=1, commitIndex=3} to 1
22:47:33.534 [raft-server-2] TRACE i.a.p.raft.roles.LeaderAppender - RaftServer{2} - Sending AppendRequest{term=1, leader=2, prevLogIndex=3, prevLogTerm=1, entries=1, commitIndex=3} to 3
22:47:33.534 [raft-server-1] TRACE i.a.p.raft.roles.FollowerRole - RaftServer{1}{role=FOLLOWER} - Received AppendRequest{term=1, leader=2, prevLogIndex=3, prevLogTerm=1, entries=1, commitIndex=3}
22:47:33.534 [raft-server-3] TRACE i.a.p.raft.roles.FollowerRole - RaftServer{3}{role=FOLLOWER} - Received AppendRequest{term=1, leader=2, prevLogIndex=3, prevLogTerm=1, entries=1, commitIndex=3}
22:47:33.535 [raft-server-2-state] TRACE i.a.p.raft.impl.RaftServiceManager - RaftServer{2} - Applying Indexed{index=3, entry=KeepAliveEntry{term=1, timestamp=2018-06-07 10:47:33,422, sessionIds=long[]{length=1, hash=33}, commandSequences=long[]{length=1, hash=31}, eventIndexes=long[]{length=1, hash=33}}}
22:47:33.535 [raft-server-3] TRACE i.a.p.raft.roles.FollowerRole - RaftServer{3}{role=FOLLOWER} - Appended Indexed{index=4, entry=CommandEntry{term=1, timestamp=2018-06-07 10:47:33,534, session=2, sequence=1, operation=PrimitiveOperation{id=DefaultOperationId{id=write, type=COMMAND}, value=byte[]{length=17, hash=-1644578928}}}}
22:47:33.535 [raft-server-1] TRACE i.a.p.raft.roles.FollowerRole - RaftServer{1}{role=FOLLOWER} - Appended Indexed{index=4, entry=CommandEntry{term=1, timestamp=2018-06-07 10:47:33,534, session=2, sequence=1, operation=PrimitiveOperation{id=DefaultOperationId{id=write, type=COMMAND}, value=byte[]{length=17, hash=-1644578928}}}}
22:47:33.535 [raft-server-2] TRACE i.a.protocols.raft.roles.LeaderRole - RaftServer{2}{role=LEADER} - Sending KeepAliveResponse{status=OK, leader=2, members=[1, 2, 3], sessionIds=long[]{length=1, hash=33}}
22:47:33.584 [raft-server-3] TRACE i.a.p.raft.roles.FollowerRole - RaftServer{3}{role=FOLLOWER} - Committed entries up to index 3
22:47:33.584 [raft-server-1] TRACE i.a.p.raft.roles.FollowerRole - RaftServer{1}{role=FOLLOWER} - Committed entries up to index 3
22:47:33.584 [raft-server-3] TRACE i.a.p.raft.roles.FollowerRole - RaftServer{3}{role=FOLLOWER} - Sending AppendResponse{status=OK, term=1, succeeded=true, lastLogIndex=4}
22:47:33.584 [raft-server-1] TRACE i.a.p.raft.roles.FollowerRole - RaftServer{1}{role=FOLLOWER} - Sending AppendResponse{status=OK, term=1, succeeded=true, lastLogIndex=4}
22:47:33.584 [raft-server-2] TRACE i.a.p.raft.roles.LeaderAppender - RaftServer{2} - Received AppendResponse{status=OK, term=1, succeeded=true, lastLogIndex=4} from 3
22:47:33.584 [raft-server-3] TRACE i.a.p.raft.roles.FollowerRole - RaftServer{3}{role=FOLLOWER} - Sending KeepAliveResponse{status=OK, leader=2, members=[1, 2, 3], sessionIds=long[]{length=1, hash=33}}
22:47:33.584 [raft-server-2] TRACE i.a.p.raft.roles.LeaderAppender - RaftServer{2} - Committed entries up to 4
22:47:33.584 [raft-server-1-state] TRACE i.a.p.raft.impl.RaftServiceManager - RaftServer{1} - Applying Indexed{index=3, entry=KeepAliveEntry{term=1, timestamp=2018-06-07 10:47:33,422, sessionIds=long[]{length=1, hash=33}, commandSequences=long[]{length=1, hash=31}, eventIndexes=long[]{length=1, hash=33}}}
22:47:33.584 [raft-client-431b802d-5b1a-4d37-8231-45cdad27d9ba-2] TRACE i.a.p.r.p.impl.RaftProxyConnection - RaftClient{431b802d-5b1a-4d37-8231-45cdad27d9ba} - Received KeepAliveResponse{status=OK, leader=2, members=[1, 2, 3], sessionIds=long[]{length=1, hash=33}} from 3
22:47:33.584 [raft-server-3-state] TRACE i.a.p.raft.impl.RaftServiceManager - RaftServer{3} - Applying Indexed{index=3, entry=KeepAliveEntry{term=1, timestamp=2018-06-07 10:47:33,422, sessionIds=long[]{length=1, hash=33}, commandSequences=long[]{length=1, hash=31}, eventIndexes=long[]{length=1, hash=33}}}
22:47:33.584 [raft-client-431b802d-5b1a-4d37-8231-45cdad27d9ba-0] TRACE i.a.p.r.p.impl.RaftProxyConnection - PartitionProxy{2}{type=io.atomix.protocols.raft.RaftTest$TestPrimitiveType@35bfa1bb, name=raft-test} - Sending CommandRequest{session=2, sequence=1, operation=PrimitiveOperation{id=DefaultOperationId{id=write, type=COMMAND}, value=byte[]{length=17, hash=-1644578928}}} to 3
22:47:33.585 [raft-server-3] TRACE i.a.p.raft.roles.FollowerRole - RaftServer{3}{role=FOLLOWER} - Received CommandRequest{session=2, sequence=1, operation=PrimitiveOperation{id=DefaultOperationId{id=write, type=COMMAND}, value=byte[]{length=17, hash=-1644578928}}}
22:47:33.635 [raft-server-2] TRACE i.a.p.raft.roles.LeaderAppender - RaftServer{2} - Sending AppendRequest{term=1, leader=2, prevLogIndex=4, prevLogTerm=1, entries=0, commitIndex=4} to 3
22:47:33.635 [raft-server-2] TRACE i.a.p.raft.roles.LeaderAppender - RaftServer{2} - Received AppendResponse{status=OK, term=1, succeeded=true, lastLogIndex=4} from 1
22:47:33.635 [raft-server-3] TRACE i.a.p.raft.roles.FollowerRole - RaftServer{3}{role=FOLLOWER} - Received AppendRequest{term=1, leader=2, prevLogIndex=4, prevLogTerm=1, entries=0, commitIndex=4}
22:47:33.635 [raft-server-2] TRACE i.a.p.raft.roles.LeaderAppender - RaftServer{2} - Sending AppendRequest{term=1, leader=2, prevLogIndex=4, prevLogTerm=1, entries=0, commitIndex=4} to 1
22:47:33.635 [raft-server-1] TRACE i.a.p.raft.roles.FollowerRole - RaftServer{1}{role=FOLLOWER} - Received AppendRequest{term=1, leader=2, prevLogIndex=4, prevLogTerm=1, entries=0, commitIndex=4}
22:47:33.635 [raft-server-2] TRACE i.a.protocols.raft.roles.LeaderRole - RaftServer{2}{role=LEADER} - Received CommandRequest{session=2, sequence=1, operation=PrimitiveOperation{id=DefaultOperationId{id=write, type=COMMAND}, value=byte[]{length=17, hash=-1644578928}}}
22:47:33.635 [raft-server-1] TRACE i.a.p.raft.roles.FollowerRole - RaftServer{1}{role=FOLLOWER} - Committed entries up to index 4
22:47:33.635 [raft-server-1] TRACE i.a.p.raft.roles.FollowerRole - RaftServer{1}{role=FOLLOWER} - Sending AppendResponse{status=OK, term=1, succeeded=true, lastLogIndex=4}
22:47:33.635 [raft-server-2] TRACE i.a.protocols.raft.roles.LeaderRole - RaftServer{2}{role=LEADER} - Appended Indexed{index=5, entry=CommandEntry{term=1, timestamp=2018-06-07 10:47:33,635, session=2, sequence=1, operation=PrimitiveOperation{id=DefaultOperationId{id=write, type=COMMAND}, value=byte[]{length=17, hash=-1644578928}}}}
22:47:33.635 [raft-server-1-state] TRACE i.a.p.raft.impl.RaftServiceManager - RaftServer{1} - Applying Indexed{index=4, entry=CommandEntry{term=1, timestamp=2018-06-07 10:47:33,534, session=2, sequence=1, operation=PrimitiveOperation{id=DefaultOperationId{id=write, type=COMMAND}, value=byte[]{length=17, hash=-1644578928}}}}
22:47:33.635 [raft-server-2] TRACE i.a.p.raft.roles.LeaderAppender - RaftServer{2} - Received AppendResponse{status=OK, term=1, succeeded=true, lastLogIndex=4} from 1
22:47:33.635 [raft-server-2] TRACE i.a.p.raft.roles.LeaderAppender - RaftServer{2} - Sending AppendRequest{term=1, leader=2, prevLogIndex=4, prevLogTerm=1, entries=1, commitIndex=4} to 1
22:47:33.635 [raft-server-1-state] TRACE i.a.p.s.impl.DefaultServiceExecutor - PrimitiveService{2}{type=io.atomix.protocols.raft.RaftTest$TestPrimitiveType@43a95102, name=raft-test} - Executing DefaultCommit{index=4, session=RaftSession{RaftServiceContext{server=1, type=io.atomix.protocols.raft.RaftTest$TestPrimitiveType@43a95102, name=raft-test, id=2}, session=2, timestamp=2018-06-07 10:47:33,534}, time=2018-06-07 10:47:33,534, operation=DefaultOperationId{id=write, type=COMMAND}, value=byte[]{length=17, hash=-1644578928}}
22:47:33.635 [raft-server-2-state] TRACE i.a.p.raft.impl.RaftServiceManager - RaftServer{2} - Applying Indexed{index=4, entry=CommandEntry{term=1, timestamp=2018-06-07 10:47:33,534, session=2, sequence=1, operation=PrimitiveOperation{id=DefaultOperationId{id=write, type=COMMAND}, value=byte[]{length=17, hash=-1644578928}}}}
22:47:33.636 [raft-server-1] TRACE i.a.p.raft.roles.FollowerRole - RaftServer{1}{role=FOLLOWER} - Received AppendRequest{term=1, leader=2, prevLogIndex=4, prevLogTerm=1, entries=1, commitIndex=4}
22:47:33.636 [raft-server-2-state] TRACE i.a.p.s.impl.DefaultServiceExecutor - PrimitiveService{2}{type=io.atomix.protocols.raft.RaftTest$TestPrimitiveType@581a9c39, name=raft-test} - Executing DefaultCommit{index=4, session=RaftSession{RaftServiceContext{server=2, type=io.atomix.protocols.raft.RaftTest$TestPrimitiveType@581a9c39, name=raft-test, id=2}, session=2, timestamp=2018-06-07 10:47:33,534}, time=2018-06-07 10:47:33,534, operation=DefaultOperationId{id=write, type=COMMAND}, value=byte[]{length=17, hash=-1644578928}}
22:47:33.636 [raft-server-2-state] TRACE i.a.protocols.raft.roles.LeaderRole - RaftServer{2}{role=LEADER} - Sending CommandResponse{status=OK, index=4, eventIndex=2, result=byte[]{length=2, hash=1248}}
22:47:33.636 [raft-server-1] TRACE i.a.p.raft.roles.FollowerRole - RaftServer{1}{role=FOLLOWER} - Appended Indexed{index=5, entry=CommandEntry{term=1, timestamp=2018-06-07 10:47:33,635, session=2, sequence=1, operation=PrimitiveOperation{id=DefaultOperationId{id=write, type=COMMAND}, value=byte[]{length=17, hash=-1644578928}}}}
22:47:33.636 [raft-server-1] TRACE i.a.p.raft.roles.FollowerRole - RaftServer{1}{role=FOLLOWER} - Sending AppendResponse{status=OK, term=1, succeeded=true, lastLogIndex=5}
22:47:33.636 [raft-server-2] TRACE i.a.p.raft.roles.LeaderAppender - RaftServer{2} - Received AppendResponse{status=OK, term=1, succeeded=true, lastLogIndex=5} from 1
22:47:33.636 [raft-server-2] TRACE i.a.p.raft.roles.LeaderAppender - RaftServer{2} - Committed entries up to 5
22:47:33.684 [raft-server-3] TRACE i.a.p.raft.roles.FollowerRole - RaftServer{3}{role=FOLLOWER} - Committed entries up to index 4
22:47:33.684 [raft-server-3] TRACE i.a.p.raft.roles.FollowerRole - RaftServer{3}{role=FOLLOWER} - Sending AppendResponse{status=OK, term=1, succeeded=true, lastLogIndex=4}
22:47:33.684 [raft-server-3] TRACE i.a.p.raft.roles.FollowerRole - RaftServer{3}{role=FOLLOWER} - Sending CommandResponse{status=OK, index=4, eventIndex=2, result=byte[]{length=2, hash=1248}}
22:47:33.684 [raft-client-431b802d-5b1a-4d37-8231-45cdad27d9ba-5] TRACE i.a.p.r.p.impl.RaftProxyConnection - PartitionProxy{2}{type=io.atomix.protocols.raft.RaftTest$TestPrimitiveType@35bfa1bb, name=raft-test} - Received CommandResponse{status=OK, index=4, eventIndex=2, result=byte[]{length=2, hash=1248}} from 3
22:47:33.684 [raft-server-3-state] TRACE i.a.p.raft.impl.RaftServiceManager - RaftServer{3} - Applying Indexed{index=4, entry=CommandEntry{term=1, timestamp=2018-06-07 10:47:33,534, session=2, sequence=1, operation=PrimitiveOperation{id=DefaultOperationId{id=write, type=COMMAND}, value=byte[]{length=17, hash=-1644578928}}}}
22:47:33.684 [raft-client-431b802d-5b1a-4d37-8231-45cdad27d9ba-5] TRACE i.a.p.r.p.impl.RaftProxySequencer - PartitionProxy{2}{type=io.atomix.protocols.raft.RaftTest$TestPrimitiveType@35bfa1bb, name=raft-test} - Completing response CommandResponse{status=OK, index=4, eventIndex=2, result=byte[]{length=2, hash=1248}}
22:47:33.684 [raft-server-3-state] TRACE i.a.p.s.impl.DefaultServiceExecutor - PrimitiveService{2}{type=io.atomix.protocols.raft.RaftTest$TestPrimitiveType@19970ea6, name=raft-test} - Executing DefaultCommit{index=4, session=RaftSession{RaftServiceContext{server=3, type=io.atomix.protocols.raft.RaftTest$TestPrimitiveType@19970ea6, name=raft-test, id=2}, session=2, timestamp=2018-06-07 10:47:33,534}, time=2018-06-07 10:47:33,534, operation=DefaultOperationId{id=write, type=COMMAND}, value=byte[]{length=17, hash=-1644578928}}
22:47:33.686 [raft-client-431b802d-5b1a-4d37-8231-45cdad27d9ba-4] TRACE i.a.p.r.p.impl.RaftProxyConnection - PartitionProxy{2}{type=io.atomix.protocols.raft.RaftTest$TestPrimitiveType@35bfa1bb, name=raft-test} - Sending CommandRequest{session=2, sequence=2, operation=PrimitiveOperation{id=DefaultOperationId{id=write, type=COMMAND}, value=byte[]{length=17, hash=-1644578928}}} to 3
22:47:33.686 [raft-server-3] TRACE i.a.p.raft.roles.FollowerRole - RaftServer{3}{role=FOLLOWER} - Received CommandRequest{session=2, sequence=2, operation=PrimitiveOperation{id=DefaultOperationId{id=write, type=COMMAND}, value=byte[]{length=17, hash=-1644578928}}}
22:47:33.706 [raft-server-2] TRACE i.a.p.raft.roles.LeaderAppender - RaftServer{2} - Received AppendResponse{status=OK, term=1, succeeded=true, lastLogIndex=4} from 3
22:47:33.706 [raft-server-2] TRACE i.a.p.raft.roles.LeaderAppender - RaftServer{2} - Sending AppendRequest{term=1, leader=2, prevLogIndex=4, prevLogTerm=1, entries=1, commitIndex=5} to 3
22:47:33.706 [raft-server-3] TRACE i.a.p.raft.roles.FollowerRole - RaftServer{3}{role=FOLLOWER} - Received AppendRequest{term=1, leader=2, prevLogIndex=4, prevLogTerm=1, entries=1, commitIndex=5}
22:47:33.706 [raft-server-2] TRACE i.a.protocols.raft.roles.LeaderRole - RaftServer{2}{role=LEADER} - Received CommandRequest{session=2, sequence=2, operation=PrimitiveOperation{id=DefaultOperationId{id=write, type=COMMAND}, value=byte[]{length=17, hash=-1644578928}}}
22:47:33.707 [raft-server-3] TRACE i.a.p.raft.roles.FollowerRole - RaftServer{3}{role=FOLLOWER} - Appended Indexed{index=5, entry=CommandEntry{term=1, timestamp=2018-06-07 10:47:33,635, session=2, sequence=1, operation=PrimitiveOperation{id=DefaultOperationId{id=write, type=COMMAND}, value=byte[]{length=17, hash=-1644578928}}}}
22:47:33.707 [raft-server-2] TRACE i.a.protocols.raft.roles.LeaderRole - RaftServer{2}{role=LEADER} - Appended Indexed{index=6, entry=CommandEntry{term=1, timestamp=2018-06-07 10:47:33,707, session=2, sequence=2, operation=PrimitiveOperation{id=DefaultOperationId{id=write, type=COMMAND}, value=byte[]{length=17, hash=-1644578928}}}}
22:47:33.707 [raft-server-2-state] TRACE i.a.p.raft.impl.RaftServiceManager - RaftServer{2} - Applying Indexed{index=5, entry=CommandEntry{term=1, timestamp=2018-06-07 10:47:33,635, session=2, sequence=1, operation=PrimitiveOperation{id=DefaultOperationId{id=write, type=COMMAND}, value=byte[]{length=17, hash=-1644578928}}}}
22:47:33.707 [raft-server-2] TRACE i.a.p.raft.roles.LeaderAppender - RaftServer{2} - Sending AppendRequest{term=1, leader=2, prevLogIndex=5, prevLogTerm=1, entries=1, commitIndex=5} to 1
22:47:33.707 [raft-server-2-state] TRACE i.a.p.r.service.RaftServiceContext - PrimitiveService{2}{type=io.atomix.protocols.raft.RaftTest$TestPrimitiveType@581a9c39, name=raft-test} - Returning cached result for command with sequence number 1 < 2
22:47:33.707 [raft-server-1] TRACE i.a.p.raft.roles.FollowerRole - RaftServer{1}{role=FOLLOWER} - Received AppendRequest{term=1, leader=2, prevLogIndex=5, prevLogTerm=1, entries=1, commitIndex=5}
22:47:33.707 [raft-server-2-state] TRACE i.a.protocols.raft.roles.LeaderRole - RaftServer{2}{role=LEADER} - Sending CommandResponse{status=OK, index=4, eventIndex=2, result=byte[]{length=2, hash=1248}}
22:47:33.707 [raft-server-1] TRACE i.a.p.raft.roles.FollowerRole - RaftServer{1}{role=FOLLOWER} - Appended Indexed{index=6, entry=CommandEntry{term=1, timestamp=2018-06-07 10:47:33,707, session=2, sequence=2, operation=PrimitiveOperation{id=DefaultOperationId{id=write, type=COMMAND}, value=byte[]{length=17, hash=-1644578928}}}}
22:47:33.727 [raft-server-2] TRACE i.a.p.raft.roles.LeaderAppender - RaftServer{2} - Sending AppendRequest{term=1, leader=2, prevLogIndex=5, prevLogTerm=1, entries=1, commitIndex=5} to 3
22:47:33.739 [raft-server-3] TRACE i.a.p.raft.roles.FollowerRole - RaftServer{3}{role=FOLLOWER} - Committed entries up to index 5
22:47:33.739 [raft-server-3] TRACE i.a.p.raft.roles.FollowerRole - RaftServer{3}{role=FOLLOWER} - Sending AppendResponse{status=OK, term=1, succeeded=true, lastLogIndex=5}
22:47:33.740 [raft-server-2] TRACE i.a.p.raft.roles.LeaderAppender - RaftServer{2} - Received AppendResponse{status=OK, term=1, succeeded=true, lastLogIndex=5} from 3
22:47:33.740 [raft-server-3] TRACE i.a.p.raft.roles.FollowerRole - RaftServer{3}{role=FOLLOWER} - Sending CommandResponse{status=OK, index=4, eventIndex=2, result=byte[]{length=2, hash=1248}}
22:47:33.740 [raft-server-3] TRACE i.a.p.raft.roles.FollowerRole - RaftServer{3}{role=FOLLOWER} - Received AppendRequest{term=1, leader=2, prevLogIndex=5, prevLogTerm=1, entries=1, commitIndex=5}
22:47:33.740 [raft-client-431b802d-5b1a-4d37-8231-45cdad27d9ba-1] TRACE i.a.p.r.p.impl.RaftProxyConnection - PartitionProxy{2}{type=io.atomix.protocols.raft.RaftTest$TestPrimitiveType@35bfa1bb, name=raft-test} - Received CommandResponse{status=OK, index=4, eventIndex=2, result=byte[]{length=2, hash=1248}} from 3
22:47:33.740 [raft-server-3] TRACE i.a.p.raft.roles.FollowerRole - RaftServer{3}{role=FOLLOWER} - Appended Indexed{index=6, entry=CommandEntry{term=1, timestamp=2018-06-07 10:47:33,707, session=2, sequence=2, operation=PrimitiveOperation{id=DefaultOperationId{id=write, type=COMMAND}, value=byte[]{length=17, hash=-1644578928}}}}
22:47:33.740 [raft-server-3] TRACE i.a.p.raft.roles.FollowerRole - RaftServer{3}{role=FOLLOWER} - Sending AppendResponse{status=OK, term=1, succeeded=true, lastLogIndex=6}
22:47:33.740 [raft-server-2] TRACE i.a.p.raft.roles.LeaderAppender - RaftServer{2} - Received AppendResponse{status=OK, term=1, succeeded=true, lastLogIndex=6} from 3
22:47:33.741 [raft-server-2] TRACE i.a.p.raft.roles.LeaderAppender - RaftServer{2} - Committed entries up to 6
22:47:33.741 [raft-server-3-state] TRACE i.a.p.raft.impl.RaftServiceManager - RaftServer{3} - Applying Indexed{index=5, entry=CommandEntry{term=1, timestamp=2018-06-07 10:47:33,635, session=2, sequence=1, operation=PrimitiveOperation{id=DefaultOperationId{id=write, type=COMMAND}, value=byte[]{length=17, hash=-1644578928}}}}
22:47:33.741 [raft-server-3-state] TRACE i.a.p.r.service.RaftServiceContext - PrimitiveService{2}{type=io.atomix.protocols.raft.RaftTest$TestPrimitiveType@19970ea6, name=raft-test} - Returning cached result for command with sequence number 1 < 2
22:47:33.774 [raft-server-1] TRACE i.a.p.raft.roles.FollowerRole - RaftServer{1}{role=FOLLOWER} - Committed entries up to index 5
22:47:33.774 [raft-server-1] TRACE i.a.p.raft.roles.FollowerRole - RaftServer{1}{role=FOLLOWER} - Sending AppendResponse{status=OK, term=1, succeeded=true, lastLogIndex=6}
22:47:33.774 [raft-server-1-state] TRACE i.a.p.raft.impl.RaftServiceManager - RaftServer{1} - Applying Indexed{index=5, entry=CommandEntry{term=1, timestamp=2018-06-07 10:47:33,635, session=2, sequence=1, operation=PrimitiveOperation{id=DefaultOperationId{id=write, type=COMMAND}, value=byte[]{length=17, hash=-1644578928}}}}
22:47:33.774 [raft-server-1-state] TRACE i.a.p.r.service.RaftServiceContext - PrimitiveService{2}{type=io.atomix.protocols.raft.RaftTest$TestPrimitiveType@43a95102, name=raft-test} - Returning cached result for command with sequence number 1 < 2
22:47:33.798 [raft-server-2] TRACE i.a.p.raft.roles.LeaderAppender - RaftServer{2} - Sending AppendRequest{term=1, leader=2, prevLogIndex=6, prevLogTerm=1, entries=0, commitIndex=6} to 3
22:47:33.798 [raft-server-2] TRACE i.a.p.raft.roles.LeaderAppender - RaftServer{2} - Received AppendResponse{status=OK, term=1, succeeded=true, lastLogIndex=6} from 1
22:47:33.798 [raft-server-2] TRACE i.a.p.raft.roles.LeaderAppender - RaftServer{2} - Sending AppendRequest{term=1, leader=2, prevLogIndex=6, prevLogTerm=1, entries=0, commitIndex=6} to 1
22:47:33.798 [raft-server-1] TRACE i.a.p.raft.roles.FollowerRole - RaftServer{1}{role=FOLLOWER} - Received AppendRequest{term=1, leader=2, prevLogIndex=6, prevLogTerm=1, entries=0, commitIndex=6}
22:47:33.798 [raft-server-2-state] TRACE i.a.p.raft.impl.RaftServiceManager - RaftServer{2} - Applying Indexed{index=6, entry=CommandEntry{term=1, timestamp=2018-06-07 10:47:33,707, session=2, sequence=2, operation=PrimitiveOperation{id=DefaultOperationId{id=write, type=COMMAND}, value=byte[]{length=17, hash=-1644578928}}}}
22:47:33.798 [raft-server-2-state] TRACE i.a.p.s.impl.DefaultServiceExecutor - PrimitiveService{2}{type=io.atomix.protocols.raft.RaftTest$TestPrimitiveType@581a9c39, name=raft-test} - Executing DefaultCommit{index=6, session=RaftSession{RaftServiceContext{server=2, type=io.atomix.protocols.raft.RaftTest$TestPrimitiveType@581a9c39, name=raft-test, id=2}, session=2, timestamp=2018-06-07 10:47:33,707}, time=2018-06-07 10:47:33,707, operation=DefaultOperationId{id=write, type=COMMAND}, value=byte[]{length=17, hash=-1644578928}}
22:47:33.799 [raft-server-2-state] TRACE i.a.protocols.raft.roles.LeaderRole - RaftServer{2}{role=LEADER} - Sending CommandResponse{status=OK, index=6, eventIndex=2, result=byte[]{length=2, hash=1252}}
22:47:33.799 [raft-server-3] TRACE i.a.p.raft.roles.FollowerRole - RaftServer{3}{role=FOLLOWER} - Received AppendRequest{term=1, leader=2, prevLogIndex=6, prevLogTerm=1, entries=0, commitIndex=6}
22:47:33.825 [raft-server-1] TRACE i.a.p.raft.roles.FollowerRole - RaftServer{1}{role=FOLLOWER} - Committed entries up to index 6
22:47:33.825 [raft-server-1] TRACE i.a.p.raft.roles.FollowerRole - RaftServer{1}{role=FOLLOWER} - Sending AppendResponse{status=OK, term=1, succeeded=true, lastLogIndex=6}
22:47:33.825 [raft-server-2] TRACE i.a.p.raft.roles.LeaderAppender - RaftServer{2} - Received AppendResponse{status=OK, term=1, succeeded=true, lastLogIndex=6} from 1
22:47:33.826 [raft-server-1-state] TRACE i.a.p.raft.impl.RaftServiceManager - RaftServer{1} - Applying Indexed{index=6, entry=CommandEntry{term=1, timestamp=2018-06-07 10:47:33,707, session=2, sequence=2, operation=PrimitiveOperation{id=DefaultOperationId{id=write, type=COMMAND}, value=byte[]{length=17, hash=-1644578928}}}}
22:47:33.826 [raft-server-1-state] TRACE i.a.p.s.impl.DefaultServiceExecutor - PrimitiveService{2}{type=io.atomix.protocols.raft.RaftTest$TestPrimitiveType@43a95102, name=raft-test} - Executing DefaultCommit{index=6, session=RaftSession{RaftServiceContext{server=1, type=io.atomix.protocols.raft.RaftTest$TestPrimitiveType@43a95102, name=raft-test, id=2}, session=2, timestamp=2018-06-07 10:47:33,707}, time=2018-06-07 10:47:33,707, operation=DefaultOperationId{id=write, type=COMMAND}, value=byte[]{length=17, hash=-1644578928}}
22:47:33.848 [raft-server-3] TRACE i.a.p.raft.roles.FollowerRole - RaftServer{3}{role=FOLLOWER} - Committed entries up to index 6
22:47:33.848 [raft-server-3] TRACE i.a.p.raft.roles.FollowerRole - RaftServer{3}{role=FOLLOWER} - Sending AppendResponse{status=OK, term=1, succeeded=true, lastLogIndex=6}
22:47:33.848 [raft-server-3] TRACE i.a.p.raft.roles.FollowerRole - RaftServer{3}{role=FOLLOWER} - Sending CommandResponse{status=OK, index=6, eventIndex=2, result=byte[]{length=2, hash=1252}}
22:47:33.848 [raft-server-2] TRACE i.a.p.raft.roles.LeaderAppender - RaftServer{2} - Received AppendResponse{status=OK, term=1, succeeded=true, lastLogIndex=6} from 3
22:47:33.848 [raft-client-431b802d-5b1a-4d37-8231-45cdad27d9ba-6] TRACE i.a.p.r.p.impl.RaftProxyConnection - PartitionProxy{2}{type=io.atomix.protocols.raft.RaftTest$TestPrimitiveType@35bfa1bb, name=raft-test} - Received CommandResponse{status=OK, index=6, eventIndex=2, result=byte[]{length=2, hash=1252}} from 3
22:47:33.848 [raft-server-3-state] TRACE i.a.p.raft.impl.RaftServiceManager - RaftServer{3} - Applying Indexed{index=6, entry=CommandEntry{term=1, timestamp=2018-06-07 10:47:33,707, session=2, sequence=2, operation=PrimitiveOperation{id=DefaultOperationId{id=write, type=COMMAND}, value=byte[]{length=17, hash=-1644578928}}}}
22:47:33.848 [raft-client-431b802d-5b1a-4d37-8231-45cdad27d9ba-6] TRACE i.a.p.r.p.impl.RaftProxySequencer - PartitionProxy{2}{type=io.atomix.protocols.raft.RaftTest$TestPrimitiveType@35bfa1bb, name=raft-test} - Completing response CommandResponse{status=OK, index=6, eventIndex=2, result=byte[]{length=2, hash=1252}}
22:47:33.848 [raft-server-3-state] TRACE i.a.p.s.impl.DefaultServiceExecutor - PrimitiveService{2}{type=io.atomix.protocols.raft.RaftTest$TestPrimitiveType@19970ea6, name=raft-test} - Executing DefaultCommit{index=6, session=RaftSession{RaftServiceContext{server=3, type=io.atomix.protocols.raft.RaftTest$TestPrimitiveType@19970ea6, name=raft-test, id=2}, session=2, timestamp=2018-06-07 10:47:33,707}, time=2018-06-07 10:47:33,707, operation=DefaultOperationId{id=write, type=COMMAND}, value=byte[]{length=17, hash=-1644578928}}
22:47:33.849 [raft-client-431b802d-5b1a-4d37-8231-45cdad27d9ba-2] TRACE i.a.p.r.p.impl.RaftProxyConnection - PartitionProxy{2}{type=io.atomix.protocols.raft.RaftTest$TestPrimitiveType@35bfa1bb, name=raft-test} - Sending CommandRequest{session=2, sequence=3, operation=PrimitiveOperation{id=DefaultOperationId{id=write, type=COMMAND}, value=byte[]{length=17, hash=-1644578928}}} to 3
22:47:33.849 [raft-server-3] TRACE i.a.p.raft.roles.FollowerRole - RaftServer{3}{role=FOLLOWER} - Received CommandRequest{session=2, sequence=3, operation=PrimitiveOperation{id=DefaultOperationId{id=write, type=COMMAND}, value=byte[]{length=17, hash=-1644578928}}}
22:47:33.849 [raft-server-2] TRACE i.a.protocols.raft.roles.LeaderRole - RaftServer{2}{role=LEADER} - Received CommandRequest{session=2, sequence=3, operation=PrimitiveOperation{id=DefaultOperationId{id=write, type=COMMAND}, value=byte[]{length=17, hash=-1644578928}}}
22:47:33.849 [raft-server-2] TRACE i.a.protocols.raft.roles.LeaderRole - RaftServer{2}{role=LEADER} - Appended Indexed{index=7, entry=CommandEntry{term=1, timestamp=2018-06-07 10:47:33,849, session=2, sequence=3, operation=PrimitiveOperation{id=DefaultOperationId{id=write, type=COMMAND}, value=byte[]{length=17, hash=-1644578928}}}}
22:47:33.849 [raft-server-2] TRACE i.a.p.raft.roles.LeaderAppender - RaftServer{2} - Sending AppendRequest{term=1, leader=2, prevLogIndex=6, prevLogTerm=1, entries=1, commitIndex=6} to 1
22:47:33.849 [raft-server-1] TRACE i.a.p.raft.roles.FollowerRole - RaftServer{1}{role=FOLLOWER} - Received AppendRequest{term=1, leader=2, prevLogIndex=6, prevLogTerm=1, entries=1, commitIndex=6}
22:47:33.849 [raft-server-2] TRACE i.a.p.raft.roles.LeaderAppender - RaftServer{2} - Sending AppendRequest{term=1, leader=2, prevLogIndex=6, prevLogTerm=1, entries=1, commitIndex=6} to 3
22:47:33.850 [raft-server-3] TRACE i.a.p.raft.roles.FollowerRole - RaftServer{3}{role=FOLLOWER} - Received AppendRequest{term=1, leader=2, prevLogIndex=6, prevLogTerm=1, entries=1, commitIndex=6}
22:47:33.850 [raft-server-1] TRACE i.a.p.raft.roles.FollowerRole - RaftServer{1}{role=FOLLOWER} - Appended Indexed{index=7, entry=CommandEntry{term=1, timestamp=2018-06-07 10:47:33,849, session=2, sequence=3, operation=PrimitiveOperation{id=DefaultOperationId{id=write, type=COMMAND}, value=byte[]{length=17, hash=-1644578928}}}}
22:47:33.850 [raft-server-1] TRACE i.a.p.raft.roles.FollowerRole - RaftServer{1}{role=FOLLOWER} - Sending AppendResponse{status=OK, term=1, succeeded=true, lastLogIndex=7}
22:47:33.850 [raft-server-2] TRACE i.a.p.raft.roles.LeaderAppender - RaftServer{2} - Received AppendResponse{status=OK, term=1, succeeded=true, lastLogIndex=7} from 1
22:47:33.850 [raft-server-3] TRACE i.a.p.raft.roles.FollowerRole - RaftServer{3}{role=FOLLOWER} - Appended Indexed{index=7, entry=CommandEntry{term=1, timestamp=2018-06-07 10:47:33,849, session=2, sequence=3, operation=PrimitiveOperation{id=DefaultOperationId{id=write, type=COMMAND}, value=byte[]{length=17, hash=-1644578928}}}}
22:47:33.850 [raft-server-2] TRACE i.a.p.raft.roles.LeaderAppender - RaftServer{2} - Committed entries up to 7
22:47:33.850 [raft-server-3] TRACE i.a.p.raft.roles.FollowerRole - RaftServer{3}{role=FOLLOWER} - Sending AppendResponse{status=OK, term=1, succeeded=true, lastLogIndex=7}
22:47:33.883 [raft-server-2] TRACE i.a.p.raft.roles.LeaderAppender - RaftServer{2} - Received AppendResponse{status=OK, term=1, succeeded=true, lastLogIndex=7} from 3
22:47:33.883 [raft-server-2-state] TRACE i.a.p.raft.impl.RaftServiceManager - RaftServer{2} - Applying Indexed{index=7, entry=CommandEntry{term=1, timestamp=2018-06-07 10:47:33,849, session=2, sequence=3, operation=PrimitiveOperation{id=DefaultOperationId{id=write, type=COMMAND}, value=byte[]{length=17, hash=-1644578928}}}}
22:47:33.883 [raft-server-2-state] TRACE i.a.p.s.impl.DefaultServiceExecutor - PrimitiveService{2}{type=io.atomix.protocols.raft.RaftTest$TestPrimitiveType@581a9c39, name=raft-test} - Executing DefaultCommit{index=7, session=RaftSession{RaftServiceContext{server=2, type=io.atomix.protocols.raft.RaftTest$TestPrimitiveType@581a9c39, name=raft-test, id=2}, session=2, timestamp=2018-06-07 10:47:33,849}, time=2018-06-07 10:47:33,849, operation=DefaultOperationId{id=write, type=COMMAND}, value=byte[]{length=17, hash=-1644578928}}
22:47:33.883 [raft-server-2-state] TRACE i.a.protocols.raft.roles.LeaderRole - RaftServer{2}{role=LEADER} - Sending CommandResponse{status=OK, index=7, eventIndex=2, result=byte[]{length=2, hash=1254}}
22:47:33.883 [raft-server-3] TRACE i.a.p.raft.roles.FollowerRole - RaftServer{3}{role=FOLLOWER} - Sending CommandResponse{status=OK, index=7, eventIndex=2, result=byte[]{length=2, hash=1254}}
22:47:33.883 [raft-client-431b802d-5b1a-4d37-8231-45cdad27d9ba-0] TRACE i.a.p.r.p.impl.RaftProxyConnection - PartitionProxy{2}{type=io.atomix.protocols.raft.RaftTest$TestPrimitiveType@35bfa1bb, name=raft-test} - Received CommandResponse{status=OK, index=7, eventIndex=2, result=byte[]{length=2, hash=1254}} from 3
22:47:33.883 [raft-client-431b802d-5b1a-4d37-8231-45cdad27d9ba-0] TRACE i.a.p.r.p.impl.RaftProxySequencer - PartitionProxy{2}{type=io.atomix.protocols.raft.RaftTest$TestPrimitiveType@35bfa1bb, name=raft-test} - Completing response CommandResponse{status=OK, index=7, eventIndex=2, result=byte[]{length=2, hash=1254}}
22:47:33.884 [raft-client-431b802d-5b1a-4d37-8231-45cdad27d9ba-0] TRACE i.a.p.r.p.impl.RaftProxyConnection - PartitionProxy{2}{type=io.atomix.protocols.raft.RaftTest$TestPrimitiveType@35bfa1bb, name=raft-test} - Sending CommandRequest{session=2, sequence=4, operation=PrimitiveOperation{id=DefaultOperationId{id=write, type=COMMAND}, value=byte[]{length=17, hash=-1644578928}}} to 3
22:47:33.884 [raft-server-3] TRACE i.a.p.raft.roles.FollowerRole - RaftServer{3}{role=FOLLOWER} - Received CommandRequest{session=2, sequence=4, operation=PrimitiveOperation{id=DefaultOperationId{id=write, type=COMMAND}, value=byte[]{length=17, hash=-1644578928}}}
22:47:33.884 [raft-server-2] TRACE i.a.protocols.raft.roles.LeaderRole - RaftServer{2}{role=LEADER} - Received CommandRequest{session=2, sequence=4, operation=PrimitiveOperation{id=DefaultOperationId{id=write, type=COMMAND}, value=byte[]{length=17, hash=-1644578928}}}
22:47:33.885 [raft-server-2] TRACE i.a.protocols.raft.roles.LeaderRole - RaftServer{2}{role=LEADER} - Appended Indexed{index=8, entry=CommandEntry{term=1, timestamp=2018-06-07 10:47:33,884, session=2, sequence=4, operation=PrimitiveOperation{id=DefaultOperationId{id=write, type=COMMAND}, value=byte[]{length=17, hash=-1644578928}}}}
22:47:33.885 [raft-server-2] TRACE i.a.p.raft.roles.LeaderAppender - RaftServer{2} - Sending AppendRequest{term=1, leader=2, prevLogIndex=7, prevLogTerm=1, entries=1, commitIndex=7} to 1
22:47:33.885 [raft-server-1] TRACE i.a.p.raft.roles.FollowerRole - RaftServer{1}{role=FOLLOWER} - Received AppendRequest{term=1, leader=2, prevLogIndex=7, prevLogTerm=1, entries=1, commitIndex=7}
22:47:33.885 [raft-server-2] TRACE i.a.p.raft.roles.LeaderAppender - RaftServer{2} - Sending AppendRequest{term=1, leader=2, prevLogIndex=7, prevLogTerm=1, entries=1, commitIndex=7} to 3
22:47:33.885 [raft-server-3] TRACE i.a.p.raft.roles.FollowerRole - RaftServer{3}{role=FOLLOWER} - Received AppendRequest{term=1, leader=2, prevLogIndex=7, prevLogTerm=1, entries=1, commitIndex=7}
22:47:33.885 [raft-server-1] TRACE i.a.p.raft.roles.FollowerRole - RaftServer{1}{role=FOLLOWER} - Appended Indexed{index=8, entry=CommandEntry{term=1, timestamp=2018-06-07 10:47:33,884, session=2, sequence=4, operation=PrimitiveOperation{id=DefaultOperationId{id=write, type=COMMAND}, value=byte[]{length=17, hash=-1644578928}}}}
22:47:33.885 [raft-server-3] TRACE i.a.p.raft.roles.FollowerRole - RaftServer{3}{role=FOLLOWER} - Appended Indexed{index=8, entry=CommandEntry{term=1, timestamp=2018-06-07 10:47:33,884, session=2, sequence=4, operation=PrimitiveOperation{id=DefaultOperationId{id=write, type=COMMAND}, value=byte[]{length=17, hash=-1644578928}}}}
22:47:33.948 [raft-server-1] TRACE i.a.p.raft.roles.FollowerRole - RaftServer{1}{role=FOLLOWER} - Committed entries up to index 7
22:47:33.948 [raft-server-1] TRACE i.a.p.raft.roles.FollowerRole - RaftServer{1}{role=FOLLOWER} - Sending AppendResponse{status=OK, term=1, succeeded=true, lastLogIndex=8}
22:47:33.948 [raft-server-3] TRACE i.a.p.raft.roles.FollowerRole - RaftServer{3}{role=FOLLOWER} - Committed entries up to index 7
22:47:33.948 [raft-server-2] TRACE i.a.p.raft.roles.LeaderAppender - RaftServer{2} - Received AppendResponse{status=OK, term=1, succeeded=true, lastLogIndex=8} from 1
22:47:33.948 [raft-server-3] TRACE i.a.p.raft.roles.FollowerRole - RaftServer{3}{role=FOLLOWER} - Sending AppendResponse{status=OK, term=1, succeeded=true, lastLogIndex=8}
22:47:33.948 [raft-server-2] TRACE i.a.p.raft.roles.LeaderAppender - RaftServer{2} - Committed entries up to 8
22:47:33.948 [raft-server-1-state] TRACE i.a.p.raft.impl.RaftServiceManager - RaftServer{1} - Applying Indexed{index=7, entry=CommandEntry{term=1, timestamp=2018-06-07 10:47:33,849, session=2, sequence=3, operation=PrimitiveOperation{id=DefaultOperationId{id=write, type=COMMAND}, value=byte[]{length=17, hash=-1644578928}}}}
22:47:33.948 [raft-server-3-state] TRACE i.a.p.raft.impl.RaftServiceManager - RaftServer{3} - Applying Indexed{index=7, entry=CommandEntry{term=1, timestamp=2018-06-07 10:47:33,849, session=2, sequence=3, operation=PrimitiveOperation{id=DefaultOperationId{id=write, type=COMMAND}, value=byte[]{length=17, hash=-1644578928}}}}
22:47:33.948 [raft-server-1-state] TRACE i.a.p.s.impl.DefaultServiceExecutor - PrimitiveService{2}{type=io.atomix.protocols.raft.RaftTest$TestPrimitiveType@43a95102, name=raft-test} - Executing DefaultCommit{index=7, session=RaftSession{RaftServiceContext{server=1, type=io.atomix.protocols.raft.RaftTest$TestPrimitiveType@43a95102, name=raft-test, id=2}, session=2, timestamp=2018-06-07 10:47:33,849}, time=2018-06-07 10:47:33,849, operation=DefaultOperationId{id=write, type=COMMAND}, value=byte[]{length=17, hash=-1644578928}}
22:47:33.948 [raft-server-3-state] TRACE i.a.p.s.impl.DefaultServiceExecutor - PrimitiveService{2}{type=io.atomix.protocols.raft.RaftTest$TestPrimitiveType@19970ea6, name=raft-test} - Executing DefaultCommit{index=7, session=RaftSession{RaftServiceContext{server=3, type=io.atomix.protocols.raft.RaftTest$TestPrimitiveType@19970ea6, name=raft-test, id=2}, session=2, timestamp=2018-06-07 10:47:33,849}, time=2018-06-07 10:47:33,849, operation=DefaultOperationId{id=write, type=COMMAND}, value=byte[]{length=17, hash=-1644578928}}
22:47:34.000 [raft-server-2] TRACE i.a.p.raft.roles.LeaderAppender - RaftServer{2} - Received AppendResponse{status=OK, term=1, succeeded=true, lastLogIndex=8} from 3
22:47:34.000 [raft-server-2] TRACE i.a.p.raft.roles.LeaderAppender - RaftServer{2} - Sending AppendRequest{term=1, leader=2, prevLogIndex=8, prevLogTerm=1, entries=0, commitIndex=8} to 1
22:47:34.000 [raft-server-2] TRACE i.a.p.raft.roles.LeaderAppender - RaftServer{2} - Sending AppendRequest{term=1, leader=2, prevLogIndex=8, prevLogTerm=1, entries=0, commitIndex=8} to 3
22:47:34.000 [raft-server-1] TRACE i.a.p.raft.roles.FollowerRole - RaftServer{1}{role=FOLLOWER} - Received AppendRequest{term=1, leader=2, prevLogIndex=8, prevLogTerm=1, entries=0, commitIndex=8}
22:47:34.001 [raft-server-3] TRACE i.a.p.raft.roles.FollowerRole - RaftServer{3}{role=FOLLOWER} - Received AppendRequest{term=1, leader=2, prevLogIndex=8, prevLogTerm=1, entries=0, commitIndex=8}
22:47:34.001 [raft-server-2-state] TRACE i.a.p.raft.impl.RaftServiceManager - RaftServer{2} - Applying Indexed{index=8, entry=CommandEntry{term=1, timestamp=2018-06-07 10:47:33,884, session=2, sequence=4, operation=PrimitiveOperation{id=DefaultOperationId{id=write, type=COMMAND}, value=byte[]{length=17, hash=-1644578928}}}}
22:47:34.001 [raft-server-2-state] TRACE i.a.p.s.impl.DefaultServiceExecutor - PrimitiveService{2}{type=io.atomix.protocols.raft.RaftTest$TestPrimitiveType@581a9c39, name=raft-test} - Executing DefaultCommit{index=8, session=RaftSession{RaftServiceContext{server=2, type=io.atomix.protocols.raft.RaftTest$TestPrimitiveType@581a9c39, name=raft-test, id=2}, session=2, timestamp=2018-06-07 10:47:33,884}, time=2018-06-07 10:47:33,884, operation=DefaultOperationId{id=write, type=COMMAND}, value=byte[]{length=17, hash=-1644578928}}
22:47:34.001 [raft-server-2-state] TRACE i.a.protocols.raft.roles.LeaderRole - RaftServer{2}{role=LEADER} - Sending CommandResponse{status=OK, index=8, eventIndex=2, result=byte[]{length=2, hash=1256}}
22:47:34.017 [raft-server-1] TRACE i.a.p.raft.roles.FollowerRole - RaftServer{1}{role=FOLLOWER} - Committed entries up to index 8
22:47:34.017 [raft-server-1] TRACE i.a.p.raft.roles.FollowerRole - RaftServer{1}{role=FOLLOWER} - Sending AppendResponse{status=OK, term=1, succeeded=true, lastLogIndex=8}
22:47:34.017 [raft-server-3] TRACE i.a.p.raft.roles.FollowerRole - RaftServer{3}{role=FOLLOWER} - Committed entries up to index 8
22:47:34.017 [raft-server-2] TRACE i.a.p.raft.roles.LeaderAppender - RaftServer{2} - Received AppendResponse{status=OK, term=1, succeeded=true, lastLogIndex=8} from 1
22:47:34.017 [raft-server-3] TRACE i.a.p.raft.roles.FollowerRole - RaftServer{3}{role=FOLLOWER} - Sending AppendResponse{status=OK, term=1, succeeded=true, lastLogIndex=8}
22:47:34.017 [raft-server-1-state] TRACE i.a.p.raft.impl.RaftServiceManager - RaftServer{1} - Applying Indexed{index=8, entry=CommandEntry{term=1, timestamp=2018-06-07 10:47:33,884, session=2, sequence=4, operation=PrimitiveOperation{id=DefaultOperationId{id=write, type=COMMAND}, value=byte[]{length=17, hash=-1644578928}}}}
22:47:34.017 [raft-server-2] TRACE i.a.p.raft.roles.LeaderAppender - RaftServer{2} - Sending AppendRequest{term=1, leader=2, prevLogIndex=8, prevLogTerm=1, entries=0, commitIndex=8} to 1
22:47:34.017 [raft-server-3] TRACE i.a.p.raft.roles.FollowerRole - RaftServer{3}{role=FOLLOWER} - Sending CommandResponse{status=OK, index=8, eventIndex=2, result=byte[]{length=2, hash=1256}}
22:47:34.017 [raft-server-1-state] TRACE i.a.p.s.impl.DefaultServiceExecutor - PrimitiveService{2}{type=io.atomix.protocols.raft.RaftTest$TestPrimitiveType@43a95102, name=raft-test} - Executing DefaultCommit{index=8, session=RaftSession{RaftServiceContext{server=1, type=io.atomix.protocols.raft.RaftTest$TestPrimitiveType@43a95102, name=raft-test, id=2}, session=2, timestamp=2018-06-07 10:47:33,884}, time=2018-06-07 10:47:33,884, operation=DefaultOperationId{id=write, type=COMMAND}, value=byte[]{length=17, hash=-1644578928}}
22:47:34.017 [raft-server-2] TRACE i.a.p.raft.roles.LeaderAppender - RaftServer{2} - Received AppendResponse{status=OK, term=1, succeeded=true, lastLogIndex=8} from 3
22:47:34.017 [raft-server-1] TRACE i.a.p.raft.roles.FollowerRole - RaftServer{1}{role=FOLLOWER} - Received AppendRequest{term=1, leader=2, prevLogIndex=8, prevLogTerm=1, entries=0, commitIndex=8}
22:47:34.017 [raft-client-431b802d-5b1a-4d37-8231-45cdad27d9ba-4] TRACE i.a.p.r.p.impl.RaftProxyConnection - PartitionProxy{2}{type=io.atomix.protocols.raft.RaftTest$TestPrimitiveType@35bfa1bb, name=raft-test} - Received CommandResponse{status=OK, index=8, eventIndex=2, result=byte[]{length=2, hash=1256}} from 3
22:47:34.017 [raft-server-3-state] TRACE i.a.p.raft.impl.RaftServiceManager - RaftServer{3} - Applying Indexed{index=8, entry=CommandEntry{term=1, timestamp=2018-06-07 10:47:33,884, session=2, sequence=4, operation=PrimitiveOperation{id=DefaultOperationId{id=write, type=COMMAND}, value=byte[]{length=17, hash=-1644578928}}}}
22:47:34.018 [raft-server-2] TRACE i.a.p.raft.roles.LeaderAppender - RaftServer{2} - Sending AppendRequest{term=1, leader=2, prevLogIndex=8, prevLogTerm=1, entries=0, commitIndex=8} to 3
22:47:34.018 [raft-server-1] TRACE i.a.p.raft.roles.FollowerRole - RaftServer{1}{role=FOLLOWER} - Sending AppendResponse{status=OK, term=1, succeeded=true, lastLogIndex=8}
22:47:34.018 [raft-client-431b802d-5b1a-4d37-8231-45cdad27d9ba-4] TRACE i.a.p.r.p.impl.RaftProxySequencer - PartitionProxy{2}{type=io.atomix.protocols.raft.RaftTest$TestPrimitiveType@35bfa1bb, name=raft-test} - Completing response CommandResponse{status=OK, index=8, eventIndex=2, result=byte[]{length=2, hash=1256}}
22:47:34.018 [raft-server-3-state] TRACE i.a.p.s.impl.DefaultServiceExecutor - PrimitiveService{2}{type=io.atomix.protocols.raft.RaftTest$TestPrimitiveType@19970ea6, name=raft-test} - Executing DefaultCommit{index=8, session=RaftSession{RaftServiceContext{server=3, type=io.atomix.protocols.raft.RaftTest$TestPrimitiveType@19970ea6, name=raft-test, id=2}, session=2, timestamp=2018-06-07 10:47:33,884}, time=2018-06-07 10:47:33,884, operation=DefaultOperationId{id=write, type=COMMAND}, value=byte[]{length=17, hash=-1644578928}}
22:47:34.018 [raft-server-3] TRACE i.a.p.raft.roles.FollowerRole - RaftServer{3}{role=FOLLOWER} - Received AppendRequest{term=1, leader=2, prevLogIndex=8, prevLogTerm=1, entries=0, commitIndex=8}
22:47:34.018 [raft-server-3] TRACE i.a.p.raft.roles.FollowerRole - RaftServer{3}{role=FOLLOWER} - Sending AppendResponse{status=OK, term=1, succeeded=true, lastLogIndex=8}
22:47:34.019 [raft-server-2] TRACE i.a.p.raft.roles.LeaderAppender - RaftServer{2} - Received AppendResponse{status=OK, term=1, succeeded=true, lastLogIndex=8} from 1
22:47:34.019 [raft-server-2] TRACE i.a.p.raft.roles.LeaderAppender - RaftServer{2} - Received AppendResponse{status=OK, term=1, succeeded=true, lastLogIndex=8} from 3
22:47:34.019 [raft-client-431b802d-5b1a-4d37-8231-45cdad27d9ba-7] TRACE i.a.p.r.p.impl.RaftProxyConnection - PartitionProxy{2}{type=io.atomix.protocols.raft.RaftTest$TestPrimitiveType@35bfa1bb, name=raft-test} - Sending CommandRequest{session=2, sequence=5, operation=PrimitiveOperation{id=DefaultOperationId{id=write, type=COMMAND}, value=byte[]{length=17, hash=-1644578928}}} to 3
22:47:34.019 [raft-server-3] TRACE i.a.p.raft.roles.FollowerRole - RaftServer{3}{role=FOLLOWER} - Received CommandRequest{session=2, sequence=5, operation=PrimitiveOperation{id=DefaultOperationId{id=write, type=COMMAND}, value=byte[]{length=17, hash=-1644578928}}}
22:47:34.019 [raft-server-2] TRACE i.a.protocols.raft.roles.LeaderRole - RaftServer{2}{role=LEADER} - Received CommandRequest{session=2, sequence=5, operation=PrimitiveOperation{id=DefaultOperationId{id=write, type=COMMAND}, value=byte[]{length=17, hash=-1644578928}}}
22:47:34.019 [raft-server-2] TRACE i.a.protocols.raft.roles.LeaderRole - RaftServer{2}{role=LEADER} - Appended Indexed{index=9, entry=CommandEntry{term=1, timestamp=2018-06-07 10:47:34,019, session=2, sequence=5, operation=PrimitiveOperation{id=DefaultOperationId{id=write, type=COMMAND}, value=byte[]{length=17, hash=-1644578928}}}}
22:47:34.019 [raft-server-2] TRACE i.a.p.raft.roles.LeaderAppender - RaftServer{2} - Sending AppendRequest{term=1, leader=2, prevLogIndex=8, prevLogTerm=1, entries=1, commitIndex=8} to 1
22:47:34.019 [raft-server-1] TRACE i.a.p.raft.roles.FollowerRole - RaftServer{1}{role=FOLLOWER} - Received AppendRequest{term=1, leader=2, prevLogIndex=8, prevLogTerm=1, entries=1, commitIndex=8}
22:47:34.019 [raft-server-2] TRACE i.a.p.raft.roles.LeaderAppender - RaftServer{2} - Sending AppendRequest{term=1, leader=2, prevLogIndex=8, prevLogTerm=1, entries=1, commitIndex=8} to 3
22:47:34.020 [raft-server-3] TRACE i.a.p.raft.roles.FollowerRole - RaftServer{3}{role=FOLLOWER} - Received AppendRequest{term=1, leader=2, prevLogIndex=8, prevLogTerm=1, entries=1, commitIndex=8}
22:47:34.020 [raft-server-1] TRACE i.a.p.raft.roles.FollowerRole - RaftServer{1}{role=FOLLOWER} - Appended Indexed{index=9, entry=CommandEntry{term=1, timestamp=2018-06-07 10:47:34,019, session=2, sequence=5, operation=PrimitiveOperation{id=DefaultOperationId{id=write, type=COMMAND}, value=byte[]{length=17, hash=-1644578928}}}}
22:47:34.020 [raft-server-1] TRACE i.a.p.raft.roles.FollowerRole - RaftServer{1}{role=FOLLOWER} - Sending AppendResponse{status=OK, term=1, succeeded=true, lastLogIndex=9}
22:47:34.020 [raft-server-3] TRACE i.a.p.raft.roles.FollowerRole - RaftServer{3}{role=FOLLOWER} - Appended Indexed{index=9, entry=CommandEntry{term=1, timestamp=2018-06-07 10:47:34,019, session=2, sequence=5, operation=PrimitiveOperation{id=DefaultOperationId{id=write, type=COMMAND}, value=byte[]{length=17, hash=-1644578928}}}}
22:47:34.020 [raft-server-2] TRACE i.a.p.raft.roles.LeaderAppender - RaftServer{2} - Received AppendResponse{status=OK, term=1, succeeded=true, lastLogIndex=9} from 1
22:47:34.020 [raft-server-3] TRACE i.a.p.raft.roles.FollowerRole - RaftServer{3}{role=FOLLOWER} - Sending AppendResponse{status=OK, term=1, succeeded=true, lastLogIndex=9}
22:47:34.020 [raft-server-2] TRACE i.a.p.raft.roles.LeaderAppender - RaftServer{2} - Committed entries up to 9
22:47:34.050 [raft-server-2] TRACE i.a.p.raft.roles.LeaderAppender - RaftServer{2} - Received AppendResponse{status=OK, term=1, succeeded=true, lastLogIndex=9} from 3
22:47:34.050 [raft-server-2-state] TRACE i.a.p.raft.impl.RaftServiceManager - RaftServer{2} - Applying Indexed{index=9, entry=CommandEntry{term=1, timestamp=2018-06-07 10:47:34,019, session=2, sequence=5, operation=PrimitiveOperation{id=DefaultOperationId{id=write, type=COMMAND}, value=byte[]{length=17, hash=-1644578928}}}}
22:47:34.051 [raft-server-2-state] TRACE i.a.p.s.impl.DefaultServiceExecutor - PrimitiveService{2}{type=io.atomix.protocols.raft.RaftTest$TestPrimitiveType@581a9c39, name=raft-test} - Executing DefaultCommit{index=9, session=RaftSession{RaftServiceContext{server=2, type=io.atomix.protocols.raft.RaftTest$TestPrimitiveType@581a9c39, name=raft-test, id=2}, session=2, timestamp=2018-06-07 10:47:34,019}, time=2018-06-07 10:47:34,019, operation=DefaultOperationId{id=write, type=COMMAND}, value=byte[]{length=17, hash=-1644578928}}
22:47:34.051 [raft-server-2-state] TRACE i.a.protocols.raft.roles.LeaderRole - RaftServer{2}{role=LEADER} - Sending CommandResponse{status=OK, index=9, eventIndex=2, result=byte[]{length=2, hash=1258}}
22:47:34.051 [raft-server-3] TRACE i.a.p.raft.roles.FollowerRole - RaftServer{3}{role=FOLLOWER} - Sending CommandResponse{status=OK, index=9, eventIndex=2, result=byte[]{length=2, hash=1258}}
22:47:34.051 [raft-client-431b802d-5b1a-4d37-8231-45cdad27d9ba-6] TRACE i.a.p.r.p.impl.RaftProxyConnection - PartitionProxy{2}{type=io.atomix.protocols.raft.RaftTest$TestPrimitiveType@35bfa1bb, name=raft-test} - Received CommandResponse{status=OK, index=9, eventIndex=2, result=byte[]{length=2, hash=1258}} from 3
22:47:34.051 [raft-client-431b802d-5b1a-4d37-8231-45cdad27d9ba-6] TRACE i.a.p.r.p.impl.RaftProxySequencer - PartitionProxy{2}{type=io.atomix.protocols.raft.RaftTest$TestPrimitiveType@35bfa1bb, name=raft-test} - Completing response CommandResponse{status=OK, index=9, eventIndex=2, result=byte[]{length=2, hash=1258}}
22:47:34.051 [raft-client-431b802d-5b1a-4d37-8231-45cdad27d9ba-3] TRACE i.a.p.r.p.impl.RaftProxyConnection - PartitionProxy{2}{type=io.atomix.protocols.raft.RaftTest$TestPrimitiveType@35bfa1bb, name=raft-test} - Sending CommandRequest{session=2, sequence=6, operation=PrimitiveOperation{id=DefaultOperationId{id=write, type=COMMAND}, value=byte[]{length=17, hash=-1644578928}}} to 3
22:47:34.052 [raft-server-3] TRACE i.a.p.raft.roles.FollowerRole - RaftServer{3}{role=FOLLOWER} - Received CommandRequest{session=2, sequence=6, operation=PrimitiveOperation{id=DefaultOperationId{id=write, type=COMMAND}, value=byte[]{length=17, hash=-1644578928}}}
22:47:34.052 [raft-server-2] TRACE i.a.protocols.raft.roles.LeaderRole - RaftServer{2}{role=LEADER} - Received CommandRequest{session=2, sequence=6, operation=PrimitiveOperation{id=DefaultOperationId{id=write, type=COMMAND}, value=byte[]{length=17, hash=-1644578928}}}
22:47:34.052 [raft-server-2] TRACE i.a.protocols.raft.roles.LeaderRole - RaftServer{2}{role=LEADER} - Appended Indexed{index=10, entry=CommandEntry{term=1, timestamp=2018-06-07 10:47:34,052, session=2, sequence=6, operation=PrimitiveOperation{id=DefaultOperationId{id=write, type=COMMAND}, value=byte[]{length=17, hash=-1644578928}}}}
22:47:34.052 [raft-server-2] TRACE i.a.p.raft.roles.LeaderAppender - RaftServer{2} - Sending AppendRequest{term=1, leader=2, prevLogIndex=9, prevLogTerm=1, entries=1, commitIndex=9} to 1
22:47:34.052 [raft-server-2] TRACE i.a.p.raft.roles.LeaderAppender - RaftServer{2} - Sending AppendRequest{term=1, leader=2, prevLogIndex=9, prevLogTerm=1, entries=1, commitIndex=9} to 3
22:47:34.052 [raft-server-1] TRACE i.a.p.raft.roles.FollowerRole - RaftServer{1}{role=FOLLOWER} - Received AppendRequest{term=1, leader=2, prevLogIndex=9, prevLogTerm=1, entries=1, commitIndex=9}
22:47:34.052 [raft-server-3] TRACE i.a.p.raft.roles.FollowerRole - RaftServer{3}{role=FOLLOWER} - Received AppendRequest{term=1, leader=2, prevLogIndex=9, prevLogTerm=1, entries=1, commitIndex=9}
22:47:34.053 [raft-server-1] TRACE i.a.p.raft.roles.FollowerRole - RaftServer{1}{role=FOLLOWER} - Appended Indexed{index=10, entry=CommandEntry{term=1, timestamp=2018-06-07 10:47:34,052, session=2, sequence=6, operation=PrimitiveOperation{id=DefaultOperationId{id=write, type=COMMAND}, value=byte[]{length=17, hash=-1644578928}}}}
22:47:34.053 [raft-server-3] TRACE i.a.p.raft.roles.FollowerRole - RaftServer{3}{role=FOLLOWER} - Appended Indexed{index=10, entry=CommandEntry{term=1, timestamp=2018-06-07 10:47:34,052, session=2, sequence=6, operation=PrimitiveOperation{id=DefaultOperationId{id=write, type=COMMAND}, value=byte[]{length=17, hash=-1644578928}}}}
22:47:34.106 [raft-server-1] TRACE i.a.p.raft.roles.FollowerRole - RaftServer{1}{role=FOLLOWER} - Committed entries up to index 9
22:47:34.106 [raft-server-3] TRACE i.a.p.raft.roles.FollowerRole - RaftServer{3}{role=FOLLOWER} - Committed entries up to index 9
22:47:34.106 [raft-server-1] TRACE i.a.p.raft.roles.FollowerRole - RaftServer{1}{role=FOLLOWER} - Sending AppendResponse{status=OK, term=1, succeeded=true, lastLogIndex=10}
22:47:34.106 [raft-server-3] TRACE i.a.p.raft.roles.FollowerRole - RaftServer{3}{role=FOLLOWER} - Sending AppendResponse{status=OK, term=1, succeeded=true, lastLogIndex=10}
22:47:34.106 [raft-server-2] TRACE i.a.p.raft.roles.LeaderAppender - RaftServer{2} - Received AppendResponse{status=OK, term=1, succeeded=true, lastLogIndex=10} from 1
22:47:34.106 [raft-server-2] TRACE i.a.p.raft.roles.LeaderAppender - RaftServer{2} - Committed entries up to 10
22:47:34.106 [raft-server-3-state] TRACE i.a.p.raft.impl.RaftServiceManager - RaftServer{3} - Applying Indexed{index=9, entry=CommandEntry{term=1, timestamp=2018-06-07 10:47:34,019, session=2, sequence=5, operation=PrimitiveOperation{id=DefaultOperationId{id=write, type=COMMAND}, value=byte[]{length=17, hash=-1644578928}}}}
22:47:34.106 [raft-server-1-state] TRACE i.a.p.raft.impl.RaftServiceManager - RaftServer{1} - Applying Indexed{index=9, entry=CommandEntry{term=1, timestamp=2018-06-07 10:47:34,019, session=2, sequence=5, operation=PrimitiveOperation{id=DefaultOperationId{id=write, type=COMMAND}, value=byte[]{length=17, hash=-1644578928}}}}
22:47:34.107 [raft-server-3-state] TRACE i.a.p.s.impl.DefaultServiceExecutor - PrimitiveService{2}{type=io.atomix.protocols.raft.RaftTest$TestPrimitiveType@19970ea6, name=raft-test} - Executing DefaultCommit{index=9, session=RaftSession{RaftServiceContext{server=3, type=io.atomix.protocols.raft.RaftTest$TestPrimitiveType@19970ea6, name=raft-test, id=2}, session=2, timestamp=2018-06-07 10:47:34,019}, time=2018-06-07 10:47:34,019, operation=DefaultOperationId{id=write, type=COMMAND}, value=byte[]{length=17, hash=-1644578928}}
22:47:34.107 [raft-server-1-state] TRACE i.a.p.s.impl.DefaultServiceExecutor - PrimitiveService{2}{type=io.atomix.protocols.raft.RaftTest$TestPrimitiveType@43a95102, name=raft-test} - Executing DefaultCommit{index=9, session=RaftSession{RaftServiceContext{server=1, type=io.atomix.protocols.raft.RaftTest$TestPrimitiveType@43a95102, name=raft-test, id=2}, session=2, timestamp=2018-06-07 10:47:34,019}, time=2018-06-07 10:47:34,019, operation=DefaultOperationId{id=write, type=COMMAND}, value=byte[]{length=17, hash=-1644578928}}
22:47:34.150 [raft-server-2] TRACE i.a.p.raft.roles.LeaderAppender - RaftServer{2} - Received AppendResponse{status=OK, term=1, succeeded=true, lastLogIndex=10} from 3
22:47:34.150 [raft-server-2-state] TRACE i.a.p.raft.impl.RaftServiceManager - RaftServer{2} - Applying Indexed{index=10, entry=CommandEntry{term=1, timestamp=2018-06-07 10:47:34,052, session=2, sequence=6, operation=PrimitiveOperation{id=DefaultOperationId{id=write, type=COMMAND}, value=byte[]{length=17, hash=-1644578928}}}}
22:47:34.151 [raft-server-2-state] TRACE i.a.p.s.impl.DefaultServiceExecutor - PrimitiveService{2}{type=io.atomix.protocols.raft.RaftTest$TestPrimitiveType@581a9c39, name=raft-test} - Executing DefaultCommit{index=10, session=RaftSession{RaftServiceContext{server=2, type=io.atomix.protocols.raft.RaftTest$TestPrimitiveType@581a9c39, name=raft-test, id=2}, session=2, timestamp=2018-06-07 10:47:34,052}, time=2018-06-07 10:47:34,052, operation=DefaultOperationId{id=write, type=COMMAND}, value=byte[]{length=17, hash=-1644578928}}
22:47:34.151 [raft-server-2-state] TRACE i.a.protocols.raft.roles.LeaderRole - RaftServer{2}{role=LEADER} - Sending CommandResponse{status=OK, index=10, eventIndex=2, result=byte[]{length=2, hash=1260}}
22:47:34.151 [raft-server-3] TRACE i.a.p.raft.roles.FollowerRole - RaftServer{3}{role=FOLLOWER} - Sending CommandResponse{status=OK, index=10, eventIndex=2, result=byte[]{length=2, hash=1260}}
22:47:34.151 [raft-client-431b802d-5b1a-4d37-8231-45cdad27d9ba-5] TRACE i.a.p.r.p.impl.RaftProxyConnection - PartitionProxy{2}{type=io.atomix.protocols.raft.RaftTest$TestPrimitiveType@35bfa1bb, name=raft-test} - Received CommandResponse{status=OK, index=10, eventIndex=2, result=byte[]{length=2, hash=1260}} from 3
22:47:34.151 [raft-client-431b802d-5b1a-4d37-8231-45cdad27d9ba-5] TRACE i.a.p.r.p.impl.RaftProxySequencer - PartitionProxy{2}{type=io.atomix.protocols.raft.RaftTest$TestPrimitiveType@35bfa1bb, name=raft-test} - Completing response CommandResponse{status=OK, index=10, eventIndex=2, result=byte[]{length=2, hash=1260}}
22:47:34.151 [raft-client-431b802d-5b1a-4d37-8231-45cdad27d9ba-1] TRACE i.a.p.r.p.impl.RaftProxyConnection - PartitionProxy{2}{type=io.atomix.protocols.raft.RaftTest$TestPrimitiveType@35bfa1bb, name=raft-test} - Sending CommandRequest{session=2, sequence=7, operation=PrimitiveOperation{id=DefaultOperationId{id=write, type=COMMAND}, value=byte[]{length=17, hash=-1644578928}}} to 3
22:47:34.152 [raft-server-3] TRACE i.a.p.raft.roles.FollowerRole - RaftServer{3}{role=FOLLOWER} - Received CommandRequest{session=2, sequence=7, operation=PrimitiveOperation{id=DefaultOperationId{id=write, type=COMMAND}, value=byte[]{length=17, hash=-1644578928}}}
22:47:34.152 [raft-server-2] TRACE i.a.protocols.raft.roles.LeaderRole - RaftServer{2}{role=LEADER} - Received CommandRequest{session=2, sequence=7, operation=PrimitiveOperation{id=DefaultOperationId{id=write, type=COMMAND}, value=byte[]{length=17, hash=-1644578928}}}
22:47:34.223 [raft-server-2] DEBUG i.a.storage.journal.SegmentedJournal - Created disk segment: JournalSegment{id=2, version=1, index=11, size=64}
22:47:34.223 [raft-server-2] TRACE i.a.protocols.raft.roles.LeaderRole - RaftServer{2}{role=LEADER} - Appended Indexed{index=11, entry=CommandEntry{term=1, timestamp=2018-06-07 10:47:34,152, session=2, sequence=7, operation=PrimitiveOperation{id=DefaultOperationId{id=write, type=COMMAND}, value=byte[]{length=17, hash=-1644578928}}}}
22:47:34.223 [raft-server-2] TRACE i.a.p.raft.roles.LeaderAppender - RaftServer{2} - Sending AppendRequest{term=1, leader=2, prevLogIndex=10, prevLogTerm=1, entries=1, commitIndex=10} to 1
22:47:34.223 [raft-server-1] TRACE i.a.p.raft.roles.FollowerRole - RaftServer{1}{role=FOLLOWER} - Received AppendRequest{term=1, leader=2, prevLogIndex=10, prevLogTerm=1, entries=1, commitIndex=10}
22:47:34.223 [raft-server-2] TRACE i.a.p.raft.roles.LeaderAppender - RaftServer{2} - Sending AppendRequest{term=1, leader=2, prevLogIndex=10, prevLogTerm=1, entries=1, commitIndex=10} to 3
22:47:34.223 [raft-server-3] TRACE i.a.p.raft.roles.FollowerRole - RaftServer{3}{role=FOLLOWER} - Received AppendRequest{term=1, leader=2, prevLogIndex=10, prevLogTerm=1, entries=1, commitIndex=10}
22:47:34.317 [raft-server-1] DEBUG i.a.storage.journal.SegmentedJournal - Created disk segment: JournalSegment{id=2, version=1, index=11, size=64}
22:47:34.317 [raft-server-1] TRACE i.a.p.raft.roles.FollowerRole - RaftServer{1}{role=FOLLOWER} - Appended Indexed{index=11, entry=CommandEntry{term=1, timestamp=2018-06-07 10:47:34,152, session=2, sequence=7, operation=PrimitiveOperation{id=DefaultOperationId{id=write, type=COMMAND}, value=byte[]{length=17, hash=-1644578928}}}}
22:47:34.342 [raft-server-3] DEBUG i.a.storage.journal.SegmentedJournal - Created disk segment: JournalSegment{id=2, version=1, index=11, size=64}
22:47:34.342 [raft-server-3] TRACE i.a.p.raft.roles.FollowerRole - RaftServer{3}{role=FOLLOWER} - Appended Indexed{index=11, entry=CommandEntry{term=1, timestamp=2018-06-07 10:47:34,152, session=2, sequence=7, operation=PrimitiveOperation{id=DefaultOperationId{id=write, type=COMMAND}, value=byte[]{length=17, hash=-1644578928}}}}
22:47:34.373 [raft-server-1] TRACE i.a.p.raft.roles.FollowerRole - RaftServer{1}{role=FOLLOWER} - Committed entries up to index 10
22:47:34.373 [raft-server-1] TRACE i.a.p.raft.roles.FollowerRole - RaftServer{1}{role=FOLLOWER} - Sending AppendResponse{status=OK, term=1, succeeded=true, lastLogIndex=11}
22:47:34.373 [raft-server-2] TRACE i.a.p.raft.roles.LeaderAppender - RaftServer{2} - Received AppendResponse{status=OK, term=1, succeeded=true, lastLogIndex=11} from 1
22:47:34.373 [raft-server-2] TRACE i.a.p.raft.roles.LeaderAppender - RaftServer{2} - Committed entries up to 11
22:47:34.373 [raft-server-1-state] TRACE i.a.p.raft.impl.RaftServiceManager - RaftServer{1} - Applying Indexed{index=10, entry=CommandEntry{term=1, timestamp=2018-06-07 10:47:34,052, session=2, sequence=6, operation=PrimitiveOperation{id=DefaultOperationId{id=write, type=COMMAND}, value=byte[]{length=17, hash=-1644578928}}}}
22:47:34.373 [raft-server-1-state] TRACE i.a.p.s.impl.DefaultServiceExecutor - PrimitiveService{2}{type=io.atomix.protocols.raft.RaftTest$TestPrimitiveType@43a95102, name=raft-test} - Executing DefaultCommit{index=10, session=RaftSession{RaftServiceContext{server=1, type=io.atomix.protocols.raft.RaftTest$TestPrimitiveType@43a95102, name=raft-test, id=2}, session=2, timestamp=2018-06-07 10:47:34,052}, time=2018-06-07 10:47:34,052, operation=DefaultOperationId{id=write, type=COMMAND}, value=byte[]{length=17, hash=-1644578928}}
22:47:34.400 [raft-server-3] TRACE i.a.p.raft.roles.FollowerRole - RaftServer{3}{role=FOLLOWER} - Committed entries up to index 10
22:47:34.400 [raft-server-3] TRACE i.a.p.raft.roles.FollowerRole - RaftServer{3}{role=FOLLOWER} - Sending AppendResponse{status=OK, term=1, succeeded=true, lastLogIndex=11}
22:47:34.400 [raft-server-3-state] TRACE i.a.p.raft.impl.RaftServiceManager - RaftServer{3} - Applying Indexed{index=10, entry=CommandEntry{term=1, timestamp=2018-06-07 10:47:34,052, session=2, sequence=6, operation=PrimitiveOperation{id=DefaultOperationId{id=write, type=COMMAND}, value=byte[]{length=17, hash=-1644578928}}}}
22:47:34.401 [raft-server-3-state] TRACE i.a.p.s.impl.DefaultServiceExecutor - PrimitiveService{2}{type=io.atomix.protocols.raft.RaftTest$TestPrimitiveType@19970ea6, name=raft-test} - Executing DefaultCommit{index=10, session=RaftSession{RaftServiceContext{server=3, type=io.atomix.protocols.raft.RaftTest$TestPrimitiveType@19970ea6, name=raft-test, id=2}, session=2, timestamp=2018-06-07 10:47:34,052}, time=2018-06-07 10:47:34,052, operation=DefaultOperationId{id=write, type=COMMAND}, value=byte[]{length=17, hash=-1644578928}}
22:47:34.425 [raft-server-2] TRACE i.a.p.raft.roles.LeaderAppender - RaftServer{2} - Sending AppendRequest{term=1, leader=2, prevLogIndex=11, prevLogTerm=1, entries=0, commitIndex=11} to 1
22:47:34.425 [raft-server-1] TRACE i.a.p.raft.roles.FollowerRole - RaftServer{1}{role=FOLLOWER} - Received AppendRequest{term=1, leader=2, prevLogIndex=11, prevLogTerm=1, entries=0, commitIndex=11}
22:47:34.425 [raft-server-2] TRACE i.a.p.raft.roles.LeaderAppender - RaftServer{2} - Received AppendResponse{status=OK, term=1, succeeded=true, lastLogIndex=11} from 3
22:47:34.426 [raft-server-2] TRACE i.a.p.raft.roles.LeaderAppender - RaftServer{2} - Sending AppendRequest{term=1, leader=2, prevLogIndex=11, prevLogTerm=1, entries=0, commitIndex=11} to 3
22:47:34.426 [raft-server-3] TRACE i.a.p.raft.roles.FollowerRole - RaftServer{3}{role=FOLLOWER} - Received AppendRequest{term=1, leader=2, prevLogIndex=11, prevLogTerm=1, entries=0, commitIndex=11}
22:47:34.426 [raft-server-2-state] TRACE i.a.p.raft.impl.RaftServiceManager - RaftServer{2} - Applying Indexed{index=11, entry=CommandEntry{term=1, timestamp=2018-06-07 10:47:34,152, session=2, sequence=7, operation=PrimitiveOperation{id=DefaultOperationId{id=write, type=COMMAND}, value=byte[]{length=17, hash=-1644578928}}}}
22:47:34.426 [raft-server-2-state] TRACE i.a.p.s.impl.DefaultServiceExecutor - PrimitiveService{2}{type=io.atomix.protocols.raft.RaftTest$TestPrimitiveType@581a9c39, name=raft-test} - Executing DefaultCommit{index=11, session=RaftSession{RaftServiceContext{server=2, type=io.atomix.protocols.raft.RaftTest$TestPrimitiveType@581a9c39, name=raft-test, id=2}, session=2, timestamp=2018-06-07 10:47:34,152}, time=2018-06-07 10:47:34,152, operation=DefaultOperationId{id=write, type=COMMAND}, value=byte[]{length=17, hash=-1644578928}}
22:47:34.426 [raft-server-2-state] TRACE i.a.protocols.raft.roles.LeaderRole - RaftServer{2}{role=LEADER} - Sending CommandResponse{status=OK, index=11, eventIndex=2, result=byte[]{length=2, hash=1262}}
22:47:34.450 [raft-server-1] TRACE i.a.p.raft.roles.FollowerRole - RaftServer{1}{role=FOLLOWER} - Committed entries up to index 11
22:47:34.450 [raft-server-1] TRACE i.a.p.raft.roles.FollowerRole - RaftServer{1}{role=FOLLOWER} - Sending AppendResponse{status=OK, term=1, succeeded=true, lastLogIndex=11}
22:47:34.450 [raft-server-2] TRACE i.a.p.raft.roles.LeaderAppender - RaftServer{2} - Received AppendResponse{status=OK, term=1, succeeded=true, lastLogIndex=11} from 1
22:47:34.450 [raft-server-1-state] TRACE i.a.p.raft.impl.RaftServiceManager - RaftServer{1} - Applying Indexed{index=11, entry=CommandEntry{term=1, timestamp=2018-06-07 10:47:34,152, session=2, sequence=7, operation=PrimitiveOperation{id=DefaultOperationId{id=write, type=COMMAND}, value=byte[]{length=17, hash=-1644578928}}}}
22:47:34.450 [raft-server-1-state] TRACE i.a.p.s.impl.DefaultServiceExecutor - PrimitiveService{2}{type=io.atomix.protocols.raft.RaftTest$TestPrimitiveType@43a95102, name=raft-test} - Executing DefaultCommit{index=11, session=RaftSession{RaftServiceContext{server=1, type=io.atomix.protocols.raft.RaftTest$TestPrimitiveType@43a95102, name=raft-test, id=2}, session=2, timestamp=2018-06-07 10:47:34,152}, time=2018-06-07 10:47:34,152, operation=DefaultOperationId{id=write, type=COMMAND}, value=byte[]{length=17, hash=-1644578928}}
22:47:34.473 [raft-server-3] TRACE i.a.p.raft.roles.FollowerRole - RaftServer{3}{role=FOLLOWER} - Committed entries up to index 11
22:47:34.473 [raft-server-3] TRACE i.a.p.raft.roles.FollowerRole - RaftServer{3}{role=FOLLOWER} - Sending AppendResponse{status=OK, term=1, succeeded=true, lastLogIndex=11}
22:47:34.473 [raft-server-3] TRACE i.a.p.raft.roles.FollowerRole - RaftServer{3}{role=FOLLOWER} - Sending CommandResponse{status=OK, index=11, eventIndex=2, result=byte[]{length=2, hash=1262}}
22:47:34.473 [raft-server-2] TRACE i.a.p.raft.roles.LeaderAppender - RaftServer{2} - Received AppendResponse{status=OK, term=1, succeeded=true, lastLogIndex=11} from 3
22:47:34.473 [raft-client-431b802d-5b1a-4d37-8231-45cdad27d9ba-4] TRACE i.a.p.r.p.impl.RaftProxyConnection - PartitionProxy{2}{type=io.atomix.protocols.raft.RaftTest$TestPrimitiveType@35bfa1bb, name=raft-test} - Received CommandResponse{status=OK, index=11, eventIndex=2, result=byte[]{length=2, hash=1262}} from 3
22:47:34.473 [raft-server-3-state] TRACE i.a.p.raft.impl.RaftServiceManager - RaftServer{3} - Applying Indexed{index=11, entry=CommandEntry{term=1, timestamp=2018-06-07 10:47:34,152, session=2, sequence=7, operation=PrimitiveOperation{id=DefaultOperationId{id=write, type=COMMAND}, value=byte[]{length=17, hash=-1644578928}}}}
22:47:34.473 [raft-client-431b802d-5b1a-4d37-8231-45cdad27d9ba-4] TRACE i.a.p.r.p.impl.RaftProxySequencer - PartitionProxy{2}{type=io.atomix.protocols.raft.RaftTest$TestPrimitiveType@35bfa1bb, name=raft-test} - Completing response CommandResponse{status=OK, index=11, eventIndex=2, result=byte[]{length=2, hash=1262}}
22:47:34.473 [raft-server-3-state] TRACE i.a.p.s.impl.DefaultServiceExecutor - PrimitiveService{2}{type=io.atomix.protocols.raft.RaftTest$TestPrimitiveType@19970ea6, name=raft-test} - Executing DefaultCommit{index=11, session=RaftSession{RaftServiceContext{server=3, type=io.atomix.protocols.raft.RaftTest$TestPrimitiveType@19970ea6, name=raft-test, id=2}, session=2, timestamp=2018-06-07 10:47:34,152}, time=2018-06-07 10:47:34,152, operation=DefaultOperationId{id=write, type=COMMAND}, value=byte[]{length=17, hash=-1644578928}}
22:47:34.474 [raft-client-431b802d-5b1a-4d37-8231-45cdad27d9ba-2] TRACE i.a.p.r.p.impl.RaftProxyConnection - PartitionProxy{2}{type=io.atomix.protocols.raft.RaftTest$TestPrimitiveType@35bfa1bb, name=raft-test} - Sending CommandRequest{session=2, sequence=8, operation=PrimitiveOperation{id=DefaultOperationId{id=write, type=COMMAND}, value=byte[]{length=17, hash=-1644578928}}} to 3
22:47:34.474 [raft-server-3] TRACE i.a.p.raft.roles.FollowerRole - RaftServer{3}{role=FOLLOWER} - Received CommandRequest{session=2, sequence=8, operation=PrimitiveOperation{id=DefaultOperationId{id=write, type=COMMAND}, value=byte[]{length=17, hash=-1644578928}}}
22:47:34.474 [raft-server-2] TRACE i.a.protocols.raft.roles.LeaderRole - RaftServer{2}{role=LEADER} - Received CommandRequest{session=2, sequence=8, operation=PrimitiveOperation{id=DefaultOperationId{id=write, type=COMMAND}, value=byte[]{length=17, hash=-1644578928}}}
22:47:34.474 [raft-server-2] TRACE i.a.protocols.raft.roles.LeaderRole - RaftServer{2}{role=LEADER} - Appended Indexed{index=12, entry=CommandEntry{term=1, timestamp=2018-06-07 10:47:34,474, session=2, sequence=8, operation=PrimitiveOperation{id=DefaultOperationId{id=write, type=COMMAND}, value=byte[]{length=17, hash=-1644578928}}}}
22:47:34.474 [raft-server-2] TRACE i.a.p.raft.roles.LeaderAppender - RaftServer{2} - Sending AppendRequest{term=1, leader=2, prevLogIndex=11, prevLogTerm=1, entries=1, commitIndex=11} to 1
22:47:34.474 [raft-server-2] TRACE i.a.p.raft.roles.LeaderAppender - RaftServer{2} - Sending AppendRequest{term=1, leader=2, prevLogIndex=11, prevLogTerm=1, entries=1, commitIndex=11} to 3
22:47:34.474 [raft-server-1] TRACE i.a.p.raft.roles.FollowerRole - RaftServer{1}{role=FOLLOWER} - Received AppendRequest{term=1, leader=2, prevLogIndex=11, prevLogTerm=1, entries=1, commitIndex=11}
22:47:34.474 [raft-server-3] TRACE i.a.p.raft.roles.FollowerRole - RaftServer{3}{role=FOLLOWER} - Received AppendRequest{term=1, leader=2, prevLogIndex=11, prevLogTerm=1, entries=1, commitIndex=11}
22:47:34.474 [raft-server-1] TRACE i.a.p.raft.roles.FollowerRole - RaftServer{1}{role=FOLLOWER} - Appended Indexed{index=12, entry=CommandEntry{term=1, timestamp=2018-06-07 10:47:34,474, session=2, sequence=8, operation=PrimitiveOperation{id=DefaultOperationId{id=write, type=COMMAND}, value=byte[]{length=17, hash=-1644578928}}}}
22:47:34.475 [raft-server-3] TRACE i.a.p.raft.roles.FollowerRole - RaftServer{3}{role=FOLLOWER} - Appended Indexed{index=12, entry=CommandEntry{term=1, timestamp=2018-06-07 10:47:34,474, session=2, sequence=8, operation=PrimitiveOperation{id=DefaultOperationId{id=write, type=COMMAND}, value=byte[]{length=17, hash=-1644578928}}}}
22:47:34.475 [raft-server-1] TRACE i.a.p.raft.roles.FollowerRole - RaftServer{1}{role=FOLLOWER} - Sending AppendResponse{status=OK, term=1, succeeded=true, lastLogIndex=12}
22:47:34.475 [raft-server-3] TRACE i.a.p.raft.roles.FollowerRole - RaftServer{3}{role=FOLLOWER} - Sending AppendResponse{status=OK, term=1, succeeded=true, lastLogIndex=12}
22:47:34.475 [raft-server-2] TRACE i.a.p.raft.roles.LeaderAppender - RaftServer{2} - Received AppendResponse{status=OK, term=1, succeeded=true, lastLogIndex=12} from 1
22:47:34.475 [raft-server-2] TRACE i.a.p.raft.roles.LeaderAppender - RaftServer{2} - Committed entries up to 12
22:47:34.500 [raft-server-2] TRACE i.a.p.raft.roles.LeaderAppender - RaftServer{2} - Received AppendResponse{status=OK, term=1, succeeded=true, lastLogIndex=12} from 3
22:47:34.500 [raft-server-2] TRACE i.a.p.raft.roles.LeaderAppender - RaftServer{2} - Sending AppendRequest{term=1, leader=2, prevLogIndex=12, prevLogTerm=1, entries=0, commitIndex=12} to 1
22:47:34.500 [raft-server-2] TRACE i.a.p.raft.roles.LeaderAppender - RaftServer{2} - Sending AppendRequest{term=1, leader=2, prevLogIndex=12, prevLogTerm=1, entries=0, commitIndex=12} to 3
22:47:34.501 [raft-server-1] TRACE i.a.p.raft.roles.FollowerRole - RaftServer{1}{role=FOLLOWER} - Received AppendRequest{term=1, leader=2, prevLogIndex=12, prevLogTerm=1, entries=0, commitIndex=12}
22:47:34.501 [raft-server-3] TRACE i.a.p.raft.roles.FollowerRole - RaftServer{3}{role=FOLLOWER} - Received AppendRequest{term=1, leader=2, prevLogIndex=12, prevLogTerm=1, entries=0, commitIndex=12}
22:47:34.501 [raft-server-2-state] TRACE i.a.p.raft.impl.RaftServiceManager - RaftServer{2} - Applying Indexed{index=12, entry=CommandEntry{term=1, timestamp=2018-06-07 10:47:34,474, session=2, sequence=8, operation=PrimitiveOperation{id=DefaultOperationId{id=write, type=COMMAND}, value=byte[]{length=17, hash=-1644578928}}}}
22:47:34.501 [raft-server-2-state] TRACE i.a.p.s.impl.DefaultServiceExecutor - PrimitiveService{2}{type=io.atomix.protocols.raft.RaftTest$TestPrimitiveType@581a9c39, name=raft-test} - Executing DefaultCommit{index=12, session=RaftSession{RaftServiceContext{server=2, type=io.atomix.protocols.raft.RaftTest$TestPrimitiveType@581a9c39, name=raft-test, id=2}, session=2, timestamp=2018-06-07 10:47:34,474}, time=2018-06-07 10:47:34,474, operation=DefaultOperationId{id=write, type=COMMAND}, value=byte[]{length=17, hash=-1644578928}}
22:47:34.501 [raft-server-2] TRACE i.a.protocols.raft.roles.LeaderRole - RaftServer{2}{role=LEADER} - Sending CommandResponse{status=OK, index=12, eventIndex=2, result=byte[]{length=2, hash=1264}}
22:47:34.533 [raft-server-1] TRACE i.a.p.raft.roles.FollowerRole - RaftServer{1}{role=FOLLOWER} - Committed entries up to index 12
22:47:34.534 [raft-server-3] TRACE i.a.p.raft.roles.FollowerRole - RaftServer{3}{role=FOLLOWER} - Committed entries up to index 12
22:47:34.534 [raft-server-1] TRACE i.a.p.raft.roles.FollowerRole - RaftServer{1}{role=FOLLOWER} - Sending AppendResponse{status=OK, term=1, succeeded=true, lastLogIndex=12}
22:47:34.534 [raft-server-3] TRACE i.a.p.raft.roles.FollowerRole - RaftServer{3}{role=FOLLOWER} - Sending AppendResponse{status=OK, term=1, succeeded=true, lastLogIndex=12}
22:47:34.534 [raft-server-2] TRACE i.a.p.raft.roles.LeaderAppender - RaftServer{2} - Received AppendResponse{status=OK, term=1, succeeded=true, lastLogIndex=12} from 1
22:47:34.534 [raft-server-3] TRACE i.a.p.raft.roles.FollowerRole - RaftServer{3}{role=FOLLOWER} - Sending CommandResponse{status=OK, index=12, eventIndex=2, result=byte[]{length=2, hash=1264}}
22:47:34.534 [raft-server-2] TRACE i.a.p.raft.roles.LeaderAppender - RaftServer{2} - Sending AppendRequest{term=1, leader=2, prevLogIndex=12, prevLogTerm=1, entries=0, commitIndex=12} to 1
22:47:34.534 [raft-server-2] TRACE i.a.p.raft.roles.LeaderAppender - RaftServer{2} - Received AppendResponse{status=OK, term=1, succeeded=true, lastLogIndex=12} from 3
22:47:34.534 [raft-server-1-state] TRACE i.a.p.raft.impl.RaftServiceManager - RaftServer{1} - Applying Indexed{index=12, entry=CommandEntry{term=1, timestamp=2018-06-07 10:47:34,474, session=2, sequence=8, operation=PrimitiveOperation{id=DefaultOperationId{id=write, type=COMMAND}, value=byte[]{length=17, hash=-1644578928}}}}
22:47:34.534 [raft-server-1] TRACE i.a.p.raft.roles.FollowerRole - RaftServer{1}{role=FOLLOWER} - Received AppendRequest{term=1, leader=2, prevLogIndex=12, prevLogTerm=1, entries=0, commitIndex=12}
22:47:34.534 [raft-client-431b802d-5b1a-4d37-8231-45cdad27d9ba-6] TRACE i.a.p.r.p.impl.RaftProxyConnection - PartitionProxy{2}{type=io.atomix.protocols.raft.RaftTest$TestPrimitiveType@35bfa1bb, name=raft-test} - Received CommandResponse{status=OK, index=12, eventIndex=2, result=byte[]{length=2, hash=1264}} from 3
22:47:34.534 [raft-server-3-state] TRACE i.a.p.raft.impl.RaftServiceManager - RaftServer{3} - Applying Indexed{index=12, entry=CommandEntry{term=1, timestamp=2018-06-07 10:47:34,474, session=2, sequence=8, operation=PrimitiveOperation{id=DefaultOperationId{id=write, type=COMMAND}, value=byte[]{length=17, hash=-1644578928}}}}
22:47:34.534 [raft-server-2] TRACE i.a.p.raft.roles.LeaderAppender - RaftServer{2} - Sending AppendRequest{term=1, leader=2, prevLogIndex=12, prevLogTerm=1, entries=0, commitIndex=12} to 3
22:47:34.534 [raft-server-1-state] TRACE i.a.p.s.impl.DefaultServiceExecutor - PrimitiveService{2}{type=io.atomix.protocols.raft.RaftTest$TestPrimitiveType@43a95102, name=raft-test} - Executing DefaultCommit{index=12, session=RaftSession{RaftServiceContext{server=1, type=io.atomix.protocols.raft.RaftTest$TestPrimitiveType@43a95102, name=raft-test, id=2}, session=2, timestamp=2018-06-07 10:47:34,474}, time=2018-06-07 10:47:34,474, operation=DefaultOperationId{id=write, type=COMMAND}, value=byte[]{length=17, hash=-1644578928}}
22:47:34.534 [raft-server-1] TRACE i.a.p.raft.roles.FollowerRole - RaftServer{1}{role=FOLLOWER} - Sending AppendResponse{status=OK, term=1, succeeded=true, lastLogIndex=12}
22:47:34.534 [raft-client-431b802d-5b1a-4d37-8231-45cdad27d9ba-6] TRACE i.a.p.r.p.impl.RaftProxySequencer - PartitionProxy{2}{type=io.atomix.protocols.raft.RaftTest$TestPrimitiveType@35bfa1bb, name=raft-test} - Completing response CommandResponse{status=OK, index=12, eventIndex=2, result=byte[]{length=2, hash=1264}}
22:47:34.534 [raft-server-3-state] TRACE i.a.p.s.impl.DefaultServiceExecutor - PrimitiveService{2}{type=io.atomix.protocols.raft.RaftTest$TestPrimitiveType@19970ea6, name=raft-test} - Executing DefaultCommit{index=12, session=RaftSession{RaftServiceContext{server=3, type=io.atomix.protocols.raft.RaftTest$TestPrimitiveType@19970ea6, name=raft-test, id=2}, session=2, timestamp=2018-06-07 10:47:34,474}, time=2018-06-07 10:47:34,474, operation=DefaultOperationId{id=write, type=COMMAND}, value=byte[]{length=17, hash=-1644578928}}
22:47:34.535 [raft-server-3] TRACE i.a.p.raft.roles.FollowerRole - RaftServer{3}{role=FOLLOWER} - Received AppendRequest{term=1, leader=2, prevLogIndex=12, prevLogTerm=1, entries=0, commitIndex=12}
22:47:34.535 [raft-server-2] TRACE i.a.p.raft.roles.LeaderAppender - RaftServer{2} - Received AppendResponse{status=OK, term=1, succeeded=true, lastLogIndex=12} from 1
22:47:34.535 [raft-server-3] TRACE i.a.p.raft.roles.FollowerRole - RaftServer{3}{role=FOLLOWER} - Sending AppendResponse{status=OK, term=1, succeeded=true, lastLogIndex=12}
22:47:34.535 [raft-server-2] TRACE i.a.p.raft.roles.LeaderAppender - RaftServer{2} - Received AppendResponse{status=OK, term=1, succeeded=true, lastLogIndex=12} from 3
22:47:34.535 [raft-client-431b802d-5b1a-4d37-8231-45cdad27d9ba-0] TRACE i.a.p.r.p.impl.RaftProxyConnection - PartitionProxy{2}{type=io.atomix.protocols.raft.RaftTest$TestPrimitiveType@35bfa1bb, name=raft-test} - Sending CommandRequest{session=2, sequence=9, operation=PrimitiveOperation{id=DefaultOperationId{id=write, type=COMMAND}, value=byte[]{length=17, hash=-1644578928}}} to 3
22:47:34.535 [raft-server-3] TRACE i.a.p.raft.roles.FollowerRole - RaftServer{3}{role=FOLLOWER} - Received CommandRequest{session=2, sequence=9, operation=PrimitiveOperation{id=DefaultOperationId{id=write, type=COMMAND}, value=byte[]{length=17, hash=-1644578928}}}
22:47:34.535 [raft-server-2] TRACE i.a.protocols.raft.roles.LeaderRole - RaftServer{2}{role=LEADER} - Received CommandRequest{session=2, sequence=9, operation=PrimitiveOperation{id=DefaultOperationId{id=write, type=COMMAND}, value=byte[]{length=17, hash=-1644578928}}}
22:47:34.536 [raft-server-2] TRACE i.a.protocols.raft.roles.LeaderRole - RaftServer{2}{role=LEADER} - Appended Indexed{index=13, entry=CommandEntry{term=1, timestamp=2018-06-07 10:47:34,535, session=2, sequence=9, operation=PrimitiveOperation{id=DefaultOperationId{id=write, type=COMMAND}, value=byte[]{length=17, hash=-1644578928}}}}
22:47:34.536 [raft-server-2] TRACE i.a.p.raft.roles.LeaderAppender - RaftServer{2} - Sending AppendRequest{term=1, leader=2, prevLogIndex=12, prevLogTerm=1, entries=1, commitIndex=12} to 1
22:47:34.536 [raft-server-1] TRACE i.a.p.raft.roles.FollowerRole - RaftServer{1}{role=FOLLOWER} - Received AppendRequest{term=1, leader=2, prevLogIndex=12, prevLogTerm=1, entries=1, commitIndex=12}
22:47:34.536 [raft-server-2] TRACE i.a.p.raft.roles.LeaderAppender - RaftServer{2} - Sending AppendRequest{term=1, leader=2, prevLogIndex=12, prevLogTerm=1, entries=1, commitIndex=12} to 3
22:47:34.536 [raft-server-3] TRACE i.a.p.raft.roles.FollowerRole - RaftServer{3}{role=FOLLOWER} - Received AppendRequest{term=1, leader=2, prevLogIndex=12, prevLogTerm=1, entries=1, commitIndex=12}
22:47:34.536 [raft-server-1] TRACE i.a.p.raft.roles.FollowerRole - RaftServer{1}{role=FOLLOWER} - Appended Indexed{index=13, entry=CommandEntry{term=1, timestamp=2018-06-07 10:47:34,535, session=2, sequence=9, operation=PrimitiveOperation{id=DefaultOperationId{id=write, type=COMMAND}, value=byte[]{length=17, hash=-1644578928}}}}
22:47:34.536 [raft-server-1] TRACE i.a.p.raft.roles.FollowerRole - RaftServer{1}{role=FOLLOWER} - Sending AppendResponse{status=OK, term=1, succeeded=true, lastLogIndex=13}
22:47:34.536 [raft-server-2] TRACE i.a.p.raft.roles.LeaderAppender - RaftServer{2} - Received AppendResponse{status=OK, term=1, succeeded=true, lastLogIndex=13} from 1
22:47:34.536 [raft-server-3] TRACE i.a.p.raft.roles.FollowerRole - RaftServer{3}{role=FOLLOWER} - Appended Indexed{index=13, entry=CommandEntry{term=1, timestamp=2018-06-07 10:47:34,535, session=2, sequence=9, operation=PrimitiveOperation{id=DefaultOperationId{id=write, type=COMMAND}, value=byte[]{length=17, hash=-1644578928}}}}
22:47:34.536 [raft-server-2] TRACE i.a.p.raft.roles.LeaderAppender - RaftServer{2} - Committed entries up to 13
22:47:34.536 [raft-server-3] TRACE i.a.p.raft.roles.FollowerRole - RaftServer{3}{role=FOLLOWER} - Sending AppendResponse{status=OK, term=1, succeeded=true, lastLogIndex=13}
22:47:34.567 [raft-server-2] TRACE i.a.p.raft.roles.LeaderAppender - RaftServer{2} - Received AppendResponse{status=OK, term=1, succeeded=true, lastLogIndex=13} from 3
22:47:34.567 [raft-server-2-state] TRACE i.a.p.raft.impl.RaftServiceManager - RaftServer{2} - Applying Indexed{index=13, entry=CommandEntry{term=1, timestamp=2018-06-07 10:47:34,535, session=2, sequence=9, operation=PrimitiveOperation{id=DefaultOperationId{id=write, type=COMMAND}, value=byte[]{length=17, hash=-1644578928}}}}
22:47:34.567 [raft-server-2-state] TRACE i.a.p.s.impl.DefaultServiceExecutor - PrimitiveService{2}{type=io.atomix.protocols.raft.RaftTest$TestPrimitiveType@581a9c39, name=raft-test} - Executing DefaultCommit{index=13, session=RaftSession{RaftServiceContext{server=2, type=io.atomix.protocols.raft.RaftTest$TestPrimitiveType@581a9c39, name=raft-test, id=2}, session=2, timestamp=2018-06-07 10:47:34,535}, time=2018-06-07 10:47:34,535, operation=DefaultOperationId{id=write, type=COMMAND}, value=byte[]{length=17, hash=-1644578928}}
22:47:34.567 [raft-server-2-state] TRACE i.a.protocols.raft.roles.LeaderRole - RaftServer{2}{role=LEADER} - Sending CommandResponse{status=OK, index=13, eventIndex=2, result=byte[]{length=2, hash=1266}}
22:47:34.567 [raft-server-3] TRACE i.a.p.raft.roles.FollowerRole - RaftServer{3}{role=FOLLOWER} - Sending CommandResponse{status=OK, index=13, eventIndex=2, result=byte[]{length=2, hash=1266}}
22:47:34.568 [raft-client-431b802d-5b1a-4d37-8231-45cdad27d9ba-5] TRACE i.a.p.r.p.impl.RaftProxyConnection - PartitionProxy{2}{type=io.atomix.protocols.raft.RaftTest$TestPrimitiveType@35bfa1bb, name=raft-test} - Received CommandResponse{status=OK, index=13, eventIndex=2, result=byte[]{length=2, hash=1266}} from 3
22:47:34.568 [raft-client-431b802d-5b1a-4d37-8231-45cdad27d9ba-5] TRACE i.a.p.r.p.impl.RaftProxySequencer - PartitionProxy{2}{type=io.atomix.protocols.raft.RaftTest$TestPrimitiveType@35bfa1bb, name=raft-test} - Completing response CommandResponse{status=OK, index=13, eventIndex=2, result=byte[]{length=2, hash=1266}}
22:47:34.568 [raft-client-431b802d-5b1a-4d37-8231-45cdad27d9ba-7] TRACE i.a.p.r.p.impl.RaftProxyConnection - PartitionProxy{2}{type=io.atomix.protocols.raft.RaftTest$TestPrimitiveType@35bfa1bb, name=raft-test} - Sending CommandRequest{session=2, sequence=10, operation=PrimitiveOperation{id=DefaultOperationId{id=write, type=COMMAND}, value=byte[]{length=17, hash=-1644578928}}} to 3
22:47:34.568 [raft-server-3] TRACE i.a.p.raft.roles.FollowerRole - RaftServer{3}{role=FOLLOWER} - Received CommandRequest{session=2, sequence=10, operation=PrimitiveOperation{id=DefaultOperationId{id=write, type=COMMAND}, value=byte[]{length=17, hash=-1644578928}}}
22:47:34.568 [raft-server-2] TRACE i.a.protocols.raft.roles.LeaderRole - RaftServer{2}{role=LEADER} - Received CommandRequest{session=2, sequence=10, operation=PrimitiveOperation{id=DefaultOperationId{id=write, type=COMMAND}, value=byte[]{length=17, hash=-1644578928}}}
22:47:34.568 [raft-server-2] TRACE i.a.protocols.raft.roles.LeaderRole - RaftServer{2}{role=LEADER} - Appended Indexed{index=14, entry=CommandEntry{term=1, timestamp=2018-06-07 10:47:34,568, session=2, sequence=10, operation=PrimitiveOperation{id=DefaultOperationId{id=write, type=COMMAND}, value=byte[]{length=17, hash=-1644578928}}}}
22:47:34.569 [raft-server-2] TRACE i.a.p.raft.roles.LeaderAppender - RaftServer{2} - Sending AppendRequest{term=1, leader=2, prevLogIndex=13, prevLogTerm=1, entries=1, commitIndex=13} to 1
22:47:34.569 [raft-server-1] TRACE i.a.p.raft.roles.FollowerRole - RaftServer{1}{role=FOLLOWER} - Received AppendRequest{term=1, leader=2, prevLogIndex=13, prevLogTerm=1, entries=1, commitIndex=13}
22:47:34.569 [raft-server-2] TRACE i.a.p.raft.roles.LeaderAppender - RaftServer{2} - Sending AppendRequest{term=1, leader=2, prevLogIndex=13, prevLogTerm=1, entries=1, commitIndex=13} to 3
22:47:34.569 [raft-server-1] TRACE i.a.p.raft.roles.FollowerRole - RaftServer{1}{role=FOLLOWER} - Appended Indexed{index=14, entry=CommandEntry{term=1, timestamp=2018-06-07 10:47:34,568, session=2, sequence=10, operation=PrimitiveOperation{id=DefaultOperationId{id=write, type=COMMAND}, value=byte[]{length=17, hash=-1644578928}}}}
22:47:34.569 [raft-server-3] TRACE i.a.p.raft.roles.FollowerRole - RaftServer{3}{role=FOLLOWER} - Received AppendRequest{term=1, leader=2, prevLogIndex=13, prevLogTerm=1, entries=1, commitIndex=13}
22:47:34.569 [raft-server-3] TRACE i.a.p.raft.roles.FollowerRole - RaftServer{3}{role=FOLLOWER} - Appended Indexed{index=14, entry=CommandEntry{term=1, timestamp=2018-06-07 10:47:34,568, session=2, sequence=10, operation=PrimitiveOperation{id=DefaultOperationId{id=write, type=COMMAND}, value=byte[]{length=17, hash=-1644578928}}}}
22:47:34.600 [raft-server-1] TRACE i.a.p.raft.roles.FollowerRole - RaftServer{1}{role=FOLLOWER} - Committed entries up to index 13
22:47:34.600 [raft-server-1] TRACE i.a.p.raft.roles.FollowerRole - RaftServer{1}{role=FOLLOWER} - Sending AppendResponse{status=OK, term=1, succeeded=true, lastLogIndex=14}
22:47:34.600 [raft-server-3] TRACE i.a.p.raft.roles.FollowerRole - RaftServer{3}{role=FOLLOWER} - Committed entries up to index 13
22:47:34.600 [raft-server-2] TRACE i.a.p.raft.roles.LeaderAppender - RaftServer{2} - Received AppendResponse{status=OK, term=1, succeeded=true, lastLogIndex=14} from 1
22:47:34.600 [raft-server-3] TRACE i.a.p.raft.roles.FollowerRole - RaftServer{3}{role=FOLLOWER} - Sending AppendResponse{status=OK, term=1, succeeded=true, lastLogIndex=14}
22:47:34.600 [raft-server-2] TRACE i.a.p.raft.roles.LeaderAppender - RaftServer{2} - Committed entries up to 14
22:47:34.600 [raft-server-1-state] TRACE i.a.p.raft.impl.RaftServiceManager - RaftServer{1} - Applying Indexed{index=13, entry=CommandEntry{term=1, timestamp=2018-06-07 10:47:34,535, session=2, sequence=9, operation=PrimitiveOperation{id=DefaultOperationId{id=write, type=COMMAND}, value=byte[]{length=17, hash=-1644578928}}}}
22:47:34.600 [raft-server-3-state] TRACE i.a.p.raft.impl.RaftServiceManager - RaftServer{3} - Applying Indexed{index=13, entry=CommandEntry{term=1, timestamp=2018-06-07 10:47:34,535, session=2, sequence=9, operation=PrimitiveOperation{id=DefaultOperationId{id=write, type=COMMAND}, value=byte[]{length=17, hash=-1644578928}}}}
22:47:34.601 [raft-server-1-state] TRACE i.a.p.s.impl.DefaultServiceExecutor - PrimitiveService{2}{type=io.atomix.protocols.raft.RaftTest$TestPrimitiveType@43a95102, name=raft-test} - Executing DefaultCommit{index=13, session=RaftSession{RaftServiceContext{server=1, type=io.atomix.protocols.raft.RaftTest$TestPrimitiveType@43a95102, name=raft-test, id=2}, session=2, timestamp=2018-06-07 10:47:34,535}, time=2018-06-07 10:47:34,535, operation=DefaultOperationId{id=write, type=COMMAND}, value=byte[]{length=17, hash=-1644578928}}
22:47:34.601 [raft-server-3-state] TRACE i.a.p.s.impl.DefaultServiceExecutor - PrimitiveService{2}{type=io.atomix.protocols.raft.RaftTest$TestPrimitiveType@19970ea6, name=raft-test} - Executing DefaultCommit{index=13, session=RaftSession{RaftServiceContext{server=3, type=io.atomix.protocols.raft.RaftTest$TestPrimitiveType@19970ea6, name=raft-test, id=2}, session=2, timestamp=2018-06-07 10:47:34,535}, time=2018-06-07 10:47:34,535, operation=DefaultOperationId{id=write, type=COMMAND}, value=byte[]{length=17, hash=-1644578928}}
22:47:34.633 [raft-server-2] TRACE i.a.p.raft.roles.LeaderAppender - RaftServer{2} - Received AppendResponse{status=OK, term=1, succeeded=true, lastLogIndex=14} from 3
22:47:34.633 [raft-server-2-state] TRACE i.a.p.raft.impl.RaftServiceManager - RaftServer{2} - Applying Indexed{index=14, entry=CommandEntry{term=1, timestamp=2018-06-07 10:47:34,568, session=2, sequence=10, operation=PrimitiveOperation{id=DefaultOperationId{id=write, type=COMMAND}, value=byte[]{length=17, hash=-1644578928}}}}
22:47:34.633 [raft-server-2-state] TRACE i.a.p.s.impl.DefaultServiceExecutor - PrimitiveService{2}{type=io.atomix.protocols.raft.RaftTest$TestPrimitiveType@581a9c39, name=raft-test} - Executing DefaultCommit{index=14, session=RaftSession{RaftServiceContext{server=2, type=io.atomix.protocols.raft.RaftTest$TestPrimitiveType@581a9c39, name=raft-test, id=2}, session=2, timestamp=2018-06-07 10:47:34,568}, time=2018-06-07 10:47:34,568, operation=DefaultOperationId{id=write, type=COMMAND}, value=byte[]{length=17, hash=-1644578928}}
22:47:34.633 [raft-server-2-state] TRACE i.a.protocols.raft.roles.LeaderRole - RaftServer{2}{role=LEADER} - Sending CommandResponse{status=OK, index=14, eventIndex=2, result=byte[]{length=2, hash=1268}}
22:47:34.633 [raft-server-3] TRACE i.a.p.raft.roles.FollowerRole - RaftServer{3}{role=FOLLOWER} - Sending CommandResponse{status=OK, index=14, eventIndex=2, result=byte[]{length=2, hash=1268}}
22:47:34.633 [raft-client-431b802d-5b1a-4d37-8231-45cdad27d9ba-4] TRACE i.a.p.r.p.impl.RaftProxyConnection - PartitionProxy{2}{type=io.atomix.protocols.raft.RaftTest$TestPrimitiveType@35bfa1bb, name=raft-test} - Received CommandResponse{status=OK, index=14, eventIndex=2, result=byte[]{length=2, hash=1268}} from 3
22:47:34.633 [raft-client-431b802d-5b1a-4d37-8231-45cdad27d9ba-4] TRACE i.a.p.r.p.impl.RaftProxySequencer - PartitionProxy{2}{type=io.atomix.protocols.raft.RaftTest$TestPrimitiveType@35bfa1bb, name=raft-test} - Completing response CommandResponse{status=OK, index=14, eventIndex=2, result=byte[]{length=2, hash=1268}}
22:47:34.634 [raft-client-431b802d-5b1a-4d37-8231-45cdad27d9ba-3] TRACE i.a.p.r.p.impl.RaftProxyConnection - PartitionProxy{2}{type=io.atomix.protocols.raft.RaftTest$TestPrimitiveType@35bfa1bb, name=raft-test} - Sending CommandRequest{session=2, sequence=11, operation=PrimitiveOperation{id=DefaultOperationId{id=write, type=COMMAND}, value=byte[]{length=17, hash=-1644578928}}} to 3
22:47:34.634 [raft-server-3] TRACE i.a.p.raft.roles.FollowerRole - RaftServer{3}{role=FOLLOWER} - Received CommandRequest{session=2, sequence=11, operation=PrimitiveOperation{id=DefaultOperationId{id=write, type=COMMAND}, value=byte[]{length=17, hash=-1644578928}}}
22:47:34.634 [raft-server-2] TRACE i.a.protocols.raft.roles.LeaderRole - RaftServer{2}{role=LEADER} - Received CommandRequest{session=2, sequence=11, operation=PrimitiveOperation{id=DefaultOperationId{id=write, type=COMMAND}, value=byte[]{length=17, hash=-1644578928}}}
22:47:34.634 [raft-server-2] TRACE i.a.protocols.raft.roles.LeaderRole - RaftServer{2}{role=LEADER} - Appended Indexed{index=15, entry=CommandEntry{term=1, timestamp=2018-06-07 10:47:34,634, session=2, sequence=11, operation=PrimitiveOperation{id=DefaultOperationId{id=write, type=COMMAND}, value=byte[]{length=17, hash=-1644578928}}}}
22:47:34.634 [raft-server-2] TRACE i.a.p.raft.roles.LeaderAppender - RaftServer{2} - Sending AppendRequest{term=1, leader=2, prevLogIndex=14, prevLogTerm=1, entries=1, commitIndex=14} to 1
22:47:34.635 [raft-server-1] TRACE i.a.p.raft.roles.FollowerRole - RaftServer{1}{role=FOLLOWER} - Received AppendRequest{term=1, leader=2, prevLogIndex=14, prevLogTerm=1, entries=1, commitIndex=14}
22:47:34.635 [raft-server-2] TRACE i.a.p.raft.roles.LeaderAppender - RaftServer{2} - Sending AppendRequest{term=1, leader=2, prevLogIndex=14, prevLogTerm=1, entries=1, commitIndex=14} to 3
22:47:34.635 [raft-server-3] TRACE i.a.p.raft.roles.FollowerRole - RaftServer{3}{role=FOLLOWER} - Received AppendRequest{term=1, leader=2, prevLogIndex=14, prevLogTerm=1, entries=1, commitIndex=14}
22:47:34.635 [raft-server-1] TRACE i.a.p.raft.roles.FollowerRole - RaftServer{1}{role=FOLLOWER} - Appended Indexed{index=15, entry=CommandEntry{term=1, timestamp=2018-06-07 10:47:34,634, session=2, sequence=11, operation=PrimitiveOperation{id=DefaultOperationId{id=write, type=COMMAND}, value=byte[]{length=17, hash=-1644578928}}}}
22:47:34.635 [raft-server-3] TRACE i.a.p.raft.roles.FollowerRole - RaftServer{3}{role=FOLLOWER} - Appended Indexed{index=15, entry=CommandEntry{term=1, timestamp=2018-06-07 10:47:34,634, session=2, sequence=11, operation=PrimitiveOperation{id=DefaultOperationId{id=write, type=COMMAND}, value=byte[]{length=17, hash=-1644578928}}}}
22:47:34.666 [raft-server-1] TRACE i.a.p.raft.roles.FollowerRole - RaftServer{1}{role=FOLLOWER} - Committed entries up to index 14
22:47:34.666 [raft-server-3] TRACE i.a.p.raft.roles.FollowerRole - RaftServer{3}{role=FOLLOWER} - Committed entries up to index 14
22:47:34.666 [raft-server-1] TRACE i.a.p.raft.roles.FollowerRole - RaftServer{1}{role=FOLLOWER} - Sending AppendResponse{status=OK, term=1, succeeded=true, lastLogIndex=15}
22:47:34.666 [raft-server-3] TRACE i.a.p.raft.roles.FollowerRole - RaftServer{3}{role=FOLLOWER} - Sending AppendResponse{status=OK, term=1, succeeded=true, lastLogIndex=15}
22:47:34.666 [raft-server-2] TRACE i.a.p.raft.roles.LeaderAppender - RaftServer{2} - Received AppendResponse{status=OK, term=1, succeeded=true, lastLogIndex=15} from 1
22:47:34.666 [raft-server-2] TRACE i.a.p.raft.roles.LeaderAppender - RaftServer{2} - Committed entries up to 15
22:47:34.666 [raft-server-1-state] TRACE i.a.p.raft.impl.RaftServiceManager - RaftServer{1} - Applying Indexed{index=14, entry=CommandEntry{term=1, timestamp=2018-06-07 10:47:34,568, session=2, sequence=10, operation=PrimitiveOperation{id=DefaultOperationId{id=write, type=COMMAND}, value=byte[]{length=17, hash=-1644578928}}}}
22:47:34.666 [raft-server-3-state] TRACE i.a.p.raft.impl.RaftServiceManager - RaftServer{3} - Applying Indexed{index=14, entry=CommandEntry{term=1, timestamp=2018-06-07 10:47:34,568, session=2, sequence=10, operation=PrimitiveOperation{id=DefaultOperationId{id=write, type=COMMAND}, value=byte[]{length=17, hash=-1644578928}}}}
22:47:34.667 [raft-server-1-state] TRACE i.a.p.s.impl.DefaultServiceExecutor - PrimitiveService{2}{type=io.atomix.protocols.raft.RaftTest$TestPrimitiveType@43a95102, name=raft-test} - Executing DefaultCommit{index=14, session=RaftSession{RaftServiceContext{server=1, type=io.atomix.protocols.raft.RaftTest$TestPrimitiveType@43a95102, name=raft-test, id=2}, session=2, timestamp=2018-06-07 10:47:34,568}, time=2018-06-07 10:47:34,568, operation=DefaultOperationId{id=write, type=COMMAND}, value=byte[]{length=17, hash=-1644578928}}
22:47:34.667 [raft-server-3-state] TRACE i.a.p.s.impl.DefaultServiceExecutor - PrimitiveService{2}{type=io.atomix.protocols.raft.RaftTest$TestPrimitiveType@19970ea6, name=raft-test} - Executing DefaultCommit{index=14, session=RaftSession{RaftServiceContext{server=3, type=io.atomix.protocols.raft.RaftTest$TestPrimitiveType@19970ea6, name=raft-test, id=2}, session=2, timestamp=2018-06-07 10:47:34,568}, time=2018-06-07 10:47:34,568, operation=DefaultOperationId{id=write, type=COMMAND}, value=byte[]{length=17, hash=-1644578928}}
22:47:34.692 [raft-server-2] TRACE i.a.p.raft.roles.LeaderAppender - RaftServer{2} - Received AppendResponse{status=OK, term=1, succeeded=true, lastLogIndex=15} from 3
22:47:34.692 [raft-server-2-state] TRACE i.a.p.raft.impl.RaftServiceManager - RaftServer{2} - Applying Indexed{index=15, entry=CommandEntry{term=1, timestamp=2018-06-07 10:47:34,634, session=2, sequence=11, operation=PrimitiveOperation{id=DefaultOperationId{id=write, type=COMMAND}, value=byte[]{length=17, hash=-1644578928}}}}
22:47:34.692 [raft-server-2-state] TRACE i.a.p.s.impl.DefaultServiceExecutor - PrimitiveService{2}{type=io.atomix.protocols.raft.RaftTest$TestPrimitiveType@581a9c39, name=raft-test} - Executing DefaultCommit{index=15, session=RaftSession{RaftServiceContext{server=2, type=io.atomix.protocols.raft.RaftTest$TestPrimitiveType@581a9c39, name=raft-test, id=2}, session=2, timestamp=2018-06-07 10:47:34,634}, time=2018-06-07 10:47:34,634, operation=DefaultOperationId{id=write, type=COMMAND}, value=byte[]{length=17, hash=-1644578928}}
22:47:34.692 [raft-server-2-state] TRACE i.a.protocols.raft.roles.LeaderRole - RaftServer{2}{role=LEADER} - Sending CommandResponse{status=OK, index=15, eventIndex=2, result=byte[]{length=2, hash=1270}}
22:47:34.692 [raft-server-3] TRACE i.a.p.raft.roles.FollowerRole - RaftServer{3}{role=FOLLOWER} - Sending CommandResponse{status=OK, index=15, eventIndex=2, result=byte[]{length=2, hash=1270}}
22:47:34.692 [raft-client-431b802d-5b1a-4d37-8231-45cdad27d9ba-6] TRACE i.a.p.r.p.impl.RaftProxyConnection - PartitionProxy{2}{type=io.atomix.protocols.raft.RaftTest$TestPrimitiveType@35bfa1bb, name=raft-test} - Received CommandResponse{status=OK, index=15, eventIndex=2, result=byte[]{length=2, hash=1270}} from 3
22:47:34.693 [raft-client-431b802d-5b1a-4d37-8231-45cdad27d9ba-6] TRACE i.a.p.r.p.impl.RaftProxySequencer - PartitionProxy{2}{type=io.atomix.protocols.raft.RaftTest$TestPrimitiveType@35bfa1bb, name=raft-test} - Completing response CommandResponse{status=OK, index=15, eventIndex=2, result=byte[]{length=2, hash=1270}}
22:47:34.693 [raft-client-431b802d-5b1a-4d37-8231-45cdad27d9ba-1] TRACE i.a.p.r.p.impl.RaftProxyConnection - PartitionProxy{2}{type=io.atomix.protocols.raft.RaftTest$TestPrimitiveType@35bfa1bb, name=raft-test} - Sending CommandRequest{session=2, sequence=12, operation=PrimitiveOperation{id=DefaultOperationId{id=write, type=COMMAND}, value=byte[]{length=17, hash=-1644578928}}} to 3
22:47:34.693 [raft-server-3] TRACE i.a.p.raft.roles.FollowerRole - RaftServer{3}{role=FOLLOWER} - Received CommandRequest{session=2, sequence=12, operation=PrimitiveOperation{id=DefaultOperationId{id=write, type=COMMAND}, value=byte[]{length=17, hash=-1644578928}}}
22:47:34.693 [raft-server-2] TRACE i.a.protocols.raft.roles.LeaderRole - RaftServer{2}{role=LEADER} - Received CommandRequest{session=2, sequence=12, operation=PrimitiveOperation{id=DefaultOperationId{id=write, type=COMMAND}, value=byte[]{length=17, hash=-1644578928}}}
22:47:34.693 [raft-server-2] TRACE i.a.protocols.raft.roles.LeaderRole - RaftServer{2}{role=LEADER} - Appended Indexed{index=16, entry=CommandEntry{term=1, timestamp=2018-06-07 10:47:34,693, session=2, sequence=12, operation=PrimitiveOperation{id=DefaultOperationId{id=write, type=COMMAND}, value=byte[]{length=17, hash=-1644578928}}}}
22:47:34.694 [raft-server-2] TRACE i.a.p.raft.roles.LeaderAppender - RaftServer{2} - Sending AppendRequest{term=1, leader=2, prevLogIndex=15, prevLogTerm=1, entries=1, commitIndex=15} to 1
22:47:34.694 [raft-server-1] TRACE i.a.p.raft.roles.FollowerRole - RaftServer{1}{role=FOLLOWER} - Received AppendRequest{term=1, leader=2, prevLogIndex=15, prevLogTerm=1, entries=1, commitIndex=15}
22:47:34.694 [raft-server-2] TRACE i.a.p.raft.roles.LeaderAppender - RaftServer{2} - Sending AppendRequest{term=1, leader=2, prevLogIndex=15, prevLogTerm=1, entries=1, commitIndex=15} to 3
22:47:34.694 [raft-server-3] TRACE i.a.p.raft.roles.FollowerRole - RaftServer{3}{role=FOLLOWER} - Received AppendRequest{term=1, leader=2, prevLogIndex=15, prevLogTerm=1, entries=1, commitIndex=15}
22:47:34.694 [raft-server-1] TRACE i.a.p.raft.roles.FollowerRole - RaftServer{1}{role=FOLLOWER} - Appended Indexed{index=16, entry=CommandEntry{term=1, timestamp=2018-06-07 10:47:34,693, session=2, sequence=12, operation=PrimitiveOperation{id=DefaultOperationId{id=write, type=COMMAND}, value=byte[]{length=17, hash=-1644578928}}}}
22:47:34.694 [raft-server-3] TRACE i.a.p.raft.roles.FollowerRole - RaftServer{3}{role=FOLLOWER} - Appended Indexed{index=16, entry=CommandEntry{term=1, timestamp=2018-06-07 10:47:34,693, session=2, sequence=12, operation=PrimitiveOperation{id=DefaultOperationId{id=write, type=COMMAND}, value=byte[]{length=17, hash=-1644578928}}}}
22:47:34.725 [raft-server-1] TRACE i.a.p.raft.roles.FollowerRole - RaftServer{1}{role=FOLLOWER} - Committed entries up to index 15
22:47:34.725 [raft-server-3] TRACE i.a.p.raft.roles.FollowerRole - RaftServer{3}{role=FOLLOWER} - Committed entries up to index 15
22:47:34.725 [raft-server-1] TRACE i.a.p.raft.roles.FollowerRole - RaftServer{1}{role=FOLLOWER} - Sending AppendResponse{status=OK, term=1, succeeded=true, lastLogIndex=16}
22:47:34.725 [raft-server-3] TRACE i.a.p.raft.roles.FollowerRole - RaftServer{3}{role=FOLLOWER} - Sending AppendResponse{status=OK, term=1, succeeded=true, lastLogIndex=16}
22:47:34.725 [raft-server-2] TRACE i.a.p.raft.roles.LeaderAppender - RaftServer{2} - Received AppendResponse{status=OK, term=1, succeeded=true, lastLogIndex=16} from 1
22:47:34.725 [raft-server-2] TRACE i.a.p.raft.roles.LeaderAppender - RaftServer{2} - Committed entries up to 16
22:47:34.725 [raft-server-1-state] TRACE i.a.p.raft.impl.RaftServiceManager - RaftServer{1} - Applying Indexed{index=15, entry=CommandEntry{term=1, timestamp=2018-06-07 10:47:34,634, session=2, sequence=11, operation=PrimitiveOperation{id=DefaultOperationId{id=write, type=COMMAND}, value=byte[]{length=17, hash=-1644578928}}}}
22:47:34.725 [raft-server-3-state] TRACE i.a.p.raft.impl.RaftServiceManager - RaftServer{3} - Applying Indexed{index=15, entry=CommandEntry{term=1, timestamp=2018-06-07 10:47:34,634, session=2, sequence=11, operation=PrimitiveOperation{id=DefaultOperationId{id=write, type=COMMAND}, value=byte[]{length=17, hash=-1644578928}}}}
22:47:34.725 [raft-server-1-state] TRACE i.a.p.s.impl.DefaultServiceExecutor - PrimitiveService{2}{type=io.atomix.protocols.raft.RaftTest$TestPrimitiveType@43a95102, name=raft-test} - Executing DefaultCommit{index=15, session=RaftSession{RaftServiceContext{server=1, type=io.atomix.protocols.raft.RaftTest$TestPrimitiveType@43a95102, name=raft-test, id=2}, session=2, timestamp=2018-06-07 10:47:34,634}, time=2018-06-07 10:47:34,634, operation=DefaultOperationId{id=write, type=COMMAND}, value=byte[]{length=17, hash=-1644578928}}
22:47:34.726 [raft-server-3-state] TRACE i.a.p.s.impl.DefaultServiceExecutor - PrimitiveService{2}{type=io.atomix.protocols.raft.RaftTest$TestPrimitiveType@19970ea6, name=raft-test} - Executing DefaultCommit{index=15, session=RaftSession{RaftServiceContext{server=3, type=io.atomix.protocols.raft.RaftTest$TestPrimitiveType@19970ea6, name=raft-test, id=2}, session=2, timestamp=2018-06-07 10:47:34,634}, time=2018-06-07 10:47:34,634, operation=DefaultOperationId{id=write, type=COMMAND}, value=byte[]{length=17, hash=-1644578928}}
22:47:34.750 [raft-server-2] TRACE i.a.p.raft.roles.LeaderAppender - RaftServer{2} - Received AppendResponse{status=OK, term=1, succeeded=true, lastLogIndex=16} from 3
22:47:34.750 [raft-server-2] TRACE i.a.p.raft.roles.LeaderAppender - RaftServer{2} - Sending AppendRequest{term=1, leader=2, prevLogIndex=16, prevLogTerm=1, entries=0, commitIndex=16} to 1
22:47:34.750 [raft-server-2] TRACE i.a.p.raft.roles.LeaderAppender - RaftServer{2} - Sending AppendRequest{term=1, leader=2, prevLogIndex=16, prevLogTerm=1, entries=0, commitIndex=16} to 3
22:47:34.750 [raft-server-1] TRACE i.a.p.raft.roles.FollowerRole - RaftServer{1}{role=FOLLOWER} - Received AppendRequest{term=1, leader=2, prevLogIndex=16, prevLogTerm=1, entries=0, commitIndex=16}
22:47:34.750 [raft-server-3] TRACE i.a.p.raft.roles.FollowerRole - RaftServer{3}{role=FOLLOWER} - Received AppendRequest{term=1, leader=2, prevLogIndex=16, prevLogTerm=1, entries=0, commitIndex=16}
22:47:34.750 [raft-server-2-state] TRACE i.a.p.raft.impl.RaftServiceManager - RaftServer{2} - Applying Indexed{index=16, entry=CommandEntry{term=1, timestamp=2018-06-07 10:47:34,693, session=2, sequence=12, operation=PrimitiveOperation{id=DefaultOperationId{id=write, type=COMMAND}, value=byte[]{length=17, hash=-1644578928}}}}
22:47:34.751 [raft-server-2-state] TRACE i.a.p.s.impl.DefaultServiceExecutor - PrimitiveService{2}{type=io.atomix.protocols.raft.RaftTest$TestPrimitiveType@581a9c39, name=raft-test} - Executing DefaultCommit{index=16, session=RaftSession{RaftServiceContext{server=2, type=io.atomix.protocols.raft.RaftTest$TestPrimitiveType@581a9c39, name=raft-test, id=2}, session=2, timestamp=2018-06-07 10:47:34,693}, time=2018-06-07 10:47:34,693, operation=DefaultOperationId{id=write, type=COMMAND}, value=byte[]{length=17, hash=-1644578928}}
22:47:34.751 [raft-server-2-state] TRACE i.a.protocols.raft.roles.LeaderRole - RaftServer{2}{role=LEADER} - Sending CommandResponse{status=OK, index=16, eventIndex=2, result=byte[]{length=2, hash=1272}}
22:47:34.773 [raft-server-1] TRACE i.a.p.raft.roles.FollowerRole - RaftServer{1}{role=FOLLOWER} - Committed entries up to index 16
22:47:34.773 [raft-server-3] TRACE i.a.p.raft.roles.FollowerRole - RaftServer{3}{role=FOLLOWER} - Committed entries up to index 16
22:47:34.773 [raft-server-1] TRACE i.a.p.raft.roles.FollowerRole - RaftServer{1}{role=FOLLOWER} - Sending AppendResponse{status=OK, term=1, succeeded=true, lastLogIndex=16}
22:47:34.773 [raft-server-3] TRACE i.a.p.raft.roles.FollowerRole - RaftServer{3}{role=FOLLOWER} - Sending AppendResponse{status=OK, term=1, succeeded=true, lastLogIndex=16}
22:47:34.773 [raft-server-2] TRACE i.a.p.raft.roles.LeaderAppender - RaftServer{2} - Received AppendResponse{status=OK, term=1, succeeded=true, lastLogIndex=16} from 1
22:47:34.773 [raft-server-3] TRACE i.a.p.raft.roles.FollowerRole - RaftServer{3}{role=FOLLOWER} - Sending CommandResponse{status=OK, index=16, eventIndex=2, result=byte[]{length=2, hash=1272}}
22:47:34.773 [raft-server-1-state] TRACE i.a.p.raft.impl.RaftServiceManager - RaftServer{1} - Applying Indexed{index=16, entry=CommandEntry{term=1, timestamp=2018-06-07 10:47:34,693, session=2, sequence=12, operation=PrimitiveOperation{id=DefaultOperationId{id=write, type=COMMAND}, value=byte[]{length=17, hash=-1644578928}}}}
22:47:34.773 [raft-client-431b802d-5b1a-4d37-8231-45cdad27d9ba-5] TRACE i.a.p.r.p.impl.RaftProxyConnection - PartitionProxy{2}{type=io.atomix.protocols.raft.RaftTest$TestPrimitiveType@35bfa1bb, name=raft-test} - Received CommandResponse{status=OK, index=16, eventIndex=2, result=byte[]{length=2, hash=1272}} from 3
22:47:34.773 [raft-server-2] TRACE i.a.p.raft.roles.LeaderAppender - RaftServer{2} - Sending AppendRequest{term=1, leader=2, prevLogIndex=16, prevLogTerm=1, entries=0, commitIndex=16} to 1
22:47:34.773 [raft-server-1-state] TRACE i.a.p.s.impl.DefaultServiceExecutor - PrimitiveService{2}{type=io.atomix.protocols.raft.RaftTest$TestPrimitiveType@43a95102, name=raft-test} - Executing DefaultCommit{index=16, session=RaftSession{RaftServiceContext{server=1, type=io.atomix.protocols.raft.RaftTest$TestPrimitiveType@43a95102, name=raft-test, id=2}, session=2, timestamp=2018-06-07 10:47:34,693}, time=2018-06-07 10:47:34,693, operation=DefaultOperationId{id=write, type=COMMAND}, value=byte[]{length=17, hash=-1644578928}}
22:47:34.773 [raft-client-431b802d-5b1a-4d37-8231-45cdad27d9ba-5] TRACE i.a.p.r.p.impl.RaftProxySequencer - PartitionProxy{2}{type=io.atomix.protocols.raft.RaftTest$TestPrimitiveType@35bfa1bb, name=raft-test} - Completing response CommandResponse{status=OK, index=16, eventIndex=2, result=byte[]{length=2, hash=1272}}
22:47:34.773 [raft-server-3-state] TRACE i.a.p.raft.impl.RaftServiceManager - RaftServer{3} - Applying Indexed{index=16, entry=CommandEntry{term=1, timestamp=2018-06-07 10:47:34,693, session=2, sequence=12, operation=PrimitiveOperation{id=DefaultOperationId{id=write, type=COMMAND}, value=byte[]{length=17, hash=-1644578928}}}}
22:47:34.773 [raft-server-2] TRACE i.a.p.raft.roles.LeaderAppender - RaftServer{2} - Received AppendResponse{status=OK, term=1, succeeded=true, lastLogIndex=16} from 3
22:47:34.773 [raft-server-1] TRACE i.a.p.raft.roles.FollowerRole - RaftServer{1}{role=FOLLOWER} - Received AppendRequest{term=1, leader=2, prevLogIndex=16, prevLogTerm=1, entries=0, commitIndex=16}
22:47:34.773 [raft-server-3-state] TRACE i.a.p.s.impl.DefaultServiceExecutor - PrimitiveService{2}{type=io.atomix.protocols.raft.RaftTest$TestPrimitiveType@19970ea6, name=raft-test} - Executing DefaultCommit{index=16, session=RaftSession{RaftServiceContext{server=3, type=io.atomix.protocols.raft.RaftTest$TestPrimitiveType@19970ea6, name=raft-test, id=2}, session=2, timestamp=2018-06-07 10:47:34,693}, time=2018-06-07 10:47:34,693, operation=DefaultOperationId{id=write, type=COMMAND}, value=byte[]{length=17, hash=-1644578928}}
22:47:34.774 [raft-server-1] TRACE i.a.p.raft.roles.FollowerRole - RaftServer{1}{role=FOLLOWER} - Sending AppendResponse{status=OK, term=1, succeeded=true, lastLogIndex=16}
22:47:34.774 [raft-client-431b802d-5b1a-4d37-8231-45cdad27d9ba-2] TRACE i.a.p.r.p.impl.RaftProxyConnection - PartitionProxy{2}{type=io.atomix.protocols.raft.RaftTest$TestPrimitiveType@35bfa1bb, name=raft-test} - Sending CommandRequest{session=2, sequence=13, operation=PrimitiveOperation{id=DefaultOperationId{id=write, type=COMMAND}, value=byte[]{length=17, hash=-1644578928}}} to 3
22:47:34.774 [raft-server-2] TRACE i.a.p.raft.roles.LeaderAppender - RaftServer{2} - Sending AppendRequest{term=1, leader=2, prevLogIndex=16, prevLogTerm=1, entries=0, commitIndex=16} to 3
22:47:34.774 [raft-server-2] TRACE i.a.p.raft.roles.LeaderAppender - RaftServer{2} - Received AppendResponse{status=OK, term=1, succeeded=true, lastLogIndex=16} from 1
22:47:34.774 [raft-server-3] TRACE i.a.p.raft.roles.FollowerRole - RaftServer{3}{role=FOLLOWER} - Received CommandRequest{session=2, sequence=13, operation=PrimitiveOperation{id=DefaultOperationId{id=write, type=COMMAND}, value=byte[]{length=17, hash=-1644578928}}}
22:47:34.774 [raft-server-2] TRACE i.a.protocols.raft.roles.LeaderRole - RaftServer{2}{role=LEADER} - Received CommandRequest{session=2, sequence=13, operation=PrimitiveOperation{id=DefaultOperationId{id=write, type=COMMAND}, value=byte[]{length=17, hash=-1644578928}}}
22:47:34.774 [raft-server-3] TRACE i.a.p.raft.roles.FollowerRole - RaftServer{3}{role=FOLLOWER} - Received AppendRequest{term=1, leader=2, prevLogIndex=16, prevLogTerm=1, entries=0, commitIndex=16}
22:47:34.774 [raft-server-3] TRACE i.a.p.raft.roles.FollowerRole - RaftServer{3}{role=FOLLOWER} - Sending AppendResponse{status=OK, term=1, succeeded=true, lastLogIndex=16}
22:47:34.774 [raft-server-2] TRACE i.a.protocols.raft.roles.LeaderRole - RaftServer{2}{role=LEADER} - Appended Indexed{index=17, entry=CommandEntry{term=1, timestamp=2018-06-07 10:47:34,774, session=2, sequence=13, operation=PrimitiveOperation{id=DefaultOperationId{id=write, type=COMMAND}, value=byte[]{length=17, hash=-1644578928}}}}
22:47:34.774 [raft-server-2] TRACE i.a.p.raft.roles.LeaderAppender - RaftServer{2} - Received AppendResponse{status=OK, term=1, succeeded=true, lastLogIndex=16} from 3
22:47:34.774 [raft-server-2] TRACE i.a.p.raft.roles.LeaderAppender - RaftServer{2} - Sending AppendRequest{term=1, leader=2, prevLogIndex=16, prevLogTerm=1, entries=1, commitIndex=16} to 3
22:47:34.774 [raft-server-3] TRACE i.a.p.raft.roles.FollowerRole - RaftServer{3}{role=FOLLOWER} - Received AppendRequest{term=1, leader=2, prevLogIndex=16, prevLogTerm=1, entries=1, commitIndex=16}
22:47:34.774 [raft-server-2] TRACE i.a.p.raft.roles.LeaderAppender - RaftServer{2} - Sending AppendRequest{term=1, leader=2, prevLogIndex=16, prevLogTerm=1, entries=1, commitIndex=16} to 1
22:47:34.775 [raft-server-1] TRACE i.a.p.raft.roles.FollowerRole - RaftServer{1}{role=FOLLOWER} - Received AppendRequest{term=1, leader=2, prevLogIndex=16, prevLogTerm=1, entries=1, commitIndex=16}
22:47:34.775 [raft-server-3] TRACE i.a.p.raft.roles.FollowerRole - RaftServer{3}{role=FOLLOWER} - Appended Indexed{index=17, entry=CommandEntry{term=1, timestamp=2018-06-07 10:47:34,774, session=2, sequence=13, operation=PrimitiveOperation{id=DefaultOperationId{id=write, type=COMMAND}, value=byte[]{length=17, hash=-1644578928}}}}
22:47:34.775 [raft-server-3] TRACE i.a.p.raft.roles.FollowerRole - RaftServer{3}{role=FOLLOWER} - Sending AppendResponse{status=OK, term=1, succeeded=true, lastLogIndex=17}
22:47:34.775 [raft-server-1] TRACE i.a.p.raft.roles.FollowerRole - RaftServer{1}{role=FOLLOWER} - Appended Indexed{index=17, entry=CommandEntry{term=1, timestamp=2018-06-07 10:47:34,774, session=2, sequence=13, operation=PrimitiveOperation{id=DefaultOperationId{id=write, type=COMMAND}, value=byte[]{length=17, hash=-1644578928}}}}
22:47:34.775 [raft-server-1] TRACE i.a.p.raft.roles.FollowerRole - RaftServer{1}{role=FOLLOWER} - Sending AppendResponse{status=OK, term=1, succeeded=true, lastLogIndex=17}
22:47:34.775 [raft-server-2] TRACE i.a.p.raft.roles.LeaderAppender - RaftServer{2} - Received AppendResponse{status=OK, term=1, succeeded=true, lastLogIndex=17} from 3
22:47:34.775 [raft-server-2] TRACE i.a.p.raft.roles.LeaderAppender - RaftServer{2} - Committed entries up to 17
22:47:34.800 [raft-server-2] TRACE i.a.p.raft.roles.LeaderAppender - RaftServer{2} - Received AppendResponse{status=OK, term=1, succeeded=true, lastLogIndex=17} from 1
22:47:34.800 [raft-server-2-state] TRACE i.a.p.raft.impl.RaftServiceManager - RaftServer{2} - Applying Indexed{index=17, entry=CommandEntry{term=1, timestamp=2018-06-07 10:47:34,774, session=2, sequence=13, operation=PrimitiveOperation{id=DefaultOperationId{id=write, type=COMMAND}, value=byte[]{length=17, hash=-1644578928}}}}
22:47:34.801 [raft-server-2-state] TRACE i.a.p.s.impl.DefaultServiceExecutor - PrimitiveService{2}{type=io.atomix.protocols.raft.RaftTest$TestPrimitiveType@581a9c39, name=raft-test} - Executing DefaultCommit{index=17, session=RaftSession{RaftServiceContext{server=2, type=io.atomix.protocols.raft.RaftTest$TestPrimitiveType@581a9c39, name=raft-test, id=2}, session=2, timestamp=2018-06-07 10:47:34,774}, time=2018-06-07 10:47:34,774, operation=DefaultOperationId{id=write, type=COMMAND}, value=byte[]{length=17, hash=-1644578928}}
22:47:34.801 [raft-server-2-state] TRACE i.a.protocols.raft.roles.LeaderRole - RaftServer{2}{role=LEADER} - Sending CommandResponse{status=OK, index=17, eventIndex=2, result=byte[]{length=2, hash=1274}}
22:47:34.801 [raft-server-3] TRACE i.a.p.raft.roles.FollowerRole - RaftServer{3}{role=FOLLOWER} - Sending CommandResponse{status=OK, index=17, eventIndex=2, result=byte[]{length=2, hash=1274}}
22:47:34.801 [raft-client-431b802d-5b1a-4d37-8231-45cdad27d9ba-4] TRACE i.a.p.r.p.impl.RaftProxyConnection - PartitionProxy{2}{type=io.atomix.protocols.raft.RaftTest$TestPrimitiveType@35bfa1bb, name=raft-test} - Received CommandResponse{status=OK, index=17, eventIndex=2, result=byte[]{length=2, hash=1274}} from 3
22:47:34.801 [raft-client-431b802d-5b1a-4d37-8231-45cdad27d9ba-4] TRACE i.a.p.r.p.impl.RaftProxySequencer - PartitionProxy{2}{type=io.atomix.protocols.raft.RaftTest$TestPrimitiveType@35bfa1bb, name=raft-test} - Completing response CommandResponse{status=OK, index=17, eventIndex=2, result=byte[]{length=2, hash=1274}}
22:47:34.801 [raft-client-431b802d-5b1a-4d37-8231-45cdad27d9ba-4] TRACE i.a.p.r.p.impl.RaftProxyConnection - PartitionProxy{2}{type=io.atomix.protocols.raft.RaftTest$TestPrimitiveType@35bfa1bb, name=raft-test} - Sending CommandRequest{session=2, sequence=14, operation=PrimitiveOperation{id=DefaultOperationId{id=write, type=COMMAND}, value=byte[]{length=17, hash=-1644578928}}} to 3
22:47:34.802 [raft-server-3] TRACE i.a.p.raft.roles.FollowerRole - RaftServer{3}{role=FOLLOWER} - Received CommandRequest{session=2, sequence=14, operation=PrimitiveOperation{id=DefaultOperationId{id=write, type=COMMAND}, value=byte[]{length=17, hash=-1644578928}}}
22:47:34.802 [raft-server-2] TRACE i.a.protocols.raft.roles.LeaderRole - RaftServer{2}{role=LEADER} - Received CommandRequest{session=2, sequence=14, operation=PrimitiveOperation{id=DefaultOperationId{id=write, type=COMMAND}, value=byte[]{length=17, hash=-1644578928}}}
22:47:34.802 [raft-server-2] TRACE i.a.protocols.raft.roles.LeaderRole - RaftServer{2}{role=LEADER} - Appended Indexed{index=18, entry=CommandEntry{term=1, timestamp=2018-06-07 10:47:34,802, session=2, sequence=14, operation=PrimitiveOperation{id=DefaultOperationId{id=write, type=COMMAND}, value=byte[]{length=17, hash=-1644578928}}}}
22:47:34.802 [raft-server-2] TRACE i.a.p.raft.roles.LeaderAppender - RaftServer{2} - Sending AppendRequest{term=1, leader=2, prevLogIndex=17, prevLogTerm=1, entries=1, commitIndex=17} to 1
22:47:34.802 [raft-server-1] TRACE i.a.p.raft.roles.FollowerRole - RaftServer{1}{role=FOLLOWER} - Received AppendRequest{term=1, leader=2, prevLogIndex=17, prevLogTerm=1, entries=1, commitIndex=17}
22:47:34.802 [raft-server-2] TRACE i.a.p.raft.roles.LeaderAppender - RaftServer{2} - Sending AppendRequest{term=1, leader=2, prevLogIndex=17, prevLogTerm=1, entries=1, commitIndex=17} to 3
22:47:34.802 [raft-server-3] TRACE i.a.p.raft.roles.FollowerRole - RaftServer{3}{role=FOLLOWER} - Received AppendRequest{term=1, leader=2, prevLogIndex=17, prevLogTerm=1, entries=1, commitIndex=17}
22:47:34.802 [raft-server-1] TRACE i.a.p.raft.roles.FollowerRole - RaftServer{1}{role=FOLLOWER} - Appended Indexed{index=18, entry=CommandEntry{term=1, timestamp=2018-06-07 10:47:34,802, session=2, sequence=14, operation=PrimitiveOperation{id=DefaultOperationId{id=write, type=COMMAND}, value=byte[]{length=17, hash=-1644578928}}}}
22:47:34.802 [raft-server-3] TRACE i.a.p.raft.roles.FollowerRole - RaftServer{3}{role=FOLLOWER} - Appended Indexed{index=18, entry=CommandEntry{term=1, timestamp=2018-06-07 10:47:34,802, session=2, sequence=14, operation=PrimitiveOperation{id=DefaultOperationId{id=write, type=COMMAND}, value=byte[]{length=17, hash=-1644578928}}}}
22:47:34.843 [raft-server-1] TRACE i.a.p.raft.roles.FollowerRole - RaftServer{1}{role=FOLLOWER} - Committed entries up to index 17
22:47:34.844 [raft-server-1] TRACE i.a.p.raft.roles.FollowerRole - RaftServer{1}{role=FOLLOWER} - Sending AppendResponse{status=OK, term=1, succeeded=true, lastLogIndex=18}
22:47:34.844 [raft-server-3] TRACE i.a.p.raft.roles.FollowerRole - RaftServer{3}{role=FOLLOWER} - Committed entries up to index 17
22:47:34.844 [raft-server-3] TRACE i.a.p.raft.roles.FollowerRole - RaftServer{3}{role=FOLLOWER} - Sending AppendResponse{status=OK, term=1, succeeded=true, lastLogIndex=18}
22:47:34.844 [raft-server-1-state] TRACE i.a.p.raft.impl.RaftServiceManager - RaftServer{1} - Applying Indexed{index=17, entry=CommandEntry{term=1, timestamp=2018-06-07 10:47:34,774, session=2, sequence=13, operation=PrimitiveOperation{id=DefaultOperationId{id=write, type=COMMAND}, value=byte[]{length=17, hash=-1644578928}}}}
22:47:34.844 [raft-server-3-state] TRACE i.a.p.raft.impl.RaftServiceManager - RaftServer{3} - Applying Indexed{index=17, entry=CommandEntry{term=1, timestamp=2018-06-07 10:47:34,774, session=2, sequence=13, operation=PrimitiveOperation{id=DefaultOperationId{id=write, type=COMMAND}, value=byte[]{length=17, hash=-1644578928}}}}
22:47:34.844 [raft-server-1-state] TRACE i.a.p.s.impl.DefaultServiceExecutor - PrimitiveService{2}{type=io.atomix.protocols.raft.RaftTest$TestPrimitiveType@43a95102, name=raft-test} - Executing DefaultCommit{index=17, session=RaftSession{RaftServiceContext{server=1, type=io.atomix.protocols.raft.RaftTest$TestPrimitiveType@43a95102, name=raft-test, id=2}, session=2, timestamp=2018-06-07 10:47:34,774}, time=2018-06-07 10:47:34,774, operation=DefaultOperationId{id=write, type=COMMAND}, value=byte[]{length=17, hash=-1644578928}}
22:47:34.844 [raft-server-3-state] TRACE i.a.p.s.impl.DefaultServiceExecutor - PrimitiveService{2}{type=io.atomix.protocols.raft.RaftTest$TestPrimitiveType@19970ea6, name=raft-test} - Executing DefaultCommit{index=17, session=RaftSession{RaftServiceContext{server=3, type=io.atomix.protocols.raft.RaftTest$TestPrimitiveType@19970ea6, name=raft-test, id=2}, session=2, timestamp=2018-06-07 10:47:34,774}, time=2018-06-07 10:47:34,774, operation=DefaultOperationId{id=write, type=COMMAND}, value=byte[]{length=17, hash=-1644578928}}
22:47:34.844 [raft-server-2] TRACE i.a.p.raft.roles.LeaderAppender - RaftServer{2} - Received AppendResponse{status=OK, term=1, succeeded=true, lastLogIndex=18} from 1
22:47:34.844 [raft-server-2] TRACE i.a.p.raft.roles.LeaderAppender - RaftServer{2} - Committed entries up to 18
22:47:34.906 [raft-server-2] TRACE i.a.p.raft.roles.LeaderAppender - RaftServer{2} - Received AppendResponse{status=OK, term=1, succeeded=true, lastLogIndex=18} from 3
22:47:34.906 [raft-server-2-state] TRACE i.a.p.raft.impl.RaftServiceManager - RaftServer{2} - Applying Indexed{index=18, entry=CommandEntry{term=1, timestamp=2018-06-07 10:47:34,802, session=2, sequence=14, operation=PrimitiveOperation{id=DefaultOperationId{id=write, type=COMMAND}, value=byte[]{length=17, hash=-1644578928}}}}
22:47:34.906 [raft-server-2-state] TRACE i.a.p.s.impl.DefaultServiceExecutor - PrimitiveService{2}{type=io.atomix.protocols.raft.RaftTest$TestPrimitiveType@581a9c39, name=raft-test} - Executing DefaultCommit{index=18, session=RaftSession{RaftServiceContext{server=2, type=io.atomix.protocols.raft.RaftTest$TestPrimitiveType@581a9c39, name=raft-test, id=2}, session=2, timestamp=2018-06-07 10:47:34,802}, time=2018-06-07 10:47:34,802, operation=DefaultOperationId{id=write, type=COMMAND}, value=byte[]{length=17, hash=-1644578928}}
22:47:34.907 [raft-server-2-state] TRACE i.a.protocols.raft.roles.LeaderRole - RaftServer{2}{role=LEADER} - Sending CommandResponse{status=OK, index=18, eventIndex=2, result=byte[]{length=2, hash=1276}}
22:47:34.907 [raft-server-3] TRACE i.a.p.raft.roles.FollowerRole - RaftServer{3}{role=FOLLOWER} - Sending CommandResponse{status=OK, index=18, eventIndex=2, result=byte[]{length=2, hash=1276}}
22:47:34.907 [raft-client-431b802d-5b1a-4d37-8231-45cdad27d9ba-6] TRACE i.a.p.r.p.impl.RaftProxyConnection - PartitionProxy{2}{type=io.atomix.protocols.raft.RaftTest$TestPrimitiveType@35bfa1bb, name=raft-test} - Received CommandResponse{status=OK, index=18, eventIndex=2, result=byte[]{length=2, hash=1276}} from 3
22:47:34.907 [raft-client-431b802d-5b1a-4d37-8231-45cdad27d9ba-6] TRACE i.a.p.r.p.impl.RaftProxySequencer - PartitionProxy{2}{type=io.atomix.protocols.raft.RaftTest$TestPrimitiveType@35bfa1bb, name=raft-test} - Completing response CommandResponse{status=OK, index=18, eventIndex=2, result=byte[]{length=2, hash=1276}}
22:47:34.907 [raft-client-431b802d-5b1a-4d37-8231-45cdad27d9ba-6] TRACE i.a.p.r.p.impl.RaftProxyConnection - PartitionProxy{2}{type=io.atomix.protocols.raft.RaftTest$TestPrimitiveType@35bfa1bb, name=raft-test} - Sending CommandRequest{session=2, sequence=15, operation=PrimitiveOperation{id=DefaultOperationId{id=write, type=COMMAND}, value=byte[]{length=17, hash=-1644578928}}} to 3
22:47:34.908 [raft-server-3] TRACE i.a.p.raft.roles.FollowerRole - RaftServer{3}{role=FOLLOWER} - Received CommandRequest{session=2, sequence=15, operation=PrimitiveOperation{id=DefaultOperationId{id=write, type=COMMAND}, value=byte[]{length=17, hash=-1644578928}}}
22:47:34.908 [raft-server-2] TRACE i.a.protocols.raft.roles.LeaderRole - RaftServer{2}{role=LEADER} - Received CommandRequest{session=2, sequence=15, operation=PrimitiveOperation{id=DefaultOperationId{id=write, type=COMMAND}, value=byte[]{length=17, hash=-1644578928}}}
22:47:34.908 [raft-server-2] TRACE i.a.protocols.raft.roles.LeaderRole - RaftServer{2}{role=LEADER} - Appended Indexed{index=19, entry=CommandEntry{term=1, timestamp=2018-06-07 10:47:34,908, session=2, sequence=15, operation=PrimitiveOperation{id=DefaultOperationId{id=write, type=COMMAND}, value=byte[]{length=17, hash=-1644578928}}}}
22:47:34.908 [raft-server-2] TRACE i.a.p.raft.roles.LeaderAppender - RaftServer{2} - Sending AppendRequest{term=1, leader=2, prevLogIndex=18, prevLogTerm=1, entries=1, commitIndex=18} to 1
22:47:34.908 [raft-server-1] TRACE i.a.p.raft.roles.FollowerRole - RaftServer{1}{role=FOLLOWER} - Received AppendRequest{term=1, leader=2, prevLogIndex=18, prevLogTerm=1, entries=1, commitIndex=18}
22:47:34.908 [raft-server-2] TRACE i.a.p.raft.roles.LeaderAppender - RaftServer{2} - Sending AppendRequest{term=1, leader=2, prevLogIndex=18, prevLogTerm=1, entries=1, commitIndex=18} to 3
22:47:34.908 [raft-server-3] TRACE i.a.p.raft.roles.FollowerRole - RaftServer{3}{role=FOLLOWER} - Received AppendRequest{term=1, leader=2, prevLogIndex=18, prevLogTerm=1, entries=1, commitIndex=18}
22:47:34.908 [raft-server-1] TRACE i.a.p.raft.roles.FollowerRole - RaftServer{1}{role=FOLLOWER} - Appended Indexed{index=19, entry=CommandEntry{term=1, timestamp=2018-06-07 10:47:34,908, session=2, sequence=15, operation=PrimitiveOperation{id=DefaultOperationId{id=write, type=COMMAND}, value=byte[]{length=17, hash=-1644578928}}}}
22:47:34.909 [raft-server-3] TRACE i.a.p.raft.roles.FollowerRole - RaftServer{3}{role=FOLLOWER} - Appended Indexed{index=19, entry=CommandEntry{term=1, timestamp=2018-06-07 10:47:34,908, session=2, sequence=15, operation=PrimitiveOperation{id=DefaultOperationId{id=write, type=COMMAND}, value=byte[]{length=17, hash=-1644578928}}}}
22:47:35.006 [raft-server-1] TRACE i.a.p.raft.roles.FollowerRole - RaftServer{1}{role=FOLLOWER} - Committed entries up to index 18
22:47:35.006 [raft-server-3] TRACE i.a.p.raft.roles.FollowerRole - RaftServer{3}{role=FOLLOWER} - Committed entries up to index 18
22:47:35.006 [raft-server-1] TRACE i.a.p.raft.roles.FollowerRole - RaftServer{1}{role=FOLLOWER} - Sending AppendResponse{status=OK, term=1, succeeded=true, lastLogIndex=19}
22:47:35.006 [raft-server-3] TRACE i.a.p.raft.roles.FollowerRole - RaftServer{3}{role=FOLLOWER} - Sending AppendResponse{status=OK, term=1, succeeded=true, lastLogIndex=19}
22:47:35.006 [raft-server-2] TRACE i.a.p.raft.roles.LeaderAppender - RaftServer{2} - Received AppendResponse{status=OK, term=1, succeeded=true, lastLogIndex=19} from 1
22:47:35.006 [raft-server-3-state] TRACE i.a.p.raft.impl.RaftServiceManager - RaftServer{3} - Applying Indexed{index=18, entry=CommandEntry{term=1, timestamp=2018-06-07 10:47:34,802, session=2, sequence=14, operation=PrimitiveOperation{id=DefaultOperationId{id=write, type=COMMAND}, value=byte[]{length=17, hash=-1644578928}}}}
22:47:35.006 [raft-server-1-state] TRACE i.a.p.raft.impl.RaftServiceManager - RaftServer{1} - Applying Indexed{index=18, entry=CommandEntry{term=1, timestamp=2018-06-07 10:47:34,802, session=2, sequence=14, operation=PrimitiveOperation{id=DefaultOperationId{id=write, type=COMMAND}, value=byte[]{length=17, hash=-1644578928}}}}
22:47:35.006 [raft-server-2] TRACE i.a.p.raft.roles.LeaderAppender - RaftServer{2} - Committed entries up to 19
22:47:35.006 [raft-server-3-state] TRACE i.a.p.s.impl.DefaultServiceExecutor - PrimitiveService{2}{type=io.atomix.protocols.raft.RaftTest$TestPrimitiveType@19970ea6, name=raft-test} - Executing DefaultCommit{index=18, session=RaftSession{RaftServiceContext{server=3, type=io.atomix.protocols.raft.RaftTest$TestPrimitiveType@19970ea6, name=raft-test, id=2}, session=2, timestamp=2018-06-07 10:47:34,802}, time=2018-06-07 10:47:34,802, operation=DefaultOperationId{id=write, type=COMMAND}, value=byte[]{length=17, hash=-1644578928}}
22:47:35.007 [raft-server-1-state] TRACE i.a.p.s.impl.DefaultServiceExecutor - PrimitiveService{2}{type=io.atomix.protocols.raft.RaftTest$TestPrimitiveType@43a95102, name=raft-test} - Executing DefaultCommit{index=18, session=RaftSession{RaftServiceContext{server=1, type=io.atomix.protocols.raft.RaftTest$TestPrimitiveType@43a95102, name=raft-test, id=2}, session=2, timestamp=2018-06-07 10:47:34,802}, time=2018-06-07 10:47:34,802, operation=DefaultOperationId{id=write, type=COMMAND}, value=byte[]{length=17, hash=-1644578928}}
22:47:35.081 [raft-server-2] TRACE i.a.p.raft.roles.LeaderAppender - RaftServer{2} - Sending AppendRequest{term=1, leader=2, prevLogIndex=19, prevLogTerm=1, entries=0, commitIndex=19} to 1
22:47:35.081 [raft-server-2] TRACE i.a.p.raft.roles.LeaderAppender - RaftServer{2} - Received AppendResponse{status=OK, term=1, succeeded=true, lastLogIndex=19} from 3
22:47:35.081 [raft-server-1] TRACE i.a.p.raft.roles.FollowerRole - RaftServer{1}{role=FOLLOWER} - Received AppendRequest{term=1, leader=2, prevLogIndex=19, prevLogTerm=1, entries=0, commitIndex=19}
22:47:35.081 [raft-server-2] TRACE i.a.p.raft.roles.LeaderAppender - RaftServer{2} - Sending AppendRequest{term=1, leader=2, prevLogIndex=19, prevLogTerm=1, entries=0, commitIndex=19} to 3
22:47:35.081 [raft-server-3] TRACE i.a.p.raft.roles.FollowerRole - RaftServer{3}{role=FOLLOWER} - Received AppendRequest{term=1, leader=2, prevLogIndex=19, prevLogTerm=1, entries=0, commitIndex=19}
22:47:35.081 [raft-server-2-state] TRACE i.a.p.raft.impl.RaftServiceManager - RaftServer{2} - Applying Indexed{index=19, entry=CommandEntry{term=1, timestamp=2018-06-07 10:47:34,908, session=2, sequence=15, operation=PrimitiveOperation{id=DefaultOperationId{id=write, type=COMMAND}, value=byte[]{length=17, hash=-1644578928}}}}
22:47:35.082 [raft-server-2-state] TRACE i.a.p.s.impl.DefaultServiceExecutor - PrimitiveService{2}{type=io.atomix.protocols.raft.RaftTest$TestPrimitiveType@581a9c39, name=raft-test} - Executing DefaultCommit{index=19, session=RaftSession{RaftServiceContext{server=2, type=io.atomix.protocols.raft.RaftTest$TestPrimitiveType@581a9c39, name=raft-test, id=2}, session=2, timestamp=2018-06-07 10:47:34,908}, time=2018-06-07 10:47:34,908, operation=DefaultOperationId{id=write, type=COMMAND}, value=byte[]{length=17, hash=-1644578928}}
22:47:35.082 [raft-server-2-state] TRACE i.a.protocols.raft.roles.LeaderRole - RaftServer{2}{role=LEADER} - Sending CommandResponse{status=OK, index=19, eventIndex=2, result=byte[]{length=2, hash=1278}}
22:47:35.145 [raft-server-1] TRACE i.a.p.raft.roles.FollowerRole - RaftServer{1}{role=FOLLOWER} - Committed entries up to index 19
22:47:35.146 [raft-server-3] TRACE i.a.p.raft.roles.FollowerRole - RaftServer{3}{role=FOLLOWER} - Committed entries up to index 19
22:47:35.146 [raft-server-1] TRACE i.a.p.raft.roles.FollowerRole - RaftServer{1}{role=FOLLOWER} - Sending AppendResponse{status=OK, term=1, succeeded=true, lastLogIndex=19}
22:47:35.146 [raft-server-3] TRACE i.a.p.raft.roles.FollowerRole - RaftServer{3}{role=FOLLOWER} - Sending AppendResponse{status=OK, term=1, succeeded=true, lastLogIndex=19}
22:47:35.146 [raft-server-2] TRACE i.a.p.raft.roles.LeaderAppender - RaftServer{2} - Received AppendResponse{status=OK, term=1, succeeded=true, lastLogIndex=19} from 1
22:47:35.146 [raft-server-3] TRACE i.a.p.raft.roles.FollowerRole - RaftServer{3}{role=FOLLOWER} - Sending CommandResponse{status=OK, index=19, eventIndex=2, result=byte[]{length=2, hash=1278}}
22:47:35.146 [raft-server-2] TRACE i.a.p.raft.roles.LeaderAppender - RaftServer{2} - Received AppendResponse{status=OK, term=1, succeeded=true, lastLogIndex=19} from 3
22:47:35.146 [raft-client-431b802d-5b1a-4d37-8231-45cdad27d9ba-5] TRACE i.a.p.r.p.impl.RaftProxyConnection - PartitionProxy{2}{type=io.atomix.protocols.raft.RaftTest$TestPrimitiveType@35bfa1bb, name=raft-test} - Received CommandResponse{status=OK, index=19, eventIndex=2, result=byte[]{length=2, hash=1278}} from 3
22:47:35.146 [raft-server-1-state] TRACE i.a.p.raft.impl.RaftServiceManager - RaftServer{1} - Applying Indexed{index=19, entry=CommandEntry{term=1, timestamp=2018-06-07 10:47:34,908, session=2, sequence=15, operation=PrimitiveOperation{id=DefaultOperationId{id=write, type=COMMAND}, value=byte[]{length=17, hash=-1644578928}}}}
22:47:35.146 [raft-server-3-state] TRACE i.a.p.raft.impl.RaftServiceManager - RaftServer{3} - Applying Indexed{index=19, entry=CommandEntry{term=1, timestamp=2018-06-07 10:47:34,908, session=2, sequence=15, operation=PrimitiveOperation{id=DefaultOperationId{id=write, type=COMMAND}, value=byte[]{length=17, hash=-1644578928}}}}
22:47:35.146 [raft-client-431b802d-5b1a-4d37-8231-45cdad27d9ba-5] TRACE i.a.p.r.p.impl.RaftProxySequencer - PartitionProxy{2}{type=io.atomix.protocols.raft.RaftTest$TestPrimitiveType@35bfa1bb, name=raft-test} - Completing response CommandResponse{status=OK, index=19, eventIndex=2, result=byte[]{length=2, hash=1278}}
22:47:35.146 [raft-server-1-state] TRACE i.a.p.s.impl.DefaultServiceExecutor - PrimitiveService{2}{type=io.atomix.protocols.raft.RaftTest$TestPrimitiveType@43a95102, name=raft-test} - Executing DefaultCommit{index=19, session=RaftSession{RaftServiceContext{server=1, type=io.atomix.protocols.raft.RaftTest$TestPrimitiveType@43a95102, name=raft-test, id=2}, session=2, timestamp=2018-06-07 10:47:34,908}, time=2018-06-07 10:47:34,908, operation=DefaultOperationId{id=write, type=COMMAND}, value=byte[]{length=17, hash=-1644578928}}
22:47:35.146 [raft-server-3-state] TRACE i.a.p.s.impl.DefaultServiceExecutor - PrimitiveService{2}{type=io.atomix.protocols.raft.RaftTest$TestPrimitiveType@19970ea6, name=raft-test} - Executing DefaultCommit{index=19, session=RaftSession{RaftServiceContext{server=3, type=io.atomix.protocols.raft.RaftTest$TestPrimitiveType@19970ea6, name=raft-test, id=2}, session=2, timestamp=2018-06-07 10:47:34,908}, time=2018-06-07 10:47:34,908, operation=DefaultOperationId{id=write, type=COMMAND}, value=byte[]{length=17, hash=-1644578928}}
22:47:35.146 [raft-client-431b802d-5b1a-4d37-8231-45cdad27d9ba-5] TRACE i.a.p.r.p.impl.RaftProxyConnection - PartitionProxy{2}{type=io.atomix.protocols.raft.RaftTest$TestPrimitiveType@35bfa1bb, name=raft-test} - Sending CommandRequest{session=2, sequence=16, operation=PrimitiveOperation{id=DefaultOperationId{id=write, type=COMMAND}, value=byte[]{length=17, hash=-1644578928}}} to 3
22:47:35.147 [raft-server-3] TRACE i.a.p.raft.roles.FollowerRole - RaftServer{3}{role=FOLLOWER} - Received CommandRequest{session=2, sequence=16, operation=PrimitiveOperation{id=DefaultOperationId{id=write, type=COMMAND}, value=byte[]{length=17, hash=-1644578928}}}
22:47:35.147 [raft-server-2] TRACE i.a.protocols.raft.roles.LeaderRole - RaftServer{2}{role=LEADER} - Received CommandRequest{session=2, sequence=16, operation=PrimitiveOperation{id=DefaultOperationId{id=write, type=COMMAND}, value=byte[]{length=17, hash=-1644578928}}}
22:47:35.147 [raft-server-2] TRACE i.a.protocols.raft.roles.LeaderRole - RaftServer{2}{role=LEADER} - Appended Indexed{index=20, entry=CommandEntry{term=1, timestamp=2018-06-07 10:47:35,147, session=2, sequence=16, operation=PrimitiveOperation{id=DefaultOperationId{id=write, type=COMMAND}, value=byte[]{length=17, hash=-1644578928}}}}
22:47:35.147 [raft-server-2] TRACE i.a.p.raft.roles.LeaderAppender - RaftServer{2} - Sending AppendRequest{term=1, leader=2, prevLogIndex=19, prevLogTerm=1, entries=1, commitIndex=19} to 1
22:47:35.147 [raft-server-2] TRACE i.a.p.raft.roles.LeaderAppender - RaftServer{2} - Sending AppendRequest{term=1, leader=2, prevLogIndex=19, prevLogTerm=1, entries=1, commitIndex=19} to 3
22:47:35.147 [raft-server-1] TRACE i.a.p.raft.roles.FollowerRole - RaftServer{1}{role=FOLLOWER} - Received AppendRequest{term=1, leader=2, prevLogIndex=19, prevLogTerm=1, entries=1, commitIndex=19}
22:47:35.147 [raft-server-3] TRACE i.a.p.raft.roles.FollowerRole - RaftServer{3}{role=FOLLOWER} - Received AppendRequest{term=1, leader=2, prevLogIndex=19, prevLogTerm=1, entries=1, commitIndex=19}
22:47:35.148 [raft-server-1] TRACE i.a.p.raft.roles.FollowerRole - RaftServer{1}{role=FOLLOWER} - Appended Indexed{index=20, entry=CommandEntry{term=1, timestamp=2018-06-07 10:47:35,147, session=2, sequence=16, operation=PrimitiveOperation{id=DefaultOperationId{id=write, type=COMMAND}, value=byte[]{length=17, hash=-1644578928}}}}
22:47:35.148 [raft-server-1] TRACE i.a.p.raft.roles.FollowerRole - RaftServer{1}{role=FOLLOWER} - Sending AppendResponse{status=OK, term=1, succeeded=true, lastLogIndex=20}
22:47:35.148 [raft-server-3] TRACE i.a.p.raft.roles.FollowerRole - RaftServer{3}{role=FOLLOWER} - Appended Indexed{index=20, entry=CommandEntry{term=1, timestamp=2018-06-07 10:47:35,147, session=2, sequence=16, operation=PrimitiveOperation{id=DefaultOperationId{id=write, type=COMMAND}, value=byte[]{length=17, hash=-1644578928}}}}
22:47:35.148 [raft-server-3] TRACE i.a.p.raft.roles.FollowerRole - RaftServer{3}{role=FOLLOWER} - Sending AppendResponse{status=OK, term=1, succeeded=true, lastLogIndex=20}
22:47:35.148 [raft-server-2] TRACE i.a.p.raft.roles.LeaderAppender - RaftServer{2} - Received AppendResponse{status=OK, term=1, succeeded=true, lastLogIndex=20} from 1
22:47:35.148 [raft-server-2] TRACE i.a.p.raft.roles.LeaderAppender - RaftServer{2} - Committed entries up to 20
22:47:35.198 [raft-server-2] TRACE i.a.p.raft.roles.LeaderAppender - RaftServer{2} - Received AppendResponse{status=OK, term=1, succeeded=true, lastLogIndex=20} from 3
22:47:35.198 [raft-server-2-state] TRACE i.a.p.raft.impl.RaftServiceManager - RaftServer{2} - Applying Indexed{index=20, entry=CommandEntry{term=1, timestamp=2018-06-07 10:47:35,147, session=2, sequence=16, operation=PrimitiveOperation{id=DefaultOperationId{id=write, type=COMMAND}, value=byte[]{length=17, hash=-1644578928}}}}
22:47:35.198 [raft-server-2-state] TRACE i.a.p.s.impl.DefaultServiceExecutor - PrimitiveService{2}{type=io.atomix.protocols.raft.RaftTest$TestPrimitiveType@581a9c39, name=raft-test} - Executing DefaultCommit{index=20, session=RaftSession{RaftServiceContext{server=2, type=io.atomix.protocols.raft.RaftTest$TestPrimitiveType@581a9c39, name=raft-test, id=2}, session=2, timestamp=2018-06-07 10:47:35,147}, time=2018-06-07 10:47:35,147, operation=DefaultOperationId{id=write, type=COMMAND}, value=byte[]{length=17, hash=-1644578928}}
22:47:35.198 [raft-server-2-state] TRACE i.a.protocols.raft.roles.LeaderRole - RaftServer{2}{role=LEADER} - Sending CommandResponse{status=OK, index=20, eventIndex=2, result=byte[]{length=2, hash=1280}}
22:47:35.199 [raft-server-3] TRACE i.a.p.raft.roles.FollowerRole - RaftServer{3}{role=FOLLOWER} - Sending CommandResponse{status=OK, index=20, eventIndex=2, result=byte[]{length=2, hash=1280}}
22:47:35.199 [raft-client-431b802d-5b1a-4d37-8231-45cdad27d9ba-0] TRACE i.a.p.r.p.impl.RaftProxyConnection - PartitionProxy{2}{type=io.atomix.protocols.raft.RaftTest$TestPrimitiveType@35bfa1bb, name=raft-test} - Received CommandResponse{status=OK, index=20, eventIndex=2, result=byte[]{length=2, hash=1280}} from 3
22:47:35.199 [raft-client-431b802d-5b1a-4d37-8231-45cdad27d9ba-0] TRACE i.a.p.r.p.impl.RaftProxySequencer - PartitionProxy{2}{type=io.atomix.protocols.raft.RaftTest$TestPrimitiveType@35bfa1bb, name=raft-test} - Completing response CommandResponse{status=OK, index=20, eventIndex=2, result=byte[]{length=2, hash=1280}}
22:47:35.199 [raft-client-431b802d-5b1a-4d37-8231-45cdad27d9ba-1] TRACE i.a.p.r.p.impl.RaftProxyConnection - PartitionProxy{2}{type=io.atomix.protocols.raft.RaftTest$TestPrimitiveType@35bfa1bb, name=raft-test} - Sending CommandRequest{session=2, sequence=17, operation=PrimitiveOperation{id=DefaultOperationId{id=write, type=COMMAND}, value=byte[]{length=17, hash=-1644578928}}} to 3
22:47:35.199 [raft-server-3] TRACE i.a.p.raft.roles.FollowerRole - RaftServer{3}{role=FOLLOWER} - Received CommandRequest{session=2, sequence=17, operation=PrimitiveOperation{id=DefaultOperationId{id=write, type=COMMAND}, value=byte[]{length=17, hash=-1644578928}}}
22:47:35.200 [raft-server-2] TRACE i.a.protocols.raft.roles.LeaderRole - RaftServer{2}{role=LEADER} - Received CommandRequest{session=2, sequence=17, operation=PrimitiveOperation{id=DefaultOperationId{id=write, type=COMMAND}, value=byte[]{length=17, hash=-1644578928}}}
22:47:35.242 [raft-server-2] DEBUG i.a.storage.journal.SegmentedJournal - Created disk segment: JournalSegment{id=3, version=1, index=21, size=64}
22:47:35.242 [raft-server-2] TRACE i.a.protocols.raft.roles.LeaderRole - RaftServer{2}{role=LEADER} - Appended Indexed{index=21, entry=CommandEntry{term=1, timestamp=2018-06-07 10:47:35,200, session=2, sequence=17, operation=PrimitiveOperation{id=DefaultOperationId{id=write, type=COMMAND}, value=byte[]{length=17, hash=-1644578928}}}}
22:47:35.242 [raft-server-2] TRACE i.a.p.raft.roles.LeaderAppender - RaftServer{2} - Sending AppendRequest{term=1, leader=2, prevLogIndex=20, prevLogTerm=1, entries=1, commitIndex=20} to 1
22:47:35.243 [raft-server-1] TRACE i.a.p.raft.roles.FollowerRole - RaftServer{1}{role=FOLLOWER} - Received AppendRequest{term=1, leader=2, prevLogIndex=20, prevLogTerm=1, entries=1, commitIndex=20}
22:47:35.243 [raft-server-2] TRACE i.a.p.raft.roles.LeaderAppender - RaftServer{2} - Sending AppendRequest{term=1, leader=2, prevLogIndex=20, prevLogTerm=1, entries=1, commitIndex=20} to 3
22:47:35.243 [raft-server-3] TRACE i.a.p.raft.roles.FollowerRole - RaftServer{3}{role=FOLLOWER} - Received AppendRequest{term=1, leader=2, prevLogIndex=20, prevLogTerm=1, entries=1, commitIndex=20}
22:47:35.323 [raft-server-1] DEBUG i.a.storage.journal.SegmentedJournal - Created disk segment: JournalSegment{id=3, version=1, index=21, size=64}
22:47:35.323 [raft-server-1] TRACE i.a.p.raft.roles.FollowerRole - RaftServer{1}{role=FOLLOWER} - Appended Indexed{index=21, entry=CommandEntry{term=1, timestamp=2018-06-07 10:47:35,200, session=2, sequence=17, operation=PrimitiveOperation{id=DefaultOperationId{id=write, type=COMMAND}, value=byte[]{length=17, hash=-1644578928}}}}
22:47:35.345 [raft-server-3] DEBUG i.a.storage.journal.SegmentedJournal - Created disk segment: JournalSegment{id=3, version=1, index=21, size=64}
22:47:35.345 [raft-server-3] TRACE i.a.p.raft.roles.FollowerRole - RaftServer{3}{role=FOLLOWER} - Appended Indexed{index=21, entry=CommandEntry{term=1, timestamp=2018-06-07 10:47:35,200, session=2, sequence=17, operation=PrimitiveOperation{id=DefaultOperationId{id=write, type=COMMAND}, value=byte[]{length=17, hash=-1644578928}}}}
22:47:35.375 [raft-server-1] TRACE i.a.p.raft.roles.FollowerRole - RaftServer{1}{role=FOLLOWER} - Committed entries up to index 20
22:47:35.375 [raft-server-1] TRACE i.a.p.raft.roles.FollowerRole - RaftServer{1}{role=FOLLOWER} - Sending AppendResponse{status=OK, term=1, succeeded=true, lastLogIndex=21}
22:47:35.375 [raft-server-2] TRACE i.a.p.raft.roles.LeaderAppender - RaftServer{2} - Received AppendResponse{status=OK, term=1, succeeded=true, lastLogIndex=21} from 1
22:47:35.375 [raft-server-2] TRACE i.a.p.raft.roles.LeaderAppender - RaftServer{2} - Committed entries up to 21
22:47:35.375 [raft-server-1-state] TRACE i.a.p.raft.impl.RaftServiceManager - RaftServer{1} - Applying Indexed{index=20, entry=CommandEntry{term=1, timestamp=2018-06-07 10:47:35,147, session=2, sequence=16, operation=PrimitiveOperation{id=DefaultOperationId{id=write, type=COMMAND}, value=byte[]{length=17, hash=-1644578928}}}}
22:47:35.375 [raft-server-1-state] TRACE i.a.p.s.impl.DefaultServiceExecutor - PrimitiveService{2}{type=io.atomix.protocols.raft.RaftTest$TestPrimitiveType@43a95102, name=raft-test} - Executing DefaultCommit{index=20, session=RaftSession{RaftServiceContext{server=1, type=io.atomix.protocols.raft.RaftTest$TestPrimitiveType@43a95102, name=raft-test, id=2}, session=2, timestamp=2018-06-07 10:47:35,147}, time=2018-06-07 10:47:35,147, operation=DefaultOperationId{id=write, type=COMMAND}, value=byte[]{length=17, hash=-1644578928}}
22:47:35.400 [raft-server-3] TRACE i.a.p.raft.roles.FollowerRole - RaftServer{3}{role=FOLLOWER} - Committed entries up to index 20
22:47:35.400 [raft-server-3] TRACE i.a.p.raft.roles.FollowerRole - RaftServer{3}{role=FOLLOWER} - Sending AppendResponse{status=OK, term=1, succeeded=true, lastLogIndex=21}
22:47:35.400 [raft-server-3-state] TRACE i.a.p.raft.impl.RaftServiceManager - RaftServer{3} - Applying Indexed{index=20, entry=CommandEntry{term=1, timestamp=2018-06-07 10:47:35,147, session=2, sequence=16, operation=PrimitiveOperation{id=DefaultOperationId{id=write, type=COMMAND}, value=byte[]{length=17, hash=-1644578928}}}}
22:47:35.400 [raft-server-3-state] TRACE i.a.p.s.impl.DefaultServiceExecutor - PrimitiveService{2}{type=io.atomix.protocols.raft.RaftTest$TestPrimitiveType@19970ea6, name=raft-test} - Executing DefaultCommit{index=20, session=RaftSession{RaftServiceContext{server=3, type=io.atomix.protocols.raft.RaftTest$TestPrimitiveType@19970ea6, name=raft-test, id=2}, session=2, timestamp=2018-06-07 10:47:35,147}, time=2018-06-07 10:47:35,147, operation=DefaultOperationId{id=write, type=COMMAND}, value=byte[]{length=17, hash=-1644578928}}
22:47:35.417 [raft-server-2] TRACE i.a.p.raft.roles.LeaderAppender - RaftServer{2} - Sending AppendRequest{term=1, leader=2, prevLogIndex=21, prevLogTerm=1, entries=0, commitIndex=21} to 1
22:47:35.417 [raft-server-1] TRACE i.a.p.raft.roles.FollowerRole - RaftServer{1}{role=FOLLOWER} - Received AppendRequest{term=1, leader=2, prevLogIndex=21, prevLogTerm=1, entries=0, commitIndex=21}
22:47:35.417 [raft-server-2] TRACE i.a.p.raft.roles.LeaderAppender - RaftServer{2} - Received AppendResponse{status=OK, term=1, succeeded=true, lastLogIndex=21} from 3
22:47:35.417 [raft-server-2-state] TRACE i.a.p.raft.impl.RaftServiceManager - RaftServer{2} - Applying Indexed{index=21, entry=CommandEntry{term=1, timestamp=2018-06-07 10:47:35,200, session=2, sequence=17, operation=PrimitiveOperation{id=DefaultOperationId{id=write, type=COMMAND}, value=byte[]{length=17, hash=-1644578928}}}}
22:47:35.417 [raft-server-2-state] TRACE i.a.p.s.impl.DefaultServiceExecutor - PrimitiveService{2}{type=io.atomix.protocols.raft.RaftTest$TestPrimitiveType@581a9c39, name=raft-test} - Executing DefaultCommit{index=21, session=RaftSession{RaftServiceContext{server=2, type=io.atomix.protocols.raft.RaftTest$TestPrimitiveType@581a9c39, name=raft-test, id=2}, session=2, timestamp=2018-06-07 10:47:35,200}, time=2018-06-07 10:47:35,200, operation=DefaultOperationId{id=write, type=COMMAND}, value=byte[]{length=17, hash=-1644578928}}
22:47:35.418 [raft-server-2-state] TRACE i.a.protocols.raft.roles.LeaderRole - RaftServer{2}{role=LEADER} - Sending CommandResponse{status=OK, index=21, eventIndex=2, result=byte[]{length=2, hash=1282}}
22:47:35.418 [raft-server-3] TRACE i.a.p.raft.roles.FollowerRole - RaftServer{3}{role=FOLLOWER} - Sending CommandResponse{status=OK, index=21, eventIndex=2, result=byte[]{length=2, hash=1282}}
22:47:35.418 [raft-client-431b802d-5b1a-4d37-8231-45cdad27d9ba-7] TRACE i.a.p.r.p.impl.RaftProxyConnection - PartitionProxy{2}{type=io.atomix.protocols.raft.RaftTest$TestPrimitiveType@35bfa1bb, name=raft-test} - Received CommandResponse{status=OK, index=21, eventIndex=2, result=byte[]{length=2, hash=1282}} from 3
22:47:35.418 [raft-client-431b802d-5b1a-4d37-8231-45cdad27d9ba-7] TRACE i.a.p.r.p.impl.RaftProxySequencer - PartitionProxy{2}{type=io.atomix.protocols.raft.RaftTest$TestPrimitiveType@35bfa1bb, name=raft-test} - Completing response CommandResponse{status=OK, index=21, eventIndex=2, result=byte[]{length=2, hash=1282}}
22:47:35.418 [raft-client-431b802d-5b1a-4d37-8231-45cdad27d9ba-7] TRACE i.a.p.r.p.impl.RaftProxyConnection - PartitionProxy{2}{type=io.atomix.protocols.raft.RaftTest$TestPrimitiveType@35bfa1bb, name=raft-test} - Sending CommandRequest{session=2, sequence=18, operation=PrimitiveOperation{id=DefaultOperationId{id=write, type=COMMAND}, value=byte[]{length=17, hash=-1644578928}}} to 3
22:47:35.418 [raft-server-3] TRACE i.a.p.raft.roles.FollowerRole - RaftServer{3}{role=FOLLOWER} - Received CommandRequest{session=2, sequence=18, operation=PrimitiveOperation{id=DefaultOperationId{id=write, type=COMMAND}, value=byte[]{length=17, hash=-1644578928}}}
22:47:35.419 [raft-server-2] TRACE i.a.protocols.raft.roles.LeaderRole - RaftServer{2}{role=LEADER} - Received CommandRequest{session=2, sequence=18, operation=PrimitiveOperation{id=DefaultOperationId{id=write, type=COMMAND}, value=byte[]{length=17, hash=-1644578928}}}
22:47:35.419 [raft-server-2] TRACE i.a.protocols.raft.roles.LeaderRole - RaftServer{2}{role=LEADER} - Appended Indexed{index=22, entry=CommandEntry{term=1, timestamp=2018-06-07 10:47:35,419, session=2, sequence=18, operation=PrimitiveOperation{id=DefaultOperationId{id=write, type=COMMAND}, value=byte[]{length=17, hash=-1644578928}}}}
22:47:35.419 [raft-server-2] TRACE i.a.p.raft.roles.LeaderAppender - RaftServer{2} - Sending AppendRequest{term=1, leader=2, prevLogIndex=21, prevLogTerm=1, entries=1, commitIndex=21} to 3
22:47:35.419 [raft-server-3] TRACE i.a.p.raft.roles.FollowerRole - RaftServer{3}{role=FOLLOWER} - Received AppendRequest{term=1, leader=2, prevLogIndex=21, prevLogTerm=1, entries=1, commitIndex=21}
22:47:35.419 [raft-server-3] TRACE i.a.p.raft.roles.FollowerRole - RaftServer{3}{role=FOLLOWER} - Appended Indexed{index=22, entry=CommandEntry{term=1, timestamp=2018-06-07 10:47:35,419, session=2, sequence=18, operation=PrimitiveOperation{id=DefaultOperationId{id=write, type=COMMAND}, value=byte[]{length=17, hash=-1644578928}}}}
22:47:35.442 [raft-server-1] TRACE i.a.p.raft.roles.FollowerRole - RaftServer{1}{role=FOLLOWER} - Committed entries up to index 21
22:47:35.442 [raft-server-1] TRACE i.a.p.raft.roles.FollowerRole - RaftServer{1}{role=FOLLOWER} - Sending AppendResponse{status=OK, term=1, succeeded=true, lastLogIndex=21}
22:47:35.442 [raft-server-2] TRACE i.a.p.raft.roles.LeaderAppender - RaftServer{2} - Received AppendResponse{status=OK, term=1, succeeded=true, lastLogIndex=21} from 1
22:47:35.442 [raft-server-2] TRACE i.a.p.raft.roles.LeaderAppender - RaftServer{2} - Sending AppendRequest{term=1, leader=2, prevLogIndex=21, prevLogTerm=1, entries=1, commitIndex=21} to 1
22:47:35.442 [raft-server-1] TRACE i.a.p.raft.roles.FollowerRole - RaftServer{1}{role=FOLLOWER} - Received AppendRequest{term=1, leader=2, prevLogIndex=21, prevLogTerm=1, entries=1, commitIndex=21}
22:47:35.442 [raft-server-1-state] TRACE i.a.p.raft.impl.RaftServiceManager - RaftServer{1} - Applying Indexed{index=21, entry=CommandEntry{term=1, timestamp=2018-06-07 10:47:35,200, session=2, sequence=17, operation=PrimitiveOperation{id=DefaultOperationId{id=write, type=COMMAND}, value=byte[]{length=17, hash=-1644578928}}}}
22:47:35.442 [raft-server-1-state] TRACE i.a.p.s.impl.DefaultServiceExecutor - PrimitiveService{2}{type=io.atomix.protocols.raft.RaftTest$TestPrimitiveType@43a95102, name=raft-test} - Executing DefaultCommit{index=21, session=RaftSession{RaftServiceContext{server=1, type=io.atomix.protocols.raft.RaftTest$TestPrimitiveType@43a95102, name=raft-test, id=2}, session=2, timestamp=2018-06-07 10:47:35,200}, time=2018-06-07 10:47:35,200, operation=DefaultOperationId{id=write, type=COMMAND}, value=byte[]{length=17, hash=-1644578928}}
22:47:35.443 [raft-server-1] TRACE i.a.p.raft.roles.FollowerRole - RaftServer{1}{role=FOLLOWER} - Appended Indexed{index=22, entry=CommandEntry{term=1, timestamp=2018-06-07 10:47:35,419, session=2, sequence=18, operation=PrimitiveOperation{id=DefaultOperationId{id=write, type=COMMAND}, value=byte[]{length=17, hash=-1644578928}}}}
22:47:35.443 [raft-server-1] TRACE i.a.p.raft.roles.FollowerRole - RaftServer{1}{role=FOLLOWER} - Sending AppendResponse{status=OK, term=1, succeeded=true, lastLogIndex=22}
22:47:35.443 [raft-server-2] TRACE i.a.p.raft.roles.LeaderAppender - RaftServer{2} - Received AppendResponse{status=OK, term=1, succeeded=true, lastLogIndex=22} from 1
22:47:35.443 [raft-server-2] TRACE i.a.p.raft.roles.LeaderAppender - RaftServer{2} - Committed entries up to 22
22:47:35.473 [raft-server-3] TRACE i.a.p.raft.roles.FollowerRole - RaftServer{3}{role=FOLLOWER} - Committed entries up to index 21
22:47:35.473 [raft-server-3] TRACE i.a.p.raft.roles.FollowerRole - RaftServer{3}{role=FOLLOWER} - Sending AppendResponse{status=OK, term=1, succeeded=true, lastLogIndex=22}
22:47:35.473 [raft-server-3-state] TRACE i.a.p.raft.impl.RaftServiceManager - RaftServer{3} - Applying Indexed{index=21, entry=CommandEntry{term=1, timestamp=2018-06-07 10:47:35,200, session=2, sequence=17, operation=PrimitiveOperation{id=DefaultOperationId{id=write, type=COMMAND}, value=byte[]{length=17, hash=-1644578928}}}}
22:47:35.473 [raft-server-3-state] TRACE i.a.p.s.impl.DefaultServiceExecutor - PrimitiveService{2}{type=io.atomix.protocols.raft.RaftTest$TestPrimitiveType@19970ea6, name=raft-test} - Executing DefaultCommit{index=21, session=RaftSession{RaftServiceContext{server=3, type=io.atomix.protocols.raft.RaftTest$TestPrimitiveType@19970ea6, name=raft-test, id=2}, session=2, timestamp=2018-06-07 10:47:35,200}, time=2018-06-07 10:47:35,200, operation=DefaultOperationId{id=write, type=COMMAND}, value=byte[]{length=17, hash=-1644578928}}
22:47:35.492 [raft-server-2] TRACE i.a.p.raft.roles.LeaderAppender - RaftServer{2} - Received AppendResponse{status=OK, term=1, succeeded=true, lastLogIndex=22} from 3
22:47:35.492 [raft-server-2] TRACE i.a.p.raft.roles.LeaderAppender - RaftServer{2} - Sending AppendRequest{term=1, leader=2, prevLogIndex=22, prevLogTerm=1, entries=0, commitIndex=22} to 1
22:47:35.492 [raft-server-2] TRACE i.a.p.raft.roles.LeaderAppender - RaftServer{2} - Sending AppendRequest{term=1, leader=2, prevLogIndex=22, prevLogTerm=1, entries=0, commitIndex=22} to 3
22:47:35.492 [raft-server-1] TRACE i.a.p.raft.roles.FollowerRole - RaftServer{1}{role=FOLLOWER} - Received AppendRequest{term=1, leader=2, prevLogIndex=22, prevLogTerm=1, entries=0, commitIndex=22}
22:47:35.492 [raft-server-3] TRACE i.a.p.raft.roles.FollowerRole - RaftServer{3}{role=FOLLOWER} - Received AppendRequest{term=1, leader=2, prevLogIndex=22, prevLogTerm=1, entries=0, commitIndex=22}
22:47:35.492 [raft-server-2-state] TRACE i.a.p.raft.impl.RaftServiceManager - RaftServer{2} - Applying Indexed{index=22, entry=CommandEntry{term=1, timestamp=2018-06-07 10:47:35,419, session=2, sequence=18, operation=PrimitiveOperation{id=DefaultOperationId{id=write, type=COMMAND}, value=byte[]{length=17, hash=-1644578928}}}}
22:47:35.492 [raft-server-2-state] TRACE i.a.p.s.impl.DefaultServiceExecutor - PrimitiveService{2}{type=io.atomix.protocols.raft.RaftTest$TestPrimitiveType@581a9c39, name=raft-test} - Executing DefaultCommit{index=22, session=RaftSession{RaftServiceContext{server=2, type=io.atomix.protocols.raft.RaftTest$TestPrimitiveType@581a9c39, name=raft-test, id=2}, session=2, timestamp=2018-06-07 10:47:35,419}, time=2018-06-07 10:47:35,419, operation=DefaultOperationId{id=write, type=COMMAND}, value=byte[]{length=17, hash=-1644578928}}
22:47:35.493 [raft-server-2] TRACE i.a.protocols.raft.roles.LeaderRole - RaftServer{2}{role=LEADER} - Sending CommandResponse{status=OK, index=22, eventIndex=2, result=byte[]{length=2, hash=1284}}
22:47:35.517 [raft-server-1] TRACE i.a.p.raft.roles.FollowerRole - RaftServer{1}{role=FOLLOWER} - Committed entries up to index 22
22:47:35.517 [raft-server-3] TRACE i.a.p.raft.roles.FollowerRole - RaftServer{3}{role=FOLLOWER} - Committed entries up to index 22
22:47:35.517 [raft-server-1] TRACE i.a.p.raft.roles.FollowerRole - RaftServer{1}{role=FOLLOWER} - Sending AppendResponse{status=OK, term=1, succeeded=true, lastLogIndex=22}
22:47:35.517 [raft-server-3] TRACE i.a.p.raft.roles.FollowerRole - RaftServer{3}{role=FOLLOWER} - Sending AppendResponse{status=OK, term=1, succeeded=true, lastLogIndex=22}
22:47:35.517 [raft-server-2] TRACE i.a.p.raft.roles.LeaderAppender - RaftServer{2} - Received AppendResponse{status=OK, term=1, succeeded=true, lastLogIndex=22} from 1
22:47:35.517 [raft-server-3] TRACE i.a.p.raft.roles.FollowerRole - RaftServer{3}{role=FOLLOWER} - Sending CommandResponse{status=OK, index=22, eventIndex=2, result=byte[]{length=2, hash=1284}}
22:47:35.517 [raft-server-1-state] TRACE i.a.p.raft.impl.RaftServiceManager - RaftServer{1} - Applying Indexed{index=22, entry=CommandEntry{term=1, timestamp=2018-06-07 10:47:35,419, session=2, sequence=18, operation=PrimitiveOperation{id=DefaultOperationId{id=write, type=COMMAND}, value=byte[]{length=17, hash=-1644578928}}}}
22:47:35.517 [raft-server-2] TRACE i.a.p.raft.roles.LeaderAppender - RaftServer{2} - Sending AppendRequest{term=1, leader=2, prevLogIndex=22, prevLogTerm=1, entries=0, commitIndex=22} to 1
22:47:35.517 [raft-server-3-state] TRACE i.a.p.raft.impl.RaftServiceManager - RaftServer{3} - Applying Indexed{index=22, entry=CommandEntry{term=1, timestamp=2018-06-07 10:47:35,419, session=2, sequence=18, operation=PrimitiveOperation{id=DefaultOperationId{id=write, type=COMMAND}, value=byte[]{length=17, hash=-1644578928}}}}
22:47:35.517 [raft-server-2] TRACE i.a.p.raft.roles.LeaderAppender - RaftServer{2} - Received AppendResponse{status=OK, term=1, succeeded=true, lastLogIndex=22} from 3
22:47:35.517 [raft-client-431b802d-5b1a-4d37-8231-45cdad27d9ba-1] TRACE i.a.p.r.p.impl.RaftProxyConnection - PartitionProxy{2}{type=io.atomix.protocols.raft.RaftTest$TestPrimitiveType@35bfa1bb, name=raft-test} - Received CommandResponse{status=OK, index=22, eventIndex=2, result=byte[]{length=2, hash=1284}} from 3
22:47:35.517 [raft-server-1] TRACE i.a.p.raft.roles.FollowerRole - RaftServer{1}{role=FOLLOWER} - Received AppendRequest{term=1, leader=2, prevLogIndex=22, prevLogTerm=1, entries=0, commitIndex=22}
22:47:35.517 [raft-server-1-state] TRACE i.a.p.s.impl.DefaultServiceExecutor - PrimitiveService{2}{type=io.atomix.protocols.raft.RaftTest$TestPrimitiveType@43a95102, name=raft-test} - Executing DefaultCommit{index=22, session=RaftSession{RaftServiceContext{server=1, type=io.atomix.protocols.raft.RaftTest$TestPrimitiveType@43a95102, name=raft-test, id=2}, session=2, timestamp=2018-06-07 10:47:35,419}, time=2018-06-07 10:47:35,419, operation=DefaultOperationId{id=write, type=COMMAND}, value=byte[]{length=17, hash=-1644578928}}
22:47:35.517 [raft-server-3-state] TRACE i.a.p.s.impl.DefaultServiceExecutor - PrimitiveService{2}{type=io.atomix.protocols.raft.RaftTest$TestPrimitiveType@19970ea6, name=raft-test} - Executing DefaultCommit{index=22, session=RaftSession{RaftServiceContext{server=3, type=io.atomix.protocols.raft.RaftTest$TestPrimitiveType@19970ea6, name=raft-test, id=2}, session=2, timestamp=2018-06-07 10:47:35,419}, time=2018-06-07 10:47:35,419, operation=DefaultOperationId{id=write, type=COMMAND}, value=byte[]{length=17, hash=-1644578928}}
22:47:35.517 [raft-server-2] TRACE i.a.p.raft.roles.LeaderAppender - RaftServer{2} - Sending AppendRequest{term=1, leader=2, prevLogIndex=22, prevLogTerm=1, entries=0, commitIndex=22} to 3
22:47:35.517 [raft-client-431b802d-5b1a-4d37-8231-45cdad27d9ba-1] TRACE i.a.p.r.p.impl.RaftProxySequencer - PartitionProxy{2}{type=io.atomix.protocols.raft.RaftTest$TestPrimitiveType@35bfa1bb, name=raft-test} - Completing response CommandResponse{status=OK, index=22, eventIndex=2, result=byte[]{length=2, hash=1284}}
22:47:35.517 [raft-server-1] TRACE i.a.p.raft.roles.FollowerRole - RaftServer{1}{role=FOLLOWER} - Sending AppendResponse{status=OK, term=1, succeeded=true, lastLogIndex=22}
22:47:35.518 [raft-server-3] TRACE i.a.p.raft.roles.FollowerRole - RaftServer{3}{role=FOLLOWER} - Received AppendRequest{term=1, leader=2, prevLogIndex=22, prevLogTerm=1, entries=0, commitIndex=22}
22:47:35.518 [raft-server-2] TRACE i.a.p.raft.roles.LeaderAppender - RaftServer{2} - Received AppendResponse{status=OK, term=1, succeeded=true, lastLogIndex=22} from 1
22:47:35.518 [raft-server-3] TRACE i.a.p.raft.roles.FollowerRole - RaftServer{3}{role=FOLLOWER} - Sending AppendResponse{status=OK, term=1, succeeded=true, lastLogIndex=22}
22:47:35.518 [raft-server-2] TRACE i.a.p.raft.roles.LeaderAppender - RaftServer{2} - Received AppendResponse{status=OK, term=1, succeeded=true, lastLogIndex=22} from 3
22:47:35.518 [raft-client-431b802d-5b1a-4d37-8231-45cdad27d9ba-4] TRACE i.a.p.r.p.impl.RaftProxyConnection - PartitionProxy{2}{type=io.atomix.protocols.raft.RaftTest$TestPrimitiveType@35bfa1bb, name=raft-test} - Sending CommandRequest{session=2, sequence=19, operation=PrimitiveOperation{id=DefaultOperationId{id=write, type=COMMAND}, value=byte[]{length=17, hash=-1644578928}}} to 3
22:47:35.518 [raft-server-3] TRACE i.a.p.raft.roles.FollowerRole - RaftServer{3}{role=FOLLOWER} - Received CommandRequest{session=2, sequence=19, operation=PrimitiveOperation{id=DefaultOperationId{id=write, type=COMMAND}, value=byte[]{length=17, hash=-1644578928}}}
22:47:35.518 [raft-server-2] TRACE i.a.protocols.raft.roles.LeaderRole - RaftServer{2}{role=LEADER} - Received CommandRequest{session=2, sequence=19, operation=PrimitiveOperation{id=DefaultOperationId{id=write, type=COMMAND}, value=byte[]{length=17, hash=-1644578928}}}
22:47:35.519 [raft-server-2] TRACE i.a.protocols.raft.roles.LeaderRole - RaftServer{2}{role=LEADER} - Appended Indexed{index=23, entry=CommandEntry{term=1, timestamp=2018-06-07 10:47:35,518, session=2, sequence=19, operation=PrimitiveOperation{id=DefaultOperationId{id=write, type=COMMAND}, value=byte[]{length=17, hash=-1644578928}}}}
22:47:35.519 [raft-server-2] TRACE i.a.p.raft.roles.LeaderAppender - RaftServer{2} - Sending AppendRequest{term=1, leader=2, prevLogIndex=22, prevLogTerm=1, entries=1, commitIndex=22} to 1
22:47:35.519 [raft-server-1] TRACE i.a.p.raft.roles.FollowerRole - RaftServer{1}{role=FOLLOWER} - Received AppendRequest{term=1, leader=2, prevLogIndex=22, prevLogTerm=1, entries=1, commitIndex=22}
22:47:35.519 [raft-server-2] TRACE i.a.p.raft.roles.LeaderAppender - RaftServer{2} - Sending AppendRequest{term=1, leader=2, prevLogIndex=22, prevLogTerm=1, entries=1, commitIndex=22} to 3
22:47:35.519 [raft-server-3] TRACE i.a.p.raft.roles.FollowerRole - RaftServer{3}{role=FOLLOWER} - Received AppendRequest{term=1, leader=2, prevLogIndex=22, prevLogTerm=1, entries=1, commitIndex=22}
22:47:35.519 [raft-server-1] TRACE i.a.p.raft.roles.FollowerRole - RaftServer{1}{role=FOLLOWER} - Appended Indexed{index=23, entry=CommandEntry{term=1, timestamp=2018-06-07 10:47:35,518, session=2, sequence=19, operation=PrimitiveOperation{id=DefaultOperationId{id=write, type=COMMAND}, value=byte[]{length=17, hash=-1644578928}}}}
22:47:35.519 [raft-server-1] TRACE i.a.p.raft.roles.FollowerRole - RaftServer{1}{role=FOLLOWER} - Sending AppendResponse{status=OK, term=1, succeeded=true, lastLogIndex=23}
22:47:35.519 [raft-server-3] TRACE i.a.p.raft.roles.FollowerRole - RaftServer{3}{role=FOLLOWER} - Appended Indexed{index=23, entry=CommandEntry{term=1, timestamp=2018-06-07 10:47:35,518, session=2, sequence=19, operation=PrimitiveOperation{id=DefaultOperationId{id=write, type=COMMAND}, value=byte[]{length=17, hash=-1644578928}}}}
22:47:35.519 [raft-server-2] TRACE i.a.p.raft.roles.LeaderAppender - RaftServer{2} - Received AppendResponse{status=OK, term=1, succeeded=true, lastLogIndex=23} from 1
22:47:35.519 [raft-server-3] TRACE i.a.p.raft.roles.FollowerRole - RaftServer{3}{role=FOLLOWER} - Sending AppendResponse{status=OK, term=1, succeeded=true, lastLogIndex=23}
22:47:35.519 [raft-server-2] TRACE i.a.p.raft.roles.LeaderAppender - RaftServer{2} - Committed entries up to 23
22:47:35.550 [raft-server-2] TRACE i.a.p.raft.roles.LeaderAppender - RaftServer{2} - Received AppendResponse{status=OK, term=1, succeeded=true, lastLogIndex=23} from 3
22:47:35.550 [raft-server-2-state] TRACE i.a.p.raft.impl.RaftServiceManager - RaftServer{2} - Applying Indexed{index=23, entry=CommandEntry{term=1, timestamp=2018-06-07 10:47:35,518, session=2, sequence=19, operation=PrimitiveOperation{id=DefaultOperationId{id=write, type=COMMAND}, value=byte[]{length=17, hash=-1644578928}}}}
22:47:35.551 [raft-server-2-state] TRACE i.a.p.s.impl.DefaultServiceExecutor - PrimitiveService{2}{type=io.atomix.protocols.raft.RaftTest$TestPrimitiveType@581a9c39, name=raft-test} - Executing DefaultCommit{index=23, session=RaftSession{RaftServiceContext{server=2, type=io.atomix.protocols.raft.RaftTest$TestPrimitiveType@581a9c39, name=raft-test, id=2}, session=2, timestamp=2018-06-07 10:47:35,518}, time=2018-06-07 10:47:35,518, operation=DefaultOperationId{id=write, type=COMMAND}, value=byte[]{length=17, hash=-1644578928}}
22:47:35.551 [raft-server-2-state] TRACE i.a.protocols.raft.roles.LeaderRole - RaftServer{2}{role=LEADER} - Sending CommandResponse{status=OK, index=23, eventIndex=2, result=byte[]{length=2, hash=1286}}
22:47:35.551 [raft-server-3] TRACE i.a.p.raft.roles.FollowerRole - RaftServer{3}{role=FOLLOWER} - Sending CommandResponse{status=OK, index=23, eventIndex=2, result=byte[]{length=2, hash=1286}}
22:47:35.551 [raft-client-431b802d-5b1a-4d37-8231-45cdad27d9ba-0] TRACE i.a.p.r.p.impl.RaftProxyConnection - PartitionProxy{2}{type=io.atomix.protocols.raft.RaftTest$TestPrimitiveType@35bfa1bb, name=raft-test} - Received CommandResponse{status=OK, index=23, eventIndex=2, result=byte[]{length=2, hash=1286}} from 3
22:47:35.551 [raft-client-431b802d-5b1a-4d37-8231-45cdad27d9ba-0] TRACE i.a.p.r.p.impl.RaftProxySequencer - PartitionProxy{2}{type=io.atomix.protocols.raft.RaftTest$TestPrimitiveType@35bfa1bb, name=raft-test} - Completing response CommandResponse{status=OK, index=23, eventIndex=2, result=byte[]{length=2, hash=1286}}
22:47:35.551 [raft-client-431b802d-5b1a-4d37-8231-45cdad27d9ba-6] TRACE i.a.p.r.p.impl.RaftProxyConnection - PartitionProxy{2}{type=io.atomix.protocols.raft.RaftTest$TestPrimitiveType@35bfa1bb, name=raft-test} - Sending CommandRequest{session=2, sequence=20, operation=PrimitiveOperation{id=DefaultOperationId{id=write, type=COMMAND}, value=byte[]{length=17, hash=-1644578928}}} to 3
22:47:35.552 [raft-server-3] TRACE i.a.p.raft.roles.FollowerRole - RaftServer{3}{role=FOLLOWER} - Received CommandRequest{session=2, sequence=20, operation=PrimitiveOperation{id=DefaultOperationId{id=write, type=COMMAND}, value=byte[]{length=17, hash=-1644578928}}}
22:47:35.552 [raft-server-2] TRACE i.a.protocols.raft.roles.LeaderRole - RaftServer{2}{role=LEADER} - Received CommandRequest{session=2, sequence=20, operation=PrimitiveOperation{id=DefaultOperationId{id=write, type=COMMAND}, value=byte[]{length=17, hash=-1644578928}}}
22:47:35.552 [raft-server-2] TRACE i.a.protocols.raft.roles.LeaderRole - RaftServer{2}{role=LEADER} - Appended Indexed{index=24, entry=CommandEntry{term=1, timestamp=2018-06-07 10:47:35,552, session=2, sequence=20, operation=PrimitiveOperation{id=DefaultOperationId{id=write, type=COMMAND}, value=byte[]{length=17, hash=-1644578928}}}}
22:47:35.552 [raft-server-2] TRACE i.a.p.raft.roles.LeaderAppender - RaftServer{2} - Sending AppendRequest{term=1, leader=2, prevLogIndex=23, prevLogTerm=1, entries=1, commitIndex=23} to 1
22:47:35.552 [raft-server-1] TRACE i.a.p.raft.roles.FollowerRole - RaftServer{1}{role=FOLLOWER} - Received AppendRequest{term=1, leader=2, prevLogIndex=23, prevLogTerm=1, entries=1, commitIndex=23}
22:47:35.552 [raft-server-2] TRACE i.a.p.raft.roles.LeaderAppender - RaftServer{2} - Sending AppendRequest{term=1, leader=2, prevLogIndex=23, prevLogTerm=1, entries=1, commitIndex=23} to 3
22:47:35.552 [raft-server-3] TRACE i.a.p.raft.roles.FollowerRole - RaftServer{3}{role=FOLLOWER} - Received AppendRequest{term=1, leader=2, prevLogIndex=23, prevLogTerm=1, entries=1, commitIndex=23}
22:47:35.552 [raft-server-1] TRACE i.a.p.raft.roles.FollowerRole - RaftServer{1}{role=FOLLOWER} - Appended Indexed{index=24, entry=CommandEntry{term=1, timestamp=2018-06-07 10:47:35,552, session=2, sequence=20, operation=PrimitiveOperation{id=DefaultOperationId{id=write, type=COMMAND}, value=byte[]{length=17, hash=-1644578928}}}}
22:47:35.552 [raft-server-3] TRACE i.a.p.raft.roles.FollowerRole - RaftServer{3}{role=FOLLOWER} - Appended Indexed{index=24, entry=CommandEntry{term=1, timestamp=2018-06-07 10:47:35,552, session=2, sequence=20, operation=PrimitiveOperation{id=DefaultOperationId{id=write, type=COMMAND}, value=byte[]{length=17, hash=-1644578928}}}}
22:47:35.623 [raft-server-1] TRACE i.a.p.raft.roles.FollowerRole - RaftServer{1}{role=FOLLOWER} - Committed entries up to index 23
22:47:35.623 [raft-server-3] TRACE i.a.p.raft.roles.FollowerRole - RaftServer{3}{role=FOLLOWER} - Committed entries up to index 23
22:47:35.623 [raft-server-1] TRACE i.a.p.raft.roles.FollowerRole - RaftServer{1}{role=FOLLOWER} - Sending AppendResponse{status=OK, term=1, succeeded=true, lastLogIndex=24}
22:47:35.623 [raft-server-3] TRACE i.a.p.raft.roles.FollowerRole - RaftServer{3}{role=FOLLOWER} - Sending AppendResponse{status=OK, term=1, succeeded=true, lastLogIndex=24}
22:47:35.623 [raft-server-1-state] TRACE i.a.p.raft.impl.RaftServiceManager - RaftServer{1} - Applying Indexed{index=23, entry=CommandEntry{term=1, timestamp=2018-06-07 10:47:35,518, session=2, sequence=19, operation=PrimitiveOperation{id=DefaultOperationId{id=write, type=COMMAND}, value=byte[]{length=17, hash=-1644578928}}}}
22:47:35.623 [raft-server-3-state] TRACE i.a.p.raft.impl.RaftServiceManager - RaftServer{3} - Applying Indexed{index=23, entry=CommandEntry{term=1, timestamp=2018-06-07 10:47:35,518, session=2, sequence=19, operation=PrimitiveOperation{id=DefaultOperationId{id=write, type=COMMAND}, value=byte[]{length=17, hash=-1644578928}}}}
22:47:35.623 [raft-server-2] TRACE i.a.p.raft.roles.LeaderAppender - RaftServer{2} - Received AppendResponse{status=OK, term=1, succeeded=true, lastLogIndex=24} from 1
22:47:35.623 [raft-server-1-state] TRACE i.a.p.s.impl.DefaultServiceExecutor - PrimitiveService{2}{type=io.atomix.protocols.raft.RaftTest$TestPrimitiveType@43a95102, name=raft-test} - Executing DefaultCommit{index=23, session=RaftSession{RaftServiceContext{server=1, type=io.atomix.protocols.raft.RaftTest$TestPrimitiveType@43a95102, name=raft-test, id=2}, session=2, timestamp=2018-06-07 10:47:35,518}, time=2018-06-07 10:47:35,518, operation=DefaultOperationId{id=write, type=COMMAND}, value=byte[]{length=17, hash=-1644578928}}
22:47:35.623 [raft-server-2] TRACE i.a.p.raft.roles.LeaderAppender - RaftServer{2} - Committed entries up to 24
22:47:35.623 [raft-server-3-state] TRACE i.a.p.s.impl.DefaultServiceExecutor - PrimitiveService{2}{type=io.atomix.protocols.raft.RaftTest$TestPrimitiveType@19970ea6, name=raft-test} - Executing DefaultCommit{index=23, session=RaftSession{RaftServiceContext{server=3, type=io.atomix.protocols.raft.RaftTest$TestPrimitiveType@19970ea6, name=raft-test, id=2}, session=2, timestamp=2018-06-07 10:47:35,518}, time=2018-06-07 10:47:35,518, operation=DefaultOperationId{id=write, type=COMMAND}, value=byte[]{length=17, hash=-1644578928}}
22:47:35.701 [raft-server-2] TRACE i.a.p.raft.roles.LeaderAppender - RaftServer{2} - Received AppendResponse{status=OK, term=1, succeeded=true, lastLogIndex=24} from 3
22:47:35.701 [raft-server-2-state] TRACE i.a.p.raft.impl.RaftServiceManager - RaftServer{2} - Applying Indexed{index=24, entry=CommandEntry{term=1, timestamp=2018-06-07 10:47:35,552, session=2, sequence=20, operation=PrimitiveOperation{id=DefaultOperationId{id=write, type=COMMAND}, value=byte[]{length=17, hash=-1644578928}}}}
22:47:35.701 [raft-server-2-state] TRACE i.a.p.s.impl.DefaultServiceExecutor - PrimitiveService{2}{type=io.atomix.protocols.raft.RaftTest$TestPrimitiveType@581a9c39, name=raft-test} - Executing DefaultCommit{index=24, session=RaftSession{RaftServiceContext{server=2, type=io.atomix.protocols.raft.RaftTest$TestPrimitiveType@581a9c39, name=raft-test, id=2}, session=2, timestamp=2018-06-07 10:47:35,552}, time=2018-06-07 10:47:35,552, operation=DefaultOperationId{id=write, type=COMMAND}, value=byte[]{length=17, hash=-1644578928}}
22:47:35.702 [raft-server-2-state] TRACE i.a.protocols.raft.roles.LeaderRole - RaftServer{2}{role=LEADER} - Sending CommandResponse{status=OK, index=24, eventIndex=2, result=byte[]{length=2, hash=1288}}
22:47:35.702 [raft-server-3] TRACE i.a.p.raft.roles.FollowerRole - RaftServer{3}{role=FOLLOWER} - Sending CommandResponse{status=OK, index=24, eventIndex=2, result=byte[]{length=2, hash=1288}}
22:47:35.702 [raft-client-431b802d-5b1a-4d37-8231-45cdad27d9ba-1] TRACE i.a.p.r.p.impl.RaftProxyConnection - PartitionProxy{2}{type=io.atomix.protocols.raft.RaftTest$TestPrimitiveType@35bfa1bb, name=raft-test} - Received CommandResponse{status=OK, index=24, eventIndex=2, result=byte[]{length=2, hash=1288}} from 3
22:47:35.702 [raft-client-431b802d-5b1a-4d37-8231-45cdad27d9ba-1] TRACE i.a.p.r.p.impl.RaftProxySequencer - PartitionProxy{2}{type=io.atomix.protocols.raft.RaftTest$TestPrimitiveType@35bfa1bb, name=raft-test} - Completing response CommandResponse{status=OK, index=24, eventIndex=2, result=byte[]{length=2, hash=1288}}
22:47:35.702 [raft-client-431b802d-5b1a-4d37-8231-45cdad27d9ba-1] TRACE i.a.p.r.p.impl.RaftProxyConnection - PartitionProxy{2}{type=io.atomix.protocols.raft.RaftTest$TestPrimitiveType@35bfa1bb, name=raft-test} - Sending CommandRequest{session=2, sequence=21, operation=PrimitiveOperation{id=DefaultOperationId{id=write, type=COMMAND}, value=byte[]{length=17, hash=-1644578928}}} to 3
22:47:35.703 [raft-server-3] TRACE i.a.p.raft.roles.FollowerRole - RaftServer{3}{role=FOLLOWER} - Received CommandRequest{session=2, sequence=21, operation=PrimitiveOperation{id=DefaultOperationId{id=write, type=COMMAND}, value=byte[]{length=17, hash=-1644578928}}}
22:47:35.703 [raft-server-2] TRACE i.a.protocols.raft.roles.LeaderRole - RaftServer{2}{role=LEADER} - Received CommandRequest{session=2, sequence=21, operation=PrimitiveOperation{id=DefaultOperationId{id=write, type=COMMAND}, value=byte[]{length=17, hash=-1644578928}}}
22:47:35.703 [raft-server-2] TRACE i.a.protocols.raft.roles.LeaderRole - RaftServer{2}{role=LEADER} - Appended Indexed{index=25, entry=CommandEntry{term=1, timestamp=2018-06-07 10:47:35,703, session=2, sequence=21, operation=PrimitiveOperation{id=DefaultOperationId{id=write, type=COMMAND}, value=byte[]{length=17, hash=-1644578928}}}}
22:47:35.703 [raft-server-2] TRACE i.a.p.raft.roles.LeaderAppender - RaftServer{2} - Sending AppendRequest{term=1, leader=2, prevLogIndex=24, prevLogTerm=1, entries=1, commitIndex=24} to 1
22:47:35.703 [raft-server-2] TRACE i.a.p.raft.roles.LeaderAppender - RaftServer{2} - Sending AppendRequest{term=1, leader=2, prevLogIndex=24, prevLogTerm=1, entries=1, commitIndex=24} to 3
22:47:35.703 [raft-server-1] TRACE i.a.p.raft.roles.FollowerRole - RaftServer{1}{role=FOLLOWER} - Received AppendRequest{term=1, leader=2, prevLogIndex=24, prevLogTerm=1, entries=1, commitIndex=24}
22:47:35.703 [raft-server-3] TRACE i.a.p.raft.roles.FollowerRole - RaftServer{3}{role=FOLLOWER} - Received AppendRequest{term=1, leader=2, prevLogIndex=24, prevLogTerm=1, entries=1, commitIndex=24}
22:47:35.703 [raft-server-1] TRACE i.a.p.raft.roles.FollowerRole - RaftServer{1}{role=FOLLOWER} - Appended Indexed{index=25, entry=CommandEntry{term=1, timestamp=2018-06-07 10:47:35,703, session=2, sequence=21, operation=PrimitiveOperation{id=DefaultOperationId{id=write, type=COMMAND}, value=byte[]{length=17, hash=-1644578928}}}}
22:47:35.704 [raft-server-3] TRACE i.a.p.raft.roles.FollowerRole - RaftServer{3}{role=FOLLOWER} - Appended Indexed{index=25, entry=CommandEntry{term=1, timestamp=2018-06-07 10:47:35,703, session=2, sequence=21, operation=PrimitiveOperation{id=DefaultOperationId{id=write, type=COMMAND}, value=byte[]{length=17, hash=-1644578928}}}}
22:47:35.775 [raft-server-1] TRACE i.a.p.raft.roles.FollowerRole - RaftServer{1}{role=FOLLOWER} - Committed entries up to index 24
22:47:35.775 [raft-server-1] TRACE i.a.p.raft.roles.FollowerRole - RaftServer{1}{role=FOLLOWER} - Sending AppendResponse{status=OK, term=1, succeeded=true, lastLogIndex=25}
22:47:35.775 [raft-server-3] TRACE i.a.p.raft.roles.FollowerRole - RaftServer{3}{role=FOLLOWER} - Committed entries up to index 24
22:47:35.775 [raft-server-3] TRACE i.a.p.raft.roles.FollowerRole - RaftServer{3}{role=FOLLOWER} - Sending AppendResponse{status=OK, term=1, succeeded=true, lastLogIndex=25}
22:47:35.775 [raft-server-1-state] TRACE i.a.p.raft.impl.RaftServiceManager - RaftServer{1} - Applying Indexed{index=24, entry=CommandEntry{term=1, timestamp=2018-06-07 10:47:35,552, session=2, sequence=20, operation=PrimitiveOperation{id=DefaultOperationId{id=write, type=COMMAND}, value=byte[]{length=17, hash=-1644578928}}}}
22:47:35.775 [raft-server-3-state] TRACE i.a.p.raft.impl.RaftServiceManager - RaftServer{3} - Applying Indexed{index=24, entry=CommandEntry{term=1, timestamp=2018-06-07 10:47:35,552, session=2, sequence=20, operation=PrimitiveOperation{id=DefaultOperationId{id=write, type=COMMAND}, value=byte[]{length=17, hash=-1644578928}}}}
22:47:35.775 [raft-server-1-state] TRACE i.a.p.s.impl.DefaultServiceExecutor - PrimitiveService{2}{type=io.atomix.protocols.raft.RaftTest$TestPrimitiveType@43a95102, name=raft-test} - Executing DefaultCommit{index=24, session=RaftSession{RaftServiceContext{server=1, type=io.atomix.protocols.raft.RaftTest$TestPrimitiveType@43a95102, name=raft-test, id=2}, session=2, timestamp=2018-06-07 10:47:35,552}, time=2018-06-07 10:47:35,552, operation=DefaultOperationId{id=write, type=COMMAND}, value=byte[]{length=17, hash=-1644578928}}
22:47:35.775 [raft-server-3-state] TRACE i.a.p.s.impl.DefaultServiceExecutor - PrimitiveService{2}{type=io.atomix.protocols.raft.RaftTest$TestPrimitiveType@19970ea6, name=raft-test} - Executing DefaultCommit{index=24, session=RaftSession{RaftServiceContext{server=3, type=io.atomix.protocols.raft.RaftTest$TestPrimitiveType@19970ea6, name=raft-test, id=2}, session=2, timestamp=2018-06-07 10:47:35,552}, time=2018-06-07 10:47:35,552, operation=DefaultOperationId{id=write, type=COMMAND}, value=byte[]{length=17, hash=-1644578928}}
22:47:35.776 [raft-server-2] TRACE i.a.p.raft.roles.LeaderAppender - RaftServer{2} - Received AppendResponse{status=OK, term=1, succeeded=true, lastLogIndex=25} from 1
22:47:35.776 [raft-server-2] TRACE i.a.p.raft.roles.LeaderAppender - RaftServer{2} - Committed entries up to 25
22:47:35.839 [raft-server-2] TRACE i.a.p.raft.roles.LeaderAppender - RaftServer{2} - Sending AppendRequest{term=1, leader=2, prevLogIndex=25, prevLogTerm=1, entries=0, commitIndex=25} to 1
22:47:35.839 [raft-server-2] TRACE i.a.p.raft.roles.LeaderAppender - RaftServer{2} - Received AppendResponse{status=OK, term=1, succeeded=true, lastLogIndex=25} from 3
22:47:35.839 [raft-server-1] TRACE i.a.p.raft.roles.FollowerRole - RaftServer{1}{role=FOLLOWER} - Received AppendRequest{term=1, leader=2, prevLogIndex=25, prevLogTerm=1, entries=0, commitIndex=25}
22:47:35.840 [raft-server-2] TRACE i.a.p.raft.roles.LeaderAppender - RaftServer{2} - Sending AppendRequest{term=1, leader=2, prevLogIndex=25, prevLogTerm=1, entries=0, commitIndex=25} to 3
22:47:35.840 [raft-server-3] TRACE i.a.p.raft.roles.FollowerRole - RaftServer{3}{role=FOLLOWER} - Received AppendRequest{term=1, leader=2, prevLogIndex=25, prevLogTerm=1, entries=0, commitIndex=25}
22:47:35.840 [raft-server-2-state] TRACE i.a.p.raft.impl.RaftServiceManager - RaftServer{2} - Applying Indexed{index=25, entry=CommandEntry{term=1, timestamp=2018-06-07 10:47:35,703, session=2, sequence=21, operation=PrimitiveOperation{id=DefaultOperationId{id=write, type=COMMAND}, value=byte[]{length=17, hash=-1644578928}}}}
22:47:35.840 [raft-server-2-state] TRACE i.a.p.s.impl.DefaultServiceExecutor - PrimitiveService{2}{type=io.atomix.protocols.raft.RaftTest$TestPrimitiveType@581a9c39, name=raft-test} - Executing DefaultCommit{index=25, session=RaftSession{RaftServiceContext{server=2, type=io.atomix.protocols.raft.RaftTest$TestPrimitiveType@581a9c39, name=raft-test, id=2}, session=2, timestamp=2018-06-07 10:47:35,703}, time=2018-06-07 10:47:35,703, operation=DefaultOperationId{id=write, type=COMMAND}, value=byte[]{length=17, hash=-1644578928}}
22:47:35.840 [raft-server-2-state] TRACE i.a.protocols.raft.roles.LeaderRole - RaftServer{2}{role=LEADER} - Sending CommandResponse{status=OK, index=25, eventIndex=2, result=byte[]{length=2, hash=1290}}
22:47:35.910 [raft-server-1] TRACE i.a.p.raft.roles.FollowerRole - RaftServer{1}{role=FOLLOWER} - Committed entries up to index 25
22:47:35.911 [raft-server-1] TRACE i.a.p.raft.roles.FollowerRole - RaftServer{1}{role=FOLLOWER} - Sending AppendResponse{status=OK, term=1, succeeded=true, lastLogIndex=25}
22:47:35.911 [raft-server-2] TRACE i.a.p.raft.roles.LeaderAppender - RaftServer{2} - Received AppendResponse{status=OK, term=1, succeeded=true, lastLogIndex=25} from 1
22:47:35.911 [raft-server-1-state] TRACE i.a.p.raft.impl.RaftServiceManager - RaftServer{1} - Applying Indexed{index=25, entry=CommandEntry{term=1, timestamp=2018-06-07 10:47:35,703, session=2, sequence=21, operation=PrimitiveOperation{id=DefaultOperationId{id=write, type=COMMAND}, value=byte[]{length=17, hash=-1644578928}}}}
22:47:35.911 [raft-server-1-state] TRACE i.a.p.s.impl.DefaultServiceExecutor - PrimitiveService{2}{type=io.atomix.protocols.raft.RaftTest$TestPrimitiveType@43a95102, name=raft-test} - Executing DefaultCommit{index=25, session=RaftSession{RaftServiceContext{server=1, type=io.atomix.protocols.raft.RaftTest$TestPrimitiveType@43a95102, name=raft-test, id=2}, session=2, timestamp=2018-06-07 10:47:35,703}, time=2018-06-07 10:47:35,703, operation=DefaultOperationId{id=write, type=COMMAND}, value=byte[]{length=17, hash=-1644578928}}
22:47:35.922 [raft-client-431b802d-5b1a-4d37-8231-45cdad27d9ba-5] TRACE i.a.p.r.proxy.impl.RaftProxyManager - RaftClient{431b802d-5b1a-4d37-8231-45cdad27d9ba} - Keeping 1 sessions alive
22:47:35.922 [raft-client-431b802d-5b1a-4d37-8231-45cdad27d9ba-5] TRACE i.a.p.r.p.impl.RaftProxyConnection - RaftClient{431b802d-5b1a-4d37-8231-45cdad27d9ba} - Sending KeepAliveRequest{sessionIds=long[]{length=1, hash=33}, commandSequences=long[]{length=1, hash=51}, eventIndexes=long[]{length=1, hash=33}} to 3
22:47:35.977 [raft-server-2] TRACE i.a.p.raft.roles.LeaderAppender - RaftServer{2} - Sending AppendRequest{term=1, leader=2, prevLogIndex=25, prevLogTerm=1, entries=0, commitIndex=25} to 1
22:47:35.977 [raft-server-1] TRACE i.a.p.raft.roles.FollowerRole - RaftServer{1}{role=FOLLOWER} - Received AppendRequest{term=1, leader=2, prevLogIndex=25, prevLogTerm=1, entries=0, commitIndex=25}
22:47:35.977 [raft-server-1] TRACE i.a.p.raft.roles.FollowerRole - RaftServer{1}{role=FOLLOWER} - Sending AppendResponse{status=OK, term=1, succeeded=true, lastLogIndex=25}
22:47:35.977 [raft-server-2] TRACE i.a.p.raft.roles.LeaderAppender - RaftServer{2} - Received AppendResponse{status=OK, term=1, succeeded=true, lastLogIndex=25} from 1
22:47:35.977 [raft-server-2] TRACE i.a.p.raft.roles.LeaderAppender - RaftServer{2} - Sending AppendRequest{term=1, leader=2, prevLogIndex=25, prevLogTerm=1, entries=0, commitIndex=25} to 1
22:47:35.977 [raft-server-1] TRACE i.a.p.raft.roles.FollowerRole - RaftServer{1}{role=FOLLOWER} - Received AppendRequest{term=1, leader=2, prevLogIndex=25, prevLogTerm=1, entries=0, commitIndex=25}
22:47:35.977 [raft-server-1] TRACE i.a.p.raft.roles.FollowerRole - RaftServer{1}{role=FOLLOWER} - Sending AppendResponse{status=OK, term=1, succeeded=true, lastLogIndex=25}
22:47:35.977 [raft-server-2] TRACE i.a.p.raft.roles.LeaderAppender - RaftServer{2} - Received AppendResponse{status=OK, term=1, succeeded=true, lastLogIndex=25} from 1
22:47:35.977 [raft-server-2] TRACE i.a.p.raft.roles.LeaderAppender - RaftServer{2} - Sending AppendRequest{term=1, leader=2, prevLogIndex=25, prevLogTerm=1, entries=0, commitIndex=25} to 1
22:47:35.977 [raft-server-1] TRACE i.a.p.raft.roles.FollowerRole - RaftServer{1}{role=FOLLOWER} - Received AppendRequest{term=1, leader=2, prevLogIndex=25, prevLogTerm=1, entries=0, commitIndex=25}
22:47:35.977 [raft-server-1] TRACE i.a.p.raft.roles.FollowerRole - RaftServer{1}{role=FOLLOWER} - Sending AppendResponse{status=OK, term=1, succeeded=true, lastLogIndex=25}
22:47:35.977 [raft-server-2] TRACE i.a.p.raft.roles.LeaderAppender - RaftServer{2} - Received AppendResponse{status=OK, term=1, succeeded=true, lastLogIndex=25} from 1
22:47:35.978 [raft-server-2] TRACE i.a.p.raft.roles.LeaderAppender - RaftServer{2} - Sending AppendRequest{term=1, leader=2, prevLogIndex=25, prevLogTerm=1, entries=0, commitIndex=25} to 1
22:47:35.978 [raft-server-1] TRACE i.a.p.raft.roles.FollowerRole - RaftServer{1}{role=FOLLOWER} - Received AppendRequest{term=1, leader=2, prevLogIndex=25, prevLogTerm=1, entries=0, commitIndex=25}
22:47:35.978 [raft-server-1] TRACE i.a.p.raft.roles.FollowerRole - RaftServer{1}{role=FOLLOWER} - Sending AppendResponse{status=OK, term=1, succeeded=true, lastLogIndex=25}
22:47:35.978 [raft-server-2] TRACE i.a.p.raft.roles.LeaderAppender - RaftServer{2} - Received AppendResponse{status=OK, term=1, succeeded=true, lastLogIndex=25} from 1
22:47:36.001 [raft-server-3] TRACE i.a.p.raft.roles.FollowerRole - RaftServer{3}{role=FOLLOWER} - Committed entries up to index 25
22:47:36.001 [raft-server-3] TRACE i.a.p.raft.roles.FollowerRole - RaftServer{3}{role=FOLLOWER} - Sending AppendResponse{status=OK, term=1, succeeded=true, lastLogIndex=25}
22:47:36.001 [raft-server-3] TRACE i.a.p.raft.roles.FollowerRole - RaftServer{3}{role=FOLLOWER} - Sending CommandResponse{status=OK, index=25, eventIndex=2, result=byte[]{length=2, hash=1290}}
22:47:36.001 [raft-server-2] TRACE i.a.p.raft.roles.LeaderAppender - RaftServer{2} - Received AppendResponse{status=OK, term=1, succeeded=true, lastLogIndex=25} from 3
22:47:36.001 [raft-server-3] TRACE i.a.p.raft.roles.FollowerRole - RaftServer{3}{role=FOLLOWER} - Received KeepAliveRequest{sessionIds=long[]{length=1, hash=33}, commandSequences=long[]{length=1, hash=51}, eventIndexes=long[]{length=1, hash=33}}
22:47:36.001 [raft-client-431b802d-5b1a-4d37-8231-45cdad27d9ba-3] TRACE i.a.p.r.p.impl.RaftProxyConnection - PartitionProxy{2}{type=io.atomix.protocols.raft.RaftTest$TestPrimitiveType@35bfa1bb, name=raft-test} - Received CommandResponse{status=OK, index=25, eventIndex=2, result=byte[]{length=2, hash=1290}} from 3
22:47:36.001 [raft-server-2] TRACE i.a.protocols.raft.roles.LeaderRole - RaftServer{2}{role=LEADER} - Received KeepAliveRequest{sessionIds=long[]{length=1, hash=33}, commandSequences=long[]{length=1, hash=51}, eventIndexes=long[]{length=1, hash=33}}
22:47:36.001 [raft-client-431b802d-5b1a-4d37-8231-45cdad27d9ba-3] TRACE i.a.p.r.p.impl.RaftProxySequencer - PartitionProxy{2}{type=io.atomix.protocols.raft.RaftTest$TestPrimitiveType@35bfa1bb, name=raft-test} - Completing response CommandResponse{status=OK, index=25, eventIndex=2, result=byte[]{length=2, hash=1290}}
22:47:36.001 [raft-server-3-state] TRACE i.a.p.raft.impl.RaftServiceManager - RaftServer{3} - Applying Indexed{index=25, entry=CommandEntry{term=1, timestamp=2018-06-07 10:47:35,703, session=2, sequence=21, operation=PrimitiveOperation{id=DefaultOperationId{id=write, type=COMMAND}, value=byte[]{length=17, hash=-1644578928}}}}
22:47:36.001 [raft-server-3-state] TRACE i.a.p.s.impl.DefaultServiceExecutor - PrimitiveService{2}{type=io.atomix.protocols.raft.RaftTest$TestPrimitiveType@19970ea6, name=raft-test} - Executing DefaultCommit{index=25, session=RaftSession{RaftServiceContext{server=3, type=io.atomix.protocols.raft.RaftTest$TestPrimitiveType@19970ea6, name=raft-test, id=2}, session=2, timestamp=2018-06-07 10:47:35,703}, time=2018-06-07 10:47:35,703, operation=DefaultOperationId{id=write, type=COMMAND}, value=byte[]{length=17, hash=-1644578928}}
22:47:36.001 [raft-server-2] TRACE i.a.protocols.raft.roles.LeaderRole - RaftServer{2}{role=LEADER} - Appended Indexed{index=26, entry=KeepAliveEntry{term=1, timestamp=2018-06-07 10:47:36,001, sessionIds=long[]{length=1, hash=33}, commandSequences=long[]{length=1, hash=51}, eventIndexes=long[]{length=1, hash=33}}}
22:47:36.001 [raft-server-2] TRACE i.a.p.raft.roles.LeaderAppender - RaftServer{2} - Sending AppendRequest{term=1, leader=2, prevLogIndex=25, prevLogTerm=1, entries=1, commitIndex=25} to 1
22:47:36.001 [raft-server-1] TRACE i.a.p.raft.roles.FollowerRole - RaftServer{1}{role=FOLLOWER} - Received AppendRequest{term=1, leader=2, prevLogIndex=25, prevLogTerm=1, entries=1, commitIndex=25}
22:47:36.002 [raft-server-2] TRACE i.a.p.raft.roles.LeaderAppender - RaftServer{2} - Sending AppendRequest{term=1, leader=2, prevLogIndex=25, prevLogTerm=1, entries=1, commitIndex=25} to 3
22:47:36.002 [raft-server-3] TRACE i.a.p.raft.roles.FollowerRole - RaftServer{3}{role=FOLLOWER} - Received AppendRequest{term=1, leader=2, prevLogIndex=25, prevLogTerm=1, entries=1, commitIndex=25}
22:47:36.002 [raft-server-1] TRACE i.a.p.raft.roles.FollowerRole - RaftServer{1}{role=FOLLOWER} - Appended Indexed{index=26, entry=KeepAliveEntry{term=1, timestamp=2018-06-07 10:47:36,001, sessionIds=long[]{length=1, hash=33}, commandSequences=long[]{length=1, hash=51}, eventIndexes=long[]{length=1, hash=33}}}
22:47:36.002 [raft-server-1] TRACE i.a.p.raft.roles.FollowerRole - RaftServer{1}{role=FOLLOWER} - Sending AppendResponse{status=OK, term=1, succeeded=true, lastLogIndex=26}
22:47:36.002 [raft-client-431b802d-5b1a-4d37-8231-45cdad27d9ba-1] TRACE i.a.p.r.p.impl.RaftProxyConnection - PartitionProxy{2}{type=io.atomix.protocols.raft.RaftTest$TestPrimitiveType@35bfa1bb, name=raft-test} - Sending CommandRequest{session=2, sequence=22, operation=PrimitiveOperation{id=DefaultOperationId{id=write, type=COMMAND}, value=byte[]{length=17, hash=-1644578928}}} to 3
22:47:36.002 [raft-server-3] TRACE i.a.p.raft.roles.FollowerRole - RaftServer{3}{role=FOLLOWER} - Appended Indexed{index=26, entry=KeepAliveEntry{term=1, timestamp=2018-06-07 10:47:36,001, sessionIds=long[]{length=1, hash=33}, commandSequences=long[]{length=1, hash=51}, eventIndexes=long[]{length=1, hash=33}}}
22:47:36.002 [raft-server-3] TRACE i.a.p.raft.roles.FollowerRole - RaftServer{3}{role=FOLLOWER} - Sending AppendResponse{status=OK, term=1, succeeded=true, lastLogIndex=26}
22:47:36.002 [raft-server-3] TRACE i.a.p.raft.roles.FollowerRole - RaftServer{3}{role=FOLLOWER} - Received CommandRequest{session=2, sequence=22, operation=PrimitiveOperation{id=DefaultOperationId{id=write, type=COMMAND}, value=byte[]{length=17, hash=-1644578928}}}
22:47:36.003 [raft-server-2] TRACE i.a.p.raft.roles.LeaderAppender - RaftServer{2} - Received AppendResponse{status=OK, term=1, succeeded=true, lastLogIndex=26} from 1
22:47:36.003 [raft-server-2] TRACE i.a.p.raft.roles.LeaderAppender - RaftServer{2} - Committed entries up to 26
22:47:36.064 [raft-server-2] TRACE i.a.p.raft.roles.LeaderAppender - RaftServer{2} - Received AppendResponse{status=OK, term=1, succeeded=true, lastLogIndex=26} from 3
22:47:36.064 [raft-server-2] TRACE i.a.protocols.raft.roles.LeaderRole - RaftServer{2}{role=LEADER} - Received CommandRequest{session=2, sequence=22, operation=PrimitiveOperation{id=DefaultOperationId{id=write, type=COMMAND}, value=byte[]{length=17, hash=-1644578928}}}
22:47:36.065 [raft-server-2] TRACE i.a.protocols.raft.roles.LeaderRole - RaftServer{2}{role=LEADER} - Appended Indexed{index=27, entry=CommandEntry{term=1, timestamp=2018-06-07 10:47:36,064, session=2, sequence=22, operation=PrimitiveOperation{id=DefaultOperationId{id=write, type=COMMAND}, value=byte[]{length=17, hash=-1644578928}}}}
22:47:36.065 [raft-server-2-state] TRACE i.a.p.raft.impl.RaftServiceManager - RaftServer{2} - Applying Indexed{index=26, entry=KeepAliveEntry{term=1, timestamp=2018-06-07 10:47:36,001, sessionIds=long[]{length=1, hash=33}, commandSequences=long[]{length=1, hash=51}, eventIndexes=long[]{length=1, hash=33}}}
22:47:36.065 [raft-server-2] TRACE i.a.p.raft.roles.LeaderAppender - RaftServer{2} - Sending AppendRequest{term=1, leader=2, prevLogIndex=26, prevLogTerm=1, entries=1, commitIndex=26} to 1
22:47:36.065 [raft-server-1] TRACE i.a.p.raft.roles.FollowerRole - RaftServer{1}{role=FOLLOWER} - Received AppendRequest{term=1, leader=2, prevLogIndex=26, prevLogTerm=1, entries=1, commitIndex=26}
22:47:36.065 [raft-server-2] TRACE i.a.p.raft.roles.LeaderAppender - RaftServer{2} - Sending AppendRequest{term=1, leader=2, prevLogIndex=26, prevLogTerm=1, entries=1, commitIndex=26} to 3
22:47:36.065 [raft-server-3] TRACE i.a.p.raft.roles.FollowerRole - RaftServer{3}{role=FOLLOWER} - Received AppendRequest{term=1, leader=2, prevLogIndex=26, prevLogTerm=1, entries=1, commitIndex=26}
22:47:36.065 [raft-server-2] TRACE i.a.protocols.raft.roles.LeaderRole - RaftServer{2}{role=LEADER} - Sending KeepAliveResponse{status=OK, leader=2, members=[1, 2, 3], sessionIds=long[]{length=1, hash=33}}
22:47:36.065 [raft-server-1] TRACE i.a.p.raft.roles.FollowerRole - RaftServer{1}{role=FOLLOWER} - Appended Indexed{index=27, entry=CommandEntry{term=1, timestamp=2018-06-07 10:47:36,064, session=2, sequence=22, operation=PrimitiveOperation{id=DefaultOperationId{id=write, type=COMMAND}, value=byte[]{length=17, hash=-1644578928}}}}
22:47:36.065 [raft-server-3] TRACE i.a.p.raft.roles.FollowerRole - RaftServer{3}{role=FOLLOWER} - Appended Indexed{index=27, entry=CommandEntry{term=1, timestamp=2018-06-07 10:47:36,064, session=2, sequence=22, operation=PrimitiveOperation{id=DefaultOperationId{id=write, type=COMMAND}, value=byte[]{length=17, hash=-1644578928}}}}
22:47:36.175 [raft-server-1] TRACE i.a.p.raft.roles.FollowerRole - RaftServer{1}{role=FOLLOWER} - Committed entries up to index 26
22:47:36.175 [raft-server-3] TRACE i.a.p.raft.roles.FollowerRole - RaftServer{3}{role=FOLLOWER} - Committed entries up to index 26
22:47:36.175 [raft-server-1] TRACE i.a.p.raft.roles.FollowerRole - RaftServer{1}{role=FOLLOWER} - Sending AppendResponse{status=OK, term=1, succeeded=true, lastLogIndex=27}
22:47:36.175 [raft-server-3] TRACE i.a.p.raft.roles.FollowerRole - RaftServer{3}{role=FOLLOWER} - Sending AppendResponse{status=OK, term=1, succeeded=true, lastLogIndex=27}
22:47:36.175 [raft-server-3] TRACE i.a.p.raft.roles.FollowerRole - RaftServer{3}{role=FOLLOWER} - Sending KeepAliveResponse{status=OK, leader=2, members=[1, 2, 3], sessionIds=long[]{length=1, hash=33}}
22:47:36.175 [raft-server-2] TRACE i.a.p.raft.roles.LeaderAppender - RaftServer{2} - Received AppendResponse{status=OK, term=1, succeeded=true, lastLogIndex=27} from 1
22:47:36.175 [raft-server-1-state] TRACE i.a.p.raft.impl.RaftServiceManager - RaftServer{1} - Applying Indexed{index=26, entry=KeepAliveEntry{term=1, timestamp=2018-06-07 10:47:36,001, sessionIds=long[]{length=1, hash=33}, commandSequences=long[]{length=1, hash=51}, eventIndexes=long[]{length=1, hash=33}}}
22:47:36.175 [raft-server-2] TRACE i.a.p.raft.roles.LeaderAppender - RaftServer{2} - Committed entries up to 27
22:47:36.175 [raft-client-431b802d-5b1a-4d37-8231-45cdad27d9ba-2] TRACE i.a.p.r.p.impl.RaftProxyConnection - RaftClient{431b802d-5b1a-4d37-8231-45cdad27d9ba} - Received KeepAliveResponse{status=OK, leader=2, members=[1, 2, 3], sessionIds=long[]{length=1, hash=33}} from 3
22:47:36.175 [raft-server-3-state] TRACE i.a.p.raft.impl.RaftServiceManager - RaftServer{3} - Applying Indexed{index=26, entry=KeepAliveEntry{term=1, timestamp=2018-06-07 10:47:36,001, sessionIds=long[]{length=1, hash=33}, commandSequences=long[]{length=1, hash=51}, eventIndexes=long[]{length=1, hash=33}}}
22:47:36.278 [raft-server-2] TRACE i.a.p.raft.roles.LeaderAppender - RaftServer{2} - Received AppendResponse{status=OK, term=1, succeeded=true, lastLogIndex=27} from 3
22:47:36.278 [raft-server-2] TRACE i.a.p.raft.roles.LeaderAppender - RaftServer{2} - Sending AppendRequest{term=1, leader=2, prevLogIndex=27, prevLogTerm=1, entries=0, commitIndex=27} to 1
22:47:36.278 [raft-server-1] TRACE i.a.p.raft.roles.FollowerRole - RaftServer{1}{role=FOLLOWER} - Received AppendRequest{term=1, leader=2, prevLogIndex=27, prevLogTerm=1, entries=0, commitIndex=27}
22:47:36.278 [raft-server-2] TRACE i.a.p.raft.roles.LeaderAppender - RaftServer{2} - Sending AppendRequest{term=1, leader=2, prevLogIndex=27, prevLogTerm=1, entries=0, commitIndex=27} to 3
22:47:36.278 [raft-server-3] TRACE i.a.p.raft.roles.FollowerRole - RaftServer{3}{role=FOLLOWER} - Received AppendRequest{term=1, leader=2, prevLogIndex=27, prevLogTerm=1, entries=0, commitIndex=27}
22:47:36.278 [raft-server-2-state] TRACE i.a.p.raft.impl.RaftServiceManager - RaftServer{2} - Applying Indexed{index=27, entry=CommandEntry{term=1, timestamp=2018-06-07 10:47:36,064, session=2, sequence=22, operation=PrimitiveOperation{id=DefaultOperationId{id=write, type=COMMAND}, value=byte[]{length=17, hash=-1644578928}}}}
22:47:36.279 [raft-server-2-state] TRACE i.a.p.s.impl.DefaultServiceExecutor - PrimitiveService{2}{type=io.atomix.protocols.raft.RaftTest$TestPrimitiveType@581a9c39, name=raft-test} - Executing DefaultCommit{index=27, session=RaftSession{RaftServiceContext{server=2, type=io.atomix.protocols.raft.RaftTest$TestPrimitiveType@581a9c39, name=raft-test, id=2}, session=2, timestamp=2018-06-07 10:47:36,064}, time=2018-06-07 10:47:36,064, operation=DefaultOperationId{id=write, type=COMMAND}, value=byte[]{length=17, hash=-1644578928}}
22:47:36.279 [raft-server-2-state] TRACE i.a.protocols.raft.roles.LeaderRole - RaftServer{2}{role=LEADER} - Sending CommandResponse{status=OK, index=27, eventIndex=2, result=byte[]{length=2, hash=1294}}
22:47:36.331 [raft-server-1] TRACE i.a.p.raft.roles.FollowerRole - RaftServer{1}{role=FOLLOWER} - Committed entries up to index 27
22:47:36.331 [raft-server-1] TRACE i.a.p.raft.roles.FollowerRole - RaftServer{1}{role=FOLLOWER} - Sending AppendResponse{status=OK, term=1, succeeded=true, lastLogIndex=27}
22:47:36.331 [raft-server-2] TRACE i.a.p.raft.roles.LeaderAppender - RaftServer{2} - Received AppendResponse{status=OK, term=1, succeeded=true, lastLogIndex=27} from 1
22:47:36.331 [raft-server-2] TRACE i.a.p.raft.roles.LeaderAppender - RaftServer{2} - Sending AppendRequest{term=1, leader=2, prevLogIndex=27, prevLogTerm=1, entries=0, commitIndex=27} to 1
22:47:36.331 [raft-server-1-state] TRACE i.a.p.raft.impl.RaftServiceManager - RaftServer{1} - Applying Indexed{index=27, entry=CommandEntry{term=1, timestamp=2018-06-07 10:47:36,064, session=2, sequence=22, operation=PrimitiveOperation{id=DefaultOperationId{id=write, type=COMMAND}, value=byte[]{length=17, hash=-1644578928}}}}
22:47:36.331 [raft-server-1] TRACE i.a.p.raft.roles.FollowerRole - RaftServer{1}{role=FOLLOWER} - Received AppendRequest{term=1, leader=2, prevLogIndex=27, prevLogTerm=1, entries=0, commitIndex=27}
22:47:36.331 [raft-server-1-state] TRACE i.a.p.s.impl.DefaultServiceExecutor - PrimitiveService{2}{type=io.atomix.protocols.raft.RaftTest$TestPrimitiveType@43a95102, name=raft-test} - Executing DefaultCommit{index=27, session=RaftSession{RaftServiceContext{server=1, type=io.atomix.protocols.raft.RaftTest$TestPrimitiveType@43a95102, name=raft-test, id=2}, session=2, timestamp=2018-06-07 10:47:36,064}, time=2018-06-07 10:47:36,064, operation=DefaultOperationId{id=write, type=COMMAND}, value=byte[]{length=17, hash=-1644578928}}
22:47:36.331 [raft-server-1] TRACE i.a.p.raft.roles.FollowerRole - RaftServer{1}{role=FOLLOWER} - Sending AppendResponse{status=OK, term=1, succeeded=true, lastLogIndex=27}
22:47:36.331 [raft-server-2] TRACE i.a.p.raft.roles.LeaderAppender - RaftServer{2} - Received AppendResponse{status=OK, term=1, succeeded=true, lastLogIndex=27} from 1
22:47:36.414 [raft-server-3] TRACE i.a.p.raft.roles.FollowerRole - RaftServer{3}{role=FOLLOWER} - Committed entries up to index 27
22:47:36.414 [raft-server-3] TRACE i.a.p.raft.roles.FollowerRole - RaftServer{3}{role=FOLLOWER} - Sending AppendResponse{status=OK, term=1, succeeded=true, lastLogIndex=27}
22:47:36.414 [raft-server-3] TRACE i.a.p.raft.roles.FollowerRole - RaftServer{3}{role=FOLLOWER} - Sending CommandResponse{status=OK, index=27, eventIndex=2, result=byte[]{length=2, hash=1294}}
22:47:36.414 [raft-server-2] TRACE i.a.p.raft.roles.LeaderAppender - RaftServer{2} - Received AppendResponse{status=OK, term=1, succeeded=true, lastLogIndex=27} from 3
22:47:36.415 [raft-client-431b802d-5b1a-4d37-8231-45cdad27d9ba-4] TRACE i.a.p.r.p.impl.RaftProxyConnection - PartitionProxy{2}{type=io.atomix.protocols.raft.RaftTest$TestPrimitiveType@35bfa1bb, name=raft-test} - Received CommandResponse{status=OK, index=27, eventIndex=2, result=byte[]{length=2, hash=1294}} from 3
22:47:36.415 [raft-client-431b802d-5b1a-4d37-8231-45cdad27d9ba-4] TRACE i.a.p.r.p.impl.RaftProxySequencer - PartitionProxy{2}{type=io.atomix.protocols.raft.RaftTest$TestPrimitiveType@35bfa1bb, name=raft-test} - Completing response CommandResponse{status=OK, index=27, eventIndex=2, result=byte[]{length=2, hash=1294}}
22:47:36.415 [raft-server-3-state] TRACE i.a.p.raft.impl.RaftServiceManager - RaftServer{3} - Applying Indexed{index=27, entry=CommandEntry{term=1, timestamp=2018-06-07 10:47:36,064, session=2, sequence=22, operation=PrimitiveOperation{id=DefaultOperationId{id=write, type=COMMAND}, value=byte[]{length=17, hash=-1644578928}}}}
22:47:36.415 [raft-server-3-state] TRACE i.a.p.s.impl.DefaultServiceExecutor - PrimitiveService{2}{type=io.atomix.protocols.raft.RaftTest$TestPrimitiveType@19970ea6, name=raft-test} - Executing DefaultCommit{index=27, session=RaftSession{RaftServiceContext{server=3, type=io.atomix.protocols.raft.RaftTest$TestPrimitiveType@19970ea6, name=raft-test, id=2}, session=2, timestamp=2018-06-07 10:47:36,064}, time=2018-06-07 10:47:36,064, operation=DefaultOperationId{id=write, type=COMMAND}, value=byte[]{length=17, hash=-1644578928}}
22:47:36.415 [raft-client-431b802d-5b1a-4d37-8231-45cdad27d9ba-4] TRACE i.a.p.r.p.impl.RaftProxyConnection - PartitionProxy{2}{type=io.atomix.protocols.raft.RaftTest$TestPrimitiveType@35bfa1bb, name=raft-test} - Sending CommandRequest{session=2, sequence=23, operation=PrimitiveOperation{id=DefaultOperationId{id=write, type=COMMAND}, value=byte[]{length=17, hash=-1644578928}}} to 3
22:47:36.415 [raft-server-3] TRACE i.a.p.raft.roles.FollowerRole - RaftServer{3}{role=FOLLOWER} - Received CommandRequest{session=2, sequence=23, operation=PrimitiveOperation{id=DefaultOperationId{id=write, type=COMMAND}, value=byte[]{length=17, hash=-1644578928}}}
22:47:36.415 [raft-server-2] TRACE i.a.protocols.raft.roles.LeaderRole - RaftServer{2}{role=LEADER} - Received CommandRequest{session=2, sequence=23, operation=PrimitiveOperation{id=DefaultOperationId{id=write, type=COMMAND}, value=byte[]{length=17, hash=-1644578928}}}
22:47:36.416 [raft-server-2] TRACE i.a.protocols.raft.roles.LeaderRole - RaftServer{2}{role=LEADER} - Appended Indexed{index=28, entry=CommandEntry{term=1, timestamp=2018-06-07 10:47:36,415, session=2, sequence=23, operation=PrimitiveOperation{id=DefaultOperationId{id=write, type=COMMAND}, value=byte[]{length=17, hash=-1644578928}}}}
22:47:36.416 [raft-server-2] TRACE i.a.p.raft.roles.LeaderAppender - RaftServer{2} - Sending AppendRequest{term=1, leader=2, prevLogIndex=27, prevLogTerm=1, entries=1, commitIndex=27} to 1
22:47:36.416 [raft-server-1] TRACE i.a.p.raft.roles.FollowerRole - RaftServer{1}{role=FOLLOWER} - Received AppendRequest{term=1, leader=2, prevLogIndex=27, prevLogTerm=1, entries=1, commitIndex=27}
22:47:36.416 [raft-server-2] TRACE i.a.p.raft.roles.LeaderAppender - RaftServer{2} - Sending AppendRequest{term=1, leader=2, prevLogIndex=27, prevLogTerm=1, entries=1, commitIndex=27} to 3
22:47:36.416 [raft-server-3] TRACE i.a.p.raft.roles.FollowerRole - RaftServer{3}{role=FOLLOWER} - Received AppendRequest{term=1, leader=2, prevLogIndex=27, prevLogTerm=1, entries=1, commitIndex=27}
22:47:36.416 [raft-server-1] TRACE i.a.p.raft.roles.FollowerRole - RaftServer{1}{role=FOLLOWER} - Appended Indexed{index=28, entry=CommandEntry{term=1, timestamp=2018-06-07 10:47:36,415, session=2, sequence=23, operation=PrimitiveOperation{id=DefaultOperationId{id=write, type=COMMAND}, value=byte[]{length=17, hash=-1644578928}}}}
22:47:36.416 [raft-server-1] TRACE i.a.p.raft.roles.FollowerRole - RaftServer{1}{role=FOLLOWER} - Sending AppendResponse{status=OK, term=1, succeeded=true, lastLogIndex=28}
22:47:36.416 [raft-server-3] TRACE i.a.p.raft.roles.FollowerRole - RaftServer{3}{role=FOLLOWER} - Appended Indexed{index=28, entry=CommandEntry{term=1, timestamp=2018-06-07 10:47:36,415, session=2, sequence=23, operation=PrimitiveOperation{id=DefaultOperationId{id=write, type=COMMAND}, value=byte[]{length=17, hash=-1644578928}}}}
22:47:36.416 [raft-server-3] TRACE i.a.p.raft.roles.FollowerRole - RaftServer{3}{role=FOLLOWER} - Sending AppendResponse{status=OK, term=1, succeeded=true, lastLogIndex=28}
22:47:36.416 [raft-server-2] TRACE i.a.p.raft.roles.LeaderAppender - RaftServer{2} - Received AppendResponse{status=OK, term=1, succeeded=true, lastLogIndex=28} from 1
22:47:36.416 [raft-server-2] TRACE i.a.p.raft.roles.LeaderAppender - RaftServer{2} - Committed entries up to 28
22:47:36.459 [raft-server-2] TRACE i.a.p.raft.roles.LeaderAppender - RaftServer{2} - Received AppendResponse{status=OK, term=1, succeeded=true, lastLogIndex=28} from 3
22:47:36.459 [raft-server-2-state] TRACE i.a.p.raft.impl.RaftServiceManager - RaftServer{2} - Applying Indexed{index=28, entry=CommandEntry{term=1, timestamp=2018-06-07 10:47:36,415, session=2, sequence=23, operation=PrimitiveOperation{id=DefaultOperationId{id=write, type=COMMAND}, value=byte[]{length=17, hash=-1644578928}}}}
22:47:36.459 [raft-server-2-state] TRACE i.a.p.s.impl.DefaultServiceExecutor - PrimitiveService{2}{type=io.atomix.protocols.raft.RaftTest$TestPrimitiveType@581a9c39, name=raft-test} - Executing DefaultCommit{index=28, session=RaftSession{RaftServiceContext{server=2, type=io.atomix.protocols.raft.RaftTest$TestPrimitiveType@581a9c39, name=raft-test, id=2}, session=2, timestamp=2018-06-07 10:47:36,415}, time=2018-06-07 10:47:36,415, operation=DefaultOperationId{id=write, type=COMMAND}, value=byte[]{length=17, hash=-1644578928}}
22:47:36.459 [raft-server-2-state] TRACE i.a.protocols.raft.roles.LeaderRole - RaftServer{2}{role=LEADER} - Sending CommandResponse{status=OK, index=28, eventIndex=2, result=byte[]{length=2, hash=1296}}
22:47:36.459 [raft-server-3] TRACE i.a.p.raft.roles.FollowerRole - RaftServer{3}{role=FOLLOWER} - Sending CommandResponse{status=OK, index=28, eventIndex=2, result=byte[]{length=2, hash=1296}}
22:47:36.459 [raft-client-431b802d-5b1a-4d37-8231-45cdad27d9ba-2] TRACE i.a.p.r.p.impl.RaftProxyConnection - PartitionProxy{2}{type=io.atomix.protocols.raft.RaftTest$TestPrimitiveType@35bfa1bb, name=raft-test} - Received CommandResponse{status=OK, index=28, eventIndex=2, result=byte[]{length=2, hash=1296}} from 3
22:47:36.459 [raft-client-431b802d-5b1a-4d37-8231-45cdad27d9ba-2] TRACE i.a.p.r.p.impl.RaftProxySequencer - PartitionProxy{2}{type=io.atomix.protocols.raft.RaftTest$TestPrimitiveType@35bfa1bb, name=raft-test} - Completing response CommandResponse{status=OK, index=28, eventIndex=2, result=byte[]{length=2, hash=1296}}
22:47:36.460 [raft-client-431b802d-5b1a-4d37-8231-45cdad27d9ba-0] TRACE i.a.p.r.p.impl.RaftProxyConnection - PartitionProxy{2}{type=io.atomix.protocols.raft.RaftTest$TestPrimitiveType@35bfa1bb, name=raft-test} - Sending CommandRequest{session=2, sequence=24, operation=PrimitiveOperation{id=DefaultOperationId{id=write, type=COMMAND}, value=byte[]{length=17, hash=-1644578928}}} to 3
22:47:36.460 [raft-server-3] TRACE i.a.p.raft.roles.FollowerRole - RaftServer{3}{role=FOLLOWER} - Received CommandRequest{session=2, sequence=24, operation=PrimitiveOperation{id=DefaultOperationId{id=write, type=COMMAND}, value=byte[]{length=17, hash=-1644578928}}}
22:47:36.460 [raft-server-2] TRACE i.a.protocols.raft.roles.LeaderRole - RaftServer{2}{role=LEADER} - Received CommandRequest{session=2, sequence=24, operation=PrimitiveOperation{id=DefaultOperationId{id=write, type=COMMAND}, value=byte[]{length=17, hash=-1644578928}}}
22:47:36.461 [raft-server-2] TRACE i.a.protocols.raft.roles.LeaderRole - RaftServer{2}{role=LEADER} - Appended Indexed{index=29, entry=CommandEntry{term=1, timestamp=2018-06-07 10:47:36,460, session=2, sequence=24, operation=PrimitiveOperation{id=DefaultOperationId{id=write, type=COMMAND}, value=byte[]{length=17, hash=-1644578928}}}}
22:47:36.461 [raft-server-2] TRACE i.a.p.raft.roles.LeaderAppender - RaftServer{2} - Sending AppendRequest{term=1, leader=2, prevLogIndex=28, prevLogTerm=1, entries=1, commitIndex=28} to 1
22:47:36.461 [raft-server-2] TRACE i.a.p.raft.roles.LeaderAppender - RaftServer{2} - Sending AppendRequest{term=1, leader=2, prevLogIndex=28, prevLogTerm=1, entries=1, commitIndex=28} to 3
22:47:36.461 [raft-server-3] TRACE i.a.p.raft.roles.FollowerRole - RaftServer{3}{role=FOLLOWER} - Received AppendRequest{term=1, leader=2, prevLogIndex=28, prevLogTerm=1, entries=1, commitIndex=28}
22:47:36.461 [raft-server-1] TRACE i.a.p.raft.roles.FollowerRole - RaftServer{1}{role=FOLLOWER} - Received AppendRequest{term=1, leader=2, prevLogIndex=28, prevLogTerm=1, entries=1, commitIndex=28}
22:47:36.461 [raft-server-3] TRACE i.a.p.raft.roles.FollowerRole - RaftServer{3}{role=FOLLOWER} - Appended Indexed{index=29, entry=CommandEntry{term=1, timestamp=2018-06-07 10:47:36,460, session=2, sequence=24, operation=PrimitiveOperation{id=DefaultOperationId{id=write, type=COMMAND}, value=byte[]{length=17, hash=-1644578928}}}}
22:47:36.461 [raft-server-1] TRACE i.a.p.raft.roles.FollowerRole - RaftServer{1}{role=FOLLOWER} - Appended Indexed{index=29, entry=CommandEntry{term=1, timestamp=2018-06-07 10:47:36,460, session=2, sequence=24, operation=PrimitiveOperation{id=DefaultOperationId{id=write, type=COMMAND}, value=byte[]{length=17, hash=-1644578928}}}}
22:47:36.531 [raft-server-3] TRACE i.a.p.raft.roles.FollowerRole - RaftServer{3}{role=FOLLOWER} - Committed entries up to index 28
22:47:36.531 [raft-server-1] TRACE i.a.p.raft.roles.FollowerRole - RaftServer{1}{role=FOLLOWER} - Committed entries up to index 28
22:47:36.531 [raft-server-3] TRACE i.a.p.raft.roles.FollowerRole - RaftServer{3}{role=FOLLOWER} - Sending AppendResponse{status=OK, term=1, succeeded=true, lastLogIndex=29}
22:47:36.531 [raft-server-1] TRACE i.a.p.raft.roles.FollowerRole - RaftServer{1}{role=FOLLOWER} - Sending AppendResponse{status=OK, term=1, succeeded=true, lastLogIndex=29}
22:47:36.531 [raft-server-2] TRACE i.a.p.raft.roles.LeaderAppender - RaftServer{2} - Received AppendResponse{status=OK, term=1, succeeded=true, lastLogIndex=29} from 3
22:47:36.531 [raft-server-2] TRACE i.a.p.raft.roles.LeaderAppender - RaftServer{2} - Committed entries up to 29
22:47:36.531 [raft-server-1-state] TRACE i.a.p.raft.impl.RaftServiceManager - RaftServer{1} - Applying Indexed{index=28, entry=CommandEntry{term=1, timestamp=2018-06-07 10:47:36,415, session=2, sequence=23, operation=PrimitiveOperation{id=DefaultOperationId{id=write, type=COMMAND}, value=byte[]{length=17, hash=-1644578928}}}}
22:47:36.531 [raft-server-3-state] TRACE i.a.p.raft.impl.RaftServiceManager - RaftServer{3} - Applying Indexed{index=28, entry=CommandEntry{term=1, timestamp=2018-06-07 10:47:36,415, session=2, sequence=23, operation=PrimitiveOperation{id=DefaultOperationId{id=write, type=COMMAND}, value=byte[]{length=17, hash=-1644578928}}}}
22:47:36.531 [raft-server-1-state] TRACE i.a.p.s.impl.DefaultServiceExecutor - PrimitiveService{2}{type=io.atomix.protocols.raft.RaftTest$TestPrimitiveType@43a95102, name=raft-test} - Executing DefaultCommit{index=28, session=RaftSession{RaftServiceContext{server=1, type=io.atomix.protocols.raft.RaftTest$TestPrimitiveType@43a95102, name=raft-test, id=2}, session=2, timestamp=2018-06-07 10:47:36,415}, time=2018-06-07 10:47:36,415, operation=DefaultOperationId{id=write, type=COMMAND}, value=byte[]{length=17, hash=-1644578928}}
22:47:36.531 [raft-server-3-state] TRACE i.a.p.s.impl.DefaultServiceExecutor - PrimitiveService{2}{type=io.atomix.protocols.raft.RaftTest$TestPrimitiveType@19970ea6, name=raft-test} - Executing DefaultCommit{index=28, session=RaftSession{RaftServiceContext{server=3, type=io.atomix.protocols.raft.RaftTest$TestPrimitiveType@19970ea6, name=raft-test, id=2}, session=2, timestamp=2018-06-07 10:47:36,415}, time=2018-06-07 10:47:36,415, operation=DefaultOperationId{id=write, type=COMMAND}, value=byte[]{length=17, hash=-1644578928}}
22:47:36.598 [raft-server-2] TRACE i.a.p.raft.roles.LeaderAppender - RaftServer{2} - Sending AppendRequest{term=1, leader=2, prevLogIndex=29, prevLogTerm=1, entries=0, commitIndex=29} to 3
22:47:36.598 [raft-server-2] TRACE i.a.p.raft.roles.LeaderAppender - RaftServer{2} - Received AppendResponse{status=OK, term=1, succeeded=true, lastLogIndex=29} from 1
22:47:36.598 [raft-server-3] TRACE i.a.p.raft.roles.FollowerRole - RaftServer{3}{role=FOLLOWER} - Received AppendRequest{term=1, leader=2, prevLogIndex=29, prevLogTerm=1, entries=0, commitIndex=29}
22:47:36.598 [raft-server-2] TRACE i.a.p.raft.roles.LeaderAppender - RaftServer{2} - Sending AppendRequest{term=1, leader=2, prevLogIndex=29, prevLogTerm=1, entries=0, commitIndex=29} to 1
22:47:36.598 [raft-server-3] TRACE i.a.p.raft.roles.FollowerRole - RaftServer{3}{role=FOLLOWER} - Committed entries up to index 29
22:47:36.598 [raft-server-3] TRACE i.a.p.raft.roles.FollowerRole - RaftServer{3}{role=FOLLOWER} - Sending AppendResponse{status=OK, term=1, succeeded=true, lastLogIndex=29}
22:47:36.598 [raft-server-1] TRACE i.a.p.raft.roles.FollowerRole - RaftServer{1}{role=FOLLOWER} - Received AppendRequest{term=1, leader=2, prevLogIndex=29, prevLogTerm=1, entries=0, commitIndex=29}
22:47:36.598 [raft-server-2] TRACE i.a.p.raft.roles.LeaderAppender - RaftServer{2} - Received AppendResponse{status=OK, term=1, succeeded=true, lastLogIndex=29} from 3
22:47:36.598 [raft-server-2-state] TRACE i.a.p.raft.impl.RaftServiceManager - RaftServer{2} - Applying Indexed{index=29, entry=CommandEntry{term=1, timestamp=2018-06-07 10:47:36,460, session=2, sequence=24, operation=PrimitiveOperation{id=DefaultOperationId{id=write, type=COMMAND}, value=byte[]{length=17, hash=-1644578928}}}}
22:47:36.598 [raft-server-3-state] TRACE i.a.p.raft.impl.RaftServiceManager - RaftServer{3} - Applying Indexed{index=29, entry=CommandEntry{term=1, timestamp=2018-06-07 10:47:36,460, session=2, sequence=24, operation=PrimitiveOperation{id=DefaultOperationId{id=write, type=COMMAND}, value=byte[]{length=17, hash=-1644578928}}}}
22:47:36.598 [raft-server-2-state] TRACE i.a.p.s.impl.DefaultServiceExecutor - PrimitiveService{2}{type=io.atomix.protocols.raft.RaftTest$TestPrimitiveType@581a9c39, name=raft-test} - Executing DefaultCommit{index=29, session=RaftSession{RaftServiceContext{server=2, type=io.atomix.protocols.raft.RaftTest$TestPrimitiveType@581a9c39, name=raft-test, id=2}, session=2, timestamp=2018-06-07 10:47:36,460}, time=2018-06-07 10:47:36,460, operation=DefaultOperationId{id=write, type=COMMAND}, value=byte[]{length=17, hash=-1644578928}}
22:47:36.598 [raft-server-3-state] TRACE i.a.p.s.impl.DefaultServiceExecutor - PrimitiveService{2}{type=io.atomix.protocols.raft.RaftTest$TestPrimitiveType@19970ea6, name=raft-test} - Executing DefaultCommit{index=29, session=RaftSession{RaftServiceContext{server=3, type=io.atomix.protocols.raft.RaftTest$TestPrimitiveType@19970ea6, name=raft-test, id=2}, session=2, timestamp=2018-06-07 10:47:36,460}, time=2018-06-07 10:47:36,460, operation=DefaultOperationId{id=write, type=COMMAND}, value=byte[]{length=17, hash=-1644578928}}
22:47:36.599 [raft-server-2-state] TRACE i.a.protocols.raft.roles.LeaderRole - RaftServer{2}{role=LEADER} - Sending CommandResponse{status=OK, index=29, eventIndex=2, result=byte[]{length=2, hash=1298}}
22:47:36.599 [raft-server-3] TRACE i.a.p.raft.roles.FollowerRole - RaftServer{3}{role=FOLLOWER} - Sending CommandResponse{status=OK, index=29, eventIndex=2, result=byte[]{length=2, hash=1298}}
22:47:36.599 [raft-client-431b802d-5b1a-4d37-8231-45cdad27d9ba-1] TRACE i.a.p.r.p.impl.RaftProxyConnection - PartitionProxy{2}{type=io.atomix.protocols.raft.RaftTest$TestPrimitiveType@35bfa1bb, name=raft-test} - Received CommandResponse{status=OK, index=29, eventIndex=2, result=byte[]{length=2, hash=1298}} from 3
22:47:36.599 [raft-client-431b802d-5b1a-4d37-8231-45cdad27d9ba-1] TRACE i.a.p.r.p.impl.RaftProxySequencer - PartitionProxy{2}{type=io.atomix.protocols.raft.RaftTest$TestPrimitiveType@35bfa1bb, name=raft-test} - Completing response CommandResponse{status=OK, index=29, eventIndex=2, result=byte[]{length=2, hash=1298}}
22:47:36.599 [raft-client-431b802d-5b1a-4d37-8231-45cdad27d9ba-1] TRACE i.a.p.r.p.impl.RaftProxyConnection - PartitionProxy{2}{type=io.atomix.protocols.raft.RaftTest$TestPrimitiveType@35bfa1bb, name=raft-test} - Sending CommandRequest{session=2, sequence=25, operation=PrimitiveOperation{id=DefaultOperationId{id=write, type=COMMAND}, value=byte[]{length=17, hash=-1644578928}}} to 3
22:47:36.599 [raft-server-3] TRACE i.a.p.raft.roles.FollowerRole - RaftServer{3}{role=FOLLOWER} - Received CommandRequest{session=2, sequence=25, operation=PrimitiveOperation{id=DefaultOperationId{id=write, type=COMMAND}, value=byte[]{length=17, hash=-1644578928}}}
22:47:36.600 [raft-server-2] TRACE i.a.protocols.raft.roles.LeaderRole - RaftServer{2}{role=LEADER} - Received CommandRequest{session=2, sequence=25, operation=PrimitiveOperation{id=DefaultOperationId{id=write, type=COMMAND}, value=byte[]{length=17, hash=-1644578928}}}
22:47:36.600 [raft-server-2] TRACE i.a.protocols.raft.roles.LeaderRole - RaftServer{2}{role=LEADER} - Appended Indexed{index=30, entry=CommandEntry{term=1, timestamp=2018-06-07 10:47:36,600, session=2, sequence=25, operation=PrimitiveOperation{id=DefaultOperationId{id=write, type=COMMAND}, value=byte[]{length=17, hash=-1644578928}}}}
22:47:36.600 [raft-server-2] TRACE i.a.p.raft.roles.LeaderAppender - RaftServer{2} - Sending AppendRequest{term=1, leader=2, prevLogIndex=29, prevLogTerm=1, entries=1, commitIndex=29} to 3
22:47:36.600 [raft-server-3] TRACE i.a.p.raft.roles.FollowerRole - RaftServer{3}{role=FOLLOWER} - Received AppendRequest{term=1, leader=2, prevLogIndex=29, prevLogTerm=1, entries=1, commitIndex=29}
22:47:36.600 [raft-server-3] TRACE i.a.p.raft.roles.FollowerRole - RaftServer{3}{role=FOLLOWER} - Appended Indexed{index=30, entry=CommandEntry{term=1, timestamp=2018-06-07 10:47:36,600, session=2, sequence=25, operation=PrimitiveOperation{id=DefaultOperationId{id=write, type=COMMAND}, value=byte[]{length=17, hash=-1644578928}}}}
22:47:36.600 [raft-server-3] TRACE i.a.p.raft.roles.FollowerRole - RaftServer{3}{role=FOLLOWER} - Sending AppendResponse{status=OK, term=1, succeeded=true, lastLogIndex=30}
22:47:36.600 [raft-server-2] TRACE i.a.p.raft.roles.LeaderAppender - RaftServer{2} - Received AppendResponse{status=OK, term=1, succeeded=true, lastLogIndex=30} from 3
22:47:36.601 [raft-server-2] TRACE i.a.p.raft.roles.LeaderAppender - RaftServer{2} - Committed entries up to 30
22:47:36.667 [raft-server-1] TRACE i.a.p.raft.roles.FollowerRole - RaftServer{1}{role=FOLLOWER} - Committed entries up to index 29
22:47:36.667 [raft-server-1] TRACE i.a.p.raft.roles.FollowerRole - RaftServer{1}{role=FOLLOWER} - Sending AppendResponse{status=OK, term=1, succeeded=true, lastLogIndex=29}
22:47:36.667 [raft-server-1-state] TRACE i.a.p.raft.impl.RaftServiceManager - RaftServer{1} - Applying Indexed{index=29, entry=CommandEntry{term=1, timestamp=2018-06-07 10:47:36,460, session=2, sequence=24, operation=PrimitiveOperation{id=DefaultOperationId{id=write, type=COMMAND}, value=byte[]{length=17, hash=-1644578928}}}}
22:47:36.667 [raft-server-1-state] TRACE i.a.p.s.impl.DefaultServiceExecutor - PrimitiveService{2}{type=io.atomix.protocols.raft.RaftTest$TestPrimitiveType@43a95102, name=raft-test} - Executing DefaultCommit{index=29, session=RaftSession{RaftServiceContext{server=1, type=io.atomix.protocols.raft.RaftTest$TestPrimitiveType@43a95102, name=raft-test, id=2}, session=2, timestamp=2018-06-07 10:47:36,460}, time=2018-06-07 10:47:36,460, operation=DefaultOperationId{id=write, type=COMMAND}, value=byte[]{length=17, hash=-1644578928}}
22:47:36.709 [raft-server-2] TRACE i.a.p.raft.roles.LeaderAppender - RaftServer{2} - Received AppendResponse{status=OK, term=1, succeeded=true, lastLogIndex=29} from 1
22:47:36.709 [raft-server-2] TRACE i.a.p.raft.roles.LeaderAppender - RaftServer{2} - Sending AppendRequest{term=1, leader=2, prevLogIndex=29, prevLogTerm=1, entries=1, commitIndex=30} to 1
22:47:36.709 [raft-server-1] TRACE i.a.p.raft.roles.FollowerRole - RaftServer{1}{role=FOLLOWER} - Received AppendRequest{term=1, leader=2, prevLogIndex=29, prevLogTerm=1, entries=1, commitIndex=30}
22:47:36.709 [raft-server-2-state] TRACE i.a.p.raft.impl.RaftServiceManager - RaftServer{2} - Applying Indexed{index=30, entry=CommandEntry{term=1, timestamp=2018-06-07 10:47:36,600, session=2, sequence=25, operation=PrimitiveOperation{id=DefaultOperationId{id=write, type=COMMAND}, value=byte[]{length=17, hash=-1644578928}}}}
22:47:36.709 [raft-server-2-state] TRACE i.a.p.s.impl.DefaultServiceExecutor - PrimitiveService{2}{type=io.atomix.protocols.raft.RaftTest$TestPrimitiveType@581a9c39, name=raft-test} - Executing DefaultCommit{index=30, session=RaftSession{RaftServiceContext{server=2, type=io.atomix.protocols.raft.RaftTest$TestPrimitiveType@581a9c39, name=raft-test, id=2}, session=2, timestamp=2018-06-07 10:47:36,600}, time=2018-06-07 10:47:36,600, operation=DefaultOperationId{id=write, type=COMMAND}, value=byte[]{length=17, hash=-1644578928}}
22:47:36.709 [raft-server-1] TRACE i.a.p.raft.roles.FollowerRole - RaftServer{1}{role=FOLLOWER} - Appended Indexed{index=30, entry=CommandEntry{term=1, timestamp=2018-06-07 10:47:36,600, session=2, sequence=25, operation=PrimitiveOperation{id=DefaultOperationId{id=write, type=COMMAND}, value=byte[]{length=17, hash=-1644578928}}}}
22:47:36.710 [raft-server-2-state] TRACE i.a.protocols.raft.roles.LeaderRole - RaftServer{2}{role=LEADER} - Sending CommandResponse{status=OK, index=30, eventIndex=2, result=byte[]{length=2, hash=1300}}
22:47:36.710 [raft-server-3] TRACE i.a.p.raft.roles.FollowerRole - RaftServer{3}{role=FOLLOWER} - Sending CommandResponse{status=OK, index=30, eventIndex=2, result=byte[]{length=2, hash=1300}}
22:47:36.710 [raft-client-431b802d-5b1a-4d37-8231-45cdad27d9ba-3] TRACE i.a.p.r.p.impl.RaftProxyConnection - PartitionProxy{2}{type=io.atomix.protocols.raft.RaftTest$TestPrimitiveType@35bfa1bb, name=raft-test} - Received CommandResponse{status=OK, index=30, eventIndex=2, result=byte[]{length=2, hash=1300}} from 3
22:47:36.710 [raft-client-431b802d-5b1a-4d37-8231-45cdad27d9ba-3] TRACE i.a.p.r.p.impl.RaftProxySequencer - PartitionProxy{2}{type=io.atomix.protocols.raft.RaftTest$TestPrimitiveType@35bfa1bb, name=raft-test} - Completing response CommandResponse{status=OK, index=30, eventIndex=2, result=byte[]{length=2, hash=1300}}
22:47:36.710 [raft-client-431b802d-5b1a-4d37-8231-45cdad27d9ba-3] TRACE i.a.p.r.p.impl.RaftProxyConnection - PartitionProxy{2}{type=io.atomix.protocols.raft.RaftTest$TestPrimitiveType@35bfa1bb, name=raft-test} - Sending CommandRequest{session=2, sequence=26, operation=PrimitiveOperation{id=DefaultOperationId{id=write, type=COMMAND}, value=byte[]{length=17, hash=-1644578928}}} to 3
22:47:36.710 [raft-server-3] TRACE i.a.p.raft.roles.FollowerRole - RaftServer{3}{role=FOLLOWER} - Received CommandRequest{session=2, sequence=26, operation=PrimitiveOperation{id=DefaultOperationId{id=write, type=COMMAND}, value=byte[]{length=17, hash=-1644578928}}}
22:47:36.711 [raft-server-2] TRACE i.a.protocols.raft.roles.LeaderRole - RaftServer{2}{role=LEADER} - Received CommandRequest{session=2, sequence=26, operation=PrimitiveOperation{id=DefaultOperationId{id=write, type=COMMAND}, value=byte[]{length=17, hash=-1644578928}}}
22:47:36.759 [raft-server-1] TRACE i.a.p.raft.roles.FollowerRole - RaftServer{1}{role=FOLLOWER} - Committed entries up to index 30
22:47:36.759 [raft-server-1] TRACE i.a.p.raft.roles.FollowerRole - RaftServer{1}{role=FOLLOWER} - Sending AppendResponse{status=OK, term=1, succeeded=true, lastLogIndex=30}
22:47:36.759 [raft-server-1-state] TRACE i.a.p.raft.impl.RaftServiceManager - RaftServer{1} - Applying Indexed{index=30, entry=CommandEntry{term=1, timestamp=2018-06-07 10:47:36,600, session=2, sequence=25, operation=PrimitiveOperation{id=DefaultOperationId{id=write, type=COMMAND}, value=byte[]{length=17, hash=-1644578928}}}}
22:47:36.759 [raft-server-1-state] TRACE i.a.p.s.impl.DefaultServiceExecutor - PrimitiveService{2}{type=io.atomix.protocols.raft.RaftTest$TestPrimitiveType@43a95102, name=raft-test} - Executing DefaultCommit{index=30, session=RaftSession{RaftServiceContext{server=1, type=io.atomix.protocols.raft.RaftTest$TestPrimitiveType@43a95102, name=raft-test, id=2}, session=2, timestamp=2018-06-07 10:47:36,600}, time=2018-06-07 10:47:36,600, operation=DefaultOperationId{id=write, type=COMMAND}, value=byte[]{length=17, hash=-1644578928}}
22:47:36.810 [raft-server-2] DEBUG i.a.storage.journal.SegmentedJournal - Created disk segment: JournalSegment{id=4, version=1, index=31, size=64}
22:47:36.810 [raft-server-2] TRACE i.a.protocols.raft.roles.LeaderRole - RaftServer{2}{role=LEADER} - Appended Indexed{index=31, entry=CommandEntry{term=1, timestamp=2018-06-07 10:47:36,711, session=2, sequence=26, operation=PrimitiveOperation{id=DefaultOperationId{id=write, type=COMMAND}, value=byte[]{length=17, hash=-1644578928}}}}
22:47:36.810 [raft-server-2] TRACE i.a.p.raft.roles.LeaderAppender - RaftServer{2} - Sending AppendRequest{term=1, leader=2, prevLogIndex=30, prevLogTerm=1, entries=1, commitIndex=30} to 1
22:47:36.810 [raft-server-1] TRACE i.a.p.raft.roles.FollowerRole - RaftServer{1}{role=FOLLOWER} - Received AppendRequest{term=1, leader=2, prevLogIndex=30, prevLogTerm=1, entries=1, commitIndex=30}
22:47:36.810 [raft-server-2] TRACE i.a.p.raft.roles.LeaderAppender - RaftServer{2} - Sending AppendRequest{term=1, leader=2, prevLogIndex=30, prevLogTerm=1, entries=1, commitIndex=30} to 3
22:47:36.811 [raft-server-3] TRACE i.a.p.raft.roles.FollowerRole - RaftServer{3}{role=FOLLOWER} - Received AppendRequest{term=1, leader=2, prevLogIndex=30, prevLogTerm=1, entries=1, commitIndex=30}
22:47:36.811 [raft-server-2] TRACE i.a.p.raft.roles.LeaderAppender - RaftServer{2} - Received AppendResponse{status=OK, term=1, succeeded=true, lastLogIndex=30} from 1
22:47:36.917 [raft-server-1] DEBUG i.a.storage.journal.SegmentedJournal - Created disk segment: JournalSegment{id=4, version=1, index=31, size=64}
22:47:36.918 [raft-server-1] TRACE i.a.p.raft.roles.FollowerRole - RaftServer{1}{role=FOLLOWER} - Appended Indexed{index=31, entry=CommandEntry{term=1, timestamp=2018-06-07 10:47:36,711, session=2, sequence=26, operation=PrimitiveOperation{id=DefaultOperationId{id=write, type=COMMAND}, value=byte[]{length=17, hash=-1644578928}}}}
22:47:36.918 [raft-server-1] TRACE i.a.p.raft.roles.FollowerRole - RaftServer{1}{role=FOLLOWER} - Sending AppendResponse{status=OK, term=1, succeeded=true, lastLogIndex=31}
22:47:36.918 [raft-server-2] TRACE i.a.p.raft.roles.LeaderAppender - RaftServer{2} - Received AppendResponse{status=OK, term=1, succeeded=true, lastLogIndex=31} from 1
22:47:36.918 [raft-server-2] TRACE i.a.p.raft.roles.LeaderAppender - RaftServer{2} - Committed entries up to 31
22:47:36.942 [raft-server-3] DEBUG i.a.storage.journal.SegmentedJournal - Created disk segment: JournalSegment{id=4, version=1, index=31, size=64}
22:47:36.943 [raft-server-3] TRACE i.a.p.raft.roles.FollowerRole - RaftServer{3}{role=FOLLOWER} - Appended Indexed{index=31, entry=CommandEntry{term=1, timestamp=2018-06-07 10:47:36,711, session=2, sequence=26, operation=PrimitiveOperation{id=DefaultOperationId{id=write, type=COMMAND}, value=byte[]{length=17, hash=-1644578928}}}}
22:47:37.000 [raft-server-2] TRACE i.a.p.raft.roles.LeaderAppender - RaftServer{2} - Sending AppendRequest{term=1, leader=2, prevLogIndex=31, prevLogTerm=1, entries=0, commitIndex=31} to 1
22:47:37.000 [raft-server-1] TRACE i.a.p.raft.roles.FollowerRole - RaftServer{1}{role=FOLLOWER} - Received AppendRequest{term=1, leader=2, prevLogIndex=31, prevLogTerm=1, entries=0, commitIndex=31}
22:47:37.000 [raft-server-2-state] TRACE i.a.p.raft.impl.RaftServiceManager - RaftServer{2} - Applying Indexed{index=31, entry=CommandEntry{term=1, timestamp=2018-06-07 10:47:36,711, session=2, sequence=26, operation=PrimitiveOperation{id=DefaultOperationId{id=write, type=COMMAND}, value=byte[]{length=17, hash=-1644578928}}}}
22:47:37.001 [raft-server-2-state] TRACE i.a.p.s.impl.DefaultServiceExecutor - PrimitiveService{2}{type=io.atomix.protocols.raft.RaftTest$TestPrimitiveType@581a9c39, name=raft-test} - Executing DefaultCommit{index=31, session=RaftSession{RaftServiceContext{server=2, type=io.atomix.protocols.raft.RaftTest$TestPrimitiveType@581a9c39, name=raft-test, id=2}, session=2, timestamp=2018-06-07 10:47:36,711}, time=2018-06-07 10:47:36,711, operation=DefaultOperationId{id=write, type=COMMAND}, value=byte[]{length=17, hash=-1644578928}}
22:47:37.001 [raft-server-2-state] TRACE i.a.protocols.raft.roles.LeaderRole - RaftServer{2}{role=LEADER} - Sending CommandResponse{status=OK, index=31, eventIndex=2, result=byte[]{length=2, hash=1302}}
22:47:37.076 [raft-server-3] TRACE i.a.p.raft.roles.FollowerRole - RaftServer{3}{role=FOLLOWER} - Committed entries up to index 30
22:47:37.076 [raft-server-3] TRACE i.a.p.raft.roles.FollowerRole - RaftServer{3}{role=FOLLOWER} - Sending AppendResponse{status=OK, term=1, succeeded=true, lastLogIndex=31}
22:47:37.076 [raft-server-3] TRACE i.a.p.raft.roles.FollowerRole - RaftServer{3}{role=FOLLOWER} - Sending CommandResponse{status=OK, index=31, eventIndex=2, result=byte[]{length=2, hash=1302}}
22:47:37.076 [raft-server-2] TRACE i.a.p.raft.roles.LeaderAppender - RaftServer{2} - Received AppendResponse{status=OK, term=1, succeeded=true, lastLogIndex=31} from 3
22:47:37.076 [raft-client-431b802d-5b1a-4d37-8231-45cdad27d9ba-2] TRACE i.a.p.r.p.impl.RaftProxyConnection - PartitionProxy{2}{type=io.atomix.protocols.raft.RaftTest$TestPrimitiveType@35bfa1bb, name=raft-test} - Received CommandResponse{status=OK, index=31, eventIndex=2, result=byte[]{length=2, hash=1302}} from 3
22:47:37.076 [raft-server-2] TRACE i.a.p.raft.roles.LeaderAppender - RaftServer{2} - Sending AppendRequest{term=1, leader=2, prevLogIndex=31, prevLogTerm=1, entries=0, commitIndex=31} to 3
22:47:37.076 [raft-client-431b802d-5b1a-4d37-8231-45cdad27d9ba-2] TRACE i.a.p.r.p.impl.RaftProxySequencer - PartitionProxy{2}{type=io.atomix.protocols.raft.RaftTest$TestPrimitiveType@35bfa1bb, name=raft-test} - Completing response CommandResponse{status=OK, index=31, eventIndex=2, result=byte[]{length=2, hash=1302}}
22:47:37.076 [raft-server-3-state] TRACE i.a.p.raft.impl.RaftServiceManager - RaftServer{3} - Applying Indexed{index=30, entry=CommandEntry{term=1, timestamp=2018-06-07 10:47:36,600, session=2, sequence=25, operation=PrimitiveOperation{id=DefaultOperationId{id=write, type=COMMAND}, value=byte[]{length=17, hash=-1644578928}}}}
22:47:37.076 [raft-server-3] TRACE i.a.p.raft.roles.FollowerRole - RaftServer{3}{role=FOLLOWER} - Received AppendRequest{term=1, leader=2, prevLogIndex=31, prevLogTerm=1, entries=0, commitIndex=31}
22:47:37.076 [raft-server-3-state] TRACE i.a.p.s.impl.DefaultServiceExecutor - PrimitiveService{2}{type=io.atomix.protocols.raft.RaftTest$TestPrimitiveType@19970ea6, name=raft-test} - Executing DefaultCommit{index=30, session=RaftSession{RaftServiceContext{server=3, type=io.atomix.protocols.raft.RaftTest$TestPrimitiveType@19970ea6, name=raft-test, id=2}, session=2, timestamp=2018-06-07 10:47:36,600}, time=2018-06-07 10:47:36,600, operation=DefaultOperationId{id=write, type=COMMAND}, value=byte[]{length=17, hash=-1644578928}}
22:47:37.077 [raft-client-431b802d-5b1a-4d37-8231-45cdad27d9ba-7] TRACE i.a.p.r.p.impl.RaftProxyConnection - PartitionProxy{2}{type=io.atomix.protocols.raft.RaftTest$TestPrimitiveType@35bfa1bb, name=raft-test} - Sending CommandRequest{session=2, sequence=27, operation=PrimitiveOperation{id=DefaultOperationId{id=write, type=COMMAND}, value=byte[]{length=17, hash=-1644578928}}} to 3
22:47:37.133 [raft-server-1] TRACE i.a.p.raft.roles.FollowerRole - RaftServer{1}{role=FOLLOWER} - Committed entries up to index 31
22:47:37.134 [raft-server-1] TRACE i.a.p.raft.roles.FollowerRole - RaftServer{1}{role=FOLLOWER} - Sending AppendResponse{status=OK, term=1, succeeded=true, lastLogIndex=31}
22:47:37.134 [raft-server-2] TRACE i.a.p.raft.roles.LeaderAppender - RaftServer{2} - Received AppendResponse{status=OK, term=1, succeeded=true, lastLogIndex=31} from 1
22:47:37.134 [raft-server-2] TRACE i.a.p.raft.roles.LeaderAppender - RaftServer{2} - Sending AppendRequest{term=1, leader=2, prevLogIndex=31, prevLogTerm=1, entries=0, commitIndex=31} to 1
22:47:37.134 [raft-server-1-state] TRACE i.a.p.raft.impl.RaftServiceManager - RaftServer{1} - Applying Indexed{index=31, entry=CommandEntry{term=1, timestamp=2018-06-07 10:47:36,711, session=2, sequence=26, operation=PrimitiveOperation{id=DefaultOperationId{id=write, type=COMMAND}, value=byte[]{length=17, hash=-1644578928}}}}
22:47:37.134 [raft-server-1] TRACE i.a.p.raft.roles.FollowerRole - RaftServer{1}{role=FOLLOWER} - Received AppendRequest{term=1, leader=2, prevLogIndex=31, prevLogTerm=1, entries=0, commitIndex=31}
22:47:37.134 [raft-server-1] TRACE i.a.p.raft.roles.FollowerRole - RaftServer{1}{role=FOLLOWER} - Sending AppendResponse{status=OK, term=1, succeeded=true, lastLogIndex=31}
22:47:37.134 [raft-server-1-state] TRACE i.a.p.s.impl.DefaultServiceExecutor - PrimitiveService{2}{type=io.atomix.protocols.raft.RaftTest$TestPrimitiveType@43a95102, name=raft-test} - Executing DefaultCommit{index=31, session=RaftSession{RaftServiceContext{server=1, type=io.atomix.protocols.raft.RaftTest$TestPrimitiveType@43a95102, name=raft-test, id=2}, session=2, timestamp=2018-06-07 10:47:36,711}, time=2018-06-07 10:47:36,711, operation=DefaultOperationId{id=write, type=COMMAND}, value=byte[]{length=17, hash=-1644578928}}
22:47:37.134 [raft-server-2] TRACE i.a.p.raft.roles.LeaderAppender - RaftServer{2} - Received AppendResponse{status=OK, term=1, succeeded=true, lastLogIndex=31} from 1
22:47:37.199 [raft-server-3] TRACE i.a.p.raft.roles.FollowerRole - RaftServer{3}{role=FOLLOWER} - Committed entries up to index 31
22:47:37.199 [raft-server-3] TRACE i.a.p.raft.roles.FollowerRole - RaftServer{3}{role=FOLLOWER} - Sending AppendResponse{status=OK, term=1, succeeded=true, lastLogIndex=31}
22:47:37.199 [raft-server-2] TRACE i.a.p.raft.roles.LeaderAppender - RaftServer{2} - Received AppendResponse{status=OK, term=1, succeeded=true, lastLogIndex=31} from 3
22:47:37.199 [raft-server-3] TRACE i.a.p.raft.roles.FollowerRole - RaftServer{3}{role=FOLLOWER} - Received CommandRequest{session=2, sequence=27, operation=PrimitiveOperation{id=DefaultOperationId{id=write, type=COMMAND}, value=byte[]{length=17, hash=-1644578928}}}
22:47:37.199 [raft-server-2] TRACE i.a.protocols.raft.roles.LeaderRole - RaftServer{2}{role=LEADER} - Received CommandRequest{session=2, sequence=27, operation=PrimitiveOperation{id=DefaultOperationId{id=write, type=COMMAND}, value=byte[]{length=17, hash=-1644578928}}}
22:47:37.199 [raft-server-3-state] TRACE i.a.p.raft.impl.RaftServiceManager - RaftServer{3} - Applying Indexed{index=31, entry=CommandEntry{term=1, timestamp=2018-06-07 10:47:36,711, session=2, sequence=26, operation=PrimitiveOperation{id=DefaultOperationId{id=write, type=COMMAND}, value=byte[]{length=17, hash=-1644578928}}}}
22:47:37.199 [raft-server-3-state] TRACE i.a.p.s.impl.DefaultServiceExecutor - PrimitiveService{2}{type=io.atomix.protocols.raft.RaftTest$TestPrimitiveType@19970ea6, name=raft-test} - Executing DefaultCommit{index=31, session=RaftSession{RaftServiceContext{server=3, type=io.atomix.protocols.raft.RaftTest$TestPrimitiveType@19970ea6, name=raft-test, id=2}, session=2, timestamp=2018-06-07 10:47:36,711}, time=2018-06-07 10:47:36,711, operation=DefaultOperationId{id=write, type=COMMAND}, value=byte[]{length=17, hash=-1644578928}}
22:47:37.199 [raft-server-2] TRACE i.a.protocols.raft.roles.LeaderRole - RaftServer{2}{role=LEADER} - Appended Indexed{index=32, entry=CommandEntry{term=1, timestamp=2018-06-07 10:47:37,199, session=2, sequence=27, operation=PrimitiveOperation{id=DefaultOperationId{id=write, type=COMMAND}, value=byte[]{length=17, hash=-1644578928}}}}
22:47:37.200 [raft-server-2] TRACE i.a.p.raft.roles.LeaderAppender - RaftServer{2} - Sending AppendRequest{term=1, leader=2, prevLogIndex=31, prevLogTerm=1, entries=1, commitIndex=31} to 1
22:47:37.200 [raft-server-1] TRACE i.a.p.raft.roles.FollowerRole - RaftServer{1}{role=FOLLOWER} - Received AppendRequest{term=1, leader=2, prevLogIndex=31, prevLogTerm=1, entries=1, commitIndex=31}
22:47:37.200 [raft-server-2] TRACE i.a.p.raft.roles.LeaderAppender - RaftServer{2} - Sending AppendRequest{term=1, leader=2, prevLogIndex=31, prevLogTerm=1, entries=1, commitIndex=31} to 3
22:47:37.200 [raft-server-3] TRACE i.a.p.raft.roles.FollowerRole - RaftServer{3}{role=FOLLOWER} - Received AppendRequest{term=1, leader=2, prevLogIndex=31, prevLogTerm=1, entries=1, commitIndex=31}
22:47:37.200 [raft-server-1] TRACE i.a.p.raft.roles.FollowerRole - RaftServer{1}{role=FOLLOWER} - Appended Indexed{index=32, entry=CommandEntry{term=1, timestamp=2018-06-07 10:47:37,199, session=2, sequence=27, operation=PrimitiveOperation{id=DefaultOperationId{id=write, type=COMMAND}, value=byte[]{length=17, hash=-1644578928}}}}
22:47:37.200 [raft-server-1] TRACE i.a.p.raft.roles.FollowerRole - RaftServer{1}{role=FOLLOWER} - Sending AppendResponse{status=OK, term=1, succeeded=true, lastLogIndex=32}
22:47:37.200 [raft-server-2] TRACE i.a.p.raft.roles.LeaderAppender - RaftServer{2} - Received AppendResponse{status=OK, term=1, succeeded=true, lastLogIndex=32} from 1
22:47:37.200 [raft-server-2] TRACE i.a.p.raft.roles.LeaderAppender - RaftServer{2} - Committed entries up to 32
22:47:37.200 [raft-server-3] TRACE i.a.p.raft.roles.FollowerRole - RaftServer{3}{role=FOLLOWER} - Appended Indexed{index=32, entry=CommandEntry{term=1, timestamp=2018-06-07 10:47:37,199, session=2, sequence=27, operation=PrimitiveOperation{id=DefaultOperationId{id=write, type=COMMAND}, value=byte[]{length=17, hash=-1644578928}}}}
22:47:37.200 [raft-server-3] TRACE i.a.p.raft.roles.FollowerRole - RaftServer{3}{role=FOLLOWER} - Sending AppendResponse{status=OK, term=1, succeeded=true, lastLogIndex=32}
22:47:37.266 [raft-server-2] TRACE i.a.p.raft.roles.LeaderAppender - RaftServer{2} - Received AppendResponse{status=OK, term=1, succeeded=true, lastLogIndex=32} from 3
22:47:37.266 [raft-server-2] TRACE i.a.p.raft.roles.LeaderAppender - RaftServer{2} - Sending AppendRequest{term=1, leader=2, prevLogIndex=32, prevLogTerm=1, entries=0, commitIndex=32} to 1
22:47:37.266 [raft-server-2] TRACE i.a.p.raft.roles.LeaderAppender - RaftServer{2} - Sending AppendRequest{term=1, leader=2, prevLogIndex=32, prevLogTerm=1, entries=0, commitIndex=32} to 3
22:47:37.266 [raft-server-1] TRACE i.a.p.raft.roles.FollowerRole - RaftServer{1}{role=FOLLOWER} - Received AppendRequest{term=1, leader=2, prevLogIndex=32, prevLogTerm=1, entries=0, commitIndex=32}
22:47:37.266 [raft-server-3] TRACE i.a.p.raft.roles.FollowerRole - RaftServer{3}{role=FOLLOWER} - Received AppendRequest{term=1, leader=2, prevLogIndex=32, prevLogTerm=1, entries=0, commitIndex=32}
22:47:37.266 [raft-server-2-state] TRACE i.a.p.raft.impl.RaftServiceManager - RaftServer{2} - Applying Indexed{index=32, entry=CommandEntry{term=1, timestamp=2018-06-07 10:47:37,199, session=2, sequence=27, operation=PrimitiveOperation{id=DefaultOperationId{id=write, type=COMMAND}, value=byte[]{length=17, hash=-1644578928}}}}
22:47:37.266 [raft-server-2-state] TRACE i.a.p.s.impl.DefaultServiceExecutor - PrimitiveService{2}{type=io.atomix.protocols.raft.RaftTest$TestPrimitiveType@581a9c39, name=raft-test} - Executing DefaultCommit{index=32, session=RaftSession{RaftServiceContext{server=2, type=io.atomix.protocols.raft.RaftTest$TestPrimitiveType@581a9c39, name=raft-test, id=2}, session=2, timestamp=2018-06-07 10:47:37,199}, time=2018-06-07 10:47:37,199, operation=DefaultOperationId{id=write, type=COMMAND}, value=byte[]{length=17, hash=-1644578928}}
22:47:37.266 [raft-server-2-state] TRACE i.a.protocols.raft.roles.LeaderRole - RaftServer{2}{role=LEADER} - Sending CommandResponse{status=OK, index=32, eventIndex=2, result=byte[]{length=2, hash=1304}}
22:47:37.292 [raft-server-3] TRACE i.a.p.raft.roles.FollowerRole - RaftServer{3}{role=FOLLOWER} - Committed entries up to index 32
22:47:37.292 [raft-server-1] TRACE i.a.p.raft.roles.FollowerRole - RaftServer{1}{role=FOLLOWER} - Committed entries up to index 32
22:47:37.292 [raft-server-3] TRACE i.a.p.raft.roles.FollowerRole - RaftServer{3}{role=FOLLOWER} - Sending AppendResponse{status=OK, term=1, succeeded=true, lastLogIndex=32}
22:47:37.292 [raft-server-1] TRACE i.a.p.raft.roles.FollowerRole - RaftServer{1}{role=FOLLOWER} - Sending AppendResponse{status=OK, term=1, succeeded=true, lastLogIndex=32}
22:47:37.292 [raft-server-3] TRACE i.a.p.raft.roles.FollowerRole - RaftServer{3}{role=FOLLOWER} - Sending CommandResponse{status=OK, index=32, eventIndex=2, result=byte[]{length=2, hash=1304}}
22:47:37.292 [raft-server-2] TRACE i.a.p.raft.roles.LeaderAppender - RaftServer{2} - Received AppendResponse{status=OK, term=1, succeeded=true, lastLogIndex=32} from 3
22:47:37.292 [raft-server-1-state] TRACE i.a.p.raft.impl.RaftServiceManager - RaftServer{1} - Applying Indexed{index=32, entry=CommandEntry{term=1, timestamp=2018-06-07 10:47:37,199, session=2, sequence=27, operation=PrimitiveOperation{id=DefaultOperationId{id=write, type=COMMAND}, value=byte[]{length=17, hash=-1644578928}}}}
22:47:37.292 [raft-client-431b802d-5b1a-4d37-8231-45cdad27d9ba-5] TRACE i.a.p.r.p.impl.RaftProxyConnection - PartitionProxy{2}{type=io.atomix.protocols.raft.RaftTest$TestPrimitiveType@35bfa1bb, name=raft-test} - Received CommandResponse{status=OK, index=32, eventIndex=2, result=byte[]{length=2, hash=1304}} from 3
22:47:37.292 [raft-server-2] TRACE i.a.p.raft.roles.LeaderAppender - RaftServer{2} - Sending AppendRequest{term=1, leader=2, prevLogIndex=32, prevLogTerm=1, entries=0, commitIndex=32} to 3
22:47:37.292 [raft-server-3-state] TRACE i.a.p.raft.impl.RaftServiceManager - RaftServer{3} - Applying Indexed{index=32, entry=CommandEntry{term=1, timestamp=2018-06-07 10:47:37,199, session=2, sequence=27, operation=PrimitiveOperation{id=DefaultOperationId{id=write, type=COMMAND}, value=byte[]{length=17, hash=-1644578928}}}}
22:47:37.292 [raft-server-1-state] TRACE i.a.p.s.impl.DefaultServiceExecutor - PrimitiveService{2}{type=io.atomix.protocols.raft.RaftTest$TestPrimitiveType@43a95102, name=raft-test} - Executing DefaultCommit{index=32, session=RaftSession{RaftServiceContext{server=1, type=io.atomix.protocols.raft.RaftTest$TestPrimitiveType@43a95102, name=raft-test, id=2}, session=2, timestamp=2018-06-07 10:47:37,199}, time=2018-06-07 10:47:37,199, operation=DefaultOperationId{id=write, type=COMMAND}, value=byte[]{length=17, hash=-1644578928}}
22:47:37.292 [raft-client-431b802d-5b1a-4d37-8231-45cdad27d9ba-5] TRACE i.a.p.r.p.impl.RaftProxySequencer - PartitionProxy{2}{type=io.atomix.protocols.raft.RaftTest$TestPrimitiveType@35bfa1bb, name=raft-test} - Completing response CommandResponse{status=OK, index=32, eventIndex=2, result=byte[]{length=2, hash=1304}}
22:47:37.292 [raft-server-2] TRACE i.a.p.raft.roles.LeaderAppender - RaftServer{2} - Received AppendResponse{status=OK, term=1, succeeded=true, lastLogIndex=32} from 1
22:47:37.292 [raft-server-3] TRACE i.a.p.raft.roles.FollowerRole - RaftServer{3}{role=FOLLOWER} - Received AppendRequest{term=1, leader=2, prevLogIndex=32, prevLogTerm=1, entries=0, commitIndex=32}
22:47:37.292 [raft-server-3-state] TRACE i.a.p.s.impl.DefaultServiceExecutor - PrimitiveService{2}{type=io.atomix.protocols.raft.RaftTest$TestPrimitiveType@19970ea6, name=raft-test} - Executing DefaultCommit{index=32, session=RaftSession{RaftServiceContext{server=3, type=io.atomix.protocols.raft.RaftTest$TestPrimitiveType@19970ea6, name=raft-test, id=2}, session=2, timestamp=2018-06-07 10:47:37,199}, time=2018-06-07 10:47:37,199, operation=DefaultOperationId{id=write, type=COMMAND}, value=byte[]{length=17, hash=-1644578928}}
22:47:37.293 [raft-server-3] TRACE i.a.p.raft.roles.FollowerRole - RaftServer{3}{role=FOLLOWER} - Sending AppendResponse{status=OK, term=1, succeeded=true, lastLogIndex=32}
22:47:37.293 [raft-server-2] TRACE i.a.p.raft.roles.LeaderAppender - RaftServer{2} - Sending AppendRequest{term=1, leader=2, prevLogIndex=32, prevLogTerm=1, entries=0, commitIndex=32} to 1
22:47:37.293 [raft-server-2] TRACE i.a.p.raft.roles.LeaderAppender - RaftServer{2} - Received AppendResponse{status=OK, term=1, succeeded=true, lastLogIndex=32} from 3
22:47:37.293 [raft-server-1] TRACE i.a.p.raft.roles.FollowerRole - RaftServer{1}{role=FOLLOWER} - Received AppendRequest{term=1, leader=2, prevLogIndex=32, prevLogTerm=1, entries=0, commitIndex=32}
22:47:37.293 [raft-client-431b802d-5b1a-4d37-8231-45cdad27d9ba-4] TRACE i.a.p.r.p.impl.RaftProxyConnection - PartitionProxy{2}{type=io.atomix.protocols.raft.RaftTest$TestPrimitiveType@35bfa1bb, name=raft-test} - Sending CommandRequest{session=2, sequence=28, operation=PrimitiveOperation{id=DefaultOperationId{id=write, type=COMMAND}, value=byte[]{length=17, hash=-1644578928}}} to 3
22:47:37.293 [raft-server-1] TRACE i.a.p.raft.roles.FollowerRole - RaftServer{1}{role=FOLLOWER} - Sending AppendResponse{status=OK, term=1, succeeded=true, lastLogIndex=32}
22:47:37.293 [raft-server-3] TRACE i.a.p.raft.roles.FollowerRole - RaftServer{3}{role=FOLLOWER} - Received CommandRequest{session=2, sequence=28, operation=PrimitiveOperation{id=DefaultOperationId{id=write, type=COMMAND}, value=byte[]{length=17, hash=-1644578928}}}
22:47:37.293 [raft-server-2] TRACE i.a.p.raft.roles.LeaderAppender - RaftServer{2} - Received AppendResponse{status=OK, term=1, succeeded=true, lastLogIndex=32} from 1
22:47:37.293 [raft-server-2] TRACE i.a.protocols.raft.roles.LeaderRole - RaftServer{2}{role=LEADER} - Received CommandRequest{session=2, sequence=28, operation=PrimitiveOperation{id=DefaultOperationId{id=write, type=COMMAND}, value=byte[]{length=17, hash=-1644578928}}}
22:47:37.293 [raft-server-2] TRACE i.a.protocols.raft.roles.LeaderRole - RaftServer{2}{role=LEADER} - Appended Indexed{index=33, entry=CommandEntry{term=1, timestamp=2018-06-07 10:47:37,293, session=2, sequence=28, operation=PrimitiveOperation{id=DefaultOperationId{id=write, type=COMMAND}, value=byte[]{length=17, hash=-1644578928}}}}
22:47:37.294 [raft-server-2] TRACE i.a.p.raft.roles.LeaderAppender - RaftServer{2} - Sending AppendRequest{term=1, leader=2, prevLogIndex=32, prevLogTerm=1, entries=1, commitIndex=32} to 1
22:47:37.294 [raft-server-1] TRACE i.a.p.raft.roles.FollowerRole - RaftServer{1}{role=FOLLOWER} - Received AppendRequest{term=1, leader=2, prevLogIndex=32, prevLogTerm=1, entries=1, commitIndex=32}
22:47:37.294 [raft-server-2] TRACE i.a.p.raft.roles.LeaderAppender - RaftServer{2} - Sending AppendRequest{term=1, leader=2, prevLogIndex=32, prevLogTerm=1, entries=1, commitIndex=32} to 3
22:47:37.294 [raft-server-3] TRACE i.a.p.raft.roles.FollowerRole - RaftServer{3}{role=FOLLOWER} - Received AppendRequest{term=1, leader=2, prevLogIndex=32, prevLogTerm=1, entries=1, commitIndex=32}
22:47:37.294 [raft-server-1] TRACE i.a.p.raft.roles.FollowerRole - RaftServer{1}{role=FOLLOWER} - Appended Indexed{index=33, entry=CommandEntry{term=1, timestamp=2018-06-07 10:47:37,293, session=2, sequence=28, operation=PrimitiveOperation{id=DefaultOperationId{id=write, type=COMMAND}, value=byte[]{length=17, hash=-1644578928}}}}
22:47:37.294 [raft-server-1] TRACE i.a.p.raft.roles.FollowerRole - RaftServer{1}{role=FOLLOWER} - Sending AppendResponse{status=OK, term=1, succeeded=true, lastLogIndex=33}
22:47:37.294 [raft-server-2] TRACE i.a.p.raft.roles.LeaderAppender - RaftServer{2} - Received AppendResponse{status=OK, term=1, succeeded=true, lastLogIndex=33} from 1
22:47:37.294 [raft-server-3] TRACE i.a.p.raft.roles.FollowerRole - RaftServer{3}{role=FOLLOWER} - Appended Indexed{index=33, entry=CommandEntry{term=1, timestamp=2018-06-07 10:47:37,293, session=2, sequence=28, operation=PrimitiveOperation{id=DefaultOperationId{id=write, type=COMMAND}, value=byte[]{length=17, hash=-1644578928}}}}
22:47:37.294 [raft-server-2] TRACE i.a.p.raft.roles.LeaderAppender - RaftServer{2} - Committed entries up to 33
22:47:37.294 [raft-server-3] TRACE i.a.p.raft.roles.FollowerRole - RaftServer{3}{role=FOLLOWER} - Sending AppendResponse{status=OK, term=1, succeeded=true, lastLogIndex=33}
22:47:37.325 [raft-server-2] TRACE i.a.p.raft.roles.LeaderAppender - RaftServer{2} - Received AppendResponse{status=OK, term=1, succeeded=true, lastLogIndex=33} from 3
22:47:37.325 [raft-server-2-state] TRACE i.a.p.raft.impl.RaftServiceManager - RaftServer{2} - Applying Indexed{index=33, entry=CommandEntry{term=1, timestamp=2018-06-07 10:47:37,293, session=2, sequence=28, operation=PrimitiveOperation{id=DefaultOperationId{id=write, type=COMMAND}, value=byte[]{length=17, hash=-1644578928}}}}
22:47:37.325 [raft-server-2-state] TRACE i.a.p.s.impl.DefaultServiceExecutor - PrimitiveService{2}{type=io.atomix.protocols.raft.RaftTest$TestPrimitiveType@581a9c39, name=raft-test} - Executing DefaultCommit{index=33, session=RaftSession{RaftServiceContext{server=2, type=io.atomix.protocols.raft.RaftTest$TestPrimitiveType@581a9c39, name=raft-test, id=2}, session=2, timestamp=2018-06-07 10:47:37,293}, time=2018-06-07 10:47:37,293, operation=DefaultOperationId{id=write, type=COMMAND}, value=byte[]{length=17, hash=-1644578928}}
22:47:37.326 [raft-server-2-state] TRACE i.a.protocols.raft.roles.LeaderRole - RaftServer{2}{role=LEADER} - Sending CommandResponse{status=OK, index=33, eventIndex=2, result=byte[]{length=2, hash=1306}}
22:47:37.326 [raft-server-3] TRACE i.a.p.raft.roles.FollowerRole - RaftServer{3}{role=FOLLOWER} - Sending CommandResponse{status=OK, index=33, eventIndex=2, result=byte[]{length=2, hash=1306}}
22:47:37.326 [raft-client-431b802d-5b1a-4d37-8231-45cdad27d9ba-6] TRACE i.a.p.r.p.impl.RaftProxyConnection - PartitionProxy{2}{type=io.atomix.protocols.raft.RaftTest$TestPrimitiveType@35bfa1bb, name=raft-test} - Received CommandResponse{status=OK, index=33, eventIndex=2, result=byte[]{length=2, hash=1306}} from 3
22:47:37.326 [raft-client-431b802d-5b1a-4d37-8231-45cdad27d9ba-6] TRACE i.a.p.r.p.impl.RaftProxySequencer - PartitionProxy{2}{type=io.atomix.protocols.raft.RaftTest$TestPrimitiveType@35bfa1bb, name=raft-test} - Completing response CommandResponse{status=OK, index=33, eventIndex=2, result=byte[]{length=2, hash=1306}}
22:47:37.326 [raft-client-431b802d-5b1a-4d37-8231-45cdad27d9ba-6] TRACE i.a.p.r.p.impl.RaftProxyConnection - PartitionProxy{2}{type=io.atomix.protocols.raft.RaftTest$TestPrimitiveType@35bfa1bb, name=raft-test} - Sending CommandRequest{session=2, sequence=29, operation=PrimitiveOperation{id=DefaultOperationId{id=write, type=COMMAND}, value=byte[]{length=17, hash=-1644578928}}} to 3
22:47:37.326 [raft-server-3] TRACE i.a.p.raft.roles.FollowerRole - RaftServer{3}{role=FOLLOWER} - Received CommandRequest{session=2, sequence=29, operation=PrimitiveOperation{id=DefaultOperationId{id=write, type=COMMAND}, value=byte[]{length=17, hash=-1644578928}}}
22:47:37.326 [raft-server-2] TRACE i.a.protocols.raft.roles.LeaderRole - RaftServer{2}{role=LEADER} - Received CommandRequest{session=2, sequence=29, operation=PrimitiveOperation{id=DefaultOperationId{id=write, type=COMMAND}, value=byte[]{length=17, hash=-1644578928}}}
22:47:37.327 [raft-server-2] TRACE i.a.protocols.raft.roles.LeaderRole - RaftServer{2}{role=LEADER} - Appended Indexed{index=34, entry=CommandEntry{term=1, timestamp=2018-06-07 10:47:37,327, session=2, sequence=29, operation=PrimitiveOperation{id=DefaultOperationId{id=write, type=COMMAND}, value=byte[]{length=17, hash=-1644578928}}}}
22:47:37.327 [raft-server-2] TRACE i.a.p.raft.roles.LeaderAppender - RaftServer{2} - Sending AppendRequest{term=1, leader=2, prevLogIndex=33, prevLogTerm=1, entries=1, commitIndex=33} to 1
22:47:37.327 [raft-server-2] TRACE i.a.p.raft.roles.LeaderAppender - RaftServer{2} - Sending AppendRequest{term=1, leader=2, prevLogIndex=33, prevLogTerm=1, entries=1, commitIndex=33} to 3
22:47:37.327 [raft-server-1] TRACE i.a.p.raft.roles.FollowerRole - RaftServer{1}{role=FOLLOWER} - Received AppendRequest{term=1, leader=2, prevLogIndex=33, prevLogTerm=1, entries=1, commitIndex=33}
22:47:37.327 [raft-server-3] TRACE i.a.p.raft.roles.FollowerRole - RaftServer{3}{role=FOLLOWER} - Received AppendRequest{term=1, leader=2, prevLogIndex=33, prevLogTerm=1, entries=1, commitIndex=33}
22:47:37.327 [raft-server-1] TRACE i.a.p.raft.roles.FollowerRole - RaftServer{1}{role=FOLLOWER} - Appended Indexed{index=34, entry=CommandEntry{term=1, timestamp=2018-06-07 10:47:37,327, session=2, sequence=29, operation=PrimitiveOperation{id=DefaultOperationId{id=write, type=COMMAND}, value=byte[]{length=17, hash=-1644578928}}}}
22:47:37.327 [raft-server-3] TRACE i.a.p.raft.roles.FollowerRole - RaftServer{3}{role=FOLLOWER} - Appended Indexed{index=34, entry=CommandEntry{term=1, timestamp=2018-06-07 10:47:37,327, session=2, sequence=29, operation=PrimitiveOperation{id=DefaultOperationId{id=write, type=COMMAND}, value=byte[]{length=17, hash=-1644578928}}}}
22:47:37.366 [raft-server-1] TRACE i.a.p.raft.roles.FollowerRole - RaftServer{1}{role=FOLLOWER} - Committed entries up to index 33
22:47:37.366 [raft-server-3] TRACE i.a.p.raft.roles.FollowerRole - RaftServer{3}{role=FOLLOWER} - Committed entries up to index 33
22:47:37.366 [raft-server-1] TRACE i.a.p.raft.roles.FollowerRole - RaftServer{1}{role=FOLLOWER} - Sending AppendResponse{status=OK, term=1, succeeded=true, lastLogIndex=34}
22:47:37.366 [raft-server-3] TRACE i.a.p.raft.roles.FollowerRole - RaftServer{3}{role=FOLLOWER} - Sending AppendResponse{status=OK, term=1, succeeded=true, lastLogIndex=34}
22:47:37.366 [raft-server-2] TRACE i.a.p.raft.roles.LeaderAppender - RaftServer{2} - Received AppendResponse{status=OK, term=1, succeeded=true, lastLogIndex=34} from 1
22:47:37.366 [raft-server-1-state] TRACE i.a.p.raft.impl.RaftServiceManager - RaftServer{1} - Applying Indexed{index=33, entry=CommandEntry{term=1, timestamp=2018-06-07 10:47:37,293, session=2, sequence=28, operation=PrimitiveOperation{id=DefaultOperationId{id=write, type=COMMAND}, value=byte[]{length=17, hash=-1644578928}}}}
22:47:37.366 [raft-server-2] TRACE i.a.p.raft.roles.LeaderAppender - RaftServer{2} - Committed entries up to 34
22:47:37.366 [raft-server-3-state] TRACE i.a.p.raft.impl.RaftServiceManager - RaftServer{3} - Applying Indexed{index=33, entry=CommandEntry{term=1, timestamp=2018-06-07 10:47:37,293, session=2, sequence=28, operation=PrimitiveOperation{id=DefaultOperationId{id=write, type=COMMAND}, value=byte[]{length=17, hash=-1644578928}}}}
22:47:37.367 [raft-server-1-state] TRACE i.a.p.s.impl.DefaultServiceExecutor - PrimitiveService{2}{type=io.atomix.protocols.raft.RaftTest$TestPrimitiveType@43a95102, name=raft-test} - Executing DefaultCommit{index=33, session=RaftSession{RaftServiceContext{server=1, type=io.atomix.protocols.raft.RaftTest$TestPrimitiveType@43a95102, name=raft-test, id=2}, session=2, timestamp=2018-06-07 10:47:37,293}, time=2018-06-07 10:47:37,293, operation=DefaultOperationId{id=write, type=COMMAND}, value=byte[]{length=17, hash=-1644578928}}
22:47:37.367 [raft-server-3-state] TRACE i.a.p.s.impl.DefaultServiceExecutor - PrimitiveService{2}{type=io.atomix.protocols.raft.RaftTest$TestPrimitiveType@19970ea6, name=raft-test} - Executing DefaultCommit{index=33, session=RaftSession{RaftServiceContext{server=3, type=io.atomix.protocols.raft.RaftTest$TestPrimitiveType@19970ea6, name=raft-test, id=2}, session=2, timestamp=2018-06-07 10:47:37,293}, time=2018-06-07 10:47:37,293, operation=DefaultOperationId{id=write, type=COMMAND}, value=byte[]{length=17, hash=-1644578928}}
22:47:37.392 [raft-server-2] TRACE i.a.p.raft.roles.LeaderAppender - RaftServer{2} - Received AppendResponse{status=OK, term=1, succeeded=true, lastLogIndex=34} from 3
22:47:37.392 [raft-server-2-state] TRACE i.a.p.raft.impl.RaftServiceManager - RaftServer{2} - Applying Indexed{index=34, entry=CommandEntry{term=1, timestamp=2018-06-07 10:47:37,327, session=2, sequence=29, operation=PrimitiveOperation{id=DefaultOperationId{id=write, type=COMMAND}, value=byte[]{length=17, hash=-1644578928}}}}
22:47:37.392 [raft-server-2-state] TRACE i.a.p.s.impl.DefaultServiceExecutor - PrimitiveService{2}{type=io.atomix.protocols.raft.RaftTest$TestPrimitiveType@581a9c39, name=raft-test} - Executing DefaultCommit{index=34, session=RaftSession{RaftServiceContext{server=2, type=io.atomix.protocols.raft.RaftTest$TestPrimitiveType@581a9c39, name=raft-test, id=2}, session=2, timestamp=2018-06-07 10:47:37,327}, time=2018-06-07 10:47:37,327, operation=DefaultOperationId{id=write, type=COMMAND}, value=byte[]{length=17, hash=-1644578928}}
22:47:37.392 [raft-server-2-state] TRACE i.a.protocols.raft.roles.LeaderRole - RaftServer{2}{role=LEADER} - Sending CommandResponse{status=OK, index=34, eventIndex=2, result=byte[]{length=2, hash=1308}}
22:47:37.392 [raft-server-3] TRACE i.a.p.raft.roles.FollowerRole - RaftServer{3}{role=FOLLOWER} - Sending CommandResponse{status=OK, index=34, eventIndex=2, result=byte[]{length=2, hash=1308}}
22:47:37.393 [raft-client-431b802d-5b1a-4d37-8231-45cdad27d9ba-2] TRACE i.a.p.r.p.impl.RaftProxyConnection - PartitionProxy{2}{type=io.atomix.protocols.raft.RaftTest$TestPrimitiveType@35bfa1bb, name=raft-test} - Received CommandResponse{status=OK, index=34, eventIndex=2, result=byte[]{length=2, hash=1308}} from 3
22:47:37.393 [raft-client-431b802d-5b1a-4d37-8231-45cdad27d9ba-2] TRACE i.a.p.r.p.impl.RaftProxySequencer - PartitionProxy{2}{type=io.atomix.protocols.raft.RaftTest$TestPrimitiveType@35bfa1bb, name=raft-test} - Completing response CommandResponse{status=OK, index=34, eventIndex=2, result=byte[]{length=2, hash=1308}}
22:47:37.393 [raft-client-431b802d-5b1a-4d37-8231-45cdad27d9ba-2] TRACE i.a.p.r.p.impl.RaftProxyConnection - PartitionProxy{2}{type=io.atomix.protocols.raft.RaftTest$TestPrimitiveType@35bfa1bb, name=raft-test} - Sending CommandRequest{session=2, sequence=30, operation=PrimitiveOperation{id=DefaultOperationId{id=write, type=COMMAND}, value=byte[]{length=17, hash=-1644578928}}} to 3
22:47:37.393 [raft-server-3] TRACE i.a.p.raft.roles.FollowerRole - RaftServer{3}{role=FOLLOWER} - Received CommandRequest{session=2, sequence=30, operation=PrimitiveOperation{id=DefaultOperationId{id=write, type=COMMAND}, value=byte[]{length=17, hash=-1644578928}}}
22:47:37.393 [raft-server-2] TRACE i.a.protocols.raft.roles.LeaderRole - RaftServer{2}{role=LEADER} - Received CommandRequest{session=2, sequence=30, operation=PrimitiveOperation{id=DefaultOperationId{id=write, type=COMMAND}, value=byte[]{length=17, hash=-1644578928}}}
22:47:37.393 [raft-server-2] TRACE i.a.protocols.raft.roles.LeaderRole - RaftServer{2}{role=LEADER} - Appended Indexed{index=35, entry=CommandEntry{term=1, timestamp=2018-06-07 10:47:37,393, session=2, sequence=30, operation=PrimitiveOperation{id=DefaultOperationId{id=write, type=COMMAND}, value=byte[]{length=17, hash=-1644578928}}}}
22:47:37.394 [raft-server-2] TRACE i.a.p.raft.roles.LeaderAppender - RaftServer{2} - Sending AppendRequest{term=1, leader=2, prevLogIndex=34, prevLogTerm=1, entries=1, commitIndex=34} to 1
22:47:37.394 [raft-server-1] TRACE i.a.p.raft.roles.FollowerRole - RaftServer{1}{role=FOLLOWER} - Received AppendRequest{term=1, leader=2, prevLogIndex=34, prevLogTerm=1, entries=1, commitIndex=34}
22:47:37.394 [raft-server-2] TRACE i.a.p.raft.roles.LeaderAppender - RaftServer{2} - Sending AppendRequest{term=1, leader=2, prevLogIndex=34, prevLogTerm=1, entries=1, commitIndex=34} to 3
22:47:37.394 [raft-server-3] TRACE i.a.p.raft.roles.FollowerRole - RaftServer{3}{role=FOLLOWER} - Received AppendRequest{term=1, leader=2, prevLogIndex=34, prevLogTerm=1, entries=1, commitIndex=34}
22:47:37.394 [raft-server-1] TRACE i.a.p.raft.roles.FollowerRole - RaftServer{1}{role=FOLLOWER} - Appended Indexed{index=35, entry=CommandEntry{term=1, timestamp=2018-06-07 10:47:37,393, session=2, sequence=30, operation=PrimitiveOperation{id=DefaultOperationId{id=write, type=COMMAND}, value=byte[]{length=17, hash=-1644578928}}}}
22:47:37.394 [raft-server-3] TRACE i.a.p.raft.roles.FollowerRole - RaftServer{3}{role=FOLLOWER} - Appended Indexed{index=35, entry=CommandEntry{term=1, timestamp=2018-06-07 10:47:37,393, session=2, sequence=30, operation=PrimitiveOperation{id=DefaultOperationId{id=write, type=COMMAND}, value=byte[]{length=17, hash=-1644578928}}}}
22:47:37.425 [raft-server-1] TRACE i.a.p.raft.roles.FollowerRole - RaftServer{1}{role=FOLLOWER} - Committed entries up to index 34
22:47:37.425 [raft-server-3] TRACE i.a.p.raft.roles.FollowerRole - RaftServer{3}{role=FOLLOWER} - Committed entries up to index 34
22:47:37.425 [raft-server-1] TRACE i.a.p.raft.roles.FollowerRole - RaftServer{1}{role=FOLLOWER} - Sending AppendResponse{status=OK, term=1, succeeded=true, lastLogIndex=35}
22:47:37.425 [raft-server-3] TRACE i.a.p.raft.roles.FollowerRole - RaftServer{3}{role=FOLLOWER} - Sending AppendResponse{status=OK, term=1, succeeded=true, lastLogIndex=35}
22:47:37.425 [raft-server-2] TRACE i.a.p.raft.roles.LeaderAppender - RaftServer{2} - Received AppendResponse{status=OK, term=1, succeeded=true, lastLogIndex=35} from 1
22:47:37.425 [raft-server-1-state] TRACE i.a.p.raft.impl.RaftServiceManager - RaftServer{1} - Applying Indexed{index=34, entry=CommandEntry{term=1, timestamp=2018-06-07 10:47:37,327, session=2, sequence=29, operation=PrimitiveOperation{id=DefaultOperationId{id=write, type=COMMAND}, value=byte[]{length=17, hash=-1644578928}}}}
22:47:37.425 [raft-server-2] TRACE i.a.p.raft.roles.LeaderAppender - RaftServer{2} - Committed entries up to 35
22:47:37.425 [raft-server-3-state] TRACE i.a.p.raft.impl.RaftServiceManager - RaftServer{3} - Applying Indexed{index=34, entry=CommandEntry{term=1, timestamp=2018-06-07 10:47:37,327, session=2, sequence=29, operation=PrimitiveOperation{id=DefaultOperationId{id=write, type=COMMAND}, value=byte[]{length=17, hash=-1644578928}}}}
22:47:37.425 [raft-server-1-state] TRACE i.a.p.s.impl.DefaultServiceExecutor - PrimitiveService{2}{type=io.atomix.protocols.raft.RaftTest$TestPrimitiveType@43a95102, name=raft-test} - Executing DefaultCommit{index=34, session=RaftSession{RaftServiceContext{server=1, type=io.atomix.protocols.raft.RaftTest$TestPrimitiveType@43a95102, name=raft-test, id=2}, session=2, timestamp=2018-06-07 10:47:37,327}, time=2018-06-07 10:47:37,327, operation=DefaultOperationId{id=write, type=COMMAND}, value=byte[]{length=17, hash=-1644578928}}
22:47:37.426 [raft-server-3-state] TRACE i.a.p.s.impl.DefaultServiceExecutor - PrimitiveService{2}{type=io.atomix.protocols.raft.RaftTest$TestPrimitiveType@19970ea6, name=raft-test} - Executing DefaultCommit{index=34, session=RaftSession{RaftServiceContext{server=3, type=io.atomix.protocols.raft.RaftTest$TestPrimitiveType@19970ea6, name=raft-test, id=2}, session=2, timestamp=2018-06-07 10:47:37,327}, time=2018-06-07 10:47:37,327, operation=DefaultOperationId{id=write, type=COMMAND}, value=byte[]{length=17, hash=-1644578928}}
22:47:37.458 [raft-server-2] TRACE i.a.p.raft.roles.LeaderAppender - RaftServer{2} - Received AppendResponse{status=OK, term=1, succeeded=true, lastLogIndex=35} from 3
22:47:37.459 [raft-server-2-state] TRACE i.a.p.raft.impl.RaftServiceManager - RaftServer{2} - Applying Indexed{index=35, entry=CommandEntry{term=1, timestamp=2018-06-07 10:47:37,393, session=2, sequence=30, operation=PrimitiveOperation{id=DefaultOperationId{id=write, type=COMMAND}, value=byte[]{length=17, hash=-1644578928}}}}
22:47:37.459 [raft-server-2-state] TRACE i.a.p.s.impl.DefaultServiceExecutor - PrimitiveService{2}{type=io.atomix.protocols.raft.RaftTest$TestPrimitiveType@581a9c39, name=raft-test} - Executing DefaultCommit{index=35, session=RaftSession{RaftServiceContext{server=2, type=io.atomix.protocols.raft.RaftTest$TestPrimitiveType@581a9c39, name=raft-test, id=2}, session=2, timestamp=2018-06-07 10:47:37,393}, time=2018-06-07 10:47:37,393, operation=DefaultOperationId{id=write, type=COMMAND}, value=byte[]{length=17, hash=-1644578928}}
22:47:37.459 [raft-server-2-state] TRACE i.a.protocols.raft.roles.LeaderRole - RaftServer{2}{role=LEADER} - Sending CommandResponse{status=OK, index=35, eventIndex=2, result=byte[]{length=2, hash=1310}}
22:47:37.459 [raft-server-3] TRACE i.a.p.raft.roles.FollowerRole - RaftServer{3}{role=FOLLOWER} - Sending CommandResponse{status=OK, index=35, eventIndex=2, result=byte[]{length=2, hash=1310}}
22:47:37.459 [raft-client-431b802d-5b1a-4d37-8231-45cdad27d9ba-5] TRACE i.a.p.r.p.impl.RaftProxyConnection - PartitionProxy{2}{type=io.atomix.protocols.raft.RaftTest$TestPrimitiveType@35bfa1bb, name=raft-test} - Received CommandResponse{status=OK, index=35, eventIndex=2, result=byte[]{length=2, hash=1310}} from 3
22:47:37.459 [raft-client-431b802d-5b1a-4d37-8231-45cdad27d9ba-5] TRACE i.a.p.r.p.impl.RaftProxySequencer - PartitionProxy{2}{type=io.atomix.protocols.raft.RaftTest$TestPrimitiveType@35bfa1bb, name=raft-test} - Completing response CommandResponse{status=OK, index=35, eventIndex=2, result=byte[]{length=2, hash=1310}}
22:47:37.459 [raft-client-431b802d-5b1a-4d37-8231-45cdad27d9ba-3] TRACE i.a.p.r.p.impl.RaftProxyConnection - PartitionProxy{2}{type=io.atomix.protocols.raft.RaftTest$TestPrimitiveType@35bfa1bb, name=raft-test} - Sending CommandRequest{session=2, sequence=31, operation=PrimitiveOperation{id=DefaultOperationId{id=write, type=COMMAND}, value=byte[]{length=17, hash=-1644578928}}} to 3
22:47:37.460 [raft-server-3] TRACE i.a.p.raft.roles.FollowerRole - RaftServer{3}{role=FOLLOWER} - Received CommandRequest{session=2, sequence=31, operation=PrimitiveOperation{id=DefaultOperationId{id=write, type=COMMAND}, value=byte[]{length=17, hash=-1644578928}}}
22:47:37.460 [raft-server-2] TRACE i.a.protocols.raft.roles.LeaderRole - RaftServer{2}{role=LEADER} - Received CommandRequest{session=2, sequence=31, operation=PrimitiveOperation{id=DefaultOperationId{id=write, type=COMMAND}, value=byte[]{length=17, hash=-1644578928}}}
22:47:37.460 [raft-server-2] TRACE i.a.protocols.raft.roles.LeaderRole - RaftServer{2}{role=LEADER} - Appended Indexed{index=36, entry=CommandEntry{term=1, timestamp=2018-06-07 10:47:37,460, session=2, sequence=31, operation=PrimitiveOperation{id=DefaultOperationId{id=write, type=COMMAND}, value=byte[]{length=17, hash=-1644578928}}}}
22:47:37.460 [raft-server-2] TRACE i.a.p.raft.roles.LeaderAppender - RaftServer{2} - Sending AppendRequest{term=1, leader=2, prevLogIndex=35, prevLogTerm=1, entries=1, commitIndex=35} to 1
22:47:37.460 [raft-server-2] TRACE i.a.p.raft.roles.LeaderAppender - RaftServer{2} - Sending AppendRequest{term=1, leader=2, prevLogIndex=35, prevLogTerm=1, entries=1, commitIndex=35} to 3
22:47:37.460 [raft-server-1] TRACE i.a.p.raft.roles.FollowerRole - RaftServer{1}{role=FOLLOWER} - Received AppendRequest{term=1, leader=2, prevLogIndex=35, prevLogTerm=1, entries=1, commitIndex=35}
22:47:37.460 [raft-server-3] TRACE i.a.p.raft.roles.FollowerRole - RaftServer{3}{role=FOLLOWER} - Received AppendRequest{term=1, leader=2, prevLogIndex=35, prevLogTerm=1, entries=1, commitIndex=35}
22:47:37.460 [raft-server-1] TRACE i.a.p.raft.roles.FollowerRole - RaftServer{1}{role=FOLLOWER} - Appended Indexed{index=36, entry=CommandEntry{term=1, timestamp=2018-06-07 10:47:37,460, session=2, sequence=31, operation=PrimitiveOperation{id=DefaultOperationId{id=write, type=COMMAND}, value=byte[]{length=17, hash=-1644578928}}}}
22:47:37.461 [raft-server-3] TRACE i.a.p.raft.roles.FollowerRole - RaftServer{3}{role=FOLLOWER} - Appended Indexed{index=36, entry=CommandEntry{term=1, timestamp=2018-06-07 10:47:37,460, session=2, sequence=31, operation=PrimitiveOperation{id=DefaultOperationId{id=write, type=COMMAND}, value=byte[]{length=17, hash=-1644578928}}}}
22:47:37.492 [raft-server-1] TRACE i.a.p.raft.roles.FollowerRole - RaftServer{1}{role=FOLLOWER} - Committed entries up to index 35
22:47:37.492 [raft-server-1] TRACE i.a.p.raft.roles.FollowerRole - RaftServer{1}{role=FOLLOWER} - Sending AppendResponse{status=OK, term=1, succeeded=true, lastLogIndex=36}
22:47:37.492 [raft-server-3] TRACE i.a.p.raft.roles.FollowerRole - RaftServer{3}{role=FOLLOWER} - Committed entries up to index 35
22:47:37.492 [raft-server-2] TRACE i.a.p.raft.roles.LeaderAppender - RaftServer{2} - Received AppendResponse{status=OK, term=1, succeeded=true, lastLogIndex=36} from 1
22:47:37.492 [raft-server-3] TRACE i.a.p.raft.roles.FollowerRole - RaftServer{3}{role=FOLLOWER} - Sending AppendResponse{status=OK, term=1, succeeded=true, lastLogIndex=36}
22:47:37.492 [raft-server-1-state] TRACE i.a.p.raft.impl.RaftServiceManager - RaftServer{1} - Applying Indexed{index=35, entry=CommandEntry{term=1, timestamp=2018-06-07 10:47:37,393, session=2, sequence=30, operation=PrimitiveOperation{id=DefaultOperationId{id=write, type=COMMAND}, value=byte[]{length=17, hash=-1644578928}}}}
22:47:37.492 [raft-server-2] TRACE i.a.p.raft.roles.LeaderAppender - RaftServer{2} - Committed entries up to 36
22:47:37.492 [raft-server-3-state] TRACE i.a.p.raft.impl.RaftServiceManager - RaftServer{3} - Applying Indexed{index=35, entry=CommandEntry{term=1, timestamp=2018-06-07 10:47:37,393, session=2, sequence=30, operation=PrimitiveOperation{id=DefaultOperationId{id=write, type=COMMAND}, value=byte[]{length=17, hash=-1644578928}}}}
22:47:37.492 [raft-server-1-state] TRACE i.a.p.s.impl.DefaultServiceExecutor - PrimitiveService{2}{type=io.atomix.protocols.raft.RaftTest$TestPrimitiveType@43a95102, name=raft-test} - Executing DefaultCommit{index=35, session=RaftSession{RaftServiceContext{server=1, type=io.atomix.protocols.raft.RaftTest$TestPrimitiveType@43a95102, name=raft-test, id=2}, session=2, timestamp=2018-06-07 10:47:37,393}, time=2018-06-07 10:47:37,393, operation=DefaultOperationId{id=write, type=COMMAND}, value=byte[]{length=17, hash=-1644578928}}
22:47:37.492 [raft-server-3-state] TRACE i.a.p.s.impl.DefaultServiceExecutor - PrimitiveService{2}{type=io.atomix.protocols.raft.RaftTest$TestPrimitiveType@19970ea6, name=raft-test} - Executing DefaultCommit{index=35, session=RaftSession{RaftServiceContext{server=3, type=io.atomix.protocols.raft.RaftTest$TestPrimitiveType@19970ea6, name=raft-test, id=2}, session=2, timestamp=2018-06-07 10:47:37,393}, time=2018-06-07 10:47:37,393, operation=DefaultOperationId{id=write, type=COMMAND}, value=byte[]{length=17, hash=-1644578928}}
22:47:37.533 [raft-server-2] TRACE i.a.p.raft.roles.LeaderAppender - RaftServer{2} - Sending AppendRequest{term=1, leader=2, prevLogIndex=36, prevLogTerm=1, entries=0, commitIndex=36} to 1
22:47:37.534 [raft-server-2] TRACE i.a.p.raft.roles.LeaderAppender - RaftServer{2} - Received AppendResponse{status=OK, term=1, succeeded=true, lastLogIndex=36} from 3
22:47:37.534 [raft-server-1] TRACE i.a.p.raft.roles.FollowerRole - RaftServer{1}{role=FOLLOWER} - Received AppendRequest{term=1, leader=2, prevLogIndex=36, prevLogTerm=1, entries=0, commitIndex=36}
22:47:37.534 [raft-server-2] TRACE i.a.p.raft.roles.LeaderAppender - RaftServer{2} - Sending AppendRequest{term=1, leader=2, prevLogIndex=36, prevLogTerm=1, entries=0, commitIndex=36} to 3
22:47:37.534 [raft-server-1] TRACE i.a.p.raft.roles.FollowerRole - RaftServer{1}{role=FOLLOWER} - Committed entries up to index 36
22:47:37.534 [raft-server-3] TRACE i.a.p.raft.roles.FollowerRole - RaftServer{3}{role=FOLLOWER} - Received AppendRequest{term=1, leader=2, prevLogIndex=36, prevLogTerm=1, entries=0, commitIndex=36}
22:47:37.534 [raft-server-2-state] TRACE i.a.p.raft.impl.RaftServiceManager - RaftServer{2} - Applying Indexed{index=36, entry=CommandEntry{term=1, timestamp=2018-06-07 10:47:37,460, session=2, sequence=31, operation=PrimitiveOperation{id=DefaultOperationId{id=write, type=COMMAND}, value=byte[]{length=17, hash=-1644578928}}}}
22:47:37.534 [raft-server-2-state] TRACE i.a.p.s.impl.DefaultServiceExecutor - PrimitiveService{2}{type=io.atomix.protocols.raft.RaftTest$TestPrimitiveType@581a9c39, name=raft-test} - Executing DefaultCommit{index=36, session=RaftSession{RaftServiceContext{server=2, type=io.atomix.protocols.raft.RaftTest$TestPrimitiveType@581a9c39, name=raft-test, id=2}, session=2, timestamp=2018-06-07 10:47:37,460}, time=2018-06-07 10:47:37,460, operation=DefaultOperationId{id=write, type=COMMAND}, value=byte[]{length=17, hash=-1644578928}}
22:47:37.534 [raft-server-2-state] TRACE i.a.protocols.raft.roles.LeaderRole - RaftServer{2}{role=LEADER} - Sending CommandResponse{status=OK, index=36, eventIndex=2, result=byte[]{length=2, hash=1312}}
22:47:37.534 [raft-server-1] TRACE i.a.p.raft.roles.FollowerRole - RaftServer{1}{role=FOLLOWER} - Sending AppendResponse{status=OK, term=1, succeeded=true, lastLogIndex=36}
22:47:37.534 [raft-server-2] TRACE i.a.p.raft.roles.LeaderAppender - RaftServer{2} - Received AppendResponse{status=OK, term=1, succeeded=true, lastLogIndex=36} from 1
22:47:37.534 [raft-server-1-state] TRACE i.a.p.raft.impl.RaftServiceManager - RaftServer{1} - Applying Indexed{index=36, entry=CommandEntry{term=1, timestamp=2018-06-07 10:47:37,460, session=2, sequence=31, operation=PrimitiveOperation{id=DefaultOperationId{id=write, type=COMMAND}, value=byte[]{length=17, hash=-1644578928}}}}
22:47:37.535 [raft-server-1-state] TRACE i.a.p.s.impl.DefaultServiceExecutor - PrimitiveService{2}{type=io.atomix.protocols.raft.RaftTest$TestPrimitiveType@43a95102, name=raft-test} - Executing DefaultCommit{index=36, session=RaftSession{RaftServiceContext{server=1, type=io.atomix.protocols.raft.RaftTest$TestPrimitiveType@43a95102, name=raft-test, id=2}, session=2, timestamp=2018-06-07 10:47:37,460}, time=2018-06-07 10:47:37,460, operation=DefaultOperationId{id=write, type=COMMAND}, value=byte[]{length=17, hash=-1644578928}}
22:47:37.556 [raft-server-3] TRACE i.a.p.raft.roles.FollowerRole - RaftServer{3}{role=FOLLOWER} - Committed entries up to index 36
22:47:37.556 [raft-server-3] TRACE i.a.p.raft.roles.FollowerRole - RaftServer{3}{role=FOLLOWER} - Sending AppendResponse{status=OK, term=1, succeeded=true, lastLogIndex=36}
22:47:37.556 [raft-server-3] TRACE i.a.p.raft.roles.FollowerRole - RaftServer{3}{role=FOLLOWER} - Sending CommandResponse{status=OK, index=36, eventIndex=2, result=byte[]{length=2, hash=1312}}
22:47:37.556 [raft-server-2] TRACE i.a.p.raft.roles.LeaderAppender - RaftServer{2} - Received AppendResponse{status=OK, term=1, succeeded=true, lastLogIndex=36} from 3
22:47:37.556 [raft-client-431b802d-5b1a-4d37-8231-45cdad27d9ba-0] TRACE i.a.p.r.p.impl.RaftProxyConnection - PartitionProxy{2}{type=io.atomix.protocols.raft.RaftTest$TestPrimitiveType@35bfa1bb, name=raft-test} - Received CommandResponse{status=OK, index=36, eventIndex=2, result=byte[]{length=2, hash=1312}} from 3
22:47:37.556 [raft-server-3-state] TRACE i.a.p.raft.impl.RaftServiceManager - RaftServer{3} - Applying Indexed{index=36, entry=CommandEntry{term=1, timestamp=2018-06-07 10:47:37,460, session=2, sequence=31, operation=PrimitiveOperation{id=DefaultOperationId{id=write, type=COMMAND}, value=byte[]{length=17, hash=-1644578928}}}}
22:47:37.556 [raft-client-431b802d-5b1a-4d37-8231-45cdad27d9ba-0] TRACE i.a.p.r.p.impl.RaftProxySequencer - PartitionProxy{2}{type=io.atomix.protocols.raft.RaftTest$TestPrimitiveType@35bfa1bb, name=raft-test} - Completing response CommandResponse{status=OK, index=36, eventIndex=2, result=byte[]{length=2, hash=1312}}
22:47:37.556 [raft-server-3-state] TRACE i.a.p.s.impl.DefaultServiceExecutor - PrimitiveService{2}{type=io.atomix.protocols.raft.RaftTest$TestPrimitiveType@19970ea6, name=raft-test} - Executing DefaultCommit{index=36, session=RaftSession{RaftServiceContext{server=3, type=io.atomix.protocols.raft.RaftTest$TestPrimitiveType@19970ea6, name=raft-test, id=2}, session=2, timestamp=2018-06-07 10:47:37,460}, time=2018-06-07 10:47:37,460, operation=DefaultOperationId{id=write, type=COMMAND}, value=byte[]{length=17, hash=-1644578928}}
22:47:37.557 [raft-client-431b802d-5b1a-4d37-8231-45cdad27d9ba-7] TRACE i.a.p.r.p.impl.RaftProxyConnection - PartitionProxy{2}{type=io.atomix.protocols.raft.RaftTest$TestPrimitiveType@35bfa1bb, name=raft-test} - Sending CommandRequest{session=2, sequence=32, operation=PrimitiveOperation{id=DefaultOperationId{id=write, type=COMMAND}, value=byte[]{length=17, hash=-1644578928}}} to 3
22:47:37.557 [raft-server-3] TRACE i.a.p.raft.roles.FollowerRole - RaftServer{3}{role=FOLLOWER} - Received CommandRequest{session=2, sequence=32, operation=PrimitiveOperation{id=DefaultOperationId{id=write, type=COMMAND}, value=byte[]{length=17, hash=-1644578928}}}
22:47:37.557 [raft-server-2] TRACE i.a.protocols.raft.roles.LeaderRole - RaftServer{2}{role=LEADER} - Received CommandRequest{session=2, sequence=32, operation=PrimitiveOperation{id=DefaultOperationId{id=write, type=COMMAND}, value=byte[]{length=17, hash=-1644578928}}}
22:47:37.557 [raft-server-2] TRACE i.a.protocols.raft.roles.LeaderRole - RaftServer{2}{role=LEADER} - Appended Indexed{index=37, entry=CommandEntry{term=1, timestamp=2018-06-07 10:47:37,557, session=2, sequence=32, operation=PrimitiveOperation{id=DefaultOperationId{id=write, type=COMMAND}, value=byte[]{length=17, hash=-1644578928}}}}
22:47:37.557 [raft-server-2] TRACE i.a.p.raft.roles.LeaderAppender - RaftServer{2} - Sending AppendRequest{term=1, leader=2, prevLogIndex=36, prevLogTerm=1, entries=1, commitIndex=36} to 1
22:47:37.557 [raft-server-1] TRACE i.a.p.raft.roles.FollowerRole - RaftServer{1}{role=FOLLOWER} - Received AppendRequest{term=1, leader=2, prevLogIndex=36, prevLogTerm=1, entries=1, commitIndex=36}
22:47:37.557 [raft-server-2] TRACE i.a.p.raft.roles.LeaderAppender - RaftServer{2} - Sending AppendRequest{term=1, leader=2, prevLogIndex=36, prevLogTerm=1, entries=1, commitIndex=36} to 3
22:47:37.558 [raft-server-3] TRACE i.a.p.raft.roles.FollowerRole - RaftServer{3}{role=FOLLOWER} - Received AppendRequest{term=1, leader=2, prevLogIndex=36, prevLogTerm=1, entries=1, commitIndex=36}
22:47:37.558 [raft-server-1] TRACE i.a.p.raft.roles.FollowerRole - RaftServer{1}{role=FOLLOWER} - Appended Indexed{index=37, entry=CommandEntry{term=1, timestamp=2018-06-07 10:47:37,557, session=2, sequence=32, operation=PrimitiveOperation{id=DefaultOperationId{id=write, type=COMMAND}, value=byte[]{length=17, hash=-1644578928}}}}
22:47:37.558 [raft-server-1] TRACE i.a.p.raft.roles.FollowerRole - RaftServer{1}{role=FOLLOWER} - Sending AppendResponse{status=OK, term=1, succeeded=true, lastLogIndex=37}
22:47:37.558 [raft-server-2] TRACE i.a.p.raft.roles.LeaderAppender - RaftServer{2} - Received AppendResponse{status=OK, term=1, succeeded=true, lastLogIndex=37} from 1
22:47:37.558 [raft-server-3] TRACE i.a.p.raft.roles.FollowerRole - RaftServer{3}{role=FOLLOWER} - Appended Indexed{index=37, entry=CommandEntry{term=1, timestamp=2018-06-07 10:47:37,557, session=2, sequence=32, operation=PrimitiveOperation{id=DefaultOperationId{id=write, type=COMMAND}, value=byte[]{length=17, hash=-1644578928}}}}
22:47:37.558 [raft-server-2] TRACE i.a.p.raft.roles.LeaderAppender - RaftServer{2} - Committed entries up to 37
22:47:37.558 [raft-server-3] TRACE i.a.p.raft.roles.FollowerRole - RaftServer{3}{role=FOLLOWER} - Sending AppendResponse{status=OK, term=1, succeeded=true, lastLogIndex=37}
22:47:37.648 [raft-server-2] TRACE i.a.p.raft.roles.LeaderAppender - RaftServer{2} - Received AppendResponse{status=OK, term=1, succeeded=true, lastLogIndex=37} from 3
22:47:37.648 [raft-server-2-state] TRACE i.a.p.raft.impl.RaftServiceManager - RaftServer{2} - Applying Indexed{index=37, entry=CommandEntry{term=1, timestamp=2018-06-07 10:47:37,557, session=2, sequence=32, operation=PrimitiveOperation{id=DefaultOperationId{id=write, type=COMMAND}, value=byte[]{length=17, hash=-1644578928}}}}
22:47:37.648 [raft-server-2-state] TRACE i.a.p.s.impl.DefaultServiceExecutor - PrimitiveService{2}{type=io.atomix.protocols.raft.RaftTest$TestPrimitiveType@581a9c39, name=raft-test} - Executing DefaultCommit{index=37, session=RaftSession{RaftServiceContext{server=2, type=io.atomix.protocols.raft.RaftTest$TestPrimitiveType@581a9c39, name=raft-test, id=2}, session=2, timestamp=2018-06-07 10:47:37,557}, time=2018-06-07 10:47:37,557, operation=DefaultOperationId{id=write, type=COMMAND}, value=byte[]{length=17, hash=-1644578928}}
22:47:37.648 [raft-server-2-state] TRACE i.a.protocols.raft.roles.LeaderRole - RaftServer{2}{role=LEADER} - Sending CommandResponse{status=OK, index=37, eventIndex=2, result=byte[]{length=2, hash=1314}}
22:47:37.648 [raft-server-3] TRACE i.a.p.raft.roles.FollowerRole - RaftServer{3}{role=FOLLOWER} - Sending CommandResponse{status=OK, index=37, eventIndex=2, result=byte[]{length=2, hash=1314}}
22:47:37.648 [raft-client-431b802d-5b1a-4d37-8231-45cdad27d9ba-1] TRACE i.a.p.r.p.impl.RaftProxyConnection - PartitionProxy{2}{type=io.atomix.protocols.raft.RaftTest$TestPrimitiveType@35bfa1bb, name=raft-test} - Received CommandResponse{status=OK, index=37, eventIndex=2, result=byte[]{length=2, hash=1314}} from 3
22:47:37.648 [raft-client-431b802d-5b1a-4d37-8231-45cdad27d9ba-1] TRACE i.a.p.r.p.impl.RaftProxySequencer - PartitionProxy{2}{type=io.atomix.protocols.raft.RaftTest$TestPrimitiveType@35bfa1bb, name=raft-test} - Completing response CommandResponse{status=OK, index=37, eventIndex=2, result=byte[]{length=2, hash=1314}}
22:47:37.649 [raft-client-431b802d-5b1a-4d37-8231-45cdad27d9ba-4] TRACE i.a.p.r.p.impl.RaftProxyConnection - PartitionProxy{2}{type=io.atomix.protocols.raft.RaftTest$TestPrimitiveType@35bfa1bb, name=raft-test} - Sending CommandRequest{session=2, sequence=33, operation=PrimitiveOperation{id=DefaultOperationId{id=write, type=COMMAND}, value=byte[]{length=17, hash=-1644578928}}} to 3
22:47:37.649 [raft-server-3] TRACE i.a.p.raft.roles.FollowerRole - RaftServer{3}{role=FOLLOWER} - Received CommandRequest{session=2, sequence=33, operation=PrimitiveOperation{id=DefaultOperationId{id=write, type=COMMAND}, value=byte[]{length=17, hash=-1644578928}}}
22:47:37.649 [raft-server-2] TRACE i.a.protocols.raft.roles.LeaderRole - RaftServer{2}{role=LEADER} - Received CommandRequest{session=2, sequence=33, operation=PrimitiveOperation{id=DefaultOperationId{id=write, type=COMMAND}, value=byte[]{length=17, hash=-1644578928}}}
22:47:37.649 [raft-server-2] TRACE i.a.protocols.raft.roles.LeaderRole - RaftServer{2}{role=LEADER} - Appended Indexed{index=38, entry=CommandEntry{term=1, timestamp=2018-06-07 10:47:37,649, session=2, sequence=33, operation=PrimitiveOperation{id=DefaultOperationId{id=write, type=COMMAND}, value=byte[]{length=17, hash=-1644578928}}}}
22:47:37.650 [raft-server-2] TRACE i.a.p.raft.roles.LeaderAppender - RaftServer{2} - Sending AppendRequest{term=1, leader=2, prevLogIndex=37, prevLogTerm=1, entries=1, commitIndex=37} to 1
22:47:37.650 [raft-server-1] TRACE i.a.p.raft.roles.FollowerRole - RaftServer{1}{role=FOLLOWER} - Received AppendRequest{term=1, leader=2, prevLogIndex=37, prevLogTerm=1, entries=1, commitIndex=37}
22:47:37.650 [raft-server-2] TRACE i.a.p.raft.roles.LeaderAppender - RaftServer{2} - Sending AppendRequest{term=1, leader=2, prevLogIndex=37, prevLogTerm=1, entries=1, commitIndex=37} to 3
22:47:37.650 [raft-server-3] TRACE i.a.p.raft.roles.FollowerRole - RaftServer{3}{role=FOLLOWER} - Received AppendRequest{term=1, leader=2, prevLogIndex=37, prevLogTerm=1, entries=1, commitIndex=37}
22:47:37.650 [raft-server-1] TRACE i.a.p.raft.roles.FollowerRole - RaftServer{1}{role=FOLLOWER} - Appended Indexed{index=38, entry=CommandEntry{term=1, timestamp=2018-06-07 10:47:37,649, session=2, sequence=33, operation=PrimitiveOperation{id=DefaultOperationId{id=write, type=COMMAND}, value=byte[]{length=17, hash=-1644578928}}}}
22:47:37.650 [raft-server-3] TRACE i.a.p.raft.roles.FollowerRole - RaftServer{3}{role=FOLLOWER} - Appended Indexed{index=38, entry=CommandEntry{term=1, timestamp=2018-06-07 10:47:37,649, session=2, sequence=33, operation=PrimitiveOperation{id=DefaultOperationId{id=write, type=COMMAND}, value=byte[]{length=17, hash=-1644578928}}}}
22:47:37.675 [raft-server-1] TRACE i.a.p.raft.roles.FollowerRole - RaftServer{1}{role=FOLLOWER} - Committed entries up to index 37
22:47:37.675 [raft-server-1] TRACE i.a.p.raft.roles.FollowerRole - RaftServer{1}{role=FOLLOWER} - Sending AppendResponse{status=OK, term=1, succeeded=true, lastLogIndex=38}
22:47:37.675 [raft-server-3] TRACE i.a.p.raft.roles.FollowerRole - RaftServer{3}{role=FOLLOWER} - Committed entries up to index 37
22:47:37.675 [raft-server-2] TRACE i.a.p.raft.roles.LeaderAppender - RaftServer{2} - Received AppendResponse{status=OK, term=1, succeeded=true, lastLogIndex=38} from 1
22:47:37.675 [raft-server-3] TRACE i.a.p.raft.roles.FollowerRole - RaftServer{3}{role=FOLLOWER} - Sending AppendResponse{status=OK, term=1, succeeded=true, lastLogIndex=38}
22:47:37.675 [raft-server-2] TRACE i.a.p.raft.roles.LeaderAppender - RaftServer{2} - Committed entries up to 38
22:47:37.675 [raft-server-1-state] TRACE i.a.p.raft.impl.RaftServiceManager - RaftServer{1} - Applying Indexed{index=37, entry=CommandEntry{term=1, timestamp=2018-06-07 10:47:37,557, session=2, sequence=32, operation=PrimitiveOperation{id=DefaultOperationId{id=write, type=COMMAND}, value=byte[]{length=17, hash=-1644578928}}}}
22:47:37.675 [raft-server-3-state] TRACE i.a.p.raft.impl.RaftServiceManager - RaftServer{3} - Applying Indexed{index=37, entry=CommandEntry{term=1, timestamp=2018-06-07 10:47:37,557, session=2, sequence=32, operation=PrimitiveOperation{id=DefaultOperationId{id=write, type=COMMAND}, value=byte[]{length=17, hash=-1644578928}}}}
22:47:37.676 [raft-server-1-state] TRACE i.a.p.s.impl.DefaultServiceExecutor - PrimitiveService{2}{type=io.atomix.protocols.raft.RaftTest$TestPrimitiveType@43a95102, name=raft-test} - Executing DefaultCommit{index=37, session=RaftSession{RaftServiceContext{server=1, type=io.atomix.protocols.raft.RaftTest$TestPrimitiveType@43a95102, name=raft-test, id=2}, session=2, timestamp=2018-06-07 10:47:37,557}, time=2018-06-07 10:47:37,557, operation=DefaultOperationId{id=write, type=COMMAND}, value=byte[]{length=17, hash=-1644578928}}
22:47:37.676 [raft-server-3-state] TRACE i.a.p.s.impl.DefaultServiceExecutor - PrimitiveService{2}{type=io.atomix.protocols.raft.RaftTest$TestPrimitiveType@19970ea6, name=raft-test} - Executing DefaultCommit{index=37, session=RaftSession{RaftServiceContext{server=3, type=io.atomix.protocols.raft.RaftTest$TestPrimitiveType@19970ea6, name=raft-test, id=2}, session=2, timestamp=2018-06-07 10:47:37,557}, time=2018-06-07 10:47:37,557, operation=DefaultOperationId{id=write, type=COMMAND}, value=byte[]{length=17, hash=-1644578928}}
22:47:37.706 [raft-server-2] TRACE i.a.p.raft.roles.LeaderAppender - RaftServer{2} - Received AppendResponse{status=OK, term=1, succeeded=true, lastLogIndex=38} from 3
22:47:37.706 [raft-server-2-state] TRACE i.a.p.raft.impl.RaftServiceManager - RaftServer{2} - Applying Indexed{index=38, entry=CommandEntry{term=1, timestamp=2018-06-07 10:47:37,649, session=2, sequence=33, operation=PrimitiveOperation{id=DefaultOperationId{id=write, type=COMMAND}, value=byte[]{length=17, hash=-1644578928}}}}
22:47:37.706 [raft-server-2-state] TRACE i.a.p.s.impl.DefaultServiceExecutor - PrimitiveService{2}{type=io.atomix.protocols.raft.RaftTest$TestPrimitiveType@581a9c39, name=raft-test} - Executing DefaultCommit{index=38, session=RaftSession{RaftServiceContext{server=2, type=io.atomix.protocols.raft.RaftTest$TestPrimitiveType@581a9c39, name=raft-test, id=2}, session=2, timestamp=2018-06-07 10:47:37,649}, time=2018-06-07 10:47:37,649, operation=DefaultOperationId{id=write, type=COMMAND}, value=byte[]{length=17, hash=-1644578928}}
22:47:37.706 [raft-server-2-state] TRACE i.a.protocols.raft.roles.LeaderRole - RaftServer{2}{role=LEADER} - Sending CommandResponse{status=OK, index=38, eventIndex=2, result=byte[]{length=2, hash=1316}}
22:47:37.707 [raft-server-3] TRACE i.a.p.raft.roles.FollowerRole - RaftServer{3}{role=FOLLOWER} - Sending CommandResponse{status=OK, index=38, eventIndex=2, result=byte[]{length=2, hash=1316}}
22:47:37.707 [raft-client-431b802d-5b1a-4d37-8231-45cdad27d9ba-5] TRACE i.a.p.r.p.impl.RaftProxyConnection - PartitionProxy{2}{type=io.atomix.protocols.raft.RaftTest$TestPrimitiveType@35bfa1bb, name=raft-test} - Received CommandResponse{status=OK, index=38, eventIndex=2, result=byte[]{length=2, hash=1316}} from 3
22:47:37.707 [raft-client-431b802d-5b1a-4d37-8231-45cdad27d9ba-5] TRACE i.a.p.r.p.impl.RaftProxySequencer - PartitionProxy{2}{type=io.atomix.protocols.raft.RaftTest$TestPrimitiveType@35bfa1bb, name=raft-test} - Completing response CommandResponse{status=OK, index=38, eventIndex=2, result=byte[]{length=2, hash=1316}}
22:47:37.707 [raft-client-431b802d-5b1a-4d37-8231-45cdad27d9ba-6] TRACE i.a.p.r.p.impl.RaftProxyConnection - PartitionProxy{2}{type=io.atomix.protocols.raft.RaftTest$TestPrimitiveType@35bfa1bb, name=raft-test} - Sending CommandRequest{session=2, sequence=34, operation=PrimitiveOperation{id=DefaultOperationId{id=write, type=COMMAND}, value=byte[]{length=17, hash=-1644578928}}} to 3
22:47:37.707 [raft-server-3] TRACE i.a.p.raft.roles.FollowerRole - RaftServer{3}{role=FOLLOWER} - Received CommandRequest{session=2, sequence=34, operation=PrimitiveOperation{id=DefaultOperationId{id=write, type=COMMAND}, value=byte[]{length=17, hash=-1644578928}}}
22:47:37.708 [raft-server-2] TRACE i.a.protocols.raft.roles.LeaderRole - RaftServer{2}{role=LEADER} - Received CommandRequest{session=2, sequence=34, operation=PrimitiveOperation{id=DefaultOperationId{id=write, type=COMMAND}, value=byte[]{length=17, hash=-1644578928}}}
22:47:37.708 [raft-server-2] TRACE i.a.protocols.raft.roles.LeaderRole - RaftServer{2}{role=LEADER} - Appended Indexed{index=39, entry=CommandEntry{term=1, timestamp=2018-06-07 10:47:37,708, session=2, sequence=34, operation=PrimitiveOperation{id=DefaultOperationId{id=write, type=COMMAND}, value=byte[]{length=17, hash=-1644578928}}}}
22:47:37.708 [raft-server-2] TRACE i.a.p.raft.roles.LeaderAppender - RaftServer{2} - Sending AppendRequest{term=1, leader=2, prevLogIndex=38, prevLogTerm=1, entries=1, commitIndex=38} to 1
22:47:37.708 [raft-server-1] TRACE i.a.p.raft.roles.FollowerRole - RaftServer{1}{role=FOLLOWER} - Received AppendRequest{term=1, leader=2, prevLogIndex=38, prevLogTerm=1, entries=1, commitIndex=38}
22:47:37.708 [raft-server-2] TRACE i.a.p.raft.roles.LeaderAppender - RaftServer{2} - Sending AppendRequest{term=1, leader=2, prevLogIndex=38, prevLogTerm=1, entries=1, commitIndex=38} to 3
22:47:37.708 [raft-server-3] TRACE i.a.p.raft.roles.FollowerRole - RaftServer{3}{role=FOLLOWER} - Received AppendRequest{term=1, leader=2, prevLogIndex=38, prevLogTerm=1, entries=1, commitIndex=38}
22:47:37.708 [raft-server-1] TRACE i.a.p.raft.roles.FollowerRole - RaftServer{1}{role=FOLLOWER} - Appended Indexed{index=39, entry=CommandEntry{term=1, timestamp=2018-06-07 10:47:37,708, session=2, sequence=34, operation=PrimitiveOperation{id=DefaultOperationId{id=write, type=COMMAND}, value=byte[]{length=17, hash=-1644578928}}}}
22:47:37.708 [raft-server-3] TRACE i.a.p.raft.roles.FollowerRole - RaftServer{3}{role=FOLLOWER} - Appended Indexed{index=39, entry=CommandEntry{term=1, timestamp=2018-06-07 10:47:37,708, session=2, sequence=34, operation=PrimitiveOperation{id=DefaultOperationId{id=write, type=COMMAND}, value=byte[]{length=17, hash=-1644578928}}}}
22:47:37.742 [raft-server-3] TRACE i.a.p.raft.roles.FollowerRole - RaftServer{3}{role=FOLLOWER} - Committed entries up to index 38
22:47:37.742 [raft-server-1] TRACE i.a.p.raft.roles.FollowerRole - RaftServer{1}{role=FOLLOWER} - Committed entries up to index 38
22:47:37.742 [raft-server-3] TRACE i.a.p.raft.roles.FollowerRole - RaftServer{3}{role=FOLLOWER} - Sending AppendResponse{status=OK, term=1, succeeded=true, lastLogIndex=39}
22:47:37.742 [raft-server-1] TRACE i.a.p.raft.roles.FollowerRole - RaftServer{1}{role=FOLLOWER} - Sending AppendResponse{status=OK, term=1, succeeded=true, lastLogIndex=39}
22:47:37.742 [raft-server-2] TRACE i.a.p.raft.roles.LeaderAppender - RaftServer{2} - Received AppendResponse{status=OK, term=1, succeeded=true, lastLogIndex=39} from 3
22:47:37.742 [raft-server-3-state] TRACE i.a.p.raft.impl.RaftServiceManager - RaftServer{3} - Applying Indexed{index=38, entry=CommandEntry{term=1, timestamp=2018-06-07 10:47:37,649, session=2, sequence=33, operation=PrimitiveOperation{id=DefaultOperationId{id=write, type=COMMAND}, value=byte[]{length=17, hash=-1644578928}}}}
22:47:37.742 [raft-server-1-state] TRACE i.a.p.raft.impl.RaftServiceManager - RaftServer{1} - Applying Indexed{index=38, entry=CommandEntry{term=1, timestamp=2018-06-07 10:47:37,649, session=2, sequence=33, operation=PrimitiveOperation{id=DefaultOperationId{id=write, type=COMMAND}, value=byte[]{length=17, hash=-1644578928}}}}
22:47:37.742 [raft-server-2] TRACE i.a.p.raft.roles.LeaderAppender - RaftServer{2} - Committed entries up to 39
22:47:37.742 [raft-server-3-state] TRACE i.a.p.s.impl.DefaultServiceExecutor - PrimitiveService{2}{type=io.atomix.protocols.raft.RaftTest$TestPrimitiveType@19970ea6, name=raft-test} - Executing DefaultCommit{index=38, session=RaftSession{RaftServiceContext{server=3, type=io.atomix.protocols.raft.RaftTest$TestPrimitiveType@19970ea6, name=raft-test, id=2}, session=2, timestamp=2018-06-07 10:47:37,649}, time=2018-06-07 10:47:37,649, operation=DefaultOperationId{id=write, type=COMMAND}, value=byte[]{length=17, hash=-1644578928}}
22:47:37.742 [raft-server-1-state] TRACE i.a.p.s.impl.DefaultServiceExecutor - PrimitiveService{2}{type=io.atomix.protocols.raft.RaftTest$TestPrimitiveType@43a95102, name=raft-test} - Executing DefaultCommit{index=38, session=RaftSession{RaftServiceContext{server=1, type=io.atomix.protocols.raft.RaftTest$TestPrimitiveType@43a95102, name=raft-test, id=2}, session=2, timestamp=2018-06-07 10:47:37,649}, time=2018-06-07 10:47:37,649, operation=DefaultOperationId{id=write, type=COMMAND}, value=byte[]{length=17, hash=-1644578928}}
22:47:37.767 [raft-server-2] TRACE i.a.p.raft.roles.LeaderAppender - RaftServer{2} - Sending AppendRequest{term=1, leader=2, prevLogIndex=39, prevLogTerm=1, entries=0, commitIndex=39} to 3
22:47:37.767 [raft-server-2] TRACE i.a.p.raft.roles.LeaderAppender - RaftServer{2} - Received AppendResponse{status=OK, term=1, succeeded=true, lastLogIndex=39} from 1
22:47:37.767 [raft-server-3] TRACE i.a.p.raft.roles.FollowerRole - RaftServer{3}{role=FOLLOWER} - Received AppendRequest{term=1, leader=2, prevLogIndex=39, prevLogTerm=1, entries=0, commitIndex=39}
22:47:37.767 [raft-server-2] TRACE i.a.p.raft.roles.LeaderAppender - RaftServer{2} - Sending AppendRequest{term=1, leader=2, prevLogIndex=39, prevLogTerm=1, entries=0, commitIndex=39} to 1
22:47:37.767 [raft-server-1] TRACE i.a.p.raft.roles.FollowerRole - RaftServer{1}{role=FOLLOWER} - Received AppendRequest{term=1, leader=2, prevLogIndex=39, prevLogTerm=1, entries=0, commitIndex=39}
22:47:37.767 [raft-server-2-state] TRACE i.a.p.raft.impl.RaftServiceManager - RaftServer{2} - Applying Indexed{index=39, entry=CommandEntry{term=1, timestamp=2018-06-07 10:47:37,708, session=2, sequence=34, operation=PrimitiveOperation{id=DefaultOperationId{id=write, type=COMMAND}, value=byte[]{length=17, hash=-1644578928}}}}
22:47:37.767 [raft-server-2-state] TRACE i.a.p.s.impl.DefaultServiceExecutor - PrimitiveService{2}{type=io.atomix.protocols.raft.RaftTest$TestPrimitiveType@581a9c39, name=raft-test} - Executing DefaultCommit{index=39, session=RaftSession{RaftServiceContext{server=2, type=io.atomix.protocols.raft.RaftTest$TestPrimitiveType@581a9c39, name=raft-test, id=2}, session=2, timestamp=2018-06-07 10:47:37,708}, time=2018-06-07 10:47:37,708, operation=DefaultOperationId{id=write, type=COMMAND}, value=byte[]{length=17, hash=-1644578928}}
22:47:37.768 [raft-server-2-state] TRACE i.a.protocols.raft.roles.LeaderRole - RaftServer{2}{role=LEADER} - Sending CommandResponse{status=OK, index=39, eventIndex=2, result=byte[]{length=2, hash=1318}}
22:47:37.795 [raft-server-3] TRACE i.a.p.raft.roles.FollowerRole - RaftServer{3}{role=FOLLOWER} - Committed entries up to index 39
22:47:37.795 [raft-server-3] TRACE i.a.p.raft.roles.FollowerRole - RaftServer{3}{role=FOLLOWER} - Sending AppendResponse{status=OK, term=1, succeeded=true, lastLogIndex=39}
22:47:37.795 [raft-server-3] TRACE i.a.p.raft.roles.FollowerRole - RaftServer{3}{role=FOLLOWER} - Sending CommandResponse{status=OK, index=39, eventIndex=2, result=byte[]{length=2, hash=1318}}
22:47:37.795 [raft-server-2] TRACE i.a.p.raft.roles.LeaderAppender - RaftServer{2} - Received AppendResponse{status=OK, term=1, succeeded=true, lastLogIndex=39} from 3
22:47:37.795 [raft-server-3-state] TRACE i.a.p.raft.impl.RaftServiceManager - RaftServer{3} - Applying Indexed{index=39, entry=CommandEntry{term=1, timestamp=2018-06-07 10:47:37,708, session=2, sequence=34, operation=PrimitiveOperation{id=DefaultOperationId{id=write, type=COMMAND}, value=byte[]{length=17, hash=-1644578928}}}}
22:47:37.796 [raft-client-431b802d-5b1a-4d37-8231-45cdad27d9ba-0] TRACE i.a.p.r.p.impl.RaftProxyConnection - PartitionProxy{2}{type=io.atomix.protocols.raft.RaftTest$TestPrimitiveType@35bfa1bb, name=raft-test} - Received CommandResponse{status=OK, index=39, eventIndex=2, result=byte[]{length=2, hash=1318}} from 3
22:47:37.796 [raft-server-3-state] TRACE i.a.p.s.impl.DefaultServiceExecutor - PrimitiveService{2}{type=io.atomix.protocols.raft.RaftTest$TestPrimitiveType@19970ea6, name=raft-test} - Executing DefaultCommit{index=39, session=RaftSession{RaftServiceContext{server=3, type=io.atomix.protocols.raft.RaftTest$TestPrimitiveType@19970ea6, name=raft-test, id=2}, session=2, timestamp=2018-06-07 10:47:37,708}, time=2018-06-07 10:47:37,708, operation=DefaultOperationId{id=write, type=COMMAND}, value=byte[]{length=17, hash=-1644578928}}
22:47:37.796 [raft-client-431b802d-5b1a-4d37-8231-45cdad27d9ba-0] TRACE i.a.p.r.p.impl.RaftProxySequencer - PartitionProxy{2}{type=io.atomix.protocols.raft.RaftTest$TestPrimitiveType@35bfa1bb, name=raft-test} - Completing response CommandResponse{status=OK, index=39, eventIndex=2, result=byte[]{length=2, hash=1318}}
22:47:37.796 [raft-client-431b802d-5b1a-4d37-8231-45cdad27d9ba-2] TRACE i.a.p.r.p.impl.RaftProxyConnection - PartitionProxy{2}{type=io.atomix.protocols.raft.RaftTest$TestPrimitiveType@35bfa1bb, name=raft-test} - Sending CommandRequest{session=2, sequence=35, operation=PrimitiveOperation{id=DefaultOperationId{id=write, type=COMMAND}, value=byte[]{length=17, hash=-1644578928}}} to 3
22:47:37.796 [raft-server-3] TRACE i.a.p.raft.roles.FollowerRole - RaftServer{3}{role=FOLLOWER} - Received CommandRequest{session=2, sequence=35, operation=PrimitiveOperation{id=DefaultOperationId{id=write, type=COMMAND}, value=byte[]{length=17, hash=-1644578928}}}
22:47:37.796 [raft-server-2] TRACE i.a.protocols.raft.roles.LeaderRole - RaftServer{2}{role=LEADER} - Received CommandRequest{session=2, sequence=35, operation=PrimitiveOperation{id=DefaultOperationId{id=write, type=COMMAND}, value=byte[]{length=17, hash=-1644578928}}}
22:47:37.797 [raft-server-2] TRACE i.a.protocols.raft.roles.LeaderRole - RaftServer{2}{role=LEADER} - Appended Indexed{index=40, entry=CommandEntry{term=1, timestamp=2018-06-07 10:47:37,796, session=2, sequence=35, operation=PrimitiveOperation{id=DefaultOperationId{id=write, type=COMMAND}, value=byte[]{length=17, hash=-1644578928}}}}
22:47:37.797 [raft-server-2] TRACE i.a.p.raft.roles.LeaderAppender - RaftServer{2} - Sending AppendRequest{term=1, leader=2, prevLogIndex=39, prevLogTerm=1, entries=1, commitIndex=39} to 1
22:47:37.797 [raft-server-2] TRACE i.a.p.raft.roles.LeaderAppender - RaftServer{2} - Sending AppendRequest{term=1, leader=2, prevLogIndex=39, prevLogTerm=1, entries=1, commitIndex=39} to 3
22:47:37.797 [raft-server-3] TRACE i.a.p.raft.roles.FollowerRole - RaftServer{3}{role=FOLLOWER} - Received AppendRequest{term=1, leader=2, prevLogIndex=39, prevLogTerm=1, entries=1, commitIndex=39}
22:47:37.797 [raft-server-3] TRACE i.a.p.raft.roles.FollowerRole - RaftServer{3}{role=FOLLOWER} - Appended Indexed{index=40, entry=CommandEntry{term=1, timestamp=2018-06-07 10:47:37,796, session=2, sequence=35, operation=PrimitiveOperation{id=DefaultOperationId{id=write, type=COMMAND}, value=byte[]{length=17, hash=-1644578928}}}}
22:47:37.797 [raft-server-3] TRACE i.a.p.raft.roles.FollowerRole - RaftServer{3}{role=FOLLOWER} - Sending AppendResponse{status=OK, term=1, succeeded=true, lastLogIndex=40}
22:47:37.797 [raft-server-2] TRACE i.a.p.raft.roles.LeaderAppender - RaftServer{2} - Received AppendResponse{status=OK, term=1, succeeded=true, lastLogIndex=40} from 3
22:47:37.797 [raft-server-2] TRACE i.a.p.raft.roles.LeaderAppender - RaftServer{2} - Committed entries up to 40
22:47:37.837 [raft-server-1] TRACE i.a.p.raft.roles.FollowerRole - RaftServer{1}{role=FOLLOWER} - Committed entries up to index 39
22:47:37.837 [raft-server-1] TRACE i.a.p.raft.roles.FollowerRole - RaftServer{1}{role=FOLLOWER} - Sending AppendResponse{status=OK, term=1, succeeded=true, lastLogIndex=39}
22:47:37.837 [raft-server-1] TRACE i.a.p.raft.roles.FollowerRole - RaftServer{1}{role=FOLLOWER} - Received AppendRequest{term=1, leader=2, prevLogIndex=39, prevLogTerm=1, entries=1, commitIndex=39}
22:47:37.837 [raft-server-1] TRACE i.a.p.raft.roles.FollowerRole - RaftServer{1}{role=FOLLOWER} - Appended Indexed{index=40, entry=CommandEntry{term=1, timestamp=2018-06-07 10:47:37,796, session=2, sequence=35, operation=PrimitiveOperation{id=DefaultOperationId{id=write, type=COMMAND}, value=byte[]{length=17, hash=-1644578928}}}}
22:47:37.837 [raft-server-1] TRACE i.a.p.raft.roles.FollowerRole - RaftServer{1}{role=FOLLOWER} - Sending AppendResponse{status=OK, term=1, succeeded=true, lastLogIndex=40}
22:47:37.837 [raft-server-1-state] TRACE i.a.p.raft.impl.RaftServiceManager - RaftServer{1} - Applying Indexed{index=39, entry=CommandEntry{term=1, timestamp=2018-06-07 10:47:37,708, session=2, sequence=34, operation=PrimitiveOperation{id=DefaultOperationId{id=write, type=COMMAND}, value=byte[]{length=17, hash=-1644578928}}}}
22:47:37.837 [raft-server-1-state] TRACE i.a.p.s.impl.DefaultServiceExecutor - PrimitiveService{2}{type=io.atomix.protocols.raft.RaftTest$TestPrimitiveType@43a95102, name=raft-test} - Executing DefaultCommit{index=39, session=RaftSession{RaftServiceContext{server=1, type=io.atomix.protocols.raft.RaftTest$TestPrimitiveType@43a95102, name=raft-test, id=2}, session=2, timestamp=2018-06-07 10:47:37,708}, time=2018-06-07 10:47:37,708, operation=DefaultOperationId{id=write, type=COMMAND}, value=byte[]{length=17, hash=-1644578928}}
22:47:37.858 [raft-server-2] TRACE i.a.p.raft.roles.LeaderAppender - RaftServer{2} - Received AppendResponse{status=OK, term=1, succeeded=true, lastLogIndex=39} from 1
22:47:37.858 [raft-server-2] TRACE i.a.p.raft.roles.LeaderAppender - RaftServer{2} - Received AppendResponse{status=OK, term=1, succeeded=true, lastLogIndex=40} from 1
22:47:37.859 [raft-server-2-state] TRACE i.a.p.raft.impl.RaftServiceManager - RaftServer{2} - Applying Indexed{index=40, entry=CommandEntry{term=1, timestamp=2018-06-07 10:47:37,796, session=2, sequence=35, operation=PrimitiveOperation{id=DefaultOperationId{id=write, type=COMMAND}, value=byte[]{length=17, hash=-1644578928}}}}
22:47:37.859 [raft-server-2-state] TRACE i.a.p.s.impl.DefaultServiceExecutor - PrimitiveService{2}{type=io.atomix.protocols.raft.RaftTest$TestPrimitiveType@581a9c39, name=raft-test} - Executing DefaultCommit{index=40, session=RaftSession{RaftServiceContext{server=2, type=io.atomix.protocols.raft.RaftTest$TestPrimitiveType@581a9c39, name=raft-test, id=2}, session=2, timestamp=2018-06-07 10:47:37,796}, time=2018-06-07 10:47:37,796, operation=DefaultOperationId{id=write, type=COMMAND}, value=byte[]{length=17, hash=-1644578928}}
22:47:37.859 [raft-server-2-state] TRACE i.a.protocols.raft.roles.LeaderRole - RaftServer{2}{role=LEADER} - Sending CommandResponse{status=OK, index=40, eventIndex=2, result=byte[]{length=2, hash=1320}}
22:47:37.859 [raft-server-3] TRACE i.a.p.raft.roles.FollowerRole - RaftServer{3}{role=FOLLOWER} - Sending CommandResponse{status=OK, index=40, eventIndex=2, result=byte[]{length=2, hash=1320}}
22:47:37.859 [raft-client-431b802d-5b1a-4d37-8231-45cdad27d9ba-1] TRACE i.a.p.r.p.impl.RaftProxyConnection - PartitionProxy{2}{type=io.atomix.protocols.raft.RaftTest$TestPrimitiveType@35bfa1bb, name=raft-test} - Received CommandResponse{status=OK, index=40, eventIndex=2, result=byte[]{length=2, hash=1320}} from 3
22:47:37.859 [raft-client-431b802d-5b1a-4d37-8231-45cdad27d9ba-1] TRACE i.a.p.r.p.impl.RaftProxySequencer - PartitionProxy{2}{type=io.atomix.protocols.raft.RaftTest$TestPrimitiveType@35bfa1bb, name=raft-test} - Completing response CommandResponse{status=OK, index=40, eventIndex=2, result=byte[]{length=2, hash=1320}}
22:47:37.860 [raft-client-431b802d-5b1a-4d37-8231-45cdad27d9ba-1] TRACE i.a.p.r.p.impl.RaftProxyConnection - PartitionProxy{2}{type=io.atomix.protocols.raft.RaftTest$TestPrimitiveType@35bfa1bb, name=raft-test} - Sending CommandRequest{session=2, sequence=36, operation=PrimitiveOperation{id=DefaultOperationId{id=write, type=COMMAND}, value=byte[]{length=17, hash=-1644578928}}} to 3
22:47:37.860 [raft-server-3] TRACE i.a.p.raft.roles.FollowerRole - RaftServer{3}{role=FOLLOWER} - Received CommandRequest{session=2, sequence=36, operation=PrimitiveOperation{id=DefaultOperationId{id=write, type=COMMAND}, value=byte[]{length=17, hash=-1644578928}}}
22:47:37.860 [raft-server-2] TRACE i.a.protocols.raft.roles.LeaderRole - RaftServer{2}{role=LEADER} - Received CommandRequest{session=2, sequence=36, operation=PrimitiveOperation{id=DefaultOperationId{id=write, type=COMMAND}, value=byte[]{length=17, hash=-1644578928}}}
22:47:37.906 [raft-server-2] DEBUG i.a.storage.journal.SegmentedJournal - Created disk segment: JournalSegment{id=5, version=1, index=41, size=64}
22:47:37.906 [raft-server-2] TRACE i.a.protocols.raft.roles.LeaderRole - RaftServer{2}{role=LEADER} - Appended Indexed{index=41, entry=CommandEntry{term=1, timestamp=2018-06-07 10:47:37,860, session=2, sequence=36, operation=PrimitiveOperation{id=DefaultOperationId{id=write, type=COMMAND}, value=byte[]{length=17, hash=-1644578928}}}}
22:47:37.906 [raft-server-2] TRACE i.a.p.raft.roles.LeaderAppender - RaftServer{2} - Sending AppendRequest{term=1, leader=2, prevLogIndex=40, prevLogTerm=1, entries=1, commitIndex=40} to 1
22:47:37.906 [raft-server-1] TRACE i.a.p.raft.roles.FollowerRole - RaftServer{1}{role=FOLLOWER} - Received AppendRequest{term=1, leader=2, prevLogIndex=40, prevLogTerm=1, entries=1, commitIndex=40}
22:47:37.906 [raft-server-2] TRACE i.a.p.raft.roles.LeaderAppender - RaftServer{2} - Sending AppendRequest{term=1, leader=2, prevLogIndex=40, prevLogTerm=1, entries=1, commitIndex=40} to 3
22:47:37.907 [raft-server-3] TRACE i.a.p.raft.roles.FollowerRole - RaftServer{3}{role=FOLLOWER} - Received AppendRequest{term=1, leader=2, prevLogIndex=40, prevLogTerm=1, entries=1, commitIndex=40}
22:47:37.973 [raft-server-3] DEBUG i.a.storage.journal.SegmentedJournal - Created disk segment: JournalSegment{id=5, version=1, index=41, size=64}
22:47:37.973 [raft-server-1] DEBUG i.a.storage.journal.SegmentedJournal - Created disk segment: JournalSegment{id=5, version=1, index=41, size=64}
22:47:37.973 [raft-server-3] TRACE i.a.p.raft.roles.FollowerRole - RaftServer{3}{role=FOLLOWER} - Appended Indexed{index=41, entry=CommandEntry{term=1, timestamp=2018-06-07 10:47:37,860, session=2, sequence=36, operation=PrimitiveOperation{id=DefaultOperationId{id=write, type=COMMAND}, value=byte[]{length=17, hash=-1644578928}}}}
22:47:37.973 [raft-server-1] TRACE i.a.p.raft.roles.FollowerRole - RaftServer{1}{role=FOLLOWER} - Appended Indexed{index=41, entry=CommandEntry{term=1, timestamp=2018-06-07 10:47:37,860, session=2, sequence=36, operation=PrimitiveOperation{id=DefaultOperationId{id=write, type=COMMAND}, value=byte[]{length=17, hash=-1644578928}}}}
22:47:38.006 [raft-server-3] TRACE i.a.p.raft.roles.FollowerRole - RaftServer{3}{role=FOLLOWER} - Committed entries up to index 40
22:47:38.006 [raft-server-3] TRACE i.a.p.raft.roles.FollowerRole - RaftServer{3}{role=FOLLOWER} - Sending AppendResponse{status=OK, term=1, succeeded=true, lastLogIndex=41}
22:47:38.006 [raft-server-1] TRACE i.a.p.raft.roles.FollowerRole - RaftServer{1}{role=FOLLOWER} - Committed entries up to index 40
22:47:38.006 [raft-server-1] TRACE i.a.p.raft.roles.FollowerRole - RaftServer{1}{role=FOLLOWER} - Sending AppendResponse{status=OK, term=1, succeeded=true, lastLogIndex=41}
22:47:38.006 [raft-server-2] TRACE i.a.p.raft.roles.LeaderAppender - RaftServer{2} - Received AppendResponse{status=OK, term=1, succeeded=true, lastLogIndex=41} from 3
22:47:38.006 [raft-server-2] TRACE i.a.p.raft.roles.LeaderAppender - RaftServer{2} - Committed entries up to 41
22:47:38.006 [raft-server-3-state] TRACE i.a.p.raft.impl.RaftServiceManager - RaftServer{3} - Applying Indexed{index=40, entry=CommandEntry{term=1, timestamp=2018-06-07 10:47:37,796, session=2, sequence=35, operation=PrimitiveOperation{id=DefaultOperationId{id=write, type=COMMAND}, value=byte[]{length=17, hash=-1644578928}}}}
22:47:38.006 [raft-server-1-state] TRACE i.a.p.raft.impl.RaftServiceManager - RaftServer{1} - Applying Indexed{index=40, entry=CommandEntry{term=1, timestamp=2018-06-07 10:47:37,796, session=2, sequence=35, operation=PrimitiveOperation{id=DefaultOperationId{id=write, type=COMMAND}, value=byte[]{length=17, hash=-1644578928}}}}
22:47:38.006 [raft-server-3-state] TRACE i.a.p.s.impl.DefaultServiceExecutor - PrimitiveService{2}{type=io.atomix.protocols.raft.RaftTest$TestPrimitiveType@19970ea6, name=raft-test} - Executing DefaultCommit{index=40, session=RaftSession{RaftServiceContext{server=3, type=io.atomix.protocols.raft.RaftTest$TestPrimitiveType@19970ea6, name=raft-test, id=2}, session=2, timestamp=2018-06-07 10:47:37,796}, time=2018-06-07 10:47:37,796, operation=DefaultOperationId{id=write, type=COMMAND}, value=byte[]{length=17, hash=-1644578928}}
22:47:38.006 [raft-server-1-state] TRACE i.a.p.s.impl.DefaultServiceExecutor - PrimitiveService{2}{type=io.atomix.protocols.raft.RaftTest$TestPrimitiveType@43a95102, name=raft-test} - Executing DefaultCommit{index=40, session=RaftSession{RaftServiceContext{server=1, type=io.atomix.protocols.raft.RaftTest$TestPrimitiveType@43a95102, name=raft-test, id=2}, session=2, timestamp=2018-06-07 10:47:37,796}, time=2018-06-07 10:47:37,796, operation=DefaultOperationId{id=write, type=COMMAND}, value=byte[]{length=17, hash=-1644578928}}
22:47:38.039 [raft-server-2] TRACE i.a.p.raft.roles.LeaderAppender - RaftServer{2} - Sending AppendRequest{term=1, leader=2, prevLogIndex=41, prevLogTerm=1, entries=0, commitIndex=41} to 3
22:47:38.039 [raft-server-2] TRACE i.a.p.raft.roles.LeaderAppender - RaftServer{2} - Received AppendResponse{status=OK, term=1, succeeded=true, lastLogIndex=41} from 1
22:47:38.039 [raft-server-3] TRACE i.a.p.raft.roles.FollowerRole - RaftServer{3}{role=FOLLOWER} - Received AppendRequest{term=1, leader=2, prevLogIndex=41, prevLogTerm=1, entries=0, commitIndex=41}
22:47:38.039 [raft-server-2] TRACE i.a.p.raft.roles.LeaderAppender - RaftServer{2} - Sending AppendRequest{term=1, leader=2, prevLogIndex=41, prevLogTerm=1, entries=0, commitIndex=41} to 1
22:47:38.039 [raft-server-3] TRACE i.a.p.raft.roles.FollowerRole - RaftServer{3}{role=FOLLOWER} - Committed entries up to index 41
22:47:38.039 [raft-server-1] TRACE i.a.p.raft.roles.FollowerRole - RaftServer{1}{role=FOLLOWER} - Received AppendRequest{term=1, leader=2, prevLogIndex=41, prevLogTerm=1, entries=0, commitIndex=41}
22:47:38.039 [raft-server-3] TRACE i.a.p.raft.roles.FollowerRole - RaftServer{3}{role=FOLLOWER} - Sending AppendResponse{status=OK, term=1, succeeded=true, lastLogIndex=41}
22:47:38.040 [raft-server-2-state] TRACE i.a.p.raft.impl.RaftServiceManager - RaftServer{2} - Applying Indexed{index=41, entry=CommandEntry{term=1, timestamp=2018-06-07 10:47:37,860, session=2, sequence=36, operation=PrimitiveOperation{id=DefaultOperationId{id=write, type=COMMAND}, value=byte[]{length=17, hash=-1644578928}}}}
22:47:38.040 [raft-server-2] TRACE i.a.p.raft.roles.LeaderAppender - RaftServer{2} - Received AppendResponse{status=OK, term=1, succeeded=true, lastLogIndex=41} from 3
22:47:38.040 [raft-server-3-state] TRACE i.a.p.raft.impl.RaftServiceManager - RaftServer{3} - Applying Indexed{index=41, entry=CommandEntry{term=1, timestamp=2018-06-07 10:47:37,860, session=2, sequence=36, operation=PrimitiveOperation{id=DefaultOperationId{id=write, type=COMMAND}, value=byte[]{length=17, hash=-1644578928}}}}
22:47:38.040 [raft-server-2-state] TRACE i.a.p.s.impl.DefaultServiceExecutor - PrimitiveService{2}{type=io.atomix.protocols.raft.RaftTest$TestPrimitiveType@581a9c39, name=raft-test} - Executing DefaultCommit{index=41, session=RaftSession{RaftServiceContext{server=2, type=io.atomix.protocols.raft.RaftTest$TestPrimitiveType@581a9c39, name=raft-test, id=2}, session=2, timestamp=2018-06-07 10:47:37,860}, time=2018-06-07 10:47:37,860, operation=DefaultOperationId{id=write, type=COMMAND}, value=byte[]{length=17, hash=-1644578928}}
22:47:38.040 [raft-server-3-state] TRACE i.a.p.s.impl.DefaultServiceExecutor - PrimitiveService{2}{type=io.atomix.protocols.raft.RaftTest$TestPrimitiveType@19970ea6, name=raft-test} - Executing DefaultCommit{index=41, session=RaftSession{RaftServiceContext{server=3, type=io.atomix.protocols.raft.RaftTest$TestPrimitiveType@19970ea6, name=raft-test, id=2}, session=2, timestamp=2018-06-07 10:47:37,860}, time=2018-06-07 10:47:37,860, operation=DefaultOperationId{id=write, type=COMMAND}, value=byte[]{length=17, hash=-1644578928}}
22:47:38.040 [raft-server-2-state] TRACE i.a.protocols.raft.roles.LeaderRole - RaftServer{2}{role=LEADER} - Sending CommandResponse{status=OK, index=41, eventIndex=2, result=byte[]{length=2, hash=1322}}
22:47:38.040 [raft-server-3] TRACE i.a.p.raft.roles.FollowerRole - RaftServer{3}{role=FOLLOWER} - Sending CommandResponse{status=OK, index=41, eventIndex=2, result=byte[]{length=2, hash=1322}}
22:47:38.040 [raft-client-431b802d-5b1a-4d37-8231-45cdad27d9ba-5] TRACE i.a.p.r.p.impl.RaftProxyConnection - PartitionProxy{2}{type=io.atomix.protocols.raft.RaftTest$TestPrimitiveType@35bfa1bb, name=raft-test} - Received CommandResponse{status=OK, index=41, eventIndex=2, result=byte[]{length=2, hash=1322}} from 3
22:47:38.040 [raft-client-431b802d-5b1a-4d37-8231-45cdad27d9ba-5] TRACE i.a.p.r.p.impl.RaftProxySequencer - PartitionProxy{2}{type=io.atomix.protocols.raft.RaftTest$TestPrimitiveType@35bfa1bb, name=raft-test} - Completing response CommandResponse{status=OK, index=41, eventIndex=2, result=byte[]{length=2, hash=1322}}
22:47:38.041 [raft-client-431b802d-5b1a-4d37-8231-45cdad27d9ba-7] TRACE i.a.p.r.p.impl.RaftProxyConnection - PartitionProxy{2}{type=io.atomix.protocols.raft.RaftTest$TestPrimitiveType@35bfa1bb, name=raft-test} - Sending CommandRequest{session=2, sequence=37, operation=PrimitiveOperation{id=DefaultOperationId{id=write, type=COMMAND}, value=byte[]{length=17, hash=-1644578928}}} to 3
22:47:38.041 [raft-server-3] TRACE i.a.p.raft.roles.FollowerRole - RaftServer{3}{role=FOLLOWER} - Received CommandRequest{session=2, sequence=37, operation=PrimitiveOperation{id=DefaultOperationId{id=write, type=COMMAND}, value=byte[]{length=17, hash=-1644578928}}}
22:47:38.041 [raft-server-2] TRACE i.a.protocols.raft.roles.LeaderRole - RaftServer{2}{role=LEADER} - Received CommandRequest{session=2, sequence=37, operation=PrimitiveOperation{id=DefaultOperationId{id=write, type=COMMAND}, value=byte[]{length=17, hash=-1644578928}}}
22:47:38.041 [raft-server-2] TRACE i.a.protocols.raft.roles.LeaderRole - RaftServer{2}{role=LEADER} - Appended Indexed{index=42, entry=CommandEntry{term=1, timestamp=2018-06-07 10:47:38,041, session=2, sequence=37, operation=PrimitiveOperation{id=DefaultOperationId{id=write, type=COMMAND}, value=byte[]{length=17, hash=-1644578928}}}}
22:47:38.041 [raft-server-2] TRACE i.a.p.raft.roles.LeaderAppender - RaftServer{2} - Sending AppendRequest{term=1, leader=2, prevLogIndex=41, prevLogTerm=1, entries=1, commitIndex=41} to 3
22:47:38.041 [raft-server-3] TRACE i.a.p.raft.roles.FollowerRole - RaftServer{3}{role=FOLLOWER} - Received AppendRequest{term=1, leader=2, prevLogIndex=41, prevLogTerm=1, entries=1, commitIndex=41}
22:47:38.042 [raft-server-3] TRACE i.a.p.raft.roles.FollowerRole - RaftServer{3}{role=FOLLOWER} - Appended Indexed{index=42, entry=CommandEntry{term=1, timestamp=2018-06-07 10:47:38,041, session=2, sequence=37, operation=PrimitiveOperation{id=DefaultOperationId{id=write, type=COMMAND}, value=byte[]{length=17, hash=-1644578928}}}}
22:47:38.042 [raft-server-3] TRACE i.a.p.raft.roles.FollowerRole - RaftServer{3}{role=FOLLOWER} - Sending AppendResponse{status=OK, term=1, succeeded=true, lastLogIndex=42}
22:47:38.042 [raft-server-2] TRACE i.a.p.raft.roles.LeaderAppender - RaftServer{2} - Received AppendResponse{status=OK, term=1, succeeded=true, lastLogIndex=42} from 3
22:47:38.042 [raft-server-2] TRACE i.a.p.raft.roles.LeaderAppender - RaftServer{2} - Committed entries up to 42
22:47:38.072 [raft-server-1] TRACE i.a.p.raft.roles.FollowerRole - RaftServer{1}{role=FOLLOWER} - Committed entries up to index 41
22:47:38.073 [raft-server-1] TRACE i.a.p.raft.roles.FollowerRole - RaftServer{1}{role=FOLLOWER} - Sending AppendResponse{status=OK, term=1, succeeded=true, lastLogIndex=41}
22:47:38.073 [raft-server-1-state] TRACE i.a.p.raft.impl.RaftServiceManager - RaftServer{1} - Applying Indexed{index=41, entry=CommandEntry{term=1, timestamp=2018-06-07 10:47:37,860, session=2, sequence=36, operation=PrimitiveOperation{id=DefaultOperationId{id=write, type=COMMAND}, value=byte[]{length=17, hash=-1644578928}}}}
22:47:38.073 [raft-server-1-state] TRACE i.a.p.s.impl.DefaultServiceExecutor - PrimitiveService{2}{type=io.atomix.protocols.raft.RaftTest$TestPrimitiveType@43a95102, name=raft-test} - Executing DefaultCommit{index=41, session=RaftSession{RaftServiceContext{server=1, type=io.atomix.protocols.raft.RaftTest$TestPrimitiveType@43a95102, name=raft-test, id=2}, session=2, timestamp=2018-06-07 10:47:37,860}, time=2018-06-07 10:47:37,860, operation=DefaultOperationId{id=write, type=COMMAND}, value=byte[]{length=17, hash=-1644578928}}
22:47:38.092 [raft-server-2] TRACE i.a.p.raft.roles.LeaderAppender - RaftServer{2} - Received AppendResponse{status=OK, term=1, succeeded=true, lastLogIndex=41} from 1
22:47:38.092 [raft-server-2] TRACE i.a.p.raft.roles.LeaderAppender - RaftServer{2} - Sending AppendRequest{term=1, leader=2, prevLogIndex=41, prevLogTerm=1, entries=1, commitIndex=42} to 1
22:47:38.092 [raft-server-1] TRACE i.a.p.raft.roles.FollowerRole - RaftServer{1}{role=FOLLOWER} - Received AppendRequest{term=1, leader=2, prevLogIndex=41, prevLogTerm=1, entries=1, commitIndex=42}
22:47:38.092 [raft-server-2-state] TRACE i.a.p.raft.impl.RaftServiceManager - RaftServer{2} - Applying Indexed{index=42, entry=CommandEntry{term=1, timestamp=2018-06-07 10:47:38,041, session=2, sequence=37, operation=PrimitiveOperation{id=DefaultOperationId{id=write, type=COMMAND}, value=byte[]{length=17, hash=-1644578928}}}}
22:47:38.092 [raft-server-2-state] TRACE i.a.p.s.impl.DefaultServiceExecutor - PrimitiveService{2}{type=io.atomix.protocols.raft.RaftTest$TestPrimitiveType@581a9c39, name=raft-test} - Executing DefaultCommit{index=42, session=RaftSession{RaftServiceContext{server=2, type=io.atomix.protocols.raft.RaftTest$TestPrimitiveType@581a9c39, name=raft-test, id=2}, session=2, timestamp=2018-06-07 10:47:38,041}, time=2018-06-07 10:47:38,041, operation=DefaultOperationId{id=write, type=COMMAND}, value=byte[]{length=17, hash=-1644578928}}
22:47:38.092 [raft-server-1] TRACE i.a.p.raft.roles.FollowerRole - RaftServer{1}{role=FOLLOWER} - Appended Indexed{index=42, entry=CommandEntry{term=1, timestamp=2018-06-07 10:47:38,041, session=2, sequence=37, operation=PrimitiveOperation{id=DefaultOperationId{id=write, type=COMMAND}, value=byte[]{length=17, hash=-1644578928}}}}
22:47:38.092 [raft-server-2-state] TRACE i.a.protocols.raft.roles.LeaderRole - RaftServer{2}{role=LEADER} - Sending CommandResponse{status=OK, index=42, eventIndex=2, result=byte[]{length=2, hash=1324}}
22:47:38.092 [raft-server-3] TRACE i.a.p.raft.roles.FollowerRole - RaftServer{3}{role=FOLLOWER} - Sending CommandResponse{status=OK, index=42, eventIndex=2, result=byte[]{length=2, hash=1324}}
22:47:38.092 [raft-client-431b802d-5b1a-4d37-8231-45cdad27d9ba-0] TRACE i.a.p.r.p.impl.RaftProxyConnection - PartitionProxy{2}{type=io.atomix.protocols.raft.RaftTest$TestPrimitiveType@35bfa1bb, name=raft-test} - Received CommandResponse{status=OK, index=42, eventIndex=2, result=byte[]{length=2, hash=1324}} from 3
22:47:38.093 [raft-client-431b802d-5b1a-4d37-8231-45cdad27d9ba-0] TRACE i.a.p.r.p.impl.RaftProxySequencer - PartitionProxy{2}{type=io.atomix.protocols.raft.RaftTest$TestPrimitiveType@35bfa1bb, name=raft-test} - Completing response CommandResponse{status=OK, index=42, eventIndex=2, result=byte[]{length=2, hash=1324}}
22:47:38.093 [raft-client-431b802d-5b1a-4d37-8231-45cdad27d9ba-4] TRACE i.a.p.r.p.impl.RaftProxyConnection - PartitionProxy{2}{type=io.atomix.protocols.raft.RaftTest$TestPrimitiveType@35bfa1bb, name=raft-test} - Sending CommandRequest{session=2, sequence=38, operation=PrimitiveOperation{id=DefaultOperationId{id=write, type=COMMAND}, value=byte[]{length=17, hash=-1644578928}}} to 3
22:47:38.093 [raft-server-3] TRACE i.a.p.raft.roles.FollowerRole - RaftServer{3}{role=FOLLOWER} - Received CommandRequest{session=2, sequence=38, operation=PrimitiveOperation{id=DefaultOperationId{id=write, type=COMMAND}, value=byte[]{length=17, hash=-1644578928}}}
22:47:38.093 [raft-server-2] TRACE i.a.protocols.raft.roles.LeaderRole - RaftServer{2}{role=LEADER} - Received CommandRequest{session=2, sequence=38, operation=PrimitiveOperation{id=DefaultOperationId{id=write, type=COMMAND}, value=byte[]{length=17, hash=-1644578928}}}
22:47:38.093 [raft-server-2] TRACE i.a.protocols.raft.roles.LeaderRole - RaftServer{2}{role=LEADER} - Appended Indexed{index=43, entry=CommandEntry{term=1, timestamp=2018-06-07 10:47:38,093, session=2, sequence=38, operation=PrimitiveOperation{id=DefaultOperationId{id=write, type=COMMAND}, value=byte[]{length=17, hash=-1644578928}}}}
22:47:38.093 [raft-server-2] TRACE i.a.p.raft.roles.LeaderAppender - RaftServer{2} - Sending AppendRequest{term=1, leader=2, prevLogIndex=42, prevLogTerm=1, entries=1, commitIndex=42} to 3
22:47:38.093 [raft-server-3] TRACE i.a.p.raft.roles.FollowerRole - RaftServer{3}{role=FOLLOWER} - Received AppendRequest{term=1, leader=2, prevLogIndex=42, prevLogTerm=1, entries=1, commitIndex=42}
22:47:38.094 [raft-server-3] TRACE i.a.p.raft.roles.FollowerRole - RaftServer{3}{role=FOLLOWER} - Appended Indexed{index=43, entry=CommandEntry{term=1, timestamp=2018-06-07 10:47:38,093, session=2, sequence=38, operation=PrimitiveOperation{id=DefaultOperationId{id=write, type=COMMAND}, value=byte[]{length=17, hash=-1644578928}}}}
22:47:38.129 [raft-server-1] TRACE i.a.p.raft.roles.FollowerRole - RaftServer{1}{role=FOLLOWER} - Committed entries up to index 42
22:47:38.129 [raft-server-1] TRACE i.a.p.raft.roles.FollowerRole - RaftServer{1}{role=FOLLOWER} - Sending AppendResponse{status=OK, term=1, succeeded=true, lastLogIndex=42}
22:47:38.129 [raft-server-2] TRACE i.a.p.raft.roles.LeaderAppender - RaftServer{2} - Received AppendResponse{status=OK, term=1, succeeded=true, lastLogIndex=42} from 1
22:47:38.129 [raft-server-1-state] TRACE i.a.p.raft.impl.RaftServiceManager - RaftServer{1} - Applying Indexed{index=42, entry=CommandEntry{term=1, timestamp=2018-06-07 10:47:38,041, session=2, sequence=37, operation=PrimitiveOperation{id=DefaultOperationId{id=write, type=COMMAND}, value=byte[]{length=17, hash=-1644578928}}}}
22:47:38.129 [raft-server-2] TRACE i.a.p.raft.roles.LeaderAppender - RaftServer{2} - Sending AppendRequest{term=1, leader=2, prevLogIndex=42, prevLogTerm=1, entries=1, commitIndex=42} to 1
22:47:38.129 [raft-server-1-state] TRACE i.a.p.s.impl.DefaultServiceExecutor - PrimitiveService{2}{type=io.atomix.protocols.raft.RaftTest$TestPrimitiveType@43a95102, name=raft-test} - Executing DefaultCommit{index=42, session=RaftSession{RaftServiceContext{server=1, type=io.atomix.protocols.raft.RaftTest$TestPrimitiveType@43a95102, name=raft-test, id=2}, session=2, timestamp=2018-06-07 10:47:38,041}, time=2018-06-07 10:47:38,041, operation=DefaultOperationId{id=write, type=COMMAND}, value=byte[]{length=17, hash=-1644578928}}
22:47:38.129 [raft-server-1] TRACE i.a.p.raft.roles.FollowerRole - RaftServer{1}{role=FOLLOWER} - Received AppendRequest{term=1, leader=2, prevLogIndex=42, prevLogTerm=1, entries=1, commitIndex=42}
22:47:38.129 [raft-server-1] TRACE i.a.p.raft.roles.FollowerRole - RaftServer{1}{role=FOLLOWER} - Appended Indexed{index=43, entry=CommandEntry{term=1, timestamp=2018-06-07 10:47:38,093, session=2, sequence=38, operation=PrimitiveOperation{id=DefaultOperationId{id=write, type=COMMAND}, value=byte[]{length=17, hash=-1644578928}}}}
22:47:38.129 [raft-server-1] TRACE i.a.p.raft.roles.FollowerRole - RaftServer{1}{role=FOLLOWER} - Sending AppendResponse{status=OK, term=1, succeeded=true, lastLogIndex=43}
22:47:38.130 [raft-server-2] TRACE i.a.p.raft.roles.LeaderAppender - RaftServer{2} - Received AppendResponse{status=OK, term=1, succeeded=true, lastLogIndex=43} from 1
22:47:38.130 [raft-server-2] TRACE i.a.p.raft.roles.LeaderAppender - RaftServer{2} - Committed entries up to 43
22:47:38.167 [raft-server-3] TRACE i.a.p.raft.roles.FollowerRole - RaftServer{3}{role=FOLLOWER} - Committed entries up to index 42
22:47:38.167 [raft-server-3] TRACE i.a.p.raft.roles.FollowerRole - RaftServer{3}{role=FOLLOWER} - Sending AppendResponse{status=OK, term=1, succeeded=true, lastLogIndex=43}
22:47:38.167 [raft-server-3-state] TRACE i.a.p.raft.impl.RaftServiceManager - RaftServer{3} - Applying Indexed{index=42, entry=CommandEntry{term=1, timestamp=2018-06-07 10:47:38,041, session=2, sequence=37, operation=PrimitiveOperation{id=DefaultOperationId{id=write, type=COMMAND}, value=byte[]{length=17, hash=-1644578928}}}}
22:47:38.167 [raft-server-3-state] TRACE i.a.p.s.impl.DefaultServiceExecutor - PrimitiveService{2}{type=io.atomix.protocols.raft.RaftTest$TestPrimitiveType@19970ea6, name=raft-test} - Executing DefaultCommit{index=42, session=RaftSession{RaftServiceContext{server=3, type=io.atomix.protocols.raft.RaftTest$TestPrimitiveType@19970ea6, name=raft-test, id=2}, session=2, timestamp=2018-06-07 10:47:38,041}, time=2018-06-07 10:47:38,041, operation=DefaultOperationId{id=write, type=COMMAND}, value=byte[]{length=17, hash=-1644578928}}
22:47:38.189 [raft-server-2] TRACE i.a.p.raft.roles.LeaderAppender - RaftServer{2} - Received AppendResponse{status=OK, term=1, succeeded=true, lastLogIndex=43} from 3
22:47:38.189 [raft-server-2-state] TRACE i.a.p.raft.impl.RaftServiceManager - RaftServer{2} - Applying Indexed{index=43, entry=CommandEntry{term=1, timestamp=2018-06-07 10:47:38,093, session=2, sequence=38, operation=PrimitiveOperation{id=DefaultOperationId{id=write, type=COMMAND}, value=byte[]{length=17, hash=-1644578928}}}}
22:47:38.189 [raft-server-2-state] TRACE i.a.p.s.impl.DefaultServiceExecutor - PrimitiveService{2}{type=io.atomix.protocols.raft.RaftTest$TestPrimitiveType@581a9c39, name=raft-test} - Executing DefaultCommit{index=43, session=RaftSession{RaftServiceContext{server=2, type=io.atomix.protocols.raft.RaftTest$TestPrimitiveType@581a9c39, name=raft-test, id=2}, session=2, timestamp=2018-06-07 10:47:38,093}, time=2018-06-07 10:47:38,093, operation=DefaultOperationId{id=write, type=COMMAND}, value=byte[]{length=17, hash=-1644578928}}
22:47:38.190 [raft-server-2-state] TRACE i.a.protocols.raft.roles.LeaderRole - RaftServer{2}{role=LEADER} - Sending CommandResponse{status=OK, index=43, eventIndex=2, result=byte[]{length=2, hash=1326}}
22:47:38.190 [raft-server-3] TRACE i.a.p.raft.roles.FollowerRole - RaftServer{3}{role=FOLLOWER} - Sending CommandResponse{status=OK, index=43, eventIndex=2, result=byte[]{length=2, hash=1326}}
22:47:38.190 [raft-client-431b802d-5b1a-4d37-8231-45cdad27d9ba-3] TRACE i.a.p.r.p.impl.RaftProxyConnection - PartitionProxy{2}{type=io.atomix.protocols.raft.RaftTest$TestPrimitiveType@35bfa1bb, name=raft-test} - Received CommandResponse{status=OK, index=43, eventIndex=2, result=byte[]{length=2, hash=1326}} from 3
22:47:38.190 [raft-client-431b802d-5b1a-4d37-8231-45cdad27d9ba-3] TRACE i.a.p.r.p.impl.RaftProxySequencer - PartitionProxy{2}{type=io.atomix.protocols.raft.RaftTest$TestPrimitiveType@35bfa1bb, name=raft-test} - Completing response CommandResponse{status=OK, index=43, eventIndex=2, result=byte[]{length=2, hash=1326}}
22:47:38.190 [raft-client-431b802d-5b1a-4d37-8231-45cdad27d9ba-6] TRACE i.a.p.r.p.impl.RaftProxyConnection - PartitionProxy{2}{type=io.atomix.protocols.raft.RaftTest$TestPrimitiveType@35bfa1bb, name=raft-test} - Sending CommandRequest{session=2, sequence=39, operation=PrimitiveOperation{id=DefaultOperationId{id=write, type=COMMAND}, value=byte[]{length=17, hash=-1644578928}}} to 3
22:47:38.190 [raft-server-3] TRACE i.a.p.raft.roles.FollowerRole - RaftServer{3}{role=FOLLOWER} - Received CommandRequest{session=2, sequence=39, operation=PrimitiveOperation{id=DefaultOperationId{id=write, type=COMMAND}, value=byte[]{length=17, hash=-1644578928}}}
22:47:38.191 [raft-server-2] TRACE i.a.protocols.raft.roles.LeaderRole - RaftServer{2}{role=LEADER} - Received CommandRequest{session=2, sequence=39, operation=PrimitiveOperation{id=DefaultOperationId{id=write, type=COMMAND}, value=byte[]{length=17, hash=-1644578928}}}
22:47:38.191 [raft-server-2] TRACE i.a.protocols.raft.roles.LeaderRole - RaftServer{2}{role=LEADER} - Appended Indexed{index=44, entry=CommandEntry{term=1, timestamp=2018-06-07 10:47:38,191, session=2, sequence=39, operation=PrimitiveOperation{id=DefaultOperationId{id=write, type=COMMAND}, value=byte[]{length=17, hash=-1644578928}}}}
22:47:38.191 [raft-server-2] TRACE i.a.p.raft.roles.LeaderAppender - RaftServer{2} - Sending AppendRequest{term=1, leader=2, prevLogIndex=43, prevLogTerm=1, entries=1, commitIndex=43} to 1
22:47:38.191 [raft-server-1] TRACE i.a.p.raft.roles.FollowerRole - RaftServer{1}{role=FOLLOWER} - Received AppendRequest{term=1, leader=2, prevLogIndex=43, prevLogTerm=1, entries=1, commitIndex=43}
22:47:38.191 [raft-server-2] TRACE i.a.p.raft.roles.LeaderAppender - RaftServer{2} - Sending AppendRequest{term=1, leader=2, prevLogIndex=43, prevLogTerm=1, entries=1, commitIndex=43} to 3
22:47:38.191 [raft-server-3] TRACE i.a.p.raft.roles.FollowerRole - RaftServer{3}{role=FOLLOWER} - Received AppendRequest{term=1, leader=2, prevLogIndex=43, prevLogTerm=1, entries=1, commitIndex=43}
22:47:38.191 [raft-server-1] TRACE i.a.p.raft.roles.FollowerRole - RaftServer{1}{role=FOLLOWER} - Appended Indexed{index=44, entry=CommandEntry{term=1, timestamp=2018-06-07 10:47:38,191, session=2, sequence=39, operation=PrimitiveOperation{id=DefaultOperationId{id=write, type=COMMAND}, value=byte[]{length=17, hash=-1644578928}}}}
22:47:38.191 [raft-server-3] TRACE i.a.p.raft.roles.FollowerRole - RaftServer{3}{role=FOLLOWER} - Appended Indexed{index=44, entry=CommandEntry{term=1, timestamp=2018-06-07 10:47:38,191, session=2, sequence=39, operation=PrimitiveOperation{id=DefaultOperationId{id=write, type=COMMAND}, value=byte[]{length=17, hash=-1644578928}}}}
22:47:38.217 [raft-server-1] TRACE i.a.p.raft.roles.FollowerRole - RaftServer{1}{role=FOLLOWER} - Committed entries up to index 43
22:47:38.217 [raft-server-1] TRACE i.a.p.raft.roles.FollowerRole - RaftServer{1}{role=FOLLOWER} - Sending AppendResponse{status=OK, term=1, succeeded=true, lastLogIndex=44}
22:47:38.217 [raft-server-3] TRACE i.a.p.raft.roles.FollowerRole - RaftServer{3}{role=FOLLOWER} - Committed entries up to index 43
22:47:38.217 [raft-server-3] TRACE i.a.p.raft.roles.FollowerRole - RaftServer{3}{role=FOLLOWER} - Sending AppendResponse{status=OK, term=1, succeeded=true, lastLogIndex=44}
22:47:38.217 [raft-server-1-state] TRACE i.a.p.raft.impl.RaftServiceManager - RaftServer{1} - Applying Indexed{index=43, entry=CommandEntry{term=1, timestamp=2018-06-07 10:47:38,093, session=2, sequence=38, operation=PrimitiveOperation{id=DefaultOperationId{id=write, type=COMMAND}, value=byte[]{length=17, hash=-1644578928}}}}
22:47:38.217 [raft-server-3-state] TRACE i.a.p.raft.impl.RaftServiceManager - RaftServer{3} - Applying Indexed{index=43, entry=CommandEntry{term=1, timestamp=2018-06-07 10:47:38,093, session=2, sequence=38, operation=PrimitiveOperation{id=DefaultOperationId{id=write, type=COMMAND}, value=byte[]{length=17, hash=-1644578928}}}}
22:47:38.217 [raft-server-1-state] TRACE i.a.p.s.impl.DefaultServiceExecutor - PrimitiveService{2}{type=io.atomix.protocols.raft.RaftTest$TestPrimitiveType@43a95102, name=raft-test} - Executing DefaultCommit{index=43, session=RaftSession{RaftServiceContext{server=1, type=io.atomix.protocols.raft.RaftTest$TestPrimitiveType@43a95102, name=raft-test, id=2}, session=2, timestamp=2018-06-07 10:47:38,093}, time=2018-06-07 10:47:38,093, operation=DefaultOperationId{id=write, type=COMMAND}, value=byte[]{length=17, hash=-1644578928}}
22:47:38.217 [raft-server-2] TRACE i.a.p.raft.roles.LeaderAppender - RaftServer{2} - Received AppendResponse{status=OK, term=1, succeeded=true, lastLogIndex=44} from 1
22:47:38.217 [raft-server-3-state] TRACE i.a.p.s.impl.DefaultServiceExecutor - PrimitiveService{2}{type=io.atomix.protocols.raft.RaftTest$TestPrimitiveType@19970ea6, name=raft-test} - Executing DefaultCommit{index=43, session=RaftSession{RaftServiceContext{server=3, type=io.atomix.protocols.raft.RaftTest$TestPrimitiveType@19970ea6, name=raft-test, id=2}, session=2, timestamp=2018-06-07 10:47:38,093}, time=2018-06-07 10:47:38,093, operation=DefaultOperationId{id=write, type=COMMAND}, value=byte[]{length=17, hash=-1644578928}}
22:47:38.217 [raft-server-2] TRACE i.a.p.raft.roles.LeaderAppender - RaftServer{2} - Committed entries up to 44
22:47:38.242 [raft-server-2] TRACE i.a.p.raft.roles.LeaderAppender - RaftServer{2} - Received AppendResponse{status=OK, term=1, succeeded=true, lastLogIndex=44} from 3
22:47:38.242 [raft-server-2] TRACE i.a.p.raft.roles.LeaderAppender - RaftServer{2} - Sending AppendRequest{term=1, leader=2, prevLogIndex=44, prevLogTerm=1, entries=0, commitIndex=44} to 1
22:47:38.242 [raft-server-2] TRACE i.a.p.raft.roles.LeaderAppender - RaftServer{2} - Sending AppendRequest{term=1, leader=2, prevLogIndex=44, prevLogTerm=1, entries=0, commitIndex=44} to 3
22:47:38.242 [raft-server-1] TRACE i.a.p.raft.roles.FollowerRole - RaftServer{1}{role=FOLLOWER} - Received AppendRequest{term=1, leader=2, prevLogIndex=44, prevLogTerm=1, entries=0, commitIndex=44}
22:47:38.242 [raft-server-3] TRACE i.a.p.raft.roles.FollowerRole - RaftServer{3}{role=FOLLOWER} - Received AppendRequest{term=1, leader=2, prevLogIndex=44, prevLogTerm=1, entries=0, commitIndex=44}
22:47:38.242 [raft-server-2-state] TRACE i.a.p.raft.impl.RaftServiceManager - RaftServer{2} - Applying Indexed{index=44, entry=CommandEntry{term=1, timestamp=2018-06-07 10:47:38,191, session=2, sequence=39, operation=PrimitiveOperation{id=DefaultOperationId{id=write, type=COMMAND}, value=byte[]{length=17, hash=-1644578928}}}}
22:47:38.242 [raft-server-2-state] TRACE i.a.p.s.impl.DefaultServiceExecutor - PrimitiveService{2}{type=io.atomix.protocols.raft.RaftTest$TestPrimitiveType@581a9c39, name=raft-test} - Executing DefaultCommit{index=44, session=RaftSession{RaftServiceContext{server=2, type=io.atomix.protocols.raft.RaftTest$TestPrimitiveType@581a9c39, name=raft-test, id=2}, session=2, timestamp=2018-06-07 10:47:38,191}, time=2018-06-07 10:47:38,191, operation=DefaultOperationId{id=write, type=COMMAND}, value=byte[]{length=17, hash=-1644578928}}
22:47:38.242 [raft-server-2-state] TRACE i.a.protocols.raft.roles.LeaderRole - RaftServer{2}{role=LEADER} - Sending CommandResponse{status=OK, index=44, eventIndex=2, result=byte[]{length=2, hash=1328}}
22:47:38.267 [raft-server-1] TRACE i.a.p.raft.roles.FollowerRole - RaftServer{1}{role=FOLLOWER} - Committed entries up to index 44
22:47:38.267 [raft-server-1] TRACE i.a.p.raft.roles.FollowerRole - RaftServer{1}{role=FOLLOWER} - Sending AppendResponse{status=OK, term=1, succeeded=true, lastLogIndex=44}
22:47:38.267 [raft-server-3] TRACE i.a.p.raft.roles.FollowerRole - RaftServer{3}{role=FOLLOWER} - Committed entries up to index 44
22:47:38.267 [raft-server-2] TRACE i.a.p.raft.roles.LeaderAppender - RaftServer{2} - Received AppendResponse{status=OK, term=1, succeeded=true, lastLogIndex=44} from 1
22:47:38.267 [raft-server-3] TRACE i.a.p.raft.roles.FollowerRole - RaftServer{3}{role=FOLLOWER} - Sending AppendResponse{status=OK, term=1, succeeded=true, lastLogIndex=44}
22:47:38.267 [raft-server-2] TRACE i.a.p.raft.roles.LeaderAppender - RaftServer{2} - Sending AppendRequest{term=1, leader=2, prevLogIndex=44, prevLogTerm=1, entries=0, commitIndex=44} to 1
22:47:38.267 [raft-server-1-state] TRACE i.a.p.raft.impl.RaftServiceManager - RaftServer{1} - Applying Indexed{index=44, entry=CommandEntry{term=1, timestamp=2018-06-07 10:47:38,191, session=2, sequence=39, operation=PrimitiveOperation{id=DefaultOperationId{id=write, type=COMMAND}, value=byte[]{length=17, hash=-1644578928}}}}
22:47:38.267 [raft-server-3] TRACE i.a.p.raft.roles.FollowerRole - RaftServer{3}{role=FOLLOWER} - Sending CommandResponse{status=OK, index=44, eventIndex=2, result=byte[]{length=2, hash=1328}}
22:47:38.267 [raft-server-2] TRACE i.a.p.raft.roles.LeaderAppender - RaftServer{2} - Received AppendResponse{status=OK, term=1, succeeded=true, lastLogIndex=44} from 3
22:47:38.267 [raft-server-1-state] TRACE i.a.p.s.impl.DefaultServiceExecutor - PrimitiveService{2}{type=io.atomix.protocols.raft.RaftTest$TestPrimitiveType@43a95102, name=raft-test} - Executing DefaultCommit{index=44, session=RaftSession{RaftServiceContext{server=1, type=io.atomix.protocols.raft.RaftTest$TestPrimitiveType@43a95102, name=raft-test, id=2}, session=2, timestamp=2018-06-07 10:47:38,191}, time=2018-06-07 10:47:38,191, operation=DefaultOperationId{id=write, type=COMMAND}, value=byte[]{length=17, hash=-1644578928}}
22:47:38.267 [raft-server-1] TRACE i.a.p.raft.roles.FollowerRole - RaftServer{1}{role=FOLLOWER} - Received AppendRequest{term=1, leader=2, prevLogIndex=44, prevLogTerm=1, entries=0, commitIndex=44}
22:47:38.267 [raft-server-2] TRACE i.a.p.raft.roles.LeaderAppender - RaftServer{2} - Sending AppendRequest{term=1, leader=2, prevLogIndex=44, prevLogTerm=1, entries=0, commitIndex=44} to 3
22:47:38.267 [raft-client-431b802d-5b1a-4d37-8231-45cdad27d9ba-5] TRACE i.a.p.r.p.impl.RaftProxyConnection - PartitionProxy{2}{type=io.atomix.protocols.raft.RaftTest$TestPrimitiveType@35bfa1bb, name=raft-test} - Received CommandResponse{status=OK, index=44, eventIndex=2, result=byte[]{length=2, hash=1328}} from 3
22:47:38.267 [raft-server-3-state] TRACE i.a.p.raft.impl.RaftServiceManager - RaftServer{3} - Applying Indexed{index=44, entry=CommandEntry{term=1, timestamp=2018-06-07 10:47:38,191, session=2, sequence=39, operation=PrimitiveOperation{id=DefaultOperationId{id=write, type=COMMAND}, value=byte[]{length=17, hash=-1644578928}}}}
22:47:38.267 [raft-server-1] TRACE i.a.p.raft.roles.FollowerRole - RaftServer{1}{role=FOLLOWER} - Sending AppendResponse{status=OK, term=1, succeeded=true, lastLogIndex=44}
22:47:38.267 [raft-server-3] TRACE i.a.p.raft.roles.FollowerRole - RaftServer{3}{role=FOLLOWER} - Received AppendRequest{term=1, leader=2, prevLogIndex=44, prevLogTerm=1, entries=0, commitIndex=44}
22:47:38.267 [raft-client-431b802d-5b1a-4d37-8231-45cdad27d9ba-5] TRACE i.a.p.r.p.impl.RaftProxySequencer - PartitionProxy{2}{type=io.atomix.protocols.raft.RaftTest$TestPrimitiveType@35bfa1bb, name=raft-test} - Completing response CommandResponse{status=OK, index=44, eventIndex=2, result=byte[]{length=2, hash=1328}}
22:47:38.268 [raft-server-3-state] TRACE i.a.p.s.impl.DefaultServiceExecutor - PrimitiveService{2}{type=io.atomix.protocols.raft.RaftTest$TestPrimitiveType@19970ea6, name=raft-test} - Executing DefaultCommit{index=44, session=RaftSession{RaftServiceContext{server=3, type=io.atomix.protocols.raft.RaftTest$TestPrimitiveType@19970ea6, name=raft-test, id=2}, session=2, timestamp=2018-06-07 10:47:38,191}, time=2018-06-07 10:47:38,191, operation=DefaultOperationId{id=write, type=COMMAND}, value=byte[]{length=17, hash=-1644578928}}
22:47:38.268 [raft-server-2] TRACE i.a.p.raft.roles.LeaderAppender - RaftServer{2} - Received AppendResponse{status=OK, term=1, succeeded=true, lastLogIndex=44} from 1
22:47:38.268 [raft-server-3] TRACE i.a.p.raft.roles.FollowerRole - RaftServer{3}{role=FOLLOWER} - Sending AppendResponse{status=OK, term=1, succeeded=true, lastLogIndex=44}
22:47:38.268 [raft-server-2] TRACE i.a.p.raft.roles.LeaderAppender - RaftServer{2} - Received AppendResponse{status=OK, term=1, succeeded=true, lastLogIndex=44} from 3
22:47:38.268 [raft-client-431b802d-5b1a-4d37-8231-45cdad27d9ba-2] TRACE i.a.p.r.p.impl.RaftProxyConnection - PartitionProxy{2}{type=io.atomix.protocols.raft.RaftTest$TestPrimitiveType@35bfa1bb, name=raft-test} - Sending CommandRequest{session=2, sequence=40, operation=PrimitiveOperation{id=DefaultOperationId{id=write, type=COMMAND}, value=byte[]{length=17, hash=-1644578928}}} to 3
22:47:38.268 [raft-server-3] TRACE i.a.p.raft.roles.FollowerRole - RaftServer{3}{role=FOLLOWER} - Received CommandRequest{session=2, sequence=40, operation=PrimitiveOperation{id=DefaultOperationId{id=write, type=COMMAND}, value=byte[]{length=17, hash=-1644578928}}}
22:47:38.268 [raft-server-2] TRACE i.a.protocols.raft.roles.LeaderRole - RaftServer{2}{role=LEADER} - Received CommandRequest{session=2, sequence=40, operation=PrimitiveOperation{id=DefaultOperationId{id=write, type=COMMAND}, value=byte[]{length=17, hash=-1644578928}}}
22:47:38.269 [raft-server-2] TRACE i.a.protocols.raft.roles.LeaderRole - RaftServer{2}{role=LEADER} - Appended Indexed{index=45, entry=CommandEntry{term=1, timestamp=2018-06-07 10:47:38,268, session=2, sequence=40, operation=PrimitiveOperation{id=DefaultOperationId{id=write, type=COMMAND}, value=byte[]{length=17, hash=-1644578928}}}}
22:47:38.269 [raft-server-2] TRACE i.a.p.raft.roles.LeaderAppender - RaftServer{2} - Sending AppendRequest{term=1, leader=2, prevLogIndex=44, prevLogTerm=1, entries=1, commitIndex=44} to 1
22:47:38.269 [raft-server-1] TRACE i.a.p.raft.roles.FollowerRole - RaftServer{1}{role=FOLLOWER} - Received AppendRequest{term=1, leader=2, prevLogIndex=44, prevLogTerm=1, entries=1, commitIndex=44}
22:47:38.269 [raft-server-2] TRACE i.a.p.raft.roles.LeaderAppender - RaftServer{2} - Sending AppendRequest{term=1, leader=2, prevLogIndex=44, prevLogTerm=1, entries=1, commitIndex=44} to 3
22:47:38.269 [raft-server-3] TRACE i.a.p.raft.roles.FollowerRole - RaftServer{3}{role=FOLLOWER} - Received AppendRequest{term=1, leader=2, prevLogIndex=44, prevLogTerm=1, entries=1, commitIndex=44}
22:47:38.269 [raft-server-1] TRACE i.a.p.raft.roles.FollowerRole - RaftServer{1}{role=FOLLOWER} - Appended Indexed{index=45, entry=CommandEntry{term=1, timestamp=2018-06-07 10:47:38,268, session=2, sequence=40, operation=PrimitiveOperation{id=DefaultOperationId{id=write, type=COMMAND}, value=byte[]{length=17, hash=-1644578928}}}}
22:47:38.269 [raft-server-1] TRACE i.a.p.raft.roles.FollowerRole - RaftServer{1}{role=FOLLOWER} - Sending AppendResponse{status=OK, term=1, succeeded=true, lastLogIndex=45}
22:47:38.269 [raft-server-2] TRACE i.a.p.raft.roles.LeaderAppender - RaftServer{2} - Received AppendResponse{status=OK, term=1, succeeded=true, lastLogIndex=45} from 1
22:47:38.269 [raft-server-2] TRACE i.a.p.raft.roles.LeaderAppender - RaftServer{2} - Committed entries up to 45
22:47:38.269 [raft-server-3] TRACE i.a.p.raft.roles.FollowerRole - RaftServer{3}{role=FOLLOWER} - Appended Indexed{index=45, entry=CommandEntry{term=1, timestamp=2018-06-07 10:47:38,268, session=2, sequence=40, operation=PrimitiveOperation{id=DefaultOperationId{id=write, type=COMMAND}, value=byte[]{length=17, hash=-1644578928}}}}
22:47:38.269 [raft-server-3] TRACE i.a.p.raft.roles.FollowerRole - RaftServer{3}{role=FOLLOWER} - Sending AppendResponse{status=OK, term=1, succeeded=true, lastLogIndex=45}
22:47:38.300 [raft-server-2] TRACE i.a.p.raft.roles.LeaderAppender - RaftServer{2} - Received AppendResponse{status=OK, term=1, succeeded=true, lastLogIndex=45} from 3
22:47:38.300 [raft-server-2-state] TRACE i.a.p.raft.impl.RaftServiceManager - RaftServer{2} - Applying Indexed{index=45, entry=CommandEntry{term=1, timestamp=2018-06-07 10:47:38,268, session=2, sequence=40, operation=PrimitiveOperation{id=DefaultOperationId{id=write, type=COMMAND}, value=byte[]{length=17, hash=-1644578928}}}}
22:47:38.300 [raft-server-2-state] TRACE i.a.p.s.impl.DefaultServiceExecutor - PrimitiveService{2}{type=io.atomix.protocols.raft.RaftTest$TestPrimitiveType@581a9c39, name=raft-test} - Executing DefaultCommit{index=45, session=RaftSession{RaftServiceContext{server=2, type=io.atomix.protocols.raft.RaftTest$TestPrimitiveType@581a9c39, name=raft-test, id=2}, session=2, timestamp=2018-06-07 10:47:38,268}, time=2018-06-07 10:47:38,268, operation=DefaultOperationId{id=write, type=COMMAND}, value=byte[]{length=17, hash=-1644578928}}
22:47:38.301 [raft-server-2-state] TRACE i.a.protocols.raft.roles.LeaderRole - RaftServer{2}{role=LEADER} - Sending CommandResponse{status=OK, index=45, eventIndex=2, result=byte[]{length=2, hash=1330}}
22:47:38.301 [raft-server-3] TRACE i.a.p.raft.roles.FollowerRole - RaftServer{3}{role=FOLLOWER} - Sending CommandResponse{status=OK, index=45, eventIndex=2, result=byte[]{length=2, hash=1330}}
22:47:38.301 [raft-client-431b802d-5b1a-4d37-8231-45cdad27d9ba-0] TRACE i.a.p.r.p.impl.RaftProxyConnection - PartitionProxy{2}{type=io.atomix.protocols.raft.RaftTest$TestPrimitiveType@35bfa1bb, name=raft-test} - Received CommandResponse{status=OK, index=45, eventIndex=2, result=byte[]{length=2, hash=1330}} from 3
22:47:38.301 [raft-client-431b802d-5b1a-4d37-8231-45cdad27d9ba-0] TRACE i.a.p.r.p.impl.RaftProxySequencer - PartitionProxy{2}{type=io.atomix.protocols.raft.RaftTest$TestPrimitiveType@35bfa1bb, name=raft-test} - Completing response CommandResponse{status=OK, index=45, eventIndex=2, result=byte[]{length=2, hash=1330}}
22:47:38.301 [raft-client-431b802d-5b1a-4d37-8231-45cdad27d9ba-1] TRACE i.a.p.r.p.impl.RaftProxyConnection - PartitionProxy{2}{type=io.atomix.protocols.raft.RaftTest$TestPrimitiveType@35bfa1bb, name=raft-test} - Sending CommandRequest{session=2, sequence=41, operation=PrimitiveOperation{id=DefaultOperationId{id=write, type=COMMAND}, value=byte[]{length=17, hash=-1644578928}}} to 3
22:47:38.301 [raft-server-3] TRACE i.a.p.raft.roles.FollowerRole - RaftServer{3}{role=FOLLOWER} - Received CommandRequest{session=2, sequence=41, operation=PrimitiveOperation{id=DefaultOperationId{id=write, type=COMMAND}, value=byte[]{length=17, hash=-1644578928}}}
22:47:38.302 [raft-server-2] TRACE i.a.protocols.raft.roles.LeaderRole - RaftServer{2}{role=LEADER} - Received CommandRequest{session=2, sequence=41, operation=PrimitiveOperation{id=DefaultOperationId{id=write, type=COMMAND}, value=byte[]{length=17, hash=-1644578928}}}
22:47:38.302 [raft-server-2] TRACE i.a.protocols.raft.roles.LeaderRole - RaftServer{2}{role=LEADER} - Appended Indexed{index=46, entry=CommandEntry{term=1, timestamp=2018-06-07 10:47:38,302, session=2, sequence=41, operation=PrimitiveOperation{id=DefaultOperationId{id=write, type=COMMAND}, value=byte[]{length=17, hash=-1644578928}}}}
22:47:38.302 [raft-server-2] TRACE i.a.p.raft.roles.LeaderAppender - RaftServer{2} - Sending AppendRequest{term=1, leader=2, prevLogIndex=45, prevLogTerm=1, entries=1, commitIndex=45} to 1
22:47:38.302 [raft-server-1] TRACE i.a.p.raft.roles.FollowerRole - RaftServer{1}{role=FOLLOWER} - Received AppendRequest{term=1, leader=2, prevLogIndex=45, prevLogTerm=1, entries=1, commitIndex=45}
22:47:38.302 [raft-server-2] TRACE i.a.p.raft.roles.LeaderAppender - RaftServer{2} - Sending AppendRequest{term=1, leader=2, prevLogIndex=45, prevLogTerm=1, entries=1, commitIndex=45} to 3
22:47:38.302 [raft-server-3] TRACE i.a.p.raft.roles.FollowerRole - RaftServer{3}{role=FOLLOWER} - Received AppendRequest{term=1, leader=2, prevLogIndex=45, prevLogTerm=1, entries=1, commitIndex=45}
22:47:38.302 [raft-server-1] TRACE i.a.p.raft.roles.FollowerRole - RaftServer{1}{role=FOLLOWER} - Appended Indexed{index=46, entry=CommandEntry{term=1, timestamp=2018-06-07 10:47:38,302, session=2, sequence=41, operation=PrimitiveOperation{id=DefaultOperationId{id=write, type=COMMAND}, value=byte[]{length=17, hash=-1644578928}}}}
22:47:38.302 [raft-server-3] TRACE i.a.p.raft.roles.FollowerRole - RaftServer{3}{role=FOLLOWER} - Appended Indexed{index=46, entry=CommandEntry{term=1, timestamp=2018-06-07 10:47:38,302, session=2, sequence=41, operation=PrimitiveOperation{id=DefaultOperationId{id=write, type=COMMAND}, value=byte[]{length=17, hash=-1644578928}}}}
22:47:38.358 [raft-server-1] TRACE i.a.p.raft.roles.FollowerRole - RaftServer{1}{role=FOLLOWER} - Committed entries up to index 45
22:47:38.358 [raft-server-1] TRACE i.a.p.raft.roles.FollowerRole - RaftServer{1}{role=FOLLOWER} - Sending AppendResponse{status=OK, term=1, succeeded=true, lastLogIndex=46}
22:47:38.358 [raft-server-3] TRACE i.a.p.raft.roles.FollowerRole - RaftServer{3}{role=FOLLOWER} - Committed entries up to index 45
22:47:38.359 [raft-server-2] TRACE i.a.p.raft.roles.LeaderAppender - RaftServer{2} - Received AppendResponse{status=OK, term=1, succeeded=true, lastLogIndex=46} from 1
22:47:38.359 [raft-server-3] TRACE i.a.p.raft.roles.FollowerRole - RaftServer{3}{role=FOLLOWER} - Sending AppendResponse{status=OK, term=1, succeeded=true, lastLogIndex=46}
22:47:38.359 [raft-server-2] TRACE i.a.p.raft.roles.LeaderAppender - RaftServer{2} - Committed entries up to 46
22:47:38.359 [raft-server-1-state] TRACE i.a.p.raft.impl.RaftServiceManager - RaftServer{1} - Applying Indexed{index=45, entry=CommandEntry{term=1, timestamp=2018-06-07 10:47:38,268, session=2, sequence=40, operation=PrimitiveOperation{id=DefaultOperationId{id=write, type=COMMAND}, value=byte[]{length=17, hash=-1644578928}}}}
22:47:38.359 [raft-server-3-state] TRACE i.a.p.raft.impl.RaftServiceManager - RaftServer{3} - Applying Indexed{index=45, entry=CommandEntry{term=1, timestamp=2018-06-07 10:47:38,268, session=2, sequence=40, operation=PrimitiveOperation{id=DefaultOperationId{id=write, type=COMMAND}, value=byte[]{length=17, hash=-1644578928}}}}
22:47:38.359 [raft-server-1-state] TRACE i.a.p.s.impl.DefaultServiceExecutor - PrimitiveService{2}{type=io.atomix.protocols.raft.RaftTest$TestPrimitiveType@43a95102, name=raft-test} - Executing DefaultCommit{index=45, session=RaftSession{RaftServiceContext{server=1, type=io.atomix.protocols.raft.RaftTest$TestPrimitiveType@43a95102, name=raft-test, id=2}, session=2, timestamp=2018-06-07 10:47:38,268}, time=2018-06-07 10:47:38,268, operation=DefaultOperationId{id=write, type=COMMAND}, value=byte[]{length=17, hash=-1644578928}}
22:47:38.359 [raft-server-3-state] TRACE i.a.p.s.impl.DefaultServiceExecutor - PrimitiveService{2}{type=io.atomix.protocols.raft.RaftTest$TestPrimitiveType@19970ea6, name=raft-test} - Executing DefaultCommit{index=45, session=RaftSession{RaftServiceContext{server=3, type=io.atomix.protocols.raft.RaftTest$TestPrimitiveType@19970ea6, name=raft-test, id=2}, session=2, timestamp=2018-06-07 10:47:38,268}, time=2018-06-07 10:47:38,268, operation=DefaultOperationId{id=write, type=COMMAND}, value=byte[]{length=17, hash=-1644578928}}
22:47:38.422 [raft-client-431b802d-5b1a-4d37-8231-45cdad27d9ba-6] TRACE i.a.p.r.proxy.impl.RaftProxyManager - RaftClient{431b802d-5b1a-4d37-8231-45cdad27d9ba} - Keeping 1 sessions alive
22:47:38.422 [raft-client-431b802d-5b1a-4d37-8231-45cdad27d9ba-6] TRACE i.a.p.r.p.impl.RaftProxyConnection - RaftClient{431b802d-5b1a-4d37-8231-45cdad27d9ba} - Sending KeepAliveRequest{sessionIds=long[]{length=1, hash=33}, commandSequences=long[]{length=1, hash=71}, eventIndexes=long[]{length=1, hash=33}} to 3
22:47:38.422 [raft-server-3] TRACE i.a.p.raft.roles.FollowerRole - RaftServer{3}{role=FOLLOWER} - Received KeepAliveRequest{sessionIds=long[]{length=1, hash=33}, commandSequences=long[]{length=1, hash=71}, eventIndexes=long[]{length=1, hash=33}}
22:47:38.427 [raft-server-2] TRACE i.a.p.raft.roles.LeaderAppender - RaftServer{2} - Received AppendResponse{status=OK, term=1, succeeded=true, lastLogIndex=46} from 3
22:47:38.427 [raft-server-2] TRACE i.a.protocols.raft.roles.LeaderRole - RaftServer{2}{role=LEADER} - Received KeepAliveRequest{sessionIds=long[]{length=1, hash=33}, commandSequences=long[]{length=1, hash=71}, eventIndexes=long[]{length=1, hash=33}}
22:47:38.427 [raft-server-2] TRACE i.a.protocols.raft.roles.LeaderRole - RaftServer{2}{role=LEADER} - Appended Indexed{index=47, entry=KeepAliveEntry{term=1, timestamp=2018-06-07 10:47:38,427, sessionIds=long[]{length=1, hash=33}, commandSequences=long[]{length=1, hash=71}, eventIndexes=long[]{length=1, hash=33}}}
22:47:38.427 [raft-server-2-state] TRACE i.a.p.raft.impl.RaftServiceManager - RaftServer{2} - Applying Indexed{index=46, entry=CommandEntry{term=1, timestamp=2018-06-07 10:47:38,302, session=2, sequence=41, operation=PrimitiveOperation{id=DefaultOperationId{id=write, type=COMMAND}, value=byte[]{length=17, hash=-1644578928}}}}
22:47:38.427 [raft-server-2] TRACE i.a.p.raft.roles.LeaderAppender - RaftServer{2} - Sending AppendRequest{term=1, leader=2, prevLogIndex=46, prevLogTerm=1, entries=1, commitIndex=46} to 1
22:47:38.427 [raft-server-2-state] TRACE i.a.p.s.impl.DefaultServiceExecutor - PrimitiveService{2}{type=io.atomix.protocols.raft.RaftTest$TestPrimitiveType@581a9c39, name=raft-test} - Executing DefaultCommit{index=46, session=RaftSession{RaftServiceContext{server=2, type=io.atomix.protocols.raft.RaftTest$TestPrimitiveType@581a9c39, name=raft-test, id=2}, session=2, timestamp=2018-06-07 10:47:38,302}, time=2018-06-07 10:47:38,302, operation=DefaultOperationId{id=write, type=COMMAND}, value=byte[]{length=17, hash=-1644578928}}
22:47:38.427 [raft-server-1] TRACE i.a.p.raft.roles.FollowerRole - RaftServer{1}{role=FOLLOWER} - Received AppendRequest{term=1, leader=2, prevLogIndex=46, prevLogTerm=1, entries=1, commitIndex=46}
22:47:38.427 [raft-server-2] TRACE i.a.p.raft.roles.LeaderAppender - RaftServer{2} - Sending AppendRequest{term=1, leader=2, prevLogIndex=46, prevLogTerm=1, entries=1, commitIndex=46} to 3
22:47:38.427 [raft-server-2-state] TRACE i.a.protocols.raft.roles.LeaderRole - RaftServer{2}{role=LEADER} - Sending CommandResponse{status=OK, index=46, eventIndex=2, result=byte[]{length=2, hash=1332}}
22:47:38.427 [raft-server-3] TRACE i.a.p.raft.roles.FollowerRole - RaftServer{3}{role=FOLLOWER} - Received AppendRequest{term=1, leader=2, prevLogIndex=46, prevLogTerm=1, entries=1, commitIndex=46}
22:47:38.427 [raft-server-1] TRACE i.a.p.raft.roles.FollowerRole - RaftServer{1}{role=FOLLOWER} - Appended Indexed{index=47, entry=KeepAliveEntry{term=1, timestamp=2018-06-07 10:47:38,427, sessionIds=long[]{length=1, hash=33}, commandSequences=long[]{length=1, hash=71}, eventIndexes=long[]{length=1, hash=33}}}
22:47:38.427 [raft-server-3] TRACE i.a.p.raft.roles.FollowerRole - RaftServer{3}{role=FOLLOWER} - Appended Indexed{index=47, entry=KeepAliveEntry{term=1, timestamp=2018-06-07 10:47:38,427, sessionIds=long[]{length=1, hash=33}, commandSequences=long[]{length=1, hash=71}, eventIndexes=long[]{length=1, hash=33}}}
22:47:38.489 [raft-server-3] TRACE i.a.p.raft.roles.FollowerRole - RaftServer{3}{role=FOLLOWER} - Committed entries up to index 46
22:47:38.489 [raft-server-1] TRACE i.a.p.raft.roles.FollowerRole - RaftServer{1}{role=FOLLOWER} - Committed entries up to index 46
22:47:38.489 [raft-server-3] TRACE i.a.p.raft.roles.FollowerRole - RaftServer{3}{role=FOLLOWER} - Sending AppendResponse{status=OK, term=1, succeeded=true, lastLogIndex=47}
22:47:38.489 [raft-server-1] TRACE i.a.p.raft.roles.FollowerRole - RaftServer{1}{role=FOLLOWER} - Sending AppendResponse{status=OK, term=1, succeeded=true, lastLogIndex=47}
22:47:38.489 [raft-server-3] TRACE i.a.p.raft.roles.FollowerRole - RaftServer{3}{role=FOLLOWER} - Sending CommandResponse{status=OK, index=46, eventIndex=2, result=byte[]{length=2, hash=1332}}
22:47:38.489 [raft-server-2] TRACE i.a.p.raft.roles.LeaderAppender - RaftServer{2} - Received AppendResponse{status=OK, term=1, succeeded=true, lastLogIndex=47} from 3
22:47:38.489 [raft-server-2] TRACE i.a.p.raft.roles.LeaderAppender - RaftServer{2} - Committed entries up to 47
22:47:38.489 [raft-server-1-state] TRACE i.a.p.raft.impl.RaftServiceManager - RaftServer{1} - Applying Indexed{index=46, entry=CommandEntry{term=1, timestamp=2018-06-07 10:47:38,302, session=2, sequence=41, operation=PrimitiveOperation{id=DefaultOperationId{id=write, type=COMMAND}, value=byte[]{length=17, hash=-1644578928}}}}
22:47:38.489 [raft-client-431b802d-5b1a-4d37-8231-45cdad27d9ba-7] TRACE i.a.p.r.p.impl.RaftProxyConnection - PartitionProxy{2}{type=io.atomix.protocols.raft.RaftTest$TestPrimitiveType@35bfa1bb, name=raft-test} - Received CommandResponse{status=OK, index=46, eventIndex=2, result=byte[]{length=2, hash=1332}} from 3
22:47:38.489 [raft-server-3-state] TRACE i.a.p.raft.impl.RaftServiceManager - RaftServer{3} - Applying Indexed{index=46, entry=CommandEntry{term=1, timestamp=2018-06-07 10:47:38,302, session=2, sequence=41, operation=PrimitiveOperation{id=DefaultOperationId{id=write, type=COMMAND}, value=byte[]{length=17, hash=-1644578928}}}}
22:47:38.490 [raft-server-1-state] TRACE i.a.p.s.impl.DefaultServiceExecutor - PrimitiveService{2}{type=io.atomix.protocols.raft.RaftTest$TestPrimitiveType@43a95102, name=raft-test} - Executing DefaultCommit{index=46, session=RaftSession{RaftServiceContext{server=1, type=io.atomix.protocols.raft.RaftTest$TestPrimitiveType@43a95102, name=raft-test, id=2}, session=2, timestamp=2018-06-07 10:47:38,302}, time=2018-06-07 10:47:38,302, operation=DefaultOperationId{id=write, type=COMMAND}, value=byte[]{length=17, hash=-1644578928}}
22:47:38.490 [raft-client-431b802d-5b1a-4d37-8231-45cdad27d9ba-7] TRACE i.a.p.r.p.impl.RaftProxySequencer - PartitionProxy{2}{type=io.atomix.protocols.raft.RaftTest$TestPrimitiveType@35bfa1bb, name=raft-test} - Completing response CommandResponse{status=OK, index=46, eventIndex=2, result=byte[]{length=2, hash=1332}}
22:47:38.490 [raft-server-3-state] TRACE i.a.p.s.impl.DefaultServiceExecutor - PrimitiveService{2}{type=io.atomix.protocols.raft.RaftTest$TestPrimitiveType@19970ea6, name=raft-test} - Executing DefaultCommit{index=46, session=RaftSession{RaftServiceContext{server=3, type=io.atomix.protocols.raft.RaftTest$TestPrimitiveType@19970ea6, name=raft-test, id=2}, session=2, timestamp=2018-06-07 10:47:38,302}, time=2018-06-07 10:47:38,302, operation=DefaultOperationId{id=write, type=COMMAND}, value=byte[]{length=17, hash=-1644578928}}
22:47:38.490 [raft-client-431b802d-5b1a-4d37-8231-45cdad27d9ba-1] TRACE i.a.p.r.p.impl.RaftProxyConnection - PartitionProxy{2}{type=io.atomix.protocols.raft.RaftTest$TestPrimitiveType@35bfa1bb, name=raft-test} - Sending CommandRequest{session=2, sequence=42, operation=PrimitiveOperation{id=DefaultOperationId{id=write, type=COMMAND}, value=byte[]{length=17, hash=-1644578928}}} to 3
22:47:38.490 [raft-server-3] TRACE i.a.p.raft.roles.FollowerRole - RaftServer{3}{role=FOLLOWER} - Received CommandRequest{session=2, sequence=42, operation=PrimitiveOperation{id=DefaultOperationId{id=write, type=COMMAND}, value=byte[]{length=17, hash=-1644578928}}}
22:47:38.576 [raft-server-2] TRACE i.a.p.raft.roles.LeaderAppender - RaftServer{2} - Sending AppendRequest{term=1, leader=2, prevLogIndex=47, prevLogTerm=1, entries=0, commitIndex=47} to 3
22:47:38.576 [raft-server-2] TRACE i.a.p.raft.roles.LeaderAppender - RaftServer{2} - Received AppendResponse{status=OK, term=1, succeeded=true, lastLogIndex=47} from 1
22:47:38.576 [raft-server-3] TRACE i.a.p.raft.roles.FollowerRole - RaftServer{3}{role=FOLLOWER} - Received AppendRequest{term=1, leader=2, prevLogIndex=47, prevLogTerm=1, entries=0, commitIndex=47}
22:47:38.576 [raft-server-2] TRACE i.a.p.raft.roles.LeaderAppender - RaftServer{2} - Sending AppendRequest{term=1, leader=2, prevLogIndex=47, prevLogTerm=1, entries=0, commitIndex=47} to 1
22:47:38.577 [raft-server-1] TRACE i.a.p.raft.roles.FollowerRole - RaftServer{1}{role=FOLLOWER} - Received AppendRequest{term=1, leader=2, prevLogIndex=47, prevLogTerm=1, entries=0, commitIndex=47}
22:47:38.577 [raft-server-2] TRACE i.a.protocols.raft.roles.LeaderRole - RaftServer{2}{role=LEADER} - Received CommandRequest{session=2, sequence=42, operation=PrimitiveOperation{id=DefaultOperationId{id=write, type=COMMAND}, value=byte[]{length=17, hash=-1644578928}}}
22:47:38.577 [raft-server-1] TRACE i.a.p.raft.roles.FollowerRole - RaftServer{1}{role=FOLLOWER} - Committed entries up to index 47
22:47:38.577 [raft-server-1] TRACE i.a.p.raft.roles.FollowerRole - RaftServer{1}{role=FOLLOWER} - Sending AppendResponse{status=OK, term=1, succeeded=true, lastLogIndex=47}
22:47:38.577 [raft-server-1-state] TRACE i.a.p.raft.impl.RaftServiceManager - RaftServer{1} - Applying Indexed{index=47, entry=KeepAliveEntry{term=1, timestamp=2018-06-07 10:47:38,427, sessionIds=long[]{length=1, hash=33}, commandSequences=long[]{length=1, hash=71}, eventIndexes=long[]{length=1, hash=33}}}
22:47:38.577 [raft-server-2] TRACE i.a.protocols.raft.roles.LeaderRole - RaftServer{2}{role=LEADER} - Appended Indexed{index=48, entry=CommandEntry{term=1, timestamp=2018-06-07 10:47:38,577, session=2, sequence=42, operation=PrimitiveOperation{id=DefaultOperationId{id=write, type=COMMAND}, value=byte[]{length=17, hash=-1644578928}}}}
22:47:38.577 [raft-server-2] TRACE i.a.p.raft.roles.LeaderAppender - RaftServer{2} - Received AppendResponse{status=OK, term=1, succeeded=true, lastLogIndex=47} from 1
22:47:38.577 [raft-server-2-state] TRACE i.a.p.raft.impl.RaftServiceManager - RaftServer{2} - Applying Indexed{index=47, entry=KeepAliveEntry{term=1, timestamp=2018-06-07 10:47:38,427, sessionIds=long[]{length=1, hash=33}, commandSequences=long[]{length=1, hash=71}, eventIndexes=long[]{length=1, hash=33}}}
22:47:38.577 [raft-server-2] TRACE i.a.p.raft.roles.LeaderAppender - RaftServer{2} - Sending AppendRequest{term=1, leader=2, prevLogIndex=47, prevLogTerm=1, entries=1, commitIndex=47} to 1
22:47:38.577 [raft-server-1] TRACE i.a.p.raft.roles.FollowerRole - RaftServer{1}{role=FOLLOWER} - Received AppendRequest{term=1, leader=2, prevLogIndex=47, prevLogTerm=1, entries=1, commitIndex=47}
22:47:38.577 [raft-server-2] TRACE i.a.protocols.raft.roles.LeaderRole - RaftServer{2}{role=LEADER} - Sending KeepAliveResponse{status=OK, leader=2, members=[1, 2, 3], sessionIds=long[]{length=1, hash=33}}
22:47:38.577 [raft-server-1] TRACE i.a.p.raft.roles.FollowerRole - RaftServer{1}{role=FOLLOWER} - Appended Indexed{index=48, entry=CommandEntry{term=1, timestamp=2018-06-07 10:47:38,577, session=2, sequence=42, operation=PrimitiveOperation{id=DefaultOperationId{id=write, type=COMMAND}, value=byte[]{length=17, hash=-1644578928}}}}
22:47:38.578 [raft-server-1] TRACE i.a.p.raft.roles.FollowerRole - RaftServer{1}{role=FOLLOWER} - Sending AppendResponse{status=OK, term=1, succeeded=true, lastLogIndex=48}
22:47:38.578 [raft-server-2] TRACE i.a.p.raft.roles.LeaderAppender - RaftServer{2} - Received AppendResponse{status=OK, term=1, succeeded=true, lastLogIndex=48} from 1
22:47:38.578 [raft-server-2] TRACE i.a.p.raft.roles.LeaderAppender - RaftServer{2} - Committed entries up to 48
22:47:38.647 [raft-server-3] TRACE i.a.p.raft.roles.FollowerRole - RaftServer{3}{role=FOLLOWER} - Committed entries up to index 47
22:47:38.647 [raft-server-3] TRACE i.a.p.raft.roles.FollowerRole - RaftServer{3}{role=FOLLOWER} - Sending AppendResponse{status=OK, term=1, succeeded=true, lastLogIndex=47}
22:47:38.648 [raft-server-3] TRACE i.a.p.raft.roles.FollowerRole - RaftServer{3}{role=FOLLOWER} - Sending KeepAliveResponse{status=OK, leader=2, members=[1, 2, 3], sessionIds=long[]{length=1, hash=33}}
22:47:38.648 [raft-client-431b802d-5b1a-4d37-8231-45cdad27d9ba-4] TRACE i.a.p.r.p.impl.RaftProxyConnection - RaftClient{431b802d-5b1a-4d37-8231-45cdad27d9ba} - Received KeepAliveResponse{status=OK, leader=2, members=[1, 2, 3], sessionIds=long[]{length=1, hash=33}} from 3
22:47:38.648 [raft-server-3-state] TRACE i.a.p.raft.impl.RaftServiceManager - RaftServer{3} - Applying Indexed{index=47, entry=KeepAliveEntry{term=1, timestamp=2018-06-07 10:47:38,427, sessionIds=long[]{length=1, hash=33}, commandSequences=long[]{length=1, hash=71}, eventIndexes=long[]{length=1, hash=33}}}
22:47:38.681 [raft-server-2] TRACE i.a.p.raft.roles.LeaderAppender - RaftServer{2} - Received AppendResponse{status=OK, term=1, succeeded=true, lastLogIndex=47} from 3
22:47:38.681 [raft-server-2] TRACE i.a.p.raft.roles.LeaderAppender - RaftServer{2} - Sending AppendRequest{term=1, leader=2, prevLogIndex=47, prevLogTerm=1, entries=1, commitIndex=48} to 3
22:47:38.681 [raft-server-3] TRACE i.a.p.raft.roles.FollowerRole - RaftServer{3}{role=FOLLOWER} - Received AppendRequest{term=1, leader=2, prevLogIndex=47, prevLogTerm=1, entries=1, commitIndex=48}
22:47:38.681 [raft-server-3] TRACE i.a.p.raft.roles.FollowerRole - RaftServer{3}{role=FOLLOWER} - Appended Indexed{index=48, entry=CommandEntry{term=1, timestamp=2018-06-07 10:47:38,577, session=2, sequence=42, operation=PrimitiveOperation{id=DefaultOperationId{id=write, type=COMMAND}, value=byte[]{length=17, hash=-1644578928}}}}
22:47:38.682 [raft-server-2-state] TRACE i.a.p.raft.impl.RaftServiceManager - RaftServer{2} - Applying Indexed{index=48, entry=CommandEntry{term=1, timestamp=2018-06-07 10:47:38,577, session=2, sequence=42, operation=PrimitiveOperation{id=DefaultOperationId{id=write, type=COMMAND}, value=byte[]{length=17, hash=-1644578928}}}}
22:47:38.682 [raft-server-2-state] TRACE i.a.p.s.impl.DefaultServiceExecutor - PrimitiveService{2}{type=io.atomix.protocols.raft.RaftTest$TestPrimitiveType@581a9c39, name=raft-test} - Executing DefaultCommit{index=48, session=RaftSession{RaftServiceContext{server=2, type=io.atomix.protocols.raft.RaftTest$TestPrimitiveType@581a9c39, name=raft-test, id=2}, session=2, timestamp=2018-06-07 10:47:38,577}, time=2018-06-07 10:47:38,577, operation=DefaultOperationId{id=write, type=COMMAND}, value=byte[]{length=17, hash=-1644578928}}
22:47:38.682 [raft-server-2-state] TRACE i.a.protocols.raft.roles.LeaderRole - RaftServer{2}{role=LEADER} - Sending CommandResponse{status=OK, index=48, eventIndex=2, result=byte[]{length=2, hash=1336}}
22:47:38.727 [raft-server-2] TRACE i.a.p.raft.roles.LeaderAppender - RaftServer{2} - Sending AppendRequest{term=1, leader=2, prevLogIndex=48, prevLogTerm=1, entries=0, commitIndex=48} to 1
22:47:38.727 [raft-server-1] TRACE i.a.p.raft.roles.FollowerRole - RaftServer{1}{role=FOLLOWER} - Received AppendRequest{term=1, leader=2, prevLogIndex=48, prevLogTerm=1, entries=0, commitIndex=48}
22:47:38.731 [raft-server-3] TRACE i.a.p.raft.roles.FollowerRole - RaftServer{3}{role=FOLLOWER} - Committed entries up to index 48
22:47:38.731 [raft-server-3] TRACE i.a.p.raft.roles.FollowerRole - RaftServer{3}{role=FOLLOWER} - Sending AppendResponse{status=OK, term=1, succeeded=true, lastLogIndex=48}
22:47:38.731 [raft-server-2] TRACE i.a.p.raft.roles.LeaderAppender - RaftServer{2} - Received AppendResponse{status=OK, term=1, succeeded=true, lastLogIndex=48} from 3
22:47:38.731 [raft-server-3] TRACE i.a.p.raft.roles.FollowerRole - RaftServer{3}{role=FOLLOWER} - Sending CommandResponse{status=OK, index=48, eventIndex=2, result=byte[]{length=2, hash=1336}}
22:47:38.731 [raft-server-2] TRACE i.a.p.raft.roles.LeaderAppender - RaftServer{2} - Sending AppendRequest{term=1, leader=2, prevLogIndex=48, prevLogTerm=1, entries=0, commitIndex=48} to 3
22:47:38.731 [raft-server-3] TRACE i.a.p.raft.roles.FollowerRole - RaftServer{3}{role=FOLLOWER} - Received AppendRequest{term=1, leader=2, prevLogIndex=48, prevLogTerm=1, entries=0, commitIndex=48}
22:47:38.731 [raft-client-431b802d-5b1a-4d37-8231-45cdad27d9ba-0] TRACE i.a.p.r.p.impl.RaftProxyConnection - PartitionProxy{2}{type=io.atomix.protocols.raft.RaftTest$TestPrimitiveType@35bfa1bb, name=raft-test} - Received CommandResponse{status=OK, index=48, eventIndex=2, result=byte[]{length=2, hash=1336}} from 3
22:47:38.731 [raft-server-3] TRACE i.a.p.raft.roles.FollowerRole - RaftServer{3}{role=FOLLOWER} - Sending AppendResponse{status=OK, term=1, succeeded=true, lastLogIndex=48}
22:47:38.731 [raft-server-3-state] TRACE i.a.p.raft.impl.RaftServiceManager - RaftServer{3} - Applying Indexed{index=48, entry=CommandEntry{term=1, timestamp=2018-06-07 10:47:38,577, session=2, sequence=42, operation=PrimitiveOperation{id=DefaultOperationId{id=write, type=COMMAND}, value=byte[]{length=17, hash=-1644578928}}}}
22:47:38.731 [raft-client-431b802d-5b1a-4d37-8231-45cdad27d9ba-0] TRACE i.a.p.r.p.impl.RaftProxySequencer - PartitionProxy{2}{type=io.atomix.protocols.raft.RaftTest$TestPrimitiveType@35bfa1bb, name=raft-test} - Completing response CommandResponse{status=OK, index=48, eventIndex=2, result=byte[]{length=2, hash=1336}}
22:47:38.732 [raft-server-2] TRACE i.a.p.raft.roles.LeaderAppender - RaftServer{2} - Received AppendResponse{status=OK, term=1, succeeded=true, lastLogIndex=48} from 3
22:47:38.732 [raft-server-3-state] TRACE i.a.p.s.impl.DefaultServiceExecutor - PrimitiveService{2}{type=io.atomix.protocols.raft.RaftTest$TestPrimitiveType@19970ea6, name=raft-test} - Executing DefaultCommit{index=48, session=RaftSession{RaftServiceContext{server=3, type=io.atomix.protocols.raft.RaftTest$TestPrimitiveType@19970ea6, name=raft-test, id=2}, session=2, timestamp=2018-06-07 10:47:38,577}, time=2018-06-07 10:47:38,577, operation=DefaultOperationId{id=write, type=COMMAND}, value=byte[]{length=17, hash=-1644578928}}
22:47:38.732 [raft-client-431b802d-5b1a-4d37-8231-45cdad27d9ba-7] TRACE i.a.p.r.p.impl.RaftProxyConnection - PartitionProxy{2}{type=io.atomix.protocols.raft.RaftTest$TestPrimitiveType@35bfa1bb, name=raft-test} - Sending CommandRequest{session=2, sequence=43, operation=PrimitiveOperation{id=DefaultOperationId{id=write, type=COMMAND}, value=byte[]{length=17, hash=-1644578928}}} to 3
22:47:38.732 [raft-server-3] TRACE i.a.p.raft.roles.FollowerRole - RaftServer{3}{role=FOLLOWER} - Received CommandRequest{session=2, sequence=43, operation=PrimitiveOperation{id=DefaultOperationId{id=write, type=COMMAND}, value=byte[]{length=17, hash=-1644578928}}}
22:47:38.732 [raft-server-2] TRACE i.a.protocols.raft.roles.LeaderRole - RaftServer{2}{role=LEADER} - Received CommandRequest{session=2, sequence=43, operation=PrimitiveOperation{id=DefaultOperationId{id=write, type=COMMAND}, value=byte[]{length=17, hash=-1644578928}}}
22:47:38.733 [raft-server-2] TRACE i.a.protocols.raft.roles.LeaderRole - RaftServer{2}{role=LEADER} - Appended Indexed{index=49, entry=CommandEntry{term=1, timestamp=2018-06-07 10:47:38,732, session=2, sequence=43, operation=PrimitiveOperation{id=DefaultOperationId{id=write, type=COMMAND}, value=byte[]{length=17, hash=-1644578928}}}}
22:47:38.733 [raft-server-2] TRACE i.a.p.raft.roles.LeaderAppender - RaftServer{2} - Sending AppendRequest{term=1, leader=2, prevLogIndex=48, prevLogTerm=1, entries=1, commitIndex=48} to 3
22:47:38.733 [raft-server-3] TRACE i.a.p.raft.roles.FollowerRole - RaftServer{3}{role=FOLLOWER} - Received AppendRequest{term=1, leader=2, prevLogIndex=48, prevLogTerm=1, entries=1, commitIndex=48}
22:47:38.733 [raft-server-3] TRACE i.a.p.raft.roles.FollowerRole - RaftServer{3}{role=FOLLOWER} - Appended Indexed{index=49, entry=CommandEntry{term=1, timestamp=2018-06-07 10:47:38,732, session=2, sequence=43, operation=PrimitiveOperation{id=DefaultOperationId{id=write, type=COMMAND}, value=byte[]{length=17, hash=-1644578928}}}}
22:47:38.733 [raft-server-3] TRACE i.a.p.raft.roles.FollowerRole - RaftServer{3}{role=FOLLOWER} - Sending AppendResponse{status=OK, term=1, succeeded=true, lastLogIndex=49}
22:47:38.733 [raft-server-2] TRACE i.a.p.raft.roles.LeaderAppender - RaftServer{2} - Received AppendResponse{status=OK, term=1, succeeded=true, lastLogIndex=49} from 3
22:47:38.733 [raft-server-2] TRACE i.a.p.raft.roles.LeaderAppender - RaftServer{2} - Committed entries up to 49
22:47:38.775 [raft-server-1] TRACE i.a.p.raft.roles.FollowerRole - RaftServer{1}{role=FOLLOWER} - Committed entries up to index 48
22:47:38.775 [raft-server-1] TRACE i.a.p.raft.roles.FollowerRole - RaftServer{1}{role=FOLLOWER} - Sending AppendResponse{status=OK, term=1, succeeded=true, lastLogIndex=48}
22:47:38.775 [raft-server-1-state] TRACE i.a.p.raft.impl.RaftServiceManager - RaftServer{1} - Applying Indexed{index=48, entry=CommandEntry{term=1, timestamp=2018-06-07 10:47:38,577, session=2, sequence=42, operation=PrimitiveOperation{id=DefaultOperationId{id=write, type=COMMAND}, value=byte[]{length=17, hash=-1644578928}}}}
22:47:38.775 [raft-server-1-state] TRACE i.a.p.s.impl.DefaultServiceExecutor - PrimitiveService{2}{type=io.atomix.protocols.raft.RaftTest$TestPrimitiveType@43a95102, name=raft-test} - Executing DefaultCommit{index=48, session=RaftSession{RaftServiceContext{server=1, type=io.atomix.protocols.raft.RaftTest$TestPrimitiveType@43a95102, name=raft-test, id=2}, session=2, timestamp=2018-06-07 10:47:38,577}, time=2018-06-07 10:47:38,577, operation=DefaultOperationId{id=write, type=COMMAND}, value=byte[]{length=17, hash=-1644578928}}
22:47:38.798 [raft-server-2] TRACE i.a.p.raft.roles.LeaderAppender - RaftServer{2} - Received AppendResponse{status=OK, term=1, succeeded=true, lastLogIndex=48} from 1
22:47:38.798 [raft-server-2] TRACE i.a.p.raft.roles.LeaderAppender - RaftServer{2} - Sending AppendRequest{term=1, leader=2, prevLogIndex=48, prevLogTerm=1, entries=1, commitIndex=49} to 1
22:47:38.798 [raft-server-1] TRACE i.a.p.raft.roles.FollowerRole - RaftServer{1}{role=FOLLOWER} - Received AppendRequest{term=1, leader=2, prevLogIndex=48, prevLogTerm=1, entries=1, commitIndex=49}
22:47:38.798 [raft-server-2-state] TRACE i.a.p.raft.impl.RaftServiceManager - RaftServer{2} - Applying Indexed{index=49, entry=CommandEntry{term=1, timestamp=2018-06-07 10:47:38,732, session=2, sequence=43, operation=PrimitiveOperation{id=DefaultOperationId{id=write, type=COMMAND}, value=byte[]{length=17, hash=-1644578928}}}}
22:47:38.798 [raft-server-1] TRACE i.a.p.raft.roles.FollowerRole - RaftServer{1}{role=FOLLOWER} - Appended Indexed{index=49, entry=CommandEntry{term=1, timestamp=2018-06-07 10:47:38,732, session=2, sequence=43, operation=PrimitiveOperation{id=DefaultOperationId{id=write, type=COMMAND}, value=byte[]{length=17, hash=-1644578928}}}}
22:47:38.798 [raft-server-2-state] TRACE i.a.p.s.impl.DefaultServiceExecutor - PrimitiveService{2}{type=io.atomix.protocols.raft.RaftTest$TestPrimitiveType@581a9c39, name=raft-test} - Executing DefaultCommit{index=49, session=RaftSession{RaftServiceContext{server=2, type=io.atomix.protocols.raft.RaftTest$TestPrimitiveType@581a9c39, name=raft-test, id=2}, session=2, timestamp=2018-06-07 10:47:38,732}, time=2018-06-07 10:47:38,732, operation=DefaultOperationId{id=write, type=COMMAND}, value=byte[]{length=17, hash=-1644578928}}
22:47:38.798 [raft-server-2-state] TRACE i.a.protocols.raft.roles.LeaderRole - RaftServer{2}{role=LEADER} - Sending CommandResponse{status=OK, index=49, eventIndex=2, result=byte[]{length=2, hash=1338}}
22:47:38.798 [raft-server-3] TRACE i.a.p.raft.roles.FollowerRole - RaftServer{3}{role=FOLLOWER} - Sending CommandResponse{status=OK, index=49, eventIndex=2, result=byte[]{length=2, hash=1338}}
22:47:38.798 [raft-client-431b802d-5b1a-4d37-8231-45cdad27d9ba-4] TRACE i.a.p.r.p.impl.RaftProxyConnection - PartitionProxy{2}{type=io.atomix.protocols.raft.RaftTest$TestPrimitiveType@35bfa1bb, name=raft-test} - Received CommandResponse{status=OK, index=49, eventIndex=2, result=byte[]{length=2, hash=1338}} from 3
22:47:38.798 [raft-client-431b802d-5b1a-4d37-8231-45cdad27d9ba-4] TRACE i.a.p.r.p.impl.RaftProxySequencer - PartitionProxy{2}{type=io.atomix.protocols.raft.RaftTest$TestPrimitiveType@35bfa1bb, name=raft-test} - Completing response CommandResponse{status=OK, index=49, eventIndex=2, result=byte[]{length=2, hash=1338}}
22:47:38.799 [raft-client-431b802d-5b1a-4d37-8231-45cdad27d9ba-5] TRACE i.a.p.r.p.impl.RaftProxyConnection - PartitionProxy{2}{type=io.atomix.protocols.raft.RaftTest$TestPrimitiveType@35bfa1bb, name=raft-test} - Sending CommandRequest{session=2, sequence=44, operation=PrimitiveOperation{id=DefaultOperationId{id=write, type=COMMAND}, value=byte[]{length=17, hash=-1644578928}}} to 3
22:47:38.799 [raft-server-3] TRACE i.a.p.raft.roles.FollowerRole - RaftServer{3}{role=FOLLOWER} - Received CommandRequest{session=2, sequence=44, operation=PrimitiveOperation{id=DefaultOperationId{id=write, type=COMMAND}, value=byte[]{length=17, hash=-1644578928}}}
22:47:38.799 [raft-server-2] TRACE i.a.protocols.raft.roles.LeaderRole - RaftServer{2}{role=LEADER} - Received CommandRequest{session=2, sequence=44, operation=PrimitiveOperation{id=DefaultOperationId{id=write, type=COMMAND}, value=byte[]{length=17, hash=-1644578928}}}
22:47:38.799 [raft-server-2] TRACE i.a.protocols.raft.roles.LeaderRole - RaftServer{2}{role=LEADER} - Appended Indexed{index=50, entry=CommandEntry{term=1, timestamp=2018-06-07 10:47:38,799, session=2, sequence=44, operation=PrimitiveOperation{id=DefaultOperationId{id=write, type=COMMAND}, value=byte[]{length=17, hash=-1644578928}}}}
22:47:38.799 [raft-server-2] TRACE i.a.p.raft.roles.LeaderAppender - RaftServer{2} - Sending AppendRequest{term=1, leader=2, prevLogIndex=49, prevLogTerm=1, entries=1, commitIndex=49} to 3
22:47:38.799 [raft-server-3] TRACE i.a.p.raft.roles.FollowerRole - RaftServer{3}{role=FOLLOWER} - Received AppendRequest{term=1, leader=2, prevLogIndex=49, prevLogTerm=1, entries=1, commitIndex=49}
22:47:38.800 [raft-server-3] TRACE i.a.p.raft.roles.FollowerRole - RaftServer{3}{role=FOLLOWER} - Appended Indexed{index=50, entry=CommandEntry{term=1, timestamp=2018-06-07 10:47:38,799, session=2, sequence=44, operation=PrimitiveOperation{id=DefaultOperationId{id=write, type=COMMAND}, value=byte[]{length=17, hash=-1644578928}}}}
22:47:38.833 [raft-server-1] TRACE i.a.p.raft.roles.FollowerRole - RaftServer{1}{role=FOLLOWER} - Committed entries up to index 49
22:47:38.833 [raft-server-1] TRACE i.a.p.raft.roles.FollowerRole - RaftServer{1}{role=FOLLOWER} - Sending AppendResponse{status=OK, term=1, succeeded=true, lastLogIndex=49}
22:47:38.833 [raft-server-2] TRACE i.a.p.raft.roles.LeaderAppender - RaftServer{2} - Received AppendResponse{status=OK, term=1, succeeded=true, lastLogIndex=49} from 1
22:47:38.834 [raft-server-2] TRACE i.a.p.raft.roles.LeaderAppender - RaftServer{2} - Sending AppendRequest{term=1, leader=2, prevLogIndex=49, prevLogTerm=1, entries=1, commitIndex=49} to 1
22:47:38.834 [raft-server-1-state] TRACE i.a.p.raft.impl.RaftServiceManager - RaftServer{1} - Applying Indexed{index=49, entry=CommandEntry{term=1, timestamp=2018-06-07 10:47:38,732, session=2, sequence=43, operation=PrimitiveOperation{id=DefaultOperationId{id=write, type=COMMAND}, value=byte[]{length=17, hash=-1644578928}}}}
22:47:38.834 [raft-server-1] TRACE i.a.p.raft.roles.FollowerRole - RaftServer{1}{role=FOLLOWER} - Received AppendRequest{term=1, leader=2, prevLogIndex=49, prevLogTerm=1, entries=1, commitIndex=49}
22:47:38.834 [raft-server-1-state] TRACE i.a.p.s.impl.DefaultServiceExecutor - PrimitiveService{2}{type=io.atomix.protocols.raft.RaftTest$TestPrimitiveType@43a95102, name=raft-test} - Executing DefaultCommit{index=49, session=RaftSession{RaftServiceContext{server=1, type=io.atomix.protocols.raft.RaftTest$TestPrimitiveType@43a95102, name=raft-test, id=2}, session=2, timestamp=2018-06-07 10:47:38,732}, time=2018-06-07 10:47:38,732, operation=DefaultOperationId{id=write, type=COMMAND}, value=byte[]{length=17, hash=-1644578928}}
22:47:38.834 [raft-server-1] TRACE i.a.p.raft.roles.FollowerRole - RaftServer{1}{role=FOLLOWER} - Appended Indexed{index=50, entry=CommandEntry{term=1, timestamp=2018-06-07 10:47:38,799, session=2, sequence=44, operation=PrimitiveOperation{id=DefaultOperationId{id=write, type=COMMAND}, value=byte[]{length=17, hash=-1644578928}}}}
22:47:38.834 [raft-server-1] TRACE i.a.p.raft.roles.FollowerRole - RaftServer{1}{role=FOLLOWER} - Sending AppendResponse{status=OK, term=1, succeeded=true, lastLogIndex=50}
22:47:38.834 [raft-server-2] TRACE i.a.p.raft.roles.LeaderAppender - RaftServer{2} - Received AppendResponse{status=OK, term=1, succeeded=true, lastLogIndex=50} from 1
22:47:38.834 [raft-server-2] TRACE i.a.p.raft.roles.LeaderAppender - RaftServer{2} - Committed entries up to 50
22:47:38.884 [raft-server-3] TRACE i.a.p.raft.roles.FollowerRole - RaftServer{3}{role=FOLLOWER} - Committed entries up to index 49
22:47:38.884 [raft-server-3] TRACE i.a.p.raft.roles.FollowerRole - RaftServer{3}{role=FOLLOWER} - Sending AppendResponse{status=OK, term=1, succeeded=true, lastLogIndex=50}
22:47:38.884 [raft-server-3-state] TRACE i.a.p.raft.impl.RaftServiceManager - RaftServer{3} - Applying Indexed{index=49, entry=CommandEntry{term=1, timestamp=2018-06-07 10:47:38,732, session=2, sequence=43, operation=PrimitiveOperation{id=DefaultOperationId{id=write, type=COMMAND}, value=byte[]{length=17, hash=-1644578928}}}}
22:47:38.884 [raft-server-3-state] TRACE i.a.p.s.impl.DefaultServiceExecutor - PrimitiveService{2}{type=io.atomix.protocols.raft.RaftTest$TestPrimitiveType@19970ea6, name=raft-test} - Executing DefaultCommit{index=49, session=RaftSession{RaftServiceContext{server=3, type=io.atomix.protocols.raft.RaftTest$TestPrimitiveType@19970ea6, name=raft-test, id=2}, session=2, timestamp=2018-06-07 10:47:38,732}, time=2018-06-07 10:47:38,732, operation=DefaultOperationId{id=write, type=COMMAND}, value=byte[]{length=17, hash=-1644578928}}
22:47:38.917 [raft-server-2] TRACE i.a.p.raft.roles.LeaderAppender - RaftServer{2} - Received AppendResponse{status=OK, term=1, succeeded=true, lastLogIndex=50} from 3
22:47:38.917 [raft-server-2-state] TRACE i.a.p.raft.impl.RaftServiceManager - RaftServer{2} - Applying Indexed{index=50, entry=CommandEntry{term=1, timestamp=2018-06-07 10:47:38,799, session=2, sequence=44, operation=PrimitiveOperation{id=DefaultOperationId{id=write, type=COMMAND}, value=byte[]{length=17, hash=-1644578928}}}}
22:47:38.917 [raft-server-2-state] TRACE i.a.p.s.impl.DefaultServiceExecutor - PrimitiveService{2}{type=io.atomix.protocols.raft.RaftTest$TestPrimitiveType@581a9c39, name=raft-test} - Executing DefaultCommit{index=50, session=RaftSession{RaftServiceContext{server=2, type=io.atomix.protocols.raft.RaftTest$TestPrimitiveType@581a9c39, name=raft-test, id=2}, session=2, timestamp=2018-06-07 10:47:38,799}, time=2018-06-07 10:47:38,799, operation=DefaultOperationId{id=write, type=COMMAND}, value=byte[]{length=17, hash=-1644578928}}
22:47:38.917 [raft-server-2-state] TRACE i.a.protocols.raft.roles.LeaderRole - RaftServer{2}{role=LEADER} - Sending CommandResponse{status=OK, index=50, eventIndex=2, result=byte[]{length=2, hash=1340}}
22:47:38.917 [raft-server-3] TRACE i.a.p.raft.roles.FollowerRole - RaftServer{3}{role=FOLLOWER} - Sending CommandResponse{status=OK, index=50, eventIndex=2, result=byte[]{length=2, hash=1340}}
22:47:38.918 [raft-client-431b802d-5b1a-4d37-8231-45cdad27d9ba-1] TRACE i.a.p.r.p.impl.RaftProxyConnection - PartitionProxy{2}{type=io.atomix.protocols.raft.RaftTest$TestPrimitiveType@35bfa1bb, name=raft-test} - Received CommandResponse{status=OK, index=50, eventIndex=2, result=byte[]{length=2, hash=1340}} from 3
22:47:38.918 [raft-client-431b802d-5b1a-4d37-8231-45cdad27d9ba-1] TRACE i.a.p.r.p.impl.RaftProxySequencer - PartitionProxy{2}{type=io.atomix.protocols.raft.RaftTest$TestPrimitiveType@35bfa1bb, name=raft-test} - Completing response CommandResponse{status=OK, index=50, eventIndex=2, result=byte[]{length=2, hash=1340}}
22:47:38.918 [raft-client-431b802d-5b1a-4d37-8231-45cdad27d9ba-6] TRACE i.a.p.r.p.impl.RaftProxyConnection - PartitionProxy{2}{type=io.atomix.protocols.raft.RaftTest$TestPrimitiveType@35bfa1bb, name=raft-test} - Sending CommandRequest{session=2, sequence=45, operation=PrimitiveOperation{id=DefaultOperationId{id=write, type=COMMAND}, value=byte[]{length=17, hash=-1644578928}}} to 3
22:47:38.918 [raft-server-3] TRACE i.a.p.raft.roles.FollowerRole - RaftServer{3}{role=FOLLOWER} - Received CommandRequest{session=2, sequence=45, operation=PrimitiveOperation{id=DefaultOperationId{id=write, type=COMMAND}, value=byte[]{length=17, hash=-1644578928}}}
22:47:38.918 [raft-server-2] TRACE i.a.protocols.raft.roles.LeaderRole - RaftServer{2}{role=LEADER} - Received CommandRequest{session=2, sequence=45, operation=PrimitiveOperation{id=DefaultOperationId{id=write, type=COMMAND}, value=byte[]{length=17, hash=-1644578928}}}
22:47:39.025 [raft-server-2] DEBUG i.a.storage.journal.SegmentedJournal - Created disk segment: JournalSegment{id=6, version=1, index=51, size=64}
22:47:39.025 [raft-server-2] TRACE i.a.protocols.raft.roles.LeaderRole - RaftServer{2}{role=LEADER} - Appended Indexed{index=51, entry=CommandEntry{term=1, timestamp=2018-06-07 10:47:38,919, session=2, sequence=45, operation=PrimitiveOperation{id=DefaultOperationId{id=write, type=COMMAND}, value=byte[]{length=17, hash=-1644578928}}}}
22:47:39.025 [raft-server-2] TRACE i.a.p.raft.roles.LeaderAppender - RaftServer{2} - Sending AppendRequest{term=1, leader=2, prevLogIndex=50, prevLogTerm=1, entries=1, commitIndex=50} to 1
22:47:39.026 [raft-server-1] TRACE i.a.p.raft.roles.FollowerRole - RaftServer{1}{role=FOLLOWER} - Received AppendRequest{term=1, leader=2, prevLogIndex=50, prevLogTerm=1, entries=1, commitIndex=50}
22:47:39.026 [raft-server-2] TRACE i.a.p.raft.roles.LeaderAppender - RaftServer{2} - Sending AppendRequest{term=1, leader=2, prevLogIndex=50, prevLogTerm=1, entries=1, commitIndex=50} to 3
22:47:39.026 [raft-server-3] TRACE i.a.p.raft.roles.FollowerRole - RaftServer{3}{role=FOLLOWER} - Received AppendRequest{term=1, leader=2, prevLogIndex=50, prevLogTerm=1, entries=1, commitIndex=50}
22:47:39.139 [raft-server-1] DEBUG i.a.storage.journal.SegmentedJournal - Created disk segment: JournalSegment{id=6, version=1, index=51, size=64}
22:47:39.139 [raft-server-1] TRACE i.a.p.raft.roles.FollowerRole - RaftServer{1}{role=FOLLOWER} - Appended Indexed{index=51, entry=CommandEntry{term=1, timestamp=2018-06-07 10:47:38,919, session=2, sequence=45, operation=PrimitiveOperation{id=DefaultOperationId{id=write, type=COMMAND}, value=byte[]{length=17, hash=-1644578928}}}}
22:47:39.183 [raft-server-3] DEBUG i.a.storage.journal.SegmentedJournal - Created disk segment: JournalSegment{id=6, version=1, index=51, size=64}
22:47:39.184 [raft-server-3] TRACE i.a.p.raft.roles.FollowerRole - RaftServer{3}{role=FOLLOWER} - Appended Indexed{index=51, entry=CommandEntry{term=1, timestamp=2018-06-07 10:47:38,919, session=2, sequence=45, operation=PrimitiveOperation{id=DefaultOperationId{id=write, type=COMMAND}, value=byte[]{length=17, hash=-1644578928}}}}
22:47:39.239 [raft-server-1] TRACE i.a.p.raft.roles.FollowerRole - RaftServer{1}{role=FOLLOWER} - Committed entries up to index 50
22:47:39.239 [raft-server-1] TRACE i.a.p.raft.roles.FollowerRole - RaftServer{1}{role=FOLLOWER} - Sending AppendResponse{status=OK, term=1, succeeded=true, lastLogIndex=51}
22:47:39.239 [raft-server-2] TRACE i.a.p.raft.roles.LeaderAppender - RaftServer{2} - Received AppendResponse{status=OK, term=1, succeeded=true, lastLogIndex=51} from 1
22:47:39.239 [raft-server-2] TRACE i.a.p.raft.roles.LeaderAppender - RaftServer{2} - Committed entries up to 51
22:47:39.239 [raft-server-1-state] TRACE i.a.p.raft.impl.RaftServiceManager - RaftServer{1} - Applying Indexed{index=50, entry=CommandEntry{term=1, timestamp=2018-06-07 10:47:38,799, session=2, sequence=44, operation=PrimitiveOperation{id=DefaultOperationId{id=write, type=COMMAND}, value=byte[]{length=17, hash=-1644578928}}}}
22:47:39.239 [raft-server-1-state] TRACE i.a.p.s.impl.DefaultServiceExecutor - PrimitiveService{2}{type=io.atomix.protocols.raft.RaftTest$TestPrimitiveType@43a95102, name=raft-test} - Executing DefaultCommit{index=50, session=RaftSession{RaftServiceContext{server=1, type=io.atomix.protocols.raft.RaftTest$TestPrimitiveType@43a95102, name=raft-test, id=2}, session=2, timestamp=2018-06-07 10:47:38,799}, time=2018-06-07 10:47:38,799, operation=DefaultOperationId{id=write, type=COMMAND}, value=byte[]{length=17, hash=-1644578928}}
22:47:39.306 [raft-server-3] TRACE i.a.p.raft.roles.FollowerRole - RaftServer{3}{role=FOLLOWER} - Committed entries up to index 50
22:47:39.306 [raft-server-3] TRACE i.a.p.raft.roles.FollowerRole - RaftServer{3}{role=FOLLOWER} - Sending AppendResponse{status=OK, term=1, succeeded=true, lastLogIndex=51}
22:47:39.306 [raft-server-3-state] TRACE i.a.p.raft.impl.RaftServiceManager - RaftServer{3} - Applying Indexed{index=50, entry=CommandEntry{term=1, timestamp=2018-06-07 10:47:38,799, session=2, sequence=44, operation=PrimitiveOperation{id=DefaultOperationId{id=write, type=COMMAND}, value=byte[]{length=17, hash=-1644578928}}}}
22:47:39.306 [raft-server-3-state] TRACE i.a.p.s.impl.DefaultServiceExecutor - PrimitiveService{2}{type=io.atomix.protocols.raft.RaftTest$TestPrimitiveType@19970ea6, name=raft-test} - Executing DefaultCommit{index=50, session=RaftSession{RaftServiceContext{server=3, type=io.atomix.protocols.raft.RaftTest$TestPrimitiveType@19970ea6, name=raft-test, id=2}, session=2, timestamp=2018-06-07 10:47:38,799}, time=2018-06-07 10:47:38,799, operation=DefaultOperationId{id=write, type=COMMAND}, value=byte[]{length=17, hash=-1644578928}}
22:47:39.333 [raft-server-2] TRACE i.a.p.raft.roles.LeaderAppender - RaftServer{2} - Sending AppendRequest{term=1, leader=2, prevLogIndex=51, prevLogTerm=1, entries=0, commitIndex=51} to 1
22:47:39.334 [raft-server-2] TRACE i.a.p.raft.roles.LeaderAppender - RaftServer{2} - Received AppendResponse{status=OK, term=1, succeeded=true, lastLogIndex=51} from 3
22:47:39.334 [raft-server-2] TRACE i.a.p.raft.roles.LeaderAppender - RaftServer{2} - Sending AppendRequest{term=1, leader=2, prevLogIndex=51, prevLogTerm=1, entries=0, commitIndex=51} to 3
22:47:39.334 [raft-server-1] TRACE i.a.p.raft.roles.FollowerRole - RaftServer{1}{role=FOLLOWER} - Received AppendRequest{term=1, leader=2, prevLogIndex=51, prevLogTerm=1, entries=0, commitIndex=51}
22:47:39.334 [raft-server-3] TRACE i.a.p.raft.roles.FollowerRole - RaftServer{3}{role=FOLLOWER} - Received AppendRequest{term=1, leader=2, prevLogIndex=51, prevLogTerm=1, entries=0, commitIndex=51}
22:47:39.334 [raft-server-2-state] TRACE i.a.p.raft.impl.RaftServiceManager - RaftServer{2} - Applying Indexed{index=51, entry=CommandEntry{term=1, timestamp=2018-06-07 10:47:38,919, session=2, sequence=45, operation=PrimitiveOperation{id=DefaultOperationId{id=write, type=COMMAND}, value=byte[]{length=17, hash=-1644578928}}}}
22:47:39.334 [raft-server-2-state] TRACE i.a.p.s.impl.DefaultServiceExecutor - PrimitiveService{2}{type=io.atomix.protocols.raft.RaftTest$TestPrimitiveType@581a9c39, name=raft-test} - Executing DefaultCommit{index=51, session=RaftSession{RaftServiceContext{server=2, type=io.atomix.protocols.raft.RaftTest$TestPrimitiveType@581a9c39, name=raft-test, id=2}, session=2, timestamp=2018-06-07 10:47:38,919}, time=2018-06-07 10:47:38,919, operation=DefaultOperationId{id=write, type=COMMAND}, value=byte[]{length=17, hash=-1644578928}}
22:47:39.335 [raft-server-2] TRACE i.a.protocols.raft.roles.LeaderRole - RaftServer{2}{role=LEADER} - Sending CommandResponse{status=OK, index=51, eventIndex=2, result=byte[]{length=2, hash=1342}}
22:47:39.356 [raft-server-3] TRACE i.a.p.raft.roles.FollowerRole - RaftServer{3}{role=FOLLOWER} - Committed entries up to index 51
22:47:39.356 [raft-server-1] TRACE i.a.p.raft.roles.FollowerRole - RaftServer{1}{role=FOLLOWER} - Committed entries up to index 51
22:47:39.356 [raft-server-1] TRACE i.a.p.raft.roles.FollowerRole - RaftServer{1}{role=FOLLOWER} - Sending AppendResponse{status=OK, term=1, succeeded=true, lastLogIndex=51}
22:47:39.356 [raft-server-2] TRACE i.a.p.raft.roles.LeaderAppender - RaftServer{2} - Received AppendResponse{status=OK, term=1, succeeded=true, lastLogIndex=51} from 1
22:47:39.356 [raft-server-3] TRACE i.a.p.raft.roles.FollowerRole - RaftServer{3}{role=FOLLOWER} - Sending AppendResponse{status=OK, term=1, succeeded=true, lastLogIndex=51}
22:47:39.356 [raft-server-2] TRACE i.a.p.raft.roles.LeaderAppender - RaftServer{2} - Received AppendResponse{status=OK, term=1, succeeded=true, lastLogIndex=51} from 3
22:47:39.356 [raft-server-3] TRACE i.a.p.raft.roles.FollowerRole - RaftServer{3}{role=FOLLOWER} - Sending CommandResponse{status=OK, index=51, eventIndex=2, result=byte[]{length=2, hash=1342}}
22:47:39.356 [raft-server-1-state] TRACE i.a.p.raft.impl.RaftServiceManager - RaftServer{1} - Applying Indexed{index=51, entry=CommandEntry{term=1, timestamp=2018-06-07 10:47:38,919, session=2, sequence=45, operation=PrimitiveOperation{id=DefaultOperationId{id=write, type=COMMAND}, value=byte[]{length=17, hash=-1644578928}}}}
22:47:39.356 [raft-client-431b802d-5b1a-4d37-8231-45cdad27d9ba-0] TRACE i.a.p.r.p.impl.RaftProxyConnection - PartitionProxy{2}{type=io.atomix.protocols.raft.RaftTest$TestPrimitiveType@35bfa1bb, name=raft-test} - Received CommandResponse{status=OK, index=51, eventIndex=2, result=byte[]{length=2, hash=1342}} from 3
22:47:39.357 [raft-client-431b802d-5b1a-4d37-8231-45cdad27d9ba-0] TRACE i.a.p.r.p.impl.RaftProxySequencer - PartitionProxy{2}{type=io.atomix.protocols.raft.RaftTest$TestPrimitiveType@35bfa1bb, name=raft-test} - Completing response CommandResponse{status=OK, index=51, eventIndex=2, result=byte[]{length=2, hash=1342}}
22:47:39.357 [raft-server-3-state] TRACE i.a.p.raft.impl.RaftServiceManager - RaftServer{3} - Applying Indexed{index=51, entry=CommandEntry{term=1, timestamp=2018-06-07 10:47:38,919, session=2, sequence=45, operation=PrimitiveOperation{id=DefaultOperationId{id=write, type=COMMAND}, value=byte[]{length=17, hash=-1644578928}}}}
22:47:39.356 [raft-server-1-state] TRACE i.a.p.s.impl.DefaultServiceExecutor - PrimitiveService{2}{type=io.atomix.protocols.raft.RaftTest$TestPrimitiveType@43a95102, name=raft-test} - Executing DefaultCommit{index=51, session=RaftSession{RaftServiceContext{server=1, type=io.atomix.protocols.raft.RaftTest$TestPrimitiveType@43a95102, name=raft-test, id=2}, session=2, timestamp=2018-06-07 10:47:38,919}, time=2018-06-07 10:47:38,919, operation=DefaultOperationId{id=write, type=COMMAND}, value=byte[]{length=17, hash=-1644578928}}
22:47:39.357 [raft-server-3-state] TRACE i.a.p.s.impl.DefaultServiceExecutor - PrimitiveService{2}{type=io.atomix.protocols.raft.RaftTest$TestPrimitiveType@19970ea6, name=raft-test} - Executing DefaultCommit{index=51, session=RaftSession{RaftServiceContext{server=3, type=io.atomix.protocols.raft.RaftTest$TestPrimitiveType@19970ea6, name=raft-test, id=2}, session=2, timestamp=2018-06-07 10:47:38,919}, time=2018-06-07 10:47:38,919, operation=DefaultOperationId{id=write, type=COMMAND}, value=byte[]{length=17, hash=-1644578928}}
22:47:39.357 [raft-client-431b802d-5b1a-4d37-8231-45cdad27d9ba-0] TRACE i.a.p.r.p.impl.RaftProxyConnection - PartitionProxy{2}{type=io.atomix.protocols.raft.RaftTest$TestPrimitiveType@35bfa1bb, name=raft-test} - Sending CommandRequest{session=2, sequence=46, operation=PrimitiveOperation{id=DefaultOperationId{id=write, type=COMMAND}, value=byte[]{length=17, hash=-1644578928}}} to 3
22:47:39.357 [raft-server-3] TRACE i.a.p.raft.roles.FollowerRole - RaftServer{3}{role=FOLLOWER} - Received CommandRequest{session=2, sequence=46, operation=PrimitiveOperation{id=DefaultOperationId{id=write, type=COMMAND}, value=byte[]{length=17, hash=-1644578928}}}
22:47:39.357 [raft-server-2] TRACE i.a.protocols.raft.roles.LeaderRole - RaftServer{2}{role=LEADER} - Received CommandRequest{session=2, sequence=46, operation=PrimitiveOperation{id=DefaultOperationId{id=write, type=COMMAND}, value=byte[]{length=17, hash=-1644578928}}}
22:47:39.357 [raft-server-2] TRACE i.a.protocols.raft.roles.LeaderRole - RaftServer{2}{role=LEADER} - Appended Indexed{index=52, entry=CommandEntry{term=1, timestamp=2018-06-07 10:47:39,357, session=2, sequence=46, operation=PrimitiveOperation{id=DefaultOperationId{id=write, type=COMMAND}, value=byte[]{length=17, hash=-1644578928}}}}
22:47:39.358 [raft-server-2] TRACE i.a.p.raft.roles.LeaderAppender - RaftServer{2} - Sending AppendRequest{term=1, leader=2, prevLogIndex=51, prevLogTerm=1, entries=1, commitIndex=51} to 1
22:47:39.358 [raft-server-2] TRACE i.a.p.raft.roles.LeaderAppender - RaftServer{2} - Sending AppendRequest{term=1, leader=2, prevLogIndex=51, prevLogTerm=1, entries=1, commitIndex=51} to 3
22:47:39.358 [raft-server-1] TRACE i.a.p.raft.roles.FollowerRole - RaftServer{1}{role=FOLLOWER} - Received AppendRequest{term=1, leader=2, prevLogIndex=51, prevLogTerm=1, entries=1, commitIndex=51}
22:47:39.358 [raft-server-1] TRACE i.a.p.raft.roles.FollowerRole - RaftServer{1}{role=FOLLOWER} - Appended Indexed{index=52, entry=CommandEntry{term=1, timestamp=2018-06-07 10:47:39,357, session=2, sequence=46, operation=PrimitiveOperation{id=DefaultOperationId{id=write, type=COMMAND}, value=byte[]{length=17, hash=-1644578928}}}}
22:47:39.358 [raft-server-1] TRACE i.a.p.raft.roles.FollowerRole - RaftServer{1}{role=FOLLOWER} - Sending AppendResponse{status=OK, term=1, succeeded=true, lastLogIndex=52}
22:47:39.358 [raft-server-3] TRACE i.a.p.raft.roles.FollowerRole - RaftServer{3}{role=FOLLOWER} - Received AppendRequest{term=1, leader=2, prevLogIndex=51, prevLogTerm=1, entries=1, commitIndex=51}
22:47:39.358 [raft-server-3] TRACE i.a.p.raft.roles.FollowerRole - RaftServer{3}{role=FOLLOWER} - Appended Indexed{index=52, entry=CommandEntry{term=1, timestamp=2018-06-07 10:47:39,357, session=2, sequence=46, operation=PrimitiveOperation{id=DefaultOperationId{id=write, type=COMMAND}, value=byte[]{length=17, hash=-1644578928}}}}
22:47:39.358 [raft-server-3] TRACE i.a.p.raft.roles.FollowerRole - RaftServer{3}{role=FOLLOWER} - Sending AppendResponse{status=OK, term=1, succeeded=true, lastLogIndex=52}
22:47:39.358 [raft-server-2] TRACE i.a.p.raft.roles.LeaderAppender - RaftServer{2} - Received AppendResponse{status=OK, term=1, succeeded=true, lastLogIndex=52} from 1
22:47:39.358 [raft-server-2] TRACE i.a.p.raft.roles.LeaderAppender - RaftServer{2} - Committed entries up to 52
22:47:39.398 [raft-server-2] TRACE i.a.p.raft.roles.LeaderAppender - RaftServer{2} - Received AppendResponse{status=OK, term=1, succeeded=true, lastLogIndex=52} from 3
22:47:39.398 [raft-server-2-state] TRACE i.a.p.raft.impl.RaftServiceManager - RaftServer{2} - Applying Indexed{index=52, entry=CommandEntry{term=1, timestamp=2018-06-07 10:47:39,357, session=2, sequence=46, operation=PrimitiveOperation{id=DefaultOperationId{id=write, type=COMMAND}, value=byte[]{length=17, hash=-1644578928}}}}
22:47:39.398 [raft-server-2-state] TRACE i.a.p.s.impl.DefaultServiceExecutor - PrimitiveService{2}{type=io.atomix.protocols.raft.RaftTest$TestPrimitiveType@581a9c39, name=raft-test} - Executing DefaultCommit{index=52, session=RaftSession{RaftServiceContext{server=2, type=io.atomix.protocols.raft.RaftTest$TestPrimitiveType@581a9c39, name=raft-test, id=2}, session=2, timestamp=2018-06-07 10:47:39,357}, time=2018-06-07 10:47:39,357, operation=DefaultOperationId{id=write, type=COMMAND}, value=byte[]{length=17, hash=-1644578928}}
22:47:39.398 [raft-server-2-state] TRACE i.a.protocols.raft.roles.LeaderRole - RaftServer{2}{role=LEADER} - Sending CommandResponse{status=OK, index=52, eventIndex=2, result=byte[]{length=2, hash=1344}}
22:47:39.398 [raft-server-3] TRACE i.a.p.raft.roles.FollowerRole - RaftServer{3}{role=FOLLOWER} - Sending CommandResponse{status=OK, index=52, eventIndex=2, result=byte[]{length=2, hash=1344}}
22:47:39.398 [raft-client-431b802d-5b1a-4d37-8231-45cdad27d9ba-4] TRACE i.a.p.r.p.impl.RaftProxyConnection - PartitionProxy{2}{type=io.atomix.protocols.raft.RaftTest$TestPrimitiveType@35bfa1bb, name=raft-test} - Received CommandResponse{status=OK, index=52, eventIndex=2, result=byte[]{length=2, hash=1344}} from 3
22:47:39.398 [raft-client-431b802d-5b1a-4d37-8231-45cdad27d9ba-4] TRACE i.a.p.r.p.impl.RaftProxySequencer - PartitionProxy{2}{type=io.atomix.protocols.raft.RaftTest$TestPrimitiveType@35bfa1bb, name=raft-test} - Completing response CommandResponse{status=OK, index=52, eventIndex=2, result=byte[]{length=2, hash=1344}}
22:47:39.399 [raft-client-431b802d-5b1a-4d37-8231-45cdad27d9ba-3] TRACE i.a.p.r.p.impl.RaftProxyConnection - PartitionProxy{2}{type=io.atomix.protocols.raft.RaftTest$TestPrimitiveType@35bfa1bb, name=raft-test} - Sending CommandRequest{session=2, sequence=47, operation=PrimitiveOperation{id=DefaultOperationId{id=write, type=COMMAND}, value=byte[]{length=17, hash=-1644578928}}} to 3
22:47:39.399 [raft-server-3] TRACE i.a.p.raft.roles.FollowerRole - RaftServer{3}{role=FOLLOWER} - Received CommandRequest{session=2, sequence=47, operation=PrimitiveOperation{id=DefaultOperationId{id=write, type=COMMAND}, value=byte[]{length=17, hash=-1644578928}}}
22:47:39.399 [raft-server-2] TRACE i.a.protocols.raft.roles.LeaderRole - RaftServer{2}{role=LEADER} - Received CommandRequest{session=2, sequence=47, operation=PrimitiveOperation{id=DefaultOperationId{id=write, type=COMMAND}, value=byte[]{length=17, hash=-1644578928}}}
22:47:39.399 [raft-server-2] TRACE i.a.protocols.raft.roles.LeaderRole - RaftServer{2}{role=LEADER} - Appended Indexed{index=53, entry=CommandEntry{term=1, timestamp=2018-06-07 10:47:39,399, session=2, sequence=47, operation=PrimitiveOperation{id=DefaultOperationId{id=write, type=COMMAND}, value=byte[]{length=17, hash=-1644578928}}}}
22:47:39.399 [raft-server-2] TRACE i.a.p.raft.roles.LeaderAppender - RaftServer{2} - Sending AppendRequest{term=1, leader=2, prevLogIndex=52, prevLogTerm=1, entries=1, commitIndex=52} to 1
22:47:39.399 [raft-server-1] TRACE i.a.p.raft.roles.FollowerRole - RaftServer{1}{role=FOLLOWER} - Received AppendRequest{term=1, leader=2, prevLogIndex=52, prevLogTerm=1, entries=1, commitIndex=52}
22:47:39.399 [raft-server-2] TRACE i.a.p.raft.roles.LeaderAppender - RaftServer{2} - Sending AppendRequest{term=1, leader=2, prevLogIndex=52, prevLogTerm=1, entries=1, commitIndex=52} to 3
22:47:39.399 [raft-server-3] TRACE i.a.p.raft.roles.FollowerRole - RaftServer{3}{role=FOLLOWER} - Received AppendRequest{term=1, leader=2, prevLogIndex=52, prevLogTerm=1, entries=1, commitIndex=52}
22:47:39.399 [raft-server-1] TRACE i.a.p.raft.roles.FollowerRole - RaftServer{1}{role=FOLLOWER} - Appended Indexed{index=53, entry=CommandEntry{term=1, timestamp=2018-06-07 10:47:39,399, session=2, sequence=47, operation=PrimitiveOperation{id=DefaultOperationId{id=write, type=COMMAND}, value=byte[]{length=17, hash=-1644578928}}}}
22:47:39.399 [raft-server-3] TRACE i.a.p.raft.roles.FollowerRole - RaftServer{3}{role=FOLLOWER} - Appended Indexed{index=53, entry=CommandEntry{term=1, timestamp=2018-06-07 10:47:39,399, session=2, sequence=47, operation=PrimitiveOperation{id=DefaultOperationId{id=write, type=COMMAND}, value=byte[]{length=17, hash=-1644578928}}}}
22:47:39.431 [raft-server-1] TRACE i.a.p.raft.roles.FollowerRole - RaftServer{1}{role=FOLLOWER} - Committed entries up to index 52
22:47:39.431 [raft-server-3] TRACE i.a.p.raft.roles.FollowerRole - RaftServer{3}{role=FOLLOWER} - Committed entries up to index 52
22:47:39.431 [raft-server-1] TRACE i.a.p.raft.roles.FollowerRole - RaftServer{1}{role=FOLLOWER} - Sending AppendResponse{status=OK, term=1, succeeded=true, lastLogIndex=53}
22:47:39.431 [raft-server-3] TRACE i.a.p.raft.roles.FollowerRole - RaftServer{3}{role=FOLLOWER} - Sending AppendResponse{status=OK, term=1, succeeded=true, lastLogIndex=53}
22:47:39.431 [raft-server-2] TRACE i.a.p.raft.roles.LeaderAppender - RaftServer{2} - Received AppendResponse{status=OK, term=1, succeeded=true, lastLogIndex=53} from 1
22:47:39.431 [raft-server-2] TRACE i.a.p.raft.roles.LeaderAppender - RaftServer{2} - Committed entries up to 53
22:47:39.431 [raft-server-1-state] TRACE i.a.p.raft.impl.RaftServiceManager - RaftServer{1} - Applying Indexed{index=52, entry=CommandEntry{term=1, timestamp=2018-06-07 10:47:39,357, session=2, sequence=46, operation=PrimitiveOperation{id=DefaultOperationId{id=write, type=COMMAND}, value=byte[]{length=17, hash=-1644578928}}}}
22:47:39.431 [raft-server-3-state] TRACE i.a.p.raft.impl.RaftServiceManager - RaftServer{3} - Applying Indexed{index=52, entry=CommandEntry{term=1, timestamp=2018-06-07 10:47:39,357, session=2, sequence=46, operation=PrimitiveOperation{id=DefaultOperationId{id=write, type=COMMAND}, value=byte[]{length=17, hash=-1644578928}}}}
22:47:39.431 [raft-server-1-state] TRACE i.a.p.s.impl.DefaultServiceExecutor - PrimitiveService{2}{type=io.atomix.protocols.raft.RaftTest$TestPrimitiveType@43a95102, name=raft-test} - Executing DefaultCommit{index=52, session=RaftSession{RaftServiceContext{server=1, type=io.atomix.protocols.raft.RaftTest$TestPrimitiveType@43a95102, name=raft-test, id=2}, session=2, timestamp=2018-06-07 10:47:39,357}, time=2018-06-07 10:47:39,357, operation=DefaultOperationId{id=write, type=COMMAND}, value=byte[]{length=17, hash=-1644578928}}
22:47:39.431 [raft-server-3-state] TRACE i.a.p.s.impl.DefaultServiceExecutor - PrimitiveService{2}{type=io.atomix.protocols.raft.RaftTest$TestPrimitiveType@19970ea6, name=raft-test} - Executing DefaultCommit{index=52, session=RaftSession{RaftServiceContext{server=3, type=io.atomix.protocols.raft.RaftTest$TestPrimitiveType@19970ea6, name=raft-test, id=2}, session=2, timestamp=2018-06-07 10:47:39,357}, time=2018-06-07 10:47:39,357, operation=DefaultOperationId{id=write, type=COMMAND}, value=byte[]{length=17, hash=-1644578928}}
22:47:39.487 [raft-server-2] TRACE i.a.p.raft.roles.LeaderAppender - RaftServer{2} - Received AppendResponse{status=OK, term=1, succeeded=true, lastLogIndex=53} from 3
22:47:39.487 [raft-server-2] TRACE i.a.p.raft.roles.LeaderAppender - RaftServer{2} - Sending AppendRequest{term=1, leader=2, prevLogIndex=53, prevLogTerm=1, entries=0, commitIndex=53} to 1
22:47:39.487 [raft-server-1] TRACE i.a.p.raft.roles.FollowerRole - RaftServer{1}{role=FOLLOWER} - Received AppendRequest{term=1, leader=2, prevLogIndex=53, prevLogTerm=1, entries=0, commitIndex=53}
22:47:39.487 [raft-server-2] TRACE i.a.p.raft.roles.LeaderAppender - RaftServer{2} - Sending AppendRequest{term=1, leader=2, prevLogIndex=53, prevLogTerm=1, entries=0, commitIndex=53} to 3
22:47:39.487 [raft-server-3] TRACE i.a.p.raft.roles.FollowerRole - RaftServer{3}{role=FOLLOWER} - Received AppendRequest{term=1, leader=2, prevLogIndex=53, prevLogTerm=1, entries=0, commitIndex=53}
22:47:39.487 [raft-server-3] TRACE i.a.p.raft.roles.FollowerRole - RaftServer{3}{role=FOLLOWER} - Committed entries up to index 53
22:47:39.487 [raft-server-3] TRACE i.a.p.raft.roles.FollowerRole - RaftServer{3}{role=FOLLOWER} - Sending AppendResponse{status=OK, term=1, succeeded=true, lastLogIndex=53}
22:47:39.487 [raft-server-2-state] TRACE i.a.p.raft.impl.RaftServiceManager - RaftServer{2} - Applying Indexed{index=53, entry=CommandEntry{term=1, timestamp=2018-06-07 10:47:39,399, session=2, sequence=47, operation=PrimitiveOperation{id=DefaultOperationId{id=write, type=COMMAND}, value=byte[]{length=17, hash=-1644578928}}}}
22:47:39.487 [raft-server-2] TRACE i.a.p.raft.roles.LeaderAppender - RaftServer{2} - Received AppendResponse{status=OK, term=1, succeeded=true, lastLogIndex=53} from 3
22:47:39.487 [raft-server-2] TRACE i.a.p.raft.roles.LeaderAppender - RaftServer{2} - Sending AppendRequest{term=1, leader=2, prevLogIndex=53, prevLogTerm=1, entries=0, commitIndex=53} to 3
22:47:39.487 [raft-server-2-state] TRACE i.a.p.s.impl.DefaultServiceExecutor - PrimitiveService{2}{type=io.atomix.protocols.raft.RaftTest$TestPrimitiveType@581a9c39, name=raft-test} - Executing DefaultCommit{index=53, session=RaftSession{RaftServiceContext{server=2, type=io.atomix.protocols.raft.RaftTest$TestPrimitiveType@581a9c39, name=raft-test, id=2}, session=2, timestamp=2018-06-07 10:47:39,399}, time=2018-06-07 10:47:39,399, operation=DefaultOperationId{id=write, type=COMMAND}, value=byte[]{length=17, hash=-1644578928}}
22:47:39.487 [raft-server-3-state] TRACE i.a.p.raft.impl.RaftServiceManager - RaftServer{3} - Applying Indexed{index=53, entry=CommandEntry{term=1, timestamp=2018-06-07 10:47:39,399, session=2, sequence=47, operation=PrimitiveOperation{id=DefaultOperationId{id=write, type=COMMAND}, value=byte[]{length=17, hash=-1644578928}}}}
22:47:39.487 [raft-server-3] TRACE i.a.p.raft.roles.FollowerRole - RaftServer{3}{role=FOLLOWER} - Received AppendRequest{term=1, leader=2, prevLogIndex=53, prevLogTerm=1, entries=0, commitIndex=53}
22:47:39.487 [raft-server-3] TRACE i.a.p.raft.roles.FollowerRole - RaftServer{3}{role=FOLLOWER} - Sending AppendResponse{status=OK, term=1, succeeded=true, lastLogIndex=53}
22:47:39.487 [raft-server-3-state] TRACE i.a.p.s.impl.DefaultServiceExecutor - PrimitiveService{2}{type=io.atomix.protocols.raft.RaftTest$TestPrimitiveType@19970ea6, name=raft-test} - Executing DefaultCommit{index=53, session=RaftSession{RaftServiceContext{server=3, type=io.atomix.protocols.raft.RaftTest$TestPrimitiveType@19970ea6, name=raft-test, id=2}, session=2, timestamp=2018-06-07 10:47:39,399}, time=2018-06-07 10:47:39,399, operation=DefaultOperationId{id=write, type=COMMAND}, value=byte[]{length=17, hash=-1644578928}}
22:47:39.487 [raft-server-2-state] TRACE i.a.protocols.raft.roles.LeaderRole - RaftServer{2}{role=LEADER} - Sending CommandResponse{status=OK, index=53, eventIndex=2, result=byte[]{length=2, hash=1346}}
22:47:39.487 [raft-server-2] TRACE i.a.p.raft.roles.LeaderAppender - RaftServer{2} - Received AppendResponse{status=OK, term=1, succeeded=true, lastLogIndex=53} from 3
22:47:39.488 [raft-server-3] TRACE i.a.p.raft.roles.FollowerRole - RaftServer{3}{role=FOLLOWER} - Sending CommandResponse{status=OK, index=53, eventIndex=2, result=byte[]{length=2, hash=1346}}
22:47:39.488 [raft-server-2] TRACE i.a.p.raft.roles.LeaderAppender - RaftServer{2} - Sending AppendRequest{term=1, leader=2, prevLogIndex=53, prevLogTerm=1, entries=0, commitIndex=53} to 3
22:47:39.488 [raft-server-3] TRACE i.a.p.raft.roles.FollowerRole - RaftServer{3}{role=FOLLOWER} - Received AppendRequest{term=1, leader=2, prevLogIndex=53, prevLogTerm=1, entries=0, commitIndex=53}
22:47:39.488 [raft-client-431b802d-5b1a-4d37-8231-45cdad27d9ba-1] TRACE i.a.p.r.p.impl.RaftProxyConnection - PartitionProxy{2}{type=io.atomix.protocols.raft.RaftTest$TestPrimitiveType@35bfa1bb, name=raft-test} - Received CommandResponse{status=OK, index=53, eventIndex=2, result=byte[]{length=2, hash=1346}} from 3
22:47:39.488 [raft-server-3] TRACE i.a.p.raft.roles.FollowerRole - RaftServer{3}{role=FOLLOWER} - Sending AppendResponse{status=OK, term=1, succeeded=true, lastLogIndex=53}
22:47:39.488 [raft-client-431b802d-5b1a-4d37-8231-45cdad27d9ba-1] TRACE i.a.p.r.p.impl.RaftProxySequencer - PartitionProxy{2}{type=io.atomix.protocols.raft.RaftTest$TestPrimitiveType@35bfa1bb, name=raft-test} - Completing response CommandResponse{status=OK, index=53, eventIndex=2, result=byte[]{length=2, hash=1346}}
22:47:39.488 [raft-server-2] TRACE i.a.p.raft.roles.LeaderAppender - RaftServer{2} - Received AppendResponse{status=OK, term=1, succeeded=true, lastLogIndex=53} from 3
22:47:39.488 [raft-client-431b802d-5b1a-4d37-8231-45cdad27d9ba-7] TRACE i.a.p.r.p.impl.RaftProxyConnection - PartitionProxy{2}{type=io.atomix.protocols.raft.RaftTest$TestPrimitiveType@35bfa1bb, name=raft-test} - Sending CommandRequest{session=2, sequence=48, operation=PrimitiveOperation{id=DefaultOperationId{id=write, type=COMMAND}, value=byte[]{length=17, hash=-1644578928}}} to 3
22:47:39.488 [raft-server-3] TRACE i.a.p.raft.roles.FollowerRole - RaftServer{3}{role=FOLLOWER} - Received CommandRequest{session=2, sequence=48, operation=PrimitiveOperation{id=DefaultOperationId{id=write, type=COMMAND}, value=byte[]{length=17, hash=-1644578928}}}
22:47:39.488 [raft-server-2] TRACE i.a.protocols.raft.roles.LeaderRole - RaftServer{2}{role=LEADER} - Received CommandRequest{session=2, sequence=48, operation=PrimitiveOperation{id=DefaultOperationId{id=write, type=COMMAND}, value=byte[]{length=17, hash=-1644578928}}}
22:47:39.488 [raft-server-2] TRACE i.a.protocols.raft.roles.LeaderRole - RaftServer{2}{role=LEADER} - Appended Indexed{index=54, entry=CommandEntry{term=1, timestamp=2018-06-07 10:47:39,488, session=2, sequence=48, operation=PrimitiveOperation{id=DefaultOperationId{id=write, type=COMMAND}, value=byte[]{length=17, hash=-1644578928}}}}
22:47:39.489 [raft-server-2] TRACE i.a.p.raft.roles.LeaderAppender - RaftServer{2} - Sending AppendRequest{term=1, leader=2, prevLogIndex=53, prevLogTerm=1, entries=1, commitIndex=53} to 3
22:47:39.489 [raft-server-3] TRACE i.a.p.raft.roles.FollowerRole - RaftServer{3}{role=FOLLOWER} - Received AppendRequest{term=1, leader=2, prevLogIndex=53, prevLogTerm=1, entries=1, commitIndex=53}
22:47:39.489 [raft-server-3] TRACE i.a.p.raft.roles.FollowerRole - RaftServer{3}{role=FOLLOWER} - Appended Indexed{index=54, entry=CommandEntry{term=1, timestamp=2018-06-07 10:47:39,488, session=2, sequence=48, operation=PrimitiveOperation{id=DefaultOperationId{id=write, type=COMMAND}, value=byte[]{length=17, hash=-1644578928}}}}
22:47:39.489 [raft-server-3] TRACE i.a.p.raft.roles.FollowerRole - RaftServer{3}{role=FOLLOWER} - Sending AppendResponse{status=OK, term=1, succeeded=true, lastLogIndex=54}
22:47:39.489 [raft-server-2] TRACE i.a.p.raft.roles.LeaderAppender - RaftServer{2} - Received AppendResponse{status=OK, term=1, succeeded=true, lastLogIndex=54} from 3
22:47:39.489 [raft-server-2] TRACE i.a.p.raft.roles.LeaderAppender - RaftServer{2} - Committed entries up to 54
22:47:39.569 [raft-server-1] TRACE i.a.p.raft.roles.FollowerRole - RaftServer{1}{role=FOLLOWER} - Committed entries up to index 53
22:47:39.569 [raft-server-1] TRACE i.a.p.raft.roles.FollowerRole - RaftServer{1}{role=FOLLOWER} - Sending AppendResponse{status=OK, term=1, succeeded=true, lastLogIndex=53}
22:47:39.569 [raft-server-1-state] TRACE i.a.p.raft.impl.RaftServiceManager - RaftServer{1} - Applying Indexed{index=53, entry=CommandEntry{term=1, timestamp=2018-06-07 10:47:39,399, session=2, sequence=47, operation=PrimitiveOperation{id=DefaultOperationId{id=write, type=COMMAND}, value=byte[]{length=17, hash=-1644578928}}}}
22:47:39.569 [raft-server-1-state] TRACE i.a.p.s.impl.DefaultServiceExecutor - PrimitiveService{2}{type=io.atomix.protocols.raft.RaftTest$TestPrimitiveType@43a95102, name=raft-test} - Executing DefaultCommit{index=53, session=RaftSession{RaftServiceContext{server=1, type=io.atomix.protocols.raft.RaftTest$TestPrimitiveType@43a95102, name=raft-test, id=2}, session=2, timestamp=2018-06-07 10:47:39,399}, time=2018-06-07 10:47:39,399, operation=DefaultOperationId{id=write, type=COMMAND}, value=byte[]{length=17, hash=-1644578928}}
22:47:39.608 [raft-server-2] TRACE i.a.p.raft.roles.LeaderAppender - RaftServer{2} - Received AppendResponse{status=OK, term=1, succeeded=true, lastLogIndex=53} from 1
22:47:39.608 [raft-server-2] TRACE i.a.p.raft.roles.LeaderAppender - RaftServer{2} - Sending AppendRequest{term=1, leader=2, prevLogIndex=53, prevLogTerm=1, entries=1, commitIndex=54} to 1
22:47:39.609 [raft-server-1] TRACE i.a.p.raft.roles.FollowerRole - RaftServer{1}{role=FOLLOWER} - Received AppendRequest{term=1, leader=2, prevLogIndex=53, prevLogTerm=1, entries=1, commitIndex=54}
22:47:39.609 [raft-server-2-state] TRACE i.a.p.raft.impl.RaftServiceManager - RaftServer{2} - Applying Indexed{index=54, entry=CommandEntry{term=1, timestamp=2018-06-07 10:47:39,488, session=2, sequence=48, operation=PrimitiveOperation{id=DefaultOperationId{id=write, type=COMMAND}, value=byte[]{length=17, hash=-1644578928}}}}
22:47:39.609 [raft-server-1] TRACE i.a.p.raft.roles.FollowerRole - RaftServer{1}{role=FOLLOWER} - Appended Indexed{index=54, entry=CommandEntry{term=1, timestamp=2018-06-07 10:47:39,488, session=2, sequence=48, operation=PrimitiveOperation{id=DefaultOperationId{id=write, type=COMMAND}, value=byte[]{length=17, hash=-1644578928}}}}
22:47:39.609 [raft-server-2-state] TRACE i.a.p.s.impl.DefaultServiceExecutor - PrimitiveService{2}{type=io.atomix.protocols.raft.RaftTest$TestPrimitiveType@581a9c39, name=raft-test} - Executing DefaultCommit{index=54, session=RaftSession{RaftServiceContext{server=2, type=io.atomix.protocols.raft.RaftTest$TestPrimitiveType@581a9c39, name=raft-test, id=2}, session=2, timestamp=2018-06-07 10:47:39,488}, time=2018-06-07 10:47:39,488, operation=DefaultOperationId{id=write, type=COMMAND}, value=byte[]{length=17, hash=-1644578928}}
22:47:39.609 [raft-server-2-state] TRACE i.a.protocols.raft.roles.LeaderRole - RaftServer{2}{role=LEADER} - Sending CommandResponse{status=OK, index=54, eventIndex=2, result=byte[]{length=2, hash=1348}}
22:47:39.609 [raft-server-3] TRACE i.a.p.raft.roles.FollowerRole - RaftServer{3}{role=FOLLOWER} - Sending CommandResponse{status=OK, index=54, eventIndex=2, result=byte[]{length=2, hash=1348}}
22:47:39.609 [raft-client-431b802d-5b1a-4d37-8231-45cdad27d9ba-4] TRACE i.a.p.r.p.impl.RaftProxyConnection - PartitionProxy{2}{type=io.atomix.protocols.raft.RaftTest$TestPrimitiveType@35bfa1bb, name=raft-test} - Received CommandResponse{status=OK, index=54, eventIndex=2, result=byte[]{length=2, hash=1348}} from 3
22:47:39.609 [raft-client-431b802d-5b1a-4d37-8231-45cdad27d9ba-4] TRACE i.a.p.r.p.impl.RaftProxySequencer - PartitionProxy{2}{type=io.atomix.protocols.raft.RaftTest$TestPrimitiveType@35bfa1bb, name=raft-test} - Completing response CommandResponse{status=OK, index=54, eventIndex=2, result=byte[]{length=2, hash=1348}}
22:47:39.610 [raft-client-431b802d-5b1a-4d37-8231-45cdad27d9ba-4] TRACE i.a.p.r.p.impl.RaftProxyConnection - PartitionProxy{2}{type=io.atomix.protocols.raft.RaftTest$TestPrimitiveType@35bfa1bb, name=raft-test} - Sending CommandRequest{session=2, sequence=49, operation=PrimitiveOperation{id=DefaultOperationId{id=write, type=COMMAND}, value=byte[]{length=17, hash=-1644578928}}} to 3
22:47:39.610 [raft-server-3] TRACE i.a.p.raft.roles.FollowerRole - RaftServer{3}{role=FOLLOWER} - Received CommandRequest{session=2, sequence=49, operation=PrimitiveOperation{id=DefaultOperationId{id=write, type=COMMAND}, value=byte[]{length=17, hash=-1644578928}}}
22:47:39.610 [raft-server-2] TRACE i.a.protocols.raft.roles.LeaderRole - RaftServer{2}{role=LEADER} - Received CommandRequest{session=2, sequence=49, operation=PrimitiveOperation{id=DefaultOperationId{id=write, type=COMMAND}, value=byte[]{length=17, hash=-1644578928}}}
22:47:39.610 [raft-server-2] TRACE i.a.protocols.raft.roles.LeaderRole - RaftServer{2}{role=LEADER} - Appended Indexed{index=55, entry=CommandEntry{term=1, timestamp=2018-06-07 10:47:39,610, session=2, sequence=49, operation=PrimitiveOperation{id=DefaultOperationId{id=write, type=COMMAND}, value=byte[]{length=17, hash=-1644578928}}}}
22:47:39.610 [raft-server-2] TRACE i.a.p.raft.roles.LeaderAppender - RaftServer{2} - Sending AppendRequest{term=1, leader=2, prevLogIndex=54, prevLogTerm=1, entries=1, commitIndex=54} to 3
22:47:39.610 [raft-server-3] TRACE i.a.p.raft.roles.FollowerRole - RaftServer{3}{role=FOLLOWER} - Received AppendRequest{term=1, leader=2, prevLogIndex=54, prevLogTerm=1, entries=1, commitIndex=54}
22:47:39.610 [raft-server-3] TRACE i.a.p.raft.roles.FollowerRole - RaftServer{3}{role=FOLLOWER} - Appended Indexed{index=55, entry=CommandEntry{term=1, timestamp=2018-06-07 10:47:39,610, session=2, sequence=49, operation=PrimitiveOperation{id=DefaultOperationId{id=write, type=COMMAND}, value=byte[]{length=17, hash=-1644578928}}}}
22:47:39.642 [raft-server-1] TRACE i.a.p.raft.roles.FollowerRole - RaftServer{1}{role=FOLLOWER} - Committed entries up to index 54
22:47:39.642 [raft-server-1] TRACE i.a.p.raft.roles.FollowerRole - RaftServer{1}{role=FOLLOWER} - Sending AppendResponse{status=OK, term=1, succeeded=true, lastLogIndex=54}
22:47:39.642 [raft-server-1-state] TRACE i.a.p.raft.impl.RaftServiceManager - RaftServer{1} - Applying Indexed{index=54, entry=CommandEntry{term=1, timestamp=2018-06-07 10:47:39,488, session=2, sequence=48, operation=PrimitiveOperation{id=DefaultOperationId{id=write, type=COMMAND}, value=byte[]{length=17, hash=-1644578928}}}}
22:47:39.642 [raft-server-1-state] TRACE i.a.p.s.impl.DefaultServiceExecutor - PrimitiveService{2}{type=io.atomix.protocols.raft.RaftTest$TestPrimitiveType@43a95102, name=raft-test} - Executing DefaultCommit{index=54, session=RaftSession{RaftServiceContext{server=1, type=io.atomix.protocols.raft.RaftTest$TestPrimitiveType@43a95102, name=raft-test, id=2}, session=2, timestamp=2018-06-07 10:47:39,488}, time=2018-06-07 10:47:39,488, operation=DefaultOperationId{id=write, type=COMMAND}, value=byte[]{length=17, hash=-1644578928}}
22:47:39.642 [raft-server-2] TRACE i.a.p.raft.roles.LeaderAppender - RaftServer{2} - Received AppendResponse{status=OK, term=1, succeeded=true, lastLogIndex=54} from 1
22:47:39.642 [raft-server-2] TRACE i.a.p.raft.roles.LeaderAppender - RaftServer{2} - Sending AppendRequest{term=1, leader=2, prevLogIndex=54, prevLogTerm=1, entries=1, commitIndex=54} to 1
22:47:39.642 [raft-server-1] TRACE i.a.p.raft.roles.FollowerRole - RaftServer{1}{role=FOLLOWER} - Received AppendRequest{term=1, leader=2, prevLogIndex=54, prevLogTerm=1, entries=1, commitIndex=54}
22:47:39.642 [raft-server-1] TRACE i.a.p.raft.roles.FollowerRole - RaftServer{1}{role=FOLLOWER} - Appended Indexed{index=55, entry=CommandEntry{term=1, timestamp=2018-06-07 10:47:39,610, session=2, sequence=49, operation=PrimitiveOperation{id=DefaultOperationId{id=write, type=COMMAND}, value=byte[]{length=17, hash=-1644578928}}}}
22:47:39.643 [raft-server-1] TRACE i.a.p.raft.roles.FollowerRole - RaftServer{1}{role=FOLLOWER} - Sending AppendResponse{status=OK, term=1, succeeded=true, lastLogIndex=55}
22:47:39.643 [raft-server-2] TRACE i.a.p.raft.roles.LeaderAppender - RaftServer{2} - Received AppendResponse{status=OK, term=1, succeeded=true, lastLogIndex=55} from 1
22:47:39.643 [raft-server-2] TRACE i.a.p.raft.roles.LeaderAppender - RaftServer{2} - Committed entries up to 55
22:47:39.670 [raft-server-3] TRACE i.a.p.raft.roles.FollowerRole - RaftServer{3}{role=FOLLOWER} - Committed entries up to index 54
22:47:39.670 [raft-server-3] TRACE i.a.p.raft.roles.FollowerRole - RaftServer{3}{role=FOLLOWER} - Sending AppendResponse{status=OK, term=1, succeeded=true, lastLogIndex=55}
22:47:39.670 [raft-server-3-state] TRACE i.a.p.raft.impl.RaftServiceManager - RaftServer{3} - Applying Indexed{index=54, entry=CommandEntry{term=1, timestamp=2018-06-07 10:47:39,488, session=2, sequence=48, operation=PrimitiveOperation{id=DefaultOperationId{id=write, type=COMMAND}, value=byte[]{length=17, hash=-1644578928}}}}
22:47:39.670 [raft-server-3-state] TRACE i.a.p.s.impl.DefaultServiceExecutor - PrimitiveService{2}{type=io.atomix.protocols.raft.RaftTest$TestPrimitiveType@19970ea6, name=raft-test} - Executing DefaultCommit{index=54, session=RaftSession{RaftServiceContext{server=3, type=io.atomix.protocols.raft.RaftTest$TestPrimitiveType@19970ea6, name=raft-test, id=2}, session=2, timestamp=2018-06-07 10:47:39,488}, time=2018-06-07 10:47:39,488, operation=DefaultOperationId{id=write, type=COMMAND}, value=byte[]{length=17, hash=-1644578928}}
22:47:39.689 [raft-server-2] TRACE i.a.p.raft.roles.LeaderAppender - RaftServer{2} - Received AppendResponse{status=OK, term=1, succeeded=true, lastLogIndex=55} from 3
22:47:39.689 [raft-server-2-state] TRACE i.a.p.raft.impl.RaftServiceManager - RaftServer{2} - Applying Indexed{index=55, entry=CommandEntry{term=1, timestamp=2018-06-07 10:47:39,610, session=2, sequence=49, operation=PrimitiveOperation{id=DefaultOperationId{id=write, type=COMMAND}, value=byte[]{length=17, hash=-1644578928}}}}
22:47:39.690 [raft-server-2-state] TRACE i.a.p.s.impl.DefaultServiceExecutor - PrimitiveService{2}{type=io.atomix.protocols.raft.RaftTest$TestPrimitiveType@581a9c39, name=raft-test} - Executing DefaultCommit{index=55, session=RaftSession{RaftServiceContext{server=2, type=io.atomix.protocols.raft.RaftTest$TestPrimitiveType@581a9c39, name=raft-test, id=2}, session=2, timestamp=2018-06-07 10:47:39,610}, time=2018-06-07 10:47:39,610, operation=DefaultOperationId{id=write, type=COMMAND}, value=byte[]{length=17, hash=-1644578928}}
22:47:39.690 [raft-server-2-state] TRACE i.a.protocols.raft.roles.LeaderRole - RaftServer{2}{role=LEADER} - Sending CommandResponse{status=OK, index=55, eventIndex=2, result=byte[]{length=2, hash=1350}}
22:47:39.690 [raft-server-3] TRACE i.a.p.raft.roles.FollowerRole - RaftServer{3}{role=FOLLOWER} - Sending CommandResponse{status=OK, index=55, eventIndex=2, result=byte[]{length=2, hash=1350}}
22:47:39.690 [raft-client-431b802d-5b1a-4d37-8231-45cdad27d9ba-2] TRACE i.a.p.r.p.impl.RaftProxyConnection - PartitionProxy{2}{type=io.atomix.protocols.raft.RaftTest$TestPrimitiveType@35bfa1bb, name=raft-test} - Received CommandResponse{status=OK, index=55, eventIndex=2, result=byte[]{length=2, hash=1350}} from 3
22:47:39.690 [raft-client-431b802d-5b1a-4d37-8231-45cdad27d9ba-2] TRACE i.a.p.r.p.impl.RaftProxySequencer - PartitionProxy{2}{type=io.atomix.protocols.raft.RaftTest$TestPrimitiveType@35bfa1bb, name=raft-test} - Completing response CommandResponse{status=OK, index=55, eventIndex=2, result=byte[]{length=2, hash=1350}}
22:47:39.690 [raft-client-431b802d-5b1a-4d37-8231-45cdad27d9ba-2] TRACE i.a.p.r.p.impl.RaftProxyConnection - PartitionProxy{2}{type=io.atomix.protocols.raft.RaftTest$TestPrimitiveType@35bfa1bb, name=raft-test} - Sending CommandRequest{session=2, sequence=50, operation=PrimitiveOperation{id=DefaultOperationId{id=write, type=COMMAND}, value=byte[]{length=17, hash=-1644578928}}} to 3
22:47:39.690 [raft-server-3] TRACE i.a.p.raft.roles.FollowerRole - RaftServer{3}{role=FOLLOWER} - Received CommandRequest{session=2, sequence=50, operation=PrimitiveOperation{id=DefaultOperationId{id=write, type=COMMAND}, value=byte[]{length=17, hash=-1644578928}}}
22:47:39.691 [raft-server-2] TRACE i.a.protocols.raft.roles.LeaderRole - RaftServer{2}{role=LEADER} - Received CommandRequest{session=2, sequence=50, operation=PrimitiveOperation{id=DefaultOperationId{id=write, type=COMMAND}, value=byte[]{length=17, hash=-1644578928}}}
22:47:39.691 [raft-server-2] TRACE i.a.protocols.raft.roles.LeaderRole - RaftServer{2}{role=LEADER} - Appended Indexed{index=56, entry=CommandEntry{term=1, timestamp=2018-06-07 10:47:39,691, session=2, sequence=50, operation=PrimitiveOperation{id=DefaultOperationId{id=write, type=COMMAND}, value=byte[]{length=17, hash=-1644578928}}}}
22:47:39.691 [raft-server-2] TRACE i.a.p.raft.roles.LeaderAppender - RaftServer{2} - Sending AppendRequest{term=1, leader=2, prevLogIndex=55, prevLogTerm=1, entries=1, commitIndex=55} to 1
22:47:39.691 [raft-server-1] TRACE i.a.p.raft.roles.FollowerRole - RaftServer{1}{role=FOLLOWER} - Received AppendRequest{term=1, leader=2, prevLogIndex=55, prevLogTerm=1, entries=1, commitIndex=55}
22:47:39.691 [raft-server-2] TRACE i.a.p.raft.roles.LeaderAppender - RaftServer{2} - Sending AppendRequest{term=1, leader=2, prevLogIndex=55, prevLogTerm=1, entries=1, commitIndex=55} to 3
22:47:39.691 [raft-server-3] TRACE i.a.p.raft.roles.FollowerRole - RaftServer{3}{role=FOLLOWER} - Received AppendRequest{term=1, leader=2, prevLogIndex=55, prevLogTerm=1, entries=1, commitIndex=55}
22:47:39.691 [raft-server-1] TRACE i.a.p.raft.roles.FollowerRole - RaftServer{1}{role=FOLLOWER} - Appended Indexed{index=56, entry=CommandEntry{term=1, timestamp=2018-06-07 10:47:39,691, session=2, sequence=50, operation=PrimitiveOperation{id=DefaultOperationId{id=write, type=COMMAND}, value=byte[]{length=17, hash=-1644578928}}}}
22:47:39.691 [raft-server-3] TRACE i.a.p.raft.roles.FollowerRole - RaftServer{3}{role=FOLLOWER} - Appended Indexed{index=56, entry=CommandEntry{term=1, timestamp=2018-06-07 10:47:39,691, session=2, sequence=50, operation=PrimitiveOperation{id=DefaultOperationId{id=write, type=COMMAND}, value=byte[]{length=17, hash=-1644578928}}}}
22:47:39.725 [raft-server-1] TRACE i.a.p.raft.roles.FollowerRole - RaftServer{1}{role=FOLLOWER} - Committed entries up to index 55
22:47:39.725 [raft-server-3] TRACE i.a.p.raft.roles.FollowerRole - RaftServer{3}{role=FOLLOWER} - Committed entries up to index 55
22:47:39.725 [raft-server-1] TRACE i.a.p.raft.roles.FollowerRole - RaftServer{1}{role=FOLLOWER} - Sending AppendResponse{status=OK, term=1, succeeded=true, lastLogIndex=56}
22:47:39.725 [raft-server-3] TRACE i.a.p.raft.roles.FollowerRole - RaftServer{3}{role=FOLLOWER} - Sending AppendResponse{status=OK, term=1, succeeded=true, lastLogIndex=56}
22:47:39.725 [raft-server-2] TRACE i.a.p.raft.roles.LeaderAppender - RaftServer{2} - Received AppendResponse{status=OK, term=1, succeeded=true, lastLogIndex=56} from 1
22:47:39.725 [raft-server-2] TRACE i.a.p.raft.roles.LeaderAppender - RaftServer{2} - Committed entries up to 56
22:47:39.725 [raft-server-3-state] TRACE i.a.p.raft.impl.RaftServiceManager - RaftServer{3} - Applying Indexed{index=55, entry=CommandEntry{term=1, timestamp=2018-06-07 10:47:39,610, session=2, sequence=49, operation=PrimitiveOperation{id=DefaultOperationId{id=write, type=COMMAND}, value=byte[]{length=17, hash=-1644578928}}}}
22:47:39.725 [raft-server-1-state] TRACE i.a.p.raft.impl.RaftServiceManager - RaftServer{1} - Applying Indexed{index=55, entry=CommandEntry{term=1, timestamp=2018-06-07 10:47:39,610, session=2, sequence=49, operation=PrimitiveOperation{id=DefaultOperationId{id=write, type=COMMAND}, value=byte[]{length=17, hash=-1644578928}}}}
22:47:39.725 [raft-server-3-state] TRACE i.a.p.s.impl.DefaultServiceExecutor - PrimitiveService{2}{type=io.atomix.protocols.raft.RaftTest$TestPrimitiveType@19970ea6, name=raft-test} - Executing DefaultCommit{index=55, session=RaftSession{RaftServiceContext{server=3, type=io.atomix.protocols.raft.RaftTest$TestPrimitiveType@19970ea6, name=raft-test, id=2}, session=2, timestamp=2018-06-07 10:47:39,610}, time=2018-06-07 10:47:39,610, operation=DefaultOperationId{id=write, type=COMMAND}, value=byte[]{length=17, hash=-1644578928}}
22:47:39.725 [raft-server-1-state] TRACE i.a.p.s.impl.DefaultServiceExecutor - PrimitiveService{2}{type=io.atomix.protocols.raft.RaftTest$TestPrimitiveType@43a95102, name=raft-test} - Executing DefaultCommit{index=55, session=RaftSession{RaftServiceContext{server=1, type=io.atomix.protocols.raft.RaftTest$TestPrimitiveType@43a95102, name=raft-test, id=2}, session=2, timestamp=2018-06-07 10:47:39,610}, time=2018-06-07 10:47:39,610, operation=DefaultOperationId{id=write, type=COMMAND}, value=byte[]{length=17, hash=-1644578928}}
22:47:39.814 [raft-server-2] TRACE i.a.p.raft.roles.LeaderAppender - RaftServer{2} - Received AppendResponse{status=OK, term=1, succeeded=true, lastLogIndex=56} from 3
22:47:39.814 [raft-server-2] TRACE i.a.p.raft.roles.LeaderAppender - RaftServer{2} - Sending AppendRequest{term=1, leader=2, prevLogIndex=56, prevLogTerm=1, entries=0, commitIndex=56} to 1
22:47:39.814 [raft-server-2] TRACE i.a.p.raft.roles.LeaderAppender - RaftServer{2} - Sending AppendRequest{term=1, leader=2, prevLogIndex=56, prevLogTerm=1, entries=0, commitIndex=56} to 3
22:47:39.815 [raft-server-1] TRACE i.a.p.raft.roles.FollowerRole - RaftServer{1}{role=FOLLOWER} - Received AppendRequest{term=1, leader=2, prevLogIndex=56, prevLogTerm=1, entries=0, commitIndex=56}
22:47:39.815 [raft-server-3] TRACE i.a.p.raft.roles.FollowerRole - RaftServer{3}{role=FOLLOWER} - Received AppendRequest{term=1, leader=2, prevLogIndex=56, prevLogTerm=1, entries=0, commitIndex=56}
22:47:39.815 [raft-server-1] TRACE i.a.p.raft.roles.FollowerRole - RaftServer{1}{role=FOLLOWER} - Committed entries up to index 56
22:47:39.815 [raft-server-3] TRACE i.a.p.raft.roles.FollowerRole - RaftServer{3}{role=FOLLOWER} - Committed entries up to index 56
22:47:39.815 [raft-server-2-state] TRACE i.a.p.raft.impl.RaftServiceManager - RaftServer{2} - Applying Indexed{index=56, entry=CommandEntry{term=1, timestamp=2018-06-07 10:47:39,691, session=2, sequence=50, operation=PrimitiveOperation{id=DefaultOperationId{id=write, type=COMMAND}, value=byte[]{length=17, hash=-1644578928}}}}
22:47:39.815 [raft-server-1] TRACE i.a.p.raft.roles.FollowerRole - RaftServer{1}{role=FOLLOWER} - Sending AppendResponse{status=OK, term=1, succeeded=true, lastLogIndex=56}
22:47:39.815 [raft-server-3] TRACE i.a.p.raft.roles.FollowerRole - RaftServer{3}{role=FOLLOWER} - Sending AppendResponse{status=OK, term=1, succeeded=true, lastLogIndex=56}
22:47:39.815 [raft-server-2-state] TRACE i.a.p.s.impl.DefaultServiceExecutor - PrimitiveService{2}{type=io.atomix.protocols.raft.RaftTest$TestPrimitiveType@581a9c39, name=raft-test} - Executing DefaultCommit{index=56, session=RaftSession{RaftServiceContext{server=2, type=io.atomix.protocols.raft.RaftTest$TestPrimitiveType@581a9c39, name=raft-test, id=2}, session=2, timestamp=2018-06-07 10:47:39,691}, time=2018-06-07 10:47:39,691, operation=DefaultOperationId{id=write, type=COMMAND}, value=byte[]{length=17, hash=-1644578928}}
22:47:39.815 [raft-server-2] TRACE i.a.p.raft.roles.LeaderAppender - RaftServer{2} - Received AppendResponse{status=OK, term=1, succeeded=true, lastLogIndex=56} from 1
22:47:39.815 [raft-server-1-state] TRACE i.a.p.raft.impl.RaftServiceManager - RaftServer{1} - Applying Indexed{index=56, entry=CommandEntry{term=1, timestamp=2018-06-07 10:47:39,691, session=2, sequence=50, operation=PrimitiveOperation{id=DefaultOperationId{id=write, type=COMMAND}, value=byte[]{length=17, hash=-1644578928}}}}
22:47:39.815 [raft-server-3-state] TRACE i.a.p.raft.impl.RaftServiceManager - RaftServer{3} - Applying Indexed{index=56, entry=CommandEntry{term=1, timestamp=2018-06-07 10:47:39,691, session=2, sequence=50, operation=PrimitiveOperation{id=DefaultOperationId{id=write, type=COMMAND}, value=byte[]{length=17, hash=-1644578928}}}}
22:47:39.815 [raft-server-2] TRACE i.a.p.raft.roles.LeaderAppender - RaftServer{2} - Sending AppendRequest{term=1, leader=2, prevLogIndex=56, prevLogTerm=1, entries=0, commitIndex=56} to 1
22:47:39.815 [raft-server-2-state] TRACE i.a.protocols.raft.roles.LeaderRole - RaftServer{2}{role=LEADER} - Sending CommandResponse{status=OK, index=56, eventIndex=2, result=byte[]{length=2, hash=1352}}
22:47:39.815 [raft-server-1-state] TRACE i.a.p.s.impl.DefaultServiceExecutor - PrimitiveService{2}{type=io.atomix.protocols.raft.RaftTest$TestPrimitiveType@43a95102, name=raft-test} - Executing DefaultCommit{index=56, session=RaftSession{RaftServiceContext{server=1, type=io.atomix.protocols.raft.RaftTest$TestPrimitiveType@43a95102, name=raft-test, id=2}, session=2, timestamp=2018-06-07 10:47:39,691}, time=2018-06-07 10:47:39,691, operation=DefaultOperationId{id=write, type=COMMAND}, value=byte[]{length=17, hash=-1644578928}}
22:47:39.815 [raft-server-3-state] TRACE i.a.p.s.impl.DefaultServiceExecutor - PrimitiveService{2}{type=io.atomix.protocols.raft.RaftTest$TestPrimitiveType@19970ea6, name=raft-test} - Executing DefaultCommit{index=56, session=RaftSession{RaftServiceContext{server=3, type=io.atomix.protocols.raft.RaftTest$TestPrimitiveType@19970ea6, name=raft-test, id=2}, session=2, timestamp=2018-06-07 10:47:39,691}, time=2018-06-07 10:47:39,691, operation=DefaultOperationId{id=write, type=COMMAND}, value=byte[]{length=17, hash=-1644578928}}
22:47:39.815 [raft-server-2] TRACE i.a.p.raft.roles.LeaderAppender - RaftServer{2} - Received AppendResponse{status=OK, term=1, succeeded=true, lastLogIndex=56} from 3
22:47:39.815 [raft-server-1] TRACE i.a.p.raft.roles.FollowerRole - RaftServer{1}{role=FOLLOWER} - Received AppendRequest{term=1, leader=2, prevLogIndex=56, prevLogTerm=1, entries=0, commitIndex=56}
22:47:39.815 [raft-server-3] TRACE i.a.p.raft.roles.FollowerRole - RaftServer{3}{role=FOLLOWER} - Sending CommandResponse{status=OK, index=56, eventIndex=2, result=byte[]{length=2, hash=1352}}
22:47:39.816 [raft-server-2] TRACE i.a.p.raft.roles.LeaderAppender - RaftServer{2} - Sending AppendRequest{term=1, leader=2, prevLogIndex=56, prevLogTerm=1, entries=0, commitIndex=56} to 3
22:47:39.816 [raft-server-1] TRACE i.a.p.raft.roles.FollowerRole - RaftServer{1}{role=FOLLOWER} - Sending AppendResponse{status=OK, term=1, succeeded=true, lastLogIndex=56}
22:47:39.816 [raft-client-431b802d-5b1a-4d37-8231-45cdad27d9ba-1] TRACE i.a.p.r.p.impl.RaftProxyConnection - PartitionProxy{2}{type=io.atomix.protocols.raft.RaftTest$TestPrimitiveType@35bfa1bb, name=raft-test} - Received CommandResponse{status=OK, index=56, eventIndex=2, result=byte[]{length=2, hash=1352}} from 3
22:47:39.816 [raft-server-3] TRACE i.a.p.raft.roles.FollowerRole - RaftServer{3}{role=FOLLOWER} - Received AppendRequest{term=1, leader=2, prevLogIndex=56, prevLogTerm=1, entries=0, commitIndex=56}
22:47:39.816 [raft-server-2] TRACE i.a.p.raft.roles.LeaderAppender - RaftServer{2} - Received AppendResponse{status=OK, term=1, succeeded=true, lastLogIndex=56} from 1
22:47:39.816 [raft-client-431b802d-5b1a-4d37-8231-45cdad27d9ba-1] TRACE i.a.p.r.p.impl.RaftProxySequencer - PartitionProxy{2}{type=io.atomix.protocols.raft.RaftTest$TestPrimitiveType@35bfa1bb, name=raft-test} - Completing response CommandResponse{status=OK, index=56, eventIndex=2, result=byte[]{length=2, hash=1352}}
22:47:39.816 [raft-server-3] TRACE i.a.p.raft.roles.FollowerRole - RaftServer{3}{role=FOLLOWER} - Sending AppendResponse{status=OK, term=1, succeeded=true, lastLogIndex=56}
22:47:39.816 [raft-server-2] TRACE i.a.p.raft.roles.LeaderAppender - RaftServer{2} - Received AppendResponse{status=OK, term=1, succeeded=true, lastLogIndex=56} from 3
22:47:39.816 [raft-client-431b802d-5b1a-4d37-8231-45cdad27d9ba-0] TRACE i.a.p.r.p.impl.RaftProxyConnection - PartitionProxy{2}{type=io.atomix.protocols.raft.RaftTest$TestPrimitiveType@35bfa1bb, name=raft-test} - Sending CommandRequest{session=2, sequence=51, operation=PrimitiveOperation{id=DefaultOperationId{id=write, type=COMMAND}, value=byte[]{length=17, hash=-1644578928}}} to 3
22:47:39.816 [raft-server-3] TRACE i.a.p.raft.roles.FollowerRole - RaftServer{3}{role=FOLLOWER} - Received CommandRequest{session=2, sequence=51, operation=PrimitiveOperation{id=DefaultOperationId{id=write, type=COMMAND}, value=byte[]{length=17, hash=-1644578928}}}
22:47:39.816 [raft-server-2] TRACE i.a.protocols.raft.roles.LeaderRole - RaftServer{2}{role=LEADER} - Received CommandRequest{session=2, sequence=51, operation=PrimitiveOperation{id=DefaultOperationId{id=write, type=COMMAND}, value=byte[]{length=17, hash=-1644578928}}}
22:47:39.817 [raft-server-2] TRACE i.a.protocols.raft.roles.LeaderRole - RaftServer{2}{role=LEADER} - Appended Indexed{index=57, entry=CommandEntry{term=1, timestamp=2018-06-07 10:47:39,816, session=2, sequence=51, operation=PrimitiveOperation{id=DefaultOperationId{id=write, type=COMMAND}, value=byte[]{length=17, hash=-1644578928}}}}
22:47:39.817 [raft-server-2] TRACE i.a.p.raft.roles.LeaderAppender - RaftServer{2} - Sending AppendRequest{term=1, leader=2, prevLogIndex=56, prevLogTerm=1, entries=1, commitIndex=56} to 1
22:47:39.817 [raft-server-1] TRACE i.a.p.raft.roles.FollowerRole - RaftServer{1}{role=FOLLOWER} - Received AppendRequest{term=1, leader=2, prevLogIndex=56, prevLogTerm=1, entries=1, commitIndex=56}
22:47:39.817 [raft-server-2] TRACE i.a.p.raft.roles.LeaderAppender - RaftServer{2} - Sending AppendRequest{term=1, leader=2, prevLogIndex=56, prevLogTerm=1, entries=1, commitIndex=56} to 3
22:47:39.817 [raft-server-3] TRACE i.a.p.raft.roles.FollowerRole - RaftServer{3}{role=FOLLOWER} - Received AppendRequest{term=1, leader=2, prevLogIndex=56, prevLogTerm=1, entries=1, commitIndex=56}
22:47:39.817 [raft-server-1] TRACE i.a.p.raft.roles.FollowerRole - RaftServer{1}{role=FOLLOWER} - Appended Indexed{index=57, entry=CommandEntry{term=1, timestamp=2018-06-07 10:47:39,816, session=2, sequence=51, operation=PrimitiveOperation{id=DefaultOperationId{id=write, type=COMMAND}, value=byte[]{length=17, hash=-1644578928}}}}
22:47:39.817 [raft-server-1] TRACE i.a.p.raft.roles.FollowerRole - RaftServer{1}{role=FOLLOWER} - Sending AppendResponse{status=OK, term=1, succeeded=true, lastLogIndex=57}
22:47:39.817 [raft-server-3] TRACE i.a.p.raft.roles.FollowerRole - RaftServer{3}{role=FOLLOWER} - Appended Indexed{index=57, entry=CommandEntry{term=1, timestamp=2018-06-07 10:47:39,816, session=2, sequence=51, operation=PrimitiveOperation{id=DefaultOperationId{id=write, type=COMMAND}, value=byte[]{length=17, hash=-1644578928}}}}
22:47:39.817 [raft-server-2] TRACE i.a.p.raft.roles.LeaderAppender - RaftServer{2} - Received AppendResponse{status=OK, term=1, succeeded=true, lastLogIndex=57} from 1
22:47:39.817 [raft-server-3] TRACE i.a.p.raft.roles.FollowerRole - RaftServer{3}{role=FOLLOWER} - Sending AppendResponse{status=OK, term=1, succeeded=true, lastLogIndex=57}
22:47:39.817 [raft-server-2] TRACE i.a.p.raft.roles.LeaderAppender - RaftServer{2} - Committed entries up to 57
22:47:39.897 [raft-server-2] TRACE i.a.p.raft.roles.LeaderAppender - RaftServer{2} - Received AppendResponse{status=OK, term=1, succeeded=true, lastLogIndex=57} from 3
22:47:39.898 [raft-server-2-state] TRACE i.a.p.raft.impl.RaftServiceManager - RaftServer{2} - Applying Indexed{index=57, entry=CommandEntry{term=1, timestamp=2018-06-07 10:47:39,816, session=2, sequence=51, operation=PrimitiveOperation{id=DefaultOperationId{id=write, type=COMMAND}, value=byte[]{length=17, hash=-1644578928}}}}
22:47:39.898 [raft-server-2-state] TRACE i.a.p.s.impl.DefaultServiceExecutor - PrimitiveService{2}{type=io.atomix.protocols.raft.RaftTest$TestPrimitiveType@581a9c39, name=raft-test} - Executing DefaultCommit{index=57, session=RaftSession{RaftServiceContext{server=2, type=io.atomix.protocols.raft.RaftTest$TestPrimitiveType@581a9c39, name=raft-test, id=2}, session=2, timestamp=2018-06-07 10:47:39,816}, time=2018-06-07 10:47:39,816, operation=DefaultOperationId{id=write, type=COMMAND}, value=byte[]{length=17, hash=-1644578928}}
22:47:39.898 [raft-server-2-state] TRACE i.a.protocols.raft.roles.LeaderRole - RaftServer{2}{role=LEADER} - Sending CommandResponse{status=OK, index=57, eventIndex=2, result=byte[]{length=2, hash=1354}}
22:47:39.898 [raft-server-3] TRACE i.a.p.raft.roles.FollowerRole - RaftServer{3}{role=FOLLOWER} - Sending CommandResponse{status=OK, index=57, eventIndex=2, result=byte[]{length=2, hash=1354}}
22:47:39.898 [raft-client-431b802d-5b1a-4d37-8231-45cdad27d9ba-5] TRACE i.a.p.r.p.impl.RaftProxyConnection - PartitionProxy{2}{type=io.atomix.protocols.raft.RaftTest$TestPrimitiveType@35bfa1bb, name=raft-test} - Received CommandResponse{status=OK, index=57, eventIndex=2, result=byte[]{length=2, hash=1354}} from 3
22:47:39.898 [raft-client-431b802d-5b1a-4d37-8231-45cdad27d9ba-5] TRACE i.a.p.r.p.impl.RaftProxySequencer - PartitionProxy{2}{type=io.atomix.protocols.raft.RaftTest$TestPrimitiveType@35bfa1bb, name=raft-test} - Completing response CommandResponse{status=OK, index=57, eventIndex=2, result=byte[]{length=2, hash=1354}}
22:47:39.898 [raft-client-431b802d-5b1a-4d37-8231-45cdad27d9ba-5] TRACE i.a.p.r.p.impl.RaftProxyConnection - PartitionProxy{2}{type=io.atomix.protocols.raft.RaftTest$TestPrimitiveType@35bfa1bb, name=raft-test} - Sending CommandRequest{session=2, sequence=52, operation=PrimitiveOperation{id=DefaultOperationId{id=write, type=COMMAND}, value=byte[]{length=17, hash=-1644578928}}} to 3
22:47:39.898 [raft-server-3] TRACE i.a.p.raft.roles.FollowerRole - RaftServer{3}{role=FOLLOWER} - Received CommandRequest{session=2, sequence=52, operation=PrimitiveOperation{id=DefaultOperationId{id=write, type=COMMAND}, value=byte[]{length=17, hash=-1644578928}}}
22:47:39.899 [raft-server-2] TRACE i.a.protocols.raft.roles.LeaderRole - RaftServer{2}{role=LEADER} - Received CommandRequest{session=2, sequence=52, operation=PrimitiveOperation{id=DefaultOperationId{id=write, type=COMMAND}, value=byte[]{length=17, hash=-1644578928}}}
22:47:39.899 [raft-server-2] TRACE i.a.protocols.raft.roles.LeaderRole - RaftServer{2}{role=LEADER} - Appended Indexed{index=58, entry=CommandEntry{term=1, timestamp=2018-06-07 10:47:39,899, session=2, sequence=52, operation=PrimitiveOperation{id=DefaultOperationId{id=write, type=COMMAND}, value=byte[]{length=17, hash=-1644578928}}}}
22:47:39.899 [raft-server-2] TRACE i.a.p.raft.roles.LeaderAppender - RaftServer{2} - Sending AppendRequest{term=1, leader=2, prevLogIndex=57, prevLogTerm=1, entries=1, commitIndex=57} to 1
22:47:39.899 [raft-server-1] TRACE i.a.p.raft.roles.FollowerRole - RaftServer{1}{role=FOLLOWER} - Received AppendRequest{term=1, leader=2, prevLogIndex=57, prevLogTerm=1, entries=1, commitIndex=57}
22:47:39.899 [raft-server-2] TRACE i.a.p.raft.roles.LeaderAppender - RaftServer{2} - Sending AppendRequest{term=1, leader=2, prevLogIndex=57, prevLogTerm=1, entries=1, commitIndex=57} to 3
22:47:39.899 [raft-server-3] TRACE i.a.p.raft.roles.FollowerRole - RaftServer{3}{role=FOLLOWER} - Received AppendRequest{term=1, leader=2, prevLogIndex=57, prevLogTerm=1, entries=1, commitIndex=57}
22:47:39.899 [raft-server-1] TRACE i.a.p.raft.roles.FollowerRole - RaftServer{1}{role=FOLLOWER} - Appended Indexed{index=58, entry=CommandEntry{term=1, timestamp=2018-06-07 10:47:39,899, session=2, sequence=52, operation=PrimitiveOperation{id=DefaultOperationId{id=write, type=COMMAND}, value=byte[]{length=17, hash=-1644578928}}}}
22:47:39.899 [raft-server-3] TRACE i.a.p.raft.roles.FollowerRole - RaftServer{3}{role=FOLLOWER} - Appended Indexed{index=58, entry=CommandEntry{term=1, timestamp=2018-06-07 10:47:39,899, session=2, sequence=52, operation=PrimitiveOperation{id=DefaultOperationId{id=write, type=COMMAND}, value=byte[]{length=17, hash=-1644578928}}}}
22:47:40.000 [raft-server-1] TRACE i.a.p.raft.roles.FollowerRole - RaftServer{1}{role=FOLLOWER} - Committed entries up to index 57
22:47:40.000 [raft-server-3] TRACE i.a.p.raft.roles.FollowerRole - RaftServer{3}{role=FOLLOWER} - Committed entries up to index 57
22:47:40.000 [raft-server-1] TRACE i.a.p.raft.roles.FollowerRole - RaftServer{1}{role=FOLLOWER} - Sending AppendResponse{status=OK, term=1, succeeded=true, lastLogIndex=58}
22:47:40.000 [raft-server-3] TRACE i.a.p.raft.roles.FollowerRole - RaftServer{3}{role=FOLLOWER} - Sending AppendResponse{status=OK, term=1, succeeded=true, lastLogIndex=58}
22:47:40.000 [raft-server-2] TRACE i.a.p.raft.roles.LeaderAppender - RaftServer{2} - Received AppendResponse{status=OK, term=1, succeeded=true, lastLogIndex=58} from 1
22:47:40.000 [raft-server-2] TRACE i.a.p.raft.roles.LeaderAppender - RaftServer{2} - Committed entries up to 58
22:47:40.000 [raft-server-3-state] TRACE i.a.p.raft.impl.RaftServiceManager - RaftServer{3} - Applying Indexed{index=57, entry=CommandEntry{term=1, timestamp=2018-06-07 10:47:39,816, session=2, sequence=51, operation=PrimitiveOperation{id=DefaultOperationId{id=write, type=COMMAND}, value=byte[]{length=17, hash=-1644578928}}}}
22:47:40.000 [raft-server-1-state] TRACE i.a.p.raft.impl.RaftServiceManager - RaftServer{1} - Applying Indexed{index=57, entry=CommandEntry{term=1, timestamp=2018-06-07 10:47:39,816, session=2, sequence=51, operation=PrimitiveOperation{id=DefaultOperationId{id=write, type=COMMAND}, value=byte[]{length=17, hash=-1644578928}}}}
22:47:40.000 [raft-server-3-state] TRACE i.a.p.s.impl.DefaultServiceExecutor - PrimitiveService{2}{type=io.atomix.protocols.raft.RaftTest$TestPrimitiveType@19970ea6, name=raft-test} - Executing DefaultCommit{index=57, session=RaftSession{RaftServiceContext{server=3, type=io.atomix.protocols.raft.RaftTest$TestPrimitiveType@19970ea6, name=raft-test, id=2}, session=2, timestamp=2018-06-07 10:47:39,816}, time=2018-06-07 10:47:39,816, operation=DefaultOperationId{id=write, type=COMMAND}, value=byte[]{length=17, hash=-1644578928}}
22:47:40.000 [raft-server-1-state] TRACE i.a.p.s.impl.DefaultServiceExecutor - PrimitiveService{2}{type=io.atomix.protocols.raft.RaftTest$TestPrimitiveType@43a95102, name=raft-test} - Executing DefaultCommit{index=57, session=RaftSession{RaftServiceContext{server=1, type=io.atomix.protocols.raft.RaftTest$TestPrimitiveType@43a95102, name=raft-test, id=2}, session=2, timestamp=2018-06-07 10:47:39,816}, time=2018-06-07 10:47:39,816, operation=DefaultOperationId{id=write, type=COMMAND}, value=byte[]{length=17, hash=-1644578928}}
22:47:40.067 [raft-server-2] TRACE i.a.p.raft.roles.LeaderAppender - RaftServer{2} - Sending AppendRequest{term=1, leader=2, prevLogIndex=58, prevLogTerm=1, entries=0, commitIndex=58} to 1
22:47:40.067 [raft-server-2] TRACE i.a.p.raft.roles.LeaderAppender - RaftServer{2} - Received AppendResponse{status=OK, term=1, succeeded=true, lastLogIndex=58} from 3
22:47:40.067 [raft-server-1] TRACE i.a.p.raft.roles.FollowerRole - RaftServer{1}{role=FOLLOWER} - Received AppendRequest{term=1, leader=2, prevLogIndex=58, prevLogTerm=1, entries=0, commitIndex=58}
22:47:40.067 [raft-server-2] TRACE i.a.p.raft.roles.LeaderAppender - RaftServer{2} - Sending AppendRequest{term=1, leader=2, prevLogIndex=58, prevLogTerm=1, entries=0, commitIndex=58} to 3
22:47:40.067 [raft-server-3] TRACE i.a.p.raft.roles.FollowerRole - RaftServer{3}{role=FOLLOWER} - Received AppendRequest{term=1, leader=2, prevLogIndex=58, prevLogTerm=1, entries=0, commitIndex=58}
22:47:40.067 [raft-server-3] TRACE i.a.p.raft.roles.FollowerRole - RaftServer{3}{role=FOLLOWER} - Committed entries up to index 58
22:47:40.067 [raft-server-3] TRACE i.a.p.raft.roles.FollowerRole - RaftServer{3}{role=FOLLOWER} - Sending AppendResponse{status=OK, term=1, succeeded=true, lastLogIndex=58}
22:47:40.067 [raft-server-2-state] TRACE i.a.p.raft.impl.RaftServiceManager - RaftServer{2} - Applying Indexed{index=58, entry=CommandEntry{term=1, timestamp=2018-06-07 10:47:39,899, session=2, sequence=52, operation=PrimitiveOperation{id=DefaultOperationId{id=write, type=COMMAND}, value=byte[]{length=17, hash=-1644578928}}}}
22:47:40.068 [raft-server-2] TRACE i.a.p.raft.roles.LeaderAppender - RaftServer{2} - Received AppendResponse{status=OK, term=1, succeeded=true, lastLogIndex=58} from 3
22:47:40.068 [raft-server-3-state] TRACE i.a.p.raft.impl.RaftServiceManager - RaftServer{3} - Applying Indexed{index=58, entry=CommandEntry{term=1, timestamp=2018-06-07 10:47:39,899, session=2, sequence=52, operation=PrimitiveOperation{id=DefaultOperationId{id=write, type=COMMAND}, value=byte[]{length=17, hash=-1644578928}}}}
22:47:40.068 [raft-server-2-state] TRACE i.a.p.s.impl.DefaultServiceExecutor - PrimitiveService{2}{type=io.atomix.protocols.raft.RaftTest$TestPrimitiveType@581a9c39, name=raft-test} - Executing DefaultCommit{index=58, session=RaftSession{RaftServiceContext{server=2, type=io.atomix.protocols.raft.RaftTest$TestPrimitiveType@581a9c39, name=raft-test, id=2}, session=2, timestamp=2018-06-07 10:47:39,899}, time=2018-06-07 10:47:39,899, operation=DefaultOperationId{id=write, type=COMMAND}, value=byte[]{length=17, hash=-1644578928}}
22:47:40.068 [raft-server-3-state] TRACE i.a.p.s.impl.DefaultServiceExecutor - PrimitiveService{2}{type=io.atomix.protocols.raft.RaftTest$TestPrimitiveType@19970ea6, name=raft-test} - Executing DefaultCommit{index=58, session=RaftSession{RaftServiceContext{server=3, type=io.atomix.protocols.raft.RaftTest$TestPrimitiveType@19970ea6, name=raft-test, id=2}, session=2, timestamp=2018-06-07 10:47:39,899}, time=2018-06-07 10:47:39,899, operation=DefaultOperationId{id=write, type=COMMAND}, value=byte[]{length=17, hash=-1644578928}}
22:47:40.068 [raft-server-2-state] TRACE i.a.protocols.raft.roles.LeaderRole - RaftServer{2}{role=LEADER} - Sending CommandResponse{status=OK, index=58, eventIndex=2, result=byte[]{length=2, hash=1356}}
22:47:40.068 [raft-server-3] TRACE i.a.p.raft.roles.FollowerRole - RaftServer{3}{role=FOLLOWER} - Sending CommandResponse{status=OK, index=58, eventIndex=2, result=byte[]{length=2, hash=1356}}
22:47:40.068 [raft-client-431b802d-5b1a-4d37-8231-45cdad27d9ba-6] TRACE i.a.p.r.p.impl.RaftProxyConnection - PartitionProxy{2}{type=io.atomix.protocols.raft.RaftTest$TestPrimitiveType@35bfa1bb, name=raft-test} - Received CommandResponse{status=OK, index=58, eventIndex=2, result=byte[]{length=2, hash=1356}} from 3
22:47:40.068 [raft-client-431b802d-5b1a-4d37-8231-45cdad27d9ba-6] TRACE i.a.p.r.p.impl.RaftProxySequencer - PartitionProxy{2}{type=io.atomix.protocols.raft.RaftTest$TestPrimitiveType@35bfa1bb, name=raft-test} - Completing response CommandResponse{status=OK, index=58, eventIndex=2, result=byte[]{length=2, hash=1356}}
22:47:40.069 [raft-client-431b802d-5b1a-4d37-8231-45cdad27d9ba-7] TRACE i.a.p.r.p.impl.RaftProxyConnection - PartitionProxy{2}{type=io.atomix.protocols.raft.RaftTest$TestPrimitiveType@35bfa1bb, name=raft-test} - Sending CommandRequest{session=2, sequence=53, operation=PrimitiveOperation{id=DefaultOperationId{id=write, type=COMMAND}, value=byte[]{length=17, hash=-1644578928}}} to 3
22:47:40.069 [raft-server-3] TRACE i.a.p.raft.roles.FollowerRole - RaftServer{3}{role=FOLLOWER} - Received CommandRequest{session=2, sequence=53, operation=PrimitiveOperation{id=DefaultOperationId{id=write, type=COMMAND}, value=byte[]{length=17, hash=-1644578928}}}
22:47:40.069 [raft-server-2] TRACE i.a.protocols.raft.roles.LeaderRole - RaftServer{2}{role=LEADER} - Received CommandRequest{session=2, sequence=53, operation=PrimitiveOperation{id=DefaultOperationId{id=write, type=COMMAND}, value=byte[]{length=17, hash=-1644578928}}}
22:47:40.069 [raft-server-2] TRACE i.a.protocols.raft.roles.LeaderRole - RaftServer{2}{role=LEADER} - Appended Indexed{index=59, entry=CommandEntry{term=1, timestamp=2018-06-07 10:47:40,069, session=2, sequence=53, operation=PrimitiveOperation{id=DefaultOperationId{id=write, type=COMMAND}, value=byte[]{length=17, hash=-1644578928}}}}
22:47:40.069 [raft-server-2] TRACE i.a.p.raft.roles.LeaderAppender - RaftServer{2} - Sending AppendRequest{term=1, leader=2, prevLogIndex=58, prevLogTerm=1, entries=1, commitIndex=58} to 3
22:47:40.069 [raft-server-3] TRACE i.a.p.raft.roles.FollowerRole - RaftServer{3}{role=FOLLOWER} - Received AppendRequest{term=1, leader=2, prevLogIndex=58, prevLogTerm=1, entries=1, commitIndex=58}
22:47:40.069 [raft-server-3] TRACE i.a.p.raft.roles.FollowerRole - RaftServer{3}{role=FOLLOWER} - Appended Indexed{index=59, entry=CommandEntry{term=1, timestamp=2018-06-07 10:47:40,069, session=2, sequence=53, operation=PrimitiveOperation{id=DefaultOperationId{id=write, type=COMMAND}, value=byte[]{length=17, hash=-1644578928}}}}
22:47:40.070 [raft-server-3] TRACE i.a.p.raft.roles.FollowerRole - RaftServer{3}{role=FOLLOWER} - Sending AppendResponse{status=OK, term=1, succeeded=true, lastLogIndex=59}
22:47:40.070 [raft-server-2] TRACE i.a.p.raft.roles.LeaderAppender - RaftServer{2} - Received AppendResponse{status=OK, term=1, succeeded=true, lastLogIndex=59} from 3
22:47:40.070 [raft-server-2] TRACE i.a.p.raft.roles.LeaderAppender - RaftServer{2} - Committed entries up to 59
22:47:40.128 [raft-server-1] TRACE i.a.p.raft.roles.FollowerRole - RaftServer{1}{role=FOLLOWER} - Committed entries up to index 58
22:47:40.128 [raft-server-1] TRACE i.a.p.raft.roles.FollowerRole - RaftServer{1}{role=FOLLOWER} - Sending AppendResponse{status=OK, term=1, succeeded=true, lastLogIndex=58}
22:47:40.128 [raft-server-1] DEBUG i.a.p.raft.impl.RaftServiceManager - RaftServer{1} - Snapshotting services
22:47:40.128 [raft-server-1-state] DEBUG i.a.p.r.s.snapshot.SnapshotStore - Created memory snapshot: MemorySnapshot{index=57}
22:47:40.129 [raft-server-1-state] TRACE i.a.utils.serializer.KryoNamespace - Creating Kryo instance for KryoNamespace{registeredBlocks=[RegistrationBlock{begin=16, types=[([Ljava.lang.Class;@6b321262,null), ([Ljava.lang.Class;@68b11545,null), ([Ljava.lang.Class;@7d0100ea,null), ([Ljava.lang.Class;@357bc488,null), ([Ljava.lang.Class;@4ea17147,io.atomix.utils.serializer.serializers.ImmutableListSerializer@2eda4eeb), ([Ljava.lang.Class;@5ba90d8a,io.atomix.utils.serializer.serializers.ImmutableSetSerializer@309dcdf3), ([Ljava.lang.Class;@7573b9ee,io.atomix.utils.serializer.serializers.ImmutableMapSerializer@9a20cbd), ([Ljava.lang.Class;@1af4955e,null), ([Ljava.lang.Class;@445821a6,null), ([Ljava.lang.Class;@2c0c4c0a,null), ([Ljava.lang.Class;@35d26ad2,null), ([Ljava.lang.Class;@bb25753,null), ([Ljava.lang.Class;@ee21292,null), ([Ljava.lang.Class;@40c06358,null), ([Ljava.lang.Class;@66e21568,null), ([Ljava.lang.Class;@7f73ce28,null), ([Ljava.lang.Class;@611b35d6,null), ([Ljava.lang.Class;@2282400e,null), ([Ljava.lang.Class;@543d5863,null), ([Ljava.lang.Class;@35dece42,null), ([Ljava.lang.Class;@dd3f8aa,io.atomix.utils.serializer.serializers.ArraysAsListSerializer@3d615b2e), ([Ljava.lang.Class;@3a1f2a1,null), ([Ljava.lang.Class;@40ce9049,null), ([Ljava.lang.Class;@52ca2652,null), ([Ljava.lang.Class;@65c5bf0e,null), ([Ljava.lang.Class;@697d6ded,null), ([Ljava.lang.Class;@5d05f453,null), ([Ljava.lang.Class;@5efeb117,null), ([Ljava.lang.Class;@160b4809,null), ([Ljava.lang.Class;@149b4d20,null), ([Ljava.lang.Class;@664e848c,null), ([Ljava.lang.Class;@4d93f75b,null), ([Ljava.lang.Class;@114a5e0,null), ([Ljava.lang.Class;@4f281aaf,null), ([Ljava.lang.Class;@5d508d22,null), ([Ljava.lang.Class;@f2b90fc,null)]}, RegistrationBlock{begin=52, types=[([Ljava.lang.Class;@2aaedb5b,null)]}]}
22:47:40.129 [raft-server-1-state] TRACE i.a.utils.serializer.KryoNamespace - class [B registered as 16
22:47:40.129 [raft-server-1-state] TRACE i.a.utils.serializer.KryoNamespace - class java.util.concurrent.atomic.AtomicBoolean registered as 17
22:47:40.129 [raft-server-1-state] TRACE i.a.utils.serializer.KryoNamespace - class java.util.concurrent.atomic.AtomicInteger registered as 18
22:47:40.129 [raft-server-1-state] TRACE i.a.utils.serializer.KryoNamespace - class java.util.concurrent.atomic.AtomicLong registered as 19
22:47:40.129 [raft-server-1-state] TRACE i.a.utils.serializer.KryoNamespace - class com.google.common.collect.ImmutableList registered as 20
22:47:40.129 [raft-server-1-state] TRACE i.a.utils.serializer.KryoNamespace - class com.google.common.collect.RegularImmutableList registered as 20
22:47:40.129 [raft-server-1-state] TRACE i.a.utils.serializer.KryoNamespace - class com.google.common.collect.RegularImmutableList registered as 20
22:47:40.129 [raft-server-1-state] TRACE i.a.utils.serializer.KryoNamespace - class com.google.common.collect.ImmutableList$SubList registered as 20
22:47:40.129 [raft-server-1-state] TRACE i.a.utils.serializer.KryoNamespace - class com.google.common.collect.ImmutableSet registered as 21
22:47:40.129 [raft-server-1-state] TRACE i.a.utils.serializer.KryoNamespace - class com.google.common.collect.RegularImmutableSet registered as 21
22:47:40.129 [raft-server-1-state] TRACE i.a.utils.serializer.KryoNamespace - class com.google.common.collect.SingletonImmutableSet registered as 21
22:47:40.129 [raft-server-1-state] TRACE i.a.utils.serializer.KryoNamespace - class com.google.common.collect.RegularImmutableSet registered as 21
22:47:40.129 [raft-server-1-state] TRACE i.a.utils.serializer.KryoNamespace - class com.google.common.collect.ImmutableMap registered as 22
22:47:40.129 [raft-server-1-state] TRACE i.a.utils.serializer.KryoNamespace - class com.google.common.collect.RegularImmutableMap registered as 22
22:47:40.129 [raft-server-1-state] TRACE i.a.utils.serializer.KryoNamespace - class com.google.common.collect.RegularImmutableMap registered as 22
22:47:40.129 [raft-server-1-state] TRACE i.a.utils.serializer.KryoNamespace - class com.google.common.collect.RegularImmutableMap registered as 22
22:47:40.129 [raft-server-1-state] TRACE i.a.utils.serializer.KryoNamespace - class java.util.Collections$UnmodifiableSet registered as 23
22:47:40.130 [raft-server-1-state] TRACE i.a.utils.serializer.KryoNamespace - class java.util.HashMap registered as 24
22:47:40.130 [raft-server-1-state] TRACE i.a.utils.serializer.KryoNamespace - class java.util.concurrent.ConcurrentHashMap registered as 25
22:47:40.130 [raft-server-1-state] TRACE i.a.utils.serializer.KryoNamespace - class java.util.concurrent.CopyOnWriteArraySet registered as 26
22:47:40.130 [raft-server-1-state] TRACE i.a.utils.serializer.KryoNamespace - class java.util.ArrayList registered as 27
22:47:40.130 [raft-server-1-state] TRACE i.a.utils.serializer.KryoNamespace - class java.util.LinkedList registered as 28
22:47:40.130 [raft-server-1-state] TRACE i.a.utils.serializer.KryoNamespace - class java.util.HashSet registered as 29
22:47:40.130 [raft-server-1-state] TRACE i.a.utils.serializer.KryoNamespace - class java.util.LinkedHashSet registered as 30
22:47:40.130 [raft-server-1-state] TRACE i.a.utils.serializer.KryoNamespace - class com.sun.jmx.remote.internal.ArrayQueue registered as 31
22:47:40.130 [raft-server-1-state] TRACE i.a.utils.serializer.KryoNamespace - class java.util.ArrayDeque registered as 32
22:47:40.130 [raft-server-1-state] TRACE i.a.utils.serializer.KryoNamespace - class com.google.common.collect.HashMultiset registered as 33
22:47:40.130 [raft-server-1-state] TRACE i.a.utils.serializer.KryoNamespace - class com.google.common.collect.Sets registered as 34
22:47:40.130 [raft-server-1-state] TRACE i.a.utils.serializer.KryoNamespace - class com.google.common.collect.ImmutableEntry registered as 35
22:47:40.130 [raft-server-1-state] TRACE i.a.utils.serializer.KryoNamespace - class java.util.Arrays$ArrayList registered as 36
22:47:40.130 [raft-server-1-state] TRACE i.a.utils.serializer.KryoNamespace - class java.util.Collections$SingletonList registered as 37
22:47:40.130 [raft-server-1-state] TRACE i.a.utils.serializer.KryoNamespace - class java.time.Duration registered as 38
22:47:40.130 [raft-server-1-state] TRACE i.a.utils.serializer.KryoNamespace - class java.util.Collections$EmptySet registered as 39
22:47:40.130 [raft-server-1-state] TRACE i.a.utils.serializer.KryoNamespace - class java.util.Optional registered as 40
22:47:40.130 [raft-server-1-state] TRACE i.a.utils.serializer.KryoNamespace - class java.util.Collections$EmptyList registered as 41
22:47:40.131 [raft-server-1-state] TRACE i.a.utils.serializer.KryoNamespace - class java.util.Collections$SingletonSet registered as 42
22:47:40.131 [raft-server-1-state] TRACE i.a.utils.serializer.KryoNamespace - class [I registered as 43
22:47:40.131 [raft-server-1-state] TRACE i.a.utils.serializer.KryoNamespace - class [J registered as 44
22:47:40.131 [raft-server-1-state] TRACE i.a.utils.serializer.KryoNamespace - class [S registered as 45
22:47:40.131 [raft-server-1-state] TRACE i.a.utils.serializer.KryoNamespace - class [D registered as 46
22:47:40.131 [raft-server-1-state] TRACE i.a.utils.serializer.KryoNamespace - class [F registered as 47
22:47:40.131 [raft-server-1-state] TRACE i.a.utils.serializer.KryoNamespace - class [C registered as 48
22:47:40.131 [raft-server-1-state] TRACE i.a.utils.serializer.KryoNamespace - class [Ljava.lang.String; registered as 49
22:47:40.131 [raft-server-1-state] TRACE i.a.utils.serializer.KryoNamespace - class [Z registered as 50
22:47:40.131 [raft-server-1-state] TRACE i.a.utils.serializer.KryoNamespace - class [Ljava.lang.Object; registered as 51
22:47:40.131 [raft-server-1-state] TRACE i.a.utils.serializer.KryoNamespace - class io.atomix.primitive.service.ServiceConfig registered as 52
22:47:40.131 [raft-server-1-state] DEBUG i.a.p.r.service.RaftServiceContext - PrimitiveService{2}{type=io.atomix.protocols.raft.RaftTest$TestPrimitiveType@43a95102, name=raft-test} - Taking snapshot 57
22:47:40.131 [raft-server-1-state] TRACE i.a.utils.serializer.KryoNamespace - Creating Kryo instance for KryoNamespace{registeredBlocks=[RegistrationBlock{begin=16, types=[([Ljava.lang.Class;@6b321262,null), ([Ljava.lang.Class;@68b11545,null), ([Ljava.lang.Class;@7d0100ea,null), ([Ljava.lang.Class;@357bc488,null), ([Ljava.lang.Class;@4ea17147,io.atomix.utils.serializer.serializers.ImmutableListSerializer@2eda4eeb), ([Ljava.lang.Class;@5ba90d8a,io.atomix.utils.serializer.serializers.ImmutableSetSerializer@309dcdf3), ([Ljava.lang.Class;@7573b9ee,io.atomix.utils.serializer.serializers.ImmutableMapSerializer@9a20cbd), ([Ljava.lang.Class;@1af4955e,null), ([Ljava.lang.Class;@445821a6,null), ([Ljava.lang.Class;@2c0c4c0a,null), ([Ljava.lang.Class;@35d26ad2,null), ([Ljava.lang.Class;@bb25753,null), ([Ljava.lang.Class;@ee21292,null), ([Ljava.lang.Class;@40c06358,null), ([Ljava.lang.Class;@66e21568,null), ([Ljava.lang.Class;@7f73ce28,null), ([Ljava.lang.Class;@611b35d6,null), ([Ljava.lang.Class;@2282400e,null), ([Ljava.lang.Class;@543d5863,null), ([Ljava.lang.Class;@35dece42,null), ([Ljava.lang.Class;@dd3f8aa,io.atomix.utils.serializer.serializers.ArraysAsListSerializer@3d615b2e), ([Ljava.lang.Class;@3a1f2a1,null), ([Ljava.lang.Class;@40ce9049,null), ([Ljava.lang.Class;@52ca2652,null), ([Ljava.lang.Class;@65c5bf0e,null), ([Ljava.lang.Class;@697d6ded,null), ([Ljava.lang.Class;@5d05f453,null), ([Ljava.lang.Class;@5efeb117,null), ([Ljava.lang.Class;@160b4809,null), ([Ljava.lang.Class;@149b4d20,null), ([Ljava.lang.Class;@664e848c,null), ([Ljava.lang.Class;@4d93f75b,null), ([Ljava.lang.Class;@114a5e0,null), ([Ljava.lang.Class;@4f281aaf,null), ([Ljava.lang.Class;@5d508d22,null), ([Ljava.lang.Class;@f2b90fc,null)]}, RegistrationBlock{begin=52, types=[([Ljava.lang.Class;@19f137e5,null)]}]}
22:47:40.132 [raft-server-1-state] TRACE i.a.utils.serializer.KryoNamespace - class [B registered as 16
22:47:40.132 [raft-server-1-state] TRACE i.a.utils.serializer.KryoNamespace - class java.util.concurrent.atomic.AtomicBoolean registered as 17
22:47:40.132 [raft-server-1-state] TRACE i.a.utils.serializer.KryoNamespace - class java.util.concurrent.atomic.AtomicInteger registered as 18
22:47:40.132 [raft-server-1-state] TRACE i.a.utils.serializer.KryoNamespace - class java.util.concurrent.atomic.AtomicLong registered as 19
22:47:40.132 [raft-server-1-state] TRACE i.a.utils.serializer.KryoNamespace - class com.google.common.collect.ImmutableList registered as 20
22:47:40.132 [raft-server-1-state] TRACE i.a.utils.serializer.KryoNamespace - class com.google.common.collect.RegularImmutableList registered as 20
22:47:40.132 [raft-server-1-state] TRACE i.a.utils.serializer.KryoNamespace - class com.google.common.collect.RegularImmutableList registered as 20
22:47:40.132 [raft-server-1-state] TRACE i.a.utils.serializer.KryoNamespace - class com.google.common.collect.ImmutableList$SubList registered as 20
22:47:40.132 [raft-server-1-state] TRACE i.a.utils.serializer.KryoNamespace - class com.google.common.collect.ImmutableSet registered as 21
22:47:40.132 [raft-server-1-state] TRACE i.a.utils.serializer.KryoNamespace - class com.google.common.collect.RegularImmutableSet registered as 21
22:47:40.132 [raft-server-1-state] TRACE i.a.utils.serializer.KryoNamespace - class com.google.common.collect.SingletonImmutableSet registered as 21
22:47:40.132 [raft-server-1-state] TRACE i.a.utils.serializer.KryoNamespace - class com.google.common.collect.RegularImmutableSet registered as 21
22:47:40.132 [raft-server-1-state] TRACE i.a.utils.serializer.KryoNamespace - class com.google.common.collect.ImmutableMap registered as 22
22:47:40.132 [raft-server-1-state] TRACE i.a.utils.serializer.KryoNamespace - class com.google.common.collect.RegularImmutableMap registered as 22
22:47:40.132 [raft-server-1-state] TRACE i.a.utils.serializer.KryoNamespace - class com.google.common.collect.RegularImmutableMap registered as 22
22:47:40.132 [raft-server-1-state] TRACE i.a.utils.serializer.KryoNamespace - class com.google.common.collect.RegularImmutableMap registered as 22
22:47:40.132 [raft-server-1-state] TRACE i.a.utils.serializer.KryoNamespace - class java.util.Collections$UnmodifiableSet registered as 23
22:47:40.132 [raft-server-1-state] TRACE i.a.utils.serializer.KryoNamespace - class java.util.HashMap registered as 24
22:47:40.132 [raft-server-1-state] TRACE i.a.utils.serializer.KryoNamespace - class java.util.concurrent.ConcurrentHashMap registered as 25
22:47:40.132 [raft-server-1-state] TRACE i.a.utils.serializer.KryoNamespace - class java.util.concurrent.CopyOnWriteArraySet registered as 26
22:47:40.132 [raft-server-1-state] TRACE i.a.utils.serializer.KryoNamespace - class java.util.ArrayList registered as 27
22:47:40.132 [raft-server-1-state] TRACE i.a.utils.serializer.KryoNamespace - class java.util.LinkedList registered as 28
22:47:40.132 [raft-server-1-state] TRACE i.a.utils.serializer.KryoNamespace - class java.util.HashSet registered as 29
22:47:40.132 [raft-server-1-state] TRACE i.a.utils.serializer.KryoNamespace - class java.util.LinkedHashSet registered as 30
22:47:40.133 [raft-server-1-state] TRACE i.a.utils.serializer.KryoNamespace - class com.sun.jmx.remote.internal.ArrayQueue registered as 31
22:47:40.133 [raft-server-1-state] TRACE i.a.utils.serializer.KryoNamespace - class java.util.ArrayDeque registered as 32
22:47:40.133 [raft-server-1-state] TRACE i.a.utils.serializer.KryoNamespace - class com.google.common.collect.HashMultiset registered as 33
22:47:40.133 [raft-server-1-state] TRACE i.a.utils.serializer.KryoNamespace - class com.google.common.collect.Sets registered as 34
22:47:40.133 [raft-server-1-state] TRACE i.a.utils.serializer.KryoNamespace - class com.google.common.collect.ImmutableEntry registered as 35
22:47:40.133 [raft-server-1-state] TRACE i.a.utils.serializer.KryoNamespace - class java.util.Arrays$ArrayList registered as 36
22:47:40.133 [raft-server-1-state] TRACE i.a.utils.serializer.KryoNamespace - class java.util.Collections$SingletonList registered as 37
22:47:40.133 [raft-server-1-state] TRACE i.a.utils.serializer.KryoNamespace - class java.time.Duration registered as 38
22:47:40.133 [raft-server-1-state] TRACE i.a.utils.serializer.KryoNamespace - class java.util.Collections$EmptySet registered as 39
22:47:40.133 [raft-server-1-state] TRACE i.a.utils.serializer.KryoNamespace - class java.util.Optional registered as 40
22:47:40.133 [raft-server-1-state] TRACE i.a.utils.serializer.KryoNamespace - class java.util.Collections$EmptyList registered as 41
22:47:40.133 [raft-server-1-state] TRACE i.a.utils.serializer.KryoNamespace - class java.util.Collections$SingletonSet registered as 42
22:47:40.133 [raft-server-1-state] TRACE i.a.utils.serializer.KryoNamespace - class [I registered as 43
22:47:40.133 [raft-server-1-state] TRACE i.a.utils.serializer.KryoNamespace - class [J registered as 44
22:47:40.133 [raft-server-1-state] TRACE i.a.utils.serializer.KryoNamespace - class [S registered as 45
22:47:40.133 [raft-server-1-state] TRACE i.a.utils.serializer.KryoNamespace - class [D registered as 46
22:47:40.133 [raft-server-1-state] TRACE i.a.utils.serializer.KryoNamespace - class [F registered as 47
22:47:40.133 [raft-server-1-state] TRACE i.a.utils.serializer.KryoNamespace - class [C registered as 48
22:47:40.134 [raft-server-1-state] TRACE i.a.utils.serializer.KryoNamespace - class [Ljava.lang.String; registered as 49
22:47:40.134 [raft-server-1-state] TRACE i.a.utils.serializer.KryoNamespace - class [Z registered as 50
22:47:40.134 [raft-server-1-state] TRACE i.a.utils.serializer.KryoNamespace - class [Ljava.lang.Object; registered as 51
22:47:40.134 [raft-server-1-state] TRACE i.a.utils.serializer.KryoNamespace - class io.atomix.primitive.service.ServiceConfig registered as 52
22:47:40.134 [raft-server-1-state] TRACE i.a.p.raft.impl.RaftServiceManager - RaftServer{1} - Applying Indexed{index=58, entry=CommandEntry{term=1, timestamp=2018-06-07 10:47:39,899, session=2, sequence=52, operation=PrimitiveOperation{id=DefaultOperationId{id=write, type=COMMAND}, value=byte[]{length=17, hash=-1644578928}}}}
22:47:40.134 [raft-server-1-state] TRACE i.a.p.s.impl.DefaultServiceExecutor - PrimitiveService{2}{type=io.atomix.protocols.raft.RaftTest$TestPrimitiveType@43a95102, name=raft-test} - Executing DefaultCommit{index=58, session=RaftSession{RaftServiceContext{server=1, type=io.atomix.protocols.raft.RaftTest$TestPrimitiveType@43a95102, name=raft-test, id=2}, session=2, timestamp=2018-06-07 10:47:39,899}, time=2018-06-07 10:47:39,899, operation=DefaultOperationId{id=write, type=COMMAND}, value=byte[]{length=17, hash=-1644578928}}
22:47:40.134 [raft-server-1-compaction] DEBUG i.a.p.r.s.snapshot.SnapshotStore - Created disk snapshot: FileSnapshot{index=57}
22:47:40.183 [raft-server-2] TRACE i.a.p.raft.roles.LeaderAppender - RaftServer{2} - Received AppendResponse{status=OK, term=1, succeeded=true, lastLogIndex=58} from 1
22:47:40.184 [raft-server-2] TRACE i.a.p.raft.roles.LeaderAppender - RaftServer{2} - Sending AppendRequest{term=1, leader=2, prevLogIndex=58, prevLogTerm=1, entries=1, commitIndex=59} to 1
22:47:40.184 [raft-server-1] TRACE i.a.p.raft.roles.FollowerRole - RaftServer{1}{role=FOLLOWER} - Received AppendRequest{term=1, leader=2, prevLogIndex=58, prevLogTerm=1, entries=1, commitIndex=59}
22:47:40.184 [raft-server-2-state] TRACE i.a.p.raft.impl.RaftServiceManager - RaftServer{2} - Applying Indexed{index=59, entry=CommandEntry{term=1, timestamp=2018-06-07 10:47:40,069, session=2, sequence=53, operation=PrimitiveOperation{id=DefaultOperationId{id=write, type=COMMAND}, value=byte[]{length=17, hash=-1644578928}}}}
22:47:40.184 [raft-server-1] TRACE i.a.p.raft.roles.FollowerRole - RaftServer{1}{role=FOLLOWER} - Appended Indexed{index=59, entry=CommandEntry{term=1, timestamp=2018-06-07 10:47:40,069, session=2, sequence=53, operation=PrimitiveOperation{id=DefaultOperationId{id=write, type=COMMAND}, value=byte[]{length=17, hash=-1644578928}}}}
22:47:40.184 [raft-server-2-state] TRACE i.a.p.s.impl.DefaultServiceExecutor - PrimitiveService{2}{type=io.atomix.protocols.raft.RaftTest$TestPrimitiveType@581a9c39, name=raft-test} - Executing DefaultCommit{index=59, session=RaftSession{RaftServiceContext{server=2, type=io.atomix.protocols.raft.RaftTest$TestPrimitiveType@581a9c39, name=raft-test, id=2}, session=2, timestamp=2018-06-07 10:47:40,069}, time=2018-06-07 10:47:40,069, operation=DefaultOperationId{id=write, type=COMMAND}, value=byte[]{length=17, hash=-1644578928}}
22:47:40.184 [raft-server-2-state] TRACE i.a.protocols.raft.roles.LeaderRole - RaftServer{2}{role=LEADER} - Sending CommandResponse{status=OK, index=59, eventIndex=2, result=byte[]{length=2, hash=1358}}
22:47:40.184 [raft-server-3] TRACE i.a.p.raft.roles.FollowerRole - RaftServer{3}{role=FOLLOWER} - Sending CommandResponse{status=OK, index=59, eventIndex=2, result=byte[]{length=2, hash=1358}}
22:47:40.184 [raft-client-431b802d-5b1a-4d37-8231-45cdad27d9ba-5] TRACE i.a.p.r.p.impl.RaftProxyConnection - PartitionProxy{2}{type=io.atomix.protocols.raft.RaftTest$TestPrimitiveType@35bfa1bb, name=raft-test} - Received CommandResponse{status=OK, index=59, eventIndex=2, result=byte[]{length=2, hash=1358}} from 3
22:47:40.185 [raft-client-431b802d-5b1a-4d37-8231-45cdad27d9ba-5] TRACE i.a.p.r.p.impl.RaftProxySequencer - PartitionProxy{2}{type=io.atomix.protocols.raft.RaftTest$TestPrimitiveType@35bfa1bb, name=raft-test} - Completing response CommandResponse{status=OK, index=59, eventIndex=2, result=byte[]{length=2, hash=1358}}
22:47:40.185 [raft-client-431b802d-5b1a-4d37-8231-45cdad27d9ba-4] TRACE i.a.p.r.p.impl.RaftProxyConnection - PartitionProxy{2}{type=io.atomix.protocols.raft.RaftTest$TestPrimitiveType@35bfa1bb, name=raft-test} - Sending CommandRequest{session=2, sequence=54, operation=PrimitiveOperation{id=DefaultOperationId{id=write, type=COMMAND}, value=byte[]{length=17, hash=-1644578928}}} to 3
22:47:40.185 [raft-server-3] TRACE i.a.p.raft.roles.FollowerRole - RaftServer{3}{role=FOLLOWER} - Received CommandRequest{session=2, sequence=54, operation=PrimitiveOperation{id=DefaultOperationId{id=write, type=COMMAND}, value=byte[]{length=17, hash=-1644578928}}}
22:47:40.185 [raft-server-2] TRACE i.a.protocols.raft.roles.LeaderRole - RaftServer{2}{role=LEADER} - Received CommandRequest{session=2, sequence=54, operation=PrimitiveOperation{id=DefaultOperationId{id=write, type=COMMAND}, value=byte[]{length=17, hash=-1644578928}}}
22:47:40.185 [raft-server-2] TRACE i.a.protocols.raft.roles.LeaderRole - RaftServer{2}{role=LEADER} - Appended Indexed{index=60, entry=CommandEntry{term=1, timestamp=2018-06-07 10:47:40,185, session=2, sequence=54, operation=PrimitiveOperation{id=DefaultOperationId{id=write, type=COMMAND}, value=byte[]{length=17, hash=-1644578928}}}}
22:47:40.186 [raft-server-2] TRACE i.a.p.raft.roles.LeaderAppender - RaftServer{2} - Sending AppendRequest{term=1, leader=2, prevLogIndex=59, prevLogTerm=1, entries=1, commitIndex=59} to 3
22:47:40.186 [raft-server-3] TRACE i.a.p.raft.roles.FollowerRole - RaftServer{3}{role=FOLLOWER} - Received AppendRequest{term=1, leader=2, prevLogIndex=59, prevLogTerm=1, entries=1, commitIndex=59}
22:47:40.186 [raft-server-3] TRACE i.a.p.raft.roles.FollowerRole - RaftServer{3}{role=FOLLOWER} - Appended Indexed{index=60, entry=CommandEntry{term=1, timestamp=2018-06-07 10:47:40,185, session=2, sequence=54, operation=PrimitiveOperation{id=DefaultOperationId{id=write, type=COMMAND}, value=byte[]{length=17, hash=-1644578928}}}}
22:47:40.227 [raft-server-2] TRACE i.a.p.raft.roles.LeaderAppender - RaftServer{2} - Sending AppendRequest{term=1, leader=2, prevLogIndex=59, prevLogTerm=1, entries=1, commitIndex=59} to 1
22:47:40.300 [raft-server-3] TRACE i.a.p.raft.roles.FollowerRole - RaftServer{3}{role=FOLLOWER} - Committed entries up to index 59
22:47:40.300 [raft-server-1] TRACE i.a.p.raft.roles.FollowerRole - RaftServer{1}{role=FOLLOWER} - Committed entries up to index 59
22:47:40.300 [raft-server-3] TRACE i.a.p.raft.roles.FollowerRole - RaftServer{3}{role=FOLLOWER} - Sending AppendResponse{status=OK, term=1, succeeded=true, lastLogIndex=60}
22:47:40.300 [raft-server-1] TRACE i.a.p.raft.roles.FollowerRole - RaftServer{1}{role=FOLLOWER} - Sending AppendResponse{status=OK, term=1, succeeded=true, lastLogIndex=59}
22:47:40.300 [raft-server-1] TRACE i.a.p.raft.roles.FollowerRole - RaftServer{1}{role=FOLLOWER} - Received AppendRequest{term=1, leader=2, prevLogIndex=59, prevLogTerm=1, entries=1, commitIndex=59}
22:47:40.300 [raft-server-2] TRACE i.a.p.raft.roles.LeaderAppender - RaftServer{2} - Received AppendResponse{status=OK, term=1, succeeded=true, lastLogIndex=60} from 3
22:47:40.300 [raft-server-2] TRACE i.a.p.raft.roles.LeaderAppender - RaftServer{2} - Committed entries up to 60
22:47:40.300 [raft-server-3-state] TRACE i.a.p.raft.impl.RaftServiceManager - RaftServer{3} - Applying Indexed{index=59, entry=CommandEntry{term=1, timestamp=2018-06-07 10:47:40,069, session=2, sequence=53, operation=PrimitiveOperation{id=DefaultOperationId{id=write, type=COMMAND}, value=byte[]{length=17, hash=-1644578928}}}}
22:47:40.300 [raft-server-1] TRACE i.a.p.raft.roles.FollowerRole - RaftServer{1}{role=FOLLOWER} - Appended Indexed{index=60, entry=CommandEntry{term=1, timestamp=2018-06-07 10:47:40,185, session=2, sequence=54, operation=PrimitiveOperation{id=DefaultOperationId{id=write, type=COMMAND}, value=byte[]{length=17, hash=-1644578928}}}}
22:47:40.301 [raft-server-1] TRACE i.a.p.raft.roles.FollowerRole - RaftServer{1}{role=FOLLOWER} - Sending AppendResponse{status=OK, term=1, succeeded=true, lastLogIndex=60}
22:47:40.300 [raft-server-3-state] TRACE i.a.p.s.impl.DefaultServiceExecutor - PrimitiveService{2}{type=io.atomix.protocols.raft.RaftTest$TestPrimitiveType@19970ea6, name=raft-test} - Executing DefaultCommit{index=59, session=RaftSession{RaftServiceContext{server=3, type=io.atomix.protocols.raft.RaftTest$TestPrimitiveType@19970ea6, name=raft-test, id=2}, session=2, timestamp=2018-06-07 10:47:40,069}, time=2018-06-07 10:47:40,069, operation=DefaultOperationId{id=write, type=COMMAND}, value=byte[]{length=17, hash=-1644578928}}
22:47:40.301 [raft-server-1-state] TRACE i.a.p.raft.impl.RaftServiceManager - RaftServer{1} - Applying Indexed{index=59, entry=CommandEntry{term=1, timestamp=2018-06-07 10:47:40,069, session=2, sequence=53, operation=PrimitiveOperation{id=DefaultOperationId{id=write, type=COMMAND}, value=byte[]{length=17, hash=-1644578928}}}}
22:47:40.301 [raft-server-1-state] TRACE i.a.p.s.impl.DefaultServiceExecutor - PrimitiveService{2}{type=io.atomix.protocols.raft.RaftTest$TestPrimitiveType@43a95102, name=raft-test} - Executing DefaultCommit{index=59, session=RaftSession{RaftServiceContext{server=1, type=io.atomix.protocols.raft.RaftTest$TestPrimitiveType@43a95102, name=raft-test, id=2}, session=2, timestamp=2018-06-07 10:47:40,069}, time=2018-06-07 10:47:40,069, operation=DefaultOperationId{id=write, type=COMMAND}, value=byte[]{length=17, hash=-1644578928}}
22:47:40.367 [raft-server-2] TRACE i.a.p.raft.roles.LeaderAppender - RaftServer{2} - Sending AppendRequest{term=1, leader=2, prevLogIndex=60, prevLogTerm=1, entries=0, commitIndex=60} to 3
22:47:40.367 [raft-server-2] TRACE i.a.p.raft.roles.LeaderAppender - RaftServer{2} - Received AppendResponse{status=OK, term=1, succeeded=true, lastLogIndex=59} from 1
22:47:40.367 [raft-server-3] TRACE i.a.p.raft.roles.FollowerRole - RaftServer{3}{role=FOLLOWER} - Received AppendRequest{term=1, leader=2, prevLogIndex=60, prevLogTerm=1, entries=0, commitIndex=60}
22:47:40.367 [raft-server-2] TRACE i.a.p.raft.roles.LeaderAppender - RaftServer{2} - Received AppendResponse{status=OK, term=1, succeeded=true, lastLogIndex=60} from 1
22:47:40.367 [raft-server-2] TRACE i.a.p.raft.roles.LeaderAppender - RaftServer{2} - Sending AppendRequest{term=1, leader=2, prevLogIndex=60, prevLogTerm=1, entries=0, commitIndex=60} to 1
22:47:40.367 [raft-server-1] TRACE i.a.p.raft.roles.FollowerRole - RaftServer{1}{role=FOLLOWER} - Received AppendRequest{term=1, leader=2, prevLogIndex=60, prevLogTerm=1, entries=0, commitIndex=60}
22:47:40.367 [raft-server-2-state] TRACE i.a.p.raft.impl.RaftServiceManager - RaftServer{2} - Applying Indexed{index=60, entry=CommandEntry{term=1, timestamp=2018-06-07 10:47:40,185, session=2, sequence=54, operation=PrimitiveOperation{id=DefaultOperationId{id=write, type=COMMAND}, value=byte[]{length=17, hash=-1644578928}}}}
22:47:40.367 [raft-server-2-state] TRACE i.a.p.s.impl.DefaultServiceExecutor - PrimitiveService{2}{type=io.atomix.protocols.raft.RaftTest$TestPrimitiveType@581a9c39, name=raft-test} - Executing DefaultCommit{index=60, session=RaftSession{RaftServiceContext{server=2, type=io.atomix.protocols.raft.RaftTest$TestPrimitiveType@581a9c39, name=raft-test, id=2}, session=2, timestamp=2018-06-07 10:47:40,185}, time=2018-06-07 10:47:40,185, operation=DefaultOperationId{id=write, type=COMMAND}, value=byte[]{length=17, hash=-1644578928}}
22:47:40.368 [raft-server-2-state] TRACE i.a.protocols.raft.roles.LeaderRole - RaftServer{2}{role=LEADER} - Sending CommandResponse{status=OK, index=60, eventIndex=2, result=byte[]{length=2, hash=1360}}
22:47:40.376 [raft-server-2] DEBUG i.a.p.raft.impl.RaftServiceManager - RaftServer{2} - Snapshotting services
22:47:40.376 [raft-server-2-state] DEBUG i.a.p.r.s.snapshot.SnapshotStore - Created memory snapshot: MemorySnapshot{index=60}
22:47:40.376 [raft-server-2-state] TRACE i.a.utils.serializer.KryoNamespace - Creating Kryo instance for KryoNamespace{registeredBlocks=[RegistrationBlock{begin=16, types=[([Ljava.lang.Class;@6b321262,null), ([Ljava.lang.Class;@68b11545,null), ([Ljava.lang.Class;@7d0100ea,null), ([Ljava.lang.Class;@357bc488,null), ([Ljava.lang.Class;@4ea17147,io.atomix.utils.serializer.serializers.ImmutableListSerializer@2eda4eeb), ([Ljava.lang.Class;@5ba90d8a,io.atomix.utils.serializer.serializers.ImmutableSetSerializer@309dcdf3), ([Ljava.lang.Class;@7573b9ee,io.atomix.utils.serializer.serializers.ImmutableMapSerializer@9a20cbd), ([Ljava.lang.Class;@1af4955e,null), ([Ljava.lang.Class;@445821a6,null), ([Ljava.lang.Class;@2c0c4c0a,null), ([Ljava.lang.Class;@35d26ad2,null), ([Ljava.lang.Class;@bb25753,null), ([Ljava.lang.Class;@ee21292,null), ([Ljava.lang.Class;@40c06358,null), ([Ljava.lang.Class;@66e21568,null), ([Ljava.lang.Class;@7f73ce28,null), ([Ljava.lang.Class;@611b35d6,null), ([Ljava.lang.Class;@2282400e,null), ([Ljava.lang.Class;@543d5863,null), ([Ljava.lang.Class;@35dece42,null), ([Ljava.lang.Class;@dd3f8aa,io.atomix.utils.serializer.serializers.ArraysAsListSerializer@3d615b2e), ([Ljava.lang.Class;@3a1f2a1,null), ([Ljava.lang.Class;@40ce9049,null), ([Ljava.lang.Class;@52ca2652,null), ([Ljava.lang.Class;@65c5bf0e,null), ([Ljava.lang.Class;@697d6ded,null), ([Ljava.lang.Class;@5d05f453,null), ([Ljava.lang.Class;@5efeb117,null), ([Ljava.lang.Class;@160b4809,null), ([Ljava.lang.Class;@149b4d20,null), ([Ljava.lang.Class;@664e848c,null), ([Ljava.lang.Class;@4d93f75b,null), ([Ljava.lang.Class;@114a5e0,null), ([Ljava.lang.Class;@4f281aaf,null), ([Ljava.lang.Class;@5d508d22,null), ([Ljava.lang.Class;@f2b90fc,null)]}, RegistrationBlock{begin=52, types=[([Ljava.lang.Class;@34c2ca83,null)]}]}
22:47:40.377 [raft-server-2-state] TRACE i.a.utils.serializer.KryoNamespace - class [B registered as 16
22:47:40.377 [raft-server-2-state] TRACE i.a.utils.serializer.KryoNamespace - class java.util.concurrent.atomic.AtomicBoolean registered as 17
22:47:40.377 [raft-server-2-state] TRACE i.a.utils.serializer.KryoNamespace - class java.util.concurrent.atomic.AtomicInteger registered as 18
22:47:40.377 [raft-server-2-state] TRACE i.a.utils.serializer.KryoNamespace - class java.util.concurrent.atomic.AtomicLong registered as 19
22:47:40.377 [raft-server-2-state] TRACE i.a.utils.serializer.KryoNamespace - class com.google.common.collect.ImmutableList registered as 20
22:47:40.377 [raft-server-2-state] TRACE i.a.utils.serializer.KryoNamespace - class com.google.common.collect.RegularImmutableList registered as 20
22:47:40.377 [raft-server-2-state] TRACE i.a.utils.serializer.KryoNamespace - class com.google.common.collect.RegularImmutableList registered as 20
22:47:40.377 [raft-server-2-state] TRACE i.a.utils.serializer.KryoNamespace - class com.google.common.collect.ImmutableList$SubList registered as 20
22:47:40.377 [raft-server-2-state] TRACE i.a.utils.serializer.KryoNamespace - class com.google.common.collect.ImmutableSet registered as 21
22:47:40.377 [raft-server-2-state] TRACE i.a.utils.serializer.KryoNamespace - class com.google.common.collect.RegularImmutableSet registered as 21
22:47:40.377 [raft-server-2-state] TRACE i.a.utils.serializer.KryoNamespace - class com.google.common.collect.SingletonImmutableSet registered as 21
22:47:40.377 [raft-server-2-state] TRACE i.a.utils.serializer.KryoNamespace - class com.google.common.collect.RegularImmutableSet registered as 21
22:47:40.377 [raft-server-2-state] TRACE i.a.utils.serializer.KryoNamespace - class com.google.common.collect.ImmutableMap registered as 22
22:47:40.377 [raft-server-2-state] TRACE i.a.utils.serializer.KryoNamespace - class com.google.common.collect.RegularImmutableMap registered as 22
22:47:40.377 [raft-server-2-state] TRACE i.a.utils.serializer.KryoNamespace - class com.google.common.collect.RegularImmutableMap registered as 22
22:47:40.377 [raft-server-2-state] TRACE i.a.utils.serializer.KryoNamespace - class com.google.common.collect.RegularImmutableMap registered as 22
22:47:40.377 [raft-server-2-state] TRACE i.a.utils.serializer.KryoNamespace - class java.util.Collections$UnmodifiableSet registered as 23
22:47:40.377 [raft-server-2-state] TRACE i.a.utils.serializer.KryoNamespace - class java.util.HashMap registered as 24
22:47:40.377 [raft-server-2-state] TRACE i.a.utils.serializer.KryoNamespace - class java.util.concurrent.ConcurrentHashMap registered as 25
22:47:40.377 [raft-server-2-state] TRACE i.a.utils.serializer.KryoNamespace - class java.util.concurrent.CopyOnWriteArraySet registered as 26
22:47:40.377 [raft-server-2-state] TRACE i.a.utils.serializer.KryoNamespace - class java.util.ArrayList registered as 27
22:47:40.377 [raft-server-2-state] TRACE i.a.utils.serializer.KryoNamespace - class java.util.LinkedList registered as 28
22:47:40.377 [raft-server-2-state] TRACE i.a.utils.serializer.KryoNamespace - class java.util.HashSet registered as 29
22:47:40.377 [raft-server-2-state] TRACE i.a.utils.serializer.KryoNamespace - class java.util.LinkedHashSet registered as 30
22:47:40.377 [raft-server-2-state] TRACE i.a.utils.serializer.KryoNamespace - class com.sun.jmx.remote.internal.ArrayQueue registered as 31
22:47:40.377 [raft-server-2-state] TRACE i.a.utils.serializer.KryoNamespace - class java.util.ArrayDeque registered as 32
22:47:40.377 [raft-server-2-state] TRACE i.a.utils.serializer.KryoNamespace - class com.google.common.collect.HashMultiset registered as 33
22:47:40.377 [raft-server-2-state] TRACE i.a.utils.serializer.KryoNamespace - class com.google.common.collect.Sets registered as 34
22:47:40.377 [raft-server-2-state] TRACE i.a.utils.serializer.KryoNamespace - class com.google.common.collect.ImmutableEntry registered as 35
22:47:40.378 [raft-server-2-state] TRACE i.a.utils.serializer.KryoNamespace - class java.util.Arrays$ArrayList registered as 36
22:47:40.378 [raft-server-2-state] TRACE i.a.utils.serializer.KryoNamespace - class java.util.Collections$SingletonList registered as 37
22:47:40.378 [raft-server-2-state] TRACE i.a.utils.serializer.KryoNamespace - class java.time.Duration registered as 38
22:47:40.378 [raft-server-2-state] TRACE i.a.utils.serializer.KryoNamespace - class java.util.Collections$EmptySet registered as 39
22:47:40.378 [raft-server-2-state] TRACE i.a.utils.serializer.KryoNamespace - class java.util.Optional registered as 40
22:47:40.378 [raft-server-2-state] TRACE i.a.utils.serializer.KryoNamespace - class java.util.Collections$EmptyList registered as 41
22:47:40.378 [raft-server-2-state] TRACE i.a.utils.serializer.KryoNamespace - class java.util.Collections$SingletonSet registered as 42
22:47:40.378 [raft-server-2-state] TRACE i.a.utils.serializer.KryoNamespace - class [I registered as 43
22:47:40.378 [raft-server-2-state] TRACE i.a.utils.serializer.KryoNamespace - class [J registered as 44
22:47:40.378 [raft-server-2-state] TRACE i.a.utils.serializer.KryoNamespace - class [S registered as 45
22:47:40.378 [raft-server-2-state] TRACE i.a.utils.serializer.KryoNamespace - class [D registered as 46
22:47:40.378 [raft-server-2-state] TRACE i.a.utils.serializer.KryoNamespace - class [F registered as 47
22:47:40.378 [raft-server-2-state] TRACE i.a.utils.serializer.KryoNamespace - class [C registered as 48
22:47:40.378 [raft-server-2-state] TRACE i.a.utils.serializer.KryoNamespace - class [Ljava.lang.String; registered as 49
22:47:40.378 [raft-server-2-state] TRACE i.a.utils.serializer.KryoNamespace - class [Z registered as 50
22:47:40.378 [raft-server-2-state] TRACE i.a.utils.serializer.KryoNamespace - class [Ljava.lang.Object; registered as 51
22:47:40.378 [raft-server-2-state] TRACE i.a.utils.serializer.KryoNamespace - class io.atomix.primitive.service.ServiceConfig registered as 52
22:47:40.378 [raft-server-2-state] DEBUG i.a.p.r.service.RaftServiceContext - PrimitiveService{2}{type=io.atomix.protocols.raft.RaftTest$TestPrimitiveType@581a9c39, name=raft-test} - Taking snapshot 60
22:47:40.378 [raft-server-2-state] TRACE i.a.utils.serializer.KryoNamespace - Creating Kryo instance for KryoNamespace{registeredBlocks=[RegistrationBlock{begin=16, types=[([Ljava.lang.Class;@6b321262,null), ([Ljava.lang.Class;@68b11545,null), ([Ljava.lang.Class;@7d0100ea,null), ([Ljava.lang.Class;@357bc488,null), ([Ljava.lang.Class;@4ea17147,io.atomix.utils.serializer.serializers.ImmutableListSerializer@2eda4eeb), ([Ljava.lang.Class;@5ba90d8a,io.atomix.utils.serializer.serializers.ImmutableSetSerializer@309dcdf3), ([Ljava.lang.Class;@7573b9ee,io.atomix.utils.serializer.serializers.ImmutableMapSerializer@9a20cbd), ([Ljava.lang.Class;@1af4955e,null), ([Ljava.lang.Class;@445821a6,null), ([Ljava.lang.Class;@2c0c4c0a,null), ([Ljava.lang.Class;@35d26ad2,null), ([Ljava.lang.Class;@bb25753,null), ([Ljava.lang.Class;@ee21292,null), ([Ljava.lang.Class;@40c06358,null), ([Ljava.lang.Class;@66e21568,null), ([Ljava.lang.Class;@7f73ce28,null), ([Ljava.lang.Class;@611b35d6,null), ([Ljava.lang.Class;@2282400e,null), ([Ljava.lang.Class;@543d5863,null), ([Ljava.lang.Class;@35dece42,null), ([Ljava.lang.Class;@dd3f8aa,io.atomix.utils.serializer.serializers.ArraysAsListSerializer@3d615b2e), ([Ljava.lang.Class;@3a1f2a1,null), ([Ljava.lang.Class;@40ce9049,null), ([Ljava.lang.Class;@52ca2652,null), ([Ljava.lang.Class;@65c5bf0e,null), ([Ljava.lang.Class;@697d6ded,null), ([Ljava.lang.Class;@5d05f453,null), ([Ljava.lang.Class;@5efeb117,null), ([Ljava.lang.Class;@160b4809,null), ([Ljava.lang.Class;@149b4d20,null), ([Ljava.lang.Class;@664e848c,null), ([Ljava.lang.Class;@4d93f75b,null), ([Ljava.lang.Class;@114a5e0,null), ([Ljava.lang.Class;@4f281aaf,null), ([Ljava.lang.Class;@5d508d22,null), ([Ljava.lang.Class;@f2b90fc,null)]}, RegistrationBlock{begin=52, types=[([Ljava.lang.Class;@25dfca87,null)]}]}
22:47:40.378 [raft-server-2-state] TRACE i.a.utils.serializer.KryoNamespace - class [B registered as 16
22:47:40.379 [raft-server-2-state] TRACE i.a.utils.serializer.KryoNamespace - class java.util.concurrent.atomic.AtomicBoolean registered as 17
22:47:40.379 [raft-server-2-state] TRACE i.a.utils.serializer.KryoNamespace - class java.util.concurrent.atomic.AtomicInteger registered as 18
22:47:40.379 [raft-server-2-state] TRACE i.a.utils.serializer.KryoNamespace - class java.util.concurrent.atomic.AtomicLong registered as 19
22:47:40.379 [raft-server-2-state] TRACE i.a.utils.serializer.KryoNamespace - class com.google.common.collect.ImmutableList registered as 20
22:47:40.379 [raft-server-2-state] TRACE i.a.utils.serializer.KryoNamespace - class com.google.common.collect.RegularImmutableList registered as 20
22:47:40.379 [raft-server-2-state] TRACE i.a.utils.serializer.KryoNamespace - class com.google.common.collect.RegularImmutableList registered as 20
22:47:40.379 [raft-server-2-state] TRACE i.a.utils.serializer.KryoNamespace - class com.google.common.collect.ImmutableList$SubList registered as 20
22:47:40.379 [raft-server-2-state] TRACE i.a.utils.serializer.KryoNamespace - class com.google.common.collect.ImmutableSet registered as 21
22:47:40.379 [raft-server-2-state] TRACE i.a.utils.serializer.KryoNamespace - class com.google.common.collect.RegularImmutableSet registered as 21
22:47:40.379 [raft-server-2-state] TRACE i.a.utils.serializer.KryoNamespace - class com.google.common.collect.SingletonImmutableSet registered as 21
22:47:40.379 [raft-server-2-state] TRACE i.a.utils.serializer.KryoNamespace - class com.google.common.collect.RegularImmutableSet registered as 21
22:47:40.379 [raft-server-2-state] TRACE i.a.utils.serializer.KryoNamespace - class com.google.common.collect.ImmutableMap registered as 22
22:47:40.379 [raft-server-2-state] TRACE i.a.utils.serializer.KryoNamespace - class com.google.common.collect.RegularImmutableMap registered as 22
22:47:40.379 [raft-server-2-state] TRACE i.a.utils.serializer.KryoNamespace - class com.google.common.collect.RegularImmutableMap registered as 22
22:47:40.379 [raft-server-2-state] TRACE i.a.utils.serializer.KryoNamespace - class com.google.common.collect.RegularImmutableMap registered as 22
22:47:40.379 [raft-server-2-state] TRACE i.a.utils.serializer.KryoNamespace - class java.util.Collections$UnmodifiableSet registered as 23
22:47:40.379 [raft-server-2-state] TRACE i.a.utils.serializer.KryoNamespace - class java.util.HashMap registered as 24
22:47:40.379 [raft-server-2-state] TRACE i.a.utils.serializer.KryoNamespace - class java.util.concurrent.ConcurrentHashMap registered as 25
22:47:40.379 [raft-server-2-state] TRACE i.a.utils.serializer.KryoNamespace - class java.util.concurrent.CopyOnWriteArraySet registered as 26
22:47:40.379 [raft-server-2-state] TRACE i.a.utils.serializer.KryoNamespace - class java.util.ArrayList registered as 27
22:47:40.379 [raft-server-2-state] TRACE i.a.utils.serializer.KryoNamespace - class java.util.LinkedList registered as 28
22:47:40.379 [raft-server-2-state] TRACE i.a.utils.serializer.KryoNamespace - class java.util.HashSet registered as 29
22:47:40.379 [raft-server-2-state] TRACE i.a.utils.serializer.KryoNamespace - class java.util.LinkedHashSet registered as 30
22:47:40.379 [raft-server-2-state] TRACE i.a.utils.serializer.KryoNamespace - class com.sun.jmx.remote.internal.ArrayQueue registered as 31
22:47:40.379 [raft-server-2-state] TRACE i.a.utils.serializer.KryoNamespace - class java.util.ArrayDeque registered as 32
22:47:40.379 [raft-server-2-state] TRACE i.a.utils.serializer.KryoNamespace - class com.google.common.collect.HashMultiset registered as 33
22:47:40.379 [raft-server-2-state] TRACE i.a.utils.serializer.KryoNamespace - class com.google.common.collect.Sets registered as 34
22:47:40.379 [raft-server-2-state] TRACE i.a.utils.serializer.KryoNamespace - class com.google.common.collect.ImmutableEntry registered as 35
22:47:40.379 [raft-server-2-state] TRACE i.a.utils.serializer.KryoNamespace - class java.util.Arrays$ArrayList registered as 36
22:47:40.379 [raft-server-2-state] TRACE i.a.utils.serializer.KryoNamespace - class java.util.Collections$SingletonList registered as 37
22:47:40.379 [raft-server-2-state] TRACE i.a.utils.serializer.KryoNamespace - class java.time.Duration registered as 38
22:47:40.379 [raft-server-2-state] TRACE i.a.utils.serializer.KryoNamespace - class java.util.Collections$EmptySet registered as 39
22:47:40.380 [raft-server-2-state] TRACE i.a.utils.serializer.KryoNamespace - class java.util.Optional registered as 40
22:47:40.380 [raft-server-2-state] TRACE i.a.utils.serializer.KryoNamespace - class java.util.Collections$EmptyList registered as 41
22:47:40.380 [raft-server-2-state] TRACE i.a.utils.serializer.KryoNamespace - class java.util.Collections$SingletonSet registered as 42
22:47:40.380 [raft-server-2-state] TRACE i.a.utils.serializer.KryoNamespace - class [I registered as 43
22:47:40.380 [raft-server-2-state] TRACE i.a.utils.serializer.KryoNamespace - class [J registered as 44
22:47:40.380 [raft-server-2-state] TRACE i.a.utils.serializer.KryoNamespace - class [S registered as 45
22:47:40.380 [raft-server-2-state] TRACE i.a.utils.serializer.KryoNamespace - class [D registered as 46
22:47:40.380 [raft-server-2-state] TRACE i.a.utils.serializer.KryoNamespace - class [F registered as 47
22:47:40.380 [raft-server-2-state] TRACE i.a.utils.serializer.KryoNamespace - class [C registered as 48
22:47:40.380 [raft-server-2-state] TRACE i.a.utils.serializer.KryoNamespace - class [Ljava.lang.String; registered as 49
22:47:40.380 [raft-server-2-state] TRACE i.a.utils.serializer.KryoNamespace - class [Z registered as 50
22:47:40.380 [raft-server-2-state] TRACE i.a.utils.serializer.KryoNamespace - class [Ljava.lang.Object; registered as 51
22:47:40.380 [raft-server-2-state] TRACE i.a.utils.serializer.KryoNamespace - class io.atomix.primitive.service.ServiceConfig registered as 52
22:47:40.380 [raft-server-2-compaction] DEBUG i.a.p.r.s.snapshot.SnapshotStore - Created disk snapshot: FileSnapshot{index=60}
22:47:40.408 [raft-server-3] TRACE i.a.p.raft.roles.FollowerRole - RaftServer{3}{role=FOLLOWER} - Committed entries up to index 60
22:47:40.408 [raft-server-3] TRACE i.a.p.raft.roles.FollowerRole - RaftServer{3}{role=FOLLOWER} - Sending AppendResponse{status=OK, term=1, succeeded=true, lastLogIndex=60}
22:47:40.408 [raft-server-1] TRACE i.a.p.raft.roles.FollowerRole - RaftServer{1}{role=FOLLOWER} - Committed entries up to index 60
22:47:40.408 [raft-server-3] TRACE i.a.p.raft.roles.FollowerRole - RaftServer{3}{role=FOLLOWER} - Sending CommandResponse{status=OK, index=60, eventIndex=2, result=byte[]{length=2, hash=1360}}
22:47:40.408 [raft-server-1] TRACE i.a.p.raft.roles.FollowerRole - RaftServer{1}{role=FOLLOWER} - Sending AppendResponse{status=OK, term=1, succeeded=true, lastLogIndex=60}
22:47:40.408 [raft-server-2] TRACE i.a.p.raft.roles.LeaderAppender - RaftServer{2} - Received AppendResponse{status=OK, term=1, succeeded=true, lastLogIndex=60} from 3
22:47:40.409 [raft-client-431b802d-5b1a-4d37-8231-45cdad27d9ba-3] TRACE i.a.p.r.p.impl.RaftProxyConnection - PartitionProxy{2}{type=io.atomix.protocols.raft.RaftTest$TestPrimitiveType@35bfa1bb, name=raft-test} - Received CommandResponse{status=OK, index=60, eventIndex=2, result=byte[]{length=2, hash=1360}} from 3
22:47:40.409 [raft-server-3-state] TRACE i.a.p.raft.impl.RaftServiceManager - RaftServer{3} - Applying Indexed{index=60, entry=CommandEntry{term=1, timestamp=2018-06-07 10:47:40,185, session=2, sequence=54, operation=PrimitiveOperation{id=DefaultOperationId{id=write, type=COMMAND}, value=byte[]{length=17, hash=-1644578928}}}}
22:47:40.409 [raft-server-1-state] TRACE i.a.p.raft.impl.RaftServiceManager - RaftServer{1} - Applying Indexed{index=60, entry=CommandEntry{term=1, timestamp=2018-06-07 10:47:40,185, session=2, sequence=54, operation=PrimitiveOperation{id=DefaultOperationId{id=write, type=COMMAND}, value=byte[]{length=17, hash=-1644578928}}}}
22:47:40.409 [raft-server-2] TRACE i.a.p.raft.roles.LeaderAppender - RaftServer{2} - Received AppendResponse{status=OK, term=1, succeeded=true, lastLogIndex=60} from 1
22:47:40.409 [raft-client-431b802d-5b1a-4d37-8231-45cdad27d9ba-3] TRACE i.a.p.r.p.impl.RaftProxySequencer - PartitionProxy{2}{type=io.atomix.protocols.raft.RaftTest$TestPrimitiveType@35bfa1bb, name=raft-test} - Completing response CommandResponse{status=OK, index=60, eventIndex=2, result=byte[]{length=2, hash=1360}}
22:47:40.409 [raft-server-3-state] TRACE i.a.p.s.impl.DefaultServiceExecutor - PrimitiveService{2}{type=io.atomix.protocols.raft.RaftTest$TestPrimitiveType@19970ea6, name=raft-test} - Executing DefaultCommit{index=60, session=RaftSession{RaftServiceContext{server=3, type=io.atomix.protocols.raft.RaftTest$TestPrimitiveType@19970ea6, name=raft-test, id=2}, session=2, timestamp=2018-06-07 10:47:40,185}, time=2018-06-07 10:47:40,185, operation=DefaultOperationId{id=write, type=COMMAND}, value=byte[]{length=17, hash=-1644578928}}
22:47:40.409 [raft-server-1-state] TRACE i.a.p.s.impl.DefaultServiceExecutor - PrimitiveService{2}{type=io.atomix.protocols.raft.RaftTest$TestPrimitiveType@43a95102, name=raft-test} - Executing DefaultCommit{index=60, session=RaftSession{RaftServiceContext{server=1, type=io.atomix.protocols.raft.RaftTest$TestPrimitiveType@43a95102, name=raft-test, id=2}, session=2, timestamp=2018-06-07 10:47:40,185}, time=2018-06-07 10:47:40,185, operation=DefaultOperationId{id=write, type=COMMAND}, value=byte[]{length=17, hash=-1644578928}}
22:47:40.409 [raft-client-431b802d-5b1a-4d37-8231-45cdad27d9ba-2] TRACE i.a.p.r.p.impl.RaftProxyConnection - PartitionProxy{2}{type=io.atomix.protocols.raft.RaftTest$TestPrimitiveType@35bfa1bb, name=raft-test} - Sending CommandRequest{session=2, sequence=55, operation=PrimitiveOperation{id=DefaultOperationId{id=write, type=COMMAND}, value=byte[]{length=17, hash=-1644578928}}} to 3
22:47:40.410 [raft-server-3] TRACE i.a.p.raft.roles.FollowerRole - RaftServer{3}{role=FOLLOWER} - Received CommandRequest{session=2, sequence=55, operation=PrimitiveOperation{id=DefaultOperationId{id=write, type=COMMAND}, value=byte[]{length=17, hash=-1644578928}}}
22:47:40.410 [raft-server-2] TRACE i.a.protocols.raft.roles.LeaderRole - RaftServer{2}{role=LEADER} - Received CommandRequest{session=2, sequence=55, operation=PrimitiveOperation{id=DefaultOperationId{id=write, type=COMMAND}, value=byte[]{length=17, hash=-1644578928}}}
22:47:40.523 [raft-server-2] DEBUG i.a.storage.journal.SegmentedJournal - Created disk segment: JournalSegment{id=7, version=1, index=61, size=64}
22:47:40.523 [raft-server-2] TRACE i.a.protocols.raft.roles.LeaderRole - RaftServer{2}{role=LEADER} - Appended Indexed{index=61, entry=CommandEntry{term=1, timestamp=2018-06-07 10:47:40,410, session=2, sequence=55, operation=PrimitiveOperation{id=DefaultOperationId{id=write, type=COMMAND}, value=byte[]{length=17, hash=-1644578928}}}}
22:47:40.524 [raft-server-2] TRACE i.a.p.raft.roles.LeaderAppender - RaftServer{2} - Sending AppendRequest{term=1, leader=2, prevLogIndex=60, prevLogTerm=1, entries=1, commitIndex=60} to 1
22:47:40.524 [raft-server-1] TRACE i.a.p.raft.roles.FollowerRole - RaftServer{1}{role=FOLLOWER} - Received AppendRequest{term=1, leader=2, prevLogIndex=60, prevLogTerm=1, entries=1, commitIndex=60}
22:47:40.524 [raft-server-2] TRACE i.a.p.raft.roles.LeaderAppender - RaftServer{2} - Sending AppendRequest{term=1, leader=2, prevLogIndex=60, prevLogTerm=1, entries=1, commitIndex=60} to 3
22:47:40.524 [raft-server-3] TRACE i.a.p.raft.roles.FollowerRole - RaftServer{3}{role=FOLLOWER} - Received AppendRequest{term=1, leader=2, prevLogIndex=60, prevLogTerm=1, entries=1, commitIndex=60}
22:47:40.639 [raft-server-1] DEBUG i.a.storage.journal.SegmentedJournal - Created disk segment: JournalSegment{id=7, version=1, index=61, size=64}
22:47:40.639 [raft-server-3] DEBUG i.a.storage.journal.SegmentedJournal - Created disk segment: JournalSegment{id=7, version=1, index=61, size=64}
22:47:40.639 [raft-server-1] TRACE i.a.p.raft.roles.FollowerRole - RaftServer{1}{role=FOLLOWER} - Appended Indexed{index=61, entry=CommandEntry{term=1, timestamp=2018-06-07 10:47:40,410, session=2, sequence=55, operation=PrimitiveOperation{id=DefaultOperationId{id=write, type=COMMAND}, value=byte[]{length=17, hash=-1644578928}}}}
22:47:40.639 [raft-server-3] TRACE i.a.p.raft.roles.FollowerRole - RaftServer{3}{role=FOLLOWER} - Appended Indexed{index=61, entry=CommandEntry{term=1, timestamp=2018-06-07 10:47:40,410, session=2, sequence=55, operation=PrimitiveOperation{id=DefaultOperationId{id=write, type=COMMAND}, value=byte[]{length=17, hash=-1644578928}}}}
22:47:40.639 [raft-server-1] TRACE i.a.p.raft.roles.FollowerRole - RaftServer{1}{role=FOLLOWER} - Sending AppendResponse{status=OK, term=1, succeeded=true, lastLogIndex=61}
22:47:40.639 [raft-server-3] TRACE i.a.p.raft.roles.FollowerRole - RaftServer{3}{role=FOLLOWER} - Sending AppendResponse{status=OK, term=1, succeeded=true, lastLogIndex=61}
22:47:40.640 [raft-server-2] TRACE i.a.p.raft.roles.LeaderAppender - RaftServer{2} - Received AppendResponse{status=OK, term=1, succeeded=true, lastLogIndex=61} from 1
22:47:40.640 [raft-server-2] TRACE i.a.p.raft.roles.LeaderAppender - RaftServer{2} - Committed entries up to 61
22:47:40.659 [raft-server-3] DEBUG i.a.p.raft.impl.RaftServiceManager - RaftServer{3} - Snapshotting services
22:47:40.659 [raft-server-3-state] DEBUG i.a.p.r.s.snapshot.SnapshotStore - Created memory snapshot: MemorySnapshot{index=60}
22:47:40.660 [raft-server-3-state] TRACE i.a.utils.serializer.KryoNamespace - Creating Kryo instance for KryoNamespace{registeredBlocks=[RegistrationBlock{begin=16, types=[([Ljava.lang.Class;@6b321262,null), ([Ljava.lang.Class;@68b11545,null), ([Ljava.lang.Class;@7d0100ea,null), ([Ljava.lang.Class;@357bc488,null), ([Ljava.lang.Class;@4ea17147,io.atomix.utils.serializer.serializers.ImmutableListSerializer@2eda4eeb), ([Ljava.lang.Class;@5ba90d8a,io.atomix.utils.serializer.serializers.ImmutableSetSerializer@309dcdf3), ([Ljava.lang.Class;@7573b9ee,io.atomix.utils.serializer.serializers.ImmutableMapSerializer@9a20cbd), ([Ljava.lang.Class;@1af4955e,null), ([Ljava.lang.Class;@445821a6,null), ([Ljava.lang.Class;@2c0c4c0a,null), ([Ljava.lang.Class;@35d26ad2,null), ([Ljava.lang.Class;@bb25753,null), ([Ljava.lang.Class;@ee21292,null), ([Ljava.lang.Class;@40c06358,null), ([Ljava.lang.Class;@66e21568,null), ([Ljava.lang.Class;@7f73ce28,null), ([Ljava.lang.Class;@611b35d6,null), ([Ljava.lang.Class;@2282400e,null), ([Ljava.lang.Class;@543d5863,null), ([Ljava.lang.Class;@35dece42,null), ([Ljava.lang.Class;@dd3f8aa,io.atomix.utils.serializer.serializers.ArraysAsListSerializer@3d615b2e), ([Ljava.lang.Class;@3a1f2a1,null), ([Ljava.lang.Class;@40ce9049,null), ([Ljava.lang.Class;@52ca2652,null), ([Ljava.lang.Class;@65c5bf0e,null), ([Ljava.lang.Class;@697d6ded,null), ([Ljava.lang.Class;@5d05f453,null), ([Ljava.lang.Class;@5efeb117,null), ([Ljava.lang.Class;@160b4809,null), ([Ljava.lang.Class;@149b4d20,null), ([Ljava.lang.Class;@664e848c,null), ([Ljava.lang.Class;@4d93f75b,null), ([Ljava.lang.Class;@114a5e0,null), ([Ljava.lang.Class;@4f281aaf,null), ([Ljava.lang.Class;@5d508d22,null), ([Ljava.lang.Class;@f2b90fc,null)]}, RegistrationBlock{begin=52, types=[([Ljava.lang.Class;@58fb266e,null)]}]}
22:47:40.660 [raft-server-3-state] TRACE i.a.utils.serializer.KryoNamespace - class [B registered as 16
22:47:40.660 [raft-server-3-state] TRACE i.a.utils.serializer.KryoNamespace - class java.util.concurrent.atomic.AtomicBoolean registered as 17
22:47:40.660 [raft-server-3-state] TRACE i.a.utils.serializer.KryoNamespace - class java.util.concurrent.atomic.AtomicInteger registered as 18
22:47:40.660 [raft-server-3-state] TRACE i.a.utils.serializer.KryoNamespace - class java.util.concurrent.atomic.AtomicLong registered as 19
22:47:40.660 [raft-server-3-state] TRACE i.a.utils.serializer.KryoNamespace - class com.google.common.collect.ImmutableList registered as 20
22:47:40.660 [raft-server-3-state] TRACE i.a.utils.serializer.KryoNamespace - class com.google.common.collect.RegularImmutableList registered as 20
22:47:40.660 [raft-server-3-state] TRACE i.a.utils.serializer.KryoNamespace - class com.google.common.collect.RegularImmutableList registered as 20
22:47:40.660 [raft-server-3-state] TRACE i.a.utils.serializer.KryoNamespace - class com.google.common.collect.ImmutableList$SubList registered as 20
22:47:40.660 [raft-server-3-state] TRACE i.a.utils.serializer.KryoNamespace - class com.google.common.collect.ImmutableSet registered as 21
22:47:40.660 [raft-server-3-state] TRACE i.a.utils.serializer.KryoNamespace - class com.google.common.collect.RegularImmutableSet registered as 21
22:47:40.660 [raft-server-3-state] TRACE i.a.utils.serializer.KryoNamespace - class com.google.common.collect.SingletonImmutableSet registered as 21
22:47:40.660 [raft-server-3-state] TRACE i.a.utils.serializer.KryoNamespace - class com.google.common.collect.RegularImmutableSet registered as 21
22:47:40.660 [raft-server-3-state] TRACE i.a.utils.serializer.KryoNamespace - class com.google.common.collect.ImmutableMap registered as 22
22:47:40.660 [raft-server-3-state] TRACE i.a.utils.serializer.KryoNamespace - class com.google.common.collect.RegularImmutableMap registered as 22
22:47:40.660 [raft-server-3-state] TRACE i.a.utils.serializer.KryoNamespace - class com.google.common.collect.RegularImmutableMap registered as 22
22:47:40.660 [raft-server-3-state] TRACE i.a.utils.serializer.KryoNamespace - class com.google.common.collect.RegularImmutableMap registered as 22
22:47:40.660 [raft-server-3-state] TRACE i.a.utils.serializer.KryoNamespace - class java.util.Collections$UnmodifiableSet registered as 23
22:47:40.660 [raft-server-3-state] TRACE i.a.utils.serializer.KryoNamespace - class java.util.HashMap registered as 24
22:47:40.660 [raft-server-3-state] TRACE i.a.utils.serializer.KryoNamespace - class java.util.concurrent.ConcurrentHashMap registered as 25
22:47:40.660 [raft-server-3-state] TRACE i.a.utils.serializer.KryoNamespace - class java.util.concurrent.CopyOnWriteArraySet registered as 26
22:47:40.660 [raft-server-3-state] TRACE i.a.utils.serializer.KryoNamespace - class java.util.ArrayList registered as 27
22:47:40.660 [raft-server-3-state] TRACE i.a.utils.serializer.KryoNamespace - class java.util.LinkedList registered as 28
22:47:40.661 [raft-server-3-state] TRACE i.a.utils.serializer.KryoNamespace - class java.util.HashSet registered as 29
22:47:40.661 [raft-server-3-state] TRACE i.a.utils.serializer.KryoNamespace - class java.util.LinkedHashSet registered as 30
22:47:40.661 [raft-server-3-state] TRACE i.a.utils.serializer.KryoNamespace - class com.sun.jmx.remote.internal.ArrayQueue registered as 31
22:47:40.661 [raft-server-3-state] TRACE i.a.utils.serializer.KryoNamespace - class java.util.ArrayDeque registered as 32
22:47:40.661 [raft-server-3-state] TRACE i.a.utils.serializer.KryoNamespace - class com.google.common.collect.HashMultiset registered as 33
22:47:40.661 [raft-server-3-state] TRACE i.a.utils.serializer.KryoNamespace - class com.google.common.collect.Sets registered as 34
22:47:40.661 [raft-server-3-state] TRACE i.a.utils.serializer.KryoNamespace - class com.google.common.collect.ImmutableEntry registered as 35
22:47:40.661 [raft-server-3-state] TRACE i.a.utils.serializer.KryoNamespace - class java.util.Arrays$ArrayList registered as 36
22:47:40.661 [raft-server-3-state] TRACE i.a.utils.serializer.KryoNamespace - class java.util.Collections$SingletonList registered as 37
22:47:40.661 [raft-server-3-state] TRACE i.a.utils.serializer.KryoNamespace - class java.time.Duration registered as 38
22:47:40.661 [raft-server-3-state] TRACE i.a.utils.serializer.KryoNamespace - class java.util.Collections$EmptySet registered as 39
22:47:40.661 [raft-server-3-state] TRACE i.a.utils.serializer.KryoNamespace - class java.util.Optional registered as 40
22:47:40.661 [raft-server-3-state] TRACE i.a.utils.serializer.KryoNamespace - class java.util.Collections$EmptyList registered as 41
22:47:40.661 [raft-server-3-state] TRACE i.a.utils.serializer.KryoNamespace - class java.util.Collections$SingletonSet registered as 42
22:47:40.661 [raft-server-3-state] TRACE i.a.utils.serializer.KryoNamespace - class [I registered as 43
22:47:40.661 [raft-server-3-state] TRACE i.a.utils.serializer.KryoNamespace - class [J registered as 44
22:47:40.661 [raft-server-3-state] TRACE i.a.utils.serializer.KryoNamespace - class [S registered as 45
22:47:40.661 [raft-server-3-state] TRACE i.a.utils.serializer.KryoNamespace - class [D registered as 46
22:47:40.661 [raft-server-3-state] TRACE i.a.utils.serializer.KryoNamespace - class [F registered as 47
22:47:40.661 [raft-server-3-state] TRACE i.a.utils.serializer.KryoNamespace - class [C registered as 48
22:47:40.661 [raft-server-3-state] TRACE i.a.utils.serializer.KryoNamespace - class [Ljava.lang.String; registered as 49
22:47:40.661 [raft-server-3-state] TRACE i.a.utils.serializer.KryoNamespace - class [Z registered as 50
22:47:40.661 [raft-server-3-state] TRACE i.a.utils.serializer.KryoNamespace - class [Ljava.lang.Object; registered as 51
22:47:40.661 [raft-server-3-state] TRACE i.a.utils.serializer.KryoNamespace - class io.atomix.primitive.service.ServiceConfig registered as 52
22:47:40.661 [raft-server-3-state] DEBUG i.a.p.r.service.RaftServiceContext - PrimitiveService{2}{type=io.atomix.protocols.raft.RaftTest$TestPrimitiveType@19970ea6, name=raft-test} - Taking snapshot 60
22:47:40.662 [raft-server-3-state] TRACE i.a.utils.serializer.KryoNamespace - Creating Kryo instance for KryoNamespace{registeredBlocks=[RegistrationBlock{begin=16, types=[([Ljava.lang.Class;@6b321262,null), ([Ljava.lang.Class;@68b11545,null), ([Ljava.lang.Class;@7d0100ea,null), ([Ljava.lang.Class;@357bc488,null), ([Ljava.lang.Class;@4ea17147,io.atomix.utils.serializer.serializers.ImmutableListSerializer@2eda4eeb), ([Ljava.lang.Class;@5ba90d8a,io.atomix.utils.serializer.serializers.ImmutableSetSerializer@309dcdf3), ([Ljava.lang.Class;@7573b9ee,io.atomix.utils.serializer.serializers.ImmutableMapSerializer@9a20cbd), ([Ljava.lang.Class;@1af4955e,null), ([Ljava.lang.Class;@445821a6,null), ([Ljava.lang.Class;@2c0c4c0a,null), ([Ljava.lang.Class;@35d26ad2,null), ([Ljava.lang.Class;@bb25753,null), ([Ljava.lang.Class;@ee21292,null), ([Ljava.lang.Class;@40c06358,null), ([Ljava.lang.Class;@66e21568,null), ([Ljava.lang.Class;@7f73ce28,null), ([Ljava.lang.Class;@611b35d6,null), ([Ljava.lang.Class;@2282400e,null), ([Ljava.lang.Class;@543d5863,null), ([Ljava.lang.Class;@35dece42,null), ([Ljava.lang.Class;@dd3f8aa,io.atomix.utils.serializer.serializers.ArraysAsListSerializer@3d615b2e), ([Ljava.lang.Class;@3a1f2a1,null), ([Ljava.lang.Class;@40ce9049,null), ([Ljava.lang.Class;@52ca2652,null), ([Ljava.lang.Class;@65c5bf0e,null), ([Ljava.lang.Class;@697d6ded,null), ([Ljava.lang.Class;@5d05f453,null), ([Ljava.lang.Class;@5efeb117,null), ([Ljava.lang.Class;@160b4809,null), ([Ljava.lang.Class;@149b4d20,null), ([Ljava.lang.Class;@664e848c,null), ([Ljava.lang.Class;@4d93f75b,null), ([Ljava.lang.Class;@114a5e0,null), ([Ljava.lang.Class;@4f281aaf,null), ([Ljava.lang.Class;@5d508d22,null), ([Ljava.lang.Class;@f2b90fc,null)]}, RegistrationBlock{begin=52, types=[([Ljava.lang.Class;@4d4487ab,null)]}]}
22:47:40.662 [raft-server-3-state] TRACE i.a.utils.serializer.KryoNamespace - class [B registered as 16
22:47:40.662 [raft-server-3-state] TRACE i.a.utils.serializer.KryoNamespace - class java.util.concurrent.atomic.AtomicBoolean registered as 17
22:47:40.662 [raft-server-3-state] TRACE i.a.utils.serializer.KryoNamespace - class java.util.concurrent.atomic.AtomicInteger registered as 18
22:47:40.662 [raft-server-3-state] TRACE i.a.utils.serializer.KryoNamespace - class java.util.concurrent.atomic.AtomicLong registered as 19
22:47:40.662 [raft-server-3-state] TRACE i.a.utils.serializer.KryoNamespace - class com.google.common.collect.ImmutableList registered as 20
22:47:40.662 [raft-server-3-state] TRACE i.a.utils.serializer.KryoNamespace - class com.google.common.collect.RegularImmutableList registered as 20
22:47:40.662 [raft-server-3-state] TRACE i.a.utils.serializer.KryoNamespace - class com.google.common.collect.RegularImmutableList registered as 20
22:47:40.662 [raft-server-3-state] TRACE i.a.utils.serializer.KryoNamespace - class com.google.common.collect.ImmutableList$SubList registered as 20
22:47:40.662 [raft-server-3-state] TRACE i.a.utils.serializer.KryoNamespace - class com.google.common.collect.ImmutableSet registered as 21
22:47:40.662 [raft-server-3-state] TRACE i.a.utils.serializer.KryoNamespace - class com.google.common.collect.RegularImmutableSet registered as 21
22:47:40.662 [raft-server-3-state] TRACE i.a.utils.serializer.KryoNamespace - class com.google.common.collect.SingletonImmutableSet registered as 21
22:47:40.662 [raft-server-3-state] TRACE i.a.utils.serializer.KryoNamespace - class com.google.common.collect.RegularImmutableSet registered as 21
22:47:40.662 [raft-server-3-state] TRACE i.a.utils.serializer.KryoNamespace - class com.google.common.collect.ImmutableMap registered as 22
22:47:40.662 [raft-server-3-state] TRACE i.a.utils.serializer.KryoNamespace - class com.google.common.collect.RegularImmutableMap registered as 22
22:47:40.662 [raft-server-3-state] TRACE i.a.utils.serializer.KryoNamespace - class com.google.common.collect.RegularImmutableMap registered as 22
22:47:40.662 [raft-server-3-state] TRACE i.a.utils.serializer.KryoNamespace - class com.google.common.collect.RegularImmutableMap registered as 22
22:47:40.662 [raft-server-3-state] TRACE i.a.utils.serializer.KryoNamespace - class java.util.Collections$UnmodifiableSet registered as 23
22:47:40.662 [raft-server-3-state] TRACE i.a.utils.serializer.KryoNamespace - class java.util.HashMap registered as 24
22:47:40.662 [raft-server-3-state] TRACE i.a.utils.serializer.KryoNamespace - class java.util.concurrent.ConcurrentHashMap registered as 25
22:47:40.662 [raft-server-3-state] TRACE i.a.utils.serializer.KryoNamespace - class java.util.concurrent.CopyOnWriteArraySet registered as 26
22:47:40.662 [raft-server-3-state] TRACE i.a.utils.serializer.KryoNamespace - class java.util.ArrayList registered as 27
22:47:40.662 [raft-server-3-state] TRACE i.a.utils.serializer.KryoNamespace - class java.util.LinkedList registered as 28
22:47:40.662 [raft-server-3-state] TRACE i.a.utils.serializer.KryoNamespace - class java.util.HashSet registered as 29
22:47:40.662 [raft-server-3-state] TRACE i.a.utils.serializer.KryoNamespace - class java.util.LinkedHashSet registered as 30
22:47:40.662 [raft-server-3-state] TRACE i.a.utils.serializer.KryoNamespace - class com.sun.jmx.remote.internal.ArrayQueue registered as 31
22:47:40.663 [raft-server-3-state] TRACE i.a.utils.serializer.KryoNamespace - class java.util.ArrayDeque registered as 32
22:47:40.663 [raft-server-3-state] TRACE i.a.utils.serializer.KryoNamespace - class com.google.common.collect.HashMultiset registered as 33
22:47:40.663 [raft-server-3-state] TRACE i.a.utils.serializer.KryoNamespace - class com.google.common.collect.Sets registered as 34
22:47:40.663 [raft-server-3-state] TRACE i.a.utils.serializer.KryoNamespace - class com.google.common.collect.ImmutableEntry registered as 35
22:47:40.663 [raft-server-3-state] TRACE i.a.utils.serializer.KryoNamespace - class java.util.Arrays$ArrayList registered as 36
22:47:40.663 [raft-server-3-state] TRACE i.a.utils.serializer.KryoNamespace - class java.util.Collections$SingletonList registered as 37
22:47:40.663 [raft-server-3-state] TRACE i.a.utils.serializer.KryoNamespace - class java.time.Duration registered as 38
22:47:40.663 [raft-server-3-state] TRACE i.a.utils.serializer.KryoNamespace - class java.util.Collections$EmptySet registered as 39
22:47:40.663 [raft-server-3-state] TRACE i.a.utils.serializer.KryoNamespace - class java.util.Optional registered as 40
22:47:40.663 [raft-server-3-state] TRACE i.a.utils.serializer.KryoNamespace - class java.util.Collections$EmptyList registered as 41
22:47:40.663 [raft-server-3-state] TRACE i.a.utils.serializer.KryoNamespace - class java.util.Collections$SingletonSet registered as 42
22:47:40.663 [raft-server-3-state] TRACE i.a.utils.serializer.KryoNamespace - class [I registered as 43
22:47:40.663 [raft-server-3-state] TRACE i.a.utils.serializer.KryoNamespace - class [J registered as 44
22:47:40.663 [raft-server-3-state] TRACE i.a.utils.serializer.KryoNamespace - class [S registered as 45
22:47:40.663 [raft-server-3-state] TRACE i.a.utils.serializer.KryoNamespace - class [D registered as 46
22:47:40.663 [raft-server-3-state] TRACE i.a.utils.serializer.KryoNamespace - class [F registered as 47
22:47:40.663 [raft-server-3-state] TRACE i.a.utils.serializer.KryoNamespace - class [C registered as 48
22:47:40.663 [raft-server-3-state] TRACE i.a.utils.serializer.KryoNamespace - class [Ljava.lang.String; registered as 49
22:47:40.663 [raft-server-3-state] TRACE i.a.utils.serializer.KryoNamespace - class [Z registered as 50
22:47:40.663 [raft-server-3-state] TRACE i.a.utils.serializer.KryoNamespace - class [Ljava.lang.Object; registered as 51
22:47:40.663 [raft-server-3-state] TRACE i.a.utils.serializer.KryoNamespace - class io.atomix.primitive.service.ServiceConfig registered as 52
22:47:40.663 [raft-server-3-compaction] DEBUG i.a.p.r.s.snapshot.SnapshotStore - Created disk snapshot: FileSnapshot{index=60}
22:47:40.672 [raft-server-2] TRACE i.a.p.raft.roles.LeaderAppender - RaftServer{2} - Received AppendResponse{status=OK, term=1, succeeded=true, lastLogIndex=61} from 3
22:47:40.673 [raft-server-2-state] TRACE i.a.p.raft.impl.RaftServiceManager - RaftServer{2} - Applying Indexed{index=61, entry=CommandEntry{term=1, timestamp=2018-06-07 10:47:40,410, session=2, sequence=55, operation=PrimitiveOperation{id=DefaultOperationId{id=write, type=COMMAND}, value=byte[]{length=17, hash=-1644578928}}}}
22:47:40.673 [raft-server-2-state] TRACE i.a.p.s.impl.DefaultServiceExecutor - PrimitiveService{2}{type=io.atomix.protocols.raft.RaftTest$TestPrimitiveType@581a9c39, name=raft-test} - Executing DefaultCommit{index=61, session=RaftSession{RaftServiceContext{server=2, type=io.atomix.protocols.raft.RaftTest$TestPrimitiveType@581a9c39, name=raft-test, id=2}, session=2, timestamp=2018-06-07 10:47:40,410}, time=2018-06-07 10:47:40,410, operation=DefaultOperationId{id=write, type=COMMAND}, value=byte[]{length=17, hash=-1644578928}}
22:47:40.673 [raft-server-2-state] TRACE i.a.protocols.raft.roles.LeaderRole - RaftServer{2}{role=LEADER} - Sending CommandResponse{status=OK, index=61, eventIndex=2, result=byte[]{length=2, hash=1362}}
22:47:40.673 [raft-server-3] TRACE i.a.p.raft.roles.FollowerRole - RaftServer{3}{role=FOLLOWER} - Sending CommandResponse{status=OK, index=61, eventIndex=2, result=byte[]{length=2, hash=1362}}
22:47:40.673 [raft-client-431b802d-5b1a-4d37-8231-45cdad27d9ba-6] TRACE i.a.p.r.p.impl.RaftProxyConnection - PartitionProxy{2}{type=io.atomix.protocols.raft.RaftTest$TestPrimitiveType@35bfa1bb, name=raft-test} - Received CommandResponse{status=OK, index=61, eventIndex=2, result=byte[]{length=2, hash=1362}} from 3
22:47:40.673 [raft-client-431b802d-5b1a-4d37-8231-45cdad27d9ba-6] TRACE i.a.p.r.p.impl.RaftProxySequencer - PartitionProxy{2}{type=io.atomix.protocols.raft.RaftTest$TestPrimitiveType@35bfa1bb, name=raft-test} - Completing response CommandResponse{status=OK, index=61, eventIndex=2, result=byte[]{length=2, hash=1362}}
22:47:40.674 [raft-client-431b802d-5b1a-4d37-8231-45cdad27d9ba-6] TRACE i.a.p.r.p.impl.RaftProxyConnection - PartitionProxy{2}{type=io.atomix.protocols.raft.RaftTest$TestPrimitiveType@35bfa1bb, name=raft-test} - Sending CommandRequest{session=2, sequence=56, operation=PrimitiveOperation{id=DefaultOperationId{id=write, type=COMMAND}, value=byte[]{length=17, hash=-1644578928}}} to 3
22:47:40.674 [raft-server-3] TRACE i.a.p.raft.roles.FollowerRole - RaftServer{3}{role=FOLLOWER} - Received CommandRequest{session=2, sequence=56, operation=PrimitiveOperation{id=DefaultOperationId{id=write, type=COMMAND}, value=byte[]{length=17, hash=-1644578928}}}
22:47:40.674 [raft-server-2] TRACE i.a.protocols.raft.roles.LeaderRole - RaftServer{2}{role=LEADER} - Received CommandRequest{session=2, sequence=56, operation=PrimitiveOperation{id=DefaultOperationId{id=write, type=COMMAND}, value=byte[]{length=17, hash=-1644578928}}}
22:47:40.674 [raft-server-2] TRACE i.a.protocols.raft.roles.LeaderRole - RaftServer{2}{role=LEADER} - Appended Indexed{index=62, entry=CommandEntry{term=1, timestamp=2018-06-07 10:47:40,674, session=2, sequence=56, operation=PrimitiveOperation{id=DefaultOperationId{id=write, type=COMMAND}, value=byte[]{length=17, hash=-1644578928}}}}
22:47:40.674 [raft-server-2] TRACE i.a.p.raft.roles.LeaderAppender - RaftServer{2} - Sending AppendRequest{term=1, leader=2, prevLogIndex=61, prevLogTerm=1, entries=1, commitIndex=61} to 1
22:47:40.674 [raft-server-1] TRACE i.a.p.raft.roles.FollowerRole - RaftServer{1}{role=FOLLOWER} - Received AppendRequest{term=1, leader=2, prevLogIndex=61, prevLogTerm=1, entries=1, commitIndex=61}
22:47:40.674 [raft-server-2] TRACE i.a.p.raft.roles.LeaderAppender - RaftServer{2} - Sending AppendRequest{term=1, leader=2, prevLogIndex=61, prevLogTerm=1, entries=1, commitIndex=61} to 3
22:47:40.675 [raft-server-3] TRACE i.a.p.raft.roles.FollowerRole - RaftServer{3}{role=FOLLOWER} - Received AppendRequest{term=1, leader=2, prevLogIndex=61, prevLogTerm=1, entries=1, commitIndex=61}
22:47:40.675 [raft-server-1] TRACE i.a.p.raft.roles.FollowerRole - RaftServer{1}{role=FOLLOWER} - Appended Indexed{index=62, entry=CommandEntry{term=1, timestamp=2018-06-07 10:47:40,674, session=2, sequence=56, operation=PrimitiveOperation{id=DefaultOperationId{id=write, type=COMMAND}, value=byte[]{length=17, hash=-1644578928}}}}
22:47:40.675 [raft-server-3] TRACE i.a.p.raft.roles.FollowerRole - RaftServer{3}{role=FOLLOWER} - Appended Indexed{index=62, entry=CommandEntry{term=1, timestamp=2018-06-07 10:47:40,674, session=2, sequence=56, operation=PrimitiveOperation{id=DefaultOperationId{id=write, type=COMMAND}, value=byte[]{length=17, hash=-1644578928}}}}
22:47:40.739 [raft-server-3] TRACE i.a.p.raft.roles.FollowerRole - RaftServer{3}{role=FOLLOWER} - Committed entries up to index 61
22:47:40.739 [raft-server-3] TRACE i.a.p.raft.roles.FollowerRole - RaftServer{3}{role=FOLLOWER} - Sending AppendResponse{status=OK, term=1, succeeded=true, lastLogIndex=62}
22:47:40.739 [raft-server-1] TRACE i.a.p.raft.roles.FollowerRole - RaftServer{1}{role=FOLLOWER} - Committed entries up to index 61
22:47:40.739 [raft-server-1] TRACE i.a.p.raft.roles.FollowerRole - RaftServer{1}{role=FOLLOWER} - Sending AppendResponse{status=OK, term=1, succeeded=true, lastLogIndex=62}
22:47:40.739 [raft-server-2] TRACE i.a.p.raft.roles.LeaderAppender - RaftServer{2} - Received AppendResponse{status=OK, term=1, succeeded=true, lastLogIndex=62} from 3
22:47:40.739 [raft-server-2] TRACE i.a.p.raft.roles.LeaderAppender - RaftServer{2} - Committed entries up to 62
22:47:40.739 [raft-server-3-state] TRACE i.a.p.raft.impl.RaftServiceManager - RaftServer{3} - Applying Indexed{index=61, entry=CommandEntry{term=1, timestamp=2018-06-07 10:47:40,410, session=2, sequence=55, operation=PrimitiveOperation{id=DefaultOperationId{id=write, type=COMMAND}, value=byte[]{length=17, hash=-1644578928}}}}
22:47:40.739 [raft-server-1-state] TRACE i.a.p.raft.impl.RaftServiceManager - RaftServer{1} - Applying Indexed{index=61, entry=CommandEntry{term=1, timestamp=2018-06-07 10:47:40,410, session=2, sequence=55, operation=PrimitiveOperation{id=DefaultOperationId{id=write, type=COMMAND}, value=byte[]{length=17, hash=-1644578928}}}}
22:47:40.739 [raft-server-3-state] TRACE i.a.p.s.impl.DefaultServiceExecutor - PrimitiveService{2}{type=io.atomix.protocols.raft.RaftTest$TestPrimitiveType@19970ea6, name=raft-test} - Executing DefaultCommit{index=61, session=RaftSession{RaftServiceContext{server=3, type=io.atomix.protocols.raft.RaftTest$TestPrimitiveType@19970ea6, name=raft-test, id=2}, session=2, timestamp=2018-06-07 10:47:40,410}, time=2018-06-07 10:47:40,410, operation=DefaultOperationId{id=write, type=COMMAND}, value=byte[]{length=17, hash=-1644578928}}
22:47:40.739 [raft-server-1-state] TRACE i.a.p.s.impl.DefaultServiceExecutor - PrimitiveService{2}{type=io.atomix.protocols.raft.RaftTest$TestPrimitiveType@43a95102, name=raft-test} - Executing DefaultCommit{index=61, session=RaftSession{RaftServiceContext{server=1, type=io.atomix.protocols.raft.RaftTest$TestPrimitiveType@43a95102, name=raft-test, id=2}, session=2, timestamp=2018-06-07 10:47:40,410}, time=2018-06-07 10:47:40,410, operation=DefaultOperationId{id=write, type=COMMAND}, value=byte[]{length=17, hash=-1644578928}}
22:47:40.842 [raft-server-2] TRACE i.a.p.raft.roles.LeaderAppender - RaftServer{2} - Sending AppendRequest{term=1, leader=2, prevLogIndex=62, prevLogTerm=1, entries=0, commitIndex=62} to 3
22:47:40.842 [raft-server-2] TRACE i.a.p.raft.roles.LeaderAppender - RaftServer{2} - Received AppendResponse{status=OK, term=1, succeeded=true, lastLogIndex=62} from 1
22:47:40.842 [raft-server-2] TRACE i.a.p.raft.roles.LeaderAppender - RaftServer{2} - Sending AppendRequest{term=1, leader=2, prevLogIndex=62, prevLogTerm=1, entries=0, commitIndex=62} to 1
22:47:40.842 [raft-server-3] TRACE i.a.p.raft.roles.FollowerRole - RaftServer{3}{role=FOLLOWER} - Received AppendRequest{term=1, leader=2, prevLogIndex=62, prevLogTerm=1, entries=0, commitIndex=62}
22:47:40.842 [raft-server-1] TRACE i.a.p.raft.roles.FollowerRole - RaftServer{1}{role=FOLLOWER} - Received AppendRequest{term=1, leader=2, prevLogIndex=62, prevLogTerm=1, entries=0, commitIndex=62}
22:47:40.842 [raft-server-2-state] TRACE i.a.p.raft.impl.RaftServiceManager - RaftServer{2} - Applying Indexed{index=62, entry=CommandEntry{term=1, timestamp=2018-06-07 10:47:40,674, session=2, sequence=56, operation=PrimitiveOperation{id=DefaultOperationId{id=write, type=COMMAND}, value=byte[]{length=17, hash=-1644578928}}}}
22:47:40.842 [raft-server-2-state] TRACE i.a.p.s.impl.DefaultServiceExecutor - PrimitiveService{2}{type=io.atomix.protocols.raft.RaftTest$TestPrimitiveType@581a9c39, name=raft-test} - Executing DefaultCommit{index=62, session=RaftSession{RaftServiceContext{server=2, type=io.atomix.protocols.raft.RaftTest$TestPrimitiveType@581a9c39, name=raft-test, id=2}, session=2, timestamp=2018-06-07 10:47:40,674}, time=2018-06-07 10:47:40,674, operation=DefaultOperationId{id=write, type=COMMAND}, value=byte[]{length=17, hash=-1644578928}}
22:47:40.842 [raft-server-2-state] TRACE i.a.protocols.raft.roles.LeaderRole - RaftServer{2}{role=LEADER} - Sending CommandResponse{status=OK, index=62, eventIndex=2, result=byte[]{length=2, hash=1364}}
22:47:40.922 [raft-client-431b802d-5b1a-4d37-8231-45cdad27d9ba-4] TRACE i.a.p.r.proxy.impl.RaftProxyManager - RaftClient{431b802d-5b1a-4d37-8231-45cdad27d9ba} - Keeping 1 sessions alive
22:47:40.922 [raft-client-431b802d-5b1a-4d37-8231-45cdad27d9ba-4] TRACE i.a.p.r.p.impl.RaftProxyConnection - RaftClient{431b802d-5b1a-4d37-8231-45cdad27d9ba} - Sending KeepAliveRequest{sessionIds=long[]{length=1, hash=33}, commandSequences=long[]{length=1, hash=86}, eventIndexes=long[]{length=1, hash=33}} to 3
22:47:40.992 [raft-server-3] TRACE i.a.p.raft.roles.FollowerRole - RaftServer{3}{role=FOLLOWER} - Committed entries up to index 62
22:47:40.992 [raft-server-1] TRACE i.a.p.raft.roles.FollowerRole - RaftServer{1}{role=FOLLOWER} - Committed entries up to index 62
22:47:40.992 [raft-server-3] TRACE i.a.p.raft.roles.FollowerRole - RaftServer{3}{role=FOLLOWER} - Sending AppendResponse{status=OK, term=1, succeeded=true, lastLogIndex=62}
22:47:40.992 [raft-server-1] TRACE i.a.p.raft.roles.FollowerRole - RaftServer{1}{role=FOLLOWER} - Sending AppendResponse{status=OK, term=1, succeeded=true, lastLogIndex=62}
22:47:40.992 [raft-server-3] TRACE i.a.p.raft.roles.FollowerRole - RaftServer{3}{role=FOLLOWER} - Sending CommandResponse{status=OK, index=62, eventIndex=2, result=byte[]{length=2, hash=1364}}
22:47:40.992 [raft-server-2] TRACE i.a.p.raft.roles.LeaderAppender - RaftServer{2} - Received AppendResponse{status=OK, term=1, succeeded=true, lastLogIndex=62} from 3
22:47:40.992 [raft-server-3] TRACE i.a.p.raft.roles.FollowerRole - RaftServer{3}{role=FOLLOWER} - Received KeepAliveRequest{sessionIds=long[]{length=1, hash=33}, commandSequences=long[]{length=1, hash=86}, eventIndexes=long[]{length=1, hash=33}}
22:47:40.992 [raft-client-431b802d-5b1a-4d37-8231-45cdad27d9ba-1] TRACE i.a.p.r.p.impl.RaftProxyConnection - PartitionProxy{2}{type=io.atomix.protocols.raft.RaftTest$TestPrimitiveType@35bfa1bb, name=raft-test} - Received CommandResponse{status=OK, index=62, eventIndex=2, result=byte[]{length=2, hash=1364}} from 3
22:47:40.992 [raft-server-2] TRACE i.a.p.raft.roles.LeaderAppender - RaftServer{2} - Sending AppendRequest{term=1, leader=2, prevLogIndex=62, prevLogTerm=1, entries=0, commitIndex=62} to 3
22:47:40.992 [raft-server-1-state] TRACE i.a.p.raft.impl.RaftServiceManager - RaftServer{1} - Applying Indexed{index=62, entry=CommandEntry{term=1, timestamp=2018-06-07 10:47:40,674, session=2, sequence=56, operation=PrimitiveOperation{id=DefaultOperationId{id=write, type=COMMAND}, value=byte[]{length=17, hash=-1644578928}}}}
22:47:40.992 [raft-client-431b802d-5b1a-4d37-8231-45cdad27d9ba-1] TRACE i.a.p.r.p.impl.RaftProxySequencer - PartitionProxy{2}{type=io.atomix.protocols.raft.RaftTest$TestPrimitiveType@35bfa1bb, name=raft-test} - Completing response CommandResponse{status=OK, index=62, eventIndex=2, result=byte[]{length=2, hash=1364}}
22:47:40.992 [raft-server-2] TRACE i.a.p.raft.roles.LeaderAppender - RaftServer{2} - Received AppendResponse{status=OK, term=1, succeeded=true, lastLogIndex=62} from 1
22:47:40.992 [raft-server-3] TRACE i.a.p.raft.roles.FollowerRole - RaftServer{3}{role=FOLLOWER} - Received AppendRequest{term=1, leader=2, prevLogIndex=62, prevLogTerm=1, entries=0, commitIndex=62}
22:47:40.992 [raft-server-3-state] TRACE i.a.p.raft.impl.RaftServiceManager - RaftServer{3} - Applying Indexed{index=62, entry=CommandEntry{term=1, timestamp=2018-06-07 10:47:40,674, session=2, sequence=56, operation=PrimitiveOperation{id=DefaultOperationId{id=write, type=COMMAND}, value=byte[]{length=17, hash=-1644578928}}}}
22:47:40.992 [raft-server-1-state] TRACE i.a.p.s.impl.DefaultServiceExecutor - PrimitiveService{2}{type=io.atomix.protocols.raft.RaftTest$TestPrimitiveType@43a95102, name=raft-test} - Executing DefaultCommit{index=62, session=RaftSession{RaftServiceContext{server=1, type=io.atomix.protocols.raft.RaftTest$TestPrimitiveType@43a95102, name=raft-test, id=2}, session=2, timestamp=2018-06-07 10:47:40,674}, time=2018-06-07 10:47:40,674, operation=DefaultOperationId{id=write, type=COMMAND}, value=byte[]{length=17, hash=-1644578928}}
22:47:40.992 [raft-server-2] TRACE i.a.p.raft.roles.LeaderAppender - RaftServer{2} - Sending AppendRequest{term=1, leader=2, prevLogIndex=62, prevLogTerm=1, entries=0, commitIndex=62} to 1
22:47:40.992 [raft-server-3] TRACE i.a.p.raft.roles.FollowerRole - RaftServer{3}{role=FOLLOWER} - Sending AppendResponse{status=OK, term=1, succeeded=true, lastLogIndex=62}
22:47:40.993 [raft-client-431b802d-5b1a-4d37-8231-45cdad27d9ba-6] TRACE i.a.p.r.p.impl.RaftProxyConnection - PartitionProxy{2}{type=io.atomix.protocols.raft.RaftTest$TestPrimitiveType@35bfa1bb, name=raft-test} - Sending CommandRequest{session=2, sequence=57, operation=PrimitiveOperation{id=DefaultOperationId{id=write, type=COMMAND}, value=byte[]{length=17, hash=-1644578928}}} to 3
22:47:40.993 [raft-server-3-state] TRACE i.a.p.s.impl.DefaultServiceExecutor - PrimitiveService{2}{type=io.atomix.protocols.raft.RaftTest$TestPrimitiveType@19970ea6, name=raft-test} - Executing DefaultCommit{index=62, session=RaftSession{RaftServiceContext{server=3, type=io.atomix.protocols.raft.RaftTest$TestPrimitiveType@19970ea6, name=raft-test, id=2}, session=2, timestamp=2018-06-07 10:47:40,674}, time=2018-06-07 10:47:40,674, operation=DefaultOperationId{id=write, type=COMMAND}, value=byte[]{length=17, hash=-1644578928}}
22:47:40.993 [raft-server-2] TRACE i.a.protocols.raft.roles.LeaderRole - RaftServer{2}{role=LEADER} - Received KeepAliveRequest{sessionIds=long[]{length=1, hash=33}, commandSequences=long[]{length=1, hash=86}, eventIndexes=long[]{length=1, hash=33}}
22:47:40.993 [raft-server-1] TRACE i.a.p.raft.roles.FollowerRole - RaftServer{1}{role=FOLLOWER} - Received AppendRequest{term=1, leader=2, prevLogIndex=62, prevLogTerm=1, entries=0, commitIndex=62}
22:47:40.993 [raft-server-3] TRACE i.a.p.raft.roles.FollowerRole - RaftServer{3}{role=FOLLOWER} - Received CommandRequest{session=2, sequence=57, operation=PrimitiveOperation{id=DefaultOperationId{id=write, type=COMMAND}, value=byte[]{length=17, hash=-1644578928}}}
22:47:40.993 [raft-server-1] TRACE i.a.p.raft.roles.FollowerRole - RaftServer{1}{role=FOLLOWER} - Sending AppendResponse{status=OK, term=1, succeeded=true, lastLogIndex=62}
22:47:40.993 [raft-server-2] TRACE i.a.protocols.raft.roles.LeaderRole - RaftServer{2}{role=LEADER} - Appended Indexed{index=63, entry=KeepAliveEntry{term=1, timestamp=2018-06-07 10:47:40,993, sessionIds=long[]{length=1, hash=33}, commandSequences=long[]{length=1, hash=86}, eventIndexes=long[]{length=1, hash=33}}}
22:47:40.993 [raft-server-2] TRACE i.a.p.raft.roles.LeaderAppender - RaftServer{2} - Received AppendResponse{status=OK, term=1, succeeded=true, lastLogIndex=62} from 3
22:47:40.993 [raft-server-2] TRACE i.a.p.raft.roles.LeaderAppender - RaftServer{2} - Sending AppendRequest{term=1, leader=2, prevLogIndex=62, prevLogTerm=1, entries=1, commitIndex=62} to 3
22:47:40.993 [raft-server-3] TRACE i.a.p.raft.roles.FollowerRole - RaftServer{3}{role=FOLLOWER} - Received AppendRequest{term=1, leader=2, prevLogIndex=62, prevLogTerm=1, entries=1, commitIndex=62}
22:47:40.993 [raft-server-2] TRACE i.a.protocols.raft.roles.LeaderRole - RaftServer{2}{role=LEADER} - Received CommandRequest{session=2, sequence=57, operation=PrimitiveOperation{id=DefaultOperationId{id=write, type=COMMAND}, value=byte[]{length=17, hash=-1644578928}}}
22:47:40.994 [raft-server-3] TRACE i.a.p.raft.roles.FollowerRole - RaftServer{3}{role=FOLLOWER} - Appended Indexed{index=63, entry=KeepAliveEntry{term=1, timestamp=2018-06-07 10:47:40,993, sessionIds=long[]{length=1, hash=33}, commandSequences=long[]{length=1, hash=86}, eventIndexes=long[]{length=1, hash=33}}}
22:47:40.994 [raft-server-3] TRACE i.a.p.raft.roles.FollowerRole - RaftServer{3}{role=FOLLOWER} - Sending AppendResponse{status=OK, term=1, succeeded=true, lastLogIndex=63}
22:47:40.994 [raft-server-2] TRACE i.a.protocols.raft.roles.LeaderRole - RaftServer{2}{role=LEADER} - Appended Indexed{index=64, entry=CommandEntry{term=1, timestamp=2018-06-07 10:47:40,994, session=2, sequence=57, operation=PrimitiveOperation{id=DefaultOperationId{id=write, type=COMMAND}, value=byte[]{length=17, hash=-1644578928}}}}
22:47:40.994 [raft-server-2] TRACE i.a.p.raft.roles.LeaderAppender - RaftServer{2} - Received AppendResponse{status=OK, term=1, succeeded=true, lastLogIndex=62} from 1
22:47:40.994 [raft-server-2] TRACE i.a.p.raft.roles.LeaderAppender - RaftServer{2} - Sending AppendRequest{term=1, leader=2, prevLogIndex=62, prevLogTerm=1, entries=2, commitIndex=62} to 1
22:47:40.994 [raft-server-1] TRACE i.a.p.raft.roles.FollowerRole - RaftServer{1}{role=FOLLOWER} - Received AppendRequest{term=1, leader=2, prevLogIndex=62, prevLogTerm=1, entries=2, commitIndex=62}
22:47:40.994 [raft-server-2] TRACE i.a.p.raft.roles.LeaderAppender - RaftServer{2} - Received AppendResponse{status=OK, term=1, succeeded=true, lastLogIndex=63} from 3
22:47:40.994 [raft-server-2] TRACE i.a.p.raft.roles.LeaderAppender - RaftServer{2} - Committed entries up to 63
22:47:40.994 [raft-server-1] TRACE i.a.p.raft.roles.FollowerRole - RaftServer{1}{role=FOLLOWER} - Appended Indexed{index=63, entry=KeepAliveEntry{term=1, timestamp=2018-06-07 10:47:40,993, sessionIds=long[]{length=1, hash=33}, commandSequences=long[]{length=1, hash=86}, eventIndexes=long[]{length=1, hash=33}}}
22:47:40.994 [raft-server-1] TRACE i.a.p.raft.roles.FollowerRole - RaftServer{1}{role=FOLLOWER} - Appended Indexed{index=64, entry=CommandEntry{term=1, timestamp=2018-06-07 10:47:40,994, session=2, sequence=57, operation=PrimitiveOperation{id=DefaultOperationId{id=write, type=COMMAND}, value=byte[]{length=17, hash=-1644578928}}}}
22:47:40.994 [raft-server-1] TRACE i.a.p.raft.roles.FollowerRole - RaftServer{1}{role=FOLLOWER} - Sending AppendResponse{status=OK, term=1, succeeded=true, lastLogIndex=64}
22:47:41.133 [raft-server-2] TRACE i.a.p.raft.roles.LeaderAppender - RaftServer{2} - Sending AppendRequest{term=1, leader=2, prevLogIndex=63, prevLogTerm=1, entries=1, commitIndex=63} to 3
22:47:41.134 [raft-server-3] TRACE i.a.p.raft.roles.FollowerRole - RaftServer{3}{role=FOLLOWER} - Received AppendRequest{term=1, leader=2, prevLogIndex=63, prevLogTerm=1, entries=1, commitIndex=63}
22:47:41.134 [raft-server-2] TRACE i.a.p.raft.roles.LeaderAppender - RaftServer{2} - Received AppendResponse{status=OK, term=1, succeeded=true, lastLogIndex=64} from 1
22:47:41.134 [raft-server-2] TRACE i.a.p.raft.roles.LeaderAppender - RaftServer{2} - Committed entries up to 64
22:47:41.134 [raft-server-3] TRACE i.a.p.raft.roles.FollowerRole - RaftServer{3}{role=FOLLOWER} - Appended Indexed{index=64, entry=CommandEntry{term=1, timestamp=2018-06-07 10:47:40,994, session=2, sequence=57, operation=PrimitiveOperation{id=DefaultOperationId{id=write, type=COMMAND}, value=byte[]{length=17, hash=-1644578928}}}}
22:47:41.217 [raft-server-2-state] TRACE i.a.p.raft.impl.RaftServiceManager - RaftServer{2} - Applying Indexed{index=63, entry=KeepAliveEntry{term=1, timestamp=2018-06-07 10:47:40,993, sessionIds=long[]{length=1, hash=33}, commandSequences=long[]{length=1, hash=86}, eventIndexes=long[]{length=1, hash=33}}}
22:47:41.217 [raft-server-2-state] TRACE i.a.p.raft.impl.RaftServiceManager - RaftServer{2} - Applying Indexed{index=64, entry=CommandEntry{term=1, timestamp=2018-06-07 10:47:40,994, session=2, sequence=57, operation=PrimitiveOperation{id=DefaultOperationId{id=write, type=COMMAND}, value=byte[]{length=17, hash=-1644578928}}}}
22:47:41.218 [raft-server-2-state] TRACE i.a.p.s.impl.DefaultServiceExecutor - PrimitiveService{2}{type=io.atomix.protocols.raft.RaftTest$TestPrimitiveType@581a9c39, name=raft-test} - Executing DefaultCommit{index=64, session=RaftSession{RaftServiceContext{server=2, type=io.atomix.protocols.raft.RaftTest$TestPrimitiveType@581a9c39, name=raft-test, id=2}, session=2, timestamp=2018-06-07 10:47:40,994}, time=2018-06-07 10:47:40,994, operation=DefaultOperationId{id=write, type=COMMAND}, value=byte[]{length=17, hash=-1644578928}}
22:47:41.218 [raft-server-2] TRACE i.a.protocols.raft.roles.LeaderRole - RaftServer{2}{role=LEADER} - Sending KeepAliveResponse{status=OK, leader=2, members=[1, 2, 3], sessionIds=long[]{length=1, hash=33}}
22:47:41.218 [raft-server-2-state] TRACE i.a.protocols.raft.roles.LeaderRole - RaftServer{2}{role=LEADER} - Sending CommandResponse{status=OK, index=64, eventIndex=2, result=byte[]{length=3, hash=34473}}
22:47:41.227 [raft-server-2] TRACE i.a.p.raft.roles.LeaderAppender - RaftServer{2} - Sending AppendRequest{term=1, leader=2, prevLogIndex=64, prevLogTerm=1, entries=0, commitIndex=64} to 1
22:47:41.227 [raft-server-1] TRACE i.a.p.raft.roles.FollowerRole - RaftServer{1}{role=FOLLOWER} - Received AppendRequest{term=1, leader=2, prevLogIndex=64, prevLogTerm=1, entries=0, commitIndex=64}
22:47:41.251 [raft-server-3] TRACE i.a.p.raft.roles.FollowerRole - RaftServer{3}{role=FOLLOWER} - Committed entries up to index 63
22:47:41.251 [raft-server-3] TRACE i.a.p.raft.roles.FollowerRole - RaftServer{3}{role=FOLLOWER} - Sending AppendResponse{status=OK, term=1, succeeded=true, lastLogIndex=64}
22:47:41.251 [raft-server-3] TRACE i.a.p.raft.roles.FollowerRole - RaftServer{3}{role=FOLLOWER} - Sending KeepAliveResponse{status=OK, leader=2, members=[1, 2, 3], sessionIds=long[]{length=1, hash=33}}
22:47:41.251 [raft-server-2] TRACE i.a.p.raft.roles.LeaderAppender - RaftServer{2} - Received AppendResponse{status=OK, term=1, succeeded=true, lastLogIndex=64} from 3
22:47:41.251 [raft-server-3] TRACE i.a.p.raft.roles.FollowerRole - RaftServer{3}{role=FOLLOWER} - Sending CommandResponse{status=OK, index=64, eventIndex=2, result=byte[]{length=3, hash=34473}}
22:47:41.251 [raft-client-431b802d-5b1a-4d37-8231-45cdad27d9ba-0] TRACE i.a.p.r.p.impl.RaftProxyConnection - RaftClient{431b802d-5b1a-4d37-8231-45cdad27d9ba} - Received KeepAliveResponse{status=OK, leader=2, members=[1, 2, 3], sessionIds=long[]{length=1, hash=33}} from 3
22:47:41.251 [raft-server-2] TRACE i.a.p.raft.roles.LeaderAppender - RaftServer{2} - Sending AppendRequest{term=1, leader=2, prevLogIndex=64, prevLogTerm=1, entries=0, commitIndex=64} to 3
22:47:41.251 [raft-client-431b802d-5b1a-4d37-8231-45cdad27d9ba-7] TRACE i.a.p.r.p.impl.RaftProxyConnection - PartitionProxy{2}{type=io.atomix.protocols.raft.RaftTest$TestPrimitiveType@35bfa1bb, name=raft-test} - Received CommandResponse{status=OK, index=64, eventIndex=2, result=byte[]{length=3, hash=34473}} from 3
22:47:41.251 [raft-server-3] TRACE i.a.p.raft.roles.FollowerRole - RaftServer{3}{role=FOLLOWER} - Received AppendRequest{term=1, leader=2, prevLogIndex=64, prevLogTerm=1, entries=0, commitIndex=64}
22:47:41.251 [raft-server-3-state] TRACE i.a.p.raft.impl.RaftServiceManager - RaftServer{3} - Applying Indexed{index=63, entry=KeepAliveEntry{term=1, timestamp=2018-06-07 10:47:40,993, sessionIds=long[]{length=1, hash=33}, commandSequences=long[]{length=1, hash=86}, eventIndexes=long[]{length=1, hash=33}}}
22:47:41.251 [raft-client-431b802d-5b1a-4d37-8231-45cdad27d9ba-7] TRACE i.a.p.r.p.impl.RaftProxySequencer - PartitionProxy{2}{type=io.atomix.protocols.raft.RaftTest$TestPrimitiveType@35bfa1bb, name=raft-test} - Completing response CommandResponse{status=OK, index=64, eventIndex=2, result=byte[]{length=3, hash=34473}}
22:47:41.252 [raft-client-431b802d-5b1a-4d37-8231-45cdad27d9ba-7] TRACE i.a.p.r.p.impl.RaftProxyConnection - PartitionProxy{2}{type=io.atomix.protocols.raft.RaftTest$TestPrimitiveType@35bfa1bb, name=raft-test} - Sending CommandRequest{session=2, sequence=58, operation=PrimitiveOperation{id=DefaultOperationId{id=write, type=COMMAND}, value=byte[]{length=17, hash=-1644578928}}} to 3
22:47:41.310 [raft-server-1] TRACE i.a.p.raft.roles.FollowerRole - RaftServer{1}{role=FOLLOWER} - Committed entries up to index 64
22:47:41.310 [raft-server-1] TRACE i.a.p.raft.roles.FollowerRole - RaftServer{1}{role=FOLLOWER} - Sending AppendResponse{status=OK, term=1, succeeded=true, lastLogIndex=64}
22:47:41.310 [raft-server-2] TRACE i.a.p.raft.roles.LeaderAppender - RaftServer{2} - Received AppendResponse{status=OK, term=1, succeeded=true, lastLogIndex=64} from 1
22:47:41.310 [raft-server-2] TRACE i.a.p.raft.roles.LeaderAppender - RaftServer{2} - Sending AppendRequest{term=1, leader=2, prevLogIndex=64, prevLogTerm=1, entries=0, commitIndex=64} to 1
22:47:41.310 [raft-server-1-state] TRACE i.a.p.raft.impl.RaftServiceManager - RaftServer{1} - Applying Indexed{index=63, entry=KeepAliveEntry{term=1, timestamp=2018-06-07 10:47:40,993, sessionIds=long[]{length=1, hash=33}, commandSequences=long[]{length=1, hash=86}, eventIndexes=long[]{length=1, hash=33}}}
22:47:41.311 [raft-server-1] TRACE i.a.p.raft.roles.FollowerRole - RaftServer{1}{role=FOLLOWER} - Received AppendRequest{term=1, leader=2, prevLogIndex=64, prevLogTerm=1, entries=0, commitIndex=64}
22:47:41.311 [raft-server-1] TRACE i.a.p.raft.roles.FollowerRole - RaftServer{1}{role=FOLLOWER} - Sending AppendResponse{status=OK, term=1, succeeded=true, lastLogIndex=64}
22:47:41.311 [raft-server-2] TRACE i.a.p.raft.roles.LeaderAppender - RaftServer{2} - Received AppendResponse{status=OK, term=1, succeeded=true, lastLogIndex=64} from 1
22:47:41.311 [raft-server-1-state] TRACE i.a.p.raft.impl.RaftServiceManager - RaftServer{1} - Applying Indexed{index=64, entry=CommandEntry{term=1, timestamp=2018-06-07 10:47:40,994, session=2, sequence=57, operation=PrimitiveOperation{id=DefaultOperationId{id=write, type=COMMAND}, value=byte[]{length=17, hash=-1644578928}}}}
22:47:41.311 [raft-server-1-state] TRACE i.a.p.s.impl.DefaultServiceExecutor - PrimitiveService{2}{type=io.atomix.protocols.raft.RaftTest$TestPrimitiveType@43a95102, name=raft-test} - Executing DefaultCommit{index=64, session=RaftSession{RaftServiceContext{server=1, type=io.atomix.protocols.raft.RaftTest$TestPrimitiveType@43a95102, name=raft-test, id=2}, session=2, timestamp=2018-06-07 10:47:40,994}, time=2018-06-07 10:47:40,994, operation=DefaultOperationId{id=write, type=COMMAND}, value=byte[]{length=17, hash=-1644578928}}
22:47:41.382 [raft-server-3] TRACE i.a.p.raft.roles.FollowerRole - RaftServer{3}{role=FOLLOWER} - Committed entries up to index 64
22:47:41.382 [raft-server-3] TRACE i.a.p.raft.roles.FollowerRole - RaftServer{3}{role=FOLLOWER} - Sending AppendResponse{status=OK, term=1, succeeded=true, lastLogIndex=64}
22:47:41.382 [raft-server-3] TRACE i.a.p.raft.roles.FollowerRole - RaftServer{3}{role=FOLLOWER} - Received CommandRequest{session=2, sequence=58, operation=PrimitiveOperation{id=DefaultOperationId{id=write, type=COMMAND}, value=byte[]{length=17, hash=-1644578928}}}
22:47:41.382 [raft-server-2] TRACE i.a.p.raft.roles.LeaderAppender - RaftServer{2} - Received AppendResponse{status=OK, term=1, succeeded=true, lastLogIndex=64} from 3
22:47:41.382 [raft-server-2] TRACE i.a.protocols.raft.roles.LeaderRole - RaftServer{2}{role=LEADER} - Received CommandRequest{session=2, sequence=58, operation=PrimitiveOperation{id=DefaultOperationId{id=write, type=COMMAND}, value=byte[]{length=17, hash=-1644578928}}}
22:47:41.382 [raft-server-3-state] TRACE i.a.p.raft.impl.RaftServiceManager - RaftServer{3} - Applying Indexed{index=64, entry=CommandEntry{term=1, timestamp=2018-06-07 10:47:40,994, session=2, sequence=57, operation=PrimitiveOperation{id=DefaultOperationId{id=write, type=COMMAND}, value=byte[]{length=17, hash=-1644578928}}}}
22:47:41.382 [raft-server-3-state] TRACE i.a.p.s.impl.DefaultServiceExecutor - PrimitiveService{2}{type=io.atomix.protocols.raft.RaftTest$TestPrimitiveType@19970ea6, name=raft-test} - Executing DefaultCommit{index=64, session=RaftSession{RaftServiceContext{server=3, type=io.atomix.protocols.raft.RaftTest$TestPrimitiveType@19970ea6, name=raft-test, id=2}, session=2, timestamp=2018-06-07 10:47:40,994}, time=2018-06-07 10:47:40,994, operation=DefaultOperationId{id=write, type=COMMAND}, value=byte[]{length=17, hash=-1644578928}}
22:47:41.382 [raft-server-2] TRACE i.a.protocols.raft.roles.LeaderRole - RaftServer{2}{role=LEADER} - Appended Indexed{index=65, entry=CommandEntry{term=1, timestamp=2018-06-07 10:47:41,382, session=2, sequence=58, operation=PrimitiveOperation{id=DefaultOperationId{id=write, type=COMMAND}, value=byte[]{length=17, hash=-1644578928}}}}
22:47:41.383 [raft-server-2] TRACE i.a.p.raft.roles.LeaderAppender - RaftServer{2} - Sending AppendRequest{term=1, leader=2, prevLogIndex=64, prevLogTerm=1, entries=1, commitIndex=64} to 1
22:47:41.383 [raft-server-1] TRACE i.a.p.raft.roles.FollowerRole - RaftServer{1}{role=FOLLOWER} - Received AppendRequest{term=1, leader=2, prevLogIndex=64, prevLogTerm=1, entries=1, commitIndex=64}
22:47:41.383 [raft-server-2] TRACE i.a.p.raft.roles.LeaderAppender - RaftServer{2} - Sending AppendRequest{term=1, leader=2, prevLogIndex=64, prevLogTerm=1, entries=1, commitIndex=64} to 3
22:47:41.383 [raft-server-3] TRACE i.a.p.raft.roles.FollowerRole - RaftServer{3}{role=FOLLOWER} - Received AppendRequest{term=1, leader=2, prevLogIndex=64, prevLogTerm=1, entries=1, commitIndex=64}
22:47:41.383 [raft-server-1] TRACE i.a.p.raft.roles.FollowerRole - RaftServer{1}{role=FOLLOWER} - Appended Indexed{index=65, entry=CommandEntry{term=1, timestamp=2018-06-07 10:47:41,382, session=2, sequence=58, operation=PrimitiveOperation{id=DefaultOperationId{id=write, type=COMMAND}, value=byte[]{length=17, hash=-1644578928}}}}
22:47:41.383 [raft-server-1] TRACE i.a.p.raft.roles.FollowerRole - RaftServer{1}{role=FOLLOWER} - Sending AppendResponse{status=OK, term=1, succeeded=true, lastLogIndex=65}
22:47:41.383 [raft-server-3] TRACE i.a.p.raft.roles.FollowerRole - RaftServer{3}{role=FOLLOWER} - Appended Indexed{index=65, entry=CommandEntry{term=1, timestamp=2018-06-07 10:47:41,382, session=2, sequence=58, operation=PrimitiveOperation{id=DefaultOperationId{id=write, type=COMMAND}, value=byte[]{length=17, hash=-1644578928}}}}
22:47:41.383 [raft-server-2] TRACE i.a.p.raft.roles.LeaderAppender - RaftServer{2} - Received AppendResponse{status=OK, term=1, succeeded=true, lastLogIndex=65} from 1
22:47:41.383 [raft-server-3] TRACE i.a.p.raft.roles.FollowerRole - RaftServer{3}{role=FOLLOWER} - Sending AppendResponse{status=OK, term=1, succeeded=true, lastLogIndex=65}
22:47:41.383 [raft-server-2] TRACE i.a.p.raft.roles.LeaderAppender - RaftServer{2} - Committed entries up to 65
22:47:41.433 [raft-server-2] TRACE i.a.p.raft.roles.LeaderAppender - RaftServer{2} - Received AppendResponse{status=OK, term=1, succeeded=true, lastLogIndex=65} from 3
22:47:41.434 [raft-server-2-state] TRACE i.a.p.raft.impl.RaftServiceManager - RaftServer{2} - Applying Indexed{index=65, entry=CommandEntry{term=1, timestamp=2018-06-07 10:47:41,382, session=2, sequence=58, operation=PrimitiveOperation{id=DefaultOperationId{id=write, type=COMMAND}, value=byte[]{length=17, hash=-1644578928}}}}
22:47:41.434 [raft-server-2-state] TRACE i.a.p.s.impl.DefaultServiceExecutor - PrimitiveService{2}{type=io.atomix.protocols.raft.RaftTest$TestPrimitiveType@581a9c39, name=raft-test} - Executing DefaultCommit{index=65, session=RaftSession{RaftServiceContext{server=2, type=io.atomix.protocols.raft.RaftTest$TestPrimitiveType@581a9c39, name=raft-test, id=2}, session=2, timestamp=2018-06-07 10:47:41,382}, time=2018-06-07 10:47:41,382, operation=DefaultOperationId{id=write, type=COMMAND}, value=byte[]{length=17, hash=-1644578928}}
22:47:41.434 [raft-server-2-state] TRACE i.a.protocols.raft.roles.LeaderRole - RaftServer{2}{role=LEADER} - Sending CommandResponse{status=OK, index=65, eventIndex=2, result=byte[]{length=3, hash=34535}}
22:47:41.434 [raft-server-3] TRACE i.a.p.raft.roles.FollowerRole - RaftServer{3}{role=FOLLOWER} - Sending CommandResponse{status=OK, index=65, eventIndex=2, result=byte[]{length=3, hash=34535}}
22:47:41.434 [raft-client-431b802d-5b1a-4d37-8231-45cdad27d9ba-6] TRACE i.a.p.r.p.impl.RaftProxyConnection - PartitionProxy{2}{type=io.atomix.protocols.raft.RaftTest$TestPrimitiveType@35bfa1bb, name=raft-test} - Received CommandResponse{status=OK, index=65, eventIndex=2, result=byte[]{length=3, hash=34535}} from 3
22:47:41.435 [raft-client-431b802d-5b1a-4d37-8231-45cdad27d9ba-6] TRACE i.a.p.r.p.impl.RaftProxySequencer - PartitionProxy{2}{type=io.atomix.protocols.raft.RaftTest$TestPrimitiveType@35bfa1bb, name=raft-test} - Completing response CommandResponse{status=OK, index=65, eventIndex=2, result=byte[]{length=3, hash=34535}}
22:47:41.435 [raft-client-431b802d-5b1a-4d37-8231-45cdad27d9ba-6] TRACE i.a.p.r.p.impl.RaftProxyConnection - PartitionProxy{2}{type=io.atomix.protocols.raft.RaftTest$TestPrimitiveType@35bfa1bb, name=raft-test} - Sending CommandRequest{session=2, sequence=59, operation=PrimitiveOperation{id=DefaultOperationId{id=write, type=COMMAND}, value=byte[]{length=17, hash=-1644578928}}} to 3
22:47:41.435 [raft-server-3] TRACE i.a.p.raft.roles.FollowerRole - RaftServer{3}{role=FOLLOWER} - Received CommandRequest{session=2, sequence=59, operation=PrimitiveOperation{id=DefaultOperationId{id=write, type=COMMAND}, value=byte[]{length=17, hash=-1644578928}}}
22:47:41.435 [raft-server-2] TRACE i.a.protocols.raft.roles.LeaderRole - RaftServer{2}{role=LEADER} - Received CommandRequest{session=2, sequence=59, operation=PrimitiveOperation{id=DefaultOperationId{id=write, type=COMMAND}, value=byte[]{length=17, hash=-1644578928}}}
22:47:41.435 [raft-server-2] TRACE i.a.protocols.raft.roles.LeaderRole - RaftServer{2}{role=LEADER} - Appended Indexed{index=66, entry=CommandEntry{term=1, timestamp=2018-06-07 10:47:41,435, session=2, sequence=59, operation=PrimitiveOperation{id=DefaultOperationId{id=write, type=COMMAND}, value=byte[]{length=17, hash=-1644578928}}}}
22:47:41.436 [raft-server-2] TRACE i.a.p.raft.roles.LeaderAppender - RaftServer{2} - Sending AppendRequest{term=1, leader=2, prevLogIndex=65, prevLogTerm=1, entries=1, commitIndex=65} to 1
22:47:41.436 [raft-server-2] TRACE i.a.p.raft.roles.LeaderAppender - RaftServer{2} - Sending AppendRequest{term=1, leader=2, prevLogIndex=65, prevLogTerm=1, entries=1, commitIndex=65} to 3
22:47:41.436 [raft-server-1] TRACE i.a.p.raft.roles.FollowerRole - RaftServer{1}{role=FOLLOWER} - Received AppendRequest{term=1, leader=2, prevLogIndex=65, prevLogTerm=1, entries=1, commitIndex=65}
22:47:41.436 [raft-server-3] TRACE i.a.p.raft.roles.FollowerRole - RaftServer{3}{role=FOLLOWER} - Received AppendRequest{term=1, leader=2, prevLogIndex=65, prevLogTerm=1, entries=1, commitIndex=65}
22:47:41.436 [raft-server-1] TRACE i.a.p.raft.roles.FollowerRole - RaftServer{1}{role=FOLLOWER} - Appended Indexed{index=66, entry=CommandEntry{term=1, timestamp=2018-06-07 10:47:41,435, session=2, sequence=59, operation=PrimitiveOperation{id=DefaultOperationId{id=write, type=COMMAND}, value=byte[]{length=17, hash=-1644578928}}}}
22:47:41.436 [raft-server-3] TRACE i.a.p.raft.roles.FollowerRole - RaftServer{3}{role=FOLLOWER} - Appended Indexed{index=66, entry=CommandEntry{term=1, timestamp=2018-06-07 10:47:41,435, session=2, sequence=59, operation=PrimitiveOperation{id=DefaultOperationId{id=write, type=COMMAND}, value=byte[]{length=17, hash=-1644578928}}}}
22:47:41.489 [raft-server-3] TRACE i.a.p.raft.roles.FollowerRole - RaftServer{3}{role=FOLLOWER} - Committed entries up to index 65
22:47:41.489 [raft-server-1] TRACE i.a.p.raft.roles.FollowerRole - RaftServer{1}{role=FOLLOWER} - Committed entries up to index 65
22:47:41.489 [raft-server-3] TRACE i.a.p.raft.roles.FollowerRole - RaftServer{3}{role=FOLLOWER} - Sending AppendResponse{status=OK, term=1, succeeded=true, lastLogIndex=66}
22:47:41.489 [raft-server-1] TRACE i.a.p.raft.roles.FollowerRole - RaftServer{1}{role=FOLLOWER} - Sending AppendResponse{status=OK, term=1, succeeded=true, lastLogIndex=66}
22:47:41.489 [raft-server-2] TRACE i.a.p.raft.roles.LeaderAppender - RaftServer{2} - Received AppendResponse{status=OK, term=1, succeeded=true, lastLogIndex=66} from 3
22:47:41.489 [raft-server-3-state] TRACE i.a.p.raft.impl.RaftServiceManager - RaftServer{3} - Applying Indexed{index=65, entry=CommandEntry{term=1, timestamp=2018-06-07 10:47:41,382, session=2, sequence=58, operation=PrimitiveOperation{id=DefaultOperationId{id=write, type=COMMAND}, value=byte[]{length=17, hash=-1644578928}}}}
22:47:41.489 [raft-server-2] TRACE i.a.p.raft.roles.LeaderAppender - RaftServer{2} - Committed entries up to 66
22:47:41.489 [raft-server-1-state] TRACE i.a.p.raft.impl.RaftServiceManager - RaftServer{1} - Applying Indexed{index=65, entry=CommandEntry{term=1, timestamp=2018-06-07 10:47:41,382, session=2, sequence=58, operation=PrimitiveOperation{id=DefaultOperationId{id=write, type=COMMAND}, value=byte[]{length=17, hash=-1644578928}}}}
22:47:41.489 [raft-server-3-state] TRACE i.a.p.s.impl.DefaultServiceExecutor - PrimitiveService{2}{type=io.atomix.protocols.raft.RaftTest$TestPrimitiveType@19970ea6, name=raft-test} - Executing DefaultCommit{index=65, session=RaftSession{RaftServiceContext{server=3, type=io.atomix.protocols.raft.RaftTest$TestPrimitiveType@19970ea6, name=raft-test, id=2}, session=2, timestamp=2018-06-07 10:47:41,382}, time=2018-06-07 10:47:41,382, operation=DefaultOperationId{id=write, type=COMMAND}, value=byte[]{length=17, hash=-1644578928}}
22:47:41.490 [raft-server-1-state] TRACE i.a.p.s.impl.DefaultServiceExecutor - PrimitiveService{2}{type=io.atomix.protocols.raft.RaftTest$TestPrimitiveType@43a95102, name=raft-test} - Executing DefaultCommit{index=65, session=RaftSession{RaftServiceContext{server=1, type=io.atomix.protocols.raft.RaftTest$TestPrimitiveType@43a95102, name=raft-test, id=2}, session=2, timestamp=2018-06-07 10:47:41,382}, time=2018-06-07 10:47:41,382, operation=DefaultOperationId{id=write, type=COMMAND}, value=byte[]{length=17, hash=-1644578928}}
22:47:41.558 [raft-server-2] TRACE i.a.p.raft.roles.LeaderAppender - RaftServer{2} - Sending AppendRequest{term=1, leader=2, prevLogIndex=66, prevLogTerm=1, entries=0, commitIndex=66} to 3
22:47:41.558 [raft-server-2] TRACE i.a.p.raft.roles.LeaderAppender - RaftServer{2} - Received AppendResponse{status=OK, term=1, succeeded=true, lastLogIndex=66} from 1
22:47:41.559 [raft-server-3] TRACE i.a.p.raft.roles.FollowerRole - RaftServer{3}{role=FOLLOWER} - Received AppendRequest{term=1, leader=2, prevLogIndex=66, prevLogTerm=1, entries=0, commitIndex=66}
22:47:41.559 [raft-server-2] TRACE i.a.p.raft.roles.LeaderAppender - RaftServer{2} - Sending AppendRequest{term=1, leader=2, prevLogIndex=66, prevLogTerm=1, entries=0, commitIndex=66} to 1
22:47:41.559 [raft-server-1] TRACE i.a.p.raft.roles.FollowerRole - RaftServer{1}{role=FOLLOWER} - Received AppendRequest{term=1, leader=2, prevLogIndex=66, prevLogTerm=1, entries=0, commitIndex=66}
22:47:41.559 [raft-server-1] TRACE i.a.p.raft.roles.FollowerRole - RaftServer{1}{role=FOLLOWER} - Committed entries up to index 66
22:47:41.559 [raft-server-1] TRACE i.a.p.raft.roles.FollowerRole - RaftServer{1}{role=FOLLOWER} - Sending AppendResponse{status=OK, term=1, succeeded=true, lastLogIndex=66}
22:47:41.559 [raft-server-2-state] TRACE i.a.p.raft.impl.RaftServiceManager - RaftServer{2} - Applying Indexed{index=66, entry=CommandEntry{term=1, timestamp=2018-06-07 10:47:41,435, session=2, sequence=59, operation=PrimitiveOperation{id=DefaultOperationId{id=write, type=COMMAND}, value=byte[]{length=17, hash=-1644578928}}}}
22:47:41.559 [raft-server-2] TRACE i.a.p.raft.roles.LeaderAppender - RaftServer{2} - Received AppendResponse{status=OK, term=1, succeeded=true, lastLogIndex=66} from 1
22:47:41.559 [raft-server-1-state] TRACE i.a.p.raft.impl.RaftServiceManager - RaftServer{1} - Applying Indexed{index=66, entry=CommandEntry{term=1, timestamp=2018-06-07 10:47:41,435, session=2, sequence=59, operation=PrimitiveOperation{id=DefaultOperationId{id=write, type=COMMAND}, value=byte[]{length=17, hash=-1644578928}}}}
22:47:41.559 [raft-server-2-state] TRACE i.a.p.s.impl.DefaultServiceExecutor - PrimitiveService{2}{type=io.atomix.protocols.raft.RaftTest$TestPrimitiveType@581a9c39, name=raft-test} - Executing DefaultCommit{index=66, session=RaftSession{RaftServiceContext{server=2, type=io.atomix.protocols.raft.RaftTest$TestPrimitiveType@581a9c39, name=raft-test, id=2}, session=2, timestamp=2018-06-07 10:47:41,435}, time=2018-06-07 10:47:41,435, operation=DefaultOperationId{id=write, type=COMMAND}, value=byte[]{length=17, hash=-1644578928}}
22:47:41.559 [raft-server-1-state] TRACE i.a.p.s.impl.DefaultServiceExecutor - PrimitiveService{2}{type=io.atomix.protocols.raft.RaftTest$TestPrimitiveType@43a95102, name=raft-test} - Executing DefaultCommit{index=66, session=RaftSession{RaftServiceContext{server=1, type=io.atomix.protocols.raft.RaftTest$TestPrimitiveType@43a95102, name=raft-test, id=2}, session=2, timestamp=2018-06-07 10:47:41,435}, time=2018-06-07 10:47:41,435, operation=DefaultOperationId{id=write, type=COMMAND}, value=byte[]{length=17, hash=-1644578928}}
22:47:41.559 [raft-server-2-state] TRACE i.a.protocols.raft.roles.LeaderRole - RaftServer{2}{role=LEADER} - Sending CommandResponse{status=OK, index=66, eventIndex=2, result=byte[]{length=3, hash=34597}}
22:47:41.647 [raft-server-3] TRACE i.a.p.raft.roles.FollowerRole - RaftServer{3}{role=FOLLOWER} - Committed entries up to index 66
22:47:41.647 [raft-server-3] TRACE i.a.p.raft.roles.FollowerRole - RaftServer{3}{role=FOLLOWER} - Sending AppendResponse{status=OK, term=1, succeeded=true, lastLogIndex=66}
22:47:41.647 [raft-server-3] TRACE i.a.p.raft.roles.FollowerRole - RaftServer{3}{role=FOLLOWER} - Sending CommandResponse{status=OK, index=66, eventIndex=2, result=byte[]{length=3, hash=34597}}
22:47:41.647 [raft-server-2] TRACE i.a.p.raft.roles.LeaderAppender - RaftServer{2} - Received AppendResponse{status=OK, term=1, succeeded=true, lastLogIndex=66} from 3
22:47:41.648 [raft-client-431b802d-5b1a-4d37-8231-45cdad27d9ba-1] TRACE i.a.p.r.p.impl.RaftProxyConnection - PartitionProxy{2}{type=io.atomix.protocols.raft.RaftTest$TestPrimitiveType@35bfa1bb, name=raft-test} - Received CommandResponse{status=OK, index=66, eventIndex=2, result=byte[]{length=3, hash=34597}} from 3
22:47:41.648 [raft-server-3-state] TRACE i.a.p.raft.impl.RaftServiceManager - RaftServer{3} - Applying Indexed{index=66, entry=CommandEntry{term=1, timestamp=2018-06-07 10:47:41,435, session=2, sequence=59, operation=PrimitiveOperation{id=DefaultOperationId{id=write, type=COMMAND}, value=byte[]{length=17, hash=-1644578928}}}}
22:47:41.648 [raft-client-431b802d-5b1a-4d37-8231-45cdad27d9ba-1] TRACE i.a.p.r.p.impl.RaftProxySequencer - PartitionProxy{2}{type=io.atomix.protocols.raft.RaftTest$TestPrimitiveType@35bfa1bb, name=raft-test} - Completing response CommandResponse{status=OK, index=66, eventIndex=2, result=byte[]{length=3, hash=34597}}
22:47:41.648 [raft-server-3-state] TRACE i.a.p.s.impl.DefaultServiceExecutor - PrimitiveService{2}{type=io.atomix.protocols.raft.RaftTest$TestPrimitiveType@19970ea6, name=raft-test} - Executing DefaultCommit{index=66, session=RaftSession{RaftServiceContext{server=3, type=io.atomix.protocols.raft.RaftTest$TestPrimitiveType@19970ea6, name=raft-test, id=2}, session=2, timestamp=2018-06-07 10:47:41,435}, time=2018-06-07 10:47:41,435, operation=DefaultOperationId{id=write, type=COMMAND}, value=byte[]{length=17, hash=-1644578928}}
22:47:41.648 [raft-client-431b802d-5b1a-4d37-8231-45cdad27d9ba-2] TRACE i.a.p.r.p.impl.RaftProxyConnection - PartitionProxy{2}{type=io.atomix.protocols.raft.RaftTest$TestPrimitiveType@35bfa1bb, name=raft-test} - Sending CommandRequest{session=2, sequence=60, operation=PrimitiveOperation{id=DefaultOperationId{id=write, type=COMMAND}, value=byte[]{length=17, hash=-1644578928}}} to 3
22:47:41.649 [raft-server-3] TRACE i.a.p.raft.roles.FollowerRole - RaftServer{3}{role=FOLLOWER} - Received CommandRequest{session=2, sequence=60, operation=PrimitiveOperation{id=DefaultOperationId{id=write, type=COMMAND}, value=byte[]{length=17, hash=-1644578928}}}
22:47:41.649 [raft-server-2] TRACE i.a.protocols.raft.roles.LeaderRole - RaftServer{2}{role=LEADER} - Received CommandRequest{session=2, sequence=60, operation=PrimitiveOperation{id=DefaultOperationId{id=write, type=COMMAND}, value=byte[]{length=17, hash=-1644578928}}}
22:47:41.649 [raft-server-2] TRACE i.a.protocols.raft.roles.LeaderRole - RaftServer{2}{role=LEADER} - Appended Indexed{index=67, entry=CommandEntry{term=1, timestamp=2018-06-07 10:47:41,649, session=2, sequence=60, operation=PrimitiveOperation{id=DefaultOperationId{id=write, type=COMMAND}, value=byte[]{length=17, hash=-1644578928}}}}
22:47:41.649 [raft-server-2] TRACE i.a.p.raft.roles.LeaderAppender - RaftServer{2} - Sending AppendRequest{term=1, leader=2, prevLogIndex=66, prevLogTerm=1, entries=1, commitIndex=66} to 1
22:47:41.649 [raft-server-1] TRACE i.a.p.raft.roles.FollowerRole - RaftServer{1}{role=FOLLOWER} - Received AppendRequest{term=1, leader=2, prevLogIndex=66, prevLogTerm=1, entries=1, commitIndex=66}
22:47:41.649 [raft-server-2] TRACE i.a.p.raft.roles.LeaderAppender - RaftServer{2} - Sending AppendRequest{term=1, leader=2, prevLogIndex=66, prevLogTerm=1, entries=1, commitIndex=66} to 3
22:47:41.650 [raft-server-3] TRACE i.a.p.raft.roles.FollowerRole - RaftServer{3}{role=FOLLOWER} - Received AppendRequest{term=1, leader=2, prevLogIndex=66, prevLogTerm=1, entries=1, commitIndex=66}
22:47:41.650 [raft-server-1] TRACE i.a.p.raft.roles.FollowerRole - RaftServer{1}{role=FOLLOWER} - Appended Indexed{index=67, entry=CommandEntry{term=1, timestamp=2018-06-07 10:47:41,649, session=2, sequence=60, operation=PrimitiveOperation{id=DefaultOperationId{id=write, type=COMMAND}, value=byte[]{length=17, hash=-1644578928}}}}
22:47:41.650 [raft-server-1] TRACE i.a.p.raft.roles.FollowerRole - RaftServer{1}{role=FOLLOWER} - Sending AppendResponse{status=OK, term=1, succeeded=true, lastLogIndex=67}
22:47:41.650 [raft-server-2] TRACE i.a.p.raft.roles.LeaderAppender - RaftServer{2} - Received AppendResponse{status=OK, term=1, succeeded=true, lastLogIndex=67} from 1
22:47:41.650 [raft-server-3] TRACE i.a.p.raft.roles.FollowerRole - RaftServer{3}{role=FOLLOWER} - Appended Indexed{index=67, entry=CommandEntry{term=1, timestamp=2018-06-07 10:47:41,649, session=2, sequence=60, operation=PrimitiveOperation{id=DefaultOperationId{id=write, type=COMMAND}, value=byte[]{length=17, hash=-1644578928}}}}
22:47:41.650 [raft-server-2] TRACE i.a.p.raft.roles.LeaderAppender - RaftServer{2} - Committed entries up to 67
22:47:41.650 [raft-server-3] TRACE i.a.p.raft.roles.FollowerRole - RaftServer{3}{role=FOLLOWER} - Sending AppendResponse{status=OK, term=1, succeeded=true, lastLogIndex=67}
22:47:41.714 [raft-server-2] TRACE i.a.p.raft.roles.LeaderAppender - RaftServer{2} - Received AppendResponse{status=OK, term=1, succeeded=true, lastLogIndex=67} from 3
22:47:41.714 [raft-server-2-state] TRACE i.a.p.raft.impl.RaftServiceManager - RaftServer{2} - Applying Indexed{index=67, entry=CommandEntry{term=1, timestamp=2018-06-07 10:47:41,649, session=2, sequence=60, operation=PrimitiveOperation{id=DefaultOperationId{id=write, type=COMMAND}, value=byte[]{length=17, hash=-1644578928}}}}
22:47:41.714 [raft-server-2-state] TRACE i.a.p.s.impl.DefaultServiceExecutor - PrimitiveService{2}{type=io.atomix.protocols.raft.RaftTest$TestPrimitiveType@581a9c39, name=raft-test} - Executing DefaultCommit{index=67, session=RaftSession{RaftServiceContext{server=2, type=io.atomix.protocols.raft.RaftTest$TestPrimitiveType@581a9c39, name=raft-test, id=2}, session=2, timestamp=2018-06-07 10:47:41,649}, time=2018-06-07 10:47:41,649, operation=DefaultOperationId{id=write, type=COMMAND}, value=byte[]{length=17, hash=-1644578928}}
22:47:41.714 [raft-server-2-state] TRACE i.a.protocols.raft.roles.LeaderRole - RaftServer{2}{role=LEADER} - Sending CommandResponse{status=OK, index=67, eventIndex=2, result=byte[]{length=3, hash=34659}}
22:47:41.715 [raft-server-3] TRACE i.a.p.raft.roles.FollowerRole - RaftServer{3}{role=FOLLOWER} - Sending CommandResponse{status=OK, index=67, eventIndex=2, result=byte[]{length=3, hash=34659}}
22:47:41.715 [raft-client-431b802d-5b1a-4d37-8231-45cdad27d9ba-3] TRACE i.a.p.r.p.impl.RaftProxyConnection - PartitionProxy{2}{type=io.atomix.protocols.raft.RaftTest$TestPrimitiveType@35bfa1bb, name=raft-test} - Received CommandResponse{status=OK, index=67, eventIndex=2, result=byte[]{length=3, hash=34659}} from 3
22:47:41.715 [raft-client-431b802d-5b1a-4d37-8231-45cdad27d9ba-3] TRACE i.a.p.r.p.impl.RaftProxySequencer - PartitionProxy{2}{type=io.atomix.protocols.raft.RaftTest$TestPrimitiveType@35bfa1bb, name=raft-test} - Completing response CommandResponse{status=OK, index=67, eventIndex=2, result=byte[]{length=3, hash=34659}}
22:47:41.715 [raft-client-431b802d-5b1a-4d37-8231-45cdad27d9ba-3] TRACE i.a.p.r.p.impl.RaftProxyConnection - PartitionProxy{2}{type=io.atomix.protocols.raft.RaftTest$TestPrimitiveType@35bfa1bb, name=raft-test} - Sending CommandRequest{session=2, sequence=61, operation=PrimitiveOperation{id=DefaultOperationId{id=write, type=COMMAND}, value=byte[]{length=17, hash=-1644578928}}} to 3
22:47:41.715 [raft-server-3] TRACE i.a.p.raft.roles.FollowerRole - RaftServer{3}{role=FOLLOWER} - Received CommandRequest{session=2, sequence=61, operation=PrimitiveOperation{id=DefaultOperationId{id=write, type=COMMAND}, value=byte[]{length=17, hash=-1644578928}}}
22:47:41.715 [raft-server-2] TRACE i.a.protocols.raft.roles.LeaderRole - RaftServer{2}{role=LEADER} - Received CommandRequest{session=2, sequence=61, operation=PrimitiveOperation{id=DefaultOperationId{id=write, type=COMMAND}, value=byte[]{length=17, hash=-1644578928}}}
22:47:41.716 [raft-server-2] TRACE i.a.protocols.raft.roles.LeaderRole - RaftServer{2}{role=LEADER} - Appended Indexed{index=68, entry=CommandEntry{term=1, timestamp=2018-06-07 10:47:41,716, session=2, sequence=61, operation=PrimitiveOperation{id=DefaultOperationId{id=write, type=COMMAND}, value=byte[]{length=17, hash=-1644578928}}}}
22:47:41.716 [raft-server-2] TRACE i.a.p.raft.roles.LeaderAppender - RaftServer{2} - Sending AppendRequest{term=1, leader=2, prevLogIndex=67, prevLogTerm=1, entries=1, commitIndex=67} to 1
22:47:41.716 [raft-server-1] TRACE i.a.p.raft.roles.FollowerRole - RaftServer{1}{role=FOLLOWER} - Received AppendRequest{term=1, leader=2, prevLogIndex=67, prevLogTerm=1, entries=1, commitIndex=67}
22:47:41.716 [raft-server-2] TRACE i.a.p.raft.roles.LeaderAppender - RaftServer{2} - Sending AppendRequest{term=1, leader=2, prevLogIndex=67, prevLogTerm=1, entries=1, commitIndex=67} to 3
22:47:41.716 [raft-server-3] TRACE i.a.p.raft.roles.FollowerRole - RaftServer{3}{role=FOLLOWER} - Received AppendRequest{term=1, leader=2, prevLogIndex=67, prevLogTerm=1, entries=1, commitIndex=67}
22:47:41.716 [raft-server-1] TRACE i.a.p.raft.roles.FollowerRole - RaftServer{1}{role=FOLLOWER} - Appended Indexed{index=68, entry=CommandEntry{term=1, timestamp=2018-06-07 10:47:41,716, session=2, sequence=61, operation=PrimitiveOperation{id=DefaultOperationId{id=write, type=COMMAND}, value=byte[]{length=17, hash=-1644578928}}}}
22:47:41.716 [raft-server-3] TRACE i.a.p.raft.roles.FollowerRole - RaftServer{3}{role=FOLLOWER} - Appended Indexed{index=68, entry=CommandEntry{term=1, timestamp=2018-06-07 10:47:41,716, session=2, sequence=61, operation=PrimitiveOperation{id=DefaultOperationId{id=write, type=COMMAND}, value=byte[]{length=17, hash=-1644578928}}}}
22:47:41.775 [raft-server-1] TRACE i.a.p.raft.roles.FollowerRole - RaftServer{1}{role=FOLLOWER} - Committed entries up to index 67
22:47:41.775 [raft-server-3] TRACE i.a.p.raft.roles.FollowerRole - RaftServer{3}{role=FOLLOWER} - Committed entries up to index 67
22:47:41.775 [raft-server-1] TRACE i.a.p.raft.roles.FollowerRole - RaftServer{1}{role=FOLLOWER} - Sending AppendResponse{status=OK, term=1, succeeded=true, lastLogIndex=68}
22:47:41.775 [raft-server-3] TRACE i.a.p.raft.roles.FollowerRole - RaftServer{3}{role=FOLLOWER} - Sending AppendResponse{status=OK, term=1, succeeded=true, lastLogIndex=68}
22:47:41.775 [raft-server-2] TRACE i.a.p.raft.roles.LeaderAppender - RaftServer{2} - Received AppendResponse{status=OK, term=1, succeeded=true, lastLogIndex=68} from 1
22:47:41.775 [raft-server-2] TRACE i.a.p.raft.roles.LeaderAppender - RaftServer{2} - Committed entries up to 68
22:47:41.775 [raft-server-3-state] TRACE i.a.p.raft.impl.RaftServiceManager - RaftServer{3} - Applying Indexed{index=67, entry=CommandEntry{term=1, timestamp=2018-06-07 10:47:41,649, session=2, sequence=60, operation=PrimitiveOperation{id=DefaultOperationId{id=write, type=COMMAND}, value=byte[]{length=17, hash=-1644578928}}}}
22:47:41.775 [raft-server-1-state] TRACE i.a.p.raft.impl.RaftServiceManager - RaftServer{1} - Applying Indexed{index=67, entry=CommandEntry{term=1, timestamp=2018-06-07 10:47:41,649, session=2, sequence=60, operation=PrimitiveOperation{id=DefaultOperationId{id=write, type=COMMAND}, value=byte[]{length=17, hash=-1644578928}}}}
22:47:41.775 [raft-server-3-state] TRACE i.a.p.s.impl.DefaultServiceExecutor - PrimitiveService{2}{type=io.atomix.protocols.raft.RaftTest$TestPrimitiveType@19970ea6, name=raft-test} - Executing DefaultCommit{index=67, session=RaftSession{RaftServiceContext{server=3, type=io.atomix.protocols.raft.RaftTest$TestPrimitiveType@19970ea6, name=raft-test, id=2}, session=2, timestamp=2018-06-07 10:47:41,649}, time=2018-06-07 10:47:41,649, operation=DefaultOperationId{id=write, type=COMMAND}, value=byte[]{length=17, hash=-1644578928}}
22:47:41.776 [raft-server-1-state] TRACE i.a.p.s.impl.DefaultServiceExecutor - PrimitiveService{2}{type=io.atomix.protocols.raft.RaftTest$TestPrimitiveType@43a95102, name=raft-test} - Executing DefaultCommit{index=67, session=RaftSession{RaftServiceContext{server=1, type=io.atomix.protocols.raft.RaftTest$TestPrimitiveType@43a95102, name=raft-test, id=2}, session=2, timestamp=2018-06-07 10:47:41,649}, time=2018-06-07 10:47:41,649, operation=DefaultOperationId{id=write, type=COMMAND}, value=byte[]{length=17, hash=-1644578928}}
22:47:41.842 [raft-server-2] TRACE i.a.p.raft.roles.LeaderAppender - RaftServer{2} - Sending AppendRequest{term=1, leader=2, prevLogIndex=68, prevLogTerm=1, entries=0, commitIndex=68} to 1
22:47:41.842 [raft-server-2] TRACE i.a.p.raft.roles.LeaderAppender - RaftServer{2} - Received AppendResponse{status=OK, term=1, succeeded=true, lastLogIndex=68} from 3
22:47:41.842 [raft-server-1] TRACE i.a.p.raft.roles.FollowerRole - RaftServer{1}{role=FOLLOWER} - Received AppendRequest{term=1, leader=2, prevLogIndex=68, prevLogTerm=1, entries=0, commitIndex=68}
22:47:41.842 [raft-server-2] TRACE i.a.p.raft.roles.LeaderAppender - RaftServer{2} - Sending AppendRequest{term=1, leader=2, prevLogIndex=68, prevLogTerm=1, entries=0, commitIndex=68} to 3
22:47:41.842 [raft-server-3] TRACE i.a.p.raft.roles.FollowerRole - RaftServer{3}{role=FOLLOWER} - Received AppendRequest{term=1, leader=2, prevLogIndex=68, prevLogTerm=1, entries=0, commitIndex=68}
22:47:41.842 [raft-server-2-state] TRACE i.a.p.raft.impl.RaftServiceManager - RaftServer{2} - Applying Indexed{index=68, entry=CommandEntry{term=1, timestamp=2018-06-07 10:47:41,716, session=2, sequence=61, operation=PrimitiveOperation{id=DefaultOperationId{id=write, type=COMMAND}, value=byte[]{length=17, hash=-1644578928}}}}
22:47:41.842 [raft-server-2-state] TRACE i.a.p.s.impl.DefaultServiceExecutor - PrimitiveService{2}{type=io.atomix.protocols.raft.RaftTest$TestPrimitiveType@581a9c39, name=raft-test} - Executing DefaultCommit{index=68, session=RaftSession{RaftServiceContext{server=2, type=io.atomix.protocols.raft.RaftTest$TestPrimitiveType@581a9c39, name=raft-test, id=2}, session=2, timestamp=2018-06-07 10:47:41,716}, time=2018-06-07 10:47:41,716, operation=DefaultOperationId{id=write, type=COMMAND}, value=byte[]{length=17, hash=-1644578928}}
22:47:41.843 [raft-server-2-state] TRACE i.a.protocols.raft.roles.LeaderRole - RaftServer{2}{role=LEADER} - Sending CommandResponse{status=OK, index=68, eventIndex=2, result=byte[]{length=3, hash=34721}}
22:47:41.889 [raft-server-1] TRACE i.a.p.raft.roles.FollowerRole - RaftServer{1}{role=FOLLOWER} - Committed entries up to index 68
22:47:41.889 [raft-server-1] TRACE i.a.p.raft.roles.FollowerRole - RaftServer{1}{role=FOLLOWER} - Sending AppendResponse{status=OK, term=1, succeeded=true, lastLogIndex=68}
22:47:41.889 [raft-server-2] TRACE i.a.p.raft.roles.LeaderAppender - RaftServer{2} - Received AppendResponse{status=OK, term=1, succeeded=true, lastLogIndex=68} from 1
22:47:41.889 [raft-server-1-state] TRACE i.a.p.raft.impl.RaftServiceManager - RaftServer{1} - Applying Indexed{index=68, entry=CommandEntry{term=1, timestamp=2018-06-07 10:47:41,716, session=2, sequence=61, operation=PrimitiveOperation{id=DefaultOperationId{id=write, type=COMMAND}, value=byte[]{length=17, hash=-1644578928}}}}
22:47:41.889 [raft-server-1-state] TRACE i.a.p.s.impl.DefaultServiceExecutor - PrimitiveService{2}{type=io.atomix.protocols.raft.RaftTest$TestPrimitiveType@43a95102, name=raft-test} - Executing DefaultCommit{index=68, session=RaftSession{RaftServiceContext{server=1, type=io.atomix.protocols.raft.RaftTest$TestPrimitiveType@43a95102, name=raft-test, id=2}, session=2, timestamp=2018-06-07 10:47:41,716}, time=2018-06-07 10:47:41,716, operation=DefaultOperationId{id=write, type=COMMAND}, value=byte[]{length=17, hash=-1644578928}}
22:47:41.942 [raft-server-3] TRACE i.a.p.raft.roles.FollowerRole - RaftServer{3}{role=FOLLOWER} - Committed entries up to index 68
22:47:41.942 [raft-server-3] TRACE i.a.p.raft.roles.FollowerRole - RaftServer{3}{role=FOLLOWER} - Sending AppendResponse{status=OK, term=1, succeeded=true, lastLogIndex=68}
22:47:41.942 [raft-server-3] TRACE i.a.p.raft.roles.FollowerRole - RaftServer{3}{role=FOLLOWER} - Sending CommandResponse{status=OK, index=68, eventIndex=2, result=byte[]{length=3, hash=34721}}
22:47:41.942 [raft-server-2] TRACE i.a.p.raft.roles.LeaderAppender - RaftServer{2} - Received AppendResponse{status=OK, term=1, succeeded=true, lastLogIndex=68} from 3
22:47:41.942 [raft-client-431b802d-5b1a-4d37-8231-45cdad27d9ba-4] TRACE i.a.p.r.p.impl.RaftProxyConnection - PartitionProxy{2}{type=io.atomix.protocols.raft.RaftTest$TestPrimitiveType@35bfa1bb, name=raft-test} - Received CommandResponse{status=OK, index=68, eventIndex=2, result=byte[]{length=3, hash=34721}} from 3
22:47:41.942 [raft-server-3-state] TRACE i.a.p.raft.impl.RaftServiceManager - RaftServer{3} - Applying Indexed{index=68, entry=CommandEntry{term=1, timestamp=2018-06-07 10:47:41,716, session=2, sequence=61, operation=PrimitiveOperation{id=DefaultOperationId{id=write, type=COMMAND}, value=byte[]{length=17, hash=-1644578928}}}}
22:47:41.942 [raft-client-431b802d-5b1a-4d37-8231-45cdad27d9ba-4] TRACE i.a.p.r.p.impl.RaftProxySequencer - PartitionProxy{2}{type=io.atomix.protocols.raft.RaftTest$TestPrimitiveType@35bfa1bb, name=raft-test} - Completing response CommandResponse{status=OK, index=68, eventIndex=2, result=byte[]{length=3, hash=34721}}
22:47:41.942 [raft-server-3-state] TRACE i.a.p.s.impl.DefaultServiceExecutor - PrimitiveService{2}{type=io.atomix.protocols.raft.RaftTest$TestPrimitiveType@19970ea6, name=raft-test} - Executing DefaultCommit{index=68, session=RaftSession{RaftServiceContext{server=3, type=io.atomix.protocols.raft.RaftTest$TestPrimitiveType@19970ea6, name=raft-test, id=2}, session=2, timestamp=2018-06-07 10:47:41,716}, time=2018-06-07 10:47:41,716, operation=DefaultOperationId{id=write, type=COMMAND}, value=byte[]{length=17, hash=-1644578928}}
22:47:41.943 [raft-client-431b802d-5b1a-4d37-8231-45cdad27d9ba-4] TRACE i.a.p.r.p.impl.RaftProxyConnection - PartitionProxy{2}{type=io.atomix.protocols.raft.RaftTest$TestPrimitiveType@35bfa1bb, name=raft-test} - Sending CommandRequest{session=2, sequence=62, operation=PrimitiveOperation{id=DefaultOperationId{id=write, type=COMMAND}, value=byte[]{length=17, hash=-1644578928}}} to 3
22:47:41.943 [raft-server-3] TRACE i.a.p.raft.roles.FollowerRole - RaftServer{3}{role=FOLLOWER} - Received CommandRequest{session=2, sequence=62, operation=PrimitiveOperation{id=DefaultOperationId{id=write, type=COMMAND}, value=byte[]{length=17, hash=-1644578928}}}
22:47:41.943 [raft-server-2] TRACE i.a.protocols.raft.roles.LeaderRole - RaftServer{2}{role=LEADER} - Received CommandRequest{session=2, sequence=62, operation=PrimitiveOperation{id=DefaultOperationId{id=write, type=COMMAND}, value=byte[]{length=17, hash=-1644578928}}}
22:47:41.943 [raft-server-2] TRACE i.a.protocols.raft.roles.LeaderRole - RaftServer{2}{role=LEADER} - Appended Indexed{index=69, entry=CommandEntry{term=1, timestamp=2018-06-07 10:47:41,943, session=2, sequence=62, operation=PrimitiveOperation{id=DefaultOperationId{id=write, type=COMMAND}, value=byte[]{length=17, hash=-1644578928}}}}
22:47:41.943 [raft-server-2] TRACE i.a.p.raft.roles.LeaderAppender - RaftServer{2} - Sending AppendRequest{term=1, leader=2, prevLogIndex=68, prevLogTerm=1, entries=1, commitIndex=68} to 1
22:47:41.943 [raft-server-1] TRACE i.a.p.raft.roles.FollowerRole - RaftServer{1}{role=FOLLOWER} - Received AppendRequest{term=1, leader=2, prevLogIndex=68, prevLogTerm=1, entries=1, commitIndex=68}
22:47:41.944 [raft-server-2] TRACE i.a.p.raft.roles.LeaderAppender - RaftServer{2} - Sending AppendRequest{term=1, leader=2, prevLogIndex=68, prevLogTerm=1, entries=1, commitIndex=68} to 3
22:47:41.944 [raft-server-3] TRACE i.a.p.raft.roles.FollowerRole - RaftServer{3}{role=FOLLOWER} - Received AppendRequest{term=1, leader=2, prevLogIndex=68, prevLogTerm=1, entries=1, commitIndex=68}
22:47:41.944 [raft-server-1] TRACE i.a.p.raft.roles.FollowerRole - RaftServer{1}{role=FOLLOWER} - Appended Indexed{index=69, entry=CommandEntry{term=1, timestamp=2018-06-07 10:47:41,943, session=2, sequence=62, operation=PrimitiveOperation{id=DefaultOperationId{id=write, type=COMMAND}, value=byte[]{length=17, hash=-1644578928}}}}
22:47:41.944 [raft-server-1] TRACE i.a.p.raft.roles.FollowerRole - RaftServer{1}{role=FOLLOWER} - Sending AppendResponse{status=OK, term=1, succeeded=true, lastLogIndex=69}
22:47:41.944 [raft-server-3] TRACE i.a.p.raft.roles.FollowerRole - RaftServer{3}{role=FOLLOWER} - Appended Indexed{index=69, entry=CommandEntry{term=1, timestamp=2018-06-07 10:47:41,943, session=2, sequence=62, operation=PrimitiveOperation{id=DefaultOperationId{id=write, type=COMMAND}, value=byte[]{length=17, hash=-1644578928}}}}
22:47:41.944 [raft-server-2] TRACE i.a.p.raft.roles.LeaderAppender - RaftServer{2} - Received AppendResponse{status=OK, term=1, succeeded=true, lastLogIndex=69} from 1
22:47:41.944 [raft-server-3] TRACE i.a.p.raft.roles.FollowerRole - RaftServer{3}{role=FOLLOWER} - Sending AppendResponse{status=OK, term=1, succeeded=true, lastLogIndex=69}
22:47:41.944 [raft-server-2] TRACE i.a.p.raft.roles.LeaderAppender - RaftServer{2} - Committed entries up to 69
22:47:42.000 [raft-server-2] TRACE i.a.p.raft.roles.LeaderAppender - RaftServer{2} - Received AppendResponse{status=OK, term=1, succeeded=true, lastLogIndex=69} from 3
22:47:42.000 [raft-server-2] TRACE i.a.p.raft.roles.LeaderAppender - RaftServer{2} - Sending AppendRequest{term=1, leader=2, prevLogIndex=69, prevLogTerm=1, entries=0, commitIndex=69} to 1
22:47:42.000 [raft-server-2] TRACE i.a.p.raft.roles.LeaderAppender - RaftServer{2} - Sending AppendRequest{term=1, leader=2, prevLogIndex=69, prevLogTerm=1, entries=0, commitIndex=69} to 3
22:47:42.000 [raft-server-1] TRACE i.a.p.raft.roles.FollowerRole - RaftServer{1}{role=FOLLOWER} - Received AppendRequest{term=1, leader=2, prevLogIndex=69, prevLogTerm=1, entries=0, commitIndex=69}
22:47:42.000 [raft-server-3] TRACE i.a.p.raft.roles.FollowerRole - RaftServer{3}{role=FOLLOWER} - Received AppendRequest{term=1, leader=2, prevLogIndex=69, prevLogTerm=1, entries=0, commitIndex=69}
22:47:42.000 [raft-server-2-state] TRACE i.a.p.raft.impl.RaftServiceManager - RaftServer{2} - Applying Indexed{index=69, entry=CommandEntry{term=1, timestamp=2018-06-07 10:47:41,943, session=2, sequence=62, operation=PrimitiveOperation{id=DefaultOperationId{id=write, type=COMMAND}, value=byte[]{length=17, hash=-1644578928}}}}
22:47:42.001 [raft-server-2-state] TRACE i.a.p.s.impl.DefaultServiceExecutor - PrimitiveService{2}{type=io.atomix.protocols.raft.RaftTest$TestPrimitiveType@581a9c39, name=raft-test} - Executing DefaultCommit{index=69, session=RaftSession{RaftServiceContext{server=2, type=io.atomix.protocols.raft.RaftTest$TestPrimitiveType@581a9c39, name=raft-test, id=2}, session=2, timestamp=2018-06-07 10:47:41,943}, time=2018-06-07 10:47:41,943, operation=DefaultOperationId{id=write, type=COMMAND}, value=byte[]{length=17, hash=-1644578928}}
22:47:42.001 [raft-server-2-state] TRACE i.a.protocols.raft.roles.LeaderRole - RaftServer{2}{role=LEADER} - Sending CommandResponse{status=OK, index=69, eventIndex=2, result=byte[]{length=3, hash=34783}}
22:47:42.058 [raft-server-3] TRACE i.a.p.raft.roles.FollowerRole - RaftServer{3}{role=FOLLOWER} - Committed entries up to index 69
22:47:42.058 [raft-server-1] TRACE i.a.p.raft.roles.FollowerRole - RaftServer{1}{role=FOLLOWER} - Committed entries up to index 69
22:47:42.058 [raft-server-3] TRACE i.a.p.raft.roles.FollowerRole - RaftServer{3}{role=FOLLOWER} - Sending AppendResponse{status=OK, term=1, succeeded=true, lastLogIndex=69}
22:47:42.058 [raft-server-1] TRACE i.a.p.raft.roles.FollowerRole - RaftServer{1}{role=FOLLOWER} - Sending AppendResponse{status=OK, term=1, succeeded=true, lastLogIndex=69}
22:47:42.058 [raft-server-3] TRACE i.a.p.raft.roles.FollowerRole - RaftServer{3}{role=FOLLOWER} - Sending CommandResponse{status=OK, index=69, eventIndex=2, result=byte[]{length=3, hash=34783}}
22:47:42.059 [raft-server-2] TRACE i.a.p.raft.roles.LeaderAppender - RaftServer{2} - Received AppendResponse{status=OK, term=1, succeeded=true, lastLogIndex=69} from 3
22:47:42.059 [raft-server-1-state] TRACE i.a.p.raft.impl.RaftServiceManager - RaftServer{1} - Applying Indexed{index=69, entry=CommandEntry{term=1, timestamp=2018-06-07 10:47:41,943, session=2, sequence=62, operation=PrimitiveOperation{id=DefaultOperationId{id=write, type=COMMAND}, value=byte[]{length=17, hash=-1644578928}}}}
22:47:42.059 [raft-client-431b802d-5b1a-4d37-8231-45cdad27d9ba-1] TRACE i.a.p.r.p.impl.RaftProxyConnection - PartitionProxy{2}{type=io.atomix.protocols.raft.RaftTest$TestPrimitiveType@35bfa1bb, name=raft-test} - Received CommandResponse{status=OK, index=69, eventIndex=2, result=byte[]{length=3, hash=34783}} from 3
22:47:42.059 [raft-server-2] TRACE i.a.p.raft.roles.LeaderAppender - RaftServer{2} - Sending AppendRequest{term=1, leader=2, prevLogIndex=69, prevLogTerm=1, entries=0, commitIndex=69} to 3
22:47:42.059 [raft-server-3-state] TRACE i.a.p.raft.impl.RaftServiceManager - RaftServer{3} - Applying Indexed{index=69, entry=CommandEntry{term=1, timestamp=2018-06-07 10:47:41,943, session=2, sequence=62, operation=PrimitiveOperation{id=DefaultOperationId{id=write, type=COMMAND}, value=byte[]{length=17, hash=-1644578928}}}}
22:47:42.059 [raft-server-1-state] TRACE i.a.p.s.impl.DefaultServiceExecutor - PrimitiveService{2}{type=io.atomix.protocols.raft.RaftTest$TestPrimitiveType@43a95102, name=raft-test} - Executing DefaultCommit{index=69, session=RaftSession{RaftServiceContext{server=1, type=io.atomix.protocols.raft.RaftTest$TestPrimitiveType@43a95102, name=raft-test, id=2}, session=2, timestamp=2018-06-07 10:47:41,943}, time=2018-06-07 10:47:41,943, operation=DefaultOperationId{id=write, type=COMMAND}, value=byte[]{length=17, hash=-1644578928}}
22:47:42.059 [raft-client-431b802d-5b1a-4d37-8231-45cdad27d9ba-1] TRACE i.a.p.r.p.impl.RaftProxySequencer - PartitionProxy{2}{type=io.atomix.protocols.raft.RaftTest$TestPrimitiveType@35bfa1bb, name=raft-test} - Completing response CommandResponse{status=OK, index=69, eventIndex=2, result=byte[]{length=3, hash=34783}}
22:47:42.059 [raft-server-2] TRACE i.a.p.raft.roles.LeaderAppender - RaftServer{2} - Received AppendResponse{status=OK, term=1, succeeded=true, lastLogIndex=69} from 1
22:47:42.059 [raft-server-3] TRACE i.a.p.raft.roles.FollowerRole - RaftServer{3}{role=FOLLOWER} - Received AppendRequest{term=1, leader=2, prevLogIndex=69, prevLogTerm=1, entries=0, commitIndex=69}
22:47:42.059 [raft-server-3-state] TRACE i.a.p.s.impl.DefaultServiceExecutor - PrimitiveService{2}{type=io.atomix.protocols.raft.RaftTest$TestPrimitiveType@19970ea6, name=raft-test} - Executing DefaultCommit{index=69, session=RaftSession{RaftServiceContext{server=3, type=io.atomix.protocols.raft.RaftTest$TestPrimitiveType@19970ea6, name=raft-test, id=2}, session=2, timestamp=2018-06-07 10:47:41,943}, time=2018-06-07 10:47:41,943, operation=DefaultOperationId{id=write, type=COMMAND}, value=byte[]{length=17, hash=-1644578928}}
22:47:42.059 [raft-server-2] TRACE i.a.p.raft.roles.LeaderAppender - RaftServer{2} - Sending AppendRequest{term=1, leader=2, prevLogIndex=69, prevLogTerm=1, entries=0, commitIndex=69} to 1
22:47:42.059 [raft-server-3] TRACE i.a.p.raft.roles.FollowerRole - RaftServer{3}{role=FOLLOWER} - Sending AppendResponse{status=OK, term=1, succeeded=true, lastLogIndex=69}
22:47:42.059 [raft-server-1] TRACE i.a.p.raft.roles.FollowerRole - RaftServer{1}{role=FOLLOWER} - Received AppendRequest{term=1, leader=2, prevLogIndex=69, prevLogTerm=1, entries=0, commitIndex=69}
22:47:42.059 [raft-server-2] TRACE i.a.p.raft.roles.LeaderAppender - RaftServer{2} - Received AppendResponse{status=OK, term=1, succeeded=true, lastLogIndex=69} from 3
22:47:42.059 [raft-server-1] TRACE i.a.p.raft.roles.FollowerRole - RaftServer{1}{role=FOLLOWER} - Sending AppendResponse{status=OK, term=1, succeeded=true, lastLogIndex=69}
22:47:42.059 [raft-client-431b802d-5b1a-4d37-8231-45cdad27d9ba-7] TRACE i.a.p.r.p.impl.RaftProxyConnection - PartitionProxy{2}{type=io.atomix.protocols.raft.RaftTest$TestPrimitiveType@35bfa1bb, name=raft-test} - Sending CommandRequest{session=2, sequence=63, operation=PrimitiveOperation{id=DefaultOperationId{id=write, type=COMMAND}, value=byte[]{length=17, hash=-1644578928}}} to 3
22:47:42.060 [raft-server-2] TRACE i.a.p.raft.roles.LeaderAppender - RaftServer{2} - Received AppendResponse{status=OK, term=1, succeeded=true, lastLogIndex=69} from 1
22:47:42.060 [raft-server-3] TRACE i.a.p.raft.roles.FollowerRole - RaftServer{3}{role=FOLLOWER} - Received CommandRequest{session=2, sequence=63, operation=PrimitiveOperation{id=DefaultOperationId{id=write, type=COMMAND}, value=byte[]{length=17, hash=-1644578928}}}
22:47:42.060 [raft-server-2] TRACE i.a.protocols.raft.roles.LeaderRole - RaftServer{2}{role=LEADER} - Received CommandRequest{session=2, sequence=63, operation=PrimitiveOperation{id=DefaultOperationId{id=write, type=COMMAND}, value=byte[]{length=17, hash=-1644578928}}}
22:47:42.060 [raft-server-2] TRACE i.a.protocols.raft.roles.LeaderRole - RaftServer{2}{role=LEADER} - Appended Indexed{index=70, entry=CommandEntry{term=1, timestamp=2018-06-07 10:47:42,060, session=2, sequence=63, operation=PrimitiveOperation{id=DefaultOperationId{id=write, type=COMMAND}, value=byte[]{length=17, hash=-1644578928}}}}
22:47:42.060 [raft-server-2] TRACE i.a.p.raft.roles.LeaderAppender - RaftServer{2} - Sending AppendRequest{term=1, leader=2, prevLogIndex=69, prevLogTerm=1, entries=1, commitIndex=69} to 1
22:47:42.060 [raft-server-1] TRACE i.a.p.raft.roles.FollowerRole - RaftServer{1}{role=FOLLOWER} - Received AppendRequest{term=1, leader=2, prevLogIndex=69, prevLogTerm=1, entries=1, commitIndex=69}
22:47:42.060 [raft-server-2] TRACE i.a.p.raft.roles.LeaderAppender - RaftServer{2} - Sending AppendRequest{term=1, leader=2, prevLogIndex=69, prevLogTerm=1, entries=1, commitIndex=69} to 3
22:47:42.060 [raft-server-3] TRACE i.a.p.raft.roles.FollowerRole - RaftServer{3}{role=FOLLOWER} - Received AppendRequest{term=1, leader=2, prevLogIndex=69, prevLogTerm=1, entries=1, commitIndex=69}
22:47:42.060 [raft-server-1] TRACE i.a.p.raft.roles.FollowerRole - RaftServer{1}{role=FOLLOWER} - Appended Indexed{index=70, entry=CommandEntry{term=1, timestamp=2018-06-07 10:47:42,060, session=2, sequence=63, operation=PrimitiveOperation{id=DefaultOperationId{id=write, type=COMMAND}, value=byte[]{length=17, hash=-1644578928}}}}
22:47:42.060 [raft-server-1] TRACE i.a.p.raft.roles.FollowerRole - RaftServer{1}{role=FOLLOWER} - Sending AppendResponse{status=OK, term=1, succeeded=true, lastLogIndex=70}
22:47:42.060 [raft-server-2] TRACE i.a.p.raft.roles.LeaderAppender - RaftServer{2} - Received AppendResponse{status=OK, term=1, succeeded=true, lastLogIndex=70} from 1
22:47:42.060 [raft-server-2] TRACE i.a.p.raft.roles.LeaderAppender - RaftServer{2} - Committed entries up to 70
22:47:42.060 [raft-server-3] TRACE i.a.p.raft.roles.FollowerRole - RaftServer{3}{role=FOLLOWER} - Appended Indexed{index=70, entry=CommandEntry{term=1, timestamp=2018-06-07 10:47:42,060, session=2, sequence=63, operation=PrimitiveOperation{id=DefaultOperationId{id=write, type=COMMAND}, value=byte[]{length=17, hash=-1644578928}}}}
22:47:42.061 [raft-server-3] TRACE i.a.p.raft.roles.FollowerRole - RaftServer{3}{role=FOLLOWER} - Sending AppendResponse{status=OK, term=1, succeeded=true, lastLogIndex=70}
22:47:42.142 [raft-server-2] TRACE i.a.p.raft.roles.LeaderAppender - RaftServer{2} - Received AppendResponse{status=OK, term=1, succeeded=true, lastLogIndex=70} from 3
22:47:42.142 [raft-server-2-state] TRACE i.a.p.raft.impl.RaftServiceManager - RaftServer{2} - Applying Indexed{index=70, entry=CommandEntry{term=1, timestamp=2018-06-07 10:47:42,060, session=2, sequence=63, operation=PrimitiveOperation{id=DefaultOperationId{id=write, type=COMMAND}, value=byte[]{length=17, hash=-1644578928}}}}
22:47:42.142 [raft-server-2-state] TRACE i.a.p.s.impl.DefaultServiceExecutor - PrimitiveService{2}{type=io.atomix.protocols.raft.RaftTest$TestPrimitiveType@581a9c39, name=raft-test} - Executing DefaultCommit{index=70, session=RaftSession{RaftServiceContext{server=2, type=io.atomix.protocols.raft.RaftTest$TestPrimitiveType@581a9c39, name=raft-test, id=2}, session=2, timestamp=2018-06-07 10:47:42,060}, time=2018-06-07 10:47:42,060, operation=DefaultOperationId{id=write, type=COMMAND}, value=byte[]{length=17, hash=-1644578928}}
22:47:42.142 [raft-server-2-state] TRACE i.a.protocols.raft.roles.LeaderRole - RaftServer{2}{role=LEADER} - Sending CommandResponse{status=OK, index=70, eventIndex=2, result=byte[]{length=3, hash=34845}}
22:47:42.142 [raft-server-3] TRACE i.a.p.raft.roles.FollowerRole - RaftServer{3}{role=FOLLOWER} - Sending CommandResponse{status=OK, index=70, eventIndex=2, result=byte[]{length=3, hash=34845}}
22:47:42.142 [raft-client-431b802d-5b1a-4d37-8231-45cdad27d9ba-5] TRACE i.a.p.r.p.impl.RaftProxyConnection - PartitionProxy{2}{type=io.atomix.protocols.raft.RaftTest$TestPrimitiveType@35bfa1bb, name=raft-test} - Received CommandResponse{status=OK, index=70, eventIndex=2, result=byte[]{length=3, hash=34845}} from 3
22:47:42.143 [raft-client-431b802d-5b1a-4d37-8231-45cdad27d9ba-5] TRACE i.a.p.r.p.impl.RaftProxySequencer - PartitionProxy{2}{type=io.atomix.protocols.raft.RaftTest$TestPrimitiveType@35bfa1bb, name=raft-test} - Completing response CommandResponse{status=OK, index=70, eventIndex=2, result=byte[]{length=3, hash=34845}}
22:47:42.143 [raft-client-431b802d-5b1a-4d37-8231-45cdad27d9ba-6] TRACE i.a.p.r.p.impl.RaftProxyConnection - PartitionProxy{2}{type=io.atomix.protocols.raft.RaftTest$TestPrimitiveType@35bfa1bb, name=raft-test} - Sending CommandRequest{session=2, sequence=64, operation=PrimitiveOperation{id=DefaultOperationId{id=write, type=COMMAND}, value=byte[]{length=17, hash=-1644578928}}} to 3
22:47:42.143 [raft-server-3] TRACE i.a.p.raft.roles.FollowerRole - RaftServer{3}{role=FOLLOWER} - Received CommandRequest{session=2, sequence=64, operation=PrimitiveOperation{id=DefaultOperationId{id=write, type=COMMAND}, value=byte[]{length=17, hash=-1644578928}}}
22:47:42.143 [raft-server-2] TRACE i.a.protocols.raft.roles.LeaderRole - RaftServer{2}{role=LEADER} - Received CommandRequest{session=2, sequence=64, operation=PrimitiveOperation{id=DefaultOperationId{id=write, type=COMMAND}, value=byte[]{length=17, hash=-1644578928}}}
22:47:42.247 [raft-server-2] DEBUG i.a.storage.journal.SegmentedJournal - Created disk segment: JournalSegment{id=8, version=1, index=71, size=64}
22:47:42.248 [raft-server-2] TRACE i.a.protocols.raft.roles.LeaderRole - RaftServer{2}{role=LEADER} - Appended Indexed{index=71, entry=CommandEntry{term=1, timestamp=2018-06-07 10:47:42,143, session=2, sequence=64, operation=PrimitiveOperation{id=DefaultOperationId{id=write, type=COMMAND}, value=byte[]{length=17, hash=-1644578928}}}}
22:47:42.248 [raft-server-2] TRACE i.a.p.raft.roles.LeaderAppender - RaftServer{2} - Sending AppendRequest{term=1, leader=2, prevLogIndex=70, prevLogTerm=1, entries=1, commitIndex=70} to 1
22:47:42.248 [raft-server-1] TRACE i.a.p.raft.roles.FollowerRole - RaftServer{1}{role=FOLLOWER} - Received AppendRequest{term=1, leader=2, prevLogIndex=70, prevLogTerm=1, entries=1, commitIndex=70}
22:47:42.248 [raft-server-2] TRACE i.a.p.raft.roles.LeaderAppender - RaftServer{2} - Sending AppendRequest{term=1, leader=2, prevLogIndex=70, prevLogTerm=1, entries=1, commitIndex=70} to 3
22:47:42.248 [raft-server-3] TRACE i.a.p.raft.roles.FollowerRole - RaftServer{3}{role=FOLLOWER} - Received AppendRequest{term=1, leader=2, prevLogIndex=70, prevLogTerm=1, entries=1, commitIndex=70}
22:47:42.358 [raft-server-1] DEBUG i.a.storage.journal.SegmentedJournal - Created disk segment: JournalSegment{id=8, version=1, index=71, size=64}
22:47:42.358 [raft-server-1] TRACE i.a.p.raft.roles.FollowerRole - RaftServer{1}{role=FOLLOWER} - Appended Indexed{index=71, entry=CommandEntry{term=1, timestamp=2018-06-07 10:47:42,143, session=2, sequence=64, operation=PrimitiveOperation{id=DefaultOperationId{id=write, type=COMMAND}, value=byte[]{length=17, hash=-1644578928}}}}
22:47:42.417 [raft-server-3] DEBUG i.a.storage.journal.SegmentedJournal - Created disk segment: JournalSegment{id=8, version=1, index=71, size=64}
22:47:42.417 [raft-server-3] TRACE i.a.p.raft.roles.FollowerRole - RaftServer{3}{role=FOLLOWER} - Appended Indexed{index=71, entry=CommandEntry{term=1, timestamp=2018-06-07 10:47:42,143, session=2, sequence=64, operation=PrimitiveOperation{id=DefaultOperationId{id=write, type=COMMAND}, value=byte[]{length=17, hash=-1644578928}}}}
22:47:42.517 [raft-server-1] TRACE i.a.p.raft.roles.FollowerRole - RaftServer{1}{role=FOLLOWER} - Committed entries up to index 70
22:47:42.517 [raft-server-1] TRACE i.a.p.raft.roles.FollowerRole - RaftServer{1}{role=FOLLOWER} - Sending AppendResponse{status=OK, term=1, succeeded=true, lastLogIndex=71}
22:47:42.517 [raft-server-2] TRACE i.a.p.raft.roles.LeaderAppender - RaftServer{2} - Received AppendResponse{status=OK, term=1, succeeded=true, lastLogIndex=71} from 1
22:47:42.517 [raft-server-2] TRACE i.a.p.raft.roles.LeaderAppender - RaftServer{2} - Committed entries up to 71
22:47:42.517 [raft-server-1-state] TRACE i.a.p.raft.impl.RaftServiceManager - RaftServer{1} - Applying Indexed{index=70, entry=CommandEntry{term=1, timestamp=2018-06-07 10:47:42,060, session=2, sequence=63, operation=PrimitiveOperation{id=DefaultOperationId{id=write, type=COMMAND}, value=byte[]{length=17, hash=-1644578928}}}}
22:47:42.517 [raft-server-1-state] TRACE i.a.p.s.impl.DefaultServiceExecutor - PrimitiveService{2}{type=io.atomix.protocols.raft.RaftTest$TestPrimitiveType@43a95102, name=raft-test} - Executing DefaultCommit{index=70, session=RaftSession{RaftServiceContext{server=1, type=io.atomix.protocols.raft.RaftTest$TestPrimitiveType@43a95102, name=raft-test, id=2}, session=2, timestamp=2018-06-07 10:47:42,060}, time=2018-06-07 10:47:42,060, operation=DefaultOperationId{id=write, type=COMMAND}, value=byte[]{length=17, hash=-1644578928}}
22:47:42.575 [raft-server-3] TRACE i.a.p.raft.roles.FollowerRole - RaftServer{3}{role=FOLLOWER} - Committed entries up to index 70
22:47:42.575 [raft-server-3] TRACE i.a.p.raft.roles.FollowerRole - RaftServer{3}{role=FOLLOWER} - Sending AppendResponse{status=OK, term=1, succeeded=true, lastLogIndex=71}
22:47:42.575 [raft-server-3-state] TRACE i.a.p.raft.impl.RaftServiceManager - RaftServer{3} - Applying Indexed{index=70, entry=CommandEntry{term=1, timestamp=2018-06-07 10:47:42,060, session=2, sequence=63, operation=PrimitiveOperation{id=DefaultOperationId{id=write, type=COMMAND}, value=byte[]{length=17, hash=-1644578928}}}}
22:47:42.575 [raft-server-3-state] TRACE i.a.p.s.impl.DefaultServiceExecutor - PrimitiveService{2}{type=io.atomix.protocols.raft.RaftTest$TestPrimitiveType@19970ea6, name=raft-test} - Executing DefaultCommit{index=70, session=RaftSession{RaftServiceContext{server=3, type=io.atomix.protocols.raft.RaftTest$TestPrimitiveType@19970ea6, name=raft-test, id=2}, session=2, timestamp=2018-06-07 10:47:42,060}, time=2018-06-07 10:47:42,060, operation=DefaultOperationId{id=write, type=COMMAND}, value=byte[]{length=17, hash=-1644578928}}
22:47:42.614 [raft-server-2] TRACE i.a.p.raft.roles.LeaderAppender - RaftServer{2} - Sending AppendRequest{term=1, leader=2, prevLogIndex=71, prevLogTerm=1, entries=0, commitIndex=71} to 1
22:47:42.614 [raft-server-1] TRACE i.a.p.raft.roles.FollowerRole - RaftServer{1}{role=FOLLOWER} - Received AppendRequest{term=1, leader=2, prevLogIndex=71, prevLogTerm=1, entries=0, commitIndex=71}
22:47:42.614 [raft-server-2] TRACE i.a.p.raft.roles.LeaderAppender - RaftServer{2} - Received AppendResponse{status=OK, term=1, succeeded=true, lastLogIndex=71} from 3
22:47:42.614 [raft-server-2] TRACE i.a.p.raft.roles.LeaderAppender - RaftServer{2} - Sending AppendRequest{term=1, leader=2, prevLogIndex=71, prevLogTerm=1, entries=0, commitIndex=71} to 3
22:47:42.614 [raft-server-3] TRACE i.a.p.raft.roles.FollowerRole - RaftServer{3}{role=FOLLOWER} - Received AppendRequest{term=1, leader=2, prevLogIndex=71, prevLogTerm=1, entries=0, commitIndex=71}
22:47:42.614 [raft-server-2-state] TRACE i.a.p.raft.impl.RaftServiceManager - RaftServer{2} - Applying Indexed{index=71, entry=CommandEntry{term=1, timestamp=2018-06-07 10:47:42,143, session=2, sequence=64, operation=PrimitiveOperation{id=DefaultOperationId{id=write, type=COMMAND}, value=byte[]{length=17, hash=-1644578928}}}}
22:47:42.615 [raft-server-2-state] TRACE i.a.p.s.impl.DefaultServiceExecutor - PrimitiveService{2}{type=io.atomix.protocols.raft.RaftTest$TestPrimitiveType@581a9c39, name=raft-test} - Executing DefaultCommit{index=71, session=RaftSession{RaftServiceContext{server=2, type=io.atomix.protocols.raft.RaftTest$TestPrimitiveType@581a9c39, name=raft-test, id=2}, session=2, timestamp=2018-06-07 10:47:42,143}, time=2018-06-07 10:47:42,143, operation=DefaultOperationId{id=write, type=COMMAND}, value=byte[]{length=17, hash=-1644578928}}
22:47:42.615 [raft-server-2] TRACE i.a.protocols.raft.roles.LeaderRole - RaftServer{2}{role=LEADER} - Sending CommandResponse{status=OK, index=71, eventIndex=2, result=byte[]{length=3, hash=34907}}
22:47:42.652 [raft-server-1] TRACE i.a.p.raft.roles.FollowerRole - RaftServer{1}{role=FOLLOWER} - Committed entries up to index 71
22:47:42.652 [raft-server-1] TRACE i.a.p.raft.roles.FollowerRole - RaftServer{1}{role=FOLLOWER} - Sending AppendResponse{status=OK, term=1, succeeded=true, lastLogIndex=71}
22:47:42.652 [raft-server-2] TRACE i.a.p.raft.roles.LeaderAppender - RaftServer{2} - Received AppendResponse{status=OK, term=1, succeeded=true, lastLogIndex=71} from 1
22:47:42.652 [raft-server-1-state] TRACE i.a.p.raft.impl.RaftServiceManager - RaftServer{1} - Applying Indexed{index=71, entry=CommandEntry{term=1, timestamp=2018-06-07 10:47:42,143, session=2, sequence=64, operation=PrimitiveOperation{id=DefaultOperationId{id=write, type=COMMAND}, value=byte[]{length=17, hash=-1644578928}}}}
22:47:42.652 [raft-server-1-state] TRACE i.a.p.s.impl.DefaultServiceExecutor - PrimitiveService{2}{type=io.atomix.protocols.raft.RaftTest$TestPrimitiveType@43a95102, name=raft-test} - Executing DefaultCommit{index=71, session=RaftSession{RaftServiceContext{server=1, type=io.atomix.protocols.raft.RaftTest$TestPrimitiveType@43a95102, name=raft-test, id=2}, session=2, timestamp=2018-06-07 10:47:42,143}, time=2018-06-07 10:47:42,143, operation=DefaultOperationId{id=write, type=COMMAND}, value=byte[]{length=17, hash=-1644578928}}
22:47:42.689 [raft-server-3] TRACE i.a.p.raft.roles.FollowerRole - RaftServer{3}{role=FOLLOWER} - Committed entries up to index 71
22:47:42.689 [raft-server-3] TRACE i.a.p.raft.roles.FollowerRole - RaftServer{3}{role=FOLLOWER} - Sending AppendResponse{status=OK, term=1, succeeded=true, lastLogIndex=71}
22:47:42.689 [raft-server-2] TRACE i.a.p.raft.roles.LeaderAppender - RaftServer{2} - Received AppendResponse{status=OK, term=1, succeeded=true, lastLogIndex=71} from 3
22:47:42.689 [raft-server-3] TRACE i.a.p.raft.roles.FollowerRole - RaftServer{3}{role=FOLLOWER} - Sending CommandResponse{status=OK, index=71, eventIndex=2, result=byte[]{length=3, hash=34907}}
22:47:42.689 [raft-client-431b802d-5b1a-4d37-8231-45cdad27d9ba-0] TRACE i.a.p.r.p.impl.RaftProxyConnection - PartitionProxy{2}{type=io.atomix.protocols.raft.RaftTest$TestPrimitiveType@35bfa1bb, name=raft-test} - Received CommandResponse{status=OK, index=71, eventIndex=2, result=byte[]{length=3, hash=34907}} from 3
22:47:42.689 [raft-client-431b802d-5b1a-4d37-8231-45cdad27d9ba-0] TRACE i.a.p.r.p.impl.RaftProxySequencer - PartitionProxy{2}{type=io.atomix.protocols.raft.RaftTest$TestPrimitiveType@35bfa1bb, name=raft-test} - Completing response CommandResponse{status=OK, index=71, eventIndex=2, result=byte[]{length=3, hash=34907}}
22:47:42.689 [raft-server-3-state] TRACE i.a.p.raft.impl.RaftServiceManager - RaftServer{3} - Applying Indexed{index=71, entry=CommandEntry{term=1, timestamp=2018-06-07 10:47:42,143, session=2, sequence=64, operation=PrimitiveOperation{id=DefaultOperationId{id=write, type=COMMAND}, value=byte[]{length=17, hash=-1644578928}}}}
22:47:42.689 [raft-server-3-state] TRACE i.a.p.s.impl.DefaultServiceExecutor - PrimitiveService{2}{type=io.atomix.protocols.raft.RaftTest$TestPrimitiveType@19970ea6, name=raft-test} - Executing DefaultCommit{index=71, session=RaftSession{RaftServiceContext{server=3, type=io.atomix.protocols.raft.RaftTest$TestPrimitiveType@19970ea6, name=raft-test, id=2}, session=2, timestamp=2018-06-07 10:47:42,143}, time=2018-06-07 10:47:42,143, operation=DefaultOperationId{id=write, type=COMMAND}, value=byte[]{length=17, hash=-1644578928}}
22:47:42.690 [raft-client-431b802d-5b1a-4d37-8231-45cdad27d9ba-5] TRACE i.a.p.r.p.impl.RaftProxyConnection - PartitionProxy{2}{type=io.atomix.protocols.raft.RaftTest$TestPrimitiveType@35bfa1bb, name=raft-test} - Sending CommandRequest{session=2, sequence=65, operation=PrimitiveOperation{id=DefaultOperationId{id=write, type=COMMAND}, value=byte[]{length=17, hash=-1644578928}}} to 3
22:47:42.690 [raft-server-3] TRACE i.a.p.raft.roles.FollowerRole - RaftServer{3}{role=FOLLOWER} - Received CommandRequest{session=2, sequence=65, operation=PrimitiveOperation{id=DefaultOperationId{id=write, type=COMMAND}, value=byte[]{length=17, hash=-1644578928}}}
22:47:42.690 [raft-server-2] TRACE i.a.protocols.raft.roles.LeaderRole - RaftServer{2}{role=LEADER} - Received CommandRequest{session=2, sequence=65, operation=PrimitiveOperation{id=DefaultOperationId{id=write, type=COMMAND}, value=byte[]{length=17, hash=-1644578928}}}
22:47:42.690 [raft-server-2] TRACE i.a.protocols.raft.roles.LeaderRole - RaftServer{2}{role=LEADER} - Appended Indexed{index=72, entry=CommandEntry{term=1, timestamp=2018-06-07 10:47:42,690, session=2, sequence=65, operation=PrimitiveOperation{id=DefaultOperationId{id=write, type=COMMAND}, value=byte[]{length=17, hash=-1644578928}}}}
22:47:42.690 [raft-server-2] TRACE i.a.p.raft.roles.LeaderAppender - RaftServer{2} - Sending AppendRequest{term=1, leader=2, prevLogIndex=71, prevLogTerm=1, entries=1, commitIndex=71} to 1
22:47:42.690 [raft-server-1] TRACE i.a.p.raft.roles.FollowerRole - RaftServer{1}{role=FOLLOWER} - Received AppendRequest{term=1, leader=2, prevLogIndex=71, prevLogTerm=1, entries=1, commitIndex=71}
22:47:42.690 [raft-server-2] TRACE i.a.p.raft.roles.LeaderAppender - RaftServer{2} - Sending AppendRequest{term=1, leader=2, prevLogIndex=71, prevLogTerm=1, entries=1, commitIndex=71} to 3
22:47:42.690 [raft-server-3] TRACE i.a.p.raft.roles.FollowerRole - RaftServer{3}{role=FOLLOWER} - Received AppendRequest{term=1, leader=2, prevLogIndex=71, prevLogTerm=1, entries=1, commitIndex=71}
22:47:42.690 [raft-server-1] TRACE i.a.p.raft.roles.FollowerRole - RaftServer{1}{role=FOLLOWER} - Appended Indexed{index=72, entry=CommandEntry{term=1, timestamp=2018-06-07 10:47:42,690, session=2, sequence=65, operation=PrimitiveOperation{id=DefaultOperationId{id=write, type=COMMAND}, value=byte[]{length=17, hash=-1644578928}}}}
22:47:42.690 [raft-server-1] TRACE i.a.p.raft.roles.FollowerRole - RaftServer{1}{role=FOLLOWER} - Sending AppendResponse{status=OK, term=1, succeeded=true, lastLogIndex=72}
22:47:42.690 [raft-server-3] TRACE i.a.p.raft.roles.FollowerRole - RaftServer{3}{role=FOLLOWER} - Appended Indexed{index=72, entry=CommandEntry{term=1, timestamp=2018-06-07 10:47:42,690, session=2, sequence=65, operation=PrimitiveOperation{id=DefaultOperationId{id=write, type=COMMAND}, value=byte[]{length=17, hash=-1644578928}}}}
22:47:42.690 [raft-server-2] TRACE i.a.p.raft.roles.LeaderAppender - RaftServer{2} - Received AppendResponse{status=OK, term=1, succeeded=true, lastLogIndex=72} from 1
22:47:42.690 [raft-server-3] TRACE i.a.p.raft.roles.FollowerRole - RaftServer{3}{role=FOLLOWER} - Sending AppendResponse{status=OK, term=1, succeeded=true, lastLogIndex=72}
22:47:42.691 [raft-server-2] TRACE i.a.p.raft.roles.LeaderAppender - RaftServer{2} - Committed entries up to 72
22:47:42.725 [raft-server-2] TRACE i.a.p.raft.roles.LeaderAppender - RaftServer{2} - Received AppendResponse{status=OK, term=1, succeeded=true, lastLogIndex=72} from 3
22:47:42.725 [raft-server-2-state] TRACE i.a.p.raft.impl.RaftServiceManager - RaftServer{2} - Applying Indexed{index=72, entry=CommandEntry{term=1, timestamp=2018-06-07 10:47:42,690, session=2, sequence=65, operation=PrimitiveOperation{id=DefaultOperationId{id=write, type=COMMAND}, value=byte[]{length=17, hash=-1644578928}}}}
22:47:42.725 [raft-server-2-state] TRACE i.a.p.s.impl.DefaultServiceExecutor - PrimitiveService{2}{type=io.atomix.protocols.raft.RaftTest$TestPrimitiveType@581a9c39, name=raft-test} - Executing DefaultCommit{index=72, session=RaftSession{RaftServiceContext{server=2, type=io.atomix.protocols.raft.RaftTest$TestPrimitiveType@581a9c39, name=raft-test, id=2}, session=2, timestamp=2018-06-07 10:47:42,690}, time=2018-06-07 10:47:42,690, operation=DefaultOperationId{id=write, type=COMMAND}, value=byte[]{length=17, hash=-1644578928}}
22:47:42.725 [raft-server-2-state] TRACE i.a.protocols.raft.roles.LeaderRole - RaftServer{2}{role=LEADER} - Sending CommandResponse{status=OK, index=72, eventIndex=2, result=byte[]{length=3, hash=34969}}
22:47:42.725 [raft-server-3] TRACE i.a.p.raft.roles.FollowerRole - RaftServer{3}{role=FOLLOWER} - Sending CommandResponse{status=OK, index=72, eventIndex=2, result=byte[]{length=3, hash=34969}}
22:47:42.726 [raft-client-431b802d-5b1a-4d37-8231-45cdad27d9ba-1] TRACE i.a.p.r.p.impl.RaftProxyConnection - PartitionProxy{2}{type=io.atomix.protocols.raft.RaftTest$TestPrimitiveType@35bfa1bb, name=raft-test} - Received CommandResponse{status=OK, index=72, eventIndex=2, result=byte[]{length=3, hash=34969}} from 3
22:47:42.726 [raft-client-431b802d-5b1a-4d37-8231-45cdad27d9ba-1] TRACE i.a.p.r.p.impl.RaftProxySequencer - PartitionProxy{2}{type=io.atomix.protocols.raft.RaftTest$TestPrimitiveType@35bfa1bb, name=raft-test} - Completing response CommandResponse{status=OK, index=72, eventIndex=2, result=byte[]{length=3, hash=34969}}
22:47:42.726 [raft-client-431b802d-5b1a-4d37-8231-45cdad27d9ba-1] TRACE i.a.p.r.p.impl.RaftProxyConnection - PartitionProxy{2}{type=io.atomix.protocols.raft.RaftTest$TestPrimitiveType@35bfa1bb, name=raft-test} - Sending CommandRequest{session=2, sequence=66, operation=PrimitiveOperation{id=DefaultOperationId{id=write, type=COMMAND}, value=byte[]{length=17, hash=-1644578928}}} to 3
22:47:42.726 [raft-server-3] TRACE i.a.p.raft.roles.FollowerRole - RaftServer{3}{role=FOLLOWER} - Received CommandRequest{session=2, sequence=66, operation=PrimitiveOperation{id=DefaultOperationId{id=write, type=COMMAND}, value=byte[]{length=17, hash=-1644578928}}}
22:47:42.726 [raft-server-2] TRACE i.a.protocols.raft.roles.LeaderRole - RaftServer{2}{role=LEADER} - Received CommandRequest{session=2, sequence=66, operation=PrimitiveOperation{id=DefaultOperationId{id=write, type=COMMAND}, value=byte[]{length=17, hash=-1644578928}}}
22:47:42.726 [raft-server-2] TRACE i.a.protocols.raft.roles.LeaderRole - RaftServer{2}{role=LEADER} - Appended Indexed{index=73, entry=CommandEntry{term=1, timestamp=2018-06-07 10:47:42,726, session=2, sequence=66, operation=PrimitiveOperation{id=DefaultOperationId{id=write, type=COMMAND}, value=byte[]{length=17, hash=-1644578928}}}}
22:47:42.726 [raft-server-2] TRACE i.a.p.raft.roles.LeaderAppender - RaftServer{2} - Sending AppendRequest{term=1, leader=2, prevLogIndex=72, prevLogTerm=1, entries=1, commitIndex=72} to 1
22:47:42.726 [raft-server-1] TRACE i.a.p.raft.roles.FollowerRole - RaftServer{1}{role=FOLLOWER} - Received AppendRequest{term=1, leader=2, prevLogIndex=72, prevLogTerm=1, entries=1, commitIndex=72}
22:47:42.726 [raft-server-2] TRACE i.a.p.raft.roles.LeaderAppender - RaftServer{2} - Sending AppendRequest{term=1, leader=2, prevLogIndex=72, prevLogTerm=1, entries=1, commitIndex=72} to 3
22:47:42.727 [raft-server-3] TRACE i.a.p.raft.roles.FollowerRole - RaftServer{3}{role=FOLLOWER} - Received AppendRequest{term=1, leader=2, prevLogIndex=72, prevLogTerm=1, entries=1, commitIndex=72}
22:47:42.727 [raft-server-1] TRACE i.a.p.raft.roles.FollowerRole - RaftServer{1}{role=FOLLOWER} - Appended Indexed{index=73, entry=CommandEntry{term=1, timestamp=2018-06-07 10:47:42,726, session=2, sequence=66, operation=PrimitiveOperation{id=DefaultOperationId{id=write, type=COMMAND}, value=byte[]{length=17, hash=-1644578928}}}}
22:47:42.727 [raft-server-3] TRACE i.a.p.raft.roles.FollowerRole - RaftServer{3}{role=FOLLOWER} - Appended Indexed{index=73, entry=CommandEntry{term=1, timestamp=2018-06-07 10:47:42,726, session=2, sequence=66, operation=PrimitiveOperation{id=DefaultOperationId{id=write, type=COMMAND}, value=byte[]{length=17, hash=-1644578928}}}}
22:47:42.775 [raft-server-1] TRACE i.a.p.raft.roles.FollowerRole - RaftServer{1}{role=FOLLOWER} - Committed entries up to index 72
22:47:42.775 [raft-server-1] TRACE i.a.p.raft.roles.FollowerRole - RaftServer{1}{role=FOLLOWER} - Sending AppendResponse{status=OK, term=1, succeeded=true, lastLogIndex=73}
22:47:42.775 [raft-server-3] TRACE i.a.p.raft.roles.FollowerRole - RaftServer{3}{role=FOLLOWER} - Committed entries up to index 72
22:47:42.775 [raft-server-3] TRACE i.a.p.raft.roles.FollowerRole - RaftServer{3}{role=FOLLOWER} - Sending AppendResponse{status=OK, term=1, succeeded=true, lastLogIndex=73}
22:47:42.775 [raft-server-2] TRACE i.a.p.raft.roles.LeaderAppender - RaftServer{2} - Received AppendResponse{status=OK, term=1, succeeded=true, lastLogIndex=73} from 1
22:47:42.775 [raft-server-2] TRACE i.a.p.raft.roles.LeaderAppender - RaftServer{2} - Committed entries up to 73
22:47:42.775 [raft-server-1-state] TRACE i.a.p.raft.impl.RaftServiceManager - RaftServer{1} - Applying Indexed{index=72, entry=CommandEntry{term=1, timestamp=2018-06-07 10:47:42,690, session=2, sequence=65, operation=PrimitiveOperation{id=DefaultOperationId{id=write, type=COMMAND}, value=byte[]{length=17, hash=-1644578928}}}}
22:47:42.775 [raft-server-3-state] TRACE i.a.p.raft.impl.RaftServiceManager - RaftServer{3} - Applying Indexed{index=72, entry=CommandEntry{term=1, timestamp=2018-06-07 10:47:42,690, session=2, sequence=65, operation=PrimitiveOperation{id=DefaultOperationId{id=write, type=COMMAND}, value=byte[]{length=17, hash=-1644578928}}}}
22:47:42.775 [raft-server-1-state] TRACE i.a.p.s.impl.DefaultServiceExecutor - PrimitiveService{2}{type=io.atomix.protocols.raft.RaftTest$TestPrimitiveType@43a95102, name=raft-test} - Executing DefaultCommit{index=72, session=RaftSession{RaftServiceContext{server=1, type=io.atomix.protocols.raft.RaftTest$TestPrimitiveType@43a95102, name=raft-test, id=2}, session=2, timestamp=2018-06-07 10:47:42,690}, time=2018-06-07 10:47:42,690, operation=DefaultOperationId{id=write, type=COMMAND}, value=byte[]{length=17, hash=-1644578928}}
22:47:42.775 [raft-server-3-state] TRACE i.a.p.s.impl.DefaultServiceExecutor - PrimitiveService{2}{type=io.atomix.protocols.raft.RaftTest$TestPrimitiveType@19970ea6, name=raft-test} - Executing DefaultCommit{index=72, session=RaftSession{RaftServiceContext{server=3, type=io.atomix.protocols.raft.RaftTest$TestPrimitiveType@19970ea6, name=raft-test, id=2}, session=2, timestamp=2018-06-07 10:47:42,690}, time=2018-06-07 10:47:42,690, operation=DefaultOperationId{id=write, type=COMMAND}, value=byte[]{length=17, hash=-1644578928}}
22:47:42.831 [raft-server-2] TRACE i.a.p.raft.roles.LeaderAppender - RaftServer{2} - Sending AppendRequest{term=1, leader=2, prevLogIndex=73, prevLogTerm=1, entries=0, commitIndex=73} to 1
22:47:42.831 [raft-server-2] TRACE i.a.p.raft.roles.LeaderAppender - RaftServer{2} - Received AppendResponse{status=OK, term=1, succeeded=true, lastLogIndex=73} from 3
22:47:42.831 [raft-server-2] TRACE i.a.p.raft.roles.LeaderAppender - RaftServer{2} - Sending AppendRequest{term=1, leader=2, prevLogIndex=73, prevLogTerm=1, entries=0, commitIndex=73} to 3
22:47:42.831 [raft-server-3] TRACE i.a.p.raft.roles.FollowerRole - RaftServer{3}{role=FOLLOWER} - Received AppendRequest{term=1, leader=2, prevLogIndex=73, prevLogTerm=1, entries=0, commitIndex=73}
22:47:42.831 [raft-server-1] TRACE i.a.p.raft.roles.FollowerRole - RaftServer{1}{role=FOLLOWER} - Received AppendRequest{term=1, leader=2, prevLogIndex=73, prevLogTerm=1, entries=0, commitIndex=73}
22:47:42.831 [raft-server-3] TRACE i.a.p.raft.roles.FollowerRole - RaftServer{3}{role=FOLLOWER} - Committed entries up to index 73
22:47:42.831 [raft-server-1] TRACE i.a.p.raft.roles.FollowerRole - RaftServer{1}{role=FOLLOWER} - Committed entries up to index 73
22:47:42.831 [raft-server-2-state] TRACE i.a.p.raft.impl.RaftServiceManager - RaftServer{2} - Applying Indexed{index=73, entry=CommandEntry{term=1, timestamp=2018-06-07 10:47:42,726, session=2, sequence=66, operation=PrimitiveOperation{id=DefaultOperationId{id=write, type=COMMAND}, value=byte[]{length=17, hash=-1644578928}}}}
22:47:42.831 [raft-server-3] TRACE i.a.p.raft.roles.FollowerRole - RaftServer{3}{role=FOLLOWER} - Sending AppendResponse{status=OK, term=1, succeeded=true, lastLogIndex=73}
22:47:42.831 [raft-server-1] TRACE i.a.p.raft.roles.FollowerRole - RaftServer{1}{role=FOLLOWER} - Sending AppendResponse{status=OK, term=1, succeeded=true, lastLogIndex=73}
22:47:42.831 [raft-server-2-state] TRACE i.a.p.s.impl.DefaultServiceExecutor - PrimitiveService{2}{type=io.atomix.protocols.raft.RaftTest$TestPrimitiveType@581a9c39, name=raft-test} - Executing DefaultCommit{index=73, session=RaftSession{RaftServiceContext{server=2, type=io.atomix.protocols.raft.RaftTest$TestPrimitiveType@581a9c39, name=raft-test, id=2}, session=2, timestamp=2018-06-07 10:47:42,726}, time=2018-06-07 10:47:42,726, operation=DefaultOperationId{id=write, type=COMMAND}, value=byte[]{length=17, hash=-1644578928}}
22:47:42.831 [raft-server-2] TRACE i.a.p.raft.roles.LeaderAppender - RaftServer{2} - Received AppendResponse{status=OK, term=1, succeeded=true, lastLogIndex=73} from 3
22:47:42.831 [raft-server-3-state] TRACE i.a.p.raft.impl.RaftServiceManager - RaftServer{3} - Applying Indexed{index=73, entry=CommandEntry{term=1, timestamp=2018-06-07 10:47:42,726, session=2, sequence=66, operation=PrimitiveOperation{id=DefaultOperationId{id=write, type=COMMAND}, value=byte[]{length=17, hash=-1644578928}}}}
22:47:42.831 [raft-server-1-state] TRACE i.a.p.raft.impl.RaftServiceManager - RaftServer{1} - Applying Indexed{index=73, entry=CommandEntry{term=1, timestamp=2018-06-07 10:47:42,726, session=2, sequence=66, operation=PrimitiveOperation{id=DefaultOperationId{id=write, type=COMMAND}, value=byte[]{length=17, hash=-1644578928}}}}
22:47:42.831 [raft-server-2] TRACE i.a.p.raft.roles.LeaderAppender - RaftServer{2} - Received AppendResponse{status=OK, term=1, succeeded=true, lastLogIndex=73} from 1
22:47:42.831 [raft-server-3-state] TRACE i.a.p.s.impl.DefaultServiceExecutor - PrimitiveService{2}{type=io.atomix.protocols.raft.RaftTest$TestPrimitiveType@19970ea6, name=raft-test} - Executing DefaultCommit{index=73, session=RaftSession{RaftServiceContext{server=3, type=io.atomix.protocols.raft.RaftTest$TestPrimitiveType@19970ea6, name=raft-test, id=2}, session=2, timestamp=2018-06-07 10:47:42,726}, time=2018-06-07 10:47:42,726, operation=DefaultOperationId{id=write, type=COMMAND}, value=byte[]{length=17, hash=-1644578928}}
22:47:42.831 [raft-server-2-state] TRACE i.a.protocols.raft.roles.LeaderRole - RaftServer{2}{role=LEADER} - Sending CommandResponse{status=OK, index=73, eventIndex=2, result=byte[]{length=3, hash=35031}}
22:47:42.831 [raft-server-1-state] TRACE i.a.p.s.impl.DefaultServiceExecutor - PrimitiveService{2}{type=io.atomix.protocols.raft.RaftTest$TestPrimitiveType@43a95102, name=raft-test} - Executing DefaultCommit{index=73, session=RaftSession{RaftServiceContext{server=1, type=io.atomix.protocols.raft.RaftTest$TestPrimitiveType@43a95102, name=raft-test, id=2}, session=2, timestamp=2018-06-07 10:47:42,726}, time=2018-06-07 10:47:42,726, operation=DefaultOperationId{id=write, type=COMMAND}, value=byte[]{length=17, hash=-1644578928}}
22:47:42.832 [raft-server-3] TRACE i.a.p.raft.roles.FollowerRole - RaftServer{3}{role=FOLLOWER} - Sending CommandResponse{status=OK, index=73, eventIndex=2, result=byte[]{length=3, hash=35031}}
22:47:42.832 [raft-client-431b802d-5b1a-4d37-8231-45cdad27d9ba-3] TRACE i.a.p.r.p.impl.RaftProxyConnection - PartitionProxy{2}{type=io.atomix.protocols.raft.RaftTest$TestPrimitiveType@35bfa1bb, name=raft-test} - Received CommandResponse{status=OK, index=73, eventIndex=2, result=byte[]{length=3, hash=35031}} from 3
22:47:42.832 [raft-client-431b802d-5b1a-4d37-8231-45cdad27d9ba-3] TRACE i.a.p.r.p.impl.RaftProxySequencer - PartitionProxy{2}{type=io.atomix.protocols.raft.RaftTest$TestPrimitiveType@35bfa1bb, name=raft-test} - Completing response CommandResponse{status=OK, index=73, eventIndex=2, result=byte[]{length=3, hash=35031}}
22:47:42.832 [raft-client-431b802d-5b1a-4d37-8231-45cdad27d9ba-4] TRACE i.a.p.r.p.impl.RaftProxyConnection - PartitionProxy{2}{type=io.atomix.protocols.raft.RaftTest$TestPrimitiveType@35bfa1bb, name=raft-test} - Sending CommandRequest{session=2, sequence=67, operation=PrimitiveOperation{id=DefaultOperationId{id=write, type=COMMAND}, value=byte[]{length=17, hash=-1644578928}}} to 3
22:47:42.832 [raft-server-3] TRACE i.a.p.raft.roles.FollowerRole - RaftServer{3}{role=FOLLOWER} - Received CommandRequest{session=2, sequence=67, operation=PrimitiveOperation{id=DefaultOperationId{id=write, type=COMMAND}, value=byte[]{length=17, hash=-1644578928}}}
22:47:42.832 [raft-server-2] TRACE i.a.protocols.raft.roles.LeaderRole - RaftServer{2}{role=LEADER} - Received CommandRequest{session=2, sequence=67, operation=PrimitiveOperation{id=DefaultOperationId{id=write, type=COMMAND}, value=byte[]{length=17, hash=-1644578928}}}
22:47:42.832 [raft-server-2] TRACE i.a.protocols.raft.roles.LeaderRole - RaftServer{2}{role=LEADER} - Appended Indexed{index=74, entry=CommandEntry{term=1, timestamp=2018-06-07 10:47:42,832, session=2, sequence=67, operation=PrimitiveOperation{id=DefaultOperationId{id=write, type=COMMAND}, value=byte[]{length=17, hash=-1644578928}}}}
22:47:42.832 [raft-server-2] TRACE i.a.p.raft.roles.LeaderAppender - RaftServer{2} - Sending AppendRequest{term=1, leader=2, prevLogIndex=73, prevLogTerm=1, entries=1, commitIndex=73} to 1
22:47:42.833 [raft-server-1] TRACE i.a.p.raft.roles.FollowerRole - RaftServer{1}{role=FOLLOWER} - Received AppendRequest{term=1, leader=2, prevLogIndex=73, prevLogTerm=1, entries=1, commitIndex=73}
22:47:42.833 [raft-server-2] TRACE i.a.p.raft.roles.LeaderAppender - RaftServer{2} - Sending AppendRequest{term=1, leader=2, prevLogIndex=73, prevLogTerm=1, entries=1, commitIndex=73} to 3
22:47:42.833 [raft-server-3] TRACE i.a.p.raft.roles.FollowerRole - RaftServer{3}{role=FOLLOWER} - Received AppendRequest{term=1, leader=2, prevLogIndex=73, prevLogTerm=1, entries=1, commitIndex=73}
22:47:42.833 [raft-server-1] TRACE i.a.p.raft.roles.FollowerRole - RaftServer{1}{role=FOLLOWER} - Appended Indexed{index=74, entry=CommandEntry{term=1, timestamp=2018-06-07 10:47:42,832, session=2, sequence=67, operation=PrimitiveOperation{id=DefaultOperationId{id=write, type=COMMAND}, value=byte[]{length=17, hash=-1644578928}}}}
22:47:42.833 [raft-server-1] TRACE i.a.p.raft.roles.FollowerRole - RaftServer{1}{role=FOLLOWER} - Sending AppendResponse{status=OK, term=1, succeeded=true, lastLogIndex=74}
22:47:42.833 [raft-server-2] TRACE i.a.p.raft.roles.LeaderAppender - RaftServer{2} - Received AppendResponse{status=OK, term=1, succeeded=true, lastLogIndex=74} from 1
22:47:42.833 [raft-server-3] TRACE i.a.p.raft.roles.FollowerRole - RaftServer{3}{role=FOLLOWER} - Appended Indexed{index=74, entry=CommandEntry{term=1, timestamp=2018-06-07 10:47:42,832, session=2, sequence=67, operation=PrimitiveOperation{id=DefaultOperationId{id=write, type=COMMAND}, value=byte[]{length=17, hash=-1644578928}}}}
22:47:42.833 [raft-server-2] TRACE i.a.p.raft.roles.LeaderAppender - RaftServer{2} - Committed entries up to 74
22:47:42.833 [raft-server-3] TRACE i.a.p.raft.roles.FollowerRole - RaftServer{3}{role=FOLLOWER} - Sending AppendResponse{status=OK, term=1, succeeded=true, lastLogIndex=74}
22:47:42.858 [raft-server-2] TRACE i.a.p.raft.roles.LeaderAppender - RaftServer{2} - Received AppendResponse{status=OK, term=1, succeeded=true, lastLogIndex=74} from 3
22:47:42.858 [raft-server-2-state] TRACE i.a.p.raft.impl.RaftServiceManager - RaftServer{2} - Applying Indexed{index=74, entry=CommandEntry{term=1, timestamp=2018-06-07 10:47:42,832, session=2, sequence=67, operation=PrimitiveOperation{id=DefaultOperationId{id=write, type=COMMAND}, value=byte[]{length=17, hash=-1644578928}}}}
22:47:42.859 [raft-server-2-state] TRACE i.a.p.s.impl.DefaultServiceExecutor - PrimitiveService{2}{type=io.atomix.protocols.raft.RaftTest$TestPrimitiveType@581a9c39, name=raft-test} - Executing DefaultCommit{index=74, session=RaftSession{RaftServiceContext{server=2, type=io.atomix.protocols.raft.RaftTest$TestPrimitiveType@581a9c39, name=raft-test, id=2}, session=2, timestamp=2018-06-07 10:47:42,832}, time=2018-06-07 10:47:42,832, operation=DefaultOperationId{id=write, type=COMMAND}, value=byte[]{length=17, hash=-1644578928}}
22:47:42.859 [raft-server-2-state] TRACE i.a.protocols.raft.roles.LeaderRole - RaftServer{2}{role=LEADER} - Sending CommandResponse{status=OK, index=74, eventIndex=2, result=byte[]{length=3, hash=35093}}
22:47:42.859 [raft-server-3] TRACE i.a.p.raft.roles.FollowerRole - RaftServer{3}{role=FOLLOWER} - Sending CommandResponse{status=OK, index=74, eventIndex=2, result=byte[]{length=3, hash=35093}}
22:47:42.859 [raft-client-431b802d-5b1a-4d37-8231-45cdad27d9ba-0] TRACE i.a.p.r.p.impl.RaftProxyConnection - PartitionProxy{2}{type=io.atomix.protocols.raft.RaftTest$TestPrimitiveType@35bfa1bb, name=raft-test} - Received CommandResponse{status=OK, index=74, eventIndex=2, result=byte[]{length=3, hash=35093}} from 3
22:47:42.859 [raft-client-431b802d-5b1a-4d37-8231-45cdad27d9ba-0] TRACE i.a.p.r.p.impl.RaftProxySequencer - PartitionProxy{2}{type=io.atomix.protocols.raft.RaftTest$TestPrimitiveType@35bfa1bb, name=raft-test} - Completing response CommandResponse{status=OK, index=74, eventIndex=2, result=byte[]{length=3, hash=35093}}
22:47:42.859 [raft-client-431b802d-5b1a-4d37-8231-45cdad27d9ba-0] TRACE i.a.p.r.p.impl.RaftProxyConnection - PartitionProxy{2}{type=io.atomix.protocols.raft.RaftTest$TestPrimitiveType@35bfa1bb, name=raft-test} - Sending CommandRequest{session=2, sequence=68, operation=PrimitiveOperation{id=DefaultOperationId{id=write, type=COMMAND}, value=byte[]{length=17, hash=-1644578928}}} to 3
22:47:42.860 [raft-server-3] TRACE i.a.p.raft.roles.FollowerRole - RaftServer{3}{role=FOLLOWER} - Received CommandRequest{session=2, sequence=68, operation=PrimitiveOperation{id=DefaultOperationId{id=write, type=COMMAND}, value=byte[]{length=17, hash=-1644578928}}}
22:47:42.860 [raft-server-2] TRACE i.a.protocols.raft.roles.LeaderRole - RaftServer{2}{role=LEADER} - Received CommandRequest{session=2, sequence=68, operation=PrimitiveOperation{id=DefaultOperationId{id=write, type=COMMAND}, value=byte[]{length=17, hash=-1644578928}}}
22:47:42.860 [raft-server-2] TRACE i.a.protocols.raft.roles.LeaderRole - RaftServer{2}{role=LEADER} - Appended Indexed{index=75, entry=CommandEntry{term=1, timestamp=2018-06-07 10:47:42,860, session=2, sequence=68, operation=PrimitiveOperation{id=DefaultOperationId{id=write, type=COMMAND}, value=byte[]{length=17, hash=-1644578928}}}}
22:47:42.860 [raft-server-2] TRACE i.a.p.raft.roles.LeaderAppender - RaftServer{2} - Sending AppendRequest{term=1, leader=2, prevLogIndex=74, prevLogTerm=1, entries=1, commitIndex=74} to 1
22:47:42.860 [raft-server-1] TRACE i.a.p.raft.roles.FollowerRole - RaftServer{1}{role=FOLLOWER} - Received AppendRequest{term=1, leader=2, prevLogIndex=74, prevLogTerm=1, entries=1, commitIndex=74}
22:47:42.860 [raft-server-2] TRACE i.a.p.raft.roles.LeaderAppender - RaftServer{2} - Sending AppendRequest{term=1, leader=2, prevLogIndex=74, prevLogTerm=1, entries=1, commitIndex=74} to 3
22:47:42.860 [raft-server-1] TRACE i.a.p.raft.roles.FollowerRole - RaftServer{1}{role=FOLLOWER} - Appended Indexed{index=75, entry=CommandEntry{term=1, timestamp=2018-06-07 10:47:42,860, session=2, sequence=68, operation=PrimitiveOperation{id=DefaultOperationId{id=write, type=COMMAND}, value=byte[]{length=17, hash=-1644578928}}}}
22:47:42.860 [raft-server-3] TRACE i.a.p.raft.roles.FollowerRole - RaftServer{3}{role=FOLLOWER} - Received AppendRequest{term=1, leader=2, prevLogIndex=74, prevLogTerm=1, entries=1, commitIndex=74}
22:47:42.861 [raft-server-3] TRACE i.a.p.raft.roles.FollowerRole - RaftServer{3}{role=FOLLOWER} - Appended Indexed{index=75, entry=CommandEntry{term=1, timestamp=2018-06-07 10:47:42,860, session=2, sequence=68, operation=PrimitiveOperation{id=DefaultOperationId{id=write, type=COMMAND}, value=byte[]{length=17, hash=-1644578928}}}}
22:47:42.891 [raft-server-1] TRACE i.a.p.raft.roles.FollowerRole - RaftServer{1}{role=FOLLOWER} - Committed entries up to index 74
22:47:42.892 [raft-server-1] TRACE i.a.p.raft.roles.FollowerRole - RaftServer{1}{role=FOLLOWER} - Sending AppendResponse{status=OK, term=1, succeeded=true, lastLogIndex=75}
22:47:42.892 [raft-server-2] TRACE i.a.p.raft.roles.LeaderAppender - RaftServer{2} - Received AppendResponse{status=OK, term=1, succeeded=true, lastLogIndex=75} from 1
22:47:42.892 [raft-server-2] TRACE i.a.p.raft.roles.LeaderAppender - RaftServer{2} - Committed entries up to 75
22:47:42.892 [raft-server-3] TRACE i.a.p.raft.roles.FollowerRole - RaftServer{3}{role=FOLLOWER} - Committed entries up to index 74
22:47:42.892 [raft-server-1-state] TRACE i.a.p.raft.impl.RaftServiceManager - RaftServer{1} - Applying Indexed{index=74, entry=CommandEntry{term=1, timestamp=2018-06-07 10:47:42,832, session=2, sequence=67, operation=PrimitiveOperation{id=DefaultOperationId{id=write, type=COMMAND}, value=byte[]{length=17, hash=-1644578928}}}}
22:47:42.892 [raft-server-3] TRACE i.a.p.raft.roles.FollowerRole - RaftServer{3}{role=FOLLOWER} - Sending AppendResponse{status=OK, term=1, succeeded=true, lastLogIndex=75}
22:47:42.892 [raft-server-1-state] TRACE i.a.p.s.impl.DefaultServiceExecutor - PrimitiveService{2}{type=io.atomix.protocols.raft.RaftTest$TestPrimitiveType@43a95102, name=raft-test} - Executing DefaultCommit{index=74, session=RaftSession{RaftServiceContext{server=1, type=io.atomix.protocols.raft.RaftTest$TestPrimitiveType@43a95102, name=raft-test, id=2}, session=2, timestamp=2018-06-07 10:47:42,832}, time=2018-06-07 10:47:42,832, operation=DefaultOperationId{id=write, type=COMMAND}, value=byte[]{length=17, hash=-1644578928}}
22:47:42.892 [raft-server-3-state] TRACE i.a.p.raft.impl.RaftServiceManager - RaftServer{3} - Applying Indexed{index=74, entry=CommandEntry{term=1, timestamp=2018-06-07 10:47:42,832, session=2, sequence=67, operation=PrimitiveOperation{id=DefaultOperationId{id=write, type=COMMAND}, value=byte[]{length=17, hash=-1644578928}}}}
22:47:42.892 [raft-server-3-state] TRACE i.a.p.s.impl.DefaultServiceExecutor - PrimitiveService{2}{type=io.atomix.protocols.raft.RaftTest$TestPrimitiveType@19970ea6, name=raft-test} - Executing DefaultCommit{index=74, session=RaftSession{RaftServiceContext{server=3, type=io.atomix.protocols.raft.RaftTest$TestPrimitiveType@19970ea6, name=raft-test, id=2}, session=2, timestamp=2018-06-07 10:47:42,832}, time=2018-06-07 10:47:42,832, operation=DefaultOperationId{id=write, type=COMMAND}, value=byte[]{length=17, hash=-1644578928}}
22:47:42.917 [raft-server-2] TRACE i.a.p.raft.roles.LeaderAppender - RaftServer{2} - Received AppendResponse{status=OK, term=1, succeeded=true, lastLogIndex=75} from 3
22:47:42.917 [raft-server-2-state] TRACE i.a.p.raft.impl.RaftServiceManager - RaftServer{2} - Applying Indexed{index=75, entry=CommandEntry{term=1, timestamp=2018-06-07 10:47:42,860, session=2, sequence=68, operation=PrimitiveOperation{id=DefaultOperationId{id=write, type=COMMAND}, value=byte[]{length=17, hash=-1644578928}}}}
22:47:42.917 [raft-server-2-state] TRACE i.a.p.s.impl.DefaultServiceExecutor - PrimitiveService{2}{type=io.atomix.protocols.raft.RaftTest$TestPrimitiveType@581a9c39, name=raft-test} - Executing DefaultCommit{index=75, session=RaftSession{RaftServiceContext{server=2, type=io.atomix.protocols.raft.RaftTest$TestPrimitiveType@581a9c39, name=raft-test, id=2}, session=2, timestamp=2018-06-07 10:47:42,860}, time=2018-06-07 10:47:42,860, operation=DefaultOperationId{id=write, type=COMMAND}, value=byte[]{length=17, hash=-1644578928}}
22:47:42.917 [raft-server-2-state] TRACE i.a.protocols.raft.roles.LeaderRole - RaftServer{2}{role=LEADER} - Sending CommandResponse{status=OK, index=75, eventIndex=2, result=byte[]{length=3, hash=35155}}
22:47:42.917 [raft-server-3] TRACE i.a.p.raft.roles.FollowerRole - RaftServer{3}{role=FOLLOWER} - Sending CommandResponse{status=OK, index=75, eventIndex=2, result=byte[]{length=3, hash=35155}}
22:47:42.917 [raft-client-431b802d-5b1a-4d37-8231-45cdad27d9ba-3] TRACE i.a.p.r.p.impl.RaftProxyConnection - PartitionProxy{2}{type=io.atomix.protocols.raft.RaftTest$TestPrimitiveType@35bfa1bb, name=raft-test} - Received CommandResponse{status=OK, index=75, eventIndex=2, result=byte[]{length=3, hash=35155}} from 3
22:47:42.917 [raft-client-431b802d-5b1a-4d37-8231-45cdad27d9ba-3] TRACE i.a.p.r.p.impl.RaftProxySequencer - PartitionProxy{2}{type=io.atomix.protocols.raft.RaftTest$TestPrimitiveType@35bfa1bb, name=raft-test} - Completing response CommandResponse{status=OK, index=75, eventIndex=2, result=byte[]{length=3, hash=35155}}
22:47:42.918 [raft-client-431b802d-5b1a-4d37-8231-45cdad27d9ba-0] TRACE i.a.p.r.p.impl.RaftProxyConnection - PartitionProxy{2}{type=io.atomix.protocols.raft.RaftTest$TestPrimitiveType@35bfa1bb, name=raft-test} - Sending CommandRequest{session=2, sequence=69, operation=PrimitiveOperation{id=DefaultOperationId{id=write, type=COMMAND}, value=byte[]{length=17, hash=-1644578928}}} to 3
22:47:42.918 [raft-server-3] TRACE i.a.p.raft.roles.FollowerRole - RaftServer{3}{role=FOLLOWER} - Received CommandRequest{session=2, sequence=69, operation=PrimitiveOperation{id=DefaultOperationId{id=write, type=COMMAND}, value=byte[]{length=17, hash=-1644578928}}}
22:47:42.918 [raft-server-2] TRACE i.a.protocols.raft.roles.LeaderRole - RaftServer{2}{role=LEADER} - Received CommandRequest{session=2, sequence=69, operation=PrimitiveOperation{id=DefaultOperationId{id=write, type=COMMAND}, value=byte[]{length=17, hash=-1644578928}}}
22:47:42.918 [raft-server-2] TRACE i.a.protocols.raft.roles.LeaderRole - RaftServer{2}{role=LEADER} - Appended Indexed{index=76, entry=CommandEntry{term=1, timestamp=2018-06-07 10:47:42,918, session=2, sequence=69, operation=PrimitiveOperation{id=DefaultOperationId{id=write, type=COMMAND}, value=byte[]{length=17, hash=-1644578928}}}}
22:47:42.918 [raft-server-2] TRACE i.a.p.raft.roles.LeaderAppender - RaftServer{2} - Sending AppendRequest{term=1, leader=2, prevLogIndex=75, prevLogTerm=1, entries=1, commitIndex=75} to 1
22:47:42.918 [raft-server-1] TRACE i.a.p.raft.roles.FollowerRole - RaftServer{1}{role=FOLLOWER} - Received AppendRequest{term=1, leader=2, prevLogIndex=75, prevLogTerm=1, entries=1, commitIndex=75}
22:47:42.918 [raft-server-2] TRACE i.a.p.raft.roles.LeaderAppender - RaftServer{2} - Sending AppendRequest{term=1, leader=2, prevLogIndex=75, prevLogTerm=1, entries=1, commitIndex=75} to 3
22:47:42.918 [raft-server-3] TRACE i.a.p.raft.roles.FollowerRole - RaftServer{3}{role=FOLLOWER} - Received AppendRequest{term=1, leader=2, prevLogIndex=75, prevLogTerm=1, entries=1, commitIndex=75}
22:47:42.918 [raft-server-1] TRACE i.a.p.raft.roles.FollowerRole - RaftServer{1}{role=FOLLOWER} - Appended Indexed{index=76, entry=CommandEntry{term=1, timestamp=2018-06-07 10:47:42,918, session=2, sequence=69, operation=PrimitiveOperation{id=DefaultOperationId{id=write, type=COMMAND}, value=byte[]{length=17, hash=-1644578928}}}}
22:47:42.918 [raft-server-3] TRACE i.a.p.raft.roles.FollowerRole - RaftServer{3}{role=FOLLOWER} - Appended Indexed{index=76, entry=CommandEntry{term=1, timestamp=2018-06-07 10:47:42,918, session=2, sequence=69, operation=PrimitiveOperation{id=DefaultOperationId{id=write, type=COMMAND}, value=byte[]{length=17, hash=-1644578928}}}}
22:47:42.942 [raft-server-1] TRACE i.a.p.raft.roles.FollowerRole - RaftServer{1}{role=FOLLOWER} - Committed entries up to index 75
22:47:42.942 [raft-server-3] TRACE i.a.p.raft.roles.FollowerRole - RaftServer{3}{role=FOLLOWER} - Committed entries up to index 75
22:47:42.942 [raft-server-1] TRACE i.a.p.raft.roles.FollowerRole - RaftServer{1}{role=FOLLOWER} - Sending AppendResponse{status=OK, term=1, succeeded=true, lastLogIndex=76}
22:47:42.942 [raft-server-3] TRACE i.a.p.raft.roles.FollowerRole - RaftServer{3}{role=FOLLOWER} - Sending AppendResponse{status=OK, term=1, succeeded=true, lastLogIndex=76}
22:47:42.942 [raft-server-2] TRACE i.a.p.raft.roles.LeaderAppender - RaftServer{2} - Received AppendResponse{status=OK, term=1, succeeded=true, lastLogIndex=76} from 1
22:47:42.942 [raft-server-2] TRACE i.a.p.raft.roles.LeaderAppender - RaftServer{2} - Committed entries up to 76
22:47:42.942 [raft-server-3-state] TRACE i.a.p.raft.impl.RaftServiceManager - RaftServer{3} - Applying Indexed{index=75, entry=CommandEntry{term=1, timestamp=2018-06-07 10:47:42,860, session=2, sequence=68, operation=PrimitiveOperation{id=DefaultOperationId{id=write, type=COMMAND}, value=byte[]{length=17, hash=-1644578928}}}}
22:47:42.942 [raft-server-1-state] TRACE i.a.p.raft.impl.RaftServiceManager - RaftServer{1} - Applying Indexed{index=75, entry=CommandEntry{term=1, timestamp=2018-06-07 10:47:42,860, session=2, sequence=68, operation=PrimitiveOperation{id=DefaultOperationId{id=write, type=COMMAND}, value=byte[]{length=17, hash=-1644578928}}}}
22:47:42.942 [raft-server-3-state] TRACE i.a.p.s.impl.DefaultServiceExecutor - PrimitiveService{2}{type=io.atomix.protocols.raft.RaftTest$TestPrimitiveType@19970ea6, name=raft-test} - Executing DefaultCommit{index=75, session=RaftSession{RaftServiceContext{server=3, type=io.atomix.protocols.raft.RaftTest$TestPrimitiveType@19970ea6, name=raft-test, id=2}, session=2, timestamp=2018-06-07 10:47:42,860}, time=2018-06-07 10:47:42,860, operation=DefaultOperationId{id=write, type=COMMAND}, value=byte[]{length=17, hash=-1644578928}}
22:47:42.942 [raft-server-1-state] TRACE i.a.p.s.impl.DefaultServiceExecutor - PrimitiveService{2}{type=io.atomix.protocols.raft.RaftTest$TestPrimitiveType@43a95102, name=raft-test} - Executing DefaultCommit{index=75, session=RaftSession{RaftServiceContext{server=1, type=io.atomix.protocols.raft.RaftTest$TestPrimitiveType@43a95102, name=raft-test, id=2}, session=2, timestamp=2018-06-07 10:47:42,860}, time=2018-06-07 10:47:42,860, operation=DefaultOperationId{id=write, type=COMMAND}, value=byte[]{length=17, hash=-1644578928}}
22:47:42.967 [raft-server-2] TRACE i.a.p.raft.roles.LeaderAppender - RaftServer{2} - Received AppendResponse{status=OK, term=1, succeeded=true, lastLogIndex=76} from 3
22:47:42.967 [raft-server-2-state] TRACE i.a.p.raft.impl.RaftServiceManager - RaftServer{2} - Applying Indexed{index=76, entry=CommandEntry{term=1, timestamp=2018-06-07 10:47:42,918, session=2, sequence=69, operation=PrimitiveOperation{id=DefaultOperationId{id=write, type=COMMAND}, value=byte[]{length=17, hash=-1644578928}}}}
22:47:42.967 [raft-server-2-state] TRACE i.a.p.s.impl.DefaultServiceExecutor - PrimitiveService{2}{type=io.atomix.protocols.raft.RaftTest$TestPrimitiveType@581a9c39, name=raft-test} - Executing DefaultCommit{index=76, session=RaftSession{RaftServiceContext{server=2, type=io.atomix.protocols.raft.RaftTest$TestPrimitiveType@581a9c39, name=raft-test, id=2}, session=2, timestamp=2018-06-07 10:47:42,918}, time=2018-06-07 10:47:42,918, operation=DefaultOperationId{id=write, type=COMMAND}, value=byte[]{length=17, hash=-1644578928}}
22:47:42.967 [raft-server-2-state] TRACE i.a.protocols.raft.roles.LeaderRole - RaftServer{2}{role=LEADER} - Sending CommandResponse{status=OK, index=76, eventIndex=2, result=byte[]{length=3, hash=35217}}
22:47:42.967 [raft-server-3] TRACE i.a.p.raft.roles.FollowerRole - RaftServer{3}{role=FOLLOWER} - Sending CommandResponse{status=OK, index=76, eventIndex=2, result=byte[]{length=3, hash=35217}}
22:47:42.967 [raft-client-431b802d-5b1a-4d37-8231-45cdad27d9ba-7] TRACE i.a.p.r.p.impl.RaftProxyConnection - PartitionProxy{2}{type=io.atomix.protocols.raft.RaftTest$TestPrimitiveType@35bfa1bb, name=raft-test} - Received CommandResponse{status=OK, index=76, eventIndex=2, result=byte[]{length=3, hash=35217}} from 3
22:47:42.967 [raft-client-431b802d-5b1a-4d37-8231-45cdad27d9ba-7] TRACE i.a.p.r.p.impl.RaftProxySequencer - PartitionProxy{2}{type=io.atomix.protocols.raft.RaftTest$TestPrimitiveType@35bfa1bb, name=raft-test} - Completing response CommandResponse{status=OK, index=76, eventIndex=2, result=byte[]{length=3, hash=35217}}
22:47:42.968 [raft-client-431b802d-5b1a-4d37-8231-45cdad27d9ba-7] TRACE i.a.p.r.p.impl.RaftProxyConnection - PartitionProxy{2}{type=io.atomix.protocols.raft.RaftTest$TestPrimitiveType@35bfa1bb, name=raft-test} - Sending CommandRequest{session=2, sequence=70, operation=PrimitiveOperation{id=DefaultOperationId{id=write, type=COMMAND}, value=byte[]{length=17, hash=-1644578928}}} to 3
22:47:42.968 [raft-server-3] TRACE i.a.p.raft.roles.FollowerRole - RaftServer{3}{role=FOLLOWER} - Received CommandRequest{session=2, sequence=70, operation=PrimitiveOperation{id=DefaultOperationId{id=write, type=COMMAND}, value=byte[]{length=17, hash=-1644578928}}}
22:47:42.968 [raft-server-2] TRACE i.a.protocols.raft.roles.LeaderRole - RaftServer{2}{role=LEADER} - Received CommandRequest{session=2, sequence=70, operation=PrimitiveOperation{id=DefaultOperationId{id=write, type=COMMAND}, value=byte[]{length=17, hash=-1644578928}}}
22:47:42.968 [raft-server-2] TRACE i.a.protocols.raft.roles.LeaderRole - RaftServer{2}{role=LEADER} - Appended Indexed{index=77, entry=CommandEntry{term=1, timestamp=2018-06-07 10:47:42,968, session=2, sequence=70, operation=PrimitiveOperation{id=DefaultOperationId{id=write, type=COMMAND}, value=byte[]{length=17, hash=-1644578928}}}}
22:47:42.968 [raft-server-2] TRACE i.a.p.raft.roles.LeaderAppender - RaftServer{2} - Sending AppendRequest{term=1, leader=2, prevLogIndex=76, prevLogTerm=1, entries=1, commitIndex=76} to 1
22:47:42.968 [raft-server-2] TRACE i.a.p.raft.roles.LeaderAppender - RaftServer{2} - Sending AppendRequest{term=1, leader=2, prevLogIndex=76, prevLogTerm=1, entries=1, commitIndex=76} to 3
22:47:42.968 [raft-server-3] TRACE i.a.p.raft.roles.FollowerRole - RaftServer{3}{role=FOLLOWER} - Received AppendRequest{term=1, leader=2, prevLogIndex=76, prevLogTerm=1, entries=1, commitIndex=76}
22:47:42.968 [raft-server-1] TRACE i.a.p.raft.roles.FollowerRole - RaftServer{1}{role=FOLLOWER} - Received AppendRequest{term=1, leader=2, prevLogIndex=76, prevLogTerm=1, entries=1, commitIndex=76}
22:47:42.968 [raft-server-3] TRACE i.a.p.raft.roles.FollowerRole - RaftServer{3}{role=FOLLOWER} - Appended Indexed{index=77, entry=CommandEntry{term=1, timestamp=2018-06-07 10:47:42,968, session=2, sequence=70, operation=PrimitiveOperation{id=DefaultOperationId{id=write, type=COMMAND}, value=byte[]{length=17, hash=-1644578928}}}}
22:47:42.968 [raft-server-1] TRACE i.a.p.raft.roles.FollowerRole - RaftServer{1}{role=FOLLOWER} - Appended Indexed{index=77, entry=CommandEntry{term=1, timestamp=2018-06-07 10:47:42,968, session=2, sequence=70, operation=PrimitiveOperation{id=DefaultOperationId{id=write, type=COMMAND}, value=byte[]{length=17, hash=-1644578928}}}}
22:47:43.056 [raft-server-1] TRACE i.a.p.raft.roles.FollowerRole - RaftServer{1}{role=FOLLOWER} - Committed entries up to index 76
22:47:43.056 [raft-server-3] TRACE i.a.p.raft.roles.FollowerRole - RaftServer{3}{role=FOLLOWER} - Committed entries up to index 76
22:47:43.056 [raft-server-3] TRACE i.a.p.raft.roles.FollowerRole - RaftServer{3}{role=FOLLOWER} - Sending AppendResponse{status=OK, term=1, succeeded=true, lastLogIndex=77}
22:47:43.056 [raft-server-1] TRACE i.a.p.raft.roles.FollowerRole - RaftServer{1}{role=FOLLOWER} - Sending AppendResponse{status=OK, term=1, succeeded=true, lastLogIndex=77}
22:47:43.056 [raft-server-2] TRACE i.a.p.raft.roles.LeaderAppender - RaftServer{2} - Received AppendResponse{status=OK, term=1, succeeded=true, lastLogIndex=77} from 3
22:47:43.056 [raft-server-1-state] TRACE i.a.p.raft.impl.RaftServiceManager - RaftServer{1} - Applying Indexed{index=76, entry=CommandEntry{term=1, timestamp=2018-06-07 10:47:42,918, session=2, sequence=69, operation=PrimitiveOperation{id=DefaultOperationId{id=write, type=COMMAND}, value=byte[]{length=17, hash=-1644578928}}}}
22:47:43.056 [raft-server-2] TRACE i.a.p.raft.roles.LeaderAppender - RaftServer{2} - Committed entries up to 77
22:47:43.056 [raft-server-1-state] TRACE i.a.p.s.impl.DefaultServiceExecutor - PrimitiveService{2}{type=io.atomix.protocols.raft.RaftTest$TestPrimitiveType@43a95102, name=raft-test} - Executing DefaultCommit{index=76, session=RaftSession{RaftServiceContext{server=1, type=io.atomix.protocols.raft.RaftTest$TestPrimitiveType@43a95102, name=raft-test, id=2}, session=2, timestamp=2018-06-07 10:47:42,918}, time=2018-06-07 10:47:42,918, operation=DefaultOperationId{id=write, type=COMMAND}, value=byte[]{length=17, hash=-1644578928}}
22:47:43.056 [raft-server-3-state] TRACE i.a.p.raft.impl.RaftServiceManager - RaftServer{3} - Applying Indexed{index=76, entry=CommandEntry{term=1, timestamp=2018-06-07 10:47:42,918, session=2, sequence=69, operation=PrimitiveOperation{id=DefaultOperationId{id=write, type=COMMAND}, value=byte[]{length=17, hash=-1644578928}}}}
22:47:43.056 [raft-server-3-state] TRACE i.a.p.s.impl.DefaultServiceExecutor - PrimitiveService{2}{type=io.atomix.protocols.raft.RaftTest$TestPrimitiveType@19970ea6, name=raft-test} - Executing DefaultCommit{index=76, session=RaftSession{RaftServiceContext{server=3, type=io.atomix.protocols.raft.RaftTest$TestPrimitiveType@19970ea6, name=raft-test, id=2}, session=2, timestamp=2018-06-07 10:47:42,918}, time=2018-06-07 10:47:42,918, operation=DefaultOperationId{id=write, type=COMMAND}, value=byte[]{length=17, hash=-1644578928}}
22:47:43.126 [raft-server-2] TRACE i.a.p.raft.roles.LeaderAppender - RaftServer{2} - Sending AppendRequest{term=1, leader=2, prevLogIndex=77, prevLogTerm=1, entries=0, commitIndex=77} to 3
22:47:43.126 [raft-server-2] TRACE i.a.p.raft.roles.LeaderAppender - RaftServer{2} - Received AppendResponse{status=OK, term=1, succeeded=true, lastLogIndex=77} from 1
22:47:43.126 [raft-server-2] TRACE i.a.p.raft.roles.LeaderAppender - RaftServer{2} - Sending AppendRequest{term=1, leader=2, prevLogIndex=77, prevLogTerm=1, entries=0, commitIndex=77} to 1
22:47:43.126 [raft-server-1] TRACE i.a.p.raft.roles.FollowerRole - RaftServer{1}{role=FOLLOWER} - Received AppendRequest{term=1, leader=2, prevLogIndex=77, prevLogTerm=1, entries=0, commitIndex=77}
22:47:43.126 [raft-server-3] TRACE i.a.p.raft.roles.FollowerRole - RaftServer{3}{role=FOLLOWER} - Received AppendRequest{term=1, leader=2, prevLogIndex=77, prevLogTerm=1, entries=0, commitIndex=77}
22:47:43.126 [raft-server-2-state] TRACE i.a.p.raft.impl.RaftServiceManager - RaftServer{2} - Applying Indexed{index=77, entry=CommandEntry{term=1, timestamp=2018-06-07 10:47:42,968, session=2, sequence=70, operation=PrimitiveOperation{id=DefaultOperationId{id=write, type=COMMAND}, value=byte[]{length=17, hash=-1644578928}}}}
22:47:43.126 [raft-server-2-state] TRACE i.a.p.s.impl.DefaultServiceExecutor - PrimitiveService{2}{type=io.atomix.protocols.raft.RaftTest$TestPrimitiveType@581a9c39, name=raft-test} - Executing DefaultCommit{index=77, session=RaftSession{RaftServiceContext{server=2, type=io.atomix.protocols.raft.RaftTest$TestPrimitiveType@581a9c39, name=raft-test, id=2}, session=2, timestamp=2018-06-07 10:47:42,968}, time=2018-06-07 10:47:42,968, operation=DefaultOperationId{id=write, type=COMMAND}, value=byte[]{length=17, hash=-1644578928}}
22:47:43.127 [raft-server-2-state] TRACE i.a.protocols.raft.roles.LeaderRole - RaftServer{2}{role=LEADER} - Sending CommandResponse{status=OK, index=77, eventIndex=2, result=byte[]{length=3, hash=35279}}
22:47:43.218 [raft-server-1] TRACE i.a.p.raft.roles.FollowerRole - RaftServer{1}{role=FOLLOWER} - Committed entries up to index 77
22:47:43.218 [raft-server-3] TRACE i.a.p.raft.roles.FollowerRole - RaftServer{3}{role=FOLLOWER} - Committed entries up to index 77
22:47:43.218 [raft-server-1] TRACE i.a.p.raft.roles.FollowerRole - RaftServer{1}{role=FOLLOWER} - Sending AppendResponse{status=OK, term=1, succeeded=true, lastLogIndex=77}
22:47:43.218 [raft-server-3] TRACE i.a.p.raft.roles.FollowerRole - RaftServer{3}{role=FOLLOWER} - Sending AppendResponse{status=OK, term=1, succeeded=true, lastLogIndex=77}
22:47:43.218 [raft-server-2] TRACE i.a.p.raft.roles.LeaderAppender - RaftServer{2} - Received AppendResponse{status=OK, term=1, succeeded=true, lastLogIndex=77} from 1
22:47:43.218 [raft-server-3] TRACE i.a.p.raft.roles.FollowerRole - RaftServer{3}{role=FOLLOWER} - Sending CommandResponse{status=OK, index=77, eventIndex=2, result=byte[]{length=3, hash=35279}}
22:47:43.218 [raft-server-2] TRACE i.a.p.raft.roles.LeaderAppender - RaftServer{2} - Received AppendResponse{status=OK, term=1, succeeded=true, lastLogIndex=77} from 3
22:47:43.218 [raft-server-1-state] TRACE i.a.p.raft.impl.RaftServiceManager - RaftServer{1} - Applying Indexed{index=77, entry=CommandEntry{term=1, timestamp=2018-06-07 10:47:42,968, session=2, sequence=70, operation=PrimitiveOperation{id=DefaultOperationId{id=write, type=COMMAND}, value=byte[]{length=17, hash=-1644578928}}}}
22:47:43.218 [raft-server-1-state] TRACE i.a.p.s.impl.DefaultServiceExecutor - PrimitiveService{2}{type=io.atomix.protocols.raft.RaftTest$TestPrimitiveType@43a95102, name=raft-test} - Executing DefaultCommit{index=77, session=RaftSession{RaftServiceContext{server=1, type=io.atomix.protocols.raft.RaftTest$TestPrimitiveType@43a95102, name=raft-test, id=2}, session=2, timestamp=2018-06-07 10:47:42,968}, time=2018-06-07 10:47:42,968, operation=DefaultOperationId{id=write, type=COMMAND}, value=byte[]{length=17, hash=-1644578928}}
22:47:43.218 [raft-client-431b802d-5b1a-4d37-8231-45cdad27d9ba-6] TRACE i.a.p.r.p.impl.RaftProxyConnection - PartitionProxy{2}{type=io.atomix.protocols.raft.RaftTest$TestPrimitiveType@35bfa1bb, name=raft-test} - Received CommandResponse{status=OK, index=77, eventIndex=2, result=byte[]{length=3, hash=35279}} from 3
22:47:43.218 [raft-client-431b802d-5b1a-4d37-8231-45cdad27d9ba-6] TRACE i.a.p.r.p.impl.RaftProxySequencer - PartitionProxy{2}{type=io.atomix.protocols.raft.RaftTest$TestPrimitiveType@35bfa1bb, name=raft-test} - Completing response CommandResponse{status=OK, index=77, eventIndex=2, result=byte[]{length=3, hash=35279}}
22:47:43.218 [raft-server-3-state] TRACE i.a.p.raft.impl.RaftServiceManager - RaftServer{3} - Applying Indexed{index=77, entry=CommandEntry{term=1, timestamp=2018-06-07 10:47:42,968, session=2, sequence=70, operation=PrimitiveOperation{id=DefaultOperationId{id=write, type=COMMAND}, value=byte[]{length=17, hash=-1644578928}}}}
22:47:43.218 [raft-server-3-state] TRACE i.a.p.s.impl.DefaultServiceExecutor - PrimitiveService{2}{type=io.atomix.protocols.raft.RaftTest$TestPrimitiveType@19970ea6, name=raft-test} - Executing DefaultCommit{index=77, session=RaftSession{RaftServiceContext{server=3, type=io.atomix.protocols.raft.RaftTest$TestPrimitiveType@19970ea6, name=raft-test, id=2}, session=2, timestamp=2018-06-07 10:47:42,968}, time=2018-06-07 10:47:42,968, operation=DefaultOperationId{id=write, type=COMMAND}, value=byte[]{length=17, hash=-1644578928}}
22:47:43.218 [raft-client-431b802d-5b1a-4d37-8231-45cdad27d9ba-6] TRACE i.a.p.r.p.impl.RaftProxyConnection - PartitionProxy{2}{type=io.atomix.protocols.raft.RaftTest$TestPrimitiveType@35bfa1bb, name=raft-test} - Sending CommandRequest{session=2, sequence=71, operation=PrimitiveOperation{id=DefaultOperationId{id=write, type=COMMAND}, value=byte[]{length=17, hash=-1644578928}}} to 3
22:47:43.218 [raft-server-3] TRACE i.a.p.raft.roles.FollowerRole - RaftServer{3}{role=FOLLOWER} - Received CommandRequest{session=2, sequence=71, operation=PrimitiveOperation{id=DefaultOperationId{id=write, type=COMMAND}, value=byte[]{length=17, hash=-1644578928}}}
22:47:43.219 [raft-server-2] TRACE i.a.protocols.raft.roles.LeaderRole - RaftServer{2}{role=LEADER} - Received CommandRequest{session=2, sequence=71, operation=PrimitiveOperation{id=DefaultOperationId{id=write, type=COMMAND}, value=byte[]{length=17, hash=-1644578928}}}
22:47:43.219 [raft-server-2] TRACE i.a.protocols.raft.roles.LeaderRole - RaftServer{2}{role=LEADER} - Appended Indexed{index=78, entry=CommandEntry{term=1, timestamp=2018-06-07 10:47:43,219, session=2, sequence=71, operation=PrimitiveOperation{id=DefaultOperationId{id=write, type=COMMAND}, value=byte[]{length=17, hash=-1644578928}}}}
22:47:43.219 [raft-server-2] TRACE i.a.p.raft.roles.LeaderAppender - RaftServer{2} - Sending AppendRequest{term=1, leader=2, prevLogIndex=77, prevLogTerm=1, entries=1, commitIndex=77} to 1
22:47:43.219 [raft-server-1] TRACE i.a.p.raft.roles.FollowerRole - RaftServer{1}{role=FOLLOWER} - Received AppendRequest{term=1, leader=2, prevLogIndex=77, prevLogTerm=1, entries=1, commitIndex=77}
22:47:43.219 [raft-server-2] TRACE i.a.p.raft.roles.LeaderAppender - RaftServer{2} - Sending AppendRequest{term=1, leader=2, prevLogIndex=77, prevLogTerm=1, entries=1, commitIndex=77} to 3
22:47:43.219 [raft-server-3] TRACE i.a.p.raft.roles.FollowerRole - RaftServer{3}{role=FOLLOWER} - Received AppendRequest{term=1, leader=2, prevLogIndex=77, prevLogTerm=1, entries=1, commitIndex=77}
22:47:43.219 [raft-server-1] TRACE i.a.p.raft.roles.FollowerRole - RaftServer{1}{role=FOLLOWER} - Appended Indexed{index=78, entry=CommandEntry{term=1, timestamp=2018-06-07 10:47:43,219, session=2, sequence=71, operation=PrimitiveOperation{id=DefaultOperationId{id=write, type=COMMAND}, value=byte[]{length=17, hash=-1644578928}}}}
22:47:43.219 [raft-server-1] TRACE i.a.p.raft.roles.FollowerRole - RaftServer{1}{role=FOLLOWER} - Sending AppendResponse{status=OK, term=1, succeeded=true, lastLogIndex=78}
22:47:43.219 [raft-server-3] TRACE i.a.p.raft.roles.FollowerRole - RaftServer{3}{role=FOLLOWER} - Appended Indexed{index=78, entry=CommandEntry{term=1, timestamp=2018-06-07 10:47:43,219, session=2, sequence=71, operation=PrimitiveOperation{id=DefaultOperationId{id=write, type=COMMAND}, value=byte[]{length=17, hash=-1644578928}}}}
22:47:43.219 [raft-server-2] TRACE i.a.p.raft.roles.LeaderAppender - RaftServer{2} - Received AppendResponse{status=OK, term=1, succeeded=true, lastLogIndex=78} from 1
22:47:43.219 [raft-server-3] TRACE i.a.p.raft.roles.FollowerRole - RaftServer{3}{role=FOLLOWER} - Sending AppendResponse{status=OK, term=1, succeeded=true, lastLogIndex=78}
22:47:43.219 [raft-server-2] TRACE i.a.p.raft.roles.LeaderAppender - RaftServer{2} - Committed entries up to 78
22:47:43.326 [raft-server-2] TRACE i.a.p.raft.roles.LeaderAppender - RaftServer{2} - Received AppendResponse{status=OK, term=1, succeeded=true, lastLogIndex=78} from 3
22:47:43.326 [raft-server-2] TRACE i.a.p.raft.roles.LeaderAppender - RaftServer{2} - Sending AppendRequest{term=1, leader=2, prevLogIndex=78, prevLogTerm=1, entries=0, commitIndex=78} to 1
22:47:43.326 [raft-server-2] TRACE i.a.p.raft.roles.LeaderAppender - RaftServer{2} - Sending AppendRequest{term=1, leader=2, prevLogIndex=78, prevLogTerm=1, entries=0, commitIndex=78} to 3
22:47:43.326 [raft-server-3] TRACE i.a.p.raft.roles.FollowerRole - RaftServer{3}{role=FOLLOWER} - Received AppendRequest{term=1, leader=2, prevLogIndex=78, prevLogTerm=1, entries=0, commitIndex=78}
22:47:43.326 [raft-server-1] TRACE i.a.p.raft.roles.FollowerRole - RaftServer{1}{role=FOLLOWER} - Received AppendRequest{term=1, leader=2, prevLogIndex=78, prevLogTerm=1, entries=0, commitIndex=78}
22:47:43.326 [raft-server-2-state] TRACE i.a.p.raft.impl.RaftServiceManager - RaftServer{2} - Applying Indexed{index=78, entry=CommandEntry{term=1, timestamp=2018-06-07 10:47:43,219, session=2, sequence=71, operation=PrimitiveOperation{id=DefaultOperationId{id=write, type=COMMAND}, value=byte[]{length=17, hash=-1644578928}}}}
22:47:43.327 [raft-server-2-state] TRACE i.a.p.s.impl.DefaultServiceExecutor - PrimitiveService{2}{type=io.atomix.protocols.raft.RaftTest$TestPrimitiveType@581a9c39, name=raft-test} - Executing DefaultCommit{index=78, session=RaftSession{RaftServiceContext{server=2, type=io.atomix.protocols.raft.RaftTest$TestPrimitiveType@581a9c39, name=raft-test, id=2}, session=2, timestamp=2018-06-07 10:47:43,219}, time=2018-06-07 10:47:43,219, operation=DefaultOperationId{id=write, type=COMMAND}, value=byte[]{length=17, hash=-1644578928}}
22:47:43.327 [raft-server-2-state] TRACE i.a.protocols.raft.roles.LeaderRole - RaftServer{2}{role=LEADER} - Sending CommandResponse{status=OK, index=78, eventIndex=2, result=byte[]{length=3, hash=35341}}
22:47:43.422 [raft-client-431b802d-5b1a-4d37-8231-45cdad27d9ba-2] TRACE i.a.p.r.proxy.impl.RaftProxyManager - RaftClient{431b802d-5b1a-4d37-8231-45cdad27d9ba} - Keeping 1 sessions alive
22:47:43.422 [raft-client-431b802d-5b1a-4d37-8231-45cdad27d9ba-2] TRACE i.a.p.r.p.impl.RaftProxyConnection - RaftClient{431b802d-5b1a-4d37-8231-45cdad27d9ba} - Sending KeepAliveRequest{sessionIds=long[]{length=1, hash=33}, commandSequences=long[]{length=1, hash=101}, eventIndexes=long[]{length=1, hash=33}} to 3
22:47:43.464 [raft-server-1] TRACE i.a.p.raft.roles.FollowerRole - RaftServer{1}{role=FOLLOWER} - Committed entries up to index 78
22:47:43.464 [raft-server-3] TRACE i.a.p.raft.roles.FollowerRole - RaftServer{3}{role=FOLLOWER} - Committed entries up to index 78
22:47:43.464 [raft-server-1] TRACE i.a.p.raft.roles.FollowerRole - RaftServer{1}{role=FOLLOWER} - Sending AppendResponse{status=OK, term=1, succeeded=true, lastLogIndex=78}
22:47:43.464 [raft-server-3] TRACE i.a.p.raft.roles.FollowerRole - RaftServer{3}{role=FOLLOWER} - Sending AppendResponse{status=OK, term=1, succeeded=true, lastLogIndex=78}
22:47:43.464 [raft-server-3] TRACE i.a.p.raft.roles.FollowerRole - RaftServer{3}{role=FOLLOWER} - Sending CommandResponse{status=OK, index=78, eventIndex=2, result=byte[]{length=3, hash=35341}}
22:47:43.464 [raft-server-3] TRACE i.a.p.raft.roles.FollowerRole - RaftServer{3}{role=FOLLOWER} - Received KeepAliveRequest{sessionIds=long[]{length=1, hash=33}, commandSequences=long[]{length=1, hash=101}, eventIndexes=long[]{length=1, hash=33}}
22:47:43.464 [raft-client-431b802d-5b1a-4d37-8231-45cdad27d9ba-4] TRACE i.a.p.r.p.impl.RaftProxyConnection - PartitionProxy{2}{type=io.atomix.protocols.raft.RaftTest$TestPrimitiveType@35bfa1bb, name=raft-test} - Received CommandResponse{status=OK, index=78, eventIndex=2, result=byte[]{length=3, hash=35341}} from 3
22:47:43.464 [raft-server-1-state] TRACE i.a.p.raft.impl.RaftServiceManager - RaftServer{1} - Applying Indexed{index=78, entry=CommandEntry{term=1, timestamp=2018-06-07 10:47:43,219, session=2, sequence=71, operation=PrimitiveOperation{id=DefaultOperationId{id=write, type=COMMAND}, value=byte[]{length=17, hash=-1644578928}}}}
22:47:43.464 [raft-client-431b802d-5b1a-4d37-8231-45cdad27d9ba-4] TRACE i.a.p.r.p.impl.RaftProxySequencer - PartitionProxy{2}{type=io.atomix.protocols.raft.RaftTest$TestPrimitiveType@35bfa1bb, name=raft-test} - Completing response CommandResponse{status=OK, index=78, eventIndex=2, result=byte[]{length=3, hash=35341}}
22:47:43.464 [raft-server-2] TRACE i.a.p.raft.roles.LeaderAppender - RaftServer{2} - Received AppendResponse{status=OK, term=1, succeeded=true, lastLogIndex=78} from 1
22:47:43.464 [raft-server-3-state] TRACE i.a.p.raft.impl.RaftServiceManager - RaftServer{3} - Applying Indexed{index=78, entry=CommandEntry{term=1, timestamp=2018-06-07 10:47:43,219, session=2, sequence=71, operation=PrimitiveOperation{id=DefaultOperationId{id=write, type=COMMAND}, value=byte[]{length=17, hash=-1644578928}}}}
22:47:43.464 [raft-server-1-state] TRACE i.a.p.s.impl.DefaultServiceExecutor - PrimitiveService{2}{type=io.atomix.protocols.raft.RaftTest$TestPrimitiveType@43a95102, name=raft-test} - Executing DefaultCommit{index=78, session=RaftSession{RaftServiceContext{server=1, type=io.atomix.protocols.raft.RaftTest$TestPrimitiveType@43a95102, name=raft-test, id=2}, session=2, timestamp=2018-06-07 10:47:43,219}, time=2018-06-07 10:47:43,219, operation=DefaultOperationId{id=write, type=COMMAND}, value=byte[]{length=17, hash=-1644578928}}
22:47:43.465 [raft-server-2] TRACE i.a.p.raft.roles.LeaderAppender - RaftServer{2} - Sending AppendRequest{term=1, leader=2, prevLogIndex=78, prevLogTerm=1, entries=0, commitIndex=78} to 1
22:47:43.465 [raft-server-3-state] TRACE i.a.p.s.impl.DefaultServiceExecutor - PrimitiveService{2}{type=io.atomix.protocols.raft.RaftTest$TestPrimitiveType@19970ea6, name=raft-test} - Executing DefaultCommit{index=78, session=RaftSession{RaftServiceContext{server=3, type=io.atomix.protocols.raft.RaftTest$TestPrimitiveType@19970ea6, name=raft-test, id=2}, session=2, timestamp=2018-06-07 10:47:43,219}, time=2018-06-07 10:47:43,219, operation=DefaultOperationId{id=write, type=COMMAND}, value=byte[]{length=17, hash=-1644578928}}
22:47:43.465 [raft-server-1] TRACE i.a.p.raft.roles.FollowerRole - RaftServer{1}{role=FOLLOWER} - Received AppendRequest{term=1, leader=2, prevLogIndex=78, prevLogTerm=1, entries=0, commitIndex=78}
22:47:43.465 [raft-server-2] TRACE i.a.p.raft.roles.LeaderAppender - RaftServer{2} - Received AppendResponse{status=OK, term=1, succeeded=true, lastLogIndex=78} from 3
22:47:43.465 [raft-client-431b802d-5b1a-4d37-8231-45cdad27d9ba-5] TRACE i.a.p.r.p.impl.RaftProxyConnection - PartitionProxy{2}{type=io.atomix.protocols.raft.RaftTest$TestPrimitiveType@35bfa1bb, name=raft-test} - Sending CommandRequest{session=2, sequence=72, operation=PrimitiveOperation{id=DefaultOperationId{id=write, type=COMMAND}, value=byte[]{length=17, hash=-1644578928}}} to 3
22:47:43.465 [raft-server-2] TRACE i.a.p.raft.roles.LeaderAppender - RaftServer{2} - Sending AppendRequest{term=1, leader=2, prevLogIndex=78, prevLogTerm=1, entries=0, commitIndex=78} to 3
22:47:43.465 [raft-server-1] TRACE i.a.p.raft.roles.FollowerRole - RaftServer{1}{role=FOLLOWER} - Sending AppendResponse{status=OK, term=1, succeeded=true, lastLogIndex=78}
22:47:43.465 [raft-server-2] TRACE i.a.protocols.raft.roles.LeaderRole - RaftServer{2}{role=LEADER} - Received KeepAliveRequest{sessionIds=long[]{length=1, hash=33}, commandSequences=long[]{length=1, hash=101}, eventIndexes=long[]{length=1, hash=33}}
22:47:43.465 [raft-server-2] TRACE i.a.protocols.raft.roles.LeaderRole - RaftServer{2}{role=LEADER} - Appended Indexed{index=79, entry=KeepAliveEntry{term=1, timestamp=2018-06-07 10:47:43,465, sessionIds=long[]{length=1, hash=33}, commandSequences=long[]{length=1, hash=101}, eventIndexes=long[]{length=1, hash=33}}}
22:47:43.465 [raft-server-2] TRACE i.a.p.raft.roles.LeaderAppender - RaftServer{2} - Received AppendResponse{status=OK, term=1, succeeded=true, lastLogIndex=78} from 1
22:47:43.465 [raft-server-3] TRACE i.a.p.raft.roles.FollowerRole - RaftServer{3}{role=FOLLOWER} - Received CommandRequest{session=2, sequence=72, operation=PrimitiveOperation{id=DefaultOperationId{id=write, type=COMMAND}, value=byte[]{length=17, hash=-1644578928}}}
22:47:43.465 [raft-server-2] TRACE i.a.p.raft.roles.LeaderAppender - RaftServer{2} - Sending AppendRequest{term=1, leader=2, prevLogIndex=78, prevLogTerm=1, entries=1, commitIndex=78} to 1
22:47:43.465 [raft-server-3] TRACE i.a.p.raft.roles.FollowerRole - RaftServer{3}{role=FOLLOWER} - Received AppendRequest{term=1, leader=2, prevLogIndex=78, prevLogTerm=1, entries=0, commitIndex=78}
22:47:43.465 [raft-server-1] TRACE i.a.p.raft.roles.FollowerRole - RaftServer{1}{role=FOLLOWER} - Received AppendRequest{term=1, leader=2, prevLogIndex=78, prevLogTerm=1, entries=1, commitIndex=78}
22:47:43.465 [raft-server-3] TRACE i.a.p.raft.roles.FollowerRole - RaftServer{3}{role=FOLLOWER} - Sending AppendResponse{status=OK, term=1, succeeded=true, lastLogIndex=78}
22:47:43.465 [raft-server-2] TRACE i.a.protocols.raft.roles.LeaderRole - RaftServer{2}{role=LEADER} - Received CommandRequest{session=2, sequence=72, operation=PrimitiveOperation{id=DefaultOperationId{id=write, type=COMMAND}, value=byte[]{length=17, hash=-1644578928}}}
22:47:43.466 [raft-server-1] TRACE i.a.p.raft.roles.FollowerRole - RaftServer{1}{role=FOLLOWER} - Appended Indexed{index=79, entry=KeepAliveEntry{term=1, timestamp=2018-06-07 10:47:43,465, sessionIds=long[]{length=1, hash=33}, commandSequences=long[]{length=1, hash=101}, eventIndexes=long[]{length=1, hash=33}}}
22:47:43.467 [raft-server-1] TRACE i.a.p.raft.roles.FollowerRole - RaftServer{1}{role=FOLLOWER} - Sending AppendResponse{status=OK, term=1, succeeded=true, lastLogIndex=79}
22:47:43.467 [raft-server-2] TRACE i.a.protocols.raft.roles.LeaderRole - RaftServer{2}{role=LEADER} - Appended Indexed{index=80, entry=CommandEntry{term=1, timestamp=2018-06-07 10:47:43,467, session=2, sequence=72, operation=PrimitiveOperation{id=DefaultOperationId{id=write, type=COMMAND}, value=byte[]{length=17, hash=-1644578928}}}}
22:47:43.467 [raft-server-2] TRACE i.a.p.raft.roles.LeaderAppender - RaftServer{2} - Received AppendResponse{status=OK, term=1, succeeded=true, lastLogIndex=78} from 3
22:47:43.467 [raft-server-2] TRACE i.a.p.raft.roles.LeaderAppender - RaftServer{2} - Sending AppendRequest{term=1, leader=2, prevLogIndex=78, prevLogTerm=1, entries=2, commitIndex=78} to 3
22:47:43.468 [raft-server-3] TRACE i.a.p.raft.roles.FollowerRole - RaftServer{3}{role=FOLLOWER} - Received AppendRequest{term=1, leader=2, prevLogIndex=78, prevLogTerm=1, entries=2, commitIndex=78}
22:47:43.468 [raft-server-2] TRACE i.a.p.raft.roles.LeaderAppender - RaftServer{2} - Received AppendResponse{status=OK, term=1, succeeded=true, lastLogIndex=79} from 1
22:47:43.468 [raft-server-3] TRACE i.a.p.raft.roles.FollowerRole - RaftServer{3}{role=FOLLOWER} - Appended Indexed{index=79, entry=KeepAliveEntry{term=1, timestamp=2018-06-07 10:47:43,465, sessionIds=long[]{length=1, hash=33}, commandSequences=long[]{length=1, hash=101}, eventIndexes=long[]{length=1, hash=33}}}
22:47:43.468 [raft-server-2] TRACE i.a.p.raft.roles.LeaderAppender - RaftServer{2} - Committed entries up to 79
22:47:43.468 [raft-server-3] TRACE i.a.p.raft.roles.FollowerRole - RaftServer{3}{role=FOLLOWER} - Appended Indexed{index=80, entry=CommandEntry{term=1, timestamp=2018-06-07 10:47:43,467, session=2, sequence=72, operation=PrimitiveOperation{id=DefaultOperationId{id=write, type=COMMAND}, value=byte[]{length=17, hash=-1644578928}}}}
22:47:43.468 [raft-server-3] TRACE i.a.p.raft.roles.FollowerRole - RaftServer{3}{role=FOLLOWER} - Sending AppendResponse{status=OK, term=1, succeeded=true, lastLogIndex=80}
22:47:43.522 [raft-server-2] TRACE i.a.p.raft.roles.LeaderAppender - RaftServer{2} - Sending AppendRequest{term=1, leader=2, prevLogIndex=79, prevLogTerm=1, entries=1, commitIndex=79} to 1
22:47:43.522 [raft-server-1] TRACE i.a.p.raft.roles.FollowerRole - RaftServer{1}{role=FOLLOWER} - Received AppendRequest{term=1, leader=2, prevLogIndex=79, prevLogTerm=1, entries=1, commitIndex=79}
22:47:43.522 [raft-server-2] TRACE i.a.p.raft.roles.LeaderAppender - RaftServer{2} - Received AppendResponse{status=OK, term=1, succeeded=true, lastLogIndex=80} from 3
22:47:43.522 [raft-server-2] TRACE i.a.p.raft.roles.LeaderAppender - RaftServer{2} - Committed entries up to 80
22:47:43.522 [raft-server-1] TRACE i.a.p.raft.roles.FollowerRole - RaftServer{1}{role=FOLLOWER} - Appended Indexed{index=80, entry=CommandEntry{term=1, timestamp=2018-06-07 10:47:43,467, session=2, sequence=72, operation=PrimitiveOperation{id=DefaultOperationId{id=write, type=COMMAND}, value=byte[]{length=17, hash=-1644578928}}}}
22:47:43.581 [raft-server-2] TRACE i.a.p.raft.roles.LeaderAppender - RaftServer{2} - Sending AppendRequest{term=1, leader=2, prevLogIndex=80, prevLogTerm=1, entries=0, commitIndex=80} to 3
22:47:43.581 [raft-server-3] TRACE i.a.p.raft.roles.FollowerRole - RaftServer{3}{role=FOLLOWER} - Received AppendRequest{term=1, leader=2, prevLogIndex=80, prevLogTerm=1, entries=0, commitIndex=80}
22:47:43.581 [raft-server-2-state] TRACE i.a.p.raft.impl.RaftServiceManager - RaftServer{2} - Applying Indexed{index=79, entry=KeepAliveEntry{term=1, timestamp=2018-06-07 10:47:43,465, sessionIds=long[]{length=1, hash=33}, commandSequences=long[]{length=1, hash=101}, eventIndexes=long[]{length=1, hash=33}}}
22:47:43.581 [raft-server-2-state] TRACE i.a.p.raft.impl.RaftServiceManager - RaftServer{2} - Applying Indexed{index=80, entry=CommandEntry{term=1, timestamp=2018-06-07 10:47:43,467, session=2, sequence=72, operation=PrimitiveOperation{id=DefaultOperationId{id=write, type=COMMAND}, value=byte[]{length=17, hash=-1644578928}}}}
22:47:43.581 [raft-server-2] TRACE i.a.protocols.raft.roles.LeaderRole - RaftServer{2}{role=LEADER} - Sending KeepAliveResponse{status=OK, leader=2, members=[1, 2, 3], sessionIds=long[]{length=1, hash=33}}
22:47:43.581 [raft-server-2-state] TRACE i.a.p.s.impl.DefaultServiceExecutor - PrimitiveService{2}{type=io.atomix.protocols.raft.RaftTest$TestPrimitiveType@581a9c39, name=raft-test} - Executing DefaultCommit{index=80, session=RaftSession{RaftServiceContext{server=2, type=io.atomix.protocols.raft.RaftTest$TestPrimitiveType@581a9c39, name=raft-test, id=2}, session=2, timestamp=2018-06-07 10:47:43,467}, time=2018-06-07 10:47:43,467, operation=DefaultOperationId{id=write, type=COMMAND}, value=byte[]{length=17, hash=-1644578928}}
22:47:43.581 [raft-server-2-state] TRACE i.a.protocols.raft.roles.LeaderRole - RaftServer{2}{role=LEADER} - Sending CommandResponse{status=OK, index=80, eventIndex=2, result=byte[]{length=3, hash=35465}}
22:47:43.622 [raft-server-1] TRACE i.a.p.raft.roles.FollowerRole - RaftServer{1}{role=FOLLOWER} - Committed entries up to index 79
22:47:43.622 [raft-server-1] TRACE i.a.p.raft.roles.FollowerRole - RaftServer{1}{role=FOLLOWER} - Sending AppendResponse{status=OK, term=1, succeeded=true, lastLogIndex=80}
22:47:43.622 [raft-server-2] TRACE i.a.p.raft.roles.LeaderAppender - RaftServer{2} - Received AppendResponse{status=OK, term=1, succeeded=true, lastLogIndex=80} from 1
22:47:43.622 [raft-server-1-state] TRACE i.a.p.raft.impl.RaftServiceManager - RaftServer{1} - Applying Indexed{index=79, entry=KeepAliveEntry{term=1, timestamp=2018-06-07 10:47:43,465, sessionIds=long[]{length=1, hash=33}, commandSequences=long[]{length=1, hash=101}, eventIndexes=long[]{length=1, hash=33}}}
22:47:43.622 [raft-server-2] TRACE i.a.p.raft.roles.LeaderAppender - RaftServer{2} - Sending AppendRequest{term=1, leader=2, prevLogIndex=80, prevLogTerm=1, entries=0, commitIndex=80} to 1
22:47:43.623 [raft-server-1] TRACE i.a.p.raft.roles.FollowerRole - RaftServer{1}{role=FOLLOWER} - Received AppendRequest{term=1, leader=2, prevLogIndex=80, prevLogTerm=1, entries=0, commitIndex=80}
22:47:43.691 [raft-server-3] TRACE i.a.p.raft.roles.FollowerRole - RaftServer{3}{role=FOLLOWER} - Committed entries up to index 80
22:47:43.691 [raft-server-3] TRACE i.a.p.raft.roles.FollowerRole - RaftServer{3}{role=FOLLOWER} - Sending AppendResponse{status=OK, term=1, succeeded=true, lastLogIndex=80}
22:47:43.691 [raft-server-3] TRACE i.a.p.raft.roles.FollowerRole - RaftServer{3}{role=FOLLOWER} - Sending KeepAliveResponse{status=OK, leader=2, members=[1, 2, 3], sessionIds=long[]{length=1, hash=33}}
22:47:43.691 [raft-server-2] TRACE i.a.p.raft.roles.LeaderAppender - RaftServer{2} - Received AppendResponse{status=OK, term=1, succeeded=true, lastLogIndex=80} from 3
22:47:43.691 [raft-server-3] TRACE i.a.p.raft.roles.FollowerRole - RaftServer{3}{role=FOLLOWER} - Sending CommandResponse{status=OK, index=80, eventIndex=2, result=byte[]{length=3, hash=35465}}
22:47:43.691 [raft-client-431b802d-5b1a-4d37-8231-45cdad27d9ba-0] TRACE i.a.p.r.p.impl.RaftProxyConnection - RaftClient{431b802d-5b1a-4d37-8231-45cdad27d9ba} - Received KeepAliveResponse{status=OK, leader=2, members=[1, 2, 3], sessionIds=long[]{length=1, hash=33}} from 3
22:47:43.692 [raft-server-2] TRACE i.a.p.raft.roles.LeaderAppender - RaftServer{2} - Sending AppendRequest{term=1, leader=2, prevLogIndex=80, prevLogTerm=1, entries=0, commitIndex=80} to 3
22:47:43.692 [raft-client-431b802d-5b1a-4d37-8231-45cdad27d9ba-3] TRACE i.a.p.r.p.impl.RaftProxyConnection - PartitionProxy{2}{type=io.atomix.protocols.raft.RaftTest$TestPrimitiveType@35bfa1bb, name=raft-test} - Received CommandResponse{status=OK, index=80, eventIndex=2, result=byte[]{length=3, hash=35465}} from 3
22:47:43.692 [raft-server-3-state] TRACE i.a.p.raft.impl.RaftServiceManager - RaftServer{3} - Applying Indexed{index=79, entry=KeepAliveEntry{term=1, timestamp=2018-06-07 10:47:43,465, sessionIds=long[]{length=1, hash=33}, commandSequences=long[]{length=1, hash=101}, eventIndexes=long[]{length=1, hash=33}}}
22:47:43.692 [raft-server-3] TRACE i.a.p.raft.roles.FollowerRole - RaftServer{3}{role=FOLLOWER} - Received AppendRequest{term=1, leader=2, prevLogIndex=80, prevLogTerm=1, entries=0, commitIndex=80}
22:47:43.692 [raft-client-431b802d-5b1a-4d37-8231-45cdad27d9ba-3] TRACE i.a.p.r.p.impl.RaftProxySequencer - PartitionProxy{2}{type=io.atomix.protocols.raft.RaftTest$TestPrimitiveType@35bfa1bb, name=raft-test} - Completing response CommandResponse{status=OK, index=80, eventIndex=2, result=byte[]{length=3, hash=35465}}
22:47:43.692 [raft-server-3] TRACE i.a.p.raft.roles.FollowerRole - RaftServer{3}{role=FOLLOWER} - Sending AppendResponse{status=OK, term=1, succeeded=true, lastLogIndex=80}
22:47:43.692 [raft-server-3-state] TRACE i.a.p.raft.impl.RaftServiceManager - RaftServer{3} - Applying Indexed{index=80, entry=CommandEntry{term=1, timestamp=2018-06-07 10:47:43,467, session=2, sequence=72, operation=PrimitiveOperation{id=DefaultOperationId{id=write, type=COMMAND}, value=byte[]{length=17, hash=-1644578928}}}}
22:47:43.692 [raft-server-3-state] TRACE i.a.p.s.impl.DefaultServiceExecutor - PrimitiveService{2}{type=io.atomix.protocols.raft.RaftTest$TestPrimitiveType@19970ea6, name=raft-test} - Executing DefaultCommit{index=80, session=RaftSession{RaftServiceContext{server=3, type=io.atomix.protocols.raft.RaftTest$TestPrimitiveType@19970ea6, name=raft-test, id=2}, session=2, timestamp=2018-06-07 10:47:43,467}, time=2018-06-07 10:47:43,467, operation=DefaultOperationId{id=write, type=COMMAND}, value=byte[]{length=17, hash=-1644578928}}
22:47:43.692 [raft-server-2] TRACE i.a.p.raft.roles.LeaderAppender - RaftServer{2} - Received AppendResponse{status=OK, term=1, succeeded=true, lastLogIndex=80} from 3
22:47:43.692 [raft-client-431b802d-5b1a-4d37-8231-45cdad27d9ba-1] TRACE i.a.p.r.p.impl.RaftProxyConnection - PartitionProxy{2}{type=io.atomix.protocols.raft.RaftTest$TestPrimitiveType@35bfa1bb, name=raft-test} - Sending CommandRequest{session=2, sequence=73, operation=PrimitiveOperation{id=DefaultOperationId{id=write, type=COMMAND}, value=byte[]{length=17, hash=-1644578928}}} to 3
22:47:43.692 [raft-server-3] TRACE i.a.p.raft.roles.FollowerRole - RaftServer{3}{role=FOLLOWER} - Received CommandRequest{session=2, sequence=73, operation=PrimitiveOperation{id=DefaultOperationId{id=write, type=COMMAND}, value=byte[]{length=17, hash=-1644578928}}}
22:47:43.693 [raft-server-2] TRACE i.a.protocols.raft.roles.LeaderRole - RaftServer{2}{role=LEADER} - Received CommandRequest{session=2, sequence=73, operation=PrimitiveOperation{id=DefaultOperationId{id=write, type=COMMAND}, value=byte[]{length=17, hash=-1644578928}}}
22:47:43.764 [raft-server-1] TRACE i.a.p.raft.roles.FollowerRole - RaftServer{1}{role=FOLLOWER} - Committed entries up to index 80
22:47:43.764 [raft-server-1] TRACE i.a.p.raft.roles.FollowerRole - RaftServer{1}{role=FOLLOWER} - Sending AppendResponse{status=OK, term=1, succeeded=true, lastLogIndex=80}
22:47:43.764 [raft-server-1-state] TRACE i.a.p.raft.impl.RaftServiceManager - RaftServer{1} - Applying Indexed{index=80, entry=CommandEntry{term=1, timestamp=2018-06-07 10:47:43,467, session=2, sequence=72, operation=PrimitiveOperation{id=DefaultOperationId{id=write, type=COMMAND}, value=byte[]{length=17, hash=-1644578928}}}}
22:47:43.764 [raft-server-1-state] TRACE i.a.p.s.impl.DefaultServiceExecutor - PrimitiveService{2}{type=io.atomix.protocols.raft.RaftTest$TestPrimitiveType@43a95102, name=raft-test} - Executing DefaultCommit{index=80, session=RaftSession{RaftServiceContext{server=1, type=io.atomix.protocols.raft.RaftTest$TestPrimitiveType@43a95102, name=raft-test, id=2}, session=2, timestamp=2018-06-07 10:47:43,467}, time=2018-06-07 10:47:43,467, operation=DefaultOperationId{id=write, type=COMMAND}, value=byte[]{length=17, hash=-1644578928}}
22:47:43.822 [raft-server-2] DEBUG i.a.storage.journal.SegmentedJournal - Created disk segment: JournalSegment{id=9, version=1, index=81, size=64}
22:47:43.822 [raft-server-2] TRACE i.a.protocols.raft.roles.LeaderRole - RaftServer{2}{role=LEADER} - Appended Indexed{index=81, entry=CommandEntry{term=1, timestamp=2018-06-07 10:47:43,693, session=2, sequence=73, operation=PrimitiveOperation{id=DefaultOperationId{id=write, type=COMMAND}, value=byte[]{length=17, hash=-1644578928}}}}
22:47:43.823 [raft-server-2] TRACE i.a.p.raft.roles.LeaderAppender - RaftServer{2} - Sending AppendRequest{term=1, leader=2, prevLogIndex=80, prevLogTerm=1, entries=1, commitIndex=80} to 1
22:47:43.823 [raft-server-1] TRACE i.a.p.raft.roles.FollowerRole - RaftServer{1}{role=FOLLOWER} - Received AppendRequest{term=1, leader=2, prevLogIndex=80, prevLogTerm=1, entries=1, commitIndex=80}
22:47:43.823 [raft-server-2] TRACE i.a.p.raft.roles.LeaderAppender - RaftServer{2} - Sending AppendRequest{term=1, leader=2, prevLogIndex=80, prevLogTerm=1, entries=1, commitIndex=80} to 3
22:47:43.823 [raft-server-2] TRACE i.a.p.raft.roles.LeaderAppender - RaftServer{2} - Received AppendResponse{status=OK, term=1, succeeded=true, lastLogIndex=80} from 1
22:47:43.823 [raft-server-3] TRACE i.a.p.raft.roles.FollowerRole - RaftServer{3}{role=FOLLOWER} - Received AppendRequest{term=1, leader=2, prevLogIndex=80, prevLogTerm=1, entries=1, commitIndex=80}
22:47:44.067 [raft-server-1] DEBUG i.a.storage.journal.SegmentedJournal - Created disk segment: JournalSegment{id=9, version=1, index=81, size=64}
22:47:44.067 [raft-server-1] TRACE i.a.p.raft.roles.FollowerRole - RaftServer{1}{role=FOLLOWER} - Appended Indexed{index=81, entry=CommandEntry{term=1, timestamp=2018-06-07 10:47:43,693, session=2, sequence=73, operation=PrimitiveOperation{id=DefaultOperationId{id=write, type=COMMAND}, value=byte[]{length=17, hash=-1644578928}}}}
22:47:44.067 [raft-server-1] TRACE i.a.p.raft.roles.FollowerRole - RaftServer{1}{role=FOLLOWER} - Sending AppendResponse{status=OK, term=1, succeeded=true, lastLogIndex=81}
22:47:44.067 [raft-server-2] TRACE i.a.p.raft.roles.LeaderAppender - RaftServer{2} - Received AppendResponse{status=OK, term=1, succeeded=true, lastLogIndex=81} from 1
22:47:44.067 [raft-server-2] TRACE i.a.p.raft.roles.LeaderAppender - RaftServer{2} - Committed entries up to 81
22:47:44.125 [raft-server-3] DEBUG i.a.storage.journal.SegmentedJournal - Created disk segment: JournalSegment{id=9, version=1, index=81, size=64}
22:47:44.125 [raft-server-3] TRACE i.a.p.raft.roles.FollowerRole - RaftServer{3}{role=FOLLOWER} - Appended Indexed{index=81, entry=CommandEntry{term=1, timestamp=2018-06-07 10:47:43,693, session=2, sequence=73, operation=PrimitiveOperation{id=DefaultOperationId{id=write, type=COMMAND}, value=byte[]{length=17, hash=-1644578928}}}}
22:47:44.125 [raft-server-3] TRACE i.a.p.raft.roles.FollowerRole - RaftServer{3}{role=FOLLOWER} - Sending AppendResponse{status=OK, term=1, succeeded=true, lastLogIndex=81}
22:47:44.164 [raft-server-2] TRACE i.a.p.raft.roles.LeaderAppender - RaftServer{2} - Sending AppendRequest{term=1, leader=2, prevLogIndex=81, prevLogTerm=1, entries=0, commitIndex=81} to 1
22:47:44.164 [raft-server-2] TRACE i.a.p.raft.roles.LeaderAppender - RaftServer{2} - Received AppendResponse{status=OK, term=1, succeeded=true, lastLogIndex=81} from 3
22:47:44.164 [raft-server-1] TRACE i.a.p.raft.roles.FollowerRole - RaftServer{1}{role=FOLLOWER} - Received AppendRequest{term=1, leader=2, prevLogIndex=81, prevLogTerm=1, entries=0, commitIndex=81}
22:47:44.164 [raft-server-2] TRACE i.a.p.raft.roles.LeaderAppender - RaftServer{2} - Sending AppendRequest{term=1, leader=2, prevLogIndex=81, prevLogTerm=1, entries=0, commitIndex=81} to 3
22:47:44.164 [raft-server-3] TRACE i.a.p.raft.roles.FollowerRole - RaftServer{3}{role=FOLLOWER} - Received AppendRequest{term=1, leader=2, prevLogIndex=81, prevLogTerm=1, entries=0, commitIndex=81}
22:47:44.164 [raft-server-2-state] TRACE i.a.p.raft.impl.RaftServiceManager - RaftServer{2} - Applying Indexed{index=81, entry=CommandEntry{term=1, timestamp=2018-06-07 10:47:43,693, session=2, sequence=73, operation=PrimitiveOperation{id=DefaultOperationId{id=write, type=COMMAND}, value=byte[]{length=17, hash=-1644578928}}}}
22:47:44.164 [raft-server-2-state] TRACE i.a.p.s.impl.DefaultServiceExecutor - PrimitiveService{2}{type=io.atomix.protocols.raft.RaftTest$TestPrimitiveType@581a9c39, name=raft-test} - Executing DefaultCommit{index=81, session=RaftSession{RaftServiceContext{server=2, type=io.atomix.protocols.raft.RaftTest$TestPrimitiveType@581a9c39, name=raft-test, id=2}, session=2, timestamp=2018-06-07 10:47:43,693}, time=2018-06-07 10:47:43,693, operation=DefaultOperationId{id=write, type=COMMAND}, value=byte[]{length=17, hash=-1644578928}}
22:47:44.165 [raft-server-2-state] TRACE i.a.protocols.raft.roles.LeaderRole - RaftServer{2}{role=LEADER} - Sending CommandResponse{status=OK, index=81, eventIndex=2, result=byte[]{length=3, hash=35527}}
22:47:44.264 [raft-server-1] TRACE i.a.p.raft.roles.FollowerRole - RaftServer{1}{role=FOLLOWER} - Committed entries up to index 81
22:47:44.264 [raft-server-1] TRACE i.a.p.raft.roles.FollowerRole - RaftServer{1}{role=FOLLOWER} - Sending AppendResponse{status=OK, term=1, succeeded=true, lastLogIndex=81}
22:47:44.264 [raft-server-3] TRACE i.a.p.raft.roles.FollowerRole - RaftServer{3}{role=FOLLOWER} - Committed entries up to index 81
22:47:44.264 [raft-server-2] TRACE i.a.p.raft.roles.LeaderAppender - RaftServer{2} - Received AppendResponse{status=OK, term=1, succeeded=true, lastLogIndex=81} from 1
22:47:44.264 [raft-server-3] TRACE i.a.p.raft.roles.FollowerRole - RaftServer{3}{role=FOLLOWER} - Sending AppendResponse{status=OK, term=1, succeeded=true, lastLogIndex=81}
22:47:44.264 [raft-server-2] TRACE i.a.p.raft.roles.LeaderAppender - RaftServer{2} - Sending AppendRequest{term=1, leader=2, prevLogIndex=81, prevLogTerm=1, entries=0, commitIndex=81} to 1
22:47:44.264 [raft-server-3] TRACE i.a.p.raft.roles.FollowerRole - RaftServer{3}{role=FOLLOWER} - Sending CommandResponse{status=OK, index=81, eventIndex=2, result=byte[]{length=3, hash=35527}}
22:47:44.264 [raft-server-1-state] TRACE i.a.p.raft.impl.RaftServiceManager - RaftServer{1} - Applying Indexed{index=81, entry=CommandEntry{term=1, timestamp=2018-06-07 10:47:43,693, session=2, sequence=73, operation=PrimitiveOperation{id=DefaultOperationId{id=write, type=COMMAND}, value=byte[]{length=17, hash=-1644578928}}}}
22:47:44.264 [raft-server-1] TRACE i.a.p.raft.roles.FollowerRole - RaftServer{1}{role=FOLLOWER} - Received AppendRequest{term=1, leader=2, prevLogIndex=81, prevLogTerm=1, entries=0, commitIndex=81}
22:47:44.264 [raft-server-2] TRACE i.a.p.raft.roles.LeaderAppender - RaftServer{2} - Received AppendResponse{status=OK, term=1, succeeded=true, lastLogIndex=81} from 3
22:47:44.264 [raft-client-431b802d-5b1a-4d37-8231-45cdad27d9ba-5] TRACE i.a.p.r.p.impl.RaftProxyConnection - PartitionProxy{2}{type=io.atomix.protocols.raft.RaftTest$TestPrimitiveType@35bfa1bb, name=raft-test} - Received CommandResponse{status=OK, index=81, eventIndex=2, result=byte[]{length=3, hash=35527}} from 3
22:47:44.264 [raft-server-1-state] TRACE i.a.p.s.impl.DefaultServiceExecutor - PrimitiveService{2}{type=io.atomix.protocols.raft.RaftTest$TestPrimitiveType@43a95102, name=raft-test} - Executing DefaultCommit{index=81, session=RaftSession{RaftServiceContext{server=1, type=io.atomix.protocols.raft.RaftTest$TestPrimitiveType@43a95102, name=raft-test, id=2}, session=2, timestamp=2018-06-07 10:47:43,693}, time=2018-06-07 10:47:43,693, operation=DefaultOperationId{id=write, type=COMMAND}, value=byte[]{length=17, hash=-1644578928}}
22:47:44.264 [raft-server-1] TRACE i.a.p.raft.roles.FollowerRole - RaftServer{1}{role=FOLLOWER} - Sending AppendResponse{status=OK, term=1, succeeded=true, lastLogIndex=81}
22:47:44.264 [raft-server-3-state] TRACE i.a.p.raft.impl.RaftServiceManager - RaftServer{3} - Applying Indexed{index=81, entry=CommandEntry{term=1, timestamp=2018-06-07 10:47:43,693, session=2, sequence=73, operation=PrimitiveOperation{id=DefaultOperationId{id=write, type=COMMAND}, value=byte[]{length=17, hash=-1644578928}}}}
22:47:44.265 [raft-server-2] TRACE i.a.p.raft.roles.LeaderAppender - RaftServer{2} - Sending AppendRequest{term=1, leader=2, prevLogIndex=81, prevLogTerm=1, entries=0, commitIndex=81} to 3
22:47:44.265 [raft-client-431b802d-5b1a-4d37-8231-45cdad27d9ba-5] TRACE i.a.p.r.p.impl.RaftProxySequencer - PartitionProxy{2}{type=io.atomix.protocols.raft.RaftTest$TestPrimitiveType@35bfa1bb, name=raft-test} - Completing response CommandResponse{status=OK, index=81, eventIndex=2, result=byte[]{length=3, hash=35527}}
22:47:44.265 [raft-server-3-state] TRACE i.a.p.s.impl.DefaultServiceExecutor - PrimitiveService{2}{type=io.atomix.protocols.raft.RaftTest$TestPrimitiveType@19970ea6, name=raft-test} - Executing DefaultCommit{index=81, session=RaftSession{RaftServiceContext{server=3, type=io.atomix.protocols.raft.RaftTest$TestPrimitiveType@19970ea6, name=raft-test, id=2}, session=2, timestamp=2018-06-07 10:47:43,693}, time=2018-06-07 10:47:43,693, operation=DefaultOperationId{id=write, type=COMMAND}, value=byte[]{length=17, hash=-1644578928}}
22:47:44.265 [raft-server-2] TRACE i.a.p.raft.roles.LeaderAppender - RaftServer{2} - Received AppendResponse{status=OK, term=1, succeeded=true, lastLogIndex=81} from 1
22:47:44.265 [raft-server-3] TRACE i.a.p.raft.roles.FollowerRole - RaftServer{3}{role=FOLLOWER} - Received AppendRequest{term=1, leader=2, prevLogIndex=81, prevLogTerm=1, entries=0, commitIndex=81}
22:47:44.265 [raft-server-3] TRACE i.a.p.raft.roles.FollowerRole - RaftServer{3}{role=FOLLOWER} - Sending AppendResponse{status=OK, term=1, succeeded=true, lastLogIndex=81}
22:47:44.265 [raft-server-2] TRACE i.a.p.raft.roles.LeaderAppender - RaftServer{2} - Received AppendResponse{status=OK, term=1, succeeded=true, lastLogIndex=81} from 3
22:47:44.265 [raft-client-431b802d-5b1a-4d37-8231-45cdad27d9ba-7] TRACE i.a.p.r.p.impl.RaftProxyConnection - PartitionProxy{2}{type=io.atomix.protocols.raft.RaftTest$TestPrimitiveType@35bfa1bb, name=raft-test} - Sending CommandRequest{session=2, sequence=74, operation=PrimitiveOperation{id=DefaultOperationId{id=write, type=COMMAND}, value=byte[]{length=17, hash=-1644578928}}} to 3
22:47:44.265 [raft-server-3] TRACE i.a.p.raft.roles.FollowerRole - RaftServer{3}{role=FOLLOWER} - Received CommandRequest{session=2, sequence=74, operation=PrimitiveOperation{id=DefaultOperationId{id=write, type=COMMAND}, value=byte[]{length=17, hash=-1644578928}}}
22:47:44.266 [raft-server-2] TRACE i.a.protocols.raft.roles.LeaderRole - RaftServer{2}{role=LEADER} - Received CommandRequest{session=2, sequence=74, operation=PrimitiveOperation{id=DefaultOperationId{id=write, type=COMMAND}, value=byte[]{length=17, hash=-1644578928}}}
22:47:44.266 [raft-server-2] TRACE i.a.protocols.raft.roles.LeaderRole - RaftServer{2}{role=LEADER} - Appended Indexed{index=82, entry=CommandEntry{term=1, timestamp=2018-06-07 10:47:44,266, session=2, sequence=74, operation=PrimitiveOperation{id=DefaultOperationId{id=write, type=COMMAND}, value=byte[]{length=17, hash=-1644578928}}}}
22:47:44.266 [raft-server-2] TRACE i.a.p.raft.roles.LeaderAppender - RaftServer{2} - Sending AppendRequest{term=1, leader=2, prevLogIndex=81, prevLogTerm=1, entries=1, commitIndex=81} to 1
22:47:44.266 [raft-server-1] TRACE i.a.p.raft.roles.FollowerRole - RaftServer{1}{role=FOLLOWER} - Received AppendRequest{term=1, leader=2, prevLogIndex=81, prevLogTerm=1, entries=1, commitIndex=81}
22:47:44.266 [raft-server-2] TRACE i.a.p.raft.roles.LeaderAppender - RaftServer{2} - Sending AppendRequest{term=1, leader=2, prevLogIndex=81, prevLogTerm=1, entries=1, commitIndex=81} to 3
22:47:44.266 [raft-server-3] TRACE i.a.p.raft.roles.FollowerRole - RaftServer{3}{role=FOLLOWER} - Received AppendRequest{term=1, leader=2, prevLogIndex=81, prevLogTerm=1, entries=1, commitIndex=81}
22:47:44.266 [raft-server-1] TRACE i.a.p.raft.roles.FollowerRole - RaftServer{1}{role=FOLLOWER} - Appended Indexed{index=82, entry=CommandEntry{term=1, timestamp=2018-06-07 10:47:44,266, session=2, sequence=74, operation=PrimitiveOperation{id=DefaultOperationId{id=write, type=COMMAND}, value=byte[]{length=17, hash=-1644578928}}}}
22:47:44.266 [raft-server-1] TRACE i.a.p.raft.roles.FollowerRole - RaftServer{1}{role=FOLLOWER} - Sending AppendResponse{status=OK, term=1, succeeded=true, lastLogIndex=82}
22:47:44.266 [raft-server-2] TRACE i.a.p.raft.roles.LeaderAppender - RaftServer{2} - Received AppendResponse{status=OK, term=1, succeeded=true, lastLogIndex=82} from 1
22:47:44.266 [raft-server-2] TRACE i.a.p.raft.roles.LeaderAppender - RaftServer{2} - Committed entries up to 82
22:47:44.266 [raft-server-3] TRACE i.a.p.raft.roles.FollowerRole - RaftServer{3}{role=FOLLOWER} - Appended Indexed{index=82, entry=CommandEntry{term=1, timestamp=2018-06-07 10:47:44,266, session=2, sequence=74, operation=PrimitiveOperation{id=DefaultOperationId{id=write, type=COMMAND}, value=byte[]{length=17, hash=-1644578928}}}}
22:47:44.267 [raft-server-3] TRACE i.a.p.raft.roles.FollowerRole - RaftServer{3}{role=FOLLOWER} - Sending AppendResponse{status=OK, term=1, succeeded=true, lastLogIndex=82}
22:47:44.347 [raft-server-2] TRACE i.a.p.raft.roles.LeaderAppender - RaftServer{2} - Received AppendResponse{status=OK, term=1, succeeded=true, lastLogIndex=82} from 3
22:47:44.347 [raft-server-2-state] TRACE i.a.p.raft.impl.RaftServiceManager - RaftServer{2} - Applying Indexed{index=82, entry=CommandEntry{term=1, timestamp=2018-06-07 10:47:44,266, session=2, sequence=74, operation=PrimitiveOperation{id=DefaultOperationId{id=write, type=COMMAND}, value=byte[]{length=17, hash=-1644578928}}}}
22:47:44.348 [raft-server-2-state] TRACE i.a.p.s.impl.DefaultServiceExecutor - PrimitiveService{2}{type=io.atomix.protocols.raft.RaftTest$TestPrimitiveType@581a9c39, name=raft-test} - Executing DefaultCommit{index=82, session=RaftSession{RaftServiceContext{server=2, type=io.atomix.protocols.raft.RaftTest$TestPrimitiveType@581a9c39, name=raft-test, id=2}, session=2, timestamp=2018-06-07 10:47:44,266}, time=2018-06-07 10:47:44,266, operation=DefaultOperationId{id=write, type=COMMAND}, value=byte[]{length=17, hash=-1644578928}}
22:47:44.348 [raft-server-2-state] TRACE i.a.protocols.raft.roles.LeaderRole - RaftServer{2}{role=LEADER} - Sending CommandResponse{status=OK, index=82, eventIndex=2, result=byte[]{length=3, hash=35589}}
22:47:44.348 [raft-server-3] TRACE i.a.p.raft.roles.FollowerRole - RaftServer{3}{role=FOLLOWER} - Sending CommandResponse{status=OK, index=82, eventIndex=2, result=byte[]{length=3, hash=35589}}
22:47:44.348 [raft-client-431b802d-5b1a-4d37-8231-45cdad27d9ba-4] TRACE i.a.p.r.p.impl.RaftProxyConnection - PartitionProxy{2}{type=io.atomix.protocols.raft.RaftTest$TestPrimitiveType@35bfa1bb, name=raft-test} - Received CommandResponse{status=OK, index=82, eventIndex=2, result=byte[]{length=3, hash=35589}} from 3
22:47:44.348 [raft-client-431b802d-5b1a-4d37-8231-45cdad27d9ba-4] TRACE i.a.p.r.p.impl.RaftProxySequencer - PartitionProxy{2}{type=io.atomix.protocols.raft.RaftTest$TestPrimitiveType@35bfa1bb, name=raft-test} - Completing response CommandResponse{status=OK, index=82, eventIndex=2, result=byte[]{length=3, hash=35589}}
22:47:44.349 [raft-client-431b802d-5b1a-4d37-8231-45cdad27d9ba-4] TRACE i.a.p.r.p.impl.RaftProxyConnection - PartitionProxy{2}{type=io.atomix.protocols.raft.RaftTest$TestPrimitiveType@35bfa1bb, name=raft-test} - Sending CommandRequest{session=2, sequence=75, operation=PrimitiveOperation{id=DefaultOperationId{id=write, type=COMMAND}, value=byte[]{length=17, hash=-1644578928}}} to 3
22:47:44.349 [raft-server-3] TRACE i.a.p.raft.roles.FollowerRole - RaftServer{3}{role=FOLLOWER} - Received CommandRequest{session=2, sequence=75, operation=PrimitiveOperation{id=DefaultOperationId{id=write, type=COMMAND}, value=byte[]{length=17, hash=-1644578928}}}
22:47:44.349 [raft-server-2] TRACE i.a.protocols.raft.roles.LeaderRole - RaftServer{2}{role=LEADER} - Received CommandRequest{session=2, sequence=75, operation=PrimitiveOperation{id=DefaultOperationId{id=write, type=COMMAND}, value=byte[]{length=17, hash=-1644578928}}}
22:47:44.349 [raft-server-2] TRACE i.a.protocols.raft.roles.LeaderRole - RaftServer{2}{role=LEADER} - Appended Indexed{index=83, entry=CommandEntry{term=1, timestamp=2018-06-07 10:47:44,349, session=2, sequence=75, operation=PrimitiveOperation{id=DefaultOperationId{id=write, type=COMMAND}, value=byte[]{length=17, hash=-1644578928}}}}
22:47:44.349 [raft-server-2] TRACE i.a.p.raft.roles.LeaderAppender - RaftServer{2} - Sending AppendRequest{term=1, leader=2, prevLogIndex=82, prevLogTerm=1, entries=1, commitIndex=82} to 1
22:47:44.349 [raft-server-1] TRACE i.a.p.raft.roles.FollowerRole - RaftServer{1}{role=FOLLOWER} - Received AppendRequest{term=1, leader=2, prevLogIndex=82, prevLogTerm=1, entries=1, commitIndex=82}
22:47:44.350 [raft-server-2] TRACE i.a.p.raft.roles.LeaderAppender - RaftServer{2} - Sending AppendRequest{term=1, leader=2, prevLogIndex=82, prevLogTerm=1, entries=1, commitIndex=82} to 3
22:47:44.350 [raft-server-3] TRACE i.a.p.raft.roles.FollowerRole - RaftServer{3}{role=FOLLOWER} - Received AppendRequest{term=1, leader=2, prevLogIndex=82, prevLogTerm=1, entries=1, commitIndex=82}
22:47:44.350 [raft-server-1] TRACE i.a.p.raft.roles.FollowerRole - RaftServer{1}{role=FOLLOWER} - Appended Indexed{index=83, entry=CommandEntry{term=1, timestamp=2018-06-07 10:47:44,349, session=2, sequence=75, operation=PrimitiveOperation{id=DefaultOperationId{id=write, type=COMMAND}, value=byte[]{length=17, hash=-1644578928}}}}
22:47:44.350 [raft-server-3] TRACE i.a.p.raft.roles.FollowerRole - RaftServer{3}{role=FOLLOWER} - Appended Indexed{index=83, entry=CommandEntry{term=1, timestamp=2018-06-07 10:47:44,349, session=2, sequence=75, operation=PrimitiveOperation{id=DefaultOperationId{id=write, type=COMMAND}, value=byte[]{length=17, hash=-1644578928}}}}
22:47:44.426 [raft-server-3] TRACE i.a.p.raft.roles.FollowerRole - RaftServer{3}{role=FOLLOWER} - Committed entries up to index 82
22:47:44.426 [raft-server-1] TRACE i.a.p.raft.roles.FollowerRole - RaftServer{1}{role=FOLLOWER} - Committed entries up to index 82
22:47:44.426 [raft-server-3] TRACE i.a.p.raft.roles.FollowerRole - RaftServer{3}{role=FOLLOWER} - Sending AppendResponse{status=OK, term=1, succeeded=true, lastLogIndex=83}
22:47:44.426 [raft-server-1] TRACE i.a.p.raft.roles.FollowerRole - RaftServer{1}{role=FOLLOWER} - Sending AppendResponse{status=OK, term=1, succeeded=true, lastLogIndex=83}
22:47:44.426 [raft-server-2] TRACE i.a.p.raft.roles.LeaderAppender - RaftServer{2} - Received AppendResponse{status=OK, term=1, succeeded=true, lastLogIndex=83} from 3
22:47:44.426 [raft-server-2] TRACE i.a.p.raft.roles.LeaderAppender - RaftServer{2} - Committed entries up to 83
22:47:44.426 [raft-server-3-state] TRACE i.a.p.raft.impl.RaftServiceManager - RaftServer{3} - Applying Indexed{index=82, entry=CommandEntry{term=1, timestamp=2018-06-07 10:47:44,266, session=2, sequence=74, operation=PrimitiveOperation{id=DefaultOperationId{id=write, type=COMMAND}, value=byte[]{length=17, hash=-1644578928}}}}
22:47:44.426 [raft-server-1-state] TRACE i.a.p.raft.impl.RaftServiceManager - RaftServer{1} - Applying Indexed{index=82, entry=CommandEntry{term=1, timestamp=2018-06-07 10:47:44,266, session=2, sequence=74, operation=PrimitiveOperation{id=DefaultOperationId{id=write, type=COMMAND}, value=byte[]{length=17, hash=-1644578928}}}}
22:47:44.426 [raft-server-3-state] TRACE i.a.p.s.impl.DefaultServiceExecutor - PrimitiveService{2}{type=io.atomix.protocols.raft.RaftTest$TestPrimitiveType@19970ea6, name=raft-test} - Executing DefaultCommit{index=82, session=RaftSession{RaftServiceContext{server=3, type=io.atomix.protocols.raft.RaftTest$TestPrimitiveType@19970ea6, name=raft-test, id=2}, session=2, timestamp=2018-06-07 10:47:44,266}, time=2018-06-07 10:47:44,266, operation=DefaultOperationId{id=write, type=COMMAND}, value=byte[]{length=17, hash=-1644578928}}
22:47:44.426 [raft-server-1-state] TRACE i.a.p.s.impl.DefaultServiceExecutor - PrimitiveService{2}{type=io.atomix.protocols.raft.RaftTest$TestPrimitiveType@43a95102, name=raft-test} - Executing DefaultCommit{index=82, session=RaftSession{RaftServiceContext{server=1, type=io.atomix.protocols.raft.RaftTest$TestPrimitiveType@43a95102, name=raft-test, id=2}, session=2, timestamp=2018-06-07 10:47:44,266}, time=2018-06-07 10:47:44,266, operation=DefaultOperationId{id=write, type=COMMAND}, value=byte[]{length=17, hash=-1644578928}}
22:47:44.498 [raft-server-2] TRACE i.a.p.raft.roles.LeaderAppender - RaftServer{2} - Received AppendResponse{status=OK, term=1, succeeded=true, lastLogIndex=83} from 1
22:47:44.498 [raft-server-2] TRACE i.a.p.raft.roles.LeaderAppender - RaftServer{2} - Sending AppendRequest{term=1, leader=2, prevLogIndex=83, prevLogTerm=1, entries=0, commitIndex=83} to 1
22:47:44.498 [raft-server-2] TRACE i.a.p.raft.roles.LeaderAppender - RaftServer{2} - Sending AppendRequest{term=1, leader=2, prevLogIndex=83, prevLogTerm=1, entries=0, commitIndex=83} to 3
22:47:44.498 [raft-server-1] TRACE i.a.p.raft.roles.FollowerRole - RaftServer{1}{role=FOLLOWER} - Received AppendRequest{term=1, leader=2, prevLogIndex=83, prevLogTerm=1, entries=0, commitIndex=83}
22:47:44.498 [raft-server-3] TRACE i.a.p.raft.roles.FollowerRole - RaftServer{3}{role=FOLLOWER} - Received AppendRequest{term=1, leader=2, prevLogIndex=83, prevLogTerm=1, entries=0, commitIndex=83}
22:47:44.498 [raft-server-3] TRACE i.a.p.raft.roles.FollowerRole - RaftServer{3}{role=FOLLOWER} - Committed entries up to index 83
22:47:44.498 [raft-server-3] TRACE i.a.p.raft.roles.FollowerRole - RaftServer{3}{role=FOLLOWER} - Sending AppendResponse{status=OK, term=1, succeeded=true, lastLogIndex=83}
22:47:44.498 [raft-server-2-state] TRACE i.a.p.raft.impl.RaftServiceManager - RaftServer{2} - Applying Indexed{index=83, entry=CommandEntry{term=1, timestamp=2018-06-07 10:47:44,349, session=2, sequence=75, operation=PrimitiveOperation{id=DefaultOperationId{id=write, type=COMMAND}, value=byte[]{length=17, hash=-1644578928}}}}
22:47:44.498 [raft-server-2] TRACE i.a.p.raft.roles.LeaderAppender - RaftServer{2} - Received AppendResponse{status=OK, term=1, succeeded=true, lastLogIndex=83} from 3
22:47:44.498 [raft-server-2-state] TRACE i.a.p.s.impl.DefaultServiceExecutor - PrimitiveService{2}{type=io.atomix.protocols.raft.RaftTest$TestPrimitiveType@581a9c39, name=raft-test} - Executing DefaultCommit{index=83, session=RaftSession{RaftServiceContext{server=2, type=io.atomix.protocols.raft.RaftTest$TestPrimitiveType@581a9c39, name=raft-test, id=2}, session=2, timestamp=2018-06-07 10:47:44,349}, time=2018-06-07 10:47:44,349, operation=DefaultOperationId{id=write, type=COMMAND}, value=byte[]{length=17, hash=-1644578928}}
22:47:44.498 [raft-server-3-state] TRACE i.a.p.raft.impl.RaftServiceManager - RaftServer{3} - Applying Indexed{index=83, entry=CommandEntry{term=1, timestamp=2018-06-07 10:47:44,349, session=2, sequence=75, operation=PrimitiveOperation{id=DefaultOperationId{id=write, type=COMMAND}, value=byte[]{length=17, hash=-1644578928}}}}
22:47:44.498 [raft-server-2] TRACE i.a.p.raft.roles.LeaderAppender - RaftServer{2} - Sending AppendRequest{term=1, leader=2, prevLogIndex=83, prevLogTerm=1, entries=0, commitIndex=83} to 3
22:47:44.498 [raft-server-2-state] TRACE i.a.protocols.raft.roles.LeaderRole - RaftServer{2}{role=LEADER} - Sending CommandResponse{status=OK, index=83, eventIndex=2, result=byte[]{length=3, hash=35651}}
22:47:44.498 [raft-server-3-state] TRACE i.a.p.s.impl.DefaultServiceExecutor - PrimitiveService{2}{type=io.atomix.protocols.raft.RaftTest$TestPrimitiveType@19970ea6, name=raft-test} - Executing DefaultCommit{index=83, session=RaftSession{RaftServiceContext{server=3, type=io.atomix.protocols.raft.RaftTest$TestPrimitiveType@19970ea6, name=raft-test, id=2}, session=2, timestamp=2018-06-07 10:47:44,349}, time=2018-06-07 10:47:44,349, operation=DefaultOperationId{id=write, type=COMMAND}, value=byte[]{length=17, hash=-1644578928}}
22:47:44.498 [raft-server-3] TRACE i.a.p.raft.roles.FollowerRole - RaftServer{3}{role=FOLLOWER} - Received AppendRequest{term=1, leader=2, prevLogIndex=83, prevLogTerm=1, entries=0, commitIndex=83}
22:47:44.499 [raft-server-3] TRACE i.a.p.raft.roles.FollowerRole - RaftServer{3}{role=FOLLOWER} - Sending AppendResponse{status=OK, term=1, succeeded=true, lastLogIndex=83}
22:47:44.499 [raft-server-3] TRACE i.a.p.raft.roles.FollowerRole - RaftServer{3}{role=FOLLOWER} - Sending CommandResponse{status=OK, index=83, eventIndex=2, result=byte[]{length=3, hash=35651}}
22:47:44.499 [raft-server-2] TRACE i.a.p.raft.roles.LeaderAppender - RaftServer{2} - Received AppendResponse{status=OK, term=1, succeeded=true, lastLogIndex=83} from 3
22:47:44.499 [raft-client-431b802d-5b1a-4d37-8231-45cdad27d9ba-3] TRACE i.a.p.r.p.impl.RaftProxyConnection - PartitionProxy{2}{type=io.atomix.protocols.raft.RaftTest$TestPrimitiveType@35bfa1bb, name=raft-test} - Received CommandResponse{status=OK, index=83, eventIndex=2, result=byte[]{length=3, hash=35651}} from 3
22:47:44.499 [raft-server-2] TRACE i.a.p.raft.roles.LeaderAppender - RaftServer{2} - Sending AppendRequest{term=1, leader=2, prevLogIndex=83, prevLogTerm=1, entries=0, commitIndex=83} to 3
22:47:44.499 [raft-client-431b802d-5b1a-4d37-8231-45cdad27d9ba-3] TRACE i.a.p.r.p.impl.RaftProxySequencer - PartitionProxy{2}{type=io.atomix.protocols.raft.RaftTest$TestPrimitiveType@35bfa1bb, name=raft-test} - Completing response CommandResponse{status=OK, index=83, eventIndex=2, result=byte[]{length=3, hash=35651}}
22:47:44.499 [raft-server-3] TRACE i.a.p.raft.roles.FollowerRole - RaftServer{3}{role=FOLLOWER} - Received AppendRequest{term=1, leader=2, prevLogIndex=83, prevLogTerm=1, entries=0, commitIndex=83}
22:47:44.499 [raft-server-3] TRACE i.a.p.raft.roles.FollowerRole - RaftServer{3}{role=FOLLOWER} - Sending AppendResponse{status=OK, term=1, succeeded=true, lastLogIndex=83}
22:47:44.499 [raft-server-2] TRACE i.a.p.raft.roles.LeaderAppender - RaftServer{2} - Received AppendResponse{status=OK, term=1, succeeded=true, lastLogIndex=83} from 3
22:47:44.499 [raft-client-431b802d-5b1a-4d37-8231-45cdad27d9ba-6] TRACE i.a.p.r.p.impl.RaftProxyConnection - PartitionProxy{2}{type=io.atomix.protocols.raft.RaftTest$TestPrimitiveType@35bfa1bb, name=raft-test} - Sending CommandRequest{session=2, sequence=76, operation=PrimitiveOperation{id=DefaultOperationId{id=write, type=COMMAND}, value=byte[]{length=17, hash=-1644578928}}} to 3
22:47:44.499 [raft-server-3] TRACE i.a.p.raft.roles.FollowerRole - RaftServer{3}{role=FOLLOWER} - Received CommandRequest{session=2, sequence=76, operation=PrimitiveOperation{id=DefaultOperationId{id=write, type=COMMAND}, value=byte[]{length=17, hash=-1644578928}}}
22:47:44.499 [raft-server-2] TRACE i.a.protocols.raft.roles.LeaderRole - RaftServer{2}{role=LEADER} - Received CommandRequest{session=2, sequence=76, operation=PrimitiveOperation{id=DefaultOperationId{id=write, type=COMMAND}, value=byte[]{length=17, hash=-1644578928}}}
22:47:44.500 [raft-server-2] TRACE i.a.protocols.raft.roles.LeaderRole - RaftServer{2}{role=LEADER} - Appended Indexed{index=84, entry=CommandEntry{term=1, timestamp=2018-06-07 10:47:44,500, session=2, sequence=76, operation=PrimitiveOperation{id=DefaultOperationId{id=write, type=COMMAND}, value=byte[]{length=17, hash=-1644578928}}}}
22:47:44.500 [raft-server-2] TRACE i.a.p.raft.roles.LeaderAppender - RaftServer{2} - Sending AppendRequest{term=1, leader=2, prevLogIndex=83, prevLogTerm=1, entries=1, commitIndex=83} to 3
22:47:44.500 [raft-server-3] TRACE i.a.p.raft.roles.FollowerRole - RaftServer{3}{role=FOLLOWER} - Received AppendRequest{term=1, leader=2, prevLogIndex=83, prevLogTerm=1, entries=1, commitIndex=83}
22:47:44.500 [raft-server-3] TRACE i.a.p.raft.roles.FollowerRole - RaftServer{3}{role=FOLLOWER} - Appended Indexed{index=84, entry=CommandEntry{term=1, timestamp=2018-06-07 10:47:44,500, session=2, sequence=76, operation=PrimitiveOperation{id=DefaultOperationId{id=write, type=COMMAND}, value=byte[]{length=17, hash=-1644578928}}}}
22:47:44.500 [raft-server-3] TRACE i.a.p.raft.roles.FollowerRole - RaftServer{3}{role=FOLLOWER} - Sending AppendResponse{status=OK, term=1, succeeded=true, lastLogIndex=84}
22:47:44.500 [raft-server-2] TRACE i.a.p.raft.roles.LeaderAppender - RaftServer{2} - Received AppendResponse{status=OK, term=1, succeeded=true, lastLogIndex=84} from 3
22:47:44.500 [raft-server-2] TRACE i.a.p.raft.roles.LeaderAppender - RaftServer{2} - Committed entries up to 84
22:47:44.576 [raft-server-1] TRACE i.a.p.raft.roles.FollowerRole - RaftServer{1}{role=FOLLOWER} - Committed entries up to index 83
22:47:44.576 [raft-server-1] TRACE i.a.p.raft.roles.FollowerRole - RaftServer{1}{role=FOLLOWER} - Sending AppendResponse{status=OK, term=1, succeeded=true, lastLogIndex=83}
22:47:44.577 [raft-server-1-state] TRACE i.a.p.raft.impl.RaftServiceManager - RaftServer{1} - Applying Indexed{index=83, entry=CommandEntry{term=1, timestamp=2018-06-07 10:47:44,349, session=2, sequence=75, operation=PrimitiveOperation{id=DefaultOperationId{id=write, type=COMMAND}, value=byte[]{length=17, hash=-1644578928}}}}
22:47:44.577 [raft-server-1-state] TRACE i.a.p.s.impl.DefaultServiceExecutor - PrimitiveService{2}{type=io.atomix.protocols.raft.RaftTest$TestPrimitiveType@43a95102, name=raft-test} - Executing DefaultCommit{index=83, session=RaftSession{RaftServiceContext{server=1, type=io.atomix.protocols.raft.RaftTest$TestPrimitiveType@43a95102, name=raft-test, id=2}, session=2, timestamp=2018-06-07 10:47:44,349}, time=2018-06-07 10:47:44,349, operation=DefaultOperationId{id=write, type=COMMAND}, value=byte[]{length=17, hash=-1644578928}}
22:47:44.647 [raft-server-2] TRACE i.a.p.raft.roles.LeaderAppender - RaftServer{2} - Received AppendResponse{status=OK, term=1, succeeded=true, lastLogIndex=83} from 1
22:47:44.647 [raft-server-2] TRACE i.a.p.raft.roles.LeaderAppender - RaftServer{2} - Sending AppendRequest{term=1, leader=2, prevLogIndex=83, prevLogTerm=1, entries=1, commitIndex=84} to 1
22:47:44.647 [raft-server-1] TRACE i.a.p.raft.roles.FollowerRole - RaftServer{1}{role=FOLLOWER} - Received AppendRequest{term=1, leader=2, prevLogIndex=83, prevLogTerm=1, entries=1, commitIndex=84}
22:47:44.648 [raft-server-2-state] TRACE i.a.p.raft.impl.RaftServiceManager - RaftServer{2} - Applying Indexed{index=84, entry=CommandEntry{term=1, timestamp=2018-06-07 10:47:44,500, session=2, sequence=76, operation=PrimitiveOperation{id=DefaultOperationId{id=write, type=COMMAND}, value=byte[]{length=17, hash=-1644578928}}}}
22:47:44.648 [raft-server-1] TRACE i.a.p.raft.roles.FollowerRole - RaftServer{1}{role=FOLLOWER} - Appended Indexed{index=84, entry=CommandEntry{term=1, timestamp=2018-06-07 10:47:44,500, session=2, sequence=76, operation=PrimitiveOperation{id=DefaultOperationId{id=write, type=COMMAND}, value=byte[]{length=17, hash=-1644578928}}}}
22:47:44.648 [raft-server-2-state] TRACE i.a.p.s.impl.DefaultServiceExecutor - PrimitiveService{2}{type=io.atomix.protocols.raft.RaftTest$TestPrimitiveType@581a9c39, name=raft-test} - Executing DefaultCommit{index=84, session=RaftSession{RaftServiceContext{server=2, type=io.atomix.protocols.raft.RaftTest$TestPrimitiveType@581a9c39, name=raft-test, id=2}, session=2, timestamp=2018-06-07 10:47:44,500}, time=2018-06-07 10:47:44,500, operation=DefaultOperationId{id=write, type=COMMAND}, value=byte[]{length=17, hash=-1644578928}}
22:47:44.648 [raft-server-2-state] TRACE i.a.protocols.raft.roles.LeaderRole - RaftServer{2}{role=LEADER} - Sending CommandResponse{status=OK, index=84, eventIndex=2, result=byte[]{length=3, hash=35713}}
22:47:44.648 [raft-server-3] TRACE i.a.p.raft.roles.FollowerRole - RaftServer{3}{role=FOLLOWER} - Sending CommandResponse{status=OK, index=84, eventIndex=2, result=byte[]{length=3, hash=35713}}
22:47:44.648 [raft-client-431b802d-5b1a-4d37-8231-45cdad27d9ba-5] TRACE i.a.p.r.p.impl.RaftProxyConnection - PartitionProxy{2}{type=io.atomix.protocols.raft.RaftTest$TestPrimitiveType@35bfa1bb, name=raft-test} - Received CommandResponse{status=OK, index=84, eventIndex=2, result=byte[]{length=3, hash=35713}} from 3
22:47:44.648 [raft-client-431b802d-5b1a-4d37-8231-45cdad27d9ba-5] TRACE i.a.p.r.p.impl.RaftProxySequencer - PartitionProxy{2}{type=io.atomix.protocols.raft.RaftTest$TestPrimitiveType@35bfa1bb, name=raft-test} - Completing response CommandResponse{status=OK, index=84, eventIndex=2, result=byte[]{length=3, hash=35713}}
22:47:44.649 [raft-client-431b802d-5b1a-4d37-8231-45cdad27d9ba-0] TRACE i.a.p.r.p.impl.RaftProxyConnection - PartitionProxy{2}{type=io.atomix.protocols.raft.RaftTest$TestPrimitiveType@35bfa1bb, name=raft-test} - Sending CommandRequest{session=2, sequence=77, operation=PrimitiveOperation{id=DefaultOperationId{id=write, type=COMMAND}, value=byte[]{length=17, hash=-1644578928}}} to 3
22:47:44.649 [raft-server-3] TRACE i.a.p.raft.roles.FollowerRole - RaftServer{3}{role=FOLLOWER} - Received CommandRequest{session=2, sequence=77, operation=PrimitiveOperation{id=DefaultOperationId{id=write, type=COMMAND}, value=byte[]{length=17, hash=-1644578928}}}
22:47:44.649 [raft-server-2] TRACE i.a.protocols.raft.roles.LeaderRole - RaftServer{2}{role=LEADER} - Received CommandRequest{session=2, sequence=77, operation=PrimitiveOperation{id=DefaultOperationId{id=write, type=COMMAND}, value=byte[]{length=17, hash=-1644578928}}}
22:47:44.649 [raft-server-2] TRACE i.a.protocols.raft.roles.LeaderRole - RaftServer{2}{role=LEADER} - Appended Indexed{index=85, entry=CommandEntry{term=1, timestamp=2018-06-07 10:47:44,649, session=2, sequence=77, operation=PrimitiveOperation{id=DefaultOperationId{id=write, type=COMMAND}, value=byte[]{length=17, hash=-1644578928}}}}
22:47:44.649 [raft-server-2] TRACE i.a.p.raft.roles.LeaderAppender - RaftServer{2} - Sending AppendRequest{term=1, leader=2, prevLogIndex=84, prevLogTerm=1, entries=1, commitIndex=84} to 3
22:47:44.649 [raft-server-3] TRACE i.a.p.raft.roles.FollowerRole - RaftServer{3}{role=FOLLOWER} - Received AppendRequest{term=1, leader=2, prevLogIndex=84, prevLogTerm=1, entries=1, commitIndex=84}
22:47:44.649 [raft-server-3] TRACE i.a.p.raft.roles.FollowerRole - RaftServer{3}{role=FOLLOWER} - Appended Indexed{index=85, entry=CommandEntry{term=1, timestamp=2018-06-07 10:47:44,649, session=2, sequence=77, operation=PrimitiveOperation{id=DefaultOperationId{id=write, type=COMMAND}, value=byte[]{length=17, hash=-1644578928}}}}
22:47:44.727 [raft-server-2] TRACE i.a.p.raft.roles.LeaderAppender - RaftServer{2} - Sending AppendRequest{term=1, leader=2, prevLogIndex=84, prevLogTerm=1, entries=1, commitIndex=84} to 1
22:47:44.733 [raft-server-1] TRACE i.a.p.raft.roles.FollowerRole - RaftServer{1}{role=FOLLOWER} - Committed entries up to index 84
22:47:44.733 [raft-server-1] TRACE i.a.p.raft.roles.FollowerRole - RaftServer{1}{role=FOLLOWER} - Sending AppendResponse{status=OK, term=1, succeeded=true, lastLogIndex=84}
22:47:44.733 [raft-server-1] TRACE i.a.p.raft.roles.FollowerRole - RaftServer{1}{role=FOLLOWER} - Received AppendRequest{term=1, leader=2, prevLogIndex=84, prevLogTerm=1, entries=1, commitIndex=84}
22:47:44.733 [raft-server-2] TRACE i.a.p.raft.roles.LeaderAppender - RaftServer{2} - Received AppendResponse{status=OK, term=1, succeeded=true, lastLogIndex=84} from 1
22:47:44.733 [raft-server-1] TRACE i.a.p.raft.roles.FollowerRole - RaftServer{1}{role=FOLLOWER} - Appended Indexed{index=85, entry=CommandEntry{term=1, timestamp=2018-06-07 10:47:44,649, session=2, sequence=77, operation=PrimitiveOperation{id=DefaultOperationId{id=write, type=COMMAND}, value=byte[]{length=17, hash=-1644578928}}}}
22:47:44.734 [raft-server-1] TRACE i.a.p.raft.roles.FollowerRole - RaftServer{1}{role=FOLLOWER} - Sending AppendResponse{status=OK, term=1, succeeded=true, lastLogIndex=85}
22:47:44.734 [raft-server-2] TRACE i.a.p.raft.roles.LeaderAppender - RaftServer{2} - Received AppendResponse{status=OK, term=1, succeeded=true, lastLogIndex=85} from 1
22:47:44.734 [raft-server-2] TRACE i.a.p.raft.roles.LeaderAppender - RaftServer{2} - Committed entries up to 85
22:47:44.734 [raft-server-1-state] TRACE i.a.p.raft.impl.RaftServiceManager - RaftServer{1} - Applying Indexed{index=84, entry=CommandEntry{term=1, timestamp=2018-06-07 10:47:44,500, session=2, sequence=76, operation=PrimitiveOperation{id=DefaultOperationId{id=write, type=COMMAND}, value=byte[]{length=17, hash=-1644578928}}}}
22:47:44.734 [raft-server-1-state] TRACE i.a.p.s.impl.DefaultServiceExecutor - PrimitiveService{2}{type=io.atomix.protocols.raft.RaftTest$TestPrimitiveType@43a95102, name=raft-test} - Executing DefaultCommit{index=84, session=RaftSession{RaftServiceContext{server=1, type=io.atomix.protocols.raft.RaftTest$TestPrimitiveType@43a95102, name=raft-test, id=2}, session=2, timestamp=2018-06-07 10:47:44,500}, time=2018-06-07 10:47:44,500, operation=DefaultOperationId{id=write, type=COMMAND}, value=byte[]{length=17, hash=-1644578928}}
22:47:44.808 [raft-server-3] TRACE i.a.p.raft.roles.FollowerRole - RaftServer{3}{role=FOLLOWER} - Committed entries up to index 84
22:47:44.808 [raft-server-3] TRACE i.a.p.raft.roles.FollowerRole - RaftServer{3}{role=FOLLOWER} - Sending AppendResponse{status=OK, term=1, succeeded=true, lastLogIndex=85}
22:47:44.808 [raft-server-3-state] TRACE i.a.p.raft.impl.RaftServiceManager - RaftServer{3} - Applying Indexed{index=84, entry=CommandEntry{term=1, timestamp=2018-06-07 10:47:44,500, session=2, sequence=76, operation=PrimitiveOperation{id=DefaultOperationId{id=write, type=COMMAND}, value=byte[]{length=17, hash=-1644578928}}}}
22:47:44.808 [raft-server-3-state] TRACE i.a.p.s.impl.DefaultServiceExecutor - PrimitiveService{2}{type=io.atomix.protocols.raft.RaftTest$TestPrimitiveType@19970ea6, name=raft-test} - Executing DefaultCommit{index=84, session=RaftSession{RaftServiceContext{server=3, type=io.atomix.protocols.raft.RaftTest$TestPrimitiveType@19970ea6, name=raft-test, id=2}, session=2, timestamp=2018-06-07 10:47:44,500}, time=2018-06-07 10:47:44,500, operation=DefaultOperationId{id=write, type=COMMAND}, value=byte[]{length=17, hash=-1644578928}}
22:47:44.908 [raft-server-2] TRACE i.a.p.raft.roles.LeaderAppender - RaftServer{2} - Sending AppendRequest{term=1, leader=2, prevLogIndex=85, prevLogTerm=1, entries=0, commitIndex=85} to 1
22:47:44.908 [raft-server-2] TRACE i.a.p.raft.roles.LeaderAppender - RaftServer{2} - Received AppendResponse{status=OK, term=1, succeeded=true, lastLogIndex=85} from 3
22:47:44.908 [raft-server-2] TRACE i.a.p.raft.roles.LeaderAppender - RaftServer{2} - Sending AppendRequest{term=1, leader=2, prevLogIndex=85, prevLogTerm=1, entries=0, commitIndex=85} to 3
22:47:44.908 [raft-server-1] TRACE i.a.p.raft.roles.FollowerRole - RaftServer{1}{role=FOLLOWER} - Received AppendRequest{term=1, leader=2, prevLogIndex=85, prevLogTerm=1, entries=0, commitIndex=85}
22:47:44.909 [raft-server-3] TRACE i.a.p.raft.roles.FollowerRole - RaftServer{3}{role=FOLLOWER} - Received AppendRequest{term=1, leader=2, prevLogIndex=85, prevLogTerm=1, entries=0, commitIndex=85}
22:47:44.909 [raft-server-2-state] TRACE i.a.p.raft.impl.RaftServiceManager - RaftServer{2} - Applying Indexed{index=85, entry=CommandEntry{term=1, timestamp=2018-06-07 10:47:44,649, session=2, sequence=77, operation=PrimitiveOperation{id=DefaultOperationId{id=write, type=COMMAND}, value=byte[]{length=17, hash=-1644578928}}}}
22:47:44.909 [raft-server-2-state] TRACE i.a.p.s.impl.DefaultServiceExecutor - PrimitiveService{2}{type=io.atomix.protocols.raft.RaftTest$TestPrimitiveType@581a9c39, name=raft-test} - Executing DefaultCommit{index=85, session=RaftSession{RaftServiceContext{server=2, type=io.atomix.protocols.raft.RaftTest$TestPrimitiveType@581a9c39, name=raft-test, id=2}, session=2, timestamp=2018-06-07 10:47:44,649}, time=2018-06-07 10:47:44,649, operation=DefaultOperationId{id=write, type=COMMAND}, value=byte[]{length=17, hash=-1644578928}}
22:47:44.909 [raft-server-2-state] TRACE i.a.protocols.raft.roles.LeaderRole - RaftServer{2}{role=LEADER} - Sending CommandResponse{status=OK, index=85, eventIndex=2, result=byte[]{length=3, hash=35775}}
22:47:44.975 [raft-server-3] TRACE i.a.p.raft.roles.FollowerRole - RaftServer{3}{role=FOLLOWER} - Committed entries up to index 85
22:47:44.975 [raft-server-3] TRACE i.a.p.raft.roles.FollowerRole - RaftServer{3}{role=FOLLOWER} - Sending AppendResponse{status=OK, term=1, succeeded=true, lastLogIndex=85}
22:47:44.975 [raft-server-2] TRACE i.a.p.raft.roles.LeaderAppender - RaftServer{2} - Received AppendResponse{status=OK, term=1, succeeded=true, lastLogIndex=85} from 3
22:47:44.975 [raft-server-3] TRACE i.a.p.raft.roles.FollowerRole - RaftServer{3}{role=FOLLOWER} - Sending CommandResponse{status=OK, index=85, eventIndex=2, result=byte[]{length=3, hash=35775}}
22:47:44.975 [raft-client-431b802d-5b1a-4d37-8231-45cdad27d9ba-2] TRACE i.a.p.r.p.impl.RaftProxyConnection - PartitionProxy{2}{type=io.atomix.protocols.raft.RaftTest$TestPrimitiveType@35bfa1bb, name=raft-test} - Received CommandResponse{status=OK, index=85, eventIndex=2, result=byte[]{length=3, hash=35775}} from 3
22:47:44.975 [raft-client-431b802d-5b1a-4d37-8231-45cdad27d9ba-2] TRACE i.a.p.r.p.impl.RaftProxySequencer - PartitionProxy{2}{type=io.atomix.protocols.raft.RaftTest$TestPrimitiveType@35bfa1bb, name=raft-test} - Completing response CommandResponse{status=OK, index=85, eventIndex=2, result=byte[]{length=3, hash=35775}}
22:47:44.975 [raft-server-3-state] TRACE i.a.p.raft.impl.RaftServiceManager - RaftServer{3} - Applying Indexed{index=85, entry=CommandEntry{term=1, timestamp=2018-06-07 10:47:44,649, session=2, sequence=77, operation=PrimitiveOperation{id=DefaultOperationId{id=write, type=COMMAND}, value=byte[]{length=17, hash=-1644578928}}}}
22:47:44.975 [raft-server-3-state] TRACE i.a.p.s.impl.DefaultServiceExecutor - PrimitiveService{2}{type=io.atomix.protocols.raft.RaftTest$TestPrimitiveType@19970ea6, name=raft-test} - Executing DefaultCommit{index=85, session=RaftSession{RaftServiceContext{server=3, type=io.atomix.protocols.raft.RaftTest$TestPrimitiveType@19970ea6, name=raft-test, id=2}, session=2, timestamp=2018-06-07 10:47:44,649}, time=2018-06-07 10:47:44,649, operation=DefaultOperationId{id=write, type=COMMAND}, value=byte[]{length=17, hash=-1644578928}}
22:47:44.975 [raft-client-431b802d-5b1a-4d37-8231-45cdad27d9ba-1] TRACE i.a.p.r.p.impl.RaftProxyConnection - PartitionProxy{2}{type=io.atomix.protocols.raft.RaftTest$TestPrimitiveType@35bfa1bb, name=raft-test} - Sending CommandRequest{session=2, sequence=78, operation=PrimitiveOperation{id=DefaultOperationId{id=write, type=COMMAND}, value=byte[]{length=17, hash=-1644578928}}} to 3
22:47:44.976 [raft-server-3] TRACE i.a.p.raft.roles.FollowerRole - RaftServer{3}{role=FOLLOWER} - Received CommandRequest{session=2, sequence=78, operation=PrimitiveOperation{id=DefaultOperationId{id=write, type=COMMAND}, value=byte[]{length=17, hash=-1644578928}}}
22:47:44.976 [raft-server-2] TRACE i.a.protocols.raft.roles.LeaderRole - RaftServer{2}{role=LEADER} - Received CommandRequest{session=2, sequence=78, operation=PrimitiveOperation{id=DefaultOperationId{id=write, type=COMMAND}, value=byte[]{length=17, hash=-1644578928}}}
22:47:44.976 [raft-server-2] TRACE i.a.protocols.raft.roles.LeaderRole - RaftServer{2}{role=LEADER} - Appended Indexed{index=86, entry=CommandEntry{term=1, timestamp=2018-06-07 10:47:44,976, session=2, sequence=78, operation=PrimitiveOperation{id=DefaultOperationId{id=write, type=COMMAND}, value=byte[]{length=17, hash=-1644578928}}}}
22:47:44.976 [raft-server-2] TRACE i.a.p.raft.roles.LeaderAppender - RaftServer{2} - Sending AppendRequest{term=1, leader=2, prevLogIndex=85, prevLogTerm=1, entries=1, commitIndex=85} to 1
22:47:44.976 [raft-server-2] TRACE i.a.p.raft.roles.LeaderAppender - RaftServer{2} - Sending AppendRequest{term=1, leader=2, prevLogIndex=85, prevLogTerm=1, entries=1, commitIndex=85} to 3
22:47:44.976 [raft-server-3] TRACE i.a.p.raft.roles.FollowerRole - RaftServer{3}{role=FOLLOWER} - Received AppendRequest{term=1, leader=2, prevLogIndex=85, prevLogTerm=1, entries=1, commitIndex=85}
22:47:44.976 [raft-server-3] TRACE i.a.p.raft.roles.FollowerRole - RaftServer{3}{role=FOLLOWER} - Appended Indexed{index=86, entry=CommandEntry{term=1, timestamp=2018-06-07 10:47:44,976, session=2, sequence=78, operation=PrimitiveOperation{id=DefaultOperationId{id=write, type=COMMAND}, value=byte[]{length=17, hash=-1644578928}}}}
22:47:44.976 [raft-server-3] TRACE i.a.p.raft.roles.FollowerRole - RaftServer{3}{role=FOLLOWER} - Sending AppendResponse{status=OK, term=1, succeeded=true, lastLogIndex=86}
22:47:44.976 [raft-server-2] TRACE i.a.p.raft.roles.LeaderAppender - RaftServer{2} - Received AppendResponse{status=OK, term=1, succeeded=true, lastLogIndex=86} from 3
22:47:44.976 [raft-server-2] TRACE i.a.p.raft.roles.LeaderAppender - RaftServer{2} - Committed entries up to 86
22:47:45.083 [raft-server-1] TRACE i.a.p.raft.roles.FollowerRole - RaftServer{1}{role=FOLLOWER} - Committed entries up to index 85
22:47:45.083 [raft-server-1] TRACE i.a.p.raft.roles.FollowerRole - RaftServer{1}{role=FOLLOWER} - Sending AppendResponse{status=OK, term=1, succeeded=true, lastLogIndex=85}
22:47:45.083 [raft-server-1] TRACE i.a.p.raft.roles.FollowerRole - RaftServer{1}{role=FOLLOWER} - Received AppendRequest{term=1, leader=2, prevLogIndex=85, prevLogTerm=1, entries=1, commitIndex=85}
22:47:45.083 [raft-server-1] TRACE i.a.p.raft.roles.FollowerRole - RaftServer{1}{role=FOLLOWER} - Appended Indexed{index=86, entry=CommandEntry{term=1, timestamp=2018-06-07 10:47:44,976, session=2, sequence=78, operation=PrimitiveOperation{id=DefaultOperationId{id=write, type=COMMAND}, value=byte[]{length=17, hash=-1644578928}}}}
22:47:45.083 [raft-server-1] TRACE i.a.p.raft.roles.FollowerRole - RaftServer{1}{role=FOLLOWER} - Sending AppendResponse{status=OK, term=1, succeeded=true, lastLogIndex=86}
22:47:45.084 [raft-server-1-state] TRACE i.a.p.raft.impl.RaftServiceManager - RaftServer{1} - Applying Indexed{index=85, entry=CommandEntry{term=1, timestamp=2018-06-07 10:47:44,649, session=2, sequence=77, operation=PrimitiveOperation{id=DefaultOperationId{id=write, type=COMMAND}, value=byte[]{length=17, hash=-1644578928}}}}
22:47:45.084 [raft-server-1-state] TRACE i.a.p.s.impl.DefaultServiceExecutor - PrimitiveService{2}{type=io.atomix.protocols.raft.RaftTest$TestPrimitiveType@43a95102, name=raft-test} - Executing DefaultCommit{index=85, session=RaftSession{RaftServiceContext{server=1, type=io.atomix.protocols.raft.RaftTest$TestPrimitiveType@43a95102, name=raft-test, id=2}, session=2, timestamp=2018-06-07 10:47:44,649}, time=2018-06-07 10:47:44,649, operation=DefaultOperationId{id=write, type=COMMAND}, value=byte[]{length=17, hash=-1644578928}}
22:47:45.108 [raft-server-2] TRACE i.a.p.raft.roles.LeaderAppender - RaftServer{2} - Sending AppendRequest{term=1, leader=2, prevLogIndex=86, prevLogTerm=1, entries=0, commitIndex=86} to 3
22:47:45.108 [raft-server-2] TRACE i.a.p.raft.roles.LeaderAppender - RaftServer{2} - Received AppendResponse{status=OK, term=1, succeeded=true, lastLogIndex=85} from 1
22:47:45.108 [raft-server-2] TRACE i.a.p.raft.roles.LeaderAppender - RaftServer{2} - Received AppendResponse{status=OK, term=1, succeeded=true, lastLogIndex=86} from 1
22:47:45.108 [raft-server-3] TRACE i.a.p.raft.roles.FollowerRole - RaftServer{3}{role=FOLLOWER} - Received AppendRequest{term=1, leader=2, prevLogIndex=86, prevLogTerm=1, entries=0, commitIndex=86}
22:47:45.108 [raft-server-2] TRACE i.a.p.raft.roles.LeaderAppender - RaftServer{2} - Sending AppendRequest{term=1, leader=2, prevLogIndex=86, prevLogTerm=1, entries=0, commitIndex=86} to 1
22:47:45.108 [raft-server-1] TRACE i.a.p.raft.roles.FollowerRole - RaftServer{1}{role=FOLLOWER} - Received AppendRequest{term=1, leader=2, prevLogIndex=86, prevLogTerm=1, entries=0, commitIndex=86}
22:47:45.108 [raft-server-2-state] TRACE i.a.p.raft.impl.RaftServiceManager - RaftServer{2} - Applying Indexed{index=86, entry=CommandEntry{term=1, timestamp=2018-06-07 10:47:44,976, session=2, sequence=78, operation=PrimitiveOperation{id=DefaultOperationId{id=write, type=COMMAND}, value=byte[]{length=17, hash=-1644578928}}}}
22:47:45.108 [raft-server-2-state] TRACE i.a.p.s.impl.DefaultServiceExecutor - PrimitiveService{2}{type=io.atomix.protocols.raft.RaftTest$TestPrimitiveType@581a9c39, name=raft-test} - Executing DefaultCommit{index=86, session=RaftSession{RaftServiceContext{server=2, type=io.atomix.protocols.raft.RaftTest$TestPrimitiveType@581a9c39, name=raft-test, id=2}, session=2, timestamp=2018-06-07 10:47:44,976}, time=2018-06-07 10:47:44,976, operation=DefaultOperationId{id=write, type=COMMAND}, value=byte[]{length=17, hash=-1644578928}}
22:47:45.109 [raft-server-2] TRACE i.a.protocols.raft.roles.LeaderRole - RaftServer{2}{role=LEADER} - Sending CommandResponse{status=OK, index=86, eventIndex=2, result=byte[]{length=3, hash=35837}}
22:47:45.158 [raft-server-1] TRACE i.a.p.raft.roles.FollowerRole - RaftServer{1}{role=FOLLOWER} - Committed entries up to index 86
22:47:45.158 [raft-server-3] TRACE i.a.p.raft.roles.FollowerRole - RaftServer{3}{role=FOLLOWER} - Committed entries up to index 86
22:47:45.158 [raft-server-1] TRACE i.a.p.raft.roles.FollowerRole - RaftServer{1}{role=FOLLOWER} - Sending AppendResponse{status=OK, term=1, succeeded=true, lastLogIndex=86}
22:47:45.158 [raft-server-3] TRACE i.a.p.raft.roles.FollowerRole - RaftServer{3}{role=FOLLOWER} - Sending AppendResponse{status=OK, term=1, succeeded=true, lastLogIndex=86}
22:47:45.158 [raft-server-2] TRACE i.a.p.raft.roles.LeaderAppender - RaftServer{2} - Received AppendResponse{status=OK, term=1, succeeded=true, lastLogIndex=86} from 1
22:47:45.158 [raft-server-3] TRACE i.a.p.raft.roles.FollowerRole - RaftServer{3}{role=FOLLOWER} - Sending CommandResponse{status=OK, index=86, eventIndex=2, result=byte[]{length=3, hash=35837}}
22:47:45.158 [raft-server-1-state] TRACE i.a.p.raft.impl.RaftServiceManager - RaftServer{1} - Applying Indexed{index=86, entry=CommandEntry{term=1, timestamp=2018-06-07 10:47:44,976, session=2, sequence=78, operation=PrimitiveOperation{id=DefaultOperationId{id=write, type=COMMAND}, value=byte[]{length=17, hash=-1644578928}}}}
22:47:45.158 [raft-client-431b802d-5b1a-4d37-8231-45cdad27d9ba-3] TRACE i.a.p.r.p.impl.RaftProxyConnection - PartitionProxy{2}{type=io.atomix.protocols.raft.RaftTest$TestPrimitiveType@35bfa1bb, name=raft-test} - Received CommandResponse{status=OK, index=86, eventIndex=2, result=byte[]{length=3, hash=35837}} from 3
22:47:45.158 [raft-client-431b802d-5b1a-4d37-8231-45cdad27d9ba-3] TRACE i.a.p.r.p.impl.RaftProxySequencer - PartitionProxy{2}{type=io.atomix.protocols.raft.RaftTest$TestPrimitiveType@35bfa1bb, name=raft-test} - Completing response CommandResponse{status=OK, index=86, eventIndex=2, result=byte[]{length=3, hash=35837}}
22:47:45.158 [raft-server-1-state] TRACE i.a.p.s.impl.DefaultServiceExecutor - PrimitiveService{2}{type=io.atomix.protocols.raft.RaftTest$TestPrimitiveType@43a95102, name=raft-test} - Executing DefaultCommit{index=86, session=RaftSession{RaftServiceContext{server=1, type=io.atomix.protocols.raft.RaftTest$TestPrimitiveType@43a95102, name=raft-test, id=2}, session=2, timestamp=2018-06-07 10:47:44,976}, time=2018-06-07 10:47:44,976, operation=DefaultOperationId{id=write, type=COMMAND}, value=byte[]{length=17, hash=-1644578928}}
22:47:45.158 [raft-server-3-state] TRACE i.a.p.raft.impl.RaftServiceManager - RaftServer{3} - Applying Indexed{index=86, entry=CommandEntry{term=1, timestamp=2018-06-07 10:47:44,976, session=2, sequence=78, operation=PrimitiveOperation{id=DefaultOperationId{id=write, type=COMMAND}, value=byte[]{length=17, hash=-1644578928}}}}
22:47:45.158 [raft-server-3-state] TRACE i.a.p.s.impl.DefaultServiceExecutor - PrimitiveService{2}{type=io.atomix.protocols.raft.RaftTest$TestPrimitiveType@19970ea6, name=raft-test} - Executing DefaultCommit{index=86, session=RaftSession{RaftServiceContext{server=3, type=io.atomix.protocols.raft.RaftTest$TestPrimitiveType@19970ea6, name=raft-test, id=2}, session=2, timestamp=2018-06-07 10:47:44,976}, time=2018-06-07 10:47:44,976, operation=DefaultOperationId{id=write, type=COMMAND}, value=byte[]{length=17, hash=-1644578928}}
22:47:45.159 [raft-server-2] TRACE i.a.p.raft.roles.LeaderAppender - RaftServer{2} - Sending AppendRequest{term=1, leader=2, prevLogIndex=86, prevLogTerm=1, entries=0, commitIndex=86} to 1
22:47:45.159 [raft-client-431b802d-5b1a-4d37-8231-45cdad27d9ba-7] TRACE i.a.p.r.p.impl.RaftProxyConnection - PartitionProxy{2}{type=io.atomix.protocols.raft.RaftTest$TestPrimitiveType@35bfa1bb, name=raft-test} - Sending CommandRequest{session=2, sequence=79, operation=PrimitiveOperation{id=DefaultOperationId{id=write, type=COMMAND}, value=byte[]{length=17, hash=-1644578928}}} to 3
22:47:45.159 [raft-server-2] TRACE i.a.p.raft.roles.LeaderAppender - RaftServer{2} - Received AppendResponse{status=OK, term=1, succeeded=true, lastLogIndex=86} from 3
22:47:45.159 [raft-server-1] TRACE i.a.p.raft.roles.FollowerRole - RaftServer{1}{role=FOLLOWER} - Received AppendRequest{term=1, leader=2, prevLogIndex=86, prevLogTerm=1, entries=0, commitIndex=86}
22:47:45.159 [raft-server-2] TRACE i.a.p.raft.roles.LeaderAppender - RaftServer{2} - Sending AppendRequest{term=1, leader=2, prevLogIndex=86, prevLogTerm=1, entries=0, commitIndex=86} to 3
22:47:45.159 [raft-server-1] TRACE i.a.p.raft.roles.FollowerRole - RaftServer{1}{role=FOLLOWER} - Sending AppendResponse{status=OK, term=1, succeeded=true, lastLogIndex=86}
22:47:45.159 [raft-server-3] TRACE i.a.p.raft.roles.FollowerRole - RaftServer{3}{role=FOLLOWER} - Received CommandRequest{session=2, sequence=79, operation=PrimitiveOperation{id=DefaultOperationId{id=write, type=COMMAND}, value=byte[]{length=17, hash=-1644578928}}}
22:47:45.159 [raft-server-2] TRACE i.a.p.raft.roles.LeaderAppender - RaftServer{2} - Received AppendResponse{status=OK, term=1, succeeded=true, lastLogIndex=86} from 1
22:47:45.159 [raft-server-2] TRACE i.a.protocols.raft.roles.LeaderRole - RaftServer{2}{role=LEADER} - Received CommandRequest{session=2, sequence=79, operation=PrimitiveOperation{id=DefaultOperationId{id=write, type=COMMAND}, value=byte[]{length=17, hash=-1644578928}}}
22:47:45.159 [raft-server-3] TRACE i.a.p.raft.roles.FollowerRole - RaftServer{3}{role=FOLLOWER} - Received AppendRequest{term=1, leader=2, prevLogIndex=86, prevLogTerm=1, entries=0, commitIndex=86}
22:47:45.159 [raft-server-3] TRACE i.a.p.raft.roles.FollowerRole - RaftServer{3}{role=FOLLOWER} - Sending AppendResponse{status=OK, term=1, succeeded=true, lastLogIndex=86}
22:47:45.159 [raft-server-2] TRACE i.a.protocols.raft.roles.LeaderRole - RaftServer{2}{role=LEADER} - Appended Indexed{index=87, entry=CommandEntry{term=1, timestamp=2018-06-07 10:47:45,159, session=2, sequence=79, operation=PrimitiveOperation{id=DefaultOperationId{id=write, type=COMMAND}, value=byte[]{length=17, hash=-1644578928}}}}
22:47:45.159 [raft-server-2] TRACE i.a.p.raft.roles.LeaderAppender - RaftServer{2} - Received AppendResponse{status=OK, term=1, succeeded=true, lastLogIndex=86} from 3
22:47:45.159 [raft-server-2] TRACE i.a.p.raft.roles.LeaderAppender - RaftServer{2} - Sending AppendRequest{term=1, leader=2, prevLogIndex=86, prevLogTerm=1, entries=1, commitIndex=86} to 3
22:47:45.159 [raft-server-3] TRACE i.a.p.raft.roles.FollowerRole - RaftServer{3}{role=FOLLOWER} - Received AppendRequest{term=1, leader=2, prevLogIndex=86, prevLogTerm=1, entries=1, commitIndex=86}
22:47:45.159 [raft-server-2] TRACE i.a.p.raft.roles.LeaderAppender - RaftServer{2} - Sending AppendRequest{term=1, leader=2, prevLogIndex=86, prevLogTerm=1, entries=1, commitIndex=86} to 1
22:47:45.159 [raft-server-1] TRACE i.a.p.raft.roles.FollowerRole - RaftServer{1}{role=FOLLOWER} - Received AppendRequest{term=1, leader=2, prevLogIndex=86, prevLogTerm=1, entries=1, commitIndex=86}
22:47:45.159 [raft-server-3] TRACE i.a.p.raft.roles.FollowerRole - RaftServer{3}{role=FOLLOWER} - Appended Indexed{index=87, entry=CommandEntry{term=1, timestamp=2018-06-07 10:47:45,159, session=2, sequence=79, operation=PrimitiveOperation{id=DefaultOperationId{id=write, type=COMMAND}, value=byte[]{length=17, hash=-1644578928}}}}
22:47:45.159 [raft-server-1] TRACE i.a.p.raft.roles.FollowerRole - RaftServer{1}{role=FOLLOWER} - Appended Indexed{index=87, entry=CommandEntry{term=1, timestamp=2018-06-07 10:47:45,159, session=2, sequence=79, operation=PrimitiveOperation{id=DefaultOperationId{id=write, type=COMMAND}, value=byte[]{length=17, hash=-1644578928}}}}
22:47:45.159 [raft-server-3] TRACE i.a.p.raft.roles.FollowerRole - RaftServer{3}{role=FOLLOWER} - Sending AppendResponse{status=OK, term=1, succeeded=true, lastLogIndex=87}
22:47:45.159 [raft-server-1] TRACE i.a.p.raft.roles.FollowerRole - RaftServer{1}{role=FOLLOWER} - Sending AppendResponse{status=OK, term=1, succeeded=true, lastLogIndex=87}
22:47:45.160 [raft-server-2] TRACE i.a.p.raft.roles.LeaderAppender - RaftServer{2} - Received AppendResponse{status=OK, term=1, succeeded=true, lastLogIndex=87} from 3
22:47:45.160 [raft-server-2] TRACE i.a.p.raft.roles.LeaderAppender - RaftServer{2} - Committed entries up to 87
22:47:45.214 [raft-server-2] TRACE i.a.p.raft.roles.LeaderAppender - RaftServer{2} - Received AppendResponse{status=OK, term=1, succeeded=true, lastLogIndex=87} from 1
22:47:45.214 [raft-server-2-state] TRACE i.a.p.raft.impl.RaftServiceManager - RaftServer{2} - Applying Indexed{index=87, entry=CommandEntry{term=1, timestamp=2018-06-07 10:47:45,159, session=2, sequence=79, operation=PrimitiveOperation{id=DefaultOperationId{id=write, type=COMMAND}, value=byte[]{length=17, hash=-1644578928}}}}
22:47:45.214 [raft-server-2-state] TRACE i.a.p.s.impl.DefaultServiceExecutor - PrimitiveService{2}{type=io.atomix.protocols.raft.RaftTest$TestPrimitiveType@581a9c39, name=raft-test} - Executing DefaultCommit{index=87, session=RaftSession{RaftServiceContext{server=2, type=io.atomix.protocols.raft.RaftTest$TestPrimitiveType@581a9c39, name=raft-test, id=2}, session=2, timestamp=2018-06-07 10:47:45,159}, time=2018-06-07 10:47:45,159, operation=DefaultOperationId{id=write, type=COMMAND}, value=byte[]{length=17, hash=-1644578928}}
22:47:45.214 [raft-server-2-state] TRACE i.a.protocols.raft.roles.LeaderRole - RaftServer{2}{role=LEADER} - Sending CommandResponse{status=OK, index=87, eventIndex=2, result=byte[]{length=3, hash=35899}}
22:47:45.215 [raft-server-3] TRACE i.a.p.raft.roles.FollowerRole - RaftServer{3}{role=FOLLOWER} - Sending CommandResponse{status=OK, index=87, eventIndex=2, result=byte[]{length=3, hash=35899}}
22:47:45.215 [raft-client-431b802d-5b1a-4d37-8231-45cdad27d9ba-5] TRACE i.a.p.r.p.impl.RaftProxyConnection - PartitionProxy{2}{type=io.atomix.protocols.raft.RaftTest$TestPrimitiveType@35bfa1bb, name=raft-test} - Received CommandResponse{status=OK, index=87, eventIndex=2, result=byte[]{length=3, hash=35899}} from 3
22:47:45.215 [raft-client-431b802d-5b1a-4d37-8231-45cdad27d9ba-5] TRACE i.a.p.r.p.impl.RaftProxySequencer - PartitionProxy{2}{type=io.atomix.protocols.raft.RaftTest$TestPrimitiveType@35bfa1bb, name=raft-test} - Completing response CommandResponse{status=OK, index=87, eventIndex=2, result=byte[]{length=3, hash=35899}}
22:47:45.215 [raft-client-431b802d-5b1a-4d37-8231-45cdad27d9ba-5] TRACE i.a.p.r.p.impl.RaftProxyConnection - PartitionProxy{2}{type=io.atomix.protocols.raft.RaftTest$TestPrimitiveType@35bfa1bb, name=raft-test} - Sending CommandRequest{session=2, sequence=80, operation=PrimitiveOperation{id=DefaultOperationId{id=write, type=COMMAND}, value=byte[]{length=17, hash=-1644578928}}} to 3
22:47:45.215 [raft-server-3] TRACE i.a.p.raft.roles.FollowerRole - RaftServer{3}{role=FOLLOWER} - Received CommandRequest{session=2, sequence=80, operation=PrimitiveOperation{id=DefaultOperationId{id=write, type=COMMAND}, value=byte[]{length=17, hash=-1644578928}}}
22:47:45.215 [raft-server-2] TRACE i.a.protocols.raft.roles.LeaderRole - RaftServer{2}{role=LEADER} - Received CommandRequest{session=2, sequence=80, operation=PrimitiveOperation{id=DefaultOperationId{id=write, type=COMMAND}, value=byte[]{length=17, hash=-1644578928}}}
22:47:45.215 [raft-server-2] TRACE i.a.protocols.raft.roles.LeaderRole - RaftServer{2}{role=LEADER} - Appended Indexed{index=88, entry=CommandEntry{term=1, timestamp=2018-06-07 10:47:45,215, session=2, sequence=80, operation=PrimitiveOperation{id=DefaultOperationId{id=write, type=COMMAND}, value=byte[]{length=17, hash=-1644578928}}}}
22:47:45.215 [raft-server-2] TRACE i.a.p.raft.roles.LeaderAppender - RaftServer{2} - Sending AppendRequest{term=1, leader=2, prevLogIndex=87, prevLogTerm=1, entries=1, commitIndex=87} to 1
22:47:45.216 [raft-server-2] TRACE i.a.p.raft.roles.LeaderAppender - RaftServer{2} - Sending AppendRequest{term=1, leader=2, prevLogIndex=87, prevLogTerm=1, entries=1, commitIndex=87} to 3
22:47:45.216 [raft-server-3] TRACE i.a.p.raft.roles.FollowerRole - RaftServer{3}{role=FOLLOWER} - Received AppendRequest{term=1, leader=2, prevLogIndex=87, prevLogTerm=1, entries=1, commitIndex=87}
22:47:45.216 [raft-server-1] TRACE i.a.p.raft.roles.FollowerRole - RaftServer{1}{role=FOLLOWER} - Received AppendRequest{term=1, leader=2, prevLogIndex=87, prevLogTerm=1, entries=1, commitIndex=87}
22:47:45.216 [raft-server-3] TRACE i.a.p.raft.roles.FollowerRole - RaftServer{3}{role=FOLLOWER} - Appended Indexed{index=88, entry=CommandEntry{term=1, timestamp=2018-06-07 10:47:45,215, session=2, sequence=80, operation=PrimitiveOperation{id=DefaultOperationId{id=write, type=COMMAND}, value=byte[]{length=17, hash=-1644578928}}}}
22:47:45.216 [raft-server-1] TRACE i.a.p.raft.roles.FollowerRole - RaftServer{1}{role=FOLLOWER} - Appended Indexed{index=88, entry=CommandEntry{term=1, timestamp=2018-06-07 10:47:45,215, session=2, sequence=80, operation=PrimitiveOperation{id=DefaultOperationId{id=write, type=COMMAND}, value=byte[]{length=17, hash=-1644578928}}}}
22:47:45.317 [raft-server-3] TRACE i.a.p.raft.roles.FollowerRole - RaftServer{3}{role=FOLLOWER} - Committed entries up to index 87
22:47:45.317 [raft-server-3] TRACE i.a.p.raft.roles.FollowerRole - RaftServer{3}{role=FOLLOWER} - Sending AppendResponse{status=OK, term=1, succeeded=true, lastLogIndex=88}
22:47:45.317 [raft-server-1] TRACE i.a.p.raft.roles.FollowerRole - RaftServer{1}{role=FOLLOWER} - Committed entries up to index 87
22:47:45.317 [raft-server-1] TRACE i.a.p.raft.roles.FollowerRole - RaftServer{1}{role=FOLLOWER} - Sending AppendResponse{status=OK, term=1, succeeded=true, lastLogIndex=88}
22:47:45.317 [raft-server-2] TRACE i.a.p.raft.roles.LeaderAppender - RaftServer{2} - Received AppendResponse{status=OK, term=1, succeeded=true, lastLogIndex=88} from 3
22:47:45.317 [raft-server-3-state] TRACE i.a.p.raft.impl.RaftServiceManager - RaftServer{3} - Applying Indexed{index=87, entry=CommandEntry{term=1, timestamp=2018-06-07 10:47:45,159, session=2, sequence=79, operation=PrimitiveOperation{id=DefaultOperationId{id=write, type=COMMAND}, value=byte[]{length=17, hash=-1644578928}}}}
22:47:45.317 [raft-server-2] TRACE i.a.p.raft.roles.LeaderAppender - RaftServer{2} - Committed entries up to 88
22:47:45.317 [raft-server-1-state] TRACE i.a.p.raft.impl.RaftServiceManager - RaftServer{1} - Applying Indexed{index=87, entry=CommandEntry{term=1, timestamp=2018-06-07 10:47:45,159, session=2, sequence=79, operation=PrimitiveOperation{id=DefaultOperationId{id=write, type=COMMAND}, value=byte[]{length=17, hash=-1644578928}}}}
22:47:45.317 [raft-server-3-state] TRACE i.a.p.s.impl.DefaultServiceExecutor - PrimitiveService{2}{type=io.atomix.protocols.raft.RaftTest$TestPrimitiveType@19970ea6, name=raft-test} - Executing DefaultCommit{index=87, session=RaftSession{RaftServiceContext{server=3, type=io.atomix.protocols.raft.RaftTest$TestPrimitiveType@19970ea6, name=raft-test, id=2}, session=2, timestamp=2018-06-07 10:47:45,159}, time=2018-06-07 10:47:45,159, operation=DefaultOperationId{id=write, type=COMMAND}, value=byte[]{length=17, hash=-1644578928}}
22:47:45.317 [raft-server-1-state] TRACE i.a.p.s.impl.DefaultServiceExecutor - PrimitiveService{2}{type=io.atomix.protocols.raft.RaftTest$TestPrimitiveType@43a95102, name=raft-test} - Executing DefaultCommit{index=87, session=RaftSession{RaftServiceContext{server=1, type=io.atomix.protocols.raft.RaftTest$TestPrimitiveType@43a95102, name=raft-test, id=2}, session=2, timestamp=2018-06-07 10:47:45,159}, time=2018-06-07 10:47:45,159, operation=DefaultOperationId{id=write, type=COMMAND}, value=byte[]{length=17, hash=-1644578928}}
22:47:45.519 [raft-server-2] TRACE i.a.p.raft.roles.LeaderAppender - RaftServer{2} - Sending AppendRequest{term=1, leader=2, prevLogIndex=88, prevLogTerm=1, entries=0, commitIndex=88} to 3
22:47:45.519 [raft-server-2] TRACE i.a.p.raft.roles.LeaderAppender - RaftServer{2} - Received AppendResponse{status=OK, term=1, succeeded=true, lastLogIndex=88} from 1
22:47:45.519 [raft-server-3] TRACE i.a.p.raft.roles.FollowerRole - RaftServer{3}{role=FOLLOWER} - Received AppendRequest{term=1, leader=2, prevLogIndex=88, prevLogTerm=1, entries=0, commitIndex=88}
22:47:45.519 [raft-server-2] TRACE i.a.p.raft.roles.LeaderAppender - RaftServer{2} - Sending AppendRequest{term=1, leader=2, prevLogIndex=88, prevLogTerm=1, entries=0, commitIndex=88} to 1
22:47:45.519 [raft-server-1] TRACE i.a.p.raft.roles.FollowerRole - RaftServer{1}{role=FOLLOWER} - Received AppendRequest{term=1, leader=2, prevLogIndex=88, prevLogTerm=1, entries=0, commitIndex=88}
22:47:45.520 [raft-server-1] TRACE i.a.p.raft.roles.FollowerRole - RaftServer{1}{role=FOLLOWER} - Committed entries up to index 88
22:47:45.520 [raft-server-1] TRACE i.a.p.raft.roles.FollowerRole - RaftServer{1}{role=FOLLOWER} - Sending AppendResponse{status=OK, term=1, succeeded=true, lastLogIndex=88}
22:47:45.520 [raft-server-2-state] TRACE i.a.p.raft.impl.RaftServiceManager - RaftServer{2} - Applying Indexed{index=88, entry=CommandEntry{term=1, timestamp=2018-06-07 10:47:45,215, session=2, sequence=80, operation=PrimitiveOperation{id=DefaultOperationId{id=write, type=COMMAND}, value=byte[]{length=17, hash=-1644578928}}}}
22:47:45.520 [raft-server-2] TRACE i.a.p.raft.roles.LeaderAppender - RaftServer{2} - Received AppendResponse{status=OK, term=1, succeeded=true, lastLogIndex=88} from 1
22:47:45.520 [raft-server-1-state] TRACE i.a.p.raft.impl.RaftServiceManager - RaftServer{1} - Applying Indexed{index=88, entry=CommandEntry{term=1, timestamp=2018-06-07 10:47:45,215, session=2, sequence=80, operation=PrimitiveOperation{id=DefaultOperationId{id=write, type=COMMAND}, value=byte[]{length=17, hash=-1644578928}}}}
22:47:45.520 [raft-server-2-state] TRACE i.a.p.s.impl.DefaultServiceExecutor - PrimitiveService{2}{type=io.atomix.protocols.raft.RaftTest$TestPrimitiveType@581a9c39, name=raft-test} - Executing DefaultCommit{index=88, session=RaftSession{RaftServiceContext{server=2, type=io.atomix.protocols.raft.RaftTest$TestPrimitiveType@581a9c39, name=raft-test, id=2}, session=2, timestamp=2018-06-07 10:47:45,215}, time=2018-06-07 10:47:45,215, operation=DefaultOperationId{id=write, type=COMMAND}, value=byte[]{length=17, hash=-1644578928}}
22:47:45.520 [raft-server-2] TRACE i.a.p.raft.roles.LeaderAppender - RaftServer{2} - Sending AppendRequest{term=1, leader=2, prevLogIndex=88, prevLogTerm=1, entries=0, commitIndex=88} to 1
22:47:45.520 [raft-server-1-state] TRACE i.a.p.s.impl.DefaultServiceExecutor - PrimitiveService{2}{type=io.atomix.protocols.raft.RaftTest$TestPrimitiveType@43a95102, name=raft-test} - Executing DefaultCommit{index=88, session=RaftSession{RaftServiceContext{server=1, type=io.atomix.protocols.raft.RaftTest$TestPrimitiveType@43a95102, name=raft-test, id=2}, session=2, timestamp=2018-06-07 10:47:45,215}, time=2018-06-07 10:47:45,215, operation=DefaultOperationId{id=write, type=COMMAND}, value=byte[]{length=17, hash=-1644578928}}
22:47:45.520 [raft-server-1] TRACE i.a.p.raft.roles.FollowerRole - RaftServer{1}{role=FOLLOWER} - Received AppendRequest{term=1, leader=2, prevLogIndex=88, prevLogTerm=1, entries=0, commitIndex=88}
22:47:45.520 [raft-server-2-state] TRACE i.a.protocols.raft.roles.LeaderRole - RaftServer{2}{role=LEADER} - Sending CommandResponse{status=OK, index=88, eventIndex=2, result=byte[]{length=3, hash=35961}}
22:47:45.520 [raft-server-1] TRACE i.a.p.raft.roles.FollowerRole - RaftServer{1}{role=FOLLOWER} - Sending AppendResponse{status=OK, term=1, succeeded=true, lastLogIndex=88}
22:47:45.520 [raft-server-2] TRACE i.a.p.raft.roles.LeaderAppender - RaftServer{2} - Received AppendResponse{status=OK, term=1, succeeded=true, lastLogIndex=88} from 1
22:47:45.553 [raft-server-3] TRACE i.a.p.raft.roles.FollowerRole - RaftServer{3}{role=FOLLOWER} - Committed entries up to index 88
22:47:45.553 [raft-server-3] TRACE i.a.p.raft.roles.FollowerRole - RaftServer{3}{role=FOLLOWER} - Sending AppendResponse{status=OK, term=1, succeeded=true, lastLogIndex=88}
22:47:45.553 [raft-server-3] TRACE i.a.p.raft.roles.FollowerRole - RaftServer{3}{role=FOLLOWER} - Sending CommandResponse{status=OK, index=88, eventIndex=2, result=byte[]{length=3, hash=35961}}
22:47:45.553 [raft-server-2] TRACE i.a.p.raft.roles.LeaderAppender - RaftServer{2} - Received AppendResponse{status=OK, term=1, succeeded=true, lastLogIndex=88} from 3
22:47:45.554 [raft-client-431b802d-5b1a-4d37-8231-45cdad27d9ba-2] TRACE i.a.p.r.p.impl.RaftProxyConnection - PartitionProxy{2}{type=io.atomix.protocols.raft.RaftTest$TestPrimitiveType@35bfa1bb, name=raft-test} - Received CommandResponse{status=OK, index=88, eventIndex=2, result=byte[]{length=3, hash=35961}} from 3
22:47:45.554 [raft-server-3-state] TRACE i.a.p.raft.impl.RaftServiceManager - RaftServer{3} - Applying Indexed{index=88, entry=CommandEntry{term=1, timestamp=2018-06-07 10:47:45,215, session=2, sequence=80, operation=PrimitiveOperation{id=DefaultOperationId{id=write, type=COMMAND}, value=byte[]{length=17, hash=-1644578928}}}}
22:47:45.554 [raft-client-431b802d-5b1a-4d37-8231-45cdad27d9ba-2] TRACE i.a.p.r.p.impl.RaftProxySequencer - PartitionProxy{2}{type=io.atomix.protocols.raft.RaftTest$TestPrimitiveType@35bfa1bb, name=raft-test} - Completing response CommandResponse{status=OK, index=88, eventIndex=2, result=byte[]{length=3, hash=35961}}
22:47:45.554 [raft-server-3-state] TRACE i.a.p.s.impl.DefaultServiceExecutor - PrimitiveService{2}{type=io.atomix.protocols.raft.RaftTest$TestPrimitiveType@19970ea6, name=raft-test} - Executing DefaultCommit{index=88, session=RaftSession{RaftServiceContext{server=3, type=io.atomix.protocols.raft.RaftTest$TestPrimitiveType@19970ea6, name=raft-test, id=2}, session=2, timestamp=2018-06-07 10:47:45,215}, time=2018-06-07 10:47:45,215, operation=DefaultOperationId{id=write, type=COMMAND}, value=byte[]{length=17, hash=-1644578928}}
22:47:45.554 [raft-client-431b802d-5b1a-4d37-8231-45cdad27d9ba-2] TRACE i.a.p.r.p.impl.RaftProxyConnection - PartitionProxy{2}{type=io.atomix.protocols.raft.RaftTest$TestPrimitiveType@35bfa1bb, name=raft-test} - Sending CommandRequest{session=2, sequence=81, operation=PrimitiveOperation{id=DefaultOperationId{id=write, type=COMMAND}, value=byte[]{length=17, hash=-1644578928}}} to 3
22:47:45.554 [raft-server-3] TRACE i.a.p.raft.roles.FollowerRole - RaftServer{3}{role=FOLLOWER} - Received CommandRequest{session=2, sequence=81, operation=PrimitiveOperation{id=DefaultOperationId{id=write, type=COMMAND}, value=byte[]{length=17, hash=-1644578928}}}
22:47:45.554 [raft-server-2] TRACE i.a.protocols.raft.roles.LeaderRole - RaftServer{2}{role=LEADER} - Received CommandRequest{session=2, sequence=81, operation=PrimitiveOperation{id=DefaultOperationId{id=write, type=COMMAND}, value=byte[]{length=17, hash=-1644578928}}}
22:47:45.555 [raft-server-2] TRACE i.a.protocols.raft.roles.LeaderRole - RaftServer{2}{role=LEADER} - Appended Indexed{index=89, entry=CommandEntry{term=1, timestamp=2018-06-07 10:47:45,555, session=2, sequence=81, operation=PrimitiveOperation{id=DefaultOperationId{id=write, type=COMMAND}, value=byte[]{length=17, hash=-1644578928}}}}
22:47:45.555 [raft-server-2] TRACE i.a.p.raft.roles.LeaderAppender - RaftServer{2} - Sending AppendRequest{term=1, leader=2, prevLogIndex=88, prevLogTerm=1, entries=1, commitIndex=88} to 1
22:47:45.555 [raft-server-1] TRACE i.a.p.raft.roles.FollowerRole - RaftServer{1}{role=FOLLOWER} - Received AppendRequest{term=1, leader=2, prevLogIndex=88, prevLogTerm=1, entries=1, commitIndex=88}
22:47:45.555 [raft-server-2] TRACE i.a.p.raft.roles.LeaderAppender - RaftServer{2} - Sending AppendRequest{term=1, leader=2, prevLogIndex=88, prevLogTerm=1, entries=1, commitIndex=88} to 3
22:47:45.555 [raft-server-3] TRACE i.a.p.raft.roles.FollowerRole - RaftServer{3}{role=FOLLOWER} - Received AppendRequest{term=1, leader=2, prevLogIndex=88, prevLogTerm=1, entries=1, commitIndex=88}
22:47:45.555 [raft-server-1] TRACE i.a.p.raft.roles.FollowerRole - RaftServer{1}{role=FOLLOWER} - Appended Indexed{index=89, entry=CommandEntry{term=1, timestamp=2018-06-07 10:47:45,555, session=2, sequence=81, operation=PrimitiveOperation{id=DefaultOperationId{id=write, type=COMMAND}, value=byte[]{length=17, hash=-1644578928}}}}
22:47:45.555 [raft-server-1] TRACE i.a.p.raft.roles.FollowerRole - RaftServer{1}{role=FOLLOWER} - Sending AppendResponse{status=OK, term=1, succeeded=true, lastLogIndex=89}
22:47:45.555 [raft-server-3] TRACE i.a.p.raft.roles.FollowerRole - RaftServer{3}{role=FOLLOWER} - Appended Indexed{index=89, entry=CommandEntry{term=1, timestamp=2018-06-07 10:47:45,555, session=2, sequence=81, operation=PrimitiveOperation{id=DefaultOperationId{id=write, type=COMMAND}, value=byte[]{length=17, hash=-1644578928}}}}
22:47:45.555 [raft-server-3] TRACE i.a.p.raft.roles.FollowerRole - RaftServer{3}{role=FOLLOWER} - Sending AppendResponse{status=OK, term=1, succeeded=true, lastLogIndex=89}
22:47:45.555 [raft-server-2] TRACE i.a.p.raft.roles.LeaderAppender - RaftServer{2} - Received AppendResponse{status=OK, term=1, succeeded=true, lastLogIndex=89} from 1
22:47:45.555 [raft-server-2] TRACE i.a.p.raft.roles.LeaderAppender - RaftServer{2} - Committed entries up to 89
22:47:45.589 [raft-server-2] TRACE i.a.p.raft.roles.LeaderAppender - RaftServer{2} - Received AppendResponse{status=OK, term=1, succeeded=true, lastLogIndex=89} from 3
22:47:45.589 [raft-server-2-state] TRACE i.a.p.raft.impl.RaftServiceManager - RaftServer{2} - Applying Indexed{index=89, entry=CommandEntry{term=1, timestamp=2018-06-07 10:47:45,555, session=2, sequence=81, operation=PrimitiveOperation{id=DefaultOperationId{id=write, type=COMMAND}, value=byte[]{length=17, hash=-1644578928}}}}
22:47:45.589 [raft-server-2-state] TRACE i.a.p.s.impl.DefaultServiceExecutor - PrimitiveService{2}{type=io.atomix.protocols.raft.RaftTest$TestPrimitiveType@581a9c39, name=raft-test} - Executing DefaultCommit{index=89, session=RaftSession{RaftServiceContext{server=2, type=io.atomix.protocols.raft.RaftTest$TestPrimitiveType@581a9c39, name=raft-test, id=2}, session=2, timestamp=2018-06-07 10:47:45,555}, time=2018-06-07 10:47:45,555, operation=DefaultOperationId{id=write, type=COMMAND}, value=byte[]{length=17, hash=-1644578928}}
22:47:45.589 [raft-server-2-state] TRACE i.a.protocols.raft.roles.LeaderRole - RaftServer{2}{role=LEADER} - Sending CommandResponse{status=OK, index=89, eventIndex=2, result=byte[]{length=3, hash=36023}}
22:47:45.589 [raft-server-3] TRACE i.a.p.raft.roles.FollowerRole - RaftServer{3}{role=FOLLOWER} - Sending CommandResponse{status=OK, index=89, eventIndex=2, result=byte[]{length=3, hash=36023}}
22:47:45.589 [raft-client-431b802d-5b1a-4d37-8231-45cdad27d9ba-3] TRACE i.a.p.r.p.impl.RaftProxyConnection - PartitionProxy{2}{type=io.atomix.protocols.raft.RaftTest$TestPrimitiveType@35bfa1bb, name=raft-test} - Received CommandResponse{status=OK, index=89, eventIndex=2, result=byte[]{length=3, hash=36023}} from 3
22:47:45.589 [raft-client-431b802d-5b1a-4d37-8231-45cdad27d9ba-3] TRACE i.a.p.r.p.impl.RaftProxySequencer - PartitionProxy{2}{type=io.atomix.protocols.raft.RaftTest$TestPrimitiveType@35bfa1bb, name=raft-test} - Completing response CommandResponse{status=OK, index=89, eventIndex=2, result=byte[]{length=3, hash=36023}}
22:47:45.590 [raft-client-431b802d-5b1a-4d37-8231-45cdad27d9ba-0] TRACE i.a.p.r.p.impl.RaftProxyConnection - PartitionProxy{2}{type=io.atomix.protocols.raft.RaftTest$TestPrimitiveType@35bfa1bb, name=raft-test} - Sending CommandRequest{session=2, sequence=82, operation=PrimitiveOperation{id=DefaultOperationId{id=write, type=COMMAND}, value=byte[]{length=17, hash=-1644578928}}} to 3
22:47:45.590 [raft-server-3] TRACE i.a.p.raft.roles.FollowerRole - RaftServer{3}{role=FOLLOWER} - Received CommandRequest{session=2, sequence=82, operation=PrimitiveOperation{id=DefaultOperationId{id=write, type=COMMAND}, value=byte[]{length=17, hash=-1644578928}}}
22:47:45.590 [raft-server-2] TRACE i.a.protocols.raft.roles.LeaderRole - RaftServer{2}{role=LEADER} - Received CommandRequest{session=2, sequence=82, operation=PrimitiveOperation{id=DefaultOperationId{id=write, type=COMMAND}, value=byte[]{length=17, hash=-1644578928}}}
22:47:45.590 [raft-server-2] TRACE i.a.protocols.raft.roles.LeaderRole - RaftServer{2}{role=LEADER} - Appended Indexed{index=90, entry=CommandEntry{term=1, timestamp=2018-06-07 10:47:45,590, session=2, sequence=82, operation=PrimitiveOperation{id=DefaultOperationId{id=write, type=COMMAND}, value=byte[]{length=17, hash=-1644578928}}}}
22:47:45.590 [raft-server-2] TRACE i.a.p.raft.roles.LeaderAppender - RaftServer{2} - Sending AppendRequest{term=1, leader=2, prevLogIndex=89, prevLogTerm=1, entries=1, commitIndex=89} to 1
22:47:45.590 [raft-server-1] TRACE i.a.p.raft.roles.FollowerRole - RaftServer{1}{role=FOLLOWER} - Received AppendRequest{term=1, leader=2, prevLogIndex=89, prevLogTerm=1, entries=1, commitIndex=89}
22:47:45.590 [raft-server-2] TRACE i.a.p.raft.roles.LeaderAppender - RaftServer{2} - Sending AppendRequest{term=1, leader=2, prevLogIndex=89, prevLogTerm=1, entries=1, commitIndex=89} to 3
22:47:45.590 [raft-server-3] TRACE i.a.p.raft.roles.FollowerRole - RaftServer{3}{role=FOLLOWER} - Received AppendRequest{term=1, leader=2, prevLogIndex=89, prevLogTerm=1, entries=1, commitIndex=89}
22:47:45.590 [raft-server-1] TRACE i.a.p.raft.roles.FollowerRole - RaftServer{1}{role=FOLLOWER} - Appended Indexed{index=90, entry=CommandEntry{term=1, timestamp=2018-06-07 10:47:45,590, session=2, sequence=82, operation=PrimitiveOperation{id=DefaultOperationId{id=write, type=COMMAND}, value=byte[]{length=17, hash=-1644578928}}}}
22:47:45.591 [raft-server-3] TRACE i.a.p.raft.roles.FollowerRole - RaftServer{3}{role=FOLLOWER} - Appended Indexed{index=90, entry=CommandEntry{term=1, timestamp=2018-06-07 10:47:45,590, session=2, sequence=82, operation=PrimitiveOperation{id=DefaultOperationId{id=write, type=COMMAND}, value=byte[]{length=17, hash=-1644578928}}}}
22:47:45.632 [raft-server-1] TRACE i.a.p.raft.roles.FollowerRole - RaftServer{1}{role=FOLLOWER} - Committed entries up to index 89
22:47:45.632 [raft-server-3] TRACE i.a.p.raft.roles.FollowerRole - RaftServer{3}{role=FOLLOWER} - Committed entries up to index 89
22:47:45.632 [raft-server-1] TRACE i.a.p.raft.roles.FollowerRole - RaftServer{1}{role=FOLLOWER} - Sending AppendResponse{status=OK, term=1, succeeded=true, lastLogIndex=90}
22:47:45.632 [raft-server-3] TRACE i.a.p.raft.roles.FollowerRole - RaftServer{3}{role=FOLLOWER} - Sending AppendResponse{status=OK, term=1, succeeded=true, lastLogIndex=90}
22:47:45.632 [raft-server-2] TRACE i.a.p.raft.roles.LeaderAppender - RaftServer{2} - Received AppendResponse{status=OK, term=1, succeeded=true, lastLogIndex=90} from 1
22:47:45.632 [raft-server-2] TRACE i.a.p.raft.roles.LeaderAppender - RaftServer{2} - Committed entries up to 90
22:47:45.632 [raft-server-1-state] TRACE i.a.p.raft.impl.RaftServiceManager - RaftServer{1} - Applying Indexed{index=89, entry=CommandEntry{term=1, timestamp=2018-06-07 10:47:45,555, session=2, sequence=81, operation=PrimitiveOperation{id=DefaultOperationId{id=write, type=COMMAND}, value=byte[]{length=17, hash=-1644578928}}}}
22:47:45.632 [raft-server-3-state] TRACE i.a.p.raft.impl.RaftServiceManager - RaftServer{3} - Applying Indexed{index=89, entry=CommandEntry{term=1, timestamp=2018-06-07 10:47:45,555, session=2, sequence=81, operation=PrimitiveOperation{id=DefaultOperationId{id=write, type=COMMAND}, value=byte[]{length=17, hash=-1644578928}}}}
22:47:45.632 [raft-server-1-state] TRACE i.a.p.s.impl.DefaultServiceExecutor - PrimitiveService{2}{type=io.atomix.protocols.raft.RaftTest$TestPrimitiveType@43a95102, name=raft-test} - Executing DefaultCommit{index=89, session=RaftSession{RaftServiceContext{server=1, type=io.atomix.protocols.raft.RaftTest$TestPrimitiveType@43a95102, name=raft-test, id=2}, session=2, timestamp=2018-06-07 10:47:45,555}, time=2018-06-07 10:47:45,555, operation=DefaultOperationId{id=write, type=COMMAND}, value=byte[]{length=17, hash=-1644578928}}
22:47:45.632 [raft-server-3-state] TRACE i.a.p.s.impl.DefaultServiceExecutor - PrimitiveService{2}{type=io.atomix.protocols.raft.RaftTest$TestPrimitiveType@19970ea6, name=raft-test} - Executing DefaultCommit{index=89, session=RaftSession{RaftServiceContext{server=3, type=io.atomix.protocols.raft.RaftTest$TestPrimitiveType@19970ea6, name=raft-test, id=2}, session=2, timestamp=2018-06-07 10:47:45,555}, time=2018-06-07 10:47:45,555, operation=DefaultOperationId{id=write, type=COMMAND}, value=byte[]{length=17, hash=-1644578928}}
22:47:45.667 [raft-server-2] TRACE i.a.p.raft.roles.LeaderAppender - RaftServer{2} - Received AppendResponse{status=OK, term=1, succeeded=true, lastLogIndex=90} from 3
22:47:45.667 [raft-server-2-state] TRACE i.a.p.raft.impl.RaftServiceManager - RaftServer{2} - Applying Indexed{index=90, entry=CommandEntry{term=1, timestamp=2018-06-07 10:47:45,590, session=2, sequence=82, operation=PrimitiveOperation{id=DefaultOperationId{id=write, type=COMMAND}, value=byte[]{length=17, hash=-1644578928}}}}
22:47:45.667 [raft-server-2-state] TRACE i.a.p.s.impl.DefaultServiceExecutor - PrimitiveService{2}{type=io.atomix.protocols.raft.RaftTest$TestPrimitiveType@581a9c39, name=raft-test} - Executing DefaultCommit{index=90, session=RaftSession{RaftServiceContext{server=2, type=io.atomix.protocols.raft.RaftTest$TestPrimitiveType@581a9c39, name=raft-test, id=2}, session=2, timestamp=2018-06-07 10:47:45,590}, time=2018-06-07 10:47:45,590, operation=DefaultOperationId{id=write, type=COMMAND}, value=byte[]{length=17, hash=-1644578928}}
22:47:45.667 [raft-server-2-state] TRACE i.a.protocols.raft.roles.LeaderRole - RaftServer{2}{role=LEADER} - Sending CommandResponse{status=OK, index=90, eventIndex=2, result=byte[]{length=3, hash=36085}}
22:47:45.667 [raft-server-3] TRACE i.a.p.raft.roles.FollowerRole - RaftServer{3}{role=FOLLOWER} - Sending CommandResponse{status=OK, index=90, eventIndex=2, result=byte[]{length=3, hash=36085}}
22:47:45.667 [raft-client-431b802d-5b1a-4d37-8231-45cdad27d9ba-4] TRACE i.a.p.r.p.impl.RaftProxyConnection - PartitionProxy{2}{type=io.atomix.protocols.raft.RaftTest$TestPrimitiveType@35bfa1bb, name=raft-test} - Received CommandResponse{status=OK, index=90, eventIndex=2, result=byte[]{length=3, hash=36085}} from 3
22:47:45.667 [raft-client-431b802d-5b1a-4d37-8231-45cdad27d9ba-4] TRACE i.a.p.r.p.impl.RaftProxySequencer - PartitionProxy{2}{type=io.atomix.protocols.raft.RaftTest$TestPrimitiveType@35bfa1bb, name=raft-test} - Completing response CommandResponse{status=OK, index=90, eventIndex=2, result=byte[]{length=3, hash=36085}}
22:47:45.668 [raft-client-431b802d-5b1a-4d37-8231-45cdad27d9ba-4] TRACE i.a.p.r.p.impl.RaftProxyConnection - PartitionProxy{2}{type=io.atomix.protocols.raft.RaftTest$TestPrimitiveType@35bfa1bb, name=raft-test} - Sending CommandRequest{session=2, sequence=83, operation=PrimitiveOperation{id=DefaultOperationId{id=write, type=COMMAND}, value=byte[]{length=17, hash=-1644578928}}} to 3
22:47:45.668 [raft-server-3] TRACE i.a.p.raft.roles.FollowerRole - RaftServer{3}{role=FOLLOWER} - Received CommandRequest{session=2, sequence=83, operation=PrimitiveOperation{id=DefaultOperationId{id=write, type=COMMAND}, value=byte[]{length=17, hash=-1644578928}}}
22:47:45.668 [raft-server-2] TRACE i.a.protocols.raft.roles.LeaderRole - RaftServer{2}{role=LEADER} - Received CommandRequest{session=2, sequence=83, operation=PrimitiveOperation{id=DefaultOperationId{id=write, type=COMMAND}, value=byte[]{length=17, hash=-1644578928}}}
22:47:45.741 [raft-server-2] DEBUG i.a.storage.journal.SegmentedJournal - Created disk segment: JournalSegment{id=10, version=1, index=91, size=64}
22:47:45.742 [raft-server-2] TRACE i.a.protocols.raft.roles.LeaderRole - RaftServer{2}{role=LEADER} - Appended Indexed{index=91, entry=CommandEntry{term=1, timestamp=2018-06-07 10:47:45,668, session=2, sequence=83, operation=PrimitiveOperation{id=DefaultOperationId{id=write, type=COMMAND}, value=byte[]{length=17, hash=-1644578928}}}}
22:47:45.742 [raft-server-2] TRACE i.a.p.raft.roles.LeaderAppender - RaftServer{2} - Sending AppendRequest{term=1, leader=2, prevLogIndex=90, prevLogTerm=1, entries=1, commitIndex=90} to 1
22:47:45.742 [raft-server-1] TRACE i.a.p.raft.roles.FollowerRole - RaftServer{1}{role=FOLLOWER} - Received AppendRequest{term=1, leader=2, prevLogIndex=90, prevLogTerm=1, entries=1, commitIndex=90}
22:47:45.742 [raft-server-2] TRACE i.a.p.raft.roles.LeaderAppender - RaftServer{2} - Sending AppendRequest{term=1, leader=2, prevLogIndex=90, prevLogTerm=1, entries=1, commitIndex=90} to 3
22:47:45.743 [raft-server-3] TRACE i.a.p.raft.roles.FollowerRole - RaftServer{3}{role=FOLLOWER} - Received AppendRequest{term=1, leader=2, prevLogIndex=90, prevLogTerm=1, entries=1, commitIndex=90}
22:47:45.847 [raft-server-1] DEBUG i.a.storage.journal.SegmentedJournal - Created disk segment: JournalSegment{id=10, version=1, index=91, size=64}
22:47:45.847 [raft-server-3] DEBUG i.a.storage.journal.SegmentedJournal - Created disk segment: JournalSegment{id=10, version=1, index=91, size=64}
22:47:45.847 [raft-server-1] TRACE i.a.p.raft.roles.FollowerRole - RaftServer{1}{role=FOLLOWER} - Appended Indexed{index=91, entry=CommandEntry{term=1, timestamp=2018-06-07 10:47:45,668, session=2, sequence=83, operation=PrimitiveOperation{id=DefaultOperationId{id=write, type=COMMAND}, value=byte[]{length=17, hash=-1644578928}}}}
22:47:45.847 [raft-server-3] TRACE i.a.p.raft.roles.FollowerRole - RaftServer{3}{role=FOLLOWER} - Appended Indexed{index=91, entry=CommandEntry{term=1, timestamp=2018-06-07 10:47:45,668, session=2, sequence=83, operation=PrimitiveOperation{id=DefaultOperationId{id=write, type=COMMAND}, value=byte[]{length=17, hash=-1644578928}}}}
22:47:45.914 [raft-server-1] TRACE i.a.p.raft.roles.FollowerRole - RaftServer{1}{role=FOLLOWER} - Committed entries up to index 90
22:47:45.914 [raft-server-3] TRACE i.a.p.raft.roles.FollowerRole - RaftServer{3}{role=FOLLOWER} - Committed entries up to index 90
22:47:45.914 [raft-server-1] TRACE i.a.p.raft.roles.FollowerRole - RaftServer{1}{role=FOLLOWER} - Sending AppendResponse{status=OK, term=1, succeeded=true, lastLogIndex=91}
22:47:45.914 [raft-server-3] TRACE i.a.p.raft.roles.FollowerRole - RaftServer{3}{role=FOLLOWER} - Sending AppendResponse{status=OK, term=1, succeeded=true, lastLogIndex=91}
22:47:45.914 [raft-server-2] TRACE i.a.p.raft.roles.LeaderAppender - RaftServer{2} - Received AppendResponse{status=OK, term=1, succeeded=true, lastLogIndex=91} from 1
22:47:45.914 [raft-server-2] TRACE i.a.p.raft.roles.LeaderAppender - RaftServer{2} - Committed entries up to 91
22:47:45.914 [raft-server-1-state] TRACE i.a.p.raft.impl.RaftServiceManager - RaftServer{1} - Applying Indexed{index=90, entry=CommandEntry{term=1, timestamp=2018-06-07 10:47:45,590, session=2, sequence=82, operation=PrimitiveOperation{id=DefaultOperationId{id=write, type=COMMAND}, value=byte[]{length=17, hash=-1644578928}}}}
22:47:45.914 [raft-server-3-state] TRACE i.a.p.raft.impl.RaftServiceManager - RaftServer{3} - Applying Indexed{index=90, entry=CommandEntry{term=1, timestamp=2018-06-07 10:47:45,590, session=2, sequence=82, operation=PrimitiveOperation{id=DefaultOperationId{id=write, type=COMMAND}, value=byte[]{length=17, hash=-1644578928}}}}
22:47:45.914 [raft-server-1-state] TRACE i.a.p.s.impl.DefaultServiceExecutor - PrimitiveService{2}{type=io.atomix.protocols.raft.RaftTest$TestPrimitiveType@43a95102, name=raft-test} - Executing DefaultCommit{index=90, session=RaftSession{RaftServiceContext{server=1, type=io.atomix.protocols.raft.RaftTest$TestPrimitiveType@43a95102, name=raft-test, id=2}, session=2, timestamp=2018-06-07 10:47:45,590}, time=2018-06-07 10:47:45,590, operation=DefaultOperationId{id=write, type=COMMAND}, value=byte[]{length=17, hash=-1644578928}}
22:47:45.914 [raft-server-3-state] TRACE i.a.p.s.impl.DefaultServiceExecutor - PrimitiveService{2}{type=io.atomix.protocols.raft.RaftTest$TestPrimitiveType@19970ea6, name=raft-test} - Executing DefaultCommit{index=90, session=RaftSession{RaftServiceContext{server=3, type=io.atomix.protocols.raft.RaftTest$TestPrimitiveType@19970ea6, name=raft-test, id=2}, session=2, timestamp=2018-06-07 10:47:45,590}, time=2018-06-07 10:47:45,590, operation=DefaultOperationId{id=write, type=COMMAND}, value=byte[]{length=17, hash=-1644578928}}
22:47:45.922 [raft-client-431b802d-5b1a-4d37-8231-45cdad27d9ba-5] TRACE i.a.p.r.proxy.impl.RaftProxyManager - RaftClient{431b802d-5b1a-4d37-8231-45cdad27d9ba} - Keeping 1 sessions alive
22:47:45.922 [raft-client-431b802d-5b1a-4d37-8231-45cdad27d9ba-5] TRACE i.a.p.r.p.impl.RaftProxyConnection - RaftClient{431b802d-5b1a-4d37-8231-45cdad27d9ba} - Sending KeepAliveRequest{sessionIds=long[]{length=1, hash=33}, commandSequences=long[]{length=1, hash=113}, eventIndexes=long[]{length=1, hash=33}} to 3
22:47:45.922 [raft-server-3] TRACE i.a.p.raft.roles.FollowerRole - RaftServer{3}{role=FOLLOWER} - Received KeepAliveRequest{sessionIds=long[]{length=1, hash=33}, commandSequences=long[]{length=1, hash=113}, eventIndexes=long[]{length=1, hash=33}}
22:47:45.980 [raft-server-2] TRACE i.a.p.raft.roles.LeaderAppender - RaftServer{2} - Sending AppendRequest{term=1, leader=2, prevLogIndex=91, prevLogTerm=1, entries=0, commitIndex=91} to 1
22:47:45.981 [raft-server-1] TRACE i.a.p.raft.roles.FollowerRole - RaftServer{1}{role=FOLLOWER} - Received AppendRequest{term=1, leader=2, prevLogIndex=91, prevLogTerm=1, entries=0, commitIndex=91}
22:47:45.981 [raft-server-2] TRACE i.a.p.raft.roles.LeaderAppender - RaftServer{2} - Received AppendResponse{status=OK, term=1, succeeded=true, lastLogIndex=91} from 3
22:47:45.981 [raft-server-2] TRACE i.a.p.raft.roles.LeaderAppender - RaftServer{2} - Sending AppendRequest{term=1, leader=2, prevLogIndex=91, prevLogTerm=1, entries=0, commitIndex=91} to 3
22:47:45.981 [raft-server-3] TRACE i.a.p.raft.roles.FollowerRole - RaftServer{3}{role=FOLLOWER} - Received AppendRequest{term=1, leader=2, prevLogIndex=91, prevLogTerm=1, entries=0, commitIndex=91}
22:47:45.981 [raft-server-2] TRACE i.a.protocols.raft.roles.LeaderRole - RaftServer{2}{role=LEADER} - Received KeepAliveRequest{sessionIds=long[]{length=1, hash=33}, commandSequences=long[]{length=1, hash=113}, eventIndexes=long[]{length=1, hash=33}}
22:47:45.981 [raft-server-2] TRACE i.a.protocols.raft.roles.LeaderRole - RaftServer{2}{role=LEADER} - Appended Indexed{index=92, entry=KeepAliveEntry{term=1, timestamp=2018-06-07 10:47:45,981, sessionIds=long[]{length=1, hash=33}, commandSequences=long[]{length=1, hash=113}, eventIndexes=long[]{length=1, hash=33}}}
22:47:45.981 [raft-server-2-state] TRACE i.a.p.raft.impl.RaftServiceManager - RaftServer{2} - Applying Indexed{index=91, entry=CommandEntry{term=1, timestamp=2018-06-07 10:47:45,668, session=2, sequence=83, operation=PrimitiveOperation{id=DefaultOperationId{id=write, type=COMMAND}, value=byte[]{length=17, hash=-1644578928}}}}
22:47:45.981 [raft-server-2-state] TRACE i.a.p.s.impl.DefaultServiceExecutor - PrimitiveService{2}{type=io.atomix.protocols.raft.RaftTest$TestPrimitiveType@581a9c39, name=raft-test} - Executing DefaultCommit{index=91, session=RaftSession{RaftServiceContext{server=2, type=io.atomix.protocols.raft.RaftTest$TestPrimitiveType@581a9c39, name=raft-test, id=2}, session=2, timestamp=2018-06-07 10:47:45,668}, time=2018-06-07 10:47:45,668, operation=DefaultOperationId{id=write, type=COMMAND}, value=byte[]{length=17, hash=-1644578928}}
22:47:45.982 [raft-server-2-state] TRACE i.a.protocols.raft.roles.LeaderRole - RaftServer{2}{role=LEADER} - Sending CommandResponse{status=OK, index=91, eventIndex=2, result=byte[]{length=3, hash=36147}}
22:47:46.080 [raft-server-1] TRACE i.a.p.raft.roles.FollowerRole - RaftServer{1}{role=FOLLOWER} - Committed entries up to index 91
22:47:46.081 [raft-server-1] TRACE i.a.p.raft.roles.FollowerRole - RaftServer{1}{role=FOLLOWER} - Sending AppendResponse{status=OK, term=1, succeeded=true, lastLogIndex=91}
22:47:46.081 [raft-server-2] TRACE i.a.p.raft.roles.LeaderAppender - RaftServer{2} - Received AppendResponse{status=OK, term=1, succeeded=true, lastLogIndex=91} from 1
22:47:46.081 [raft-server-2] TRACE i.a.p.raft.roles.LeaderAppender - RaftServer{2} - Sending AppendRequest{term=1, leader=2, prevLogIndex=91, prevLogTerm=1, entries=1, commitIndex=91} to 1
22:47:46.081 [raft-server-2] TRACE i.a.p.raft.roles.LeaderAppender - RaftServer{2} - Sending AppendRequest{term=1, leader=2, prevLogIndex=91, prevLogTerm=1, entries=1, commitIndex=91} to 3
22:47:46.081 [raft-server-1-state] TRACE i.a.p.raft.impl.RaftServiceManager - RaftServer{1} - Applying Indexed{index=91, entry=CommandEntry{term=1, timestamp=2018-06-07 10:47:45,668, session=2, sequence=83, operation=PrimitiveOperation{id=DefaultOperationId{id=write, type=COMMAND}, value=byte[]{length=17, hash=-1644578928}}}}
22:47:46.081 [raft-server-1] TRACE i.a.p.raft.roles.FollowerRole - RaftServer{1}{role=FOLLOWER} - Received AppendRequest{term=1, leader=2, prevLogIndex=91, prevLogTerm=1, entries=1, commitIndex=91}
22:47:46.081 [raft-server-1-state] TRACE i.a.p.s.impl.DefaultServiceExecutor - PrimitiveService{2}{type=io.atomix.protocols.raft.RaftTest$TestPrimitiveType@43a95102, name=raft-test} - Executing DefaultCommit{index=91, session=RaftSession{RaftServiceContext{server=1, type=io.atomix.protocols.raft.RaftTest$TestPrimitiveType@43a95102, name=raft-test, id=2}, session=2, timestamp=2018-06-07 10:47:45,668}, time=2018-06-07 10:47:45,668, operation=DefaultOperationId{id=write, type=COMMAND}, value=byte[]{length=17, hash=-1644578928}}
22:47:46.081 [raft-server-1] TRACE i.a.p.raft.roles.FollowerRole - RaftServer{1}{role=FOLLOWER} - Appended Indexed{index=92, entry=KeepAliveEntry{term=1, timestamp=2018-06-07 10:47:45,981, sessionIds=long[]{length=1, hash=33}, commandSequences=long[]{length=1, hash=113}, eventIndexes=long[]{length=1, hash=33}}}
22:47:46.081 [raft-server-1] TRACE i.a.p.raft.roles.FollowerRole - RaftServer{1}{role=FOLLOWER} - Sending AppendResponse{status=OK, term=1, succeeded=true, lastLogIndex=92}
22:47:46.081 [raft-server-2] TRACE i.a.p.raft.roles.LeaderAppender - RaftServer{2} - Received AppendResponse{status=OK, term=1, succeeded=true, lastLogIndex=92} from 1
22:47:46.081 [raft-server-2] TRACE i.a.p.raft.roles.LeaderAppender - RaftServer{2} - Committed entries up to 92
22:47:46.183 [raft-server-3] TRACE i.a.p.raft.roles.FollowerRole - RaftServer{3}{role=FOLLOWER} - Committed entries up to index 91
22:47:46.183 [raft-server-3] TRACE i.a.p.raft.roles.FollowerRole - RaftServer{3}{role=FOLLOWER} - Sending AppendResponse{status=OK, term=1, succeeded=true, lastLogIndex=91}
22:47:46.183 [raft-server-3] TRACE i.a.p.raft.roles.FollowerRole - RaftServer{3}{role=FOLLOWER} - Sending CommandResponse{status=OK, index=91, eventIndex=2, result=byte[]{length=3, hash=36147}}
22:47:46.183 [raft-server-3] TRACE i.a.p.raft.roles.FollowerRole - RaftServer{3}{role=FOLLOWER} - Received AppendRequest{term=1, leader=2, prevLogIndex=91, prevLogTerm=1, entries=1, commitIndex=91}
22:47:46.183 [raft-client-431b802d-5b1a-4d37-8231-45cdad27d9ba-7] TRACE i.a.p.r.p.impl.RaftProxyConnection - PartitionProxy{2}{type=io.atomix.protocols.raft.RaftTest$TestPrimitiveType@35bfa1bb, name=raft-test} - Received CommandResponse{status=OK, index=91, eventIndex=2, result=byte[]{length=3, hash=36147}} from 3
22:47:46.184 [raft-client-431b802d-5b1a-4d37-8231-45cdad27d9ba-7] TRACE i.a.p.r.p.impl.RaftProxySequencer - PartitionProxy{2}{type=io.atomix.protocols.raft.RaftTest$TestPrimitiveType@35bfa1bb, name=raft-test} - Completing response CommandResponse{status=OK, index=91, eventIndex=2, result=byte[]{length=3, hash=36147}}
22:47:46.184 [raft-server-3] TRACE i.a.p.raft.roles.FollowerRole - RaftServer{3}{role=FOLLOWER} - Appended Indexed{index=92, entry=KeepAliveEntry{term=1, timestamp=2018-06-07 10:47:45,981, sessionIds=long[]{length=1, hash=33}, commandSequences=long[]{length=1, hash=113}, eventIndexes=long[]{length=1, hash=33}}}
22:47:46.184 [raft-server-3] TRACE i.a.p.raft.roles.FollowerRole - RaftServer{3}{role=FOLLOWER} - Sending AppendResponse{status=OK, term=1, succeeded=true, lastLogIndex=92}
22:47:46.184 [raft-server-3-state] TRACE i.a.p.raft.impl.RaftServiceManager - RaftServer{3} - Applying Indexed{index=91, entry=CommandEntry{term=1, timestamp=2018-06-07 10:47:45,668, session=2, sequence=83, operation=PrimitiveOperation{id=DefaultOperationId{id=write, type=COMMAND}, value=byte[]{length=17, hash=-1644578928}}}}
22:47:46.184 [raft-client-431b802d-5b1a-4d37-8231-45cdad27d9ba-1] TRACE i.a.p.r.p.impl.RaftProxyConnection - PartitionProxy{2}{type=io.atomix.protocols.raft.RaftTest$TestPrimitiveType@35bfa1bb, name=raft-test} - Sending CommandRequest{session=2, sequence=84, operation=PrimitiveOperation{id=DefaultOperationId{id=write, type=COMMAND}, value=byte[]{length=17, hash=-1644578928}}} to 3
22:47:46.184 [raft-server-3-state] TRACE i.a.p.s.impl.DefaultServiceExecutor - PrimitiveService{2}{type=io.atomix.protocols.raft.RaftTest$TestPrimitiveType@19970ea6, name=raft-test} - Executing DefaultCommit{index=91, session=RaftSession{RaftServiceContext{server=3, type=io.atomix.protocols.raft.RaftTest$TestPrimitiveType@19970ea6, name=raft-test, id=2}, session=2, timestamp=2018-06-07 10:47:45,668}, time=2018-06-07 10:47:45,668, operation=DefaultOperationId{id=write, type=COMMAND}, value=byte[]{length=17, hash=-1644578928}}
22:47:46.184 [raft-server-3] TRACE i.a.p.raft.roles.FollowerRole - RaftServer{3}{role=FOLLOWER} - Received CommandRequest{session=2, sequence=84, operation=PrimitiveOperation{id=DefaultOperationId{id=write, type=COMMAND}, value=byte[]{length=17, hash=-1644578928}}}
22:47:46.250 [raft-server-2] TRACE i.a.p.raft.roles.LeaderAppender - RaftServer{2} - Received AppendResponse{status=OK, term=1, succeeded=true, lastLogIndex=91} from 3
22:47:46.250 [raft-server-2] TRACE i.a.p.raft.roles.LeaderAppender - RaftServer{2} - Received AppendResponse{status=OK, term=1, succeeded=true, lastLogIndex=92} from 3
22:47:46.250 [raft-server-2] TRACE i.a.protocols.raft.roles.LeaderRole - RaftServer{2}{role=LEADER} - Received CommandRequest{session=2, sequence=84, operation=PrimitiveOperation{id=DefaultOperationId{id=write, type=COMMAND}, value=byte[]{length=17, hash=-1644578928}}}
22:47:46.250 [raft-server-2] TRACE i.a.protocols.raft.roles.LeaderRole - RaftServer{2}{role=LEADER} - Appended Indexed{index=93, entry=CommandEntry{term=1, timestamp=2018-06-07 10:47:46,250, session=2, sequence=84, operation=PrimitiveOperation{id=DefaultOperationId{id=write, type=COMMAND}, value=byte[]{length=17, hash=-1644578928}}}}
22:47:46.250 [raft-server-2] TRACE i.a.p.raft.roles.LeaderAppender - RaftServer{2} - Sending AppendRequest{term=1, leader=2, prevLogIndex=92, prevLogTerm=1, entries=1, commitIndex=92} to 1
22:47:46.251 [raft-server-1] TRACE i.a.p.raft.roles.FollowerRole - RaftServer{1}{role=FOLLOWER} - Received AppendRequest{term=1, leader=2, prevLogIndex=92, prevLogTerm=1, entries=1, commitIndex=92}
22:47:46.251 [raft-server-2] TRACE i.a.p.raft.roles.LeaderAppender - RaftServer{2} - Sending AppendRequest{term=1, leader=2, prevLogIndex=92, prevLogTerm=1, entries=1, commitIndex=92} to 3
22:47:46.251 [raft-server-3] TRACE i.a.p.raft.roles.FollowerRole - RaftServer{3}{role=FOLLOWER} - Received AppendRequest{term=1, leader=2, prevLogIndex=92, prevLogTerm=1, entries=1, commitIndex=92}
22:47:46.251 [raft-server-1] TRACE i.a.p.raft.roles.FollowerRole - RaftServer{1}{role=FOLLOWER} - Appended Indexed{index=93, entry=CommandEntry{term=1, timestamp=2018-06-07 10:47:46,250, session=2, sequence=84, operation=PrimitiveOperation{id=DefaultOperationId{id=write, type=COMMAND}, value=byte[]{length=17, hash=-1644578928}}}}
22:47:46.251 [raft-server-2-state] TRACE i.a.p.raft.impl.RaftServiceManager - RaftServer{2} - Applying Indexed{index=92, entry=KeepAliveEntry{term=1, timestamp=2018-06-07 10:47:45,981, sessionIds=long[]{length=1, hash=33}, commandSequences=long[]{length=1, hash=113}, eventIndexes=long[]{length=1, hash=33}}}
22:47:46.251 [raft-server-3] TRACE i.a.p.raft.roles.FollowerRole - RaftServer{3}{role=FOLLOWER} - Appended Indexed{index=93, entry=CommandEntry{term=1, timestamp=2018-06-07 10:47:46,250, session=2, sequence=84, operation=PrimitiveOperation{id=DefaultOperationId{id=write, type=COMMAND}, value=byte[]{length=17, hash=-1644578928}}}}
22:47:46.251 [raft-server-2] TRACE i.a.protocols.raft.roles.LeaderRole - RaftServer{2}{role=LEADER} - Sending KeepAliveResponse{status=OK, leader=2, members=[1, 2, 3], sessionIds=long[]{length=1, hash=33}}
22:47:46.345 [raft-server-1] TRACE i.a.p.raft.roles.FollowerRole - RaftServer{1}{role=FOLLOWER} - Committed entries up to index 92
22:47:46.345 [raft-server-3] TRACE i.a.p.raft.roles.FollowerRole - RaftServer{3}{role=FOLLOWER} - Committed entries up to index 92
22:47:46.345 [raft-server-1] TRACE i.a.p.raft.roles.FollowerRole - RaftServer{1}{role=FOLLOWER} - Sending AppendResponse{status=OK, term=1, succeeded=true, lastLogIndex=93}
22:47:46.345 [raft-server-3] TRACE i.a.p.raft.roles.FollowerRole - RaftServer{3}{role=FOLLOWER} - Sending AppendResponse{status=OK, term=1, succeeded=true, lastLogIndex=93}
22:47:46.345 [raft-server-2] TRACE i.a.p.raft.roles.LeaderAppender - RaftServer{2} - Received AppendResponse{status=OK, term=1, succeeded=true, lastLogIndex=93} from 1
22:47:46.345 [raft-server-3] TRACE i.a.p.raft.roles.FollowerRole - RaftServer{3}{role=FOLLOWER} - Sending KeepAliveResponse{status=OK, leader=2, members=[1, 2, 3], sessionIds=long[]{length=1, hash=33}}
22:47:46.345 [raft-server-1-state] TRACE i.a.p.raft.impl.RaftServiceManager - RaftServer{1} - Applying Indexed{index=92, entry=KeepAliveEntry{term=1, timestamp=2018-06-07 10:47:45,981, sessionIds=long[]{length=1, hash=33}, commandSequences=long[]{length=1, hash=113}, eventIndexes=long[]{length=1, hash=33}}}
22:47:46.345 [raft-server-2] TRACE i.a.p.raft.roles.LeaderAppender - RaftServer{2} - Committed entries up to 93
22:47:46.345 [raft-client-431b802d-5b1a-4d37-8231-45cdad27d9ba-3] TRACE i.a.p.r.p.impl.RaftProxyConnection - RaftClient{431b802d-5b1a-4d37-8231-45cdad27d9ba} - Received KeepAliveResponse{status=OK, leader=2, members=[1, 2, 3], sessionIds=long[]{length=1, hash=33}} from 3
22:47:46.345 [raft-server-3-state] TRACE i.a.p.raft.impl.RaftServiceManager - RaftServer{3} - Applying Indexed{index=92, entry=KeepAliveEntry{term=1, timestamp=2018-06-07 10:47:45,981, sessionIds=long[]{length=1, hash=33}, commandSequences=long[]{length=1, hash=113}, eventIndexes=long[]{length=1, hash=33}}}
22:47:46.469 [raft-server-2] TRACE i.a.p.raft.roles.LeaderAppender - RaftServer{2} - Sending AppendRequest{term=1, leader=2, prevLogIndex=93, prevLogTerm=1, entries=0, commitIndex=93} to 1
22:47:46.469 [raft-server-1] TRACE i.a.p.raft.roles.FollowerRole - RaftServer{1}{role=FOLLOWER} - Received AppendRequest{term=1, leader=2, prevLogIndex=93, prevLogTerm=1, entries=0, commitIndex=93}
22:47:46.469 [raft-server-2] TRACE i.a.p.raft.roles.LeaderAppender - RaftServer{2} - Received AppendResponse{status=OK, term=1, succeeded=true, lastLogIndex=93} from 3
22:47:46.469 [raft-server-1] TRACE i.a.p.raft.roles.FollowerRole - RaftServer{1}{role=FOLLOWER} - Committed entries up to index 93
22:47:46.469 [raft-server-1] TRACE i.a.p.raft.roles.FollowerRole - RaftServer{1}{role=FOLLOWER} - Sending AppendResponse{status=OK, term=1, succeeded=true, lastLogIndex=93}
22:47:46.469 [raft-server-2] TRACE i.a.p.raft.roles.LeaderAppender - RaftServer{2} - Received AppendResponse{status=OK, term=1, succeeded=true, lastLogIndex=93} from 1
22:47:46.469 [raft-server-2-state] TRACE i.a.p.raft.impl.RaftServiceManager - RaftServer{2} - Applying Indexed{index=93, entry=CommandEntry{term=1, timestamp=2018-06-07 10:47:46,250, session=2, sequence=84, operation=PrimitiveOperation{id=DefaultOperationId{id=write, type=COMMAND}, value=byte[]{length=17, hash=-1644578928}}}}
22:47:46.469 [raft-server-1-state] TRACE i.a.p.raft.impl.RaftServiceManager - RaftServer{1} - Applying Indexed{index=93, entry=CommandEntry{term=1, timestamp=2018-06-07 10:47:46,250, session=2, sequence=84, operation=PrimitiveOperation{id=DefaultOperationId{id=write, type=COMMAND}, value=byte[]{length=17, hash=-1644578928}}}}
22:47:46.470 [raft-server-2-state] TRACE i.a.p.s.impl.DefaultServiceExecutor - PrimitiveService{2}{type=io.atomix.protocols.raft.RaftTest$TestPrimitiveType@581a9c39, name=raft-test} - Executing DefaultCommit{index=93, session=RaftSession{RaftServiceContext{server=2, type=io.atomix.protocols.raft.RaftTest$TestPrimitiveType@581a9c39, name=raft-test, id=2}, session=2, timestamp=2018-06-07 10:47:46,250}, time=2018-06-07 10:47:46,250, operation=DefaultOperationId{id=write, type=COMMAND}, value=byte[]{length=17, hash=-1644578928}}
22:47:46.470 [raft-server-1-state] TRACE i.a.p.s.impl.DefaultServiceExecutor - PrimitiveService{2}{type=io.atomix.protocols.raft.RaftTest$TestPrimitiveType@43a95102, name=raft-test} - Executing DefaultCommit{index=93, session=RaftSession{RaftServiceContext{server=1, type=io.atomix.protocols.raft.RaftTest$TestPrimitiveType@43a95102, name=raft-test, id=2}, session=2, timestamp=2018-06-07 10:47:46,250}, time=2018-06-07 10:47:46,250, operation=DefaultOperationId{id=write, type=COMMAND}, value=byte[]{length=17, hash=-1644578928}}
22:47:46.470 [raft-server-2-state] TRACE i.a.protocols.raft.roles.LeaderRole - RaftServer{2}{role=LEADER} - Sending CommandResponse{status=OK, index=93, eventIndex=2, result=byte[]{length=3, hash=36271}}
22:47:46.470 [raft-server-3] TRACE i.a.p.raft.roles.FollowerRole - RaftServer{3}{role=FOLLOWER} - Sending CommandResponse{status=OK, index=93, eventIndex=2, result=byte[]{length=3, hash=36271}}
22:47:46.470 [raft-client-431b802d-5b1a-4d37-8231-45cdad27d9ba-2] TRACE i.a.p.r.p.impl.RaftProxyConnection - PartitionProxy{2}{type=io.atomix.protocols.raft.RaftTest$TestPrimitiveType@35bfa1bb, name=raft-test} - Received CommandResponse{status=OK, index=93, eventIndex=2, result=byte[]{length=3, hash=36271}} from 3
22:47:46.470 [raft-client-431b802d-5b1a-4d37-8231-45cdad27d9ba-2] TRACE i.a.p.r.p.impl.RaftProxySequencer - PartitionProxy{2}{type=io.atomix.protocols.raft.RaftTest$TestPrimitiveType@35bfa1bb, name=raft-test} - Completing response CommandResponse{status=OK, index=93, eventIndex=2, result=byte[]{length=3, hash=36271}}
22:47:46.470 [raft-client-431b802d-5b1a-4d37-8231-45cdad27d9ba-7] TRACE i.a.p.r.p.impl.RaftProxyConnection - PartitionProxy{2}{type=io.atomix.protocols.raft.RaftTest$TestPrimitiveType@35bfa1bb, name=raft-test} - Sending CommandRequest{session=2, sequence=85, operation=PrimitiveOperation{id=DefaultOperationId{id=write, type=COMMAND}, value=byte[]{length=17, hash=-1644578928}}} to 3
22:47:46.470 [raft-server-3] TRACE i.a.p.raft.roles.FollowerRole - RaftServer{3}{role=FOLLOWER} - Received CommandRequest{session=2, sequence=85, operation=PrimitiveOperation{id=DefaultOperationId{id=write, type=COMMAND}, value=byte[]{length=17, hash=-1644578928}}}
22:47:46.471 [raft-server-2] TRACE i.a.protocols.raft.roles.LeaderRole - RaftServer{2}{role=LEADER} - Received CommandRequest{session=2, sequence=85, operation=PrimitiveOperation{id=DefaultOperationId{id=write, type=COMMAND}, value=byte[]{length=17, hash=-1644578928}}}
22:47:46.471 [raft-server-2] TRACE i.a.protocols.raft.roles.LeaderRole - RaftServer{2}{role=LEADER} - Appended Indexed{index=94, entry=CommandEntry{term=1, timestamp=2018-06-07 10:47:46,471, session=2, sequence=85, operation=PrimitiveOperation{id=DefaultOperationId{id=write, type=COMMAND}, value=byte[]{length=17, hash=-1644578928}}}}
22:47:46.471 [raft-server-2] TRACE i.a.p.raft.roles.LeaderAppender - RaftServer{2} - Sending AppendRequest{term=1, leader=2, prevLogIndex=93, prevLogTerm=1, entries=1, commitIndex=93} to 1
22:47:46.471 [raft-server-2] TRACE i.a.p.raft.roles.LeaderAppender - RaftServer{2} - Sending AppendRequest{term=1, leader=2, prevLogIndex=93, prevLogTerm=1, entries=1, commitIndex=93} to 3
22:47:46.471 [raft-server-1] TRACE i.a.p.raft.roles.FollowerRole - RaftServer{1}{role=FOLLOWER} - Received AppendRequest{term=1, leader=2, prevLogIndex=93, prevLogTerm=1, entries=1, commitIndex=93}
22:47:46.471 [raft-server-3] TRACE i.a.p.raft.roles.FollowerRole - RaftServer{3}{role=FOLLOWER} - Received AppendRequest{term=1, leader=2, prevLogIndex=93, prevLogTerm=1, entries=1, commitIndex=93}
22:47:46.471 [raft-server-1] TRACE i.a.p.raft.roles.FollowerRole - RaftServer{1}{role=FOLLOWER} - Appended Indexed{index=94, entry=CommandEntry{term=1, timestamp=2018-06-07 10:47:46,471, session=2, sequence=85, operation=PrimitiveOperation{id=DefaultOperationId{id=write, type=COMMAND}, value=byte[]{length=17, hash=-1644578928}}}}
22:47:46.471 [raft-server-1] TRACE i.a.p.raft.roles.FollowerRole - RaftServer{1}{role=FOLLOWER} - Sending AppendResponse{status=OK, term=1, succeeded=true, lastLogIndex=94}
22:47:46.471 [raft-server-3] TRACE i.a.p.raft.roles.FollowerRole - RaftServer{3}{role=FOLLOWER} - Appended Indexed{index=94, entry=CommandEntry{term=1, timestamp=2018-06-07 10:47:46,471, session=2, sequence=85, operation=PrimitiveOperation{id=DefaultOperationId{id=write, type=COMMAND}, value=byte[]{length=17, hash=-1644578928}}}}
22:47:46.471 [raft-server-2] TRACE i.a.p.raft.roles.LeaderAppender - RaftServer{2} - Received AppendResponse{status=OK, term=1, succeeded=true, lastLogIndex=94} from 1
22:47:46.472 [raft-server-2] TRACE i.a.p.raft.roles.LeaderAppender - RaftServer{2} - Committed entries up to 94
22:47:46.566 [raft-server-3] TRACE i.a.p.raft.roles.FollowerRole - RaftServer{3}{role=FOLLOWER} - Committed entries up to index 93
22:47:46.566 [raft-server-3] TRACE i.a.p.raft.roles.FollowerRole - RaftServer{3}{role=FOLLOWER} - Sending AppendResponse{status=OK, term=1, succeeded=true, lastLogIndex=94}
22:47:46.566 [raft-server-2] TRACE i.a.p.raft.roles.LeaderAppender - RaftServer{2} - Sending AppendRequest{term=1, leader=2, prevLogIndex=94, prevLogTerm=1, entries=0, commitIndex=94} to 1
22:47:46.567 [raft-server-1] TRACE i.a.p.raft.roles.FollowerRole - RaftServer{1}{role=FOLLOWER} - Received AppendRequest{term=1, leader=2, prevLogIndex=94, prevLogTerm=1, entries=0, commitIndex=94}
22:47:46.567 [raft-server-2] TRACE i.a.p.raft.roles.LeaderAppender - RaftServer{2} - Received AppendResponse{status=OK, term=1, succeeded=true, lastLogIndex=94} from 3
22:47:46.567 [raft-server-3-state] TRACE i.a.p.raft.impl.RaftServiceManager - RaftServer{3} - Applying Indexed{index=93, entry=CommandEntry{term=1, timestamp=2018-06-07 10:47:46,250, session=2, sequence=84, operation=PrimitiveOperation{id=DefaultOperationId{id=write, type=COMMAND}, value=byte[]{length=17, hash=-1644578928}}}}
22:47:46.567 [raft-server-2-state] TRACE i.a.p.raft.impl.RaftServiceManager - RaftServer{2} - Applying Indexed{index=94, entry=CommandEntry{term=1, timestamp=2018-06-07 10:47:46,471, session=2, sequence=85, operation=PrimitiveOperation{id=DefaultOperationId{id=write, type=COMMAND}, value=byte[]{length=17, hash=-1644578928}}}}
22:47:46.567 [raft-server-2] TRACE i.a.p.raft.roles.LeaderAppender - RaftServer{2} - Sending AppendRequest{term=1, leader=2, prevLogIndex=94, prevLogTerm=1, entries=0, commitIndex=94} to 3
22:47:46.567 [raft-server-3-state] TRACE i.a.p.s.impl.DefaultServiceExecutor - PrimitiveService{2}{type=io.atomix.protocols.raft.RaftTest$TestPrimitiveType@19970ea6, name=raft-test} - Executing DefaultCommit{index=93, session=RaftSession{RaftServiceContext{server=3, type=io.atomix.protocols.raft.RaftTest$TestPrimitiveType@19970ea6, name=raft-test, id=2}, session=2, timestamp=2018-06-07 10:47:46,250}, time=2018-06-07 10:47:46,250, operation=DefaultOperationId{id=write, type=COMMAND}, value=byte[]{length=17, hash=-1644578928}}
22:47:46.567 [raft-server-2-state] TRACE i.a.p.s.impl.DefaultServiceExecutor - PrimitiveService{2}{type=io.atomix.protocols.raft.RaftTest$TestPrimitiveType@581a9c39, name=raft-test} - Executing DefaultCommit{index=94, session=RaftSession{RaftServiceContext{server=2, type=io.atomix.protocols.raft.RaftTest$TestPrimitiveType@581a9c39, name=raft-test, id=2}, session=2, timestamp=2018-06-07 10:47:46,471}, time=2018-06-07 10:47:46,471, operation=DefaultOperationId{id=write, type=COMMAND}, value=byte[]{length=17, hash=-1644578928}}
22:47:46.567 [raft-server-3] TRACE i.a.p.raft.roles.FollowerRole - RaftServer{3}{role=FOLLOWER} - Received AppendRequest{term=1, leader=2, prevLogIndex=94, prevLogTerm=1, entries=0, commitIndex=94}
22:47:46.567 [raft-server-2-state] TRACE i.a.protocols.raft.roles.LeaderRole - RaftServer{2}{role=LEADER} - Sending CommandResponse{status=OK, index=94, eventIndex=2, result=byte[]{length=3, hash=36333}}
22:47:46.633 [raft-server-1] TRACE i.a.p.raft.roles.FollowerRole - RaftServer{1}{role=FOLLOWER} - Committed entries up to index 94
22:47:46.633 [raft-server-1] TRACE i.a.p.raft.roles.FollowerRole - RaftServer{1}{role=FOLLOWER} - Sending AppendResponse{status=OK, term=1, succeeded=true, lastLogIndex=94}
22:47:46.633 [raft-server-2] TRACE i.a.p.raft.roles.LeaderAppender - RaftServer{2} - Received AppendResponse{status=OK, term=1, succeeded=true, lastLogIndex=94} from 1
22:47:46.633 [raft-server-1-state] TRACE i.a.p.raft.impl.RaftServiceManager - RaftServer{1} - Applying Indexed{index=94, entry=CommandEntry{term=1, timestamp=2018-06-07 10:47:46,471, session=2, sequence=85, operation=PrimitiveOperation{id=DefaultOperationId{id=write, type=COMMAND}, value=byte[]{length=17, hash=-1644578928}}}}
22:47:46.633 [raft-server-2] TRACE i.a.p.raft.roles.LeaderAppender - RaftServer{2} - Sending AppendRequest{term=1, leader=2, prevLogIndex=94, prevLogTerm=1, entries=0, commitIndex=94} to 1
22:47:46.633 [raft-server-1-state] TRACE i.a.p.s.impl.DefaultServiceExecutor - PrimitiveService{2}{type=io.atomix.protocols.raft.RaftTest$TestPrimitiveType@43a95102, name=raft-test} - Executing DefaultCommit{index=94, session=RaftSession{RaftServiceContext{server=1, type=io.atomix.protocols.raft.RaftTest$TestPrimitiveType@43a95102, name=raft-test, id=2}, session=2, timestamp=2018-06-07 10:47:46,471}, time=2018-06-07 10:47:46,471, operation=DefaultOperationId{id=write, type=COMMAND}, value=byte[]{length=17, hash=-1644578928}}
22:47:46.633 [raft-server-1] TRACE i.a.p.raft.roles.FollowerRole - RaftServer{1}{role=FOLLOWER} - Received AppendRequest{term=1, leader=2, prevLogIndex=94, prevLogTerm=1, entries=0, commitIndex=94}
22:47:46.634 [raft-server-1] TRACE i.a.p.raft.roles.FollowerRole - RaftServer{1}{role=FOLLOWER} - Sending AppendResponse{status=OK, term=1, succeeded=true, lastLogIndex=94}
22:47:46.634 [raft-server-2] TRACE i.a.p.raft.roles.LeaderAppender - RaftServer{2} - Received AppendResponse{status=OK, term=1, succeeded=true, lastLogIndex=94} from 1
22:47:46.683 [raft-server-3] TRACE i.a.p.raft.roles.FollowerRole - RaftServer{3}{role=FOLLOWER} - Committed entries up to index 94
22:47:46.683 [raft-server-3] TRACE i.a.p.raft.roles.FollowerRole - RaftServer{3}{role=FOLLOWER} - Sending AppendResponse{status=OK, term=1, succeeded=true, lastLogIndex=94}
22:47:46.683 [raft-server-2] TRACE i.a.p.raft.roles.LeaderAppender - RaftServer{2} - Received AppendResponse{status=OK, term=1, succeeded=true, lastLogIndex=94} from 3
22:47:46.683 [raft-server-3] TRACE i.a.p.raft.roles.FollowerRole - RaftServer{3}{role=FOLLOWER} - Sending CommandResponse{status=OK, index=94, eventIndex=2, result=byte[]{length=3, hash=36333}}
22:47:46.683 [raft-client-431b802d-5b1a-4d37-8231-45cdad27d9ba-3] TRACE i.a.p.r.p.impl.RaftProxyConnection - PartitionProxy{2}{type=io.atomix.protocols.raft.RaftTest$TestPrimitiveType@35bfa1bb, name=raft-test} - Received CommandResponse{status=OK, index=94, eventIndex=2, result=byte[]{length=3, hash=36333}} from 3
22:47:46.683 [raft-client-431b802d-5b1a-4d37-8231-45cdad27d9ba-3] TRACE i.a.p.r.p.impl.RaftProxySequencer - PartitionProxy{2}{type=io.atomix.protocols.raft.RaftTest$TestPrimitiveType@35bfa1bb, name=raft-test} - Completing response CommandResponse{status=OK, index=94, eventIndex=2, result=byte[]{length=3, hash=36333}}
22:47:46.683 [raft-server-3-state] TRACE i.a.p.raft.impl.RaftServiceManager - RaftServer{3} - Applying Indexed{index=94, entry=CommandEntry{term=1, timestamp=2018-06-07 10:47:46,471, session=2, sequence=85, operation=PrimitiveOperation{id=DefaultOperationId{id=write, type=COMMAND}, value=byte[]{length=17, hash=-1644578928}}}}
22:47:46.684 [raft-server-3-state] TRACE i.a.p.s.impl.DefaultServiceExecutor - PrimitiveService{2}{type=io.atomix.protocols.raft.RaftTest$TestPrimitiveType@19970ea6, name=raft-test} - Executing DefaultCommit{index=94, session=RaftSession{RaftServiceContext{server=3, type=io.atomix.protocols.raft.RaftTest$TestPrimitiveType@19970ea6, name=raft-test, id=2}, session=2, timestamp=2018-06-07 10:47:46,471}, time=2018-06-07 10:47:46,471, operation=DefaultOperationId{id=write, type=COMMAND}, value=byte[]{length=17, hash=-1644578928}}
22:47:46.684 [raft-client-431b802d-5b1a-4d37-8231-45cdad27d9ba-3] TRACE i.a.p.r.p.impl.RaftProxyConnection - PartitionProxy{2}{type=io.atomix.protocols.raft.RaftTest$TestPrimitiveType@35bfa1bb, name=raft-test} - Sending CommandRequest{session=2, sequence=86, operation=PrimitiveOperation{id=DefaultOperationId{id=write, type=COMMAND}, value=byte[]{length=17, hash=-1644578928}}} to 3
22:47:46.684 [raft-server-3] TRACE i.a.p.raft.roles.FollowerRole - RaftServer{3}{role=FOLLOWER} - Received CommandRequest{session=2, sequence=86, operation=PrimitiveOperation{id=DefaultOperationId{id=write, type=COMMAND}, value=byte[]{length=17, hash=-1644578928}}}
22:47:46.684 [raft-server-2] TRACE i.a.protocols.raft.roles.LeaderRole - RaftServer{2}{role=LEADER} - Received CommandRequest{session=2, sequence=86, operation=PrimitiveOperation{id=DefaultOperationId{id=write, type=COMMAND}, value=byte[]{length=17, hash=-1644578928}}}
22:47:46.685 [raft-server-2] TRACE i.a.protocols.raft.roles.LeaderRole - RaftServer{2}{role=LEADER} - Appended Indexed{index=95, entry=CommandEntry{term=1, timestamp=2018-06-07 10:47:46,684, session=2, sequence=86, operation=PrimitiveOperation{id=DefaultOperationId{id=write, type=COMMAND}, value=byte[]{length=17, hash=-1644578928}}}}
22:47:46.685 [raft-server-2] TRACE i.a.p.raft.roles.LeaderAppender - RaftServer{2} - Sending AppendRequest{term=1, leader=2, prevLogIndex=94, prevLogTerm=1, entries=1, commitIndex=94} to 1
22:47:46.685 [raft-server-1] TRACE i.a.p.raft.roles.FollowerRole - RaftServer{1}{role=FOLLOWER} - Received AppendRequest{term=1, leader=2, prevLogIndex=94, prevLogTerm=1, entries=1, commitIndex=94}
22:47:46.685 [raft-server-2] TRACE i.a.p.raft.roles.LeaderAppender - RaftServer{2} - Sending AppendRequest{term=1, leader=2, prevLogIndex=94, prevLogTerm=1, entries=1, commitIndex=94} to 3
22:47:46.685 [raft-server-3] TRACE i.a.p.raft.roles.FollowerRole - RaftServer{3}{role=FOLLOWER} - Received AppendRequest{term=1, leader=2, prevLogIndex=94, prevLogTerm=1, entries=1, commitIndex=94}
22:47:46.685 [raft-server-1] TRACE i.a.p.raft.roles.FollowerRole - RaftServer{1}{role=FOLLOWER} - Appended Indexed{index=95, entry=CommandEntry{term=1, timestamp=2018-06-07 10:47:46,684, session=2, sequence=86, operation=PrimitiveOperation{id=DefaultOperationId{id=write, type=COMMAND}, value=byte[]{length=17, hash=-1644578928}}}}
22:47:46.685 [raft-server-1] TRACE i.a.p.raft.roles.FollowerRole - RaftServer{1}{role=FOLLOWER} - Sending AppendResponse{status=OK, term=1, succeeded=true, lastLogIndex=95}
22:47:46.685 [raft-server-3] TRACE i.a.p.raft.roles.FollowerRole - RaftServer{3}{role=FOLLOWER} - Appended Indexed{index=95, entry=CommandEntry{term=1, timestamp=2018-06-07 10:47:46,684, session=2, sequence=86, operation=PrimitiveOperation{id=DefaultOperationId{id=write, type=COMMAND}, value=byte[]{length=17, hash=-1644578928}}}}
22:47:46.685 [raft-server-2] TRACE i.a.p.raft.roles.LeaderAppender - RaftServer{2} - Received AppendResponse{status=OK, term=1, succeeded=true, lastLogIndex=95} from 1
22:47:46.685 [raft-server-3] TRACE i.a.p.raft.roles.FollowerRole - RaftServer{3}{role=FOLLOWER} - Sending AppendResponse{status=OK, term=1, succeeded=true, lastLogIndex=95}
22:47:46.685 [raft-server-2] TRACE i.a.p.raft.roles.LeaderAppender - RaftServer{2} - Committed entries up to 95
22:47:46.722 [raft-server-2] TRACE i.a.p.raft.roles.LeaderAppender - RaftServer{2} - Received AppendResponse{status=OK, term=1, succeeded=true, lastLogIndex=95} from 3
22:47:46.722 [raft-server-2-state] TRACE i.a.p.raft.impl.RaftServiceManager - RaftServer{2} - Applying Indexed{index=95, entry=CommandEntry{term=1, timestamp=2018-06-07 10:47:46,684, session=2, sequence=86, operation=PrimitiveOperation{id=DefaultOperationId{id=write, type=COMMAND}, value=byte[]{length=17, hash=-1644578928}}}}
22:47:46.723 [raft-server-2-state] TRACE i.a.p.s.impl.DefaultServiceExecutor - PrimitiveService{2}{type=io.atomix.protocols.raft.RaftTest$TestPrimitiveType@581a9c39, name=raft-test} - Executing DefaultCommit{index=95, session=RaftSession{RaftServiceContext{server=2, type=io.atomix.protocols.raft.RaftTest$TestPrimitiveType@581a9c39, name=raft-test, id=2}, session=2, timestamp=2018-06-07 10:47:46,684}, time=2018-06-07 10:47:46,684, operation=DefaultOperationId{id=write, type=COMMAND}, value=byte[]{length=17, hash=-1644578928}}
22:47:46.723 [raft-server-2] TRACE i.a.protocols.raft.roles.LeaderRole - RaftServer{2}{role=LEADER} - Sending CommandResponse{status=OK, index=95, eventIndex=2, result=byte[]{length=3, hash=36395}}
22:47:46.723 [raft-server-3] TRACE i.a.p.raft.roles.FollowerRole - RaftServer{3}{role=FOLLOWER} - Sending CommandResponse{status=OK, index=95, eventIndex=2, result=byte[]{length=3, hash=36395}}
22:47:46.723 [raft-client-431b802d-5b1a-4d37-8231-45cdad27d9ba-1] TRACE i.a.p.r.p.impl.RaftProxyConnection - PartitionProxy{2}{type=io.atomix.protocols.raft.RaftTest$TestPrimitiveType@35bfa1bb, name=raft-test} - Received CommandResponse{status=OK, index=95, eventIndex=2, result=byte[]{length=3, hash=36395}} from 3
22:47:46.723 [raft-client-431b802d-5b1a-4d37-8231-45cdad27d9ba-1] TRACE i.a.p.r.p.impl.RaftProxySequencer - PartitionProxy{2}{type=io.atomix.protocols.raft.RaftTest$TestPrimitiveType@35bfa1bb, name=raft-test} - Completing response CommandResponse{status=OK, index=95, eventIndex=2, result=byte[]{length=3, hash=36395}}
22:47:46.724 [raft-client-431b802d-5b1a-4d37-8231-45cdad27d9ba-5] TRACE i.a.p.r.p.impl.RaftProxyConnection - PartitionProxy{2}{type=io.atomix.protocols.raft.RaftTest$TestPrimitiveType@35bfa1bb, name=raft-test} - Sending CommandRequest{session=2, sequence=87, operation=PrimitiveOperation{id=DefaultOperationId{id=write, type=COMMAND}, value=byte[]{length=17, hash=-1644578928}}} to 3
22:47:46.724 [raft-server-3] TRACE i.a.p.raft.roles.FollowerRole - RaftServer{3}{role=FOLLOWER} - Received CommandRequest{session=2, sequence=87, operation=PrimitiveOperation{id=DefaultOperationId{id=write, type=COMMAND}, value=byte[]{length=17, hash=-1644578928}}}
22:47:46.724 [raft-server-2] TRACE i.a.protocols.raft.roles.LeaderRole - RaftServer{2}{role=LEADER} - Received CommandRequest{session=2, sequence=87, operation=PrimitiveOperation{id=DefaultOperationId{id=write, type=COMMAND}, value=byte[]{length=17, hash=-1644578928}}}
22:47:46.724 [raft-server-2] TRACE i.a.protocols.raft.roles.LeaderRole - RaftServer{2}{role=LEADER} - Appended Indexed{index=96, entry=CommandEntry{term=1, timestamp=2018-06-07 10:47:46,724, session=2, sequence=87, operation=PrimitiveOperation{id=DefaultOperationId{id=write, type=COMMAND}, value=byte[]{length=17, hash=-1644578928}}}}
22:47:46.725 [raft-server-2] TRACE i.a.p.raft.roles.LeaderAppender - RaftServer{2} - Sending AppendRequest{term=1, leader=2, prevLogIndex=95, prevLogTerm=1, entries=1, commitIndex=95} to 1
22:47:46.725 [raft-server-1] TRACE i.a.p.raft.roles.FollowerRole - RaftServer{1}{role=FOLLOWER} - Received AppendRequest{term=1, leader=2, prevLogIndex=95, prevLogTerm=1, entries=1, commitIndex=95}
22:47:46.725 [raft-server-2] TRACE i.a.p.raft.roles.LeaderAppender - RaftServer{2} - Sending AppendRequest{term=1, leader=2, prevLogIndex=95, prevLogTerm=1, entries=1, commitIndex=95} to 3
22:47:46.725 [raft-server-3] TRACE i.a.p.raft.roles.FollowerRole - RaftServer{3}{role=FOLLOWER} - Received AppendRequest{term=1, leader=2, prevLogIndex=95, prevLogTerm=1, entries=1, commitIndex=95}
22:47:46.725 [raft-server-1] TRACE i.a.p.raft.roles.FollowerRole - RaftServer{1}{role=FOLLOWER} - Appended Indexed{index=96, entry=CommandEntry{term=1, timestamp=2018-06-07 10:47:46,724, session=2, sequence=87, operation=PrimitiveOperation{id=DefaultOperationId{id=write, type=COMMAND}, value=byte[]{length=17, hash=-1644578928}}}}
22:47:46.725 [raft-server-3] TRACE i.a.p.raft.roles.FollowerRole - RaftServer{3}{role=FOLLOWER} - Appended Indexed{index=96, entry=CommandEntry{term=1, timestamp=2018-06-07 10:47:46,724, session=2, sequence=87, operation=PrimitiveOperation{id=DefaultOperationId{id=write, type=COMMAND}, value=byte[]{length=17, hash=-1644578928}}}}
22:47:46.758 [raft-server-3] TRACE i.a.p.raft.roles.FollowerRole - RaftServer{3}{role=FOLLOWER} - Committed entries up to index 95
22:47:46.758 [raft-server-1] TRACE i.a.p.raft.roles.FollowerRole - RaftServer{1}{role=FOLLOWER} - Committed entries up to index 95
22:47:46.758 [raft-server-3] TRACE i.a.p.raft.roles.FollowerRole - RaftServer{3}{role=FOLLOWER} - Sending AppendResponse{status=OK, term=1, succeeded=true, lastLogIndex=96}
22:47:46.758 [raft-server-1] TRACE i.a.p.raft.roles.FollowerRole - RaftServer{1}{role=FOLLOWER} - Sending AppendResponse{status=OK, term=1, succeeded=true, lastLogIndex=96}
22:47:46.758 [raft-server-2] TRACE i.a.p.raft.roles.LeaderAppender - RaftServer{2} - Received AppendResponse{status=OK, term=1, succeeded=true, lastLogIndex=96} from 3
22:47:46.759 [raft-server-2] TRACE i.a.p.raft.roles.LeaderAppender - RaftServer{2} - Committed entries up to 96
22:47:46.759 [raft-server-3-state] TRACE i.a.p.raft.impl.RaftServiceManager - RaftServer{3} - Applying Indexed{index=95, entry=CommandEntry{term=1, timestamp=2018-06-07 10:47:46,684, session=2, sequence=86, operation=PrimitiveOperation{id=DefaultOperationId{id=write, type=COMMAND}, value=byte[]{length=17, hash=-1644578928}}}}
22:47:46.759 [raft-server-1-state] TRACE i.a.p.raft.impl.RaftServiceManager - RaftServer{1} - Applying Indexed{index=95, entry=CommandEntry{term=1, timestamp=2018-06-07 10:47:46,684, session=2, sequence=86, operation=PrimitiveOperation{id=DefaultOperationId{id=write, type=COMMAND}, value=byte[]{length=17, hash=-1644578928}}}}
22:47:46.759 [raft-server-3-state] TRACE i.a.p.s.impl.DefaultServiceExecutor - PrimitiveService{2}{type=io.atomix.protocols.raft.RaftTest$TestPrimitiveType@19970ea6, name=raft-test} - Executing DefaultCommit{index=95, session=RaftSession{RaftServiceContext{server=3, type=io.atomix.protocols.raft.RaftTest$TestPrimitiveType@19970ea6, name=raft-test, id=2}, session=2, timestamp=2018-06-07 10:47:46,684}, time=2018-06-07 10:47:46,684, operation=DefaultOperationId{id=write, type=COMMAND}, value=byte[]{length=17, hash=-1644578928}}
22:47:46.759 [raft-server-1-state] TRACE i.a.p.s.impl.DefaultServiceExecutor - PrimitiveService{2}{type=io.atomix.protocols.raft.RaftTest$TestPrimitiveType@43a95102, name=raft-test} - Executing DefaultCommit{index=95, session=RaftSession{RaftServiceContext{server=1, type=io.atomix.protocols.raft.RaftTest$TestPrimitiveType@43a95102, name=raft-test, id=2}, session=2, timestamp=2018-06-07 10:47:46,684}, time=2018-06-07 10:47:46,684, operation=DefaultOperationId{id=write, type=COMMAND}, value=byte[]{length=17, hash=-1644578928}}
22:47:46.789 [raft-server-2] TRACE i.a.p.raft.roles.LeaderAppender - RaftServer{2} - Sending AppendRequest{term=1, leader=2, prevLogIndex=96, prevLogTerm=1, entries=0, commitIndex=96} to 3
22:47:46.789 [raft-server-2] TRACE i.a.p.raft.roles.LeaderAppender - RaftServer{2} - Received AppendResponse{status=OK, term=1, succeeded=true, lastLogIndex=96} from 1
22:47:46.789 [raft-server-3] TRACE i.a.p.raft.roles.FollowerRole - RaftServer{3}{role=FOLLOWER} - Received AppendRequest{term=1, leader=2, prevLogIndex=96, prevLogTerm=1, entries=0, commitIndex=96}
22:47:46.789 [raft-server-2] TRACE i.a.p.raft.roles.LeaderAppender - RaftServer{2} - Sending AppendRequest{term=1, leader=2, prevLogIndex=96, prevLogTerm=1, entries=0, commitIndex=96} to 1
22:47:46.789 [raft-server-3] TRACE i.a.p.raft.roles.FollowerRole - RaftServer{3}{role=FOLLOWER} - Committed entries up to index 96
22:47:46.789 [raft-server-3] TRACE i.a.p.raft.roles.FollowerRole - RaftServer{3}{role=FOLLOWER} - Sending AppendResponse{status=OK, term=1, succeeded=true, lastLogIndex=96}
22:47:46.789 [raft-server-1] TRACE i.a.p.raft.roles.FollowerRole - RaftServer{1}{role=FOLLOWER} - Received AppendRequest{term=1, leader=2, prevLogIndex=96, prevLogTerm=1, entries=0, commitIndex=96}
22:47:46.789 [raft-server-3-state] TRACE i.a.p.raft.impl.RaftServiceManager - RaftServer{3} - Applying Indexed{index=96, entry=CommandEntry{term=1, timestamp=2018-06-07 10:47:46,724, session=2, sequence=87, operation=PrimitiveOperation{id=DefaultOperationId{id=write, type=COMMAND}, value=byte[]{length=17, hash=-1644578928}}}}
22:47:46.789 [raft-server-2-state] TRACE i.a.p.raft.impl.RaftServiceManager - RaftServer{2} - Applying Indexed{index=96, entry=CommandEntry{term=1, timestamp=2018-06-07 10:47:46,724, session=2, sequence=87, operation=PrimitiveOperation{id=DefaultOperationId{id=write, type=COMMAND}, value=byte[]{length=17, hash=-1644578928}}}}
22:47:46.789 [raft-server-2] TRACE i.a.p.raft.roles.LeaderAppender - RaftServer{2} - Received AppendResponse{status=OK, term=1, succeeded=true, lastLogIndex=96} from 3
22:47:46.789 [raft-server-2-state] TRACE i.a.p.s.impl.DefaultServiceExecutor - PrimitiveService{2}{type=io.atomix.protocols.raft.RaftTest$TestPrimitiveType@581a9c39, name=raft-test} - Executing DefaultCommit{index=96, session=RaftSession{RaftServiceContext{server=2, type=io.atomix.protocols.raft.RaftTest$TestPrimitiveType@581a9c39, name=raft-test, id=2}, session=2, timestamp=2018-06-07 10:47:46,724}, time=2018-06-07 10:47:46,724, operation=DefaultOperationId{id=write, type=COMMAND}, value=byte[]{length=17, hash=-1644578928}}
22:47:46.789 [raft-server-3-state] TRACE i.a.p.s.impl.DefaultServiceExecutor - PrimitiveService{2}{type=io.atomix.protocols.raft.RaftTest$TestPrimitiveType@19970ea6, name=raft-test} - Executing DefaultCommit{index=96, session=RaftSession{RaftServiceContext{server=3, type=io.atomix.protocols.raft.RaftTest$TestPrimitiveType@19970ea6, name=raft-test, id=2}, session=2, timestamp=2018-06-07 10:47:46,724}, time=2018-06-07 10:47:46,724, operation=DefaultOperationId{id=write, type=COMMAND}, value=byte[]{length=17, hash=-1644578928}}
22:47:46.790 [raft-server-1] TRACE i.a.p.raft.roles.FollowerRole - RaftServer{1}{role=FOLLOWER} - Committed entries up to index 96
22:47:46.791 [raft-server-2-state] TRACE i.a.protocols.raft.roles.LeaderRole - RaftServer{2}{role=LEADER} - Sending CommandResponse{status=OK, index=96, eventIndex=2, result=byte[]{length=3, hash=36457}}
22:47:46.791 [raft-server-1] TRACE i.a.p.raft.roles.FollowerRole - RaftServer{1}{role=FOLLOWER} - Sending AppendResponse{status=OK, term=1, succeeded=true, lastLogIndex=96}
22:47:46.791 [raft-server-3] TRACE i.a.p.raft.roles.FollowerRole - RaftServer{3}{role=FOLLOWER} - Sending CommandResponse{status=OK, index=96, eventIndex=2, result=byte[]{length=3, hash=36457}}
22:47:46.791 [raft-server-2] TRACE i.a.p.raft.roles.LeaderAppender - RaftServer{2} - Received AppendResponse{status=OK, term=1, succeeded=true, lastLogIndex=96} from 1
22:47:46.791 [raft-client-431b802d-5b1a-4d37-8231-45cdad27d9ba-2] TRACE i.a.p.r.p.impl.RaftProxyConnection - PartitionProxy{2}{type=io.atomix.protocols.raft.RaftTest$TestPrimitiveType@35bfa1bb, name=raft-test} - Received CommandResponse{status=OK, index=96, eventIndex=2, result=byte[]{length=3, hash=36457}} from 3
22:47:46.791 [raft-client-431b802d-5b1a-4d37-8231-45cdad27d9ba-2] TRACE i.a.p.r.p.impl.RaftProxySequencer - PartitionProxy{2}{type=io.atomix.protocols.raft.RaftTest$TestPrimitiveType@35bfa1bb, name=raft-test} - Completing response CommandResponse{status=OK, index=96, eventIndex=2, result=byte[]{length=3, hash=36457}}
22:47:46.791 [raft-server-1-state] TRACE i.a.p.raft.impl.RaftServiceManager - RaftServer{1} - Applying Indexed{index=96, entry=CommandEntry{term=1, timestamp=2018-06-07 10:47:46,724, session=2, sequence=87, operation=PrimitiveOperation{id=DefaultOperationId{id=write, type=COMMAND}, value=byte[]{length=17, hash=-1644578928}}}}
22:47:46.791 [raft-server-1-state] TRACE i.a.p.s.impl.DefaultServiceExecutor - PrimitiveService{2}{type=io.atomix.protocols.raft.RaftTest$TestPrimitiveType@43a95102, name=raft-test} - Executing DefaultCommit{index=96, session=RaftSession{RaftServiceContext{server=1, type=io.atomix.protocols.raft.RaftTest$TestPrimitiveType@43a95102, name=raft-test, id=2}, session=2, timestamp=2018-06-07 10:47:46,724}, time=2018-06-07 10:47:46,724, operation=DefaultOperationId{id=write, type=COMMAND}, value=byte[]{length=17, hash=-1644578928}}
22:47:46.792 [raft-client-431b802d-5b1a-4d37-8231-45cdad27d9ba-0] TRACE i.a.p.r.p.impl.RaftProxyConnection - PartitionProxy{2}{type=io.atomix.protocols.raft.RaftTest$TestPrimitiveType@35bfa1bb, name=raft-test} - Sending CommandRequest{session=2, sequence=88, operation=PrimitiveOperation{id=DefaultOperationId{id=write, type=COMMAND}, value=byte[]{length=17, hash=-1644578928}}} to 3
22:47:46.792 [raft-server-3] TRACE i.a.p.raft.roles.FollowerRole - RaftServer{3}{role=FOLLOWER} - Received CommandRequest{session=2, sequence=88, operation=PrimitiveOperation{id=DefaultOperationId{id=write, type=COMMAND}, value=byte[]{length=17, hash=-1644578928}}}
22:47:46.792 [raft-server-2] TRACE i.a.protocols.raft.roles.LeaderRole - RaftServer{2}{role=LEADER} - Received CommandRequest{session=2, sequence=88, operation=PrimitiveOperation{id=DefaultOperationId{id=write, type=COMMAND}, value=byte[]{length=17, hash=-1644578928}}}
22:47:46.792 [raft-server-2] TRACE i.a.protocols.raft.roles.LeaderRole - RaftServer{2}{role=LEADER} - Appended Indexed{index=97, entry=CommandEntry{term=1, timestamp=2018-06-07 10:47:46,792, session=2, sequence=88, operation=PrimitiveOperation{id=DefaultOperationId{id=write, type=COMMAND}, value=byte[]{length=17, hash=-1644578928}}}}
22:47:46.792 [raft-server-2] TRACE i.a.p.raft.roles.LeaderAppender - RaftServer{2} - Sending AppendRequest{term=1, leader=2, prevLogIndex=96, prevLogTerm=1, entries=1, commitIndex=96} to 1
22:47:46.792 [raft-server-1] TRACE i.a.p.raft.roles.FollowerRole - RaftServer{1}{role=FOLLOWER} - Received AppendRequest{term=1, leader=2, prevLogIndex=96, prevLogTerm=1, entries=1, commitIndex=96}
22:47:46.792 [raft-server-2] TRACE i.a.p.raft.roles.LeaderAppender - RaftServer{2} - Sending AppendRequest{term=1, leader=2, prevLogIndex=96, prevLogTerm=1, entries=1, commitIndex=96} to 3
22:47:46.792 [raft-server-3] TRACE i.a.p.raft.roles.FollowerRole - RaftServer{3}{role=FOLLOWER} - Received AppendRequest{term=1, leader=2, prevLogIndex=96, prevLogTerm=1, entries=1, commitIndex=96}
22:47:46.793 [raft-server-1] TRACE i.a.p.raft.roles.FollowerRole - RaftServer{1}{role=FOLLOWER} - Appended Indexed{index=97, entry=CommandEntry{term=1, timestamp=2018-06-07 10:47:46,792, session=2, sequence=88, operation=PrimitiveOperation{id=DefaultOperationId{id=write, type=COMMAND}, value=byte[]{length=17, hash=-1644578928}}}}
22:47:46.793 [raft-server-1] TRACE i.a.p.raft.roles.FollowerRole - RaftServer{1}{role=FOLLOWER} - Sending AppendResponse{status=OK, term=1, succeeded=true, lastLogIndex=97}
22:47:46.793 [raft-server-3] TRACE i.a.p.raft.roles.FollowerRole - RaftServer{3}{role=FOLLOWER} - Appended Indexed{index=97, entry=CommandEntry{term=1, timestamp=2018-06-07 10:47:46,792, session=2, sequence=88, operation=PrimitiveOperation{id=DefaultOperationId{id=write, type=COMMAND}, value=byte[]{length=17, hash=-1644578928}}}}
22:47:46.793 [raft-server-3] TRACE i.a.p.raft.roles.FollowerRole - RaftServer{3}{role=FOLLOWER} - Sending AppendResponse{status=OK, term=1, succeeded=true, lastLogIndex=97}
22:47:46.793 [raft-server-2] TRACE i.a.p.raft.roles.LeaderAppender - RaftServer{2} - Received AppendResponse{status=OK, term=1, succeeded=true, lastLogIndex=97} from 1
22:47:46.793 [raft-server-2] TRACE i.a.p.raft.roles.LeaderAppender - RaftServer{2} - Committed entries up to 97
22:47:46.817 [raft-server-2] TRACE i.a.p.raft.roles.LeaderAppender - RaftServer{2} - Received AppendResponse{status=OK, term=1, succeeded=true, lastLogIndex=97} from 3
22:47:46.817 [raft-server-2-state] TRACE i.a.p.raft.impl.RaftServiceManager - RaftServer{2} - Applying Indexed{index=97, entry=CommandEntry{term=1, timestamp=2018-06-07 10:47:46,792, session=2, sequence=88, operation=PrimitiveOperation{id=DefaultOperationId{id=write, type=COMMAND}, value=byte[]{length=17, hash=-1644578928}}}}
22:47:46.817 [raft-server-2-state] TRACE i.a.p.s.impl.DefaultServiceExecutor - PrimitiveService{2}{type=io.atomix.protocols.raft.RaftTest$TestPrimitiveType@581a9c39, name=raft-test} - Executing DefaultCommit{index=97, session=RaftSession{RaftServiceContext{server=2, type=io.atomix.protocols.raft.RaftTest$TestPrimitiveType@581a9c39, name=raft-test, id=2}, session=2, timestamp=2018-06-07 10:47:46,792}, time=2018-06-07 10:47:46,792, operation=DefaultOperationId{id=write, type=COMMAND}, value=byte[]{length=17, hash=-1644578928}}
22:47:46.818 [raft-server-2-state] TRACE i.a.protocols.raft.roles.LeaderRole - RaftServer{2}{role=LEADER} - Sending CommandResponse{status=OK, index=97, eventIndex=2, result=byte[]{length=3, hash=36519}}
22:47:46.818 [raft-server-3] TRACE i.a.p.raft.roles.FollowerRole - RaftServer{3}{role=FOLLOWER} - Sending CommandResponse{status=OK, index=97, eventIndex=2, result=byte[]{length=3, hash=36519}}
22:47:46.818 [raft-client-431b802d-5b1a-4d37-8231-45cdad27d9ba-4] TRACE i.a.p.r.p.impl.RaftProxyConnection - PartitionProxy{2}{type=io.atomix.protocols.raft.RaftTest$TestPrimitiveType@35bfa1bb, name=raft-test} - Received CommandResponse{status=OK, index=97, eventIndex=2, result=byte[]{length=3, hash=36519}} from 3
22:47:46.818 [raft-client-431b802d-5b1a-4d37-8231-45cdad27d9ba-4] TRACE i.a.p.r.p.impl.RaftProxySequencer - PartitionProxy{2}{type=io.atomix.protocols.raft.RaftTest$TestPrimitiveType@35bfa1bb, name=raft-test} - Completing response CommandResponse{status=OK, index=97, eventIndex=2, result=byte[]{length=3, hash=36519}}
22:47:46.818 [raft-client-431b802d-5b1a-4d37-8231-45cdad27d9ba-4] TRACE i.a.p.r.p.impl.RaftProxyConnection - PartitionProxy{2}{type=io.atomix.protocols.raft.RaftTest$TestPrimitiveType@35bfa1bb, name=raft-test} - Sending CommandRequest{session=2, sequence=89, operation=PrimitiveOperation{id=DefaultOperationId{id=write, type=COMMAND}, value=byte[]{length=17, hash=-1644578928}}} to 3
22:47:46.818 [raft-server-3] TRACE i.a.p.raft.roles.FollowerRole - RaftServer{3}{role=FOLLOWER} - Received CommandRequest{session=2, sequence=89, operation=PrimitiveOperation{id=DefaultOperationId{id=write, type=COMMAND}, value=byte[]{length=17, hash=-1644578928}}}
22:47:46.818 [raft-server-2] TRACE i.a.protocols.raft.roles.LeaderRole - RaftServer{2}{role=LEADER} - Received CommandRequest{session=2, sequence=89, operation=PrimitiveOperation{id=DefaultOperationId{id=write, type=COMMAND}, value=byte[]{length=17, hash=-1644578928}}}
22:47:46.819 [raft-server-2] TRACE i.a.protocols.raft.roles.LeaderRole - RaftServer{2}{role=LEADER} - Appended Indexed{index=98, entry=CommandEntry{term=1, timestamp=2018-06-07 10:47:46,818, session=2, sequence=89, operation=PrimitiveOperation{id=DefaultOperationId{id=write, type=COMMAND}, value=byte[]{length=17, hash=-1644578928}}}}
22:47:46.819 [raft-server-2] TRACE i.a.p.raft.roles.LeaderAppender - RaftServer{2} - Sending AppendRequest{term=1, leader=2, prevLogIndex=97, prevLogTerm=1, entries=1, commitIndex=97} to 1
22:47:46.819 [raft-server-1] TRACE i.a.p.raft.roles.FollowerRole - RaftServer{1}{role=FOLLOWER} - Received AppendRequest{term=1, leader=2, prevLogIndex=97, prevLogTerm=1, entries=1, commitIndex=97}
22:47:46.819 [raft-server-2] TRACE i.a.p.raft.roles.LeaderAppender - RaftServer{2} - Sending AppendRequest{term=1, leader=2, prevLogIndex=97, prevLogTerm=1, entries=1, commitIndex=97} to 3
22:47:46.819 [raft-server-3] TRACE i.a.p.raft.roles.FollowerRole - RaftServer{3}{role=FOLLOWER} - Received AppendRequest{term=1, leader=2, prevLogIndex=97, prevLogTerm=1, entries=1, commitIndex=97}
22:47:46.819 [raft-server-1] TRACE i.a.p.raft.roles.FollowerRole - RaftServer{1}{role=FOLLOWER} - Appended Indexed{index=98, entry=CommandEntry{term=1, timestamp=2018-06-07 10:47:46,818, session=2, sequence=89, operation=PrimitiveOperation{id=DefaultOperationId{id=write, type=COMMAND}, value=byte[]{length=17, hash=-1644578928}}}}
22:47:46.819 [raft-server-3] TRACE i.a.p.raft.roles.FollowerRole - RaftServer{3}{role=FOLLOWER} - Appended Indexed{index=98, entry=CommandEntry{term=1, timestamp=2018-06-07 10:47:46,818, session=2, sequence=89, operation=PrimitiveOperation{id=DefaultOperationId{id=write, type=COMMAND}, value=byte[]{length=17, hash=-1644578928}}}}
22:47:46.858 [raft-server-1] TRACE i.a.p.raft.roles.FollowerRole - RaftServer{1}{role=FOLLOWER} - Committed entries up to index 97
22:47:46.858 [raft-server-3] TRACE i.a.p.raft.roles.FollowerRole - RaftServer{3}{role=FOLLOWER} - Committed entries up to index 97
22:47:46.858 [raft-server-1] TRACE i.a.p.raft.roles.FollowerRole - RaftServer{1}{role=FOLLOWER} - Sending AppendResponse{status=OK, term=1, succeeded=true, lastLogIndex=98}
22:47:46.858 [raft-server-3] TRACE i.a.p.raft.roles.FollowerRole - RaftServer{3}{role=FOLLOWER} - Sending AppendResponse{status=OK, term=1, succeeded=true, lastLogIndex=98}
22:47:46.858 [raft-server-2] TRACE i.a.p.raft.roles.LeaderAppender - RaftServer{2} - Received AppendResponse{status=OK, term=1, succeeded=true, lastLogIndex=98} from 1
22:47:46.858 [raft-server-2] TRACE i.a.p.raft.roles.LeaderAppender - RaftServer{2} - Committed entries up to 98
22:47:46.858 [raft-server-1-state] TRACE i.a.p.raft.impl.RaftServiceManager - RaftServer{1} - Applying Indexed{index=97, entry=CommandEntry{term=1, timestamp=2018-06-07 10:47:46,792, session=2, sequence=88, operation=PrimitiveOperation{id=DefaultOperationId{id=write, type=COMMAND}, value=byte[]{length=17, hash=-1644578928}}}}
22:47:46.858 [raft-server-3-state] TRACE i.a.p.raft.impl.RaftServiceManager - RaftServer{3} - Applying Indexed{index=97, entry=CommandEntry{term=1, timestamp=2018-06-07 10:47:46,792, session=2, sequence=88, operation=PrimitiveOperation{id=DefaultOperationId{id=write, type=COMMAND}, value=byte[]{length=17, hash=-1644578928}}}}
22:47:46.858 [raft-server-1-state] TRACE i.a.p.s.impl.DefaultServiceExecutor - PrimitiveService{2}{type=io.atomix.protocols.raft.RaftTest$TestPrimitiveType@43a95102, name=raft-test} - Executing DefaultCommit{index=97, session=RaftSession{RaftServiceContext{server=1, type=io.atomix.protocols.raft.RaftTest$TestPrimitiveType@43a95102, name=raft-test, id=2}, session=2, timestamp=2018-06-07 10:47:46,792}, time=2018-06-07 10:47:46,792, operation=DefaultOperationId{id=write, type=COMMAND}, value=byte[]{length=17, hash=-1644578928}}
22:47:46.858 [raft-server-3-state] TRACE i.a.p.s.impl.DefaultServiceExecutor - PrimitiveService{2}{type=io.atomix.protocols.raft.RaftTest$TestPrimitiveType@19970ea6, name=raft-test} - Executing DefaultCommit{index=97, session=RaftSession{RaftServiceContext{server=3, type=io.atomix.protocols.raft.RaftTest$TestPrimitiveType@19970ea6, name=raft-test, id=2}, session=2, timestamp=2018-06-07 10:47:46,792}, time=2018-06-07 10:47:46,792, operation=DefaultOperationId{id=write, type=COMMAND}, value=byte[]{length=17, hash=-1644578928}}
22:47:46.900 [raft-server-2] TRACE i.a.p.raft.roles.LeaderAppender - RaftServer{2} - Received AppendResponse{status=OK, term=1, succeeded=true, lastLogIndex=98} from 3
22:47:46.900 [raft-server-2-state] TRACE i.a.p.raft.impl.RaftServiceManager - RaftServer{2} - Applying Indexed{index=98, entry=CommandEntry{term=1, timestamp=2018-06-07 10:47:46,818, session=2, sequence=89, operation=PrimitiveOperation{id=DefaultOperationId{id=write, type=COMMAND}, value=byte[]{length=17, hash=-1644578928}}}}
22:47:46.900 [raft-server-2-state] TRACE i.a.p.s.impl.DefaultServiceExecutor - PrimitiveService{2}{type=io.atomix.protocols.raft.RaftTest$TestPrimitiveType@581a9c39, name=raft-test} - Executing DefaultCommit{index=98, session=RaftSession{RaftServiceContext{server=2, type=io.atomix.protocols.raft.RaftTest$TestPrimitiveType@581a9c39, name=raft-test, id=2}, session=2, timestamp=2018-06-07 10:47:46,818}, time=2018-06-07 10:47:46,818, operation=DefaultOperationId{id=write, type=COMMAND}, value=byte[]{length=17, hash=-1644578928}}
22:47:46.901 [raft-server-2-state] TRACE i.a.protocols.raft.roles.LeaderRole - RaftServer{2}{role=LEADER} - Sending CommandResponse{status=OK, index=98, eventIndex=2, result=byte[]{length=3, hash=36581}}
22:47:46.901 [raft-server-3] TRACE i.a.p.raft.roles.FollowerRole - RaftServer{3}{role=FOLLOWER} - Sending CommandResponse{status=OK, index=98, eventIndex=2, result=byte[]{length=3, hash=36581}}
22:47:46.901 [raft-client-431b802d-5b1a-4d37-8231-45cdad27d9ba-1] TRACE i.a.p.r.p.impl.RaftProxyConnection - PartitionProxy{2}{type=io.atomix.protocols.raft.RaftTest$TestPrimitiveType@35bfa1bb, name=raft-test} - Received CommandResponse{status=OK, index=98, eventIndex=2, result=byte[]{length=3, hash=36581}} from 3
22:47:46.901 [raft-client-431b802d-5b1a-4d37-8231-45cdad27d9ba-1] TRACE i.a.p.r.p.impl.RaftProxySequencer - PartitionProxy{2}{type=io.atomix.protocols.raft.RaftTest$TestPrimitiveType@35bfa1bb, name=raft-test} - Completing response CommandResponse{status=OK, index=98, eventIndex=2, result=byte[]{length=3, hash=36581}}
22:47:46.901 [raft-client-431b802d-5b1a-4d37-8231-45cdad27d9ba-1] TRACE i.a.p.r.p.impl.RaftProxyConnection - PartitionProxy{2}{type=io.atomix.protocols.raft.RaftTest$TestPrimitiveType@35bfa1bb, name=raft-test} - Sending CommandRequest{session=2, sequence=90, operation=PrimitiveOperation{id=DefaultOperationId{id=write, type=COMMAND}, value=byte[]{length=17, hash=-1644578928}}} to 3
22:47:46.902 [raft-server-3] TRACE i.a.p.raft.roles.FollowerRole - RaftServer{3}{role=FOLLOWER} - Received CommandRequest{session=2, sequence=90, operation=PrimitiveOperation{id=DefaultOperationId{id=write, type=COMMAND}, value=byte[]{length=17, hash=-1644578928}}}
22:47:46.902 [raft-server-2] TRACE i.a.protocols.raft.roles.LeaderRole - RaftServer{2}{role=LEADER} - Received CommandRequest{session=2, sequence=90, operation=PrimitiveOperation{id=DefaultOperationId{id=write, type=COMMAND}, value=byte[]{length=17, hash=-1644578928}}}
22:47:46.902 [raft-server-2] TRACE i.a.protocols.raft.roles.LeaderRole - RaftServer{2}{role=LEADER} - Appended Indexed{index=99, entry=CommandEntry{term=1, timestamp=2018-06-07 10:47:46,902, session=2, sequence=90, operation=PrimitiveOperation{id=DefaultOperationId{id=write, type=COMMAND}, value=byte[]{length=17, hash=-1644578928}}}}
22:47:46.902 [raft-server-2] TRACE i.a.p.raft.roles.LeaderAppender - RaftServer{2} - Sending AppendRequest{term=1, leader=2, prevLogIndex=98, prevLogTerm=1, entries=1, commitIndex=98} to 1
22:47:46.902 [raft-server-1] TRACE i.a.p.raft.roles.FollowerRole - RaftServer{1}{role=FOLLOWER} - Received AppendRequest{term=1, leader=2, prevLogIndex=98, prevLogTerm=1, entries=1, commitIndex=98}
22:47:46.902 [raft-server-2] TRACE i.a.p.raft.roles.LeaderAppender - RaftServer{2} - Sending AppendRequest{term=1, leader=2, prevLogIndex=98, prevLogTerm=1, entries=1, commitIndex=98} to 3
22:47:46.902 [raft-server-3] TRACE i.a.p.raft.roles.FollowerRole - RaftServer{3}{role=FOLLOWER} - Received AppendRequest{term=1, leader=2, prevLogIndex=98, prevLogTerm=1, entries=1, commitIndex=98}
22:47:46.902 [raft-server-1] TRACE i.a.p.raft.roles.FollowerRole - RaftServer{1}{role=FOLLOWER} - Appended Indexed{index=99, entry=CommandEntry{term=1, timestamp=2018-06-07 10:47:46,902, session=2, sequence=90, operation=PrimitiveOperation{id=DefaultOperationId{id=write, type=COMMAND}, value=byte[]{length=17, hash=-1644578928}}}}
22:47:46.902 [raft-server-3] TRACE i.a.p.raft.roles.FollowerRole - RaftServer{3}{role=FOLLOWER} - Appended Indexed{index=99, entry=CommandEntry{term=1, timestamp=2018-06-07 10:47:46,902, session=2, sequence=90, operation=PrimitiveOperation{id=DefaultOperationId{id=write, type=COMMAND}, value=byte[]{length=17, hash=-1644578928}}}}
22:47:46.984 [raft-server-3] TRACE i.a.p.raft.roles.FollowerRole - RaftServer{3}{role=FOLLOWER} - Committed entries up to index 98
22:47:46.984 [raft-server-1] TRACE i.a.p.raft.roles.FollowerRole - RaftServer{1}{role=FOLLOWER} - Committed entries up to index 98
22:47:46.984 [raft-server-3] TRACE i.a.p.raft.roles.FollowerRole - RaftServer{3}{role=FOLLOWER} - Sending AppendResponse{status=OK, term=1, succeeded=true, lastLogIndex=99}
22:47:46.984 [raft-server-1] TRACE i.a.p.raft.roles.FollowerRole - RaftServer{1}{role=FOLLOWER} - Sending AppendResponse{status=OK, term=1, succeeded=true, lastLogIndex=99}
22:47:46.984 [raft-server-2] TRACE i.a.p.raft.roles.LeaderAppender - RaftServer{2} - Received AppendResponse{status=OK, term=1, succeeded=true, lastLogIndex=99} from 3
22:47:46.984 [raft-server-3-state] TRACE i.a.p.raft.impl.RaftServiceManager - RaftServer{3} - Applying Indexed{index=98, entry=CommandEntry{term=1, timestamp=2018-06-07 10:47:46,818, session=2, sequence=89, operation=PrimitiveOperation{id=DefaultOperationId{id=write, type=COMMAND}, value=byte[]{length=17, hash=-1644578928}}}}
22:47:46.984 [raft-server-2] TRACE i.a.p.raft.roles.LeaderAppender - RaftServer{2} - Committed entries up to 99
22:47:46.984 [raft-server-1-state] TRACE i.a.p.raft.impl.RaftServiceManager - RaftServer{1} - Applying Indexed{index=98, entry=CommandEntry{term=1, timestamp=2018-06-07 10:47:46,818, session=2, sequence=89, operation=PrimitiveOperation{id=DefaultOperationId{id=write, type=COMMAND}, value=byte[]{length=17, hash=-1644578928}}}}
22:47:46.984 [raft-server-3-state] TRACE i.a.p.s.impl.DefaultServiceExecutor - PrimitiveService{2}{type=io.atomix.protocols.raft.RaftTest$TestPrimitiveType@19970ea6, name=raft-test} - Executing DefaultCommit{index=98, session=RaftSession{RaftServiceContext{server=3, type=io.atomix.protocols.raft.RaftTest$TestPrimitiveType@19970ea6, name=raft-test, id=2}, session=2, timestamp=2018-06-07 10:47:46,818}, time=2018-06-07 10:47:46,818, operation=DefaultOperationId{id=write, type=COMMAND}, value=byte[]{length=17, hash=-1644578928}}
22:47:46.984 [raft-server-1-state] TRACE i.a.p.s.impl.DefaultServiceExecutor - PrimitiveService{2}{type=io.atomix.protocols.raft.RaftTest$TestPrimitiveType@43a95102, name=raft-test} - Executing DefaultCommit{index=98, session=RaftSession{RaftServiceContext{server=1, type=io.atomix.protocols.raft.RaftTest$TestPrimitiveType@43a95102, name=raft-test, id=2}, session=2, timestamp=2018-06-07 10:47:46,818}, time=2018-06-07 10:47:46,818, operation=DefaultOperationId{id=write, type=COMMAND}, value=byte[]{length=17, hash=-1644578928}}
22:47:47.150 [raft-server-2] TRACE i.a.p.raft.roles.LeaderAppender - RaftServer{2} - Sending AppendRequest{term=1, leader=2, prevLogIndex=99, prevLogTerm=1, entries=0, commitIndex=99} to 3
22:47:47.150 [raft-server-2] TRACE i.a.p.raft.roles.LeaderAppender - RaftServer{2} - Received AppendResponse{status=OK, term=1, succeeded=true, lastLogIndex=99} from 1
22:47:47.150 [raft-server-3] TRACE i.a.p.raft.roles.FollowerRole - RaftServer{3}{role=FOLLOWER} - Received AppendRequest{term=1, leader=2, prevLogIndex=99, prevLogTerm=1, entries=0, commitIndex=99}
22:47:47.150 [raft-server-2] TRACE i.a.p.raft.roles.LeaderAppender - RaftServer{2} - Sending AppendRequest{term=1, leader=2, prevLogIndex=99, prevLogTerm=1, entries=0, commitIndex=99} to 1
22:47:47.150 [raft-server-3] TRACE i.a.p.raft.roles.FollowerRole - RaftServer{3}{role=FOLLOWER} - Committed entries up to index 99
22:47:47.150 [raft-server-3] TRACE i.a.p.raft.roles.FollowerRole - RaftServer{3}{role=FOLLOWER} - Sending AppendResponse{status=OK, term=1, succeeded=true, lastLogIndex=99}
22:47:47.150 [raft-server-1] TRACE i.a.p.raft.roles.FollowerRole - RaftServer{1}{role=FOLLOWER} - Received AppendRequest{term=1, leader=2, prevLogIndex=99, prevLogTerm=1, entries=0, commitIndex=99}
22:47:47.150 [raft-server-1] TRACE i.a.p.raft.roles.FollowerRole - RaftServer{1}{role=FOLLOWER} - Committed entries up to index 99
22:47:47.150 [raft-server-1] TRACE i.a.p.raft.roles.FollowerRole - RaftServer{1}{role=FOLLOWER} - Sending AppendResponse{status=OK, term=1, succeeded=true, lastLogIndex=99}
22:47:47.150 [raft-server-2-state] TRACE i.a.p.raft.impl.RaftServiceManager - RaftServer{2} - Applying Indexed{index=99, entry=CommandEntry{term=1, timestamp=2018-06-07 10:47:46,902, session=2, sequence=90, operation=PrimitiveOperation{id=DefaultOperationId{id=write, type=COMMAND}, value=byte[]{length=17, hash=-1644578928}}}}
22:47:47.151 [raft-server-2] TRACE i.a.p.raft.roles.LeaderAppender - RaftServer{2} - Received AppendResponse{status=OK, term=1, succeeded=true, lastLogIndex=99} from 3
22:47:47.150 [raft-server-2-state] TRACE i.a.p.s.impl.DefaultServiceExecutor - PrimitiveService{2}{type=io.atomix.protocols.raft.RaftTest$TestPrimitiveType@581a9c39, name=raft-test} - Executing DefaultCommit{index=99, session=RaftSession{RaftServiceContext{server=2, type=io.atomix.protocols.raft.RaftTest$TestPrimitiveType@581a9c39, name=raft-test, id=2}, session=2, timestamp=2018-06-07 10:47:46,902}, time=2018-06-07 10:47:46,902, operation=DefaultOperationId{id=write, type=COMMAND}, value=byte[]{length=17, hash=-1644578928}}
22:47:47.151 [raft-server-2] TRACE i.a.p.raft.roles.LeaderAppender - RaftServer{2} - Received AppendResponse{status=OK, term=1, succeeded=true, lastLogIndex=99} from 1
22:47:47.151 [raft-server-2-state] TRACE i.a.protocols.raft.roles.LeaderRole - RaftServer{2}{role=LEADER} - Sending CommandResponse{status=OK, index=99, eventIndex=2, result=byte[]{length=3, hash=36643}}
22:47:47.157 [raft-server-1-state] TRACE i.a.p.raft.impl.RaftServiceManager - RaftServer{1} - Applying Indexed{index=99, entry=CommandEntry{term=1, timestamp=2018-06-07 10:47:46,902, session=2, sequence=90, operation=PrimitiveOperation{id=DefaultOperationId{id=write, type=COMMAND}, value=byte[]{length=17, hash=-1644578928}}}}
22:47:47.157 [raft-server-1-state] TRACE i.a.p.s.impl.DefaultServiceExecutor - PrimitiveService{2}{type=io.atomix.protocols.raft.RaftTest$TestPrimitiveType@43a95102, name=raft-test} - Executing DefaultCommit{index=99, session=RaftSession{RaftServiceContext{server=1, type=io.atomix.protocols.raft.RaftTest$TestPrimitiveType@43a95102, name=raft-test, id=2}, session=2, timestamp=2018-06-07 10:47:46,902}, time=2018-06-07 10:47:46,902, operation=DefaultOperationId{id=write, type=COMMAND}, value=byte[]{length=17, hash=-1644578928}}
22:47:47.157 [raft-server-3-state] TRACE i.a.p.raft.impl.RaftServiceManager - RaftServer{3} - Applying Indexed{index=99, entry=CommandEntry{term=1, timestamp=2018-06-07 10:47:46,902, session=2, sequence=90, operation=PrimitiveOperation{id=DefaultOperationId{id=write, type=COMMAND}, value=byte[]{length=17, hash=-1644578928}}}}
22:47:47.157 [raft-server-3-state] TRACE i.a.p.s.impl.DefaultServiceExecutor - PrimitiveService{2}{type=io.atomix.protocols.raft.RaftTest$TestPrimitiveType@19970ea6, name=raft-test} - Executing DefaultCommit{index=99, session=RaftSession{RaftServiceContext{server=3, type=io.atomix.protocols.raft.RaftTest$TestPrimitiveType@19970ea6, name=raft-test, id=2}, session=2, timestamp=2018-06-07 10:47:46,902}, time=2018-06-07 10:47:46,902, operation=DefaultOperationId{id=write, type=COMMAND}, value=byte[]{length=17, hash=-1644578928}}
22:47:47.157 [raft-server-3] TRACE i.a.p.raft.roles.FollowerRole - RaftServer{3}{role=FOLLOWER} - Sending CommandResponse{status=OK, index=99, eventIndex=2, result=byte[]{length=3, hash=36643}}
22:47:47.157 [raft-client-431b802d-5b1a-4d37-8231-45cdad27d9ba-2] TRACE i.a.p.r.p.impl.RaftProxyConnection - PartitionProxy{2}{type=io.atomix.protocols.raft.RaftTest$TestPrimitiveType@35bfa1bb, name=raft-test} - Received CommandResponse{status=OK, index=99, eventIndex=2, result=byte[]{length=3, hash=36643}} from 3
22:47:47.157 [raft-client-431b802d-5b1a-4d37-8231-45cdad27d9ba-2] TRACE i.a.p.r.p.impl.RaftProxySequencer - PartitionProxy{2}{type=io.atomix.protocols.raft.RaftTest$TestPrimitiveType@35bfa1bb, name=raft-test} - Completing response CommandResponse{status=OK, index=99, eventIndex=2, result=byte[]{length=3, hash=36643}}
22:47:47.158 [raft-client-431b802d-5b1a-4d37-8231-45cdad27d9ba-3] TRACE i.a.p.r.p.impl.RaftProxyConnection - PartitionProxy{2}{type=io.atomix.protocols.raft.RaftTest$TestPrimitiveType@35bfa1bb, name=raft-test} - Sending CommandRequest{session=2, sequence=91, operation=PrimitiveOperation{id=DefaultOperationId{id=write, type=COMMAND}, value=byte[]{length=17, hash=-1644578928}}} to 3
22:47:47.158 [raft-server-3] TRACE i.a.p.raft.roles.FollowerRole - RaftServer{3}{role=FOLLOWER} - Received CommandRequest{session=2, sequence=91, operation=PrimitiveOperation{id=DefaultOperationId{id=write, type=COMMAND}, value=byte[]{length=17, hash=-1644578928}}}
22:47:47.158 [raft-server-2] TRACE i.a.protocols.raft.roles.LeaderRole - RaftServer{2}{role=LEADER} - Received CommandRequest{session=2, sequence=91, operation=PrimitiveOperation{id=DefaultOperationId{id=write, type=COMMAND}, value=byte[]{length=17, hash=-1644578928}}}
22:47:47.158 [raft-server-2] TRACE i.a.protocols.raft.roles.LeaderRole - RaftServer{2}{role=LEADER} - Appended Indexed{index=100, entry=CommandEntry{term=1, timestamp=2018-06-07 10:47:47,158, session=2, sequence=91, operation=PrimitiveOperation{id=DefaultOperationId{id=write, type=COMMAND}, value=byte[]{length=17, hash=-1644578928}}}}
22:47:47.158 [raft-server-2] TRACE i.a.p.raft.roles.LeaderAppender - RaftServer{2} - Sending AppendRequest{term=1, leader=2, prevLogIndex=99, prevLogTerm=1, entries=1, commitIndex=99} to 1
22:47:47.158 [raft-server-1] TRACE i.a.p.raft.roles.FollowerRole - RaftServer{1}{role=FOLLOWER} - Received AppendRequest{term=1, leader=2, prevLogIndex=99, prevLogTerm=1, entries=1, commitIndex=99}
22:47:47.158 [raft-server-2] TRACE i.a.p.raft.roles.LeaderAppender - RaftServer{2} - Sending AppendRequest{term=1, leader=2, prevLogIndex=99, prevLogTerm=1, entries=1, commitIndex=99} to 3
22:47:47.159 [raft-server-1] TRACE i.a.p.raft.roles.FollowerRole - RaftServer{1}{role=FOLLOWER} - Appended Indexed{index=100, entry=CommandEntry{term=1, timestamp=2018-06-07 10:47:47,158, session=2, sequence=91, operation=PrimitiveOperation{id=DefaultOperationId{id=write, type=COMMAND}, value=byte[]{length=17, hash=-1644578928}}}}
22:47:47.159 [raft-server-1] TRACE i.a.p.raft.roles.FollowerRole - RaftServer{1}{role=FOLLOWER} - Sending AppendResponse{status=OK, term=1, succeeded=true, lastLogIndex=100}
22:47:47.159 [raft-server-2] TRACE i.a.p.raft.roles.LeaderAppender - RaftServer{2} - Received AppendResponse{status=OK, term=1, succeeded=true, lastLogIndex=100} from 1
22:47:47.159 [raft-server-3] TRACE i.a.p.raft.roles.FollowerRole - RaftServer{3}{role=FOLLOWER} - Received AppendRequest{term=1, leader=2, prevLogIndex=99, prevLogTerm=1, entries=1, commitIndex=99}
22:47:47.159 [raft-server-2] TRACE i.a.p.raft.roles.LeaderAppender - RaftServer{2} - Committed entries up to 100
22:47:47.159 [raft-server-3] TRACE i.a.p.raft.roles.FollowerRole - RaftServer{3}{role=FOLLOWER} - Appended Indexed{index=100, entry=CommandEntry{term=1, timestamp=2018-06-07 10:47:47,158, session=2, sequence=91, operation=PrimitiveOperation{id=DefaultOperationId{id=write, type=COMMAND}, value=byte[]{length=17, hash=-1644578928}}}}
22:47:47.159 [raft-server-3] TRACE i.a.p.raft.roles.FollowerRole - RaftServer{3}{role=FOLLOWER} - Sending AppendResponse{status=OK, term=1, succeeded=true, lastLogIndex=100}
22:47:47.833 [raft-server-2] TRACE i.a.p.raft.roles.LeaderAppender - RaftServer{2} - Received AppendResponse{status=OK, term=1, succeeded=true, lastLogIndex=100} from 3
22:47:47.833 [raft-server-2] TRACE i.a.p.raft.roles.LeaderAppender - RaftServer{2} - Sending AppendRequest{term=1, leader=2, prevLogIndex=100, prevLogTerm=1, entries=0, commitIndex=100} to 1
22:47:47.833 [raft-server-2] TRACE i.a.p.raft.roles.LeaderAppender - RaftServer{2} - Sending AppendRequest{term=1, leader=2, prevLogIndex=100, prevLogTerm=1, entries=0, commitIndex=100} to 3
22:47:47.833 [raft-server-1] TRACE i.a.p.raft.roles.FollowerRole - RaftServer{1}{role=FOLLOWER} - Received AppendRequest{term=1, leader=2, prevLogIndex=100, prevLogTerm=1, entries=0, commitIndex=100}
22:47:47.833 [raft-server-3] TRACE i.a.p.raft.roles.FollowerRole - RaftServer{3}{role=FOLLOWER} - Received AppendRequest{term=1, leader=2, prevLogIndex=100, prevLogTerm=1, entries=0, commitIndex=100}
22:47:47.834 [raft-server-2-state] TRACE i.a.p.raft.impl.RaftServiceManager - RaftServer{2} - Applying Indexed{index=100, entry=CommandEntry{term=1, timestamp=2018-06-07 10:47:47,158, session=2, sequence=91, operation=PrimitiveOperation{id=DefaultOperationId{id=write, type=COMMAND}, value=byte[]{length=17, hash=-1644578928}}}}
22:47:47.834 [raft-server-2-state] TRACE i.a.p.s.impl.DefaultServiceExecutor - PrimitiveService{2}{type=io.atomix.protocols.raft.RaftTest$TestPrimitiveType@581a9c39, name=raft-test} - Executing DefaultCommit{index=100, session=RaftSession{RaftServiceContext{server=2, type=io.atomix.protocols.raft.RaftTest$TestPrimitiveType@581a9c39, name=raft-test, id=2}, session=2, timestamp=2018-06-07 10:47:47,158}, time=2018-06-07 10:47:47,158, operation=DefaultOperationId{id=write, type=COMMAND}, value=byte[]{length=17, hash=-1644578928}}
22:47:47.834 [raft-server-2-state] TRACE i.a.protocols.raft.roles.LeaderRole - RaftServer{2}{role=LEADER} - Sending CommandResponse{status=OK, index=100, eventIndex=2, result=byte[]{length=3, hash=36705}}
22:47:47.950 [raft-server-1] TRACE i.a.p.raft.roles.FollowerRole - RaftServer{1}{role=FOLLOWER} - Committed entries up to index 100
22:47:47.950 [raft-server-1] TRACE i.a.p.raft.roles.FollowerRole - RaftServer{1}{role=FOLLOWER} - Sending AppendResponse{status=OK, term=1, succeeded=true, lastLogIndex=100}
22:47:47.950 [raft-server-3] TRACE i.a.p.raft.roles.FollowerRole - RaftServer{3}{role=FOLLOWER} - Committed entries up to index 100
22:47:47.950 [raft-server-2] TRACE i.a.p.raft.roles.LeaderAppender - RaftServer{2} - Received AppendResponse{status=OK, term=1, succeeded=true, lastLogIndex=100} from 1
22:47:47.950 [raft-server-1-state] TRACE i.a.p.raft.impl.RaftServiceManager - RaftServer{1} - Applying Indexed{index=100, entry=CommandEntry{term=1, timestamp=2018-06-07 10:47:47,158, session=2, sequence=91, operation=PrimitiveOperation{id=DefaultOperationId{id=write, type=COMMAND}, value=byte[]{length=17, hash=-1644578928}}}}
22:47:47.950 [raft-server-2] TRACE i.a.p.raft.roles.LeaderAppender - RaftServer{2} - Sending AppendRequest{term=1, leader=2, prevLogIndex=100, prevLogTerm=1, entries=0, commitIndex=100} to 1
22:47:47.950 [raft-server-1-state] TRACE i.a.p.s.impl.DefaultServiceExecutor - PrimitiveService{2}{type=io.atomix.protocols.raft.RaftTest$TestPrimitiveType@43a95102, name=raft-test} - Executing DefaultCommit{index=100, session=RaftSession{RaftServiceContext{server=1, type=io.atomix.protocols.raft.RaftTest$TestPrimitiveType@43a95102, name=raft-test, id=2}, session=2, timestamp=2018-06-07 10:47:47,158}, time=2018-06-07 10:47:47,158, operation=DefaultOperationId{id=write, type=COMMAND}, value=byte[]{length=17, hash=-1644578928}}
22:47:47.950 [raft-server-1] TRACE i.a.p.raft.roles.FollowerRole - RaftServer{1}{role=FOLLOWER} - Received AppendRequest{term=1, leader=2, prevLogIndex=100, prevLogTerm=1, entries=0, commitIndex=100}
22:47:47.950 [raft-server-3] TRACE i.a.p.raft.roles.FollowerRole - RaftServer{3}{role=FOLLOWER} - Sending AppendResponse{status=OK, term=1, succeeded=true, lastLogIndex=100}
22:47:47.950 [raft-server-1] TRACE i.a.p.raft.roles.FollowerRole - RaftServer{1}{role=FOLLOWER} - Sending AppendResponse{status=OK, term=1, succeeded=true, lastLogIndex=100}
22:47:47.950 [raft-server-3] TRACE i.a.p.raft.roles.FollowerRole - RaftServer{3}{role=FOLLOWER} - Sending CommandResponse{status=OK, index=100, eventIndex=2, result=byte[]{length=3, hash=36705}}
22:47:47.950 [raft-server-2] TRACE i.a.p.raft.roles.LeaderAppender - RaftServer{2} - Received AppendResponse{status=OK, term=1, succeeded=true, lastLogIndex=100} from 3
22:47:47.950 [raft-client-431b802d-5b1a-4d37-8231-45cdad27d9ba-6] TRACE i.a.p.r.p.impl.RaftProxyConnection - PartitionProxy{2}{type=io.atomix.protocols.raft.RaftTest$TestPrimitiveType@35bfa1bb, name=raft-test} - Received CommandResponse{status=OK, index=100, eventIndex=2, result=byte[]{length=3, hash=36705}} from 3
22:47:47.950 [raft-server-3-state] TRACE i.a.p.raft.impl.RaftServiceManager - RaftServer{3} - Applying Indexed{index=100, entry=CommandEntry{term=1, timestamp=2018-06-07 10:47:47,158, session=2, sequence=91, operation=PrimitiveOperation{id=DefaultOperationId{id=write, type=COMMAND}, value=byte[]{length=17, hash=-1644578928}}}}
22:47:47.950 [raft-server-2] TRACE i.a.p.raft.roles.LeaderAppender - RaftServer{2} - Sending AppendRequest{term=1, leader=2, prevLogIndex=100, prevLogTerm=1, entries=0, commitIndex=100} to 3
22:47:47.950 [raft-client-431b802d-5b1a-4d37-8231-45cdad27d9ba-6] TRACE i.a.p.r.p.impl.RaftProxySequencer - PartitionProxy{2}{type=io.atomix.protocols.raft.RaftTest$TestPrimitiveType@35bfa1bb, name=raft-test} - Completing response CommandResponse{status=OK, index=100, eventIndex=2, result=byte[]{length=3, hash=36705}}
22:47:47.950 [raft-server-3-state] TRACE i.a.p.s.impl.DefaultServiceExecutor - PrimitiveService{2}{type=io.atomix.protocols.raft.RaftTest$TestPrimitiveType@19970ea6, name=raft-test} - Executing DefaultCommit{index=100, session=RaftSession{RaftServiceContext{server=3, type=io.atomix.protocols.raft.RaftTest$TestPrimitiveType@19970ea6, name=raft-test, id=2}, session=2, timestamp=2018-06-07 10:47:47,158}, time=2018-06-07 10:47:47,158, operation=DefaultOperationId{id=write, type=COMMAND}, value=byte[]{length=17, hash=-1644578928}}
22:47:47.951 [raft-server-2] TRACE i.a.p.raft.roles.LeaderAppender - RaftServer{2} - Received AppendResponse{status=OK, term=1, succeeded=true, lastLogIndex=100} from 1
22:47:47.951 [raft-server-3] TRACE i.a.p.raft.roles.FollowerRole - RaftServer{3}{role=FOLLOWER} - Received AppendRequest{term=1, leader=2, prevLogIndex=100, prevLogTerm=1, entries=0, commitIndex=100}
22:47:47.951 [raft-server-3] TRACE i.a.p.raft.roles.FollowerRole - RaftServer{3}{role=FOLLOWER} - Sending AppendResponse{status=OK, term=1, succeeded=true, lastLogIndex=100}
22:47:47.951 [raft-server-2] TRACE i.a.p.raft.roles.LeaderAppender - RaftServer{2} - Received AppendResponse{status=OK, term=1, succeeded=true, lastLogIndex=100} from 3
22:47:47.951 [raft-client-431b802d-5b1a-4d37-8231-45cdad27d9ba-5] TRACE i.a.p.r.p.impl.RaftProxyConnection - PartitionProxy{2}{type=io.atomix.protocols.raft.RaftTest$TestPrimitiveType@35bfa1bb, name=raft-test} - Sending CommandRequest{session=2, sequence=92, operation=PrimitiveOperation{id=DefaultOperationId{id=write, type=COMMAND}, value=byte[]{length=17, hash=-1644578928}}} to 3
22:47:47.951 [raft-server-3] TRACE i.a.p.raft.roles.FollowerRole - RaftServer{3}{role=FOLLOWER} - Received CommandRequest{session=2, sequence=92, operation=PrimitiveOperation{id=DefaultOperationId{id=write, type=COMMAND}, value=byte[]{length=17, hash=-1644578928}}}
22:47:47.951 [raft-server-2] TRACE i.a.protocols.raft.roles.LeaderRole - RaftServer{2}{role=LEADER} - Received CommandRequest{session=2, sequence=92, operation=PrimitiveOperation{id=DefaultOperationId{id=write, type=COMMAND}, value=byte[]{length=17, hash=-1644578928}}}
22:47:48.139 [raft-server-2] DEBUG i.a.storage.journal.SegmentedJournal - Created disk segment: JournalSegment{id=11, version=1, index=101, size=64}
22:47:48.139 [raft-server-2] TRACE i.a.protocols.raft.roles.LeaderRole - RaftServer{2}{role=LEADER} - Appended Indexed{index=101, entry=CommandEntry{term=1, timestamp=2018-06-07 10:47:47,951, session=2, sequence=92, operation=PrimitiveOperation{id=DefaultOperationId{id=write, type=COMMAND}, value=byte[]{length=17, hash=-1644578928}}}}
22:47:48.139 [raft-server-2] TRACE i.a.p.raft.roles.LeaderAppender - RaftServer{2} - Sending AppendRequest{term=1, leader=2, prevLogIndex=100, prevLogTerm=1, entries=1, commitIndex=100} to 1
22:47:48.139 [raft-server-1] TRACE i.a.p.raft.roles.FollowerRole - RaftServer{1}{role=FOLLOWER} - Received AppendRequest{term=1, leader=2, prevLogIndex=100, prevLogTerm=1, entries=1, commitIndex=100}
22:47:48.139 [raft-server-2] TRACE i.a.p.raft.roles.LeaderAppender - RaftServer{2} - Sending AppendRequest{term=1, leader=2, prevLogIndex=100, prevLogTerm=1, entries=1, commitIndex=100} to 3
22:47:48.139 [raft-server-3] TRACE i.a.p.raft.roles.FollowerRole - RaftServer{3}{role=FOLLOWER} - Received AppendRequest{term=1, leader=2, prevLogIndex=100, prevLogTerm=1, entries=1, commitIndex=100}
22:47:48.308 [raft-server-1] DEBUG i.a.storage.journal.SegmentedJournal - Created disk segment: JournalSegment{id=11, version=1, index=101, size=64}
22:47:48.308 [raft-server-1] TRACE i.a.p.raft.roles.FollowerRole - RaftServer{1}{role=FOLLOWER} - Appended Indexed{index=101, entry=CommandEntry{term=1, timestamp=2018-06-07 10:47:47,951, session=2, sequence=92, operation=PrimitiveOperation{id=DefaultOperationId{id=write, type=COMMAND}, value=byte[]{length=17, hash=-1644578928}}}}
22:47:48.308 [raft-server-1] TRACE i.a.p.raft.roles.FollowerRole - RaftServer{1}{role=FOLLOWER} - Sending AppendResponse{status=OK, term=1, succeeded=true, lastLogIndex=101}
22:47:48.308 [raft-server-2] TRACE i.a.p.raft.roles.LeaderAppender - RaftServer{2} - Received AppendResponse{status=OK, term=1, succeeded=true, lastLogIndex=101} from 1
22:47:48.309 [raft-server-2] TRACE i.a.p.raft.roles.LeaderAppender - RaftServer{2} - Committed entries up to 101
22:47:48.389 [raft-server-3] DEBUG i.a.storage.journal.SegmentedJournal - Created disk segment: JournalSegment{id=11, version=1, index=101, size=64}
22:47:48.389 [raft-server-3] TRACE i.a.p.raft.roles.FollowerRole - RaftServer{3}{role=FOLLOWER} - Appended Indexed{index=101, entry=CommandEntry{term=1, timestamp=2018-06-07 10:47:47,951, session=2, sequence=92, operation=PrimitiveOperation{id=DefaultOperationId{id=write, type=COMMAND}, value=byte[]{length=17, hash=-1644578928}}}}
22:47:48.389 [raft-server-3] TRACE i.a.p.raft.roles.FollowerRole - RaftServer{3}{role=FOLLOWER} - Sending AppendResponse{status=OK, term=1, succeeded=true, lastLogIndex=101}
22:47:48.423 [raft-client-431b802d-5b1a-4d37-8231-45cdad27d9ba-1] TRACE i.a.p.r.proxy.impl.RaftProxyManager - RaftClient{431b802d-5b1a-4d37-8231-45cdad27d9ba} - Keeping 1 sessions alive
22:47:48.423 [raft-client-431b802d-5b1a-4d37-8231-45cdad27d9ba-1] TRACE i.a.p.r.p.impl.RaftProxyConnection - RaftClient{431b802d-5b1a-4d37-8231-45cdad27d9ba} - Sending KeepAliveRequest{sessionIds=long[]{length=1, hash=33}, commandSequences=long[]{length=1, hash=122}, eventIndexes=long[]{length=1, hash=33}} to 3
22:47:48.423 [raft-server-3] TRACE i.a.p.raft.roles.FollowerRole - RaftServer{3}{role=FOLLOWER} - Received KeepAliveRequest{sessionIds=long[]{length=1, hash=33}, commandSequences=long[]{length=1, hash=122}, eventIndexes=long[]{length=1, hash=33}}
22:47:48.429 [raft-server-1] INFO  i.a.protocols.raft.impl.RaftContext - RaftServer{1} - Transitioning to INACTIVE
22:47:48.429 [raft-server-1] TRACE i.a.p.raft.roles.FollowerRole - RaftServer{1}{role=FOLLOWER} - Cancelling heartbeat timer
22:47:48.429 [ForkJoinPool.commonPool-worker-3] DEBUG i.a.storage.journal.SegmentedJournal - Closing segment: JournalSegment{id=1, version=1, index=1, size=505}
22:47:48.429 [ForkJoinPool.commonPool-worker-3] DEBUG i.a.storage.journal.SegmentedJournal - Closing segment: JournalSegment{id=2, version=1, index=11, size=574}
22:47:48.429 [ForkJoinPool.commonPool-worker-3] DEBUG i.a.storage.journal.SegmentedJournal - Closing segment: JournalSegment{id=3, version=1, index=21, size=549}
22:47:48.429 [ForkJoinPool.commonPool-worker-3] DEBUG i.a.storage.journal.SegmentedJournal - Closing segment: JournalSegment{id=4, version=1, index=31, size=574}
22:47:48.429 [ForkJoinPool.commonPool-worker-3] DEBUG i.a.storage.journal.SegmentedJournal - Closing segment: JournalSegment{id=5, version=1, index=41, size=549}
22:47:48.429 [ForkJoinPool.commonPool-worker-3] DEBUG i.a.storage.journal.SegmentedJournal - Closing segment: JournalSegment{id=6, version=1, index=51, size=574}
22:47:48.429 [ForkJoinPool.commonPool-worker-3] DEBUG i.a.storage.journal.SegmentedJournal - Closing segment: JournalSegment{id=7, version=1, index=61, size=549}
22:47:48.429 [ForkJoinPool.commonPool-worker-3] DEBUG i.a.storage.journal.SegmentedJournal - Closing segment: JournalSegment{id=8, version=1, index=71, size=559}
22:47:48.429 [ForkJoinPool.commonPool-worker-3] DEBUG i.a.storage.journal.SegmentedJournal - Closing segment: JournalSegment{id=9, version=1, index=81, size=584}
22:47:48.430 [ForkJoinPool.commonPool-worker-3] DEBUG i.a.storage.journal.SegmentedJournal - Closing segment: JournalSegment{id=10, version=1, index=91, size=559}
22:47:48.430 [ForkJoinPool.commonPool-worker-3] DEBUG i.a.storage.journal.SegmentedJournal - Closing segment: JournalSegment{id=11, version=1, index=101, size=116}
22:47:48.441 [raft-server-2] TRACE i.a.p.raft.roles.LeaderAppender - RaftServer{2} - Sending AppendRequest{term=1, leader=2, prevLogIndex=101, prevLogTerm=1, entries=0, commitIndex=101} to 1
22:47:48.442 [raft-server-2] TRACE i.a.p.raft.roles.LeaderAppender - RaftServer{2} - Received AppendResponse{status=OK, term=1, succeeded=true, lastLogIndex=101} from 3
22:47:48.442 [raft-server-2] TRACE i.a.p.raft.roles.LeaderAppender - RaftServer{2} - Sending AppendRequest{term=1, leader=2, prevLogIndex=101, prevLogTerm=1, entries=0, commitIndex=101} to 3
22:47:48.442 [raft-server-2] TRACE i.a.protocols.raft.roles.LeaderRole - RaftServer{2}{role=LEADER} - Received KeepAliveRequest{sessionIds=long[]{length=1, hash=33}, commandSequences=long[]{length=1, hash=122}, eventIndexes=long[]{length=1, hash=33}}
22:47:48.442 [raft-server-3] TRACE i.a.p.raft.roles.FollowerRole - RaftServer{3}{role=FOLLOWER} - Received AppendRequest{term=1, leader=2, prevLogIndex=101, prevLogTerm=1, entries=0, commitIndex=101}
22:47:48.442 [raft-server-2] TRACE i.a.protocols.raft.roles.LeaderRole - RaftServer{2}{role=LEADER} - Appended Indexed{index=102, entry=KeepAliveEntry{term=1, timestamp=2018-06-07 10:47:48,442, sessionIds=long[]{length=1, hash=33}, commandSequences=long[]{length=1, hash=122}, eventIndexes=long[]{length=1, hash=33}}}
22:47:48.442 [raft-server-2] INFO  i.a.protocols.raft.impl.RaftContext - RaftServer{2} - Transitioning to INACTIVE
22:47:48.442 [raft-server-2] TRACE i.a.protocols.raft.roles.LeaderRole - RaftServer{2}{role=LEADER} - Cancelling append timer
22:47:48.442 [raft-server-2] TRACE i.a.p.raft.storage.system.MetaStore - Store vote null
22:47:48.539 [raft-server-3] TRACE i.a.p.raft.roles.FollowerRole - RaftServer{3}{role=FOLLOWER} - Committed entries up to index 101
22:47:48.539 [raft-server-3] TRACE i.a.p.raft.roles.FollowerRole - RaftServer{3}{role=FOLLOWER} - Sending AppendResponse{status=OK, term=1, succeeded=true, lastLogIndex=101}
22:47:48.539 [ForkJoinPool.commonPool-worker-3] DEBUG i.a.storage.journal.SegmentedJournal - Closing segment: JournalSegment{id=1, version=1, index=1, size=505}
22:47:48.539 [ForkJoinPool.commonPool-worker-3] DEBUG i.a.storage.journal.SegmentedJournal - Closing segment: JournalSegment{id=2, version=1, index=11, size=574}
22:47:48.539 [raft-server-3-state] TRACE i.a.p.raft.impl.RaftServiceManager - RaftServer{3} - Applying Indexed{index=101, entry=CommandEntry{term=1, timestamp=2018-06-07 10:47:47,951, session=2, sequence=92, operation=PrimitiveOperation{id=DefaultOperationId{id=write, type=COMMAND}, value=byte[]{length=17, hash=-1644578928}}}}
22:47:48.539 [raft-server-2-state] TRACE i.a.p.raft.impl.RaftServiceManager - RaftServer{2} - Applying Indexed{index=101, entry=CommandEntry{term=1, timestamp=2018-06-07 10:47:47,951, session=2, sequence=92, operation=PrimitiveOperation{id=DefaultOperationId{id=write, type=COMMAND}, value=byte[]{length=17, hash=-1644578928}}}}
22:47:48.539 [ForkJoinPool.commonPool-worker-3] DEBUG i.a.storage.journal.SegmentedJournal - Closing segment: JournalSegment{id=3, version=1, index=21, size=549}
22:47:48.539 [raft-server-3-state] TRACE i.a.p.s.impl.DefaultServiceExecutor - PrimitiveService{2}{type=io.atomix.protocols.raft.RaftTest$TestPrimitiveType@19970ea6, name=raft-test} - Executing DefaultCommit{index=101, session=RaftSession{RaftServiceContext{server=3, type=io.atomix.protocols.raft.RaftTest$TestPrimitiveType@19970ea6, name=raft-test, id=2}, session=2, timestamp=2018-06-07 10:47:47,951}, time=2018-06-07 10:47:47,951, operation=DefaultOperationId{id=write, type=COMMAND}, value=byte[]{length=17, hash=-1644578928}}
22:47:48.539 [raft-server-2-state] TRACE i.a.p.s.impl.DefaultServiceExecutor - PrimitiveService{2}{type=io.atomix.protocols.raft.RaftTest$TestPrimitiveType@581a9c39, name=raft-test} - Executing DefaultCommit{index=101, session=RaftSession{RaftServiceContext{server=2, type=io.atomix.protocols.raft.RaftTest$TestPrimitiveType@581a9c39, name=raft-test, id=2}, session=2, timestamp=2018-06-07 10:47:47,951}, time=2018-06-07 10:47:47,951, operation=DefaultOperationId{id=write, type=COMMAND}, value=byte[]{length=17, hash=-1644578928}}
22:47:48.539 [ForkJoinPool.commonPool-worker-3] DEBUG i.a.storage.journal.SegmentedJournal - Closing segment: JournalSegment{id=4, version=1, index=31, size=574}
22:47:48.540 [raft-server-2-state] TRACE i.a.protocols.raft.roles.LeaderRole - RaftServer{2}{role=LEADER} - Sending CommandResponse{status=OK, index=101, eventIndex=2, result=byte[]{length=3, hash=36767}}
22:47:48.540 [ForkJoinPool.commonPool-worker-3] DEBUG i.a.storage.journal.SegmentedJournal - Closing segment: JournalSegment{id=5, version=1, index=41, size=549}
22:47:48.540 [raft-server-3] TRACE i.a.p.raft.roles.FollowerRole - RaftServer{3}{role=FOLLOWER} - Sending CommandResponse{status=OK, index=101, eventIndex=2, result=byte[]{length=3, hash=36767}}
22:47:48.540 [ForkJoinPool.commonPool-worker-3] DEBUG i.a.storage.journal.SegmentedJournal - Closing segment: JournalSegment{id=6, version=1, index=51, size=574}
22:47:48.540 [ForkJoinPool.commonPool-worker-3] DEBUG i.a.storage.journal.SegmentedJournal - Closing segment: JournalSegment{id=7, version=1, index=61, size=549}
22:47:48.540 [ForkJoinPool.commonPool-worker-3] DEBUG i.a.storage.journal.SegmentedJournal - Closing segment: JournalSegment{id=8, version=1, index=71, size=559}
22:47:48.540 [ForkJoinPool.commonPool-worker-3] DEBUG i.a.storage.journal.SegmentedJournal - Closing segment: JournalSegment{id=9, version=1, index=81, size=584}
22:47:48.540 [ForkJoinPool.commonPool-worker-3] DEBUG i.a.storage.journal.SegmentedJournal - Closing segment: JournalSegment{id=10, version=1, index=91, size=559}
22:47:48.540 [ForkJoinPool.commonPool-worker-3] DEBUG i.a.storage.journal.SegmentedJournal - Closing segment: JournalSegment{id=11, version=1, index=101, size=143}
22:47:48.540 [raft-server-3] INFO  i.a.protocols.raft.impl.RaftContext - RaftServer{3} - Transitioning to INACTIVE
22:47:48.540 [raft-server-3] TRACE i.a.p.raft.roles.FollowerRole - RaftServer{3}{role=FOLLOWER} - Cancelling heartbeat timer
22:47:48.540 [ForkJoinPool.commonPool-worker-3] DEBUG i.a.storage.journal.SegmentedJournal - Closing segment: JournalSegment{id=1, version=1, index=1, size=505}
22:47:48.540 [ForkJoinPool.commonPool-worker-3] DEBUG i.a.storage.journal.SegmentedJournal - Closing segment: JournalSegment{id=2, version=1, index=11, size=574}
22:47:48.541 [ForkJoinPool.commonPool-worker-3] DEBUG i.a.storage.journal.SegmentedJournal - Closing segment: JournalSegment{id=3, version=1, index=21, size=549}
22:47:48.541 [ForkJoinPool.commonPool-worker-3] DEBUG i.a.storage.journal.SegmentedJournal - Closing segment: JournalSegment{id=4, version=1, index=31, size=574}
22:47:48.541 [ForkJoinPool.commonPool-worker-3] DEBUG i.a.storage.journal.SegmentedJournal - Closing segment: JournalSegment{id=5, version=1, index=41, size=549}
22:47:48.541 [ForkJoinPool.commonPool-worker-3] DEBUG i.a.storage.journal.SegmentedJournal - Closing segment: JournalSegment{id=6, version=1, index=51, size=574}
22:47:48.541 [ForkJoinPool.commonPool-worker-3] DEBUG i.a.storage.journal.SegmentedJournal - Closing segment: JournalSegment{id=7, version=1, index=61, size=549}
22:47:48.541 [ForkJoinPool.commonPool-worker-3] DEBUG i.a.storage.journal.SegmentedJournal - Closing segment: JournalSegment{id=8, version=1, index=71, size=559}
22:47:48.541 [ForkJoinPool.commonPool-worker-3] DEBUG i.a.storage.journal.SegmentedJournal - Closing segment: JournalSegment{id=9, version=1, index=81, size=584}
22:47:48.541 [ForkJoinPool.commonPool-worker-3] DEBUG i.a.storage.journal.SegmentedJournal - Closing segment: JournalSegment{id=10, version=1, index=91, size=559}
22:47:48.541 [ForkJoinPool.commonPool-worker-3] DEBUG i.a.storage.journal.SegmentedJournal - Closing segment: JournalSegment{id=11, version=1, index=101, size=116}
]]></system-out>
  </testcase>
  <testcase name="testThreeNodeSubmitQueryWithSequentialConsistency" classname="io.atomix.protocols.raft.RaftTest" time="4.061"/>
  <testcase name="testFiveNodeSubmitQueryWithBoundedLinearizableConsistency" classname="io.atomix.protocols.raft.RaftTest" time="3.551"/>
  <testcase name="testTwoNodeSubmitQueryWithBoundedLinearizableConsistency" classname="io.atomix.protocols.raft.RaftTest" time="3.676"/>
  <testcase name="testThreeOfFiveNodeSubmitCommand" classname="io.atomix.protocols.raft.RaftTest" time="2.908"/>
  <testcase name="testTwoNodeSubmitQueryWithSequentialConsistency" classname="io.atomix.protocols.raft.RaftTest" time="2.322"/>
  <testcase name="testActiveJoinEvent" classname="io.atomix.protocols.raft.RaftTest" time="4.305"/>
  <testcase name="testOneNodeSubmitCommand" classname="io.atomix.protocols.raft.RaftTest" time="1.672"/>
  <testcase name="testFourNodeSubmitCommand" classname="io.atomix.protocols.raft.RaftTest" time="5.023"/>
  <testcase name="testTwoNodeSequentialEvent" classname="io.atomix.protocols.raft.RaftTest" time="2.686"/>
  <testcase name="testThreeNodeCloseEvent" classname="io.atomix.protocols.raft.RaftTest" time="4.176"/>
  <testcase name="testFourNodeSubmitQueryWithBoundedLinearizableConsistency" classname="io.atomix.protocols.raft.RaftTest" time="4.338"/>
  <testcase name="testFiveNodeSubmitQueryWithLinearizableConsistency" classname="io.atomix.protocols.raft.RaftTest" time="4.001"/>
  <testcase name="testSequenceSequentialOperations" classname="io.atomix.protocols.raft.RaftTest" time="5.025"/>
  <testcase name="testSingleMemberStart" classname="io.atomix.protocols.raft.RaftTest" time="3.958"/>
  <testcase name="testThreeNodeEvents" classname="io.atomix.protocols.raft.RaftTest" time="4.7"/>
  <testcase name="testSequenceLinearizableOperations" classname="io.atomix.protocols.raft.RaftTest" time="5.579"/>
  <testcase name="testThreeNodeSubmitQueryWithLinearizableConsistency" classname="io.atomix.protocols.raft.RaftTest" time="2.722"/>
  <testcase name="testFiveNodeManyEvents" classname="io.atomix.protocols.raft.RaftTest" time="10.948"/>
  <testcase name="testOneNodeSubmitQueryWithBoundedLinearizableConsistency" classname="io.atomix.protocols.raft.RaftTest" time="2.423"/>
  <testcase name="testFiveNodeExpireEvent" classname="io.atomix.protocols.raft.RaftTest" time="11.41"/>
  <testcase name="testFiveNodeSubmitQueryWithSequentialConsistency" classname="io.atomix.protocols.raft.RaftTest" time="3.055"/>
  <testcase name="testTransferLeadership" classname="io.atomix.protocols.raft.RaftTest" time="3.057">
    <skipped/>
    <system-out>22:49:21.125 [raft-server-2-state] TRACE i.a.utils.serializer.KryoNamespace - class [Z registered as 50
22:49:21.125 [raft-server-3-state] TRACE i.a.utils.serializer.KryoNamespace - class [Z registered as 50
</system-out>
  </testcase>
  <testcase name="testTwoNodeSubmitQueryWithLinearizableConsistency" classname="io.atomix.protocols.raft.RaftTest" time="3.939"/>
  <testcase name="testThreeNodeSequentialEvent" classname="io.atomix.protocols.raft.RaftTest" time="3.162"/>
  <testcase name="testTwoNodeEvents" classname="io.atomix.protocols.raft.RaftTest" time="2.603"/>
  <testcase name="testActiveJoin" classname="io.atomix.protocols.raft.RaftTest" time="2.768"/>
  <testcase name="testPassiveJoinLate" classname="io.atomix.protocols.raft.RaftTest" time="22.642"/>
  <testcase name="testPassiveJoin" classname="io.atomix.protocols.raft.RaftTest" time="2.817"/>
  <testcase name="testFiveNodesManyEventsAfterLeaderShutdown" classname="io.atomix.protocols.raft.RaftTest" time="7.772"/>
  <testcase name="testFiveNodeSubmitCommand" classname="io.atomix.protocols.raft.RaftTest" time="3.84"/>
  <testcase name="testOneNodeExpireEvent" classname="io.atomix.protocols.raft.RaftTest" time="9.762"/>
  <testcase name="testFiveNodesEventsAfterLeaderKill" classname="io.atomix.protocols.raft.RaftTest" time="8.072"/>
  <testcase name="testTwoNodeSubmitCommand" classname="io.atomix.protocols.raft.RaftTest" time="2.379"/>
  <testcase name="testThreeNodeExpireEvent" classname="io.atomix.protocols.raft.RaftTest" time="11.213"/>
  <testcase name="testResize" classname="io.atomix.protocols.raft.RaftTest" time="3.766"/>
  <testcase name="testFiveNodeCloseEvent" classname="io.atomix.protocols.raft.RaftTest" time="3.613"/>
  <testcase name="testOneNodeSubmitQueryWithLinearizableConsistency" classname="io.atomix.protocols.raft.RaftTest" time="2.034"/>
  <testcase name="testThreeNodeSubmitQueryWithBoundedLinearizableConsistency" classname="io.atomix.protocols.raft.RaftTest" time="4.386"/>
  <testcase name="testLeaderLeave" classname="io.atomix.protocols.raft.RaftTest" time="2.555"/>
  <testcase name="testFiveNodesEventsAfterFollowerKill" classname="io.atomix.protocols.raft.RaftTest" time="5.085"/>
  <testcase name="testThreeNodesEventsAfterFollowerKill" classname="io.atomix.protocols.raft.RaftTest" time="4.576"/>
  <testcase name="testFiveNodeEvents" classname="io.atomix.protocols.raft.RaftTest" time="3.376"/>
</testsuite>