<?xml version="1.0" encoding="UTF-8"?>
<testsuite name="io.atomix.protocols.raft.RaftTest" time="351.164" tests="65" errors="0" skipped="1" failures="0">
  <properties>
    <property name="java.runtime.name" value="OpenJDK Runtime Environment"/>
    <property name="sun.boot.library.path" value="/usr/lib/jvm/java-8-openjdk-amd64/jre/lib/amd64"/>
    <property name="java.vm.version" value="25.121-b13"/>
    <property name="java.vm.vendor" value="Oracle Corporation"/>
    <property name="maven.multiModuleProjectDirectory" value="/root/workspace/atomix/atomix/390270568"/>
    <property name="java.vendor.url" value="http://java.oracle.com/"/>
    <property name="path.separator" value=":"/>
    <property name="guice.disable.misplaced.annotation.check" value="true"/>
    <property name="skip.gulp" value="true"/>
    <property name="java.vm.name" value="OpenJDK 64-Bit Server VM"/>
    <property name="file.encoding.pkg" value="sun.io"/>
    <property name="sun.java.launcher" value="SUN_STANDARD"/>
    <property name="sun.os.patch.level" value="unknown"/>
    <property name="findbugs.skip" value="true"/>
    <property name="java.vm.specification.name" value="Java Virtual Machine Specification"/>
    <property name="user.dir" value="/root/workspace/atomix/atomix/390270568"/>
    <property name="checkstyle.skip" value="true"/>
    <property name="java.runtime.version" value="1.8.0_121-8u121-b13-1~bpo8+1-b13"/>
    <property name="java.awt.graphicsenv" value="sun.awt.X11GraphicsEnvironment"/>
    <property name="skip.npm" value="true"/>
    <property name="java.endorsed.dirs" value="/usr/lib/jvm/java-8-openjdk-amd64/jre/lib/endorsed"/>
    <property name="os.arch" value="amd64"/>
    <property name="java.io.tmpdir" value="/tmp"/>
    <property name="gpg.skip" value="true"/>
    <property name="line.separator" value="&#10;"/>
    <property name="java.vm.specification.vendor" value="Oracle Corporation"/>
    <property name="cobertura.skip" value="true"/>
    <property name="os.name" value="Linux"/>
    <property name="classworlds.conf" value="/usr/share/maven/bin/m2.conf"/>
    <property name="sun.jnu.encoding" value="UTF-8"/>
    <property name="java.library.path" value="/usr/java/packages/lib/amd64:/usr/lib/x86_64-linux-gnu/jni:/lib/x86_64-linux-gnu:/usr/lib/x86_64-linux-gnu:/usr/lib/jni:/lib:/usr/lib"/>
    <property name="license.skip" value="true"/>
    <property name="java.specification.name" value="Java Platform API Specification"/>
    <property name="java.class.version" value="52.0"/>
    <property name="sun.management.compiler" value="HotSpot 64-Bit Tiered Compilers"/>
    <property name="skip.bower" value="true"/>
    <property name="maven.repo.local" value="/root/./workspace/atomix/atomix/390270568/.m2"/>
    <property name="os.version" value="3.10.0-862.3.2.el7.x86_64"/>
    <property name="user.home" value="/root"/>
    <property name="user.timezone" value="Europe/Paris"/>
    <property name="java.awt.printerjob" value="sun.print.PSPrinterJob"/>
    <property name="java.specification.version" value="1.8"/>
    <property name="file.encoding" value="UTF-8"/>
    <property name="user.name" value="root"/>
    <property name="java.class.path" value="/usr/share/maven/boot/plexus-classworlds-2.5.2.jar"/>
    <property name="skipITs" value="true"/>
    <property name="java.vm.specification.version" value="1.8"/>
    <property name="sun.arch.data.model" value="64"/>
    <property name="java.home" value="/usr/lib/jvm/java-8-openjdk-amd64/jre"/>
    <property name="sun.java.command" value="org.codehaus.plexus.classworlds.launcher.Launcher -B -D enforcer.skip=true -D dependency-check.skip=true -D skipITs=true -D cobertura.skip=true -D maven.repo.local=/root/./workspace/atomix/atomix/390270568/.m2 -D rat.skip=true -D findbugs.skip=true -D skip.bower=true -D gpg.skip=true -D checkstyle.skip=true -D skip.gulp=true -D license.skip=true -D skip.npm=true test"/>
    <property name="java.specification.vendor" value="Oracle Corporation"/>
    <property name="user.language" value="en"/>
    <property name="awt.toolkit" value="sun.awt.X11.XToolkit"/>
    <property name="dependency-check.skip" value="true"/>
    <property name="java.vm.info" value="mixed mode"/>
    <property name="java.version" value="1.8.0_121"/>
    <property name="java.ext.dirs" value="/usr/lib/jvm/java-8-openjdk-amd64/jre/lib/ext:/usr/java/packages/lib/ext"/>
    <property name="securerandom.source" value="file:/dev/./urandom"/>
    <property name="sun.boot.class.path" value="/usr/lib/jvm/java-8-openjdk-amd64/jre/lib/resources.jar:/usr/lib/jvm/java-8-openjdk-amd64/jre/lib/rt.jar:/usr/lib/jvm/java-8-openjdk-amd64/jre/lib/sunrsasign.jar:/usr/lib/jvm/java-8-openjdk-amd64/jre/lib/jsse.jar:/usr/lib/jvm/java-8-openjdk-amd64/jre/lib/jce.jar:/usr/lib/jvm/java-8-openjdk-amd64/jre/lib/charsets.jar:/usr/lib/jvm/java-8-openjdk-amd64/jre/lib/jfr.jar:/usr/lib/jvm/java-8-openjdk-amd64/jre/classes"/>
    <property name="java.vendor" value="Oracle Corporation"/>
    <property name="enforcer.skip" value="true"/>
    <property name="rat.skip" value="true"/>
    <property name="maven.home" value="/usr/share/maven"/>
    <property name="file.separator" value="/"/>
    <property name="java.vendor.url.bug" value="http://bugreport.sun.com/bugreport/"/>
    <property name="sun.cpu.endian" value="little"/>
    <property name="sun.io.unicode.encoding" value="UnicodeLittle"/>
    <property name="sun.cpu.isalist" value=""/>
  </properties>
  <testcase name="testFourNodeSequentialEvent" classname="io.atomix.protocols.raft.RaftTest" time="4.706"/>
  <testcase name="testCrashRecover" classname="io.atomix.protocols.raft.RaftTest" time="47.807"/>
  <testcase name="testSequenceBoundedLinearizableOperations" classname="io.atomix.protocols.raft.RaftTest" time="3.659"/>
  <testcase name="testThreeOfFourNodeSubmitCommand" classname="io.atomix.protocols.raft.RaftTest" time="3.258"/>
  <testcase name="testFourNodeSubmitQueryWithLinearizableConsistency" classname="io.atomix.protocols.raft.RaftTest" time="4.059"/>
  <testcase name="testOneNodeEvents" classname="io.atomix.protocols.raft.RaftTest" time="2.217"/>
  <testcase name="testThreeNodesManyEventsAfterLeaderShutdown" classname="io.atomix.protocols.raft.RaftTest" time="6.06"/>
  <testcase name="testClientKeepAlive" classname="io.atomix.protocols.raft.RaftTest" time="12.633"/>
  <testcase name="testFiveNodeManySessionsManyEvents" classname="io.atomix.protocols.raft.RaftTest" time="5.1"/>
  <testcase name="testFourNodeEvents" classname="io.atomix.protocols.raft.RaftTest" time="3.726"/>
  <testcase name="testPassiveJoinEvent" classname="io.atomix.protocols.raft.RaftTest" time="3.878"/>
  <testcase name="testSessionMetadata" classname="io.atomix.protocols.raft.RaftTest" time="2.586"/>
  <testcase name="testFiveNodeSequentialEvent" classname="io.atomix.protocols.raft.RaftTest" time="3.226"/>
  <testcase name="testServerLeave" classname="io.atomix.protocols.raft.RaftTest" time="2.271"/>
  <testcase name="testOneNodeSubmitQueryWithSequentialConsistency" classname="io.atomix.protocols.raft.RaftTest" time="1.707"/>
  <testcase name="testFourNodeSubmitQueryWithSequentialConsistency" classname="io.atomix.protocols.raft.RaftTest" time="3.575"/>
  <testcase name="testBlockOnEvent" classname="io.atomix.protocols.raft.RaftTest" time="2.499"/>
  <testcase name="testDemoteLeader" classname="io.atomix.protocols.raft.RaftTest" time="4.115"/>
  <testcase name="testTwoOfThreeNodeSubmitCommand" classname="io.atomix.protocols.raft.RaftTest" time="2.098"/>
  <testcase name="testOneNodeCloseEvent" classname="io.atomix.protocols.raft.RaftTest" time="2.19"/>
  <testcase name="testOneNodeSequentialEvent" classname="io.atomix.protocols.raft.RaftTest" time="1.858"/>
  <testcase name="testThreeNodeSubmitCommand" classname="io.atomix.protocols.raft.RaftTest" time="3.501"/>
  <testcase name="testActiveJoinLate" classname="io.atomix.protocols.raft.RaftTest" time="20.221"/>
  <testcase name="testThreeNodeSubmitQueryWithSequentialConsistency" classname="io.atomix.protocols.raft.RaftTest" time="2.686"/>
  <testcase name="testFiveNodeSubmitQueryWithBoundedLinearizableConsistency" classname="io.atomix.protocols.raft.RaftTest" time="4.178"/>
  <testcase name="testTwoNodeSubmitQueryWithBoundedLinearizableConsistency" classname="io.atomix.protocols.raft.RaftTest" time="4.152"/>
  <testcase name="testThreeOfFiveNodeSubmitCommand" classname="io.atomix.protocols.raft.RaftTest" time="4.034"/>
  <testcase name="testTwoNodeSubmitQueryWithSequentialConsistency" classname="io.atomix.protocols.raft.RaftTest" time="3.93"/>
  <testcase name="testActiveJoinEvent" classname="io.atomix.protocols.raft.RaftTest" time="5.071"/>
  <testcase name="testOneNodeSubmitCommand" classname="io.atomix.protocols.raft.RaftTest" time="2.264"/>
  <testcase name="testFourNodeSubmitCommand" classname="io.atomix.protocols.raft.RaftTest" time="3.975"/>
  <testcase name="testTwoNodeSequentialEvent" classname="io.atomix.protocols.raft.RaftTest" time="2.315"/>
  <testcase name="testThreeNodeCloseEvent" classname="io.atomix.protocols.raft.RaftTest" time="3.517"/>
  <testcase name="testFourNodeSubmitQueryWithBoundedLinearizableConsistency" classname="io.atomix.protocols.raft.RaftTest" time="3.509"/>
  <testcase name="testFiveNodeSubmitQueryWithLinearizableConsistency" classname="io.atomix.protocols.raft.RaftTest" time="3.614"/>
  <testcase name="testSequenceSequentialOperations" classname="io.atomix.protocols.raft.RaftTest" time="4.92"/>
  <testcase name="testSingleMemberStart" classname="io.atomix.protocols.raft.RaftTest" time="3.905"/>
  <testcase name="testThreeNodeEvents" classname="io.atomix.protocols.raft.RaftTest" time="2.901"/>
  <testcase name="testSequenceLinearizableOperations" classname="io.atomix.protocols.raft.RaftTest" time="4.084"/>
  <testcase name="testThreeNodeSubmitQueryWithLinearizableConsistency" classname="io.atomix.protocols.raft.RaftTest" time="2.588"/>
  <testcase name="testFiveNodeManyEvents" classname="io.atomix.protocols.raft.RaftTest" time="3.735"/>
  <testcase name="testOneNodeSubmitQueryWithBoundedLinearizableConsistency" classname="io.atomix.protocols.raft.RaftTest" time="1.553"/>
  <testcase name="testFiveNodeExpireEvent" classname="io.atomix.protocols.raft.RaftTest" time="10.602"/>
  <testcase name="testFiveNodeSubmitQueryWithSequentialConsistency" classname="io.atomix.protocols.raft.RaftTest" time="3.992"/>
  <testcase name="testTransferLeadership" classname="io.atomix.protocols.raft.RaftTest" time="3.993">
    <skipped/>
  </testcase>
  <testcase name="testTwoNodeSubmitQueryWithLinearizableConsistency" classname="io.atomix.protocols.raft.RaftTest" time="2.227"/>
  <testcase name="testThreeNodeSequentialEvent" classname="io.atomix.protocols.raft.RaftTest" time="2.917"/>
  <testcase name="testTwoNodeEvents" classname="io.atomix.protocols.raft.RaftTest" time="2.782"/>
  <testcase name="testActiveJoin" classname="io.atomix.protocols.raft.RaftTest" time="2.928"/>
  <testcase name="testPassiveJoinLate" classname="io.atomix.protocols.raft.RaftTest" time="23.876"/>
  <testcase name="testPassiveJoin" classname="io.atomix.protocols.raft.RaftTest" time="3.194"/>
  <testcase name="testFiveNodesManyEventsAfterLeaderShutdown" classname="io.atomix.protocols.raft.RaftTest" time="7.801"/>
  <testcase name="testFiveNodeSubmitCommand" classname="io.atomix.protocols.raft.RaftTest" time="3.783"/>
  <testcase name="testOneNodeExpireEvent" classname="io.atomix.protocols.raft.RaftTest" time="9.759"/>
  <testcase name="testFiveNodesEventsAfterLeaderKill" classname="io.atomix.protocols.raft.RaftTest" time="8.991"/>
  <testcase name="testTwoNodeSubmitCommand" classname="io.atomix.protocols.raft.RaftTest" time="2.442"/>
  <testcase name="testThreeNodeExpireEvent" classname="io.atomix.protocols.raft.RaftTest" time="11.382"/>
  <testcase name="testResize" classname="io.atomix.protocols.raft.RaftTest" time="4.099"/>
  <testcase name="testFiveNodeCloseEvent" classname="io.atomix.protocols.raft.RaftTest" time="6.529"/>
  <testcase name="testOneNodeSubmitQueryWithLinearizableConsistency" classname="io.atomix.protocols.raft.RaftTest" time="2.363"/>
  <testcase name="testThreeNodeSubmitQueryWithBoundedLinearizableConsistency" classname="io.atomix.protocols.raft.RaftTest" time="4.35"/>
  <testcase name="testLeaderLeave" classname="io.atomix.protocols.raft.RaftTest" time="3.873"/>
  <testcase name="testFiveNodesEventsAfterFollowerKill" classname="io.atomix.protocols.raft.RaftTest" time="6.671"/>
  <testcase name="testThreeNodesEventsAfterFollowerKill" classname="io.atomix.protocols.raft.RaftTest" time="5.307"/>
  <testcase name="testFiveNodeEvents" classname="io.atomix.protocols.raft.RaftTest" time="3.422"/>
</testsuite>